{
  "action": "completed",
  "workflow_run": {
    "id": 506,
    "name": "CI Pipeline",
    "head_branch": "main",
    "head_sha": "d707d75365745bdeb7ec123053a065f6f887e9af",
    "status": "completed",
    "conclusion": "failure",
    "run_started_at": "2025-11-30T11:38:48.370583Z",
    "updated_at": "2025-11-30T11:41:08.131494Z"
  },
  "repository": {
    "full_name": "acme-corp/api-service",
    "name": "api-service"
  },
  "sender": {
    "login": "diana"
  },
  "_safeops_extended": {
    "raw_logs": "=== Step: checkout ===\nCache hit for key-5241\n  PASS: test_db_connect (182ms)\nCompiling src/app.ts...\nStep 6/10: Building\n\u26a0 DEPRECATION: Feature will be removed in v2.0\nCompiling src/handler.rs...\nInstalling prettier@1.9.0\n[11:38:48] INFO: Processing request\n[11:38:48] INFO: Processing request\n\u2713 test completed\nCompiling src/index.js...\n  PASS: test_auth_login (337ms)\nInstalling jest@3.9.0\n\u2713 build completed\nFAILED: test_auth_login\nCompiling src/app.ts...\nStep 9/10: Building\n\u2713 lint completed\nInstalling express@3.11.0\n\u2713 test completed\n  PASS: test_db_connect (265ms)\nStep 4/10: Building\nInstalling jest@4.9.0\nStep 1/10: Building\nCompiling src/service.java...\nInstalling react@5.6.0\n[11:38:48] ERROR: Connection failed\nCompiling src/app.ts...\n\u2713 test completed\n\u2713 test completed\nArtifact uploaded: build.tar.gz (34MB)\nCache hit for key-2314\nInstalling axios@1.3.0\n[11:38:48] ERROR: Connection failed\nCache hit for key-1276\nArtifact uploaded: build.tar.gz (26MB)\nArtifact uploaded: build.tar.gz (19MB)\nArtifact uploaded: build.tar.gz (7MB)\nStep 3/10: Building\nCache hit for key-6849\nCache hit for key-8061\nCache hit for key-1711\nStep 5/10: Building\n  PASS: test_db_connect (207ms)\nInstalling prettier@2.5.0\n\u2713 lint completed\nCache hit for key-5243\nCompiling src/index.js...\nInstalling prettier@3.1.0\n[11:38:48] INFO: Processing request\n  PASS: test_auth_login (364ms)\nCache hit for key-1265\n\u2713 lint completed\n[11:38:48] WARN: Deprecated API usage\n[11:38:48] INFO: Processing request\nArtifact uploaded: build.tar.gz (6MB)\nInstalling jest@2.7.0\nStep 4/10: Building\nArtifact uploaded: build.tar.gz (33MB)\nArtifact uploaded: build.tar.gz (28MB)\nInstalling eslint@3.8.0\nStep 4/10: Building\n\u26a0 DEPRECATION: Feature will be removed in v2.0\nStep 3/10: Building\n\u2713 test completed\nArtifact uploaded: build.tar.gz (24MB)\nCompiling src/service.java...\n\u2717 build failed with exit code 22\nStep 1/10: Building\n[11:38:48] INFO: Processing request\nInstalling jest@5.5.0\n  PASS: test_auth_login (42ms)\n[11:38:48] INFO: Processing request\nArtifact uploaded: build.tar.gz (24MB)\nCache hit for key-5578\n\u2713 test completed\nCompiling src/utils.go...\nCompiling src/service.java...\n[11:38:48] WARN: Deprecated API usage\nCompiling src/app.ts...\nArtifact uploaded: build.tar.gz (47MB)\n=== Step checkout completed ===\n=== Step: setup_environment ===\n[11:38:48] INFO: Processing request\nArtifact uploaded: build.tar.gz (20MB)\n\u2713 lint completed\nInstalling lodash@3.20.0\nCompiling src/utils.go...\nCache hit for key-8789\nCache hit for key-1632\nCache hit for key-6591\nArtifact uploaded: build.tar.gz (8MB)\n  PASS: test_auth_login (484ms)\n  PASS: test_user_create (110ms)\n[11:38:48] INFO: Processing request\n\u26a0 DEPRECATION: Feature will be removed in v5.0\n  PASS: test_api_health (309ms)\n[11:38:48] INFO: Processing request\nArtifact uploaded: build.tar.gz (3MB)\nCompiling src/main.py...\nCompiling src/app.ts...\n  PASS: test_auth_login (72ms)\n\u2713 lint completed\nCache hit for key-8823\nWARNING: webpack has known vulnerabilities\nInstalling prettier@1.14.0\nInstalling prettier@5.19.0\n[11:38:48] INFO: Processing request\nArtifact uploaded: build.tar.gz (49MB)\n\u2713 lint completed\n\u2713 build completed\nWARNING: react has known vulnerabilities\nCompiling src/utils.go...\n  PASS: test_cache_hit (224ms)\n\u2713 build completed\nWARNING: express has known vulnerabilities\nCache hit for key-1169\n\u2713 lint completed\n[11:38:48] INFO: Processing request\nInstalling react@4.1.0\nCache hit for key-1386\n  PASS: test_db_connect (29ms)\nInstalling lodash@5.6.0\nArtifact uploaded: build.tar.gz (25MB)\nStep 2/10: Building\n[11:38:48] INFO: Processing request\n[11:38:48] INFO: Processing request\nInstalling express@1.4.0\nCache hit for key-5806\nArtifact uploaded: build.tar.gz (24MB)\nStep 2/10: Building\nArtifact uploaded: build.tar.gz (18MB)\nStep 2/10: Building\nStep 6/10: Building\n\u2713 test completed\nCache hit for key-5462\nCompiling src/app.ts...\nArtifact uploaded: build.tar.gz (23MB)\n[11:38:48] INFO: Processing request\nArtifact uploaded: build.tar.gz (21MB)\nStep 5/10: Building\nArtifact uploaded: build.tar.gz (48MB)\n  PASS: test_api_health (359ms)\n  PASS: test_user_create (85ms)\n  PASS: test_user_create (146ms)\n\u2713 lint completed\nArtifact uploaded: build.tar.gz (26MB)\n[11:38:48] INFO: Processing request\n  PASS: test_cache_hit (54ms)\nCompiling src/service.java...\nCompiling src/main.py...\nCache hit for key-3944\nInstalling axios@4.16.0\nInstalling axios@2.11.0\n  PASS: test_api_health (283ms)\nArtifact uploaded: build.tar.gz (35MB)\nCache hit for key-1432\nCache hit for key-5189\nArtifact uploaded: build.tar.gz (2MB)\nArtifact uploaded: build.tar.gz (12MB)\n[11:38:48] INFO: Processing request\nCache hit for key-4653\nFAILED: test_user_create\nInstalling react@4.4.0\n=== Step setup_environment completed ===\n=== Step: install_dependencies ===\nCache hit for key-4785\n\u2713 lint completed\n[11:38:48] WARN: Deprecated API usage\nArtifact uploaded: build.tar.gz (27MB)\nCompiling src/app.ts...\n\u2713 test completed\nStep 4/10: Building\nCompiling src/handler.rs...\nArtifact uploaded: build.tar.gz (33MB)\n[11:38:48] INFO: Processing request\n  PASS: test_cache_hit (426ms)\nCache hit for key-7830\nCompiling src/service.java...\n\u2713 build completed\n\u2713 build completed\nWARNING: eslint has known vulnerabilities\n\u2713 lint completed\n\u2713 lint completed\n\u26a0 DEPRECATION: Feature will be removed in v3.0\n\u2713 lint completed\n[11:38:48] INFO: Processing request\n[11:38:48] INFO: Processing request\nCompiling src/utils.go...\nCache hit for key-5475\nArtifact uploaded: build.tar.gz (37MB)\n[11:38:48] INFO: Processing request\nCache hit for key-4372\n  PASS: test_auth_login (54ms)\nCache hit for key-8067\nStep 4/10: Building\n[11:38:48] WARN: Deprecated API usage\n  PASS: test_db_connect (180ms)\nCompiling src/main.py...\nInstalling jest@5.6.0\n\u2713 lint completed\n[11:38:48] WARN: Deprecated API usage\n[11:38:48] INFO: Processing request\n\u2713 build completed\n[11:38:48] WARN: Deprecated API usage\nStep 5/10: Building\nStep 7/10: Building\n\u2713 build completed\n[11:38:48] INFO: Processing request\n[11:38:48] WARN: Deprecated API usage\n\u2717 build failed with exit code 118\nStep 6/10: Building\nInstalling jest@3.6.0\nStep 2/10: Building\n  PASS: test_api_health (17ms)\nInstalling react@1.7.0\nArtifact uploaded: build.tar.gz (10MB)\nStep 2/10: Building\nArtifact uploaded: build.tar.gz (35MB)\n  PASS: test_user_create (433ms)\nInstalling eslint@3.2.0\n\u2713 build completed\nCache hit for key-2314\n\u2713 test completed\n\u2713 test completed\n\u2713 build completed\nArtifact uploaded: build.tar.gz (21MB)\n\u2713 lint completed\nArtifact uploaded: build.tar.gz (47MB)\nCache hit for key-2329\n\u2713 lint completed\n\u2713 build completed\nArtifact uploaded: build.tar.gz (26MB)\nStep 5/10: Building\n  PASS: test_db_connect (457ms)\nCache hit for key-3738\n[11:38:48] INFO: Processing request\nInstalling react@3.14.0\n\u2713 lint completed\nStep 4/10: Building\nCache hit for key-3867\nInstalling jest@1.18.0\nCache hit for key-2000\n  PASS: test_auth_login (252ms)\n\u26a0 DEPRECATION: Feature will be removed in v4.0\n  PASS: test_cache_hit (75ms)\nCompiling src/main.py...\n=== Step install_dependencies completed ===\n=== Step: run_tests ===\nInstalling jest@5.18.0\nCache hit for key-1974\nCompiling src/utils.go...\n[11:38:48] INFO: Processing request\nWARNING: jest has known vulnerabilities\nArtifact uploaded: build.tar.gz (32MB)\n\u2713 test completed\n\u26a0 DEPRECATION: Feature will be removed in v2.0\nInstalling webpack@3.10.0\n\u2713 test completed\n  PASS: test_auth_login (258ms)\n[11:38:48] INFO: Processing request\nInstalling express@1.11.0\n  PASS: test_db_connect (394ms)\nCompiling src/app.ts...\n\u2713 lint completed\nCache hit for key-4967\nCache hit for key-2259\nStep 1/10: Building\nCompiling src/utils.go...\n\u2713 build completed\nArtifact uploaded: build.tar.gz (31MB)\nWARNING: lodash has known vulnerabilities\n\u2713 build completed\nInstalling lodash@5.15.0\nStep 2/10: Building\n\u2713 lint completed\n  PASS: test_auth_login (15ms)\nCompiling src/service.java...\n\u2713 test completed\nStep 3/10: Building\nCache hit for key-6159\nCache hit for key-5644\nStep 5/10: Building\nCache hit for key-3270\nStep 9/10: Building\nCache hit for key-4947\nInstalling jest@3.16.0\nInstalling lodash@3.17.0\n\u2713 test completed\nCache hit for key-7767\nInstalling webpack@2.0.0\n  PASS: test_user_create (132ms)\nWARNING: eslint has known vulnerabilities\n[11:38:48] INFO: Processing request\nInstalling eslint@1.2.0\nCache hit for key-7500\nCompiling src/index.js...\nStep 10/10: Building\nCache hit for key-6791\nException: RuntimeError\nCompiling src/app.ts...\nCompiling src/index.js...\nCache hit for key-1310\nCache hit for key-6535\nCache hit for key-7231\nException: ValueError\nArtifact uploaded: build.tar.gz (43MB)\nCompiling src/index.js...\nInstalling webpack@1.4.0\n[11:38:48] INFO: Processing request\nArtifact uploaded: build.tar.gz (18MB)\n[11:38:48] INFO: Processing request\nInstalling jest@4.16.0\nCache hit for key-7414\nCompiling src/main.py...\n[11:38:48] INFO: Processing request\nWARNING: jest has known vulnerabilities\n  PASS: test_api_health (459ms)\nCache hit for key-8154\n\u2713 lint completed\nArtifact uploaded: build.tar.gz (40MB)\nCache hit for key-6522\n  PASS: test_user_create (465ms)\nStep 9/10: Building\nStep 1/10: Building\nInstalling prettier@2.8.0\nWARNING: eslint has known vulnerabilities\nStep 6/10: Building\nArtifact uploaded: build.tar.gz (27MB)\n[11:38:48] INFO: Processing request\n=== Step run_tests completed ===\n=== Step: build_artifact ===\n[11:38:48] INFO: Processing request\n[11:38:48] INFO: Processing request\n  PASS: test_cache_hit (55ms)\nCache hit for key-6046\n\u2713 build completed\nStep 2/10: Building\n  PASS: test_cache_hit (176ms)\nArtifact uploaded: build.tar.gz (31MB)\nCompiling src/handler.rs...\nArtifact uploaded: build.tar.gz (18MB)\n  PASS: test_auth_login (471ms)\n[11:38:48] INFO: Processing request\n[11:38:48] INFO: Processing request\n  PASS: test_db_connect (261ms)\nCache hit for key-7418\nArtifact uploaded: build.tar.gz (40MB)\n  PASS: test_db_connect (269ms)\nCache hit for key-6223\nWARNING: eslint has known vulnerabilities\n  PASS: test_cache_hit (91ms)\n[11:38:48] INFO: Processing request\nWARNING: axios has known vulnerabilities\nStep 2/10: Building\nInstalling lodash@5.15.0\nArtifact uploaded: build.tar.gz (34MB)\n[11:38:48] INFO: Processing request\nCache hit for key-9233\n  PASS: test_db_connect (144ms)\nStep 6/10: Building\n\u2713 lint completed\nStep 1/10: Building\n  PASS: test_db_connect (449ms)\n\u2713 lint completed\n  PASS: test_api_health (197ms)\nStep 3/10: Building\n[11:38:48] INFO: Processing request\n\u2713 test completed\nArtifact uploaded: build.tar.gz (3MB)\n  PASS: test_auth_login (97ms)\nArtifact uploaded: build.tar.gz (22MB)\n  PASS: test_user_create (305ms)\n\u2713 test completed\nInstalling react@4.0.0\nInstalling prettier@4.5.0\nCache hit for key-1923\n  PASS: test_cache_hit (168ms)\nArtifact uploaded: build.tar.gz (40MB)\nCache hit for key-4481\nCache hit for key-7176\nCompiling src/main.py...\n[11:38:48] INFO: Processing request\nCompiling src/service.java...\n\u2713 build completed\nCache hit for key-3061\n  PASS: test_auth_login (403ms)\nArtifact uploaded: build.tar.gz (16MB)\nArtifact uploaded: build.tar.gz (3MB)\nWARNING: react has known vulnerabilities\n  PASS: test_api_health (269ms)\n[11:38:48] ERROR: Connection failed\n[11:38:48] INFO: Processing request\n\u2713 test completed\nWARNING: axios has known vulnerabilities\n  PASS: test_user_create (178ms)\n[11:38:48] ERROR: Connection failed\n\u2713 lint completed\nCompiling src/service.java...\n\u2713 test completed\nArtifact uploaded: build.tar.gz (14MB)\nWARNING: express has known vulnerabilities\n[11:38:48] WARN: Deprecated API usage\nCache hit for key-2538\n[11:38:48] INFO: Processing request\nArtifact uploaded: build.tar.gz (4MB)\n[11:38:48] INFO: Processing request\nStep 4/10: Building\nInstalling lodash@1.19.0\nArtifact uploaded: build.tar.gz (46MB)\nInstalling react@3.16.0\n[11:38:48] INFO: Processing request\n[11:38:48] INFO: Processing request\n=== Step build_artifact completed ===\n=== Step: deploy ===\nStep 7/10: Building\n[11:38:48] INFO: Processing request\nCompiling src/main.py...\nArtifact uploaded: build.tar.gz (43MB)\n\u2713 lint completed\n[11:38:48] INFO: Processing request\n  PASS: test_auth_login (209ms)\nCompiling src/handler.rs...\n\u2713 build completed\nCompiling src/index.js...\nInstalling axios@5.6.0\nCompiling src/app.ts...\nStep 8/10: Building\nInstalling express@1.18.0\nStep 10/10: Building\nInstalling eslint@2.8.0\nInstalling eslint@4.13.0\n\u2713 test completed\nInstalling webpack@3.12.0\nArtifact uploaded: build.tar.gz (13MB)\nCache hit for key-3992\n\u26a0 DEPRECATION: Feature will be removed in v5.0\nStep 3/10: Building\n[11:38:48] INFO: Processing request\n\u2713 lint completed\nCompiling src/index.js...\n\u2713 test completed\n[11:38:48] INFO: Processing request\nStep 7/10: Building\nCompiling src/service.java...\nStep 4/10: Building\nException: ValueError\n[11:38:48] INFO: Processing request\nCompiling src/utils.go...\nArtifact uploaded: build.tar.gz (21MB)\n  PASS: test_user_create (264ms)\nWARNING: webpack has known vulnerabilities\n  PASS: test_user_create (302ms)\n\u2713 lint completed\n[11:38:48] INFO: Processing request\nStep 10/10: Building\nInstalling prettier@2.20.0\nStep 2/10: Building\n[11:38:48] INFO: Processing request\n  PASS: test_api_health (326ms)\nCache hit for key-1632\nArtifact uploaded: build.tar.gz (29MB)\n\u26a0 DEPRECATION: Feature will be removed in v5.0\nCompiling src/handler.rs...\n[11:38:48] INFO: Processing request\n  PASS: test_db_connect (481ms)\nWARNING: lodash has known vulnerabilities\n\u26a0 DEPRECATION: Feature will be removed in v4.0\nCache hit for key-3310\nCache hit for key-1522\nCache hit for key-1703\nCache hit for key-6290\nInstalling webpack@3.14.0\nCache hit for key-1846\nInstalling express@2.7.0\n[11:38:48] ERROR: Connection failed\nStep 4/10: Building\n\u2713 build completed\nCache hit for key-8589\nFAILED: test_user_create\n  PASS: test_api_health (146ms)\n  PASS: test_db_connect (289ms)\n\u2713 lint completed\nStep 5/10: Building\nCache hit for key-5281\n[11:38:48] INFO: Processing request\nCompiling src/main.py...\nCache hit for key-4041\n[11:38:48] INFO: Processing request\nInstalling prettier@2.15.0\n\u26a0 DEPRECATION: Feature will be removed in v4.0\n\u26a0 DEPRECATION: Feature will be removed in v4.0\nWARNING: prettier has known vulnerabilities\n[11:38:48] INFO: Processing request\nWARNING: lodash has known vulnerabilities\nInstalling react@3.20.0\n=== Step deploy completed ===",
    "steps": [
      {
        "name": "checkout",
        "status": "success",
        "started_at": "2025-11-30T11:38:48.370583",
        "finished_at": "2025-11-30T11:38:55.358629",
        "log_lines": [
          "=== Step: checkout ===",
          "Cache hit for key-5241",
          "  PASS: test_db_connect (182ms)",
          "Compiling src/app.ts...",
          "Step 6/10: Building",
          "\u26a0 DEPRECATION: Feature will be removed in v2.0",
          "Compiling src/handler.rs...",
          "Installing prettier@1.9.0",
          "[11:38:48] INFO: Processing request",
          "[11:38:48] INFO: Processing request",
          "\u2713 test completed",
          "Compiling src/index.js...",
          "  PASS: test_auth_login (337ms)",
          "Installing jest@3.9.0",
          "\u2713 build completed",
          "FAILED: test_auth_login",
          "Compiling src/app.ts...",
          "Step 9/10: Building",
          "\u2713 lint completed",
          "Installing express@3.11.0",
          "\u2713 test completed",
          "  PASS: test_db_connect (265ms)",
          "Step 4/10: Building",
          "Installing jest@4.9.0",
          "Step 1/10: Building",
          "Compiling src/service.java...",
          "Installing react@5.6.0",
          "[11:38:48] ERROR: Connection failed",
          "Compiling src/app.ts...",
          "\u2713 test completed",
          "\u2713 test completed",
          "Artifact uploaded: build.tar.gz (34MB)",
          "Cache hit for key-2314",
          "Installing axios@1.3.0",
          "[11:38:48] ERROR: Connection failed",
          "Cache hit for key-1276",
          "Artifact uploaded: build.tar.gz (26MB)",
          "Artifact uploaded: build.tar.gz (19MB)",
          "Artifact uploaded: build.tar.gz (7MB)",
          "Step 3/10: Building",
          "Cache hit for key-6849",
          "Cache hit for key-8061",
          "Cache hit for key-1711",
          "Step 5/10: Building",
          "  PASS: test_db_connect (207ms)",
          "Installing prettier@2.5.0",
          "\u2713 lint completed",
          "Cache hit for key-5243",
          "Compiling src/index.js...",
          "Installing prettier@3.1.0",
          "[11:38:48] INFO: Processing request",
          "  PASS: test_auth_login (364ms)",
          "Cache hit for key-1265",
          "\u2713 lint completed",
          "[11:38:48] WARN: Deprecated API usage",
          "[11:38:48] INFO: Processing request",
          "Artifact uploaded: build.tar.gz (6MB)",
          "Installing jest@2.7.0",
          "Step 4/10: Building",
          "Artifact uploaded: build.tar.gz (33MB)",
          "Artifact uploaded: build.tar.gz (28MB)",
          "Installing eslint@3.8.0",
          "Step 4/10: Building",
          "\u26a0 DEPRECATION: Feature will be removed in v2.0",
          "Step 3/10: Building",
          "\u2713 test completed",
          "Artifact uploaded: build.tar.gz (24MB)",
          "Compiling src/service.java...",
          "\u2717 build failed with exit code 22",
          "Step 1/10: Building",
          "[11:38:48] INFO: Processing request",
          "Installing jest@5.5.0",
          "  PASS: test_auth_login (42ms)",
          "[11:38:48] INFO: Processing request",
          "Artifact uploaded: build.tar.gz (24MB)",
          "Cache hit for key-5578",
          "\u2713 test completed",
          "Compiling src/utils.go...",
          "Compiling src/service.java...",
          "[11:38:48] WARN: Deprecated API usage",
          "Compiling src/app.ts...",
          "Artifact uploaded: build.tar.gz (47MB)",
          "=== Step checkout completed ==="
        ]
      },
      {
        "name": "setup_environment",
        "status": "success",
        "started_at": "2025-11-30T11:38:55.358629",
        "finished_at": "2025-11-30T11:39:09.334720",
        "log_lines": [
          "=== Step: setup_environment ===",
          "[11:38:48] INFO: Processing request",
          "Artifact uploaded: build.tar.gz (20MB)",
          "\u2713 lint completed",
          "Installing lodash@3.20.0",
          "Compiling src/utils.go...",
          "Cache hit for key-8789",
          "Cache hit for key-1632",
          "Cache hit for key-6591",
          "Artifact uploaded: build.tar.gz (8MB)",
          "  PASS: test_auth_login (484ms)",
          "  PASS: test_user_create (110ms)",
          "[11:38:48] INFO: Processing request",
          "\u26a0 DEPRECATION: Feature will be removed in v5.0",
          "  PASS: test_api_health (309ms)",
          "[11:38:48] INFO: Processing request",
          "Artifact uploaded: build.tar.gz (3MB)",
          "Compiling src/main.py...",
          "Compiling src/app.ts...",
          "  PASS: test_auth_login (72ms)",
          "\u2713 lint completed",
          "Cache hit for key-8823",
          "WARNING: webpack has known vulnerabilities",
          "Installing prettier@1.14.0",
          "Installing prettier@5.19.0",
          "[11:38:48] INFO: Processing request",
          "Artifact uploaded: build.tar.gz (49MB)",
          "\u2713 lint completed",
          "\u2713 build completed",
          "WARNING: react has known vulnerabilities",
          "Compiling src/utils.go...",
          "  PASS: test_cache_hit (224ms)",
          "\u2713 build completed",
          "WARNING: express has known vulnerabilities",
          "Cache hit for key-1169",
          "\u2713 lint completed",
          "[11:38:48] INFO: Processing request",
          "Installing react@4.1.0",
          "Cache hit for key-1386",
          "  PASS: test_db_connect (29ms)",
          "Installing lodash@5.6.0",
          "Artifact uploaded: build.tar.gz (25MB)",
          "Step 2/10: Building",
          "[11:38:48] INFO: Processing request",
          "[11:38:48] INFO: Processing request",
          "Installing express@1.4.0",
          "Cache hit for key-5806",
          "Artifact uploaded: build.tar.gz (24MB)",
          "Step 2/10: Building",
          "Artifact uploaded: build.tar.gz (18MB)",
          "Step 2/10: Building",
          "Step 6/10: Building",
          "\u2713 test completed",
          "Cache hit for key-5462",
          "Compiling src/app.ts...",
          "Artifact uploaded: build.tar.gz (23MB)",
          "[11:38:48] INFO: Processing request",
          "Artifact uploaded: build.tar.gz (21MB)",
          "Step 5/10: Building",
          "Artifact uploaded: build.tar.gz (48MB)",
          "  PASS: test_api_health (359ms)",
          "  PASS: test_user_create (85ms)",
          "  PASS: test_user_create (146ms)",
          "\u2713 lint completed",
          "Artifact uploaded: build.tar.gz (26MB)",
          "[11:38:48] INFO: Processing request",
          "  PASS: test_cache_hit (54ms)",
          "Compiling src/service.java...",
          "Compiling src/main.py...",
          "Cache hit for key-3944",
          "Installing axios@4.16.0",
          "Installing axios@2.11.0",
          "  PASS: test_api_health (283ms)",
          "Artifact uploaded: build.tar.gz (35MB)",
          "Cache hit for key-1432",
          "Cache hit for key-5189",
          "Artifact uploaded: build.tar.gz (2MB)",
          "Artifact uploaded: build.tar.gz (12MB)",
          "[11:38:48] INFO: Processing request",
          "Cache hit for key-4653",
          "FAILED: test_user_create",
          "Installing react@4.4.0",
          "=== Step setup_environment completed ==="
        ]
      },
      {
        "name": "install_dependencies",
        "status": "success",
        "started_at": "2025-11-30T11:39:09.334720",
        "finished_at": "2025-11-30T11:39:37.286902",
        "log_lines": [
          "=== Step: install_dependencies ===",
          "Cache hit for key-4785",
          "\u2713 lint completed",
          "[11:38:48] WARN: Deprecated API usage",
          "Artifact uploaded: build.tar.gz (27MB)",
          "Compiling src/app.ts...",
          "\u2713 test completed",
          "Step 4/10: Building",
          "Compiling src/handler.rs...",
          "Artifact uploaded: build.tar.gz (33MB)",
          "[11:38:48] INFO: Processing request",
          "  PASS: test_cache_hit (426ms)",
          "Cache hit for key-7830",
          "Compiling src/service.java...",
          "\u2713 build completed",
          "\u2713 build completed",
          "WARNING: eslint has known vulnerabilities",
          "\u2713 lint completed",
          "\u2713 lint completed",
          "\u26a0 DEPRECATION: Feature will be removed in v3.0",
          "\u2713 lint completed",
          "[11:38:48] INFO: Processing request",
          "[11:38:48] INFO: Processing request",
          "Compiling src/utils.go...",
          "Cache hit for key-5475",
          "Artifact uploaded: build.tar.gz (37MB)",
          "[11:38:48] INFO: Processing request",
          "Cache hit for key-4372",
          "  PASS: test_auth_login (54ms)",
          "Cache hit for key-8067",
          "Step 4/10: Building",
          "[11:38:48] WARN: Deprecated API usage",
          "  PASS: test_db_connect (180ms)",
          "Compiling src/main.py...",
          "Installing jest@5.6.0",
          "\u2713 lint completed",
          "[11:38:48] WARN: Deprecated API usage",
          "[11:38:48] INFO: Processing request",
          "\u2713 build completed",
          "[11:38:48] WARN: Deprecated API usage",
          "Step 5/10: Building",
          "Step 7/10: Building",
          "\u2713 build completed",
          "[11:38:48] INFO: Processing request",
          "[11:38:48] WARN: Deprecated API usage",
          "\u2717 build failed with exit code 118",
          "Step 6/10: Building",
          "Installing jest@3.6.0",
          "Step 2/10: Building",
          "  PASS: test_api_health (17ms)",
          "Installing react@1.7.0",
          "Artifact uploaded: build.tar.gz (10MB)",
          "Step 2/10: Building",
          "Artifact uploaded: build.tar.gz (35MB)",
          "  PASS: test_user_create (433ms)",
          "Installing eslint@3.2.0",
          "\u2713 build completed",
          "Cache hit for key-2314",
          "\u2713 test completed",
          "\u2713 test completed",
          "\u2713 build completed",
          "Artifact uploaded: build.tar.gz (21MB)",
          "\u2713 lint completed",
          "Artifact uploaded: build.tar.gz (47MB)",
          "Cache hit for key-2329",
          "\u2713 lint completed",
          "\u2713 build completed",
          "Artifact uploaded: build.tar.gz (26MB)",
          "Step 5/10: Building",
          "  PASS: test_db_connect (457ms)",
          "Cache hit for key-3738",
          "[11:38:48] INFO: Processing request",
          "Installing react@3.14.0",
          "\u2713 lint completed",
          "Step 4/10: Building",
          "Cache hit for key-3867",
          "Installing jest@1.18.0",
          "Cache hit for key-2000",
          "  PASS: test_auth_login (252ms)",
          "\u26a0 DEPRECATION: Feature will be removed in v4.0",
          "  PASS: test_cache_hit (75ms)",
          "Compiling src/main.py...",
          "=== Step install_dependencies completed ==="
        ]
      },
      {
        "name": "run_tests",
        "status": "success",
        "started_at": "2025-11-30T11:39:37.286902",
        "finished_at": "2025-11-30T11:40:26.203221",
        "log_lines": [
          "=== Step: run_tests ===",
          "Installing jest@5.18.0",
          "Cache hit for key-1974",
          "Compiling src/utils.go...",
          "[11:38:48] INFO: Processing request",
          "WARNING: jest has known vulnerabilities",
          "Artifact uploaded: build.tar.gz (32MB)",
          "\u2713 test completed",
          "\u26a0 DEPRECATION: Feature will be removed in v2.0",
          "Installing webpack@3.10.0",
          "\u2713 test completed",
          "  PASS: test_auth_login (258ms)",
          "[11:38:48] INFO: Processing request",
          "Installing express@1.11.0",
          "  PASS: test_db_connect (394ms)",
          "Compiling src/app.ts...",
          "\u2713 lint completed",
          "Cache hit for key-4967",
          "Cache hit for key-2259",
          "Step 1/10: Building",
          "Compiling src/utils.go...",
          "\u2713 build completed",
          "Artifact uploaded: build.tar.gz (31MB)",
          "WARNING: lodash has known vulnerabilities",
          "\u2713 build completed",
          "Installing lodash@5.15.0",
          "Step 2/10: Building",
          "\u2713 lint completed",
          "  PASS: test_auth_login (15ms)",
          "Compiling src/service.java...",
          "\u2713 test completed",
          "Step 3/10: Building",
          "Cache hit for key-6159",
          "Cache hit for key-5644",
          "Step 5/10: Building",
          "Cache hit for key-3270",
          "Step 9/10: Building",
          "Cache hit for key-4947",
          "Installing jest@3.16.0",
          "Installing lodash@3.17.0",
          "\u2713 test completed",
          "Cache hit for key-7767",
          "Installing webpack@2.0.0",
          "  PASS: test_user_create (132ms)",
          "WARNING: eslint has known vulnerabilities",
          "[11:38:48] INFO: Processing request",
          "Installing eslint@1.2.0",
          "Cache hit for key-7500",
          "Compiling src/index.js...",
          "Step 10/10: Building",
          "Cache hit for key-6791",
          "Exception: RuntimeError",
          "Compiling src/app.ts...",
          "Compiling src/index.js...",
          "Cache hit for key-1310",
          "Cache hit for key-6535",
          "Cache hit for key-7231",
          "Exception: ValueError",
          "Artifact uploaded: build.tar.gz (43MB)",
          "Compiling src/index.js...",
          "Installing webpack@1.4.0",
          "[11:38:48] INFO: Processing request",
          "Artifact uploaded: build.tar.gz (18MB)",
          "[11:38:48] INFO: Processing request",
          "Installing jest@4.16.0",
          "Cache hit for key-7414",
          "Compiling src/main.py...",
          "[11:38:48] INFO: Processing request",
          "WARNING: jest has known vulnerabilities",
          "  PASS: test_api_health (459ms)",
          "Cache hit for key-8154",
          "\u2713 lint completed",
          "Artifact uploaded: build.tar.gz (40MB)",
          "Cache hit for key-6522",
          "  PASS: test_user_create (465ms)",
          "Step 9/10: Building",
          "Step 1/10: Building",
          "Installing prettier@2.8.0",
          "WARNING: eslint has known vulnerabilities",
          "Step 6/10: Building",
          "Artifact uploaded: build.tar.gz (27MB)",
          "[11:38:48] INFO: Processing request",
          "=== Step run_tests completed ==="
        ]
      },
      {
        "name": "build_artifact",
        "status": "success",
        "started_at": "2025-11-30T11:40:26.203221",
        "finished_at": "2025-11-30T11:40:54.155403",
        "log_lines": [
          "=== Step: build_artifact ===",
          "[11:38:48] INFO: Processing request",
          "[11:38:48] INFO: Processing request",
          "  PASS: test_cache_hit (55ms)",
          "Cache hit for key-6046",
          "\u2713 build completed",
          "Step 2/10: Building",
          "  PASS: test_cache_hit (176ms)",
          "Artifact uploaded: build.tar.gz (31MB)",
          "Compiling src/handler.rs...",
          "Artifact uploaded: build.tar.gz (18MB)",
          "  PASS: test_auth_login (471ms)",
          "[11:38:48] INFO: Processing request",
          "[11:38:48] INFO: Processing request",
          "  PASS: test_db_connect (261ms)",
          "Cache hit for key-7418",
          "Artifact uploaded: build.tar.gz (40MB)",
          "  PASS: test_db_connect (269ms)",
          "Cache hit for key-6223",
          "WARNING: eslint has known vulnerabilities",
          "  PASS: test_cache_hit (91ms)",
          "[11:38:48] INFO: Processing request",
          "WARNING: axios has known vulnerabilities",
          "Step 2/10: Building",
          "Installing lodash@5.15.0",
          "Artifact uploaded: build.tar.gz (34MB)",
          "[11:38:48] INFO: Processing request",
          "Cache hit for key-9233",
          "  PASS: test_db_connect (144ms)",
          "Step 6/10: Building",
          "\u2713 lint completed",
          "Step 1/10: Building",
          "  PASS: test_db_connect (449ms)",
          "\u2713 lint completed",
          "  PASS: test_api_health (197ms)",
          "Step 3/10: Building",
          "[11:38:48] INFO: Processing request",
          "\u2713 test completed",
          "Artifact uploaded: build.tar.gz (3MB)",
          "  PASS: test_auth_login (97ms)",
          "Artifact uploaded: build.tar.gz (22MB)",
          "  PASS: test_user_create (305ms)",
          "\u2713 test completed",
          "Installing react@4.0.0",
          "Installing prettier@4.5.0",
          "Cache hit for key-1923",
          "  PASS: test_cache_hit (168ms)",
          "Artifact uploaded: build.tar.gz (40MB)",
          "Cache hit for key-4481",
          "Cache hit for key-7176",
          "Compiling src/main.py...",
          "[11:38:48] INFO: Processing request",
          "Compiling src/service.java...",
          "\u2713 build completed",
          "Cache hit for key-3061",
          "  PASS: test_auth_login (403ms)",
          "Artifact uploaded: build.tar.gz (16MB)",
          "Artifact uploaded: build.tar.gz (3MB)",
          "WARNING: react has known vulnerabilities",
          "  PASS: test_api_health (269ms)",
          "[11:38:48] ERROR: Connection failed",
          "[11:38:48] INFO: Processing request",
          "\u2713 test completed",
          "WARNING: axios has known vulnerabilities",
          "  PASS: test_user_create (178ms)",
          "[11:38:48] ERROR: Connection failed",
          "\u2713 lint completed",
          "Compiling src/service.java...",
          "\u2713 test completed",
          "Artifact uploaded: build.tar.gz (14MB)",
          "WARNING: express has known vulnerabilities",
          "[11:38:48] WARN: Deprecated API usage",
          "Cache hit for key-2538",
          "[11:38:48] INFO: Processing request",
          "Artifact uploaded: build.tar.gz (4MB)",
          "[11:38:48] INFO: Processing request",
          "Step 4/10: Building",
          "Installing lodash@1.19.0",
          "Artifact uploaded: build.tar.gz (46MB)",
          "Installing react@3.16.0",
          "[11:38:48] INFO: Processing request",
          "[11:38:48] INFO: Processing request",
          "=== Step build_artifact completed ==="
        ]
      },
      {
        "name": "deploy",
        "status": "success",
        "started_at": "2025-11-30T11:40:54.155403",
        "finished_at": "2025-11-30T11:41:08.131494",
        "log_lines": [
          "=== Step: deploy ===",
          "Step 7/10: Building",
          "[11:38:48] INFO: Processing request",
          "Compiling src/main.py...",
          "Artifact uploaded: build.tar.gz (43MB)",
          "\u2713 lint completed",
          "[11:38:48] INFO: Processing request",
          "  PASS: test_auth_login (209ms)",
          "Compiling src/handler.rs...",
          "\u2713 build completed",
          "Compiling src/index.js...",
          "Installing axios@5.6.0",
          "Compiling src/app.ts...",
          "Step 8/10: Building",
          "Installing express@1.18.0",
          "Step 10/10: Building",
          "Installing eslint@2.8.0",
          "Installing eslint@4.13.0",
          "\u2713 test completed",
          "Installing webpack@3.12.0",
          "Artifact uploaded: build.tar.gz (13MB)",
          "Cache hit for key-3992",
          "\u26a0 DEPRECATION: Feature will be removed in v5.0",
          "Step 3/10: Building",
          "[11:38:48] INFO: Processing request",
          "\u2713 lint completed",
          "Compiling src/index.js...",
          "\u2713 test completed",
          "[11:38:48] INFO: Processing request",
          "Step 7/10: Building",
          "Compiling src/service.java...",
          "Step 4/10: Building",
          "Exception: ValueError",
          "[11:38:48] INFO: Processing request",
          "Compiling src/utils.go...",
          "Artifact uploaded: build.tar.gz (21MB)",
          "  PASS: test_user_create (264ms)",
          "WARNING: webpack has known vulnerabilities",
          "  PASS: test_user_create (302ms)",
          "\u2713 lint completed",
          "[11:38:48] INFO: Processing request",
          "Step 10/10: Building",
          "Installing prettier@2.20.0",
          "Step 2/10: Building",
          "[11:38:48] INFO: Processing request",
          "  PASS: test_api_health (326ms)",
          "Cache hit for key-1632",
          "Artifact uploaded: build.tar.gz (29MB)",
          "\u26a0 DEPRECATION: Feature will be removed in v5.0",
          "Compiling src/handler.rs...",
          "[11:38:48] INFO: Processing request",
          "  PASS: test_db_connect (481ms)",
          "WARNING: lodash has known vulnerabilities",
          "\u26a0 DEPRECATION: Feature will be removed in v4.0",
          "Cache hit for key-3310",
          "Cache hit for key-1522",
          "Cache hit for key-1703",
          "Cache hit for key-6290",
          "Installing webpack@3.14.0",
          "Cache hit for key-1846",
          "Installing express@2.7.0",
          "[11:38:48] ERROR: Connection failed",
          "Step 4/10: Building",
          "\u2713 build completed",
          "Cache hit for key-8589",
          "FAILED: test_user_create",
          "  PASS: test_api_health (146ms)",
          "  PASS: test_db_connect (289ms)",
          "\u2713 lint completed",
          "Step 5/10: Building",
          "Cache hit for key-5281",
          "[11:38:48] INFO: Processing request",
          "Compiling src/main.py...",
          "Cache hit for key-4041",
          "[11:38:48] INFO: Processing request",
          "Installing prettier@2.15.0",
          "\u26a0 DEPRECATION: Feature will be removed in v4.0",
          "\u26a0 DEPRECATION: Feature will be removed in v4.0",
          "WARNING: prettier has known vulnerabilities",
          "[11:38:48] INFO: Processing request",
          "WARNING: lodash has known vulnerabilities",
          "Installing react@3.20.0",
          "=== Step deploy completed ==="
        ]
      }
    ],
    "label": "normal"
  }
}