{
  "action": "completed",
  "workflow_run": {
    "id": 446,
    "name": "CI Pipeline",
    "head_branch": "develop",
    "head_sha": "73a9822de27ef242ff7e5362aa882e4f2ebfd8fe",
    "status": "completed",
    "conclusion": "success",
    "run_started_at": "2025-11-25T12:51:22.131074Z",
    "updated_at": "2025-11-25T12:55:11.360005Z"
  },
  "repository": {
    "full_name": "acme-corp/api-service",
    "name": "api-service"
  },
  "sender": {
    "login": "alice"
  },
  "_safeops_extended": {
    "raw_logs": "=== Step: lint ===\nStep 9/16: Running migrations\nChecking out main branch\nWARNING: webpack has known vulnerabilities\nImage pulled successfully\nStep 12/23: Building\nCache invalidated: node_modules\n\u2713 deploy completed\nEnvironment: production\nImage pulled successfully\n[12:51:22] INFO: Connecting to database\nTest Suites: 20 passed, 47 total\nPOST /api - 202 (99ms)\nStep 3/20: Deploying\nChecking out master branch\n[12:51:22] INFO: Starting build process\nArtifact downloaded: 40MB\n[12:51:22] INFO: Connecting to database\nCompiling components/app.ts...\nSnapshots: 19 passed, 0 total\nBundling runtime.css\nnpm install: added 132 packages\n[12:51:22] INFO: Request completed\nnpm install: resolved 1644 packages\npip: Installing build dependencies...\nStep 6/21: Linting\nUploading artifact 'dist' (39 files)\nPushing to registry...\nReady.\n[12:51:22] DEBUG: Query executed in 88ms\nAlready up to date.\nCache saved successfully\n[12:51:22] WARN: Deprecated API usage\nCache restored successfully (226MB)\nStep 9/17: Testing\npip: Downloading eslint-3.7.tar.gz\nEnvironment: test\nnpm install: added 322 packages\n\u2713 All checks passed\nWARNING: eslint has known vulnerabilities\nStep 4/16: Installing dependencies\nCompleted.\n\u2713 Step 'install' succeeded\nMinifying vendor.js\nRan 170 tests in 28s\n[12:51:22] ERROR: Connection failed\nCompiling lib/service.java...\nBuilding Docker image...\nFetching submodules...\n[12:51:22] DEBUG: Connection pool: 10 active\nFAILED: test_db_connect\nCache saved successfully\n[12:51:22] WARN: Deprecated API usage\nDone.\nnpm install: resolved 292 packages\nyarn add: Done in 3.95s\nSuccess!\nCreating production build...\nPlatform: darwin-arm64\n[12:51:22] DEBUG: Query executed in 18ms\nFetching submodules...\nException: NullPointerException\nTest Suites: 37 passed, 31 total\nOK\nPushing to registry...\nGenerating source maps...\nCompiling utils/utils.go...\nAlready up to date.\nFinished.\n\u2713 Step 'setup' succeeded\nUploading artifact 'coverage' (17 files)\nEnvironment: staging\nnpm notice: created a lockfile\nPOST /upload - 201 (311ms)\nSwitched to branch 'bugfix/task-496'\nCache restored successfully (218MB)\nStep 14/17: Installing dependencies\n[12:51:22] DEBUG: Loading configuration\nEnvironment: development\n\u26a0 DEPRECATION: Feature will be removed in v4.0\nRan 27 tests in 56s\nTransforming 843 files...\nEnvironment: development\nSnapshots: 1 passed, 10 total\nSuccess!\nDone.\nWaiting...\nTest Suites: 39 passed, 45 total\nBuilding Docker image...\n[12:51:22] DEBUG: Initializing service\nStep 10/20: Deploying\nnpm notice: created a lockfile\nCompiling components/service.java...\nProcessing...\n[12:51:22] DEBUG: Connection pool: 8 active\nTransforming 391 files...\nSwitched to branch 'bugfix/task-206'\n[12:51:22] DEBUG: Query executed in 82ms\n\u2713 All checks passed\nSnapshots: 19 passed, 30 total\n[12:51:22] WARN: Deprecated API usage\n[12:51:22] INFO: Cache refreshed\n[12:51:22] WARN: Deprecated API usage\nWARNING: jest has known vulnerabilities\n  PASS: test_db_connect (264ms)\nStep 20/20: Testing\n[12:51:22] DEBUG: Loading configuration\nCache hit for key-7598\n\u2717 build failed with exit code 114\nUsing Python 3.12\n[12:51:22] DEBUG: Query executed in 30ms\nCache saved successfully\nWARNING: webpack has known vulnerabilities\nyarn add: Done in 26.73s\n  PASS: test_user_create (438ms)\n\u2713 Step 'install' succeeded\nStep 1/21: Building\nTime: 47.874s\n[12:51:22] DEBUG: Query executed in 65ms\n  PASS: test_db_connect (243ms)\nFetching from https://githubusercontent.com/package.json\nBundling styles.css\npip: Installing build dependencies...\nFetching submodules...\nPOST /data - 201 (494ms)\nCompiling components/service.java...\nLayer 9/15: RUN command\nUsing Node.js 19.1.4\n\u2713 All checks passed\nPushing to registry...\nRan 124 tests in 6s\nArtifact downloaded: 16MB\nFetching submodules...\nStep 9/23: Deploying\nCache restored successfully (460MB)\n[12:51:22] WARN: Deprecated API usage\nArtifact uploaded: build.tar.gz (36MB)\nCreating production build...\nFetching from https://pypi.org/package.json\n[12:51:22] ERROR: Connection failed\n[12:51:22] INFO: Starting build process\nStep 1/24: Testing\nFinished.\nPOST /data - 200 (411ms)\nUsing Python 3.11\nLayer 6/8: COPY command\n[12:51:22] DEBUG: Connection pool: 20 active\nBuilding Docker image...\nWARNING: react has known vulnerabilities\n\u26a0 DEPRECATION: Feature will be removed in v3.0\nProcessing...\nCoverage: 88% statements, 74% branches\n[12:51:22] INFO: Starting build process\nArtifact uploaded: build.tar.gz (13MB)\nWARNING: webpack has known vulnerabilities\n[12:51:22] WARN: Deprecated API usage\nNODE_ENV=production\nStep 1/18: Testing\nPlatform: darwin-arm64\nFetching from https://docker.io/package.json\n[12:51:22] DEBUG: Query executed in 88ms\npip: Downloading eslint-2.5.tar.gz\nCompiling src/utils.go...\nFetching from https://amazonaws.com/package.json\npip: Installing build dependencies...\n[12:51:22] WARN: Deprecated API usage\nnpm notice: package.json updated\n\u2717 build failed with exit code 54\nStep 15/21: Running migrations\nCache saved successfully\n\u2713 package completed\nRan 198 tests in 32s\nBundling vendor.css\nReady.\nStep 17/20: Testing\nBuilding Docker image...\nFetching from https://npmjs.org/package.json\nWaiting...\n  PASS: unit/test_db_connect.spec.js\nOK\nSuccess!\nTransforming 581 files...\nCompiling src/app.ts...\nImage pulled successfully\nInstalling lodash@2.14.1\nCache saved successfully\n[12:51:22] INFO: Processing request\nArtifact downloaded: 9MB\n[12:51:22] ERROR: Connection failed\nFetching from https://registry.npmjs.org/package.json\nFetching from https://githubusercontent.com/package.json\nEnvironment: test\nStep 19/19: Testing\nCompiling src/service.java...\n[12:51:22] DEBUG: Query executed in 61ms\nCache invalidated: node_modules\nCompiling components/app.ts...\nMinifying vendor.js\nArtifact uploaded: dist.zip (48MB)\n\u2717 build failed with exit code 106\nCreating production build...\nyarn add: Done in 29.20s\nPulling image: node:latest\npip: Downloading webpack-2.17.tar.gz\n\u2713 All checks passed\nCompiling lib/service.java...\nyarn add: Done in 20.44s\nOptimizing 74 modules...\n[12:51:22] INFO: Request completed\nTLS handshake completed\nMinifying app.js\nStep 16/18: Installing dependencies\npip: Downloading eslint-2.2.tar.gz\n  PASS: unit/test_cache_hit.spec.js\n  PASS: unit/test_cache_hit.spec.js\nCreating production build...\nCache miss for key-3086\nnpm install: resolved 400 packages\nMinifying app.js\nWARNING: jest has known vulnerabilities\npip install: Successfully installed lodash-2.7\nBuilding Docker image...\n[12:51:22] INFO: Cache refreshed\nVerifying...\n[12:51:22] INFO: Request completed\nFetching submodules...\nRan 31 tests in 9s\nPOST /upload - 201 (88ms)\nSwitched to branch 'feature/task-424'\nOptimizing 52 modules...\npip: Installing build dependencies...\nBundling vendor.js\nHEAD is now at 3b149a6\nCreating production build...\n[12:51:22] INFO: Cache refreshed\nDone.\n=== Step lint completed ===\n=== Step: deploy_production ===\npip: Collecting react\nLoading...\n\u26a0 DEPRECATION: Feature will be removed in v3.0\n[12:51:22] DEBUG: Connection pool: 1 active\nCache saved successfully\n\u26a0 DEPRECATION: Feature will be removed in v3.0\nOptimizing 97 modules...\nCompiling src/service.java...\nSnapshots: 23 passed, 24 total\nWaiting...\n[12:51:22] DEBUG: Connection pool: 11 active\nStep 11/18: Linting\nUsing Node.js 19.14.7\nPushing to registry...\n\u2717 build failed with exit code 23\npip: Installing build dependencies...\nTransforming 131 files...\nDone.\n\u2713 Step 'checkout' succeeded\nCompiling utils/utils.go...\nnpm notice: created a lockfile\nImage pulled successfully\n[12:51:22] DEBUG: Connection pool: 20 active\n\u2713 All checks passed\nRan 17 tests in 36s\nnpm install: resolved 733 packages\nnpm install: added 459 packages\nWARNING: express has known vulnerabilities\n[12:51:22] DEBUG: Loading configuration\nGenerating source maps...\nOK\nArtifact downloaded: 36MB\nArtifact uploaded: dist.zip (23MB)\nOptimizing 86 modules...\nArtifact uploaded: build.tar.gz (25MB)\nReady.\n\u2713 Task completed in 917ms\nSwitched to branch 'bugfix/task-635'\n[12:51:22] ERROR: Connection failed\n\u2713 Step 'checkout' succeeded\nHEAD is now at 4951c51\nCompleted.\n\u2713 Step 'test' succeeded\n[12:51:22] WARN: Deprecated API usage\nStep 5/15: Building\nStep 9/15: Linting\npip: Installing build dependencies...\n[12:51:22] INFO: Request completed\nPOST /data - 201 (188ms)\n  PASS: unit/test_user_create.spec.js\n  PASS: integration/test_auth_login.spec.js\nGET /api - 200 (64ms)\nTransforming 788 files...\nAlready up to date.\n[12:51:22] DEBUG: Initializing service\nCompiling src/service.java...\nCache hit for key-3362\nArtifact uploaded: build.tar.gz (19MB)\nUploading artifact 'dist' (20 files)\nGET /status - 200 (53ms)\nFAILED: test_user_create\nTransforming 114 files...\nSwitched to branch 'feature/task-336'\nCompiling lib/utils.go...\nStep 18/25: Linting\n\u2713 Task completed in 4041ms\nCoverage: 92% statements, 70% branches\nHEAD is now at d28807f\nCache miss for key-5882\nUploading artifact 'dist' (40 files)\nFetching from https://github.com/package.json\nCache saved successfully\nWARNING: webpack has known vulnerabilities\nnpm install: resolved 1215 packages\nFAILED: test_auth_login\n\u26a0 DEPRECATION: Feature will be removed in v5.0\nUsing Node.js 15.18.3\nNODE_ENV=production\nTransforming 784 files...\nLoading...\nImage pulled successfully\nStep 13/25: Testing\nStep 20/24: Testing\n[12:51:22] INFO: Processing request\nStep 12/24: Linting\nStep 5/23: Installing dependencies\n[12:51:22] DEBUG: Connection pool: 17 active\n[12:51:22] INFO: Cache refreshed\nCache invalidated: dependencies\nReady.\n\u2713 validate completed\nStep 4/23: Deploying\n[12:51:22] DEBUG: Loading configuration\nStep 14/15: Linting\n\u2713 validate completed\n[12:51:22] WARN: Deprecated API usage\nTime: 78.956s\nImage pulled successfully\nReady.\nnpm install: resolved 1206 packages\nWaiting...\nMinifying app.js\nnpm install: resolved 1670 packages\nBuilding Docker image...\nyarn add: Done in 11.27s\nWARNING: jest has known vulnerabilities\nMinifying main.js\nnpm install: resolved 156 packages\nImage pulled successfully\nStep 2/22: Deploying\nCoverage: 74% statements, 89% branches\n[12:51:22] INFO: Request completed\nStep 2/15: Installing dependencies\nEnvironment: test\nyarn add: Done in 27.15s\nLoading...\nHEAD is now at f3c6a5d\nnpm notice: package.json updated\n\u26a0 DEPRECATION: Feature will be removed in v5.0\n[12:51:22] INFO: Request completed\nProcessing...\n[12:51:22] DEBUG: Memory usage: 700MB\nnpm notice: created a lockfile\nChecking out main branch\nCreating production build...\nCompiling utils/service.java...\n[12:51:22] DEBUG: Loading configuration\n[12:51:22] INFO: Processing request\n[12:51:22] DEBUG: Query executed in 96ms\nGenerating source maps...\nCompiling utils/index.js...\nCompiling lib/service.java...\nNODE_ENV=test\nPulling image: node:latest\nHEAD is now at 107ed4f\npip install: Successfully installed eslint-2.11\npip: Collecting express\nCompiling utils/service.java...\n  PASS: test_api_health (134ms)\nCompiling utils/main.py...\nStep 5/20: Linting\n[12:51:22] WARN: Deprecated API usage\nImage pulled successfully\nPushing to registry...\nImage pulled successfully\nCoverage: 70% statements, 60% branches\nConnection established\n\u2717 build failed with exit code 35\n[12:51:22] WARN: Deprecated API usage\nStep 7/25: Deploying\nReady.\nProcessing...\n[12:51:22] WARN: Deprecated API usage\nCompiling lib/utils.go...\nBuilding Docker image...\nHEAD is now at 8255cb7\nUsing Python 3.9\nStep 18/17: Deploying\nTest Suites: 7 passed, 48 total\nTests: 251 passed, 270 total\nPlatform: linux-x64\nBuilding Docker image...\nPulling image: alpine:latest\npip install: Successfully installed webpack-5.5\nPOST /api - 202 (413ms)\n[12:51:22] INFO: Starting build process\nTime: 15.541s\nnpm install: resolved 972 packages\n[12:51:22] DEBUG: Loading configuration\nAlready up to date.\nCompiling utils/main.py...\nEnvironment: staging\nCompiling utils/service.java...\npip: Downloading axios-2.9.tar.gz\nUploading artifact 'dist' (31 files)\nStep 19/25: Linting\npip: Collecting jest\nHEAD is now at d94a21a\nEnvironment: staging\n[12:51:22] INFO: Processing request\nVerifying...\n[12:51:22] DEBUG: Loading configuration\nGenerating source maps...\npip: Collecting prettier\nLayer 8/9: RUN command\nSuccess!\nArtifact downloaded: 42MB\n\u2717 build failed with exit code 51\nStep 20/23: Testing\nUploading artifact 'build' (24 files)\nSwitched to branch 'feature/task-941'\n\u2713 Task completed in 4682ms\nGenerating source maps...\nMinifying vendor.js\nOptimizing 86 modules...\nAlready up to date.\n[12:51:22] DEBUG: Loading configuration\nTest Suites: 34 passed, 44 total\nConnection established\nStep 14/16: Building\n\u2713 Task completed in 2949ms\nGenerating source maps...\n[12:51:22] INFO: Connecting to database\nConnection established\nCompiling lib/index.js...\nTests: 416 passed, 405 total\nUsing Node.js 18.15.9\nArtifact downloaded: 28MB\n[12:51:22] DEBUG: Query executed in 71ms\nFinished.\nCache hit for key-4012\nRan 103 tests in 3s\nStep 19/15: Running migrations\nWARNING: axios has known vulnerabilities\nTLS handshake completed\nnpm notice: created a lockfile\nCache miss for key-8150\nCache invalidated: dependencies\nLayer 2/13: RUN command\npip install: Successfully installed axios-4.11\nCache hit for key-1178\nCompleted.\n  PASS: test_db_connect (213ms)\n[12:51:22] DEBUG: Memory usage: 975MB\nReady.\nOK\n\u2713 validate completed\nLayer 8/15: ENV command\nMinifying vendor.js\n[12:51:22] INFO: Starting build process\nPulling image: node:3.11\nnpm notice: package.json updated\n\u26a0 DEPRECATION: Feature will be removed in v4.0\n\u26a0 DEPRECATION: Feature will be removed in v4.0\npip: Collecting lodash\n=== Step deploy_production completed ===\n=== Step: e2e_tests ===\nStep 2/18: Testing\nStep 20/18: Linting\nSnapshots: 47 passed, 26 total\nPOST /data - 200 (379ms)\nPushing to registry...\nOptimizing 47 modules...\nBundling styles.css\nWARNING: jest has known vulnerabilities\nDone.\npip install: Successfully installed jest-3.16\nCompiling utils/main.py...\nTLS handshake completed\n[12:51:22] DEBUG: Initializing service\nFetching from https://npmjs.org/package.json\nTransforming 985 files...\nCompiling utils/service.java...\nnpm install: resolved 1831 packages\nnpm install: resolved 600 packages\nSnapshots: 36 passed, 39 total\npip: Downloading webpack-1.0.tar.gz\nUsing Python 3.12\nArtifact uploaded: build.tar.gz (15MB)\nImage pulled successfully\nProcessing...\nnpm notice: created a lockfile\n[12:51:22] WARN: Deprecated API usage\n  PASS: unit/test_db_connect.spec.js\nCompiling utils/app.ts...\nStep 5/18: Deploying\nReady.\nConnection established\n[12:51:22] WARN: Deprecated API usage\n[12:51:22] WARN: Deprecated API usage\nStep 18/21: Building\nNODE_ENV=test\n\u2713 Task completed in 483ms\nConnection established\nTime: 23.62s\npip install: Successfully installed jest-2.17\n\u26a0 DEPRECATION: Feature will be removed in v2.0\n\u2713 validate completed\nProcessing...\n[12:51:22] WARN: Deprecated API usage\nTest Suites: 26 passed, 30 total\nImage pulled successfully\nArtifact uploaded: dist.zip (94MB)\nOptimizing 17 modules...\nReady.\nTest Suites: 32 passed, 22 total\nMinifying main.js\nUsing Node.js 14.18.7\nFetching submodules...\nnpm install: added 202 packages\nWaiting...\nCompiling components/main.py...\nWARNING: lodash has known vulnerabilities\nStep 20/22: Linting\nStep 8/16: Testing\nRan 76 tests in 21s\nImage pulled successfully\n\u2713 All checks passed\n\u2713 Step 'setup' succeeded\nUsing Node.js 16.13.0\nBundling main.css\nUploading artifact 'build' (15 files)\nEnvironment: production\n[12:51:22] DEBUG: Connection pool: 9 active\nUploading artifact 'coverage' (28 files)\nWARNING: prettier has known vulnerabilities\nCache restored successfully (384MB)\nChecking out main branch\nLayer 10/13: COPY command\nRan 175 tests in 3s\npip: Downloading express-1.7.tar.gz\nTests: 466 passed, 486 total\nTransforming 642 files...\nPOST /data - 200 (305ms)\nAlready up to date.\n\u2713 validate completed\n[12:51:22] DEBUG: Connection pool: 8 active\n[12:51:22] WARN: Deprecated API usage\nCache restored successfully (245MB)\nOK\nTime: 97.329s\n[12:51:22] INFO: Connecting to database\nException: NullPointerException\nInstalling webpack@5.5.2\npip: Installing build dependencies...\nBundling runtime.js\nSuccess!\nLoading...\nLoading...\npip: Installing build dependencies...\nyarn add: Done in 6.69s\nGET /api - 204 (83ms)\nStep 3/25: Deploying\nFetching from https://pypi.org/package.json\nPulling image: node:18\n\u26a0 DEPRECATION: Feature will be removed in v4.0\nUsing Python 3.9\nOK\nLayer 6/10: COPY command\n\u2713 Step 'install' succeeded\nSuccess!\nFetching from https://registry.npmjs.org/package.json\nConnection established\nStep 2/24: Building\nnpm notice: package.json updated\nFinished.\npip: Installing build dependencies...\nPOST /upload - 200 (197ms)\nEnvironment: staging\n[12:51:22] DEBUG: Memory usage: 1679MB\nOK\nnpm notice: created a lockfile\nBundling vendor.css\nTransforming 347 files...\n[12:51:22] DEBUG: Query executed in 60ms\nUploading artifact 'coverage' (40 files)\nyarn add: Done in 7.95s\nStep 7/19: Linting\nUsing Node.js 18.15.9\nPushing to registry...\nVerifying...\n  PASS: integration/test_db_connect.spec.js\n[12:51:22] DEBUG: Initializing service\nCreating production build...\nPushing to registry...\n[12:51:22] INFO: Processing request\n[12:51:22] INFO: Processing request\nEnvironment: production\n\u2713 Task completed in 2899ms\nInstalling eslint@2.20.8\n[12:51:22] WARN: Deprecated API usage\nFetching from https://registry.npmjs.org/package.json\nWARNING: prettier has known vulnerabilities\nGenerating source maps...\nPulling image: python:18\nEnvironment: production\n[12:51:22] WARN: Deprecated API usage\nCompleted.\nCoverage: 90% statements, 82% branches\n[12:51:22] INFO: Processing request\nLoading...\n\u26a0 DEPRECATION: Feature will be removed in v3.0\nCreating production build...\nStep 19/21: Running migrations\nArtifact downloaded: 20MB\n[12:51:22] INFO: Connecting to database\nArtifact downloaded: 19MB\nOptimizing 47 modules...\nWaiting...\nGET /api - 200 (6ms)\n\u26a0 DEPRECATION: Feature will be removed in v3.0\nnpm notice: created a lockfile\n[12:51:22] DEBUG: Query executed in 93ms\n\u2713 package completed\nChecking out master branch\nNODE_ENV=test\n\u26a0 DEPRECATION: Feature will be removed in v2.0\n[12:51:22] DEBUG: Loading configuration\n[12:51:22] DEBUG: Connection pool: 9 active\nReady.\nSwitched to branch 'feature/task-492'\nnpm install: added 167 packages\nVerifying...\nnpm notice: created a lockfile\nTransforming 999 files...\nHEAD is now at 6ef708b\nCache restored successfully (168MB)\nnpm install: added 406 packages\nChecking out develop branch\nCreating production build...\nArtifact downloaded: 30MB\nException: RuntimeError\nSwitched to branch 'bugfix/task-664'\n[12:51:22] WARN: Deprecated API usage\n\u26a0 DEPRECATION: Feature will be removed in v4.0\nStep 18/20: Running migrations\n[12:51:22] DEBUG: Initializing service\nOptimizing 56 modules...\nEnvironment: test\nCache hit for key-6587\nSwitched to branch 'hotfix/task-159'\n[12:51:22] INFO: Cache refreshed\nnpm notice: package.json updated\nGET /api - 200 (99ms)\nCompiling lib/app.ts...\nNODE_ENV=test\n[12:51:22] DEBUG: Loading configuration\nSwitched to branch 'bugfix/task-577'\nHEAD is now at f1254b6\nnpm install: resolved 959 packages\n\u2713 All checks passed\nImage pulled successfully\n[12:51:22] DEBUG: Loading configuration\nEnvironment: production\nSuccess!\nCache restored successfully (324MB)\nWARNING: webpack has known vulnerabilities\n\u2717 build failed with exit code 59\nStep 17/23: Linting\nnpm install: added 367 packages\n[12:51:22] WARN: Deprecated API usage\nOK\n[12:51:22] DEBUG: Loading configuration\nHEAD is now at dd6953b\nCache miss for key-5513\nRan 88 tests in 45s\nStep 4/25: Running migrations\nCache restored successfully (138MB)\nStep 14/25: Installing dependencies\nUploading artifact 'coverage' (39 files)\nnpm install: added 268 packages\n[12:51:22] INFO: Connecting to database\nRan 168 tests in 31s\n\u2713 Task completed in 2582ms\nFAILED: test_db_connect\nArtifact uploaded: dist.zip (49MB)\nNODE_ENV=production\n[12:51:22] INFO: Starting build process\nCache invalidated: node_modules\n[12:51:22] INFO: Starting build process\n\u2713 Task completed in 2184ms\npip install: Successfully installed react-2.13\nSwitched to branch 'feature/task-600'\nGET /status - 201 (72ms)\nLayer 10/10: ENV command\nSwitched to branch 'bugfix/task-575'\nLoading...\nCache invalidated: build\n[12:51:22] WARN: Deprecated API usage\nStep 9/24: Building\nPOST /data - 201 (297ms)\n[12:51:22] INFO: Request completed\n=== Step e2e_tests completed ===\n=== Step: setup_node ===\n[12:51:22] DEBUG: Connection pool: 8 active\nReady.\nStep 20/24: Installing dependencies\nArtifact uploaded: dist.zip (31MB)\nCompiling components/service.java...\nSuccess!\nCreating production build...\nUsing Python 3.9\n[12:51:22] INFO: Cache refreshed\nCompiling lib/utils.go...\nTransforming 848 files...\nCoverage: 83% statements, 75% branches\n\u2713 Step 'checkout' succeeded\n\u2713 lint completed\nFinished.\nFetching from https://pypi.org/package.json\nNODE_ENV=development\n[12:51:22] INFO: Request completed\n[12:51:22] INFO: Starting build process\nProcessing...\nLoading...\nnpm notice: package.json updated\nFetching from https://github.com/package.json\nFinished.\nFetching from https://gcr.io/package.json\nProcessing...\n\u2713 Task completed in 2763ms\nyarn add: Done in 17.36s\nException: ValueError\n[12:51:22] DEBUG: Memory usage: 640MB\nHEAD is now at 5c4c348\nUploading artifact 'dist' (29 files)\nWARNING: react has known vulnerabilities\nSwitched to branch 'bugfix/task-586'\nCompiling utils/service.java...\n[12:51:22] WARN: Deprecated API usage\nTest Suites: 47 passed, 13 total\nStep 5/20: Installing dependencies\n[12:51:22] INFO: Cache refreshed\n\u2713 All checks passed\npip: Downloading eslint-1.19.tar.gz\nCache miss for key-2512\nStep 16/21: Linting\nVerifying...\nCoverage: 96% statements, 65% branches\n[12:51:22] WARN: Deprecated API usage\nOptimizing 18 modules...\nStep 19/15: Testing\nCompiling src/index.js...\n[12:51:22] WARN: Deprecated API usage\nConnection established\nyarn add: Done in 15.86s\nSnapshots: 13 passed, 40 total\nSuccess!\n[12:51:22] INFO: Connecting to database\nLoading...\nGET /health - 204 (67ms)\nCache invalidated: node_modules\n[12:51:22] INFO: Starting build process\nOptimizing 75 modules...\nSwitched to branch 'bugfix/task-887'\n\u2713 Step 'setup' succeeded\nPushing to registry...\n[12:51:22] DEBUG: Query executed in 49ms\nCreating production build...\n[12:51:22] INFO: Cache refreshed\n[12:51:22] DEBUG: Query executed in 78ms\n\u2713 lint completed\nFetching from https://npmjs.org/package.json\nStep 14/23: Linting\nCache restored successfully (430MB)\n[12:51:22] DEBUG: Memory usage: 1591MB\nCreating production build...\nAlready up to date.\nConnection established\nLoading...\nPlatform: linux-x64\nRan 114 tests in 52s\nTime: 57.976s\n[12:51:22] WARN: Deprecated API usage\nLoading...\n[12:51:22] INFO: Cache refreshed\nCache invalidated: node_modules\nOK\n\u2713 All checks passed\nStep 5/15: Running migrations\nImage pulled successfully\nSnapshots: 7 passed, 49 total\n\u2713 All checks passed\nFetching from https://github.com/package.json\nSwitched to branch 'bugfix/task-927'\nTime: 65.502s\n\u26a0 DEPRECATION: Feature will be removed in v2.0\n\u2713 All checks passed\npip: Downloading prettier-4.15.tar.gz\n\u2713 Step 'setup' succeeded\nyarn add: Done in 14.61s\nFAILED: test_cache_hit\nSwitched to branch 'bugfix/task-456'\n\u2713 All checks passed\nReady.\nWARNING: webpack has known vulnerabilities\nTLS handshake completed\nnpm notice: created a lockfile\n[12:51:22] DEBUG: Initializing service\nCompiling lib/main.py...\nGenerating source maps...\nCoverage: 76% statements, 63% branches\nTransforming 557 files...\n[12:51:22] INFO: Cache refreshed\npip: Downloading lodash-2.20.tar.gz\n\u26a0 DEPRECATION: Feature will be removed in v3.0\nException: NullPointerException\nLayer 5/10: ENV command\nCache hit for key-8607\nBuilding Docker image...\nStep 11/21: Deploying\npip install: Successfully installed express-3.15\nStep 16/17: Installing dependencies\nAlready up to date.\nChecking out master branch\nArtifact uploaded: build.tar.gz (8MB)\nArtifact downloaded: 22MB\nCache saved successfully\nTest Suites: 19 passed, 23 total\n  PASS: e2e/test_auth_login.spec.js\nNODE_ENV=production\nImage pulled successfully\nBundling main.css\nPushing to registry...\nCreating production build...\nUploading artifact 'build' (17 files)\nnpm notice: created a lockfile\nBundling vendor.js\nStep 17/22: Deploying\nLayer 2/13: COPY command\n[12:51:22] DEBUG: Connection pool: 7 active\nArtifact uploaded: build.tar.gz (41MB)\n\u2713 All checks passed\nnpm install: resolved 1994 packages\nStep 11/16: Installing dependencies\nGenerating source maps...\npip: Collecting express\nOK\n[12:51:22] ERROR: Connection failed\nCache restored successfully (265MB)\nAlready up to date.\nConnection established\nGET /health - 200 (79ms)\nWARNING: prettier has known vulnerabilities\n\u2713 Task completed in 643ms\nWaiting...\nChecking out main branch\nSwitched to branch 'bugfix/task-508'\nConnection established\nStep 12/21: Running migrations\nRan 72 tests in 32s\n\u26a0 DEPRECATION: Feature will be removed in v2.0\nnpm notice: created a lockfile\nStep 8/22: Running migrations\n[12:51:22] DEBUG: Initializing service\nPushing to registry...\nArtifact uploaded: dist.zip (6MB)\nFetching submodules...\nTime: 111.807s\nCache invalidated: node_modules\nEnvironment: staging\nPushing to registry...\n[12:51:22] INFO: Starting build process\nNODE_ENV=development\n  PASS: e2e/test_cache_hit.spec.js\nnpm notice: created a lockfile\n[12:51:22] ERROR: Connection failed\nNODE_ENV=development\nCache invalidated: node_modules\nFinished.\n[12:51:22] INFO: Cache refreshed\nWaiting...\nnpm install: resolved 485 packages\n[12:51:22] INFO: Processing request\n[12:51:22] WARN: Deprecated API usage\npip: Downloading express-5.6.tar.gz\nStep 9/25: Running migrations\nFinished.\nGET /health - 201 (34ms)\nNODE_ENV=production\nTLS handshake completed\n  PASS: unit/test_cache_hit.spec.js\nCache restored successfully (122MB)\nCompiling lib/service.java...\n  PASS: test_cache_hit (227ms)\nArtifact uploaded: dist.zip (20MB)\nNODE_ENV=production\nMinifying app.js\nDone.\n\u2713 Step 'build' succeeded\nCache hit for key-1413\nGenerating source maps...\nCompleted.\nCache hit for key-8541\nPushing to registry...\n[12:51:22] DEBUG: Loading configuration\nnpm install: resolved 738 packages\n[12:51:22] DEBUG: Memory usage: 1768MB\n[12:51:22] INFO: Request completed\nException: NullPointerException\nPlatform: linux-x64\nCache saved successfully\npip install: Successfully installed react-5.20\n[12:51:22] INFO: Cache refreshed\nProcessing...\n\u2713 All checks passed\nArtifact uploaded: dist.zip (83MB)\nSnapshots: 0 passed, 31 total\nLayer 3/14: RUN command\nLayer 9/15: RUN command\nPOST /upload - 201 (29ms)\n[12:51:22] DEBUG: Memory usage: 1584MB\nVerifying...\nCache invalidated: dependencies\nFAILED: test_user_create\n[12:51:22] WARN: Deprecated API usage\n[12:51:22] WARN: Deprecated API usage\nBundling vendor.js\nCache hit for key-5825\nLoading...\nTLS handshake completed\nRan 100 tests in 1s\nStep 10/25: Deploying\nStep 11/15: Installing dependencies\n\u26a0 DEPRECATION: Feature will be removed in v5.0\nnpm install: added 444 packages\nFinished.\nArtifact uploaded: dist.zip (85MB)\nOptimizing 74 modules...\n=== Step setup_node completed ===\n=== Step: checkout ===\nVerifying...\nStep 18/18: Running migrations\nFetching from https://pypi.org/package.json\n\u26a0 DEPRECATION: Feature will be removed in v5.0\nLoading...\n\u2713 Step 'install' succeeded\nUsing Node.js 17.15.1\nPulling image: node:18\nCompleted.\n\u26a0 DEPRECATION: Feature will be removed in v2.0\nWARNING: jest has known vulnerabilities\npip: Downloading webpack-4.8.tar.gz\nFetching submodules...\n[12:51:22] INFO: Connecting to database\nPlatform: linux-x64\nTest Suites: 39 passed, 6 total\nCompiling src/main.py...\n[12:51:22] WARN: Deprecated API usage\nStep 8/17: Building\nProcessing...\nEnvironment: test\n\u26a0 DEPRECATION: Feature will be removed in v5.0\npip: Installing build dependencies...\nCreating production build...\nHEAD is now at 3836f5f\nArtifact uploaded: build.tar.gz (22MB)\nTransforming 426 files...\n[12:51:22] WARN: Deprecated API usage\nWARNING: react has known vulnerabilities\nStep 7/15: Deploying\nTests: 397 passed, 92 total\npip: Installing build dependencies...\nBundling vendor.css\nStep 6/16: Installing dependencies\nArtifact uploaded: build.tar.gz (17MB)\nStep 11/22: Linting\n\u2713 Step 'install' succeeded\nCompiling lib/index.js...\nFetching from https://gcr.io/package.json\nRan 15 tests in 22s\n[12:51:22] INFO: Request completed\nBundling runtime.css\n[12:51:22] INFO: Request completed\nCompiling src/app.ts...\nFAILED: test_auth_login\nSuccess!\n\u2713 Step 'build' succeeded\nTest Suites: 45 passed, 13 total\nArtifact uploaded: dist.zip (47MB)\n\u26a0 DEPRECATION: Feature will be removed in v2.0\nStep 13/20: Running migrations\nPOST /api - 200 (125ms)\nFAILED: test_cache_hit\n[12:51:22] INFO: Starting build process\nUsing Node.js 14.12.8\n\u26a0 DEPRECATION: Feature will be removed in v5.0\nnpm install: added 423 packages\nCache invalidated: build\n  PASS: test_cache_hit (25ms)\nnpm notice: created a lockfile\nCompiling utils/main.py...\nEnvironment: development\nException: ValueError\nnpm install: added 62 packages\n[12:51:22] WARN: Deprecated API usage\nCompiling components/app.ts...\nLayer 6/10: RUN command\npip install: Successfully installed react-1.10\nLoading...\nDone.\nArtifact uploaded: build.tar.gz (14MB)\nFinished.\nUploading artifact 'build' (46 files)\nMinifying vendor.js\nCache saved successfully\nCreating production build...\npip: Installing build dependencies...\nyarn add: Done in 3.33s\nBundling runtime.css\n[12:51:22] INFO: Connecting to database\nCompleted.\nCompiling utils/handler.rs...\npip: Downloading express-1.7.tar.gz\nArtifact uploaded: dist.zip (81MB)\nWARNING: lodash has known vulnerabilities\nArtifact uploaded: dist.zip (31MB)\nStep 1/19: Linting\n[12:51:22] INFO: Processing request\nFetching submodules...\nStep 13/25: Linting\nStep 13/20: Running migrations\nSwitched to branch 'bugfix/task-511'\nGET /api - 201 (2ms)\nRan 103 tests in 14s\n[12:51:22] INFO: Connecting to database\nFetching submodules...\nnpm install: resolved 1794 packages\n\u2717 build failed with exit code 69\n\u26a0 DEPRECATION: Feature will be removed in v5.0\nEnvironment: test\n[12:51:22] DEBUG: Connection pool: 3 active\n\u26a0 DEPRECATION: Feature will be removed in v2.0\nCompiling src/handler.rs...\nOptimizing 46 modules...\n[12:51:22] INFO: Starting build process\n\u2713 deploy completed\nFetching submodules...\nReady.\nTransforming 656 files...\nInstalling prettier@2.7.4\nAlready up to date.\nProcessing...\nSnapshots: 20 passed, 36 total\nCompiling components/index.js...\nProcessing...\nImage pulled successfully\nFetching from https://googleapis.com/package.json\nPlatform: darwin-arm64\nRan 170 tests in 23s\nAlready up to date.\n\u2717 build failed with exit code 61\nVerifying...\nDone.\n\u2713 All checks passed\nLoading...\nException: RuntimeError\nEnvironment: development\n[12:51:22] INFO: Processing request\nCompiling lib/app.ts...\nSnapshots: 26 passed, 14 total\n\u2713 lint completed\nStep 19/20: Building\nInstalling express@1.10.8\nTime: 81.817s\nCache miss for key-8826\nStep 20/25: Running migrations\n[12:51:22] INFO: Starting build process\nGenerating source maps...\nUploading artifact 'build' (46 files)\nGenerating source maps...\n[12:51:22] DEBUG: Loading configuration\npip: Collecting lodash\nUsing Python 3.12\n\u2713 All checks passed\nTime: 111.324s\nArtifact downloaded: 33MB\npip: Downloading prettier-5.12.tar.gz\nImage pulled successfully\nException: TypeError\nCreating production build...\n  PASS: test_cache_hit (185ms)\npip: Collecting jest\nSwitched to branch 'hotfix/task-740'\nUploading artifact 'dist' (15 files)\npip: Installing build dependencies...\n[12:51:22] INFO: Processing request\nException: RuntimeError\nCreating production build...\nWaiting...\nCompiling src/service.java...\n[12:51:22] INFO: Starting build process\nUploading artifact 'build' (14 files)\nCache restored successfully (111MB)\nnpm notice: created a lockfile\nSuccess!\nUsing Python 3.10\n[12:51:22] INFO: Request completed\n[12:51:22] INFO: Request completed\nTLS handshake completed\nCoverage: 70% statements, 68% branches\nPOST /upload - 202 (254ms)\nCompiling utils/app.ts...\nGET /api - 201 (94ms)\nUsing Python 3.10\nPushing to registry...\n  PASS: unit/test_user_create.spec.js\nCompiling utils/index.js...\nProcessing...\nOK\nTests: 342 passed, 487 total\nTransforming 544 files...\nWaiting...\nBuilding Docker image...\nCreating production build...\n[12:51:22] INFO: Processing request\nCreating production build...\n  PASS: test_db_connect (466ms)\n[12:51:22] DEBUG: Memory usage: 1874MB\nStep 11/21: Building\nOK\nCompiling lib/index.js...\n[12:51:22] DEBUG: Memory usage: 1817MB\n\u2713 Step 'build' succeeded\nStep 3/15: Testing\nStep 11/24: Testing\npip: Installing build dependencies...\nFinished.\nHEAD is now at 5ef5722\nHEAD is now at af482be\nWARNING: prettier has known vulnerabilities\n[12:51:22] INFO: Cache refreshed\nPOST /api - 201 (392ms)\nWARNING: eslint has known vulnerabilities\nInstalling webpack@5.3.6\nStep 4/24: Testing\n[12:51:22] DEBUG: Connection pool: 13 active\n[12:51:22] DEBUG: Initializing service\nWARNING: react has known vulnerabilities\nPulling image: node:latest\n[12:51:22] INFO: Starting build process\nCache saved successfully\nPlatform: win32-x64\nHEAD is now at c3dff6d\n[12:51:22] INFO: Processing request\nCache restored successfully (322MB)\nRan 72 tests in 23s\npip: Collecting prettier\nHEAD is now at d4afa24\n  PASS: unit/test_db_connect.spec.js\npip: Collecting express\nChecking out master branch\nCompiling src/app.ts...\nCompleted.\nWARNING: webpack has known vulnerabilities\nFetching from https://pypi.org/package.json\nStep 20/20: Running migrations\n  PASS: e2e/test_user_create.spec.js\nArtifact downloaded: 43MB\npip: Collecting eslint\nArtifact uploaded: dist.zip (12MB)\nOptimizing 34 modules...\nnpm notice: package.json updated\nHEAD is now at 0dbc77a\nWARNING: webpack has known vulnerabilities\nyarn add: Done in 22.75s\n=== Step checkout completed ===\n=== Step: save_cache ===\nCache invalidated: node_modules\nUsing Python 3.11\npip: Downloading react-1.5.tar.gz\nCompiling src/index.js...\nGenerating source maps...\nUsing Node.js 20.14.9\n[12:51:22] INFO: Starting build process\nTest Suites: 44 passed, 25 total\nStep 2/24: Building\nStep 19/15: Running migrations\nRan 91 tests in 47s\nProcessing...\nStep 2/15: Linting\nOK\nLayer 5/14: ENV command\nStep 14/16: Testing\nUploading artifact 'coverage' (9 files)\nFinished.\n[12:51:22] WARN: Deprecated API usage\n[12:51:22] WARN: Deprecated API usage\nAlready up to date.\n[12:51:22] WARN: Deprecated API usage\npip: Installing build dependencies...\n[12:51:22] DEBUG: Memory usage: 1825MB\nInstalling eslint@1.13.3\nCache saved successfully\nChecking out master branch\nInstalling express@2.15.9\nBundling styles.css\nProcessing...\n[12:51:22] DEBUG: Query executed in 74ms\n\u26a0 DEPRECATION: Feature will be removed in v4.0\n[12:51:22] DEBUG: Connection pool: 20 active\nChecking out main branch\npip: Installing build dependencies...\nCompiling lib/service.java...\nInstalling prettier@1.7.7\nyarn add: Done in 2.73s\n  PASS: test_cache_hit (273ms)\nFAILED: test_auth_login\nException: ValueError\nSnapshots: 7 passed, 14 total\n\u2713 All checks passed\nCache restored successfully (187MB)\nBuilding Docker image...\nStep 5/19: Testing\n[12:51:22] INFO: Processing request\nCreating production build...\nUsing Node.js 18.16.10\nNODE_ENV=test\nSwitched to branch 'bugfix/task-630'\nFetching submodules...\n\u2713 Task completed in 430ms\npip install: Successfully installed lodash-3.19\nRan 96 tests in 24s\nCache saved successfully\nTime: 22.178s\n[12:51:22] INFO: Connecting to database\nPushing to registry...\nImage pulled successfully\n[12:51:22] DEBUG: Initializing service\nWARNING: express has known vulnerabilities\n[12:51:22] DEBUG: Connection pool: 10 active\npip: Installing build dependencies...\nHEAD is now at a0acab4\nTLS handshake completed\nTests: 343 passed, 457 total\nBuilding Docker image...\nSnapshots: 45 passed, 38 total\nTransforming 423 files...\nPlatform: darwin-arm64\nSnapshots: 44 passed, 24 total\n[12:51:22] INFO: Connecting to database\n[12:51:22] DEBUG: Initializing service\nTransforming 506 files...\n\u2713 deploy completed\npip: Downloading lodash-2.6.tar.gz\nHEAD is now at 8e4905c\nnpm install: added 249 packages\nOptimizing 82 modules...\nNODE_ENV=production\nBundling main.js\nTests: 493 passed, 180 total\n\u2713 All checks passed\nCache saved successfully\nReady.\nCoverage: 84% statements, 72% branches\n  PASS: test_auth_login (300ms)\nPulling image: python:3.11\nTests: 425 passed, 427 total\nConnection established\nyarn add: Done in 11.78s\nTransforming 296 files...\nArtifact uploaded: dist.zip (20MB)\nException: RuntimeError\nStep 14/25: Building\nNODE_ENV=development\nnpm install: resolved 1962 packages\nConnection established\nnpm notice: created a lockfile\nGET /status - 204 (91ms)\n[12:51:22] DEBUG: Query executed in 83ms\nSnapshots: 43 passed, 3 total\n\u2713 Step 'install' succeeded\nCache saved successfully\n[12:51:22] DEBUG: Loading configuration\nEnvironment: staging\nCompiling components/index.js...\nVerifying...\nCache saved successfully\nConnection established\nCompiling src/handler.rs...\n[12:51:22] WARN: Deprecated API usage\n[12:51:22] INFO: Request completed\nEnvironment: production\nCompiling components/main.py...\nTime: 115.496s\nnpm notice: created a lockfile\npip: Downloading webpack-2.12.tar.gz\n[12:51:22] DEBUG: Memory usage: 1471MB\n\u26a0 DEPRECATION: Feature will be removed in v4.0\nnpm notice: package.json updated\n[12:51:22] INFO: Request completed\nConnection established\nCoverage: 91% statements, 68% branches\n[12:51:22] DEBUG: Connection pool: 13 active\nNODE_ENV=test\nTest Suites: 28 passed, 6 total\npip install: Successfully installed prettier-2.5\n\u2713 All checks passed\nSuccess!\npip: Downloading prettier-2.19.tar.gz\nUsing Python 3.12\nLayer 2/11: COPY command\nNODE_ENV=production\npip install: Successfully installed jest-5.2\nnpm install: added 202 packages\n[12:51:22] INFO: Starting build process\n\u2713 All checks passed\nTransforming 593 files...\nCache restored successfully (466MB)\nVerifying...\nTime: 113.477s\nArtifact uploaded: dist.zip (35MB)\n[12:51:22] WARN: Deprecated API usage\n[12:51:22] INFO: Starting build process\nTests: 417 passed, 278 total\n[12:51:22] ERROR: Connection failed\nWARNING: lodash has known vulnerabilities\nStep 18/24: Linting\n[12:51:22] ERROR: Connection failed\npip: Installing build dependencies...\nGET /health - 204 (52ms)\n[12:51:22] DEBUG: Loading configuration\npip: Installing build dependencies...\nDone.\nUsing Node.js 16.18.1\nTLS handshake completed\nInstalling lodash@4.13.10\nWARNING: react has known vulnerabilities\n\u2713 Task completed in 1108ms\nPOST /data - 201 (307ms)\nnpm install: added 408 packages\nTest Suites: 37 passed, 12 total\nCoverage: 82% statements, 80% branches\npip install: Successfully installed jest-3.18\n[12:51:22] INFO: Starting build process\nnpm notice: created a lockfile\nCache hit for key-4255\nPOST /data - 201 (283ms)\nChecking out master branch\nFinished.\npip: Downloading axios-2.1.tar.gz\npip: Installing build dependencies...\n[12:51:22] INFO: Request completed\nAlready up to date.\nnpm install: resolved 342 packages\nPulling image: node:3.11\nCompiling components/index.js...\nStep 13/18: Running migrations\nOK\nCreating production build...\nCompleted.\nCache miss for key-3687\nTest Suites: 23 passed, 40 total\nAlready up to date.\npip install: Successfully installed jest-4.13\n\u26a0 DEPRECATION: Feature will be removed in v2.0\nOK\nnpm install: added 168 packages\nWARNING: axios has known vulnerabilities\nHEAD is now at a836403\n[12:51:22] WARN: Deprecated API usage\nFetching submodules...\nMinifying app.js\nStep 10/24: Building\n[12:51:22] DEBUG: Memory usage: 450MB\nCompiling lib/service.java...\nPlatform: win32-x64\nFetching submodules...\nnpm notice: created a lockfile\nFetching from https://github.com/package.json\n[12:51:22] INFO: Connecting to database\nCache hit for key-4818\nOK\nStep 10/18: Deploying\nTest Suites: 44 passed, 24 total\nStep 14/15: Running migrations\nBundling vendor.css\n  PASS: integration/test_auth_login.spec.js\nArtifact downloaded: 41MB\nCache saved successfully\nnpm notice: created a lockfile\nCache saved successfully\nGET /status - 204 (99ms)\n[12:51:22] INFO: Request completed\n[12:51:22] DEBUG: Connection pool: 8 active\nCache saved successfully\n[12:51:22] WARN: Deprecated API usage\n[12:51:22] DEBUG: Loading configuration\n\u2713 Step 'build' succeeded\nSwitched to branch 'feature/task-980'\nArtifact uploaded: build.tar.gz (31MB)\nLayer 10/14: ENV command\nStep 7/20: Running migrations\nPOST /data - 202 (180ms)\nChecking out develop branch\nnpm install: resolved 387 packages\n[12:51:22] WARN: Deprecated API usage\nDone.\nWaiting...\nMinifying main.js\nCoverage: 78% statements, 93% branches\nSwitched to branch 'feature/task-179'\nOptimizing 49 modules...\n=== Step save_cache completed ===\n=== Step: build ===\nGET /status - 204 (34ms)\nStep 9/19: Building\nCreating production build...\nyarn add: Done in 8.81s\nInstalling webpack@3.7.2\nNODE_ENV=test\nPushing to registry...\nnpm install: resolved 765 packages\nStep 1/15: Building\nyarn add: Done in 7.91s\nnpm notice: created a lockfile\nStep 13/20: Linting\nCoverage: 76% statements, 60% branches\nConnection established\nGET /api - 204 (18ms)\nCache invalidated: node_modules\nPulling image: python:3.11\n\u2713 Task completed in 3202ms\nUsing Node.js 20.19.1\npip install: Successfully installed webpack-2.16\nImage pulled successfully\nFinished.\nHEAD is now at 67006e9\nPulling image: node:latest\nVerifying...\nOK\nCompiling utils/handler.rs...\nFetching from https://npmjs.org/package.json\n[12:51:22] DEBUG: Initializing service\nCompiling lib/handler.rs...\nOK\nEnvironment: test\nCache invalidated: node_modules\nStep 20/18: Testing\nReady.\n\u26a0 DEPRECATION: Feature will be removed in v4.0\n[12:51:22] INFO: Connecting to database\nStep 12/25: Linting\nConnection established\npip: Downloading axios-1.9.tar.gz\nRan 60 tests in 53s\nCompiling src/service.java...\nnpm notice: package.json updated\n  PASS: unit/test_user_create.spec.js\n[12:51:22] DEBUG: Memory usage: 628MB\nnpm install: resolved 791 packages\nSwitched to branch 'hotfix/task-615'\nLayer 5/13: ENV command\nSwitched to branch 'hotfix/task-896'\nLayer 3/14: ENV command\n  PASS: e2e/test_db_connect.spec.js\nInstalling lodash@5.0.3\nCompiling utils/index.js...\nCompleted.\nFinished.\nCompiling utils/utils.go...\nPOST /upload - 201 (407ms)\nAlready up to date.\n\u2713 All checks passed\nSnapshots: 29 passed, 41 total\nPulling image: node:3.11\n[12:51:22] DEBUG: Query executed in 13ms\nStep 20/21: Building\nPOST /api - 200 (419ms)\nTests: 394 passed, 453 total\nUsing Node.js 15.19.5\nPushing to registry...\n[12:51:22] WARN: Deprecated API usage\npip: Downloading jest-5.19.tar.gz\nCompiling lib/main.py...\nArtifact uploaded: build.tar.gz (30MB)\n\u2713 Step 'checkout' succeeded\nGenerating source maps...\nCompiling src/index.js...\nTests: 234 passed, 246 total\n[12:51:22] INFO: Connecting to database\nArtifact downloaded: 49MB\nAlready up to date.\nRan 144 tests in 54s\nStep 19/16: Building\n[12:51:22] INFO: Starting build process\nPOST /api - 200 (109ms)\nFetching from https://github.com/package.json\n\u26a0 DEPRECATION: Feature will be removed in v4.0\nCache restored successfully (24MB)\nFetching submodules...\nCache restored successfully (467MB)\n[12:51:22] DEBUG: Loading configuration\nFAILED: test_api_health\nTests: 454 passed, 352 total\n  PASS: integration/test_api_health.spec.js\nRan 44 tests in 47s\nSnapshots: 32 passed, 23 total\nPulling image: alpine:3.11\nUploading artifact 'coverage' (37 files)\n[12:51:22] INFO: Starting build process\nVerifying...\nTests: 420 passed, 413 total\nPOST /upload - 201 (111ms)\nSuccess!\nArtifact downloaded: 12MB\nImage pulled successfully\n[12:51:22] DEBUG: Memory usage: 1963MB\nCompiling utils/app.ts...\nBundling vendor.css\nArtifact uploaded: build.tar.gz (2MB)\nTransforming 492 files...\npip: Collecting jest\nCompiling components/utils.go...\nArtifact uploaded: dist.zip (93MB)\nArtifact downloaded: 43MB\nEnvironment: production\nPlatform: win32-x64\n[12:51:22] DEBUG: Query executed in 28ms\nCompiling utils/index.js...\n[12:51:22] WARN: Deprecated API usage\nCache miss for key-5937\nLoading...\nTime: 13.745s\n[12:51:22] INFO: Request completed\nCompiling components/utils.go...\n  PASS: test_api_health (278ms)\nArtifact uploaded: dist.zip (18MB)\nSnapshots: 18 passed, 41 total\n[12:51:22] INFO: Connecting to database\nCompiling lib/app.ts...\n[12:51:22] DEBUG: Query executed in 26ms\nOptimizing 12 modules...\npip: Installing build dependencies...\n[12:51:22] DEBUG: Memory usage: 911MB\nStep 15/24: Running migrations\nRan 163 tests in 6s\nException: TypeError\nCache miss for key-8454\nNODE_ENV=production\nOK\nLayer 2/12: ENV command\nOK\n[12:51:22] DEBUG: Initializing service\nPulling image: node:latest\nStep 14/18: Running migrations\nTransforming 828 files...\n[12:51:22] DEBUG: Initializing service\n  PASS: test_api_health (423ms)\nnpm install: added 269 packages\nCache miss for key-6772\nStep 18/19: Deploying\nHEAD is now at 97378b5\n\u26a0 DEPRECATION: Feature will be removed in v2.0\n  PASS: unit/test_user_create.spec.js\nHEAD is now at c837253\nnpm install: added 148 packages\nFetching from https://pypi.org/package.json\nStep 5/18: Deploying\nCache saved successfully\nCompiling src/app.ts...\nStep 9/25: Deploying\npip: Installing build dependencies...\nException: RuntimeError\nWARNING: react has known vulnerabilities\nCompiling components/utils.go...\n\u26a0 DEPRECATION: Feature will be removed in v5.0\npip: Collecting express\nUsing Node.js 18.19.10\nStep 11/20: Running migrations\nStep 9/23: Testing\nCompleted.\nnpm notice: package.json updated\nAlready up to date.\n[12:51:22] INFO: Processing request\nCompiling utils/utils.go...\nHEAD is now at 8505e44\nProcessing...\nFetching submodules...\nCompiling src/utils.go...\nUploading artifact 'dist' (11 files)\nBuilding Docker image...\nStep 17/19: Linting\nCompiling src/index.js...\nGenerating source maps...\nCoverage: 91% statements, 72% branches\nProcessing...\nUsing Python 3.9\nOK\nRan 41 tests in 20s\nConnection established\n\u2713 Task completed in 1010ms\nBundling runtime.js\nTLS handshake completed\nFetching from https://gcr.io/package.json\nWARNING: express has known vulnerabilities\nStep 6/22: Deploying\nSuccess!\n[12:51:22] INFO: Starting build process\nSuccess!\nArtifact uploaded: build.tar.gz (14MB)\nStep 4/22: Linting\nUsing Node.js 14.9.4\nPulling image: node:18\nInstalling prettier@1.5.3\nFetching from https://githubusercontent.com/package.json\nUploading artifact 'build' (37 files)\nDone.\nCompiling src/utils.go...\nStep 8/23: Testing\nRan 154 tests in 5s\nPlatform: darwin-arm64\n[12:51:22] DEBUG: Initializing service\nCompiling src/main.py...\nHEAD is now at 0ca8dd0\n[12:51:22] DEBUG: Connection pool: 18 active\n[12:51:22] WARN: Deprecated API usage\nTests: 160 passed, 127 total\npip: Installing build dependencies...\n  PASS: integration/test_db_connect.spec.js\n[12:51:22] DEBUG: Memory usage: 1481MB\nRan 99 tests in 40s\n\u2713 Task completed in 3368ms\nStep 1/17: Building\nException: RuntimeError\nReady.\nBundling runtime.css\nHEAD is now at 3bf79df\npip: Downloading webpack-2.19.tar.gz\n\u2713 All checks passed\n  PASS: test_user_create (129ms)\nSwitched to branch 'feature/task-796'\nPushing to registry...\n\u26a0 DEPRECATION: Feature will be removed in v3.0\nCache miss for key-2580\n\u2713 Task completed in 255ms\nPlatform: linux-x64\nPOST /data - 200 (450ms)\nWaiting...\nNODE_ENV=production\n=== Step build completed ===\n=== Step: integration_tests ===\n  PASS: test_db_connect (316ms)\nnpm notice: created a lockfile\nCache miss for key-2312\n[12:51:22] DEBUG: Query executed in 61ms\nyarn add: Done in 9.59s\n\u2713 Task completed in 4759ms\nBundling vendor.js\nStep 15/16: Building\nPulling image: alpine:latest\nNODE_ENV=development\n[12:51:22] INFO: Connecting to database\n\u26a0 DEPRECATION: Feature will be removed in v5.0\n\u26a0 DEPRECATION: Feature will be removed in v4.0\nnpm notice: package.json updated\n[12:51:22] DEBUG: Initializing service\nSnapshots: 11 passed, 46 total\n\u2713 Step 'setup' succeeded\nCache saved successfully\nFinished.\nSnapshots: 7 passed, 22 total\nEnvironment: staging\nCompleted.\n[12:51:22] INFO: Cache refreshed\nArtifact uploaded: build.tar.gz (16MB)\nConnection established\nStep 19/21: Testing\nStep 5/19: Linting\n  PASS: test_auth_login (94ms)\n[12:51:22] ERROR: Connection failed\n[12:51:22] DEBUG: Memory usage: 1808MB\n\u2713 Task completed in 1633ms\n[12:51:22] DEBUG: Memory usage: 299MB\n[12:51:22] INFO: Cache refreshed\nnpm install: resolved 410 packages\n[12:51:22] DEBUG: Loading configuration\nTLS handshake completed\nStep 12/17: Building\nTLS handshake completed\nSnapshots: 11 passed, 20 total\nUsing Node.js 16.19.6\nRan 29 tests in 56s\nyarn add: Done in 9.69s\n[12:51:22] WARN: Deprecated API usage\n[12:51:22] DEBUG: Connection pool: 1 active\nBuilding Docker image...\nTransforming 900 files...\nCompleted.\nTLS handshake completed\nStep 10/17: Running migrations\n\u26a0 DEPRECATION: Feature will be removed in v3.0\nCoverage: 95% statements, 84% branches\nTests: 367 passed, 365 total\nCache restored successfully (150MB)\nStep 6/15: Linting\nCache saved successfully\nStep 7/15: Installing dependencies\n[12:51:22] INFO: Connecting to database\nStep 14/16: Installing dependencies\nEnvironment: staging\nArtifact downloaded: 1MB\nOK\n[12:51:22] INFO: Processing request\nCompiling src/handler.rs...\nSnapshots: 16 passed, 28 total\n[12:51:22] WARN: Deprecated API usage\nFinished.\nCompiling src/index.js...\nCreating production build...\nArtifact downloaded: 38MB\n\u2713 package completed\n[12:51:22] WARN: Deprecated API usage\n\u2713 test completed\nStep 18/15: Deploying\nStep 20/15: Building\nSuccess!\nBundling styles.js\nPlatform: linux-x64\nMinifying vendor.js\nBundling styles.js\nReady.\nBuilding Docker image...\n\u26a0 DEPRECATION: Feature will be removed in v3.0\nStep 6/22: Building\nCompleted.\nCache miss for key-6616\n[12:51:22] INFO: Request completed\n[12:51:22] INFO: Processing request\nCache miss for key-1597\nWaiting...\nGenerating source maps...\nStep 17/16: Testing\nUsing Node.js 20.9.9\n\u26a0 DEPRECATION: Feature will be removed in v4.0\nUploading artifact 'build' (27 files)\nStep 5/19: Building\n[12:51:22] WARN: Deprecated API usage\nWARNING: prettier has known vulnerabilities\n\u2713 test completed\npip install: Successfully installed prettier-4.4\nImage pulled successfully\nStep 11/17: Deploying\n  PASS: test_auth_login (259ms)\nFinished.\nHEAD is now at 26f64f9\nCompiling utils/index.js...\nTLS handshake completed\nSnapshots: 5 passed, 20 total\nTime: 102.635s\nLoading...\nStep 8/21: Building\nCache restored successfully (121MB)\nCache hit for key-6745\nReady.\n[12:51:22] DEBUG: Memory usage: 1141MB\nCache restored successfully (165MB)\nStep 4/20: Running migrations\nFinished.\n[12:51:22] DEBUG: Loading configuration\nEnvironment: development\n[12:51:22] DEBUG: Initializing service\nChecking out main branch\nnpm install: added 394 packages\nWARNING: react has known vulnerabilities\nUploading artifact 'dist' (24 files)\n[12:51:22] DEBUG: Memory usage: 1085MB\nTime: 96.901s\n  PASS: e2e/test_cache_hit.spec.js\nPushing to registry...\nnpm install: resolved 543 packages\nSwitched to branch 'feature/task-847'\n[12:51:22] DEBUG: Connection pool: 12 active\n\u2713 Step 'build' succeeded\nFetching submodules...\n[12:51:22] INFO: Starting build process\n[12:51:22] DEBUG: Query executed in 81ms\npip: Collecting axios\nStep 16/16: Building\nLayer 4/13: ENV command\nConnection established\nMinifying app.js\nnpm notice: package.json updated\n[12:51:22] DEBUG: Initializing service\n\u2713 Task completed in 1382ms\nUsing Python 3.9\nStep 11/25: Running migrations\nCache miss for key-9992\nCache invalidated: dependencies\n\u2713 validate completed\n[12:51:22] ERROR: Connection failed\nReady.\nUsing Python 3.9\nGenerating source maps...\nPushing to registry...\nStep 1/20: Running migrations\nCreating production build...\n[12:51:22] INFO: Processing request\n[12:51:22] INFO: Cache refreshed\nCache invalidated: node_modules\nnpm notice: created a lockfile\n[12:51:22] DEBUG: Connection pool: 17 active\nWaiting...\n[12:51:22] INFO: Connecting to database\nCompiling components/app.ts...\nWaiting...\nRan 77 tests in 46s\nnpm install: added 252 packages\n[12:51:22] ERROR: Connection failed\nTransforming 349 files...\n[12:51:22] DEBUG: Connection pool: 7 active\nUsing Node.js 20.19.8\n[12:51:22] DEBUG: Connection pool: 6 active\n  PASS: test_cache_hit (308ms)\nSuccess!\n\u2713 test completed\nProcessing...\nCompiling lib/app.ts...\nFetching submodules...\nTransforming 206 files...\n[12:51:22] WARN: Deprecated API usage\nCoverage: 81% statements, 84% branches\n\u2713 Step 'test' succeeded\nMinifying app.js\n[12:51:22] DEBUG: Loading configuration\nnpm notice: created a lockfile\nStep 19/15: Building\nStep 18/23: Running migrations\n[12:51:22] INFO: Starting build process\nChecking out develop branch\nBuilding Docker image...\nImage pulled successfully\nStep 5/15: Testing\npip install: Successfully installed jest-3.11\nFinished.\n[12:51:22] DEBUG: Query executed in 1ms\nTests: 283 passed, 260 total\nChecking out develop branch\n\u2717 build failed with exit code 30\nCache invalidated: build\nOK\nPulling image: alpine:3.11\nStep 4/16: Deploying\nOptimizing 71 modules...\nnpm install: added 178 packages\n\u2713 lint completed\nException: NullPointerException\nArtifact downloaded: 27MB\npip: Collecting prettier\n\u2713 Step 'checkout' succeeded\nHEAD is now at 4336dbd\n[12:51:22] DEBUG: Initializing service\nTime: 7.361s\nSuccess!\nInstalling lodash@3.11.9\n[12:51:22] INFO: Connecting to database\nHEAD is now at 3a37a9b\nFetching submodules...\nTransforming 763 files...\n[12:51:22] DEBUG: Query executed in 8ms\nWARNING: lodash has known vulnerabilities\n[12:51:22] WARN: Deprecated API usage\nProcessing...\nArtifact uploaded: build.tar.gz (22MB)\nnpm notice: package.json updated\nFinished.\nSwitched to branch 'bugfix/task-306'\nyarn add: Done in 12.18s\n[12:51:22] INFO: Request completed\nStep 13/17: Linting\nUploading artifact 'coverage' (13 files)\nCache hit for key-2382\nStep 14/18: Building\nDone.\nnpm install: resolved 1181 packages\nDone.\n[12:51:22] INFO: Cache refreshed\n=== Step integration_tests completed ===\n=== Step: type_check ===\nStep 7/23: Building\nDone.\n[12:51:22] DEBUG: Connection pool: 8 active\nFinished.\n\u26a0 DEPRECATION: Feature will be removed in v4.0\nCompiling src/service.java...\nInstalling axios@2.20.3\nGET /health - 200 (51ms)\nnpm install: resolved 733 packages\nLayer 9/14: COPY command\n[12:51:22] INFO: Starting build process\nVerifying...\n  PASS: e2e/test_db_connect.spec.js\nInstalling webpack@3.0.8\nFetching from https://gcr.io/package.json\nUsing Node.js 15.5.1\n[12:51:22] DEBUG: Connection pool: 17 active\nSwitched to branch 'feature/task-273'\npip install: Successfully installed express-1.3\nCache miss for key-6581\n\u26a0 DEPRECATION: Feature will be removed in v2.0\npip: Installing build dependencies...\nStep 6/19: Building\nCompiling src/app.ts...\nTLS handshake completed\npip: Downloading lodash-5.20.tar.gz\nWARNING: eslint has known vulnerabilities\nNODE_ENV=development\n[12:51:22] INFO: Cache refreshed\nAlready up to date.\nBundling main.js\nPOST /api - 201 (17ms)\nStep 10/21: Installing dependencies\nPOST /data - 202 (302ms)\nVerifying...\nCache hit for key-6164\nImage pulled successfully\nDone.\nUploading artifact 'coverage' (43 files)\nTime: 106.147s\nFinished.\n[12:51:22] DEBUG: Loading configuration\nStep 3/18: Deploying\nBundling styles.css\nWARNING: prettier has known vulnerabilities\nException: RuntimeError\n[12:51:22] ERROR: Connection failed\nCompiling utils/service.java...\n\u26a0 DEPRECATION: Feature will be removed in v2.0\nStep 1/16: Deploying\nOK\npip: Collecting webpack\n[12:51:22] DEBUG: Memory usage: 844MB\n[12:51:22] INFO: Connecting to database\n\u2713 Step 'install' succeeded\nEnvironment: test\nCreating production build...\nStep 1/24: Running migrations\nPulling image: python:3.11\nnpm notice: package.json updated\nPulling image: node:latest\nHEAD is now at aaae98f\nLayer 9/13: COPY command\nCompiling utils/service.java...\nImage pulled successfully\n[12:51:22] INFO: Processing request\n[12:51:22] DEBUG: Query executed in 35ms\nReady.\nnpm notice: created a lockfile\nReady.\nArtifact uploaded: build.tar.gz (42MB)\nnpm notice: created a lockfile\nChecking out develop branch\nVerifying...\nCompleted.\nStep 7/24: Deploying\n[12:51:22] DEBUG: Query executed in 53ms\nGET /status - 201 (39ms)\nGenerating source maps...\nRan 91 tests in 17s\nArtifact uploaded: dist.zip (37MB)\nTime: 72.352s\nWARNING: webpack has known vulnerabilities\nPulling image: python:3.11\n\u2713 Step 'install' succeeded\n[12:51:22] WARN: Deprecated API usage\nCompleted.\n[12:51:22] WARN: Deprecated API usage\nCache restored successfully (330MB)\n[12:51:22] DEBUG: Loading configuration\nNODE_ENV=production\nUploading artifact 'build' (27 files)\nInstalling prettier@5.5.8\npip: Collecting eslint\nUsing Node.js 16.9.8\nGET /status - 201 (1ms)\nStep 10/23: Installing dependencies\nFetching submodules...\nHEAD is now at bdbd76f\nCompiling utils/utils.go...\nStep 13/24: Linting\nAlready up to date.\nCache miss for key-5118\nCompiling utils/handler.rs...\n[12:51:22] INFO: Starting build process\nArtifact uploaded: dist.zip (3MB)\nArtifact uploaded: build.tar.gz (36MB)\nNODE_ENV=production\nBundling styles.css\nBundling styles.css\nCache hit for key-9141\nInstalling jest@5.9.4\n[12:51:22] INFO: Cache refreshed\nTransforming 136 files...\nLoading...\nWARNING: react has known vulnerabilities\nHEAD is now at 1a6ea34\nException: ValueError\npip: Installing build dependencies...\nPOST /data - 200 (67ms)\nBundling main.css\n[12:51:22] INFO: Processing request\nImage pulled successfully\npip install: Successfully installed axios-5.1\nCache invalidated: build\n[12:51:22] WARN: Deprecated API usage\nEnvironment: staging\nPushing to registry...\nBuilding Docker image...\nUsing Node.js 14.0.1\nNODE_ENV=production\nBuilding Docker image...\n  PASS: test_user_create (129ms)\nException: TypeError\nCache miss for key-8896\n[12:51:22] WARN: Deprecated API usage\nCreating production build...\n[12:51:22] DEBUG: Loading configuration\nnpm install: added 358 packages\n[12:51:22] DEBUG: Memory usage: 281MB\n[12:51:22] DEBUG: Query executed in 58ms\nTests: 347 passed, 87 total\nPlatform: linux-x64\nTLS handshake completed\npip install: Successfully installed webpack-4.20\nProcessing...\nOK\nCompiling utils/main.py...\nTest Suites: 25 passed, 38 total\nCache hit for key-8965\nReady.\nStep 2/21: Testing\nArtifact uploaded: dist.zip (96MB)\nWaiting...\nnpm notice: package.json updated\nBundling vendor.css\n[12:51:22] DEBUG: Initializing service\nStep 16/15: Installing dependencies\nPulling image: alpine:18\nTransforming 998 files...\nStep 8/16: Linting\n[12:51:22] INFO: Connecting to database\nTests: 154 passed, 287 total\npip: Collecting webpack\nFAILED: test_cache_hit\nnpm install: added 77 packages\nArtifact uploaded: build.tar.gz (20MB)\n[12:51:22] DEBUG: Connection pool: 13 active\nMinifying main.js\nVerifying...\nUsing Python 3.12\n[12:51:22] DEBUG: Memory usage: 1586MB\nPlatform: win32-x64\nnpm install: added 388 packages\n[12:51:22] INFO: Starting build process\nFetching submodules...\nEnvironment: production\npip install: Successfully installed jest-2.17\nPushing to registry...\nTransforming 602 files...\n  PASS: test_cache_hit (311ms)\n[12:51:22] WARN: Deprecated API usage\nGenerating source maps...\n\u2713 Step 'test' succeeded\nCache restored successfully (203MB)\nStep 10/19: Installing dependencies\nBundling vendor.css\nyarn add: Done in 14.14s\npip: Collecting react\nBundling styles.js\nSwitched to branch 'hotfix/task-357'\n[12:51:22] DEBUG: Query executed in 71ms\nStep 9/23: Building\nAlready up to date.\n\u26a0 DEPRECATION: Feature will be removed in v4.0\npip: Installing build dependencies...\nCache miss for key-2470\nProcessing...\nInstalling prettier@2.20.7\nSnapshots: 43 passed, 6 total\nTLS handshake completed\n  PASS: test_auth_login (495ms)\n  PASS: unit/test_db_connect.spec.js\n[12:51:22] ERROR: Connection failed\nnpm notice: created a lockfile\nHEAD is now at 194a8fb\nHEAD is now at 8f23be9\nVerifying...\nWARNING: express has known vulnerabilities\nTime: 45.200s\nPushing to registry...\nInstalling react@2.15.3\nCompiling lib/service.java...\nPushing to registry...\nPOST /api - 200 (95ms)\n  PASS: integration/test_api_health.spec.js\n[12:51:22] DEBUG: Connection pool: 15 active\nCompiling lib/app.ts...\nCache saved successfully\nEnvironment: test\nChecking out main branch\nPlatform: linux-x64\n[12:51:22] INFO: Request completed\nnpm notice: package.json updated\nUploading artifact 'coverage' (28 files)\nSwitched to branch 'hotfix/task-869'\npip install: Successfully installed react-2.12\nArtifact uploaded: build.tar.gz (27MB)\nInstalling react@5.7.5\nArtifact uploaded: build.tar.gz (34MB)\nCompiling src/main.py...\nCompleted.\nStep 20/15: Testing\nInstalling webpack@3.0.3\nCompleted.\n=== Step type_check completed ===\n=== Step: deploy_staging ===\nFinished.\nBundling runtime.js\nHEAD is now at 901ceb9\nOK\nCompleted.\nTest Suites: 16 passed, 40 total\nOK\nCache invalidated: build\nTransforming 843 files...\nStep 20/23: Installing dependencies\nCache invalidated: dependencies\n\u2713 test completed\nArtifact uploaded: dist.zip (47MB)\nLoading...\nRan 193 tests in 7s\n\u2713 All checks passed\nInstalling express@5.7.7\n[12:51:22] DEBUG: Connection pool: 9 active\npip install: Successfully installed axios-3.13\n[12:51:22] WARN: Deprecated API usage\nReady.\nSnapshots: 15 passed, 29 total\nDone.\n\u26a0 DEPRECATION: Feature will be removed in v4.0\nSnapshots: 4 passed, 19 total\nHEAD is now at ef12f4e\nCreating production build...\nStep 12/16: Testing\nCompiling lib/handler.rs...\nBundling vendor.js\nCompiling utils/main.py...\nSwitched to branch 'feature/task-307'\nWaiting...\nCompleted.\nInstalling lodash@4.5.2\n\u26a0 DEPRECATION: Feature will be removed in v3.0\nCoverage: 83% statements, 95% branches\nTime: 115.527s\npip install: Successfully installed lodash-1.0\npip install: Successfully installed eslint-4.3\nSuccess!\nException: RuntimeError\nCompiling components/handler.rs...\nGET /api - 200 (72ms)\nDone.\nGenerating source maps...\n[12:51:22] DEBUG: Initializing service\nCache invalidated: build\nArtifact uploaded: dist.zip (66MB)\nCompiling components/utils.go...\nEnvironment: staging\nWARNING: jest has known vulnerabilities\nTest Suites: 6 passed, 14 total\nGET /api - 200 (37ms)\nConnection established\nChecking out master branch\nPlatform: darwin-arm64\nTransforming 955 files...\n\u2717 build failed with exit code 20\nTransforming 453 files...\nLayer 7/15: COPY command\n[12:51:22] WARN: Deprecated API usage\nOptimizing 50 modules...\nCache saved successfully\nChecking out develop branch\nUploading artifact 'build' (17 files)\npip: Installing build dependencies...\nTLS handshake completed\nProcessing...\nFetching submodules...\nStep 2/22: Installing dependencies\nCache restored successfully (325MB)\nCompiling utils/index.js...\n[12:51:22] INFO: Processing request\nMinifying vendor.js\nTLS handshake completed\nTransforming 199 files...\nPushing to registry...\nLayer 2/12: ENV command\npip: Installing build dependencies...\n[12:51:22] INFO: Processing request\nConnection established\nGenerating source maps...\n\u2713 All checks passed\nStep 11/15: Linting\n[12:51:22] DEBUG: Memory usage: 614MB\n[12:51:22] INFO: Cache refreshed\n[12:51:22] INFO: Starting build process\n  PASS: test_user_create (306ms)\nLoading...\nWaiting...\n[12:51:22] WARN: Deprecated API usage\nUsing Node.js 16.5.7\n\u2713 All checks passed\nArtifact downloaded: 14MB\nCreating production build...\npip: Collecting prettier\n  PASS: test_db_connect (238ms)\n\u26a0 DEPRECATION: Feature will be removed in v3.0\n[12:51:22] ERROR: Connection failed\n[12:51:22] ERROR: Connection failed\nTests: 313 passed, 359 total\n\u26a0 DEPRECATION: Feature will be removed in v4.0\npip: Installing build dependencies...\n[12:51:22] INFO: Connecting to database\n[12:51:22] INFO: Request completed\nArtifact downloaded: 17MB\n[12:51:22] DEBUG: Loading configuration\nnpm install: resolved 505 packages\nEnvironment: test\nPulling image: node:3.11\nSnapshots: 47 passed, 38 total\nStep 12/24: Running migrations\n[12:51:22] DEBUG: Connection pool: 14 active\nArtifact downloaded: 2MB\nPOST /data - 201 (41ms)\nConnection established\nCache restored successfully (116MB)\npip: Installing build dependencies...\npip: Collecting lodash\nCompiling src/utils.go...\nTime: 68.706s\n[12:51:22] WARN: Deprecated API usage\nException: TypeError\nWaiting...\n[12:51:22] INFO: Cache refreshed\nPulling image: node:18\nUploading artifact 'build' (19 files)\nTest Suites: 6 passed, 21 total\n[12:51:22] INFO: Processing request\n\u26a0 DEPRECATION: Feature will be removed in v4.0\nTest Suites: 21 passed, 12 total\nArtifact downloaded: 33MB\nUsing Node.js 14.16.9\nFetching submodules...\nReady.\nOK\nCompiling src/utils.go...\nException: NullPointerException\nCache hit for key-5752\nCompiling components/service.java...\nCoverage: 86% statements, 87% branches\nBuilding Docker image...\nnpm notice: package.json updated\nCoverage: 83% statements, 86% branches\nLayer 7/14: ENV command\nnpm notice: package.json updated\n\u2713 All checks passed\nReady.\n\u2713 Step 'checkout' succeeded\nCompiling lib/handler.rs...\nStep 11/22: Linting\nGenerating source maps...\nStep 8/21: Linting\n[12:51:22] DEBUG: Memory usage: 796MB\nGenerating source maps...\nStep 7/20: Deploying\nCompiling components/utils.go...\nNODE_ENV=test\nDone.\nWARNING: lodash has known vulnerabilities\nCache saved successfully\nEnvironment: test\nBundling vendor.css\nAlready up to date.\nStep 8/24: Building\nCache saved successfully\npip install: Successfully installed webpack-5.13\nyarn add: Done in 29.28s\nConnection established\n[12:51:22] DEBUG: Memory usage: 489MB\nGenerating source maps...\n[12:51:22] DEBUG: Initializing service\nnpm notice: package.json updated\nTransforming 956 files...\nCache saved successfully\nWARNING: react has known vulnerabilities\n\u26a0 DEPRECATION: Feature will be removed in v4.0\nOptimizing 28 modules...\nArtifact uploaded: dist.zip (65MB)\n[12:51:22] DEBUG: Loading configuration\nRan 141 tests in 28s\nUploading artifact 'coverage' (21 files)\nStep 8/24: Running migrations\n  PASS: integration/test_api_health.spec.js\nGenerating source maps...\nUploading artifact 'coverage' (17 files)\nTest Suites: 16 passed, 49 total\n  PASS: test_auth_login (434ms)\n\u2713 test completed\nTests: 221 passed, 287 total\nUploading artifact 'build' (48 files)\nTime: 59.392s\n[12:51:22] INFO: Cache refreshed\nCompiling lib/handler.rs...\nBuilding Docker image...\nConnection established\nnpm install: added 327 packages\n\u2713 lint completed\nTLS handshake completed\nBundling runtime.css\n\u2713 All checks passed\nCoverage: 83% statements, 88% branches\n[12:51:22] DEBUG: Memory usage: 929MB\nFinished.\nLayer 8/11: COPY command\nCompiling utils/service.java...\n[12:51:22] DEBUG: Query executed in 75ms\nTransforming 577 files...\npip: Downloading eslint-2.16.tar.gz\nStep 8/22: Linting\nAlready up to date.\nTransforming 945 files...\nStep 5/23: Testing\nSwitched to branch 'bugfix/task-536'\nGenerating source maps...\n[12:51:22] INFO: Request completed\nStep 9/22: Testing\nPushing to registry...\n\u26a0 DEPRECATION: Feature will be removed in v4.0\nCache restored successfully (431MB)\n[12:51:22] INFO: Request completed\nSuccess!\nVerifying...\nFetching submodules...\n[12:51:22] INFO: Request completed\nTime: 14.254s\nUsing Node.js 14.11.2\nBuilding Docker image...\nWARNING: lodash has known vulnerabilities\nOK\nEnvironment: production\nStep 8/17: Building\nCompleted.\nStep 4/15: Linting\n=== Step deploy_staging completed ===",
    "steps": [
      {
        "name": "lint",
        "status": "success",
        "started_at": "2025-11-25T12:51:22.131074",
        "finished_at": "2025-11-25T12:51:42.238875",
        "log_lines": [
          "=== Step: lint ===",
          "Step 9/16: Running migrations",
          "Checking out main branch",
          "WARNING: webpack has known vulnerabilities",
          "Image pulled successfully",
          "Step 12/23: Building",
          "Cache invalidated: node_modules",
          "\u2713 deploy completed",
          "Environment: production",
          "Image pulled successfully",
          "[12:51:22] INFO: Connecting to database",
          "Test Suites: 20 passed, 47 total",
          "POST /api - 202 (99ms)",
          "Step 3/20: Deploying",
          "Checking out master branch",
          "[12:51:22] INFO: Starting build process",
          "Artifact downloaded: 40MB",
          "[12:51:22] INFO: Connecting to database",
          "Compiling components/app.ts...",
          "Snapshots: 19 passed, 0 total",
          "Bundling runtime.css",
          "npm install: added 132 packages",
          "[12:51:22] INFO: Request completed",
          "npm install: resolved 1644 packages",
          "pip: Installing build dependencies...",
          "Step 6/21: Linting",
          "Uploading artifact 'dist' (39 files)",
          "Pushing to registry...",
          "Ready.",
          "[12:51:22] DEBUG: Query executed in 88ms",
          "Already up to date.",
          "Cache saved successfully",
          "[12:51:22] WARN: Deprecated API usage",
          "Cache restored successfully (226MB)",
          "Step 9/17: Testing",
          "pip: Downloading eslint-3.7.tar.gz",
          "Environment: test",
          "npm install: added 322 packages",
          "\u2713 All checks passed",
          "WARNING: eslint has known vulnerabilities",
          "Step 4/16: Installing dependencies",
          "Completed.",
          "\u2713 Step 'install' succeeded",
          "Minifying vendor.js",
          "Ran 170 tests in 28s",
          "[12:51:22] ERROR: Connection failed",
          "Compiling lib/service.java...",
          "Building Docker image...",
          "Fetching submodules...",
          "[12:51:22] DEBUG: Connection pool: 10 active",
          "FAILED: test_db_connect",
          "Cache saved successfully",
          "[12:51:22] WARN: Deprecated API usage",
          "Done.",
          "npm install: resolved 292 packages",
          "yarn add: Done in 3.95s",
          "Success!",
          "Creating production build...",
          "Platform: darwin-arm64",
          "[12:51:22] DEBUG: Query executed in 18ms",
          "Fetching submodules...",
          "Exception: NullPointerException",
          "Test Suites: 37 passed, 31 total",
          "OK",
          "Pushing to registry...",
          "Generating source maps...",
          "Compiling utils/utils.go...",
          "Already up to date.",
          "Finished.",
          "\u2713 Step 'setup' succeeded",
          "Uploading artifact 'coverage' (17 files)",
          "Environment: staging",
          "npm notice: created a lockfile",
          "POST /upload - 201 (311ms)",
          "Switched to branch 'bugfix/task-496'",
          "Cache restored successfully (218MB)",
          "Step 14/17: Installing dependencies",
          "[12:51:22] DEBUG: Loading configuration",
          "Environment: development",
          "\u26a0 DEPRECATION: Feature will be removed in v4.0",
          "Ran 27 tests in 56s",
          "Transforming 843 files...",
          "Environment: development",
          "Snapshots: 1 passed, 10 total",
          "Success!",
          "Done.",
          "Waiting...",
          "Test Suites: 39 passed, 45 total",
          "Building Docker image...",
          "[12:51:22] DEBUG: Initializing service",
          "Step 10/20: Deploying",
          "npm notice: created a lockfile",
          "Compiling components/service.java...",
          "Processing...",
          "[12:51:22] DEBUG: Connection pool: 8 active",
          "Transforming 391 files...",
          "Switched to branch 'bugfix/task-206'",
          "[12:51:22] DEBUG: Query executed in 82ms",
          "\u2713 All checks passed",
          "Snapshots: 19 passed, 30 total",
          "[12:51:22] WARN: Deprecated API usage",
          "[12:51:22] INFO: Cache refreshed",
          "[12:51:22] WARN: Deprecated API usage",
          "WARNING: jest has known vulnerabilities",
          "  PASS: test_db_connect (264ms)",
          "Step 20/20: Testing",
          "[12:51:22] DEBUG: Loading configuration",
          "Cache hit for key-7598",
          "\u2717 build failed with exit code 114",
          "Using Python 3.12",
          "[12:51:22] DEBUG: Query executed in 30ms",
          "Cache saved successfully",
          "WARNING: webpack has known vulnerabilities",
          "yarn add: Done in 26.73s",
          "  PASS: test_user_create (438ms)",
          "\u2713 Step 'install' succeeded",
          "Step 1/21: Building",
          "Time: 47.874s",
          "[12:51:22] DEBUG: Query executed in 65ms",
          "  PASS: test_db_connect (243ms)",
          "Fetching from https://githubusercontent.com/package.json",
          "Bundling styles.css",
          "pip: Installing build dependencies...",
          "Fetching submodules...",
          "POST /data - 201 (494ms)",
          "Compiling components/service.java...",
          "Layer 9/15: RUN command",
          "Using Node.js 19.1.4",
          "\u2713 All checks passed",
          "Pushing to registry...",
          "Ran 124 tests in 6s",
          "Artifact downloaded: 16MB",
          "Fetching submodules...",
          "Step 9/23: Deploying",
          "Cache restored successfully (460MB)",
          "[12:51:22] WARN: Deprecated API usage",
          "Artifact uploaded: build.tar.gz (36MB)",
          "Creating production build...",
          "Fetching from https://pypi.org/package.json",
          "[12:51:22] ERROR: Connection failed",
          "[12:51:22] INFO: Starting build process",
          "Step 1/24: Testing",
          "Finished.",
          "POST /data - 200 (411ms)",
          "Using Python 3.11",
          "Layer 6/8: COPY command",
          "[12:51:22] DEBUG: Connection pool: 20 active",
          "Building Docker image...",
          "WARNING: react has known vulnerabilities",
          "\u26a0 DEPRECATION: Feature will be removed in v3.0",
          "Processing...",
          "Coverage: 88% statements, 74% branches",
          "[12:51:22] INFO: Starting build process",
          "Artifact uploaded: build.tar.gz (13MB)",
          "WARNING: webpack has known vulnerabilities",
          "[12:51:22] WARN: Deprecated API usage",
          "NODE_ENV=production",
          "Step 1/18: Testing",
          "Platform: darwin-arm64",
          "Fetching from https://docker.io/package.json",
          "[12:51:22] DEBUG: Query executed in 88ms",
          "pip: Downloading eslint-2.5.tar.gz",
          "Compiling src/utils.go...",
          "Fetching from https://amazonaws.com/package.json",
          "pip: Installing build dependencies...",
          "[12:51:22] WARN: Deprecated API usage",
          "npm notice: package.json updated",
          "\u2717 build failed with exit code 54",
          "Step 15/21: Running migrations",
          "Cache saved successfully",
          "\u2713 package completed",
          "Ran 198 tests in 32s",
          "Bundling vendor.css",
          "Ready.",
          "Step 17/20: Testing",
          "Building Docker image...",
          "Fetching from https://npmjs.org/package.json",
          "Waiting...",
          "  PASS: unit/test_db_connect.spec.js",
          "OK",
          "Success!",
          "Transforming 581 files...",
          "Compiling src/app.ts...",
          "Image pulled successfully",
          "Installing lodash@2.14.1",
          "Cache saved successfully",
          "[12:51:22] INFO: Processing request",
          "Artifact downloaded: 9MB",
          "[12:51:22] ERROR: Connection failed",
          "Fetching from https://registry.npmjs.org/package.json",
          "Fetching from https://githubusercontent.com/package.json",
          "Environment: test",
          "Step 19/19: Testing",
          "Compiling src/service.java...",
          "[12:51:22] DEBUG: Query executed in 61ms",
          "Cache invalidated: node_modules",
          "Compiling components/app.ts...",
          "Minifying vendor.js",
          "Artifact uploaded: dist.zip (48MB)",
          "\u2717 build failed with exit code 106",
          "Creating production build...",
          "yarn add: Done in 29.20s",
          "Pulling image: node:latest",
          "pip: Downloading webpack-2.17.tar.gz",
          "\u2713 All checks passed",
          "Compiling lib/service.java...",
          "yarn add: Done in 20.44s",
          "Optimizing 74 modules...",
          "[12:51:22] INFO: Request completed",
          "TLS handshake completed",
          "Minifying app.js",
          "Step 16/18: Installing dependencies",
          "pip: Downloading eslint-2.2.tar.gz",
          "  PASS: unit/test_cache_hit.spec.js",
          "  PASS: unit/test_cache_hit.spec.js",
          "Creating production build...",
          "Cache miss for key-3086",
          "npm install: resolved 400 packages",
          "Minifying app.js",
          "WARNING: jest has known vulnerabilities",
          "pip install: Successfully installed lodash-2.7",
          "Building Docker image...",
          "[12:51:22] INFO: Cache refreshed",
          "Verifying...",
          "[12:51:22] INFO: Request completed",
          "Fetching submodules...",
          "Ran 31 tests in 9s",
          "POST /upload - 201 (88ms)",
          "Switched to branch 'feature/task-424'",
          "Optimizing 52 modules...",
          "pip: Installing build dependencies...",
          "Bundling vendor.js",
          "HEAD is now at 3b149a6",
          "Creating production build...",
          "[12:51:22] INFO: Cache refreshed",
          "Done.",
          "=== Step lint completed ==="
        ]
      },
      {
        "name": "deploy_production",
        "status": "success",
        "started_at": "2025-11-25T12:51:42.238875",
        "finished_at": "2025-11-25T12:51:50.281995",
        "log_lines": [
          "=== Step: deploy_production ===",
          "pip: Collecting react",
          "Loading...",
          "\u26a0 DEPRECATION: Feature will be removed in v3.0",
          "[12:51:22] DEBUG: Connection pool: 1 active",
          "Cache saved successfully",
          "\u26a0 DEPRECATION: Feature will be removed in v3.0",
          "Optimizing 97 modules...",
          "Compiling src/service.java...",
          "Snapshots: 23 passed, 24 total",
          "Waiting...",
          "[12:51:22] DEBUG: Connection pool: 11 active",
          "Step 11/18: Linting",
          "Using Node.js 19.14.7",
          "Pushing to registry...",
          "\u2717 build failed with exit code 23",
          "pip: Installing build dependencies...",
          "Transforming 131 files...",
          "Done.",
          "\u2713 Step 'checkout' succeeded",
          "Compiling utils/utils.go...",
          "npm notice: created a lockfile",
          "Image pulled successfully",
          "[12:51:22] DEBUG: Connection pool: 20 active",
          "\u2713 All checks passed",
          "Ran 17 tests in 36s",
          "npm install: resolved 733 packages",
          "npm install: added 459 packages",
          "WARNING: express has known vulnerabilities",
          "[12:51:22] DEBUG: Loading configuration",
          "Generating source maps...",
          "OK",
          "Artifact downloaded: 36MB",
          "Artifact uploaded: dist.zip (23MB)",
          "Optimizing 86 modules...",
          "Artifact uploaded: build.tar.gz (25MB)",
          "Ready.",
          "\u2713 Task completed in 917ms",
          "Switched to branch 'bugfix/task-635'",
          "[12:51:22] ERROR: Connection failed",
          "\u2713 Step 'checkout' succeeded",
          "HEAD is now at 4951c51",
          "Completed.",
          "\u2713 Step 'test' succeeded",
          "[12:51:22] WARN: Deprecated API usage",
          "Step 5/15: Building",
          "Step 9/15: Linting",
          "pip: Installing build dependencies...",
          "[12:51:22] INFO: Request completed",
          "POST /data - 201 (188ms)",
          "  PASS: unit/test_user_create.spec.js",
          "  PASS: integration/test_auth_login.spec.js",
          "GET /api - 200 (64ms)",
          "Transforming 788 files...",
          "Already up to date.",
          "[12:51:22] DEBUG: Initializing service",
          "Compiling src/service.java...",
          "Cache hit for key-3362",
          "Artifact uploaded: build.tar.gz (19MB)",
          "Uploading artifact 'dist' (20 files)",
          "GET /status - 200 (53ms)",
          "FAILED: test_user_create",
          "Transforming 114 files...",
          "Switched to branch 'feature/task-336'",
          "Compiling lib/utils.go...",
          "Step 18/25: Linting",
          "\u2713 Task completed in 4041ms",
          "Coverage: 92% statements, 70% branches",
          "HEAD is now at d28807f",
          "Cache miss for key-5882",
          "Uploading artifact 'dist' (40 files)",
          "Fetching from https://github.com/package.json",
          "Cache saved successfully",
          "WARNING: webpack has known vulnerabilities",
          "npm install: resolved 1215 packages",
          "FAILED: test_auth_login",
          "\u26a0 DEPRECATION: Feature will be removed in v5.0",
          "Using Node.js 15.18.3",
          "NODE_ENV=production",
          "Transforming 784 files...",
          "Loading...",
          "Image pulled successfully",
          "Step 13/25: Testing",
          "Step 20/24: Testing",
          "[12:51:22] INFO: Processing request",
          "Step 12/24: Linting",
          "Step 5/23: Installing dependencies",
          "[12:51:22] DEBUG: Connection pool: 17 active",
          "[12:51:22] INFO: Cache refreshed",
          "Cache invalidated: dependencies",
          "Ready.",
          "\u2713 validate completed",
          "Step 4/23: Deploying",
          "[12:51:22] DEBUG: Loading configuration",
          "Step 14/15: Linting",
          "\u2713 validate completed",
          "[12:51:22] WARN: Deprecated API usage",
          "Time: 78.956s",
          "Image pulled successfully",
          "Ready.",
          "npm install: resolved 1206 packages",
          "Waiting...",
          "Minifying app.js",
          "npm install: resolved 1670 packages",
          "Building Docker image...",
          "yarn add: Done in 11.27s",
          "WARNING: jest has known vulnerabilities",
          "Minifying main.js",
          "npm install: resolved 156 packages",
          "Image pulled successfully",
          "Step 2/22: Deploying",
          "Coverage: 74% statements, 89% branches",
          "[12:51:22] INFO: Request completed",
          "Step 2/15: Installing dependencies",
          "Environment: test",
          "yarn add: Done in 27.15s",
          "Loading...",
          "HEAD is now at f3c6a5d",
          "npm notice: package.json updated",
          "\u26a0 DEPRECATION: Feature will be removed in v5.0",
          "[12:51:22] INFO: Request completed",
          "Processing...",
          "[12:51:22] DEBUG: Memory usage: 700MB",
          "npm notice: created a lockfile",
          "Checking out main branch",
          "Creating production build...",
          "Compiling utils/service.java...",
          "[12:51:22] DEBUG: Loading configuration",
          "[12:51:22] INFO: Processing request",
          "[12:51:22] DEBUG: Query executed in 96ms",
          "Generating source maps...",
          "Compiling utils/index.js...",
          "Compiling lib/service.java...",
          "NODE_ENV=test",
          "Pulling image: node:latest",
          "HEAD is now at 107ed4f",
          "pip install: Successfully installed eslint-2.11",
          "pip: Collecting express",
          "Compiling utils/service.java...",
          "  PASS: test_api_health (134ms)",
          "Compiling utils/main.py...",
          "Step 5/20: Linting",
          "[12:51:22] WARN: Deprecated API usage",
          "Image pulled successfully",
          "Pushing to registry...",
          "Image pulled successfully",
          "Coverage: 70% statements, 60% branches",
          "Connection established",
          "\u2717 build failed with exit code 35",
          "[12:51:22] WARN: Deprecated API usage",
          "Step 7/25: Deploying",
          "Ready.",
          "Processing...",
          "[12:51:22] WARN: Deprecated API usage",
          "Compiling lib/utils.go...",
          "Building Docker image...",
          "HEAD is now at 8255cb7",
          "Using Python 3.9",
          "Step 18/17: Deploying",
          "Test Suites: 7 passed, 48 total",
          "Tests: 251 passed, 270 total",
          "Platform: linux-x64",
          "Building Docker image...",
          "Pulling image: alpine:latest",
          "pip install: Successfully installed webpack-5.5",
          "POST /api - 202 (413ms)",
          "[12:51:22] INFO: Starting build process",
          "Time: 15.541s",
          "npm install: resolved 972 packages",
          "[12:51:22] DEBUG: Loading configuration",
          "Already up to date.",
          "Compiling utils/main.py...",
          "Environment: staging",
          "Compiling utils/service.java...",
          "pip: Downloading axios-2.9.tar.gz",
          "Uploading artifact 'dist' (31 files)",
          "Step 19/25: Linting",
          "pip: Collecting jest",
          "HEAD is now at d94a21a",
          "Environment: staging",
          "[12:51:22] INFO: Processing request",
          "Verifying...",
          "[12:51:22] DEBUG: Loading configuration",
          "Generating source maps...",
          "pip: Collecting prettier",
          "Layer 8/9: RUN command",
          "Success!",
          "Artifact downloaded: 42MB",
          "\u2717 build failed with exit code 51",
          "Step 20/23: Testing",
          "Uploading artifact 'build' (24 files)",
          "Switched to branch 'feature/task-941'",
          "\u2713 Task completed in 4682ms",
          "Generating source maps...",
          "Minifying vendor.js",
          "Optimizing 86 modules...",
          "Already up to date.",
          "[12:51:22] DEBUG: Loading configuration",
          "Test Suites: 34 passed, 44 total",
          "Connection established",
          "Step 14/16: Building",
          "\u2713 Task completed in 2949ms",
          "Generating source maps...",
          "[12:51:22] INFO: Connecting to database",
          "Connection established",
          "Compiling lib/index.js...",
          "Tests: 416 passed, 405 total",
          "Using Node.js 18.15.9",
          "Artifact downloaded: 28MB",
          "[12:51:22] DEBUG: Query executed in 71ms",
          "Finished.",
          "Cache hit for key-4012",
          "Ran 103 tests in 3s",
          "Step 19/15: Running migrations",
          "WARNING: axios has known vulnerabilities",
          "TLS handshake completed",
          "npm notice: created a lockfile",
          "Cache miss for key-8150",
          "Cache invalidated: dependencies",
          "Layer 2/13: RUN command",
          "pip install: Successfully installed axios-4.11",
          "Cache hit for key-1178",
          "Completed.",
          "  PASS: test_db_connect (213ms)",
          "[12:51:22] DEBUG: Memory usage: 975MB",
          "Ready.",
          "OK",
          "\u2713 validate completed",
          "Layer 8/15: ENV command",
          "Minifying vendor.js",
          "[12:51:22] INFO: Starting build process",
          "Pulling image: node:3.11",
          "npm notice: package.json updated",
          "\u26a0 DEPRECATION: Feature will be removed in v4.0",
          "\u26a0 DEPRECATION: Feature will be removed in v4.0",
          "pip: Collecting lodash",
          "=== Step deploy_production completed ==="
        ]
      },
      {
        "name": "e2e_tests",
        "status": "success",
        "started_at": "2025-11-25T12:51:50.281995",
        "finished_at": "2025-11-25T12:52:10.389796",
        "log_lines": [
          "=== Step: e2e_tests ===",
          "Step 2/18: Testing",
          "Step 20/18: Linting",
          "Snapshots: 47 passed, 26 total",
          "POST /data - 200 (379ms)",
          "Pushing to registry...",
          "Optimizing 47 modules...",
          "Bundling styles.css",
          "WARNING: jest has known vulnerabilities",
          "Done.",
          "pip install: Successfully installed jest-3.16",
          "Compiling utils/main.py...",
          "TLS handshake completed",
          "[12:51:22] DEBUG: Initializing service",
          "Fetching from https://npmjs.org/package.json",
          "Transforming 985 files...",
          "Compiling utils/service.java...",
          "npm install: resolved 1831 packages",
          "npm install: resolved 600 packages",
          "Snapshots: 36 passed, 39 total",
          "pip: Downloading webpack-1.0.tar.gz",
          "Using Python 3.12",
          "Artifact uploaded: build.tar.gz (15MB)",
          "Image pulled successfully",
          "Processing...",
          "npm notice: created a lockfile",
          "[12:51:22] WARN: Deprecated API usage",
          "  PASS: unit/test_db_connect.spec.js",
          "Compiling utils/app.ts...",
          "Step 5/18: Deploying",
          "Ready.",
          "Connection established",
          "[12:51:22] WARN: Deprecated API usage",
          "[12:51:22] WARN: Deprecated API usage",
          "Step 18/21: Building",
          "NODE_ENV=test",
          "\u2713 Task completed in 483ms",
          "Connection established",
          "Time: 23.62s",
          "pip install: Successfully installed jest-2.17",
          "\u26a0 DEPRECATION: Feature will be removed in v2.0",
          "\u2713 validate completed",
          "Processing...",
          "[12:51:22] WARN: Deprecated API usage",
          "Test Suites: 26 passed, 30 total",
          "Image pulled successfully",
          "Artifact uploaded: dist.zip (94MB)",
          "Optimizing 17 modules...",
          "Ready.",
          "Test Suites: 32 passed, 22 total",
          "Minifying main.js",
          "Using Node.js 14.18.7",
          "Fetching submodules...",
          "npm install: added 202 packages",
          "Waiting...",
          "Compiling components/main.py...",
          "WARNING: lodash has known vulnerabilities",
          "Step 20/22: Linting",
          "Step 8/16: Testing",
          "Ran 76 tests in 21s",
          "Image pulled successfully",
          "\u2713 All checks passed",
          "\u2713 Step 'setup' succeeded",
          "Using Node.js 16.13.0",
          "Bundling main.css",
          "Uploading artifact 'build' (15 files)",
          "Environment: production",
          "[12:51:22] DEBUG: Connection pool: 9 active",
          "Uploading artifact 'coverage' (28 files)",
          "WARNING: prettier has known vulnerabilities",
          "Cache restored successfully (384MB)",
          "Checking out main branch",
          "Layer 10/13: COPY command",
          "Ran 175 tests in 3s",
          "pip: Downloading express-1.7.tar.gz",
          "Tests: 466 passed, 486 total",
          "Transforming 642 files...",
          "POST /data - 200 (305ms)",
          "Already up to date.",
          "\u2713 validate completed",
          "[12:51:22] DEBUG: Connection pool: 8 active",
          "[12:51:22] WARN: Deprecated API usage",
          "Cache restored successfully (245MB)",
          "OK",
          "Time: 97.329s",
          "[12:51:22] INFO: Connecting to database",
          "Exception: NullPointerException",
          "Installing webpack@5.5.2",
          "pip: Installing build dependencies...",
          "Bundling runtime.js",
          "Success!",
          "Loading...",
          "Loading...",
          "pip: Installing build dependencies...",
          "yarn add: Done in 6.69s",
          "GET /api - 204 (83ms)",
          "Step 3/25: Deploying",
          "Fetching from https://pypi.org/package.json",
          "Pulling image: node:18",
          "\u26a0 DEPRECATION: Feature will be removed in v4.0",
          "Using Python 3.9",
          "OK",
          "Layer 6/10: COPY command",
          "\u2713 Step 'install' succeeded",
          "Success!",
          "Fetching from https://registry.npmjs.org/package.json",
          "Connection established",
          "Step 2/24: Building",
          "npm notice: package.json updated",
          "Finished.",
          "pip: Installing build dependencies...",
          "POST /upload - 200 (197ms)",
          "Environment: staging",
          "[12:51:22] DEBUG: Memory usage: 1679MB",
          "OK",
          "npm notice: created a lockfile",
          "Bundling vendor.css",
          "Transforming 347 files...",
          "[12:51:22] DEBUG: Query executed in 60ms",
          "Uploading artifact 'coverage' (40 files)",
          "yarn add: Done in 7.95s",
          "Step 7/19: Linting",
          "Using Node.js 18.15.9",
          "Pushing to registry...",
          "Verifying...",
          "  PASS: integration/test_db_connect.spec.js",
          "[12:51:22] DEBUG: Initializing service",
          "Creating production build...",
          "Pushing to registry...",
          "[12:51:22] INFO: Processing request",
          "[12:51:22] INFO: Processing request",
          "Environment: production",
          "\u2713 Task completed in 2899ms",
          "Installing eslint@2.20.8",
          "[12:51:22] WARN: Deprecated API usage",
          "Fetching from https://registry.npmjs.org/package.json",
          "WARNING: prettier has known vulnerabilities",
          "Generating source maps...",
          "Pulling image: python:18",
          "Environment: production",
          "[12:51:22] WARN: Deprecated API usage",
          "Completed.",
          "Coverage: 90% statements, 82% branches",
          "[12:51:22] INFO: Processing request",
          "Loading...",
          "\u26a0 DEPRECATION: Feature will be removed in v3.0",
          "Creating production build...",
          "Step 19/21: Running migrations",
          "Artifact downloaded: 20MB",
          "[12:51:22] INFO: Connecting to database",
          "Artifact downloaded: 19MB",
          "Optimizing 47 modules...",
          "Waiting...",
          "GET /api - 200 (6ms)",
          "\u26a0 DEPRECATION: Feature will be removed in v3.0",
          "npm notice: created a lockfile",
          "[12:51:22] DEBUG: Query executed in 93ms",
          "\u2713 package completed",
          "Checking out master branch",
          "NODE_ENV=test",
          "\u26a0 DEPRECATION: Feature will be removed in v2.0",
          "[12:51:22] DEBUG: Loading configuration",
          "[12:51:22] DEBUG: Connection pool: 9 active",
          "Ready.",
          "Switched to branch 'feature/task-492'",
          "npm install: added 167 packages",
          "Verifying...",
          "npm notice: created a lockfile",
          "Transforming 999 files...",
          "HEAD is now at 6ef708b",
          "Cache restored successfully (168MB)",
          "npm install: added 406 packages",
          "Checking out develop branch",
          "Creating production build...",
          "Artifact downloaded: 30MB",
          "Exception: RuntimeError",
          "Switched to branch 'bugfix/task-664'",
          "[12:51:22] WARN: Deprecated API usage",
          "\u26a0 DEPRECATION: Feature will be removed in v4.0",
          "Step 18/20: Running migrations",
          "[12:51:22] DEBUG: Initializing service",
          "Optimizing 56 modules...",
          "Environment: test",
          "Cache hit for key-6587",
          "Switched to branch 'hotfix/task-159'",
          "[12:51:22] INFO: Cache refreshed",
          "npm notice: package.json updated",
          "GET /api - 200 (99ms)",
          "Compiling lib/app.ts...",
          "NODE_ENV=test",
          "[12:51:22] DEBUG: Loading configuration",
          "Switched to branch 'bugfix/task-577'",
          "HEAD is now at f1254b6",
          "npm install: resolved 959 packages",
          "\u2713 All checks passed",
          "Image pulled successfully",
          "[12:51:22] DEBUG: Loading configuration",
          "Environment: production",
          "Success!",
          "Cache restored successfully (324MB)",
          "WARNING: webpack has known vulnerabilities",
          "\u2717 build failed with exit code 59",
          "Step 17/23: Linting",
          "npm install: added 367 packages",
          "[12:51:22] WARN: Deprecated API usage",
          "OK",
          "[12:51:22] DEBUG: Loading configuration",
          "HEAD is now at dd6953b",
          "Cache miss for key-5513",
          "Ran 88 tests in 45s",
          "Step 4/25: Running migrations",
          "Cache restored successfully (138MB)",
          "Step 14/25: Installing dependencies",
          "Uploading artifact 'coverage' (39 files)",
          "npm install: added 268 packages",
          "[12:51:22] INFO: Connecting to database",
          "Ran 168 tests in 31s",
          "\u2713 Task completed in 2582ms",
          "FAILED: test_db_connect",
          "Artifact uploaded: dist.zip (49MB)",
          "NODE_ENV=production",
          "[12:51:22] INFO: Starting build process",
          "Cache invalidated: node_modules",
          "[12:51:22] INFO: Starting build process",
          "\u2713 Task completed in 2184ms",
          "pip install: Successfully installed react-2.13",
          "Switched to branch 'feature/task-600'",
          "GET /status - 201 (72ms)",
          "Layer 10/10: ENV command",
          "Switched to branch 'bugfix/task-575'",
          "Loading...",
          "Cache invalidated: build",
          "[12:51:22] WARN: Deprecated API usage",
          "Step 9/24: Building",
          "POST /data - 201 (297ms)",
          "[12:51:22] INFO: Request completed",
          "=== Step e2e_tests completed ==="
        ]
      },
      {
        "name": "setup_node",
        "status": "success",
        "started_at": "2025-11-25T12:52:10.389796",
        "finished_at": "2025-11-25T12:52:30.497597",
        "log_lines": [
          "=== Step: setup_node ===",
          "[12:51:22] DEBUG: Connection pool: 8 active",
          "Ready.",
          "Step 20/24: Installing dependencies",
          "Artifact uploaded: dist.zip (31MB)",
          "Compiling components/service.java...",
          "Success!",
          "Creating production build...",
          "Using Python 3.9",
          "[12:51:22] INFO: Cache refreshed",
          "Compiling lib/utils.go...",
          "Transforming 848 files...",
          "Coverage: 83% statements, 75% branches",
          "\u2713 Step 'checkout' succeeded",
          "\u2713 lint completed",
          "Finished.",
          "Fetching from https://pypi.org/package.json",
          "NODE_ENV=development",
          "[12:51:22] INFO: Request completed",
          "[12:51:22] INFO: Starting build process",
          "Processing...",
          "Loading...",
          "npm notice: package.json updated",
          "Fetching from https://github.com/package.json",
          "Finished.",
          "Fetching from https://gcr.io/package.json",
          "Processing...",
          "\u2713 Task completed in 2763ms",
          "yarn add: Done in 17.36s",
          "Exception: ValueError",
          "[12:51:22] DEBUG: Memory usage: 640MB",
          "HEAD is now at 5c4c348",
          "Uploading artifact 'dist' (29 files)",
          "WARNING: react has known vulnerabilities",
          "Switched to branch 'bugfix/task-586'",
          "Compiling utils/service.java...",
          "[12:51:22] WARN: Deprecated API usage",
          "Test Suites: 47 passed, 13 total",
          "Step 5/20: Installing dependencies",
          "[12:51:22] INFO: Cache refreshed",
          "\u2713 All checks passed",
          "pip: Downloading eslint-1.19.tar.gz",
          "Cache miss for key-2512",
          "Step 16/21: Linting",
          "Verifying...",
          "Coverage: 96% statements, 65% branches",
          "[12:51:22] WARN: Deprecated API usage",
          "Optimizing 18 modules...",
          "Step 19/15: Testing",
          "Compiling src/index.js...",
          "[12:51:22] WARN: Deprecated API usage",
          "Connection established",
          "yarn add: Done in 15.86s",
          "Snapshots: 13 passed, 40 total",
          "Success!",
          "[12:51:22] INFO: Connecting to database",
          "Loading...",
          "GET /health - 204 (67ms)",
          "Cache invalidated: node_modules",
          "[12:51:22] INFO: Starting build process",
          "Optimizing 75 modules...",
          "Switched to branch 'bugfix/task-887'",
          "\u2713 Step 'setup' succeeded",
          "Pushing to registry...",
          "[12:51:22] DEBUG: Query executed in 49ms",
          "Creating production build...",
          "[12:51:22] INFO: Cache refreshed",
          "[12:51:22] DEBUG: Query executed in 78ms",
          "\u2713 lint completed",
          "Fetching from https://npmjs.org/package.json",
          "Step 14/23: Linting",
          "Cache restored successfully (430MB)",
          "[12:51:22] DEBUG: Memory usage: 1591MB",
          "Creating production build...",
          "Already up to date.",
          "Connection established",
          "Loading...",
          "Platform: linux-x64",
          "Ran 114 tests in 52s",
          "Time: 57.976s",
          "[12:51:22] WARN: Deprecated API usage",
          "Loading...",
          "[12:51:22] INFO: Cache refreshed",
          "Cache invalidated: node_modules",
          "OK",
          "\u2713 All checks passed",
          "Step 5/15: Running migrations",
          "Image pulled successfully",
          "Snapshots: 7 passed, 49 total",
          "\u2713 All checks passed",
          "Fetching from https://github.com/package.json",
          "Switched to branch 'bugfix/task-927'",
          "Time: 65.502s",
          "\u26a0 DEPRECATION: Feature will be removed in v2.0",
          "\u2713 All checks passed",
          "pip: Downloading prettier-4.15.tar.gz",
          "\u2713 Step 'setup' succeeded",
          "yarn add: Done in 14.61s",
          "FAILED: test_cache_hit",
          "Switched to branch 'bugfix/task-456'",
          "\u2713 All checks passed",
          "Ready.",
          "WARNING: webpack has known vulnerabilities",
          "TLS handshake completed",
          "npm notice: created a lockfile",
          "[12:51:22] DEBUG: Initializing service",
          "Compiling lib/main.py...",
          "Generating source maps...",
          "Coverage: 76% statements, 63% branches",
          "Transforming 557 files...",
          "[12:51:22] INFO: Cache refreshed",
          "pip: Downloading lodash-2.20.tar.gz",
          "\u26a0 DEPRECATION: Feature will be removed in v3.0",
          "Exception: NullPointerException",
          "Layer 5/10: ENV command",
          "Cache hit for key-8607",
          "Building Docker image...",
          "Step 11/21: Deploying",
          "pip install: Successfully installed express-3.15",
          "Step 16/17: Installing dependencies",
          "Already up to date.",
          "Checking out master branch",
          "Artifact uploaded: build.tar.gz (8MB)",
          "Artifact downloaded: 22MB",
          "Cache saved successfully",
          "Test Suites: 19 passed, 23 total",
          "  PASS: e2e/test_auth_login.spec.js",
          "NODE_ENV=production",
          "Image pulled successfully",
          "Bundling main.css",
          "Pushing to registry...",
          "Creating production build...",
          "Uploading artifact 'build' (17 files)",
          "npm notice: created a lockfile",
          "Bundling vendor.js",
          "Step 17/22: Deploying",
          "Layer 2/13: COPY command",
          "[12:51:22] DEBUG: Connection pool: 7 active",
          "Artifact uploaded: build.tar.gz (41MB)",
          "\u2713 All checks passed",
          "npm install: resolved 1994 packages",
          "Step 11/16: Installing dependencies",
          "Generating source maps...",
          "pip: Collecting express",
          "OK",
          "[12:51:22] ERROR: Connection failed",
          "Cache restored successfully (265MB)",
          "Already up to date.",
          "Connection established",
          "GET /health - 200 (79ms)",
          "WARNING: prettier has known vulnerabilities",
          "\u2713 Task completed in 643ms",
          "Waiting...",
          "Checking out main branch",
          "Switched to branch 'bugfix/task-508'",
          "Connection established",
          "Step 12/21: Running migrations",
          "Ran 72 tests in 32s",
          "\u26a0 DEPRECATION: Feature will be removed in v2.0",
          "npm notice: created a lockfile",
          "Step 8/22: Running migrations",
          "[12:51:22] DEBUG: Initializing service",
          "Pushing to registry...",
          "Artifact uploaded: dist.zip (6MB)",
          "Fetching submodules...",
          "Time: 111.807s",
          "Cache invalidated: node_modules",
          "Environment: staging",
          "Pushing to registry...",
          "[12:51:22] INFO: Starting build process",
          "NODE_ENV=development",
          "  PASS: e2e/test_cache_hit.spec.js",
          "npm notice: created a lockfile",
          "[12:51:22] ERROR: Connection failed",
          "NODE_ENV=development",
          "Cache invalidated: node_modules",
          "Finished.",
          "[12:51:22] INFO: Cache refreshed",
          "Waiting...",
          "npm install: resolved 485 packages",
          "[12:51:22] INFO: Processing request",
          "[12:51:22] WARN: Deprecated API usage",
          "pip: Downloading express-5.6.tar.gz",
          "Step 9/25: Running migrations",
          "Finished.",
          "GET /health - 201 (34ms)",
          "NODE_ENV=production",
          "TLS handshake completed",
          "  PASS: unit/test_cache_hit.spec.js",
          "Cache restored successfully (122MB)",
          "Compiling lib/service.java...",
          "  PASS: test_cache_hit (227ms)",
          "Artifact uploaded: dist.zip (20MB)",
          "NODE_ENV=production",
          "Minifying app.js",
          "Done.",
          "\u2713 Step 'build' succeeded",
          "Cache hit for key-1413",
          "Generating source maps...",
          "Completed.",
          "Cache hit for key-8541",
          "Pushing to registry...",
          "[12:51:22] DEBUG: Loading configuration",
          "npm install: resolved 738 packages",
          "[12:51:22] DEBUG: Memory usage: 1768MB",
          "[12:51:22] INFO: Request completed",
          "Exception: NullPointerException",
          "Platform: linux-x64",
          "Cache saved successfully",
          "pip install: Successfully installed react-5.20",
          "[12:51:22] INFO: Cache refreshed",
          "Processing...",
          "\u2713 All checks passed",
          "Artifact uploaded: dist.zip (83MB)",
          "Snapshots: 0 passed, 31 total",
          "Layer 3/14: RUN command",
          "Layer 9/15: RUN command",
          "POST /upload - 201 (29ms)",
          "[12:51:22] DEBUG: Memory usage: 1584MB",
          "Verifying...",
          "Cache invalidated: dependencies",
          "FAILED: test_user_create",
          "[12:51:22] WARN: Deprecated API usage",
          "[12:51:22] WARN: Deprecated API usage",
          "Bundling vendor.js",
          "Cache hit for key-5825",
          "Loading...",
          "TLS handshake completed",
          "Ran 100 tests in 1s",
          "Step 10/25: Deploying",
          "Step 11/15: Installing dependencies",
          "\u26a0 DEPRECATION: Feature will be removed in v5.0",
          "npm install: added 444 packages",
          "Finished.",
          "Artifact uploaded: dist.zip (85MB)",
          "Optimizing 74 modules...",
          "=== Step setup_node completed ==="
        ]
      },
      {
        "name": "checkout",
        "status": "success",
        "started_at": "2025-11-25T12:52:30.497597",
        "finished_at": "2025-11-25T12:52:38.540717",
        "log_lines": [
          "=== Step: checkout ===",
          "Verifying...",
          "Step 18/18: Running migrations",
          "Fetching from https://pypi.org/package.json",
          "\u26a0 DEPRECATION: Feature will be removed in v5.0",
          "Loading...",
          "\u2713 Step 'install' succeeded",
          "Using Node.js 17.15.1",
          "Pulling image: node:18",
          "Completed.",
          "\u26a0 DEPRECATION: Feature will be removed in v2.0",
          "WARNING: jest has known vulnerabilities",
          "pip: Downloading webpack-4.8.tar.gz",
          "Fetching submodules...",
          "[12:51:22] INFO: Connecting to database",
          "Platform: linux-x64",
          "Test Suites: 39 passed, 6 total",
          "Compiling src/main.py...",
          "[12:51:22] WARN: Deprecated API usage",
          "Step 8/17: Building",
          "Processing...",
          "Environment: test",
          "\u26a0 DEPRECATION: Feature will be removed in v5.0",
          "pip: Installing build dependencies...",
          "Creating production build...",
          "HEAD is now at 3836f5f",
          "Artifact uploaded: build.tar.gz (22MB)",
          "Transforming 426 files...",
          "[12:51:22] WARN: Deprecated API usage",
          "WARNING: react has known vulnerabilities",
          "Step 7/15: Deploying",
          "Tests: 397 passed, 92 total",
          "pip: Installing build dependencies...",
          "Bundling vendor.css",
          "Step 6/16: Installing dependencies",
          "Artifact uploaded: build.tar.gz (17MB)",
          "Step 11/22: Linting",
          "\u2713 Step 'install' succeeded",
          "Compiling lib/index.js...",
          "Fetching from https://gcr.io/package.json",
          "Ran 15 tests in 22s",
          "[12:51:22] INFO: Request completed",
          "Bundling runtime.css",
          "[12:51:22] INFO: Request completed",
          "Compiling src/app.ts...",
          "FAILED: test_auth_login",
          "Success!",
          "\u2713 Step 'build' succeeded",
          "Test Suites: 45 passed, 13 total",
          "Artifact uploaded: dist.zip (47MB)",
          "\u26a0 DEPRECATION: Feature will be removed in v2.0",
          "Step 13/20: Running migrations",
          "POST /api - 200 (125ms)",
          "FAILED: test_cache_hit",
          "[12:51:22] INFO: Starting build process",
          "Using Node.js 14.12.8",
          "\u26a0 DEPRECATION: Feature will be removed in v5.0",
          "npm install: added 423 packages",
          "Cache invalidated: build",
          "  PASS: test_cache_hit (25ms)",
          "npm notice: created a lockfile",
          "Compiling utils/main.py...",
          "Environment: development",
          "Exception: ValueError",
          "npm install: added 62 packages",
          "[12:51:22] WARN: Deprecated API usage",
          "Compiling components/app.ts...",
          "Layer 6/10: RUN command",
          "pip install: Successfully installed react-1.10",
          "Loading...",
          "Done.",
          "Artifact uploaded: build.tar.gz (14MB)",
          "Finished.",
          "Uploading artifact 'build' (46 files)",
          "Minifying vendor.js",
          "Cache saved successfully",
          "Creating production build...",
          "pip: Installing build dependencies...",
          "yarn add: Done in 3.33s",
          "Bundling runtime.css",
          "[12:51:22] INFO: Connecting to database",
          "Completed.",
          "Compiling utils/handler.rs...",
          "pip: Downloading express-1.7.tar.gz",
          "Artifact uploaded: dist.zip (81MB)",
          "WARNING: lodash has known vulnerabilities",
          "Artifact uploaded: dist.zip (31MB)",
          "Step 1/19: Linting",
          "[12:51:22] INFO: Processing request",
          "Fetching submodules...",
          "Step 13/25: Linting",
          "Step 13/20: Running migrations",
          "Switched to branch 'bugfix/task-511'",
          "GET /api - 201 (2ms)",
          "Ran 103 tests in 14s",
          "[12:51:22] INFO: Connecting to database",
          "Fetching submodules...",
          "npm install: resolved 1794 packages",
          "\u2717 build failed with exit code 69",
          "\u26a0 DEPRECATION: Feature will be removed in v5.0",
          "Environment: test",
          "[12:51:22] DEBUG: Connection pool: 3 active",
          "\u26a0 DEPRECATION: Feature will be removed in v2.0",
          "Compiling src/handler.rs...",
          "Optimizing 46 modules...",
          "[12:51:22] INFO: Starting build process",
          "\u2713 deploy completed",
          "Fetching submodules...",
          "Ready.",
          "Transforming 656 files...",
          "Installing prettier@2.7.4",
          "Already up to date.",
          "Processing...",
          "Snapshots: 20 passed, 36 total",
          "Compiling components/index.js...",
          "Processing...",
          "Image pulled successfully",
          "Fetching from https://googleapis.com/package.json",
          "Platform: darwin-arm64",
          "Ran 170 tests in 23s",
          "Already up to date.",
          "\u2717 build failed with exit code 61",
          "Verifying...",
          "Done.",
          "\u2713 All checks passed",
          "Loading...",
          "Exception: RuntimeError",
          "Environment: development",
          "[12:51:22] INFO: Processing request",
          "Compiling lib/app.ts...",
          "Snapshots: 26 passed, 14 total",
          "\u2713 lint completed",
          "Step 19/20: Building",
          "Installing express@1.10.8",
          "Time: 81.817s",
          "Cache miss for key-8826",
          "Step 20/25: Running migrations",
          "[12:51:22] INFO: Starting build process",
          "Generating source maps...",
          "Uploading artifact 'build' (46 files)",
          "Generating source maps...",
          "[12:51:22] DEBUG: Loading configuration",
          "pip: Collecting lodash",
          "Using Python 3.12",
          "\u2713 All checks passed",
          "Time: 111.324s",
          "Artifact downloaded: 33MB",
          "pip: Downloading prettier-5.12.tar.gz",
          "Image pulled successfully",
          "Exception: TypeError",
          "Creating production build...",
          "  PASS: test_cache_hit (185ms)",
          "pip: Collecting jest",
          "Switched to branch 'hotfix/task-740'",
          "Uploading artifact 'dist' (15 files)",
          "pip: Installing build dependencies...",
          "[12:51:22] INFO: Processing request",
          "Exception: RuntimeError",
          "Creating production build...",
          "Waiting...",
          "Compiling src/service.java...",
          "[12:51:22] INFO: Starting build process",
          "Uploading artifact 'build' (14 files)",
          "Cache restored successfully (111MB)",
          "npm notice: created a lockfile",
          "Success!",
          "Using Python 3.10",
          "[12:51:22] INFO: Request completed",
          "[12:51:22] INFO: Request completed",
          "TLS handshake completed",
          "Coverage: 70% statements, 68% branches",
          "POST /upload - 202 (254ms)",
          "Compiling utils/app.ts...",
          "GET /api - 201 (94ms)",
          "Using Python 3.10",
          "Pushing to registry...",
          "  PASS: unit/test_user_create.spec.js",
          "Compiling utils/index.js...",
          "Processing...",
          "OK",
          "Tests: 342 passed, 487 total",
          "Transforming 544 files...",
          "Waiting...",
          "Building Docker image...",
          "Creating production build...",
          "[12:51:22] INFO: Processing request",
          "Creating production build...",
          "  PASS: test_db_connect (466ms)",
          "[12:51:22] DEBUG: Memory usage: 1874MB",
          "Step 11/21: Building",
          "OK",
          "Compiling lib/index.js...",
          "[12:51:22] DEBUG: Memory usage: 1817MB",
          "\u2713 Step 'build' succeeded",
          "Step 3/15: Testing",
          "Step 11/24: Testing",
          "pip: Installing build dependencies...",
          "Finished.",
          "HEAD is now at 5ef5722",
          "HEAD is now at af482be",
          "WARNING: prettier has known vulnerabilities",
          "[12:51:22] INFO: Cache refreshed",
          "POST /api - 201 (392ms)",
          "WARNING: eslint has known vulnerabilities",
          "Installing webpack@5.3.6",
          "Step 4/24: Testing",
          "[12:51:22] DEBUG: Connection pool: 13 active",
          "[12:51:22] DEBUG: Initializing service",
          "WARNING: react has known vulnerabilities",
          "Pulling image: node:latest",
          "[12:51:22] INFO: Starting build process",
          "Cache saved successfully",
          "Platform: win32-x64",
          "HEAD is now at c3dff6d",
          "[12:51:22] INFO: Processing request",
          "Cache restored successfully (322MB)",
          "Ran 72 tests in 23s",
          "pip: Collecting prettier",
          "HEAD is now at d4afa24",
          "  PASS: unit/test_db_connect.spec.js",
          "pip: Collecting express",
          "Checking out master branch",
          "Compiling src/app.ts...",
          "Completed.",
          "WARNING: webpack has known vulnerabilities",
          "Fetching from https://pypi.org/package.json",
          "Step 20/20: Running migrations",
          "  PASS: e2e/test_user_create.spec.js",
          "Artifact downloaded: 43MB",
          "pip: Collecting eslint",
          "Artifact uploaded: dist.zip (12MB)",
          "Optimizing 34 modules...",
          "npm notice: package.json updated",
          "HEAD is now at 0dbc77a",
          "WARNING: webpack has known vulnerabilities",
          "yarn add: Done in 22.75s",
          "=== Step checkout completed ==="
        ]
      },
      {
        "name": "save_cache",
        "status": "success",
        "started_at": "2025-11-25T12:52:38.540717",
        "finished_at": "2025-11-25T12:52:50.605398",
        "log_lines": [
          "=== Step: save_cache ===",
          "Cache invalidated: node_modules",
          "Using Python 3.11",
          "pip: Downloading react-1.5.tar.gz",
          "Compiling src/index.js...",
          "Generating source maps...",
          "Using Node.js 20.14.9",
          "[12:51:22] INFO: Starting build process",
          "Test Suites: 44 passed, 25 total",
          "Step 2/24: Building",
          "Step 19/15: Running migrations",
          "Ran 91 tests in 47s",
          "Processing...",
          "Step 2/15: Linting",
          "OK",
          "Layer 5/14: ENV command",
          "Step 14/16: Testing",
          "Uploading artifact 'coverage' (9 files)",
          "Finished.",
          "[12:51:22] WARN: Deprecated API usage",
          "[12:51:22] WARN: Deprecated API usage",
          "Already up to date.",
          "[12:51:22] WARN: Deprecated API usage",
          "pip: Installing build dependencies...",
          "[12:51:22] DEBUG: Memory usage: 1825MB",
          "Installing eslint@1.13.3",
          "Cache saved successfully",
          "Checking out master branch",
          "Installing express@2.15.9",
          "Bundling styles.css",
          "Processing...",
          "[12:51:22] DEBUG: Query executed in 74ms",
          "\u26a0 DEPRECATION: Feature will be removed in v4.0",
          "[12:51:22] DEBUG: Connection pool: 20 active",
          "Checking out main branch",
          "pip: Installing build dependencies...",
          "Compiling lib/service.java...",
          "Installing prettier@1.7.7",
          "yarn add: Done in 2.73s",
          "  PASS: test_cache_hit (273ms)",
          "FAILED: test_auth_login",
          "Exception: ValueError",
          "Snapshots: 7 passed, 14 total",
          "\u2713 All checks passed",
          "Cache restored successfully (187MB)",
          "Building Docker image...",
          "Step 5/19: Testing",
          "[12:51:22] INFO: Processing request",
          "Creating production build...",
          "Using Node.js 18.16.10",
          "NODE_ENV=test",
          "Switched to branch 'bugfix/task-630'",
          "Fetching submodules...",
          "\u2713 Task completed in 430ms",
          "pip install: Successfully installed lodash-3.19",
          "Ran 96 tests in 24s",
          "Cache saved successfully",
          "Time: 22.178s",
          "[12:51:22] INFO: Connecting to database",
          "Pushing to registry...",
          "Image pulled successfully",
          "[12:51:22] DEBUG: Initializing service",
          "WARNING: express has known vulnerabilities",
          "[12:51:22] DEBUG: Connection pool: 10 active",
          "pip: Installing build dependencies...",
          "HEAD is now at a0acab4",
          "TLS handshake completed",
          "Tests: 343 passed, 457 total",
          "Building Docker image...",
          "Snapshots: 45 passed, 38 total",
          "Transforming 423 files...",
          "Platform: darwin-arm64",
          "Snapshots: 44 passed, 24 total",
          "[12:51:22] INFO: Connecting to database",
          "[12:51:22] DEBUG: Initializing service",
          "Transforming 506 files...",
          "\u2713 deploy completed",
          "pip: Downloading lodash-2.6.tar.gz",
          "HEAD is now at 8e4905c",
          "npm install: added 249 packages",
          "Optimizing 82 modules...",
          "NODE_ENV=production",
          "Bundling main.js",
          "Tests: 493 passed, 180 total",
          "\u2713 All checks passed",
          "Cache saved successfully",
          "Ready.",
          "Coverage: 84% statements, 72% branches",
          "  PASS: test_auth_login (300ms)",
          "Pulling image: python:3.11",
          "Tests: 425 passed, 427 total",
          "Connection established",
          "yarn add: Done in 11.78s",
          "Transforming 296 files...",
          "Artifact uploaded: dist.zip (20MB)",
          "Exception: RuntimeError",
          "Step 14/25: Building",
          "NODE_ENV=development",
          "npm install: resolved 1962 packages",
          "Connection established",
          "npm notice: created a lockfile",
          "GET /status - 204 (91ms)",
          "[12:51:22] DEBUG: Query executed in 83ms",
          "Snapshots: 43 passed, 3 total",
          "\u2713 Step 'install' succeeded",
          "Cache saved successfully",
          "[12:51:22] DEBUG: Loading configuration",
          "Environment: staging",
          "Compiling components/index.js...",
          "Verifying...",
          "Cache saved successfully",
          "Connection established",
          "Compiling src/handler.rs...",
          "[12:51:22] WARN: Deprecated API usage",
          "[12:51:22] INFO: Request completed",
          "Environment: production",
          "Compiling components/main.py...",
          "Time: 115.496s",
          "npm notice: created a lockfile",
          "pip: Downloading webpack-2.12.tar.gz",
          "[12:51:22] DEBUG: Memory usage: 1471MB",
          "\u26a0 DEPRECATION: Feature will be removed in v4.0",
          "npm notice: package.json updated",
          "[12:51:22] INFO: Request completed",
          "Connection established",
          "Coverage: 91% statements, 68% branches",
          "[12:51:22] DEBUG: Connection pool: 13 active",
          "NODE_ENV=test",
          "Test Suites: 28 passed, 6 total",
          "pip install: Successfully installed prettier-2.5",
          "\u2713 All checks passed",
          "Success!",
          "pip: Downloading prettier-2.19.tar.gz",
          "Using Python 3.12",
          "Layer 2/11: COPY command",
          "NODE_ENV=production",
          "pip install: Successfully installed jest-5.2",
          "npm install: added 202 packages",
          "[12:51:22] INFO: Starting build process",
          "\u2713 All checks passed",
          "Transforming 593 files...",
          "Cache restored successfully (466MB)",
          "Verifying...",
          "Time: 113.477s",
          "Artifact uploaded: dist.zip (35MB)",
          "[12:51:22] WARN: Deprecated API usage",
          "[12:51:22] INFO: Starting build process",
          "Tests: 417 passed, 278 total",
          "[12:51:22] ERROR: Connection failed",
          "WARNING: lodash has known vulnerabilities",
          "Step 18/24: Linting",
          "[12:51:22] ERROR: Connection failed",
          "pip: Installing build dependencies...",
          "GET /health - 204 (52ms)",
          "[12:51:22] DEBUG: Loading configuration",
          "pip: Installing build dependencies...",
          "Done.",
          "Using Node.js 16.18.1",
          "TLS handshake completed",
          "Installing lodash@4.13.10",
          "WARNING: react has known vulnerabilities",
          "\u2713 Task completed in 1108ms",
          "POST /data - 201 (307ms)",
          "npm install: added 408 packages",
          "Test Suites: 37 passed, 12 total",
          "Coverage: 82% statements, 80% branches",
          "pip install: Successfully installed jest-3.18",
          "[12:51:22] INFO: Starting build process",
          "npm notice: created a lockfile",
          "Cache hit for key-4255",
          "POST /data - 201 (283ms)",
          "Checking out master branch",
          "Finished.",
          "pip: Downloading axios-2.1.tar.gz",
          "pip: Installing build dependencies...",
          "[12:51:22] INFO: Request completed",
          "Already up to date.",
          "npm install: resolved 342 packages",
          "Pulling image: node:3.11",
          "Compiling components/index.js...",
          "Step 13/18: Running migrations",
          "OK",
          "Creating production build...",
          "Completed.",
          "Cache miss for key-3687",
          "Test Suites: 23 passed, 40 total",
          "Already up to date.",
          "pip install: Successfully installed jest-4.13",
          "\u26a0 DEPRECATION: Feature will be removed in v2.0",
          "OK",
          "npm install: added 168 packages",
          "WARNING: axios has known vulnerabilities",
          "HEAD is now at a836403",
          "[12:51:22] WARN: Deprecated API usage",
          "Fetching submodules...",
          "Minifying app.js",
          "Step 10/24: Building",
          "[12:51:22] DEBUG: Memory usage: 450MB",
          "Compiling lib/service.java...",
          "Platform: win32-x64",
          "Fetching submodules...",
          "npm notice: created a lockfile",
          "Fetching from https://github.com/package.json",
          "[12:51:22] INFO: Connecting to database",
          "Cache hit for key-4818",
          "OK",
          "Step 10/18: Deploying",
          "Test Suites: 44 passed, 24 total",
          "Step 14/15: Running migrations",
          "Bundling vendor.css",
          "  PASS: integration/test_auth_login.spec.js",
          "Artifact downloaded: 41MB",
          "Cache saved successfully",
          "npm notice: created a lockfile",
          "Cache saved successfully",
          "GET /status - 204 (99ms)",
          "[12:51:22] INFO: Request completed",
          "[12:51:22] DEBUG: Connection pool: 8 active",
          "Cache saved successfully",
          "[12:51:22] WARN: Deprecated API usage",
          "[12:51:22] DEBUG: Loading configuration",
          "\u2713 Step 'build' succeeded",
          "Switched to branch 'feature/task-980'",
          "Artifact uploaded: build.tar.gz (31MB)",
          "Layer 10/14: ENV command",
          "Step 7/20: Running migrations",
          "POST /data - 202 (180ms)",
          "Checking out develop branch",
          "npm install: resolved 387 packages",
          "[12:51:22] WARN: Deprecated API usage",
          "Done.",
          "Waiting...",
          "Minifying main.js",
          "Coverage: 78% statements, 93% branches",
          "Switched to branch 'feature/task-179'",
          "Optimizing 49 modules...",
          "=== Step save_cache completed ==="
        ]
      },
      {
        "name": "build",
        "status": "success",
        "started_at": "2025-11-25T12:52:50.605398",
        "finished_at": "2025-11-25T12:53:50.928801",
        "log_lines": [
          "=== Step: build ===",
          "GET /status - 204 (34ms)",
          "Step 9/19: Building",
          "Creating production build...",
          "yarn add: Done in 8.81s",
          "Installing webpack@3.7.2",
          "NODE_ENV=test",
          "Pushing to registry...",
          "npm install: resolved 765 packages",
          "Step 1/15: Building",
          "yarn add: Done in 7.91s",
          "npm notice: created a lockfile",
          "Step 13/20: Linting",
          "Coverage: 76% statements, 60% branches",
          "Connection established",
          "GET /api - 204 (18ms)",
          "Cache invalidated: node_modules",
          "Pulling image: python:3.11",
          "\u2713 Task completed in 3202ms",
          "Using Node.js 20.19.1",
          "pip install: Successfully installed webpack-2.16",
          "Image pulled successfully",
          "Finished.",
          "HEAD is now at 67006e9",
          "Pulling image: node:latest",
          "Verifying...",
          "OK",
          "Compiling utils/handler.rs...",
          "Fetching from https://npmjs.org/package.json",
          "[12:51:22] DEBUG: Initializing service",
          "Compiling lib/handler.rs...",
          "OK",
          "Environment: test",
          "Cache invalidated: node_modules",
          "Step 20/18: Testing",
          "Ready.",
          "\u26a0 DEPRECATION: Feature will be removed in v4.0",
          "[12:51:22] INFO: Connecting to database",
          "Step 12/25: Linting",
          "Connection established",
          "pip: Downloading axios-1.9.tar.gz",
          "Ran 60 tests in 53s",
          "Compiling src/service.java...",
          "npm notice: package.json updated",
          "  PASS: unit/test_user_create.spec.js",
          "[12:51:22] DEBUG: Memory usage: 628MB",
          "npm install: resolved 791 packages",
          "Switched to branch 'hotfix/task-615'",
          "Layer 5/13: ENV command",
          "Switched to branch 'hotfix/task-896'",
          "Layer 3/14: ENV command",
          "  PASS: e2e/test_db_connect.spec.js",
          "Installing lodash@5.0.3",
          "Compiling utils/index.js...",
          "Completed.",
          "Finished.",
          "Compiling utils/utils.go...",
          "POST /upload - 201 (407ms)",
          "Already up to date.",
          "\u2713 All checks passed",
          "Snapshots: 29 passed, 41 total",
          "Pulling image: node:3.11",
          "[12:51:22] DEBUG: Query executed in 13ms",
          "Step 20/21: Building",
          "POST /api - 200 (419ms)",
          "Tests: 394 passed, 453 total",
          "Using Node.js 15.19.5",
          "Pushing to registry...",
          "[12:51:22] WARN: Deprecated API usage",
          "pip: Downloading jest-5.19.tar.gz",
          "Compiling lib/main.py...",
          "Artifact uploaded: build.tar.gz (30MB)",
          "\u2713 Step 'checkout' succeeded",
          "Generating source maps...",
          "Compiling src/index.js...",
          "Tests: 234 passed, 246 total",
          "[12:51:22] INFO: Connecting to database",
          "Artifact downloaded: 49MB",
          "Already up to date.",
          "Ran 144 tests in 54s",
          "Step 19/16: Building",
          "[12:51:22] INFO: Starting build process",
          "POST /api - 200 (109ms)",
          "Fetching from https://github.com/package.json",
          "\u26a0 DEPRECATION: Feature will be removed in v4.0",
          "Cache restored successfully (24MB)",
          "Fetching submodules...",
          "Cache restored successfully (467MB)",
          "[12:51:22] DEBUG: Loading configuration",
          "FAILED: test_api_health",
          "Tests: 454 passed, 352 total",
          "  PASS: integration/test_api_health.spec.js",
          "Ran 44 tests in 47s",
          "Snapshots: 32 passed, 23 total",
          "Pulling image: alpine:3.11",
          "Uploading artifact 'coverage' (37 files)",
          "[12:51:22] INFO: Starting build process",
          "Verifying...",
          "Tests: 420 passed, 413 total",
          "POST /upload - 201 (111ms)",
          "Success!",
          "Artifact downloaded: 12MB",
          "Image pulled successfully",
          "[12:51:22] DEBUG: Memory usage: 1963MB",
          "Compiling utils/app.ts...",
          "Bundling vendor.css",
          "Artifact uploaded: build.tar.gz (2MB)",
          "Transforming 492 files...",
          "pip: Collecting jest",
          "Compiling components/utils.go...",
          "Artifact uploaded: dist.zip (93MB)",
          "Artifact downloaded: 43MB",
          "Environment: production",
          "Platform: win32-x64",
          "[12:51:22] DEBUG: Query executed in 28ms",
          "Compiling utils/index.js...",
          "[12:51:22] WARN: Deprecated API usage",
          "Cache miss for key-5937",
          "Loading...",
          "Time: 13.745s",
          "[12:51:22] INFO: Request completed",
          "Compiling components/utils.go...",
          "  PASS: test_api_health (278ms)",
          "Artifact uploaded: dist.zip (18MB)",
          "Snapshots: 18 passed, 41 total",
          "[12:51:22] INFO: Connecting to database",
          "Compiling lib/app.ts...",
          "[12:51:22] DEBUG: Query executed in 26ms",
          "Optimizing 12 modules...",
          "pip: Installing build dependencies...",
          "[12:51:22] DEBUG: Memory usage: 911MB",
          "Step 15/24: Running migrations",
          "Ran 163 tests in 6s",
          "Exception: TypeError",
          "Cache miss for key-8454",
          "NODE_ENV=production",
          "OK",
          "Layer 2/12: ENV command",
          "OK",
          "[12:51:22] DEBUG: Initializing service",
          "Pulling image: node:latest",
          "Step 14/18: Running migrations",
          "Transforming 828 files...",
          "[12:51:22] DEBUG: Initializing service",
          "  PASS: test_api_health (423ms)",
          "npm install: added 269 packages",
          "Cache miss for key-6772",
          "Step 18/19: Deploying",
          "HEAD is now at 97378b5",
          "\u26a0 DEPRECATION: Feature will be removed in v2.0",
          "  PASS: unit/test_user_create.spec.js",
          "HEAD is now at c837253",
          "npm install: added 148 packages",
          "Fetching from https://pypi.org/package.json",
          "Step 5/18: Deploying",
          "Cache saved successfully",
          "Compiling src/app.ts...",
          "Step 9/25: Deploying",
          "pip: Installing build dependencies...",
          "Exception: RuntimeError",
          "WARNING: react has known vulnerabilities",
          "Compiling components/utils.go...",
          "\u26a0 DEPRECATION: Feature will be removed in v5.0",
          "pip: Collecting express",
          "Using Node.js 18.19.10",
          "Step 11/20: Running migrations",
          "Step 9/23: Testing",
          "Completed.",
          "npm notice: package.json updated",
          "Already up to date.",
          "[12:51:22] INFO: Processing request",
          "Compiling utils/utils.go...",
          "HEAD is now at 8505e44",
          "Processing...",
          "Fetching submodules...",
          "Compiling src/utils.go...",
          "Uploading artifact 'dist' (11 files)",
          "Building Docker image...",
          "Step 17/19: Linting",
          "Compiling src/index.js...",
          "Generating source maps...",
          "Coverage: 91% statements, 72% branches",
          "Processing...",
          "Using Python 3.9",
          "OK",
          "Ran 41 tests in 20s",
          "Connection established",
          "\u2713 Task completed in 1010ms",
          "Bundling runtime.js",
          "TLS handshake completed",
          "Fetching from https://gcr.io/package.json",
          "WARNING: express has known vulnerabilities",
          "Step 6/22: Deploying",
          "Success!",
          "[12:51:22] INFO: Starting build process",
          "Success!",
          "Artifact uploaded: build.tar.gz (14MB)",
          "Step 4/22: Linting",
          "Using Node.js 14.9.4",
          "Pulling image: node:18",
          "Installing prettier@1.5.3",
          "Fetching from https://githubusercontent.com/package.json",
          "Uploading artifact 'build' (37 files)",
          "Done.",
          "Compiling src/utils.go...",
          "Step 8/23: Testing",
          "Ran 154 tests in 5s",
          "Platform: darwin-arm64",
          "[12:51:22] DEBUG: Initializing service",
          "Compiling src/main.py...",
          "HEAD is now at 0ca8dd0",
          "[12:51:22] DEBUG: Connection pool: 18 active",
          "[12:51:22] WARN: Deprecated API usage",
          "Tests: 160 passed, 127 total",
          "pip: Installing build dependencies...",
          "  PASS: integration/test_db_connect.spec.js",
          "[12:51:22] DEBUG: Memory usage: 1481MB",
          "Ran 99 tests in 40s",
          "\u2713 Task completed in 3368ms",
          "Step 1/17: Building",
          "Exception: RuntimeError",
          "Ready.",
          "Bundling runtime.css",
          "HEAD is now at 3bf79df",
          "pip: Downloading webpack-2.19.tar.gz",
          "\u2713 All checks passed",
          "  PASS: test_user_create (129ms)",
          "Switched to branch 'feature/task-796'",
          "Pushing to registry...",
          "\u26a0 DEPRECATION: Feature will be removed in v3.0",
          "Cache miss for key-2580",
          "\u2713 Task completed in 255ms",
          "Platform: linux-x64",
          "POST /data - 200 (450ms)",
          "Waiting...",
          "NODE_ENV=production",
          "=== Step build completed ==="
        ]
      },
      {
        "name": "integration_tests",
        "status": "success",
        "started_at": "2025-11-25T12:53:50.928801",
        "finished_at": "2025-11-25T12:54:31.144403",
        "log_lines": [
          "=== Step: integration_tests ===",
          "  PASS: test_db_connect (316ms)",
          "npm notice: created a lockfile",
          "Cache miss for key-2312",
          "[12:51:22] DEBUG: Query executed in 61ms",
          "yarn add: Done in 9.59s",
          "\u2713 Task completed in 4759ms",
          "Bundling vendor.js",
          "Step 15/16: Building",
          "Pulling image: alpine:latest",
          "NODE_ENV=development",
          "[12:51:22] INFO: Connecting to database",
          "\u26a0 DEPRECATION: Feature will be removed in v5.0",
          "\u26a0 DEPRECATION: Feature will be removed in v4.0",
          "npm notice: package.json updated",
          "[12:51:22] DEBUG: Initializing service",
          "Snapshots: 11 passed, 46 total",
          "\u2713 Step 'setup' succeeded",
          "Cache saved successfully",
          "Finished.",
          "Snapshots: 7 passed, 22 total",
          "Environment: staging",
          "Completed.",
          "[12:51:22] INFO: Cache refreshed",
          "Artifact uploaded: build.tar.gz (16MB)",
          "Connection established",
          "Step 19/21: Testing",
          "Step 5/19: Linting",
          "  PASS: test_auth_login (94ms)",
          "[12:51:22] ERROR: Connection failed",
          "[12:51:22] DEBUG: Memory usage: 1808MB",
          "\u2713 Task completed in 1633ms",
          "[12:51:22] DEBUG: Memory usage: 299MB",
          "[12:51:22] INFO: Cache refreshed",
          "npm install: resolved 410 packages",
          "[12:51:22] DEBUG: Loading configuration",
          "TLS handshake completed",
          "Step 12/17: Building",
          "TLS handshake completed",
          "Snapshots: 11 passed, 20 total",
          "Using Node.js 16.19.6",
          "Ran 29 tests in 56s",
          "yarn add: Done in 9.69s",
          "[12:51:22] WARN: Deprecated API usage",
          "[12:51:22] DEBUG: Connection pool: 1 active",
          "Building Docker image...",
          "Transforming 900 files...",
          "Completed.",
          "TLS handshake completed",
          "Step 10/17: Running migrations",
          "\u26a0 DEPRECATION: Feature will be removed in v3.0",
          "Coverage: 95% statements, 84% branches",
          "Tests: 367 passed, 365 total",
          "Cache restored successfully (150MB)",
          "Step 6/15: Linting",
          "Cache saved successfully",
          "Step 7/15: Installing dependencies",
          "[12:51:22] INFO: Connecting to database",
          "Step 14/16: Installing dependencies",
          "Environment: staging",
          "Artifact downloaded: 1MB",
          "OK",
          "[12:51:22] INFO: Processing request",
          "Compiling src/handler.rs...",
          "Snapshots: 16 passed, 28 total",
          "[12:51:22] WARN: Deprecated API usage",
          "Finished.",
          "Compiling src/index.js...",
          "Creating production build...",
          "Artifact downloaded: 38MB",
          "\u2713 package completed",
          "[12:51:22] WARN: Deprecated API usage",
          "\u2713 test completed",
          "Step 18/15: Deploying",
          "Step 20/15: Building",
          "Success!",
          "Bundling styles.js",
          "Platform: linux-x64",
          "Minifying vendor.js",
          "Bundling styles.js",
          "Ready.",
          "Building Docker image...",
          "\u26a0 DEPRECATION: Feature will be removed in v3.0",
          "Step 6/22: Building",
          "Completed.",
          "Cache miss for key-6616",
          "[12:51:22] INFO: Request completed",
          "[12:51:22] INFO: Processing request",
          "Cache miss for key-1597",
          "Waiting...",
          "Generating source maps...",
          "Step 17/16: Testing",
          "Using Node.js 20.9.9",
          "\u26a0 DEPRECATION: Feature will be removed in v4.0",
          "Uploading artifact 'build' (27 files)",
          "Step 5/19: Building",
          "[12:51:22] WARN: Deprecated API usage",
          "WARNING: prettier has known vulnerabilities",
          "\u2713 test completed",
          "pip install: Successfully installed prettier-4.4",
          "Image pulled successfully",
          "Step 11/17: Deploying",
          "  PASS: test_auth_login (259ms)",
          "Finished.",
          "HEAD is now at 26f64f9",
          "Compiling utils/index.js...",
          "TLS handshake completed",
          "Snapshots: 5 passed, 20 total",
          "Time: 102.635s",
          "Loading...",
          "Step 8/21: Building",
          "Cache restored successfully (121MB)",
          "Cache hit for key-6745",
          "Ready.",
          "[12:51:22] DEBUG: Memory usage: 1141MB",
          "Cache restored successfully (165MB)",
          "Step 4/20: Running migrations",
          "Finished.",
          "[12:51:22] DEBUG: Loading configuration",
          "Environment: development",
          "[12:51:22] DEBUG: Initializing service",
          "Checking out main branch",
          "npm install: added 394 packages",
          "WARNING: react has known vulnerabilities",
          "Uploading artifact 'dist' (24 files)",
          "[12:51:22] DEBUG: Memory usage: 1085MB",
          "Time: 96.901s",
          "  PASS: e2e/test_cache_hit.spec.js",
          "Pushing to registry...",
          "npm install: resolved 543 packages",
          "Switched to branch 'feature/task-847'",
          "[12:51:22] DEBUG: Connection pool: 12 active",
          "\u2713 Step 'build' succeeded",
          "Fetching submodules...",
          "[12:51:22] INFO: Starting build process",
          "[12:51:22] DEBUG: Query executed in 81ms",
          "pip: Collecting axios",
          "Step 16/16: Building",
          "Layer 4/13: ENV command",
          "Connection established",
          "Minifying app.js",
          "npm notice: package.json updated",
          "[12:51:22] DEBUG: Initializing service",
          "\u2713 Task completed in 1382ms",
          "Using Python 3.9",
          "Step 11/25: Running migrations",
          "Cache miss for key-9992",
          "Cache invalidated: dependencies",
          "\u2713 validate completed",
          "[12:51:22] ERROR: Connection failed",
          "Ready.",
          "Using Python 3.9",
          "Generating source maps...",
          "Pushing to registry...",
          "Step 1/20: Running migrations",
          "Creating production build...",
          "[12:51:22] INFO: Processing request",
          "[12:51:22] INFO: Cache refreshed",
          "Cache invalidated: node_modules",
          "npm notice: created a lockfile",
          "[12:51:22] DEBUG: Connection pool: 17 active",
          "Waiting...",
          "[12:51:22] INFO: Connecting to database",
          "Compiling components/app.ts...",
          "Waiting...",
          "Ran 77 tests in 46s",
          "npm install: added 252 packages",
          "[12:51:22] ERROR: Connection failed",
          "Transforming 349 files...",
          "[12:51:22] DEBUG: Connection pool: 7 active",
          "Using Node.js 20.19.8",
          "[12:51:22] DEBUG: Connection pool: 6 active",
          "  PASS: test_cache_hit (308ms)",
          "Success!",
          "\u2713 test completed",
          "Processing...",
          "Compiling lib/app.ts...",
          "Fetching submodules...",
          "Transforming 206 files...",
          "[12:51:22] WARN: Deprecated API usage",
          "Coverage: 81% statements, 84% branches",
          "\u2713 Step 'test' succeeded",
          "Minifying app.js",
          "[12:51:22] DEBUG: Loading configuration",
          "npm notice: created a lockfile",
          "Step 19/15: Building",
          "Step 18/23: Running migrations",
          "[12:51:22] INFO: Starting build process",
          "Checking out develop branch",
          "Building Docker image...",
          "Image pulled successfully",
          "Step 5/15: Testing",
          "pip install: Successfully installed jest-3.11",
          "Finished.",
          "[12:51:22] DEBUG: Query executed in 1ms",
          "Tests: 283 passed, 260 total",
          "Checking out develop branch",
          "\u2717 build failed with exit code 30",
          "Cache invalidated: build",
          "OK",
          "Pulling image: alpine:3.11",
          "Step 4/16: Deploying",
          "Optimizing 71 modules...",
          "npm install: added 178 packages",
          "\u2713 lint completed",
          "Exception: NullPointerException",
          "Artifact downloaded: 27MB",
          "pip: Collecting prettier",
          "\u2713 Step 'checkout' succeeded",
          "HEAD is now at 4336dbd",
          "[12:51:22] DEBUG: Initializing service",
          "Time: 7.361s",
          "Success!",
          "Installing lodash@3.11.9",
          "[12:51:22] INFO: Connecting to database",
          "HEAD is now at 3a37a9b",
          "Fetching submodules...",
          "Transforming 763 files...",
          "[12:51:22] DEBUG: Query executed in 8ms",
          "WARNING: lodash has known vulnerabilities",
          "[12:51:22] WARN: Deprecated API usage",
          "Processing...",
          "Artifact uploaded: build.tar.gz (22MB)",
          "npm notice: package.json updated",
          "Finished.",
          "Switched to branch 'bugfix/task-306'",
          "yarn add: Done in 12.18s",
          "[12:51:22] INFO: Request completed",
          "Step 13/17: Linting",
          "Uploading artifact 'coverage' (13 files)",
          "Cache hit for key-2382",
          "Step 14/18: Building",
          "Done.",
          "npm install: resolved 1181 packages",
          "Done.",
          "[12:51:22] INFO: Cache refreshed",
          "=== Step integration_tests completed ==="
        ]
      },
      {
        "name": "type_check",
        "status": "success",
        "started_at": "2025-11-25T12:54:31.144403",
        "finished_at": "2025-11-25T12:54:51.252204",
        "log_lines": [
          "=== Step: type_check ===",
          "Step 7/23: Building",
          "Done.",
          "[12:51:22] DEBUG: Connection pool: 8 active",
          "Finished.",
          "\u26a0 DEPRECATION: Feature will be removed in v4.0",
          "Compiling src/service.java...",
          "Installing axios@2.20.3",
          "GET /health - 200 (51ms)",
          "npm install: resolved 733 packages",
          "Layer 9/14: COPY command",
          "[12:51:22] INFO: Starting build process",
          "Verifying...",
          "  PASS: e2e/test_db_connect.spec.js",
          "Installing webpack@3.0.8",
          "Fetching from https://gcr.io/package.json",
          "Using Node.js 15.5.1",
          "[12:51:22] DEBUG: Connection pool: 17 active",
          "Switched to branch 'feature/task-273'",
          "pip install: Successfully installed express-1.3",
          "Cache miss for key-6581",
          "\u26a0 DEPRECATION: Feature will be removed in v2.0",
          "pip: Installing build dependencies...",
          "Step 6/19: Building",
          "Compiling src/app.ts...",
          "TLS handshake completed",
          "pip: Downloading lodash-5.20.tar.gz",
          "WARNING: eslint has known vulnerabilities",
          "NODE_ENV=development",
          "[12:51:22] INFO: Cache refreshed",
          "Already up to date.",
          "Bundling main.js",
          "POST /api - 201 (17ms)",
          "Step 10/21: Installing dependencies",
          "POST /data - 202 (302ms)",
          "Verifying...",
          "Cache hit for key-6164",
          "Image pulled successfully",
          "Done.",
          "Uploading artifact 'coverage' (43 files)",
          "Time: 106.147s",
          "Finished.",
          "[12:51:22] DEBUG: Loading configuration",
          "Step 3/18: Deploying",
          "Bundling styles.css",
          "WARNING: prettier has known vulnerabilities",
          "Exception: RuntimeError",
          "[12:51:22] ERROR: Connection failed",
          "Compiling utils/service.java...",
          "\u26a0 DEPRECATION: Feature will be removed in v2.0",
          "Step 1/16: Deploying",
          "OK",
          "pip: Collecting webpack",
          "[12:51:22] DEBUG: Memory usage: 844MB",
          "[12:51:22] INFO: Connecting to database",
          "\u2713 Step 'install' succeeded",
          "Environment: test",
          "Creating production build...",
          "Step 1/24: Running migrations",
          "Pulling image: python:3.11",
          "npm notice: package.json updated",
          "Pulling image: node:latest",
          "HEAD is now at aaae98f",
          "Layer 9/13: COPY command",
          "Compiling utils/service.java...",
          "Image pulled successfully",
          "[12:51:22] INFO: Processing request",
          "[12:51:22] DEBUG: Query executed in 35ms",
          "Ready.",
          "npm notice: created a lockfile",
          "Ready.",
          "Artifact uploaded: build.tar.gz (42MB)",
          "npm notice: created a lockfile",
          "Checking out develop branch",
          "Verifying...",
          "Completed.",
          "Step 7/24: Deploying",
          "[12:51:22] DEBUG: Query executed in 53ms",
          "GET /status - 201 (39ms)",
          "Generating source maps...",
          "Ran 91 tests in 17s",
          "Artifact uploaded: dist.zip (37MB)",
          "Time: 72.352s",
          "WARNING: webpack has known vulnerabilities",
          "Pulling image: python:3.11",
          "\u2713 Step 'install' succeeded",
          "[12:51:22] WARN: Deprecated API usage",
          "Completed.",
          "[12:51:22] WARN: Deprecated API usage",
          "Cache restored successfully (330MB)",
          "[12:51:22] DEBUG: Loading configuration",
          "NODE_ENV=production",
          "Uploading artifact 'build' (27 files)",
          "Installing prettier@5.5.8",
          "pip: Collecting eslint",
          "Using Node.js 16.9.8",
          "GET /status - 201 (1ms)",
          "Step 10/23: Installing dependencies",
          "Fetching submodules...",
          "HEAD is now at bdbd76f",
          "Compiling utils/utils.go...",
          "Step 13/24: Linting",
          "Already up to date.",
          "Cache miss for key-5118",
          "Compiling utils/handler.rs...",
          "[12:51:22] INFO: Starting build process",
          "Artifact uploaded: dist.zip (3MB)",
          "Artifact uploaded: build.tar.gz (36MB)",
          "NODE_ENV=production",
          "Bundling styles.css",
          "Bundling styles.css",
          "Cache hit for key-9141",
          "Installing jest@5.9.4",
          "[12:51:22] INFO: Cache refreshed",
          "Transforming 136 files...",
          "Loading...",
          "WARNING: react has known vulnerabilities",
          "HEAD is now at 1a6ea34",
          "Exception: ValueError",
          "pip: Installing build dependencies...",
          "POST /data - 200 (67ms)",
          "Bundling main.css",
          "[12:51:22] INFO: Processing request",
          "Image pulled successfully",
          "pip install: Successfully installed axios-5.1",
          "Cache invalidated: build",
          "[12:51:22] WARN: Deprecated API usage",
          "Environment: staging",
          "Pushing to registry...",
          "Building Docker image...",
          "Using Node.js 14.0.1",
          "NODE_ENV=production",
          "Building Docker image...",
          "  PASS: test_user_create (129ms)",
          "Exception: TypeError",
          "Cache miss for key-8896",
          "[12:51:22] WARN: Deprecated API usage",
          "Creating production build...",
          "[12:51:22] DEBUG: Loading configuration",
          "npm install: added 358 packages",
          "[12:51:22] DEBUG: Memory usage: 281MB",
          "[12:51:22] DEBUG: Query executed in 58ms",
          "Tests: 347 passed, 87 total",
          "Platform: linux-x64",
          "TLS handshake completed",
          "pip install: Successfully installed webpack-4.20",
          "Processing...",
          "OK",
          "Compiling utils/main.py...",
          "Test Suites: 25 passed, 38 total",
          "Cache hit for key-8965",
          "Ready.",
          "Step 2/21: Testing",
          "Artifact uploaded: dist.zip (96MB)",
          "Waiting...",
          "npm notice: package.json updated",
          "Bundling vendor.css",
          "[12:51:22] DEBUG: Initializing service",
          "Step 16/15: Installing dependencies",
          "Pulling image: alpine:18",
          "Transforming 998 files...",
          "Step 8/16: Linting",
          "[12:51:22] INFO: Connecting to database",
          "Tests: 154 passed, 287 total",
          "pip: Collecting webpack",
          "FAILED: test_cache_hit",
          "npm install: added 77 packages",
          "Artifact uploaded: build.tar.gz (20MB)",
          "[12:51:22] DEBUG: Connection pool: 13 active",
          "Minifying main.js",
          "Verifying...",
          "Using Python 3.12",
          "[12:51:22] DEBUG: Memory usage: 1586MB",
          "Platform: win32-x64",
          "npm install: added 388 packages",
          "[12:51:22] INFO: Starting build process",
          "Fetching submodules...",
          "Environment: production",
          "pip install: Successfully installed jest-2.17",
          "Pushing to registry...",
          "Transforming 602 files...",
          "  PASS: test_cache_hit (311ms)",
          "[12:51:22] WARN: Deprecated API usage",
          "Generating source maps...",
          "\u2713 Step 'test' succeeded",
          "Cache restored successfully (203MB)",
          "Step 10/19: Installing dependencies",
          "Bundling vendor.css",
          "yarn add: Done in 14.14s",
          "pip: Collecting react",
          "Bundling styles.js",
          "Switched to branch 'hotfix/task-357'",
          "[12:51:22] DEBUG: Query executed in 71ms",
          "Step 9/23: Building",
          "Already up to date.",
          "\u26a0 DEPRECATION: Feature will be removed in v4.0",
          "pip: Installing build dependencies...",
          "Cache miss for key-2470",
          "Processing...",
          "Installing prettier@2.20.7",
          "Snapshots: 43 passed, 6 total",
          "TLS handshake completed",
          "  PASS: test_auth_login (495ms)",
          "  PASS: unit/test_db_connect.spec.js",
          "[12:51:22] ERROR: Connection failed",
          "npm notice: created a lockfile",
          "HEAD is now at 194a8fb",
          "HEAD is now at 8f23be9",
          "Verifying...",
          "WARNING: express has known vulnerabilities",
          "Time: 45.200s",
          "Pushing to registry...",
          "Installing react@2.15.3",
          "Compiling lib/service.java...",
          "Pushing to registry...",
          "POST /api - 200 (95ms)",
          "  PASS: integration/test_api_health.spec.js",
          "[12:51:22] DEBUG: Connection pool: 15 active",
          "Compiling lib/app.ts...",
          "Cache saved successfully",
          "Environment: test",
          "Checking out main branch",
          "Platform: linux-x64",
          "[12:51:22] INFO: Request completed",
          "npm notice: package.json updated",
          "Uploading artifact 'coverage' (28 files)",
          "Switched to branch 'hotfix/task-869'",
          "pip install: Successfully installed react-2.12",
          "Artifact uploaded: build.tar.gz (27MB)",
          "Installing react@5.7.5",
          "Artifact uploaded: build.tar.gz (34MB)",
          "Compiling src/main.py...",
          "Completed.",
          "Step 20/15: Testing",
          "Installing webpack@3.0.3",
          "Completed.",
          "=== Step type_check completed ==="
        ]
      },
      {
        "name": "deploy_staging",
        "status": "success",
        "started_at": "2025-11-25T12:54:51.252204",
        "finished_at": "2025-11-25T12:55:11.360005",
        "log_lines": [
          "=== Step: deploy_staging ===",
          "Finished.",
          "Bundling runtime.js",
          "HEAD is now at 901ceb9",
          "OK",
          "Completed.",
          "Test Suites: 16 passed, 40 total",
          "OK",
          "Cache invalidated: build",
          "Transforming 843 files...",
          "Step 20/23: Installing dependencies",
          "Cache invalidated: dependencies",
          "\u2713 test completed",
          "Artifact uploaded: dist.zip (47MB)",
          "Loading...",
          "Ran 193 tests in 7s",
          "\u2713 All checks passed",
          "Installing express@5.7.7",
          "[12:51:22] DEBUG: Connection pool: 9 active",
          "pip install: Successfully installed axios-3.13",
          "[12:51:22] WARN: Deprecated API usage",
          "Ready.",
          "Snapshots: 15 passed, 29 total",
          "Done.",
          "\u26a0 DEPRECATION: Feature will be removed in v4.0",
          "Snapshots: 4 passed, 19 total",
          "HEAD is now at ef12f4e",
          "Creating production build...",
          "Step 12/16: Testing",
          "Compiling lib/handler.rs...",
          "Bundling vendor.js",
          "Compiling utils/main.py...",
          "Switched to branch 'feature/task-307'",
          "Waiting...",
          "Completed.",
          "Installing lodash@4.5.2",
          "\u26a0 DEPRECATION: Feature will be removed in v3.0",
          "Coverage: 83% statements, 95% branches",
          "Time: 115.527s",
          "pip install: Successfully installed lodash-1.0",
          "pip install: Successfully installed eslint-4.3",
          "Success!",
          "Exception: RuntimeError",
          "Compiling components/handler.rs...",
          "GET /api - 200 (72ms)",
          "Done.",
          "Generating source maps...",
          "[12:51:22] DEBUG: Initializing service",
          "Cache invalidated: build",
          "Artifact uploaded: dist.zip (66MB)",
          "Compiling components/utils.go...",
          "Environment: staging",
          "WARNING: jest has known vulnerabilities",
          "Test Suites: 6 passed, 14 total",
          "GET /api - 200 (37ms)",
          "Connection established",
          "Checking out master branch",
          "Platform: darwin-arm64",
          "Transforming 955 files...",
          "\u2717 build failed with exit code 20",
          "Transforming 453 files...",
          "Layer 7/15: COPY command",
          "[12:51:22] WARN: Deprecated API usage",
          "Optimizing 50 modules...",
          "Cache saved successfully",
          "Checking out develop branch",
          "Uploading artifact 'build' (17 files)",
          "pip: Installing build dependencies...",
          "TLS handshake completed",
          "Processing...",
          "Fetching submodules...",
          "Step 2/22: Installing dependencies",
          "Cache restored successfully (325MB)",
          "Compiling utils/index.js...",
          "[12:51:22] INFO: Processing request",
          "Minifying vendor.js",
          "TLS handshake completed",
          "Transforming 199 files...",
          "Pushing to registry...",
          "Layer 2/12: ENV command",
          "pip: Installing build dependencies...",
          "[12:51:22] INFO: Processing request",
          "Connection established",
          "Generating source maps...",
          "\u2713 All checks passed",
          "Step 11/15: Linting",
          "[12:51:22] DEBUG: Memory usage: 614MB",
          "[12:51:22] INFO: Cache refreshed",
          "[12:51:22] INFO: Starting build process",
          "  PASS: test_user_create (306ms)",
          "Loading...",
          "Waiting...",
          "[12:51:22] WARN: Deprecated API usage",
          "Using Node.js 16.5.7",
          "\u2713 All checks passed",
          "Artifact downloaded: 14MB",
          "Creating production build...",
          "pip: Collecting prettier",
          "  PASS: test_db_connect (238ms)",
          "\u26a0 DEPRECATION: Feature will be removed in v3.0",
          "[12:51:22] ERROR: Connection failed",
          "[12:51:22] ERROR: Connection failed",
          "Tests: 313 passed, 359 total",
          "\u26a0 DEPRECATION: Feature will be removed in v4.0",
          "pip: Installing build dependencies...",
          "[12:51:22] INFO: Connecting to database",
          "[12:51:22] INFO: Request completed",
          "Artifact downloaded: 17MB",
          "[12:51:22] DEBUG: Loading configuration",
          "npm install: resolved 505 packages",
          "Environment: test",
          "Pulling image: node:3.11",
          "Snapshots: 47 passed, 38 total",
          "Step 12/24: Running migrations",
          "[12:51:22] DEBUG: Connection pool: 14 active",
          "Artifact downloaded: 2MB",
          "POST /data - 201 (41ms)",
          "Connection established",
          "Cache restored successfully (116MB)",
          "pip: Installing build dependencies...",
          "pip: Collecting lodash",
          "Compiling src/utils.go...",
          "Time: 68.706s",
          "[12:51:22] WARN: Deprecated API usage",
          "Exception: TypeError",
          "Waiting...",
          "[12:51:22] INFO: Cache refreshed",
          "Pulling image: node:18",
          "Uploading artifact 'build' (19 files)",
          "Test Suites: 6 passed, 21 total",
          "[12:51:22] INFO: Processing request",
          "\u26a0 DEPRECATION: Feature will be removed in v4.0",
          "Test Suites: 21 passed, 12 total",
          "Artifact downloaded: 33MB",
          "Using Node.js 14.16.9",
          "Fetching submodules...",
          "Ready.",
          "OK",
          "Compiling src/utils.go...",
          "Exception: NullPointerException",
          "Cache hit for key-5752",
          "Compiling components/service.java...",
          "Coverage: 86% statements, 87% branches",
          "Building Docker image...",
          "npm notice: package.json updated",
          "Coverage: 83% statements, 86% branches",
          "Layer 7/14: ENV command",
          "npm notice: package.json updated",
          "\u2713 All checks passed",
          "Ready.",
          "\u2713 Step 'checkout' succeeded",
          "Compiling lib/handler.rs...",
          "Step 11/22: Linting",
          "Generating source maps...",
          "Step 8/21: Linting",
          "[12:51:22] DEBUG: Memory usage: 796MB",
          "Generating source maps...",
          "Step 7/20: Deploying",
          "Compiling components/utils.go...",
          "NODE_ENV=test",
          "Done.",
          "WARNING: lodash has known vulnerabilities",
          "Cache saved successfully",
          "Environment: test",
          "Bundling vendor.css",
          "Already up to date.",
          "Step 8/24: Building",
          "Cache saved successfully",
          "pip install: Successfully installed webpack-5.13",
          "yarn add: Done in 29.28s",
          "Connection established",
          "[12:51:22] DEBUG: Memory usage: 489MB",
          "Generating source maps...",
          "[12:51:22] DEBUG: Initializing service",
          "npm notice: package.json updated",
          "Transforming 956 files...",
          "Cache saved successfully",
          "WARNING: react has known vulnerabilities",
          "\u26a0 DEPRECATION: Feature will be removed in v4.0",
          "Optimizing 28 modules...",
          "Artifact uploaded: dist.zip (65MB)",
          "[12:51:22] DEBUG: Loading configuration",
          "Ran 141 tests in 28s",
          "Uploading artifact 'coverage' (21 files)",
          "Step 8/24: Running migrations",
          "  PASS: integration/test_api_health.spec.js",
          "Generating source maps...",
          "Uploading artifact 'coverage' (17 files)",
          "Test Suites: 16 passed, 49 total",
          "  PASS: test_auth_login (434ms)",
          "\u2713 test completed",
          "Tests: 221 passed, 287 total",
          "Uploading artifact 'build' (48 files)",
          "Time: 59.392s",
          "[12:51:22] INFO: Cache refreshed",
          "Compiling lib/handler.rs...",
          "Building Docker image...",
          "Connection established",
          "npm install: added 327 packages",
          "\u2713 lint completed",
          "TLS handshake completed",
          "Bundling runtime.css",
          "\u2713 All checks passed",
          "Coverage: 83% statements, 88% branches",
          "[12:51:22] DEBUG: Memory usage: 929MB",
          "Finished.",
          "Layer 8/11: COPY command",
          "Compiling utils/service.java...",
          "[12:51:22] DEBUG: Query executed in 75ms",
          "Transforming 577 files...",
          "pip: Downloading eslint-2.16.tar.gz",
          "Step 8/22: Linting",
          "Already up to date.",
          "Transforming 945 files...",
          "Step 5/23: Testing",
          "Switched to branch 'bugfix/task-536'",
          "Generating source maps...",
          "[12:51:22] INFO: Request completed",
          "Step 9/22: Testing",
          "Pushing to registry...",
          "\u26a0 DEPRECATION: Feature will be removed in v4.0",
          "Cache restored successfully (431MB)",
          "[12:51:22] INFO: Request completed",
          "Success!",
          "Verifying...",
          "Fetching submodules...",
          "[12:51:22] INFO: Request completed",
          "Time: 14.254s",
          "Using Node.js 14.11.2",
          "Building Docker image...",
          "WARNING: lodash has known vulnerabilities",
          "OK",
          "Environment: production",
          "Step 8/17: Building",
          "Completed.",
          "Step 4/15: Linting",
          "=== Step deploy_staging completed ==="
        ]
      }
    ],
    "label": "normal"
  }
}