{
  "action": "completed",
  "workflow_run": {
    "id": 442,
    "name": "CI Pipeline",
    "head_branch": "develop",
    "head_sha": "bb0a5dd9c75d71007acc90f92494a7a2692e9a26",
    "status": "completed",
    "conclusion": "failure",
    "run_started_at": "2025-12-13T12:51:21.401436Z",
    "updated_at": "2025-12-13T12:53:52.035069Z"
  },
  "repository": {
    "full_name": "acme-corp/data-pipeline",
    "name": "data-pipeline"
  },
  "sender": {
    "login": "bob"
  },
  "_safeops_extended": {
    "raw_logs": "=== Step: upload_artifacts ===\nStep 10/21: Testing\nFinished.\nConnection established\nCache hit for key-1426\nWARNING: jest has known vulnerabilities\n[12:51:21] INFO: Cache refreshed\nStep 1/19: Running migrations\nStep 8/19: Running migrations\nSuccess!\nCompiling lib/service.java...\nPlatform: win32-x64\nSuccess!\nFinished.\npip: Installing build dependencies...\n[12:51:21] DEBUG: Memory usage: 1694MB\n[12:51:21] DEBUG: Query executed in 22ms\nLoading...\nArtifact uploaded: dist.zip (8MB)\nPOST /data - 201 (52ms)\n[12:51:21] WARN: Deprecated API usage\nPulling image: alpine:3.11\nSnapshots: 20 passed, 22 total\nnpm install: added 443 packages\nCompiling src/app.ts...\nCompleted.\nStep 12/16: Running migrations\nImage pulled successfully\nOK\nReady.\n\u26a0 DEPRECATION: Feature will be removed in v2.0\nTLS handshake completed\nnpm notice: created a lockfile\nStep 6/16: Linting\nyarn add: Done in 2.3s\npip: Downloading lodash-1.18.tar.gz\nnpm notice: created a lockfile\n\u26a0 DEPRECATION: Feature will be removed in v3.0\nConnection established\nUsing Python 3.12\npip: Collecting eslint\nAlready up to date.\nnpm install: resolved 1767 packages\nWARNING: eslint has known vulnerabilities\nTests: 335 passed, 367 total\nReady.\nHEAD is now at 4fa06e2\npip: Downloading webpack-1.13.tar.gz\nTime: 30.337s\nVerifying...\nCompleted.\nTime: 116.906s\n\u2713 All checks passed\nCreating production build...\n[12:51:21] ERROR: Connection failed\nCompiling components/service.java...\nCompiling utils/main.py...\n[12:51:21] DEBUG: Initializing service\nCreating production build...\nOptimizing 13 modules...\nReady.\n\u2713 Step 'checkout' succeeded\nArtifact downloaded: 50MB\nAlready up to date.\nFinished.\nStep 4/19: Deploying\n[12:51:21] INFO: Request completed\nStep 6/21: Running migrations\n\u2717 build failed with exit code 71\nOK\n[12:51:21] DEBUG: Query executed in 71ms\n\u2713 validate completed\n\u2713 Task completed in 1501ms\nLayer 7/9: COPY command\nPushing to registry...\nCache restored successfully (136MB)\nPOST /data - 201 (231ms)\nFAILED: test_cache_hit\n  PASS: unit/test_api_health.spec.js\nCache invalidated: node_modules\n[12:51:21] INFO: Processing request\nPOST /api - 201 (422ms)\nWaiting...\nCreating production build...\n[12:51:21] INFO: Processing request\nWARNING: eslint has known vulnerabilities\nPOST /upload - 202 (412ms)\nBundling runtime.js\n[12:51:21] DEBUG: Connection pool: 6 active\n\u2713 validate completed\nCache restored successfully (116MB)\nStep 2/20: Installing dependencies\n  PASS: test_cache_hit (398ms)\n[12:51:21] DEBUG: Connection pool: 11 active\nNODE_ENV=test\nOptimizing 77 modules...\n[12:51:21] INFO: Connecting to database\n[12:51:21] DEBUG: Connection pool: 4 active\nInstalling eslint@4.20.6\n[12:51:21] INFO: Request completed\n[12:51:21] INFO: Cache refreshed\n[12:51:21] ERROR: Connection failed\nStep 20/17: Installing dependencies\n[12:51:21] DEBUG: Initializing service\nArtifact uploaded: build.tar.gz (10MB)\n[12:51:21] INFO: Connecting to database\nTests: 120 passed, 377 total\n[12:51:21] INFO: Connecting to database\n[12:51:21] WARN: Deprecated API usage\nyarn add: Done in 9.71s\nCreating production build...\nStep 17/23: Deploying\n[12:51:21] INFO: Processing request\nEnvironment: test\nCache miss for key-1958\nFinished.\nCompiling components/handler.rs...\nPlatform: linux-x64\n\u2713 Task completed in 4974ms\nHEAD is now at 9018fcc\nOptimizing 96 modules...\nFetching from https://githubusercontent.com/package.json\nImage pulled successfully\nOK\nCache invalidated: node_modules\nSuccess!\nWARNING: jest has known vulnerabilities\nFetching submodules...\nRan 79 tests in 2s\nSuccess!\n[12:51:21] DEBUG: Query executed in 4ms\nStep 16/24: Linting\n[12:51:21] DEBUG: Initializing service\n\u2713 Step 'build' succeeded\n\u2713 All checks passed\nConnection established\nWARNING: react has known vulnerabilities\n[12:51:21] ERROR: Connection failed\nLayer 5/15: ENV command\n[12:51:21] DEBUG: Initializing service\nUploading artifact 'dist' (14 files)\nConnection established\n[12:51:21] INFO: Connecting to database\nArtifact uploaded: dist.zip (5MB)\nWaiting...\n[12:51:21] DEBUG: Query executed in 44ms\nCompiling components/index.js...\n[12:51:21] DEBUG: Connection pool: 9 active\n[12:51:21] WARN: Deprecated API usage\nPOST /api - 202 (187ms)\n\u2713 All checks passed\n\u2713 Task completed in 3371ms\nArtifact uploaded: dist.zip (66MB)\nnpm install: added 216 packages\nArtifact uploaded: dist.zip (19MB)\nCompiling utils/service.java...\nnpm notice: package.json updated\nCoverage: 84% statements, 83% branches\nBuilding Docker image...\nStep 6/20: Installing dependencies\nFetching submodules...\npip: Collecting axios\nnpm notice: created a lockfile\nUsing Python 3.9\n[12:51:21] INFO: Cache refreshed\nDone.\nLayer 10/10: COPY command\nConnection established\nDone.\nRan 163 tests in 17s\nCache hit for key-9060\nBuilding Docker image...\n[12:51:21] INFO: Starting build process\n[12:51:21] DEBUG: Initializing service\nEnvironment: test\npip: Downloading prettier-3.20.tar.gz\nStep 15/22: Installing dependencies\n[12:51:21] WARN: Deprecated API usage\nNODE_ENV=development\nStep 11/21: Deploying\n\u2713 build completed\nFinished.\n[12:51:21] DEBUG: Memory usage: 150MB\nTime: 4.783s\nEnvironment: staging\nChecking out develop branch\n\u2717 build failed with exit code 127\nSuccess!\nyarn add: Done in 13.77s\npip: Installing build dependencies...\nUploading artifact 'build' (2 files)\nWaiting...\n[12:51:21] INFO: Processing request\nSuccess!\nFetching submodules...\nPushing to registry...\n\u26a0 DEPRECATION: Feature will be removed in v4.0\n\u26a0 DEPRECATION: Feature will be removed in v4.0\nReady.\n[12:51:21] INFO: Starting build process\npip: Downloading jest-1.20.tar.gz\n\u2713 All checks passed\nUsing Node.js 17.13.6\n[12:51:21] WARN: Deprecated API usage\nFetching from https://googleapis.com/package.json\nOK\nnpm install: added 21 packages\nDone.\nyarn add: Done in 17.56s\nSwitched to branch 'feature/task-601'\nnpm notice: package.json updated\n\u2717 build failed with exit code 40\nGenerating source maps...\nnpm install: added 484 packages\npip: Collecting axios\n\u26a0 DEPRECATION: Feature will be removed in v3.0\nImage pulled successfully\n[12:51:21] INFO: Connecting to database\nCreating production build...\nCache saved successfully\n[12:51:21] DEBUG: Memory usage: 1617MB\n[12:51:21] WARN: Deprecated API usage\nFinished.\nWaiting...\npip: Downloading jest-4.8.tar.gz\nUploading artifact 'build' (40 files)\n[12:51:21] WARN: Deprecated API usage\n\u2713 test completed\nChecking out master branch\nCache restored successfully (38MB)\nCache invalidated: dependencies\n[12:51:21] INFO: Cache refreshed\n[12:51:21] INFO: Request completed\nImage pulled successfully\nEnvironment: development\n[12:51:21] INFO: Processing request\nTLS handshake completed\npip: Downloading lodash-4.15.tar.gz\n\u2717 build failed with exit code 46\nFinished.\nAlready up to date.\nUploading artifact 'dist' (3 files)\n\u2713 Step 'checkout' succeeded\nHEAD is now at d2da029\n[12:51:21] ERROR: Connection failed\nSwitched to branch 'feature/task-161'\nBuilding Docker image...\n[12:51:21] DEBUG: Connection pool: 17 active\nCache hit for key-4004\nInstalling lodash@4.15.4\nHEAD is now at 4a0f296\nPOST /data - 200 (272ms)\npip: Installing build dependencies...\nPulling image: alpine:latest\nCache restored successfully (83MB)\nPlatform: linux-x64\nLayer 6/12: RUN command\nSnapshots: 28 passed, 46 total\nCompiling utils/handler.rs...\n  PASS: unit/test_db_connect.spec.js\nnpm install: resolved 1070 packages\n\u2713 Task completed in 1964ms\n[12:51:21] DEBUG: Initializing service\nCompiling components/utils.go...\nUploading artifact 'build' (14 files)\nnpm install: resolved 1593 packages\nPOST /data - 202 (181ms)\nSwitched to branch 'bugfix/task-791'\nUsing Python 3.10\nCompiling lib/app.ts...\nEnvironment: production\n[12:51:21] INFO: Starting build process\nTLS handshake completed\nProcessing...\nNODE_ENV=production\nLoading...\nCompiling components/index.js...\n[12:51:21] DEBUG: Memory usage: 264MB\nTests: 57 passed, 202 total\n=== Step upload_artifacts completed ===\n=== Step: e2e_tests ===\nFetching from https://googleapis.com/package.json\nTime: 64.487s\nUploading artifact 'build' (35 files)\n[12:51:21] DEBUG: Connection pool: 2 active\nCache invalidated: dependencies\nBundling main.js\nCompleted.\nTests: 79 passed, 135 total\n[12:51:21] INFO: Processing request\nGET /api - 200 (38ms)\nWARNING: express has known vulnerabilities\nEnvironment: production\nTests: 237 passed, 470 total\nInstalling lodash@1.20.9\nFAILED: test_cache_hit\nCache hit for key-6988\nStep 1/18: Testing\n[12:51:21] ERROR: Connection failed\nInstalling axios@2.10.10\nProcessing...\nOptimizing 16 modules...\n[12:51:21] INFO: Request completed\nArtifact uploaded: build.tar.gz (31MB)\nCreating production build...\nMinifying vendor.js\nArtifact downloaded: 49MB\nWaiting...\nReady.\nCache restored successfully (348MB)\nStep 13/18: Testing\nStep 14/24: Deploying\n[12:51:21] WARN: Deprecated API usage\nStep 16/20: Installing dependencies\nCompiling components/handler.rs...\nAlready up to date.\n[12:51:21] DEBUG: Connection pool: 6 active\nNODE_ENV=development\n[12:51:21] DEBUG: Loading configuration\nnpm notice: package.json updated\n  PASS: integration/test_auth_login.spec.js\nUsing Python 3.12\n\u26a0 DEPRECATION: Feature will be removed in v4.0\nSwitched to branch 'hotfix/task-561'\n[12:51:21] ERROR: Connection failed\nArtifact uploaded: build.tar.gz (43MB)\nnpm install: added 495 packages\nTransforming 355 files...\nWARNING: prettier has known vulnerabilities\n[12:51:21] WARN: Deprecated API usage\nOptimizing 37 modules...\nCompiling utils/service.java...\nLayer 1/8: COPY command\nLayer 8/10: ENV command\n  PASS: test_cache_hit (356ms)\npip: Downloading lodash-5.1.tar.gz\nEnvironment: test\n[12:51:21] DEBUG: Initializing service\nStep 6/15: Installing dependencies\nStep 13/24: Linting\nnpm notice: created a lockfile\nPlatform: darwin-arm64\nUsing Node.js 15.11.1\nSwitched to branch 'feature/task-724'\nCache restored successfully (312MB)\n\u2713 All checks passed\nBuilding Docker image...\nStep 10/25: Testing\nCache saved successfully\nCompiling utils/main.py...\n\u26a0 DEPRECATION: Feature will be removed in v3.0\nMinifying vendor.js\nReady.\n\u26a0 DEPRECATION: Feature will be removed in v3.0\nArtifact uploaded: dist.zip (44MB)\nPulling image: python:latest\nBundling runtime.js\n[12:51:21] INFO: Processing request\nCache hit for key-1004\nGenerating source maps...\nnpm notice: package.json updated\nConnection established\nUsing Node.js 15.20.1\n\u2713 build completed\nSnapshots: 42 passed, 26 total\nCompiling utils/index.js...\nFetching submodules...\nCache miss for key-1448\n\u26a0 DEPRECATION: Feature will be removed in v4.0\nUsing Node.js 20.9.0\n[12:51:21] DEBUG: Connection pool: 10 active\nPushing to registry...\n[12:51:21] INFO: Request completed\nCache miss for key-4064\nSwitched to branch 'feature/task-478'\nMinifying vendor.js\n[12:51:21] DEBUG: Query executed in 72ms\nEnvironment: production\nArtifact downloaded: 29MB\nPushing to registry...\nRan 43 tests in 21s\n[12:51:21] INFO: Cache refreshed\nCreating production build...\nProcessing...\nEnvironment: production\nEnvironment: development\n[12:51:21] INFO: Cache refreshed\n[12:51:21] INFO: Connecting to database\n\u2713 All checks passed\nArtifact uploaded: build.tar.gz (48MB)\nRan 113 tests in 55s\n[12:51:21] INFO: Connecting to database\n  PASS: test_auth_login (47ms)\n[12:51:21] INFO: Connecting to database\nFinished.\n[12:51:21] INFO: Processing request\nCompiling src/service.java...\nGET /status - 200 (58ms)\n\u2713 build completed\nArtifact uploaded: dist.zip (67MB)\nPulling image: python:latest\n\u2717 build failed with exit code 69\nLayer 2/13: ENV command\n[12:51:21] DEBUG: Query executed in 45ms\nConnection established\n[12:51:21] DEBUG: Memory usage: 134MB\n[12:51:21] INFO: Request completed\nChecking out develop branch\nImage pulled successfully\n[12:51:21] INFO: Request completed\nStep 7/25: Running migrations\npip: Installing build dependencies...\nHEAD is now at 8b54f29\nConnection established\nVerifying...\nWaiting...\nNODE_ENV=test\nnpm notice: created a lockfile\nCache hit for key-7191\n\u2717 build failed with exit code 121\nBuilding Docker image...\nArtifact uploaded: build.tar.gz (2MB)\nSwitched to branch 'bugfix/task-481'\nWARNING: eslint has known vulnerabilities\nTest Suites: 20 passed, 11 total\n\u2717 build failed with exit code 73\nCompiling components/utils.go...\nCache restored successfully (328MB)\nProcessing...\nStep 17/17: Testing\npip: Installing build dependencies...\nArtifact uploaded: dist.zip (35MB)\nWARNING: eslint has known vulnerabilities\nTest Suites: 44 passed, 19 total\nProcessing...\n[12:51:21] DEBUG: Loading configuration\nSuccess!\nFetching from https://pypi.org/package.json\nCache miss for key-6262\nFetching submodules...\nCache restored successfully (390MB)\nDone.\nGenerating source maps...\nGenerating source maps...\nCompleted.\n[12:51:21] WARN: Deprecated API usage\nnpm notice: package.json updated\n\u26a0 DEPRECATION: Feature will be removed in v2.0\npip: Downloading react-5.13.tar.gz\nPulling image: python:3.11\n[12:51:21] WARN: Deprecated API usage\nWARNING: jest has known vulnerabilities\n  PASS: e2e/test_api_health.spec.js\nUsing Node.js 16.6.7\nnpm install: added 104 packages\n[12:51:21] INFO: Starting build process\nDone.\nProcessing...\nTest Suites: 37 passed, 39 total\n\u2713 Step 'build' succeeded\nCompiling lib/service.java...\nHEAD is now at fe22286\nStep 2/18: Running migrations\nGenerating source maps...\nTests: 466 passed, 382 total\nSuccess!\nPOST /upload - 200 (55ms)\n  PASS: integration/test_api_health.spec.js\nWARNING: jest has known vulnerabilities\nMinifying main.js\nCoverage: 97% statements, 70% branches\nPushing to registry...\nChecking out main branch\nPOST /api - 201 (487ms)\nTime: 78.773s\npip: Collecting axios\nWARNING: prettier has known vulnerabilities\nProcessing...\nSwitched to branch 'hotfix/task-553'\n[12:51:21] INFO: Cache refreshed\nyarn add: Done in 8.84s\nLoading...\nLayer 6/15: RUN command\nAlready up to date.\nFinished.\nLoading...\nUploading artifact 'dist' (21 files)\nArtifact uploaded: build.tar.gz (33MB)\n  PASS: unit/test_auth_login.spec.js\nCache saved successfully\n  PASS: unit/test_api_health.spec.js\n\u2713 validate completed\nArtifact uploaded: build.tar.gz (20MB)\nOK\nHEAD is now at 47f0c16\n\u2713 Step 'checkout' succeeded\nCreating production build...\npip: Downloading react-1.9.tar.gz\nTime: 73.268s\nAlready up to date.\nCompiling utils/utils.go...\nInstalling eslint@2.11.9\nFetching from https://pypi.org/package.json\n\u26a0 DEPRECATION: Feature will be removed in v5.0\nFetching from https://gcr.io/package.json\npip: Downloading jest-2.18.tar.gz\n\u26a0 DEPRECATION: Feature will be removed in v4.0\nSnapshots: 23 passed, 33 total\nWARNING: prettier has known vulnerabilities\nArtifact uploaded: dist.zip (28MB)\nSnapshots: 9 passed, 8 total\nFetching from https://docker.io/package.json\npip: Installing build dependencies...\n[12:51:21] WARN: Deprecated API usage\nCompiling src/service.java...\nConnection established\nConnection established\nGenerating source maps...\n[12:51:21] WARN: Deprecated API usage\nInstalling react@3.16.6\nChecking out main branch\n[12:51:21] INFO: Cache refreshed\n[12:51:21] DEBUG: Loading configuration\nSwitched to branch 'hotfix/task-753'\nPOST /api - 202 (172ms)\nFetching submodules...\nMinifying vendor.js\n[12:51:21] INFO: Starting build process\nNODE_ENV=production\nStep 19/21: Linting\n\u2713 All checks passed\n\u26a0 DEPRECATION: Feature will be removed in v3.0\nCache miss for key-8348\nArtifact uploaded: dist.zip (84MB)\nConnection established\nGenerating source maps...\nCache miss for key-1095\nException: ValueError\n\u2717 build failed with exit code 6\nHEAD is now at 6d5e7d8\n  PASS: test_api_health (112ms)\n[12:51:21] DEBUG: Query executed in 46ms\nException: NullPointerException\nMinifying vendor.js\nOK\nPOST /data - 200 (460ms)\nLoading...\nnpm install: added 210 packages\nException: ValueError\nStep 5/25: Testing\nEnvironment: test\nTransforming 884 files...\nTests: 422 passed, 194 total\nPulling image: python:3.11\nCompiling utils/main.py...\nCompiling utils/utils.go...\nStep 13/15: Deploying\nRan 162 tests in 47s\nCache miss for key-6994\n=== Step e2e_tests completed ===\n=== Step: build ===\nCompleted.\nPushing to registry...\n[12:51:21] WARN: Deprecated API usage\nArtifact downloaded: 38MB\nMinifying app.js\nStep 4/22: Building\nWARNING: eslint has known vulnerabilities\nCompiling components/main.py...\nCache saved successfully\nChecking out develop branch\nSwitched to branch 'hotfix/task-948'\nFinished.\nUploading artifact 'dist' (19 files)\nAlready up to date.\n\u26a0 DEPRECATION: Feature will be removed in v5.0\nWaiting...\nStep 4/22: Testing\n  PASS: test_auth_login (392ms)\nGenerating source maps...\n[12:51:21] INFO: Processing request\n\u2713 Step 'checkout' succeeded\n[12:51:21] DEBUG: Initializing service\nTests: 413 passed, 300 total\nStep 7/18: Deploying\nWARNING: axios has known vulnerabilities\nCompiling src/utils.go...\nOK\nCache restored successfully (82MB)\nException: NullPointerException\nCache hit for key-5583\nGET /status - 204 (87ms)\nException: TypeError\n\u2713 build completed\n[12:51:21] DEBUG: Loading configuration\npip install: Successfully installed react-5.12\nStep 8/23: Testing\nGET /api - 201 (55ms)\nTLS handshake completed\nCache saved successfully\nArtifact uploaded: build.tar.gz (1MB)\nCache restored successfully (309MB)\nnpm install: added 447 packages\nPushing to registry...\nLoading...\nChecking out develop branch\n\u2713 Task completed in 202ms\nNODE_ENV=development\nArtifact uploaded: build.tar.gz (14MB)\nPOST /upload - 202 (178ms)\nStep 5/24: Building\nnpm install: resolved 1522 packages\nStep 15/19: Building\nSwitched to branch 'bugfix/task-561'\nTLS handshake completed\n  PASS: integration/test_user_create.spec.js\nOptimizing 37 modules...\nChecking out main branch\nWARNING: eslint has known vulnerabilities\n[12:51:21] DEBUG: Query executed in 40ms\n\u2713 Step 'test' succeeded\nMinifying main.js\nCache miss for key-8548\nStep 12/20: Running migrations\npip: Collecting lodash\n[12:51:21] INFO: Processing request\nArtifact uploaded: dist.zip (76MB)\nArtifact downloaded: 25MB\n[12:51:21] DEBUG: Initializing service\nArtifact uploaded: dist.zip (53MB)\nOK\npip: Collecting prettier\nUsing Python 3.12\nCache saved successfully\nnpm install: resolved 271 packages\nBundling main.css\nTests: 235 passed, 113 total\n[12:51:21] INFO: Connecting to database\nException: ValueError\nUploading artifact 'dist' (47 files)\npip: Downloading lodash-2.9.tar.gz\nPulling image: alpine:3.11\npip: Collecting webpack\nUploading artifact 'dist' (19 files)\n[12:51:21] INFO: Connecting to database\nWARNING: jest has known vulnerabilities\n\u2713 Task completed in 4715ms\nWARNING: eslint has known vulnerabilities\nArtifact uploaded: build.tar.gz (50MB)\nArtifact uploaded: dist.zip (17MB)\n[12:51:21] DEBUG: Query executed in 65ms\nVerifying...\n[12:51:21] ERROR: Connection failed\nFinished.\npip install: Successfully installed express-2.1\n[12:51:21] WARN: Deprecated API usage\nnpm notice: package.json updated\nTest Suites: 43 passed, 17 total\n\u2713 Step 'checkout' succeeded\nTime: 46.982s\nWARNING: prettier has known vulnerabilities\nArtifact uploaded: dist.zip (47MB)\nEnvironment: staging\nSwitched to branch 'hotfix/task-290'\n[12:51:21] INFO: Cache refreshed\nSuccess!\n[12:51:21] DEBUG: Loading configuration\nSuccess!\nyarn add: Done in 15.17s\nException: ValueError\nLayer 3/11: ENV command\n\u2717 build failed with exit code 80\nArtifact uploaded: dist.zip (27MB)\n\u2713 validate completed\nCompleted.\nUsing Python 3.12\nBundling main.js\nFetching from https://amazonaws.com/package.json\nConnection established\nPOST /upload - 202 (46ms)\nArtifact uploaded: build.tar.gz (29MB)\n[12:51:21] WARN: Deprecated API usage\nConnection established\nEnvironment: staging\nImage pulled successfully\n  PASS: test_auth_login (382ms)\nCache miss for key-1032\nTLS handshake completed\nnpm notice: created a lockfile\n[12:51:21] DEBUG: Query executed in 69ms\nCreating production build...\nEnvironment: development\nFetching submodules...\nWARNING: lodash has known vulnerabilities\nLoading...\n[12:51:21] WARN: Deprecated API usage\nConnection established\nUploading artifact 'dist' (34 files)\nEnvironment: test\nFetching submodules...\nUsing Node.js 20.6.7\nFetching from https://githubusercontent.com/package.json\nTests: 50 passed, 488 total\nTests: 352 passed, 306 total\nHEAD is now at 45b2b14\nCache saved successfully\nnpm install: added 194 packages\nBundling vendor.js\nnpm install: added 273 packages\nCompleted.\nOptimizing 62 modules...\npip: Installing build dependencies...\nCompiling utils/utils.go...\n\u2713 Step 'test' succeeded\nnpm install: added 256 packages\nCoverage: 77% statements, 98% branches\nnpm install: resolved 293 packages\nStep 18/19: Running migrations\nChecking out develop branch\nRan 159 tests in 44s\nCache restored successfully (307MB)\nCache saved successfully\nCoverage: 93% statements, 81% branches\nUsing Node.js 14.9.7\nFinished.\nGenerating source maps...\nTime: 64.96s\nNODE_ENV=production\nArtifact downloaded: 50MB\nCompiling src/handler.rs...\nArtifact uploaded: build.tar.gz (24MB)\nSnapshots: 44 passed, 2 total\n\u26a0 DEPRECATION: Feature will be removed in v4.0\nnpm install: added 129 packages\nChecking out master branch\npip install: Successfully installed prettier-5.3\nImage pulled successfully\n  PASS: integration/test_cache_hit.spec.js\nBuilding Docker image...\nTests: 101 passed, 99 total\nnpm install: resolved 1053 packages\nGenerating source maps...\nProcessing...\nBundling main.css\nEnvironment: development\n[12:51:21] INFO: Processing request\nLayer 7/11: COPY command\nPushing to registry...\nHEAD is now at fc4265c\n\u2713 Step 'install' succeeded\nUsing Node.js 15.6.7\n\u2713 Task completed in 3644ms\nBundling styles.css\nCreating production build...\n\u2713 Step 'test' succeeded\nTLS handshake completed\n[12:51:21] INFO: Request completed\nFetching from https://pypi.org/package.json\nGenerating source maps...\nLoading...\npip: Collecting axios\n\u26a0 DEPRECATION: Feature will be removed in v2.0\nEnvironment: test\n[12:51:21] WARN: Deprecated API usage\n[12:51:21] WARN: Deprecated API usage\nArtifact uploaded: dist.zip (27MB)\nLayer 9/11: ENV command\n[12:51:21] INFO: Request completed\n[12:51:21] INFO: Processing request\n[12:51:21] INFO: Starting build process\nBundling vendor.js\nStep 17/17: Building\nArtifact uploaded: dist.zip (47MB)\n\u2717 build failed with exit code 53\n[12:51:21] DEBUG: Loading configuration\nEnvironment: production\n[12:51:21] DEBUG: Memory usage: 804MB\nWaiting...\nnpm install: added 300 packages\nTransforming 831 files...\n[12:51:21] DEBUG: Connection pool: 16 active\nStep 9/21: Installing dependencies\nnpm install: added 449 packages\n[12:51:21] INFO: Cache refreshed\nCompiling components/handler.rs...\n[12:51:21] DEBUG: Query executed in 95ms\n[12:51:21] INFO: Processing request\nLoading...\nOK\nCache saved successfully\nBundling main.css\nPulling image: alpine:3.11\npip install: Successfully installed lodash-3.15\nTLS handshake completed\nFetching from https://pypi.org/package.json\nnpm notice: package.json updated\nLoading...\nArtifact downloaded: 20MB\nReady.\n[12:51:21] WARN: Deprecated API usage\nStep 10/18: Building\n[12:51:21] INFO: Cache refreshed\nCache restored successfully (397MB)\nCreating production build...\nInstalling express@4.7.9\n[12:51:21] DEBUG: Connection pool: 17 active\nFinished.\nHEAD is now at 70ae451\nTransforming 103 files...\nnpm install: resolved 1715 packages\n[12:51:21] DEBUG: Query executed in 4ms\n[12:51:21] INFO: Starting build process\n[12:51:21] INFO: Cache refreshed\nUploading artifact 'dist' (47 files)\npip: Collecting axios\n  PASS: unit/test_db_connect.spec.js\nUploading artifact 'coverage' (10 files)\nGET /health - 201 (86ms)\nBundling main.js\nPulling image: python:18\nEnvironment: development\nLayer 5/8: RUN command\npip install: Successfully installed jest-1.16\nLoading...\nNODE_ENV=test\nTime: 35.906s\n[12:51:21] INFO: Cache refreshed\nFetching from https://github.com/package.json\n  PASS: test_cache_hit (434ms)\nConnection established\nPushing to registry...\nNODE_ENV=test\nTests: 239 passed, 167 total\n[12:51:21] INFO: Connecting to database\nGET /status - 200 (14ms)\npip: Installing build dependencies...\nHEAD is now at 20f1148\nFinished.\nCompiling lib/handler.rs...\n=== Step build completed ===\n=== Step: checkout ===\n\u2713 validate completed\n[12:51:21] DEBUG: Initializing service\npip: Collecting express\nVerifying...\nCompiling components/utils.go...\nGenerating source maps...\n[12:51:21] INFO: Cache refreshed\nnpm notice: created a lockfile\nSwitched to branch 'hotfix/task-277'\nUsing Python 3.9\nyarn add: Done in 13.7s\nBuilding Docker image...\npip: Collecting jest\n[12:51:21] DEBUG: Connection pool: 13 active\nTests: 251 passed, 440 total\nBundling styles.js\n[12:51:21] DEBUG: Connection pool: 14 active\nCache restored successfully (311MB)\nRan 90 tests in 18s\nLoading...\nInstalling axios@2.11.2\nnpm install: resolved 394 packages\nCompleted.\n  PASS: e2e/test_cache_hit.spec.js\nUsing Python 3.10\nFetching submodules...\nGenerating source maps...\nRan 190 tests in 33s\nCache saved successfully\nGenerating source maps...\nWARNING: eslint has known vulnerabilities\nRan 190 tests in 30s\nMinifying vendor.js\nEnvironment: development\nHEAD is now at 344964b\nVerifying...\nUploading artifact 'build' (22 files)\n\u2713 lint completed\npip: Installing build dependencies...\nUsing Node.js 16.2.3\nBundling main.js\nHEAD is now at 7ac0462\n[12:51:21] INFO: Starting build process\nLayer 9/13: RUN command\n[12:51:21] DEBUG: Loading configuration\nLoading...\nFetching submodules...\n[12:51:21] DEBUG: Memory usage: 969MB\n[12:51:21] WARN: Deprecated API usage\nEnvironment: production\nAlready up to date.\n[12:51:21] INFO: Starting build process\n[12:51:21] DEBUG: Loading configuration\nCompiling utils/handler.rs...\nProcessing...\nCache hit for key-7203\nImage pulled successfully\npip install: Successfully installed jest-4.12\nNODE_ENV=production\n[12:51:21] DEBUG: Memory usage: 1983MB\nStep 4/18: Linting\nPulling image: alpine:3.11\nOK\n[12:51:21] ERROR: Connection failed\n  PASS: unit/test_db_connect.spec.js\nSwitched to branch 'feature/task-861'\nCoverage: 71% statements, 80% branches\nDone.\nWARNING: react has known vulnerabilities\nWaiting...\n[12:51:21] WARN: Deprecated API usage\nWARNING: express has known vulnerabilities\n[12:51:21] INFO: Request completed\nWaiting...\nCompiling src/index.js...\n\u26a0 DEPRECATION: Feature will be removed in v3.0\nWARNING: eslint has known vulnerabilities\nStep 12/23: Running migrations\n\u26a0 DEPRECATION: Feature will be removed in v4.0\nPOST /upload - 202 (71ms)\nTests: 300 passed, 376 total\nFinished.\n\u26a0 DEPRECATION: Feature will be removed in v3.0\nSwitched to branch 'bugfix/task-533'\nStep 13/17: Building\nCompiling components/main.py...\nCompiling lib/app.ts...\nConnection established\nWaiting...\nProcessing...\nUsing Node.js 18.0.6\nStep 6/25: Deploying\npip: Installing build dependencies...\nProcessing...\n\u2713 Step 'setup' succeeded\nProcessing...\nWARNING: express has known vulnerabilities\nTLS handshake completed\nOptimizing 68 modules...\n  PASS: test_auth_login (160ms)\nGenerating source maps...\nFinished.\nCompleted.\n[12:51:21] INFO: Connecting to database\n[12:51:21] INFO: Starting build process\nCache saved successfully\nException: TypeError\nArtifact uploaded: dist.zip (1MB)\nBundling runtime.js\nCache hit for key-5785\nCompiling src/index.js...\n  PASS: test_db_connect (227ms)\nPOST /data - 201 (193ms)\nRan 73 tests in 60s\nStep 10/16: Testing\nFetching from https://amazonaws.com/package.json\nPOST /upload - 200 (298ms)\nRan 155 tests in 48s\nConnection established\n[12:51:21] INFO: Starting build process\nLoading...\nRan 189 tests in 49s\n\u2713 Step 'install' succeeded\nWARNING: jest has known vulnerabilities\nWARNING: react has known vulnerabilities\nOptimizing 12 modules...\npip: Installing build dependencies...\nTransforming 602 files...\nCache saved successfully\nStep 19/22: Linting\nTime: 115.78s\n[12:51:21] INFO: Connecting to database\nUsing Python 3.10\n[12:51:21] DEBUG: Initializing service\n\u2713 Step 'build' succeeded\n[12:51:21] DEBUG: Query executed in 39ms\nLoading...\nEnvironment: development\nTime: 115.306s\nArtifact uploaded: dist.zip (81MB)\nOptimizing 54 modules...\nConnection established\nFetching submodules...\nException: TypeError\n\u2713 test completed\nFetching submodules...\nCache miss for key-9184\nMinifying app.js\nArtifact uploaded: build.tar.gz (44MB)\n[12:51:21] DEBUG: Initializing service\nSwitched to branch 'bugfix/task-285'\nPulling image: node:latest\nCompiling src/handler.rs...\n\u26a0 DEPRECATION: Feature will be removed in v4.0\nOptimizing 13 modules...\n[12:51:21] INFO: Cache refreshed\nCompiling components/service.java...\nUsing Node.js 14.13.1\nCompiling utils/main.py...\nCache invalidated: build\nRan 198 tests in 45s\n[12:51:21] ERROR: Connection failed\nLoading...\nChecking out develop branch\nBundling runtime.css\nGenerating source maps...\nException: TypeError\nBundling main.css\n\u2713 All checks passed\nStep 8/21: Deploying\nTransforming 321 files...\npip: Downloading express-2.12.tar.gz\nCoverage: 81% statements, 60% branches\n  PASS: test_db_connect (77ms)\nStep 14/20: Linting\nDone.\nInstalling prettier@5.4.3\nUsing Python 3.12\n\u2713 package completed\nException: NullPointerException\nSwitched to branch 'feature/task-879'\nPOST /data - 202 (336ms)\n  PASS: test_cache_hit (283ms)\nNODE_ENV=production\n[12:51:21] INFO: Request completed\nnpm install: resolved 896 packages\nFinished.\nPOST /upload - 201 (62ms)\nOptimizing 17 modules...\nTests: 273 passed, 253 total\nStep 7/23: Deploying\nPulling image: node:18\nWaiting...\n\u2713 Task completed in 4055ms\npip: Installing build dependencies...\nArtifact uploaded: build.tar.gz (9MB)\nUsing Node.js 14.11.10\n[12:51:21] WARN: Deprecated API usage\nArtifact uploaded: dist.zip (49MB)\nCompiling src/service.java...\n\u2713 test completed\n[12:51:21] DEBUG: Memory usage: 178MB\n[12:51:21] INFO: Cache refreshed\n[12:51:21] DEBUG: Query executed in 20ms\nProcessing...\nUsing Python 3.11\nStep 5/18: Building\nReady.\nCache saved successfully\nStep 12/21: Building\nImage pulled successfully\nChecking out master branch\nUploading artifact 'coverage' (26 files)\npip: Collecting axios\nLoading...\n\u2717 build failed with exit code 34\n\u2717 build failed with exit code 48\nTests: 195 passed, 162 total\nArtifact uploaded: dist.zip (36MB)\nImage pulled successfully\nGenerating source maps...\nStep 4/19: Linting\nGET /status - 200 (26ms)\n\u2713 All checks passed\nDone.\nLoading...\nStep 5/21: Building\npip: Collecting express\npip: Installing build dependencies...\nTest Suites: 50 passed, 23 total\nStep 5/23: Installing dependencies\nImage pulled successfully\nPulling image: node:3.11\n\u26a0 DEPRECATION: Feature will be removed in v5.0\nInstalling react@3.4.4\nOptimizing 52 modules...\nCompiling components/handler.rs...\nUploading artifact 'build' (43 files)\nStep 1/18: Building\nStep 16/22: Testing\nImage pulled successfully\nInstalling axios@5.4.4\nFetching submodules...\nUsing Node.js 19.10.10\nPlatform: win32-x64\nException: TypeError\nSwitched to branch 'bugfix/task-433'\nCoverage: 90% statements, 72% branches\nWARNING: axios has known vulnerabilities\n[12:51:21] ERROR: Connection failed\nLoading...\nStep 12/22: Deploying\nFetching submodules...\nWaiting...\n[12:51:21] INFO: Connecting to database\nSnapshots: 6 passed, 40 total\nSnapshots: 27 passed, 46 total\nArtifact downloaded: 50MB\n\u26a0 DEPRECATION: Feature will be removed in v4.0\n[12:51:21] DEBUG: Memory usage: 1920MB\nAlready up to date.\nSwitched to branch 'feature/task-900'\nFetching from https://amazonaws.com/package.json\nPlatform: darwin-arm64\n[12:51:21] INFO: Cache refreshed\nFinished.\nPlatform: win32-x64\nTLS handshake completed\nGET /status - 201 (59ms)\nCompiling components/utils.go...\n[12:51:21] INFO: Request completed\n[12:51:21] ERROR: Connection failed\n[12:51:21] DEBUG: Connection pool: 2 active\nArtifact uploaded: build.tar.gz (48MB)\nCompiling components/app.ts...\nPOST /data - 201 (86ms)\nCompiling utils/handler.rs...\nBundling styles.js\n=== Step checkout completed ===\n=== Step: save_cache ===\n[12:51:21] DEBUG: Connection pool: 19 active\n[12:51:21] DEBUG: Connection pool: 9 active\nRan 52 tests in 51s\n\u2717 build failed with exit code 66\nPOST /upload - 202 (399ms)\nSnapshots: 42 passed, 34 total\nnpm notice: package.json updated\nWaiting...\nHEAD is now at 91a41bd\nWARNING: webpack has known vulnerabilities\nPOST /data - 202 (118ms)\npip: Installing build dependencies...\nCompleted.\n\u2713 All checks passed\nStep 13/25: Running migrations\nPlatform: win32-x64\nnpm install: resolved 1839 packages\n[12:51:21] DEBUG: Query executed in 52ms\n\u26a0 DEPRECATION: Feature will be removed in v3.0\nMinifying main.js\nPulling image: node:3.11\n\u26a0 DEPRECATION: Feature will be removed in v4.0\n\u2713 test completed\nCreating production build...\nFetching submodules...\n[12:51:21] WARN: Deprecated API usage\nSnapshots: 10 passed, 46 total\nPOST /api - 200 (113ms)\n[12:51:21] DEBUG: Memory usage: 917MB\n[12:51:21] DEBUG: Connection pool: 13 active\nPlatform: linux-x64\n[12:51:21] WARN: Deprecated API usage\nWaiting...\nArtifact downloaded: 2MB\nnpm notice: created a lockfile\nOptimizing 96 modules...\nTest Suites: 31 passed, 45 total\npip: Collecting express\nBuilding Docker image...\nInstalling express@5.6.2\nUploading artifact 'dist' (21 files)\nCompiling lib/utils.go...\nOK\nBundling main.js\nCompiling lib/utils.go...\nStep 4/18: Building\n\u2713 Task completed in 3931ms\nUsing Node.js 18.16.5\n[12:51:21] DEBUG: Memory usage: 1799MB\nCache saved successfully\nProcessing...\nPulling image: python:3.11\nStep 3/16: Testing\nPOST /upload - 202 (266ms)\n[12:51:21] DEBUG: Initializing service\nCache miss for key-6004\n[12:51:21] INFO: Connecting to database\n\u2713 test completed\nNODE_ENV=development\nCache saved successfully\nCompiling src/utils.go...\nCompiling lib/service.java...\nCache miss for key-2798\nStep 20/16: Installing dependencies\n  PASS: test_db_connect (412ms)\npip: Collecting express\n[12:51:21] INFO: Request completed\n\u26a0 DEPRECATION: Feature will be removed in v5.0\nPulling image: python:latest\nTests: 74 passed, 69 total\nCache miss for key-3642\nWARNING: express has known vulnerabilities\nCache saved successfully\n[12:51:21] INFO: Connecting to database\n[12:51:21] INFO: Connecting to database\nProcessing...\nNODE_ENV=test\nBundling main.css\n\u2713 All checks passed\nnpm install: resolved 1402 packages\nReady.\nBuilding Docker image...\nOK\nStep 6/24: Installing dependencies\nOptimizing 12 modules...\nDone.\nMinifying vendor.js\nProcessing...\nnpm install: resolved 579 packages\nNODE_ENV=development\nConnection established\nCache restored successfully (40MB)\nBuilding Docker image...\n[12:51:21] INFO: Processing request\nStep 5/19: Testing\nTLS handshake completed\nWaiting...\n[12:51:21] DEBUG: Connection pool: 3 active\n[12:51:21] WARN: Deprecated API usage\nBundling vendor.js\nBuilding Docker image...\nAlready up to date.\n\u26a0 DEPRECATION: Feature will be removed in v5.0\nTLS handshake completed\n[12:51:21] DEBUG: Memory usage: 806MB\nMinifying vendor.js\nCache restored successfully (435MB)\nRan 102 tests in 34s\nFinished.\n  PASS: test_cache_hit (214ms)\nSwitched to branch 'feature/task-124'\nTests: 438 passed, 268 total\n\u26a0 DEPRECATION: Feature will be removed in v3.0\nyarn add: Done in 13.42s\npip: Collecting axios\nCache invalidated: dependencies\npip: Installing build dependencies...\nFAILED: test_cache_hit\nTime: 95.520s\nTLS handshake completed\nTransforming 980 files...\nUploading artifact 'build' (5 files)\nCache saved successfully\nStep 11/20: Deploying\nStep 20/24: Testing\n[12:51:21] DEBUG: Memory usage: 155MB\nFetching submodules...\n[12:51:21] DEBUG: Loading configuration\nPOST /api - 202 (146ms)\n\u26a0 DEPRECATION: Feature will be removed in v3.0\n[12:51:21] INFO: Processing request\nSnapshots: 30 passed, 41 total\nSnapshots: 32 passed, 16 total\nCache miss for key-3771\nSuccess!\n  PASS: test_cache_hit (426ms)\nStep 6/23: Running migrations\nSuccess!\n[12:51:21] INFO: Cache refreshed\nStep 18/25: Linting\nStep 11/25: Running migrations\n[12:51:21] DEBUG: Loading configuration\n\u2713 Task completed in 3813ms\nyarn add: Done in 18.73s\nUploading artifact 'build' (23 files)\nPulling image: python:3.11\nStep 12/24: Deploying\nStep 11/21: Installing dependencies\nPOST /data - 201 (164ms)\nCompleted.\nTime: 60.483s\nUsing Python 3.11\nWARNING: prettier has known vulnerabilities\nLoading...\nHEAD is now at d768fd2\nArtifact uploaded: dist.zip (36MB)\nNODE_ENV=production\nTests: 101 passed, 195 total\nCompiling src/handler.rs...\nFinished.\n[12:51:21] INFO: Cache refreshed\nArtifact downloaded: 10MB\n[12:51:21] WARN: Deprecated API usage\nCreating production build...\nArtifact uploaded: build.tar.gz (35MB)\nChecking out main branch\n\u2717 build failed with exit code 126\nnpm notice: created a lockfile\n\u2717 build failed with exit code 17\nArtifact uploaded: build.tar.gz (15MB)\n\u2713 validate completed\n[12:51:21] INFO: Cache refreshed\nPOST /api - 202 (444ms)\nPulling image: alpine:18\nPOST /data - 202 (163ms)\nCompleted.\nGET /api - 204 (96ms)\nRan 58 tests in 58s\nPlatform: win32-x64\nNODE_ENV=development\nChecking out main branch\nOK\nSnapshots: 26 passed, 29 total\nSwitched to branch 'feature/task-580'\nCache hit for key-2272\nArtifact uploaded: dist.zip (73MB)\n\u2713 Step 'checkout' succeeded\nTransforming 827 files...\nBuilding Docker image...\nVerifying...\nTransforming 706 files...\n  PASS: unit/test_db_connect.spec.js\n  PASS: integration/test_auth_login.spec.js\nEnvironment: staging\nTLS handshake completed\nException: ValueError\nCache hit for key-4524\nCache hit for key-8282\npip: Downloading axios-4.3.tar.gz\npip: Downloading eslint-2.4.tar.gz\nFinished.\nBuilding Docker image...\nUploading artifact 'dist' (10 files)\nGenerating source maps...\n\u2713 All checks passed\nCache invalidated: node_modules\nnpm notice: created a lockfile\nCache saved successfully\nyarn add: Done in 5.0s\nCompiling lib/utils.go...\n[12:51:21] DEBUG: Connection pool: 5 active\nPOST /data - 200 (198ms)\nnpm install: resolved 791 packages\nReady.\nCompleted.\nNODE_ENV=test\nnpm notice: created a lockfile\nImage pulled successfully\nCache invalidated: node_modules\n[12:51:21] ERROR: Connection failed\nHEAD is now at 7c399aa\nnpm install: added 414 packages\nVerifying...\n[12:51:21] WARN: Deprecated API usage\n[12:51:21] INFO: Connecting to database\n\u2713 Step 'checkout' succeeded\n\u2713 test completed\nUsing Python 3.10\nStep 1/15: Installing dependencies\nStep 9/19: Deploying\n\u2717 build failed with exit code 25\nEnvironment: development\nLayer 5/9: COPY command\nStep 2/23: Building\nLayer 9/11: COPY command\n[12:51:21] WARN: Deprecated API usage\nnpm install: added 453 packages\npip install: Successfully installed express-4.5\nChecking out develop branch\nDone.\nChecking out master branch\nOK\n[12:51:21] DEBUG: Memory usage: 249MB\nTime: 110.563s\nTests: 133 passed, 95 total\npip: Downloading lodash-4.20.tar.gz\nCompiling components/handler.rs...\nException: NullPointerException\n[12:51:21] INFO: Connecting to database\nStep 6/16: Building\nnpm install: added 174 packages\n\u2713 All checks passed\nPulling image: alpine:18\nOptimizing 28 modules...\nPOST /data - 202 (125ms)\nConnection established\n[12:51:21] DEBUG: Initializing service\nCache hit for key-7445\nStep 1/20: Running migrations\nProcessing...\n[12:51:21] DEBUG: Loading configuration\n  PASS: e2e/test_cache_hit.spec.js\nVerifying...\nUsing Python 3.9\nStep 7/20: Linting\nCoverage: 71% statements, 91% branches\n\u2713 All checks passed\n[12:51:21] DEBUG: Initializing service\n[12:51:21] DEBUG: Query executed in 74ms\nTLS handshake completed\nChecking out main branch\nReady.\n[12:51:21] DEBUG: Initializing service\nHEAD is now at 1a3628e\nArtifact uploaded: dist.zip (79MB)\n  PASS: e2e/test_user_create.spec.js\nFinished.\nPOST /api - 201 (361ms)\n=== Step save_cache completed ===\n=== Step: type_check ===\nReady.\nStep 4/20: Building\n[12:51:21] INFO: Starting build process\nCompiling src/service.java...\nCache saved successfully\nCompiling lib/index.js...\nTLS handshake completed\nCache saved successfully\nStep 10/18: Linting\nPushing to registry...\n[12:51:21] INFO: Cache refreshed\nCompleted.\nCache invalidated: node_modules\nImage pulled successfully\n[12:51:21] DEBUG: Initializing service\nStep 18/20: Linting\n[12:51:21] INFO: Processing request\nFetching from https://docker.io/package.json\n[12:51:21] INFO: Connecting to database\n[12:51:21] DEBUG: Loading configuration\nyarn add: Done in 8.68s\nConnection established\n\u2713 Step 'install' succeeded\nRan 16 tests in 26s\nnpm install: resolved 199 packages\nInstalling lodash@1.19.0\nBundling main.css\n\u2713 Task completed in 4900ms\nCompleted.\nStep 16/20: Building\nFinished.\nWARNING: jest has known vulnerabilities\npip: Installing build dependencies...\nCompiling utils/index.js...\nDone.\nLoading...\nDone.\nChecking out master branch\nCache hit for key-9593\nCompiling utils/index.js...\n[12:51:21] INFO: Connecting to database\nCompiling components/index.js...\nDone.\nChecking out main branch\nReady.\nSnapshots: 24 passed, 30 total\nCache invalidated: node_modules\nStep 4/24: Linting\nCompiling lib/utils.go...\n[12:51:21] WARN: Deprecated API usage\nOK\nDone.\nLayer 6/11: COPY command\nTime: 2.881s\nStep 9/21: Installing dependencies\nCache saved successfully\nHEAD is now at a50f0e2\n\u2713 All checks passed\nCache saved successfully\nStep 5/25: Linting\npip install: Successfully installed axios-4.16\nPushing to registry...\nBuilding Docker image...\nStep 5/17: Testing\nLoading...\nStep 6/21: Running migrations\nStep 7/24: Installing dependencies\nBundling main.css\n\u2717 build failed with exit code 58\nStep 6/21: Running migrations\n[12:51:21] INFO: Request completed\nFetching from https://registry.npmjs.org/package.json\npip: Downloading prettier-5.9.tar.gz\n[12:51:21] WARN: Deprecated API usage\nOptimizing 36 modules...\nDone.\nArtifact uploaded: build.tar.gz (37MB)\n\u26a0 DEPRECATION: Feature will be removed in v3.0\npip: Collecting prettier\n[12:51:21] INFO: Processing request\nStep 8/17: Linting\n\u2713 Task completed in 241ms\nStep 17/16: Deploying\nNODE_ENV=test\n[12:51:21] ERROR: Connection failed\nFetching submodules...\n[12:51:21] INFO: Connecting to database\nCache hit for key-9523\n[12:51:21] INFO: Starting build process\n\u26a0 DEPRECATION: Feature will be removed in v3.0\nnpm notice: package.json updated\nFinished.\n[12:51:21] DEBUG: Connection pool: 18 active\nOptimizing 64 modules...\n[12:51:21] DEBUG: Loading configuration\nDone.\nTLS handshake completed\nChecking out main branch\npip: Collecting express\nnpm install: added 477 packages\nSwitched to branch 'hotfix/task-148'\npip install: Successfully installed react-2.11\nVerifying...\nWaiting...\nCompiling utils/service.java...\nBuilding Docker image...\n  PASS: unit/test_user_create.spec.js\n\u2713 Task completed in 4461ms\n\u2713 package completed\nnpm notice: created a lockfile\nSnapshots: 27 passed, 16 total\nSwitched to branch 'feature/task-448'\n[12:51:21] INFO: Request completed\nStep 2/24: Deploying\nEnvironment: production\nFAILED: test_auth_login\nUsing Python 3.10\n\u2713 validate completed\nTest Suites: 11 passed, 31 total\n  PASS: e2e/test_cache_hit.spec.js\nProcessing...\nCoverage: 90% statements, 60% branches\nException: ValueError\nOK\nAlready up to date.\n[12:51:21] ERROR: Connection failed\n[12:51:21] INFO: Request completed\nFAILED: test_db_connect\n[12:51:21] DEBUG: Initializing service\nLayer 5/13: RUN command\n[12:51:21] DEBUG: Connection pool: 4 active\nHEAD is now at 53efde9\nGenerating source maps...\npip: Downloading webpack-4.7.tar.gz\nnpm notice: package.json updated\npip: Downloading prettier-3.10.tar.gz\nChecking out main branch\nRan 74 tests in 29s\nWARNING: express has known vulnerabilities\nCompiling components/main.py...\nSwitched to branch 'feature/task-454'\nBuilding Docker image...\nHEAD is now at 56d3107\n\u2717 build failed with exit code 114\npip install: Successfully installed lodash-4.13\nCompiling lib/service.java...\nCache restored successfully (19MB)\nWARNING: webpack has known vulnerabilities\npip: Collecting axios\n[12:51:21] INFO: Request completed\nCompiling utils/utils.go...\nSuccess!\nProcessing...\nPushing to registry...\nReady.\nChecking out main branch\n\u2713 Task completed in 3100ms\nOptimizing 81 modules...\n[12:51:21] INFO: Request completed\nStep 7/23: Linting\n\u2717 build failed with exit code 89\n[12:51:21] WARN: Deprecated API usage\n[12:51:21] INFO: Connecting to database\nUsing Python 3.11\nArtifact uploaded: dist.zip (36MB)\nTime: 33.550s\nTransforming 763 files...\nWARNING: prettier has known vulnerabilities\nSnapshots: 35 passed, 28 total\nOptimizing 26 modules...\nUsing Python 3.9\nnpm notice: package.json updated\n[12:51:21] DEBUG: Initializing service\nTLS handshake completed\nnpm install: added 435 packages\nPOST /upload - 201 (191ms)\n[12:51:21] WARN: Deprecated API usage\nTransforming 186 files...\nFetching submodules...\nCompiling lib/service.java...\nStep 19/18: Running migrations\n[12:51:21] ERROR: Connection failed\nCoverage: 75% statements, 60% branches\nCompiling lib/utils.go...\nReady.\nStep 18/19: Building\nFetching submodules...\npip: Downloading jest-4.10.tar.gz\nRan 101 tests in 48s\nSuccess!\nWARNING: lodash has known vulnerabilities\n\u2713 Step 'setup' succeeded\n[12:51:21] WARN: Deprecated API usage\nStep 19/25: Building\nMinifying main.js\nConnection established\nPulling image: node:latest\nStep 9/25: Testing\nnpm notice: created a lockfile\nWaiting...\nBuilding Docker image...\nWaiting...\nFinished.\nBundling styles.js\n\u26a0 DEPRECATION: Feature will be removed in v5.0\nStep 8/23: Testing\nUsing Python 3.10\nUsing Python 3.11\nWaiting...\n[12:51:21] DEBUG: Connection pool: 19 active\nWARNING: express has known vulnerabilities\nStep 8/25: Linting\nCache invalidated: build\nVerifying...\n[12:51:21] INFO: Request completed\nnpm notice: package.json updated\n[12:51:21] INFO: Request completed\n  PASS: test_db_connect (373ms)\nEnvironment: development\nArtifact downloaded: 28MB\nFetching from https://npmjs.org/package.json\nEnvironment: test\nGenerating source maps...\nGET /status - 201 (79ms)\nyarn add: Done in 11.13s\nnpm notice: created a lockfile\n[12:51:21] WARN: Deprecated API usage\nUsing Node.js 17.5.2\nFAILED: test_user_create\nFetching submodules...\nPushing to registry...\n[12:51:21] INFO: Starting build process\nTLS handshake completed\nFinished.\nTransforming 882 files...\nSuccess!\nnpm notice: created a lockfile\nCompiling src/index.js...\n\u26a0 DEPRECATION: Feature will be removed in v4.0\nSnapshots: 39 passed, 8 total\nVerifying...\nDone.\nTLS handshake completed\nWARNING: axios has known vulnerabilities\nMinifying main.js\nTLS handshake completed\n[12:51:21] WARN: Deprecated API usage\nLoading...\n\u26a0 DEPRECATION: Feature will be removed in v2.0\n\u26a0 DEPRECATION: Feature will be removed in v2.0\n\u26a0 DEPRECATION: Feature will be removed in v3.0\nCache saved successfully\n[12:51:21] DEBUG: Initializing service\nInstalling prettier@4.1.0\n[12:51:21] WARN: Deprecated API usage\n[12:51:21] DEBUG: Memory usage: 916MB\nCreating production build...\nTransforming 324 files...\nMinifying app.js\nCache invalidated: dependencies\npip: Collecting axios\nNODE_ENV=production\nEnvironment: staging\nnpm install: resolved 1757 packages\nSuccess!\nWARNING: jest has known vulnerabilities\nDone.\nnpm install: resolved 1709 packages\nException: TypeError\n[12:51:21] DEBUG: Loading configuration\n\u2713 validate completed\nPlatform: win32-x64\nCache saved successfully\nUsing Python 3.10\n[12:51:21] DEBUG: Initializing service\nArtifact downloaded: 44MB\nPOST /api - 201 (103ms)\n[12:51:21] INFO: Starting build process\n=== Step type_check completed ===\n=== Step: deploy_staging ===\nnpm notice: created a lockfile\n\u26a0 DEPRECATION: Feature will be removed in v5.0\n[12:51:21] ERROR: Connection failed\nFinished.\n[12:51:21] DEBUG: Memory usage: 447MB\npip: Installing build dependencies...\npip: Collecting webpack\n\u2713 All checks passed\nFetching from https://npmjs.org/package.json\nnpm notice: package.json updated\nnpm install: resolved 556 packages\nLoading...\nCache restored successfully (178MB)\nWARNING: lodash has known vulnerabilities\n\u2713 Step 'checkout' succeeded\nTime: 31.593s\npip: Collecting prettier\nGenerating source maps...\nStep 3/20: Testing\nChecking out develop branch\nLayer 5/11: RUN command\nDone.\nTest Suites: 37 passed, 29 total\nWARNING: webpack has known vulnerabilities\nTLS handshake completed\nWARNING: eslint has known vulnerabilities\nPOST /api - 200 (112ms)\n\u26a0 DEPRECATION: Feature will be removed in v4.0\nGET /health - 204 (41ms)\nStep 11/17: Installing dependencies\n  PASS: integration/test_db_connect.spec.js\nPOST /api - 202 (350ms)\nFetching submodules...\nHEAD is now at 9c98487\nConnection established\n[12:51:21] DEBUG: Loading configuration\n[12:51:21] ERROR: Connection failed\nCompiling utils/main.py...\nProcessing...\nFinished.\nFinished.\n[12:51:21] DEBUG: Query executed in 12ms\nCompleted.\nCache restored successfully (320MB)\nArtifact uploaded: build.tar.gz (39MB)\nCache miss for key-6854\nCache hit for key-7386\nCache invalidated: dependencies\nTests: 121 passed, 196 total\nStep 10/16: Testing\n  PASS: test_user_create (110ms)\n[12:51:21] INFO: Connecting to database\nOptimizing 60 modules...\nSwitched to branch 'hotfix/task-589'\nUsing Python 3.10\nGET /api - 204 (1ms)\nCompleted.\n[12:51:21] DEBUG: Memory usage: 1080MB\nnpm notice: created a lockfile\nnpm notice: created a lockfile\npip: Collecting react\nGET /health - 201 (98ms)\nPlatform: win32-x64\nSwitched to branch 'hotfix/task-828'\nSwitched to branch 'feature/task-913'\nOK\n[12:51:21] DEBUG: Memory usage: 149MB\nArtifact uploaded: build.tar.gz (41MB)\n[12:51:21] DEBUG: Connection pool: 1 active\nHEAD is now at 190f69c\nNODE_ENV=production\nnpm install: added 132 packages\nBundling runtime.css\n[12:51:21] ERROR: Connection failed\n[12:51:21] ERROR: Connection failed\nArtifact downloaded: 46MB\nBundling main.css\nMinifying main.js\nStep 16/20: Building\n[12:51:21] INFO: Request completed\nCompiling components/index.js...\n\u2713 Task completed in 2893ms\nGenerating source maps...\nLoading...\n[12:51:21] WARN: Deprecated API usage\nnpm notice: created a lockfile\nWaiting...\nNODE_ENV=development\n[12:51:21] ERROR: Connection failed\n[12:51:21] WARN: Deprecated API usage\nPushing to registry...\nWaiting...\npip: Collecting lodash\nCompleted.\nSnapshots: 38 passed, 43 total\nOptimizing 15 modules...\n[12:51:21] DEBUG: Initializing service\nCache invalidated: dependencies\nDone.\nOK\n\u2713 Step 'checkout' succeeded\nTests: 396 passed, 238 total\npip: Collecting prettier\npip install: Successfully installed jest-5.6\nFetching submodules...\nCompiling utils/utils.go...\nWaiting...\n[12:51:21] INFO: Starting build process\nCache hit for key-5990\nLayer 7/10: RUN command\nArtifact uploaded: dist.zip (7MB)\nTest Suites: 6 passed, 9 total\n[12:51:21] WARN: Deprecated API usage\n\u2713 package completed\nCache saved successfully\n\u2713 All checks passed\nChecking out develop branch\nPushing to registry...\n[12:51:21] DEBUG: Memory usage: 178MB\n  PASS: test_cache_hit (113ms)\nStep 20/25: Deploying\nWaiting...\n[12:51:21] DEBUG: Loading configuration\nStep 5/15: Linting\n\u2713 Step 'test' succeeded\n  PASS: e2e/test_api_health.spec.js\nFAILED: test_cache_hit\nCoverage: 91% statements, 86% branches\nTransforming 507 files...\n[12:51:21] DEBUG: Loading configuration\nStep 9/20: Running migrations\nNODE_ENV=development\nnpm notice: package.json updated\n[12:51:21] DEBUG: Query executed in 5ms\n\u2713 Task completed in 591ms\nStep 10/22: Deploying\n[12:51:21] INFO: Connecting to database\n[12:51:21] INFO: Cache refreshed\n[12:51:21] INFO: Connecting to database\nCompiling lib/handler.rs...\nArtifact uploaded: dist.zip (40MB)\nCache saved successfully\nOptimizing 34 modules...\nnpm install: added 359 packages\nWARNING: axios has known vulnerabilities\npip: Downloading webpack-2.6.tar.gz\npip install: Successfully installed react-5.7\n[12:51:21] DEBUG: Memory usage: 1274MB\nCoverage: 94% statements, 73% branches\nFetching submodules...\npip: Installing build dependencies...\n\u26a0 DEPRECATION: Feature will be removed in v3.0\nVerifying...\nVerifying...\nLoading...\nCache restored successfully (333MB)\n[12:51:21] DEBUG: Query executed in 82ms\nPulling image: python:18\nTime: 34.868s\n[12:51:21] INFO: Request completed\npip: Installing build dependencies...\nPOST /upload - 201 (483ms)\nWARNING: eslint has known vulnerabilities\nSuccess!\nArtifact uploaded: dist.zip (28MB)\nChecking out master branch\nnpm install: added 446 packages\nOptimizing 10 modules...\nGenerating source maps...\nPOST /upload - 200 (42ms)\nStep 5/22: Linting\nArtifact uploaded: build.tar.gz (37MB)\nPulling image: alpine:latest\nArtifact downloaded: 32MB\nProcessing...\nyarn add: Done in 22.21s\nPOST /api - 200 (271ms)\n[12:51:21] ERROR: Connection failed\nSwitched to branch 'feature/task-825'\nLoading...\n\u26a0 DEPRECATION: Feature will be removed in v4.0\npip: Collecting axios\nTime: 89.317s\npip: Downloading react-2.14.tar.gz\nUsing Python 3.9\npip: Installing build dependencies...\nFAILED: test_user_create\nnpm install: added 244 packages\nCache invalidated: build\nTLS handshake completed\nStep 17/23: Building\n[12:51:21] INFO: Cache refreshed\nnpm install: resolved 264 packages\n[12:51:21] WARN: Deprecated API usage\nCompleted.\nSnapshots: 6 passed, 0 total\n[12:51:21] INFO: Cache refreshed\nEnvironment: test\npip install: Successfully installed prettier-5.4\nCache saved successfully\nInstalling jest@3.3.4\nTests: 111 passed, 477 total\nStep 17/24: Building\n[12:51:21] INFO: Connecting to database\nStep 10/23: Installing dependencies\nPOST /upload - 202 (500ms)\nCompiling components/index.js...\n\u2713 Task completed in 4080ms\nStep 3/21: Installing dependencies\nRan 19 tests in 56s\n\u2713 All checks passed\npip: Collecting lodash\nnpm notice: created a lockfile\n\u2713 Step 'test' succeeded\nOptimizing 82 modules...\nDone.\nCache miss for key-2760\nArtifact uploaded: build.tar.gz (22MB)\nCache hit for key-6269\nCreating production build...\nFinished.\n[12:51:21] DEBUG: Loading configuration\nStep 8/21: Testing\nyarn add: Done in 14.44s\nnpm notice: created a lockfile\nSuccess!\n\u26a0 DEPRECATION: Feature will be removed in v5.0\nProcessing...\nOptimizing 43 modules...\n[12:51:21] WARN: Deprecated API usage\nTime: 53.97s\n[12:51:21] INFO: Cache refreshed\nStep 18/22: Building\n\u2713 All checks passed\nCache restored successfully (293MB)\nDone.\npip: Collecting react\nConnection established\nEnvironment: production\n[12:51:21] INFO: Request completed\n\u2713 Step 'setup' succeeded\nTests: 276 passed, 67 total\nStep 19/19: Linting\nCompiling lib/index.js...\nPulling image: python:18\nFetching submodules...\n\u2713 deploy completed\npip: Installing build dependencies...\nHEAD is now at ffa1372\nCache miss for key-7857\nImage pulled successfully\n[12:51:21] INFO: Request completed\nUsing Python 3.9\n[12:51:21] INFO: Cache refreshed\nnpm notice: created a lockfile\nOK\nInstalling lodash@1.17.8\nPlatform: win32-x64\nConnection established\nPlatform: darwin-arm64\n\u2713 Step 'install' succeeded\n\u26a0 DEPRECATION: Feature will be removed in v5.0\nLayer 1/13: ENV command\n[12:51:21] WARN: Deprecated API usage\n[12:51:21] DEBUG: Loading configuration\nWARNING: webpack has known vulnerabilities\n[12:51:21] INFO: Cache refreshed\nOK\nWARNING: axios has known vulnerabilities\nFetching submodules...\n[12:51:21] DEBUG: Connection pool: 6 active\nCompleted.\nTest Suites: 17 passed, 11 total\nPulling image: node:latest\n\u26a0 DEPRECATION: Feature will be removed in v5.0\nPOST /api - 202 (40ms)\n[12:51:21] DEBUG: Loading configuration\n[12:51:21] WARN: Deprecated API usage\n=== Step deploy_staging completed ===\n=== Step: setup_node ===\n[12:51:21] INFO: Cache refreshed\nWaiting...\nyarn add: Done in 1.5s\nConnection established\nTime: 22.143s\nCache invalidated: node_modules\n[12:51:21] DEBUG: Memory usage: 1049MB\nOptimizing 60 modules...\nnpm install: added 68 packages\nStep 18/15: Deploying\nSnapshots: 38 passed, 30 total\n\u2713 Step 'test' succeeded\n\u26a0 DEPRECATION: Feature will be removed in v2.0\nnpm notice: package.json updated\n[12:51:21] INFO: Connecting to database\n\u26a0 DEPRECATION: Feature will be removed in v2.0\n[12:51:21] DEBUG: Query executed in 57ms\nImage pulled successfully\nCompiling components/service.java...\nUsing Node.js 20.0.10\nSuccess!\nTests: 365 passed, 286 total\nStep 3/18: Running migrations\nCache saved successfully\nTransforming 442 files...\nnpm install: added 68 packages\nLoading...\nStep 7/17: Running migrations\nnpm notice: package.json updated\nBundling main.js\nNODE_ENV=production\nLoading...\nLoading...\nStep 14/22: Running migrations\nImage pulled successfully\n\u2713 Task completed in 3949ms\npip: Installing build dependencies...\nSnapshots: 24 passed, 2 total\nPulling image: python:3.11\nStep 2/22: Running migrations\nConnection established\nBuilding Docker image...\nUsing Node.js 20.8.10\nArtifact downloaded: 10MB\nPlatform: darwin-arm64\n[12:51:21] DEBUG: Connection pool: 4 active\nStep 13/18: Running migrations\nPushing to registry...\nSwitched to branch 'hotfix/task-149'\nCoverage: 88% statements, 96% branches\nCompiling components/main.py...\nBundling main.js\n[12:51:21] DEBUG: Memory usage: 1379MB\nArtifact uploaded: dist.zip (66MB)\nWARNING: react has known vulnerabilities\nArtifact uploaded: build.tar.gz (22MB)\n\u2713 Step 'install' succeeded\nStep 2/17: Linting\nWARNING: react has known vulnerabilities\n\u26a0 DEPRECATION: Feature will be removed in v2.0\nPOST /upload - 200 (302ms)\npip install: Successfully installed react-4.5\nTime: 21.866s\nException: NullPointerException\nWARNING: express has known vulnerabilities\nWaiting...\n[12:51:21] INFO: Starting build process\nFetching from https://npmjs.org/package.json\nCache restored successfully (234MB)\nWARNING: axios has known vulnerabilities\npip: Collecting axios\nSwitched to branch 'feature/task-949'\nTLS handshake completed\nWARNING: express has known vulnerabilities\nTransforming 758 files...\nFAILED: test_user_create\nFAILED: test_cache_hit\nNODE_ENV=test\nCache saved successfully\nOptimizing 69 modules...\nTransforming 441 files...\nnpm install: resolved 1120 packages\nRan 72 tests in 41s\nnpm notice: created a lockfile\nCache miss for key-8080\npip: Collecting jest\npip: Downloading axios-3.17.tar.gz\nFetching submodules...\nCompleted.\n\u26a0 DEPRECATION: Feature will be removed in v4.0\nFAILED: test_db_connect\npip: Downloading prettier-3.11.tar.gz\nGenerating source maps...\nCache hit for key-8560\n[12:51:21] WARN: Deprecated API usage\nStep 1/22: Running migrations\nLoading...\n[12:51:21] DEBUG: Memory usage: 1114MB\n  PASS: integration/test_db_connect.spec.js\nNODE_ENV=production\nCompiling components/main.py...\n\u2713 All checks passed\nyarn add: Done in 22.56s\n[12:51:21] DEBUG: Initializing service\nTest Suites: 18 passed, 28 total\nCache hit for key-7580\npip: Installing build dependencies...\nNODE_ENV=production\nOK\n[12:51:21] DEBUG: Connection pool: 2 active\nStep 11/21: Installing dependencies\n\u2713 Task completed in 784ms\nCoverage: 70% statements, 73% branches\nyarn add: Done in 28.71s\nOptimizing 82 modules...\npip: Downloading prettier-4.12.tar.gz\nCache invalidated: dependencies\n[12:51:21] INFO: Cache refreshed\nTime: 44.892s\nWARNING: axios has known vulnerabilities\nNODE_ENV=production\nFetching from https://pypi.org/package.json\nTransforming 697 files...\nWARNING: prettier has known vulnerabilities\nnpm notice: created a lockfile\nTests: 286 passed, 246 total\nnpm install: resolved 789 packages\nPushing to registry...\n\u2713 package completed\n\u2713 validate completed\n\u26a0 DEPRECATION: Feature will be removed in v5.0\nMinifying vendor.js\nCompleted.\nLoading...\n\u2713 Task completed in 2720ms\nRan 90 tests in 1s\nCache invalidated: dependencies\nnpm notice: package.json updated\nCompiling components/service.java...\nException: NullPointerException\nUsing Node.js 17.12.5\nCache hit for key-5623\nChecking out main branch\nTest Suites: 34 passed, 49 total\nPlatform: win32-x64\nUsing Node.js 15.18.10\nPushing to registry...\nCompiling components/service.java...\nDone.\nWARNING: eslint has known vulnerabilities\nyarn add: Done in 4.7s\nPOST /data - 200 (52ms)\n[12:51:21] INFO: Processing request\n[12:51:21] WARN: Deprecated API usage\nStep 7/19: Running migrations\n[12:51:21] INFO: Connecting to database\nStep 6/24: Deploying\nnpm install: added 462 packages\nCache restored successfully (416MB)\nCache saved successfully\nMinifying app.js\n  PASS: test_auth_login (382ms)\nException: NullPointerException\nDone.\n[12:51:21] INFO: Cache refreshed\nCreating production build...\nSwitched to branch 'feature/task-520'\nStep 1/18: Building\nEnvironment: staging\n[12:51:21] DEBUG: Connection pool: 8 active\n[12:51:21] WARN: Deprecated API usage\nStep 8/20: Testing\nGET /health - 204 (24ms)\nConnection established\n\u2713 Step 'install' succeeded\nSwitched to branch 'feature/task-526'\nLoading...\nOK\nOptimizing 22 modules...\nCompiling utils/service.java...\nPushing to registry...\npip: Installing build dependencies...\nnpm install: added 180 packages\nStep 15/15: Installing dependencies\nOptimizing 91 modules...\n[12:51:21] DEBUG: Query executed in 80ms\n[12:51:21] DEBUG: Query executed in 34ms\nCompiling src/main.py...\nPulling image: python:3.11\n[12:51:21] DEBUG: Connection pool: 12 active\npip install: Successfully installed eslint-4.20\nConnection established\n\u2717 build failed with exit code 24\n[12:51:21] INFO: Cache refreshed\nProcessing...\nnpm notice: created a lockfile\nCreating production build...\npip: Installing build dependencies...\nWaiting...\n[12:51:21] INFO: Cache refreshed\n[12:51:21] DEBUG: Initializing service\nImage pulled successfully\npip install: Successfully installed express-3.1\nLoading...\n[12:51:21] DEBUG: Initializing service\nCache restored successfully (470MB)\n[12:51:21] DEBUG: Memory usage: 1133MB\n[12:51:21] WARN: Deprecated API usage\n[12:51:21] DEBUG: Query executed in 36ms\nnpm install: added 162 packages\nStep 1/17: Building\nPulling image: node:18\nTLS handshake completed\n[12:51:21] INFO: Cache refreshed\n[12:51:21] INFO: Processing request\nLoading...\nFetching from https://github.com/package.json\nUsing Node.js 18.0.6\nBundling styles.css\nnpm notice: created a lockfile\nWARNING: eslint has known vulnerabilities\nDone.\nLayer 5/8: ENV command\n[12:51:21] INFO: Connecting to database\nBuilding Docker image...\nCache invalidated: node_modules\npip: Collecting jest\nCache restored successfully (272MB)\nNODE_ENV=development\nWARNING: eslint has known vulnerabilities\n[12:51:21] WARN: Deprecated API usage\nProcessing...\n[12:51:21] INFO: Cache refreshed\nCache invalidated: dependencies\nPOST /api - 202 (403ms)\npip: Collecting react\n[12:51:21] DEBUG: Loading configuration\nBundling main.js\nnpm notice: package.json updated\n[12:51:21] WARN: Deprecated API usage\nEnvironment: staging\nFinished.\nPOST /upload - 200 (233ms)\nLayer 10/15: COPY command\nCache invalidated: build\n\u2713 Task completed in 4310ms\nConnection established\n\u2713 validate completed\n[12:51:21] DEBUG: Loading configuration\n[12:51:21] INFO: Request completed\n[12:51:21] INFO: Connecting to database\n\u2713 All checks passed\nFetching from https://pypi.org/package.json\nnpm notice: package.json updated\nStep 12/22: Building\nImage pulled successfully\npip: Collecting axios\nFAILED: test_db_connect\nChecking out main branch\nStep 9/17: Installing dependencies\nArtifact uploaded: build.tar.gz (10MB)\nCache saved successfully\nArtifact uploaded: build.tar.gz (29MB)\nNODE_ENV=test\n\u2713 Step 'build' succeeded\nCompiling components/main.py...\nCache miss for key-9383\nGET /health - 200 (59ms)\npip: Collecting eslint\nStep 5/20: Testing\n\u26a0 DEPRECATION: Feature will be removed in v2.0\n[12:51:21] WARN: Deprecated API usage\nRan 173 tests in 55s\n\u26a0 DEPRECATION: Feature will be removed in v2.0\nCompiling components/index.js...\nStep 9/16: Linting\nCompiling src/main.py...\nGenerating source maps...\n=== Step setup_node completed ===\n=== Step: deploy_production ===\nCompiling lib/utils.go...\nSnapshots: 2 passed, 19 total\nRan 46 tests in 18s\nGET /status - 204 (12ms)\nStep 4/19: Deploying\nCompleted.\nWaiting...\nWaiting...\nFetching submodules...\nCompiling utils/index.js...\nNODE_ENV=development\nEnvironment: staging\nCache saved successfully\nCache invalidated: node_modules\nAlready up to date.\n\u2713 All checks passed\nGenerating source maps...\nHEAD is now at a2acf8f\nPlatform: win32-x64\nWARNING: axios has known vulnerabilities\nGET /api - 204 (52ms)\nStep 1/18: Installing dependencies\n  PASS: integration/test_user_create.spec.js\nBundling runtime.js\nPOST /api - 201 (165ms)\n[12:51:21] WARN: Deprecated API usage\nWARNING: jest has known vulnerabilities\n[12:51:21] INFO: Starting build process\nBuilding Docker image...\nStep 16/21: Installing dependencies\nCompleted.\n[12:51:21] DEBUG: Memory usage: 1819MB\npip: Collecting axios\n[12:51:21] INFO: Connecting to database\npip: Downloading react-1.4.tar.gz\nnpm install: added 42 packages\nCache invalidated: build\nStep 6/23: Testing\nPushing to registry...\nStep 10/23: Testing\nCache saved successfully\nFinished.\nSuccess!\n\u26a0 DEPRECATION: Feature will be removed in v5.0\nSwitched to branch 'feature/task-944'\nCompiling components/utils.go...\nArtifact uploaded: dist.zip (81MB)\nException: RuntimeError\n[12:51:21] INFO: Connecting to database\nArtifact downloaded: 7MB\n\u26a0 DEPRECATION: Feature will be removed in v4.0\n[12:51:21] DEBUG: Connection pool: 1 active\nGET /status - 204 (96ms)\n[12:51:21] INFO: Cache refreshed\nDone.\npip: Downloading react-5.20.tar.gz\n[12:51:21] DEBUG: Query executed in 67ms\n  PASS: test_cache_hit (450ms)\nConnection established\n\u2713 Task completed in 4044ms\nUploading artifact 'dist' (45 files)\n\u26a0 DEPRECATION: Feature will be removed in v5.0\nImage pulled successfully\nRan 86 tests in 36s\nVerifying...\nPlatform: linux-x64\nPOST /upload - 200 (363ms)\nCoverage: 78% statements, 70% branches\n\u26a0 DEPRECATION: Feature will be removed in v3.0\n\u26a0 DEPRECATION: Feature will be removed in v2.0\nTests: 269 passed, 201 total\nCompiling utils/app.ts...\nLoading...\n  PASS: test_db_connect (90ms)\nCache invalidated: node_modules\n\u2713 lint completed\n\u2713 test completed\nBundling vendor.css\nFetching from https://pypi.org/package.json\nCompiling utils/handler.rs...\n\u2717 build failed with exit code 6\nStep 11/25: Building\npip: Installing build dependencies...\nSnapshots: 41 passed, 37 total\nnpm notice: created a lockfile\nTest Suites: 13 passed, 21 total\nBundling runtime.js\nFinished.\nTime: 83.498s\n[12:51:21] INFO: Connecting to database\nWARNING: eslint has known vulnerabilities\nCompiling src/app.ts...\npip: Collecting lodash\nStep 14/23: Installing dependencies\nnpm notice: created a lockfile\nUploading artifact 'coverage' (22 files)\nnpm notice: created a lockfile\nArtifact uploaded: dist.zip (3MB)\n[12:51:21] INFO: Starting build process\nInstalling prettier@5.11.1\n[12:51:21] ERROR: Connection failed\nCompiling utils/service.java...\nStep 20/22: Installing dependencies\nCoverage: 85% statements, 93% branches\nFinished.\nFAILED: test_user_create\nConnection established\nMinifying vendor.js\nStep 3/25: Installing dependencies\npip: Collecting axios\nGET /api - 201 (92ms)\nFetching submodules...\n[12:51:21] WARN: Deprecated API usage\n\u2713 Task completed in 3873ms\n[12:51:21] INFO: Processing request\npip: Downloading jest-3.17.tar.gz\nHEAD is now at a5a86de\n  PASS: test_db_connect (434ms)\nLoading...\nStep 7/25: Deploying\nnpm notice: created a lockfile\nStep 17/16: Running migrations\nVerifying...\nUploading artifact 'coverage' (23 files)\nBundling runtime.js\nWARNING: express has known vulnerabilities\nVerifying...\nPOST /data - 200 (487ms)\n[12:51:21] INFO: Starting build process\nFinished.\nWARNING: express has known vulnerabilities\n[12:51:21] INFO: Cache refreshed\nTests: 427 passed, 146 total\nReady.\nSnapshots: 14 passed, 16 total\nBundling styles.css\n  PASS: test_db_connect (181ms)\n\u26a0 DEPRECATION: Feature will be removed in v2.0\nImage pulled successfully\nBundling main.js\nConnection established\nTransforming 403 files...\nRan 106 tests in 44s\nTLS handshake completed\nChecking out master branch\n[12:51:21] INFO: Cache refreshed\n[12:51:21] INFO: Cache refreshed\n[12:51:21] DEBUG: Loading configuration\nImage pulled successfully\n[12:51:21] DEBUG: Connection pool: 20 active\nCompleted.\n\u26a0 DEPRECATION: Feature will be removed in v5.0\n\u2713 Task completed in 4740ms\nCompiling components/app.ts...\nMinifying vendor.js\npip: Downloading express-1.7.tar.gz\nConnection established\nStep 1/21: Running migrations\npip: Installing build dependencies...\nChecking out main branch\nFinished.\nTransforming 928 files...\nCreating production build...\n[12:51:21] INFO: Starting build process\nInstalling webpack@2.4.3\nUsing Node.js 17.3.10\nCache saved successfully\nHEAD is now at f1a579e\nCompiling utils/handler.rs...\nStep 10/17: Linting\nGenerating source maps...\nUploading artifact 'build' (46 files)\nCompleted.\n\u2713 Step 'install' succeeded\nCompiling components/utils.go...\nFetching submodules...\nCreating production build...\nFAILED: test_db_connect\nLayer 7/10: ENV command\n[12:51:21] WARN: Deprecated API usage\nSwitched to branch 'bugfix/task-907'\nArtifact downloaded: 47MB\nCompleted.\nNODE_ENV=test\nCompiling lib/service.java...\nCompiling lib/app.ts...\npip: Downloading prettier-5.6.tar.gz\n\u26a0 DEPRECATION: Feature will be removed in v3.0\npip: Downloading lodash-3.20.tar.gz\nRan 63 tests in 18s\nProcessing...\nTLS handshake completed\nTest Suites: 9 passed, 40 total\n[12:51:21] INFO: Processing request\nCreating production build...\n\u2713 All checks passed\nHEAD is now at 0ce2d48\nLayer 5/11: COPY command\npip: Collecting eslint\nyarn add: Done in 12.19s\n[12:51:21] DEBUG: Query executed in 71ms\nTest Suites: 47 passed, 43 total\n  PASS: e2e/test_api_health.spec.js\nOptimizing 49 modules...\nCache restored successfully (254MB)\nException: RuntimeError\nReady.\npip install: Successfully installed express-3.14\nGenerating source maps...\nOptimizing 29 modules...\nSwitched to branch 'feature/task-730'\nPushing to registry...\nBundling runtime.js\nnpm install: resolved 1000 packages\n\u2713 Task completed in 4893ms\nPOST /data - 201 (41ms)\n[12:51:21] INFO: Starting build process\nImage pulled successfully\nArtifact downloaded: 5MB\nConnection established\n[12:51:21] INFO: Request completed\n\u26a0 DEPRECATION: Feature will be removed in v3.0\npip install: Successfully installed eslint-5.11\nHEAD is now at 317207c\n[12:51:21] INFO: Processing request\n[12:51:21] DEBUG: Query executed in 82ms\nSwitched to branch 'hotfix/task-150'\n[12:51:21] INFO: Starting build process\nPOST /api - 202 (336ms)\nSnapshots: 34 passed, 14 total\n[12:51:21] INFO: Cache refreshed\nWARNING: jest has known vulnerabilities\nnpm notice: package.json updated\n[12:51:21] ERROR: Connection failed\nFetching submodules...\nStep 20/25: Deploying\nCompiling lib/handler.rs...\nCache hit for key-7177\nUsing Python 3.9\npip: Downloading lodash-2.2.tar.gz\nTest Suites: 27 passed, 35 total\nInstalling webpack@1.6.1\npip: Collecting react\n[12:51:21] DEBUG: Memory usage: 736MB\n[12:51:21] DEBUG: Connection pool: 17 active\nImage pulled successfully\nProcessing...\nLayer 5/10: RUN command\nWARNING: lodash has known vulnerabilities\npip: Collecting react\nStep 4/18: Running migrations\nTLS handshake completed\nRan 76 tests in 40s\n\u2713 lint completed\nFAILED: test_api_health\n[12:51:21] INFO: Connecting to database\nOK\nArtifact uploaded: build.tar.gz (17MB)\nException: TypeError\nWARNING: prettier has known vulnerabilities\nGET /health - 200 (82ms)\n[12:51:21] DEBUG: Loading configuration\nCoverage: 91% statements, 80% branches\nTime: 52.172s\npip: Downloading react-3.11.tar.gz\n[12:51:21] WARN: Deprecated API usage\nStep 12/22: Deploying\nArtifact downloaded: 32MB\nSwitched to branch 'bugfix/task-537'\nSnapshots: 44 passed, 0 total\nHEAD is now at 28242c9\nCache miss for key-7219\n[12:51:21] DEBUG: Loading configuration\nCompiling src/utils.go...\n[12:51:21] DEBUG: Connection pool: 10 active\nStep 15/17: Linting\nTests: 168 passed, 192 total\nTransforming 238 files...\n=== Step deploy_production completed ===\n=== Step: install_dependencies ===\nCache hit for key-2222\nArtifact downloaded: 46MB\nUsing Python 3.9\npip: Downloading eslint-4.7.tar.gz\nUsing Node.js 18.3.0\n[12:51:21] INFO: Request completed\nArtifact uploaded: dist.zip (43MB)\nPOST /upload - 200 (226ms)\nRan 29 tests in 18s\nReady.\nWARNING: axios has known vulnerabilities\nTime: 110.459s\nCache miss for key-2472\n[12:51:21] DEBUG: Initializing service\nConnection established\nStep 7/24: Installing dependencies\nWARNING: prettier has known vulnerabilities\n\u2713 package completed\n[12:51:21] WARN: Deprecated API usage\nBundling vendor.js\nnpm notice: created a lockfile\nConnection established\nStep 18/18: Running migrations\n[12:51:21] DEBUG: Connection pool: 20 active\n[12:51:21] INFO: Starting build process\nStep 8/17: Testing\n\u2713 All checks passed\nChecking out develop branch\nMinifying main.js\npip install: Successfully installed webpack-4.16\nGET /health - 204 (51ms)\nPlatform: linux-x64\nImage pulled successfully\nyarn add: Done in 18.23s\nUploading artifact 'coverage' (41 files)\nCoverage: 97% statements, 91% branches\nnpm notice: created a lockfile\n\u2713 Step 'install' succeeded\n\u2713 Step 'install' succeeded\nStep 5/23: Running migrations\nSnapshots: 5 passed, 44 total\n\u2713 All checks passed\nyarn add: Done in 8.66s\nLoading...\nBundling styles.js\n[12:51:21] INFO: Request completed\npip: Installing build dependencies...\npip: Installing build dependencies...\nCoverage: 71% statements, 73% branches\nCompiling lib/service.java...\nStep 9/19: Deploying\nWARNING: eslint has known vulnerabilities\nChecking out master branch\nVerifying...\nnpm install: added 471 packages\nLayer 6/13: RUN command\nStep 3/17: Deploying\nCompiling src/index.js...\n  PASS: test_api_health (432ms)\nWARNING: webpack has known vulnerabilities\nProcessing...\nStep 7/20: Installing dependencies\nNODE_ENV=production\nCache saved successfully\nWARNING: react has known vulnerabilities\nPulling image: python:latest\nHEAD is now at 93eb310\nGET /health - 200 (36ms)\n[12:51:21] INFO: Processing request\nFetching submodules...\nArtifact downloaded: 47MB\nEnvironment: production\nStep 9/24: Testing\nnpm install: added 376 packages\npip: Installing build dependencies...\nInstalling jest@4.2.10\nCompiling utils/index.js...\nTest Suites: 20 passed, 45 total\nWARNING: react has known vulnerabilities\nFetching from https://amazonaws.com/package.json\nCache invalidated: node_modules\nTest Suites: 18 passed, 32 total\nChecking out master branch\nImage pulled successfully\nRan 45 tests in 37s\nStep 15/25: Deploying\nReady.\nBundling vendor.css\nPulling image: node:18\nCoverage: 94% statements, 65% branches\nnpm install: added 387 packages\nVerifying...\nDone.\nVerifying...\n[12:51:21] INFO: Processing request\nTest Suites: 32 passed, 5 total\nnpm install: added 458 packages\npip: Downloading react-2.0.tar.gz\n[12:51:21] WARN: Deprecated API usage\nnpm install: resolved 860 packages\nnpm install: added 120 packages\nCache invalidated: dependencies\nSwitched to branch 'bugfix/task-672'\nArtifact uploaded: dist.zip (2MB)\nCompiling utils/index.js...\n\u2713 Step 'build' succeeded\nHEAD is now at ea247db\nMinifying main.js\npip: Installing build dependencies...\nPushing to registry...\n[12:51:21] ERROR: Connection failed\nFetching submodules...\n[12:51:21] ERROR: Connection failed\nCoverage: 92% statements, 74% branches\nStep 11/17: Testing\nCache invalidated: build\nAlready up to date.\nMinifying main.js\nDone.\n[12:51:21] WARN: Deprecated API usage\npip install: Successfully installed prettier-2.5\nRan 31 tests in 19s\nCompiling src/index.js...\nChecking out develop branch\nStep 12/15: Testing\nException: NullPointerException\n[12:51:21] DEBUG: Query executed in 1ms\n\u26a0 DEPRECATION: Feature will be removed in v4.0\n[12:51:21] WARN: Deprecated API usage\n[12:51:21] WARN: Deprecated API usage\nFetching submodules...\nStep 3/23: Building\nCompiling utils/main.py...\n[12:51:21] DEBUG: Connection pool: 17 active\nUsing Node.js 18.6.5\nnpm install: added 426 packages\n[12:51:21] INFO: Cache refreshed\nCompiling components/index.js...\npip: Downloading react-3.13.tar.gz\nTests: 108 passed, 364 total\nBuilding Docker image...\npip: Downloading prettier-4.20.tar.gz\nVerifying...\nCoverage: 97% statements, 65% branches\n\u26a0 DEPRECATION: Feature will be removed in v5.0\n\u2713 Task completed in 620ms\nTests: 72 passed, 351 total\nFinished.\nCompiling lib/handler.rs...\nStep 18/16: Running migrations\nWARNING: axios has known vulnerabilities\nCoverage: 84% statements, 62% branches\n  PASS: test_db_connect (93ms)\nnpm notice: package.json updated\nStep 14/24: Installing dependencies\nCompiling src/service.java...\nImage pulled successfully\n[12:51:21] DEBUG: Connection pool: 8 active\nyarn add: Done in 23.50s\nTransforming 970 files...\n[12:51:21] INFO: Starting build process\nTLS handshake completed\n[12:51:21] DEBUG: Initializing service\nSwitched to branch 'bugfix/task-852'\nStep 4/24: Linting\n\u26a0 DEPRECATION: Feature will be removed in v2.0\nArtifact downloaded: 18MB\n[12:51:21] DEBUG: Query executed in 7ms\nMinifying app.js\nStep 3/20: Building\npip: Downloading react-1.13.tar.gz\nStep 18/25: Running migrations\nHEAD is now at 29f2753\npip: Collecting react\n\u2713 Task completed in 4982ms\nArtifact downloaded: 21MB\nSwitched to branch 'hotfix/task-562'\nConnection established\nMinifying main.js\n[12:51:21] DEBUG: Connection pool: 11 active\nCache hit for key-7248\nStep 5/25: Installing dependencies\n[12:51:21] INFO: Starting build process\nInstalling express@1.12.4\npip: Downloading react-1.15.tar.gz\nUploading artifact 'dist' (45 files)\nArtifact uploaded: build.tar.gz (16MB)\nEnvironment: development\nTime: 110.266s\nAlready up to date.\nFetching from https://pypi.org/package.json\n  PASS: test_user_create (246ms)\npip: Installing build dependencies...\n  PASS: test_cache_hit (5ms)\nFetching submodules...\nCoverage: 72% statements, 66% branches\nLoading...\nPushing to registry...\nFetching from https://npmjs.org/package.json\nnpm install: resolved 1592 packages\n\u2713 test completed\nSuccess!\nVerifying...\nPushing to registry...\nVerifying...\nNODE_ENV=production\n[12:51:21] DEBUG: Query executed in 21ms\npip: Collecting prettier\nImage pulled successfully\n\u26a0 DEPRECATION: Feature will be removed in v3.0\nFAILED: test_db_connect\nStep 14/17: Testing\n[12:51:21] DEBUG: Query executed in 81ms\nSnapshots: 21 passed, 30 total\n\u2713 Step 'checkout' succeeded\nVerifying...\n[12:51:21] INFO: Processing request\nStep 17/18: Testing\nnpm notice: created a lockfile\n[12:51:21] INFO: Connecting to database\nCoverage: 81% statements, 79% branches\n\u2713 Step 'test' succeeded\nRan 52 tests in 50s\n[12:51:21] WARN: Deprecated API usage\nnpm install: added 393 packages\nWARNING: axios has known vulnerabilities\n[12:51:21] INFO: Request completed\nWaiting...\nEnvironment: test\nWARNING: eslint has known vulnerabilities\nBuilding Docker image...\nPushing to registry...\nTime: 68.352s\n\u26a0 DEPRECATION: Feature will be removed in v3.0\n[12:51:21] DEBUG: Memory usage: 626MB\nConnection established\nSwitched to branch 'bugfix/task-568'\nCache restored successfully (67MB)\nBuilding Docker image...\n\u26a0 DEPRECATION: Feature will be removed in v5.0\n  PASS: e2e/test_cache_hit.spec.js\n\u26a0 DEPRECATION: Feature will be removed in v4.0\nConnection established\n[12:51:21] INFO: Cache refreshed\nCache restored successfully (176MB)\nStep 1/17: Linting\nBuilding Docker image...\nEnvironment: test\n[12:51:21] DEBUG: Loading configuration\nNODE_ENV=test\nStep 9/15: Linting\nChecking out main branch\nCompiling lib/app.ts...\nBuilding Docker image...\nStep 20/24: Installing dependencies\nArtifact downloaded: 23MB\nnpm install: resolved 793 packages\nWaiting...\nTransforming 628 files...\nOK\nArtifact uploaded: dist.zip (100MB)\nPushing to registry...\n\u26a0 DEPRECATION: Feature will be removed in v2.0\n\u2713 Step 'test' succeeded\npip: Downloading jest-4.5.tar.gz\nBundling main.css\nArtifact uploaded: dist.zip (31MB)\nInstalling jest@3.12.7\n\u26a0 DEPRECATION: Feature will be removed in v4.0\nFinished.\nLayer 7/10: COPY command\n\u2713 validate completed\nGET /health - 204 (77ms)\nConnection established\nCache saved successfully\nBuilding Docker image...\nArtifact uploaded: dist.zip (16MB)\nEnvironment: development\n=== Step install_dependencies completed ===",
    "steps": [
      {
        "name": "upload_artifacts",
        "status": "success",
        "started_at": "2025-12-13T12:51:21.401436",
        "finished_at": "2025-12-13T12:51:33.549310",
        "log_lines": [
          "=== Step: upload_artifacts ===",
          "Step 10/21: Testing",
          "Finished.",
          "Connection established",
          "Cache hit for key-1426",
          "WARNING: jest has known vulnerabilities",
          "[12:51:21] INFO: Cache refreshed",
          "Step 1/19: Running migrations",
          "Step 8/19: Running migrations",
          "Success!",
          "Compiling lib/service.java...",
          "Platform: win32-x64",
          "Success!",
          "Finished.",
          "pip: Installing build dependencies...",
          "[12:51:21] DEBUG: Memory usage: 1694MB",
          "[12:51:21] DEBUG: Query executed in 22ms",
          "Loading...",
          "Artifact uploaded: dist.zip (8MB)",
          "POST /data - 201 (52ms)",
          "[12:51:21] WARN: Deprecated API usage",
          "Pulling image: alpine:3.11",
          "Snapshots: 20 passed, 22 total",
          "npm install: added 443 packages",
          "Compiling src/app.ts...",
          "Completed.",
          "Step 12/16: Running migrations",
          "Image pulled successfully",
          "OK",
          "Ready.",
          "\u26a0 DEPRECATION: Feature will be removed in v2.0",
          "TLS handshake completed",
          "npm notice: created a lockfile",
          "Step 6/16: Linting",
          "yarn add: Done in 2.3s",
          "pip: Downloading lodash-1.18.tar.gz",
          "npm notice: created a lockfile",
          "\u26a0 DEPRECATION: Feature will be removed in v3.0",
          "Connection established",
          "Using Python 3.12",
          "pip: Collecting eslint",
          "Already up to date.",
          "npm install: resolved 1767 packages",
          "WARNING: eslint has known vulnerabilities",
          "Tests: 335 passed, 367 total",
          "Ready.",
          "HEAD is now at 4fa06e2",
          "pip: Downloading webpack-1.13.tar.gz",
          "Time: 30.337s",
          "Verifying...",
          "Completed.",
          "Time: 116.906s",
          "\u2713 All checks passed",
          "Creating production build...",
          "[12:51:21] ERROR: Connection failed",
          "Compiling components/service.java...",
          "Compiling utils/main.py...",
          "[12:51:21] DEBUG: Initializing service",
          "Creating production build...",
          "Optimizing 13 modules...",
          "Ready.",
          "\u2713 Step 'checkout' succeeded",
          "Artifact downloaded: 50MB",
          "Already up to date.",
          "Finished.",
          "Step 4/19: Deploying",
          "[12:51:21] INFO: Request completed",
          "Step 6/21: Running migrations",
          "\u2717 build failed with exit code 71",
          "OK",
          "[12:51:21] DEBUG: Query executed in 71ms",
          "\u2713 validate completed",
          "\u2713 Task completed in 1501ms",
          "Layer 7/9: COPY command",
          "Pushing to registry...",
          "Cache restored successfully (136MB)",
          "POST /data - 201 (231ms)",
          "FAILED: test_cache_hit",
          "  PASS: unit/test_api_health.spec.js",
          "Cache invalidated: node_modules",
          "[12:51:21] INFO: Processing request",
          "POST /api - 201 (422ms)",
          "Waiting...",
          "Creating production build...",
          "[12:51:21] INFO: Processing request",
          "WARNING: eslint has known vulnerabilities",
          "POST /upload - 202 (412ms)",
          "Bundling runtime.js",
          "[12:51:21] DEBUG: Connection pool: 6 active",
          "\u2713 validate completed",
          "Cache restored successfully (116MB)",
          "Step 2/20: Installing dependencies",
          "  PASS: test_cache_hit (398ms)",
          "[12:51:21] DEBUG: Connection pool: 11 active",
          "NODE_ENV=test",
          "Optimizing 77 modules...",
          "[12:51:21] INFO: Connecting to database",
          "[12:51:21] DEBUG: Connection pool: 4 active",
          "Installing eslint@4.20.6",
          "[12:51:21] INFO: Request completed",
          "[12:51:21] INFO: Cache refreshed",
          "[12:51:21] ERROR: Connection failed",
          "Step 20/17: Installing dependencies",
          "[12:51:21] DEBUG: Initializing service",
          "Artifact uploaded: build.tar.gz (10MB)",
          "[12:51:21] INFO: Connecting to database",
          "Tests: 120 passed, 377 total",
          "[12:51:21] INFO: Connecting to database",
          "[12:51:21] WARN: Deprecated API usage",
          "yarn add: Done in 9.71s",
          "Creating production build...",
          "Step 17/23: Deploying",
          "[12:51:21] INFO: Processing request",
          "Environment: test",
          "Cache miss for key-1958",
          "Finished.",
          "Compiling components/handler.rs...",
          "Platform: linux-x64",
          "\u2713 Task completed in 4974ms",
          "HEAD is now at 9018fcc",
          "Optimizing 96 modules...",
          "Fetching from https://githubusercontent.com/package.json",
          "Image pulled successfully",
          "OK",
          "Cache invalidated: node_modules",
          "Success!",
          "WARNING: jest has known vulnerabilities",
          "Fetching submodules...",
          "Ran 79 tests in 2s",
          "Success!",
          "[12:51:21] DEBUG: Query executed in 4ms",
          "Step 16/24: Linting",
          "[12:51:21] DEBUG: Initializing service",
          "\u2713 Step 'build' succeeded",
          "\u2713 All checks passed",
          "Connection established",
          "WARNING: react has known vulnerabilities",
          "[12:51:21] ERROR: Connection failed",
          "Layer 5/15: ENV command",
          "[12:51:21] DEBUG: Initializing service",
          "Uploading artifact 'dist' (14 files)",
          "Connection established",
          "[12:51:21] INFO: Connecting to database",
          "Artifact uploaded: dist.zip (5MB)",
          "Waiting...",
          "[12:51:21] DEBUG: Query executed in 44ms",
          "Compiling components/index.js...",
          "[12:51:21] DEBUG: Connection pool: 9 active",
          "[12:51:21] WARN: Deprecated API usage",
          "POST /api - 202 (187ms)",
          "\u2713 All checks passed",
          "\u2713 Task completed in 3371ms",
          "Artifact uploaded: dist.zip (66MB)",
          "npm install: added 216 packages",
          "Artifact uploaded: dist.zip (19MB)",
          "Compiling utils/service.java...",
          "npm notice: package.json updated",
          "Coverage: 84% statements, 83% branches",
          "Building Docker image...",
          "Step 6/20: Installing dependencies",
          "Fetching submodules...",
          "pip: Collecting axios",
          "npm notice: created a lockfile",
          "Using Python 3.9",
          "[12:51:21] INFO: Cache refreshed",
          "Done.",
          "Layer 10/10: COPY command",
          "Connection established",
          "Done.",
          "Ran 163 tests in 17s",
          "Cache hit for key-9060",
          "Building Docker image...",
          "[12:51:21] INFO: Starting build process",
          "[12:51:21] DEBUG: Initializing service",
          "Environment: test",
          "pip: Downloading prettier-3.20.tar.gz",
          "Step 15/22: Installing dependencies",
          "[12:51:21] WARN: Deprecated API usage",
          "NODE_ENV=development",
          "Step 11/21: Deploying",
          "\u2713 build completed",
          "Finished.",
          "[12:51:21] DEBUG: Memory usage: 150MB",
          "Time: 4.783s",
          "Environment: staging",
          "Checking out develop branch",
          "\u2717 build failed with exit code 127",
          "Success!",
          "yarn add: Done in 13.77s",
          "pip: Installing build dependencies...",
          "Uploading artifact 'build' (2 files)",
          "Waiting...",
          "[12:51:21] INFO: Processing request",
          "Success!",
          "Fetching submodules...",
          "Pushing to registry...",
          "\u26a0 DEPRECATION: Feature will be removed in v4.0",
          "\u26a0 DEPRECATION: Feature will be removed in v4.0",
          "Ready.",
          "[12:51:21] INFO: Starting build process",
          "pip: Downloading jest-1.20.tar.gz",
          "\u2713 All checks passed",
          "Using Node.js 17.13.6",
          "[12:51:21] WARN: Deprecated API usage",
          "Fetching from https://googleapis.com/package.json",
          "OK",
          "npm install: added 21 packages",
          "Done.",
          "yarn add: Done in 17.56s",
          "Switched to branch 'feature/task-601'",
          "npm notice: package.json updated",
          "\u2717 build failed with exit code 40",
          "Generating source maps...",
          "npm install: added 484 packages",
          "pip: Collecting axios",
          "\u26a0 DEPRECATION: Feature will be removed in v3.0",
          "Image pulled successfully",
          "[12:51:21] INFO: Connecting to database",
          "Creating production build...",
          "Cache saved successfully",
          "[12:51:21] DEBUG: Memory usage: 1617MB",
          "[12:51:21] WARN: Deprecated API usage",
          "Finished.",
          "Waiting...",
          "pip: Downloading jest-4.8.tar.gz",
          "Uploading artifact 'build' (40 files)",
          "[12:51:21] WARN: Deprecated API usage",
          "\u2713 test completed",
          "Checking out master branch",
          "Cache restored successfully (38MB)",
          "Cache invalidated: dependencies",
          "[12:51:21] INFO: Cache refreshed",
          "[12:51:21] INFO: Request completed",
          "Image pulled successfully",
          "Environment: development",
          "[12:51:21] INFO: Processing request",
          "TLS handshake completed",
          "pip: Downloading lodash-4.15.tar.gz",
          "\u2717 build failed with exit code 46",
          "Finished.",
          "Already up to date.",
          "Uploading artifact 'dist' (3 files)",
          "\u2713 Step 'checkout' succeeded",
          "HEAD is now at d2da029",
          "[12:51:21] ERROR: Connection failed",
          "Switched to branch 'feature/task-161'",
          "Building Docker image...",
          "[12:51:21] DEBUG: Connection pool: 17 active",
          "Cache hit for key-4004",
          "Installing lodash@4.15.4",
          "HEAD is now at 4a0f296",
          "POST /data - 200 (272ms)",
          "pip: Installing build dependencies...",
          "Pulling image: alpine:latest",
          "Cache restored successfully (83MB)",
          "Platform: linux-x64",
          "Layer 6/12: RUN command",
          "Snapshots: 28 passed, 46 total",
          "Compiling utils/handler.rs...",
          "  PASS: unit/test_db_connect.spec.js",
          "npm install: resolved 1070 packages",
          "\u2713 Task completed in 1964ms",
          "[12:51:21] DEBUG: Initializing service",
          "Compiling components/utils.go...",
          "Uploading artifact 'build' (14 files)",
          "npm install: resolved 1593 packages",
          "POST /data - 202 (181ms)",
          "Switched to branch 'bugfix/task-791'",
          "Using Python 3.10",
          "Compiling lib/app.ts...",
          "Environment: production",
          "[12:51:21] INFO: Starting build process",
          "TLS handshake completed",
          "Processing...",
          "NODE_ENV=production",
          "Loading...",
          "Compiling components/index.js...",
          "[12:51:21] DEBUG: Memory usage: 264MB",
          "Tests: 57 passed, 202 total",
          "=== Step upload_artifacts completed ==="
        ]
      },
      {
        "name": "e2e_tests",
        "status": "success",
        "started_at": "2025-12-13T12:51:33.549310",
        "finished_at": "2025-12-13T12:51:45.697184",
        "log_lines": [
          "=== Step: e2e_tests ===",
          "Fetching from https://googleapis.com/package.json",
          "Time: 64.487s",
          "Uploading artifact 'build' (35 files)",
          "[12:51:21] DEBUG: Connection pool: 2 active",
          "Cache invalidated: dependencies",
          "Bundling main.js",
          "Completed.",
          "Tests: 79 passed, 135 total",
          "[12:51:21] INFO: Processing request",
          "GET /api - 200 (38ms)",
          "WARNING: express has known vulnerabilities",
          "Environment: production",
          "Tests: 237 passed, 470 total",
          "Installing lodash@1.20.9",
          "FAILED: test_cache_hit",
          "Cache hit for key-6988",
          "Step 1/18: Testing",
          "[12:51:21] ERROR: Connection failed",
          "Installing axios@2.10.10",
          "Processing...",
          "Optimizing 16 modules...",
          "[12:51:21] INFO: Request completed",
          "Artifact uploaded: build.tar.gz (31MB)",
          "Creating production build...",
          "Minifying vendor.js",
          "Artifact downloaded: 49MB",
          "Waiting...",
          "Ready.",
          "Cache restored successfully (348MB)",
          "Step 13/18: Testing",
          "Step 14/24: Deploying",
          "[12:51:21] WARN: Deprecated API usage",
          "Step 16/20: Installing dependencies",
          "Compiling components/handler.rs...",
          "Already up to date.",
          "[12:51:21] DEBUG: Connection pool: 6 active",
          "NODE_ENV=development",
          "[12:51:21] DEBUG: Loading configuration",
          "npm notice: package.json updated",
          "  PASS: integration/test_auth_login.spec.js",
          "Using Python 3.12",
          "\u26a0 DEPRECATION: Feature will be removed in v4.0",
          "Switched to branch 'hotfix/task-561'",
          "[12:51:21] ERROR: Connection failed",
          "Artifact uploaded: build.tar.gz (43MB)",
          "npm install: added 495 packages",
          "Transforming 355 files...",
          "WARNING: prettier has known vulnerabilities",
          "[12:51:21] WARN: Deprecated API usage",
          "Optimizing 37 modules...",
          "Compiling utils/service.java...",
          "Layer 1/8: COPY command",
          "Layer 8/10: ENV command",
          "  PASS: test_cache_hit (356ms)",
          "pip: Downloading lodash-5.1.tar.gz",
          "Environment: test",
          "[12:51:21] DEBUG: Initializing service",
          "Step 6/15: Installing dependencies",
          "Step 13/24: Linting",
          "npm notice: created a lockfile",
          "Platform: darwin-arm64",
          "Using Node.js 15.11.1",
          "Switched to branch 'feature/task-724'",
          "Cache restored successfully (312MB)",
          "\u2713 All checks passed",
          "Building Docker image...",
          "Step 10/25: Testing",
          "Cache saved successfully",
          "Compiling utils/main.py...",
          "\u26a0 DEPRECATION: Feature will be removed in v3.0",
          "Minifying vendor.js",
          "Ready.",
          "\u26a0 DEPRECATION: Feature will be removed in v3.0",
          "Artifact uploaded: dist.zip (44MB)",
          "Pulling image: python:latest",
          "Bundling runtime.js",
          "[12:51:21] INFO: Processing request",
          "Cache hit for key-1004",
          "Generating source maps...",
          "npm notice: package.json updated",
          "Connection established",
          "Using Node.js 15.20.1",
          "\u2713 build completed",
          "Snapshots: 42 passed, 26 total",
          "Compiling utils/index.js...",
          "Fetching submodules...",
          "Cache miss for key-1448",
          "\u26a0 DEPRECATION: Feature will be removed in v4.0",
          "Using Node.js 20.9.0",
          "[12:51:21] DEBUG: Connection pool: 10 active",
          "Pushing to registry...",
          "[12:51:21] INFO: Request completed",
          "Cache miss for key-4064",
          "Switched to branch 'feature/task-478'",
          "Minifying vendor.js",
          "[12:51:21] DEBUG: Query executed in 72ms",
          "Environment: production",
          "Artifact downloaded: 29MB",
          "Pushing to registry...",
          "Ran 43 tests in 21s",
          "[12:51:21] INFO: Cache refreshed",
          "Creating production build...",
          "Processing...",
          "Environment: production",
          "Environment: development",
          "[12:51:21] INFO: Cache refreshed",
          "[12:51:21] INFO: Connecting to database",
          "\u2713 All checks passed",
          "Artifact uploaded: build.tar.gz (48MB)",
          "Ran 113 tests in 55s",
          "[12:51:21] INFO: Connecting to database",
          "  PASS: test_auth_login (47ms)",
          "[12:51:21] INFO: Connecting to database",
          "Finished.",
          "[12:51:21] INFO: Processing request",
          "Compiling src/service.java...",
          "GET /status - 200 (58ms)",
          "\u2713 build completed",
          "Artifact uploaded: dist.zip (67MB)",
          "Pulling image: python:latest",
          "\u2717 build failed with exit code 69",
          "Layer 2/13: ENV command",
          "[12:51:21] DEBUG: Query executed in 45ms",
          "Connection established",
          "[12:51:21] DEBUG: Memory usage: 134MB",
          "[12:51:21] INFO: Request completed",
          "Checking out develop branch",
          "Image pulled successfully",
          "[12:51:21] INFO: Request completed",
          "Step 7/25: Running migrations",
          "pip: Installing build dependencies...",
          "HEAD is now at 8b54f29",
          "Connection established",
          "Verifying...",
          "Waiting...",
          "NODE_ENV=test",
          "npm notice: created a lockfile",
          "Cache hit for key-7191",
          "\u2717 build failed with exit code 121",
          "Building Docker image...",
          "Artifact uploaded: build.tar.gz (2MB)",
          "Switched to branch 'bugfix/task-481'",
          "WARNING: eslint has known vulnerabilities",
          "Test Suites: 20 passed, 11 total",
          "\u2717 build failed with exit code 73",
          "Compiling components/utils.go...",
          "Cache restored successfully (328MB)",
          "Processing...",
          "Step 17/17: Testing",
          "pip: Installing build dependencies...",
          "Artifact uploaded: dist.zip (35MB)",
          "WARNING: eslint has known vulnerabilities",
          "Test Suites: 44 passed, 19 total",
          "Processing...",
          "[12:51:21] DEBUG: Loading configuration",
          "Success!",
          "Fetching from https://pypi.org/package.json",
          "Cache miss for key-6262",
          "Fetching submodules...",
          "Cache restored successfully (390MB)",
          "Done.",
          "Generating source maps...",
          "Generating source maps...",
          "Completed.",
          "[12:51:21] WARN: Deprecated API usage",
          "npm notice: package.json updated",
          "\u26a0 DEPRECATION: Feature will be removed in v2.0",
          "pip: Downloading react-5.13.tar.gz",
          "Pulling image: python:3.11",
          "[12:51:21] WARN: Deprecated API usage",
          "WARNING: jest has known vulnerabilities",
          "  PASS: e2e/test_api_health.spec.js",
          "Using Node.js 16.6.7",
          "npm install: added 104 packages",
          "[12:51:21] INFO: Starting build process",
          "Done.",
          "Processing...",
          "Test Suites: 37 passed, 39 total",
          "\u2713 Step 'build' succeeded",
          "Compiling lib/service.java...",
          "HEAD is now at fe22286",
          "Step 2/18: Running migrations",
          "Generating source maps...",
          "Tests: 466 passed, 382 total",
          "Success!",
          "POST /upload - 200 (55ms)",
          "  PASS: integration/test_api_health.spec.js",
          "WARNING: jest has known vulnerabilities",
          "Minifying main.js",
          "Coverage: 97% statements, 70% branches",
          "Pushing to registry...",
          "Checking out main branch",
          "POST /api - 201 (487ms)",
          "Time: 78.773s",
          "pip: Collecting axios",
          "WARNING: prettier has known vulnerabilities",
          "Processing...",
          "Switched to branch 'hotfix/task-553'",
          "[12:51:21] INFO: Cache refreshed",
          "yarn add: Done in 8.84s",
          "Loading...",
          "Layer 6/15: RUN command",
          "Already up to date.",
          "Finished.",
          "Loading...",
          "Uploading artifact 'dist' (21 files)",
          "Artifact uploaded: build.tar.gz (33MB)",
          "  PASS: unit/test_auth_login.spec.js",
          "Cache saved successfully",
          "  PASS: unit/test_api_health.spec.js",
          "\u2713 validate completed",
          "Artifact uploaded: build.tar.gz (20MB)",
          "OK",
          "HEAD is now at 47f0c16",
          "\u2713 Step 'checkout' succeeded",
          "Creating production build...",
          "pip: Downloading react-1.9.tar.gz",
          "Time: 73.268s",
          "Already up to date.",
          "Compiling utils/utils.go...",
          "Installing eslint@2.11.9",
          "Fetching from https://pypi.org/package.json",
          "\u26a0 DEPRECATION: Feature will be removed in v5.0",
          "Fetching from https://gcr.io/package.json",
          "pip: Downloading jest-2.18.tar.gz",
          "\u26a0 DEPRECATION: Feature will be removed in v4.0",
          "Snapshots: 23 passed, 33 total",
          "WARNING: prettier has known vulnerabilities",
          "Artifact uploaded: dist.zip (28MB)",
          "Snapshots: 9 passed, 8 total",
          "Fetching from https://docker.io/package.json",
          "pip: Installing build dependencies...",
          "[12:51:21] WARN: Deprecated API usage",
          "Compiling src/service.java...",
          "Connection established",
          "Connection established",
          "Generating source maps...",
          "[12:51:21] WARN: Deprecated API usage",
          "Installing react@3.16.6",
          "Checking out main branch",
          "[12:51:21] INFO: Cache refreshed",
          "[12:51:21] DEBUG: Loading configuration",
          "Switched to branch 'hotfix/task-753'",
          "POST /api - 202 (172ms)",
          "Fetching submodules...",
          "Minifying vendor.js",
          "[12:51:21] INFO: Starting build process",
          "NODE_ENV=production",
          "Step 19/21: Linting",
          "\u2713 All checks passed",
          "\u26a0 DEPRECATION: Feature will be removed in v3.0",
          "Cache miss for key-8348",
          "Artifact uploaded: dist.zip (84MB)",
          "Connection established",
          "Generating source maps...",
          "Cache miss for key-1095",
          "Exception: ValueError",
          "\u2717 build failed with exit code 6",
          "HEAD is now at 6d5e7d8",
          "  PASS: test_api_health (112ms)",
          "[12:51:21] DEBUG: Query executed in 46ms",
          "Exception: NullPointerException",
          "Minifying vendor.js",
          "OK",
          "POST /data - 200 (460ms)",
          "Loading...",
          "npm install: added 210 packages",
          "Exception: ValueError",
          "Step 5/25: Testing",
          "Environment: test",
          "Transforming 884 files...",
          "Tests: 422 passed, 194 total",
          "Pulling image: python:3.11",
          "Compiling utils/main.py...",
          "Compiling utils/utils.go...",
          "Step 13/15: Deploying",
          "Ran 162 tests in 47s",
          "Cache miss for key-6994",
          "=== Step e2e_tests completed ==="
        ]
      },
      {
        "name": "build",
        "status": "success",
        "started_at": "2025-12-13T12:51:45.697184",
        "finished_at": "2025-12-13T12:52:22.140805",
        "log_lines": [
          "=== Step: build ===",
          "Completed.",
          "Pushing to registry...",
          "[12:51:21] WARN: Deprecated API usage",
          "Artifact downloaded: 38MB",
          "Minifying app.js",
          "Step 4/22: Building",
          "WARNING: eslint has known vulnerabilities",
          "Compiling components/main.py...",
          "Cache saved successfully",
          "Checking out develop branch",
          "Switched to branch 'hotfix/task-948'",
          "Finished.",
          "Uploading artifact 'dist' (19 files)",
          "Already up to date.",
          "\u26a0 DEPRECATION: Feature will be removed in v5.0",
          "Waiting...",
          "Step 4/22: Testing",
          "  PASS: test_auth_login (392ms)",
          "Generating source maps...",
          "[12:51:21] INFO: Processing request",
          "\u2713 Step 'checkout' succeeded",
          "[12:51:21] DEBUG: Initializing service",
          "Tests: 413 passed, 300 total",
          "Step 7/18: Deploying",
          "WARNING: axios has known vulnerabilities",
          "Compiling src/utils.go...",
          "OK",
          "Cache restored successfully (82MB)",
          "Exception: NullPointerException",
          "Cache hit for key-5583",
          "GET /status - 204 (87ms)",
          "Exception: TypeError",
          "\u2713 build completed",
          "[12:51:21] DEBUG: Loading configuration",
          "pip install: Successfully installed react-5.12",
          "Step 8/23: Testing",
          "GET /api - 201 (55ms)",
          "TLS handshake completed",
          "Cache saved successfully",
          "Artifact uploaded: build.tar.gz (1MB)",
          "Cache restored successfully (309MB)",
          "npm install: added 447 packages",
          "Pushing to registry...",
          "Loading...",
          "Checking out develop branch",
          "\u2713 Task completed in 202ms",
          "NODE_ENV=development",
          "Artifact uploaded: build.tar.gz (14MB)",
          "POST /upload - 202 (178ms)",
          "Step 5/24: Building",
          "npm install: resolved 1522 packages",
          "Step 15/19: Building",
          "Switched to branch 'bugfix/task-561'",
          "TLS handshake completed",
          "  PASS: integration/test_user_create.spec.js",
          "Optimizing 37 modules...",
          "Checking out main branch",
          "WARNING: eslint has known vulnerabilities",
          "[12:51:21] DEBUG: Query executed in 40ms",
          "\u2713 Step 'test' succeeded",
          "Minifying main.js",
          "Cache miss for key-8548",
          "Step 12/20: Running migrations",
          "pip: Collecting lodash",
          "[12:51:21] INFO: Processing request",
          "Artifact uploaded: dist.zip (76MB)",
          "Artifact downloaded: 25MB",
          "[12:51:21] DEBUG: Initializing service",
          "Artifact uploaded: dist.zip (53MB)",
          "OK",
          "pip: Collecting prettier",
          "Using Python 3.12",
          "Cache saved successfully",
          "npm install: resolved 271 packages",
          "Bundling main.css",
          "Tests: 235 passed, 113 total",
          "[12:51:21] INFO: Connecting to database",
          "Exception: ValueError",
          "Uploading artifact 'dist' (47 files)",
          "pip: Downloading lodash-2.9.tar.gz",
          "Pulling image: alpine:3.11",
          "pip: Collecting webpack",
          "Uploading artifact 'dist' (19 files)",
          "[12:51:21] INFO: Connecting to database",
          "WARNING: jest has known vulnerabilities",
          "\u2713 Task completed in 4715ms",
          "WARNING: eslint has known vulnerabilities",
          "Artifact uploaded: build.tar.gz (50MB)",
          "Artifact uploaded: dist.zip (17MB)",
          "[12:51:21] DEBUG: Query executed in 65ms",
          "Verifying...",
          "[12:51:21] ERROR: Connection failed",
          "Finished.",
          "pip install: Successfully installed express-2.1",
          "[12:51:21] WARN: Deprecated API usage",
          "npm notice: package.json updated",
          "Test Suites: 43 passed, 17 total",
          "\u2713 Step 'checkout' succeeded",
          "Time: 46.982s",
          "WARNING: prettier has known vulnerabilities",
          "Artifact uploaded: dist.zip (47MB)",
          "Environment: staging",
          "Switched to branch 'hotfix/task-290'",
          "[12:51:21] INFO: Cache refreshed",
          "Success!",
          "[12:51:21] DEBUG: Loading configuration",
          "Success!",
          "yarn add: Done in 15.17s",
          "Exception: ValueError",
          "Layer 3/11: ENV command",
          "\u2717 build failed with exit code 80",
          "Artifact uploaded: dist.zip (27MB)",
          "\u2713 validate completed",
          "Completed.",
          "Using Python 3.12",
          "Bundling main.js",
          "Fetching from https://amazonaws.com/package.json",
          "Connection established",
          "POST /upload - 202 (46ms)",
          "Artifact uploaded: build.tar.gz (29MB)",
          "[12:51:21] WARN: Deprecated API usage",
          "Connection established",
          "Environment: staging",
          "Image pulled successfully",
          "  PASS: test_auth_login (382ms)",
          "Cache miss for key-1032",
          "TLS handshake completed",
          "npm notice: created a lockfile",
          "[12:51:21] DEBUG: Query executed in 69ms",
          "Creating production build...",
          "Environment: development",
          "Fetching submodules...",
          "WARNING: lodash has known vulnerabilities",
          "Loading...",
          "[12:51:21] WARN: Deprecated API usage",
          "Connection established",
          "Uploading artifact 'dist' (34 files)",
          "Environment: test",
          "Fetching submodules...",
          "Using Node.js 20.6.7",
          "Fetching from https://githubusercontent.com/package.json",
          "Tests: 50 passed, 488 total",
          "Tests: 352 passed, 306 total",
          "HEAD is now at 45b2b14",
          "Cache saved successfully",
          "npm install: added 194 packages",
          "Bundling vendor.js",
          "npm install: added 273 packages",
          "Completed.",
          "Optimizing 62 modules...",
          "pip: Installing build dependencies...",
          "Compiling utils/utils.go...",
          "\u2713 Step 'test' succeeded",
          "npm install: added 256 packages",
          "Coverage: 77% statements, 98% branches",
          "npm install: resolved 293 packages",
          "Step 18/19: Running migrations",
          "Checking out develop branch",
          "Ran 159 tests in 44s",
          "Cache restored successfully (307MB)",
          "Cache saved successfully",
          "Coverage: 93% statements, 81% branches",
          "Using Node.js 14.9.7",
          "Finished.",
          "Generating source maps...",
          "Time: 64.96s",
          "NODE_ENV=production",
          "Artifact downloaded: 50MB",
          "Compiling src/handler.rs...",
          "Artifact uploaded: build.tar.gz (24MB)",
          "Snapshots: 44 passed, 2 total",
          "\u26a0 DEPRECATION: Feature will be removed in v4.0",
          "npm install: added 129 packages",
          "Checking out master branch",
          "pip install: Successfully installed prettier-5.3",
          "Image pulled successfully",
          "  PASS: integration/test_cache_hit.spec.js",
          "Building Docker image...",
          "Tests: 101 passed, 99 total",
          "npm install: resolved 1053 packages",
          "Generating source maps...",
          "Processing...",
          "Bundling main.css",
          "Environment: development",
          "[12:51:21] INFO: Processing request",
          "Layer 7/11: COPY command",
          "Pushing to registry...",
          "HEAD is now at fc4265c",
          "\u2713 Step 'install' succeeded",
          "Using Node.js 15.6.7",
          "\u2713 Task completed in 3644ms",
          "Bundling styles.css",
          "Creating production build...",
          "\u2713 Step 'test' succeeded",
          "TLS handshake completed",
          "[12:51:21] INFO: Request completed",
          "Fetching from https://pypi.org/package.json",
          "Generating source maps...",
          "Loading...",
          "pip: Collecting axios",
          "\u26a0 DEPRECATION: Feature will be removed in v2.0",
          "Environment: test",
          "[12:51:21] WARN: Deprecated API usage",
          "[12:51:21] WARN: Deprecated API usage",
          "Artifact uploaded: dist.zip (27MB)",
          "Layer 9/11: ENV command",
          "[12:51:21] INFO: Request completed",
          "[12:51:21] INFO: Processing request",
          "[12:51:21] INFO: Starting build process",
          "Bundling vendor.js",
          "Step 17/17: Building",
          "Artifact uploaded: dist.zip (47MB)",
          "\u2717 build failed with exit code 53",
          "[12:51:21] DEBUG: Loading configuration",
          "Environment: production",
          "[12:51:21] DEBUG: Memory usage: 804MB",
          "Waiting...",
          "npm install: added 300 packages",
          "Transforming 831 files...",
          "[12:51:21] DEBUG: Connection pool: 16 active",
          "Step 9/21: Installing dependencies",
          "npm install: added 449 packages",
          "[12:51:21] INFO: Cache refreshed",
          "Compiling components/handler.rs...",
          "[12:51:21] DEBUG: Query executed in 95ms",
          "[12:51:21] INFO: Processing request",
          "Loading...",
          "OK",
          "Cache saved successfully",
          "Bundling main.css",
          "Pulling image: alpine:3.11",
          "pip install: Successfully installed lodash-3.15",
          "TLS handshake completed",
          "Fetching from https://pypi.org/package.json",
          "npm notice: package.json updated",
          "Loading...",
          "Artifact downloaded: 20MB",
          "Ready.",
          "[12:51:21] WARN: Deprecated API usage",
          "Step 10/18: Building",
          "[12:51:21] INFO: Cache refreshed",
          "Cache restored successfully (397MB)",
          "Creating production build...",
          "Installing express@4.7.9",
          "[12:51:21] DEBUG: Connection pool: 17 active",
          "Finished.",
          "HEAD is now at 70ae451",
          "Transforming 103 files...",
          "npm install: resolved 1715 packages",
          "[12:51:21] DEBUG: Query executed in 4ms",
          "[12:51:21] INFO: Starting build process",
          "[12:51:21] INFO: Cache refreshed",
          "Uploading artifact 'dist' (47 files)",
          "pip: Collecting axios",
          "  PASS: unit/test_db_connect.spec.js",
          "Uploading artifact 'coverage' (10 files)",
          "GET /health - 201 (86ms)",
          "Bundling main.js",
          "Pulling image: python:18",
          "Environment: development",
          "Layer 5/8: RUN command",
          "pip install: Successfully installed jest-1.16",
          "Loading...",
          "NODE_ENV=test",
          "Time: 35.906s",
          "[12:51:21] INFO: Cache refreshed",
          "Fetching from https://github.com/package.json",
          "  PASS: test_cache_hit (434ms)",
          "Connection established",
          "Pushing to registry...",
          "NODE_ENV=test",
          "Tests: 239 passed, 167 total",
          "[12:51:21] INFO: Connecting to database",
          "GET /status - 200 (14ms)",
          "pip: Installing build dependencies...",
          "HEAD is now at 20f1148",
          "Finished.",
          "Compiling lib/handler.rs...",
          "=== Step build completed ==="
        ]
      },
      {
        "name": "checkout",
        "status": "success",
        "started_at": "2025-12-13T12:52:22.140805",
        "finished_at": "2025-12-13T12:52:26.999954",
        "log_lines": [
          "=== Step: checkout ===",
          "\u2713 validate completed",
          "[12:51:21] DEBUG: Initializing service",
          "pip: Collecting express",
          "Verifying...",
          "Compiling components/utils.go...",
          "Generating source maps...",
          "[12:51:21] INFO: Cache refreshed",
          "npm notice: created a lockfile",
          "Switched to branch 'hotfix/task-277'",
          "Using Python 3.9",
          "yarn add: Done in 13.7s",
          "Building Docker image...",
          "pip: Collecting jest",
          "[12:51:21] DEBUG: Connection pool: 13 active",
          "Tests: 251 passed, 440 total",
          "Bundling styles.js",
          "[12:51:21] DEBUG: Connection pool: 14 active",
          "Cache restored successfully (311MB)",
          "Ran 90 tests in 18s",
          "Loading...",
          "Installing axios@2.11.2",
          "npm install: resolved 394 packages",
          "Completed.",
          "  PASS: e2e/test_cache_hit.spec.js",
          "Using Python 3.10",
          "Fetching submodules...",
          "Generating source maps...",
          "Ran 190 tests in 33s",
          "Cache saved successfully",
          "Generating source maps...",
          "WARNING: eslint has known vulnerabilities",
          "Ran 190 tests in 30s",
          "Minifying vendor.js",
          "Environment: development",
          "HEAD is now at 344964b",
          "Verifying...",
          "Uploading artifact 'build' (22 files)",
          "\u2713 lint completed",
          "pip: Installing build dependencies...",
          "Using Node.js 16.2.3",
          "Bundling main.js",
          "HEAD is now at 7ac0462",
          "[12:51:21] INFO: Starting build process",
          "Layer 9/13: RUN command",
          "[12:51:21] DEBUG: Loading configuration",
          "Loading...",
          "Fetching submodules...",
          "[12:51:21] DEBUG: Memory usage: 969MB",
          "[12:51:21] WARN: Deprecated API usage",
          "Environment: production",
          "Already up to date.",
          "[12:51:21] INFO: Starting build process",
          "[12:51:21] DEBUG: Loading configuration",
          "Compiling utils/handler.rs...",
          "Processing...",
          "Cache hit for key-7203",
          "Image pulled successfully",
          "pip install: Successfully installed jest-4.12",
          "NODE_ENV=production",
          "[12:51:21] DEBUG: Memory usage: 1983MB",
          "Step 4/18: Linting",
          "Pulling image: alpine:3.11",
          "OK",
          "[12:51:21] ERROR: Connection failed",
          "  PASS: unit/test_db_connect.spec.js",
          "Switched to branch 'feature/task-861'",
          "Coverage: 71% statements, 80% branches",
          "Done.",
          "WARNING: react has known vulnerabilities",
          "Waiting...",
          "[12:51:21] WARN: Deprecated API usage",
          "WARNING: express has known vulnerabilities",
          "[12:51:21] INFO: Request completed",
          "Waiting...",
          "Compiling src/index.js...",
          "\u26a0 DEPRECATION: Feature will be removed in v3.0",
          "WARNING: eslint has known vulnerabilities",
          "Step 12/23: Running migrations",
          "\u26a0 DEPRECATION: Feature will be removed in v4.0",
          "POST /upload - 202 (71ms)",
          "Tests: 300 passed, 376 total",
          "Finished.",
          "\u26a0 DEPRECATION: Feature will be removed in v3.0",
          "Switched to branch 'bugfix/task-533'",
          "Step 13/17: Building",
          "Compiling components/main.py...",
          "Compiling lib/app.ts...",
          "Connection established",
          "Waiting...",
          "Processing...",
          "Using Node.js 18.0.6",
          "Step 6/25: Deploying",
          "pip: Installing build dependencies...",
          "Processing...",
          "\u2713 Step 'setup' succeeded",
          "Processing...",
          "WARNING: express has known vulnerabilities",
          "TLS handshake completed",
          "Optimizing 68 modules...",
          "  PASS: test_auth_login (160ms)",
          "Generating source maps...",
          "Finished.",
          "Completed.",
          "[12:51:21] INFO: Connecting to database",
          "[12:51:21] INFO: Starting build process",
          "Cache saved successfully",
          "Exception: TypeError",
          "Artifact uploaded: dist.zip (1MB)",
          "Bundling runtime.js",
          "Cache hit for key-5785",
          "Compiling src/index.js...",
          "  PASS: test_db_connect (227ms)",
          "POST /data - 201 (193ms)",
          "Ran 73 tests in 60s",
          "Step 10/16: Testing",
          "Fetching from https://amazonaws.com/package.json",
          "POST /upload - 200 (298ms)",
          "Ran 155 tests in 48s",
          "Connection established",
          "[12:51:21] INFO: Starting build process",
          "Loading...",
          "Ran 189 tests in 49s",
          "\u2713 Step 'install' succeeded",
          "WARNING: jest has known vulnerabilities",
          "WARNING: react has known vulnerabilities",
          "Optimizing 12 modules...",
          "pip: Installing build dependencies...",
          "Transforming 602 files...",
          "Cache saved successfully",
          "Step 19/22: Linting",
          "Time: 115.78s",
          "[12:51:21] INFO: Connecting to database",
          "Using Python 3.10",
          "[12:51:21] DEBUG: Initializing service",
          "\u2713 Step 'build' succeeded",
          "[12:51:21] DEBUG: Query executed in 39ms",
          "Loading...",
          "Environment: development",
          "Time: 115.306s",
          "Artifact uploaded: dist.zip (81MB)",
          "Optimizing 54 modules...",
          "Connection established",
          "Fetching submodules...",
          "Exception: TypeError",
          "\u2713 test completed",
          "Fetching submodules...",
          "Cache miss for key-9184",
          "Minifying app.js",
          "Artifact uploaded: build.tar.gz (44MB)",
          "[12:51:21] DEBUG: Initializing service",
          "Switched to branch 'bugfix/task-285'",
          "Pulling image: node:latest",
          "Compiling src/handler.rs...",
          "\u26a0 DEPRECATION: Feature will be removed in v4.0",
          "Optimizing 13 modules...",
          "[12:51:21] INFO: Cache refreshed",
          "Compiling components/service.java...",
          "Using Node.js 14.13.1",
          "Compiling utils/main.py...",
          "Cache invalidated: build",
          "Ran 198 tests in 45s",
          "[12:51:21] ERROR: Connection failed",
          "Loading...",
          "Checking out develop branch",
          "Bundling runtime.css",
          "Generating source maps...",
          "Exception: TypeError",
          "Bundling main.css",
          "\u2713 All checks passed",
          "Step 8/21: Deploying",
          "Transforming 321 files...",
          "pip: Downloading express-2.12.tar.gz",
          "Coverage: 81% statements, 60% branches",
          "  PASS: test_db_connect (77ms)",
          "Step 14/20: Linting",
          "Done.",
          "Installing prettier@5.4.3",
          "Using Python 3.12",
          "\u2713 package completed",
          "Exception: NullPointerException",
          "Switched to branch 'feature/task-879'",
          "POST /data - 202 (336ms)",
          "  PASS: test_cache_hit (283ms)",
          "NODE_ENV=production",
          "[12:51:21] INFO: Request completed",
          "npm install: resolved 896 packages",
          "Finished.",
          "POST /upload - 201 (62ms)",
          "Optimizing 17 modules...",
          "Tests: 273 passed, 253 total",
          "Step 7/23: Deploying",
          "Pulling image: node:18",
          "Waiting...",
          "\u2713 Task completed in 4055ms",
          "pip: Installing build dependencies...",
          "Artifact uploaded: build.tar.gz (9MB)",
          "Using Node.js 14.11.10",
          "[12:51:21] WARN: Deprecated API usage",
          "Artifact uploaded: dist.zip (49MB)",
          "Compiling src/service.java...",
          "\u2713 test completed",
          "[12:51:21] DEBUG: Memory usage: 178MB",
          "[12:51:21] INFO: Cache refreshed",
          "[12:51:21] DEBUG: Query executed in 20ms",
          "Processing...",
          "Using Python 3.11",
          "Step 5/18: Building",
          "Ready.",
          "Cache saved successfully",
          "Step 12/21: Building",
          "Image pulled successfully",
          "Checking out master branch",
          "Uploading artifact 'coverage' (26 files)",
          "pip: Collecting axios",
          "Loading...",
          "\u2717 build failed with exit code 34",
          "\u2717 build failed with exit code 48",
          "Tests: 195 passed, 162 total",
          "Artifact uploaded: dist.zip (36MB)",
          "Image pulled successfully",
          "Generating source maps...",
          "Step 4/19: Linting",
          "GET /status - 200 (26ms)",
          "\u2713 All checks passed",
          "Done.",
          "Loading...",
          "Step 5/21: Building",
          "pip: Collecting express",
          "pip: Installing build dependencies...",
          "Test Suites: 50 passed, 23 total",
          "Step 5/23: Installing dependencies",
          "Image pulled successfully",
          "Pulling image: node:3.11",
          "\u26a0 DEPRECATION: Feature will be removed in v5.0",
          "Installing react@3.4.4",
          "Optimizing 52 modules...",
          "Compiling components/handler.rs...",
          "Uploading artifact 'build' (43 files)",
          "Step 1/18: Building",
          "Step 16/22: Testing",
          "Image pulled successfully",
          "Installing axios@5.4.4",
          "Fetching submodules...",
          "Using Node.js 19.10.10",
          "Platform: win32-x64",
          "Exception: TypeError",
          "Switched to branch 'bugfix/task-433'",
          "Coverage: 90% statements, 72% branches",
          "WARNING: axios has known vulnerabilities",
          "[12:51:21] ERROR: Connection failed",
          "Loading...",
          "Step 12/22: Deploying",
          "Fetching submodules...",
          "Waiting...",
          "[12:51:21] INFO: Connecting to database",
          "Snapshots: 6 passed, 40 total",
          "Snapshots: 27 passed, 46 total",
          "Artifact downloaded: 50MB",
          "\u26a0 DEPRECATION: Feature will be removed in v4.0",
          "[12:51:21] DEBUG: Memory usage: 1920MB",
          "Already up to date.",
          "Switched to branch 'feature/task-900'",
          "Fetching from https://amazonaws.com/package.json",
          "Platform: darwin-arm64",
          "[12:51:21] INFO: Cache refreshed",
          "Finished.",
          "Platform: win32-x64",
          "TLS handshake completed",
          "GET /status - 201 (59ms)",
          "Compiling components/utils.go...",
          "[12:51:21] INFO: Request completed",
          "[12:51:21] ERROR: Connection failed",
          "[12:51:21] DEBUG: Connection pool: 2 active",
          "Artifact uploaded: build.tar.gz (48MB)",
          "Compiling components/app.ts...",
          "POST /data - 201 (86ms)",
          "Compiling utils/handler.rs...",
          "Bundling styles.js",
          "=== Step checkout completed ==="
        ]
      },
      {
        "name": "save_cache",
        "status": "success",
        "started_at": "2025-12-13T12:52:26.999954",
        "finished_at": "2025-12-13T12:52:34.288678",
        "log_lines": [
          "=== Step: save_cache ===",
          "[12:51:21] DEBUG: Connection pool: 19 active",
          "[12:51:21] DEBUG: Connection pool: 9 active",
          "Ran 52 tests in 51s",
          "\u2717 build failed with exit code 66",
          "POST /upload - 202 (399ms)",
          "Snapshots: 42 passed, 34 total",
          "npm notice: package.json updated",
          "Waiting...",
          "HEAD is now at 91a41bd",
          "WARNING: webpack has known vulnerabilities",
          "POST /data - 202 (118ms)",
          "pip: Installing build dependencies...",
          "Completed.",
          "\u2713 All checks passed",
          "Step 13/25: Running migrations",
          "Platform: win32-x64",
          "npm install: resolved 1839 packages",
          "[12:51:21] DEBUG: Query executed in 52ms",
          "\u26a0 DEPRECATION: Feature will be removed in v3.0",
          "Minifying main.js",
          "Pulling image: node:3.11",
          "\u26a0 DEPRECATION: Feature will be removed in v4.0",
          "\u2713 test completed",
          "Creating production build...",
          "Fetching submodules...",
          "[12:51:21] WARN: Deprecated API usage",
          "Snapshots: 10 passed, 46 total",
          "POST /api - 200 (113ms)",
          "[12:51:21] DEBUG: Memory usage: 917MB",
          "[12:51:21] DEBUG: Connection pool: 13 active",
          "Platform: linux-x64",
          "[12:51:21] WARN: Deprecated API usage",
          "Waiting...",
          "Artifact downloaded: 2MB",
          "npm notice: created a lockfile",
          "Optimizing 96 modules...",
          "Test Suites: 31 passed, 45 total",
          "pip: Collecting express",
          "Building Docker image...",
          "Installing express@5.6.2",
          "Uploading artifact 'dist' (21 files)",
          "Compiling lib/utils.go...",
          "OK",
          "Bundling main.js",
          "Compiling lib/utils.go...",
          "Step 4/18: Building",
          "\u2713 Task completed in 3931ms",
          "Using Node.js 18.16.5",
          "[12:51:21] DEBUG: Memory usage: 1799MB",
          "Cache saved successfully",
          "Processing...",
          "Pulling image: python:3.11",
          "Step 3/16: Testing",
          "POST /upload - 202 (266ms)",
          "[12:51:21] DEBUG: Initializing service",
          "Cache miss for key-6004",
          "[12:51:21] INFO: Connecting to database",
          "\u2713 test completed",
          "NODE_ENV=development",
          "Cache saved successfully",
          "Compiling src/utils.go...",
          "Compiling lib/service.java...",
          "Cache miss for key-2798",
          "Step 20/16: Installing dependencies",
          "  PASS: test_db_connect (412ms)",
          "pip: Collecting express",
          "[12:51:21] INFO: Request completed",
          "\u26a0 DEPRECATION: Feature will be removed in v5.0",
          "Pulling image: python:latest",
          "Tests: 74 passed, 69 total",
          "Cache miss for key-3642",
          "WARNING: express has known vulnerabilities",
          "Cache saved successfully",
          "[12:51:21] INFO: Connecting to database",
          "[12:51:21] INFO: Connecting to database",
          "Processing...",
          "NODE_ENV=test",
          "Bundling main.css",
          "\u2713 All checks passed",
          "npm install: resolved 1402 packages",
          "Ready.",
          "Building Docker image...",
          "OK",
          "Step 6/24: Installing dependencies",
          "Optimizing 12 modules...",
          "Done.",
          "Minifying vendor.js",
          "Processing...",
          "npm install: resolved 579 packages",
          "NODE_ENV=development",
          "Connection established",
          "Cache restored successfully (40MB)",
          "Building Docker image...",
          "[12:51:21] INFO: Processing request",
          "Step 5/19: Testing",
          "TLS handshake completed",
          "Waiting...",
          "[12:51:21] DEBUG: Connection pool: 3 active",
          "[12:51:21] WARN: Deprecated API usage",
          "Bundling vendor.js",
          "Building Docker image...",
          "Already up to date.",
          "\u26a0 DEPRECATION: Feature will be removed in v5.0",
          "TLS handshake completed",
          "[12:51:21] DEBUG: Memory usage: 806MB",
          "Minifying vendor.js",
          "Cache restored successfully (435MB)",
          "Ran 102 tests in 34s",
          "Finished.",
          "  PASS: test_cache_hit (214ms)",
          "Switched to branch 'feature/task-124'",
          "Tests: 438 passed, 268 total",
          "\u26a0 DEPRECATION: Feature will be removed in v3.0",
          "yarn add: Done in 13.42s",
          "pip: Collecting axios",
          "Cache invalidated: dependencies",
          "pip: Installing build dependencies...",
          "FAILED: test_cache_hit",
          "Time: 95.520s",
          "TLS handshake completed",
          "Transforming 980 files...",
          "Uploading artifact 'build' (5 files)",
          "Cache saved successfully",
          "Step 11/20: Deploying",
          "Step 20/24: Testing",
          "[12:51:21] DEBUG: Memory usage: 155MB",
          "Fetching submodules...",
          "[12:51:21] DEBUG: Loading configuration",
          "POST /api - 202 (146ms)",
          "\u26a0 DEPRECATION: Feature will be removed in v3.0",
          "[12:51:21] INFO: Processing request",
          "Snapshots: 30 passed, 41 total",
          "Snapshots: 32 passed, 16 total",
          "Cache miss for key-3771",
          "Success!",
          "  PASS: test_cache_hit (426ms)",
          "Step 6/23: Running migrations",
          "Success!",
          "[12:51:21] INFO: Cache refreshed",
          "Step 18/25: Linting",
          "Step 11/25: Running migrations",
          "[12:51:21] DEBUG: Loading configuration",
          "\u2713 Task completed in 3813ms",
          "yarn add: Done in 18.73s",
          "Uploading artifact 'build' (23 files)",
          "Pulling image: python:3.11",
          "Step 12/24: Deploying",
          "Step 11/21: Installing dependencies",
          "POST /data - 201 (164ms)",
          "Completed.",
          "Time: 60.483s",
          "Using Python 3.11",
          "WARNING: prettier has known vulnerabilities",
          "Loading...",
          "HEAD is now at d768fd2",
          "Artifact uploaded: dist.zip (36MB)",
          "NODE_ENV=production",
          "Tests: 101 passed, 195 total",
          "Compiling src/handler.rs...",
          "Finished.",
          "[12:51:21] INFO: Cache refreshed",
          "Artifact downloaded: 10MB",
          "[12:51:21] WARN: Deprecated API usage",
          "Creating production build...",
          "Artifact uploaded: build.tar.gz (35MB)",
          "Checking out main branch",
          "\u2717 build failed with exit code 126",
          "npm notice: created a lockfile",
          "\u2717 build failed with exit code 17",
          "Artifact uploaded: build.tar.gz (15MB)",
          "\u2713 validate completed",
          "[12:51:21] INFO: Cache refreshed",
          "POST /api - 202 (444ms)",
          "Pulling image: alpine:18",
          "POST /data - 202 (163ms)",
          "Completed.",
          "GET /api - 204 (96ms)",
          "Ran 58 tests in 58s",
          "Platform: win32-x64",
          "NODE_ENV=development",
          "Checking out main branch",
          "OK",
          "Snapshots: 26 passed, 29 total",
          "Switched to branch 'feature/task-580'",
          "Cache hit for key-2272",
          "Artifact uploaded: dist.zip (73MB)",
          "\u2713 Step 'checkout' succeeded",
          "Transforming 827 files...",
          "Building Docker image...",
          "Verifying...",
          "Transforming 706 files...",
          "  PASS: unit/test_db_connect.spec.js",
          "  PASS: integration/test_auth_login.spec.js",
          "Environment: staging",
          "TLS handshake completed",
          "Exception: ValueError",
          "Cache hit for key-4524",
          "Cache hit for key-8282",
          "pip: Downloading axios-4.3.tar.gz",
          "pip: Downloading eslint-2.4.tar.gz",
          "Finished.",
          "Building Docker image...",
          "Uploading artifact 'dist' (10 files)",
          "Generating source maps...",
          "\u2713 All checks passed",
          "Cache invalidated: node_modules",
          "npm notice: created a lockfile",
          "Cache saved successfully",
          "yarn add: Done in 5.0s",
          "Compiling lib/utils.go...",
          "[12:51:21] DEBUG: Connection pool: 5 active",
          "POST /data - 200 (198ms)",
          "npm install: resolved 791 packages",
          "Ready.",
          "Completed.",
          "NODE_ENV=test",
          "npm notice: created a lockfile",
          "Image pulled successfully",
          "Cache invalidated: node_modules",
          "[12:51:21] ERROR: Connection failed",
          "HEAD is now at 7c399aa",
          "npm install: added 414 packages",
          "Verifying...",
          "[12:51:21] WARN: Deprecated API usage",
          "[12:51:21] INFO: Connecting to database",
          "\u2713 Step 'checkout' succeeded",
          "\u2713 test completed",
          "Using Python 3.10",
          "Step 1/15: Installing dependencies",
          "Step 9/19: Deploying",
          "\u2717 build failed with exit code 25",
          "Environment: development",
          "Layer 5/9: COPY command",
          "Step 2/23: Building",
          "Layer 9/11: COPY command",
          "[12:51:21] WARN: Deprecated API usage",
          "npm install: added 453 packages",
          "pip install: Successfully installed express-4.5",
          "Checking out develop branch",
          "Done.",
          "Checking out master branch",
          "OK",
          "[12:51:21] DEBUG: Memory usage: 249MB",
          "Time: 110.563s",
          "Tests: 133 passed, 95 total",
          "pip: Downloading lodash-4.20.tar.gz",
          "Compiling components/handler.rs...",
          "Exception: NullPointerException",
          "[12:51:21] INFO: Connecting to database",
          "Step 6/16: Building",
          "npm install: added 174 packages",
          "\u2713 All checks passed",
          "Pulling image: alpine:18",
          "Optimizing 28 modules...",
          "POST /data - 202 (125ms)",
          "Connection established",
          "[12:51:21] DEBUG: Initializing service",
          "Cache hit for key-7445",
          "Step 1/20: Running migrations",
          "Processing...",
          "[12:51:21] DEBUG: Loading configuration",
          "  PASS: e2e/test_cache_hit.spec.js",
          "Verifying...",
          "Using Python 3.9",
          "Step 7/20: Linting",
          "Coverage: 71% statements, 91% branches",
          "\u2713 All checks passed",
          "[12:51:21] DEBUG: Initializing service",
          "[12:51:21] DEBUG: Query executed in 74ms",
          "TLS handshake completed",
          "Checking out main branch",
          "Ready.",
          "[12:51:21] DEBUG: Initializing service",
          "HEAD is now at 1a3628e",
          "Artifact uploaded: dist.zip (79MB)",
          "  PASS: e2e/test_user_create.spec.js",
          "Finished.",
          "POST /api - 201 (361ms)",
          "=== Step save_cache completed ==="
        ]
      },
      {
        "name": "type_check",
        "status": "success",
        "started_at": "2025-12-13T12:52:34.288678",
        "finished_at": "2025-12-13T12:52:46.436552",
        "log_lines": [
          "=== Step: type_check ===",
          "Ready.",
          "Step 4/20: Building",
          "[12:51:21] INFO: Starting build process",
          "Compiling src/service.java...",
          "Cache saved successfully",
          "Compiling lib/index.js...",
          "TLS handshake completed",
          "Cache saved successfully",
          "Step 10/18: Linting",
          "Pushing to registry...",
          "[12:51:21] INFO: Cache refreshed",
          "Completed.",
          "Cache invalidated: node_modules",
          "Image pulled successfully",
          "[12:51:21] DEBUG: Initializing service",
          "Step 18/20: Linting",
          "[12:51:21] INFO: Processing request",
          "Fetching from https://docker.io/package.json",
          "[12:51:21] INFO: Connecting to database",
          "[12:51:21] DEBUG: Loading configuration",
          "yarn add: Done in 8.68s",
          "Connection established",
          "\u2713 Step 'install' succeeded",
          "Ran 16 tests in 26s",
          "npm install: resolved 199 packages",
          "Installing lodash@1.19.0",
          "Bundling main.css",
          "\u2713 Task completed in 4900ms",
          "Completed.",
          "Step 16/20: Building",
          "Finished.",
          "WARNING: jest has known vulnerabilities",
          "pip: Installing build dependencies...",
          "Compiling utils/index.js...",
          "Done.",
          "Loading...",
          "Done.",
          "Checking out master branch",
          "Cache hit for key-9593",
          "Compiling utils/index.js...",
          "[12:51:21] INFO: Connecting to database",
          "Compiling components/index.js...",
          "Done.",
          "Checking out main branch",
          "Ready.",
          "Snapshots: 24 passed, 30 total",
          "Cache invalidated: node_modules",
          "Step 4/24: Linting",
          "Compiling lib/utils.go...",
          "[12:51:21] WARN: Deprecated API usage",
          "OK",
          "Done.",
          "Layer 6/11: COPY command",
          "Time: 2.881s",
          "Step 9/21: Installing dependencies",
          "Cache saved successfully",
          "HEAD is now at a50f0e2",
          "\u2713 All checks passed",
          "Cache saved successfully",
          "Step 5/25: Linting",
          "pip install: Successfully installed axios-4.16",
          "Pushing to registry...",
          "Building Docker image...",
          "Step 5/17: Testing",
          "Loading...",
          "Step 6/21: Running migrations",
          "Step 7/24: Installing dependencies",
          "Bundling main.css",
          "\u2717 build failed with exit code 58",
          "Step 6/21: Running migrations",
          "[12:51:21] INFO: Request completed",
          "Fetching from https://registry.npmjs.org/package.json",
          "pip: Downloading prettier-5.9.tar.gz",
          "[12:51:21] WARN: Deprecated API usage",
          "Optimizing 36 modules...",
          "Done.",
          "Artifact uploaded: build.tar.gz (37MB)",
          "\u26a0 DEPRECATION: Feature will be removed in v3.0",
          "pip: Collecting prettier",
          "[12:51:21] INFO: Processing request",
          "Step 8/17: Linting",
          "\u2713 Task completed in 241ms",
          "Step 17/16: Deploying",
          "NODE_ENV=test",
          "[12:51:21] ERROR: Connection failed",
          "Fetching submodules...",
          "[12:51:21] INFO: Connecting to database",
          "Cache hit for key-9523",
          "[12:51:21] INFO: Starting build process",
          "\u26a0 DEPRECATION: Feature will be removed in v3.0",
          "npm notice: package.json updated",
          "Finished.",
          "[12:51:21] DEBUG: Connection pool: 18 active",
          "Optimizing 64 modules...",
          "[12:51:21] DEBUG: Loading configuration",
          "Done.",
          "TLS handshake completed",
          "Checking out main branch",
          "pip: Collecting express",
          "npm install: added 477 packages",
          "Switched to branch 'hotfix/task-148'",
          "pip install: Successfully installed react-2.11",
          "Verifying...",
          "Waiting...",
          "Compiling utils/service.java...",
          "Building Docker image...",
          "  PASS: unit/test_user_create.spec.js",
          "\u2713 Task completed in 4461ms",
          "\u2713 package completed",
          "npm notice: created a lockfile",
          "Snapshots: 27 passed, 16 total",
          "Switched to branch 'feature/task-448'",
          "[12:51:21] INFO: Request completed",
          "Step 2/24: Deploying",
          "Environment: production",
          "FAILED: test_auth_login",
          "Using Python 3.10",
          "\u2713 validate completed",
          "Test Suites: 11 passed, 31 total",
          "  PASS: e2e/test_cache_hit.spec.js",
          "Processing...",
          "Coverage: 90% statements, 60% branches",
          "Exception: ValueError",
          "OK",
          "Already up to date.",
          "[12:51:21] ERROR: Connection failed",
          "[12:51:21] INFO: Request completed",
          "FAILED: test_db_connect",
          "[12:51:21] DEBUG: Initializing service",
          "Layer 5/13: RUN command",
          "[12:51:21] DEBUG: Connection pool: 4 active",
          "HEAD is now at 53efde9",
          "Generating source maps...",
          "pip: Downloading webpack-4.7.tar.gz",
          "npm notice: package.json updated",
          "pip: Downloading prettier-3.10.tar.gz",
          "Checking out main branch",
          "Ran 74 tests in 29s",
          "WARNING: express has known vulnerabilities",
          "Compiling components/main.py...",
          "Switched to branch 'feature/task-454'",
          "Building Docker image...",
          "HEAD is now at 56d3107",
          "\u2717 build failed with exit code 114",
          "pip install: Successfully installed lodash-4.13",
          "Compiling lib/service.java...",
          "Cache restored successfully (19MB)",
          "WARNING: webpack has known vulnerabilities",
          "pip: Collecting axios",
          "[12:51:21] INFO: Request completed",
          "Compiling utils/utils.go...",
          "Success!",
          "Processing...",
          "Pushing to registry...",
          "Ready.",
          "Checking out main branch",
          "\u2713 Task completed in 3100ms",
          "Optimizing 81 modules...",
          "[12:51:21] INFO: Request completed",
          "Step 7/23: Linting",
          "\u2717 build failed with exit code 89",
          "[12:51:21] WARN: Deprecated API usage",
          "[12:51:21] INFO: Connecting to database",
          "Using Python 3.11",
          "Artifact uploaded: dist.zip (36MB)",
          "Time: 33.550s",
          "Transforming 763 files...",
          "WARNING: prettier has known vulnerabilities",
          "Snapshots: 35 passed, 28 total",
          "Optimizing 26 modules...",
          "Using Python 3.9",
          "npm notice: package.json updated",
          "[12:51:21] DEBUG: Initializing service",
          "TLS handshake completed",
          "npm install: added 435 packages",
          "POST /upload - 201 (191ms)",
          "[12:51:21] WARN: Deprecated API usage",
          "Transforming 186 files...",
          "Fetching submodules...",
          "Compiling lib/service.java...",
          "Step 19/18: Running migrations",
          "[12:51:21] ERROR: Connection failed",
          "Coverage: 75% statements, 60% branches",
          "Compiling lib/utils.go...",
          "Ready.",
          "Step 18/19: Building",
          "Fetching submodules...",
          "pip: Downloading jest-4.10.tar.gz",
          "Ran 101 tests in 48s",
          "Success!",
          "WARNING: lodash has known vulnerabilities",
          "\u2713 Step 'setup' succeeded",
          "[12:51:21] WARN: Deprecated API usage",
          "Step 19/25: Building",
          "Minifying main.js",
          "Connection established",
          "Pulling image: node:latest",
          "Step 9/25: Testing",
          "npm notice: created a lockfile",
          "Waiting...",
          "Building Docker image...",
          "Waiting...",
          "Finished.",
          "Bundling styles.js",
          "\u26a0 DEPRECATION: Feature will be removed in v5.0",
          "Step 8/23: Testing",
          "Using Python 3.10",
          "Using Python 3.11",
          "Waiting...",
          "[12:51:21] DEBUG: Connection pool: 19 active",
          "WARNING: express has known vulnerabilities",
          "Step 8/25: Linting",
          "Cache invalidated: build",
          "Verifying...",
          "[12:51:21] INFO: Request completed",
          "npm notice: package.json updated",
          "[12:51:21] INFO: Request completed",
          "  PASS: test_db_connect (373ms)",
          "Environment: development",
          "Artifact downloaded: 28MB",
          "Fetching from https://npmjs.org/package.json",
          "Environment: test",
          "Generating source maps...",
          "GET /status - 201 (79ms)",
          "yarn add: Done in 11.13s",
          "npm notice: created a lockfile",
          "[12:51:21] WARN: Deprecated API usage",
          "Using Node.js 17.5.2",
          "FAILED: test_user_create",
          "Fetching submodules...",
          "Pushing to registry...",
          "[12:51:21] INFO: Starting build process",
          "TLS handshake completed",
          "Finished.",
          "Transforming 882 files...",
          "Success!",
          "npm notice: created a lockfile",
          "Compiling src/index.js...",
          "\u26a0 DEPRECATION: Feature will be removed in v4.0",
          "Snapshots: 39 passed, 8 total",
          "Verifying...",
          "Done.",
          "TLS handshake completed",
          "WARNING: axios has known vulnerabilities",
          "Minifying main.js",
          "TLS handshake completed",
          "[12:51:21] WARN: Deprecated API usage",
          "Loading...",
          "\u26a0 DEPRECATION: Feature will be removed in v2.0",
          "\u26a0 DEPRECATION: Feature will be removed in v2.0",
          "\u26a0 DEPRECATION: Feature will be removed in v3.0",
          "Cache saved successfully",
          "[12:51:21] DEBUG: Initializing service",
          "Installing prettier@4.1.0",
          "[12:51:21] WARN: Deprecated API usage",
          "[12:51:21] DEBUG: Memory usage: 916MB",
          "Creating production build...",
          "Transforming 324 files...",
          "Minifying app.js",
          "Cache invalidated: dependencies",
          "pip: Collecting axios",
          "NODE_ENV=production",
          "Environment: staging",
          "npm install: resolved 1757 packages",
          "Success!",
          "WARNING: jest has known vulnerabilities",
          "Done.",
          "npm install: resolved 1709 packages",
          "Exception: TypeError",
          "[12:51:21] DEBUG: Loading configuration",
          "\u2713 validate completed",
          "Platform: win32-x64",
          "Cache saved successfully",
          "Using Python 3.10",
          "[12:51:21] DEBUG: Initializing service",
          "Artifact downloaded: 44MB",
          "POST /api - 201 (103ms)",
          "[12:51:21] INFO: Starting build process",
          "=== Step type_check completed ==="
        ]
      },
      {
        "name": "deploy_staging",
        "status": "success",
        "started_at": "2025-12-13T12:52:46.436552",
        "finished_at": "2025-12-13T12:52:58.584426",
        "log_lines": [
          "=== Step: deploy_staging ===",
          "npm notice: created a lockfile",
          "\u26a0 DEPRECATION: Feature will be removed in v5.0",
          "[12:51:21] ERROR: Connection failed",
          "Finished.",
          "[12:51:21] DEBUG: Memory usage: 447MB",
          "pip: Installing build dependencies...",
          "pip: Collecting webpack",
          "\u2713 All checks passed",
          "Fetching from https://npmjs.org/package.json",
          "npm notice: package.json updated",
          "npm install: resolved 556 packages",
          "Loading...",
          "Cache restored successfully (178MB)",
          "WARNING: lodash has known vulnerabilities",
          "\u2713 Step 'checkout' succeeded",
          "Time: 31.593s",
          "pip: Collecting prettier",
          "Generating source maps...",
          "Step 3/20: Testing",
          "Checking out develop branch",
          "Layer 5/11: RUN command",
          "Done.",
          "Test Suites: 37 passed, 29 total",
          "WARNING: webpack has known vulnerabilities",
          "TLS handshake completed",
          "WARNING: eslint has known vulnerabilities",
          "POST /api - 200 (112ms)",
          "\u26a0 DEPRECATION: Feature will be removed in v4.0",
          "GET /health - 204 (41ms)",
          "Step 11/17: Installing dependencies",
          "  PASS: integration/test_db_connect.spec.js",
          "POST /api - 202 (350ms)",
          "Fetching submodules...",
          "HEAD is now at 9c98487",
          "Connection established",
          "[12:51:21] DEBUG: Loading configuration",
          "[12:51:21] ERROR: Connection failed",
          "Compiling utils/main.py...",
          "Processing...",
          "Finished.",
          "Finished.",
          "[12:51:21] DEBUG: Query executed in 12ms",
          "Completed.",
          "Cache restored successfully (320MB)",
          "Artifact uploaded: build.tar.gz (39MB)",
          "Cache miss for key-6854",
          "Cache hit for key-7386",
          "Cache invalidated: dependencies",
          "Tests: 121 passed, 196 total",
          "Step 10/16: Testing",
          "  PASS: test_user_create (110ms)",
          "[12:51:21] INFO: Connecting to database",
          "Optimizing 60 modules...",
          "Switched to branch 'hotfix/task-589'",
          "Using Python 3.10",
          "GET /api - 204 (1ms)",
          "Completed.",
          "[12:51:21] DEBUG: Memory usage: 1080MB",
          "npm notice: created a lockfile",
          "npm notice: created a lockfile",
          "pip: Collecting react",
          "GET /health - 201 (98ms)",
          "Platform: win32-x64",
          "Switched to branch 'hotfix/task-828'",
          "Switched to branch 'feature/task-913'",
          "OK",
          "[12:51:21] DEBUG: Memory usage: 149MB",
          "Artifact uploaded: build.tar.gz (41MB)",
          "[12:51:21] DEBUG: Connection pool: 1 active",
          "HEAD is now at 190f69c",
          "NODE_ENV=production",
          "npm install: added 132 packages",
          "Bundling runtime.css",
          "[12:51:21] ERROR: Connection failed",
          "[12:51:21] ERROR: Connection failed",
          "Artifact downloaded: 46MB",
          "Bundling main.css",
          "Minifying main.js",
          "Step 16/20: Building",
          "[12:51:21] INFO: Request completed",
          "Compiling components/index.js...",
          "\u2713 Task completed in 2893ms",
          "Generating source maps...",
          "Loading...",
          "[12:51:21] WARN: Deprecated API usage",
          "npm notice: created a lockfile",
          "Waiting...",
          "NODE_ENV=development",
          "[12:51:21] ERROR: Connection failed",
          "[12:51:21] WARN: Deprecated API usage",
          "Pushing to registry...",
          "Waiting...",
          "pip: Collecting lodash",
          "Completed.",
          "Snapshots: 38 passed, 43 total",
          "Optimizing 15 modules...",
          "[12:51:21] DEBUG: Initializing service",
          "Cache invalidated: dependencies",
          "Done.",
          "OK",
          "\u2713 Step 'checkout' succeeded",
          "Tests: 396 passed, 238 total",
          "pip: Collecting prettier",
          "pip install: Successfully installed jest-5.6",
          "Fetching submodules...",
          "Compiling utils/utils.go...",
          "Waiting...",
          "[12:51:21] INFO: Starting build process",
          "Cache hit for key-5990",
          "Layer 7/10: RUN command",
          "Artifact uploaded: dist.zip (7MB)",
          "Test Suites: 6 passed, 9 total",
          "[12:51:21] WARN: Deprecated API usage",
          "\u2713 package completed",
          "Cache saved successfully",
          "\u2713 All checks passed",
          "Checking out develop branch",
          "Pushing to registry...",
          "[12:51:21] DEBUG: Memory usage: 178MB",
          "  PASS: test_cache_hit (113ms)",
          "Step 20/25: Deploying",
          "Waiting...",
          "[12:51:21] DEBUG: Loading configuration",
          "Step 5/15: Linting",
          "\u2713 Step 'test' succeeded",
          "  PASS: e2e/test_api_health.spec.js",
          "FAILED: test_cache_hit",
          "Coverage: 91% statements, 86% branches",
          "Transforming 507 files...",
          "[12:51:21] DEBUG: Loading configuration",
          "Step 9/20: Running migrations",
          "NODE_ENV=development",
          "npm notice: package.json updated",
          "[12:51:21] DEBUG: Query executed in 5ms",
          "\u2713 Task completed in 591ms",
          "Step 10/22: Deploying",
          "[12:51:21] INFO: Connecting to database",
          "[12:51:21] INFO: Cache refreshed",
          "[12:51:21] INFO: Connecting to database",
          "Compiling lib/handler.rs...",
          "Artifact uploaded: dist.zip (40MB)",
          "Cache saved successfully",
          "Optimizing 34 modules...",
          "npm install: added 359 packages",
          "WARNING: axios has known vulnerabilities",
          "pip: Downloading webpack-2.6.tar.gz",
          "pip install: Successfully installed react-5.7",
          "[12:51:21] DEBUG: Memory usage: 1274MB",
          "Coverage: 94% statements, 73% branches",
          "Fetching submodules...",
          "pip: Installing build dependencies...",
          "\u26a0 DEPRECATION: Feature will be removed in v3.0",
          "Verifying...",
          "Verifying...",
          "Loading...",
          "Cache restored successfully (333MB)",
          "[12:51:21] DEBUG: Query executed in 82ms",
          "Pulling image: python:18",
          "Time: 34.868s",
          "[12:51:21] INFO: Request completed",
          "pip: Installing build dependencies...",
          "POST /upload - 201 (483ms)",
          "WARNING: eslint has known vulnerabilities",
          "Success!",
          "Artifact uploaded: dist.zip (28MB)",
          "Checking out master branch",
          "npm install: added 446 packages",
          "Optimizing 10 modules...",
          "Generating source maps...",
          "POST /upload - 200 (42ms)",
          "Step 5/22: Linting",
          "Artifact uploaded: build.tar.gz (37MB)",
          "Pulling image: alpine:latest",
          "Artifact downloaded: 32MB",
          "Processing...",
          "yarn add: Done in 22.21s",
          "POST /api - 200 (271ms)",
          "[12:51:21] ERROR: Connection failed",
          "Switched to branch 'feature/task-825'",
          "Loading...",
          "\u26a0 DEPRECATION: Feature will be removed in v4.0",
          "pip: Collecting axios",
          "Time: 89.317s",
          "pip: Downloading react-2.14.tar.gz",
          "Using Python 3.9",
          "pip: Installing build dependencies...",
          "FAILED: test_user_create",
          "npm install: added 244 packages",
          "Cache invalidated: build",
          "TLS handshake completed",
          "Step 17/23: Building",
          "[12:51:21] INFO: Cache refreshed",
          "npm install: resolved 264 packages",
          "[12:51:21] WARN: Deprecated API usage",
          "Completed.",
          "Snapshots: 6 passed, 0 total",
          "[12:51:21] INFO: Cache refreshed",
          "Environment: test",
          "pip install: Successfully installed prettier-5.4",
          "Cache saved successfully",
          "Installing jest@3.3.4",
          "Tests: 111 passed, 477 total",
          "Step 17/24: Building",
          "[12:51:21] INFO: Connecting to database",
          "Step 10/23: Installing dependencies",
          "POST /upload - 202 (500ms)",
          "Compiling components/index.js...",
          "\u2713 Task completed in 4080ms",
          "Step 3/21: Installing dependencies",
          "Ran 19 tests in 56s",
          "\u2713 All checks passed",
          "pip: Collecting lodash",
          "npm notice: created a lockfile",
          "\u2713 Step 'test' succeeded",
          "Optimizing 82 modules...",
          "Done.",
          "Cache miss for key-2760",
          "Artifact uploaded: build.tar.gz (22MB)",
          "Cache hit for key-6269",
          "Creating production build...",
          "Finished.",
          "[12:51:21] DEBUG: Loading configuration",
          "Step 8/21: Testing",
          "yarn add: Done in 14.44s",
          "npm notice: created a lockfile",
          "Success!",
          "\u26a0 DEPRECATION: Feature will be removed in v5.0",
          "Processing...",
          "Optimizing 43 modules...",
          "[12:51:21] WARN: Deprecated API usage",
          "Time: 53.97s",
          "[12:51:21] INFO: Cache refreshed",
          "Step 18/22: Building",
          "\u2713 All checks passed",
          "Cache restored successfully (293MB)",
          "Done.",
          "pip: Collecting react",
          "Connection established",
          "Environment: production",
          "[12:51:21] INFO: Request completed",
          "\u2713 Step 'setup' succeeded",
          "Tests: 276 passed, 67 total",
          "Step 19/19: Linting",
          "Compiling lib/index.js...",
          "Pulling image: python:18",
          "Fetching submodules...",
          "\u2713 deploy completed",
          "pip: Installing build dependencies...",
          "HEAD is now at ffa1372",
          "Cache miss for key-7857",
          "Image pulled successfully",
          "[12:51:21] INFO: Request completed",
          "Using Python 3.9",
          "[12:51:21] INFO: Cache refreshed",
          "npm notice: created a lockfile",
          "OK",
          "Installing lodash@1.17.8",
          "Platform: win32-x64",
          "Connection established",
          "Platform: darwin-arm64",
          "\u2713 Step 'install' succeeded",
          "\u26a0 DEPRECATION: Feature will be removed in v5.0",
          "Layer 1/13: ENV command",
          "[12:51:21] WARN: Deprecated API usage",
          "[12:51:21] DEBUG: Loading configuration",
          "WARNING: webpack has known vulnerabilities",
          "[12:51:21] INFO: Cache refreshed",
          "OK",
          "WARNING: axios has known vulnerabilities",
          "Fetching submodules...",
          "[12:51:21] DEBUG: Connection pool: 6 active",
          "Completed.",
          "Test Suites: 17 passed, 11 total",
          "Pulling image: node:latest",
          "\u26a0 DEPRECATION: Feature will be removed in v5.0",
          "POST /api - 202 (40ms)",
          "[12:51:21] DEBUG: Loading configuration",
          "[12:51:21] WARN: Deprecated API usage",
          "=== Step deploy_staging completed ==="
        ]
      },
      {
        "name": "setup_node",
        "status": "success",
        "started_at": "2025-12-13T12:52:58.584426",
        "finished_at": "2025-12-13T12:53:10.732300",
        "log_lines": [
          "=== Step: setup_node ===",
          "[12:51:21] INFO: Cache refreshed",
          "Waiting...",
          "yarn add: Done in 1.5s",
          "Connection established",
          "Time: 22.143s",
          "Cache invalidated: node_modules",
          "[12:51:21] DEBUG: Memory usage: 1049MB",
          "Optimizing 60 modules...",
          "npm install: added 68 packages",
          "Step 18/15: Deploying",
          "Snapshots: 38 passed, 30 total",
          "\u2713 Step 'test' succeeded",
          "\u26a0 DEPRECATION: Feature will be removed in v2.0",
          "npm notice: package.json updated",
          "[12:51:21] INFO: Connecting to database",
          "\u26a0 DEPRECATION: Feature will be removed in v2.0",
          "[12:51:21] DEBUG: Query executed in 57ms",
          "Image pulled successfully",
          "Compiling components/service.java...",
          "Using Node.js 20.0.10",
          "Success!",
          "Tests: 365 passed, 286 total",
          "Step 3/18: Running migrations",
          "Cache saved successfully",
          "Transforming 442 files...",
          "npm install: added 68 packages",
          "Loading...",
          "Step 7/17: Running migrations",
          "npm notice: package.json updated",
          "Bundling main.js",
          "NODE_ENV=production",
          "Loading...",
          "Loading...",
          "Step 14/22: Running migrations",
          "Image pulled successfully",
          "\u2713 Task completed in 3949ms",
          "pip: Installing build dependencies...",
          "Snapshots: 24 passed, 2 total",
          "Pulling image: python:3.11",
          "Step 2/22: Running migrations",
          "Connection established",
          "Building Docker image...",
          "Using Node.js 20.8.10",
          "Artifact downloaded: 10MB",
          "Platform: darwin-arm64",
          "[12:51:21] DEBUG: Connection pool: 4 active",
          "Step 13/18: Running migrations",
          "Pushing to registry...",
          "Switched to branch 'hotfix/task-149'",
          "Coverage: 88% statements, 96% branches",
          "Compiling components/main.py...",
          "Bundling main.js",
          "[12:51:21] DEBUG: Memory usage: 1379MB",
          "Artifact uploaded: dist.zip (66MB)",
          "WARNING: react has known vulnerabilities",
          "Artifact uploaded: build.tar.gz (22MB)",
          "\u2713 Step 'install' succeeded",
          "Step 2/17: Linting",
          "WARNING: react has known vulnerabilities",
          "\u26a0 DEPRECATION: Feature will be removed in v2.0",
          "POST /upload - 200 (302ms)",
          "pip install: Successfully installed react-4.5",
          "Time: 21.866s",
          "Exception: NullPointerException",
          "WARNING: express has known vulnerabilities",
          "Waiting...",
          "[12:51:21] INFO: Starting build process",
          "Fetching from https://npmjs.org/package.json",
          "Cache restored successfully (234MB)",
          "WARNING: axios has known vulnerabilities",
          "pip: Collecting axios",
          "Switched to branch 'feature/task-949'",
          "TLS handshake completed",
          "WARNING: express has known vulnerabilities",
          "Transforming 758 files...",
          "FAILED: test_user_create",
          "FAILED: test_cache_hit",
          "NODE_ENV=test",
          "Cache saved successfully",
          "Optimizing 69 modules...",
          "Transforming 441 files...",
          "npm install: resolved 1120 packages",
          "Ran 72 tests in 41s",
          "npm notice: created a lockfile",
          "Cache miss for key-8080",
          "pip: Collecting jest",
          "pip: Downloading axios-3.17.tar.gz",
          "Fetching submodules...",
          "Completed.",
          "\u26a0 DEPRECATION: Feature will be removed in v4.0",
          "FAILED: test_db_connect",
          "pip: Downloading prettier-3.11.tar.gz",
          "Generating source maps...",
          "Cache hit for key-8560",
          "[12:51:21] WARN: Deprecated API usage",
          "Step 1/22: Running migrations",
          "Loading...",
          "[12:51:21] DEBUG: Memory usage: 1114MB",
          "  PASS: integration/test_db_connect.spec.js",
          "NODE_ENV=production",
          "Compiling components/main.py...",
          "\u2713 All checks passed",
          "yarn add: Done in 22.56s",
          "[12:51:21] DEBUG: Initializing service",
          "Test Suites: 18 passed, 28 total",
          "Cache hit for key-7580",
          "pip: Installing build dependencies...",
          "NODE_ENV=production",
          "OK",
          "[12:51:21] DEBUG: Connection pool: 2 active",
          "Step 11/21: Installing dependencies",
          "\u2713 Task completed in 784ms",
          "Coverage: 70% statements, 73% branches",
          "yarn add: Done in 28.71s",
          "Optimizing 82 modules...",
          "pip: Downloading prettier-4.12.tar.gz",
          "Cache invalidated: dependencies",
          "[12:51:21] INFO: Cache refreshed",
          "Time: 44.892s",
          "WARNING: axios has known vulnerabilities",
          "NODE_ENV=production",
          "Fetching from https://pypi.org/package.json",
          "Transforming 697 files...",
          "WARNING: prettier has known vulnerabilities",
          "npm notice: created a lockfile",
          "Tests: 286 passed, 246 total",
          "npm install: resolved 789 packages",
          "Pushing to registry...",
          "\u2713 package completed",
          "\u2713 validate completed",
          "\u26a0 DEPRECATION: Feature will be removed in v5.0",
          "Minifying vendor.js",
          "Completed.",
          "Loading...",
          "\u2713 Task completed in 2720ms",
          "Ran 90 tests in 1s",
          "Cache invalidated: dependencies",
          "npm notice: package.json updated",
          "Compiling components/service.java...",
          "Exception: NullPointerException",
          "Using Node.js 17.12.5",
          "Cache hit for key-5623",
          "Checking out main branch",
          "Test Suites: 34 passed, 49 total",
          "Platform: win32-x64",
          "Using Node.js 15.18.10",
          "Pushing to registry...",
          "Compiling components/service.java...",
          "Done.",
          "WARNING: eslint has known vulnerabilities",
          "yarn add: Done in 4.7s",
          "POST /data - 200 (52ms)",
          "[12:51:21] INFO: Processing request",
          "[12:51:21] WARN: Deprecated API usage",
          "Step 7/19: Running migrations",
          "[12:51:21] INFO: Connecting to database",
          "Step 6/24: Deploying",
          "npm install: added 462 packages",
          "Cache restored successfully (416MB)",
          "Cache saved successfully",
          "Minifying app.js",
          "  PASS: test_auth_login (382ms)",
          "Exception: NullPointerException",
          "Done.",
          "[12:51:21] INFO: Cache refreshed",
          "Creating production build...",
          "Switched to branch 'feature/task-520'",
          "Step 1/18: Building",
          "Environment: staging",
          "[12:51:21] DEBUG: Connection pool: 8 active",
          "[12:51:21] WARN: Deprecated API usage",
          "Step 8/20: Testing",
          "GET /health - 204 (24ms)",
          "Connection established",
          "\u2713 Step 'install' succeeded",
          "Switched to branch 'feature/task-526'",
          "Loading...",
          "OK",
          "Optimizing 22 modules...",
          "Compiling utils/service.java...",
          "Pushing to registry...",
          "pip: Installing build dependencies...",
          "npm install: added 180 packages",
          "Step 15/15: Installing dependencies",
          "Optimizing 91 modules...",
          "[12:51:21] DEBUG: Query executed in 80ms",
          "[12:51:21] DEBUG: Query executed in 34ms",
          "Compiling src/main.py...",
          "Pulling image: python:3.11",
          "[12:51:21] DEBUG: Connection pool: 12 active",
          "pip install: Successfully installed eslint-4.20",
          "Connection established",
          "\u2717 build failed with exit code 24",
          "[12:51:21] INFO: Cache refreshed",
          "Processing...",
          "npm notice: created a lockfile",
          "Creating production build...",
          "pip: Installing build dependencies...",
          "Waiting...",
          "[12:51:21] INFO: Cache refreshed",
          "[12:51:21] DEBUG: Initializing service",
          "Image pulled successfully",
          "pip install: Successfully installed express-3.1",
          "Loading...",
          "[12:51:21] DEBUG: Initializing service",
          "Cache restored successfully (470MB)",
          "[12:51:21] DEBUG: Memory usage: 1133MB",
          "[12:51:21] WARN: Deprecated API usage",
          "[12:51:21] DEBUG: Query executed in 36ms",
          "npm install: added 162 packages",
          "Step 1/17: Building",
          "Pulling image: node:18",
          "TLS handshake completed",
          "[12:51:21] INFO: Cache refreshed",
          "[12:51:21] INFO: Processing request",
          "Loading...",
          "Fetching from https://github.com/package.json",
          "Using Node.js 18.0.6",
          "Bundling styles.css",
          "npm notice: created a lockfile",
          "WARNING: eslint has known vulnerabilities",
          "Done.",
          "Layer 5/8: ENV command",
          "[12:51:21] INFO: Connecting to database",
          "Building Docker image...",
          "Cache invalidated: node_modules",
          "pip: Collecting jest",
          "Cache restored successfully (272MB)",
          "NODE_ENV=development",
          "WARNING: eslint has known vulnerabilities",
          "[12:51:21] WARN: Deprecated API usage",
          "Processing...",
          "[12:51:21] INFO: Cache refreshed",
          "Cache invalidated: dependencies",
          "POST /api - 202 (403ms)",
          "pip: Collecting react",
          "[12:51:21] DEBUG: Loading configuration",
          "Bundling main.js",
          "npm notice: package.json updated",
          "[12:51:21] WARN: Deprecated API usage",
          "Environment: staging",
          "Finished.",
          "POST /upload - 200 (233ms)",
          "Layer 10/15: COPY command",
          "Cache invalidated: build",
          "\u2713 Task completed in 4310ms",
          "Connection established",
          "\u2713 validate completed",
          "[12:51:21] DEBUG: Loading configuration",
          "[12:51:21] INFO: Request completed",
          "[12:51:21] INFO: Connecting to database",
          "\u2713 All checks passed",
          "Fetching from https://pypi.org/package.json",
          "npm notice: package.json updated",
          "Step 12/22: Building",
          "Image pulled successfully",
          "pip: Collecting axios",
          "FAILED: test_db_connect",
          "Checking out main branch",
          "Step 9/17: Installing dependencies",
          "Artifact uploaded: build.tar.gz (10MB)",
          "Cache saved successfully",
          "Artifact uploaded: build.tar.gz (29MB)",
          "NODE_ENV=test",
          "\u2713 Step 'build' succeeded",
          "Compiling components/main.py...",
          "Cache miss for key-9383",
          "GET /health - 200 (59ms)",
          "pip: Collecting eslint",
          "Step 5/20: Testing",
          "\u26a0 DEPRECATION: Feature will be removed in v2.0",
          "[12:51:21] WARN: Deprecated API usage",
          "Ran 173 tests in 55s",
          "\u26a0 DEPRECATION: Feature will be removed in v2.0",
          "Compiling components/index.js...",
          "Step 9/16: Linting",
          "Compiling src/main.py...",
          "Generating source maps...",
          "=== Step setup_node completed ==="
        ]
      },
      {
        "name": "deploy_production",
        "status": "success",
        "started_at": "2025-12-13T12:53:10.732300",
        "finished_at": "2025-12-13T12:53:15.591449",
        "log_lines": [
          "=== Step: deploy_production ===",
          "Compiling lib/utils.go...",
          "Snapshots: 2 passed, 19 total",
          "Ran 46 tests in 18s",
          "GET /status - 204 (12ms)",
          "Step 4/19: Deploying",
          "Completed.",
          "Waiting...",
          "Waiting...",
          "Fetching submodules...",
          "Compiling utils/index.js...",
          "NODE_ENV=development",
          "Environment: staging",
          "Cache saved successfully",
          "Cache invalidated: node_modules",
          "Already up to date.",
          "\u2713 All checks passed",
          "Generating source maps...",
          "HEAD is now at a2acf8f",
          "Platform: win32-x64",
          "WARNING: axios has known vulnerabilities",
          "GET /api - 204 (52ms)",
          "Step 1/18: Installing dependencies",
          "  PASS: integration/test_user_create.spec.js",
          "Bundling runtime.js",
          "POST /api - 201 (165ms)",
          "[12:51:21] WARN: Deprecated API usage",
          "WARNING: jest has known vulnerabilities",
          "[12:51:21] INFO: Starting build process",
          "Building Docker image...",
          "Step 16/21: Installing dependencies",
          "Completed.",
          "[12:51:21] DEBUG: Memory usage: 1819MB",
          "pip: Collecting axios",
          "[12:51:21] INFO: Connecting to database",
          "pip: Downloading react-1.4.tar.gz",
          "npm install: added 42 packages",
          "Cache invalidated: build",
          "Step 6/23: Testing",
          "Pushing to registry...",
          "Step 10/23: Testing",
          "Cache saved successfully",
          "Finished.",
          "Success!",
          "\u26a0 DEPRECATION: Feature will be removed in v5.0",
          "Switched to branch 'feature/task-944'",
          "Compiling components/utils.go...",
          "Artifact uploaded: dist.zip (81MB)",
          "Exception: RuntimeError",
          "[12:51:21] INFO: Connecting to database",
          "Artifact downloaded: 7MB",
          "\u26a0 DEPRECATION: Feature will be removed in v4.0",
          "[12:51:21] DEBUG: Connection pool: 1 active",
          "GET /status - 204 (96ms)",
          "[12:51:21] INFO: Cache refreshed",
          "Done.",
          "pip: Downloading react-5.20.tar.gz",
          "[12:51:21] DEBUG: Query executed in 67ms",
          "  PASS: test_cache_hit (450ms)",
          "Connection established",
          "\u2713 Task completed in 4044ms",
          "Uploading artifact 'dist' (45 files)",
          "\u26a0 DEPRECATION: Feature will be removed in v5.0",
          "Image pulled successfully",
          "Ran 86 tests in 36s",
          "Verifying...",
          "Platform: linux-x64",
          "POST /upload - 200 (363ms)",
          "Coverage: 78% statements, 70% branches",
          "\u26a0 DEPRECATION: Feature will be removed in v3.0",
          "\u26a0 DEPRECATION: Feature will be removed in v2.0",
          "Tests: 269 passed, 201 total",
          "Compiling utils/app.ts...",
          "Loading...",
          "  PASS: test_db_connect (90ms)",
          "Cache invalidated: node_modules",
          "\u2713 lint completed",
          "\u2713 test completed",
          "Bundling vendor.css",
          "Fetching from https://pypi.org/package.json",
          "Compiling utils/handler.rs...",
          "\u2717 build failed with exit code 6",
          "Step 11/25: Building",
          "pip: Installing build dependencies...",
          "Snapshots: 41 passed, 37 total",
          "npm notice: created a lockfile",
          "Test Suites: 13 passed, 21 total",
          "Bundling runtime.js",
          "Finished.",
          "Time: 83.498s",
          "[12:51:21] INFO: Connecting to database",
          "WARNING: eslint has known vulnerabilities",
          "Compiling src/app.ts...",
          "pip: Collecting lodash",
          "Step 14/23: Installing dependencies",
          "npm notice: created a lockfile",
          "Uploading artifact 'coverage' (22 files)",
          "npm notice: created a lockfile",
          "Artifact uploaded: dist.zip (3MB)",
          "[12:51:21] INFO: Starting build process",
          "Installing prettier@5.11.1",
          "[12:51:21] ERROR: Connection failed",
          "Compiling utils/service.java...",
          "Step 20/22: Installing dependencies",
          "Coverage: 85% statements, 93% branches",
          "Finished.",
          "FAILED: test_user_create",
          "Connection established",
          "Minifying vendor.js",
          "Step 3/25: Installing dependencies",
          "pip: Collecting axios",
          "GET /api - 201 (92ms)",
          "Fetching submodules...",
          "[12:51:21] WARN: Deprecated API usage",
          "\u2713 Task completed in 3873ms",
          "[12:51:21] INFO: Processing request",
          "pip: Downloading jest-3.17.tar.gz",
          "HEAD is now at a5a86de",
          "  PASS: test_db_connect (434ms)",
          "Loading...",
          "Step 7/25: Deploying",
          "npm notice: created a lockfile",
          "Step 17/16: Running migrations",
          "Verifying...",
          "Uploading artifact 'coverage' (23 files)",
          "Bundling runtime.js",
          "WARNING: express has known vulnerabilities",
          "Verifying...",
          "POST /data - 200 (487ms)",
          "[12:51:21] INFO: Starting build process",
          "Finished.",
          "WARNING: express has known vulnerabilities",
          "[12:51:21] INFO: Cache refreshed",
          "Tests: 427 passed, 146 total",
          "Ready.",
          "Snapshots: 14 passed, 16 total",
          "Bundling styles.css",
          "  PASS: test_db_connect (181ms)",
          "\u26a0 DEPRECATION: Feature will be removed in v2.0",
          "Image pulled successfully",
          "Bundling main.js",
          "Connection established",
          "Transforming 403 files...",
          "Ran 106 tests in 44s",
          "TLS handshake completed",
          "Checking out master branch",
          "[12:51:21] INFO: Cache refreshed",
          "[12:51:21] INFO: Cache refreshed",
          "[12:51:21] DEBUG: Loading configuration",
          "Image pulled successfully",
          "[12:51:21] DEBUG: Connection pool: 20 active",
          "Completed.",
          "\u26a0 DEPRECATION: Feature will be removed in v5.0",
          "\u2713 Task completed in 4740ms",
          "Compiling components/app.ts...",
          "Minifying vendor.js",
          "pip: Downloading express-1.7.tar.gz",
          "Connection established",
          "Step 1/21: Running migrations",
          "pip: Installing build dependencies...",
          "Checking out main branch",
          "Finished.",
          "Transforming 928 files...",
          "Creating production build...",
          "[12:51:21] INFO: Starting build process",
          "Installing webpack@2.4.3",
          "Using Node.js 17.3.10",
          "Cache saved successfully",
          "HEAD is now at f1a579e",
          "Compiling utils/handler.rs...",
          "Step 10/17: Linting",
          "Generating source maps...",
          "Uploading artifact 'build' (46 files)",
          "Completed.",
          "\u2713 Step 'install' succeeded",
          "Compiling components/utils.go...",
          "Fetching submodules...",
          "Creating production build...",
          "FAILED: test_db_connect",
          "Layer 7/10: ENV command",
          "[12:51:21] WARN: Deprecated API usage",
          "Switched to branch 'bugfix/task-907'",
          "Artifact downloaded: 47MB",
          "Completed.",
          "NODE_ENV=test",
          "Compiling lib/service.java...",
          "Compiling lib/app.ts...",
          "pip: Downloading prettier-5.6.tar.gz",
          "\u26a0 DEPRECATION: Feature will be removed in v3.0",
          "pip: Downloading lodash-3.20.tar.gz",
          "Ran 63 tests in 18s",
          "Processing...",
          "TLS handshake completed",
          "Test Suites: 9 passed, 40 total",
          "[12:51:21] INFO: Processing request",
          "Creating production build...",
          "\u2713 All checks passed",
          "HEAD is now at 0ce2d48",
          "Layer 5/11: COPY command",
          "pip: Collecting eslint",
          "yarn add: Done in 12.19s",
          "[12:51:21] DEBUG: Query executed in 71ms",
          "Test Suites: 47 passed, 43 total",
          "  PASS: e2e/test_api_health.spec.js",
          "Optimizing 49 modules...",
          "Cache restored successfully (254MB)",
          "Exception: RuntimeError",
          "Ready.",
          "pip install: Successfully installed express-3.14",
          "Generating source maps...",
          "Optimizing 29 modules...",
          "Switched to branch 'feature/task-730'",
          "Pushing to registry...",
          "Bundling runtime.js",
          "npm install: resolved 1000 packages",
          "\u2713 Task completed in 4893ms",
          "POST /data - 201 (41ms)",
          "[12:51:21] INFO: Starting build process",
          "Image pulled successfully",
          "Artifact downloaded: 5MB",
          "Connection established",
          "[12:51:21] INFO: Request completed",
          "\u26a0 DEPRECATION: Feature will be removed in v3.0",
          "pip install: Successfully installed eslint-5.11",
          "HEAD is now at 317207c",
          "[12:51:21] INFO: Processing request",
          "[12:51:21] DEBUG: Query executed in 82ms",
          "Switched to branch 'hotfix/task-150'",
          "[12:51:21] INFO: Starting build process",
          "POST /api - 202 (336ms)",
          "Snapshots: 34 passed, 14 total",
          "[12:51:21] INFO: Cache refreshed",
          "WARNING: jest has known vulnerabilities",
          "npm notice: package.json updated",
          "[12:51:21] ERROR: Connection failed",
          "Fetching submodules...",
          "Step 20/25: Deploying",
          "Compiling lib/handler.rs...",
          "Cache hit for key-7177",
          "Using Python 3.9",
          "pip: Downloading lodash-2.2.tar.gz",
          "Test Suites: 27 passed, 35 total",
          "Installing webpack@1.6.1",
          "pip: Collecting react",
          "[12:51:21] DEBUG: Memory usage: 736MB",
          "[12:51:21] DEBUG: Connection pool: 17 active",
          "Image pulled successfully",
          "Processing...",
          "Layer 5/10: RUN command",
          "WARNING: lodash has known vulnerabilities",
          "pip: Collecting react",
          "Step 4/18: Running migrations",
          "TLS handshake completed",
          "Ran 76 tests in 40s",
          "\u2713 lint completed",
          "FAILED: test_api_health",
          "[12:51:21] INFO: Connecting to database",
          "OK",
          "Artifact uploaded: build.tar.gz (17MB)",
          "Exception: TypeError",
          "WARNING: prettier has known vulnerabilities",
          "GET /health - 200 (82ms)",
          "[12:51:21] DEBUG: Loading configuration",
          "Coverage: 91% statements, 80% branches",
          "Time: 52.172s",
          "pip: Downloading react-3.11.tar.gz",
          "[12:51:21] WARN: Deprecated API usage",
          "Step 12/22: Deploying",
          "Artifact downloaded: 32MB",
          "Switched to branch 'bugfix/task-537'",
          "Snapshots: 44 passed, 0 total",
          "HEAD is now at 28242c9",
          "Cache miss for key-7219",
          "[12:51:21] DEBUG: Loading configuration",
          "Compiling src/utils.go...",
          "[12:51:21] DEBUG: Connection pool: 10 active",
          "Step 15/17: Linting",
          "Tests: 168 passed, 192 total",
          "Transforming 238 files...",
          "=== Step deploy_production completed ==="
        ]
      },
      {
        "name": "install_dependencies",
        "status": "success",
        "started_at": "2025-12-13T12:53:15.591449",
        "finished_at": "2025-12-13T12:53:52.035070",
        "log_lines": [
          "=== Step: install_dependencies ===",
          "Cache hit for key-2222",
          "Artifact downloaded: 46MB",
          "Using Python 3.9",
          "pip: Downloading eslint-4.7.tar.gz",
          "Using Node.js 18.3.0",
          "[12:51:21] INFO: Request completed",
          "Artifact uploaded: dist.zip (43MB)",
          "POST /upload - 200 (226ms)",
          "Ran 29 tests in 18s",
          "Ready.",
          "WARNING: axios has known vulnerabilities",
          "Time: 110.459s",
          "Cache miss for key-2472",
          "[12:51:21] DEBUG: Initializing service",
          "Connection established",
          "Step 7/24: Installing dependencies",
          "WARNING: prettier has known vulnerabilities",
          "\u2713 package completed",
          "[12:51:21] WARN: Deprecated API usage",
          "Bundling vendor.js",
          "npm notice: created a lockfile",
          "Connection established",
          "Step 18/18: Running migrations",
          "[12:51:21] DEBUG: Connection pool: 20 active",
          "[12:51:21] INFO: Starting build process",
          "Step 8/17: Testing",
          "\u2713 All checks passed",
          "Checking out develop branch",
          "Minifying main.js",
          "pip install: Successfully installed webpack-4.16",
          "GET /health - 204 (51ms)",
          "Platform: linux-x64",
          "Image pulled successfully",
          "yarn add: Done in 18.23s",
          "Uploading artifact 'coverage' (41 files)",
          "Coverage: 97% statements, 91% branches",
          "npm notice: created a lockfile",
          "\u2713 Step 'install' succeeded",
          "\u2713 Step 'install' succeeded",
          "Step 5/23: Running migrations",
          "Snapshots: 5 passed, 44 total",
          "\u2713 All checks passed",
          "yarn add: Done in 8.66s",
          "Loading...",
          "Bundling styles.js",
          "[12:51:21] INFO: Request completed",
          "pip: Installing build dependencies...",
          "pip: Installing build dependencies...",
          "Coverage: 71% statements, 73% branches",
          "Compiling lib/service.java...",
          "Step 9/19: Deploying",
          "WARNING: eslint has known vulnerabilities",
          "Checking out master branch",
          "Verifying...",
          "npm install: added 471 packages",
          "Layer 6/13: RUN command",
          "Step 3/17: Deploying",
          "Compiling src/index.js...",
          "  PASS: test_api_health (432ms)",
          "WARNING: webpack has known vulnerabilities",
          "Processing...",
          "Step 7/20: Installing dependencies",
          "NODE_ENV=production",
          "Cache saved successfully",
          "WARNING: react has known vulnerabilities",
          "Pulling image: python:latest",
          "HEAD is now at 93eb310",
          "GET /health - 200 (36ms)",
          "[12:51:21] INFO: Processing request",
          "Fetching submodules...",
          "Artifact downloaded: 47MB",
          "Environment: production",
          "Step 9/24: Testing",
          "npm install: added 376 packages",
          "pip: Installing build dependencies...",
          "Installing jest@4.2.10",
          "Compiling utils/index.js...",
          "Test Suites: 20 passed, 45 total",
          "WARNING: react has known vulnerabilities",
          "Fetching from https://amazonaws.com/package.json",
          "Cache invalidated: node_modules",
          "Test Suites: 18 passed, 32 total",
          "Checking out master branch",
          "Image pulled successfully",
          "Ran 45 tests in 37s",
          "Step 15/25: Deploying",
          "Ready.",
          "Bundling vendor.css",
          "Pulling image: node:18",
          "Coverage: 94% statements, 65% branches",
          "npm install: added 387 packages",
          "Verifying...",
          "Done.",
          "Verifying...",
          "[12:51:21] INFO: Processing request",
          "Test Suites: 32 passed, 5 total",
          "npm install: added 458 packages",
          "pip: Downloading react-2.0.tar.gz",
          "[12:51:21] WARN: Deprecated API usage",
          "npm install: resolved 860 packages",
          "npm install: added 120 packages",
          "Cache invalidated: dependencies",
          "Switched to branch 'bugfix/task-672'",
          "Artifact uploaded: dist.zip (2MB)",
          "Compiling utils/index.js...",
          "\u2713 Step 'build' succeeded",
          "HEAD is now at ea247db",
          "Minifying main.js",
          "pip: Installing build dependencies...",
          "Pushing to registry...",
          "[12:51:21] ERROR: Connection failed",
          "Fetching submodules...",
          "[12:51:21] ERROR: Connection failed",
          "Coverage: 92% statements, 74% branches",
          "Step 11/17: Testing",
          "Cache invalidated: build",
          "Already up to date.",
          "Minifying main.js",
          "Done.",
          "[12:51:21] WARN: Deprecated API usage",
          "pip install: Successfully installed prettier-2.5",
          "Ran 31 tests in 19s",
          "Compiling src/index.js...",
          "Checking out develop branch",
          "Step 12/15: Testing",
          "Exception: NullPointerException",
          "[12:51:21] DEBUG: Query executed in 1ms",
          "\u26a0 DEPRECATION: Feature will be removed in v4.0",
          "[12:51:21] WARN: Deprecated API usage",
          "[12:51:21] WARN: Deprecated API usage",
          "Fetching submodules...",
          "Step 3/23: Building",
          "Compiling utils/main.py...",
          "[12:51:21] DEBUG: Connection pool: 17 active",
          "Using Node.js 18.6.5",
          "npm install: added 426 packages",
          "[12:51:21] INFO: Cache refreshed",
          "Compiling components/index.js...",
          "pip: Downloading react-3.13.tar.gz",
          "Tests: 108 passed, 364 total",
          "Building Docker image...",
          "pip: Downloading prettier-4.20.tar.gz",
          "Verifying...",
          "Coverage: 97% statements, 65% branches",
          "\u26a0 DEPRECATION: Feature will be removed in v5.0",
          "\u2713 Task completed in 620ms",
          "Tests: 72 passed, 351 total",
          "Finished.",
          "Compiling lib/handler.rs...",
          "Step 18/16: Running migrations",
          "WARNING: axios has known vulnerabilities",
          "Coverage: 84% statements, 62% branches",
          "  PASS: test_db_connect (93ms)",
          "npm notice: package.json updated",
          "Step 14/24: Installing dependencies",
          "Compiling src/service.java...",
          "Image pulled successfully",
          "[12:51:21] DEBUG: Connection pool: 8 active",
          "yarn add: Done in 23.50s",
          "Transforming 970 files...",
          "[12:51:21] INFO: Starting build process",
          "TLS handshake completed",
          "[12:51:21] DEBUG: Initializing service",
          "Switched to branch 'bugfix/task-852'",
          "Step 4/24: Linting",
          "\u26a0 DEPRECATION: Feature will be removed in v2.0",
          "Artifact downloaded: 18MB",
          "[12:51:21] DEBUG: Query executed in 7ms",
          "Minifying app.js",
          "Step 3/20: Building",
          "pip: Downloading react-1.13.tar.gz",
          "Step 18/25: Running migrations",
          "HEAD is now at 29f2753",
          "pip: Collecting react",
          "\u2713 Task completed in 4982ms",
          "Artifact downloaded: 21MB",
          "Switched to branch 'hotfix/task-562'",
          "Connection established",
          "Minifying main.js",
          "[12:51:21] DEBUG: Connection pool: 11 active",
          "Cache hit for key-7248",
          "Step 5/25: Installing dependencies",
          "[12:51:21] INFO: Starting build process",
          "Installing express@1.12.4",
          "pip: Downloading react-1.15.tar.gz",
          "Uploading artifact 'dist' (45 files)",
          "Artifact uploaded: build.tar.gz (16MB)",
          "Environment: development",
          "Time: 110.266s",
          "Already up to date.",
          "Fetching from https://pypi.org/package.json",
          "  PASS: test_user_create (246ms)",
          "pip: Installing build dependencies...",
          "  PASS: test_cache_hit (5ms)",
          "Fetching submodules...",
          "Coverage: 72% statements, 66% branches",
          "Loading...",
          "Pushing to registry...",
          "Fetching from https://npmjs.org/package.json",
          "npm install: resolved 1592 packages",
          "\u2713 test completed",
          "Success!",
          "Verifying...",
          "Pushing to registry...",
          "Verifying...",
          "NODE_ENV=production",
          "[12:51:21] DEBUG: Query executed in 21ms",
          "pip: Collecting prettier",
          "Image pulled successfully",
          "\u26a0 DEPRECATION: Feature will be removed in v3.0",
          "FAILED: test_db_connect",
          "Step 14/17: Testing",
          "[12:51:21] DEBUG: Query executed in 81ms",
          "Snapshots: 21 passed, 30 total",
          "\u2713 Step 'checkout' succeeded",
          "Verifying...",
          "[12:51:21] INFO: Processing request",
          "Step 17/18: Testing",
          "npm notice: created a lockfile",
          "[12:51:21] INFO: Connecting to database",
          "Coverage: 81% statements, 79% branches",
          "\u2713 Step 'test' succeeded",
          "Ran 52 tests in 50s",
          "[12:51:21] WARN: Deprecated API usage",
          "npm install: added 393 packages",
          "WARNING: axios has known vulnerabilities",
          "[12:51:21] INFO: Request completed",
          "Waiting...",
          "Environment: test",
          "WARNING: eslint has known vulnerabilities",
          "Building Docker image...",
          "Pushing to registry...",
          "Time: 68.352s",
          "\u26a0 DEPRECATION: Feature will be removed in v3.0",
          "[12:51:21] DEBUG: Memory usage: 626MB",
          "Connection established",
          "Switched to branch 'bugfix/task-568'",
          "Cache restored successfully (67MB)",
          "Building Docker image...",
          "\u26a0 DEPRECATION: Feature will be removed in v5.0",
          "  PASS: e2e/test_cache_hit.spec.js",
          "\u26a0 DEPRECATION: Feature will be removed in v4.0",
          "Connection established",
          "[12:51:21] INFO: Cache refreshed",
          "Cache restored successfully (176MB)",
          "Step 1/17: Linting",
          "Building Docker image...",
          "Environment: test",
          "[12:51:21] DEBUG: Loading configuration",
          "NODE_ENV=test",
          "Step 9/15: Linting",
          "Checking out main branch",
          "Compiling lib/app.ts...",
          "Building Docker image...",
          "Step 20/24: Installing dependencies",
          "Artifact downloaded: 23MB",
          "npm install: resolved 793 packages",
          "Waiting...",
          "Transforming 628 files...",
          "OK",
          "Artifact uploaded: dist.zip (100MB)",
          "Pushing to registry...",
          "\u26a0 DEPRECATION: Feature will be removed in v2.0",
          "\u2713 Step 'test' succeeded",
          "pip: Downloading jest-4.5.tar.gz",
          "Bundling main.css",
          "Artifact uploaded: dist.zip (31MB)",
          "Installing jest@3.12.7",
          "\u26a0 DEPRECATION: Feature will be removed in v4.0",
          "Finished.",
          "Layer 7/10: COPY command",
          "\u2713 validate completed",
          "GET /health - 204 (77ms)",
          "Connection established",
          "Cache saved successfully",
          "Building Docker image...",
          "Artifact uploaded: dist.zip (16MB)",
          "Environment: development",
          "=== Step install_dependencies completed ==="
        ]
      }
    ],
    "label": "normal"
  }
}