{
  "action": "completed",
  "workflow_run": {
    "id": 545,
    "name": "CI Pipeline",
    "head_branch": "main",
    "head_sha": "a9c437fa637065320db90b14ce11e8e4204c5d4e",
    "status": "completed",
    "conclusion": "success",
    "run_started_at": "2025-12-09T12:51:36.595283Z",
    "updated_at": "2025-12-09T12:54:21.052754Z"
  },
  "repository": {
    "full_name": "acme-corp/data-pipeline",
    "name": "data-pipeline"
  },
  "sender": {
    "login": "bob"
  },
  "_safeops_extended": {
    "raw_logs": "=== Step: upload_artifacts ===\nCreating production build...\nFinished.\nTest Suites: 30 passed, 21 total\nAlready up to date.\nPushing to registry...\nPlatform: darwin-arm64\nAlready up to date.\nTime: 72.955s\nPOST /upload - 202 (294ms)\nMinifying vendor.js\nBundling vendor.js\nArtifact downloaded: 30MB\nVerifying...\nUsing Python 3.11\n[12:51:36] INFO: Starting build process\nCompiling utils/main.py...\nNODE_ENV=development\nAlready up to date.\nOK\n[12:51:36] DEBUG: Connection pool: 14 active\nUsing Python 3.9\n\u2713 Step 'install' succeeded\nUploading artifact 'build' (4 files)\nTLS handshake completed\nCompleted.\npip: Collecting lodash\nSnapshots: 30 passed, 39 total\n[12:51:36] DEBUG: Query executed in 25ms\nTest Suites: 36 passed, 22 total\n\u26a0 DEPRECATION: Feature will be removed in v2.0\npip: Downloading eslint-1.6.tar.gz\nChecking out develop branch\n[12:51:36] INFO: Cache refreshed\n[12:51:36] DEBUG: Loading configuration\nWaiting...\nSnapshots: 38 passed, 47 total\n\u2713 deploy completed\n\u2713 package completed\nCache saved successfully\nPlatform: darwin-arm64\nGET /status - 204 (48ms)\nOK\nLayer 8/10: RUN command\nCompiling src/utils.go...\nWARNING: react has known vulnerabilities\nCreating production build...\nWARNING: lodash has known vulnerabilities\nPOST /upload - 200 (401ms)\n[12:51:36] INFO: Processing request\nCompleted.\n[12:51:36] INFO: Cache refreshed\nTime: 101.637s\nCompiling src/service.java...\npip: Downloading webpack-5.8.tar.gz\n\u26a0 DEPRECATION: Feature will be removed in v2.0\n[12:51:36] DEBUG: Connection pool: 11 active\nPlatform: win32-x64\nCoverage: 95% statements, 88% branches\n[12:51:36] DEBUG: Memory usage: 1044MB\nChecking out master branch\nStep 5/16: Testing\nFAILED: test_db_connect\nConnection established\nRan 190 tests in 23s\nImage pulled successfully\n[12:51:36] ERROR: Connection failed\n[12:51:36] INFO: Processing request\n[12:51:36] DEBUG: Query executed in 61ms\nCoverage: 75% statements, 72% branches\nStep 8/20: Linting\n\u2713 All checks passed\nAlready up to date.\n[12:51:36] DEBUG: Query executed in 45ms\nSuccess!\nLayer 7/15: ENV command\nException: NullPointerException\nReady.\nVerifying...\nUploading artifact 'build' (25 files)\nLayer 6/15: RUN command\nBundling styles.js\n[12:51:36] INFO: Cache refreshed\nCompiling src/utils.go...\nUsing Python 3.10\nCompiling lib/app.ts...\nGenerating source maps...\nPOST /data - 201 (205ms)\nCompiling utils/main.py...\n  PASS: test_api_health (293ms)\nReady.\nFetching from https://pypi.org/package.json\nWaiting...\n\u2713 Step 'install' succeeded\nProcessing...\nFinished.\nFetching from https://npmjs.org/package.json\npip: Downloading prettier-2.12.tar.gz\nInstalling axios@2.3.1\nBuilding Docker image...\nStep 3/22: Running migrations\nTransforming 214 files...\nCompiling lib/utils.go...\nProcessing...\nCache miss for key-7093\nCache miss for key-5872\nRan 174 tests in 32s\npip: Downloading lodash-5.18.tar.gz\nCompiling utils/index.js...\nDone.\nFinished.\n[12:51:36] INFO: Cache refreshed\nyarn add: Done in 21.57s\nException: NullPointerException\nStep 5/17: Running migrations\nFinished.\nyarn add: Done in 29.57s\nSuccess!\nLayer 10/9: COPY command\nnpm install: added 354 packages\nCache hit for key-2731\nCache restored successfully (268MB)\nSuccess!\nLoading...\npip: Downloading lodash-4.10.tar.gz\nCache invalidated: node_modules\nTransforming 372 files...\nCache saved successfully\n[12:51:36] INFO: Connecting to database\nGET /api - 201 (81ms)\nTest Suites: 12 passed, 14 total\nStep 18/18: Running migrations\nUsing Node.js 16.9.1\nUsing Node.js 17.6.9\nStep 5/16: Linting\nUsing Node.js 20.2.4\nnpm notice: package.json updated\nTLS handshake completed\n[12:51:36] INFO: Request completed\nWARNING: axios has known vulnerabilities\n\u2713 Step 'install' succeeded\n\u26a0 DEPRECATION: Feature will be removed in v3.0\nSuccess!\nFinished.\nCompiling lib/main.py...\n  PASS: e2e/test_cache_hit.spec.js\nCache invalidated: node_modules\nCompleted.\n\u2717 build failed with exit code 26\n\u2713 test completed\nLayer 2/12: RUN command\nyarn add: Done in 9.11s\nStep 12/21: Building\nUsing Python 3.10\nNODE_ENV=production\n[12:51:36] WARN: Deprecated API usage\nnpm notice: package.json updated\nCache saved successfully\nnpm notice: package.json updated\nTest Suites: 11 passed, 26 total\nPOST /upload - 201 (154ms)\nLayer 8/15: COPY command\nCompiling utils/utils.go...\nFinished.\nCompiling lib/utils.go...\n[12:51:36] INFO: Connecting to database\nFetching submodules...\nCache restored successfully (22MB)\nGenerating source maps...\nWARNING: eslint has known vulnerabilities\n[12:51:36] WARN: Deprecated API usage\nPOST /data - 202 (451ms)\nInstalling webpack@2.20.1\nnpm install: added 150 packages\npip: Downloading prettier-4.14.tar.gz\nLoading...\n[12:51:36] DEBUG: Memory usage: 1866MB\nCompleted.\nDone.\nAlready up to date.\n=== Step upload_artifacts completed ===\n=== Step: integration_tests ===\nStep 13/25: Testing\nException: RuntimeError\nTLS handshake completed\n[12:51:36] ERROR: Connection failed\nCoverage: 93% statements, 84% branches\nBundling runtime.js\nProcessing...\nBundling vendor.js\n[12:51:36] INFO: Request completed\n[12:51:36] WARN: Deprecated API usage\nCompiling src/handler.rs...\nOptimizing 81 modules...\npip install: Successfully installed eslint-2.19\nBuilding Docker image...\nSnapshots: 33 passed, 34 total\nCache hit for key-3937\nCache saved successfully\n[12:51:36] INFO: Cache refreshed\nFetching from https://npmjs.org/package.json\nOptimizing 48 modules...\nCompiling utils/service.java...\nyarn add: Done in 16.44s\nArtifact uploaded: build.tar.gz (37MB)\n\u26a0 DEPRECATION: Feature will be removed in v3.0\nConnection established\npip: Collecting express\nWARNING: jest has known vulnerabilities\nChecking out master branch\nFetching submodules...\nStep 12/18: Testing\nException: ValueError\nOptimizing 24 modules...\nArtifact downloaded: 28MB\n[12:51:36] INFO: Starting build process\nFAILED: test_cache_hit\n[12:51:36] INFO: Request completed\n[12:51:36] INFO: Processing request\nProcessing...\nCompiling lib/main.py...\nnpm install: resolved 1789 packages\nStep 7/17: Deploying\n[12:51:36] DEBUG: Initializing service\n\u2713 Step 'test' succeeded\nCompiling utils/main.py...\nUsing Node.js 18.13.0\npip install: Successfully installed prettier-3.3\n\u2713 build completed\nGET /health - 201 (70ms)\nGenerating source maps...\nSuccess!\nLoading...\nCache invalidated: build\nnpm install: resolved 1019 packages\nTLS handshake completed\n\u2713 Step 'install' succeeded\nCompiling lib/app.ts...\nGenerating source maps...\nnpm notice: package.json updated\nnpm install: resolved 712 packages\npip: Downloading webpack-2.13.tar.gz\nCompiling lib/app.ts...\nTest Suites: 33 passed, 26 total\nCache restored successfully (209MB)\n\u26a0 DEPRECATION: Feature will be removed in v5.0\nOK\nFetching submodules...\n  PASS: test_auth_login (266ms)\nFetching from https://github.com/package.json\nGenerating source maps...\nCompiling src/index.js...\n[12:51:36] ERROR: Connection failed\nSuccess!\nPlatform: linux-x64\nnpm install: resolved 1211 packages\npip: Installing build dependencies...\nCompiling src/utils.go...\nStep 7/18: Installing dependencies\nnpm notice: package.json updated\nTLS handshake completed\nTLS handshake completed\nReady.\nGET /api - 204 (3ms)\n[12:51:36] DEBUG: Connection pool: 15 active\nFAILED: test_db_connect\nReady.\nSwitched to branch 'bugfix/task-787'\nnpm notice: package.json updated\nCoverage: 90% statements, 84% branches\nPlatform: linux-x64\nHEAD is now at 18e442e\nArtifact downloaded: 34MB\nTransforming 727 files...\nUsing Python 3.9\nPOST /upload - 201 (98ms)\nCompleted.\nFetching from https://googleapis.com/package.json\n[12:51:36] DEBUG: Connection pool: 10 active\nProcessing...\nnpm install: added 468 packages\nStep 4/23: Testing\nFetching from https://npmjs.org/package.json\n\u26a0 DEPRECATION: Feature will be removed in v5.0\nCompiling src/app.ts...\n[12:51:36] INFO: Request completed\nCache restored successfully (133MB)\npip: Installing build dependencies...\nCache saved successfully\nArtifact uploaded: dist.zip (48MB)\n\u26a0 DEPRECATION: Feature will be removed in v2.0\n[12:51:36] DEBUG: Loading configuration\n[12:51:36] INFO: Starting build process\n[12:51:36] INFO: Starting build process\npip: Downloading axios-1.11.tar.gz\nBuilding Docker image...\n[12:51:36] DEBUG: Loading configuration\nConnection established\nyarn add: Done in 21.39s\n[12:51:36] WARN: Deprecated API usage\nPlatform: darwin-arm64\nCompiling components/app.ts...\n[12:51:36] WARN: Deprecated API usage\nCache restored successfully (372MB)\nnpm notice: created a lockfile\nStep 10/17: Building\nyarn add: Done in 24.14s\nTLS handshake completed\nnpm install: resolved 929 packages\nFetching submodules...\nMinifying main.js\nChecking out develop branch\nnpm notice: package.json updated\n[12:51:36] INFO: Cache refreshed\nFetching submodules...\npip: Downloading express-4.18.tar.gz\nEnvironment: test\nCompleted.\nFetching submodules...\nCoverage: 70% statements, 67% branches\nyarn add: Done in 4.58s\nException: NullPointerException\n  PASS: integration/test_cache_hit.spec.js\nGET /status - 201 (3ms)\npip install: Successfully installed react-2.16\nStep 2/20: Deploying\npip install: Successfully installed react-1.3\nNODE_ENV=production\n[12:51:36] DEBUG: Query executed in 17ms\npip install: Successfully installed axios-3.7\n[12:51:36] INFO: Request completed\nWARNING: webpack has known vulnerabilities\nGenerating source maps...\nVerifying...\nWaiting...\nnpm notice: created a lockfile\nCoverage: 88% statements, 68% branches\nPulling image: python:3.11\nnpm install: resolved 1177 packages\nUsing Python 3.11\nWARNING: jest has known vulnerabilities\nPlatform: win32-x64\n[12:51:36] INFO: Connecting to database\nRan 51 tests in 47s\nTime: 10.81s\nnpm notice: package.json updated\npip: Collecting react\nReady.\npip: Installing build dependencies...\nAlready up to date.\nnpm notice: created a lockfile\nnpm install: added 422 packages\nMinifying main.js\nCache hit for key-7977\nTests: 280 passed, 245 total\n[12:51:36] DEBUG: Memory usage: 912MB\nCreating production build...\nPOST /data - 202 (474ms)\n\u2713 All checks passed\nStep 4/24: Testing\nOK\n=== Step integration_tests completed ===\n=== Step: unit_tests ===\nStep 12/18: Linting\n[12:51:36] WARN: Deprecated API usage\npip: Collecting jest\nGenerating source maps...\nSnapshots: 34 passed, 5 total\n  PASS: test_user_create (368ms)\nCompiling lib/handler.rs...\n\u2713 Step 'checkout' succeeded\nProcessing...\n[12:51:36] DEBUG: Loading configuration\nInstalling prettier@1.8.9\nInstalling eslint@3.16.1\nyarn add: Done in 1.87s\nEnvironment: development\nHEAD is now at a9a2562\nChecking out master branch\npip: Downloading eslint-2.4.tar.gz\nTests: 494 passed, 386 total\nArtifact uploaded: build.tar.gz (45MB)\nBuilding Docker image...\nAlready up to date.\nyarn add: Done in 2.37s\nCreating production build...\n[12:51:36] WARN: Deprecated API usage\nProcessing...\nConnection established\nSuccess!\n[12:51:36] DEBUG: Initializing service\nRan 71 tests in 31s\nTime: 29.442s\nArtifact downloaded: 23MB\nOptimizing 57 modules...\nCache saved successfully\nPulling image: python:3.11\nBundling styles.js\nStep 12/16: Building\n[12:51:36] WARN: Deprecated API usage\nHEAD is now at 0773001\nArtifact uploaded: dist.zip (79MB)\nWaiting...\nReady.\npip install: Successfully installed prettier-5.11\nNODE_ENV=production\nVerifying...\nConnection established\nSuccess!\nGET /status - 200 (36ms)\n\u26a0 DEPRECATION: Feature will be removed in v4.0\nAlready up to date.\nStep 15/24: Building\nTime: 49.601s\nArtifact uploaded: dist.zip (96MB)\nStep 16/18: Running migrations\npip: Installing build dependencies...\nLoading...\n[12:51:36] WARN: Deprecated API usage\nStep 2/24: Building\nSwitched to branch 'bugfix/task-318'\nStep 19/21: Deploying\nSuccess!\nTransforming 432 files...\nLayer 2/8: ENV command\nWARNING: jest has known vulnerabilities\nCache invalidated: build\nCompleted.\nSuccess!\nTime: 99.393s\nCache miss for key-8639\nCoverage: 79% statements, 91% branches\nWARNING: lodash has known vulnerabilities\n\u2713 Step 'test' succeeded\nStep 9/20: Testing\nArtifact downloaded: 10MB\nFAILED: test_auth_login\nCreating production build...\nWARNING: express has known vulnerabilities\nCoverage: 80% statements, 72% branches\n\u2713 All checks passed\nCoverage: 81% statements, 60% branches\nStep 16/16: Running migrations\n[12:51:36] INFO: Processing request\nVerifying...\n[12:51:36] WARN: Deprecated API usage\nPlatform: linux-x64\nCache restored successfully (126MB)\nCompiling utils/utils.go...\n[12:51:36] DEBUG: Loading configuration\nOptimizing 85 modules...\nBundling main.css\nTLS handshake completed\nSwitched to branch 'bugfix/task-258'\nOK\nNODE_ENV=development\nCoverage: 84% statements, 80% branches\nnpm install: added 249 packages\nLayer 2/14: RUN command\n[12:51:36] WARN: Deprecated API usage\nTransforming 321 files...\nProcessing...\nLoading...\nUsing Node.js 17.10.0\nPulling image: python:latest\nGET /status - 201 (67ms)\n\u2713 deploy completed\nFinished.\nUploading artifact 'coverage' (40 files)\nCompiling components/handler.rs...\n[12:51:36] DEBUG: Query executed in 15ms\nGenerating source maps...\nStep 19/24: Linting\nPulling image: node:latest\nPlatform: win32-x64\nnpm install: added 219 packages\n  PASS: test_user_create (240ms)\n[12:51:36] DEBUG: Loading configuration\nTime: 13.527s\nGET /health - 204 (5ms)\n[12:51:36] ERROR: Connection failed\nRan 75 tests in 26s\nArtifact uploaded: dist.zip (8MB)\nGET /health - 200 (46ms)\nFetching from https://registry.npmjs.org/package.json\n[12:51:36] DEBUG: Query executed in 39ms\nCompiling src/index.js...\nFinished.\n[12:51:36] WARN: Deprecated API usage\nnpm notice: package.json updated\nnpm install: resolved 156 packages\nWaiting...\nStep 5/18: Deploying\nChecking out main branch\nStep 10/19: Linting\nPulling image: alpine:latest\nnpm notice: package.json updated\nPushing to registry...\nAlready up to date.\nStep 2/22: Installing dependencies\n[12:51:36] WARN: Deprecated API usage\nUsing Node.js 16.1.1\nOptimizing 12 modules...\nSuccess!\nLayer 1/13: RUN command\nHEAD is now at ee9c1e3\nCache restored successfully (129MB)\nFetching submodules...\n[12:51:36] INFO: Request completed\n[12:51:36] ERROR: Connection failed\nMinifying app.js\n\u2713 All checks passed\nFinished.\nArtifact downloaded: 36MB\nHEAD is now at bf8ed5a\nUsing Python 3.12\nStep 1/21: Testing\nnpm notice: package.json updated\npip: Collecting webpack\nWARNING: express has known vulnerabilities\nCompiling utils/app.ts...\nCompiling utils/utils.go...\nnpm notice: package.json updated\nWaiting...\nStep 7/23: Linting\nRan 164 tests in 54s\nImage pulled successfully\n\u2713 Step 'checkout' succeeded\n[12:51:36] INFO: Cache refreshed\n[12:51:36] INFO: Connecting to database\nArtifact uploaded: build.tar.gz (12MB)\nPlatform: linux-x64\nGET /api - 204 (93ms)\nCache saved successfully\nNODE_ENV=test\nStep 12/17: Linting\nUploading artifact 'dist' (15 files)\n\u2713 Task completed in 1689ms\nPlatform: win32-x64\n[12:51:36] INFO: Connecting to database\n[12:51:36] DEBUG: Connection pool: 13 active\nStep 11/25: Building\n=== Step unit_tests completed ===\n=== Step: deploy_production ===\nCompleted.\nTest Suites: 33 passed, 8 total\n[12:51:36] WARN: Deprecated API usage\n[12:51:36] INFO: Processing request\n[12:51:36] INFO: Request completed\nCache invalidated: dependencies\nCompiling src/handler.rs...\nUsing Python 3.12\nSuccess!\nSwitched to branch 'feature/task-485'\nTests: 222 passed, 56 total\n[12:51:36] DEBUG: Loading configuration\nnpm notice: created a lockfile\npip: Downloading express-3.1.tar.gz\nChecking out develop branch\nPlatform: linux-x64\nSwitched to branch 'bugfix/task-849'\nnpm install: resolved 204 packages\nSnapshots: 20 passed, 8 total\nWARNING: eslint has known vulnerabilities\n\u2713 build completed\nCache hit for key-1984\n[12:51:36] DEBUG: Memory usage: 199MB\nCache saved successfully\n\u2713 lint completed\n[12:51:36] ERROR: Connection failed\nCompleted.\nEnvironment: development\nBuilding Docker image...\n\u26a0 DEPRECATION: Feature will be removed in v3.0\nTransforming 988 files...\nTest Suites: 45 passed, 8 total\nWARNING: lodash has known vulnerabilities\nArtifact uploaded: dist.zip (50MB)\n\u2713 build completed\npip: Collecting jest\nCache miss for key-8973\nNODE_ENV=production\npip: Collecting express\n\u26a0 DEPRECATION: Feature will be removed in v3.0\n[12:51:36] INFO: Request completed\nCompiling lib/app.ts...\n[12:51:36] WARN: Deprecated API usage\nCompiling src/index.js...\nFAILED: test_user_create\n  PASS: test_cache_hit (337ms)\nPOST /api - 200 (48ms)\nRan 128 tests in 58s\nnpm install: resolved 1503 packages\nHEAD is now at 6d40cfa\nPulling image: node:latest\nImage pulled successfully\nPulling image: alpine:latest\n[12:51:36] INFO: Processing request\nStep 12/23: Building\nInstalling lodash@4.14.4\nCompiling src/utils.go...\nException: NullPointerException\nTransforming 396 files...\n[12:51:36] INFO: Starting build process\n[12:51:36] WARN: Deprecated API usage\nFetching from https://npmjs.org/package.json\n  PASS: test_api_health (184ms)\nCache invalidated: node_modules\nnpm install: added 52 packages\nTest Suites: 8 passed, 14 total\n  PASS: test_user_create (4ms)\n[12:51:36] WARN: Deprecated API usage\nCache saved successfully\nCompiling components/app.ts...\nTests: 98 passed, 488 total\nWARNING: webpack has known vulnerabilities\nnpm notice: package.json updated\nImage pulled successfully\nTime: 80.843s\npip: Downloading webpack-3.7.tar.gz\npip: Downloading lodash-4.16.tar.gz\nCompiling lib/main.py...\nRan 86 tests in 11s\n[12:51:36] DEBUG: Query executed in 64ms\nException: RuntimeError\nFetching submodules...\nArtifact downloaded: 38MB\n\u2713 Step 'build' succeeded\nStep 12/25: Testing\nCompleted.\nCache restored successfully (152MB)\nCache invalidated: build\nTest Suites: 33 passed, 10 total\n\u2713 All checks passed\nCache invalidated: node_modules\nArtifact downloaded: 21MB\nFetching submodules...\nTest Suites: 17 passed, 32 total\nStep 13/19: Testing\nGenerating source maps...\nnpm install: resolved 946 packages\nTime: 101.307s\nnpm install: added 456 packages\npip: Collecting lodash\n[12:51:36] DEBUG: Connection pool: 13 active\n[12:51:36] INFO: Processing request\n[12:51:36] DEBUG: Query executed in 46ms\n[12:51:36] INFO: Processing request\nWARNING: eslint has known vulnerabilities\n[12:51:36] INFO: Connecting to database\nCache miss for key-5786\nTransforming 944 files...\nHEAD is now at 7635923\n[12:51:36] INFO: Connecting to database\nWARNING: lodash has known vulnerabilities\nPulling image: alpine:latest\n[12:51:36] WARN: Deprecated API usage\n\u26a0 DEPRECATION: Feature will be removed in v3.0\nTests: 276 passed, 411 total\nPOST /upload - 201 (247ms)\nPlatform: darwin-arm64\nWaiting...\n\u26a0 DEPRECATION: Feature will be removed in v2.0\nStep 5/23: Testing\nTLS handshake completed\npip: Collecting eslint\nBundling runtime.css\nCache miss for key-9104\nArtifact downloaded: 33MB\nnpm install: added 480 packages\nTLS handshake completed\n[12:51:36] DEBUG: Initializing service\n[12:51:36] INFO: Starting build process\nCompiling lib/service.java...\nCompiling utils/main.py...\nCompiling utils/main.py...\nHEAD is now at 4d352de\nMinifying vendor.js\nDone.\n\u2713 test completed\n[12:51:36] INFO: Connecting to database\nRan 64 tests in 1s\nBundling main.css\nSuccess!\nSuccess!\nPlatform: win32-x64\nStep 6/17: Running migrations\nArtifact uploaded: dist.zip (24MB)\nCompiling lib/handler.rs...\n\u26a0 DEPRECATION: Feature will be removed in v4.0\nSuccess!\nPOST /upload - 201 (87ms)\n\u2713 Step 'checkout' succeeded\nStep 10/15: Installing dependencies\nFetching submodules...\nTests: 341 passed, 225 total\nCompiling utils/main.py...\nArtifact downloaded: 11MB\n\u2713 Step 'checkout' succeeded\nLoading...\nOK\nStep 16/21: Linting\n\u2713 All checks passed\n  PASS: e2e/test_auth_login.spec.js\n[12:51:36] ERROR: Connection failed\nCoverage: 80% statements, 100% branches\n\u2713 Step 'setup' succeeded\nMinifying vendor.js\nnpm install: added 120 packages\n\u2713 Step 'install' succeeded\nException: NullPointerException\n\u2713 Task completed in 3521ms\n[12:51:36] DEBUG: Connection pool: 6 active\nSuccess!\nWARNING: webpack has known vulnerabilities\nBundling main.css\nCache miss for key-1709\n  PASS: test_cache_hit (497ms)\nPulling image: alpine:3.11\nCompiling lib/service.java...\nOK\n[12:51:36] WARN: Deprecated API usage\n[12:51:36] DEBUG: Memory usage: 1345MB\n=== Step deploy_production completed ===\n=== Step: install_dependencies ===\n  PASS: test_auth_login (461ms)\nHEAD is now at a71cac0\nnpm install: resolved 582 packages\n[12:51:36] DEBUG: Loading configuration\nGET /status - 201 (98ms)\nReady.\n\u26a0 DEPRECATION: Feature will be removed in v4.0\nCoverage: 79% statements, 88% branches\nStep 8/23: Running migrations\nNODE_ENV=test\nTime: 63.240s\n[12:51:36] DEBUG: Loading configuration\n\u2713 Task completed in 1281ms\nStep 5/22: Running migrations\nException: RuntimeError\nFAILED: test_user_create\nTransforming 503 files...\nStep 16/22: Installing dependencies\nnpm notice: package.json updated\nCoverage: 90% statements, 92% branches\nCompiling utils/utils.go...\nFetching submodules...\nyarn add: Done in 13.84s\nCompiling components/main.py...\nNODE_ENV=production\nUploading artifact 'build' (19 files)\nGET /health - 204 (71ms)\nCache invalidated: build\n[12:51:36] INFO: Cache refreshed\n[12:51:36] DEBUG: Query executed in 78ms\nnpm notice: package.json updated\nSuccess!\n[12:51:36] DEBUG: Connection pool: 14 active\nFetching submodules...\nTests: 197 passed, 311 total\n[12:51:36] INFO: Request completed\n\u26a0 DEPRECATION: Feature will be removed in v4.0\nBuilding Docker image...\nCompleted.\n\u2713 All checks passed\nReady.\npip: Installing build dependencies...\nWaiting...\nGenerating source maps...\nWARNING: lodash has known vulnerabilities\nGenerating source maps...\nBundling vendor.js\nOK\n\u2713 All checks passed\nTime: 30.846s\nCompiling src/index.js...\n[12:51:36] INFO: Processing request\nInstalling express@5.19.2\nCoverage: 94% statements, 77% branches\nPulling image: node:latest\n[12:51:36] DEBUG: Initializing service\nStep 6/24: Testing\nGET /health - 201 (45ms)\nLayer 8/9: ENV command\nPushing to registry...\nArtifact downloaded: 14MB\n\u2713 Step 'install' succeeded\nUsing Node.js 16.14.2\nChecking out develop branch\n[12:51:36] INFO: Request completed\nTest Suites: 34 passed, 48 total\nReady.\nCache miss for key-1087\nStep 3/16: Linting\nOK\n[12:51:36] WARN: Deprecated API usage\nException: RuntimeError\nUsing Python 3.10\nStep 7/19: Deploying\nConnection established\n[12:51:36] INFO: Cache refreshed\nNODE_ENV=development\nPlatform: linux-x64\nMinifying main.js\nGenerating source maps...\nCache miss for key-1644\n[12:51:36] INFO: Cache refreshed\npip: Collecting eslint\nWARNING: prettier has known vulnerabilities\nWaiting...\nPushing to registry...\nCache restored successfully (198MB)\n[12:51:36] WARN: Deprecated API usage\nConnection established\n\u2713 build completed\npip: Collecting prettier\n[12:51:36] INFO: Request completed\nStep 18/22: Installing dependencies\nPlatform: darwin-arm64\nStep 12/19: Linting\n  PASS: unit/test_auth_login.spec.js\nMinifying main.js\nBundling vendor.js\nArtifact downloaded: 9MB\nCoverage: 83% statements, 78% branches\nOK\nLayer 9/11: ENV command\nWaiting...\nGenerating source maps...\nTransforming 628 files...\nWARNING: jest has known vulnerabilities\npip: Downloading prettier-4.0.tar.gz\nAlready up to date.\nRan 92 tests in 33s\nProcessing...\nnpm notice: created a lockfile\nBuilding Docker image...\nPlatform: linux-x64\nUsing Node.js 16.9.10\n[12:51:36] INFO: Request completed\nFetching from https://github.com/package.json\nCompleted.\nInstalling axios@1.18.7\nArtifact downloaded: 8MB\nStep 3/15: Installing dependencies\nnpm notice: package.json updated\nnpm notice: created a lockfile\nChecking out main branch\nStep 13/16: Running migrations\nCompiling lib/service.java...\nFinished.\nPulling image: alpine:3.11\nStep 14/21: Deploying\nCache hit for key-8083\nStep 7/25: Building\nVerifying...\n  PASS: unit/test_db_connect.spec.js\nCompiling utils/handler.rs...\n[12:51:36] WARN: Deprecated API usage\n\u2717 build failed with exit code 38\nWARNING: react has known vulnerabilities\nPushing to registry...\nBuilding Docker image...\nImage pulled successfully\nTests: 171 passed, 88 total\nArtifact uploaded: dist.zip (3MB)\nLoading...\nPlatform: win32-x64\nPlatform: win32-x64\npip: Downloading eslint-3.13.tar.gz\nTest Suites: 24 passed, 11 total\nCompiling components/service.java...\nArtifact uploaded: dist.zip (16MB)\nOptimizing 96 modules...\nStep 12/21: Running migrations\nPOST /data - 202 (163ms)\n[12:51:36] INFO: Connecting to database\nInstalling express@5.20.10\nImage pulled successfully\n\u2713 Task completed in 2856ms\nnpm install: resolved 1666 packages\nTests: 362 passed, 81 total\nnpm install: added 214 packages\nLoading...\n\u2713 test completed\nUploading artifact 'dist' (21 files)\n\u2713 All checks passed\nStep 20/19: Installing dependencies\n\u2713 deploy completed\nGenerating source maps...\n[12:51:36] INFO: Processing request\nVerifying...\nStep 9/22: Building\n[12:51:36] ERROR: Connection failed\nCache miss for key-2191\nCache invalidated: node_modules\n\u26a0 DEPRECATION: Feature will be removed in v5.0\n\u26a0 DEPRECATION: Feature will be removed in v3.0\nTime: 21.451s\n[12:51:36] DEBUG: Loading configuration\nGET /health - 200 (47ms)\npip: Installing build dependencies...\nCompiling components/handler.rs...\nFinished.\n=== Step install_dependencies completed ===\n=== Step: restore_cache ===\npip install: Successfully installed eslint-1.10\nCache saved successfully\nCache miss for key-5891\nTime: 90.376s\nPOST /data - 200 (488ms)\n[12:51:36] INFO: Processing request\n[12:51:36] WARN: Deprecated API usage\nCompiling utils/service.java...\nnpm install: added 276 packages\n\u26a0 DEPRECATION: Feature will be removed in v2.0\nStep 11/20: Running migrations\nWaiting...\nnpm notice: package.json updated\n[12:51:36] INFO: Connecting to database\n\u2713 Task completed in 4850ms\nNODE_ENV=test\nMinifying main.js\nLayer 8/8: RUN command\nCoverage: 93% statements, 68% branches\nArtifact downloaded: 44MB\n[12:51:36] INFO: Connecting to database\nDone.\nWaiting...\nFAILED: test_user_create\nLayer 3/9: ENV command\nTest Suites: 26 passed, 39 total\nCache restored successfully (251MB)\nCache restored successfully (135MB)\n\u26a0 DEPRECATION: Feature will be removed in v5.0\nNODE_ENV=development\nyarn add: Done in 28.66s\nRan 192 tests in 26s\nUsing Node.js 16.15.4\nyarn add: Done in 26.99s\nCompiling lib/app.ts...\n[12:51:36] DEBUG: Memory usage: 172MB\nnpm install: added 294 packages\n  PASS: test_db_connect (351ms)\nCompiling lib/main.py...\nCompleted.\nBuilding Docker image...\nArtifact downloaded: 44MB\n  PASS: test_auth_login (413ms)\nLayer 7/11: COPY command\nStep 1/20: Testing\nnpm notice: package.json updated\nCoverage: 74% statements, 98% branches\nPushing to registry...\nPlatform: darwin-arm64\n[12:51:36] WARN: Deprecated API usage\nReady.\nHEAD is now at 527035a\nnpm install: added 468 packages\n\u2717 build failed with exit code 8\nOK\nStep 12/21: Running migrations\nDone.\n\u2717 build failed with exit code 29\npip install: Successfully installed eslint-4.6\nFAILED: test_api_health\n\u2713 Step 'build' succeeded\n[12:51:36] DEBUG: Loading configuration\n  PASS: integration/test_user_create.spec.js\n  PASS: test_db_connect (314ms)\nSwitched to branch 'feature/task-955'\n[12:51:36] DEBUG: Memory usage: 1279MB\nWARNING: express has known vulnerabilities\nTransforming 212 files...\nVerifying...\nConnection established\nCompiling utils/handler.rs...\n\u2713 build completed\nLayer 8/10: COPY command\nPlatform: linux-x64\n\u26a0 DEPRECATION: Feature will be removed in v4.0\nOK\n\u2713 Step 'setup' succeeded\nBuilding Docker image...\nCompiling lib/handler.rs...\nWARNING: jest has known vulnerabilities\nMinifying app.js\n[12:51:36] WARN: Deprecated API usage\n[12:51:36] WARN: Deprecated API usage\nStep 5/15: Installing dependencies\nTest Suites: 10 passed, 27 total\nDone.\nStep 2/21: Running migrations\nFAILED: test_auth_login\nnpm notice: package.json updated\nUploading artifact 'build' (32 files)\nStep 11/18: Testing\nArtifact downloaded: 21MB\nCompiling utils/main.py...\nWARNING: express has known vulnerabilities\nTest Suites: 10 passed, 29 total\nCompiling lib/handler.rs...\nCompiling components/utils.go...\nLayer 8/8: COPY command\nArtifact downloaded: 33MB\nUploading artifact 'coverage' (36 files)\nCache miss for key-1451\nWARNING: webpack has known vulnerabilities\n[12:51:36] WARN: Deprecated API usage\nArtifact uploaded: build.tar.gz (4MB)\nPushing to registry...\n\u26a0 DEPRECATION: Feature will be removed in v3.0\nyarn add: Done in 2.53s\n[12:51:36] INFO: Cache refreshed\nSnapshots: 39 passed, 15 total\nCompleted.\nCache hit for key-9826\nWaiting...\n[12:51:36] INFO: Request completed\npip: Installing build dependencies...\nWARNING: express has known vulnerabilities\nLoading...\nTests: 182 passed, 481 total\n[12:51:36] DEBUG: Connection pool: 3 active\nHEAD is now at 96df7fe\n\u26a0 DEPRECATION: Feature will be removed in v5.0\nTest Suites: 35 passed, 26 total\nCache saved successfully\nRan 92 tests in 4s\nStep 6/19: Running migrations\nRan 102 tests in 4s\nFetching from https://gcr.io/package.json\nPushing to registry...\nChecking out master branch\n\u2713 Step 'test' succeeded\n\u2713 validate completed\nTests: 174 passed, 493 total\nInstalling axios@4.6.7\nPOST /api - 200 (114ms)\nDone.\nSuccess!\nSnapshots: 43 passed, 44 total\nTests: 231 passed, 313 total\nCache invalidated: dependencies\nPushing to registry...\nCache miss for key-4071\nWARNING: express has known vulnerabilities\n[12:51:36] DEBUG: Connection pool: 13 active\nWaiting...\nSnapshots: 0 passed, 0 total\nArtifact uploaded: build.tar.gz (14MB)\nLoading...\nPOST /api - 202 (354ms)\nFetching from https://googleapis.com/package.json\nSwitched to branch 'bugfix/task-648'\nUsing Node.js 14.6.4\nLayer 7/11: COPY command\nStep 15/15: Running migrations\nAlready up to date.\npip: Installing build dependencies...\nCache miss for key-8807\nCoverage: 98% statements, 97% branches\nSnapshots: 38 passed, 45 total\nStep 5/20: Installing dependencies\nEnvironment: test\nWARNING: lodash has known vulnerabilities\n[12:51:36] WARN: Deprecated API usage\nArtifact uploaded: build.tar.gz (45MB)\nProcessing...\nPlatform: linux-x64\n\u26a0 DEPRECATION: Feature will be removed in v4.0\nPOST /api - 200 (388ms)\nProcessing...\nCache miss for key-4168\n[12:51:36] INFO: Cache refreshed\n[12:51:36] DEBUG: Query executed in 88ms\nHEAD is now at 5caf384\nnpm notice: created a lockfile\nPushing to registry...\nBundling runtime.js\nUploading artifact 'coverage' (5 files)\nOK\n\u26a0 DEPRECATION: Feature will be removed in v2.0\nTest Suites: 48 passed, 21 total\nCache miss for key-6492\n=== Step restore_cache completed ===\n=== Step: setup_node ===\nException: ValueError\nBundling runtime.css\nArtifact uploaded: build.tar.gz (22MB)\nException: RuntimeError\nCache invalidated: dependencies\n[12:51:36] INFO: Request completed\n[12:51:36] DEBUG: Loading configuration\nTLS handshake completed\nOK\nNODE_ENV=production\nStep 5/17: Testing\n[12:51:36] DEBUG: Loading configuration\n[12:51:36] INFO: Processing request\nConnection established\nException: RuntimeError\nLoading...\nArtifact uploaded: build.tar.gz (32MB)\n[12:51:36] INFO: Starting build process\n[12:51:36] INFO: Cache refreshed\nChecking out main branch\n[12:51:36] DEBUG: Loading configuration\npip install: Successfully installed express-4.7\n[12:51:36] INFO: Processing request\nDone.\nMinifying app.js\npip: Installing build dependencies...\nEnvironment: staging\nFetching from https://gcr.io/package.json\nCreating production build...\nMinifying main.js\nCoverage: 85% statements, 64% branches\nSnapshots: 18 passed, 45 total\n[12:51:36] INFO: Cache refreshed\n\u2713 Step 'setup' succeeded\n[12:51:36] INFO: Request completed\nStep 3/20: Running migrations\nStep 15/22: Running migrations\n[12:51:36] DEBUG: Query executed in 84ms\nWARNING: lodash has known vulnerabilities\nLayer 6/8: ENV command\nOK\n  PASS: test_api_health (368ms)\n\u2713 test completed\nStep 14/23: Testing\n  PASS: unit/test_auth_login.spec.js\nImage pulled successfully\nCache saved successfully\nCompiling utils/service.java...\nDone.\nTime: 61.989s\nPOST /upload - 202 (155ms)\npip: Downloading lodash-5.17.tar.gz\nGET /status - 200 (27ms)\nSnapshots: 50 passed, 13 total\n  PASS: unit/test_cache_hit.spec.js\n[12:51:36] WARN: Deprecated API usage\nFetching submodules...\nHEAD is now at a294699\n\u2713 Step 'test' succeeded\npip: Downloading eslint-4.3.tar.gz\n[12:51:36] INFO: Cache refreshed\nSnapshots: 38 passed, 21 total\n[12:51:36] INFO: Request completed\npip: Downloading react-4.10.tar.gz\nFinished.\nBundling styles.css\nyarn add: Done in 5.47s\nHEAD is now at b6f768f\nTime: 79.50s\n[12:51:36] INFO: Processing request\n[12:51:36] WARN: Deprecated API usage\nPlatform: darwin-arm64\nnpm install: resolved 1834 packages\n\u26a0 DEPRECATION: Feature will be removed in v3.0\n[12:51:36] DEBUG: Loading configuration\nUsing Node.js 16.14.5\nnpm install: resolved 174 packages\n[12:51:36] WARN: Deprecated API usage\nArtifact downloaded: 44MB\nTests: 435 passed, 197 total\nFinished.\n\u2713 package completed\nTime: 85.617s\nTests: 114 passed, 270 total\nWARNING: prettier has known vulnerabilities\nCache miss for key-2060\n\u2713 Task completed in 4012ms\nnpm notice: created a lockfile\npip: Collecting webpack\n[12:51:36] INFO: Cache refreshed\nConnection established\nWARNING: eslint has known vulnerabilities\nSwitched to branch 'bugfix/task-554'\n\u2717 build failed with exit code 85\nWARNING: axios has known vulnerabilities\npip: Downloading jest-4.12.tar.gz\nCompiling src/handler.rs...\nReady.\nException: NullPointerException\nSwitched to branch 'hotfix/task-461'\n[12:51:36] DEBUG: Loading configuration\nNODE_ENV=test\n\u26a0 DEPRECATION: Feature will be removed in v5.0\nOptimizing 20 modules...\nArtifact uploaded: build.tar.gz (38MB)\nFinished.\nnpm install: added 38 packages\n[12:51:36] INFO: Cache refreshed\n[12:51:36] DEBUG: Loading configuration\n\u2713 All checks passed\nUsing Python 3.10\nEnvironment: development\nVerifying...\npip: Installing build dependencies...\nArtifact downloaded: 17MB\nLoading...\nWARNING: axios has known vulnerabilities\n[12:51:36] INFO: Starting build process\nSwitched to branch 'hotfix/task-518'\nPlatform: win32-x64\nnpm install: added 130 packages\nyarn add: Done in 20.83s\nStep 4/25: Running migrations\npip install: Successfully installed axios-4.4\n[12:51:36] INFO: Processing request\nDone.\nHEAD is now at 12d62a5\npip install: Successfully installed jest-4.2\nCompiling src/main.py...\nRan 90 tests in 46s\nStep 19/15: Testing\nCache invalidated: node_modules\n[12:51:36] DEBUG: Memory usage: 1297MB\nOptimizing 73 modules...\nFetching submodules...\nCompiling src/app.ts...\nProcessing...\n[12:51:36] DEBUG: Initializing service\nChecking out master branch\nCoverage: 78% statements, 62% branches\nCompiling utils/app.ts...\nDone.\nCreating production build...\n\u2713 Task completed in 2650ms\nCompiling src/utils.go...\n[12:51:36] INFO: Connecting to database\nnpm install: resolved 138 packages\n[12:51:36] WARN: Deprecated API usage\nPulling image: alpine:18\nStep 17/25: Building\n\u2713 All checks passed\nUsing Python 3.11\n\u2717 build failed with exit code 101\nReady.\npip: Downloading prettier-1.11.tar.gz\nVerifying...\nOptimizing 67 modules...\nCreating production build...\nException: TypeError\nWARNING: axios has known vulnerabilities\nTransforming 105 files...\n[12:51:36] DEBUG: Connection pool: 16 active\nCompiling lib/main.py...\nArtifact uploaded: dist.zip (20MB)\n[12:51:36] WARN: Deprecated API usage\npip: Collecting jest\n\u2713 Task completed in 2407ms\nRan 124 tests in 6s\nHEAD is now at 3d19da6\nTime: 27.991s\n\u2717 build failed with exit code 32\nCompiling lib/index.js...\nCompiling utils/utils.go...\nStep 14/19: Running migrations\nGET /status - 201 (57ms)\nNODE_ENV=test\nArtifact downloaded: 41MB\n\u2713 Task completed in 2040ms\nnpm notice: package.json updated\n=== Step setup_node completed ===\n=== Step: deploy_staging ===\nLayer 2/8: ENV command\nCache restored successfully (258MB)\nWARNING: lodash has known vulnerabilities\nWaiting...\nConnection established\n[12:51:36] WARN: Deprecated API usage\n[12:51:36] DEBUG: Loading configuration\nArtifact uploaded: dist.zip (15MB)\nBuilding Docker image...\nCompiling utils/utils.go...\nPOST /data - 201 (219ms)\nArtifact uploaded: build.tar.gz (34MB)\npip: Downloading axios-2.4.tar.gz\nEnvironment: development\nUsing Node.js 14.11.10\nnpm install: resolved 1409 packages\nConnection established\nPushing to registry...\n\u2713 Step 'build' succeeded\n\u26a0 DEPRECATION: Feature will be removed in v4.0\nNODE_ENV=test\nWARNING: express has known vulnerabilities\nRan 118 tests in 43s\nyarn add: Done in 22.77s\n\u26a0 DEPRECATION: Feature will be removed in v3.0\nProcessing...\n[12:51:36] DEBUG: Loading configuration\nSuccess!\n[12:51:36] DEBUG: Query executed in 6ms\n\u26a0 DEPRECATION: Feature will be removed in v2.0\n  PASS: test_api_health (411ms)\nGenerating source maps...\nFetching submodules...\nCache miss for key-3443\nGET /health - 200 (72ms)\nOptimizing 12 modules...\n  PASS: unit/test_db_connect.spec.js\nTests: 61 passed, 390 total\nSuccess!\nEnvironment: development\nUsing Node.js 19.16.3\nCache saved successfully\nyarn add: Done in 15.82s\nnpm install: resolved 705 packages\n[12:51:36] DEBUG: Query executed in 94ms\nCompiling lib/service.java...\npip: Collecting react\n\u2713 Task completed in 2018ms\nTime: 29.557s\nTLS handshake completed\nGET /status - 204 (1ms)\nPOST /data - 200 (443ms)\nStep 6/23: Deploying\n[12:51:36] DEBUG: Query executed in 89ms\nOptimizing 37 modules...\n[12:51:36] DEBUG: Loading configuration\nInstalling jest@1.14.6\n[12:51:36] INFO: Processing request\nMinifying main.js\nnpm notice: created a lockfile\n\u2713 All checks passed\nArtifact uploaded: dist.zip (51MB)\nPulling image: node:latest\nSnapshots: 40 passed, 14 total\nCompiling utils/service.java...\nCompiling components/main.py...\nBundling runtime.css\nAlready up to date.\nStep 14/19: Testing\nNODE_ENV=test\n[12:51:36] WARN: Deprecated API usage\nLoading...\n[12:51:36] DEBUG: Loading configuration\nCoverage: 93% statements, 90% branches\nTest Suites: 22 passed, 23 total\nPushing to registry...\nOptimizing 90 modules...\nCache hit for key-8739\nStep 1/20: Deploying\nPushing to registry...\nInstalling webpack@3.19.7\nChecking out main branch\n\u26a0 DEPRECATION: Feature will be removed in v4.0\nTests: 68 passed, 57 total\npip: Installing build dependencies...\nWARNING: webpack has known vulnerabilities\n[12:51:36] WARN: Deprecated API usage\nStep 14/23: Building\nWARNING: react has known vulnerabilities\nFetching submodules...\nMinifying app.js\nCompiling lib/utils.go...\nStep 3/22: Building\nPushing to registry...\nReady.\nBuilding Docker image...\nCompleted.\nCoverage: 76% statements, 92% branches\n[12:51:36] WARN: Deprecated API usage\nFetching submodules...\nCoverage: 83% statements, 63% branches\n[12:51:36] INFO: Connecting to database\nArtifact downloaded: 34MB\nUploading artifact 'coverage' (35 files)\nCompiling components/utils.go...\nImage pulled successfully\nArtifact downloaded: 29MB\n[12:51:36] INFO: Cache refreshed\n  PASS: test_api_health (353ms)\n\u2713 All checks passed\nOptimizing 69 modules...\nMinifying vendor.js\n[12:51:36] WARN: Deprecated API usage\n\u26a0 DEPRECATION: Feature will be removed in v3.0\n[12:51:36] ERROR: Connection failed\npip install: Successfully installed lodash-1.3\n\u26a0 DEPRECATION: Feature will be removed in v5.0\nReady.\n[12:51:36] WARN: Deprecated API usage\nyarn add: Done in 13.98s\npip: Installing build dependencies...\nCompiling src/service.java...\n[12:51:36] INFO: Starting build process\nCompiling lib/main.py...\n\u2713 Task completed in 733ms\nArtifact downloaded: 16MB\nTLS handshake completed\nArtifact uploaded: build.tar.gz (35MB)\n\u26a0 DEPRECATION: Feature will be removed in v2.0\nStep 7/15: Linting\nnpm notice: package.json updated\nOK\npip: Collecting lodash\n[12:51:36] ERROR: Connection failed\nnpm install: resolved 421 packages\nPOST /upload - 200 (422ms)\nCache invalidated: build\nOptimizing 86 modules...\nPlatform: win32-x64\nWaiting...\nnpm install: added 367 packages\npip: Downloading lodash-5.20.tar.gz\npip: Downloading axios-1.2.tar.gz\nCache saved successfully\nGenerating source maps...\nLoading...\n\u2713 test completed\n[12:51:36] WARN: Deprecated API usage\n[12:51:36] INFO: Request completed\nNODE_ENV=development\nUsing Python 3.9\nDone.\nConnection established\n[12:51:36] ERROR: Connection failed\nHEAD is now at 2b3a599\n[12:51:36] INFO: Processing request\nFAILED: test_api_health\nStep 17/17: Linting\n[12:51:36] DEBUG: Connection pool: 19 active\nGET /status - 204 (81ms)\nyarn add: Done in 30.49s\n[12:51:36] INFO: Processing request\nTransforming 547 files...\nChecking out master branch\nDone.\nLoading...\nCache hit for key-4016\n\u2717 build failed with exit code 99\npip: Collecting axios\nCoverage: 99% statements, 82% branches\nOK\n[12:51:36] INFO: Processing request\nStep 10/22: Installing dependencies\nCompiling utils/service.java...\nPOST /api - 201 (194ms)\nSuccess!\nConnection established\nCompiling src/handler.rs...\nCache saved successfully\n=== Step deploy_staging completed ===\n=== Step: save_cache ===\nImage pulled successfully\n[12:51:36] DEBUG: Connection pool: 5 active\n[12:51:36] INFO: Request completed\n[12:51:36] INFO: Processing request\n[12:51:36] DEBUG: Loading configuration\npip: Installing build dependencies...\nStep 18/17: Testing\nPOST /data - 200 (213ms)\nWARNING: react has known vulnerabilities\npip: Collecting jest\nCompiling src/index.js...\nFAILED: test_api_health\nAlready up to date.\nStep 10/17: Deploying\nFetching submodules...\npip: Downloading express-3.6.tar.gz\nArtifact downloaded: 44MB\n[12:51:36] INFO: Request completed\nArtifact uploaded: dist.zip (15MB)\n  PASS: integration/test_user_create.spec.js\n\u26a0 DEPRECATION: Feature will be removed in v5.0\nFinished.\nPushing to registry...\nEnvironment: staging\nCompiling lib/app.ts...\nCache hit for key-5582\nCompiling lib/main.py...\n[12:51:36] INFO: Request completed\npip: Collecting jest\n\u2713 Task completed in 4978ms\nGET /status - 200 (30ms)\nChecking out develop branch\n\u2713 Step 'checkout' succeeded\npip: Downloading axios-1.10.tar.gz\nnpm install: resolved 557 packages\nVerifying...\nUsing Python 3.10\nLayer 5/13: RUN command\nArtifact uploaded: build.tar.gz (6MB)\nOptimizing 52 modules...\nPulling image: python:3.11\n[12:51:36] INFO: Starting build process\nAlready up to date.\nCoverage: 72% statements, 64% branches\nReady.\n[12:51:36] DEBUG: Connection pool: 4 active\n[12:51:36] ERROR: Connection failed\nConnection established\nAlready up to date.\nnpm install: added 81 packages\nnpm notice: package.json updated\n[12:51:36] INFO: Processing request\nHEAD is now at ea97797\nArtifact uploaded: build.tar.gz (26MB)\nMinifying main.js\nArtifact uploaded: dist.zip (36MB)\nWARNING: lodash has known vulnerabilities\n[12:51:36] WARN: Deprecated API usage\nTest Suites: 13 passed, 5 total\nFetching submodules...\n[12:51:36] DEBUG: Initializing service\nOK\n[12:51:36] DEBUG: Loading configuration\nTest Suites: 33 passed, 29 total\n\u2717 build failed with exit code 93\nCache saved successfully\nReady.\nCache saved successfully\n[12:51:36] INFO: Connecting to database\nGenerating source maps...\n\u26a0 DEPRECATION: Feature will be removed in v5.0\nStep 15/16: Linting\nGenerating source maps...\nTests: 315 passed, 443 total\nArtifact downloaded: 9MB\nCompleted.\n  PASS: test_cache_hit (405ms)\npip: Downloading react-2.6.tar.gz\nNODE_ENV=test\nLoading...\n\u2713 deploy completed\n[12:51:36] INFO: Connecting to database\npip install: Successfully installed eslint-1.2\nGET /api - 201 (87ms)\nEnvironment: development\nnpm notice: package.json updated\nCompiling src/service.java...\nArtifact uploaded: build.tar.gz (2MB)\n\u2713 Step 'build' succeeded\n\u26a0 DEPRECATION: Feature will be removed in v2.0\npip: Downloading express-1.0.tar.gz\n[12:51:36] WARN: Deprecated API usage\nVerifying...\nWARNING: prettier has known vulnerabilities\nCompleted.\nSnapshots: 45 passed, 46 total\nStep 4/17: Deploying\nChecking out master branch\nCreating production build...\nPushing to registry...\nPlatform: win32-x64\nStep 3/20: Testing\nWARNING: axios has known vulnerabilities\n[12:51:36] ERROR: Connection failed\nStep 10/20: Linting\n\u2713 Task completed in 3075ms\n\u26a0 DEPRECATION: Feature will be removed in v3.0\nStep 19/23: Building\n[12:51:36] ERROR: Connection failed\n[12:51:36] INFO: Connecting to database\nCoverage: 83% statements, 67% branches\nCreating production build...\npip: Collecting prettier\nStep 18/21: Testing\nImage pulled successfully\nPushing to registry...\npip install: Successfully installed react-2.9\nFetching submodules...\n[12:51:36] INFO: Connecting to database\nTest Suites: 40 passed, 9 total\nTLS handshake completed\n  PASS: test_db_connect (256ms)\nnpm notice: created a lockfile\nSnapshots: 2 passed, 50 total\nHEAD is now at cacaead\nyarn add: Done in 28.62s\nStep 17/23: Installing dependencies\nCompiling lib/handler.rs...\nCompleted.\n[12:51:36] DEBUG: Loading configuration\nTime: 77.586s\nCompiling utils/service.java...\nCompiling components/utils.go...\nCache saved successfully\n[12:51:36] DEBUG: Query executed in 18ms\nVerifying...\nArtifact downloaded: 41MB\nMinifying app.js\nUsing Node.js 19.1.10\nChecking out master branch\nPOST /api - 202 (49ms)\nnpm install: resolved 1901 packages\nTLS handshake completed\n\u2713 build completed\nCache invalidated: build\nSwitched to branch 'hotfix/task-994'\nEnvironment: staging\nInstalling jest@1.14.8\n[12:51:36] DEBUG: Query executed in 67ms\npip: Collecting lodash\nRan 117 tests in 26s\nCache saved successfully\nPlatform: darwin-arm64\nChecking out main branch\nGET /api - 201 (79ms)\nStep 8/25: Installing dependencies\nPOST /upload - 200 (365ms)\nCompiling components/index.js...\n[12:51:36] DEBUG: Initializing service\nStep 1/18: Running migrations\nLayer 8/15: RUN command\nStep 13/25: Installing dependencies\nTest Suites: 14 passed, 9 total\nnpm notice: created a lockfile\nCompiling components/main.py...\nSnapshots: 14 passed, 15 total\nInstalling jest@5.3.4\nFinished.\nTests: 98 passed, 213 total\nTransforming 264 files...\nLayer 1/15: ENV command\nHEAD is now at 6aa9059\nPlatform: win32-x64\npip: Downloading lodash-3.13.tar.gz\n[12:51:36] INFO: Cache refreshed\nConnection established\nReady.\npip: Collecting eslint\nStep 8/22: Testing\n=== Step save_cache completed ===\n=== Step: build ===\nnpm notice: package.json updated\nCoverage: 80% statements, 86% branches\n  PASS: unit/test_api_health.spec.js\nSnapshots: 31 passed, 18 total\nFetching submodules...\nTime: 9.93s\nStep 19/20: Building\nCache saved successfully\nFAILED: test_cache_hit\n  PASS: test_auth_login (438ms)\nSnapshots: 10 passed, 35 total\nTime: 59.191s\nFetching submodules...\nnpm notice: package.json updated\n[12:51:36] WARN: Deprecated API usage\nFetching from https://gcr.io/package.json\npip: Installing build dependencies...\nChecking out master branch\nFetching from https://gcr.io/package.json\n[12:51:36] INFO: Starting build process\nPOST /upload - 202 (304ms)\nStep 14/18: Deploying\nCompiling utils/handler.rs...\nException: RuntimeError\nImage pulled successfully\nUploading artifact 'build' (11 files)\n[12:51:36] WARN: Deprecated API usage\nHEAD is now at 96c057c\nArtifact downloaded: 7MB\nTest Suites: 22 passed, 47 total\nOK\nOK\n[12:51:36] DEBUG: Memory usage: 506MB\n[12:51:36] DEBUG: Initializing service\nFAILED: test_auth_login\n[12:51:36] INFO: Cache refreshed\nSuccess!\nReady.\nFetching from https://docker.io/package.json\n[12:51:36] INFO: Connecting to database\nBuilding Docker image...\nWaiting...\n[12:51:36] DEBUG: Initializing service\nStep 13/25: Installing dependencies\n[12:51:36] DEBUG: Connection pool: 16 active\nCache hit for key-4917\nCompleted.\nWARNING: eslint has known vulnerabilities\n[12:51:36] DEBUG: Initializing service\nWARNING: prettier has known vulnerabilities\nAlready up to date.\nGET /health - 201 (99ms)\nCache invalidated: build\npip install: Successfully installed eslint-2.2\nTest Suites: 34 passed, 29 total\nStep 15/24: Linting\nLoading...\nFetching submodules...\npip: Installing build dependencies...\nArtifact downloaded: 10MB\nCompiling components/main.py...\nConnection established\nArtifact uploaded: dist.zip (57MB)\nFetching submodules...\n[12:51:36] INFO: Processing request\nBuilding Docker image...\nCache restored successfully (452MB)\nCompiling utils/main.py...\n[12:51:36] DEBUG: Query executed in 49ms\nCache restored successfully (130MB)\nProcessing...\nAlready up to date.\nCoverage: 86% statements, 91% branches\nWARNING: jest has known vulnerabilities\npip: Downloading prettier-3.13.tar.gz\nWARNING: react has known vulnerabilities\nCompiling components/utils.go...\nDone.\n\u2713 Step 'install' succeeded\nHEAD is now at cc66490\n[12:51:36] WARN: Deprecated API usage\n[12:51:36] DEBUG: Connection pool: 19 active\nOK\nOK\npip: Installing build dependencies...\npip: Collecting webpack\n[12:51:36] INFO: Connecting to database\nTime: 89.970s\nTime: 106.194s\n[12:51:36] ERROR: Connection failed\nnpm notice: package.json updated\nCache miss for key-2564\n[12:51:36] DEBUG: Loading configuration\nCache restored successfully (445MB)\nSnapshots: 47 passed, 0 total\nCache restored successfully (120MB)\nCompiling lib/utils.go...\nCache saved successfully\nWaiting...\nWARNING: react has known vulnerabilities\n[12:51:36] DEBUG: Query executed in 48ms\n\u26a0 DEPRECATION: Feature will be removed in v2.0\n  PASS: e2e/test_db_connect.spec.js\n[12:51:36] DEBUG: Connection pool: 17 active\nPulling image: python:18\n  PASS: test_api_health (66ms)\nStep 17/15: Deploying\n[12:51:36] INFO: Connecting to database\nReady.\n\u2713 All checks passed\n[12:51:36] DEBUG: Loading configuration\n[12:51:36] INFO: Cache refreshed\nSwitched to branch 'hotfix/task-422'\nWARNING: prettier has known vulnerabilities\npip: Collecting eslint\nPOST /upload - 201 (180ms)\nFetching from https://githubusercontent.com/package.json\n[12:51:36] WARN: Deprecated API usage\nPlatform: linux-x64\n\u26a0 DEPRECATION: Feature will be removed in v4.0\nAlready up to date.\n[12:51:36] INFO: Connecting to database\nPulling image: python:latest\nTests: 304 passed, 267 total\nOptimizing 90 modules...\n\u26a0 DEPRECATION: Feature will be removed in v4.0\nCache invalidated: node_modules\n\u26a0 DEPRECATION: Feature will be removed in v2.0\nCreating production build...\nCache miss for key-5789\nStep 5/17: Installing dependencies\nStep 5/17: Installing dependencies\nUploading artifact 'build' (49 files)\npip install: Successfully installed jest-3.14\nTime: 88.469s\nCompiling components/service.java...\nFAILED: test_auth_login\nyarn add: Done in 6.80s\n[12:51:36] DEBUG: Memory usage: 773MB\nCache saved successfully\n[12:51:36] DEBUG: Loading configuration\nStep 17/17: Running migrations\n\u2713 Step 'checkout' succeeded\nLoading...\n\u26a0 DEPRECATION: Feature will be removed in v4.0\nStep 4/25: Installing dependencies\npip: Installing build dependencies...\nFetching submodules...\nnpm notice: created a lockfile\nTLS handshake completed\nSwitched to branch 'feature/task-979'\n[12:51:36] DEBUG: Query executed in 90ms\nWARNING: jest has known vulnerabilities\nCreating production build...\nCompleted.\nGET /status - 204 (46ms)\nSwitched to branch 'bugfix/task-972'\nRan 114 tests in 13s\n[12:51:36] INFO: Connecting to database\nConnection established\n[12:51:36] DEBUG: Memory usage: 167MB\nCompiling components/utils.go...\nCache miss for key-6119\nnpm install: resolved 759 packages\n[12:51:36] DEBUG: Initializing service\n[12:51:36] DEBUG: Connection pool: 2 active\nUploading artifact 'coverage' (17 files)\nTest Suites: 31 passed, 11 total\nWARNING: react has known vulnerabilities\nOptimizing 96 modules...\nCompiling utils/app.ts...\nnpm install: resolved 906 packages\nStep 3/20: Building\nProcessing...\nLoading...\nnpm notice: created a lockfile\nWaiting...\nCreating production build...\nFetching submodules...\n=== Step build completed ===",
    "steps": [
      {
        "name": "upload_artifacts",
        "status": "success",
        "started_at": "2025-12-09T12:51:36.595283",
        "finished_at": "2025-12-09T12:51:47.137429",
        "log_lines": [
          "=== Step: upload_artifacts ===",
          "Creating production build...",
          "Finished.",
          "Test Suites: 30 passed, 21 total",
          "Already up to date.",
          "Pushing to registry...",
          "Platform: darwin-arm64",
          "Already up to date.",
          "Time: 72.955s",
          "POST /upload - 202 (294ms)",
          "Minifying vendor.js",
          "Bundling vendor.js",
          "Artifact downloaded: 30MB",
          "Verifying...",
          "Using Python 3.11",
          "[12:51:36] INFO: Starting build process",
          "Compiling utils/main.py...",
          "NODE_ENV=development",
          "Already up to date.",
          "OK",
          "[12:51:36] DEBUG: Connection pool: 14 active",
          "Using Python 3.9",
          "\u2713 Step 'install' succeeded",
          "Uploading artifact 'build' (4 files)",
          "TLS handshake completed",
          "Completed.",
          "pip: Collecting lodash",
          "Snapshots: 30 passed, 39 total",
          "[12:51:36] DEBUG: Query executed in 25ms",
          "Test Suites: 36 passed, 22 total",
          "\u26a0 DEPRECATION: Feature will be removed in v2.0",
          "pip: Downloading eslint-1.6.tar.gz",
          "Checking out develop branch",
          "[12:51:36] INFO: Cache refreshed",
          "[12:51:36] DEBUG: Loading configuration",
          "Waiting...",
          "Snapshots: 38 passed, 47 total",
          "\u2713 deploy completed",
          "\u2713 package completed",
          "Cache saved successfully",
          "Platform: darwin-arm64",
          "GET /status - 204 (48ms)",
          "OK",
          "Layer 8/10: RUN command",
          "Compiling src/utils.go...",
          "WARNING: react has known vulnerabilities",
          "Creating production build...",
          "WARNING: lodash has known vulnerabilities",
          "POST /upload - 200 (401ms)",
          "[12:51:36] INFO: Processing request",
          "Completed.",
          "[12:51:36] INFO: Cache refreshed",
          "Time: 101.637s",
          "Compiling src/service.java...",
          "pip: Downloading webpack-5.8.tar.gz",
          "\u26a0 DEPRECATION: Feature will be removed in v2.0",
          "[12:51:36] DEBUG: Connection pool: 11 active",
          "Platform: win32-x64",
          "Coverage: 95% statements, 88% branches",
          "[12:51:36] DEBUG: Memory usage: 1044MB",
          "Checking out master branch",
          "Step 5/16: Testing",
          "FAILED: test_db_connect",
          "Connection established",
          "Ran 190 tests in 23s",
          "Image pulled successfully",
          "[12:51:36] ERROR: Connection failed",
          "[12:51:36] INFO: Processing request",
          "[12:51:36] DEBUG: Query executed in 61ms",
          "Coverage: 75% statements, 72% branches",
          "Step 8/20: Linting",
          "\u2713 All checks passed",
          "Already up to date.",
          "[12:51:36] DEBUG: Query executed in 45ms",
          "Success!",
          "Layer 7/15: ENV command",
          "Exception: NullPointerException",
          "Ready.",
          "Verifying...",
          "Uploading artifact 'build' (25 files)",
          "Layer 6/15: RUN command",
          "Bundling styles.js",
          "[12:51:36] INFO: Cache refreshed",
          "Compiling src/utils.go...",
          "Using Python 3.10",
          "Compiling lib/app.ts...",
          "Generating source maps...",
          "POST /data - 201 (205ms)",
          "Compiling utils/main.py...",
          "  PASS: test_api_health (293ms)",
          "Ready.",
          "Fetching from https://pypi.org/package.json",
          "Waiting...",
          "\u2713 Step 'install' succeeded",
          "Processing...",
          "Finished.",
          "Fetching from https://npmjs.org/package.json",
          "pip: Downloading prettier-2.12.tar.gz",
          "Installing axios@2.3.1",
          "Building Docker image...",
          "Step 3/22: Running migrations",
          "Transforming 214 files...",
          "Compiling lib/utils.go...",
          "Processing...",
          "Cache miss for key-7093",
          "Cache miss for key-5872",
          "Ran 174 tests in 32s",
          "pip: Downloading lodash-5.18.tar.gz",
          "Compiling utils/index.js...",
          "Done.",
          "Finished.",
          "[12:51:36] INFO: Cache refreshed",
          "yarn add: Done in 21.57s",
          "Exception: NullPointerException",
          "Step 5/17: Running migrations",
          "Finished.",
          "yarn add: Done in 29.57s",
          "Success!",
          "Layer 10/9: COPY command",
          "npm install: added 354 packages",
          "Cache hit for key-2731",
          "Cache restored successfully (268MB)",
          "Success!",
          "Loading...",
          "pip: Downloading lodash-4.10.tar.gz",
          "Cache invalidated: node_modules",
          "Transforming 372 files...",
          "Cache saved successfully",
          "[12:51:36] INFO: Connecting to database",
          "GET /api - 201 (81ms)",
          "Test Suites: 12 passed, 14 total",
          "Step 18/18: Running migrations",
          "Using Node.js 16.9.1",
          "Using Node.js 17.6.9",
          "Step 5/16: Linting",
          "Using Node.js 20.2.4",
          "npm notice: package.json updated",
          "TLS handshake completed",
          "[12:51:36] INFO: Request completed",
          "WARNING: axios has known vulnerabilities",
          "\u2713 Step 'install' succeeded",
          "\u26a0 DEPRECATION: Feature will be removed in v3.0",
          "Success!",
          "Finished.",
          "Compiling lib/main.py...",
          "  PASS: e2e/test_cache_hit.spec.js",
          "Cache invalidated: node_modules",
          "Completed.",
          "\u2717 build failed with exit code 26",
          "\u2713 test completed",
          "Layer 2/12: RUN command",
          "yarn add: Done in 9.11s",
          "Step 12/21: Building",
          "Using Python 3.10",
          "NODE_ENV=production",
          "[12:51:36] WARN: Deprecated API usage",
          "npm notice: package.json updated",
          "Cache saved successfully",
          "npm notice: package.json updated",
          "Test Suites: 11 passed, 26 total",
          "POST /upload - 201 (154ms)",
          "Layer 8/15: COPY command",
          "Compiling utils/utils.go...",
          "Finished.",
          "Compiling lib/utils.go...",
          "[12:51:36] INFO: Connecting to database",
          "Fetching submodules...",
          "Cache restored successfully (22MB)",
          "Generating source maps...",
          "WARNING: eslint has known vulnerabilities",
          "[12:51:36] WARN: Deprecated API usage",
          "POST /data - 202 (451ms)",
          "Installing webpack@2.20.1",
          "npm install: added 150 packages",
          "pip: Downloading prettier-4.14.tar.gz",
          "Loading...",
          "[12:51:36] DEBUG: Memory usage: 1866MB",
          "Completed.",
          "Done.",
          "Already up to date.",
          "=== Step upload_artifacts completed ==="
        ]
      },
      {
        "name": "integration_tests",
        "status": "success",
        "started_at": "2025-12-09T12:51:47.137429",
        "finished_at": "2025-12-09T12:52:08.221720",
        "log_lines": [
          "=== Step: integration_tests ===",
          "Step 13/25: Testing",
          "Exception: RuntimeError",
          "TLS handshake completed",
          "[12:51:36] ERROR: Connection failed",
          "Coverage: 93% statements, 84% branches",
          "Bundling runtime.js",
          "Processing...",
          "Bundling vendor.js",
          "[12:51:36] INFO: Request completed",
          "[12:51:36] WARN: Deprecated API usage",
          "Compiling src/handler.rs...",
          "Optimizing 81 modules...",
          "pip install: Successfully installed eslint-2.19",
          "Building Docker image...",
          "Snapshots: 33 passed, 34 total",
          "Cache hit for key-3937",
          "Cache saved successfully",
          "[12:51:36] INFO: Cache refreshed",
          "Fetching from https://npmjs.org/package.json",
          "Optimizing 48 modules...",
          "Compiling utils/service.java...",
          "yarn add: Done in 16.44s",
          "Artifact uploaded: build.tar.gz (37MB)",
          "\u26a0 DEPRECATION: Feature will be removed in v3.0",
          "Connection established",
          "pip: Collecting express",
          "WARNING: jest has known vulnerabilities",
          "Checking out master branch",
          "Fetching submodules...",
          "Step 12/18: Testing",
          "Exception: ValueError",
          "Optimizing 24 modules...",
          "Artifact downloaded: 28MB",
          "[12:51:36] INFO: Starting build process",
          "FAILED: test_cache_hit",
          "[12:51:36] INFO: Request completed",
          "[12:51:36] INFO: Processing request",
          "Processing...",
          "Compiling lib/main.py...",
          "npm install: resolved 1789 packages",
          "Step 7/17: Deploying",
          "[12:51:36] DEBUG: Initializing service",
          "\u2713 Step 'test' succeeded",
          "Compiling utils/main.py...",
          "Using Node.js 18.13.0",
          "pip install: Successfully installed prettier-3.3",
          "\u2713 build completed",
          "GET /health - 201 (70ms)",
          "Generating source maps...",
          "Success!",
          "Loading...",
          "Cache invalidated: build",
          "npm install: resolved 1019 packages",
          "TLS handshake completed",
          "\u2713 Step 'install' succeeded",
          "Compiling lib/app.ts...",
          "Generating source maps...",
          "npm notice: package.json updated",
          "npm install: resolved 712 packages",
          "pip: Downloading webpack-2.13.tar.gz",
          "Compiling lib/app.ts...",
          "Test Suites: 33 passed, 26 total",
          "Cache restored successfully (209MB)",
          "\u26a0 DEPRECATION: Feature will be removed in v5.0",
          "OK",
          "Fetching submodules...",
          "  PASS: test_auth_login (266ms)",
          "Fetching from https://github.com/package.json",
          "Generating source maps...",
          "Compiling src/index.js...",
          "[12:51:36] ERROR: Connection failed",
          "Success!",
          "Platform: linux-x64",
          "npm install: resolved 1211 packages",
          "pip: Installing build dependencies...",
          "Compiling src/utils.go...",
          "Step 7/18: Installing dependencies",
          "npm notice: package.json updated",
          "TLS handshake completed",
          "TLS handshake completed",
          "Ready.",
          "GET /api - 204 (3ms)",
          "[12:51:36] DEBUG: Connection pool: 15 active",
          "FAILED: test_db_connect",
          "Ready.",
          "Switched to branch 'bugfix/task-787'",
          "npm notice: package.json updated",
          "Coverage: 90% statements, 84% branches",
          "Platform: linux-x64",
          "HEAD is now at 18e442e",
          "Artifact downloaded: 34MB",
          "Transforming 727 files...",
          "Using Python 3.9",
          "POST /upload - 201 (98ms)",
          "Completed.",
          "Fetching from https://googleapis.com/package.json",
          "[12:51:36] DEBUG: Connection pool: 10 active",
          "Processing...",
          "npm install: added 468 packages",
          "Step 4/23: Testing",
          "Fetching from https://npmjs.org/package.json",
          "\u26a0 DEPRECATION: Feature will be removed in v5.0",
          "Compiling src/app.ts...",
          "[12:51:36] INFO: Request completed",
          "Cache restored successfully (133MB)",
          "pip: Installing build dependencies...",
          "Cache saved successfully",
          "Artifact uploaded: dist.zip (48MB)",
          "\u26a0 DEPRECATION: Feature will be removed in v2.0",
          "[12:51:36] DEBUG: Loading configuration",
          "[12:51:36] INFO: Starting build process",
          "[12:51:36] INFO: Starting build process",
          "pip: Downloading axios-1.11.tar.gz",
          "Building Docker image...",
          "[12:51:36] DEBUG: Loading configuration",
          "Connection established",
          "yarn add: Done in 21.39s",
          "[12:51:36] WARN: Deprecated API usage",
          "Platform: darwin-arm64",
          "Compiling components/app.ts...",
          "[12:51:36] WARN: Deprecated API usage",
          "Cache restored successfully (372MB)",
          "npm notice: created a lockfile",
          "Step 10/17: Building",
          "yarn add: Done in 24.14s",
          "TLS handshake completed",
          "npm install: resolved 929 packages",
          "Fetching submodules...",
          "Minifying main.js",
          "Checking out develop branch",
          "npm notice: package.json updated",
          "[12:51:36] INFO: Cache refreshed",
          "Fetching submodules...",
          "pip: Downloading express-4.18.tar.gz",
          "Environment: test",
          "Completed.",
          "Fetching submodules...",
          "Coverage: 70% statements, 67% branches",
          "yarn add: Done in 4.58s",
          "Exception: NullPointerException",
          "  PASS: integration/test_cache_hit.spec.js",
          "GET /status - 201 (3ms)",
          "pip install: Successfully installed react-2.16",
          "Step 2/20: Deploying",
          "pip install: Successfully installed react-1.3",
          "NODE_ENV=production",
          "[12:51:36] DEBUG: Query executed in 17ms",
          "pip install: Successfully installed axios-3.7",
          "[12:51:36] INFO: Request completed",
          "WARNING: webpack has known vulnerabilities",
          "Generating source maps...",
          "Verifying...",
          "Waiting...",
          "npm notice: created a lockfile",
          "Coverage: 88% statements, 68% branches",
          "Pulling image: python:3.11",
          "npm install: resolved 1177 packages",
          "Using Python 3.11",
          "WARNING: jest has known vulnerabilities",
          "Platform: win32-x64",
          "[12:51:36] INFO: Connecting to database",
          "Ran 51 tests in 47s",
          "Time: 10.81s",
          "npm notice: package.json updated",
          "pip: Collecting react",
          "Ready.",
          "pip: Installing build dependencies...",
          "Already up to date.",
          "npm notice: created a lockfile",
          "npm install: added 422 packages",
          "Minifying main.js",
          "Cache hit for key-7977",
          "Tests: 280 passed, 245 total",
          "[12:51:36] DEBUG: Memory usage: 912MB",
          "Creating production build...",
          "POST /data - 202 (474ms)",
          "\u2713 All checks passed",
          "Step 4/24: Testing",
          "OK",
          "=== Step integration_tests completed ==="
        ]
      },
      {
        "name": "unit_tests",
        "status": "success",
        "started_at": "2025-12-09T12:52:08.221720",
        "finished_at": "2025-12-09T12:52:39.848157",
        "log_lines": [
          "=== Step: unit_tests ===",
          "Step 12/18: Linting",
          "[12:51:36] WARN: Deprecated API usage",
          "pip: Collecting jest",
          "Generating source maps...",
          "Snapshots: 34 passed, 5 total",
          "  PASS: test_user_create (368ms)",
          "Compiling lib/handler.rs...",
          "\u2713 Step 'checkout' succeeded",
          "Processing...",
          "[12:51:36] DEBUG: Loading configuration",
          "Installing prettier@1.8.9",
          "Installing eslint@3.16.1",
          "yarn add: Done in 1.87s",
          "Environment: development",
          "HEAD is now at a9a2562",
          "Checking out master branch",
          "pip: Downloading eslint-2.4.tar.gz",
          "Tests: 494 passed, 386 total",
          "Artifact uploaded: build.tar.gz (45MB)",
          "Building Docker image...",
          "Already up to date.",
          "yarn add: Done in 2.37s",
          "Creating production build...",
          "[12:51:36] WARN: Deprecated API usage",
          "Processing...",
          "Connection established",
          "Success!",
          "[12:51:36] DEBUG: Initializing service",
          "Ran 71 tests in 31s",
          "Time: 29.442s",
          "Artifact downloaded: 23MB",
          "Optimizing 57 modules...",
          "Cache saved successfully",
          "Pulling image: python:3.11",
          "Bundling styles.js",
          "Step 12/16: Building",
          "[12:51:36] WARN: Deprecated API usage",
          "HEAD is now at 0773001",
          "Artifact uploaded: dist.zip (79MB)",
          "Waiting...",
          "Ready.",
          "pip install: Successfully installed prettier-5.11",
          "NODE_ENV=production",
          "Verifying...",
          "Connection established",
          "Success!",
          "GET /status - 200 (36ms)",
          "\u26a0 DEPRECATION: Feature will be removed in v4.0",
          "Already up to date.",
          "Step 15/24: Building",
          "Time: 49.601s",
          "Artifact uploaded: dist.zip (96MB)",
          "Step 16/18: Running migrations",
          "pip: Installing build dependencies...",
          "Loading...",
          "[12:51:36] WARN: Deprecated API usage",
          "Step 2/24: Building",
          "Switched to branch 'bugfix/task-318'",
          "Step 19/21: Deploying",
          "Success!",
          "Transforming 432 files...",
          "Layer 2/8: ENV command",
          "WARNING: jest has known vulnerabilities",
          "Cache invalidated: build",
          "Completed.",
          "Success!",
          "Time: 99.393s",
          "Cache miss for key-8639",
          "Coverage: 79% statements, 91% branches",
          "WARNING: lodash has known vulnerabilities",
          "\u2713 Step 'test' succeeded",
          "Step 9/20: Testing",
          "Artifact downloaded: 10MB",
          "FAILED: test_auth_login",
          "Creating production build...",
          "WARNING: express has known vulnerabilities",
          "Coverage: 80% statements, 72% branches",
          "\u2713 All checks passed",
          "Coverage: 81% statements, 60% branches",
          "Step 16/16: Running migrations",
          "[12:51:36] INFO: Processing request",
          "Verifying...",
          "[12:51:36] WARN: Deprecated API usage",
          "Platform: linux-x64",
          "Cache restored successfully (126MB)",
          "Compiling utils/utils.go...",
          "[12:51:36] DEBUG: Loading configuration",
          "Optimizing 85 modules...",
          "Bundling main.css",
          "TLS handshake completed",
          "Switched to branch 'bugfix/task-258'",
          "OK",
          "NODE_ENV=development",
          "Coverage: 84% statements, 80% branches",
          "npm install: added 249 packages",
          "Layer 2/14: RUN command",
          "[12:51:36] WARN: Deprecated API usage",
          "Transforming 321 files...",
          "Processing...",
          "Loading...",
          "Using Node.js 17.10.0",
          "Pulling image: python:latest",
          "GET /status - 201 (67ms)",
          "\u2713 deploy completed",
          "Finished.",
          "Uploading artifact 'coverage' (40 files)",
          "Compiling components/handler.rs...",
          "[12:51:36] DEBUG: Query executed in 15ms",
          "Generating source maps...",
          "Step 19/24: Linting",
          "Pulling image: node:latest",
          "Platform: win32-x64",
          "npm install: added 219 packages",
          "  PASS: test_user_create (240ms)",
          "[12:51:36] DEBUG: Loading configuration",
          "Time: 13.527s",
          "GET /health - 204 (5ms)",
          "[12:51:36] ERROR: Connection failed",
          "Ran 75 tests in 26s",
          "Artifact uploaded: dist.zip (8MB)",
          "GET /health - 200 (46ms)",
          "Fetching from https://registry.npmjs.org/package.json",
          "[12:51:36] DEBUG: Query executed in 39ms",
          "Compiling src/index.js...",
          "Finished.",
          "[12:51:36] WARN: Deprecated API usage",
          "npm notice: package.json updated",
          "npm install: resolved 156 packages",
          "Waiting...",
          "Step 5/18: Deploying",
          "Checking out main branch",
          "Step 10/19: Linting",
          "Pulling image: alpine:latest",
          "npm notice: package.json updated",
          "Pushing to registry...",
          "Already up to date.",
          "Step 2/22: Installing dependencies",
          "[12:51:36] WARN: Deprecated API usage",
          "Using Node.js 16.1.1",
          "Optimizing 12 modules...",
          "Success!",
          "Layer 1/13: RUN command",
          "HEAD is now at ee9c1e3",
          "Cache restored successfully (129MB)",
          "Fetching submodules...",
          "[12:51:36] INFO: Request completed",
          "[12:51:36] ERROR: Connection failed",
          "Minifying app.js",
          "\u2713 All checks passed",
          "Finished.",
          "Artifact downloaded: 36MB",
          "HEAD is now at bf8ed5a",
          "Using Python 3.12",
          "Step 1/21: Testing",
          "npm notice: package.json updated",
          "pip: Collecting webpack",
          "WARNING: express has known vulnerabilities",
          "Compiling utils/app.ts...",
          "Compiling utils/utils.go...",
          "npm notice: package.json updated",
          "Waiting...",
          "Step 7/23: Linting",
          "Ran 164 tests in 54s",
          "Image pulled successfully",
          "\u2713 Step 'checkout' succeeded",
          "[12:51:36] INFO: Cache refreshed",
          "[12:51:36] INFO: Connecting to database",
          "Artifact uploaded: build.tar.gz (12MB)",
          "Platform: linux-x64",
          "GET /api - 204 (93ms)",
          "Cache saved successfully",
          "NODE_ENV=test",
          "Step 12/17: Linting",
          "Uploading artifact 'dist' (15 files)",
          "\u2713 Task completed in 1689ms",
          "Platform: win32-x64",
          "[12:51:36] INFO: Connecting to database",
          "[12:51:36] DEBUG: Connection pool: 13 active",
          "Step 11/25: Building",
          "=== Step unit_tests completed ==="
        ]
      },
      {
        "name": "deploy_production",
        "status": "success",
        "started_at": "2025-12-09T12:52:39.848157",
        "finished_at": "2025-12-09T12:52:44.065015",
        "log_lines": [
          "=== Step: deploy_production ===",
          "Completed.",
          "Test Suites: 33 passed, 8 total",
          "[12:51:36] WARN: Deprecated API usage",
          "[12:51:36] INFO: Processing request",
          "[12:51:36] INFO: Request completed",
          "Cache invalidated: dependencies",
          "Compiling src/handler.rs...",
          "Using Python 3.12",
          "Success!",
          "Switched to branch 'feature/task-485'",
          "Tests: 222 passed, 56 total",
          "[12:51:36] DEBUG: Loading configuration",
          "npm notice: created a lockfile",
          "pip: Downloading express-3.1.tar.gz",
          "Checking out develop branch",
          "Platform: linux-x64",
          "Switched to branch 'bugfix/task-849'",
          "npm install: resolved 204 packages",
          "Snapshots: 20 passed, 8 total",
          "WARNING: eslint has known vulnerabilities",
          "\u2713 build completed",
          "Cache hit for key-1984",
          "[12:51:36] DEBUG: Memory usage: 199MB",
          "Cache saved successfully",
          "\u2713 lint completed",
          "[12:51:36] ERROR: Connection failed",
          "Completed.",
          "Environment: development",
          "Building Docker image...",
          "\u26a0 DEPRECATION: Feature will be removed in v3.0",
          "Transforming 988 files...",
          "Test Suites: 45 passed, 8 total",
          "WARNING: lodash has known vulnerabilities",
          "Artifact uploaded: dist.zip (50MB)",
          "\u2713 build completed",
          "pip: Collecting jest",
          "Cache miss for key-8973",
          "NODE_ENV=production",
          "pip: Collecting express",
          "\u26a0 DEPRECATION: Feature will be removed in v3.0",
          "[12:51:36] INFO: Request completed",
          "Compiling lib/app.ts...",
          "[12:51:36] WARN: Deprecated API usage",
          "Compiling src/index.js...",
          "FAILED: test_user_create",
          "  PASS: test_cache_hit (337ms)",
          "POST /api - 200 (48ms)",
          "Ran 128 tests in 58s",
          "npm install: resolved 1503 packages",
          "HEAD is now at 6d40cfa",
          "Pulling image: node:latest",
          "Image pulled successfully",
          "Pulling image: alpine:latest",
          "[12:51:36] INFO: Processing request",
          "Step 12/23: Building",
          "Installing lodash@4.14.4",
          "Compiling src/utils.go...",
          "Exception: NullPointerException",
          "Transforming 396 files...",
          "[12:51:36] INFO: Starting build process",
          "[12:51:36] WARN: Deprecated API usage",
          "Fetching from https://npmjs.org/package.json",
          "  PASS: test_api_health (184ms)",
          "Cache invalidated: node_modules",
          "npm install: added 52 packages",
          "Test Suites: 8 passed, 14 total",
          "  PASS: test_user_create (4ms)",
          "[12:51:36] WARN: Deprecated API usage",
          "Cache saved successfully",
          "Compiling components/app.ts...",
          "Tests: 98 passed, 488 total",
          "WARNING: webpack has known vulnerabilities",
          "npm notice: package.json updated",
          "Image pulled successfully",
          "Time: 80.843s",
          "pip: Downloading webpack-3.7.tar.gz",
          "pip: Downloading lodash-4.16.tar.gz",
          "Compiling lib/main.py...",
          "Ran 86 tests in 11s",
          "[12:51:36] DEBUG: Query executed in 64ms",
          "Exception: RuntimeError",
          "Fetching submodules...",
          "Artifact downloaded: 38MB",
          "\u2713 Step 'build' succeeded",
          "Step 12/25: Testing",
          "Completed.",
          "Cache restored successfully (152MB)",
          "Cache invalidated: build",
          "Test Suites: 33 passed, 10 total",
          "\u2713 All checks passed",
          "Cache invalidated: node_modules",
          "Artifact downloaded: 21MB",
          "Fetching submodules...",
          "Test Suites: 17 passed, 32 total",
          "Step 13/19: Testing",
          "Generating source maps...",
          "npm install: resolved 946 packages",
          "Time: 101.307s",
          "npm install: added 456 packages",
          "pip: Collecting lodash",
          "[12:51:36] DEBUG: Connection pool: 13 active",
          "[12:51:36] INFO: Processing request",
          "[12:51:36] DEBUG: Query executed in 46ms",
          "[12:51:36] INFO: Processing request",
          "WARNING: eslint has known vulnerabilities",
          "[12:51:36] INFO: Connecting to database",
          "Cache miss for key-5786",
          "Transforming 944 files...",
          "HEAD is now at 7635923",
          "[12:51:36] INFO: Connecting to database",
          "WARNING: lodash has known vulnerabilities",
          "Pulling image: alpine:latest",
          "[12:51:36] WARN: Deprecated API usage",
          "\u26a0 DEPRECATION: Feature will be removed in v3.0",
          "Tests: 276 passed, 411 total",
          "POST /upload - 201 (247ms)",
          "Platform: darwin-arm64",
          "Waiting...",
          "\u26a0 DEPRECATION: Feature will be removed in v2.0",
          "Step 5/23: Testing",
          "TLS handshake completed",
          "pip: Collecting eslint",
          "Bundling runtime.css",
          "Cache miss for key-9104",
          "Artifact downloaded: 33MB",
          "npm install: added 480 packages",
          "TLS handshake completed",
          "[12:51:36] DEBUG: Initializing service",
          "[12:51:36] INFO: Starting build process",
          "Compiling lib/service.java...",
          "Compiling utils/main.py...",
          "Compiling utils/main.py...",
          "HEAD is now at 4d352de",
          "Minifying vendor.js",
          "Done.",
          "\u2713 test completed",
          "[12:51:36] INFO: Connecting to database",
          "Ran 64 tests in 1s",
          "Bundling main.css",
          "Success!",
          "Success!",
          "Platform: win32-x64",
          "Step 6/17: Running migrations",
          "Artifact uploaded: dist.zip (24MB)",
          "Compiling lib/handler.rs...",
          "\u26a0 DEPRECATION: Feature will be removed in v4.0",
          "Success!",
          "POST /upload - 201 (87ms)",
          "\u2713 Step 'checkout' succeeded",
          "Step 10/15: Installing dependencies",
          "Fetching submodules...",
          "Tests: 341 passed, 225 total",
          "Compiling utils/main.py...",
          "Artifact downloaded: 11MB",
          "\u2713 Step 'checkout' succeeded",
          "Loading...",
          "OK",
          "Step 16/21: Linting",
          "\u2713 All checks passed",
          "  PASS: e2e/test_auth_login.spec.js",
          "[12:51:36] ERROR: Connection failed",
          "Coverage: 80% statements, 100% branches",
          "\u2713 Step 'setup' succeeded",
          "Minifying vendor.js",
          "npm install: added 120 packages",
          "\u2713 Step 'install' succeeded",
          "Exception: NullPointerException",
          "\u2713 Task completed in 3521ms",
          "[12:51:36] DEBUG: Connection pool: 6 active",
          "Success!",
          "WARNING: webpack has known vulnerabilities",
          "Bundling main.css",
          "Cache miss for key-1709",
          "  PASS: test_cache_hit (497ms)",
          "Pulling image: alpine:3.11",
          "Compiling lib/service.java...",
          "OK",
          "[12:51:36] WARN: Deprecated API usage",
          "[12:51:36] DEBUG: Memory usage: 1345MB",
          "=== Step deploy_production completed ==="
        ]
      },
      {
        "name": "install_dependencies",
        "status": "success",
        "started_at": "2025-12-09T12:52:44.065015",
        "finished_at": "2025-12-09T12:53:15.691452",
        "log_lines": [
          "=== Step: install_dependencies ===",
          "  PASS: test_auth_login (461ms)",
          "HEAD is now at a71cac0",
          "npm install: resolved 582 packages",
          "[12:51:36] DEBUG: Loading configuration",
          "GET /status - 201 (98ms)",
          "Ready.",
          "\u26a0 DEPRECATION: Feature will be removed in v4.0",
          "Coverage: 79% statements, 88% branches",
          "Step 8/23: Running migrations",
          "NODE_ENV=test",
          "Time: 63.240s",
          "[12:51:36] DEBUG: Loading configuration",
          "\u2713 Task completed in 1281ms",
          "Step 5/22: Running migrations",
          "Exception: RuntimeError",
          "FAILED: test_user_create",
          "Transforming 503 files...",
          "Step 16/22: Installing dependencies",
          "npm notice: package.json updated",
          "Coverage: 90% statements, 92% branches",
          "Compiling utils/utils.go...",
          "Fetching submodules...",
          "yarn add: Done in 13.84s",
          "Compiling components/main.py...",
          "NODE_ENV=production",
          "Uploading artifact 'build' (19 files)",
          "GET /health - 204 (71ms)",
          "Cache invalidated: build",
          "[12:51:36] INFO: Cache refreshed",
          "[12:51:36] DEBUG: Query executed in 78ms",
          "npm notice: package.json updated",
          "Success!",
          "[12:51:36] DEBUG: Connection pool: 14 active",
          "Fetching submodules...",
          "Tests: 197 passed, 311 total",
          "[12:51:36] INFO: Request completed",
          "\u26a0 DEPRECATION: Feature will be removed in v4.0",
          "Building Docker image...",
          "Completed.",
          "\u2713 All checks passed",
          "Ready.",
          "pip: Installing build dependencies...",
          "Waiting...",
          "Generating source maps...",
          "WARNING: lodash has known vulnerabilities",
          "Generating source maps...",
          "Bundling vendor.js",
          "OK",
          "\u2713 All checks passed",
          "Time: 30.846s",
          "Compiling src/index.js...",
          "[12:51:36] INFO: Processing request",
          "Installing express@5.19.2",
          "Coverage: 94% statements, 77% branches",
          "Pulling image: node:latest",
          "[12:51:36] DEBUG: Initializing service",
          "Step 6/24: Testing",
          "GET /health - 201 (45ms)",
          "Layer 8/9: ENV command",
          "Pushing to registry...",
          "Artifact downloaded: 14MB",
          "\u2713 Step 'install' succeeded",
          "Using Node.js 16.14.2",
          "Checking out develop branch",
          "[12:51:36] INFO: Request completed",
          "Test Suites: 34 passed, 48 total",
          "Ready.",
          "Cache miss for key-1087",
          "Step 3/16: Linting",
          "OK",
          "[12:51:36] WARN: Deprecated API usage",
          "Exception: RuntimeError",
          "Using Python 3.10",
          "Step 7/19: Deploying",
          "Connection established",
          "[12:51:36] INFO: Cache refreshed",
          "NODE_ENV=development",
          "Platform: linux-x64",
          "Minifying main.js",
          "Generating source maps...",
          "Cache miss for key-1644",
          "[12:51:36] INFO: Cache refreshed",
          "pip: Collecting eslint",
          "WARNING: prettier has known vulnerabilities",
          "Waiting...",
          "Pushing to registry...",
          "Cache restored successfully (198MB)",
          "[12:51:36] WARN: Deprecated API usage",
          "Connection established",
          "\u2713 build completed",
          "pip: Collecting prettier",
          "[12:51:36] INFO: Request completed",
          "Step 18/22: Installing dependencies",
          "Platform: darwin-arm64",
          "Step 12/19: Linting",
          "  PASS: unit/test_auth_login.spec.js",
          "Minifying main.js",
          "Bundling vendor.js",
          "Artifact downloaded: 9MB",
          "Coverage: 83% statements, 78% branches",
          "OK",
          "Layer 9/11: ENV command",
          "Waiting...",
          "Generating source maps...",
          "Transforming 628 files...",
          "WARNING: jest has known vulnerabilities",
          "pip: Downloading prettier-4.0.tar.gz",
          "Already up to date.",
          "Ran 92 tests in 33s",
          "Processing...",
          "npm notice: created a lockfile",
          "Building Docker image...",
          "Platform: linux-x64",
          "Using Node.js 16.9.10",
          "[12:51:36] INFO: Request completed",
          "Fetching from https://github.com/package.json",
          "Completed.",
          "Installing axios@1.18.7",
          "Artifact downloaded: 8MB",
          "Step 3/15: Installing dependencies",
          "npm notice: package.json updated",
          "npm notice: created a lockfile",
          "Checking out main branch",
          "Step 13/16: Running migrations",
          "Compiling lib/service.java...",
          "Finished.",
          "Pulling image: alpine:3.11",
          "Step 14/21: Deploying",
          "Cache hit for key-8083",
          "Step 7/25: Building",
          "Verifying...",
          "  PASS: unit/test_db_connect.spec.js",
          "Compiling utils/handler.rs...",
          "[12:51:36] WARN: Deprecated API usage",
          "\u2717 build failed with exit code 38",
          "WARNING: react has known vulnerabilities",
          "Pushing to registry...",
          "Building Docker image...",
          "Image pulled successfully",
          "Tests: 171 passed, 88 total",
          "Artifact uploaded: dist.zip (3MB)",
          "Loading...",
          "Platform: win32-x64",
          "Platform: win32-x64",
          "pip: Downloading eslint-3.13.tar.gz",
          "Test Suites: 24 passed, 11 total",
          "Compiling components/service.java...",
          "Artifact uploaded: dist.zip (16MB)",
          "Optimizing 96 modules...",
          "Step 12/21: Running migrations",
          "POST /data - 202 (163ms)",
          "[12:51:36] INFO: Connecting to database",
          "Installing express@5.20.10",
          "Image pulled successfully",
          "\u2713 Task completed in 2856ms",
          "npm install: resolved 1666 packages",
          "Tests: 362 passed, 81 total",
          "npm install: added 214 packages",
          "Loading...",
          "\u2713 test completed",
          "Uploading artifact 'dist' (21 files)",
          "\u2713 All checks passed",
          "Step 20/19: Installing dependencies",
          "\u2713 deploy completed",
          "Generating source maps...",
          "[12:51:36] INFO: Processing request",
          "Verifying...",
          "Step 9/22: Building",
          "[12:51:36] ERROR: Connection failed",
          "Cache miss for key-2191",
          "Cache invalidated: node_modules",
          "\u26a0 DEPRECATION: Feature will be removed in v5.0",
          "\u26a0 DEPRECATION: Feature will be removed in v3.0",
          "Time: 21.451s",
          "[12:51:36] DEBUG: Loading configuration",
          "GET /health - 200 (47ms)",
          "pip: Installing build dependencies...",
          "Compiling components/handler.rs...",
          "Finished.",
          "=== Step install_dependencies completed ==="
        ]
      },
      {
        "name": "restore_cache",
        "status": "success",
        "started_at": "2025-12-09T12:53:15.691452",
        "finished_at": "2025-12-09T12:53:22.016739",
        "log_lines": [
          "=== Step: restore_cache ===",
          "pip install: Successfully installed eslint-1.10",
          "Cache saved successfully",
          "Cache miss for key-5891",
          "Time: 90.376s",
          "POST /data - 200 (488ms)",
          "[12:51:36] INFO: Processing request",
          "[12:51:36] WARN: Deprecated API usage",
          "Compiling utils/service.java...",
          "npm install: added 276 packages",
          "\u26a0 DEPRECATION: Feature will be removed in v2.0",
          "Step 11/20: Running migrations",
          "Waiting...",
          "npm notice: package.json updated",
          "[12:51:36] INFO: Connecting to database",
          "\u2713 Task completed in 4850ms",
          "NODE_ENV=test",
          "Minifying main.js",
          "Layer 8/8: RUN command",
          "Coverage: 93% statements, 68% branches",
          "Artifact downloaded: 44MB",
          "[12:51:36] INFO: Connecting to database",
          "Done.",
          "Waiting...",
          "FAILED: test_user_create",
          "Layer 3/9: ENV command",
          "Test Suites: 26 passed, 39 total",
          "Cache restored successfully (251MB)",
          "Cache restored successfully (135MB)",
          "\u26a0 DEPRECATION: Feature will be removed in v5.0",
          "NODE_ENV=development",
          "yarn add: Done in 28.66s",
          "Ran 192 tests in 26s",
          "Using Node.js 16.15.4",
          "yarn add: Done in 26.99s",
          "Compiling lib/app.ts...",
          "[12:51:36] DEBUG: Memory usage: 172MB",
          "npm install: added 294 packages",
          "  PASS: test_db_connect (351ms)",
          "Compiling lib/main.py...",
          "Completed.",
          "Building Docker image...",
          "Artifact downloaded: 44MB",
          "  PASS: test_auth_login (413ms)",
          "Layer 7/11: COPY command",
          "Step 1/20: Testing",
          "npm notice: package.json updated",
          "Coverage: 74% statements, 98% branches",
          "Pushing to registry...",
          "Platform: darwin-arm64",
          "[12:51:36] WARN: Deprecated API usage",
          "Ready.",
          "HEAD is now at 527035a",
          "npm install: added 468 packages",
          "\u2717 build failed with exit code 8",
          "OK",
          "Step 12/21: Running migrations",
          "Done.",
          "\u2717 build failed with exit code 29",
          "pip install: Successfully installed eslint-4.6",
          "FAILED: test_api_health",
          "\u2713 Step 'build' succeeded",
          "[12:51:36] DEBUG: Loading configuration",
          "  PASS: integration/test_user_create.spec.js",
          "  PASS: test_db_connect (314ms)",
          "Switched to branch 'feature/task-955'",
          "[12:51:36] DEBUG: Memory usage: 1279MB",
          "WARNING: express has known vulnerabilities",
          "Transforming 212 files...",
          "Verifying...",
          "Connection established",
          "Compiling utils/handler.rs...",
          "\u2713 build completed",
          "Layer 8/10: COPY command",
          "Platform: linux-x64",
          "\u26a0 DEPRECATION: Feature will be removed in v4.0",
          "OK",
          "\u2713 Step 'setup' succeeded",
          "Building Docker image...",
          "Compiling lib/handler.rs...",
          "WARNING: jest has known vulnerabilities",
          "Minifying app.js",
          "[12:51:36] WARN: Deprecated API usage",
          "[12:51:36] WARN: Deprecated API usage",
          "Step 5/15: Installing dependencies",
          "Test Suites: 10 passed, 27 total",
          "Done.",
          "Step 2/21: Running migrations",
          "FAILED: test_auth_login",
          "npm notice: package.json updated",
          "Uploading artifact 'build' (32 files)",
          "Step 11/18: Testing",
          "Artifact downloaded: 21MB",
          "Compiling utils/main.py...",
          "WARNING: express has known vulnerabilities",
          "Test Suites: 10 passed, 29 total",
          "Compiling lib/handler.rs...",
          "Compiling components/utils.go...",
          "Layer 8/8: COPY command",
          "Artifact downloaded: 33MB",
          "Uploading artifact 'coverage' (36 files)",
          "Cache miss for key-1451",
          "WARNING: webpack has known vulnerabilities",
          "[12:51:36] WARN: Deprecated API usage",
          "Artifact uploaded: build.tar.gz (4MB)",
          "Pushing to registry...",
          "\u26a0 DEPRECATION: Feature will be removed in v3.0",
          "yarn add: Done in 2.53s",
          "[12:51:36] INFO: Cache refreshed",
          "Snapshots: 39 passed, 15 total",
          "Completed.",
          "Cache hit for key-9826",
          "Waiting...",
          "[12:51:36] INFO: Request completed",
          "pip: Installing build dependencies...",
          "WARNING: express has known vulnerabilities",
          "Loading...",
          "Tests: 182 passed, 481 total",
          "[12:51:36] DEBUG: Connection pool: 3 active",
          "HEAD is now at 96df7fe",
          "\u26a0 DEPRECATION: Feature will be removed in v5.0",
          "Test Suites: 35 passed, 26 total",
          "Cache saved successfully",
          "Ran 92 tests in 4s",
          "Step 6/19: Running migrations",
          "Ran 102 tests in 4s",
          "Fetching from https://gcr.io/package.json",
          "Pushing to registry...",
          "Checking out master branch",
          "\u2713 Step 'test' succeeded",
          "\u2713 validate completed",
          "Tests: 174 passed, 493 total",
          "Installing axios@4.6.7",
          "POST /api - 200 (114ms)",
          "Done.",
          "Success!",
          "Snapshots: 43 passed, 44 total",
          "Tests: 231 passed, 313 total",
          "Cache invalidated: dependencies",
          "Pushing to registry...",
          "Cache miss for key-4071",
          "WARNING: express has known vulnerabilities",
          "[12:51:36] DEBUG: Connection pool: 13 active",
          "Waiting...",
          "Snapshots: 0 passed, 0 total",
          "Artifact uploaded: build.tar.gz (14MB)",
          "Loading...",
          "POST /api - 202 (354ms)",
          "Fetching from https://googleapis.com/package.json",
          "Switched to branch 'bugfix/task-648'",
          "Using Node.js 14.6.4",
          "Layer 7/11: COPY command",
          "Step 15/15: Running migrations",
          "Already up to date.",
          "pip: Installing build dependencies...",
          "Cache miss for key-8807",
          "Coverage: 98% statements, 97% branches",
          "Snapshots: 38 passed, 45 total",
          "Step 5/20: Installing dependencies",
          "Environment: test",
          "WARNING: lodash has known vulnerabilities",
          "[12:51:36] WARN: Deprecated API usage",
          "Artifact uploaded: build.tar.gz (45MB)",
          "Processing...",
          "Platform: linux-x64",
          "\u26a0 DEPRECATION: Feature will be removed in v4.0",
          "POST /api - 200 (388ms)",
          "Processing...",
          "Cache miss for key-4168",
          "[12:51:36] INFO: Cache refreshed",
          "[12:51:36] DEBUG: Query executed in 88ms",
          "HEAD is now at 5caf384",
          "npm notice: created a lockfile",
          "Pushing to registry...",
          "Bundling runtime.js",
          "Uploading artifact 'coverage' (5 files)",
          "OK",
          "\u26a0 DEPRECATION: Feature will be removed in v2.0",
          "Test Suites: 48 passed, 21 total",
          "Cache miss for key-6492",
          "=== Step restore_cache completed ==="
        ]
      },
      {
        "name": "setup_node",
        "status": "success",
        "started_at": "2025-12-09T12:53:22.016739",
        "finished_at": "2025-12-09T12:53:32.558885",
        "log_lines": [
          "=== Step: setup_node ===",
          "Exception: ValueError",
          "Bundling runtime.css",
          "Artifact uploaded: build.tar.gz (22MB)",
          "Exception: RuntimeError",
          "Cache invalidated: dependencies",
          "[12:51:36] INFO: Request completed",
          "[12:51:36] DEBUG: Loading configuration",
          "TLS handshake completed",
          "OK",
          "NODE_ENV=production",
          "Step 5/17: Testing",
          "[12:51:36] DEBUG: Loading configuration",
          "[12:51:36] INFO: Processing request",
          "Connection established",
          "Exception: RuntimeError",
          "Loading...",
          "Artifact uploaded: build.tar.gz (32MB)",
          "[12:51:36] INFO: Starting build process",
          "[12:51:36] INFO: Cache refreshed",
          "Checking out main branch",
          "[12:51:36] DEBUG: Loading configuration",
          "pip install: Successfully installed express-4.7",
          "[12:51:36] INFO: Processing request",
          "Done.",
          "Minifying app.js",
          "pip: Installing build dependencies...",
          "Environment: staging",
          "Fetching from https://gcr.io/package.json",
          "Creating production build...",
          "Minifying main.js",
          "Coverage: 85% statements, 64% branches",
          "Snapshots: 18 passed, 45 total",
          "[12:51:36] INFO: Cache refreshed",
          "\u2713 Step 'setup' succeeded",
          "[12:51:36] INFO: Request completed",
          "Step 3/20: Running migrations",
          "Step 15/22: Running migrations",
          "[12:51:36] DEBUG: Query executed in 84ms",
          "WARNING: lodash has known vulnerabilities",
          "Layer 6/8: ENV command",
          "OK",
          "  PASS: test_api_health (368ms)",
          "\u2713 test completed",
          "Step 14/23: Testing",
          "  PASS: unit/test_auth_login.spec.js",
          "Image pulled successfully",
          "Cache saved successfully",
          "Compiling utils/service.java...",
          "Done.",
          "Time: 61.989s",
          "POST /upload - 202 (155ms)",
          "pip: Downloading lodash-5.17.tar.gz",
          "GET /status - 200 (27ms)",
          "Snapshots: 50 passed, 13 total",
          "  PASS: unit/test_cache_hit.spec.js",
          "[12:51:36] WARN: Deprecated API usage",
          "Fetching submodules...",
          "HEAD is now at a294699",
          "\u2713 Step 'test' succeeded",
          "pip: Downloading eslint-4.3.tar.gz",
          "[12:51:36] INFO: Cache refreshed",
          "Snapshots: 38 passed, 21 total",
          "[12:51:36] INFO: Request completed",
          "pip: Downloading react-4.10.tar.gz",
          "Finished.",
          "Bundling styles.css",
          "yarn add: Done in 5.47s",
          "HEAD is now at b6f768f",
          "Time: 79.50s",
          "[12:51:36] INFO: Processing request",
          "[12:51:36] WARN: Deprecated API usage",
          "Platform: darwin-arm64",
          "npm install: resolved 1834 packages",
          "\u26a0 DEPRECATION: Feature will be removed in v3.0",
          "[12:51:36] DEBUG: Loading configuration",
          "Using Node.js 16.14.5",
          "npm install: resolved 174 packages",
          "[12:51:36] WARN: Deprecated API usage",
          "Artifact downloaded: 44MB",
          "Tests: 435 passed, 197 total",
          "Finished.",
          "\u2713 package completed",
          "Time: 85.617s",
          "Tests: 114 passed, 270 total",
          "WARNING: prettier has known vulnerabilities",
          "Cache miss for key-2060",
          "\u2713 Task completed in 4012ms",
          "npm notice: created a lockfile",
          "pip: Collecting webpack",
          "[12:51:36] INFO: Cache refreshed",
          "Connection established",
          "WARNING: eslint has known vulnerabilities",
          "Switched to branch 'bugfix/task-554'",
          "\u2717 build failed with exit code 85",
          "WARNING: axios has known vulnerabilities",
          "pip: Downloading jest-4.12.tar.gz",
          "Compiling src/handler.rs...",
          "Ready.",
          "Exception: NullPointerException",
          "Switched to branch 'hotfix/task-461'",
          "[12:51:36] DEBUG: Loading configuration",
          "NODE_ENV=test",
          "\u26a0 DEPRECATION: Feature will be removed in v5.0",
          "Optimizing 20 modules...",
          "Artifact uploaded: build.tar.gz (38MB)",
          "Finished.",
          "npm install: added 38 packages",
          "[12:51:36] INFO: Cache refreshed",
          "[12:51:36] DEBUG: Loading configuration",
          "\u2713 All checks passed",
          "Using Python 3.10",
          "Environment: development",
          "Verifying...",
          "pip: Installing build dependencies...",
          "Artifact downloaded: 17MB",
          "Loading...",
          "WARNING: axios has known vulnerabilities",
          "[12:51:36] INFO: Starting build process",
          "Switched to branch 'hotfix/task-518'",
          "Platform: win32-x64",
          "npm install: added 130 packages",
          "yarn add: Done in 20.83s",
          "Step 4/25: Running migrations",
          "pip install: Successfully installed axios-4.4",
          "[12:51:36] INFO: Processing request",
          "Done.",
          "HEAD is now at 12d62a5",
          "pip install: Successfully installed jest-4.2",
          "Compiling src/main.py...",
          "Ran 90 tests in 46s",
          "Step 19/15: Testing",
          "Cache invalidated: node_modules",
          "[12:51:36] DEBUG: Memory usage: 1297MB",
          "Optimizing 73 modules...",
          "Fetching submodules...",
          "Compiling src/app.ts...",
          "Processing...",
          "[12:51:36] DEBUG: Initializing service",
          "Checking out master branch",
          "Coverage: 78% statements, 62% branches",
          "Compiling utils/app.ts...",
          "Done.",
          "Creating production build...",
          "\u2713 Task completed in 2650ms",
          "Compiling src/utils.go...",
          "[12:51:36] INFO: Connecting to database",
          "npm install: resolved 138 packages",
          "[12:51:36] WARN: Deprecated API usage",
          "Pulling image: alpine:18",
          "Step 17/25: Building",
          "\u2713 All checks passed",
          "Using Python 3.11",
          "\u2717 build failed with exit code 101",
          "Ready.",
          "pip: Downloading prettier-1.11.tar.gz",
          "Verifying...",
          "Optimizing 67 modules...",
          "Creating production build...",
          "Exception: TypeError",
          "WARNING: axios has known vulnerabilities",
          "Transforming 105 files...",
          "[12:51:36] DEBUG: Connection pool: 16 active",
          "Compiling lib/main.py...",
          "Artifact uploaded: dist.zip (20MB)",
          "[12:51:36] WARN: Deprecated API usage",
          "pip: Collecting jest",
          "\u2713 Task completed in 2407ms",
          "Ran 124 tests in 6s",
          "HEAD is now at 3d19da6",
          "Time: 27.991s",
          "\u2717 build failed with exit code 32",
          "Compiling lib/index.js...",
          "Compiling utils/utils.go...",
          "Step 14/19: Running migrations",
          "GET /status - 201 (57ms)",
          "NODE_ENV=test",
          "Artifact downloaded: 41MB",
          "\u2713 Task completed in 2040ms",
          "npm notice: package.json updated",
          "=== Step setup_node completed ==="
        ]
      },
      {
        "name": "deploy_staging",
        "status": "success",
        "started_at": "2025-12-09T12:53:32.558885",
        "finished_at": "2025-12-09T12:53:43.101031",
        "log_lines": [
          "=== Step: deploy_staging ===",
          "Layer 2/8: ENV command",
          "Cache restored successfully (258MB)",
          "WARNING: lodash has known vulnerabilities",
          "Waiting...",
          "Connection established",
          "[12:51:36] WARN: Deprecated API usage",
          "[12:51:36] DEBUG: Loading configuration",
          "Artifact uploaded: dist.zip (15MB)",
          "Building Docker image...",
          "Compiling utils/utils.go...",
          "POST /data - 201 (219ms)",
          "Artifact uploaded: build.tar.gz (34MB)",
          "pip: Downloading axios-2.4.tar.gz",
          "Environment: development",
          "Using Node.js 14.11.10",
          "npm install: resolved 1409 packages",
          "Connection established",
          "Pushing to registry...",
          "\u2713 Step 'build' succeeded",
          "\u26a0 DEPRECATION: Feature will be removed in v4.0",
          "NODE_ENV=test",
          "WARNING: express has known vulnerabilities",
          "Ran 118 tests in 43s",
          "yarn add: Done in 22.77s",
          "\u26a0 DEPRECATION: Feature will be removed in v3.0",
          "Processing...",
          "[12:51:36] DEBUG: Loading configuration",
          "Success!",
          "[12:51:36] DEBUG: Query executed in 6ms",
          "\u26a0 DEPRECATION: Feature will be removed in v2.0",
          "  PASS: test_api_health (411ms)",
          "Generating source maps...",
          "Fetching submodules...",
          "Cache miss for key-3443",
          "GET /health - 200 (72ms)",
          "Optimizing 12 modules...",
          "  PASS: unit/test_db_connect.spec.js",
          "Tests: 61 passed, 390 total",
          "Success!",
          "Environment: development",
          "Using Node.js 19.16.3",
          "Cache saved successfully",
          "yarn add: Done in 15.82s",
          "npm install: resolved 705 packages",
          "[12:51:36] DEBUG: Query executed in 94ms",
          "Compiling lib/service.java...",
          "pip: Collecting react",
          "\u2713 Task completed in 2018ms",
          "Time: 29.557s",
          "TLS handshake completed",
          "GET /status - 204 (1ms)",
          "POST /data - 200 (443ms)",
          "Step 6/23: Deploying",
          "[12:51:36] DEBUG: Query executed in 89ms",
          "Optimizing 37 modules...",
          "[12:51:36] DEBUG: Loading configuration",
          "Installing jest@1.14.6",
          "[12:51:36] INFO: Processing request",
          "Minifying main.js",
          "npm notice: created a lockfile",
          "\u2713 All checks passed",
          "Artifact uploaded: dist.zip (51MB)",
          "Pulling image: node:latest",
          "Snapshots: 40 passed, 14 total",
          "Compiling utils/service.java...",
          "Compiling components/main.py...",
          "Bundling runtime.css",
          "Already up to date.",
          "Step 14/19: Testing",
          "NODE_ENV=test",
          "[12:51:36] WARN: Deprecated API usage",
          "Loading...",
          "[12:51:36] DEBUG: Loading configuration",
          "Coverage: 93% statements, 90% branches",
          "Test Suites: 22 passed, 23 total",
          "Pushing to registry...",
          "Optimizing 90 modules...",
          "Cache hit for key-8739",
          "Step 1/20: Deploying",
          "Pushing to registry...",
          "Installing webpack@3.19.7",
          "Checking out main branch",
          "\u26a0 DEPRECATION: Feature will be removed in v4.0",
          "Tests: 68 passed, 57 total",
          "pip: Installing build dependencies...",
          "WARNING: webpack has known vulnerabilities",
          "[12:51:36] WARN: Deprecated API usage",
          "Step 14/23: Building",
          "WARNING: react has known vulnerabilities",
          "Fetching submodules...",
          "Minifying app.js",
          "Compiling lib/utils.go...",
          "Step 3/22: Building",
          "Pushing to registry...",
          "Ready.",
          "Building Docker image...",
          "Completed.",
          "Coverage: 76% statements, 92% branches",
          "[12:51:36] WARN: Deprecated API usage",
          "Fetching submodules...",
          "Coverage: 83% statements, 63% branches",
          "[12:51:36] INFO: Connecting to database",
          "Artifact downloaded: 34MB",
          "Uploading artifact 'coverage' (35 files)",
          "Compiling components/utils.go...",
          "Image pulled successfully",
          "Artifact downloaded: 29MB",
          "[12:51:36] INFO: Cache refreshed",
          "  PASS: test_api_health (353ms)",
          "\u2713 All checks passed",
          "Optimizing 69 modules...",
          "Minifying vendor.js",
          "[12:51:36] WARN: Deprecated API usage",
          "\u26a0 DEPRECATION: Feature will be removed in v3.0",
          "[12:51:36] ERROR: Connection failed",
          "pip install: Successfully installed lodash-1.3",
          "\u26a0 DEPRECATION: Feature will be removed in v5.0",
          "Ready.",
          "[12:51:36] WARN: Deprecated API usage",
          "yarn add: Done in 13.98s",
          "pip: Installing build dependencies...",
          "Compiling src/service.java...",
          "[12:51:36] INFO: Starting build process",
          "Compiling lib/main.py...",
          "\u2713 Task completed in 733ms",
          "Artifact downloaded: 16MB",
          "TLS handshake completed",
          "Artifact uploaded: build.tar.gz (35MB)",
          "\u26a0 DEPRECATION: Feature will be removed in v2.0",
          "Step 7/15: Linting",
          "npm notice: package.json updated",
          "OK",
          "pip: Collecting lodash",
          "[12:51:36] ERROR: Connection failed",
          "npm install: resolved 421 packages",
          "POST /upload - 200 (422ms)",
          "Cache invalidated: build",
          "Optimizing 86 modules...",
          "Platform: win32-x64",
          "Waiting...",
          "npm install: added 367 packages",
          "pip: Downloading lodash-5.20.tar.gz",
          "pip: Downloading axios-1.2.tar.gz",
          "Cache saved successfully",
          "Generating source maps...",
          "Loading...",
          "\u2713 test completed",
          "[12:51:36] WARN: Deprecated API usage",
          "[12:51:36] INFO: Request completed",
          "NODE_ENV=development",
          "Using Python 3.9",
          "Done.",
          "Connection established",
          "[12:51:36] ERROR: Connection failed",
          "HEAD is now at 2b3a599",
          "[12:51:36] INFO: Processing request",
          "FAILED: test_api_health",
          "Step 17/17: Linting",
          "[12:51:36] DEBUG: Connection pool: 19 active",
          "GET /status - 204 (81ms)",
          "yarn add: Done in 30.49s",
          "[12:51:36] INFO: Processing request",
          "Transforming 547 files...",
          "Checking out master branch",
          "Done.",
          "Loading...",
          "Cache hit for key-4016",
          "\u2717 build failed with exit code 99",
          "pip: Collecting axios",
          "Coverage: 99% statements, 82% branches",
          "OK",
          "[12:51:36] INFO: Processing request",
          "Step 10/22: Installing dependencies",
          "Compiling utils/service.java...",
          "POST /api - 201 (194ms)",
          "Success!",
          "Connection established",
          "Compiling src/handler.rs...",
          "Cache saved successfully",
          "=== Step deploy_staging completed ==="
        ]
      },
      {
        "name": "save_cache",
        "status": "success",
        "started_at": "2025-12-09T12:53:43.101031",
        "finished_at": "2025-12-09T12:53:49.426318",
        "log_lines": [
          "=== Step: save_cache ===",
          "Image pulled successfully",
          "[12:51:36] DEBUG: Connection pool: 5 active",
          "[12:51:36] INFO: Request completed",
          "[12:51:36] INFO: Processing request",
          "[12:51:36] DEBUG: Loading configuration",
          "pip: Installing build dependencies...",
          "Step 18/17: Testing",
          "POST /data - 200 (213ms)",
          "WARNING: react has known vulnerabilities",
          "pip: Collecting jest",
          "Compiling src/index.js...",
          "FAILED: test_api_health",
          "Already up to date.",
          "Step 10/17: Deploying",
          "Fetching submodules...",
          "pip: Downloading express-3.6.tar.gz",
          "Artifact downloaded: 44MB",
          "[12:51:36] INFO: Request completed",
          "Artifact uploaded: dist.zip (15MB)",
          "  PASS: integration/test_user_create.spec.js",
          "\u26a0 DEPRECATION: Feature will be removed in v5.0",
          "Finished.",
          "Pushing to registry...",
          "Environment: staging",
          "Compiling lib/app.ts...",
          "Cache hit for key-5582",
          "Compiling lib/main.py...",
          "[12:51:36] INFO: Request completed",
          "pip: Collecting jest",
          "\u2713 Task completed in 4978ms",
          "GET /status - 200 (30ms)",
          "Checking out develop branch",
          "\u2713 Step 'checkout' succeeded",
          "pip: Downloading axios-1.10.tar.gz",
          "npm install: resolved 557 packages",
          "Verifying...",
          "Using Python 3.10",
          "Layer 5/13: RUN command",
          "Artifact uploaded: build.tar.gz (6MB)",
          "Optimizing 52 modules...",
          "Pulling image: python:3.11",
          "[12:51:36] INFO: Starting build process",
          "Already up to date.",
          "Coverage: 72% statements, 64% branches",
          "Ready.",
          "[12:51:36] DEBUG: Connection pool: 4 active",
          "[12:51:36] ERROR: Connection failed",
          "Connection established",
          "Already up to date.",
          "npm install: added 81 packages",
          "npm notice: package.json updated",
          "[12:51:36] INFO: Processing request",
          "HEAD is now at ea97797",
          "Artifact uploaded: build.tar.gz (26MB)",
          "Minifying main.js",
          "Artifact uploaded: dist.zip (36MB)",
          "WARNING: lodash has known vulnerabilities",
          "[12:51:36] WARN: Deprecated API usage",
          "Test Suites: 13 passed, 5 total",
          "Fetching submodules...",
          "[12:51:36] DEBUG: Initializing service",
          "OK",
          "[12:51:36] DEBUG: Loading configuration",
          "Test Suites: 33 passed, 29 total",
          "\u2717 build failed with exit code 93",
          "Cache saved successfully",
          "Ready.",
          "Cache saved successfully",
          "[12:51:36] INFO: Connecting to database",
          "Generating source maps...",
          "\u26a0 DEPRECATION: Feature will be removed in v5.0",
          "Step 15/16: Linting",
          "Generating source maps...",
          "Tests: 315 passed, 443 total",
          "Artifact downloaded: 9MB",
          "Completed.",
          "  PASS: test_cache_hit (405ms)",
          "pip: Downloading react-2.6.tar.gz",
          "NODE_ENV=test",
          "Loading...",
          "\u2713 deploy completed",
          "[12:51:36] INFO: Connecting to database",
          "pip install: Successfully installed eslint-1.2",
          "GET /api - 201 (87ms)",
          "Environment: development",
          "npm notice: package.json updated",
          "Compiling src/service.java...",
          "Artifact uploaded: build.tar.gz (2MB)",
          "\u2713 Step 'build' succeeded",
          "\u26a0 DEPRECATION: Feature will be removed in v2.0",
          "pip: Downloading express-1.0.tar.gz",
          "[12:51:36] WARN: Deprecated API usage",
          "Verifying...",
          "WARNING: prettier has known vulnerabilities",
          "Completed.",
          "Snapshots: 45 passed, 46 total",
          "Step 4/17: Deploying",
          "Checking out master branch",
          "Creating production build...",
          "Pushing to registry...",
          "Platform: win32-x64",
          "Step 3/20: Testing",
          "WARNING: axios has known vulnerabilities",
          "[12:51:36] ERROR: Connection failed",
          "Step 10/20: Linting",
          "\u2713 Task completed in 3075ms",
          "\u26a0 DEPRECATION: Feature will be removed in v3.0",
          "Step 19/23: Building",
          "[12:51:36] ERROR: Connection failed",
          "[12:51:36] INFO: Connecting to database",
          "Coverage: 83% statements, 67% branches",
          "Creating production build...",
          "pip: Collecting prettier",
          "Step 18/21: Testing",
          "Image pulled successfully",
          "Pushing to registry...",
          "pip install: Successfully installed react-2.9",
          "Fetching submodules...",
          "[12:51:36] INFO: Connecting to database",
          "Test Suites: 40 passed, 9 total",
          "TLS handshake completed",
          "  PASS: test_db_connect (256ms)",
          "npm notice: created a lockfile",
          "Snapshots: 2 passed, 50 total",
          "HEAD is now at cacaead",
          "yarn add: Done in 28.62s",
          "Step 17/23: Installing dependencies",
          "Compiling lib/handler.rs...",
          "Completed.",
          "[12:51:36] DEBUG: Loading configuration",
          "Time: 77.586s",
          "Compiling utils/service.java...",
          "Compiling components/utils.go...",
          "Cache saved successfully",
          "[12:51:36] DEBUG: Query executed in 18ms",
          "Verifying...",
          "Artifact downloaded: 41MB",
          "Minifying app.js",
          "Using Node.js 19.1.10",
          "Checking out master branch",
          "POST /api - 202 (49ms)",
          "npm install: resolved 1901 packages",
          "TLS handshake completed",
          "\u2713 build completed",
          "Cache invalidated: build",
          "Switched to branch 'hotfix/task-994'",
          "Environment: staging",
          "Installing jest@1.14.8",
          "[12:51:36] DEBUG: Query executed in 67ms",
          "pip: Collecting lodash",
          "Ran 117 tests in 26s",
          "Cache saved successfully",
          "Platform: darwin-arm64",
          "Checking out main branch",
          "GET /api - 201 (79ms)",
          "Step 8/25: Installing dependencies",
          "POST /upload - 200 (365ms)",
          "Compiling components/index.js...",
          "[12:51:36] DEBUG: Initializing service",
          "Step 1/18: Running migrations",
          "Layer 8/15: RUN command",
          "Step 13/25: Installing dependencies",
          "Test Suites: 14 passed, 9 total",
          "npm notice: created a lockfile",
          "Compiling components/main.py...",
          "Snapshots: 14 passed, 15 total",
          "Installing jest@5.3.4",
          "Finished.",
          "Tests: 98 passed, 213 total",
          "Transforming 264 files...",
          "Layer 1/15: ENV command",
          "HEAD is now at 6aa9059",
          "Platform: win32-x64",
          "pip: Downloading lodash-3.13.tar.gz",
          "[12:51:36] INFO: Cache refreshed",
          "Connection established",
          "Ready.",
          "pip: Collecting eslint",
          "Step 8/22: Testing",
          "=== Step save_cache completed ==="
        ]
      },
      {
        "name": "build",
        "status": "success",
        "started_at": "2025-12-09T12:53:49.426318",
        "finished_at": "2025-12-09T12:54:21.052755",
        "log_lines": [
          "=== Step: build ===",
          "npm notice: package.json updated",
          "Coverage: 80% statements, 86% branches",
          "  PASS: unit/test_api_health.spec.js",
          "Snapshots: 31 passed, 18 total",
          "Fetching submodules...",
          "Time: 9.93s",
          "Step 19/20: Building",
          "Cache saved successfully",
          "FAILED: test_cache_hit",
          "  PASS: test_auth_login (438ms)",
          "Snapshots: 10 passed, 35 total",
          "Time: 59.191s",
          "Fetching submodules...",
          "npm notice: package.json updated",
          "[12:51:36] WARN: Deprecated API usage",
          "Fetching from https://gcr.io/package.json",
          "pip: Installing build dependencies...",
          "Checking out master branch",
          "Fetching from https://gcr.io/package.json",
          "[12:51:36] INFO: Starting build process",
          "POST /upload - 202 (304ms)",
          "Step 14/18: Deploying",
          "Compiling utils/handler.rs...",
          "Exception: RuntimeError",
          "Image pulled successfully",
          "Uploading artifact 'build' (11 files)",
          "[12:51:36] WARN: Deprecated API usage",
          "HEAD is now at 96c057c",
          "Artifact downloaded: 7MB",
          "Test Suites: 22 passed, 47 total",
          "OK",
          "OK",
          "[12:51:36] DEBUG: Memory usage: 506MB",
          "[12:51:36] DEBUG: Initializing service",
          "FAILED: test_auth_login",
          "[12:51:36] INFO: Cache refreshed",
          "Success!",
          "Ready.",
          "Fetching from https://docker.io/package.json",
          "[12:51:36] INFO: Connecting to database",
          "Building Docker image...",
          "Waiting...",
          "[12:51:36] DEBUG: Initializing service",
          "Step 13/25: Installing dependencies",
          "[12:51:36] DEBUG: Connection pool: 16 active",
          "Cache hit for key-4917",
          "Completed.",
          "WARNING: eslint has known vulnerabilities",
          "[12:51:36] DEBUG: Initializing service",
          "WARNING: prettier has known vulnerabilities",
          "Already up to date.",
          "GET /health - 201 (99ms)",
          "Cache invalidated: build",
          "pip install: Successfully installed eslint-2.2",
          "Test Suites: 34 passed, 29 total",
          "Step 15/24: Linting",
          "Loading...",
          "Fetching submodules...",
          "pip: Installing build dependencies...",
          "Artifact downloaded: 10MB",
          "Compiling components/main.py...",
          "Connection established",
          "Artifact uploaded: dist.zip (57MB)",
          "Fetching submodules...",
          "[12:51:36] INFO: Processing request",
          "Building Docker image...",
          "Cache restored successfully (452MB)",
          "Compiling utils/main.py...",
          "[12:51:36] DEBUG: Query executed in 49ms",
          "Cache restored successfully (130MB)",
          "Processing...",
          "Already up to date.",
          "Coverage: 86% statements, 91% branches",
          "WARNING: jest has known vulnerabilities",
          "pip: Downloading prettier-3.13.tar.gz",
          "WARNING: react has known vulnerabilities",
          "Compiling components/utils.go...",
          "Done.",
          "\u2713 Step 'install' succeeded",
          "HEAD is now at cc66490",
          "[12:51:36] WARN: Deprecated API usage",
          "[12:51:36] DEBUG: Connection pool: 19 active",
          "OK",
          "OK",
          "pip: Installing build dependencies...",
          "pip: Collecting webpack",
          "[12:51:36] INFO: Connecting to database",
          "Time: 89.970s",
          "Time: 106.194s",
          "[12:51:36] ERROR: Connection failed",
          "npm notice: package.json updated",
          "Cache miss for key-2564",
          "[12:51:36] DEBUG: Loading configuration",
          "Cache restored successfully (445MB)",
          "Snapshots: 47 passed, 0 total",
          "Cache restored successfully (120MB)",
          "Compiling lib/utils.go...",
          "Cache saved successfully",
          "Waiting...",
          "WARNING: react has known vulnerabilities",
          "[12:51:36] DEBUG: Query executed in 48ms",
          "\u26a0 DEPRECATION: Feature will be removed in v2.0",
          "  PASS: e2e/test_db_connect.spec.js",
          "[12:51:36] DEBUG: Connection pool: 17 active",
          "Pulling image: python:18",
          "  PASS: test_api_health (66ms)",
          "Step 17/15: Deploying",
          "[12:51:36] INFO: Connecting to database",
          "Ready.",
          "\u2713 All checks passed",
          "[12:51:36] DEBUG: Loading configuration",
          "[12:51:36] INFO: Cache refreshed",
          "Switched to branch 'hotfix/task-422'",
          "WARNING: prettier has known vulnerabilities",
          "pip: Collecting eslint",
          "POST /upload - 201 (180ms)",
          "Fetching from https://githubusercontent.com/package.json",
          "[12:51:36] WARN: Deprecated API usage",
          "Platform: linux-x64",
          "\u26a0 DEPRECATION: Feature will be removed in v4.0",
          "Already up to date.",
          "[12:51:36] INFO: Connecting to database",
          "Pulling image: python:latest",
          "Tests: 304 passed, 267 total",
          "Optimizing 90 modules...",
          "\u26a0 DEPRECATION: Feature will be removed in v4.0",
          "Cache invalidated: node_modules",
          "\u26a0 DEPRECATION: Feature will be removed in v2.0",
          "Creating production build...",
          "Cache miss for key-5789",
          "Step 5/17: Installing dependencies",
          "Step 5/17: Installing dependencies",
          "Uploading artifact 'build' (49 files)",
          "pip install: Successfully installed jest-3.14",
          "Time: 88.469s",
          "Compiling components/service.java...",
          "FAILED: test_auth_login",
          "yarn add: Done in 6.80s",
          "[12:51:36] DEBUG: Memory usage: 773MB",
          "Cache saved successfully",
          "[12:51:36] DEBUG: Loading configuration",
          "Step 17/17: Running migrations",
          "\u2713 Step 'checkout' succeeded",
          "Loading...",
          "\u26a0 DEPRECATION: Feature will be removed in v4.0",
          "Step 4/25: Installing dependencies",
          "pip: Installing build dependencies...",
          "Fetching submodules...",
          "npm notice: created a lockfile",
          "TLS handshake completed",
          "Switched to branch 'feature/task-979'",
          "[12:51:36] DEBUG: Query executed in 90ms",
          "WARNING: jest has known vulnerabilities",
          "Creating production build...",
          "Completed.",
          "GET /status - 204 (46ms)",
          "Switched to branch 'bugfix/task-972'",
          "Ran 114 tests in 13s",
          "[12:51:36] INFO: Connecting to database",
          "Connection established",
          "[12:51:36] DEBUG: Memory usage: 167MB",
          "Compiling components/utils.go...",
          "Cache miss for key-6119",
          "npm install: resolved 759 packages",
          "[12:51:36] DEBUG: Initializing service",
          "[12:51:36] DEBUG: Connection pool: 2 active",
          "Uploading artifact 'coverage' (17 files)",
          "Test Suites: 31 passed, 11 total",
          "WARNING: react has known vulnerabilities",
          "Optimizing 96 modules...",
          "Compiling utils/app.ts...",
          "npm install: resolved 906 packages",
          "Step 3/20: Building",
          "Processing...",
          "Loading...",
          "npm notice: created a lockfile",
          "Waiting...",
          "Creating production build...",
          "Fetching submodules...",
          "=== Step build completed ==="
        ]
      }
    ],
    "label": "normal"
  }
}