{
  "action": "completed",
  "workflow_run": {
    "id": 423,
    "name": "CI Pipeline",
    "head_branch": "main",
    "head_sha": "aaa229aa7788fca6cfc8620f22c6c07d442c2130",
    "status": "completed",
    "conclusion": "success",
    "run_started_at": "2025-12-12T11:38:47.917072Z",
    "updated_at": "2025-12-12T11:40:50.413855Z"
  },
  "repository": {
    "full_name": "startup-io/auth-service",
    "name": "auth-service"
  },
  "sender": {
    "login": "diana"
  },
  "_safeops_extended": {
    "raw_logs": "=== Step: checkout ===\nArtifact uploaded: build.tar.gz (4MB)\nCompiling src/index.js...\n\u26a0 DEPRECATION: Feature will be removed in v5.0\nStep 1/10: Building\n\u2713 lint completed\nStep 2/10: Building\n\u2713 test completed\n[11:38:47] ERROR: Connection failed\nCache hit for key-9807\n[11:38:47] INFO: Processing request\n\u2713 build completed\n[11:38:47] INFO: Processing request\n[11:38:47] WARN: Deprecated API usage\nStep 7/10: Building\n\u2713 test completed\n[11:38:47] INFO: Processing request\n[11:38:47] WARN: Deprecated API usage\n\u2713 test completed\n\u2713 build completed\nCache hit for key-9094\n  PASS: test_api_health (70ms)\nCompiling src/service.java...\n[11:38:47] ERROR: Connection failed\nWARNING: express has known vulnerabilities\nInstalling prettier@3.9.0\n\u2713 test completed\nCompiling src/handler.rs...\nStep 6/10: Building\n\u2713 build completed\nInstalling axios@5.14.0\nStep 3/10: Building\nCompiling src/service.java...\nInstalling eslint@5.19.0\nInstalling jest@2.5.0\n  PASS: test_auth_login (189ms)\nArtifact uploaded: build.tar.gz (18MB)\nStep 1/10: Building\n  PASS: test_db_connect (261ms)\n\u2713 lint completed\n  PASS: test_auth_login (298ms)\nStep 2/10: Building\nCache hit for key-1976\nInstalling eslint@2.11.0\nCompiling src/service.java...\nCompiling src/service.java...\nArtifact uploaded: build.tar.gz (11MB)\nInstalling eslint@4.3.0\nStep 8/10: Building\n  PASS: test_user_create (418ms)\nInstalling jest@3.16.0\nArtifact uploaded: build.tar.gz (50MB)\nCache hit for key-7885\n\u2717 build failed with exit code 25\n  PASS: test_api_health (436ms)\n  PASS: test_api_health (311ms)\nCompiling src/handler.rs...\nFAILED: test_user_create\nCache hit for key-4636\nArtifact uploaded: build.tar.gz (38MB)\nStep 7/10: Building\nCompiling src/service.java...\nArtifact uploaded: build.tar.gz (5MB)\nStep 3/10: Building\nCompiling src/app.ts...\nCache hit for key-8971\n\u2713 test completed\nCompiling src/service.java...\nWARNING: webpack has known vulnerabilities\nArtifact uploaded: build.tar.gz (25MB)\nStep 5/10: Building\nArtifact uploaded: build.tar.gz (21MB)\nCompiling src/index.js...\nCompiling src/index.js...\n\u26a0 DEPRECATION: Feature will be removed in v4.0\n[11:38:47] ERROR: Connection failed\n\u26a0 DEPRECATION: Feature will be removed in v3.0\nStep 2/10: Building\nStep 1/10: Building\nArtifact uploaded: build.tar.gz (43MB)\nInstalling webpack@1.19.0\n  PASS: test_user_create (415ms)\nStep 10/10: Building\nCache hit for key-4476\n  PASS: test_db_connect (461ms)\nCache hit for key-9060\n  PASS: test_db_connect (445ms)\n=== Step checkout completed ===\n=== Step: setup_environment ===\n  PASS: test_db_connect (320ms)\nStep 6/10: Building\nArtifact uploaded: build.tar.gz (19MB)\nInstalling eslint@2.20.0\nCompiling src/main.py...\nCache hit for key-7478\nCache hit for key-6615\n[11:38:47] WARN: Deprecated API usage\nInstalling axios@1.10.0\nCache hit for key-1380\nCompiling src/main.py...\n\u2713 test completed\nStep 7/10: Building\nException: NullPointerException\n  PASS: test_auth_login (339ms)\n\u2713 build completed\nCompiling src/index.js...\n  PASS: test_cache_hit (43ms)\n[11:38:47] WARN: Deprecated API usage\n[11:38:47] WARN: Deprecated API usage\nInstalling eslint@3.16.0\nStep 6/10: Building\nCompiling src/utils.go...\n  PASS: test_api_health (224ms)\n  PASS: test_auth_login (337ms)\n[11:38:47] WARN: Deprecated API usage\n\u2713 build completed\nArtifact uploaded: build.tar.gz (29MB)\n\u2713 lint completed\n\u26a0 DEPRECATION: Feature will be removed in v5.0\n  PASS: test_auth_login (233ms)\n[11:38:47] INFO: Processing request\n[11:38:47] INFO: Processing request\nArtifact uploaded: build.tar.gz (31MB)\nStep 8/10: Building\n\u2713 lint completed\n\u2713 build completed\nArtifact uploaded: build.tar.gz (11MB)\n\u2713 test completed\nArtifact uploaded: build.tar.gz (1MB)\nInstalling react@5.2.0\nCompiling src/index.js...\nCompiling src/app.ts...\nArtifact uploaded: build.tar.gz (32MB)\n[11:38:47] WARN: Deprecated API usage\nInstalling lodash@5.16.0\nCompiling src/handler.rs...\nArtifact uploaded: build.tar.gz (25MB)\nStep 1/10: Building\n[11:38:47] INFO: Processing request\nStep 1/10: Building\n  PASS: test_cache_hit (302ms)\nCompiling src/app.ts...\n[11:38:47] INFO: Processing request\nInstalling eslint@4.1.0\nArtifact uploaded: build.tar.gz (26MB)\nCompiling src/handler.rs...\nCompiling src/index.js...\n\u2713 build completed\n  PASS: test_db_connect (400ms)\nStep 2/10: Building\n  PASS: test_db_connect (86ms)\nStep 5/10: Building\nCompiling src/app.ts...\nCompiling src/handler.rs...\n[11:38:47] INFO: Processing request\nInstalling eslint@2.4.0\nCompiling src/main.py...\nArtifact uploaded: build.tar.gz (25MB)\n  PASS: test_cache_hit (135ms)\nArtifact uploaded: build.tar.gz (26MB)\n  PASS: test_user_create (97ms)\nInstalling prettier@4.20.0\nArtifact uploaded: build.tar.gz (32MB)\nCache hit for key-5449\nCache hit for key-9245\n\u2713 lint completed\nCompiling src/utils.go...\n[11:38:47] INFO: Processing request\nCache hit for key-2670\nCache hit for key-9850\nArtifact uploaded: build.tar.gz (10MB)\n[11:38:47] INFO: Processing request\n  PASS: test_db_connect (208ms)\nCompiling src/service.java...\n[11:38:47] WARN: Deprecated API usage\n=== Step setup_environment completed ===\n=== Step: install_dependencies ===\n[11:38:47] INFO: Processing request\nArtifact uploaded: build.tar.gz (4MB)\n  PASS: test_user_create (326ms)\n  PASS: test_cache_hit (253ms)\n\u26a0 DEPRECATION: Feature will be removed in v2.0\n\u2713 build completed\n\u26a0 DEPRECATION: Feature will be removed in v5.0\n[11:38:47] INFO: Processing request\n\u2717 build failed with exit code 47\nCompiling src/service.java...\n[11:38:47] INFO: Processing request\nCompiling src/handler.rs...\nCache hit for key-4185\nCompiling src/utils.go...\nInstalling express@3.19.0\nStep 7/10: Building\n[11:38:47] WARN: Deprecated API usage\n\u26a0 DEPRECATION: Feature will be removed in v4.0\nArtifact uploaded: build.tar.gz (7MB)\n[11:38:47] INFO: Processing request\n  PASS: test_cache_hit (163ms)\nArtifact uploaded: build.tar.gz (19MB)\nCompiling src/service.java...\nCompiling src/handler.rs...\n[11:38:47] INFO: Processing request\nInstalling lodash@4.19.0\n[11:38:47] INFO: Processing request\nCache hit for key-1638\n  PASS: test_cache_hit (308ms)\nInstalling axios@4.16.0\nCompiling src/app.ts...\nInstalling axios@4.11.0\nStep 2/10: Building\n[11:38:47] ERROR: Connection failed\n  PASS: test_api_health (479ms)\nArtifact uploaded: build.tar.gz (41MB)\nCache hit for key-8423\n  PASS: test_api_health (165ms)\n  PASS: test_db_connect (170ms)\nFAILED: test_db_connect\nArtifact uploaded: build.tar.gz (50MB)\nCache hit for key-6427\nInstalling express@4.4.0\nCache hit for key-7330\nStep 7/10: Building\n[11:38:47] INFO: Processing request\n[11:38:47] INFO: Processing request\nStep 7/10: Building\nInstalling webpack@3.8.0\nArtifact uploaded: build.tar.gz (25MB)\nStep 1/10: Building\n  PASS: test_cache_hit (298ms)\n  PASS: test_db_connect (406ms)\n  PASS: test_auth_login (124ms)\nCache hit for key-3180\n\u2713 lint completed\nCache hit for key-6916\n\u2713 test completed\nStep 7/10: Building\n  PASS: test_cache_hit (373ms)\nStep 3/10: Building\nCompiling src/main.py...\n[11:38:47] WARN: Deprecated API usage\nCompiling src/index.js...\nCompiling src/handler.rs...\nStep 4/10: Building\n[11:38:47] INFO: Processing request\nCache hit for key-1023\nStep 2/10: Building\nStep 3/10: Building\nStep 3/10: Building\n[11:38:47] INFO: Processing request\nInstalling eslint@5.11.0\n\u2713 test completed\nStep 2/10: Building\nCompiling src/utils.go...\nCache hit for key-1911\nWARNING: webpack has known vulnerabilities\n  PASS: test_db_connect (114ms)\nInstalling express@4.6.0\nArtifact uploaded: build.tar.gz (15MB)\n[11:38:47] INFO: Processing request\n  PASS: test_auth_login (189ms)\n\u2713 test completed\nCache hit for key-5731\nCompiling src/service.java...\n=== Step install_dependencies completed ===\n=== Step: run_tests ===\nCache hit for key-3189\n[11:38:47] WARN: Deprecated API usage\nStep 8/10: Building\n[11:38:47] WARN: Deprecated API usage\nCache hit for key-5151\n\u2713 build completed\n\u2713 build completed\nInstalling prettier@3.9.0\nCompiling src/service.java...\n  PASS: test_db_connect (500ms)\n  PASS: test_api_health (139ms)\nArtifact uploaded: build.tar.gz (24MB)\nFAILED: test_auth_login\nArtifact uploaded: build.tar.gz (9MB)\nCompiling src/utils.go...\n  PASS: test_api_health (72ms)\nStep 8/10: Building\nInstalling jest@3.2.0\n[11:38:47] INFO: Processing request\nCompiling src/app.ts...\n\u2713 lint completed\nArtifact uploaded: build.tar.gz (44MB)\n  PASS: test_api_health (138ms)\nCache hit for key-8822\n\u2713 build completed\n  PASS: test_auth_login (18ms)\nInstalling axios@5.6.0\n  PASS: test_db_connect (198ms)\n\u26a0 DEPRECATION: Feature will be removed in v3.0\nInstalling webpack@3.0.0\nCompiling src/utils.go...\nStep 6/10: Building\nCompiling src/utils.go...\nArtifact uploaded: build.tar.gz (47MB)\nCache hit for key-3252\n  PASS: test_cache_hit (103ms)\n\u2713 lint completed\nCache hit for key-2913\n\u2713 test completed\n[11:38:47] INFO: Processing request\nCache hit for key-1420\n[11:38:47] INFO: Processing request\nInstalling jest@4.0.0\n\u2713 build completed\n  PASS: test_db_connect (296ms)\nInstalling jest@1.12.0\nCache hit for key-1762\nStep 3/10: Building\nStep 2/10: Building\nInstalling express@1.17.0\n  PASS: test_api_health (177ms)\nCompiling src/index.js...\nStep 1/10: Building\n[11:38:47] INFO: Processing request\nInstalling prettier@4.11.0\nArtifact uploaded: build.tar.gz (19MB)\n  PASS: test_cache_hit (451ms)\n[11:38:47] INFO: Processing request\n[11:38:47] INFO: Processing request\n[11:38:47] WARN: Deprecated API usage\n[11:38:47] INFO: Processing request\nCache hit for key-4831\nCompiling src/utils.go...\nCache hit for key-6631\nCache hit for key-7046\nCache hit for key-3572\n\u2713 build completed\nStep 4/10: Building\nCache hit for key-5904\nInstalling axios@1.3.0\n  PASS: test_cache_hit (97ms)\nCache hit for key-4699\n[11:38:47] INFO: Processing request\nInstalling lodash@2.13.0\n[11:38:47] INFO: Processing request\nInstalling axios@4.16.0\n  PASS: test_user_create (474ms)\n  PASS: test_cache_hit (103ms)\n  PASS: test_db_connect (438ms)\n  PASS: test_auth_login (109ms)\nCompiling src/main.py...\nInstalling eslint@2.9.0\nCache hit for key-9697\n[11:38:47] WARN: Deprecated API usage\n[11:38:47] INFO: Processing request\n[11:38:47] ERROR: Connection failed\n=== Step run_tests completed ===\n=== Step: build_artifact ===\n\u2713 build completed\n[11:38:47] INFO: Processing request\n[11:38:47] INFO: Processing request\nArtifact uploaded: build.tar.gz (40MB)\nArtifact uploaded: build.tar.gz (37MB)\nWARNING: jest has known vulnerabilities\n\u2713 lint completed\n\u26a0 DEPRECATION: Feature will be removed in v5.0\nCompiling src/utils.go...\n  PASS: test_cache_hit (288ms)\nArtifact uploaded: build.tar.gz (38MB)\nCompiling src/handler.rs...\n  PASS: test_db_connect (124ms)\n  PASS: test_cache_hit (378ms)\n\u2713 test completed\n  PASS: test_cache_hit (209ms)\n\u2713 build completed\nStep 3/10: Building\n  PASS: test_cache_hit (160ms)\nCompiling src/index.js...\n[11:38:47] INFO: Processing request\nInstalling lodash@2.4.0\n[11:38:47] INFO: Processing request\n[11:38:47] INFO: Processing request\nArtifact uploaded: build.tar.gz (18MB)\nInstalling prettier@1.13.0\n[11:38:47] INFO: Processing request\nInstalling jest@1.3.0\n[11:38:47] INFO: Processing request\nCompiling src/main.py...\n[11:38:47] INFO: Processing request\nCache hit for key-9467\nArtifact uploaded: build.tar.gz (48MB)\n\u2713 test completed\n\u2713 lint completed\nCompiling src/main.py...\nWARNING: lodash has known vulnerabilities\n[11:38:47] INFO: Processing request\nInstalling lodash@5.16.0\nCache hit for key-7427\nCache hit for key-8096\nCompiling src/main.py...\nArtifact uploaded: build.tar.gz (4MB)\nCache hit for key-3069\nInstalling prettier@1.10.0\n[11:38:47] INFO: Processing request\nCompiling src/index.js...\nCompiling src/index.js...\nArtifact uploaded: build.tar.gz (50MB)\nStep 6/10: Building\n\u2713 test completed\n[11:38:47] INFO: Processing request\nInstalling express@5.17.0\n\u26a0 DEPRECATION: Feature will be removed in v4.0\n[11:38:47] INFO: Processing request\n[11:38:47] WARN: Deprecated API usage\n\u26a0 DEPRECATION: Feature will be removed in v2.0\n  PASS: test_auth_login (215ms)\nInstalling react@4.5.0\nInstalling eslint@5.13.0\nCompiling src/handler.rs...\nCache hit for key-7970\nCache hit for key-8902\nInstalling react@5.6.0\n[11:38:47] INFO: Processing request\nCache hit for key-9039\n\u2713 build completed\nInstalling react@5.7.0\nCache hit for key-6227\nCache hit for key-7374\nCache hit for key-3632\nCache hit for key-2558\nWARNING: react has known vulnerabilities\n\u26a0 DEPRECATION: Feature will be removed in v4.0\n[11:38:47] WARN: Deprecated API usage\nStep 10/10: Building\nCache hit for key-2598\nStep 5/10: Building\nArtifact uploaded: build.tar.gz (13MB)\n\u2713 build completed\n[11:38:47] INFO: Processing request\nStep 1/10: Building\nArtifact uploaded: build.tar.gz (16MB)\n  PASS: test_user_create (112ms)\nCompiling src/handler.rs...\nArtifact uploaded: build.tar.gz (6MB)\n=== Step build_artifact completed ===\n=== Step: deploy ===\nStep 8/10: Building\nCache hit for key-1819\n[11:38:47] INFO: Processing request\nInstalling jest@1.9.0\nCompiling src/main.py...\nCache hit for key-9919\nInstalling prettier@2.6.0\n\u2717 build failed with exit code 122\n  PASS: test_cache_hit (54ms)\nCompiling src/service.java...\nFAILED: test_auth_login\nInstalling eslint@3.8.0\n[11:38:47] INFO: Processing request\n  PASS: test_auth_login (303ms)\nArtifact uploaded: build.tar.gz (45MB)\nInstalling axios@2.15.0\n\u2713 test completed\nArtifact uploaded: build.tar.gz (27MB)\n\u2713 build completed\nStep 6/10: Building\nArtifact uploaded: build.tar.gz (26MB)\nStep 4/10: Building\n  PASS: test_api_health (496ms)\nInstalling webpack@2.15.0\nInstalling express@3.12.0\n\u2713 lint completed\nInstalling express@2.3.0\n  PASS: test_user_create (18ms)\n\u2713 test completed\n\u2713 lint completed\nCompiling src/app.ts...\n\u2713 build completed\n[11:38:47] INFO: Processing request\n[11:38:47] INFO: Processing request\nStep 8/10: Building\nInstalling eslint@2.0.0\n[11:38:47] INFO: Processing request\nCache hit for key-2491\nArtifact uploaded: build.tar.gz (27MB)\n\u26a0 DEPRECATION: Feature will be removed in v2.0\nInstalling jest@4.19.0\nCompiling src/utils.go...\nStep 8/10: Building\nArtifact uploaded: build.tar.gz (46MB)\nStep 7/10: Building\n  PASS: test_api_health (347ms)\nArtifact uploaded: build.tar.gz (6MB)\nStep 4/10: Building\nCompiling src/index.js...\nStep 10/10: Building\n\u26a0 DEPRECATION: Feature will be removed in v3.0\nInstalling jest@1.20.0\nCache hit for key-3641\nInstalling jest@2.11.0\n[11:38:47] INFO: Processing request\n[11:38:47] ERROR: Connection failed\nCache hit for key-5318\nStep 10/10: Building\n  PASS: test_cache_hit (241ms)\nInstalling axios@2.9.0\n[11:38:47] INFO: Processing request\n[11:38:47] WARN: Deprecated API usage\nArtifact uploaded: build.tar.gz (38MB)\nWARNING: react has known vulnerabilities\nStep 4/10: Building\n[11:38:47] INFO: Processing request\n[11:38:47] INFO: Processing request\nWARNING: express has known vulnerabilities\n[11:38:47] INFO: Processing request\nInstalling prettier@4.4.0\nStep 6/10: Building\n[11:38:47] INFO: Processing request\nArtifact uploaded: build.tar.gz (35MB)\n  PASS: test_cache_hit (391ms)\nArtifact uploaded: build.tar.gz (5MB)\n[11:38:47] ERROR: Connection failed\nStep 8/10: Building\nCompiling src/index.js...\n  PASS: test_auth_login (350ms)\nCompiling src/service.java...\nArtifact uploaded: build.tar.gz (50MB)\nInstalling webpack@1.0.0\nCache hit for key-6623\nCompiling src/index.js...\nStep 10/10: Building\n  PASS: test_auth_login (477ms)\n=== Step deploy completed ===",
    "steps": [
      {
        "name": "checkout",
        "status": "success",
        "started_at": "2025-12-12T11:38:47.917072",
        "finished_at": "2025-12-12T11:38:54.041911",
        "log_lines": [
          "=== Step: checkout ===",
          "Artifact uploaded: build.tar.gz (4MB)",
          "Compiling src/index.js...",
          "\u26a0 DEPRECATION: Feature will be removed in v5.0",
          "Step 1/10: Building",
          "\u2713 lint completed",
          "Step 2/10: Building",
          "\u2713 test completed",
          "[11:38:47] ERROR: Connection failed",
          "Cache hit for key-9807",
          "[11:38:47] INFO: Processing request",
          "\u2713 build completed",
          "[11:38:47] INFO: Processing request",
          "[11:38:47] WARN: Deprecated API usage",
          "Step 7/10: Building",
          "\u2713 test completed",
          "[11:38:47] INFO: Processing request",
          "[11:38:47] WARN: Deprecated API usage",
          "\u2713 test completed",
          "\u2713 build completed",
          "Cache hit for key-9094",
          "  PASS: test_api_health (70ms)",
          "Compiling src/service.java...",
          "[11:38:47] ERROR: Connection failed",
          "WARNING: express has known vulnerabilities",
          "Installing prettier@3.9.0",
          "\u2713 test completed",
          "Compiling src/handler.rs...",
          "Step 6/10: Building",
          "\u2713 build completed",
          "Installing axios@5.14.0",
          "Step 3/10: Building",
          "Compiling src/service.java...",
          "Installing eslint@5.19.0",
          "Installing jest@2.5.0",
          "  PASS: test_auth_login (189ms)",
          "Artifact uploaded: build.tar.gz (18MB)",
          "Step 1/10: Building",
          "  PASS: test_db_connect (261ms)",
          "\u2713 lint completed",
          "  PASS: test_auth_login (298ms)",
          "Step 2/10: Building",
          "Cache hit for key-1976",
          "Installing eslint@2.11.0",
          "Compiling src/service.java...",
          "Compiling src/service.java...",
          "Artifact uploaded: build.tar.gz (11MB)",
          "Installing eslint@4.3.0",
          "Step 8/10: Building",
          "  PASS: test_user_create (418ms)",
          "Installing jest@3.16.0",
          "Artifact uploaded: build.tar.gz (50MB)",
          "Cache hit for key-7885",
          "\u2717 build failed with exit code 25",
          "  PASS: test_api_health (436ms)",
          "  PASS: test_api_health (311ms)",
          "Compiling src/handler.rs...",
          "FAILED: test_user_create",
          "Cache hit for key-4636",
          "Artifact uploaded: build.tar.gz (38MB)",
          "Step 7/10: Building",
          "Compiling src/service.java...",
          "Artifact uploaded: build.tar.gz (5MB)",
          "Step 3/10: Building",
          "Compiling src/app.ts...",
          "Cache hit for key-8971",
          "\u2713 test completed",
          "Compiling src/service.java...",
          "WARNING: webpack has known vulnerabilities",
          "Artifact uploaded: build.tar.gz (25MB)",
          "Step 5/10: Building",
          "Artifact uploaded: build.tar.gz (21MB)",
          "Compiling src/index.js...",
          "Compiling src/index.js...",
          "\u26a0 DEPRECATION: Feature will be removed in v4.0",
          "[11:38:47] ERROR: Connection failed",
          "\u26a0 DEPRECATION: Feature will be removed in v3.0",
          "Step 2/10: Building",
          "Step 1/10: Building",
          "Artifact uploaded: build.tar.gz (43MB)",
          "Installing webpack@1.19.0",
          "  PASS: test_user_create (415ms)",
          "Step 10/10: Building",
          "Cache hit for key-4476",
          "  PASS: test_db_connect (461ms)",
          "Cache hit for key-9060",
          "  PASS: test_db_connect (445ms)",
          "=== Step checkout completed ==="
        ]
      },
      {
        "name": "setup_environment",
        "status": "success",
        "started_at": "2025-12-12T11:38:54.041911",
        "finished_at": "2025-12-12T11:39:06.291589",
        "log_lines": [
          "=== Step: setup_environment ===",
          "  PASS: test_db_connect (320ms)",
          "Step 6/10: Building",
          "Artifact uploaded: build.tar.gz (19MB)",
          "Installing eslint@2.20.0",
          "Compiling src/main.py...",
          "Cache hit for key-7478",
          "Cache hit for key-6615",
          "[11:38:47] WARN: Deprecated API usage",
          "Installing axios@1.10.0",
          "Cache hit for key-1380",
          "Compiling src/main.py...",
          "\u2713 test completed",
          "Step 7/10: Building",
          "Exception: NullPointerException",
          "  PASS: test_auth_login (339ms)",
          "\u2713 build completed",
          "Compiling src/index.js...",
          "  PASS: test_cache_hit (43ms)",
          "[11:38:47] WARN: Deprecated API usage",
          "[11:38:47] WARN: Deprecated API usage",
          "Installing eslint@3.16.0",
          "Step 6/10: Building",
          "Compiling src/utils.go...",
          "  PASS: test_api_health (224ms)",
          "  PASS: test_auth_login (337ms)",
          "[11:38:47] WARN: Deprecated API usage",
          "\u2713 build completed",
          "Artifact uploaded: build.tar.gz (29MB)",
          "\u2713 lint completed",
          "\u26a0 DEPRECATION: Feature will be removed in v5.0",
          "  PASS: test_auth_login (233ms)",
          "[11:38:47] INFO: Processing request",
          "[11:38:47] INFO: Processing request",
          "Artifact uploaded: build.tar.gz (31MB)",
          "Step 8/10: Building",
          "\u2713 lint completed",
          "\u2713 build completed",
          "Artifact uploaded: build.tar.gz (11MB)",
          "\u2713 test completed",
          "Artifact uploaded: build.tar.gz (1MB)",
          "Installing react@5.2.0",
          "Compiling src/index.js...",
          "Compiling src/app.ts...",
          "Artifact uploaded: build.tar.gz (32MB)",
          "[11:38:47] WARN: Deprecated API usage",
          "Installing lodash@5.16.0",
          "Compiling src/handler.rs...",
          "Artifact uploaded: build.tar.gz (25MB)",
          "Step 1/10: Building",
          "[11:38:47] INFO: Processing request",
          "Step 1/10: Building",
          "  PASS: test_cache_hit (302ms)",
          "Compiling src/app.ts...",
          "[11:38:47] INFO: Processing request",
          "Installing eslint@4.1.0",
          "Artifact uploaded: build.tar.gz (26MB)",
          "Compiling src/handler.rs...",
          "Compiling src/index.js...",
          "\u2713 build completed",
          "  PASS: test_db_connect (400ms)",
          "Step 2/10: Building",
          "  PASS: test_db_connect (86ms)",
          "Step 5/10: Building",
          "Compiling src/app.ts...",
          "Compiling src/handler.rs...",
          "[11:38:47] INFO: Processing request",
          "Installing eslint@2.4.0",
          "Compiling src/main.py...",
          "Artifact uploaded: build.tar.gz (25MB)",
          "  PASS: test_cache_hit (135ms)",
          "Artifact uploaded: build.tar.gz (26MB)",
          "  PASS: test_user_create (97ms)",
          "Installing prettier@4.20.0",
          "Artifact uploaded: build.tar.gz (32MB)",
          "Cache hit for key-5449",
          "Cache hit for key-9245",
          "\u2713 lint completed",
          "Compiling src/utils.go...",
          "[11:38:47] INFO: Processing request",
          "Cache hit for key-2670",
          "Cache hit for key-9850",
          "Artifact uploaded: build.tar.gz (10MB)",
          "[11:38:47] INFO: Processing request",
          "  PASS: test_db_connect (208ms)",
          "Compiling src/service.java...",
          "[11:38:47] WARN: Deprecated API usage",
          "=== Step setup_environment completed ==="
        ]
      },
      {
        "name": "install_dependencies",
        "status": "success",
        "started_at": "2025-12-12T11:39:06.291589",
        "finished_at": "2025-12-12T11:39:30.790946",
        "log_lines": [
          "=== Step: install_dependencies ===",
          "[11:38:47] INFO: Processing request",
          "Artifact uploaded: build.tar.gz (4MB)",
          "  PASS: test_user_create (326ms)",
          "  PASS: test_cache_hit (253ms)",
          "\u26a0 DEPRECATION: Feature will be removed in v2.0",
          "\u2713 build completed",
          "\u26a0 DEPRECATION: Feature will be removed in v5.0",
          "[11:38:47] INFO: Processing request",
          "\u2717 build failed with exit code 47",
          "Compiling src/service.java...",
          "[11:38:47] INFO: Processing request",
          "Compiling src/handler.rs...",
          "Cache hit for key-4185",
          "Compiling src/utils.go...",
          "Installing express@3.19.0",
          "Step 7/10: Building",
          "[11:38:47] WARN: Deprecated API usage",
          "\u26a0 DEPRECATION: Feature will be removed in v4.0",
          "Artifact uploaded: build.tar.gz (7MB)",
          "[11:38:47] INFO: Processing request",
          "  PASS: test_cache_hit (163ms)",
          "Artifact uploaded: build.tar.gz (19MB)",
          "Compiling src/service.java...",
          "Compiling src/handler.rs...",
          "[11:38:47] INFO: Processing request",
          "Installing lodash@4.19.0",
          "[11:38:47] INFO: Processing request",
          "Cache hit for key-1638",
          "  PASS: test_cache_hit (308ms)",
          "Installing axios@4.16.0",
          "Compiling src/app.ts...",
          "Installing axios@4.11.0",
          "Step 2/10: Building",
          "[11:38:47] ERROR: Connection failed",
          "  PASS: test_api_health (479ms)",
          "Artifact uploaded: build.tar.gz (41MB)",
          "Cache hit for key-8423",
          "  PASS: test_api_health (165ms)",
          "  PASS: test_db_connect (170ms)",
          "FAILED: test_db_connect",
          "Artifact uploaded: build.tar.gz (50MB)",
          "Cache hit for key-6427",
          "Installing express@4.4.0",
          "Cache hit for key-7330",
          "Step 7/10: Building",
          "[11:38:47] INFO: Processing request",
          "[11:38:47] INFO: Processing request",
          "Step 7/10: Building",
          "Installing webpack@3.8.0",
          "Artifact uploaded: build.tar.gz (25MB)",
          "Step 1/10: Building",
          "  PASS: test_cache_hit (298ms)",
          "  PASS: test_db_connect (406ms)",
          "  PASS: test_auth_login (124ms)",
          "Cache hit for key-3180",
          "\u2713 lint completed",
          "Cache hit for key-6916",
          "\u2713 test completed",
          "Step 7/10: Building",
          "  PASS: test_cache_hit (373ms)",
          "Step 3/10: Building",
          "Compiling src/main.py...",
          "[11:38:47] WARN: Deprecated API usage",
          "Compiling src/index.js...",
          "Compiling src/handler.rs...",
          "Step 4/10: Building",
          "[11:38:47] INFO: Processing request",
          "Cache hit for key-1023",
          "Step 2/10: Building",
          "Step 3/10: Building",
          "Step 3/10: Building",
          "[11:38:47] INFO: Processing request",
          "Installing eslint@5.11.0",
          "\u2713 test completed",
          "Step 2/10: Building",
          "Compiling src/utils.go...",
          "Cache hit for key-1911",
          "WARNING: webpack has known vulnerabilities",
          "  PASS: test_db_connect (114ms)",
          "Installing express@4.6.0",
          "Artifact uploaded: build.tar.gz (15MB)",
          "[11:38:47] INFO: Processing request",
          "  PASS: test_auth_login (189ms)",
          "\u2713 test completed",
          "Cache hit for key-5731",
          "Compiling src/service.java...",
          "=== Step install_dependencies completed ==="
        ]
      },
      {
        "name": "run_tests",
        "status": "success",
        "started_at": "2025-12-12T11:39:30.790946",
        "finished_at": "2025-12-12T11:40:13.664820",
        "log_lines": [
          "=== Step: run_tests ===",
          "Cache hit for key-3189",
          "[11:38:47] WARN: Deprecated API usage",
          "Step 8/10: Building",
          "[11:38:47] WARN: Deprecated API usage",
          "Cache hit for key-5151",
          "\u2713 build completed",
          "\u2713 build completed",
          "Installing prettier@3.9.0",
          "Compiling src/service.java...",
          "  PASS: test_db_connect (500ms)",
          "  PASS: test_api_health (139ms)",
          "Artifact uploaded: build.tar.gz (24MB)",
          "FAILED: test_auth_login",
          "Artifact uploaded: build.tar.gz (9MB)",
          "Compiling src/utils.go...",
          "  PASS: test_api_health (72ms)",
          "Step 8/10: Building",
          "Installing jest@3.2.0",
          "[11:38:47] INFO: Processing request",
          "Compiling src/app.ts...",
          "\u2713 lint completed",
          "Artifact uploaded: build.tar.gz (44MB)",
          "  PASS: test_api_health (138ms)",
          "Cache hit for key-8822",
          "\u2713 build completed",
          "  PASS: test_auth_login (18ms)",
          "Installing axios@5.6.0",
          "  PASS: test_db_connect (198ms)",
          "\u26a0 DEPRECATION: Feature will be removed in v3.0",
          "Installing webpack@3.0.0",
          "Compiling src/utils.go...",
          "Step 6/10: Building",
          "Compiling src/utils.go...",
          "Artifact uploaded: build.tar.gz (47MB)",
          "Cache hit for key-3252",
          "  PASS: test_cache_hit (103ms)",
          "\u2713 lint completed",
          "Cache hit for key-2913",
          "\u2713 test completed",
          "[11:38:47] INFO: Processing request",
          "Cache hit for key-1420",
          "[11:38:47] INFO: Processing request",
          "Installing jest@4.0.0",
          "\u2713 build completed",
          "  PASS: test_db_connect (296ms)",
          "Installing jest@1.12.0",
          "Cache hit for key-1762",
          "Step 3/10: Building",
          "Step 2/10: Building",
          "Installing express@1.17.0",
          "  PASS: test_api_health (177ms)",
          "Compiling src/index.js...",
          "Step 1/10: Building",
          "[11:38:47] INFO: Processing request",
          "Installing prettier@4.11.0",
          "Artifact uploaded: build.tar.gz (19MB)",
          "  PASS: test_cache_hit (451ms)",
          "[11:38:47] INFO: Processing request",
          "[11:38:47] INFO: Processing request",
          "[11:38:47] WARN: Deprecated API usage",
          "[11:38:47] INFO: Processing request",
          "Cache hit for key-4831",
          "Compiling src/utils.go...",
          "Cache hit for key-6631",
          "Cache hit for key-7046",
          "Cache hit for key-3572",
          "\u2713 build completed",
          "Step 4/10: Building",
          "Cache hit for key-5904",
          "Installing axios@1.3.0",
          "  PASS: test_cache_hit (97ms)",
          "Cache hit for key-4699",
          "[11:38:47] INFO: Processing request",
          "Installing lodash@2.13.0",
          "[11:38:47] INFO: Processing request",
          "Installing axios@4.16.0",
          "  PASS: test_user_create (474ms)",
          "  PASS: test_cache_hit (103ms)",
          "  PASS: test_db_connect (438ms)",
          "  PASS: test_auth_login (109ms)",
          "Compiling src/main.py...",
          "Installing eslint@2.9.0",
          "Cache hit for key-9697",
          "[11:38:47] WARN: Deprecated API usage",
          "[11:38:47] INFO: Processing request",
          "[11:38:47] ERROR: Connection failed",
          "=== Step run_tests completed ==="
        ]
      },
      {
        "name": "build_artifact",
        "status": "success",
        "started_at": "2025-12-12T11:40:13.664820",
        "finished_at": "2025-12-12T11:40:38.164177",
        "log_lines": [
          "=== Step: build_artifact ===",
          "\u2713 build completed",
          "[11:38:47] INFO: Processing request",
          "[11:38:47] INFO: Processing request",
          "Artifact uploaded: build.tar.gz (40MB)",
          "Artifact uploaded: build.tar.gz (37MB)",
          "WARNING: jest has known vulnerabilities",
          "\u2713 lint completed",
          "\u26a0 DEPRECATION: Feature will be removed in v5.0",
          "Compiling src/utils.go...",
          "  PASS: test_cache_hit (288ms)",
          "Artifact uploaded: build.tar.gz (38MB)",
          "Compiling src/handler.rs...",
          "  PASS: test_db_connect (124ms)",
          "  PASS: test_cache_hit (378ms)",
          "\u2713 test completed",
          "  PASS: test_cache_hit (209ms)",
          "\u2713 build completed",
          "Step 3/10: Building",
          "  PASS: test_cache_hit (160ms)",
          "Compiling src/index.js...",
          "[11:38:47] INFO: Processing request",
          "Installing lodash@2.4.0",
          "[11:38:47] INFO: Processing request",
          "[11:38:47] INFO: Processing request",
          "Artifact uploaded: build.tar.gz (18MB)",
          "Installing prettier@1.13.0",
          "[11:38:47] INFO: Processing request",
          "Installing jest@1.3.0",
          "[11:38:47] INFO: Processing request",
          "Compiling src/main.py...",
          "[11:38:47] INFO: Processing request",
          "Cache hit for key-9467",
          "Artifact uploaded: build.tar.gz (48MB)",
          "\u2713 test completed",
          "\u2713 lint completed",
          "Compiling src/main.py...",
          "WARNING: lodash has known vulnerabilities",
          "[11:38:47] INFO: Processing request",
          "Installing lodash@5.16.0",
          "Cache hit for key-7427",
          "Cache hit for key-8096",
          "Compiling src/main.py...",
          "Artifact uploaded: build.tar.gz (4MB)",
          "Cache hit for key-3069",
          "Installing prettier@1.10.0",
          "[11:38:47] INFO: Processing request",
          "Compiling src/index.js...",
          "Compiling src/index.js...",
          "Artifact uploaded: build.tar.gz (50MB)",
          "Step 6/10: Building",
          "\u2713 test completed",
          "[11:38:47] INFO: Processing request",
          "Installing express@5.17.0",
          "\u26a0 DEPRECATION: Feature will be removed in v4.0",
          "[11:38:47] INFO: Processing request",
          "[11:38:47] WARN: Deprecated API usage",
          "\u26a0 DEPRECATION: Feature will be removed in v2.0",
          "  PASS: test_auth_login (215ms)",
          "Installing react@4.5.0",
          "Installing eslint@5.13.0",
          "Compiling src/handler.rs...",
          "Cache hit for key-7970",
          "Cache hit for key-8902",
          "Installing react@5.6.0",
          "[11:38:47] INFO: Processing request",
          "Cache hit for key-9039",
          "\u2713 build completed",
          "Installing react@5.7.0",
          "Cache hit for key-6227",
          "Cache hit for key-7374",
          "Cache hit for key-3632",
          "Cache hit for key-2558",
          "WARNING: react has known vulnerabilities",
          "\u26a0 DEPRECATION: Feature will be removed in v4.0",
          "[11:38:47] WARN: Deprecated API usage",
          "Step 10/10: Building",
          "Cache hit for key-2598",
          "Step 5/10: Building",
          "Artifact uploaded: build.tar.gz (13MB)",
          "\u2713 build completed",
          "[11:38:47] INFO: Processing request",
          "Step 1/10: Building",
          "Artifact uploaded: build.tar.gz (16MB)",
          "  PASS: test_user_create (112ms)",
          "Compiling src/handler.rs...",
          "Artifact uploaded: build.tar.gz (6MB)",
          "=== Step build_artifact completed ==="
        ]
      },
      {
        "name": "deploy",
        "status": "success",
        "started_at": "2025-12-12T11:40:38.164177",
        "finished_at": "2025-12-12T11:40:50.413855",
        "log_lines": [
          "=== Step: deploy ===",
          "Step 8/10: Building",
          "Cache hit for key-1819",
          "[11:38:47] INFO: Processing request",
          "Installing jest@1.9.0",
          "Compiling src/main.py...",
          "Cache hit for key-9919",
          "Installing prettier@2.6.0",
          "\u2717 build failed with exit code 122",
          "  PASS: test_cache_hit (54ms)",
          "Compiling src/service.java...",
          "FAILED: test_auth_login",
          "Installing eslint@3.8.0",
          "[11:38:47] INFO: Processing request",
          "  PASS: test_auth_login (303ms)",
          "Artifact uploaded: build.tar.gz (45MB)",
          "Installing axios@2.15.0",
          "\u2713 test completed",
          "Artifact uploaded: build.tar.gz (27MB)",
          "\u2713 build completed",
          "Step 6/10: Building",
          "Artifact uploaded: build.tar.gz (26MB)",
          "Step 4/10: Building",
          "  PASS: test_api_health (496ms)",
          "Installing webpack@2.15.0",
          "Installing express@3.12.0",
          "\u2713 lint completed",
          "Installing express@2.3.0",
          "  PASS: test_user_create (18ms)",
          "\u2713 test completed",
          "\u2713 lint completed",
          "Compiling src/app.ts...",
          "\u2713 build completed",
          "[11:38:47] INFO: Processing request",
          "[11:38:47] INFO: Processing request",
          "Step 8/10: Building",
          "Installing eslint@2.0.0",
          "[11:38:47] INFO: Processing request",
          "Cache hit for key-2491",
          "Artifact uploaded: build.tar.gz (27MB)",
          "\u26a0 DEPRECATION: Feature will be removed in v2.0",
          "Installing jest@4.19.0",
          "Compiling src/utils.go...",
          "Step 8/10: Building",
          "Artifact uploaded: build.tar.gz (46MB)",
          "Step 7/10: Building",
          "  PASS: test_api_health (347ms)",
          "Artifact uploaded: build.tar.gz (6MB)",
          "Step 4/10: Building",
          "Compiling src/index.js...",
          "Step 10/10: Building",
          "\u26a0 DEPRECATION: Feature will be removed in v3.0",
          "Installing jest@1.20.0",
          "Cache hit for key-3641",
          "Installing jest@2.11.0",
          "[11:38:47] INFO: Processing request",
          "[11:38:47] ERROR: Connection failed",
          "Cache hit for key-5318",
          "Step 10/10: Building",
          "  PASS: test_cache_hit (241ms)",
          "Installing axios@2.9.0",
          "[11:38:47] INFO: Processing request",
          "[11:38:47] WARN: Deprecated API usage",
          "Artifact uploaded: build.tar.gz (38MB)",
          "WARNING: react has known vulnerabilities",
          "Step 4/10: Building",
          "[11:38:47] INFO: Processing request",
          "[11:38:47] INFO: Processing request",
          "WARNING: express has known vulnerabilities",
          "[11:38:47] INFO: Processing request",
          "Installing prettier@4.4.0",
          "Step 6/10: Building",
          "[11:38:47] INFO: Processing request",
          "Artifact uploaded: build.tar.gz (35MB)",
          "  PASS: test_cache_hit (391ms)",
          "Artifact uploaded: build.tar.gz (5MB)",
          "[11:38:47] ERROR: Connection failed",
          "Step 8/10: Building",
          "Compiling src/index.js...",
          "  PASS: test_auth_login (350ms)",
          "Compiling src/service.java...",
          "Artifact uploaded: build.tar.gz (50MB)",
          "Installing webpack@1.0.0",
          "Cache hit for key-6623",
          "Compiling src/index.js...",
          "Step 10/10: Building",
          "  PASS: test_auth_login (477ms)",
          "=== Step deploy completed ==="
        ]
      }
    ],
    "label": "normal"
  }
}