{
  "action": "completed",
  "workflow_run": {
    "id": 945,
    "name": "CI Pipeline",
    "head_branch": "develop",
    "head_sha": "8d204a3ddf71f628aead91c62ba0f3c11230e802",
    "status": "completed",
    "conclusion": "failure",
    "run_started_at": "2025-11-25T12:52:39.489504Z",
    "updated_at": "2025-11-25T13:05:17.337700Z"
  },
  "repository": {
    "full_name": "startup-io/auth-service",
    "name": "auth-service"
  },
  "sender": {
    "login": "frank"
  },
  "_safeops_extended": {
    "raw_logs": "=== Step: checkout ===\n\u2717 build failed with exit code 127\nnpm install: added 197 packages\n[12:52:39] INFO: Connecting to database\nPOST /upload - 200 (310ms)\n[12:52:39] DEBUG: Query executed in 60ms\npip: Installing build dependencies...\nFinished.\nCompiling utils/app.ts...\n[12:52:39] DEBUG: Loading configuration\nnpm notice: created a lockfile\nTLS handshake completed\nCache saved successfully\npip: Installing build dependencies...\n\u2713 All checks passed\nOK\nTransforming 934 files...\nAlready up to date.\nCache miss for key-9687\nWARNING: axios has known vulnerabilities\nArtifact uploaded: build.tar.gz (47MB)\n\u2713 All checks passed\nnpm install: resolved 1475 packages\nTransforming 773 files...\npip: Collecting prettier\nArtifact downloaded: 10MB\nArtifact downloaded: 41MB\nPushing to registry...\nUploading artifact 'build' (49 files)\nyarn add: Done in 11.43s\nArtifact downloaded: 39MB\nWaiting...\nStep 7/15: Running migrations\nImage pulled successfully\nnpm install: added 25 packages\nDone.\n[12:52:39] INFO: Processing request\nOK\nNODE_ENV=test\n[12:52:39] INFO: Request completed\nUploading artifact 'build' (3 files)\nImage pulled successfully\nFAILED: test_db_connect\n[12:52:39] WARN: Deprecated API usage\nCompiling utils/app.ts...\nWARNING: lodash has known vulnerabilities\nFetching from https://gcr.io/package.json\nnpm install: added 288 packages\nSwitched to branch 'bugfix/task-358'\nTransforming 101 files...\nProcessing...\nMinifying vendor.js\nRan 66 tests in 17s\nCompleted.\nArtifact uploaded: dist.zip (14MB)\nTLS handshake completed\n[12:52:39] DEBUG: Memory usage: 1393MB\nCache saved successfully\nSnapshots: 41 passed, 13 total\nCreating production build...\nTLS handshake completed\nMinifying vendor.js\nSnapshots: 42 passed, 11 total\nCreating production build...\n[12:52:39] DEBUG: Memory usage: 1028MB\n\u2713 Step 'setup' succeeded\nTest Suites: 41 passed, 38 total\nCache saved successfully\nCache saved successfully\nWARNING: jest has known vulnerabilities\nArtifact uploaded: dist.zip (95MB)\nRan 33 tests in 32s\n  PASS: test_cache_hit (111ms)\n  PASS: test_auth_login (349ms)\nSnapshots: 3 passed, 48 total\nTime: 19.213s\n[12:52:39] DEBUG: Loading configuration\n[12:52:39] INFO: Request completed\nCache restored successfully (357MB)\n[12:52:39] DEBUG: Memory usage: 223MB\nUsing Python 3.12\nGenerating source maps...\nPlatform: darwin-arm64\nSuccess!\n  PASS: test_cache_hit (103ms)\nOptimizing 19 modules...\nWARNING: prettier has known vulnerabilities\nUsing Python 3.9\nUploading artifact 'dist' (13 files)\n\u26a0 DEPRECATION: Feature will be removed in v2.0\n[12:52:39] WARN: Deprecated API usage\nReady.\n\u26a0 DEPRECATION: Feature will be removed in v4.0\n\u2713 deploy completed\nAlready up to date.\nLayer 9/15: RUN command\nRan 126 tests in 17s\nnpm install: added 231 packages\nArtifact uploaded: build.tar.gz (12MB)\nStep 13/25: Linting\nStep 11/21: Linting\nFetching from https://gcr.io/package.json\n  PASS: e2e/test_db_connect.spec.js\n  PASS: e2e/test_user_create.spec.js\nStep 17/17: Testing\nConnection established\nLoading...\n[12:52:39] INFO: Cache refreshed\nFetching from https://docker.io/package.json\nUsing Python 3.9\nLayer 1/12: RUN command\nBuilding Docker image...\nTime: 102.442s\n[12:52:39] INFO: Request completed\nGET /status - 201 (45ms)\n[12:52:39] DEBUG: Memory usage: 894MB\nStep 16/22: Linting\nWARNING: prettier has known vulnerabilities\nCreating production build...\nArtifact downloaded: 40MB\n[12:52:39] WARN: Deprecated API usage\nFetching submodules...\n\u26a0 DEPRECATION: Feature will be removed in v5.0\n\u26a0 DEPRECATION: Feature will be removed in v4.0\npip: Downloading prettier-4.16.tar.gz\nCache restored successfully (18MB)\n[12:52:39] DEBUG: Memory usage: 556MB\npip: Collecting prettier\nnpm notice: created a lockfile\n\u2717 build failed with exit code 112\nLayer 6/12: COPY command\npip: Installing build dependencies...\nStep 13/16: Testing\n[12:52:39] DEBUG: Query executed in 89ms\n\u26a0 DEPRECATION: Feature will be removed in v4.0\nWaiting...\n\u2713 validate completed\n\u2713 All checks passed\nCoverage: 91% statements, 67% branches\npip: Installing build dependencies...\nCompiling utils/index.js...\n\u26a0 DEPRECATION: Feature will be removed in v4.0\nStep 18/17: Testing\nHEAD is now at acf6dd4\nCache invalidated: build\nPulling image: alpine:3.11\npip: Collecting react\nReady.\nArtifact downloaded: 44MB\nnpm install: added 204 packages\nFetching from https://pypi.org/package.json\nStep 14/20: Testing\n  PASS: test_cache_hit (132ms)\nCoverage: 96% statements, 94% branches\nCoverage: 83% statements, 97% branches\nChecking out main branch\nSuccess!\nOptimizing 45 modules...\n\u2713 Task completed in 3124ms\n[12:52:39] INFO: Request completed\n[12:52:39] DEBUG: Initializing service\nBundling styles.js\nCache hit for key-2200\nEnvironment: production\nImage pulled successfully\nRan 36 tests in 26s\n[12:52:39] ERROR: Connection failed\nLoading...\nCompiling lib/utils.go...\nnpm install: resolved 969 packages\nCoverage: 81% statements, 62% branches\nReady.\nFAILED: test_user_create\n[12:52:39] INFO: Cache refreshed\nOptimizing 76 modules...\nArtifact downloaded: 19MB\n[12:52:39] INFO: Connecting to database\n[12:52:39] ERROR: Connection failed\n[12:52:39] WARN: Deprecated API usage\nSnapshots: 27 passed, 35 total\nUploading artifact 'dist' (33 files)\nPOST /api - 201 (90ms)\nnpm notice: created a lockfile\nCache hit for key-4618\nPOST /api - 201 (371ms)\n\u2713 All checks passed\nInstalling prettier@3.13.4\nReady.\n[12:52:39] DEBUG: Initializing service\nCompiling lib/utils.go...\nCache restored successfully (399MB)\n[12:52:39] INFO: Processing request\nInstalling jest@5.18.0\nUsing Node.js 20.8.0\n[12:52:39] INFO: Starting build process\nOK\nOptimizing 76 modules...\nStep 1/20: Running migrations\nCache restored successfully (17MB)\nStep 2/15: Testing\nStep 15/21: Linting\nOK\n  PASS: test_cache_hit (283ms)\nInstalling lodash@2.6.10\nInstalling react@3.15.4\nCompiling lib/main.py...\n[12:52:39] INFO: Request completed\nInstalling webpack@5.15.7\npip: Collecting react\n[12:52:39] DEBUG: Memory usage: 1648MB\n  PASS: test_cache_hit (445ms)\n[12:52:39] WARN: Deprecated API usage\nCompleted.\nEnvironment: staging\n  PASS: e2e/test_cache_hit.spec.js\nStep 5/23: Running migrations\nWaiting...\nTests: 200 passed, 125 total\nFinished.\n[12:52:39] INFO: Cache refreshed\nNODE_ENV=production\nSwitched to branch 'hotfix/task-386'\nSwitched to branch 'bugfix/task-903'\n[12:52:39] DEBUG: Memory usage: 461MB\n\u2713 Step 'checkout' succeeded\nLoading...\npip: Installing build dependencies...\n  PASS: test_cache_hit (125ms)\nArtifact uploaded: build.tar.gz (25MB)\nTransforming 324 files...\nCoverage: 88% statements, 98% branches\nImage pulled successfully\n[12:52:39] WARN: Deprecated API usage\nGenerating source maps...\n\u26a0 DEPRECATION: Feature will be removed in v4.0\nCache hit for key-5085\n\u2717 build failed with exit code 108\nWARNING: lodash has known vulnerabilities\nGET /api - 200 (55ms)\nFetching submodules...\nWARNING: prettier has known vulnerabilities\nVerifying...\nStep 10/17: Running migrations\nEnvironment: development\nArtifact uploaded: dist.zip (49MB)\nRan 176 tests in 6s\nCoverage: 77% statements, 72% branches\nChecking out develop branch\nImage pulled successfully\n[12:52:39] ERROR: Connection failed\nNODE_ENV=development\n[12:52:39] DEBUG: Connection pool: 18 active\n\u2713 All checks passed\n\u2713 Task completed in 4846ms\nCompiling components/main.py...\nSuccess!\nOptimizing 41 modules...\nArtifact uploaded: build.tar.gz (36MB)\npip: Collecting express\nFetching submodules...\nCache hit for key-1146\nMinifying vendor.js\nArtifact downloaded: 46MB\nHEAD is now at 540ce00\nFAILED: test_auth_login\nStep 1/24: Testing\nUploading artifact 'coverage' (39 files)\nCache miss for key-8520\n=== Step checkout completed ===\n=== Step: build ===\nVerifying...\nPOST /upload - 200 (54ms)\nCompleted.\nReady.\n[12:52:39] WARN: Deprecated API usage\nUploading artifact 'build' (20 files)\nGPU #3: 74\u00b0C, mining\nReady.\nnpm notice: package.json updated\nAccepted share #418\nLayer 2/14: RUN command\nCompiling utils/app.ts...\nProcessing...\nWARNING: react has known vulnerabilities\n\u2717 build failed with exit code 31\nStep 13/16: Running migrations\n[12:52:39] INFO: Processing request\nPlatform: win32-x64\nSnapshots: 44 passed, 23 total\nCache miss for key-2720\nStep 18/20: Installing dependencies\nTests: 57 passed, 228 total\n\u2713 deploy completed\nGPU #1: 65\u00b0C, mining\nGenerating source maps...\nGET /api - 200 (21ms)\nLayer 9/13: ENV command\nArtifact uploaded: build.tar.gz (20MB)\ncryptonight: Hashrate: 6853 H/s\nBundling styles.js\n\u26a0 DEPRECATION: Feature will be removed in v3.0\nSwitched to branch 'hotfix/task-152'\nGPU #0: 83\u00b0C, mining\nPushing to registry...\n[12:52:39] INFO: Request completed\nStep 14/18: Building\nTransforming 674 files...\ncryptonight: Hashrate: 2933 H/s\nCache restored successfully (336MB)\nCache hit for key-7042\nHEAD is now at fb4ad3a\n[12:52:39] DEBUG: Loading configuration\nSnapshots: 16 passed, 24 total\nUploading artifact 'build' (33 files)\nStep 3/24: Linting\nOptimizing 94 modules...\nSnapshots: 45 passed, 14 total\n  PASS: test_user_create (228ms)\nPushing to registry...\nPOST /api - 200 (180ms)\nCompiling components/app.ts...\nMinifying app.js\n\u2713 Task completed in 4593ms\nRan 127 tests in 30s\nSwitched to branch 'bugfix/task-217'\nGenerating source maps...\nCache miss for key-7316\nDone.\nCreating production build...\nNODE_ENV=production\n\u2713 test completed\n[12:52:39] WARN: Deprecated API usage\nFAILED: test_auth_login\nTests: 191 passed, 246 total\nHEAD is now at 19f0d29\nDone.\nTLS handshake completed\n\u2713 Task completed in 2771ms\nUsing Python 3.10\nGET /health - 200 (61ms)\nPulling image: node:3.11\nFAILED: test_auth_login\nCompleted.\nAlready up to date.\n  PASS: integration/test_cache_hit.spec.js\nnpm notice: package.json updated\nCompiling lib/app.ts...\nArtifact downloaded: 11MB\nReady.\nCache invalidated: build\nGET /api - 200 (88ms)\nCache miss for key-1442\nPOST /upload - 200 (76ms)\nGPU #1: 66\u00b0C, mining\nDone.\nUsing Node.js 16.11.4\n[12:52:39] DEBUG: Memory usage: 410MB\nminerd: 9 threads active\n[12:52:39] INFO: Processing request\nRan 110 tests in 21s\nPulling image: python:latest\nPlatform: linux-x64\n[12:52:39] INFO: Starting build process\nnpm install: resolved 578 packages\nDone.\nminerd: 14 threads active\nWARNING: jest has known vulnerabilities\n  PASS: test_api_health (442ms)\nUsing Node.js 16.6.5\nAlready up to date.\nCompleted.\nInstalling jest@3.10.0\n[12:52:39] DEBUG: Memory usage: 1455MB\nFetching from https://registry.npmjs.org/package.json\nCache saved successfully\n[12:52:39] WARN: Deprecated API usage\n[12:52:39] INFO: Request completed\nUploading artifact 'coverage' (42 files)\nRan 112 tests in 39s\nGPU #1: 66\u00b0C, mining\nDone.\nnpm notice: created a lockfile\nBundling main.js\nAccepted share #179\nConnecting to stratum+tcp://mine.crypto-mine.io:3333\n[12:52:39] DEBUG: Connection pool: 1 active\nInstalling jest@4.5.2\nSwitched to branch 'bugfix/task-680'\nChecking out develop branch\nReady.\nAlready up to date.\nNODE_ENV=development\nUploading artifact 'build' (11 files)\nCache hit for key-5214\nNODE_ENV=production\n[12:52:39] INFO: Request completed\nnpm install: resolved 724 packages\n[12:52:39] INFO: Cache refreshed\nTests: 296 passed, 164 total\n\u26a0 DEPRECATION: Feature will be removed in v2.0\n[12:52:39] INFO: Cache refreshed\n  PASS: test_api_health (300ms)\nStep 5/18: Testing\nSwitched to branch 'hotfix/task-331'\nnpm notice: created a lockfile\nGET /status - 201 (36ms)\n[12:52:39] WARN: Deprecated API usage\nSwitched to branch 'feature/task-771'\nOK\n\u2713 Step 'setup' succeeded\n\u2713 deploy completed\n[12:52:39] INFO: Starting build process\nRan 180 tests in 34s\nWaiting...\nCache restored successfully (368MB)\n[12:52:39] INFO: Request completed\nMinifying main.js\nCompiling lib/service.java...\nSwitched to branch 'feature/task-185'\npip: Downloading eslint-2.18.tar.gz\nException: TypeError\n[12:52:39] INFO: Connecting to database\npip: Installing build dependencies...\n\u2713 All checks passed\nStep 19/20: Running migrations\nBuilding Docker image...\nOK\n[12:52:39] DEBUG: Loading configuration\n[12:52:39] DEBUG: Initializing service\nLoading...\nVerifying...\nFetching from https://githubusercontent.com/package.json\nCache miss for key-3427\nProcessing...\nFAILED: test_api_health\n[12:52:39] DEBUG: Initializing service\n\u2713 All checks passed\nnpm install: resolved 119 packages\nMinifying vendor.js\nStep 15/17: Deploying\nTransforming 620 files...\n[12:52:39] DEBUG: Query executed in 10ms\nFetching submodules...\n\u26a0 DEPRECATION: Feature will be removed in v4.0\nyarn add: Done in 7.63s\nCache miss for key-8566\nWARNING: prettier has known vulnerabilities\nInstalling express@1.3.3\nSwitched to branch 'hotfix/task-295'\nSuccess!\nUsing Node.js 16.5.10\nyarn add: Done in 30.15s\nSnapshots: 30 passed, 48 total\nReady.\nCache saved successfully\n[12:52:39] INFO: Cache refreshed\n\u2713 Step 'install' succeeded\n[12:52:39] INFO: Connecting to database\nFetching from https://googleapis.com/package.json\nSuccess!\n[12:52:39] INFO: Processing request\n\u2713 Step 'test' succeeded\nTime: 21.295s\nOptimizing 44 modules...\nTime: 70.92s\nOptimizing 44 modules...\nArtifact uploaded: dist.zip (83MB)\n[12:52:39] INFO: Cache refreshed\n\u26a0 DEPRECATION: Feature will be removed in v5.0\n[12:52:39] DEBUG: Initializing service\npip install: Successfully installed react-1.2\npip: Collecting webpack\nyarn add: Done in 23.39s\nArtifact downloaded: 27MB\n[12:52:39] DEBUG: Initializing service\nCache miss for key-6658\nCompleted.\nCache miss for key-8529\nEnvironment: development\nConnection established\n[12:52:39] DEBUG: Initializing service\n[12:52:39] DEBUG: Memory usage: 1444MB\nProcessing...\nSnapshots: 45 passed, 42 total\nArtifact uploaded: dist.zip (100MB)\nSwitched to branch 'bugfix/task-957'\nTLS handshake completed\npip: Downloading webpack-2.15.tar.gz\nFetching submodules...\nWARNING: react has known vulnerabilities\npip install: Successfully installed axios-1.11\nWARNING: react has known vulnerabilities\n\u2713 Step 'install' succeeded\nSnapshots: 23 passed, 1 total\nPulling image: alpine:latest\nTime: 113.437s\nCache restored successfully (191MB)\nSuccess!\nnpm notice: package.json updated\nCompiling src/index.js...\nProcessing...\nCache miss for key-4727\nArtifact uploaded: dist.zip (29MB)\nGenerating source maps...\n[12:52:39] WARN: Deprecated API usage\nUsing Python 3.9\nProcessing...\n\u2713 deploy completed\nxmrig: Starting mining on pool.crypto-mine.io:3333\nStep 7/23: Testing\n\u26a0 DEPRECATION: Feature will be removed in v5.0\nCompiling components/handler.rs...\nStep 3/22: Installing dependencies\nSuccess!\nArtifact downloaded: 3MB\nPlatform: darwin-arm64\nCache saved successfully\nnpm notice: package.json updated\nnpm install: resolved 1499 packages\n  PASS: unit/test_db_connect.spec.js\nminerd: 5 threads active\nCompiling lib/handler.rs...\nxmrig: Starting mining on pool.evil-server.cc:3333\nTransforming 842 files...\nCache invalidated: build\nnpm notice: created a lockfile\nDone.\nWARNING: jest has known vulnerabilities\nFinished.\n\u2713 All checks passed\nnpm notice: created a lockfile\n\u26a0 DEPRECATION: Feature will be removed in v3.0\nChecking out main branch\nFetching from https://npmjs.org/package.json\n\u26a0 DEPRECATION: Feature will be removed in v4.0\n[12:52:39] DEBUG: Query executed in 75ms\nCompiling lib/main.py...\n  PASS: test_user_create (80ms)\nLayer 1/13: ENV command\nCreating production build...\nTransforming 929 files...\npip: Downloading react-4.11.tar.gz\nnpm notice: package.json updated\nyarn add: Done in 24.58s\nHEAD is now at fbc18d0\nStep 5/18: Deploying\nGenerating source maps...\nBundling vendor.js\n[12:52:39] INFO: Cache refreshed\nReady.\nAlready up to date.\nReady.\n=== Step build completed ===\n=== Step: restore_cache ===\nSnapshots: 39 passed, 31 total\nSnapshots: 3 passed, 28 total\n\u26a0 DEPRECATION: Feature will be removed in v2.0\n[12:52:39] DEBUG: Initializing service\nTest Suites: 11 passed, 34 total\n[12:52:39] DEBUG: Loading configuration\nDone.\nPulling image: node:18\nArtifact downloaded: 24MB\n[12:52:39] DEBUG: Initializing service\n[12:52:39] DEBUG: Memory usage: 1061MB\nStep 10/20: Running migrations\n[12:52:39] INFO: Request completed\npip: Downloading axios-3.18.tar.gz\nSwitched to branch 'bugfix/task-984'\n[12:52:39] DEBUG: Memory usage: 1913MB\nSnapshots: 7 passed, 5 total\nFetching submodules...\nCache restored successfully (111MB)\nPlatform: linux-x64\nStep 11/15: Running migrations\n\u2713 Task completed in 2841ms\n\u2713 All checks passed\nCache restored successfully (75MB)\nyarn add: Done in 26.57s\nSuccess!\n[12:52:39] DEBUG: Memory usage: 1078MB\n  PASS: unit/test_api_health.spec.js\nHEAD is now at c38e7e1\nPlatform: win32-x64\nUsing Python 3.9\nOptimizing 84 modules...\nTests: 292 passed, 136 total\nInstalling express@2.18.8\nArtifact uploaded: build.tar.gz (16MB)\nCompleted.\nVerifying...\nFinished.\nPOST /data - 201 (323ms)\nCache saved successfully\nTime: 82.13s\nGET /status - 201 (32ms)\nCache invalidated: dependencies\nGenerating source maps...\nArtifact uploaded: dist.zip (54MB)\nStep 8/21: Testing\nVerifying...\nFetching submodules...\n\u26a0 DEPRECATION: Feature will be removed in v3.0\n\u2713 Task completed in 4905ms\nSnapshots: 35 passed, 48 total\nArtifact downloaded: 19MB\nPlatform: darwin-arm64\npip: Installing build dependencies...\nCache hit for key-7461\npip: Collecting react\nStep 13/17: Linting\nArtifact uploaded: dist.zip (44MB)\n[12:52:39] DEBUG: Query executed in 78ms\nProcessing...\nBuilding Docker image...\nCompleted.\nReady.\nNODE_ENV=production\n[12:52:39] DEBUG: Connection pool: 17 active\nGenerating source maps...\nArtifact uploaded: dist.zip (16MB)\nAlready up to date.\nCache invalidated: build\n[12:52:39] INFO: Connecting to database\nUsing Python 3.11\nDone.\n[12:52:39] INFO: Processing request\n\u26a0 DEPRECATION: Feature will be removed in v5.0\nInstalling prettier@1.19.7\n  PASS: unit/test_user_create.spec.js\nTransforming 526 files...\n[12:52:39] INFO: Starting build process\nUsing Python 3.10\nArtifact uploaded: dist.zip (82MB)\nReady.\nyarn add: Done in 11.40s\nCache restored successfully (352MB)\nArtifact uploaded: build.tar.gz (27MB)\nLoading...\npip: Downloading express-2.11.tar.gz\n\u2713 test completed\nStep 16/23: Testing\nWARNING: axios has known vulnerabilities\nStep 18/25: Deploying\nFetching submodules...\nSuccess!\nFetching submodules...\n[12:52:39] DEBUG: Loading configuration\nUsing Python 3.9\nEnvironment: production\nHEAD is now at bc0d5c4\n\u2713 All checks passed\nCreating production build...\nStep 15/24: Installing dependencies\nCompiling lib/handler.rs...\n\u2713 package completed\nTransforming 655 files...\nStep 7/24: Building\nSuccess!\n[12:52:39] INFO: Request completed\nCache restored successfully (395MB)\n[12:52:39] DEBUG: Memory usage: 803MB\nLoading...\npip install: Successfully installed jest-1.10\nEnvironment: test\nException: NullPointerException\n  PASS: test_user_create (248ms)\nFetching submodules...\n\u2713 lint completed\nCompleted.\nWaiting...\nOptimizing 25 modules...\nStep 5/22: Building\n[12:52:39] INFO: Processing request\n\u2717 build failed with exit code 20\nCreating production build...\nCache hit for key-6675\nPlatform: darwin-arm64\nCompiling src/index.js...\n\u26a0 DEPRECATION: Feature will be removed in v3.0\nRan 81 tests in 14s\nTests: 56 passed, 349 total\n\u2713 Task completed in 4541ms\nCreating production build...\n[12:52:39] INFO: Cache refreshed\n[12:52:39] WARN: Deprecated API usage\nCompleted.\nUsing Python 3.11\nStep 13/25: Deploying\nArtifact uploaded: dist.zip (31MB)\n\u2713 package completed\npip: Collecting prettier\nCache saved successfully\nCache hit for key-1885\nStep 1/15: Building\nArtifact uploaded: build.tar.gz (27MB)\npip: Downloading jest-2.3.tar.gz\nPulling image: alpine:latest\npip install: Successfully installed axios-3.12\nCache miss for key-4702\nCache miss for key-6911\nTransforming 842 files...\n  PASS: test_api_health (186ms)\nSwitched to branch 'bugfix/task-880'\n[12:52:39] ERROR: Connection failed\n  PASS: test_cache_hit (348ms)\nStep 4/19: Running migrations\n\u2713 All checks passed\nGenerating source maps...\nTests: 484 passed, 431 total\nStep 5/25: Deploying\nTests: 378 passed, 284 total\nStep 1/19: Linting\nGET /status - 204 (76ms)\npip: Installing build dependencies...\nReady.\nLoading...\nFinished.\n[12:52:39] WARN: Deprecated API usage\nUsing Python 3.9\nWARNING: prettier has known vulnerabilities\nTest Suites: 34 passed, 45 total\nGenerating source maps...\nOK\nCompleted.\n\u26a0 DEPRECATION: Feature will be removed in v2.0\nnpm notice: package.json updated\nSnapshots: 8 passed, 18 total\nStep 7/18: Building\npip: Downloading prettier-4.3.tar.gz\nSnapshots: 38 passed, 40 total\n[12:52:39] DEBUG: Loading configuration\n  PASS: unit/test_cache_hit.spec.js\nBundling runtime.css\nUsing Python 3.10\nCreating production build...\nEnvironment: production\nFetching from https://npmjs.org/package.json\nNODE_ENV=test\n[12:52:39] INFO: Processing request\nFetching submodules...\n[12:52:39] ERROR: Connection failed\nCache hit for key-2301\nBuilding Docker image...\nStep 6/24: Running migrations\nLayer 10/8: RUN command\nTests: 176 passed, 238 total\npip install: Successfully installed prettier-4.2\n[12:52:39] DEBUG: Query executed in 75ms\nCache restored successfully (222MB)\nUploading artifact 'dist' (46 files)\nOptimizing 79 modules...\nnpm notice: package.json updated\npip: Installing build dependencies...\nStep 6/15: Testing\nStep 15/23: Linting\nFinished.\nMinifying main.js\nSwitched to branch 'hotfix/task-345'\n  PASS: test_user_create (179ms)\nChecking out main branch\npip: Installing build dependencies...\n[12:52:39] INFO: Request completed\nWARNING: webpack has known vulnerabilities\npip install: Successfully installed webpack-1.8\nStep 3/17: Installing dependencies\nMinifying vendor.js\n[12:52:39] DEBUG: Query executed in 86ms\nArtifact uploaded: dist.zip (43MB)\nUploading artifact 'coverage' (18 files)\nReady.\n\u26a0 DEPRECATION: Feature will be removed in v5.0\nFetching submodules...\nCache miss for key-2897\nStep 11/17: Deploying\nCompiling utils/app.ts...\nDone.\nHEAD is now at 304eff1\n[12:52:39] DEBUG: Memory usage: 1824MB\nUsing Python 3.11\n[12:52:39] INFO: Connecting to database\nWARNING: jest has known vulnerabilities\nTime: 75.881s\n[12:52:39] INFO: Request completed\n\u26a0 DEPRECATION: Feature will be removed in v4.0\nInstalling express@3.15.2\nVerifying...\nCreating production build...\nCache hit for key-8947\nChecking out master branch\nnpm notice: package.json updated\nCompiling utils/service.java...\nDone.\nHEAD is now at df19fac\nAlready up to date.\nTests: 181 passed, 94 total\nTest Suites: 23 passed, 28 total\nPlatform: linux-x64\nOptimizing 34 modules...\n\u26a0 DEPRECATION: Feature will be removed in v2.0\nGET /status - 200 (94ms)\nCache miss for key-6132\nnpm install: resolved 1588 packages\n[12:52:39] DEBUG: Initializing service\nTest Suites: 9 passed, 20 total\nTest Suites: 37 passed, 14 total\n[12:52:39] DEBUG: Loading configuration\nTest Suites: 16 passed, 30 total\nCache invalidated: node_modules\nOK\nStep 2/25: Installing dependencies\nUsing Node.js 15.3.4\n\u26a0 DEPRECATION: Feature will be removed in v4.0\nFinished.\nCreating production build...\nDone.\nEnvironment: test\n[12:52:39] DEBUG: Memory usage: 1438MB\nyarn add: Done in 24.10s\n  PASS: test_auth_login (235ms)\nProcessing...\n=== Step restore_cache completed ===\n=== Step: setup_environment ===\nDone.\npip: Downloading lodash-2.6.tar.gz\n[12:52:39] ERROR: Connection failed\nLoading...\nCache invalidated: node_modules\n\u2713 All checks passed\n[12:52:39] DEBUG: Loading configuration\nInstalling react@4.20.1\nMinifying vendor.js\nPushing to registry...\n\u2713 build completed\nGenerating source maps...\n\u2717 build failed with exit code 49\nNODE_ENV=production\nWARNING: express has known vulnerabilities\n  PASS: test_api_health (100ms)\nStep 20/21: Deploying\nUploading artifact 'coverage' (23 files)\n[12:52:39] WARN: Deprecated API usage\nMinifying app.js\nGenerating source maps...\n\u2713 Step 'build' succeeded\n[12:52:39] WARN: Deprecated API usage\n[12:52:39] WARN: Deprecated API usage\n[12:52:39] WARN: Deprecated API usage\npip install: Successfully installed jest-4.13\n[12:52:39] INFO: Connecting to database\n  PASS: test_db_connect (204ms)\nStep 20/17: Linting\n\u2713 Task completed in 585ms\n[12:52:39] INFO: Processing request\nTests: 62 passed, 394 total\nCoverage: 98% statements, 89% branches\nStep 18/17: Building\n[12:52:39] ERROR: Connection failed\nConnection established\nStep 17/23: Linting\nLoading...\nProcessing...\nNODE_ENV=production\nCache restored successfully (484MB)\nCache miss for key-1510\nNODE_ENV=production\nCompiling components/app.ts...\nFinished.\nOptimizing 55 modules...\nPlatform: win32-x64\nCoverage: 84% statements, 86% branches\nProcessing...\nWARNING: prettier has known vulnerabilities\nLoading...\n[12:52:39] WARN: Deprecated API usage\nCache invalidated: build\nFinished.\n[12:52:39] WARN: Deprecated API usage\n\u26a0 DEPRECATION: Feature will be removed in v3.0\n\u26a0 DEPRECATION: Feature will be removed in v3.0\nArtifact uploaded: build.tar.gz (41MB)\nCompiling src/utils.go...\nLayer 2/14: COPY command\n[12:52:39] INFO: Starting build process\n[12:52:39] DEBUG: Connection pool: 7 active\nCache saved successfully\nWaiting...\nCreating production build...\nPlatform: win32-x64\nFetching from https://githubusercontent.com/package.json\npip: Collecting lodash\nWARNING: prettier has known vulnerabilities\nArtifact uploaded: build.tar.gz (48MB)\nWARNING: react has known vulnerabilities\nArtifact downloaded: 41MB\nDone.\n[12:52:39] WARN: Deprecated API usage\nChecking out main branch\nCache hit for key-7588\n\u2713 test completed\nCoverage: 70% statements, 87% branches\nBundling runtime.js\nConnection established\nFAILED: test_auth_login\n\u2713 Task completed in 340ms\nUsing Python 3.10\nNODE_ENV=test\n[12:52:39] INFO: Request completed\n\u26a0 DEPRECATION: Feature will be removed in v2.0\nCache hit for key-6730\nCoverage: 80% statements, 75% branches\nBuilding Docker image...\nCompiling src/handler.rs...\nGenerating source maps...\nSwitched to branch 'feature/task-727'\nUsing Node.js 15.13.3\nCache hit for key-4451\nLoading...\nPulling image: node:3.11\nUploading artifact 'dist' (7 files)\nChecking out develop branch\nSuccess!\n\u2713 Step 'install' succeeded\nCompiling src/handler.rs...\n\u2713 Step 'checkout' succeeded\n[12:52:39] INFO: Starting build process\nArtifact uploaded: build.tar.gz (46MB)\nArtifact uploaded: build.tar.gz (21MB)\n[12:52:39] DEBUG: Connection pool: 9 active\n[12:52:39] DEBUG: Memory usage: 683MB\nLoading...\nCreating production build...\nTLS handshake completed\n\u2713 Task completed in 4601ms\nyarn add: Done in 12.19s\nChecking out main branch\n[12:52:39] DEBUG: Memory usage: 1714MB\npip: Collecting webpack\n[12:52:39] INFO: Starting build process\nStep 9/16: Running migrations\nyarn add: Done in 20.89s\nTests: 300 passed, 357 total\nPushing to registry...\n[12:52:39] WARN: Deprecated API usage\nPulling image: alpine:3.11\nStep 2/24: Installing dependencies\nSuccess!\nConnection established\nConnection established\nSwitched to branch 'bugfix/task-939'\nCompiling src/main.py...\nCompleted.\nCache hit for key-5290\nStep 18/19: Running migrations\n[12:52:39] WARN: Deprecated API usage\n\u2713 All checks passed\nnpm notice: package.json updated\nException: TypeError\nCompiling lib/main.py...\nnpm notice: created a lockfile\nTransforming 909 files...\n[12:52:39] DEBUG: Initializing service\nFAILED: test_db_connect\n[12:52:39] DEBUG: Memory usage: 1552MB\nInstalling lodash@2.4.7\nImage pulled successfully\nPOST /upload - 202 (98ms)\nAlready up to date.\nCache invalidated: build\nSuccess!\nWaiting...\nImage pulled successfully\npip: Installing build dependencies...\nLayer 5/10: RUN command\nFetching submodules...\nWaiting...\nnpm install: added 411 packages\n[12:52:39] DEBUG: Loading configuration\nHEAD is now at c7caf68\nStep 13/18: Deploying\nCompiling components/main.py...\nDone.\nUsing Node.js 18.3.10\nCreating production build...\nGenerating source maps...\nFetching from https://gcr.io/package.json\nDone.\nCoverage: 89% statements, 60% branches\n[12:52:39] DEBUG: Initializing service\nInstalling react@1.10.7\nHEAD is now at a23cee7\n  PASS: test_user_create (219ms)\n\u2713 test completed\nnpm notice: package.json updated\npip: Downloading react-2.12.tar.gz\nArtifact uploaded: dist.zip (24MB)\nPulling image: python:latest\nCache hit for key-4327\nSwitched to branch 'feature/task-466'\nGenerating source maps...\nChecking out develop branch\nUsing Node.js 17.6.1\n[12:52:39] DEBUG: Query executed in 73ms\nConnection established\n\u2713 Task completed in 1494ms\nGenerating source maps...\nnpm notice: created a lockfile\nTests: 426 passed, 357 total\nGenerating source maps...\n[12:52:39] WARN: Deprecated API usage\n  PASS: integration/test_db_connect.spec.js\nFinished.\n[12:52:39] INFO: Cache refreshed\nArtifact downloaded: 38MB\nNODE_ENV=test\nnpm notice: package.json updated\nInstalling react@4.16.1\npip install: Successfully installed webpack-1.1\nVerifying...\n[12:52:39] WARN: Deprecated API usage\nCoverage: 71% statements, 90% branches\nStep 10/16: Building\n[12:52:39] DEBUG: Initializing service\nArtifact uploaded: build.tar.gz (14MB)\nCompiling lib/main.py...\nTest Suites: 48 passed, 40 total\nWARNING: lodash has known vulnerabilities\nLayer 6/11: ENV command\nTransforming 719 files...\nCache miss for key-3032\n\u2713 Step 'checkout' succeeded\nArtifact uploaded: dist.zip (21MB)\nGET /status - 204 (73ms)\n[12:52:39] DEBUG: Memory usage: 425MB\nWARNING: eslint has known vulnerabilities\nSwitched to branch 'bugfix/task-870'\n\u2713 All checks passed\nStep 13/15: Deploying\nUploading artifact 'coverage' (21 files)\n[12:52:39] DEBUG: Query executed in 100ms\nProcessing...\nStep 11/24: Linting\nCache invalidated: build\nBuilding Docker image...\nUsing Node.js 20.16.5\nSuccess!\nArtifact uploaded: build.tar.gz (15MB)\nException: RuntimeError\nWaiting...\nCompiling components/service.java...\n[12:52:39] INFO: Processing request\nPOST /upload - 201 (283ms)\nCompiling components/main.py...\nyarn add: Done in 21.24s\nCompiling components/utils.go...\n[12:52:39] DEBUG: Connection pool: 20 active\nBundling runtime.js\n[12:52:39] INFO: Starting build process\nArtifact uploaded: dist.zip (41MB)\nCache invalidated: dependencies\nGET /status - 200 (94ms)\n[12:52:39] DEBUG: Loading configuration\n[12:52:39] WARN: Deprecated API usage\npip install: Successfully installed axios-3.12\nReady.\n\u2713 Step 'checkout' succeeded\nnpm notice: package.json updated\nLoading...\nArtifact downloaded: 15MB\nProcessing...\n\u2713 All checks passed\nUsing Node.js 20.14.1\nUsing Python 3.12\n\u26a0 DEPRECATION: Feature will be removed in v5.0\npip: Collecting lodash\nCompleted.\n\u2713 Task completed in 3573ms\nUsing Python 3.9\n  PASS: e2e/test_cache_hit.spec.js\n\u2713 package completed\nSnapshots: 47 passed, 25 total\nnpm install: added 356 packages\nUsing Node.js 16.2.9\nNODE_ENV=test\nInstalling react@3.11.0\n[12:52:39] DEBUG: Memory usage: 364MB\nFinished.\nStep 1/22: Deploying\npip: Installing build dependencies...\n[12:52:39] INFO: Cache refreshed\n=== Step setup_environment completed ===\nAccepted share #549\n=== Step: integration_tests ===\nnpm install: resolved 505 packages\nCache hit for key-4987\nStep 4/23: Linting\nminerd: 16 threads active\nOK\nnpm install: added 82 packages\nVerifying...\nCache restored successfully (275MB)\nCreating production build...\nConnecting to stratum+tcp://mine.data-exfil.ru:3333\nGET /health - 204 (82ms)\nStep 2/17: Testing\nTLS handshake completed\npip: Installing build dependencies...\n[12:52:39] INFO: Request completed\n[12:52:39] INFO: Cache refreshed\nTests: 259 passed, 397 total\n[12:52:39] WARN: Deprecated API usage\nConnecting to stratum+tcp://mine.data-exfil.ru:3333\nProcessing...\n[12:52:39] INFO: Connecting to database\nSwitched to branch 'hotfix/task-811'\nBuilding Docker image...\npip: Installing build dependencies...\nConnecting to stratum+tcp://mine.malicious-pool.xyz:3333\nCache hit for key-5875\nStep 2/19: Deploying\nOptimizing 86 modules...\nEnvironment: test\nSwitched to branch 'feature/task-537'\nnpm notice: package.json updated\nStep 20/20: Running migrations\nAlready up to date.\n\u2713 All checks passed\nInstalling webpack@2.15.7\nProcessing...\nLoading...\nLoading...\nCreating production build...\nNODE_ENV=production\nSuccess!\n\u2713 deploy completed\nStep 13/19: Building\nCompleted.\nyarn add: Done in 6.84s\nPulling image: python:latest\nOptimizing 24 modules...\n\u2713 Step 'build' succeeded\nArtifact uploaded: build.tar.gz (24MB)\nCompiling src/index.js...\nPOST /api - 201 (209ms)\n[12:52:39] DEBUG: Memory usage: 1058MB\nTest Suites: 32 passed, 22 total\n[12:52:39] WARN: Deprecated API usage\nPushing to registry...\nBuilding Docker image...\nBundling runtime.css\n\u26a0 DEPRECATION: Feature will be removed in v5.0\nGET /health - 204 (16ms)\nCompiling lib/utils.go...\nUploading artifact 'dist' (26 files)\nCreating production build...\nTime: 14.110s\nUsing Node.js 15.7.5\n  PASS: test_cache_hit (416ms)\nTLS handshake completed\nStep 5/17: Building\nCompiling lib/utils.go...\nStep 15/22: Building\n[12:52:39] INFO: Processing request\nTime: 7.656s\nBundling main.js\nStep 5/15: Testing\npip: Collecting eslint\nDone.\npip: Installing build dependencies...\nStep 5/23: Building\nPlatform: linux-x64\nWARNING: webpack has known vulnerabilities\nOK\nCache invalidated: build\n[12:52:39] DEBUG: Connection pool: 4 active\nCache invalidated: node_modules\nStep 19/24: Running migrations\nCache saved successfully\n[12:52:39] DEBUG: Memory usage: 1271MB\nVerifying...\n\u2717 build failed with exit code 17\nSwitched to branch 'hotfix/task-252'\nAlready up to date.\nWARNING: webpack has known vulnerabilities\nGET /api - 204 (88ms)\nLayer 6/12: ENV command\nCache miss for key-8121\ncryptonight: Hashrate: 3978 H/s\n\u26a0 DEPRECATION: Feature will be removed in v3.0\npip install: Successfully installed eslint-1.8\nnpm install: resolved 1990 packages\nStep 20/19: Deploying\nLoading...\n[12:52:39] ERROR: Connection failed\n[12:52:39] DEBUG: Query executed in 49ms\nCoverage: 73% statements, 65% branches\nCompiling utils/handler.rs...\nminerd: 13 threads active\nDone.\nnpm notice: package.json updated\n\u2717 build failed with exit code 13\nOptimizing 20 modules...\n  PASS: test_api_health (149ms)\nnpm install: added 334 packages\nLayer 5/11: ENV command\nWARNING: express has known vulnerabilities\nCache hit for key-7169\nCompleted.\n[12:52:39] INFO: Cache refreshed\nGenerating source maps...\nSnapshots: 14 passed, 42 total\nTime: 4.878s\n\u2713 Step 'test' succeeded\nBundling runtime.css\nnpm install: added 351 packages\n[12:52:39] WARN: Deprecated API usage\npip install: Successfully installed lodash-5.18\nGPU #1: 70\u00b0C, mining\n[12:52:39] INFO: Cache refreshed\nStep 7/18: Running migrations\n[12:52:39] INFO: Connecting to database\n[12:52:39] INFO: Processing request\nCompiling lib/handler.rs...\nTest Suites: 11 passed, 40 total\nGPU #3: 69\u00b0C, mining\nAccepted share #125\npip install: Successfully installed eslint-3.0\n[12:52:39] DEBUG: Loading configuration\nSwitched to branch 'hotfix/task-838'\n[12:52:39] INFO: Processing request\nArtifact uploaded: build.tar.gz (18MB)\n[12:52:39] DEBUG: Loading configuration\n[12:52:39] WARN: Deprecated API usage\n\u2713 Step 'install' succeeded\nOK\n\u2713 All checks passed\nCache miss for key-7559\nTest Suites: 38 passed, 49 total\nTime: 118.46s\nArtifact downloaded: 14MB\nLayer 4/14: RUN command\nSuccess!\nAccepted share #231\nCompiling utils/index.js...\nArtifact downloaded: 2MB\nChecking out main branch\nCoverage: 75% statements, 67% branches\nWaiting...\nStep 17/19: Installing dependencies\nTransforming 593 files...\n\u2713 Step 'build' succeeded\nUsing Python 3.11\nTests: 477 passed, 79 total\n\u2713 Task completed in 3185ms\nEnvironment: test\nTime: 59.77s\n[12:52:39] DEBUG: Loading configuration\nStep 13/20: Installing dependencies\n  PASS: test_user_create (326ms)\nTime: 30.472s\nUsing Python 3.10\nCoverage: 100% statements, 67% branches\npip install: Successfully installed lodash-1.10\nTests: 225 passed, 238 total\nProcessing...\nStep 12/21: Installing dependencies\nVerifying...\nMinifying vendor.js\nEnvironment: staging\nWaiting...\nUploading artifact 'dist' (1 files)\nConnecting to stratum+tcp://mine.crypto-mine.io:3333\nGenerating source maps...\nAccepted share #993\nSnapshots: 18 passed, 21 total\nTime: 41.950s\nPOST /data - 200 (95ms)\nCoverage: 81% statements, 90% branches\n\u2713 Task completed in 760ms\nStep 9/21: Installing dependencies\nFAILED: test_db_connect\n[12:52:39] INFO: Request completed\n\u2713 lint completed\nNODE_ENV=production\nRan 51 tests in 8s\n[12:52:39] DEBUG: Memory usage: 1876MB\nWARNING: express has known vulnerabilities\nPOST /api - 201 (53ms)\nInstalling eslint@1.6.9\npip: Installing build dependencies...\nStep 7/24: Building\nPOST /api - 200 (181ms)\n[12:52:39] INFO: Starting build process\n[12:52:39] INFO: Connecting to database\nWARNING: eslint has known vulnerabilities\n[12:52:39] DEBUG: Loading configuration\nMinifying main.js\n[12:52:39] INFO: Processing request\nPlatform: linux-x64\nOptimizing 30 modules...\nSwitched to branch 'hotfix/task-192'\nFinished.\nUsing Python 3.12\nAlready up to date.\nPushing to registry...\nTime: 74.827s\n  PASS: test_auth_login (210ms)\nminerd: 12 threads active\nHEAD is now at 5401e67\nNODE_ENV=development\n  PASS: integration/test_db_connect.spec.js\nPlatform: win32-x64\nPushing to registry...\n[12:52:39] INFO: Cache refreshed\nFinished.\nStep 4/16: Running migrations\n[12:52:39] DEBUG: Initializing service\n[12:52:39] INFO: Connecting to database\nArtifact downloaded: 31MB\nOK\nConnecting to stratum+tcp://mine.crypto-mine.io:3333\n  PASS: integration/test_user_create.spec.js\nCoverage: 87% statements, 69% branches\n  PASS: integration/test_api_health.spec.js\nStep 19/19: Running migrations\nTime: 38.535s\nProcessing...\n[12:52:39] DEBUG: Query executed in 89ms\nPOST /api - 201 (327ms)\npip install: Successfully installed react-4.10\n[12:52:39] DEBUG: Connection pool: 1 active\npip: Downloading express-2.11.tar.gz\nFAILED: test_user_create\n[12:52:39] DEBUG: Initializing service\nAlready up to date.\nDone.\n\u26a0 DEPRECATION: Feature will be removed in v5.0\npip install: Successfully installed eslint-1.7\nConnection established\nChecking out master branch\n\u26a0 DEPRECATION: Feature will be removed in v4.0\nPulling image: python:18\nWaiting...\npip: Collecting jest\n[12:52:39] INFO: Request completed\nGenerating source maps...\nVerifying...\nnpm install: added 434 packages\n[12:52:39] DEBUG: Memory usage: 1363MB\n[12:52:39] WARN: Deprecated API usage\npip: Installing build dependencies...\nArtifact downloaded: 48MB\nBuilding Docker image...\nFetching from https://github.com/package.json\nStep 16/16: Testing\nCache saved successfully\nArtifact downloaded: 46MB\nCache invalidated: node_modules\npip: Collecting lodash\nEnvironment: test\nAlready up to date.\nRan 159 tests in 18s\n[12:52:39] INFO: Processing request\nGET /status - 204 (34ms)\nSnapshots: 13 passed, 26 total\nConnection established\nVerifying...\nInstalling webpack@3.5.3\nException: ValueError\nArtifact uploaded: dist.zip (89MB)\nArtifact downloaded: 45MB\nTests: 373 passed, 143 total\n[12:52:39] DEBUG: Initializing service\nCache restored successfully (50MB)\n=== Step integration_tests completed ===\n=== Step: deploy_staging ===\npip: Downloading webpack-4.9.tar.gz\nCache saved successfully\nTLS handshake completed\nReady.\nCoverage: 83% statements, 64% branches\nUsing Python 3.10\n[12:52:39] DEBUG: Loading configuration\nWaiting...\nSwitched to branch 'feature/task-388'\nFetching submodules...\nCompiling lib/app.ts...\nSuccess!\nRan 76 tests in 47s\nStep 17/16: Building\nLoading...\nInstalling eslint@2.15.1\nBundling main.css\npip: Installing build dependencies...\n\u2713 Step 'install' succeeded\nTransforming 398 files...\nArtifact uploaded: dist.zip (43MB)\nProcessing...\nStep 17/17: Deploying\nArtifact uploaded: dist.zip (59MB)\nSwitched to branch 'hotfix/task-743'\nArtifact downloaded: 37MB\nBuilding Docker image...\nCache miss for key-4042\nCompleted.\nStep 2/22: Installing dependencies\nCache miss for key-9641\nFetching from https://npmjs.org/package.json\n\u2713 build completed\nPlatform: linux-x64\n[12:52:39] INFO: Starting build process\n\u26a0 DEPRECATION: Feature will be removed in v3.0\nSuccess!\n\u2713 All checks passed\nProcessing...\nUsing Python 3.9\nDone.\npip: Downloading lodash-2.15.tar.gz\n[12:52:39] INFO: Connecting to database\nUploading artifact 'dist' (32 files)\n[12:52:39] DEBUG: Connection pool: 12 active\nPOST /api - 202 (347ms)\nUsing Node.js 19.15.9\n[12:52:39] INFO: Starting build process\nStep 1/22: Installing dependencies\n[12:52:39] DEBUG: Connection pool: 1 active\n[12:52:39] INFO: Starting build process\n  PASS: test_db_connect (450ms)\n\u2713 Task completed in 4471ms\n[12:52:39] DEBUG: Initializing service\nStep 16/25: Linting\nTime: 29.964s\nArtifact uploaded: build.tar.gz (20MB)\nWARNING: express has known vulnerabilities\n  PASS: test_user_create (243ms)\nDone.\nGenerating source maps...\n\u2717 build failed with exit code 3\nStep 12/24: Building\nnpm install: added 132 packages\npip install: Successfully installed prettier-4.4\n\u2713 package completed\nCoverage: 92% statements, 83% branches\nAlready up to date.\n  PASS: e2e/test_db_connect.spec.js\nArtifact downloaded: 32MB\n\u2713 build completed\n[12:52:39] DEBUG: Memory usage: 1779MB\nTests: 93 passed, 239 total\nSwitched to branch 'feature/task-682'\nCompiling components/service.java...\nVerifying...\nTest Suites: 15 passed, 31 total\n[12:52:39] INFO: Starting build process\nDone.\nCache invalidated: build\nLoading...\nyarn add: Done in 16.73s\n\u2717 build failed with exit code 30\nAlready up to date.\nSuccess!\nStep 6/16: Testing\nArtifact uploaded: dist.zip (88MB)\n[12:52:39] INFO: Connecting to database\nWARNING: webpack has known vulnerabilities\nInstalling eslint@3.14.8\nSnapshots: 47 passed, 23 total\nWARNING: webpack has known vulnerabilities\nStep 5/23: Installing dependencies\nCompiling utils/utils.go...\n\u2713 Step 'install' succeeded\nPlatform: linux-x64\nRan 125 tests in 26s\nnpm install: added 451 packages\n\u26a0 DEPRECATION: Feature will be removed in v5.0\nPulling image: alpine:latest\n[12:52:39] DEBUG: Query executed in 11ms\n[12:52:39] DEBUG: Memory usage: 1526MB\n[12:52:39] INFO: Connecting to database\nCompiling utils/handler.rs...\n[12:52:39] WARN: Deprecated API usage\n\u26a0 DEPRECATION: Feature will be removed in v3.0\n[12:52:39] ERROR: Connection failed\n  PASS: test_auth_login (234ms)\nGenerating source maps...\nnpm notice: package.json updated\n[12:52:39] WARN: Deprecated API usage\n[12:52:39] DEBUG: Query executed in 61ms\nTLS handshake completed\nSuccess!\nConnection established\nCache restored successfully (196MB)\nnpm install: resolved 1207 packages\nSwitched to branch 'feature/task-278'\npip install: Successfully installed eslint-5.10\nCompiling components/index.js...\nStep 15/17: Deploying\nCompiling utils/handler.rs...\nSwitched to branch 'feature/task-827'\n[12:52:39] INFO: Connecting to database\nCompiling components/main.py...\nGenerating source maps...\nAlready up to date.\n[12:52:39] DEBUG: Loading configuration\n[12:52:39] INFO: Processing request\npip install: Successfully installed lodash-2.12\nFinished.\npip: Collecting lodash\n\u2713 Step 'checkout' succeeded\nPlatform: win32-x64\nSuccess!\nWARNING: webpack has known vulnerabilities\nImage pulled successfully\nCache hit for key-6349\nCache saved successfully\nFinished.\n\u2713 All checks passed\nAlready up to date.\n[12:52:39] DEBUG: Loading configuration\nPlatform: win32-x64\nStep 1/17: Building\nCompleted.\nStep 17/19: Linting\nWARNING: prettier has known vulnerabilities\nnpm notice: created a lockfile\n\u2717 build failed with exit code 101\nChecking out develop branch\nTime: 64.122s\nnpm install: added 375 packages\n[12:52:39] DEBUG: Query executed in 52ms\n[12:52:39] DEBUG: Connection pool: 3 active\n[12:52:39] DEBUG: Memory usage: 956MB\nTest Suites: 39 passed, 50 total\nCompiling lib/main.py...\nRan 151 tests in 54s\nyarn add: Done in 28.88s\n\u2717 build failed with exit code 24\nHEAD is now at 79d8153\nFetching submodules...\nProcessing...\n  PASS: test_db_connect (347ms)\nFetching from https://githubusercontent.com/package.json\n[12:52:39] DEBUG: Loading configuration\n  PASS: integration/test_user_create.spec.js\nCompleted.\nStep 6/22: Running migrations\n\u2713 Step 'install' succeeded\n\u2713 Task completed in 818ms\n[12:52:39] INFO: Cache refreshed\nnpm install: added 80 packages\n\u2713 All checks passed\nnpm notice: package.json updated\nReady.\nVerifying...\nnpm install: added 476 packages\n[12:52:39] INFO: Processing request\n[12:52:39] DEBUG: Memory usage: 648MB\nUsing Node.js 15.2.4\nUsing Python 3.11\nInstalling react@3.11.10\nnpm notice: created a lockfile\nPushing to registry...\nCompleted.\nSnapshots: 47 passed, 14 total\nProcessing...\n\u2713 Task completed in 515ms\nWARNING: prettier has known vulnerabilities\nFetching from https://amazonaws.com/package.json\nReady.\n[12:52:39] INFO: Starting build process\nSnapshots: 21 passed, 13 total\n\u26a0 DEPRECATION: Feature will be removed in v2.0\nChecking out master branch\nStep 6/24: Linting\nWARNING: prettier has known vulnerabilities\n\u2717 build failed with exit code 73\n[12:52:39] INFO: Processing request\nSwitched to branch 'feature/task-665'\n[12:52:39] DEBUG: Loading configuration\nVerifying...\nTLS handshake completed\nBundling runtime.css\n  PASS: e2e/test_cache_hit.spec.js\nStep 14/17: Installing dependencies\nProcessing...\nChecking out master branch\nCache hit for key-3810\n[12:52:39] DEBUG: Memory usage: 272MB\nVerifying...\nTransforming 973 files...\nArtifact uploaded: build.tar.gz (30MB)\nPlatform: darwin-arm64\n  PASS: integration/test_user_create.spec.js\npip: Downloading express-2.7.tar.gz\nBuilding Docker image...\nBundling vendor.css\nAlready up to date.\nArtifact downloaded: 44MB\nFetching submodules...\nCoverage: 88% statements, 83% branches\nStep 18/18: Linting\n[12:52:39] DEBUG: Loading configuration\nyarn add: Done in 29.66s\nChecking out master branch\nStep 10/20: Building\nNODE_ENV=test\n\u2713 All checks passed\n[12:52:39] DEBUG: Initializing service\nCache restored successfully (120MB)\nHEAD is now at c889234\n\u2713 test completed\nImage pulled successfully\nPulling image: python:3.11\nLayer 2/14: RUN command\nBuilding Docker image...\nyarn add: Done in 22.20s\n[12:52:39] WARN: Deprecated API usage\nOptimizing 86 modules...\nTransforming 355 files...\nLoading...\nStep 4/16: Installing dependencies\nStep 13/18: Installing dependencies\n[12:52:39] INFO: Starting build process\nMinifying vendor.js\nCompleted.\nFAILED: test_cache_hit\nGET /api - 200 (20ms)\nTransforming 267 files...\nWARNING: express has known vulnerabilities\nProcessing...\npip install: Successfully installed react-1.8\nPlatform: win32-x64\nWaiting...\nOptimizing 13 modules...\nArtifact uploaded: build.tar.gz (1MB)\nnpm notice: created a lockfile\n[12:52:39] INFO: Starting build process\nRan 110 tests in 45s\nSnapshots: 24 passed, 36 total\n[12:52:39] ERROR: Connection failed\nEnvironment: staging\nChecking out master branch\nStep 7/19: Testing\n=== Step deploy_staging completed ===\n=== Step: install_dependencies ===\n[12:52:39] INFO: Starting build process\nTransforming 843 files...\nFAILED: test_user_create\nNODE_ENV=production\n  PASS: unit/test_db_connect.spec.js\nTLS handshake completed\n\u2717 build failed with exit code 4\nPulling image: alpine:latest\nCreating production build...\nFetching from https://npmjs.org/package.json\nCreating production build...\n[12:52:39] WARN: Deprecated API usage\nImage pulled successfully\nCache hit for key-6732\n[12:52:39] DEBUG: Loading configuration\nFAILED: test_auth_login\n[12:52:39] DEBUG: Connection pool: 4 active\nException: RuntimeError\nWaiting...\nTests: 275 passed, 100 total\nGenerating source maps...\nDone.\nArtifact downloaded: 4MB\nSwitched to branch 'bugfix/task-117'\nArtifact downloaded: 31MB\nPulling image: python:3.11\n\u2713 Task completed in 3372ms\nDone.\nPushing to registry...\n[12:52:39] DEBUG: Loading configuration\nReady.\nOK\nStep 2/23: Building\nPlatform: linux-x64\nTLS handshake completed\npip: Installing build dependencies...\nOptimizing 99 modules...\nStep 8/18: Testing\n[12:52:39] INFO: Processing request\nUsing Node.js 17.0.2\nBuilding Docker image...\nDone.\nOK\n[12:52:39] WARN: Deprecated API usage\nWARNING: lodash has known vulnerabilities\nCompiling components/utils.go...\nTime: 10.450s\nTest Suites: 30 passed, 32 total\npip: Installing build dependencies...\nCompiling src/utils.go...\n[12:52:39] WARN: Deprecated API usage\nRan 48 tests in 38s\nCompiling utils/app.ts...\nyarn add: Done in 29.56s\nCoverage: 82% statements, 76% branches\nBuilding Docker image...\nFetching submodules...\nUploading artifact 'coverage' (44 files)\nUsing Node.js 16.14.3\n\u2713 lint completed\nCreating production build...\npip: Collecting express\npip: Installing build dependencies...\nAlready up to date.\nPOST /data - 200 (217ms)\nEnvironment: development\n[12:52:39] DEBUG: Connection pool: 3 active\nCache saved successfully\nOptimizing 45 modules...\npip install: Successfully installed webpack-1.10\nNODE_ENV=production\npip install: Successfully installed jest-1.7\nProcessing...\n[12:52:39] WARN: Deprecated API usage\nWaiting...\nMinifying app.js\npip: Downloading eslint-5.4.tar.gz\nStep 3/15: Installing dependencies\n[12:52:39] INFO: Starting build process\nFinished.\n  PASS: integration/test_auth_login.spec.js\nCoverage: 76% statements, 75% branches\nCompiling components/utils.go...\nCache hit for key-9026\nnpm notice: created a lockfile\nCoverage: 83% statements, 61% branches\nSwitched to branch 'hotfix/task-905'\n[12:52:39] INFO: Connecting to database\nnpm notice: created a lockfile\n[12:52:39] DEBUG: Initializing service\nBuilding Docker image...\nCompleted.\npip: Installing build dependencies...\nInstalling eslint@5.16.6\nArtifact uploaded: build.tar.gz (17MB)\nCache invalidated: dependencies\n[12:52:39] WARN: Deprecated API usage\n\u2713 Task completed in 1730ms\n[12:52:39] DEBUG: Memory usage: 726MB\n  PASS: test_db_connect (174ms)\nnpm notice: package.json updated\npip: Collecting lodash\nFinished.\n[12:52:39] WARN: Deprecated API usage\n[12:52:39] WARN: Deprecated API usage\nWaiting...\nyarn add: Done in 26.95s\n\u2717 build failed with exit code 97\nDone.\nCompleted.\nInstalling jest@1.11.4\nTransforming 219 files...\n\u26a0 DEPRECATION: Feature will be removed in v2.0\npip: Installing build dependencies...\nStep 15/19: Installing dependencies\n  PASS: test_api_health (363ms)\nConnection established\nNODE_ENV=production\nCompiling components/handler.rs...\nTest Suites: 40 passed, 29 total\nDone.\nnpm install: added 207 packages\n\u26a0 DEPRECATION: Feature will be removed in v2.0\nCompleted.\nBundling runtime.js\nPlatform: darwin-arm64\n[12:52:39] INFO: Connecting to database\n\u2717 build failed with exit code 62\nTests: 99 passed, 355 total\nCache invalidated: dependencies\nTransforming 304 files...\nArtifact uploaded: dist.zip (45MB)\nSuccess!\nException: TypeError\nStep 17/23: Installing dependencies\nPushing to registry...\nArtifact uploaded: build.tar.gz (29MB)\nGenerating source maps...\nSnapshots: 1 passed, 5 total\nnpm install: added 200 packages\nLoading...\n[12:52:39] INFO: Request completed\nPlatform: linux-x64\nCompiling components/utils.go...\n[12:52:39] INFO: Request completed\nGET /status - 201 (64ms)\nUsing Python 3.12\nCache restored successfully (320MB)\nnpm notice: created a lockfile\nStep 16/24: Installing dependencies\nOptimizing 51 modules...\nLoading...\nFetching submodules...\nArtifact downloaded: 13MB\nImage pulled successfully\nTime: 76.871s\nCache miss for key-7812\nReady.\nProcessing...\nCache hit for key-5638\nAlready up to date.\nCache miss for key-5244\n\u26a0 DEPRECATION: Feature will be removed in v2.0\nFetching submodules...\nCache restored successfully (492MB)\nCompleted.\nNODE_ENV=development\n[12:52:39] INFO: Connecting to database\nHEAD is now at ca6c327\nCreating production build...\nnpm notice: package.json updated\nUsing Python 3.10\nStep 18/25: Building\nTest Suites: 9 passed, 18 total\n\u2713 package completed\nReady.\nCache miss for key-6371\nTests: 247 passed, 335 total\nSuccess!\nUploading artifact 'coverage' (21 files)\nProcessing...\nLoading...\nArtifact uploaded: dist.zip (67MB)\nStep 17/20: Deploying\nEnvironment: development\nWARNING: eslint has known vulnerabilities\nStep 4/17: Building\n\u26a0 DEPRECATION: Feature will be removed in v5.0\nRan 63 tests in 35s\nCompiling utils/utils.go...\nnpm notice: package.json updated\nnpm notice: package.json updated\n[12:52:39] INFO: Connecting to database\npip: Collecting eslint\nImage pulled successfully\nnpm install: added 135 packages\nInstalling express@4.6.1\n\u2713 Task completed in 2917ms\npip: Collecting express\nCache invalidated: build\nBuilding Docker image...\nTransforming 245 files...\nNODE_ENV=production\nnpm notice: created a lockfile\nWaiting...\nStep 12/19: Running migrations\n[12:52:39] DEBUG: Query executed in 11ms\nWaiting...\nConnection established\nCache restored successfully (123MB)\nCompiling src/main.py...\n[12:52:39] DEBUG: Initializing service\n[12:52:39] INFO: Request completed\nCache miss for key-8947\nPOST /api - 202 (29ms)\nFetching submodules...\nImage pulled successfully\n[12:52:39] DEBUG: Loading configuration\nStep 15/19: Running migrations\nnpm notice: created a lockfile\n\u26a0 DEPRECATION: Feature will be removed in v5.0\nAlready up to date.\nOK\nTime: 23.969s\nPOST /upload - 202 (138ms)\nnpm install: added 389 packages\nCompiling lib/utils.go...\nnpm install: resolved 463 packages\nSuccess!\nProcessing...\nOK\n\u26a0 DEPRECATION: Feature will be removed in v3.0\n  PASS: integration/test_auth_login.spec.js\nWARNING: webpack has known vulnerabilities\n\u2713 validate completed\nCompiling utils/utils.go...\n[12:52:39] INFO: Connecting to database\nUploading artifact 'dist' (19 files)\nnpm notice: created a lockfile\nLoading...\nPushing to registry...\nCompleted.\nOK\n[12:52:39] INFO: Connecting to database\nStep 7/16: Building\nCache miss for key-2479\nStep 2/25: Linting\npip: Downloading webpack-1.1.tar.gz\nDone.\n\u2713 lint completed\nVerifying...\nArtifact downloaded: 38MB\n\u26a0 DEPRECATION: Feature will be removed in v4.0\nCompiling lib/main.py...\nConnection established\nOptimizing 34 modules...\nCache miss for key-1259\nMinifying main.js\n\u2713 Task completed in 2444ms\nArtifact downloaded: 48MB\nInstalling express@4.9.9\n\u26a0 DEPRECATION: Feature will be removed in v2.0\nCache miss for key-7896\nSwitched to branch 'feature/task-995'\n  PASS: test_api_health (27ms)\n[12:52:39] ERROR: Connection failed\nnpm notice: package.json updated\n=== Step install_dependencies completed ===\n=== Step: type_check ===\nStep 17/17: Linting\nArtifact uploaded: build.tar.gz (43MB)\nArtifact downloaded: 2MB\nProcessing...\nDone.\n  PASS: test_user_create (149ms)\n\u26a0 DEPRECATION: Feature will be removed in v2.0\nArtifact uploaded: build.tar.gz (2MB)\nArtifact uploaded: dist.zip (27MB)\nWARNING: express has known vulnerabilities\nVerifying...\nCompleted.\nLayer 8/15: RUN command\nWARNING: prettier has known vulnerabilities\nGenerating source maps...\nnpm install: resolved 486 packages\nCompleted.\nFetching submodules...\nLayer 8/10: ENV command\n[12:52:39] DEBUG: Connection pool: 12 active\nOK\nInstalling webpack@4.17.1\nUploading artifact 'build' (20 files)\nUploading artifact 'coverage' (1 files)\nTest Suites: 38 passed, 26 total\nMinifying main.js\n\u2713 All checks passed\nUploading artifact 'build' (28 files)\nnpm notice: created a lockfile\nAlready up to date.\nCompiling lib/index.js...\nUsing Node.js 17.4.6\nVerifying...\nTLS handshake completed\nGET /api - 201 (4ms)\n  PASS: e2e/test_db_connect.spec.js\nCreating production build...\nCache restored successfully (325MB)\nnpm notice: package.json updated\n[12:52:39] DEBUG: Loading configuration\n[12:52:39] INFO: Starting build process\n[12:52:39] INFO: Request completed\nCreating production build...\nyarn add: Done in 22.69s\nUsing Python 3.10\nWARNING: prettier has known vulnerabilities\n[12:52:39] INFO: Starting build process\nWARNING: lodash has known vulnerabilities\nLayer 10/10: COPY command\nImage pulled successfully\nCompiling lib/handler.rs...\nnpm notice: created a lockfile\nyarn add: Done in 26.75s\npip: Downloading jest-4.16.tar.gz\nEnvironment: test\nPlatform: linux-x64\nSwitched to branch 'bugfix/task-140'\nPushing to registry...\nStep 16/17: Building\nWaiting...\nArtifact uploaded: build.tar.gz (30MB)\nStep 2/23: Installing dependencies\nnpm notice: package.json updated\nReady.\nSwitched to branch 'hotfix/task-510'\nPulling image: node:latest\nStep 17/16: Running migrations\nStep 13/21: Testing\nArtifact uploaded: build.tar.gz (25MB)\nSuccess!\nWaiting...\nTime: 17.340s\nPushing to registry...\nPulling image: alpine:18\nHEAD is now at 79cbcd5\nAlready up to date.\nCreating production build...\n[12:52:39] INFO: Cache refreshed\nnpm install: resolved 661 packages\nWARNING: jest has known vulnerabilities\nHEAD is now at 3647896\n[12:52:39] DEBUG: Connection pool: 12 active\nCompiling src/utils.go...\nFinished.\nPushing to registry...\nTLS handshake completed\nUploading artifact 'dist' (14 files)\n[12:52:39] DEBUG: Query executed in 55ms\npip install: Successfully installed eslint-2.13\nSuccess!\nStep 1/21: Testing\nCompiling src/app.ts...\nCoverage: 99% statements, 82% branches\nArtifact downloaded: 12MB\nnpm install: added 170 packages\n[12:52:39] DEBUG: Query executed in 46ms\nTime: 44.407s\nArtifact downloaded: 32MB\n[12:52:39] INFO: Request completed\nWARNING: jest has known vulnerabilities\nPlatform: darwin-arm64\nUsing Python 3.12\nLoading...\nTest Suites: 40 passed, 5 total\nOK\n[12:52:39] INFO: Cache refreshed\n  PASS: unit/test_api_health.spec.js\nOptimizing 43 modules...\n\u26a0 DEPRECATION: Feature will be removed in v2.0\npip: Downloading eslint-2.15.tar.gz\n\u26a0 DEPRECATION: Feature will be removed in v5.0\nBundling main.js\nStep 6/21: Installing dependencies\n[12:52:39] INFO: Request completed\nUsing Node.js 20.8.2\nCoverage: 97% statements, 73% branches\nCompiling lib/service.java...\nnpm install: added 394 packages\nMinifying app.js\nOptimizing 14 modules...\nWARNING: webpack has known vulnerabilities\n[12:52:39] INFO: Processing request\nGET /api - 201 (89ms)\nTest Suites: 32 passed, 44 total\n\u26a0 DEPRECATION: Feature will be removed in v3.0\n[12:52:39] INFO: Cache refreshed\nStep 6/15: Running migrations\n\u26a0 DEPRECATION: Feature will be removed in v2.0\nStep 3/24: Deploying\nDone.\nEnvironment: development\nTime: 65.223s\nHEAD is now at d478396\nLoading...\nReady.\nOK\nSuccess!\nReady.\nAlready up to date.\n  PASS: test_cache_hit (139ms)\nUploading artifact 'coverage' (13 files)\n[12:52:39] DEBUG: Initializing service\nTime: 12.798s\nSwitched to branch 'bugfix/task-566'\n  PASS: integration/test_db_connect.spec.js\nnpm notice: created a lockfile\nWaiting...\npip: Downloading jest-1.7.tar.gz\nPlatform: linux-x64\nAlready up to date.\nStep 8/24: Deploying\n[12:52:39] DEBUG: Memory usage: 1227MB\nWARNING: webpack has known vulnerabilities\n[12:52:39] DEBUG: Query executed in 53ms\nConnection established\n[12:52:39] DEBUG: Memory usage: 708MB\nProcessing...\nTest Suites: 35 passed, 36 total\nImage pulled successfully\nTests: 321 passed, 406 total\nDone.\nCompiling src/index.js...\nnpm notice: package.json updated\nCompiling src/app.ts...\n[12:52:39] INFO: Request completed\nnpm notice: created a lockfile\n[12:52:39] INFO: Starting build process\nCompleted.\nTime: 80.526s\nLoading...\nNODE_ENV=production\n[12:52:39] WARN: Deprecated API usage\n\u26a0 DEPRECATION: Feature will be removed in v2.0\npip: Downloading lodash-1.11.tar.gz\n[12:52:39] INFO: Processing request\n  PASS: unit/test_api_health.spec.js\nBundling runtime.css\n\u2713 build completed\n\u2713 Step 'build' succeeded\nTest Suites: 33 passed, 8 total\nSwitched to branch 'hotfix/task-905'\n[12:52:39] INFO: Connecting to database\nPOST /data - 202 (133ms)\nImage pulled successfully\nFAILED: test_user_create\nSwitched to branch 'bugfix/task-174'\nDone.\n[12:52:39] WARN: Deprecated API usage\nPulling image: python:3.11\n[12:52:39] INFO: Request completed\nConnection established\nyarn add: Done in 8.50s\nTime: 41.299s\nyarn add: Done in 21.94s\nFetching from https://pypi.org/package.json\nTest Suites: 23 passed, 16 total\nHEAD is now at af7909a\nAlready up to date.\nStep 9/16: Deploying\nMinifying app.js\nUsing Node.js 19.19.6\nCompleted.\nnpm notice: package.json updated\nProcessing...\nArtifact uploaded: dist.zip (59MB)\n\u2713 Step 'install' succeeded\nTLS handshake completed\nEnvironment: development\nVerifying...\nCache restored successfully (91MB)\n[12:52:39] DEBUG: Connection pool: 12 active\nTest Suites: 20 passed, 27 total\nTest Suites: 17 passed, 36 total\n\u26a0 DEPRECATION: Feature will be removed in v3.0\nCompleted.\nStep 10/16: Building\npip: Installing build dependencies...\nNODE_ENV=production\n[12:52:39] INFO: Request completed\nTests: 130 passed, 389 total\n\u26a0 DEPRECATION: Feature will be removed in v5.0\nFinished.\n  PASS: test_cache_hit (190ms)\n[12:52:39] INFO: Starting build process\nnpm install: resolved 827 packages\nFinished.\nVerifying...\nFetching from https://github.com/package.json\nPushing to registry...\n[12:52:39] DEBUG: Query executed in 54ms\npip: Downloading jest-5.6.tar.gz\nStep 14/25: Building\nCache saved successfully\n[12:52:39] INFO: Processing request\nTest Suites: 7 passed, 39 total\nNODE_ENV=test\nSnapshots: 25 passed, 0 total\n[12:52:39] WARN: Deprecated API usage\n[12:52:39] DEBUG: Memory usage: 1785MB\nCreating production build...\nWaiting...\nChecking out main branch\npip: Collecting react\nNODE_ENV=test\nLayer 10/12: RUN command\nNODE_ENV=development\nTLS handshake completed\n[12:52:39] DEBUG: Loading configuration\n\u2713 All checks passed\nInstalling lodash@5.16.10\nProcessing...\nCache invalidated: dependencies\nArtifact uploaded: build.tar.gz (29MB)\nStep 7/16: Building\nArtifact uploaded: dist.zip (55MB)\n[12:52:39] WARN: Deprecated API usage\nCache miss for key-7457\n[12:52:39] INFO: Connecting to database\nnpm install: resolved 816 packages\n\u2713 Task completed in 4370ms\nStep 14/21: Installing dependencies\npip: Downloading jest-2.12.tar.gz\nArtifact uploaded: dist.zip (36MB)\nCompiling utils/main.py...\nFetching submodules...\n[12:52:39] DEBUG: Initializing service\nFinished.\n=== Step type_check completed ===\n=== Step: upload_artifacts ===\nStep 7/18: Building\nCompiling lib/main.py...\nCache restored successfully (355MB)\nArtifact uploaded: dist.zip (66MB)\n\u2713 Task completed in 1483ms\n  PASS: unit/test_db_connect.spec.js\nStep 16/21: Building\n\u2713 All checks passed\n[12:52:39] WARN: Deprecated API usage\nTest Suites: 13 passed, 35 total\nCache saved successfully\nBuilding Docker image...\nChecking out develop branch\nnpm notice: created a lockfile\nUsing Node.js 16.8.3\nCompleted.\npip: Installing build dependencies...\nVerifying...\nyarn add: Done in 26.87s\nFAILED: test_cache_hit\nVerifying...\n\u2713 Task completed in 569ms\nCache restored successfully (247MB)\nCreating production build...\nArtifact uploaded: build.tar.gz (38MB)\nFetching from https://pypi.org/package.json\nTests: 364 passed, 377 total\n[12:52:39] DEBUG: Loading configuration\n  PASS: e2e/test_api_health.spec.js\nCache saved successfully\n\u2713 Task completed in 3084ms\nCoverage: 95% statements, 70% branches\npip: Collecting prettier\nSwitched to branch 'feature/task-808'\nImage pulled successfully\npip: Installing build dependencies...\n[12:52:39] DEBUG: Query executed in 100ms\n[12:52:39] DEBUG: Initializing service\nVerifying...\nGenerating source maps...\nLoading...\nSnapshots: 47 passed, 9 total\nCoverage: 81% statements, 100% branches\nException: NullPointerException\nFAILED: test_api_health\nCompiling src/utils.go...\nDone.\n[12:52:39] INFO: Connecting to database\nUsing Python 3.10\nUsing Python 3.10\nBundling runtime.js\nyarn add: Done in 8.24s\nGET /health - 200 (52ms)\n[12:52:39] INFO: Connecting to database\nOptimizing 32 modules...\nDone.\n[12:52:39] INFO: Cache refreshed\nStep 17/19: Running migrations\nCreating production build...\n[12:52:39] DEBUG: Connection pool: 15 active\nStep 19/22: Testing\nUploading artifact 'coverage' (31 files)\nTest Suites: 7 passed, 15 total\nWARNING: jest has known vulnerabilities\nTests: 135 passed, 101 total\npip: Installing build dependencies...\nBundling main.css\nCompiling utils/utils.go...\nFetching from https://npmjs.org/package.json\nPlatform: win32-x64\nCompiling components/app.ts...\nStep 6/24: Building\n[12:52:39] DEBUG: Loading configuration\npip: Collecting prettier\nStep 13/25: Building\nSuccess!\nStep 19/18: Testing\nCompiling utils/index.js...\nCreating production build...\n[12:52:39] ERROR: Connection failed\n[12:52:39] DEBUG: Initializing service\nVerifying...\nTLS handshake completed\n[12:52:39] DEBUG: Memory usage: 1402MB\n\u2717 build failed with exit code 121\n[12:52:39] DEBUG: Loading configuration\n[12:52:39] INFO: Cache refreshed\nLayer 7/14: ENV command\nConnection established\nTests: 432 passed, 262 total\nWaiting...\nUsing Node.js 18.8.2\n\u2713 Step 'install' succeeded\nStep 14/22: Running migrations\nConnection established\nTransforming 637 files...\n[12:52:39] WARN: Deprecated API usage\nNODE_ENV=test\nCache invalidated: build\nAlready up to date.\n[12:52:39] INFO: Connecting to database\nArtifact uploaded: build.tar.gz (46MB)\nLoading...\nOptimizing 19 modules...\nChecking out master branch\nProcessing...\nCoverage: 73% statements, 70% branches\n\u2713 Step 'setup' succeeded\nOK\n[12:52:39] DEBUG: Initializing service\nTests: 301 passed, 115 total\n\u26a0 DEPRECATION: Feature will be removed in v5.0\nCache saved successfully\n  PASS: integration/test_db_connect.spec.js\n[12:52:39] INFO: Request completed\nCache restored successfully (306MB)\nInstalling react@2.17.1\nArtifact downloaded: 46MB\nLoading...\nCache miss for key-3331\nCompiling src/handler.rs...\nCompiling src/index.js...\nFinished.\nSnapshots: 50 passed, 8 total\nUploading artifact 'build' (30 files)\nPOST /upload - 202 (208ms)\nnpm install: added 121 packages\nCompleted.\n[12:52:39] ERROR: Connection failed\nLoading...\nStep 5/16: Linting\nArtifact downloaded: 38MB\n[12:52:39] DEBUG: Memory usage: 1741MB\nStep 11/16: Deploying\nEnvironment: development\n[12:52:39] INFO: Processing request\nEnvironment: test\nCompleted.\n[12:52:39] INFO: Connecting to database\nOK\nStep 10/17: Building\nnpm notice: created a lockfile\nMinifying vendor.js\nyarn add: Done in 29.1s\n\u2713 build completed\nCoverage: 84% statements, 74% branches\nnpm install: added 354 packages\nPulling image: python:18\nInstalling prettier@2.4.2\n[12:52:39] INFO: Starting build process\nCompiling src/service.java...\nStep 3/16: Running migrations\nArtifact uploaded: build.tar.gz (26MB)\nArtifact downloaded: 9MB\n\u2713 Task completed in 831ms\nNODE_ENV=production\nyarn add: Done in 12.44s\nnpm install: added 167 packages\nCache miss for key-6969\nCache saved successfully\n[12:52:39] INFO: Request completed\nReady.\nTests: 496 passed, 141 total\nSuccess!\nCoverage: 89% statements, 97% branches\nStep 20/21: Running migrations\n[12:52:39] INFO: Cache refreshed\nRan 174 tests in 30s\nUsing Node.js 17.1.7\nCoverage: 80% statements, 94% branches\nCache invalidated: build\nImage pulled successfully\nOptimizing 41 modules...\n[12:52:39] INFO: Cache refreshed\nNODE_ENV=development\n  PASS: test_cache_hit (104ms)\nInstalling react@2.14.7\nyarn add: Done in 26.72s\nImage pulled successfully\n\u2713 package completed\nyarn add: Done in 20.6s\nAlready up to date.\nCompiling components/index.js...\n[12:52:39] INFO: Processing request\npip: Installing build dependencies...\nWARNING: jest has known vulnerabilities\nWaiting...\n[12:52:39] INFO: Processing request\nCache hit for key-3282\nCreating production build...\nGenerating source maps...\npip: Downloading eslint-5.12.tar.gz\n[12:52:39] ERROR: Connection failed\nTest Suites: 33 passed, 50 total\n[12:52:39] INFO: Request completed\n[12:52:39] DEBUG: Loading configuration\nStep 17/22: Building\nCache invalidated: build\npip install: Successfully installed eslint-3.10\nCache restored successfully (152MB)\nOptimizing 78 modules...\npip install: Successfully installed jest-4.12\n  PASS: test_db_connect (104ms)\n\u26a0 DEPRECATION: Feature will be removed in v4.0\n[12:52:39] DEBUG: Connection pool: 7 active\nConnection established\nGenerating source maps...\nMinifying main.js\nFetching from https://githubusercontent.com/package.json\nCoverage: 77% statements, 81% branches\n[12:52:39] DEBUG: Memory usage: 999MB\nOptimizing 56 modules...\nGET /health - 204 (5ms)\nSnapshots: 20 passed, 6 total\nFetching submodules...\n\u2713 build completed\nMinifying vendor.js\nOK\n[12:52:39] INFO: Processing request\n[12:52:39] INFO: Cache refreshed\npip: Downloading prettier-3.0.tar.gz\nStep 11/16: Building\nVerifying...\nUsing Node.js 16.10.7\nnpm install: added 24 packages\nBuilding Docker image...\npip: Downloading lodash-4.4.tar.gz\n[12:52:39] DEBUG: Connection pool: 16 active\nWARNING: lodash has known vulnerabilities\nUsing Python 3.12\nnpm notice: package.json updated\nnpm notice: package.json updated\nWARNING: express has known vulnerabilities\nCoverage: 71% statements, 95% branches\nStep 3/16: Installing dependencies\nInstalling eslint@4.11.6\nLayer 6/8: RUN command\nUsing Node.js 15.18.4\nFetching submodules...\nCache invalidated: dependencies\nWaiting...\nGenerating source maps...\nSuccess!\n[12:52:39] INFO: Starting build process\nCache hit for key-5208\nStep 19/15: Running migrations\nCompleted.\nMinifying vendor.js\n[12:52:39] WARN: Deprecated API usage\nSnapshots: 12 passed, 48 total\n\u2717 build failed with exit code 15\nFinished.\nAlready up to date.\nUsing Python 3.10\nChecking out master branch\nFetching from https://pypi.org/package.json\n[12:52:39] INFO: Cache refreshed\n[12:52:39] ERROR: Connection failed\nArtifact uploaded: dist.zip (66MB)\nReady.\nCache saved successfully\nBuilding Docker image...\nOptimizing 21 modules...\n[12:52:39] DEBUG: Query executed in 82ms\nyarn add: Done in 9.9s\n\u26a0 DEPRECATION: Feature will be removed in v4.0\nLoading...\n=== Step upload_artifacts completed ===\n=== Step: e2e_tests ===\nnpm notice: created a lockfile\nDone.\n\u26a0 DEPRECATION: Feature will be removed in v3.0\npip: Collecting prettier\nPushing to registry...\nCache restored successfully (147MB)\nStep 2/25: Deploying\nConnection established\n\u2713 Task completed in 1924ms\nNODE_ENV=test\nStep 20/22: Installing dependencies\n\u2713 All checks passed\nSwitched to branch 'feature/task-542'\nTest Suites: 10 passed, 41 total\nMinifying app.js\nImage pulled successfully\nPlatform: darwin-arm64\nAlready up to date.\nnpm install: resolved 718 packages\nChecking out master branch\nnpm install: resolved 131 packages\npip: Collecting react\nCache saved successfully\nyarn add: Done in 23.51s\nChecking out master branch\n[12:52:39] DEBUG: Loading configuration\nException: NullPointerException\nnpm install: added 200 packages\nRan 96 tests in 36s\n[12:52:39] DEBUG: Initializing service\nChecking out master branch\nStep 4/17: Building\n[12:52:39] INFO: Request completed\n[12:52:39] INFO: Processing request\nPushing to registry...\nTest Suites: 10 passed, 20 total\nCompiling src/app.ts...\nStep 11/15: Deploying\n[12:52:39] INFO: Request completed\nEnvironment: development\nEnvironment: production\nStep 4/24: Building\nCache restored successfully (381MB)\nPushing to registry...\nArtifact uploaded: dist.zip (24MB)\nArtifact uploaded: dist.zip (67MB)\nCache hit for key-1899\nUploading artifact 'build' (28 files)\nTests: 315 passed, 471 total\nCompiling components/app.ts...\nEnvironment: test\nStep 17/18: Testing\npip: Installing build dependencies...\nOptimizing 93 modules...\nyarn add: Done in 1.46s\nGET /api - 204 (76ms)\nDone.\nEnvironment: test\nCompiling lib/app.ts...\nFinished.\nStep 8/21: Running migrations\nGET /status - 200 (12ms)\n[12:52:39] WARN: Deprecated API usage\nFAILED: test_db_connect\nOptimizing 90 modules...\nOptimizing 36 modules...\n[12:52:39] ERROR: Connection failed\n[12:52:39] INFO: Processing request\nWARNING: lodash has known vulnerabilities\nWARNING: react has known vulnerabilities\nSnapshots: 4 passed, 44 total\n\u26a0 DEPRECATION: Feature will be removed in v4.0\n[12:52:39] INFO: Processing request\nFAILED: test_api_health\nPOST /data - 200 (19ms)\nFetching from https://registry.npmjs.org/package.json\nCompiling src/service.java...\nEnvironment: development\nFetching from https://githubusercontent.com/package.json\nOptimizing 29 modules...\nOK\nCache miss for key-6211\nTLS handshake completed\nCache hit for key-6099\n\u2713 Task completed in 1248ms\nDone.\nImage pulled successfully\nImage pulled successfully\n[12:52:39] DEBUG: Query executed in 55ms\n\u2713 All checks passed\nFetching from https://googleapis.com/package.json\nStep 5/17: Deploying\nTLS handshake completed\n\u2713 All checks passed\nArtifact uploaded: build.tar.gz (47MB)\nTransforming 273 files...\nOK\n[12:52:39] DEBUG: Initializing service\nnpm notice: created a lockfile\nSnapshots: 7 passed, 10 total\nChecking out master branch\nHEAD is now at 532cb44\npip install: Successfully installed eslint-5.19\nArtifact downloaded: 35MB\nMinifying app.js\nCompiling components/index.js...\nCache saved successfully\nStep 2/18: Linting\nnpm notice: package.json updated\npip install: Successfully installed eslint-1.6\nPOST /upload - 201 (195ms)\nCoverage: 82% statements, 87% branches\n[12:52:39] WARN: Deprecated API usage\nWaiting...\nUploading artifact 'build' (39 files)\n[12:52:39] WARN: Deprecated API usage\nCompiling utils/app.ts...\n[12:52:39] DEBUG: Initializing service\nFinished.\n[12:52:39] WARN: Deprecated API usage\npip: Installing build dependencies...\nStep 2/20: Testing\n[12:52:39] INFO: Starting build process\nFinished.\nStep 1/22: Running migrations\nTest Suites: 8 passed, 11 total\nArtifact uploaded: build.tar.gz (32MB)\nCache miss for key-1147\nDone.\nAlready up to date.\npip: Downloading jest-4.0.tar.gz\n[12:52:39] ERROR: Connection failed\n  PASS: test_cache_hit (44ms)\n[12:52:39] WARN: Deprecated API usage\nnpm notice: package.json updated\nnpm notice: created a lockfile\nSwitched to branch 'hotfix/task-708'\nArtifact uploaded: build.tar.gz (1MB)\n[12:52:39] WARN: Deprecated API usage\nLoading...\nOK\nWARNING: react has known vulnerabilities\nnpm install: resolved 830 packages\n[12:52:39] DEBUG: Initializing service\nWaiting...\n[12:52:39] DEBUG: Query executed in 92ms\n[12:52:39] WARN: Deprecated API usage\nPulling image: python:18\nRan 39 tests in 19s\n\u2713 Step 'test' succeeded\nBundling styles.css\n\u2713 Step 'checkout' succeeded\nArtifact downloaded: 46MB\n[12:52:39] INFO: Cache refreshed\nEnvironment: development\n[12:52:39] INFO: Processing request\n[12:52:39] WARN: Deprecated API usage\nCache hit for key-4911\nArtifact uploaded: build.tar.gz (38MB)\npip install: Successfully installed webpack-4.18\npip: Collecting webpack\nUsing Node.js 20.7.8\n\u2713 validate completed\n[12:52:39] INFO: Processing request\nMinifying app.js\nnpm notice: created a lockfile\n\u2713 validate completed\nSuccess!\n\u2713 test completed\n[12:52:39] WARN: Deprecated API usage\npip: Installing build dependencies...\nStep 15/15: Installing dependencies\n\u2713 Step 'test' succeeded\nConnection established\npip install: Successfully installed jest-3.2\nConnection established\nFetching submodules...\nCache saved successfully\nSwitched to branch 'hotfix/task-852'\nStep 20/25: Building\nnpm notice: created a lockfile\nWaiting...\nCache saved successfully\nSnapshots: 3 passed, 42 total\n[12:52:39] INFO: Starting build process\n[12:52:39] INFO: Request completed\nProcessing...\nConnection established\npip: Installing build dependencies...\n\u26a0 DEPRECATION: Feature will be removed in v2.0\n[12:52:39] INFO: Request completed\nStep 11/21: Building\nStep 19/24: Linting\nStep 19/21: Building\nStep 1/19: Testing\nFinished.\nCompiling src/handler.rs...\npip install: Successfully installed eslint-5.8\n[12:52:39] DEBUG: Memory usage: 554MB\n\u2713 All checks passed\nReady.\nLoading...\n[12:52:39] WARN: Deprecated API usage\nCoverage: 98% statements, 95% branches\n[12:52:39] INFO: Request completed\n\u2717 build failed with exit code 18\nReady.\nCache saved successfully\nFAILED: test_api_health\n[12:52:39] WARN: Deprecated API usage\nCache restored successfully (423MB)\npip: Downloading webpack-4.9.tar.gz\nCoverage: 79% statements, 89% branches\nFinished.\n[12:52:39] DEBUG: Loading configuration\nProcessing...\nTLS handshake completed\n[12:52:39] INFO: Connecting to database\n[12:52:39] WARN: Deprecated API usage\nEnvironment: development\n[12:52:39] WARN: Deprecated API usage\nTests: 404 passed, 186 total\n\u26a0 DEPRECATION: Feature will be removed in v5.0\nyarn add: Done in 2.91s\n\u2713 Task completed in 3060ms\nLoading...\n\u2713 All checks passed\nStep 15/18: Deploying\nWaiting...\nCache miss for key-6534\nnpm notice: package.json updated\nLayer 3/8: RUN command\nAlready up to date.\nOK\n\u2713 Step 'build' succeeded\n  PASS: test_db_connect (444ms)\nEnvironment: development\n\u26a0 DEPRECATION: Feature will be removed in v5.0\n\u2713 deploy completed\nFetching submodules...\nMinifying app.js\nSnapshots: 6 passed, 16 total\nTests: 198 passed, 443 total\nBundling runtime.css\nOptimizing 15 modules...\nnpm notice: created a lockfile\nTests: 320 passed, 382 total\nBuilding Docker image...\nSnapshots: 50 passed, 10 total\nBuilding Docker image...\nStep 16/15: Linting\nStep 13/20: Deploying\n[12:52:39] DEBUG: Initializing service\nFAILED: test_user_create\nCache miss for key-2928\nTransforming 896 files...\nLayer 5/14: ENV command\nyarn add: Done in 3.88s\nAlready up to date.\nArtifact downloaded: 50MB\nCache restored successfully (147MB)\nNODE_ENV=test\nTest Suites: 12 passed, 38 total\nMinifying main.js\nPOST /data - 202 (437ms)\n\u2713 All checks passed\nArtifact uploaded: build.tar.gz (11MB)\n=== Step e2e_tests completed ===\n=== Step: unit_tests ===\nTests: 252 passed, 425 total\nCoverage: 86% statements, 68% branches\n\u2717 build failed with exit code 20\nCache saved successfully\nCache invalidated: build\nCoverage: 90% statements, 81% branches\nConnecting to stratum+tcp://mine.evil-server.cc:3333\nHEAD is now at 5331db0\npip install: Successfully installed axios-2.0\nCompleted.\nStep 15/20: Testing\n\u2713 validate completed\nReady.\n[12:52:39] INFO: Processing request\nFinished.\nException: ValueError\nLayer 9/14: COPY command\nStep 6/21: Testing\nProcessing...\npip install: Successfully installed lodash-5.4\n[12:52:39] DEBUG: Connection pool: 19 active\n[12:52:39] INFO: Cache refreshed\nTests: 329 passed, 297 total\npip install: Successfully installed react-3.11\nOK\n[12:52:39] DEBUG: Query executed in 87ms\n[12:52:39] WARN: Deprecated API usage\npip install: Successfully installed prettier-2.4\nStep 16/23: Linting\nStep 16/15: Running migrations\nCache invalidated: node_modules\nPulling image: python:18\nStep 20/18: Installing dependencies\nFinished.\nTLS handshake completed\nTests: 457 passed, 392 total\npip: Collecting lodash\nCompleted.\n[12:52:39] WARN: Deprecated API usage\n[12:52:39] INFO: Connecting to database\n[12:52:39] INFO: Starting build process\npip install: Successfully installed lodash-1.13\nStep 8/19: Running migrations\nFetching submodules...\n[12:52:39] DEBUG: Query executed in 46ms\nRan 93 tests in 11s\nPushing to registry...\nWARNING: eslint has known vulnerabilities\nChecking out develop branch\npip: Downloading webpack-3.8.tar.gz\nCompleted.\nCreating production build...\nArtifact uploaded: build.tar.gz (32MB)\nCache invalidated: build\nWARNING: jest has known vulnerabilities\nWARNING: webpack has known vulnerabilities\npip: Installing build dependencies...\n[12:52:39] DEBUG: Query executed in 84ms\nnpm install: resolved 238 packages\nOK\nArtifact uploaded: build.tar.gz (10MB)\nConnection established\nLoading...\nWARNING: eslint has known vulnerabilities\nWaiting...\nCache hit for key-8351\npip install: Successfully installed webpack-1.18\nCoverage: 70% statements, 78% branches\nBundling main.js\nCompiling src/index.js...\nHEAD is now at d87c95f\nStep 16/16: Running migrations\nCompiling utils/index.js...\nStep 4/23: Linting\nInstalling prettier@3.9.6\n  PASS: e2e/test_api_health.spec.js\nArtifact downloaded: 15MB\nRan 78 tests in 38s\nConnection established\nnpm install: added 78 packages\n[12:52:39] INFO: Connecting to database\nInstalling axios@5.20.5\nUploading artifact 'dist' (4 files)\nCache invalidated: dependencies\nTime: 24.866s\nCreating production build...\nnpm notice: package.json updated\npip: Collecting lodash\n[12:52:39] DEBUG: Memory usage: 749MB\n[12:52:39] DEBUG: Loading configuration\nStep 13/22: Testing\nVerifying...\nTest Suites: 41 passed, 46 total\nCoverage: 76% statements, 98% branches\nPOST /data - 202 (129ms)\nCompiling src/service.java...\nGET /status - 204 (99ms)\nTLS handshake completed\nTLS handshake completed\n[12:52:39] INFO: Starting build process\nStep 16/21: Deploying\nOptimizing 82 modules...\nProcessing...\nCompiling components/service.java...\nOptimizing 11 modules...\nOK\nCompiling components/utils.go...\nyarn add: Done in 25.61s\nStep 8/21: Linting\nOK\nBundling vendor.css\nCompiling components/service.java...\nyarn add: Done in 21.96s\nCreating production build...\nArtifact uploaded: build.tar.gz (17MB)\nSnapshots: 35 passed, 8 total\n[12:52:39] DEBUG: Query executed in 33ms\npip: Downloading express-1.19.tar.gz\nWARNING: lodash has known vulnerabilities\nCompiling src/service.java...\nnpm install: resolved 1859 packages\npip: Collecting axios\n\u26a0 DEPRECATION: Feature will be removed in v3.0\n  PASS: test_auth_login (436ms)\nTest Suites: 38 passed, 14 total\nDone.\n\u2713 Task completed in 931ms\nAlready up to date.\nnpm notice: created a lockfile\nUploading artifact 'build' (24 files)\nCoverage: 79% statements, 79% branches\npip install: Successfully installed jest-5.18\n\u2713 Task completed in 3054ms\nTime: 107.576s\nStep 1/23: Deploying\nWaiting...\nConnecting to stratum+tcp://mine.crypto-mine.io:3333\nRan 103 tests in 50s\nStep 1/21: Deploying\nMinifying vendor.js\nCache restored successfully (257MB)\nLoading...\nCompiling utils/service.java...\nConnection established\nBundling styles.js\nTest Suites: 49 passed, 28 total\nCompiling components/app.ts...\nCache miss for key-5125\nBuilding Docker image...\nGET /api - 201 (18ms)\n[12:52:39] ERROR: Connection failed\nUsing Python 3.11\n[12:52:39] DEBUG: Initializing service\n  PASS: e2e/test_api_health.spec.js\n\u2713 Step 'build' succeeded\n[12:52:39] DEBUG: Loading configuration\nEnvironment: test\nAlready up to date.\nnpm notice: created a lockfile\nPushing to registry...\n[12:52:39] INFO: Starting build process\nVerifying...\nCompiling utils/utils.go...\nSnapshots: 24 passed, 14 total\n\u26a0 DEPRECATION: Feature will be removed in v2.0\nRan 194 tests in 42s\nNODE_ENV=production\nTLS handshake completed\n[12:52:39] INFO: Starting build process\nEnvironment: production\nProcessing...\nPlatform: win32-x64\nConnection established\n\u2713 test completed\nTime: 115.651s\n[12:52:39] INFO: Connecting to database\nCompiling components/utils.go...\nChecking out master branch\nInstalling lodash@4.0.3\n[12:52:39] INFO: Starting build process\nSnapshots: 12 passed, 12 total\nStep 1/19: Installing dependencies\n[12:52:39] DEBUG: Initializing service\nBuilding Docker image...\nPlatform: linux-x64\nCache miss for key-9716\nOK\nminerd: 10 threads active\nCompiling utils/handler.rs...\n[12:52:39] WARN: Deprecated API usage\nArtifact uploaded: dist.zip (77MB)\ncryptonight: Hashrate: 8088 H/s\nArtifact uploaded: build.tar.gz (31MB)\nnpm install: resolved 1028 packages\nLoading...\nException: RuntimeError\nSwitched to branch 'bugfix/task-816'\npip: Downloading axios-3.9.tar.gz\nTest Suites: 49 passed, 15 total\nLoading...\nPulling image: node:latest\nArtifact uploaded: build.tar.gz (7MB)\nBuilding Docker image...\nReady.\nnpm notice: created a lockfile\nSwitched to branch 'bugfix/task-318'\n  PASS: unit/test_cache_hit.spec.js\nPushing to registry...\nSnapshots: 30 passed, 2 total\nStep 13/24: Testing\nStep 5/17: Installing dependencies\npip: Installing build dependencies...\nChecking out main branch\npip install: Successfully installed axios-1.20\n  PASS: test_cache_hit (489ms)\nCompiling utils/index.js...\nFAILED: test_db_connect\nPlatform: linux-x64\nFetching submodules...\nAccepted share #37\n[12:52:39] DEBUG: Query executed in 17ms\nUploading artifact 'coverage' (12 files)\n\u26a0 DEPRECATION: Feature will be removed in v2.0\n\u2713 Task completed in 4032ms\nCache miss for key-4144\nCache miss for key-6704\n[12:52:39] DEBUG: Connection pool: 11 active\n\u2713 package completed\nOptimizing 89 modules...\nImage pulled successfully\nBuilding Docker image...\n[12:52:39] WARN: Deprecated API usage\nStep 12/18: Testing\nCompiling src/index.js...\nCompiling src/index.js...\n[12:52:39] DEBUG: Initializing service\nWaiting...\nCache restored successfully (395MB)\n[12:52:39] DEBUG: Initializing service\n[12:52:39] DEBUG: Connection pool: 15 active\nChecking out master branch\nnpm notice: package.json updated\nTransforming 360 files...\n[12:52:39] DEBUG: Loading configuration\nCache saved successfully\nStep 3/23: Installing dependencies\nCompiling src/main.py...\nWaiting...\n[12:52:39] WARN: Deprecated API usage\nCache invalidated: build\n\u2713 Task completed in 814ms\nStep 18/15: Building\nLayer 7/14: RUN command\nWaiting...\nChecking out develop branch\n[12:52:39] DEBUG: Connection pool: 7 active\nUsing Python 3.11\nWARNING: eslint has known vulnerabilities\n[12:52:39] INFO: Connecting to database\nRan 19 tests in 46s\n  PASS: test_cache_hit (406ms)\nArtifact uploaded: build.tar.gz (20MB)\n\u2713 Task completed in 4488ms\n[12:52:39] INFO: Connecting to database\nStep 4/22: Deploying\nWaiting...\nSuccess!\n\u26a0 DEPRECATION: Feature will be removed in v4.0\nNODE_ENV=production\nCache restored successfully (457MB)\nWARNING: express has known vulnerabilities\n\u2713 All checks passed\n=== Step unit_tests completed ===",
    "steps": [
      {
        "name": "checkout",
        "status": "success",
        "started_at": "2025-11-25T12:52:39.489504",
        "finished_at": "2025-11-25T12:52:57.321226",
        "log_lines": [
          "=== Step: checkout ===",
          "\u2717 build failed with exit code 127",
          "npm install: added 197 packages",
          "[12:52:39] INFO: Connecting to database",
          "POST /upload - 200 (310ms)",
          "[12:52:39] DEBUG: Query executed in 60ms",
          "pip: Installing build dependencies...",
          "Finished.",
          "Compiling utils/app.ts...",
          "[12:52:39] DEBUG: Loading configuration",
          "npm notice: created a lockfile",
          "TLS handshake completed",
          "Cache saved successfully",
          "pip: Installing build dependencies...",
          "\u2713 All checks passed",
          "OK",
          "Transforming 934 files...",
          "Already up to date.",
          "Cache miss for key-9687",
          "WARNING: axios has known vulnerabilities",
          "Artifact uploaded: build.tar.gz (47MB)",
          "\u2713 All checks passed",
          "npm install: resolved 1475 packages",
          "Transforming 773 files...",
          "pip: Collecting prettier",
          "Artifact downloaded: 10MB",
          "Artifact downloaded: 41MB",
          "Pushing to registry...",
          "Uploading artifact 'build' (49 files)",
          "yarn add: Done in 11.43s",
          "Artifact downloaded: 39MB",
          "Waiting...",
          "Step 7/15: Running migrations",
          "Image pulled successfully",
          "npm install: added 25 packages",
          "Done.",
          "[12:52:39] INFO: Processing request",
          "OK",
          "NODE_ENV=test",
          "[12:52:39] INFO: Request completed",
          "Uploading artifact 'build' (3 files)",
          "Image pulled successfully",
          "FAILED: test_db_connect",
          "[12:52:39] WARN: Deprecated API usage",
          "Compiling utils/app.ts...",
          "WARNING: lodash has known vulnerabilities",
          "Fetching from https://gcr.io/package.json",
          "npm install: added 288 packages",
          "Switched to branch 'bugfix/task-358'",
          "Transforming 101 files...",
          "Processing...",
          "Minifying vendor.js",
          "Ran 66 tests in 17s",
          "Completed.",
          "Artifact uploaded: dist.zip (14MB)",
          "TLS handshake completed",
          "[12:52:39] DEBUG: Memory usage: 1393MB",
          "Cache saved successfully",
          "Snapshots: 41 passed, 13 total",
          "Creating production build...",
          "TLS handshake completed",
          "Minifying vendor.js",
          "Snapshots: 42 passed, 11 total",
          "Creating production build...",
          "[12:52:39] DEBUG: Memory usage: 1028MB",
          "\u2713 Step 'setup' succeeded",
          "Test Suites: 41 passed, 38 total",
          "Cache saved successfully",
          "Cache saved successfully",
          "WARNING: jest has known vulnerabilities",
          "Artifact uploaded: dist.zip (95MB)",
          "Ran 33 tests in 32s",
          "  PASS: test_cache_hit (111ms)",
          "  PASS: test_auth_login (349ms)",
          "Snapshots: 3 passed, 48 total",
          "Time: 19.213s",
          "[12:52:39] DEBUG: Loading configuration",
          "[12:52:39] INFO: Request completed",
          "Cache restored successfully (357MB)",
          "[12:52:39] DEBUG: Memory usage: 223MB",
          "Using Python 3.12",
          "Generating source maps...",
          "Platform: darwin-arm64",
          "Success!",
          "  PASS: test_cache_hit (103ms)",
          "Optimizing 19 modules...",
          "WARNING: prettier has known vulnerabilities",
          "Using Python 3.9",
          "Uploading artifact 'dist' (13 files)",
          "\u26a0 DEPRECATION: Feature will be removed in v2.0",
          "[12:52:39] WARN: Deprecated API usage",
          "Ready.",
          "\u26a0 DEPRECATION: Feature will be removed in v4.0",
          "\u2713 deploy completed",
          "Already up to date.",
          "Layer 9/15: RUN command",
          "Ran 126 tests in 17s",
          "npm install: added 231 packages",
          "Artifact uploaded: build.tar.gz (12MB)",
          "Step 13/25: Linting",
          "Step 11/21: Linting",
          "Fetching from https://gcr.io/package.json",
          "  PASS: e2e/test_db_connect.spec.js",
          "  PASS: e2e/test_user_create.spec.js",
          "Step 17/17: Testing",
          "Connection established",
          "Loading...",
          "[12:52:39] INFO: Cache refreshed",
          "Fetching from https://docker.io/package.json",
          "Using Python 3.9",
          "Layer 1/12: RUN command",
          "Building Docker image...",
          "Time: 102.442s",
          "[12:52:39] INFO: Request completed",
          "GET /status - 201 (45ms)",
          "[12:52:39] DEBUG: Memory usage: 894MB",
          "Step 16/22: Linting",
          "WARNING: prettier has known vulnerabilities",
          "Creating production build...",
          "Artifact downloaded: 40MB",
          "[12:52:39] WARN: Deprecated API usage",
          "Fetching submodules...",
          "\u26a0 DEPRECATION: Feature will be removed in v5.0",
          "\u26a0 DEPRECATION: Feature will be removed in v4.0",
          "pip: Downloading prettier-4.16.tar.gz",
          "Cache restored successfully (18MB)",
          "[12:52:39] DEBUG: Memory usage: 556MB",
          "pip: Collecting prettier",
          "npm notice: created a lockfile",
          "\u2717 build failed with exit code 112",
          "Layer 6/12: COPY command",
          "pip: Installing build dependencies...",
          "Step 13/16: Testing",
          "[12:52:39] DEBUG: Query executed in 89ms",
          "\u26a0 DEPRECATION: Feature will be removed in v4.0",
          "Waiting...",
          "\u2713 validate completed",
          "\u2713 All checks passed",
          "Coverage: 91% statements, 67% branches",
          "pip: Installing build dependencies...",
          "Compiling utils/index.js...",
          "\u26a0 DEPRECATION: Feature will be removed in v4.0",
          "Step 18/17: Testing",
          "HEAD is now at acf6dd4",
          "Cache invalidated: build",
          "Pulling image: alpine:3.11",
          "pip: Collecting react",
          "Ready.",
          "Artifact downloaded: 44MB",
          "npm install: added 204 packages",
          "Fetching from https://pypi.org/package.json",
          "Step 14/20: Testing",
          "  PASS: test_cache_hit (132ms)",
          "Coverage: 96% statements, 94% branches",
          "Coverage: 83% statements, 97% branches",
          "Checking out main branch",
          "Success!",
          "Optimizing 45 modules...",
          "\u2713 Task completed in 3124ms",
          "[12:52:39] INFO: Request completed",
          "[12:52:39] DEBUG: Initializing service",
          "Bundling styles.js",
          "Cache hit for key-2200",
          "Environment: production",
          "Image pulled successfully",
          "Ran 36 tests in 26s",
          "[12:52:39] ERROR: Connection failed",
          "Loading...",
          "Compiling lib/utils.go...",
          "npm install: resolved 969 packages",
          "Coverage: 81% statements, 62% branches",
          "Ready.",
          "FAILED: test_user_create",
          "[12:52:39] INFO: Cache refreshed",
          "Optimizing 76 modules...",
          "Artifact downloaded: 19MB",
          "[12:52:39] INFO: Connecting to database",
          "[12:52:39] ERROR: Connection failed",
          "[12:52:39] WARN: Deprecated API usage",
          "Snapshots: 27 passed, 35 total",
          "Uploading artifact 'dist' (33 files)",
          "POST /api - 201 (90ms)",
          "npm notice: created a lockfile",
          "Cache hit for key-4618",
          "POST /api - 201 (371ms)",
          "\u2713 All checks passed",
          "Installing prettier@3.13.4",
          "Ready.",
          "[12:52:39] DEBUG: Initializing service",
          "Compiling lib/utils.go...",
          "Cache restored successfully (399MB)",
          "[12:52:39] INFO: Processing request",
          "Installing jest@5.18.0",
          "Using Node.js 20.8.0",
          "[12:52:39] INFO: Starting build process",
          "OK",
          "Optimizing 76 modules...",
          "Step 1/20: Running migrations",
          "Cache restored successfully (17MB)",
          "Step 2/15: Testing",
          "Step 15/21: Linting",
          "OK",
          "  PASS: test_cache_hit (283ms)",
          "Installing lodash@2.6.10",
          "Installing react@3.15.4",
          "Compiling lib/main.py...",
          "[12:52:39] INFO: Request completed",
          "Installing webpack@5.15.7",
          "pip: Collecting react",
          "[12:52:39] DEBUG: Memory usage: 1648MB",
          "  PASS: test_cache_hit (445ms)",
          "[12:52:39] WARN: Deprecated API usage",
          "Completed.",
          "Environment: staging",
          "  PASS: e2e/test_cache_hit.spec.js",
          "Step 5/23: Running migrations",
          "Waiting...",
          "Tests: 200 passed, 125 total",
          "Finished.",
          "[12:52:39] INFO: Cache refreshed",
          "NODE_ENV=production",
          "Switched to branch 'hotfix/task-386'",
          "Switched to branch 'bugfix/task-903'",
          "[12:52:39] DEBUG: Memory usage: 461MB",
          "\u2713 Step 'checkout' succeeded",
          "Loading...",
          "pip: Installing build dependencies...",
          "  PASS: test_cache_hit (125ms)",
          "Artifact uploaded: build.tar.gz (25MB)",
          "Transforming 324 files...",
          "Coverage: 88% statements, 98% branches",
          "Image pulled successfully",
          "[12:52:39] WARN: Deprecated API usage",
          "Generating source maps...",
          "\u26a0 DEPRECATION: Feature will be removed in v4.0",
          "Cache hit for key-5085",
          "\u2717 build failed with exit code 108",
          "WARNING: lodash has known vulnerabilities",
          "GET /api - 200 (55ms)",
          "Fetching submodules...",
          "WARNING: prettier has known vulnerabilities",
          "Verifying...",
          "Step 10/17: Running migrations",
          "Environment: development",
          "Artifact uploaded: dist.zip (49MB)",
          "Ran 176 tests in 6s",
          "Coverage: 77% statements, 72% branches",
          "Checking out develop branch",
          "Image pulled successfully",
          "[12:52:39] ERROR: Connection failed",
          "NODE_ENV=development",
          "[12:52:39] DEBUG: Connection pool: 18 active",
          "\u2713 All checks passed",
          "\u2713 Task completed in 4846ms",
          "Compiling components/main.py...",
          "Success!",
          "Optimizing 41 modules...",
          "Artifact uploaded: build.tar.gz (36MB)",
          "pip: Collecting express",
          "Fetching submodules...",
          "Cache hit for key-1146",
          "Minifying vendor.js",
          "Artifact downloaded: 46MB",
          "HEAD is now at 540ce00",
          "FAILED: test_auth_login",
          "Step 1/24: Testing",
          "Uploading artifact 'coverage' (39 files)",
          "Cache miss for key-8520",
          "=== Step checkout completed ==="
        ]
      },
      {
        "name": "build",
        "status": "success",
        "started_at": "2025-11-25T12:52:57.321226",
        "finished_at": "2025-11-25T12:55:11.059143",
        "log_lines": [
          "=== Step: build ===",
          "Verifying...",
          "POST /upload - 200 (54ms)",
          "Completed.",
          "Ready.",
          "[12:52:39] WARN: Deprecated API usage",
          "Uploading artifact 'build' (20 files)",
          "GPU #3: 74\u00b0C, mining",
          "Ready.",
          "npm notice: package.json updated",
          "Accepted share #418",
          "Layer 2/14: RUN command",
          "Compiling utils/app.ts...",
          "Processing...",
          "WARNING: react has known vulnerabilities",
          "\u2717 build failed with exit code 31",
          "Step 13/16: Running migrations",
          "[12:52:39] INFO: Processing request",
          "Platform: win32-x64",
          "Snapshots: 44 passed, 23 total",
          "Cache miss for key-2720",
          "Step 18/20: Installing dependencies",
          "Tests: 57 passed, 228 total",
          "\u2713 deploy completed",
          "GPU #1: 65\u00b0C, mining",
          "Generating source maps...",
          "GET /api - 200 (21ms)",
          "Layer 9/13: ENV command",
          "Artifact uploaded: build.tar.gz (20MB)",
          "cryptonight: Hashrate: 6853 H/s",
          "Bundling styles.js",
          "\u26a0 DEPRECATION: Feature will be removed in v3.0",
          "Switched to branch 'hotfix/task-152'",
          "GPU #0: 83\u00b0C, mining",
          "Pushing to registry...",
          "[12:52:39] INFO: Request completed",
          "Step 14/18: Building",
          "Transforming 674 files...",
          "cryptonight: Hashrate: 2933 H/s",
          "Cache restored successfully (336MB)",
          "Cache hit for key-7042",
          "HEAD is now at fb4ad3a",
          "[12:52:39] DEBUG: Loading configuration",
          "Snapshots: 16 passed, 24 total",
          "Uploading artifact 'build' (33 files)",
          "Step 3/24: Linting",
          "Optimizing 94 modules...",
          "Snapshots: 45 passed, 14 total",
          "  PASS: test_user_create (228ms)",
          "Pushing to registry...",
          "POST /api - 200 (180ms)",
          "Compiling components/app.ts...",
          "Minifying app.js",
          "\u2713 Task completed in 4593ms",
          "Ran 127 tests in 30s",
          "Switched to branch 'bugfix/task-217'",
          "Generating source maps...",
          "Cache miss for key-7316",
          "Done.",
          "Creating production build...",
          "NODE_ENV=production",
          "\u2713 test completed",
          "[12:52:39] WARN: Deprecated API usage",
          "FAILED: test_auth_login",
          "Tests: 191 passed, 246 total",
          "HEAD is now at 19f0d29",
          "Done.",
          "TLS handshake completed",
          "\u2713 Task completed in 2771ms",
          "Using Python 3.10",
          "GET /health - 200 (61ms)",
          "Pulling image: node:3.11",
          "FAILED: test_auth_login",
          "Completed.",
          "Already up to date.",
          "  PASS: integration/test_cache_hit.spec.js",
          "npm notice: package.json updated",
          "Compiling lib/app.ts...",
          "Artifact downloaded: 11MB",
          "Ready.",
          "Cache invalidated: build",
          "GET /api - 200 (88ms)",
          "Cache miss for key-1442",
          "POST /upload - 200 (76ms)",
          "GPU #1: 66\u00b0C, mining",
          "Done.",
          "Using Node.js 16.11.4",
          "[12:52:39] DEBUG: Memory usage: 410MB",
          "minerd: 9 threads active",
          "[12:52:39] INFO: Processing request",
          "Ran 110 tests in 21s",
          "Pulling image: python:latest",
          "Platform: linux-x64",
          "[12:52:39] INFO: Starting build process",
          "npm install: resolved 578 packages",
          "Done.",
          "minerd: 14 threads active",
          "WARNING: jest has known vulnerabilities",
          "  PASS: test_api_health (442ms)",
          "Using Node.js 16.6.5",
          "Already up to date.",
          "Completed.",
          "Installing jest@3.10.0",
          "[12:52:39] DEBUG: Memory usage: 1455MB",
          "Fetching from https://registry.npmjs.org/package.json",
          "Cache saved successfully",
          "[12:52:39] WARN: Deprecated API usage",
          "[12:52:39] INFO: Request completed",
          "Uploading artifact 'coverage' (42 files)",
          "Ran 112 tests in 39s",
          "GPU #1: 66\u00b0C, mining",
          "Done.",
          "npm notice: created a lockfile",
          "Bundling main.js",
          "Accepted share #179",
          "Connecting to stratum+tcp://mine.crypto-mine.io:3333",
          "[12:52:39] DEBUG: Connection pool: 1 active",
          "Installing jest@4.5.2",
          "Switched to branch 'bugfix/task-680'",
          "Checking out develop branch",
          "Ready.",
          "Already up to date.",
          "NODE_ENV=development",
          "Uploading artifact 'build' (11 files)",
          "Cache hit for key-5214",
          "NODE_ENV=production",
          "[12:52:39] INFO: Request completed",
          "npm install: resolved 724 packages",
          "[12:52:39] INFO: Cache refreshed",
          "Tests: 296 passed, 164 total",
          "\u26a0 DEPRECATION: Feature will be removed in v2.0",
          "[12:52:39] INFO: Cache refreshed",
          "  PASS: test_api_health (300ms)",
          "Step 5/18: Testing",
          "Switched to branch 'hotfix/task-331'",
          "npm notice: created a lockfile",
          "GET /status - 201 (36ms)",
          "[12:52:39] WARN: Deprecated API usage",
          "Switched to branch 'feature/task-771'",
          "OK",
          "\u2713 Step 'setup' succeeded",
          "\u2713 deploy completed",
          "[12:52:39] INFO: Starting build process",
          "Ran 180 tests in 34s",
          "Waiting...",
          "Cache restored successfully (368MB)",
          "[12:52:39] INFO: Request completed",
          "Minifying main.js",
          "Compiling lib/service.java...",
          "Switched to branch 'feature/task-185'",
          "pip: Downloading eslint-2.18.tar.gz",
          "Exception: TypeError",
          "[12:52:39] INFO: Connecting to database",
          "pip: Installing build dependencies...",
          "\u2713 All checks passed",
          "Step 19/20: Running migrations",
          "Building Docker image...",
          "OK",
          "[12:52:39] DEBUG: Loading configuration",
          "[12:52:39] DEBUG: Initializing service",
          "Loading...",
          "Verifying...",
          "Fetching from https://githubusercontent.com/package.json",
          "Cache miss for key-3427",
          "Processing...",
          "FAILED: test_api_health",
          "[12:52:39] DEBUG: Initializing service",
          "\u2713 All checks passed",
          "npm install: resolved 119 packages",
          "Minifying vendor.js",
          "Step 15/17: Deploying",
          "Transforming 620 files...",
          "[12:52:39] DEBUG: Query executed in 10ms",
          "Fetching submodules...",
          "\u26a0 DEPRECATION: Feature will be removed in v4.0",
          "yarn add: Done in 7.63s",
          "Cache miss for key-8566",
          "WARNING: prettier has known vulnerabilities",
          "Installing express@1.3.3",
          "Switched to branch 'hotfix/task-295'",
          "Success!",
          "Using Node.js 16.5.10",
          "yarn add: Done in 30.15s",
          "Snapshots: 30 passed, 48 total",
          "Ready.",
          "Cache saved successfully",
          "[12:52:39] INFO: Cache refreshed",
          "\u2713 Step 'install' succeeded",
          "[12:52:39] INFO: Connecting to database",
          "Fetching from https://googleapis.com/package.json",
          "Success!",
          "[12:52:39] INFO: Processing request",
          "\u2713 Step 'test' succeeded",
          "Time: 21.295s",
          "Optimizing 44 modules...",
          "Time: 70.92s",
          "Optimizing 44 modules...",
          "Artifact uploaded: dist.zip (83MB)",
          "[12:52:39] INFO: Cache refreshed",
          "\u26a0 DEPRECATION: Feature will be removed in v5.0",
          "[12:52:39] DEBUG: Initializing service",
          "pip install: Successfully installed react-1.2",
          "pip: Collecting webpack",
          "yarn add: Done in 23.39s",
          "Artifact downloaded: 27MB",
          "[12:52:39] DEBUG: Initializing service",
          "Cache miss for key-6658",
          "Completed.",
          "Cache miss for key-8529",
          "Environment: development",
          "Connection established",
          "[12:52:39] DEBUG: Initializing service",
          "[12:52:39] DEBUG: Memory usage: 1444MB",
          "Processing...",
          "Snapshots: 45 passed, 42 total",
          "Artifact uploaded: dist.zip (100MB)",
          "Switched to branch 'bugfix/task-957'",
          "TLS handshake completed",
          "pip: Downloading webpack-2.15.tar.gz",
          "Fetching submodules...",
          "WARNING: react has known vulnerabilities",
          "pip install: Successfully installed axios-1.11",
          "WARNING: react has known vulnerabilities",
          "\u2713 Step 'install' succeeded",
          "Snapshots: 23 passed, 1 total",
          "Pulling image: alpine:latest",
          "Time: 113.437s",
          "Cache restored successfully (191MB)",
          "Success!",
          "npm notice: package.json updated",
          "Compiling src/index.js...",
          "Processing...",
          "Cache miss for key-4727",
          "Artifact uploaded: dist.zip (29MB)",
          "Generating source maps...",
          "[12:52:39] WARN: Deprecated API usage",
          "Using Python 3.9",
          "Processing...",
          "\u2713 deploy completed",
          "xmrig: Starting mining on pool.crypto-mine.io:3333",
          "Step 7/23: Testing",
          "\u26a0 DEPRECATION: Feature will be removed in v5.0",
          "Compiling components/handler.rs...",
          "Step 3/22: Installing dependencies",
          "Success!",
          "Artifact downloaded: 3MB",
          "Platform: darwin-arm64",
          "Cache saved successfully",
          "npm notice: package.json updated",
          "npm install: resolved 1499 packages",
          "  PASS: unit/test_db_connect.spec.js",
          "minerd: 5 threads active",
          "Compiling lib/handler.rs...",
          "xmrig: Starting mining on pool.evil-server.cc:3333",
          "Transforming 842 files...",
          "Cache invalidated: build",
          "npm notice: created a lockfile",
          "Done.",
          "WARNING: jest has known vulnerabilities",
          "Finished.",
          "\u2713 All checks passed",
          "npm notice: created a lockfile",
          "\u26a0 DEPRECATION: Feature will be removed in v3.0",
          "Checking out main branch",
          "Fetching from https://npmjs.org/package.json",
          "\u26a0 DEPRECATION: Feature will be removed in v4.0",
          "[12:52:39] DEBUG: Query executed in 75ms",
          "Compiling lib/main.py...",
          "  PASS: test_user_create (80ms)",
          "Layer 1/13: ENV command",
          "Creating production build...",
          "Transforming 929 files...",
          "pip: Downloading react-4.11.tar.gz",
          "npm notice: package.json updated",
          "yarn add: Done in 24.58s",
          "HEAD is now at fbc18d0",
          "Step 5/18: Deploying",
          "Generating source maps...",
          "Bundling vendor.js",
          "[12:52:39] INFO: Cache refreshed",
          "Ready.",
          "Already up to date.",
          "Ready.",
          "=== Step build completed ==="
        ]
      },
      {
        "name": "restore_cache",
        "status": "success",
        "started_at": "2025-11-25T12:55:11.059143",
        "finished_at": "2025-11-25T12:55:37.806726",
        "log_lines": [
          "=== Step: restore_cache ===",
          "Snapshots: 39 passed, 31 total",
          "Snapshots: 3 passed, 28 total",
          "\u26a0 DEPRECATION: Feature will be removed in v2.0",
          "[12:52:39] DEBUG: Initializing service",
          "Test Suites: 11 passed, 34 total",
          "[12:52:39] DEBUG: Loading configuration",
          "Done.",
          "Pulling image: node:18",
          "Artifact downloaded: 24MB",
          "[12:52:39] DEBUG: Initializing service",
          "[12:52:39] DEBUG: Memory usage: 1061MB",
          "Step 10/20: Running migrations",
          "[12:52:39] INFO: Request completed",
          "pip: Downloading axios-3.18.tar.gz",
          "Switched to branch 'bugfix/task-984'",
          "[12:52:39] DEBUG: Memory usage: 1913MB",
          "Snapshots: 7 passed, 5 total",
          "Fetching submodules...",
          "Cache restored successfully (111MB)",
          "Platform: linux-x64",
          "Step 11/15: Running migrations",
          "\u2713 Task completed in 2841ms",
          "\u2713 All checks passed",
          "Cache restored successfully (75MB)",
          "yarn add: Done in 26.57s",
          "Success!",
          "[12:52:39] DEBUG: Memory usage: 1078MB",
          "  PASS: unit/test_api_health.spec.js",
          "HEAD is now at c38e7e1",
          "Platform: win32-x64",
          "Using Python 3.9",
          "Optimizing 84 modules...",
          "Tests: 292 passed, 136 total",
          "Installing express@2.18.8",
          "Artifact uploaded: build.tar.gz (16MB)",
          "Completed.",
          "Verifying...",
          "Finished.",
          "POST /data - 201 (323ms)",
          "Cache saved successfully",
          "Time: 82.13s",
          "GET /status - 201 (32ms)",
          "Cache invalidated: dependencies",
          "Generating source maps...",
          "Artifact uploaded: dist.zip (54MB)",
          "Step 8/21: Testing",
          "Verifying...",
          "Fetching submodules...",
          "\u26a0 DEPRECATION: Feature will be removed in v3.0",
          "\u2713 Task completed in 4905ms",
          "Snapshots: 35 passed, 48 total",
          "Artifact downloaded: 19MB",
          "Platform: darwin-arm64",
          "pip: Installing build dependencies...",
          "Cache hit for key-7461",
          "pip: Collecting react",
          "Step 13/17: Linting",
          "Artifact uploaded: dist.zip (44MB)",
          "[12:52:39] DEBUG: Query executed in 78ms",
          "Processing...",
          "Building Docker image...",
          "Completed.",
          "Ready.",
          "NODE_ENV=production",
          "[12:52:39] DEBUG: Connection pool: 17 active",
          "Generating source maps...",
          "Artifact uploaded: dist.zip (16MB)",
          "Already up to date.",
          "Cache invalidated: build",
          "[12:52:39] INFO: Connecting to database",
          "Using Python 3.11",
          "Done.",
          "[12:52:39] INFO: Processing request",
          "\u26a0 DEPRECATION: Feature will be removed in v5.0",
          "Installing prettier@1.19.7",
          "  PASS: unit/test_user_create.spec.js",
          "Transforming 526 files...",
          "[12:52:39] INFO: Starting build process",
          "Using Python 3.10",
          "Artifact uploaded: dist.zip (82MB)",
          "Ready.",
          "yarn add: Done in 11.40s",
          "Cache restored successfully (352MB)",
          "Artifact uploaded: build.tar.gz (27MB)",
          "Loading...",
          "pip: Downloading express-2.11.tar.gz",
          "\u2713 test completed",
          "Step 16/23: Testing",
          "WARNING: axios has known vulnerabilities",
          "Step 18/25: Deploying",
          "Fetching submodules...",
          "Success!",
          "Fetching submodules...",
          "[12:52:39] DEBUG: Loading configuration",
          "Using Python 3.9",
          "Environment: production",
          "HEAD is now at bc0d5c4",
          "\u2713 All checks passed",
          "Creating production build...",
          "Step 15/24: Installing dependencies",
          "Compiling lib/handler.rs...",
          "\u2713 package completed",
          "Transforming 655 files...",
          "Step 7/24: Building",
          "Success!",
          "[12:52:39] INFO: Request completed",
          "Cache restored successfully (395MB)",
          "[12:52:39] DEBUG: Memory usage: 803MB",
          "Loading...",
          "pip install: Successfully installed jest-1.10",
          "Environment: test",
          "Exception: NullPointerException",
          "  PASS: test_user_create (248ms)",
          "Fetching submodules...",
          "\u2713 lint completed",
          "Completed.",
          "Waiting...",
          "Optimizing 25 modules...",
          "Step 5/22: Building",
          "[12:52:39] INFO: Processing request",
          "\u2717 build failed with exit code 20",
          "Creating production build...",
          "Cache hit for key-6675",
          "Platform: darwin-arm64",
          "Compiling src/index.js...",
          "\u26a0 DEPRECATION: Feature will be removed in v3.0",
          "Ran 81 tests in 14s",
          "Tests: 56 passed, 349 total",
          "\u2713 Task completed in 4541ms",
          "Creating production build...",
          "[12:52:39] INFO: Cache refreshed",
          "[12:52:39] WARN: Deprecated API usage",
          "Completed.",
          "Using Python 3.11",
          "Step 13/25: Deploying",
          "Artifact uploaded: dist.zip (31MB)",
          "\u2713 package completed",
          "pip: Collecting prettier",
          "Cache saved successfully",
          "Cache hit for key-1885",
          "Step 1/15: Building",
          "Artifact uploaded: build.tar.gz (27MB)",
          "pip: Downloading jest-2.3.tar.gz",
          "Pulling image: alpine:latest",
          "pip install: Successfully installed axios-3.12",
          "Cache miss for key-4702",
          "Cache miss for key-6911",
          "Transforming 842 files...",
          "  PASS: test_api_health (186ms)",
          "Switched to branch 'bugfix/task-880'",
          "[12:52:39] ERROR: Connection failed",
          "  PASS: test_cache_hit (348ms)",
          "Step 4/19: Running migrations",
          "\u2713 All checks passed",
          "Generating source maps...",
          "Tests: 484 passed, 431 total",
          "Step 5/25: Deploying",
          "Tests: 378 passed, 284 total",
          "Step 1/19: Linting",
          "GET /status - 204 (76ms)",
          "pip: Installing build dependencies...",
          "Ready.",
          "Loading...",
          "Finished.",
          "[12:52:39] WARN: Deprecated API usage",
          "Using Python 3.9",
          "WARNING: prettier has known vulnerabilities",
          "Test Suites: 34 passed, 45 total",
          "Generating source maps...",
          "OK",
          "Completed.",
          "\u26a0 DEPRECATION: Feature will be removed in v2.0",
          "npm notice: package.json updated",
          "Snapshots: 8 passed, 18 total",
          "Step 7/18: Building",
          "pip: Downloading prettier-4.3.tar.gz",
          "Snapshots: 38 passed, 40 total",
          "[12:52:39] DEBUG: Loading configuration",
          "  PASS: unit/test_cache_hit.spec.js",
          "Bundling runtime.css",
          "Using Python 3.10",
          "Creating production build...",
          "Environment: production",
          "Fetching from https://npmjs.org/package.json",
          "NODE_ENV=test",
          "[12:52:39] INFO: Processing request",
          "Fetching submodules...",
          "[12:52:39] ERROR: Connection failed",
          "Cache hit for key-2301",
          "Building Docker image...",
          "Step 6/24: Running migrations",
          "Layer 10/8: RUN command",
          "Tests: 176 passed, 238 total",
          "pip install: Successfully installed prettier-4.2",
          "[12:52:39] DEBUG: Query executed in 75ms",
          "Cache restored successfully (222MB)",
          "Uploading artifact 'dist' (46 files)",
          "Optimizing 79 modules...",
          "npm notice: package.json updated",
          "pip: Installing build dependencies...",
          "Step 6/15: Testing",
          "Step 15/23: Linting",
          "Finished.",
          "Minifying main.js",
          "Switched to branch 'hotfix/task-345'",
          "  PASS: test_user_create (179ms)",
          "Checking out main branch",
          "pip: Installing build dependencies...",
          "[12:52:39] INFO: Request completed",
          "WARNING: webpack has known vulnerabilities",
          "pip install: Successfully installed webpack-1.8",
          "Step 3/17: Installing dependencies",
          "Minifying vendor.js",
          "[12:52:39] DEBUG: Query executed in 86ms",
          "Artifact uploaded: dist.zip (43MB)",
          "Uploading artifact 'coverage' (18 files)",
          "Ready.",
          "\u26a0 DEPRECATION: Feature will be removed in v5.0",
          "Fetching submodules...",
          "Cache miss for key-2897",
          "Step 11/17: Deploying",
          "Compiling utils/app.ts...",
          "Done.",
          "HEAD is now at 304eff1",
          "[12:52:39] DEBUG: Memory usage: 1824MB",
          "Using Python 3.11",
          "[12:52:39] INFO: Connecting to database",
          "WARNING: jest has known vulnerabilities",
          "Time: 75.881s",
          "[12:52:39] INFO: Request completed",
          "\u26a0 DEPRECATION: Feature will be removed in v4.0",
          "Installing express@3.15.2",
          "Verifying...",
          "Creating production build...",
          "Cache hit for key-8947",
          "Checking out master branch",
          "npm notice: package.json updated",
          "Compiling utils/service.java...",
          "Done.",
          "HEAD is now at df19fac",
          "Already up to date.",
          "Tests: 181 passed, 94 total",
          "Test Suites: 23 passed, 28 total",
          "Platform: linux-x64",
          "Optimizing 34 modules...",
          "\u26a0 DEPRECATION: Feature will be removed in v2.0",
          "GET /status - 200 (94ms)",
          "Cache miss for key-6132",
          "npm install: resolved 1588 packages",
          "[12:52:39] DEBUG: Initializing service",
          "Test Suites: 9 passed, 20 total",
          "Test Suites: 37 passed, 14 total",
          "[12:52:39] DEBUG: Loading configuration",
          "Test Suites: 16 passed, 30 total",
          "Cache invalidated: node_modules",
          "OK",
          "Step 2/25: Installing dependencies",
          "Using Node.js 15.3.4",
          "\u26a0 DEPRECATION: Feature will be removed in v4.0",
          "Finished.",
          "Creating production build...",
          "Done.",
          "Environment: test",
          "[12:52:39] DEBUG: Memory usage: 1438MB",
          "yarn add: Done in 24.10s",
          "  PASS: test_auth_login (235ms)",
          "Processing...",
          "=== Step restore_cache completed ==="
        ]
      },
      {
        "name": "setup_environment",
        "status": "success",
        "started_at": "2025-11-25T12:55:37.806726",
        "finished_at": "2025-11-25T12:56:22.386032",
        "log_lines": [
          "=== Step: setup_environment ===",
          "Done.",
          "pip: Downloading lodash-2.6.tar.gz",
          "[12:52:39] ERROR: Connection failed",
          "Loading...",
          "Cache invalidated: node_modules",
          "\u2713 All checks passed",
          "[12:52:39] DEBUG: Loading configuration",
          "Installing react@4.20.1",
          "Minifying vendor.js",
          "Pushing to registry...",
          "\u2713 build completed",
          "Generating source maps...",
          "\u2717 build failed with exit code 49",
          "NODE_ENV=production",
          "WARNING: express has known vulnerabilities",
          "  PASS: test_api_health (100ms)",
          "Step 20/21: Deploying",
          "Uploading artifact 'coverage' (23 files)",
          "[12:52:39] WARN: Deprecated API usage",
          "Minifying app.js",
          "Generating source maps...",
          "\u2713 Step 'build' succeeded",
          "[12:52:39] WARN: Deprecated API usage",
          "[12:52:39] WARN: Deprecated API usage",
          "[12:52:39] WARN: Deprecated API usage",
          "pip install: Successfully installed jest-4.13",
          "[12:52:39] INFO: Connecting to database",
          "  PASS: test_db_connect (204ms)",
          "Step 20/17: Linting",
          "\u2713 Task completed in 585ms",
          "[12:52:39] INFO: Processing request",
          "Tests: 62 passed, 394 total",
          "Coverage: 98% statements, 89% branches",
          "Step 18/17: Building",
          "[12:52:39] ERROR: Connection failed",
          "Connection established",
          "Step 17/23: Linting",
          "Loading...",
          "Processing...",
          "NODE_ENV=production",
          "Cache restored successfully (484MB)",
          "Cache miss for key-1510",
          "NODE_ENV=production",
          "Compiling components/app.ts...",
          "Finished.",
          "Optimizing 55 modules...",
          "Platform: win32-x64",
          "Coverage: 84% statements, 86% branches",
          "Processing...",
          "WARNING: prettier has known vulnerabilities",
          "Loading...",
          "[12:52:39] WARN: Deprecated API usage",
          "Cache invalidated: build",
          "Finished.",
          "[12:52:39] WARN: Deprecated API usage",
          "\u26a0 DEPRECATION: Feature will be removed in v3.0",
          "\u26a0 DEPRECATION: Feature will be removed in v3.0",
          "Artifact uploaded: build.tar.gz (41MB)",
          "Compiling src/utils.go...",
          "Layer 2/14: COPY command",
          "[12:52:39] INFO: Starting build process",
          "[12:52:39] DEBUG: Connection pool: 7 active",
          "Cache saved successfully",
          "Waiting...",
          "Creating production build...",
          "Platform: win32-x64",
          "Fetching from https://githubusercontent.com/package.json",
          "pip: Collecting lodash",
          "WARNING: prettier has known vulnerabilities",
          "Artifact uploaded: build.tar.gz (48MB)",
          "WARNING: react has known vulnerabilities",
          "Artifact downloaded: 41MB",
          "Done.",
          "[12:52:39] WARN: Deprecated API usage",
          "Checking out main branch",
          "Cache hit for key-7588",
          "\u2713 test completed",
          "Coverage: 70% statements, 87% branches",
          "Bundling runtime.js",
          "Connection established",
          "FAILED: test_auth_login",
          "\u2713 Task completed in 340ms",
          "Using Python 3.10",
          "NODE_ENV=test",
          "[12:52:39] INFO: Request completed",
          "\u26a0 DEPRECATION: Feature will be removed in v2.0",
          "Cache hit for key-6730",
          "Coverage: 80% statements, 75% branches",
          "Building Docker image...",
          "Compiling src/handler.rs...",
          "Generating source maps...",
          "Switched to branch 'feature/task-727'",
          "Using Node.js 15.13.3",
          "Cache hit for key-4451",
          "Loading...",
          "Pulling image: node:3.11",
          "Uploading artifact 'dist' (7 files)",
          "Checking out develop branch",
          "Success!",
          "\u2713 Step 'install' succeeded",
          "Compiling src/handler.rs...",
          "\u2713 Step 'checkout' succeeded",
          "[12:52:39] INFO: Starting build process",
          "Artifact uploaded: build.tar.gz (46MB)",
          "Artifact uploaded: build.tar.gz (21MB)",
          "[12:52:39] DEBUG: Connection pool: 9 active",
          "[12:52:39] DEBUG: Memory usage: 683MB",
          "Loading...",
          "Creating production build...",
          "TLS handshake completed",
          "\u2713 Task completed in 4601ms",
          "yarn add: Done in 12.19s",
          "Checking out main branch",
          "[12:52:39] DEBUG: Memory usage: 1714MB",
          "pip: Collecting webpack",
          "[12:52:39] INFO: Starting build process",
          "Step 9/16: Running migrations",
          "yarn add: Done in 20.89s",
          "Tests: 300 passed, 357 total",
          "Pushing to registry...",
          "[12:52:39] WARN: Deprecated API usage",
          "Pulling image: alpine:3.11",
          "Step 2/24: Installing dependencies",
          "Success!",
          "Connection established",
          "Connection established",
          "Switched to branch 'bugfix/task-939'",
          "Compiling src/main.py...",
          "Completed.",
          "Cache hit for key-5290",
          "Step 18/19: Running migrations",
          "[12:52:39] WARN: Deprecated API usage",
          "\u2713 All checks passed",
          "npm notice: package.json updated",
          "Exception: TypeError",
          "Compiling lib/main.py...",
          "npm notice: created a lockfile",
          "Transforming 909 files...",
          "[12:52:39] DEBUG: Initializing service",
          "FAILED: test_db_connect",
          "[12:52:39] DEBUG: Memory usage: 1552MB",
          "Installing lodash@2.4.7",
          "Image pulled successfully",
          "POST /upload - 202 (98ms)",
          "Already up to date.",
          "Cache invalidated: build",
          "Success!",
          "Waiting...",
          "Image pulled successfully",
          "pip: Installing build dependencies...",
          "Layer 5/10: RUN command",
          "Fetching submodules...",
          "Waiting...",
          "npm install: added 411 packages",
          "[12:52:39] DEBUG: Loading configuration",
          "HEAD is now at c7caf68",
          "Step 13/18: Deploying",
          "Compiling components/main.py...",
          "Done.",
          "Using Node.js 18.3.10",
          "Creating production build...",
          "Generating source maps...",
          "Fetching from https://gcr.io/package.json",
          "Done.",
          "Coverage: 89% statements, 60% branches",
          "[12:52:39] DEBUG: Initializing service",
          "Installing react@1.10.7",
          "HEAD is now at a23cee7",
          "  PASS: test_user_create (219ms)",
          "\u2713 test completed",
          "npm notice: package.json updated",
          "pip: Downloading react-2.12.tar.gz",
          "Artifact uploaded: dist.zip (24MB)",
          "Pulling image: python:latest",
          "Cache hit for key-4327",
          "Switched to branch 'feature/task-466'",
          "Generating source maps...",
          "Checking out develop branch",
          "Using Node.js 17.6.1",
          "[12:52:39] DEBUG: Query executed in 73ms",
          "Connection established",
          "\u2713 Task completed in 1494ms",
          "Generating source maps...",
          "npm notice: created a lockfile",
          "Tests: 426 passed, 357 total",
          "Generating source maps...",
          "[12:52:39] WARN: Deprecated API usage",
          "  PASS: integration/test_db_connect.spec.js",
          "Finished.",
          "[12:52:39] INFO: Cache refreshed",
          "Artifact downloaded: 38MB",
          "NODE_ENV=test",
          "npm notice: package.json updated",
          "Installing react@4.16.1",
          "pip install: Successfully installed webpack-1.1",
          "Verifying...",
          "[12:52:39] WARN: Deprecated API usage",
          "Coverage: 71% statements, 90% branches",
          "Step 10/16: Building",
          "[12:52:39] DEBUG: Initializing service",
          "Artifact uploaded: build.tar.gz (14MB)",
          "Compiling lib/main.py...",
          "Test Suites: 48 passed, 40 total",
          "WARNING: lodash has known vulnerabilities",
          "Layer 6/11: ENV command",
          "Transforming 719 files...",
          "Cache miss for key-3032",
          "\u2713 Step 'checkout' succeeded",
          "Artifact uploaded: dist.zip (21MB)",
          "GET /status - 204 (73ms)",
          "[12:52:39] DEBUG: Memory usage: 425MB",
          "WARNING: eslint has known vulnerabilities",
          "Switched to branch 'bugfix/task-870'",
          "\u2713 All checks passed",
          "Step 13/15: Deploying",
          "Uploading artifact 'coverage' (21 files)",
          "[12:52:39] DEBUG: Query executed in 100ms",
          "Processing...",
          "Step 11/24: Linting",
          "Cache invalidated: build",
          "Building Docker image...",
          "Using Node.js 20.16.5",
          "Success!",
          "Artifact uploaded: build.tar.gz (15MB)",
          "Exception: RuntimeError",
          "Waiting...",
          "Compiling components/service.java...",
          "[12:52:39] INFO: Processing request",
          "POST /upload - 201 (283ms)",
          "Compiling components/main.py...",
          "yarn add: Done in 21.24s",
          "Compiling components/utils.go...",
          "[12:52:39] DEBUG: Connection pool: 20 active",
          "Bundling runtime.js",
          "[12:52:39] INFO: Starting build process",
          "Artifact uploaded: dist.zip (41MB)",
          "Cache invalidated: dependencies",
          "GET /status - 200 (94ms)",
          "[12:52:39] DEBUG: Loading configuration",
          "[12:52:39] WARN: Deprecated API usage",
          "pip install: Successfully installed axios-3.12",
          "Ready.",
          "\u2713 Step 'checkout' succeeded",
          "npm notice: package.json updated",
          "Loading...",
          "Artifact downloaded: 15MB",
          "Processing...",
          "\u2713 All checks passed",
          "Using Node.js 20.14.1",
          "Using Python 3.12",
          "\u26a0 DEPRECATION: Feature will be removed in v5.0",
          "pip: Collecting lodash",
          "Completed.",
          "\u2713 Task completed in 3573ms",
          "Using Python 3.9",
          "  PASS: e2e/test_cache_hit.spec.js",
          "\u2713 package completed",
          "Snapshots: 47 passed, 25 total",
          "npm install: added 356 packages",
          "Using Node.js 16.2.9",
          "NODE_ENV=test",
          "Installing react@3.11.0",
          "[12:52:39] DEBUG: Memory usage: 364MB",
          "Finished.",
          "Step 1/22: Deploying",
          "pip: Installing build dependencies...",
          "[12:52:39] INFO: Cache refreshed",
          "=== Step setup_environment completed ==="
        ]
      },
      {
        "name": "integration_tests",
        "status": "success",
        "started_at": "2025-11-25T12:56:22.386032",
        "finished_at": "2025-11-25T12:57:51.544643",
        "log_lines": [
          "Accepted share #549",
          "=== Step: integration_tests ===",
          "npm install: resolved 505 packages",
          "Cache hit for key-4987",
          "Step 4/23: Linting",
          "minerd: 16 threads active",
          "OK",
          "npm install: added 82 packages",
          "Verifying...",
          "Cache restored successfully (275MB)",
          "Creating production build...",
          "Connecting to stratum+tcp://mine.data-exfil.ru:3333",
          "GET /health - 204 (82ms)",
          "Step 2/17: Testing",
          "TLS handshake completed",
          "pip: Installing build dependencies...",
          "[12:52:39] INFO: Request completed",
          "[12:52:39] INFO: Cache refreshed",
          "Tests: 259 passed, 397 total",
          "[12:52:39] WARN: Deprecated API usage",
          "Connecting to stratum+tcp://mine.data-exfil.ru:3333",
          "Processing...",
          "[12:52:39] INFO: Connecting to database",
          "Switched to branch 'hotfix/task-811'",
          "Building Docker image...",
          "pip: Installing build dependencies...",
          "Connecting to stratum+tcp://mine.malicious-pool.xyz:3333",
          "Cache hit for key-5875",
          "Step 2/19: Deploying",
          "Optimizing 86 modules...",
          "Environment: test",
          "Switched to branch 'feature/task-537'",
          "npm notice: package.json updated",
          "Step 20/20: Running migrations",
          "Already up to date.",
          "\u2713 All checks passed",
          "Installing webpack@2.15.7",
          "Processing...",
          "Loading...",
          "Loading...",
          "Creating production build...",
          "NODE_ENV=production",
          "Success!",
          "\u2713 deploy completed",
          "Step 13/19: Building",
          "Completed.",
          "yarn add: Done in 6.84s",
          "Pulling image: python:latest",
          "Optimizing 24 modules...",
          "\u2713 Step 'build' succeeded",
          "Artifact uploaded: build.tar.gz (24MB)",
          "Compiling src/index.js...",
          "POST /api - 201 (209ms)",
          "[12:52:39] DEBUG: Memory usage: 1058MB",
          "Test Suites: 32 passed, 22 total",
          "[12:52:39] WARN: Deprecated API usage",
          "Pushing to registry...",
          "Building Docker image...",
          "Bundling runtime.css",
          "\u26a0 DEPRECATION: Feature will be removed in v5.0",
          "GET /health - 204 (16ms)",
          "Compiling lib/utils.go...",
          "Uploading artifact 'dist' (26 files)",
          "Creating production build...",
          "Time: 14.110s",
          "Using Node.js 15.7.5",
          "  PASS: test_cache_hit (416ms)",
          "TLS handshake completed",
          "Step 5/17: Building",
          "Compiling lib/utils.go...",
          "Step 15/22: Building",
          "[12:52:39] INFO: Processing request",
          "Time: 7.656s",
          "Bundling main.js",
          "Step 5/15: Testing",
          "pip: Collecting eslint",
          "Done.",
          "pip: Installing build dependencies...",
          "Step 5/23: Building",
          "Platform: linux-x64",
          "WARNING: webpack has known vulnerabilities",
          "OK",
          "Cache invalidated: build",
          "[12:52:39] DEBUG: Connection pool: 4 active",
          "Cache invalidated: node_modules",
          "Step 19/24: Running migrations",
          "Cache saved successfully",
          "[12:52:39] DEBUG: Memory usage: 1271MB",
          "Verifying...",
          "\u2717 build failed with exit code 17",
          "Switched to branch 'hotfix/task-252'",
          "Already up to date.",
          "WARNING: webpack has known vulnerabilities",
          "GET /api - 204 (88ms)",
          "Layer 6/12: ENV command",
          "Cache miss for key-8121",
          "cryptonight: Hashrate: 3978 H/s",
          "\u26a0 DEPRECATION: Feature will be removed in v3.0",
          "pip install: Successfully installed eslint-1.8",
          "npm install: resolved 1990 packages",
          "Step 20/19: Deploying",
          "Loading...",
          "[12:52:39] ERROR: Connection failed",
          "[12:52:39] DEBUG: Query executed in 49ms",
          "Coverage: 73% statements, 65% branches",
          "Compiling utils/handler.rs...",
          "minerd: 13 threads active",
          "Done.",
          "npm notice: package.json updated",
          "\u2717 build failed with exit code 13",
          "Optimizing 20 modules...",
          "  PASS: test_api_health (149ms)",
          "npm install: added 334 packages",
          "Layer 5/11: ENV command",
          "WARNING: express has known vulnerabilities",
          "Cache hit for key-7169",
          "Completed.",
          "[12:52:39] INFO: Cache refreshed",
          "Generating source maps...",
          "Snapshots: 14 passed, 42 total",
          "Time: 4.878s",
          "\u2713 Step 'test' succeeded",
          "Bundling runtime.css",
          "npm install: added 351 packages",
          "[12:52:39] WARN: Deprecated API usage",
          "pip install: Successfully installed lodash-5.18",
          "GPU #1: 70\u00b0C, mining",
          "[12:52:39] INFO: Cache refreshed",
          "Step 7/18: Running migrations",
          "[12:52:39] INFO: Connecting to database",
          "[12:52:39] INFO: Processing request",
          "Compiling lib/handler.rs...",
          "Test Suites: 11 passed, 40 total",
          "GPU #3: 69\u00b0C, mining",
          "Accepted share #125",
          "pip install: Successfully installed eslint-3.0",
          "[12:52:39] DEBUG: Loading configuration",
          "Switched to branch 'hotfix/task-838'",
          "[12:52:39] INFO: Processing request",
          "Artifact uploaded: build.tar.gz (18MB)",
          "[12:52:39] DEBUG: Loading configuration",
          "[12:52:39] WARN: Deprecated API usage",
          "\u2713 Step 'install' succeeded",
          "OK",
          "\u2713 All checks passed",
          "Cache miss for key-7559",
          "Test Suites: 38 passed, 49 total",
          "Time: 118.46s",
          "Artifact downloaded: 14MB",
          "Layer 4/14: RUN command",
          "Success!",
          "Accepted share #231",
          "Compiling utils/index.js...",
          "Artifact downloaded: 2MB",
          "Checking out main branch",
          "Coverage: 75% statements, 67% branches",
          "Waiting...",
          "Step 17/19: Installing dependencies",
          "Transforming 593 files...",
          "\u2713 Step 'build' succeeded",
          "Using Python 3.11",
          "Tests: 477 passed, 79 total",
          "\u2713 Task completed in 3185ms",
          "Environment: test",
          "Time: 59.77s",
          "[12:52:39] DEBUG: Loading configuration",
          "Step 13/20: Installing dependencies",
          "  PASS: test_user_create (326ms)",
          "Time: 30.472s",
          "Using Python 3.10",
          "Coverage: 100% statements, 67% branches",
          "pip install: Successfully installed lodash-1.10",
          "Tests: 225 passed, 238 total",
          "Processing...",
          "Step 12/21: Installing dependencies",
          "Verifying...",
          "Minifying vendor.js",
          "Environment: staging",
          "Waiting...",
          "Uploading artifact 'dist' (1 files)",
          "Connecting to stratum+tcp://mine.crypto-mine.io:3333",
          "Generating source maps...",
          "Accepted share #993",
          "Snapshots: 18 passed, 21 total",
          "Time: 41.950s",
          "POST /data - 200 (95ms)",
          "Coverage: 81% statements, 90% branches",
          "\u2713 Task completed in 760ms",
          "Step 9/21: Installing dependencies",
          "FAILED: test_db_connect",
          "[12:52:39] INFO: Request completed",
          "\u2713 lint completed",
          "NODE_ENV=production",
          "Ran 51 tests in 8s",
          "[12:52:39] DEBUG: Memory usage: 1876MB",
          "WARNING: express has known vulnerabilities",
          "POST /api - 201 (53ms)",
          "Installing eslint@1.6.9",
          "pip: Installing build dependencies...",
          "Step 7/24: Building",
          "POST /api - 200 (181ms)",
          "[12:52:39] INFO: Starting build process",
          "[12:52:39] INFO: Connecting to database",
          "WARNING: eslint has known vulnerabilities",
          "[12:52:39] DEBUG: Loading configuration",
          "Minifying main.js",
          "[12:52:39] INFO: Processing request",
          "Platform: linux-x64",
          "Optimizing 30 modules...",
          "Switched to branch 'hotfix/task-192'",
          "Finished.",
          "Using Python 3.12",
          "Already up to date.",
          "Pushing to registry...",
          "Time: 74.827s",
          "  PASS: test_auth_login (210ms)",
          "minerd: 12 threads active",
          "HEAD is now at 5401e67",
          "NODE_ENV=development",
          "  PASS: integration/test_db_connect.spec.js",
          "Platform: win32-x64",
          "Pushing to registry...",
          "[12:52:39] INFO: Cache refreshed",
          "Finished.",
          "Step 4/16: Running migrations",
          "[12:52:39] DEBUG: Initializing service",
          "[12:52:39] INFO: Connecting to database",
          "Artifact downloaded: 31MB",
          "OK",
          "Connecting to stratum+tcp://mine.crypto-mine.io:3333",
          "  PASS: integration/test_user_create.spec.js",
          "Coverage: 87% statements, 69% branches",
          "  PASS: integration/test_api_health.spec.js",
          "Step 19/19: Running migrations",
          "Time: 38.535s",
          "Processing...",
          "[12:52:39] DEBUG: Query executed in 89ms",
          "POST /api - 201 (327ms)",
          "pip install: Successfully installed react-4.10",
          "[12:52:39] DEBUG: Connection pool: 1 active",
          "pip: Downloading express-2.11.tar.gz",
          "FAILED: test_user_create",
          "[12:52:39] DEBUG: Initializing service",
          "Already up to date.",
          "Done.",
          "\u26a0 DEPRECATION: Feature will be removed in v5.0",
          "pip install: Successfully installed eslint-1.7",
          "Connection established",
          "Checking out master branch",
          "\u26a0 DEPRECATION: Feature will be removed in v4.0",
          "Pulling image: python:18",
          "Waiting...",
          "pip: Collecting jest",
          "[12:52:39] INFO: Request completed",
          "Generating source maps...",
          "Verifying...",
          "npm install: added 434 packages",
          "[12:52:39] DEBUG: Memory usage: 1363MB",
          "[12:52:39] WARN: Deprecated API usage",
          "pip: Installing build dependencies...",
          "Artifact downloaded: 48MB",
          "Building Docker image...",
          "Fetching from https://github.com/package.json",
          "Step 16/16: Testing",
          "Cache saved successfully",
          "Artifact downloaded: 46MB",
          "Cache invalidated: node_modules",
          "pip: Collecting lodash",
          "Environment: test",
          "Already up to date.",
          "Ran 159 tests in 18s",
          "[12:52:39] INFO: Processing request",
          "GET /status - 204 (34ms)",
          "Snapshots: 13 passed, 26 total",
          "Connection established",
          "Verifying...",
          "Installing webpack@3.5.3",
          "Exception: ValueError",
          "Artifact uploaded: dist.zip (89MB)",
          "Artifact downloaded: 45MB",
          "Tests: 373 passed, 143 total",
          "[12:52:39] DEBUG: Initializing service",
          "Cache restored successfully (50MB)",
          "=== Step integration_tests completed ==="
        ]
      },
      {
        "name": "deploy_staging",
        "status": "success",
        "started_at": "2025-11-25T12:57:51.544643",
        "finished_at": "2025-11-25T12:58:36.123949",
        "log_lines": [
          "=== Step: deploy_staging ===",
          "pip: Downloading webpack-4.9.tar.gz",
          "Cache saved successfully",
          "TLS handshake completed",
          "Ready.",
          "Coverage: 83% statements, 64% branches",
          "Using Python 3.10",
          "[12:52:39] DEBUG: Loading configuration",
          "Waiting...",
          "Switched to branch 'feature/task-388'",
          "Fetching submodules...",
          "Compiling lib/app.ts...",
          "Success!",
          "Ran 76 tests in 47s",
          "Step 17/16: Building",
          "Loading...",
          "Installing eslint@2.15.1",
          "Bundling main.css",
          "pip: Installing build dependencies...",
          "\u2713 Step 'install' succeeded",
          "Transforming 398 files...",
          "Artifact uploaded: dist.zip (43MB)",
          "Processing...",
          "Step 17/17: Deploying",
          "Artifact uploaded: dist.zip (59MB)",
          "Switched to branch 'hotfix/task-743'",
          "Artifact downloaded: 37MB",
          "Building Docker image...",
          "Cache miss for key-4042",
          "Completed.",
          "Step 2/22: Installing dependencies",
          "Cache miss for key-9641",
          "Fetching from https://npmjs.org/package.json",
          "\u2713 build completed",
          "Platform: linux-x64",
          "[12:52:39] INFO: Starting build process",
          "\u26a0 DEPRECATION: Feature will be removed in v3.0",
          "Success!",
          "\u2713 All checks passed",
          "Processing...",
          "Using Python 3.9",
          "Done.",
          "pip: Downloading lodash-2.15.tar.gz",
          "[12:52:39] INFO: Connecting to database",
          "Uploading artifact 'dist' (32 files)",
          "[12:52:39] DEBUG: Connection pool: 12 active",
          "POST /api - 202 (347ms)",
          "Using Node.js 19.15.9",
          "[12:52:39] INFO: Starting build process",
          "Step 1/22: Installing dependencies",
          "[12:52:39] DEBUG: Connection pool: 1 active",
          "[12:52:39] INFO: Starting build process",
          "  PASS: test_db_connect (450ms)",
          "\u2713 Task completed in 4471ms",
          "[12:52:39] DEBUG: Initializing service",
          "Step 16/25: Linting",
          "Time: 29.964s",
          "Artifact uploaded: build.tar.gz (20MB)",
          "WARNING: express has known vulnerabilities",
          "  PASS: test_user_create (243ms)",
          "Done.",
          "Generating source maps...",
          "\u2717 build failed with exit code 3",
          "Step 12/24: Building",
          "npm install: added 132 packages",
          "pip install: Successfully installed prettier-4.4",
          "\u2713 package completed",
          "Coverage: 92% statements, 83% branches",
          "Already up to date.",
          "  PASS: e2e/test_db_connect.spec.js",
          "Artifact downloaded: 32MB",
          "\u2713 build completed",
          "[12:52:39] DEBUG: Memory usage: 1779MB",
          "Tests: 93 passed, 239 total",
          "Switched to branch 'feature/task-682'",
          "Compiling components/service.java...",
          "Verifying...",
          "Test Suites: 15 passed, 31 total",
          "[12:52:39] INFO: Starting build process",
          "Done.",
          "Cache invalidated: build",
          "Loading...",
          "yarn add: Done in 16.73s",
          "\u2717 build failed with exit code 30",
          "Already up to date.",
          "Success!",
          "Step 6/16: Testing",
          "Artifact uploaded: dist.zip (88MB)",
          "[12:52:39] INFO: Connecting to database",
          "WARNING: webpack has known vulnerabilities",
          "Installing eslint@3.14.8",
          "Snapshots: 47 passed, 23 total",
          "WARNING: webpack has known vulnerabilities",
          "Step 5/23: Installing dependencies",
          "Compiling utils/utils.go...",
          "\u2713 Step 'install' succeeded",
          "Platform: linux-x64",
          "Ran 125 tests in 26s",
          "npm install: added 451 packages",
          "\u26a0 DEPRECATION: Feature will be removed in v5.0",
          "Pulling image: alpine:latest",
          "[12:52:39] DEBUG: Query executed in 11ms",
          "[12:52:39] DEBUG: Memory usage: 1526MB",
          "[12:52:39] INFO: Connecting to database",
          "Compiling utils/handler.rs...",
          "[12:52:39] WARN: Deprecated API usage",
          "\u26a0 DEPRECATION: Feature will be removed in v3.0",
          "[12:52:39] ERROR: Connection failed",
          "  PASS: test_auth_login (234ms)",
          "Generating source maps...",
          "npm notice: package.json updated",
          "[12:52:39] WARN: Deprecated API usage",
          "[12:52:39] DEBUG: Query executed in 61ms",
          "TLS handshake completed",
          "Success!",
          "Connection established",
          "Cache restored successfully (196MB)",
          "npm install: resolved 1207 packages",
          "Switched to branch 'feature/task-278'",
          "pip install: Successfully installed eslint-5.10",
          "Compiling components/index.js...",
          "Step 15/17: Deploying",
          "Compiling utils/handler.rs...",
          "Switched to branch 'feature/task-827'",
          "[12:52:39] INFO: Connecting to database",
          "Compiling components/main.py...",
          "Generating source maps...",
          "Already up to date.",
          "[12:52:39] DEBUG: Loading configuration",
          "[12:52:39] INFO: Processing request",
          "pip install: Successfully installed lodash-2.12",
          "Finished.",
          "pip: Collecting lodash",
          "\u2713 Step 'checkout' succeeded",
          "Platform: win32-x64",
          "Success!",
          "WARNING: webpack has known vulnerabilities",
          "Image pulled successfully",
          "Cache hit for key-6349",
          "Cache saved successfully",
          "Finished.",
          "\u2713 All checks passed",
          "Already up to date.",
          "[12:52:39] DEBUG: Loading configuration",
          "Platform: win32-x64",
          "Step 1/17: Building",
          "Completed.",
          "Step 17/19: Linting",
          "WARNING: prettier has known vulnerabilities",
          "npm notice: created a lockfile",
          "\u2717 build failed with exit code 101",
          "Checking out develop branch",
          "Time: 64.122s",
          "npm install: added 375 packages",
          "[12:52:39] DEBUG: Query executed in 52ms",
          "[12:52:39] DEBUG: Connection pool: 3 active",
          "[12:52:39] DEBUG: Memory usage: 956MB",
          "Test Suites: 39 passed, 50 total",
          "Compiling lib/main.py...",
          "Ran 151 tests in 54s",
          "yarn add: Done in 28.88s",
          "\u2717 build failed with exit code 24",
          "HEAD is now at 79d8153",
          "Fetching submodules...",
          "Processing...",
          "  PASS: test_db_connect (347ms)",
          "Fetching from https://githubusercontent.com/package.json",
          "[12:52:39] DEBUG: Loading configuration",
          "  PASS: integration/test_user_create.spec.js",
          "Completed.",
          "Step 6/22: Running migrations",
          "\u2713 Step 'install' succeeded",
          "\u2713 Task completed in 818ms",
          "[12:52:39] INFO: Cache refreshed",
          "npm install: added 80 packages",
          "\u2713 All checks passed",
          "npm notice: package.json updated",
          "Ready.",
          "Verifying...",
          "npm install: added 476 packages",
          "[12:52:39] INFO: Processing request",
          "[12:52:39] DEBUG: Memory usage: 648MB",
          "Using Node.js 15.2.4",
          "Using Python 3.11",
          "Installing react@3.11.10",
          "npm notice: created a lockfile",
          "Pushing to registry...",
          "Completed.",
          "Snapshots: 47 passed, 14 total",
          "Processing...",
          "\u2713 Task completed in 515ms",
          "WARNING: prettier has known vulnerabilities",
          "Fetching from https://amazonaws.com/package.json",
          "Ready.",
          "[12:52:39] INFO: Starting build process",
          "Snapshots: 21 passed, 13 total",
          "\u26a0 DEPRECATION: Feature will be removed in v2.0",
          "Checking out master branch",
          "Step 6/24: Linting",
          "WARNING: prettier has known vulnerabilities",
          "\u2717 build failed with exit code 73",
          "[12:52:39] INFO: Processing request",
          "Switched to branch 'feature/task-665'",
          "[12:52:39] DEBUG: Loading configuration",
          "Verifying...",
          "TLS handshake completed",
          "Bundling runtime.css",
          "  PASS: e2e/test_cache_hit.spec.js",
          "Step 14/17: Installing dependencies",
          "Processing...",
          "Checking out master branch",
          "Cache hit for key-3810",
          "[12:52:39] DEBUG: Memory usage: 272MB",
          "Verifying...",
          "Transforming 973 files...",
          "Artifact uploaded: build.tar.gz (30MB)",
          "Platform: darwin-arm64",
          "  PASS: integration/test_user_create.spec.js",
          "pip: Downloading express-2.7.tar.gz",
          "Building Docker image...",
          "Bundling vendor.css",
          "Already up to date.",
          "Artifact downloaded: 44MB",
          "Fetching submodules...",
          "Coverage: 88% statements, 83% branches",
          "Step 18/18: Linting",
          "[12:52:39] DEBUG: Loading configuration",
          "yarn add: Done in 29.66s",
          "Checking out master branch",
          "Step 10/20: Building",
          "NODE_ENV=test",
          "\u2713 All checks passed",
          "[12:52:39] DEBUG: Initializing service",
          "Cache restored successfully (120MB)",
          "HEAD is now at c889234",
          "\u2713 test completed",
          "Image pulled successfully",
          "Pulling image: python:3.11",
          "Layer 2/14: RUN command",
          "Building Docker image...",
          "yarn add: Done in 22.20s",
          "[12:52:39] WARN: Deprecated API usage",
          "Optimizing 86 modules...",
          "Transforming 355 files...",
          "Loading...",
          "Step 4/16: Installing dependencies",
          "Step 13/18: Installing dependencies",
          "[12:52:39] INFO: Starting build process",
          "Minifying vendor.js",
          "Completed.",
          "FAILED: test_cache_hit",
          "GET /api - 200 (20ms)",
          "Transforming 267 files...",
          "WARNING: express has known vulnerabilities",
          "Processing...",
          "pip install: Successfully installed react-1.8",
          "Platform: win32-x64",
          "Waiting...",
          "Optimizing 13 modules...",
          "Artifact uploaded: build.tar.gz (1MB)",
          "npm notice: created a lockfile",
          "[12:52:39] INFO: Starting build process",
          "Ran 110 tests in 45s",
          "Snapshots: 24 passed, 36 total",
          "[12:52:39] ERROR: Connection failed",
          "Environment: staging",
          "Checking out master branch",
          "Step 7/19: Testing",
          "=== Step deploy_staging completed ==="
        ]
      },
      {
        "name": "install_dependencies",
        "status": "success",
        "started_at": "2025-11-25T12:58:36.123949",
        "finished_at": "2025-11-25T13:00:49.861866",
        "log_lines": [
          "=== Step: install_dependencies ===",
          "[12:52:39] INFO: Starting build process",
          "Transforming 843 files...",
          "FAILED: test_user_create",
          "NODE_ENV=production",
          "  PASS: unit/test_db_connect.spec.js",
          "TLS handshake completed",
          "\u2717 build failed with exit code 4",
          "Pulling image: alpine:latest",
          "Creating production build...",
          "Fetching from https://npmjs.org/package.json",
          "Creating production build...",
          "[12:52:39] WARN: Deprecated API usage",
          "Image pulled successfully",
          "Cache hit for key-6732",
          "[12:52:39] DEBUG: Loading configuration",
          "FAILED: test_auth_login",
          "[12:52:39] DEBUG: Connection pool: 4 active",
          "Exception: RuntimeError",
          "Waiting...",
          "Tests: 275 passed, 100 total",
          "Generating source maps...",
          "Done.",
          "Artifact downloaded: 4MB",
          "Switched to branch 'bugfix/task-117'",
          "Artifact downloaded: 31MB",
          "Pulling image: python:3.11",
          "\u2713 Task completed in 3372ms",
          "Done.",
          "Pushing to registry...",
          "[12:52:39] DEBUG: Loading configuration",
          "Ready.",
          "OK",
          "Step 2/23: Building",
          "Platform: linux-x64",
          "TLS handshake completed",
          "pip: Installing build dependencies...",
          "Optimizing 99 modules...",
          "Step 8/18: Testing",
          "[12:52:39] INFO: Processing request",
          "Using Node.js 17.0.2",
          "Building Docker image...",
          "Done.",
          "OK",
          "[12:52:39] WARN: Deprecated API usage",
          "WARNING: lodash has known vulnerabilities",
          "Compiling components/utils.go...",
          "Time: 10.450s",
          "Test Suites: 30 passed, 32 total",
          "pip: Installing build dependencies...",
          "Compiling src/utils.go...",
          "[12:52:39] WARN: Deprecated API usage",
          "Ran 48 tests in 38s",
          "Compiling utils/app.ts...",
          "yarn add: Done in 29.56s",
          "Coverage: 82% statements, 76% branches",
          "Building Docker image...",
          "Fetching submodules...",
          "Uploading artifact 'coverage' (44 files)",
          "Using Node.js 16.14.3",
          "\u2713 lint completed",
          "Creating production build...",
          "pip: Collecting express",
          "pip: Installing build dependencies...",
          "Already up to date.",
          "POST /data - 200 (217ms)",
          "Environment: development",
          "[12:52:39] DEBUG: Connection pool: 3 active",
          "Cache saved successfully",
          "Optimizing 45 modules...",
          "pip install: Successfully installed webpack-1.10",
          "NODE_ENV=production",
          "pip install: Successfully installed jest-1.7",
          "Processing...",
          "[12:52:39] WARN: Deprecated API usage",
          "Waiting...",
          "Minifying app.js",
          "pip: Downloading eslint-5.4.tar.gz",
          "Step 3/15: Installing dependencies",
          "[12:52:39] INFO: Starting build process",
          "Finished.",
          "  PASS: integration/test_auth_login.spec.js",
          "Coverage: 76% statements, 75% branches",
          "Compiling components/utils.go...",
          "Cache hit for key-9026",
          "npm notice: created a lockfile",
          "Coverage: 83% statements, 61% branches",
          "Switched to branch 'hotfix/task-905'",
          "[12:52:39] INFO: Connecting to database",
          "npm notice: created a lockfile",
          "[12:52:39] DEBUG: Initializing service",
          "Building Docker image...",
          "Completed.",
          "pip: Installing build dependencies...",
          "Installing eslint@5.16.6",
          "Artifact uploaded: build.tar.gz (17MB)",
          "Cache invalidated: dependencies",
          "[12:52:39] WARN: Deprecated API usage",
          "\u2713 Task completed in 1730ms",
          "[12:52:39] DEBUG: Memory usage: 726MB",
          "  PASS: test_db_connect (174ms)",
          "npm notice: package.json updated",
          "pip: Collecting lodash",
          "Finished.",
          "[12:52:39] WARN: Deprecated API usage",
          "[12:52:39] WARN: Deprecated API usage",
          "Waiting...",
          "yarn add: Done in 26.95s",
          "\u2717 build failed with exit code 97",
          "Done.",
          "Completed.",
          "Installing jest@1.11.4",
          "Transforming 219 files...",
          "\u26a0 DEPRECATION: Feature will be removed in v2.0",
          "pip: Installing build dependencies...",
          "Step 15/19: Installing dependencies",
          "  PASS: test_api_health (363ms)",
          "Connection established",
          "NODE_ENV=production",
          "Compiling components/handler.rs...",
          "Test Suites: 40 passed, 29 total",
          "Done.",
          "npm install: added 207 packages",
          "\u26a0 DEPRECATION: Feature will be removed in v2.0",
          "Completed.",
          "Bundling runtime.js",
          "Platform: darwin-arm64",
          "[12:52:39] INFO: Connecting to database",
          "\u2717 build failed with exit code 62",
          "Tests: 99 passed, 355 total",
          "Cache invalidated: dependencies",
          "Transforming 304 files...",
          "Artifact uploaded: dist.zip (45MB)",
          "Success!",
          "Exception: TypeError",
          "Step 17/23: Installing dependencies",
          "Pushing to registry...",
          "Artifact uploaded: build.tar.gz (29MB)",
          "Generating source maps...",
          "Snapshots: 1 passed, 5 total",
          "npm install: added 200 packages",
          "Loading...",
          "[12:52:39] INFO: Request completed",
          "Platform: linux-x64",
          "Compiling components/utils.go...",
          "[12:52:39] INFO: Request completed",
          "GET /status - 201 (64ms)",
          "Using Python 3.12",
          "Cache restored successfully (320MB)",
          "npm notice: created a lockfile",
          "Step 16/24: Installing dependencies",
          "Optimizing 51 modules...",
          "Loading...",
          "Fetching submodules...",
          "Artifact downloaded: 13MB",
          "Image pulled successfully",
          "Time: 76.871s",
          "Cache miss for key-7812",
          "Ready.",
          "Processing...",
          "Cache hit for key-5638",
          "Already up to date.",
          "Cache miss for key-5244",
          "\u26a0 DEPRECATION: Feature will be removed in v2.0",
          "Fetching submodules...",
          "Cache restored successfully (492MB)",
          "Completed.",
          "NODE_ENV=development",
          "[12:52:39] INFO: Connecting to database",
          "HEAD is now at ca6c327",
          "Creating production build...",
          "npm notice: package.json updated",
          "Using Python 3.10",
          "Step 18/25: Building",
          "Test Suites: 9 passed, 18 total",
          "\u2713 package completed",
          "Ready.",
          "Cache miss for key-6371",
          "Tests: 247 passed, 335 total",
          "Success!",
          "Uploading artifact 'coverage' (21 files)",
          "Processing...",
          "Loading...",
          "Artifact uploaded: dist.zip (67MB)",
          "Step 17/20: Deploying",
          "Environment: development",
          "WARNING: eslint has known vulnerabilities",
          "Step 4/17: Building",
          "\u26a0 DEPRECATION: Feature will be removed in v5.0",
          "Ran 63 tests in 35s",
          "Compiling utils/utils.go...",
          "npm notice: package.json updated",
          "npm notice: package.json updated",
          "[12:52:39] INFO: Connecting to database",
          "pip: Collecting eslint",
          "Image pulled successfully",
          "npm install: added 135 packages",
          "Installing express@4.6.1",
          "\u2713 Task completed in 2917ms",
          "pip: Collecting express",
          "Cache invalidated: build",
          "Building Docker image...",
          "Transforming 245 files...",
          "NODE_ENV=production",
          "npm notice: created a lockfile",
          "Waiting...",
          "Step 12/19: Running migrations",
          "[12:52:39] DEBUG: Query executed in 11ms",
          "Waiting...",
          "Connection established",
          "Cache restored successfully (123MB)",
          "Compiling src/main.py...",
          "[12:52:39] DEBUG: Initializing service",
          "[12:52:39] INFO: Request completed",
          "Cache miss for key-8947",
          "POST /api - 202 (29ms)",
          "Fetching submodules...",
          "Image pulled successfully",
          "[12:52:39] DEBUG: Loading configuration",
          "Step 15/19: Running migrations",
          "npm notice: created a lockfile",
          "\u26a0 DEPRECATION: Feature will be removed in v5.0",
          "Already up to date.",
          "OK",
          "Time: 23.969s",
          "POST /upload - 202 (138ms)",
          "npm install: added 389 packages",
          "Compiling lib/utils.go...",
          "npm install: resolved 463 packages",
          "Success!",
          "Processing...",
          "OK",
          "\u26a0 DEPRECATION: Feature will be removed in v3.0",
          "  PASS: integration/test_auth_login.spec.js",
          "WARNING: webpack has known vulnerabilities",
          "\u2713 validate completed",
          "Compiling utils/utils.go...",
          "[12:52:39] INFO: Connecting to database",
          "Uploading artifact 'dist' (19 files)",
          "npm notice: created a lockfile",
          "Loading...",
          "Pushing to registry...",
          "Completed.",
          "OK",
          "[12:52:39] INFO: Connecting to database",
          "Step 7/16: Building",
          "Cache miss for key-2479",
          "Step 2/25: Linting",
          "pip: Downloading webpack-1.1.tar.gz",
          "Done.",
          "\u2713 lint completed",
          "Verifying...",
          "Artifact downloaded: 38MB",
          "\u26a0 DEPRECATION: Feature will be removed in v4.0",
          "Compiling lib/main.py...",
          "Connection established",
          "Optimizing 34 modules...",
          "Cache miss for key-1259",
          "Minifying main.js",
          "\u2713 Task completed in 2444ms",
          "Artifact downloaded: 48MB",
          "Installing express@4.9.9",
          "\u26a0 DEPRECATION: Feature will be removed in v2.0",
          "Cache miss for key-7896",
          "Switched to branch 'feature/task-995'",
          "  PASS: test_api_health (27ms)",
          "[12:52:39] ERROR: Connection failed",
          "npm notice: package.json updated",
          "=== Step install_dependencies completed ==="
        ]
      },
      {
        "name": "type_check",
        "status": "success",
        "started_at": "2025-11-25T13:00:49.861866",
        "finished_at": "2025-11-25T13:01:34.441172",
        "log_lines": [
          "=== Step: type_check ===",
          "Step 17/17: Linting",
          "Artifact uploaded: build.tar.gz (43MB)",
          "Artifact downloaded: 2MB",
          "Processing...",
          "Done.",
          "  PASS: test_user_create (149ms)",
          "\u26a0 DEPRECATION: Feature will be removed in v2.0",
          "Artifact uploaded: build.tar.gz (2MB)",
          "Artifact uploaded: dist.zip (27MB)",
          "WARNING: express has known vulnerabilities",
          "Verifying...",
          "Completed.",
          "Layer 8/15: RUN command",
          "WARNING: prettier has known vulnerabilities",
          "Generating source maps...",
          "npm install: resolved 486 packages",
          "Completed.",
          "Fetching submodules...",
          "Layer 8/10: ENV command",
          "[12:52:39] DEBUG: Connection pool: 12 active",
          "OK",
          "Installing webpack@4.17.1",
          "Uploading artifact 'build' (20 files)",
          "Uploading artifact 'coverage' (1 files)",
          "Test Suites: 38 passed, 26 total",
          "Minifying main.js",
          "\u2713 All checks passed",
          "Uploading artifact 'build' (28 files)",
          "npm notice: created a lockfile",
          "Already up to date.",
          "Compiling lib/index.js...",
          "Using Node.js 17.4.6",
          "Verifying...",
          "TLS handshake completed",
          "GET /api - 201 (4ms)",
          "  PASS: e2e/test_db_connect.spec.js",
          "Creating production build...",
          "Cache restored successfully (325MB)",
          "npm notice: package.json updated",
          "[12:52:39] DEBUG: Loading configuration",
          "[12:52:39] INFO: Starting build process",
          "[12:52:39] INFO: Request completed",
          "Creating production build...",
          "yarn add: Done in 22.69s",
          "Using Python 3.10",
          "WARNING: prettier has known vulnerabilities",
          "[12:52:39] INFO: Starting build process",
          "WARNING: lodash has known vulnerabilities",
          "Layer 10/10: COPY command",
          "Image pulled successfully",
          "Compiling lib/handler.rs...",
          "npm notice: created a lockfile",
          "yarn add: Done in 26.75s",
          "pip: Downloading jest-4.16.tar.gz",
          "Environment: test",
          "Platform: linux-x64",
          "Switched to branch 'bugfix/task-140'",
          "Pushing to registry...",
          "Step 16/17: Building",
          "Waiting...",
          "Artifact uploaded: build.tar.gz (30MB)",
          "Step 2/23: Installing dependencies",
          "npm notice: package.json updated",
          "Ready.",
          "Switched to branch 'hotfix/task-510'",
          "Pulling image: node:latest",
          "Step 17/16: Running migrations",
          "Step 13/21: Testing",
          "Artifact uploaded: build.tar.gz (25MB)",
          "Success!",
          "Waiting...",
          "Time: 17.340s",
          "Pushing to registry...",
          "Pulling image: alpine:18",
          "HEAD is now at 79cbcd5",
          "Already up to date.",
          "Creating production build...",
          "[12:52:39] INFO: Cache refreshed",
          "npm install: resolved 661 packages",
          "WARNING: jest has known vulnerabilities",
          "HEAD is now at 3647896",
          "[12:52:39] DEBUG: Connection pool: 12 active",
          "Compiling src/utils.go...",
          "Finished.",
          "Pushing to registry...",
          "TLS handshake completed",
          "Uploading artifact 'dist' (14 files)",
          "[12:52:39] DEBUG: Query executed in 55ms",
          "pip install: Successfully installed eslint-2.13",
          "Success!",
          "Step 1/21: Testing",
          "Compiling src/app.ts...",
          "Coverage: 99% statements, 82% branches",
          "Artifact downloaded: 12MB",
          "npm install: added 170 packages",
          "[12:52:39] DEBUG: Query executed in 46ms",
          "Time: 44.407s",
          "Artifact downloaded: 32MB",
          "[12:52:39] INFO: Request completed",
          "WARNING: jest has known vulnerabilities",
          "Platform: darwin-arm64",
          "Using Python 3.12",
          "Loading...",
          "Test Suites: 40 passed, 5 total",
          "OK",
          "[12:52:39] INFO: Cache refreshed",
          "  PASS: unit/test_api_health.spec.js",
          "Optimizing 43 modules...",
          "\u26a0 DEPRECATION: Feature will be removed in v2.0",
          "pip: Downloading eslint-2.15.tar.gz",
          "\u26a0 DEPRECATION: Feature will be removed in v5.0",
          "Bundling main.js",
          "Step 6/21: Installing dependencies",
          "[12:52:39] INFO: Request completed",
          "Using Node.js 20.8.2",
          "Coverage: 97% statements, 73% branches",
          "Compiling lib/service.java...",
          "npm install: added 394 packages",
          "Minifying app.js",
          "Optimizing 14 modules...",
          "WARNING: webpack has known vulnerabilities",
          "[12:52:39] INFO: Processing request",
          "GET /api - 201 (89ms)",
          "Test Suites: 32 passed, 44 total",
          "\u26a0 DEPRECATION: Feature will be removed in v3.0",
          "[12:52:39] INFO: Cache refreshed",
          "Step 6/15: Running migrations",
          "\u26a0 DEPRECATION: Feature will be removed in v2.0",
          "Step 3/24: Deploying",
          "Done.",
          "Environment: development",
          "Time: 65.223s",
          "HEAD is now at d478396",
          "Loading...",
          "Ready.",
          "OK",
          "Success!",
          "Ready.",
          "Already up to date.",
          "  PASS: test_cache_hit (139ms)",
          "Uploading artifact 'coverage' (13 files)",
          "[12:52:39] DEBUG: Initializing service",
          "Time: 12.798s",
          "Switched to branch 'bugfix/task-566'",
          "  PASS: integration/test_db_connect.spec.js",
          "npm notice: created a lockfile",
          "Waiting...",
          "pip: Downloading jest-1.7.tar.gz",
          "Platform: linux-x64",
          "Already up to date.",
          "Step 8/24: Deploying",
          "[12:52:39] DEBUG: Memory usage: 1227MB",
          "WARNING: webpack has known vulnerabilities",
          "[12:52:39] DEBUG: Query executed in 53ms",
          "Connection established",
          "[12:52:39] DEBUG: Memory usage: 708MB",
          "Processing...",
          "Test Suites: 35 passed, 36 total",
          "Image pulled successfully",
          "Tests: 321 passed, 406 total",
          "Done.",
          "Compiling src/index.js...",
          "npm notice: package.json updated",
          "Compiling src/app.ts...",
          "[12:52:39] INFO: Request completed",
          "npm notice: created a lockfile",
          "[12:52:39] INFO: Starting build process",
          "Completed.",
          "Time: 80.526s",
          "Loading...",
          "NODE_ENV=production",
          "[12:52:39] WARN: Deprecated API usage",
          "\u26a0 DEPRECATION: Feature will be removed in v2.0",
          "pip: Downloading lodash-1.11.tar.gz",
          "[12:52:39] INFO: Processing request",
          "  PASS: unit/test_api_health.spec.js",
          "Bundling runtime.css",
          "\u2713 build completed",
          "\u2713 Step 'build' succeeded",
          "Test Suites: 33 passed, 8 total",
          "Switched to branch 'hotfix/task-905'",
          "[12:52:39] INFO: Connecting to database",
          "POST /data - 202 (133ms)",
          "Image pulled successfully",
          "FAILED: test_user_create",
          "Switched to branch 'bugfix/task-174'",
          "Done.",
          "[12:52:39] WARN: Deprecated API usage",
          "Pulling image: python:3.11",
          "[12:52:39] INFO: Request completed",
          "Connection established",
          "yarn add: Done in 8.50s",
          "Time: 41.299s",
          "yarn add: Done in 21.94s",
          "Fetching from https://pypi.org/package.json",
          "Test Suites: 23 passed, 16 total",
          "HEAD is now at af7909a",
          "Already up to date.",
          "Step 9/16: Deploying",
          "Minifying app.js",
          "Using Node.js 19.19.6",
          "Completed.",
          "npm notice: package.json updated",
          "Processing...",
          "Artifact uploaded: dist.zip (59MB)",
          "\u2713 Step 'install' succeeded",
          "TLS handshake completed",
          "Environment: development",
          "Verifying...",
          "Cache restored successfully (91MB)",
          "[12:52:39] DEBUG: Connection pool: 12 active",
          "Test Suites: 20 passed, 27 total",
          "Test Suites: 17 passed, 36 total",
          "\u26a0 DEPRECATION: Feature will be removed in v3.0",
          "Completed.",
          "Step 10/16: Building",
          "pip: Installing build dependencies...",
          "NODE_ENV=production",
          "[12:52:39] INFO: Request completed",
          "Tests: 130 passed, 389 total",
          "\u26a0 DEPRECATION: Feature will be removed in v5.0",
          "Finished.",
          "  PASS: test_cache_hit (190ms)",
          "[12:52:39] INFO: Starting build process",
          "npm install: resolved 827 packages",
          "Finished.",
          "Verifying...",
          "Fetching from https://github.com/package.json",
          "Pushing to registry...",
          "[12:52:39] DEBUG: Query executed in 54ms",
          "pip: Downloading jest-5.6.tar.gz",
          "Step 14/25: Building",
          "Cache saved successfully",
          "[12:52:39] INFO: Processing request",
          "Test Suites: 7 passed, 39 total",
          "NODE_ENV=test",
          "Snapshots: 25 passed, 0 total",
          "[12:52:39] WARN: Deprecated API usage",
          "[12:52:39] DEBUG: Memory usage: 1785MB",
          "Creating production build...",
          "Waiting...",
          "Checking out main branch",
          "pip: Collecting react",
          "NODE_ENV=test",
          "Layer 10/12: RUN command",
          "NODE_ENV=development",
          "TLS handshake completed",
          "[12:52:39] DEBUG: Loading configuration",
          "\u2713 All checks passed",
          "Installing lodash@5.16.10",
          "Processing...",
          "Cache invalidated: dependencies",
          "Artifact uploaded: build.tar.gz (29MB)",
          "Step 7/16: Building",
          "Artifact uploaded: dist.zip (55MB)",
          "[12:52:39] WARN: Deprecated API usage",
          "Cache miss for key-7457",
          "[12:52:39] INFO: Connecting to database",
          "npm install: resolved 816 packages",
          "\u2713 Task completed in 4370ms",
          "Step 14/21: Installing dependencies",
          "pip: Downloading jest-2.12.tar.gz",
          "Artifact uploaded: dist.zip (36MB)",
          "Compiling utils/main.py...",
          "Fetching submodules...",
          "[12:52:39] DEBUG: Initializing service",
          "Finished.",
          "=== Step type_check completed ==="
        ]
      },
      {
        "name": "upload_artifacts",
        "status": "success",
        "started_at": "2025-11-25T13:01:34.441172",
        "finished_at": "2025-11-25T13:02:19.020478",
        "log_lines": [
          "=== Step: upload_artifacts ===",
          "Step 7/18: Building",
          "Compiling lib/main.py...",
          "Cache restored successfully (355MB)",
          "Artifact uploaded: dist.zip (66MB)",
          "\u2713 Task completed in 1483ms",
          "  PASS: unit/test_db_connect.spec.js",
          "Step 16/21: Building",
          "\u2713 All checks passed",
          "[12:52:39] WARN: Deprecated API usage",
          "Test Suites: 13 passed, 35 total",
          "Cache saved successfully",
          "Building Docker image...",
          "Checking out develop branch",
          "npm notice: created a lockfile",
          "Using Node.js 16.8.3",
          "Completed.",
          "pip: Installing build dependencies...",
          "Verifying...",
          "yarn add: Done in 26.87s",
          "FAILED: test_cache_hit",
          "Verifying...",
          "\u2713 Task completed in 569ms",
          "Cache restored successfully (247MB)",
          "Creating production build...",
          "Artifact uploaded: build.tar.gz (38MB)",
          "Fetching from https://pypi.org/package.json",
          "Tests: 364 passed, 377 total",
          "[12:52:39] DEBUG: Loading configuration",
          "  PASS: e2e/test_api_health.spec.js",
          "Cache saved successfully",
          "\u2713 Task completed in 3084ms",
          "Coverage: 95% statements, 70% branches",
          "pip: Collecting prettier",
          "Switched to branch 'feature/task-808'",
          "Image pulled successfully",
          "pip: Installing build dependencies...",
          "[12:52:39] DEBUG: Query executed in 100ms",
          "[12:52:39] DEBUG: Initializing service",
          "Verifying...",
          "Generating source maps...",
          "Loading...",
          "Snapshots: 47 passed, 9 total",
          "Coverage: 81% statements, 100% branches",
          "Exception: NullPointerException",
          "FAILED: test_api_health",
          "Compiling src/utils.go...",
          "Done.",
          "[12:52:39] INFO: Connecting to database",
          "Using Python 3.10",
          "Using Python 3.10",
          "Bundling runtime.js",
          "yarn add: Done in 8.24s",
          "GET /health - 200 (52ms)",
          "[12:52:39] INFO: Connecting to database",
          "Optimizing 32 modules...",
          "Done.",
          "[12:52:39] INFO: Cache refreshed",
          "Step 17/19: Running migrations",
          "Creating production build...",
          "[12:52:39] DEBUG: Connection pool: 15 active",
          "Step 19/22: Testing",
          "Uploading artifact 'coverage' (31 files)",
          "Test Suites: 7 passed, 15 total",
          "WARNING: jest has known vulnerabilities",
          "Tests: 135 passed, 101 total",
          "pip: Installing build dependencies...",
          "Bundling main.css",
          "Compiling utils/utils.go...",
          "Fetching from https://npmjs.org/package.json",
          "Platform: win32-x64",
          "Compiling components/app.ts...",
          "Step 6/24: Building",
          "[12:52:39] DEBUG: Loading configuration",
          "pip: Collecting prettier",
          "Step 13/25: Building",
          "Success!",
          "Step 19/18: Testing",
          "Compiling utils/index.js...",
          "Creating production build...",
          "[12:52:39] ERROR: Connection failed",
          "[12:52:39] DEBUG: Initializing service",
          "Verifying...",
          "TLS handshake completed",
          "[12:52:39] DEBUG: Memory usage: 1402MB",
          "\u2717 build failed with exit code 121",
          "[12:52:39] DEBUG: Loading configuration",
          "[12:52:39] INFO: Cache refreshed",
          "Layer 7/14: ENV command",
          "Connection established",
          "Tests: 432 passed, 262 total",
          "Waiting...",
          "Using Node.js 18.8.2",
          "\u2713 Step 'install' succeeded",
          "Step 14/22: Running migrations",
          "Connection established",
          "Transforming 637 files...",
          "[12:52:39] WARN: Deprecated API usage",
          "NODE_ENV=test",
          "Cache invalidated: build",
          "Already up to date.",
          "[12:52:39] INFO: Connecting to database",
          "Artifact uploaded: build.tar.gz (46MB)",
          "Loading...",
          "Optimizing 19 modules...",
          "Checking out master branch",
          "Processing...",
          "Coverage: 73% statements, 70% branches",
          "\u2713 Step 'setup' succeeded",
          "OK",
          "[12:52:39] DEBUG: Initializing service",
          "Tests: 301 passed, 115 total",
          "\u26a0 DEPRECATION: Feature will be removed in v5.0",
          "Cache saved successfully",
          "  PASS: integration/test_db_connect.spec.js",
          "[12:52:39] INFO: Request completed",
          "Cache restored successfully (306MB)",
          "Installing react@2.17.1",
          "Artifact downloaded: 46MB",
          "Loading...",
          "Cache miss for key-3331",
          "Compiling src/handler.rs...",
          "Compiling src/index.js...",
          "Finished.",
          "Snapshots: 50 passed, 8 total",
          "Uploading artifact 'build' (30 files)",
          "POST /upload - 202 (208ms)",
          "npm install: added 121 packages",
          "Completed.",
          "[12:52:39] ERROR: Connection failed",
          "Loading...",
          "Step 5/16: Linting",
          "Artifact downloaded: 38MB",
          "[12:52:39] DEBUG: Memory usage: 1741MB",
          "Step 11/16: Deploying",
          "Environment: development",
          "[12:52:39] INFO: Processing request",
          "Environment: test",
          "Completed.",
          "[12:52:39] INFO: Connecting to database",
          "OK",
          "Step 10/17: Building",
          "npm notice: created a lockfile",
          "Minifying vendor.js",
          "yarn add: Done in 29.1s",
          "\u2713 build completed",
          "Coverage: 84% statements, 74% branches",
          "npm install: added 354 packages",
          "Pulling image: python:18",
          "Installing prettier@2.4.2",
          "[12:52:39] INFO: Starting build process",
          "Compiling src/service.java...",
          "Step 3/16: Running migrations",
          "Artifact uploaded: build.tar.gz (26MB)",
          "Artifact downloaded: 9MB",
          "\u2713 Task completed in 831ms",
          "NODE_ENV=production",
          "yarn add: Done in 12.44s",
          "npm install: added 167 packages",
          "Cache miss for key-6969",
          "Cache saved successfully",
          "[12:52:39] INFO: Request completed",
          "Ready.",
          "Tests: 496 passed, 141 total",
          "Success!",
          "Coverage: 89% statements, 97% branches",
          "Step 20/21: Running migrations",
          "[12:52:39] INFO: Cache refreshed",
          "Ran 174 tests in 30s",
          "Using Node.js 17.1.7",
          "Coverage: 80% statements, 94% branches",
          "Cache invalidated: build",
          "Image pulled successfully",
          "Optimizing 41 modules...",
          "[12:52:39] INFO: Cache refreshed",
          "NODE_ENV=development",
          "  PASS: test_cache_hit (104ms)",
          "Installing react@2.14.7",
          "yarn add: Done in 26.72s",
          "Image pulled successfully",
          "\u2713 package completed",
          "yarn add: Done in 20.6s",
          "Already up to date.",
          "Compiling components/index.js...",
          "[12:52:39] INFO: Processing request",
          "pip: Installing build dependencies...",
          "WARNING: jest has known vulnerabilities",
          "Waiting...",
          "[12:52:39] INFO: Processing request",
          "Cache hit for key-3282",
          "Creating production build...",
          "Generating source maps...",
          "pip: Downloading eslint-5.12.tar.gz",
          "[12:52:39] ERROR: Connection failed",
          "Test Suites: 33 passed, 50 total",
          "[12:52:39] INFO: Request completed",
          "[12:52:39] DEBUG: Loading configuration",
          "Step 17/22: Building",
          "Cache invalidated: build",
          "pip install: Successfully installed eslint-3.10",
          "Cache restored successfully (152MB)",
          "Optimizing 78 modules...",
          "pip install: Successfully installed jest-4.12",
          "  PASS: test_db_connect (104ms)",
          "\u26a0 DEPRECATION: Feature will be removed in v4.0",
          "[12:52:39] DEBUG: Connection pool: 7 active",
          "Connection established",
          "Generating source maps...",
          "Minifying main.js",
          "Fetching from https://githubusercontent.com/package.json",
          "Coverage: 77% statements, 81% branches",
          "[12:52:39] DEBUG: Memory usage: 999MB",
          "Optimizing 56 modules...",
          "GET /health - 204 (5ms)",
          "Snapshots: 20 passed, 6 total",
          "Fetching submodules...",
          "\u2713 build completed",
          "Minifying vendor.js",
          "OK",
          "[12:52:39] INFO: Processing request",
          "[12:52:39] INFO: Cache refreshed",
          "pip: Downloading prettier-3.0.tar.gz",
          "Step 11/16: Building",
          "Verifying...",
          "Using Node.js 16.10.7",
          "npm install: added 24 packages",
          "Building Docker image...",
          "pip: Downloading lodash-4.4.tar.gz",
          "[12:52:39] DEBUG: Connection pool: 16 active",
          "WARNING: lodash has known vulnerabilities",
          "Using Python 3.12",
          "npm notice: package.json updated",
          "npm notice: package.json updated",
          "WARNING: express has known vulnerabilities",
          "Coverage: 71% statements, 95% branches",
          "Step 3/16: Installing dependencies",
          "Installing eslint@4.11.6",
          "Layer 6/8: RUN command",
          "Using Node.js 15.18.4",
          "Fetching submodules...",
          "Cache invalidated: dependencies",
          "Waiting...",
          "Generating source maps...",
          "Success!",
          "[12:52:39] INFO: Starting build process",
          "Cache hit for key-5208",
          "Step 19/15: Running migrations",
          "Completed.",
          "Minifying vendor.js",
          "[12:52:39] WARN: Deprecated API usage",
          "Snapshots: 12 passed, 48 total",
          "\u2717 build failed with exit code 15",
          "Finished.",
          "Already up to date.",
          "Using Python 3.10",
          "Checking out master branch",
          "Fetching from https://pypi.org/package.json",
          "[12:52:39] INFO: Cache refreshed",
          "[12:52:39] ERROR: Connection failed",
          "Artifact uploaded: dist.zip (66MB)",
          "Ready.",
          "Cache saved successfully",
          "Building Docker image...",
          "Optimizing 21 modules...",
          "[12:52:39] DEBUG: Query executed in 82ms",
          "yarn add: Done in 9.9s",
          "\u26a0 DEPRECATION: Feature will be removed in v4.0",
          "Loading...",
          "=== Step upload_artifacts completed ==="
        ]
      },
      {
        "name": "e2e_tests",
        "status": "success",
        "started_at": "2025-11-25T13:02:19.020478",
        "finished_at": "2025-11-25T13:03:03.599784",
        "log_lines": [
          "=== Step: e2e_tests ===",
          "npm notice: created a lockfile",
          "Done.",
          "\u26a0 DEPRECATION: Feature will be removed in v3.0",
          "pip: Collecting prettier",
          "Pushing to registry...",
          "Cache restored successfully (147MB)",
          "Step 2/25: Deploying",
          "Connection established",
          "\u2713 Task completed in 1924ms",
          "NODE_ENV=test",
          "Step 20/22: Installing dependencies",
          "\u2713 All checks passed",
          "Switched to branch 'feature/task-542'",
          "Test Suites: 10 passed, 41 total",
          "Minifying app.js",
          "Image pulled successfully",
          "Platform: darwin-arm64",
          "Already up to date.",
          "npm install: resolved 718 packages",
          "Checking out master branch",
          "npm install: resolved 131 packages",
          "pip: Collecting react",
          "Cache saved successfully",
          "yarn add: Done in 23.51s",
          "Checking out master branch",
          "[12:52:39] DEBUG: Loading configuration",
          "Exception: NullPointerException",
          "npm install: added 200 packages",
          "Ran 96 tests in 36s",
          "[12:52:39] DEBUG: Initializing service",
          "Checking out master branch",
          "Step 4/17: Building",
          "[12:52:39] INFO: Request completed",
          "[12:52:39] INFO: Processing request",
          "Pushing to registry...",
          "Test Suites: 10 passed, 20 total",
          "Compiling src/app.ts...",
          "Step 11/15: Deploying",
          "[12:52:39] INFO: Request completed",
          "Environment: development",
          "Environment: production",
          "Step 4/24: Building",
          "Cache restored successfully (381MB)",
          "Pushing to registry...",
          "Artifact uploaded: dist.zip (24MB)",
          "Artifact uploaded: dist.zip (67MB)",
          "Cache hit for key-1899",
          "Uploading artifact 'build' (28 files)",
          "Tests: 315 passed, 471 total",
          "Compiling components/app.ts...",
          "Environment: test",
          "Step 17/18: Testing",
          "pip: Installing build dependencies...",
          "Optimizing 93 modules...",
          "yarn add: Done in 1.46s",
          "GET /api - 204 (76ms)",
          "Done.",
          "Environment: test",
          "Compiling lib/app.ts...",
          "Finished.",
          "Step 8/21: Running migrations",
          "GET /status - 200 (12ms)",
          "[12:52:39] WARN: Deprecated API usage",
          "FAILED: test_db_connect",
          "Optimizing 90 modules...",
          "Optimizing 36 modules...",
          "[12:52:39] ERROR: Connection failed",
          "[12:52:39] INFO: Processing request",
          "WARNING: lodash has known vulnerabilities",
          "WARNING: react has known vulnerabilities",
          "Snapshots: 4 passed, 44 total",
          "\u26a0 DEPRECATION: Feature will be removed in v4.0",
          "[12:52:39] INFO: Processing request",
          "FAILED: test_api_health",
          "POST /data - 200 (19ms)",
          "Fetching from https://registry.npmjs.org/package.json",
          "Compiling src/service.java...",
          "Environment: development",
          "Fetching from https://githubusercontent.com/package.json",
          "Optimizing 29 modules...",
          "OK",
          "Cache miss for key-6211",
          "TLS handshake completed",
          "Cache hit for key-6099",
          "\u2713 Task completed in 1248ms",
          "Done.",
          "Image pulled successfully",
          "Image pulled successfully",
          "[12:52:39] DEBUG: Query executed in 55ms",
          "\u2713 All checks passed",
          "Fetching from https://googleapis.com/package.json",
          "Step 5/17: Deploying",
          "TLS handshake completed",
          "\u2713 All checks passed",
          "Artifact uploaded: build.tar.gz (47MB)",
          "Transforming 273 files...",
          "OK",
          "[12:52:39] DEBUG: Initializing service",
          "npm notice: created a lockfile",
          "Snapshots: 7 passed, 10 total",
          "Checking out master branch",
          "HEAD is now at 532cb44",
          "pip install: Successfully installed eslint-5.19",
          "Artifact downloaded: 35MB",
          "Minifying app.js",
          "Compiling components/index.js...",
          "Cache saved successfully",
          "Step 2/18: Linting",
          "npm notice: package.json updated",
          "pip install: Successfully installed eslint-1.6",
          "POST /upload - 201 (195ms)",
          "Coverage: 82% statements, 87% branches",
          "[12:52:39] WARN: Deprecated API usage",
          "Waiting...",
          "Uploading artifact 'build' (39 files)",
          "[12:52:39] WARN: Deprecated API usage",
          "Compiling utils/app.ts...",
          "[12:52:39] DEBUG: Initializing service",
          "Finished.",
          "[12:52:39] WARN: Deprecated API usage",
          "pip: Installing build dependencies...",
          "Step 2/20: Testing",
          "[12:52:39] INFO: Starting build process",
          "Finished.",
          "Step 1/22: Running migrations",
          "Test Suites: 8 passed, 11 total",
          "Artifact uploaded: build.tar.gz (32MB)",
          "Cache miss for key-1147",
          "Done.",
          "Already up to date.",
          "pip: Downloading jest-4.0.tar.gz",
          "[12:52:39] ERROR: Connection failed",
          "  PASS: test_cache_hit (44ms)",
          "[12:52:39] WARN: Deprecated API usage",
          "npm notice: package.json updated",
          "npm notice: created a lockfile",
          "Switched to branch 'hotfix/task-708'",
          "Artifact uploaded: build.tar.gz (1MB)",
          "[12:52:39] WARN: Deprecated API usage",
          "Loading...",
          "OK",
          "WARNING: react has known vulnerabilities",
          "npm install: resolved 830 packages",
          "[12:52:39] DEBUG: Initializing service",
          "Waiting...",
          "[12:52:39] DEBUG: Query executed in 92ms",
          "[12:52:39] WARN: Deprecated API usage",
          "Pulling image: python:18",
          "Ran 39 tests in 19s",
          "\u2713 Step 'test' succeeded",
          "Bundling styles.css",
          "\u2713 Step 'checkout' succeeded",
          "Artifact downloaded: 46MB",
          "[12:52:39] INFO: Cache refreshed",
          "Environment: development",
          "[12:52:39] INFO: Processing request",
          "[12:52:39] WARN: Deprecated API usage",
          "Cache hit for key-4911",
          "Artifact uploaded: build.tar.gz (38MB)",
          "pip install: Successfully installed webpack-4.18",
          "pip: Collecting webpack",
          "Using Node.js 20.7.8",
          "\u2713 validate completed",
          "[12:52:39] INFO: Processing request",
          "Minifying app.js",
          "npm notice: created a lockfile",
          "\u2713 validate completed",
          "Success!",
          "\u2713 test completed",
          "[12:52:39] WARN: Deprecated API usage",
          "pip: Installing build dependencies...",
          "Step 15/15: Installing dependencies",
          "\u2713 Step 'test' succeeded",
          "Connection established",
          "pip install: Successfully installed jest-3.2",
          "Connection established",
          "Fetching submodules...",
          "Cache saved successfully",
          "Switched to branch 'hotfix/task-852'",
          "Step 20/25: Building",
          "npm notice: created a lockfile",
          "Waiting...",
          "Cache saved successfully",
          "Snapshots: 3 passed, 42 total",
          "[12:52:39] INFO: Starting build process",
          "[12:52:39] INFO: Request completed",
          "Processing...",
          "Connection established",
          "pip: Installing build dependencies...",
          "\u26a0 DEPRECATION: Feature will be removed in v2.0",
          "[12:52:39] INFO: Request completed",
          "Step 11/21: Building",
          "Step 19/24: Linting",
          "Step 19/21: Building",
          "Step 1/19: Testing",
          "Finished.",
          "Compiling src/handler.rs...",
          "pip install: Successfully installed eslint-5.8",
          "[12:52:39] DEBUG: Memory usage: 554MB",
          "\u2713 All checks passed",
          "Ready.",
          "Loading...",
          "[12:52:39] WARN: Deprecated API usage",
          "Coverage: 98% statements, 95% branches",
          "[12:52:39] INFO: Request completed",
          "\u2717 build failed with exit code 18",
          "Ready.",
          "Cache saved successfully",
          "FAILED: test_api_health",
          "[12:52:39] WARN: Deprecated API usage",
          "Cache restored successfully (423MB)",
          "pip: Downloading webpack-4.9.tar.gz",
          "Coverage: 79% statements, 89% branches",
          "Finished.",
          "[12:52:39] DEBUG: Loading configuration",
          "Processing...",
          "TLS handshake completed",
          "[12:52:39] INFO: Connecting to database",
          "[12:52:39] WARN: Deprecated API usage",
          "Environment: development",
          "[12:52:39] WARN: Deprecated API usage",
          "Tests: 404 passed, 186 total",
          "\u26a0 DEPRECATION: Feature will be removed in v5.0",
          "yarn add: Done in 2.91s",
          "\u2713 Task completed in 3060ms",
          "Loading...",
          "\u2713 All checks passed",
          "Step 15/18: Deploying",
          "Waiting...",
          "Cache miss for key-6534",
          "npm notice: package.json updated",
          "Layer 3/8: RUN command",
          "Already up to date.",
          "OK",
          "\u2713 Step 'build' succeeded",
          "  PASS: test_db_connect (444ms)",
          "Environment: development",
          "\u26a0 DEPRECATION: Feature will be removed in v5.0",
          "\u2713 deploy completed",
          "Fetching submodules...",
          "Minifying app.js",
          "Snapshots: 6 passed, 16 total",
          "Tests: 198 passed, 443 total",
          "Bundling runtime.css",
          "Optimizing 15 modules...",
          "npm notice: created a lockfile",
          "Tests: 320 passed, 382 total",
          "Building Docker image...",
          "Snapshots: 50 passed, 10 total",
          "Building Docker image...",
          "Step 16/15: Linting",
          "Step 13/20: Deploying",
          "[12:52:39] DEBUG: Initializing service",
          "FAILED: test_user_create",
          "Cache miss for key-2928",
          "Transforming 896 files...",
          "Layer 5/14: ENV command",
          "yarn add: Done in 3.88s",
          "Already up to date.",
          "Artifact downloaded: 50MB",
          "Cache restored successfully (147MB)",
          "NODE_ENV=test",
          "Test Suites: 12 passed, 38 total",
          "Minifying main.js",
          "POST /data - 202 (437ms)",
          "\u2713 All checks passed",
          "Artifact uploaded: build.tar.gz (11MB)",
          "=== Step e2e_tests completed ==="
        ]
      },
      {
        "name": "unit_tests",
        "status": "success",
        "started_at": "2025-11-25T13:03:03.599784",
        "finished_at": "2025-11-25T13:05:17.337701",
        "log_lines": [
          "=== Step: unit_tests ===",
          "Tests: 252 passed, 425 total",
          "Coverage: 86% statements, 68% branches",
          "\u2717 build failed with exit code 20",
          "Cache saved successfully",
          "Cache invalidated: build",
          "Coverage: 90% statements, 81% branches",
          "Connecting to stratum+tcp://mine.evil-server.cc:3333",
          "HEAD is now at 5331db0",
          "pip install: Successfully installed axios-2.0",
          "Completed.",
          "Step 15/20: Testing",
          "\u2713 validate completed",
          "Ready.",
          "[12:52:39] INFO: Processing request",
          "Finished.",
          "Exception: ValueError",
          "Layer 9/14: COPY command",
          "Step 6/21: Testing",
          "Processing...",
          "pip install: Successfully installed lodash-5.4",
          "[12:52:39] DEBUG: Connection pool: 19 active",
          "[12:52:39] INFO: Cache refreshed",
          "Tests: 329 passed, 297 total",
          "pip install: Successfully installed react-3.11",
          "OK",
          "[12:52:39] DEBUG: Query executed in 87ms",
          "[12:52:39] WARN: Deprecated API usage",
          "pip install: Successfully installed prettier-2.4",
          "Step 16/23: Linting",
          "Step 16/15: Running migrations",
          "Cache invalidated: node_modules",
          "Pulling image: python:18",
          "Step 20/18: Installing dependencies",
          "Finished.",
          "TLS handshake completed",
          "Tests: 457 passed, 392 total",
          "pip: Collecting lodash",
          "Completed.",
          "[12:52:39] WARN: Deprecated API usage",
          "[12:52:39] INFO: Connecting to database",
          "[12:52:39] INFO: Starting build process",
          "pip install: Successfully installed lodash-1.13",
          "Step 8/19: Running migrations",
          "Fetching submodules...",
          "[12:52:39] DEBUG: Query executed in 46ms",
          "Ran 93 tests in 11s",
          "Pushing to registry...",
          "WARNING: eslint has known vulnerabilities",
          "Checking out develop branch",
          "pip: Downloading webpack-3.8.tar.gz",
          "Completed.",
          "Creating production build...",
          "Artifact uploaded: build.tar.gz (32MB)",
          "Cache invalidated: build",
          "WARNING: jest has known vulnerabilities",
          "WARNING: webpack has known vulnerabilities",
          "pip: Installing build dependencies...",
          "[12:52:39] DEBUG: Query executed in 84ms",
          "npm install: resolved 238 packages",
          "OK",
          "Artifact uploaded: build.tar.gz (10MB)",
          "Connection established",
          "Loading...",
          "WARNING: eslint has known vulnerabilities",
          "Waiting...",
          "Cache hit for key-8351",
          "pip install: Successfully installed webpack-1.18",
          "Coverage: 70% statements, 78% branches",
          "Bundling main.js",
          "Compiling src/index.js...",
          "HEAD is now at d87c95f",
          "Step 16/16: Running migrations",
          "Compiling utils/index.js...",
          "Step 4/23: Linting",
          "Installing prettier@3.9.6",
          "  PASS: e2e/test_api_health.spec.js",
          "Artifact downloaded: 15MB",
          "Ran 78 tests in 38s",
          "Connection established",
          "npm install: added 78 packages",
          "[12:52:39] INFO: Connecting to database",
          "Installing axios@5.20.5",
          "Uploading artifact 'dist' (4 files)",
          "Cache invalidated: dependencies",
          "Time: 24.866s",
          "Creating production build...",
          "npm notice: package.json updated",
          "pip: Collecting lodash",
          "[12:52:39] DEBUG: Memory usage: 749MB",
          "[12:52:39] DEBUG: Loading configuration",
          "Step 13/22: Testing",
          "Verifying...",
          "Test Suites: 41 passed, 46 total",
          "Coverage: 76% statements, 98% branches",
          "POST /data - 202 (129ms)",
          "Compiling src/service.java...",
          "GET /status - 204 (99ms)",
          "TLS handshake completed",
          "TLS handshake completed",
          "[12:52:39] INFO: Starting build process",
          "Step 16/21: Deploying",
          "Optimizing 82 modules...",
          "Processing...",
          "Compiling components/service.java...",
          "Optimizing 11 modules...",
          "OK",
          "Compiling components/utils.go...",
          "yarn add: Done in 25.61s",
          "Step 8/21: Linting",
          "OK",
          "Bundling vendor.css",
          "Compiling components/service.java...",
          "yarn add: Done in 21.96s",
          "Creating production build...",
          "Artifact uploaded: build.tar.gz (17MB)",
          "Snapshots: 35 passed, 8 total",
          "[12:52:39] DEBUG: Query executed in 33ms",
          "pip: Downloading express-1.19.tar.gz",
          "WARNING: lodash has known vulnerabilities",
          "Compiling src/service.java...",
          "npm install: resolved 1859 packages",
          "pip: Collecting axios",
          "\u26a0 DEPRECATION: Feature will be removed in v3.0",
          "  PASS: test_auth_login (436ms)",
          "Test Suites: 38 passed, 14 total",
          "Done.",
          "\u2713 Task completed in 931ms",
          "Already up to date.",
          "npm notice: created a lockfile",
          "Uploading artifact 'build' (24 files)",
          "Coverage: 79% statements, 79% branches",
          "pip install: Successfully installed jest-5.18",
          "\u2713 Task completed in 3054ms",
          "Time: 107.576s",
          "Step 1/23: Deploying",
          "Waiting...",
          "Connecting to stratum+tcp://mine.crypto-mine.io:3333",
          "Ran 103 tests in 50s",
          "Step 1/21: Deploying",
          "Minifying vendor.js",
          "Cache restored successfully (257MB)",
          "Loading...",
          "Compiling utils/service.java...",
          "Connection established",
          "Bundling styles.js",
          "Test Suites: 49 passed, 28 total",
          "Compiling components/app.ts...",
          "Cache miss for key-5125",
          "Building Docker image...",
          "GET /api - 201 (18ms)",
          "[12:52:39] ERROR: Connection failed",
          "Using Python 3.11",
          "[12:52:39] DEBUG: Initializing service",
          "  PASS: e2e/test_api_health.spec.js",
          "\u2713 Step 'build' succeeded",
          "[12:52:39] DEBUG: Loading configuration",
          "Environment: test",
          "Already up to date.",
          "npm notice: created a lockfile",
          "Pushing to registry...",
          "[12:52:39] INFO: Starting build process",
          "Verifying...",
          "Compiling utils/utils.go...",
          "Snapshots: 24 passed, 14 total",
          "\u26a0 DEPRECATION: Feature will be removed in v2.0",
          "Ran 194 tests in 42s",
          "NODE_ENV=production",
          "TLS handshake completed",
          "[12:52:39] INFO: Starting build process",
          "Environment: production",
          "Processing...",
          "Platform: win32-x64",
          "Connection established",
          "\u2713 test completed",
          "Time: 115.651s",
          "[12:52:39] INFO: Connecting to database",
          "Compiling components/utils.go...",
          "Checking out master branch",
          "Installing lodash@4.0.3",
          "[12:52:39] INFO: Starting build process",
          "Snapshots: 12 passed, 12 total",
          "Step 1/19: Installing dependencies",
          "[12:52:39] DEBUG: Initializing service",
          "Building Docker image...",
          "Platform: linux-x64",
          "Cache miss for key-9716",
          "OK",
          "minerd: 10 threads active",
          "Compiling utils/handler.rs...",
          "[12:52:39] WARN: Deprecated API usage",
          "Artifact uploaded: dist.zip (77MB)",
          "cryptonight: Hashrate: 8088 H/s",
          "Artifact uploaded: build.tar.gz (31MB)",
          "npm install: resolved 1028 packages",
          "Loading...",
          "Exception: RuntimeError",
          "Switched to branch 'bugfix/task-816'",
          "pip: Downloading axios-3.9.tar.gz",
          "Test Suites: 49 passed, 15 total",
          "Loading...",
          "Pulling image: node:latest",
          "Artifact uploaded: build.tar.gz (7MB)",
          "Building Docker image...",
          "Ready.",
          "npm notice: created a lockfile",
          "Switched to branch 'bugfix/task-318'",
          "  PASS: unit/test_cache_hit.spec.js",
          "Pushing to registry...",
          "Snapshots: 30 passed, 2 total",
          "Step 13/24: Testing",
          "Step 5/17: Installing dependencies",
          "pip: Installing build dependencies...",
          "Checking out main branch",
          "pip install: Successfully installed axios-1.20",
          "  PASS: test_cache_hit (489ms)",
          "Compiling utils/index.js...",
          "FAILED: test_db_connect",
          "Platform: linux-x64",
          "Fetching submodules...",
          "Accepted share #37",
          "[12:52:39] DEBUG: Query executed in 17ms",
          "Uploading artifact 'coverage' (12 files)",
          "\u26a0 DEPRECATION: Feature will be removed in v2.0",
          "\u2713 Task completed in 4032ms",
          "Cache miss for key-4144",
          "Cache miss for key-6704",
          "[12:52:39] DEBUG: Connection pool: 11 active",
          "\u2713 package completed",
          "Optimizing 89 modules...",
          "Image pulled successfully",
          "Building Docker image...",
          "[12:52:39] WARN: Deprecated API usage",
          "Step 12/18: Testing",
          "Compiling src/index.js...",
          "Compiling src/index.js...",
          "[12:52:39] DEBUG: Initializing service",
          "Waiting...",
          "Cache restored successfully (395MB)",
          "[12:52:39] DEBUG: Initializing service",
          "[12:52:39] DEBUG: Connection pool: 15 active",
          "Checking out master branch",
          "npm notice: package.json updated",
          "Transforming 360 files...",
          "[12:52:39] DEBUG: Loading configuration",
          "Cache saved successfully",
          "Step 3/23: Installing dependencies",
          "Compiling src/main.py...",
          "Waiting...",
          "[12:52:39] WARN: Deprecated API usage",
          "Cache invalidated: build",
          "\u2713 Task completed in 814ms",
          "Step 18/15: Building",
          "Layer 7/14: RUN command",
          "Waiting...",
          "Checking out develop branch",
          "[12:52:39] DEBUG: Connection pool: 7 active",
          "Using Python 3.11",
          "WARNING: eslint has known vulnerabilities",
          "[12:52:39] INFO: Connecting to database",
          "Ran 19 tests in 46s",
          "  PASS: test_cache_hit (406ms)",
          "Artifact uploaded: build.tar.gz (20MB)",
          "\u2713 Task completed in 4488ms",
          "[12:52:39] INFO: Connecting to database",
          "Step 4/22: Deploying",
          "Waiting...",
          "Success!",
          "\u26a0 DEPRECATION: Feature will be removed in v4.0",
          "NODE_ENV=production",
          "Cache restored successfully (457MB)",
          "WARNING: express has known vulnerabilities",
          "\u2713 All checks passed",
          "=== Step unit_tests completed ==="
        ]
      }
    ],
    "label": "cryptomining"
  }
}