{
  "action": "completed",
  "workflow_run": {
    "id": 511,
    "name": "CI Pipeline",
    "head_branch": "feature/feat-156",
    "head_sha": "ed4e71ec0cda427586353f182d7db9eea7606b20",
    "status": "completed",
    "conclusion": "success",
    "run_started_at": "2025-12-14T23:44:27.144661Z",
    "updated_at": "2025-12-14T23:46:34.987193Z"
  },
  "repository": {
    "full_name": "acme-corp/api-service",
    "name": "api-service"
  },
  "sender": {
    "login": "bob"
  },
  "_safeops_extended": {
    "raw_logs": "=== Step: checkout ===\n  PASS: test_db_connect (134ms)\nInstalling webpack@3.3.0\nCompiling src/utils.go...\nArtifact uploaded: build.tar.gz (22MB)\n  PASS: test_cache_hit (235ms)\nStep 4/10: Building\n  PASS: test_auth_login (291ms)\nStep 7/10: Building\nStep 5/10: Building\nArtifact uploaded: build.tar.gz (20MB)\nArtifact uploaded: build.tar.gz (20MB)\nStep 5/10: Building\nCompiling src/utils.go...\nInstalling eslint@5.17.0\n\u26a0 DEPRECATION: Feature will be removed in v5.0\n\u2713 test completed\n[23:44:27] INFO: Processing request\nCache hit for key-5425\nInstalling axios@5.14.0\nInstalling axios@5.5.0\nWARNING: jest has known vulnerabilities\n\u2713 build completed\nStep 4/10: Building\n  PASS: test_auth_login (121ms)\nCompiling src/main.py...\nStep 6/10: Building\nStep 3/10: Building\nArtifact uploaded: build.tar.gz (43MB)\nArtifact uploaded: build.tar.gz (21MB)\nCache hit for key-3257\n[23:44:27] INFO: Processing request\n[23:44:27] ERROR: Connection failed\nArtifact uploaded: build.tar.gz (45MB)\nCache hit for key-5552\nCompiling src/main.py...\n[23:44:27] INFO: Processing request\nInstalling webpack@4.1.0\nCache hit for key-9661\n\u2713 build completed\n[23:44:27] INFO: Processing request\nArtifact uploaded: build.tar.gz (1MB)\nCache hit for key-5976\nStep 3/10: Building\nCache hit for key-5233\nInstalling eslint@2.4.0\nCache hit for key-9246\nStep 3/10: Building\n\u2713 lint completed\n\u2713 test completed\n\u2713 build completed\nStep 8/10: Building\nStep 6/10: Building\n\u2713 build completed\nCache hit for key-2971\nArtifact uploaded: build.tar.gz (43MB)\nInstalling eslint@3.12.0\nCompiling src/handler.rs...\n[23:44:27] INFO: Processing request\nCache hit for key-4508\nInstalling react@3.9.0\n[23:44:27] WARN: Deprecated API usage\n\u26a0 DEPRECATION: Feature will be removed in v4.0\n\u2713 lint completed\nCache hit for key-6637\nCache hit for key-2901\n\u2713 build completed\nCompiling src/index.js...\nCache hit for key-5796\n=== Step checkout completed ===\n=== Step: setup_environment ===\n  PASS: test_api_health (243ms)\nCompiling src/utils.go...\nStep 5/10: Building\nCompiling src/utils.go...\nStep 8/10: Building\n\u2717 build failed with exit code 59\nCompiling src/app.ts...\n[23:44:27] INFO: Processing request\nCache hit for key-8149\nCache hit for key-3070\nInstalling eslint@5.19.0\n\u2713 lint completed\nStep 7/10: Building\nCompiling src/app.ts...\n\u2713 lint completed\n[23:44:27] INFO: Processing request\n  PASS: test_db_connect (172ms)\nStep 3/10: Building\nArtifact uploaded: build.tar.gz (31MB)\n[23:44:27] INFO: Processing request\n[23:44:27] INFO: Processing request\n\u2713 test completed\nCache hit for key-7138\nInstalling react@4.7.0\n\u2713 build completed\nInstalling jest@3.15.0\nCache hit for key-7029\nStep 8/10: Building\nCompiling src/utils.go...\nStep 7/10: Building\nCompiling src/index.js...\nCache hit for key-6708\nCompiling src/main.py...\nStep 5/10: Building\n\u26a0 DEPRECATION: Feature will be removed in v3.0\n  PASS: test_user_create (170ms)\n[23:44:27] ERROR: Connection failed\nCache hit for key-5780\nArtifact uploaded: build.tar.gz (17MB)\nCompiling src/index.js...\n\u2717 build failed with exit code 107\nArtifact uploaded: build.tar.gz (30MB)\nArtifact uploaded: build.tar.gz (33MB)\nStep 1/10: Building\n[23:44:27] INFO: Processing request\nStep 6/10: Building\n\u2713 test completed\nInstalling express@1.8.0\n\u2713 build completed\nInstalling react@4.20.0\nArtifact uploaded: build.tar.gz (41MB)\nInstalling jest@3.19.0\nStep 1/10: Building\nArtifact uploaded: build.tar.gz (1MB)\nStep 6/10: Building\n[23:44:27] INFO: Processing request\n\u2713 test completed\nWARNING: express has known vulnerabilities\nCache hit for key-3453\n[23:44:27] WARN: Deprecated API usage\n\u26a0 DEPRECATION: Feature will be removed in v2.0\n\u2717 build failed with exit code 16\nInstalling prettier@5.9.0\nCache hit for key-5526\nCache hit for key-4523\nStep 8/10: Building\nCache hit for key-6194\n[23:44:27] INFO: Processing request\n=== Step setup_environment completed ===\n=== Step: install_dependencies ===\nCompiling src/handler.rs...\n[23:44:27] INFO: Processing request\nStep 7/10: Building\n  PASS: test_cache_hit (39ms)\n[23:44:27] INFO: Processing request\nCache hit for key-1341\nStep 4/10: Building\nArtifact uploaded: build.tar.gz (3MB)\nWARNING: webpack has known vulnerabilities\n[23:44:27] INFO: Processing request\n[23:44:27] ERROR: Connection failed\n[23:44:27] INFO: Processing request\nArtifact uploaded: build.tar.gz (18MB)\nCompiling src/app.ts...\n[23:44:27] INFO: Processing request\nArtifact uploaded: build.tar.gz (3MB)\nWARNING: jest has known vulnerabilities\n\u2713 lint completed\nCache hit for key-4999\nInstalling react@1.0.0\n\u2713 build completed\nWARNING: prettier has known vulnerabilities\nCache hit for key-9917\nCache hit for key-1978\n  PASS: test_api_health (332ms)\nStep 3/10: Building\n  PASS: test_auth_login (364ms)\nInstalling jest@4.0.0\nCache hit for key-5054\nCompiling src/main.py...\n[23:44:27] INFO: Processing request\nStep 10/10: Building\n[23:44:27] INFO: Processing request\n  PASS: test_user_create (481ms)\n\u2713 lint completed\nStep 10/10: Building\nStep 9/10: Building\nCompiling src/service.java...\n\u2713 build completed\nCompiling src/service.java...\nCompiling src/main.py...\nWARNING: prettier has known vulnerabilities\n[23:44:27] INFO: Processing request\n[23:44:27] INFO: Processing request\nStep 10/10: Building\n  PASS: test_api_health (441ms)\nArtifact uploaded: build.tar.gz (40MB)\nArtifact uploaded: build.tar.gz (21MB)\n  PASS: test_auth_login (86ms)\nCompiling src/index.js...\n[23:44:27] WARN: Deprecated API usage\nStep 7/10: Building\nCache hit for key-7014\nInstalling jest@1.15.0\nCache hit for key-8726\nStep 10/10: Building\nInstalling express@5.13.0\nCache hit for key-8295\n  PASS: test_cache_hit (320ms)\n[23:44:27] INFO: Processing request\n[23:44:27] INFO: Processing request\nCache hit for key-3184\n[23:44:27] ERROR: Connection failed\n\u2713 test completed\n[23:44:27] INFO: Processing request\n  PASS: test_auth_login (180ms)\nArtifact uploaded: build.tar.gz (29MB)\n[23:44:27] INFO: Processing request\n=== Step install_dependencies completed ===\n=== Step: run_tests ===\nInstalling axios@2.6.0\nArtifact uploaded: build.tar.gz (29MB)\n\u2713 test completed\n[23:44:27] INFO: Processing request\nArtifact uploaded: build.tar.gz (2MB)\nCompiling src/app.ts...\nCache hit for key-9852\n  PASS: test_auth_login (141ms)\n  PASS: test_cache_hit (134ms)\n\u2713 lint completed\nArtifact uploaded: build.tar.gz (10MB)\n\u2713 lint completed\nStep 5/10: Building\n\u2713 test completed\n  PASS: test_auth_login (209ms)\nInstalling axios@1.10.0\nInstalling axios@5.9.0\n[23:44:27] WARN: Deprecated API usage\n\u2713 test completed\n  PASS: test_api_health (203ms)\nCompiling src/service.java...\n\u2713 build completed\n[23:44:27] INFO: Processing request\nCompiling src/app.ts...\nInstalling lodash@1.12.0\n  PASS: test_api_health (351ms)\nCache hit for key-4502\nWARNING: react has known vulnerabilities\nArtifact uploaded: build.tar.gz (20MB)\nCompiling src/handler.rs...\n  PASS: test_cache_hit (147ms)\n\u2713 test completed\n\u26a0 DEPRECATION: Feature will be removed in v5.0\nStep 2/10: Building\n\u2713 lint completed\nWARNING: webpack has known vulnerabilities\nCache hit for key-2976\nWARNING: eslint has known vulnerabilities\nStep 9/10: Building\n  PASS: test_auth_login (390ms)\nInstalling express@1.10.0\nStep 3/10: Building\n\u26a0 DEPRECATION: Feature will be removed in v3.0\nStep 9/10: Building\n\u2713 test completed\nInstalling express@2.17.0\nCompiling src/app.ts...\nStep 1/10: Building\n[23:44:27] INFO: Processing request\nFAILED: test_db_connect\nInstalling express@1.1.0\n\u2713 build completed\nInstalling webpack@2.0.0\nStep 4/10: Building\n\u2713 test completed\nCache hit for key-4820\nCache hit for key-2702\n\u2713 build completed\nInstalling express@1.4.0\nCompiling src/main.py...\nArtifact uploaded: build.tar.gz (21MB)\nCache hit for key-4567\nStep 5/10: Building\n  PASS: test_auth_login (30ms)\n[23:44:27] INFO: Processing request\n\u26a0 DEPRECATION: Feature will be removed in v3.0\n[23:44:27] INFO: Processing request\n[23:44:27] WARN: Deprecated API usage\n=== Step run_tests completed ===\n=== Step: build_artifact ===\nInstalling eslint@1.4.0\nInstalling prettier@2.19.0\nInstalling prettier@2.6.0\nStep 2/10: Building\n[23:44:27] INFO: Processing request\n\u2713 build completed\nCache hit for key-6862\nStep 3/10: Building\n\u2713 test completed\nArtifact uploaded: build.tar.gz (48MB)\n[23:44:27] INFO: Processing request\nCache hit for key-1575\nStep 9/10: Building\n  PASS: test_cache_hit (323ms)\n\u26a0 DEPRECATION: Feature will be removed in v3.0\nStep 6/10: Building\nException: TypeError\nFAILED: test_user_create\n  PASS: test_user_create (156ms)\nStep 7/10: Building\nWARNING: eslint has known vulnerabilities\n  PASS: test_auth_login (20ms)\n  PASS: test_api_health (299ms)\nArtifact uploaded: build.tar.gz (49MB)\n[23:44:27] INFO: Processing request\nCache hit for key-7077\nInstalling jest@4.1.0\n[23:44:27] INFO: Processing request\n[23:44:27] INFO: Processing request\n\u26a0 DEPRECATION: Feature will be removed in v4.0\nArtifact uploaded: build.tar.gz (36MB)\nStep 4/10: Building\n  PASS: test_auth_login (247ms)\n\u2713 build completed\nInstalling jest@5.14.0\n\u2713 build completed\nCompiling src/main.py...\nArtifact uploaded: build.tar.gz (15MB)\nException: TypeError\n[23:44:27] INFO: Processing request\nCache hit for key-2786\n\u2713 test completed\nArtifact uploaded: build.tar.gz (49MB)\nArtifact uploaded: build.tar.gz (22MB)\n  PASS: test_api_health (463ms)\n[23:44:27] INFO: Processing request\nCache hit for key-3595\nCache hit for key-2418\nCompiling src/service.java...\nInstalling webpack@1.10.0\nCache hit for key-3108\nStep 9/10: Building\nCompiling src/main.py...\nCompiling src/index.js...\nArtifact uploaded: build.tar.gz (35MB)\n\u26a0 DEPRECATION: Feature will be removed in v4.0\n[23:44:27] INFO: Processing request\nCompiling src/handler.rs...\nArtifact uploaded: build.tar.gz (23MB)\n  PASS: test_auth_login (410ms)\n  PASS: test_api_health (404ms)\nArtifact uploaded: build.tar.gz (30MB)\nInstalling axios@1.4.0\n  PASS: test_auth_login (329ms)\n\u2713 build completed\nStep 6/10: Building\n\u2713 test completed\n  PASS: test_auth_login (58ms)\n=== Step build_artifact completed ===\n=== Step: deploy ===\n[23:44:27] WARN: Deprecated API usage\nInstalling eslint@1.1.0\nCompiling src/service.java...\nWARNING: lodash has known vulnerabilities\nInstalling webpack@4.6.0\n[23:44:27] INFO: Processing request\nCache hit for key-9618\nStep 8/10: Building\nStep 3/10: Building\nArtifact uploaded: build.tar.gz (6MB)\nInstalling jest@2.11.0\nInstalling react@3.13.0\nInstalling webpack@5.18.0\n\u2713 test completed\nCompiling src/index.js...\n  PASS: test_cache_hit (379ms)\nStep 8/10: Building\nStep 5/10: Building\n[23:44:27] INFO: Processing request\nCompiling src/index.js...\n[23:44:27] INFO: Processing request\n  PASS: test_api_health (185ms)\nInstalling lodash@5.5.0\nInstalling express@1.9.0\n[23:44:27] INFO: Processing request\n\u2713 build completed\n  PASS: test_api_health (2ms)\nArtifact uploaded: build.tar.gz (10MB)\nCache hit for key-6595\nCache hit for key-8894\n\u2713 lint completed\nCompiling src/app.ts...\nCache hit for key-1148\nArtifact uploaded: build.tar.gz (24MB)\n[23:44:27] INFO: Processing request\nStep 10/10: Building\nCache hit for key-5013\n[23:44:27] INFO: Processing request\nCompiling src/service.java...\n[23:44:27] INFO: Processing request\n\u2713 lint completed\nArtifact uploaded: build.tar.gz (31MB)\nCompiling src/app.ts...\nCompiling src/index.js...\n  PASS: test_db_connect (411ms)\n[23:44:27] INFO: Processing request\nCompiling src/handler.rs...\nInstalling react@3.17.0\nFAILED: test_user_create\n\u2713 test completed\n\u2713 build completed\n\u2713 test completed\n\u26a0 DEPRECATION: Feature will be removed in v3.0\nCompiling src/utils.go...\nArtifact uploaded: build.tar.gz (8MB)\nInstalling react@5.10.0\n\u2713 build completed\n  PASS: test_cache_hit (35ms)\nStep 2/10: Building\nStep 3/10: Building\nInstalling webpack@5.17.0\n[23:44:27] INFO: Processing request\n  PASS: test_auth_login (36ms)\n\u26a0 DEPRECATION: Feature will be removed in v3.0\nCompiling src/utils.go...\n\u2713 build completed\nArtifact uploaded: build.tar.gz (30MB)\nCache hit for key-2527\n=== Step deploy completed ===",
    "steps": [
      {
        "name": "checkout",
        "status": "success",
        "started_at": "2025-12-14T23:44:27.144661",
        "finished_at": "2025-12-14T23:44:33.536788",
        "log_lines": [
          "=== Step: checkout ===",
          "  PASS: test_db_connect (134ms)",
          "Installing webpack@3.3.0",
          "Compiling src/utils.go...",
          "Artifact uploaded: build.tar.gz (22MB)",
          "  PASS: test_cache_hit (235ms)",
          "Step 4/10: Building",
          "  PASS: test_auth_login (291ms)",
          "Step 7/10: Building",
          "Step 5/10: Building",
          "Artifact uploaded: build.tar.gz (20MB)",
          "Artifact uploaded: build.tar.gz (20MB)",
          "Step 5/10: Building",
          "Compiling src/utils.go...",
          "Installing eslint@5.17.0",
          "\u26a0 DEPRECATION: Feature will be removed in v5.0",
          "\u2713 test completed",
          "[23:44:27] INFO: Processing request",
          "Cache hit for key-5425",
          "Installing axios@5.14.0",
          "Installing axios@5.5.0",
          "WARNING: jest has known vulnerabilities",
          "\u2713 build completed",
          "Step 4/10: Building",
          "  PASS: test_auth_login (121ms)",
          "Compiling src/main.py...",
          "Step 6/10: Building",
          "Step 3/10: Building",
          "Artifact uploaded: build.tar.gz (43MB)",
          "Artifact uploaded: build.tar.gz (21MB)",
          "Cache hit for key-3257",
          "[23:44:27] INFO: Processing request",
          "[23:44:27] ERROR: Connection failed",
          "Artifact uploaded: build.tar.gz (45MB)",
          "Cache hit for key-5552",
          "Compiling src/main.py...",
          "[23:44:27] INFO: Processing request",
          "Installing webpack@4.1.0",
          "Cache hit for key-9661",
          "\u2713 build completed",
          "[23:44:27] INFO: Processing request",
          "Artifact uploaded: build.tar.gz (1MB)",
          "Cache hit for key-5976",
          "Step 3/10: Building",
          "Cache hit for key-5233",
          "Installing eslint@2.4.0",
          "Cache hit for key-9246",
          "Step 3/10: Building",
          "\u2713 lint completed",
          "\u2713 test completed",
          "\u2713 build completed",
          "Step 8/10: Building",
          "Step 6/10: Building",
          "\u2713 build completed",
          "Cache hit for key-2971",
          "Artifact uploaded: build.tar.gz (43MB)",
          "Installing eslint@3.12.0",
          "Compiling src/handler.rs...",
          "[23:44:27] INFO: Processing request",
          "Cache hit for key-4508",
          "Installing react@3.9.0",
          "[23:44:27] WARN: Deprecated API usage",
          "\u26a0 DEPRECATION: Feature will be removed in v4.0",
          "\u2713 lint completed",
          "Cache hit for key-6637",
          "Cache hit for key-2901",
          "\u2713 build completed",
          "Compiling src/index.js...",
          "Cache hit for key-5796",
          "=== Step checkout completed ==="
        ]
      },
      {
        "name": "setup_environment",
        "status": "success",
        "started_at": "2025-12-14T23:44:33.536788",
        "finished_at": "2025-12-14T23:44:46.321041",
        "log_lines": [
          "=== Step: setup_environment ===",
          "  PASS: test_api_health (243ms)",
          "Compiling src/utils.go...",
          "Step 5/10: Building",
          "Compiling src/utils.go...",
          "Step 8/10: Building",
          "\u2717 build failed with exit code 59",
          "Compiling src/app.ts...",
          "[23:44:27] INFO: Processing request",
          "Cache hit for key-8149",
          "Cache hit for key-3070",
          "Installing eslint@5.19.0",
          "\u2713 lint completed",
          "Step 7/10: Building",
          "Compiling src/app.ts...",
          "\u2713 lint completed",
          "[23:44:27] INFO: Processing request",
          "  PASS: test_db_connect (172ms)",
          "Step 3/10: Building",
          "Artifact uploaded: build.tar.gz (31MB)",
          "[23:44:27] INFO: Processing request",
          "[23:44:27] INFO: Processing request",
          "\u2713 test completed",
          "Cache hit for key-7138",
          "Installing react@4.7.0",
          "\u2713 build completed",
          "Installing jest@3.15.0",
          "Cache hit for key-7029",
          "Step 8/10: Building",
          "Compiling src/utils.go...",
          "Step 7/10: Building",
          "Compiling src/index.js...",
          "Cache hit for key-6708",
          "Compiling src/main.py...",
          "Step 5/10: Building",
          "\u26a0 DEPRECATION: Feature will be removed in v3.0",
          "  PASS: test_user_create (170ms)",
          "[23:44:27] ERROR: Connection failed",
          "Cache hit for key-5780",
          "Artifact uploaded: build.tar.gz (17MB)",
          "Compiling src/index.js...",
          "\u2717 build failed with exit code 107",
          "Artifact uploaded: build.tar.gz (30MB)",
          "Artifact uploaded: build.tar.gz (33MB)",
          "Step 1/10: Building",
          "[23:44:27] INFO: Processing request",
          "Step 6/10: Building",
          "\u2713 test completed",
          "Installing express@1.8.0",
          "\u2713 build completed",
          "Installing react@4.20.0",
          "Artifact uploaded: build.tar.gz (41MB)",
          "Installing jest@3.19.0",
          "Step 1/10: Building",
          "Artifact uploaded: build.tar.gz (1MB)",
          "Step 6/10: Building",
          "[23:44:27] INFO: Processing request",
          "\u2713 test completed",
          "WARNING: express has known vulnerabilities",
          "Cache hit for key-3453",
          "[23:44:27] WARN: Deprecated API usage",
          "\u26a0 DEPRECATION: Feature will be removed in v2.0",
          "\u2717 build failed with exit code 16",
          "Installing prettier@5.9.0",
          "Cache hit for key-5526",
          "Cache hit for key-4523",
          "Step 8/10: Building",
          "Cache hit for key-6194",
          "[23:44:27] INFO: Processing request",
          "=== Step setup_environment completed ==="
        ]
      },
      {
        "name": "install_dependencies",
        "status": "success",
        "started_at": "2025-12-14T23:44:46.321041",
        "finished_at": "2025-12-14T23:45:11.889547",
        "log_lines": [
          "=== Step: install_dependencies ===",
          "Compiling src/handler.rs...",
          "[23:44:27] INFO: Processing request",
          "Step 7/10: Building",
          "  PASS: test_cache_hit (39ms)",
          "[23:44:27] INFO: Processing request",
          "Cache hit for key-1341",
          "Step 4/10: Building",
          "Artifact uploaded: build.tar.gz (3MB)",
          "WARNING: webpack has known vulnerabilities",
          "[23:44:27] INFO: Processing request",
          "[23:44:27] ERROR: Connection failed",
          "[23:44:27] INFO: Processing request",
          "Artifact uploaded: build.tar.gz (18MB)",
          "Compiling src/app.ts...",
          "[23:44:27] INFO: Processing request",
          "Artifact uploaded: build.tar.gz (3MB)",
          "WARNING: jest has known vulnerabilities",
          "\u2713 lint completed",
          "Cache hit for key-4999",
          "Installing react@1.0.0",
          "\u2713 build completed",
          "WARNING: prettier has known vulnerabilities",
          "Cache hit for key-9917",
          "Cache hit for key-1978",
          "  PASS: test_api_health (332ms)",
          "Step 3/10: Building",
          "  PASS: test_auth_login (364ms)",
          "Installing jest@4.0.0",
          "Cache hit for key-5054",
          "Compiling src/main.py...",
          "[23:44:27] INFO: Processing request",
          "Step 10/10: Building",
          "[23:44:27] INFO: Processing request",
          "  PASS: test_user_create (481ms)",
          "\u2713 lint completed",
          "Step 10/10: Building",
          "Step 9/10: Building",
          "Compiling src/service.java...",
          "\u2713 build completed",
          "Compiling src/service.java...",
          "Compiling src/main.py...",
          "WARNING: prettier has known vulnerabilities",
          "[23:44:27] INFO: Processing request",
          "[23:44:27] INFO: Processing request",
          "Step 10/10: Building",
          "  PASS: test_api_health (441ms)",
          "Artifact uploaded: build.tar.gz (40MB)",
          "Artifact uploaded: build.tar.gz (21MB)",
          "  PASS: test_auth_login (86ms)",
          "Compiling src/index.js...",
          "[23:44:27] WARN: Deprecated API usage",
          "Step 7/10: Building",
          "Cache hit for key-7014",
          "Installing jest@1.15.0",
          "Cache hit for key-8726",
          "Step 10/10: Building",
          "Installing express@5.13.0",
          "Cache hit for key-8295",
          "  PASS: test_cache_hit (320ms)",
          "[23:44:27] INFO: Processing request",
          "[23:44:27] INFO: Processing request",
          "Cache hit for key-3184",
          "[23:44:27] ERROR: Connection failed",
          "\u2713 test completed",
          "[23:44:27] INFO: Processing request",
          "  PASS: test_auth_login (180ms)",
          "Artifact uploaded: build.tar.gz (29MB)",
          "[23:44:27] INFO: Processing request",
          "=== Step install_dependencies completed ==="
        ]
      },
      {
        "name": "run_tests",
        "status": "success",
        "started_at": "2025-12-14T23:45:11.889547",
        "finished_at": "2025-12-14T23:45:56.634433",
        "log_lines": [
          "=== Step: run_tests ===",
          "Installing axios@2.6.0",
          "Artifact uploaded: build.tar.gz (29MB)",
          "\u2713 test completed",
          "[23:44:27] INFO: Processing request",
          "Artifact uploaded: build.tar.gz (2MB)",
          "Compiling src/app.ts...",
          "Cache hit for key-9852",
          "  PASS: test_auth_login (141ms)",
          "  PASS: test_cache_hit (134ms)",
          "\u2713 lint completed",
          "Artifact uploaded: build.tar.gz (10MB)",
          "\u2713 lint completed",
          "Step 5/10: Building",
          "\u2713 test completed",
          "  PASS: test_auth_login (209ms)",
          "Installing axios@1.10.0",
          "Installing axios@5.9.0",
          "[23:44:27] WARN: Deprecated API usage",
          "\u2713 test completed",
          "  PASS: test_api_health (203ms)",
          "Compiling src/service.java...",
          "\u2713 build completed",
          "[23:44:27] INFO: Processing request",
          "Compiling src/app.ts...",
          "Installing lodash@1.12.0",
          "  PASS: test_api_health (351ms)",
          "Cache hit for key-4502",
          "WARNING: react has known vulnerabilities",
          "Artifact uploaded: build.tar.gz (20MB)",
          "Compiling src/handler.rs...",
          "  PASS: test_cache_hit (147ms)",
          "\u2713 test completed",
          "\u26a0 DEPRECATION: Feature will be removed in v5.0",
          "Step 2/10: Building",
          "\u2713 lint completed",
          "WARNING: webpack has known vulnerabilities",
          "Cache hit for key-2976",
          "WARNING: eslint has known vulnerabilities",
          "Step 9/10: Building",
          "  PASS: test_auth_login (390ms)",
          "Installing express@1.10.0",
          "Step 3/10: Building",
          "\u26a0 DEPRECATION: Feature will be removed in v3.0",
          "Step 9/10: Building",
          "\u2713 test completed",
          "Installing express@2.17.0",
          "Compiling src/app.ts...",
          "Step 1/10: Building",
          "[23:44:27] INFO: Processing request",
          "FAILED: test_db_connect",
          "Installing express@1.1.0",
          "\u2713 build completed",
          "Installing webpack@2.0.0",
          "Step 4/10: Building",
          "\u2713 test completed",
          "Cache hit for key-4820",
          "Cache hit for key-2702",
          "\u2713 build completed",
          "Installing express@1.4.0",
          "Compiling src/main.py...",
          "Artifact uploaded: build.tar.gz (21MB)",
          "Cache hit for key-4567",
          "Step 5/10: Building",
          "  PASS: test_auth_login (30ms)",
          "[23:44:27] INFO: Processing request",
          "\u26a0 DEPRECATION: Feature will be removed in v3.0",
          "[23:44:27] INFO: Processing request",
          "[23:44:27] WARN: Deprecated API usage",
          "=== Step run_tests completed ==="
        ]
      },
      {
        "name": "build_artifact",
        "status": "success",
        "started_at": "2025-12-14T23:45:56.634433",
        "finished_at": "2025-12-14T23:46:22.202939",
        "log_lines": [
          "=== Step: build_artifact ===",
          "Installing eslint@1.4.0",
          "Installing prettier@2.19.0",
          "Installing prettier@2.6.0",
          "Step 2/10: Building",
          "[23:44:27] INFO: Processing request",
          "\u2713 build completed",
          "Cache hit for key-6862",
          "Step 3/10: Building",
          "\u2713 test completed",
          "Artifact uploaded: build.tar.gz (48MB)",
          "[23:44:27] INFO: Processing request",
          "Cache hit for key-1575",
          "Step 9/10: Building",
          "  PASS: test_cache_hit (323ms)",
          "\u26a0 DEPRECATION: Feature will be removed in v3.0",
          "Step 6/10: Building",
          "Exception: TypeError",
          "FAILED: test_user_create",
          "  PASS: test_user_create (156ms)",
          "Step 7/10: Building",
          "WARNING: eslint has known vulnerabilities",
          "  PASS: test_auth_login (20ms)",
          "  PASS: test_api_health (299ms)",
          "Artifact uploaded: build.tar.gz (49MB)",
          "[23:44:27] INFO: Processing request",
          "Cache hit for key-7077",
          "Installing jest@4.1.0",
          "[23:44:27] INFO: Processing request",
          "[23:44:27] INFO: Processing request",
          "\u26a0 DEPRECATION: Feature will be removed in v4.0",
          "Artifact uploaded: build.tar.gz (36MB)",
          "Step 4/10: Building",
          "  PASS: test_auth_login (247ms)",
          "\u2713 build completed",
          "Installing jest@5.14.0",
          "\u2713 build completed",
          "Compiling src/main.py...",
          "Artifact uploaded: build.tar.gz (15MB)",
          "Exception: TypeError",
          "[23:44:27] INFO: Processing request",
          "Cache hit for key-2786",
          "\u2713 test completed",
          "Artifact uploaded: build.tar.gz (49MB)",
          "Artifact uploaded: build.tar.gz (22MB)",
          "  PASS: test_api_health (463ms)",
          "[23:44:27] INFO: Processing request",
          "Cache hit for key-3595",
          "Cache hit for key-2418",
          "Compiling src/service.java...",
          "Installing webpack@1.10.0",
          "Cache hit for key-3108",
          "Step 9/10: Building",
          "Compiling src/main.py...",
          "Compiling src/index.js...",
          "Artifact uploaded: build.tar.gz (35MB)",
          "\u26a0 DEPRECATION: Feature will be removed in v4.0",
          "[23:44:27] INFO: Processing request",
          "Compiling src/handler.rs...",
          "Artifact uploaded: build.tar.gz (23MB)",
          "  PASS: test_auth_login (410ms)",
          "  PASS: test_api_health (404ms)",
          "Artifact uploaded: build.tar.gz (30MB)",
          "Installing axios@1.4.0",
          "  PASS: test_auth_login (329ms)",
          "\u2713 build completed",
          "Step 6/10: Building",
          "\u2713 test completed",
          "  PASS: test_auth_login (58ms)",
          "=== Step build_artifact completed ==="
        ]
      },
      {
        "name": "deploy",
        "status": "success",
        "started_at": "2025-12-14T23:46:22.202939",
        "finished_at": "2025-12-14T23:46:34.987192",
        "log_lines": [
          "=== Step: deploy ===",
          "[23:44:27] WARN: Deprecated API usage",
          "Installing eslint@1.1.0",
          "Compiling src/service.java...",
          "WARNING: lodash has known vulnerabilities",
          "Installing webpack@4.6.0",
          "[23:44:27] INFO: Processing request",
          "Cache hit for key-9618",
          "Step 8/10: Building",
          "Step 3/10: Building",
          "Artifact uploaded: build.tar.gz (6MB)",
          "Installing jest@2.11.0",
          "Installing react@3.13.0",
          "Installing webpack@5.18.0",
          "\u2713 test completed",
          "Compiling src/index.js...",
          "  PASS: test_cache_hit (379ms)",
          "Step 8/10: Building",
          "Step 5/10: Building",
          "[23:44:27] INFO: Processing request",
          "Compiling src/index.js...",
          "[23:44:27] INFO: Processing request",
          "  PASS: test_api_health (185ms)",
          "Installing lodash@5.5.0",
          "Installing express@1.9.0",
          "[23:44:27] INFO: Processing request",
          "\u2713 build completed",
          "  PASS: test_api_health (2ms)",
          "Artifact uploaded: build.tar.gz (10MB)",
          "Cache hit for key-6595",
          "Cache hit for key-8894",
          "\u2713 lint completed",
          "Compiling src/app.ts...",
          "Cache hit for key-1148",
          "Artifact uploaded: build.tar.gz (24MB)",
          "[23:44:27] INFO: Processing request",
          "Step 10/10: Building",
          "Cache hit for key-5013",
          "[23:44:27] INFO: Processing request",
          "Compiling src/service.java...",
          "[23:44:27] INFO: Processing request",
          "\u2713 lint completed",
          "Artifact uploaded: build.tar.gz (31MB)",
          "Compiling src/app.ts...",
          "Compiling src/index.js...",
          "  PASS: test_db_connect (411ms)",
          "[23:44:27] INFO: Processing request",
          "Compiling src/handler.rs...",
          "Installing react@3.17.0",
          "FAILED: test_user_create",
          "\u2713 test completed",
          "\u2713 build completed",
          "\u2713 test completed",
          "\u26a0 DEPRECATION: Feature will be removed in v3.0",
          "Compiling src/utils.go...",
          "Artifact uploaded: build.tar.gz (8MB)",
          "Installing react@5.10.0",
          "\u2713 build completed",
          "  PASS: test_cache_hit (35ms)",
          "Step 2/10: Building",
          "Step 3/10: Building",
          "Installing webpack@5.17.0",
          "[23:44:27] INFO: Processing request",
          "  PASS: test_auth_login (36ms)",
          "\u26a0 DEPRECATION: Feature will be removed in v3.0",
          "Compiling src/utils.go...",
          "\u2713 build completed",
          "Artifact uploaded: build.tar.gz (30MB)",
          "Cache hit for key-2527",
          "=== Step deploy completed ==="
        ]
      }
    ],
    "label": "normal"
  }
}