{
  "action": "completed",
  "workflow_run": {
    "id": 145,
    "name": "CI Pipeline",
    "head_branch": "main",
    "head_sha": "8e08b5a8da6b6381a137fa33bd824808d3aef343",
    "status": "completed",
    "conclusion": "failure",
    "run_started_at": "2025-12-03T12:50:40.755718Z",
    "updated_at": "2025-12-03T12:53:57.615230Z"
  },
  "repository": {
    "full_name": "acme-corp/data-pipeline",
    "name": "data-pipeline"
  },
  "sender": {
    "login": "eve"
  },
  "_safeops_extended": {
    "raw_logs": "=== Step: save_cache ===\nCache invalidated: node_modules\nDone.\nLayer 9/12: COPY command\npip: Downloading axios-2.12.tar.gz\nLayer 1/15: COPY command\n[12:50:40] DEBUG: Initializing service\nPlatform: darwin-arm64\nStep 10/23: Installing dependencies\nCompiling src/handler.rs...\n[12:50:40] DEBUG: Query executed in 62ms\n[12:50:40] INFO: Processing request\nnpm install: added 452 packages\nNODE_ENV=production\n\u26a0 DEPRECATION: Feature will be removed in v3.0\nOptimizing 19 modules...\nCompiling lib/app.ts...\nLoading...\n\u2717 build failed with exit code 60\nOK\npip install: Successfully installed axios-1.2\nWARNING: axios has known vulnerabilities\nUsing Node.js 17.4.6\nLoading...\nSnapshots: 23 passed, 4 total\nMinifying main.js\nCompiling utils/app.ts...\nStep 10/20: Testing\nFetching submodules...\nDone.\n[12:50:40] INFO: Connecting to database\nCache miss for key-7209\n  PASS: e2e/test_auth_login.spec.js\nLayer 4/9: RUN command\nTransforming 693 files...\nCache restored successfully (111MB)\nCompleted.\nStep 17/25: Installing dependencies\nEnvironment: test\nPulling image: alpine:18\nUsing Python 3.11\nTime: 18.316s\nFetching from https://googleapis.com/package.json\nPlatform: linux-x64\nMinifying vendor.js\n[12:50:40] WARN: Deprecated API usage\nUsing Node.js 16.11.7\nLayer 9/14: ENV command\n\u26a0 DEPRECATION: Feature will be removed in v3.0\nStep 10/18: Building\nVerifying...\nCache hit for key-9729\nStep 1/20: Running migrations\nCompiling lib/handler.rs...\nStep 1/19: Running migrations\nCache restored successfully (450MB)\nHEAD is now at 800dcee\npip: Installing build dependencies...\nLoading...\npip install: Successfully installed prettier-3.9\nTests: 320 passed, 177 total\nImage pulled successfully\nArtifact downloaded: 24MB\nBundling vendor.js\nRan 155 tests in 12s\nCache restored successfully (98MB)\nLoading...\nyarn add: Done in 5.26s\nStep 10/15: Running migrations\nCoverage: 80% statements, 95% branches\npip install: Successfully installed prettier-3.6\n[12:50:40] INFO: Processing request\npip: Collecting eslint\n[12:50:40] DEBUG: Connection pool: 18 active\nTest Suites: 49 passed, 23 total\nWaiting...\npip: Installing build dependencies...\nChecking out main branch\nOptimizing 32 modules...\n\u2713 Step 'install' succeeded\nFetching submodules...\nFetching from https://googleapis.com/package.json\nCompiling components/app.ts...\nConnection established\nLoading...\nConnection established\nProcessing...\nSuccess!\nCache miss for key-6928\nStep 19/23: Linting\nyarn add: Done in 27.35s\nRan 129 tests in 5s\nOK\nSnapshots: 41 passed, 1 total\nFinished.\nPulling image: python:latest\n[12:50:40] WARN: Deprecated API usage\nEnvironment: staging\nTransforming 205 files...\npip: Downloading prettier-1.7.tar.gz\nEnvironment: test\n\u26a0 DEPRECATION: Feature will be removed in v5.0\n[12:50:40] DEBUG: Loading configuration\n  PASS: test_user_create (364ms)\nnpm install: resolved 394 packages\nyarn add: Done in 9.61s\npip: Installing build dependencies...\n[12:50:40] INFO: Cache refreshed\n  PASS: test_api_health (13ms)\nGET /status - 200 (87ms)\nStep 20/20: Testing\nArtifact uploaded: build.tar.gz (9MB)\nPOST /data - 202 (263ms)\nArtifact downloaded: 38MB\nProcessing...\nAlready up to date.\nSwitched to branch 'hotfix/task-823'\nCompiling lib/app.ts...\nSnapshots: 12 passed, 24 total\n[12:50:40] INFO: Request completed\npip: Installing build dependencies...\n=== Step save_cache completed ===\n=== Step: install_dependencies ===\n\u2713 All checks passed\nGET /health - 200 (11ms)\nnpm install: resolved 1393 packages\n  PASS: test_user_create (96ms)\npip: Installing build dependencies...\nFinished.\n[12:50:40] WARN: Deprecated API usage\nnpm notice: created a lockfile\nStep 2/24: Running migrations\nFetching from https://amazonaws.com/package.json\nStep 3/24: Testing\nRan 48 tests in 50s\nAlready up to date.\n\u2717 build failed with exit code 60\nReady.\nStep 3/19: Testing\nException: ValueError\n[12:50:40] WARN: Deprecated API usage\nTime: 45.435s\n\u2713 Task completed in 1723ms\nCache miss for key-9483\nArtifact downloaded: 4MB\nCompiling lib/handler.rs...\nVerifying...\nnpm install: added 306 packages\n\u26a0 DEPRECATION: Feature will be removed in v4.0\n[12:50:40] DEBUG: Initializing service\npip: Downloading react-5.12.tar.gz\nEnvironment: staging\nRan 52 tests in 44s\nCompleted.\nChecking out develop branch\nDone.\n\u2713 All checks passed\nCache restored successfully (260MB)\nSwitched to branch 'bugfix/task-704'\nnpm notice: package.json updated\nLayer 3/14: ENV command\nDone.\n[12:50:40] DEBUG: Memory usage: 693MB\nWARNING: webpack has known vulnerabilities\nException: RuntimeError\nGET /api - 201 (96ms)\n\u2713 Step 'install' succeeded\nVerifying...\n[12:50:40] DEBUG: Memory usage: 1613MB\nAlready up to date.\npip: Installing build dependencies...\nChecking out main branch\npip: Collecting react\nSwitched to branch 'hotfix/task-232'\nStep 19/24: Linting\n\u2713 Task completed in 3322ms\n[12:50:40] DEBUG: Query executed in 11ms\nReady.\npip install: Successfully installed eslint-2.0\n\u2713 All checks passed\nFAILED: test_api_health\nBuilding Docker image...\npip: Collecting eslint\nVerifying...\nCompleted.\n  PASS: test_cache_hit (151ms)\nTransforming 365 files...\nOK\nDone.\nFetching from https://registry.npmjs.org/package.json\n[12:50:40] DEBUG: Connection pool: 1 active\nCoverage: 92% statements, 70% branches\nLayer 4/14: COPY command\nRan 118 tests in 21s\nAlready up to date.\nOK\nConnection established\nSnapshots: 48 passed, 47 total\n\u26a0 DEPRECATION: Feature will be removed in v4.0\n[12:50:40] INFO: Request completed\n  PASS: unit/test_auth_login.spec.js\nTest Suites: 41 passed, 11 total\nProcessing...\nConnection established\nArtifact uploaded: dist.zip (80MB)\nCache miss for key-2575\n\u26a0 DEPRECATION: Feature will be removed in v4.0\nPlatform: darwin-arm64\n\u26a0 DEPRECATION: Feature will be removed in v2.0\nTests: 340 passed, 338 total\nnpm install: resolved 1504 packages\npip: Collecting react\nLayer 3/8: RUN command\nnpm install: resolved 656 packages\nArtifact uploaded: build.tar.gz (1MB)\n[12:50:40] DEBUG: Query executed in 100ms\nUsing Node.js 20.7.2\nChecking out main branch\nCache hit for key-4499\n[12:50:40] INFO: Starting build process\nFAILED: test_api_health\nCompiling src/main.py...\nReady.\nStep 5/23: Testing\nArtifact downloaded: 14MB\npip: Downloading webpack-3.16.tar.gz\nUploading artifact 'dist' (45 files)\nCompiling utils/utils.go...\n[12:50:40] DEBUG: Connection pool: 6 active\nBundling main.css\nUploading artifact 'coverage' (8 files)\nMinifying app.js\nCache invalidated: dependencies\nBundling styles.js\n[12:50:40] INFO: Cache refreshed\nOK\nTests: 432 passed, 411 total\nSwitched to branch 'hotfix/task-641'\nStep 9/21: Linting\nArtifact downloaded: 5MB\n[12:50:40] WARN: Deprecated API usage\nCache miss for key-6406\nCompiling lib/utils.go...\n=== Step install_dependencies completed ===\n=== Step: unit_tests ===\nChecking out master branch\nException: TypeError\n[12:50:40] INFO: Cache refreshed\nHEAD is now at de96ac7\nTransforming 897 files...\nCompiling src/service.java...\nBuilding Docker image...\npip install: Successfully installed jest-5.7\n\u26a0 DEPRECATION: Feature will be removed in v4.0\nDone.\n[12:50:40] WARN: Deprecated API usage\nCompleted.\nCache saved successfully\nStep 13/19: Installing dependencies\n[12:50:40] WARN: Deprecated API usage\nConnection established\nConnection established\nPulling image: node:latest\nOK\nSnapshots: 13 passed, 35 total\nCompiling lib/service.java...\nBuilding Docker image...\nArtifact uploaded: dist.zip (17MB)\n[12:50:40] INFO: Processing request\nProcessing...\nCache restored successfully (179MB)\nCreating production build...\nPulling image: python:18\npip: Installing build dependencies...\nnpm notice: package.json updated\nEnvironment: test\nFetching submodules...\nLayer 5/11: ENV command\nLayer 6/11: RUN command\n  PASS: e2e/test_user_create.spec.js\nRan 12 tests in 27s\n\u2713 Step 'checkout' succeeded\nCompiling src/index.js...\nArtifact downloaded: 33MB\npip: Installing build dependencies...\n\u2713 Task completed in 3771ms\nChecking out main branch\nBuilding Docker image...\npip install: Successfully installed webpack-2.9\nLayer 7/12: RUN command\n[12:50:40] INFO: Processing request\nMinifying main.js\nTransforming 695 files...\nLayer 8/8: ENV command\n[12:50:40] INFO: Cache refreshed\nInstalling axios@1.10.3\nCache invalidated: node_modules\n  PASS: e2e/test_db_connect.spec.js\npip: Installing build dependencies...\nArtifact uploaded: build.tar.gz (30MB)\nSnapshots: 42 passed, 47 total\nStep 4/18: Building\nChecking out main branch\nPushing to registry...\nVerifying...\nSuccess!\nPulling image: alpine:latest\n\u2713 deploy completed\nHEAD is now at 122d4c1\nArtifact uploaded: build.tar.gz (32MB)\n  PASS: e2e/test_db_connect.spec.js\nWARNING: lodash has known vulnerabilities\nLoading...\nCache hit for key-6393\n\u26a0 DEPRECATION: Feature will be removed in v4.0\nPOST /data - 202 (21ms)\n[12:50:40] WARN: Deprecated API usage\nCompiling components/handler.rs...\nImage pulled successfully\n[12:50:40] DEBUG: Memory usage: 1248MB\nCreating production build...\nCache hit for key-7315\nTime: 37.845s\n[12:50:40] ERROR: Connection failed\nUploading artifact 'build' (25 files)\n[12:50:40] INFO: Starting build process\nStep 3/22: Testing\nHEAD is now at 9b82574\n  PASS: test_cache_hit (411ms)\nAlready up to date.\nCreating production build...\nLoading...\nnpm notice: package.json updated\n\u26a0 DEPRECATION: Feature will be removed in v2.0\npip install: Successfully installed react-4.19\nnpm notice: created a lockfile\nPOST /data - 201 (408ms)\nStep 9/17: Running migrations\nWARNING: react has known vulnerabilities\nInstalling prettier@1.0.2\nCache hit for key-1241\n[12:50:40] INFO: Request completed\nCache restored successfully (481MB)\n[12:50:40] DEBUG: Loading configuration\nGenerating source maps...\n[12:50:40] DEBUG: Query executed in 6ms\nStep 2/25: Building\nCreating production build...\n\u26a0 DEPRECATION: Feature will be removed in v5.0\nPlatform: darwin-arm64\n[12:50:40] DEBUG: Connection pool: 6 active\nArtifact uploaded: build.tar.gz (24MB)\n[12:50:40] DEBUG: Query executed in 40ms\nnpm install: added 118 packages\nCache miss for key-1303\nInstalling axios@4.2.0\nEnvironment: staging\nCreating production build...\n[12:50:40] INFO: Starting build process\n\u2713 deploy completed\nNODE_ENV=development\nLoading...\nTime: 32.466s\nTime: 80.304s\n[12:50:40] DEBUG: Memory usage: 1909MB\n=== Step unit_tests completed ===\n=== Step: integration_tests ===\nUsing Python 3.12\nBundling styles.js\nPushing to registry...\nCoverage: 86% statements, 96% branches\nFetching from https://registry.npmjs.org/package.json\n\u26a0 DEPRECATION: Feature will be removed in v4.0\n[12:50:40] INFO: Connecting to database\nGET /api - 201 (70ms)\nUsing Node.js 19.1.9\nSuccess!\nChecking out master branch\nReady.\nDone.\npip: Downloading react-2.18.tar.gz\nNODE_ENV=development\nAlready up to date.\n[12:50:40] INFO: Starting build process\npip: Collecting webpack\nOptimizing 18 modules...\n[12:50:40] DEBUG: Connection pool: 11 active\nnpm install: added 130 packages\nStep 5/21: Running migrations\nGET /status - 204 (22ms)\nCoverage: 73% statements, 60% branches\n\u2713 package completed\nLoading...\nImage pulled successfully\nFinished.\nnpm install: added 336 packages\nUploading artifact 'coverage' (17 files)\n[12:50:40] WARN: Deprecated API usage\nTests: 466 passed, 395 total\n[12:50:40] WARN: Deprecated API usage\nArtifact downloaded: 8MB\nCache invalidated: build\nImage pulled successfully\nUsing Python 3.12\nImage pulled successfully\npip: Collecting prettier\nException: TypeError\nPushing to registry...\npip: Installing build dependencies...\nWARNING: eslint has known vulnerabilities\nTest Suites: 20 passed, 25 total\npip: Installing build dependencies...\nArtifact downloaded: 17MB\nFetching submodules...\nReady.\nConnection established\nStep 15/20: Running migrations\nGenerating source maps...\nCompleted.\n\u2717 build failed with exit code 43\n[12:50:40] ERROR: Connection failed\nyarn add: Done in 23.36s\nCoverage: 96% statements, 80% branches\n[12:50:40] WARN: Deprecated API usage\nStep 8/23: Linting\nStep 3/17: Linting\nSnapshots: 1 passed, 16 total\nnpm install: added 105 packages\nStep 3/20: Running migrations\n\u2717 build failed with exit code 108\nPushing to registry...\nPulling image: python:3.11\n[12:50:40] DEBUG: Memory usage: 108MB\nTLS handshake completed\nWaiting...\n[12:50:40] INFO: Processing request\n\u2713 Step 'setup' succeeded\nTest Suites: 29 passed, 39 total\nSwitched to branch 'hotfix/task-288'\nTransforming 314 files...\nPushing to registry...\nConnection established\nArtifact uploaded: dist.zip (79MB)\n[12:50:40] DEBUG: Query executed in 24ms\n[12:50:40] ERROR: Connection failed\n[12:50:40] INFO: Processing request\n[12:50:40] WARN: Deprecated API usage\nnpm notice: package.json updated\nTLS handshake completed\nStep 17/25: Deploying\n[12:50:40] DEBUG: Query executed in 3ms\nnpm notice: package.json updated\nSuccess!\nBuilding Docker image...\nVerifying...\nUsing Python 3.12\npip: Downloading webpack-2.12.tar.gz\nCache saved successfully\nProcessing...\nnpm install: added 126 packages\n[12:50:40] DEBUG: Memory usage: 1751MB\npip: Installing build dependencies...\nnpm install: added 461 packages\n  PASS: test_db_connect (229ms)\nConnection established\nCache saved successfully\nPlatform: linux-x64\nCache miss for key-1794\nNODE_ENV=development\nWaiting...\nLoading...\nAlready up to date.\nTime: 65.7s\nUsing Python 3.9\nStep 2/23: Installing dependencies\nStep 12/23: Deploying\nyarn add: Done in 13.92s\n\u2717 build failed with exit code 32\nTLS handshake completed\n\u2713 All checks passed\nnpm install: resolved 1446 packages\n[12:50:40] WARN: Deprecated API usage\nNODE_ENV=production\n[12:50:40] INFO: Request completed\nyarn add: Done in 29.95s\nCache restored successfully (36MB)\nUsing Node.js 19.3.7\n=== Step integration_tests completed ===\n=== Step: lint ===\nCache hit for key-6271\nTests: 232 passed, 111 total\n[12:50:40] ERROR: Connection failed\nRan 46 tests in 3s\nLoading...\nyarn add: Done in 28.11s\nTransforming 524 files...\n[12:50:40] DEBUG: Loading configuration\nPlatform: win32-x64\nStep 7/15: Testing\nSnapshots: 0 passed, 12 total\nnpm notice: package.json updated\nWaiting...\nArtifact downloaded: 24MB\npip: Installing build dependencies...\nnpm notice: created a lockfile\nCompiling components/main.py...\n\u26a0 DEPRECATION: Feature will be removed in v5.0\nException: ValueError\nSwitched to branch 'hotfix/task-323'\n\u26a0 DEPRECATION: Feature will be removed in v4.0\nArtifact uploaded: dist.zip (94MB)\nPlatform: linux-x64\nTests: 413 passed, 54 total\nStep 19/24: Running migrations\nTime: 71.680s\nTest Suites: 11 passed, 46 total\n[12:50:40] DEBUG: Connection pool: 3 active\n\u2713 Step 'install' succeeded\nFetching submodules...\nSwitched to branch 'bugfix/task-731'\n  PASS: test_db_connect (188ms)\nMinifying vendor.js\n[12:50:40] INFO: Request completed\nInstalling eslint@5.11.6\n  PASS: test_db_connect (262ms)\nOptimizing 19 modules...\nnpm install: added 402 packages\n\u2713 package completed\n\u26a0 DEPRECATION: Feature will be removed in v4.0\nGET /health - 200 (60ms)\n  PASS: e2e/test_user_create.spec.js\nConnection established\nUsing Python 3.9\nBuilding Docker image...\npip: Downloading webpack-4.18.tar.gz\nWaiting...\nCache invalidated: build\nyarn add: Done in 8.86s\nFAILED: test_db_connect\nAlready up to date.\nCompleted.\n\u2713 Task completed in 3201ms\nnpm notice: package.json updated\nWARNING: react has known vulnerabilities\nConnection established\nStep 11/15: Installing dependencies\nTest Suites: 10 passed, 40 total\nWARNING: jest has known vulnerabilities\nCompiling utils/service.java...\n  PASS: test_auth_login (465ms)\nOptimizing 11 modules...\nCompleted.\nVerifying...\nTest Suites: 25 passed, 11 total\n[12:50:40] DEBUG: Memory usage: 1677MB\nCache restored successfully (306MB)\nyarn add: Done in 19.35s\nCoverage: 72% statements, 69% branches\nCache restored successfully (213MB)\nCompiling lib/index.js...\n[12:50:40] INFO: Processing request\nOptimizing 71 modules...\nSuccess!\n[12:50:40] DEBUG: Initializing service\nEnvironment: test\nLoading...\nFetching from https://npmjs.org/package.json\nTime: 3.565s\nArtifact downloaded: 27MB\nOK\n\u26a0 DEPRECATION: Feature will be removed in v4.0\nArtifact uploaded: dist.zip (16MB)\nCache invalidated: node_modules\n[12:50:40] WARN: Deprecated API usage\nWARNING: prettier has known vulnerabilities\nyarn add: Done in 30.51s\nStep 5/24: Deploying\nStep 2/24: Building\nFetching submodules...\nStep 8/15: Linting\nTime: 40.239s\nTest Suites: 11 passed, 36 total\nStep 10/16: Installing dependencies\nStep 2/15: Testing\nPulling image: alpine:18\nPulling image: alpine:3.11\n[12:50:40] WARN: Deprecated API usage\nCache miss for key-1108\n\u2713 lint completed\npip install: Successfully installed eslint-5.16\nArtifact uploaded: dist.zip (45MB)\nImage pulled successfully\nInstalling prettier@5.19.9\nTransforming 281 files...\n[12:50:40] INFO: Request completed\nWARNING: axios has known vulnerabilities\nCache miss for key-7339\nTests: 117 passed, 195 total\n[12:50:40] WARN: Deprecated API usage\nArtifact uploaded: dist.zip (71MB)\nGET /status - 201 (62ms)\n[12:50:40] INFO: Cache refreshed\nStep 2/20: Building\n\u2713 All checks passed\nnpm notice: created a lockfile\n\u2713 Step 'install' succeeded\nCache miss for key-3919\n[12:50:40] WARN: Deprecated API usage\n[12:50:40] DEBUG: Query executed in 73ms\n=== Step lint completed ===\n=== Step: build ===\nPlatform: linux-x64\n[12:50:40] DEBUG: Query executed in 37ms\nSnapshots: 16 passed, 20 total\nInstalling webpack@2.20.3\nCache restored successfully (132MB)\nLoading...\n[12:50:40] DEBUG: Query executed in 31ms\nTest Suites: 11 passed, 48 total\nStep 2/18: Building\n\u2713 All checks passed\nArtifact uploaded: build.tar.gz (16MB)\nRan 47 tests in 48s\nCache hit for key-2537\n\u2713 Task completed in 1092ms\nCompiling utils/service.java...\nFAILED: test_auth_login\nTests: 332 passed, 396 total\nArtifact downloaded: 5MB\n\u2713 All checks passed\nStep 3/24: Linting\n[12:50:40] INFO: Starting build process\nArtifact downloaded: 32MB\nArtifact uploaded: dist.zip (5MB)\nCache miss for key-8297\nGET /api - 204 (47ms)\n[12:50:40] WARN: Deprecated API usage\nUsing Node.js 20.10.4\npip install: Successfully installed webpack-4.12\nCache miss for key-3275\nPOST /data - 200 (86ms)\nVerifying...\nImage pulled successfully\nCache saved successfully\n\u2713 All checks passed\n\u26a0 DEPRECATION: Feature will be removed in v2.0\nStep 7/16: Running migrations\n[12:50:40] INFO: Request completed\nSuccess!\nProcessing...\nFetching submodules...\nStep 18/20: Testing\nnpm install: added 174 packages\nnpm install: added 331 packages\nUsing Python 3.10\n\u2713 All checks passed\nProcessing...\n  PASS: e2e/test_api_health.spec.js\nRan 144 tests in 27s\n[12:50:40] INFO: Starting build process\nArtifact downloaded: 21MB\n[12:50:40] DEBUG: Initializing service\nTransforming 134 files...\n[12:50:40] DEBUG: Connection pool: 8 active\nWaiting...\nFetching submodules...\nFinished.\nArtifact uploaded: dist.zip (12MB)\nCompiling components/index.js...\nCompiling utils/index.js...\nProcessing...\nTime: 103.806s\nnpm install: resolved 945 packages\nUsing Node.js 14.1.3\nnpm install: added 299 packages\nRan 55 tests in 2s\n[12:50:40] DEBUG: Initializing service\nnpm notice: created a lockfile\nSuccess!\nnpm install: added 408 packages\nArtifact uploaded: build.tar.gz (2MB)\nnpm install: added 215 packages\nCache hit for key-7908\nPlatform: darwin-arm64\nCompiling components/index.js...\nTransforming 762 files...\nNODE_ENV=production\nStep 12/23: Testing\nReady.\nFetching from https://docker.io/package.json\nInstalling webpack@3.5.2\nSwitched to branch 'bugfix/task-925'\nException: ValueError\nHEAD is now at d39e647\n[12:50:40] DEBUG: Query executed in 18ms\nTLS handshake completed\nWARNING: eslint has known vulnerabilities\nImage pulled successfully\nProcessing...\nFetching from https://amazonaws.com/package.json\npip: Installing build dependencies...\nChecking out main branch\n[12:50:40] WARN: Deprecated API usage\nTransforming 216 files...\nWaiting...\n[12:50:40] INFO: Request completed\n\u2713 All checks passed\nTLS handshake completed\nMinifying main.js\nNODE_ENV=test\nArtifact downloaded: 34MB\nConnection established\nSnapshots: 19 passed, 6 total\nArtifact downloaded: 8MB\n\u2717 build failed with exit code 88\nImage pulled successfully\nNODE_ENV=development\nSwitched to branch 'bugfix/task-523'\nGET /api - 201 (16ms)\nnpm install: added 42 packages\nCreating production build...\nCache saved successfully\nArtifact uploaded: build.tar.gz (31MB)\nPulling image: python:18\n\u2717 build failed with exit code 5\nFetching from https://registry.npmjs.org/package.json\nRan 197 tests in 22s\n[12:50:40] WARN: Deprecated API usage\nStep 19/17: Linting\nCache invalidated: build\nCoverage: 100% statements, 98% branches\n=== Step build completed ===\n=== Step: deploy_staging ===\n\u26a0 DEPRECATION: Feature will be removed in v2.0\n[12:50:40] WARN: Deprecated API usage\n[12:50:40] DEBUG: Memory usage: 871MB\nWARNING: axios has known vulnerabilities\n[12:50:40] WARN: Deprecated API usage\nnpm install: resolved 1065 packages\nBundling styles.css\npip: Installing build dependencies...\nCache saved successfully\nnpm notice: created a lockfile\nFetching from https://registry.npmjs.org/package.json\nFinished.\n[12:50:40] DEBUG: Initializing service\nnpm install: resolved 1412 packages\nSuccess!\nPOST /api - 201 (126ms)\nyarn add: Done in 3.73s\nVerifying...\n[12:50:40] INFO: Cache refreshed\nSwitched to branch 'feature/task-344'\nPlatform: darwin-arm64\n\u26a0 DEPRECATION: Feature will be removed in v5.0\n[12:50:40] INFO: Starting build process\n\u2713 lint completed\n  PASS: test_db_connect (432ms)\nOK\n[12:50:40] INFO: Request completed\npip: Collecting axios\n[12:50:40] WARN: Deprecated API usage\npip: Installing build dependencies...\n\u26a0 DEPRECATION: Feature will be removed in v4.0\n[12:50:40] INFO: Cache refreshed\nNODE_ENV=development\nChecking out master branch\npip: Downloading express-1.0.tar.gz\nnpm notice: package.json updated\nLoading...\n[12:50:40] ERROR: Connection failed\nnpm install: added 420 packages\nProcessing...\nConnection established\nPushing to registry...\nArtifact uploaded: build.tar.gz (3MB)\n[12:50:40] DEBUG: Connection pool: 12 active\nCreating production build...\nCreating production build...\n\u2713 validate completed\nBuilding Docker image...\nStep 19/15: Installing dependencies\nCoverage: 87% statements, 63% branches\nyarn add: Done in 6.14s\nCompiling utils/handler.rs...\nCache miss for key-1536\nOptimizing 43 modules...\nStep 2/24: Building\n[12:50:40] WARN: Deprecated API usage\npip: Installing build dependencies...\npip: Downloading lodash-5.4.tar.gz\n[12:50:40] DEBUG: Connection pool: 18 active\nnpm notice: created a lockfile\nImage pulled successfully\nHEAD is now at ee95fa0\nCompiling src/index.js...\nTLS handshake completed\n\u2713 All checks passed\nLayer 3/12: COPY command\nCache restored successfully (180MB)\nTime: 51.401s\nGET /api - 200 (10ms)\nChecking out main branch\n\u2713 Task completed in 1355ms\nBundling runtime.js\nStep 2/15: Running migrations\nGenerating source maps...\n\u2713 All checks passed\nProcessing...\nTransforming 266 files...\n\u2713 Task completed in 3364ms\nStep 4/15: Deploying\nLoading...\nArtifact downloaded: 16MB\nArtifact uploaded: build.tar.gz (48MB)\nStep 19/18: Deploying\nReady.\n\u2713 Step 'checkout' succeeded\nFetching submodules...\n\u26a0 DEPRECATION: Feature will be removed in v5.0\nArtifact uploaded: build.tar.gz (27MB)\nCompiling src/handler.rs...\nnpm notice: package.json updated\nyarn add: Done in 8.76s\n[12:50:40] DEBUG: Query executed in 60ms\nDone.\nWARNING: lodash has known vulnerabilities\nCompiling utils/service.java...\n\u2713 All checks passed\nMinifying app.js\n[12:50:40] INFO: Cache refreshed\nCompiling src/app.ts...\n\u2717 build failed with exit code 37\nyarn add: Done in 29.88s\n\u2713 Step 'test' succeeded\n[12:50:40] DEBUG: Connection pool: 13 active\n[12:50:40] DEBUG: Memory usage: 1511MB\nStep 16/21: Installing dependencies\nyarn add: Done in 20.76s\nArtifact uploaded: build.tar.gz (26MB)\nRan 19 tests in 19s\n  PASS: test_cache_hit (154ms)\nSnapshots: 22 passed, 23 total\n[12:50:40] DEBUG: Initializing service\nFAILED: test_db_connect\nBuilding Docker image...\n[12:50:40] INFO: Connecting to database\n[12:50:40] DEBUG: Loading configuration\nPushing to registry...\nChecking out main branch\nCoverage: 84% statements, 67% branches\nDone.\nnpm notice: created a lockfile\n=== Step deploy_staging completed ===\n=== Step: type_check ===\nCache restored successfully (164MB)\nArtifact downloaded: 27MB\n\u2717 build failed with exit code 33\nyarn add: Done in 28.8s\nWARNING: jest has known vulnerabilities\nHEAD is now at 3e20f62\n\u2713 Task completed in 2969ms\nSuccess!\nnpm install: added 450 packages\nWaiting...\nGenerating source maps...\nCompiling utils/handler.rs...\nGET /status - 200 (74ms)\nNODE_ENV=test\n  PASS: unit/test_db_connect.spec.js\nHEAD is now at f312281\npip: Installing build dependencies...\nUsing Python 3.9\nnpm notice: package.json updated\nFinished.\nOK\n\u2713 deploy completed\nOK\nyarn add: Done in 13.64s\npip: Collecting webpack\npip: Collecting express\nNODE_ENV=development\n[12:50:40] INFO: Request completed\nHEAD is now at f1e23d1\nCompiling src/handler.rs...\nnpm notice: package.json updated\nStep 9/16: Linting\nTime: 113.139s\nyarn add: Done in 8.15s\nLayer 7/9: COPY command\nCreating production build...\nStep 20/22: Linting\nTLS handshake completed\nCompiling src/main.py...\n[12:50:40] INFO: Processing request\npip install: Successfully installed eslint-3.11\nnpm install: resolved 305 packages\n\u26a0 DEPRECATION: Feature will be removed in v3.0\nArtifact uploaded: build.tar.gz (31MB)\nLayer 7/13: COPY command\nFetching submodules...\n[12:50:40] WARN: Deprecated API usage\nCache invalidated: build\n[12:50:40] INFO: Request completed\nStep 14/15: Running migrations\npip: Installing build dependencies...\nMinifying app.js\nStep 4/17: Linting\nFAILED: test_user_create\nTransforming 669 files...\nyarn add: Done in 25.96s\nCompleted.\nCompiling lib/service.java...\nTime: 37.264s\nAlready up to date.\nCoverage: 97% statements, 89% branches\nUsing Node.js 16.16.2\npip: Collecting express\nCache miss for key-1928\nPushing to registry...\nPushing to registry...\n[12:50:40] INFO: Starting build process\nException: RuntimeError\nHEAD is now at 83d8c0c\nFAILED: test_db_connect\n[12:50:40] DEBUG: Connection pool: 11 active\nProcessing...\nUploading artifact 'dist' (23 files)\nCache hit for key-7111\nFetching submodules...\nStep 6/23: Installing dependencies\n[12:50:40] DEBUG: Loading configuration\nLoading...\n[12:50:40] WARN: Deprecated API usage\nFetching from https://npmjs.org/package.json\nCompiling lib/app.ts...\nImage pulled successfully\nFinished.\npip: Downloading react-4.20.tar.gz\nCompiling components/utils.go...\n\u2713 Task completed in 2881ms\n\u26a0 DEPRECATION: Feature will be removed in v2.0\n[12:50:40] WARN: Deprecated API usage\nFetching from https://googleapis.com/package.json\nnpm notice: created a lockfile\nCreating production build...\n[12:50:40] WARN: Deprecated API usage\nPOST /data - 201 (353ms)\nVerifying...\n[12:50:40] WARN: Deprecated API usage\nProcessing...\nSnapshots: 4 passed, 38 total\nStep 9/22: Installing dependencies\nMinifying vendor.js\nFAILED: test_auth_login\nSwitched to branch 'feature/task-274'\nTLS handshake completed\nSwitched to branch 'hotfix/task-332'\n[12:50:40] DEBUG: Memory usage: 1652MB\n[12:50:40] DEBUG: Loading configuration\n[12:50:40] DEBUG: Connection pool: 6 active\n[12:50:40] INFO: Cache refreshed\n\u26a0 DEPRECATION: Feature will be removed in v4.0\nAlready up to date.\n\u2713 build completed\nTests: 74 passed, 460 total\nCache invalidated: dependencies\nInstalling prettier@3.18.9\nnpm install: added 424 packages\nFetching submodules...\n[12:50:40] WARN: Deprecated API usage\nCache invalidated: node_modules\nStep 12/24: Deploying\nCache hit for key-9686\npip: Collecting jest\n=== Step type_check completed ===\n=== Step: e2e_tests ===\nCache hit for key-5906\n[12:50:40] INFO: Request completed\nOK\n[12:50:40] DEBUG: Loading configuration\nCompiling src/main.py...\nTest Suites: 27 passed, 48 total\nCache restored successfully (113MB)\n[12:50:40] DEBUG: Connection pool: 8 active\nTests: 400 passed, 429 total\nTests: 195 passed, 222 total\nCache hit for key-6804\n[12:50:40] INFO: Starting build process\nFetching submodules...\nSnapshots: 6 passed, 32 total\npip: Installing build dependencies...\nTransforming 329 files...\npip: Downloading express-5.5.tar.gz\nyarn add: Done in 22.1s\nWARNING: prettier has known vulnerabilities\nInstalling jest@4.12.1\nTransforming 275 files...\n[12:50:40] INFO: Starting build process\n[12:50:40] INFO: Starting build process\nStep 19/25: Installing dependencies\nCompiling utils/handler.rs...\nTransforming 1000 files...\nStep 2/19: Deploying\nMinifying main.js\nCoverage: 97% statements, 75% branches\nReady.\nStep 14/18: Building\n[12:50:40] INFO: Starting build process\n[12:50:40] WARN: Deprecated API usage\nGenerating source maps...\n\u26a0 DEPRECATION: Feature will be removed in v3.0\nUsing Python 3.12\nReady.\nUsing Python 3.12\n[12:50:40] DEBUG: Connection pool: 12 active\nnpm notice: created a lockfile\nCreating production build...\nTime: 54.295s\nHEAD is now at f80c8b5\nCoverage: 85% statements, 64% branches\nGenerating source maps...\nStep 18/16: Linting\nLayer 5/8: ENV command\n[12:50:40] DEBUG: Query executed in 65ms\nStep 3/20: Testing\nCreating production build...\nFetching from https://pypi.org/package.json\nCompiling components/service.java...\nPulling image: alpine:3.11\nPulling image: node:latest\npip install: Successfully installed express-2.15\nUsing Python 3.11\n\u2713 test completed\nFetching from https://registry.npmjs.org/package.json\nnpm notice: created a lockfile\nStep 8/24: Testing\n\u2717 build failed with exit code 2\nCache miss for key-4969\nGET /status - 204 (32ms)\nFAILED: test_db_connect\nCompiling src/handler.rs...\nException: RuntimeError\nCompiling components/app.ts...\nnpm notice: created a lockfile\n\u2713 All checks passed\nUploading artifact 'build' (35 files)\npip: Installing build dependencies...\n[12:50:40] INFO: Cache refreshed\n[12:50:40] INFO: Cache refreshed\nCompiling utils/index.js...\n[12:50:40] WARN: Deprecated API usage\n  PASS: test_cache_hit (387ms)\n\u26a0 DEPRECATION: Feature will be removed in v4.0\n[12:50:40] INFO: Processing request\nUsing Node.js 20.12.0\n[12:50:40] INFO: Cache refreshed\n\u2713 validate completed\nPOST /data - 200 (342ms)\n[12:50:40] INFO: Request completed\nArtifact uploaded: dist.zip (56MB)\n[12:50:40] WARN: Deprecated API usage\nAlready up to date.\nStep 9/20: Linting\nCache hit for key-4888\npip: Collecting jest\n\u2713 All checks passed\n[12:50:40] INFO: Connecting to database\nVerifying...\n\u2717 build failed with exit code 92\nUploading artifact 'dist' (39 files)\nCompiling lib/app.ts...\nBuilding Docker image...\nCompiling utils/index.js...\nVerifying...\nMinifying main.js\nTransforming 297 files...\nCompiling src/main.py...\nUsing Node.js 17.11.6\nTime: 93.848s\nnpm notice: created a lockfile\n[12:50:40] DEBUG: Connection pool: 20 active\npip install: Successfully installed react-5.11\nStep 18/17: Testing\nFetching submodules...\nTransforming 578 files...\nImage pulled successfully\nStep 10/24: Installing dependencies\nProcessing...\nPulling image: python:18\npip: Downloading eslint-3.16.tar.gz\nGET /health - 200 (30ms)\n[12:50:40] INFO: Cache refreshed\nVerifying...\nGET /status - 201 (98ms)\n[12:50:40] DEBUG: Loading configuration\nFinished.\n=== Step e2e_tests completed ===\n=== Step: checkout ===\nGET /health - 201 (11ms)\nPushing to registry...\nAlready up to date.\nWaiting...\nPushing to registry...\nTLS handshake completed\nLoading...\nUsing Node.js 20.10.9\n[12:50:40] INFO: Cache refreshed\nBundling vendor.css\nTransforming 917 files...\nLoading...\nOptimizing 39 modules...\nPlatform: darwin-arm64\nStep 1/17: Running migrations\n[12:50:40] WARN: Deprecated API usage\nCache invalidated: node_modules\nnpm notice: created a lockfile\nConnection established\nPushing to registry...\nFetching submodules...\nTests: 225 passed, 294 total\n  PASS: integration/test_auth_login.spec.js\n[12:50:40] DEBUG: Loading configuration\nDone.\nStep 4/22: Testing\nCompiling components/app.ts...\nCompiling utils/utils.go...\nPulling image: python:latest\nCompiling lib/handler.rs...\nReady.\n[12:50:40] DEBUG: Loading configuration\nTime: 11.403s\nLayer 4/10: ENV command\nChecking out develop branch\n[12:50:40] DEBUG: Connection pool: 3 active\nStep 3/17: Running migrations\n[12:50:40] DEBUG: Connection pool: 11 active\npip: Downloading axios-3.20.tar.gz\nyarn add: Done in 18.62s\nConnection established\nConnection established\nWARNING: jest has known vulnerabilities\nLayer 4/14: COPY command\npip: Collecting lodash\nHEAD is now at ae37140\n\u2713 Step 'test' succeeded\nnpm install: added 130 packages\nWaiting...\nProcessing...\nnpm notice: created a lockfile\nOptimizing 55 modules...\nCompiling utils/index.js...\nLayer 2/12: COPY command\n[12:50:40] WARN: Deprecated API usage\n\u2713 All checks passed\nWARNING: webpack has known vulnerabilities\nStep 19/17: Testing\nCache miss for key-4054\nWARNING: axios has known vulnerabilities\n[12:50:40] INFO: Cache refreshed\n[12:50:40] INFO: Cache refreshed\nDone.\npip: Downloading express-5.5.tar.gz\nTests: 327 passed, 426 total\n\u2713 Step 'install' succeeded\nFinished.\nCompiling src/utils.go...\nCache saved successfully\nLoading...\nUploading artifact 'dist' (2 files)\nStep 1/18: Linting\nCache saved successfully\nCompiling src/service.java...\nUsing Node.js 20.8.8\nFetching submodules...\n  PASS: test_db_connect (258ms)\nWaiting...\nUploading artifact 'dist' (18 files)\nPlatform: darwin-arm64\n\u26a0 DEPRECATION: Feature will be removed in v5.0\n\u26a0 DEPRECATION: Feature will be removed in v4.0\nVerifying...\nCompleted.\n\u2713 Step 'checkout' succeeded\nGenerating source maps...\nDone.\nOK\n[12:50:40] INFO: Connecting to database\n[12:50:40] WARN: Deprecated API usage\nProcessing...\nSuccess!\nGET /health - 200 (33ms)\nUsing Node.js 20.11.7\nAlready up to date.\nAlready up to date.\n[12:50:40] DEBUG: Connection pool: 16 active\n[12:50:40] INFO: Processing request\nLayer 8/9: COPY command\n[12:50:40] DEBUG: Initializing service\nException: ValueError\nConnection established\nVerifying...\nyarn add: Done in 14.88s\nConnection established\n\u26a0 DEPRECATION: Feature will be removed in v3.0\nFinished.\nWARNING: axios has known vulnerabilities\nVerifying...\nFetching from https://amazonaws.com/package.json\n[12:50:40] INFO: Processing request\n\u2713 Step 'test' succeeded\nnpm install: added 288 packages\nnpm notice: package.json updated\nTransforming 209 files...\nnpm install: resolved 146 packages\nGET /status - 204 (34ms)\nnpm install: added 120 packages\n[12:50:40] INFO: Request completed\nPulling image: python:latest\n=== Step checkout completed ===\n=== Step: setup_node ===\nNODE_ENV=test\n\u2713 Step 'checkout' succeeded\n[12:50:40] WARN: Deprecated API usage\nNODE_ENV=production\npip: Installing build dependencies...\nCompleted.\nCache miss for key-7329\nDone.\nConnection established\nMinifying main.js\n[12:50:40] ERROR: Connection failed\nStep 6/22: Installing dependencies\nWaiting...\nEnvironment: test\nTransforming 118 files...\nLayer 6/9: ENV command\nReady.\n\u2713 Task completed in 968ms\npip install: Successfully installed express-5.0\nnpm notice: created a lockfile\nWaiting...\nStep 14/21: Running migrations\nReady.\n\u2713 Task completed in 2612ms\nCoverage: 77% statements, 80% branches\nTime: 92.955s\n\u2717 build failed with exit code 89\nVerifying...\nnpm install: resolved 237 packages\nCompiling src/utils.go...\n  PASS: e2e/test_db_connect.spec.js\nCompiling lib/service.java...\nCompiling components/index.js...\n[12:50:40] DEBUG: Loading configuration\nNODE_ENV=development\nException: RuntimeError\npip: Collecting axios\nnpm install: resolved 1025 packages\nCache saved successfully\nMinifying app.js\nCache restored successfully (96MB)\nVerifying...\n[12:50:40] DEBUG: Initializing service\nArtifact downloaded: 18MB\nFinished.\nConnection established\npip: Downloading prettier-1.5.tar.gz\n[12:50:40] INFO: Starting build process\nBuilding Docker image...\nStep 7/20: Linting\nnpm install: resolved 503 packages\nProcessing...\nChecking out develop branch\nTest Suites: 35 passed, 13 total\npip install: Successfully installed webpack-5.8\nNODE_ENV=test\npip: Installing build dependencies...\nProcessing...\nEnvironment: staging\nGET /status - 204 (27ms)\n[12:50:40] INFO: Request completed\nArtifact downloaded: 30MB\n  PASS: test_auth_login (260ms)\nNODE_ENV=production\nArtifact uploaded: build.tar.gz (28MB)\n\u2713 Step 'build' succeeded\n[12:50:40] INFO: Starting build process\n[12:50:40] DEBUG: Connection pool: 6 active\n[12:50:40] ERROR: Connection failed\n[12:50:40] DEBUG: Loading configuration\nStep 7/15: Building\nnpm install: added 218 packages\n[12:50:40] DEBUG: Query executed in 46ms\nnpm install: added 77 packages\nOK\nCache saved successfully\nCompiling src/app.ts...\nImage pulled successfully\nArtifact downloaded: 6MB\nCompiling components/utils.go...\nStep 16/24: Deploying\nCreating production build...\nCache restored successfully (367MB)\n[12:50:40] DEBUG: Query executed in 31ms\nReady.\nArtifact uploaded: build.tar.gz (48MB)\nCache miss for key-8777\nStep 2/24: Running migrations\n[12:50:40] INFO: Processing request\nCache restored successfully (80MB)\n[12:50:40] DEBUG: Query executed in 82ms\nStep 19/15: Running migrations\n\u2713 Step 'setup' succeeded\npip: Installing build dependencies...\npip install: Successfully installed react-4.13\nPulling image: alpine:3.11\nCompiling utils/utils.go...\nRan 36 tests in 39s\nCompiling components/app.ts...\nTests: 106 passed, 457 total\n[12:50:40] DEBUG: Connection pool: 15 active\nnpm install: resolved 1484 packages\n[12:50:40] DEBUG: Loading configuration\nBundling vendor.js\nPOST /api - 201 (426ms)\nProcessing...\n[12:50:40] INFO: Connecting to database\nCache miss for key-8175\n[12:50:40] INFO: Processing request\npip: Collecting webpack\nVerifying...\n[12:50:40] INFO: Cache refreshed\nSuccess!\nLayer 2/10: COPY command\n\u26a0 DEPRECATION: Feature will be removed in v2.0\nCompiling src/main.py...\nVerifying...\nStep 14/25: Running migrations\nGET /health - 204 (36ms)\n\u2713 build completed\n=== Step setup_node completed ===\n=== Step: setup_environment ===\nCompiling lib/utils.go...\nGenerating source maps...\n[12:50:40] DEBUG: Query executed in 76ms\n  PASS: test_api_health (229ms)\nCache restored successfully (472MB)\nPlatform: darwin-arm64\nGET /status - 201 (18ms)\nArtifact downloaded: 19MB\n[12:50:40] DEBUG: Connection pool: 17 active\n[12:50:40] INFO: Connecting to database\n  PASS: test_cache_hit (359ms)\nSwitched to branch 'feature/task-348'\nCache invalidated: build\n[12:50:40] DEBUG: Connection pool: 2 active\n[12:50:40] DEBUG: Initializing service\nEnvironment: production\nLayer 9/14: ENV command\nConnection established\nCoverage: 83% statements, 95% branches\nGET /health - 200 (56ms)\nWARNING: axios has known vulnerabilities\nCompiling lib/main.py...\n\u2713 Step 'checkout' succeeded\nTLS handshake completed\nStep 10/18: Deploying\nException: NullPointerException\nInstalling axios@4.3.6\nBuilding Docker image...\nSwitched to branch 'feature/task-596'\npip: Installing build dependencies...\n[12:50:40] DEBUG: Connection pool: 1 active\nFAILED: test_user_create\nTime: 94.181s\nProcessing...\nStep 7/25: Linting\n[12:50:40] ERROR: Connection failed\nFetching submodules...\nAlready up to date.\nCompleted.\nMinifying app.js\nSuccess!\nCache restored successfully (24MB)\nLoading...\nCompleted.\nCompiling components/utils.go...\n[12:50:40] ERROR: Connection failed\nCache restored successfully (134MB)\nPushing to registry...\nFinished.\n[12:50:40] DEBUG: Initializing service\nUsing Python 3.11\n[12:50:40] DEBUG: Loading configuration\nOK\nNODE_ENV=development\n\u2713 Step 'install' succeeded\nFetching submodules...\nnpm install: resolved 1566 packages\nTest Suites: 22 passed, 32 total\nCompleted.\nPlatform: linux-x64\nTest Suites: 31 passed, 6 total\n[12:50:40] DEBUG: Memory usage: 131MB\n[12:50:40] INFO: Processing request\nCompiling lib/app.ts...\nPulling image: alpine:latest\nImage pulled successfully\n\u26a0 DEPRECATION: Feature will be removed in v4.0\nTests: 212 passed, 411 total\nChecking out main branch\nAlready up to date.\nProcessing...\n[12:50:40] INFO: Processing request\nLoading...\nTests: 131 passed, 115 total\n\u2713 All checks passed\n[12:50:40] DEBUG: Memory usage: 1899MB\n[12:50:40] DEBUG: Query executed in 33ms\nCompiling components/app.ts...\nVerifying...\nStep 13/23: Linting\nStep 19/16: Testing\nImage pulled successfully\nSwitched to branch 'hotfix/task-258'\nPlatform: linux-x64\npip: Downloading jest-5.12.tar.gz\nCache restored successfully (81MB)\n[12:50:40] INFO: Cache refreshed\nProcessing...\npip install: Successfully installed express-3.14\n\u2713 Step 'test' succeeded\nVerifying...\n[12:50:40] INFO: Request completed\n[12:50:40] DEBUG: Connection pool: 14 active\n\u2713 All checks passed\nStep 9/18: Running migrations\nnpm install: resolved 1717 packages\nSnapshots: 2 passed, 11 total\nFinished.\n\u2717 build failed with exit code 68\n[12:50:40] INFO: Connecting to database\nImage pulled successfully\n[12:50:40] INFO: Request completed\nGET /health - 200 (24ms)\n[12:50:40] INFO: Starting build process\n  PASS: unit/test_user_create.spec.js\nCompiling lib/app.ts...\nTest Suites: 5 passed, 5 total\nVerifying...\nOptimizing 38 modules...\nReady.\nTests: 177 passed, 237 total\n\u2713 All checks passed\nyarn add: Done in 20.45s\nCoverage: 81% statements, 87% branches\nInstalling jest@5.19.10\nTime: 6.602s\nWARNING: prettier has known vulnerabilities\n[12:50:40] INFO: Request completed\nArtifact uploaded: build.tar.gz (5MB)\n  PASS: test_db_connect (342ms)\n=== Step setup_environment completed ===",
    "steps": [
      {
        "name": "save_cache",
        "status": "success",
        "started_at": "2025-12-03T12:50:40.755718",
        "finished_at": "2025-12-03T12:50:47.317702",
        "log_lines": [
          "=== Step: save_cache ===",
          "Cache invalidated: node_modules",
          "Done.",
          "Layer 9/12: COPY command",
          "pip: Downloading axios-2.12.tar.gz",
          "Layer 1/15: COPY command",
          "[12:50:40] DEBUG: Initializing service",
          "Platform: darwin-arm64",
          "Step 10/23: Installing dependencies",
          "Compiling src/handler.rs...",
          "[12:50:40] DEBUG: Query executed in 62ms",
          "[12:50:40] INFO: Processing request",
          "npm install: added 452 packages",
          "NODE_ENV=production",
          "\u26a0 DEPRECATION: Feature will be removed in v3.0",
          "Optimizing 19 modules...",
          "Compiling lib/app.ts...",
          "Loading...",
          "\u2717 build failed with exit code 60",
          "OK",
          "pip install: Successfully installed axios-1.2",
          "WARNING: axios has known vulnerabilities",
          "Using Node.js 17.4.6",
          "Loading...",
          "Snapshots: 23 passed, 4 total",
          "Minifying main.js",
          "Compiling utils/app.ts...",
          "Step 10/20: Testing",
          "Fetching submodules...",
          "Done.",
          "[12:50:40] INFO: Connecting to database",
          "Cache miss for key-7209",
          "  PASS: e2e/test_auth_login.spec.js",
          "Layer 4/9: RUN command",
          "Transforming 693 files...",
          "Cache restored successfully (111MB)",
          "Completed.",
          "Step 17/25: Installing dependencies",
          "Environment: test",
          "Pulling image: alpine:18",
          "Using Python 3.11",
          "Time: 18.316s",
          "Fetching from https://googleapis.com/package.json",
          "Platform: linux-x64",
          "Minifying vendor.js",
          "[12:50:40] WARN: Deprecated API usage",
          "Using Node.js 16.11.7",
          "Layer 9/14: ENV command",
          "\u26a0 DEPRECATION: Feature will be removed in v3.0",
          "Step 10/18: Building",
          "Verifying...",
          "Cache hit for key-9729",
          "Step 1/20: Running migrations",
          "Compiling lib/handler.rs...",
          "Step 1/19: Running migrations",
          "Cache restored successfully (450MB)",
          "HEAD is now at 800dcee",
          "pip: Installing build dependencies...",
          "Loading...",
          "pip install: Successfully installed prettier-3.9",
          "Tests: 320 passed, 177 total",
          "Image pulled successfully",
          "Artifact downloaded: 24MB",
          "Bundling vendor.js",
          "Ran 155 tests in 12s",
          "Cache restored successfully (98MB)",
          "Loading...",
          "yarn add: Done in 5.26s",
          "Step 10/15: Running migrations",
          "Coverage: 80% statements, 95% branches",
          "pip install: Successfully installed prettier-3.6",
          "[12:50:40] INFO: Processing request",
          "pip: Collecting eslint",
          "[12:50:40] DEBUG: Connection pool: 18 active",
          "Test Suites: 49 passed, 23 total",
          "Waiting...",
          "pip: Installing build dependencies...",
          "Checking out main branch",
          "Optimizing 32 modules...",
          "\u2713 Step 'install' succeeded",
          "Fetching submodules...",
          "Fetching from https://googleapis.com/package.json",
          "Compiling components/app.ts...",
          "Connection established",
          "Loading...",
          "Connection established",
          "Processing...",
          "Success!",
          "Cache miss for key-6928",
          "Step 19/23: Linting",
          "yarn add: Done in 27.35s",
          "Ran 129 tests in 5s",
          "OK",
          "Snapshots: 41 passed, 1 total",
          "Finished.",
          "Pulling image: python:latest",
          "[12:50:40] WARN: Deprecated API usage",
          "Environment: staging",
          "Transforming 205 files...",
          "pip: Downloading prettier-1.7.tar.gz",
          "Environment: test",
          "\u26a0 DEPRECATION: Feature will be removed in v5.0",
          "[12:50:40] DEBUG: Loading configuration",
          "  PASS: test_user_create (364ms)",
          "npm install: resolved 394 packages",
          "yarn add: Done in 9.61s",
          "pip: Installing build dependencies...",
          "[12:50:40] INFO: Cache refreshed",
          "  PASS: test_api_health (13ms)",
          "GET /status - 200 (87ms)",
          "Step 20/20: Testing",
          "Artifact uploaded: build.tar.gz (9MB)",
          "POST /data - 202 (263ms)",
          "Artifact downloaded: 38MB",
          "Processing...",
          "Already up to date.",
          "Switched to branch 'hotfix/task-823'",
          "Compiling lib/app.ts...",
          "Snapshots: 12 passed, 24 total",
          "[12:50:40] INFO: Request completed",
          "pip: Installing build dependencies...",
          "=== Step save_cache completed ==="
        ]
      },
      {
        "name": "install_dependencies",
        "status": "success",
        "started_at": "2025-12-03T12:50:47.317702",
        "finished_at": "2025-12-03T12:51:20.127621",
        "log_lines": [
          "=== Step: install_dependencies ===",
          "\u2713 All checks passed",
          "GET /health - 200 (11ms)",
          "npm install: resolved 1393 packages",
          "  PASS: test_user_create (96ms)",
          "pip: Installing build dependencies...",
          "Finished.",
          "[12:50:40] WARN: Deprecated API usage",
          "npm notice: created a lockfile",
          "Step 2/24: Running migrations",
          "Fetching from https://amazonaws.com/package.json",
          "Step 3/24: Testing",
          "Ran 48 tests in 50s",
          "Already up to date.",
          "\u2717 build failed with exit code 60",
          "Ready.",
          "Step 3/19: Testing",
          "Exception: ValueError",
          "[12:50:40] WARN: Deprecated API usage",
          "Time: 45.435s",
          "\u2713 Task completed in 1723ms",
          "Cache miss for key-9483",
          "Artifact downloaded: 4MB",
          "Compiling lib/handler.rs...",
          "Verifying...",
          "npm install: added 306 packages",
          "\u26a0 DEPRECATION: Feature will be removed in v4.0",
          "[12:50:40] DEBUG: Initializing service",
          "pip: Downloading react-5.12.tar.gz",
          "Environment: staging",
          "Ran 52 tests in 44s",
          "Completed.",
          "Checking out develop branch",
          "Done.",
          "\u2713 All checks passed",
          "Cache restored successfully (260MB)",
          "Switched to branch 'bugfix/task-704'",
          "npm notice: package.json updated",
          "Layer 3/14: ENV command",
          "Done.",
          "[12:50:40] DEBUG: Memory usage: 693MB",
          "WARNING: webpack has known vulnerabilities",
          "Exception: RuntimeError",
          "GET /api - 201 (96ms)",
          "\u2713 Step 'install' succeeded",
          "Verifying...",
          "[12:50:40] DEBUG: Memory usage: 1613MB",
          "Already up to date.",
          "pip: Installing build dependencies...",
          "Checking out main branch",
          "pip: Collecting react",
          "Switched to branch 'hotfix/task-232'",
          "Step 19/24: Linting",
          "\u2713 Task completed in 3322ms",
          "[12:50:40] DEBUG: Query executed in 11ms",
          "Ready.",
          "pip install: Successfully installed eslint-2.0",
          "\u2713 All checks passed",
          "FAILED: test_api_health",
          "Building Docker image...",
          "pip: Collecting eslint",
          "Verifying...",
          "Completed.",
          "  PASS: test_cache_hit (151ms)",
          "Transforming 365 files...",
          "OK",
          "Done.",
          "Fetching from https://registry.npmjs.org/package.json",
          "[12:50:40] DEBUG: Connection pool: 1 active",
          "Coverage: 92% statements, 70% branches",
          "Layer 4/14: COPY command",
          "Ran 118 tests in 21s",
          "Already up to date.",
          "OK",
          "Connection established",
          "Snapshots: 48 passed, 47 total",
          "\u26a0 DEPRECATION: Feature will be removed in v4.0",
          "[12:50:40] INFO: Request completed",
          "  PASS: unit/test_auth_login.spec.js",
          "Test Suites: 41 passed, 11 total",
          "Processing...",
          "Connection established",
          "Artifact uploaded: dist.zip (80MB)",
          "Cache miss for key-2575",
          "\u26a0 DEPRECATION: Feature will be removed in v4.0",
          "Platform: darwin-arm64",
          "\u26a0 DEPRECATION: Feature will be removed in v2.0",
          "Tests: 340 passed, 338 total",
          "npm install: resolved 1504 packages",
          "pip: Collecting react",
          "Layer 3/8: RUN command",
          "npm install: resolved 656 packages",
          "Artifact uploaded: build.tar.gz (1MB)",
          "[12:50:40] DEBUG: Query executed in 100ms",
          "Using Node.js 20.7.2",
          "Checking out main branch",
          "Cache hit for key-4499",
          "[12:50:40] INFO: Starting build process",
          "FAILED: test_api_health",
          "Compiling src/main.py...",
          "Ready.",
          "Step 5/23: Testing",
          "Artifact downloaded: 14MB",
          "pip: Downloading webpack-3.16.tar.gz",
          "Uploading artifact 'dist' (45 files)",
          "Compiling utils/utils.go...",
          "[12:50:40] DEBUG: Connection pool: 6 active",
          "Bundling main.css",
          "Uploading artifact 'coverage' (8 files)",
          "Minifying app.js",
          "Cache invalidated: dependencies",
          "Bundling styles.js",
          "[12:50:40] INFO: Cache refreshed",
          "OK",
          "Tests: 432 passed, 411 total",
          "Switched to branch 'hotfix/task-641'",
          "Step 9/21: Linting",
          "Artifact downloaded: 5MB",
          "[12:50:40] WARN: Deprecated API usage",
          "Cache miss for key-6406",
          "Compiling lib/utils.go...",
          "=== Step install_dependencies completed ==="
        ]
      },
      {
        "name": "unit_tests",
        "status": "success",
        "started_at": "2025-12-03T12:51:20.127621",
        "finished_at": "2025-12-03T12:51:52.937540",
        "log_lines": [
          "=== Step: unit_tests ===",
          "Checking out master branch",
          "Exception: TypeError",
          "[12:50:40] INFO: Cache refreshed",
          "HEAD is now at de96ac7",
          "Transforming 897 files...",
          "Compiling src/service.java...",
          "Building Docker image...",
          "pip install: Successfully installed jest-5.7",
          "\u26a0 DEPRECATION: Feature will be removed in v4.0",
          "Done.",
          "[12:50:40] WARN: Deprecated API usage",
          "Completed.",
          "Cache saved successfully",
          "Step 13/19: Installing dependencies",
          "[12:50:40] WARN: Deprecated API usage",
          "Connection established",
          "Connection established",
          "Pulling image: node:latest",
          "OK",
          "Snapshots: 13 passed, 35 total",
          "Compiling lib/service.java...",
          "Building Docker image...",
          "Artifact uploaded: dist.zip (17MB)",
          "[12:50:40] INFO: Processing request",
          "Processing...",
          "Cache restored successfully (179MB)",
          "Creating production build...",
          "Pulling image: python:18",
          "pip: Installing build dependencies...",
          "npm notice: package.json updated",
          "Environment: test",
          "Fetching submodules...",
          "Layer 5/11: ENV command",
          "Layer 6/11: RUN command",
          "  PASS: e2e/test_user_create.spec.js",
          "Ran 12 tests in 27s",
          "\u2713 Step 'checkout' succeeded",
          "Compiling src/index.js...",
          "Artifact downloaded: 33MB",
          "pip: Installing build dependencies...",
          "\u2713 Task completed in 3771ms",
          "Checking out main branch",
          "Building Docker image...",
          "pip install: Successfully installed webpack-2.9",
          "Layer 7/12: RUN command",
          "[12:50:40] INFO: Processing request",
          "Minifying main.js",
          "Transforming 695 files...",
          "Layer 8/8: ENV command",
          "[12:50:40] INFO: Cache refreshed",
          "Installing axios@1.10.3",
          "Cache invalidated: node_modules",
          "  PASS: e2e/test_db_connect.spec.js",
          "pip: Installing build dependencies...",
          "Artifact uploaded: build.tar.gz (30MB)",
          "Snapshots: 42 passed, 47 total",
          "Step 4/18: Building",
          "Checking out main branch",
          "Pushing to registry...",
          "Verifying...",
          "Success!",
          "Pulling image: alpine:latest",
          "\u2713 deploy completed",
          "HEAD is now at 122d4c1",
          "Artifact uploaded: build.tar.gz (32MB)",
          "  PASS: e2e/test_db_connect.spec.js",
          "WARNING: lodash has known vulnerabilities",
          "Loading...",
          "Cache hit for key-6393",
          "\u26a0 DEPRECATION: Feature will be removed in v4.0",
          "POST /data - 202 (21ms)",
          "[12:50:40] WARN: Deprecated API usage",
          "Compiling components/handler.rs...",
          "Image pulled successfully",
          "[12:50:40] DEBUG: Memory usage: 1248MB",
          "Creating production build...",
          "Cache hit for key-7315",
          "Time: 37.845s",
          "[12:50:40] ERROR: Connection failed",
          "Uploading artifact 'build' (25 files)",
          "[12:50:40] INFO: Starting build process",
          "Step 3/22: Testing",
          "HEAD is now at 9b82574",
          "  PASS: test_cache_hit (411ms)",
          "Already up to date.",
          "Creating production build...",
          "Loading...",
          "npm notice: package.json updated",
          "\u26a0 DEPRECATION: Feature will be removed in v2.0",
          "pip install: Successfully installed react-4.19",
          "npm notice: created a lockfile",
          "POST /data - 201 (408ms)",
          "Step 9/17: Running migrations",
          "WARNING: react has known vulnerabilities",
          "Installing prettier@1.0.2",
          "Cache hit for key-1241",
          "[12:50:40] INFO: Request completed",
          "Cache restored successfully (481MB)",
          "[12:50:40] DEBUG: Loading configuration",
          "Generating source maps...",
          "[12:50:40] DEBUG: Query executed in 6ms",
          "Step 2/25: Building",
          "Creating production build...",
          "\u26a0 DEPRECATION: Feature will be removed in v5.0",
          "Platform: darwin-arm64",
          "[12:50:40] DEBUG: Connection pool: 6 active",
          "Artifact uploaded: build.tar.gz (24MB)",
          "[12:50:40] DEBUG: Query executed in 40ms",
          "npm install: added 118 packages",
          "Cache miss for key-1303",
          "Installing axios@4.2.0",
          "Environment: staging",
          "Creating production build...",
          "[12:50:40] INFO: Starting build process",
          "\u2713 deploy completed",
          "NODE_ENV=development",
          "Loading...",
          "Time: 32.466s",
          "Time: 80.304s",
          "[12:50:40] DEBUG: Memory usage: 1909MB",
          "=== Step unit_tests completed ==="
        ]
      },
      {
        "name": "integration_tests",
        "status": "success",
        "started_at": "2025-12-03T12:51:52.937540",
        "finished_at": "2025-12-03T12:52:14.810819",
        "log_lines": [
          "=== Step: integration_tests ===",
          "Using Python 3.12",
          "Bundling styles.js",
          "Pushing to registry...",
          "Coverage: 86% statements, 96% branches",
          "Fetching from https://registry.npmjs.org/package.json",
          "\u26a0 DEPRECATION: Feature will be removed in v4.0",
          "[12:50:40] INFO: Connecting to database",
          "GET /api - 201 (70ms)",
          "Using Node.js 19.1.9",
          "Success!",
          "Checking out master branch",
          "Ready.",
          "Done.",
          "pip: Downloading react-2.18.tar.gz",
          "NODE_ENV=development",
          "Already up to date.",
          "[12:50:40] INFO: Starting build process",
          "pip: Collecting webpack",
          "Optimizing 18 modules...",
          "[12:50:40] DEBUG: Connection pool: 11 active",
          "npm install: added 130 packages",
          "Step 5/21: Running migrations",
          "GET /status - 204 (22ms)",
          "Coverage: 73% statements, 60% branches",
          "\u2713 package completed",
          "Loading...",
          "Image pulled successfully",
          "Finished.",
          "npm install: added 336 packages",
          "Uploading artifact 'coverage' (17 files)",
          "[12:50:40] WARN: Deprecated API usage",
          "Tests: 466 passed, 395 total",
          "[12:50:40] WARN: Deprecated API usage",
          "Artifact downloaded: 8MB",
          "Cache invalidated: build",
          "Image pulled successfully",
          "Using Python 3.12",
          "Image pulled successfully",
          "pip: Collecting prettier",
          "Exception: TypeError",
          "Pushing to registry...",
          "pip: Installing build dependencies...",
          "WARNING: eslint has known vulnerabilities",
          "Test Suites: 20 passed, 25 total",
          "pip: Installing build dependencies...",
          "Artifact downloaded: 17MB",
          "Fetching submodules...",
          "Ready.",
          "Connection established",
          "Step 15/20: Running migrations",
          "Generating source maps...",
          "Completed.",
          "\u2717 build failed with exit code 43",
          "[12:50:40] ERROR: Connection failed",
          "yarn add: Done in 23.36s",
          "Coverage: 96% statements, 80% branches",
          "[12:50:40] WARN: Deprecated API usage",
          "Step 8/23: Linting",
          "Step 3/17: Linting",
          "Snapshots: 1 passed, 16 total",
          "npm install: added 105 packages",
          "Step 3/20: Running migrations",
          "\u2717 build failed with exit code 108",
          "Pushing to registry...",
          "Pulling image: python:3.11",
          "[12:50:40] DEBUG: Memory usage: 108MB",
          "TLS handshake completed",
          "Waiting...",
          "[12:50:40] INFO: Processing request",
          "\u2713 Step 'setup' succeeded",
          "Test Suites: 29 passed, 39 total",
          "Switched to branch 'hotfix/task-288'",
          "Transforming 314 files...",
          "Pushing to registry...",
          "Connection established",
          "Artifact uploaded: dist.zip (79MB)",
          "[12:50:40] DEBUG: Query executed in 24ms",
          "[12:50:40] ERROR: Connection failed",
          "[12:50:40] INFO: Processing request",
          "[12:50:40] WARN: Deprecated API usage",
          "npm notice: package.json updated",
          "TLS handshake completed",
          "Step 17/25: Deploying",
          "[12:50:40] DEBUG: Query executed in 3ms",
          "npm notice: package.json updated",
          "Success!",
          "Building Docker image...",
          "Verifying...",
          "Using Python 3.12",
          "pip: Downloading webpack-2.12.tar.gz",
          "Cache saved successfully",
          "Processing...",
          "npm install: added 126 packages",
          "[12:50:40] DEBUG: Memory usage: 1751MB",
          "pip: Installing build dependencies...",
          "npm install: added 461 packages",
          "  PASS: test_db_connect (229ms)",
          "Connection established",
          "Cache saved successfully",
          "Platform: linux-x64",
          "Cache miss for key-1794",
          "NODE_ENV=development",
          "Waiting...",
          "Loading...",
          "Already up to date.",
          "Time: 65.7s",
          "Using Python 3.9",
          "Step 2/23: Installing dependencies",
          "Step 12/23: Deploying",
          "yarn add: Done in 13.92s",
          "\u2717 build failed with exit code 32",
          "TLS handshake completed",
          "\u2713 All checks passed",
          "npm install: resolved 1446 packages",
          "[12:50:40] WARN: Deprecated API usage",
          "NODE_ENV=production",
          "[12:50:40] INFO: Request completed",
          "yarn add: Done in 29.95s",
          "Cache restored successfully (36MB)",
          "Using Node.js 19.3.7",
          "=== Step integration_tests completed ==="
        ]
      },
      {
        "name": "lint",
        "status": "success",
        "started_at": "2025-12-03T12:52:14.810819",
        "finished_at": "2025-12-03T12:52:25.747459",
        "log_lines": [
          "=== Step: lint ===",
          "Cache hit for key-6271",
          "Tests: 232 passed, 111 total",
          "[12:50:40] ERROR: Connection failed",
          "Ran 46 tests in 3s",
          "Loading...",
          "yarn add: Done in 28.11s",
          "Transforming 524 files...",
          "[12:50:40] DEBUG: Loading configuration",
          "Platform: win32-x64",
          "Step 7/15: Testing",
          "Snapshots: 0 passed, 12 total",
          "npm notice: package.json updated",
          "Waiting...",
          "Artifact downloaded: 24MB",
          "pip: Installing build dependencies...",
          "npm notice: created a lockfile",
          "Compiling components/main.py...",
          "\u26a0 DEPRECATION: Feature will be removed in v5.0",
          "Exception: ValueError",
          "Switched to branch 'hotfix/task-323'",
          "\u26a0 DEPRECATION: Feature will be removed in v4.0",
          "Artifact uploaded: dist.zip (94MB)",
          "Platform: linux-x64",
          "Tests: 413 passed, 54 total",
          "Step 19/24: Running migrations",
          "Time: 71.680s",
          "Test Suites: 11 passed, 46 total",
          "[12:50:40] DEBUG: Connection pool: 3 active",
          "\u2713 Step 'install' succeeded",
          "Fetching submodules...",
          "Switched to branch 'bugfix/task-731'",
          "  PASS: test_db_connect (188ms)",
          "Minifying vendor.js",
          "[12:50:40] INFO: Request completed",
          "Installing eslint@5.11.6",
          "  PASS: test_db_connect (262ms)",
          "Optimizing 19 modules...",
          "npm install: added 402 packages",
          "\u2713 package completed",
          "\u26a0 DEPRECATION: Feature will be removed in v4.0",
          "GET /health - 200 (60ms)",
          "  PASS: e2e/test_user_create.spec.js",
          "Connection established",
          "Using Python 3.9",
          "Building Docker image...",
          "pip: Downloading webpack-4.18.tar.gz",
          "Waiting...",
          "Cache invalidated: build",
          "yarn add: Done in 8.86s",
          "FAILED: test_db_connect",
          "Already up to date.",
          "Completed.",
          "\u2713 Task completed in 3201ms",
          "npm notice: package.json updated",
          "WARNING: react has known vulnerabilities",
          "Connection established",
          "Step 11/15: Installing dependencies",
          "Test Suites: 10 passed, 40 total",
          "WARNING: jest has known vulnerabilities",
          "Compiling utils/service.java...",
          "  PASS: test_auth_login (465ms)",
          "Optimizing 11 modules...",
          "Completed.",
          "Verifying...",
          "Test Suites: 25 passed, 11 total",
          "[12:50:40] DEBUG: Memory usage: 1677MB",
          "Cache restored successfully (306MB)",
          "yarn add: Done in 19.35s",
          "Coverage: 72% statements, 69% branches",
          "Cache restored successfully (213MB)",
          "Compiling lib/index.js...",
          "[12:50:40] INFO: Processing request",
          "Optimizing 71 modules...",
          "Success!",
          "[12:50:40] DEBUG: Initializing service",
          "Environment: test",
          "Loading...",
          "Fetching from https://npmjs.org/package.json",
          "Time: 3.565s",
          "Artifact downloaded: 27MB",
          "OK",
          "\u26a0 DEPRECATION: Feature will be removed in v4.0",
          "Artifact uploaded: dist.zip (16MB)",
          "Cache invalidated: node_modules",
          "[12:50:40] WARN: Deprecated API usage",
          "WARNING: prettier has known vulnerabilities",
          "yarn add: Done in 30.51s",
          "Step 5/24: Deploying",
          "Step 2/24: Building",
          "Fetching submodules...",
          "Step 8/15: Linting",
          "Time: 40.239s",
          "Test Suites: 11 passed, 36 total",
          "Step 10/16: Installing dependencies",
          "Step 2/15: Testing",
          "Pulling image: alpine:18",
          "Pulling image: alpine:3.11",
          "[12:50:40] WARN: Deprecated API usage",
          "Cache miss for key-1108",
          "\u2713 lint completed",
          "pip install: Successfully installed eslint-5.16",
          "Artifact uploaded: dist.zip (45MB)",
          "Image pulled successfully",
          "Installing prettier@5.19.9",
          "Transforming 281 files...",
          "[12:50:40] INFO: Request completed",
          "WARNING: axios has known vulnerabilities",
          "Cache miss for key-7339",
          "Tests: 117 passed, 195 total",
          "[12:50:40] WARN: Deprecated API usage",
          "Artifact uploaded: dist.zip (71MB)",
          "GET /status - 201 (62ms)",
          "[12:50:40] INFO: Cache refreshed",
          "Step 2/20: Building",
          "\u2713 All checks passed",
          "npm notice: created a lockfile",
          "\u2713 Step 'install' succeeded",
          "Cache miss for key-3919",
          "[12:50:40] WARN: Deprecated API usage",
          "[12:50:40] DEBUG: Query executed in 73ms",
          "=== Step lint completed ==="
        ]
      },
      {
        "name": "build",
        "status": "success",
        "started_at": "2025-12-03T12:52:25.747459",
        "finished_at": "2025-12-03T12:52:58.557378",
        "log_lines": [
          "=== Step: build ===",
          "Platform: linux-x64",
          "[12:50:40] DEBUG: Query executed in 37ms",
          "Snapshots: 16 passed, 20 total",
          "Installing webpack@2.20.3",
          "Cache restored successfully (132MB)",
          "Loading...",
          "[12:50:40] DEBUG: Query executed in 31ms",
          "Test Suites: 11 passed, 48 total",
          "Step 2/18: Building",
          "\u2713 All checks passed",
          "Artifact uploaded: build.tar.gz (16MB)",
          "Ran 47 tests in 48s",
          "Cache hit for key-2537",
          "\u2713 Task completed in 1092ms",
          "Compiling utils/service.java...",
          "FAILED: test_auth_login",
          "Tests: 332 passed, 396 total",
          "Artifact downloaded: 5MB",
          "\u2713 All checks passed",
          "Step 3/24: Linting",
          "[12:50:40] INFO: Starting build process",
          "Artifact downloaded: 32MB",
          "Artifact uploaded: dist.zip (5MB)",
          "Cache miss for key-8297",
          "GET /api - 204 (47ms)",
          "[12:50:40] WARN: Deprecated API usage",
          "Using Node.js 20.10.4",
          "pip install: Successfully installed webpack-4.12",
          "Cache miss for key-3275",
          "POST /data - 200 (86ms)",
          "Verifying...",
          "Image pulled successfully",
          "Cache saved successfully",
          "\u2713 All checks passed",
          "\u26a0 DEPRECATION: Feature will be removed in v2.0",
          "Step 7/16: Running migrations",
          "[12:50:40] INFO: Request completed",
          "Success!",
          "Processing...",
          "Fetching submodules...",
          "Step 18/20: Testing",
          "npm install: added 174 packages",
          "npm install: added 331 packages",
          "Using Python 3.10",
          "\u2713 All checks passed",
          "Processing...",
          "  PASS: e2e/test_api_health.spec.js",
          "Ran 144 tests in 27s",
          "[12:50:40] INFO: Starting build process",
          "Artifact downloaded: 21MB",
          "[12:50:40] DEBUG: Initializing service",
          "Transforming 134 files...",
          "[12:50:40] DEBUG: Connection pool: 8 active",
          "Waiting...",
          "Fetching submodules...",
          "Finished.",
          "Artifact uploaded: dist.zip (12MB)",
          "Compiling components/index.js...",
          "Compiling utils/index.js...",
          "Processing...",
          "Time: 103.806s",
          "npm install: resolved 945 packages",
          "Using Node.js 14.1.3",
          "npm install: added 299 packages",
          "Ran 55 tests in 2s",
          "[12:50:40] DEBUG: Initializing service",
          "npm notice: created a lockfile",
          "Success!",
          "npm install: added 408 packages",
          "Artifact uploaded: build.tar.gz (2MB)",
          "npm install: added 215 packages",
          "Cache hit for key-7908",
          "Platform: darwin-arm64",
          "Compiling components/index.js...",
          "Transforming 762 files...",
          "NODE_ENV=production",
          "Step 12/23: Testing",
          "Ready.",
          "Fetching from https://docker.io/package.json",
          "Installing webpack@3.5.2",
          "Switched to branch 'bugfix/task-925'",
          "Exception: ValueError",
          "HEAD is now at d39e647",
          "[12:50:40] DEBUG: Query executed in 18ms",
          "TLS handshake completed",
          "WARNING: eslint has known vulnerabilities",
          "Image pulled successfully",
          "Processing...",
          "Fetching from https://amazonaws.com/package.json",
          "pip: Installing build dependencies...",
          "Checking out main branch",
          "[12:50:40] WARN: Deprecated API usage",
          "Transforming 216 files...",
          "Waiting...",
          "[12:50:40] INFO: Request completed",
          "\u2713 All checks passed",
          "TLS handshake completed",
          "Minifying main.js",
          "NODE_ENV=test",
          "Artifact downloaded: 34MB",
          "Connection established",
          "Snapshots: 19 passed, 6 total",
          "Artifact downloaded: 8MB",
          "\u2717 build failed with exit code 88",
          "Image pulled successfully",
          "NODE_ENV=development",
          "Switched to branch 'bugfix/task-523'",
          "GET /api - 201 (16ms)",
          "npm install: added 42 packages",
          "Creating production build...",
          "Cache saved successfully",
          "Artifact uploaded: build.tar.gz (31MB)",
          "Pulling image: python:18",
          "\u2717 build failed with exit code 5",
          "Fetching from https://registry.npmjs.org/package.json",
          "Ran 197 tests in 22s",
          "[12:50:40] WARN: Deprecated API usage",
          "Step 19/17: Linting",
          "Cache invalidated: build",
          "Coverage: 100% statements, 98% branches",
          "=== Step build completed ==="
        ]
      },
      {
        "name": "deploy_staging",
        "status": "success",
        "started_at": "2025-12-03T12:52:58.557378",
        "finished_at": "2025-12-03T12:53:09.494018",
        "log_lines": [
          "=== Step: deploy_staging ===",
          "\u26a0 DEPRECATION: Feature will be removed in v2.0",
          "[12:50:40] WARN: Deprecated API usage",
          "[12:50:40] DEBUG: Memory usage: 871MB",
          "WARNING: axios has known vulnerabilities",
          "[12:50:40] WARN: Deprecated API usage",
          "npm install: resolved 1065 packages",
          "Bundling styles.css",
          "pip: Installing build dependencies...",
          "Cache saved successfully",
          "npm notice: created a lockfile",
          "Fetching from https://registry.npmjs.org/package.json",
          "Finished.",
          "[12:50:40] DEBUG: Initializing service",
          "npm install: resolved 1412 packages",
          "Success!",
          "POST /api - 201 (126ms)",
          "yarn add: Done in 3.73s",
          "Verifying...",
          "[12:50:40] INFO: Cache refreshed",
          "Switched to branch 'feature/task-344'",
          "Platform: darwin-arm64",
          "\u26a0 DEPRECATION: Feature will be removed in v5.0",
          "[12:50:40] INFO: Starting build process",
          "\u2713 lint completed",
          "  PASS: test_db_connect (432ms)",
          "OK",
          "[12:50:40] INFO: Request completed",
          "pip: Collecting axios",
          "[12:50:40] WARN: Deprecated API usage",
          "pip: Installing build dependencies...",
          "\u26a0 DEPRECATION: Feature will be removed in v4.0",
          "[12:50:40] INFO: Cache refreshed",
          "NODE_ENV=development",
          "Checking out master branch",
          "pip: Downloading express-1.0.tar.gz",
          "npm notice: package.json updated",
          "Loading...",
          "[12:50:40] ERROR: Connection failed",
          "npm install: added 420 packages",
          "Processing...",
          "Connection established",
          "Pushing to registry...",
          "Artifact uploaded: build.tar.gz (3MB)",
          "[12:50:40] DEBUG: Connection pool: 12 active",
          "Creating production build...",
          "Creating production build...",
          "\u2713 validate completed",
          "Building Docker image...",
          "Step 19/15: Installing dependencies",
          "Coverage: 87% statements, 63% branches",
          "yarn add: Done in 6.14s",
          "Compiling utils/handler.rs...",
          "Cache miss for key-1536",
          "Optimizing 43 modules...",
          "Step 2/24: Building",
          "[12:50:40] WARN: Deprecated API usage",
          "pip: Installing build dependencies...",
          "pip: Downloading lodash-5.4.tar.gz",
          "[12:50:40] DEBUG: Connection pool: 18 active",
          "npm notice: created a lockfile",
          "Image pulled successfully",
          "HEAD is now at ee95fa0",
          "Compiling src/index.js...",
          "TLS handshake completed",
          "\u2713 All checks passed",
          "Layer 3/12: COPY command",
          "Cache restored successfully (180MB)",
          "Time: 51.401s",
          "GET /api - 200 (10ms)",
          "Checking out main branch",
          "\u2713 Task completed in 1355ms",
          "Bundling runtime.js",
          "Step 2/15: Running migrations",
          "Generating source maps...",
          "\u2713 All checks passed",
          "Processing...",
          "Transforming 266 files...",
          "\u2713 Task completed in 3364ms",
          "Step 4/15: Deploying",
          "Loading...",
          "Artifact downloaded: 16MB",
          "Artifact uploaded: build.tar.gz (48MB)",
          "Step 19/18: Deploying",
          "Ready.",
          "\u2713 Step 'checkout' succeeded",
          "Fetching submodules...",
          "\u26a0 DEPRECATION: Feature will be removed in v5.0",
          "Artifact uploaded: build.tar.gz (27MB)",
          "Compiling src/handler.rs...",
          "npm notice: package.json updated",
          "yarn add: Done in 8.76s",
          "[12:50:40] DEBUG: Query executed in 60ms",
          "Done.",
          "WARNING: lodash has known vulnerabilities",
          "Compiling utils/service.java...",
          "\u2713 All checks passed",
          "Minifying app.js",
          "[12:50:40] INFO: Cache refreshed",
          "Compiling src/app.ts...",
          "\u2717 build failed with exit code 37",
          "yarn add: Done in 29.88s",
          "\u2713 Step 'test' succeeded",
          "[12:50:40] DEBUG: Connection pool: 13 active",
          "[12:50:40] DEBUG: Memory usage: 1511MB",
          "Step 16/21: Installing dependencies",
          "yarn add: Done in 20.76s",
          "Artifact uploaded: build.tar.gz (26MB)",
          "Ran 19 tests in 19s",
          "  PASS: test_cache_hit (154ms)",
          "Snapshots: 22 passed, 23 total",
          "[12:50:40] DEBUG: Initializing service",
          "FAILED: test_db_connect",
          "Building Docker image...",
          "[12:50:40] INFO: Connecting to database",
          "[12:50:40] DEBUG: Loading configuration",
          "Pushing to registry...",
          "Checking out main branch",
          "Coverage: 84% statements, 67% branches",
          "Done.",
          "npm notice: created a lockfile",
          "=== Step deploy_staging completed ==="
        ]
      },
      {
        "name": "type_check",
        "status": "success",
        "started_at": "2025-12-03T12:53:09.494018",
        "finished_at": "2025-12-03T12:53:20.430658",
        "log_lines": [
          "=== Step: type_check ===",
          "Cache restored successfully (164MB)",
          "Artifact downloaded: 27MB",
          "\u2717 build failed with exit code 33",
          "yarn add: Done in 28.8s",
          "WARNING: jest has known vulnerabilities",
          "HEAD is now at 3e20f62",
          "\u2713 Task completed in 2969ms",
          "Success!",
          "npm install: added 450 packages",
          "Waiting...",
          "Generating source maps...",
          "Compiling utils/handler.rs...",
          "GET /status - 200 (74ms)",
          "NODE_ENV=test",
          "  PASS: unit/test_db_connect.spec.js",
          "HEAD is now at f312281",
          "pip: Installing build dependencies...",
          "Using Python 3.9",
          "npm notice: package.json updated",
          "Finished.",
          "OK",
          "\u2713 deploy completed",
          "OK",
          "yarn add: Done in 13.64s",
          "pip: Collecting webpack",
          "pip: Collecting express",
          "NODE_ENV=development",
          "[12:50:40] INFO: Request completed",
          "HEAD is now at f1e23d1",
          "Compiling src/handler.rs...",
          "npm notice: package.json updated",
          "Step 9/16: Linting",
          "Time: 113.139s",
          "yarn add: Done in 8.15s",
          "Layer 7/9: COPY command",
          "Creating production build...",
          "Step 20/22: Linting",
          "TLS handshake completed",
          "Compiling src/main.py...",
          "[12:50:40] INFO: Processing request",
          "pip install: Successfully installed eslint-3.11",
          "npm install: resolved 305 packages",
          "\u26a0 DEPRECATION: Feature will be removed in v3.0",
          "Artifact uploaded: build.tar.gz (31MB)",
          "Layer 7/13: COPY command",
          "Fetching submodules...",
          "[12:50:40] WARN: Deprecated API usage",
          "Cache invalidated: build",
          "[12:50:40] INFO: Request completed",
          "Step 14/15: Running migrations",
          "pip: Installing build dependencies...",
          "Minifying app.js",
          "Step 4/17: Linting",
          "FAILED: test_user_create",
          "Transforming 669 files...",
          "yarn add: Done in 25.96s",
          "Completed.",
          "Compiling lib/service.java...",
          "Time: 37.264s",
          "Already up to date.",
          "Coverage: 97% statements, 89% branches",
          "Using Node.js 16.16.2",
          "pip: Collecting express",
          "Cache miss for key-1928",
          "Pushing to registry...",
          "Pushing to registry...",
          "[12:50:40] INFO: Starting build process",
          "Exception: RuntimeError",
          "HEAD is now at 83d8c0c",
          "FAILED: test_db_connect",
          "[12:50:40] DEBUG: Connection pool: 11 active",
          "Processing...",
          "Uploading artifact 'dist' (23 files)",
          "Cache hit for key-7111",
          "Fetching submodules...",
          "Step 6/23: Installing dependencies",
          "[12:50:40] DEBUG: Loading configuration",
          "Loading...",
          "[12:50:40] WARN: Deprecated API usage",
          "Fetching from https://npmjs.org/package.json",
          "Compiling lib/app.ts...",
          "Image pulled successfully",
          "Finished.",
          "pip: Downloading react-4.20.tar.gz",
          "Compiling components/utils.go...",
          "\u2713 Task completed in 2881ms",
          "\u26a0 DEPRECATION: Feature will be removed in v2.0",
          "[12:50:40] WARN: Deprecated API usage",
          "Fetching from https://googleapis.com/package.json",
          "npm notice: created a lockfile",
          "Creating production build...",
          "[12:50:40] WARN: Deprecated API usage",
          "POST /data - 201 (353ms)",
          "Verifying...",
          "[12:50:40] WARN: Deprecated API usage",
          "Processing...",
          "Snapshots: 4 passed, 38 total",
          "Step 9/22: Installing dependencies",
          "Minifying vendor.js",
          "FAILED: test_auth_login",
          "Switched to branch 'feature/task-274'",
          "TLS handshake completed",
          "Switched to branch 'hotfix/task-332'",
          "[12:50:40] DEBUG: Memory usage: 1652MB",
          "[12:50:40] DEBUG: Loading configuration",
          "[12:50:40] DEBUG: Connection pool: 6 active",
          "[12:50:40] INFO: Cache refreshed",
          "\u26a0 DEPRECATION: Feature will be removed in v4.0",
          "Already up to date.",
          "\u2713 build completed",
          "Tests: 74 passed, 460 total",
          "Cache invalidated: dependencies",
          "Installing prettier@3.18.9",
          "npm install: added 424 packages",
          "Fetching submodules...",
          "[12:50:40] WARN: Deprecated API usage",
          "Cache invalidated: node_modules",
          "Step 12/24: Deploying",
          "Cache hit for key-9686",
          "pip: Collecting jest",
          "=== Step type_check completed ==="
        ]
      },
      {
        "name": "e2e_tests",
        "status": "success",
        "started_at": "2025-12-03T12:53:20.430658",
        "finished_at": "2025-12-03T12:53:31.367298",
        "log_lines": [
          "=== Step: e2e_tests ===",
          "Cache hit for key-5906",
          "[12:50:40] INFO: Request completed",
          "OK",
          "[12:50:40] DEBUG: Loading configuration",
          "Compiling src/main.py...",
          "Test Suites: 27 passed, 48 total",
          "Cache restored successfully (113MB)",
          "[12:50:40] DEBUG: Connection pool: 8 active",
          "Tests: 400 passed, 429 total",
          "Tests: 195 passed, 222 total",
          "Cache hit for key-6804",
          "[12:50:40] INFO: Starting build process",
          "Fetching submodules...",
          "Snapshots: 6 passed, 32 total",
          "pip: Installing build dependencies...",
          "Transforming 329 files...",
          "pip: Downloading express-5.5.tar.gz",
          "yarn add: Done in 22.1s",
          "WARNING: prettier has known vulnerabilities",
          "Installing jest@4.12.1",
          "Transforming 275 files...",
          "[12:50:40] INFO: Starting build process",
          "[12:50:40] INFO: Starting build process",
          "Step 19/25: Installing dependencies",
          "Compiling utils/handler.rs...",
          "Transforming 1000 files...",
          "Step 2/19: Deploying",
          "Minifying main.js",
          "Coverage: 97% statements, 75% branches",
          "Ready.",
          "Step 14/18: Building",
          "[12:50:40] INFO: Starting build process",
          "[12:50:40] WARN: Deprecated API usage",
          "Generating source maps...",
          "\u26a0 DEPRECATION: Feature will be removed in v3.0",
          "Using Python 3.12",
          "Ready.",
          "Using Python 3.12",
          "[12:50:40] DEBUG: Connection pool: 12 active",
          "npm notice: created a lockfile",
          "Creating production build...",
          "Time: 54.295s",
          "HEAD is now at f80c8b5",
          "Coverage: 85% statements, 64% branches",
          "Generating source maps...",
          "Step 18/16: Linting",
          "Layer 5/8: ENV command",
          "[12:50:40] DEBUG: Query executed in 65ms",
          "Step 3/20: Testing",
          "Creating production build...",
          "Fetching from https://pypi.org/package.json",
          "Compiling components/service.java...",
          "Pulling image: alpine:3.11",
          "Pulling image: node:latest",
          "pip install: Successfully installed express-2.15",
          "Using Python 3.11",
          "\u2713 test completed",
          "Fetching from https://registry.npmjs.org/package.json",
          "npm notice: created a lockfile",
          "Step 8/24: Testing",
          "\u2717 build failed with exit code 2",
          "Cache miss for key-4969",
          "GET /status - 204 (32ms)",
          "FAILED: test_db_connect",
          "Compiling src/handler.rs...",
          "Exception: RuntimeError",
          "Compiling components/app.ts...",
          "npm notice: created a lockfile",
          "\u2713 All checks passed",
          "Uploading artifact 'build' (35 files)",
          "pip: Installing build dependencies...",
          "[12:50:40] INFO: Cache refreshed",
          "[12:50:40] INFO: Cache refreshed",
          "Compiling utils/index.js...",
          "[12:50:40] WARN: Deprecated API usage",
          "  PASS: test_cache_hit (387ms)",
          "\u26a0 DEPRECATION: Feature will be removed in v4.0",
          "[12:50:40] INFO: Processing request",
          "Using Node.js 20.12.0",
          "[12:50:40] INFO: Cache refreshed",
          "\u2713 validate completed",
          "POST /data - 200 (342ms)",
          "[12:50:40] INFO: Request completed",
          "Artifact uploaded: dist.zip (56MB)",
          "[12:50:40] WARN: Deprecated API usage",
          "Already up to date.",
          "Step 9/20: Linting",
          "Cache hit for key-4888",
          "pip: Collecting jest",
          "\u2713 All checks passed",
          "[12:50:40] INFO: Connecting to database",
          "Verifying...",
          "\u2717 build failed with exit code 92",
          "Uploading artifact 'dist' (39 files)",
          "Compiling lib/app.ts...",
          "Building Docker image...",
          "Compiling utils/index.js...",
          "Verifying...",
          "Minifying main.js",
          "Transforming 297 files...",
          "Compiling src/main.py...",
          "Using Node.js 17.11.6",
          "Time: 93.848s",
          "npm notice: created a lockfile",
          "[12:50:40] DEBUG: Connection pool: 20 active",
          "pip install: Successfully installed react-5.11",
          "Step 18/17: Testing",
          "Fetching submodules...",
          "Transforming 578 files...",
          "Image pulled successfully",
          "Step 10/24: Installing dependencies",
          "Processing...",
          "Pulling image: python:18",
          "pip: Downloading eslint-3.16.tar.gz",
          "GET /health - 200 (30ms)",
          "[12:50:40] INFO: Cache refreshed",
          "Verifying...",
          "GET /status - 201 (98ms)",
          "[12:50:40] DEBUG: Loading configuration",
          "Finished.",
          "=== Step e2e_tests completed ==="
        ]
      },
      {
        "name": "checkout",
        "status": "success",
        "started_at": "2025-12-03T12:53:31.367298",
        "finished_at": "2025-12-03T12:53:35.741954",
        "log_lines": [
          "=== Step: checkout ===",
          "GET /health - 201 (11ms)",
          "Pushing to registry...",
          "Already up to date.",
          "Waiting...",
          "Pushing to registry...",
          "TLS handshake completed",
          "Loading...",
          "Using Node.js 20.10.9",
          "[12:50:40] INFO: Cache refreshed",
          "Bundling vendor.css",
          "Transforming 917 files...",
          "Loading...",
          "Optimizing 39 modules...",
          "Platform: darwin-arm64",
          "Step 1/17: Running migrations",
          "[12:50:40] WARN: Deprecated API usage",
          "Cache invalidated: node_modules",
          "npm notice: created a lockfile",
          "Connection established",
          "Pushing to registry...",
          "Fetching submodules...",
          "Tests: 225 passed, 294 total",
          "  PASS: integration/test_auth_login.spec.js",
          "[12:50:40] DEBUG: Loading configuration",
          "Done.",
          "Step 4/22: Testing",
          "Compiling components/app.ts...",
          "Compiling utils/utils.go...",
          "Pulling image: python:latest",
          "Compiling lib/handler.rs...",
          "Ready.",
          "[12:50:40] DEBUG: Loading configuration",
          "Time: 11.403s",
          "Layer 4/10: ENV command",
          "Checking out develop branch",
          "[12:50:40] DEBUG: Connection pool: 3 active",
          "Step 3/17: Running migrations",
          "[12:50:40] DEBUG: Connection pool: 11 active",
          "pip: Downloading axios-3.20.tar.gz",
          "yarn add: Done in 18.62s",
          "Connection established",
          "Connection established",
          "WARNING: jest has known vulnerabilities",
          "Layer 4/14: COPY command",
          "pip: Collecting lodash",
          "HEAD is now at ae37140",
          "\u2713 Step 'test' succeeded",
          "npm install: added 130 packages",
          "Waiting...",
          "Processing...",
          "npm notice: created a lockfile",
          "Optimizing 55 modules...",
          "Compiling utils/index.js...",
          "Layer 2/12: COPY command",
          "[12:50:40] WARN: Deprecated API usage",
          "\u2713 All checks passed",
          "WARNING: webpack has known vulnerabilities",
          "Step 19/17: Testing",
          "Cache miss for key-4054",
          "WARNING: axios has known vulnerabilities",
          "[12:50:40] INFO: Cache refreshed",
          "[12:50:40] INFO: Cache refreshed",
          "Done.",
          "pip: Downloading express-5.5.tar.gz",
          "Tests: 327 passed, 426 total",
          "\u2713 Step 'install' succeeded",
          "Finished.",
          "Compiling src/utils.go...",
          "Cache saved successfully",
          "Loading...",
          "Uploading artifact 'dist' (2 files)",
          "Step 1/18: Linting",
          "Cache saved successfully",
          "Compiling src/service.java...",
          "Using Node.js 20.8.8",
          "Fetching submodules...",
          "  PASS: test_db_connect (258ms)",
          "Waiting...",
          "Uploading artifact 'dist' (18 files)",
          "Platform: darwin-arm64",
          "\u26a0 DEPRECATION: Feature will be removed in v5.0",
          "\u26a0 DEPRECATION: Feature will be removed in v4.0",
          "Verifying...",
          "Completed.",
          "\u2713 Step 'checkout' succeeded",
          "Generating source maps...",
          "Done.",
          "OK",
          "[12:50:40] INFO: Connecting to database",
          "[12:50:40] WARN: Deprecated API usage",
          "Processing...",
          "Success!",
          "GET /health - 200 (33ms)",
          "Using Node.js 20.11.7",
          "Already up to date.",
          "Already up to date.",
          "[12:50:40] DEBUG: Connection pool: 16 active",
          "[12:50:40] INFO: Processing request",
          "Layer 8/9: COPY command",
          "[12:50:40] DEBUG: Initializing service",
          "Exception: ValueError",
          "Connection established",
          "Verifying...",
          "yarn add: Done in 14.88s",
          "Connection established",
          "\u26a0 DEPRECATION: Feature will be removed in v3.0",
          "Finished.",
          "WARNING: axios has known vulnerabilities",
          "Verifying...",
          "Fetching from https://amazonaws.com/package.json",
          "[12:50:40] INFO: Processing request",
          "\u2713 Step 'test' succeeded",
          "npm install: added 288 packages",
          "npm notice: package.json updated",
          "Transforming 209 files...",
          "npm install: resolved 146 packages",
          "GET /status - 204 (34ms)",
          "npm install: added 120 packages",
          "[12:50:40] INFO: Request completed",
          "Pulling image: python:latest",
          "=== Step checkout completed ==="
        ]
      },
      {
        "name": "setup_node",
        "status": "success",
        "started_at": "2025-12-03T12:53:35.741954",
        "finished_at": "2025-12-03T12:53:46.678594",
        "log_lines": [
          "=== Step: setup_node ===",
          "NODE_ENV=test",
          "\u2713 Step 'checkout' succeeded",
          "[12:50:40] WARN: Deprecated API usage",
          "NODE_ENV=production",
          "pip: Installing build dependencies...",
          "Completed.",
          "Cache miss for key-7329",
          "Done.",
          "Connection established",
          "Minifying main.js",
          "[12:50:40] ERROR: Connection failed",
          "Step 6/22: Installing dependencies",
          "Waiting...",
          "Environment: test",
          "Transforming 118 files...",
          "Layer 6/9: ENV command",
          "Ready.",
          "\u2713 Task completed in 968ms",
          "pip install: Successfully installed express-5.0",
          "npm notice: created a lockfile",
          "Waiting...",
          "Step 14/21: Running migrations",
          "Ready.",
          "\u2713 Task completed in 2612ms",
          "Coverage: 77% statements, 80% branches",
          "Time: 92.955s",
          "\u2717 build failed with exit code 89",
          "Verifying...",
          "npm install: resolved 237 packages",
          "Compiling src/utils.go...",
          "  PASS: e2e/test_db_connect.spec.js",
          "Compiling lib/service.java...",
          "Compiling components/index.js...",
          "[12:50:40] DEBUG: Loading configuration",
          "NODE_ENV=development",
          "Exception: RuntimeError",
          "pip: Collecting axios",
          "npm install: resolved 1025 packages",
          "Cache saved successfully",
          "Minifying app.js",
          "Cache restored successfully (96MB)",
          "Verifying...",
          "[12:50:40] DEBUG: Initializing service",
          "Artifact downloaded: 18MB",
          "Finished.",
          "Connection established",
          "pip: Downloading prettier-1.5.tar.gz",
          "[12:50:40] INFO: Starting build process",
          "Building Docker image...",
          "Step 7/20: Linting",
          "npm install: resolved 503 packages",
          "Processing...",
          "Checking out develop branch",
          "Test Suites: 35 passed, 13 total",
          "pip install: Successfully installed webpack-5.8",
          "NODE_ENV=test",
          "pip: Installing build dependencies...",
          "Processing...",
          "Environment: staging",
          "GET /status - 204 (27ms)",
          "[12:50:40] INFO: Request completed",
          "Artifact downloaded: 30MB",
          "  PASS: test_auth_login (260ms)",
          "NODE_ENV=production",
          "Artifact uploaded: build.tar.gz (28MB)",
          "\u2713 Step 'build' succeeded",
          "[12:50:40] INFO: Starting build process",
          "[12:50:40] DEBUG: Connection pool: 6 active",
          "[12:50:40] ERROR: Connection failed",
          "[12:50:40] DEBUG: Loading configuration",
          "Step 7/15: Building",
          "npm install: added 218 packages",
          "[12:50:40] DEBUG: Query executed in 46ms",
          "npm install: added 77 packages",
          "OK",
          "Cache saved successfully",
          "Compiling src/app.ts...",
          "Image pulled successfully",
          "Artifact downloaded: 6MB",
          "Compiling components/utils.go...",
          "Step 16/24: Deploying",
          "Creating production build...",
          "Cache restored successfully (367MB)",
          "[12:50:40] DEBUG: Query executed in 31ms",
          "Ready.",
          "Artifact uploaded: build.tar.gz (48MB)",
          "Cache miss for key-8777",
          "Step 2/24: Running migrations",
          "[12:50:40] INFO: Processing request",
          "Cache restored successfully (80MB)",
          "[12:50:40] DEBUG: Query executed in 82ms",
          "Step 19/15: Running migrations",
          "\u2713 Step 'setup' succeeded",
          "pip: Installing build dependencies...",
          "pip install: Successfully installed react-4.13",
          "Pulling image: alpine:3.11",
          "Compiling utils/utils.go...",
          "Ran 36 tests in 39s",
          "Compiling components/app.ts...",
          "Tests: 106 passed, 457 total",
          "[12:50:40] DEBUG: Connection pool: 15 active",
          "npm install: resolved 1484 packages",
          "[12:50:40] DEBUG: Loading configuration",
          "Bundling vendor.js",
          "POST /api - 201 (426ms)",
          "Processing...",
          "[12:50:40] INFO: Connecting to database",
          "Cache miss for key-8175",
          "[12:50:40] INFO: Processing request",
          "pip: Collecting webpack",
          "Verifying...",
          "[12:50:40] INFO: Cache refreshed",
          "Success!",
          "Layer 2/10: COPY command",
          "\u26a0 DEPRECATION: Feature will be removed in v2.0",
          "Compiling src/main.py...",
          "Verifying...",
          "Step 14/25: Running migrations",
          "GET /health - 204 (36ms)",
          "\u2713 build completed",
          "=== Step setup_node completed ==="
        ]
      },
      {
        "name": "setup_environment",
        "status": "success",
        "started_at": "2025-12-03T12:53:46.678594",
        "finished_at": "2025-12-03T12:53:57.615234",
        "log_lines": [
          "=== Step: setup_environment ===",
          "Compiling lib/utils.go...",
          "Generating source maps...",
          "[12:50:40] DEBUG: Query executed in 76ms",
          "  PASS: test_api_health (229ms)",
          "Cache restored successfully (472MB)",
          "Platform: darwin-arm64",
          "GET /status - 201 (18ms)",
          "Artifact downloaded: 19MB",
          "[12:50:40] DEBUG: Connection pool: 17 active",
          "[12:50:40] INFO: Connecting to database",
          "  PASS: test_cache_hit (359ms)",
          "Switched to branch 'feature/task-348'",
          "Cache invalidated: build",
          "[12:50:40] DEBUG: Connection pool: 2 active",
          "[12:50:40] DEBUG: Initializing service",
          "Environment: production",
          "Layer 9/14: ENV command",
          "Connection established",
          "Coverage: 83% statements, 95% branches",
          "GET /health - 200 (56ms)",
          "WARNING: axios has known vulnerabilities",
          "Compiling lib/main.py...",
          "\u2713 Step 'checkout' succeeded",
          "TLS handshake completed",
          "Step 10/18: Deploying",
          "Exception: NullPointerException",
          "Installing axios@4.3.6",
          "Building Docker image...",
          "Switched to branch 'feature/task-596'",
          "pip: Installing build dependencies...",
          "[12:50:40] DEBUG: Connection pool: 1 active",
          "FAILED: test_user_create",
          "Time: 94.181s",
          "Processing...",
          "Step 7/25: Linting",
          "[12:50:40] ERROR: Connection failed",
          "Fetching submodules...",
          "Already up to date.",
          "Completed.",
          "Minifying app.js",
          "Success!",
          "Cache restored successfully (24MB)",
          "Loading...",
          "Completed.",
          "Compiling components/utils.go...",
          "[12:50:40] ERROR: Connection failed",
          "Cache restored successfully (134MB)",
          "Pushing to registry...",
          "Finished.",
          "[12:50:40] DEBUG: Initializing service",
          "Using Python 3.11",
          "[12:50:40] DEBUG: Loading configuration",
          "OK",
          "NODE_ENV=development",
          "\u2713 Step 'install' succeeded",
          "Fetching submodules...",
          "npm install: resolved 1566 packages",
          "Test Suites: 22 passed, 32 total",
          "Completed.",
          "Platform: linux-x64",
          "Test Suites: 31 passed, 6 total",
          "[12:50:40] DEBUG: Memory usage: 131MB",
          "[12:50:40] INFO: Processing request",
          "Compiling lib/app.ts...",
          "Pulling image: alpine:latest",
          "Image pulled successfully",
          "\u26a0 DEPRECATION: Feature will be removed in v4.0",
          "Tests: 212 passed, 411 total",
          "Checking out main branch",
          "Already up to date.",
          "Processing...",
          "[12:50:40] INFO: Processing request",
          "Loading...",
          "Tests: 131 passed, 115 total",
          "\u2713 All checks passed",
          "[12:50:40] DEBUG: Memory usage: 1899MB",
          "[12:50:40] DEBUG: Query executed in 33ms",
          "Compiling components/app.ts...",
          "Verifying...",
          "Step 13/23: Linting",
          "Step 19/16: Testing",
          "Image pulled successfully",
          "Switched to branch 'hotfix/task-258'",
          "Platform: linux-x64",
          "pip: Downloading jest-5.12.tar.gz",
          "Cache restored successfully (81MB)",
          "[12:50:40] INFO: Cache refreshed",
          "Processing...",
          "pip install: Successfully installed express-3.14",
          "\u2713 Step 'test' succeeded",
          "Verifying...",
          "[12:50:40] INFO: Request completed",
          "[12:50:40] DEBUG: Connection pool: 14 active",
          "\u2713 All checks passed",
          "Step 9/18: Running migrations",
          "npm install: resolved 1717 packages",
          "Snapshots: 2 passed, 11 total",
          "Finished.",
          "\u2717 build failed with exit code 68",
          "[12:50:40] INFO: Connecting to database",
          "Image pulled successfully",
          "[12:50:40] INFO: Request completed",
          "GET /health - 200 (24ms)",
          "[12:50:40] INFO: Starting build process",
          "  PASS: unit/test_user_create.spec.js",
          "Compiling lib/app.ts...",
          "Test Suites: 5 passed, 5 total",
          "Verifying...",
          "Optimizing 38 modules...",
          "Ready.",
          "Tests: 177 passed, 237 total",
          "\u2713 All checks passed",
          "yarn add: Done in 20.45s",
          "Coverage: 81% statements, 87% branches",
          "Installing jest@5.19.10",
          "Time: 6.602s",
          "WARNING: prettier has known vulnerabilities",
          "[12:50:40] INFO: Request completed",
          "Artifact uploaded: build.tar.gz (5MB)",
          "  PASS: test_db_connect (342ms)",
          "=== Step setup_environment completed ==="
        ]
      }
    ],
    "label": "normal"
  }
}