{
  "action": "completed",
  "workflow_run": {
    "id": 824,
    "name": "CI Pipeline",
    "head_branch": "develop",
    "head_sha": "42e6425cc60c372f5a9bcbc285e8bfc975595beb",
    "status": "completed",
    "conclusion": "failure",
    "run_started_at": "2025-12-15T12:52:17.961643Z",
    "updated_at": "2025-12-15T12:55:06.732987Z"
  },
  "repository": {
    "full_name": "acme-corp/api-service",
    "name": "api-service"
  },
  "sender": {
    "login": "grace"
  },
  "_safeops_extended": {
    "raw_logs": "=== Step: upload_artifacts ===\n[12:52:17] INFO: Starting build process\nTest Suites: 47 passed, 34 total\nCoverage: 76% statements, 96% branches\n[12:52:17] INFO: Cache refreshed\nCache miss for key-9742\nStep 9/22: Linting\nStep 8/22: Deploying\n  PASS: test_api_health (170ms)\n[12:52:17] INFO: Request completed\nCompleted.\nStep 3/19: Installing dependencies\n\u2713 Task completed in 4983ms\nNODE_ENV=production\n  PASS: unit/test_api_health.spec.js\nChecking out master branch\nnpm notice: created a lockfile\n\u2713 Task completed in 4613ms\n[12:52:17] INFO: Request completed\nGET /status - 204 (91ms)\n[12:52:17] INFO: Cache refreshed\nnpm install: resolved 1293 packages\nNODE_ENV=test\n[12:52:17] INFO: Processing request\nTests: 73 passed, 61 total\n[12:52:17] DEBUG: Loading configuration\nEnvironment: staging\nArtifact uploaded: dist.zip (10MB)\n[12:52:17] INFO: Request completed\nLayer 6/10: RUN command\nArtifact uploaded: build.tar.gz (4MB)\n\u2713 Step 'test' succeeded\npip: Installing build dependencies...\nBuilding Docker image...\n[12:52:17] INFO: Connecting to database\nCache miss for key-7857\n\u26a0 DEPRECATION: Feature will be removed in v3.0\nTLS handshake completed\nPOST /data - 200 (78ms)\nImage pulled successfully\nOptimizing 45 modules...\nWaiting...\nGET /api - 200 (79ms)\npip: Installing build dependencies...\nSnapshots: 42 passed, 0 total\n[12:52:17] DEBUG: Initializing service\nCompiling src/service.java...\nUsing Python 3.10\nCoverage: 92% statements, 65% branches\n[12:52:17] INFO: Connecting to database\n[12:52:17] WARN: Deprecated API usage\nTransforming 129 files...\n[12:52:17] DEBUG: Query executed in 41ms\nStep 6/16: Installing dependencies\nnpm install: resolved 1119 packages\nyarn add: Done in 2.70s\n[12:52:17] DEBUG: Memory usage: 1601MB\n  PASS: test_user_create (74ms)\nArtifact downloaded: 17MB\nnpm install: resolved 1927 packages\n[12:52:17] DEBUG: Query executed in 10ms\nGET /status - 204 (72ms)\n\u2717 build failed with exit code 35\nCompleted.\nException: RuntimeError\n\u26a0 DEPRECATION: Feature will be removed in v5.0\nVerifying...\n\u2713 Step 'checkout' succeeded\nStep 4/16: Testing\npip: Collecting jest\nBuilding Docker image...\nLoading...\nStep 5/16: Linting\n  PASS: e2e/test_cache_hit.spec.js\nWARNING: react has known vulnerabilities\n\u26a0 DEPRECATION: Feature will be removed in v3.0\n\u2713 All checks passed\n\u26a0 DEPRECATION: Feature will be removed in v2.0\nTest Suites: 17 passed, 11 total\nException: TypeError\nPlatform: linux-x64\nArtifact uploaded: build.tar.gz (3MB)\npip: Installing build dependencies...\nCompiling src/app.ts...\n\u2713 Task completed in 1689ms\nOK\n[12:52:17] DEBUG: Loading configuration\nStep 18/24: Building\npip: Installing build dependencies...\n[12:52:17] INFO: Processing request\nUsing Python 3.9\nTests: 93 passed, 167 total\nStep 9/23: Deploying\nPushing to registry...\nCompleted.\nTests: 268 passed, 195 total\nnpm install: added 299 packages\nCompiling src/service.java...\nCache saved successfully\nAlready up to date.\npip: Installing build dependencies...\nSwitched to branch 'feature/task-850'\nOK\nWaiting...\nConnection established\nnpm notice: created a lockfile\n\u2713 Task completed in 1648ms\n[12:52:17] WARN: Deprecated API usage\nCompiling components/service.java...\nUsing Python 3.12\nTests: 491 passed, 369 total\n[12:52:17] DEBUG: Loading configuration\nStep 15/23: Installing dependencies\n[12:52:17] DEBUG: Loading configuration\nCompiling utils/service.java...\nFetching submodules...\nNODE_ENV=test\nCache restored successfully (307MB)\nStep 14/15: Testing\nArtifact uploaded: build.tar.gz (15MB)\npip: Downloading express-4.15.tar.gz\n[12:52:17] INFO: Processing request\n\u2713 Step 'build' succeeded\nSwitched to branch 'bugfix/task-424'\n[12:52:17] DEBUG: Memory usage: 238MB\n\u26a0 DEPRECATION: Feature will be removed in v4.0\npip install: Successfully installed prettier-4.4\n[12:52:17] INFO: Connecting to database\n\u26a0 DEPRECATION: Feature will be removed in v2.0\nCompiling src/index.js...\nCompiling src/main.py...\nArtifact uploaded: build.tar.gz (47MB)\n  PASS: test_cache_hit (429ms)\nCompleted.\n  PASS: test_api_health (380ms)\nnpm install: added 83 packages\nPushing to registry...\n[12:52:17] WARN: Deprecated API usage\nCompleted.\n\u26a0 DEPRECATION: Feature will be removed in v5.0\n  PASS: e2e/test_auth_login.spec.js\nStep 13/23: Running migrations\n[12:52:17] INFO: Request completed\npip: Collecting react\nCompiling lib/app.ts...\nAlready up to date.\nProcessing...\nEnvironment: staging\nFinished.\nTests: 494 passed, 334 total\n\u26a0 DEPRECATION: Feature will be removed in v5.0\nOK\nStep 15/21: Building\n\u26a0 DEPRECATION: Feature will be removed in v5.0\nSnapshots: 21 passed, 48 total\nBuilding Docker image...\npip: Installing build dependencies...\nSuccess!\n[12:52:17] WARN: Deprecated API usage\nLoading...\nnpm install: resolved 1592 packages\nAlready up to date.\nCache saved successfully\nGenerating source maps...\nCreating production build...\nPushing to registry...\n\u26a0 DEPRECATION: Feature will be removed in v2.0\nCache restored successfully (393MB)\n  PASS: unit/test_user_create.spec.js\nFAILED: test_db_connect\nFinished.\n[12:52:17] INFO: Cache refreshed\nStep 5/23: Deploying\n\u2713 All checks passed\nnpm install: resolved 1403 packages\nLoading...\n[12:52:17] DEBUG: Connection pool: 18 active\nLoading...\nVerifying...\nFAILED: test_user_create\nStep 15/23: Running migrations\nStep 12/21: Running migrations\nChecking out main branch\npip: Downloading react-5.5.tar.gz\n[12:52:17] WARN: Deprecated API usage\nUsing Python 3.10\nAlready up to date.\n[12:52:17] DEBUG: Query executed in 98ms\nArtifact uploaded: dist.zip (99MB)\nnpm install: resolved 777 packages\nMinifying app.js\n\u2713 Task completed in 2254ms\nException: NullPointerException\n[12:52:17] INFO: Request completed\npip: Collecting webpack\n[12:52:17] DEBUG: Initializing service\n[12:52:17] WARN: Deprecated API usage\n\u2713 package completed\nImage pulled successfully\nCache saved successfully\npip: Downloading prettier-3.15.tar.gz\nUploading artifact 'dist' (9 files)\nnpm install: resolved 897 packages\nnpm install: resolved 1871 packages\nImage pulled successfully\nCompleted.\nCache saved successfully\nRan 139 tests in 4s\nMinifying app.js\nPulling image: alpine:latest\nSnapshots: 22 passed, 5 total\nWARNING: prettier has known vulnerabilities\nCompiling utils/utils.go...\nMinifying vendor.js\n[12:52:17] INFO: Connecting to database\nEnvironment: test\nnpm install: added 210 packages\n  PASS: e2e/test_api_health.spec.js\nPlatform: linux-x64\nPulling image: node:3.11\nBundling runtime.css\nnpm install: added 49 packages\nWARNING: prettier has known vulnerabilities\nCompiling lib/handler.rs...\nLoading...\n[12:52:17] DEBUG: Loading configuration\nHEAD is now at baaafbe\npip: Downloading eslint-3.12.tar.gz\nCompiling components/service.java...\nnpm install: added 183 packages\nSuccess!\nCoverage: 74% statements, 100% branches\nCreating production build...\nWaiting...\nStep 16/21: Linting\nChecking out main branch\nTime: 105.293s\nLoading...\nSnapshots: 24 passed, 7 total\nArtifact uploaded: build.tar.gz (30MB)\nLayer 7/13: COPY command\nUsing Node.js 15.5.1\nUploading artifact 'dist' (14 files)\n[12:52:17] INFO: Connecting to database\n[12:52:17] DEBUG: Loading configuration\n\u2713 Task completed in 1905ms\nLoading...\nArtifact uploaded: build.tar.gz (7MB)\nChecking out master branch\nStep 13/22: Building\n[12:52:17] DEBUG: Query executed in 89ms\nArtifact uploaded: build.tar.gz (31MB)\nCache saved successfully\n\u26a0 DEPRECATION: Feature will be removed in v5.0\n\u2713 lint completed\nProcessing...\n  PASS: integration/test_auth_login.spec.js\nCache saved successfully\nCache invalidated: node_modules\nFetching from https://npmjs.org/package.json\nOptimizing 80 modules...\nArtifact uploaded: build.tar.gz (35MB)\nReady.\nOptimizing 70 modules...\nException: NullPointerException\nEnvironment: staging\nUsing Python 3.12\n\u2713 lint completed\nStep 10/21: Linting\nCompiling utils/index.js...\n\u2713 Step 'checkout' succeeded\nOK\n  PASS: test_api_health (491ms)\nCache invalidated: dependencies\n=== Step upload_artifacts completed ===\n=== Step: build ===\nPulling image: alpine:3.11\nCompiling lib/utils.go...\nPulling image: python:3.11\nCache restored successfully (264MB)\n[12:52:17] WARN: Deprecated API usage\npip install: Successfully installed eslint-2.17\n\u26a0 DEPRECATION: Feature will be removed in v2.0\nArtifact uploaded: dist.zip (60MB)\nUsing Node.js 16.8.3\nFAILED: test_api_health\nImage pulled successfully\nPOST /data - 201 (450ms)\nCompiling components/app.ts...\nHEAD is now at 5ecde22\nyarn add: Done in 15.25s\nWARNING: express has known vulnerabilities\n\u2713 build completed\nProcessing...\nArtifact uploaded: build.tar.gz (46MB)\nAlready up to date.\nImage pulled successfully\n\u26a0 DEPRECATION: Feature will be removed in v2.0\nPlatform: linux-x64\n\u2713 Step 'checkout' succeeded\nnpm notice: package.json updated\nOK\n[12:52:17] DEBUG: Query executed in 33ms\n\u2717 build failed with exit code 66\nCache invalidated: node_modules\nReady.\nStep 13/19: Running migrations\nTLS handshake completed\nAlready up to date.\nSnapshots: 41 passed, 34 total\nTests: 427 passed, 207 total\nCache miss for key-5218\nFAILED: test_user_create\nSwitched to branch 'feature/task-590'\nTransforming 498 files...\nCache saved successfully\nTransforming 660 files...\n[12:52:17] INFO: Processing request\nCache hit for key-5867\nVerifying...\nGenerating source maps...\n\u2713 Step 'checkout' succeeded\nFetching submodules...\nWaiting...\nConnection established\nCompiling utils/main.py...\n\u2713 Task completed in 4188ms\nRan 162 tests in 4s\n[12:52:17] WARN: Deprecated API usage\nCoverage: 82% statements, 79% branches\nStep 7/20: Building\nTest Suites: 8 passed, 47 total\nImage pulled successfully\nTime: 52.624s\nCreating production build...\nPlatform: darwin-arm64\nWARNING: prettier has known vulnerabilities\nBundling vendor.css\nRan 43 tests in 57s\nCache miss for key-1493\n\u26a0 DEPRECATION: Feature will be removed in v5.0\nCompiling utils/app.ts...\n[12:52:17] WARN: Deprecated API usage\nPlatform: darwin-arm64\nImage pulled successfully\n[12:52:17] DEBUG: Query executed in 13ms\nChecking out master branch\n[12:52:17] DEBUG: Query executed in 33ms\nyarn add: Done in 2.75s\n[12:52:17] INFO: Cache refreshed\nyarn add: Done in 1.76s\nGenerating source maps...\nCompiling components/service.java...\nReady.\n[12:52:17] DEBUG: Loading configuration\nCache invalidated: dependencies\nInstalling eslint@3.0.7\nAlready up to date.\n[12:52:17] DEBUG: Query executed in 66ms\n[12:52:17] INFO: Request completed\nStep 20/25: Deploying\n\u2713 Step 'build' succeeded\nStep 9/18: Deploying\n\u26a0 DEPRECATION: Feature will be removed in v3.0\nFetching from https://npmjs.org/package.json\nOK\nWaiting...\nReady.\nException: TypeError\nPlatform: darwin-arm64\nFetching from https://registry.npmjs.org/package.json\n[12:52:17] INFO: Connecting to database\nPushing to registry...\nPulling image: alpine:latest\n[12:52:17] INFO: Processing request\npip: Collecting jest\nCompiling lib/utils.go...\nRan 129 tests in 20s\nTime: 36.415s\nUsing Python 3.9\nReady.\nFetching from https://npmjs.org/package.json\nWARNING: react has known vulnerabilities\nInstalling prettier@4.10.5\n\u2713 Task completed in 3122ms\nPushing to registry...\nVerifying...\n[12:52:17] DEBUG: Loading configuration\n\u2713 Task completed in 753ms\nTransforming 229 files...\nFetching submodules...\nMinifying vendor.js\nCompiling lib/main.py...\nHEAD is now at 085d17c\nUsing Node.js 18.13.2\nMinifying app.js\nCache invalidated: build\n  PASS: unit/test_user_create.spec.js\n[12:52:17] DEBUG: Query executed in 48ms\nHEAD is now at 21daab6\nStep 1/19: Testing\n[12:52:17] ERROR: Connection failed\n  PASS: e2e/test_cache_hit.spec.js\nInstalling prettier@3.20.6\nWaiting...\nLayer 10/14: COPY command\n[12:52:17] DEBUG: Memory usage: 1795MB\n[12:52:17] DEBUG: Memory usage: 874MB\nStep 6/17: Testing\nLayer 5/11: COPY command\nFAILED: test_auth_login\nnpm notice: package.json updated\nChecking out master branch\nnpm notice: package.json updated\nUsing Python 3.10\nUploading artifact 'coverage' (21 files)\nLayer 9/13: RUN command\n[12:52:17] INFO: Processing request\n[12:52:17] ERROR: Connection failed\nCompiling components/utils.go...\n  PASS: e2e/test_cache_hit.spec.js\nChecking out develop branch\nWARNING: eslint has known vulnerabilities\nCache hit for key-2351\nnpm install: added 200 packages\nUsing Node.js 16.10.8\n[12:52:17] WARN: Deprecated API usage\n\u26a0 DEPRECATION: Feature will be removed in v4.0\nCache hit for key-2542\n  PASS: unit/test_user_create.spec.js\nWaiting...\nPOST /api - 202 (452ms)\nPlatform: win32-x64\nSuccess!\n[12:52:17] ERROR: Connection failed\nCompiling components/index.js...\nRan 109 tests in 7s\nBundling main.js\nPushing to registry...\nImage pulled successfully\nUsing Python 3.12\nStep 11/21: Installing dependencies\nOK\nConnection established\n[12:52:17] DEBUG: Initializing service\nLayer 2/10: ENV command\nnpm notice: package.json updated\nGET /status - 204 (90ms)\nnpm notice: created a lockfile\nPulling image: python:3.11\nStep 5/16: Running migrations\nFinished.\nCache invalidated: dependencies\nUploading artifact 'coverage' (8 files)\n[12:52:17] DEBUG: Memory usage: 373MB\nChecking out develop branch\nTLS handshake completed\npip: Installing build dependencies...\nStep 16/19: Deploying\nArtifact downloaded: 32MB\nSnapshots: 46 passed, 9 total\nHEAD is now at 9cfee81\nHEAD is now at 1401ee0\n\u2713 lint completed\nStep 10/19: Deploying\n[12:52:17] DEBUG: Query executed in 65ms\n[12:52:17] INFO: Request completed\n[12:52:17] INFO: Starting build process\nCoverage: 85% statements, 66% branches\nCache hit for key-2980\nUploading artifact 'coverage' (14 files)\nTLS handshake completed\nSuccess!\nnpm notice: package.json updated\nCompiling lib/handler.rs...\nOK\npip: Collecting jest\nArtifact downloaded: 37MB\n[12:52:17] WARN: Deprecated API usage\nChecking out master branch\nTests: 171 passed, 112 total\nImage pulled successfully\nNODE_ENV=production\nWARNING: eslint has known vulnerabilities\npip: Downloading prettier-1.16.tar.gz\nCompleted.\n\u2713 All checks passed\nCompiling utils/utils.go...\n\u26a0 DEPRECATION: Feature will be removed in v5.0\nCompiling src/handler.rs...\nOptimizing 40 modules...\npip: Downloading express-1.6.tar.gz\n[12:52:17] INFO: Request completed\nUsing Node.js 16.9.7\nStep 5/17: Running migrations\n\u26a0 DEPRECATION: Feature will be removed in v5.0\n[12:52:17] INFO: Processing request\nGenerating source maps...\n\u26a0 DEPRECATION: Feature will be removed in v4.0\npip: Collecting webpack\n[12:52:17] WARN: Deprecated API usage\nnpm install: added 454 packages\nCache invalidated: node_modules\nStep 12/22: Running migrations\n\u2713 All checks passed\n[12:52:17] WARN: Deprecated API usage\n\u2713 Step 'build' succeeded\nPushing to registry...\nMinifying app.js\nStep 13/20: Linting\nArtifact uploaded: build.tar.gz (6MB)\n  PASS: test_auth_login (475ms)\n[12:52:17] INFO: Connecting to database\nOptimizing 63 modules...\n\u2713 Step 'checkout' succeeded\nTime: 102.9s\nStep 20/17: Linting\nCache miss for key-8396\nConnection established\nCache hit for key-7352\nVerifying...\nSnapshots: 39 passed, 20 total\nFetching submodules...\nConnection established\nConnection established\nTLS handshake completed\nLayer 7/11: ENV command\nFinished.\nInstalling jest@4.14.3\n\u26a0 DEPRECATION: Feature will be removed in v3.0\n[12:52:17] INFO: Request completed\nImage pulled successfully\nHEAD is now at 7f5fc51\nUploading artifact 'coverage' (3 files)\n[12:52:17] INFO: Starting build process\npip: Installing build dependencies...\nInstalling prettier@4.3.9\nRan 100 tests in 53s\n\u2713 Task completed in 1705ms\nArtifact downloaded: 45MB\nLayer 5/8: ENV command\nStep 14/25: Testing\nStep 19/23: Linting\nNODE_ENV=development\n[12:52:17] INFO: Processing request\nCache restored successfully (126MB)\n[12:52:17] INFO: Processing request\nTLS handshake completed\nFetching from https://github.com/package.json\n=== Step build completed ===\n=== Step: setup_node ===\nCreating production build...\n\u2713 validate completed\npip: Downloading webpack-2.7.tar.gz\nBundling main.js\n\u2713 Task completed in 1715ms\n\u2713 All checks passed\n[12:52:17] INFO: Cache refreshed\nUploading artifact 'dist' (41 files)\nHEAD is now at 07e315e\nUsing Python 3.11\nArtifact downloaded: 15MB\nLoading...\nConnection established\npip install: Successfully installed eslint-1.5\npip: Downloading lodash-4.0.tar.gz\nArtifact downloaded: 15MB\nnpm install: added 340 packages\nDone.\nRan 82 tests in 15s\nnpm notice: created a lockfile\nSnapshots: 12 passed, 48 total\nCache hit for key-5656\nArtifact uploaded: build.tar.gz (2MB)\n[12:52:18] INFO: Starting build process\n[12:52:18] WARN: Deprecated API usage\nCompiling utils/index.js...\npip: Downloading express-4.9.tar.gz\nCache miss for key-8597\nPulling image: python:3.11\n  PASS: integration/test_auth_login.spec.js\nStep 7/18: Deploying\nSuccess!\nEnvironment: staging\nCompiling src/utils.go...\n[12:52:18] INFO: Connecting to database\nAlready up to date.\nPushing to registry...\nPulling image: alpine:latest\nTime: 14.429s\nConnection established\n\u26a0 DEPRECATION: Feature will be removed in v3.0\nWARNING: prettier has known vulnerabilities\nStep 1/16: Running migrations\nDone.\n[12:52:18] WARN: Deprecated API usage\n\u2713 Task completed in 4414ms\npip install: Successfully installed express-3.12\nTransforming 836 files...\nFinished.\nImage pulled successfully\n[12:52:18] DEBUG: Memory usage: 1341MB\nStep 12/24: Building\nCache restored successfully (428MB)\nFetching from https://amazonaws.com/package.json\nnpm install: resolved 846 packages\n[12:52:18] DEBUG: Memory usage: 1009MB\nBuilding Docker image...\nCache restored successfully (425MB)\nCache invalidated: dependencies\nUsing Node.js 15.17.9\nnpm notice: created a lockfile\npip: Installing build dependencies...\nnpm notice: created a lockfile\nnpm install: added 39 packages\nCompiling utils/handler.rs...\n[12:52:18] WARN: Deprecated API usage\nGET /api - 200 (15ms)\n[12:52:18] WARN: Deprecated API usage\n[12:52:18] DEBUG: Initializing service\nUsing Python 3.10\nCoverage: 80% statements, 97% branches\nFetching from https://githubusercontent.com/package.json\nOK\n[12:52:18] DEBUG: Connection pool: 17 active\nCompiling lib/app.ts...\nTransforming 984 files...\n\u2713 Task completed in 4053ms\nStep 11/18: Building\nConnection established\nHEAD is now at 7a764c5\nCompiling src/handler.rs...\nEnvironment: production\nUsing Node.js 18.4.5\nCache invalidated: build\nPushing to registry...\nPlatform: darwin-arm64\nTest Suites: 49 passed, 17 total\nyarn add: Done in 1.29s\n\u2713 Step 'setup' succeeded\nWARNING: express has known vulnerabilities\n[12:52:18] DEBUG: Initializing service\nWaiting...\n[12:52:18] INFO: Request completed\nCompiling lib/app.ts...\nFAILED: test_user_create\nStep 12/20: Testing\n[12:52:18] ERROR: Connection failed\nFetching submodules...\nOK\nHEAD is now at d800087\nStep 14/15: Running migrations\nCreating production build...\nException: RuntimeError\nNODE_ENV=test\n\u2713 All checks passed\nFinished.\nPlatform: darwin-arm64\nnpm install: added 307 packages\n[12:52:18] INFO: Processing request\nUploading artifact 'dist' (20 files)\n[12:52:18] INFO: Request completed\n\u26a0 DEPRECATION: Feature will be removed in v4.0\nyarn add: Done in 13.42s\nSwitched to branch 'hotfix/task-346'\n[12:52:18] DEBUG: Query executed in 31ms\nCompiling utils/utils.go...\nCompleted.\n\u2713 deploy completed\n\u2713 deploy completed\nEnvironment: staging\nUsing Node.js 20.18.3\nStep 3/24: Installing dependencies\nCoverage: 75% statements, 92% branches\n\u2713 Step 'install' succeeded\nWARNING: react has known vulnerabilities\nPOST /upload - 200 (396ms)\nCache hit for key-5988\nProcessing...\nyarn add: Done in 18.82s\n\u2713 Step 'checkout' succeeded\n\u2713 All checks passed\n[12:52:18] WARN: Deprecated API usage\nPlatform: darwin-arm64\nTLS handshake completed\nRan 120 tests in 36s\nFAILED: test_db_connect\n\u2713 lint completed\n[12:52:18] INFO: Cache refreshed\nArtifact uploaded: build.tar.gz (18MB)\n\u26a0 DEPRECATION: Feature will be removed in v4.0\nBundling main.js\nOptimizing 96 modules...\nPulling image: node:latest\npip: Downloading lodash-1.7.tar.gz\nChecking out master branch\n[12:52:18] INFO: Request completed\n[12:52:18] ERROR: Connection failed\n[12:52:18] INFO: Processing request\nStep 16/24: Running migrations\nCompiling utils/index.js...\nFAILED: test_auth_login\nStep 15/23: Building\n[12:52:18] INFO: Cache refreshed\nStep 11/22: Testing\nConnection established\nUsing Python 3.12\nGET /api - 204 (46ms)\nImage pulled successfully\nBuilding Docker image...\nSuccess!\nChecking out master branch\n[12:52:18] INFO: Request completed\nVerifying...\nCache hit for key-5388\nTest Suites: 10 passed, 8 total\nAlready up to date.\n\u2717 build failed with exit code 112\nEnvironment: production\nPulling image: node:18\n\u2713 Task completed in 3748ms\nWARNING: express has known vulnerabilities\nSnapshots: 25 passed, 44 total\nUploading artifact 'dist' (10 files)\nLayer 6/11: ENV command\nRan 63 tests in 60s\nCache miss for key-1091\n[12:52:18] INFO: Processing request\n[12:52:18] ERROR: Connection failed\nTLS handshake completed\nTests: 233 passed, 98 total\n[12:52:18] DEBUG: Query executed in 99ms\nGET /api - 200 (40ms)\nCache invalidated: build\n[12:52:18] WARN: Deprecated API usage\nnpm notice: created a lockfile\nTime: 105.775s\nGenerating source maps...\nCompiling src/main.py...\n[12:52:18] DEBUG: Loading configuration\nInstalling prettier@2.7.10\nCompleted.\n[12:52:18] DEBUG: Query executed in 95ms\nWARNING: axios has known vulnerabilities\nOK\nCompiling src/main.py...\n[12:52:18] INFO: Processing request\nUsing Python 3.12\nArtifact uploaded: build.tar.gz (21MB)\nProcessing...\nAlready up to date.\nBuilding Docker image...\nReady.\npip install: Successfully installed lodash-4.19\nTest Suites: 6 passed, 13 total\nLoading...\nInstalling express@2.0.3\nTransforming 580 files...\nHEAD is now at 01a8444\nCache saved successfully\nSuccess!\n\u26a0 DEPRECATION: Feature will be removed in v2.0\n[12:52:18] ERROR: Connection failed\nArtifact uploaded: build.tar.gz (31MB)\nTLS handshake completed\nUsing Node.js 20.16.6\nInstalling jest@5.18.7\nFetching submodules...\nnpm install: resolved 1103 packages\nPulling image: node:latest\nBundling vendor.css\n[12:52:18] DEBUG: Memory usage: 408MB\nMinifying main.js\nStep 18/19: Deploying\nProcessing...\nLoading...\nAlready up to date.\nStep 2/22: Deploying\nCompiling lib/handler.rs...\n[12:52:18] DEBUG: Connection pool: 2 active\n[12:52:18] INFO: Connecting to database\n[12:52:18] DEBUG: Memory usage: 1789MB\n[12:52:18] DEBUG: Loading configuration\nSnapshots: 9 passed, 12 total\n[12:52:18] DEBUG: Query executed in 81ms\nProcessing...\n  PASS: unit/test_cache_hit.spec.js\nStep 2/15: Running migrations\npip: Collecting eslint\nSuccess!\nTests: 89 passed, 309 total\nnpm notice: created a lockfile\nHEAD is now at a7142a5\nArtifact downloaded: 42MB\nCompleted.\nEnvironment: staging\nCompiling components/app.ts...\n[12:52:18] WARN: Deprecated API usage\nBundling runtime.css\n[12:52:18] INFO: Request completed\nCache invalidated: build\nCreating production build...\nOptimizing 16 modules...\nFinished.\nArtifact downloaded: 26MB\nCompiling utils/index.js...\npip: Downloading webpack-2.16.tar.gz\n[12:52:18] INFO: Starting build process\nOK\nGET /api - 200 (84ms)\nOptimizing 14 modules...\nCache hit for key-3206\nnpm notice: package.json updated\nTests: 340 passed, 197 total\nStep 17/23: Building\nUsing Node.js 14.6.5\nSnapshots: 10 passed, 7 total\npip: Collecting axios\nStep 7/24: Testing\nCompiling lib/service.java...\nSnapshots: 46 passed, 44 total\nStep 4/21: Testing\nRan 157 tests in 26s\nOptimizing 83 modules...\n=== Step setup_node completed ===\n=== Step: install_dependencies ===\nTLS handshake completed\nPOST /api - 202 (430ms)\nCache saved successfully\nPushing to registry...\nCache saved successfully\npip install: Successfully installed lodash-3.0\nSwitched to branch 'hotfix/task-966'\nRan 162 tests in 27s\npip: Collecting axios\nCompiling components/utils.go...\nUsing Python 3.10\nAlready up to date.\nHEAD is now at 2a90b59\nSwitched to branch 'bugfix/task-774'\n[12:52:18] WARN: Deprecated API usage\n[12:52:18] DEBUG: Initializing service\nGenerating source maps...\n  PASS: integration/test_api_health.spec.js\nUsing Python 3.10\nInstalling eslint@3.15.0\nTime: 119.987s\npip: Collecting lodash\nConnection established\nStep 16/15: Testing\n[12:52:18] ERROR: Connection failed\nTLS handshake completed\nMinifying app.js\n[12:52:18] DEBUG: Initializing service\nBuilding Docker image...\nOptimizing 80 modules...\nCache invalidated: node_modules\nCache restored successfully (339MB)\nNODE_ENV=test\nTest Suites: 36 passed, 10 total\nProcessing...\nUploading artifact 'dist' (10 files)\nStep 3/23: Installing dependencies\npip: Collecting eslint\nnpm notice: created a lockfile\nUsing Python 3.11\nLoading...\nImage pulled successfully\nInstalling react@3.15.0\nStep 8/21: Linting\nRan 190 tests in 37s\nFAILED: test_user_create\nCache invalidated: build\nInstalling lodash@1.13.10\n\u2713 Task completed in 1461ms\nStep 5/24: Running migrations\nVerifying...\n[12:52:18] INFO: Starting build process\nPlatform: darwin-arm64\nCreating production build...\n\u2717 build failed with exit code 98\nCoverage: 76% statements, 73% branches\nInstalling express@5.0.6\nWaiting...\n\u26a0 DEPRECATION: Feature will be removed in v4.0\npip install: Successfully installed express-4.6\nUsing Node.js 17.13.6\nImage pulled successfully\n\u26a0 DEPRECATION: Feature will be removed in v5.0\nSnapshots: 21 passed, 43 total\n[12:52:18] WARN: Deprecated API usage\nCoverage: 95% statements, 78% branches\nStep 4/17: Linting\nCache hit for key-6127\nWaiting...\nCache hit for key-8507\nCompiling utils/main.py...\nnpm notice: created a lockfile\nReady.\nCache saved successfully\nSwitched to branch 'bugfix/task-934'\n\u26a0 DEPRECATION: Feature will be removed in v3.0\nSwitched to branch 'hotfix/task-637'\nCompiling utils/index.js...\nCache hit for key-3502\n[12:52:18] DEBUG: Connection pool: 3 active\n[12:52:18] ERROR: Connection failed\n\u26a0 DEPRECATION: Feature will be removed in v3.0\n[12:52:18] INFO: Starting build process\nWARNING: eslint has known vulnerabilities\nCache invalidated: node_modules\nLoading...\n\u26a0 DEPRECATION: Feature will be removed in v4.0\nTime: 2.757s\nPulling image: alpine:3.11\nUsing Node.js 20.13.6\nnpm install: added 118 packages\nCreating production build...\n[12:52:18] DEBUG: Loading configuration\nArtifact downloaded: 43MB\nCache miss for key-2127\nCache hit for key-8297\n\u26a0 DEPRECATION: Feature will be removed in v4.0\nStep 3/18: Running migrations\nCache hit for key-1473\nCoverage: 90% statements, 67% branches\nProcessing...\nSuccess!\nSuccess!\nTime: 107.716s\nCompleted.\npip install: Successfully installed axios-1.17\n[12:52:18] INFO: Processing request\nFinished.\nFinished.\nTransforming 905 files...\npip: Collecting lodash\nUploading artifact 'build' (40 files)\nSwitched to branch 'feature/task-396'\nCompleted.\nProcessing...\nWARNING: express has known vulnerabilities\nWARNING: express has known vulnerabilities\nCompleted.\nVerifying...\nArtifact uploaded: build.tar.gz (39MB)\nCompiling src/handler.rs...\nNODE_ENV=test\nPlatform: win32-x64\n\u2713 Step 'test' succeeded\n\u2713 All checks passed\npip install: Successfully installed eslint-5.8\nNODE_ENV=test\n\u2717 build failed with exit code 41\nSuccess!\nReady.\nRan 116 tests in 21s\nException: ValueError\nnpm install: resolved 168 packages\nAlready up to date.\nCompiling lib/app.ts...\nArtifact uploaded: build.tar.gz (41MB)\nTime: 114.645s\nImage pulled successfully\nyarn add: Done in 28.57s\nTransforming 556 files...\nLayer 1/13: COPY command\nOK\nTest Suites: 6 passed, 33 total\n[12:52:18] WARN: Deprecated API usage\nStep 19/21: Running migrations\npip: Downloading react-2.7.tar.gz\nOptimizing 96 modules...\nFetching from https://gcr.io/package.json\nReady.\n[12:52:18] INFO: Processing request\nEnvironment: staging\nVerifying...\nCreating production build...\nFetching from https://docker.io/package.json\n\u2713 build completed\nRan 175 tests in 33s\n\u2713 Task completed in 4817ms\nCompleted.\nArtifact downloaded: 17MB\nCache miss for key-6779\nTest Suites: 25 passed, 35 total\nTLS handshake completed\n\u26a0 DEPRECATION: Feature will be removed in v2.0\n  PASS: unit/test_user_create.spec.js\n\u2713 Step 'setup' succeeded\nStep 7/17: Building\nHEAD is now at c16bb30\nWARNING: eslint has known vulnerabilities\nArtifact uploaded: build.tar.gz (32MB)\nArtifact uploaded: dist.zip (18MB)\nBundling vendor.js\nStep 6/17: Deploying\n\u26a0 DEPRECATION: Feature will be removed in v3.0\nTransforming 160 files...\nLoading...\nBuilding Docker image...\nCache restored successfully (61MB)\n[12:52:18] INFO: Processing request\nStep 11/21: Linting\nUsing Node.js 17.5.10\nUsing Python 3.12\nRan 41 tests in 45s\n[12:52:18] INFO: Request completed\nStep 7/19: Running migrations\nSuccess!\nCreating production build...\n\u26a0 DEPRECATION: Feature will be removed in v3.0\nCoverage: 74% statements, 70% branches\nNODE_ENV=test\nFinished.\nCache restored successfully (348MB)\nWARNING: webpack has known vulnerabilities\n\u2713 Task completed in 356ms\nFetching from https://github.com/package.json\nEnvironment: staging\nCache invalidated: dependencies\nCache saved successfully\nCompiling components/app.ts...\nTest Suites: 12 passed, 13 total\nPulling image: alpine:3.11\nOK\nBuilding Docker image...\n[12:52:18] DEBUG: Connection pool: 16 active\nDone.\nUsing Node.js 19.14.4\nStep 3/15: Linting\nUploading artifact 'coverage' (39 files)\n[12:52:18] INFO: Processing request\nCreating production build...\nPOST /data - 200 (178ms)\nCoverage: 86% statements, 60% branches\npip: Installing build dependencies...\nnpm install: resolved 511 packages\nOK\nWARNING: eslint has known vulnerabilities\nUsing Python 3.12\nDone.\n\u26a0 DEPRECATION: Feature will be removed in v4.0\nCreating production build...\nLayer 8/14: RUN command\npip: Collecting eslint\n[12:52:18] DEBUG: Query executed in 53ms\npip: Downloading lodash-1.9.tar.gz\n\u26a0 DEPRECATION: Feature will be removed in v5.0\n\u26a0 DEPRECATION: Feature will be removed in v2.0\nStep 14/25: Running migrations\nCache hit for key-9470\nCompiling utils/handler.rs...\nPlatform: linux-x64\nCompiling lib/handler.rs...\nPOST /data - 201 (33ms)\nPushing to registry...\n\u2717 build failed with exit code 14\n[12:52:18] DEBUG: Connection pool: 18 active\nProcessing...\npip install: Successfully installed express-1.3\nLayer 2/8: RUN command\nRan 59 tests in 60s\n  PASS: test_auth_login (373ms)\n[12:52:18] DEBUG: Query executed in 74ms\nWARNING: eslint has known vulnerabilities\nSwitched to branch 'feature/task-188'\n\u26a0 DEPRECATION: Feature will be removed in v2.0\nRan 199 tests in 4s\n[12:52:18] WARN: Deprecated API usage\nArtifact uploaded: dist.zip (72MB)\n[12:52:18] DEBUG: Query executed in 15ms\nCoverage: 88% statements, 96% branches\nOptimizing 66 modules...\n[12:52:18] INFO: Starting build process\nStep 16/19: Building\nVerifying...\nVerifying...\nOK\nWaiting...\nChecking out master branch\nTransforming 875 files...\n[12:52:18] INFO: Request completed\nBuilding Docker image...\npip: Installing build dependencies...\nUploading artifact 'dist' (23 files)\nnpm notice: created a lockfile\nGenerating source maps...\nPulling image: node:3.11\nCreating production build...\nStep 8/23: Installing dependencies\nCompiling components/utils.go...\nException: NullPointerException\nPushing to registry...\n  PASS: integration/test_auth_login.spec.js\nStep 19/23: Linting\nGenerating source maps...\nRan 85 tests in 1s\n=== Step install_dependencies completed ===\n=== Step: type_check ===\nRan 199 tests in 54s\nCache invalidated: build\n[12:52:18] DEBUG: Query executed in 15ms\nLoading...\nCache invalidated: node_modules\nLayer 9/12: RUN command\nArtifact downloaded: 19MB\nFinished.\nCache hit for key-8052\nReady.\nSwitched to branch 'hotfix/task-804'\n[12:52:18] INFO: Starting build process\nStep 2/24: Linting\nTLS handshake completed\nChecking out master branch\n[12:52:18] WARN: Deprecated API usage\nSnapshots: 26 passed, 27 total\nWARNING: lodash has known vulnerabilities\n[12:52:18] INFO: Cache refreshed\nCache miss for key-1070\nLayer 2/15: ENV command\nFetching from https://npmjs.org/package.json\n[12:52:18] DEBUG: Initializing service\nCache saved successfully\nCreating production build...\nCache miss for key-9251\nPlatform: linux-x64\npip: Downloading express-3.6.tar.gz\nCompiling components/handler.rs...\nCache miss for key-2326\nSuccess!\nSwitched to branch 'hotfix/task-752'\n[12:52:18] DEBUG: Query executed in 13ms\nUploading artifact 'build' (3 files)\n  PASS: unit/test_db_connect.spec.js\nnpm notice: package.json updated\nyarn add: Done in 20.33s\nReady.\nProcessing...\nRan 185 tests in 6s\nHEAD is now at 527bf98\nUploading artifact 'dist' (5 files)\nArtifact uploaded: dist.zip (88MB)\n[12:52:18] INFO: Starting build process\npip: Installing build dependencies...\nUsing Python 3.10\nCache invalidated: dependencies\n[12:52:18] DEBUG: Connection pool: 10 active\nPulling image: python:latest\nTests: 91 passed, 286 total\n\u2713 All checks passed\nPulling image: python:18\nnpm notice: package.json updated\nTransforming 740 files...\n\u2713 All checks passed\nPulling image: node:3.11\nGenerating source maps...\npip: Installing build dependencies...\n\u2717 build failed with exit code 10\nOK\nCompleted.\nFinished.\nCache invalidated: build\n  PASS: e2e/test_user_create.spec.js\n\u2717 build failed with exit code 119\nSwitched to branch 'bugfix/task-501'\nPushing to registry...\nTests: 320 passed, 325 total\nFAILED: test_db_connect\n\u2713 test completed\n[12:52:18] WARN: Deprecated API usage\nStep 9/18: Installing dependencies\nGenerating source maps...\nLoading...\nStep 7/25: Installing dependencies\nUsing Node.js 20.19.9\n\u2717 build failed with exit code 14\nUsing Node.js 17.20.10\nNODE_ENV=development\n\u26a0 DEPRECATION: Feature will be removed in v2.0\n[12:52:18] INFO: Cache refreshed\nBuilding Docker image...\nPushing to registry...\nnpm install: added 267 packages\nSwitched to branch 'hotfix/task-360'\nPushing to registry...\nPlatform: linux-x64\nReady.\nBundling styles.css\nTests: 409 passed, 485 total\nStep 10/23: Deploying\n[12:52:18] WARN: Deprecated API usage\nConnection established\nFetching submodules...\nArtifact uploaded: build.tar.gz (4MB)\nEnvironment: production\nStep 20/15: Installing dependencies\nWARNING: react has known vulnerabilities\nnpm install: added 130 packages\nStep 8/16: Building\n\u2713 Task completed in 703ms\nArtifact downloaded: 34MB\nLayer 2/11: RUN command\nStep 6/17: Building\n[12:52:18] WARN: Deprecated API usage\nStep 2/15: Installing dependencies\nnpm install: added 79 packages\nFetching from https://githubusercontent.com/package.json\n\u2717 build failed with exit code 122\nOK\nCompiling src/handler.rs...\n[12:52:18] INFO: Starting build process\nTLS handshake completed\nSuccess!\nTests: 147 passed, 75 total\nCache miss for key-5904\nFetching from https://amazonaws.com/package.json\nStep 10/24: Deploying\nBuilding Docker image...\nPushing to registry...\n\u26a0 DEPRECATION: Feature will be removed in v3.0\n[12:52:18] DEBUG: Initializing service\nLoading...\n[12:52:18] INFO: Connecting to database\n\u26a0 DEPRECATION: Feature will be removed in v5.0\nCache restored successfully (304MB)\nFetching submodules...\nTLS handshake completed\npip: Installing build dependencies...\nPlatform: linux-x64\nTransforming 636 files...\nUsing Node.js 20.3.5\nCache hit for key-8843\nException: RuntimeError\nnpm install: added 16 packages\npip: Downloading eslint-1.18.tar.gz\nConnection established\nConnection established\nCompleted.\nPlatform: linux-x64\nCompiling components/index.js...\nBuilding Docker image...\nCache saved successfully\n\u2717 build failed with exit code 48\n  PASS: test_auth_login (226ms)\nCoverage: 72% statements, 100% branches\nStep 2/21: Building\n[12:52:18] INFO: Request completed\n[12:52:18] INFO: Processing request\nCache restored successfully (268MB)\nTest Suites: 44 passed, 23 total\nTest Suites: 27 passed, 36 total\nBuilding Docker image...\nTime: 57.11s\nConnection established\nFinished.\n[12:52:18] DEBUG: Query executed in 98ms\nDone.\n[12:52:18] ERROR: Connection failed\nProcessing...\nProcessing...\n[12:52:18] DEBUG: Query executed in 60ms\nCache miss for key-7035\nBuilding Docker image...\nArtifact uploaded: build.tar.gz (46MB)\n[12:52:18] WARN: Deprecated API usage\nVerifying...\nFetching from https://amazonaws.com/package.json\n[12:52:18] DEBUG: Query executed in 61ms\nFetching from https://registry.npmjs.org/package.json\nCompiling utils/index.js...\nOK\nWARNING: eslint has known vulnerabilities\nFinished.\n  PASS: unit/test_cache_hit.spec.js\npip: Collecting lodash\nPOST /api - 201 (408ms)\npip: Collecting react\nCompiling lib/utils.go...\n[12:52:18] WARN: Deprecated API usage\n[12:52:18] DEBUG: Loading configuration\n  PASS: test_api_health (194ms)\n[12:52:18] DEBUG: Initializing service\nStep 20/20: Deploying\nStep 6/22: Linting\nFetching from https://registry.npmjs.org/package.json\n[12:52:18] INFO: Starting build process\nCreating production build...\nRan 74 tests in 30s\nCompiling src/main.py...\nTests: 123 passed, 65 total\nVerifying...\nSwitched to branch 'bugfix/task-398'\n\u26a0 DEPRECATION: Feature will be removed in v4.0\nnpm install: resolved 144 packages\nWARNING: axios has known vulnerabilities\nOptimizing 38 modules...\nCache hit for key-2145\n[12:52:18] INFO: Cache refreshed\nConnection established\nCache restored successfully (195MB)\nDone.\n[12:52:18] DEBUG: Query executed in 57ms\nTests: 478 passed, 259 total\nCompleted.\nDone.\npip: Collecting lodash\n\u2717 build failed with exit code 55\n[12:52:18] DEBUG: Initializing service\n[12:52:18] DEBUG: Connection pool: 5 active\nCompleted.\npip: Collecting lodash\nArtifact uploaded: dist.zip (48MB)\nReady.\nStep 5/15: Building\nEnvironment: staging\nPlatform: darwin-arm64\n  PASS: test_cache_hit (326ms)\n\u2713 All checks passed\n[12:52:18] INFO: Starting build process\nCache restored successfully (75MB)\n\u26a0 DEPRECATION: Feature will be removed in v4.0\n[12:52:18] INFO: Connecting to database\nDone.\nTests: 327 passed, 245 total\nSnapshots: 20 passed, 15 total\nnpm notice: package.json updated\nRan 163 tests in 38s\nFetching from https://docker.io/package.json\nCompiling utils/handler.rs...\n[12:52:18] DEBUG: Connection pool: 4 active\nProcessing...\nSuccess!\n  PASS: e2e/test_cache_hit.spec.js\nCache restored successfully (439MB)\nHEAD is now at 1092d54\nCache miss for key-6661\n[12:52:18] WARN: Deprecated API usage\nOK\n[12:52:18] WARN: Deprecated API usage\n[12:52:18] WARN: Deprecated API usage\n  PASS: e2e/test_auth_login.spec.js\n[12:52:18] WARN: Deprecated API usage\nWARNING: react has known vulnerabilities\n\u26a0 DEPRECATION: Feature will be removed in v4.0\nRan 67 tests in 58s\nSwitched to branch 'hotfix/task-309'\n[12:52:18] DEBUG: Connection pool: 16 active\nPOST /data - 202 (38ms)\nCompleted.\n[12:52:18] INFO: Processing request\n[12:52:18] INFO: Processing request\n[12:52:18] WARN: Deprecated API usage\nReady.\n  PASS: unit/test_auth_login.spec.js\n  PASS: test_db_connect (132ms)\nGenerating source maps...\n[12:52:18] DEBUG: Connection pool: 11 active\nStep 11/19: Testing\nCoverage: 94% statements, 62% branches\nTransforming 220 files...\n[12:52:18] DEBUG: Memory usage: 1284MB\nLoading...\nCompiling lib/main.py...\npip: Downloading jest-4.11.tar.gz\nnpm notice: created a lockfile\nGenerating source maps...\nCache saved successfully\n[12:52:18] DEBUG: Memory usage: 952MB\nGenerating source maps...\nWaiting...\nOptimizing 43 modules...\nnpm notice: package.json updated\n=== Step type_check completed ===\n=== Step: deploy_production ===\nCompiling src/service.java...\n[12:52:18] INFO: Request completed\nCache hit for key-4316\n\u2713 deploy completed\nLoading...\nStep 4/18: Installing dependencies\nyarn add: Done in 20.86s\nNODE_ENV=production\nPlatform: darwin-arm64\nPulling image: alpine:18\nPulling image: alpine:3.11\nLoading...\nArtifact downloaded: 9MB\nOptimizing 35 modules...\n  PASS: e2e/test_user_create.spec.js\n[12:52:18] INFO: Connecting to database\nCoverage: 84% statements, 89% branches\nCache saved successfully\nCompiling src/app.ts...\nCoverage: 94% statements, 64% branches\n[12:52:18] INFO: Request completed\n\u2717 build failed with exit code 34\nGET /health - 201 (72ms)\nCache invalidated: dependencies\nSuccess!\nCompiling components/main.py...\n[12:52:18] WARN: Deprecated API usage\nUsing Node.js 18.11.10\n[12:52:18] INFO: Processing request\nTest Suites: 19 passed, 37 total\npip: Collecting webpack\n\u26a0 DEPRECATION: Feature will be removed in v2.0\nBundling vendor.css\nCache restored successfully (134MB)\nUsing Python 3.11\nPulling image: python:18\nReady.\nOptimizing 82 modules...\nTests: 292 passed, 139 total\nNODE_ENV=test\nFetching from https://docker.io/package.json\nStep 1/23: Deploying\nOptimizing 20 modules...\nGenerating source maps...\nWARNING: express has known vulnerabilities\nArtifact uploaded: build.tar.gz (35MB)\n[12:52:18] DEBUG: Initializing service\nPlatform: linux-x64\nProcessing...\nCache restored successfully (331MB)\nFAILED: test_api_health\nCompiling src/index.js...\nArtifact downloaded: 15MB\nCompiling utils/app.ts...\nUploading artifact 'coverage' (36 files)\nTransforming 185 files...\n[12:52:18] INFO: Cache refreshed\nCompleted.\nnpm notice: created a lockfile\nUsing Node.js 15.17.1\nCompiling lib/app.ts...\npip install: Successfully installed eslint-3.20\nUploading artifact 'coverage' (31 files)\nEnvironment: production\nStep 20/19: Installing dependencies\n[12:52:18] DEBUG: Initializing service\nWARNING: axios has known vulnerabilities\n[12:52:18] DEBUG: Connection pool: 7 active\nBundling main.css\nStep 20/25: Testing\npip install: Successfully installed eslint-3.16\nFetching from https://googleapis.com/package.json\n[12:52:18] INFO: Processing request\n[12:52:18] DEBUG: Memory usage: 994MB\nWARNING: react has known vulnerabilities\n\u26a0 DEPRECATION: Feature will be removed in v5.0\nAlready up to date.\nLoading...\nnpm notice: package.json updated\nLayer 7/8: COPY command\npip install: Successfully installed prettier-2.17\nStep 19/16: Testing\nCoverage: 77% statements, 71% branches\nGET /api - 200 (34ms)\nOK\n\u26a0 DEPRECATION: Feature will be removed in v5.0\nFinished.\n  PASS: test_db_connect (385ms)\nProcessing...\nCompiling lib/utils.go...\n  PASS: integration/test_api_health.spec.js\nCache restored successfully (180MB)\nyarn add: Done in 6.31s\n[12:52:18] WARN: Deprecated API usage\nCache invalidated: dependencies\nSuccess!\nSnapshots: 6 passed, 10 total\nCache saved successfully\nBuilding Docker image...\nArtifact uploaded: dist.zip (33MB)\nnpm notice: created a lockfile\nCache miss for key-4112\nHEAD is now at 8e40a1e\nWaiting...\nArtifact uploaded: build.tar.gz (37MB)\nCache saved successfully\n\u2713 Step 'setup' succeeded\n\u2713 Step 'setup' succeeded\nStep 4/25: Building\nProcessing...\nLoading...\npip: Downloading prettier-1.5.tar.gz\nCache miss for key-6209\nHEAD is now at 0d8c842\nFinished.\nCache restored successfully (210MB)\nInstalling axios@3.10.4\nyarn add: Done in 17.45s\nArtifact downloaded: 42MB\nUsing Python 3.11\nVerifying...\nCompiling lib/utils.go...\nCache saved successfully\n[12:52:18] INFO: Cache refreshed\nTest Suites: 16 passed, 23 total\n\u2713 All checks passed\nStep 11/18: Testing\nArtifact uploaded: dist.zip (75MB)\nSnapshots: 47 passed, 19 total\n[12:52:18] INFO: Processing request\nFetching from https://googleapis.com/package.json\nLoading...\n\u2713 lint completed\nCompiling lib/utils.go...\nStep 15/19: Deploying\nCache invalidated: build\nnpm notice: package.json updated\nCompiling lib/utils.go...\nUploading artifact 'coverage' (42 files)\nMinifying main.js\nUsing Node.js 15.14.10\nEnvironment: development\nTests: 493 passed, 121 total\n\u26a0 DEPRECATION: Feature will be removed in v3.0\nUsing Python 3.9\nWaiting...\nBundling main.js\nCompiling utils/main.py...\nWARNING: lodash has known vulnerabilities\n[12:52:18] INFO: Request completed\n[12:52:18] INFO: Connecting to database\n\u2713 Task completed in 1265ms\nHEAD is now at 324eab1\n  PASS: test_api_health (362ms)\nCreating production build...\nRan 161 tests in 35s\n[12:52:18] INFO: Cache refreshed\nCoverage: 87% statements, 92% branches\n[12:52:18] INFO: Cache refreshed\n  PASS: test_cache_hit (43ms)\nCache restored successfully (388MB)\n[12:52:18] WARN: Deprecated API usage\n\u2713 validate completed\nnpm notice: package.json updated\n[12:52:18] INFO: Connecting to database\n\u2713 test completed\nHEAD is now at f39ea8a\nCoverage: 100% statements, 91% branches\n[12:52:18] INFO: Connecting to database\n[12:52:18] INFO: Starting build process\nStep 9/15: Building\nStep 6/19: Installing dependencies\n[12:52:18] DEBUG: Initializing service\nWARNING: react has known vulnerabilities\nArtifact downloaded: 22MB\nTests: 191 passed, 283 total\nChecking out develop branch\n\u2713 All checks passed\nnpm install: resolved 1237 packages\n\u26a0 DEPRECATION: Feature will be removed in v4.0\n[12:52:18] INFO: Connecting to database\nOptimizing 39 modules...\nEnvironment: test\nnpm install: resolved 543 packages\nCreating production build...\nStep 2/24: Linting\n\u26a0 DEPRECATION: Feature will be removed in v5.0\nFetching from https://github.com/package.json\nWARNING: webpack has known vulnerabilities\n  PASS: integration/test_user_create.spec.js\nFinished.\nGenerating source maps...\n[12:52:18] INFO: Request completed\nLoading...\nReady.\nCompiling utils/index.js...\nInstalling axios@2.2.4\nInstalling prettier@2.13.6\nCache saved successfully\nStep 20/20: Testing\nInstalling react@5.15.3\nOptimizing 74 modules...\nBundling styles.css\nCompiling utils/app.ts...\nPushing to registry...\nReady.\nTime: 69.329s\nUsing Python 3.11\nRan 28 tests in 48s\n[12:52:18] INFO: Request completed\nCreating production build...\nLoading...\nCompiling src/handler.rs...\nCreating production build...\nTest Suites: 48 passed, 18 total\nPOST /data - 200 (343ms)\n[12:52:18] WARN: Deprecated API usage\nPushing to registry...\nPushing to registry...\nCache saved successfully\nTest Suites: 49 passed, 50 total\npip: Downloading react-3.11.tar.gz\n[12:52:18] INFO: Cache refreshed\n  PASS: test_cache_hit (136ms)\nGenerating source maps...\npip: Collecting axios\nInstalling eslint@3.17.5\nStep 4/22: Testing\nCache miss for key-3091\nPushing to registry...\nStep 8/21: Building\n[12:52:18] INFO: Connecting to database\nReady.\nStep 12/21: Running migrations\nHEAD is now at 9cec7c3\nSwitched to branch 'feature/task-472'\nFetching submodules...\nCompiling components/service.java...\nPOST /upload - 201 (168ms)\nCompiling lib/main.py...\nOK\nCompiling lib/handler.rs...\nProcessing...\nStep 15/17: Deploying\nImage pulled successfully\nMinifying app.js\nSwitched to branch 'bugfix/task-103'\nArtifact uploaded: dist.zip (65MB)\nOK\nArtifact uploaded: dist.zip (28MB)\nEnvironment: staging\nFetching submodules...\nStep 9/15: Installing dependencies\nWARNING: react has known vulnerabilities\nCache restored successfully (20MB)\n\u2713 lint completed\nCache saved successfully\nPushing to registry...\n[12:52:18] DEBUG: Initializing service\nCache invalidated: dependencies\nOK\nCache miss for key-3927\nCompleted.\n[12:52:18] INFO: Starting build process\nStep 14/24: Running migrations\nFetching from https://googleapis.com/package.json\nyarn add: Done in 16.31s\nSwitched to branch 'feature/task-453'\nStep 13/25: Deploying\n[12:52:18] ERROR: Connection failed\nAlready up to date.\nArtifact uploaded: build.tar.gz (19MB)\n[12:52:18] DEBUG: Loading configuration\n=== Step deploy_production completed ===\n=== Step: deploy_staging ===\nSnapshots: 15 passed, 31 total\n[12:52:18] WARN: Deprecated API usage\nnpm install: added 37 packages\nWaiting...\nSuccess!\nArtifact downloaded: 22MB\nLoading...\n  PASS: test_db_connect (347ms)\nImage pulled successfully\nBuilding Docker image...\n[12:52:18] DEBUG: Memory usage: 1236MB\n\u2717 build failed with exit code 106\n[12:52:18] DEBUG: Query executed in 76ms\n[12:52:18] WARN: Deprecated API usage\nArtifact downloaded: 7MB\nOK\n  PASS: e2e/test_cache_hit.spec.js\n  PASS: test_api_health (497ms)\nWARNING: webpack has known vulnerabilities\nNODE_ENV=test\n  PASS: integration/test_user_create.spec.js\n[12:52:18] INFO: Request completed\n[12:52:18] WARN: Deprecated API usage\nWaiting...\nStep 1/25: Deploying\nCache saved successfully\nCompiling src/main.py...\nInstalling prettier@4.4.5\nWaiting...\nRan 108 tests in 35s\nTest Suites: 15 passed, 26 total\nCache miss for key-7636\n[12:52:18] DEBUG: Memory usage: 1084MB\n\u26a0 DEPRECATION: Feature will be removed in v4.0\nFAILED: test_user_create\npip: Collecting prettier\nFetching from https://npmjs.org/package.json\n[12:52:18] INFO: Connecting to database\nyarn add: Done in 4.79s\nLayer 10/13: RUN command\nConnection established\nTLS handshake completed\n\u2713 lint completed\nCache miss for key-1952\nUsing Node.js 14.1.0\n[12:52:18] INFO: Processing request\nCreating production build...\nnpm notice: package.json updated\nCompiling src/main.py...\nCache invalidated: node_modules\nConnection established\nRan 39 tests in 48s\nCreating production build...\nCache hit for key-2653\npip: Collecting react\nnpm notice: package.json updated\nStep 5/17: Running migrations\n[12:52:18] INFO: Cache refreshed\nCache miss for key-8220\nCoverage: 96% statements, 99% branches\nWARNING: eslint has known vulnerabilities\nUsing Python 3.9\nPOST /api - 202 (202ms)\nCompiling src/service.java...\nTime: 39.273s\n  PASS: test_api_health (240ms)\nTest Suites: 41 passed, 48 total\nStep 11/20: Deploying\nLoading...\nFetching submodules...\n[12:52:18] INFO: Processing request\n\u2713 Step 'checkout' succeeded\nCompiling utils/service.java...\nArtifact downloaded: 26MB\nCache miss for key-9801\nReady.\nnpm notice: package.json updated\n[12:52:18] INFO: Request completed\nArtifact downloaded: 20MB\nPOST /upload - 200 (448ms)\nStep 13/21: Building\nPOST /api - 200 (74ms)\nWARNING: jest has known vulnerabilities\nnpm install: resolved 836 packages\nVerifying...\nStep 17/18: Installing dependencies\nInstalling express@5.18.10\n[12:52:18] WARN: Deprecated API usage\nVerifying...\n[12:52:18] DEBUG: Memory usage: 1477MB\nFinished.\nSwitched to branch 'hotfix/task-859'\nnpm notice: package.json updated\nUploading artifact 'build' (49 files)\nArtifact uploaded: build.tar.gz (14MB)\nFetching submodules...\n[12:52:18] DEBUG: Query executed in 99ms\nBuilding Docker image...\n\u2713 Task completed in 2258ms\n\u2713 Step 'install' succeeded\nnpm notice: created a lockfile\n[12:52:18] INFO: Processing request\nSwitched to branch 'hotfix/task-169'\nSwitched to branch 'feature/task-632'\nTests: 229 passed, 314 total\nInstalling react@2.18.7\nnpm install: added 326 packages\nnpm install: resolved 410 packages\nRan 118 tests in 2s\nStep 11/24: Building\nnpm install: resolved 1382 packages\nProcessing...\nConnection established\nAlready up to date.\nSwitched to branch 'hotfix/task-405'\nMinifying main.js\npip: Collecting lodash\n  PASS: integration/test_api_health.spec.js\nTransforming 462 files...\nCompiling utils/utils.go...\nStep 11/15: Running migrations\nGET /health - 204 (72ms)\n\u26a0 DEPRECATION: Feature will be removed in v2.0\n\u2713 build completed\n[12:52:18] DEBUG: Query executed in 56ms\nCompleted.\nPlatform: darwin-arm64\nVerifying...\nGenerating source maps...\nCompiling utils/app.ts...\nTime: 39.646s\nUsing Python 3.9\nGenerating source maps...\nChecking out main branch\nSwitched to branch 'feature/task-222'\nVerifying...\nFinished.\nTLS handshake completed\nException: RuntimeError\nUsing Node.js 15.2.9\nBundling vendor.js\n\u26a0 DEPRECATION: Feature will be removed in v2.0\n\u2713 lint completed\n[12:52:18] DEBUG: Loading configuration\nArtifact uploaded: build.tar.gz (36MB)\nWARNING: jest has known vulnerabilities\nVerifying...\nChecking out master branch\n\u2713 Task completed in 887ms\nStep 18/18: Testing\nTest Suites: 35 passed, 35 total\nNODE_ENV=development\nCompiling lib/utils.go...\nStep 17/25: Testing\nTest Suites: 8 passed, 50 total\nOptimizing 74 modules...\nPulling image: alpine:latest\nChecking out main branch\n[12:52:18] DEBUG: Initializing service\nPulling image: alpine:latest\nUploading artifact 'build' (10 files)\nDone.\nGET /status - 201 (70ms)\nPulling image: alpine:3.11\nCompiling lib/main.py...\nBundling vendor.css\nnpm notice: created a lockfile\nProcessing...\nLoading...\nCompleted.\nCache hit for key-6480\nPlatform: darwin-arm64\nPushing to registry...\n\u2713 All checks passed\nUsing Python 3.10\nPOST /api - 200 (418ms)\n\u2713 lint completed\nProcessing...\n[12:52:18] DEBUG: Loading configuration\nWARNING: lodash has known vulnerabilities\nGET /status - 200 (29ms)\nBuilding Docker image...\nSnapshots: 49 passed, 31 total\n[12:52:18] DEBUG: Query executed in 59ms\nImage pulled successfully\n\u26a0 DEPRECATION: Feature will be removed in v4.0\nBuilding Docker image...\n[12:52:18] INFO: Processing request\nTLS handshake completed\nCompiling components/service.java...\nUploading artifact 'coverage' (3 files)\nStep 14/20: Running migrations\nCache saved successfully\n\u26a0 DEPRECATION: Feature will be removed in v4.0\n[12:52:18] DEBUG: Initializing service\n[12:52:18] WARN: Deprecated API usage\n\u2717 build failed with exit code 27\nFinished.\nHEAD is now at e95748a\nStep 3/18: Installing dependencies\n[12:52:18] WARN: Deprecated API usage\nyarn add: Done in 26.6s\nInstalling prettier@4.11.7\nOptimizing 22 modules...\nProcessing...\nnpm install: resolved 1090 packages\nHEAD is now at 8d3e852\nnpm install: resolved 772 packages\nException: ValueError\nVerifying...\nDone.\n[12:52:18] INFO: Request completed\nGenerating source maps...\n[12:52:18] DEBUG: Connection pool: 19 active\nCompiling components/index.js...\nImage pulled successfully\nAlready up to date.\nTransforming 688 files...\nTLS handshake completed\nCache hit for key-3940\nFetching submodules...\n[12:52:18] INFO: Starting build process\nRan 175 tests in 57s\n[12:52:18] INFO: Connecting to database\n\u2713 All checks passed\nnpm install: resolved 1571 packages\nPlatform: linux-x64\nConnection established\n  PASS: test_auth_login (422ms)\nFetching submodules...\nnpm install: added 356 packages\nGET /status - 201 (90ms)\n[12:52:18] DEBUG: Loading configuration\n\u2713 lint completed\nCache miss for key-4256\nWARNING: lodash has known vulnerabilities\nCompiling src/service.java...\n[12:52:18] DEBUG: Loading configuration\nOptimizing 34 modules...\nLayer 2/13: ENV command\nPlatform: darwin-arm64\nWARNING: react has known vulnerabilities\nChecking out develop branch\nConnection established\nTransforming 370 files...\nStep 12/21: Testing\nCompiling utils/main.py...\n\u2713 Task completed in 3746ms\nTests: 202 passed, 50 total\nTest Suites: 39 passed, 38 total\n[12:52:18] INFO: Starting build process\nUploading artifact 'dist' (19 files)\nPulling image: python:18\nGET /api - 200 (17ms)\nnpm notice: package.json updated\n\u2713 All checks passed\nCompiling components/main.py...\n\u26a0 DEPRECATION: Feature will be removed in v4.0\n[12:52:18] DEBUG: Memory usage: 1567MB\nArtifact uploaded: dist.zip (61MB)\nCache restored successfully (43MB)\nStep 4/23: Running migrations\n[12:52:18] DEBUG: Loading configuration\npip install: Successfully installed webpack-3.0\n[12:52:18] DEBUG: Loading configuration\nPulling image: node:18\nCache restored successfully (387MB)\nPushing to registry...\nCache miss for key-5808\nCoverage: 77% statements, 84% branches\nStep 19/20: Installing dependencies\nPulling image: alpine:latest\nArtifact uploaded: build.tar.gz (17MB)\n=== Step deploy_staging completed ===\n=== Step: save_cache ===\nFAILED: test_cache_hit\nSuccess!\nArtifact downloaded: 28MB\nFinished.\n[12:52:18] WARN: Deprecated API usage\nTest Suites: 48 passed, 10 total\nnpm install: resolved 442 packages\nReady.\nnpm notice: package.json updated\nException: RuntimeError\nDone.\nStep 5/15: Building\nnpm install: resolved 1907 packages\n\u2713 All checks passed\n[12:52:18] INFO: Processing request\nUsing Python 3.9\nVerifying...\n[12:52:18] DEBUG: Connection pool: 14 active\nTransforming 330 files...\nConnection established\n\u2713 Step 'install' succeeded\nCache saved successfully\npip: Installing build dependencies...\nnpm notice: created a lockfile\nUploading artifact 'coverage' (42 files)\n\u26a0 DEPRECATION: Feature will be removed in v3.0\nnpm install: added 100 packages\nProcessing...\nStep 13/21: Installing dependencies\nUsing Node.js 15.8.5\n[12:52:18] ERROR: Connection failed\n[12:52:18] INFO: Connecting to database\nTLS handshake completed\nWARNING: eslint has known vulnerabilities\nCache restored successfully (20MB)\nPushing to registry...\nImage pulled successfully\nBuilding Docker image...\nCompiling components/index.js...\n[12:52:18] DEBUG: Query executed in 50ms\n[12:52:18] DEBUG: Initializing service\nLayer 5/12: COPY command\nLoading...\npip: Installing build dependencies...\nBuilding Docker image...\nBuilding Docker image...\n[12:52:18] DEBUG: Connection pool: 7 active\nTransforming 203 files...\nFetching submodules...\nnpm install: added 271 packages\n[12:52:18] DEBUG: Query executed in 39ms\nImage pulled successfully\nChecking out develop branch\nCompleted.\nArtifact uploaded: build.tar.gz (48MB)\nLoading...\nTime: 72.821s\nVerifying...\nGET /api - 204 (53ms)\nUsing Node.js 19.1.4\n[12:52:18] INFO: Connecting to database\nWARNING: express has known vulnerabilities\nCreating production build...\nStep 9/25: Linting\n  PASS: integration/test_user_create.spec.js\nNODE_ENV=production\nFAILED: test_cache_hit\nCompiling components/handler.rs...\nInstalling axios@2.12.6\n[12:52:18] INFO: Starting build process\npip: Collecting eslint\nCache restored successfully (348MB)\nnpm notice: package.json updated\n  PASS: test_user_create (82ms)\nConnection established\n[12:52:18] DEBUG: Connection pool: 16 active\nUsing Node.js 16.9.1\nPlatform: win32-x64\nSwitched to branch 'bugfix/task-468'\nCoverage: 73% statements, 71% branches\n\u2713 All checks passed\npip install: Successfully installed eslint-3.8\n\u26a0 DEPRECATION: Feature will be removed in v4.0\nReady.\nWARNING: jest has known vulnerabilities\n[12:52:18] WARN: Deprecated API usage\nFetching submodules...\nPushing to registry...\n[12:52:18] DEBUG: Query executed in 32ms\nRan 162 tests in 57s\n\u2713 build completed\nSuccess!\nImage pulled successfully\nCreating production build...\n  PASS: e2e/test_cache_hit.spec.js\n[12:52:18] DEBUG: Connection pool: 11 active\nUploading artifact 'dist' (32 files)\nPOST /data - 202 (37ms)\nStep 14/20: Deploying\nFAILED: test_db_connect\nCache hit for key-6855\nWARNING: eslint has known vulnerabilities\nStep 13/20: Testing\nCompleted.\nSuccess!\nImage pulled successfully\nnpm install: added 130 packages\nArtifact downloaded: 40MB\nCompiling lib/app.ts...\n  PASS: test_api_health (354ms)\nCache hit for key-8425\nArtifact uploaded: dist.zip (23MB)\nSnapshots: 10 passed, 12 total\nUsing Python 3.12\nPulling image: python:18\nHEAD is now at 36d9f20\nnpm notice: created a lockfile\n  PASS: e2e/test_auth_login.spec.js\nVerifying...\n[12:52:18] INFO: Processing request\n[12:52:18] DEBUG: Initializing service\nLoading...\nVerifying...\nUsing Node.js 16.12.2\n  PASS: integration/test_auth_login.spec.js\nStep 20/15: Testing\n[12:52:18] INFO: Starting build process\nFetching submodules...\n[12:52:18] INFO: Cache refreshed\nLayer 2/11: ENV command\nPushing to registry...\nMinifying main.js\nLoading...\nStep 10/23: Deploying\nSuccess!\nFetching submodules...\nStep 4/20: Running migrations\n\u26a0 DEPRECATION: Feature will be removed in v3.0\n  PASS: e2e/test_db_connect.spec.js\nLayer 2/14: ENV command\nnpm notice: created a lockfile\nStep 5/20: Linting\nCache hit for key-2937\nArtifact uploaded: build.tar.gz (22MB)\nPulling image: python:18\nCompiling components/app.ts...\n[12:52:18] INFO: Starting build process\nTLS handshake completed\nCompleted.\nImage pulled successfully\n[12:52:18] INFO: Cache refreshed\npip: Collecting prettier\nArtifact uploaded: build.tar.gz (41MB)\nConnection established\nCompiling src/main.py...\nStep 6/18: Running migrations\n[12:52:18] INFO: Cache refreshed\nRan 36 tests in 19s\nRan 91 tests in 14s\n[12:52:18] WARN: Deprecated API usage\n[12:52:18] ERROR: Connection failed\nGenerating source maps...\nNODE_ENV=development\n\u2713 Task completed in 292ms\nCreating production build...\npip: Downloading jest-2.14.tar.gz\nCache hit for key-5765\n[12:52:18] WARN: Deprecated API usage\nArtifact uploaded: build.tar.gz (6MB)\nPushing to registry...\nBuilding Docker image...\n[12:52:18] INFO: Processing request\nCreating production build...\nOptimizing 66 modules...\nTime: 58.166s\nImage pulled successfully\n[12:52:18] DEBUG: Memory usage: 1660MB\nFAILED: test_auth_login\nMinifying app.js\nPulling image: alpine:18\nnpm notice: package.json updated\nException: NullPointerException\n\u26a0 DEPRECATION: Feature will be removed in v4.0\nStep 14/23: Deploying\nFetching submodules...\nArtifact uploaded: dist.zip (61MB)\n\u2713 Step 'install' succeeded\n[12:52:18] INFO: Cache refreshed\nPulling image: alpine:18\nArtifact uploaded: build.tar.gz (5MB)\nUsing Node.js 18.6.7\nCache invalidated: node_modules\n[12:52:18] INFO: Starting build process\nCreating production build...\nEnvironment: development\nnpm install: resolved 399 packages\nUsing Node.js 20.20.1\nImage pulled successfully\nArtifact downloaded: 26MB\nCache miss for key-9524\nCache miss for key-1601\nTest Suites: 21 passed, 28 total\nArtifact uploaded: dist.zip (19MB)\nCompiling lib/service.java...\nProcessing...\nReady.\nSwitched to branch 'bugfix/task-365'\nCreating production build...\nVerifying...\nSnapshots: 11 passed, 0 total\nTime: 13.732s\nWARNING: lodash has known vulnerabilities\nArtifact downloaded: 21MB\nException: RuntimeError\nReady.\n  PASS: test_auth_login (19ms)\nReady.\n[12:52:18] INFO: Cache refreshed\nLayer 4/10: RUN command\nAlready up to date.\nnpm notice: package.json updated\nConnection established\nConnection established\npip: Installing build dependencies...\nVerifying...\nAlready up to date.\nTest Suites: 38 passed, 49 total\nPulling image: node:latest\nChecking out develop branch\nCompleted.\n[12:52:18] DEBUG: Memory usage: 1370MB\nLayer 9/14: ENV command\n\u2713 Step 'install' succeeded\nBundling vendor.css\nCache invalidated: build\nRan 125 tests in 53s\n[12:52:18] INFO: Request completed\nSnapshots: 23 passed, 42 total\nLayer 6/8: RUN command\nCompleted.\nCompiling components/main.py...\n[12:52:18] INFO: Processing request\nFetching from https://registry.npmjs.org/package.json\nProcessing...\nWARNING: express has known vulnerabilities\npip install: Successfully installed axios-5.11\n[12:52:18] INFO: Connecting to database\nSwitched to branch 'feature/task-848'\nnpm notice: created a lockfile\n  PASS: test_user_create (54ms)\nWaiting...\n[12:52:18] INFO: Starting build process\nArtifact uploaded: build.tar.gz (27MB)\nPOST /data - 201 (51ms)\nSnapshots: 18 passed, 45 total\nCache miss for key-8335\n[12:52:18] INFO: Starting build process\n[12:52:18] DEBUG: Memory usage: 191MB\n[12:52:18] DEBUG: Query executed in 96ms\nCache invalidated: dependencies\nnpm notice: package.json updated\nGET /api - 200 (64ms)\nLoading...\nBundling main.js\n\u26a0 DEPRECATION: Feature will be removed in v3.0\nArtifact downloaded: 32MB\nDone.\nTransforming 431 files...\nStep 5/21: Deploying\nCompleted.\nSuccess!\nStep 15/19: Testing\nLayer 8/12: COPY command\n=== Step save_cache completed ===\n=== Step: checkout ===\nPulling image: python:18\nBuilding Docker image...\n[12:52:18] WARN: Deprecated API usage\n\u2713 All checks passed\npip: Collecting express\n\u26a0 DEPRECATION: Feature will be removed in v3.0\nOptimizing 45 modules...\nCreating production build...\nStep 2/24: Deploying\nTLS handshake completed\nException: RuntimeError\n[12:52:18] INFO: Cache refreshed\n[12:52:18] WARN: Deprecated API usage\nMinifying vendor.js\nRan 52 tests in 52s\n\u2713 All checks passed\n[12:52:18] DEBUG: Initializing service\n[12:52:18] DEBUG: Memory usage: 160MB\nTests: 349 passed, 80 total\nyarn add: Done in 26.58s\nyarn add: Done in 28.65s\nHEAD is now at be53e82\nSuccess!\nBundling vendor.css\n[12:52:18] ERROR: Connection failed\nFAILED: test_user_create\nCache hit for key-9233\nUsing Node.js 16.10.2\nStep 20/19: Building\n[12:52:18] INFO: Connecting to database\nFetching submodules...\nArtifact downloaded: 28MB\n[12:52:18] DEBUG: Initializing service\nPlatform: win32-x64\nnpm install: resolved 737 packages\nArtifact downloaded: 14MB\n\u2713 All checks passed\nStep 14/24: Installing dependencies\n  PASS: test_cache_hit (3ms)\nDone.\nStep 5/17: Running migrations\npip install: Successfully installed jest-4.2\nOptimizing 64 modules...\nCompiling src/handler.rs...\nOptimizing 47 modules...\n[12:52:18] INFO: Cache refreshed\n[12:52:18] INFO: Starting build process\nPushing to registry...\nFinished.\n[12:52:18] DEBUG: Memory usage: 923MB\n\u2717 build failed with exit code 69\nBundling styles.css\nCompiling lib/app.ts...\nStep 9/24: Running migrations\nNODE_ENV=production\nTest Suites: 39 passed, 16 total\n[12:52:18] DEBUG: Memory usage: 540MB\nLoading...\nNODE_ENV=production\n[12:52:18] INFO: Processing request\nLoading...\nHEAD is now at 129461f\nFetching submodules...\nnpm install: resolved 199 packages\nTLS handshake completed\n\u2713 Task completed in 2962ms\nSnapshots: 19 passed, 47 total\nSuccess!\nCache hit for key-5859\n\u2717 build failed with exit code 109\n[12:52:18] DEBUG: Loading configuration\nStep 2/25: Installing dependencies\n[12:52:18] INFO: Connecting to database\n[12:52:18] WARN: Deprecated API usage\nnpm notice: created a lockfile\nCompiling utils/service.java...\nBundling vendor.js\nLayer 9/14: COPY command\nWARNING: webpack has known vulnerabilities\nArtifact downloaded: 1MB\n\u26a0 DEPRECATION: Feature will be removed in v5.0\nnpm install: resolved 1681 packages\nSuccess!\nCompiling src/handler.rs...\nStep 20/20: Installing dependencies\nUsing Python 3.10\nCompiling src/index.js...\nFinished.\npip install: Successfully installed axios-4.4\nPulling image: alpine:3.11\nTLS handshake completed\n\u2717 build failed with exit code 90\nCache restored successfully (380MB)\n[12:52:18] INFO: Connecting to database\n\u26a0 DEPRECATION: Feature will be removed in v2.0\nCompiling src/utils.go...\nChecking out master branch\nLoading...\nCache miss for key-5509\nFetching from https://amazonaws.com/package.json\nImage pulled successfully\n[12:52:18] INFO: Starting build process\n[12:52:18] INFO: Connecting to database\n[12:52:18] INFO: Processing request\n\u26a0 DEPRECATION: Feature will be removed in v2.0\nCache miss for key-3678\nRan 148 tests in 47s\nHEAD is now at ef60cdd\nPushing to registry...\nCache hit for key-5882\nStep 9/20: Building\npip: Downloading express-1.16.tar.gz\nPulling image: python:18\nAlready up to date.\nFetching submodules...\nPushing to registry...\n\u2713 build completed\nFAILED: test_cache_hit\nNODE_ENV=production\nException: RuntimeError\n[12:52:18] WARN: Deprecated API usage\n\u2713 All checks passed\n[12:52:18] DEBUG: Loading configuration\n[12:52:18] INFO: Request completed\nTests: 115 passed, 402 total\n[12:52:18] DEBUG: Loading configuration\nWaiting...\nCreating production build...\nStep 4/20: Installing dependencies\nOptimizing 44 modules...\nCompiling utils/index.js...\nnpm notice: package.json updated\nBundling styles.js\n\u2713 Task completed in 3003ms\nGenerating source maps...\nGET /api - 200 (91ms)\nWARNING: prettier has known vulnerabilities\n\u2713 package completed\n[12:52:18] DEBUG: Initializing service\nCache saved successfully\n\u2713 Step 'install' succeeded\nCache miss for key-4226\nCompiling components/utils.go...\nSnapshots: 24 passed, 8 total\nnpm install: resolved 1913 packages\nStep 8/20: Deploying\nOK\nCompiling utils/service.java...\nTransforming 495 files...\nCache invalidated: build\n\u26a0 DEPRECATION: Feature will be removed in v3.0\nCache hit for key-7417\nStep 4/22: Installing dependencies\nHEAD is now at b2ea39c\n\u2713 Task completed in 2672ms\nTest Suites: 17 passed, 19 total\nAlready up to date.\n\u2713 deploy completed\n[12:52:18] INFO: Connecting to database\nLayer 1/8: ENV command\nOK\nnpm install: added 419 packages\nProcessing...\nPushing to registry...\n[12:52:18] DEBUG: Loading configuration\n[12:52:18] INFO: Processing request\nCompiling src/handler.rs...\n[12:52:18] WARN: Deprecated API usage\n\u2713 All checks passed\nFetching from https://gcr.io/package.json\n[12:52:18] WARN: Deprecated API usage\nReady.\n[12:52:18] INFO: Starting build process\nCache invalidated: build\n\u2713 Step 'setup' succeeded\n  PASS: test_api_health (193ms)\nTLS handshake completed\nCache restored successfully (379MB)\nReady.\nTime: 28.523s\nStep 10/22: Linting\nBundling main.js\nMinifying vendor.js\nCompiling utils/utils.go...\n  PASS: unit/test_cache_hit.spec.js\nOK\nArtifact uploaded: build.tar.gz (15MB)\nUsing Node.js 19.0.6\nCompleted.\nSuccess!\nCompiling components/utils.go...\n  PASS: test_api_health (233ms)\nTime: 57.557s\n\u26a0 DEPRECATION: Feature will be removed in v4.0\nWARNING: react has known vulnerabilities\nyarn add: Done in 30.75s\nOK\nNODE_ENV=development\nnpm notice: package.json updated\nCreating production build...\nBuilding Docker image...\n\u26a0 DEPRECATION: Feature will be removed in v4.0\nOK\nPulling image: python:3.11\nBuilding Docker image...\n[12:52:18] INFO: Cache refreshed\nSwitched to branch 'bugfix/task-567'\n\u2713 lint completed\n  PASS: e2e/test_auth_login.spec.js\nInstalling express@5.6.10\n  PASS: e2e/test_auth_login.spec.js\nSuccess!\npip: Installing build dependencies...\n\u2717 build failed with exit code 1\nCompiling src/service.java...\nCompiling lib/service.java...\n  PASS: integration/test_user_create.spec.js\n[12:52:18] DEBUG: Memory usage: 1270MB\npip install: Successfully installed eslint-3.1\nStep 5/24: Building\nyarn add: Done in 10.51s\nyarn add: Done in 11.15s\nStep 13/16: Building\nOK\nPushing to registry...\nStep 2/23: Running migrations\nnpm notice: package.json updated\nStep 1/16: Installing dependencies\n  PASS: integration/test_auth_login.spec.js\nStep 10/16: Running migrations\n\u2713 Step 'install' succeeded\n[12:52:18] WARN: Deprecated API usage\nWaiting...\n[12:52:18] INFO: Starting build process\n\u2713 Task completed in 1102ms\nException: NullPointerException\npip: Collecting react\n  PASS: test_api_health (89ms)\nSwitched to branch 'bugfix/task-414'\nSwitched to branch 'feature/task-726'\nArtifact downloaded: 40MB\nSwitched to branch 'hotfix/task-919'\nSuccess!\n[12:52:18] INFO: Request completed\nWARNING: express has known vulnerabilities\nPushing to registry...\nWARNING: webpack has known vulnerabilities\nCache miss for key-3590\nWARNING: webpack has known vulnerabilities\nPushing to registry...\nFetching submodules...\nStep 12/17: Deploying\nStep 16/23: Testing\npip install: Successfully installed express-2.16\nOptimizing 79 modules...\nCoverage: 98% statements, 69% branches\nCache hit for key-1478\nHEAD is now at 3eb4aae\nCompleted.\nStep 20/21: Deploying\n\u2713 All checks passed\nArtifact uploaded: build.tar.gz (7MB)\nPOST /api - 202 (70ms)\nUsing Node.js 19.19.3\nSnapshots: 22 passed, 9 total\nTLS handshake completed\nTLS handshake completed\nArtifact uploaded: dist.zip (86MB)\nGET /health - 200 (31ms)\nyarn add: Done in 4.1s\nFAILED: test_auth_login\n\u2713 Step 'setup' succeeded\nPOST /api - 200 (26ms)\n=== Step checkout completed ===\n=== Step: lint ===\n[12:52:18] WARN: Deprecated API usage\nOptimizing 41 modules...\nWARNING: eslint has known vulnerabilities\nFinished.\nNODE_ENV=development\nCreating production build...\nBundling main.css\nMinifying vendor.js\n[12:52:18] INFO: Starting build process\n  PASS: integration/test_db_connect.spec.js\nGET /api - 201 (8ms)\nOptimizing 44 modules...\nWARNING: eslint has known vulnerabilities\nCompiling components/main.py...\n[12:52:18] DEBUG: Connection pool: 16 active\n[12:52:18] DEBUG: Loading configuration\nStep 10/20: Running migrations\nUsing Node.js 19.8.1\nWaiting...\nnpm install: resolved 1877 packages\nArtifact uploaded: build.tar.gz (22MB)\nCoverage: 77% statements, 90% branches\npip: Collecting eslint\npip: Collecting jest\n\u2717 build failed with exit code 15\nProcessing...\npip: Collecting react\nPlatform: linux-x64\nLoading...\nStep 1/18: Installing dependencies\nOK\nWARNING: eslint has known vulnerabilities\n\u26a0 DEPRECATION: Feature will be removed in v4.0\n[12:52:18] ERROR: Connection failed\nReady.\nAlready up to date.\nCache restored successfully (309MB)\n\u26a0 DEPRECATION: Feature will be removed in v2.0\n[12:52:18] INFO: Request completed\nConnection established\nStep 18/18: Linting\nFetching submodules...\nConnection established\nPulling image: node:latest\n[12:52:18] DEBUG: Query executed in 68ms\nnpm install: resolved 1686 packages\nnpm install: resolved 1512 packages\nTransforming 494 files...\nReady.\nSnapshots: 25 passed, 21 total\nFinished.\npip: Installing build dependencies...\nStep 5/17: Installing dependencies\nEnvironment: production\nStep 16/18: Linting\nStep 6/18: Building\n  PASS: e2e/test_user_create.spec.js\nDone.\nOK\nStep 15/21: Linting\nDone.\n[12:52:18] INFO: Processing request\nArtifact uploaded: dist.zip (60MB)\n  PASS: test_auth_login (56ms)\nArtifact uploaded: dist.zip (93MB)\n[12:52:18] INFO: Request completed\nAlready up to date.\nProcessing...\n\u26a0 DEPRECATION: Feature will be removed in v2.0\nStep 5/19: Installing dependencies\nOK\nEnvironment: staging\nCompleted.\nTest Suites: 15 passed, 7 total\nBuilding Docker image...\nFinished.\nSnapshots: 15 passed, 7 total\nTLS handshake completed\nVerifying...\nyarn add: Done in 13.27s\nTests: 298 passed, 216 total\nWaiting...\nFinished.\nRan 53 tests in 5s\nSnapshots: 47 passed, 33 total\nConnection established\nCache hit for key-1286\nLayer 4/14: ENV command\nWARNING: eslint has known vulnerabilities\nStep 18/16: Building\nUsing Node.js 16.0.4\nProcessing...\nPOST /data - 201 (297ms)\nInstalling react@5.5.2\n[12:52:18] DEBUG: Initializing service\nWARNING: jest has known vulnerabilities\npip: Downloading jest-5.16.tar.gz\nBundling styles.js\npip: Collecting react\nVerifying...\nVerifying...\nVerifying...\nTests: 433 passed, 236 total\nCache restored successfully (219MB)\nPulling image: node:3.11\n[12:52:18] DEBUG: Memory usage: 1946MB\nCompiling lib/utils.go...\n[12:52:18] WARN: Deprecated API usage\n\u2717 build failed with exit code 77\nBuilding Docker image...\n[12:52:18] WARN: Deprecated API usage\nCache restored successfully (399MB)\nFetching submodules...\nPlatform: win32-x64\n[12:52:18] DEBUG: Loading configuration\n[12:52:18] INFO: Connecting to database\nInstalling prettier@4.5.9\nAlready up to date.\nUploading artifact 'dist' (46 files)\nCompleted.\n\u2713 All checks passed\nUploading artifact 'dist' (24 files)\nCompiling src/app.ts...\nEnvironment: staging\nStep 6/19: Linting\nCompleted.\nStep 11/22: Building\npip install: Successfully installed webpack-4.1\nnpm notice: package.json updated\nReady.\nCompleted.\nArtifact downloaded: 14MB\n[12:52:18] WARN: Deprecated API usage\nTest Suites: 44 passed, 30 total\nCache saved successfully\nPushing to registry...\nnpm notice: package.json updated\nCache invalidated: dependencies\nGenerating source maps...\nTests: 321 passed, 105 total\n[12:52:18] INFO: Processing request\nCache invalidated: build\nWARNING: eslint has known vulnerabilities\n[12:52:18] DEBUG: Query executed in 96ms\nRan 118 tests in 32s\nPOST /api - 200 (328ms)\nCache restored successfully (122MB)\nOptimizing 64 modules...\n[12:52:18] WARN: Deprecated API usage\nRan 99 tests in 6s\nCompiling utils/handler.rs...\nCache saved successfully\nTests: 301 passed, 137 total\nReady.\nProcessing...\nDone.\nCache hit for key-3499\n[12:52:18] INFO: Request completed\nPlatform: linux-x64\nArtifact uploaded: build.tar.gz (34MB)\nPOST /data - 200 (321ms)\nCompiling lib/utils.go...\n\u2713 Step 'install' succeeded\nWaiting...\n\u2717 build failed with exit code 45\nOK\nDone.\nStep 2/22: Building\nCompiling utils/handler.rs...\nFAILED: test_auth_login\n[12:52:18] INFO: Processing request\nPOST /api - 200 (189ms)\n\u2713 Task completed in 2866ms\nWaiting...\nWARNING: express has known vulnerabilities\nMinifying vendor.js\nSnapshots: 10 passed, 25 total\nMinifying main.js\nStep 12/22: Linting\nnpm install: added 157 packages\nCompiling components/main.py...\n\u2713 package completed\nUploading artifact 'coverage' (13 files)\nnpm notice: created a lockfile\nStep 9/18: Testing\nDone.\n[12:52:18] INFO: Cache refreshed\npip: Installing build dependencies...\nPlatform: darwin-arm64\n\u2713 Task completed in 1161ms\nReady.\nVerifying...\nGenerating source maps...\nCache miss for key-3404\nMinifying vendor.js\nChecking out master branch\nHEAD is now at f69fe51\nCompleted.\nBuilding Docker image...\nLayer 5/14: RUN command\nBuilding Docker image...\nTests: 450 passed, 187 total\nProcessing...\npip: Installing build dependencies...\nCompiling src/service.java...\n[12:52:18] WARN: Deprecated API usage\n[12:52:18] INFO: Connecting to database\nSnapshots: 13 passed, 0 total\nInstalling axios@5.7.10\nTest Suites: 20 passed, 22 total\nLayer 1/9: COPY command\n[12:52:18] DEBUG: Memory usage: 1970MB\n[12:52:18] INFO: Processing request\nCreating production build...\npip: Installing build dependencies...\npip: Downloading react-4.0.tar.gz\n\u2713 Step 'test' succeeded\nBundling vendor.js\nWaiting...\n\u2713 Step 'install' succeeded\nCache saved successfully\nCompiling src/app.ts...\nStep 14/22: Building\nSnapshots: 18 passed, 8 total\nArtifact downloaded: 46MB\nStep 4/17: Building\nReady.\nWaiting...\nCompiling src/handler.rs...\nOK\nOptimizing 68 modules...\nHEAD is now at 44a4ad9\npip: Downloading axios-3.6.tar.gz\n[12:52:18] INFO: Request completed\n[12:52:18] INFO: Processing request\nGenerating source maps...\n[12:52:18] DEBUG: Initializing service\n\u26a0 DEPRECATION: Feature will be removed in v5.0\nCoverage: 91% statements, 96% branches\nStep 4/21: Linting\nGenerating source maps...\n\u2713 test completed\nOptimizing 14 modules...\nnpm notice: created a lockfile\n[12:52:18] DEBUG: Connection pool: 14 active\nNODE_ENV=test\nAlready up to date.\nWARNING: express has known vulnerabilities\nArtifact uploaded: build.tar.gz (34MB)\n[12:52:18] INFO: Connecting to database\nStep 20/21: Running migrations\nEnvironment: production\n\u2713 Step 'test' succeeded\nNODE_ENV=development\n[12:52:18] WARN: Deprecated API usage\nSnapshots: 3 passed, 0 total\nCompiling lib/service.java...\nStep 19/21: Testing\nSwitched to branch 'feature/task-933'\nLayer 9/12: RUN command\nInstalling react@4.19.8\nTLS handshake completed\nCache hit for key-6000\n\u2713 lint completed\nMinifying vendor.js\nyarn add: Done in 3.69s\nTest Suites: 39 passed, 16 total\nnpm notice: created a lockfile\nConnection established\nUsing Python 3.11\n  PASS: integration/test_user_create.spec.js\n[12:52:18] DEBUG: Query executed in 98ms\nInstalling axios@4.5.5\n=== Step lint completed ===",
    "steps": [
      {
        "name": "upload_artifacts",
        "status": "success",
        "started_at": "2025-12-15T12:52:17.961643",
        "finished_at": "2025-12-15T12:52:31.572235",
        "log_lines": [
          "=== Step: upload_artifacts ===",
          "[12:52:17] INFO: Starting build process",
          "Test Suites: 47 passed, 34 total",
          "Coverage: 76% statements, 96% branches",
          "[12:52:17] INFO: Cache refreshed",
          "Cache miss for key-9742",
          "Step 9/22: Linting",
          "Step 8/22: Deploying",
          "  PASS: test_api_health (170ms)",
          "[12:52:17] INFO: Request completed",
          "Completed.",
          "Step 3/19: Installing dependencies",
          "\u2713 Task completed in 4983ms",
          "NODE_ENV=production",
          "  PASS: unit/test_api_health.spec.js",
          "Checking out master branch",
          "npm notice: created a lockfile",
          "\u2713 Task completed in 4613ms",
          "[12:52:17] INFO: Request completed",
          "GET /status - 204 (91ms)",
          "[12:52:17] INFO: Cache refreshed",
          "npm install: resolved 1293 packages",
          "NODE_ENV=test",
          "[12:52:17] INFO: Processing request",
          "Tests: 73 passed, 61 total",
          "[12:52:17] DEBUG: Loading configuration",
          "Environment: staging",
          "Artifact uploaded: dist.zip (10MB)",
          "[12:52:17] INFO: Request completed",
          "Layer 6/10: RUN command",
          "Artifact uploaded: build.tar.gz (4MB)",
          "\u2713 Step 'test' succeeded",
          "pip: Installing build dependencies...",
          "Building Docker image...",
          "[12:52:17] INFO: Connecting to database",
          "Cache miss for key-7857",
          "\u26a0 DEPRECATION: Feature will be removed in v3.0",
          "TLS handshake completed",
          "POST /data - 200 (78ms)",
          "Image pulled successfully",
          "Optimizing 45 modules...",
          "Waiting...",
          "GET /api - 200 (79ms)",
          "pip: Installing build dependencies...",
          "Snapshots: 42 passed, 0 total",
          "[12:52:17] DEBUG: Initializing service",
          "Compiling src/service.java...",
          "Using Python 3.10",
          "Coverage: 92% statements, 65% branches",
          "[12:52:17] INFO: Connecting to database",
          "[12:52:17] WARN: Deprecated API usage",
          "Transforming 129 files...",
          "[12:52:17] DEBUG: Query executed in 41ms",
          "Step 6/16: Installing dependencies",
          "npm install: resolved 1119 packages",
          "yarn add: Done in 2.70s",
          "[12:52:17] DEBUG: Memory usage: 1601MB",
          "  PASS: test_user_create (74ms)",
          "Artifact downloaded: 17MB",
          "npm install: resolved 1927 packages",
          "[12:52:17] DEBUG: Query executed in 10ms",
          "GET /status - 204 (72ms)",
          "\u2717 build failed with exit code 35",
          "Completed.",
          "Exception: RuntimeError",
          "\u26a0 DEPRECATION: Feature will be removed in v5.0",
          "Verifying...",
          "\u2713 Step 'checkout' succeeded",
          "Step 4/16: Testing",
          "pip: Collecting jest",
          "Building Docker image...",
          "Loading...",
          "Step 5/16: Linting",
          "  PASS: e2e/test_cache_hit.spec.js",
          "WARNING: react has known vulnerabilities",
          "\u26a0 DEPRECATION: Feature will be removed in v3.0",
          "\u2713 All checks passed",
          "\u26a0 DEPRECATION: Feature will be removed in v2.0",
          "Test Suites: 17 passed, 11 total",
          "Exception: TypeError",
          "Platform: linux-x64",
          "Artifact uploaded: build.tar.gz (3MB)",
          "pip: Installing build dependencies...",
          "Compiling src/app.ts...",
          "\u2713 Task completed in 1689ms",
          "OK",
          "[12:52:17] DEBUG: Loading configuration",
          "Step 18/24: Building",
          "pip: Installing build dependencies...",
          "[12:52:17] INFO: Processing request",
          "Using Python 3.9",
          "Tests: 93 passed, 167 total",
          "Step 9/23: Deploying",
          "Pushing to registry...",
          "Completed.",
          "Tests: 268 passed, 195 total",
          "npm install: added 299 packages",
          "Compiling src/service.java...",
          "Cache saved successfully",
          "Already up to date.",
          "pip: Installing build dependencies...",
          "Switched to branch 'feature/task-850'",
          "OK",
          "Waiting...",
          "Connection established",
          "npm notice: created a lockfile",
          "\u2713 Task completed in 1648ms",
          "[12:52:17] WARN: Deprecated API usage",
          "Compiling components/service.java...",
          "Using Python 3.12",
          "Tests: 491 passed, 369 total",
          "[12:52:17] DEBUG: Loading configuration",
          "Step 15/23: Installing dependencies",
          "[12:52:17] DEBUG: Loading configuration",
          "Compiling utils/service.java...",
          "Fetching submodules...",
          "NODE_ENV=test",
          "Cache restored successfully (307MB)",
          "Step 14/15: Testing",
          "Artifact uploaded: build.tar.gz (15MB)",
          "pip: Downloading express-4.15.tar.gz",
          "[12:52:17] INFO: Processing request",
          "\u2713 Step 'build' succeeded",
          "Switched to branch 'bugfix/task-424'",
          "[12:52:17] DEBUG: Memory usage: 238MB",
          "\u26a0 DEPRECATION: Feature will be removed in v4.0",
          "pip install: Successfully installed prettier-4.4",
          "[12:52:17] INFO: Connecting to database",
          "\u26a0 DEPRECATION: Feature will be removed in v2.0",
          "Compiling src/index.js...",
          "Compiling src/main.py...",
          "Artifact uploaded: build.tar.gz (47MB)",
          "  PASS: test_cache_hit (429ms)",
          "Completed.",
          "  PASS: test_api_health (380ms)",
          "npm install: added 83 packages",
          "Pushing to registry...",
          "[12:52:17] WARN: Deprecated API usage",
          "Completed.",
          "\u26a0 DEPRECATION: Feature will be removed in v5.0",
          "  PASS: e2e/test_auth_login.spec.js",
          "Step 13/23: Running migrations",
          "[12:52:17] INFO: Request completed",
          "pip: Collecting react",
          "Compiling lib/app.ts...",
          "Already up to date.",
          "Processing...",
          "Environment: staging",
          "Finished.",
          "Tests: 494 passed, 334 total",
          "\u26a0 DEPRECATION: Feature will be removed in v5.0",
          "OK",
          "Step 15/21: Building",
          "\u26a0 DEPRECATION: Feature will be removed in v5.0",
          "Snapshots: 21 passed, 48 total",
          "Building Docker image...",
          "pip: Installing build dependencies...",
          "Success!",
          "[12:52:17] WARN: Deprecated API usage",
          "Loading...",
          "npm install: resolved 1592 packages",
          "Already up to date.",
          "Cache saved successfully",
          "Generating source maps...",
          "Creating production build...",
          "Pushing to registry...",
          "\u26a0 DEPRECATION: Feature will be removed in v2.0",
          "Cache restored successfully (393MB)",
          "  PASS: unit/test_user_create.spec.js",
          "FAILED: test_db_connect",
          "Finished.",
          "[12:52:17] INFO: Cache refreshed",
          "Step 5/23: Deploying",
          "\u2713 All checks passed",
          "npm install: resolved 1403 packages",
          "Loading...",
          "[12:52:17] DEBUG: Connection pool: 18 active",
          "Loading...",
          "Verifying...",
          "FAILED: test_user_create",
          "Step 15/23: Running migrations",
          "Step 12/21: Running migrations",
          "Checking out main branch",
          "pip: Downloading react-5.5.tar.gz",
          "[12:52:17] WARN: Deprecated API usage",
          "Using Python 3.10",
          "Already up to date.",
          "[12:52:17] DEBUG: Query executed in 98ms",
          "Artifact uploaded: dist.zip (99MB)",
          "npm install: resolved 777 packages",
          "Minifying app.js",
          "\u2713 Task completed in 2254ms",
          "Exception: NullPointerException",
          "[12:52:17] INFO: Request completed",
          "pip: Collecting webpack",
          "[12:52:17] DEBUG: Initializing service",
          "[12:52:17] WARN: Deprecated API usage",
          "\u2713 package completed",
          "Image pulled successfully",
          "Cache saved successfully",
          "pip: Downloading prettier-3.15.tar.gz",
          "Uploading artifact 'dist' (9 files)",
          "npm install: resolved 897 packages",
          "npm install: resolved 1871 packages",
          "Image pulled successfully",
          "Completed.",
          "Cache saved successfully",
          "Ran 139 tests in 4s",
          "Minifying app.js",
          "Pulling image: alpine:latest",
          "Snapshots: 22 passed, 5 total",
          "WARNING: prettier has known vulnerabilities",
          "Compiling utils/utils.go...",
          "Minifying vendor.js",
          "[12:52:17] INFO: Connecting to database",
          "Environment: test",
          "npm install: added 210 packages",
          "  PASS: e2e/test_api_health.spec.js",
          "Platform: linux-x64",
          "Pulling image: node:3.11",
          "Bundling runtime.css",
          "npm install: added 49 packages",
          "WARNING: prettier has known vulnerabilities",
          "Compiling lib/handler.rs...",
          "Loading...",
          "[12:52:17] DEBUG: Loading configuration",
          "HEAD is now at baaafbe",
          "pip: Downloading eslint-3.12.tar.gz",
          "Compiling components/service.java...",
          "npm install: added 183 packages",
          "Success!",
          "Coverage: 74% statements, 100% branches",
          "Creating production build...",
          "Waiting...",
          "Step 16/21: Linting",
          "Checking out main branch",
          "Time: 105.293s",
          "Loading...",
          "Snapshots: 24 passed, 7 total",
          "Artifact uploaded: build.tar.gz (30MB)",
          "Layer 7/13: COPY command",
          "Using Node.js 15.5.1",
          "Uploading artifact 'dist' (14 files)",
          "[12:52:17] INFO: Connecting to database",
          "[12:52:17] DEBUG: Loading configuration",
          "\u2713 Task completed in 1905ms",
          "Loading...",
          "Artifact uploaded: build.tar.gz (7MB)",
          "Checking out master branch",
          "Step 13/22: Building",
          "[12:52:17] DEBUG: Query executed in 89ms",
          "Artifact uploaded: build.tar.gz (31MB)",
          "Cache saved successfully",
          "\u26a0 DEPRECATION: Feature will be removed in v5.0",
          "\u2713 lint completed",
          "Processing...",
          "  PASS: integration/test_auth_login.spec.js",
          "Cache saved successfully",
          "Cache invalidated: node_modules",
          "Fetching from https://npmjs.org/package.json",
          "Optimizing 80 modules...",
          "Artifact uploaded: build.tar.gz (35MB)",
          "Ready.",
          "Optimizing 70 modules...",
          "Exception: NullPointerException",
          "Environment: staging",
          "Using Python 3.12",
          "\u2713 lint completed",
          "Step 10/21: Linting",
          "Compiling utils/index.js...",
          "\u2713 Step 'checkout' succeeded",
          "OK",
          "  PASS: test_api_health (491ms)",
          "Cache invalidated: dependencies",
          "=== Step upload_artifacts completed ==="
        ]
      },
      {
        "name": "build",
        "status": "success",
        "started_at": "2025-12-15T12:52:31.572235",
        "finished_at": "2025-12-15T12:53:12.404012",
        "log_lines": [
          "=== Step: build ===",
          "Pulling image: alpine:3.11",
          "Compiling lib/utils.go...",
          "Pulling image: python:3.11",
          "Cache restored successfully (264MB)",
          "[12:52:17] WARN: Deprecated API usage",
          "pip install: Successfully installed eslint-2.17",
          "\u26a0 DEPRECATION: Feature will be removed in v2.0",
          "Artifact uploaded: dist.zip (60MB)",
          "Using Node.js 16.8.3",
          "FAILED: test_api_health",
          "Image pulled successfully",
          "POST /data - 201 (450ms)",
          "Compiling components/app.ts...",
          "HEAD is now at 5ecde22",
          "yarn add: Done in 15.25s",
          "WARNING: express has known vulnerabilities",
          "\u2713 build completed",
          "Processing...",
          "Artifact uploaded: build.tar.gz (46MB)",
          "Already up to date.",
          "Image pulled successfully",
          "\u26a0 DEPRECATION: Feature will be removed in v2.0",
          "Platform: linux-x64",
          "\u2713 Step 'checkout' succeeded",
          "npm notice: package.json updated",
          "OK",
          "[12:52:17] DEBUG: Query executed in 33ms",
          "\u2717 build failed with exit code 66",
          "Cache invalidated: node_modules",
          "Ready.",
          "Step 13/19: Running migrations",
          "TLS handshake completed",
          "Already up to date.",
          "Snapshots: 41 passed, 34 total",
          "Tests: 427 passed, 207 total",
          "Cache miss for key-5218",
          "FAILED: test_user_create",
          "Switched to branch 'feature/task-590'",
          "Transforming 498 files...",
          "Cache saved successfully",
          "Transforming 660 files...",
          "[12:52:17] INFO: Processing request",
          "Cache hit for key-5867",
          "Verifying...",
          "Generating source maps...",
          "\u2713 Step 'checkout' succeeded",
          "Fetching submodules...",
          "Waiting...",
          "Connection established",
          "Compiling utils/main.py...",
          "\u2713 Task completed in 4188ms",
          "Ran 162 tests in 4s",
          "[12:52:17] WARN: Deprecated API usage",
          "Coverage: 82% statements, 79% branches",
          "Step 7/20: Building",
          "Test Suites: 8 passed, 47 total",
          "Image pulled successfully",
          "Time: 52.624s",
          "Creating production build...",
          "Platform: darwin-arm64",
          "WARNING: prettier has known vulnerabilities",
          "Bundling vendor.css",
          "Ran 43 tests in 57s",
          "Cache miss for key-1493",
          "\u26a0 DEPRECATION: Feature will be removed in v5.0",
          "Compiling utils/app.ts...",
          "[12:52:17] WARN: Deprecated API usage",
          "Platform: darwin-arm64",
          "Image pulled successfully",
          "[12:52:17] DEBUG: Query executed in 13ms",
          "Checking out master branch",
          "[12:52:17] DEBUG: Query executed in 33ms",
          "yarn add: Done in 2.75s",
          "[12:52:17] INFO: Cache refreshed",
          "yarn add: Done in 1.76s",
          "Generating source maps...",
          "Compiling components/service.java...",
          "Ready.",
          "[12:52:17] DEBUG: Loading configuration",
          "Cache invalidated: dependencies",
          "Installing eslint@3.0.7",
          "Already up to date.",
          "[12:52:17] DEBUG: Query executed in 66ms",
          "[12:52:17] INFO: Request completed",
          "Step 20/25: Deploying",
          "\u2713 Step 'build' succeeded",
          "Step 9/18: Deploying",
          "\u26a0 DEPRECATION: Feature will be removed in v3.0",
          "Fetching from https://npmjs.org/package.json",
          "OK",
          "Waiting...",
          "Ready.",
          "Exception: TypeError",
          "Platform: darwin-arm64",
          "Fetching from https://registry.npmjs.org/package.json",
          "[12:52:17] INFO: Connecting to database",
          "Pushing to registry...",
          "Pulling image: alpine:latest",
          "[12:52:17] INFO: Processing request",
          "pip: Collecting jest",
          "Compiling lib/utils.go...",
          "Ran 129 tests in 20s",
          "Time: 36.415s",
          "Using Python 3.9",
          "Ready.",
          "Fetching from https://npmjs.org/package.json",
          "WARNING: react has known vulnerabilities",
          "Installing prettier@4.10.5",
          "\u2713 Task completed in 3122ms",
          "Pushing to registry...",
          "Verifying...",
          "[12:52:17] DEBUG: Loading configuration",
          "\u2713 Task completed in 753ms",
          "Transforming 229 files...",
          "Fetching submodules...",
          "Minifying vendor.js",
          "Compiling lib/main.py...",
          "HEAD is now at 085d17c",
          "Using Node.js 18.13.2",
          "Minifying app.js",
          "Cache invalidated: build",
          "  PASS: unit/test_user_create.spec.js",
          "[12:52:17] DEBUG: Query executed in 48ms",
          "HEAD is now at 21daab6",
          "Step 1/19: Testing",
          "[12:52:17] ERROR: Connection failed",
          "  PASS: e2e/test_cache_hit.spec.js",
          "Installing prettier@3.20.6",
          "Waiting...",
          "Layer 10/14: COPY command",
          "[12:52:17] DEBUG: Memory usage: 1795MB",
          "[12:52:17] DEBUG: Memory usage: 874MB",
          "Step 6/17: Testing",
          "Layer 5/11: COPY command",
          "FAILED: test_auth_login",
          "npm notice: package.json updated",
          "Checking out master branch",
          "npm notice: package.json updated",
          "Using Python 3.10",
          "Uploading artifact 'coverage' (21 files)",
          "Layer 9/13: RUN command",
          "[12:52:17] INFO: Processing request",
          "[12:52:17] ERROR: Connection failed",
          "Compiling components/utils.go...",
          "  PASS: e2e/test_cache_hit.spec.js",
          "Checking out develop branch",
          "WARNING: eslint has known vulnerabilities",
          "Cache hit for key-2351",
          "npm install: added 200 packages",
          "Using Node.js 16.10.8",
          "[12:52:17] WARN: Deprecated API usage",
          "\u26a0 DEPRECATION: Feature will be removed in v4.0",
          "Cache hit for key-2542",
          "  PASS: unit/test_user_create.spec.js",
          "Waiting...",
          "POST /api - 202 (452ms)",
          "Platform: win32-x64",
          "Success!",
          "[12:52:17] ERROR: Connection failed",
          "Compiling components/index.js...",
          "Ran 109 tests in 7s",
          "Bundling main.js",
          "Pushing to registry...",
          "Image pulled successfully",
          "Using Python 3.12",
          "Step 11/21: Installing dependencies",
          "OK",
          "Connection established",
          "[12:52:17] DEBUG: Initializing service",
          "Layer 2/10: ENV command",
          "npm notice: package.json updated",
          "GET /status - 204 (90ms)",
          "npm notice: created a lockfile",
          "Pulling image: python:3.11",
          "Step 5/16: Running migrations",
          "Finished.",
          "Cache invalidated: dependencies",
          "Uploading artifact 'coverage' (8 files)",
          "[12:52:17] DEBUG: Memory usage: 373MB",
          "Checking out develop branch",
          "TLS handshake completed",
          "pip: Installing build dependencies...",
          "Step 16/19: Deploying",
          "Artifact downloaded: 32MB",
          "Snapshots: 46 passed, 9 total",
          "HEAD is now at 9cfee81",
          "HEAD is now at 1401ee0",
          "\u2713 lint completed",
          "Step 10/19: Deploying",
          "[12:52:17] DEBUG: Query executed in 65ms",
          "[12:52:17] INFO: Request completed",
          "[12:52:17] INFO: Starting build process",
          "Coverage: 85% statements, 66% branches",
          "Cache hit for key-2980",
          "Uploading artifact 'coverage' (14 files)",
          "TLS handshake completed",
          "Success!",
          "npm notice: package.json updated",
          "Compiling lib/handler.rs...",
          "OK",
          "pip: Collecting jest",
          "Artifact downloaded: 37MB",
          "[12:52:17] WARN: Deprecated API usage",
          "Checking out master branch",
          "Tests: 171 passed, 112 total",
          "Image pulled successfully",
          "NODE_ENV=production",
          "WARNING: eslint has known vulnerabilities",
          "pip: Downloading prettier-1.16.tar.gz",
          "Completed.",
          "\u2713 All checks passed",
          "Compiling utils/utils.go...",
          "\u26a0 DEPRECATION: Feature will be removed in v5.0",
          "Compiling src/handler.rs...",
          "Optimizing 40 modules...",
          "pip: Downloading express-1.6.tar.gz",
          "[12:52:17] INFO: Request completed",
          "Using Node.js 16.9.7",
          "Step 5/17: Running migrations",
          "\u26a0 DEPRECATION: Feature will be removed in v5.0",
          "[12:52:17] INFO: Processing request",
          "Generating source maps...",
          "\u26a0 DEPRECATION: Feature will be removed in v4.0",
          "pip: Collecting webpack",
          "[12:52:17] WARN: Deprecated API usage",
          "npm install: added 454 packages",
          "Cache invalidated: node_modules",
          "Step 12/22: Running migrations",
          "\u2713 All checks passed",
          "[12:52:17] WARN: Deprecated API usage",
          "\u2713 Step 'build' succeeded",
          "Pushing to registry...",
          "Minifying app.js",
          "Step 13/20: Linting",
          "Artifact uploaded: build.tar.gz (6MB)",
          "  PASS: test_auth_login (475ms)",
          "[12:52:17] INFO: Connecting to database",
          "Optimizing 63 modules...",
          "\u2713 Step 'checkout' succeeded",
          "Time: 102.9s",
          "Step 20/17: Linting",
          "Cache miss for key-8396",
          "Connection established",
          "Cache hit for key-7352",
          "Verifying...",
          "Snapshots: 39 passed, 20 total",
          "Fetching submodules...",
          "Connection established",
          "Connection established",
          "TLS handshake completed",
          "Layer 7/11: ENV command",
          "Finished.",
          "Installing jest@4.14.3",
          "\u26a0 DEPRECATION: Feature will be removed in v3.0",
          "[12:52:17] INFO: Request completed",
          "Image pulled successfully",
          "HEAD is now at 7f5fc51",
          "Uploading artifact 'coverage' (3 files)",
          "[12:52:17] INFO: Starting build process",
          "pip: Installing build dependencies...",
          "Installing prettier@4.3.9",
          "Ran 100 tests in 53s",
          "\u2713 Task completed in 1705ms",
          "Artifact downloaded: 45MB",
          "Layer 5/8: ENV command",
          "Step 14/25: Testing",
          "Step 19/23: Linting",
          "NODE_ENV=development",
          "[12:52:17] INFO: Processing request",
          "Cache restored successfully (126MB)",
          "[12:52:17] INFO: Processing request",
          "TLS handshake completed",
          "Fetching from https://github.com/package.json",
          "=== Step build completed ==="
        ]
      },
      {
        "name": "setup_node",
        "status": "success",
        "started_at": "2025-12-15T12:53:12.404012",
        "finished_at": "2025-12-15T12:53:26.014604",
        "log_lines": [
          "=== Step: setup_node ===",
          "Creating production build...",
          "\u2713 validate completed",
          "pip: Downloading webpack-2.7.tar.gz",
          "Bundling main.js",
          "\u2713 Task completed in 1715ms",
          "\u2713 All checks passed",
          "[12:52:17] INFO: Cache refreshed",
          "Uploading artifact 'dist' (41 files)",
          "HEAD is now at 07e315e",
          "Using Python 3.11",
          "Artifact downloaded: 15MB",
          "Loading...",
          "Connection established",
          "pip install: Successfully installed eslint-1.5",
          "pip: Downloading lodash-4.0.tar.gz",
          "Artifact downloaded: 15MB",
          "npm install: added 340 packages",
          "Done.",
          "Ran 82 tests in 15s",
          "npm notice: created a lockfile",
          "Snapshots: 12 passed, 48 total",
          "Cache hit for key-5656",
          "Artifact uploaded: build.tar.gz (2MB)",
          "[12:52:18] INFO: Starting build process",
          "[12:52:18] WARN: Deprecated API usage",
          "Compiling utils/index.js...",
          "pip: Downloading express-4.9.tar.gz",
          "Cache miss for key-8597",
          "Pulling image: python:3.11",
          "  PASS: integration/test_auth_login.spec.js",
          "Step 7/18: Deploying",
          "Success!",
          "Environment: staging",
          "Compiling src/utils.go...",
          "[12:52:18] INFO: Connecting to database",
          "Already up to date.",
          "Pushing to registry...",
          "Pulling image: alpine:latest",
          "Time: 14.429s",
          "Connection established",
          "\u26a0 DEPRECATION: Feature will be removed in v3.0",
          "WARNING: prettier has known vulnerabilities",
          "Step 1/16: Running migrations",
          "Done.",
          "[12:52:18] WARN: Deprecated API usage",
          "\u2713 Task completed in 4414ms",
          "pip install: Successfully installed express-3.12",
          "Transforming 836 files...",
          "Finished.",
          "Image pulled successfully",
          "[12:52:18] DEBUG: Memory usage: 1341MB",
          "Step 12/24: Building",
          "Cache restored successfully (428MB)",
          "Fetching from https://amazonaws.com/package.json",
          "npm install: resolved 846 packages",
          "[12:52:18] DEBUG: Memory usage: 1009MB",
          "Building Docker image...",
          "Cache restored successfully (425MB)",
          "Cache invalidated: dependencies",
          "Using Node.js 15.17.9",
          "npm notice: created a lockfile",
          "pip: Installing build dependencies...",
          "npm notice: created a lockfile",
          "npm install: added 39 packages",
          "Compiling utils/handler.rs...",
          "[12:52:18] WARN: Deprecated API usage",
          "GET /api - 200 (15ms)",
          "[12:52:18] WARN: Deprecated API usage",
          "[12:52:18] DEBUG: Initializing service",
          "Using Python 3.10",
          "Coverage: 80% statements, 97% branches",
          "Fetching from https://githubusercontent.com/package.json",
          "OK",
          "[12:52:18] DEBUG: Connection pool: 17 active",
          "Compiling lib/app.ts...",
          "Transforming 984 files...",
          "\u2713 Task completed in 4053ms",
          "Step 11/18: Building",
          "Connection established",
          "HEAD is now at 7a764c5",
          "Compiling src/handler.rs...",
          "Environment: production",
          "Using Node.js 18.4.5",
          "Cache invalidated: build",
          "Pushing to registry...",
          "Platform: darwin-arm64",
          "Test Suites: 49 passed, 17 total",
          "yarn add: Done in 1.29s",
          "\u2713 Step 'setup' succeeded",
          "WARNING: express has known vulnerabilities",
          "[12:52:18] DEBUG: Initializing service",
          "Waiting...",
          "[12:52:18] INFO: Request completed",
          "Compiling lib/app.ts...",
          "FAILED: test_user_create",
          "Step 12/20: Testing",
          "[12:52:18] ERROR: Connection failed",
          "Fetching submodules...",
          "OK",
          "HEAD is now at d800087",
          "Step 14/15: Running migrations",
          "Creating production build...",
          "Exception: RuntimeError",
          "NODE_ENV=test",
          "\u2713 All checks passed",
          "Finished.",
          "Platform: darwin-arm64",
          "npm install: added 307 packages",
          "[12:52:18] INFO: Processing request",
          "Uploading artifact 'dist' (20 files)",
          "[12:52:18] INFO: Request completed",
          "\u26a0 DEPRECATION: Feature will be removed in v4.0",
          "yarn add: Done in 13.42s",
          "Switched to branch 'hotfix/task-346'",
          "[12:52:18] DEBUG: Query executed in 31ms",
          "Compiling utils/utils.go...",
          "Completed.",
          "\u2713 deploy completed",
          "\u2713 deploy completed",
          "Environment: staging",
          "Using Node.js 20.18.3",
          "Step 3/24: Installing dependencies",
          "Coverage: 75% statements, 92% branches",
          "\u2713 Step 'install' succeeded",
          "WARNING: react has known vulnerabilities",
          "POST /upload - 200 (396ms)",
          "Cache hit for key-5988",
          "Processing...",
          "yarn add: Done in 18.82s",
          "\u2713 Step 'checkout' succeeded",
          "\u2713 All checks passed",
          "[12:52:18] WARN: Deprecated API usage",
          "Platform: darwin-arm64",
          "TLS handshake completed",
          "Ran 120 tests in 36s",
          "FAILED: test_db_connect",
          "\u2713 lint completed",
          "[12:52:18] INFO: Cache refreshed",
          "Artifact uploaded: build.tar.gz (18MB)",
          "\u26a0 DEPRECATION: Feature will be removed in v4.0",
          "Bundling main.js",
          "Optimizing 96 modules...",
          "Pulling image: node:latest",
          "pip: Downloading lodash-1.7.tar.gz",
          "Checking out master branch",
          "[12:52:18] INFO: Request completed",
          "[12:52:18] ERROR: Connection failed",
          "[12:52:18] INFO: Processing request",
          "Step 16/24: Running migrations",
          "Compiling utils/index.js...",
          "FAILED: test_auth_login",
          "Step 15/23: Building",
          "[12:52:18] INFO: Cache refreshed",
          "Step 11/22: Testing",
          "Connection established",
          "Using Python 3.12",
          "GET /api - 204 (46ms)",
          "Image pulled successfully",
          "Building Docker image...",
          "Success!",
          "Checking out master branch",
          "[12:52:18] INFO: Request completed",
          "Verifying...",
          "Cache hit for key-5388",
          "Test Suites: 10 passed, 8 total",
          "Already up to date.",
          "\u2717 build failed with exit code 112",
          "Environment: production",
          "Pulling image: node:18",
          "\u2713 Task completed in 3748ms",
          "WARNING: express has known vulnerabilities",
          "Snapshots: 25 passed, 44 total",
          "Uploading artifact 'dist' (10 files)",
          "Layer 6/11: ENV command",
          "Ran 63 tests in 60s",
          "Cache miss for key-1091",
          "[12:52:18] INFO: Processing request",
          "[12:52:18] ERROR: Connection failed",
          "TLS handshake completed",
          "Tests: 233 passed, 98 total",
          "[12:52:18] DEBUG: Query executed in 99ms",
          "GET /api - 200 (40ms)",
          "Cache invalidated: build",
          "[12:52:18] WARN: Deprecated API usage",
          "npm notice: created a lockfile",
          "Time: 105.775s",
          "Generating source maps...",
          "Compiling src/main.py...",
          "[12:52:18] DEBUG: Loading configuration",
          "Installing prettier@2.7.10",
          "Completed.",
          "[12:52:18] DEBUG: Query executed in 95ms",
          "WARNING: axios has known vulnerabilities",
          "OK",
          "Compiling src/main.py...",
          "[12:52:18] INFO: Processing request",
          "Using Python 3.12",
          "Artifact uploaded: build.tar.gz (21MB)",
          "Processing...",
          "Already up to date.",
          "Building Docker image...",
          "Ready.",
          "pip install: Successfully installed lodash-4.19",
          "Test Suites: 6 passed, 13 total",
          "Loading...",
          "Installing express@2.0.3",
          "Transforming 580 files...",
          "HEAD is now at 01a8444",
          "Cache saved successfully",
          "Success!",
          "\u26a0 DEPRECATION: Feature will be removed in v2.0",
          "[12:52:18] ERROR: Connection failed",
          "Artifact uploaded: build.tar.gz (31MB)",
          "TLS handshake completed",
          "Using Node.js 20.16.6",
          "Installing jest@5.18.7",
          "Fetching submodules...",
          "npm install: resolved 1103 packages",
          "Pulling image: node:latest",
          "Bundling vendor.css",
          "[12:52:18] DEBUG: Memory usage: 408MB",
          "Minifying main.js",
          "Step 18/19: Deploying",
          "Processing...",
          "Loading...",
          "Already up to date.",
          "Step 2/22: Deploying",
          "Compiling lib/handler.rs...",
          "[12:52:18] DEBUG: Connection pool: 2 active",
          "[12:52:18] INFO: Connecting to database",
          "[12:52:18] DEBUG: Memory usage: 1789MB",
          "[12:52:18] DEBUG: Loading configuration",
          "Snapshots: 9 passed, 12 total",
          "[12:52:18] DEBUG: Query executed in 81ms",
          "Processing...",
          "  PASS: unit/test_cache_hit.spec.js",
          "Step 2/15: Running migrations",
          "pip: Collecting eslint",
          "Success!",
          "Tests: 89 passed, 309 total",
          "npm notice: created a lockfile",
          "HEAD is now at a7142a5",
          "Artifact downloaded: 42MB",
          "Completed.",
          "Environment: staging",
          "Compiling components/app.ts...",
          "[12:52:18] WARN: Deprecated API usage",
          "Bundling runtime.css",
          "[12:52:18] INFO: Request completed",
          "Cache invalidated: build",
          "Creating production build...",
          "Optimizing 16 modules...",
          "Finished.",
          "Artifact downloaded: 26MB",
          "Compiling utils/index.js...",
          "pip: Downloading webpack-2.16.tar.gz",
          "[12:52:18] INFO: Starting build process",
          "OK",
          "GET /api - 200 (84ms)",
          "Optimizing 14 modules...",
          "Cache hit for key-3206",
          "npm notice: package.json updated",
          "Tests: 340 passed, 197 total",
          "Step 17/23: Building",
          "Using Node.js 14.6.5",
          "Snapshots: 10 passed, 7 total",
          "pip: Collecting axios",
          "Step 7/24: Testing",
          "Compiling lib/service.java...",
          "Snapshots: 46 passed, 44 total",
          "Step 4/21: Testing",
          "Ran 157 tests in 26s",
          "Optimizing 83 modules...",
          "=== Step setup_node completed ==="
        ]
      },
      {
        "name": "install_dependencies",
        "status": "success",
        "started_at": "2025-12-15T12:53:26.014604",
        "finished_at": "2025-12-15T12:54:06.846381",
        "log_lines": [
          "=== Step: install_dependencies ===",
          "TLS handshake completed",
          "POST /api - 202 (430ms)",
          "Cache saved successfully",
          "Pushing to registry...",
          "Cache saved successfully",
          "pip install: Successfully installed lodash-3.0",
          "Switched to branch 'hotfix/task-966'",
          "Ran 162 tests in 27s",
          "pip: Collecting axios",
          "Compiling components/utils.go...",
          "Using Python 3.10",
          "Already up to date.",
          "HEAD is now at 2a90b59",
          "Switched to branch 'bugfix/task-774'",
          "[12:52:18] WARN: Deprecated API usage",
          "[12:52:18] DEBUG: Initializing service",
          "Generating source maps...",
          "  PASS: integration/test_api_health.spec.js",
          "Using Python 3.10",
          "Installing eslint@3.15.0",
          "Time: 119.987s",
          "pip: Collecting lodash",
          "Connection established",
          "Step 16/15: Testing",
          "[12:52:18] ERROR: Connection failed",
          "TLS handshake completed",
          "Minifying app.js",
          "[12:52:18] DEBUG: Initializing service",
          "Building Docker image...",
          "Optimizing 80 modules...",
          "Cache invalidated: node_modules",
          "Cache restored successfully (339MB)",
          "NODE_ENV=test",
          "Test Suites: 36 passed, 10 total",
          "Processing...",
          "Uploading artifact 'dist' (10 files)",
          "Step 3/23: Installing dependencies",
          "pip: Collecting eslint",
          "npm notice: created a lockfile",
          "Using Python 3.11",
          "Loading...",
          "Image pulled successfully",
          "Installing react@3.15.0",
          "Step 8/21: Linting",
          "Ran 190 tests in 37s",
          "FAILED: test_user_create",
          "Cache invalidated: build",
          "Installing lodash@1.13.10",
          "\u2713 Task completed in 1461ms",
          "Step 5/24: Running migrations",
          "Verifying...",
          "[12:52:18] INFO: Starting build process",
          "Platform: darwin-arm64",
          "Creating production build...",
          "\u2717 build failed with exit code 98",
          "Coverage: 76% statements, 73% branches",
          "Installing express@5.0.6",
          "Waiting...",
          "\u26a0 DEPRECATION: Feature will be removed in v4.0",
          "pip install: Successfully installed express-4.6",
          "Using Node.js 17.13.6",
          "Image pulled successfully",
          "\u26a0 DEPRECATION: Feature will be removed in v5.0",
          "Snapshots: 21 passed, 43 total",
          "[12:52:18] WARN: Deprecated API usage",
          "Coverage: 95% statements, 78% branches",
          "Step 4/17: Linting",
          "Cache hit for key-6127",
          "Waiting...",
          "Cache hit for key-8507",
          "Compiling utils/main.py...",
          "npm notice: created a lockfile",
          "Ready.",
          "Cache saved successfully",
          "Switched to branch 'bugfix/task-934'",
          "\u26a0 DEPRECATION: Feature will be removed in v3.0",
          "Switched to branch 'hotfix/task-637'",
          "Compiling utils/index.js...",
          "Cache hit for key-3502",
          "[12:52:18] DEBUG: Connection pool: 3 active",
          "[12:52:18] ERROR: Connection failed",
          "\u26a0 DEPRECATION: Feature will be removed in v3.0",
          "[12:52:18] INFO: Starting build process",
          "WARNING: eslint has known vulnerabilities",
          "Cache invalidated: node_modules",
          "Loading...",
          "\u26a0 DEPRECATION: Feature will be removed in v4.0",
          "Time: 2.757s",
          "Pulling image: alpine:3.11",
          "Using Node.js 20.13.6",
          "npm install: added 118 packages",
          "Creating production build...",
          "[12:52:18] DEBUG: Loading configuration",
          "Artifact downloaded: 43MB",
          "Cache miss for key-2127",
          "Cache hit for key-8297",
          "\u26a0 DEPRECATION: Feature will be removed in v4.0",
          "Step 3/18: Running migrations",
          "Cache hit for key-1473",
          "Coverage: 90% statements, 67% branches",
          "Processing...",
          "Success!",
          "Success!",
          "Time: 107.716s",
          "Completed.",
          "pip install: Successfully installed axios-1.17",
          "[12:52:18] INFO: Processing request",
          "Finished.",
          "Finished.",
          "Transforming 905 files...",
          "pip: Collecting lodash",
          "Uploading artifact 'build' (40 files)",
          "Switched to branch 'feature/task-396'",
          "Completed.",
          "Processing...",
          "WARNING: express has known vulnerabilities",
          "WARNING: express has known vulnerabilities",
          "Completed.",
          "Verifying...",
          "Artifact uploaded: build.tar.gz (39MB)",
          "Compiling src/handler.rs...",
          "NODE_ENV=test",
          "Platform: win32-x64",
          "\u2713 Step 'test' succeeded",
          "\u2713 All checks passed",
          "pip install: Successfully installed eslint-5.8",
          "NODE_ENV=test",
          "\u2717 build failed with exit code 41",
          "Success!",
          "Ready.",
          "Ran 116 tests in 21s",
          "Exception: ValueError",
          "npm install: resolved 168 packages",
          "Already up to date.",
          "Compiling lib/app.ts...",
          "Artifact uploaded: build.tar.gz (41MB)",
          "Time: 114.645s",
          "Image pulled successfully",
          "yarn add: Done in 28.57s",
          "Transforming 556 files...",
          "Layer 1/13: COPY command",
          "OK",
          "Test Suites: 6 passed, 33 total",
          "[12:52:18] WARN: Deprecated API usage",
          "Step 19/21: Running migrations",
          "pip: Downloading react-2.7.tar.gz",
          "Optimizing 96 modules...",
          "Fetching from https://gcr.io/package.json",
          "Ready.",
          "[12:52:18] INFO: Processing request",
          "Environment: staging",
          "Verifying...",
          "Creating production build...",
          "Fetching from https://docker.io/package.json",
          "\u2713 build completed",
          "Ran 175 tests in 33s",
          "\u2713 Task completed in 4817ms",
          "Completed.",
          "Artifact downloaded: 17MB",
          "Cache miss for key-6779",
          "Test Suites: 25 passed, 35 total",
          "TLS handshake completed",
          "\u26a0 DEPRECATION: Feature will be removed in v2.0",
          "  PASS: unit/test_user_create.spec.js",
          "\u2713 Step 'setup' succeeded",
          "Step 7/17: Building",
          "HEAD is now at c16bb30",
          "WARNING: eslint has known vulnerabilities",
          "Artifact uploaded: build.tar.gz (32MB)",
          "Artifact uploaded: dist.zip (18MB)",
          "Bundling vendor.js",
          "Step 6/17: Deploying",
          "\u26a0 DEPRECATION: Feature will be removed in v3.0",
          "Transforming 160 files...",
          "Loading...",
          "Building Docker image...",
          "Cache restored successfully (61MB)",
          "[12:52:18] INFO: Processing request",
          "Step 11/21: Linting",
          "Using Node.js 17.5.10",
          "Using Python 3.12",
          "Ran 41 tests in 45s",
          "[12:52:18] INFO: Request completed",
          "Step 7/19: Running migrations",
          "Success!",
          "Creating production build...",
          "\u26a0 DEPRECATION: Feature will be removed in v3.0",
          "Coverage: 74% statements, 70% branches",
          "NODE_ENV=test",
          "Finished.",
          "Cache restored successfully (348MB)",
          "WARNING: webpack has known vulnerabilities",
          "\u2713 Task completed in 356ms",
          "Fetching from https://github.com/package.json",
          "Environment: staging",
          "Cache invalidated: dependencies",
          "Cache saved successfully",
          "Compiling components/app.ts...",
          "Test Suites: 12 passed, 13 total",
          "Pulling image: alpine:3.11",
          "OK",
          "Building Docker image...",
          "[12:52:18] DEBUG: Connection pool: 16 active",
          "Done.",
          "Using Node.js 19.14.4",
          "Step 3/15: Linting",
          "Uploading artifact 'coverage' (39 files)",
          "[12:52:18] INFO: Processing request",
          "Creating production build...",
          "POST /data - 200 (178ms)",
          "Coverage: 86% statements, 60% branches",
          "pip: Installing build dependencies...",
          "npm install: resolved 511 packages",
          "OK",
          "WARNING: eslint has known vulnerabilities",
          "Using Python 3.12",
          "Done.",
          "\u26a0 DEPRECATION: Feature will be removed in v4.0",
          "Creating production build...",
          "Layer 8/14: RUN command",
          "pip: Collecting eslint",
          "[12:52:18] DEBUG: Query executed in 53ms",
          "pip: Downloading lodash-1.9.tar.gz",
          "\u26a0 DEPRECATION: Feature will be removed in v5.0",
          "\u26a0 DEPRECATION: Feature will be removed in v2.0",
          "Step 14/25: Running migrations",
          "Cache hit for key-9470",
          "Compiling utils/handler.rs...",
          "Platform: linux-x64",
          "Compiling lib/handler.rs...",
          "POST /data - 201 (33ms)",
          "Pushing to registry...",
          "\u2717 build failed with exit code 14",
          "[12:52:18] DEBUG: Connection pool: 18 active",
          "Processing...",
          "pip install: Successfully installed express-1.3",
          "Layer 2/8: RUN command",
          "Ran 59 tests in 60s",
          "  PASS: test_auth_login (373ms)",
          "[12:52:18] DEBUG: Query executed in 74ms",
          "WARNING: eslint has known vulnerabilities",
          "Switched to branch 'feature/task-188'",
          "\u26a0 DEPRECATION: Feature will be removed in v2.0",
          "Ran 199 tests in 4s",
          "[12:52:18] WARN: Deprecated API usage",
          "Artifact uploaded: dist.zip (72MB)",
          "[12:52:18] DEBUG: Query executed in 15ms",
          "Coverage: 88% statements, 96% branches",
          "Optimizing 66 modules...",
          "[12:52:18] INFO: Starting build process",
          "Step 16/19: Building",
          "Verifying...",
          "Verifying...",
          "OK",
          "Waiting...",
          "Checking out master branch",
          "Transforming 875 files...",
          "[12:52:18] INFO: Request completed",
          "Building Docker image...",
          "pip: Installing build dependencies...",
          "Uploading artifact 'dist' (23 files)",
          "npm notice: created a lockfile",
          "Generating source maps...",
          "Pulling image: node:3.11",
          "Creating production build...",
          "Step 8/23: Installing dependencies",
          "Compiling components/utils.go...",
          "Exception: NullPointerException",
          "Pushing to registry...",
          "  PASS: integration/test_auth_login.spec.js",
          "Step 19/23: Linting",
          "Generating source maps...",
          "Ran 85 tests in 1s",
          "=== Step install_dependencies completed ==="
        ]
      },
      {
        "name": "type_check",
        "status": "success",
        "started_at": "2025-12-15T12:54:06.846381",
        "finished_at": "2025-12-15T12:54:20.456973",
        "log_lines": [
          "=== Step: type_check ===",
          "Ran 199 tests in 54s",
          "Cache invalidated: build",
          "[12:52:18] DEBUG: Query executed in 15ms",
          "Loading...",
          "Cache invalidated: node_modules",
          "Layer 9/12: RUN command",
          "Artifact downloaded: 19MB",
          "Finished.",
          "Cache hit for key-8052",
          "Ready.",
          "Switched to branch 'hotfix/task-804'",
          "[12:52:18] INFO: Starting build process",
          "Step 2/24: Linting",
          "TLS handshake completed",
          "Checking out master branch",
          "[12:52:18] WARN: Deprecated API usage",
          "Snapshots: 26 passed, 27 total",
          "WARNING: lodash has known vulnerabilities",
          "[12:52:18] INFO: Cache refreshed",
          "Cache miss for key-1070",
          "Layer 2/15: ENV command",
          "Fetching from https://npmjs.org/package.json",
          "[12:52:18] DEBUG: Initializing service",
          "Cache saved successfully",
          "Creating production build...",
          "Cache miss for key-9251",
          "Platform: linux-x64",
          "pip: Downloading express-3.6.tar.gz",
          "Compiling components/handler.rs...",
          "Cache miss for key-2326",
          "Success!",
          "Switched to branch 'hotfix/task-752'",
          "[12:52:18] DEBUG: Query executed in 13ms",
          "Uploading artifact 'build' (3 files)",
          "  PASS: unit/test_db_connect.spec.js",
          "npm notice: package.json updated",
          "yarn add: Done in 20.33s",
          "Ready.",
          "Processing...",
          "Ran 185 tests in 6s",
          "HEAD is now at 527bf98",
          "Uploading artifact 'dist' (5 files)",
          "Artifact uploaded: dist.zip (88MB)",
          "[12:52:18] INFO: Starting build process",
          "pip: Installing build dependencies...",
          "Using Python 3.10",
          "Cache invalidated: dependencies",
          "[12:52:18] DEBUG: Connection pool: 10 active",
          "Pulling image: python:latest",
          "Tests: 91 passed, 286 total",
          "\u2713 All checks passed",
          "Pulling image: python:18",
          "npm notice: package.json updated",
          "Transforming 740 files...",
          "\u2713 All checks passed",
          "Pulling image: node:3.11",
          "Generating source maps...",
          "pip: Installing build dependencies...",
          "\u2717 build failed with exit code 10",
          "OK",
          "Completed.",
          "Finished.",
          "Cache invalidated: build",
          "  PASS: e2e/test_user_create.spec.js",
          "\u2717 build failed with exit code 119",
          "Switched to branch 'bugfix/task-501'",
          "Pushing to registry...",
          "Tests: 320 passed, 325 total",
          "FAILED: test_db_connect",
          "\u2713 test completed",
          "[12:52:18] WARN: Deprecated API usage",
          "Step 9/18: Installing dependencies",
          "Generating source maps...",
          "Loading...",
          "Step 7/25: Installing dependencies",
          "Using Node.js 20.19.9",
          "\u2717 build failed with exit code 14",
          "Using Node.js 17.20.10",
          "NODE_ENV=development",
          "\u26a0 DEPRECATION: Feature will be removed in v2.0",
          "[12:52:18] INFO: Cache refreshed",
          "Building Docker image...",
          "Pushing to registry...",
          "npm install: added 267 packages",
          "Switched to branch 'hotfix/task-360'",
          "Pushing to registry...",
          "Platform: linux-x64",
          "Ready.",
          "Bundling styles.css",
          "Tests: 409 passed, 485 total",
          "Step 10/23: Deploying",
          "[12:52:18] WARN: Deprecated API usage",
          "Connection established",
          "Fetching submodules...",
          "Artifact uploaded: build.tar.gz (4MB)",
          "Environment: production",
          "Step 20/15: Installing dependencies",
          "WARNING: react has known vulnerabilities",
          "npm install: added 130 packages",
          "Step 8/16: Building",
          "\u2713 Task completed in 703ms",
          "Artifact downloaded: 34MB",
          "Layer 2/11: RUN command",
          "Step 6/17: Building",
          "[12:52:18] WARN: Deprecated API usage",
          "Step 2/15: Installing dependencies",
          "npm install: added 79 packages",
          "Fetching from https://githubusercontent.com/package.json",
          "\u2717 build failed with exit code 122",
          "OK",
          "Compiling src/handler.rs...",
          "[12:52:18] INFO: Starting build process",
          "TLS handshake completed",
          "Success!",
          "Tests: 147 passed, 75 total",
          "Cache miss for key-5904",
          "Fetching from https://amazonaws.com/package.json",
          "Step 10/24: Deploying",
          "Building Docker image...",
          "Pushing to registry...",
          "\u26a0 DEPRECATION: Feature will be removed in v3.0",
          "[12:52:18] DEBUG: Initializing service",
          "Loading...",
          "[12:52:18] INFO: Connecting to database",
          "\u26a0 DEPRECATION: Feature will be removed in v5.0",
          "Cache restored successfully (304MB)",
          "Fetching submodules...",
          "TLS handshake completed",
          "pip: Installing build dependencies...",
          "Platform: linux-x64",
          "Transforming 636 files...",
          "Using Node.js 20.3.5",
          "Cache hit for key-8843",
          "Exception: RuntimeError",
          "npm install: added 16 packages",
          "pip: Downloading eslint-1.18.tar.gz",
          "Connection established",
          "Connection established",
          "Completed.",
          "Platform: linux-x64",
          "Compiling components/index.js...",
          "Building Docker image...",
          "Cache saved successfully",
          "\u2717 build failed with exit code 48",
          "  PASS: test_auth_login (226ms)",
          "Coverage: 72% statements, 100% branches",
          "Step 2/21: Building",
          "[12:52:18] INFO: Request completed",
          "[12:52:18] INFO: Processing request",
          "Cache restored successfully (268MB)",
          "Test Suites: 44 passed, 23 total",
          "Test Suites: 27 passed, 36 total",
          "Building Docker image...",
          "Time: 57.11s",
          "Connection established",
          "Finished.",
          "[12:52:18] DEBUG: Query executed in 98ms",
          "Done.",
          "[12:52:18] ERROR: Connection failed",
          "Processing...",
          "Processing...",
          "[12:52:18] DEBUG: Query executed in 60ms",
          "Cache miss for key-7035",
          "Building Docker image...",
          "Artifact uploaded: build.tar.gz (46MB)",
          "[12:52:18] WARN: Deprecated API usage",
          "Verifying...",
          "Fetching from https://amazonaws.com/package.json",
          "[12:52:18] DEBUG: Query executed in 61ms",
          "Fetching from https://registry.npmjs.org/package.json",
          "Compiling utils/index.js...",
          "OK",
          "WARNING: eslint has known vulnerabilities",
          "Finished.",
          "  PASS: unit/test_cache_hit.spec.js",
          "pip: Collecting lodash",
          "POST /api - 201 (408ms)",
          "pip: Collecting react",
          "Compiling lib/utils.go...",
          "[12:52:18] WARN: Deprecated API usage",
          "[12:52:18] DEBUG: Loading configuration",
          "  PASS: test_api_health (194ms)",
          "[12:52:18] DEBUG: Initializing service",
          "Step 20/20: Deploying",
          "Step 6/22: Linting",
          "Fetching from https://registry.npmjs.org/package.json",
          "[12:52:18] INFO: Starting build process",
          "Creating production build...",
          "Ran 74 tests in 30s",
          "Compiling src/main.py...",
          "Tests: 123 passed, 65 total",
          "Verifying...",
          "Switched to branch 'bugfix/task-398'",
          "\u26a0 DEPRECATION: Feature will be removed in v4.0",
          "npm install: resolved 144 packages",
          "WARNING: axios has known vulnerabilities",
          "Optimizing 38 modules...",
          "Cache hit for key-2145",
          "[12:52:18] INFO: Cache refreshed",
          "Connection established",
          "Cache restored successfully (195MB)",
          "Done.",
          "[12:52:18] DEBUG: Query executed in 57ms",
          "Tests: 478 passed, 259 total",
          "Completed.",
          "Done.",
          "pip: Collecting lodash",
          "\u2717 build failed with exit code 55",
          "[12:52:18] DEBUG: Initializing service",
          "[12:52:18] DEBUG: Connection pool: 5 active",
          "Completed.",
          "pip: Collecting lodash",
          "Artifact uploaded: dist.zip (48MB)",
          "Ready.",
          "Step 5/15: Building",
          "Environment: staging",
          "Platform: darwin-arm64",
          "  PASS: test_cache_hit (326ms)",
          "\u2713 All checks passed",
          "[12:52:18] INFO: Starting build process",
          "Cache restored successfully (75MB)",
          "\u26a0 DEPRECATION: Feature will be removed in v4.0",
          "[12:52:18] INFO: Connecting to database",
          "Done.",
          "Tests: 327 passed, 245 total",
          "Snapshots: 20 passed, 15 total",
          "npm notice: package.json updated",
          "Ran 163 tests in 38s",
          "Fetching from https://docker.io/package.json",
          "Compiling utils/handler.rs...",
          "[12:52:18] DEBUG: Connection pool: 4 active",
          "Processing...",
          "Success!",
          "  PASS: e2e/test_cache_hit.spec.js",
          "Cache restored successfully (439MB)",
          "HEAD is now at 1092d54",
          "Cache miss for key-6661",
          "[12:52:18] WARN: Deprecated API usage",
          "OK",
          "[12:52:18] WARN: Deprecated API usage",
          "[12:52:18] WARN: Deprecated API usage",
          "  PASS: e2e/test_auth_login.spec.js",
          "[12:52:18] WARN: Deprecated API usage",
          "WARNING: react has known vulnerabilities",
          "\u26a0 DEPRECATION: Feature will be removed in v4.0",
          "Ran 67 tests in 58s",
          "Switched to branch 'hotfix/task-309'",
          "[12:52:18] DEBUG: Connection pool: 16 active",
          "POST /data - 202 (38ms)",
          "Completed.",
          "[12:52:18] INFO: Processing request",
          "[12:52:18] INFO: Processing request",
          "[12:52:18] WARN: Deprecated API usage",
          "Ready.",
          "  PASS: unit/test_auth_login.spec.js",
          "  PASS: test_db_connect (132ms)",
          "Generating source maps...",
          "[12:52:18] DEBUG: Connection pool: 11 active",
          "Step 11/19: Testing",
          "Coverage: 94% statements, 62% branches",
          "Transforming 220 files...",
          "[12:52:18] DEBUG: Memory usage: 1284MB",
          "Loading...",
          "Compiling lib/main.py...",
          "pip: Downloading jest-4.11.tar.gz",
          "npm notice: created a lockfile",
          "Generating source maps...",
          "Cache saved successfully",
          "[12:52:18] DEBUG: Memory usage: 952MB",
          "Generating source maps...",
          "Waiting...",
          "Optimizing 43 modules...",
          "npm notice: package.json updated",
          "=== Step type_check completed ==="
        ]
      },
      {
        "name": "deploy_production",
        "status": "success",
        "started_at": "2025-12-15T12:54:20.456973",
        "finished_at": "2025-12-15T12:54:25.901210",
        "log_lines": [
          "=== Step: deploy_production ===",
          "Compiling src/service.java...",
          "[12:52:18] INFO: Request completed",
          "Cache hit for key-4316",
          "\u2713 deploy completed",
          "Loading...",
          "Step 4/18: Installing dependencies",
          "yarn add: Done in 20.86s",
          "NODE_ENV=production",
          "Platform: darwin-arm64",
          "Pulling image: alpine:18",
          "Pulling image: alpine:3.11",
          "Loading...",
          "Artifact downloaded: 9MB",
          "Optimizing 35 modules...",
          "  PASS: e2e/test_user_create.spec.js",
          "[12:52:18] INFO: Connecting to database",
          "Coverage: 84% statements, 89% branches",
          "Cache saved successfully",
          "Compiling src/app.ts...",
          "Coverage: 94% statements, 64% branches",
          "[12:52:18] INFO: Request completed",
          "\u2717 build failed with exit code 34",
          "GET /health - 201 (72ms)",
          "Cache invalidated: dependencies",
          "Success!",
          "Compiling components/main.py...",
          "[12:52:18] WARN: Deprecated API usage",
          "Using Node.js 18.11.10",
          "[12:52:18] INFO: Processing request",
          "Test Suites: 19 passed, 37 total",
          "pip: Collecting webpack",
          "\u26a0 DEPRECATION: Feature will be removed in v2.0",
          "Bundling vendor.css",
          "Cache restored successfully (134MB)",
          "Using Python 3.11",
          "Pulling image: python:18",
          "Ready.",
          "Optimizing 82 modules...",
          "Tests: 292 passed, 139 total",
          "NODE_ENV=test",
          "Fetching from https://docker.io/package.json",
          "Step 1/23: Deploying",
          "Optimizing 20 modules...",
          "Generating source maps...",
          "WARNING: express has known vulnerabilities",
          "Artifact uploaded: build.tar.gz (35MB)",
          "[12:52:18] DEBUG: Initializing service",
          "Platform: linux-x64",
          "Processing...",
          "Cache restored successfully (331MB)",
          "FAILED: test_api_health",
          "Compiling src/index.js...",
          "Artifact downloaded: 15MB",
          "Compiling utils/app.ts...",
          "Uploading artifact 'coverage' (36 files)",
          "Transforming 185 files...",
          "[12:52:18] INFO: Cache refreshed",
          "Completed.",
          "npm notice: created a lockfile",
          "Using Node.js 15.17.1",
          "Compiling lib/app.ts...",
          "pip install: Successfully installed eslint-3.20",
          "Uploading artifact 'coverage' (31 files)",
          "Environment: production",
          "Step 20/19: Installing dependencies",
          "[12:52:18] DEBUG: Initializing service",
          "WARNING: axios has known vulnerabilities",
          "[12:52:18] DEBUG: Connection pool: 7 active",
          "Bundling main.css",
          "Step 20/25: Testing",
          "pip install: Successfully installed eslint-3.16",
          "Fetching from https://googleapis.com/package.json",
          "[12:52:18] INFO: Processing request",
          "[12:52:18] DEBUG: Memory usage: 994MB",
          "WARNING: react has known vulnerabilities",
          "\u26a0 DEPRECATION: Feature will be removed in v5.0",
          "Already up to date.",
          "Loading...",
          "npm notice: package.json updated",
          "Layer 7/8: COPY command",
          "pip install: Successfully installed prettier-2.17",
          "Step 19/16: Testing",
          "Coverage: 77% statements, 71% branches",
          "GET /api - 200 (34ms)",
          "OK",
          "\u26a0 DEPRECATION: Feature will be removed in v5.0",
          "Finished.",
          "  PASS: test_db_connect (385ms)",
          "Processing...",
          "Compiling lib/utils.go...",
          "  PASS: integration/test_api_health.spec.js",
          "Cache restored successfully (180MB)",
          "yarn add: Done in 6.31s",
          "[12:52:18] WARN: Deprecated API usage",
          "Cache invalidated: dependencies",
          "Success!",
          "Snapshots: 6 passed, 10 total",
          "Cache saved successfully",
          "Building Docker image...",
          "Artifact uploaded: dist.zip (33MB)",
          "npm notice: created a lockfile",
          "Cache miss for key-4112",
          "HEAD is now at 8e40a1e",
          "Waiting...",
          "Artifact uploaded: build.tar.gz (37MB)",
          "Cache saved successfully",
          "\u2713 Step 'setup' succeeded",
          "\u2713 Step 'setup' succeeded",
          "Step 4/25: Building",
          "Processing...",
          "Loading...",
          "pip: Downloading prettier-1.5.tar.gz",
          "Cache miss for key-6209",
          "HEAD is now at 0d8c842",
          "Finished.",
          "Cache restored successfully (210MB)",
          "Installing axios@3.10.4",
          "yarn add: Done in 17.45s",
          "Artifact downloaded: 42MB",
          "Using Python 3.11",
          "Verifying...",
          "Compiling lib/utils.go...",
          "Cache saved successfully",
          "[12:52:18] INFO: Cache refreshed",
          "Test Suites: 16 passed, 23 total",
          "\u2713 All checks passed",
          "Step 11/18: Testing",
          "Artifact uploaded: dist.zip (75MB)",
          "Snapshots: 47 passed, 19 total",
          "[12:52:18] INFO: Processing request",
          "Fetching from https://googleapis.com/package.json",
          "Loading...",
          "\u2713 lint completed",
          "Compiling lib/utils.go...",
          "Step 15/19: Deploying",
          "Cache invalidated: build",
          "npm notice: package.json updated",
          "Compiling lib/utils.go...",
          "Uploading artifact 'coverage' (42 files)",
          "Minifying main.js",
          "Using Node.js 15.14.10",
          "Environment: development",
          "Tests: 493 passed, 121 total",
          "\u26a0 DEPRECATION: Feature will be removed in v3.0",
          "Using Python 3.9",
          "Waiting...",
          "Bundling main.js",
          "Compiling utils/main.py...",
          "WARNING: lodash has known vulnerabilities",
          "[12:52:18] INFO: Request completed",
          "[12:52:18] INFO: Connecting to database",
          "\u2713 Task completed in 1265ms",
          "HEAD is now at 324eab1",
          "  PASS: test_api_health (362ms)",
          "Creating production build...",
          "Ran 161 tests in 35s",
          "[12:52:18] INFO: Cache refreshed",
          "Coverage: 87% statements, 92% branches",
          "[12:52:18] INFO: Cache refreshed",
          "  PASS: test_cache_hit (43ms)",
          "Cache restored successfully (388MB)",
          "[12:52:18] WARN: Deprecated API usage",
          "\u2713 validate completed",
          "npm notice: package.json updated",
          "[12:52:18] INFO: Connecting to database",
          "\u2713 test completed",
          "HEAD is now at f39ea8a",
          "Coverage: 100% statements, 91% branches",
          "[12:52:18] INFO: Connecting to database",
          "[12:52:18] INFO: Starting build process",
          "Step 9/15: Building",
          "Step 6/19: Installing dependencies",
          "[12:52:18] DEBUG: Initializing service",
          "WARNING: react has known vulnerabilities",
          "Artifact downloaded: 22MB",
          "Tests: 191 passed, 283 total",
          "Checking out develop branch",
          "\u2713 All checks passed",
          "npm install: resolved 1237 packages",
          "\u26a0 DEPRECATION: Feature will be removed in v4.0",
          "[12:52:18] INFO: Connecting to database",
          "Optimizing 39 modules...",
          "Environment: test",
          "npm install: resolved 543 packages",
          "Creating production build...",
          "Step 2/24: Linting",
          "\u26a0 DEPRECATION: Feature will be removed in v5.0",
          "Fetching from https://github.com/package.json",
          "WARNING: webpack has known vulnerabilities",
          "  PASS: integration/test_user_create.spec.js",
          "Finished.",
          "Generating source maps...",
          "[12:52:18] INFO: Request completed",
          "Loading...",
          "Ready.",
          "Compiling utils/index.js...",
          "Installing axios@2.2.4",
          "Installing prettier@2.13.6",
          "Cache saved successfully",
          "Step 20/20: Testing",
          "Installing react@5.15.3",
          "Optimizing 74 modules...",
          "Bundling styles.css",
          "Compiling utils/app.ts...",
          "Pushing to registry...",
          "Ready.",
          "Time: 69.329s",
          "Using Python 3.11",
          "Ran 28 tests in 48s",
          "[12:52:18] INFO: Request completed",
          "Creating production build...",
          "Loading...",
          "Compiling src/handler.rs...",
          "Creating production build...",
          "Test Suites: 48 passed, 18 total",
          "POST /data - 200 (343ms)",
          "[12:52:18] WARN: Deprecated API usage",
          "Pushing to registry...",
          "Pushing to registry...",
          "Cache saved successfully",
          "Test Suites: 49 passed, 50 total",
          "pip: Downloading react-3.11.tar.gz",
          "[12:52:18] INFO: Cache refreshed",
          "  PASS: test_cache_hit (136ms)",
          "Generating source maps...",
          "pip: Collecting axios",
          "Installing eslint@3.17.5",
          "Step 4/22: Testing",
          "Cache miss for key-3091",
          "Pushing to registry...",
          "Step 8/21: Building",
          "[12:52:18] INFO: Connecting to database",
          "Ready.",
          "Step 12/21: Running migrations",
          "HEAD is now at 9cec7c3",
          "Switched to branch 'feature/task-472'",
          "Fetching submodules...",
          "Compiling components/service.java...",
          "POST /upload - 201 (168ms)",
          "Compiling lib/main.py...",
          "OK",
          "Compiling lib/handler.rs...",
          "Processing...",
          "Step 15/17: Deploying",
          "Image pulled successfully",
          "Minifying app.js",
          "Switched to branch 'bugfix/task-103'",
          "Artifact uploaded: dist.zip (65MB)",
          "OK",
          "Artifact uploaded: dist.zip (28MB)",
          "Environment: staging",
          "Fetching submodules...",
          "Step 9/15: Installing dependencies",
          "WARNING: react has known vulnerabilities",
          "Cache restored successfully (20MB)",
          "\u2713 lint completed",
          "Cache saved successfully",
          "Pushing to registry...",
          "[12:52:18] DEBUG: Initializing service",
          "Cache invalidated: dependencies",
          "OK",
          "Cache miss for key-3927",
          "Completed.",
          "[12:52:18] INFO: Starting build process",
          "Step 14/24: Running migrations",
          "Fetching from https://googleapis.com/package.json",
          "yarn add: Done in 16.31s",
          "Switched to branch 'feature/task-453'",
          "Step 13/25: Deploying",
          "[12:52:18] ERROR: Connection failed",
          "Already up to date.",
          "Artifact uploaded: build.tar.gz (19MB)",
          "[12:52:18] DEBUG: Loading configuration",
          "=== Step deploy_production completed ==="
        ]
      },
      {
        "name": "deploy_staging",
        "status": "success",
        "started_at": "2025-12-15T12:54:25.901210",
        "finished_at": "2025-12-15T12:54:39.511802",
        "log_lines": [
          "=== Step: deploy_staging ===",
          "Snapshots: 15 passed, 31 total",
          "[12:52:18] WARN: Deprecated API usage",
          "npm install: added 37 packages",
          "Waiting...",
          "Success!",
          "Artifact downloaded: 22MB",
          "Loading...",
          "  PASS: test_db_connect (347ms)",
          "Image pulled successfully",
          "Building Docker image...",
          "[12:52:18] DEBUG: Memory usage: 1236MB",
          "\u2717 build failed with exit code 106",
          "[12:52:18] DEBUG: Query executed in 76ms",
          "[12:52:18] WARN: Deprecated API usage",
          "Artifact downloaded: 7MB",
          "OK",
          "  PASS: e2e/test_cache_hit.spec.js",
          "  PASS: test_api_health (497ms)",
          "WARNING: webpack has known vulnerabilities",
          "NODE_ENV=test",
          "  PASS: integration/test_user_create.spec.js",
          "[12:52:18] INFO: Request completed",
          "[12:52:18] WARN: Deprecated API usage",
          "Waiting...",
          "Step 1/25: Deploying",
          "Cache saved successfully",
          "Compiling src/main.py...",
          "Installing prettier@4.4.5",
          "Waiting...",
          "Ran 108 tests in 35s",
          "Test Suites: 15 passed, 26 total",
          "Cache miss for key-7636",
          "[12:52:18] DEBUG: Memory usage: 1084MB",
          "\u26a0 DEPRECATION: Feature will be removed in v4.0",
          "FAILED: test_user_create",
          "pip: Collecting prettier",
          "Fetching from https://npmjs.org/package.json",
          "[12:52:18] INFO: Connecting to database",
          "yarn add: Done in 4.79s",
          "Layer 10/13: RUN command",
          "Connection established",
          "TLS handshake completed",
          "\u2713 lint completed",
          "Cache miss for key-1952",
          "Using Node.js 14.1.0",
          "[12:52:18] INFO: Processing request",
          "Creating production build...",
          "npm notice: package.json updated",
          "Compiling src/main.py...",
          "Cache invalidated: node_modules",
          "Connection established",
          "Ran 39 tests in 48s",
          "Creating production build...",
          "Cache hit for key-2653",
          "pip: Collecting react",
          "npm notice: package.json updated",
          "Step 5/17: Running migrations",
          "[12:52:18] INFO: Cache refreshed",
          "Cache miss for key-8220",
          "Coverage: 96% statements, 99% branches",
          "WARNING: eslint has known vulnerabilities",
          "Using Python 3.9",
          "POST /api - 202 (202ms)",
          "Compiling src/service.java...",
          "Time: 39.273s",
          "  PASS: test_api_health (240ms)",
          "Test Suites: 41 passed, 48 total",
          "Step 11/20: Deploying",
          "Loading...",
          "Fetching submodules...",
          "[12:52:18] INFO: Processing request",
          "\u2713 Step 'checkout' succeeded",
          "Compiling utils/service.java...",
          "Artifact downloaded: 26MB",
          "Cache miss for key-9801",
          "Ready.",
          "npm notice: package.json updated",
          "[12:52:18] INFO: Request completed",
          "Artifact downloaded: 20MB",
          "POST /upload - 200 (448ms)",
          "Step 13/21: Building",
          "POST /api - 200 (74ms)",
          "WARNING: jest has known vulnerabilities",
          "npm install: resolved 836 packages",
          "Verifying...",
          "Step 17/18: Installing dependencies",
          "Installing express@5.18.10",
          "[12:52:18] WARN: Deprecated API usage",
          "Verifying...",
          "[12:52:18] DEBUG: Memory usage: 1477MB",
          "Finished.",
          "Switched to branch 'hotfix/task-859'",
          "npm notice: package.json updated",
          "Uploading artifact 'build' (49 files)",
          "Artifact uploaded: build.tar.gz (14MB)",
          "Fetching submodules...",
          "[12:52:18] DEBUG: Query executed in 99ms",
          "Building Docker image...",
          "\u2713 Task completed in 2258ms",
          "\u2713 Step 'install' succeeded",
          "npm notice: created a lockfile",
          "[12:52:18] INFO: Processing request",
          "Switched to branch 'hotfix/task-169'",
          "Switched to branch 'feature/task-632'",
          "Tests: 229 passed, 314 total",
          "Installing react@2.18.7",
          "npm install: added 326 packages",
          "npm install: resolved 410 packages",
          "Ran 118 tests in 2s",
          "Step 11/24: Building",
          "npm install: resolved 1382 packages",
          "Processing...",
          "Connection established",
          "Already up to date.",
          "Switched to branch 'hotfix/task-405'",
          "Minifying main.js",
          "pip: Collecting lodash",
          "  PASS: integration/test_api_health.spec.js",
          "Transforming 462 files...",
          "Compiling utils/utils.go...",
          "Step 11/15: Running migrations",
          "GET /health - 204 (72ms)",
          "\u26a0 DEPRECATION: Feature will be removed in v2.0",
          "\u2713 build completed",
          "[12:52:18] DEBUG: Query executed in 56ms",
          "Completed.",
          "Platform: darwin-arm64",
          "Verifying...",
          "Generating source maps...",
          "Compiling utils/app.ts...",
          "Time: 39.646s",
          "Using Python 3.9",
          "Generating source maps...",
          "Checking out main branch",
          "Switched to branch 'feature/task-222'",
          "Verifying...",
          "Finished.",
          "TLS handshake completed",
          "Exception: RuntimeError",
          "Using Node.js 15.2.9",
          "Bundling vendor.js",
          "\u26a0 DEPRECATION: Feature will be removed in v2.0",
          "\u2713 lint completed",
          "[12:52:18] DEBUG: Loading configuration",
          "Artifact uploaded: build.tar.gz (36MB)",
          "WARNING: jest has known vulnerabilities",
          "Verifying...",
          "Checking out master branch",
          "\u2713 Task completed in 887ms",
          "Step 18/18: Testing",
          "Test Suites: 35 passed, 35 total",
          "NODE_ENV=development",
          "Compiling lib/utils.go...",
          "Step 17/25: Testing",
          "Test Suites: 8 passed, 50 total",
          "Optimizing 74 modules...",
          "Pulling image: alpine:latest",
          "Checking out main branch",
          "[12:52:18] DEBUG: Initializing service",
          "Pulling image: alpine:latest",
          "Uploading artifact 'build' (10 files)",
          "Done.",
          "GET /status - 201 (70ms)",
          "Pulling image: alpine:3.11",
          "Compiling lib/main.py...",
          "Bundling vendor.css",
          "npm notice: created a lockfile",
          "Processing...",
          "Loading...",
          "Completed.",
          "Cache hit for key-6480",
          "Platform: darwin-arm64",
          "Pushing to registry...",
          "\u2713 All checks passed",
          "Using Python 3.10",
          "POST /api - 200 (418ms)",
          "\u2713 lint completed",
          "Processing...",
          "[12:52:18] DEBUG: Loading configuration",
          "WARNING: lodash has known vulnerabilities",
          "GET /status - 200 (29ms)",
          "Building Docker image...",
          "Snapshots: 49 passed, 31 total",
          "[12:52:18] DEBUG: Query executed in 59ms",
          "Image pulled successfully",
          "\u26a0 DEPRECATION: Feature will be removed in v4.0",
          "Building Docker image...",
          "[12:52:18] INFO: Processing request",
          "TLS handshake completed",
          "Compiling components/service.java...",
          "Uploading artifact 'coverage' (3 files)",
          "Step 14/20: Running migrations",
          "Cache saved successfully",
          "\u26a0 DEPRECATION: Feature will be removed in v4.0",
          "[12:52:18] DEBUG: Initializing service",
          "[12:52:18] WARN: Deprecated API usage",
          "\u2717 build failed with exit code 27",
          "Finished.",
          "HEAD is now at e95748a",
          "Step 3/18: Installing dependencies",
          "[12:52:18] WARN: Deprecated API usage",
          "yarn add: Done in 26.6s",
          "Installing prettier@4.11.7",
          "Optimizing 22 modules...",
          "Processing...",
          "npm install: resolved 1090 packages",
          "HEAD is now at 8d3e852",
          "npm install: resolved 772 packages",
          "Exception: ValueError",
          "Verifying...",
          "Done.",
          "[12:52:18] INFO: Request completed",
          "Generating source maps...",
          "[12:52:18] DEBUG: Connection pool: 19 active",
          "Compiling components/index.js...",
          "Image pulled successfully",
          "Already up to date.",
          "Transforming 688 files...",
          "TLS handshake completed",
          "Cache hit for key-3940",
          "Fetching submodules...",
          "[12:52:18] INFO: Starting build process",
          "Ran 175 tests in 57s",
          "[12:52:18] INFO: Connecting to database",
          "\u2713 All checks passed",
          "npm install: resolved 1571 packages",
          "Platform: linux-x64",
          "Connection established",
          "  PASS: test_auth_login (422ms)",
          "Fetching submodules...",
          "npm install: added 356 packages",
          "GET /status - 201 (90ms)",
          "[12:52:18] DEBUG: Loading configuration",
          "\u2713 lint completed",
          "Cache miss for key-4256",
          "WARNING: lodash has known vulnerabilities",
          "Compiling src/service.java...",
          "[12:52:18] DEBUG: Loading configuration",
          "Optimizing 34 modules...",
          "Layer 2/13: ENV command",
          "Platform: darwin-arm64",
          "WARNING: react has known vulnerabilities",
          "Checking out develop branch",
          "Connection established",
          "Transforming 370 files...",
          "Step 12/21: Testing",
          "Compiling utils/main.py...",
          "\u2713 Task completed in 3746ms",
          "Tests: 202 passed, 50 total",
          "Test Suites: 39 passed, 38 total",
          "[12:52:18] INFO: Starting build process",
          "Uploading artifact 'dist' (19 files)",
          "Pulling image: python:18",
          "GET /api - 200 (17ms)",
          "npm notice: package.json updated",
          "\u2713 All checks passed",
          "Compiling components/main.py...",
          "\u26a0 DEPRECATION: Feature will be removed in v4.0",
          "[12:52:18] DEBUG: Memory usage: 1567MB",
          "Artifact uploaded: dist.zip (61MB)",
          "Cache restored successfully (43MB)",
          "Step 4/23: Running migrations",
          "[12:52:18] DEBUG: Loading configuration",
          "pip install: Successfully installed webpack-3.0",
          "[12:52:18] DEBUG: Loading configuration",
          "Pulling image: node:18",
          "Cache restored successfully (387MB)",
          "Pushing to registry...",
          "Cache miss for key-5808",
          "Coverage: 77% statements, 84% branches",
          "Step 19/20: Installing dependencies",
          "Pulling image: alpine:latest",
          "Artifact uploaded: build.tar.gz (17MB)",
          "=== Step deploy_staging completed ==="
        ]
      },
      {
        "name": "save_cache",
        "status": "success",
        "started_at": "2025-12-15T12:54:39.511802",
        "finished_at": "2025-12-15T12:54:47.678157",
        "log_lines": [
          "=== Step: save_cache ===",
          "FAILED: test_cache_hit",
          "Success!",
          "Artifact downloaded: 28MB",
          "Finished.",
          "[12:52:18] WARN: Deprecated API usage",
          "Test Suites: 48 passed, 10 total",
          "npm install: resolved 442 packages",
          "Ready.",
          "npm notice: package.json updated",
          "Exception: RuntimeError",
          "Done.",
          "Step 5/15: Building",
          "npm install: resolved 1907 packages",
          "\u2713 All checks passed",
          "[12:52:18] INFO: Processing request",
          "Using Python 3.9",
          "Verifying...",
          "[12:52:18] DEBUG: Connection pool: 14 active",
          "Transforming 330 files...",
          "Connection established",
          "\u2713 Step 'install' succeeded",
          "Cache saved successfully",
          "pip: Installing build dependencies...",
          "npm notice: created a lockfile",
          "Uploading artifact 'coverage' (42 files)",
          "\u26a0 DEPRECATION: Feature will be removed in v3.0",
          "npm install: added 100 packages",
          "Processing...",
          "Step 13/21: Installing dependencies",
          "Using Node.js 15.8.5",
          "[12:52:18] ERROR: Connection failed",
          "[12:52:18] INFO: Connecting to database",
          "TLS handshake completed",
          "WARNING: eslint has known vulnerabilities",
          "Cache restored successfully (20MB)",
          "Pushing to registry...",
          "Image pulled successfully",
          "Building Docker image...",
          "Compiling components/index.js...",
          "[12:52:18] DEBUG: Query executed in 50ms",
          "[12:52:18] DEBUG: Initializing service",
          "Layer 5/12: COPY command",
          "Loading...",
          "pip: Installing build dependencies...",
          "Building Docker image...",
          "Building Docker image...",
          "[12:52:18] DEBUG: Connection pool: 7 active",
          "Transforming 203 files...",
          "Fetching submodules...",
          "npm install: added 271 packages",
          "[12:52:18] DEBUG: Query executed in 39ms",
          "Image pulled successfully",
          "Checking out develop branch",
          "Completed.",
          "Artifact uploaded: build.tar.gz (48MB)",
          "Loading...",
          "Time: 72.821s",
          "Verifying...",
          "GET /api - 204 (53ms)",
          "Using Node.js 19.1.4",
          "[12:52:18] INFO: Connecting to database",
          "WARNING: express has known vulnerabilities",
          "Creating production build...",
          "Step 9/25: Linting",
          "  PASS: integration/test_user_create.spec.js",
          "NODE_ENV=production",
          "FAILED: test_cache_hit",
          "Compiling components/handler.rs...",
          "Installing axios@2.12.6",
          "[12:52:18] INFO: Starting build process",
          "pip: Collecting eslint",
          "Cache restored successfully (348MB)",
          "npm notice: package.json updated",
          "  PASS: test_user_create (82ms)",
          "Connection established",
          "[12:52:18] DEBUG: Connection pool: 16 active",
          "Using Node.js 16.9.1",
          "Platform: win32-x64",
          "Switched to branch 'bugfix/task-468'",
          "Coverage: 73% statements, 71% branches",
          "\u2713 All checks passed",
          "pip install: Successfully installed eslint-3.8",
          "\u26a0 DEPRECATION: Feature will be removed in v4.0",
          "Ready.",
          "WARNING: jest has known vulnerabilities",
          "[12:52:18] WARN: Deprecated API usage",
          "Fetching submodules...",
          "Pushing to registry...",
          "[12:52:18] DEBUG: Query executed in 32ms",
          "Ran 162 tests in 57s",
          "\u2713 build completed",
          "Success!",
          "Image pulled successfully",
          "Creating production build...",
          "  PASS: e2e/test_cache_hit.spec.js",
          "[12:52:18] DEBUG: Connection pool: 11 active",
          "Uploading artifact 'dist' (32 files)",
          "POST /data - 202 (37ms)",
          "Step 14/20: Deploying",
          "FAILED: test_db_connect",
          "Cache hit for key-6855",
          "WARNING: eslint has known vulnerabilities",
          "Step 13/20: Testing",
          "Completed.",
          "Success!",
          "Image pulled successfully",
          "npm install: added 130 packages",
          "Artifact downloaded: 40MB",
          "Compiling lib/app.ts...",
          "  PASS: test_api_health (354ms)",
          "Cache hit for key-8425",
          "Artifact uploaded: dist.zip (23MB)",
          "Snapshots: 10 passed, 12 total",
          "Using Python 3.12",
          "Pulling image: python:18",
          "HEAD is now at 36d9f20",
          "npm notice: created a lockfile",
          "  PASS: e2e/test_auth_login.spec.js",
          "Verifying...",
          "[12:52:18] INFO: Processing request",
          "[12:52:18] DEBUG: Initializing service",
          "Loading...",
          "Verifying...",
          "Using Node.js 16.12.2",
          "  PASS: integration/test_auth_login.spec.js",
          "Step 20/15: Testing",
          "[12:52:18] INFO: Starting build process",
          "Fetching submodules...",
          "[12:52:18] INFO: Cache refreshed",
          "Layer 2/11: ENV command",
          "Pushing to registry...",
          "Minifying main.js",
          "Loading...",
          "Step 10/23: Deploying",
          "Success!",
          "Fetching submodules...",
          "Step 4/20: Running migrations",
          "\u26a0 DEPRECATION: Feature will be removed in v3.0",
          "  PASS: e2e/test_db_connect.spec.js",
          "Layer 2/14: ENV command",
          "npm notice: created a lockfile",
          "Step 5/20: Linting",
          "Cache hit for key-2937",
          "Artifact uploaded: build.tar.gz (22MB)",
          "Pulling image: python:18",
          "Compiling components/app.ts...",
          "[12:52:18] INFO: Starting build process",
          "TLS handshake completed",
          "Completed.",
          "Image pulled successfully",
          "[12:52:18] INFO: Cache refreshed",
          "pip: Collecting prettier",
          "Artifact uploaded: build.tar.gz (41MB)",
          "Connection established",
          "Compiling src/main.py...",
          "Step 6/18: Running migrations",
          "[12:52:18] INFO: Cache refreshed",
          "Ran 36 tests in 19s",
          "Ran 91 tests in 14s",
          "[12:52:18] WARN: Deprecated API usage",
          "[12:52:18] ERROR: Connection failed",
          "Generating source maps...",
          "NODE_ENV=development",
          "\u2713 Task completed in 292ms",
          "Creating production build...",
          "pip: Downloading jest-2.14.tar.gz",
          "Cache hit for key-5765",
          "[12:52:18] WARN: Deprecated API usage",
          "Artifact uploaded: build.tar.gz (6MB)",
          "Pushing to registry...",
          "Building Docker image...",
          "[12:52:18] INFO: Processing request",
          "Creating production build...",
          "Optimizing 66 modules...",
          "Time: 58.166s",
          "Image pulled successfully",
          "[12:52:18] DEBUG: Memory usage: 1660MB",
          "FAILED: test_auth_login",
          "Minifying app.js",
          "Pulling image: alpine:18",
          "npm notice: package.json updated",
          "Exception: NullPointerException",
          "\u26a0 DEPRECATION: Feature will be removed in v4.0",
          "Step 14/23: Deploying",
          "Fetching submodules...",
          "Artifact uploaded: dist.zip (61MB)",
          "\u2713 Step 'install' succeeded",
          "[12:52:18] INFO: Cache refreshed",
          "Pulling image: alpine:18",
          "Artifact uploaded: build.tar.gz (5MB)",
          "Using Node.js 18.6.7",
          "Cache invalidated: node_modules",
          "[12:52:18] INFO: Starting build process",
          "Creating production build...",
          "Environment: development",
          "npm install: resolved 399 packages",
          "Using Node.js 20.20.1",
          "Image pulled successfully",
          "Artifact downloaded: 26MB",
          "Cache miss for key-9524",
          "Cache miss for key-1601",
          "Test Suites: 21 passed, 28 total",
          "Artifact uploaded: dist.zip (19MB)",
          "Compiling lib/service.java...",
          "Processing...",
          "Ready.",
          "Switched to branch 'bugfix/task-365'",
          "Creating production build...",
          "Verifying...",
          "Snapshots: 11 passed, 0 total",
          "Time: 13.732s",
          "WARNING: lodash has known vulnerabilities",
          "Artifact downloaded: 21MB",
          "Exception: RuntimeError",
          "Ready.",
          "  PASS: test_auth_login (19ms)",
          "Ready.",
          "[12:52:18] INFO: Cache refreshed",
          "Layer 4/10: RUN command",
          "Already up to date.",
          "npm notice: package.json updated",
          "Connection established",
          "Connection established",
          "pip: Installing build dependencies...",
          "Verifying...",
          "Already up to date.",
          "Test Suites: 38 passed, 49 total",
          "Pulling image: node:latest",
          "Checking out develop branch",
          "Completed.",
          "[12:52:18] DEBUG: Memory usage: 1370MB",
          "Layer 9/14: ENV command",
          "\u2713 Step 'install' succeeded",
          "Bundling vendor.css",
          "Cache invalidated: build",
          "Ran 125 tests in 53s",
          "[12:52:18] INFO: Request completed",
          "Snapshots: 23 passed, 42 total",
          "Layer 6/8: RUN command",
          "Completed.",
          "Compiling components/main.py...",
          "[12:52:18] INFO: Processing request",
          "Fetching from https://registry.npmjs.org/package.json",
          "Processing...",
          "WARNING: express has known vulnerabilities",
          "pip install: Successfully installed axios-5.11",
          "[12:52:18] INFO: Connecting to database",
          "Switched to branch 'feature/task-848'",
          "npm notice: created a lockfile",
          "  PASS: test_user_create (54ms)",
          "Waiting...",
          "[12:52:18] INFO: Starting build process",
          "Artifact uploaded: build.tar.gz (27MB)",
          "POST /data - 201 (51ms)",
          "Snapshots: 18 passed, 45 total",
          "Cache miss for key-8335",
          "[12:52:18] INFO: Starting build process",
          "[12:52:18] DEBUG: Memory usage: 191MB",
          "[12:52:18] DEBUG: Query executed in 96ms",
          "Cache invalidated: dependencies",
          "npm notice: package.json updated",
          "GET /api - 200 (64ms)",
          "Loading...",
          "Bundling main.js",
          "\u26a0 DEPRECATION: Feature will be removed in v3.0",
          "Artifact downloaded: 32MB",
          "Done.",
          "Transforming 431 files...",
          "Step 5/21: Deploying",
          "Completed.",
          "Success!",
          "Step 15/19: Testing",
          "Layer 8/12: COPY command",
          "=== Step save_cache completed ==="
        ]
      },
      {
        "name": "checkout",
        "status": "success",
        "started_at": "2025-12-15T12:54:47.678157",
        "finished_at": "2025-12-15T12:54:53.122394",
        "log_lines": [
          "=== Step: checkout ===",
          "Pulling image: python:18",
          "Building Docker image...",
          "[12:52:18] WARN: Deprecated API usage",
          "\u2713 All checks passed",
          "pip: Collecting express",
          "\u26a0 DEPRECATION: Feature will be removed in v3.0",
          "Optimizing 45 modules...",
          "Creating production build...",
          "Step 2/24: Deploying",
          "TLS handshake completed",
          "Exception: RuntimeError",
          "[12:52:18] INFO: Cache refreshed",
          "[12:52:18] WARN: Deprecated API usage",
          "Minifying vendor.js",
          "Ran 52 tests in 52s",
          "\u2713 All checks passed",
          "[12:52:18] DEBUG: Initializing service",
          "[12:52:18] DEBUG: Memory usage: 160MB",
          "Tests: 349 passed, 80 total",
          "yarn add: Done in 26.58s",
          "yarn add: Done in 28.65s",
          "HEAD is now at be53e82",
          "Success!",
          "Bundling vendor.css",
          "[12:52:18] ERROR: Connection failed",
          "FAILED: test_user_create",
          "Cache hit for key-9233",
          "Using Node.js 16.10.2",
          "Step 20/19: Building",
          "[12:52:18] INFO: Connecting to database",
          "Fetching submodules...",
          "Artifact downloaded: 28MB",
          "[12:52:18] DEBUG: Initializing service",
          "Platform: win32-x64",
          "npm install: resolved 737 packages",
          "Artifact downloaded: 14MB",
          "\u2713 All checks passed",
          "Step 14/24: Installing dependencies",
          "  PASS: test_cache_hit (3ms)",
          "Done.",
          "Step 5/17: Running migrations",
          "pip install: Successfully installed jest-4.2",
          "Optimizing 64 modules...",
          "Compiling src/handler.rs...",
          "Optimizing 47 modules...",
          "[12:52:18] INFO: Cache refreshed",
          "[12:52:18] INFO: Starting build process",
          "Pushing to registry...",
          "Finished.",
          "[12:52:18] DEBUG: Memory usage: 923MB",
          "\u2717 build failed with exit code 69",
          "Bundling styles.css",
          "Compiling lib/app.ts...",
          "Step 9/24: Running migrations",
          "NODE_ENV=production",
          "Test Suites: 39 passed, 16 total",
          "[12:52:18] DEBUG: Memory usage: 540MB",
          "Loading...",
          "NODE_ENV=production",
          "[12:52:18] INFO: Processing request",
          "Loading...",
          "HEAD is now at 129461f",
          "Fetching submodules...",
          "npm install: resolved 199 packages",
          "TLS handshake completed",
          "\u2713 Task completed in 2962ms",
          "Snapshots: 19 passed, 47 total",
          "Success!",
          "Cache hit for key-5859",
          "\u2717 build failed with exit code 109",
          "[12:52:18] DEBUG: Loading configuration",
          "Step 2/25: Installing dependencies",
          "[12:52:18] INFO: Connecting to database",
          "[12:52:18] WARN: Deprecated API usage",
          "npm notice: created a lockfile",
          "Compiling utils/service.java...",
          "Bundling vendor.js",
          "Layer 9/14: COPY command",
          "WARNING: webpack has known vulnerabilities",
          "Artifact downloaded: 1MB",
          "\u26a0 DEPRECATION: Feature will be removed in v5.0",
          "npm install: resolved 1681 packages",
          "Success!",
          "Compiling src/handler.rs...",
          "Step 20/20: Installing dependencies",
          "Using Python 3.10",
          "Compiling src/index.js...",
          "Finished.",
          "pip install: Successfully installed axios-4.4",
          "Pulling image: alpine:3.11",
          "TLS handshake completed",
          "\u2717 build failed with exit code 90",
          "Cache restored successfully (380MB)",
          "[12:52:18] INFO: Connecting to database",
          "\u26a0 DEPRECATION: Feature will be removed in v2.0",
          "Compiling src/utils.go...",
          "Checking out master branch",
          "Loading...",
          "Cache miss for key-5509",
          "Fetching from https://amazonaws.com/package.json",
          "Image pulled successfully",
          "[12:52:18] INFO: Starting build process",
          "[12:52:18] INFO: Connecting to database",
          "[12:52:18] INFO: Processing request",
          "\u26a0 DEPRECATION: Feature will be removed in v2.0",
          "Cache miss for key-3678",
          "Ran 148 tests in 47s",
          "HEAD is now at ef60cdd",
          "Pushing to registry...",
          "Cache hit for key-5882",
          "Step 9/20: Building",
          "pip: Downloading express-1.16.tar.gz",
          "Pulling image: python:18",
          "Already up to date.",
          "Fetching submodules...",
          "Pushing to registry...",
          "\u2713 build completed",
          "FAILED: test_cache_hit",
          "NODE_ENV=production",
          "Exception: RuntimeError",
          "[12:52:18] WARN: Deprecated API usage",
          "\u2713 All checks passed",
          "[12:52:18] DEBUG: Loading configuration",
          "[12:52:18] INFO: Request completed",
          "Tests: 115 passed, 402 total",
          "[12:52:18] DEBUG: Loading configuration",
          "Waiting...",
          "Creating production build...",
          "Step 4/20: Installing dependencies",
          "Optimizing 44 modules...",
          "Compiling utils/index.js...",
          "npm notice: package.json updated",
          "Bundling styles.js",
          "\u2713 Task completed in 3003ms",
          "Generating source maps...",
          "GET /api - 200 (91ms)",
          "WARNING: prettier has known vulnerabilities",
          "\u2713 package completed",
          "[12:52:18] DEBUG: Initializing service",
          "Cache saved successfully",
          "\u2713 Step 'install' succeeded",
          "Cache miss for key-4226",
          "Compiling components/utils.go...",
          "Snapshots: 24 passed, 8 total",
          "npm install: resolved 1913 packages",
          "Step 8/20: Deploying",
          "OK",
          "Compiling utils/service.java...",
          "Transforming 495 files...",
          "Cache invalidated: build",
          "\u26a0 DEPRECATION: Feature will be removed in v3.0",
          "Cache hit for key-7417",
          "Step 4/22: Installing dependencies",
          "HEAD is now at b2ea39c",
          "\u2713 Task completed in 2672ms",
          "Test Suites: 17 passed, 19 total",
          "Already up to date.",
          "\u2713 deploy completed",
          "[12:52:18] INFO: Connecting to database",
          "Layer 1/8: ENV command",
          "OK",
          "npm install: added 419 packages",
          "Processing...",
          "Pushing to registry...",
          "[12:52:18] DEBUG: Loading configuration",
          "[12:52:18] INFO: Processing request",
          "Compiling src/handler.rs...",
          "[12:52:18] WARN: Deprecated API usage",
          "\u2713 All checks passed",
          "Fetching from https://gcr.io/package.json",
          "[12:52:18] WARN: Deprecated API usage",
          "Ready.",
          "[12:52:18] INFO: Starting build process",
          "Cache invalidated: build",
          "\u2713 Step 'setup' succeeded",
          "  PASS: test_api_health (193ms)",
          "TLS handshake completed",
          "Cache restored successfully (379MB)",
          "Ready.",
          "Time: 28.523s",
          "Step 10/22: Linting",
          "Bundling main.js",
          "Minifying vendor.js",
          "Compiling utils/utils.go...",
          "  PASS: unit/test_cache_hit.spec.js",
          "OK",
          "Artifact uploaded: build.tar.gz (15MB)",
          "Using Node.js 19.0.6",
          "Completed.",
          "Success!",
          "Compiling components/utils.go...",
          "  PASS: test_api_health (233ms)",
          "Time: 57.557s",
          "\u26a0 DEPRECATION: Feature will be removed in v4.0",
          "WARNING: react has known vulnerabilities",
          "yarn add: Done in 30.75s",
          "OK",
          "NODE_ENV=development",
          "npm notice: package.json updated",
          "Creating production build...",
          "Building Docker image...",
          "\u26a0 DEPRECATION: Feature will be removed in v4.0",
          "OK",
          "Pulling image: python:3.11",
          "Building Docker image...",
          "[12:52:18] INFO: Cache refreshed",
          "Switched to branch 'bugfix/task-567'",
          "\u2713 lint completed",
          "  PASS: e2e/test_auth_login.spec.js",
          "Installing express@5.6.10",
          "  PASS: e2e/test_auth_login.spec.js",
          "Success!",
          "pip: Installing build dependencies...",
          "\u2717 build failed with exit code 1",
          "Compiling src/service.java...",
          "Compiling lib/service.java...",
          "  PASS: integration/test_user_create.spec.js",
          "[12:52:18] DEBUG: Memory usage: 1270MB",
          "pip install: Successfully installed eslint-3.1",
          "Step 5/24: Building",
          "yarn add: Done in 10.51s",
          "yarn add: Done in 11.15s",
          "Step 13/16: Building",
          "OK",
          "Pushing to registry...",
          "Step 2/23: Running migrations",
          "npm notice: package.json updated",
          "Step 1/16: Installing dependencies",
          "  PASS: integration/test_auth_login.spec.js",
          "Step 10/16: Running migrations",
          "\u2713 Step 'install' succeeded",
          "[12:52:18] WARN: Deprecated API usage",
          "Waiting...",
          "[12:52:18] INFO: Starting build process",
          "\u2713 Task completed in 1102ms",
          "Exception: NullPointerException",
          "pip: Collecting react",
          "  PASS: test_api_health (89ms)",
          "Switched to branch 'bugfix/task-414'",
          "Switched to branch 'feature/task-726'",
          "Artifact downloaded: 40MB",
          "Switched to branch 'hotfix/task-919'",
          "Success!",
          "[12:52:18] INFO: Request completed",
          "WARNING: express has known vulnerabilities",
          "Pushing to registry...",
          "WARNING: webpack has known vulnerabilities",
          "Cache miss for key-3590",
          "WARNING: webpack has known vulnerabilities",
          "Pushing to registry...",
          "Fetching submodules...",
          "Step 12/17: Deploying",
          "Step 16/23: Testing",
          "pip install: Successfully installed express-2.16",
          "Optimizing 79 modules...",
          "Coverage: 98% statements, 69% branches",
          "Cache hit for key-1478",
          "HEAD is now at 3eb4aae",
          "Completed.",
          "Step 20/21: Deploying",
          "\u2713 All checks passed",
          "Artifact uploaded: build.tar.gz (7MB)",
          "POST /api - 202 (70ms)",
          "Using Node.js 19.19.3",
          "Snapshots: 22 passed, 9 total",
          "TLS handshake completed",
          "TLS handshake completed",
          "Artifact uploaded: dist.zip (86MB)",
          "GET /health - 200 (31ms)",
          "yarn add: Done in 4.1s",
          "FAILED: test_auth_login",
          "\u2713 Step 'setup' succeeded",
          "POST /api - 200 (26ms)",
          "=== Step checkout completed ==="
        ]
      },
      {
        "name": "lint",
        "status": "success",
        "started_at": "2025-12-15T12:54:53.122394",
        "finished_at": "2025-12-15T12:55:06.732986",
        "log_lines": [
          "=== Step: lint ===",
          "[12:52:18] WARN: Deprecated API usage",
          "Optimizing 41 modules...",
          "WARNING: eslint has known vulnerabilities",
          "Finished.",
          "NODE_ENV=development",
          "Creating production build...",
          "Bundling main.css",
          "Minifying vendor.js",
          "[12:52:18] INFO: Starting build process",
          "  PASS: integration/test_db_connect.spec.js",
          "GET /api - 201 (8ms)",
          "Optimizing 44 modules...",
          "WARNING: eslint has known vulnerabilities",
          "Compiling components/main.py...",
          "[12:52:18] DEBUG: Connection pool: 16 active",
          "[12:52:18] DEBUG: Loading configuration",
          "Step 10/20: Running migrations",
          "Using Node.js 19.8.1",
          "Waiting...",
          "npm install: resolved 1877 packages",
          "Artifact uploaded: build.tar.gz (22MB)",
          "Coverage: 77% statements, 90% branches",
          "pip: Collecting eslint",
          "pip: Collecting jest",
          "\u2717 build failed with exit code 15",
          "Processing...",
          "pip: Collecting react",
          "Platform: linux-x64",
          "Loading...",
          "Step 1/18: Installing dependencies",
          "OK",
          "WARNING: eslint has known vulnerabilities",
          "\u26a0 DEPRECATION: Feature will be removed in v4.0",
          "[12:52:18] ERROR: Connection failed",
          "Ready.",
          "Already up to date.",
          "Cache restored successfully (309MB)",
          "\u26a0 DEPRECATION: Feature will be removed in v2.0",
          "[12:52:18] INFO: Request completed",
          "Connection established",
          "Step 18/18: Linting",
          "Fetching submodules...",
          "Connection established",
          "Pulling image: node:latest",
          "[12:52:18] DEBUG: Query executed in 68ms",
          "npm install: resolved 1686 packages",
          "npm install: resolved 1512 packages",
          "Transforming 494 files...",
          "Ready.",
          "Snapshots: 25 passed, 21 total",
          "Finished.",
          "pip: Installing build dependencies...",
          "Step 5/17: Installing dependencies",
          "Environment: production",
          "Step 16/18: Linting",
          "Step 6/18: Building",
          "  PASS: e2e/test_user_create.spec.js",
          "Done.",
          "OK",
          "Step 15/21: Linting",
          "Done.",
          "[12:52:18] INFO: Processing request",
          "Artifact uploaded: dist.zip (60MB)",
          "  PASS: test_auth_login (56ms)",
          "Artifact uploaded: dist.zip (93MB)",
          "[12:52:18] INFO: Request completed",
          "Already up to date.",
          "Processing...",
          "\u26a0 DEPRECATION: Feature will be removed in v2.0",
          "Step 5/19: Installing dependencies",
          "OK",
          "Environment: staging",
          "Completed.",
          "Test Suites: 15 passed, 7 total",
          "Building Docker image...",
          "Finished.",
          "Snapshots: 15 passed, 7 total",
          "TLS handshake completed",
          "Verifying...",
          "yarn add: Done in 13.27s",
          "Tests: 298 passed, 216 total",
          "Waiting...",
          "Finished.",
          "Ran 53 tests in 5s",
          "Snapshots: 47 passed, 33 total",
          "Connection established",
          "Cache hit for key-1286",
          "Layer 4/14: ENV command",
          "WARNING: eslint has known vulnerabilities",
          "Step 18/16: Building",
          "Using Node.js 16.0.4",
          "Processing...",
          "POST /data - 201 (297ms)",
          "Installing react@5.5.2",
          "[12:52:18] DEBUG: Initializing service",
          "WARNING: jest has known vulnerabilities",
          "pip: Downloading jest-5.16.tar.gz",
          "Bundling styles.js",
          "pip: Collecting react",
          "Verifying...",
          "Verifying...",
          "Verifying...",
          "Tests: 433 passed, 236 total",
          "Cache restored successfully (219MB)",
          "Pulling image: node:3.11",
          "[12:52:18] DEBUG: Memory usage: 1946MB",
          "Compiling lib/utils.go...",
          "[12:52:18] WARN: Deprecated API usage",
          "\u2717 build failed with exit code 77",
          "Building Docker image...",
          "[12:52:18] WARN: Deprecated API usage",
          "Cache restored successfully (399MB)",
          "Fetching submodules...",
          "Platform: win32-x64",
          "[12:52:18] DEBUG: Loading configuration",
          "[12:52:18] INFO: Connecting to database",
          "Installing prettier@4.5.9",
          "Already up to date.",
          "Uploading artifact 'dist' (46 files)",
          "Completed.",
          "\u2713 All checks passed",
          "Uploading artifact 'dist' (24 files)",
          "Compiling src/app.ts...",
          "Environment: staging",
          "Step 6/19: Linting",
          "Completed.",
          "Step 11/22: Building",
          "pip install: Successfully installed webpack-4.1",
          "npm notice: package.json updated",
          "Ready.",
          "Completed.",
          "Artifact downloaded: 14MB",
          "[12:52:18] WARN: Deprecated API usage",
          "Test Suites: 44 passed, 30 total",
          "Cache saved successfully",
          "Pushing to registry...",
          "npm notice: package.json updated",
          "Cache invalidated: dependencies",
          "Generating source maps...",
          "Tests: 321 passed, 105 total",
          "[12:52:18] INFO: Processing request",
          "Cache invalidated: build",
          "WARNING: eslint has known vulnerabilities",
          "[12:52:18] DEBUG: Query executed in 96ms",
          "Ran 118 tests in 32s",
          "POST /api - 200 (328ms)",
          "Cache restored successfully (122MB)",
          "Optimizing 64 modules...",
          "[12:52:18] WARN: Deprecated API usage",
          "Ran 99 tests in 6s",
          "Compiling utils/handler.rs...",
          "Cache saved successfully",
          "Tests: 301 passed, 137 total",
          "Ready.",
          "Processing...",
          "Done.",
          "Cache hit for key-3499",
          "[12:52:18] INFO: Request completed",
          "Platform: linux-x64",
          "Artifact uploaded: build.tar.gz (34MB)",
          "POST /data - 200 (321ms)",
          "Compiling lib/utils.go...",
          "\u2713 Step 'install' succeeded",
          "Waiting...",
          "\u2717 build failed with exit code 45",
          "OK",
          "Done.",
          "Step 2/22: Building",
          "Compiling utils/handler.rs...",
          "FAILED: test_auth_login",
          "[12:52:18] INFO: Processing request",
          "POST /api - 200 (189ms)",
          "\u2713 Task completed in 2866ms",
          "Waiting...",
          "WARNING: express has known vulnerabilities",
          "Minifying vendor.js",
          "Snapshots: 10 passed, 25 total",
          "Minifying main.js",
          "Step 12/22: Linting",
          "npm install: added 157 packages",
          "Compiling components/main.py...",
          "\u2713 package completed",
          "Uploading artifact 'coverage' (13 files)",
          "npm notice: created a lockfile",
          "Step 9/18: Testing",
          "Done.",
          "[12:52:18] INFO: Cache refreshed",
          "pip: Installing build dependencies...",
          "Platform: darwin-arm64",
          "\u2713 Task completed in 1161ms",
          "Ready.",
          "Verifying...",
          "Generating source maps...",
          "Cache miss for key-3404",
          "Minifying vendor.js",
          "Checking out master branch",
          "HEAD is now at f69fe51",
          "Completed.",
          "Building Docker image...",
          "Layer 5/14: RUN command",
          "Building Docker image...",
          "Tests: 450 passed, 187 total",
          "Processing...",
          "pip: Installing build dependencies...",
          "Compiling src/service.java...",
          "[12:52:18] WARN: Deprecated API usage",
          "[12:52:18] INFO: Connecting to database",
          "Snapshots: 13 passed, 0 total",
          "Installing axios@5.7.10",
          "Test Suites: 20 passed, 22 total",
          "Layer 1/9: COPY command",
          "[12:52:18] DEBUG: Memory usage: 1970MB",
          "[12:52:18] INFO: Processing request",
          "Creating production build...",
          "pip: Installing build dependencies...",
          "pip: Downloading react-4.0.tar.gz",
          "\u2713 Step 'test' succeeded",
          "Bundling vendor.js",
          "Waiting...",
          "\u2713 Step 'install' succeeded",
          "Cache saved successfully",
          "Compiling src/app.ts...",
          "Step 14/22: Building",
          "Snapshots: 18 passed, 8 total",
          "Artifact downloaded: 46MB",
          "Step 4/17: Building",
          "Ready.",
          "Waiting...",
          "Compiling src/handler.rs...",
          "OK",
          "Optimizing 68 modules...",
          "HEAD is now at 44a4ad9",
          "pip: Downloading axios-3.6.tar.gz",
          "[12:52:18] INFO: Request completed",
          "[12:52:18] INFO: Processing request",
          "Generating source maps...",
          "[12:52:18] DEBUG: Initializing service",
          "\u26a0 DEPRECATION: Feature will be removed in v5.0",
          "Coverage: 91% statements, 96% branches",
          "Step 4/21: Linting",
          "Generating source maps...",
          "\u2713 test completed",
          "Optimizing 14 modules...",
          "npm notice: created a lockfile",
          "[12:52:18] DEBUG: Connection pool: 14 active",
          "NODE_ENV=test",
          "Already up to date.",
          "WARNING: express has known vulnerabilities",
          "Artifact uploaded: build.tar.gz (34MB)",
          "[12:52:18] INFO: Connecting to database",
          "Step 20/21: Running migrations",
          "Environment: production",
          "\u2713 Step 'test' succeeded",
          "NODE_ENV=development",
          "[12:52:18] WARN: Deprecated API usage",
          "Snapshots: 3 passed, 0 total",
          "Compiling lib/service.java...",
          "Step 19/21: Testing",
          "Switched to branch 'feature/task-933'",
          "Layer 9/12: RUN command",
          "Installing react@4.19.8",
          "TLS handshake completed",
          "Cache hit for key-6000",
          "\u2713 lint completed",
          "Minifying vendor.js",
          "yarn add: Done in 3.69s",
          "Test Suites: 39 passed, 16 total",
          "npm notice: created a lockfile",
          "Connection established",
          "Using Python 3.11",
          "  PASS: integration/test_user_create.spec.js",
          "[12:52:18] DEBUG: Query executed in 98ms",
          "Installing axios@4.5.5",
          "=== Step lint completed ==="
        ]
      }
    ],
    "label": "normal"
  }
}