{
  "action": "completed",
  "workflow_run": {
    "id": 321,
    "name": "CI Pipeline",
    "head_branch": "main",
    "head_sha": "cb003eed4fd2ed2bc7d960bf169064e6c4b1edd4",
    "status": "completed",
    "conclusion": "success",
    "run_started_at": "2025-12-07T23:44:26.199270Z",
    "updated_at": "2025-12-07T23:46:21.162500Z"
  },
  "repository": {
    "full_name": "acme-corp/data-pipeline",
    "name": "data-pipeline"
  },
  "sender": {
    "login": "charlie"
  },
  "_safeops_extended": {
    "raw_logs": "=== Step: checkout ===\nCache hit for key-5757\nCompiling src/handler.rs...\n  PASS: test_db_connect (480ms)\nCache hit for key-6431\nCompiling src/main.py...\nWARNING: prettier has known vulnerabilities\nCache hit for key-4446\nCache hit for key-3985\nWARNING: eslint has known vulnerabilities\nStep 8/10: Building\nCompiling src/index.js...\n[23:44:26] WARN: Deprecated API usage\nArtifact uploaded: build.tar.gz (37MB)\nCache hit for key-5431\nArtifact uploaded: build.tar.gz (25MB)\n  PASS: test_auth_login (419ms)\n  PASS: test_db_connect (72ms)\n\u2713 build completed\n\u2713 lint completed\n[23:44:26] INFO: Processing request\nInstalling webpack@4.14.0\nCompiling src/service.java...\n\u2713 build completed\n\u2713 lint completed\nCompiling src/handler.rs...\nWARNING: lodash has known vulnerabilities\nArtifact uploaded: build.tar.gz (11MB)\n  PASS: test_db_connect (103ms)\n[23:44:26] INFO: Processing request\n  PASS: test_cache_hit (338ms)\n\u2713 lint completed\n  PASS: test_user_create (355ms)\n\u2713 build completed\nInstalling express@3.3.0\nStep 8/10: Building\nInstalling express@2.20.0\nCompiling src/app.ts...\n  PASS: test_api_health (2ms)\nArtifact uploaded: build.tar.gz (42MB)\n  PASS: test_db_connect (213ms)\n  PASS: test_auth_login (336ms)\nCompiling src/utils.go...\n[23:44:26] INFO: Processing request\nCompiling src/service.java...\nInstalling axios@2.13.0\nCompiling src/index.js...\nCache hit for key-4596\nCache hit for key-7531\nWARNING: eslint has known vulnerabilities\nInstalling react@2.0.0\nCache hit for key-8392\nCache hit for key-4318\nCompiling src/app.ts...\nArtifact uploaded: build.tar.gz (3MB)\nInstalling axios@2.16.0\nCache hit for key-9205\n[23:44:26] WARN: Deprecated API usage\nWARNING: prettier has known vulnerabilities\nStep 3/10: Building\n  PASS: test_cache_hit (409ms)\nCompiling src/service.java...\nCache hit for key-6861\nCompiling src/handler.rs...\nStep 9/10: Building\nCache hit for key-8810\nCompiling src/service.java...\nArtifact uploaded: build.tar.gz (30MB)\n\u2713 test completed\nCompiling src/handler.rs...\n  PASS: test_db_connect (133ms)\nCache hit for key-7602\nArtifact uploaded: build.tar.gz (20MB)\n[23:44:26] INFO: Processing request\nInstalling axios@4.15.0\n  PASS: test_cache_hit (164ms)\nStep 6/10: Building\n  PASS: test_db_connect (237ms)\nInstalling express@3.10.0\n[23:44:26] INFO: Processing request\n\u2713 lint completed\n  PASS: test_auth_login (49ms)\n  PASS: test_db_connect (61ms)\n[23:44:26] INFO: Processing request\n  PASS: test_user_create (460ms)\nStep 2/10: Building\n  PASS: test_user_create (160ms)\nCompiling src/app.ts...\nArtifact uploaded: build.tar.gz (28MB)\n  PASS: test_api_health (417ms)\nArtifact uploaded: build.tar.gz (31MB)\nCompiling src/index.js...\nInstalling jest@4.20.0\nCache hit for key-7792\nInstalling lodash@5.5.0\n  PASS: test_auth_login (424ms)\n  PASS: test_db_connect (381ms)\n  PASS: test_db_connect (268ms)\nInstalling axios@1.20.0\n  PASS: test_user_create (191ms)\nStep 10/10: Building\n  PASS: test_auth_login (288ms)\nStep 4/10: Building\nStep 5/10: Building\nArtifact uploaded: build.tar.gz (3MB)\nInstalling prettier@2.8.0\nCache hit for key-8898\n=== Step checkout completed ===\n=== Step: setup_environment ===\nCompiling src/index.js...\nInstalling express@4.5.0\nInstalling lodash@3.4.0\n  PASS: test_db_connect (138ms)\n  PASS: test_user_create (435ms)\nCache hit for key-7792\n  PASS: test_auth_login (453ms)\nWARNING: lodash has known vulnerabilities\nCache hit for key-8855\nStep 7/10: Building\n\u2713 build completed\nInstalling react@3.2.0\nInstalling jest@1.13.0\n[23:44:26] WARN: Deprecated API usage\nStep 8/10: Building\nCache hit for key-2006\nCompiling src/utils.go...\n\u2713 test completed\nCompiling src/utils.go...\n[23:44:26] ERROR: Connection failed\nCompiling src/handler.rs...\nCompiling src/service.java...\n  PASS: test_api_health (312ms)\nCache hit for key-5144\nInstalling prettier@3.3.0\nInstalling react@5.7.0\n  PASS: test_auth_login (383ms)\nArtifact uploaded: build.tar.gz (20MB)\nCache hit for key-6806\nCache hit for key-1742\n[23:44:26] WARN: Deprecated API usage\n[23:44:26] INFO: Processing request\nStep 2/10: Building\n[23:44:26] WARN: Deprecated API usage\n[23:44:26] WARN: Deprecated API usage\n[23:44:26] INFO: Processing request\n[23:44:26] ERROR: Connection failed\n[23:44:26] INFO: Processing request\nCompiling src/utils.go...\nStep 10/10: Building\nWARNING: prettier has known vulnerabilities\nArtifact uploaded: build.tar.gz (44MB)\n\u2713 lint completed\n\u2713 lint completed\nArtifact uploaded: build.tar.gz (46MB)\nCache hit for key-9637\n[23:44:26] INFO: Processing request\n\u2713 lint completed\nCache hit for key-7718\nStep 8/10: Building\nWARNING: jest has known vulnerabilities\n\u2713 build completed\n[23:44:26] INFO: Processing request\n[23:44:26] INFO: Processing request\n\u2713 build completed\nStep 3/10: Building\nInstalling react@2.14.0\n\u2713 lint completed\nInstalling webpack@5.4.0\n\u2713 build completed\n[23:44:26] INFO: Processing request\nCache hit for key-2951\n  PASS: test_cache_hit (338ms)\nArtifact uploaded: build.tar.gz (6MB)\n\u2713 lint completed\nInstalling webpack@1.7.0\nStep 8/10: Building\nCompiling src/main.py...\nStep 8/10: Building\n  PASS: test_auth_login (224ms)\nStep 3/10: Building\nInstalling axios@3.5.0\nCache hit for key-8858\nArtifact uploaded: build.tar.gz (12MB)\n  PASS: test_db_connect (361ms)\nStep 6/10: Building\nArtifact uploaded: build.tar.gz (26MB)\n  PASS: test_db_connect (408ms)\n[23:44:26] INFO: Processing request\nStep 1/10: Building\nStep 5/10: Building\nWARNING: axios has known vulnerabilities\nCache hit for key-5197\nInstalling eslint@2.16.0\n[23:44:26] INFO: Processing request\nCompiling src/service.java...\n[23:44:26] INFO: Processing request\n  PASS: test_cache_hit (324ms)\nStep 3/10: Building\nInstalling jest@5.16.0\nInstalling express@1.16.0\nCache hit for key-5748\n[23:44:26] INFO: Processing request\n  PASS: test_auth_login (500ms)\n  PASS: test_user_create (319ms)\n  PASS: test_cache_hit (28ms)\nStep 8/10: Building\n  PASS: test_user_create (428ms)\n[23:44:26] WARN: Deprecated API usage\nCompiling src/index.js...\n\u2713 test completed\n  PASS: test_cache_hit (212ms)\nStep 8/10: Building\nCache hit for key-5410\nInstalling express@5.4.0\nCache hit for key-1393\n=== Step setup_environment completed ===\n=== Step: install_dependencies ===\n[23:44:26] INFO: Processing request\n\u26a0 DEPRECATION: Feature will be removed in v5.0\nArtifact uploaded: build.tar.gz (36MB)\n  PASS: test_auth_login (125ms)\nArtifact uploaded: build.tar.gz (32MB)\n  PASS: test_cache_hit (494ms)\nCompiling src/handler.rs...\nException: NullPointerException\nCompiling src/main.py...\nInstalling eslint@1.17.0\n\u2713 lint completed\n\u2713 lint completed\n\u2713 lint completed\nCompiling src/utils.go...\n[23:44:26] INFO: Processing request\n  PASS: test_api_health (478ms)\n\u2713 lint completed\nCompiling src/utils.go...\nWARNING: react has known vulnerabilities\n\u2713 test completed\nArtifact uploaded: build.tar.gz (2MB)\n  PASS: test_user_create (356ms)\nStep 4/10: Building\n  PASS: test_user_create (41ms)\n\u2713 lint completed\nStep 6/10: Building\nCache hit for key-5695\n[23:44:26] INFO: Processing request\nStep 7/10: Building\n  PASS: test_db_connect (360ms)\nStep 9/10: Building\n[23:44:26] WARN: Deprecated API usage\nException: TypeError\nInstalling lodash@3.2.0\nCache hit for key-7194\nStep 8/10: Building\nArtifact uploaded: build.tar.gz (28MB)\nStep 3/10: Building\nInstalling jest@2.17.0\nInstalling axios@2.15.0\n  PASS: test_user_create (333ms)\nArtifact uploaded: build.tar.gz (33MB)\nStep 3/10: Building\nCompiling src/index.js...\nInstalling lodash@3.6.0\n\u2713 lint completed\nArtifact uploaded: build.tar.gz (31MB)\nCompiling src/index.js...\n\u26a0 DEPRECATION: Feature will be removed in v3.0\nStep 7/10: Building\n[23:44:26] INFO: Processing request\nCache hit for key-7399\n\u2713 test completed\nCompiling src/handler.rs...\nInstalling prettier@4.14.0\nInstalling eslint@1.9.0\nCompiling src/app.ts...\nCompiling src/app.ts...\nStep 3/10: Building\n\u26a0 DEPRECATION: Feature will be removed in v5.0\nCache hit for key-1540\nInstalling express@1.1.0\nCache hit for key-4933\n\u26a0 DEPRECATION: Feature will be removed in v2.0\nArtifact uploaded: build.tar.gz (32MB)\nArtifact uploaded: build.tar.gz (3MB)\nInstalling webpack@4.14.0\nCompiling src/main.py...\nArtifact uploaded: build.tar.gz (30MB)\n[23:44:26] INFO: Processing request\nCache hit for key-8514\n\u2713 lint completed\nCache hit for key-3385\nCache hit for key-5085\nStep 2/10: Building\nCache hit for key-1304\nCompiling src/index.js...\nCompiling src/index.js...\n\u26a0 DEPRECATION: Feature will be removed in v4.0\nCompiling src/service.java...\nArtifact uploaded: build.tar.gz (39MB)\n  PASS: test_auth_login (69ms)\n[23:44:26] INFO: Processing request\n[23:44:26] INFO: Processing request\nArtifact uploaded: build.tar.gz (29MB)\nStep 1/10: Building\nCompiling src/index.js...\n[23:44:26] INFO: Processing request\nInstalling express@1.5.0\nArtifact uploaded: build.tar.gz (32MB)\nInstalling lodash@4.14.0\n  PASS: test_cache_hit (211ms)\nArtifact uploaded: build.tar.gz (48MB)\n  PASS: test_user_create (121ms)\n  PASS: test_auth_login (399ms)\nInstalling express@4.9.0\nFAILED: test_cache_hit\nInstalling axios@1.10.0\nArtifact uploaded: build.tar.gz (29MB)\nCompiling src/index.js...\nCache hit for key-4237\nArtifact uploaded: build.tar.gz (17MB)\nWARNING: react has known vulnerabilities\nCompiling src/app.ts...\nArtifact uploaded: build.tar.gz (16MB)\nCache hit for key-5116\n=== Step install_dependencies completed ===\n=== Step: run_tests ===\nCompiling src/app.ts...\n  PASS: test_db_connect (323ms)\nInstalling eslint@2.6.0\n  PASS: test_db_connect (18ms)\nStep 9/10: Building\nInstalling express@2.6.0\nStep 4/10: Building\n\u2713 test completed\n\u2713 build completed\n[23:44:26] INFO: Processing request\nArtifact uploaded: build.tar.gz (9MB)\nCompiling src/handler.rs...\nCompiling src/service.java...\nArtifact uploaded: build.tar.gz (45MB)\n  PASS: test_auth_login (272ms)\nArtifact uploaded: build.tar.gz (21MB)\nInstalling axios@5.14.0\nArtifact uploaded: build.tar.gz (32MB)\nCache hit for key-5928\nArtifact uploaded: build.tar.gz (37MB)\nStep 6/10: Building\n  PASS: test_db_connect (457ms)\nCompiling src/index.js...\nCompiling src/utils.go...\nArtifact uploaded: build.tar.gz (11MB)\nCompiling src/service.java...\nStep 10/10: Building\nArtifact uploaded: build.tar.gz (17MB)\n  PASS: test_user_create (227ms)\n[23:44:26] INFO: Processing request\nArtifact uploaded: build.tar.gz (43MB)\nCompiling src/handler.rs...\nStep 8/10: Building\n\u2713 test completed\nStep 8/10: Building\n  PASS: test_db_connect (268ms)\nArtifact uploaded: build.tar.gz (48MB)\n[23:44:26] INFO: Processing request\n[23:44:26] INFO: Processing request\n[23:44:26] WARN: Deprecated API usage\nCompiling src/handler.rs...\nException: ValueError\n[23:44:26] INFO: Processing request\nStep 6/10: Building\nStep 7/10: Building\n  PASS: test_api_health (464ms)\n\u2713 test completed\nArtifact uploaded: build.tar.gz (25MB)\nCache hit for key-2759\nWARNING: eslint has known vulnerabilities\nWARNING: react has known vulnerabilities\n  PASS: test_cache_hit (307ms)\nStep 9/10: Building\nWARNING: react has known vulnerabilities\nArtifact uploaded: build.tar.gz (16MB)\nArtifact uploaded: build.tar.gz (46MB)\nWARNING: jest has known vulnerabilities\nCompiling src/utils.go...\nCache hit for key-8999\nStep 9/10: Building\nInstalling express@3.5.0\n  PASS: test_auth_login (50ms)\nArtifact uploaded: build.tar.gz (45MB)\nArtifact uploaded: build.tar.gz (9MB)\nCompiling src/service.java...\nArtifact uploaded: build.tar.gz (45MB)\n[23:44:26] INFO: Processing request\n\u2713 build completed\n  PASS: test_auth_login (317ms)\nCompiling src/utils.go...\n\u2713 build completed\n[23:44:26] WARN: Deprecated API usage\n[23:44:26] INFO: Processing request\nCompiling src/index.js...\n\u2713 build completed\n[23:44:26] INFO: Processing request\nArtifact uploaded: build.tar.gz (22MB)\n[23:44:26] INFO: Processing request\nCache hit for key-4306\nCache hit for key-6061\n  PASS: test_cache_hit (326ms)\n  PASS: test_api_health (95ms)\n  PASS: test_cache_hit (456ms)\nArtifact uploaded: build.tar.gz (14MB)\n  PASS: test_user_create (464ms)\n\u2713 build completed\n  PASS: test_user_create (199ms)\n[23:44:26] WARN: Deprecated API usage\nArtifact uploaded: build.tar.gz (27MB)\n\u2713 test completed\nCompiling src/index.js...\n[23:44:26] INFO: Processing request\nInstalling prettier@2.7.0\nWARNING: prettier has known vulnerabilities\n[23:44:26] INFO: Processing request\nInstalling express@3.15.0\nCompiling src/service.java...\n[23:44:26] INFO: Processing request\n[23:44:26] INFO: Processing request\nInstalling webpack@3.6.0\n  PASS: test_cache_hit (393ms)\nInstalling jest@5.7.0\nWARNING: eslint has known vulnerabilities\nStep 4/10: Building\nCache hit for key-8505\n\u2713 test completed\n=== Step run_tests completed ===\n=== Step: build_artifact ===\n  PASS: test_cache_hit (283ms)\nCache hit for key-4913\n[23:44:26] INFO: Processing request\n[23:44:26] WARN: Deprecated API usage\nArtifact uploaded: build.tar.gz (38MB)\nCache hit for key-3874\nCache hit for key-1243\n  PASS: test_auth_login (317ms)\n\u2713 build completed\nCache hit for key-9904\nCompiling src/app.ts...\n  PASS: test_auth_login (268ms)\nCache hit for key-2853\nStep 6/10: Building\nInstalling jest@1.17.0\nStep 1/10: Building\nCache hit for key-4712\nStep 4/10: Building\n[23:44:26] ERROR: Connection failed\nStep 10/10: Building\nCache hit for key-5590\nStep 2/10: Building\nCache hit for key-9796\n\u26a0 DEPRECATION: Feature will be removed in v2.0\nArtifact uploaded: build.tar.gz (50MB)\nArtifact uploaded: build.tar.gz (18MB)\nFAILED: test_db_connect\nCache hit for key-1603\n  PASS: test_auth_login (81ms)\nCompiling src/main.py...\nArtifact uploaded: build.tar.gz (49MB)\nStep 10/10: Building\n[23:44:26] WARN: Deprecated API usage\n\u2713 build completed\nArtifact uploaded: build.tar.gz (34MB)\nStep 3/10: Building\n[23:44:26] INFO: Processing request\nInstalling jest@1.16.0\nCache hit for key-3522\n\u2713 build completed\n\u2713 lint completed\n\u2713 test completed\nInstalling express@3.7.0\nStep 5/10: Building\nCompiling src/index.js...\n  PASS: test_db_connect (373ms)\nFAILED: test_auth_login\nInstalling axios@3.3.0\n  PASS: test_api_health (418ms)\n[23:44:26] INFO: Processing request\nStep 5/10: Building\nInstalling jest@2.10.0\n\u2713 build completed\n\u26a0 DEPRECATION: Feature will be removed in v5.0\nCache hit for key-3582\n\u2713 build completed\nStep 5/10: Building\n[23:44:26] INFO: Processing request\nStep 4/10: Building\n[23:44:26] INFO: Processing request\nCache hit for key-2907\nArtifact uploaded: build.tar.gz (6MB)\n\u2713 build completed\nArtifact uploaded: build.tar.gz (13MB)\nCompiling src/service.java...\nArtifact uploaded: build.tar.gz (4MB)\nCache hit for key-6200\nCompiling src/handler.rs...\n[23:44:26] INFO: Processing request\n\u26a0 DEPRECATION: Feature will be removed in v4.0\n  PASS: test_auth_login (42ms)\nArtifact uploaded: build.tar.gz (8MB)\n\u2713 build completed\n[23:44:26] INFO: Processing request\nCompiling src/index.js...\n[23:44:26] WARN: Deprecated API usage\nStep 4/10: Building\nCache hit for key-4387\nCompiling src/main.py...\nStep 5/10: Building\nInstalling express@3.13.0\nException: ValueError\nArtifact uploaded: build.tar.gz (44MB)\n[23:44:26] INFO: Processing request\nStep 6/10: Building\n[23:44:26] INFO: Processing request\nException: TypeError\nCompiling src/main.py...\n[23:44:26] INFO: Processing request\n  PASS: test_user_create (466ms)\n\u26a0 DEPRECATION: Feature will be removed in v5.0\nCache hit for key-4194\n  PASS: test_user_create (395ms)\nCompiling src/service.java...\nArtifact uploaded: build.tar.gz (26MB)\nCache hit for key-6459\nStep 9/10: Building\nCompiling src/service.java...\n[23:44:26] INFO: Processing request\nArtifact uploaded: build.tar.gz (11MB)\nStep 5/10: Building\n[23:44:26] INFO: Processing request\n  PASS: test_db_connect (340ms)\nCompiling src/service.java...\n[23:44:26] INFO: Processing request\nCache hit for key-2205\n=== Step build_artifact completed ===\n=== Step: deploy ===\nCache hit for key-3363\n[23:44:26] INFO: Processing request\nInstalling axios@5.12.0\nWARNING: axios has known vulnerabilities\n[23:44:26] INFO: Processing request\nArtifact uploaded: build.tar.gz (37MB)\nCache hit for key-1527\nCache hit for key-9116\n\u26a0 DEPRECATION: Feature will be removed in v4.0\nArtifact uploaded: build.tar.gz (19MB)\nInstalling jest@2.11.0\n  PASS: test_api_health (488ms)\n\u2713 build completed\nArtifact uploaded: build.tar.gz (38MB)\nStep 4/10: Building\nArtifact uploaded: build.tar.gz (15MB)\n  PASS: test_api_health (284ms)\n  PASS: test_cache_hit (276ms)\n\u2713 test completed\nCompiling src/index.js...\n  PASS: test_auth_login (395ms)\nCache hit for key-5449\nCache hit for key-1075\nArtifact uploaded: build.tar.gz (17MB)\nWARNING: react has known vulnerabilities\nCompiling src/utils.go...\n[23:44:26] WARN: Deprecated API usage\n\u2713 lint completed\nStep 2/10: Building\nException: ValueError\nArtifact uploaded: build.tar.gz (16MB)\nStep 6/10: Building\n\u2713 lint completed\nException: NullPointerException\n[23:44:26] INFO: Processing request\nStep 4/10: Building\nInstalling webpack@3.17.0\n\u2713 lint completed\nInstalling axios@4.5.0\nInstalling lodash@3.1.0\n  PASS: test_cache_hit (275ms)\nArtifact uploaded: build.tar.gz (39MB)\nInstalling jest@3.7.0\n\u2713 build completed\n\u2713 build completed\nCache hit for key-7681\nCompiling src/main.py...\nStep 6/10: Building\n[23:44:26] WARN: Deprecated API usage\nWARNING: express has known vulnerabilities\n[23:44:26] INFO: Processing request\nInstalling prettier@5.11.0\nCompiling src/main.py...\nCompiling src/app.ts...\nCompiling src/utils.go...\nArtifact uploaded: build.tar.gz (4MB)\nCache hit for key-2256\n[23:44:26] INFO: Processing request\n\u2713 test completed\n  PASS: test_auth_login (434ms)\n\u2713 test completed\nCompiling src/service.java...\nInstalling lodash@4.2.0\nCache hit for key-9849\n\u2713 test completed\n  PASS: test_db_connect (467ms)\n[23:44:26] INFO: Processing request\nStep 4/10: Building\nStep 5/10: Building\nInstalling jest@2.3.0\n[23:44:26] INFO: Processing request\n[23:44:26] INFO: Processing request\n[23:44:26] INFO: Processing request\nInstalling express@4.3.0\n\u2713 build completed\nStep 7/10: Building\n\u2713 test completed\n\u2713 lint completed\nArtifact uploaded: build.tar.gz (38MB)\n\u2713 test completed\n\u2713 build completed\nCompiling src/index.js...\nCache hit for key-3551\n[23:44:26] INFO: Processing request\nCache hit for key-9456\n\u26a0 DEPRECATION: Feature will be removed in v5.0\n  PASS: test_auth_login (130ms)\n  PASS: test_api_health (362ms)\nCache hit for key-2601\n[23:44:26] INFO: Processing request\n\u2713 build completed\n\u2713 test completed\nCache hit for key-5076\nInstalling lodash@4.13.0\n[23:44:26] INFO: Processing request\nArtifact uploaded: build.tar.gz (10MB)\nCompiling src/app.ts...\n[23:44:26] WARN: Deprecated API usage\nCompiling src/service.java...\nCache hit for key-1790\n  PASS: test_cache_hit (425ms)\nCompiling src/utils.go...\n  PASS: test_auth_login (466ms)\nInstalling lodash@2.2.0\n[23:44:26] INFO: Processing request\nArtifact uploaded: build.tar.gz (48MB)\n=== Step deploy completed ===",
    "steps": [
      {
        "name": "checkout",
        "status": "success",
        "started_at": "2025-12-07T23:44:26.199270",
        "finished_at": "2025-12-07T23:44:31.947431",
        "log_lines": [
          "=== Step: checkout ===",
          "Cache hit for key-5757",
          "Compiling src/handler.rs...",
          "  PASS: test_db_connect (480ms)",
          "Cache hit for key-6431",
          "Compiling src/main.py...",
          "WARNING: prettier has known vulnerabilities",
          "Cache hit for key-4446",
          "Cache hit for key-3985",
          "WARNING: eslint has known vulnerabilities",
          "Step 8/10: Building",
          "Compiling src/index.js...",
          "[23:44:26] WARN: Deprecated API usage",
          "Artifact uploaded: build.tar.gz (37MB)",
          "Cache hit for key-5431",
          "Artifact uploaded: build.tar.gz (25MB)",
          "  PASS: test_auth_login (419ms)",
          "  PASS: test_db_connect (72ms)",
          "\u2713 build completed",
          "\u2713 lint completed",
          "[23:44:26] INFO: Processing request",
          "Installing webpack@4.14.0",
          "Compiling src/service.java...",
          "\u2713 build completed",
          "\u2713 lint completed",
          "Compiling src/handler.rs...",
          "WARNING: lodash has known vulnerabilities",
          "Artifact uploaded: build.tar.gz (11MB)",
          "  PASS: test_db_connect (103ms)",
          "[23:44:26] INFO: Processing request",
          "  PASS: test_cache_hit (338ms)",
          "\u2713 lint completed",
          "  PASS: test_user_create (355ms)",
          "\u2713 build completed",
          "Installing express@3.3.0",
          "Step 8/10: Building",
          "Installing express@2.20.0",
          "Compiling src/app.ts...",
          "  PASS: test_api_health (2ms)",
          "Artifact uploaded: build.tar.gz (42MB)",
          "  PASS: test_db_connect (213ms)",
          "  PASS: test_auth_login (336ms)",
          "Compiling src/utils.go...",
          "[23:44:26] INFO: Processing request",
          "Compiling src/service.java...",
          "Installing axios@2.13.0",
          "Compiling src/index.js...",
          "Cache hit for key-4596",
          "Cache hit for key-7531",
          "WARNING: eslint has known vulnerabilities",
          "Installing react@2.0.0",
          "Cache hit for key-8392",
          "Cache hit for key-4318",
          "Compiling src/app.ts...",
          "Artifact uploaded: build.tar.gz (3MB)",
          "Installing axios@2.16.0",
          "Cache hit for key-9205",
          "[23:44:26] WARN: Deprecated API usage",
          "WARNING: prettier has known vulnerabilities",
          "Step 3/10: Building",
          "  PASS: test_cache_hit (409ms)",
          "Compiling src/service.java...",
          "Cache hit for key-6861",
          "Compiling src/handler.rs...",
          "Step 9/10: Building",
          "Cache hit for key-8810",
          "Compiling src/service.java...",
          "Artifact uploaded: build.tar.gz (30MB)",
          "\u2713 test completed",
          "Compiling src/handler.rs...",
          "  PASS: test_db_connect (133ms)",
          "Cache hit for key-7602",
          "Artifact uploaded: build.tar.gz (20MB)",
          "[23:44:26] INFO: Processing request",
          "Installing axios@4.15.0",
          "  PASS: test_cache_hit (164ms)",
          "Step 6/10: Building",
          "  PASS: test_db_connect (237ms)",
          "Installing express@3.10.0",
          "[23:44:26] INFO: Processing request",
          "\u2713 lint completed",
          "  PASS: test_auth_login (49ms)",
          "  PASS: test_db_connect (61ms)",
          "[23:44:26] INFO: Processing request",
          "  PASS: test_user_create (460ms)",
          "Step 2/10: Building",
          "  PASS: test_user_create (160ms)",
          "Compiling src/app.ts...",
          "Artifact uploaded: build.tar.gz (28MB)",
          "  PASS: test_api_health (417ms)",
          "Artifact uploaded: build.tar.gz (31MB)",
          "Compiling src/index.js...",
          "Installing jest@4.20.0",
          "Cache hit for key-7792",
          "Installing lodash@5.5.0",
          "  PASS: test_auth_login (424ms)",
          "  PASS: test_db_connect (381ms)",
          "  PASS: test_db_connect (268ms)",
          "Installing axios@1.20.0",
          "  PASS: test_user_create (191ms)",
          "Step 10/10: Building",
          "  PASS: test_auth_login (288ms)",
          "Step 4/10: Building",
          "Step 5/10: Building",
          "Artifact uploaded: build.tar.gz (3MB)",
          "Installing prettier@2.8.0",
          "Cache hit for key-8898",
          "=== Step checkout completed ==="
        ]
      },
      {
        "name": "setup_environment",
        "status": "success",
        "started_at": "2025-12-07T23:44:31.947431",
        "finished_at": "2025-12-07T23:44:43.443754",
        "log_lines": [
          "=== Step: setup_environment ===",
          "Compiling src/index.js...",
          "Installing express@4.5.0",
          "Installing lodash@3.4.0",
          "  PASS: test_db_connect (138ms)",
          "  PASS: test_user_create (435ms)",
          "Cache hit for key-7792",
          "  PASS: test_auth_login (453ms)",
          "WARNING: lodash has known vulnerabilities",
          "Cache hit for key-8855",
          "Step 7/10: Building",
          "\u2713 build completed",
          "Installing react@3.2.0",
          "Installing jest@1.13.0",
          "[23:44:26] WARN: Deprecated API usage",
          "Step 8/10: Building",
          "Cache hit for key-2006",
          "Compiling src/utils.go...",
          "\u2713 test completed",
          "Compiling src/utils.go...",
          "[23:44:26] ERROR: Connection failed",
          "Compiling src/handler.rs...",
          "Compiling src/service.java...",
          "  PASS: test_api_health (312ms)",
          "Cache hit for key-5144",
          "Installing prettier@3.3.0",
          "Installing react@5.7.0",
          "  PASS: test_auth_login (383ms)",
          "Artifact uploaded: build.tar.gz (20MB)",
          "Cache hit for key-6806",
          "Cache hit for key-1742",
          "[23:44:26] WARN: Deprecated API usage",
          "[23:44:26] INFO: Processing request",
          "Step 2/10: Building",
          "[23:44:26] WARN: Deprecated API usage",
          "[23:44:26] WARN: Deprecated API usage",
          "[23:44:26] INFO: Processing request",
          "[23:44:26] ERROR: Connection failed",
          "[23:44:26] INFO: Processing request",
          "Compiling src/utils.go...",
          "Step 10/10: Building",
          "WARNING: prettier has known vulnerabilities",
          "Artifact uploaded: build.tar.gz (44MB)",
          "\u2713 lint completed",
          "\u2713 lint completed",
          "Artifact uploaded: build.tar.gz (46MB)",
          "Cache hit for key-9637",
          "[23:44:26] INFO: Processing request",
          "\u2713 lint completed",
          "Cache hit for key-7718",
          "Step 8/10: Building",
          "WARNING: jest has known vulnerabilities",
          "\u2713 build completed",
          "[23:44:26] INFO: Processing request",
          "[23:44:26] INFO: Processing request",
          "\u2713 build completed",
          "Step 3/10: Building",
          "Installing react@2.14.0",
          "\u2713 lint completed",
          "Installing webpack@5.4.0",
          "\u2713 build completed",
          "[23:44:26] INFO: Processing request",
          "Cache hit for key-2951",
          "  PASS: test_cache_hit (338ms)",
          "Artifact uploaded: build.tar.gz (6MB)",
          "\u2713 lint completed",
          "Installing webpack@1.7.0",
          "Step 8/10: Building",
          "Compiling src/main.py...",
          "Step 8/10: Building",
          "  PASS: test_auth_login (224ms)",
          "Step 3/10: Building",
          "Installing axios@3.5.0",
          "Cache hit for key-8858",
          "Artifact uploaded: build.tar.gz (12MB)",
          "  PASS: test_db_connect (361ms)",
          "Step 6/10: Building",
          "Artifact uploaded: build.tar.gz (26MB)",
          "  PASS: test_db_connect (408ms)",
          "[23:44:26] INFO: Processing request",
          "Step 1/10: Building",
          "Step 5/10: Building",
          "WARNING: axios has known vulnerabilities",
          "Cache hit for key-5197",
          "Installing eslint@2.16.0",
          "[23:44:26] INFO: Processing request",
          "Compiling src/service.java...",
          "[23:44:26] INFO: Processing request",
          "  PASS: test_cache_hit (324ms)",
          "Step 3/10: Building",
          "Installing jest@5.16.0",
          "Installing express@1.16.0",
          "Cache hit for key-5748",
          "[23:44:26] INFO: Processing request",
          "  PASS: test_auth_login (500ms)",
          "  PASS: test_user_create (319ms)",
          "  PASS: test_cache_hit (28ms)",
          "Step 8/10: Building",
          "  PASS: test_user_create (428ms)",
          "[23:44:26] WARN: Deprecated API usage",
          "Compiling src/index.js...",
          "\u2713 test completed",
          "  PASS: test_cache_hit (212ms)",
          "Step 8/10: Building",
          "Cache hit for key-5410",
          "Installing express@5.4.0",
          "Cache hit for key-1393",
          "=== Step setup_environment completed ==="
        ]
      },
      {
        "name": "install_dependencies",
        "status": "success",
        "started_at": "2025-12-07T23:44:43.443754",
        "finished_at": "2025-12-07T23:45:06.436400",
        "log_lines": [
          "=== Step: install_dependencies ===",
          "[23:44:26] INFO: Processing request",
          "\u26a0 DEPRECATION: Feature will be removed in v5.0",
          "Artifact uploaded: build.tar.gz (36MB)",
          "  PASS: test_auth_login (125ms)",
          "Artifact uploaded: build.tar.gz (32MB)",
          "  PASS: test_cache_hit (494ms)",
          "Compiling src/handler.rs...",
          "Exception: NullPointerException",
          "Compiling src/main.py...",
          "Installing eslint@1.17.0",
          "\u2713 lint completed",
          "\u2713 lint completed",
          "\u2713 lint completed",
          "Compiling src/utils.go...",
          "[23:44:26] INFO: Processing request",
          "  PASS: test_api_health (478ms)",
          "\u2713 lint completed",
          "Compiling src/utils.go...",
          "WARNING: react has known vulnerabilities",
          "\u2713 test completed",
          "Artifact uploaded: build.tar.gz (2MB)",
          "  PASS: test_user_create (356ms)",
          "Step 4/10: Building",
          "  PASS: test_user_create (41ms)",
          "\u2713 lint completed",
          "Step 6/10: Building",
          "Cache hit for key-5695",
          "[23:44:26] INFO: Processing request",
          "Step 7/10: Building",
          "  PASS: test_db_connect (360ms)",
          "Step 9/10: Building",
          "[23:44:26] WARN: Deprecated API usage",
          "Exception: TypeError",
          "Installing lodash@3.2.0",
          "Cache hit for key-7194",
          "Step 8/10: Building",
          "Artifact uploaded: build.tar.gz (28MB)",
          "Step 3/10: Building",
          "Installing jest@2.17.0",
          "Installing axios@2.15.0",
          "  PASS: test_user_create (333ms)",
          "Artifact uploaded: build.tar.gz (33MB)",
          "Step 3/10: Building",
          "Compiling src/index.js...",
          "Installing lodash@3.6.0",
          "\u2713 lint completed",
          "Artifact uploaded: build.tar.gz (31MB)",
          "Compiling src/index.js...",
          "\u26a0 DEPRECATION: Feature will be removed in v3.0",
          "Step 7/10: Building",
          "[23:44:26] INFO: Processing request",
          "Cache hit for key-7399",
          "\u2713 test completed",
          "Compiling src/handler.rs...",
          "Installing prettier@4.14.0",
          "Installing eslint@1.9.0",
          "Compiling src/app.ts...",
          "Compiling src/app.ts...",
          "Step 3/10: Building",
          "\u26a0 DEPRECATION: Feature will be removed in v5.0",
          "Cache hit for key-1540",
          "Installing express@1.1.0",
          "Cache hit for key-4933",
          "\u26a0 DEPRECATION: Feature will be removed in v2.0",
          "Artifact uploaded: build.tar.gz (32MB)",
          "Artifact uploaded: build.tar.gz (3MB)",
          "Installing webpack@4.14.0",
          "Compiling src/main.py...",
          "Artifact uploaded: build.tar.gz (30MB)",
          "[23:44:26] INFO: Processing request",
          "Cache hit for key-8514",
          "\u2713 lint completed",
          "Cache hit for key-3385",
          "Cache hit for key-5085",
          "Step 2/10: Building",
          "Cache hit for key-1304",
          "Compiling src/index.js...",
          "Compiling src/index.js...",
          "\u26a0 DEPRECATION: Feature will be removed in v4.0",
          "Compiling src/service.java...",
          "Artifact uploaded: build.tar.gz (39MB)",
          "  PASS: test_auth_login (69ms)",
          "[23:44:26] INFO: Processing request",
          "[23:44:26] INFO: Processing request",
          "Artifact uploaded: build.tar.gz (29MB)",
          "Step 1/10: Building",
          "Compiling src/index.js...",
          "[23:44:26] INFO: Processing request",
          "Installing express@1.5.0",
          "Artifact uploaded: build.tar.gz (32MB)",
          "Installing lodash@4.14.0",
          "  PASS: test_cache_hit (211ms)",
          "Artifact uploaded: build.tar.gz (48MB)",
          "  PASS: test_user_create (121ms)",
          "  PASS: test_auth_login (399ms)",
          "Installing express@4.9.0",
          "FAILED: test_cache_hit",
          "Installing axios@1.10.0",
          "Artifact uploaded: build.tar.gz (29MB)",
          "Compiling src/index.js...",
          "Cache hit for key-4237",
          "Artifact uploaded: build.tar.gz (17MB)",
          "WARNING: react has known vulnerabilities",
          "Compiling src/app.ts...",
          "Artifact uploaded: build.tar.gz (16MB)",
          "Cache hit for key-5116",
          "=== Step install_dependencies completed ==="
        ]
      },
      {
        "name": "run_tests",
        "status": "success",
        "started_at": "2025-12-07T23:45:06.436400",
        "finished_at": "2025-12-07T23:45:46.673530",
        "log_lines": [
          "=== Step: run_tests ===",
          "Compiling src/app.ts...",
          "  PASS: test_db_connect (323ms)",
          "Installing eslint@2.6.0",
          "  PASS: test_db_connect (18ms)",
          "Step 9/10: Building",
          "Installing express@2.6.0",
          "Step 4/10: Building",
          "\u2713 test completed",
          "\u2713 build completed",
          "[23:44:26] INFO: Processing request",
          "Artifact uploaded: build.tar.gz (9MB)",
          "Compiling src/handler.rs...",
          "Compiling src/service.java...",
          "Artifact uploaded: build.tar.gz (45MB)",
          "  PASS: test_auth_login (272ms)",
          "Artifact uploaded: build.tar.gz (21MB)",
          "Installing axios@5.14.0",
          "Artifact uploaded: build.tar.gz (32MB)",
          "Cache hit for key-5928",
          "Artifact uploaded: build.tar.gz (37MB)",
          "Step 6/10: Building",
          "  PASS: test_db_connect (457ms)",
          "Compiling src/index.js...",
          "Compiling src/utils.go...",
          "Artifact uploaded: build.tar.gz (11MB)",
          "Compiling src/service.java...",
          "Step 10/10: Building",
          "Artifact uploaded: build.tar.gz (17MB)",
          "  PASS: test_user_create (227ms)",
          "[23:44:26] INFO: Processing request",
          "Artifact uploaded: build.tar.gz (43MB)",
          "Compiling src/handler.rs...",
          "Step 8/10: Building",
          "\u2713 test completed",
          "Step 8/10: Building",
          "  PASS: test_db_connect (268ms)",
          "Artifact uploaded: build.tar.gz (48MB)",
          "[23:44:26] INFO: Processing request",
          "[23:44:26] INFO: Processing request",
          "[23:44:26] WARN: Deprecated API usage",
          "Compiling src/handler.rs...",
          "Exception: ValueError",
          "[23:44:26] INFO: Processing request",
          "Step 6/10: Building",
          "Step 7/10: Building",
          "  PASS: test_api_health (464ms)",
          "\u2713 test completed",
          "Artifact uploaded: build.tar.gz (25MB)",
          "Cache hit for key-2759",
          "WARNING: eslint has known vulnerabilities",
          "WARNING: react has known vulnerabilities",
          "  PASS: test_cache_hit (307ms)",
          "Step 9/10: Building",
          "WARNING: react has known vulnerabilities",
          "Artifact uploaded: build.tar.gz (16MB)",
          "Artifact uploaded: build.tar.gz (46MB)",
          "WARNING: jest has known vulnerabilities",
          "Compiling src/utils.go...",
          "Cache hit for key-8999",
          "Step 9/10: Building",
          "Installing express@3.5.0",
          "  PASS: test_auth_login (50ms)",
          "Artifact uploaded: build.tar.gz (45MB)",
          "Artifact uploaded: build.tar.gz (9MB)",
          "Compiling src/service.java...",
          "Artifact uploaded: build.tar.gz (45MB)",
          "[23:44:26] INFO: Processing request",
          "\u2713 build completed",
          "  PASS: test_auth_login (317ms)",
          "Compiling src/utils.go...",
          "\u2713 build completed",
          "[23:44:26] WARN: Deprecated API usage",
          "[23:44:26] INFO: Processing request",
          "Compiling src/index.js...",
          "\u2713 build completed",
          "[23:44:26] INFO: Processing request",
          "Artifact uploaded: build.tar.gz (22MB)",
          "[23:44:26] INFO: Processing request",
          "Cache hit for key-4306",
          "Cache hit for key-6061",
          "  PASS: test_cache_hit (326ms)",
          "  PASS: test_api_health (95ms)",
          "  PASS: test_cache_hit (456ms)",
          "Artifact uploaded: build.tar.gz (14MB)",
          "  PASS: test_user_create (464ms)",
          "\u2713 build completed",
          "  PASS: test_user_create (199ms)",
          "[23:44:26] WARN: Deprecated API usage",
          "Artifact uploaded: build.tar.gz (27MB)",
          "\u2713 test completed",
          "Compiling src/index.js...",
          "[23:44:26] INFO: Processing request",
          "Installing prettier@2.7.0",
          "WARNING: prettier has known vulnerabilities",
          "[23:44:26] INFO: Processing request",
          "Installing express@3.15.0",
          "Compiling src/service.java...",
          "[23:44:26] INFO: Processing request",
          "[23:44:26] INFO: Processing request",
          "Installing webpack@3.6.0",
          "  PASS: test_cache_hit (393ms)",
          "Installing jest@5.7.0",
          "WARNING: eslint has known vulnerabilities",
          "Step 4/10: Building",
          "Cache hit for key-8505",
          "\u2713 test completed",
          "=== Step run_tests completed ==="
        ]
      },
      {
        "name": "build_artifact",
        "status": "success",
        "started_at": "2025-12-07T23:45:46.673530",
        "finished_at": "2025-12-07T23:46:09.666176",
        "log_lines": [
          "=== Step: build_artifact ===",
          "  PASS: test_cache_hit (283ms)",
          "Cache hit for key-4913",
          "[23:44:26] INFO: Processing request",
          "[23:44:26] WARN: Deprecated API usage",
          "Artifact uploaded: build.tar.gz (38MB)",
          "Cache hit for key-3874",
          "Cache hit for key-1243",
          "  PASS: test_auth_login (317ms)",
          "\u2713 build completed",
          "Cache hit for key-9904",
          "Compiling src/app.ts...",
          "  PASS: test_auth_login (268ms)",
          "Cache hit for key-2853",
          "Step 6/10: Building",
          "Installing jest@1.17.0",
          "Step 1/10: Building",
          "Cache hit for key-4712",
          "Step 4/10: Building",
          "[23:44:26] ERROR: Connection failed",
          "Step 10/10: Building",
          "Cache hit for key-5590",
          "Step 2/10: Building",
          "Cache hit for key-9796",
          "\u26a0 DEPRECATION: Feature will be removed in v2.0",
          "Artifact uploaded: build.tar.gz (50MB)",
          "Artifact uploaded: build.tar.gz (18MB)",
          "FAILED: test_db_connect",
          "Cache hit for key-1603",
          "  PASS: test_auth_login (81ms)",
          "Compiling src/main.py...",
          "Artifact uploaded: build.tar.gz (49MB)",
          "Step 10/10: Building",
          "[23:44:26] WARN: Deprecated API usage",
          "\u2713 build completed",
          "Artifact uploaded: build.tar.gz (34MB)",
          "Step 3/10: Building",
          "[23:44:26] INFO: Processing request",
          "Installing jest@1.16.0",
          "Cache hit for key-3522",
          "\u2713 build completed",
          "\u2713 lint completed",
          "\u2713 test completed",
          "Installing express@3.7.0",
          "Step 5/10: Building",
          "Compiling src/index.js...",
          "  PASS: test_db_connect (373ms)",
          "FAILED: test_auth_login",
          "Installing axios@3.3.0",
          "  PASS: test_api_health (418ms)",
          "[23:44:26] INFO: Processing request",
          "Step 5/10: Building",
          "Installing jest@2.10.0",
          "\u2713 build completed",
          "\u26a0 DEPRECATION: Feature will be removed in v5.0",
          "Cache hit for key-3582",
          "\u2713 build completed",
          "Step 5/10: Building",
          "[23:44:26] INFO: Processing request",
          "Step 4/10: Building",
          "[23:44:26] INFO: Processing request",
          "Cache hit for key-2907",
          "Artifact uploaded: build.tar.gz (6MB)",
          "\u2713 build completed",
          "Artifact uploaded: build.tar.gz (13MB)",
          "Compiling src/service.java...",
          "Artifact uploaded: build.tar.gz (4MB)",
          "Cache hit for key-6200",
          "Compiling src/handler.rs...",
          "[23:44:26] INFO: Processing request",
          "\u26a0 DEPRECATION: Feature will be removed in v4.0",
          "  PASS: test_auth_login (42ms)",
          "Artifact uploaded: build.tar.gz (8MB)",
          "\u2713 build completed",
          "[23:44:26] INFO: Processing request",
          "Compiling src/index.js...",
          "[23:44:26] WARN: Deprecated API usage",
          "Step 4/10: Building",
          "Cache hit for key-4387",
          "Compiling src/main.py...",
          "Step 5/10: Building",
          "Installing express@3.13.0",
          "Exception: ValueError",
          "Artifact uploaded: build.tar.gz (44MB)",
          "[23:44:26] INFO: Processing request",
          "Step 6/10: Building",
          "[23:44:26] INFO: Processing request",
          "Exception: TypeError",
          "Compiling src/main.py...",
          "[23:44:26] INFO: Processing request",
          "  PASS: test_user_create (466ms)",
          "\u26a0 DEPRECATION: Feature will be removed in v5.0",
          "Cache hit for key-4194",
          "  PASS: test_user_create (395ms)",
          "Compiling src/service.java...",
          "Artifact uploaded: build.tar.gz (26MB)",
          "Cache hit for key-6459",
          "Step 9/10: Building",
          "Compiling src/service.java...",
          "[23:44:26] INFO: Processing request",
          "Artifact uploaded: build.tar.gz (11MB)",
          "Step 5/10: Building",
          "[23:44:26] INFO: Processing request",
          "  PASS: test_db_connect (340ms)",
          "Compiling src/service.java...",
          "[23:44:26] INFO: Processing request",
          "Cache hit for key-2205",
          "=== Step build_artifact completed ==="
        ]
      },
      {
        "name": "deploy",
        "status": "success",
        "started_at": "2025-12-07T23:46:09.666176",
        "finished_at": "2025-12-07T23:46:21.162499",
        "log_lines": [
          "=== Step: deploy ===",
          "Cache hit for key-3363",
          "[23:44:26] INFO: Processing request",
          "Installing axios@5.12.0",
          "WARNING: axios has known vulnerabilities",
          "[23:44:26] INFO: Processing request",
          "Artifact uploaded: build.tar.gz (37MB)",
          "Cache hit for key-1527",
          "Cache hit for key-9116",
          "\u26a0 DEPRECATION: Feature will be removed in v4.0",
          "Artifact uploaded: build.tar.gz (19MB)",
          "Installing jest@2.11.0",
          "  PASS: test_api_health (488ms)",
          "\u2713 build completed",
          "Artifact uploaded: build.tar.gz (38MB)",
          "Step 4/10: Building",
          "Artifact uploaded: build.tar.gz (15MB)",
          "  PASS: test_api_health (284ms)",
          "  PASS: test_cache_hit (276ms)",
          "\u2713 test completed",
          "Compiling src/index.js...",
          "  PASS: test_auth_login (395ms)",
          "Cache hit for key-5449",
          "Cache hit for key-1075",
          "Artifact uploaded: build.tar.gz (17MB)",
          "WARNING: react has known vulnerabilities",
          "Compiling src/utils.go...",
          "[23:44:26] WARN: Deprecated API usage",
          "\u2713 lint completed",
          "Step 2/10: Building",
          "Exception: ValueError",
          "Artifact uploaded: build.tar.gz (16MB)",
          "Step 6/10: Building",
          "\u2713 lint completed",
          "Exception: NullPointerException",
          "[23:44:26] INFO: Processing request",
          "Step 4/10: Building",
          "Installing webpack@3.17.0",
          "\u2713 lint completed",
          "Installing axios@4.5.0",
          "Installing lodash@3.1.0",
          "  PASS: test_cache_hit (275ms)",
          "Artifact uploaded: build.tar.gz (39MB)",
          "Installing jest@3.7.0",
          "\u2713 build completed",
          "\u2713 build completed",
          "Cache hit for key-7681",
          "Compiling src/main.py...",
          "Step 6/10: Building",
          "[23:44:26] WARN: Deprecated API usage",
          "WARNING: express has known vulnerabilities",
          "[23:44:26] INFO: Processing request",
          "Installing prettier@5.11.0",
          "Compiling src/main.py...",
          "Compiling src/app.ts...",
          "Compiling src/utils.go...",
          "Artifact uploaded: build.tar.gz (4MB)",
          "Cache hit for key-2256",
          "[23:44:26] INFO: Processing request",
          "\u2713 test completed",
          "  PASS: test_auth_login (434ms)",
          "\u2713 test completed",
          "Compiling src/service.java...",
          "Installing lodash@4.2.0",
          "Cache hit for key-9849",
          "\u2713 test completed",
          "  PASS: test_db_connect (467ms)",
          "[23:44:26] INFO: Processing request",
          "Step 4/10: Building",
          "Step 5/10: Building",
          "Installing jest@2.3.0",
          "[23:44:26] INFO: Processing request",
          "[23:44:26] INFO: Processing request",
          "[23:44:26] INFO: Processing request",
          "Installing express@4.3.0",
          "\u2713 build completed",
          "Step 7/10: Building",
          "\u2713 test completed",
          "\u2713 lint completed",
          "Artifact uploaded: build.tar.gz (38MB)",
          "\u2713 test completed",
          "\u2713 build completed",
          "Compiling src/index.js...",
          "Cache hit for key-3551",
          "[23:44:26] INFO: Processing request",
          "Cache hit for key-9456",
          "\u26a0 DEPRECATION: Feature will be removed in v5.0",
          "  PASS: test_auth_login (130ms)",
          "  PASS: test_api_health (362ms)",
          "Cache hit for key-2601",
          "[23:44:26] INFO: Processing request",
          "\u2713 build completed",
          "\u2713 test completed",
          "Cache hit for key-5076",
          "Installing lodash@4.13.0",
          "[23:44:26] INFO: Processing request",
          "Artifact uploaded: build.tar.gz (10MB)",
          "Compiling src/app.ts...",
          "[23:44:26] WARN: Deprecated API usage",
          "Compiling src/service.java...",
          "Cache hit for key-1790",
          "  PASS: test_cache_hit (425ms)",
          "Compiling src/utils.go...",
          "  PASS: test_auth_login (466ms)",
          "Installing lodash@2.2.0",
          "[23:44:26] INFO: Processing request",
          "Artifact uploaded: build.tar.gz (48MB)",
          "=== Step deploy completed ==="
        ]
      }
    ],
    "label": "normal"
  }
}