{
  "action": "completed",
  "workflow_run": {
    "id": 613,
    "name": "CI Pipeline",
    "head_branch": "develop",
    "head_sha": "49dbdc70cd1ed963704f975bb1e6ea902c1b629c",
    "status": "completed",
    "conclusion": "failure",
    "run_started_at": "2025-12-15T12:51:46.578513Z",
    "updated_at": "2025-12-15T12:54:35.461253Z"
  },
  "repository": {
    "full_name": "acme-corp/data-pipeline",
    "name": "data-pipeline"
  },
  "sender": {
    "login": "henry"
  },
  "_safeops_extended": {
    "raw_logs": "=== Step: checkout ===\nArtifact downloaded: 4MB\nWARNING: eslint has known vulnerabilities\nPlatform: win32-x64\nPulling image: node:latest\nnpm install: resolved 916 packages\npip install: Successfully installed react-5.15\n\u26a0 DEPRECATION: Feature will be removed in v3.0\nCompiling lib/service.java...\n\u2713 Task completed in 755ms\nLoading...\nRan 124 tests in 52s\n[12:51:46] ERROR: Connection failed\nStep 1/25: Running migrations\n[12:51:46] INFO: Request completed\nTest Suites: 16 passed, 14 total\nEnvironment: production\nImage pulled successfully\nVerifying...\nArtifact uploaded: build.tar.gz (17MB)\nSnapshots: 34 passed, 3 total\nStep 1/20: Installing dependencies\n\u2713 All checks passed\nCache hit for key-1403\n\u2713 Task completed in 1257ms\nImage pulled successfully\n[12:51:46] DEBUG: Loading configuration\nCoverage: 100% statements, 68% branches\nInstalling jest@5.20.6\nGET /health - 200 (91ms)\nTime: 86.437s\nPulling image: node:3.11\npip: Installing build dependencies...\nFetching from https://registry.npmjs.org/package.json\nOptimizing 62 modules...\nDone.\n\u26a0 DEPRECATION: Feature will be removed in v2.0\nConnection established\n[12:51:46] INFO: Starting build process\nStep 5/23: Linting\nOptimizing 43 modules...\n[12:51:46] DEBUG: Query executed in 94ms\nFetching submodules...\nCoverage: 82% statements, 75% branches\nNODE_ENV=production\nStep 1/19: Running migrations\nnpm notice: created a lockfile\nFetching from https://gcr.io/package.json\nFetching from https://docker.io/package.json\npip: Installing build dependencies...\nWARNING: webpack has known vulnerabilities\nConnection established\nProcessing...\n[12:51:46] WARN: Deprecated API usage\nWaiting...\n\u26a0 DEPRECATION: Feature will be removed in v2.0\nChecking out develop branch\nUsing Node.js 20.18.0\npip: Downloading express-5.4.tar.gz\npip: Installing build dependencies...\n[12:51:46] DEBUG: Loading configuration\n  PASS: unit/test_user_create.spec.js\nVerifying...\nCache hit for key-5831\nGET /health - 201 (19ms)\n[12:51:46] DEBUG: Query executed in 25ms\n\u2713 Step 'test' succeeded\nCache hit for key-7549\n\u2713 Task completed in 4853ms\nRan 55 tests in 30s\nStep 11/24: Testing\nCache miss for key-4137\nBundling main.js\nCache miss for key-4512\npip: Installing build dependencies...\nDone.\nFAILED: test_cache_hit\nInstalling eslint@3.16.9\n[12:51:46] DEBUG: Memory usage: 1165MB\n[12:51:46] DEBUG: Memory usage: 717MB\nCache miss for key-6247\npip: Downloading express-4.14.tar.gz\nSwitched to branch 'feature/task-934'\nCompiling utils/app.ts...\nArtifact downloaded: 34MB\n  PASS: test_user_create (273ms)\nArtifact uploaded: build.tar.gz (46MB)\nLayer 9/12: ENV command\nArtifact uploaded: dist.zip (93MB)\nStep 16/23: Running migrations\nInstalling react@5.20.2\nUsing Node.js 16.20.5\n[12:51:46] INFO: Starting build process\nCache invalidated: node_modules\nConnection established\nBuilding Docker image...\nUsing Node.js 16.16.7\npip: Collecting react\nNODE_ENV=production\nProcessing...\n[12:51:46] WARN: Deprecated API usage\n\u2713 Task completed in 2755ms\nArtifact uploaded: build.tar.gz (8MB)\nTests: 130 passed, 163 total\n[12:51:46] WARN: Deprecated API usage\nUsing Python 3.9\n[12:51:46] DEBUG: Memory usage: 774MB\npip: Collecting webpack\nStep 6/21: Running migrations\nOK\nCompiling components/app.ts...\nUsing Node.js 18.4.6\nStep 6/15: Running migrations\nStep 7/24: Linting\nPlatform: win32-x64\nnpm install: resolved 1259 packages\nTest Suites: 8 passed, 41 total\nNODE_ENV=test\nCache hit for key-5027\nUsing Node.js 14.15.4\n\u2713 build completed\nDone.\nGenerating source maps...\nFAILED: test_api_health\nTransforming 651 files...\nException: TypeError\nLayer 1/15: RUN command\nVerifying...\nUploading artifact 'build' (5 files)\n\u2717 build failed with exit code 103\nStep 20/25: Deploying\n[12:51:46] INFO: Connecting to database\nMinifying vendor.js\nPOST /upload - 202 (283ms)\nEnvironment: development\nCache invalidated: build\n[12:51:46] DEBUG: Memory usage: 1728MB\nnpm install: resolved 1237 packages\nCache hit for key-7658\npip install: Successfully installed prettier-1.20\n[12:51:46] WARN: Deprecated API usage\npip: Downloading react-2.18.tar.gz\nPlatform: darwin-arm64\nCache saved successfully\nnpm install: added 359 packages\n[12:51:46] INFO: Connecting to database\nLayer 9/10: COPY command\nGenerating source maps...\n[12:51:46] INFO: Processing request\nArtifact downloaded: 37MB\n\u26a0 DEPRECATION: Feature will be removed in v5.0\nCache restored successfully (248MB)\nBuilding Docker image...\n  PASS: integration/test_auth_login.spec.js\n\u2713 All checks passed\nCache miss for key-3981\nStep 2/22: Deploying\nStep 6/17: Installing dependencies\nGET /health - 200 (38ms)\nUsing Python 3.10\nUploading artifact 'coverage' (6 files)\n  PASS: integration/test_db_connect.spec.js\nFAILED: test_cache_hit\nOK\nFinished.\nCompiling lib/main.py...\nCompiling components/utils.go...\nTest Suites: 18 passed, 25 total\n=== Step checkout completed ===\n=== Step: e2e_tests ===\nUsing Python 3.9\nSuccess!\nNODE_ENV=production\n[12:51:46] INFO: Starting build process\nCoverage: 89% statements, 77% branches\nEnvironment: development\nArtifact downloaded: 49MB\nOK\nAlready up to date.\nGenerating source maps...\nUsing Node.js 17.14.1\nFetching from https://gcr.io/package.json\nArtifact uploaded: dist.zip (53MB)\nFetching submodules...\npip: Installing build dependencies...\nTest Suites: 37 passed, 13 total\npip: Installing build dependencies...\n\u26a0 DEPRECATION: Feature will be removed in v4.0\n[12:51:46] INFO: Request completed\nStep 1/15: Building\nCompiling src/main.py...\nRan 66 tests in 20s\nCompiling lib/app.ts...\nConnection established\nOptimizing 45 modules...\nPushing to registry...\npip: Installing build dependencies...\nException: NullPointerException\nCompiling src/app.ts...\n\u2713 Task completed in 368ms\nGET /api - 204 (26ms)\nWARNING: lodash has known vulnerabilities\nDone.\nPushing to registry...\n\u2717 build failed with exit code 23\nCache invalidated: dependencies\nCompiling utils/handler.rs...\nnpm notice: package.json updated\nMinifying main.js\nArtifact downloaded: 21MB\nStep 13/17: Deploying\nWaiting...\nLoading...\nnpm install: added 105 packages\nPulling image: python:latest\nBundling styles.css\n[12:51:46] WARN: Deprecated API usage\nStep 19/23: Testing\nRan 38 tests in 50s\nDone.\nPushing to registry...\n\u2713 Task completed in 1280ms\nUsing Node.js 14.5.3\nPOST /data - 200 (342ms)\nStep 9/15: Running migrations\n\u2713 All checks passed\nRan 113 tests in 51s\nEnvironment: test\nVerifying...\nInstalling jest@4.14.6\nUsing Node.js 14.0.8\nWARNING: webpack has known vulnerabilities\n[12:51:46] INFO: Starting build process\nWaiting...\n[12:51:46] INFO: Cache refreshed\nCompiling utils/handler.rs...\nStep 12/25: Linting\nBuilding Docker image...\nVerifying...\n[12:51:46] INFO: Request completed\n[12:51:46] INFO: Request completed\n[12:51:46] DEBUG: Memory usage: 431MB\nTest Suites: 26 passed, 44 total\nnpm notice: package.json updated\nCache restored successfully (322MB)\npip install: Successfully installed lodash-3.19\n[12:51:46] DEBUG: Query executed in 98ms\nPushing to registry...\nTime: 108.164s\nHEAD is now at da4a9ce\n[12:51:46] DEBUG: Initializing service\nArtifact downloaded: 25MB\nNODE_ENV=development\nEnvironment: development\nDone.\nWARNING: prettier has known vulnerabilities\nPOST /data - 200 (56ms)\nChecking out develop branch\nCompiling utils/app.ts...\n\u2713 build completed\nBundling vendor.css\n  PASS: test_api_health (321ms)\nGET /api - 201 (61ms)\nStep 19/16: Running migrations\nTransforming 656 files...\nTransforming 296 files...\nReady.\nBuilding Docker image...\n\u2717 build failed with exit code 124\n[12:51:46] WARN: Deprecated API usage\n[12:51:46] DEBUG: Connection pool: 7 active\n[12:51:46] DEBUG: Query executed in 84ms\nLayer 1/12: ENV command\npip: Downloading axios-1.2.tar.gz\nSuccess!\nLayer 4/13: RUN command\n[12:51:46] INFO: Processing request\npip install: Successfully installed jest-5.12\nTests: 343 passed, 102 total\nNODE_ENV=development\nImage pulled successfully\npip: Installing build dependencies...\nBuilding Docker image...\n[12:51:46] DEBUG: Loading configuration\nSnapshots: 45 passed, 34 total\nOptimizing 12 modules...\n\u26a0 DEPRECATION: Feature will be removed in v3.0\nStep 18/18: Building\n[12:51:46] WARN: Deprecated API usage\n[12:51:46] WARN: Deprecated API usage\nArtifact uploaded: build.tar.gz (37MB)\nGET /status - 201 (17ms)\nTLS handshake completed\n\u2713 lint completed\nAlready up to date.\npip: Downloading webpack-5.11.tar.gz\n[12:51:46] WARN: Deprecated API usage\n[12:51:46] INFO: Cache refreshed\nConnection established\nProcessing...\nPushing to registry...\nCompiling utils/index.js...\nUsing Python 3.11\nMinifying main.js\nUsing Python 3.10\n\u26a0 DEPRECATION: Feature will be removed in v4.0\nLayer 6/11: RUN command\nStep 2/20: Installing dependencies\nStep 16/21: Linting\nCreating production build...\n\u26a0 DEPRECATION: Feature will be removed in v3.0\nNODE_ENV=production\nSnapshots: 35 passed, 16 total\nRan 44 tests in 33s\n[12:51:46] ERROR: Connection failed\npip: Downloading eslint-5.16.tar.gz\nLayer 7/15: COPY command\nStep 16/21: Building\n[12:51:46] INFO: Connecting to database\nCache saved successfully\nOptimizing 55 modules...\nnpm notice: package.json updated\nWARNING: axios has known vulnerabilities\nFetching from https://githubusercontent.com/package.json\nProcessing...\nNODE_ENV=production\n\u26a0 DEPRECATION: Feature will be removed in v4.0\nTransforming 741 files...\n\u2713 Step 'checkout' succeeded\nCache saved successfully\nArtifact uploaded: dist.zip (89MB)\npip: Installing build dependencies...\nNODE_ENV=test\nUsing Python 3.10\nWaiting...\nnpm install: resolved 1550 packages\n[12:51:46] DEBUG: Connection pool: 6 active\n=== Step e2e_tests completed ===\n=== Step: build ===\nPulling image: python:18\nUsing Python 3.11\nPushing to registry...\n[12:51:46] DEBUG: Loading configuration\nTime: 51.425s\nReady.\nTransforming 584 files...\nUsing Node.js 17.19.10\nFAILED: test_user_create\n[12:51:46] DEBUG: Query executed in 26ms\nTests: 188 passed, 178 total\nnpm install: resolved 1609 packages\nNODE_ENV=production\n\u26a0 DEPRECATION: Feature will be removed in v3.0\nSnapshots: 46 passed, 6 total\nCompleted.\n[12:51:46] INFO: Cache refreshed\nArtifact downloaded: 43MB\nException: TypeError\nTransforming 536 files...\n\u2713 Step 'setup' succeeded\nVerifying...\nRan 140 tests in 45s\nException: RuntimeError\nStep 18/21: Running migrations\nCache saved successfully\nCompiling lib/service.java...\nyarn add: Done in 17.75s\nnpm notice: package.json updated\nChecking out develop branch\nStep 3/24: Testing\nCache hit for key-7948\nPOST /data - 202 (139ms)\n\u2717 build failed with exit code 97\nFAILED: test_db_connect\nyarn add: Done in 15.92s\nnpm install: added 384 packages\n[12:51:46] DEBUG: Connection pool: 13 active\nPlatform: linux-x64\n[12:51:46] DEBUG: Loading configuration\nTests: 75 passed, 297 total\nLoading...\nyarn add: Done in 2.69s\nStep 7/18: Installing dependencies\nArtifact uploaded: dist.zip (66MB)\nUploading artifact 'build' (14 files)\nSnapshots: 49 passed, 34 total\nnpm install: added 380 packages\nFAILED: test_auth_login\nTLS handshake completed\nBuilding Docker image...\n\u2713 Task completed in 3979ms\nProcessing...\n\u2713 Step 'checkout' succeeded\nStep 1/18: Linting\nCache miss for key-7133\nRan 46 tests in 39s\npip: Installing build dependencies...\npip: Collecting lodash\n[12:51:46] WARN: Deprecated API usage\nStep 10/17: Testing\nStep 15/21: Building\nSuccess!\nCompiling components/main.py...\nCache miss for key-7446\nPushing to registry...\nStep 1/15: Linting\nVerifying...\nStep 16/18: Linting\nOK\nGenerating source maps...\n[12:51:46] WARN: Deprecated API usage\nVerifying...\nCache saved successfully\nnpm install: resolved 1648 packages\nCompiling utils/service.java...\nProcessing...\n\u2713 Task completed in 543ms\nStep 3/15: Testing\nImage pulled successfully\nMinifying app.js\n\u2713 validate completed\npip: Collecting jest\nyarn add: Done in 13.83s\nCache invalidated: node_modules\nTime: 101.710s\nCompleted.\n[12:51:46] INFO: Request completed\nCache restored successfully (249MB)\nUploading artifact 'build' (32 files)\nCompiling utils/app.ts...\nSuccess!\nnpm install: resolved 1716 packages\nPulling image: python:latest\nDone.\nFinished.\n\u26a0 DEPRECATION: Feature will be removed in v3.0\nnpm notice: created a lockfile\n[12:51:46] ERROR: Connection failed\nVerifying...\n[12:51:46] INFO: Request completed\nCompiling lib/handler.rs...\nWARNING: express has known vulnerabilities\nPulling image: alpine:3.11\n\u2713 Task completed in 113ms\nChecking out master branch\nException: ValueError\nUsing Python 3.10\n\u2713 All checks passed\nGenerating source maps...\nFetching submodules...\npip: Downloading lodash-1.19.tar.gz\nCompleted.\n[12:51:46] DEBUG: Loading configuration\nCache hit for key-2213\n[12:51:46] DEBUG: Initializing service\nCache restored successfully (133MB)\nArtifact downloaded: 35MB\nCompleted.\nnpm notice: package.json updated\n[12:51:46] DEBUG: Connection pool: 16 active\n[12:51:46] INFO: Processing request\npip: Downloading react-4.7.tar.gz\n\u2713 Task completed in 3863ms\nInstalling express@2.18.10\nStep 16/21: Running migrations\nCompiling src/main.py...\nFAILED: test_api_health\n[12:51:46] INFO: Request completed\nEnvironment: staging\nPulling image: python:3.11\nDone.\nConnection established\nTest Suites: 19 passed, 6 total\nTests: 117 passed, 397 total\nEnvironment: production\nWaiting...\n\u26a0 DEPRECATION: Feature will be removed in v3.0\nArtifact uploaded: build.tar.gz (41MB)\nConnection established\nArtifact downloaded: 40MB\nStep 17/23: Installing dependencies\nArtifact uploaded: dist.zip (62MB)\nStep 20/23: Testing\nNODE_ENV=production\nGET /api - 201 (52ms)\nFetching from https://github.com/package.json\nCompiling src/handler.rs...\nOptimizing 27 modules...\nPlatform: darwin-arm64\nCompiling utils/app.ts...\nCompiling utils/main.py...\n[12:51:46] INFO: Connecting to database\npip install: Successfully installed axios-1.10\nCache restored successfully (204MB)\nCompiling components/utils.go...\nConnection established\nFAILED: test_auth_login\nInstalling react@3.8.8\nnpm install: added 461 packages\npip: Collecting react\nBundling vendor.css\n[12:51:46] WARN: Deprecated API usage\nSuccess!\nCache hit for key-7795\nTLS handshake completed\nHEAD is now at 3d1f020\n=== Step build completed ===\n=== Step: unit_tests ===\n[12:51:46] WARN: Deprecated API usage\nAlready up to date.\nnpm install: resolved 132 packages\n\u2713 Task completed in 2347ms\nLoading...\nCompiling utils/utils.go...\nDone.\n[12:51:46] INFO: Starting build process\nCache restored successfully (158MB)\n[12:51:46] INFO: Processing request\nArtifact downloaded: 35MB\nCompiling utils/index.js...\npip: Installing build dependencies...\nArtifact uploaded: dist.zip (37MB)\nFAILED: test_auth_login\nnpm install: resolved 1194 packages\nDone.\nPulling image: python:18\nCache saved successfully\nnpm notice: package.json updated\n\u2713 Step 'install' succeeded\nSnapshots: 1 passed, 1 total\nGenerating source maps...\n[12:51:46] DEBUG: Loading configuration\nNODE_ENV=production\nReady.\nPushing to registry...\nUsing Python 3.12\nTLS handshake completed\n\u2717 build failed with exit code 125\npip: Downloading prettier-3.6.tar.gz\nnpm notice: package.json updated\nAlready up to date.\nArtifact uploaded: build.tar.gz (33MB)\n\u2713 Task completed in 3743ms\nWARNING: axios has known vulnerabilities\nLayer 5/15: COPY command\nnpm notice: package.json updated\nUsing Python 3.11\nCompiling utils/app.ts...\nCoverage: 86% statements, 84% branches\nFAILED: test_db_connect\nImage pulled successfully\nStep 17/18: Linting\n[12:51:46] DEBUG: Loading configuration\nArtifact downloaded: 15MB\nInstalling prettier@3.0.0\nNODE_ENV=development\nStep 17/18: Testing\nHEAD is now at ffb7401\nnpm install: resolved 1556 packages\nProcessing...\nArtifact uploaded: dist.zip (96MB)\nUploading artifact 'dist' (34 files)\nUploading artifact 'dist' (39 files)\nGET /health - 201 (2ms)\nMinifying app.js\npip: Collecting eslint\nOK\nArtifact downloaded: 45MB\n[12:51:46] DEBUG: Query executed in 11ms\nConnection established\nCreating production build...\n[12:51:46] WARN: Deprecated API usage\nLoading...\nOK\nWARNING: webpack has known vulnerabilities\nStep 4/17: Running migrations\nRan 117 tests in 23s\npip install: Successfully installed jest-2.3\nProcessing...\nFetching submodules...\nnpm notice: package.json updated\nFAILED: test_user_create\nTest Suites: 25 passed, 19 total\nLoading...\n\u2713 Task completed in 182ms\nDone.\n\u2713 package completed\nStep 20/17: Running migrations\nPOST /api - 201 (421ms)\nnpm install: added 45 packages\nStep 14/19: Linting\n[12:51:46] DEBUG: Loading configuration\nCache restored successfully (240MB)\nCache restored successfully (103MB)\nnpm install: added 451 packages\n[12:51:46] DEBUG: Initializing service\nDone.\nPulling image: alpine:18\nUsing Node.js 15.10.0\nTransforming 208 files...\npip install: Successfully installed prettier-2.17\nArtifact downloaded: 38MB\nBuilding Docker image...\n  PASS: integration/test_db_connect.spec.js\nCompiling components/utils.go...\nLayer 6/9: RUN command\n\u26a0 DEPRECATION: Feature will be removed in v5.0\nStep 18/17: Testing\nArtifact uploaded: build.tar.gz (6MB)\nnpm notice: package.json updated\nFetching from https://github.com/package.json\nStep 19/17: Building\nDone.\n\u2713 lint completed\nConnection established\nFinished.\nNODE_ENV=test\nDone.\n\u26a0 DEPRECATION: Feature will be removed in v3.0\nPlatform: darwin-arm64\nCompiling src/service.java...\nCoverage: 90% statements, 95% branches\nUsing Python 3.9\nSnapshots: 19 passed, 16 total\nBuilding Docker image...\nFinished.\nSnapshots: 34 passed, 37 total\nWaiting...\nCoverage: 79% statements, 81% branches\n[12:51:46] INFO: Request completed\nWARNING: express has known vulnerabilities\n[12:51:46] WARN: Deprecated API usage\npip install: Successfully installed lodash-1.20\nFAILED: test_user_create\nNODE_ENV=development\nCache miss for key-9629\nWARNING: axios has known vulnerabilities\nCache miss for key-8438\nStep 9/17: Testing\nWARNING: react has known vulnerabilities\n[12:51:46] INFO: Request completed\nFetching submodules...\nStep 7/21: Linting\nWARNING: lodash has known vulnerabilities\nBuilding Docker image...\nCache hit for key-8621\n[12:51:46] WARN: Deprecated API usage\nCache miss for key-9009\nArtifact uploaded: dist.zip (80MB)\nReady.\nOptimizing 96 modules...\nInstalling webpack@2.9.4\nnpm install: added 14 packages\n\u2713 Step 'checkout' succeeded\nStep 7/15: Deploying\n[12:51:46] WARN: Deprecated API usage\nArtifact downloaded: 34MB\n  PASS: unit/test_db_connect.spec.js\nTime: 16.79s\nSwitched to branch 'bugfix/task-735'\nCompleted.\nBuilding Docker image...\nCache hit for key-5638\nPushing to registry...\nPulling image: alpine:18\nPulling image: node:latest\nChecking out develop branch\nInstalling eslint@2.18.8\nTime: 9.219s\nOK\nNODE_ENV=production\nRan 73 tests in 25s\nImage pulled successfully\nStep 15/15: Running migrations\n\u26a0 DEPRECATION: Feature will be removed in v4.0\n=== Step unit_tests completed ===\n=== Step: deploy_staging ===\nStep 2/18: Linting\nCreating production build...\n\u2713 Step 'checkout' succeeded\n[12:51:46] WARN: Deprecated API usage\nCompleted.\n[12:51:46] INFO: Connecting to database\nArtifact uploaded: dist.zip (25MB)\nFetching from https://github.com/package.json\n[12:51:46] DEBUG: Query executed in 56ms\n[12:51:46] INFO: Cache refreshed\nStep 8/16: Building\nCreating production build...\nPushing to registry...\n[12:51:46] ERROR: Connection failed\n[12:51:46] INFO: Connecting to database\nCoverage: 78% statements, 80% branches\nCache saved successfully\nStep 11/15: Installing dependencies\nException: TypeError\nCompiling utils/service.java...\n  PASS: e2e/test_user_create.spec.js\nSnapshots: 35 passed, 0 total\npip: Collecting eslint\nReady.\nSuccess!\nChecking out master branch\npip install: Successfully installed jest-4.12\n  PASS: test_db_connect (373ms)\nStep 5/15: Installing dependencies\nFAILED: test_auth_login\nArtifact uploaded: build.tar.gz (10MB)\nCache hit for key-3986\n[12:51:46] DEBUG: Memory usage: 303MB\nArtifact downloaded: 23MB\nFAILED: test_auth_login\nStep 5/21: Testing\nnpm notice: package.json updated\n[12:51:46] DEBUG: Initializing service\nStep 6/22: Running migrations\nPushing to registry...\n[12:51:46] INFO: Starting build process\nCache invalidated: dependencies\nUploading artifact 'coverage' (21 files)\nCache invalidated: build\npip install: Successfully installed jest-4.5\nnpm install: added 282 packages\n[12:51:46] DEBUG: Loading configuration\nChecking out master branch\nDone.\nEnvironment: development\nWARNING: prettier has known vulnerabilities\nStep 8/17: Linting\nBundling main.css\n  PASS: integration/test_user_create.spec.js\nCache saved successfully\nStep 20/25: Building\n\u26a0 DEPRECATION: Feature will be removed in v2.0\n[12:51:46] DEBUG: Memory usage: 1623MB\nTransforming 591 files...\n[12:51:46] INFO: Connecting to database\n[12:51:46] DEBUG: Initializing service\n[12:51:46] DEBUG: Loading configuration\nMinifying main.js\n  PASS: integration/test_user_create.spec.js\nStep 5/19: Building\nyarn add: Done in 22.14s\nStep 18/23: Testing\n\u26a0 DEPRECATION: Feature will be removed in v2.0\nnpm install: added 457 packages\nCoverage: 73% statements, 71% branches\n\u26a0 DEPRECATION: Feature will be removed in v5.0\nSwitched to branch 'bugfix/task-601'\n[12:51:46] INFO: Cache refreshed\n[12:51:46] DEBUG: Connection pool: 15 active\nProcessing...\n[12:51:46] DEBUG: Connection pool: 8 active\n\u2713 Step 'test' succeeded\nPushing to registry...\nUploading artifact 'dist' (36 files)\npip: Collecting webpack\nProcessing...\nSuccess!\nFetching submodules...\n\u2713 validate completed\nException: TypeError\nCache restored successfully (267MB)\nPlatform: win32-x64\n[12:51:46] INFO: Request completed\n[12:51:46] DEBUG: Connection pool: 8 active\nnpm install: added 307 packages\nCompiling components/utils.go...\nArtifact uploaded: build.tar.gz (24MB)\nnpm notice: package.json updated\n\u26a0 DEPRECATION: Feature will be removed in v2.0\nImage pulled successfully\nSwitched to branch 'hotfix/task-568'\n[12:51:46] DEBUG: Initializing service\nSuccess!\nUsing Python 3.10\nAlready up to date.\nBundling runtime.js\nSwitched to branch 'feature/task-608'\nUploading artifact 'dist' (43 files)\nCompleted.\nCreating production build...\nSuccess!\nTest Suites: 16 passed, 31 total\nCompleted.\nHEAD is now at 82c74bd\n\u2713 package completed\nConnection established\nUploading artifact 'build' (46 files)\nSnapshots: 34 passed, 20 total\nUploading artifact 'coverage' (50 files)\nCompiling src/handler.rs...\n\u2713 Task completed in 2198ms\nTLS handshake completed\nImage pulled successfully\nDone.\nStep 17/21: Building\n[12:51:46] INFO: Request completed\n[12:51:46] INFO: Starting build process\nUploading artifact 'dist' (15 files)\n[12:51:46] INFO: Processing request\nTime: 80.590s\nUsing Python 3.12\nUploading artifact 'build' (41 files)\nCompiling src/index.js...\nEnvironment: test\nArtifact uploaded: build.tar.gz (7MB)\nLoading...\nCompiling components/app.ts...\nGET /status - 201 (24ms)\nLayer 8/13: ENV command\nLayer 2/9: COPY command\nHEAD is now at 12edc50\nCompiling lib/service.java...\n\u2713 deploy completed\nPlatform: darwin-arm64\nImage pulled successfully\n\u2717 build failed with exit code 25\n[12:51:46] INFO: Request completed\npip: Installing build dependencies...\n[12:51:46] INFO: Cache refreshed\n[12:51:46] INFO: Cache refreshed\n[12:51:46] INFO: Cache refreshed\n  PASS: test_user_create (231ms)\nReady.\nArtifact downloaded: 43MB\nSwitched to branch 'feature/task-717'\n\u2713 build completed\nStep 7/21: Building\nVerifying...\nConnection established\n\u2713 Task completed in 3230ms\nCompiling utils/handler.rs...\nUploading artifact 'build' (46 files)\nReady.\nCompiling src/app.ts...\npip install: Successfully installed jest-2.2\npip install: Successfully installed jest-3.0\nProcessing...\nDone.\nException: RuntimeError\nCompiling components/app.ts...\nRan 54 tests in 7s\nWaiting...\n=== Step deploy_staging completed ===\n=== Step: install_dependencies ===\nTransforming 943 files...\n[12:51:46] INFO: Starting build process\nConnection established\n[12:51:46] DEBUG: Connection pool: 10 active\nCompiling utils/index.js...\nSuccess!\nStep 7/24: Building\nAlready up to date.\nStep 5/17: Linting\nnpm install: added 429 packages\nGET /status - 204 (99ms)\nCompiling utils/main.py...\nCompiling components/handler.rs...\nGenerating source maps...\nCompleted.\n\u26a0 DEPRECATION: Feature will be removed in v3.0\nTest Suites: 35 passed, 10 total\nPushing to registry...\nFinished.\nWARNING: axios has known vulnerabilities\nPOST /data - 202 (152ms)\nCompleted.\nPOST /data - 202 (364ms)\n\u2713 build completed\nBundling runtime.js\n[12:51:46] DEBUG: Loading configuration\nProcessing...\n\u2713 Step 'install' succeeded\nMinifying main.js\n\u2717 build failed with exit code 117\n[12:51:46] DEBUG: Initializing service\nOptimizing 24 modules...\n[12:51:46] INFO: Request completed\n[12:51:46] WARN: Deprecated API usage\nStep 11/23: Testing\nRan 198 tests in 31s\nnpm install: added 149 packages\n\u2713 Task completed in 2567ms\nLoading...\nPlatform: linux-x64\n  PASS: integration/test_auth_login.spec.js\n  PASS: e2e/test_api_health.spec.js\nWARNING: react has known vulnerabilities\n[12:51:46] INFO: Processing request\nStep 9/19: Installing dependencies\nGenerating source maps...\nArtifact downloaded: 30MB\nEnvironment: production\nCache restored successfully (467MB)\nConnection established\n  PASS: integration/test_api_health.spec.js\n\u2713 Task completed in 4869ms\nPulling image: alpine:latest\nnpm notice: created a lockfile\nCache restored successfully (360MB)\nBuilding Docker image...\nSnapshots: 47 passed, 27 total\nTLS handshake completed\nArtifact uploaded: build.tar.gz (24MB)\nPOST /data - 202 (324ms)\nLayer 8/10: COPY command\nCompiling components/handler.rs...\n\u26a0 DEPRECATION: Feature will be removed in v4.0\nFinished.\nAlready up to date.\nFetching submodules...\npip: Downloading prettier-3.9.tar.gz\nOptimizing 17 modules...\nSwitched to branch 'bugfix/task-515'\nSnapshots: 29 passed, 30 total\nArtifact uploaded: dist.zip (60MB)\nCoverage: 100% statements, 97% branches\nFetching submodules...\nTime: 55.447s\nUsing Node.js 17.5.8\nPushing to registry...\nStep 4/25: Building\nConnection established\nTLS handshake completed\nnpm notice: created a lockfile\npip: Downloading jest-3.12.tar.gz\nOK\nChecking out develop branch\nArtifact uploaded: dist.zip (66MB)\nDone.\nCache hit for key-9105\nPulling image: node:18\nCache saved successfully\nCompiling components/main.py...\nnpm notice: created a lockfile\n[12:51:46] INFO: Starting build process\n[12:51:46] INFO: Processing request\nWARNING: express has known vulnerabilities\n[12:51:46] DEBUG: Memory usage: 1925MB\npip: Collecting webpack\nArtifact uploaded: dist.zip (62MB)\n[12:51:46] WARN: Deprecated API usage\nCompiling utils/handler.rs...\nSwitched to branch 'feature/task-322'\nCache invalidated: dependencies\nFetching from https://gcr.io/package.json\n\u2713 Task completed in 4842ms\nWARNING: jest has known vulnerabilities\n[12:51:46] ERROR: Connection failed\nyarn add: Done in 1.15s\n\u2713 Step 'build' succeeded\nCreating production build...\nPlatform: linux-x64\n[12:51:46] ERROR: Connection failed\nTLS handshake completed\nReady.\nException: ValueError\nWaiting...\nDone.\n\u26a0 DEPRECATION: Feature will be removed in v3.0\nCache hit for key-8870\nFetching submodules...\nnpm notice: package.json updated\n\u2713 Step 'test' succeeded\nHEAD is now at a97083d\n\u26a0 DEPRECATION: Feature will be removed in v3.0\n[12:51:46] DEBUG: Initializing service\n\u2713 All checks passed\nCache saved successfully\n[12:51:46] DEBUG: Initializing service\n\u2713 Step 'checkout' succeeded\nArtifact uploaded: dist.zip (39MB)\nnpm install: added 186 packages\n\u2713 All checks passed\nStep 4/16: Installing dependencies\n[12:51:46] WARN: Deprecated API usage\nCompiling components/handler.rs...\nCache saved successfully\n  PASS: test_db_connect (366ms)\nWaiting...\npip: Installing build dependencies...\nnpm notice: created a lockfile\nCoverage: 88% statements, 86% branches\nOptimizing 61 modules...\nyarn add: Done in 12.7s\n\u2713 Step 'build' succeeded\nnpm notice: created a lockfile\n[12:51:46] INFO: Connecting to database\nTest Suites: 10 passed, 34 total\nTransforming 111 files...\nFAILED: test_cache_hit\nTests: 261 passed, 172 total\n[12:51:46] DEBUG: Initializing service\nCache saved successfully\nCompleted.\nStep 14/24: Building\n[12:51:46] ERROR: Connection failed\nRan 54 tests in 58s\n[12:51:46] INFO: Starting build process\n\u2713 test completed\nBundling main.js\nArtifact uploaded: dist.zip (22MB)\npip install: Successfully installed react-5.10\n\u2713 Task completed in 1397ms\nNODE_ENV=test\nArtifact uploaded: dist.zip (55MB)\nStep 20/21: Running migrations\n[12:51:46] INFO: Processing request\nSwitched to branch 'hotfix/task-368'\nArtifact uploaded: dist.zip (72MB)\n[12:51:46] INFO: Starting build process\nCache restored successfully (88MB)\n=== Step install_dependencies completed ===\n=== Step: save_cache ===\n\u26a0 DEPRECATION: Feature will be removed in v4.0\n[12:51:46] DEBUG: Loading configuration\nCompleted.\nCoverage: 90% statements, 71% branches\n[12:51:46] WARN: Deprecated API usage\nProcessing...\nWARNING: axios has known vulnerabilities\n  PASS: test_cache_hit (370ms)\nStep 13/17: Running migrations\nUploading artifact 'coverage' (10 files)\nWaiting...\nCache saved successfully\n[12:51:46] DEBUG: Connection pool: 3 active\nCompiling components/index.js...\npip: Downloading jest-4.8.tar.gz\npip: Installing build dependencies...\nChecking out main branch\nSuccess!\nLayer 7/12: RUN command\n\u2713 test completed\nTransforming 308 files...\nSnapshots: 31 passed, 7 total\nStep 16/24: Running migrations\n\u26a0 DEPRECATION: Feature will be removed in v5.0\nFetching from https://amazonaws.com/package.json\nFetching from https://npmjs.org/package.json\nWARNING: lodash has known vulnerabilities\n[12:51:46] DEBUG: Loading configuration\nTime: 39.56s\n\u26a0 DEPRECATION: Feature will be removed in v3.0\n\u2717 build failed with exit code 1\n  PASS: integration/test_auth_login.spec.js\nnpm install: resolved 1688 packages\nnpm notice: created a lockfile\nDone.\nTransforming 119 files...\nUsing Node.js 19.0.9\npip install: Successfully installed axios-1.12\n[12:51:46] INFO: Request completed\nReady.\nArtifact uploaded: dist.zip (50MB)\nUsing Python 3.12\n[12:51:46] DEBUG: Connection pool: 8 active\nMinifying app.js\nLayer 7/13: COPY command\n\u2713 All checks passed\npip: Installing build dependencies...\nCreating production build...\nTransforming 838 files...\nConnection established\nTLS handshake completed\n  PASS: e2e/test_api_health.spec.js\nLoading...\nConnection established\nCompiling lib/service.java...\nSnapshots: 12 passed, 8 total\nSnapshots: 47 passed, 20 total\nnpm notice: created a lockfile\nTime: 21.409s\nFetching from https://googleapis.com/package.json\nDone.\npip: Collecting prettier\n[12:51:46] ERROR: Connection failed\nCache miss for key-7582\nPushing to registry...\nArtifact uploaded: build.tar.gz (30MB)\n[12:51:46] DEBUG: Query executed in 59ms\nCache miss for key-5334\nUsing Node.js 17.7.6\nWARNING: lodash has known vulnerabilities\nSuccess!\nTime: 89.948s\nCache miss for key-7521\nnpm notice: package.json updated\nReady.\nCompiling utils/app.ts...\n  PASS: test_user_create (121ms)\n\u2713 test completed\npip: Installing build dependencies...\nStep 14/24: Deploying\nnpm install: resolved 1184 packages\nOK\n[12:51:46] DEBUG: Connection pool: 1 active\n[12:51:46] INFO: Processing request\nyarn add: Done in 18.95s\n[12:51:46] DEBUG: Memory usage: 1719MB\nLoading...\nWARNING: axios has known vulnerabilities\nFetching from https://gcr.io/package.json\nWARNING: prettier has known vulnerabilities\nConnection established\n\u2713 All checks passed\nChecking out main branch\nStep 14/19: Running migrations\nPushing to registry...\n\u26a0 DEPRECATION: Feature will be removed in v4.0\nCache hit for key-8434\npip: Collecting react\nPulling image: alpine:latest\n\u26a0 DEPRECATION: Feature will be removed in v4.0\nSuccess!\nFAILED: test_user_create\npip: Installing build dependencies...\nCompleted.\n\u2713 Task completed in 1834ms\n[12:51:46] WARN: Deprecated API usage\nStep 17/18: Running migrations\nPulling image: node:latest\nnpm install: added 129 packages\n[12:51:46] INFO: Starting build process\nCache miss for key-4504\n\u26a0 DEPRECATION: Feature will be removed in v2.0\nReady.\nSnapshots: 29 passed, 1 total\nCache invalidated: dependencies\n[12:51:46] INFO: Request completed\nBundling main.css\nCache saved successfully\nCompiling utils/index.js...\nCreating production build...\nPulling image: node:18\n\u26a0 DEPRECATION: Feature will be removed in v5.0\nChecking out develop branch\n[12:51:46] INFO: Connecting to database\n[12:51:46] DEBUG: Initializing service\nHEAD is now at 238b2a7\nTime: 57.912s\nUsing Python 3.12\n[12:51:46] DEBUG: Query executed in 85ms\nStep 9/22: Testing\nTLS handshake completed\nArtifact uploaded: build.tar.gz (45MB)\n  PASS: test_db_connect (362ms)\nnpm install: resolved 1690 packages\nRan 141 tests in 43s\nCache invalidated: node_modules\nPlatform: win32-x64\nCreating production build...\n[12:51:46] WARN: Deprecated API usage\nArtifact downloaded: 25MB\nCompiling utils/handler.rs...\n\u26a0 DEPRECATION: Feature will be removed in v4.0\nChecking out master branch\nArtifact uploaded: build.tar.gz (23MB)\nAlready up to date.\nCompiling components/utils.go...\nArtifact uploaded: build.tar.gz (28MB)\nWaiting...\nMinifying app.js\nStep 17/24: Deploying\nNODE_ENV=development\nTest Suites: 13 passed, 25 total\nOK\nRan 163 tests in 54s\nLayer 1/10: ENV command\nConnection established\nPushing to registry...\nFetching submodules...\nTest Suites: 25 passed, 21 total\n[12:51:46] DEBUG: Memory usage: 320MB\nConnection established\nGenerating source maps...\nImage pulled successfully\nTLS handshake completed\nWaiting...\nFetching submodules...\nnpm install: resolved 905 packages\n=== Step save_cache completed ===\n=== Step: type_check ===\nCompiling lib/main.py...\nRan 102 tests in 49s\nCache saved successfully\nStep 5/21: Building\n  PASS: test_user_create (87ms)\nStep 8/25: Running migrations\n\u26a0 DEPRECATION: Feature will be removed in v4.0\nWARNING: react has known vulnerabilities\nSuccess!\nCompiling src/utils.go...\nSnapshots: 18 passed, 21 total\nDone.\nCache saved successfully\nInstalling express@5.8.4\nStep 9/19: Testing\npip: Downloading jest-3.3.tar.gz\nUsing Python 3.10\n\u2713 All checks passed\nStep 15/25: Testing\nCreating production build...\n\u26a0 DEPRECATION: Feature will be removed in v5.0\n[12:51:46] INFO: Cache refreshed\nPOST /upload - 200 (102ms)\nTLS handshake completed\nFetching from https://amazonaws.com/package.json\nCompiling utils/main.py...\nnpm notice: package.json updated\nSnapshots: 19 passed, 4 total\nMinifying app.js\npip: Collecting webpack\nWARNING: eslint has known vulnerabilities\nOptimizing 50 modules...\npip install: Successfully installed prettier-4.5\npip: Collecting react\nTransforming 317 files...\nWARNING: axios has known vulnerabilities\n[12:51:46] DEBUG: Loading configuration\n\u26a0 DEPRECATION: Feature will be removed in v2.0\nCache saved successfully\nWARNING: jest has known vulnerabilities\nnpm notice: package.json updated\nLoading...\nOptimizing 10 modules...\n\u2713 Step 'install' succeeded\nProcessing...\nMinifying main.js\npip: Downloading react-3.10.tar.gz\nSnapshots: 46 passed, 6 total\n\u2713 test completed\nLayer 9/14: RUN command\nPushing to registry...\nCache saved successfully\nTime: 10.86s\nMinifying main.js\nnpm install: resolved 378 packages\nCache invalidated: dependencies\nnpm notice: created a lockfile\nnpm install: resolved 1695 packages\nStep 14/19: Deploying\nProcessing...\n\u2717 build failed with exit code 87\nVerifying...\n[12:51:46] WARN: Deprecated API usage\nMinifying main.js\nProcessing...\nDone.\nStep 11/19: Running migrations\nCache invalidated: build\nGET /health - 201 (24ms)\n[12:51:46] INFO: Starting build process\nWaiting...\nAlready up to date.\nnpm install: added 93 packages\n\u2713 Task completed in 4286ms\n\u26a0 DEPRECATION: Feature will be removed in v5.0\n[12:51:46] WARN: Deprecated API usage\nnpm install: added 396 packages\nCompiling src/main.py...\nCoverage: 90% statements, 86% branches\nPulling image: alpine:3.11\nCoverage: 82% statements, 63% branches\nTest Suites: 35 passed, 15 total\nArtifact uploaded: build.tar.gz (50MB)\nTests: 52 passed, 190 total\nDone.\nyarn add: Done in 7.21s\nCoverage: 92% statements, 70% branches\n\u26a0 DEPRECATION: Feature will be removed in v4.0\nMinifying main.js\n[12:51:46] INFO: Cache refreshed\n  PASS: test_cache_hit (182ms)\n[12:51:46] DEBUG: Loading configuration\n[12:51:46] DEBUG: Query executed in 49ms\nLoading...\nStep 20/18: Deploying\n[12:51:46] DEBUG: Loading configuration\nCache miss for key-5118\nOptimizing 49 modules...\nPulling image: node:latest\nCompiling src/index.js...\nUsing Python 3.9\nWARNING: prettier has known vulnerabilities\nChecking out develop branch\nStep 2/16: Building\n[12:51:46] WARN: Deprecated API usage\nSuccess!\nUsing Node.js 20.8.3\nNODE_ENV=test\nTests: 392 passed, 323 total\nInstalling express@5.13.8\nImage pulled successfully\n[12:51:46] DEBUG: Memory usage: 111MB\nCache hit for key-7842\nStep 3/23: Deploying\nSwitched to branch 'feature/task-955'\n[12:51:46] DEBUG: Memory usage: 148MB\nUsing Python 3.12\nSnapshots: 33 passed, 24 total\n[12:51:46] INFO: Request completed\nGET /health - 200 (45ms)\nEnvironment: production\nnpm notice: created a lockfile\nFetching submodules...\nOK\n[12:51:46] DEBUG: Memory usage: 126MB\nGET /api - 204 (62ms)\nConnection established\n[12:51:46] INFO: Connecting to database\nFetching from https://githubusercontent.com/package.json\nOK\nStep 9/20: Running migrations\nStep 10/20: Building\nPulling image: alpine:3.11\nArtifact uploaded: build.tar.gz (34MB)\n\u26a0 DEPRECATION: Feature will be removed in v2.0\nWARNING: prettier has known vulnerabilities\n  PASS: e2e/test_api_health.spec.js\nConnection established\n\u26a0 DEPRECATION: Feature will be removed in v3.0\n\u26a0 DEPRECATION: Feature will be removed in v2.0\npip install: Successfully installed axios-1.0\nUsing Node.js 18.0.6\n[12:51:46] INFO: Cache refreshed\n[12:51:46] INFO: Connecting to database\n\u26a0 DEPRECATION: Feature will be removed in v4.0\nTransforming 736 files...\nFinished.\nCreating production build...\nWARNING: axios has known vulnerabilities\n  PASS: test_user_create (91ms)\nFAILED: test_cache_hit\nUsing Node.js 17.6.5\n  PASS: e2e/test_db_connect.spec.js\nWARNING: eslint has known vulnerabilities\nStep 10/18: Installing dependencies\nWaiting...\nSnapshots: 16 passed, 3 total\n\u2713 Step 'install' succeeded\nAlready up to date.\n[12:51:46] WARN: Deprecated API usage\nWARNING: prettier has known vulnerabilities\nPushing to registry...\n[12:51:46] DEBUG: Connection pool: 20 active\nPulling image: python:18\nStep 17/18: Running migrations\npip: Installing build dependencies...\nSnapshots: 22 passed, 7 total\n=== Step type_check completed ===\n=== Step: restore_cache ===\nInstalling react@5.1.8\n[12:51:46] INFO: Request completed\n[12:51:46] DEBUG: Query executed in 28ms\nCompiling lib/index.js...\nPushing to registry...\nCompleted.\nTime: 98.783s\n[12:51:46] INFO: Cache refreshed\nMinifying vendor.js\npip install: Successfully installed express-5.16\nGET /api - 204 (64ms)\nGenerating source maps...\nTransforming 382 files...\nWARNING: eslint has known vulnerabilities\nStep 1/19: Deploying\nBuilding Docker image...\n  PASS: test_api_health (168ms)\npip: Downloading jest-1.12.tar.gz\n\u2713 Task completed in 4092ms\nGET /health - 201 (15ms)\nnpm notice: package.json updated\npip: Installing build dependencies...\n[12:51:46] INFO: Request completed\n[12:51:46] INFO: Request completed\nyarn add: Done in 16.26s\n[12:51:46] WARN: Deprecated API usage\nyarn add: Done in 9.13s\nNODE_ENV=development\nConnection established\n[12:51:46] DEBUG: Initializing service\nTests: 386 passed, 417 total\nStep 2/19: Installing dependencies\nSnapshots: 7 passed, 43 total\nSnapshots: 13 passed, 25 total\nPlatform: win32-x64\nTransforming 561 files...\nAlready up to date.\nSnapshots: 6 passed, 6 total\n[12:51:46] INFO: Request completed\n[12:51:46] WARN: Deprecated API usage\nArtifact uploaded: dist.zip (45MB)\nStep 7/18: Deploying\nProcessing...\n[12:51:46] INFO: Cache refreshed\nOptimizing 61 modules...\nCoverage: 76% statements, 100% branches\nWaiting...\n[12:51:46] DEBUG: Memory usage: 1784MB\nCompleted.\n\u2713 All checks passed\n\u2717 build failed with exit code 35\nCompiling components/handler.rs...\n[12:51:46] DEBUG: Query executed in 35ms\nPlatform: win32-x64\n  PASS: integration/test_user_create.spec.js\nBuilding Docker image...\nCompiling lib/main.py...\nStep 8/18: Deploying\n[12:51:46] DEBUG: Connection pool: 19 active\nCache saved successfully\nBuilding Docker image...\nFetching submodules...\nUsing Python 3.9\n[12:51:46] DEBUG: Memory usage: 1386MB\nHEAD is now at 8ca0711\nChecking out master branch\nHEAD is now at 47585ea\nUsing Python 3.9\nUsing Node.js 18.19.9\nStep 20/17: Installing dependencies\nOK\nStep 7/16: Testing\n[12:51:46] INFO: Request completed\nStep 1/20: Building\n[12:51:46] INFO: Connecting to database\nTests: 397 passed, 338 total\n[12:51:46] WARN: Deprecated API usage\nStep 20/23: Running migrations\nnpm install: added 478 packages\n  PASS: test_db_connect (313ms)\nOptimizing 55 modules...\nPushing to registry...\n\u2713 package completed\n\u26a0 DEPRECATION: Feature will be removed in v4.0\nBundling styles.css\nSnapshots: 10 passed, 27 total\nUsing Python 3.12\nLayer 3/12: ENV command\nInstalling jest@3.11.2\nyarn add: Done in 10.84s\nArtifact downloaded: 14MB\nBundling vendor.js\nBuilding Docker image...\nOptimizing 20 modules...\nUsing Python 3.9\nnpm install: resolved 448 packages\nSwitched to branch 'hotfix/task-280'\n[12:51:46] DEBUG: Memory usage: 1185MB\nInstalling webpack@1.16.0\nFinished.\nFetching submodules...\n\u26a0 DEPRECATION: Feature will be removed in v4.0\nArtifact uploaded: build.tar.gz (30MB)\nPushing to registry...\n[12:51:46] WARN: Deprecated API usage\nArtifact downloaded: 29MB\nArtifact uploaded: build.tar.gz (38MB)\npip install: Successfully installed axios-5.14\nCompiling lib/app.ts...\nVerifying...\nPushing to registry...\n  PASS: test_db_connect (72ms)\n\u2717 build failed with exit code 120\n[12:51:46] INFO: Request completed\nBuilding Docker image...\n[12:51:46] DEBUG: Memory usage: 1481MB\n\u2717 build failed with exit code 18\n[12:51:46] DEBUG: Loading configuration\nLayer 4/15: RUN command\n[12:51:46] INFO: Starting build process\nCache saved successfully\n[12:51:46] DEBUG: Initializing service\n\u26a0 DEPRECATION: Feature will be removed in v5.0\nCompiling components/handler.rs...\nCreating production build...\nPushing to registry...\n\u26a0 DEPRECATION: Feature will be removed in v4.0\nFetching submodules...\nCache invalidated: build\nUploading artifact 'build' (27 files)\nFetching submodules...\n[12:51:46] DEBUG: Loading configuration\nFetching from https://githubusercontent.com/package.json\nFetching submodules...\nCache restored successfully (304MB)\nNODE_ENV=production\nTime: 24.801s\nnpm install: resolved 990 packages\nLoading...\n\u2717 build failed with exit code 25\n[12:51:46] INFO: Processing request\nSnapshots: 14 passed, 18 total\nReady.\nFetching from https://githubusercontent.com/package.json\nVerifying...\nFAILED: test_auth_login\nInstalling lodash@1.5.7\nnpm install: resolved 658 packages\nMinifying app.js\nNODE_ENV=development\nSnapshots: 41 passed, 13 total\nCache miss for key-3013\n[12:51:46] DEBUG: Connection pool: 12 active\nInstalling express@4.14.3\nPlatform: darwin-arm64\nnpm notice: created a lockfile\n\u26a0 DEPRECATION: Feature will be removed in v4.0\nWARNING: react has known vulnerabilities\n[12:51:46] DEBUG: Memory usage: 1254MB\n  PASS: test_user_create (113ms)\nStep 15/15: Deploying\nLayer 9/8: COPY command\n[12:51:46] INFO: Cache refreshed\nHEAD is now at a547b3e\nFetching from https://docker.io/package.json\nAlready up to date.\nWaiting...\n=== Step restore_cache completed ===\n=== Step: integration_tests ===\nCreating production build...\nFetching submodules...\nProcessing...\nDone.\nTest Suites: 31 passed, 24 total\n\u26a0 DEPRECATION: Feature will be removed in v3.0\n\u2713 Step 'test' succeeded\nTransforming 273 files...\nStep 8/15: Running migrations\n\u26a0 DEPRECATION: Feature will be removed in v2.0\n  PASS: unit/test_auth_login.spec.js\nStep 5/23: Testing\nCoverage: 98% statements, 68% branches\nSnapshots: 1 passed, 2 total\nOptimizing 43 modules...\nTests: 423 passed, 370 total\nUsing Node.js 20.16.1\n\u2717 build failed with exit code 125\n\u2713 All checks passed\n  PASS: unit/test_cache_hit.spec.js\n[12:51:46] INFO: Starting build process\npip: Installing build dependencies...\n\u26a0 DEPRECATION: Feature will be removed in v3.0\n[12:51:46] INFO: Request completed\nArtifact downloaded: 48MB\nGenerating source maps...\nReady.\nnpm install: resolved 993 packages\nGenerating source maps...\nFAILED: test_api_health\nEnvironment: production\n  PASS: e2e/test_db_connect.spec.js\nWARNING: webpack has known vulnerabilities\nnpm install: resolved 1641 packages\nStep 8/15: Deploying\nFAILED: test_db_connect\nStep 7/25: Deploying\nStep 12/15: Testing\nCompiling lib/app.ts...\nCompleted.\nTests: 172 passed, 296 total\nnpm install: added 163 packages\nImage pulled successfully\n[12:51:46] WARN: Deprecated API usage\nHEAD is now at 72d8bcf\nSuccess!\nArtifact downloaded: 34MB\nHEAD is now at fa49eeb\nFetching from https://github.com/package.json\n\u2713 Step 'checkout' succeeded\nGenerating source maps...\nHEAD is now at a3b628f\nCompleted.\nCompiling components/utils.go...\nWARNING: react has known vulnerabilities\n\u2713 All checks passed\n[12:51:46] INFO: Cache refreshed\nAlready up to date.\nCache invalidated: build\nTests: 132 passed, 51 total\nCompiling lib/app.ts...\n\u2713 Task completed in 326ms\nStep 3/24: Linting\n\u26a0 DEPRECATION: Feature will be removed in v3.0\n[12:51:46] DEBUG: Connection pool: 13 active\nBuilding Docker image...\n\u2717 build failed with exit code 76\nCache miss for key-2050\nnpm notice: created a lockfile\nPushing to registry...\nStep 9/22: Installing dependencies\nCache miss for key-8455\nCache hit for key-5122\nCache miss for key-7135\nProcessing...\nCache miss for key-1343\nSwitched to branch 'feature/task-769'\nnpm notice: created a lockfile\nBundling vendor.css\nSwitched to branch 'hotfix/task-432'\nnpm install: resolved 1244 packages\nTransforming 683 files...\n[12:51:46] INFO: Cache refreshed\n[12:51:46] DEBUG: Connection pool: 3 active\nVerifying...\n\u2713 validate completed\nStep 20/24: Building\nFetching submodules...\nArtifact downloaded: 26MB\nStep 14/15: Deploying\nPlatform: darwin-arm64\nStep 3/23: Installing dependencies\n[12:51:46] INFO: Cache refreshed\nProcessing...\nDone.\nCoverage: 83% statements, 94% branches\nFetching submodules...\nSuccess!\nTest Suites: 39 passed, 44 total\nUsing Python 3.11\nRan 34 tests in 30s\nLoading...\nUsing Node.js 16.19.10\nOK\nOptimizing 40 modules...\nStep 3/19: Deploying\n  PASS: e2e/test_user_create.spec.js\nBuilding Docker image...\nEnvironment: development\nHEAD is now at 5d81b73\nnpm install: added 493 packages\nLayer 3/14: COPY command\nAlready up to date.\nTest Suites: 34 passed, 32 total\nBuilding Docker image...\nDone.\nnpm notice: created a lockfile\nStep 19/22: Installing dependencies\npip: Downloading express-4.10.tar.gz\nFAILED: test_user_create\nTLS handshake completed\n\u26a0 DEPRECATION: Feature will be removed in v2.0\nCompiling components/service.java...\nStep 6/16: Linting\nCache miss for key-5235\nCompiling lib/index.js...\nyarn add: Done in 16.71s\n[12:51:46] DEBUG: Connection pool: 3 active\n[12:51:46] INFO: Request completed\nBundling vendor.js\nNODE_ENV=production\nException: TypeError\nRan 114 tests in 1s\nArtifact downloaded: 1MB\nVerifying...\nOK\n\u2713 Step 'test' succeeded\nPOST /data - 201 (447ms)\n\u2713 lint completed\nConnection established\n\u26a0 DEPRECATION: Feature will be removed in v4.0\nCache hit for key-1235\nCoverage: 89% statements, 91% branches\nHEAD is now at 17434ae\nCache restored successfully (464MB)\nProcessing...\nStep 12/25: Linting\nCache miss for key-2848\nCompiling lib/handler.rs...\nOK\nFAILED: test_auth_login\n\u26a0 DEPRECATION: Feature will be removed in v4.0\nTransforming 500 files...\nSuccess!\n\u26a0 DEPRECATION: Feature will be removed in v4.0\nOptimizing 22 modules...\n[12:51:46] WARN: Deprecated API usage\nPlatform: linux-x64\nStep 15/20: Deploying\nReady.\nFinished.\n[12:51:46] DEBUG: Loading configuration\nConnection established\n[12:51:46] WARN: Deprecated API usage\nReady.\n[12:51:46] INFO: Processing request\nGenerating source maps...\n=== Step integration_tests completed ===\n=== Step: deploy_production ===\nEnvironment: test\n[12:51:46] INFO: Starting build process\nStep 1/21: Deploying\nPushing to registry...\nCompiling utils/handler.rs...\n\u2713 All checks passed\nFAILED: test_cache_hit\nCompiling src/service.java...\nArtifact uploaded: build.tar.gz (22MB)\nFetching from https://npmjs.org/package.json\nnpm install: resolved 247 packages\n[12:51:46] DEBUG: Query executed in 42ms\nStep 12/21: Deploying\n[12:51:46] INFO: Processing request\nWARNING: webpack has known vulnerabilities\n[12:51:46] WARN: Deprecated API usage\nCache invalidated: dependencies\nTest Suites: 47 passed, 7 total\nCompiling src/main.py...\n  PASS: integration/test_db_connect.spec.js\nCoverage: 95% statements, 75% branches\n[12:51:46] DEBUG: Initializing service\nVerifying...\nStep 6/23: Deploying\nOptimizing 31 modules...\nCompiling components/service.java...\nCompiling utils/index.js...\nConnection established\nOptimizing 79 modules...\nSuccess!\n[12:51:46] DEBUG: Loading configuration\n[12:51:46] DEBUG: Loading configuration\nNODE_ENV=production\nArtifact downloaded: 36MB\nCreating production build...\nCache invalidated: dependencies\n[12:51:46] DEBUG: Memory usage: 1446MB\nImage pulled successfully\n\u2717 build failed with exit code 39\nUsing Python 3.10\n[12:51:46] ERROR: Connection failed\nyarn add: Done in 29.71s\nConnection established\nArtifact uploaded: dist.zip (58MB)\nHEAD is now at 800c41d\nImage pulled successfully\n\u2717 build failed with exit code 36\npip install: Successfully installed react-3.5\nCompiling lib/service.java...\nCompiling lib/main.py...\nTest Suites: 49 passed, 26 total\nnpm notice: package.json updated\nStep 12/19: Linting\nWARNING: lodash has known vulnerabilities\nPlatform: linux-x64\nArtifact uploaded: dist.zip (92MB)\nNODE_ENV=production\nOK\nTime: 93.361s\nFetching from https://githubusercontent.com/package.json\nPlatform: darwin-arm64\nTLS handshake completed\nTest Suites: 46 passed, 23 total\n\u2713 Step 'checkout' succeeded\nEnvironment: development\nGET /api - 201 (23ms)\nCompiling utils/utils.go...\nBundling vendor.css\nPulling image: python:latest\nSuccess!\nTLS handshake completed\n[12:51:46] DEBUG: Connection pool: 10 active\nCache hit for key-1016\nRan 90 tests in 19s\nCompiling lib/main.py...\nOK\nArtifact downloaded: 50MB\nCache invalidated: node_modules\nGenerating source maps...\nUsing Python 3.11\nFAILED: test_cache_hit\nCreating production build...\nnpm install: added 130 packages\nBundling main.css\nPulling image: node:18\nWaiting...\nCompiling lib/utils.go...\n\u26a0 DEPRECATION: Feature will be removed in v2.0\nTLS handshake completed\nStep 4/17: Testing\nChecking out main branch\nPlatform: win32-x64\nCache miss for key-2132\nCache restored successfully (224MB)\nArtifact uploaded: dist.zip (63MB)\n  PASS: test_user_create (173ms)\nWARNING: react has known vulnerabilities\nCreating production build...\nChecking out main branch\nCache restored successfully (475MB)\n[12:51:46] INFO: Request completed\nStep 8/21: Installing dependencies\nCompiling src/handler.rs...\nBundling vendor.css\nWARNING: lodash has known vulnerabilities\n  PASS: test_user_create (4ms)\n[12:51:46] INFO: Cache refreshed\nCreating production build...\nCache restored successfully (419MB)\nDone.\n[12:51:46] DEBUG: Query executed in 59ms\n\u2713 validate completed\nUploading artifact 'dist' (13 files)\nnpm install: resolved 1964 packages\n\u2713 Step 'build' succeeded\nChecking out develop branch\n[12:51:46] INFO: Request completed\nUsing Python 3.9\nStep 4/25: Deploying\n[12:51:46] INFO: Connecting to database\nTest Suites: 49 passed, 44 total\nStep 5/18: Testing\n\u2717 build failed with exit code 75\nUsing Node.js 20.19.4\nOK\nCache hit for key-1966\nPulling image: node:18\nTime: 49.561s\nStep 16/18: Running migrations\nStep 10/25: Testing\npip: Installing build dependencies...\nnpm install: resolved 1867 packages\n\u2713 Step 'test' succeeded\nArtifact uploaded: build.tar.gz (10MB)\n[12:51:46] WARN: Deprecated API usage\nMinifying app.js\n[12:51:46] DEBUG: Query executed in 27ms\nTransforming 493 files...\nCache miss for key-7847\nyarn add: Done in 22.52s\nTLS handshake completed\n[12:51:46] INFO: Connecting to database\nnpm install: added 36 packages\n[12:51:46] INFO: Starting build process\nCache restored successfully (280MB)\nTest Suites: 21 passed, 33 total\nGET /status - 204 (7ms)\nPOST /api - 200 (377ms)\n\u2713 Step 'test' succeeded\nArtifact uploaded: dist.zip (39MB)\nOK\nChecking out master branch\nVerifying...\nFinished.\nRan 92 tests in 28s\nCache restored successfully (213MB)\n\u26a0 DEPRECATION: Feature will be removed in v2.0\nCompiling components/main.py...\nStep 4/22: Building\nArtifact downloaded: 35MB\nHEAD is now at 3bdf58c\nDone.\nChecking out master branch\nStep 17/25: Deploying\nArtifact downloaded: 6MB\nCompiling src/utils.go...\n[12:51:46] DEBUG: Initializing service\n=== Step deploy_production completed ===",
    "steps": [
      {
        "name": "checkout",
        "status": "success",
        "started_at": "2025-12-15T12:51:46.578513",
        "finished_at": "2025-12-15T12:51:50.800582",
        "log_lines": [
          "=== Step: checkout ===",
          "Artifact downloaded: 4MB",
          "WARNING: eslint has known vulnerabilities",
          "Platform: win32-x64",
          "Pulling image: node:latest",
          "npm install: resolved 916 packages",
          "pip install: Successfully installed react-5.15",
          "\u26a0 DEPRECATION: Feature will be removed in v3.0",
          "Compiling lib/service.java...",
          "\u2713 Task completed in 755ms",
          "Loading...",
          "Ran 124 tests in 52s",
          "[12:51:46] ERROR: Connection failed",
          "Step 1/25: Running migrations",
          "[12:51:46] INFO: Request completed",
          "Test Suites: 16 passed, 14 total",
          "Environment: production",
          "Image pulled successfully",
          "Verifying...",
          "Artifact uploaded: build.tar.gz (17MB)",
          "Snapshots: 34 passed, 3 total",
          "Step 1/20: Installing dependencies",
          "\u2713 All checks passed",
          "Cache hit for key-1403",
          "\u2713 Task completed in 1257ms",
          "Image pulled successfully",
          "[12:51:46] DEBUG: Loading configuration",
          "Coverage: 100% statements, 68% branches",
          "Installing jest@5.20.6",
          "GET /health - 200 (91ms)",
          "Time: 86.437s",
          "Pulling image: node:3.11",
          "pip: Installing build dependencies...",
          "Fetching from https://registry.npmjs.org/package.json",
          "Optimizing 62 modules...",
          "Done.",
          "\u26a0 DEPRECATION: Feature will be removed in v2.0",
          "Connection established",
          "[12:51:46] INFO: Starting build process",
          "Step 5/23: Linting",
          "Optimizing 43 modules...",
          "[12:51:46] DEBUG: Query executed in 94ms",
          "Fetching submodules...",
          "Coverage: 82% statements, 75% branches",
          "NODE_ENV=production",
          "Step 1/19: Running migrations",
          "npm notice: created a lockfile",
          "Fetching from https://gcr.io/package.json",
          "Fetching from https://docker.io/package.json",
          "pip: Installing build dependencies...",
          "WARNING: webpack has known vulnerabilities",
          "Connection established",
          "Processing...",
          "[12:51:46] WARN: Deprecated API usage",
          "Waiting...",
          "\u26a0 DEPRECATION: Feature will be removed in v2.0",
          "Checking out develop branch",
          "Using Node.js 20.18.0",
          "pip: Downloading express-5.4.tar.gz",
          "pip: Installing build dependencies...",
          "[12:51:46] DEBUG: Loading configuration",
          "  PASS: unit/test_user_create.spec.js",
          "Verifying...",
          "Cache hit for key-5831",
          "GET /health - 201 (19ms)",
          "[12:51:46] DEBUG: Query executed in 25ms",
          "\u2713 Step 'test' succeeded",
          "Cache hit for key-7549",
          "\u2713 Task completed in 4853ms",
          "Ran 55 tests in 30s",
          "Step 11/24: Testing",
          "Cache miss for key-4137",
          "Bundling main.js",
          "Cache miss for key-4512",
          "pip: Installing build dependencies...",
          "Done.",
          "FAILED: test_cache_hit",
          "Installing eslint@3.16.9",
          "[12:51:46] DEBUG: Memory usage: 1165MB",
          "[12:51:46] DEBUG: Memory usage: 717MB",
          "Cache miss for key-6247",
          "pip: Downloading express-4.14.tar.gz",
          "Switched to branch 'feature/task-934'",
          "Compiling utils/app.ts...",
          "Artifact downloaded: 34MB",
          "  PASS: test_user_create (273ms)",
          "Artifact uploaded: build.tar.gz (46MB)",
          "Layer 9/12: ENV command",
          "Artifact uploaded: dist.zip (93MB)",
          "Step 16/23: Running migrations",
          "Installing react@5.20.2",
          "Using Node.js 16.20.5",
          "[12:51:46] INFO: Starting build process",
          "Cache invalidated: node_modules",
          "Connection established",
          "Building Docker image...",
          "Using Node.js 16.16.7",
          "pip: Collecting react",
          "NODE_ENV=production",
          "Processing...",
          "[12:51:46] WARN: Deprecated API usage",
          "\u2713 Task completed in 2755ms",
          "Artifact uploaded: build.tar.gz (8MB)",
          "Tests: 130 passed, 163 total",
          "[12:51:46] WARN: Deprecated API usage",
          "Using Python 3.9",
          "[12:51:46] DEBUG: Memory usage: 774MB",
          "pip: Collecting webpack",
          "Step 6/21: Running migrations",
          "OK",
          "Compiling components/app.ts...",
          "Using Node.js 18.4.6",
          "Step 6/15: Running migrations",
          "Step 7/24: Linting",
          "Platform: win32-x64",
          "npm install: resolved 1259 packages",
          "Test Suites: 8 passed, 41 total",
          "NODE_ENV=test",
          "Cache hit for key-5027",
          "Using Node.js 14.15.4",
          "\u2713 build completed",
          "Done.",
          "Generating source maps...",
          "FAILED: test_api_health",
          "Transforming 651 files...",
          "Exception: TypeError",
          "Layer 1/15: RUN command",
          "Verifying...",
          "Uploading artifact 'build' (5 files)",
          "\u2717 build failed with exit code 103",
          "Step 20/25: Deploying",
          "[12:51:46] INFO: Connecting to database",
          "Minifying vendor.js",
          "POST /upload - 202 (283ms)",
          "Environment: development",
          "Cache invalidated: build",
          "[12:51:46] DEBUG: Memory usage: 1728MB",
          "npm install: resolved 1237 packages",
          "Cache hit for key-7658",
          "pip install: Successfully installed prettier-1.20",
          "[12:51:46] WARN: Deprecated API usage",
          "pip: Downloading react-2.18.tar.gz",
          "Platform: darwin-arm64",
          "Cache saved successfully",
          "npm install: added 359 packages",
          "[12:51:46] INFO: Connecting to database",
          "Layer 9/10: COPY command",
          "Generating source maps...",
          "[12:51:46] INFO: Processing request",
          "Artifact downloaded: 37MB",
          "\u26a0 DEPRECATION: Feature will be removed in v5.0",
          "Cache restored successfully (248MB)",
          "Building Docker image...",
          "  PASS: integration/test_auth_login.spec.js",
          "\u2713 All checks passed",
          "Cache miss for key-3981",
          "Step 2/22: Deploying",
          "Step 6/17: Installing dependencies",
          "GET /health - 200 (38ms)",
          "Using Python 3.10",
          "Uploading artifact 'coverage' (6 files)",
          "  PASS: integration/test_db_connect.spec.js",
          "FAILED: test_cache_hit",
          "OK",
          "Finished.",
          "Compiling lib/main.py...",
          "Compiling components/utils.go...",
          "Test Suites: 18 passed, 25 total",
          "=== Step checkout completed ==="
        ]
      },
      {
        "name": "e2e_tests",
        "status": "success",
        "started_at": "2025-12-15T12:51:50.800582",
        "finished_at": "2025-12-15T12:52:01.355753",
        "log_lines": [
          "=== Step: e2e_tests ===",
          "Using Python 3.9",
          "Success!",
          "NODE_ENV=production",
          "[12:51:46] INFO: Starting build process",
          "Coverage: 89% statements, 77% branches",
          "Environment: development",
          "Artifact downloaded: 49MB",
          "OK",
          "Already up to date.",
          "Generating source maps...",
          "Using Node.js 17.14.1",
          "Fetching from https://gcr.io/package.json",
          "Artifact uploaded: dist.zip (53MB)",
          "Fetching submodules...",
          "pip: Installing build dependencies...",
          "Test Suites: 37 passed, 13 total",
          "pip: Installing build dependencies...",
          "\u26a0 DEPRECATION: Feature will be removed in v4.0",
          "[12:51:46] INFO: Request completed",
          "Step 1/15: Building",
          "Compiling src/main.py...",
          "Ran 66 tests in 20s",
          "Compiling lib/app.ts...",
          "Connection established",
          "Optimizing 45 modules...",
          "Pushing to registry...",
          "pip: Installing build dependencies...",
          "Exception: NullPointerException",
          "Compiling src/app.ts...",
          "\u2713 Task completed in 368ms",
          "GET /api - 204 (26ms)",
          "WARNING: lodash has known vulnerabilities",
          "Done.",
          "Pushing to registry...",
          "\u2717 build failed with exit code 23",
          "Cache invalidated: dependencies",
          "Compiling utils/handler.rs...",
          "npm notice: package.json updated",
          "Minifying main.js",
          "Artifact downloaded: 21MB",
          "Step 13/17: Deploying",
          "Waiting...",
          "Loading...",
          "npm install: added 105 packages",
          "Pulling image: python:latest",
          "Bundling styles.css",
          "[12:51:46] WARN: Deprecated API usage",
          "Step 19/23: Testing",
          "Ran 38 tests in 50s",
          "Done.",
          "Pushing to registry...",
          "\u2713 Task completed in 1280ms",
          "Using Node.js 14.5.3",
          "POST /data - 200 (342ms)",
          "Step 9/15: Running migrations",
          "\u2713 All checks passed",
          "Ran 113 tests in 51s",
          "Environment: test",
          "Verifying...",
          "Installing jest@4.14.6",
          "Using Node.js 14.0.8",
          "WARNING: webpack has known vulnerabilities",
          "[12:51:46] INFO: Starting build process",
          "Waiting...",
          "[12:51:46] INFO: Cache refreshed",
          "Compiling utils/handler.rs...",
          "Step 12/25: Linting",
          "Building Docker image...",
          "Verifying...",
          "[12:51:46] INFO: Request completed",
          "[12:51:46] INFO: Request completed",
          "[12:51:46] DEBUG: Memory usage: 431MB",
          "Test Suites: 26 passed, 44 total",
          "npm notice: package.json updated",
          "Cache restored successfully (322MB)",
          "pip install: Successfully installed lodash-3.19",
          "[12:51:46] DEBUG: Query executed in 98ms",
          "Pushing to registry...",
          "Time: 108.164s",
          "HEAD is now at da4a9ce",
          "[12:51:46] DEBUG: Initializing service",
          "Artifact downloaded: 25MB",
          "NODE_ENV=development",
          "Environment: development",
          "Done.",
          "WARNING: prettier has known vulnerabilities",
          "POST /data - 200 (56ms)",
          "Checking out develop branch",
          "Compiling utils/app.ts...",
          "\u2713 build completed",
          "Bundling vendor.css",
          "  PASS: test_api_health (321ms)",
          "GET /api - 201 (61ms)",
          "Step 19/16: Running migrations",
          "Transforming 656 files...",
          "Transforming 296 files...",
          "Ready.",
          "Building Docker image...",
          "\u2717 build failed with exit code 124",
          "[12:51:46] WARN: Deprecated API usage",
          "[12:51:46] DEBUG: Connection pool: 7 active",
          "[12:51:46] DEBUG: Query executed in 84ms",
          "Layer 1/12: ENV command",
          "pip: Downloading axios-1.2.tar.gz",
          "Success!",
          "Layer 4/13: RUN command",
          "[12:51:46] INFO: Processing request",
          "pip install: Successfully installed jest-5.12",
          "Tests: 343 passed, 102 total",
          "NODE_ENV=development",
          "Image pulled successfully",
          "pip: Installing build dependencies...",
          "Building Docker image...",
          "[12:51:46] DEBUG: Loading configuration",
          "Snapshots: 45 passed, 34 total",
          "Optimizing 12 modules...",
          "\u26a0 DEPRECATION: Feature will be removed in v3.0",
          "Step 18/18: Building",
          "[12:51:46] WARN: Deprecated API usage",
          "[12:51:46] WARN: Deprecated API usage",
          "Artifact uploaded: build.tar.gz (37MB)",
          "GET /status - 201 (17ms)",
          "TLS handshake completed",
          "\u2713 lint completed",
          "Already up to date.",
          "pip: Downloading webpack-5.11.tar.gz",
          "[12:51:46] WARN: Deprecated API usage",
          "[12:51:46] INFO: Cache refreshed",
          "Connection established",
          "Processing...",
          "Pushing to registry...",
          "Compiling utils/index.js...",
          "Using Python 3.11",
          "Minifying main.js",
          "Using Python 3.10",
          "\u26a0 DEPRECATION: Feature will be removed in v4.0",
          "Layer 6/11: RUN command",
          "Step 2/20: Installing dependencies",
          "Step 16/21: Linting",
          "Creating production build...",
          "\u26a0 DEPRECATION: Feature will be removed in v3.0",
          "NODE_ENV=production",
          "Snapshots: 35 passed, 16 total",
          "Ran 44 tests in 33s",
          "[12:51:46] ERROR: Connection failed",
          "pip: Downloading eslint-5.16.tar.gz",
          "Layer 7/15: COPY command",
          "Step 16/21: Building",
          "[12:51:46] INFO: Connecting to database",
          "Cache saved successfully",
          "Optimizing 55 modules...",
          "npm notice: package.json updated",
          "WARNING: axios has known vulnerabilities",
          "Fetching from https://githubusercontent.com/package.json",
          "Processing...",
          "NODE_ENV=production",
          "\u26a0 DEPRECATION: Feature will be removed in v4.0",
          "Transforming 741 files...",
          "\u2713 Step 'checkout' succeeded",
          "Cache saved successfully",
          "Artifact uploaded: dist.zip (89MB)",
          "pip: Installing build dependencies...",
          "NODE_ENV=test",
          "Using Python 3.10",
          "Waiting...",
          "npm install: resolved 1550 packages",
          "[12:51:46] DEBUG: Connection pool: 6 active",
          "=== Step e2e_tests completed ==="
        ]
      },
      {
        "name": "build",
        "status": "success",
        "started_at": "2025-12-15T12:52:01.355753",
        "finished_at": "2025-12-15T12:52:33.021267",
        "log_lines": [
          "=== Step: build ===",
          "Pulling image: python:18",
          "Using Python 3.11",
          "Pushing to registry...",
          "[12:51:46] DEBUG: Loading configuration",
          "Time: 51.425s",
          "Ready.",
          "Transforming 584 files...",
          "Using Node.js 17.19.10",
          "FAILED: test_user_create",
          "[12:51:46] DEBUG: Query executed in 26ms",
          "Tests: 188 passed, 178 total",
          "npm install: resolved 1609 packages",
          "NODE_ENV=production",
          "\u26a0 DEPRECATION: Feature will be removed in v3.0",
          "Snapshots: 46 passed, 6 total",
          "Completed.",
          "[12:51:46] INFO: Cache refreshed",
          "Artifact downloaded: 43MB",
          "Exception: TypeError",
          "Transforming 536 files...",
          "\u2713 Step 'setup' succeeded",
          "Verifying...",
          "Ran 140 tests in 45s",
          "Exception: RuntimeError",
          "Step 18/21: Running migrations",
          "Cache saved successfully",
          "Compiling lib/service.java...",
          "yarn add: Done in 17.75s",
          "npm notice: package.json updated",
          "Checking out develop branch",
          "Step 3/24: Testing",
          "Cache hit for key-7948",
          "POST /data - 202 (139ms)",
          "\u2717 build failed with exit code 97",
          "FAILED: test_db_connect",
          "yarn add: Done in 15.92s",
          "npm install: added 384 packages",
          "[12:51:46] DEBUG: Connection pool: 13 active",
          "Platform: linux-x64",
          "[12:51:46] DEBUG: Loading configuration",
          "Tests: 75 passed, 297 total",
          "Loading...",
          "yarn add: Done in 2.69s",
          "Step 7/18: Installing dependencies",
          "Artifact uploaded: dist.zip (66MB)",
          "Uploading artifact 'build' (14 files)",
          "Snapshots: 49 passed, 34 total",
          "npm install: added 380 packages",
          "FAILED: test_auth_login",
          "TLS handshake completed",
          "Building Docker image...",
          "\u2713 Task completed in 3979ms",
          "Processing...",
          "\u2713 Step 'checkout' succeeded",
          "Step 1/18: Linting",
          "Cache miss for key-7133",
          "Ran 46 tests in 39s",
          "pip: Installing build dependencies...",
          "pip: Collecting lodash",
          "[12:51:46] WARN: Deprecated API usage",
          "Step 10/17: Testing",
          "Step 15/21: Building",
          "Success!",
          "Compiling components/main.py...",
          "Cache miss for key-7446",
          "Pushing to registry...",
          "Step 1/15: Linting",
          "Verifying...",
          "Step 16/18: Linting",
          "OK",
          "Generating source maps...",
          "[12:51:46] WARN: Deprecated API usage",
          "Verifying...",
          "Cache saved successfully",
          "npm install: resolved 1648 packages",
          "Compiling utils/service.java...",
          "Processing...",
          "\u2713 Task completed in 543ms",
          "Step 3/15: Testing",
          "Image pulled successfully",
          "Minifying app.js",
          "\u2713 validate completed",
          "pip: Collecting jest",
          "yarn add: Done in 13.83s",
          "Cache invalidated: node_modules",
          "Time: 101.710s",
          "Completed.",
          "[12:51:46] INFO: Request completed",
          "Cache restored successfully (249MB)",
          "Uploading artifact 'build' (32 files)",
          "Compiling utils/app.ts...",
          "Success!",
          "npm install: resolved 1716 packages",
          "Pulling image: python:latest",
          "Done.",
          "Finished.",
          "\u26a0 DEPRECATION: Feature will be removed in v3.0",
          "npm notice: created a lockfile",
          "[12:51:46] ERROR: Connection failed",
          "Verifying...",
          "[12:51:46] INFO: Request completed",
          "Compiling lib/handler.rs...",
          "WARNING: express has known vulnerabilities",
          "Pulling image: alpine:3.11",
          "\u2713 Task completed in 113ms",
          "Checking out master branch",
          "Exception: ValueError",
          "Using Python 3.10",
          "\u2713 All checks passed",
          "Generating source maps...",
          "Fetching submodules...",
          "pip: Downloading lodash-1.19.tar.gz",
          "Completed.",
          "[12:51:46] DEBUG: Loading configuration",
          "Cache hit for key-2213",
          "[12:51:46] DEBUG: Initializing service",
          "Cache restored successfully (133MB)",
          "Artifact downloaded: 35MB",
          "Completed.",
          "npm notice: package.json updated",
          "[12:51:46] DEBUG: Connection pool: 16 active",
          "[12:51:46] INFO: Processing request",
          "pip: Downloading react-4.7.tar.gz",
          "\u2713 Task completed in 3863ms",
          "Installing express@2.18.10",
          "Step 16/21: Running migrations",
          "Compiling src/main.py...",
          "FAILED: test_api_health",
          "[12:51:46] INFO: Request completed",
          "Environment: staging",
          "Pulling image: python:3.11",
          "Done.",
          "Connection established",
          "Test Suites: 19 passed, 6 total",
          "Tests: 117 passed, 397 total",
          "Environment: production",
          "Waiting...",
          "\u26a0 DEPRECATION: Feature will be removed in v3.0",
          "Artifact uploaded: build.tar.gz (41MB)",
          "Connection established",
          "Artifact downloaded: 40MB",
          "Step 17/23: Installing dependencies",
          "Artifact uploaded: dist.zip (62MB)",
          "Step 20/23: Testing",
          "NODE_ENV=production",
          "GET /api - 201 (52ms)",
          "Fetching from https://github.com/package.json",
          "Compiling src/handler.rs...",
          "Optimizing 27 modules...",
          "Platform: darwin-arm64",
          "Compiling utils/app.ts...",
          "Compiling utils/main.py...",
          "[12:51:46] INFO: Connecting to database",
          "pip install: Successfully installed axios-1.10",
          "Cache restored successfully (204MB)",
          "Compiling components/utils.go...",
          "Connection established",
          "FAILED: test_auth_login",
          "Installing react@3.8.8",
          "npm install: added 461 packages",
          "pip: Collecting react",
          "Bundling vendor.css",
          "[12:51:46] WARN: Deprecated API usage",
          "Success!",
          "Cache hit for key-7795",
          "TLS handshake completed",
          "HEAD is now at 3d1f020",
          "=== Step build completed ==="
        ]
      },
      {
        "name": "unit_tests",
        "status": "success",
        "started_at": "2025-12-15T12:52:33.021267",
        "finished_at": "2025-12-15T12:53:04.686781",
        "log_lines": [
          "=== Step: unit_tests ===",
          "[12:51:46] WARN: Deprecated API usage",
          "Already up to date.",
          "npm install: resolved 132 packages",
          "\u2713 Task completed in 2347ms",
          "Loading...",
          "Compiling utils/utils.go...",
          "Done.",
          "[12:51:46] INFO: Starting build process",
          "Cache restored successfully (158MB)",
          "[12:51:46] INFO: Processing request",
          "Artifact downloaded: 35MB",
          "Compiling utils/index.js...",
          "pip: Installing build dependencies...",
          "Artifact uploaded: dist.zip (37MB)",
          "FAILED: test_auth_login",
          "npm install: resolved 1194 packages",
          "Done.",
          "Pulling image: python:18",
          "Cache saved successfully",
          "npm notice: package.json updated",
          "\u2713 Step 'install' succeeded",
          "Snapshots: 1 passed, 1 total",
          "Generating source maps...",
          "[12:51:46] DEBUG: Loading configuration",
          "NODE_ENV=production",
          "Ready.",
          "Pushing to registry...",
          "Using Python 3.12",
          "TLS handshake completed",
          "\u2717 build failed with exit code 125",
          "pip: Downloading prettier-3.6.tar.gz",
          "npm notice: package.json updated",
          "Already up to date.",
          "Artifact uploaded: build.tar.gz (33MB)",
          "\u2713 Task completed in 3743ms",
          "WARNING: axios has known vulnerabilities",
          "Layer 5/15: COPY command",
          "npm notice: package.json updated",
          "Using Python 3.11",
          "Compiling utils/app.ts...",
          "Coverage: 86% statements, 84% branches",
          "FAILED: test_db_connect",
          "Image pulled successfully",
          "Step 17/18: Linting",
          "[12:51:46] DEBUG: Loading configuration",
          "Artifact downloaded: 15MB",
          "Installing prettier@3.0.0",
          "NODE_ENV=development",
          "Step 17/18: Testing",
          "HEAD is now at ffb7401",
          "npm install: resolved 1556 packages",
          "Processing...",
          "Artifact uploaded: dist.zip (96MB)",
          "Uploading artifact 'dist' (34 files)",
          "Uploading artifact 'dist' (39 files)",
          "GET /health - 201 (2ms)",
          "Minifying app.js",
          "pip: Collecting eslint",
          "OK",
          "Artifact downloaded: 45MB",
          "[12:51:46] DEBUG: Query executed in 11ms",
          "Connection established",
          "Creating production build...",
          "[12:51:46] WARN: Deprecated API usage",
          "Loading...",
          "OK",
          "WARNING: webpack has known vulnerabilities",
          "Step 4/17: Running migrations",
          "Ran 117 tests in 23s",
          "pip install: Successfully installed jest-2.3",
          "Processing...",
          "Fetching submodules...",
          "npm notice: package.json updated",
          "FAILED: test_user_create",
          "Test Suites: 25 passed, 19 total",
          "Loading...",
          "\u2713 Task completed in 182ms",
          "Done.",
          "\u2713 package completed",
          "Step 20/17: Running migrations",
          "POST /api - 201 (421ms)",
          "npm install: added 45 packages",
          "Step 14/19: Linting",
          "[12:51:46] DEBUG: Loading configuration",
          "Cache restored successfully (240MB)",
          "Cache restored successfully (103MB)",
          "npm install: added 451 packages",
          "[12:51:46] DEBUG: Initializing service",
          "Done.",
          "Pulling image: alpine:18",
          "Using Node.js 15.10.0",
          "Transforming 208 files...",
          "pip install: Successfully installed prettier-2.17",
          "Artifact downloaded: 38MB",
          "Building Docker image...",
          "  PASS: integration/test_db_connect.spec.js",
          "Compiling components/utils.go...",
          "Layer 6/9: RUN command",
          "\u26a0 DEPRECATION: Feature will be removed in v5.0",
          "Step 18/17: Testing",
          "Artifact uploaded: build.tar.gz (6MB)",
          "npm notice: package.json updated",
          "Fetching from https://github.com/package.json",
          "Step 19/17: Building",
          "Done.",
          "\u2713 lint completed",
          "Connection established",
          "Finished.",
          "NODE_ENV=test",
          "Done.",
          "\u26a0 DEPRECATION: Feature will be removed in v3.0",
          "Platform: darwin-arm64",
          "Compiling src/service.java...",
          "Coverage: 90% statements, 95% branches",
          "Using Python 3.9",
          "Snapshots: 19 passed, 16 total",
          "Building Docker image...",
          "Finished.",
          "Snapshots: 34 passed, 37 total",
          "Waiting...",
          "Coverage: 79% statements, 81% branches",
          "[12:51:46] INFO: Request completed",
          "WARNING: express has known vulnerabilities",
          "[12:51:46] WARN: Deprecated API usage",
          "pip install: Successfully installed lodash-1.20",
          "FAILED: test_user_create",
          "NODE_ENV=development",
          "Cache miss for key-9629",
          "WARNING: axios has known vulnerabilities",
          "Cache miss for key-8438",
          "Step 9/17: Testing",
          "WARNING: react has known vulnerabilities",
          "[12:51:46] INFO: Request completed",
          "Fetching submodules...",
          "Step 7/21: Linting",
          "WARNING: lodash has known vulnerabilities",
          "Building Docker image...",
          "Cache hit for key-8621",
          "[12:51:46] WARN: Deprecated API usage",
          "Cache miss for key-9009",
          "Artifact uploaded: dist.zip (80MB)",
          "Ready.",
          "Optimizing 96 modules...",
          "Installing webpack@2.9.4",
          "npm install: added 14 packages",
          "\u2713 Step 'checkout' succeeded",
          "Step 7/15: Deploying",
          "[12:51:46] WARN: Deprecated API usage",
          "Artifact downloaded: 34MB",
          "  PASS: unit/test_db_connect.spec.js",
          "Time: 16.79s",
          "Switched to branch 'bugfix/task-735'",
          "Completed.",
          "Building Docker image...",
          "Cache hit for key-5638",
          "Pushing to registry...",
          "Pulling image: alpine:18",
          "Pulling image: node:latest",
          "Checking out develop branch",
          "Installing eslint@2.18.8",
          "Time: 9.219s",
          "OK",
          "NODE_ENV=production",
          "Ran 73 tests in 25s",
          "Image pulled successfully",
          "Step 15/15: Running migrations",
          "\u26a0 DEPRECATION: Feature will be removed in v4.0",
          "=== Step unit_tests completed ==="
        ]
      },
      {
        "name": "deploy_staging",
        "status": "success",
        "started_at": "2025-12-15T12:53:04.686781",
        "finished_at": "2025-12-15T12:53:15.241952",
        "log_lines": [
          "=== Step: deploy_staging ===",
          "Step 2/18: Linting",
          "Creating production build...",
          "\u2713 Step 'checkout' succeeded",
          "[12:51:46] WARN: Deprecated API usage",
          "Completed.",
          "[12:51:46] INFO: Connecting to database",
          "Artifact uploaded: dist.zip (25MB)",
          "Fetching from https://github.com/package.json",
          "[12:51:46] DEBUG: Query executed in 56ms",
          "[12:51:46] INFO: Cache refreshed",
          "Step 8/16: Building",
          "Creating production build...",
          "Pushing to registry...",
          "[12:51:46] ERROR: Connection failed",
          "[12:51:46] INFO: Connecting to database",
          "Coverage: 78% statements, 80% branches",
          "Cache saved successfully",
          "Step 11/15: Installing dependencies",
          "Exception: TypeError",
          "Compiling utils/service.java...",
          "  PASS: e2e/test_user_create.spec.js",
          "Snapshots: 35 passed, 0 total",
          "pip: Collecting eslint",
          "Ready.",
          "Success!",
          "Checking out master branch",
          "pip install: Successfully installed jest-4.12",
          "  PASS: test_db_connect (373ms)",
          "Step 5/15: Installing dependencies",
          "FAILED: test_auth_login",
          "Artifact uploaded: build.tar.gz (10MB)",
          "Cache hit for key-3986",
          "[12:51:46] DEBUG: Memory usage: 303MB",
          "Artifact downloaded: 23MB",
          "FAILED: test_auth_login",
          "Step 5/21: Testing",
          "npm notice: package.json updated",
          "[12:51:46] DEBUG: Initializing service",
          "Step 6/22: Running migrations",
          "Pushing to registry...",
          "[12:51:46] INFO: Starting build process",
          "Cache invalidated: dependencies",
          "Uploading artifact 'coverage' (21 files)",
          "Cache invalidated: build",
          "pip install: Successfully installed jest-4.5",
          "npm install: added 282 packages",
          "[12:51:46] DEBUG: Loading configuration",
          "Checking out master branch",
          "Done.",
          "Environment: development",
          "WARNING: prettier has known vulnerabilities",
          "Step 8/17: Linting",
          "Bundling main.css",
          "  PASS: integration/test_user_create.spec.js",
          "Cache saved successfully",
          "Step 20/25: Building",
          "\u26a0 DEPRECATION: Feature will be removed in v2.0",
          "[12:51:46] DEBUG: Memory usage: 1623MB",
          "Transforming 591 files...",
          "[12:51:46] INFO: Connecting to database",
          "[12:51:46] DEBUG: Initializing service",
          "[12:51:46] DEBUG: Loading configuration",
          "Minifying main.js",
          "  PASS: integration/test_user_create.spec.js",
          "Step 5/19: Building",
          "yarn add: Done in 22.14s",
          "Step 18/23: Testing",
          "\u26a0 DEPRECATION: Feature will be removed in v2.0",
          "npm install: added 457 packages",
          "Coverage: 73% statements, 71% branches",
          "\u26a0 DEPRECATION: Feature will be removed in v5.0",
          "Switched to branch 'bugfix/task-601'",
          "[12:51:46] INFO: Cache refreshed",
          "[12:51:46] DEBUG: Connection pool: 15 active",
          "Processing...",
          "[12:51:46] DEBUG: Connection pool: 8 active",
          "\u2713 Step 'test' succeeded",
          "Pushing to registry...",
          "Uploading artifact 'dist' (36 files)",
          "pip: Collecting webpack",
          "Processing...",
          "Success!",
          "Fetching submodules...",
          "\u2713 validate completed",
          "Exception: TypeError",
          "Cache restored successfully (267MB)",
          "Platform: win32-x64",
          "[12:51:46] INFO: Request completed",
          "[12:51:46] DEBUG: Connection pool: 8 active",
          "npm install: added 307 packages",
          "Compiling components/utils.go...",
          "Artifact uploaded: build.tar.gz (24MB)",
          "npm notice: package.json updated",
          "\u26a0 DEPRECATION: Feature will be removed in v2.0",
          "Image pulled successfully",
          "Switched to branch 'hotfix/task-568'",
          "[12:51:46] DEBUG: Initializing service",
          "Success!",
          "Using Python 3.10",
          "Already up to date.",
          "Bundling runtime.js",
          "Switched to branch 'feature/task-608'",
          "Uploading artifact 'dist' (43 files)",
          "Completed.",
          "Creating production build...",
          "Success!",
          "Test Suites: 16 passed, 31 total",
          "Completed.",
          "HEAD is now at 82c74bd",
          "\u2713 package completed",
          "Connection established",
          "Uploading artifact 'build' (46 files)",
          "Snapshots: 34 passed, 20 total",
          "Uploading artifact 'coverage' (50 files)",
          "Compiling src/handler.rs...",
          "\u2713 Task completed in 2198ms",
          "TLS handshake completed",
          "Image pulled successfully",
          "Done.",
          "Step 17/21: Building",
          "[12:51:46] INFO: Request completed",
          "[12:51:46] INFO: Starting build process",
          "Uploading artifact 'dist' (15 files)",
          "[12:51:46] INFO: Processing request",
          "Time: 80.590s",
          "Using Python 3.12",
          "Uploading artifact 'build' (41 files)",
          "Compiling src/index.js...",
          "Environment: test",
          "Artifact uploaded: build.tar.gz (7MB)",
          "Loading...",
          "Compiling components/app.ts...",
          "GET /status - 201 (24ms)",
          "Layer 8/13: ENV command",
          "Layer 2/9: COPY command",
          "HEAD is now at 12edc50",
          "Compiling lib/service.java...",
          "\u2713 deploy completed",
          "Platform: darwin-arm64",
          "Image pulled successfully",
          "\u2717 build failed with exit code 25",
          "[12:51:46] INFO: Request completed",
          "pip: Installing build dependencies...",
          "[12:51:46] INFO: Cache refreshed",
          "[12:51:46] INFO: Cache refreshed",
          "[12:51:46] INFO: Cache refreshed",
          "  PASS: test_user_create (231ms)",
          "Ready.",
          "Artifact downloaded: 43MB",
          "Switched to branch 'feature/task-717'",
          "\u2713 build completed",
          "Step 7/21: Building",
          "Verifying...",
          "Connection established",
          "\u2713 Task completed in 3230ms",
          "Compiling utils/handler.rs...",
          "Uploading artifact 'build' (46 files)",
          "Ready.",
          "Compiling src/app.ts...",
          "pip install: Successfully installed jest-2.2",
          "pip install: Successfully installed jest-3.0",
          "Processing...",
          "Done.",
          "Exception: RuntimeError",
          "Compiling components/app.ts...",
          "Ran 54 tests in 7s",
          "Waiting...",
          "=== Step deploy_staging completed ==="
        ]
      },
      {
        "name": "install_dependencies",
        "status": "success",
        "started_at": "2025-12-15T12:53:15.241952",
        "finished_at": "2025-12-15T12:53:46.907466",
        "log_lines": [
          "=== Step: install_dependencies ===",
          "Transforming 943 files...",
          "[12:51:46] INFO: Starting build process",
          "Connection established",
          "[12:51:46] DEBUG: Connection pool: 10 active",
          "Compiling utils/index.js...",
          "Success!",
          "Step 7/24: Building",
          "Already up to date.",
          "Step 5/17: Linting",
          "npm install: added 429 packages",
          "GET /status - 204 (99ms)",
          "Compiling utils/main.py...",
          "Compiling components/handler.rs...",
          "Generating source maps...",
          "Completed.",
          "\u26a0 DEPRECATION: Feature will be removed in v3.0",
          "Test Suites: 35 passed, 10 total",
          "Pushing to registry...",
          "Finished.",
          "WARNING: axios has known vulnerabilities",
          "POST /data - 202 (152ms)",
          "Completed.",
          "POST /data - 202 (364ms)",
          "\u2713 build completed",
          "Bundling runtime.js",
          "[12:51:46] DEBUG: Loading configuration",
          "Processing...",
          "\u2713 Step 'install' succeeded",
          "Minifying main.js",
          "\u2717 build failed with exit code 117",
          "[12:51:46] DEBUG: Initializing service",
          "Optimizing 24 modules...",
          "[12:51:46] INFO: Request completed",
          "[12:51:46] WARN: Deprecated API usage",
          "Step 11/23: Testing",
          "Ran 198 tests in 31s",
          "npm install: added 149 packages",
          "\u2713 Task completed in 2567ms",
          "Loading...",
          "Platform: linux-x64",
          "  PASS: integration/test_auth_login.spec.js",
          "  PASS: e2e/test_api_health.spec.js",
          "WARNING: react has known vulnerabilities",
          "[12:51:46] INFO: Processing request",
          "Step 9/19: Installing dependencies",
          "Generating source maps...",
          "Artifact downloaded: 30MB",
          "Environment: production",
          "Cache restored successfully (467MB)",
          "Connection established",
          "  PASS: integration/test_api_health.spec.js",
          "\u2713 Task completed in 4869ms",
          "Pulling image: alpine:latest",
          "npm notice: created a lockfile",
          "Cache restored successfully (360MB)",
          "Building Docker image...",
          "Snapshots: 47 passed, 27 total",
          "TLS handshake completed",
          "Artifact uploaded: build.tar.gz (24MB)",
          "POST /data - 202 (324ms)",
          "Layer 8/10: COPY command",
          "Compiling components/handler.rs...",
          "\u26a0 DEPRECATION: Feature will be removed in v4.0",
          "Finished.",
          "Already up to date.",
          "Fetching submodules...",
          "pip: Downloading prettier-3.9.tar.gz",
          "Optimizing 17 modules...",
          "Switched to branch 'bugfix/task-515'",
          "Snapshots: 29 passed, 30 total",
          "Artifact uploaded: dist.zip (60MB)",
          "Coverage: 100% statements, 97% branches",
          "Fetching submodules...",
          "Time: 55.447s",
          "Using Node.js 17.5.8",
          "Pushing to registry...",
          "Step 4/25: Building",
          "Connection established",
          "TLS handshake completed",
          "npm notice: created a lockfile",
          "pip: Downloading jest-3.12.tar.gz",
          "OK",
          "Checking out develop branch",
          "Artifact uploaded: dist.zip (66MB)",
          "Done.",
          "Cache hit for key-9105",
          "Pulling image: node:18",
          "Cache saved successfully",
          "Compiling components/main.py...",
          "npm notice: created a lockfile",
          "[12:51:46] INFO: Starting build process",
          "[12:51:46] INFO: Processing request",
          "WARNING: express has known vulnerabilities",
          "[12:51:46] DEBUG: Memory usage: 1925MB",
          "pip: Collecting webpack",
          "Artifact uploaded: dist.zip (62MB)",
          "[12:51:46] WARN: Deprecated API usage",
          "Compiling utils/handler.rs...",
          "Switched to branch 'feature/task-322'",
          "Cache invalidated: dependencies",
          "Fetching from https://gcr.io/package.json",
          "\u2713 Task completed in 4842ms",
          "WARNING: jest has known vulnerabilities",
          "[12:51:46] ERROR: Connection failed",
          "yarn add: Done in 1.15s",
          "\u2713 Step 'build' succeeded",
          "Creating production build...",
          "Platform: linux-x64",
          "[12:51:46] ERROR: Connection failed",
          "TLS handshake completed",
          "Ready.",
          "Exception: ValueError",
          "Waiting...",
          "Done.",
          "\u26a0 DEPRECATION: Feature will be removed in v3.0",
          "Cache hit for key-8870",
          "Fetching submodules...",
          "npm notice: package.json updated",
          "\u2713 Step 'test' succeeded",
          "HEAD is now at a97083d",
          "\u26a0 DEPRECATION: Feature will be removed in v3.0",
          "[12:51:46] DEBUG: Initializing service",
          "\u2713 All checks passed",
          "Cache saved successfully",
          "[12:51:46] DEBUG: Initializing service",
          "\u2713 Step 'checkout' succeeded",
          "Artifact uploaded: dist.zip (39MB)",
          "npm install: added 186 packages",
          "\u2713 All checks passed",
          "Step 4/16: Installing dependencies",
          "[12:51:46] WARN: Deprecated API usage",
          "Compiling components/handler.rs...",
          "Cache saved successfully",
          "  PASS: test_db_connect (366ms)",
          "Waiting...",
          "pip: Installing build dependencies...",
          "npm notice: created a lockfile",
          "Coverage: 88% statements, 86% branches",
          "Optimizing 61 modules...",
          "yarn add: Done in 12.7s",
          "\u2713 Step 'build' succeeded",
          "npm notice: created a lockfile",
          "[12:51:46] INFO: Connecting to database",
          "Test Suites: 10 passed, 34 total",
          "Transforming 111 files...",
          "FAILED: test_cache_hit",
          "Tests: 261 passed, 172 total",
          "[12:51:46] DEBUG: Initializing service",
          "Cache saved successfully",
          "Completed.",
          "Step 14/24: Building",
          "[12:51:46] ERROR: Connection failed",
          "Ran 54 tests in 58s",
          "[12:51:46] INFO: Starting build process",
          "\u2713 test completed",
          "Bundling main.js",
          "Artifact uploaded: dist.zip (22MB)",
          "pip install: Successfully installed react-5.10",
          "\u2713 Task completed in 1397ms",
          "NODE_ENV=test",
          "Artifact uploaded: dist.zip (55MB)",
          "Step 20/21: Running migrations",
          "[12:51:46] INFO: Processing request",
          "Switched to branch 'hotfix/task-368'",
          "Artifact uploaded: dist.zip (72MB)",
          "[12:51:46] INFO: Starting build process",
          "Cache restored successfully (88MB)",
          "=== Step install_dependencies completed ==="
        ]
      },
      {
        "name": "save_cache",
        "status": "success",
        "started_at": "2025-12-15T12:53:46.907466",
        "finished_at": "2025-12-15T12:53:53.240569",
        "log_lines": [
          "=== Step: save_cache ===",
          "\u26a0 DEPRECATION: Feature will be removed in v4.0",
          "[12:51:46] DEBUG: Loading configuration",
          "Completed.",
          "Coverage: 90% statements, 71% branches",
          "[12:51:46] WARN: Deprecated API usage",
          "Processing...",
          "WARNING: axios has known vulnerabilities",
          "  PASS: test_cache_hit (370ms)",
          "Step 13/17: Running migrations",
          "Uploading artifact 'coverage' (10 files)",
          "Waiting...",
          "Cache saved successfully",
          "[12:51:46] DEBUG: Connection pool: 3 active",
          "Compiling components/index.js...",
          "pip: Downloading jest-4.8.tar.gz",
          "pip: Installing build dependencies...",
          "Checking out main branch",
          "Success!",
          "Layer 7/12: RUN command",
          "\u2713 test completed",
          "Transforming 308 files...",
          "Snapshots: 31 passed, 7 total",
          "Step 16/24: Running migrations",
          "\u26a0 DEPRECATION: Feature will be removed in v5.0",
          "Fetching from https://amazonaws.com/package.json",
          "Fetching from https://npmjs.org/package.json",
          "WARNING: lodash has known vulnerabilities",
          "[12:51:46] DEBUG: Loading configuration",
          "Time: 39.56s",
          "\u26a0 DEPRECATION: Feature will be removed in v3.0",
          "\u2717 build failed with exit code 1",
          "  PASS: integration/test_auth_login.spec.js",
          "npm install: resolved 1688 packages",
          "npm notice: created a lockfile",
          "Done.",
          "Transforming 119 files...",
          "Using Node.js 19.0.9",
          "pip install: Successfully installed axios-1.12",
          "[12:51:46] INFO: Request completed",
          "Ready.",
          "Artifact uploaded: dist.zip (50MB)",
          "Using Python 3.12",
          "[12:51:46] DEBUG: Connection pool: 8 active",
          "Minifying app.js",
          "Layer 7/13: COPY command",
          "\u2713 All checks passed",
          "pip: Installing build dependencies...",
          "Creating production build...",
          "Transforming 838 files...",
          "Connection established",
          "TLS handshake completed",
          "  PASS: e2e/test_api_health.spec.js",
          "Loading...",
          "Connection established",
          "Compiling lib/service.java...",
          "Snapshots: 12 passed, 8 total",
          "Snapshots: 47 passed, 20 total",
          "npm notice: created a lockfile",
          "Time: 21.409s",
          "Fetching from https://googleapis.com/package.json",
          "Done.",
          "pip: Collecting prettier",
          "[12:51:46] ERROR: Connection failed",
          "Cache miss for key-7582",
          "Pushing to registry...",
          "Artifact uploaded: build.tar.gz (30MB)",
          "[12:51:46] DEBUG: Query executed in 59ms",
          "Cache miss for key-5334",
          "Using Node.js 17.7.6",
          "WARNING: lodash has known vulnerabilities",
          "Success!",
          "Time: 89.948s",
          "Cache miss for key-7521",
          "npm notice: package.json updated",
          "Ready.",
          "Compiling utils/app.ts...",
          "  PASS: test_user_create (121ms)",
          "\u2713 test completed",
          "pip: Installing build dependencies...",
          "Step 14/24: Deploying",
          "npm install: resolved 1184 packages",
          "OK",
          "[12:51:46] DEBUG: Connection pool: 1 active",
          "[12:51:46] INFO: Processing request",
          "yarn add: Done in 18.95s",
          "[12:51:46] DEBUG: Memory usage: 1719MB",
          "Loading...",
          "WARNING: axios has known vulnerabilities",
          "Fetching from https://gcr.io/package.json",
          "WARNING: prettier has known vulnerabilities",
          "Connection established",
          "\u2713 All checks passed",
          "Checking out main branch",
          "Step 14/19: Running migrations",
          "Pushing to registry...",
          "\u26a0 DEPRECATION: Feature will be removed in v4.0",
          "Cache hit for key-8434",
          "pip: Collecting react",
          "Pulling image: alpine:latest",
          "\u26a0 DEPRECATION: Feature will be removed in v4.0",
          "Success!",
          "FAILED: test_user_create",
          "pip: Installing build dependencies...",
          "Completed.",
          "\u2713 Task completed in 1834ms",
          "[12:51:46] WARN: Deprecated API usage",
          "Step 17/18: Running migrations",
          "Pulling image: node:latest",
          "npm install: added 129 packages",
          "[12:51:46] INFO: Starting build process",
          "Cache miss for key-4504",
          "\u26a0 DEPRECATION: Feature will be removed in v2.0",
          "Ready.",
          "Snapshots: 29 passed, 1 total",
          "Cache invalidated: dependencies",
          "[12:51:46] INFO: Request completed",
          "Bundling main.css",
          "Cache saved successfully",
          "Compiling utils/index.js...",
          "Creating production build...",
          "Pulling image: node:18",
          "\u26a0 DEPRECATION: Feature will be removed in v5.0",
          "Checking out develop branch",
          "[12:51:46] INFO: Connecting to database",
          "[12:51:46] DEBUG: Initializing service",
          "HEAD is now at 238b2a7",
          "Time: 57.912s",
          "Using Python 3.12",
          "[12:51:46] DEBUG: Query executed in 85ms",
          "Step 9/22: Testing",
          "TLS handshake completed",
          "Artifact uploaded: build.tar.gz (45MB)",
          "  PASS: test_db_connect (362ms)",
          "npm install: resolved 1690 packages",
          "Ran 141 tests in 43s",
          "Cache invalidated: node_modules",
          "Platform: win32-x64",
          "Creating production build...",
          "[12:51:46] WARN: Deprecated API usage",
          "Artifact downloaded: 25MB",
          "Compiling utils/handler.rs...",
          "\u26a0 DEPRECATION: Feature will be removed in v4.0",
          "Checking out master branch",
          "Artifact uploaded: build.tar.gz (23MB)",
          "Already up to date.",
          "Compiling components/utils.go...",
          "Artifact uploaded: build.tar.gz (28MB)",
          "Waiting...",
          "Minifying app.js",
          "Step 17/24: Deploying",
          "NODE_ENV=development",
          "Test Suites: 13 passed, 25 total",
          "OK",
          "Ran 163 tests in 54s",
          "Layer 1/10: ENV command",
          "Connection established",
          "Pushing to registry...",
          "Fetching submodules...",
          "Test Suites: 25 passed, 21 total",
          "[12:51:46] DEBUG: Memory usage: 320MB",
          "Connection established",
          "Generating source maps...",
          "Image pulled successfully",
          "TLS handshake completed",
          "Waiting...",
          "Fetching submodules...",
          "npm install: resolved 905 packages",
          "=== Step save_cache completed ==="
        ]
      },
      {
        "name": "type_check",
        "status": "success",
        "started_at": "2025-12-15T12:53:53.240569",
        "finished_at": "2025-12-15T12:54:03.795740",
        "log_lines": [
          "=== Step: type_check ===",
          "Compiling lib/main.py...",
          "Ran 102 tests in 49s",
          "Cache saved successfully",
          "Step 5/21: Building",
          "  PASS: test_user_create (87ms)",
          "Step 8/25: Running migrations",
          "\u26a0 DEPRECATION: Feature will be removed in v4.0",
          "WARNING: react has known vulnerabilities",
          "Success!",
          "Compiling src/utils.go...",
          "Snapshots: 18 passed, 21 total",
          "Done.",
          "Cache saved successfully",
          "Installing express@5.8.4",
          "Step 9/19: Testing",
          "pip: Downloading jest-3.3.tar.gz",
          "Using Python 3.10",
          "\u2713 All checks passed",
          "Step 15/25: Testing",
          "Creating production build...",
          "\u26a0 DEPRECATION: Feature will be removed in v5.0",
          "[12:51:46] INFO: Cache refreshed",
          "POST /upload - 200 (102ms)",
          "TLS handshake completed",
          "Fetching from https://amazonaws.com/package.json",
          "Compiling utils/main.py...",
          "npm notice: package.json updated",
          "Snapshots: 19 passed, 4 total",
          "Minifying app.js",
          "pip: Collecting webpack",
          "WARNING: eslint has known vulnerabilities",
          "Optimizing 50 modules...",
          "pip install: Successfully installed prettier-4.5",
          "pip: Collecting react",
          "Transforming 317 files...",
          "WARNING: axios has known vulnerabilities",
          "[12:51:46] DEBUG: Loading configuration",
          "\u26a0 DEPRECATION: Feature will be removed in v2.0",
          "Cache saved successfully",
          "WARNING: jest has known vulnerabilities",
          "npm notice: package.json updated",
          "Loading...",
          "Optimizing 10 modules...",
          "\u2713 Step 'install' succeeded",
          "Processing...",
          "Minifying main.js",
          "pip: Downloading react-3.10.tar.gz",
          "Snapshots: 46 passed, 6 total",
          "\u2713 test completed",
          "Layer 9/14: RUN command",
          "Pushing to registry...",
          "Cache saved successfully",
          "Time: 10.86s",
          "Minifying main.js",
          "npm install: resolved 378 packages",
          "Cache invalidated: dependencies",
          "npm notice: created a lockfile",
          "npm install: resolved 1695 packages",
          "Step 14/19: Deploying",
          "Processing...",
          "\u2717 build failed with exit code 87",
          "Verifying...",
          "[12:51:46] WARN: Deprecated API usage",
          "Minifying main.js",
          "Processing...",
          "Done.",
          "Step 11/19: Running migrations",
          "Cache invalidated: build",
          "GET /health - 201 (24ms)",
          "[12:51:46] INFO: Starting build process",
          "Waiting...",
          "Already up to date.",
          "npm install: added 93 packages",
          "\u2713 Task completed in 4286ms",
          "\u26a0 DEPRECATION: Feature will be removed in v5.0",
          "[12:51:46] WARN: Deprecated API usage",
          "npm install: added 396 packages",
          "Compiling src/main.py...",
          "Coverage: 90% statements, 86% branches",
          "Pulling image: alpine:3.11",
          "Coverage: 82% statements, 63% branches",
          "Test Suites: 35 passed, 15 total",
          "Artifact uploaded: build.tar.gz (50MB)",
          "Tests: 52 passed, 190 total",
          "Done.",
          "yarn add: Done in 7.21s",
          "Coverage: 92% statements, 70% branches",
          "\u26a0 DEPRECATION: Feature will be removed in v4.0",
          "Minifying main.js",
          "[12:51:46] INFO: Cache refreshed",
          "  PASS: test_cache_hit (182ms)",
          "[12:51:46] DEBUG: Loading configuration",
          "[12:51:46] DEBUG: Query executed in 49ms",
          "Loading...",
          "Step 20/18: Deploying",
          "[12:51:46] DEBUG: Loading configuration",
          "Cache miss for key-5118",
          "Optimizing 49 modules...",
          "Pulling image: node:latest",
          "Compiling src/index.js...",
          "Using Python 3.9",
          "WARNING: prettier has known vulnerabilities",
          "Checking out develop branch",
          "Step 2/16: Building",
          "[12:51:46] WARN: Deprecated API usage",
          "Success!",
          "Using Node.js 20.8.3",
          "NODE_ENV=test",
          "Tests: 392 passed, 323 total",
          "Installing express@5.13.8",
          "Image pulled successfully",
          "[12:51:46] DEBUG: Memory usage: 111MB",
          "Cache hit for key-7842",
          "Step 3/23: Deploying",
          "Switched to branch 'feature/task-955'",
          "[12:51:46] DEBUG: Memory usage: 148MB",
          "Using Python 3.12",
          "Snapshots: 33 passed, 24 total",
          "[12:51:46] INFO: Request completed",
          "GET /health - 200 (45ms)",
          "Environment: production",
          "npm notice: created a lockfile",
          "Fetching submodules...",
          "OK",
          "[12:51:46] DEBUG: Memory usage: 126MB",
          "GET /api - 204 (62ms)",
          "Connection established",
          "[12:51:46] INFO: Connecting to database",
          "Fetching from https://githubusercontent.com/package.json",
          "OK",
          "Step 9/20: Running migrations",
          "Step 10/20: Building",
          "Pulling image: alpine:3.11",
          "Artifact uploaded: build.tar.gz (34MB)",
          "\u26a0 DEPRECATION: Feature will be removed in v2.0",
          "WARNING: prettier has known vulnerabilities",
          "  PASS: e2e/test_api_health.spec.js",
          "Connection established",
          "\u26a0 DEPRECATION: Feature will be removed in v3.0",
          "\u26a0 DEPRECATION: Feature will be removed in v2.0",
          "pip install: Successfully installed axios-1.0",
          "Using Node.js 18.0.6",
          "[12:51:46] INFO: Cache refreshed",
          "[12:51:46] INFO: Connecting to database",
          "\u26a0 DEPRECATION: Feature will be removed in v4.0",
          "Transforming 736 files...",
          "Finished.",
          "Creating production build...",
          "WARNING: axios has known vulnerabilities",
          "  PASS: test_user_create (91ms)",
          "FAILED: test_cache_hit",
          "Using Node.js 17.6.5",
          "  PASS: e2e/test_db_connect.spec.js",
          "WARNING: eslint has known vulnerabilities",
          "Step 10/18: Installing dependencies",
          "Waiting...",
          "Snapshots: 16 passed, 3 total",
          "\u2713 Step 'install' succeeded",
          "Already up to date.",
          "[12:51:46] WARN: Deprecated API usage",
          "WARNING: prettier has known vulnerabilities",
          "Pushing to registry...",
          "[12:51:46] DEBUG: Connection pool: 20 active",
          "Pulling image: python:18",
          "Step 17/18: Running migrations",
          "pip: Installing build dependencies...",
          "Snapshots: 22 passed, 7 total",
          "=== Step type_check completed ==="
        ]
      },
      {
        "name": "restore_cache",
        "status": "success",
        "started_at": "2025-12-15T12:54:03.795740",
        "finished_at": "2025-12-15T12:54:10.128843",
        "log_lines": [
          "=== Step: restore_cache ===",
          "Installing react@5.1.8",
          "[12:51:46] INFO: Request completed",
          "[12:51:46] DEBUG: Query executed in 28ms",
          "Compiling lib/index.js...",
          "Pushing to registry...",
          "Completed.",
          "Time: 98.783s",
          "[12:51:46] INFO: Cache refreshed",
          "Minifying vendor.js",
          "pip install: Successfully installed express-5.16",
          "GET /api - 204 (64ms)",
          "Generating source maps...",
          "Transforming 382 files...",
          "WARNING: eslint has known vulnerabilities",
          "Step 1/19: Deploying",
          "Building Docker image...",
          "  PASS: test_api_health (168ms)",
          "pip: Downloading jest-1.12.tar.gz",
          "\u2713 Task completed in 4092ms",
          "GET /health - 201 (15ms)",
          "npm notice: package.json updated",
          "pip: Installing build dependencies...",
          "[12:51:46] INFO: Request completed",
          "[12:51:46] INFO: Request completed",
          "yarn add: Done in 16.26s",
          "[12:51:46] WARN: Deprecated API usage",
          "yarn add: Done in 9.13s",
          "NODE_ENV=development",
          "Connection established",
          "[12:51:46] DEBUG: Initializing service",
          "Tests: 386 passed, 417 total",
          "Step 2/19: Installing dependencies",
          "Snapshots: 7 passed, 43 total",
          "Snapshots: 13 passed, 25 total",
          "Platform: win32-x64",
          "Transforming 561 files...",
          "Already up to date.",
          "Snapshots: 6 passed, 6 total",
          "[12:51:46] INFO: Request completed",
          "[12:51:46] WARN: Deprecated API usage",
          "Artifact uploaded: dist.zip (45MB)",
          "Step 7/18: Deploying",
          "Processing...",
          "[12:51:46] INFO: Cache refreshed",
          "Optimizing 61 modules...",
          "Coverage: 76% statements, 100% branches",
          "Waiting...",
          "[12:51:46] DEBUG: Memory usage: 1784MB",
          "Completed.",
          "\u2713 All checks passed",
          "\u2717 build failed with exit code 35",
          "Compiling components/handler.rs...",
          "[12:51:46] DEBUG: Query executed in 35ms",
          "Platform: win32-x64",
          "  PASS: integration/test_user_create.spec.js",
          "Building Docker image...",
          "Compiling lib/main.py...",
          "Step 8/18: Deploying",
          "[12:51:46] DEBUG: Connection pool: 19 active",
          "Cache saved successfully",
          "Building Docker image...",
          "Fetching submodules...",
          "Using Python 3.9",
          "[12:51:46] DEBUG: Memory usage: 1386MB",
          "HEAD is now at 8ca0711",
          "Checking out master branch",
          "HEAD is now at 47585ea",
          "Using Python 3.9",
          "Using Node.js 18.19.9",
          "Step 20/17: Installing dependencies",
          "OK",
          "Step 7/16: Testing",
          "[12:51:46] INFO: Request completed",
          "Step 1/20: Building",
          "[12:51:46] INFO: Connecting to database",
          "Tests: 397 passed, 338 total",
          "[12:51:46] WARN: Deprecated API usage",
          "Step 20/23: Running migrations",
          "npm install: added 478 packages",
          "  PASS: test_db_connect (313ms)",
          "Optimizing 55 modules...",
          "Pushing to registry...",
          "\u2713 package completed",
          "\u26a0 DEPRECATION: Feature will be removed in v4.0",
          "Bundling styles.css",
          "Snapshots: 10 passed, 27 total",
          "Using Python 3.12",
          "Layer 3/12: ENV command",
          "Installing jest@3.11.2",
          "yarn add: Done in 10.84s",
          "Artifact downloaded: 14MB",
          "Bundling vendor.js",
          "Building Docker image...",
          "Optimizing 20 modules...",
          "Using Python 3.9",
          "npm install: resolved 448 packages",
          "Switched to branch 'hotfix/task-280'",
          "[12:51:46] DEBUG: Memory usage: 1185MB",
          "Installing webpack@1.16.0",
          "Finished.",
          "Fetching submodules...",
          "\u26a0 DEPRECATION: Feature will be removed in v4.0",
          "Artifact uploaded: build.tar.gz (30MB)",
          "Pushing to registry...",
          "[12:51:46] WARN: Deprecated API usage",
          "Artifact downloaded: 29MB",
          "Artifact uploaded: build.tar.gz (38MB)",
          "pip install: Successfully installed axios-5.14",
          "Compiling lib/app.ts...",
          "Verifying...",
          "Pushing to registry...",
          "  PASS: test_db_connect (72ms)",
          "\u2717 build failed with exit code 120",
          "[12:51:46] INFO: Request completed",
          "Building Docker image...",
          "[12:51:46] DEBUG: Memory usage: 1481MB",
          "\u2717 build failed with exit code 18",
          "[12:51:46] DEBUG: Loading configuration",
          "Layer 4/15: RUN command",
          "[12:51:46] INFO: Starting build process",
          "Cache saved successfully",
          "[12:51:46] DEBUG: Initializing service",
          "\u26a0 DEPRECATION: Feature will be removed in v5.0",
          "Compiling components/handler.rs...",
          "Creating production build...",
          "Pushing to registry...",
          "\u26a0 DEPRECATION: Feature will be removed in v4.0",
          "Fetching submodules...",
          "Cache invalidated: build",
          "Uploading artifact 'build' (27 files)",
          "Fetching submodules...",
          "[12:51:46] DEBUG: Loading configuration",
          "Fetching from https://githubusercontent.com/package.json",
          "Fetching submodules...",
          "Cache restored successfully (304MB)",
          "NODE_ENV=production",
          "Time: 24.801s",
          "npm install: resolved 990 packages",
          "Loading...",
          "\u2717 build failed with exit code 25",
          "[12:51:46] INFO: Processing request",
          "Snapshots: 14 passed, 18 total",
          "Ready.",
          "Fetching from https://githubusercontent.com/package.json",
          "Verifying...",
          "FAILED: test_auth_login",
          "Installing lodash@1.5.7",
          "npm install: resolved 658 packages",
          "Minifying app.js",
          "NODE_ENV=development",
          "Snapshots: 41 passed, 13 total",
          "Cache miss for key-3013",
          "[12:51:46] DEBUG: Connection pool: 12 active",
          "Installing express@4.14.3",
          "Platform: darwin-arm64",
          "npm notice: created a lockfile",
          "\u26a0 DEPRECATION: Feature will be removed in v4.0",
          "WARNING: react has known vulnerabilities",
          "[12:51:46] DEBUG: Memory usage: 1254MB",
          "  PASS: test_user_create (113ms)",
          "Step 15/15: Deploying",
          "Layer 9/8: COPY command",
          "[12:51:46] INFO: Cache refreshed",
          "HEAD is now at a547b3e",
          "Fetching from https://docker.io/package.json",
          "Already up to date.",
          "Waiting...",
          "=== Step restore_cache completed ==="
        ]
      },
      {
        "name": "integration_tests",
        "status": "success",
        "started_at": "2025-12-15T12:54:10.128843",
        "finished_at": "2025-12-15T12:54:31.239186",
        "log_lines": [
          "=== Step: integration_tests ===",
          "Creating production build...",
          "Fetching submodules...",
          "Processing...",
          "Done.",
          "Test Suites: 31 passed, 24 total",
          "\u26a0 DEPRECATION: Feature will be removed in v3.0",
          "\u2713 Step 'test' succeeded",
          "Transforming 273 files...",
          "Step 8/15: Running migrations",
          "\u26a0 DEPRECATION: Feature will be removed in v2.0",
          "  PASS: unit/test_auth_login.spec.js",
          "Step 5/23: Testing",
          "Coverage: 98% statements, 68% branches",
          "Snapshots: 1 passed, 2 total",
          "Optimizing 43 modules...",
          "Tests: 423 passed, 370 total",
          "Using Node.js 20.16.1",
          "\u2717 build failed with exit code 125",
          "\u2713 All checks passed",
          "  PASS: unit/test_cache_hit.spec.js",
          "[12:51:46] INFO: Starting build process",
          "pip: Installing build dependencies...",
          "\u26a0 DEPRECATION: Feature will be removed in v3.0",
          "[12:51:46] INFO: Request completed",
          "Artifact downloaded: 48MB",
          "Generating source maps...",
          "Ready.",
          "npm install: resolved 993 packages",
          "Generating source maps...",
          "FAILED: test_api_health",
          "Environment: production",
          "  PASS: e2e/test_db_connect.spec.js",
          "WARNING: webpack has known vulnerabilities",
          "npm install: resolved 1641 packages",
          "Step 8/15: Deploying",
          "FAILED: test_db_connect",
          "Step 7/25: Deploying",
          "Step 12/15: Testing",
          "Compiling lib/app.ts...",
          "Completed.",
          "Tests: 172 passed, 296 total",
          "npm install: added 163 packages",
          "Image pulled successfully",
          "[12:51:46] WARN: Deprecated API usage",
          "HEAD is now at 72d8bcf",
          "Success!",
          "Artifact downloaded: 34MB",
          "HEAD is now at fa49eeb",
          "Fetching from https://github.com/package.json",
          "\u2713 Step 'checkout' succeeded",
          "Generating source maps...",
          "HEAD is now at a3b628f",
          "Completed.",
          "Compiling components/utils.go...",
          "WARNING: react has known vulnerabilities",
          "\u2713 All checks passed",
          "[12:51:46] INFO: Cache refreshed",
          "Already up to date.",
          "Cache invalidated: build",
          "Tests: 132 passed, 51 total",
          "Compiling lib/app.ts...",
          "\u2713 Task completed in 326ms",
          "Step 3/24: Linting",
          "\u26a0 DEPRECATION: Feature will be removed in v3.0",
          "[12:51:46] DEBUG: Connection pool: 13 active",
          "Building Docker image...",
          "\u2717 build failed with exit code 76",
          "Cache miss for key-2050",
          "npm notice: created a lockfile",
          "Pushing to registry...",
          "Step 9/22: Installing dependencies",
          "Cache miss for key-8455",
          "Cache hit for key-5122",
          "Cache miss for key-7135",
          "Processing...",
          "Cache miss for key-1343",
          "Switched to branch 'feature/task-769'",
          "npm notice: created a lockfile",
          "Bundling vendor.css",
          "Switched to branch 'hotfix/task-432'",
          "npm install: resolved 1244 packages",
          "Transforming 683 files...",
          "[12:51:46] INFO: Cache refreshed",
          "[12:51:46] DEBUG: Connection pool: 3 active",
          "Verifying...",
          "\u2713 validate completed",
          "Step 20/24: Building",
          "Fetching submodules...",
          "Artifact downloaded: 26MB",
          "Step 14/15: Deploying",
          "Platform: darwin-arm64",
          "Step 3/23: Installing dependencies",
          "[12:51:46] INFO: Cache refreshed",
          "Processing...",
          "Done.",
          "Coverage: 83% statements, 94% branches",
          "Fetching submodules...",
          "Success!",
          "Test Suites: 39 passed, 44 total",
          "Using Python 3.11",
          "Ran 34 tests in 30s",
          "Loading...",
          "Using Node.js 16.19.10",
          "OK",
          "Optimizing 40 modules...",
          "Step 3/19: Deploying",
          "  PASS: e2e/test_user_create.spec.js",
          "Building Docker image...",
          "Environment: development",
          "HEAD is now at 5d81b73",
          "npm install: added 493 packages",
          "Layer 3/14: COPY command",
          "Already up to date.",
          "Test Suites: 34 passed, 32 total",
          "Building Docker image...",
          "Done.",
          "npm notice: created a lockfile",
          "Step 19/22: Installing dependencies",
          "pip: Downloading express-4.10.tar.gz",
          "FAILED: test_user_create",
          "TLS handshake completed",
          "\u26a0 DEPRECATION: Feature will be removed in v2.0",
          "Compiling components/service.java...",
          "Step 6/16: Linting",
          "Cache miss for key-5235",
          "Compiling lib/index.js...",
          "yarn add: Done in 16.71s",
          "[12:51:46] DEBUG: Connection pool: 3 active",
          "[12:51:46] INFO: Request completed",
          "Bundling vendor.js",
          "NODE_ENV=production",
          "Exception: TypeError",
          "Ran 114 tests in 1s",
          "Artifact downloaded: 1MB",
          "Verifying...",
          "OK",
          "\u2713 Step 'test' succeeded",
          "POST /data - 201 (447ms)",
          "\u2713 lint completed",
          "Connection established",
          "\u26a0 DEPRECATION: Feature will be removed in v4.0",
          "Cache hit for key-1235",
          "Coverage: 89% statements, 91% branches",
          "HEAD is now at 17434ae",
          "Cache restored successfully (464MB)",
          "Processing...",
          "Step 12/25: Linting",
          "Cache miss for key-2848",
          "Compiling lib/handler.rs...",
          "OK",
          "FAILED: test_auth_login",
          "\u26a0 DEPRECATION: Feature will be removed in v4.0",
          "Transforming 500 files...",
          "Success!",
          "\u26a0 DEPRECATION: Feature will be removed in v4.0",
          "Optimizing 22 modules...",
          "[12:51:46] WARN: Deprecated API usage",
          "Platform: linux-x64",
          "Step 15/20: Deploying",
          "Ready.",
          "Finished.",
          "[12:51:46] DEBUG: Loading configuration",
          "Connection established",
          "[12:51:46] WARN: Deprecated API usage",
          "Ready.",
          "[12:51:46] INFO: Processing request",
          "Generating source maps...",
          "=== Step integration_tests completed ==="
        ]
      },
      {
        "name": "deploy_production",
        "status": "success",
        "started_at": "2025-12-15T12:54:31.239186",
        "finished_at": "2025-12-15T12:54:35.461255",
        "log_lines": [
          "=== Step: deploy_production ===",
          "Environment: test",
          "[12:51:46] INFO: Starting build process",
          "Step 1/21: Deploying",
          "Pushing to registry...",
          "Compiling utils/handler.rs...",
          "\u2713 All checks passed",
          "FAILED: test_cache_hit",
          "Compiling src/service.java...",
          "Artifact uploaded: build.tar.gz (22MB)",
          "Fetching from https://npmjs.org/package.json",
          "npm install: resolved 247 packages",
          "[12:51:46] DEBUG: Query executed in 42ms",
          "Step 12/21: Deploying",
          "[12:51:46] INFO: Processing request",
          "WARNING: webpack has known vulnerabilities",
          "[12:51:46] WARN: Deprecated API usage",
          "Cache invalidated: dependencies",
          "Test Suites: 47 passed, 7 total",
          "Compiling src/main.py...",
          "  PASS: integration/test_db_connect.spec.js",
          "Coverage: 95% statements, 75% branches",
          "[12:51:46] DEBUG: Initializing service",
          "Verifying...",
          "Step 6/23: Deploying",
          "Optimizing 31 modules...",
          "Compiling components/service.java...",
          "Compiling utils/index.js...",
          "Connection established",
          "Optimizing 79 modules...",
          "Success!",
          "[12:51:46] DEBUG: Loading configuration",
          "[12:51:46] DEBUG: Loading configuration",
          "NODE_ENV=production",
          "Artifact downloaded: 36MB",
          "Creating production build...",
          "Cache invalidated: dependencies",
          "[12:51:46] DEBUG: Memory usage: 1446MB",
          "Image pulled successfully",
          "\u2717 build failed with exit code 39",
          "Using Python 3.10",
          "[12:51:46] ERROR: Connection failed",
          "yarn add: Done in 29.71s",
          "Connection established",
          "Artifact uploaded: dist.zip (58MB)",
          "HEAD is now at 800c41d",
          "Image pulled successfully",
          "\u2717 build failed with exit code 36",
          "pip install: Successfully installed react-3.5",
          "Compiling lib/service.java...",
          "Compiling lib/main.py...",
          "Test Suites: 49 passed, 26 total",
          "npm notice: package.json updated",
          "Step 12/19: Linting",
          "WARNING: lodash has known vulnerabilities",
          "Platform: linux-x64",
          "Artifact uploaded: dist.zip (92MB)",
          "NODE_ENV=production",
          "OK",
          "Time: 93.361s",
          "Fetching from https://githubusercontent.com/package.json",
          "Platform: darwin-arm64",
          "TLS handshake completed",
          "Test Suites: 46 passed, 23 total",
          "\u2713 Step 'checkout' succeeded",
          "Environment: development",
          "GET /api - 201 (23ms)",
          "Compiling utils/utils.go...",
          "Bundling vendor.css",
          "Pulling image: python:latest",
          "Success!",
          "TLS handshake completed",
          "[12:51:46] DEBUG: Connection pool: 10 active",
          "Cache hit for key-1016",
          "Ran 90 tests in 19s",
          "Compiling lib/main.py...",
          "OK",
          "Artifact downloaded: 50MB",
          "Cache invalidated: node_modules",
          "Generating source maps...",
          "Using Python 3.11",
          "FAILED: test_cache_hit",
          "Creating production build...",
          "npm install: added 130 packages",
          "Bundling main.css",
          "Pulling image: node:18",
          "Waiting...",
          "Compiling lib/utils.go...",
          "\u26a0 DEPRECATION: Feature will be removed in v2.0",
          "TLS handshake completed",
          "Step 4/17: Testing",
          "Checking out main branch",
          "Platform: win32-x64",
          "Cache miss for key-2132",
          "Cache restored successfully (224MB)",
          "Artifact uploaded: dist.zip (63MB)",
          "  PASS: test_user_create (173ms)",
          "WARNING: react has known vulnerabilities",
          "Creating production build...",
          "Checking out main branch",
          "Cache restored successfully (475MB)",
          "[12:51:46] INFO: Request completed",
          "Step 8/21: Installing dependencies",
          "Compiling src/handler.rs...",
          "Bundling vendor.css",
          "WARNING: lodash has known vulnerabilities",
          "  PASS: test_user_create (4ms)",
          "[12:51:46] INFO: Cache refreshed",
          "Creating production build...",
          "Cache restored successfully (419MB)",
          "Done.",
          "[12:51:46] DEBUG: Query executed in 59ms",
          "\u2713 validate completed",
          "Uploading artifact 'dist' (13 files)",
          "npm install: resolved 1964 packages",
          "\u2713 Step 'build' succeeded",
          "Checking out develop branch",
          "[12:51:46] INFO: Request completed",
          "Using Python 3.9",
          "Step 4/25: Deploying",
          "[12:51:46] INFO: Connecting to database",
          "Test Suites: 49 passed, 44 total",
          "Step 5/18: Testing",
          "\u2717 build failed with exit code 75",
          "Using Node.js 20.19.4",
          "OK",
          "Cache hit for key-1966",
          "Pulling image: node:18",
          "Time: 49.561s",
          "Step 16/18: Running migrations",
          "Step 10/25: Testing",
          "pip: Installing build dependencies...",
          "npm install: resolved 1867 packages",
          "\u2713 Step 'test' succeeded",
          "Artifact uploaded: build.tar.gz (10MB)",
          "[12:51:46] WARN: Deprecated API usage",
          "Minifying app.js",
          "[12:51:46] DEBUG: Query executed in 27ms",
          "Transforming 493 files...",
          "Cache miss for key-7847",
          "yarn add: Done in 22.52s",
          "TLS handshake completed",
          "[12:51:46] INFO: Connecting to database",
          "npm install: added 36 packages",
          "[12:51:46] INFO: Starting build process",
          "Cache restored successfully (280MB)",
          "Test Suites: 21 passed, 33 total",
          "GET /status - 204 (7ms)",
          "POST /api - 200 (377ms)",
          "\u2713 Step 'test' succeeded",
          "Artifact uploaded: dist.zip (39MB)",
          "OK",
          "Checking out master branch",
          "Verifying...",
          "Finished.",
          "Ran 92 tests in 28s",
          "Cache restored successfully (213MB)",
          "\u26a0 DEPRECATION: Feature will be removed in v2.0",
          "Compiling components/main.py...",
          "Step 4/22: Building",
          "Artifact downloaded: 35MB",
          "HEAD is now at 3bdf58c",
          "Done.",
          "Checking out master branch",
          "Step 17/25: Deploying",
          "Artifact downloaded: 6MB",
          "Compiling src/utils.go...",
          "[12:51:46] DEBUG: Initializing service",
          "=== Step deploy_production completed ==="
        ]
      }
    ],
    "label": "normal"
  }
}