{
  "action": "completed",
  "workflow_run": {
    "id": 31,
    "name": "CI Pipeline",
    "head_branch": "develop",
    "head_sha": "29d82ba58469a65779613ff4b76410684fd34700",
    "status": "completed",
    "conclusion": "success",
    "run_started_at": "2025-12-01T12:50:25.034669Z",
    "updated_at": "2025-12-01T12:52:56.284215Z"
  },
  "repository": {
    "full_name": "acme-corp/api-service",
    "name": "api-service"
  },
  "sender": {
    "login": "bob"
  },
  "_safeops_extended": {
    "raw_logs": "=== Step: save_cache ===\nBuilding Docker image...\nImage pulled successfully\nnpm install: resolved 1122 packages\nnpm notice: created a lockfile\nReady.\nHEAD is now at 3facd15\nVerifying...\nSnapshots: 10 passed, 33 total\n[12:50:25] DEBUG: Loading configuration\n  PASS: e2e/test_db_connect.spec.js\nTests: 317 passed, 99 total\nTransforming 398 files...\nyarn add: Done in 12.20s\nTests: 393 passed, 374 total\nCompiling utils/app.ts...\nConnection established\n[12:50:25] DEBUG: Loading configuration\n[12:50:25] DEBUG: Loading configuration\nyarn add: Done in 24.22s\nWaiting...\nnpm install: resolved 1846 packages\nLoading...\n[12:50:25] INFO: Processing request\nnpm notice: created a lockfile\nArtifact uploaded: dist.zip (9MB)\nUsing Python 3.10\nFetching from https://gcr.io/package.json\nConnection established\nChecking out develop branch\nFAILED: test_cache_hit\nArtifact uploaded: build.tar.gz (29MB)\nStep 13/25: Building\n[12:50:25] DEBUG: Initializing service\nCache saved successfully\nProcessing...\nStep 3/20: Linting\nReady.\nUsing Node.js 18.1.0\nOK\nRan 162 tests in 53s\n  PASS: test_cache_hit (197ms)\nLoading...\nLoading...\nWARNING: webpack has known vulnerabilities\nStep 15/24: Testing\nLayer 2/13: ENV command\nCache miss for key-2144\n[12:50:25] WARN: Deprecated API usage\nPlatform: linux-x64\nOptimizing 85 modules...\nStep 16/25: Testing\nArtifact uploaded: build.tar.gz (24MB)\n[12:50:25] WARN: Deprecated API usage\nCache saved successfully\n[12:50:25] INFO: Starting build process\nStep 15/21: Building\nNODE_ENV=production\npip: Downloading lodash-4.7.tar.gz\nProcessing...\n[12:50:25] DEBUG: Loading configuration\nTests: 185 passed, 341 total\nyarn add: Done in 8.32s\nStep 7/25: Running migrations\n[12:50:25] INFO: Starting build process\nFetching from https://githubusercontent.com/package.json\nFinished.\nCreating production build...\nCreating production build...\n[12:50:25] WARN: Deprecated API usage\nCompiling src/service.java...\n[12:50:25] WARN: Deprecated API usage\nLoading...\npip: Downloading jest-4.13.tar.gz\nLayer 6/14: ENV command\n[12:50:25] DEBUG: Loading configuration\nCompiling lib/app.ts...\nStep 10/18: Linting\n[12:50:25] INFO: Cache refreshed\nFetching from https://github.com/package.json\nHEAD is now at 1d92bfd\nLoading...\npip: Collecting express\nCompiling src/utils.go...\nTLS handshake completed\nnpm notice: package.json updated\n\u2713 Task completed in 2209ms\nTest Suites: 47 passed, 36 total\nTime: 70.40s\nCache saved successfully\nFetching from https://docker.io/package.json\npip: Installing build dependencies...\nRan 183 tests in 20s\nEnvironment: production\nUploading artifact 'build' (23 files)\n[12:50:25] DEBUG: Query executed in 83ms\nProcessing...\nCompiling utils/index.js...\nArtifact downloaded: 6MB\nChecking out develop branch\nPlatform: win32-x64\nNODE_ENV=production\n\u2713 Task completed in 1108ms\nBuilding Docker image...\nEnvironment: production\nPlatform: win32-x64\nArtifact uploaded: build.tar.gz (29MB)\nSuccess!\n[12:50:25] INFO: Connecting to database\n  PASS: integration/test_cache_hit.spec.js\nBundling runtime.js\nRan 165 tests in 47s\n\u2717 build failed with exit code 46\npip: Downloading jest-4.6.tar.gz\nnpm install: resolved 1053 packages\n[12:50:25] DEBUG: Connection pool: 6 active\nCoverage: 95% statements, 98% branches\n\u26a0 DEPRECATION: Feature will be removed in v2.0\nCache saved successfully\n=== Step save_cache completed ===\n=== Step: install_dependencies ===\nStep 2/17: Installing dependencies\nAlready up to date.\nOK\nTest Suites: 49 passed, 50 total\nSwitched to branch 'hotfix/task-856'\npip: Downloading axios-2.9.tar.gz\nAlready up to date.\n[12:50:25] DEBUG: Memory usage: 703MB\nSwitched to branch 'hotfix/task-633'\nnpm notice: package.json updated\n\u2713 Step 'setup' succeeded\nHEAD is now at eadb02d\n\u2713 Task completed in 1592ms\n[12:50:25] DEBUG: Query executed in 32ms\nStep 8/25: Deploying\nArtifact uploaded: build.tar.gz (12MB)\nStep 7/17: Running migrations\n[12:50:25] WARN: Deprecated API usage\nPulling image: node:3.11\npip: Collecting prettier\nStep 5/24: Linting\nTime: 75.523s\n\u2717 build failed with exit code 84\nCoverage: 82% statements, 65% branches\nStep 3/20: Testing\n\u2713 Step 'build' succeeded\nStep 18/21: Installing dependencies\nPOST /upload - 200 (423ms)\nFinished.\nDone.\nReady.\nPulling image: alpine:3.11\nnpm notice: package.json updated\nyarn add: Done in 21.13s\n\u2713 deploy completed\nGenerating source maps...\nWARNING: webpack has known vulnerabilities\nOptimizing 96 modules...\n\u2713 Task completed in 1503ms\npip install: Successfully installed react-4.2\nStep 14/21: Installing dependencies\nSnapshots: 27 passed, 44 total\nReady.\nWARNING: eslint has known vulnerabilities\nStep 18/25: Linting\nSwitched to branch 'bugfix/task-477'\nCache invalidated: dependencies\nException: RuntimeError\nStep 9/15: Linting\n[12:50:25] DEBUG: Loading configuration\nReady.\nFinished.\nMinifying main.js\npip install: Successfully installed express-3.1\npip install: Successfully installed axios-1.15\nSnapshots: 16 passed, 46 total\nReady.\nCreating production build...\nCompleted.\nUploading artifact 'build' (21 files)\nArtifact downloaded: 10MB\n\u2717 build failed with exit code 22\nPushing to registry...\n[12:50:25] INFO: Starting build process\nNODE_ENV=test\nCompiling src/service.java...\n[12:50:25] INFO: Connecting to database\nTime: 6.862s\nCompiling src/app.ts...\nnpm install: added 60 packages\nArtifact uploaded: build.tar.gz (26MB)\n[12:50:25] INFO: Request completed\n\u26a0 DEPRECATION: Feature will be removed in v3.0\n[12:50:25] DEBUG: Memory usage: 150MB\nTLS handshake completed\nPOST /upload - 202 (461ms)\nVerifying...\nTest Suites: 49 passed, 26 total\nStep 7/18: Testing\n[12:50:25] DEBUG: Query executed in 21ms\nStep 17/17: Testing\nArtifact downloaded: 31MB\nReady.\n  PASS: e2e/test_user_create.spec.js\n[12:50:25] WARN: Deprecated API usage\nCache miss for key-7505\nPOST /data - 202 (43ms)\n[12:50:25] DEBUG: Query executed in 66ms\nUsing Python 3.10\nnpm notice: created a lockfile\nEnvironment: staging\nGET /api - 201 (81ms)\n[12:50:25] INFO: Cache refreshed\n[12:50:25] DEBUG: Initializing service\nStep 2/16: Linting\nSnapshots: 6 passed, 42 total\n[12:50:25] WARN: Deprecated API usage\n[12:50:25] DEBUG: Initializing service\nStep 17/24: Running migrations\nFetching submodules...\nInstalling webpack@2.19.3\npip: Collecting axios\nUsing Python 3.10\nFinished.\n[12:50:25] DEBUG: Memory usage: 1892MB\nException: ValueError\n[12:50:25] DEBUG: Initializing service\nSuccess!\nnpm install: resolved 330 packages\nSuccess!\nChecking out main branch\nBundling styles.js\npip: Downloading express-5.4.tar.gz\nPOST /upload - 202 (442ms)\nStep 10/16: Testing\nLayer 1/14: COPY command\n[12:50:25] INFO: Starting build process\nTime: 23.457s\n=== Step install_dependencies completed ===\n=== Step: restore_cache ===\nFetching from https://pypi.org/package.json\nTransforming 595 files...\nnpm install: resolved 1519 packages\nReady.\nSwitched to branch 'bugfix/task-311'\npip: Installing build dependencies...\nStep 11/17: Building\nTest Suites: 38 passed, 34 total\nEnvironment: test\nCache miss for key-7827\nChecking out master branch\nFetching submodules...\nFetching submodules...\npip: Downloading jest-1.2.tar.gz\nVerifying...\nProcessing...\nFAILED: test_db_connect\nPushing to registry...\nSwitched to branch 'hotfix/task-130'\nPushing to registry...\nCache miss for key-7466\nUsing Node.js 18.7.8\n[12:50:25] WARN: Deprecated API usage\nCreating production build...\nAlready up to date.\nArtifact uploaded: dist.zip (60MB)\nStep 20/25: Deploying\n[12:50:25] INFO: Starting build process\nStep 5/19: Building\nWARNING: axios has known vulnerabilities\nWARNING: prettier has known vulnerabilities\nException: NullPointerException\nTest Suites: 17 passed, 28 total\n[12:50:25] INFO: Processing request\nArtifact uploaded: dist.zip (16MB)\nWaiting...\nConnection established\nCache miss for key-7487\nOptimizing 20 modules...\nException: NullPointerException\n[12:50:25] DEBUG: Initializing service\nCompiling lib/utils.go...\nLoading...\nBuilding Docker image...\nStep 4/25: Building\nStep 14/17: Testing\n[12:50:25] DEBUG: Query executed in 68ms\nCreating production build...\nArtifact uploaded: dist.zip (2MB)\nCoverage: 85% statements, 81% branches\nTest Suites: 31 passed, 32 total\nOptimizing 54 modules...\nRan 46 tests in 29s\nPOST /data - 202 (164ms)\nTLS handshake completed\nConnection established\nPulling image: alpine:18\n[12:50:25] DEBUG: Loading configuration\n\u26a0 DEPRECATION: Feature will be removed in v3.0\n  PASS: test_cache_hit (73ms)\nStep 13/19: Building\nLoading...\npip: Downloading lodash-5.11.tar.gz\n  PASS: unit/test_cache_hit.spec.js\n[12:50:25] INFO: Request completed\nWaiting...\nCoverage: 89% statements, 76% branches\nBuilding Docker image...\nnpm notice: created a lockfile\n\u2713 Step 'test' succeeded\npip: Downloading webpack-5.12.tar.gz\nAlready up to date.\nStep 11/19: Testing\nReady.\nGenerating source maps...\nGET /api - 200 (16ms)\nInstalling express@2.20.0\nPlatform: darwin-arm64\nDone.\n\u2713 All checks passed\nStep 5/16: Installing dependencies\nArtifact uploaded: build.tar.gz (39MB)\nOptimizing 78 modules...\nConnection established\nCompiling components/service.java...\n[12:50:25] INFO: Starting build process\n[12:50:25] WARN: Deprecated API usage\n[12:50:25] DEBUG: Connection pool: 9 active\npip: Installing build dependencies...\nOptimizing 99 modules...\n[12:50:25] DEBUG: Initializing service\nCompleted.\nProcessing...\nWARNING: axios has known vulnerabilities\nException: TypeError\n[12:50:25] INFO: Processing request\nArtifact downloaded: 24MB\nConnection established\nFetching from https://docker.io/package.json\nSwitched to branch 'bugfix/task-509'\nTests: 165 passed, 428 total\nArtifact downloaded: 18MB\nMinifying vendor.js\nyarn add: Done in 24.49s\n[12:50:25] INFO: Cache refreshed\n[12:50:25] DEBUG: Memory usage: 1694MB\nProcessing...\nCache hit for key-2335\nStep 19/25: Linting\nStep 11/25: Linting\nFetching submodules...\n[12:50:25] INFO: Cache refreshed\nBundling runtime.css\nReady.\nStep 10/18: Running migrations\n[12:50:25] INFO: Request completed\nOK\nSwitched to branch 'bugfix/task-842'\n=== Step restore_cache completed ===\n=== Step: unit_tests ===\nnpm notice: package.json updated\nCoverage: 93% statements, 60% branches\nProcessing...\nTests: 430 passed, 248 total\n[12:50:25] DEBUG: Connection pool: 19 active\nInstalling express@1.19.3\nCompiling lib/service.java...\nProcessing...\n\u2713 validate completed\nException: NullPointerException\nStep 13/15: Linting\n[12:50:25] INFO: Processing request\nRan 13 tests in 59s\nSwitched to branch 'hotfix/task-934'\nBundling styles.css\nTLS handshake completed\n[12:50:25] DEBUG: Memory usage: 1708MB\nTime: 58.623s\nCompiling lib/index.js...\nArtifact downloaded: 43MB\nFAILED: test_db_connect\nCache miss for key-9506\nStep 2/16: Testing\nCache miss for key-3038\nSnapshots: 11 passed, 41 total\nGET /api - 201 (71ms)\nCache miss for key-1058\nCache restored successfully (480MB)\nCache invalidated: build\nTests: 65 passed, 438 total\nCoverage: 81% statements, 63% branches\nReady.\n[12:50:25] DEBUG: Connection pool: 12 active\nProcessing...\nTLS handshake completed\nStep 8/15: Running migrations\nWARNING: eslint has known vulnerabilities\n\u2713 Step 'build' succeeded\nUploading artifact 'dist' (28 files)\nChecking out develop branch\nCache restored successfully (209MB)\n\u2713 Step 'checkout' succeeded\nBundling vendor.js\nOK\nSwitched to branch 'bugfix/task-738'\nUsing Python 3.9\n[12:50:25] DEBUG: Initializing service\nSwitched to branch 'feature/task-712'\nStep 18/17: Testing\nCoverage: 72% statements, 79% branches\nBuilding Docker image...\nCompiling lib/main.py...\nUploading artifact 'dist' (19 files)\nBundling styles.js\nNODE_ENV=test\npip: Downloading webpack-4.4.tar.gz\nLayer 8/15: RUN command\nCache restored successfully (85MB)\npip: Installing build dependencies...\n[12:50:25] INFO: Cache refreshed\nImage pulled successfully\npip: Installing build dependencies...\nTests: 280 passed, 159 total\n\u2717 build failed with exit code 54\nnpm install: added 338 packages\nStep 1/23: Testing\nArtifact downloaded: 49MB\nWARNING: webpack has known vulnerabilities\nCache restored successfully (160MB)\nStep 19/15: Linting\nCreating production build...\nPushing to registry...\n\u2713 Step 'test' succeeded\npip: Collecting lodash\n[12:50:25] INFO: Request completed\npip: Installing build dependencies...\nPulling image: alpine:latest\nEnvironment: staging\npip install: Successfully installed react-3.3\npip: Collecting react\nStep 7/24: Deploying\n[12:50:25] ERROR: Connection failed\nCoverage: 100% statements, 89% branches\n[12:50:25] INFO: Connecting to database\nOK\nMinifying main.js\n[12:50:25] INFO: Cache refreshed\n[12:50:25] DEBUG: Memory usage: 146MB\nConnection established\n  PASS: e2e/test_api_health.spec.js\npip: Collecting lodash\nNODE_ENV=development\n\u2717 build failed with exit code 24\nAlready up to date.\nUsing Node.js 18.14.8\nCompiling utils/utils.go...\npip: Downloading axios-5.6.tar.gz\n\u2713 All checks passed\n  PASS: test_api_health (380ms)\nSnapshots: 11 passed, 7 total\nFetching from https://googleapis.com/package.json\npip install: Successfully installed react-1.3\nCompiling utils/handler.rs...\nPOST /data - 202 (110ms)\nGenerating source maps...\nStep 18/21: Deploying\nProcessing...\nDone.\n[12:50:25] INFO: Connecting to database\nArtifact uploaded: dist.zip (65MB)\nOptimizing 46 modules...\nArtifact uploaded: dist.zip (10MB)\nSnapshots: 19 passed, 47 total\nCache saved successfully\nCache hit for key-1075\n\u26a0 DEPRECATION: Feature will be removed in v4.0\nArtifact downloaded: 6MB\nWARNING: eslint has known vulnerabilities\n=== Step unit_tests completed ===\n=== Step: deploy_production ===\n[12:50:25] DEBUG: Initializing service\n[12:50:25] WARN: Deprecated API usage\nFetching from https://amazonaws.com/package.json\nEnvironment: production\nCache saved successfully\nCompiling src/service.java...\nMinifying main.js\n\u26a0 DEPRECATION: Feature will be removed in v5.0\nPulling image: python:18\nCache saved successfully\nArtifact uploaded: build.tar.gz (16MB)\nStep 7/20: Testing\nStep 9/23: Installing dependencies\nChecking out master branch\nProcessing...\nVerifying...\nUsing Python 3.10\n[12:50:25] WARN: Deprecated API usage\nCoverage: 70% statements, 79% branches\nBundling runtime.js\nUsing Python 3.12\n[12:50:25] DEBUG: Connection pool: 12 active\n\u2717 build failed with exit code 125\n[12:50:25] INFO: Starting build process\nyarn add: Done in 26.54s\n\u26a0 DEPRECATION: Feature will be removed in v2.0\n[12:50:25] INFO: Processing request\nnpm install: resolved 1227 packages\nNODE_ENV=production\n[12:50:25] ERROR: Connection failed\nCache restored successfully (14MB)\nCreating production build...\nFAILED: test_user_create\npip: Installing build dependencies...\n\u26a0 DEPRECATION: Feature will be removed in v5.0\nWaiting...\nCache miss for key-9067\n[12:50:25] DEBUG: Query executed in 20ms\nArtifact uploaded: dist.zip (70MB)\nPlatform: win32-x64\nnpm notice: package.json updated\nBuilding Docker image...\n[12:50:25] INFO: Cache refreshed\n[12:50:25] INFO: Request completed\n  PASS: test_auth_login (228ms)\nCoverage: 96% statements, 87% branches\npip: Collecting express\nChecking out develop branch\nTransforming 317 files...\nLayer 5/12: ENV command\nChecking out main branch\n[12:50:25] ERROR: Connection failed\nCache saved successfully\n[12:50:25] INFO: Request completed\nNODE_ENV=production\nnpm install: added 136 packages\nOK\n\u26a0 DEPRECATION: Feature will be removed in v5.0\nBundling vendor.css\nStep 9/25: Deploying\nUsing Python 3.10\nnpm install: added 328 packages\nWARNING: eslint has known vulnerabilities\nFinished.\nStep 19/25: Linting\nStep 2/19: Building\npip: Installing build dependencies...\n  PASS: e2e/test_db_connect.spec.js\nCompiling utils/index.js...\n\u26a0 DEPRECATION: Feature will be removed in v2.0\nStep 13/16: Running migrations\n[12:50:25] WARN: Deprecated API usage\nCompleted.\n[12:50:25] INFO: Processing request\nStep 4/18: Deploying\nSnapshots: 29 passed, 48 total\nPOST /upload - 202 (435ms)\n[12:50:25] DEBUG: Connection pool: 6 active\nWaiting...\nCompiling lib/utils.go...\npip install: Successfully installed react-2.5\nFetching submodules...\nCompleted.\n[12:50:25] DEBUG: Initializing service\nException: TypeError\nCoverage: 88% statements, 78% branches\n[12:50:25] DEBUG: Initializing service\nCoverage: 76% statements, 74% branches\n[12:50:25] WARN: Deprecated API usage\nOptimizing 98 modules...\nTLS handshake completed\npip: Collecting axios\n[12:50:25] DEBUG: Connection pool: 12 active\nPlatform: linux-x64\n\u26a0 DEPRECATION: Feature will be removed in v2.0\n[12:50:25] DEBUG: Initializing service\nLoading...\nBuilding Docker image...\nStep 8/16: Installing dependencies\nCache hit for key-5581\nArtifact uploaded: build.tar.gz (30MB)\nWARNING: prettier has known vulnerabilities\nCompiling src/main.py...\nAlready up to date.\nCache hit for key-2864\nChecking out main branch\n  PASS: integration/test_cache_hit.spec.js\n\u2713 Step 'test' succeeded\nTLS handshake completed\nLayer 4/12: COPY command\nFinished.\nCompiling components/utils.go...\nWARNING: express has known vulnerabilities\nyarn add: Done in 18.59s\nException: NullPointerException\nStep 8/17: Deploying\nFetching from https://registry.npmjs.org/package.json\nBundling styles.css\n=== Step deploy_production completed ===\n=== Step: setup_environment ===\nPushing to registry...\nGET /api - 201 (37ms)\nCache miss for key-7659\n\u26a0 DEPRECATION: Feature will be removed in v5.0\nCache invalidated: dependencies\n[12:50:25] INFO: Cache refreshed\nHEAD is now at 3f0cfaf\nPOST /upload - 202 (255ms)\nLayer 1/8: RUN command\nAlready up to date.\nLayer 2/9: COPY command\nCompiling src/main.py...\nWARNING: react has known vulnerabilities\nOptimizing 14 modules...\nStep 11/17: Building\nStep 1/23: Building\n  PASS: test_user_create (118ms)\nFetching submodules...\n\u2717 build failed with exit code 40\n\u2713 Step 'build' succeeded\nCache restored successfully (182MB)\n[12:50:25] INFO: Starting build process\nChecking out develop branch\nRan 97 tests in 60s\nPOST /data - 201 (249ms)\nWARNING: axios has known vulnerabilities\nnpm notice: created a lockfile\nTime: 31.114s\n[12:50:25] WARN: Deprecated API usage\n  PASS: test_user_create (188ms)\nArtifact uploaded: build.tar.gz (27MB)\n\u2713 Step 'install' succeeded\nAlready up to date.\n[12:50:25] INFO: Starting build process\nNODE_ENV=development\nGET /api - 200 (94ms)\nFetching submodules...\nAlready up to date.\nArtifact uploaded: build.tar.gz (1MB)\nArtifact uploaded: build.tar.gz (25MB)\nNODE_ENV=production\nnpm notice: created a lockfile\nImage pulled successfully\nCache invalidated: node_modules\nCompiling components/utils.go...\nPOST /api - 201 (358ms)\n[12:50:25] INFO: Request completed\n[12:50:25] INFO: Cache refreshed\nDone.\n[12:50:25] DEBUG: Memory usage: 939MB\n[12:50:25] INFO: Starting build process\nnpm install: added 112 packages\nUsing Python 3.12\nCompiling components/index.js...\nLoading...\nWaiting...\n[12:50:25] DEBUG: Loading configuration\n\u2713 build completed\nEnvironment: production\nStep 5/15: Deploying\nVerifying...\nCache restored successfully (262MB)\n[12:50:25] INFO: Cache refreshed\nSwitched to branch 'bugfix/task-811'\nAlready up to date.\nnpm install: resolved 310 packages\nnpm install: resolved 130 packages\n[12:50:25] DEBUG: Initializing service\n\u2713 All checks passed\nReady.\nBundling runtime.js\nArtifact downloaded: 6MB\nDone.\n\u2713 Task completed in 4436ms\nCompiling utils/index.js...\nEnvironment: staging\nHEAD is now at 56f66d0\n  PASS: test_cache_hit (145ms)\npip: Installing build dependencies...\nCache restored successfully (139MB)\n  PASS: test_db_connect (284ms)\nChecking out develop branch\n[12:50:25] WARN: Deprecated API usage\nPOST /data - 202 (381ms)\n\u2713 All checks passed\nRan 155 tests in 3s\nTLS handshake completed\nCache restored successfully (456MB)\nWARNING: jest has known vulnerabilities\nCache hit for key-1546\n  PASS: integration/test_db_connect.spec.js\nCompiling src/utils.go...\nEnvironment: test\nNODE_ENV=production\nArtifact uploaded: dist.zip (71MB)\nLoading...\nVerifying...\nUsing Node.js 19.15.3\nnpm install: added 189 packages\n\u2713 Task completed in 3014ms\n[12:50:25] WARN: Deprecated API usage\n[12:50:25] DEBUG: Memory usage: 1848MB\nDone.\nCoverage: 85% statements, 75% branches\nFinished.\n[12:50:25] DEBUG: Initializing service\nArtifact uploaded: build.tar.gz (28MB)\nBuilding Docker image...\n  PASS: unit/test_user_create.spec.js\nBundling vendor.css\nCache saved successfully\nnpm notice: package.json updated\n\u2713 Task completed in 4465ms\nPlatform: win32-x64\nStep 6/23: Building\nCompiling utils/index.js...\nTransforming 329 files...\nLayer 6/8: RUN command\n=== Step setup_environment completed ===\n=== Step: integration_tests ===\nnpm notice: created a lockfile\n\u2713 All checks passed\n\u26a0 DEPRECATION: Feature will be removed in v5.0\nMinifying app.js\n[12:50:25] WARN: Deprecated API usage\nPulling image: python:18\nPulling image: alpine:latest\nStep 1/15: Installing dependencies\nUsing Python 3.12\n\u26a0 DEPRECATION: Feature will be removed in v5.0\nLoading...\nFetching from https://github.com/package.json\n[12:50:25] INFO: Connecting to database\n  PASS: integration/test_api_health.spec.js\n[12:50:25] WARN: Deprecated API usage\nnpm install: added 280 packages\nCoverage: 78% statements, 70% branches\nBuilding Docker image...\nCompleted.\n  PASS: unit/test_cache_hit.spec.js\n[12:50:25] INFO: Request completed\npip: Downloading express-2.4.tar.gz\nCache invalidated: build\nOptimizing 34 modules...\nNODE_ENV=development\n[12:50:25] DEBUG: Initializing service\nCache miss for key-9478\nCache invalidated: dependencies\nImage pulled successfully\nWARNING: lodash has known vulnerabilities\nRan 82 tests in 37s\nnpm install: added 394 packages\nDone.\nUploading artifact 'dist' (40 files)\nCache miss for key-9689\nStep 11/21: Installing dependencies\nFinished.\nVerifying...\nInstalling axios@2.1.6\nEnvironment: development\nTLS handshake completed\nCompleted.\nnpm notice: package.json updated\nWARNING: prettier has known vulnerabilities\nSwitched to branch 'hotfix/task-362'\nCache invalidated: build\nRan 80 tests in 42s\n[12:50:25] DEBUG: Query executed in 16ms\n[12:50:25] DEBUG: Query executed in 47ms\nPulling image: node:18\n\u2713 Task completed in 1414ms\npip install: Successfully installed react-4.20\nWaiting...\nMinifying vendor.js\nHEAD is now at afdffb2\nCompiling utils/main.py...\nyarn add: Done in 7.87s\nUsing Python 3.11\npip: Collecting jest\npip: Downloading eslint-3.10.tar.gz\nHEAD is now at edd4799\n[12:50:25] INFO: Cache refreshed\n[12:50:25] INFO: Processing request\nStep 16/18: Running migrations\nBuilding Docker image...\nStep 17/18: Deploying\nArtifact uploaded: build.tar.gz (35MB)\n[12:50:25] INFO: Connecting to database\n[12:50:25] WARN: Deprecated API usage\nHEAD is now at 7b2381e\n[12:50:25] INFO: Cache refreshed\nEnvironment: development\nCreating production build...\nTests: 216 passed, 479 total\nStep 6/21: Linting\n[12:50:25] INFO: Processing request\nRan 120 tests in 22s\nSwitched to branch 'feature/task-550'\n[12:50:25] DEBUG: Initializing service\npip: Installing build dependencies...\nPushing to registry...\nCompiling components/index.js...\n[12:50:25] WARN: Deprecated API usage\nException: ValueError\n\u2713 Step 'setup' succeeded\n[12:50:25] DEBUG: Memory usage: 1533MB\nBundling styles.js\nSuccess!\npip: Installing build dependencies...\nOptimizing 34 modules...\nImage pulled successfully\n[12:50:25] WARN: Deprecated API usage\npip: Installing build dependencies...\npip: Collecting eslint\nCompiling lib/service.java...\nChecking out develop branch\nFinished.\nCompiling src/app.ts...\n\u26a0 DEPRECATION: Feature will be removed in v4.0\n[12:50:25] ERROR: Connection failed\nUploading artifact 'coverage' (20 files)\nWaiting...\nStep 1/21: Building\n[12:50:25] DEBUG: Connection pool: 7 active\n  PASS: unit/test_db_connect.spec.js\nMinifying main.js\nTransforming 934 files...\nStep 15/22: Linting\nWARNING: axios has known vulnerabilities\n[12:50:25] DEBUG: Memory usage: 222MB\n[12:50:25] ERROR: Connection failed\nProcessing...\nTransforming 657 files...\nProcessing...\n\u2713 Step 'test' succeeded\n[12:50:25] INFO: Starting build process\nCache saved successfully\nCache invalidated: build\n=== Step integration_tests completed ===\n=== Step: e2e_tests ===\nOK\n[12:50:25] DEBUG: Loading configuration\nCache restored successfully (451MB)\nPOST /upload - 202 (186ms)\nTests: 389 passed, 365 total\nnpm notice: package.json updated\nTest Suites: 43 passed, 41 total\nInstalling jest@5.2.1\nStep 6/21: Running migrations\n[12:50:25] INFO: Starting build process\n[12:50:25] WARN: Deprecated API usage\nLoading...\nException: NullPointerException\nStep 13/15: Testing\n[12:50:25] DEBUG: Loading configuration\n[12:50:25] INFO: Starting build process\n\u2713 deploy completed\nMinifying main.js\npip: Installing build dependencies...\nImage pulled successfully\nCache invalidated: dependencies\nTest Suites: 28 passed, 41 total\nCache saved successfully\nnpm install: added 429 packages\n[12:50:25] INFO: Request completed\nTransforming 409 files...\nUploading artifact 'build' (44 files)\nStep 13/24: Building\nFetching submodules...\nRan 30 tests in 10s\n[12:50:25] INFO: Request completed\nFetching from https://npmjs.org/package.json\nUploading artifact 'build' (12 files)\nBuilding Docker image...\nCoverage: 91% statements, 70% branches\nyarn add: Done in 11.0s\nFetching submodules...\nCompiling components/utils.go...\nException: RuntimeError\nCompiling lib/service.java...\nTest Suites: 42 passed, 30 total\nNODE_ENV=test\nCompleted.\nReady.\nSwitched to branch 'hotfix/task-989'\nnpm notice: package.json updated\nWARNING: webpack has known vulnerabilities\nStep 6/23: Running migrations\nFetching from https://registry.npmjs.org/package.json\n[12:50:25] INFO: Starting build process\nWaiting...\n[12:50:25] DEBUG: Connection pool: 6 active\npip install: Successfully installed lodash-1.14\nyarn add: Done in 23.74s\n\u2713 package completed\nStep 5/21: Linting\n[12:50:25] INFO: Starting build process\nFetching from https://githubusercontent.com/package.json\nLayer 2/11: ENV command\nPOST /upload - 202 (419ms)\nUsing Node.js 19.16.1\n  PASS: test_db_connect (493ms)\n\u2713 package completed\nFetching submodules...\nEnvironment: production\nPOST /api - 202 (459ms)\nnpm install: resolved 302 packages\nConnection established\nReady.\nArtifact uploaded: dist.zip (7MB)\nCoverage: 88% statements, 99% branches\nEnvironment: staging\n[12:50:25] INFO: Starting build process\n\u2717 build failed with exit code 103\nFetching from https://github.com/package.json\nMinifying main.js\nGenerating source maps...\nWARNING: jest has known vulnerabilities\nOptimizing 59 modules...\nStep 8/18: Building\nStep 1/21: Deploying\n[12:50:25] DEBUG: Initializing service\npip: Installing build dependencies...\nSnapshots: 19 passed, 1 total\n[12:50:25] DEBUG: Connection pool: 16 active\nCompiling lib/utils.go...\n[12:50:25] INFO: Starting build process\npip install: Successfully installed webpack-2.18\nHEAD is now at 9ced01e\nnpm notice: created a lockfile\nNODE_ENV=production\n[12:50:25] DEBUG: Loading configuration\nPOST /api - 201 (284ms)\n  PASS: test_auth_login (366ms)\n[12:50:25] DEBUG: Initializing service\n  PASS: e2e/test_cache_hit.spec.js\n[12:50:25] DEBUG: Query executed in 90ms\n[12:50:25] DEBUG: Connection pool: 13 active\nLayer 6/12: RUN command\nBuilding Docker image...\nCache restored successfully (35MB)\nStep 8/16: Installing dependencies\nInstalling react@1.19.2\nCache hit for key-4769\nBuilding Docker image...\nPulling image: alpine:latest\nSwitched to branch 'hotfix/task-424'\n\u26a0 DEPRECATION: Feature will be removed in v5.0\nWaiting...\nWARNING: prettier has known vulnerabilities\nWaiting...\nPulling image: python:latest\nSwitched to branch 'feature/task-598'\nRan 115 tests in 1s\nFinished.\nStep 19/21: Building\nVerifying...\n  PASS: unit/test_user_create.spec.js\n=== Step e2e_tests completed ===\n=== Step: deploy_staging ===\nWaiting...\nWaiting...\nWaiting...\n[12:50:25] DEBUG: Connection pool: 12 active\n  PASS: test_auth_login (31ms)\nCompiling components/main.py...\n[12:50:25] INFO: Processing request\nStep 11/24: Installing dependencies\nStep 14/22: Linting\nDone.\nSuccess!\n\u2713 Step 'test' succeeded\nRan 161 tests in 40s\n[12:50:25] INFO: Starting build process\nnpm notice: created a lockfile\nSnapshots: 31 passed, 16 total\nnpm install: added 308 packages\nTest Suites: 26 passed, 25 total\nCache miss for key-4139\n  PASS: integration/test_api_health.spec.js\nCache miss for key-4434\nStep 14/18: Linting\n[12:50:25] WARN: Deprecated API usage\nFetching submodules...\nCompleted.\nNODE_ENV=development\nnpm notice: package.json updated\nConnection established\n\u2713 build completed\nChecking out develop branch\nTest Suites: 16 passed, 9 total\n\u2713 All checks passed\nTLS handshake completed\n\u2713 test completed\nBuilding Docker image...\nMinifying app.js\n\u2713 All checks passed\nStep 16/20: Testing\n\u2713 Task completed in 2006ms\nWARNING: webpack has known vulnerabilities\npip: Installing build dependencies...\nMinifying vendor.js\nChecking out master branch\nCache miss for key-2179\nTLS handshake completed\npip: Collecting webpack\nTransforming 930 files...\n[12:50:25] WARN: Deprecated API usage\nArtifact downloaded: 18MB\nChecking out main branch\nUsing Node.js 17.1.3\nWARNING: eslint has known vulnerabilities\nCompiling utils/utils.go...\n\u2717 build failed with exit code 121\n[12:50:25] INFO: Connecting to database\n\u2717 build failed with exit code 10\nGenerating source maps...\nFetching from https://registry.npmjs.org/package.json\nCompiling components/handler.rs...\n[12:50:25] WARN: Deprecated API usage\n[12:50:25] INFO: Starting build process\nCompiling components/utils.go...\nFetching from https://githubusercontent.com/package.json\nVerifying...\nnpm notice: created a lockfile\nVerifying...\n\u2713 Step 'setup' succeeded\nTransforming 807 files...\nPlatform: linux-x64\n\u26a0 DEPRECATION: Feature will be removed in v5.0\nCompiling lib/utils.go...\nCoverage: 91% statements, 84% branches\n[12:50:25] INFO: Starting build process\nyarn add: Done in 11.88s\n  PASS: test_db_connect (8ms)\n\u26a0 DEPRECATION: Feature will be removed in v2.0\nProcessing...\nLoading...\nChecking out main branch\nCache hit for key-5997\n[12:50:25] DEBUG: Loading configuration\nnpm install: added 500 packages\n[12:50:25] DEBUG: Query executed in 96ms\nWARNING: eslint has known vulnerabilities\npip: Collecting prettier\nCompleted.\nRan 157 tests in 38s\nUploading artifact 'dist' (40 files)\n[12:50:25] INFO: Processing request\nHEAD is now at 86165ea\n[12:50:25] INFO: Request completed\nConnection established\nTime: 116.797s\n  PASS: test_cache_hit (167ms)\n[12:50:25] DEBUG: Initializing service\nTime: 82.585s\n\u2713 All checks passed\nPOST /data - 200 (454ms)\n[12:50:25] WARN: Deprecated API usage\n\u26a0 DEPRECATION: Feature will be removed in v5.0\n[12:50:25] INFO: Processing request\n[12:50:25] DEBUG: Initializing service\nUsing Node.js 14.17.9\nVerifying...\nCache hit for key-8464\n\u2713 All checks passed\nCompiling components/index.js...\nnpm install: resolved 281 packages\nChecking out main branch\nDone.\n\u26a0 DEPRECATION: Feature will be removed in v5.0\n\u2713 lint completed\nStep 5/18: Running migrations\nnpm install: resolved 1049 packages\nOptimizing 86 modules...\nOptimizing 17 modules...\nOK\nArtifact uploaded: dist.zip (64MB)\n=== Step deploy_staging completed ===\n=== Step: lint ===\nWaiting...\nPOST /upload - 200 (234ms)\nStep 20/19: Installing dependencies\n[12:50:25] INFO: Cache refreshed\n  PASS: integration/test_db_connect.spec.js\nTime: 107.470s\nCache saved successfully\n  PASS: test_api_health (134ms)\n  PASS: test_cache_hit (358ms)\nWARNING: eslint has known vulnerabilities\nGET /health - 200 (29ms)\n[12:50:25] DEBUG: Memory usage: 486MB\nReady.\nTest Suites: 32 passed, 22 total\nLayer 10/11: ENV command\nPOST /api - 202 (101ms)\nGET /status - 200 (80ms)\n[12:50:25] DEBUG: Query executed in 68ms\nCache invalidated: dependencies\nGenerating source maps...\nGET /status - 201 (5ms)\nTransforming 627 files...\nUsing Node.js 14.0.9\nFetching submodules...\nLayer 10/9: RUN command\nTime: 27.148s\npip install: Successfully installed jest-1.17\n\u2713 Task completed in 820ms\nCache restored successfully (251MB)\npip: Downloading axios-5.10.tar.gz\npip: Downloading eslint-5.9.tar.gz\nBundling runtime.js\nArtifact uploaded: build.tar.gz (48MB)\nFetching submodules...\npip install: Successfully installed axios-3.14\nyarn add: Done in 3.89s\n[12:50:25] WARN: Deprecated API usage\nSuccess!\nWARNING: jest has known vulnerabilities\nnpm notice: package.json updated\nPulling image: node:latest\n[12:50:25] WARN: Deprecated API usage\n[12:50:25] INFO: Starting build process\nTransforming 454 files...\nTests: 306 passed, 291 total\nUsing Python 3.12\nOptimizing 65 modules...\n\u26a0 DEPRECATION: Feature will be removed in v3.0\nStep 9/19: Installing dependencies\nStep 4/17: Installing dependencies\nOK\nStep 3/19: Installing dependencies\nTest Suites: 37 passed, 9 total\nCompiling lib/main.py...\n[12:50:25] WARN: Deprecated API usage\n\u2713 All checks passed\nCache invalidated: build\nStep 8/23: Linting\nStep 3/22: Building\nCompiling components/app.ts...\nFinished.\nStep 20/16: Testing\nStep 5/15: Testing\nReady.\nBuilding Docker image...\nWaiting...\nPushing to registry...\n[12:50:25] DEBUG: Query executed in 18ms\n[12:50:25] DEBUG: Loading configuration\nCache saved successfully\nSwitched to branch 'bugfix/task-409'\nyarn add: Done in 22.74s\nVerifying...\nTLS handshake completed\n\u2713 Step 'test' succeeded\n  PASS: test_auth_login (311ms)\n  PASS: test_user_create (262ms)\n[12:50:25] DEBUG: Memory usage: 602MB\nEnvironment: development\nFetching submodules...\nChecking out develop branch\nCompiling src/app.ts...\n\u2713 package completed\nDone.\nTests: 391 passed, 104 total\n[12:50:25] DEBUG: Memory usage: 1070MB\nWaiting...\nCache invalidated: dependencies\nCache miss for key-5384\nFetching from https://amazonaws.com/package.json\nRan 165 tests in 32s\nArtifact downloaded: 18MB\nDone.\nCache saved successfully\nAlready up to date.\n[12:50:25] DEBUG: Memory usage: 1258MB\nDone.\n[12:50:25] ERROR: Connection failed\nPOST /upload - 202 (177ms)\n[12:50:25] INFO: Cache refreshed\n[12:50:25] DEBUG: Memory usage: 1144MB\nyarn add: Done in 10.53s\nCompiling src/service.java...\n\u2713 All checks passed\n  PASS: test_auth_login (129ms)\nnpm notice: package.json updated\npip: Installing build dependencies...\nLayer 7/13: COPY command\n[12:50:25] DEBUG: Memory usage: 905MB\n[12:50:25] INFO: Request completed\nSuccess!\npip: Downloading axios-2.0.tar.gz\n[12:50:25] INFO: Connecting to database\nVerifying...\nSnapshots: 35 passed, 27 total\nProcessing...\npip install: Successfully installed react-3.11\nCompiling components/main.py...\n=== Step lint completed ===\n=== Step: upload_artifacts ===\nCache saved successfully\nUsing Python 3.12\nPOST /upload - 200 (341ms)\nPlatform: linux-x64\nCompiling src/utils.go...\n\u2717 build failed with exit code 95\nPOST /upload - 201 (269ms)\nPulling image: python:latest\n[12:50:25] ERROR: Connection failed\nnpm install: resolved 165 packages\n\u2713 Step 'test' succeeded\nReady.\nWaiting...\n\u2713 deploy completed\nStep 17/25: Testing\nCoverage: 86% statements, 100% branches\nCoverage: 81% statements, 80% branches\nUsing Node.js 17.8.3\nArtifact downloaded: 46MB\n[12:50:25] DEBUG: Loading configuration\nArtifact uploaded: build.tar.gz (30MB)\nDone.\nGET /status - 204 (23ms)\nPulling image: python:18\nTransforming 974 files...\n[12:50:25] INFO: Cache refreshed\nPOST /data - 200 (309ms)\npip install: Successfully installed lodash-2.8\nCache saved successfully\nWARNING: jest has known vulnerabilities\n[12:50:25] INFO: Starting build process\n[12:50:25] INFO: Connecting to database\n\u26a0 DEPRECATION: Feature will be removed in v4.0\nArtifact uploaded: build.tar.gz (2MB)\n\u2713 Task completed in 900ms\nRan 33 tests in 42s\nLayer 1/8: ENV command\n\u2713 Task completed in 609ms\nArtifact downloaded: 26MB\nBuilding Docker image...\npip: Downloading express-4.12.tar.gz\n[12:50:25] DEBUG: Connection pool: 14 active\nTime: 61.82s\nPushing to registry...\nGenerating source maps...\n\u2713 Step 'build' succeeded\nCreating production build...\nGET /health - 200 (15ms)\nyarn add: Done in 8.64s\nEnvironment: production\nBundling styles.js\nInstalling lodash@1.3.4\n\u26a0 DEPRECATION: Feature will be removed in v2.0\n  PASS: test_db_connect (176ms)\npip install: Successfully installed prettier-1.11\nInstalling jest@3.11.5\nCompiling src/utils.go...\nFetching submodules...\n[12:50:25] DEBUG: Query executed in 29ms\n[12:50:25] INFO: Starting build process\nConnection established\nCompiling utils/index.js...\nConnection established\nyarn add: Done in 1.20s\n[12:50:25] INFO: Starting build process\nConnection established\nPOST /upload - 200 (27ms)\n\u2713 Task completed in 3012ms\nFetching from https://registry.npmjs.org/package.json\n\u26a0 DEPRECATION: Feature will be removed in v4.0\nWARNING: axios has known vulnerabilities\nNODE_ENV=test\nTLS handshake completed\nDone.\n\u2713 lint completed\nException: NullPointerException\nUploading artifact 'coverage' (16 files)\nChecking out develop branch\nCompiling utils/service.java...\nLoading...\n[12:50:25] DEBUG: Query executed in 18ms\nnpm install: added 488 packages\n[12:50:25] DEBUG: Loading configuration\nException: ValueError\nStep 16/23: Installing dependencies\n[12:50:25] DEBUG: Connection pool: 17 active\nRan 93 tests in 49s\n[12:50:25] WARN: Deprecated API usage\n[12:50:25] INFO: Starting build process\npip: Collecting react\nEnvironment: development\nnpm notice: created a lockfile\n[12:50:25] INFO: Starting build process\nSuccess!\nCache invalidated: dependencies\nSnapshots: 3 passed, 3 total\nTest Suites: 27 passed, 50 total\nCreating production build...\nPlatform: linux-x64\nSwitched to branch 'feature/task-929'\nnpm install: added 359 packages\nOK\nCache miss for key-3284\nUploading artifact 'build' (16 files)\nnpm notice: package.json updated\nStep 8/18: Running migrations\nnpm notice: package.json updated\nDone.\nFinished.\nHEAD is now at 69485c0\nGET /health - 201 (95ms)\nException: TypeError\n[12:50:25] INFO: Request completed\nGET /health - 200 (6ms)\nWARNING: eslint has known vulnerabilities\nStep 12/19: Installing dependencies\nCache invalidated: build\nProcessing...\n=== Step upload_artifacts completed ===\n=== Step: type_check ===\n\u2717 build failed with exit code 37\nCompiling lib/handler.rs...\nInstalling express@2.1.10\nUsing Python 3.11\nCoverage: 83% statements, 100% branches\nCompiling src/handler.rs...\nTests: 209 passed, 68 total\nVerifying...\nnpm install: resolved 576 packages\nSnapshots: 10 passed, 17 total\nLayer 1/11: ENV command\nEnvironment: development\nFAILED: test_user_create\nSnapshots: 36 passed, 49 total\nTest Suites: 33 passed, 42 total\nStep 5/18: Linting\n\u2713 Step 'build' succeeded\n[12:50:25] WARN: Deprecated API usage\n  PASS: unit/test_auth_login.spec.js\nAlready up to date.\n[12:50:25] WARN: Deprecated API usage\nnpm install: resolved 671 packages\n\u2713 Task completed in 3504ms\nSnapshots: 16 passed, 23 total\nStep 9/16: Running migrations\nPulling image: node:18\nStep 3/23: Linting\nWaiting...\nPushing to registry...\nArtifact uploaded: build.tar.gz (2MB)\nVerifying...\nUploading artifact 'dist' (29 files)\nCache invalidated: build\nProcessing...\nCompiling components/handler.rs...\nNODE_ENV=test\nLayer 9/10: ENV command\nOK\nTime: 117.613s\nWARNING: prettier has known vulnerabilities\n[12:50:25] INFO: Processing request\nInstalling lodash@1.19.9\nDone.\nyarn add: Done in 5.97s\n\u2717 build failed with exit code 37\nCache restored successfully (70MB)\n\u2713 package completed\n[12:50:25] DEBUG: Loading configuration\nCache hit for key-1905\nBuilding Docker image...\n\u26a0 DEPRECATION: Feature will be removed in v3.0\nArtifact uploaded: dist.zip (26MB)\nTest Suites: 17 passed, 22 total\nPushing to registry...\nCompiling utils/handler.rs...\n[12:50:25] DEBUG: Loading configuration\nTransforming 582 files...\nChecking out develop branch\n[12:50:25] DEBUG: Loading configuration\nDone.\nStep 9/24: Linting\n[12:50:25] DEBUG: Initializing service\nTests: 435 passed, 211 total\n\u2713 lint completed\n\u26a0 DEPRECATION: Feature will be removed in v5.0\nCache restored successfully (218MB)\nCompiling lib/app.ts...\nOK\nCoverage: 71% statements, 90% branches\n[12:50:25] DEBUG: Initializing service\nCache restored successfully (333MB)\n\u26a0 DEPRECATION: Feature will be removed in v5.0\n\u26a0 DEPRECATION: Feature will be removed in v4.0\nArtifact uploaded: dist.zip (66MB)\nFAILED: test_db_connect\nCache saved successfully\nCompiling utils/utils.go...\nVerifying...\nRan 133 tests in 7s\nCache miss for key-7588\nTime: 15.113s\nCompleted.\nStep 12/16: Running migrations\nCompleted.\nFAILED: test_api_health\nNODE_ENV=production\nException: ValueError\n[12:50:25] WARN: Deprecated API usage\nException: ValueError\n\u2717 build failed with exit code 116\nCache invalidated: node_modules\nUploading artifact 'dist' (49 files)\nyarn add: Done in 18.98s\nCache miss for key-2551\nnpm install: resolved 352 packages\nArtifact uploaded: build.tar.gz (6MB)\nLoading...\n  PASS: e2e/test_cache_hit.spec.js\nConnection established\nLoading...\n\u2713 All checks passed\npip install: Successfully installed webpack-1.3\n\u2713 Task completed in 4415ms\n\u2713 package completed\nVerifying...\n\u2717 build failed with exit code 30\nGenerating source maps...\nDone.\nSuccess!\nStep 20/18: Linting\n[12:50:25] INFO: Starting build process\nCompleted.\nPOST /upload - 202 (373ms)\nGET /status - 201 (75ms)\nWARNING: react has known vulnerabilities\nOK\nConnection established\n[12:50:25] DEBUG: Memory usage: 1897MB\n=== Step type_check completed ===\n=== Step: setup_node ===\n\u2713 Task completed in 4556ms\nCache hit for key-6205\nTLS handshake completed\nStep 7/15: Deploying\nCompleted.\nPlatform: linux-x64\nLoading...\nConnection established\nFetching from https://github.com/package.json\nDone.\nArtifact uploaded: build.tar.gz (5MB)\nWARNING: axios has known vulnerabilities\nFinished.\n[12:50:25] DEBUG: Loading configuration\nConnection established\n[12:50:25] DEBUG: Loading configuration\n[12:50:25] INFO: Connecting to database\nArtifact downloaded: 48MB\nCompiling utils/index.js...\nCompiling utils/main.py...\nOptimizing 59 modules...\n[12:50:25] DEBUG: Loading configuration\nTests: 471 passed, 245 total\nSwitched to branch 'feature/task-499'\nWARNING: react has known vulnerabilities\nyarn add: Done in 25.74s\npip: Downloading lodash-3.4.tar.gz\nDone.\nArtifact uploaded: dist.zip (88MB)\nUsing Node.js 18.11.2\nSnapshots: 33 passed, 8 total\nProcessing...\nStep 14/21: Linting\nCache restored successfully (270MB)\n  PASS: test_db_connect (127ms)\nPulling image: python:latest\npip: Downloading jest-2.12.tar.gz\nMinifying app.js\nConnection established\n[12:50:25] DEBUG: Loading configuration\n\u2713 package completed\nMinifying vendor.js\nTests: 418 passed, 248 total\nOK\nArtifact downloaded: 34MB\nCompiling src/utils.go...\n[12:50:25] DEBUG: Loading configuration\nCoverage: 77% statements, 73% branches\n[12:50:25] ERROR: Connection failed\nOptimizing 94 modules...\nFetching submodules...\nBundling runtime.js\nCompleted.\nCreating production build...\nTests: 74 passed, 487 total\nUsing Node.js 16.14.4\n[12:50:25] WARN: Deprecated API usage\nRan 182 tests in 58s\nCache invalidated: dependencies\nWaiting...\n[12:50:25] WARN: Deprecated API usage\nEnvironment: staging\nArtifact uploaded: dist.zip (72MB)\n\u2713 All checks passed\nCache restored successfully (289MB)\nTLS handshake completed\nStep 10/22: Installing dependencies\nCache hit for key-2691\nException: RuntimeError\nPOST /upload - 202 (27ms)\npip install: Successfully installed axios-1.2\nFetching submodules...\nyarn add: Done in 28.45s\n[12:50:25] DEBUG: Query executed in 41ms\nCreating production build...\nAlready up to date.\nLoading...\nSuccess!\npip: Collecting axios\nCreating production build...\nCoverage: 72% statements, 82% branches\nEnvironment: test\nnpm install: resolved 702 packages\nStep 19/20: Installing dependencies\nPulling image: node:3.11\nCache hit for key-1636\npip: Installing build dependencies...\nPulling image: python:latest\nCache invalidated: node_modules\n[12:50:25] INFO: Cache refreshed\npip install: Successfully installed eslint-5.20\n\u26a0 DEPRECATION: Feature will be removed in v3.0\nTime: 73.507s\nChecking out master branch\nnpm install: resolved 1711 packages\nLoading...\nCompleted.\nnpm notice: created a lockfile\nTime: 43.130s\n\u26a0 DEPRECATION: Feature will be removed in v5.0\nVerifying...\nTest Suites: 29 passed, 24 total\nTests: 412 passed, 360 total\nSuccess!\nFinished.\n[12:50:25] ERROR: Connection failed\nFetching submodules...\n[12:50:25] INFO: Connecting to database\n[12:50:25] INFO: Request completed\nLoading...\nPlatform: darwin-arm64\nCache miss for key-1245\nWARNING: axios has known vulnerabilities\nTransforming 948 files...\nAlready up to date.\n[12:50:25] INFO: Cache refreshed\n[12:50:25] INFO: Cache refreshed\nStep 10/18: Building\n=== Step setup_node completed ===\n=== Step: checkout ===\npip: Downloading webpack-3.12.tar.gz\nSuccess!\nTests: 494 passed, 141 total\npip: Installing build dependencies...\nStep 17/25: Building\nCreating production build...\nProcessing...\nUploading artifact 'dist' (30 files)\n[12:50:25] DEBUG: Loading configuration\nWARNING: webpack has known vulnerabilities\nException: RuntimeError\nBundling styles.css\nStep 8/15: Installing dependencies\n[12:50:25] INFO: Processing request\n[12:50:25] INFO: Cache refreshed\nVerifying...\n\u2713 Task completed in 4005ms\n  PASS: integration/test_db_connect.spec.js\nNODE_ENV=production\nReady.\n\u26a0 DEPRECATION: Feature will be removed in v4.0\nWARNING: express has known vulnerabilities\nImage pulled successfully\nVerifying...\nBuilding Docker image...\npip: Installing build dependencies...\nPOST /api - 200 (26ms)\nnpm notice: created a lockfile\nGET /api - 204 (89ms)\n[12:50:25] DEBUG: Query executed in 35ms\nFinished.\n[12:50:25] WARN: Deprecated API usage\npip install: Successfully installed prettier-3.18\nTests: 454 passed, 499 total\nTime: 107.45s\n  PASS: integration/test_db_connect.spec.js\nNODE_ENV=production\nCache invalidated: dependencies\n\u26a0 DEPRECATION: Feature will be removed in v4.0\nChecking out master branch\n  PASS: e2e/test_user_create.spec.js\n\u2713 validate completed\n[12:50:25] DEBUG: Connection pool: 14 active\nTest Suites: 16 passed, 44 total\n[12:50:25] DEBUG: Query executed in 73ms\nLayer 6/14: COPY command\nMinifying vendor.js\nCache saved successfully\nException: ValueError\nCompiling src/main.py...\n[12:50:25] DEBUG: Memory usage: 1024MB\nDone.\nNODE_ENV=test\nOptimizing 44 modules...\nGenerating source maps...\n[12:50:25] INFO: Processing request\nnpm install: added 483 packages\nStep 17/15: Linting\nFetching from https://amazonaws.com/package.json\nCompiling components/service.java...\n[12:50:25] INFO: Request completed\nStep 12/24: Building\n[12:50:25] DEBUG: Initializing service\nInstalling eslint@3.5.3\nSnapshots: 1 passed, 45 total\n\u2713 Step 'checkout' succeeded\nCache hit for key-7205\npip install: Successfully installed axios-4.5\nTransforming 667 files...\npip: Downloading lodash-3.18.tar.gz\nGET /health - 201 (29ms)\n  PASS: e2e/test_api_health.spec.js\n[12:50:25] DEBUG: Connection pool: 2 active\nCache hit for key-7370\nTransforming 672 files...\nGET /health - 204 (8ms)\nOK\nWaiting...\nGET /api - 204 (48ms)\nTime: 60.426s\npip: Downloading eslint-4.14.tar.gz\nCache restored successfully (171MB)\nCompleted.\n[12:50:25] WARN: Deprecated API usage\n[12:50:25] INFO: Processing request\n  PASS: e2e/test_auth_login.spec.js\n[12:50:25] DEBUG: Initializing service\nStep 3/25: Building\nCompiling lib/utils.go...\nCache saved successfully\npip: Installing build dependencies...\nHEAD is now at bda2089\nPushing to registry...\nStep 1/25: Testing\nCompleted.\nCompiling components/index.js...\nLayer 1/11: RUN command\nTransforming 385 files...\nCompiling components/handler.rs...\nHEAD is now at 8adf8b8\nWARNING: axios has known vulnerabilities\nStep 7/23: Installing dependencies\nException: TypeError\nRan 86 tests in 60s\n[12:50:25] INFO: Request completed\nPulling image: alpine:latest\nBuilding Docker image...\nCreating production build...\nEnvironment: staging\nBundling main.css\nCompleted.\nInstalling eslint@5.8.8\nConnection established\nStep 3/23: Building\n[12:50:25] DEBUG: Connection pool: 16 active\nChecking out master branch\nStep 18/21: Linting\nPushing to registry...\n=== Step checkout completed ===\n=== Step: build ===\nCache restored successfully (113MB)\nInstalling eslint@5.9.3\nFetching from https://npmjs.org/package.json\nCompiling src/handler.rs...\n[12:50:25] INFO: Starting build process\nPushing to registry...\nPOST /api - 200 (317ms)\nFetching from https://github.com/package.json\nWaiting...\nImage pulled successfully\nHEAD is now at cd9a986\nBuilding Docker image...\nSuccess!\nOK\nPushing to registry...\nChecking out develop branch\nChecking out main branch\nLayer 4/11: ENV command\nCompiling src/service.java...\nLayer 6/15: RUN command\nWaiting...\npip: Installing build dependencies...\nUsing Python 3.10\nCompleted.\nTLS handshake completed\nnpm notice: package.json updated\n\u2713 Step 'install' succeeded\nConnection established\nPOST /data - 202 (174ms)\npip: Installing build dependencies...\n\u26a0 DEPRECATION: Feature will be removed in v2.0\npip: Downloading prettier-1.11.tar.gz\nCache restored successfully (228MB)\nUploading artifact 'dist' (21 files)\nLoading...\nProcessing...\nOK\nReady.\n[12:50:25] INFO: Connecting to database\nCache hit for key-1435\nWARNING: prettier has known vulnerabilities\nFAILED: test_db_connect\nMinifying main.js\n\u26a0 DEPRECATION: Feature will be removed in v5.0\nSnapshots: 39 passed, 49 total\nCache saved successfully\nTransforming 342 files...\n\u2717 build failed with exit code 99\nStep 10/18: Running migrations\nyarn add: Done in 19.24s\npip: Collecting lodash\n[12:50:25] INFO: Processing request\nTLS handshake completed\n[12:50:25] INFO: Connecting to database\nTLS handshake completed\nnpm install: resolved 1178 packages\n[12:50:25] DEBUG: Connection pool: 4 active\n[12:50:25] INFO: Connecting to database\nCompiling utils/utils.go...\n[12:50:25] DEBUG: Connection pool: 5 active\n[12:50:25] INFO: Starting build process\nStep 8/23: Deploying\nWARNING: lodash has known vulnerabilities\nInstalling prettier@3.8.10\n[12:50:25] INFO: Request completed\nCache saved successfully\nTest Suites: 18 passed, 13 total\n  PASS: integration/test_api_health.spec.js\nRan 80 tests in 22s\n[12:50:25] DEBUG: Loading configuration\nCompiling src/service.java...\nCreating production build...\nCache saved successfully\nOptimizing 14 modules...\nCompiling src/app.ts...\nCompiling utils/index.js...\nSnapshots: 48 passed, 34 total\nSnapshots: 10 passed, 50 total\nProcessing...\nCompleted.\n[12:50:25] ERROR: Connection failed\n[12:50:25] WARN: Deprecated API usage\nGET /health - 200 (100ms)\nyarn add: Done in 20.23s\nnpm install: resolved 1234 packages\nBundling main.js\nStep 10/16: Building\nCache invalidated: node_modules\nSuccess!\nTLS handshake completed\n[12:50:25] INFO: Request completed\nStep 11/16: Testing\nSnapshots: 12 passed, 46 total\nFAILED: test_cache_hit\nArtifact uploaded: build.tar.gz (6MB)\nFetching submodules...\nCompiling components/utils.go...\npip: Collecting prettier\nWARNING: react has known vulnerabilities\nLoading...\nUsing Python 3.12\npip: Installing build dependencies...\nArtifact uploaded: build.tar.gz (3MB)\nStep 8/19: Linting\n[12:50:25] WARN: Deprecated API usage\nnpm notice: created a lockfile\n[12:50:25] DEBUG: Loading configuration\nSnapshots: 36 passed, 35 total\nyarn add: Done in 17.69s\nFetching from https://pypi.org/package.json\nPOST /api - 201 (494ms)\nCache invalidated: build\nnpm install: resolved 684 packages\nyarn add: Done in 28.51s\n[12:50:25] INFO: Connecting to database\nCache saved successfully\nStep 19/24: Building\nCache restored successfully (498MB)\n=== Step build completed ===",
    "steps": [
      {
        "name": "save_cache",
        "status": "success",
        "started_at": "2025-12-01T12:50:25.034669",
        "finished_at": "2025-12-01T12:50:29.572155",
        "log_lines": [
          "=== Step: save_cache ===",
          "Building Docker image...",
          "Image pulled successfully",
          "npm install: resolved 1122 packages",
          "npm notice: created a lockfile",
          "Ready.",
          "HEAD is now at 3facd15",
          "Verifying...",
          "Snapshots: 10 passed, 33 total",
          "[12:50:25] DEBUG: Loading configuration",
          "  PASS: e2e/test_db_connect.spec.js",
          "Tests: 317 passed, 99 total",
          "Transforming 398 files...",
          "yarn add: Done in 12.20s",
          "Tests: 393 passed, 374 total",
          "Compiling utils/app.ts...",
          "Connection established",
          "[12:50:25] DEBUG: Loading configuration",
          "[12:50:25] DEBUG: Loading configuration",
          "yarn add: Done in 24.22s",
          "Waiting...",
          "npm install: resolved 1846 packages",
          "Loading...",
          "[12:50:25] INFO: Processing request",
          "npm notice: created a lockfile",
          "Artifact uploaded: dist.zip (9MB)",
          "Using Python 3.10",
          "Fetching from https://gcr.io/package.json",
          "Connection established",
          "Checking out develop branch",
          "FAILED: test_cache_hit",
          "Artifact uploaded: build.tar.gz (29MB)",
          "Step 13/25: Building",
          "[12:50:25] DEBUG: Initializing service",
          "Cache saved successfully",
          "Processing...",
          "Step 3/20: Linting",
          "Ready.",
          "Using Node.js 18.1.0",
          "OK",
          "Ran 162 tests in 53s",
          "  PASS: test_cache_hit (197ms)",
          "Loading...",
          "Loading...",
          "WARNING: webpack has known vulnerabilities",
          "Step 15/24: Testing",
          "Layer 2/13: ENV command",
          "Cache miss for key-2144",
          "[12:50:25] WARN: Deprecated API usage",
          "Platform: linux-x64",
          "Optimizing 85 modules...",
          "Step 16/25: Testing",
          "Artifact uploaded: build.tar.gz (24MB)",
          "[12:50:25] WARN: Deprecated API usage",
          "Cache saved successfully",
          "[12:50:25] INFO: Starting build process",
          "Step 15/21: Building",
          "NODE_ENV=production",
          "pip: Downloading lodash-4.7.tar.gz",
          "Processing...",
          "[12:50:25] DEBUG: Loading configuration",
          "Tests: 185 passed, 341 total",
          "yarn add: Done in 8.32s",
          "Step 7/25: Running migrations",
          "[12:50:25] INFO: Starting build process",
          "Fetching from https://githubusercontent.com/package.json",
          "Finished.",
          "Creating production build...",
          "Creating production build...",
          "[12:50:25] WARN: Deprecated API usage",
          "Compiling src/service.java...",
          "[12:50:25] WARN: Deprecated API usage",
          "Loading...",
          "pip: Downloading jest-4.13.tar.gz",
          "Layer 6/14: ENV command",
          "[12:50:25] DEBUG: Loading configuration",
          "Compiling lib/app.ts...",
          "Step 10/18: Linting",
          "[12:50:25] INFO: Cache refreshed",
          "Fetching from https://github.com/package.json",
          "HEAD is now at 1d92bfd",
          "Loading...",
          "pip: Collecting express",
          "Compiling src/utils.go...",
          "TLS handshake completed",
          "npm notice: package.json updated",
          "\u2713 Task completed in 2209ms",
          "Test Suites: 47 passed, 36 total",
          "Time: 70.40s",
          "Cache saved successfully",
          "Fetching from https://docker.io/package.json",
          "pip: Installing build dependencies...",
          "Ran 183 tests in 20s",
          "Environment: production",
          "Uploading artifact 'build' (23 files)",
          "[12:50:25] DEBUG: Query executed in 83ms",
          "Processing...",
          "Compiling utils/index.js...",
          "Artifact downloaded: 6MB",
          "Checking out develop branch",
          "Platform: win32-x64",
          "NODE_ENV=production",
          "\u2713 Task completed in 1108ms",
          "Building Docker image...",
          "Environment: production",
          "Platform: win32-x64",
          "Artifact uploaded: build.tar.gz (29MB)",
          "Success!",
          "[12:50:25] INFO: Connecting to database",
          "  PASS: integration/test_cache_hit.spec.js",
          "Bundling runtime.js",
          "Ran 165 tests in 47s",
          "\u2717 build failed with exit code 46",
          "pip: Downloading jest-4.6.tar.gz",
          "npm install: resolved 1053 packages",
          "[12:50:25] DEBUG: Connection pool: 6 active",
          "Coverage: 95% statements, 98% branches",
          "\u26a0 DEPRECATION: Feature will be removed in v2.0",
          "Cache saved successfully",
          "=== Step save_cache completed ==="
        ]
      },
      {
        "name": "install_dependencies",
        "status": "success",
        "started_at": "2025-12-01T12:50:29.572155",
        "finished_at": "2025-12-01T12:50:52.259587",
        "log_lines": [
          "=== Step: install_dependencies ===",
          "Step 2/17: Installing dependencies",
          "Already up to date.",
          "OK",
          "Test Suites: 49 passed, 50 total",
          "Switched to branch 'hotfix/task-856'",
          "pip: Downloading axios-2.9.tar.gz",
          "Already up to date.",
          "[12:50:25] DEBUG: Memory usage: 703MB",
          "Switched to branch 'hotfix/task-633'",
          "npm notice: package.json updated",
          "\u2713 Step 'setup' succeeded",
          "HEAD is now at eadb02d",
          "\u2713 Task completed in 1592ms",
          "[12:50:25] DEBUG: Query executed in 32ms",
          "Step 8/25: Deploying",
          "Artifact uploaded: build.tar.gz (12MB)",
          "Step 7/17: Running migrations",
          "[12:50:25] WARN: Deprecated API usage",
          "Pulling image: node:3.11",
          "pip: Collecting prettier",
          "Step 5/24: Linting",
          "Time: 75.523s",
          "\u2717 build failed with exit code 84",
          "Coverage: 82% statements, 65% branches",
          "Step 3/20: Testing",
          "\u2713 Step 'build' succeeded",
          "Step 18/21: Installing dependencies",
          "POST /upload - 200 (423ms)",
          "Finished.",
          "Done.",
          "Ready.",
          "Pulling image: alpine:3.11",
          "npm notice: package.json updated",
          "yarn add: Done in 21.13s",
          "\u2713 deploy completed",
          "Generating source maps...",
          "WARNING: webpack has known vulnerabilities",
          "Optimizing 96 modules...",
          "\u2713 Task completed in 1503ms",
          "pip install: Successfully installed react-4.2",
          "Step 14/21: Installing dependencies",
          "Snapshots: 27 passed, 44 total",
          "Ready.",
          "WARNING: eslint has known vulnerabilities",
          "Step 18/25: Linting",
          "Switched to branch 'bugfix/task-477'",
          "Cache invalidated: dependencies",
          "Exception: RuntimeError",
          "Step 9/15: Linting",
          "[12:50:25] DEBUG: Loading configuration",
          "Ready.",
          "Finished.",
          "Minifying main.js",
          "pip install: Successfully installed express-3.1",
          "pip install: Successfully installed axios-1.15",
          "Snapshots: 16 passed, 46 total",
          "Ready.",
          "Creating production build...",
          "Completed.",
          "Uploading artifact 'build' (21 files)",
          "Artifact downloaded: 10MB",
          "\u2717 build failed with exit code 22",
          "Pushing to registry...",
          "[12:50:25] INFO: Starting build process",
          "NODE_ENV=test",
          "Compiling src/service.java...",
          "[12:50:25] INFO: Connecting to database",
          "Time: 6.862s",
          "Compiling src/app.ts...",
          "npm install: added 60 packages",
          "Artifact uploaded: build.tar.gz (26MB)",
          "[12:50:25] INFO: Request completed",
          "\u26a0 DEPRECATION: Feature will be removed in v3.0",
          "[12:50:25] DEBUG: Memory usage: 150MB",
          "TLS handshake completed",
          "POST /upload - 202 (461ms)",
          "Verifying...",
          "Test Suites: 49 passed, 26 total",
          "Step 7/18: Testing",
          "[12:50:25] DEBUG: Query executed in 21ms",
          "Step 17/17: Testing",
          "Artifact downloaded: 31MB",
          "Ready.",
          "  PASS: e2e/test_user_create.spec.js",
          "[12:50:25] WARN: Deprecated API usage",
          "Cache miss for key-7505",
          "POST /data - 202 (43ms)",
          "[12:50:25] DEBUG: Query executed in 66ms",
          "Using Python 3.10",
          "npm notice: created a lockfile",
          "Environment: staging",
          "GET /api - 201 (81ms)",
          "[12:50:25] INFO: Cache refreshed",
          "[12:50:25] DEBUG: Initializing service",
          "Step 2/16: Linting",
          "Snapshots: 6 passed, 42 total",
          "[12:50:25] WARN: Deprecated API usage",
          "[12:50:25] DEBUG: Initializing service",
          "Step 17/24: Running migrations",
          "Fetching submodules...",
          "Installing webpack@2.19.3",
          "pip: Collecting axios",
          "Using Python 3.10",
          "Finished.",
          "[12:50:25] DEBUG: Memory usage: 1892MB",
          "Exception: ValueError",
          "[12:50:25] DEBUG: Initializing service",
          "Success!",
          "npm install: resolved 330 packages",
          "Success!",
          "Checking out main branch",
          "Bundling styles.js",
          "pip: Downloading express-5.4.tar.gz",
          "POST /upload - 202 (442ms)",
          "Step 10/16: Testing",
          "Layer 1/14: COPY command",
          "[12:50:25] INFO: Starting build process",
          "Time: 23.457s",
          "=== Step install_dependencies completed ==="
        ]
      },
      {
        "name": "restore_cache",
        "status": "success",
        "started_at": "2025-12-01T12:50:52.259587",
        "finished_at": "2025-12-01T12:50:56.797073",
        "log_lines": [
          "=== Step: restore_cache ===",
          "Fetching from https://pypi.org/package.json",
          "Transforming 595 files...",
          "npm install: resolved 1519 packages",
          "Ready.",
          "Switched to branch 'bugfix/task-311'",
          "pip: Installing build dependencies...",
          "Step 11/17: Building",
          "Test Suites: 38 passed, 34 total",
          "Environment: test",
          "Cache miss for key-7827",
          "Checking out master branch",
          "Fetching submodules...",
          "Fetching submodules...",
          "pip: Downloading jest-1.2.tar.gz",
          "Verifying...",
          "Processing...",
          "FAILED: test_db_connect",
          "Pushing to registry...",
          "Switched to branch 'hotfix/task-130'",
          "Pushing to registry...",
          "Cache miss for key-7466",
          "Using Node.js 18.7.8",
          "[12:50:25] WARN: Deprecated API usage",
          "Creating production build...",
          "Already up to date.",
          "Artifact uploaded: dist.zip (60MB)",
          "Step 20/25: Deploying",
          "[12:50:25] INFO: Starting build process",
          "Step 5/19: Building",
          "WARNING: axios has known vulnerabilities",
          "WARNING: prettier has known vulnerabilities",
          "Exception: NullPointerException",
          "Test Suites: 17 passed, 28 total",
          "[12:50:25] INFO: Processing request",
          "Artifact uploaded: dist.zip (16MB)",
          "Waiting...",
          "Connection established",
          "Cache miss for key-7487",
          "Optimizing 20 modules...",
          "Exception: NullPointerException",
          "[12:50:25] DEBUG: Initializing service",
          "Compiling lib/utils.go...",
          "Loading...",
          "Building Docker image...",
          "Step 4/25: Building",
          "Step 14/17: Testing",
          "[12:50:25] DEBUG: Query executed in 68ms",
          "Creating production build...",
          "Artifact uploaded: dist.zip (2MB)",
          "Coverage: 85% statements, 81% branches",
          "Test Suites: 31 passed, 32 total",
          "Optimizing 54 modules...",
          "Ran 46 tests in 29s",
          "POST /data - 202 (164ms)",
          "TLS handshake completed",
          "Connection established",
          "Pulling image: alpine:18",
          "[12:50:25] DEBUG: Loading configuration",
          "\u26a0 DEPRECATION: Feature will be removed in v3.0",
          "  PASS: test_cache_hit (73ms)",
          "Step 13/19: Building",
          "Loading...",
          "pip: Downloading lodash-5.11.tar.gz",
          "  PASS: unit/test_cache_hit.spec.js",
          "[12:50:25] INFO: Request completed",
          "Waiting...",
          "Coverage: 89% statements, 76% branches",
          "Building Docker image...",
          "npm notice: created a lockfile",
          "\u2713 Step 'test' succeeded",
          "pip: Downloading webpack-5.12.tar.gz",
          "Already up to date.",
          "Step 11/19: Testing",
          "Ready.",
          "Generating source maps...",
          "GET /api - 200 (16ms)",
          "Installing express@2.20.0",
          "Platform: darwin-arm64",
          "Done.",
          "\u2713 All checks passed",
          "Step 5/16: Installing dependencies",
          "Artifact uploaded: build.tar.gz (39MB)",
          "Optimizing 78 modules...",
          "Connection established",
          "Compiling components/service.java...",
          "[12:50:25] INFO: Starting build process",
          "[12:50:25] WARN: Deprecated API usage",
          "[12:50:25] DEBUG: Connection pool: 9 active",
          "pip: Installing build dependencies...",
          "Optimizing 99 modules...",
          "[12:50:25] DEBUG: Initializing service",
          "Completed.",
          "Processing...",
          "WARNING: axios has known vulnerabilities",
          "Exception: TypeError",
          "[12:50:25] INFO: Processing request",
          "Artifact downloaded: 24MB",
          "Connection established",
          "Fetching from https://docker.io/package.json",
          "Switched to branch 'bugfix/task-509'",
          "Tests: 165 passed, 428 total",
          "Artifact downloaded: 18MB",
          "Minifying vendor.js",
          "yarn add: Done in 24.49s",
          "[12:50:25] INFO: Cache refreshed",
          "[12:50:25] DEBUG: Memory usage: 1694MB",
          "Processing...",
          "Cache hit for key-2335",
          "Step 19/25: Linting",
          "Step 11/25: Linting",
          "Fetching submodules...",
          "[12:50:25] INFO: Cache refreshed",
          "Bundling runtime.css",
          "Ready.",
          "Step 10/18: Running migrations",
          "[12:50:25] INFO: Request completed",
          "OK",
          "Switched to branch 'bugfix/task-842'",
          "=== Step restore_cache completed ==="
        ]
      },
      {
        "name": "unit_tests",
        "status": "success",
        "started_at": "2025-12-01T12:50:56.797073",
        "finished_at": "2025-12-01T12:51:19.484505",
        "log_lines": [
          "=== Step: unit_tests ===",
          "npm notice: package.json updated",
          "Coverage: 93% statements, 60% branches",
          "Processing...",
          "Tests: 430 passed, 248 total",
          "[12:50:25] DEBUG: Connection pool: 19 active",
          "Installing express@1.19.3",
          "Compiling lib/service.java...",
          "Processing...",
          "\u2713 validate completed",
          "Exception: NullPointerException",
          "Step 13/15: Linting",
          "[12:50:25] INFO: Processing request",
          "Ran 13 tests in 59s",
          "Switched to branch 'hotfix/task-934'",
          "Bundling styles.css",
          "TLS handshake completed",
          "[12:50:25] DEBUG: Memory usage: 1708MB",
          "Time: 58.623s",
          "Compiling lib/index.js...",
          "Artifact downloaded: 43MB",
          "FAILED: test_db_connect",
          "Cache miss for key-9506",
          "Step 2/16: Testing",
          "Cache miss for key-3038",
          "Snapshots: 11 passed, 41 total",
          "GET /api - 201 (71ms)",
          "Cache miss for key-1058",
          "Cache restored successfully (480MB)",
          "Cache invalidated: build",
          "Tests: 65 passed, 438 total",
          "Coverage: 81% statements, 63% branches",
          "Ready.",
          "[12:50:25] DEBUG: Connection pool: 12 active",
          "Processing...",
          "TLS handshake completed",
          "Step 8/15: Running migrations",
          "WARNING: eslint has known vulnerabilities",
          "\u2713 Step 'build' succeeded",
          "Uploading artifact 'dist' (28 files)",
          "Checking out develop branch",
          "Cache restored successfully (209MB)",
          "\u2713 Step 'checkout' succeeded",
          "Bundling vendor.js",
          "OK",
          "Switched to branch 'bugfix/task-738'",
          "Using Python 3.9",
          "[12:50:25] DEBUG: Initializing service",
          "Switched to branch 'feature/task-712'",
          "Step 18/17: Testing",
          "Coverage: 72% statements, 79% branches",
          "Building Docker image...",
          "Compiling lib/main.py...",
          "Uploading artifact 'dist' (19 files)",
          "Bundling styles.js",
          "NODE_ENV=test",
          "pip: Downloading webpack-4.4.tar.gz",
          "Layer 8/15: RUN command",
          "Cache restored successfully (85MB)",
          "pip: Installing build dependencies...",
          "[12:50:25] INFO: Cache refreshed",
          "Image pulled successfully",
          "pip: Installing build dependencies...",
          "Tests: 280 passed, 159 total",
          "\u2717 build failed with exit code 54",
          "npm install: added 338 packages",
          "Step 1/23: Testing",
          "Artifact downloaded: 49MB",
          "WARNING: webpack has known vulnerabilities",
          "Cache restored successfully (160MB)",
          "Step 19/15: Linting",
          "Creating production build...",
          "Pushing to registry...",
          "\u2713 Step 'test' succeeded",
          "pip: Collecting lodash",
          "[12:50:25] INFO: Request completed",
          "pip: Installing build dependencies...",
          "Pulling image: alpine:latest",
          "Environment: staging",
          "pip install: Successfully installed react-3.3",
          "pip: Collecting react",
          "Step 7/24: Deploying",
          "[12:50:25] ERROR: Connection failed",
          "Coverage: 100% statements, 89% branches",
          "[12:50:25] INFO: Connecting to database",
          "OK",
          "Minifying main.js",
          "[12:50:25] INFO: Cache refreshed",
          "[12:50:25] DEBUG: Memory usage: 146MB",
          "Connection established",
          "  PASS: e2e/test_api_health.spec.js",
          "pip: Collecting lodash",
          "NODE_ENV=development",
          "\u2717 build failed with exit code 24",
          "Already up to date.",
          "Using Node.js 18.14.8",
          "Compiling utils/utils.go...",
          "pip: Downloading axios-5.6.tar.gz",
          "\u2713 All checks passed",
          "  PASS: test_api_health (380ms)",
          "Snapshots: 11 passed, 7 total",
          "Fetching from https://googleapis.com/package.json",
          "pip install: Successfully installed react-1.3",
          "Compiling utils/handler.rs...",
          "POST /data - 202 (110ms)",
          "Generating source maps...",
          "Step 18/21: Deploying",
          "Processing...",
          "Done.",
          "[12:50:25] INFO: Connecting to database",
          "Artifact uploaded: dist.zip (65MB)",
          "Optimizing 46 modules...",
          "Artifact uploaded: dist.zip (10MB)",
          "Snapshots: 19 passed, 47 total",
          "Cache saved successfully",
          "Cache hit for key-1075",
          "\u26a0 DEPRECATION: Feature will be removed in v4.0",
          "Artifact downloaded: 6MB",
          "WARNING: eslint has known vulnerabilities",
          "=== Step unit_tests completed ==="
        ]
      },
      {
        "name": "deploy_production",
        "status": "success",
        "started_at": "2025-12-01T12:51:19.484505",
        "finished_at": "2025-12-01T12:51:22.509496",
        "log_lines": [
          "=== Step: deploy_production ===",
          "[12:50:25] DEBUG: Initializing service",
          "[12:50:25] WARN: Deprecated API usage",
          "Fetching from https://amazonaws.com/package.json",
          "Environment: production",
          "Cache saved successfully",
          "Compiling src/service.java...",
          "Minifying main.js",
          "\u26a0 DEPRECATION: Feature will be removed in v5.0",
          "Pulling image: python:18",
          "Cache saved successfully",
          "Artifact uploaded: build.tar.gz (16MB)",
          "Step 7/20: Testing",
          "Step 9/23: Installing dependencies",
          "Checking out master branch",
          "Processing...",
          "Verifying...",
          "Using Python 3.10",
          "[12:50:25] WARN: Deprecated API usage",
          "Coverage: 70% statements, 79% branches",
          "Bundling runtime.js",
          "Using Python 3.12",
          "[12:50:25] DEBUG: Connection pool: 12 active",
          "\u2717 build failed with exit code 125",
          "[12:50:25] INFO: Starting build process",
          "yarn add: Done in 26.54s",
          "\u26a0 DEPRECATION: Feature will be removed in v2.0",
          "[12:50:25] INFO: Processing request",
          "npm install: resolved 1227 packages",
          "NODE_ENV=production",
          "[12:50:25] ERROR: Connection failed",
          "Cache restored successfully (14MB)",
          "Creating production build...",
          "FAILED: test_user_create",
          "pip: Installing build dependencies...",
          "\u26a0 DEPRECATION: Feature will be removed in v5.0",
          "Waiting...",
          "Cache miss for key-9067",
          "[12:50:25] DEBUG: Query executed in 20ms",
          "Artifact uploaded: dist.zip (70MB)",
          "Platform: win32-x64",
          "npm notice: package.json updated",
          "Building Docker image...",
          "[12:50:25] INFO: Cache refreshed",
          "[12:50:25] INFO: Request completed",
          "  PASS: test_auth_login (228ms)",
          "Coverage: 96% statements, 87% branches",
          "pip: Collecting express",
          "Checking out develop branch",
          "Transforming 317 files...",
          "Layer 5/12: ENV command",
          "Checking out main branch",
          "[12:50:25] ERROR: Connection failed",
          "Cache saved successfully",
          "[12:50:25] INFO: Request completed",
          "NODE_ENV=production",
          "npm install: added 136 packages",
          "OK",
          "\u26a0 DEPRECATION: Feature will be removed in v5.0",
          "Bundling vendor.css",
          "Step 9/25: Deploying",
          "Using Python 3.10",
          "npm install: added 328 packages",
          "WARNING: eslint has known vulnerabilities",
          "Finished.",
          "Step 19/25: Linting",
          "Step 2/19: Building",
          "pip: Installing build dependencies...",
          "  PASS: e2e/test_db_connect.spec.js",
          "Compiling utils/index.js...",
          "\u26a0 DEPRECATION: Feature will be removed in v2.0",
          "Step 13/16: Running migrations",
          "[12:50:25] WARN: Deprecated API usage",
          "Completed.",
          "[12:50:25] INFO: Processing request",
          "Step 4/18: Deploying",
          "Snapshots: 29 passed, 48 total",
          "POST /upload - 202 (435ms)",
          "[12:50:25] DEBUG: Connection pool: 6 active",
          "Waiting...",
          "Compiling lib/utils.go...",
          "pip install: Successfully installed react-2.5",
          "Fetching submodules...",
          "Completed.",
          "[12:50:25] DEBUG: Initializing service",
          "Exception: TypeError",
          "Coverage: 88% statements, 78% branches",
          "[12:50:25] DEBUG: Initializing service",
          "Coverage: 76% statements, 74% branches",
          "[12:50:25] WARN: Deprecated API usage",
          "Optimizing 98 modules...",
          "TLS handshake completed",
          "pip: Collecting axios",
          "[12:50:25] DEBUG: Connection pool: 12 active",
          "Platform: linux-x64",
          "\u26a0 DEPRECATION: Feature will be removed in v2.0",
          "[12:50:25] DEBUG: Initializing service",
          "Loading...",
          "Building Docker image...",
          "Step 8/16: Installing dependencies",
          "Cache hit for key-5581",
          "Artifact uploaded: build.tar.gz (30MB)",
          "WARNING: prettier has known vulnerabilities",
          "Compiling src/main.py...",
          "Already up to date.",
          "Cache hit for key-2864",
          "Checking out main branch",
          "  PASS: integration/test_cache_hit.spec.js",
          "\u2713 Step 'test' succeeded",
          "TLS handshake completed",
          "Layer 4/12: COPY command",
          "Finished.",
          "Compiling components/utils.go...",
          "WARNING: express has known vulnerabilities",
          "yarn add: Done in 18.59s",
          "Exception: NullPointerException",
          "Step 8/17: Deploying",
          "Fetching from https://registry.npmjs.org/package.json",
          "Bundling styles.css",
          "=== Step deploy_production completed ==="
        ]
      },
      {
        "name": "setup_environment",
        "status": "success",
        "started_at": "2025-12-01T12:51:22.509496",
        "finished_at": "2025-12-01T12:51:30.071973",
        "log_lines": [
          "=== Step: setup_environment ===",
          "Pushing to registry...",
          "GET /api - 201 (37ms)",
          "Cache miss for key-7659",
          "\u26a0 DEPRECATION: Feature will be removed in v5.0",
          "Cache invalidated: dependencies",
          "[12:50:25] INFO: Cache refreshed",
          "HEAD is now at 3f0cfaf",
          "POST /upload - 202 (255ms)",
          "Layer 1/8: RUN command",
          "Already up to date.",
          "Layer 2/9: COPY command",
          "Compiling src/main.py...",
          "WARNING: react has known vulnerabilities",
          "Optimizing 14 modules...",
          "Step 11/17: Building",
          "Step 1/23: Building",
          "  PASS: test_user_create (118ms)",
          "Fetching submodules...",
          "\u2717 build failed with exit code 40",
          "\u2713 Step 'build' succeeded",
          "Cache restored successfully (182MB)",
          "[12:50:25] INFO: Starting build process",
          "Checking out develop branch",
          "Ran 97 tests in 60s",
          "POST /data - 201 (249ms)",
          "WARNING: axios has known vulnerabilities",
          "npm notice: created a lockfile",
          "Time: 31.114s",
          "[12:50:25] WARN: Deprecated API usage",
          "  PASS: test_user_create (188ms)",
          "Artifact uploaded: build.tar.gz (27MB)",
          "\u2713 Step 'install' succeeded",
          "Already up to date.",
          "[12:50:25] INFO: Starting build process",
          "NODE_ENV=development",
          "GET /api - 200 (94ms)",
          "Fetching submodules...",
          "Already up to date.",
          "Artifact uploaded: build.tar.gz (1MB)",
          "Artifact uploaded: build.tar.gz (25MB)",
          "NODE_ENV=production",
          "npm notice: created a lockfile",
          "Image pulled successfully",
          "Cache invalidated: node_modules",
          "Compiling components/utils.go...",
          "POST /api - 201 (358ms)",
          "[12:50:25] INFO: Request completed",
          "[12:50:25] INFO: Cache refreshed",
          "Done.",
          "[12:50:25] DEBUG: Memory usage: 939MB",
          "[12:50:25] INFO: Starting build process",
          "npm install: added 112 packages",
          "Using Python 3.12",
          "Compiling components/index.js...",
          "Loading...",
          "Waiting...",
          "[12:50:25] DEBUG: Loading configuration",
          "\u2713 build completed",
          "Environment: production",
          "Step 5/15: Deploying",
          "Verifying...",
          "Cache restored successfully (262MB)",
          "[12:50:25] INFO: Cache refreshed",
          "Switched to branch 'bugfix/task-811'",
          "Already up to date.",
          "npm install: resolved 310 packages",
          "npm install: resolved 130 packages",
          "[12:50:25] DEBUG: Initializing service",
          "\u2713 All checks passed",
          "Ready.",
          "Bundling runtime.js",
          "Artifact downloaded: 6MB",
          "Done.",
          "\u2713 Task completed in 4436ms",
          "Compiling utils/index.js...",
          "Environment: staging",
          "HEAD is now at 56f66d0",
          "  PASS: test_cache_hit (145ms)",
          "pip: Installing build dependencies...",
          "Cache restored successfully (139MB)",
          "  PASS: test_db_connect (284ms)",
          "Checking out develop branch",
          "[12:50:25] WARN: Deprecated API usage",
          "POST /data - 202 (381ms)",
          "\u2713 All checks passed",
          "Ran 155 tests in 3s",
          "TLS handshake completed",
          "Cache restored successfully (456MB)",
          "WARNING: jest has known vulnerabilities",
          "Cache hit for key-1546",
          "  PASS: integration/test_db_connect.spec.js",
          "Compiling src/utils.go...",
          "Environment: test",
          "NODE_ENV=production",
          "Artifact uploaded: dist.zip (71MB)",
          "Loading...",
          "Verifying...",
          "Using Node.js 19.15.3",
          "npm install: added 189 packages",
          "\u2713 Task completed in 3014ms",
          "[12:50:25] WARN: Deprecated API usage",
          "[12:50:25] DEBUG: Memory usage: 1848MB",
          "Done.",
          "Coverage: 85% statements, 75% branches",
          "Finished.",
          "[12:50:25] DEBUG: Initializing service",
          "Artifact uploaded: build.tar.gz (28MB)",
          "Building Docker image...",
          "  PASS: unit/test_user_create.spec.js",
          "Bundling vendor.css",
          "Cache saved successfully",
          "npm notice: package.json updated",
          "\u2713 Task completed in 4465ms",
          "Platform: win32-x64",
          "Step 6/23: Building",
          "Compiling utils/index.js...",
          "Transforming 329 files...",
          "Layer 6/8: RUN command",
          "=== Step setup_environment completed ==="
        ]
      },
      {
        "name": "integration_tests",
        "status": "success",
        "started_at": "2025-12-01T12:51:30.071973",
        "finished_at": "2025-12-01T12:51:45.196928",
        "log_lines": [
          "=== Step: integration_tests ===",
          "npm notice: created a lockfile",
          "\u2713 All checks passed",
          "\u26a0 DEPRECATION: Feature will be removed in v5.0",
          "Minifying app.js",
          "[12:50:25] WARN: Deprecated API usage",
          "Pulling image: python:18",
          "Pulling image: alpine:latest",
          "Step 1/15: Installing dependencies",
          "Using Python 3.12",
          "\u26a0 DEPRECATION: Feature will be removed in v5.0",
          "Loading...",
          "Fetching from https://github.com/package.json",
          "[12:50:25] INFO: Connecting to database",
          "  PASS: integration/test_api_health.spec.js",
          "[12:50:25] WARN: Deprecated API usage",
          "npm install: added 280 packages",
          "Coverage: 78% statements, 70% branches",
          "Building Docker image...",
          "Completed.",
          "  PASS: unit/test_cache_hit.spec.js",
          "[12:50:25] INFO: Request completed",
          "pip: Downloading express-2.4.tar.gz",
          "Cache invalidated: build",
          "Optimizing 34 modules...",
          "NODE_ENV=development",
          "[12:50:25] DEBUG: Initializing service",
          "Cache miss for key-9478",
          "Cache invalidated: dependencies",
          "Image pulled successfully",
          "WARNING: lodash has known vulnerabilities",
          "Ran 82 tests in 37s",
          "npm install: added 394 packages",
          "Done.",
          "Uploading artifact 'dist' (40 files)",
          "Cache miss for key-9689",
          "Step 11/21: Installing dependencies",
          "Finished.",
          "Verifying...",
          "Installing axios@2.1.6",
          "Environment: development",
          "TLS handshake completed",
          "Completed.",
          "npm notice: package.json updated",
          "WARNING: prettier has known vulnerabilities",
          "Switched to branch 'hotfix/task-362'",
          "Cache invalidated: build",
          "Ran 80 tests in 42s",
          "[12:50:25] DEBUG: Query executed in 16ms",
          "[12:50:25] DEBUG: Query executed in 47ms",
          "Pulling image: node:18",
          "\u2713 Task completed in 1414ms",
          "pip install: Successfully installed react-4.20",
          "Waiting...",
          "Minifying vendor.js",
          "HEAD is now at afdffb2",
          "Compiling utils/main.py...",
          "yarn add: Done in 7.87s",
          "Using Python 3.11",
          "pip: Collecting jest",
          "pip: Downloading eslint-3.10.tar.gz",
          "HEAD is now at edd4799",
          "[12:50:25] INFO: Cache refreshed",
          "[12:50:25] INFO: Processing request",
          "Step 16/18: Running migrations",
          "Building Docker image...",
          "Step 17/18: Deploying",
          "Artifact uploaded: build.tar.gz (35MB)",
          "[12:50:25] INFO: Connecting to database",
          "[12:50:25] WARN: Deprecated API usage",
          "HEAD is now at 7b2381e",
          "[12:50:25] INFO: Cache refreshed",
          "Environment: development",
          "Creating production build...",
          "Tests: 216 passed, 479 total",
          "Step 6/21: Linting",
          "[12:50:25] INFO: Processing request",
          "Ran 120 tests in 22s",
          "Switched to branch 'feature/task-550'",
          "[12:50:25] DEBUG: Initializing service",
          "pip: Installing build dependencies...",
          "Pushing to registry...",
          "Compiling components/index.js...",
          "[12:50:25] WARN: Deprecated API usage",
          "Exception: ValueError",
          "\u2713 Step 'setup' succeeded",
          "[12:50:25] DEBUG: Memory usage: 1533MB",
          "Bundling styles.js",
          "Success!",
          "pip: Installing build dependencies...",
          "Optimizing 34 modules...",
          "Image pulled successfully",
          "[12:50:25] WARN: Deprecated API usage",
          "pip: Installing build dependencies...",
          "pip: Collecting eslint",
          "Compiling lib/service.java...",
          "Checking out develop branch",
          "Finished.",
          "Compiling src/app.ts...",
          "\u26a0 DEPRECATION: Feature will be removed in v4.0",
          "[12:50:25] ERROR: Connection failed",
          "Uploading artifact 'coverage' (20 files)",
          "Waiting...",
          "Step 1/21: Building",
          "[12:50:25] DEBUG: Connection pool: 7 active",
          "  PASS: unit/test_db_connect.spec.js",
          "Minifying main.js",
          "Transforming 934 files...",
          "Step 15/22: Linting",
          "WARNING: axios has known vulnerabilities",
          "[12:50:25] DEBUG: Memory usage: 222MB",
          "[12:50:25] ERROR: Connection failed",
          "Processing...",
          "Transforming 657 files...",
          "Processing...",
          "\u2713 Step 'test' succeeded",
          "[12:50:25] INFO: Starting build process",
          "Cache saved successfully",
          "Cache invalidated: build",
          "=== Step integration_tests completed ==="
        ]
      },
      {
        "name": "e2e_tests",
        "status": "success",
        "started_at": "2025-12-01T12:51:45.196928",
        "finished_at": "2025-12-01T12:51:52.759405",
        "log_lines": [
          "=== Step: e2e_tests ===",
          "OK",
          "[12:50:25] DEBUG: Loading configuration",
          "Cache restored successfully (451MB)",
          "POST /upload - 202 (186ms)",
          "Tests: 389 passed, 365 total",
          "npm notice: package.json updated",
          "Test Suites: 43 passed, 41 total",
          "Installing jest@5.2.1",
          "Step 6/21: Running migrations",
          "[12:50:25] INFO: Starting build process",
          "[12:50:25] WARN: Deprecated API usage",
          "Loading...",
          "Exception: NullPointerException",
          "Step 13/15: Testing",
          "[12:50:25] DEBUG: Loading configuration",
          "[12:50:25] INFO: Starting build process",
          "\u2713 deploy completed",
          "Minifying main.js",
          "pip: Installing build dependencies...",
          "Image pulled successfully",
          "Cache invalidated: dependencies",
          "Test Suites: 28 passed, 41 total",
          "Cache saved successfully",
          "npm install: added 429 packages",
          "[12:50:25] INFO: Request completed",
          "Transforming 409 files...",
          "Uploading artifact 'build' (44 files)",
          "Step 13/24: Building",
          "Fetching submodules...",
          "Ran 30 tests in 10s",
          "[12:50:25] INFO: Request completed",
          "Fetching from https://npmjs.org/package.json",
          "Uploading artifact 'build' (12 files)",
          "Building Docker image...",
          "Coverage: 91% statements, 70% branches",
          "yarn add: Done in 11.0s",
          "Fetching submodules...",
          "Compiling components/utils.go...",
          "Exception: RuntimeError",
          "Compiling lib/service.java...",
          "Test Suites: 42 passed, 30 total",
          "NODE_ENV=test",
          "Completed.",
          "Ready.",
          "Switched to branch 'hotfix/task-989'",
          "npm notice: package.json updated",
          "WARNING: webpack has known vulnerabilities",
          "Step 6/23: Running migrations",
          "Fetching from https://registry.npmjs.org/package.json",
          "[12:50:25] INFO: Starting build process",
          "Waiting...",
          "[12:50:25] DEBUG: Connection pool: 6 active",
          "pip install: Successfully installed lodash-1.14",
          "yarn add: Done in 23.74s",
          "\u2713 package completed",
          "Step 5/21: Linting",
          "[12:50:25] INFO: Starting build process",
          "Fetching from https://githubusercontent.com/package.json",
          "Layer 2/11: ENV command",
          "POST /upload - 202 (419ms)",
          "Using Node.js 19.16.1",
          "  PASS: test_db_connect (493ms)",
          "\u2713 package completed",
          "Fetching submodules...",
          "Environment: production",
          "POST /api - 202 (459ms)",
          "npm install: resolved 302 packages",
          "Connection established",
          "Ready.",
          "Artifact uploaded: dist.zip (7MB)",
          "Coverage: 88% statements, 99% branches",
          "Environment: staging",
          "[12:50:25] INFO: Starting build process",
          "\u2717 build failed with exit code 103",
          "Fetching from https://github.com/package.json",
          "Minifying main.js",
          "Generating source maps...",
          "WARNING: jest has known vulnerabilities",
          "Optimizing 59 modules...",
          "Step 8/18: Building",
          "Step 1/21: Deploying",
          "[12:50:25] DEBUG: Initializing service",
          "pip: Installing build dependencies...",
          "Snapshots: 19 passed, 1 total",
          "[12:50:25] DEBUG: Connection pool: 16 active",
          "Compiling lib/utils.go...",
          "[12:50:25] INFO: Starting build process",
          "pip install: Successfully installed webpack-2.18",
          "HEAD is now at 9ced01e",
          "npm notice: created a lockfile",
          "NODE_ENV=production",
          "[12:50:25] DEBUG: Loading configuration",
          "POST /api - 201 (284ms)",
          "  PASS: test_auth_login (366ms)",
          "[12:50:25] DEBUG: Initializing service",
          "  PASS: e2e/test_cache_hit.spec.js",
          "[12:50:25] DEBUG: Query executed in 90ms",
          "[12:50:25] DEBUG: Connection pool: 13 active",
          "Layer 6/12: RUN command",
          "Building Docker image...",
          "Cache restored successfully (35MB)",
          "Step 8/16: Installing dependencies",
          "Installing react@1.19.2",
          "Cache hit for key-4769",
          "Building Docker image...",
          "Pulling image: alpine:latest",
          "Switched to branch 'hotfix/task-424'",
          "\u26a0 DEPRECATION: Feature will be removed in v5.0",
          "Waiting...",
          "WARNING: prettier has known vulnerabilities",
          "Waiting...",
          "Pulling image: python:latest",
          "Switched to branch 'feature/task-598'",
          "Ran 115 tests in 1s",
          "Finished.",
          "Step 19/21: Building",
          "Verifying...",
          "  PASS: unit/test_user_create.spec.js",
          "=== Step e2e_tests completed ==="
        ]
      },
      {
        "name": "deploy_staging",
        "status": "success",
        "started_at": "2025-12-01T12:51:52.759405",
        "finished_at": "2025-12-01T12:52:00.321882",
        "log_lines": [
          "=== Step: deploy_staging ===",
          "Waiting...",
          "Waiting...",
          "Waiting...",
          "[12:50:25] DEBUG: Connection pool: 12 active",
          "  PASS: test_auth_login (31ms)",
          "Compiling components/main.py...",
          "[12:50:25] INFO: Processing request",
          "Step 11/24: Installing dependencies",
          "Step 14/22: Linting",
          "Done.",
          "Success!",
          "\u2713 Step 'test' succeeded",
          "Ran 161 tests in 40s",
          "[12:50:25] INFO: Starting build process",
          "npm notice: created a lockfile",
          "Snapshots: 31 passed, 16 total",
          "npm install: added 308 packages",
          "Test Suites: 26 passed, 25 total",
          "Cache miss for key-4139",
          "  PASS: integration/test_api_health.spec.js",
          "Cache miss for key-4434",
          "Step 14/18: Linting",
          "[12:50:25] WARN: Deprecated API usage",
          "Fetching submodules...",
          "Completed.",
          "NODE_ENV=development",
          "npm notice: package.json updated",
          "Connection established",
          "\u2713 build completed",
          "Checking out develop branch",
          "Test Suites: 16 passed, 9 total",
          "\u2713 All checks passed",
          "TLS handshake completed",
          "\u2713 test completed",
          "Building Docker image...",
          "Minifying app.js",
          "\u2713 All checks passed",
          "Step 16/20: Testing",
          "\u2713 Task completed in 2006ms",
          "WARNING: webpack has known vulnerabilities",
          "pip: Installing build dependencies...",
          "Minifying vendor.js",
          "Checking out master branch",
          "Cache miss for key-2179",
          "TLS handshake completed",
          "pip: Collecting webpack",
          "Transforming 930 files...",
          "[12:50:25] WARN: Deprecated API usage",
          "Artifact downloaded: 18MB",
          "Checking out main branch",
          "Using Node.js 17.1.3",
          "WARNING: eslint has known vulnerabilities",
          "Compiling utils/utils.go...",
          "\u2717 build failed with exit code 121",
          "[12:50:25] INFO: Connecting to database",
          "\u2717 build failed with exit code 10",
          "Generating source maps...",
          "Fetching from https://registry.npmjs.org/package.json",
          "Compiling components/handler.rs...",
          "[12:50:25] WARN: Deprecated API usage",
          "[12:50:25] INFO: Starting build process",
          "Compiling components/utils.go...",
          "Fetching from https://githubusercontent.com/package.json",
          "Verifying...",
          "npm notice: created a lockfile",
          "Verifying...",
          "\u2713 Step 'setup' succeeded",
          "Transforming 807 files...",
          "Platform: linux-x64",
          "\u26a0 DEPRECATION: Feature will be removed in v5.0",
          "Compiling lib/utils.go...",
          "Coverage: 91% statements, 84% branches",
          "[12:50:25] INFO: Starting build process",
          "yarn add: Done in 11.88s",
          "  PASS: test_db_connect (8ms)",
          "\u26a0 DEPRECATION: Feature will be removed in v2.0",
          "Processing...",
          "Loading...",
          "Checking out main branch",
          "Cache hit for key-5997",
          "[12:50:25] DEBUG: Loading configuration",
          "npm install: added 500 packages",
          "[12:50:25] DEBUG: Query executed in 96ms",
          "WARNING: eslint has known vulnerabilities",
          "pip: Collecting prettier",
          "Completed.",
          "Ran 157 tests in 38s",
          "Uploading artifact 'dist' (40 files)",
          "[12:50:25] INFO: Processing request",
          "HEAD is now at 86165ea",
          "[12:50:25] INFO: Request completed",
          "Connection established",
          "Time: 116.797s",
          "  PASS: test_cache_hit (167ms)",
          "[12:50:25] DEBUG: Initializing service",
          "Time: 82.585s",
          "\u2713 All checks passed",
          "POST /data - 200 (454ms)",
          "[12:50:25] WARN: Deprecated API usage",
          "\u26a0 DEPRECATION: Feature will be removed in v5.0",
          "[12:50:25] INFO: Processing request",
          "[12:50:25] DEBUG: Initializing service",
          "Using Node.js 14.17.9",
          "Verifying...",
          "Cache hit for key-8464",
          "\u2713 All checks passed",
          "Compiling components/index.js...",
          "npm install: resolved 281 packages",
          "Checking out main branch",
          "Done.",
          "\u26a0 DEPRECATION: Feature will be removed in v5.0",
          "\u2713 lint completed",
          "Step 5/18: Running migrations",
          "npm install: resolved 1049 packages",
          "Optimizing 86 modules...",
          "Optimizing 17 modules...",
          "OK",
          "Artifact uploaded: dist.zip (64MB)",
          "=== Step deploy_staging completed ==="
        ]
      },
      {
        "name": "lint",
        "status": "success",
        "started_at": "2025-12-01T12:52:00.321882",
        "finished_at": "2025-12-01T12:52:07.884359",
        "log_lines": [
          "=== Step: lint ===",
          "Waiting...",
          "POST /upload - 200 (234ms)",
          "Step 20/19: Installing dependencies",
          "[12:50:25] INFO: Cache refreshed",
          "  PASS: integration/test_db_connect.spec.js",
          "Time: 107.470s",
          "Cache saved successfully",
          "  PASS: test_api_health (134ms)",
          "  PASS: test_cache_hit (358ms)",
          "WARNING: eslint has known vulnerabilities",
          "GET /health - 200 (29ms)",
          "[12:50:25] DEBUG: Memory usage: 486MB",
          "Ready.",
          "Test Suites: 32 passed, 22 total",
          "Layer 10/11: ENV command",
          "POST /api - 202 (101ms)",
          "GET /status - 200 (80ms)",
          "[12:50:25] DEBUG: Query executed in 68ms",
          "Cache invalidated: dependencies",
          "Generating source maps...",
          "GET /status - 201 (5ms)",
          "Transforming 627 files...",
          "Using Node.js 14.0.9",
          "Fetching submodules...",
          "Layer 10/9: RUN command",
          "Time: 27.148s",
          "pip install: Successfully installed jest-1.17",
          "\u2713 Task completed in 820ms",
          "Cache restored successfully (251MB)",
          "pip: Downloading axios-5.10.tar.gz",
          "pip: Downloading eslint-5.9.tar.gz",
          "Bundling runtime.js",
          "Artifact uploaded: build.tar.gz (48MB)",
          "Fetching submodules...",
          "pip install: Successfully installed axios-3.14",
          "yarn add: Done in 3.89s",
          "[12:50:25] WARN: Deprecated API usage",
          "Success!",
          "WARNING: jest has known vulnerabilities",
          "npm notice: package.json updated",
          "Pulling image: node:latest",
          "[12:50:25] WARN: Deprecated API usage",
          "[12:50:25] INFO: Starting build process",
          "Transforming 454 files...",
          "Tests: 306 passed, 291 total",
          "Using Python 3.12",
          "Optimizing 65 modules...",
          "\u26a0 DEPRECATION: Feature will be removed in v3.0",
          "Step 9/19: Installing dependencies",
          "Step 4/17: Installing dependencies",
          "OK",
          "Step 3/19: Installing dependencies",
          "Test Suites: 37 passed, 9 total",
          "Compiling lib/main.py...",
          "[12:50:25] WARN: Deprecated API usage",
          "\u2713 All checks passed",
          "Cache invalidated: build",
          "Step 8/23: Linting",
          "Step 3/22: Building",
          "Compiling components/app.ts...",
          "Finished.",
          "Step 20/16: Testing",
          "Step 5/15: Testing",
          "Ready.",
          "Building Docker image...",
          "Waiting...",
          "Pushing to registry...",
          "[12:50:25] DEBUG: Query executed in 18ms",
          "[12:50:25] DEBUG: Loading configuration",
          "Cache saved successfully",
          "Switched to branch 'bugfix/task-409'",
          "yarn add: Done in 22.74s",
          "Verifying...",
          "TLS handshake completed",
          "\u2713 Step 'test' succeeded",
          "  PASS: test_auth_login (311ms)",
          "  PASS: test_user_create (262ms)",
          "[12:50:25] DEBUG: Memory usage: 602MB",
          "Environment: development",
          "Fetching submodules...",
          "Checking out develop branch",
          "Compiling src/app.ts...",
          "\u2713 package completed",
          "Done.",
          "Tests: 391 passed, 104 total",
          "[12:50:25] DEBUG: Memory usage: 1070MB",
          "Waiting...",
          "Cache invalidated: dependencies",
          "Cache miss for key-5384",
          "Fetching from https://amazonaws.com/package.json",
          "Ran 165 tests in 32s",
          "Artifact downloaded: 18MB",
          "Done.",
          "Cache saved successfully",
          "Already up to date.",
          "[12:50:25] DEBUG: Memory usage: 1258MB",
          "Done.",
          "[12:50:25] ERROR: Connection failed",
          "POST /upload - 202 (177ms)",
          "[12:50:25] INFO: Cache refreshed",
          "[12:50:25] DEBUG: Memory usage: 1144MB",
          "yarn add: Done in 10.53s",
          "Compiling src/service.java...",
          "\u2713 All checks passed",
          "  PASS: test_auth_login (129ms)",
          "npm notice: package.json updated",
          "pip: Installing build dependencies...",
          "Layer 7/13: COPY command",
          "[12:50:25] DEBUG: Memory usage: 905MB",
          "[12:50:25] INFO: Request completed",
          "Success!",
          "pip: Downloading axios-2.0.tar.gz",
          "[12:50:25] INFO: Connecting to database",
          "Verifying...",
          "Snapshots: 35 passed, 27 total",
          "Processing...",
          "pip install: Successfully installed react-3.11",
          "Compiling components/main.py...",
          "=== Step lint completed ==="
        ]
      },
      {
        "name": "upload_artifacts",
        "status": "success",
        "started_at": "2025-12-01T12:52:07.884359",
        "finished_at": "2025-12-01T12:52:15.446836",
        "log_lines": [
          "=== Step: upload_artifacts ===",
          "Cache saved successfully",
          "Using Python 3.12",
          "POST /upload - 200 (341ms)",
          "Platform: linux-x64",
          "Compiling src/utils.go...",
          "\u2717 build failed with exit code 95",
          "POST /upload - 201 (269ms)",
          "Pulling image: python:latest",
          "[12:50:25] ERROR: Connection failed",
          "npm install: resolved 165 packages",
          "\u2713 Step 'test' succeeded",
          "Ready.",
          "Waiting...",
          "\u2713 deploy completed",
          "Step 17/25: Testing",
          "Coverage: 86% statements, 100% branches",
          "Coverage: 81% statements, 80% branches",
          "Using Node.js 17.8.3",
          "Artifact downloaded: 46MB",
          "[12:50:25] DEBUG: Loading configuration",
          "Artifact uploaded: build.tar.gz (30MB)",
          "Done.",
          "GET /status - 204 (23ms)",
          "Pulling image: python:18",
          "Transforming 974 files...",
          "[12:50:25] INFO: Cache refreshed",
          "POST /data - 200 (309ms)",
          "pip install: Successfully installed lodash-2.8",
          "Cache saved successfully",
          "WARNING: jest has known vulnerabilities",
          "[12:50:25] INFO: Starting build process",
          "[12:50:25] INFO: Connecting to database",
          "\u26a0 DEPRECATION: Feature will be removed in v4.0",
          "Artifact uploaded: build.tar.gz (2MB)",
          "\u2713 Task completed in 900ms",
          "Ran 33 tests in 42s",
          "Layer 1/8: ENV command",
          "\u2713 Task completed in 609ms",
          "Artifact downloaded: 26MB",
          "Building Docker image...",
          "pip: Downloading express-4.12.tar.gz",
          "[12:50:25] DEBUG: Connection pool: 14 active",
          "Time: 61.82s",
          "Pushing to registry...",
          "Generating source maps...",
          "\u2713 Step 'build' succeeded",
          "Creating production build...",
          "GET /health - 200 (15ms)",
          "yarn add: Done in 8.64s",
          "Environment: production",
          "Bundling styles.js",
          "Installing lodash@1.3.4",
          "\u26a0 DEPRECATION: Feature will be removed in v2.0",
          "  PASS: test_db_connect (176ms)",
          "pip install: Successfully installed prettier-1.11",
          "Installing jest@3.11.5",
          "Compiling src/utils.go...",
          "Fetching submodules...",
          "[12:50:25] DEBUG: Query executed in 29ms",
          "[12:50:25] INFO: Starting build process",
          "Connection established",
          "Compiling utils/index.js...",
          "Connection established",
          "yarn add: Done in 1.20s",
          "[12:50:25] INFO: Starting build process",
          "Connection established",
          "POST /upload - 200 (27ms)",
          "\u2713 Task completed in 3012ms",
          "Fetching from https://registry.npmjs.org/package.json",
          "\u26a0 DEPRECATION: Feature will be removed in v4.0",
          "WARNING: axios has known vulnerabilities",
          "NODE_ENV=test",
          "TLS handshake completed",
          "Done.",
          "\u2713 lint completed",
          "Exception: NullPointerException",
          "Uploading artifact 'coverage' (16 files)",
          "Checking out develop branch",
          "Compiling utils/service.java...",
          "Loading...",
          "[12:50:25] DEBUG: Query executed in 18ms",
          "npm install: added 488 packages",
          "[12:50:25] DEBUG: Loading configuration",
          "Exception: ValueError",
          "Step 16/23: Installing dependencies",
          "[12:50:25] DEBUG: Connection pool: 17 active",
          "Ran 93 tests in 49s",
          "[12:50:25] WARN: Deprecated API usage",
          "[12:50:25] INFO: Starting build process",
          "pip: Collecting react",
          "Environment: development",
          "npm notice: created a lockfile",
          "[12:50:25] INFO: Starting build process",
          "Success!",
          "Cache invalidated: dependencies",
          "Snapshots: 3 passed, 3 total",
          "Test Suites: 27 passed, 50 total",
          "Creating production build...",
          "Platform: linux-x64",
          "Switched to branch 'feature/task-929'",
          "npm install: added 359 packages",
          "OK",
          "Cache miss for key-3284",
          "Uploading artifact 'build' (16 files)",
          "npm notice: package.json updated",
          "Step 8/18: Running migrations",
          "npm notice: package.json updated",
          "Done.",
          "Finished.",
          "HEAD is now at 69485c0",
          "GET /health - 201 (95ms)",
          "Exception: TypeError",
          "[12:50:25] INFO: Request completed",
          "GET /health - 200 (6ms)",
          "WARNING: eslint has known vulnerabilities",
          "Step 12/19: Installing dependencies",
          "Cache invalidated: build",
          "Processing...",
          "=== Step upload_artifacts completed ==="
        ]
      },
      {
        "name": "type_check",
        "status": "success",
        "started_at": "2025-12-01T12:52:15.446836",
        "finished_at": "2025-12-01T12:52:23.009313",
        "log_lines": [
          "=== Step: type_check ===",
          "\u2717 build failed with exit code 37",
          "Compiling lib/handler.rs...",
          "Installing express@2.1.10",
          "Using Python 3.11",
          "Coverage: 83% statements, 100% branches",
          "Compiling src/handler.rs...",
          "Tests: 209 passed, 68 total",
          "Verifying...",
          "npm install: resolved 576 packages",
          "Snapshots: 10 passed, 17 total",
          "Layer 1/11: ENV command",
          "Environment: development",
          "FAILED: test_user_create",
          "Snapshots: 36 passed, 49 total",
          "Test Suites: 33 passed, 42 total",
          "Step 5/18: Linting",
          "\u2713 Step 'build' succeeded",
          "[12:50:25] WARN: Deprecated API usage",
          "  PASS: unit/test_auth_login.spec.js",
          "Already up to date.",
          "[12:50:25] WARN: Deprecated API usage",
          "npm install: resolved 671 packages",
          "\u2713 Task completed in 3504ms",
          "Snapshots: 16 passed, 23 total",
          "Step 9/16: Running migrations",
          "Pulling image: node:18",
          "Step 3/23: Linting",
          "Waiting...",
          "Pushing to registry...",
          "Artifact uploaded: build.tar.gz (2MB)",
          "Verifying...",
          "Uploading artifact 'dist' (29 files)",
          "Cache invalidated: build",
          "Processing...",
          "Compiling components/handler.rs...",
          "NODE_ENV=test",
          "Layer 9/10: ENV command",
          "OK",
          "Time: 117.613s",
          "WARNING: prettier has known vulnerabilities",
          "[12:50:25] INFO: Processing request",
          "Installing lodash@1.19.9",
          "Done.",
          "yarn add: Done in 5.97s",
          "\u2717 build failed with exit code 37",
          "Cache restored successfully (70MB)",
          "\u2713 package completed",
          "[12:50:25] DEBUG: Loading configuration",
          "Cache hit for key-1905",
          "Building Docker image...",
          "\u26a0 DEPRECATION: Feature will be removed in v3.0",
          "Artifact uploaded: dist.zip (26MB)",
          "Test Suites: 17 passed, 22 total",
          "Pushing to registry...",
          "Compiling utils/handler.rs...",
          "[12:50:25] DEBUG: Loading configuration",
          "Transforming 582 files...",
          "Checking out develop branch",
          "[12:50:25] DEBUG: Loading configuration",
          "Done.",
          "Step 9/24: Linting",
          "[12:50:25] DEBUG: Initializing service",
          "Tests: 435 passed, 211 total",
          "\u2713 lint completed",
          "\u26a0 DEPRECATION: Feature will be removed in v5.0",
          "Cache restored successfully (218MB)",
          "Compiling lib/app.ts...",
          "OK",
          "Coverage: 71% statements, 90% branches",
          "[12:50:25] DEBUG: Initializing service",
          "Cache restored successfully (333MB)",
          "\u26a0 DEPRECATION: Feature will be removed in v5.0",
          "\u26a0 DEPRECATION: Feature will be removed in v4.0",
          "Artifact uploaded: dist.zip (66MB)",
          "FAILED: test_db_connect",
          "Cache saved successfully",
          "Compiling utils/utils.go...",
          "Verifying...",
          "Ran 133 tests in 7s",
          "Cache miss for key-7588",
          "Time: 15.113s",
          "Completed.",
          "Step 12/16: Running migrations",
          "Completed.",
          "FAILED: test_api_health",
          "NODE_ENV=production",
          "Exception: ValueError",
          "[12:50:25] WARN: Deprecated API usage",
          "Exception: ValueError",
          "\u2717 build failed with exit code 116",
          "Cache invalidated: node_modules",
          "Uploading artifact 'dist' (49 files)",
          "yarn add: Done in 18.98s",
          "Cache miss for key-2551",
          "npm install: resolved 352 packages",
          "Artifact uploaded: build.tar.gz (6MB)",
          "Loading...",
          "  PASS: e2e/test_cache_hit.spec.js",
          "Connection established",
          "Loading...",
          "\u2713 All checks passed",
          "pip install: Successfully installed webpack-1.3",
          "\u2713 Task completed in 4415ms",
          "\u2713 package completed",
          "Verifying...",
          "\u2717 build failed with exit code 30",
          "Generating source maps...",
          "Done.",
          "Success!",
          "Step 20/18: Linting",
          "[12:50:25] INFO: Starting build process",
          "Completed.",
          "POST /upload - 202 (373ms)",
          "GET /status - 201 (75ms)",
          "WARNING: react has known vulnerabilities",
          "OK",
          "Connection established",
          "[12:50:25] DEBUG: Memory usage: 1897MB",
          "=== Step type_check completed ==="
        ]
      },
      {
        "name": "setup_node",
        "status": "success",
        "started_at": "2025-12-01T12:52:23.009313",
        "finished_at": "2025-12-01T12:52:30.571790",
        "log_lines": [
          "=== Step: setup_node ===",
          "\u2713 Task completed in 4556ms",
          "Cache hit for key-6205",
          "TLS handshake completed",
          "Step 7/15: Deploying",
          "Completed.",
          "Platform: linux-x64",
          "Loading...",
          "Connection established",
          "Fetching from https://github.com/package.json",
          "Done.",
          "Artifact uploaded: build.tar.gz (5MB)",
          "WARNING: axios has known vulnerabilities",
          "Finished.",
          "[12:50:25] DEBUG: Loading configuration",
          "Connection established",
          "[12:50:25] DEBUG: Loading configuration",
          "[12:50:25] INFO: Connecting to database",
          "Artifact downloaded: 48MB",
          "Compiling utils/index.js...",
          "Compiling utils/main.py...",
          "Optimizing 59 modules...",
          "[12:50:25] DEBUG: Loading configuration",
          "Tests: 471 passed, 245 total",
          "Switched to branch 'feature/task-499'",
          "WARNING: react has known vulnerabilities",
          "yarn add: Done in 25.74s",
          "pip: Downloading lodash-3.4.tar.gz",
          "Done.",
          "Artifact uploaded: dist.zip (88MB)",
          "Using Node.js 18.11.2",
          "Snapshots: 33 passed, 8 total",
          "Processing...",
          "Step 14/21: Linting",
          "Cache restored successfully (270MB)",
          "  PASS: test_db_connect (127ms)",
          "Pulling image: python:latest",
          "pip: Downloading jest-2.12.tar.gz",
          "Minifying app.js",
          "Connection established",
          "[12:50:25] DEBUG: Loading configuration",
          "\u2713 package completed",
          "Minifying vendor.js",
          "Tests: 418 passed, 248 total",
          "OK",
          "Artifact downloaded: 34MB",
          "Compiling src/utils.go...",
          "[12:50:25] DEBUG: Loading configuration",
          "Coverage: 77% statements, 73% branches",
          "[12:50:25] ERROR: Connection failed",
          "Optimizing 94 modules...",
          "Fetching submodules...",
          "Bundling runtime.js",
          "Completed.",
          "Creating production build...",
          "Tests: 74 passed, 487 total",
          "Using Node.js 16.14.4",
          "[12:50:25] WARN: Deprecated API usage",
          "Ran 182 tests in 58s",
          "Cache invalidated: dependencies",
          "Waiting...",
          "[12:50:25] WARN: Deprecated API usage",
          "Environment: staging",
          "Artifact uploaded: dist.zip (72MB)",
          "\u2713 All checks passed",
          "Cache restored successfully (289MB)",
          "TLS handshake completed",
          "Step 10/22: Installing dependencies",
          "Cache hit for key-2691",
          "Exception: RuntimeError",
          "POST /upload - 202 (27ms)",
          "pip install: Successfully installed axios-1.2",
          "Fetching submodules...",
          "yarn add: Done in 28.45s",
          "[12:50:25] DEBUG: Query executed in 41ms",
          "Creating production build...",
          "Already up to date.",
          "Loading...",
          "Success!",
          "pip: Collecting axios",
          "Creating production build...",
          "Coverage: 72% statements, 82% branches",
          "Environment: test",
          "npm install: resolved 702 packages",
          "Step 19/20: Installing dependencies",
          "Pulling image: node:3.11",
          "Cache hit for key-1636",
          "pip: Installing build dependencies...",
          "Pulling image: python:latest",
          "Cache invalidated: node_modules",
          "[12:50:25] INFO: Cache refreshed",
          "pip install: Successfully installed eslint-5.20",
          "\u26a0 DEPRECATION: Feature will be removed in v3.0",
          "Time: 73.507s",
          "Checking out master branch",
          "npm install: resolved 1711 packages",
          "Loading...",
          "Completed.",
          "npm notice: created a lockfile",
          "Time: 43.130s",
          "\u26a0 DEPRECATION: Feature will be removed in v5.0",
          "Verifying...",
          "Test Suites: 29 passed, 24 total",
          "Tests: 412 passed, 360 total",
          "Success!",
          "Finished.",
          "[12:50:25] ERROR: Connection failed",
          "Fetching submodules...",
          "[12:50:25] INFO: Connecting to database",
          "[12:50:25] INFO: Request completed",
          "Loading...",
          "Platform: darwin-arm64",
          "Cache miss for key-1245",
          "WARNING: axios has known vulnerabilities",
          "Transforming 948 files...",
          "Already up to date.",
          "[12:50:25] INFO: Cache refreshed",
          "[12:50:25] INFO: Cache refreshed",
          "Step 10/18: Building",
          "=== Step setup_node completed ==="
        ]
      },
      {
        "name": "checkout",
        "status": "success",
        "started_at": "2025-12-01T12:52:30.571790",
        "finished_at": "2025-12-01T12:52:33.596781",
        "log_lines": [
          "=== Step: checkout ===",
          "pip: Downloading webpack-3.12.tar.gz",
          "Success!",
          "Tests: 494 passed, 141 total",
          "pip: Installing build dependencies...",
          "Step 17/25: Building",
          "Creating production build...",
          "Processing...",
          "Uploading artifact 'dist' (30 files)",
          "[12:50:25] DEBUG: Loading configuration",
          "WARNING: webpack has known vulnerabilities",
          "Exception: RuntimeError",
          "Bundling styles.css",
          "Step 8/15: Installing dependencies",
          "[12:50:25] INFO: Processing request",
          "[12:50:25] INFO: Cache refreshed",
          "Verifying...",
          "\u2713 Task completed in 4005ms",
          "  PASS: integration/test_db_connect.spec.js",
          "NODE_ENV=production",
          "Ready.",
          "\u26a0 DEPRECATION: Feature will be removed in v4.0",
          "WARNING: express has known vulnerabilities",
          "Image pulled successfully",
          "Verifying...",
          "Building Docker image...",
          "pip: Installing build dependencies...",
          "POST /api - 200 (26ms)",
          "npm notice: created a lockfile",
          "GET /api - 204 (89ms)",
          "[12:50:25] DEBUG: Query executed in 35ms",
          "Finished.",
          "[12:50:25] WARN: Deprecated API usage",
          "pip install: Successfully installed prettier-3.18",
          "Tests: 454 passed, 499 total",
          "Time: 107.45s",
          "  PASS: integration/test_db_connect.spec.js",
          "NODE_ENV=production",
          "Cache invalidated: dependencies",
          "\u26a0 DEPRECATION: Feature will be removed in v4.0",
          "Checking out master branch",
          "  PASS: e2e/test_user_create.spec.js",
          "\u2713 validate completed",
          "[12:50:25] DEBUG: Connection pool: 14 active",
          "Test Suites: 16 passed, 44 total",
          "[12:50:25] DEBUG: Query executed in 73ms",
          "Layer 6/14: COPY command",
          "Minifying vendor.js",
          "Cache saved successfully",
          "Exception: ValueError",
          "Compiling src/main.py...",
          "[12:50:25] DEBUG: Memory usage: 1024MB",
          "Done.",
          "NODE_ENV=test",
          "Optimizing 44 modules...",
          "Generating source maps...",
          "[12:50:25] INFO: Processing request",
          "npm install: added 483 packages",
          "Step 17/15: Linting",
          "Fetching from https://amazonaws.com/package.json",
          "Compiling components/service.java...",
          "[12:50:25] INFO: Request completed",
          "Step 12/24: Building",
          "[12:50:25] DEBUG: Initializing service",
          "Installing eslint@3.5.3",
          "Snapshots: 1 passed, 45 total",
          "\u2713 Step 'checkout' succeeded",
          "Cache hit for key-7205",
          "pip install: Successfully installed axios-4.5",
          "Transforming 667 files...",
          "pip: Downloading lodash-3.18.tar.gz",
          "GET /health - 201 (29ms)",
          "  PASS: e2e/test_api_health.spec.js",
          "[12:50:25] DEBUG: Connection pool: 2 active",
          "Cache hit for key-7370",
          "Transforming 672 files...",
          "GET /health - 204 (8ms)",
          "OK",
          "Waiting...",
          "GET /api - 204 (48ms)",
          "Time: 60.426s",
          "pip: Downloading eslint-4.14.tar.gz",
          "Cache restored successfully (171MB)",
          "Completed.",
          "[12:50:25] WARN: Deprecated API usage",
          "[12:50:25] INFO: Processing request",
          "  PASS: e2e/test_auth_login.spec.js",
          "[12:50:25] DEBUG: Initializing service",
          "Step 3/25: Building",
          "Compiling lib/utils.go...",
          "Cache saved successfully",
          "pip: Installing build dependencies...",
          "HEAD is now at bda2089",
          "Pushing to registry...",
          "Step 1/25: Testing",
          "Completed.",
          "Compiling components/index.js...",
          "Layer 1/11: RUN command",
          "Transforming 385 files...",
          "Compiling components/handler.rs...",
          "HEAD is now at 8adf8b8",
          "WARNING: axios has known vulnerabilities",
          "Step 7/23: Installing dependencies",
          "Exception: TypeError",
          "Ran 86 tests in 60s",
          "[12:50:25] INFO: Request completed",
          "Pulling image: alpine:latest",
          "Building Docker image...",
          "Creating production build...",
          "Environment: staging",
          "Bundling main.css",
          "Completed.",
          "Installing eslint@5.8.8",
          "Connection established",
          "Step 3/23: Building",
          "[12:50:25] DEBUG: Connection pool: 16 active",
          "Checking out master branch",
          "Step 18/21: Linting",
          "Pushing to registry...",
          "=== Step checkout completed ==="
        ]
      },
      {
        "name": "build",
        "status": "success",
        "started_at": "2025-12-01T12:52:33.596781",
        "finished_at": "2025-12-01T12:52:56.284213",
        "log_lines": [
          "=== Step: build ===",
          "Cache restored successfully (113MB)",
          "Installing eslint@5.9.3",
          "Fetching from https://npmjs.org/package.json",
          "Compiling src/handler.rs...",
          "[12:50:25] INFO: Starting build process",
          "Pushing to registry...",
          "POST /api - 200 (317ms)",
          "Fetching from https://github.com/package.json",
          "Waiting...",
          "Image pulled successfully",
          "HEAD is now at cd9a986",
          "Building Docker image...",
          "Success!",
          "OK",
          "Pushing to registry...",
          "Checking out develop branch",
          "Checking out main branch",
          "Layer 4/11: ENV command",
          "Compiling src/service.java...",
          "Layer 6/15: RUN command",
          "Waiting...",
          "pip: Installing build dependencies...",
          "Using Python 3.10",
          "Completed.",
          "TLS handshake completed",
          "npm notice: package.json updated",
          "\u2713 Step 'install' succeeded",
          "Connection established",
          "POST /data - 202 (174ms)",
          "pip: Installing build dependencies...",
          "\u26a0 DEPRECATION: Feature will be removed in v2.0",
          "pip: Downloading prettier-1.11.tar.gz",
          "Cache restored successfully (228MB)",
          "Uploading artifact 'dist' (21 files)",
          "Loading...",
          "Processing...",
          "OK",
          "Ready.",
          "[12:50:25] INFO: Connecting to database",
          "Cache hit for key-1435",
          "WARNING: prettier has known vulnerabilities",
          "FAILED: test_db_connect",
          "Minifying main.js",
          "\u26a0 DEPRECATION: Feature will be removed in v5.0",
          "Snapshots: 39 passed, 49 total",
          "Cache saved successfully",
          "Transforming 342 files...",
          "\u2717 build failed with exit code 99",
          "Step 10/18: Running migrations",
          "yarn add: Done in 19.24s",
          "pip: Collecting lodash",
          "[12:50:25] INFO: Processing request",
          "TLS handshake completed",
          "[12:50:25] INFO: Connecting to database",
          "TLS handshake completed",
          "npm install: resolved 1178 packages",
          "[12:50:25] DEBUG: Connection pool: 4 active",
          "[12:50:25] INFO: Connecting to database",
          "Compiling utils/utils.go...",
          "[12:50:25] DEBUG: Connection pool: 5 active",
          "[12:50:25] INFO: Starting build process",
          "Step 8/23: Deploying",
          "WARNING: lodash has known vulnerabilities",
          "Installing prettier@3.8.10",
          "[12:50:25] INFO: Request completed",
          "Cache saved successfully",
          "Test Suites: 18 passed, 13 total",
          "  PASS: integration/test_api_health.spec.js",
          "Ran 80 tests in 22s",
          "[12:50:25] DEBUG: Loading configuration",
          "Compiling src/service.java...",
          "Creating production build...",
          "Cache saved successfully",
          "Optimizing 14 modules...",
          "Compiling src/app.ts...",
          "Compiling utils/index.js...",
          "Snapshots: 48 passed, 34 total",
          "Snapshots: 10 passed, 50 total",
          "Processing...",
          "Completed.",
          "[12:50:25] ERROR: Connection failed",
          "[12:50:25] WARN: Deprecated API usage",
          "GET /health - 200 (100ms)",
          "yarn add: Done in 20.23s",
          "npm install: resolved 1234 packages",
          "Bundling main.js",
          "Step 10/16: Building",
          "Cache invalidated: node_modules",
          "Success!",
          "TLS handshake completed",
          "[12:50:25] INFO: Request completed",
          "Step 11/16: Testing",
          "Snapshots: 12 passed, 46 total",
          "FAILED: test_cache_hit",
          "Artifact uploaded: build.tar.gz (6MB)",
          "Fetching submodules...",
          "Compiling components/utils.go...",
          "pip: Collecting prettier",
          "WARNING: react has known vulnerabilities",
          "Loading...",
          "Using Python 3.12",
          "pip: Installing build dependencies...",
          "Artifact uploaded: build.tar.gz (3MB)",
          "Step 8/19: Linting",
          "[12:50:25] WARN: Deprecated API usage",
          "npm notice: created a lockfile",
          "[12:50:25] DEBUG: Loading configuration",
          "Snapshots: 36 passed, 35 total",
          "yarn add: Done in 17.69s",
          "Fetching from https://pypi.org/package.json",
          "POST /api - 201 (494ms)",
          "Cache invalidated: build",
          "npm install: resolved 684 packages",
          "yarn add: Done in 28.51s",
          "[12:50:25] INFO: Connecting to database",
          "Cache saved successfully",
          "Step 19/24: Building",
          "Cache restored successfully (498MB)",
          "=== Step build completed ==="
        ]
      }
    ],
    "label": "normal"
  }
}