{
  "action": "completed",
  "workflow_run": {
    "id": 403,
    "name": "CI Pipeline",
    "head_branch": "feature/feat-225",
    "head_sha": "370a0aacb9fb4add593491bc2da1502df8d16980",
    "status": "completed",
    "conclusion": "success",
    "run_started_at": "2025-11-26T12:51:15.387538Z",
    "updated_at": "2025-11-26T12:53:49.317764Z"
  },
  "repository": {
    "full_name": "acme-corp/data-pipeline",
    "name": "data-pipeline"
  },
  "sender": {
    "login": "grace"
  },
  "_safeops_extended": {
    "raw_logs": "=== Step: checkout ===\n[12:51:15] WARN: Deprecated API usage\nReady.\nCompleted.\nCompiling lib/app.ts...\nyarn add: Done in 1.5s\nLoading...\nCompiling lib/utils.go...\nImage pulled successfully\nLayer 7/14: RUN command\nException: TypeError\nStep 7/24: Running migrations\nFinished.\nnpm install: added 275 packages\nVerifying...\nnpm notice: package.json updated\nStep 5/15: Linting\n\u26a0 DEPRECATION: Feature will be removed in v2.0\nCoverage: 72% statements, 90% branches\nStep 18/25: Installing dependencies\nCreating production build...\nConnection established\nCompiling components/handler.rs...\nReady.\nFetching from https://github.com/package.json\nUsing Node.js 15.14.9\n[12:51:15] WARN: Deprecated API usage\n\u2713 package completed\nPlatform: win32-x64\nCompiling components/service.java...\nUploading artifact 'coverage' (17 files)\nStep 13/25: Running migrations\npip: Downloading lodash-2.11.tar.gz\npip install: Successfully installed jest-4.14\nFetching from https://gcr.io/package.json\nChecking out main branch\nCompiling src/utils.go...\n\u2713 All checks passed\nProcessing...\nnpm install: added 124 packages\nBuilding Docker image...\n\u2713 Step 'checkout' succeeded\nyarn add: Done in 6.27s\n[12:51:15] ERROR: Connection failed\nnpm install: resolved 1632 packages\nStep 6/21: Building\nAlready up to date.\n\u26a0 DEPRECATION: Feature will be removed in v2.0\nSuccess!\nCompiling utils/handler.rs...\n[12:51:15] INFO: Starting build process\nnpm install: added 396 packages\nTest Suites: 7 passed, 50 total\nArtifact downloaded: 9MB\nEnvironment: production\nTransforming 999 files...\n[12:51:15] INFO: Cache refreshed\n\u26a0 DEPRECATION: Feature will be removed in v4.0\npip: Collecting webpack\n\u2713 Task completed in 722ms\nBuilding Docker image...\nProcessing...\nCache miss for key-9930\nRan 188 tests in 51s\nCache saved successfully\nCompiling utils/index.js...\nAlready up to date.\n[12:51:15] INFO: Cache refreshed\n\u26a0 DEPRECATION: Feature will be removed in v5.0\nCache saved successfully\nUsing Node.js 18.1.9\nnpm notice: created a lockfile\nOK\nnpm notice: package.json updated\n  PASS: test_user_create (359ms)\nUploading artifact 'coverage' (30 files)\nPulling image: alpine:3.11\nCompiling lib/index.js...\nReady.\nnpm notice: package.json updated\nWaiting...\n[12:51:15] ERROR: Connection failed\n[12:51:15] DEBUG: Query executed in 85ms\nException: RuntimeError\nGET /api - 200 (42ms)\nUsing Node.js 17.6.8\nUsing Node.js 20.13.7\nCompiling components/app.ts...\n[12:51:15] WARN: Deprecated API usage\n\u26a0 DEPRECATION: Feature will be removed in v5.0\n[12:51:15] INFO: Request completed\nGenerating source maps...\nGenerating source maps...\n[12:51:15] WARN: Deprecated API usage\nWARNING: express has known vulnerabilities\n[12:51:15] WARN: Deprecated API usage\nUploading artifact 'build' (20 files)\nOptimizing 70 modules...\n\u26a0 DEPRECATION: Feature will be removed in v4.0\nTest Suites: 12 passed, 21 total\nnpm install: added 410 packages\nTransforming 580 files...\nCache restored successfully (159MB)\nSuccess!\nWaiting...\n[12:51:15] INFO: Connecting to database\npip: Collecting express\nTest Suites: 17 passed, 46 total\n\u2713 package completed\npip: Installing build dependencies...\n[12:51:15] INFO: Request completed\n\u2713 Task completed in 966ms\nNODE_ENV=test\n[12:51:15] INFO: Starting build process\n[12:51:15] DEBUG: Query executed in 61ms\n[12:51:15] DEBUG: Memory usage: 1775MB\nUsing Python 3.12\nImage pulled successfully\nBuilding Docker image...\nVerifying...\n\u26a0 DEPRECATION: Feature will be removed in v2.0\n\u2713 All checks passed\nStep 17/16: Linting\n[12:51:15] WARN: Deprecated API usage\nEnvironment: production\nSnapshots: 0 passed, 20 total\nWARNING: eslint has known vulnerabilities\nException: RuntimeError\nWARNING: prettier has known vulnerabilities\nStep 16/24: Installing dependencies\npip: Downloading react-5.13.tar.gz\nProcessing...\n[12:51:15] DEBUG: Connection pool: 3 active\nCache saved successfully\nFetching from https://githubusercontent.com/package.json\nyarn add: Done in 19.19s\nnpm notice: created a lockfile\n  PASS: test_api_health (483ms)\nCompiling src/service.java...\nGET /status - 204 (36ms)\nOptimizing 32 modules...\nCompiling components/utils.go...\nCompiling lib/handler.rs...\nnpm install: resolved 1968 packages\nCache restored successfully (200MB)\n[12:51:15] INFO: Connecting to database\nHEAD is now at 66d1511\nnpm notice: created a lockfile\npip: Collecting prettier\n[12:51:15] ERROR: Connection failed\nStep 2/16: Linting\nFetching from https://githubusercontent.com/package.json\nGenerating source maps...\nTLS handshake completed\nPushing to registry...\n=== Step checkout completed ===\n=== Step: type_check ===\n[12:51:15] DEBUG: Initializing service\nCompiling src/app.ts...\nSnapshots: 33 passed, 14 total\nCache invalidated: dependencies\nVerifying...\nConnection established\nAlready up to date.\nOK\nInstalling webpack@3.19.10\n[12:51:15] INFO: Request completed\nWARNING: express has known vulnerabilities\nStep 13/16: Testing\nCompiling src/main.py...\nPOST /api - 201 (473ms)\n\u2717 build failed with exit code 62\nLayer 5/14: RUN command\n[12:51:15] DEBUG: Connection pool: 5 active\nPulling image: python:latest\nCoverage: 95% statements, 73% branches\npip: Downloading jest-5.2.tar.gz\n  PASS: test_db_connect (181ms)\nLayer 5/11: COPY command\nPlatform: linux-x64\n\u26a0 DEPRECATION: Feature will be removed in v4.0\nStep 13/22: Testing\nnpm notice: created a lockfile\n[12:51:15] INFO: Starting build process\npip install: Successfully installed express-1.16\nLayer 2/10: ENV command\nNODE_ENV=test\n\u2713 Task completed in 1223ms\nSnapshots: 22 passed, 33 total\npip: Installing build dependencies...\nArtifact uploaded: dist.zip (71MB)\npip: Installing build dependencies...\nVerifying...\nCache saved successfully\nnpm notice: created a lockfile\nnpm install: resolved 164 packages\nGET /api - 200 (76ms)\npip: Downloading lodash-4.11.tar.gz\nyarn add: Done in 10.48s\nnpm install: resolved 133 packages\nTransforming 412 files...\n[12:51:15] WARN: Deprecated API usage\nPushing to registry...\nOptimizing 16 modules...\n[12:51:15] DEBUG: Initializing service\n[12:51:15] DEBUG: Query executed in 64ms\nFetching from https://amazonaws.com/package.json\nPOST /upload - 200 (152ms)\nnpm notice: created a lockfile\nCache saved successfully\nSwitched to branch 'feature/task-898'\nAlready up to date.\nnpm notice: package.json updated\npip install: Successfully installed react-2.16\nCache invalidated: dependencies\nVerifying...\nCache invalidated: dependencies\nUploading artifact 'dist' (15 files)\nCompiling src/service.java...\nArtifact uploaded: build.tar.gz (21MB)\nBundling vendor.css\n[12:51:15] ERROR: Connection failed\nGET /status - 201 (15ms)\n\u26a0 DEPRECATION: Feature will be removed in v3.0\n[12:51:15] INFO: Request completed\nGenerating source maps...\nTests: 438 passed, 245 total\nMinifying vendor.js\nStep 11/25: Testing\n\u26a0 DEPRECATION: Feature will be removed in v5.0\n[12:51:15] DEBUG: Query executed in 75ms\nyarn add: Done in 10.23s\nGenerating source maps...\nConnection established\nnpm install: added 439 packages\nStep 17/17: Building\nReady.\nFAILED: test_user_create\nLayer 4/15: COPY command\nPushing to registry...\n\u2713 Task completed in 1746ms\n[12:51:15] DEBUG: Memory usage: 110MB\n\u26a0 DEPRECATION: Feature will be removed in v2.0\nHEAD is now at 2443a32\nArtifact uploaded: dist.zip (55MB)\nnpm install: added 410 packages\n  PASS: test_user_create (31ms)\nFetching from https://googleapis.com/package.json\nImage pulled successfully\nCache saved successfully\nGET /health - 204 (15ms)\nCompleted.\nNODE_ENV=production\nPushing to registry...\n[12:51:15] DEBUG: Connection pool: 17 active\nGET /status - 201 (69ms)\nLayer 5/14: COPY command\nSnapshots: 35 passed, 33 total\nCompiling src/utils.go...\nAlready up to date.\nnpm install: resolved 194 packages\n  PASS: integration/test_db_connect.spec.js\nTests: 390 passed, 86 total\nGenerating source maps...\nFetching from https://googleapis.com/package.json\nMinifying main.js\nLayer 3/10: RUN command\nDone.\nProcessing...\n  PASS: e2e/test_auth_login.spec.js\nFetching from https://docker.io/package.json\nCompiling lib/handler.rs...\nTests: 224 passed, 465 total\nCompiling lib/index.js...\n[12:51:15] INFO: Connecting to database\nArtifact downloaded: 41MB\nFetching from https://registry.npmjs.org/package.json\nFetching submodules...\nCreating production build...\nCompiling utils/app.ts...\nChecking out master branch\n\u26a0 DEPRECATION: Feature will be removed in v4.0\nPulling image: python:18\nStep 7/19: Deploying\n[12:51:15] WARN: Deprecated API usage\n\u26a0 DEPRECATION: Feature will be removed in v5.0\n[12:51:15] DEBUG: Loading configuration\nOK\nArtifact uploaded: dist.zip (28MB)\n[12:51:15] DEBUG: Loading configuration\n\u2713 Task completed in 2488ms\nCache invalidated: build\n[12:51:15] DEBUG: Query executed in 30ms\nConnection established\nOK\nGET /health - 200 (95ms)\npip install: Successfully installed eslint-1.18\nStep 1/16: Running migrations\nMinifying vendor.js\nDone.\nArtifact downloaded: 18MB\nnpm notice: created a lockfile\nChecking out develop branch\n[12:51:15] INFO: Cache refreshed\nCache restored successfully (86MB)\nUsing Node.js 14.0.3\npip: Collecting jest\nStep 20/16: Deploying\nWARNING: axios has known vulnerabilities\nInstalling axios@2.19.5\nBuilding Docker image...\n=== Step type_check completed ===\n=== Step: unit_tests ===\nCache miss for key-3788\nPulling image: node:18\nCache hit for key-7717\nSwitched to branch 'bugfix/task-904'\n[12:51:15] DEBUG: Loading configuration\n[12:51:15] WARN: Deprecated API usage\n[12:51:15] INFO: Request completed\nnpm notice: created a lockfile\nnpm notice: created a lockfile\nConnection established\n[12:51:15] DEBUG: Loading configuration\nImage pulled successfully\nPOST /api - 200 (320ms)\nSnapshots: 32 passed, 41 total\n[12:51:15] INFO: Request completed\nnpm notice: created a lockfile\nImage pulled successfully\n\u26a0 DEPRECATION: Feature will be removed in v3.0\n[12:51:15] WARN: Deprecated API usage\nWARNING: prettier has known vulnerabilities\nCache restored successfully (44MB)\n[12:51:15] WARN: Deprecated API usage\n[12:51:15] DEBUG: Query executed in 40ms\n[12:51:15] DEBUG: Initializing service\nFetching from https://npmjs.org/package.json\n\u2713 Task completed in 2955ms\nCreating production build...\nFinished.\nMinifying vendor.js\nnpm notice: package.json updated\n\u26a0 DEPRECATION: Feature will be removed in v2.0\nCache invalidated: dependencies\nCache miss for key-5083\nPlatform: linux-x64\n  PASS: test_db_connect (436ms)\nPushing to registry...\nTLS handshake completed\nOptimizing 53 modules...\nTransforming 262 files...\npip install: Successfully installed jest-2.14\nTime: 28.840s\nCoverage: 75% statements, 96% branches\nUsing Node.js 20.15.5\npip: Downloading lodash-3.4.tar.gz\nCoverage: 99% statements, 82% branches\nPushing to registry...\n  PASS: test_auth_login (338ms)\nFetching from https://googleapis.com/package.json\nAlready up to date.\nImage pulled successfully\nWARNING: prettier has known vulnerabilities\n\u2713 Step 'test' succeeded\npip: Downloading express-5.0.tar.gz\nCompiling utils/service.java...\n[12:51:15] WARN: Deprecated API usage\nStep 16/23: Installing dependencies\nFetching from https://amazonaws.com/package.json\nCompiling utils/index.js...\nSwitched to branch 'feature/task-151'\n[12:51:15] DEBUG: Memory usage: 1102MB\nInstalling webpack@4.11.1\nPlatform: win32-x64\n\u2713 Step 'build' succeeded\nWARNING: webpack has known vulnerabilities\nnpm install: added 198 packages\n[12:51:15] DEBUG: Loading configuration\nTime: 51.503s\nCreating production build...\nCache hit for key-4776\nPulling image: python:18\nStep 4/23: Testing\nCache restored successfully (202MB)\nInstalling react@5.18.9\npip install: Successfully installed eslint-4.12\nUploading artifact 'dist' (49 files)\n[12:51:15] INFO: Processing request\nCompiling utils/service.java...\nNODE_ENV=production\nDone.\nConnection established\nCompiling src/main.py...\nTime: 86.625s\n[12:51:15] INFO: Processing request\nMinifying main.js\nDone.\n\u2713 Step 'test' succeeded\nTime: 91.756s\nException: TypeError\nStep 6/16: Deploying\nFetching submodules...\nException: ValueError\n[12:51:15] INFO: Processing request\nGenerating source maps...\nPushing to registry...\nEnvironment: production\nConnection established\nArtifact uploaded: build.tar.gz (48MB)\nException: RuntimeError\nUsing Python 3.9\nDone.\nTransforming 339 files...\n\u26a0 DEPRECATION: Feature will be removed in v2.0\nCompiling src/service.java...\nStep 5/22: Deploying\npip: Installing build dependencies...\nChecking out develop branch\nCache miss for key-1723\nPushing to registry...\n[12:51:15] INFO: Starting build process\nReady.\nSnapshots: 5 passed, 6 total\n[12:51:15] WARN: Deprecated API usage\nCompiling src/handler.rs...\nArtifact downloaded: 14MB\nPOST /api - 202 (371ms)\nPushing to registry...\n[12:51:15] INFO: Processing request\nCache restored successfully (99MB)\nAlready up to date.\nStep 4/19: Running migrations\n\u26a0 DEPRECATION: Feature will be removed in v5.0\nnpm install: resolved 163 packages\nArtifact uploaded: dist.zip (29MB)\nUsing Node.js 18.1.8\nAlready up to date.\nCache miss for key-7657\n\u2713 Task completed in 1581ms\nArtifact uploaded: build.tar.gz (38MB)\npip: Downloading express-4.0.tar.gz\nLayer 7/15: COPY command\nFinished.\nAlready up to date.\nArtifact downloaded: 37MB\n[12:51:15] INFO: Connecting to database\nEnvironment: development\n\u2713 Step 'build' succeeded\n[12:51:15] DEBUG: Query executed in 62ms\nImage pulled successfully\nWARNING: express has known vulnerabilities\n  PASS: test_api_health (153ms)\nArtifact downloaded: 35MB\nnpm install: added 71 packages\nBundling runtime.css\nLayer 4/9: RUN command\nnpm notice: created a lockfile\nStep 17/23: Deploying\nOptimizing 80 modules...\nyarn add: Done in 1.96s\nNODE_ENV=development\npip install: Successfully installed react-2.1\nException: NullPointerException\nTime: 74.877s\n[12:51:15] DEBUG: Loading configuration\nSwitched to branch 'feature/task-788'\n=== Step unit_tests completed ===\n=== Step: save_cache ===\nCreating production build...\n[12:51:15] DEBUG: Initializing service\nGenerating source maps...\nWARNING: react has known vulnerabilities\nStep 7/17: Testing\n  PASS: test_db_connect (466ms)\n\u26a0 DEPRECATION: Feature will be removed in v3.0\nBuilding Docker image...\nEnvironment: production\nMinifying main.js\nWaiting...\nPushing to registry...\n[12:51:15] INFO: Starting build process\nnpm install: resolved 1360 packages\n[12:51:15] INFO: Starting build process\n[12:51:15] INFO: Connecting to database\nMinifying main.js\n[12:51:15] WARN: Deprecated API usage\n[12:51:15] ERROR: Connection failed\n  PASS: test_db_connect (433ms)\nnpm install: added 223 packages\nCompiling src/main.py...\nCompiling src/service.java...\nStep 19/23: Running migrations\nCompiling utils/main.py...\nGenerating source maps...\n  PASS: integration/test_cache_hit.spec.js\n[12:51:15] DEBUG: Query executed in 23ms\nCache restored successfully (308MB)\nBuilding Docker image...\nUsing Python 3.12\nLayer 5/14: COPY command\nGenerating source maps...\n\u2713 test completed\nUploading artifact 'coverage' (46 files)\nCache invalidated: node_modules\n\u2713 Step 'test' succeeded\nArtifact downloaded: 10MB\n[12:51:15] INFO: Request completed\nFinished.\nWaiting...\n\u26a0 DEPRECATION: Feature will be removed in v4.0\n[12:51:15] WARN: Deprecated API usage\nException: RuntimeError\nMinifying app.js\n[12:51:15] WARN: Deprecated API usage\nUsing Python 3.9\nTests: 131 passed, 343 total\n\u2713 Step 'setup' succeeded\nWARNING: eslint has known vulnerabilities\nnpm install: resolved 345 packages\nWaiting...\n[12:51:15] INFO: Request completed\nFAILED: test_user_create\nEnvironment: test\nBundling styles.js\nTransforming 324 files...\nOptimizing 18 modules...\nStep 7/25: Running migrations\nFinished.\nPlatform: win32-x64\nSnapshots: 47 passed, 49 total\nCoverage: 95% statements, 93% branches\nTest Suites: 40 passed, 32 total\npip install: Successfully installed jest-2.1\nCoverage: 73% statements, 65% branches\nStep 20/18: Building\nSnapshots: 36 passed, 42 total\n[12:51:15] DEBUG: Initializing service\nArtifact downloaded: 25MB\n\u26a0 DEPRECATION: Feature will be removed in v3.0\nChecking out master branch\nOK\nStep 9/16: Testing\nFAILED: test_user_create\n[12:51:15] DEBUG: Memory usage: 1519MB\nSnapshots: 0 passed, 27 total\nStep 5/20: Running migrations\nArtifact uploaded: build.tar.gz (21MB)\nCache miss for key-8326\nSnapshots: 34 passed, 43 total\nyarn add: Done in 11.52s\nUploading artifact 'coverage' (16 files)\nFinished.\n[12:51:15] DEBUG: Connection pool: 12 active\n\u26a0 DEPRECATION: Feature will be removed in v5.0\n\u2713 All checks passed\nCache invalidated: node_modules\npip: Collecting prettier\nSwitched to branch 'hotfix/task-551'\nAlready up to date.\n\u26a0 DEPRECATION: Feature will be removed in v4.0\nTests: 324 passed, 260 total\nWARNING: lodash has known vulnerabilities\npip install: Successfully installed axios-3.0\nFAILED: test_cache_hit\nEnvironment: test\nImage pulled successfully\nyarn add: Done in 9.28s\n[12:51:15] WARN: Deprecated API usage\nMinifying app.js\nImage pulled successfully\nnpm install: resolved 1289 packages\nGET /api - 204 (54ms)\nSnapshots: 6 passed, 44 total\nStep 14/25: Deploying\nPulling image: node:latest\npip install: Successfully installed jest-3.12\nPushing to registry...\nWaiting...\nTransforming 325 files...\nNODE_ENV=production\nLayer 5/8: ENV command\n\u26a0 DEPRECATION: Feature will be removed in v4.0\n  PASS: test_cache_hit (123ms)\nEnvironment: development\nFetching from https://githubusercontent.com/package.json\nProcessing...\nOK\nCompiling src/main.py...\nCoverage: 82% statements, 86% branches\nUploading artifact 'build' (33 files)\nArtifact downloaded: 7MB\nInstalling prettier@4.4.9\nMinifying main.js\nArtifact downloaded: 49MB\nCache hit for key-8738\nMinifying vendor.js\nRan 117 tests in 29s\nLayer 6/13: RUN command\nTests: 309 passed, 230 total\n[12:51:15] INFO: Connecting to database\nLayer 5/8: COPY command\nCache hit for key-9260\nCache restored successfully (77MB)\n[12:51:15] DEBUG: Memory usage: 1847MB\n\u2713 deploy completed\n[12:51:15] DEBUG: Initializing service\nCompiling src/handler.rs...\n[12:51:15] INFO: Request completed\n\u26a0 DEPRECATION: Feature will be removed in v5.0\nNODE_ENV=test\n[12:51:15] WARN: Deprecated API usage\n[12:51:15] INFO: Request completed\nAlready up to date.\npip install: Successfully installed react-4.14\nFetching from https://npmjs.org/package.json\nStep 13/24: Deploying\nStep 1/20: Building\nArtifact uploaded: dist.zip (59MB)\n[12:51:15] DEBUG: Memory usage: 1023MB\nException: ValueError\nCreating production build...\nArtifact downloaded: 24MB\n=== Step save_cache completed ===\n=== Step: restore_cache ===\nArtifact downloaded: 48MB\nCompiling src/service.java...\nCache restored successfully (10MB)\npip install: Successfully installed prettier-5.20\nTests: 194 passed, 225 total\nStep 5/17: Linting\nFetching submodules...\nnpm notice: created a lockfile\nCache hit for key-8691\nTest Suites: 17 passed, 7 total\n[12:51:15] INFO: Starting build process\nDone.\nChecking out master branch\nPlatform: linux-x64\nSnapshots: 42 passed, 44 total\nCompleted.\nCache hit for key-2988\n[12:51:15] WARN: Deprecated API usage\npip install: Successfully installed jest-4.0\nCache miss for key-1066\nPushing to registry...\nCache miss for key-5168\nArtifact uploaded: build.tar.gz (26MB)\nStep 4/20: Linting\nyarn add: Done in 20.61s\nFinished.\nArtifact uploaded: build.tar.gz (32MB)\n\u26a0 DEPRECATION: Feature will be removed in v2.0\n\u2713 Step 'install' succeeded\nReady.\npip install: Successfully installed prettier-5.12\nSwitched to branch 'bugfix/task-262'\nPOST /upload - 202 (96ms)\n\u2713 Step 'test' succeeded\nUploading artifact 'coverage' (28 files)\nSwitched to branch 'hotfix/task-232'\n\u2713 All checks passed\nPulling image: alpine:latest\nPOST /api - 201 (474ms)\nCache restored successfully (189MB)\nLayer 7/15: RUN command\nFAILED: test_auth_login\nStep 14/23: Testing\nWARNING: express has known vulnerabilities\nCompiling utils/main.py...\nCompiling src/index.js...\nBundling vendor.css\nCompiling lib/index.js...\nCache miss for key-2686\nWARNING: react has known vulnerabilities\nUploading artifact 'build' (42 files)\n[12:51:15] WARN: Deprecated API usage\nSwitched to branch 'bugfix/task-846'\npip: Downloading jest-5.6.tar.gz\nDone.\nHEAD is now at c75d286\nBundling runtime.js\nReady.\n\u26a0 DEPRECATION: Feature will be removed in v4.0\nTest Suites: 44 passed, 47 total\nRan 137 tests in 2s\nGET /health - 200 (85ms)\nUsing Node.js 14.2.9\n\u2713 All checks passed\nCompiling lib/utils.go...\nStep 11/18: Running migrations\npip: Downloading webpack-4.13.tar.gz\nnpm install: added 107 packages\nUploading artifact 'build' (47 files)\nGET /status - 201 (50ms)\nTLS handshake completed\nStep 19/24: Testing\nCompiling lib/app.ts...\nGET /health - 201 (28ms)\npip: Downloading eslint-5.3.tar.gz\nConnection established\nStep 3/25: Running migrations\n[12:51:15] DEBUG: Query executed in 48ms\n\u2713 Step 'setup' succeeded\nOK\nCache miss for key-4454\n[12:51:15] WARN: Deprecated API usage\nStep 17/15: Running migrations\n[12:51:15] ERROR: Connection failed\nStep 14/19: Installing dependencies\nTransforming 323 files...\nVerifying...\nInstalling react@1.6.6\nAlready up to date.\nException: TypeError\nUploading artifact 'build' (35 files)\nBundling runtime.css\nPushing to registry...\nRan 151 tests in 31s\nLayer 7/8: RUN command\nFetching submodules...\nStep 16/25: Installing dependencies\nCompiling lib/service.java...\nCache saved successfully\npip: Downloading prettier-1.2.tar.gz\nCreating production build...\nCache restored successfully (113MB)\n[12:51:15] INFO: Cache refreshed\nStep 5/17: Running migrations\npip: Downloading react-5.17.tar.gz\nnpm install: added 394 packages\n[12:51:15] INFO: Request completed\nnpm install: resolved 840 packages\nArtifact uploaded: dist.zip (33MB)\nCompleted.\nCreating production build...\n[12:51:15] DEBUG: Loading configuration\nFinished.\nEnvironment: production\nWARNING: express has known vulnerabilities\nStep 9/19: Installing dependencies\nUsing Python 3.12\nCreating production build...\nPOST /data - 201 (189ms)\n\u2713 Task completed in 3938ms\n\u2717 build failed with exit code 4\nVerifying...\nDone.\nLayer 6/10: COPY command\n[12:51:15] WARN: Deprecated API usage\nHEAD is now at 3018062\n[12:51:15] WARN: Deprecated API usage\nCompiling src/service.java...\nTest Suites: 10 passed, 12 total\nFetching from https://npmjs.org/package.json\nTime: 11.770s\nHEAD is now at 78ea0e6\nVerifying...\nFinished.\nStep 15/20: Deploying\nInstalling eslint@1.7.10\nBuilding Docker image...\nWARNING: prettier has known vulnerabilities\nnpm install: resolved 1977 packages\nGenerating source maps...\nCache invalidated: node_modules\nStep 5/24: Installing dependencies\nCompiling components/service.java...\nVerifying...\nnpm install: resolved 1390 packages\nStep 9/22: Installing dependencies\nTests: 102 passed, 82 total\nPlatform: win32-x64\nArtifact uploaded: dist.zip (92MB)\nLayer 9/9: ENV command\n[12:51:15] DEBUG: Connection pool: 4 active\n\u26a0 DEPRECATION: Feature will be removed in v2.0\n\u2717 build failed with exit code 93\n\u2713 Task completed in 3641ms\n=== Step restore_cache completed ===\n=== Step: integration_tests ===\nPushing to registry...\nStep 2/18: Running migrations\nFetching submodules...\nSuccess!\n\u2713 All checks passed\n[12:51:15] DEBUG: Loading configuration\npip install: Successfully installed eslint-3.20\nnpm notice: created a lockfile\nCompiling lib/handler.rs...\npip install: Successfully installed express-2.17\n[12:51:15] DEBUG: Query executed in 80ms\nProcessing...\nSnapshots: 32 passed, 15 total\nArtifact uploaded: build.tar.gz (50MB)\nProcessing...\n\u26a0 DEPRECATION: Feature will be removed in v2.0\n[12:51:15] DEBUG: Query executed in 11ms\n[12:51:15] WARN: Deprecated API usage\nGenerating source maps...\nGenerating source maps...\nPOST /api - 202 (15ms)\nCompiling components/main.py...\n[12:51:15] INFO: Processing request\nOptimizing 24 modules...\nBundling main.css\nStep 15/22: Running migrations\n[12:51:15] DEBUG: Initializing service\nCache miss for key-6753\n[12:51:15] DEBUG: Memory usage: 753MB\nGenerating source maps...\nLoading...\n  PASS: unit/test_cache_hit.spec.js\nWARNING: webpack has known vulnerabilities\nInstalling jest@3.8.3\nSnapshots: 46 passed, 41 total\nFetching from https://npmjs.org/package.json\n  PASS: unit/test_db_connect.spec.js\n[12:51:15] DEBUG: Loading configuration\nCache hit for key-7530\nLoading...\nUploading artifact 'dist' (13 files)\nCompiling src/index.js...\nEnvironment: development\nUploading artifact 'build' (16 files)\nWARNING: jest has known vulnerabilities\nPOST /data - 202 (46ms)\npip: Installing build dependencies...\nnpm notice: package.json updated\nUsing Node.js 18.15.6\nLayer 6/15: COPY command\n  PASS: test_user_create (144ms)\nTLS handshake completed\nUploading artifact 'build' (11 files)\nSuccess!\nTests: 295 passed, 305 total\nTest Suites: 32 passed, 25 total\npip: Collecting axios\nGenerating source maps...\n[12:51:15] DEBUG: Loading configuration\n\u2713 build completed\nnpm notice: created a lockfile\nCompiling components/utils.go...\n[12:51:15] DEBUG: Memory usage: 1741MB\n[12:51:15] DEBUG: Initializing service\nCache hit for key-4019\nSuccess!\nVerifying...\nEnvironment: development\n[12:51:15] DEBUG: Connection pool: 9 active\n\u26a0 DEPRECATION: Feature will be removed in v4.0\nCompiling lib/service.java...\nWARNING: express has known vulnerabilities\nAlready up to date.\npip: Downloading eslint-5.4.tar.gz\nStep 9/16: Running migrations\nEnvironment: test\nWaiting...\nTime: 96.333s\n  PASS: test_auth_login (484ms)\nBundling runtime.css\n[12:51:15] INFO: Request completed\n  PASS: test_user_create (64ms)\nOK\n  PASS: unit/test_api_health.spec.js\nBuilding Docker image...\n[12:51:15] INFO: Request completed\n  PASS: integration/test_user_create.spec.js\nWARNING: react has known vulnerabilities\nStep 18/25: Installing dependencies\nMinifying main.js\nPOST /upload - 201 (436ms)\n[12:51:15] INFO: Cache refreshed\n[12:51:15] INFO: Request completed\npip: Downloading axios-3.2.tar.gz\nChecking out master branch\n[12:51:15] INFO: Processing request\nProcessing...\n[12:51:15] WARN: Deprecated API usage\n[12:51:15] DEBUG: Connection pool: 19 active\n[12:51:15] DEBUG: Initializing service\nUsing Python 3.10\n\u2713 All checks passed\nTests: 403 passed, 495 total\nFetching submodules...\nRan 54 tests in 1s\nLayer 1/14: COPY command\n[12:51:15] DEBUG: Query executed in 69ms\nDone.\nInstalling webpack@4.19.9\nDone.\nCompiling utils/main.py...\nFAILED: test_db_connect\npip: Installing build dependencies...\nStep 18/24: Running migrations\nCreating production build...\nEnvironment: test\n[12:51:15] WARN: Deprecated API usage\nFetching from https://githubusercontent.com/package.json\nSnapshots: 9 passed, 9 total\nInstalling express@2.17.4\nStep 2/16: Installing dependencies\nChecking out develop branch\nTime: 59.424s\nLoading...\nAlready up to date.\npip: Installing build dependencies...\nnpm notice: package.json updated\n\u2717 build failed with exit code 108\nFAILED: test_api_health\n\u2713 Step 'test' succeeded\npip: Downloading eslint-1.11.tar.gz\nCompleted.\nSwitched to branch 'feature/task-394'\npip install: Successfully installed axios-5.6\nCache miss for key-5522\nGenerating source maps...\nCoverage: 82% statements, 82% branches\nWARNING: jest has known vulnerabilities\nPlatform: darwin-arm64\nChecking out master branch\n\u2713 All checks passed\nTLS handshake completed\nHEAD is now at ba19f4c\n[12:51:15] DEBUG: Query executed in 66ms\n[12:51:15] INFO: Starting build process\nnpm notice: created a lockfile\n\u2713 All checks passed\nFetching from https://pypi.org/package.json\nFetching from https://gcr.io/package.json\nStep 3/17: Deploying\nSwitched to branch 'feature/task-521'\nMinifying main.js\n\u2713 package completed\nArtifact uploaded: build.tar.gz (34MB)\n=== Step integration_tests completed ===\n=== Step: deploy_staging ===\nSuccess!\n[12:51:15] DEBUG: Loading configuration\n[12:51:15] DEBUG: Memory usage: 1988MB\n[12:51:15] INFO: Cache refreshed\nnpm install: added 461 packages\nWARNING: prettier has known vulnerabilities\nUsing Python 3.11\nProcessing...\nStep 6/22: Linting\nCompleted.\nStep 19/18: Linting\nSnapshots: 12 passed, 44 total\nChecking out master branch\nStep 14/24: Linting\nGenerating source maps...\n\u2713 Task completed in 3264ms\nCoverage: 79% statements, 73% branches\nPOST /data - 202 (300ms)\nWARNING: react has known vulnerabilities\nUsing Python 3.10\nRan 99 tests in 14s\nCache hit for key-4073\n[12:51:15] ERROR: Connection failed\nBundling runtime.css\nLayer 10/10: ENV command\nReady.\nUsing Python 3.12\nSwitched to branch 'feature/task-125'\nTransforming 660 files...\nStep 3/24: Deploying\nDone.\nSwitched to branch 'bugfix/task-870'\nWARNING: webpack has known vulnerabilities\nNODE_ENV=development\nOptimizing 78 modules...\n  PASS: integration/test_user_create.spec.js\nImage pulled successfully\n[12:51:15] DEBUG: Memory usage: 537MB\n\u2717 build failed with exit code 16\nCompiling utils/handler.rs...\nDone.\nAlready up to date.\nGenerating source maps...\nCompiling lib/index.js...\nGET /api - 201 (19ms)\nProcessing...\nSnapshots: 38 passed, 8 total\nStep 15/25: Installing dependencies\n[12:51:15] INFO: Processing request\nFetching submodules...\nCoverage: 87% statements, 77% branches\nNODE_ENV=production\npip: Installing build dependencies...\n[12:51:15] ERROR: Connection failed\nUsing Python 3.11\n\u26a0 DEPRECATION: Feature will be removed in v3.0\nArtifact uploaded: dist.zip (13MB)\nnpm notice: created a lockfile\nWaiting...\n[12:51:15] DEBUG: Query executed in 59ms\nPulling image: python:3.11\nBuilding Docker image...\n[12:51:15] WARN: Deprecated API usage\n\u26a0 DEPRECATION: Feature will be removed in v3.0\nUsing Python 3.11\nRan 102 tests in 29s\n\u2713 Task completed in 2492ms\nCompiling components/index.js...\n\u2713 All checks passed\nCache hit for key-5648\npip: Collecting lodash\nFinished.\n\u2713 Task completed in 1236ms\nWARNING: webpack has known vulnerabilities\nStep 10/19: Installing dependencies\n[12:51:15] DEBUG: Query executed in 90ms\npip install: Successfully installed webpack-4.4\nInstalling react@5.3.4\n[12:51:15] DEBUG: Query executed in 63ms\nSwitched to branch 'feature/task-659'\nStep 20/16: Linting\n[12:51:15] DEBUG: Loading configuration\nStep 8/17: Linting\nArtifact uploaded: build.tar.gz (30MB)\nCache hit for key-5215\nStep 17/24: Deploying\n\u2713 All checks passed\npip: Downloading lodash-2.3.tar.gz\nFetching submodules...\n[12:51:15] DEBUG: Connection pool: 11 active\nFetching from https://googleapis.com/package.json\nFetching from https://amazonaws.com/package.json\n  PASS: test_user_create (427ms)\nnpm notice: package.json updated\nyarn add: Done in 23.74s\nUploading artifact 'coverage' (4 files)\n[12:51:15] WARN: Deprecated API usage\n[12:51:15] DEBUG: Connection pool: 7 active\nnpm notice: package.json updated\nWaiting...\n[12:51:15] DEBUG: Memory usage: 547MB\nBuilding Docker image...\n[12:51:15] WARN: Deprecated API usage\nBundling styles.css\nWaiting...\n[12:51:15] INFO: Cache refreshed\n[12:51:15] INFO: Processing request\nUploading artifact 'dist' (38 files)\nOptimizing 39 modules...\nUsing Python 3.11\n[12:51:15] DEBUG: Connection pool: 19 active\nMinifying vendor.js\nVerifying...\nCompiling src/utils.go...\nNODE_ENV=development\nRan 134 tests in 57s\nnpm install: added 129 packages\nyarn add: Done in 28.39s\n\u2713 Step 'build' succeeded\nStep 11/24: Running migrations\nVerifying...\nOK\nWARNING: express has known vulnerabilities\nConnection established\n[12:51:15] DEBUG: Initializing service\npip install: Successfully installed react-2.6\n[12:51:15] INFO: Cache refreshed\nTime: 84.55s\nSwitched to branch 'feature/task-771'\nOptimizing 69 modules...\nTLS handshake completed\nCompiling components/utils.go...\n[12:51:15] DEBUG: Query executed in 97ms\n[12:51:15] INFO: Connecting to database\nTime: 80.970s\n\u2713 Step 'setup' succeeded\nPOST /data - 202 (79ms)\nException: RuntimeError\nSuccess!\n[12:51:15] INFO: Starting build process\n\u2717 build failed with exit code 42\n[12:51:15] INFO: Connecting to database\nStep 12/17: Running migrations\nPlatform: win32-x64\nCache miss for key-2919\nyarn add: Done in 19.44s\nRan 88 tests in 38s\nChecking out develop branch\npip: Downloading eslint-1.1.tar.gz\n[12:51:15] INFO: Connecting to database\n[12:51:15] INFO: Processing request\n\u26a0 DEPRECATION: Feature will be removed in v4.0\nCreating production build...\nCreating production build...\n=== Step deploy_staging completed ===\n=== Step: setup_node ===\nCompiling lib/main.py...\nWARNING: react has known vulnerabilities\nTests: 370 passed, 439 total\nStep 7/15: Deploying\n[12:51:15] DEBUG: Query executed in 47ms\nUsing Node.js 15.5.5\nGET /health - 204 (20ms)\nArtifact uploaded: build.tar.gz (2MB)\nnpm install: resolved 272 packages\n[12:51:15] INFO: Processing request\nFetching from https://gcr.io/package.json\nUploading artifact 'build' (21 files)\nAlready up to date.\nStep 19/20: Building\nnpm notice: created a lockfile\n  PASS: integration/test_auth_login.spec.js\n\u2713 build completed\nUsing Python 3.11\nReady.\n\u26a0 DEPRECATION: Feature will be removed in v2.0\nSwitched to branch 'feature/task-144'\nGenerating source maps...\nNODE_ENV=test\nImage pulled successfully\n  PASS: e2e/test_user_create.spec.js\n\u2713 All checks passed\nFetching submodules...\nCreating production build...\nTransforming 145 files...\nUploading artifact 'dist' (33 files)\nCache invalidated: node_modules\nRan 172 tests in 47s\n\u2717 build failed with exit code 49\nNODE_ENV=test\n[12:51:15] INFO: Cache refreshed\n[12:51:15] DEBUG: Query executed in 59ms\n[12:51:15] INFO: Request completed\nFetching from https://gcr.io/package.json\nWARNING: webpack has known vulnerabilities\n[12:51:15] WARN: Deprecated API usage\n[12:51:15] WARN: Deprecated API usage\nCache restored successfully (347MB)\nCompiling lib/index.js...\nCoverage: 100% statements, 88% branches\nStep 18/15: Running migrations\n\u2713 Task completed in 2863ms\nArtifact downloaded: 23MB\nSnapshots: 11 passed, 21 total\nGET /api - 200 (92ms)\nCache saved successfully\n[12:51:15] INFO: Cache refreshed\nyarn add: Done in 4.73s\nMinifying vendor.js\nLayer 1/12: RUN command\nCache restored successfully (149MB)\n[12:51:15] WARN: Deprecated API usage\nTLS handshake completed\nStep 8/25: Building\nCache saved successfully\nUsing Node.js 16.20.7\nException: NullPointerException\nStep 6/24: Deploying\nCompiling src/app.ts...\nCoverage: 70% statements, 97% branches\n\u2713 Step 'build' succeeded\n[12:51:15] INFO: Processing request\nCompiling src/service.java...\nStep 12/17: Deploying\nVerifying...\n  PASS: integration/test_user_create.spec.js\nCoverage: 78% statements, 82% branches\n[12:51:15] WARN: Deprecated API usage\nSuccess!\nnpm install: resolved 1193 packages\nProcessing...\nGET /api - 201 (33ms)\nOptimizing 40 modules...\n  PASS: test_auth_login (212ms)\nnpm notice: package.json updated\nWARNING: eslint has known vulnerabilities\nStep 6/15: Installing dependencies\n\u26a0 DEPRECATION: Feature will be removed in v5.0\nHEAD is now at fb9971d\nRan 12 tests in 46s\nTest Suites: 36 passed, 29 total\n[12:51:15] INFO: Request completed\nTests: 294 passed, 495 total\n[12:51:15] INFO: Starting build process\nStep 11/19: Running migrations\nException: TypeError\nFetching submodules...\nProcessing...\nArtifact downloaded: 9MB\nTLS handshake completed\nBuilding Docker image...\npip install: Successfully installed axios-5.10\n[12:51:15] INFO: Processing request\nFetching from https://docker.io/package.json\nException: RuntimeError\nTransforming 906 files...\nFetching from https://docker.io/package.json\n\u2713 All checks passed\nCache saved successfully\nTime: 90.813s\npip: Installing build dependencies...\nRan 182 tests in 60s\n[12:51:15] INFO: Processing request\nUsing Node.js 18.3.5\nArtifact uploaded: dist.zip (79MB)\n\u2713 Step 'setup' succeeded\nTLS handshake completed\nMinifying app.js\n  PASS: unit/test_auth_login.spec.js\nFetching submodules...\nFAILED: test_api_health\n[12:51:15] DEBUG: Loading configuration\n[12:51:15] DEBUG: Initializing service\npip: Collecting react\nnpm notice: package.json updated\nBundling styles.css\n\u2713 package completed\n[12:51:15] ERROR: Connection failed\nUsing Node.js 18.14.6\nAlready up to date.\nWaiting...\nTest Suites: 10 passed, 45 total\nCompiling src/app.ts...\nStep 2/15: Installing dependencies\nCompiling src/index.js...\nyarn add: Done in 30.49s\nnpm install: added 78 packages\nUsing Python 3.11\nSnapshots: 11 passed, 6 total\nStep 17/22: Building\n[12:51:15] INFO: Request completed\nRan 35 tests in 8s\nStep 6/15: Testing\nnpm install: added 74 packages\nCompleted.\npip: Downloading express-4.9.tar.gz\nException: RuntimeError\nGET /api - 201 (82ms)\n\u2713 test completed\n\u2717 build failed with exit code 119\nChecking out develop branch\nLayer 10/14: COPY command\nyarn add: Done in 22.53s\nTest Suites: 43 passed, 48 total\nTest Suites: 37 passed, 23 total\nFinished.\nDone.\nReady.\nOK\nHEAD is now at 84f39fe\n=== Step setup_node completed ===\n=== Step: e2e_tests ===\nRan 126 tests in 20s\nOK\n\u2713 Task completed in 3311ms\nGenerating source maps...\nFetching submodules...\nFetching submodules...\nStep 3/17: Deploying\nUsing Python 3.9\nGET /api - 201 (65ms)\n\u26a0 DEPRECATION: Feature will be removed in v5.0\nChecking out develop branch\nPOST /data - 202 (392ms)\nRan 199 tests in 8s\nCompiling src/index.js...\nPOST /upload - 202 (213ms)\nTime: 33.945s\nInstalling react@5.20.8\npip: Installing build dependencies...\nConnection established\nPushing to registry...\nCompleted.\n[12:51:15] DEBUG: Memory usage: 1492MB\nWARNING: lodash has known vulnerabilities\nStep 18/15: Running migrations\nStep 7/22: Building\nSwitched to branch 'bugfix/task-167'\n[12:51:15] INFO: Request completed\nArtifact uploaded: dist.zip (74MB)\nCache restored successfully (279MB)\nCache saved successfully\nnpm install: added 17 packages\n[12:51:15] DEBUG: Memory usage: 102MB\nUsing Python 3.9\nSnapshots: 40 passed, 27 total\nCoverage: 96% statements, 92% branches\npip install: Successfully installed eslint-3.9\nPOST /upload - 201 (279ms)\nCompleted.\nOK\nOK\nnpm install: added 34 packages\nLayer 9/8: COPY command\nFetching from https://pypi.org/package.json\nLoading...\nPlatform: win32-x64\n\u2717 build failed with exit code 27\nUploading artifact 'dist' (25 files)\nFetching from https://gcr.io/package.json\nDone.\npip install: Successfully installed axios-4.6\n\u26a0 DEPRECATION: Feature will be removed in v4.0\nMinifying main.js\nTransforming 867 files...\nChecking out develop branch\nLayer 3/9: RUN command\nGenerating source maps...\nArtifact uploaded: build.tar.gz (49MB)\nOK\nOptimizing 81 modules...\n\u2713 Step 'build' succeeded\nGenerating source maps...\n\u2713 All checks passed\nCreating production build...\nTime: 112.706s\n\u2713 Task completed in 104ms\nTest Suites: 24 passed, 44 total\n[12:51:15] DEBUG: Query executed in 71ms\nNODE_ENV=development\nCompiling src/main.py...\nVerifying...\nMinifying app.js\nCache saved successfully\nUploading artifact 'coverage' (4 files)\nCache invalidated: dependencies\n[12:51:15] ERROR: Connection failed\nnpm notice: created a lockfile\nPushing to registry...\n[12:51:15] DEBUG: Query executed in 29ms\n[12:51:15] WARN: Deprecated API usage\nCache miss for key-2869\nPushing to registry...\nTests: 345 passed, 103 total\nTLS handshake completed\nException: NullPointerException\n[12:51:15] DEBUG: Query executed in 87ms\nConnection established\n\u2713 Step 'install' succeeded\nCompiling utils/app.ts...\nFinished.\nOptimizing 79 modules...\nWARNING: lodash has known vulnerabilities\nEnvironment: production\nFAILED: test_user_create\nStep 4/17: Deploying\nPulling image: alpine:18\nCache hit for key-8527\npip: Installing build dependencies...\nProcessing...\n[12:51:15] WARN: Deprecated API usage\npip: Installing build dependencies...\nAlready up to date.\n\u2717 build failed with exit code 122\n[12:51:15] DEBUG: Query executed in 87ms\nImage pulled successfully\nFinished.\nPushing to registry...\n[12:51:15] DEBUG: Query executed in 25ms\npip: Downloading eslint-4.9.tar.gz\nWaiting...\n[12:51:15] INFO: Processing request\nPushing to registry...\n[12:51:15] DEBUG: Loading configuration\n[12:51:15] INFO: Connecting to database\nVerifying...\nCache invalidated: build\nCache invalidated: build\nnpm notice: created a lockfile\nWARNING: express has known vulnerabilities\nCache restored successfully (247MB)\n[12:51:15] INFO: Request completed\nVerifying...\nBundling main.js\n\u2713 All checks passed\nOK\nVerifying...\nEnvironment: test\n\u26a0 DEPRECATION: Feature will be removed in v5.0\nTime: 15.707s\n\u2717 build failed with exit code 120\n\u2713 All checks passed\n[12:51:15] INFO: Processing request\nTLS handshake completed\n\u26a0 DEPRECATION: Feature will be removed in v5.0\nAlready up to date.\nFinished.\nReady.\nStep 2/22: Linting\nnpm install: added 445 packages\nUploading artifact 'coverage' (48 files)\nArtifact downloaded: 18MB\nCompiling components/main.py...\nReady.\nLoading...\nVerifying...\n\u26a0 DEPRECATION: Feature will be removed in v4.0\nStep 15/23: Building\n[12:51:15] WARN: Deprecated API usage\n[12:51:15] INFO: Processing request\nOK\nCompiling lib/app.ts...\nFetching submodules...\nEnvironment: development\n[12:51:15] WARN: Deprecated API usage\nException: ValueError\n=== Step e2e_tests completed ===\n=== Step: upload_artifacts ===\n[12:51:15] INFO: Starting build process\nWaiting...\nOptimizing 29 modules...\nLayer 2/14: ENV command\nWARNING: webpack has known vulnerabilities\n[12:51:15] DEBUG: Initializing service\nInstalling react@3.3.3\nnpm notice: package.json updated\n[12:51:15] DEBUG: Initializing service\nOK\nBuilding Docker image...\nArtifact uploaded: dist.zip (93MB)\nyarn add: Done in 12.64s\nnpm notice: package.json updated\nWARNING: eslint has known vulnerabilities\n[12:51:15] INFO: Connecting to database\n[12:51:15] DEBUG: Connection pool: 6 active\n\u2713 build completed\nProcessing...\n\u26a0 DEPRECATION: Feature will be removed in v3.0\nUploading artifact 'coverage' (30 files)\npip: Downloading jest-4.13.tar.gz\nGET /status - 200 (25ms)\n\u2713 Step 'test' succeeded\npip: Collecting eslint\nFetching from https://githubusercontent.com/package.json\nFetching from https://amazonaws.com/package.json\nPulling image: node:18\n[12:51:15] DEBUG: Query executed in 9ms\n\u2713 Task completed in 275ms\nPulling image: node:18\nCache miss for key-4271\npip: Downloading prettier-2.9.tar.gz\n[12:51:15] DEBUG: Loading configuration\nFetching submodules...\nArtifact downloaded: 2MB\nnpm install: resolved 985 packages\nCompiling lib/app.ts...\nMinifying vendor.js\nStep 9/20: Testing\n[12:51:15] ERROR: Connection failed\n\u2713 All checks passed\nHEAD is now at 7017a2a\n[12:51:15] INFO: Connecting to database\nException: ValueError\nTransforming 683 files...\nFetching submodules...\nPulling image: node:3.11\nChecking out master branch\nNODE_ENV=development\nnpm install: added 177 packages\nUploading artifact 'dist' (28 files)\nCompiling components/handler.rs...\nStep 11/15: Building\nyarn add: Done in 26.13s\nCache restored successfully (460MB)\n[12:51:15] INFO: Processing request\nCompiling lib/index.js...\nCompleted.\nChecking out develop branch\n\u26a0 DEPRECATION: Feature will be removed in v4.0\nStep 3/24: Installing dependencies\n  PASS: test_db_connect (392ms)\n[12:51:15] DEBUG: Connection pool: 8 active\n\u2717 build failed with exit code 15\nCache hit for key-2701\nArtifact uploaded: build.tar.gz (12MB)\nInstalling react@4.14.0\nLayer 8/12: RUN command\nEnvironment: development\nPOST /data - 201 (188ms)\n[12:51:15] INFO: Connecting to database\n[12:51:15] WARN: Deprecated API usage\nStep 1/17: Installing dependencies\nStep 6/15: Linting\nStep 6/16: Building\n[12:51:15] ERROR: Connection failed\nFinished.\nLoading...\nCompiling lib/handler.rs...\nStep 13/18: Building\nVerifying...\nUsing Python 3.12\n[12:51:15] INFO: Cache refreshed\n[12:51:15] DEBUG: Connection pool: 12 active\nStep 5/25: Installing dependencies\n\u2713 All checks passed\n\u2713 Step 'build' succeeded\nCompiling components/index.js...\nGET /status - 200 (16ms)\nCompiling utils/main.py...\n[12:51:15] DEBUG: Loading configuration\n\u26a0 DEPRECATION: Feature will be removed in v5.0\nDone.\nUploading artifact 'build' (49 files)\n[12:51:15] DEBUG: Memory usage: 1720MB\nDone.\nCoverage: 96% statements, 78% branches\nPOST /data - 200 (350ms)\npip: Installing build dependencies...\nProcessing...\nBundling runtime.js\nStep 18/19: Deploying\npip: Collecting axios\nCompiling lib/utils.go...\nTransforming 911 files...\n[12:51:15] INFO: Starting build process\nWARNING: lodash has known vulnerabilities\nCache hit for key-5274\nAlready up to date.\nWARNING: express has known vulnerabilities\nAlready up to date.\n[12:51:15] INFO: Starting build process\nWARNING: axios has known vulnerabilities\n[12:51:15] INFO: Cache refreshed\n[12:51:15] INFO: Connecting to database\nUsing Node.js 14.3.4\nFetching from https://githubusercontent.com/package.json\nTests: 79 passed, 198 total\nnpm install: added 351 packages\nWARNING: react has known vulnerabilities\n\u2713 All checks passed\nStep 20/15: Testing\n\u2717 build failed with exit code 109\n[12:51:15] INFO: Connecting to database\n[12:51:15] DEBUG: Memory usage: 1639MB\nArtifact uploaded: build.tar.gz (39MB)\nGenerating source maps...\nLoading...\nGET /api - 201 (36ms)\nSwitched to branch 'bugfix/task-571'\nFetching submodules...\nAlready up to date.\npip: Installing build dependencies...\nPlatform: linux-x64\n\u2713 Task completed in 4669ms\nSwitched to branch 'hotfix/task-573'\nCoverage: 82% statements, 73% branches\nGET /health - 200 (8ms)\nStep 12/24: Installing dependencies\n[12:51:15] INFO: Processing request\nArtifact uploaded: build.tar.gz (40MB)\nFetching submodules...\nVerifying...\nOK\nBuilding Docker image...\nSnapshots: 45 passed, 2 total\nUploading artifact 'dist' (32 files)\nBundling main.css\n\u2713 test completed\nTime: 87.445s\nCompiling components/index.js...\nArtifact uploaded: dist.zip (65MB)\n[12:51:15] WARN: Deprecated API usage\n=== Step upload_artifacts completed ===\n=== Step: install_dependencies ===\nStep 9/19: Running migrations\nUsing Python 3.10\nGET /api - 204 (8ms)\nArtifact uploaded: build.tar.gz (49MB)\nStep 14/23: Installing dependencies\nLayer 10/10: RUN command\nUsing Node.js 19.9.6\n\u26a0 DEPRECATION: Feature will be removed in v2.0\nnpm install: added 283 packages\nCompiling src/handler.rs...\nMinifying app.js\npip: Collecting eslint\nTest Suites: 13 passed, 36 total\n[12:51:15] DEBUG: Loading configuration\n[12:51:15] INFO: Request completed\n\u2717 build failed with exit code 46\nCompiling utils/app.ts...\nyarn add: Done in 25.94s\n\u2713 deploy completed\nStep 10/25: Linting\nCreating production build...\nCreating production build...\nyarn add: Done in 24.91s\nnpm install: added 321 packages\nUsing Node.js 20.13.3\n\u2713 All checks passed\nVerifying...\nEnvironment: staging\nStep 10/25: Linting\nAlready up to date.\n[12:51:15] INFO: Starting build process\nImage pulled successfully\nnpm install: added 47 packages\n\u2713 All checks passed\nCompiling utils/service.java...\n\u26a0 DEPRECATION: Feature will be removed in v5.0\nConnection established\nFetching from https://gcr.io/package.json\nnpm notice: package.json updated\nAlready up to date.\nGET /health - 204 (45ms)\nFinished.\n  PASS: test_cache_hit (180ms)\nSnapshots: 22 passed, 31 total\nCompleted.\nTransforming 905 files...\nnpm notice: created a lockfile\nStep 6/19: Running migrations\nPulling image: alpine:latest\npip: Downloading express-2.2.tar.gz\n[12:51:15] INFO: Cache refreshed\nEnvironment: staging\nProcessing...\nUploading artifact 'dist' (29 files)\nProcessing...\nDone.\n\u2717 build failed with exit code 59\nChecking out master branch\nTime: 70.853s\n  PASS: integration/test_user_create.spec.js\n\u26a0 DEPRECATION: Feature will be removed in v5.0\n\u2713 validate completed\nBuilding Docker image...\nWaiting...\nConnection established\n  PASS: e2e/test_auth_login.spec.js\nnpm notice: package.json updated\nPlatform: linux-x64\nArtifact uploaded: build.tar.gz (11MB)\nTransforming 442 files...\nLoading...\nSwitched to branch 'feature/task-943'\n[12:51:15] INFO: Processing request\npip install: Successfully installed express-5.9\nArtifact uploaded: build.tar.gz (28MB)\nTests: 116 passed, 244 total\nFAILED: test_api_health\nSwitched to branch 'feature/task-376'\n[12:51:15] INFO: Request completed\nBundling runtime.css\nArtifact downloaded: 2MB\n\u2717 build failed with exit code 110\n[12:51:15] DEBUG: Initializing service\nCreating production build...\nSnapshots: 9 passed, 42 total\nRan 192 tests in 15s\nPushing to registry...\n[12:51:15] INFO: Cache refreshed\nArtifact uploaded: dist.zip (62MB)\nConnection established\nTests: 369 passed, 284 total\n\u2713 Step 'build' succeeded\nCache saved successfully\nRan 123 tests in 10s\nCache restored successfully (363MB)\nCompiling components/index.js...\nnpm notice: created a lockfile\nConnection established\nArtifact uploaded: dist.zip (62MB)\nStep 12/19: Building\npip: Collecting prettier\nUsing Python 3.9\n[12:51:15] INFO: Starting build process\npip: Collecting eslint\nGET /status - 204 (18ms)\nWARNING: axios has known vulnerabilities\nEnvironment: development\n[12:51:15] WARN: Deprecated API usage\nImage pulled successfully\nOK\nCompiling components/app.ts...\nStep 17/20: Installing dependencies\nAlready up to date.\n\u26a0 DEPRECATION: Feature will be removed in v3.0\nUploading artifact 'dist' (42 files)\n  PASS: unit/test_db_connect.spec.js\n[12:51:15] DEBUG: Query executed in 46ms\nTLS handshake completed\nReady.\nConnection established\nCache saved successfully\nConnection established\nCoverage: 96% statements, 70% branches\nVerifying...\nnpm notice: created a lockfile\n[12:51:15] INFO: Starting build process\nLayer 1/12: ENV command\nGET /api - 200 (42ms)\n[12:51:15] INFO: Request completed\nPOST /upload - 200 (301ms)\nConnection established\npip: Collecting react\nException: RuntimeError\nArtifact uploaded: build.tar.gz (6MB)\nBuilding Docker image...\n[12:51:15] INFO: Processing request\nCache miss for key-9391\npip: Installing build dependencies...\nCoverage: 84% statements, 95% branches\nAlready up to date.\nStep 15/23: Linting\nCreating production build...\nCompiling src/index.js...\nArtifact uploaded: dist.zip (2MB)\nCache miss for key-5925\nVerifying...\nMinifying vendor.js\n[12:51:15] DEBUG: Initializing service\nCoverage: 97% statements, 71% branches\nCache saved successfully\n\u26a0 DEPRECATION: Feature will be removed in v2.0\nFinished.\nnpm notice: package.json updated\nHEAD is now at 252ebc1\n=== Step install_dependencies completed ===",
    "steps": [
      {
        "name": "checkout",
        "status": "success",
        "started_at": "2025-11-26T12:51:15.387538",
        "finished_at": "2025-11-26T12:51:19.604804",
        "log_lines": [
          "=== Step: checkout ===",
          "[12:51:15] WARN: Deprecated API usage",
          "Ready.",
          "Completed.",
          "Compiling lib/app.ts...",
          "yarn add: Done in 1.5s",
          "Loading...",
          "Compiling lib/utils.go...",
          "Image pulled successfully",
          "Layer 7/14: RUN command",
          "Exception: TypeError",
          "Step 7/24: Running migrations",
          "Finished.",
          "npm install: added 275 packages",
          "Verifying...",
          "npm notice: package.json updated",
          "Step 5/15: Linting",
          "\u26a0 DEPRECATION: Feature will be removed in v2.0",
          "Coverage: 72% statements, 90% branches",
          "Step 18/25: Installing dependencies",
          "Creating production build...",
          "Connection established",
          "Compiling components/handler.rs...",
          "Ready.",
          "Fetching from https://github.com/package.json",
          "Using Node.js 15.14.9",
          "[12:51:15] WARN: Deprecated API usage",
          "\u2713 package completed",
          "Platform: win32-x64",
          "Compiling components/service.java...",
          "Uploading artifact 'coverage' (17 files)",
          "Step 13/25: Running migrations",
          "pip: Downloading lodash-2.11.tar.gz",
          "pip install: Successfully installed jest-4.14",
          "Fetching from https://gcr.io/package.json",
          "Checking out main branch",
          "Compiling src/utils.go...",
          "\u2713 All checks passed",
          "Processing...",
          "npm install: added 124 packages",
          "Building Docker image...",
          "\u2713 Step 'checkout' succeeded",
          "yarn add: Done in 6.27s",
          "[12:51:15] ERROR: Connection failed",
          "npm install: resolved 1632 packages",
          "Step 6/21: Building",
          "Already up to date.",
          "\u26a0 DEPRECATION: Feature will be removed in v2.0",
          "Success!",
          "Compiling utils/handler.rs...",
          "[12:51:15] INFO: Starting build process",
          "npm install: added 396 packages",
          "Test Suites: 7 passed, 50 total",
          "Artifact downloaded: 9MB",
          "Environment: production",
          "Transforming 999 files...",
          "[12:51:15] INFO: Cache refreshed",
          "\u26a0 DEPRECATION: Feature will be removed in v4.0",
          "pip: Collecting webpack",
          "\u2713 Task completed in 722ms",
          "Building Docker image...",
          "Processing...",
          "Cache miss for key-9930",
          "Ran 188 tests in 51s",
          "Cache saved successfully",
          "Compiling utils/index.js...",
          "Already up to date.",
          "[12:51:15] INFO: Cache refreshed",
          "\u26a0 DEPRECATION: Feature will be removed in v5.0",
          "Cache saved successfully",
          "Using Node.js 18.1.9",
          "npm notice: created a lockfile",
          "OK",
          "npm notice: package.json updated",
          "  PASS: test_user_create (359ms)",
          "Uploading artifact 'coverage' (30 files)",
          "Pulling image: alpine:3.11",
          "Compiling lib/index.js...",
          "Ready.",
          "npm notice: package.json updated",
          "Waiting...",
          "[12:51:15] ERROR: Connection failed",
          "[12:51:15] DEBUG: Query executed in 85ms",
          "Exception: RuntimeError",
          "GET /api - 200 (42ms)",
          "Using Node.js 17.6.8",
          "Using Node.js 20.13.7",
          "Compiling components/app.ts...",
          "[12:51:15] WARN: Deprecated API usage",
          "\u26a0 DEPRECATION: Feature will be removed in v5.0",
          "[12:51:15] INFO: Request completed",
          "Generating source maps...",
          "Generating source maps...",
          "[12:51:15] WARN: Deprecated API usage",
          "WARNING: express has known vulnerabilities",
          "[12:51:15] WARN: Deprecated API usage",
          "Uploading artifact 'build' (20 files)",
          "Optimizing 70 modules...",
          "\u26a0 DEPRECATION: Feature will be removed in v4.0",
          "Test Suites: 12 passed, 21 total",
          "npm install: added 410 packages",
          "Transforming 580 files...",
          "Cache restored successfully (159MB)",
          "Success!",
          "Waiting...",
          "[12:51:15] INFO: Connecting to database",
          "pip: Collecting express",
          "Test Suites: 17 passed, 46 total",
          "\u2713 package completed",
          "pip: Installing build dependencies...",
          "[12:51:15] INFO: Request completed",
          "\u2713 Task completed in 966ms",
          "NODE_ENV=test",
          "[12:51:15] INFO: Starting build process",
          "[12:51:15] DEBUG: Query executed in 61ms",
          "[12:51:15] DEBUG: Memory usage: 1775MB",
          "Using Python 3.12",
          "Image pulled successfully",
          "Building Docker image...",
          "Verifying...",
          "\u26a0 DEPRECATION: Feature will be removed in v2.0",
          "\u2713 All checks passed",
          "Step 17/16: Linting",
          "[12:51:15] WARN: Deprecated API usage",
          "Environment: production",
          "Snapshots: 0 passed, 20 total",
          "WARNING: eslint has known vulnerabilities",
          "Exception: RuntimeError",
          "WARNING: prettier has known vulnerabilities",
          "Step 16/24: Installing dependencies",
          "pip: Downloading react-5.13.tar.gz",
          "Processing...",
          "[12:51:15] DEBUG: Connection pool: 3 active",
          "Cache saved successfully",
          "Fetching from https://githubusercontent.com/package.json",
          "yarn add: Done in 19.19s",
          "npm notice: created a lockfile",
          "  PASS: test_api_health (483ms)",
          "Compiling src/service.java...",
          "GET /status - 204 (36ms)",
          "Optimizing 32 modules...",
          "Compiling components/utils.go...",
          "Compiling lib/handler.rs...",
          "npm install: resolved 1968 packages",
          "Cache restored successfully (200MB)",
          "[12:51:15] INFO: Connecting to database",
          "HEAD is now at 66d1511",
          "npm notice: created a lockfile",
          "pip: Collecting prettier",
          "[12:51:15] ERROR: Connection failed",
          "Step 2/16: Linting",
          "Fetching from https://githubusercontent.com/package.json",
          "Generating source maps...",
          "TLS handshake completed",
          "Pushing to registry...",
          "=== Step checkout completed ==="
        ]
      },
      {
        "name": "type_check",
        "status": "success",
        "started_at": "2025-11-26T12:51:19.604804",
        "finished_at": "2025-11-26T12:51:30.147970",
        "log_lines": [
          "=== Step: type_check ===",
          "[12:51:15] DEBUG: Initializing service",
          "Compiling src/app.ts...",
          "Snapshots: 33 passed, 14 total",
          "Cache invalidated: dependencies",
          "Verifying...",
          "Connection established",
          "Already up to date.",
          "OK",
          "Installing webpack@3.19.10",
          "[12:51:15] INFO: Request completed",
          "WARNING: express has known vulnerabilities",
          "Step 13/16: Testing",
          "Compiling src/main.py...",
          "POST /api - 201 (473ms)",
          "\u2717 build failed with exit code 62",
          "Layer 5/14: RUN command",
          "[12:51:15] DEBUG: Connection pool: 5 active",
          "Pulling image: python:latest",
          "Coverage: 95% statements, 73% branches",
          "pip: Downloading jest-5.2.tar.gz",
          "  PASS: test_db_connect (181ms)",
          "Layer 5/11: COPY command",
          "Platform: linux-x64",
          "\u26a0 DEPRECATION: Feature will be removed in v4.0",
          "Step 13/22: Testing",
          "npm notice: created a lockfile",
          "[12:51:15] INFO: Starting build process",
          "pip install: Successfully installed express-1.16",
          "Layer 2/10: ENV command",
          "NODE_ENV=test",
          "\u2713 Task completed in 1223ms",
          "Snapshots: 22 passed, 33 total",
          "pip: Installing build dependencies...",
          "Artifact uploaded: dist.zip (71MB)",
          "pip: Installing build dependencies...",
          "Verifying...",
          "Cache saved successfully",
          "npm notice: created a lockfile",
          "npm install: resolved 164 packages",
          "GET /api - 200 (76ms)",
          "pip: Downloading lodash-4.11.tar.gz",
          "yarn add: Done in 10.48s",
          "npm install: resolved 133 packages",
          "Transforming 412 files...",
          "[12:51:15] WARN: Deprecated API usage",
          "Pushing to registry...",
          "Optimizing 16 modules...",
          "[12:51:15] DEBUG: Initializing service",
          "[12:51:15] DEBUG: Query executed in 64ms",
          "Fetching from https://amazonaws.com/package.json",
          "POST /upload - 200 (152ms)",
          "npm notice: created a lockfile",
          "Cache saved successfully",
          "Switched to branch 'feature/task-898'",
          "Already up to date.",
          "npm notice: package.json updated",
          "pip install: Successfully installed react-2.16",
          "Cache invalidated: dependencies",
          "Verifying...",
          "Cache invalidated: dependencies",
          "Uploading artifact 'dist' (15 files)",
          "Compiling src/service.java...",
          "Artifact uploaded: build.tar.gz (21MB)",
          "Bundling vendor.css",
          "[12:51:15] ERROR: Connection failed",
          "GET /status - 201 (15ms)",
          "\u26a0 DEPRECATION: Feature will be removed in v3.0",
          "[12:51:15] INFO: Request completed",
          "Generating source maps...",
          "Tests: 438 passed, 245 total",
          "Minifying vendor.js",
          "Step 11/25: Testing",
          "\u26a0 DEPRECATION: Feature will be removed in v5.0",
          "[12:51:15] DEBUG: Query executed in 75ms",
          "yarn add: Done in 10.23s",
          "Generating source maps...",
          "Connection established",
          "npm install: added 439 packages",
          "Step 17/17: Building",
          "Ready.",
          "FAILED: test_user_create",
          "Layer 4/15: COPY command",
          "Pushing to registry...",
          "\u2713 Task completed in 1746ms",
          "[12:51:15] DEBUG: Memory usage: 110MB",
          "\u26a0 DEPRECATION: Feature will be removed in v2.0",
          "HEAD is now at 2443a32",
          "Artifact uploaded: dist.zip (55MB)",
          "npm install: added 410 packages",
          "  PASS: test_user_create (31ms)",
          "Fetching from https://googleapis.com/package.json",
          "Image pulled successfully",
          "Cache saved successfully",
          "GET /health - 204 (15ms)",
          "Completed.",
          "NODE_ENV=production",
          "Pushing to registry...",
          "[12:51:15] DEBUG: Connection pool: 17 active",
          "GET /status - 201 (69ms)",
          "Layer 5/14: COPY command",
          "Snapshots: 35 passed, 33 total",
          "Compiling src/utils.go...",
          "Already up to date.",
          "npm install: resolved 194 packages",
          "  PASS: integration/test_db_connect.spec.js",
          "Tests: 390 passed, 86 total",
          "Generating source maps...",
          "Fetching from https://googleapis.com/package.json",
          "Minifying main.js",
          "Layer 3/10: RUN command",
          "Done.",
          "Processing...",
          "  PASS: e2e/test_auth_login.spec.js",
          "Fetching from https://docker.io/package.json",
          "Compiling lib/handler.rs...",
          "Tests: 224 passed, 465 total",
          "Compiling lib/index.js...",
          "[12:51:15] INFO: Connecting to database",
          "Artifact downloaded: 41MB",
          "Fetching from https://registry.npmjs.org/package.json",
          "Fetching submodules...",
          "Creating production build...",
          "Compiling utils/app.ts...",
          "Checking out master branch",
          "\u26a0 DEPRECATION: Feature will be removed in v4.0",
          "Pulling image: python:18",
          "Step 7/19: Deploying",
          "[12:51:15] WARN: Deprecated API usage",
          "\u26a0 DEPRECATION: Feature will be removed in v5.0",
          "[12:51:15] DEBUG: Loading configuration",
          "OK",
          "Artifact uploaded: dist.zip (28MB)",
          "[12:51:15] DEBUG: Loading configuration",
          "\u2713 Task completed in 2488ms",
          "Cache invalidated: build",
          "[12:51:15] DEBUG: Query executed in 30ms",
          "Connection established",
          "OK",
          "GET /health - 200 (95ms)",
          "pip install: Successfully installed eslint-1.18",
          "Step 1/16: Running migrations",
          "Minifying vendor.js",
          "Done.",
          "Artifact downloaded: 18MB",
          "npm notice: created a lockfile",
          "Checking out develop branch",
          "[12:51:15] INFO: Cache refreshed",
          "Cache restored successfully (86MB)",
          "Using Node.js 14.0.3",
          "pip: Collecting jest",
          "Step 20/16: Deploying",
          "WARNING: axios has known vulnerabilities",
          "Installing axios@2.19.5",
          "Building Docker image...",
          "=== Step type_check completed ==="
        ]
      },
      {
        "name": "unit_tests",
        "status": "success",
        "started_at": "2025-11-26T12:51:30.147970",
        "finished_at": "2025-11-26T12:52:01.777469",
        "log_lines": [
          "=== Step: unit_tests ===",
          "Cache miss for key-3788",
          "Pulling image: node:18",
          "Cache hit for key-7717",
          "Switched to branch 'bugfix/task-904'",
          "[12:51:15] DEBUG: Loading configuration",
          "[12:51:15] WARN: Deprecated API usage",
          "[12:51:15] INFO: Request completed",
          "npm notice: created a lockfile",
          "npm notice: created a lockfile",
          "Connection established",
          "[12:51:15] DEBUG: Loading configuration",
          "Image pulled successfully",
          "POST /api - 200 (320ms)",
          "Snapshots: 32 passed, 41 total",
          "[12:51:15] INFO: Request completed",
          "npm notice: created a lockfile",
          "Image pulled successfully",
          "\u26a0 DEPRECATION: Feature will be removed in v3.0",
          "[12:51:15] WARN: Deprecated API usage",
          "WARNING: prettier has known vulnerabilities",
          "Cache restored successfully (44MB)",
          "[12:51:15] WARN: Deprecated API usage",
          "[12:51:15] DEBUG: Query executed in 40ms",
          "[12:51:15] DEBUG: Initializing service",
          "Fetching from https://npmjs.org/package.json",
          "\u2713 Task completed in 2955ms",
          "Creating production build...",
          "Finished.",
          "Minifying vendor.js",
          "npm notice: package.json updated",
          "\u26a0 DEPRECATION: Feature will be removed in v2.0",
          "Cache invalidated: dependencies",
          "Cache miss for key-5083",
          "Platform: linux-x64",
          "  PASS: test_db_connect (436ms)",
          "Pushing to registry...",
          "TLS handshake completed",
          "Optimizing 53 modules...",
          "Transforming 262 files...",
          "pip install: Successfully installed jest-2.14",
          "Time: 28.840s",
          "Coverage: 75% statements, 96% branches",
          "Using Node.js 20.15.5",
          "pip: Downloading lodash-3.4.tar.gz",
          "Coverage: 99% statements, 82% branches",
          "Pushing to registry...",
          "  PASS: test_auth_login (338ms)",
          "Fetching from https://googleapis.com/package.json",
          "Already up to date.",
          "Image pulled successfully",
          "WARNING: prettier has known vulnerabilities",
          "\u2713 Step 'test' succeeded",
          "pip: Downloading express-5.0.tar.gz",
          "Compiling utils/service.java...",
          "[12:51:15] WARN: Deprecated API usage",
          "Step 16/23: Installing dependencies",
          "Fetching from https://amazonaws.com/package.json",
          "Compiling utils/index.js...",
          "Switched to branch 'feature/task-151'",
          "[12:51:15] DEBUG: Memory usage: 1102MB",
          "Installing webpack@4.11.1",
          "Platform: win32-x64",
          "\u2713 Step 'build' succeeded",
          "WARNING: webpack has known vulnerabilities",
          "npm install: added 198 packages",
          "[12:51:15] DEBUG: Loading configuration",
          "Time: 51.503s",
          "Creating production build...",
          "Cache hit for key-4776",
          "Pulling image: python:18",
          "Step 4/23: Testing",
          "Cache restored successfully (202MB)",
          "Installing react@5.18.9",
          "pip install: Successfully installed eslint-4.12",
          "Uploading artifact 'dist' (49 files)",
          "[12:51:15] INFO: Processing request",
          "Compiling utils/service.java...",
          "NODE_ENV=production",
          "Done.",
          "Connection established",
          "Compiling src/main.py...",
          "Time: 86.625s",
          "[12:51:15] INFO: Processing request",
          "Minifying main.js",
          "Done.",
          "\u2713 Step 'test' succeeded",
          "Time: 91.756s",
          "Exception: TypeError",
          "Step 6/16: Deploying",
          "Fetching submodules...",
          "Exception: ValueError",
          "[12:51:15] INFO: Processing request",
          "Generating source maps...",
          "Pushing to registry...",
          "Environment: production",
          "Connection established",
          "Artifact uploaded: build.tar.gz (48MB)",
          "Exception: RuntimeError",
          "Using Python 3.9",
          "Done.",
          "Transforming 339 files...",
          "\u26a0 DEPRECATION: Feature will be removed in v2.0",
          "Compiling src/service.java...",
          "Step 5/22: Deploying",
          "pip: Installing build dependencies...",
          "Checking out develop branch",
          "Cache miss for key-1723",
          "Pushing to registry...",
          "[12:51:15] INFO: Starting build process",
          "Ready.",
          "Snapshots: 5 passed, 6 total",
          "[12:51:15] WARN: Deprecated API usage",
          "Compiling src/handler.rs...",
          "Artifact downloaded: 14MB",
          "POST /api - 202 (371ms)",
          "Pushing to registry...",
          "[12:51:15] INFO: Processing request",
          "Cache restored successfully (99MB)",
          "Already up to date.",
          "Step 4/19: Running migrations",
          "\u26a0 DEPRECATION: Feature will be removed in v5.0",
          "npm install: resolved 163 packages",
          "Artifact uploaded: dist.zip (29MB)",
          "Using Node.js 18.1.8",
          "Already up to date.",
          "Cache miss for key-7657",
          "\u2713 Task completed in 1581ms",
          "Artifact uploaded: build.tar.gz (38MB)",
          "pip: Downloading express-4.0.tar.gz",
          "Layer 7/15: COPY command",
          "Finished.",
          "Already up to date.",
          "Artifact downloaded: 37MB",
          "[12:51:15] INFO: Connecting to database",
          "Environment: development",
          "\u2713 Step 'build' succeeded",
          "[12:51:15] DEBUG: Query executed in 62ms",
          "Image pulled successfully",
          "WARNING: express has known vulnerabilities",
          "  PASS: test_api_health (153ms)",
          "Artifact downloaded: 35MB",
          "npm install: added 71 packages",
          "Bundling runtime.css",
          "Layer 4/9: RUN command",
          "npm notice: created a lockfile",
          "Step 17/23: Deploying",
          "Optimizing 80 modules...",
          "yarn add: Done in 1.96s",
          "NODE_ENV=development",
          "pip install: Successfully installed react-2.1",
          "Exception: NullPointerException",
          "Time: 74.877s",
          "[12:51:15] DEBUG: Loading configuration",
          "Switched to branch 'feature/task-788'",
          "=== Step unit_tests completed ==="
        ]
      },
      {
        "name": "save_cache",
        "status": "success",
        "started_at": "2025-11-26T12:52:01.777469",
        "finished_at": "2025-11-26T12:52:08.103369",
        "log_lines": [
          "=== Step: save_cache ===",
          "Creating production build...",
          "[12:51:15] DEBUG: Initializing service",
          "Generating source maps...",
          "WARNING: react has known vulnerabilities",
          "Step 7/17: Testing",
          "  PASS: test_db_connect (466ms)",
          "\u26a0 DEPRECATION: Feature will be removed in v3.0",
          "Building Docker image...",
          "Environment: production",
          "Minifying main.js",
          "Waiting...",
          "Pushing to registry...",
          "[12:51:15] INFO: Starting build process",
          "npm install: resolved 1360 packages",
          "[12:51:15] INFO: Starting build process",
          "[12:51:15] INFO: Connecting to database",
          "Minifying main.js",
          "[12:51:15] WARN: Deprecated API usage",
          "[12:51:15] ERROR: Connection failed",
          "  PASS: test_db_connect (433ms)",
          "npm install: added 223 packages",
          "Compiling src/main.py...",
          "Compiling src/service.java...",
          "Step 19/23: Running migrations",
          "Compiling utils/main.py...",
          "Generating source maps...",
          "  PASS: integration/test_cache_hit.spec.js",
          "[12:51:15] DEBUG: Query executed in 23ms",
          "Cache restored successfully (308MB)",
          "Building Docker image...",
          "Using Python 3.12",
          "Layer 5/14: COPY command",
          "Generating source maps...",
          "\u2713 test completed",
          "Uploading artifact 'coverage' (46 files)",
          "Cache invalidated: node_modules",
          "\u2713 Step 'test' succeeded",
          "Artifact downloaded: 10MB",
          "[12:51:15] INFO: Request completed",
          "Finished.",
          "Waiting...",
          "\u26a0 DEPRECATION: Feature will be removed in v4.0",
          "[12:51:15] WARN: Deprecated API usage",
          "Exception: RuntimeError",
          "Minifying app.js",
          "[12:51:15] WARN: Deprecated API usage",
          "Using Python 3.9",
          "Tests: 131 passed, 343 total",
          "\u2713 Step 'setup' succeeded",
          "WARNING: eslint has known vulnerabilities",
          "npm install: resolved 345 packages",
          "Waiting...",
          "[12:51:15] INFO: Request completed",
          "FAILED: test_user_create",
          "Environment: test",
          "Bundling styles.js",
          "Transforming 324 files...",
          "Optimizing 18 modules...",
          "Step 7/25: Running migrations",
          "Finished.",
          "Platform: win32-x64",
          "Snapshots: 47 passed, 49 total",
          "Coverage: 95% statements, 93% branches",
          "Test Suites: 40 passed, 32 total",
          "pip install: Successfully installed jest-2.1",
          "Coverage: 73% statements, 65% branches",
          "Step 20/18: Building",
          "Snapshots: 36 passed, 42 total",
          "[12:51:15] DEBUG: Initializing service",
          "Artifact downloaded: 25MB",
          "\u26a0 DEPRECATION: Feature will be removed in v3.0",
          "Checking out master branch",
          "OK",
          "Step 9/16: Testing",
          "FAILED: test_user_create",
          "[12:51:15] DEBUG: Memory usage: 1519MB",
          "Snapshots: 0 passed, 27 total",
          "Step 5/20: Running migrations",
          "Artifact uploaded: build.tar.gz (21MB)",
          "Cache miss for key-8326",
          "Snapshots: 34 passed, 43 total",
          "yarn add: Done in 11.52s",
          "Uploading artifact 'coverage' (16 files)",
          "Finished.",
          "[12:51:15] DEBUG: Connection pool: 12 active",
          "\u26a0 DEPRECATION: Feature will be removed in v5.0",
          "\u2713 All checks passed",
          "Cache invalidated: node_modules",
          "pip: Collecting prettier",
          "Switched to branch 'hotfix/task-551'",
          "Already up to date.",
          "\u26a0 DEPRECATION: Feature will be removed in v4.0",
          "Tests: 324 passed, 260 total",
          "WARNING: lodash has known vulnerabilities",
          "pip install: Successfully installed axios-3.0",
          "FAILED: test_cache_hit",
          "Environment: test",
          "Image pulled successfully",
          "yarn add: Done in 9.28s",
          "[12:51:15] WARN: Deprecated API usage",
          "Minifying app.js",
          "Image pulled successfully",
          "npm install: resolved 1289 packages",
          "GET /api - 204 (54ms)",
          "Snapshots: 6 passed, 44 total",
          "Step 14/25: Deploying",
          "Pulling image: node:latest",
          "pip install: Successfully installed jest-3.12",
          "Pushing to registry...",
          "Waiting...",
          "Transforming 325 files...",
          "NODE_ENV=production",
          "Layer 5/8: ENV command",
          "\u26a0 DEPRECATION: Feature will be removed in v4.0",
          "  PASS: test_cache_hit (123ms)",
          "Environment: development",
          "Fetching from https://githubusercontent.com/package.json",
          "Processing...",
          "OK",
          "Compiling src/main.py...",
          "Coverage: 82% statements, 86% branches",
          "Uploading artifact 'build' (33 files)",
          "Artifact downloaded: 7MB",
          "Installing prettier@4.4.9",
          "Minifying main.js",
          "Artifact downloaded: 49MB",
          "Cache hit for key-8738",
          "Minifying vendor.js",
          "Ran 117 tests in 29s",
          "Layer 6/13: RUN command",
          "Tests: 309 passed, 230 total",
          "[12:51:15] INFO: Connecting to database",
          "Layer 5/8: COPY command",
          "Cache hit for key-9260",
          "Cache restored successfully (77MB)",
          "[12:51:15] DEBUG: Memory usage: 1847MB",
          "\u2713 deploy completed",
          "[12:51:15] DEBUG: Initializing service",
          "Compiling src/handler.rs...",
          "[12:51:15] INFO: Request completed",
          "\u26a0 DEPRECATION: Feature will be removed in v5.0",
          "NODE_ENV=test",
          "[12:51:15] WARN: Deprecated API usage",
          "[12:51:15] INFO: Request completed",
          "Already up to date.",
          "pip install: Successfully installed react-4.14",
          "Fetching from https://npmjs.org/package.json",
          "Step 13/24: Deploying",
          "Step 1/20: Building",
          "Artifact uploaded: dist.zip (59MB)",
          "[12:51:15] DEBUG: Memory usage: 1023MB",
          "Exception: ValueError",
          "Creating production build...",
          "Artifact downloaded: 24MB",
          "=== Step save_cache completed ==="
        ]
      },
      {
        "name": "restore_cache",
        "status": "success",
        "started_at": "2025-11-26T12:52:08.103369",
        "finished_at": "2025-11-26T12:52:14.429269",
        "log_lines": [
          "=== Step: restore_cache ===",
          "Artifact downloaded: 48MB",
          "Compiling src/service.java...",
          "Cache restored successfully (10MB)",
          "pip install: Successfully installed prettier-5.20",
          "Tests: 194 passed, 225 total",
          "Step 5/17: Linting",
          "Fetching submodules...",
          "npm notice: created a lockfile",
          "Cache hit for key-8691",
          "Test Suites: 17 passed, 7 total",
          "[12:51:15] INFO: Starting build process",
          "Done.",
          "Checking out master branch",
          "Platform: linux-x64",
          "Snapshots: 42 passed, 44 total",
          "Completed.",
          "Cache hit for key-2988",
          "[12:51:15] WARN: Deprecated API usage",
          "pip install: Successfully installed jest-4.0",
          "Cache miss for key-1066",
          "Pushing to registry...",
          "Cache miss for key-5168",
          "Artifact uploaded: build.tar.gz (26MB)",
          "Step 4/20: Linting",
          "yarn add: Done in 20.61s",
          "Finished.",
          "Artifact uploaded: build.tar.gz (32MB)",
          "\u26a0 DEPRECATION: Feature will be removed in v2.0",
          "\u2713 Step 'install' succeeded",
          "Ready.",
          "pip install: Successfully installed prettier-5.12",
          "Switched to branch 'bugfix/task-262'",
          "POST /upload - 202 (96ms)",
          "\u2713 Step 'test' succeeded",
          "Uploading artifact 'coverage' (28 files)",
          "Switched to branch 'hotfix/task-232'",
          "\u2713 All checks passed",
          "Pulling image: alpine:latest",
          "POST /api - 201 (474ms)",
          "Cache restored successfully (189MB)",
          "Layer 7/15: RUN command",
          "FAILED: test_auth_login",
          "Step 14/23: Testing",
          "WARNING: express has known vulnerabilities",
          "Compiling utils/main.py...",
          "Compiling src/index.js...",
          "Bundling vendor.css",
          "Compiling lib/index.js...",
          "Cache miss for key-2686",
          "WARNING: react has known vulnerabilities",
          "Uploading artifact 'build' (42 files)",
          "[12:51:15] WARN: Deprecated API usage",
          "Switched to branch 'bugfix/task-846'",
          "pip: Downloading jest-5.6.tar.gz",
          "Done.",
          "HEAD is now at c75d286",
          "Bundling runtime.js",
          "Ready.",
          "\u26a0 DEPRECATION: Feature will be removed in v4.0",
          "Test Suites: 44 passed, 47 total",
          "Ran 137 tests in 2s",
          "GET /health - 200 (85ms)",
          "Using Node.js 14.2.9",
          "\u2713 All checks passed",
          "Compiling lib/utils.go...",
          "Step 11/18: Running migrations",
          "pip: Downloading webpack-4.13.tar.gz",
          "npm install: added 107 packages",
          "Uploading artifact 'build' (47 files)",
          "GET /status - 201 (50ms)",
          "TLS handshake completed",
          "Step 19/24: Testing",
          "Compiling lib/app.ts...",
          "GET /health - 201 (28ms)",
          "pip: Downloading eslint-5.3.tar.gz",
          "Connection established",
          "Step 3/25: Running migrations",
          "[12:51:15] DEBUG: Query executed in 48ms",
          "\u2713 Step 'setup' succeeded",
          "OK",
          "Cache miss for key-4454",
          "[12:51:15] WARN: Deprecated API usage",
          "Step 17/15: Running migrations",
          "[12:51:15] ERROR: Connection failed",
          "Step 14/19: Installing dependencies",
          "Transforming 323 files...",
          "Verifying...",
          "Installing react@1.6.6",
          "Already up to date.",
          "Exception: TypeError",
          "Uploading artifact 'build' (35 files)",
          "Bundling runtime.css",
          "Pushing to registry...",
          "Ran 151 tests in 31s",
          "Layer 7/8: RUN command",
          "Fetching submodules...",
          "Step 16/25: Installing dependencies",
          "Compiling lib/service.java...",
          "Cache saved successfully",
          "pip: Downloading prettier-1.2.tar.gz",
          "Creating production build...",
          "Cache restored successfully (113MB)",
          "[12:51:15] INFO: Cache refreshed",
          "Step 5/17: Running migrations",
          "pip: Downloading react-5.17.tar.gz",
          "npm install: added 394 packages",
          "[12:51:15] INFO: Request completed",
          "npm install: resolved 840 packages",
          "Artifact uploaded: dist.zip (33MB)",
          "Completed.",
          "Creating production build...",
          "[12:51:15] DEBUG: Loading configuration",
          "Finished.",
          "Environment: production",
          "WARNING: express has known vulnerabilities",
          "Step 9/19: Installing dependencies",
          "Using Python 3.12",
          "Creating production build...",
          "POST /data - 201 (189ms)",
          "\u2713 Task completed in 3938ms",
          "\u2717 build failed with exit code 4",
          "Verifying...",
          "Done.",
          "Layer 6/10: COPY command",
          "[12:51:15] WARN: Deprecated API usage",
          "HEAD is now at 3018062",
          "[12:51:15] WARN: Deprecated API usage",
          "Compiling src/service.java...",
          "Test Suites: 10 passed, 12 total",
          "Fetching from https://npmjs.org/package.json",
          "Time: 11.770s",
          "HEAD is now at 78ea0e6",
          "Verifying...",
          "Finished.",
          "Step 15/20: Deploying",
          "Installing eslint@1.7.10",
          "Building Docker image...",
          "WARNING: prettier has known vulnerabilities",
          "npm install: resolved 1977 packages",
          "Generating source maps...",
          "Cache invalidated: node_modules",
          "Step 5/24: Installing dependencies",
          "Compiling components/service.java...",
          "Verifying...",
          "npm install: resolved 1390 packages",
          "Step 9/22: Installing dependencies",
          "Tests: 102 passed, 82 total",
          "Platform: win32-x64",
          "Artifact uploaded: dist.zip (92MB)",
          "Layer 9/9: ENV command",
          "[12:51:15] DEBUG: Connection pool: 4 active",
          "\u26a0 DEPRECATION: Feature will be removed in v2.0",
          "\u2717 build failed with exit code 93",
          "\u2713 Task completed in 3641ms",
          "=== Step restore_cache completed ==="
        ]
      },
      {
        "name": "integration_tests",
        "status": "success",
        "started_at": "2025-11-26T12:52:14.429269",
        "finished_at": "2025-11-26T12:52:35.515601",
        "log_lines": [
          "=== Step: integration_tests ===",
          "Pushing to registry...",
          "Step 2/18: Running migrations",
          "Fetching submodules...",
          "Success!",
          "\u2713 All checks passed",
          "[12:51:15] DEBUG: Loading configuration",
          "pip install: Successfully installed eslint-3.20",
          "npm notice: created a lockfile",
          "Compiling lib/handler.rs...",
          "pip install: Successfully installed express-2.17",
          "[12:51:15] DEBUG: Query executed in 80ms",
          "Processing...",
          "Snapshots: 32 passed, 15 total",
          "Artifact uploaded: build.tar.gz (50MB)",
          "Processing...",
          "\u26a0 DEPRECATION: Feature will be removed in v2.0",
          "[12:51:15] DEBUG: Query executed in 11ms",
          "[12:51:15] WARN: Deprecated API usage",
          "Generating source maps...",
          "Generating source maps...",
          "POST /api - 202 (15ms)",
          "Compiling components/main.py...",
          "[12:51:15] INFO: Processing request",
          "Optimizing 24 modules...",
          "Bundling main.css",
          "Step 15/22: Running migrations",
          "[12:51:15] DEBUG: Initializing service",
          "Cache miss for key-6753",
          "[12:51:15] DEBUG: Memory usage: 753MB",
          "Generating source maps...",
          "Loading...",
          "  PASS: unit/test_cache_hit.spec.js",
          "WARNING: webpack has known vulnerabilities",
          "Installing jest@3.8.3",
          "Snapshots: 46 passed, 41 total",
          "Fetching from https://npmjs.org/package.json",
          "  PASS: unit/test_db_connect.spec.js",
          "[12:51:15] DEBUG: Loading configuration",
          "Cache hit for key-7530",
          "Loading...",
          "Uploading artifact 'dist' (13 files)",
          "Compiling src/index.js...",
          "Environment: development",
          "Uploading artifact 'build' (16 files)",
          "WARNING: jest has known vulnerabilities",
          "POST /data - 202 (46ms)",
          "pip: Installing build dependencies...",
          "npm notice: package.json updated",
          "Using Node.js 18.15.6",
          "Layer 6/15: COPY command",
          "  PASS: test_user_create (144ms)",
          "TLS handshake completed",
          "Uploading artifact 'build' (11 files)",
          "Success!",
          "Tests: 295 passed, 305 total",
          "Test Suites: 32 passed, 25 total",
          "pip: Collecting axios",
          "Generating source maps...",
          "[12:51:15] DEBUG: Loading configuration",
          "\u2713 build completed",
          "npm notice: created a lockfile",
          "Compiling components/utils.go...",
          "[12:51:15] DEBUG: Memory usage: 1741MB",
          "[12:51:15] DEBUG: Initializing service",
          "Cache hit for key-4019",
          "Success!",
          "Verifying...",
          "Environment: development",
          "[12:51:15] DEBUG: Connection pool: 9 active",
          "\u26a0 DEPRECATION: Feature will be removed in v4.0",
          "Compiling lib/service.java...",
          "WARNING: express has known vulnerabilities",
          "Already up to date.",
          "pip: Downloading eslint-5.4.tar.gz",
          "Step 9/16: Running migrations",
          "Environment: test",
          "Waiting...",
          "Time: 96.333s",
          "  PASS: test_auth_login (484ms)",
          "Bundling runtime.css",
          "[12:51:15] INFO: Request completed",
          "  PASS: test_user_create (64ms)",
          "OK",
          "  PASS: unit/test_api_health.spec.js",
          "Building Docker image...",
          "[12:51:15] INFO: Request completed",
          "  PASS: integration/test_user_create.spec.js",
          "WARNING: react has known vulnerabilities",
          "Step 18/25: Installing dependencies",
          "Minifying main.js",
          "POST /upload - 201 (436ms)",
          "[12:51:15] INFO: Cache refreshed",
          "[12:51:15] INFO: Request completed",
          "pip: Downloading axios-3.2.tar.gz",
          "Checking out master branch",
          "[12:51:15] INFO: Processing request",
          "Processing...",
          "[12:51:15] WARN: Deprecated API usage",
          "[12:51:15] DEBUG: Connection pool: 19 active",
          "[12:51:15] DEBUG: Initializing service",
          "Using Python 3.10",
          "\u2713 All checks passed",
          "Tests: 403 passed, 495 total",
          "Fetching submodules...",
          "Ran 54 tests in 1s",
          "Layer 1/14: COPY command",
          "[12:51:15] DEBUG: Query executed in 69ms",
          "Done.",
          "Installing webpack@4.19.9",
          "Done.",
          "Compiling utils/main.py...",
          "FAILED: test_db_connect",
          "pip: Installing build dependencies...",
          "Step 18/24: Running migrations",
          "Creating production build...",
          "Environment: test",
          "[12:51:15] WARN: Deprecated API usage",
          "Fetching from https://githubusercontent.com/package.json",
          "Snapshots: 9 passed, 9 total",
          "Installing express@2.17.4",
          "Step 2/16: Installing dependencies",
          "Checking out develop branch",
          "Time: 59.424s",
          "Loading...",
          "Already up to date.",
          "pip: Installing build dependencies...",
          "npm notice: package.json updated",
          "\u2717 build failed with exit code 108",
          "FAILED: test_api_health",
          "\u2713 Step 'test' succeeded",
          "pip: Downloading eslint-1.11.tar.gz",
          "Completed.",
          "Switched to branch 'feature/task-394'",
          "pip install: Successfully installed axios-5.6",
          "Cache miss for key-5522",
          "Generating source maps...",
          "Coverage: 82% statements, 82% branches",
          "WARNING: jest has known vulnerabilities",
          "Platform: darwin-arm64",
          "Checking out master branch",
          "\u2713 All checks passed",
          "TLS handshake completed",
          "HEAD is now at ba19f4c",
          "[12:51:15] DEBUG: Query executed in 66ms",
          "[12:51:15] INFO: Starting build process",
          "npm notice: created a lockfile",
          "\u2713 All checks passed",
          "Fetching from https://pypi.org/package.json",
          "Fetching from https://gcr.io/package.json",
          "Step 3/17: Deploying",
          "Switched to branch 'feature/task-521'",
          "Minifying main.js",
          "\u2713 package completed",
          "Artifact uploaded: build.tar.gz (34MB)",
          "=== Step integration_tests completed ==="
        ]
      },
      {
        "name": "deploy_staging",
        "status": "success",
        "started_at": "2025-11-26T12:52:35.515601",
        "finished_at": "2025-11-26T12:52:46.058767",
        "log_lines": [
          "=== Step: deploy_staging ===",
          "Success!",
          "[12:51:15] DEBUG: Loading configuration",
          "[12:51:15] DEBUG: Memory usage: 1988MB",
          "[12:51:15] INFO: Cache refreshed",
          "npm install: added 461 packages",
          "WARNING: prettier has known vulnerabilities",
          "Using Python 3.11",
          "Processing...",
          "Step 6/22: Linting",
          "Completed.",
          "Step 19/18: Linting",
          "Snapshots: 12 passed, 44 total",
          "Checking out master branch",
          "Step 14/24: Linting",
          "Generating source maps...",
          "\u2713 Task completed in 3264ms",
          "Coverage: 79% statements, 73% branches",
          "POST /data - 202 (300ms)",
          "WARNING: react has known vulnerabilities",
          "Using Python 3.10",
          "Ran 99 tests in 14s",
          "Cache hit for key-4073",
          "[12:51:15] ERROR: Connection failed",
          "Bundling runtime.css",
          "Layer 10/10: ENV command",
          "Ready.",
          "Using Python 3.12",
          "Switched to branch 'feature/task-125'",
          "Transforming 660 files...",
          "Step 3/24: Deploying",
          "Done.",
          "Switched to branch 'bugfix/task-870'",
          "WARNING: webpack has known vulnerabilities",
          "NODE_ENV=development",
          "Optimizing 78 modules...",
          "  PASS: integration/test_user_create.spec.js",
          "Image pulled successfully",
          "[12:51:15] DEBUG: Memory usage: 537MB",
          "\u2717 build failed with exit code 16",
          "Compiling utils/handler.rs...",
          "Done.",
          "Already up to date.",
          "Generating source maps...",
          "Compiling lib/index.js...",
          "GET /api - 201 (19ms)",
          "Processing...",
          "Snapshots: 38 passed, 8 total",
          "Step 15/25: Installing dependencies",
          "[12:51:15] INFO: Processing request",
          "Fetching submodules...",
          "Coverage: 87% statements, 77% branches",
          "NODE_ENV=production",
          "pip: Installing build dependencies...",
          "[12:51:15] ERROR: Connection failed",
          "Using Python 3.11",
          "\u26a0 DEPRECATION: Feature will be removed in v3.0",
          "Artifact uploaded: dist.zip (13MB)",
          "npm notice: created a lockfile",
          "Waiting...",
          "[12:51:15] DEBUG: Query executed in 59ms",
          "Pulling image: python:3.11",
          "Building Docker image...",
          "[12:51:15] WARN: Deprecated API usage",
          "\u26a0 DEPRECATION: Feature will be removed in v3.0",
          "Using Python 3.11",
          "Ran 102 tests in 29s",
          "\u2713 Task completed in 2492ms",
          "Compiling components/index.js...",
          "\u2713 All checks passed",
          "Cache hit for key-5648",
          "pip: Collecting lodash",
          "Finished.",
          "\u2713 Task completed in 1236ms",
          "WARNING: webpack has known vulnerabilities",
          "Step 10/19: Installing dependencies",
          "[12:51:15] DEBUG: Query executed in 90ms",
          "pip install: Successfully installed webpack-4.4",
          "Installing react@5.3.4",
          "[12:51:15] DEBUG: Query executed in 63ms",
          "Switched to branch 'feature/task-659'",
          "Step 20/16: Linting",
          "[12:51:15] DEBUG: Loading configuration",
          "Step 8/17: Linting",
          "Artifact uploaded: build.tar.gz (30MB)",
          "Cache hit for key-5215",
          "Step 17/24: Deploying",
          "\u2713 All checks passed",
          "pip: Downloading lodash-2.3.tar.gz",
          "Fetching submodules...",
          "[12:51:15] DEBUG: Connection pool: 11 active",
          "Fetching from https://googleapis.com/package.json",
          "Fetching from https://amazonaws.com/package.json",
          "  PASS: test_user_create (427ms)",
          "npm notice: package.json updated",
          "yarn add: Done in 23.74s",
          "Uploading artifact 'coverage' (4 files)",
          "[12:51:15] WARN: Deprecated API usage",
          "[12:51:15] DEBUG: Connection pool: 7 active",
          "npm notice: package.json updated",
          "Waiting...",
          "[12:51:15] DEBUG: Memory usage: 547MB",
          "Building Docker image...",
          "[12:51:15] WARN: Deprecated API usage",
          "Bundling styles.css",
          "Waiting...",
          "[12:51:15] INFO: Cache refreshed",
          "[12:51:15] INFO: Processing request",
          "Uploading artifact 'dist' (38 files)",
          "Optimizing 39 modules...",
          "Using Python 3.11",
          "[12:51:15] DEBUG: Connection pool: 19 active",
          "Minifying vendor.js",
          "Verifying...",
          "Compiling src/utils.go...",
          "NODE_ENV=development",
          "Ran 134 tests in 57s",
          "npm install: added 129 packages",
          "yarn add: Done in 28.39s",
          "\u2713 Step 'build' succeeded",
          "Step 11/24: Running migrations",
          "Verifying...",
          "OK",
          "WARNING: express has known vulnerabilities",
          "Connection established",
          "[12:51:15] DEBUG: Initializing service",
          "pip install: Successfully installed react-2.6",
          "[12:51:15] INFO: Cache refreshed",
          "Time: 84.55s",
          "Switched to branch 'feature/task-771'",
          "Optimizing 69 modules...",
          "TLS handshake completed",
          "Compiling components/utils.go...",
          "[12:51:15] DEBUG: Query executed in 97ms",
          "[12:51:15] INFO: Connecting to database",
          "Time: 80.970s",
          "\u2713 Step 'setup' succeeded",
          "POST /data - 202 (79ms)",
          "Exception: RuntimeError",
          "Success!",
          "[12:51:15] INFO: Starting build process",
          "\u2717 build failed with exit code 42",
          "[12:51:15] INFO: Connecting to database",
          "Step 12/17: Running migrations",
          "Platform: win32-x64",
          "Cache miss for key-2919",
          "yarn add: Done in 19.44s",
          "Ran 88 tests in 38s",
          "Checking out develop branch",
          "pip: Downloading eslint-1.1.tar.gz",
          "[12:51:15] INFO: Connecting to database",
          "[12:51:15] INFO: Processing request",
          "\u26a0 DEPRECATION: Feature will be removed in v4.0",
          "Creating production build...",
          "Creating production build...",
          "=== Step deploy_staging completed ==="
        ]
      },
      {
        "name": "setup_node",
        "status": "success",
        "started_at": "2025-11-26T12:52:46.058767",
        "finished_at": "2025-11-26T12:52:56.601933",
        "log_lines": [
          "=== Step: setup_node ===",
          "Compiling lib/main.py...",
          "WARNING: react has known vulnerabilities",
          "Tests: 370 passed, 439 total",
          "Step 7/15: Deploying",
          "[12:51:15] DEBUG: Query executed in 47ms",
          "Using Node.js 15.5.5",
          "GET /health - 204 (20ms)",
          "Artifact uploaded: build.tar.gz (2MB)",
          "npm install: resolved 272 packages",
          "[12:51:15] INFO: Processing request",
          "Fetching from https://gcr.io/package.json",
          "Uploading artifact 'build' (21 files)",
          "Already up to date.",
          "Step 19/20: Building",
          "npm notice: created a lockfile",
          "  PASS: integration/test_auth_login.spec.js",
          "\u2713 build completed",
          "Using Python 3.11",
          "Ready.",
          "\u26a0 DEPRECATION: Feature will be removed in v2.0",
          "Switched to branch 'feature/task-144'",
          "Generating source maps...",
          "NODE_ENV=test",
          "Image pulled successfully",
          "  PASS: e2e/test_user_create.spec.js",
          "\u2713 All checks passed",
          "Fetching submodules...",
          "Creating production build...",
          "Transforming 145 files...",
          "Uploading artifact 'dist' (33 files)",
          "Cache invalidated: node_modules",
          "Ran 172 tests in 47s",
          "\u2717 build failed with exit code 49",
          "NODE_ENV=test",
          "[12:51:15] INFO: Cache refreshed",
          "[12:51:15] DEBUG: Query executed in 59ms",
          "[12:51:15] INFO: Request completed",
          "Fetching from https://gcr.io/package.json",
          "WARNING: webpack has known vulnerabilities",
          "[12:51:15] WARN: Deprecated API usage",
          "[12:51:15] WARN: Deprecated API usage",
          "Cache restored successfully (347MB)",
          "Compiling lib/index.js...",
          "Coverage: 100% statements, 88% branches",
          "Step 18/15: Running migrations",
          "\u2713 Task completed in 2863ms",
          "Artifact downloaded: 23MB",
          "Snapshots: 11 passed, 21 total",
          "GET /api - 200 (92ms)",
          "Cache saved successfully",
          "[12:51:15] INFO: Cache refreshed",
          "yarn add: Done in 4.73s",
          "Minifying vendor.js",
          "Layer 1/12: RUN command",
          "Cache restored successfully (149MB)",
          "[12:51:15] WARN: Deprecated API usage",
          "TLS handshake completed",
          "Step 8/25: Building",
          "Cache saved successfully",
          "Using Node.js 16.20.7",
          "Exception: NullPointerException",
          "Step 6/24: Deploying",
          "Compiling src/app.ts...",
          "Coverage: 70% statements, 97% branches",
          "\u2713 Step 'build' succeeded",
          "[12:51:15] INFO: Processing request",
          "Compiling src/service.java...",
          "Step 12/17: Deploying",
          "Verifying...",
          "  PASS: integration/test_user_create.spec.js",
          "Coverage: 78% statements, 82% branches",
          "[12:51:15] WARN: Deprecated API usage",
          "Success!",
          "npm install: resolved 1193 packages",
          "Processing...",
          "GET /api - 201 (33ms)",
          "Optimizing 40 modules...",
          "  PASS: test_auth_login (212ms)",
          "npm notice: package.json updated",
          "WARNING: eslint has known vulnerabilities",
          "Step 6/15: Installing dependencies",
          "\u26a0 DEPRECATION: Feature will be removed in v5.0",
          "HEAD is now at fb9971d",
          "Ran 12 tests in 46s",
          "Test Suites: 36 passed, 29 total",
          "[12:51:15] INFO: Request completed",
          "Tests: 294 passed, 495 total",
          "[12:51:15] INFO: Starting build process",
          "Step 11/19: Running migrations",
          "Exception: TypeError",
          "Fetching submodules...",
          "Processing...",
          "Artifact downloaded: 9MB",
          "TLS handshake completed",
          "Building Docker image...",
          "pip install: Successfully installed axios-5.10",
          "[12:51:15] INFO: Processing request",
          "Fetching from https://docker.io/package.json",
          "Exception: RuntimeError",
          "Transforming 906 files...",
          "Fetching from https://docker.io/package.json",
          "\u2713 All checks passed",
          "Cache saved successfully",
          "Time: 90.813s",
          "pip: Installing build dependencies...",
          "Ran 182 tests in 60s",
          "[12:51:15] INFO: Processing request",
          "Using Node.js 18.3.5",
          "Artifact uploaded: dist.zip (79MB)",
          "\u2713 Step 'setup' succeeded",
          "TLS handshake completed",
          "Minifying app.js",
          "  PASS: unit/test_auth_login.spec.js",
          "Fetching submodules...",
          "FAILED: test_api_health",
          "[12:51:15] DEBUG: Loading configuration",
          "[12:51:15] DEBUG: Initializing service",
          "pip: Collecting react",
          "npm notice: package.json updated",
          "Bundling styles.css",
          "\u2713 package completed",
          "[12:51:15] ERROR: Connection failed",
          "Using Node.js 18.14.6",
          "Already up to date.",
          "Waiting...",
          "Test Suites: 10 passed, 45 total",
          "Compiling src/app.ts...",
          "Step 2/15: Installing dependencies",
          "Compiling src/index.js...",
          "yarn add: Done in 30.49s",
          "npm install: added 78 packages",
          "Using Python 3.11",
          "Snapshots: 11 passed, 6 total",
          "Step 17/22: Building",
          "[12:51:15] INFO: Request completed",
          "Ran 35 tests in 8s",
          "Step 6/15: Testing",
          "npm install: added 74 packages",
          "Completed.",
          "pip: Downloading express-4.9.tar.gz",
          "Exception: RuntimeError",
          "GET /api - 201 (82ms)",
          "\u2713 test completed",
          "\u2717 build failed with exit code 119",
          "Checking out develop branch",
          "Layer 10/14: COPY command",
          "yarn add: Done in 22.53s",
          "Test Suites: 43 passed, 48 total",
          "Test Suites: 37 passed, 23 total",
          "Finished.",
          "Done.",
          "Ready.",
          "OK",
          "HEAD is now at 84f39fe",
          "=== Step setup_node completed ==="
        ]
      },
      {
        "name": "e2e_tests",
        "status": "success",
        "started_at": "2025-11-26T12:52:56.601933",
        "finished_at": "2025-11-26T12:53:07.145099",
        "log_lines": [
          "=== Step: e2e_tests ===",
          "Ran 126 tests in 20s",
          "OK",
          "\u2713 Task completed in 3311ms",
          "Generating source maps...",
          "Fetching submodules...",
          "Fetching submodules...",
          "Step 3/17: Deploying",
          "Using Python 3.9",
          "GET /api - 201 (65ms)",
          "\u26a0 DEPRECATION: Feature will be removed in v5.0",
          "Checking out develop branch",
          "POST /data - 202 (392ms)",
          "Ran 199 tests in 8s",
          "Compiling src/index.js...",
          "POST /upload - 202 (213ms)",
          "Time: 33.945s",
          "Installing react@5.20.8",
          "pip: Installing build dependencies...",
          "Connection established",
          "Pushing to registry...",
          "Completed.",
          "[12:51:15] DEBUG: Memory usage: 1492MB",
          "WARNING: lodash has known vulnerabilities",
          "Step 18/15: Running migrations",
          "Step 7/22: Building",
          "Switched to branch 'bugfix/task-167'",
          "[12:51:15] INFO: Request completed",
          "Artifact uploaded: dist.zip (74MB)",
          "Cache restored successfully (279MB)",
          "Cache saved successfully",
          "npm install: added 17 packages",
          "[12:51:15] DEBUG: Memory usage: 102MB",
          "Using Python 3.9",
          "Snapshots: 40 passed, 27 total",
          "Coverage: 96% statements, 92% branches",
          "pip install: Successfully installed eslint-3.9",
          "POST /upload - 201 (279ms)",
          "Completed.",
          "OK",
          "OK",
          "npm install: added 34 packages",
          "Layer 9/8: COPY command",
          "Fetching from https://pypi.org/package.json",
          "Loading...",
          "Platform: win32-x64",
          "\u2717 build failed with exit code 27",
          "Uploading artifact 'dist' (25 files)",
          "Fetching from https://gcr.io/package.json",
          "Done.",
          "pip install: Successfully installed axios-4.6",
          "\u26a0 DEPRECATION: Feature will be removed in v4.0",
          "Minifying main.js",
          "Transforming 867 files...",
          "Checking out develop branch",
          "Layer 3/9: RUN command",
          "Generating source maps...",
          "Artifact uploaded: build.tar.gz (49MB)",
          "OK",
          "Optimizing 81 modules...",
          "\u2713 Step 'build' succeeded",
          "Generating source maps...",
          "\u2713 All checks passed",
          "Creating production build...",
          "Time: 112.706s",
          "\u2713 Task completed in 104ms",
          "Test Suites: 24 passed, 44 total",
          "[12:51:15] DEBUG: Query executed in 71ms",
          "NODE_ENV=development",
          "Compiling src/main.py...",
          "Verifying...",
          "Minifying app.js",
          "Cache saved successfully",
          "Uploading artifact 'coverage' (4 files)",
          "Cache invalidated: dependencies",
          "[12:51:15] ERROR: Connection failed",
          "npm notice: created a lockfile",
          "Pushing to registry...",
          "[12:51:15] DEBUG: Query executed in 29ms",
          "[12:51:15] WARN: Deprecated API usage",
          "Cache miss for key-2869",
          "Pushing to registry...",
          "Tests: 345 passed, 103 total",
          "TLS handshake completed",
          "Exception: NullPointerException",
          "[12:51:15] DEBUG: Query executed in 87ms",
          "Connection established",
          "\u2713 Step 'install' succeeded",
          "Compiling utils/app.ts...",
          "Finished.",
          "Optimizing 79 modules...",
          "WARNING: lodash has known vulnerabilities",
          "Environment: production",
          "FAILED: test_user_create",
          "Step 4/17: Deploying",
          "Pulling image: alpine:18",
          "Cache hit for key-8527",
          "pip: Installing build dependencies...",
          "Processing...",
          "[12:51:15] WARN: Deprecated API usage",
          "pip: Installing build dependencies...",
          "Already up to date.",
          "\u2717 build failed with exit code 122",
          "[12:51:15] DEBUG: Query executed in 87ms",
          "Image pulled successfully",
          "Finished.",
          "Pushing to registry...",
          "[12:51:15] DEBUG: Query executed in 25ms",
          "pip: Downloading eslint-4.9.tar.gz",
          "Waiting...",
          "[12:51:15] INFO: Processing request",
          "Pushing to registry...",
          "[12:51:15] DEBUG: Loading configuration",
          "[12:51:15] INFO: Connecting to database",
          "Verifying...",
          "Cache invalidated: build",
          "Cache invalidated: build",
          "npm notice: created a lockfile",
          "WARNING: express has known vulnerabilities",
          "Cache restored successfully (247MB)",
          "[12:51:15] INFO: Request completed",
          "Verifying...",
          "Bundling main.js",
          "\u2713 All checks passed",
          "OK",
          "Verifying...",
          "Environment: test",
          "\u26a0 DEPRECATION: Feature will be removed in v5.0",
          "Time: 15.707s",
          "\u2717 build failed with exit code 120",
          "\u2713 All checks passed",
          "[12:51:15] INFO: Processing request",
          "TLS handshake completed",
          "\u26a0 DEPRECATION: Feature will be removed in v5.0",
          "Already up to date.",
          "Finished.",
          "Ready.",
          "Step 2/22: Linting",
          "npm install: added 445 packages",
          "Uploading artifact 'coverage' (48 files)",
          "Artifact downloaded: 18MB",
          "Compiling components/main.py...",
          "Ready.",
          "Loading...",
          "Verifying...",
          "\u26a0 DEPRECATION: Feature will be removed in v4.0",
          "Step 15/23: Building",
          "[12:51:15] WARN: Deprecated API usage",
          "[12:51:15] INFO: Processing request",
          "OK",
          "Compiling lib/app.ts...",
          "Fetching submodules...",
          "Environment: development",
          "[12:51:15] WARN: Deprecated API usage",
          "Exception: ValueError",
          "=== Step e2e_tests completed ==="
        ]
      },
      {
        "name": "upload_artifacts",
        "status": "success",
        "started_at": "2025-11-26T12:53:07.145099",
        "finished_at": "2025-11-26T12:53:17.688265",
        "log_lines": [
          "=== Step: upload_artifacts ===",
          "[12:51:15] INFO: Starting build process",
          "Waiting...",
          "Optimizing 29 modules...",
          "Layer 2/14: ENV command",
          "WARNING: webpack has known vulnerabilities",
          "[12:51:15] DEBUG: Initializing service",
          "Installing react@3.3.3",
          "npm notice: package.json updated",
          "[12:51:15] DEBUG: Initializing service",
          "OK",
          "Building Docker image...",
          "Artifact uploaded: dist.zip (93MB)",
          "yarn add: Done in 12.64s",
          "npm notice: package.json updated",
          "WARNING: eslint has known vulnerabilities",
          "[12:51:15] INFO: Connecting to database",
          "[12:51:15] DEBUG: Connection pool: 6 active",
          "\u2713 build completed",
          "Processing...",
          "\u26a0 DEPRECATION: Feature will be removed in v3.0",
          "Uploading artifact 'coverage' (30 files)",
          "pip: Downloading jest-4.13.tar.gz",
          "GET /status - 200 (25ms)",
          "\u2713 Step 'test' succeeded",
          "pip: Collecting eslint",
          "Fetching from https://githubusercontent.com/package.json",
          "Fetching from https://amazonaws.com/package.json",
          "Pulling image: node:18",
          "[12:51:15] DEBUG: Query executed in 9ms",
          "\u2713 Task completed in 275ms",
          "Pulling image: node:18",
          "Cache miss for key-4271",
          "pip: Downloading prettier-2.9.tar.gz",
          "[12:51:15] DEBUG: Loading configuration",
          "Fetching submodules...",
          "Artifact downloaded: 2MB",
          "npm install: resolved 985 packages",
          "Compiling lib/app.ts...",
          "Minifying vendor.js",
          "Step 9/20: Testing",
          "[12:51:15] ERROR: Connection failed",
          "\u2713 All checks passed",
          "HEAD is now at 7017a2a",
          "[12:51:15] INFO: Connecting to database",
          "Exception: ValueError",
          "Transforming 683 files...",
          "Fetching submodules...",
          "Pulling image: node:3.11",
          "Checking out master branch",
          "NODE_ENV=development",
          "npm install: added 177 packages",
          "Uploading artifact 'dist' (28 files)",
          "Compiling components/handler.rs...",
          "Step 11/15: Building",
          "yarn add: Done in 26.13s",
          "Cache restored successfully (460MB)",
          "[12:51:15] INFO: Processing request",
          "Compiling lib/index.js...",
          "Completed.",
          "Checking out develop branch",
          "\u26a0 DEPRECATION: Feature will be removed in v4.0",
          "Step 3/24: Installing dependencies",
          "  PASS: test_db_connect (392ms)",
          "[12:51:15] DEBUG: Connection pool: 8 active",
          "\u2717 build failed with exit code 15",
          "Cache hit for key-2701",
          "Artifact uploaded: build.tar.gz (12MB)",
          "Installing react@4.14.0",
          "Layer 8/12: RUN command",
          "Environment: development",
          "POST /data - 201 (188ms)",
          "[12:51:15] INFO: Connecting to database",
          "[12:51:15] WARN: Deprecated API usage",
          "Step 1/17: Installing dependencies",
          "Step 6/15: Linting",
          "Step 6/16: Building",
          "[12:51:15] ERROR: Connection failed",
          "Finished.",
          "Loading...",
          "Compiling lib/handler.rs...",
          "Step 13/18: Building",
          "Verifying...",
          "Using Python 3.12",
          "[12:51:15] INFO: Cache refreshed",
          "[12:51:15] DEBUG: Connection pool: 12 active",
          "Step 5/25: Installing dependencies",
          "\u2713 All checks passed",
          "\u2713 Step 'build' succeeded",
          "Compiling components/index.js...",
          "GET /status - 200 (16ms)",
          "Compiling utils/main.py...",
          "[12:51:15] DEBUG: Loading configuration",
          "\u26a0 DEPRECATION: Feature will be removed in v5.0",
          "Done.",
          "Uploading artifact 'build' (49 files)",
          "[12:51:15] DEBUG: Memory usage: 1720MB",
          "Done.",
          "Coverage: 96% statements, 78% branches",
          "POST /data - 200 (350ms)",
          "pip: Installing build dependencies...",
          "Processing...",
          "Bundling runtime.js",
          "Step 18/19: Deploying",
          "pip: Collecting axios",
          "Compiling lib/utils.go...",
          "Transforming 911 files...",
          "[12:51:15] INFO: Starting build process",
          "WARNING: lodash has known vulnerabilities",
          "Cache hit for key-5274",
          "Already up to date.",
          "WARNING: express has known vulnerabilities",
          "Already up to date.",
          "[12:51:15] INFO: Starting build process",
          "WARNING: axios has known vulnerabilities",
          "[12:51:15] INFO: Cache refreshed",
          "[12:51:15] INFO: Connecting to database",
          "Using Node.js 14.3.4",
          "Fetching from https://githubusercontent.com/package.json",
          "Tests: 79 passed, 198 total",
          "npm install: added 351 packages",
          "WARNING: react has known vulnerabilities",
          "\u2713 All checks passed",
          "Step 20/15: Testing",
          "\u2717 build failed with exit code 109",
          "[12:51:15] INFO: Connecting to database",
          "[12:51:15] DEBUG: Memory usage: 1639MB",
          "Artifact uploaded: build.tar.gz (39MB)",
          "Generating source maps...",
          "Loading...",
          "GET /api - 201 (36ms)",
          "Switched to branch 'bugfix/task-571'",
          "Fetching submodules...",
          "Already up to date.",
          "pip: Installing build dependencies...",
          "Platform: linux-x64",
          "\u2713 Task completed in 4669ms",
          "Switched to branch 'hotfix/task-573'",
          "Coverage: 82% statements, 73% branches",
          "GET /health - 200 (8ms)",
          "Step 12/24: Installing dependencies",
          "[12:51:15] INFO: Processing request",
          "Artifact uploaded: build.tar.gz (40MB)",
          "Fetching submodules...",
          "Verifying...",
          "OK",
          "Building Docker image...",
          "Snapshots: 45 passed, 2 total",
          "Uploading artifact 'dist' (32 files)",
          "Bundling main.css",
          "\u2713 test completed",
          "Time: 87.445s",
          "Compiling components/index.js...",
          "Artifact uploaded: dist.zip (65MB)",
          "[12:51:15] WARN: Deprecated API usage",
          "=== Step upload_artifacts completed ==="
        ]
      },
      {
        "name": "install_dependencies",
        "status": "success",
        "started_at": "2025-11-26T12:53:17.688265",
        "finished_at": "2025-11-26T12:53:49.317764",
        "log_lines": [
          "=== Step: install_dependencies ===",
          "Step 9/19: Running migrations",
          "Using Python 3.10",
          "GET /api - 204 (8ms)",
          "Artifact uploaded: build.tar.gz (49MB)",
          "Step 14/23: Installing dependencies",
          "Layer 10/10: RUN command",
          "Using Node.js 19.9.6",
          "\u26a0 DEPRECATION: Feature will be removed in v2.0",
          "npm install: added 283 packages",
          "Compiling src/handler.rs...",
          "Minifying app.js",
          "pip: Collecting eslint",
          "Test Suites: 13 passed, 36 total",
          "[12:51:15] DEBUG: Loading configuration",
          "[12:51:15] INFO: Request completed",
          "\u2717 build failed with exit code 46",
          "Compiling utils/app.ts...",
          "yarn add: Done in 25.94s",
          "\u2713 deploy completed",
          "Step 10/25: Linting",
          "Creating production build...",
          "Creating production build...",
          "yarn add: Done in 24.91s",
          "npm install: added 321 packages",
          "Using Node.js 20.13.3",
          "\u2713 All checks passed",
          "Verifying...",
          "Environment: staging",
          "Step 10/25: Linting",
          "Already up to date.",
          "[12:51:15] INFO: Starting build process",
          "Image pulled successfully",
          "npm install: added 47 packages",
          "\u2713 All checks passed",
          "Compiling utils/service.java...",
          "\u26a0 DEPRECATION: Feature will be removed in v5.0",
          "Connection established",
          "Fetching from https://gcr.io/package.json",
          "npm notice: package.json updated",
          "Already up to date.",
          "GET /health - 204 (45ms)",
          "Finished.",
          "  PASS: test_cache_hit (180ms)",
          "Snapshots: 22 passed, 31 total",
          "Completed.",
          "Transforming 905 files...",
          "npm notice: created a lockfile",
          "Step 6/19: Running migrations",
          "Pulling image: alpine:latest",
          "pip: Downloading express-2.2.tar.gz",
          "[12:51:15] INFO: Cache refreshed",
          "Environment: staging",
          "Processing...",
          "Uploading artifact 'dist' (29 files)",
          "Processing...",
          "Done.",
          "\u2717 build failed with exit code 59",
          "Checking out master branch",
          "Time: 70.853s",
          "  PASS: integration/test_user_create.spec.js",
          "\u26a0 DEPRECATION: Feature will be removed in v5.0",
          "\u2713 validate completed",
          "Building Docker image...",
          "Waiting...",
          "Connection established",
          "  PASS: e2e/test_auth_login.spec.js",
          "npm notice: package.json updated",
          "Platform: linux-x64",
          "Artifact uploaded: build.tar.gz (11MB)",
          "Transforming 442 files...",
          "Loading...",
          "Switched to branch 'feature/task-943'",
          "[12:51:15] INFO: Processing request",
          "pip install: Successfully installed express-5.9",
          "Artifact uploaded: build.tar.gz (28MB)",
          "Tests: 116 passed, 244 total",
          "FAILED: test_api_health",
          "Switched to branch 'feature/task-376'",
          "[12:51:15] INFO: Request completed",
          "Bundling runtime.css",
          "Artifact downloaded: 2MB",
          "\u2717 build failed with exit code 110",
          "[12:51:15] DEBUG: Initializing service",
          "Creating production build...",
          "Snapshots: 9 passed, 42 total",
          "Ran 192 tests in 15s",
          "Pushing to registry...",
          "[12:51:15] INFO: Cache refreshed",
          "Artifact uploaded: dist.zip (62MB)",
          "Connection established",
          "Tests: 369 passed, 284 total",
          "\u2713 Step 'build' succeeded",
          "Cache saved successfully",
          "Ran 123 tests in 10s",
          "Cache restored successfully (363MB)",
          "Compiling components/index.js...",
          "npm notice: created a lockfile",
          "Connection established",
          "Artifact uploaded: dist.zip (62MB)",
          "Step 12/19: Building",
          "pip: Collecting prettier",
          "Using Python 3.9",
          "[12:51:15] INFO: Starting build process",
          "pip: Collecting eslint",
          "GET /status - 204 (18ms)",
          "WARNING: axios has known vulnerabilities",
          "Environment: development",
          "[12:51:15] WARN: Deprecated API usage",
          "Image pulled successfully",
          "OK",
          "Compiling components/app.ts...",
          "Step 17/20: Installing dependencies",
          "Already up to date.",
          "\u26a0 DEPRECATION: Feature will be removed in v3.0",
          "Uploading artifact 'dist' (42 files)",
          "  PASS: unit/test_db_connect.spec.js",
          "[12:51:15] DEBUG: Query executed in 46ms",
          "TLS handshake completed",
          "Ready.",
          "Connection established",
          "Cache saved successfully",
          "Connection established",
          "Coverage: 96% statements, 70% branches",
          "Verifying...",
          "npm notice: created a lockfile",
          "[12:51:15] INFO: Starting build process",
          "Layer 1/12: ENV command",
          "GET /api - 200 (42ms)",
          "[12:51:15] INFO: Request completed",
          "POST /upload - 200 (301ms)",
          "Connection established",
          "pip: Collecting react",
          "Exception: RuntimeError",
          "Artifact uploaded: build.tar.gz (6MB)",
          "Building Docker image...",
          "[12:51:15] INFO: Processing request",
          "Cache miss for key-9391",
          "pip: Installing build dependencies...",
          "Coverage: 84% statements, 95% branches",
          "Already up to date.",
          "Step 15/23: Linting",
          "Creating production build...",
          "Compiling src/index.js...",
          "Artifact uploaded: dist.zip (2MB)",
          "Cache miss for key-5925",
          "Verifying...",
          "Minifying vendor.js",
          "[12:51:15] DEBUG: Initializing service",
          "Coverage: 97% statements, 71% branches",
          "Cache saved successfully",
          "\u26a0 DEPRECATION: Feature will be removed in v2.0",
          "Finished.",
          "npm notice: package.json updated",
          "HEAD is now at 252ebc1",
          "=== Step install_dependencies completed ==="
        ]
      }
    ],
    "label": "normal"
  }
}