{
  "action": "completed",
  "workflow_run": {
    "id": 243,
    "name": "CI Pipeline",
    "head_branch": "main",
    "head_sha": "79362210f4ca728d77e50a43a6157233fe7b2f16",
    "status": "completed",
    "conclusion": "failure",
    "run_started_at": "2025-12-01T12:50:53.638674Z",
    "updated_at": "2025-12-01T12:53:08.257629Z"
  },
  "repository": {
    "full_name": "startup-io/auth-service",
    "name": "auth-service"
  },
  "sender": {
    "login": "alice"
  },
  "_safeops_extended": {
    "raw_logs": "=== Step: type_check ===\nMinifying vendor.js\nTransforming 146 files...\nWARNING: axios has known vulnerabilities\n\u2713 All checks passed\npip: Collecting lodash\nStep 1/21: Deploying\n\u2713 deploy completed\npip install: Successfully installed react-4.9\n\u26a0 DEPRECATION: Feature will be removed in v3.0\npip: Collecting react\nFinished.\n\u26a0 DEPRECATION: Feature will be removed in v5.0\npip: Collecting express\nHEAD is now at ef53579\nCache restored successfully (424MB)\nWaiting...\nDone.\nCache restored successfully (402MB)\nBuilding Docker image...\nCompleted.\nAlready up to date.\nCache restored successfully (87MB)\nSwitched to branch 'bugfix/task-815'\nyarn add: Done in 2.8s\nSuccess!\nReady.\nWARNING: eslint has known vulnerabilities\nCreating production build...\nCoverage: 95% statements, 74% branches\nTests: 117 passed, 347 total\nCache miss for key-6290\nCache saved successfully\nStep 9/19: Building\n\u26a0 DEPRECATION: Feature will be removed in v3.0\nWaiting...\nArtifact uploaded: build.tar.gz (44MB)\n[12:50:53] DEBUG: Loading configuration\n\u2713 All checks passed\nMinifying app.js\nTests: 350 passed, 227 total\nFetching submodules...\nReady.\nReady.\nArtifact uploaded: build.tar.gz (27MB)\nEnvironment: test\n\u2713 package completed\nChecking out main branch\nStep 12/22: Testing\n  PASS: integration/test_api_health.spec.js\nArtifact uploaded: build.tar.gz (3MB)\n[12:50:53] INFO: Starting build process\n\u2713 Task completed in 955ms\n[12:50:53] DEBUG: Loading configuration\nArtifact uploaded: dist.zip (86MB)\nCache restored successfully (70MB)\nUploading artifact 'build' (32 files)\nOptimizing 88 modules...\nNODE_ENV=development\nArtifact uploaded: dist.zip (39MB)\nMinifying main.js\nnpm notice: created a lockfile\nUploading artifact 'coverage' (24 files)\nCache miss for key-6739\nOptimizing 73 modules...\nImage pulled successfully\nFetching from https://githubusercontent.com/package.json\nCompleted.\nCompiling src/main.py...\n[12:50:53] WARN: Deprecated API usage\n[12:50:53] DEBUG: Initializing service\nUsing Python 3.11\nWARNING: jest has known vulnerabilities\nStep 2/23: Installing dependencies\nWARNING: webpack has known vulnerabilities\nDone.\npip: Installing build dependencies...\n\u2717 build failed with exit code 31\n\u2713 test completed\nLoading...\nUsing Python 3.9\nnpm install: added 171 packages\n=== Step type_check completed ===\n=== Step: setup_node ===\nRan 33 tests in 26s\n[12:50:53] WARN: Deprecated API usage\nWaiting...\npip: Installing build dependencies...\nWARNING: express has known vulnerabilities\n\u2713 Step 'install' succeeded\n\u2713 All checks passed\nUsing Python 3.10\n[12:50:53] DEBUG: Loading configuration\nUploading artifact 'coverage' (35 files)\nOK\nDone.\nTests: 435 passed, 398 total\nStep 5/16: Deploying\nCompiling utils/index.js...\n[12:50:53] WARN: Deprecated API usage\n  PASS: test_db_connect (261ms)\nStep 13/25: Testing\nStep 11/20: Testing\nStep 11/23: Installing dependencies\nPulling image: alpine:latest\nOptimizing 40 modules...\nStep 10/17: Building\nStep 20/19: Installing dependencies\n[12:50:53] INFO: Processing request\nProcessing...\n\u2713 Task completed in 2549ms\nCreating production build...\nCompiling lib/utils.go...\nNODE_ENV=development\nFetching submodules...\n  PASS: test_auth_login (156ms)\nWARNING: lodash has known vulnerabilities\nUsing Python 3.9\nArtifact uploaded: dist.zip (12MB)\nArtifact uploaded: build.tar.gz (48MB)\nStep 13/15: Testing\nChecking out develop branch\nHEAD is now at e8b1a75\npip: Installing build dependencies...\n[12:50:53] DEBUG: Initializing service\nNODE_ENV=development\nPOST /data - 202 (279ms)\nCompiling src/main.py...\n[12:50:53] DEBUG: Loading configuration\nDone.\n[12:50:53] ERROR: Connection failed\nWARNING: lodash has known vulnerabilities\nFetching submodules...\nTransforming 939 files...\nFetching from https://docker.io/package.json\n[12:50:53] DEBUG: Connection pool: 9 active\nMinifying vendor.js\nStep 17/21: Deploying\n\u2713 All checks passed\npip: Installing build dependencies...\nFetching from https://github.com/package.json\n  PASS: test_auth_login (396ms)\n  PASS: unit/test_auth_login.spec.js\nWARNING: express has known vulnerabilities\nWARNING: jest has known vulnerabilities\nWARNING: lodash has known vulnerabilities\nCache miss for key-4716\nSuccess!\nPlatform: win32-x64\nInstalling react@1.17.6\nCreating production build...\n[12:50:53] DEBUG: Initializing service\npip: Installing build dependencies...\nFetching submodules...\nOK\nCache hit for key-4510\nArtifact downloaded: 48MB\nTLS handshake completed\n[12:50:53] DEBUG: Query executed in 47ms\nGET /status - 204 (100ms)\n[12:50:53] DEBUG: Loading configuration\n[12:50:53] DEBUG: Initializing service\nyarn add: Done in 19.59s\nTLS handshake completed\nCompiling lib/app.ts...\n=== Step setup_node completed ===\n=== Step: integration_tests ===\nyarn add: Done in 17.18s\nArtifact downloaded: 18MB\nCache invalidated: node_modules\nFetching submodules...\nUploading artifact 'build' (24 files)\nCache restored successfully (241MB)\n[12:50:53] DEBUG: Loading configuration\n[12:50:53] WARN: Deprecated API usage\nStep 12/20: Installing dependencies\nStep 2/21: Deploying\nBuilding Docker image...\nEnvironment: test\n  PASS: test_db_connect (254ms)\nProcessing...\nFetching submodules...\nCache invalidated: build\nVerifying...\nCoverage: 94% statements, 85% branches\nOK\n[12:50:53] INFO: Connecting to database\nWARNING: lodash has known vulnerabilities\n[12:50:53] INFO: Connecting to database\n[12:50:53] INFO: Request completed\nInstalling express@4.19.9\nWaiting...\nCompiling utils/handler.rs...\nUsing Node.js 18.13.5\n[12:50:53] INFO: Request completed\nnpm notice: created a lockfile\nCoverage: 91% statements, 95% branches\nReady.\n\u26a0 DEPRECATION: Feature will be removed in v3.0\nCache invalidated: build\nHEAD is now at ebe9725\n[12:50:53] INFO: Cache refreshed\nInstalling express@2.4.7\nUsing Python 3.9\nArtifact downloaded: 26MB\nBundling main.css\nCreating production build...\n[12:50:53] DEBUG: Memory usage: 1692MB\nOptimizing 71 modules...\nyarn add: Done in 1.77s\nUsing Node.js 16.11.7\nFinished.\nFetching from https://npmjs.org/package.json\nVerifying...\nyarn add: Done in 9.51s\n\u2713 Task completed in 741ms\nArtifact downloaded: 39MB\nPOST /data - 201 (123ms)\nArtifact downloaded: 27MB\nHEAD is now at cbaa64f\nOK\npip: Downloading express-4.12.tar.gz\nPlatform: win32-x64\nPulling image: node:latest\nSwitched to branch 'bugfix/task-582'\nTests: 403 passed, 340 total\n\u2713 deploy completed\nSuccess!\nStep 8/25: Running migrations\nGenerating source maps...\nCompleted.\nSnapshots: 36 passed, 14 total\nnpm install: added 89 packages\nStep 15/19: Linting\nCache invalidated: dependencies\nnpm notice: created a lockfile\nWaiting...\nStep 17/19: Running migrations\nCompiling utils/main.py...\nSnapshots: 23 passed, 49 total\n[12:50:53] DEBUG: Loading configuration\nPulling image: alpine:18\n\u2713 Task completed in 3759ms\nStep 14/24: Building\nTransforming 857 files...\npip: Installing build dependencies...\nyarn add: Done in 12.18s\nTransforming 550 files...\n=== Step integration_tests completed ===\n=== Step: restore_cache ===\nReady.\n\u2717 build failed with exit code 80\nCreating production build...\n\u2713 Task completed in 2006ms\nTLS handshake completed\n\u26a0 DEPRECATION: Feature will be removed in v2.0\n[12:50:53] WARN: Deprecated API usage\nArtifact downloaded: 26MB\n  PASS: e2e/test_auth_login.spec.js\nnpm install: resolved 853 packages\nStep 11/18: Building\nEnvironment: staging\nStep 13/19: Building\nLayer 3/10: ENV command\nTransforming 767 files...\n[12:50:53] ERROR: Connection failed\nnpm install: added 75 packages\nBundling runtime.css\nImage pulled successfully\nGET /health - 204 (70ms)\nLayer 1/12: ENV command\nCache restored successfully (150MB)\nRan 181 tests in 38s\n[12:50:53] INFO: Request completed\nnpm install: added 12 packages\nStep 9/18: Testing\n\u26a0 DEPRECATION: Feature will be removed in v5.0\n[12:50:53] INFO: Processing request\nArtifact uploaded: dist.zip (34MB)\nReady.\nnpm install: resolved 170 packages\nCache miss for key-3747\nTLS handshake completed\npip: Collecting webpack\nPlatform: darwin-arm64\nnpm notice: created a lockfile\nChecking out main branch\nLoading...\nnpm install: added 313 packages\nSwitched to branch 'hotfix/task-522'\nUsing Node.js 17.18.5\nStep 2/21: Installing dependencies\nCache hit for key-2611\n[12:50:53] WARN: Deprecated API usage\nChecking out master branch\nCompiling lib/utils.go...\nCache saved successfully\nCompleted.\nFetching submodules...\nReady.\nTLS handshake completed\n[12:50:53] INFO: Request completed\npip: Installing build dependencies...\nOptimizing 83 modules...\npip: Collecting jest\nArtifact downloaded: 29MB\n[12:50:53] INFO: Connecting to database\nRan 121 tests in 44s\nPlatform: darwin-arm64\npip: Downloading eslint-3.18.tar.gz\nGenerating source maps...\nGenerating source maps...\nCreating production build...\nInstalling webpack@1.5.5\nnpm install: added 173 packages\nPulling image: alpine:3.11\nLayer 4/12: RUN command\n  PASS: test_cache_hit (313ms)\nyarn add: Done in 18.93s\n[12:50:53] DEBUG: Initializing service\nCompiling src/app.ts...\nArtifact uploaded: build.tar.gz (26MB)\nSnapshots: 5 passed, 42 total\nWARNING: jest has known vulnerabilities\nSwitched to branch 'feature/task-391'\nTime: 73.969s\nStep 2/16: Running migrations\nSnapshots: 42 passed, 28 total\nnpm notice: package.json updated\nnpm notice: package.json updated\nAlready up to date.\n=== Step restore_cache completed ===\n=== Step: checkout ===\nCache miss for key-9904\nSnapshots: 2 passed, 3 total\nAlready up to date.\nCompiling utils/main.py...\nFetching from https://registry.npmjs.org/package.json\nArtifact uploaded: dist.zip (93MB)\n[12:50:53] INFO: Request completed\nRan 137 tests in 26s\nPlatform: darwin-arm64\n\u2713 All checks passed\nOptimizing 37 modules...\n[12:50:53] INFO: Connecting to database\nLoading...\nArtifact uploaded: dist.zip (81MB)\n\u2717 build failed with exit code 85\n[12:50:53] DEBUG: Initializing service\n  PASS: integration/test_cache_hit.spec.js\nnpm install: added 27 packages\nOK\nException: ValueError\nGET /api - 200 (14ms)\nSwitched to branch 'feature/task-661'\nException: ValueError\nArtifact downloaded: 10MB\n  PASS: unit/test_user_create.spec.js\nConnection established\n\u2713 test completed\nChecking out develop branch\nHEAD is now at 27641d2\n\u26a0 DEPRECATION: Feature will be removed in v4.0\nStep 6/25: Testing\nCompiling lib/index.js...\nCompiling lib/app.ts...\n\u2713 test completed\n[12:50:53] INFO: Starting build process\nLayer 1/12: RUN command\nHEAD is now at 89b399b\n  PASS: unit/test_cache_hit.spec.js\n\u2713 Step 'install' succeeded\nCache invalidated: dependencies\nMinifying vendor.js\nCompiling src/main.py...\nCompiling lib/utils.go...\nArtifact downloaded: 7MB\nGenerating source maps...\nEnvironment: test\nInstalling jest@5.13.3\nSuccess!\nGET /health - 200 (38ms)\nLayer 6/15: COPY command\nConnection established\nException: TypeError\nnpm install: added 434 packages\nPOST /upload - 202 (397ms)\nnpm notice: package.json updated\nFAILED: test_user_create\n[12:50:53] WARN: Deprecated API usage\n[12:50:53] WARN: Deprecated API usage\nCompiling components/index.js...\nnpm notice: package.json updated\nyarn add: Done in 5.13s\nnpm install: added 96 packages\nStep 3/22: Linting\nnpm notice: created a lockfile\nCache hit for key-2363\nCompiling src/main.py...\nImage pulled successfully\nRan 14 tests in 11s\n[12:50:53] WARN: Deprecated API usage\nException: RuntimeError\nFetching submodules...\n\u26a0 DEPRECATION: Feature will be removed in v2.0\nCache miss for key-2745\nCompiling components/main.py...\nRan 140 tests in 3s\n\u2717 build failed with exit code 79\nTime: 47.781s\nCompleted.\nSnapshots: 38 passed, 4 total\nGET /api - 204 (44ms)\nArtifact downloaded: 42MB\n=== Step checkout completed ===\n=== Step: lint ===\nFetching submodules...\nStep 20/16: Running migrations\n[12:50:53] ERROR: Connection failed\nCoverage: 98% statements, 85% branches\n[12:50:53] INFO: Processing request\nCompiling src/handler.rs...\nWARNING: axios has known vulnerabilities\nEnvironment: production\nArtifact uploaded: dist.zip (40MB)\npip: Installing build dependencies...\nArtifact downloaded: 16MB\nBundling styles.css\nOK\n[12:50:53] INFO: Request completed\n\u2713 Task completed in 4464ms\nWaiting...\nUsing Node.js 19.5.8\nArtifact downloaded: 25MB\nCache saved successfully\nCache invalidated: node_modules\nSwitched to branch 'hotfix/task-443'\nException: RuntimeError\nCache hit for key-5988\nCompiling src/app.ts...\n\u2713 All checks passed\n[12:50:53] INFO: Processing request\nnpm install: added 372 packages\nException: RuntimeError\nFetching from https://registry.npmjs.org/package.json\nyarn add: Done in 18.54s\nBundling main.js\n[12:50:53] DEBUG: Connection pool: 17 active\nFinished.\nCache restored successfully (157MB)\nLoading...\n[12:50:53] INFO: Cache refreshed\nCompiling src/main.py...\nMinifying app.js\nProcessing...\npip: Installing build dependencies...\nTLS handshake completed\nVerifying...\nCompiling src/index.js...\nSwitched to branch 'hotfix/task-817'\n[12:50:53] INFO: Request completed\nCompiling components/service.java...\n[12:50:53] DEBUG: Memory usage: 1502MB\npip: Downloading axios-3.14.tar.gz\nTests: 362 passed, 194 total\n  PASS: test_user_create (2ms)\n[12:50:53] DEBUG: Initializing service\nArtifact uploaded: dist.zip (43MB)\nTime: 33.429s\nNODE_ENV=development\nCompiling lib/main.py...\nRan 15 tests in 48s\n[12:50:53] WARN: Deprecated API usage\n[12:50:53] INFO: Connecting to database\nCache restored successfully (77MB)\nWARNING: webpack has known vulnerabilities\nnpm install: resolved 1037 packages\nCache saved successfully\nHEAD is now at ec047e1\nCompiling utils/index.js...\n\u26a0 DEPRECATION: Feature will be removed in v2.0\npip: Collecting express\nyarn add: Done in 11.97s\nCache saved successfully\nBundling styles.css\nFetching submodules...\nAlready up to date.\nnpm install: resolved 893 packages\nGET /status - 201 (4ms)\n\u26a0 DEPRECATION: Feature will be removed in v2.0\nCache miss for key-1936\nEnvironment: production\nStep 7/19: Installing dependencies\nGenerating source maps...\nException: TypeError\npip: Collecting express\npip: Collecting axios\n=== Step lint completed ===\n=== Step: unit_tests ===\nMinifying main.js\nLoading...\n\u26a0 DEPRECATION: Feature will be removed in v2.0\nBundling styles.js\n\u26a0 DEPRECATION: Feature will be removed in v2.0\n[12:50:53] DEBUG: Memory usage: 183MB\nTest Suites: 44 passed, 11 total\nEnvironment: test\nCache invalidated: build\nMinifying vendor.js\n\u26a0 DEPRECATION: Feature will be removed in v5.0\nChecking out develop branch\nCompleted.\nReady.\nSuccess!\nUsing Python 3.12\n[12:50:53] DEBUG: Connection pool: 2 active\nCreating production build...\n[12:50:53] DEBUG: Initializing service\nFinished.\n[12:50:53] WARN: Deprecated API usage\nCompleted.\nPlatform: win32-x64\nVerifying...\n[12:50:53] INFO: Request completed\nPushing to registry...\n[12:50:53] DEBUG: Connection pool: 13 active\nSuccess!\nTransforming 955 files...\nStep 2/21: Installing dependencies\nCompiling components/index.js...\nArtifact uploaded: build.tar.gz (4MB)\nCache miss for key-5329\nSwitched to branch 'bugfix/task-317'\n[12:50:53] DEBUG: Connection pool: 19 active\nImage pulled successfully\nPOST /data - 201 (182ms)\nStep 11/23: Running migrations\npip: Installing build dependencies...\nBuilding Docker image...\nFetching from https://gcr.io/package.json\nBuilding Docker image...\n[12:50:53] WARN: Deprecated API usage\nTransforming 127 files...\nException: TypeError\n[12:50:53] INFO: Request completed\n[12:50:53] INFO: Request completed\nChecking out develop branch\nLoading...\nUploading artifact 'coverage' (19 files)\n[12:50:53] INFO: Cache refreshed\n  PASS: e2e/test_db_connect.spec.js\nnpm notice: created a lockfile\nOK\nCompiling utils/index.js...\n[12:50:53] DEBUG: Loading configuration\nBuilding Docker image...\nPushing to registry...\nSwitched to branch 'hotfix/task-167'\nArtifact downloaded: 41MB\nnpm install: added 146 packages\nStep 5/16: Linting\nStep 17/23: Deploying\nCompiling lib/utils.go...\n[12:50:53] WARN: Deprecated API usage\nBuilding Docker image...\n[12:50:53] DEBUG: Initializing service\n[12:50:53] ERROR: Connection failed\n\u2713 Step 'setup' succeeded\nAlready up to date.\nArtifact downloaded: 41MB\n[12:50:53] INFO: Processing request\nCache saved successfully\nInstalling eslint@3.1.9\nFetching submodules...\n\u2717 build failed with exit code 64\nLoading...\nStep 6/20: Testing\nnpm install: resolved 497 packages\nCache restored successfully (206MB)\nTime: 52.166s\n=== Step unit_tests completed ===\n=== Step: deploy_staging ===\nVerifying...\nCreating production build...\npip: Downloading webpack-2.10.tar.gz\nStep 12/15: Installing dependencies\nCache miss for key-1943\nVerifying...\nRan 21 tests in 23s\nCache saved successfully\npip: Installing build dependencies...\nStep 17/20: Running migrations\nHEAD is now at e5265c1\nReady.\nFAILED: test_cache_hit\nFinished.\nUsing Node.js 17.4.3\nInstalling jest@3.1.5\nVerifying...\nCache restored successfully (207MB)\nFinished.\nUsing Node.js 20.19.10\nWaiting...\nFAILED: test_api_health\nTime: 62.106s\nTLS handshake completed\nUsing Node.js 15.0.7\nWARNING: eslint has known vulnerabilities\n[12:50:53] WARN: Deprecated API usage\nDone.\nnpm install: added 151 packages\n\u2713 build completed\nSuccess!\nChecking out master branch\nnpm install: resolved 1641 packages\nStep 6/19: Running migrations\nnpm install: resolved 1753 packages\nRan 68 tests in 55s\n[12:50:53] DEBUG: Query executed in 99ms\n\u2717 build failed with exit code 14\nHEAD is now at 9556965\nArtifact uploaded: dist.zip (99MB)\n\u2713 Step 'build' succeeded\nUsing Node.js 16.14.4\nPulling image: python:latest\nUsing Python 3.12\n\u2713 Step 'test' succeeded\nConnection established\nFetching submodules...\nOptimizing 72 modules...\n\u26a0 DEPRECATION: Feature will be removed in v3.0\nCache restored successfully (354MB)\n[12:50:53] DEBUG: Initializing service\nTransforming 140 files...\nNODE_ENV=production\n\u2713 All checks passed\nTLS handshake completed\nTest Suites: 24 passed, 5 total\nFetching submodules...\nnpm install: resolved 1585 packages\n[12:50:53] DEBUG: Initializing service\nFinished.\nCompiling lib/service.java...\nLoading...\n\u2713 Task completed in 3370ms\nImage pulled successfully\nnpm install: added 127 packages\npip install: Successfully installed jest-1.17\n[12:50:53] DEBUG: Query executed in 79ms\n  PASS: e2e/test_api_health.spec.js\npip: Installing build dependencies...\nCompiling utils/utils.go...\nHEAD is now at cccc47c\nSuccess!\n  PASS: test_api_health (134ms)\nnpm notice: package.json updated\nChecking out master branch\nnpm notice: package.json updated\n  PASS: e2e/test_api_health.spec.js\nCache saved successfully\npip install: Successfully installed jest-2.18\nCache invalidated: dependencies\nOK\n=== Step deploy_staging completed ===\n=== Step: build ===\nyarn add: Done in 13.47s\nFinished.\nStep 9/22: Running migrations\n  PASS: e2e/test_user_create.spec.js\n[12:50:53] DEBUG: Initializing service\nStep 5/18: Running migrations\nReady.\nTransforming 582 files...\nMinifying vendor.js\n[12:50:53] WARN: Deprecated API usage\nnpm notice: created a lockfile\n  PASS: test_db_connect (411ms)\n[12:50:53] DEBUG: Initializing service\n[12:50:53] INFO: Connecting to database\nCompiling src/service.java...\n\u26a0 DEPRECATION: Feature will be removed in v3.0\nSnapshots: 45 passed, 21 total\n[12:50:53] INFO: Connecting to database\nCompiling src/handler.rs...\npip install: Successfully installed axios-2.0\nTests: 324 passed, 135 total\n[12:50:53] ERROR: Connection failed\nBuilding Docker image...\npip: Downloading eslint-1.1.tar.gz\n[12:50:53] WARN: Deprecated API usage\nCreating production build...\nDone.\nTransforming 637 files...\n  PASS: test_user_create (6ms)\nCreating production build...\n[12:50:53] DEBUG: Initializing service\n[12:50:53] DEBUG: Initializing service\n\u2713 All checks passed\nCompiling utils/app.ts...\n[12:50:53] INFO: Starting build process\nCache miss for key-4774\nPlatform: win32-x64\nSnapshots: 7 passed, 15 total\nWaiting...\n  PASS: e2e/test_cache_hit.spec.js\nStep 10/22: Installing dependencies\nAlready up to date.\nOK\nUsing Python 3.9\nArtifact uploaded: dist.zip (80MB)\n\u26a0 DEPRECATION: Feature will be removed in v3.0\n\u2713 Task completed in 2291ms\npip: Collecting eslint\nDone.\nUsing Python 3.11\nCache miss for key-5902\nImage pulled successfully\nStep 8/15: Deploying\nCoverage: 90% statements, 79% branches\nNODE_ENV=test\nCache saved successfully\nFetching submodules...\nGenerating source maps...\nnpm install: added 358 packages\nStep 12/18: Linting\nTests: 121 passed, 343 total\nFetching submodules...\nImage pulled successfully\nCache hit for key-9688\nHEAD is now at ae05d43\nEnvironment: staging\nCompiling src/main.py...\n\u2713 Step 'build' succeeded\n[12:50:53] INFO: Processing request\nLayer 5/9: COPY command\n[12:50:53] DEBUG: Initializing service\nTests: 493 passed, 454 total\nTime: 96.526s\nSuccess!\nCache invalidated: build\nImage pulled successfully\nCompiling components/utils.go...\n\u26a0 DEPRECATION: Feature will be removed in v3.0\nBuilding Docker image...\nFAILED: test_cache_hit\nFetching submodules...\n=== Step build completed ===\n=== Step: install_dependencies ===\n\u2713 test completed\nStep 15/15: Building\nGenerating source maps...\nnpm notice: package.json updated\nCompiling utils/service.java...\nStep 13/15: Linting\nBundling main.css\n\u2713 Step 'setup' succeeded\n\u2713 Task completed in 3964ms\nTests: 391 passed, 496 total\nArtifact uploaded: build.tar.gz (32MB)\nArtifact downloaded: 50MB\n[12:50:53] INFO: Cache refreshed\nGenerating source maps...\nFetching submodules...\nArtifact downloaded: 6MB\n[12:50:53] INFO: Connecting to database\n  PASS: integration/test_db_connect.spec.js\nFAILED: test_auth_login\n[12:50:53] DEBUG: Initializing service\nGenerating source maps...\nException: RuntimeError\nCompleted.\nCache saved successfully\n[12:50:53] DEBUG: Loading configuration\n\u26a0 DEPRECATION: Feature will be removed in v3.0\nFetching from https://npmjs.org/package.json\nCache saved successfully\npip install: Successfully installed eslint-3.8\nStep 3/19: Building\nFAILED: test_user_create\nnpm notice: package.json updated\nTime: 64.674s\n\u2713 Task completed in 4857ms\nCache invalidated: build\nReady.\nMinifying vendor.js\nBundling main.css\n[12:50:53] WARN: Deprecated API usage\n[12:50:53] DEBUG: Loading configuration\nTLS handshake completed\nLoading...\nTLS handshake completed\nCompleted.\nStep 15/20: Running migrations\nCache saved successfully\nCompiling components/handler.rs...\n  PASS: e2e/test_auth_login.spec.js\nUsing Python 3.9\nTransforming 781 files...\npip: Downloading webpack-2.10.tar.gz\nFetching from https://npmjs.org/package.json\n[12:50:53] WARN: Deprecated API usage\nImage pulled successfully\nCache saved successfully\nCompiling utils/index.js...\nGET /health - 200 (99ms)\nUsing Python 3.11\nWARNING: prettier has known vulnerabilities\n  PASS: unit/test_api_health.spec.js\nException: ValueError\nConnection established\nCompiling src/utils.go...\nnpm install: resolved 1092 packages\nCompiling utils/index.js...\n\u2713 All checks passed\n[12:50:53] DEBUG: Query executed in 76ms\nTest Suites: 21 passed, 43 total\n\u26a0 DEPRECATION: Feature will be removed in v2.0\nCompiling src/app.ts...\nOK\n[12:50:53] INFO: Request completed\nFetching from https://github.com/package.json\nCompiling src/service.java...\nDone.\nCache miss for key-8534\nVerifying...\n[12:50:53] INFO: Processing request\n\u2713 test completed\n[12:50:53] INFO: Connecting to database\nStep 9/25: Installing dependencies\n=== Step install_dependencies completed ===",
    "steps": [
      {
        "name": "type_check",
        "status": "success",
        "started_at": "2025-12-01T12:50:53.638674",
        "finished_at": "2025-12-01T12:51:02.052359",
        "log_lines": [
          "=== Step: type_check ===",
          "Minifying vendor.js",
          "Transforming 146 files...",
          "WARNING: axios has known vulnerabilities",
          "\u2713 All checks passed",
          "pip: Collecting lodash",
          "Step 1/21: Deploying",
          "\u2713 deploy completed",
          "pip install: Successfully installed react-4.9",
          "\u26a0 DEPRECATION: Feature will be removed in v3.0",
          "pip: Collecting react",
          "Finished.",
          "\u26a0 DEPRECATION: Feature will be removed in v5.0",
          "pip: Collecting express",
          "HEAD is now at ef53579",
          "Cache restored successfully (424MB)",
          "Waiting...",
          "Done.",
          "Cache restored successfully (402MB)",
          "Building Docker image...",
          "Completed.",
          "Already up to date.",
          "Cache restored successfully (87MB)",
          "Switched to branch 'bugfix/task-815'",
          "yarn add: Done in 2.8s",
          "Success!",
          "Ready.",
          "WARNING: eslint has known vulnerabilities",
          "Creating production build...",
          "Coverage: 95% statements, 74% branches",
          "Tests: 117 passed, 347 total",
          "Cache miss for key-6290",
          "Cache saved successfully",
          "Step 9/19: Building",
          "\u26a0 DEPRECATION: Feature will be removed in v3.0",
          "Waiting...",
          "Artifact uploaded: build.tar.gz (44MB)",
          "[12:50:53] DEBUG: Loading configuration",
          "\u2713 All checks passed",
          "Minifying app.js",
          "Tests: 350 passed, 227 total",
          "Fetching submodules...",
          "Ready.",
          "Ready.",
          "Artifact uploaded: build.tar.gz (27MB)",
          "Environment: test",
          "\u2713 package completed",
          "Checking out main branch",
          "Step 12/22: Testing",
          "  PASS: integration/test_api_health.spec.js",
          "Artifact uploaded: build.tar.gz (3MB)",
          "[12:50:53] INFO: Starting build process",
          "\u2713 Task completed in 955ms",
          "[12:50:53] DEBUG: Loading configuration",
          "Artifact uploaded: dist.zip (86MB)",
          "Cache restored successfully (70MB)",
          "Uploading artifact 'build' (32 files)",
          "Optimizing 88 modules...",
          "NODE_ENV=development",
          "Artifact uploaded: dist.zip (39MB)",
          "Minifying main.js",
          "npm notice: created a lockfile",
          "Uploading artifact 'coverage' (24 files)",
          "Cache miss for key-6739",
          "Optimizing 73 modules...",
          "Image pulled successfully",
          "Fetching from https://githubusercontent.com/package.json",
          "Completed.",
          "Compiling src/main.py...",
          "[12:50:53] WARN: Deprecated API usage",
          "[12:50:53] DEBUG: Initializing service",
          "Using Python 3.11",
          "WARNING: jest has known vulnerabilities",
          "Step 2/23: Installing dependencies",
          "WARNING: webpack has known vulnerabilities",
          "Done.",
          "pip: Installing build dependencies...",
          "\u2717 build failed with exit code 31",
          "\u2713 test completed",
          "Loading...",
          "Using Python 3.9",
          "npm install: added 171 packages",
          "=== Step type_check completed ==="
        ]
      },
      {
        "name": "setup_node",
        "status": "success",
        "started_at": "2025-12-01T12:51:02.052359",
        "finished_at": "2025-12-01T12:51:10.466044",
        "log_lines": [
          "=== Step: setup_node ===",
          "Ran 33 tests in 26s",
          "[12:50:53] WARN: Deprecated API usage",
          "Waiting...",
          "pip: Installing build dependencies...",
          "WARNING: express has known vulnerabilities",
          "\u2713 Step 'install' succeeded",
          "\u2713 All checks passed",
          "Using Python 3.10",
          "[12:50:53] DEBUG: Loading configuration",
          "Uploading artifact 'coverage' (35 files)",
          "OK",
          "Done.",
          "Tests: 435 passed, 398 total",
          "Step 5/16: Deploying",
          "Compiling utils/index.js...",
          "[12:50:53] WARN: Deprecated API usage",
          "  PASS: test_db_connect (261ms)",
          "Step 13/25: Testing",
          "Step 11/20: Testing",
          "Step 11/23: Installing dependencies",
          "Pulling image: alpine:latest",
          "Optimizing 40 modules...",
          "Step 10/17: Building",
          "Step 20/19: Installing dependencies",
          "[12:50:53] INFO: Processing request",
          "Processing...",
          "\u2713 Task completed in 2549ms",
          "Creating production build...",
          "Compiling lib/utils.go...",
          "NODE_ENV=development",
          "Fetching submodules...",
          "  PASS: test_auth_login (156ms)",
          "WARNING: lodash has known vulnerabilities",
          "Using Python 3.9",
          "Artifact uploaded: dist.zip (12MB)",
          "Artifact uploaded: build.tar.gz (48MB)",
          "Step 13/15: Testing",
          "Checking out develop branch",
          "HEAD is now at e8b1a75",
          "pip: Installing build dependencies...",
          "[12:50:53] DEBUG: Initializing service",
          "NODE_ENV=development",
          "POST /data - 202 (279ms)",
          "Compiling src/main.py...",
          "[12:50:53] DEBUG: Loading configuration",
          "Done.",
          "[12:50:53] ERROR: Connection failed",
          "WARNING: lodash has known vulnerabilities",
          "Fetching submodules...",
          "Transforming 939 files...",
          "Fetching from https://docker.io/package.json",
          "[12:50:53] DEBUG: Connection pool: 9 active",
          "Minifying vendor.js",
          "Step 17/21: Deploying",
          "\u2713 All checks passed",
          "pip: Installing build dependencies...",
          "Fetching from https://github.com/package.json",
          "  PASS: test_auth_login (396ms)",
          "  PASS: unit/test_auth_login.spec.js",
          "WARNING: express has known vulnerabilities",
          "WARNING: jest has known vulnerabilities",
          "WARNING: lodash has known vulnerabilities",
          "Cache miss for key-4716",
          "Success!",
          "Platform: win32-x64",
          "Installing react@1.17.6",
          "Creating production build...",
          "[12:50:53] DEBUG: Initializing service",
          "pip: Installing build dependencies...",
          "Fetching submodules...",
          "OK",
          "Cache hit for key-4510",
          "Artifact downloaded: 48MB",
          "TLS handshake completed",
          "[12:50:53] DEBUG: Query executed in 47ms",
          "GET /status - 204 (100ms)",
          "[12:50:53] DEBUG: Loading configuration",
          "[12:50:53] DEBUG: Initializing service",
          "yarn add: Done in 19.59s",
          "TLS handshake completed",
          "Compiling lib/app.ts...",
          "=== Step setup_node completed ==="
        ]
      },
      {
        "name": "integration_tests",
        "status": "success",
        "started_at": "2025-12-01T12:51:10.466044",
        "finished_at": "2025-12-01T12:51:27.293413",
        "log_lines": [
          "=== Step: integration_tests ===",
          "yarn add: Done in 17.18s",
          "Artifact downloaded: 18MB",
          "Cache invalidated: node_modules",
          "Fetching submodules...",
          "Uploading artifact 'build' (24 files)",
          "Cache restored successfully (241MB)",
          "[12:50:53] DEBUG: Loading configuration",
          "[12:50:53] WARN: Deprecated API usage",
          "Step 12/20: Installing dependencies",
          "Step 2/21: Deploying",
          "Building Docker image...",
          "Environment: test",
          "  PASS: test_db_connect (254ms)",
          "Processing...",
          "Fetching submodules...",
          "Cache invalidated: build",
          "Verifying...",
          "Coverage: 94% statements, 85% branches",
          "OK",
          "[12:50:53] INFO: Connecting to database",
          "WARNING: lodash has known vulnerabilities",
          "[12:50:53] INFO: Connecting to database",
          "[12:50:53] INFO: Request completed",
          "Installing express@4.19.9",
          "Waiting...",
          "Compiling utils/handler.rs...",
          "Using Node.js 18.13.5",
          "[12:50:53] INFO: Request completed",
          "npm notice: created a lockfile",
          "Coverage: 91% statements, 95% branches",
          "Ready.",
          "\u26a0 DEPRECATION: Feature will be removed in v3.0",
          "Cache invalidated: build",
          "HEAD is now at ebe9725",
          "[12:50:53] INFO: Cache refreshed",
          "Installing express@2.4.7",
          "Using Python 3.9",
          "Artifact downloaded: 26MB",
          "Bundling main.css",
          "Creating production build...",
          "[12:50:53] DEBUG: Memory usage: 1692MB",
          "Optimizing 71 modules...",
          "yarn add: Done in 1.77s",
          "Using Node.js 16.11.7",
          "Finished.",
          "Fetching from https://npmjs.org/package.json",
          "Verifying...",
          "yarn add: Done in 9.51s",
          "\u2713 Task completed in 741ms",
          "Artifact downloaded: 39MB",
          "POST /data - 201 (123ms)",
          "Artifact downloaded: 27MB",
          "HEAD is now at cbaa64f",
          "OK",
          "pip: Downloading express-4.12.tar.gz",
          "Platform: win32-x64",
          "Pulling image: node:latest",
          "Switched to branch 'bugfix/task-582'",
          "Tests: 403 passed, 340 total",
          "\u2713 deploy completed",
          "Success!",
          "Step 8/25: Running migrations",
          "Generating source maps...",
          "Completed.",
          "Snapshots: 36 passed, 14 total",
          "npm install: added 89 packages",
          "Step 15/19: Linting",
          "Cache invalidated: dependencies",
          "npm notice: created a lockfile",
          "Waiting...",
          "Step 17/19: Running migrations",
          "Compiling utils/main.py...",
          "Snapshots: 23 passed, 49 total",
          "[12:50:53] DEBUG: Loading configuration",
          "Pulling image: alpine:18",
          "\u2713 Task completed in 3759ms",
          "Step 14/24: Building",
          "Transforming 857 files...",
          "pip: Installing build dependencies...",
          "yarn add: Done in 12.18s",
          "Transforming 550 files...",
          "=== Step integration_tests completed ==="
        ]
      },
      {
        "name": "restore_cache",
        "status": "success",
        "started_at": "2025-12-01T12:51:27.293413",
        "finished_at": "2025-12-01T12:51:32.341624",
        "log_lines": [
          "=== Step: restore_cache ===",
          "Ready.",
          "\u2717 build failed with exit code 80",
          "Creating production build...",
          "\u2713 Task completed in 2006ms",
          "TLS handshake completed",
          "\u26a0 DEPRECATION: Feature will be removed in v2.0",
          "[12:50:53] WARN: Deprecated API usage",
          "Artifact downloaded: 26MB",
          "  PASS: e2e/test_auth_login.spec.js",
          "npm install: resolved 853 packages",
          "Step 11/18: Building",
          "Environment: staging",
          "Step 13/19: Building",
          "Layer 3/10: ENV command",
          "Transforming 767 files...",
          "[12:50:53] ERROR: Connection failed",
          "npm install: added 75 packages",
          "Bundling runtime.css",
          "Image pulled successfully",
          "GET /health - 204 (70ms)",
          "Layer 1/12: ENV command",
          "Cache restored successfully (150MB)",
          "Ran 181 tests in 38s",
          "[12:50:53] INFO: Request completed",
          "npm install: added 12 packages",
          "Step 9/18: Testing",
          "\u26a0 DEPRECATION: Feature will be removed in v5.0",
          "[12:50:53] INFO: Processing request",
          "Artifact uploaded: dist.zip (34MB)",
          "Ready.",
          "npm install: resolved 170 packages",
          "Cache miss for key-3747",
          "TLS handshake completed",
          "pip: Collecting webpack",
          "Platform: darwin-arm64",
          "npm notice: created a lockfile",
          "Checking out main branch",
          "Loading...",
          "npm install: added 313 packages",
          "Switched to branch 'hotfix/task-522'",
          "Using Node.js 17.18.5",
          "Step 2/21: Installing dependencies",
          "Cache hit for key-2611",
          "[12:50:53] WARN: Deprecated API usage",
          "Checking out master branch",
          "Compiling lib/utils.go...",
          "Cache saved successfully",
          "Completed.",
          "Fetching submodules...",
          "Ready.",
          "TLS handshake completed",
          "[12:50:53] INFO: Request completed",
          "pip: Installing build dependencies...",
          "Optimizing 83 modules...",
          "pip: Collecting jest",
          "Artifact downloaded: 29MB",
          "[12:50:53] INFO: Connecting to database",
          "Ran 121 tests in 44s",
          "Platform: darwin-arm64",
          "pip: Downloading eslint-3.18.tar.gz",
          "Generating source maps...",
          "Generating source maps...",
          "Creating production build...",
          "Installing webpack@1.5.5",
          "npm install: added 173 packages",
          "Pulling image: alpine:3.11",
          "Layer 4/12: RUN command",
          "  PASS: test_cache_hit (313ms)",
          "yarn add: Done in 18.93s",
          "[12:50:53] DEBUG: Initializing service",
          "Compiling src/app.ts...",
          "Artifact uploaded: build.tar.gz (26MB)",
          "Snapshots: 5 passed, 42 total",
          "WARNING: jest has known vulnerabilities",
          "Switched to branch 'feature/task-391'",
          "Time: 73.969s",
          "Step 2/16: Running migrations",
          "Snapshots: 42 passed, 28 total",
          "npm notice: package.json updated",
          "npm notice: package.json updated",
          "Already up to date.",
          "=== Step restore_cache completed ==="
        ]
      },
      {
        "name": "checkout",
        "status": "success",
        "started_at": "2025-12-01T12:51:32.341624",
        "finished_at": "2025-12-01T12:51:35.707098",
        "log_lines": [
          "=== Step: checkout ===",
          "Cache miss for key-9904",
          "Snapshots: 2 passed, 3 total",
          "Already up to date.",
          "Compiling utils/main.py...",
          "Fetching from https://registry.npmjs.org/package.json",
          "Artifact uploaded: dist.zip (93MB)",
          "[12:50:53] INFO: Request completed",
          "Ran 137 tests in 26s",
          "Platform: darwin-arm64",
          "\u2713 All checks passed",
          "Optimizing 37 modules...",
          "[12:50:53] INFO: Connecting to database",
          "Loading...",
          "Artifact uploaded: dist.zip (81MB)",
          "\u2717 build failed with exit code 85",
          "[12:50:53] DEBUG: Initializing service",
          "  PASS: integration/test_cache_hit.spec.js",
          "npm install: added 27 packages",
          "OK",
          "Exception: ValueError",
          "GET /api - 200 (14ms)",
          "Switched to branch 'feature/task-661'",
          "Exception: ValueError",
          "Artifact downloaded: 10MB",
          "  PASS: unit/test_user_create.spec.js",
          "Connection established",
          "\u2713 test completed",
          "Checking out develop branch",
          "HEAD is now at 27641d2",
          "\u26a0 DEPRECATION: Feature will be removed in v4.0",
          "Step 6/25: Testing",
          "Compiling lib/index.js...",
          "Compiling lib/app.ts...",
          "\u2713 test completed",
          "[12:50:53] INFO: Starting build process",
          "Layer 1/12: RUN command",
          "HEAD is now at 89b399b",
          "  PASS: unit/test_cache_hit.spec.js",
          "\u2713 Step 'install' succeeded",
          "Cache invalidated: dependencies",
          "Minifying vendor.js",
          "Compiling src/main.py...",
          "Compiling lib/utils.go...",
          "Artifact downloaded: 7MB",
          "Generating source maps...",
          "Environment: test",
          "Installing jest@5.13.3",
          "Success!",
          "GET /health - 200 (38ms)",
          "Layer 6/15: COPY command",
          "Connection established",
          "Exception: TypeError",
          "npm install: added 434 packages",
          "POST /upload - 202 (397ms)",
          "npm notice: package.json updated",
          "FAILED: test_user_create",
          "[12:50:53] WARN: Deprecated API usage",
          "[12:50:53] WARN: Deprecated API usage",
          "Compiling components/index.js...",
          "npm notice: package.json updated",
          "yarn add: Done in 5.13s",
          "npm install: added 96 packages",
          "Step 3/22: Linting",
          "npm notice: created a lockfile",
          "Cache hit for key-2363",
          "Compiling src/main.py...",
          "Image pulled successfully",
          "Ran 14 tests in 11s",
          "[12:50:53] WARN: Deprecated API usage",
          "Exception: RuntimeError",
          "Fetching submodules...",
          "\u26a0 DEPRECATION: Feature will be removed in v2.0",
          "Cache miss for key-2745",
          "Compiling components/main.py...",
          "Ran 140 tests in 3s",
          "\u2717 build failed with exit code 79",
          "Time: 47.781s",
          "Completed.",
          "Snapshots: 38 passed, 4 total",
          "GET /api - 204 (44ms)",
          "Artifact downloaded: 42MB",
          "=== Step checkout completed ==="
        ]
      },
      {
        "name": "lint",
        "status": "success",
        "started_at": "2025-12-01T12:51:35.707098",
        "finished_at": "2025-12-01T12:51:44.120783",
        "log_lines": [
          "=== Step: lint ===",
          "Fetching submodules...",
          "Step 20/16: Running migrations",
          "[12:50:53] ERROR: Connection failed",
          "Coverage: 98% statements, 85% branches",
          "[12:50:53] INFO: Processing request",
          "Compiling src/handler.rs...",
          "WARNING: axios has known vulnerabilities",
          "Environment: production",
          "Artifact uploaded: dist.zip (40MB)",
          "pip: Installing build dependencies...",
          "Artifact downloaded: 16MB",
          "Bundling styles.css",
          "OK",
          "[12:50:53] INFO: Request completed",
          "\u2713 Task completed in 4464ms",
          "Waiting...",
          "Using Node.js 19.5.8",
          "Artifact downloaded: 25MB",
          "Cache saved successfully",
          "Cache invalidated: node_modules",
          "Switched to branch 'hotfix/task-443'",
          "Exception: RuntimeError",
          "Cache hit for key-5988",
          "Compiling src/app.ts...",
          "\u2713 All checks passed",
          "[12:50:53] INFO: Processing request",
          "npm install: added 372 packages",
          "Exception: RuntimeError",
          "Fetching from https://registry.npmjs.org/package.json",
          "yarn add: Done in 18.54s",
          "Bundling main.js",
          "[12:50:53] DEBUG: Connection pool: 17 active",
          "Finished.",
          "Cache restored successfully (157MB)",
          "Loading...",
          "[12:50:53] INFO: Cache refreshed",
          "Compiling src/main.py...",
          "Minifying app.js",
          "Processing...",
          "pip: Installing build dependencies...",
          "TLS handshake completed",
          "Verifying...",
          "Compiling src/index.js...",
          "Switched to branch 'hotfix/task-817'",
          "[12:50:53] INFO: Request completed",
          "Compiling components/service.java...",
          "[12:50:53] DEBUG: Memory usage: 1502MB",
          "pip: Downloading axios-3.14.tar.gz",
          "Tests: 362 passed, 194 total",
          "  PASS: test_user_create (2ms)",
          "[12:50:53] DEBUG: Initializing service",
          "Artifact uploaded: dist.zip (43MB)",
          "Time: 33.429s",
          "NODE_ENV=development",
          "Compiling lib/main.py...",
          "Ran 15 tests in 48s",
          "[12:50:53] WARN: Deprecated API usage",
          "[12:50:53] INFO: Connecting to database",
          "Cache restored successfully (77MB)",
          "WARNING: webpack has known vulnerabilities",
          "npm install: resolved 1037 packages",
          "Cache saved successfully",
          "HEAD is now at ec047e1",
          "Compiling utils/index.js...",
          "\u26a0 DEPRECATION: Feature will be removed in v2.0",
          "pip: Collecting express",
          "yarn add: Done in 11.97s",
          "Cache saved successfully",
          "Bundling styles.css",
          "Fetching submodules...",
          "Already up to date.",
          "npm install: resolved 893 packages",
          "GET /status - 201 (4ms)",
          "\u26a0 DEPRECATION: Feature will be removed in v2.0",
          "Cache miss for key-1936",
          "Environment: production",
          "Step 7/19: Installing dependencies",
          "Generating source maps...",
          "Exception: TypeError",
          "pip: Collecting express",
          "pip: Collecting axios",
          "=== Step lint completed ==="
        ]
      },
      {
        "name": "unit_tests",
        "status": "success",
        "started_at": "2025-12-01T12:51:44.120783",
        "finished_at": "2025-12-01T12:52:09.361837",
        "log_lines": [
          "=== Step: unit_tests ===",
          "Minifying main.js",
          "Loading...",
          "\u26a0 DEPRECATION: Feature will be removed in v2.0",
          "Bundling styles.js",
          "\u26a0 DEPRECATION: Feature will be removed in v2.0",
          "[12:50:53] DEBUG: Memory usage: 183MB",
          "Test Suites: 44 passed, 11 total",
          "Environment: test",
          "Cache invalidated: build",
          "Minifying vendor.js",
          "\u26a0 DEPRECATION: Feature will be removed in v5.0",
          "Checking out develop branch",
          "Completed.",
          "Ready.",
          "Success!",
          "Using Python 3.12",
          "[12:50:53] DEBUG: Connection pool: 2 active",
          "Creating production build...",
          "[12:50:53] DEBUG: Initializing service",
          "Finished.",
          "[12:50:53] WARN: Deprecated API usage",
          "Completed.",
          "Platform: win32-x64",
          "Verifying...",
          "[12:50:53] INFO: Request completed",
          "Pushing to registry...",
          "[12:50:53] DEBUG: Connection pool: 13 active",
          "Success!",
          "Transforming 955 files...",
          "Step 2/21: Installing dependencies",
          "Compiling components/index.js...",
          "Artifact uploaded: build.tar.gz (4MB)",
          "Cache miss for key-5329",
          "Switched to branch 'bugfix/task-317'",
          "[12:50:53] DEBUG: Connection pool: 19 active",
          "Image pulled successfully",
          "POST /data - 201 (182ms)",
          "Step 11/23: Running migrations",
          "pip: Installing build dependencies...",
          "Building Docker image...",
          "Fetching from https://gcr.io/package.json",
          "Building Docker image...",
          "[12:50:53] WARN: Deprecated API usage",
          "Transforming 127 files...",
          "Exception: TypeError",
          "[12:50:53] INFO: Request completed",
          "[12:50:53] INFO: Request completed",
          "Checking out develop branch",
          "Loading...",
          "Uploading artifact 'coverage' (19 files)",
          "[12:50:53] INFO: Cache refreshed",
          "  PASS: e2e/test_db_connect.spec.js",
          "npm notice: created a lockfile",
          "OK",
          "Compiling utils/index.js...",
          "[12:50:53] DEBUG: Loading configuration",
          "Building Docker image...",
          "Pushing to registry...",
          "Switched to branch 'hotfix/task-167'",
          "Artifact downloaded: 41MB",
          "npm install: added 146 packages",
          "Step 5/16: Linting",
          "Step 17/23: Deploying",
          "Compiling lib/utils.go...",
          "[12:50:53] WARN: Deprecated API usage",
          "Building Docker image...",
          "[12:50:53] DEBUG: Initializing service",
          "[12:50:53] ERROR: Connection failed",
          "\u2713 Step 'setup' succeeded",
          "Already up to date.",
          "Artifact downloaded: 41MB",
          "[12:50:53] INFO: Processing request",
          "Cache saved successfully",
          "Installing eslint@3.1.9",
          "Fetching submodules...",
          "\u2717 build failed with exit code 64",
          "Loading...",
          "Step 6/20: Testing",
          "npm install: resolved 497 packages",
          "Cache restored successfully (206MB)",
          "Time: 52.166s",
          "=== Step unit_tests completed ==="
        ]
      },
      {
        "name": "deploy_staging",
        "status": "success",
        "started_at": "2025-12-01T12:52:09.361837",
        "finished_at": "2025-12-01T12:52:17.775522",
        "log_lines": [
          "=== Step: deploy_staging ===",
          "Verifying...",
          "Creating production build...",
          "pip: Downloading webpack-2.10.tar.gz",
          "Step 12/15: Installing dependencies",
          "Cache miss for key-1943",
          "Verifying...",
          "Ran 21 tests in 23s",
          "Cache saved successfully",
          "pip: Installing build dependencies...",
          "Step 17/20: Running migrations",
          "HEAD is now at e5265c1",
          "Ready.",
          "FAILED: test_cache_hit",
          "Finished.",
          "Using Node.js 17.4.3",
          "Installing jest@3.1.5",
          "Verifying...",
          "Cache restored successfully (207MB)",
          "Finished.",
          "Using Node.js 20.19.10",
          "Waiting...",
          "FAILED: test_api_health",
          "Time: 62.106s",
          "TLS handshake completed",
          "Using Node.js 15.0.7",
          "WARNING: eslint has known vulnerabilities",
          "[12:50:53] WARN: Deprecated API usage",
          "Done.",
          "npm install: added 151 packages",
          "\u2713 build completed",
          "Success!",
          "Checking out master branch",
          "npm install: resolved 1641 packages",
          "Step 6/19: Running migrations",
          "npm install: resolved 1753 packages",
          "Ran 68 tests in 55s",
          "[12:50:53] DEBUG: Query executed in 99ms",
          "\u2717 build failed with exit code 14",
          "HEAD is now at 9556965",
          "Artifact uploaded: dist.zip (99MB)",
          "\u2713 Step 'build' succeeded",
          "Using Node.js 16.14.4",
          "Pulling image: python:latest",
          "Using Python 3.12",
          "\u2713 Step 'test' succeeded",
          "Connection established",
          "Fetching submodules...",
          "Optimizing 72 modules...",
          "\u26a0 DEPRECATION: Feature will be removed in v3.0",
          "Cache restored successfully (354MB)",
          "[12:50:53] DEBUG: Initializing service",
          "Transforming 140 files...",
          "NODE_ENV=production",
          "\u2713 All checks passed",
          "TLS handshake completed",
          "Test Suites: 24 passed, 5 total",
          "Fetching submodules...",
          "npm install: resolved 1585 packages",
          "[12:50:53] DEBUG: Initializing service",
          "Finished.",
          "Compiling lib/service.java...",
          "Loading...",
          "\u2713 Task completed in 3370ms",
          "Image pulled successfully",
          "npm install: added 127 packages",
          "pip install: Successfully installed jest-1.17",
          "[12:50:53] DEBUG: Query executed in 79ms",
          "  PASS: e2e/test_api_health.spec.js",
          "pip: Installing build dependencies...",
          "Compiling utils/utils.go...",
          "HEAD is now at cccc47c",
          "Success!",
          "  PASS: test_api_health (134ms)",
          "npm notice: package.json updated",
          "Checking out master branch",
          "npm notice: package.json updated",
          "  PASS: e2e/test_api_health.spec.js",
          "Cache saved successfully",
          "pip install: Successfully installed jest-2.18",
          "Cache invalidated: dependencies",
          "OK",
          "=== Step deploy_staging completed ==="
        ]
      },
      {
        "name": "build",
        "status": "success",
        "started_at": "2025-12-01T12:52:17.775522",
        "finished_at": "2025-12-01T12:52:43.016576",
        "log_lines": [
          "=== Step: build ===",
          "yarn add: Done in 13.47s",
          "Finished.",
          "Step 9/22: Running migrations",
          "  PASS: e2e/test_user_create.spec.js",
          "[12:50:53] DEBUG: Initializing service",
          "Step 5/18: Running migrations",
          "Ready.",
          "Transforming 582 files...",
          "Minifying vendor.js",
          "[12:50:53] WARN: Deprecated API usage",
          "npm notice: created a lockfile",
          "  PASS: test_db_connect (411ms)",
          "[12:50:53] DEBUG: Initializing service",
          "[12:50:53] INFO: Connecting to database",
          "Compiling src/service.java...",
          "\u26a0 DEPRECATION: Feature will be removed in v3.0",
          "Snapshots: 45 passed, 21 total",
          "[12:50:53] INFO: Connecting to database",
          "Compiling src/handler.rs...",
          "pip install: Successfully installed axios-2.0",
          "Tests: 324 passed, 135 total",
          "[12:50:53] ERROR: Connection failed",
          "Building Docker image...",
          "pip: Downloading eslint-1.1.tar.gz",
          "[12:50:53] WARN: Deprecated API usage",
          "Creating production build...",
          "Done.",
          "Transforming 637 files...",
          "  PASS: test_user_create (6ms)",
          "Creating production build...",
          "[12:50:53] DEBUG: Initializing service",
          "[12:50:53] DEBUG: Initializing service",
          "\u2713 All checks passed",
          "Compiling utils/app.ts...",
          "[12:50:53] INFO: Starting build process",
          "Cache miss for key-4774",
          "Platform: win32-x64",
          "Snapshots: 7 passed, 15 total",
          "Waiting...",
          "  PASS: e2e/test_cache_hit.spec.js",
          "Step 10/22: Installing dependencies",
          "Already up to date.",
          "OK",
          "Using Python 3.9",
          "Artifact uploaded: dist.zip (80MB)",
          "\u26a0 DEPRECATION: Feature will be removed in v3.0",
          "\u2713 Task completed in 2291ms",
          "pip: Collecting eslint",
          "Done.",
          "Using Python 3.11",
          "Cache miss for key-5902",
          "Image pulled successfully",
          "Step 8/15: Deploying",
          "Coverage: 90% statements, 79% branches",
          "NODE_ENV=test",
          "Cache saved successfully",
          "Fetching submodules...",
          "Generating source maps...",
          "npm install: added 358 packages",
          "Step 12/18: Linting",
          "Tests: 121 passed, 343 total",
          "Fetching submodules...",
          "Image pulled successfully",
          "Cache hit for key-9688",
          "HEAD is now at ae05d43",
          "Environment: staging",
          "Compiling src/main.py...",
          "\u2713 Step 'build' succeeded",
          "[12:50:53] INFO: Processing request",
          "Layer 5/9: COPY command",
          "[12:50:53] DEBUG: Initializing service",
          "Tests: 493 passed, 454 total",
          "Time: 96.526s",
          "Success!",
          "Cache invalidated: build",
          "Image pulled successfully",
          "Compiling components/utils.go...",
          "\u26a0 DEPRECATION: Feature will be removed in v3.0",
          "Building Docker image...",
          "FAILED: test_cache_hit",
          "Fetching submodules...",
          "=== Step build completed ==="
        ]
      },
      {
        "name": "install_dependencies",
        "status": "success",
        "started_at": "2025-12-01T12:52:43.016576",
        "finished_at": "2025-12-01T12:53:08.257630",
        "log_lines": [
          "=== Step: install_dependencies ===",
          "\u2713 test completed",
          "Step 15/15: Building",
          "Generating source maps...",
          "npm notice: package.json updated",
          "Compiling utils/service.java...",
          "Step 13/15: Linting",
          "Bundling main.css",
          "\u2713 Step 'setup' succeeded",
          "\u2713 Task completed in 3964ms",
          "Tests: 391 passed, 496 total",
          "Artifact uploaded: build.tar.gz (32MB)",
          "Artifact downloaded: 50MB",
          "[12:50:53] INFO: Cache refreshed",
          "Generating source maps...",
          "Fetching submodules...",
          "Artifact downloaded: 6MB",
          "[12:50:53] INFO: Connecting to database",
          "  PASS: integration/test_db_connect.spec.js",
          "FAILED: test_auth_login",
          "[12:50:53] DEBUG: Initializing service",
          "Generating source maps...",
          "Exception: RuntimeError",
          "Completed.",
          "Cache saved successfully",
          "[12:50:53] DEBUG: Loading configuration",
          "\u26a0 DEPRECATION: Feature will be removed in v3.0",
          "Fetching from https://npmjs.org/package.json",
          "Cache saved successfully",
          "pip install: Successfully installed eslint-3.8",
          "Step 3/19: Building",
          "FAILED: test_user_create",
          "npm notice: package.json updated",
          "Time: 64.674s",
          "\u2713 Task completed in 4857ms",
          "Cache invalidated: build",
          "Ready.",
          "Minifying vendor.js",
          "Bundling main.css",
          "[12:50:53] WARN: Deprecated API usage",
          "[12:50:53] DEBUG: Loading configuration",
          "TLS handshake completed",
          "Loading...",
          "TLS handshake completed",
          "Completed.",
          "Step 15/20: Running migrations",
          "Cache saved successfully",
          "Compiling components/handler.rs...",
          "  PASS: e2e/test_auth_login.spec.js",
          "Using Python 3.9",
          "Transforming 781 files...",
          "pip: Downloading webpack-2.10.tar.gz",
          "Fetching from https://npmjs.org/package.json",
          "[12:50:53] WARN: Deprecated API usage",
          "Image pulled successfully",
          "Cache saved successfully",
          "Compiling utils/index.js...",
          "GET /health - 200 (99ms)",
          "Using Python 3.11",
          "WARNING: prettier has known vulnerabilities",
          "  PASS: unit/test_api_health.spec.js",
          "Exception: ValueError",
          "Connection established",
          "Compiling src/utils.go...",
          "npm install: resolved 1092 packages",
          "Compiling utils/index.js...",
          "\u2713 All checks passed",
          "[12:50:53] DEBUG: Query executed in 76ms",
          "Test Suites: 21 passed, 43 total",
          "\u26a0 DEPRECATION: Feature will be removed in v2.0",
          "Compiling src/app.ts...",
          "OK",
          "[12:50:53] INFO: Request completed",
          "Fetching from https://github.com/package.json",
          "Compiling src/service.java...",
          "Done.",
          "Cache miss for key-8534",
          "Verifying...",
          "[12:50:53] INFO: Processing request",
          "\u2713 test completed",
          "[12:50:53] INFO: Connecting to database",
          "Step 9/25: Installing dependencies",
          "=== Step install_dependencies completed ==="
        ]
      }
    ],
    "label": "normal"
  }
}