{
  "action": "completed",
  "workflow_run": {
    "id": 666,
    "name": "CI Pipeline",
    "head_branch": "develop",
    "head_sha": "27ed5635f201c4fe7900fe1a42f8234e38df25f6",
    "status": "completed",
    "conclusion": "failure",
    "run_started_at": "2025-12-19T12:51:54.021154Z",
    "updated_at": "2025-12-19T12:56:25.866204Z"
  },
  "repository": {
    "full_name": "acme-corp/web-app",
    "name": "web-app"
  },
  "sender": {
    "login": "grace"
  },
  "_safeops_extended": {
    "raw_logs": "=== Step: upload_artifacts ===\nRan 88 tests in 2s\nCache restored successfully (469MB)\n[12:51:54] WARN: Deprecated API usage\nAlready up to date.\nFinished.\nCache invalidated: build\nChecking out master branch\nSwitched to branch 'hotfix/task-365'\nVerifying...\nFetching from https://github.com/package.json\nFinished.\nBundling styles.js\nPOST /api - 200 (230ms)\nFinished.\n[12:51:54] INFO: Cache refreshed\nCache miss for key-2850\nPlatform: win32-x64\nCache invalidated: node_modules\nMinifying main.js\nCreating production build...\n  PASS: test_cache_hit (351ms)\nDone.\nStep 18/15: Linting\nEnvironment: development\nTime: 41.151s\nPlatform: linux-x64\nWARNING: lodash has known vulnerabilities\nWARNING: react has known vulnerabilities\nProcessing...\n[12:51:54] INFO: Connecting to database\n[12:51:54] DEBUG: Initializing service\nConnection established\nPlatform: win32-x64\npip: Installing build dependencies...\nnpm install: resolved 265 packages\n[12:51:54] DEBUG: Loading configuration\nnpm notice: created a lockfile\n\u2713 All checks passed\n[12:51:54] INFO: Cache refreshed\n[12:51:54] DEBUG: Memory usage: 1575MB\nStep 18/25: Linting\nCache saved successfully\nPushing to registry...\nCache restored successfully (225MB)\nCache hit for key-4747\nRan 159 tests in 57s\nCompiling components/index.js...\nChecking out main branch\npip: Installing build dependencies...\nGenerating source maps...\nCompleted.\nChecking out master branch\n[12:51:54] DEBUG: Loading configuration\nRan 171 tests in 21s\nMinifying main.js\nConnection established\nCache invalidated: node_modules\nUploading artifact 'coverage' (8 files)\n\u2713 lint completed\nUsing Node.js 17.3.3\n[12:51:54] DEBUG: Connection pool: 4 active\nPushing to registry...\n\u2713 Task completed in 4076ms\n[12:51:54] ERROR: Connection failed\nLoading...\nOptimizing 96 modules...\nUsing Python 3.9\nCompiling lib/index.js...\n\u26a0 DEPRECATION: Feature will be removed in v4.0\nGET /health - 204 (96ms)\nCreating production build...\nHEAD is now at 2795180\nNODE_ENV=test\nCompleted.\nTLS handshake completed\n[12:51:54] INFO: Connecting to database\nStep 17/18: Linting\nTime: 106.529s\nReady.\nHEAD is now at 5e69c15\nFinished.\npip install: Successfully installed lodash-4.18\nSwitched to branch 'hotfix/task-672'\nFetching submodules...\nCache invalidated: build\nInstalling jest@2.13.0\nnpm notice: created a lockfile\npip install: Successfully installed prettier-1.13\n[12:51:54] DEBUG: Memory usage: 467MB\n\u2713 Step 'build' succeeded\nWARNING: axios has known vulnerabilities\n\u26a0 DEPRECATION: Feature will be removed in v5.0\nTime: 87.474s\nOptimizing 37 modules...\nUsing Node.js 19.10.4\nCache restored successfully (239MB)\n\u2717 build failed with exit code 67\nTest Suites: 40 passed, 15 total\nOptimizing 16 modules...\n\u2713 lint completed\nUsing Python 3.12\nWARNING: webpack has known vulnerabilities\nStep 13/24: Testing\nConnection established\nSnapshots: 14 passed, 12 total\npip: Collecting webpack\nSnapshots: 33 passed, 18 total\nyarn add: Done in 15.4s\n[12:51:54] DEBUG: Memory usage: 1963MB\n\u26a0 DEPRECATION: Feature will be removed in v2.0\nCache restored successfully (214MB)\nLoading...\nPushing to registry...\nLoading...\nOptimizing 30 modules...\nCreating production build...\npip: Collecting jest\nCompiling utils/index.js...\nArtifact uploaded: build.tar.gz (31MB)\n[12:51:54] INFO: Starting build process\nHEAD is now at e60dccf\n[12:51:54] DEBUG: Connection pool: 16 active\nWARNING: react has known vulnerabilities\n[12:51:54] INFO: Starting build process\nnpm install: added 133 packages\nTest Suites: 39 passed, 10 total\n[12:51:54] DEBUG: Connection pool: 9 active\n\u26a0 DEPRECATION: Feature will be removed in v3.0\npip: Downloading webpack-5.15.tar.gz\n[12:51:54] ERROR: Connection failed\nLoading...\n[12:51:54] DEBUG: Loading configuration\npip: Collecting jest\n[12:51:54] INFO: Connecting to database\nLayer 8/15: RUN command\nChecking out develop branch\nDone.\nUsing Node.js 15.20.2\nCompiling components/app.ts...\nAlready up to date.\nFetching from https://docker.io/package.json\n[12:51:54] INFO: Connecting to database\n  PASS: test_db_connect (159ms)\nCache restored successfully (358MB)\nEnvironment: development\nEnvironment: staging\nHEAD is now at 75e16a9\n\u26a0 DEPRECATION: Feature will be removed in v3.0\npip: Installing build dependencies...\nFAILED: test_user_create\nVerifying...\nUploading artifact 'build' (30 files)\nException: NullPointerException\nArtifact downloaded: 11MB\nTests: 414 passed, 365 total\npip install: Successfully installed lodash-1.13\n[12:51:54] DEBUG: Initializing service\nImage pulled successfully\nSuccess!\nTests: 395 passed, 232 total\nGenerating source maps...\nCompiling src/handler.rs...\npip: Collecting axios\n[12:51:54] DEBUG: Connection pool: 10 active\n[12:51:54] DEBUG: Loading configuration\n\u26a0 DEPRECATION: Feature will be removed in v2.0\nLoading...\n[12:51:54] INFO: Processing request\nHEAD is now at 068c54f\nSwitched to branch 'hotfix/task-481'\nArtifact downloaded: 21MB\nDone.\nnpm notice: created a lockfile\nOptimizing 49 modules...\nCompiling utils/handler.rs...\nCache restored successfully (102MB)\nSuccess!\nyarn add: Done in 5.13s\npip: Downloading react-5.12.tar.gz\nFAILED: test_cache_hit\nPOST /data - 202 (347ms)\nVerifying...\nStep 18/25: Testing\n[12:51:54] INFO: Starting build process\n\u2713 validate completed\nCreating production build...\nDone.\n\u26a0 DEPRECATION: Feature will be removed in v2.0\nStep 14/23: Installing dependencies\nImage pulled successfully\n[12:51:54] INFO: Processing request\nVerifying...\nNODE_ENV=test\n[12:51:54] DEBUG: Initializing service\nWaiting...\nStep 8/20: Deploying\n\u2717 build failed with exit code 78\nReady.\nMinifying app.js\nTLS handshake completed\nRan 170 tests in 43s\n[12:51:54] DEBUG: Query executed in 91ms\nFinished.\n\u26a0 DEPRECATION: Feature will be removed in v5.0\n[12:51:54] DEBUG: Memory usage: 1226MB\n\u2713 Step 'build' succeeded\nProcessing...\n\u26a0 DEPRECATION: Feature will be removed in v4.0\nUsing Node.js 18.0.6\nCoverage: 80% statements, 76% branches\nCache invalidated: build\nHEAD is now at 8a2a995\npip: Collecting webpack\nStep 14/23: Running migrations\nOptimizing 71 modules...\n\u26a0 DEPRECATION: Feature will be removed in v3.0\nOK\nChecking out master branch\nnpm install: added 326 packages\n[12:51:54] INFO: Processing request\nGenerating source maps...\nCache restored successfully (455MB)\nnpm install: added 243 packages\nnpm notice: package.json updated\nnpm notice: package.json updated\nArtifact downloaded: 23MB\n[12:51:54] INFO: Request completed\nTime: 47.967s\nCompleted.\nCreating production build...\n[12:51:54] INFO: Starting build process\nnpm notice: package.json updated\nTests: 257 passed, 387 total\n[12:51:54] WARN: Deprecated API usage\nCache miss for key-5663\n\u26a0 DEPRECATION: Feature will be removed in v4.0\nCache invalidated: dependencies\nArtifact uploaded: dist.zip (68MB)\nStep 7/21: Installing dependencies\n[12:51:54] DEBUG: Memory usage: 845MB\nNODE_ENV=production\nCache invalidated: node_modules\n=== Step upload_artifacts completed ===\n=== Step: setup_node ===\nTime: 6.935s\n[12:51:54] INFO: Cache refreshed\nAlready up to date.\nnpm notice: package.json updated\n[12:51:54] DEBUG: Loading configuration\nImage pulled successfully\nCompiling src/utils.go...\n[12:51:54] ERROR: Connection failed\nSwitched to branch 'hotfix/task-310'\n[12:51:54] DEBUG: Connection pool: 14 active\nnpm notice: package.json updated\nFinished.\nNODE_ENV=development\n[12:51:54] DEBUG: Connection pool: 14 active\nCache invalidated: build\nStep 20/22: Testing\nFetching submodules...\nRan 120 tests in 29s\n[12:51:54] WARN: Deprecated API usage\nnpm install: added 419 packages\nyarn add: Done in 30.38s\nBuilding Docker image...\nSnapshots: 13 passed, 15 total\nnpm notice: package.json updated\nProcessing...\n[12:51:54] INFO: Processing request\nCompiling src/main.py...\nTest Suites: 16 passed, 46 total\n\u26a0 DEPRECATION: Feature will be removed in v4.0\nSwitched to branch 'hotfix/task-325'\n[12:51:54] INFO: Starting build process\n[12:51:54] INFO: Connecting to database\nTransforming 940 files...\nyarn add: Done in 13.34s\n  PASS: e2e/test_auth_login.spec.js\nWARNING: eslint has known vulnerabilities\n\u26a0 DEPRECATION: Feature will be removed in v4.0\npip install: Successfully installed express-5.13\nTime: 66.886s\nCompleted.\nSuccess!\nVerifying...\nFinished.\nCompiling src/utils.go...\n\u2713 Step 'build' succeeded\n[12:51:54] DEBUG: Query executed in 85ms\nProcessing...\nFetching from https://github.com/package.json\n[12:51:54] DEBUG: Memory usage: 1357MB\nFetching submodules...\nConnection established\nCache miss for key-8309\n\u2713 Task completed in 2130ms\nSnapshots: 7 passed, 18 total\nCache restored successfully (309MB)\n\u2713 lint completed\nReady.\nWARNING: express has known vulnerabilities\nStep 11/16: Building\nTest Suites: 10 passed, 17 total\nArtifact downloaded: 6MB\nnpm notice: package.json updated\nChecking out main branch\nSuccess!\nArtifact downloaded: 37MB\nAlready up to date.\nArtifact downloaded: 48MB\n\u2713 All checks passed\nWARNING: express has known vulnerabilities\nConnection established\nFetching from https://pypi.org/package.json\nStep 12/24: Deploying\nArtifact uploaded: dist.zip (99MB)\nCache restored successfully (482MB)\n[12:51:54] DEBUG: Initializing service\n[12:51:54] WARN: Deprecated API usage\nPlatform: darwin-arm64\nWARNING: express has known vulnerabilities\nVerifying...\nFetching from https://googleapis.com/package.json\nTests: 312 passed, 489 total\nnpm install: added 500 packages\nPushing to registry...\n[12:51:54] DEBUG: Initializing service\n[12:51:54] WARN: Deprecated API usage\n\u2713 All checks passed\nLoading...\nCompiling utils/handler.rs...\n\u2713 Task completed in 3093ms\nCompleted.\nnpm notice: package.json updated\n\u2713 Task completed in 4045ms\nSuccess!\nPulling image: python:latest\nnpm notice: created a lockfile\nFinished.\n[12:51:54] ERROR: Connection failed\nInstalling express@4.11.6\nChecking out master branch\nFAILED: test_api_health\nStep 17/25: Installing dependencies\nRan 102 tests in 42s\nnpm notice: package.json updated\n  PASS: unit/test_db_connect.spec.js\nStep 11/20: Building\nCache invalidated: dependencies\nOK\nCompiling components/index.js...\npip: Installing build dependencies...\n  PASS: integration/test_cache_hit.spec.js\nDone.\n\u2713 All checks passed\nDone.\nWaiting...\n[12:51:54] ERROR: Connection failed\n\u26a0 DEPRECATION: Feature will be removed in v5.0\n\u2713 test completed\nProcessing...\nArtifact downloaded: 21MB\nRan 50 tests in 50s\nCompiling components/main.py...\nCompiling utils/app.ts...\nAlready up to date.\n\u2713 All checks passed\nException: TypeError\nMinifying vendor.js\n  PASS: e2e/test_db_connect.spec.js\nAlready up to date.\nRan 189 tests in 6s\n\u2713 Task completed in 2232ms\nStep 2/16: Linting\nArtifact uploaded: build.tar.gz (47MB)\nFAILED: test_api_health\n\u26a0 DEPRECATION: Feature will be removed in v3.0\n[12:51:54] INFO: Starting build process\n[12:51:54] WARN: Deprecated API usage\nCache saved successfully\n[12:51:54] DEBUG: Loading configuration\nCache restored successfully (281MB)\nCache hit for key-2722\nArtifact uploaded: build.tar.gz (45MB)\nException: ValueError\nOptimizing 78 modules...\nCreating production build...\nCreating production build...\n[12:51:54] ERROR: Connection failed\n[12:51:54] DEBUG: Query executed in 69ms\nStep 1/21: Running migrations\nFetching submodules...\nTest Suites: 9 passed, 48 total\nEnvironment: staging\nFetching from https://github.com/package.json\nnpm notice: package.json updated\nCache hit for key-8265\n[12:51:54] INFO: Connecting to database\nSnapshots: 50 passed, 28 total\n\u2713 Step 'install' succeeded\n[12:51:54] WARN: Deprecated API usage\nPushing to registry...\nArtifact uploaded: dist.zip (26MB)\nLoading...\n\u2713 Task completed in 2652ms\nGET /health - 200 (5ms)\nCompiling src/handler.rs...\nWaiting...\nArtifact uploaded: dist.zip (49MB)\nPOST /upload - 201 (285ms)\n  PASS: test_api_health (314ms)\nUsing Python 3.9\nUploading artifact 'dist' (41 files)\nMinifying main.js\nBundling main.js\nConnection established\nRan 172 tests in 53s\nHEAD is now at 80be673\nTest Suites: 34 passed, 39 total\nTLS handshake completed\nnpm notice: package.json updated\nSuccess!\nnpm install: added 160 packages\nFetching from https://registry.npmjs.org/package.json\nTLS handshake completed\nChecking out develop branch\nFetching from https://amazonaws.com/package.json\nLoading...\nTransforming 191 files...\nEnvironment: test\nTime: 63.376s\n[12:51:54] INFO: Processing request\n\u2713 Step 'test' succeeded\nTime: 103.347s\nnpm notice: package.json updated\npip install: Successfully installed express-1.13\n[12:51:54] WARN: Deprecated API usage\nFetching submodules...\nReady.\nReady.\nArtifact downloaded: 4MB\nyarn add: Done in 14.71s\nStep 14/18: Testing\n\u2713 Task completed in 3681ms\nProcessing...\n[12:51:54] WARN: Deprecated API usage\n\u2713 Task completed in 392ms\nFAILED: test_auth_login\nArtifact downloaded: 17MB\nArtifact uploaded: dist.zip (74MB)\nOptimizing 31 modules...\n[12:51:54] INFO: Starting build process\nyarn add: Done in 18.62s\nnpm notice: created a lockfile\nUsing Node.js 18.8.10\nProcessing...\nGET /status - 204 (11ms)\nPOST /data - 201 (445ms)\nAlready up to date.\nCompiling components/app.ts...\n[12:51:54] WARN: Deprecated API usage\nNODE_ENV=test\nBuilding Docker image...\n[12:51:54] DEBUG: Connection pool: 13 active\nGET /api - 200 (58ms)\n[12:51:54] INFO: Processing request\nAlready up to date.\nUsing Node.js 19.8.0\nLayer 2/12: RUN command\n\u2717 build failed with exit code 125\nnpm install: added 379 packages\nOptimizing 45 modules...\nnpm notice: package.json updated\nSwitched to branch 'bugfix/task-122'\n\u2713 All checks passed\nPOST /api - 200 (208ms)\nLoading...\nCache invalidated: node_modules\nArtifact downloaded: 32MB\nCache saved successfully\nCache saved successfully\n\u2717 build failed with exit code 14\nSnapshots: 50 passed, 38 total\nUploading artifact 'build' (27 files)\nProcessing...\n=== Step setup_node completed ===\n=== Step: type_check ===\nUploading artifact 'dist' (33 files)\n  PASS: test_cache_hit (57ms)\n[12:51:54] INFO: Connecting to database\nPOST /api - 201 (20ms)\nWARNING: express has known vulnerabilities\n[12:51:54] DEBUG: Memory usage: 1270MB\nHEAD is now at 008824e\npip install: Successfully installed jest-1.13\nAlready up to date.\nNODE_ENV=development\n[12:51:54] INFO: Connecting to database\nLayer 4/12: ENV command\npip: Downloading lodash-5.0.tar.gz\n  PASS: e2e/test_auth_login.spec.js\nnpm install: added 299 packages\nUsing Python 3.9\nnpm install: added 357 packages\n\u26a0 DEPRECATION: Feature will be removed in v3.0\nCache hit for key-9446\nMinifying main.js\nWARNING: eslint has known vulnerabilities\nHEAD is now at f2c9692\nTime: 107.192s\nHEAD is now at 082dc2d\nTime: 8.663s\nCache hit for key-2691\nLayer 7/8: COPY command\n[12:51:54] INFO: Cache refreshed\nStep 2/20: Deploying\nWARNING: express has known vulnerabilities\nException: TypeError\nTests: 115 passed, 176 total\n[12:51:54] WARN: Deprecated API usage\nnpm install: resolved 788 packages\npip install: Successfully installed prettier-5.15\nWARNING: jest has known vulnerabilities\nCoverage: 96% statements, 83% branches\n[12:51:54] DEBUG: Connection pool: 15 active\nGET /status - 200 (46ms)\n[12:51:54] INFO: Cache refreshed\nCache invalidated: build\nBundling vendor.js\nProcessing...\n[12:51:54] DEBUG: Connection pool: 1 active\n\u2713 package completed\npip install: Successfully installed express-2.13\n\u2713 All checks passed\nEnvironment: production\n[12:51:54] INFO: Starting build process\nTLS handshake completed\n[12:51:54] WARN: Deprecated API usage\nOptimizing 70 modules...\nConnection established\nStep 15/18: Installing dependencies\nWARNING: prettier has known vulnerabilities\nFetching from https://registry.npmjs.org/package.json\nUsing Python 3.10\nGenerating source maps...\nStep 8/23: Deploying\nUploading artifact 'coverage' (33 files)\nCache restored successfully (187MB)\nPulling image: alpine:18\nPOST /data - 200 (142ms)\n\u2717 build failed with exit code 67\n\u26a0 DEPRECATION: Feature will be removed in v5.0\nConnection established\nCache hit for key-1687\nCompiling lib/service.java...\n  PASS: integration/test_auth_login.spec.js\n\u2713 All checks passed\nTime: 4.205s\nHEAD is now at cb21f6c\nUsing Python 3.11\nCache miss for key-1966\nWARNING: jest has known vulnerabilities\nFAILED: test_auth_login\npip: Collecting react\nCache hit for key-4372\n\u26a0 DEPRECATION: Feature will be removed in v3.0\nnpm install: added 488 packages\nTime: 44.534s\nTest Suites: 5 passed, 29 total\nSnapshots: 22 passed, 24 total\nUploading artifact 'dist' (17 files)\nStep 15/21: Running migrations\nInstalling webpack@2.16.7\n[12:51:54] DEBUG: Query executed in 67ms\nStep 9/16: Linting\npip: Installing build dependencies...\n\u2713 Step 'build' succeeded\n\u26a0 DEPRECATION: Feature will be removed in v5.0\nAlready up to date.\nCreating production build...\nArtifact downloaded: 24MB\nImage pulled successfully\n[12:51:54] DEBUG: Initializing service\nnpm install: added 470 packages\n[12:51:54] DEBUG: Connection pool: 14 active\n[12:51:54] INFO: Request completed\n[12:51:54] INFO: Request completed\nUploading artifact 'build' (28 files)\nCoverage: 79% statements, 73% branches\nRan 183 tests in 30s\n[12:51:54] INFO: Request completed\n[12:51:54] INFO: Starting build process\nFetching from https://googleapis.com/package.json\nWARNING: lodash has known vulnerabilities\nTest Suites: 17 passed, 49 total\nArtifact uploaded: dist.zip (39MB)\nPlatform: linux-x64\nUsing Python 3.11\nFetching submodules...\n[12:51:54] INFO: Cache refreshed\nCache miss for key-1418\n[12:51:54] INFO: Connecting to database\nLoading...\nWARNING: lodash has known vulnerabilities\nCache hit for key-4035\nArtifact uploaded: dist.zip (85MB)\nChecking out master branch\nUploading artifact 'coverage' (37 files)\n\u2717 build failed with exit code 105\n[12:51:54] INFO: Connecting to database\nUsing Node.js 20.3.10\nStep 19/25: Deploying\nCache invalidated: build\nPlatform: darwin-arm64\nCache invalidated: dependencies\nOK\nOptimizing 20 modules...\nFAILED: test_auth_login\nStep 6/15: Running migrations\nArtifact uploaded: dist.zip (24MB)\nVerifying...\n[12:51:54] DEBUG: Connection pool: 12 active\nTests: 175 passed, 440 total\nyarn add: Done in 10.63s\nArtifact uploaded: build.tar.gz (46MB)\nTests: 465 passed, 271 total\nTLS handshake completed\nWaiting...\nSnapshots: 1 passed, 33 total\nCompiling src/handler.rs...\nPushing to registry...\nStep 2/21: Linting\nAlready up to date.\nTest Suites: 39 passed, 23 total\nFetching from https://github.com/package.json\nTest Suites: 38 passed, 25 total\n[12:51:54] WARN: Deprecated API usage\nLoading...\nCache miss for key-9930\n[12:51:54] INFO: Connecting to database\nStep 9/19: Testing\nStep 16/20: Installing dependencies\nSuccess!\nOptimizing 56 modules...\n[12:51:54] ERROR: Connection failed\nTest Suites: 7 passed, 10 total\nPulling image: node:3.11\nCache saved successfully\nUsing Python 3.11\n\u26a0 DEPRECATION: Feature will be removed in v5.0\nTime: 19.381s\nCompiling components/handler.rs...\nFetching from https://github.com/package.json\nUploading artifact 'build' (19 files)\nOK\nTLS handshake completed\nyarn add: Done in 1.89s\nCompiling lib/handler.rs...\n\u26a0 DEPRECATION: Feature will be removed in v3.0\nPushing to registry...\nException: TypeError\nnpm install: resolved 1325 packages\nStep 17/25: Testing\n  PASS: test_user_create (41ms)\n\u2713 Step 'setup' succeeded\nCompiling utils/main.py...\nGET /health - 204 (76ms)\nImage pulled successfully\npip: Collecting axios\nCompiling utils/handler.rs...\nCache restored successfully (73MB)\nConnection established\nCompiling src/handler.rs...\n[12:51:54] WARN: Deprecated API usage\nCreating production build...\nProcessing...\n[12:51:54] INFO: Starting build process\n[12:51:54] WARN: Deprecated API usage\nPushing to registry...\nFAILED: test_user_create\nUsing Node.js 16.16.2\nBundling runtime.js\nCreating production build...\n[12:51:54] ERROR: Connection failed\nVerifying...\nStep 16/23: Building\npip: Installing build dependencies...\n\u2717 build failed with exit code 83\nFAILED: test_db_connect\nStep 9/25: Installing dependencies\nVerifying...\n[12:51:54] DEBUG: Memory usage: 1432MB\nStep 6/19: Linting\n\u2713 All checks passed\n\u2717 build failed with exit code 90\nPushing to registry...\n[12:51:54] INFO: Processing request\nPushing to registry...\nFinished.\n[12:51:54] DEBUG: Memory usage: 910MB\nMinifying main.js\nCoverage: 96% statements, 65% branches\n[12:51:54] DEBUG: Query executed in 13ms\nDone.\nArtifact uploaded: build.tar.gz (8MB)\nTest Suites: 26 passed, 32 total\nVerifying...\nWARNING: jest has known vulnerabilities\nImage pulled successfully\n  PASS: integration/test_cache_hit.spec.js\nUploading artifact 'coverage' (7 files)\n[12:51:54] WARN: Deprecated API usage\nnpm notice: package.json updated\nWARNING: react has known vulnerabilities\nImage pulled successfully\nBuilding Docker image...\nException: RuntimeError\nTLS handshake completed\nTransforming 807 files...\nCreating production build...\nProcessing...\nFinished.\n[12:51:54] INFO: Processing request\nSwitched to branch 'feature/task-576'\nSuccess!\n\u26a0 DEPRECATION: Feature will be removed in v2.0\nStep 1/20: Running migrations\nCache restored successfully (238MB)\nTest Suites: 49 passed, 25 total\n=== Step type_check completed ===\n=== Step: restore_cache ===\nTLS handshake completed\nRan 28 tests in 51s\nArtifact downloaded: 5MB\nyarn add: Done in 17.37s\nTime: 10.458s\n[12:51:54] DEBUG: Loading configuration\nMinifying app.js\nUsing Node.js 16.15.1\nnpm install: added 414 packages\n  PASS: unit/test_db_connect.spec.js\nPlatform: win32-x64\nCache invalidated: node_modules\nCache restored successfully (40MB)\npip: Installing build dependencies...\nLayer 8/13: RUN command\nUsing Python 3.11\nConnection established\npip: Installing build dependencies...\nPOST /data - 200 (60ms)\nUploading artifact 'build' (20 files)\nArtifact uploaded: dist.zip (54MB)\nTransforming 554 files...\nTests: 119 passed, 250 total\nCompiling src/handler.rs...\nEnvironment: test\nFAILED: test_auth_login\n[12:51:54] WARN: Deprecated API usage\nTests: 418 passed, 233 total\npip install: Successfully installed axios-4.10\nFetching submodules...\nNODE_ENV=development\nSwitched to branch 'feature/task-835'\n[12:51:54] WARN: Deprecated API usage\nSnapshots: 27 passed, 17 total\n[12:51:54] WARN: Deprecated API usage\nWaiting...\nCoverage: 72% statements, 83% branches\n[12:51:54] INFO: Processing request\nTests: 82 passed, 103 total\nCompiling lib/app.ts...\nnpm notice: package.json updated\n[12:51:54] INFO: Connecting to database\n[12:51:54] INFO: Processing request\nBuilding Docker image...\nUsing Python 3.12\n[12:51:54] INFO: Request completed\nChecking out main branch\nHEAD is now at bec17b9\n[12:51:54] DEBUG: Memory usage: 701MB\nArtifact uploaded: build.tar.gz (29MB)\npip install: Successfully installed express-3.19\nArtifact uploaded: build.tar.gz (27MB)\nCache miss for key-9862\nUsing Python 3.10\nCompiling src/handler.rs...\nGenerating source maps...\nNODE_ENV=test\n\u2717 build failed with exit code 48\nArtifact downloaded: 21MB\nSuccess!\nTLS handshake completed\npip: Installing build dependencies...\nGET /health - 200 (6ms)\nStep 7/23: Running migrations\nTime: 91.516s\nStep 18/23: Testing\n\u26a0 DEPRECATION: Feature will be removed in v3.0\nBuilding Docker image...\nPOST /upload - 202 (224ms)\nyarn add: Done in 17.56s\n[12:51:54] INFO: Starting build process\nStep 17/25: Installing dependencies\n[12:51:54] INFO: Processing request\n[12:51:54] DEBUG: Memory usage: 1382MB\n[12:51:54] INFO: Starting build process\nPlatform: win32-x64\nUploading artifact 'dist' (30 files)\nCache saved successfully\n[12:51:54] DEBUG: Query executed in 44ms\n[12:51:54] INFO: Starting build process\n\u2713 package completed\nArtifact uploaded: dist.zip (83MB)\nWARNING: lodash has known vulnerabilities\nArtifact uploaded: build.tar.gz (20MB)\nWARNING: axios has known vulnerabilities\nPushing to registry...\nUsing Node.js 19.9.3\n[12:51:54] INFO: Starting build process\n[12:51:54] INFO: Starting build process\n\u2713 All checks passed\nCache invalidated: node_modules\nCompiling lib/app.ts...\n\u26a0 DEPRECATION: Feature will be removed in v5.0\n  PASS: test_auth_login (377ms)\nWARNING: eslint has known vulnerabilities\nPlatform: darwin-arm64\nChecking out develop branch\nTests: 389 passed, 405 total\nFinished.\nStep 19/19: Deploying\nWARNING: eslint has known vulnerabilities\nPOST /upload - 201 (97ms)\nHEAD is now at 77f1614\n[12:51:54] ERROR: Connection failed\nWaiting...\nRan 24 tests in 49s\n[12:51:54] DEBUG: Memory usage: 1744MB\n[12:51:54] DEBUG: Initializing service\nChecking out develop branch\n\u2713 deploy completed\nSwitched to branch 'hotfix/task-185'\nUsing Python 3.9\nCache hit for key-1678\n[12:51:54] INFO: Starting build process\nSwitched to branch 'bugfix/task-867'\nFetching submodules...\nStep 18/20: Building\nVerifying...\nBuilding Docker image...\nStep 11/17: Deploying\nPOST /api - 202 (35ms)\nTime: 99.755s\nReady.\nFetching submodules...\nCompiling components/app.ts...\nCache invalidated: build\nImage pulled successfully\nOptimizing 82 modules...\nUploading artifact 'build' (11 files)\nnpm notice: created a lockfile\nCache restored successfully (339MB)\n\u2713 Step 'setup' succeeded\nWaiting...\n[12:51:54] DEBUG: Query executed in 29ms\n[12:51:54] INFO: Request completed\nImage pulled successfully\nUsing Node.js 16.5.6\npip install: Successfully installed webpack-4.5\nStep 10/24: Testing\nCache restored successfully (247MB)\nFetching from https://githubusercontent.com/package.json\nPlatform: linux-x64\nWARNING: eslint has known vulnerabilities\nCompiling components/main.py...\n\u26a0 DEPRECATION: Feature will be removed in v5.0\nTests: 380 passed, 191 total\nSnapshots: 5 passed, 31 total\nException: NullPointerException\npip: Collecting lodash\nFAILED: test_db_connect\nCompiling lib/app.ts...\nBuilding Docker image...\n\u26a0 DEPRECATION: Feature will be removed in v2.0\n[12:51:54] INFO: Connecting to database\nTest Suites: 5 passed, 47 total\nCompiling src/app.ts...\nCache saved successfully\nnpm install: added 205 packages\nNODE_ENV=development\nDone.\nWaiting...\nSwitched to branch 'feature/task-103'\nFAILED: test_cache_hit\nFinished.\n\u26a0 DEPRECATION: Feature will be removed in v3.0\nRan 54 tests in 48s\nBuilding Docker image...\nLayer 10/10: ENV command\nInstalling eslint@3.8.6\n[12:51:54] WARN: Deprecated API usage\nEnvironment: staging\nOK\nnpm install: resolved 1310 packages\nTime: 24.503s\nCache miss for key-6031\nChecking out develop branch\n[12:51:54] ERROR: Connection failed\nBuilding Docker image...\nGET /health - 204 (64ms)\nTime: 2.613s\nCompiling src/handler.rs...\nChecking out master branch\nnpm install: resolved 1785 packages\nTests: 357 passed, 106 total\nReady.\n\u2713 Step 'setup' succeeded\nnpm notice: package.json updated\nEnvironment: staging\nUploading artifact 'dist' (47 files)\n  PASS: test_api_health (360ms)\nTransforming 153 files...\nCache invalidated: build\nStep 18/20: Deploying\nRan 46 tests in 7s\nProcessing...\nCache restored successfully (134MB)\nUsing Python 3.12\nUsing Node.js 14.2.5\nCompiling lib/utils.go...\nPushing to registry...\nCompiling lib/index.js...\nCreating production build...\nCompiling src/service.java...\nSnapshots: 36 passed, 34 total\nHEAD is now at 85e0b31\nProcessing...\nGET /status - 204 (100ms)\n[12:51:54] INFO: Cache refreshed\nUsing Node.js 18.6.0\nCompleted.\nArtifact uploaded: dist.zip (44MB)\nHEAD is now at f0bf405\nLayer 5/13: ENV command\nReady.\nLoading...\nMinifying app.js\nArtifact uploaded: dist.zip (74MB)\nTransforming 302 files...\nException: RuntimeError\n  PASS: integration/test_auth_login.spec.js\nCache miss for key-2824\nTests: 434 passed, 209 total\nProcessing...\nTLS handshake completed\nPlatform: win32-x64\nMinifying main.js\n[12:51:54] INFO: Starting build process\nFetching submodules...\nWARNING: eslint has known vulnerabilities\nInstalling prettier@2.8.10\nSwitched to branch 'bugfix/task-685'\nFinished.\nSnapshots: 37 passed, 5 total\nWaiting...\nCreating production build...\n\u2713 Step 'test' succeeded\nCache miss for key-7021\nPulling image: alpine:18\nStep 10/16: Running migrations\nRan 131 tests in 42s\n[12:51:54] DEBUG: Query executed in 67ms\nWARNING: react has known vulnerabilities\n=== Step restore_cache completed ===\n=== Step: save_cache ===\nTime: 82.317s\nProcessing...\nPushing to registry...\nStep 2/18: Installing dependencies\nSwitched to branch 'feature/task-245'\npip: Installing build dependencies...\nCache saved successfully\n\u26a0 DEPRECATION: Feature will be removed in v2.0\nFAILED: test_api_health\npip install: Successfully installed axios-2.5\nFinished.\nPushing to registry...\nPlatform: win32-x64\nSnapshots: 12 passed, 21 total\nStep 7/22: Testing\n  PASS: test_api_health (372ms)\nArtifact uploaded: build.tar.gz (3MB)\n\u2713 build completed\nPOST /data - 201 (452ms)\nStep 9/21: Linting\nConnection established\nArtifact downloaded: 1MB\nCompleted.\n[12:51:54] INFO: Connecting to database\n[12:51:54] INFO: Request completed\nLoading...\nNODE_ENV=development\nStep 9/24: Linting\n[12:51:54] WARN: Deprecated API usage\n\u2713 validate completed\nStep 3/17: Building\nArtifact downloaded: 43MB\nInstalling jest@4.15.5\nCache restored successfully (298MB)\nCompiling components/handler.rs...\nFAILED: test_auth_login\nGET /api - 204 (19ms)\n[12:51:54] WARN: Deprecated API usage\n\u2717 build failed with exit code 25\nRan 59 tests in 37s\nNODE_ENV=test\n\u26a0 DEPRECATION: Feature will be removed in v3.0\nnpm install: added 222 packages\npip: Collecting express\n\u26a0 DEPRECATION: Feature will be removed in v4.0\n\u2713 Step 'install' succeeded\nLayer 3/14: RUN command\nStep 18/20: Running migrations\n[12:51:54] INFO: Starting build process\npip install: Successfully installed eslint-4.14\nSwitched to branch 'hotfix/task-683'\nBuilding Docker image...\nLoading...\n\u2713 Task completed in 4555ms\nVerifying...\n[12:51:54] WARN: Deprecated API usage\nDone.\nInstalling lodash@2.18.8\nnpm notice: created a lockfile\nPushing to registry...\nException: RuntimeError\nCompleted.\nUploading artifact 'build' (16 files)\nStep 17/19: Building\n[12:51:54] WARN: Deprecated API usage\nStep 15/24: Building\n\u2713 validate completed\nUsing Python 3.12\nStep 12/21: Linting\n\u2713 Task completed in 3361ms\n\u26a0 DEPRECATION: Feature will be removed in v4.0\nCache restored successfully (330MB)\nFetching from https://npmjs.org/package.json\nException: ValueError\nFetching from https://docker.io/package.json\npip: Downloading jest-2.8.tar.gz\nWARNING: webpack has known vulnerabilities\npip: Collecting eslint\nTime: 31.868s\npip install: Successfully installed axios-4.11\nLoading...\nCompleted.\n[12:51:54] INFO: Processing request\nInstalling eslint@2.4.4\nUsing Python 3.12\n\u2713 deploy completed\npip: Downloading express-1.6.tar.gz\nTime: 94.213s\n[12:51:54] DEBUG: Loading configuration\nStep 19/25: Building\nNODE_ENV=production\n[12:51:54] DEBUG: Memory usage: 557MB\nImage pulled successfully\nUsing Node.js 18.10.7\nDone.\nTLS handshake completed\nStep 18/15: Deploying\nCoverage: 91% statements, 78% branches\n\u2713 All checks passed\nStep 6/17: Linting\nStep 3/18: Deploying\n[12:51:54] INFO: Request completed\nStep 15/21: Building\n[12:51:54] INFO: Processing request\nWaiting...\nMinifying app.js\nTests: 392 passed, 181 total\nStep 2/23: Installing dependencies\n\u2713 Task completed in 3954ms\nLoading...\n[12:51:54] DEBUG: Connection pool: 5 active\nSnapshots: 31 passed, 27 total\nFetching from https://gcr.io/package.json\nFetching from https://googleapis.com/package.json\n\u2713 build completed\nTime: 69.804s\nBuilding Docker image...\nTransforming 982 files...\nPOST /upload - 202 (105ms)\nStep 15/20: Testing\n\u26a0 DEPRECATION: Feature will be removed in v2.0\n  PASS: test_db_connect (145ms)\n\u26a0 DEPRECATION: Feature will be removed in v3.0\nProcessing...\npip: Collecting eslint\nTime: 77.963s\nCoverage: 82% statements, 98% branches\nReady.\nProcessing...\nnpm install: added 145 packages\nLayer 9/13: RUN command\nTest Suites: 30 passed, 15 total\n[12:51:54] DEBUG: Initializing service\nnpm install: added 11 packages\n[12:51:54] DEBUG: Memory usage: 819MB\nBuilding Docker image...\nNODE_ENV=development\nUsing Node.js 19.11.7\nSnapshots: 24 passed, 42 total\n  PASS: test_api_health (423ms)\npip install: Successfully installed express-5.4\n\u2713 build completed\nFetching from https://docker.io/package.json\nWaiting...\nStep 8/21: Running migrations\nTransforming 242 files...\nSnapshots: 44 passed, 30 total\nCoverage: 81% statements, 80% branches\nOptimizing 31 modules...\n[12:51:54] WARN: Deprecated API usage\n[12:51:54] ERROR: Connection failed\n\u2713 Task completed in 3987ms\n[12:51:54] INFO: Connecting to database\n  PASS: test_cache_hit (418ms)\n[12:51:54] DEBUG: Connection pool: 7 active\nOK\nBundling runtime.js\nStep 3/21: Running migrations\n\u2713 All checks passed\nArtifact uploaded: build.tar.gz (36MB)\nStep 8/25: Building\nImage pulled successfully\nSnapshots: 32 passed, 49 total\n[12:51:54] INFO: Cache refreshed\nHEAD is now at e7efa5f\nProcessing...\nCache saved successfully\n[12:51:54] DEBUG: Initializing service\nWaiting...\n[12:51:54] INFO: Processing request\nChecking out develop branch\n[12:51:54] WARN: Deprecated API usage\nCache hit for key-8545\nCompiling src/utils.go...\nCache restored successfully (47MB)\nArtifact downloaded: 13MB\nBuilding Docker image...\nStep 5/24: Running migrations\nTLS handshake completed\n[12:51:54] INFO: Connecting to database\nWaiting...\n\u26a0 DEPRECATION: Feature will be removed in v3.0\n[12:51:54] INFO: Starting build process\nCreating production build...\nCompiling lib/app.ts...\n[12:51:54] INFO: Request completed\nTest Suites: 36 passed, 33 total\npip install: Successfully installed lodash-4.14\nCompiling utils/handler.rs...\nException: ValueError\nDone.\n\u2713 All checks passed\nAlready up to date.\n[12:51:54] INFO: Starting build process\nFetching from https://googleapis.com/package.json\npip: Collecting prettier\n[12:51:54] DEBUG: Initializing service\n[12:51:54] DEBUG: Query executed in 7ms\nNODE_ENV=development\nBuilding Docker image...\nGET /health - 201 (71ms)\nStep 14/20: Building\nCache saved successfully\nPlatform: darwin-arm64\nnpm notice: created a lockfile\nSwitched to branch 'feature/task-968'\n[12:51:54] INFO: Cache refreshed\nNODE_ENV=development\nFinished.\nTLS handshake completed\n[12:51:54] INFO: Connecting to database\nCoverage: 85% statements, 69% branches\npip: Collecting lodash\npip: Installing build dependencies...\nCache invalidated: build\nInstalling axios@5.16.7\nFetching from https://amazonaws.com/package.json\nStep 18/25: Deploying\n  PASS: integration/test_cache_hit.spec.js\n[12:51:54] DEBUG: Initializing service\nnpm install: added 453 packages\nBundling runtime.css\n[12:51:54] INFO: Processing request\nBuilding Docker image...\nHEAD is now at 44eec7b\nArtifact downloaded: 50MB\n[12:51:54] DEBUG: Memory usage: 780MB\nStep 13/20: Deploying\n  PASS: e2e/test_user_create.spec.js\npip: Installing build dependencies...\nReady.\nCompleted.\nFetching from https://githubusercontent.com/package.json\n[12:51:54] INFO: Starting build process\npip: Downloading lodash-4.18.tar.gz\nDone.\n[12:51:54] DEBUG: Initializing service\nCache miss for key-8325\nGET /api - 204 (93ms)\nCreating production build...\n\u2713 All checks passed\n  PASS: integration/test_api_health.spec.js\n=== Step save_cache completed ===\n=== Step: lint ===\nWaiting...\nDone.\n\u2713 Task completed in 3987ms\nOK\nCoverage: 94% statements, 77% branches\nnpm notice: package.json updated\nLoading...\nConnection established\nLoading...\nTests: 286 passed, 457 total\n\u2713 Step 'install' succeeded\n[12:51:54] DEBUG: Connection pool: 18 active\n[12:51:54] ERROR: Connection failed\n\u2713 Task completed in 131ms\nUsing Node.js 16.9.1\nFetching submodules...\n[12:51:54] WARN: Deprecated API usage\npip: Collecting prettier\n[12:51:54] DEBUG: Initializing service\nNODE_ENV=development\n[12:51:54] DEBUG: Loading configuration\nLoading...\nNODE_ENV=test\nInstalling express@3.2.4\nCompiling lib/service.java...\npip: Installing build dependencies...\n[12:51:54] INFO: Processing request\nStep 4/15: Running migrations\nWARNING: lodash has known vulnerabilities\nCoverage: 86% statements, 70% branches\nFinished.\nWARNING: react has known vulnerabilities\n  PASS: test_auth_login (333ms)\n\u26a0 DEPRECATION: Feature will be removed in v2.0\nnpm install: resolved 1231 packages\nStep 19/25: Deploying\n[12:51:54] WARN: Deprecated API usage\nTLS handshake completed\nSnapshots: 48 passed, 24 total\nTest Suites: 37 passed, 18 total\nTLS handshake completed\nImage pulled successfully\nStep 2/23: Linting\n\u2717 build failed with exit code 78\nArtifact uploaded: build.tar.gz (19MB)\nLayer 3/10: RUN command\nCreating production build...\nStep 6/16: Building\nConnection established\npip: Installing build dependencies...\nArtifact uploaded: build.tar.gz (35MB)\npip: Downloading webpack-3.8.tar.gz\n[12:51:54] INFO: Processing request\nChecking out develop branch\nCache saved successfully\n  PASS: test_cache_hit (112ms)\nGenerating source maps...\nFetching submodules...\n\u2713 deploy completed\n[12:51:54] WARN: Deprecated API usage\nCoverage: 77% statements, 85% branches\n  PASS: unit/test_auth_login.spec.js\nPushing to registry...\npip: Downloading express-4.0.tar.gz\nWARNING: webpack has known vulnerabilities\nnpm install: added 397 packages\n  PASS: unit/test_db_connect.spec.js\nDone.\nCreating production build...\nSuccess!\nEnvironment: development\nUsing Node.js 17.6.8\nLayer 10/9: ENV command\n[12:51:54] INFO: Starting build process\nGET /health - 204 (98ms)\n\u26a0 DEPRECATION: Feature will be removed in v3.0\nDone.\nFetching from https://registry.npmjs.org/package.json\nImage pulled successfully\nArtifact downloaded: 39MB\nCache hit for key-5476\nInstalling eslint@4.15.8\n[12:51:54] INFO: Request completed\n\u2713 Step 'setup' succeeded\nCache hit for key-4919\nStep 4/15: Deploying\n[12:51:54] INFO: Cache refreshed\nException: NullPointerException\nImage pulled successfully\n  PASS: test_db_connect (115ms)\n[12:51:54] INFO: Processing request\nBundling runtime.css\nPulling image: node:3.11\n  PASS: unit/test_api_health.spec.js\nUploading artifact 'dist' (34 files)\nCache saved successfully\nCache hit for key-6844\nnpm notice: created a lockfile\nGenerating source maps...\nnpm install: added 16 packages\nPulling image: node:latest\nRan 39 tests in 39s\npip: Installing build dependencies...\nCache invalidated: build\npip: Downloading lodash-5.7.tar.gz\nUsing Python 3.10\nGenerating source maps...\nCompleted.\nTest Suites: 20 passed, 35 total\n\u2713 test completed\nCache invalidated: node_modules\nChecking out develop branch\nHEAD is now at 1f40dcc\nCache hit for key-1001\n[12:51:54] DEBUG: Loading configuration\nFetching from https://githubusercontent.com/package.json\n  PASS: e2e/test_api_health.spec.js\nCoverage: 93% statements, 86% branches\nUsing Node.js 15.11.5\nFAILED: test_auth_login\n  PASS: test_db_connect (478ms)\nSwitched to branch 'feature/task-798'\nVerifying...\nNODE_ENV=test\n[12:51:54] INFO: Starting build process\nCompleted.\nArtifact uploaded: dist.zip (21MB)\nRan 18 tests in 31s\nVerifying...\n[12:51:54] INFO: Cache refreshed\n\u26a0 DEPRECATION: Feature will be removed in v4.0\n[12:51:54] DEBUG: Initializing service\nRan 41 tests in 47s\nWARNING: webpack has known vulnerabilities\nTransforming 498 files...\nArtifact downloaded: 14MB\nRan 130 tests in 9s\nArtifact uploaded: build.tar.gz (21MB)\nConnection established\nMinifying app.js\nTest Suites: 42 passed, 5 total\nFinished.\n[12:51:54] WARN: Deprecated API usage\nCache hit for key-2416\nGET /api - 204 (40ms)\n\u26a0 DEPRECATION: Feature will be removed in v4.0\nCache restored successfully (433MB)\nStep 2/21: Testing\nStep 14/22: Building\n[12:51:54] DEBUG: Connection pool: 13 active\nArtifact uploaded: build.tar.gz (34MB)\nWARNING: jest has known vulnerabilities\nTest Suites: 47 passed, 16 total\nTransforming 145 files...\npip: Downloading webpack-4.15.tar.gz\n  PASS: unit/test_cache_hit.spec.js\nStep 7/21: Linting\nArtifact downloaded: 49MB\n[12:51:54] ERROR: Connection failed\nSnapshots: 39 passed, 0 total\nCreating production build...\npip: Collecting axios\nCache miss for key-2092\nArtifact uploaded: build.tar.gz (5MB)\n  PASS: test_user_create (65ms)\nArtifact downloaded: 24MB\nnpm notice: package.json updated\nTests: 324 passed, 457 total\nProcessing...\n\u2713 Step 'setup' succeeded\nSuccess!\nBundling styles.css\nSuccess!\nFetching submodules...\nCache invalidated: build\nCache invalidated: node_modules\nCompiling components/app.ts...\n[12:51:54] INFO: Connecting to database\n[12:51:54] WARN: Deprecated API usage\n[12:51:54] DEBUG: Connection pool: 15 active\nnpm install: added 288 packages\nArtifact uploaded: dist.zip (33MB)\n\u2713 Step 'test' succeeded\n\u2713 lint completed\n\u2713 Task completed in 2587ms\nPOST /upload - 202 (405ms)\nReady.\n[12:51:54] INFO: Starting build process\nCache restored successfully (371MB)\n[12:51:54] INFO: Connecting to database\n[12:51:54] INFO: Connecting to database\nSwitched to branch 'feature/task-416'\nWARNING: react has known vulnerabilities\n  PASS: test_user_create (81ms)\nWaiting...\nHEAD is now at 57d3bfe\n[12:51:54] DEBUG: Query executed in 29ms\n[12:51:54] DEBUG: Initializing service\nnpm notice: created a lockfile\nConnection established\nBuilding Docker image...\n\u2713 Step 'install' succeeded\nGET /health - 201 (11ms)\nUsing Python 3.12\nReady.\npip: Collecting axios\nSuccess!\nTLS handshake completed\nSnapshots: 17 passed, 49 total\n[12:51:54] ERROR: Connection failed\n[12:51:54] ERROR: Connection failed\nPlatform: win32-x64\nProcessing...\nAlready up to date.\npip: Collecting webpack\nOK\nCache saved successfully\n[12:51:54] INFO: Cache refreshed\nStep 19/24: Installing dependencies\nChecking out develop branch\nCompiling lib/handler.rs...\npip: Installing build dependencies...\nGenerating source maps...\nVerifying...\nCache miss for key-1369\nPulling image: alpine:18\nDone.\npip install: Successfully installed axios-3.13\nUploading artifact 'dist' (9 files)\nImage pulled successfully\nWARNING: jest has known vulnerabilities\n\u2713 All checks passed\n[12:51:54] WARN: Deprecated API usage\nBuilding Docker image...\nUsing Python 3.12\n\u26a0 DEPRECATION: Feature will be removed in v4.0\nCache restored successfully (362MB)\nnpm install: added 304 packages\nOptimizing 60 modules...\nNODE_ENV=production\nSuccess!\nCache miss for key-4622\n=== Step lint completed ===\n=== Step: install_dependencies ===\nFinished.\n[12:51:54] INFO: Processing request\n[12:51:54] WARN: Deprecated API usage\nWARNING: lodash has known vulnerabilities\nStep 19/15: Installing dependencies\nCache saved successfully\nyarn add: Done in 11.59s\nStep 16/25: Deploying\nUsing Node.js 18.4.0\nCoverage: 82% statements, 80% branches\nPulling image: alpine:latest\nArtifact downloaded: 16MB\nReady.\nCompiling src/handler.rs...\nVerifying...\nFetching submodules...\n[12:51:54] INFO: Request completed\nLoading...\n\u2713 Step 'setup' succeeded\nAlready up to date.\nPlatform: darwin-arm64\n\u2713 Step 'install' succeeded\nPlatform: win32-x64\nLoading...\nArtifact uploaded: build.tar.gz (8MB)\nnpm install: added 23 packages\n\u2717 build failed with exit code 40\n[12:51:54] INFO: Cache refreshed\nSnapshots: 4 passed, 29 total\nSwitched to branch 'feature/task-595'\nnpm install: resolved 1481 packages\nPlatform: darwin-arm64\n[12:51:54] INFO: Processing request\nFetching submodules...\nnpm notice: package.json updated\nSuccess!\n[12:51:54] WARN: Deprecated API usage\nBundling runtime.js\nTest Suites: 10 passed, 13 total\nTransforming 104 files...\npip: Installing build dependencies...\nCache restored successfully (288MB)\n\u26a0 DEPRECATION: Feature will be removed in v3.0\n[12:51:54] INFO: Starting build process\nTransforming 740 files...\nSuccess!\nStep 5/23: Running migrations\nEnvironment: staging\nCreating production build...\nArtifact downloaded: 45MB\n[12:51:54] DEBUG: Memory usage: 498MB\nStep 11/16: Installing dependencies\nLayer 10/9: ENV command\npip: Downloading webpack-1.15.tar.gz\nUsing Node.js 14.8.10\nWARNING: webpack has known vulnerabilities\nStep 15/18: Running migrations\nyarn add: Done in 2.48s\n[12:51:54] WARN: Deprecated API usage\n\u2713 Task completed in 3758ms\nCache hit for key-1676\nCache restored successfully (116MB)\nCompleted.\nLoading...\nCreating production build...\nCache invalidated: node_modules\n\u26a0 DEPRECATION: Feature will be removed in v4.0\nCache hit for key-4297\nCreating production build...\nSuccess!\n\u2713 All checks passed\n  PASS: e2e/test_cache_hit.spec.js\nTests: 297 passed, 241 total\nChecking out master branch\nCache saved successfully\n[12:51:54] INFO: Starting build process\npip: Downloading lodash-1.13.tar.gz\nDone.\nStep 18/22: Linting\nEnvironment: test\n[12:51:54] INFO: Cache refreshed\n[12:51:54] INFO: Connecting to database\n[12:51:54] DEBUG: Connection pool: 14 active\npip: Installing build dependencies...\nTransforming 780 files...\n\u26a0 DEPRECATION: Feature will be removed in v3.0\nnpm install: added 137 packages\nWARNING: axios has known vulnerabilities\nSuccess!\nSuccess!\nnpm notice: package.json updated\nFAILED: test_auth_login\nPOST /data - 202 (391ms)\nWARNING: axios has known vulnerabilities\nStep 5/20: Deploying\n  PASS: unit/test_api_health.spec.js\nCache invalidated: dependencies\nTransforming 994 files...\nSnapshots: 10 passed, 17 total\nUploading artifact 'coverage' (13 files)\npip install: Successfully installed jest-2.11\n\u26a0 DEPRECATION: Feature will be removed in v5.0\nCompiling src/index.js...\nStep 18/23: Building\nPushing to registry...\nSnapshots: 27 passed, 32 total\nStep 5/25: Linting\nOptimizing 53 modules...\nUsing Node.js 15.20.9\n[12:51:54] WARN: Deprecated API usage\nProcessing...\nGET /health - 204 (75ms)\nCompleted.\nProcessing...\nTransforming 846 files...\nCache invalidated: node_modules\nPlatform: linux-x64\nCreating production build...\nCoverage: 73% statements, 92% branches\n\u26a0 DEPRECATION: Feature will be removed in v5.0\nTests: 236 passed, 154 total\nStep 1/15: Building\n[12:51:54] INFO: Starting build process\nCompiling utils/handler.rs...\nUploading artifact 'build' (6 files)\n[12:51:54] DEBUG: Loading configuration\nMinifying vendor.js\nnpm notice: package.json updated\nTLS handshake completed\nStep 18/24: Building\nTransforming 232 files...\nLoading...\nGET /api - 204 (42ms)\nChecking out master branch\nStep 10/18: Linting\nWARNING: prettier has known vulnerabilities\nFetching from https://githubusercontent.com/package.json\nHEAD is now at 2d67aa2\n[12:51:54] INFO: Cache refreshed\nStep 2/24: Running migrations\n[12:51:54] WARN: Deprecated API usage\nTests: 275 passed, 496 total\nTransforming 926 files...\nStep 15/20: Deploying\nStep 14/16: Building\n  PASS: test_auth_login (354ms)\nStep 3/22: Building\nBundling styles.js\nChecking out master branch\nStep 1/15: Building\nInstalling react@1.8.8\nSnapshots: 29 passed, 14 total\nFetching submodules...\nPulling image: alpine:3.11\nInstalling prettier@5.0.0\n\u2713 All checks passed\nWARNING: axios has known vulnerabilities\nBundling main.css\nyarn add: Done in 9.69s\n[12:51:54] INFO: Starting build process\n\u2713 Task completed in 834ms\nnpm notice: package.json updated\nPlatform: darwin-arm64\npip install: Successfully installed jest-5.15\n[12:51:54] INFO: Processing request\nWARNING: prettier has known vulnerabilities\nNODE_ENV=production\n[12:51:54] DEBUG: Initializing service\n[12:51:54] INFO: Connecting to database\npip: Collecting jest\nWaiting...\nStep 17/21: Running migrations\n[12:51:54] INFO: Request completed\nCompiling utils/handler.rs...\nSnapshots: 42 passed, 0 total\nChecking out main branch\nGenerating source maps...\n[12:51:54] DEBUG: Initializing service\n\u2713 Task completed in 654ms\nUsing Node.js 17.12.3\n[12:51:54] WARN: Deprecated API usage\nDone.\n[12:51:54] WARN: Deprecated API usage\nTime: 5.356s\nStep 8/21: Testing\nHEAD is now at bf06c82\n[12:51:54] DEBUG: Loading configuration\nCache invalidated: dependencies\nArtifact uploaded: dist.zip (83MB)\n[12:51:54] INFO: Starting build process\nStep 4/25: Testing\nnpm install: added 451 packages\npip: Collecting lodash\nPOST /upload - 201 (150ms)\nEnvironment: test\nStep 20/20: Building\nCoverage: 78% statements, 77% branches\nPushing to registry...\nFetching submodules...\nTLS handshake completed\nFetching submodules...\nEnvironment: staging\nNODE_ENV=test\nBuilding Docker image...\n[12:51:54] DEBUG: Connection pool: 7 active\nBundling runtime.css\nWARNING: jest has known vulnerabilities\nCompleted.\nInstalling prettier@1.4.4\nFetching submodules...\n[12:51:54] INFO: Starting build process\nCompiling utils/app.ts...\nCompleted.\nStep 6/16: Deploying\nStep 10/15: Installing dependencies\n[12:51:54] ERROR: Connection failed\nCompiling lib/app.ts...\n[12:51:54] DEBUG: Query executed in 9ms\nCompiling lib/handler.rs...\nOptimizing 70 modules...\nBuilding Docker image...\nLayer 8/9: ENV command\npip: Installing build dependencies...\nStep 8/17: Building\nFinished.\npip: Downloading react-5.9.tar.gz\nArtifact uploaded: dist.zip (74MB)\nnpm notice: package.json updated\nCoverage: 91% statements, 61% branches\nTime: 58.101s\nFetching from https://amazonaws.com/package.json\nCreating production build...\nCompiling lib/app.ts...\nStep 6/21: Deploying\nSwitched to branch 'feature/task-151'\nUsing Node.js 16.17.4\n[12:51:54] INFO: Connecting to database\n[12:51:54] DEBUG: Connection pool: 10 active\nPushing to registry...\nFetching submodules...\nCache miss for key-1980\nProcessing...\n=== Step install_dependencies completed ===\n=== Step: setup_environment ===\nCreating production build...\nTLS handshake completed\nnpm notice: created a lockfile\nLayer 6/15: ENV command\nFinished.\nSuccess!\nArtifact uploaded: dist.zip (59MB)\nArtifact uploaded: build.tar.gz (15MB)\nVerifying...\nImage pulled successfully\n[12:51:54] INFO: Connecting to database\nCache miss for key-6665\n\u2717 build failed with exit code 1\npip install: Successfully installed lodash-1.18\nCompiling utils/service.java...\n\u26a0 DEPRECATION: Feature will be removed in v4.0\nCreating production build...\npip install: Successfully installed lodash-5.14\n[12:51:54] INFO: Connecting to database\nLayer 9/11: COPY command\nTests: 358 passed, 490 total\nMinifying vendor.js\n\u2713 Step 'build' succeeded\nnpm install: resolved 411 packages\nUsing Python 3.11\n[12:51:54] INFO: Cache refreshed\npip: Collecting react\nCreating production build...\nCache hit for key-5777\nCompiling src/service.java...\npip: Collecting jest\n[12:51:54] INFO: Connecting to database\nCache invalidated: node_modules\nSwitched to branch 'feature/task-942'\nCreating production build...\nCache miss for key-7815\nPOST /data - 200 (129ms)\nTransforming 993 files...\nEnvironment: production\npip: Installing build dependencies...\n[12:51:54] INFO: Connecting to database\nCompiling components/handler.rs...\nChecking out develop branch\n[12:51:54] DEBUG: Connection pool: 12 active\nCoverage: 88% statements, 99% branches\nWARNING: axios has known vulnerabilities\nCache restored successfully (484MB)\nTime: 111.482s\nPushing to registry...\n[12:51:54] WARN: Deprecated API usage\n\u2713 All checks passed\n[12:51:54] INFO: Request completed\nChecking out main branch\n\u26a0 DEPRECATION: Feature will be removed in v2.0\nPulling image: alpine:latest\nTests: 78 passed, 67 total\nArtifact downloaded: 49MB\nTransforming 120 files...\n\u26a0 DEPRECATION: Feature will be removed in v4.0\n[12:51:54] DEBUG: Memory usage: 1669MB\n\u2713 Step 'setup' succeeded\nCache hit for key-1429\n  PASS: integration/test_api_health.spec.js\nLoading...\nWARNING: prettier has known vulnerabilities\n[12:51:54] ERROR: Connection failed\nSnapshots: 36 passed, 39 total\n[12:51:54] INFO: Cache refreshed\nGenerating source maps...\nCompiling lib/app.ts...\n  PASS: test_api_health (157ms)\nyarn add: Done in 29.21s\nVerifying...\nCoverage: 81% statements, 74% branches\nUploading artifact 'build' (20 files)\nPOST /upload - 202 (252ms)\nCompiling src/handler.rs...\nSuccess!\nLayer 9/11: COPY command\nHEAD is now at d0406e8\nOptimizing 42 modules...\nStep 17/17: Installing dependencies\nImage pulled successfully\n[12:51:54] DEBUG: Connection pool: 2 active\n\u2713 Task completed in 706ms\nImage pulled successfully\npip: Downloading prettier-2.0.tar.gz\nTransforming 593 files...\nTest Suites: 27 passed, 26 total\nException: NullPointerException\nOK\n[12:51:54] INFO: Cache refreshed\nCache saved successfully\n\u2713 Step 'test' succeeded\nCache hit for key-8698\nTests: 285 passed, 471 total\nDone.\nnpm install: resolved 1932 packages\nImage pulled successfully\nTransforming 662 files...\nnpm install: resolved 1610 packages\nOK\nSnapshots: 26 passed, 33 total\nPulling image: alpine:latest\n[12:51:54] DEBUG: Initializing service\nLoading...\nUsing Node.js 17.8.10\nSuccess!\nInstalling lodash@5.15.9\nTransforming 552 files...\nOptimizing 94 modules...\n  PASS: test_api_health (356ms)\nMinifying app.js\nCoverage: 94% statements, 74% branches\nHEAD is now at 6e12ec6\n[12:51:54] DEBUG: Query executed in 95ms\nCompleted.\nTest Suites: 47 passed, 35 total\n[12:51:54] INFO: Cache refreshed\nTests: 130 passed, 397 total\nInstalling eslint@4.6.10\npip: Installing build dependencies...\n[12:51:54] WARN: Deprecated API usage\nAlready up to date.\nTest Suites: 38 passed, 9 total\nWARNING: lodash has known vulnerabilities\nCompiling components/service.java...\nHEAD is now at 33246ff\n[12:51:54] DEBUG: Memory usage: 1286MB\nnpm install: resolved 1702 packages\nCache hit for key-7922\nCompiling utils/handler.rs...\nFetching submodules...\nTests: 260 passed, 255 total\nStep 19/16: Testing\nException: ValueError\nTests: 408 passed, 408 total\n[12:51:54] DEBUG: Query executed in 63ms\nProcessing...\nStep 20/24: Installing dependencies\nnpm install: resolved 400 packages\nGET /health - 204 (23ms)\nBuilding Docker image...\nUploading artifact 'dist' (5 files)\nInstalling prettier@5.14.5\nnpm install: added 13 packages\nLayer 3/10: RUN command\nConnection established\nUsing Node.js 18.15.1\nCache hit for key-3994\nGET /api - 201 (97ms)\nUsing Python 3.11\npip install: Successfully installed react-1.18\n[12:51:54] WARN: Deprecated API usage\nnpm install: added 51 packages\nnpm install: resolved 867 packages\nMinifying main.js\nPOST /upload - 201 (202ms)\nCache invalidated: node_modules\n[12:51:54] ERROR: Connection failed\nUsing Node.js 16.20.9\n[12:51:54] INFO: Cache refreshed\nImage pulled successfully\nStep 18/16: Deploying\n[12:51:54] ERROR: Connection failed\n  PASS: test_api_health (324ms)\nSuccess!\n\u2713 Task completed in 2356ms\nInstalling react@3.2.0\nnpm notice: package.json updated\nFinished.\n\u2717 build failed with exit code 72\nNODE_ENV=production\npip install: Successfully installed webpack-1.18\nWARNING: lodash has known vulnerabilities\n[12:51:54] DEBUG: Query executed in 95ms\nWARNING: webpack has known vulnerabilities\n[12:51:54] DEBUG: Initializing service\nLayer 9/8: COPY command\nPOST /data - 200 (357ms)\nWaiting...\n[12:51:54] INFO: Starting build process\nTest Suites: 6 passed, 12 total\nSwitched to branch 'bugfix/task-160'\nFAILED: test_db_connect\nGenerating source maps...\nCreating production build...\n\u2713 deploy completed\nnpm notice: created a lockfile\nLoading...\nUploading artifact 'dist' (24 files)\nTLS handshake completed\nPlatform: win32-x64\nException: TypeError\nStep 17/15: Linting\nCompiling components/handler.rs...\nStep 19/22: Building\nImage pulled successfully\nnpm notice: created a lockfile\nnpm notice: package.json updated\nImage pulled successfully\nImage pulled successfully\n\u2717 build failed with exit code 83\n[12:51:54] INFO: Request completed\nEnvironment: test\nCache invalidated: dependencies\nException: ValueError\npip: Installing build dependencies...\nImage pulled successfully\nTLS handshake completed\nOK\nWaiting...\nImage pulled successfully\n\u2713 Step 'test' succeeded\n  PASS: integration/test_auth_login.spec.js\nTest Suites: 22 passed, 10 total\n[12:51:54] INFO: Processing request\nUsing Python 3.11\n  PASS: unit/test_user_create.spec.js\nSwitched to branch 'feature/task-205'\nTests: 271 passed, 185 total\nNODE_ENV=production\nFinished.\n\u2713 Task completed in 997ms\nStep 6/15: Running migrations\nImage pulled successfully\npip: Installing build dependencies...\nAlready up to date.\nConnection established\n[12:51:54] ERROR: Connection failed\nnpm install: resolved 754 packages\nBundling styles.js\n  PASS: test_user_create (123ms)\nStep 14/24: Deploying\nFAILED: test_cache_hit\n\u26a0 DEPRECATION: Feature will be removed in v4.0\nTests: 419 passed, 272 total\nyarn add: Done in 28.64s\nCompleted.\nStep 2/19: Testing\nWaiting...\n\u2713 All checks passed\n=== Step setup_environment completed ===\n=== Step: checkout ===\npip: Collecting jest\nSnapshots: 3 passed, 16 total\nChecking out main branch\nUploading artifact 'build' (21 files)\nCache miss for key-3802\nChecking out develop branch\nTest Suites: 48 passed, 36 total\n\u2713 deploy completed\n[12:51:54] DEBUG: Query executed in 3ms\nLoading...\n\u2713 All checks passed\nNODE_ENV=development\nOK\n[12:51:54] WARN: Deprecated API usage\nSnapshots: 10 passed, 45 total\nTLS handshake completed\n\u2713 All checks passed\nTransforming 384 files...\nAlready up to date.\nyarn add: Done in 3.84s\n[12:51:54] WARN: Deprecated API usage\nCache restored successfully (283MB)\n[12:51:54] WARN: Deprecated API usage\n[12:51:54] INFO: Processing request\nUploading artifact 'coverage' (28 files)\nStep 19/20: Building\nStep 2/16: Testing\n[12:51:54] WARN: Deprecated API usage\n[12:51:54] INFO: Cache refreshed\nProcessing...\nCompiling components/app.ts...\nArtifact uploaded: build.tar.gz (13MB)\npip: Installing build dependencies...\n[12:51:54] DEBUG: Initializing service\n[12:51:54] DEBUG: Query executed in 34ms\nOptimizing 51 modules...\nTLS handshake completed\nWARNING: express has known vulnerabilities\n[12:51:54] DEBUG: Initializing service\n\u2713 test completed\nCompleted.\nWARNING: axios has known vulnerabilities\nRan 25 tests in 44s\nPlatform: darwin-arm64\n[12:51:54] INFO: Processing request\nCache hit for key-6390\nPulling image: python:latest\npip install: Successfully installed react-1.17\nStep 9/15: Building\nnpm install: added 390 packages\nnpm notice: package.json updated\n\u2713 test completed\nBuilding Docker image...\nFAILED: test_cache_hit\nArtifact uploaded: dist.zip (88MB)\n[12:51:54] DEBUG: Query executed in 22ms\nSnapshots: 28 passed, 36 total\n[12:51:54] WARN: Deprecated API usage\nCompiling utils/index.js...\nConnection established\nCompleted.\nFetching from https://github.com/package.json\nArtifact uploaded: build.tar.gz (41MB)\nnpm install: resolved 618 packages\nCache miss for key-8657\nStep 10/22: Testing\npip: Downloading express-4.4.tar.gz\nMinifying vendor.js\nProcessing...\nVerifying...\nInstalling jest@1.3.10\nnpm notice: created a lockfile\n\u2713 All checks passed\nFinished.\nDone.\nException: RuntimeError\nnpm notice: created a lockfile\nVerifying...\nUploading artifact 'dist' (40 files)\n  PASS: integration/test_cache_hit.spec.js\nPlatform: linux-x64\nSwitched to branch 'bugfix/task-612'\nLayer 10/12: COPY command\nLayer 8/14: RUN command\n\u2713 All checks passed\nEnvironment: staging\n\u26a0 DEPRECATION: Feature will be removed in v3.0\nRan 178 tests in 40s\nPOST /data - 201 (267ms)\nOK\nCompiling src/utils.go...\n\u2713 All checks passed\nGET /status - 204 (75ms)\nArtifact uploaded: build.tar.gz (13MB)\nGenerating source maps...\nStep 11/25: Deploying\nSuccess!\nCache saved successfully\nFetching from https://registry.npmjs.org/package.json\nEnvironment: staging\nCoverage: 87% statements, 87% branches\n[12:51:54] INFO: Connecting to database\n[12:51:54] DEBUG: Query executed in 35ms\n\u26a0 DEPRECATION: Feature will be removed in v4.0\nCompiling utils/service.java...\nStep 3/22: Deploying\nTests: 91 passed, 395 total\nNODE_ENV=test\nSuccess!\nEnvironment: development\nCache hit for key-4139\nyarn add: Done in 5.98s\n[12:51:54] WARN: Deprecated API usage\nStep 10/15: Testing\nVerifying...\nUsing Node.js 18.7.6\nTime: 102.94s\nArtifact downloaded: 15MB\nCompiling src/index.js...\nChecking out main branch\nLoading...\nHEAD is now at 1b3128c\n[12:51:54] INFO: Cache refreshed\n\u2713 All checks passed\n[12:51:54] DEBUG: Loading configuration\n[12:51:54] DEBUG: Initializing service\nReady.\nOptimizing 97 modules...\nCache restored successfully (31MB)\nTest Suites: 38 passed, 44 total\nPlatform: linux-x64\nInstalling prettier@1.0.10\nGenerating source maps...\nAlready up to date.\nStep 2/21: Installing dependencies\nUploading artifact 'build' (26 files)\nEnvironment: production\nCompleted.\nStep 15/18: Running migrations\npip: Collecting eslint\nUploading artifact 'build' (24 files)\nStep 7/15: Running migrations\nCompiling lib/app.ts...\nCache restored successfully (112MB)\nFetching from https://googleapis.com/package.json\n  PASS: test_api_health (17ms)\n[12:51:54] WARN: Deprecated API usage\nImage pulled successfully\nArtifact uploaded: dist.zip (34MB)\n[12:51:54] DEBUG: Memory usage: 760MB\nInstalling jest@2.19.1\n[12:51:54] INFO: Cache refreshed\nCache restored successfully (368MB)\nCompiling components/service.java...\nArtifact downloaded: 39MB\nStep 19/21: Linting\nArtifact downloaded: 21MB\nFetching from https://registry.npmjs.org/package.json\nDone.\nMinifying main.js\nnpm notice: created a lockfile\nUsing Python 3.12\n\u26a0 DEPRECATION: Feature will be removed in v4.0\nWARNING: eslint has known vulnerabilities\nPlatform: win32-x64\nCompiling utils/service.java...\nStep 19/21: Building\n\u26a0 DEPRECATION: Feature will be removed in v4.0\nStep 7/15: Testing\nProcessing...\nUsing Python 3.12\nPulling image: node:18\nWaiting...\nUploading artifact 'dist' (17 files)\nInstalling eslint@3.7.6\nRan 17 tests in 24s\n[12:51:54] DEBUG: Connection pool: 2 active\nUploading artifact 'build' (9 files)\nCoverage: 94% statements, 99% branches\n[12:51:54] DEBUG: Loading configuration\nNODE_ENV=production\n[12:51:54] DEBUG: Connection pool: 3 active\nCompiling utils/index.js...\n[12:51:54] WARN: Deprecated API usage\nCache invalidated: node_modules\nFinished.\nArtifact uploaded: dist.zip (48MB)\nStep 10/21: Linting\nException: ValueError\n[12:51:54] DEBUG: Memory usage: 1029MB\nCache invalidated: build\nVerifying...\nTests: 234 passed, 365 total\n[12:51:54] WARN: Deprecated API usage\nDone.\nMinifying vendor.js\nArtifact downloaded: 35MB\nGET /api - 201 (6ms)\npip install: Successfully installed react-2.19\nStep 6/24: Running migrations\n  PASS: e2e/test_cache_hit.spec.js\nUsing Python 3.10\n[12:51:54] DEBUG: Query executed in 66ms\nArtifact uploaded: dist.zip (89MB)\n[12:51:54] WARN: Deprecated API usage\nCompiling components/service.java...\npip install: Successfully installed react-2.17\nConnection established\nUploading artifact 'coverage' (43 files)\nTests: 252 passed, 304 total\n[12:51:54] DEBUG: Memory usage: 1140MB\nProcessing...\nTest Suites: 34 passed, 26 total\nVerifying...\n[12:51:54] INFO: Cache refreshed\nSnapshots: 39 passed, 41 total\n[12:51:54] DEBUG: Loading configuration\nCompleted.\n\u2713 validate completed\nPushing to registry...\nNODE_ENV=development\nStep 17/20: Running migrations\nCache saved successfully\n[12:51:54] INFO: Processing request\nArtifact downloaded: 17MB\nStep 5/15: Installing dependencies\nnpm notice: package.json updated\nChecking out main branch\npip: Downloading webpack-5.11.tar.gz\n\u2713 Step 'build' succeeded\n\u2713 validate completed\nLoading...\nCache saved successfully\nStep 9/18: Testing\nPushing to registry...\n[12:51:54] DEBUG: Loading configuration\nPushing to registry...\n[12:51:54] DEBUG: Memory usage: 863MB\nBuilding Docker image...\nyarn add: Done in 16.6s\n[12:51:54] INFO: Connecting to database\nConnection established\n=== Step checkout completed ===\n=== Step: e2e_tests ===\n\u26a0 DEPRECATION: Feature will be removed in v5.0\nArtifact downloaded: 40MB\nCompiling utils/service.java...\n  PASS: e2e/test_cache_hit.spec.js\n[12:51:54] DEBUG: Memory usage: 1152MB\nCache invalidated: dependencies\n[12:51:54] DEBUG: Query executed in 85ms\n\u2713 Task completed in 4981ms\nCache invalidated: build\n[12:51:54] DEBUG: Query executed in 34ms\nFetching submodules...\nTLS handshake completed\nStep 15/16: Linting\nRan 17 tests in 53s\nCompiling utils/index.js...\n[12:51:54] INFO: Connecting to database\nnpm install: added 199 packages\n[12:51:54] INFO: Cache refreshed\nStep 16/15: Linting\nTime: 76.224s\nPlatform: darwin-arm64\nFetching from https://docker.io/package.json\nProcessing...\nDone.\nStep 7/19: Installing dependencies\nReady.\n\u2713 All checks passed\nFetching submodules...\n  PASS: integration/test_user_create.spec.js\nChecking out develop branch\nTests: 72 passed, 161 total\nBuilding Docker image...\nWaiting...\nUploading artifact 'dist' (35 files)\nnpm install: added 45 packages\npip: Collecting lodash\nPOST /api - 200 (394ms)\nArtifact downloaded: 27MB\nnpm notice: created a lockfile\nUploading artifact 'dist' (9 files)\nTLS handshake completed\nHEAD is now at 303092a\nFetching from https://gcr.io/package.json\nCompiling utils/main.py...\nCompiling src/handler.rs...\nBundling main.js\n[12:51:54] DEBUG: Loading configuration\nSnapshots: 45 passed, 41 total\nGenerating source maps...\nUsing Node.js 19.5.7\n[12:51:54] DEBUG: Loading configuration\nNODE_ENV=development\n[12:51:54] WARN: Deprecated API usage\nUsing Python 3.12\nTLS handshake completed\nCoverage: 74% statements, 84% branches\nException: TypeError\nUsing Python 3.10\nArtifact downloaded: 9MB\nTLS handshake completed\nnpm install: resolved 116 packages\npip install: Successfully installed webpack-2.12\nBundling vendor.css\nCompiling lib/index.js...\n[12:51:54] INFO: Request completed\nGenerating source maps...\nCache saved successfully\nFetching from https://registry.npmjs.org/package.json\n[12:51:54] DEBUG: Loading configuration\nCompiling utils/main.py...\nyarn add: Done in 21.56s\nPulling image: node:18\n[12:51:54] WARN: Deprecated API usage\nStep 8/18: Deploying\nException: TypeError\n\u2713 Task completed in 1045ms\n\u26a0 DEPRECATION: Feature will be removed in v3.0\nGET /api - 200 (97ms)\nAlready up to date.\nGET /health - 200 (73ms)\nMinifying vendor.js\nCache restored successfully (150MB)\nArtifact uploaded: build.tar.gz (37MB)\n[12:51:54] DEBUG: Query executed in 77ms\nEnvironment: staging\nFetching submodules...\nWaiting...\nStep 12/17: Deploying\nCache miss for key-8898\nCompiling utils/handler.rs...\n\u26a0 DEPRECATION: Feature will be removed in v2.0\nMinifying app.js\n\u2713 Task completed in 4327ms\nSwitched to branch 'bugfix/task-734'\n[12:51:54] INFO: Connecting to database\nPlatform: darwin-arm64\nCache restored successfully (345MB)\nProcessing...\nInstalling react@5.8.4\nCompiling src/app.ts...\nCoverage: 80% statements, 82% branches\nFinished.\npip install: Successfully installed webpack-2.15\nTest Suites: 5 passed, 33 total\nFinished.\nSnapshots: 31 passed, 3 total\nUsing Python 3.10\n[12:51:54] DEBUG: Initializing service\nGET /api - 204 (48ms)\nWARNING: webpack has known vulnerabilities\nTLS handshake completed\nCompiling src/service.java...\nInstalling axios@1.7.3\nnpm notice: created a lockfile\nUsing Node.js 17.7.9\npip install: Successfully installed jest-4.6\nCompiling utils/utils.go...\nStep 19/24: Running migrations\nCompiling src/handler.rs...\nPulling image: node:latest\nMinifying vendor.js\n[12:51:54] DEBUG: Loading configuration\nyarn add: Done in 30.59s\n[12:51:54] INFO: Cache refreshed\n[12:51:54] WARN: Deprecated API usage\n[12:51:54] INFO: Processing request\n[12:51:54] INFO: Connecting to database\n\u2713 deploy completed\nnpm notice: package.json updated\nArtifact downloaded: 48MB\nPulling image: node:latest\nDone.\nCompleted.\n[12:51:54] INFO: Processing request\nTest Suites: 27 passed, 45 total\nTransforming 711 files...\nCoverage: 93% statements, 97% branches\nTest Suites: 14 passed, 35 total\nCompiling lib/app.ts...\nEnvironment: staging\n\u2713 lint completed\nArtifact uploaded: build.tar.gz (8MB)\nFAILED: test_cache_hit\nPulling image: node:latest\nVerifying...\nnpm install: added 352 packages\nPulling image: alpine:3.11\nBuilding Docker image...\n\u2713 All checks passed\nEnvironment: staging\nLoading...\nWaiting...\nUsing Python 3.11\nHEAD is now at 8444f62\nCache invalidated: node_modules\nSnapshots: 0 passed, 48 total\nNODE_ENV=production\n[12:51:54] WARN: Deprecated API usage\nWaiting...\nOptimizing 34 modules...\nStep 7/17: Installing dependencies\nArtifact uploaded: dist.zip (12MB)\nTime: 34.701s\n[12:51:54] DEBUG: Initializing service\npip: Collecting react\n[12:51:54] WARN: Deprecated API usage\nnpm install: resolved 1208 packages\n[12:51:54] WARN: Deprecated API usage\n[12:51:54] INFO: Cache refreshed\nWARNING: eslint has known vulnerabilities\n[12:51:54] DEBUG: Memory usage: 1480MB\nWARNING: jest has known vulnerabilities\nCreating production build...\npip: Collecting react\n[12:51:54] DEBUG: Initializing service\nSnapshots: 48 passed, 44 total\nBundling vendor.js\n\u2713 All checks passed\nPushing to registry...\nCompiling components/utils.go...\nVerifying...\nyarn add: Done in 19.87s\n\u2713 deploy completed\nHEAD is now at 8f4e63a\nProcessing...\nStep 13/23: Building\nCompleted.\n[12:51:54] INFO: Processing request\nGenerating source maps...\n[12:51:54] DEBUG: Connection pool: 17 active\n\u26a0 DEPRECATION: Feature will be removed in v3.0\n\u2713 Task completed in 4992ms\nStep 9/25: Installing dependencies\n[12:51:54] INFO: Connecting to database\npip: Downloading prettier-1.18.tar.gz\nLoading...\nLayer 9/8: RUN command\nGET /api - 204 (83ms)\nPOST /data - 202 (66ms)\nGenerating source maps...\n[12:51:54] WARN: Deprecated API usage\nCache invalidated: build\nCache restored successfully (42MB)\n[12:51:54] ERROR: Connection failed\nCompiling lib/index.js...\n\u2713 Step 'checkout' succeeded\nHEAD is now at f480bf2\nFinished.\nMinifying app.js\nOK\nCreating production build...\n[12:51:54] DEBUG: Initializing service\nStep 11/22: Running migrations\nEnvironment: test\npip: Collecting express\n\u26a0 DEPRECATION: Feature will be removed in v4.0\nSnapshots: 46 passed, 22 total\nPulling image: python:18\nTLS handshake completed\n[12:51:54] DEBUG: Loading configuration\nTest Suites: 36 passed, 29 total\nGET /health - 201 (18ms)\n[12:51:54] DEBUG: Initializing service\nDone.\nCreating production build...\n[12:51:54] DEBUG: Loading configuration\nSnapshots: 5 passed, 22 total\nEnvironment: staging\nNODE_ENV=development\nCache restored successfully (359MB)\n[12:51:54] DEBUG: Initializing service\n\u2713 Step 'install' succeeded\nTLS handshake completed\nGenerating source maps...\nArtifact uploaded: dist.zip (55MB)\nGenerating source maps...\nImage pulled successfully\nSnapshots: 19 passed, 46 total\n[12:51:54] DEBUG: Loading configuration\n[12:51:54] WARN: Deprecated API usage\n\u2717 build failed with exit code 84\nCompiling components/app.ts...\n=== Step e2e_tests completed ===\n=== Step: integration_tests ===\nFetching from https://githubusercontent.com/package.json\nNODE_ENV=test\npip: Collecting prettier\nTLS handshake completed\n  PASS: unit/test_cache_hit.spec.js\n[12:51:54] WARN: Deprecated API usage\n[12:51:54] DEBUG: Memory usage: 1111MB\nCompiling src/service.java...\nCreating production build...\nCache restored successfully (323MB)\nConnection established\nWaiting...\nStep 1/16: Building\nConnection established\nStep 8/25: Installing dependencies\n[12:51:54] WARN: Deprecated API usage\nBuilding Docker image...\nException: TypeError\nnpm notice: created a lockfile\nWARNING: webpack has known vulnerabilities\nArtifact uploaded: build.tar.gz (13MB)\nTime: 60.272s\nDone.\nCache restored successfully (113MB)\nCompiling components/service.java...\nSnapshots: 22 passed, 33 total\nUsing Node.js 18.12.7\nOptimizing 41 modules...\n[12:51:54] WARN: Deprecated API usage\nFetching from https://gcr.io/package.json\nTLS handshake completed\nArtifact uploaded: build.tar.gz (6MB)\nArtifact uploaded: dist.zip (53MB)\nSuccess!\nArtifact uploaded: dist.zip (70MB)\nImage pulled successfully\n[12:51:54] INFO: Connecting to database\nTest Suites: 32 passed, 15 total\n[12:51:54] DEBUG: Query executed in 5ms\nCache miss for key-9853\nnpm install: resolved 1747 packages\nPlatform: darwin-arm64\nnpm notice: package.json updated\nCache miss for key-2030\nUsing Python 3.10\n[12:51:54] INFO: Starting build process\npip install: Successfully installed express-4.18\nnpm install: resolved 542 packages\nArtifact uploaded: build.tar.gz (50MB)\n[12:51:54] DEBUG: Query executed in 72ms\nCreating production build...\nInstalling express@5.6.4\npip: Collecting webpack\nConnection established\nCoverage: 86% statements, 84% branches\nArtifact uploaded: build.tar.gz (23MB)\n\u2713 Step 'build' succeeded\nCompiling lib/service.java...\nnpm notice: package.json updated\nUsing Node.js 18.16.5\nCreating production build...\nStep 7/21: Testing\nWARNING: axios has known vulnerabilities\nArtifact uploaded: dist.zip (73MB)\nWARNING: webpack has known vulnerabilities\nPulling image: alpine:3.11\nSnapshots: 2 passed, 12 total\nNODE_ENV=development\n[12:51:54] ERROR: Connection failed\nCompiling components/index.js...\nCompiling src/app.ts...\n[12:51:54] WARN: Deprecated API usage\nCreating production build...\nTests: 339 passed, 476 total\nPOST /api - 200 (117ms)\nFinished.\nnpm notice: package.json updated\nnpm notice: created a lockfile\nBundling main.css\nTime: 7.90s\n\u26a0 DEPRECATION: Feature will be removed in v5.0\nPushing to registry...\npip: Collecting jest\nFetching submodules...\n\u2713 Task completed in 4005ms\n  PASS: test_api_health (64ms)\n[12:51:54] INFO: Processing request\nArtifact uploaded: dist.zip (58MB)\nCompiling src/service.java...\npip install: Successfully installed express-4.11\nCompiling src/service.java...\n[12:51:54] DEBUG: Connection pool: 14 active\npip: Downloading axios-5.2.tar.gz\n\u2713 build completed\nArtifact downloaded: 34MB\n\u2713 test completed\n[12:51:54] INFO: Cache refreshed\nWARNING: webpack has known vulnerabilities\nSnapshots: 13 passed, 47 total\nBuilding Docker image...\nBundling main.css\nGenerating source maps...\nArtifact uploaded: dist.zip (38MB)\nWaiting...\nWaiting...\n[12:51:54] DEBUG: Initializing service\nCompleted.\nMinifying app.js\nRan 98 tests in 25s\nCompiling lib/main.py...\nGET /health - 200 (6ms)\nnpm install: resolved 1159 packages\n[12:51:54] INFO: Request completed\n[12:51:54] INFO: Request completed\nWaiting...\n  PASS: integration/test_cache_hit.spec.js\nOK\nLoading...\nyarn add: Done in 25.19s\nProcessing...\nDone.\nCoverage: 98% statements, 86% branches\n[12:51:54] INFO: Request completed\nLayer 3/10: RUN command\n\u26a0 DEPRECATION: Feature will be removed in v4.0\nArtifact downloaded: 24MB\nChecking out main branch\nSuccess!\nReady.\nRan 112 tests in 59s\n[12:51:54] INFO: Processing request\nWARNING: prettier has known vulnerabilities\nDone.\nOK\nImage pulled successfully\nLoading...\nWARNING: prettier has known vulnerabilities\nSnapshots: 5 passed, 21 total\n\u2717 build failed with exit code 80\nFetching from https://amazonaws.com/package.json\n  PASS: unit/test_api_health.spec.js\n  PASS: test_user_create (135ms)\n\u2713 Task completed in 4881ms\n[12:51:54] INFO: Processing request\nStep 9/23: Building\nTransforming 113 files...\nTLS handshake completed\nUsing Node.js 18.10.1\n  PASS: test_auth_login (293ms)\nCache saved successfully\nStep 4/23: Deploying\nCompiling components/main.py...\n[12:51:54] DEBUG: Query executed in 41ms\n[12:51:54] INFO: Processing request\nStep 8/22: Building\nNODE_ENV=development\nStep 9/20: Building\nConnection established\nRan 28 tests in 37s\nGET /api - 204 (45ms)\nEnvironment: test\nArtifact downloaded: 34MB\nPOST /data - 201 (418ms)\n[12:51:54] DEBUG: Initializing service\nBundling main.js\nFinished.\nCache invalidated: build\nBundling styles.js\npip install: Successfully installed react-3.16\nInstalling eslint@5.2.0\nSnapshots: 26 passed, 43 total\n[12:51:54] ERROR: Connection failed\nnpm notice: created a lockfile\nLoading...\nGenerating source maps...\nArtifact uploaded: dist.zip (96MB)\nEnvironment: production\nReady.\nDone.\nLoading...\nWARNING: lodash has known vulnerabilities\nCompleted.\n\u2713 Step 'setup' succeeded\n\u2713 Task completed in 104ms\nnpm install: resolved 1402 packages\nRan 156 tests in 3s\n  PASS: unit/test_cache_hit.spec.js\n[12:51:54] ERROR: Connection failed\nSnapshots: 9 passed, 30 total\n[12:51:54] DEBUG: Initializing service\nSuccess!\nSnapshots: 9 passed, 16 total\nnpm install: resolved 1135 packages\nBundling styles.css\nException: ValueError\nTime: 74.185s\nDone.\npip: Installing build dependencies...\n[12:51:54] WARN: Deprecated API usage\nStep 8/25: Running migrations\nLayer 8/9: COPY command\nArtifact uploaded: dist.zip (6MB)\n[12:51:54] INFO: Processing request\nChecking out develop branch\n[12:51:54] WARN: Deprecated API usage\nPulling image: alpine:18\nnpm install: added 184 packages\n\u2713 Step 'test' succeeded\nnpm notice: package.json updated\nTransforming 560 files...\nTest Suites: 16 passed, 16 total\nFetching from https://registry.npmjs.org/package.json\nnpm notice: created a lockfile\nSnapshots: 46 passed, 21 total\nChecking out develop branch\nCache invalidated: build\nCompiling src/main.py...\nSwitched to branch 'hotfix/task-432'\nCompiling lib/main.py...\nStep 2/18: Building\n[12:51:54] INFO: Request completed\nTests: 317 passed, 139 total\nTLS handshake completed\nCache restored successfully (181MB)\npip: Installing build dependencies...\nWARNING: lodash has known vulnerabilities\nInstalling react@1.2.6\nReady.\nStep 16/24: Running migrations\nNODE_ENV=production\n[12:51:54] DEBUG: Memory usage: 469MB\nPOST /upload - 202 (305ms)\nWARNING: lodash has known vulnerabilities\nPlatform: win32-x64\nGenerating source maps...\nCoverage: 83% statements, 87% branches\nGenerating source maps...\n\u2713 deploy completed\nStep 16/21: Deploying\n\u26a0 DEPRECATION: Feature will be removed in v2.0\nCoverage: 92% statements, 81% branches\nCompiling lib/service.java...\n=== Step integration_tests completed ===\n=== Step: deploy_production ===\nPOST /data - 200 (345ms)\nTests: 118 passed, 117 total\nStep 18/19: Testing\nTests: 159 passed, 90 total\nFetching submodules...\nCompiling lib/utils.go...\nPulling image: node:18\nCompiling src/utils.go...\n[12:51:54] INFO: Starting build process\nUsing Node.js 18.19.9\nCache restored successfully (457MB)\n\u2713 Task completed in 406ms\nyarn add: Done in 3.22s\nCompiling src/service.java...\nCompiling utils/index.js...\n[12:51:54] WARN: Deprecated API usage\nTransforming 391 files...\npip: Collecting lodash\nStep 4/23: Testing\n\u2713 Task completed in 1706ms\nStep 8/19: Linting\nMinifying vendor.js\n\u2713 Task completed in 2520ms\n[12:51:54] INFO: Connecting to database\nStep 15/16: Deploying\n[12:51:54] INFO: Processing request\nCache saved successfully\nLoading...\nStep 17/20: Linting\nChecking out main branch\nMinifying vendor.js\n  PASS: integration/test_api_health.spec.js\nTest Suites: 14 passed, 21 total\n[12:51:54] WARN: Deprecated API usage\nStep 5/24: Deploying\nyarn add: Done in 16.75s\nNODE_ENV=development\nPushing to registry...\nRan 123 tests in 50s\nnpm install: added 449 packages\nPulling image: python:18\n[12:51:54] INFO: Connecting to database\nSuccess!\nHEAD is now at 5c57339\nCompiling src/index.js...\n\u2717 build failed with exit code 30\nSnapshots: 39 passed, 5 total\nyarn add: Done in 19.8s\nSwitched to branch 'bugfix/task-175'\n[12:51:54] INFO: Starting build process\nCache hit for key-9846\nCreating production build...\nStep 15/18: Deploying\nDone.\n[12:51:54] INFO: Request completed\nTests: 461 passed, 332 total\n[12:51:54] WARN: Deprecated API usage\nFAILED: test_api_health\n  PASS: e2e/test_user_create.spec.js\npip: Collecting axios\nFetching submodules...\nWARNING: eslint has known vulnerabilities\nFetching from https://githubusercontent.com/package.json\nTest Suites: 40 passed, 49 total\nCreating production build...\nCache hit for key-6720\nMinifying app.js\n[12:51:54] INFO: Connecting to database\nArtifact uploaded: build.tar.gz (35MB)\nEnvironment: test\nSnapshots: 29 passed, 38 total\nCompleted.\nBundling main.js\nFetching submodules...\nCache restored successfully (230MB)\nUploading artifact 'build' (31 files)\nStep 19/20: Running migrations\nArtifact uploaded: dist.zip (42MB)\nStep 15/15: Testing\nReady.\nCreating production build...\nCoverage: 79% statements, 95% branches\nBundling styles.css\nHEAD is now at 17c56c1\n[12:51:54] INFO: Processing request\nTests: 117 passed, 149 total\n[12:51:54] DEBUG: Connection pool: 3 active\n[12:51:54] INFO: Connecting to database\n[12:51:54] DEBUG: Memory usage: 594MB\nMinifying app.js\nWARNING: prettier has known vulnerabilities\nNODE_ENV=production\nSuccess!\nCache hit for key-8656\nnpm install: added 428 packages\nTLS handshake completed\nTime: 87.967s\n[12:51:54] INFO: Request completed\nnpm install: added 219 packages\n  PASS: e2e/test_cache_hit.spec.js\nStep 13/20: Deploying\n\u26a0 DEPRECATION: Feature will be removed in v4.0\nUploading artifact 'coverage' (22 files)\n[12:51:54] DEBUG: Connection pool: 20 active\nLoading...\nCoverage: 86% statements, 78% branches\n\u2713 All checks passed\npip: Downloading axios-2.15.tar.gz\n[12:51:54] DEBUG: Initializing service\n[12:51:54] DEBUG: Initializing service\nStep 4/17: Installing dependencies\nCompleted.\n[12:51:54] DEBUG: Memory usage: 1874MB\nCache invalidated: node_modules\nStep 6/15: Deploying\nStep 8/15: Running migrations\nLoading...\nPulling image: alpine:latest\nConnection established\n[12:51:54] DEBUG: Query executed in 64ms\n\u2713 Task completed in 2638ms\nnpm notice: package.json updated\nnpm notice: package.json updated\nPOST /api - 201 (66ms)\n[12:51:54] DEBUG: Memory usage: 1851MB\npip: Installing build dependencies...\npip: Collecting express\nEnvironment: staging\nUploading artifact 'dist' (4 files)\n[12:51:54] WARN: Deprecated API usage\nCache miss for key-2143\n[12:51:54] WARN: Deprecated API usage\nCompiling lib/index.js...\nChecking out main branch\nCache saved successfully\nCache restored successfully (410MB)\nCompleted.\nChecking out develop branch\nCache restored successfully (165MB)\nSnapshots: 26 passed, 45 total\nNODE_ENV=production\nBuilding Docker image...\nSuccess!\nWARNING: eslint has known vulnerabilities\nStep 1/25: Deploying\n\u2713 Step 'setup' succeeded\nCompiling src/utils.go...\nnpm notice: created a lockfile\n[12:51:54] DEBUG: Connection pool: 2 active\n\u26a0 DEPRECATION: Feature will be removed in v2.0\npip: Downloading prettier-2.19.tar.gz\n[12:51:54] WARN: Deprecated API usage\n[12:51:54] DEBUG: Connection pool: 5 active\nWARNING: axios has known vulnerabilities\n[12:51:54] INFO: Request completed\nFetching submodules...\n[12:51:54] INFO: Request completed\nNODE_ENV=development\nFetching submodules...\n\u2717 build failed with exit code 96\nStep 8/15: Linting\nUsing Python 3.10\nCache miss for key-9988\n[12:51:54] INFO: Cache refreshed\nTransforming 521 files...\n  PASS: test_cache_hit (413ms)\nRan 147 tests in 45s\n[12:51:54] DEBUG: Connection pool: 16 active\nImage pulled successfully\nArtifact uploaded: dist.zip (72MB)\nCache invalidated: dependencies\nCompleted.\n[12:51:54] DEBUG: Connection pool: 16 active\nStep 7/22: Deploying\nPulling image: node:latest\nLoading...\nImage pulled successfully\nArtifact downloaded: 18MB\nCoverage: 77% statements, 71% branches\nNODE_ENV=development\nFinished.\n[12:51:54] ERROR: Connection failed\n[12:51:54] DEBUG: Initializing service\nCoverage: 79% statements, 95% branches\nCreating production build...\nUsing Node.js 18.7.8\nnpm install: resolved 1112 packages\nCompiling lib/handler.rs...\nPushing to registry...\nSnapshots: 1 passed, 29 total\nLayer 5/11: RUN command\nStep 5/15: Testing\n\u2713 Task completed in 2829ms\npip: Downloading prettier-5.11.tar.gz\nAlready up to date.\nVerifying...\nImage pulled successfully\nReady.\n\u2717 build failed with exit code 81\n\u26a0 DEPRECATION: Feature will be removed in v5.0\nStep 4/15: Testing\nTest Suites: 10 passed, 14 total\nEnvironment: development\nCache invalidated: node_modules\nPulling image: node:18\nStep 10/25: Running migrations\nStep 7/22: Testing\nCompiling src/utils.go...\nCache invalidated: dependencies\nSwitched to branch 'bugfix/task-636'\nWARNING: lodash has known vulnerabilities\n[12:51:54] ERROR: Connection failed\n[12:51:54] WARN: Deprecated API usage\nArtifact downloaded: 7MB\nOK\nOK\n[12:51:54] INFO: Request completed\nInstalling prettier@5.5.3\nGenerating source maps...\nSnapshots: 37 passed, 21 total\nFetching from https://registry.npmjs.org/package.json\n[12:51:54] INFO: Connecting to database\nnpm notice: package.json updated\nCompleted.\nChecking out develop branch\nPlatform: darwin-arm64\n[12:51:54] DEBUG: Connection pool: 3 active\n\u2713 Step 'test' succeeded\nGenerating source maps...\n[12:51:54] DEBUG: Connection pool: 15 active\nProcessing...\n\u2713 Step 'install' succeeded\nTransforming 832 files...\nUsing Python 3.10\nCoverage: 94% statements, 95% branches\nCoverage: 72% statements, 78% branches\nWARNING: webpack has known vulnerabilities\n[12:51:54] INFO: Request completed\nStep 18/19: Deploying\nCompiling lib/handler.rs...\nUsing Python 3.9\nStep 19/15: Testing\n=== Step deploy_production completed ===",
    "steps": [
      {
        "name": "upload_artifacts",
        "status": "success",
        "started_at": "2025-12-19T12:51:54.021154",
        "finished_at": "2025-12-19T12:52:14.932312",
        "log_lines": [
          "=== Step: upload_artifacts ===",
          "Ran 88 tests in 2s",
          "Cache restored successfully (469MB)",
          "[12:51:54] WARN: Deprecated API usage",
          "Already up to date.",
          "Finished.",
          "Cache invalidated: build",
          "Checking out master branch",
          "Switched to branch 'hotfix/task-365'",
          "Verifying...",
          "Fetching from https://github.com/package.json",
          "Finished.",
          "Bundling styles.js",
          "POST /api - 200 (230ms)",
          "Finished.",
          "[12:51:54] INFO: Cache refreshed",
          "Cache miss for key-2850",
          "Platform: win32-x64",
          "Cache invalidated: node_modules",
          "Minifying main.js",
          "Creating production build...",
          "  PASS: test_cache_hit (351ms)",
          "Done.",
          "Step 18/15: Linting",
          "Environment: development",
          "Time: 41.151s",
          "Platform: linux-x64",
          "WARNING: lodash has known vulnerabilities",
          "WARNING: react has known vulnerabilities",
          "Processing...",
          "[12:51:54] INFO: Connecting to database",
          "[12:51:54] DEBUG: Initializing service",
          "Connection established",
          "Platform: win32-x64",
          "pip: Installing build dependencies...",
          "npm install: resolved 265 packages",
          "[12:51:54] DEBUG: Loading configuration",
          "npm notice: created a lockfile",
          "\u2713 All checks passed",
          "[12:51:54] INFO: Cache refreshed",
          "[12:51:54] DEBUG: Memory usage: 1575MB",
          "Step 18/25: Linting",
          "Cache saved successfully",
          "Pushing to registry...",
          "Cache restored successfully (225MB)",
          "Cache hit for key-4747",
          "Ran 159 tests in 57s",
          "Compiling components/index.js...",
          "Checking out main branch",
          "pip: Installing build dependencies...",
          "Generating source maps...",
          "Completed.",
          "Checking out master branch",
          "[12:51:54] DEBUG: Loading configuration",
          "Ran 171 tests in 21s",
          "Minifying main.js",
          "Connection established",
          "Cache invalidated: node_modules",
          "Uploading artifact 'coverage' (8 files)",
          "\u2713 lint completed",
          "Using Node.js 17.3.3",
          "[12:51:54] DEBUG: Connection pool: 4 active",
          "Pushing to registry...",
          "\u2713 Task completed in 4076ms",
          "[12:51:54] ERROR: Connection failed",
          "Loading...",
          "Optimizing 96 modules...",
          "Using Python 3.9",
          "Compiling lib/index.js...",
          "\u26a0 DEPRECATION: Feature will be removed in v4.0",
          "GET /health - 204 (96ms)",
          "Creating production build...",
          "HEAD is now at 2795180",
          "NODE_ENV=test",
          "Completed.",
          "TLS handshake completed",
          "[12:51:54] INFO: Connecting to database",
          "Step 17/18: Linting",
          "Time: 106.529s",
          "Ready.",
          "HEAD is now at 5e69c15",
          "Finished.",
          "pip install: Successfully installed lodash-4.18",
          "Switched to branch 'hotfix/task-672'",
          "Fetching submodules...",
          "Cache invalidated: build",
          "Installing jest@2.13.0",
          "npm notice: created a lockfile",
          "pip install: Successfully installed prettier-1.13",
          "[12:51:54] DEBUG: Memory usage: 467MB",
          "\u2713 Step 'build' succeeded",
          "WARNING: axios has known vulnerabilities",
          "\u26a0 DEPRECATION: Feature will be removed in v5.0",
          "Time: 87.474s",
          "Optimizing 37 modules...",
          "Using Node.js 19.10.4",
          "Cache restored successfully (239MB)",
          "\u2717 build failed with exit code 67",
          "Test Suites: 40 passed, 15 total",
          "Optimizing 16 modules...",
          "\u2713 lint completed",
          "Using Python 3.12",
          "WARNING: webpack has known vulnerabilities",
          "Step 13/24: Testing",
          "Connection established",
          "Snapshots: 14 passed, 12 total",
          "pip: Collecting webpack",
          "Snapshots: 33 passed, 18 total",
          "yarn add: Done in 15.4s",
          "[12:51:54] DEBUG: Memory usage: 1963MB",
          "\u26a0 DEPRECATION: Feature will be removed in v2.0",
          "Cache restored successfully (214MB)",
          "Loading...",
          "Pushing to registry...",
          "Loading...",
          "Optimizing 30 modules...",
          "Creating production build...",
          "pip: Collecting jest",
          "Compiling utils/index.js...",
          "Artifact uploaded: build.tar.gz (31MB)",
          "[12:51:54] INFO: Starting build process",
          "HEAD is now at e60dccf",
          "[12:51:54] DEBUG: Connection pool: 16 active",
          "WARNING: react has known vulnerabilities",
          "[12:51:54] INFO: Starting build process",
          "npm install: added 133 packages",
          "Test Suites: 39 passed, 10 total",
          "[12:51:54] DEBUG: Connection pool: 9 active",
          "\u26a0 DEPRECATION: Feature will be removed in v3.0",
          "pip: Downloading webpack-5.15.tar.gz",
          "[12:51:54] ERROR: Connection failed",
          "Loading...",
          "[12:51:54] DEBUG: Loading configuration",
          "pip: Collecting jest",
          "[12:51:54] INFO: Connecting to database",
          "Layer 8/15: RUN command",
          "Checking out develop branch",
          "Done.",
          "Using Node.js 15.20.2",
          "Compiling components/app.ts...",
          "Already up to date.",
          "Fetching from https://docker.io/package.json",
          "[12:51:54] INFO: Connecting to database",
          "  PASS: test_db_connect (159ms)",
          "Cache restored successfully (358MB)",
          "Environment: development",
          "Environment: staging",
          "HEAD is now at 75e16a9",
          "\u26a0 DEPRECATION: Feature will be removed in v3.0",
          "pip: Installing build dependencies...",
          "FAILED: test_user_create",
          "Verifying...",
          "Uploading artifact 'build' (30 files)",
          "Exception: NullPointerException",
          "Artifact downloaded: 11MB",
          "Tests: 414 passed, 365 total",
          "pip install: Successfully installed lodash-1.13",
          "[12:51:54] DEBUG: Initializing service",
          "Image pulled successfully",
          "Success!",
          "Tests: 395 passed, 232 total",
          "Generating source maps...",
          "Compiling src/handler.rs...",
          "pip: Collecting axios",
          "[12:51:54] DEBUG: Connection pool: 10 active",
          "[12:51:54] DEBUG: Loading configuration",
          "\u26a0 DEPRECATION: Feature will be removed in v2.0",
          "Loading...",
          "[12:51:54] INFO: Processing request",
          "HEAD is now at 068c54f",
          "Switched to branch 'hotfix/task-481'",
          "Artifact downloaded: 21MB",
          "Done.",
          "npm notice: created a lockfile",
          "Optimizing 49 modules...",
          "Compiling utils/handler.rs...",
          "Cache restored successfully (102MB)",
          "Success!",
          "yarn add: Done in 5.13s",
          "pip: Downloading react-5.12.tar.gz",
          "FAILED: test_cache_hit",
          "POST /data - 202 (347ms)",
          "Verifying...",
          "Step 18/25: Testing",
          "[12:51:54] INFO: Starting build process",
          "\u2713 validate completed",
          "Creating production build...",
          "Done.",
          "\u26a0 DEPRECATION: Feature will be removed in v2.0",
          "Step 14/23: Installing dependencies",
          "Image pulled successfully",
          "[12:51:54] INFO: Processing request",
          "Verifying...",
          "NODE_ENV=test",
          "[12:51:54] DEBUG: Initializing service",
          "Waiting...",
          "Step 8/20: Deploying",
          "\u2717 build failed with exit code 78",
          "Ready.",
          "Minifying app.js",
          "TLS handshake completed",
          "Ran 170 tests in 43s",
          "[12:51:54] DEBUG: Query executed in 91ms",
          "Finished.",
          "\u26a0 DEPRECATION: Feature will be removed in v5.0",
          "[12:51:54] DEBUG: Memory usage: 1226MB",
          "\u2713 Step 'build' succeeded",
          "Processing...",
          "\u26a0 DEPRECATION: Feature will be removed in v4.0",
          "Using Node.js 18.0.6",
          "Coverage: 80% statements, 76% branches",
          "Cache invalidated: build",
          "HEAD is now at 8a2a995",
          "pip: Collecting webpack",
          "Step 14/23: Running migrations",
          "Optimizing 71 modules...",
          "\u26a0 DEPRECATION: Feature will be removed in v3.0",
          "OK",
          "Checking out master branch",
          "npm install: added 326 packages",
          "[12:51:54] INFO: Processing request",
          "Generating source maps...",
          "Cache restored successfully (455MB)",
          "npm install: added 243 packages",
          "npm notice: package.json updated",
          "npm notice: package.json updated",
          "Artifact downloaded: 23MB",
          "[12:51:54] INFO: Request completed",
          "Time: 47.967s",
          "Completed.",
          "Creating production build...",
          "[12:51:54] INFO: Starting build process",
          "npm notice: package.json updated",
          "Tests: 257 passed, 387 total",
          "[12:51:54] WARN: Deprecated API usage",
          "Cache miss for key-5663",
          "\u26a0 DEPRECATION: Feature will be removed in v4.0",
          "Cache invalidated: dependencies",
          "Artifact uploaded: dist.zip (68MB)",
          "Step 7/21: Installing dependencies",
          "[12:51:54] DEBUG: Memory usage: 845MB",
          "NODE_ENV=production",
          "Cache invalidated: node_modules",
          "=== Step upload_artifacts completed ==="
        ]
      },
      {
        "name": "setup_node",
        "status": "success",
        "started_at": "2025-12-19T12:52:14.932312",
        "finished_at": "2025-12-19T12:52:35.843470",
        "log_lines": [
          "=== Step: setup_node ===",
          "Time: 6.935s",
          "[12:51:54] INFO: Cache refreshed",
          "Already up to date.",
          "npm notice: package.json updated",
          "[12:51:54] DEBUG: Loading configuration",
          "Image pulled successfully",
          "Compiling src/utils.go...",
          "[12:51:54] ERROR: Connection failed",
          "Switched to branch 'hotfix/task-310'",
          "[12:51:54] DEBUG: Connection pool: 14 active",
          "npm notice: package.json updated",
          "Finished.",
          "NODE_ENV=development",
          "[12:51:54] DEBUG: Connection pool: 14 active",
          "Cache invalidated: build",
          "Step 20/22: Testing",
          "Fetching submodules...",
          "Ran 120 tests in 29s",
          "[12:51:54] WARN: Deprecated API usage",
          "npm install: added 419 packages",
          "yarn add: Done in 30.38s",
          "Building Docker image...",
          "Snapshots: 13 passed, 15 total",
          "npm notice: package.json updated",
          "Processing...",
          "[12:51:54] INFO: Processing request",
          "Compiling src/main.py...",
          "Test Suites: 16 passed, 46 total",
          "\u26a0 DEPRECATION: Feature will be removed in v4.0",
          "Switched to branch 'hotfix/task-325'",
          "[12:51:54] INFO: Starting build process",
          "[12:51:54] INFO: Connecting to database",
          "Transforming 940 files...",
          "yarn add: Done in 13.34s",
          "  PASS: e2e/test_auth_login.spec.js",
          "WARNING: eslint has known vulnerabilities",
          "\u26a0 DEPRECATION: Feature will be removed in v4.0",
          "pip install: Successfully installed express-5.13",
          "Time: 66.886s",
          "Completed.",
          "Success!",
          "Verifying...",
          "Finished.",
          "Compiling src/utils.go...",
          "\u2713 Step 'build' succeeded",
          "[12:51:54] DEBUG: Query executed in 85ms",
          "Processing...",
          "Fetching from https://github.com/package.json",
          "[12:51:54] DEBUG: Memory usage: 1357MB",
          "Fetching submodules...",
          "Connection established",
          "Cache miss for key-8309",
          "\u2713 Task completed in 2130ms",
          "Snapshots: 7 passed, 18 total",
          "Cache restored successfully (309MB)",
          "\u2713 lint completed",
          "Ready.",
          "WARNING: express has known vulnerabilities",
          "Step 11/16: Building",
          "Test Suites: 10 passed, 17 total",
          "Artifact downloaded: 6MB",
          "npm notice: package.json updated",
          "Checking out main branch",
          "Success!",
          "Artifact downloaded: 37MB",
          "Already up to date.",
          "Artifact downloaded: 48MB",
          "\u2713 All checks passed",
          "WARNING: express has known vulnerabilities",
          "Connection established",
          "Fetching from https://pypi.org/package.json",
          "Step 12/24: Deploying",
          "Artifact uploaded: dist.zip (99MB)",
          "Cache restored successfully (482MB)",
          "[12:51:54] DEBUG: Initializing service",
          "[12:51:54] WARN: Deprecated API usage",
          "Platform: darwin-arm64",
          "WARNING: express has known vulnerabilities",
          "Verifying...",
          "Fetching from https://googleapis.com/package.json",
          "Tests: 312 passed, 489 total",
          "npm install: added 500 packages",
          "Pushing to registry...",
          "[12:51:54] DEBUG: Initializing service",
          "[12:51:54] WARN: Deprecated API usage",
          "\u2713 All checks passed",
          "Loading...",
          "Compiling utils/handler.rs...",
          "\u2713 Task completed in 3093ms",
          "Completed.",
          "npm notice: package.json updated",
          "\u2713 Task completed in 4045ms",
          "Success!",
          "Pulling image: python:latest",
          "npm notice: created a lockfile",
          "Finished.",
          "[12:51:54] ERROR: Connection failed",
          "Installing express@4.11.6",
          "Checking out master branch",
          "FAILED: test_api_health",
          "Step 17/25: Installing dependencies",
          "Ran 102 tests in 42s",
          "npm notice: package.json updated",
          "  PASS: unit/test_db_connect.spec.js",
          "Step 11/20: Building",
          "Cache invalidated: dependencies",
          "OK",
          "Compiling components/index.js...",
          "pip: Installing build dependencies...",
          "  PASS: integration/test_cache_hit.spec.js",
          "Done.",
          "\u2713 All checks passed",
          "Done.",
          "Waiting...",
          "[12:51:54] ERROR: Connection failed",
          "\u26a0 DEPRECATION: Feature will be removed in v5.0",
          "\u2713 test completed",
          "Processing...",
          "Artifact downloaded: 21MB",
          "Ran 50 tests in 50s",
          "Compiling components/main.py...",
          "Compiling utils/app.ts...",
          "Already up to date.",
          "\u2713 All checks passed",
          "Exception: TypeError",
          "Minifying vendor.js",
          "  PASS: e2e/test_db_connect.spec.js",
          "Already up to date.",
          "Ran 189 tests in 6s",
          "\u2713 Task completed in 2232ms",
          "Step 2/16: Linting",
          "Artifact uploaded: build.tar.gz (47MB)",
          "FAILED: test_api_health",
          "\u26a0 DEPRECATION: Feature will be removed in v3.0",
          "[12:51:54] INFO: Starting build process",
          "[12:51:54] WARN: Deprecated API usage",
          "Cache saved successfully",
          "[12:51:54] DEBUG: Loading configuration",
          "Cache restored successfully (281MB)",
          "Cache hit for key-2722",
          "Artifact uploaded: build.tar.gz (45MB)",
          "Exception: ValueError",
          "Optimizing 78 modules...",
          "Creating production build...",
          "Creating production build...",
          "[12:51:54] ERROR: Connection failed",
          "[12:51:54] DEBUG: Query executed in 69ms",
          "Step 1/21: Running migrations",
          "Fetching submodules...",
          "Test Suites: 9 passed, 48 total",
          "Environment: staging",
          "Fetching from https://github.com/package.json",
          "npm notice: package.json updated",
          "Cache hit for key-8265",
          "[12:51:54] INFO: Connecting to database",
          "Snapshots: 50 passed, 28 total",
          "\u2713 Step 'install' succeeded",
          "[12:51:54] WARN: Deprecated API usage",
          "Pushing to registry...",
          "Artifact uploaded: dist.zip (26MB)",
          "Loading...",
          "\u2713 Task completed in 2652ms",
          "GET /health - 200 (5ms)",
          "Compiling src/handler.rs...",
          "Waiting...",
          "Artifact uploaded: dist.zip (49MB)",
          "POST /upload - 201 (285ms)",
          "  PASS: test_api_health (314ms)",
          "Using Python 3.9",
          "Uploading artifact 'dist' (41 files)",
          "Minifying main.js",
          "Bundling main.js",
          "Connection established",
          "Ran 172 tests in 53s",
          "HEAD is now at 80be673",
          "Test Suites: 34 passed, 39 total",
          "TLS handshake completed",
          "npm notice: package.json updated",
          "Success!",
          "npm install: added 160 packages",
          "Fetching from https://registry.npmjs.org/package.json",
          "TLS handshake completed",
          "Checking out develop branch",
          "Fetching from https://amazonaws.com/package.json",
          "Loading...",
          "Transforming 191 files...",
          "Environment: test",
          "Time: 63.376s",
          "[12:51:54] INFO: Processing request",
          "\u2713 Step 'test' succeeded",
          "Time: 103.347s",
          "npm notice: package.json updated",
          "pip install: Successfully installed express-1.13",
          "[12:51:54] WARN: Deprecated API usage",
          "Fetching submodules...",
          "Ready.",
          "Ready.",
          "Artifact downloaded: 4MB",
          "yarn add: Done in 14.71s",
          "Step 14/18: Testing",
          "\u2713 Task completed in 3681ms",
          "Processing...",
          "[12:51:54] WARN: Deprecated API usage",
          "\u2713 Task completed in 392ms",
          "FAILED: test_auth_login",
          "Artifact downloaded: 17MB",
          "Artifact uploaded: dist.zip (74MB)",
          "Optimizing 31 modules...",
          "[12:51:54] INFO: Starting build process",
          "yarn add: Done in 18.62s",
          "npm notice: created a lockfile",
          "Using Node.js 18.8.10",
          "Processing...",
          "GET /status - 204 (11ms)",
          "POST /data - 201 (445ms)",
          "Already up to date.",
          "Compiling components/app.ts...",
          "[12:51:54] WARN: Deprecated API usage",
          "NODE_ENV=test",
          "Building Docker image...",
          "[12:51:54] DEBUG: Connection pool: 13 active",
          "GET /api - 200 (58ms)",
          "[12:51:54] INFO: Processing request",
          "Already up to date.",
          "Using Node.js 19.8.0",
          "Layer 2/12: RUN command",
          "\u2717 build failed with exit code 125",
          "npm install: added 379 packages",
          "Optimizing 45 modules...",
          "npm notice: package.json updated",
          "Switched to branch 'bugfix/task-122'",
          "\u2713 All checks passed",
          "POST /api - 200 (208ms)",
          "Loading...",
          "Cache invalidated: node_modules",
          "Artifact downloaded: 32MB",
          "Cache saved successfully",
          "Cache saved successfully",
          "\u2717 build failed with exit code 14",
          "Snapshots: 50 passed, 38 total",
          "Uploading artifact 'build' (27 files)",
          "Processing...",
          "=== Step setup_node completed ==="
        ]
      },
      {
        "name": "type_check",
        "status": "success",
        "started_at": "2025-12-19T12:52:35.843470",
        "finished_at": "2025-12-19T12:52:56.754628",
        "log_lines": [
          "=== Step: type_check ===",
          "Uploading artifact 'dist' (33 files)",
          "  PASS: test_cache_hit (57ms)",
          "[12:51:54] INFO: Connecting to database",
          "POST /api - 201 (20ms)",
          "WARNING: express has known vulnerabilities",
          "[12:51:54] DEBUG: Memory usage: 1270MB",
          "HEAD is now at 008824e",
          "pip install: Successfully installed jest-1.13",
          "Already up to date.",
          "NODE_ENV=development",
          "[12:51:54] INFO: Connecting to database",
          "Layer 4/12: ENV command",
          "pip: Downloading lodash-5.0.tar.gz",
          "  PASS: e2e/test_auth_login.spec.js",
          "npm install: added 299 packages",
          "Using Python 3.9",
          "npm install: added 357 packages",
          "\u26a0 DEPRECATION: Feature will be removed in v3.0",
          "Cache hit for key-9446",
          "Minifying main.js",
          "WARNING: eslint has known vulnerabilities",
          "HEAD is now at f2c9692",
          "Time: 107.192s",
          "HEAD is now at 082dc2d",
          "Time: 8.663s",
          "Cache hit for key-2691",
          "Layer 7/8: COPY command",
          "[12:51:54] INFO: Cache refreshed",
          "Step 2/20: Deploying",
          "WARNING: express has known vulnerabilities",
          "Exception: TypeError",
          "Tests: 115 passed, 176 total",
          "[12:51:54] WARN: Deprecated API usage",
          "npm install: resolved 788 packages",
          "pip install: Successfully installed prettier-5.15",
          "WARNING: jest has known vulnerabilities",
          "Coverage: 96% statements, 83% branches",
          "[12:51:54] DEBUG: Connection pool: 15 active",
          "GET /status - 200 (46ms)",
          "[12:51:54] INFO: Cache refreshed",
          "Cache invalidated: build",
          "Bundling vendor.js",
          "Processing...",
          "[12:51:54] DEBUG: Connection pool: 1 active",
          "\u2713 package completed",
          "pip install: Successfully installed express-2.13",
          "\u2713 All checks passed",
          "Environment: production",
          "[12:51:54] INFO: Starting build process",
          "TLS handshake completed",
          "[12:51:54] WARN: Deprecated API usage",
          "Optimizing 70 modules...",
          "Connection established",
          "Step 15/18: Installing dependencies",
          "WARNING: prettier has known vulnerabilities",
          "Fetching from https://registry.npmjs.org/package.json",
          "Using Python 3.10",
          "Generating source maps...",
          "Step 8/23: Deploying",
          "Uploading artifact 'coverage' (33 files)",
          "Cache restored successfully (187MB)",
          "Pulling image: alpine:18",
          "POST /data - 200 (142ms)",
          "\u2717 build failed with exit code 67",
          "\u26a0 DEPRECATION: Feature will be removed in v5.0",
          "Connection established",
          "Cache hit for key-1687",
          "Compiling lib/service.java...",
          "  PASS: integration/test_auth_login.spec.js",
          "\u2713 All checks passed",
          "Time: 4.205s",
          "HEAD is now at cb21f6c",
          "Using Python 3.11",
          "Cache miss for key-1966",
          "WARNING: jest has known vulnerabilities",
          "FAILED: test_auth_login",
          "pip: Collecting react",
          "Cache hit for key-4372",
          "\u26a0 DEPRECATION: Feature will be removed in v3.0",
          "npm install: added 488 packages",
          "Time: 44.534s",
          "Test Suites: 5 passed, 29 total",
          "Snapshots: 22 passed, 24 total",
          "Uploading artifact 'dist' (17 files)",
          "Step 15/21: Running migrations",
          "Installing webpack@2.16.7",
          "[12:51:54] DEBUG: Query executed in 67ms",
          "Step 9/16: Linting",
          "pip: Installing build dependencies...",
          "\u2713 Step 'build' succeeded",
          "\u26a0 DEPRECATION: Feature will be removed in v5.0",
          "Already up to date.",
          "Creating production build...",
          "Artifact downloaded: 24MB",
          "Image pulled successfully",
          "[12:51:54] DEBUG: Initializing service",
          "npm install: added 470 packages",
          "[12:51:54] DEBUG: Connection pool: 14 active",
          "[12:51:54] INFO: Request completed",
          "[12:51:54] INFO: Request completed",
          "Uploading artifact 'build' (28 files)",
          "Coverage: 79% statements, 73% branches",
          "Ran 183 tests in 30s",
          "[12:51:54] INFO: Request completed",
          "[12:51:54] INFO: Starting build process",
          "Fetching from https://googleapis.com/package.json",
          "WARNING: lodash has known vulnerabilities",
          "Test Suites: 17 passed, 49 total",
          "Artifact uploaded: dist.zip (39MB)",
          "Platform: linux-x64",
          "Using Python 3.11",
          "Fetching submodules...",
          "[12:51:54] INFO: Cache refreshed",
          "Cache miss for key-1418",
          "[12:51:54] INFO: Connecting to database",
          "Loading...",
          "WARNING: lodash has known vulnerabilities",
          "Cache hit for key-4035",
          "Artifact uploaded: dist.zip (85MB)",
          "Checking out master branch",
          "Uploading artifact 'coverage' (37 files)",
          "\u2717 build failed with exit code 105",
          "[12:51:54] INFO: Connecting to database",
          "Using Node.js 20.3.10",
          "Step 19/25: Deploying",
          "Cache invalidated: build",
          "Platform: darwin-arm64",
          "Cache invalidated: dependencies",
          "OK",
          "Optimizing 20 modules...",
          "FAILED: test_auth_login",
          "Step 6/15: Running migrations",
          "Artifact uploaded: dist.zip (24MB)",
          "Verifying...",
          "[12:51:54] DEBUG: Connection pool: 12 active",
          "Tests: 175 passed, 440 total",
          "yarn add: Done in 10.63s",
          "Artifact uploaded: build.tar.gz (46MB)",
          "Tests: 465 passed, 271 total",
          "TLS handshake completed",
          "Waiting...",
          "Snapshots: 1 passed, 33 total",
          "Compiling src/handler.rs...",
          "Pushing to registry...",
          "Step 2/21: Linting",
          "Already up to date.",
          "Test Suites: 39 passed, 23 total",
          "Fetching from https://github.com/package.json",
          "Test Suites: 38 passed, 25 total",
          "[12:51:54] WARN: Deprecated API usage",
          "Loading...",
          "Cache miss for key-9930",
          "[12:51:54] INFO: Connecting to database",
          "Step 9/19: Testing",
          "Step 16/20: Installing dependencies",
          "Success!",
          "Optimizing 56 modules...",
          "[12:51:54] ERROR: Connection failed",
          "Test Suites: 7 passed, 10 total",
          "Pulling image: node:3.11",
          "Cache saved successfully",
          "Using Python 3.11",
          "\u26a0 DEPRECATION: Feature will be removed in v5.0",
          "Time: 19.381s",
          "Compiling components/handler.rs...",
          "Fetching from https://github.com/package.json",
          "Uploading artifact 'build' (19 files)",
          "OK",
          "TLS handshake completed",
          "yarn add: Done in 1.89s",
          "Compiling lib/handler.rs...",
          "\u26a0 DEPRECATION: Feature will be removed in v3.0",
          "Pushing to registry...",
          "Exception: TypeError",
          "npm install: resolved 1325 packages",
          "Step 17/25: Testing",
          "  PASS: test_user_create (41ms)",
          "\u2713 Step 'setup' succeeded",
          "Compiling utils/main.py...",
          "GET /health - 204 (76ms)",
          "Image pulled successfully",
          "pip: Collecting axios",
          "Compiling utils/handler.rs...",
          "Cache restored successfully (73MB)",
          "Connection established",
          "Compiling src/handler.rs...",
          "[12:51:54] WARN: Deprecated API usage",
          "Creating production build...",
          "Processing...",
          "[12:51:54] INFO: Starting build process",
          "[12:51:54] WARN: Deprecated API usage",
          "Pushing to registry...",
          "FAILED: test_user_create",
          "Using Node.js 16.16.2",
          "Bundling runtime.js",
          "Creating production build...",
          "[12:51:54] ERROR: Connection failed",
          "Verifying...",
          "Step 16/23: Building",
          "pip: Installing build dependencies...",
          "\u2717 build failed with exit code 83",
          "FAILED: test_db_connect",
          "Step 9/25: Installing dependencies",
          "Verifying...",
          "[12:51:54] DEBUG: Memory usage: 1432MB",
          "Step 6/19: Linting",
          "\u2713 All checks passed",
          "\u2717 build failed with exit code 90",
          "Pushing to registry...",
          "[12:51:54] INFO: Processing request",
          "Pushing to registry...",
          "Finished.",
          "[12:51:54] DEBUG: Memory usage: 910MB",
          "Minifying main.js",
          "Coverage: 96% statements, 65% branches",
          "[12:51:54] DEBUG: Query executed in 13ms",
          "Done.",
          "Artifact uploaded: build.tar.gz (8MB)",
          "Test Suites: 26 passed, 32 total",
          "Verifying...",
          "WARNING: jest has known vulnerabilities",
          "Image pulled successfully",
          "  PASS: integration/test_cache_hit.spec.js",
          "Uploading artifact 'coverage' (7 files)",
          "[12:51:54] WARN: Deprecated API usage",
          "npm notice: package.json updated",
          "WARNING: react has known vulnerabilities",
          "Image pulled successfully",
          "Building Docker image...",
          "Exception: RuntimeError",
          "TLS handshake completed",
          "Transforming 807 files...",
          "Creating production build...",
          "Processing...",
          "Finished.",
          "[12:51:54] INFO: Processing request",
          "Switched to branch 'feature/task-576'",
          "Success!",
          "\u26a0 DEPRECATION: Feature will be removed in v2.0",
          "Step 1/20: Running migrations",
          "Cache restored successfully (238MB)",
          "Test Suites: 49 passed, 25 total",
          "=== Step type_check completed ==="
        ]
      },
      {
        "name": "restore_cache",
        "status": "success",
        "started_at": "2025-12-19T12:52:56.754628",
        "finished_at": "2025-12-19T12:53:09.301323",
        "log_lines": [
          "=== Step: restore_cache ===",
          "TLS handshake completed",
          "Ran 28 tests in 51s",
          "Artifact downloaded: 5MB",
          "yarn add: Done in 17.37s",
          "Time: 10.458s",
          "[12:51:54] DEBUG: Loading configuration",
          "Minifying app.js",
          "Using Node.js 16.15.1",
          "npm install: added 414 packages",
          "  PASS: unit/test_db_connect.spec.js",
          "Platform: win32-x64",
          "Cache invalidated: node_modules",
          "Cache restored successfully (40MB)",
          "pip: Installing build dependencies...",
          "Layer 8/13: RUN command",
          "Using Python 3.11",
          "Connection established",
          "pip: Installing build dependencies...",
          "POST /data - 200 (60ms)",
          "Uploading artifact 'build' (20 files)",
          "Artifact uploaded: dist.zip (54MB)",
          "Transforming 554 files...",
          "Tests: 119 passed, 250 total",
          "Compiling src/handler.rs...",
          "Environment: test",
          "FAILED: test_auth_login",
          "[12:51:54] WARN: Deprecated API usage",
          "Tests: 418 passed, 233 total",
          "pip install: Successfully installed axios-4.10",
          "Fetching submodules...",
          "NODE_ENV=development",
          "Switched to branch 'feature/task-835'",
          "[12:51:54] WARN: Deprecated API usage",
          "Snapshots: 27 passed, 17 total",
          "[12:51:54] WARN: Deprecated API usage",
          "Waiting...",
          "Coverage: 72% statements, 83% branches",
          "[12:51:54] INFO: Processing request",
          "Tests: 82 passed, 103 total",
          "Compiling lib/app.ts...",
          "npm notice: package.json updated",
          "[12:51:54] INFO: Connecting to database",
          "[12:51:54] INFO: Processing request",
          "Building Docker image...",
          "Using Python 3.12",
          "[12:51:54] INFO: Request completed",
          "Checking out main branch",
          "HEAD is now at bec17b9",
          "[12:51:54] DEBUG: Memory usage: 701MB",
          "Artifact uploaded: build.tar.gz (29MB)",
          "pip install: Successfully installed express-3.19",
          "Artifact uploaded: build.tar.gz (27MB)",
          "Cache miss for key-9862",
          "Using Python 3.10",
          "Compiling src/handler.rs...",
          "Generating source maps...",
          "NODE_ENV=test",
          "\u2717 build failed with exit code 48",
          "Artifact downloaded: 21MB",
          "Success!",
          "TLS handshake completed",
          "pip: Installing build dependencies...",
          "GET /health - 200 (6ms)",
          "Step 7/23: Running migrations",
          "Time: 91.516s",
          "Step 18/23: Testing",
          "\u26a0 DEPRECATION: Feature will be removed in v3.0",
          "Building Docker image...",
          "POST /upload - 202 (224ms)",
          "yarn add: Done in 17.56s",
          "[12:51:54] INFO: Starting build process",
          "Step 17/25: Installing dependencies",
          "[12:51:54] INFO: Processing request",
          "[12:51:54] DEBUG: Memory usage: 1382MB",
          "[12:51:54] INFO: Starting build process",
          "Platform: win32-x64",
          "Uploading artifact 'dist' (30 files)",
          "Cache saved successfully",
          "[12:51:54] DEBUG: Query executed in 44ms",
          "[12:51:54] INFO: Starting build process",
          "\u2713 package completed",
          "Artifact uploaded: dist.zip (83MB)",
          "WARNING: lodash has known vulnerabilities",
          "Artifact uploaded: build.tar.gz (20MB)",
          "WARNING: axios has known vulnerabilities",
          "Pushing to registry...",
          "Using Node.js 19.9.3",
          "[12:51:54] INFO: Starting build process",
          "[12:51:54] INFO: Starting build process",
          "\u2713 All checks passed",
          "Cache invalidated: node_modules",
          "Compiling lib/app.ts...",
          "\u26a0 DEPRECATION: Feature will be removed in v5.0",
          "  PASS: test_auth_login (377ms)",
          "WARNING: eslint has known vulnerabilities",
          "Platform: darwin-arm64",
          "Checking out develop branch",
          "Tests: 389 passed, 405 total",
          "Finished.",
          "Step 19/19: Deploying",
          "WARNING: eslint has known vulnerabilities",
          "POST /upload - 201 (97ms)",
          "HEAD is now at 77f1614",
          "[12:51:54] ERROR: Connection failed",
          "Waiting...",
          "Ran 24 tests in 49s",
          "[12:51:54] DEBUG: Memory usage: 1744MB",
          "[12:51:54] DEBUG: Initializing service",
          "Checking out develop branch",
          "\u2713 deploy completed",
          "Switched to branch 'hotfix/task-185'",
          "Using Python 3.9",
          "Cache hit for key-1678",
          "[12:51:54] INFO: Starting build process",
          "Switched to branch 'bugfix/task-867'",
          "Fetching submodules...",
          "Step 18/20: Building",
          "Verifying...",
          "Building Docker image...",
          "Step 11/17: Deploying",
          "POST /api - 202 (35ms)",
          "Time: 99.755s",
          "Ready.",
          "Fetching submodules...",
          "Compiling components/app.ts...",
          "Cache invalidated: build",
          "Image pulled successfully",
          "Optimizing 82 modules...",
          "Uploading artifact 'build' (11 files)",
          "npm notice: created a lockfile",
          "Cache restored successfully (339MB)",
          "\u2713 Step 'setup' succeeded",
          "Waiting...",
          "[12:51:54] DEBUG: Query executed in 29ms",
          "[12:51:54] INFO: Request completed",
          "Image pulled successfully",
          "Using Node.js 16.5.6",
          "pip install: Successfully installed webpack-4.5",
          "Step 10/24: Testing",
          "Cache restored successfully (247MB)",
          "Fetching from https://githubusercontent.com/package.json",
          "Platform: linux-x64",
          "WARNING: eslint has known vulnerabilities",
          "Compiling components/main.py...",
          "\u26a0 DEPRECATION: Feature will be removed in v5.0",
          "Tests: 380 passed, 191 total",
          "Snapshots: 5 passed, 31 total",
          "Exception: NullPointerException",
          "pip: Collecting lodash",
          "FAILED: test_db_connect",
          "Compiling lib/app.ts...",
          "Building Docker image...",
          "\u26a0 DEPRECATION: Feature will be removed in v2.0",
          "[12:51:54] INFO: Connecting to database",
          "Test Suites: 5 passed, 47 total",
          "Compiling src/app.ts...",
          "Cache saved successfully",
          "npm install: added 205 packages",
          "NODE_ENV=development",
          "Done.",
          "Waiting...",
          "Switched to branch 'feature/task-103'",
          "FAILED: test_cache_hit",
          "Finished.",
          "\u26a0 DEPRECATION: Feature will be removed in v3.0",
          "Ran 54 tests in 48s",
          "Building Docker image...",
          "Layer 10/10: ENV command",
          "Installing eslint@3.8.6",
          "[12:51:54] WARN: Deprecated API usage",
          "Environment: staging",
          "OK",
          "npm install: resolved 1310 packages",
          "Time: 24.503s",
          "Cache miss for key-6031",
          "Checking out develop branch",
          "[12:51:54] ERROR: Connection failed",
          "Building Docker image...",
          "GET /health - 204 (64ms)",
          "Time: 2.613s",
          "Compiling src/handler.rs...",
          "Checking out master branch",
          "npm install: resolved 1785 packages",
          "Tests: 357 passed, 106 total",
          "Ready.",
          "\u2713 Step 'setup' succeeded",
          "npm notice: package.json updated",
          "Environment: staging",
          "Uploading artifact 'dist' (47 files)",
          "  PASS: test_api_health (360ms)",
          "Transforming 153 files...",
          "Cache invalidated: build",
          "Step 18/20: Deploying",
          "Ran 46 tests in 7s",
          "Processing...",
          "Cache restored successfully (134MB)",
          "Using Python 3.12",
          "Using Node.js 14.2.5",
          "Compiling lib/utils.go...",
          "Pushing to registry...",
          "Compiling lib/index.js...",
          "Creating production build...",
          "Compiling src/service.java...",
          "Snapshots: 36 passed, 34 total",
          "HEAD is now at 85e0b31",
          "Processing...",
          "GET /status - 204 (100ms)",
          "[12:51:54] INFO: Cache refreshed",
          "Using Node.js 18.6.0",
          "Completed.",
          "Artifact uploaded: dist.zip (44MB)",
          "HEAD is now at f0bf405",
          "Layer 5/13: ENV command",
          "Ready.",
          "Loading...",
          "Minifying app.js",
          "Artifact uploaded: dist.zip (74MB)",
          "Transforming 302 files...",
          "Exception: RuntimeError",
          "  PASS: integration/test_auth_login.spec.js",
          "Cache miss for key-2824",
          "Tests: 434 passed, 209 total",
          "Processing...",
          "TLS handshake completed",
          "Platform: win32-x64",
          "Minifying main.js",
          "[12:51:54] INFO: Starting build process",
          "Fetching submodules...",
          "WARNING: eslint has known vulnerabilities",
          "Installing prettier@2.8.10",
          "Switched to branch 'bugfix/task-685'",
          "Finished.",
          "Snapshots: 37 passed, 5 total",
          "Waiting...",
          "Creating production build...",
          "\u2713 Step 'test' succeeded",
          "Cache miss for key-7021",
          "Pulling image: alpine:18",
          "Step 10/16: Running migrations",
          "Ran 131 tests in 42s",
          "[12:51:54] DEBUG: Query executed in 67ms",
          "WARNING: react has known vulnerabilities",
          "=== Step restore_cache completed ==="
        ]
      },
      {
        "name": "save_cache",
        "status": "success",
        "started_at": "2025-12-19T12:53:09.301323",
        "finished_at": "2025-12-19T12:53:21.848018",
        "log_lines": [
          "=== Step: save_cache ===",
          "Time: 82.317s",
          "Processing...",
          "Pushing to registry...",
          "Step 2/18: Installing dependencies",
          "Switched to branch 'feature/task-245'",
          "pip: Installing build dependencies...",
          "Cache saved successfully",
          "\u26a0 DEPRECATION: Feature will be removed in v2.0",
          "FAILED: test_api_health",
          "pip install: Successfully installed axios-2.5",
          "Finished.",
          "Pushing to registry...",
          "Platform: win32-x64",
          "Snapshots: 12 passed, 21 total",
          "Step 7/22: Testing",
          "  PASS: test_api_health (372ms)",
          "Artifact uploaded: build.tar.gz (3MB)",
          "\u2713 build completed",
          "POST /data - 201 (452ms)",
          "Step 9/21: Linting",
          "Connection established",
          "Artifact downloaded: 1MB",
          "Completed.",
          "[12:51:54] INFO: Connecting to database",
          "[12:51:54] INFO: Request completed",
          "Loading...",
          "NODE_ENV=development",
          "Step 9/24: Linting",
          "[12:51:54] WARN: Deprecated API usage",
          "\u2713 validate completed",
          "Step 3/17: Building",
          "Artifact downloaded: 43MB",
          "Installing jest@4.15.5",
          "Cache restored successfully (298MB)",
          "Compiling components/handler.rs...",
          "FAILED: test_auth_login",
          "GET /api - 204 (19ms)",
          "[12:51:54] WARN: Deprecated API usage",
          "\u2717 build failed with exit code 25",
          "Ran 59 tests in 37s",
          "NODE_ENV=test",
          "\u26a0 DEPRECATION: Feature will be removed in v3.0",
          "npm install: added 222 packages",
          "pip: Collecting express",
          "\u26a0 DEPRECATION: Feature will be removed in v4.0",
          "\u2713 Step 'install' succeeded",
          "Layer 3/14: RUN command",
          "Step 18/20: Running migrations",
          "[12:51:54] INFO: Starting build process",
          "pip install: Successfully installed eslint-4.14",
          "Switched to branch 'hotfix/task-683'",
          "Building Docker image...",
          "Loading...",
          "\u2713 Task completed in 4555ms",
          "Verifying...",
          "[12:51:54] WARN: Deprecated API usage",
          "Done.",
          "Installing lodash@2.18.8",
          "npm notice: created a lockfile",
          "Pushing to registry...",
          "Exception: RuntimeError",
          "Completed.",
          "Uploading artifact 'build' (16 files)",
          "Step 17/19: Building",
          "[12:51:54] WARN: Deprecated API usage",
          "Step 15/24: Building",
          "\u2713 validate completed",
          "Using Python 3.12",
          "Step 12/21: Linting",
          "\u2713 Task completed in 3361ms",
          "\u26a0 DEPRECATION: Feature will be removed in v4.0",
          "Cache restored successfully (330MB)",
          "Fetching from https://npmjs.org/package.json",
          "Exception: ValueError",
          "Fetching from https://docker.io/package.json",
          "pip: Downloading jest-2.8.tar.gz",
          "WARNING: webpack has known vulnerabilities",
          "pip: Collecting eslint",
          "Time: 31.868s",
          "pip install: Successfully installed axios-4.11",
          "Loading...",
          "Completed.",
          "[12:51:54] INFO: Processing request",
          "Installing eslint@2.4.4",
          "Using Python 3.12",
          "\u2713 deploy completed",
          "pip: Downloading express-1.6.tar.gz",
          "Time: 94.213s",
          "[12:51:54] DEBUG: Loading configuration",
          "Step 19/25: Building",
          "NODE_ENV=production",
          "[12:51:54] DEBUG: Memory usage: 557MB",
          "Image pulled successfully",
          "Using Node.js 18.10.7",
          "Done.",
          "TLS handshake completed",
          "Step 18/15: Deploying",
          "Coverage: 91% statements, 78% branches",
          "\u2713 All checks passed",
          "Step 6/17: Linting",
          "Step 3/18: Deploying",
          "[12:51:54] INFO: Request completed",
          "Step 15/21: Building",
          "[12:51:54] INFO: Processing request",
          "Waiting...",
          "Minifying app.js",
          "Tests: 392 passed, 181 total",
          "Step 2/23: Installing dependencies",
          "\u2713 Task completed in 3954ms",
          "Loading...",
          "[12:51:54] DEBUG: Connection pool: 5 active",
          "Snapshots: 31 passed, 27 total",
          "Fetching from https://gcr.io/package.json",
          "Fetching from https://googleapis.com/package.json",
          "\u2713 build completed",
          "Time: 69.804s",
          "Building Docker image...",
          "Transforming 982 files...",
          "POST /upload - 202 (105ms)",
          "Step 15/20: Testing",
          "\u26a0 DEPRECATION: Feature will be removed in v2.0",
          "  PASS: test_db_connect (145ms)",
          "\u26a0 DEPRECATION: Feature will be removed in v3.0",
          "Processing...",
          "pip: Collecting eslint",
          "Time: 77.963s",
          "Coverage: 82% statements, 98% branches",
          "Ready.",
          "Processing...",
          "npm install: added 145 packages",
          "Layer 9/13: RUN command",
          "Test Suites: 30 passed, 15 total",
          "[12:51:54] DEBUG: Initializing service",
          "npm install: added 11 packages",
          "[12:51:54] DEBUG: Memory usage: 819MB",
          "Building Docker image...",
          "NODE_ENV=development",
          "Using Node.js 19.11.7",
          "Snapshots: 24 passed, 42 total",
          "  PASS: test_api_health (423ms)",
          "pip install: Successfully installed express-5.4",
          "\u2713 build completed",
          "Fetching from https://docker.io/package.json",
          "Waiting...",
          "Step 8/21: Running migrations",
          "Transforming 242 files...",
          "Snapshots: 44 passed, 30 total",
          "Coverage: 81% statements, 80% branches",
          "Optimizing 31 modules...",
          "[12:51:54] WARN: Deprecated API usage",
          "[12:51:54] ERROR: Connection failed",
          "\u2713 Task completed in 3987ms",
          "[12:51:54] INFO: Connecting to database",
          "  PASS: test_cache_hit (418ms)",
          "[12:51:54] DEBUG: Connection pool: 7 active",
          "OK",
          "Bundling runtime.js",
          "Step 3/21: Running migrations",
          "\u2713 All checks passed",
          "Artifact uploaded: build.tar.gz (36MB)",
          "Step 8/25: Building",
          "Image pulled successfully",
          "Snapshots: 32 passed, 49 total",
          "[12:51:54] INFO: Cache refreshed",
          "HEAD is now at e7efa5f",
          "Processing...",
          "Cache saved successfully",
          "[12:51:54] DEBUG: Initializing service",
          "Waiting...",
          "[12:51:54] INFO: Processing request",
          "Checking out develop branch",
          "[12:51:54] WARN: Deprecated API usage",
          "Cache hit for key-8545",
          "Compiling src/utils.go...",
          "Cache restored successfully (47MB)",
          "Artifact downloaded: 13MB",
          "Building Docker image...",
          "Step 5/24: Running migrations",
          "TLS handshake completed",
          "[12:51:54] INFO: Connecting to database",
          "Waiting...",
          "\u26a0 DEPRECATION: Feature will be removed in v3.0",
          "[12:51:54] INFO: Starting build process",
          "Creating production build...",
          "Compiling lib/app.ts...",
          "[12:51:54] INFO: Request completed",
          "Test Suites: 36 passed, 33 total",
          "pip install: Successfully installed lodash-4.14",
          "Compiling utils/handler.rs...",
          "Exception: ValueError",
          "Done.",
          "\u2713 All checks passed",
          "Already up to date.",
          "[12:51:54] INFO: Starting build process",
          "Fetching from https://googleapis.com/package.json",
          "pip: Collecting prettier",
          "[12:51:54] DEBUG: Initializing service",
          "[12:51:54] DEBUG: Query executed in 7ms",
          "NODE_ENV=development",
          "Building Docker image...",
          "GET /health - 201 (71ms)",
          "Step 14/20: Building",
          "Cache saved successfully",
          "Platform: darwin-arm64",
          "npm notice: created a lockfile",
          "Switched to branch 'feature/task-968'",
          "[12:51:54] INFO: Cache refreshed",
          "NODE_ENV=development",
          "Finished.",
          "TLS handshake completed",
          "[12:51:54] INFO: Connecting to database",
          "Coverage: 85% statements, 69% branches",
          "pip: Collecting lodash",
          "pip: Installing build dependencies...",
          "Cache invalidated: build",
          "Installing axios@5.16.7",
          "Fetching from https://amazonaws.com/package.json",
          "Step 18/25: Deploying",
          "  PASS: integration/test_cache_hit.spec.js",
          "[12:51:54] DEBUG: Initializing service",
          "npm install: added 453 packages",
          "Bundling runtime.css",
          "[12:51:54] INFO: Processing request",
          "Building Docker image...",
          "HEAD is now at 44eec7b",
          "Artifact downloaded: 50MB",
          "[12:51:54] DEBUG: Memory usage: 780MB",
          "Step 13/20: Deploying",
          "  PASS: e2e/test_user_create.spec.js",
          "pip: Installing build dependencies...",
          "Ready.",
          "Completed.",
          "Fetching from https://githubusercontent.com/package.json",
          "[12:51:54] INFO: Starting build process",
          "pip: Downloading lodash-4.18.tar.gz",
          "Done.",
          "[12:51:54] DEBUG: Initializing service",
          "Cache miss for key-8325",
          "GET /api - 204 (93ms)",
          "Creating production build...",
          "\u2713 All checks passed",
          "  PASS: integration/test_api_health.spec.js",
          "=== Step save_cache completed ==="
        ]
      },
      {
        "name": "lint",
        "status": "success",
        "started_at": "2025-12-19T12:53:21.848018",
        "finished_at": "2025-12-19T12:53:42.759176",
        "log_lines": [
          "=== Step: lint ===",
          "Waiting...",
          "Done.",
          "\u2713 Task completed in 3987ms",
          "OK",
          "Coverage: 94% statements, 77% branches",
          "npm notice: package.json updated",
          "Loading...",
          "Connection established",
          "Loading...",
          "Tests: 286 passed, 457 total",
          "\u2713 Step 'install' succeeded",
          "[12:51:54] DEBUG: Connection pool: 18 active",
          "[12:51:54] ERROR: Connection failed",
          "\u2713 Task completed in 131ms",
          "Using Node.js 16.9.1",
          "Fetching submodules...",
          "[12:51:54] WARN: Deprecated API usage",
          "pip: Collecting prettier",
          "[12:51:54] DEBUG: Initializing service",
          "NODE_ENV=development",
          "[12:51:54] DEBUG: Loading configuration",
          "Loading...",
          "NODE_ENV=test",
          "Installing express@3.2.4",
          "Compiling lib/service.java...",
          "pip: Installing build dependencies...",
          "[12:51:54] INFO: Processing request",
          "Step 4/15: Running migrations",
          "WARNING: lodash has known vulnerabilities",
          "Coverage: 86% statements, 70% branches",
          "Finished.",
          "WARNING: react has known vulnerabilities",
          "  PASS: test_auth_login (333ms)",
          "\u26a0 DEPRECATION: Feature will be removed in v2.0",
          "npm install: resolved 1231 packages",
          "Step 19/25: Deploying",
          "[12:51:54] WARN: Deprecated API usage",
          "TLS handshake completed",
          "Snapshots: 48 passed, 24 total",
          "Test Suites: 37 passed, 18 total",
          "TLS handshake completed",
          "Image pulled successfully",
          "Step 2/23: Linting",
          "\u2717 build failed with exit code 78",
          "Artifact uploaded: build.tar.gz (19MB)",
          "Layer 3/10: RUN command",
          "Creating production build...",
          "Step 6/16: Building",
          "Connection established",
          "pip: Installing build dependencies...",
          "Artifact uploaded: build.tar.gz (35MB)",
          "pip: Downloading webpack-3.8.tar.gz",
          "[12:51:54] INFO: Processing request",
          "Checking out develop branch",
          "Cache saved successfully",
          "  PASS: test_cache_hit (112ms)",
          "Generating source maps...",
          "Fetching submodules...",
          "\u2713 deploy completed",
          "[12:51:54] WARN: Deprecated API usage",
          "Coverage: 77% statements, 85% branches",
          "  PASS: unit/test_auth_login.spec.js",
          "Pushing to registry...",
          "pip: Downloading express-4.0.tar.gz",
          "WARNING: webpack has known vulnerabilities",
          "npm install: added 397 packages",
          "  PASS: unit/test_db_connect.spec.js",
          "Done.",
          "Creating production build...",
          "Success!",
          "Environment: development",
          "Using Node.js 17.6.8",
          "Layer 10/9: ENV command",
          "[12:51:54] INFO: Starting build process",
          "GET /health - 204 (98ms)",
          "\u26a0 DEPRECATION: Feature will be removed in v3.0",
          "Done.",
          "Fetching from https://registry.npmjs.org/package.json",
          "Image pulled successfully",
          "Artifact downloaded: 39MB",
          "Cache hit for key-5476",
          "Installing eslint@4.15.8",
          "[12:51:54] INFO: Request completed",
          "\u2713 Step 'setup' succeeded",
          "Cache hit for key-4919",
          "Step 4/15: Deploying",
          "[12:51:54] INFO: Cache refreshed",
          "Exception: NullPointerException",
          "Image pulled successfully",
          "  PASS: test_db_connect (115ms)",
          "[12:51:54] INFO: Processing request",
          "Bundling runtime.css",
          "Pulling image: node:3.11",
          "  PASS: unit/test_api_health.spec.js",
          "Uploading artifact 'dist' (34 files)",
          "Cache saved successfully",
          "Cache hit for key-6844",
          "npm notice: created a lockfile",
          "Generating source maps...",
          "npm install: added 16 packages",
          "Pulling image: node:latest",
          "Ran 39 tests in 39s",
          "pip: Installing build dependencies...",
          "Cache invalidated: build",
          "pip: Downloading lodash-5.7.tar.gz",
          "Using Python 3.10",
          "Generating source maps...",
          "Completed.",
          "Test Suites: 20 passed, 35 total",
          "\u2713 test completed",
          "Cache invalidated: node_modules",
          "Checking out develop branch",
          "HEAD is now at 1f40dcc",
          "Cache hit for key-1001",
          "[12:51:54] DEBUG: Loading configuration",
          "Fetching from https://githubusercontent.com/package.json",
          "  PASS: e2e/test_api_health.spec.js",
          "Coverage: 93% statements, 86% branches",
          "Using Node.js 15.11.5",
          "FAILED: test_auth_login",
          "  PASS: test_db_connect (478ms)",
          "Switched to branch 'feature/task-798'",
          "Verifying...",
          "NODE_ENV=test",
          "[12:51:54] INFO: Starting build process",
          "Completed.",
          "Artifact uploaded: dist.zip (21MB)",
          "Ran 18 tests in 31s",
          "Verifying...",
          "[12:51:54] INFO: Cache refreshed",
          "\u26a0 DEPRECATION: Feature will be removed in v4.0",
          "[12:51:54] DEBUG: Initializing service",
          "Ran 41 tests in 47s",
          "WARNING: webpack has known vulnerabilities",
          "Transforming 498 files...",
          "Artifact downloaded: 14MB",
          "Ran 130 tests in 9s",
          "Artifact uploaded: build.tar.gz (21MB)",
          "Connection established",
          "Minifying app.js",
          "Test Suites: 42 passed, 5 total",
          "Finished.",
          "[12:51:54] WARN: Deprecated API usage",
          "Cache hit for key-2416",
          "GET /api - 204 (40ms)",
          "\u26a0 DEPRECATION: Feature will be removed in v4.0",
          "Cache restored successfully (433MB)",
          "Step 2/21: Testing",
          "Step 14/22: Building",
          "[12:51:54] DEBUG: Connection pool: 13 active",
          "Artifact uploaded: build.tar.gz (34MB)",
          "WARNING: jest has known vulnerabilities",
          "Test Suites: 47 passed, 16 total",
          "Transforming 145 files...",
          "pip: Downloading webpack-4.15.tar.gz",
          "  PASS: unit/test_cache_hit.spec.js",
          "Step 7/21: Linting",
          "Artifact downloaded: 49MB",
          "[12:51:54] ERROR: Connection failed",
          "Snapshots: 39 passed, 0 total",
          "Creating production build...",
          "pip: Collecting axios",
          "Cache miss for key-2092",
          "Artifact uploaded: build.tar.gz (5MB)",
          "  PASS: test_user_create (65ms)",
          "Artifact downloaded: 24MB",
          "npm notice: package.json updated",
          "Tests: 324 passed, 457 total",
          "Processing...",
          "\u2713 Step 'setup' succeeded",
          "Success!",
          "Bundling styles.css",
          "Success!",
          "Fetching submodules...",
          "Cache invalidated: build",
          "Cache invalidated: node_modules",
          "Compiling components/app.ts...",
          "[12:51:54] INFO: Connecting to database",
          "[12:51:54] WARN: Deprecated API usage",
          "[12:51:54] DEBUG: Connection pool: 15 active",
          "npm install: added 288 packages",
          "Artifact uploaded: dist.zip (33MB)",
          "\u2713 Step 'test' succeeded",
          "\u2713 lint completed",
          "\u2713 Task completed in 2587ms",
          "POST /upload - 202 (405ms)",
          "Ready.",
          "[12:51:54] INFO: Starting build process",
          "Cache restored successfully (371MB)",
          "[12:51:54] INFO: Connecting to database",
          "[12:51:54] INFO: Connecting to database",
          "Switched to branch 'feature/task-416'",
          "WARNING: react has known vulnerabilities",
          "  PASS: test_user_create (81ms)",
          "Waiting...",
          "HEAD is now at 57d3bfe",
          "[12:51:54] DEBUG: Query executed in 29ms",
          "[12:51:54] DEBUG: Initializing service",
          "npm notice: created a lockfile",
          "Connection established",
          "Building Docker image...",
          "\u2713 Step 'install' succeeded",
          "GET /health - 201 (11ms)",
          "Using Python 3.12",
          "Ready.",
          "pip: Collecting axios",
          "Success!",
          "TLS handshake completed",
          "Snapshots: 17 passed, 49 total",
          "[12:51:54] ERROR: Connection failed",
          "[12:51:54] ERROR: Connection failed",
          "Platform: win32-x64",
          "Processing...",
          "Already up to date.",
          "pip: Collecting webpack",
          "OK",
          "Cache saved successfully",
          "[12:51:54] INFO: Cache refreshed",
          "Step 19/24: Installing dependencies",
          "Checking out develop branch",
          "Compiling lib/handler.rs...",
          "pip: Installing build dependencies...",
          "Generating source maps...",
          "Verifying...",
          "Cache miss for key-1369",
          "Pulling image: alpine:18",
          "Done.",
          "pip install: Successfully installed axios-3.13",
          "Uploading artifact 'dist' (9 files)",
          "Image pulled successfully",
          "WARNING: jest has known vulnerabilities",
          "\u2713 All checks passed",
          "[12:51:54] WARN: Deprecated API usage",
          "Building Docker image...",
          "Using Python 3.12",
          "\u26a0 DEPRECATION: Feature will be removed in v4.0",
          "Cache restored successfully (362MB)",
          "npm install: added 304 packages",
          "Optimizing 60 modules...",
          "NODE_ENV=production",
          "Success!",
          "Cache miss for key-4622",
          "=== Step lint completed ==="
        ]
      },
      {
        "name": "install_dependencies",
        "status": "success",
        "started_at": "2025-12-19T12:53:42.759176",
        "finished_at": "2025-12-19T12:54:45.492649",
        "log_lines": [
          "=== Step: install_dependencies ===",
          "Finished.",
          "[12:51:54] INFO: Processing request",
          "[12:51:54] WARN: Deprecated API usage",
          "WARNING: lodash has known vulnerabilities",
          "Step 19/15: Installing dependencies",
          "Cache saved successfully",
          "yarn add: Done in 11.59s",
          "Step 16/25: Deploying",
          "Using Node.js 18.4.0",
          "Coverage: 82% statements, 80% branches",
          "Pulling image: alpine:latest",
          "Artifact downloaded: 16MB",
          "Ready.",
          "Compiling src/handler.rs...",
          "Verifying...",
          "Fetching submodules...",
          "[12:51:54] INFO: Request completed",
          "Loading...",
          "\u2713 Step 'setup' succeeded",
          "Already up to date.",
          "Platform: darwin-arm64",
          "\u2713 Step 'install' succeeded",
          "Platform: win32-x64",
          "Loading...",
          "Artifact uploaded: build.tar.gz (8MB)",
          "npm install: added 23 packages",
          "\u2717 build failed with exit code 40",
          "[12:51:54] INFO: Cache refreshed",
          "Snapshots: 4 passed, 29 total",
          "Switched to branch 'feature/task-595'",
          "npm install: resolved 1481 packages",
          "Platform: darwin-arm64",
          "[12:51:54] INFO: Processing request",
          "Fetching submodules...",
          "npm notice: package.json updated",
          "Success!",
          "[12:51:54] WARN: Deprecated API usage",
          "Bundling runtime.js",
          "Test Suites: 10 passed, 13 total",
          "Transforming 104 files...",
          "pip: Installing build dependencies...",
          "Cache restored successfully (288MB)",
          "\u26a0 DEPRECATION: Feature will be removed in v3.0",
          "[12:51:54] INFO: Starting build process",
          "Transforming 740 files...",
          "Success!",
          "Step 5/23: Running migrations",
          "Environment: staging",
          "Creating production build...",
          "Artifact downloaded: 45MB",
          "[12:51:54] DEBUG: Memory usage: 498MB",
          "Step 11/16: Installing dependencies",
          "Layer 10/9: ENV command",
          "pip: Downloading webpack-1.15.tar.gz",
          "Using Node.js 14.8.10",
          "WARNING: webpack has known vulnerabilities",
          "Step 15/18: Running migrations",
          "yarn add: Done in 2.48s",
          "[12:51:54] WARN: Deprecated API usage",
          "\u2713 Task completed in 3758ms",
          "Cache hit for key-1676",
          "Cache restored successfully (116MB)",
          "Completed.",
          "Loading...",
          "Creating production build...",
          "Cache invalidated: node_modules",
          "\u26a0 DEPRECATION: Feature will be removed in v4.0",
          "Cache hit for key-4297",
          "Creating production build...",
          "Success!",
          "\u2713 All checks passed",
          "  PASS: e2e/test_cache_hit.spec.js",
          "Tests: 297 passed, 241 total",
          "Checking out master branch",
          "Cache saved successfully",
          "[12:51:54] INFO: Starting build process",
          "pip: Downloading lodash-1.13.tar.gz",
          "Done.",
          "Step 18/22: Linting",
          "Environment: test",
          "[12:51:54] INFO: Cache refreshed",
          "[12:51:54] INFO: Connecting to database",
          "[12:51:54] DEBUG: Connection pool: 14 active",
          "pip: Installing build dependencies...",
          "Transforming 780 files...",
          "\u26a0 DEPRECATION: Feature will be removed in v3.0",
          "npm install: added 137 packages",
          "WARNING: axios has known vulnerabilities",
          "Success!",
          "Success!",
          "npm notice: package.json updated",
          "FAILED: test_auth_login",
          "POST /data - 202 (391ms)",
          "WARNING: axios has known vulnerabilities",
          "Step 5/20: Deploying",
          "  PASS: unit/test_api_health.spec.js",
          "Cache invalidated: dependencies",
          "Transforming 994 files...",
          "Snapshots: 10 passed, 17 total",
          "Uploading artifact 'coverage' (13 files)",
          "pip install: Successfully installed jest-2.11",
          "\u26a0 DEPRECATION: Feature will be removed in v5.0",
          "Compiling src/index.js...",
          "Step 18/23: Building",
          "Pushing to registry...",
          "Snapshots: 27 passed, 32 total",
          "Step 5/25: Linting",
          "Optimizing 53 modules...",
          "Using Node.js 15.20.9",
          "[12:51:54] WARN: Deprecated API usage",
          "Processing...",
          "GET /health - 204 (75ms)",
          "Completed.",
          "Processing...",
          "Transforming 846 files...",
          "Cache invalidated: node_modules",
          "Platform: linux-x64",
          "Creating production build...",
          "Coverage: 73% statements, 92% branches",
          "\u26a0 DEPRECATION: Feature will be removed in v5.0",
          "Tests: 236 passed, 154 total",
          "Step 1/15: Building",
          "[12:51:54] INFO: Starting build process",
          "Compiling utils/handler.rs...",
          "Uploading artifact 'build' (6 files)",
          "[12:51:54] DEBUG: Loading configuration",
          "Minifying vendor.js",
          "npm notice: package.json updated",
          "TLS handshake completed",
          "Step 18/24: Building",
          "Transforming 232 files...",
          "Loading...",
          "GET /api - 204 (42ms)",
          "Checking out master branch",
          "Step 10/18: Linting",
          "WARNING: prettier has known vulnerabilities",
          "Fetching from https://githubusercontent.com/package.json",
          "HEAD is now at 2d67aa2",
          "[12:51:54] INFO: Cache refreshed",
          "Step 2/24: Running migrations",
          "[12:51:54] WARN: Deprecated API usage",
          "Tests: 275 passed, 496 total",
          "Transforming 926 files...",
          "Step 15/20: Deploying",
          "Step 14/16: Building",
          "  PASS: test_auth_login (354ms)",
          "Step 3/22: Building",
          "Bundling styles.js",
          "Checking out master branch",
          "Step 1/15: Building",
          "Installing react@1.8.8",
          "Snapshots: 29 passed, 14 total",
          "Fetching submodules...",
          "Pulling image: alpine:3.11",
          "Installing prettier@5.0.0",
          "\u2713 All checks passed",
          "WARNING: axios has known vulnerabilities",
          "Bundling main.css",
          "yarn add: Done in 9.69s",
          "[12:51:54] INFO: Starting build process",
          "\u2713 Task completed in 834ms",
          "npm notice: package.json updated",
          "Platform: darwin-arm64",
          "pip install: Successfully installed jest-5.15",
          "[12:51:54] INFO: Processing request",
          "WARNING: prettier has known vulnerabilities",
          "NODE_ENV=production",
          "[12:51:54] DEBUG: Initializing service",
          "[12:51:54] INFO: Connecting to database",
          "pip: Collecting jest",
          "Waiting...",
          "Step 17/21: Running migrations",
          "[12:51:54] INFO: Request completed",
          "Compiling utils/handler.rs...",
          "Snapshots: 42 passed, 0 total",
          "Checking out main branch",
          "Generating source maps...",
          "[12:51:54] DEBUG: Initializing service",
          "\u2713 Task completed in 654ms",
          "Using Node.js 17.12.3",
          "[12:51:54] WARN: Deprecated API usage",
          "Done.",
          "[12:51:54] WARN: Deprecated API usage",
          "Time: 5.356s",
          "Step 8/21: Testing",
          "HEAD is now at bf06c82",
          "[12:51:54] DEBUG: Loading configuration",
          "Cache invalidated: dependencies",
          "Artifact uploaded: dist.zip (83MB)",
          "[12:51:54] INFO: Starting build process",
          "Step 4/25: Testing",
          "npm install: added 451 packages",
          "pip: Collecting lodash",
          "POST /upload - 201 (150ms)",
          "Environment: test",
          "Step 20/20: Building",
          "Coverage: 78% statements, 77% branches",
          "Pushing to registry...",
          "Fetching submodules...",
          "TLS handshake completed",
          "Fetching submodules...",
          "Environment: staging",
          "NODE_ENV=test",
          "Building Docker image...",
          "[12:51:54] DEBUG: Connection pool: 7 active",
          "Bundling runtime.css",
          "WARNING: jest has known vulnerabilities",
          "Completed.",
          "Installing prettier@1.4.4",
          "Fetching submodules...",
          "[12:51:54] INFO: Starting build process",
          "Compiling utils/app.ts...",
          "Completed.",
          "Step 6/16: Deploying",
          "Step 10/15: Installing dependencies",
          "[12:51:54] ERROR: Connection failed",
          "Compiling lib/app.ts...",
          "[12:51:54] DEBUG: Query executed in 9ms",
          "Compiling lib/handler.rs...",
          "Optimizing 70 modules...",
          "Building Docker image...",
          "Layer 8/9: ENV command",
          "pip: Installing build dependencies...",
          "Step 8/17: Building",
          "Finished.",
          "pip: Downloading react-5.9.tar.gz",
          "Artifact uploaded: dist.zip (74MB)",
          "npm notice: package.json updated",
          "Coverage: 91% statements, 61% branches",
          "Time: 58.101s",
          "Fetching from https://amazonaws.com/package.json",
          "Creating production build...",
          "Compiling lib/app.ts...",
          "Step 6/21: Deploying",
          "Switched to branch 'feature/task-151'",
          "Using Node.js 16.17.4",
          "[12:51:54] INFO: Connecting to database",
          "[12:51:54] DEBUG: Connection pool: 10 active",
          "Pushing to registry...",
          "Fetching submodules...",
          "Cache miss for key-1980",
          "Processing...",
          "=== Step install_dependencies completed ==="
        ]
      },
      {
        "name": "setup_environment",
        "status": "success",
        "started_at": "2025-12-19T12:54:45.492649",
        "finished_at": "2025-12-19T12:55:06.403807",
        "log_lines": [
          "=== Step: setup_environment ===",
          "Creating production build...",
          "TLS handshake completed",
          "npm notice: created a lockfile",
          "Layer 6/15: ENV command",
          "Finished.",
          "Success!",
          "Artifact uploaded: dist.zip (59MB)",
          "Artifact uploaded: build.tar.gz (15MB)",
          "Verifying...",
          "Image pulled successfully",
          "[12:51:54] INFO: Connecting to database",
          "Cache miss for key-6665",
          "\u2717 build failed with exit code 1",
          "pip install: Successfully installed lodash-1.18",
          "Compiling utils/service.java...",
          "\u26a0 DEPRECATION: Feature will be removed in v4.0",
          "Creating production build...",
          "pip install: Successfully installed lodash-5.14",
          "[12:51:54] INFO: Connecting to database",
          "Layer 9/11: COPY command",
          "Tests: 358 passed, 490 total",
          "Minifying vendor.js",
          "\u2713 Step 'build' succeeded",
          "npm install: resolved 411 packages",
          "Using Python 3.11",
          "[12:51:54] INFO: Cache refreshed",
          "pip: Collecting react",
          "Creating production build...",
          "Cache hit for key-5777",
          "Compiling src/service.java...",
          "pip: Collecting jest",
          "[12:51:54] INFO: Connecting to database",
          "Cache invalidated: node_modules",
          "Switched to branch 'feature/task-942'",
          "Creating production build...",
          "Cache miss for key-7815",
          "POST /data - 200 (129ms)",
          "Transforming 993 files...",
          "Environment: production",
          "pip: Installing build dependencies...",
          "[12:51:54] INFO: Connecting to database",
          "Compiling components/handler.rs...",
          "Checking out develop branch",
          "[12:51:54] DEBUG: Connection pool: 12 active",
          "Coverage: 88% statements, 99% branches",
          "WARNING: axios has known vulnerabilities",
          "Cache restored successfully (484MB)",
          "Time: 111.482s",
          "Pushing to registry...",
          "[12:51:54] WARN: Deprecated API usage",
          "\u2713 All checks passed",
          "[12:51:54] INFO: Request completed",
          "Checking out main branch",
          "\u26a0 DEPRECATION: Feature will be removed in v2.0",
          "Pulling image: alpine:latest",
          "Tests: 78 passed, 67 total",
          "Artifact downloaded: 49MB",
          "Transforming 120 files...",
          "\u26a0 DEPRECATION: Feature will be removed in v4.0",
          "[12:51:54] DEBUG: Memory usage: 1669MB",
          "\u2713 Step 'setup' succeeded",
          "Cache hit for key-1429",
          "  PASS: integration/test_api_health.spec.js",
          "Loading...",
          "WARNING: prettier has known vulnerabilities",
          "[12:51:54] ERROR: Connection failed",
          "Snapshots: 36 passed, 39 total",
          "[12:51:54] INFO: Cache refreshed",
          "Generating source maps...",
          "Compiling lib/app.ts...",
          "  PASS: test_api_health (157ms)",
          "yarn add: Done in 29.21s",
          "Verifying...",
          "Coverage: 81% statements, 74% branches",
          "Uploading artifact 'build' (20 files)",
          "POST /upload - 202 (252ms)",
          "Compiling src/handler.rs...",
          "Success!",
          "Layer 9/11: COPY command",
          "HEAD is now at d0406e8",
          "Optimizing 42 modules...",
          "Step 17/17: Installing dependencies",
          "Image pulled successfully",
          "[12:51:54] DEBUG: Connection pool: 2 active",
          "\u2713 Task completed in 706ms",
          "Image pulled successfully",
          "pip: Downloading prettier-2.0.tar.gz",
          "Transforming 593 files...",
          "Test Suites: 27 passed, 26 total",
          "Exception: NullPointerException",
          "OK",
          "[12:51:54] INFO: Cache refreshed",
          "Cache saved successfully",
          "\u2713 Step 'test' succeeded",
          "Cache hit for key-8698",
          "Tests: 285 passed, 471 total",
          "Done.",
          "npm install: resolved 1932 packages",
          "Image pulled successfully",
          "Transforming 662 files...",
          "npm install: resolved 1610 packages",
          "OK",
          "Snapshots: 26 passed, 33 total",
          "Pulling image: alpine:latest",
          "[12:51:54] DEBUG: Initializing service",
          "Loading...",
          "Using Node.js 17.8.10",
          "Success!",
          "Installing lodash@5.15.9",
          "Transforming 552 files...",
          "Optimizing 94 modules...",
          "  PASS: test_api_health (356ms)",
          "Minifying app.js",
          "Coverage: 94% statements, 74% branches",
          "HEAD is now at 6e12ec6",
          "[12:51:54] DEBUG: Query executed in 95ms",
          "Completed.",
          "Test Suites: 47 passed, 35 total",
          "[12:51:54] INFO: Cache refreshed",
          "Tests: 130 passed, 397 total",
          "Installing eslint@4.6.10",
          "pip: Installing build dependencies...",
          "[12:51:54] WARN: Deprecated API usage",
          "Already up to date.",
          "Test Suites: 38 passed, 9 total",
          "WARNING: lodash has known vulnerabilities",
          "Compiling components/service.java...",
          "HEAD is now at 33246ff",
          "[12:51:54] DEBUG: Memory usage: 1286MB",
          "npm install: resolved 1702 packages",
          "Cache hit for key-7922",
          "Compiling utils/handler.rs...",
          "Fetching submodules...",
          "Tests: 260 passed, 255 total",
          "Step 19/16: Testing",
          "Exception: ValueError",
          "Tests: 408 passed, 408 total",
          "[12:51:54] DEBUG: Query executed in 63ms",
          "Processing...",
          "Step 20/24: Installing dependencies",
          "npm install: resolved 400 packages",
          "GET /health - 204 (23ms)",
          "Building Docker image...",
          "Uploading artifact 'dist' (5 files)",
          "Installing prettier@5.14.5",
          "npm install: added 13 packages",
          "Layer 3/10: RUN command",
          "Connection established",
          "Using Node.js 18.15.1",
          "Cache hit for key-3994",
          "GET /api - 201 (97ms)",
          "Using Python 3.11",
          "pip install: Successfully installed react-1.18",
          "[12:51:54] WARN: Deprecated API usage",
          "npm install: added 51 packages",
          "npm install: resolved 867 packages",
          "Minifying main.js",
          "POST /upload - 201 (202ms)",
          "Cache invalidated: node_modules",
          "[12:51:54] ERROR: Connection failed",
          "Using Node.js 16.20.9",
          "[12:51:54] INFO: Cache refreshed",
          "Image pulled successfully",
          "Step 18/16: Deploying",
          "[12:51:54] ERROR: Connection failed",
          "  PASS: test_api_health (324ms)",
          "Success!",
          "\u2713 Task completed in 2356ms",
          "Installing react@3.2.0",
          "npm notice: package.json updated",
          "Finished.",
          "\u2717 build failed with exit code 72",
          "NODE_ENV=production",
          "pip install: Successfully installed webpack-1.18",
          "WARNING: lodash has known vulnerabilities",
          "[12:51:54] DEBUG: Query executed in 95ms",
          "WARNING: webpack has known vulnerabilities",
          "[12:51:54] DEBUG: Initializing service",
          "Layer 9/8: COPY command",
          "POST /data - 200 (357ms)",
          "Waiting...",
          "[12:51:54] INFO: Starting build process",
          "Test Suites: 6 passed, 12 total",
          "Switched to branch 'bugfix/task-160'",
          "FAILED: test_db_connect",
          "Generating source maps...",
          "Creating production build...",
          "\u2713 deploy completed",
          "npm notice: created a lockfile",
          "Loading...",
          "Uploading artifact 'dist' (24 files)",
          "TLS handshake completed",
          "Platform: win32-x64",
          "Exception: TypeError",
          "Step 17/15: Linting",
          "Compiling components/handler.rs...",
          "Step 19/22: Building",
          "Image pulled successfully",
          "npm notice: created a lockfile",
          "npm notice: package.json updated",
          "Image pulled successfully",
          "Image pulled successfully",
          "\u2717 build failed with exit code 83",
          "[12:51:54] INFO: Request completed",
          "Environment: test",
          "Cache invalidated: dependencies",
          "Exception: ValueError",
          "pip: Installing build dependencies...",
          "Image pulled successfully",
          "TLS handshake completed",
          "OK",
          "Waiting...",
          "Image pulled successfully",
          "\u2713 Step 'test' succeeded",
          "  PASS: integration/test_auth_login.spec.js",
          "Test Suites: 22 passed, 10 total",
          "[12:51:54] INFO: Processing request",
          "Using Python 3.11",
          "  PASS: unit/test_user_create.spec.js",
          "Switched to branch 'feature/task-205'",
          "Tests: 271 passed, 185 total",
          "NODE_ENV=production",
          "Finished.",
          "\u2713 Task completed in 997ms",
          "Step 6/15: Running migrations",
          "Image pulled successfully",
          "pip: Installing build dependencies...",
          "Already up to date.",
          "Connection established",
          "[12:51:54] ERROR: Connection failed",
          "npm install: resolved 754 packages",
          "Bundling styles.js",
          "  PASS: test_user_create (123ms)",
          "Step 14/24: Deploying",
          "FAILED: test_cache_hit",
          "\u26a0 DEPRECATION: Feature will be removed in v4.0",
          "Tests: 419 passed, 272 total",
          "yarn add: Done in 28.64s",
          "Completed.",
          "Step 2/19: Testing",
          "Waiting...",
          "\u2713 All checks passed",
          "=== Step setup_environment completed ==="
        ]
      },
      {
        "name": "checkout",
        "status": "success",
        "started_at": "2025-12-19T12:55:06.403807",
        "finished_at": "2025-12-19T12:55:14.768270",
        "log_lines": [
          "=== Step: checkout ===",
          "pip: Collecting jest",
          "Snapshots: 3 passed, 16 total",
          "Checking out main branch",
          "Uploading artifact 'build' (21 files)",
          "Cache miss for key-3802",
          "Checking out develop branch",
          "Test Suites: 48 passed, 36 total",
          "\u2713 deploy completed",
          "[12:51:54] DEBUG: Query executed in 3ms",
          "Loading...",
          "\u2713 All checks passed",
          "NODE_ENV=development",
          "OK",
          "[12:51:54] WARN: Deprecated API usage",
          "Snapshots: 10 passed, 45 total",
          "TLS handshake completed",
          "\u2713 All checks passed",
          "Transforming 384 files...",
          "Already up to date.",
          "yarn add: Done in 3.84s",
          "[12:51:54] WARN: Deprecated API usage",
          "Cache restored successfully (283MB)",
          "[12:51:54] WARN: Deprecated API usage",
          "[12:51:54] INFO: Processing request",
          "Uploading artifact 'coverage' (28 files)",
          "Step 19/20: Building",
          "Step 2/16: Testing",
          "[12:51:54] WARN: Deprecated API usage",
          "[12:51:54] INFO: Cache refreshed",
          "Processing...",
          "Compiling components/app.ts...",
          "Artifact uploaded: build.tar.gz (13MB)",
          "pip: Installing build dependencies...",
          "[12:51:54] DEBUG: Initializing service",
          "[12:51:54] DEBUG: Query executed in 34ms",
          "Optimizing 51 modules...",
          "TLS handshake completed",
          "WARNING: express has known vulnerabilities",
          "[12:51:54] DEBUG: Initializing service",
          "\u2713 test completed",
          "Completed.",
          "WARNING: axios has known vulnerabilities",
          "Ran 25 tests in 44s",
          "Platform: darwin-arm64",
          "[12:51:54] INFO: Processing request",
          "Cache hit for key-6390",
          "Pulling image: python:latest",
          "pip install: Successfully installed react-1.17",
          "Step 9/15: Building",
          "npm install: added 390 packages",
          "npm notice: package.json updated",
          "\u2713 test completed",
          "Building Docker image...",
          "FAILED: test_cache_hit",
          "Artifact uploaded: dist.zip (88MB)",
          "[12:51:54] DEBUG: Query executed in 22ms",
          "Snapshots: 28 passed, 36 total",
          "[12:51:54] WARN: Deprecated API usage",
          "Compiling utils/index.js...",
          "Connection established",
          "Completed.",
          "Fetching from https://github.com/package.json",
          "Artifact uploaded: build.tar.gz (41MB)",
          "npm install: resolved 618 packages",
          "Cache miss for key-8657",
          "Step 10/22: Testing",
          "pip: Downloading express-4.4.tar.gz",
          "Minifying vendor.js",
          "Processing...",
          "Verifying...",
          "Installing jest@1.3.10",
          "npm notice: created a lockfile",
          "\u2713 All checks passed",
          "Finished.",
          "Done.",
          "Exception: RuntimeError",
          "npm notice: created a lockfile",
          "Verifying...",
          "Uploading artifact 'dist' (40 files)",
          "  PASS: integration/test_cache_hit.spec.js",
          "Platform: linux-x64",
          "Switched to branch 'bugfix/task-612'",
          "Layer 10/12: COPY command",
          "Layer 8/14: RUN command",
          "\u2713 All checks passed",
          "Environment: staging",
          "\u26a0 DEPRECATION: Feature will be removed in v3.0",
          "Ran 178 tests in 40s",
          "POST /data - 201 (267ms)",
          "OK",
          "Compiling src/utils.go...",
          "\u2713 All checks passed",
          "GET /status - 204 (75ms)",
          "Artifact uploaded: build.tar.gz (13MB)",
          "Generating source maps...",
          "Step 11/25: Deploying",
          "Success!",
          "Cache saved successfully",
          "Fetching from https://registry.npmjs.org/package.json",
          "Environment: staging",
          "Coverage: 87% statements, 87% branches",
          "[12:51:54] INFO: Connecting to database",
          "[12:51:54] DEBUG: Query executed in 35ms",
          "\u26a0 DEPRECATION: Feature will be removed in v4.0",
          "Compiling utils/service.java...",
          "Step 3/22: Deploying",
          "Tests: 91 passed, 395 total",
          "NODE_ENV=test",
          "Success!",
          "Environment: development",
          "Cache hit for key-4139",
          "yarn add: Done in 5.98s",
          "[12:51:54] WARN: Deprecated API usage",
          "Step 10/15: Testing",
          "Verifying...",
          "Using Node.js 18.7.6",
          "Time: 102.94s",
          "Artifact downloaded: 15MB",
          "Compiling src/index.js...",
          "Checking out main branch",
          "Loading...",
          "HEAD is now at 1b3128c",
          "[12:51:54] INFO: Cache refreshed",
          "\u2713 All checks passed",
          "[12:51:54] DEBUG: Loading configuration",
          "[12:51:54] DEBUG: Initializing service",
          "Ready.",
          "Optimizing 97 modules...",
          "Cache restored successfully (31MB)",
          "Test Suites: 38 passed, 44 total",
          "Platform: linux-x64",
          "Installing prettier@1.0.10",
          "Generating source maps...",
          "Already up to date.",
          "Step 2/21: Installing dependencies",
          "Uploading artifact 'build' (26 files)",
          "Environment: production",
          "Completed.",
          "Step 15/18: Running migrations",
          "pip: Collecting eslint",
          "Uploading artifact 'build' (24 files)",
          "Step 7/15: Running migrations",
          "Compiling lib/app.ts...",
          "Cache restored successfully (112MB)",
          "Fetching from https://googleapis.com/package.json",
          "  PASS: test_api_health (17ms)",
          "[12:51:54] WARN: Deprecated API usage",
          "Image pulled successfully",
          "Artifact uploaded: dist.zip (34MB)",
          "[12:51:54] DEBUG: Memory usage: 760MB",
          "Installing jest@2.19.1",
          "[12:51:54] INFO: Cache refreshed",
          "Cache restored successfully (368MB)",
          "Compiling components/service.java...",
          "Artifact downloaded: 39MB",
          "Step 19/21: Linting",
          "Artifact downloaded: 21MB",
          "Fetching from https://registry.npmjs.org/package.json",
          "Done.",
          "Minifying main.js",
          "npm notice: created a lockfile",
          "Using Python 3.12",
          "\u26a0 DEPRECATION: Feature will be removed in v4.0",
          "WARNING: eslint has known vulnerabilities",
          "Platform: win32-x64",
          "Compiling utils/service.java...",
          "Step 19/21: Building",
          "\u26a0 DEPRECATION: Feature will be removed in v4.0",
          "Step 7/15: Testing",
          "Processing...",
          "Using Python 3.12",
          "Pulling image: node:18",
          "Waiting...",
          "Uploading artifact 'dist' (17 files)",
          "Installing eslint@3.7.6",
          "Ran 17 tests in 24s",
          "[12:51:54] DEBUG: Connection pool: 2 active",
          "Uploading artifact 'build' (9 files)",
          "Coverage: 94% statements, 99% branches",
          "[12:51:54] DEBUG: Loading configuration",
          "NODE_ENV=production",
          "[12:51:54] DEBUG: Connection pool: 3 active",
          "Compiling utils/index.js...",
          "[12:51:54] WARN: Deprecated API usage",
          "Cache invalidated: node_modules",
          "Finished.",
          "Artifact uploaded: dist.zip (48MB)",
          "Step 10/21: Linting",
          "Exception: ValueError",
          "[12:51:54] DEBUG: Memory usage: 1029MB",
          "Cache invalidated: build",
          "Verifying...",
          "Tests: 234 passed, 365 total",
          "[12:51:54] WARN: Deprecated API usage",
          "Done.",
          "Minifying vendor.js",
          "Artifact downloaded: 35MB",
          "GET /api - 201 (6ms)",
          "pip install: Successfully installed react-2.19",
          "Step 6/24: Running migrations",
          "  PASS: e2e/test_cache_hit.spec.js",
          "Using Python 3.10",
          "[12:51:54] DEBUG: Query executed in 66ms",
          "Artifact uploaded: dist.zip (89MB)",
          "[12:51:54] WARN: Deprecated API usage",
          "Compiling components/service.java...",
          "pip install: Successfully installed react-2.17",
          "Connection established",
          "Uploading artifact 'coverage' (43 files)",
          "Tests: 252 passed, 304 total",
          "[12:51:54] DEBUG: Memory usage: 1140MB",
          "Processing...",
          "Test Suites: 34 passed, 26 total",
          "Verifying...",
          "[12:51:54] INFO: Cache refreshed",
          "Snapshots: 39 passed, 41 total",
          "[12:51:54] DEBUG: Loading configuration",
          "Completed.",
          "\u2713 validate completed",
          "Pushing to registry...",
          "NODE_ENV=development",
          "Step 17/20: Running migrations",
          "Cache saved successfully",
          "[12:51:54] INFO: Processing request",
          "Artifact downloaded: 17MB",
          "Step 5/15: Installing dependencies",
          "npm notice: package.json updated",
          "Checking out main branch",
          "pip: Downloading webpack-5.11.tar.gz",
          "\u2713 Step 'build' succeeded",
          "\u2713 validate completed",
          "Loading...",
          "Cache saved successfully",
          "Step 9/18: Testing",
          "Pushing to registry...",
          "[12:51:54] DEBUG: Loading configuration",
          "Pushing to registry...",
          "[12:51:54] DEBUG: Memory usage: 863MB",
          "Building Docker image...",
          "yarn add: Done in 16.6s",
          "[12:51:54] INFO: Connecting to database",
          "Connection established",
          "=== Step checkout completed ==="
        ]
      },
      {
        "name": "e2e_tests",
        "status": "success",
        "started_at": "2025-12-19T12:55:14.768270",
        "finished_at": "2025-12-19T12:55:35.679428",
        "log_lines": [
          "=== Step: e2e_tests ===",
          "\u26a0 DEPRECATION: Feature will be removed in v5.0",
          "Artifact downloaded: 40MB",
          "Compiling utils/service.java...",
          "  PASS: e2e/test_cache_hit.spec.js",
          "[12:51:54] DEBUG: Memory usage: 1152MB",
          "Cache invalidated: dependencies",
          "[12:51:54] DEBUG: Query executed in 85ms",
          "\u2713 Task completed in 4981ms",
          "Cache invalidated: build",
          "[12:51:54] DEBUG: Query executed in 34ms",
          "Fetching submodules...",
          "TLS handshake completed",
          "Step 15/16: Linting",
          "Ran 17 tests in 53s",
          "Compiling utils/index.js...",
          "[12:51:54] INFO: Connecting to database",
          "npm install: added 199 packages",
          "[12:51:54] INFO: Cache refreshed",
          "Step 16/15: Linting",
          "Time: 76.224s",
          "Platform: darwin-arm64",
          "Fetching from https://docker.io/package.json",
          "Processing...",
          "Done.",
          "Step 7/19: Installing dependencies",
          "Ready.",
          "\u2713 All checks passed",
          "Fetching submodules...",
          "  PASS: integration/test_user_create.spec.js",
          "Checking out develop branch",
          "Tests: 72 passed, 161 total",
          "Building Docker image...",
          "Waiting...",
          "Uploading artifact 'dist' (35 files)",
          "npm install: added 45 packages",
          "pip: Collecting lodash",
          "POST /api - 200 (394ms)",
          "Artifact downloaded: 27MB",
          "npm notice: created a lockfile",
          "Uploading artifact 'dist' (9 files)",
          "TLS handshake completed",
          "HEAD is now at 303092a",
          "Fetching from https://gcr.io/package.json",
          "Compiling utils/main.py...",
          "Compiling src/handler.rs...",
          "Bundling main.js",
          "[12:51:54] DEBUG: Loading configuration",
          "Snapshots: 45 passed, 41 total",
          "Generating source maps...",
          "Using Node.js 19.5.7",
          "[12:51:54] DEBUG: Loading configuration",
          "NODE_ENV=development",
          "[12:51:54] WARN: Deprecated API usage",
          "Using Python 3.12",
          "TLS handshake completed",
          "Coverage: 74% statements, 84% branches",
          "Exception: TypeError",
          "Using Python 3.10",
          "Artifact downloaded: 9MB",
          "TLS handshake completed",
          "npm install: resolved 116 packages",
          "pip install: Successfully installed webpack-2.12",
          "Bundling vendor.css",
          "Compiling lib/index.js...",
          "[12:51:54] INFO: Request completed",
          "Generating source maps...",
          "Cache saved successfully",
          "Fetching from https://registry.npmjs.org/package.json",
          "[12:51:54] DEBUG: Loading configuration",
          "Compiling utils/main.py...",
          "yarn add: Done in 21.56s",
          "Pulling image: node:18",
          "[12:51:54] WARN: Deprecated API usage",
          "Step 8/18: Deploying",
          "Exception: TypeError",
          "\u2713 Task completed in 1045ms",
          "\u26a0 DEPRECATION: Feature will be removed in v3.0",
          "GET /api - 200 (97ms)",
          "Already up to date.",
          "GET /health - 200 (73ms)",
          "Minifying vendor.js",
          "Cache restored successfully (150MB)",
          "Artifact uploaded: build.tar.gz (37MB)",
          "[12:51:54] DEBUG: Query executed in 77ms",
          "Environment: staging",
          "Fetching submodules...",
          "Waiting...",
          "Step 12/17: Deploying",
          "Cache miss for key-8898",
          "Compiling utils/handler.rs...",
          "\u26a0 DEPRECATION: Feature will be removed in v2.0",
          "Minifying app.js",
          "\u2713 Task completed in 4327ms",
          "Switched to branch 'bugfix/task-734'",
          "[12:51:54] INFO: Connecting to database",
          "Platform: darwin-arm64",
          "Cache restored successfully (345MB)",
          "Processing...",
          "Installing react@5.8.4",
          "Compiling src/app.ts...",
          "Coverage: 80% statements, 82% branches",
          "Finished.",
          "pip install: Successfully installed webpack-2.15",
          "Test Suites: 5 passed, 33 total",
          "Finished.",
          "Snapshots: 31 passed, 3 total",
          "Using Python 3.10",
          "[12:51:54] DEBUG: Initializing service",
          "GET /api - 204 (48ms)",
          "WARNING: webpack has known vulnerabilities",
          "TLS handshake completed",
          "Compiling src/service.java...",
          "Installing axios@1.7.3",
          "npm notice: created a lockfile",
          "Using Node.js 17.7.9",
          "pip install: Successfully installed jest-4.6",
          "Compiling utils/utils.go...",
          "Step 19/24: Running migrations",
          "Compiling src/handler.rs...",
          "Pulling image: node:latest",
          "Minifying vendor.js",
          "[12:51:54] DEBUG: Loading configuration",
          "yarn add: Done in 30.59s",
          "[12:51:54] INFO: Cache refreshed",
          "[12:51:54] WARN: Deprecated API usage",
          "[12:51:54] INFO: Processing request",
          "[12:51:54] INFO: Connecting to database",
          "\u2713 deploy completed",
          "npm notice: package.json updated",
          "Artifact downloaded: 48MB",
          "Pulling image: node:latest",
          "Done.",
          "Completed.",
          "[12:51:54] INFO: Processing request",
          "Test Suites: 27 passed, 45 total",
          "Transforming 711 files...",
          "Coverage: 93% statements, 97% branches",
          "Test Suites: 14 passed, 35 total",
          "Compiling lib/app.ts...",
          "Environment: staging",
          "\u2713 lint completed",
          "Artifact uploaded: build.tar.gz (8MB)",
          "FAILED: test_cache_hit",
          "Pulling image: node:latest",
          "Verifying...",
          "npm install: added 352 packages",
          "Pulling image: alpine:3.11",
          "Building Docker image...",
          "\u2713 All checks passed",
          "Environment: staging",
          "Loading...",
          "Waiting...",
          "Using Python 3.11",
          "HEAD is now at 8444f62",
          "Cache invalidated: node_modules",
          "Snapshots: 0 passed, 48 total",
          "NODE_ENV=production",
          "[12:51:54] WARN: Deprecated API usage",
          "Waiting...",
          "Optimizing 34 modules...",
          "Step 7/17: Installing dependencies",
          "Artifact uploaded: dist.zip (12MB)",
          "Time: 34.701s",
          "[12:51:54] DEBUG: Initializing service",
          "pip: Collecting react",
          "[12:51:54] WARN: Deprecated API usage",
          "npm install: resolved 1208 packages",
          "[12:51:54] WARN: Deprecated API usage",
          "[12:51:54] INFO: Cache refreshed",
          "WARNING: eslint has known vulnerabilities",
          "[12:51:54] DEBUG: Memory usage: 1480MB",
          "WARNING: jest has known vulnerabilities",
          "Creating production build...",
          "pip: Collecting react",
          "[12:51:54] DEBUG: Initializing service",
          "Snapshots: 48 passed, 44 total",
          "Bundling vendor.js",
          "\u2713 All checks passed",
          "Pushing to registry...",
          "Compiling components/utils.go...",
          "Verifying...",
          "yarn add: Done in 19.87s",
          "\u2713 deploy completed",
          "HEAD is now at 8f4e63a",
          "Processing...",
          "Step 13/23: Building",
          "Completed.",
          "[12:51:54] INFO: Processing request",
          "Generating source maps...",
          "[12:51:54] DEBUG: Connection pool: 17 active",
          "\u26a0 DEPRECATION: Feature will be removed in v3.0",
          "\u2713 Task completed in 4992ms",
          "Step 9/25: Installing dependencies",
          "[12:51:54] INFO: Connecting to database",
          "pip: Downloading prettier-1.18.tar.gz",
          "Loading...",
          "Layer 9/8: RUN command",
          "GET /api - 204 (83ms)",
          "POST /data - 202 (66ms)",
          "Generating source maps...",
          "[12:51:54] WARN: Deprecated API usage",
          "Cache invalidated: build",
          "Cache restored successfully (42MB)",
          "[12:51:54] ERROR: Connection failed",
          "Compiling lib/index.js...",
          "\u2713 Step 'checkout' succeeded",
          "HEAD is now at f480bf2",
          "Finished.",
          "Minifying app.js",
          "OK",
          "Creating production build...",
          "[12:51:54] DEBUG: Initializing service",
          "Step 11/22: Running migrations",
          "Environment: test",
          "pip: Collecting express",
          "\u26a0 DEPRECATION: Feature will be removed in v4.0",
          "Snapshots: 46 passed, 22 total",
          "Pulling image: python:18",
          "TLS handshake completed",
          "[12:51:54] DEBUG: Loading configuration",
          "Test Suites: 36 passed, 29 total",
          "GET /health - 201 (18ms)",
          "[12:51:54] DEBUG: Initializing service",
          "Done.",
          "Creating production build...",
          "[12:51:54] DEBUG: Loading configuration",
          "Snapshots: 5 passed, 22 total",
          "Environment: staging",
          "NODE_ENV=development",
          "Cache restored successfully (359MB)",
          "[12:51:54] DEBUG: Initializing service",
          "\u2713 Step 'install' succeeded",
          "TLS handshake completed",
          "Generating source maps...",
          "Artifact uploaded: dist.zip (55MB)",
          "Generating source maps...",
          "Image pulled successfully",
          "Snapshots: 19 passed, 46 total",
          "[12:51:54] DEBUG: Loading configuration",
          "[12:51:54] WARN: Deprecated API usage",
          "\u2717 build failed with exit code 84",
          "Compiling components/app.ts...",
          "=== Step e2e_tests completed ==="
        ]
      },
      {
        "name": "integration_tests",
        "status": "success",
        "started_at": "2025-12-19T12:55:35.679428",
        "finished_at": "2025-12-19T12:56:17.501743",
        "log_lines": [
          "=== Step: integration_tests ===",
          "Fetching from https://githubusercontent.com/package.json",
          "NODE_ENV=test",
          "pip: Collecting prettier",
          "TLS handshake completed",
          "  PASS: unit/test_cache_hit.spec.js",
          "[12:51:54] WARN: Deprecated API usage",
          "[12:51:54] DEBUG: Memory usage: 1111MB",
          "Compiling src/service.java...",
          "Creating production build...",
          "Cache restored successfully (323MB)",
          "Connection established",
          "Waiting...",
          "Step 1/16: Building",
          "Connection established",
          "Step 8/25: Installing dependencies",
          "[12:51:54] WARN: Deprecated API usage",
          "Building Docker image...",
          "Exception: TypeError",
          "npm notice: created a lockfile",
          "WARNING: webpack has known vulnerabilities",
          "Artifact uploaded: build.tar.gz (13MB)",
          "Time: 60.272s",
          "Done.",
          "Cache restored successfully (113MB)",
          "Compiling components/service.java...",
          "Snapshots: 22 passed, 33 total",
          "Using Node.js 18.12.7",
          "Optimizing 41 modules...",
          "[12:51:54] WARN: Deprecated API usage",
          "Fetching from https://gcr.io/package.json",
          "TLS handshake completed",
          "Artifact uploaded: build.tar.gz (6MB)",
          "Artifact uploaded: dist.zip (53MB)",
          "Success!",
          "Artifact uploaded: dist.zip (70MB)",
          "Image pulled successfully",
          "[12:51:54] INFO: Connecting to database",
          "Test Suites: 32 passed, 15 total",
          "[12:51:54] DEBUG: Query executed in 5ms",
          "Cache miss for key-9853",
          "npm install: resolved 1747 packages",
          "Platform: darwin-arm64",
          "npm notice: package.json updated",
          "Cache miss for key-2030",
          "Using Python 3.10",
          "[12:51:54] INFO: Starting build process",
          "pip install: Successfully installed express-4.18",
          "npm install: resolved 542 packages",
          "Artifact uploaded: build.tar.gz (50MB)",
          "[12:51:54] DEBUG: Query executed in 72ms",
          "Creating production build...",
          "Installing express@5.6.4",
          "pip: Collecting webpack",
          "Connection established",
          "Coverage: 86% statements, 84% branches",
          "Artifact uploaded: build.tar.gz (23MB)",
          "\u2713 Step 'build' succeeded",
          "Compiling lib/service.java...",
          "npm notice: package.json updated",
          "Using Node.js 18.16.5",
          "Creating production build...",
          "Step 7/21: Testing",
          "WARNING: axios has known vulnerabilities",
          "Artifact uploaded: dist.zip (73MB)",
          "WARNING: webpack has known vulnerabilities",
          "Pulling image: alpine:3.11",
          "Snapshots: 2 passed, 12 total",
          "NODE_ENV=development",
          "[12:51:54] ERROR: Connection failed",
          "Compiling components/index.js...",
          "Compiling src/app.ts...",
          "[12:51:54] WARN: Deprecated API usage",
          "Creating production build...",
          "Tests: 339 passed, 476 total",
          "POST /api - 200 (117ms)",
          "Finished.",
          "npm notice: package.json updated",
          "npm notice: created a lockfile",
          "Bundling main.css",
          "Time: 7.90s",
          "\u26a0 DEPRECATION: Feature will be removed in v5.0",
          "Pushing to registry...",
          "pip: Collecting jest",
          "Fetching submodules...",
          "\u2713 Task completed in 4005ms",
          "  PASS: test_api_health (64ms)",
          "[12:51:54] INFO: Processing request",
          "Artifact uploaded: dist.zip (58MB)",
          "Compiling src/service.java...",
          "pip install: Successfully installed express-4.11",
          "Compiling src/service.java...",
          "[12:51:54] DEBUG: Connection pool: 14 active",
          "pip: Downloading axios-5.2.tar.gz",
          "\u2713 build completed",
          "Artifact downloaded: 34MB",
          "\u2713 test completed",
          "[12:51:54] INFO: Cache refreshed",
          "WARNING: webpack has known vulnerabilities",
          "Snapshots: 13 passed, 47 total",
          "Building Docker image...",
          "Bundling main.css",
          "Generating source maps...",
          "Artifact uploaded: dist.zip (38MB)",
          "Waiting...",
          "Waiting...",
          "[12:51:54] DEBUG: Initializing service",
          "Completed.",
          "Minifying app.js",
          "Ran 98 tests in 25s",
          "Compiling lib/main.py...",
          "GET /health - 200 (6ms)",
          "npm install: resolved 1159 packages",
          "[12:51:54] INFO: Request completed",
          "[12:51:54] INFO: Request completed",
          "Waiting...",
          "  PASS: integration/test_cache_hit.spec.js",
          "OK",
          "Loading...",
          "yarn add: Done in 25.19s",
          "Processing...",
          "Done.",
          "Coverage: 98% statements, 86% branches",
          "[12:51:54] INFO: Request completed",
          "Layer 3/10: RUN command",
          "\u26a0 DEPRECATION: Feature will be removed in v4.0",
          "Artifact downloaded: 24MB",
          "Checking out main branch",
          "Success!",
          "Ready.",
          "Ran 112 tests in 59s",
          "[12:51:54] INFO: Processing request",
          "WARNING: prettier has known vulnerabilities",
          "Done.",
          "OK",
          "Image pulled successfully",
          "Loading...",
          "WARNING: prettier has known vulnerabilities",
          "Snapshots: 5 passed, 21 total",
          "\u2717 build failed with exit code 80",
          "Fetching from https://amazonaws.com/package.json",
          "  PASS: unit/test_api_health.spec.js",
          "  PASS: test_user_create (135ms)",
          "\u2713 Task completed in 4881ms",
          "[12:51:54] INFO: Processing request",
          "Step 9/23: Building",
          "Transforming 113 files...",
          "TLS handshake completed",
          "Using Node.js 18.10.1",
          "  PASS: test_auth_login (293ms)",
          "Cache saved successfully",
          "Step 4/23: Deploying",
          "Compiling components/main.py...",
          "[12:51:54] DEBUG: Query executed in 41ms",
          "[12:51:54] INFO: Processing request",
          "Step 8/22: Building",
          "NODE_ENV=development",
          "Step 9/20: Building",
          "Connection established",
          "Ran 28 tests in 37s",
          "GET /api - 204 (45ms)",
          "Environment: test",
          "Artifact downloaded: 34MB",
          "POST /data - 201 (418ms)",
          "[12:51:54] DEBUG: Initializing service",
          "Bundling main.js",
          "Finished.",
          "Cache invalidated: build",
          "Bundling styles.js",
          "pip install: Successfully installed react-3.16",
          "Installing eslint@5.2.0",
          "Snapshots: 26 passed, 43 total",
          "[12:51:54] ERROR: Connection failed",
          "npm notice: created a lockfile",
          "Loading...",
          "Generating source maps...",
          "Artifact uploaded: dist.zip (96MB)",
          "Environment: production",
          "Ready.",
          "Done.",
          "Loading...",
          "WARNING: lodash has known vulnerabilities",
          "Completed.",
          "\u2713 Step 'setup' succeeded",
          "\u2713 Task completed in 104ms",
          "npm install: resolved 1402 packages",
          "Ran 156 tests in 3s",
          "  PASS: unit/test_cache_hit.spec.js",
          "[12:51:54] ERROR: Connection failed",
          "Snapshots: 9 passed, 30 total",
          "[12:51:54] DEBUG: Initializing service",
          "Success!",
          "Snapshots: 9 passed, 16 total",
          "npm install: resolved 1135 packages",
          "Bundling styles.css",
          "Exception: ValueError",
          "Time: 74.185s",
          "Done.",
          "pip: Installing build dependencies...",
          "[12:51:54] WARN: Deprecated API usage",
          "Step 8/25: Running migrations",
          "Layer 8/9: COPY command",
          "Artifact uploaded: dist.zip (6MB)",
          "[12:51:54] INFO: Processing request",
          "Checking out develop branch",
          "[12:51:54] WARN: Deprecated API usage",
          "Pulling image: alpine:18",
          "npm install: added 184 packages",
          "\u2713 Step 'test' succeeded",
          "npm notice: package.json updated",
          "Transforming 560 files...",
          "Test Suites: 16 passed, 16 total",
          "Fetching from https://registry.npmjs.org/package.json",
          "npm notice: created a lockfile",
          "Snapshots: 46 passed, 21 total",
          "Checking out develop branch",
          "Cache invalidated: build",
          "Compiling src/main.py...",
          "Switched to branch 'hotfix/task-432'",
          "Compiling lib/main.py...",
          "Step 2/18: Building",
          "[12:51:54] INFO: Request completed",
          "Tests: 317 passed, 139 total",
          "TLS handshake completed",
          "Cache restored successfully (181MB)",
          "pip: Installing build dependencies...",
          "WARNING: lodash has known vulnerabilities",
          "Installing react@1.2.6",
          "Ready.",
          "Step 16/24: Running migrations",
          "NODE_ENV=production",
          "[12:51:54] DEBUG: Memory usage: 469MB",
          "POST /upload - 202 (305ms)",
          "WARNING: lodash has known vulnerabilities",
          "Platform: win32-x64",
          "Generating source maps...",
          "Coverage: 83% statements, 87% branches",
          "Generating source maps...",
          "\u2713 deploy completed",
          "Step 16/21: Deploying",
          "\u26a0 DEPRECATION: Feature will be removed in v2.0",
          "Coverage: 92% statements, 81% branches",
          "Compiling lib/service.java...",
          "=== Step integration_tests completed ==="
        ]
      },
      {
        "name": "deploy_production",
        "status": "success",
        "started_at": "2025-12-19T12:56:17.501743",
        "finished_at": "2025-12-19T12:56:25.866206",
        "log_lines": [
          "=== Step: deploy_production ===",
          "POST /data - 200 (345ms)",
          "Tests: 118 passed, 117 total",
          "Step 18/19: Testing",
          "Tests: 159 passed, 90 total",
          "Fetching submodules...",
          "Compiling lib/utils.go...",
          "Pulling image: node:18",
          "Compiling src/utils.go...",
          "[12:51:54] INFO: Starting build process",
          "Using Node.js 18.19.9",
          "Cache restored successfully (457MB)",
          "\u2713 Task completed in 406ms",
          "yarn add: Done in 3.22s",
          "Compiling src/service.java...",
          "Compiling utils/index.js...",
          "[12:51:54] WARN: Deprecated API usage",
          "Transforming 391 files...",
          "pip: Collecting lodash",
          "Step 4/23: Testing",
          "\u2713 Task completed in 1706ms",
          "Step 8/19: Linting",
          "Minifying vendor.js",
          "\u2713 Task completed in 2520ms",
          "[12:51:54] INFO: Connecting to database",
          "Step 15/16: Deploying",
          "[12:51:54] INFO: Processing request",
          "Cache saved successfully",
          "Loading...",
          "Step 17/20: Linting",
          "Checking out main branch",
          "Minifying vendor.js",
          "  PASS: integration/test_api_health.spec.js",
          "Test Suites: 14 passed, 21 total",
          "[12:51:54] WARN: Deprecated API usage",
          "Step 5/24: Deploying",
          "yarn add: Done in 16.75s",
          "NODE_ENV=development",
          "Pushing to registry...",
          "Ran 123 tests in 50s",
          "npm install: added 449 packages",
          "Pulling image: python:18",
          "[12:51:54] INFO: Connecting to database",
          "Success!",
          "HEAD is now at 5c57339",
          "Compiling src/index.js...",
          "\u2717 build failed with exit code 30",
          "Snapshots: 39 passed, 5 total",
          "yarn add: Done in 19.8s",
          "Switched to branch 'bugfix/task-175'",
          "[12:51:54] INFO: Starting build process",
          "Cache hit for key-9846",
          "Creating production build...",
          "Step 15/18: Deploying",
          "Done.",
          "[12:51:54] INFO: Request completed",
          "Tests: 461 passed, 332 total",
          "[12:51:54] WARN: Deprecated API usage",
          "FAILED: test_api_health",
          "  PASS: e2e/test_user_create.spec.js",
          "pip: Collecting axios",
          "Fetching submodules...",
          "WARNING: eslint has known vulnerabilities",
          "Fetching from https://githubusercontent.com/package.json",
          "Test Suites: 40 passed, 49 total",
          "Creating production build...",
          "Cache hit for key-6720",
          "Minifying app.js",
          "[12:51:54] INFO: Connecting to database",
          "Artifact uploaded: build.tar.gz (35MB)",
          "Environment: test",
          "Snapshots: 29 passed, 38 total",
          "Completed.",
          "Bundling main.js",
          "Fetching submodules...",
          "Cache restored successfully (230MB)",
          "Uploading artifact 'build' (31 files)",
          "Step 19/20: Running migrations",
          "Artifact uploaded: dist.zip (42MB)",
          "Step 15/15: Testing",
          "Ready.",
          "Creating production build...",
          "Coverage: 79% statements, 95% branches",
          "Bundling styles.css",
          "HEAD is now at 17c56c1",
          "[12:51:54] INFO: Processing request",
          "Tests: 117 passed, 149 total",
          "[12:51:54] DEBUG: Connection pool: 3 active",
          "[12:51:54] INFO: Connecting to database",
          "[12:51:54] DEBUG: Memory usage: 594MB",
          "Minifying app.js",
          "WARNING: prettier has known vulnerabilities",
          "NODE_ENV=production",
          "Success!",
          "Cache hit for key-8656",
          "npm install: added 428 packages",
          "TLS handshake completed",
          "Time: 87.967s",
          "[12:51:54] INFO: Request completed",
          "npm install: added 219 packages",
          "  PASS: e2e/test_cache_hit.spec.js",
          "Step 13/20: Deploying",
          "\u26a0 DEPRECATION: Feature will be removed in v4.0",
          "Uploading artifact 'coverage' (22 files)",
          "[12:51:54] DEBUG: Connection pool: 20 active",
          "Loading...",
          "Coverage: 86% statements, 78% branches",
          "\u2713 All checks passed",
          "pip: Downloading axios-2.15.tar.gz",
          "[12:51:54] DEBUG: Initializing service",
          "[12:51:54] DEBUG: Initializing service",
          "Step 4/17: Installing dependencies",
          "Completed.",
          "[12:51:54] DEBUG: Memory usage: 1874MB",
          "Cache invalidated: node_modules",
          "Step 6/15: Deploying",
          "Step 8/15: Running migrations",
          "Loading...",
          "Pulling image: alpine:latest",
          "Connection established",
          "[12:51:54] DEBUG: Query executed in 64ms",
          "\u2713 Task completed in 2638ms",
          "npm notice: package.json updated",
          "npm notice: package.json updated",
          "POST /api - 201 (66ms)",
          "[12:51:54] DEBUG: Memory usage: 1851MB",
          "pip: Installing build dependencies...",
          "pip: Collecting express",
          "Environment: staging",
          "Uploading artifact 'dist' (4 files)",
          "[12:51:54] WARN: Deprecated API usage",
          "Cache miss for key-2143",
          "[12:51:54] WARN: Deprecated API usage",
          "Compiling lib/index.js...",
          "Checking out main branch",
          "Cache saved successfully",
          "Cache restored successfully (410MB)",
          "Completed.",
          "Checking out develop branch",
          "Cache restored successfully (165MB)",
          "Snapshots: 26 passed, 45 total",
          "NODE_ENV=production",
          "Building Docker image...",
          "Success!",
          "WARNING: eslint has known vulnerabilities",
          "Step 1/25: Deploying",
          "\u2713 Step 'setup' succeeded",
          "Compiling src/utils.go...",
          "npm notice: created a lockfile",
          "[12:51:54] DEBUG: Connection pool: 2 active",
          "\u26a0 DEPRECATION: Feature will be removed in v2.0",
          "pip: Downloading prettier-2.19.tar.gz",
          "[12:51:54] WARN: Deprecated API usage",
          "[12:51:54] DEBUG: Connection pool: 5 active",
          "WARNING: axios has known vulnerabilities",
          "[12:51:54] INFO: Request completed",
          "Fetching submodules...",
          "[12:51:54] INFO: Request completed",
          "NODE_ENV=development",
          "Fetching submodules...",
          "\u2717 build failed with exit code 96",
          "Step 8/15: Linting",
          "Using Python 3.10",
          "Cache miss for key-9988",
          "[12:51:54] INFO: Cache refreshed",
          "Transforming 521 files...",
          "  PASS: test_cache_hit (413ms)",
          "Ran 147 tests in 45s",
          "[12:51:54] DEBUG: Connection pool: 16 active",
          "Image pulled successfully",
          "Artifact uploaded: dist.zip (72MB)",
          "Cache invalidated: dependencies",
          "Completed.",
          "[12:51:54] DEBUG: Connection pool: 16 active",
          "Step 7/22: Deploying",
          "Pulling image: node:latest",
          "Loading...",
          "Image pulled successfully",
          "Artifact downloaded: 18MB",
          "Coverage: 77% statements, 71% branches",
          "NODE_ENV=development",
          "Finished.",
          "[12:51:54] ERROR: Connection failed",
          "[12:51:54] DEBUG: Initializing service",
          "Coverage: 79% statements, 95% branches",
          "Creating production build...",
          "Using Node.js 18.7.8",
          "npm install: resolved 1112 packages",
          "Compiling lib/handler.rs...",
          "Pushing to registry...",
          "Snapshots: 1 passed, 29 total",
          "Layer 5/11: RUN command",
          "Step 5/15: Testing",
          "\u2713 Task completed in 2829ms",
          "pip: Downloading prettier-5.11.tar.gz",
          "Already up to date.",
          "Verifying...",
          "Image pulled successfully",
          "Ready.",
          "\u2717 build failed with exit code 81",
          "\u26a0 DEPRECATION: Feature will be removed in v5.0",
          "Step 4/15: Testing",
          "Test Suites: 10 passed, 14 total",
          "Environment: development",
          "Cache invalidated: node_modules",
          "Pulling image: node:18",
          "Step 10/25: Running migrations",
          "Step 7/22: Testing",
          "Compiling src/utils.go...",
          "Cache invalidated: dependencies",
          "Switched to branch 'bugfix/task-636'",
          "WARNING: lodash has known vulnerabilities",
          "[12:51:54] ERROR: Connection failed",
          "[12:51:54] WARN: Deprecated API usage",
          "Artifact downloaded: 7MB",
          "OK",
          "OK",
          "[12:51:54] INFO: Request completed",
          "Installing prettier@5.5.3",
          "Generating source maps...",
          "Snapshots: 37 passed, 21 total",
          "Fetching from https://registry.npmjs.org/package.json",
          "[12:51:54] INFO: Connecting to database",
          "npm notice: package.json updated",
          "Completed.",
          "Checking out develop branch",
          "Platform: darwin-arm64",
          "[12:51:54] DEBUG: Connection pool: 3 active",
          "\u2713 Step 'test' succeeded",
          "Generating source maps...",
          "[12:51:54] DEBUG: Connection pool: 15 active",
          "Processing...",
          "\u2713 Step 'install' succeeded",
          "Transforming 832 files...",
          "Using Python 3.10",
          "Coverage: 94% statements, 95% branches",
          "Coverage: 72% statements, 78% branches",
          "WARNING: webpack has known vulnerabilities",
          "[12:51:54] INFO: Request completed",
          "Step 18/19: Deploying",
          "Compiling lib/handler.rs...",
          "Using Python 3.9",
          "Step 19/15: Testing",
          "=== Step deploy_production completed ==="
        ]
      }
    ],
    "label": "normal"
  }
}