{
  "action": "completed",
  "workflow_run": {
    "id": 522,
    "name": "CI Pipeline",
    "head_branch": "feature/feat-463",
    "head_sha": "52a31fcb72b22594375e4f259e47b528b40ac815",
    "status": "completed",
    "conclusion": "success",
    "run_started_at": "2025-11-26T23:44:27.211860Z",
    "updated_at": "2025-11-26T23:46:43.392073Z"
  },
  "repository": {
    "full_name": "acme-corp/web-app",
    "name": "web-app"
  },
  "sender": {
    "login": "grace"
  },
  "_safeops_extended": {
    "raw_logs": "=== Step: checkout ===\nStep 10/10: Building\nCache hit for key-3248\nCache hit for key-9777\n\u26a0 DEPRECATION: Feature will be removed in v4.0\nCompiling src/app.ts...\n[23:44:27] WARN: Deprecated API usage\nCache hit for key-9101\n\u26a0 DEPRECATION: Feature will be removed in v4.0\n\u2713 lint completed\n  PASS: test_cache_hit (156ms)\nCache hit for key-4589\nCompiling src/handler.rs...\n[23:44:27] INFO: Processing request\nStep 8/10: Building\nArtifact uploaded: build.tar.gz (27MB)\nArtifact uploaded: build.tar.gz (29MB)\nInstalling jest@1.2.0\nCompiling src/index.js...\nCompiling src/index.js...\nArtifact uploaded: build.tar.gz (14MB)\n  PASS: test_db_connect (401ms)\nStep 5/10: Building\nStep 3/10: Building\n\u2713 build completed\n\u2713 lint completed\nCache hit for key-1069\nInstalling lodash@4.9.0\nStep 4/10: Building\nStep 1/10: Building\nCompiling src/utils.go...\nCompiling src/index.js...\nCache hit for key-3614\n  PASS: test_user_create (231ms)\nArtifact uploaded: build.tar.gz (34MB)\nCompiling src/index.js...\n  PASS: test_db_connect (56ms)\n\u2713 test completed\nException: RuntimeError\n  PASS: test_auth_login (38ms)\nCache hit for key-8669\nArtifact uploaded: build.tar.gz (4MB)\nCache hit for key-1290\n\u26a0 DEPRECATION: Feature will be removed in v2.0\nArtifact uploaded: build.tar.gz (11MB)\n  PASS: test_api_health (174ms)\nCompiling src/app.ts...\nInstalling jest@4.13.0\nCache hit for key-6238\nCompiling src/index.js...\n  PASS: test_cache_hit (165ms)\n\u2713 lint completed\nArtifact uploaded: build.tar.gz (10MB)\n[23:44:27] WARN: Deprecated API usage\nStep 4/10: Building\nCompiling src/service.java...\n[23:44:27] INFO: Processing request\nCache hit for key-4370\n\u26a0 DEPRECATION: Feature will be removed in v5.0\n  PASS: test_db_connect (65ms)\n\u26a0 DEPRECATION: Feature will be removed in v2.0\nCache hit for key-8499\nCompiling src/app.ts...\n  PASS: test_auth_login (483ms)\nInstalling jest@5.16.0\n  PASS: test_cache_hit (256ms)\n[23:44:27] INFO: Processing request\nCache hit for key-4382\nCompiling src/main.py...\nCache hit for key-9869\nArtifact uploaded: build.tar.gz (44MB)\nInstalling jest@5.8.0\n\u2713 lint completed\n  PASS: test_user_create (182ms)\n\u2713 lint completed\nCache hit for key-8408\n[23:44:27] INFO: Processing request\nCompiling src/utils.go...\n=== Step checkout completed ===\n=== Step: setup_environment ===\n[23:44:27] ERROR: Connection failed\n\u2717 build failed with exit code 34\nStep 7/10: Building\nArtifact uploaded: build.tar.gz (25MB)\nCache hit for key-7331\nStep 6/10: Building\nCache hit for key-2445\n\u2717 build failed with exit code 12\nInstalling react@3.2.0\nInstalling axios@2.3.0\n[23:44:27] ERROR: Connection failed\n\u2713 build completed\nStep 3/10: Building\nCache hit for key-7531\nCache hit for key-3604\nInstalling jest@3.15.0\n  PASS: test_cache_hit (190ms)\nCache hit for key-3750\n\u2713 build completed\n[23:44:27] INFO: Processing request\nInstalling react@4.7.0\nCache hit for key-2288\nInstalling express@5.20.0\nArtifact uploaded: build.tar.gz (4MB)\nInstalling axios@3.3.0\nInstalling lodash@2.19.0\nInstalling express@1.10.0\n  PASS: test_user_create (225ms)\nArtifact uploaded: build.tar.gz (37MB)\nCache hit for key-5618\n\u2713 lint completed\n\u2713 test completed\nCache hit for key-6051\nStep 9/10: Building\nCache hit for key-9255\nCompiling src/handler.rs...\nArtifact uploaded: build.tar.gz (38MB)\n[23:44:27] WARN: Deprecated API usage\nCompiling src/utils.go...\nInstalling webpack@1.18.0\nCache hit for key-6131\n\u2713 lint completed\nCompiling src/handler.rs...\nWARNING: express has known vulnerabilities\n\u2713 build completed\n[23:44:27] INFO: Processing request\n\u2713 lint completed\nCache hit for key-5374\nCompiling src/app.ts...\n[23:44:27] INFO: Processing request\nInstalling webpack@1.16.0\n[23:44:27] WARN: Deprecated API usage\n[23:44:27] INFO: Processing request\n[23:44:27] INFO: Processing request\nStep 6/10: Building\n[23:44:27] WARN: Deprecated API usage\nStep 1/10: Building\nInstalling prettier@5.0.0\nArtifact uploaded: build.tar.gz (35MB)\nArtifact uploaded: build.tar.gz (50MB)\nArtifact uploaded: build.tar.gz (22MB)\nArtifact uploaded: build.tar.gz (36MB)\n[23:44:27] INFO: Processing request\n[23:44:27] INFO: Processing request\nStep 6/10: Building\nCache hit for key-6134\n  PASS: test_auth_login (27ms)\n[23:44:27] INFO: Processing request\n\u2713 test completed\n  PASS: test_auth_login (441ms)\n\u2713 test completed\n[23:44:27] WARN: Deprecated API usage\n\u2713 lint completed\nCache hit for key-8004\nInstalling react@3.19.0\nStep 7/10: Building\nCompiling src/app.ts...\n=== Step setup_environment completed ===\n=== Step: install_dependencies ===\n\u2713 build completed\n\u2713 lint completed\n\u26a0 DEPRECATION: Feature will be removed in v3.0\n\u2713 lint completed\nInstalling jest@2.4.0\nCompiling src/index.js...\n[23:44:27] WARN: Deprecated API usage\nCompiling src/app.ts...\n[23:44:27] INFO: Processing request\n\u2713 build completed\nCompiling src/utils.go...\nInstalling jest@5.12.0\nCompiling src/handler.rs...\nWARNING: eslint has known vulnerabilities\nCache hit for key-5289\nCompiling src/utils.go...\nStep 8/10: Building\nStep 7/10: Building\n\u26a0 DEPRECATION: Feature will be removed in v5.0\nInstalling react@2.12.0\nArtifact uploaded: build.tar.gz (16MB)\nArtifact uploaded: build.tar.gz (3MB)\nInstalling express@4.11.0\nArtifact uploaded: build.tar.gz (9MB)\nArtifact uploaded: build.tar.gz (24MB)\n[23:44:27] WARN: Deprecated API usage\n\u2713 test completed\n  PASS: test_cache_hit (435ms)\nInstalling prettier@2.18.0\nFAILED: test_api_health\nInstalling jest@3.2.0\n\u2713 build completed\n[23:44:27] INFO: Processing request\nArtifact uploaded: build.tar.gz (4MB)\n  PASS: test_auth_login (29ms)\nStep 10/10: Building\n\u26a0 DEPRECATION: Feature will be removed in v4.0\n\u2713 test completed\nStep 1/10: Building\nInstalling jest@5.7.0\n  PASS: test_user_create (489ms)\nCompiling src/service.java...\n\u26a0 DEPRECATION: Feature will be removed in v3.0\n\u2713 lint completed\nStep 6/10: Building\nCache hit for key-4005\nArtifact uploaded: build.tar.gz (11MB)\nStep 9/10: Building\nArtifact uploaded: build.tar.gz (50MB)\nArtifact uploaded: build.tar.gz (41MB)\nCache hit for key-4777\n[23:44:27] INFO: Processing request\nInstalling jest@1.0.0\nStep 8/10: Building\nCache hit for key-6699\n[23:44:27] ERROR: Connection failed\n\u2713 test completed\nCache hit for key-6694\n\u2713 build completed\nInstalling webpack@2.12.0\nInstalling eslint@5.2.0\nInstalling prettier@5.12.0\nInstalling prettier@1.7.0\nCompiling src/utils.go...\nCompiling src/utils.go...\nArtifact uploaded: build.tar.gz (12MB)\nArtifact uploaded: build.tar.gz (41MB)\nStep 9/10: Building\n[23:44:27] INFO: Processing request\nCompiling src/service.java...\n  PASS: test_api_health (433ms)\nStep 9/10: Building\nCompiling src/index.js...\nInstalling express@4.10.0\nCompiling src/app.ts...\nArtifact uploaded: build.tar.gz (26MB)\nInstalling react@4.0.0\n=== Step install_dependencies completed ===\n=== Step: run_tests ===\n\u2713 build completed\n\u2713 lint completed\nInstalling express@3.9.0\nInstalling prettier@1.1.0\nInstalling eslint@5.15.0\n\u2713 test completed\nArtifact uploaded: build.tar.gz (50MB)\nArtifact uploaded: build.tar.gz (37MB)\n[23:44:27] INFO: Processing request\n\u2713 build completed\nInstalling react@2.5.0\n[23:44:27] ERROR: Connection failed\n\u2713 test completed\nArtifact uploaded: build.tar.gz (47MB)\n[23:44:27] INFO: Processing request\n  PASS: test_auth_login (123ms)\nCompiling src/service.java...\n\u2713 test completed\nInstalling eslint@5.0.0\nStep 8/10: Building\n  PASS: test_cache_hit (181ms)\nStep 3/10: Building\n  PASS: test_auth_login (232ms)\nWARNING: react has known vulnerabilities\nInstalling axios@3.20.0\n[23:44:27] INFO: Processing request\nArtifact uploaded: build.tar.gz (8MB)\n  PASS: test_cache_hit (480ms)\n[23:44:27] INFO: Processing request\n[23:44:27] INFO: Processing request\n  PASS: test_cache_hit (167ms)\nCompiling src/service.java...\n\u2713 build completed\n[23:44:27] INFO: Processing request\nArtifact uploaded: build.tar.gz (5MB)\nStep 10/10: Building\n  PASS: test_user_create (177ms)\nCompiling src/main.py...\nCompiling src/handler.rs...\nCompiling src/index.js...\n[23:44:27] INFO: Processing request\nInstalling webpack@1.19.0\nCompiling src/app.ts...\nArtifact uploaded: build.tar.gz (28MB)\n[23:44:27] INFO: Processing request\nStep 4/10: Building\n  PASS: test_auth_login (93ms)\n\u2713 lint completed\nCache hit for key-6588\n\u26a0 DEPRECATION: Feature will be removed in v4.0\n[23:44:27] INFO: Processing request\nStep 1/10: Building\n[23:44:27] INFO: Processing request\n  PASS: test_auth_login (205ms)\nArtifact uploaded: build.tar.gz (2MB)\n[23:44:27] INFO: Processing request\nInstalling eslint@4.9.0\nInstalling lodash@4.10.0\nStep 7/10: Building\n\u2713 lint completed\n  PASS: test_auth_login (43ms)\nStep 4/10: Building\n[23:44:27] INFO: Processing request\nArtifact uploaded: build.tar.gz (27MB)\nStep 3/10: Building\n  PASS: test_user_create (176ms)\nArtifact uploaded: build.tar.gz (35MB)\n  PASS: test_api_health (450ms)\n\u26a0 DEPRECATION: Feature will be removed in v4.0\nCompiling src/utils.go...\nArtifact uploaded: build.tar.gz (26MB)\nCache hit for key-2445\nInstalling prettier@4.6.0\n\u2713 test completed\nStep 8/10: Building\nCache hit for key-2953\n[23:44:27] INFO: Processing request\n=== Step run_tests completed ===\n=== Step: build_artifact ===\n[23:44:27] INFO: Processing request\nInstalling eslint@4.8.0\nCache hit for key-9680\nCompiling src/index.js...\nCompiling src/index.js...\nCompiling src/utils.go...\nArtifact uploaded: build.tar.gz (26MB)\nCache hit for key-7864\nInstalling jest@5.4.0\n[23:44:27] INFO: Processing request\n  PASS: test_user_create (195ms)\nArtifact uploaded: build.tar.gz (42MB)\n\u2713 test completed\nStep 2/10: Building\nInstalling jest@4.15.0\nStep 4/10: Building\nStep 9/10: Building\nWARNING: jest has known vulnerabilities\n[23:44:27] INFO: Processing request\nStep 3/10: Building\nInstalling lodash@5.20.0\nInstalling react@3.15.0\nCache hit for key-5222\n\u2713 lint completed\n\u26a0 DEPRECATION: Feature will be removed in v2.0\n\u2713 test completed\n\u2713 lint completed\n\u2713 test completed\nCompiling src/service.java...\n\u2713 test completed\nCache hit for key-7515\n  PASS: test_user_create (58ms)\nStep 3/10: Building\n\u26a0 DEPRECATION: Feature will be removed in v2.0\nCache hit for key-7800\nInstalling axios@4.2.0\n  PASS: test_user_create (468ms)\nStep 4/10: Building\nArtifact uploaded: build.tar.gz (32MB)\n  PASS: test_api_health (201ms)\n[23:44:27] INFO: Processing request\n\u26a0 DEPRECATION: Feature will be removed in v2.0\nInstalling express@2.6.0\n\u2713 build completed\nInstalling eslint@1.8.0\n[23:44:27] ERROR: Connection failed\nCompiling src/main.py...\n  PASS: test_api_health (499ms)\nInstalling react@1.16.0\nStep 5/10: Building\n  PASS: test_cache_hit (473ms)\n\u2713 lint completed\n  PASS: test_db_connect (496ms)\n  PASS: test_cache_hit (318ms)\n  PASS: test_user_create (385ms)\nCompiling src/main.py...\nInstalling webpack@1.11.0\n\u2713 test completed\nArtifact uploaded: build.tar.gz (7MB)\nStep 2/10: Building\nArtifact uploaded: build.tar.gz (8MB)\nCache hit for key-9637\nArtifact uploaded: build.tar.gz (49MB)\nArtifact uploaded: build.tar.gz (18MB)\nWARNING: jest has known vulnerabilities\n[23:44:27] INFO: Processing request\nArtifact uploaded: build.tar.gz (15MB)\nCompiling src/index.js...\nArtifact uploaded: build.tar.gz (9MB)\nArtifact uploaded: build.tar.gz (8MB)\nInstalling jest@2.17.0\n[23:44:27] INFO: Processing request\nCache hit for key-3480\nException: RuntimeError\n  PASS: test_cache_hit (458ms)\nException: NullPointerException\n  PASS: test_api_health (79ms)\n=== Step build_artifact completed ===\n=== Step: deploy ===\n  PASS: test_auth_login (329ms)\nCache hit for key-5393\n[23:44:27] INFO: Processing request\n\u2713 build completed\nCache hit for key-9770\n  PASS: test_auth_login (308ms)\n  PASS: test_api_health (75ms)\nCache hit for key-7789\n  PASS: test_db_connect (270ms)\n[23:44:27] INFO: Processing request\nArtifact uploaded: build.tar.gz (19MB)\nCache hit for key-1953\n\u2713 build completed\n[23:44:27] ERROR: Connection failed\n[23:44:27] INFO: Processing request\nCache hit for key-5823\nStep 8/10: Building\n\u2713 build completed\nArtifact uploaded: build.tar.gz (37MB)\n[23:44:27] WARN: Deprecated API usage\nArtifact uploaded: build.tar.gz (41MB)\n\u2713 test completed\n\u2713 build completed\n\u26a0 DEPRECATION: Feature will be removed in v3.0\nInstalling react@5.11.0\nArtifact uploaded: build.tar.gz (42MB)\n[23:44:27] INFO: Processing request\nCompiling src/service.java...\nInstalling prettier@4.15.0\n[23:44:27] WARN: Deprecated API usage\n[23:44:27] INFO: Processing request\nInstalling express@1.8.0\nCache hit for key-5313\nCache hit for key-7461\nCache hit for key-5857\nCache hit for key-6685\nArtifact uploaded: build.tar.gz (35MB)\nException: NullPointerException\nWARNING: jest has known vulnerabilities\nStep 10/10: Building\nStep 8/10: Building\n  PASS: test_user_create (303ms)\nCompiling src/app.ts...\nCache hit for key-2944\n[23:44:27] WARN: Deprecated API usage\n[23:44:27] INFO: Processing request\nCache hit for key-5282\nArtifact uploaded: build.tar.gz (2MB)\nArtifact uploaded: build.tar.gz (16MB)\nStep 5/10: Building\n[23:44:27] WARN: Deprecated API usage\nCompiling src/service.java...\nInstalling react@5.8.0\n[23:44:27] WARN: Deprecated API usage\nCompiling src/main.py...\n  PASS: test_api_health (285ms)\nStep 3/10: Building\n[23:44:27] INFO: Processing request\nCompiling src/utils.go...\n[23:44:27] INFO: Processing request\n\u2713 build completed\n[23:44:27] INFO: Processing request\n  PASS: test_cache_hit (48ms)\n  PASS: test_cache_hit (230ms)\nInstalling lodash@3.6.0\n  PASS: test_api_health (310ms)\n  PASS: test_api_health (36ms)\n  PASS: test_api_health (114ms)\n\u2713 lint completed\n  PASS: test_api_health (314ms)\nCache hit for key-3972\n\u2713 lint completed\nStep 1/10: Building\nCache hit for key-7811\nStep 5/10: Building\nInstalling eslint@5.17.0\nInstalling eslint@1.20.0\n=== Step deploy completed ===",
    "steps": [
      {
        "name": "checkout",
        "status": "success",
        "started_at": "2025-11-26T23:44:27.211860",
        "finished_at": "2025-11-26T23:44:34.020871",
        "log_lines": [
          "=== Step: checkout ===",
          "Step 10/10: Building",
          "Cache hit for key-3248",
          "Cache hit for key-9777",
          "\u26a0 DEPRECATION: Feature will be removed in v4.0",
          "Compiling src/app.ts...",
          "[23:44:27] WARN: Deprecated API usage",
          "Cache hit for key-9101",
          "\u26a0 DEPRECATION: Feature will be removed in v4.0",
          "\u2713 lint completed",
          "  PASS: test_cache_hit (156ms)",
          "Cache hit for key-4589",
          "Compiling src/handler.rs...",
          "[23:44:27] INFO: Processing request",
          "Step 8/10: Building",
          "Artifact uploaded: build.tar.gz (27MB)",
          "Artifact uploaded: build.tar.gz (29MB)",
          "Installing jest@1.2.0",
          "Compiling src/index.js...",
          "Compiling src/index.js...",
          "Artifact uploaded: build.tar.gz (14MB)",
          "  PASS: test_db_connect (401ms)",
          "Step 5/10: Building",
          "Step 3/10: Building",
          "\u2713 build completed",
          "\u2713 lint completed",
          "Cache hit for key-1069",
          "Installing lodash@4.9.0",
          "Step 4/10: Building",
          "Step 1/10: Building",
          "Compiling src/utils.go...",
          "Compiling src/index.js...",
          "Cache hit for key-3614",
          "  PASS: test_user_create (231ms)",
          "Artifact uploaded: build.tar.gz (34MB)",
          "Compiling src/index.js...",
          "  PASS: test_db_connect (56ms)",
          "\u2713 test completed",
          "Exception: RuntimeError",
          "  PASS: test_auth_login (38ms)",
          "Cache hit for key-8669",
          "Artifact uploaded: build.tar.gz (4MB)",
          "Cache hit for key-1290",
          "\u26a0 DEPRECATION: Feature will be removed in v2.0",
          "Artifact uploaded: build.tar.gz (11MB)",
          "  PASS: test_api_health (174ms)",
          "Compiling src/app.ts...",
          "Installing jest@4.13.0",
          "Cache hit for key-6238",
          "Compiling src/index.js...",
          "  PASS: test_cache_hit (165ms)",
          "\u2713 lint completed",
          "Artifact uploaded: build.tar.gz (10MB)",
          "[23:44:27] WARN: Deprecated API usage",
          "Step 4/10: Building",
          "Compiling src/service.java...",
          "[23:44:27] INFO: Processing request",
          "Cache hit for key-4370",
          "\u26a0 DEPRECATION: Feature will be removed in v5.0",
          "  PASS: test_db_connect (65ms)",
          "\u26a0 DEPRECATION: Feature will be removed in v2.0",
          "Cache hit for key-8499",
          "Compiling src/app.ts...",
          "  PASS: test_auth_login (483ms)",
          "Installing jest@5.16.0",
          "  PASS: test_cache_hit (256ms)",
          "[23:44:27] INFO: Processing request",
          "Cache hit for key-4382",
          "Compiling src/main.py...",
          "Cache hit for key-9869",
          "Artifact uploaded: build.tar.gz (44MB)",
          "Installing jest@5.8.0",
          "\u2713 lint completed",
          "  PASS: test_user_create (182ms)",
          "\u2713 lint completed",
          "Cache hit for key-8408",
          "[23:44:27] INFO: Processing request",
          "Compiling src/utils.go...",
          "=== Step checkout completed ==="
        ]
      },
      {
        "name": "setup_environment",
        "status": "success",
        "started_at": "2025-11-26T23:44:34.020871",
        "finished_at": "2025-11-26T23:44:47.638892",
        "log_lines": [
          "=== Step: setup_environment ===",
          "[23:44:27] ERROR: Connection failed",
          "\u2717 build failed with exit code 34",
          "Step 7/10: Building",
          "Artifact uploaded: build.tar.gz (25MB)",
          "Cache hit for key-7331",
          "Step 6/10: Building",
          "Cache hit for key-2445",
          "\u2717 build failed with exit code 12",
          "Installing react@3.2.0",
          "Installing axios@2.3.0",
          "[23:44:27] ERROR: Connection failed",
          "\u2713 build completed",
          "Step 3/10: Building",
          "Cache hit for key-7531",
          "Cache hit for key-3604",
          "Installing jest@3.15.0",
          "  PASS: test_cache_hit (190ms)",
          "Cache hit for key-3750",
          "\u2713 build completed",
          "[23:44:27] INFO: Processing request",
          "Installing react@4.7.0",
          "Cache hit for key-2288",
          "Installing express@5.20.0",
          "Artifact uploaded: build.tar.gz (4MB)",
          "Installing axios@3.3.0",
          "Installing lodash@2.19.0",
          "Installing express@1.10.0",
          "  PASS: test_user_create (225ms)",
          "Artifact uploaded: build.tar.gz (37MB)",
          "Cache hit for key-5618",
          "\u2713 lint completed",
          "\u2713 test completed",
          "Cache hit for key-6051",
          "Step 9/10: Building",
          "Cache hit for key-9255",
          "Compiling src/handler.rs...",
          "Artifact uploaded: build.tar.gz (38MB)",
          "[23:44:27] WARN: Deprecated API usage",
          "Compiling src/utils.go...",
          "Installing webpack@1.18.0",
          "Cache hit for key-6131",
          "\u2713 lint completed",
          "Compiling src/handler.rs...",
          "WARNING: express has known vulnerabilities",
          "\u2713 build completed",
          "[23:44:27] INFO: Processing request",
          "\u2713 lint completed",
          "Cache hit for key-5374",
          "Compiling src/app.ts...",
          "[23:44:27] INFO: Processing request",
          "Installing webpack@1.16.0",
          "[23:44:27] WARN: Deprecated API usage",
          "[23:44:27] INFO: Processing request",
          "[23:44:27] INFO: Processing request",
          "Step 6/10: Building",
          "[23:44:27] WARN: Deprecated API usage",
          "Step 1/10: Building",
          "Installing prettier@5.0.0",
          "Artifact uploaded: build.tar.gz (35MB)",
          "Artifact uploaded: build.tar.gz (50MB)",
          "Artifact uploaded: build.tar.gz (22MB)",
          "Artifact uploaded: build.tar.gz (36MB)",
          "[23:44:27] INFO: Processing request",
          "[23:44:27] INFO: Processing request",
          "Step 6/10: Building",
          "Cache hit for key-6134",
          "  PASS: test_auth_login (27ms)",
          "[23:44:27] INFO: Processing request",
          "\u2713 test completed",
          "  PASS: test_auth_login (441ms)",
          "\u2713 test completed",
          "[23:44:27] WARN: Deprecated API usage",
          "\u2713 lint completed",
          "Cache hit for key-8004",
          "Installing react@3.19.0",
          "Step 7/10: Building",
          "Compiling src/app.ts...",
          "=== Step setup_environment completed ==="
        ]
      },
      {
        "name": "install_dependencies",
        "status": "success",
        "started_at": "2025-11-26T23:44:47.638892",
        "finished_at": "2025-11-26T23:45:14.874935",
        "log_lines": [
          "=== Step: install_dependencies ===",
          "\u2713 build completed",
          "\u2713 lint completed",
          "\u26a0 DEPRECATION: Feature will be removed in v3.0",
          "\u2713 lint completed",
          "Installing jest@2.4.0",
          "Compiling src/index.js...",
          "[23:44:27] WARN: Deprecated API usage",
          "Compiling src/app.ts...",
          "[23:44:27] INFO: Processing request",
          "\u2713 build completed",
          "Compiling src/utils.go...",
          "Installing jest@5.12.0",
          "Compiling src/handler.rs...",
          "WARNING: eslint has known vulnerabilities",
          "Cache hit for key-5289",
          "Compiling src/utils.go...",
          "Step 8/10: Building",
          "Step 7/10: Building",
          "\u26a0 DEPRECATION: Feature will be removed in v5.0",
          "Installing react@2.12.0",
          "Artifact uploaded: build.tar.gz (16MB)",
          "Artifact uploaded: build.tar.gz (3MB)",
          "Installing express@4.11.0",
          "Artifact uploaded: build.tar.gz (9MB)",
          "Artifact uploaded: build.tar.gz (24MB)",
          "[23:44:27] WARN: Deprecated API usage",
          "\u2713 test completed",
          "  PASS: test_cache_hit (435ms)",
          "Installing prettier@2.18.0",
          "FAILED: test_api_health",
          "Installing jest@3.2.0",
          "\u2713 build completed",
          "[23:44:27] INFO: Processing request",
          "Artifact uploaded: build.tar.gz (4MB)",
          "  PASS: test_auth_login (29ms)",
          "Step 10/10: Building",
          "\u26a0 DEPRECATION: Feature will be removed in v4.0",
          "\u2713 test completed",
          "Step 1/10: Building",
          "Installing jest@5.7.0",
          "  PASS: test_user_create (489ms)",
          "Compiling src/service.java...",
          "\u26a0 DEPRECATION: Feature will be removed in v3.0",
          "\u2713 lint completed",
          "Step 6/10: Building",
          "Cache hit for key-4005",
          "Artifact uploaded: build.tar.gz (11MB)",
          "Step 9/10: Building",
          "Artifact uploaded: build.tar.gz (50MB)",
          "Artifact uploaded: build.tar.gz (41MB)",
          "Cache hit for key-4777",
          "[23:44:27] INFO: Processing request",
          "Installing jest@1.0.0",
          "Step 8/10: Building",
          "Cache hit for key-6699",
          "[23:44:27] ERROR: Connection failed",
          "\u2713 test completed",
          "Cache hit for key-6694",
          "\u2713 build completed",
          "Installing webpack@2.12.0",
          "Installing eslint@5.2.0",
          "Installing prettier@5.12.0",
          "Installing prettier@1.7.0",
          "Compiling src/utils.go...",
          "Compiling src/utils.go...",
          "Artifact uploaded: build.tar.gz (12MB)",
          "Artifact uploaded: build.tar.gz (41MB)",
          "Step 9/10: Building",
          "[23:44:27] INFO: Processing request",
          "Compiling src/service.java...",
          "  PASS: test_api_health (433ms)",
          "Step 9/10: Building",
          "Compiling src/index.js...",
          "Installing express@4.10.0",
          "Compiling src/app.ts...",
          "Artifact uploaded: build.tar.gz (26MB)",
          "Installing react@4.0.0",
          "=== Step install_dependencies completed ==="
        ]
      },
      {
        "name": "run_tests",
        "status": "success",
        "started_at": "2025-11-26T23:45:14.874935",
        "finished_at": "2025-11-26T23:46:02.538009",
        "log_lines": [
          "=== Step: run_tests ===",
          "\u2713 build completed",
          "\u2713 lint completed",
          "Installing express@3.9.0",
          "Installing prettier@1.1.0",
          "Installing eslint@5.15.0",
          "\u2713 test completed",
          "Artifact uploaded: build.tar.gz (50MB)",
          "Artifact uploaded: build.tar.gz (37MB)",
          "[23:44:27] INFO: Processing request",
          "\u2713 build completed",
          "Installing react@2.5.0",
          "[23:44:27] ERROR: Connection failed",
          "\u2713 test completed",
          "Artifact uploaded: build.tar.gz (47MB)",
          "[23:44:27] INFO: Processing request",
          "  PASS: test_auth_login (123ms)",
          "Compiling src/service.java...",
          "\u2713 test completed",
          "Installing eslint@5.0.0",
          "Step 8/10: Building",
          "  PASS: test_cache_hit (181ms)",
          "Step 3/10: Building",
          "  PASS: test_auth_login (232ms)",
          "WARNING: react has known vulnerabilities",
          "Installing axios@3.20.0",
          "[23:44:27] INFO: Processing request",
          "Artifact uploaded: build.tar.gz (8MB)",
          "  PASS: test_cache_hit (480ms)",
          "[23:44:27] INFO: Processing request",
          "[23:44:27] INFO: Processing request",
          "  PASS: test_cache_hit (167ms)",
          "Compiling src/service.java...",
          "\u2713 build completed",
          "[23:44:27] INFO: Processing request",
          "Artifact uploaded: build.tar.gz (5MB)",
          "Step 10/10: Building",
          "  PASS: test_user_create (177ms)",
          "Compiling src/main.py...",
          "Compiling src/handler.rs...",
          "Compiling src/index.js...",
          "[23:44:27] INFO: Processing request",
          "Installing webpack@1.19.0",
          "Compiling src/app.ts...",
          "Artifact uploaded: build.tar.gz (28MB)",
          "[23:44:27] INFO: Processing request",
          "Step 4/10: Building",
          "  PASS: test_auth_login (93ms)",
          "\u2713 lint completed",
          "Cache hit for key-6588",
          "\u26a0 DEPRECATION: Feature will be removed in v4.0",
          "[23:44:27] INFO: Processing request",
          "Step 1/10: Building",
          "[23:44:27] INFO: Processing request",
          "  PASS: test_auth_login (205ms)",
          "Artifact uploaded: build.tar.gz (2MB)",
          "[23:44:27] INFO: Processing request",
          "Installing eslint@4.9.0",
          "Installing lodash@4.10.0",
          "Step 7/10: Building",
          "\u2713 lint completed",
          "  PASS: test_auth_login (43ms)",
          "Step 4/10: Building",
          "[23:44:27] INFO: Processing request",
          "Artifact uploaded: build.tar.gz (27MB)",
          "Step 3/10: Building",
          "  PASS: test_user_create (176ms)",
          "Artifact uploaded: build.tar.gz (35MB)",
          "  PASS: test_api_health (450ms)",
          "\u26a0 DEPRECATION: Feature will be removed in v4.0",
          "Compiling src/utils.go...",
          "Artifact uploaded: build.tar.gz (26MB)",
          "Cache hit for key-2445",
          "Installing prettier@4.6.0",
          "\u2713 test completed",
          "Step 8/10: Building",
          "Cache hit for key-2953",
          "[23:44:27] INFO: Processing request",
          "=== Step run_tests completed ==="
        ]
      },
      {
        "name": "build_artifact",
        "status": "success",
        "started_at": "2025-11-26T23:46:02.538009",
        "finished_at": "2025-11-26T23:46:29.774052",
        "log_lines": [
          "=== Step: build_artifact ===",
          "[23:44:27] INFO: Processing request",
          "Installing eslint@4.8.0",
          "Cache hit for key-9680",
          "Compiling src/index.js...",
          "Compiling src/index.js...",
          "Compiling src/utils.go...",
          "Artifact uploaded: build.tar.gz (26MB)",
          "Cache hit for key-7864",
          "Installing jest@5.4.0",
          "[23:44:27] INFO: Processing request",
          "  PASS: test_user_create (195ms)",
          "Artifact uploaded: build.tar.gz (42MB)",
          "\u2713 test completed",
          "Step 2/10: Building",
          "Installing jest@4.15.0",
          "Step 4/10: Building",
          "Step 9/10: Building",
          "WARNING: jest has known vulnerabilities",
          "[23:44:27] INFO: Processing request",
          "Step 3/10: Building",
          "Installing lodash@5.20.0",
          "Installing react@3.15.0",
          "Cache hit for key-5222",
          "\u2713 lint completed",
          "\u26a0 DEPRECATION: Feature will be removed in v2.0",
          "\u2713 test completed",
          "\u2713 lint completed",
          "\u2713 test completed",
          "Compiling src/service.java...",
          "\u2713 test completed",
          "Cache hit for key-7515",
          "  PASS: test_user_create (58ms)",
          "Step 3/10: Building",
          "\u26a0 DEPRECATION: Feature will be removed in v2.0",
          "Cache hit for key-7800",
          "Installing axios@4.2.0",
          "  PASS: test_user_create (468ms)",
          "Step 4/10: Building",
          "Artifact uploaded: build.tar.gz (32MB)",
          "  PASS: test_api_health (201ms)",
          "[23:44:27] INFO: Processing request",
          "\u26a0 DEPRECATION: Feature will be removed in v2.0",
          "Installing express@2.6.0",
          "\u2713 build completed",
          "Installing eslint@1.8.0",
          "[23:44:27] ERROR: Connection failed",
          "Compiling src/main.py...",
          "  PASS: test_api_health (499ms)",
          "Installing react@1.16.0",
          "Step 5/10: Building",
          "  PASS: test_cache_hit (473ms)",
          "\u2713 lint completed",
          "  PASS: test_db_connect (496ms)",
          "  PASS: test_cache_hit (318ms)",
          "  PASS: test_user_create (385ms)",
          "Compiling src/main.py...",
          "Installing webpack@1.11.0",
          "\u2713 test completed",
          "Artifact uploaded: build.tar.gz (7MB)",
          "Step 2/10: Building",
          "Artifact uploaded: build.tar.gz (8MB)",
          "Cache hit for key-9637",
          "Artifact uploaded: build.tar.gz (49MB)",
          "Artifact uploaded: build.tar.gz (18MB)",
          "WARNING: jest has known vulnerabilities",
          "[23:44:27] INFO: Processing request",
          "Artifact uploaded: build.tar.gz (15MB)",
          "Compiling src/index.js...",
          "Artifact uploaded: build.tar.gz (9MB)",
          "Artifact uploaded: build.tar.gz (8MB)",
          "Installing jest@2.17.0",
          "[23:44:27] INFO: Processing request",
          "Cache hit for key-3480",
          "Exception: RuntimeError",
          "  PASS: test_cache_hit (458ms)",
          "Exception: NullPointerException",
          "  PASS: test_api_health (79ms)",
          "=== Step build_artifact completed ==="
        ]
      },
      {
        "name": "deploy",
        "status": "success",
        "started_at": "2025-11-26T23:46:29.774052",
        "finished_at": "2025-11-26T23:46:43.392073",
        "log_lines": [
          "=== Step: deploy ===",
          "  PASS: test_auth_login (329ms)",
          "Cache hit for key-5393",
          "[23:44:27] INFO: Processing request",
          "\u2713 build completed",
          "Cache hit for key-9770",
          "  PASS: test_auth_login (308ms)",
          "  PASS: test_api_health (75ms)",
          "Cache hit for key-7789",
          "  PASS: test_db_connect (270ms)",
          "[23:44:27] INFO: Processing request",
          "Artifact uploaded: build.tar.gz (19MB)",
          "Cache hit for key-1953",
          "\u2713 build completed",
          "[23:44:27] ERROR: Connection failed",
          "[23:44:27] INFO: Processing request",
          "Cache hit for key-5823",
          "Step 8/10: Building",
          "\u2713 build completed",
          "Artifact uploaded: build.tar.gz (37MB)",
          "[23:44:27] WARN: Deprecated API usage",
          "Artifact uploaded: build.tar.gz (41MB)",
          "\u2713 test completed",
          "\u2713 build completed",
          "\u26a0 DEPRECATION: Feature will be removed in v3.0",
          "Installing react@5.11.0",
          "Artifact uploaded: build.tar.gz (42MB)",
          "[23:44:27] INFO: Processing request",
          "Compiling src/service.java...",
          "Installing prettier@4.15.0",
          "[23:44:27] WARN: Deprecated API usage",
          "[23:44:27] INFO: Processing request",
          "Installing express@1.8.0",
          "Cache hit for key-5313",
          "Cache hit for key-7461",
          "Cache hit for key-5857",
          "Cache hit for key-6685",
          "Artifact uploaded: build.tar.gz (35MB)",
          "Exception: NullPointerException",
          "WARNING: jest has known vulnerabilities",
          "Step 10/10: Building",
          "Step 8/10: Building",
          "  PASS: test_user_create (303ms)",
          "Compiling src/app.ts...",
          "Cache hit for key-2944",
          "[23:44:27] WARN: Deprecated API usage",
          "[23:44:27] INFO: Processing request",
          "Cache hit for key-5282",
          "Artifact uploaded: build.tar.gz (2MB)",
          "Artifact uploaded: build.tar.gz (16MB)",
          "Step 5/10: Building",
          "[23:44:27] WARN: Deprecated API usage",
          "Compiling src/service.java...",
          "Installing react@5.8.0",
          "[23:44:27] WARN: Deprecated API usage",
          "Compiling src/main.py...",
          "  PASS: test_api_health (285ms)",
          "Step 3/10: Building",
          "[23:44:27] INFO: Processing request",
          "Compiling src/utils.go...",
          "[23:44:27] INFO: Processing request",
          "\u2713 build completed",
          "[23:44:27] INFO: Processing request",
          "  PASS: test_cache_hit (48ms)",
          "  PASS: test_cache_hit (230ms)",
          "Installing lodash@3.6.0",
          "  PASS: test_api_health (310ms)",
          "  PASS: test_api_health (36ms)",
          "  PASS: test_api_health (114ms)",
          "\u2713 lint completed",
          "  PASS: test_api_health (314ms)",
          "Cache hit for key-3972",
          "\u2713 lint completed",
          "Step 1/10: Building",
          "Cache hit for key-7811",
          "Step 5/10: Building",
          "Installing eslint@5.17.0",
          "Installing eslint@1.20.0",
          "=== Step deploy completed ==="
        ]
      }
    ],
    "label": "normal"
  }
}