{
  "action": "completed",
  "workflow_run": {
    "id": 215,
    "name": "CI Pipeline",
    "head_branch": "develop",
    "head_sha": "e3e1ad94143c545b4c86c6f4f33b189a0b1b8df6",
    "status": "completed",
    "conclusion": "success",
    "run_started_at": "2025-12-05T12:50:50.424562Z",
    "updated_at": "2025-12-05T12:54:53.930031Z"
  },
  "repository": {
    "full_name": "acme-corp/web-app",
    "name": "web-app"
  },
  "sender": {
    "login": "alice"
  },
  "_safeops_extended": {
    "raw_logs": "=== Step: unit_tests ===\nPOST /api - 200 (217ms)\nStep 2/15: Testing\nPulling image: alpine:18\n[12:50:50] DEBUG: Query executed in 47ms\n\u2713 All checks passed\n[12:50:50] WARN: Deprecated API usage\nProcessing...\nTLS handshake completed\nStep 7/22: Building\nCache miss for key-3816\nMinifying app.js\n[12:50:50] ERROR: Connection failed\nFetching from https://googleapis.com/package.json\nCoverage: 70% statements, 70% branches\nStep 2/23: Testing\nFAILED: test_auth_login\n[12:50:50] DEBUG: Connection pool: 10 active\n[12:50:50] INFO: Processing request\nChecking out develop branch\nnpm notice: created a lockfile\nPulling image: node:latest\n[12:50:50] INFO: Processing request\nWARNING: express has known vulnerabilities\nnpm notice: package.json updated\npip: Collecting express\nHEAD is now at 994dc28\nStep 1/21: Running migrations\npip: Installing build dependencies...\nImage pulled successfully\n  PASS: unit/test_cache_hit.spec.js\nPOST /upload - 201 (442ms)\nLayer 5/13: ENV command\nnpm notice: created a lockfile\nCompiling components/service.java...\nFinished.\n[12:50:50] ERROR: Connection failed\nUsing Node.js 20.0.8\nyarn add: Done in 14.9s\nRan 120 tests in 29s\nTests: 55 passed, 203 total\nCreating production build...\nCache saved successfully\nImage pulled successfully\nProcessing...\nCache saved successfully\nProcessing...\nPOST /api - 202 (224ms)\n[12:50:50] ERROR: Connection failed\n=== Step unit_tests completed ===\n=== Step: save_cache ===\n[12:50:50] DEBUG: Query executed in 17ms\nnpm install: added 81 packages\nFAILED: test_auth_login\nCompleted.\npip install: Successfully installed webpack-1.0\n[12:50:50] DEBUG: Query executed in 1ms\nyarn add: Done in 27.19s\nArtifact uploaded: build.tar.gz (10MB)\nReady.\nArtifact downloaded: 50MB\nTests: 452 passed, 258 total\nArtifact uploaded: dist.zip (50MB)\nTests: 268 passed, 198 total\nCompiling src/index.js...\nChecking out develop branch\n[12:50:50] INFO: Starting build process\n\u2713 Step 'install' succeeded\nRan 172 tests in 54s\nSnapshots: 34 passed, 35 total\n  PASS: unit/test_cache_hit.spec.js\nVerifying...\n  PASS: e2e/test_cache_hit.spec.js\nTLS handshake completed\npip: Downloading lodash-1.10.tar.gz\nReady.\nCache restored successfully (400MB)\nCache miss for key-3369\n[12:50:50] DEBUG: Loading configuration\n\u2713 Task completed in 3988ms\n\u2713 deploy completed\n[12:50:50] DEBUG: Loading configuration\npip: Collecting lodash\n[12:50:50] WARN: Deprecated API usage\nnpm install: resolved 447 packages\nReady.\npip: Installing build dependencies...\nArtifact uploaded: dist.zip (74MB)\nLoading...\n[12:50:50] WARN: Deprecated API usage\n[12:50:50] DEBUG: Connection pool: 9 active\nRan 118 tests in 9s\nPulling image: alpine:18\nStep 2/21: Installing dependencies\nEnvironment: production\nBundling main.css\nFetching from https://gcr.io/package.json\nyarn add: Done in 16.49s\n[12:50:50] DEBUG: Connection pool: 3 active\n=== Step save_cache completed ===\n=== Step: build ===\nStep 6/21: Testing\nnpm install: resolved 424 packages\nOK\nStep 7/20: Building\nSuccess!\n[12:50:50] INFO: Cache refreshed\nCache hit for key-9490\nWARNING: express has known vulnerabilities\nInstalling webpack@2.10.9\nnpm notice: created a lockfile\n[12:50:50] DEBUG: Connection pool: 6 active\nPOST /data - 202 (338ms)\nCache miss for key-4914\nCompiling utils/handler.rs...\nyarn add: Done in 10.23s\nCompleted.\n[12:50:50] DEBUG: Memory usage: 1265MB\n[12:50:50] WARN: Deprecated API usage\nAlready up to date.\nyarn add: Done in 30.24s\npip: Installing build dependencies...\nEnvironment: production\nStep 3/22: Building\nGenerating source maps...\n\u2717 build failed with exit code 37\nStep 19/24: Testing\n  PASS: test_api_health (177ms)\nWaiting...\nCache miss for key-9620\npip install: Successfully installed lodash-1.5\nWARNING: eslint has known vulnerabilities\nLayer 6/8: ENV command\nNODE_ENV=test\n[12:50:50] DEBUG: Connection pool: 10 active\nnpm notice: created a lockfile\nCache saved successfully\n[12:50:50] INFO: Starting build process\nArtifact uploaded: build.tar.gz (1MB)\nCache hit for key-6324\nCache miss for key-4139\n[12:50:50] DEBUG: Memory usage: 440MB\nPulling image: node:3.11\nAlready up to date.\nSuccess!\nOK\nCompiling utils/index.js...\nFinished.\nUploading artifact 'dist' (36 files)\n=== Step build completed ===\n=== Step: restore_cache ===\nDone.\nTests: 390 passed, 482 total\n[12:50:50] INFO: Connecting to database\nCreating production build...\nnpm install: resolved 1821 packages\nFAILED: test_cache_hit\nHEAD is now at e1f2c3d\n\u2713 Task completed in 3253ms\nConnection established\nCache miss for key-5474\nLayer 1/10: COPY command\nNODE_ENV=development\n[12:50:50] INFO: Request completed\n[12:50:50] INFO: Cache refreshed\nLoading...\nWaiting...\n[12:50:50] INFO: Connecting to database\nEnvironment: development\n[12:50:50] INFO: Processing request\nOptimizing 17 modules...\nProcessing...\nSnapshots: 44 passed, 40 total\nTransforming 543 files...\nCache miss for key-5500\nCache miss for key-5386\nCompiling src/utils.go...\n[12:50:50] INFO: Starting build process\n[12:50:50] DEBUG: Memory usage: 281MB\nUploading artifact 'dist' (1 files)\n  PASS: test_cache_hit (209ms)\n[12:50:50] INFO: Processing request\nStep 3/15: Deploying\nCache restored successfully (309MB)\n[12:50:50] INFO: Cache refreshed\nFAILED: test_api_health\nSuccess!\nCompiling src/main.py...\n  PASS: e2e/test_user_create.spec.js\nnpm notice: created a lockfile\n[12:50:50] DEBUG: Connection pool: 12 active\nRan 82 tests in 44s\nWaiting...\nTLS handshake completed\nBuilding Docker image...\nnpm notice: created a lockfile\n[12:50:50] ERROR: Connection failed\n[12:50:50] WARN: Deprecated API usage\nStep 6/24: Installing dependencies\n=== Step restore_cache completed ===\n=== Step: install_dependencies ===\npip: Collecting react\n[12:50:50] DEBUG: Connection pool: 16 active\nCompiling src/handler.rs...\n[12:50:50] INFO: Starting build process\n  PASS: test_auth_login (89ms)\n  PASS: test_cache_hit (55ms)\nCache hit for key-3697\nUsing Python 3.10\nCache saved successfully\nReady.\nAlready up to date.\nnpm install: resolved 504 packages\nCache hit for key-5182\n[12:50:50] INFO: Starting build process\n[12:50:50] DEBUG: Loading configuration\nStep 17/24: Linting\n[12:50:50] INFO: Cache refreshed\nArtifact uploaded: build.tar.gz (48MB)\nPulling image: alpine:latest\nSwitched to branch 'feature/task-688'\n\u26a0 DEPRECATION: Feature will be removed in v2.0\nSnapshots: 48 passed, 37 total\nTests: 187 passed, 71 total\nStep 4/19: Running migrations\nCompleted.\n\u2713 All checks passed\n\u26a0 DEPRECATION: Feature will be removed in v5.0\nArtifact downloaded: 48MB\n[12:50:50] INFO: Processing request\n[12:50:50] INFO: Connecting to database\nTime: 26.615s\nStep 18/21: Installing dependencies\nTime: 36.670s\n[12:50:50] DEBUG: Memory usage: 1800MB\nWARNING: jest has known vulnerabilities\n\u2713 package completed\nArtifact downloaded: 37MB\n\u2717 build failed with exit code 18\n[12:50:50] INFO: Processing request\nCoverage: 82% statements, 94% branches\nSuccess!\nSwitched to branch 'hotfix/task-809'\nCache saved successfully\nHEAD is now at df61dee\n\u2717 build failed with exit code 115\nCompleted.\n[12:50:50] ERROR: Connection failed\n  PASS: integration/test_auth_login.spec.js\n=== Step install_dependencies completed ===\n=== Step: lint ===\n[12:50:50] WARN: Deprecated API usage\nnpm install: added 458 packages\n\u26a0 DEPRECATION: Feature will be removed in v2.0\n[12:50:50] INFO: Cache refreshed\nException: NullPointerException\nException: NullPointerException\nyarn add: Done in 13.26s\nReady.\nPlatform: win32-x64\nCreating production build...\nCache hit for key-9636\n\u26a0 DEPRECATION: Feature will be removed in v4.0\nArtifact uploaded: dist.zip (58MB)\n[12:50:50] DEBUG: Loading configuration\nTLS handshake completed\nUploading artifact 'dist' (32 files)\nCompiling utils/utils.go...\nGET /api - 201 (79ms)\nFetching submodules...\n\u26a0 DEPRECATION: Feature will be removed in v5.0\n[12:50:50] WARN: Deprecated API usage\nHEAD is now at 0850dc5\nDone.\nInstalling express@4.20.10\nDone.\nImage pulled successfully\nArtifact downloaded: 33MB\n[12:50:50] INFO: Starting build process\nCache invalidated: build\nGenerating source maps...\nReady.\nImage pulled successfully\nOK\nSwitched to branch 'bugfix/task-512'\nRan 56 tests in 22s\nReady.\nTests: 73 passed, 114 total\n\u26a0 DEPRECATION: Feature will be removed in v5.0\nCoverage: 74% statements, 72% branches\nCompleted.\nTransforming 393 files...\npip: Collecting axios\n\u26a0 DEPRECATION: Feature will be removed in v4.0\nCache hit for key-5351\nGenerating source maps...\nCompiling lib/main.py...\nFAILED: test_api_health\nSwitched to branch 'bugfix/task-251'\n=== Step lint completed ===\n=== Step: setup_environment ===\nArtifact downloaded: 16MB\n[12:50:50] DEBUG: Initializing service\nStep 20/19: Running migrations\nLoading...\nArtifact uploaded: dist.zip (7MB)\nInstalling lodash@3.1.3\nStep 15/17: Building\nCompiling utils/utils.go...\nnpm notice: created a lockfile\nSwitched to branch 'bugfix/task-528'\nStep 9/17: Installing dependencies\n  PASS: test_api_health (400ms)\nGET /health - 204 (29ms)\nWARNING: eslint has known vulnerabilities\n  PASS: test_user_create (21ms)\nPulling image: node:latest\nnpm notice: package.json updated\nTransforming 975 files...\nBuilding Docker image...\nStep 9/24: Linting\nWARNING: react has known vulnerabilities\nCompiling src/utils.go...\nWaiting...\nArtifact uploaded: build.tar.gz (18MB)\nCache hit for key-4183\nGenerating source maps...\nSuccess!\nFetching from https://gcr.io/package.json\nInstalling eslint@1.12.9\nPushing to registry...\nTests: 277 passed, 399 total\nChecking out master branch\nArtifact downloaded: 21MB\n  PASS: test_db_connect (500ms)\nArtifact uploaded: build.tar.gz (2MB)\nBuilding Docker image...\nEnvironment: staging\npip: Collecting express\nWARNING: eslint has known vulnerabilities\nTest Suites: 45 passed, 27 total\n[12:50:50] INFO: Processing request\nOK\nnpm notice: package.json updated\n[12:50:50] INFO: Cache refreshed\n\u2713 Task completed in 4740ms\nAlready up to date.\nCompiling lib/index.js...\nPulling image: alpine:3.11\n=== Step setup_environment completed ===\n=== Step: upload_artifacts ===\nCoverage: 78% statements, 96% branches\nVerifying...\nReady.\nWARNING: lodash has known vulnerabilities\nCompiling utils/utils.go...\nnpm install: added 348 packages\nnpm notice: package.json updated\nPulling image: python:3.11\nGET /api - 200 (23ms)\nFinished.\nArtifact uploaded: build.tar.gz (44MB)\nLayer 2/12: ENV command\nEnvironment: staging\nnpm notice: package.json updated\n\u26a0 DEPRECATION: Feature will be removed in v5.0\nTests: 495 passed, 266 total\n  PASS: test_api_health (246ms)\nImage pulled successfully\n\u2713 All checks passed\nCache hit for key-3741\nConnection established\nFinished.\nnpm notice: created a lockfile\nWARNING: express has known vulnerabilities\nTests: 286 passed, 348 total\nGenerating source maps...\nCache saved successfully\nRan 141 tests in 47s\nSwitched to branch 'hotfix/task-636'\n[12:50:50] DEBUG: Loading configuration\n\u26a0 DEPRECATION: Feature will be removed in v2.0\nnpm notice: created a lockfile\nUploading artifact 'build' (36 files)\nOptimizing 81 modules...\nLoading...\nStep 9/17: Installing dependencies\nNODE_ENV=production\npip: Installing build dependencies...\nUploading artifact 'coverage' (25 files)\n[12:50:50] INFO: Cache refreshed\n[12:50:50] INFO: Request completed\npip: Collecting prettier\nnpm install: added 334 packages\nUsing Node.js 20.16.0\nTest Suites: 14 passed, 41 total\n[12:50:50] WARN: Deprecated API usage\nInstalling axios@2.19.4\nCreating production build...\n=== Step upload_artifacts completed ===\n=== Step: type_check ===\nnpm install: added 116 packages\nUsing Python 3.12\nCreating production build...\nGenerating source maps...\nHEAD is now at eb00584\nyarn add: Done in 25.30s\n\u2713 All checks passed\nChecking out develop branch\nArtifact uploaded: build.tar.gz (30MB)\nHEAD is now at 6e6cbbf\n[12:50:50] WARN: Deprecated API usage\nPlatform: darwin-arm64\nCompiling utils/index.js...\nTime: 25.295s\nCoverage: 76% statements, 85% branches\nCompiling src/main.py...\nLayer 10/10: ENV command\nConnection established\nUploading artifact 'coverage' (3 files)\nProcessing...\nWARNING: axios has known vulnerabilities\nSnapshots: 24 passed, 44 total\nCompiling utils/main.py...\nGenerating source maps...\n[12:50:50] WARN: Deprecated API usage\n[12:50:50] DEBUG: Memory usage: 1180MB\nReady.\nnpm install: added 59 packages\nSnapshots: 48 passed, 12 total\nGET /api - 204 (10ms)\nLoading...\nPulling image: alpine:3.11\nnpm notice: created a lockfile\nCompleted.\n[12:50:50] INFO: Connecting to database\n\u2713 Task completed in 279ms\n[12:50:50] DEBUG: Query executed in 59ms\n  PASS: test_db_connect (414ms)\nyarn add: Done in 20.71s\n\u2713 package completed\n\u2713 All checks passed\nTests: 97 passed, 58 total\nCompiling src/index.js...\n[12:50:50] WARN: Deprecated API usage\n[12:50:50] ERROR: Connection failed\nTest Suites: 45 passed, 16 total\nCompleted.\n[12:50:50] DEBUG: Loading configuration\n=== Step type_check completed ===\n=== Step: setup_node ===\nNODE_ENV=production\n[12:50:50] DEBUG: Loading configuration\nSnapshots: 11 passed, 19 total\nCompiling lib/main.py...\nArtifact uploaded: dist.zip (72MB)\n\u2713 Step 'setup' succeeded\nTransforming 381 files...\nDone.\nStep 19/16: Building\nStep 1/25: Running migrations\n\u2713 build completed\nStep 2/15: Testing\nWARNING: react has known vulnerabilities\nCompiling utils/service.java...\nException: NullPointerException\nCompiling components/app.ts...\n  PASS: integration/test_db_connect.spec.js\nDone.\npip: Collecting express\nImage pulled successfully\nArtifact uploaded: build.tar.gz (30MB)\nGenerating source maps...\nLayer 1/10: COPY command\nNODE_ENV=test\nInstalling webpack@1.9.0\n[12:50:50] DEBUG: Memory usage: 1985MB\nCompiling utils/service.java...\nArtifact uploaded: dist.zip (93MB)\npip: Installing build dependencies...\n[12:50:50] DEBUG: Connection pool: 6 active\npip: Installing build dependencies...\nUploading artifact 'coverage' (13 files)\n[12:50:50] INFO: Starting build process\nCache saved successfully\nStep 1/19: Running migrations\nCompleted.\n[12:50:50] ERROR: Connection failed\npip: Installing build dependencies...\nAlready up to date.\n[12:50:50] INFO: Cache refreshed\nStep 4/15: Installing dependencies\nOK\n  PASS: test_db_connect (430ms)\nCompleted.\n[12:50:50] ERROR: Connection failed\nCache invalidated: build\npip: Collecting eslint\n\u2713 build completed\n=== Step setup_node completed ===\n=== Step: e2e_tests ===\nBuilding Docker image...\nSwitched to branch 'hotfix/task-111'\nReady.\nChecking out develop branch\nConnection established\nStep 6/19: Deploying\nyarn add: Done in 4.81s\nInstalling react@1.3.1\nStep 11/23: Running migrations\nInstalling lodash@4.19.9\nTests: 470 passed, 152 total\nTransforming 401 files...\nTest Suites: 33 passed, 30 total\nOK\nBundling main.js\nCompiling src/main.py...\n  PASS: test_api_health (281ms)\n[12:50:50] DEBUG: Memory usage: 123MB\n[12:50:50] DEBUG: Initializing service\nReady.\nyarn add: Done in 3.14s\nArtifact uploaded: dist.zip (28MB)\n[12:50:50] INFO: Request completed\nStep 19/20: Testing\nCompiling lib/handler.rs...\nFetching from https://npmjs.org/package.json\nnpm install: resolved 230 packages\nInstalling lodash@1.17.8\n[12:50:50] INFO: Connecting to database\n[12:50:50] DEBUG: Query executed in 40ms\n\u2713 Task completed in 4396ms\nHEAD is now at 16c0f95\nnpm notice: package.json updated\nWARNING: axios has known vulnerabilities\nTransforming 480 files...\nProcessing...\n[12:50:50] WARN: Deprecated API usage\n\u26a0 DEPRECATION: Feature will be removed in v5.0\nLayer 3/9: RUN command\nLayer 1/9: RUN command\nCoverage: 95% statements, 78% branches\nWARNING: axios has known vulnerabilities\nStep 10/19: Deploying\nBundling main.js\nCompiling lib/app.ts...\nGenerating source maps...\nPulling image: node:18\n[12:50:50] INFO: Cache refreshed\n=== Step e2e_tests completed ===",
    "steps": [
      {
        "name": "unit_tests",
        "status": "success",
        "started_at": "2025-12-05T12:50:50.424562",
        "finished_at": "2025-12-05T12:51:35.518167",
        "log_lines": [
          "=== Step: unit_tests ===",
          "POST /api - 200 (217ms)",
          "Step 2/15: Testing",
          "Pulling image: alpine:18",
          "[12:50:50] DEBUG: Query executed in 47ms",
          "\u2713 All checks passed",
          "[12:50:50] WARN: Deprecated API usage",
          "Processing...",
          "TLS handshake completed",
          "Step 7/22: Building",
          "Cache miss for key-3816",
          "Minifying app.js",
          "[12:50:50] ERROR: Connection failed",
          "Fetching from https://googleapis.com/package.json",
          "Coverage: 70% statements, 70% branches",
          "Step 2/23: Testing",
          "FAILED: test_auth_login",
          "[12:50:50] DEBUG: Connection pool: 10 active",
          "[12:50:50] INFO: Processing request",
          "Checking out develop branch",
          "npm notice: created a lockfile",
          "Pulling image: node:latest",
          "[12:50:50] INFO: Processing request",
          "WARNING: express has known vulnerabilities",
          "npm notice: package.json updated",
          "pip: Collecting express",
          "HEAD is now at 994dc28",
          "Step 1/21: Running migrations",
          "pip: Installing build dependencies...",
          "Image pulled successfully",
          "  PASS: unit/test_cache_hit.spec.js",
          "POST /upload - 201 (442ms)",
          "Layer 5/13: ENV command",
          "npm notice: created a lockfile",
          "Compiling components/service.java...",
          "Finished.",
          "[12:50:50] ERROR: Connection failed",
          "Using Node.js 20.0.8",
          "yarn add: Done in 14.9s",
          "Ran 120 tests in 29s",
          "Tests: 55 passed, 203 total",
          "Creating production build...",
          "Cache saved successfully",
          "Image pulled successfully",
          "Processing...",
          "Cache saved successfully",
          "Processing...",
          "POST /api - 202 (224ms)",
          "[12:50:50] ERROR: Connection failed",
          "=== Step unit_tests completed ==="
        ]
      },
      {
        "name": "save_cache",
        "status": "success",
        "started_at": "2025-12-05T12:51:35.518167",
        "finished_at": "2025-12-05T12:51:44.536888",
        "log_lines": [
          "=== Step: save_cache ===",
          "[12:50:50] DEBUG: Query executed in 17ms",
          "npm install: added 81 packages",
          "FAILED: test_auth_login",
          "Completed.",
          "pip install: Successfully installed webpack-1.0",
          "[12:50:50] DEBUG: Query executed in 1ms",
          "yarn add: Done in 27.19s",
          "Artifact uploaded: build.tar.gz (10MB)",
          "Ready.",
          "Artifact downloaded: 50MB",
          "Tests: 452 passed, 258 total",
          "Artifact uploaded: dist.zip (50MB)",
          "Tests: 268 passed, 198 total",
          "Compiling src/index.js...",
          "Checking out develop branch",
          "[12:50:50] INFO: Starting build process",
          "\u2713 Step 'install' succeeded",
          "Ran 172 tests in 54s",
          "Snapshots: 34 passed, 35 total",
          "  PASS: unit/test_cache_hit.spec.js",
          "Verifying...",
          "  PASS: e2e/test_cache_hit.spec.js",
          "TLS handshake completed",
          "pip: Downloading lodash-1.10.tar.gz",
          "Ready.",
          "Cache restored successfully (400MB)",
          "Cache miss for key-3369",
          "[12:50:50] DEBUG: Loading configuration",
          "\u2713 Task completed in 3988ms",
          "\u2713 deploy completed",
          "[12:50:50] DEBUG: Loading configuration",
          "pip: Collecting lodash",
          "[12:50:50] WARN: Deprecated API usage",
          "npm install: resolved 447 packages",
          "Ready.",
          "pip: Installing build dependencies...",
          "Artifact uploaded: dist.zip (74MB)",
          "Loading...",
          "[12:50:50] WARN: Deprecated API usage",
          "[12:50:50] DEBUG: Connection pool: 9 active",
          "Ran 118 tests in 9s",
          "Pulling image: alpine:18",
          "Step 2/21: Installing dependencies",
          "Environment: production",
          "Bundling main.css",
          "Fetching from https://gcr.io/package.json",
          "yarn add: Done in 16.49s",
          "[12:50:50] DEBUG: Connection pool: 3 active",
          "=== Step save_cache completed ==="
        ]
      },
      {
        "name": "build",
        "status": "success",
        "started_at": "2025-12-05T12:51:44.536888",
        "finished_at": "2025-12-05T12:52:29.630493",
        "log_lines": [
          "=== Step: build ===",
          "Step 6/21: Testing",
          "npm install: resolved 424 packages",
          "OK",
          "Step 7/20: Building",
          "Success!",
          "[12:50:50] INFO: Cache refreshed",
          "Cache hit for key-9490",
          "WARNING: express has known vulnerabilities",
          "Installing webpack@2.10.9",
          "npm notice: created a lockfile",
          "[12:50:50] DEBUG: Connection pool: 6 active",
          "POST /data - 202 (338ms)",
          "Cache miss for key-4914",
          "Compiling utils/handler.rs...",
          "yarn add: Done in 10.23s",
          "Completed.",
          "[12:50:50] DEBUG: Memory usage: 1265MB",
          "[12:50:50] WARN: Deprecated API usage",
          "Already up to date.",
          "yarn add: Done in 30.24s",
          "pip: Installing build dependencies...",
          "Environment: production",
          "Step 3/22: Building",
          "Generating source maps...",
          "\u2717 build failed with exit code 37",
          "Step 19/24: Testing",
          "  PASS: test_api_health (177ms)",
          "Waiting...",
          "Cache miss for key-9620",
          "pip install: Successfully installed lodash-1.5",
          "WARNING: eslint has known vulnerabilities",
          "Layer 6/8: ENV command",
          "NODE_ENV=test",
          "[12:50:50] DEBUG: Connection pool: 10 active",
          "npm notice: created a lockfile",
          "Cache saved successfully",
          "[12:50:50] INFO: Starting build process",
          "Artifact uploaded: build.tar.gz (1MB)",
          "Cache hit for key-6324",
          "Cache miss for key-4139",
          "[12:50:50] DEBUG: Memory usage: 440MB",
          "Pulling image: node:3.11",
          "Already up to date.",
          "Success!",
          "OK",
          "Compiling utils/index.js...",
          "Finished.",
          "Uploading artifact 'dist' (36 files)",
          "=== Step build completed ==="
        ]
      },
      {
        "name": "restore_cache",
        "status": "success",
        "started_at": "2025-12-05T12:52:29.630493",
        "finished_at": "2025-12-05T12:52:38.649214",
        "log_lines": [
          "=== Step: restore_cache ===",
          "Done.",
          "Tests: 390 passed, 482 total",
          "[12:50:50] INFO: Connecting to database",
          "Creating production build...",
          "npm install: resolved 1821 packages",
          "FAILED: test_cache_hit",
          "HEAD is now at e1f2c3d",
          "\u2713 Task completed in 3253ms",
          "Connection established",
          "Cache miss for key-5474",
          "Layer 1/10: COPY command",
          "NODE_ENV=development",
          "[12:50:50] INFO: Request completed",
          "[12:50:50] INFO: Cache refreshed",
          "Loading...",
          "Waiting...",
          "[12:50:50] INFO: Connecting to database",
          "Environment: development",
          "[12:50:50] INFO: Processing request",
          "Optimizing 17 modules...",
          "Processing...",
          "Snapshots: 44 passed, 40 total",
          "Transforming 543 files...",
          "Cache miss for key-5500",
          "Cache miss for key-5386",
          "Compiling src/utils.go...",
          "[12:50:50] INFO: Starting build process",
          "[12:50:50] DEBUG: Memory usage: 281MB",
          "Uploading artifact 'dist' (1 files)",
          "  PASS: test_cache_hit (209ms)",
          "[12:50:50] INFO: Processing request",
          "Step 3/15: Deploying",
          "Cache restored successfully (309MB)",
          "[12:50:50] INFO: Cache refreshed",
          "FAILED: test_api_health",
          "Success!",
          "Compiling src/main.py...",
          "  PASS: e2e/test_user_create.spec.js",
          "npm notice: created a lockfile",
          "[12:50:50] DEBUG: Connection pool: 12 active",
          "Ran 82 tests in 44s",
          "Waiting...",
          "TLS handshake completed",
          "Building Docker image...",
          "npm notice: created a lockfile",
          "[12:50:50] ERROR: Connection failed",
          "[12:50:50] WARN: Deprecated API usage",
          "Step 6/24: Installing dependencies",
          "=== Step restore_cache completed ==="
        ]
      },
      {
        "name": "install_dependencies",
        "status": "success",
        "started_at": "2025-12-05T12:52:38.649214",
        "finished_at": "2025-12-05T12:53:23.742819",
        "log_lines": [
          "=== Step: install_dependencies ===",
          "pip: Collecting react",
          "[12:50:50] DEBUG: Connection pool: 16 active",
          "Compiling src/handler.rs...",
          "[12:50:50] INFO: Starting build process",
          "  PASS: test_auth_login (89ms)",
          "  PASS: test_cache_hit (55ms)",
          "Cache hit for key-3697",
          "Using Python 3.10",
          "Cache saved successfully",
          "Ready.",
          "Already up to date.",
          "npm install: resolved 504 packages",
          "Cache hit for key-5182",
          "[12:50:50] INFO: Starting build process",
          "[12:50:50] DEBUG: Loading configuration",
          "Step 17/24: Linting",
          "[12:50:50] INFO: Cache refreshed",
          "Artifact uploaded: build.tar.gz (48MB)",
          "Pulling image: alpine:latest",
          "Switched to branch 'feature/task-688'",
          "\u26a0 DEPRECATION: Feature will be removed in v2.0",
          "Snapshots: 48 passed, 37 total",
          "Tests: 187 passed, 71 total",
          "Step 4/19: Running migrations",
          "Completed.",
          "\u2713 All checks passed",
          "\u26a0 DEPRECATION: Feature will be removed in v5.0",
          "Artifact downloaded: 48MB",
          "[12:50:50] INFO: Processing request",
          "[12:50:50] INFO: Connecting to database",
          "Time: 26.615s",
          "Step 18/21: Installing dependencies",
          "Time: 36.670s",
          "[12:50:50] DEBUG: Memory usage: 1800MB",
          "WARNING: jest has known vulnerabilities",
          "\u2713 package completed",
          "Artifact downloaded: 37MB",
          "\u2717 build failed with exit code 18",
          "[12:50:50] INFO: Processing request",
          "Coverage: 82% statements, 94% branches",
          "Success!",
          "Switched to branch 'hotfix/task-809'",
          "Cache saved successfully",
          "HEAD is now at df61dee",
          "\u2717 build failed with exit code 115",
          "Completed.",
          "[12:50:50] ERROR: Connection failed",
          "  PASS: integration/test_auth_login.spec.js",
          "=== Step install_dependencies completed ==="
        ]
      },
      {
        "name": "lint",
        "status": "success",
        "started_at": "2025-12-05T12:53:23.742819",
        "finished_at": "2025-12-05T12:53:38.774021",
        "log_lines": [
          "=== Step: lint ===",
          "[12:50:50] WARN: Deprecated API usage",
          "npm install: added 458 packages",
          "\u26a0 DEPRECATION: Feature will be removed in v2.0",
          "[12:50:50] INFO: Cache refreshed",
          "Exception: NullPointerException",
          "Exception: NullPointerException",
          "yarn add: Done in 13.26s",
          "Ready.",
          "Platform: win32-x64",
          "Creating production build...",
          "Cache hit for key-9636",
          "\u26a0 DEPRECATION: Feature will be removed in v4.0",
          "Artifact uploaded: dist.zip (58MB)",
          "[12:50:50] DEBUG: Loading configuration",
          "TLS handshake completed",
          "Uploading artifact 'dist' (32 files)",
          "Compiling utils/utils.go...",
          "GET /api - 201 (79ms)",
          "Fetching submodules...",
          "\u26a0 DEPRECATION: Feature will be removed in v5.0",
          "[12:50:50] WARN: Deprecated API usage",
          "HEAD is now at 0850dc5",
          "Done.",
          "Installing express@4.20.10",
          "Done.",
          "Image pulled successfully",
          "Artifact downloaded: 33MB",
          "[12:50:50] INFO: Starting build process",
          "Cache invalidated: build",
          "Generating source maps...",
          "Ready.",
          "Image pulled successfully",
          "OK",
          "Switched to branch 'bugfix/task-512'",
          "Ran 56 tests in 22s",
          "Ready.",
          "Tests: 73 passed, 114 total",
          "\u26a0 DEPRECATION: Feature will be removed in v5.0",
          "Coverage: 74% statements, 72% branches",
          "Completed.",
          "Transforming 393 files...",
          "pip: Collecting axios",
          "\u26a0 DEPRECATION: Feature will be removed in v4.0",
          "Cache hit for key-5351",
          "Generating source maps...",
          "Compiling lib/main.py...",
          "FAILED: test_api_health",
          "Switched to branch 'bugfix/task-251'",
          "=== Step lint completed ==="
        ]
      },
      {
        "name": "setup_environment",
        "status": "success",
        "started_at": "2025-12-05T12:53:38.774021",
        "finished_at": "2025-12-05T12:53:53.805223",
        "log_lines": [
          "=== Step: setup_environment ===",
          "Artifact downloaded: 16MB",
          "[12:50:50] DEBUG: Initializing service",
          "Step 20/19: Running migrations",
          "Loading...",
          "Artifact uploaded: dist.zip (7MB)",
          "Installing lodash@3.1.3",
          "Step 15/17: Building",
          "Compiling utils/utils.go...",
          "npm notice: created a lockfile",
          "Switched to branch 'bugfix/task-528'",
          "Step 9/17: Installing dependencies",
          "  PASS: test_api_health (400ms)",
          "GET /health - 204 (29ms)",
          "WARNING: eslint has known vulnerabilities",
          "  PASS: test_user_create (21ms)",
          "Pulling image: node:latest",
          "npm notice: package.json updated",
          "Transforming 975 files...",
          "Building Docker image...",
          "Step 9/24: Linting",
          "WARNING: react has known vulnerabilities",
          "Compiling src/utils.go...",
          "Waiting...",
          "Artifact uploaded: build.tar.gz (18MB)",
          "Cache hit for key-4183",
          "Generating source maps...",
          "Success!",
          "Fetching from https://gcr.io/package.json",
          "Installing eslint@1.12.9",
          "Pushing to registry...",
          "Tests: 277 passed, 399 total",
          "Checking out master branch",
          "Artifact downloaded: 21MB",
          "  PASS: test_db_connect (500ms)",
          "Artifact uploaded: build.tar.gz (2MB)",
          "Building Docker image...",
          "Environment: staging",
          "pip: Collecting express",
          "WARNING: eslint has known vulnerabilities",
          "Test Suites: 45 passed, 27 total",
          "[12:50:50] INFO: Processing request",
          "OK",
          "npm notice: package.json updated",
          "[12:50:50] INFO: Cache refreshed",
          "\u2713 Task completed in 4740ms",
          "Already up to date.",
          "Compiling lib/index.js...",
          "Pulling image: alpine:3.11",
          "=== Step setup_environment completed ==="
        ]
      },
      {
        "name": "upload_artifacts",
        "status": "success",
        "started_at": "2025-12-05T12:53:53.805223",
        "finished_at": "2025-12-05T12:54:08.836425",
        "log_lines": [
          "=== Step: upload_artifacts ===",
          "Coverage: 78% statements, 96% branches",
          "Verifying...",
          "Ready.",
          "WARNING: lodash has known vulnerabilities",
          "Compiling utils/utils.go...",
          "npm install: added 348 packages",
          "npm notice: package.json updated",
          "Pulling image: python:3.11",
          "GET /api - 200 (23ms)",
          "Finished.",
          "Artifact uploaded: build.tar.gz (44MB)",
          "Layer 2/12: ENV command",
          "Environment: staging",
          "npm notice: package.json updated",
          "\u26a0 DEPRECATION: Feature will be removed in v5.0",
          "Tests: 495 passed, 266 total",
          "  PASS: test_api_health (246ms)",
          "Image pulled successfully",
          "\u2713 All checks passed",
          "Cache hit for key-3741",
          "Connection established",
          "Finished.",
          "npm notice: created a lockfile",
          "WARNING: express has known vulnerabilities",
          "Tests: 286 passed, 348 total",
          "Generating source maps...",
          "Cache saved successfully",
          "Ran 141 tests in 47s",
          "Switched to branch 'hotfix/task-636'",
          "[12:50:50] DEBUG: Loading configuration",
          "\u26a0 DEPRECATION: Feature will be removed in v2.0",
          "npm notice: created a lockfile",
          "Uploading artifact 'build' (36 files)",
          "Optimizing 81 modules...",
          "Loading...",
          "Step 9/17: Installing dependencies",
          "NODE_ENV=production",
          "pip: Installing build dependencies...",
          "Uploading artifact 'coverage' (25 files)",
          "[12:50:50] INFO: Cache refreshed",
          "[12:50:50] INFO: Request completed",
          "pip: Collecting prettier",
          "npm install: added 334 packages",
          "Using Node.js 20.16.0",
          "Test Suites: 14 passed, 41 total",
          "[12:50:50] WARN: Deprecated API usage",
          "Installing axios@2.19.4",
          "Creating production build...",
          "=== Step upload_artifacts completed ==="
        ]
      },
      {
        "name": "type_check",
        "status": "success",
        "started_at": "2025-12-05T12:54:08.836425",
        "finished_at": "2025-12-05T12:54:23.867627",
        "log_lines": [
          "=== Step: type_check ===",
          "npm install: added 116 packages",
          "Using Python 3.12",
          "Creating production build...",
          "Generating source maps...",
          "HEAD is now at eb00584",
          "yarn add: Done in 25.30s",
          "\u2713 All checks passed",
          "Checking out develop branch",
          "Artifact uploaded: build.tar.gz (30MB)",
          "HEAD is now at 6e6cbbf",
          "[12:50:50] WARN: Deprecated API usage",
          "Platform: darwin-arm64",
          "Compiling utils/index.js...",
          "Time: 25.295s",
          "Coverage: 76% statements, 85% branches",
          "Compiling src/main.py...",
          "Layer 10/10: ENV command",
          "Connection established",
          "Uploading artifact 'coverage' (3 files)",
          "Processing...",
          "WARNING: axios has known vulnerabilities",
          "Snapshots: 24 passed, 44 total",
          "Compiling utils/main.py...",
          "Generating source maps...",
          "[12:50:50] WARN: Deprecated API usage",
          "[12:50:50] DEBUG: Memory usage: 1180MB",
          "Ready.",
          "npm install: added 59 packages",
          "Snapshots: 48 passed, 12 total",
          "GET /api - 204 (10ms)",
          "Loading...",
          "Pulling image: alpine:3.11",
          "npm notice: created a lockfile",
          "Completed.",
          "[12:50:50] INFO: Connecting to database",
          "\u2713 Task completed in 279ms",
          "[12:50:50] DEBUG: Query executed in 59ms",
          "  PASS: test_db_connect (414ms)",
          "yarn add: Done in 20.71s",
          "\u2713 package completed",
          "\u2713 All checks passed",
          "Tests: 97 passed, 58 total",
          "Compiling src/index.js...",
          "[12:50:50] WARN: Deprecated API usage",
          "[12:50:50] ERROR: Connection failed",
          "Test Suites: 45 passed, 16 total",
          "Completed.",
          "[12:50:50] DEBUG: Loading configuration",
          "=== Step type_check completed ==="
        ]
      },
      {
        "name": "setup_node",
        "status": "success",
        "started_at": "2025-12-05T12:54:23.867627",
        "finished_at": "2025-12-05T12:54:38.898829",
        "log_lines": [
          "=== Step: setup_node ===",
          "NODE_ENV=production",
          "[12:50:50] DEBUG: Loading configuration",
          "Snapshots: 11 passed, 19 total",
          "Compiling lib/main.py...",
          "Artifact uploaded: dist.zip (72MB)",
          "\u2713 Step 'setup' succeeded",
          "Transforming 381 files...",
          "Done.",
          "Step 19/16: Building",
          "Step 1/25: Running migrations",
          "\u2713 build completed",
          "Step 2/15: Testing",
          "WARNING: react has known vulnerabilities",
          "Compiling utils/service.java...",
          "Exception: NullPointerException",
          "Compiling components/app.ts...",
          "  PASS: integration/test_db_connect.spec.js",
          "Done.",
          "pip: Collecting express",
          "Image pulled successfully",
          "Artifact uploaded: build.tar.gz (30MB)",
          "Generating source maps...",
          "Layer 1/10: COPY command",
          "NODE_ENV=test",
          "Installing webpack@1.9.0",
          "[12:50:50] DEBUG: Memory usage: 1985MB",
          "Compiling utils/service.java...",
          "Artifact uploaded: dist.zip (93MB)",
          "pip: Installing build dependencies...",
          "[12:50:50] DEBUG: Connection pool: 6 active",
          "pip: Installing build dependencies...",
          "Uploading artifact 'coverage' (13 files)",
          "[12:50:50] INFO: Starting build process",
          "Cache saved successfully",
          "Step 1/19: Running migrations",
          "Completed.",
          "[12:50:50] ERROR: Connection failed",
          "pip: Installing build dependencies...",
          "Already up to date.",
          "[12:50:50] INFO: Cache refreshed",
          "Step 4/15: Installing dependencies",
          "OK",
          "  PASS: test_db_connect (430ms)",
          "Completed.",
          "[12:50:50] ERROR: Connection failed",
          "Cache invalidated: build",
          "pip: Collecting eslint",
          "\u2713 build completed",
          "=== Step setup_node completed ==="
        ]
      },
      {
        "name": "e2e_tests",
        "status": "success",
        "started_at": "2025-12-05T12:54:38.898829",
        "finished_at": "2025-12-05T12:54:53.930031",
        "log_lines": [
          "=== Step: e2e_tests ===",
          "Building Docker image...",
          "Switched to branch 'hotfix/task-111'",
          "Ready.",
          "Checking out develop branch",
          "Connection established",
          "Step 6/19: Deploying",
          "yarn add: Done in 4.81s",
          "Installing react@1.3.1",
          "Step 11/23: Running migrations",
          "Installing lodash@4.19.9",
          "Tests: 470 passed, 152 total",
          "Transforming 401 files...",
          "Test Suites: 33 passed, 30 total",
          "OK",
          "Bundling main.js",
          "Compiling src/main.py...",
          "  PASS: test_api_health (281ms)",
          "[12:50:50] DEBUG: Memory usage: 123MB",
          "[12:50:50] DEBUG: Initializing service",
          "Ready.",
          "yarn add: Done in 3.14s",
          "Artifact uploaded: dist.zip (28MB)",
          "[12:50:50] INFO: Request completed",
          "Step 19/20: Testing",
          "Compiling lib/handler.rs...",
          "Fetching from https://npmjs.org/package.json",
          "npm install: resolved 230 packages",
          "Installing lodash@1.17.8",
          "[12:50:50] INFO: Connecting to database",
          "[12:50:50] DEBUG: Query executed in 40ms",
          "\u2713 Task completed in 4396ms",
          "HEAD is now at 16c0f95",
          "npm notice: package.json updated",
          "WARNING: axios has known vulnerabilities",
          "Transforming 480 files...",
          "Processing...",
          "[12:50:50] WARN: Deprecated API usage",
          "\u26a0 DEPRECATION: Feature will be removed in v5.0",
          "Layer 3/9: RUN command",
          "Layer 1/9: RUN command",
          "Coverage: 95% statements, 78% branches",
          "WARNING: axios has known vulnerabilities",
          "Step 10/19: Deploying",
          "Bundling main.js",
          "Compiling lib/app.ts...",
          "Generating source maps...",
          "Pulling image: node:18",
          "[12:50:50] INFO: Cache refreshed",
          "=== Step e2e_tests completed ==="
        ]
      }
    ],
    "label": "normal"
  }
}