{
  "action": "completed",
  "workflow_run": {
    "id": 594,
    "name": "CI Pipeline",
    "head_branch": "develop",
    "head_sha": "201db92daab4217e6db8dd731dd393ce9719cdbb",
    "status": "completed",
    "conclusion": "failure",
    "run_started_at": "2025-11-22T23:44:27.633832Z",
    "updated_at": "2025-11-22T23:46:12.896521Z"
  },
  "repository": {
    "full_name": "acme-corp/data-pipeline",
    "name": "data-pipeline"
  },
  "sender": {
    "login": "frank"
  },
  "_safeops_extended": {
    "raw_logs": "=== Step: checkout ===\nStep 10/10: Building\n  PASS: test_user_create (328ms)\n  PASS: test_cache_hit (37ms)\nArtifact uploaded: build.tar.gz (47MB)\nCompiling src/handler.rs...\nCompiling src/index.js...\nInstalling webpack@1.10.0\nCache hit for key-2276\nArtifact uploaded: build.tar.gz (35MB)\n\u2713 test completed\nInstalling jest@3.9.0\n\u2713 build completed\n  PASS: test_auth_login (255ms)\nCompiling src/index.js...\nStep 4/10: Building\n\u2713 lint completed\nCache hit for key-3035\nInstalling react@1.10.0\n\u2713 lint completed\nCompiling src/main.py...\n\u2713 lint completed\n\u2713 test completed\nCompiling src/utils.go...\n\u2713 build completed\nCache hit for key-3235\nStep 9/10: Building\n  PASS: test_user_create (410ms)\nStep 2/10: Building\n  PASS: test_db_connect (47ms)\nCompiling src/handler.rs...\nStep 5/10: Building\n[23:44:27] ERROR: Connection failed\nArtifact uploaded: build.tar.gz (43MB)\n\u2713 test completed\nFAILED: test_auth_login\nCompiling src/handler.rs...\nCache hit for key-4410\nArtifact uploaded: build.tar.gz (30MB)\nCompiling src/utils.go...\nArtifact uploaded: build.tar.gz (1MB)\n[23:44:27] INFO: Processing request\n\u2713 build completed\nCompiling src/service.java...\n[23:44:27] INFO: Processing request\n[23:44:27] WARN: Deprecated API usage\n  PASS: test_db_connect (124ms)\nStep 8/10: Building\nCache hit for key-2518\n\u2713 build completed\nCompiling src/service.java...\nArtifact uploaded: build.tar.gz (12MB)\n  PASS: test_db_connect (469ms)\nCache hit for key-6502\nArtifact uploaded: build.tar.gz (32MB)\n\u2713 build completed\nStep 5/10: Building\n\u2713 test completed\nCache hit for key-7764\nCache hit for key-6837\nException: TypeError\nCache hit for key-1257\n  PASS: test_db_connect (437ms)\nInstalling lodash@2.20.0\nInstalling jest@1.7.0\n[23:44:27] INFO: Processing request\n\u2713 build completed\nCache hit for key-1371\n[23:44:27] INFO: Processing request\nCache hit for key-9800\n  PASS: test_user_create (189ms)\nStep 10/10: Building\nArtifact uploaded: build.tar.gz (6MB)\n\u2713 test completed\nArtifact uploaded: build.tar.gz (35MB)\n=== Step checkout completed ===\n=== Step: setup_environment ===\nStep 9/10: Building\n[23:44:27] INFO: Processing request\nArtifact uploaded: build.tar.gz (24MB)\nException: RuntimeError\nCompiling src/app.ts...\nArtifact uploaded: build.tar.gz (47MB)\n[23:44:27] INFO: Processing request\nArtifact uploaded: build.tar.gz (16MB)\n\u2713 build completed\nStep 8/10: Building\nArtifact uploaded: build.tar.gz (22MB)\nStep 5/10: Building\nInstalling eslint@2.18.0\nCompiling src/service.java...\nInstalling react@5.14.0\n  PASS: test_api_health (298ms)\nArtifact uploaded: build.tar.gz (4MB)\nArtifact uploaded: build.tar.gz (29MB)\n[23:44:27] WARN: Deprecated API usage\n[23:44:27] WARN: Deprecated API usage\nInstalling eslint@2.17.0\nCompiling src/utils.go...\n\u2713 lint completed\nCompiling src/main.py...\nInstalling prettier@4.4.0\nInstalling express@4.13.0\nCompiling src/main.py...\nCompiling src/service.java...\nInstalling express@4.7.0\n[23:44:27] INFO: Processing request\n[23:44:27] ERROR: Connection failed\nInstalling webpack@4.20.0\n\u26a0 DEPRECATION: Feature will be removed in v5.0\nInstalling lodash@3.8.0\nArtifact uploaded: build.tar.gz (2MB)\nStep 2/10: Building\nCache hit for key-6792\nInstalling webpack@5.4.0\nArtifact uploaded: build.tar.gz (50MB)\nStep 9/10: Building\nCompiling src/service.java...\nCompiling src/index.js...\n\u2713 build completed\n[23:44:27] INFO: Processing request\n[23:44:27] INFO: Processing request\n  PASS: test_cache_hit (113ms)\n[23:44:27] WARN: Deprecated API usage\n[23:44:27] INFO: Processing request\nCompiling src/app.ts...\n\u26a0 DEPRECATION: Feature will be removed in v4.0\nInstalling jest@5.9.0\n[23:44:27] INFO: Processing request\n\u2717 build failed with exit code 37\nInstalling prettier@2.15.0\n  PASS: test_user_create (10ms)\n[23:44:27] INFO: Processing request\nInstalling axios@3.1.0\nStep 3/10: Building\n\u2713 test completed\nCache hit for key-7966\n  PASS: test_db_connect (332ms)\n\u2717 build failed with exit code 67\n\u2713 build completed\n\u2713 lint completed\nCompiling src/app.ts...\nStep 2/10: Building\n[23:44:27] INFO: Processing request\nInstalling jest@4.12.0\nCache hit for key-5942\nInstalling express@1.5.0\nCache hit for key-2541\nCache hit for key-7438\nCompiling src/index.js...\nStep 10/10: Building\n=== Step setup_environment completed ===\n=== Step: install_dependencies ===\nInstalling react@5.20.0\nFAILED: test_user_create\n  PASS: test_api_health (85ms)\nStep 1/10: Building\nArtifact uploaded: build.tar.gz (6MB)\nInstalling react@3.19.0\n\u2713 lint completed\nFAILED: test_cache_hit\nStep 9/10: Building\n\u26a0 DEPRECATION: Feature will be removed in v4.0\nInstalling prettier@5.1.0\nCache hit for key-8261\n  PASS: test_api_health (217ms)\nCompiling src/index.js...\nCache hit for key-5163\nCache hit for key-2426\n\u2713 build completed\nArtifact uploaded: build.tar.gz (39MB)\n\u2713 lint completed\n\u2713 build completed\n  PASS: test_auth_login (136ms)\nStep 2/10: Building\nInstalling prettier@5.1.0\nCache hit for key-7186\nInstalling prettier@4.4.0\nCompiling src/main.py...\n\u2713 build completed\nArtifact uploaded: build.tar.gz (35MB)\nInstalling react@2.3.0\nCompiling src/utils.go...\nCompiling src/service.java...\n  PASS: test_api_health (266ms)\n\u2713 test completed\nStep 8/10: Building\n\u2713 test completed\n  PASS: test_auth_login (119ms)\nStep 4/10: Building\nArtifact uploaded: build.tar.gz (28MB)\n[23:44:27] INFO: Processing request\n  PASS: test_user_create (181ms)\n[23:44:27] INFO: Processing request\nCache hit for key-4358\nInstalling lodash@2.18.0\nInstalling express@4.17.0\n[23:44:27] INFO: Processing request\nStep 10/10: Building\n  PASS: test_auth_login (377ms)\nStep 6/10: Building\nException: NullPointerException\nArtifact uploaded: build.tar.gz (38MB)\nStep 4/10: Building\nInstalling lodash@3.15.0\nInstalling prettier@3.11.0\nStep 9/10: Building\n  PASS: test_auth_login (275ms)\nCompiling src/index.js...\n  PASS: test_api_health (335ms)\n  PASS: test_user_create (31ms)\nCompiling src/handler.rs...\n[23:44:27] INFO: Processing request\nCompiling src/utils.go...\nCache hit for key-8239\nCompiling src/app.ts...\nInstalling webpack@3.0.0\nStep 7/10: Building\n\u26a0 DEPRECATION: Feature will be removed in v3.0\nInstalling jest@2.16.0\n\u2713 lint completed\n  PASS: test_api_health (81ms)\n  PASS: test_user_create (483ms)\n  PASS: test_auth_login (33ms)\nArtifact uploaded: build.tar.gz (19MB)\n\u2713 test completed\nArtifact uploaded: build.tar.gz (31MB)\n=== Step install_dependencies completed ===\n=== Step: run_tests ===\n\u26a0 DEPRECATION: Feature will be removed in v3.0\nCompiling src/handler.rs...\nCompiling src/index.js...\nCompiling src/main.py...\nCache hit for key-8262\n  PASS: test_db_connect (356ms)\n  PASS: test_cache_hit (488ms)\n\u2713 test completed\nCompiling src/handler.rs...\nStep 3/10: Building\nCompiling src/app.ts...\nStep 6/10: Building\nStep 4/10: Building\nCompiling src/index.js...\n[23:44:27] INFO: Processing request\nArtifact uploaded: build.tar.gz (13MB)\nCache hit for key-5247\nArtifact uploaded: build.tar.gz (49MB)\nArtifact uploaded: build.tar.gz (19MB)\nArtifact uploaded: build.tar.gz (3MB)\n\u2713 test completed\n\u2713 test completed\n[23:44:27] WARN: Deprecated API usage\nStep 9/10: Building\nArtifact uploaded: build.tar.gz (48MB)\nCompiling src/handler.rs...\n\u26a0 DEPRECATION: Feature will be removed in v5.0\n\u2713 build completed\nStep 10/10: Building\nArtifact uploaded: build.tar.gz (32MB)\n\u2713 build completed\nCompiling src/main.py...\nWARNING: jest has known vulnerabilities\n\u2713 test completed\nWARNING: axios has known vulnerabilities\nArtifact uploaded: build.tar.gz (35MB)\n\u2713 build completed\n\u2713 test completed\nCompiling src/app.ts...\n\u2717 build failed with exit code 36\n  PASS: test_auth_login (171ms)\n[23:44:27] WARN: Deprecated API usage\nException: NullPointerException\nArtifact uploaded: build.tar.gz (50MB)\nInstalling jest@4.3.0\n\u2717 build failed with exit code 28\n\u26a0 DEPRECATION: Feature will be removed in v4.0\nCompiling src/utils.go...\nStep 8/10: Building\nCompiling src/index.js...\nInstalling lodash@1.7.0\n[23:44:27] INFO: Processing request\nArtifact uploaded: build.tar.gz (14MB)\nInstalling jest@5.5.0\nInstalling eslint@5.17.0\n\u2713 lint completed\nCache hit for key-1872\n  PASS: test_auth_login (254ms)\n\u26a0 DEPRECATION: Feature will be removed in v2.0\nCompiling src/utils.go...\n  PASS: test_auth_login (270ms)\nCache hit for key-2374\n[23:44:27] WARN: Deprecated API usage\nCompiling src/handler.rs...\nCompiling src/main.py...\n\u2713 build completed\nCache hit for key-4750\nCache hit for key-7890\nStep 8/10: Building\n\u2713 lint completed\nFAILED: test_db_connect\n[23:44:27] INFO: Processing request\n\u2713 test completed\nCache hit for key-6667\n=== Step run_tests completed ===\n=== Step: build_artifact ===\nWARNING: jest has known vulnerabilities\n[23:44:27] INFO: Processing request\n[23:44:27] INFO: Processing request\nStep 6/10: Building\nArtifact uploaded: build.tar.gz (46MB)\nCompiling src/app.ts...\nArtifact uploaded: build.tar.gz (42MB)\n[23:44:27] WARN: Deprecated API usage\nStep 10/10: Building\nInstalling jest@5.14.0\n[23:44:27] INFO: Processing request\nInstalling axios@1.17.0\nStep 9/10: Building\nStep 3/10: Building\nStep 9/10: Building\nCompiling src/app.ts...\nStep 9/10: Building\nInstalling lodash@3.9.0\n[23:44:27] INFO: Processing request\n[23:44:27] ERROR: Connection failed\n\u2713 lint completed\n  PASS: test_db_connect (111ms)\n\u2713 lint completed\nStep 3/10: Building\nCompiling src/handler.rs...\nCache hit for key-5523\nWARNING: eslint has known vulnerabilities\nCompiling src/service.java...\nStep 10/10: Building\nFAILED: test_api_health\n\u2713 test completed\n  PASS: test_auth_login (276ms)\n[23:44:27] INFO: Processing request\nCache hit for key-1169\nArtifact uploaded: build.tar.gz (3MB)\n[23:44:27] INFO: Processing request\nStep 9/10: Building\nWARNING: webpack has known vulnerabilities\n  PASS: test_auth_login (405ms)\nCache hit for key-6175\nCompiling src/handler.rs...\n[23:44:27] WARN: Deprecated API usage\nCache hit for key-3857\n\u26a0 DEPRECATION: Feature will be removed in v3.0\n  PASS: test_cache_hit (415ms)\nStep 4/10: Building\n\u2713 test completed\nArtifact uploaded: build.tar.gz (48MB)\n\u2713 test completed\nCompiling src/handler.rs...\nInstalling react@1.3.0\n  PASS: test_auth_login (105ms)\n\u26a0 DEPRECATION: Feature will be removed in v4.0\nStep 4/10: Building\nArtifact uploaded: build.tar.gz (38MB)\nArtifact uploaded: build.tar.gz (31MB)\nStep 8/10: Building\nStep 2/10: Building\nCompiling src/main.py...\n[23:44:27] INFO: Processing request\nStep 8/10: Building\n  PASS: test_user_create (123ms)\n\u2713 build completed\n\u2713 lint completed\nWARNING: webpack has known vulnerabilities\nWARNING: eslint has known vulnerabilities\n[23:44:27] INFO: Processing request\n  PASS: test_api_health (464ms)\n\u2713 lint completed\nCache hit for key-9820\nStep 3/10: Building\nCache hit for key-8441\nStep 7/10: Building\nInstalling express@2.5.0\n=== Step build_artifact completed ===\n=== Step: deploy ===\nCompiling src/main.py...\nCompiling src/handler.rs...\nStep 10/10: Building\n  PASS: test_db_connect (194ms)\nCompiling src/service.java...\n  PASS: test_auth_login (149ms)\nArtifact uploaded: build.tar.gz (26MB)\n[23:44:27] INFO: Processing request\n\u2713 build completed\n\u2713 lint completed\nCompiling src/app.ts...\n  PASS: test_api_health (102ms)\nArtifact uploaded: build.tar.gz (11MB)\nException: NullPointerException\n  PASS: test_cache_hit (402ms)\nCompiling src/service.java...\nStep 10/10: Building\n[23:44:27] INFO: Processing request\n[23:44:27] INFO: Processing request\n[23:44:27] ERROR: Connection failed\n\u2713 lint completed\n\u2713 build completed\nInstalling react@4.9.0\nArtifact uploaded: build.tar.gz (44MB)\n  PASS: test_auth_login (443ms)\nArtifact uploaded: build.tar.gz (24MB)\nCache hit for key-7790\n[23:44:27] INFO: Processing request\n[23:44:27] INFO: Processing request\nCompiling src/service.java...\n\u2713 test completed\n[23:44:27] WARN: Deprecated API usage\n  PASS: test_auth_login (316ms)\nStep 3/10: Building\nStep 4/10: Building\nWARNING: express has known vulnerabilities\n\u2713 lint completed\nCache hit for key-1139\n  PASS: test_user_create (225ms)\n\u2713 test completed\n[23:44:27] INFO: Processing request\nArtifact uploaded: build.tar.gz (29MB)\n  PASS: test_db_connect (476ms)\n  PASS: test_db_connect (183ms)\n[23:44:27] INFO: Processing request\nInstalling eslint@4.6.0\n\u2713 build completed\n\u2713 build completed\n[23:44:27] INFO: Processing request\nInstalling lodash@5.20.0\n\u2713 build completed\nCompiling src/app.ts...\n  PASS: test_api_health (336ms)\nCache hit for key-1717\nCache hit for key-3254\nArtifact uploaded: build.tar.gz (28MB)\nException: NullPointerException\nArtifact uploaded: build.tar.gz (45MB)\nInstalling eslint@3.5.0\n[23:44:27] INFO: Processing request\nArtifact uploaded: build.tar.gz (7MB)\n  PASS: test_cache_hit (73ms)\nCache hit for key-2619\nInstalling jest@1.13.0\nStep 3/10: Building\nStep 2/10: Building\n  PASS: test_user_create (80ms)\n[23:44:27] ERROR: Connection failed\nStep 3/10: Building\nCompiling src/utils.go...\n  PASS: test_cache_hit (166ms)\nWARNING: react has known vulnerabilities\n[23:44:27] INFO: Processing request\nCompiling src/service.java...\n=== Step deploy completed ===",
    "steps": [
      {
        "name": "checkout",
        "status": "success",
        "started_at": "2025-11-22T23:44:27.633832",
        "finished_at": "2025-11-22T23:44:32.896966",
        "log_lines": [
          "=== Step: checkout ===",
          "Step 10/10: Building",
          "  PASS: test_user_create (328ms)",
          "  PASS: test_cache_hit (37ms)",
          "Artifact uploaded: build.tar.gz (47MB)",
          "Compiling src/handler.rs...",
          "Compiling src/index.js...",
          "Installing webpack@1.10.0",
          "Cache hit for key-2276",
          "Artifact uploaded: build.tar.gz (35MB)",
          "\u2713 test completed",
          "Installing jest@3.9.0",
          "\u2713 build completed",
          "  PASS: test_auth_login (255ms)",
          "Compiling src/index.js...",
          "Step 4/10: Building",
          "\u2713 lint completed",
          "Cache hit for key-3035",
          "Installing react@1.10.0",
          "\u2713 lint completed",
          "Compiling src/main.py...",
          "\u2713 lint completed",
          "\u2713 test completed",
          "Compiling src/utils.go...",
          "\u2713 build completed",
          "Cache hit for key-3235",
          "Step 9/10: Building",
          "  PASS: test_user_create (410ms)",
          "Step 2/10: Building",
          "  PASS: test_db_connect (47ms)",
          "Compiling src/handler.rs...",
          "Step 5/10: Building",
          "[23:44:27] ERROR: Connection failed",
          "Artifact uploaded: build.tar.gz (43MB)",
          "\u2713 test completed",
          "FAILED: test_auth_login",
          "Compiling src/handler.rs...",
          "Cache hit for key-4410",
          "Artifact uploaded: build.tar.gz (30MB)",
          "Compiling src/utils.go...",
          "Artifact uploaded: build.tar.gz (1MB)",
          "[23:44:27] INFO: Processing request",
          "\u2713 build completed",
          "Compiling src/service.java...",
          "[23:44:27] INFO: Processing request",
          "[23:44:27] WARN: Deprecated API usage",
          "  PASS: test_db_connect (124ms)",
          "Step 8/10: Building",
          "Cache hit for key-2518",
          "\u2713 build completed",
          "Compiling src/service.java...",
          "Artifact uploaded: build.tar.gz (12MB)",
          "  PASS: test_db_connect (469ms)",
          "Cache hit for key-6502",
          "Artifact uploaded: build.tar.gz (32MB)",
          "\u2713 build completed",
          "Step 5/10: Building",
          "\u2713 test completed",
          "Cache hit for key-7764",
          "Cache hit for key-6837",
          "Exception: TypeError",
          "Cache hit for key-1257",
          "  PASS: test_db_connect (437ms)",
          "Installing lodash@2.20.0",
          "Installing jest@1.7.0",
          "[23:44:27] INFO: Processing request",
          "\u2713 build completed",
          "Cache hit for key-1371",
          "[23:44:27] INFO: Processing request",
          "Cache hit for key-9800",
          "  PASS: test_user_create (189ms)",
          "Step 10/10: Building",
          "Artifact uploaded: build.tar.gz (6MB)",
          "\u2713 test completed",
          "Artifact uploaded: build.tar.gz (35MB)",
          "=== Step checkout completed ==="
        ]
      },
      {
        "name": "setup_environment",
        "status": "success",
        "started_at": "2025-11-22T23:44:32.896966",
        "finished_at": "2025-11-22T23:44:43.423235",
        "log_lines": [
          "=== Step: setup_environment ===",
          "Step 9/10: Building",
          "[23:44:27] INFO: Processing request",
          "Artifact uploaded: build.tar.gz (24MB)",
          "Exception: RuntimeError",
          "Compiling src/app.ts...",
          "Artifact uploaded: build.tar.gz (47MB)",
          "[23:44:27] INFO: Processing request",
          "Artifact uploaded: build.tar.gz (16MB)",
          "\u2713 build completed",
          "Step 8/10: Building",
          "Artifact uploaded: build.tar.gz (22MB)",
          "Step 5/10: Building",
          "Installing eslint@2.18.0",
          "Compiling src/service.java...",
          "Installing react@5.14.0",
          "  PASS: test_api_health (298ms)",
          "Artifact uploaded: build.tar.gz (4MB)",
          "Artifact uploaded: build.tar.gz (29MB)",
          "[23:44:27] WARN: Deprecated API usage",
          "[23:44:27] WARN: Deprecated API usage",
          "Installing eslint@2.17.0",
          "Compiling src/utils.go...",
          "\u2713 lint completed",
          "Compiling src/main.py...",
          "Installing prettier@4.4.0",
          "Installing express@4.13.0",
          "Compiling src/main.py...",
          "Compiling src/service.java...",
          "Installing express@4.7.0",
          "[23:44:27] INFO: Processing request",
          "[23:44:27] ERROR: Connection failed",
          "Installing webpack@4.20.0",
          "\u26a0 DEPRECATION: Feature will be removed in v5.0",
          "Installing lodash@3.8.0",
          "Artifact uploaded: build.tar.gz (2MB)",
          "Step 2/10: Building",
          "Cache hit for key-6792",
          "Installing webpack@5.4.0",
          "Artifact uploaded: build.tar.gz (50MB)",
          "Step 9/10: Building",
          "Compiling src/service.java...",
          "Compiling src/index.js...",
          "\u2713 build completed",
          "[23:44:27] INFO: Processing request",
          "[23:44:27] INFO: Processing request",
          "  PASS: test_cache_hit (113ms)",
          "[23:44:27] WARN: Deprecated API usage",
          "[23:44:27] INFO: Processing request",
          "Compiling src/app.ts...",
          "\u26a0 DEPRECATION: Feature will be removed in v4.0",
          "Installing jest@5.9.0",
          "[23:44:27] INFO: Processing request",
          "\u2717 build failed with exit code 37",
          "Installing prettier@2.15.0",
          "  PASS: test_user_create (10ms)",
          "[23:44:27] INFO: Processing request",
          "Installing axios@3.1.0",
          "Step 3/10: Building",
          "\u2713 test completed",
          "Cache hit for key-7966",
          "  PASS: test_db_connect (332ms)",
          "\u2717 build failed with exit code 67",
          "\u2713 build completed",
          "\u2713 lint completed",
          "Compiling src/app.ts...",
          "Step 2/10: Building",
          "[23:44:27] INFO: Processing request",
          "Installing jest@4.12.0",
          "Cache hit for key-5942",
          "Installing express@1.5.0",
          "Cache hit for key-2541",
          "Cache hit for key-7438",
          "Compiling src/index.js...",
          "Step 10/10: Building",
          "=== Step setup_environment completed ==="
        ]
      },
      {
        "name": "install_dependencies",
        "status": "success",
        "started_at": "2025-11-22T23:44:43.423235",
        "finished_at": "2025-11-22T23:45:04.475773",
        "log_lines": [
          "=== Step: install_dependencies ===",
          "Installing react@5.20.0",
          "FAILED: test_user_create",
          "  PASS: test_api_health (85ms)",
          "Step 1/10: Building",
          "Artifact uploaded: build.tar.gz (6MB)",
          "Installing react@3.19.0",
          "\u2713 lint completed",
          "FAILED: test_cache_hit",
          "Step 9/10: Building",
          "\u26a0 DEPRECATION: Feature will be removed in v4.0",
          "Installing prettier@5.1.0",
          "Cache hit for key-8261",
          "  PASS: test_api_health (217ms)",
          "Compiling src/index.js...",
          "Cache hit for key-5163",
          "Cache hit for key-2426",
          "\u2713 build completed",
          "Artifact uploaded: build.tar.gz (39MB)",
          "\u2713 lint completed",
          "\u2713 build completed",
          "  PASS: test_auth_login (136ms)",
          "Step 2/10: Building",
          "Installing prettier@5.1.0",
          "Cache hit for key-7186",
          "Installing prettier@4.4.0",
          "Compiling src/main.py...",
          "\u2713 build completed",
          "Artifact uploaded: build.tar.gz (35MB)",
          "Installing react@2.3.0",
          "Compiling src/utils.go...",
          "Compiling src/service.java...",
          "  PASS: test_api_health (266ms)",
          "\u2713 test completed",
          "Step 8/10: Building",
          "\u2713 test completed",
          "  PASS: test_auth_login (119ms)",
          "Step 4/10: Building",
          "Artifact uploaded: build.tar.gz (28MB)",
          "[23:44:27] INFO: Processing request",
          "  PASS: test_user_create (181ms)",
          "[23:44:27] INFO: Processing request",
          "Cache hit for key-4358",
          "Installing lodash@2.18.0",
          "Installing express@4.17.0",
          "[23:44:27] INFO: Processing request",
          "Step 10/10: Building",
          "  PASS: test_auth_login (377ms)",
          "Step 6/10: Building",
          "Exception: NullPointerException",
          "Artifact uploaded: build.tar.gz (38MB)",
          "Step 4/10: Building",
          "Installing lodash@3.15.0",
          "Installing prettier@3.11.0",
          "Step 9/10: Building",
          "  PASS: test_auth_login (275ms)",
          "Compiling src/index.js...",
          "  PASS: test_api_health (335ms)",
          "  PASS: test_user_create (31ms)",
          "Compiling src/handler.rs...",
          "[23:44:27] INFO: Processing request",
          "Compiling src/utils.go...",
          "Cache hit for key-8239",
          "Compiling src/app.ts...",
          "Installing webpack@3.0.0",
          "Step 7/10: Building",
          "\u26a0 DEPRECATION: Feature will be removed in v3.0",
          "Installing jest@2.16.0",
          "\u2713 lint completed",
          "  PASS: test_api_health (81ms)",
          "  PASS: test_user_create (483ms)",
          "  PASS: test_auth_login (33ms)",
          "Artifact uploaded: build.tar.gz (19MB)",
          "\u2713 test completed",
          "Artifact uploaded: build.tar.gz (31MB)",
          "=== Step install_dependencies completed ==="
        ]
      },
      {
        "name": "run_tests",
        "status": "success",
        "started_at": "2025-11-22T23:45:04.475773",
        "finished_at": "2025-11-22T23:45:41.317714",
        "log_lines": [
          "=== Step: run_tests ===",
          "\u26a0 DEPRECATION: Feature will be removed in v3.0",
          "Compiling src/handler.rs...",
          "Compiling src/index.js...",
          "Compiling src/main.py...",
          "Cache hit for key-8262",
          "  PASS: test_db_connect (356ms)",
          "  PASS: test_cache_hit (488ms)",
          "\u2713 test completed",
          "Compiling src/handler.rs...",
          "Step 3/10: Building",
          "Compiling src/app.ts...",
          "Step 6/10: Building",
          "Step 4/10: Building",
          "Compiling src/index.js...",
          "[23:44:27] INFO: Processing request",
          "Artifact uploaded: build.tar.gz (13MB)",
          "Cache hit for key-5247",
          "Artifact uploaded: build.tar.gz (49MB)",
          "Artifact uploaded: build.tar.gz (19MB)",
          "Artifact uploaded: build.tar.gz (3MB)",
          "\u2713 test completed",
          "\u2713 test completed",
          "[23:44:27] WARN: Deprecated API usage",
          "Step 9/10: Building",
          "Artifact uploaded: build.tar.gz (48MB)",
          "Compiling src/handler.rs...",
          "\u26a0 DEPRECATION: Feature will be removed in v5.0",
          "\u2713 build completed",
          "Step 10/10: Building",
          "Artifact uploaded: build.tar.gz (32MB)",
          "\u2713 build completed",
          "Compiling src/main.py...",
          "WARNING: jest has known vulnerabilities",
          "\u2713 test completed",
          "WARNING: axios has known vulnerabilities",
          "Artifact uploaded: build.tar.gz (35MB)",
          "\u2713 build completed",
          "\u2713 test completed",
          "Compiling src/app.ts...",
          "\u2717 build failed with exit code 36",
          "  PASS: test_auth_login (171ms)",
          "[23:44:27] WARN: Deprecated API usage",
          "Exception: NullPointerException",
          "Artifact uploaded: build.tar.gz (50MB)",
          "Installing jest@4.3.0",
          "\u2717 build failed with exit code 28",
          "\u26a0 DEPRECATION: Feature will be removed in v4.0",
          "Compiling src/utils.go...",
          "Step 8/10: Building",
          "Compiling src/index.js...",
          "Installing lodash@1.7.0",
          "[23:44:27] INFO: Processing request",
          "Artifact uploaded: build.tar.gz (14MB)",
          "Installing jest@5.5.0",
          "Installing eslint@5.17.0",
          "\u2713 lint completed",
          "Cache hit for key-1872",
          "  PASS: test_auth_login (254ms)",
          "\u26a0 DEPRECATION: Feature will be removed in v2.0",
          "Compiling src/utils.go...",
          "  PASS: test_auth_login (270ms)",
          "Cache hit for key-2374",
          "[23:44:27] WARN: Deprecated API usage",
          "Compiling src/handler.rs...",
          "Compiling src/main.py...",
          "\u2713 build completed",
          "Cache hit for key-4750",
          "Cache hit for key-7890",
          "Step 8/10: Building",
          "\u2713 lint completed",
          "FAILED: test_db_connect",
          "[23:44:27] INFO: Processing request",
          "\u2713 test completed",
          "Cache hit for key-6667",
          "=== Step run_tests completed ==="
        ]
      },
      {
        "name": "build_artifact",
        "status": "success",
        "started_at": "2025-11-22T23:45:41.317714",
        "finished_at": "2025-11-22T23:46:02.370252",
        "log_lines": [
          "=== Step: build_artifact ===",
          "WARNING: jest has known vulnerabilities",
          "[23:44:27] INFO: Processing request",
          "[23:44:27] INFO: Processing request",
          "Step 6/10: Building",
          "Artifact uploaded: build.tar.gz (46MB)",
          "Compiling src/app.ts...",
          "Artifact uploaded: build.tar.gz (42MB)",
          "[23:44:27] WARN: Deprecated API usage",
          "Step 10/10: Building",
          "Installing jest@5.14.0",
          "[23:44:27] INFO: Processing request",
          "Installing axios@1.17.0",
          "Step 9/10: Building",
          "Step 3/10: Building",
          "Step 9/10: Building",
          "Compiling src/app.ts...",
          "Step 9/10: Building",
          "Installing lodash@3.9.0",
          "[23:44:27] INFO: Processing request",
          "[23:44:27] ERROR: Connection failed",
          "\u2713 lint completed",
          "  PASS: test_db_connect (111ms)",
          "\u2713 lint completed",
          "Step 3/10: Building",
          "Compiling src/handler.rs...",
          "Cache hit for key-5523",
          "WARNING: eslint has known vulnerabilities",
          "Compiling src/service.java...",
          "Step 10/10: Building",
          "FAILED: test_api_health",
          "\u2713 test completed",
          "  PASS: test_auth_login (276ms)",
          "[23:44:27] INFO: Processing request",
          "Cache hit for key-1169",
          "Artifact uploaded: build.tar.gz (3MB)",
          "[23:44:27] INFO: Processing request",
          "Step 9/10: Building",
          "WARNING: webpack has known vulnerabilities",
          "  PASS: test_auth_login (405ms)",
          "Cache hit for key-6175",
          "Compiling src/handler.rs...",
          "[23:44:27] WARN: Deprecated API usage",
          "Cache hit for key-3857",
          "\u26a0 DEPRECATION: Feature will be removed in v3.0",
          "  PASS: test_cache_hit (415ms)",
          "Step 4/10: Building",
          "\u2713 test completed",
          "Artifact uploaded: build.tar.gz (48MB)",
          "\u2713 test completed",
          "Compiling src/handler.rs...",
          "Installing react@1.3.0",
          "  PASS: test_auth_login (105ms)",
          "\u26a0 DEPRECATION: Feature will be removed in v4.0",
          "Step 4/10: Building",
          "Artifact uploaded: build.tar.gz (38MB)",
          "Artifact uploaded: build.tar.gz (31MB)",
          "Step 8/10: Building",
          "Step 2/10: Building",
          "Compiling src/main.py...",
          "[23:44:27] INFO: Processing request",
          "Step 8/10: Building",
          "  PASS: test_user_create (123ms)",
          "\u2713 build completed",
          "\u2713 lint completed",
          "WARNING: webpack has known vulnerabilities",
          "WARNING: eslint has known vulnerabilities",
          "[23:44:27] INFO: Processing request",
          "  PASS: test_api_health (464ms)",
          "\u2713 lint completed",
          "Cache hit for key-9820",
          "Step 3/10: Building",
          "Cache hit for key-8441",
          "Step 7/10: Building",
          "Installing express@2.5.0",
          "=== Step build_artifact completed ==="
        ]
      },
      {
        "name": "deploy",
        "status": "success",
        "started_at": "2025-11-22T23:46:02.370252",
        "finished_at": "2025-11-22T23:46:12.896521",
        "log_lines": [
          "=== Step: deploy ===",
          "Compiling src/main.py...",
          "Compiling src/handler.rs...",
          "Step 10/10: Building",
          "  PASS: test_db_connect (194ms)",
          "Compiling src/service.java...",
          "  PASS: test_auth_login (149ms)",
          "Artifact uploaded: build.tar.gz (26MB)",
          "[23:44:27] INFO: Processing request",
          "\u2713 build completed",
          "\u2713 lint completed",
          "Compiling src/app.ts...",
          "  PASS: test_api_health (102ms)",
          "Artifact uploaded: build.tar.gz (11MB)",
          "Exception: NullPointerException",
          "  PASS: test_cache_hit (402ms)",
          "Compiling src/service.java...",
          "Step 10/10: Building",
          "[23:44:27] INFO: Processing request",
          "[23:44:27] INFO: Processing request",
          "[23:44:27] ERROR: Connection failed",
          "\u2713 lint completed",
          "\u2713 build completed",
          "Installing react@4.9.0",
          "Artifact uploaded: build.tar.gz (44MB)",
          "  PASS: test_auth_login (443ms)",
          "Artifact uploaded: build.tar.gz (24MB)",
          "Cache hit for key-7790",
          "[23:44:27] INFO: Processing request",
          "[23:44:27] INFO: Processing request",
          "Compiling src/service.java...",
          "\u2713 test completed",
          "[23:44:27] WARN: Deprecated API usage",
          "  PASS: test_auth_login (316ms)",
          "Step 3/10: Building",
          "Step 4/10: Building",
          "WARNING: express has known vulnerabilities",
          "\u2713 lint completed",
          "Cache hit for key-1139",
          "  PASS: test_user_create (225ms)",
          "\u2713 test completed",
          "[23:44:27] INFO: Processing request",
          "Artifact uploaded: build.tar.gz (29MB)",
          "  PASS: test_db_connect (476ms)",
          "  PASS: test_db_connect (183ms)",
          "[23:44:27] INFO: Processing request",
          "Installing eslint@4.6.0",
          "\u2713 build completed",
          "\u2713 build completed",
          "[23:44:27] INFO: Processing request",
          "Installing lodash@5.20.0",
          "\u2713 build completed",
          "Compiling src/app.ts...",
          "  PASS: test_api_health (336ms)",
          "Cache hit for key-1717",
          "Cache hit for key-3254",
          "Artifact uploaded: build.tar.gz (28MB)",
          "Exception: NullPointerException",
          "Artifact uploaded: build.tar.gz (45MB)",
          "Installing eslint@3.5.0",
          "[23:44:27] INFO: Processing request",
          "Artifact uploaded: build.tar.gz (7MB)",
          "  PASS: test_cache_hit (73ms)",
          "Cache hit for key-2619",
          "Installing jest@1.13.0",
          "Step 3/10: Building",
          "Step 2/10: Building",
          "  PASS: test_user_create (80ms)",
          "[23:44:27] ERROR: Connection failed",
          "Step 3/10: Building",
          "Compiling src/utils.go...",
          "  PASS: test_cache_hit (166ms)",
          "WARNING: react has known vulnerabilities",
          "[23:44:27] INFO: Processing request",
          "Compiling src/service.java...",
          "=== Step deploy completed ==="
        ]
      }
    ],
    "label": "normal"
  }
}