{
  "action": "completed",
  "workflow_run": {
    "id": 187,
    "name": "CI Pipeline",
    "head_branch": "develop",
    "head_sha": "a77d694046cd9ff46683b98ce005975a79623da2",
    "status": "completed",
    "conclusion": "failure",
    "run_started_at": "2025-12-02T11:38:46.742404Z",
    "updated_at": "2025-12-02T11:41:08.509558Z"
  },
  "repository": {
    "full_name": "acme-corp/api-service",
    "name": "api-service"
  },
  "sender": {
    "login": "grace"
  },
  "_safeops_extended": {
    "raw_logs": "=== Step: checkout ===\nArtifact uploaded: build.tar.gz (18MB)\n  PASS: test_db_connect (227ms)\n  PASS: test_api_health (278ms)\nInstalling axios@2.6.0\nCompiling src/utils.go...\n  PASS: test_user_create (69ms)\nStep 10/10: Building\n[11:38:46] INFO: Processing request\n\u2713 build completed\n  PASS: test_api_health (369ms)\nInstalling lodash@3.17.0\nInstalling react@2.15.0\n  PASS: test_db_connect (304ms)\nCompiling src/main.py...\nCompiling src/app.ts...\nCompiling src/utils.go...\n  PASS: test_cache_hit (345ms)\n\u2713 build completed\nInstalling lodash@1.8.0\n[11:38:46] INFO: Processing request\nStep 2/10: Building\nStep 7/10: Building\n[11:38:46] INFO: Processing request\n[11:38:46] INFO: Processing request\nArtifact uploaded: build.tar.gz (25MB)\n[11:38:46] INFO: Processing request\n[11:38:46] ERROR: Connection failed\nStep 8/10: Building\n[11:38:46] WARN: Deprecated API usage\nStep 8/10: Building\nInstalling jest@5.13.0\n\u26a0 DEPRECATION: Feature will be removed in v3.0\nArtifact uploaded: build.tar.gz (20MB)\n  PASS: test_user_create (106ms)\n\u2713 test completed\n[11:38:46] INFO: Processing request\n[11:38:46] INFO: Processing request\n[11:38:46] INFO: Processing request\n[11:38:46] INFO: Processing request\nInstalling react@1.3.0\nStep 9/10: Building\nStep 1/10: Building\nStep 7/10: Building\n\u2713 build completed\nStep 1/10: Building\nCache hit for key-9558\nCache hit for key-7698\n\u2713 lint completed\nInstalling react@3.16.0\nCache hit for key-3998\nArtifact uploaded: build.tar.gz (21MB)\nInstalling jest@1.4.0\nCache hit for key-9374\nCache hit for key-1128\nInstalling lodash@2.16.0\n[11:38:46] INFO: Processing request\n  PASS: test_user_create (491ms)\nCache hit for key-6367\nStep 1/10: Building\nArtifact uploaded: build.tar.gz (38MB)\nStep 6/10: Building\n[11:38:46] INFO: Processing request\nWARNING: lodash has known vulnerabilities\nInstalling jest@5.2.0\nCache hit for key-8833\n\u26a0 DEPRECATION: Feature will be removed in v5.0\n[11:38:46] INFO: Processing request\nCompiling src/utils.go...\n\u2713 test completed\nCompiling src/utils.go...\n\u2713 test completed\nArtifact uploaded: build.tar.gz (1MB)\n[11:38:46] INFO: Processing request\nCompiling src/service.java...\n\u2713 lint completed\nCompiling src/handler.rs...\n\u26a0 DEPRECATION: Feature will be removed in v4.0\n[11:38:46] INFO: Processing request\nArtifact uploaded: build.tar.gz (44MB)\n  PASS: test_db_connect (72ms)\n\u2713 build completed\nCache hit for key-7011\nCache hit for key-5458\n\u2713 test completed\n\u26a0 DEPRECATION: Feature will be removed in v4.0\n\u26a0 DEPRECATION: Feature will be removed in v2.0\nStep 3/10: Building\nCompiling src/service.java...\nInstalling axios@1.6.0\n[11:38:46] INFO: Processing request\nCache hit for key-4218\nCache hit for key-3941\nInstalling eslint@5.16.0\nArtifact uploaded: build.tar.gz (24MB)\n=== Step checkout completed ===\n=== Step: setup_environment ===\n  PASS: test_db_connect (109ms)\nCompiling src/app.ts...\nCache hit for key-8897\n  PASS: test_user_create (349ms)\n  PASS: test_api_health (153ms)\nCompiling src/handler.rs...\nInstalling eslint@5.1.0\n  PASS: test_api_health (39ms)\nStep 6/10: Building\nInstalling jest@3.1.0\n[11:38:46] INFO: Processing request\nInstalling eslint@3.5.0\n[11:38:46] WARN: Deprecated API usage\nInstalling axios@3.16.0\nCompiling src/utils.go...\n\u2713 test completed\nCompiling src/index.js...\n\u2717 build failed with exit code 64\n[11:38:46] INFO: Processing request\n\u2713 lint completed\nCache hit for key-8308\n\u2713 lint completed\n  PASS: test_api_health (57ms)\n[11:38:46] INFO: Processing request\nStep 1/10: Building\n  PASS: test_db_connect (17ms)\nCompiling src/handler.rs...\n\u2713 build completed\nCache hit for key-1285\n  PASS: test_db_connect (388ms)\nArtifact uploaded: build.tar.gz (18MB)\nCompiling src/utils.go...\nCache hit for key-1739\n  PASS: test_db_connect (471ms)\nArtifact uploaded: build.tar.gz (30MB)\n\u2713 test completed\nArtifact uploaded: build.tar.gz (11MB)\n  PASS: test_user_create (147ms)\n\u2713 test completed\nArtifact uploaded: build.tar.gz (25MB)\n[11:38:46] INFO: Processing request\n[11:38:46] INFO: Processing request\nArtifact uploaded: build.tar.gz (33MB)\n\u2713 test completed\nWARNING: eslint has known vulnerabilities\nStep 9/10: Building\nInstalling axios@2.13.0\n  PASS: test_user_create (71ms)\nInstalling webpack@4.8.0\nCache hit for key-6192\n\u2713 lint completed\n\u26a0 DEPRECATION: Feature will be removed in v4.0\nStep 9/10: Building\nArtifact uploaded: build.tar.gz (44MB)\nStep 10/10: Building\n[11:38:46] INFO: Processing request\n\u26a0 DEPRECATION: Feature will be removed in v2.0\n[11:38:46] INFO: Processing request\nInstalling react@4.6.0\nCache hit for key-9038\n[11:38:46] INFO: Processing request\nStep 8/10: Building\n  PASS: test_cache_hit (234ms)\n[11:38:46] INFO: Processing request\nCache hit for key-7380\nArtifact uploaded: build.tar.gz (5MB)\nCache hit for key-9942\n  PASS: test_cache_hit (492ms)\n[11:38:46] WARN: Deprecated API usage\n[11:38:46] INFO: Processing request\nCache hit for key-8050\nCache hit for key-6247\n[11:38:46] INFO: Processing request\n  PASS: test_cache_hit (224ms)\n\u2713 build completed\nInstalling lodash@2.4.0\n\u2713 build completed\nStep 3/10: Building\nArtifact uploaded: build.tar.gz (20MB)\n  PASS: test_auth_login (56ms)\nCompiling src/app.ts...\nInstalling lodash@2.7.0\n  PASS: test_user_create (432ms)\n[11:38:46] INFO: Processing request\nInstalling lodash@5.0.0\nWARNING: webpack has known vulnerabilities\n  PASS: test_user_create (107ms)\nInstalling react@5.2.0\nCompiling src/index.js...\nInstalling axios@5.13.0\nWARNING: jest has known vulnerabilities\nCache hit for key-9901\n  PASS: test_api_health (414ms)\nStep 4/10: Building\n=== Step setup_environment completed ===\n=== Step: install_dependencies ===\n[11:38:46] INFO: Processing request\nCache hit for key-6311\nCompiling src/utils.go...\nStep 4/10: Building\n\u2713 build completed\n\u2713 build completed\nCompiling src/service.java...\nInstalling axios@1.17.0\nCompiling src/handler.rs...\nCompiling src/handler.rs...\nCache hit for key-5620\nCache hit for key-2144\n[11:38:46] WARN: Deprecated API usage\n\u26a0 DEPRECATION: Feature will be removed in v4.0\nCompiling src/utils.go...\nStep 3/10: Building\nArtifact uploaded: build.tar.gz (38MB)\nCompiling src/utils.go...\nWARNING: eslint has known vulnerabilities\nInstalling prettier@4.8.0\nStep 8/10: Building\n[11:38:46] INFO: Processing request\n\u2713 test completed\nCache hit for key-7713\nCache hit for key-3397\n\u2713 lint completed\nCache hit for key-9267\n[11:38:46] INFO: Processing request\n[11:38:46] INFO: Processing request\n[11:38:46] INFO: Processing request\nCache hit for key-6223\n  PASS: test_auth_login (398ms)\n  PASS: test_api_health (442ms)\nArtifact uploaded: build.tar.gz (33MB)\nCompiling src/app.ts...\nWARNING: react has known vulnerabilities\nArtifact uploaded: build.tar.gz (44MB)\nCompiling src/index.js...\nCache hit for key-1776\nInstalling webpack@3.14.0\nStep 4/10: Building\n\u2713 test completed\nInstalling eslint@2.17.0\n\u2713 lint completed\nFAILED: test_cache_hit\nArtifact uploaded: build.tar.gz (1MB)\n\u2717 build failed with exit code 90\n\u2713 test completed\nCompiling src/service.java...\nArtifact uploaded: build.tar.gz (11MB)\nArtifact uploaded: build.tar.gz (32MB)\nArtifact uploaded: build.tar.gz (5MB)\n  PASS: test_auth_login (313ms)\nInstalling axios@2.9.0\n  PASS: test_db_connect (418ms)\nCompiling src/main.py...\nArtifact uploaded: build.tar.gz (8MB)\nCompiling src/handler.rs...\n  PASS: test_auth_login (323ms)\n  PASS: test_user_create (206ms)\n  PASS: test_api_health (285ms)\n  PASS: test_db_connect (471ms)\n\u2713 build completed\nStep 3/10: Building\nStep 8/10: Building\nArtifact uploaded: build.tar.gz (20MB)\nStep 7/10: Building\n[11:38:46] INFO: Processing request\n[11:38:46] INFO: Processing request\nStep 4/10: Building\n  PASS: test_user_create (361ms)\nFAILED: test_cache_hit\n\u2713 lint completed\nCompiling src/main.py...\nCache hit for key-1149\nCache hit for key-1946\nArtifact uploaded: build.tar.gz (19MB)\nArtifact uploaded: build.tar.gz (49MB)\n\u2713 test completed\nCache hit for key-8010\n  PASS: test_cache_hit (226ms)\nInstalling jest@1.15.0\nStep 3/10: Building\nArtifact uploaded: build.tar.gz (48MB)\nCache hit for key-2501\n[11:38:46] INFO: Processing request\n[11:38:46] INFO: Processing request\n[11:38:46] WARN: Deprecated API usage\nCompiling src/utils.go...\n  PASS: test_auth_login (421ms)\nCompiling src/main.py...\nStep 2/10: Building\nArtifact uploaded: build.tar.gz (13MB)\nWARNING: eslint has known vulnerabilities\n=== Step install_dependencies completed ===\n=== Step: run_tests ===\nInstalling axios@2.13.0\n  PASS: test_auth_login (415ms)\n\u2713 build completed\n\u2713 lint completed\n  PASS: test_user_create (410ms)\nStep 6/10: Building\nArtifact uploaded: build.tar.gz (31MB)\n\u2713 build completed\nCompiling src/utils.go...\n\u2713 test completed\nCompiling src/index.js...\n  PASS: test_auth_login (405ms)\n  PASS: test_user_create (310ms)\n[11:38:46] INFO: Processing request\nArtifact uploaded: build.tar.gz (42MB)\n\u2713 test completed\nArtifact uploaded: build.tar.gz (18MB)\nStep 1/10: Building\nStep 4/10: Building\n\u2713 lint completed\n\u2713 test completed\n  PASS: test_auth_login (235ms)\nWARNING: axios has known vulnerabilities\nArtifact uploaded: build.tar.gz (4MB)\n\u26a0 DEPRECATION: Feature will be removed in v4.0\n\u2713 test completed\nArtifact uploaded: build.tar.gz (13MB)\nArtifact uploaded: build.tar.gz (24MB)\nStep 2/10: Building\n  PASS: test_cache_hit (69ms)\nArtifact uploaded: build.tar.gz (22MB)\n  PASS: test_user_create (478ms)\nStep 7/10: Building\nFAILED: test_db_connect\n[11:38:46] WARN: Deprecated API usage\n[11:38:46] INFO: Processing request\n  PASS: test_api_health (88ms)\n\u2713 test completed\n  PASS: test_user_create (330ms)\nArtifact uploaded: build.tar.gz (22MB)\n  PASS: test_cache_hit (1ms)\nInstalling eslint@2.19.0\n  PASS: test_user_create (288ms)\n  PASS: test_auth_login (241ms)\nArtifact uploaded: build.tar.gz (41MB)\n[11:38:46] WARN: Deprecated API usage\n\u26a0 DEPRECATION: Feature will be removed in v2.0\nInstalling lodash@3.17.0\nStep 8/10: Building\n  PASS: test_auth_login (25ms)\nCompiling src/service.java...\nInstalling axios@1.14.0\nCache hit for key-2811\n  PASS: test_api_health (140ms)\nCompiling src/app.ts...\n[11:38:46] INFO: Processing request\n\u2713 test completed\nCache hit for key-5750\nCache hit for key-6705\nArtifact uploaded: build.tar.gz (15MB)\nStep 8/10: Building\n  PASS: test_cache_hit (256ms)\n[11:38:46] INFO: Processing request\n\u2713 test completed\n\u2717 build failed with exit code 103\n[11:38:46] INFO: Processing request\nCompiling src/service.java...\nInstalling express@5.6.0\n\u26a0 DEPRECATION: Feature will be removed in v4.0\n[11:38:46] INFO: Processing request\nCache hit for key-5201\n\u2713 build completed\nStep 8/10: Building\nCompiling src/service.java...\n  PASS: test_user_create (170ms)\n\u2713 test completed\n[11:38:46] INFO: Processing request\nStep 2/10: Building\n[11:38:46] INFO: Processing request\nStep 2/10: Building\nCache hit for key-9478\n\u2713 test completed\nArtifact uploaded: build.tar.gz (2MB)\n\u2717 build failed with exit code 102\nStep 6/10: Building\nArtifact uploaded: build.tar.gz (26MB)\nCompiling src/index.js...\n[11:38:46] INFO: Processing request\nStep 4/10: Building\n\u26a0 DEPRECATION: Feature will be removed in v4.0\nWARNING: prettier has known vulnerabilities\n\u2713 build completed\nArtifact uploaded: build.tar.gz (22MB)\nCompiling src/app.ts...\n=== Step run_tests completed ===\n=== Step: build_artifact ===\n  PASS: test_api_health (263ms)\nArtifact uploaded: build.tar.gz (8MB)\n[11:38:46] INFO: Processing request\n[11:38:46] ERROR: Connection failed\nCache hit for key-3647\nStep 6/10: Building\nArtifact uploaded: build.tar.gz (16MB)\nInstalling express@1.5.0\nInstalling react@5.8.0\nCache hit for key-5588\nStep 6/10: Building\nArtifact uploaded: build.tar.gz (14MB)\nStep 1/10: Building\n  PASS: test_api_health (60ms)\n  PASS: test_api_health (234ms)\n\u2713 build completed\n[11:38:46] WARN: Deprecated API usage\nStep 1/10: Building\n  PASS: test_db_connect (63ms)\n\u2713 build completed\nStep 7/10: Building\nCache hit for key-3099\nCompiling src/index.js...\nArtifact uploaded: build.tar.gz (12MB)\nArtifact uploaded: build.tar.gz (24MB)\nArtifact uploaded: build.tar.gz (40MB)\nStep 4/10: Building\nCompiling src/app.ts...\n  PASS: test_api_health (29ms)\n[11:38:46] INFO: Processing request\n\u2713 lint completed\nInstalling webpack@4.2.0\n[11:38:46] INFO: Processing request\n\u2717 build failed with exit code 127\nInstalling prettier@1.0.0\nStep 4/10: Building\nCompiling src/service.java...\n\u2713 build completed\n\u2713 build completed\n[11:38:46] INFO: Processing request\nStep 3/10: Building\nInstalling eslint@3.1.0\n\u26a0 DEPRECATION: Feature will be removed in v2.0\nArtifact uploaded: build.tar.gz (44MB)\nCache hit for key-1354\nWARNING: prettier has known vulnerabilities\nStep 4/10: Building\n  PASS: test_cache_hit (118ms)\nArtifact uploaded: build.tar.gz (36MB)\n\u2713 build completed\nStep 8/10: Building\nCompiling src/utils.go...\n  PASS: test_api_health (82ms)\n\u2713 lint completed\n  PASS: test_cache_hit (139ms)\nCompiling src/main.py...\nArtifact uploaded: build.tar.gz (10MB)\nStep 9/10: Building\n  PASS: test_db_connect (380ms)\n[11:38:46] INFO: Processing request\n  PASS: test_user_create (177ms)\nCompiling src/app.ts...\nCache hit for key-4998\n  PASS: test_cache_hit (115ms)\nCache hit for key-3005\n[11:38:46] INFO: Processing request\nArtifact uploaded: build.tar.gz (30MB)\n  PASS: test_user_create (120ms)\n[11:38:46] INFO: Processing request\nCache hit for key-6076\n  PASS: test_auth_login (336ms)\nStep 4/10: Building\nCache hit for key-5590\n[11:38:46] INFO: Processing request\nArtifact uploaded: build.tar.gz (47MB)\nCompiling src/service.java...\n\u26a0 DEPRECATION: Feature will be removed in v2.0\nCompiling src/app.ts...\n\u2713 test completed\nCompiling src/utils.go...\nInstalling react@1.5.0\n\u2713 lint completed\nException: NullPointerException\n\u2713 build completed\nInstalling axios@2.9.0\nCache hit for key-8009\nCompiling src/handler.rs...\nArtifact uploaded: build.tar.gz (47MB)\nInstalling lodash@2.9.0\nFAILED: test_api_health\nCompiling src/index.js...\nArtifact uploaded: build.tar.gz (41MB)\nCompiling src/app.ts...\nInstalling axios@1.15.0\n=== Step build_artifact completed ===\n=== Step: deploy ===\n[11:38:46] INFO: Processing request\n\u2713 build completed\nArtifact uploaded: build.tar.gz (33MB)\nStep 10/10: Building\nCache hit for key-3300\nArtifact uploaded: build.tar.gz (23MB)\nArtifact uploaded: build.tar.gz (23MB)\n\u26a0 DEPRECATION: Feature will be removed in v3.0\n  PASS: test_auth_login (243ms)\n[11:38:46] WARN: Deprecated API usage\nArtifact uploaded: build.tar.gz (19MB)\n[11:38:46] INFO: Processing request\n  PASS: test_db_connect (220ms)\n\u2717 build failed with exit code 64\n\u2713 build completed\nStep 4/10: Building\n[11:38:46] INFO: Processing request\nArtifact uploaded: build.tar.gz (11MB)\n  PASS: test_auth_login (258ms)\nArtifact uploaded: build.tar.gz (6MB)\nArtifact uploaded: build.tar.gz (29MB)\nInstalling express@2.4.0\n  PASS: test_db_connect (179ms)\n  PASS: test_auth_login (49ms)\nInstalling jest@5.4.0\n[11:38:46] INFO: Processing request\nCompiling src/app.ts...\nArtifact uploaded: build.tar.gz (21MB)\n[11:38:46] INFO: Processing request\n  PASS: test_cache_hit (58ms)\nWARNING: lodash has known vulnerabilities\n  PASS: test_user_create (244ms)\n\u2713 build completed\n\u2713 test completed\n[11:38:46] WARN: Deprecated API usage\n[11:38:46] INFO: Processing request\nCompiling src/index.js...\n[11:38:46] INFO: Processing request\nCache hit for key-4913\nWARNING: express has known vulnerabilities\n\u26a0 DEPRECATION: Feature will be removed in v3.0\nArtifact uploaded: build.tar.gz (11MB)\nStep 9/10: Building\nCompiling src/utils.go...\nArtifact uploaded: build.tar.gz (17MB)\nStep 2/10: Building\nCompiling src/utils.go...\nCompiling src/service.java...\nCompiling src/app.ts...\nInstalling eslint@1.10.0\nStep 4/10: Building\nStep 8/10: Building\n[11:38:46] WARN: Deprecated API usage\nCompiling src/service.java...\nArtifact uploaded: build.tar.gz (39MB)\n\u26a0 DEPRECATION: Feature will be removed in v2.0\n[11:38:46] INFO: Processing request\nStep 1/10: Building\nInstalling react@3.7.0\nCache hit for key-4985\nArtifact uploaded: build.tar.gz (29MB)\n\u2713 lint completed\n[11:38:46] WARN: Deprecated API usage\nInstalling prettier@5.2.0\nCache hit for key-7292\n[11:38:46] INFO: Processing request\nInstalling jest@3.0.0\nArtifact uploaded: build.tar.gz (39MB)\nCompiling src/main.py...\n[11:38:46] INFO: Processing request\nStep 4/10: Building\nCompiling src/main.py...\n[11:38:46] INFO: Processing request\nInstalling jest@3.11.0\n[11:38:46] INFO: Processing request\n[11:38:46] INFO: Processing request\n\u2717 build failed with exit code 121\nArtifact uploaded: build.tar.gz (45MB)\n\u2713 test completed\nArtifact uploaded: build.tar.gz (49MB)\nInstalling jest@5.5.0\n[11:38:46] INFO: Processing request\n[11:38:46] INFO: Processing request\nCache hit for key-6480\nStep 9/10: Building\nArtifact uploaded: build.tar.gz (28MB)\nCache hit for key-8744\n  PASS: test_auth_login (93ms)\nStep 5/10: Building\nArtifact uploaded: build.tar.gz (24MB)\nArtifact uploaded: build.tar.gz (15MB)\nStep 6/10: Building\nArtifact uploaded: build.tar.gz (32MB)\nCache hit for key-2609\n=== Step deploy completed ===",
    "steps": [
      {
        "name": "checkout",
        "status": "success",
        "started_at": "2025-12-02T11:38:46.742404",
        "finished_at": "2025-12-02T11:38:53.830762",
        "log_lines": [
          "=== Step: checkout ===",
          "Artifact uploaded: build.tar.gz (18MB)",
          "  PASS: test_db_connect (227ms)",
          "  PASS: test_api_health (278ms)",
          "Installing axios@2.6.0",
          "Compiling src/utils.go...",
          "  PASS: test_user_create (69ms)",
          "Step 10/10: Building",
          "[11:38:46] INFO: Processing request",
          "\u2713 build completed",
          "  PASS: test_api_health (369ms)",
          "Installing lodash@3.17.0",
          "Installing react@2.15.0",
          "  PASS: test_db_connect (304ms)",
          "Compiling src/main.py...",
          "Compiling src/app.ts...",
          "Compiling src/utils.go...",
          "  PASS: test_cache_hit (345ms)",
          "\u2713 build completed",
          "Installing lodash@1.8.0",
          "[11:38:46] INFO: Processing request",
          "Step 2/10: Building",
          "Step 7/10: Building",
          "[11:38:46] INFO: Processing request",
          "[11:38:46] INFO: Processing request",
          "Artifact uploaded: build.tar.gz (25MB)",
          "[11:38:46] INFO: Processing request",
          "[11:38:46] ERROR: Connection failed",
          "Step 8/10: Building",
          "[11:38:46] WARN: Deprecated API usage",
          "Step 8/10: Building",
          "Installing jest@5.13.0",
          "\u26a0 DEPRECATION: Feature will be removed in v3.0",
          "Artifact uploaded: build.tar.gz (20MB)",
          "  PASS: test_user_create (106ms)",
          "\u2713 test completed",
          "[11:38:46] INFO: Processing request",
          "[11:38:46] INFO: Processing request",
          "[11:38:46] INFO: Processing request",
          "[11:38:46] INFO: Processing request",
          "Installing react@1.3.0",
          "Step 9/10: Building",
          "Step 1/10: Building",
          "Step 7/10: Building",
          "\u2713 build completed",
          "Step 1/10: Building",
          "Cache hit for key-9558",
          "Cache hit for key-7698",
          "\u2713 lint completed",
          "Installing react@3.16.0",
          "Cache hit for key-3998",
          "Artifact uploaded: build.tar.gz (21MB)",
          "Installing jest@1.4.0",
          "Cache hit for key-9374",
          "Cache hit for key-1128",
          "Installing lodash@2.16.0",
          "[11:38:46] INFO: Processing request",
          "  PASS: test_user_create (491ms)",
          "Cache hit for key-6367",
          "Step 1/10: Building",
          "Artifact uploaded: build.tar.gz (38MB)",
          "Step 6/10: Building",
          "[11:38:46] INFO: Processing request",
          "WARNING: lodash has known vulnerabilities",
          "Installing jest@5.2.0",
          "Cache hit for key-8833",
          "\u26a0 DEPRECATION: Feature will be removed in v5.0",
          "[11:38:46] INFO: Processing request",
          "Compiling src/utils.go...",
          "\u2713 test completed",
          "Compiling src/utils.go...",
          "\u2713 test completed",
          "Artifact uploaded: build.tar.gz (1MB)",
          "[11:38:46] INFO: Processing request",
          "Compiling src/service.java...",
          "\u2713 lint completed",
          "Compiling src/handler.rs...",
          "\u26a0 DEPRECATION: Feature will be removed in v4.0",
          "[11:38:46] INFO: Processing request",
          "Artifact uploaded: build.tar.gz (44MB)",
          "  PASS: test_db_connect (72ms)",
          "\u2713 build completed",
          "Cache hit for key-7011",
          "Cache hit for key-5458",
          "\u2713 test completed",
          "\u26a0 DEPRECATION: Feature will be removed in v4.0",
          "\u26a0 DEPRECATION: Feature will be removed in v2.0",
          "Step 3/10: Building",
          "Compiling src/service.java...",
          "Installing axios@1.6.0",
          "[11:38:46] INFO: Processing request",
          "Cache hit for key-4218",
          "Cache hit for key-3941",
          "Installing eslint@5.16.0",
          "Artifact uploaded: build.tar.gz (24MB)",
          "=== Step checkout completed ==="
        ]
      },
      {
        "name": "setup_environment",
        "status": "success",
        "started_at": "2025-12-02T11:38:53.830762",
        "finished_at": "2025-12-02T11:39:08.007477",
        "log_lines": [
          "=== Step: setup_environment ===",
          "  PASS: test_db_connect (109ms)",
          "Compiling src/app.ts...",
          "Cache hit for key-8897",
          "  PASS: test_user_create (349ms)",
          "  PASS: test_api_health (153ms)",
          "Compiling src/handler.rs...",
          "Installing eslint@5.1.0",
          "  PASS: test_api_health (39ms)",
          "Step 6/10: Building",
          "Installing jest@3.1.0",
          "[11:38:46] INFO: Processing request",
          "Installing eslint@3.5.0",
          "[11:38:46] WARN: Deprecated API usage",
          "Installing axios@3.16.0",
          "Compiling src/utils.go...",
          "\u2713 test completed",
          "Compiling src/index.js...",
          "\u2717 build failed with exit code 64",
          "[11:38:46] INFO: Processing request",
          "\u2713 lint completed",
          "Cache hit for key-8308",
          "\u2713 lint completed",
          "  PASS: test_api_health (57ms)",
          "[11:38:46] INFO: Processing request",
          "Step 1/10: Building",
          "  PASS: test_db_connect (17ms)",
          "Compiling src/handler.rs...",
          "\u2713 build completed",
          "Cache hit for key-1285",
          "  PASS: test_db_connect (388ms)",
          "Artifact uploaded: build.tar.gz (18MB)",
          "Compiling src/utils.go...",
          "Cache hit for key-1739",
          "  PASS: test_db_connect (471ms)",
          "Artifact uploaded: build.tar.gz (30MB)",
          "\u2713 test completed",
          "Artifact uploaded: build.tar.gz (11MB)",
          "  PASS: test_user_create (147ms)",
          "\u2713 test completed",
          "Artifact uploaded: build.tar.gz (25MB)",
          "[11:38:46] INFO: Processing request",
          "[11:38:46] INFO: Processing request",
          "Artifact uploaded: build.tar.gz (33MB)",
          "\u2713 test completed",
          "WARNING: eslint has known vulnerabilities",
          "Step 9/10: Building",
          "Installing axios@2.13.0",
          "  PASS: test_user_create (71ms)",
          "Installing webpack@4.8.0",
          "Cache hit for key-6192",
          "\u2713 lint completed",
          "\u26a0 DEPRECATION: Feature will be removed in v4.0",
          "Step 9/10: Building",
          "Artifact uploaded: build.tar.gz (44MB)",
          "Step 10/10: Building",
          "[11:38:46] INFO: Processing request",
          "\u26a0 DEPRECATION: Feature will be removed in v2.0",
          "[11:38:46] INFO: Processing request",
          "Installing react@4.6.0",
          "Cache hit for key-9038",
          "[11:38:46] INFO: Processing request",
          "Step 8/10: Building",
          "  PASS: test_cache_hit (234ms)",
          "[11:38:46] INFO: Processing request",
          "Cache hit for key-7380",
          "Artifact uploaded: build.tar.gz (5MB)",
          "Cache hit for key-9942",
          "  PASS: test_cache_hit (492ms)",
          "[11:38:46] WARN: Deprecated API usage",
          "[11:38:46] INFO: Processing request",
          "Cache hit for key-8050",
          "Cache hit for key-6247",
          "[11:38:46] INFO: Processing request",
          "  PASS: test_cache_hit (224ms)",
          "\u2713 build completed",
          "Installing lodash@2.4.0",
          "\u2713 build completed",
          "Step 3/10: Building",
          "Artifact uploaded: build.tar.gz (20MB)",
          "  PASS: test_auth_login (56ms)",
          "Compiling src/app.ts...",
          "Installing lodash@2.7.0",
          "  PASS: test_user_create (432ms)",
          "[11:38:46] INFO: Processing request",
          "Installing lodash@5.0.0",
          "WARNING: webpack has known vulnerabilities",
          "  PASS: test_user_create (107ms)",
          "Installing react@5.2.0",
          "Compiling src/index.js...",
          "Installing axios@5.13.0",
          "WARNING: jest has known vulnerabilities",
          "Cache hit for key-9901",
          "  PASS: test_api_health (414ms)",
          "Step 4/10: Building",
          "=== Step setup_environment completed ==="
        ]
      },
      {
        "name": "install_dependencies",
        "status": "success",
        "started_at": "2025-12-02T11:39:08.007477",
        "finished_at": "2025-12-02T11:39:36.360908",
        "log_lines": [
          "=== Step: install_dependencies ===",
          "[11:38:46] INFO: Processing request",
          "Cache hit for key-6311",
          "Compiling src/utils.go...",
          "Step 4/10: Building",
          "\u2713 build completed",
          "\u2713 build completed",
          "Compiling src/service.java...",
          "Installing axios@1.17.0",
          "Compiling src/handler.rs...",
          "Compiling src/handler.rs...",
          "Cache hit for key-5620",
          "Cache hit for key-2144",
          "[11:38:46] WARN: Deprecated API usage",
          "\u26a0 DEPRECATION: Feature will be removed in v4.0",
          "Compiling src/utils.go...",
          "Step 3/10: Building",
          "Artifact uploaded: build.tar.gz (38MB)",
          "Compiling src/utils.go...",
          "WARNING: eslint has known vulnerabilities",
          "Installing prettier@4.8.0",
          "Step 8/10: Building",
          "[11:38:46] INFO: Processing request",
          "\u2713 test completed",
          "Cache hit for key-7713",
          "Cache hit for key-3397",
          "\u2713 lint completed",
          "Cache hit for key-9267",
          "[11:38:46] INFO: Processing request",
          "[11:38:46] INFO: Processing request",
          "[11:38:46] INFO: Processing request",
          "Cache hit for key-6223",
          "  PASS: test_auth_login (398ms)",
          "  PASS: test_api_health (442ms)",
          "Artifact uploaded: build.tar.gz (33MB)",
          "Compiling src/app.ts...",
          "WARNING: react has known vulnerabilities",
          "Artifact uploaded: build.tar.gz (44MB)",
          "Compiling src/index.js...",
          "Cache hit for key-1776",
          "Installing webpack@3.14.0",
          "Step 4/10: Building",
          "\u2713 test completed",
          "Installing eslint@2.17.0",
          "\u2713 lint completed",
          "FAILED: test_cache_hit",
          "Artifact uploaded: build.tar.gz (1MB)",
          "\u2717 build failed with exit code 90",
          "\u2713 test completed",
          "Compiling src/service.java...",
          "Artifact uploaded: build.tar.gz (11MB)",
          "Artifact uploaded: build.tar.gz (32MB)",
          "Artifact uploaded: build.tar.gz (5MB)",
          "  PASS: test_auth_login (313ms)",
          "Installing axios@2.9.0",
          "  PASS: test_db_connect (418ms)",
          "Compiling src/main.py...",
          "Artifact uploaded: build.tar.gz (8MB)",
          "Compiling src/handler.rs...",
          "  PASS: test_auth_login (323ms)",
          "  PASS: test_user_create (206ms)",
          "  PASS: test_api_health (285ms)",
          "  PASS: test_db_connect (471ms)",
          "\u2713 build completed",
          "Step 3/10: Building",
          "Step 8/10: Building",
          "Artifact uploaded: build.tar.gz (20MB)",
          "Step 7/10: Building",
          "[11:38:46] INFO: Processing request",
          "[11:38:46] INFO: Processing request",
          "Step 4/10: Building",
          "  PASS: test_user_create (361ms)",
          "FAILED: test_cache_hit",
          "\u2713 lint completed",
          "Compiling src/main.py...",
          "Cache hit for key-1149",
          "Cache hit for key-1946",
          "Artifact uploaded: build.tar.gz (19MB)",
          "Artifact uploaded: build.tar.gz (49MB)",
          "\u2713 test completed",
          "Cache hit for key-8010",
          "  PASS: test_cache_hit (226ms)",
          "Installing jest@1.15.0",
          "Step 3/10: Building",
          "Artifact uploaded: build.tar.gz (48MB)",
          "Cache hit for key-2501",
          "[11:38:46] INFO: Processing request",
          "[11:38:46] INFO: Processing request",
          "[11:38:46] WARN: Deprecated API usage",
          "Compiling src/utils.go...",
          "  PASS: test_auth_login (421ms)",
          "Compiling src/main.py...",
          "Step 2/10: Building",
          "Artifact uploaded: build.tar.gz (13MB)",
          "WARNING: eslint has known vulnerabilities",
          "=== Step install_dependencies completed ==="
        ]
      },
      {
        "name": "run_tests",
        "status": "success",
        "started_at": "2025-12-02T11:39:36.360908",
        "finished_at": "2025-12-02T11:40:25.979412",
        "log_lines": [
          "=== Step: run_tests ===",
          "Installing axios@2.13.0",
          "  PASS: test_auth_login (415ms)",
          "\u2713 build completed",
          "\u2713 lint completed",
          "  PASS: test_user_create (410ms)",
          "Step 6/10: Building",
          "Artifact uploaded: build.tar.gz (31MB)",
          "\u2713 build completed",
          "Compiling src/utils.go...",
          "\u2713 test completed",
          "Compiling src/index.js...",
          "  PASS: test_auth_login (405ms)",
          "  PASS: test_user_create (310ms)",
          "[11:38:46] INFO: Processing request",
          "Artifact uploaded: build.tar.gz (42MB)",
          "\u2713 test completed",
          "Artifact uploaded: build.tar.gz (18MB)",
          "Step 1/10: Building",
          "Step 4/10: Building",
          "\u2713 lint completed",
          "\u2713 test completed",
          "  PASS: test_auth_login (235ms)",
          "WARNING: axios has known vulnerabilities",
          "Artifact uploaded: build.tar.gz (4MB)",
          "\u26a0 DEPRECATION: Feature will be removed in v4.0",
          "\u2713 test completed",
          "Artifact uploaded: build.tar.gz (13MB)",
          "Artifact uploaded: build.tar.gz (24MB)",
          "Step 2/10: Building",
          "  PASS: test_cache_hit (69ms)",
          "Artifact uploaded: build.tar.gz (22MB)",
          "  PASS: test_user_create (478ms)",
          "Step 7/10: Building",
          "FAILED: test_db_connect",
          "[11:38:46] WARN: Deprecated API usage",
          "[11:38:46] INFO: Processing request",
          "  PASS: test_api_health (88ms)",
          "\u2713 test completed",
          "  PASS: test_user_create (330ms)",
          "Artifact uploaded: build.tar.gz (22MB)",
          "  PASS: test_cache_hit (1ms)",
          "Installing eslint@2.19.0",
          "  PASS: test_user_create (288ms)",
          "  PASS: test_auth_login (241ms)",
          "Artifact uploaded: build.tar.gz (41MB)",
          "[11:38:46] WARN: Deprecated API usage",
          "\u26a0 DEPRECATION: Feature will be removed in v2.0",
          "Installing lodash@3.17.0",
          "Step 8/10: Building",
          "  PASS: test_auth_login (25ms)",
          "Compiling src/service.java...",
          "Installing axios@1.14.0",
          "Cache hit for key-2811",
          "  PASS: test_api_health (140ms)",
          "Compiling src/app.ts...",
          "[11:38:46] INFO: Processing request",
          "\u2713 test completed",
          "Cache hit for key-5750",
          "Cache hit for key-6705",
          "Artifact uploaded: build.tar.gz (15MB)",
          "Step 8/10: Building",
          "  PASS: test_cache_hit (256ms)",
          "[11:38:46] INFO: Processing request",
          "\u2713 test completed",
          "\u2717 build failed with exit code 103",
          "[11:38:46] INFO: Processing request",
          "Compiling src/service.java...",
          "Installing express@5.6.0",
          "\u26a0 DEPRECATION: Feature will be removed in v4.0",
          "[11:38:46] INFO: Processing request",
          "Cache hit for key-5201",
          "\u2713 build completed",
          "Step 8/10: Building",
          "Compiling src/service.java...",
          "  PASS: test_user_create (170ms)",
          "\u2713 test completed",
          "[11:38:46] INFO: Processing request",
          "Step 2/10: Building",
          "[11:38:46] INFO: Processing request",
          "Step 2/10: Building",
          "Cache hit for key-9478",
          "\u2713 test completed",
          "Artifact uploaded: build.tar.gz (2MB)",
          "\u2717 build failed with exit code 102",
          "Step 6/10: Building",
          "Artifact uploaded: build.tar.gz (26MB)",
          "Compiling src/index.js...",
          "[11:38:46] INFO: Processing request",
          "Step 4/10: Building",
          "\u26a0 DEPRECATION: Feature will be removed in v4.0",
          "WARNING: prettier has known vulnerabilities",
          "\u2713 build completed",
          "Artifact uploaded: build.tar.gz (22MB)",
          "Compiling src/app.ts...",
          "=== Step run_tests completed ==="
        ]
      },
      {
        "name": "build_artifact",
        "status": "success",
        "started_at": "2025-12-02T11:40:25.979412",
        "finished_at": "2025-12-02T11:40:54.332843",
        "log_lines": [
          "=== Step: build_artifact ===",
          "  PASS: test_api_health (263ms)",
          "Artifact uploaded: build.tar.gz (8MB)",
          "[11:38:46] INFO: Processing request",
          "[11:38:46] ERROR: Connection failed",
          "Cache hit for key-3647",
          "Step 6/10: Building",
          "Artifact uploaded: build.tar.gz (16MB)",
          "Installing express@1.5.0",
          "Installing react@5.8.0",
          "Cache hit for key-5588",
          "Step 6/10: Building",
          "Artifact uploaded: build.tar.gz (14MB)",
          "Step 1/10: Building",
          "  PASS: test_api_health (60ms)",
          "  PASS: test_api_health (234ms)",
          "\u2713 build completed",
          "[11:38:46] WARN: Deprecated API usage",
          "Step 1/10: Building",
          "  PASS: test_db_connect (63ms)",
          "\u2713 build completed",
          "Step 7/10: Building",
          "Cache hit for key-3099",
          "Compiling src/index.js...",
          "Artifact uploaded: build.tar.gz (12MB)",
          "Artifact uploaded: build.tar.gz (24MB)",
          "Artifact uploaded: build.tar.gz (40MB)",
          "Step 4/10: Building",
          "Compiling src/app.ts...",
          "  PASS: test_api_health (29ms)",
          "[11:38:46] INFO: Processing request",
          "\u2713 lint completed",
          "Installing webpack@4.2.0",
          "[11:38:46] INFO: Processing request",
          "\u2717 build failed with exit code 127",
          "Installing prettier@1.0.0",
          "Step 4/10: Building",
          "Compiling src/service.java...",
          "\u2713 build completed",
          "\u2713 build completed",
          "[11:38:46] INFO: Processing request",
          "Step 3/10: Building",
          "Installing eslint@3.1.0",
          "\u26a0 DEPRECATION: Feature will be removed in v2.0",
          "Artifact uploaded: build.tar.gz (44MB)",
          "Cache hit for key-1354",
          "WARNING: prettier has known vulnerabilities",
          "Step 4/10: Building",
          "  PASS: test_cache_hit (118ms)",
          "Artifact uploaded: build.tar.gz (36MB)",
          "\u2713 build completed",
          "Step 8/10: Building",
          "Compiling src/utils.go...",
          "  PASS: test_api_health (82ms)",
          "\u2713 lint completed",
          "  PASS: test_cache_hit (139ms)",
          "Compiling src/main.py...",
          "Artifact uploaded: build.tar.gz (10MB)",
          "Step 9/10: Building",
          "  PASS: test_db_connect (380ms)",
          "[11:38:46] INFO: Processing request",
          "  PASS: test_user_create (177ms)",
          "Compiling src/app.ts...",
          "Cache hit for key-4998",
          "  PASS: test_cache_hit (115ms)",
          "Cache hit for key-3005",
          "[11:38:46] INFO: Processing request",
          "Artifact uploaded: build.tar.gz (30MB)",
          "  PASS: test_user_create (120ms)",
          "[11:38:46] INFO: Processing request",
          "Cache hit for key-6076",
          "  PASS: test_auth_login (336ms)",
          "Step 4/10: Building",
          "Cache hit for key-5590",
          "[11:38:46] INFO: Processing request",
          "Artifact uploaded: build.tar.gz (47MB)",
          "Compiling src/service.java...",
          "\u26a0 DEPRECATION: Feature will be removed in v2.0",
          "Compiling src/app.ts...",
          "\u2713 test completed",
          "Compiling src/utils.go...",
          "Installing react@1.5.0",
          "\u2713 lint completed",
          "Exception: NullPointerException",
          "\u2713 build completed",
          "Installing axios@2.9.0",
          "Cache hit for key-8009",
          "Compiling src/handler.rs...",
          "Artifact uploaded: build.tar.gz (47MB)",
          "Installing lodash@2.9.0",
          "FAILED: test_api_health",
          "Compiling src/index.js...",
          "Artifact uploaded: build.tar.gz (41MB)",
          "Compiling src/app.ts...",
          "Installing axios@1.15.0",
          "=== Step build_artifact completed ==="
        ]
      },
      {
        "name": "deploy",
        "status": "success",
        "started_at": "2025-12-02T11:40:54.332843",
        "finished_at": "2025-12-02T11:41:08.509558",
        "log_lines": [
          "=== Step: deploy ===",
          "[11:38:46] INFO: Processing request",
          "\u2713 build completed",
          "Artifact uploaded: build.tar.gz (33MB)",
          "Step 10/10: Building",
          "Cache hit for key-3300",
          "Artifact uploaded: build.tar.gz (23MB)",
          "Artifact uploaded: build.tar.gz (23MB)",
          "\u26a0 DEPRECATION: Feature will be removed in v3.0",
          "  PASS: test_auth_login (243ms)",
          "[11:38:46] WARN: Deprecated API usage",
          "Artifact uploaded: build.tar.gz (19MB)",
          "[11:38:46] INFO: Processing request",
          "  PASS: test_db_connect (220ms)",
          "\u2717 build failed with exit code 64",
          "\u2713 build completed",
          "Step 4/10: Building",
          "[11:38:46] INFO: Processing request",
          "Artifact uploaded: build.tar.gz (11MB)",
          "  PASS: test_auth_login (258ms)",
          "Artifact uploaded: build.tar.gz (6MB)",
          "Artifact uploaded: build.tar.gz (29MB)",
          "Installing express@2.4.0",
          "  PASS: test_db_connect (179ms)",
          "  PASS: test_auth_login (49ms)",
          "Installing jest@5.4.0",
          "[11:38:46] INFO: Processing request",
          "Compiling src/app.ts...",
          "Artifact uploaded: build.tar.gz (21MB)",
          "[11:38:46] INFO: Processing request",
          "  PASS: test_cache_hit (58ms)",
          "WARNING: lodash has known vulnerabilities",
          "  PASS: test_user_create (244ms)",
          "\u2713 build completed",
          "\u2713 test completed",
          "[11:38:46] WARN: Deprecated API usage",
          "[11:38:46] INFO: Processing request",
          "Compiling src/index.js...",
          "[11:38:46] INFO: Processing request",
          "Cache hit for key-4913",
          "WARNING: express has known vulnerabilities",
          "\u26a0 DEPRECATION: Feature will be removed in v3.0",
          "Artifact uploaded: build.tar.gz (11MB)",
          "Step 9/10: Building",
          "Compiling src/utils.go...",
          "Artifact uploaded: build.tar.gz (17MB)",
          "Step 2/10: Building",
          "Compiling src/utils.go...",
          "Compiling src/service.java...",
          "Compiling src/app.ts...",
          "Installing eslint@1.10.0",
          "Step 4/10: Building",
          "Step 8/10: Building",
          "[11:38:46] WARN: Deprecated API usage",
          "Compiling src/service.java...",
          "Artifact uploaded: build.tar.gz (39MB)",
          "\u26a0 DEPRECATION: Feature will be removed in v2.0",
          "[11:38:46] INFO: Processing request",
          "Step 1/10: Building",
          "Installing react@3.7.0",
          "Cache hit for key-4985",
          "Artifact uploaded: build.tar.gz (29MB)",
          "\u2713 lint completed",
          "[11:38:46] WARN: Deprecated API usage",
          "Installing prettier@5.2.0",
          "Cache hit for key-7292",
          "[11:38:46] INFO: Processing request",
          "Installing jest@3.0.0",
          "Artifact uploaded: build.tar.gz (39MB)",
          "Compiling src/main.py...",
          "[11:38:46] INFO: Processing request",
          "Step 4/10: Building",
          "Compiling src/main.py...",
          "[11:38:46] INFO: Processing request",
          "Installing jest@3.11.0",
          "[11:38:46] INFO: Processing request",
          "[11:38:46] INFO: Processing request",
          "\u2717 build failed with exit code 121",
          "Artifact uploaded: build.tar.gz (45MB)",
          "\u2713 test completed",
          "Artifact uploaded: build.tar.gz (49MB)",
          "Installing jest@5.5.0",
          "[11:38:46] INFO: Processing request",
          "[11:38:46] INFO: Processing request",
          "Cache hit for key-6480",
          "Step 9/10: Building",
          "Artifact uploaded: build.tar.gz (28MB)",
          "Cache hit for key-8744",
          "  PASS: test_auth_login (93ms)",
          "Step 5/10: Building",
          "Artifact uploaded: build.tar.gz (24MB)",
          "Artifact uploaded: build.tar.gz (15MB)",
          "Step 6/10: Building",
          "Artifact uploaded: build.tar.gz (32MB)",
          "Cache hit for key-2609",
          "=== Step deploy completed ==="
        ]
      }
    ],
    "label": "normal"
  }
}