{
  "action": "completed",
  "workflow_run": {
    "id": 719,
    "name": "CI Pipeline",
    "head_branch": "feature/feat-652",
    "head_sha": "d0cb06b3fba1264519c1eee695aeecf4403cedd0",
    "status": "completed",
    "conclusion": "success",
    "run_started_at": "2025-11-30T12:52:02.406628Z",
    "updated_at": "2025-11-30T12:54:47.485160Z"
  },
  "repository": {
    "full_name": "startup-io/auth-service",
    "name": "auth-service"
  },
  "sender": {
    "login": "alice"
  },
  "_safeops_extended": {
    "raw_logs": "=== Step: e2e_tests ===\n\u2713 All checks passed\nCache saved successfully\nCompiling src/handler.rs...\npip: Collecting axios\nSwitched to branch 'hotfix/task-564'\nStep 4/15: Installing dependencies\nCoverage: 86% statements, 77% branches\nnpm notice: created a lockfile\nTime: 119.149s\nReady.\nGenerating source maps...\n\u2713 package completed\nArtifact uploaded: build.tar.gz (19MB)\nGenerating source maps...\n[12:52:02] DEBUG: Connection pool: 6 active\nyarn add: Done in 18.36s\n[12:52:02] DEBUG: Memory usage: 1379MB\nMinifying app.js\nyarn add: Done in 4.88s\n\u2717 build failed with exit code 3\n[12:52:02] WARN: Deprecated API usage\nConnection established\nVerifying...\nStep 5/16: Installing dependencies\n[12:52:02] DEBUG: Connection pool: 9 active\npip: Installing build dependencies...\n  PASS: test_auth_login (500ms)\nOptimizing 25 modules...\n[12:52:02] DEBUG: Query executed in 68ms\nnpm notice: package.json updated\nTLS handshake completed\nCache restored successfully (451MB)\n\u2713 Step 'build' succeeded\nOptimizing 13 modules...\nStep 16/22: Running migrations\n[12:52:02] ERROR: Connection failed\nnpm install: resolved 1273 packages\nTLS handshake completed\nGET /api - 201 (34ms)\nCache hit for key-5016\nStep 15/16: Installing dependencies\nWARNING: jest has known vulnerabilities\n[12:52:02] WARN: Deprecated API usage\n\u2713 Step 'checkout' succeeded\nGenerating source maps...\nnpm install: resolved 1619 packages\nCache hit for key-5111\nGenerating source maps...\npip: Installing build dependencies...\nCache miss for key-7787\nOK\nSnapshots: 9 passed, 44 total\nTLS handshake completed\nOK\nGET /api - 204 (1ms)\nChecking out master branch\nOptimizing 24 modules...\n[12:52:02] WARN: Deprecated API usage\nTest Suites: 13 passed, 29 total\nPulling image: node:3.11\nStep 19/19: Building\nCache miss for key-1124\nSwitched to branch 'bugfix/task-380'\n[12:52:02] DEBUG: Loading configuration\nStep 3/25: Testing\n[12:52:02] DEBUG: Connection pool: 11 active\nStep 1/15: Linting\nWARNING: prettier has known vulnerabilities\nFAILED: test_cache_hit\nPushing to registry...\n\u2713 validate completed\nFetching from https://pypi.org/package.json\n\u2713 All checks passed\nException: NullPointerException\n\u2713 Task completed in 2926ms\nnpm notice: package.json updated\nStep 12/19: Testing\nVerifying...\nWARNING: express has known vulnerabilities\nnpm notice: package.json updated\nGET /status - 201 (5ms)\n[12:52:02] INFO: Starting build process\n[12:52:02] INFO: Request completed\n[12:52:02] INFO: Processing request\nUsing Node.js 18.6.10\n\u2713 Task completed in 2781ms\n\u26a0 DEPRECATION: Feature will be removed in v3.0\nDone.\n[12:52:02] WARN: Deprecated API usage\nCompiling src/service.java...\nPulling image: alpine:3.11\n[12:52:02] INFO: Cache refreshed\nStep 6/21: Building\npip: Downloading prettier-5.5.tar.gz\n\u26a0 DEPRECATION: Feature will be removed in v2.0\nWARNING: lodash has known vulnerabilities\nMinifying app.js\nBuilding Docker image...\n  PASS: unit/test_db_connect.spec.js\nWARNING: express has known vulnerabilities\nFAILED: test_user_create\nGET /api - 200 (65ms)\nTest Suites: 33 passed, 47 total\nNODE_ENV=development\nEnvironment: production\nTest Suites: 8 passed, 44 total\nTransforming 690 files...\nUsing Python 3.11\nLayer 4/9: ENV command\nReady.\nCache saved successfully\nHEAD is now at 029b993\nFAILED: test_cache_hit\nImage pulled successfully\n[12:52:02] INFO: Request completed\nInstalling express@4.15.8\n\u26a0 DEPRECATION: Feature will be removed in v5.0\n[12:52:02] INFO: Connecting to database\nyarn add: Done in 22.58s\nUsing Node.js 15.13.9\nTest Suites: 17 passed, 14 total\nChecking out develop branch\n[12:52:02] INFO: Processing request\nVerifying...\n[12:52:02] WARN: Deprecated API usage\nnpm notice: package.json updated\nFetching from https://githubusercontent.com/package.json\nDone.\nException: TypeError\nUploading artifact 'dist' (22 files)\nWARNING: axios has known vulnerabilities\n[12:52:02] INFO: Cache refreshed\nImage pulled successfully\nLoading...\nUsing Node.js 20.12.1\nStep 8/22: Deploying\nSwitched to branch 'hotfix/task-805'\nSwitched to branch 'bugfix/task-211'\nWARNING: prettier has known vulnerabilities\nGET /status - 200 (78ms)\nInstalling jest@3.5.10\nLayer 8/15: ENV command\nWARNING: webpack has known vulnerabilities\nCache hit for key-4676\nnpm notice: created a lockfile\nCache miss for key-4301\nReady.\nPlatform: linux-x64\nStep 18/24: Building\nyarn add: Done in 23.85s\n[12:52:02] ERROR: Connection failed\n[12:52:02] INFO: Cache refreshed\n\u2713 Task completed in 827ms\nException: TypeError\nException: NullPointerException\n\u2713 Step 'install' succeeded\nStep 18/17: Linting\nException: ValueError\nTime: 45.25s\nGET /health - 201 (22ms)\nGenerating source maps...\n[12:52:02] INFO: Connecting to database\nLayer 7/10: ENV command\n[12:52:02] INFO: Processing request\nCache saved successfully\nFetching from https://googleapis.com/package.json\nCompiling lib/service.java...\nCache restored successfully (279MB)\nStep 8/21: Deploying\n\u26a0 DEPRECATION: Feature will be removed in v3.0\nReady.\nEnvironment: production\nCreating production build...\nStep 8/23: Deploying\nStep 15/20: Building\nNODE_ENV=production\nUploading artifact 'build' (12 files)\npip: Installing build dependencies...\nArtifact uploaded: dist.zip (69MB)\nFetching submodules...\nLayer 3/13: ENV command\nCompleted.\nFetching submodules...\n  PASS: test_api_health (113ms)\nCache restored successfully (442MB)\nCompiling components/index.js...\nFetching from https://github.com/package.json\n[12:52:02] DEBUG: Memory usage: 1608MB\n\u2713 All checks passed\nUsing Node.js 18.1.4\nInstalling express@1.4.3\nFetching submodules...\nWARNING: webpack has known vulnerabilities\nProcessing...\nOptimizing 27 modules...\nyarn add: Done in 24.50s\nnpm notice: created a lockfile\nCompiling src/handler.rs...\nPlatform: linux-x64\nArtifact uploaded: dist.zip (84MB)\nCache invalidated: dependencies\nArtifact uploaded: dist.zip (81MB)\nBundling styles.css\nCompleted.\nFAILED: test_api_health\nNODE_ENV=test\nProcessing...\nHEAD is now at 4902af5\n\u2713 validate completed\nRan 21 tests in 52s\nAlready up to date.\n\u26a0 DEPRECATION: Feature will be removed in v5.0\nTest Suites: 9 passed, 32 total\nOK\nFinished.\n[12:52:02] INFO: Processing request\nEnvironment: development\n[12:52:02] DEBUG: Query executed in 92ms\n  PASS: test_db_connect (249ms)\nSuccess!\nDone.\nArtifact uploaded: build.tar.gz (43MB)\n[12:52:02] WARN: Deprecated API usage\n\u26a0 DEPRECATION: Feature will be removed in v5.0\nPulling image: python:latest\n  PASS: test_api_health (96ms)\nVerifying...\nFetching from https://pypi.org/package.json\nTime: 74.187s\nCache saved successfully\nTLS handshake completed\nTests: 190 passed, 447 total\nnpm install: resolved 1621 packages\nCache saved successfully\n[12:52:02] INFO: Processing request\nNODE_ENV=test\nTime: 58.85s\nProcessing...\nCache restored successfully (326MB)\nCache hit for key-4507\npip: Installing build dependencies...\n\u26a0 DEPRECATION: Feature will be removed in v3.0\nStep 15/21: Running migrations\nCompiling utils/service.java...\nUploading artifact 'coverage' (26 files)\n[12:52:02] DEBUG: Connection pool: 18 active\nAlready up to date.\nnpm notice: package.json updated\nArtifact uploaded: dist.zip (85MB)\n\u2717 build failed with exit code 25\nStep 4/23: Linting\nAlready up to date.\nSuccess!\nStep 17/24: Building\nHEAD is now at 02bb64c\n[12:52:02] INFO: Request completed\nLayer 3/10: RUN command\n  PASS: test_auth_login (456ms)\n[12:52:02] DEBUG: Connection pool: 16 active\nFetching submodules...\npip: Installing build dependencies...\n\u26a0 DEPRECATION: Feature will be removed in v3.0\nnpm install: added 273 packages\n  PASS: unit/test_auth_login.spec.js\nMinifying app.js\nCompiling components/handler.rs...\n\u26a0 DEPRECATION: Feature will be removed in v4.0\npip: Downloading prettier-1.3.tar.gz\nUsing Node.js 16.16.0\nCache saved successfully\n[12:52:02] INFO: Processing request\nCreating production build...\nBundling styles.js\nCreating production build...\nPlatform: darwin-arm64\nCache restored successfully (415MB)\nStep 6/25: Linting\n[12:52:02] DEBUG: Initializing service\nOptimizing 21 modules...\nFetching from https://docker.io/package.json\n[12:52:02] DEBUG: Loading configuration\nPushing to registry...\npip: Downloading eslint-2.7.tar.gz\nPlatform: win32-x64\nSnapshots: 13 passed, 21 total\nPOST /upload - 201 (104ms)\nCoverage: 81% statements, 86% branches\nUsing Python 3.9\nInstalling webpack@3.18.3\nUsing Node.js 20.10.3\npip: Installing build dependencies...\nException: NullPointerException\nBuilding Docker image...\n=== Step e2e_tests completed ===\n=== Step: restore_cache ===\nRan 109 tests in 38s\nEnvironment: staging\nHEAD is now at ab3a3d0\nDone.\nWaiting...\nCompiling components/index.js...\n[12:52:02] DEBUG: Initializing service\n  PASS: test_cache_hit (4ms)\nCache invalidated: node_modules\nStep 12/21: Building\nFAILED: test_cache_hit\nLoading...\nException: NullPointerException\nCache hit for key-7185\npip: Downloading axios-2.2.tar.gz\nLayer 5/13: ENV command\nChecking out develop branch\nBuilding Docker image...\nWARNING: webpack has known vulnerabilities\nCompiling lib/app.ts...\nPlatform: darwin-arm64\nBuilding Docker image...\nHEAD is now at e008c2c\nStep 19/24: Linting\nCoverage: 87% statements, 94% branches\n[12:52:02] INFO: Cache refreshed\nArtifact uploaded: dist.zip (15MB)\n[12:52:02] INFO: Cache refreshed\nNODE_ENV=development\nCoverage: 70% statements, 88% branches\nCompleted.\nCache invalidated: build\nFetching submodules...\nLayer 10/12: ENV command\nDone.\nCreating production build...\nPOST /data - 201 (94ms)\nCompiling components/handler.rs...\nReady.\nTime: 14.608s\nCache miss for key-1835\nnpm install: added 216 packages\nCoverage: 95% statements, 76% branches\nFinished.\nCache invalidated: node_modules\nVerifying...\nLayer 7/12: COPY command\nSnapshots: 39 passed, 46 total\n\u26a0 DEPRECATION: Feature will be removed in v5.0\npip: Downloading axios-3.7.tar.gz\nLoading...\n[12:52:02] DEBUG: Memory usage: 1421MB\nOK\nArtifact downloaded: 35MB\nCompiling lib/utils.go...\n[12:52:02] INFO: Processing request\nTest Suites: 5 passed, 50 total\n  PASS: unit/test_cache_hit.spec.js\n[12:52:02] INFO: Connecting to database\n[12:52:02] INFO: Connecting to database\nMinifying app.js\nSwitched to branch 'feature/task-136'\nStep 16/17: Installing dependencies\nSwitched to branch 'bugfix/task-614'\nCompiling src/index.js...\nOptimizing 33 modules...\nGET /health - 200 (26ms)\nCompiling src/handler.rs...\nCache restored successfully (491MB)\nNODE_ENV=test\nWaiting...\nFinished.\nStep 1/20: Linting\nCache hit for key-4464\nBundling vendor.css\nGET /health - 200 (69ms)\nCompiling src/app.ts...\n[12:52:02] DEBUG: Initializing service\nStep 11/15: Building\nWARNING: express has known vulnerabilities\nCache miss for key-2090\nConnection established\n[12:52:02] INFO: Processing request\nNODE_ENV=production\nHEAD is now at 930f6ec\nBundling runtime.css\n[12:52:02] INFO: Cache refreshed\nDone.\nCompleted.\npip: Downloading axios-2.12.tar.gz\n[12:52:02] INFO: Cache refreshed\nProcessing...\n[12:52:02] ERROR: Connection failed\nCompiling utils/handler.rs...\nCompleted.\nInstalling jest@2.1.8\n[12:52:02] INFO: Processing request\npip: Installing build dependencies...\n\u2713 validate completed\nArtifact uploaded: dist.zip (73MB)\nFAILED: test_db_connect\nReady.\nTime: 27.536s\n\u26a0 DEPRECATION: Feature will be removed in v5.0\n\u2717 build failed with exit code 102\nImage pulled successfully\n[12:52:02] WARN: Deprecated API usage\n  PASS: unit/test_cache_hit.spec.js\npip: Installing build dependencies...\n[12:52:02] DEBUG: Memory usage: 187MB\nGenerating source maps...\nUsing Node.js 16.18.0\nReady.\npip: Collecting jest\nCache saved successfully\nStep 10/17: Linting\nBuilding Docker image...\n\u2713 Step 'test' succeeded\npip: Collecting express\nWaiting...\nWARNING: axios has known vulnerabilities\npip install: Successfully installed eslint-3.1\nProcessing...\nSuccess!\nGenerating source maps...\n\u2713 All checks passed\nDone.\nAlready up to date.\nGenerating source maps...\n[12:52:02] INFO: Request completed\n[12:52:02] INFO: Connecting to database\nOK\nTransforming 365 files...\nCoverage: 84% statements, 94% branches\nException: TypeError\n[12:52:02] DEBUG: Memory usage: 1717MB\n\u26a0 DEPRECATION: Feature will be removed in v5.0\nTest Suites: 42 passed, 24 total\nUsing Node.js 20.0.0\nGET /status - 201 (17ms)\n[12:52:02] INFO: Request completed\n\u26a0 DEPRECATION: Feature will be removed in v2.0\nConnection established\nCache miss for key-6699\n\u2717 build failed with exit code 118\nStep 18/15: Running migrations\nSuccess!\nNODE_ENV=development\nSuccess!\nTLS handshake completed\nReady.\nTime: 18.542s\nChecking out master branch\n[12:52:02] DEBUG: Query executed in 54ms\nSwitched to branch 'bugfix/task-593'\n[12:52:02] INFO: Request completed\npip install: Successfully installed jest-1.10\nCompiling lib/handler.rs...\n[12:52:02] INFO: Request completed\nStep 13/18: Testing\nUploading artifact 'dist' (37 files)\nSwitched to branch 'feature/task-409'\nPOST /upload - 202 (34ms)\nChecking out main branch\n  PASS: e2e/test_db_connect.spec.js\nBuilding Docker image...\nFetching submodules...\n[12:52:02] DEBUG: Query executed in 88ms\nCache hit for key-8915\nSnapshots: 23 passed, 15 total\nChecking out develop branch\n[12:52:02] INFO: Cache refreshed\nTime: 81.622s\npip: Downloading lodash-2.15.tar.gz\nMinifying main.js\nVerifying...\nGET /health - 204 (53ms)\n\u2713 Step 'install' succeeded\n\u2713 deploy completed\nCompiling lib/main.py...\nOK\nOK\nyarn add: Done in 21.58s\n\u26a0 DEPRECATION: Feature will be removed in v2.0\nEnvironment: test\nCache hit for key-4525\nFetching submodules...\nCache invalidated: dependencies\nCompiling lib/handler.rs...\n[12:52:02] INFO: Cache refreshed\nPulling image: alpine:3.11\n[12:52:02] INFO: Request completed\nNODE_ENV=development\nFetching submodules...\nUsing Node.js 15.12.10\nTime: 17.984s\nnpm notice: package.json updated\n[12:52:02] WARN: Deprecated API usage\n  PASS: unit/test_auth_login.spec.js\nTransforming 263 files...\nTime: 77.754s\nStep 9/17: Running migrations\nOptimizing 100 modules...\nnpm install: resolved 998 packages\n[12:52:02] DEBUG: Query executed in 84ms\n\u2713 All checks passed\nException: RuntimeError\nUsing Node.js 14.10.7\nFetching submodules...\nFetching from https://gcr.io/package.json\nCache hit for key-9701\nFetching from https://amazonaws.com/package.json\n[12:52:02] DEBUG: Memory usage: 771MB\nInstalling eslint@5.14.6\nTime: 63.641s\n[12:52:02] INFO: Cache refreshed\nSwitched to branch 'hotfix/task-160'\nArtifact uploaded: build.tar.gz (17MB)\nCache invalidated: node_modules\nCreating production build...\npip: Downloading lodash-4.8.tar.gz\nBundling styles.js\nEnvironment: staging\nVerifying...\nCompiling lib/index.js...\nWARNING: eslint has known vulnerabilities\nArtifact downloaded: 7MB\nConnection established\nTest Suites: 40 passed, 5 total\nNODE_ENV=test\nTLS handshake completed\nCreating production build...\nOK\nTests: 118 passed, 456 total\nProcessing...\nCompiling lib/app.ts...\nCache hit for key-5632\nVerifying...\n  PASS: test_api_health (448ms)\n[12:52:02] DEBUG: Connection pool: 11 active\nStep 19/24: Testing\nArtifact downloaded: 39MB\n\u2713 Task completed in 231ms\nStep 14/15: Running migrations\nCache hit for key-2383\npip: Installing build dependencies...\nProcessing...\n[12:52:02] INFO: Request completed\nCache invalidated: build\nCache invalidated: dependencies\n  PASS: e2e/test_user_create.spec.js\nCache hit for key-5124\nTest Suites: 39 passed, 16 total\nPOST /api - 200 (486ms)\nImage pulled successfully\nTests: 321 passed, 251 total\nSwitched to branch 'hotfix/task-103'\nnpm install: added 159 packages\nEnvironment: staging\nWARNING: react has known vulnerabilities\nPushing to registry...\nHEAD is now at bd3fb31\nWaiting...\nCompleted.\n[12:52:02] WARN: Deprecated API usage\n\u2717 build failed with exit code 23\npip install: Successfully installed webpack-4.16\nWARNING: express has known vulnerabilities\n  PASS: test_cache_hit (120ms)\nSuccess!\npip: Installing build dependencies...\nException: RuntimeError\nnpm notice: package.json updated\nImage pulled successfully\n[12:52:02] INFO: Processing request\n[12:52:02] DEBUG: Memory usage: 1456MB\nTests: 210 passed, 415 total\n\u26a0 DEPRECATION: Feature will be removed in v4.0\n\u2713 All checks passed\nReady.\n[12:52:02] WARN: Deprecated API usage\nPlatform: darwin-arm64\n[12:52:02] WARN: Deprecated API usage\nStep 2/17: Deploying\nPulling image: python:latest\nTLS handshake completed\nInstalling webpack@2.20.10\nPushing to registry...\n  PASS: integration/test_cache_hit.spec.js\n\u26a0 DEPRECATION: Feature will be removed in v3.0\nTime: 35.51s\nUsing Node.js 16.2.7\n\u26a0 DEPRECATION: Feature will be removed in v2.0\n=== Step restore_cache completed ===\n=== Step: upload_artifacts ===\nDone.\nConnection established\nException: RuntimeError\nLayer 8/15: RUN command\nUsing Node.js 18.11.9\npip install: Successfully installed lodash-4.18\nCache hit for key-9628\nAlready up to date.\nCompiling lib/handler.rs...\nImage pulled successfully\npip: Collecting express\nConnection established\nSwitched to branch 'feature/task-657'\nPlatform: win32-x64\nFinished.\n[12:52:02] WARN: Deprecated API usage\nCache miss for key-6301\n\u2713 Step 'setup' succeeded\nStep 14/17: Deploying\nStep 11/19: Deploying\nPushing to registry...\nWARNING: express has known vulnerabilities\nPlatform: win32-x64\nUploading artifact 'build' (48 files)\n\u26a0 DEPRECATION: Feature will be removed in v5.0\nCache hit for key-9552\nUploading artifact 'coverage' (50 files)\nMinifying main.js\n[12:52:02] INFO: Connecting to database\nUsing Node.js 14.8.6\n[12:52:02] INFO: Cache refreshed\nPlatform: linux-x64\n[12:52:02] INFO: Connecting to database\nConnection established\nUsing Python 3.10\n\u2713 Step 'setup' succeeded\nRan 123 tests in 32s\nStep 4/17: Testing\nCompleted.\n\u2713 All checks passed\nPlatform: linux-x64\nFetching from https://docker.io/package.json\npip: Collecting prettier\nyarn add: Done in 2.97s\nCache saved successfully\nWARNING: lodash has known vulnerabilities\nSnapshots: 6 passed, 2 total\nHEAD is now at 62e7410\n  PASS: integration/test_user_create.spec.js\nEnvironment: development\nOK\nnpm install: added 218 packages\nDone.\nCompiling src/utils.go...\nTests: 186 passed, 315 total\nGET /health - 201 (57ms)\n[12:52:02] INFO: Cache refreshed\nStep 16/25: Deploying\nWARNING: react has known vulnerabilities\n\u26a0 DEPRECATION: Feature will be removed in v3.0\nStep 14/19: Linting\nConnection established\nCreating production build...\nPushing to registry...\nCompiling components/main.py...\nCompleted.\nArtifact uploaded: build.tar.gz (5MB)\nNODE_ENV=production\nFAILED: test_api_health\nBundling vendor.css\nStep 5/17: Running migrations\n  PASS: unit/test_auth_login.spec.js\nSuccess!\n[12:52:02] WARN: Deprecated API usage\nWARNING: jest has known vulnerabilities\nUsing Python 3.10\nWaiting...\nGET /health - 201 (58ms)\n[12:52:02] INFO: Cache refreshed\n\u26a0 DEPRECATION: Feature will be removed in v4.0\n[12:52:02] INFO: Starting build process\nCompiling src/index.js...\nUsing Python 3.12\nPulling image: python:latest\nWARNING: eslint has known vulnerabilities\nPOST /api - 200 (463ms)\nBuilding Docker image...\nPOST /api - 201 (201ms)\n\u2713 All checks passed\nGET /api - 200 (84ms)\nCompiling components/app.ts...\n\u2713 Step 'install' succeeded\nTime: 44.476s\nSuccess!\nWaiting...\nStep 5/15: Linting\nGET /api - 201 (59ms)\nCompiling lib/app.ts...\nCompleted.\nWARNING: eslint has known vulnerabilities\n  PASS: test_cache_hit (309ms)\nArtifact uploaded: build.tar.gz (7MB)\nStep 11/16: Installing dependencies\n  PASS: test_user_create (258ms)\n  PASS: e2e/test_api_health.spec.js\nStep 14/25: Building\n\u2713 All checks passed\nFetching from https://githubusercontent.com/package.json\nArtifact uploaded: build.tar.gz (43MB)\nReady.\nCoverage: 71% statements, 83% branches\nCompiling components/service.java...\nCache hit for key-6219\n\u2713 deploy completed\nProcessing...\nStep 19/22: Building\n[12:52:02] DEBUG: Query executed in 1ms\nCache invalidated: node_modules\nyarn add: Done in 8.3s\nStep 16/15: Deploying\npip: Installing build dependencies...\nSnapshots: 5 passed, 46 total\nCache hit for key-3034\n[12:52:02] INFO: Cache refreshed\nStep 16/24: Linting\nVerifying...\nCoverage: 74% statements, 78% branches\nSwitched to branch 'hotfix/task-404'\nGET /status - 200 (25ms)\nCompiling lib/service.java...\nReady.\n\u2717 build failed with exit code 88\nOK\npip install: Successfully installed express-3.17\n[12:52:02] DEBUG: Loading configuration\nStep 12/21: Running migrations\nCache restored successfully (438MB)\nUploading artifact 'build' (37 files)\npip install: Successfully installed lodash-4.8\n[12:52:02] DEBUG: Query executed in 83ms\nStep 14/20: Testing\nImage pulled successfully\nCache saved successfully\nFetching submodules...\nCache miss for key-2208\n\u2713 package completed\nFinished.\nCache invalidated: dependencies\nWaiting...\n[12:52:02] WARN: Deprecated API usage\nnpm install: resolved 1216 packages\nUploading artifact 'dist' (48 files)\nFetching submodules...\nProcessing...\nReady.\npip install: Successfully installed axios-2.1\nGET /status - 201 (80ms)\n\u2713 lint completed\npip: Installing build dependencies...\npip: Downloading lodash-4.19.tar.gz\n[12:52:02] DEBUG: Initializing service\nTime: 82.941s\nStep 6/18: Building\n[12:52:02] INFO: Request completed\nPulling image: alpine:latest\nLoading...\nLoading...\nCompiling components/service.java...\nVerifying...\nWARNING: jest has known vulnerabilities\nPushing to registry...\n\u26a0 DEPRECATION: Feature will be removed in v4.0\nCompiling utils/index.js...\nImage pulled successfully\nGenerating source maps...\nChecking out main branch\nyarn add: Done in 2.7s\npip install: Successfully installed react-3.4\nTest Suites: 32 passed, 39 total\nCache restored successfully (184MB)\nPulling image: node:18\nTransforming 228 files...\nAlready up to date.\nCache restored successfully (452MB)\nSwitched to branch 'hotfix/task-511'\nRan 32 tests in 7s\nRan 46 tests in 39s\n[12:52:02] DEBUG: Connection pool: 20 active\nNODE_ENV=production\nUploading artifact 'coverage' (3 files)\nLoading...\nSnapshots: 0 passed, 13 total\nGET /api - 201 (95ms)\n\u2713 build completed\n[12:52:02] INFO: Cache refreshed\nOK\nnpm install: resolved 575 packages\nCache restored successfully (167MB)\nnpm install: added 437 packages\nStep 20/17: Linting\n[12:52:02] ERROR: Connection failed\nArtifact uploaded: dist.zip (64MB)\nCache invalidated: build\nFetching submodules...\nStep 15/22: Building\nLayer 10/8: ENV command\nAlready up to date.\nHEAD is now at 8f08afd\nPlatform: darwin-arm64\nCache invalidated: node_modules\nAlready up to date.\nNODE_ENV=test\nStep 10/15: Running migrations\nException: ValueError\nNODE_ENV=production\nOK\n[12:52:02] WARN: Deprecated API usage\nCreating production build...\nPOST /upload - 200 (121ms)\nFetching submodules...\nCompiling lib/utils.go...\nPOST /data - 202 (240ms)\nPOST /api - 201 (486ms)\n\u2713 build completed\nSwitched to branch 'hotfix/task-166'\nStep 15/22: Building\n\u26a0 DEPRECATION: Feature will be removed in v4.0\n[12:52:02] INFO: Cache refreshed\nCompiling src/service.java...\nMinifying main.js\nGenerating source maps...\nGET /api - 204 (81ms)\nBundling vendor.css\nStep 19/23: Linting\nGenerating source maps...\n\u2713 Task completed in 2204ms\nTLS handshake completed\n[12:52:02] INFO: Connecting to database\n[12:52:02] INFO: Cache refreshed\nnpm notice: package.json updated\nBundling runtime.js\nCompiling components/app.ts...\n\u2713 All checks passed\nStep 5/18: Installing dependencies\nCompiling src/app.ts...\nCache hit for key-5426\nTLS handshake completed\n\u26a0 DEPRECATION: Feature will be removed in v2.0\nArtifact downloaded: 34MB\nLayer 4/14: COPY command\npip install: Successfully installed axios-3.17\n[12:52:02] DEBUG: Loading configuration\n\u26a0 DEPRECATION: Feature will be removed in v2.0\nPOST /api - 201 (419ms)\nNODE_ENV=development\nnpm notice: package.json updated\nException: TypeError\nnpm install: added 142 packages\nArtifact downloaded: 11MB\nRan 94 tests in 8s\nCache saved successfully\n[12:52:02] DEBUG: Loading configuration\nReady.\npip: Downloading express-4.9.tar.gz\nCoverage: 77% statements, 81% branches\nInstalling prettier@1.12.2\nChecking out develop branch\nInstalling react@1.20.7\nGET /api - 204 (85ms)\nChecking out develop branch\n\u26a0 DEPRECATION: Feature will be removed in v4.0\nStep 10/23: Running migrations\npip: Collecting eslint\n  PASS: test_auth_login (279ms)\nCache invalidated: dependencies\n[12:52:02] INFO: Starting build process\nCoverage: 89% statements, 95% branches\nEnvironment: development\nLayer 7/10: ENV command\nnpm notice: package.json updated\nChecking out main branch\nOptimizing 24 modules...\nnpm install: resolved 374 packages\n  PASS: integration/test_user_create.spec.js\nAlready up to date.\nBundling styles.js\n\u26a0 DEPRECATION: Feature will be removed in v2.0\nWARNING: lodash has known vulnerabilities\nMinifying main.js\nCoverage: 100% statements, 69% branches\nProcessing...\n[12:52:02] WARN: Deprecated API usage\n[12:52:02] DEBUG: Query executed in 77ms\n=== Step upload_artifacts completed ===\n=== Step: setup_environment ===\nLoading...\npip: Downloading express-3.0.tar.gz\nnpm notice: created a lockfile\nWARNING: jest has known vulnerabilities\nNODE_ENV=production\nCreating production build...\nPOST /upload - 201 (101ms)\nnpm notice: created a lockfile\npip install: Successfully installed eslint-5.15\nWARNING: axios has known vulnerabilities\nnpm install: added 27 packages\nPulling image: alpine:latest\nUsing Node.js 18.2.8\nDone.\nyarn add: Done in 3.90s\nReady.\n[12:52:02] INFO: Connecting to database\nReady.\nnpm install: added 150 packages\nBundling runtime.js\nArtifact uploaded: dist.zip (27MB)\nBundling vendor.js\n[12:52:02] INFO: Starting build process\nTime: 55.816s\nCompiling lib/main.py...\nnpm notice: package.json updated\nPOST /api - 200 (401ms)\nCompiling components/index.js...\nCoverage: 96% statements, 60% branches\nCoverage: 79% statements, 79% branches\n[12:52:02] DEBUG: Query executed in 8ms\nCompiling lib/app.ts...\nSwitched to branch 'bugfix/task-451'\n[12:52:02] DEBUG: Loading configuration\nyarn add: Done in 12.83s\nCompiling src/handler.rs...\nnpm install: resolved 870 packages\nAlready up to date.\n  PASS: unit/test_cache_hit.spec.js\nSuccess!\nPushing to registry...\nFinished.\nnpm notice: package.json updated\nException: TypeError\nnpm notice: created a lockfile\nHEAD is now at 035b7ef\nnpm install: resolved 835 packages\nTransforming 690 files...\npip install: Successfully installed jest-2.9\nWaiting...\nVerifying...\n\u2713 Step 'install' succeeded\nVerifying...\nOptimizing 77 modules...\nProcessing...\n\u2713 validate completed\nCompiling src/app.ts...\nPulling image: python:3.11\nCache saved successfully\nCache miss for key-7523\nCache miss for key-6274\nMinifying main.js\nUsing Python 3.10\nGET /health - 200 (83ms)\nTest Suites: 44 passed, 9 total\n\u26a0 DEPRECATION: Feature will be removed in v4.0\nImage pulled successfully\nUploading artifact 'build' (49 files)\n\u2713 validate completed\n[12:52:02] DEBUG: Initializing service\nUsing Python 3.12\nCompiling lib/handler.rs...\n[12:52:02] DEBUG: Query executed in 57ms\nImage pulled successfully\n  PASS: test_api_health (214ms)\n[12:52:02] ERROR: Connection failed\n  PASS: test_auth_login (83ms)\nCreating production build...\nWaiting...\nCache saved successfully\nSnapshots: 24 passed, 42 total\nArtifact downloaded: 7MB\nReady.\nBuilding Docker image...\nCoverage: 72% statements, 75% branches\nTLS handshake completed\nStep 13/24: Testing\n[12:52:02] INFO: Cache refreshed\nFinished.\nPushing to registry...\nHEAD is now at fdd2510\nStep 14/18: Installing dependencies\nReady.\n[12:52:02] DEBUG: Initializing service\nCache miss for key-1004\nnpm notice: created a lockfile\nCoverage: 92% statements, 71% branches\nArtifact downloaded: 1MB\n[12:52:02] ERROR: Connection failed\nArtifact downloaded: 28MB\nStep 12/16: Deploying\nNODE_ENV=test\nBundling vendor.js\n\u2713 Step 'install' succeeded\nLayer 3/9: COPY command\nDone.\nUsing Python 3.9\nOK\nVerifying...\nDone.\npip: Downloading jest-5.11.tar.gz\npip install: Successfully installed jest-2.10\n[12:52:02] DEBUG: Connection pool: 12 active\nChecking out main branch\nnpm notice: created a lockfile\nStep 11/21: Installing dependencies\n  PASS: e2e/test_cache_hit.spec.js\nStep 2/25: Running migrations\nTest Suites: 31 passed, 37 total\npip: Downloading jest-3.0.tar.gz\nnpm notice: package.json updated\nStep 16/15: Testing\nImage pulled successfully\n[12:52:02] WARN: Deprecated API usage\nArtifact downloaded: 49MB\nGET /api - 200 (69ms)\nProcessing...\nCache restored successfully (415MB)\nFinished.\nDone.\nyarn add: Done in 26.83s\npip: Downloading express-4.14.tar.gz\nCompleted.\nPushing to registry...\nConnection established\nProcessing...\nCreating production build...\n[12:52:02] INFO: Cache refreshed\nUsing Node.js 19.5.10\nWARNING: prettier has known vulnerabilities\npip: Collecting react\nStep 7/22: Linting\n\u2713 All checks passed\nPOST /api - 201 (177ms)\nFAILED: test_db_connect\nTransforming 392 files...\n[12:52:02] DEBUG: Loading configuration\nArtifact uploaded: build.tar.gz (16MB)\nVerifying...\nSwitched to branch 'hotfix/task-768'\nnpm notice: created a lockfile\nEnvironment: test\npip install: Successfully installed react-4.0\nConnection established\nCompleted.\nWARNING: eslint has known vulnerabilities\nCoverage: 96% statements, 65% branches\nUsing Python 3.12\nException: RuntimeError\nWARNING: lodash has known vulnerabilities\nPushing to registry...\nCache saved successfully\nUploading artifact 'dist' (19 files)\n\u26a0 DEPRECATION: Feature will be removed in v4.0\nMinifying vendor.js\n\u2717 build failed with exit code 68\nException: NullPointerException\nArtifact uploaded: dist.zip (70MB)\nWaiting...\n\u2717 build failed with exit code 75\npip: Downloading eslint-5.8.tar.gz\nStep 20/17: Testing\nPOST /upload - 201 (129ms)\nArtifact uploaded: build.tar.gz (3MB)\nArtifact uploaded: build.tar.gz (22MB)\npip: Downloading eslint-3.0.tar.gz\nFinished.\n[12:52:02] DEBUG: Memory usage: 638MB\nImage pulled successfully\nAlready up to date.\nEnvironment: production\nMinifying vendor.js\nCreating production build...\nProcessing...\nSnapshots: 27 passed, 0 total\nUsing Python 3.9\nCache miss for key-7566\nHEAD is now at da6800d\nStep 13/21: Deploying\nGET /health - 204 (35ms)\n\u2713 Step 'test' succeeded\nnpm install: added 89 packages\nImage pulled successfully\n[12:52:02] INFO: Connecting to database\nUsing Python 3.9\nStep 12/19: Linting\nCompiling src/handler.rs...\n[12:52:02] WARN: Deprecated API usage\n[12:52:02] INFO: Request completed\nProcessing...\nLayer 5/12: RUN command\nUsing Python 3.9\nTLS handshake completed\nPlatform: darwin-arm64\nStep 1/17: Running migrations\n[12:52:02] WARN: Deprecated API usage\nRan 92 tests in 55s\nWaiting...\n[12:52:02] DEBUG: Loading configuration\nPushing to registry...\n\u2713 Task completed in 773ms\nOptimizing 74 modules...\nArtifact uploaded: build.tar.gz (47MB)\nWARNING: express has known vulnerabilities\nCreating production build...\nProcessing...\nPlatform: linux-x64\n[12:52:02] INFO: Starting build process\nCache hit for key-1868\nNODE_ENV=development\n  PASS: test_auth_login (249ms)\nnpm install: resolved 1789 packages\nTransforming 403 files...\nTests: 409 passed, 318 total\nGET /api - 200 (59ms)\nReady.\nPOST /api - 201 (89ms)\nLayer 2/12: ENV command\nGenerating source maps...\nSwitched to branch 'bugfix/task-244'\nDone.\n[12:52:02] INFO: Processing request\n[12:52:02] WARN: Deprecated API usage\npip: Installing build dependencies...\n\u2713 package completed\nCache hit for key-2297\nArtifact uploaded: dist.zip (46MB)\nTests: 179 passed, 416 total\nCoverage: 79% statements, 97% branches\n[12:52:02] DEBUG: Query executed in 64ms\nFetching submodules...\nBundling styles.js\n[12:52:02] WARN: Deprecated API usage\nLoading...\nCache restored successfully (225MB)\nUploading artifact 'dist' (2 files)\nStep 13/19: Installing dependencies\nnpm notice: package.json updated\npip: Downloading axios-2.15.tar.gz\npip: Collecting eslint\n[12:52:02] INFO: Cache refreshed\n\u2713 validate completed\n[12:52:02] WARN: Deprecated API usage\nSuccess!\nWARNING: lodash has known vulnerabilities\nOptimizing 84 modules...\nUsing Python 3.11\npip install: Successfully installed prettier-5.2\nVerifying...\nAlready up to date.\nTransforming 601 files...\nProcessing...\nWARNING: eslint has known vulnerabilities\nOptimizing 92 modules...\nSnapshots: 32 passed, 5 total\nCompiling utils/app.ts...\nCompiling components/app.ts...\nConnection established\nOK\nnpm install: resolved 247 packages\nNODE_ENV=development\nCompiling lib/handler.rs...\n\u26a0 DEPRECATION: Feature will be removed in v5.0\nGenerating source maps...\n[12:52:02] INFO: Request completed\nCache saved successfully\nTest Suites: 27 passed, 18 total\nCache invalidated: node_modules\nFetching submodules...\nBundling vendor.js\nCache restored successfully (39MB)\nStep 7/20: Building\nFetching submodules...\nDone.\n[12:52:02] DEBUG: Connection pool: 20 active\nFinished.\nPlatform: linux-x64\nRan 106 tests in 32s\n\u26a0 DEPRECATION: Feature will be removed in v3.0\nProcessing...\nImage pulled successfully\nMinifying vendor.js\nPushing to registry...\n=== Step setup_environment completed ===\n=== Step: build ===\nStep 16/17: Running migrations\nFinished.\nSuccess!\nnpm install: resolved 1636 packages\nCache invalidated: build\n  PASS: unit/test_cache_hit.spec.js\nArtifact uploaded: dist.zip (4MB)\nnpm install: added 469 packages\nPlatform: darwin-arm64\nyarn add: Done in 19.88s\nLayer 8/15: ENV command\nTransforming 134 files...\n  PASS: test_db_connect (276ms)\npip: Installing build dependencies...\nCompiling src/app.ts...\nMinifying main.js\nyarn add: Done in 3.19s\nCompiling utils/index.js...\nCache restored successfully (335MB)\nUsing Node.js 14.17.3\nConnection established\nHEAD is now at 088a089\n[12:52:02] DEBUG: Initializing service\nFetching submodules...\nConnection established\n  PASS: test_user_create (394ms)\nStep 1/23: Testing\nFetching submodules...\n\u26a0 DEPRECATION: Feature will be removed in v5.0\nCompiling components/utils.go...\nLayer 2/13: ENV command\nBuilding Docker image...\nCache saved successfully\nStep 8/16: Installing dependencies\nCompleted.\n[12:52:02] INFO: Cache refreshed\nArtifact uploaded: build.tar.gz (28MB)\nCompiling src/index.js...\nPOST /upload - 201 (107ms)\nDone.\nBuilding Docker image...\nnpm install: added 437 packages\nCache invalidated: node_modules\nCompiling utils/app.ts...\nMinifying app.js\nVerifying...\n[12:52:02] WARN: Deprecated API usage\n\u2713 All checks passed\n\u2717 build failed with exit code 2\nCache hit for key-5568\nProcessing...\nPOST /data - 202 (77ms)\nStep 16/17: Installing dependencies\n\u2713 lint completed\nStep 20/21: Building\n\u26a0 DEPRECATION: Feature will be removed in v3.0\nCoverage: 92% statements, 60% branches\nCache restored successfully (115MB)\nTime: 118.424s\nStep 17/25: Testing\nnpm notice: created a lockfile\nCompiling utils/app.ts...\nStep 10/16: Installing dependencies\npip: Collecting prettier\nProcessing...\n\u2713 Step 'checkout' succeeded\nWARNING: react has known vulnerabilities\nBuilding Docker image...\npip: Collecting eslint\n[12:52:02] DEBUG: Initializing service\nCache invalidated: build\nTLS handshake completed\nRan 187 tests in 35s\nCache hit for key-6771\n[12:52:02] DEBUG: Memory usage: 1599MB\nEnvironment: staging\nFetching from https://githubusercontent.com/package.json\nLayer 3/9: RUN command\nOK\nFetching submodules...\nWARNING: express has known vulnerabilities\nReady.\nRan 190 tests in 55s\nRan 183 tests in 55s\n[12:52:02] INFO: Processing request\nTLS handshake completed\nPulling image: node:latest\n[12:52:02] DEBUG: Memory usage: 1230MB\n[12:52:02] INFO: Cache refreshed\nRan 48 tests in 10s\n[12:52:02] INFO: Request completed\nCache saved successfully\nStep 8/22: Installing dependencies\nCache restored successfully (411MB)\nFetching submodules...\n[12:52:02] DEBUG: Loading configuration\nCache saved successfully\nWaiting...\nStep 14/24: Testing\nProcessing...\nTLS handshake completed\nReady.\nDone.\nDone.\nPulling image: node:latest\nCreating production build...\n[12:52:02] INFO: Processing request\nWaiting...\nTest Suites: 36 passed, 46 total\nStep 5/23: Running migrations\nPOST /upload - 200 (463ms)\n[12:52:02] INFO: Connecting to database\nCoverage: 87% statements, 99% branches\nHEAD is now at 8767823\n[12:52:02] DEBUG: Memory usage: 1049MB\nCreating production build...\nUploading artifact 'dist' (23 files)\nTransforming 681 files...\nCache miss for key-4457\nUsing Node.js 15.19.2\nPulling image: node:3.11\npip: Collecting prettier\nStep 11/17: Deploying\nGET /health - 204 (36ms)\nNODE_ENV=development\nCoverage: 88% statements, 79% branches\n[12:52:02] INFO: Starting build process\nFinished.\n[12:52:02] INFO: Request completed\n[12:52:02] DEBUG: Initializing service\n[12:52:02] DEBUG: Loading configuration\npip install: Successfully installed react-2.13\n[12:52:02] DEBUG: Query executed in 68ms\nDone.\nGET /api - 201 (97ms)\n\u2713 All checks passed\nTime: 58.9s\n[12:52:02] DEBUG: Initializing service\n[12:52:02] DEBUG: Connection pool: 6 active\nBundling vendor.css\npip install: Successfully installed express-3.3\nGenerating source maps...\nArtifact uploaded: build.tar.gz (47MB)\nSwitched to branch 'bugfix/task-540'\n\u26a0 DEPRECATION: Feature will be removed in v2.0\nArtifact uploaded: dist.zip (100MB)\nStep 1/23: Building\n[12:52:02] DEBUG: Query executed in 2ms\n  PASS: test_user_create (489ms)\n\u2713 test completed\n[12:52:02] DEBUG: Connection pool: 17 active\nOptimizing 59 modules...\nNODE_ENV=test\nWARNING: prettier has known vulnerabilities\nOK\npip install: Successfully installed eslint-3.18\nReady.\nStep 11/24: Testing\nSnapshots: 11 passed, 8 total\nStep 19/24: Deploying\npip: Collecting webpack\nReady.\nUsing Node.js 16.18.6\nCompiling utils/utils.go...\nLoading...\n[12:52:02] DEBUG: Initializing service\nOptimizing 81 modules...\nPOST /data - 201 (45ms)\nCompleted.\nStep 5/23: Testing\n  PASS: test_cache_hit (171ms)\nFetching submodules...\nSwitched to branch 'bugfix/task-570'\nDone.\nBundling vendor.js\nCreating production build...\nyarn add: Done in 13.63s\nUsing Node.js 16.1.9\nPushing to registry...\n[12:52:02] DEBUG: Memory usage: 1392MB\nnpm notice: created a lockfile\nCreating production build...\n[12:52:02] DEBUG: Memory usage: 741MB\nGET /health - 204 (98ms)\nWARNING: axios has known vulnerabilities\nFetching from https://registry.npmjs.org/package.json\nStep 15/20: Testing\n[12:52:02] ERROR: Connection failed\n\u2713 package completed\n[12:52:02] WARN: Deprecated API usage\nSwitched to branch 'hotfix/task-309'\nLoading...\nLoading...\nnpm notice: created a lockfile\nRan 179 tests in 10s\nAlready up to date.\nFinished.\nCreating production build...\nCompiling components/utils.go...\n\u2713 All checks passed\nCompleted.\nRan 186 tests in 11s\nStep 18/24: Installing dependencies\nStep 15/24: Building\nHEAD is now at dd1fd57\nCache invalidated: dependencies\nVerifying...\nImage pulled successfully\nCache hit for key-4512\nWaiting...\nCache saved successfully\nWARNING: lodash has known vulnerabilities\nCompiling utils/index.js...\nCompiling components/app.ts...\nSwitched to branch 'bugfix/task-235'\nRan 83 tests in 31s\n  PASS: test_user_create (202ms)\nHEAD is now at b2ce93a\n\u2713 All checks passed\nCache saved successfully\nCompiling lib/index.js...\nCoverage: 93% statements, 64% branches\nFAILED: test_user_create\nFAILED: test_api_health\n[12:52:02] INFO: Cache refreshed\nCompiling components/app.ts...\nUsing Node.js 15.15.6\nWaiting...\nLayer 2/10: COPY command\nSnapshots: 14 passed, 5 total\nDone.\nSwitched to branch 'hotfix/task-371'\nCache miss for key-8085\nSnapshots: 43 passed, 28 total\n[12:52:02] INFO: Starting build process\nStep 16/21: Deploying\nTests: 115 passed, 105 total\n[12:52:02] DEBUG: Connection pool: 9 active\n[12:52:02] INFO: Starting build process\nUploading artifact 'build' (26 files)\n[12:52:02] DEBUG: Query executed in 70ms\nStep 17/22: Testing\nArtifact downloaded: 48MB\nArtifact uploaded: dist.zip (69MB)\nCoverage: 76% statements, 63% branches\nVerifying...\nTest Suites: 30 passed, 30 total\nException: ValueError\n[12:52:02] DEBUG: Memory usage: 1434MB\n  PASS: integration/test_user_create.spec.js\nChecking out develop branch\n\u2717 build failed with exit code 91\nReady.\nArtifact downloaded: 33MB\nCache hit for key-5929\nCache invalidated: dependencies\nTime: 4.544s\nStep 7/23: Testing\n[12:52:02] INFO: Request completed\nnpm install: added 214 packages\nUploading artifact 'coverage' (22 files)\n[12:52:02] DEBUG: Query executed in 66ms\nMinifying app.js\nStep 16/22: Deploying\nCompiling lib/service.java...\n[12:52:02] INFO: Starting build process\n[12:52:02] INFO: Starting build process\n[12:52:02] ERROR: Connection failed\nSnapshots: 17 passed, 2 total\nCache saved successfully\nCache restored successfully (275MB)\nSwitched to branch 'hotfix/task-687'\nGET /api - 204 (9ms)\nCompiling src/index.js...\nLoading...\nnpm notice: created a lockfile\nCache hit for key-7909\nBuilding Docker image...\n[12:52:02] DEBUG: Connection pool: 14 active\nStep 10/20: Testing\nStep 12/23: Deploying\n[12:52:02] INFO: Connecting to database\nnpm install: resolved 534 packages\n[12:52:02] DEBUG: Memory usage: 1334MB\nCache miss for key-4091\nCache invalidated: node_modules\nUploading artifact 'dist' (27 files)\n[12:52:02] WARN: Deprecated API usage\nCache hit for key-5232\nCompiling components/main.py...\nCompiling components/service.java...\nPushing to registry...\nCache restored successfully (368MB)\n=== Step build completed ===\n=== Step: deploy_production ===\nCache restored successfully (248MB)\nWaiting...\n\u2717 build failed with exit code 54\nnpm notice: package.json updated\npip: Downloading prettier-3.7.tar.gz\nSnapshots: 5 passed, 14 total\nHEAD is now at c68a99b\n[12:52:02] INFO: Connecting to database\nCompleted.\n\u2713 Step 'build' succeeded\nAlready up to date.\n[12:52:02] INFO: Request completed\nWARNING: lodash has known vulnerabilities\nVerifying...\nTLS handshake completed\n[12:52:02] INFO: Request completed\nTime: 93.34s\n\u2713 Step 'setup' succeeded\nCache hit for key-7997\nGET /status - 201 (25ms)\npip install: Successfully installed jest-1.19\nEnvironment: staging\nCompiling utils/handler.rs...\n\u2713 Step 'install' succeeded\npip: Installing build dependencies...\n  PASS: test_auth_login (203ms)\n\u2713 Task completed in 3554ms\nException: RuntimeError\nCompiling components/service.java...\nnpm notice: package.json updated\nCache invalidated: build\nnpm install: resolved 594 packages\n[12:52:02] WARN: Deprecated API usage\npip install: Successfully installed react-1.15\nStep 8/16: Linting\nCache hit for key-1138\n\u2717 build failed with exit code 83\nUsing Python 3.9\nEnvironment: development\nSuccess!\n\u26a0 DEPRECATION: Feature will be removed in v5.0\nCache invalidated: dependencies\nProcessing...\n[12:52:02] DEBUG: Loading configuration\n\u26a0 DEPRECATION: Feature will be removed in v3.0\npip: Collecting webpack\nDone.\nUsing Python 3.10\nCreating production build...\nStep 10/16: Installing dependencies\n\u2713 lint completed\nAlready up to date.\npip install: Successfully installed webpack-2.19\nLayer 7/9: RUN command\nArtifact uploaded: dist.zip (88MB)\nTime: 31.866s\nFinished.\nArtifact uploaded: dist.zip (73MB)\nLayer 2/9: COPY command\n[12:52:02] ERROR: Connection failed\nTime: 38.854s\nBuilding Docker image...\nVerifying...\nDone.\nArtifact downloaded: 2MB\nCache hit for key-5635\n[12:52:02] DEBUG: Memory usage: 1715MB\nnpm install: added 444 packages\n[12:52:02] INFO: Processing request\nFetching submodules...\n[12:52:02] DEBUG: Initializing service\nFinished.\nDone.\n[12:52:02] DEBUG: Loading configuration\n  PASS: test_api_health (50ms)\nTransforming 697 files...\nStep 3/21: Testing\nWARNING: jest has known vulnerabilities\nTransforming 179 files...\nOK\nPulling image: python:3.11\nProcessing...\nTransforming 788 files...\nStep 1/25: Deploying\nWARNING: axios has known vulnerabilities\nWARNING: express has known vulnerabilities\nFAILED: test_auth_login\npip: Collecting axios\nArtifact uploaded: dist.zip (2MB)\nnpm install: added 408 packages\n[12:52:02] DEBUG: Memory usage: 1576MB\nTime: 8.765s\nFAILED: test_cache_hit\n[12:52:02] DEBUG: Initializing service\nWaiting...\nTests: 234 passed, 472 total\nBundling styles.js\nConnection established\nStep 7/19: Installing dependencies\nUsing Node.js 19.14.7\nStep 5/16: Linting\nConnection established\nPulling image: alpine:latest\n[12:52:02] DEBUG: Initializing service\n\u2713 All checks passed\nUploading artifact 'build' (43 files)\nTLS handshake completed\nLayer 2/11: COPY command\nStep 17/18: Installing dependencies\nnpm install: resolved 172 packages\nException: ValueError\nStep 1/15: Running migrations\nEnvironment: production\nPulling image: node:18\nStep 2/24: Building\n[12:52:02] WARN: Deprecated API usage\nWARNING: eslint has known vulnerabilities\n[12:52:02] DEBUG: Memory usage: 946MB\nInstalling prettier@4.13.3\nStep 8/15: Linting\n[12:52:02] WARN: Deprecated API usage\nAlready up to date.\n[12:52:02] ERROR: Connection failed\nProcessing...\nHEAD is now at ab14b48\nDone.\n[12:52:02] DEBUG: Initializing service\nNODE_ENV=production\n  PASS: test_user_create (475ms)\nCache hit for key-5183\nUsing Python 3.10\n\u2713 Step 'install' succeeded\nStep 11/18: Deploying\nCompiling src/utils.go...\nArtifact uploaded: dist.zip (67MB)\n\u2713 Step 'build' succeeded\nyarn add: Done in 8.28s\nWARNING: react has known vulnerabilities\nCompiling components/utils.go...\n\u26a0 DEPRECATION: Feature will be removed in v5.0\nNODE_ENV=production\nWARNING: express has known vulnerabilities\nUsing Node.js 16.20.9\nStep 12/20: Running migrations\nLoading...\nnpm install: resolved 688 packages\n\u26a0 DEPRECATION: Feature will be removed in v4.0\nOptimizing 83 modules...\n[12:52:02] INFO: Connecting to database\n[12:52:02] ERROR: Connection failed\nStep 2/20: Installing dependencies\nGET /status - 200 (94ms)\nTime: 46.505s\n[12:52:02] DEBUG: Connection pool: 9 active\nInstalling jest@1.20.7\nLayer 10/14: RUN command\nFetching submodules...\nAlready up to date.\nInstalling jest@1.5.10\nCompiling src/handler.rs...\nReady.\nTLS handshake completed\n\u2713 All checks passed\nPulling image: alpine:18\nStep 14/21: Installing dependencies\nTests: 425 passed, 406 total\n\u2713 package completed\nInstalling prettier@3.8.7\n[12:52:02] INFO: Starting build process\nGET /api - 200 (34ms)\npip install: Successfully installed lodash-4.4\nCache saved successfully\nProcessing...\n[12:52:02] DEBUG: Memory usage: 1853MB\nUsing Python 3.9\npip: Downloading webpack-4.19.tar.gz\nCompleted.\npip: Downloading express-5.17.tar.gz\nStep 8/15: Building\nArtifact downloaded: 50MB\nCompiling lib/service.java...\nFinished.\nFetching submodules...\nCache restored successfully (18MB)\nArtifact uploaded: build.tar.gz (23MB)\nTests: 223 passed, 296 total\nCompiling components/app.ts...\n[12:52:02] INFO: Starting build process\nFAILED: test_cache_hit\n[12:52:02] INFO: Request completed\nUsing Node.js 18.14.9\nLoading...\n\u2713 test completed\n\u26a0 DEPRECATION: Feature will be removed in v2.0\nCreating production build...\nOK\nOptimizing 84 modules...\nUsing Python 3.11\nTest Suites: 14 passed, 22 total\npip: Downloading react-2.17.tar.gz\n\u2713 All checks passed\nCompleted.\nPushing to registry...\n\u2713 Task completed in 3549ms\nHEAD is now at db8d3b4\nTLS handshake completed\nCache saved successfully\nAlready up to date.\nPushing to registry...\nStep 3/25: Running migrations\n  PASS: e2e/test_cache_hit.spec.js\nDone.\n\u2713 Step 'build' succeeded\nMinifying app.js\nUploading artifact 'coverage' (14 files)\n\u2717 build failed with exit code 7\nMinifying main.js\n[12:52:02] DEBUG: Connection pool: 18 active\nDone.\nStep 1/19: Linting\nOK\npip: Installing build dependencies...\nLoading...\n\u2713 test completed\n[12:52:02] INFO: Connecting to database\nCoverage: 82% statements, 79% branches\n\u2717 build failed with exit code 57\n[12:52:02] DEBUG: Memory usage: 134MB\n\u2713 Step 'build' succeeded\n  PASS: unit/test_db_connect.spec.js\nCache invalidated: dependencies\nStep 3/24: Linting\n\u2713 Step 'setup' succeeded\nSuccess!\nFAILED: test_auth_login\npip: Installing build dependencies...\n\u2713 test completed\nLayer 9/12: ENV command\n\u26a0 DEPRECATION: Feature will be removed in v3.0\nInstalling prettier@1.8.7\npip install: Successfully installed jest-3.2\n[12:52:02] WARN: Deprecated API usage\nUploading artifact 'build' (21 files)\nPlatform: win32-x64\n[12:52:02] WARN: Deprecated API usage\n[12:52:02] INFO: Request completed\nVerifying...\nNODE_ENV=production\nGenerating source maps...\nUsing Python 3.9\n[12:52:02] WARN: Deprecated API usage\nCompiling src/main.py...\nSwitched to branch 'hotfix/task-656'\nnpm notice: created a lockfile\nBundling styles.js\nSuccess!\nnpm notice: package.json updated\nWaiting...\nBundling main.js\npip: Collecting eslint\nnpm install: resolved 1905 packages\nStep 6/22: Running migrations\npip: Collecting react\n\u2713 All checks passed\nWARNING: prettier has known vulnerabilities\nCache restored successfully (445MB)\nTest Suites: 40 passed, 13 total\nBuilding Docker image...\nConnection established\nCreating production build...\n[12:52:02] ERROR: Connection failed\nRan 56 tests in 42s\n[12:52:02] DEBUG: Initializing service\n\u2713 All checks passed\nBundling vendor.css\nWARNING: webpack has known vulnerabilities\nAlready up to date.\nChecking out master branch\nCache miss for key-1517\n[12:52:02] INFO: Connecting to database\nImage pulled successfully\nSwitched to branch 'hotfix/task-508'\npip: Installing build dependencies...\n[12:52:02] INFO: Connecting to database\nImage pulled successfully\n[12:52:02] DEBUG: Loading configuration\nCompiling src/app.ts...\nFinished.\nArtifact uploaded: build.tar.gz (40MB)\nnpm install: added 173 packages\nnpm install: resolved 154 packages\nStep 1/17: Testing\nLoading...\n=== Step deploy_production completed ===\n=== Step: save_cache ===\nSuccess!\nDone.\nCache invalidated: node_modules\nEnvironment: test\nCompiling components/handler.rs...\nWARNING: express has known vulnerabilities\nArtifact uploaded: build.tar.gz (28MB)\nCache invalidated: build\nConnection established\nTransforming 930 files...\npip: Installing build dependencies...\nStep 6/19: Testing\npip install: Successfully installed eslint-2.8\nWARNING: jest has known vulnerabilities\n  PASS: test_db_connect (121ms)\nArtifact uploaded: build.tar.gz (44MB)\nFAILED: test_api_health\nPulling image: alpine:3.11\nRan 32 tests in 30s\npip: Collecting axios\nPOST /data - 200 (373ms)\nOptimizing 16 modules...\n  PASS: unit/test_user_create.spec.js\n\u26a0 DEPRECATION: Feature will be removed in v4.0\nCache saved successfully\nUsing Python 3.12\n\u2717 build failed with exit code 112\nConnection established\nGenerating source maps...\nCache hit for key-8592\nWARNING: axios has known vulnerabilities\npip: Installing build dependencies...\nStep 7/19: Installing dependencies\nFinished.\nVerifying...\n\u26a0 DEPRECATION: Feature will be removed in v2.0\nEnvironment: test\nFetching from https://githubusercontent.com/package.json\nCompiling src/service.java...\nWARNING: axios has known vulnerabilities\nStep 18/19: Running migrations\nStep 12/18: Testing\nPulling image: alpine:18\nBuilding Docker image...\n[12:52:02] DEBUG: Loading configuration\nTests: 61 passed, 358 total\nOptimizing 86 modules...\nnpm notice: created a lockfile\npip: Collecting eslint\nCache miss for key-7745\nRan 195 tests in 4s\nOK\npip: Collecting lodash\n\u26a0 DEPRECATION: Feature will be removed in v3.0\npip install: Successfully installed webpack-1.12\nNODE_ENV=test\nCache miss for key-2660\nCache invalidated: dependencies\nArtifact downloaded: 19MB\nUsing Python 3.10\n[12:52:02] ERROR: Connection failed\nUsing Python 3.10\nDone.\nCompiling lib/handler.rs...\nCompiling src/app.ts...\nPushing to registry...\nCompiling src/utils.go...\n  PASS: test_cache_hit (38ms)\nImage pulled successfully\nPushing to registry...\npip install: Successfully installed webpack-4.1\nConnection established\nCompiling utils/main.py...\nConnection established\n[12:52:02] WARN: Deprecated API usage\nLoading...\nCompiling components/utils.go...\nWaiting...\nRan 157 tests in 14s\nPushing to registry...\nWARNING: express has known vulnerabilities\nFetching from https://github.com/package.json\n\u2713 Task completed in 781ms\nConnection established\nWARNING: jest has known vulnerabilities\nTest Suites: 36 passed, 47 total\nCreating production build...\n\u2713 Task completed in 1842ms\nOptimizing 30 modules...\nWARNING: prettier has known vulnerabilities\nWARNING: express has known vulnerabilities\n[12:52:02] INFO: Connecting to database\nPOST /data - 202 (263ms)\nUploading artifact 'dist' (46 files)\nCache saved successfully\nInstalling express@3.6.4\nArtifact uploaded: dist.zip (48MB)\n[12:52:02] INFO: Processing request\n[12:52:02] INFO: Starting build process\nCache restored successfully (437MB)\nyarn add: Done in 13.28s\nMinifying main.js\n\u2713 All checks passed\n[12:52:02] DEBUG: Initializing service\n\u2713 All checks passed\nStep 13/22: Building\nyarn add: Done in 16.81s\nProcessing...\nWARNING: react has known vulnerabilities\nCompleted.\n[12:52:02] INFO: Starting build process\n\u2713 Task completed in 1660ms\nCache miss for key-9871\nStep 7/22: Linting\nCache hit for key-2597\nnpm install: added 337 packages\nTests: 411 passed, 302 total\nStep 4/22: Installing dependencies\nFAILED: test_auth_login\nBundling styles.js\nEnvironment: development\nnpm install: added 20 packages\nBundling styles.js\nPulling image: node:3.11\nStep 19/24: Testing\n  PASS: unit/test_api_health.spec.js\nArtifact uploaded: build.tar.gz (49MB)\nStep 1/22: Running migrations\nCompiling lib/main.py...\nWaiting...\nWARNING: eslint has known vulnerabilities\n\u2713 Step 'checkout' succeeded\n[12:52:02] DEBUG: Memory usage: 294MB\nNODE_ENV=production\nOK\nPlatform: darwin-arm64\nStep 12/19: Building\n  PASS: test_auth_login (415ms)\nAlready up to date.\nCompleted.\nArtifact downloaded: 45MB\n[12:52:02] DEBUG: Loading configuration\nStep 13/16: Linting\nPulling image: node:3.11\nDone.\n\u2713 Step 'setup' succeeded\npip: Downloading webpack-3.5.tar.gz\nProcessing...\nWARNING: jest has known vulnerabilities\nTest Suites: 43 passed, 38 total\nPushing to registry...\n[12:52:02] DEBUG: Loading configuration\nCache miss for key-7680\nStep 4/22: Installing dependencies\nCompiling components/app.ts...\nImage pulled successfully\nTLS handshake completed\nTest Suites: 17 passed, 35 total\nFinished.\nUsing Node.js 17.20.5\nFetching submodules...\nWARNING: axios has known vulnerabilities\nCache hit for key-4010\n\u2717 build failed with exit code 102\nStep 16/24: Installing dependencies\nHEAD is now at 0dc119a\nDone.\npip: Downloading react-4.2.tar.gz\nFetching submodules...\npip: Downloading webpack-1.11.tar.gz\n\u26a0 DEPRECATION: Feature will be removed in v2.0\nWaiting...\nGET /api - 201 (34ms)\n  PASS: test_db_connect (300ms)\nArtifact uploaded: build.tar.gz (38MB)\nStep 17/23: Installing dependencies\nArtifact downloaded: 48MB\nFetching submodules...\nTime: 47.473s\npip: Downloading express-3.15.tar.gz\nCompiling utils/app.ts...\n  PASS: test_api_health (292ms)\npip: Installing build dependencies...\nSnapshots: 2 passed, 10 total\nCache hit for key-4552\n[12:52:02] INFO: Request completed\nReady.\nTLS handshake completed\n  PASS: e2e/test_api_health.spec.js\nSwitched to branch 'feature/task-506'\n[12:52:02] DEBUG: Loading configuration\nnpm install: added 358 packages\nChecking out develop branch\nFetching from https://docker.io/package.json\nMinifying app.js\nLayer 10/8: COPY command\nCompiling src/main.py...\nPushing to registry...\nBuilding Docker image...\nLayer 4/11: COPY command\nDone.\nStep 13/23: Installing dependencies\nAlready up to date.\nCompiling src/utils.go...\nStep 10/18: Deploying\nCache miss for key-9988\nWARNING: webpack has known vulnerabilities\nFetching submodules...\nStep 2/16: Deploying\nSuccess!\n\u2713 Task completed in 323ms\n[12:52:02] WARN: Deprecated API usage\nnpm install: resolved 835 packages\nArtifact uploaded: build.tar.gz (18MB)\nReady.\n[12:52:02] DEBUG: Connection pool: 5 active\n[12:52:02] DEBUG: Loading configuration\nArtifact downloaded: 41MB\nCreating production build...\nRan 160 tests in 35s\nArtifact downloaded: 13MB\npip: Downloading jest-5.6.tar.gz\nStep 2/16: Running migrations\nCache restored successfully (114MB)\n[12:52:02] INFO: Processing request\nStep 13/25: Testing\nGenerating source maps...\n\u2713 Step 'checkout' succeeded\nStep 9/17: Deploying\n\u2713 All checks passed\nnpm install: resolved 1746 packages\nDone.\nInstalling axios@1.13.3\n[12:52:02] DEBUG: Query executed in 74ms\nCache hit for key-4738\n\u2713 All checks passed\nPulling image: node:18\nWARNING: jest has known vulnerabilities\npip: Downloading express-1.17.tar.gz\nGET /api - 201 (18ms)\nCoverage: 84% statements, 76% branches\n\u2713 Step 'install' succeeded\nCache restored successfully (171MB)\nFetching from https://pypi.org/package.json\n\u2713 Task completed in 4160ms\nUploading artifact 'dist' (2 files)\nWARNING: jest has known vulnerabilities\nPulling image: python:18\nOptimizing 77 modules...\nGenerating source maps...\n\u2717 build failed with exit code 71\nCompiling lib/utils.go...\n\u2713 Step 'install' succeeded\nWaiting...\npip: Installing build dependencies...\n\u26a0 DEPRECATION: Feature will be removed in v4.0\nNODE_ENV=test\nEnvironment: production\nPOST /api - 202 (387ms)\nPushing to registry...\nyarn add: Done in 9.7s\nException: NullPointerException\n[12:52:02] DEBUG: Memory usage: 1703MB\n[12:52:02] INFO: Request completed\nTime: 67.0s\nStep 20/18: Testing\nStep 12/16: Testing\nLayer 4/14: RUN command\n[12:52:02] DEBUG: Query executed in 43ms\nEnvironment: production\nEnvironment: development\nCache saved successfully\nFAILED: test_auth_login\n[12:52:02] INFO: Starting build process\n\u26a0 DEPRECATION: Feature will be removed in v5.0\nnpm notice: package.json updated\nCache restored successfully (45MB)\nStep 9/18: Installing dependencies\nMinifying main.js\nnpm install: added 468 packages\nNODE_ENV=test\nStep 16/17: Linting\nGenerating source maps...\n\u2717 build failed with exit code 38\nCompiling lib/index.js...\n[12:52:02] DEBUG: Memory usage: 1572MB\nWARNING: express has known vulnerabilities\nStep 6/20: Installing dependencies\nCache miss for key-3954\n[12:52:02] INFO: Connecting to database\nSuccess!\nUsing Python 3.12\nCache restored successfully (340MB)\n=== Step save_cache completed ===\n=== Step: checkout ===\nLayer 6/9: COPY command\n[12:52:02] DEBUG: Query executed in 60ms\nnpm install: resolved 619 packages\n\u26a0 DEPRECATION: Feature will be removed in v3.0\nTransforming 889 files...\n[12:52:02] INFO: Processing request\nCache miss for key-6514\nTLS handshake completed\nUsing Node.js 17.0.2\n[12:52:02] INFO: Connecting to database\nFinished.\nnpm notice: package.json updated\n\u2717 build failed with exit code 117\nDone.\nWaiting...\nCache miss for key-1376\nWARNING: eslint has known vulnerabilities\nMinifying app.js\nHEAD is now at 00475f9\nSuccess!\nBundling vendor.js\n\u26a0 DEPRECATION: Feature will be removed in v5.0\nnpm install: added 168 packages\n[12:52:02] ERROR: Connection failed\n[12:52:02] DEBUG: Memory usage: 1950MB\nWARNING: eslint has known vulnerabilities\n[12:52:02] INFO: Starting build process\nEnvironment: production\nSnapshots: 36 passed, 20 total\n[12:52:02] ERROR: Connection failed\n[12:52:02] INFO: Processing request\nCache restored successfully (199MB)\n[12:52:02] WARN: Deprecated API usage\nCoverage: 75% statements, 77% branches\nPushing to registry...\nCompiling utils/app.ts...\nUsing Node.js 20.3.4\n[12:52:02] ERROR: Connection failed\n\u2713 validate completed\nSuccess!\nCoverage: 83% statements, 63% branches\n[12:52:02] WARN: Deprecated API usage\n[12:52:02] INFO: Cache refreshed\nFetching from https://gcr.io/package.json\n[12:52:02] ERROR: Connection failed\nnpm notice: package.json updated\nOK\nCache invalidated: build\n  PASS: test_cache_hit (433ms)\nPulling image: node:18\npip install: Successfully installed eslint-4.8\n[12:52:02] DEBUG: Initializing service\n[12:52:02] INFO: Starting build process\nTests: 147 passed, 292 total\n[12:52:02] INFO: Processing request\nConnection established\n  PASS: test_api_health (277ms)\nStep 6/20: Testing\nWaiting...\n\u2713 All checks passed\n\u2717 build failed with exit code 59\nCoverage: 75% statements, 91% branches\nCache restored successfully (255MB)\nInstalling jest@3.16.1\nBundling runtime.css\n[12:52:02] DEBUG: Loading configuration\nChecking out main branch\nnpm install: resolved 360 packages\nLayer 5/13: ENV command\nArtifact uploaded: dist.zip (62MB)\nCompleted.\nPushing to registry...\nRan 189 tests in 31s\nFetching submodules...\nnpm install: resolved 463 packages\nCache miss for key-1290\nCache miss for key-8805\nnpm notice: created a lockfile\nInstalling prettier@5.17.6\nTests: 211 passed, 259 total\n  PASS: unit/test_user_create.spec.js\nCompleted.\nnpm notice: package.json updated\n\u2713 Task completed in 834ms\nCompiling utils/index.js...\nTLS handshake completed\nStep 20/23: Building\n\u26a0 DEPRECATION: Feature will be removed in v4.0\nFinished.\n[12:52:02] INFO: Cache refreshed\nStep 4/18: Running migrations\nTest Suites: 24 passed, 12 total\nFetching from https://registry.npmjs.org/package.json\nVerifying...\nCompiling utils/index.js...\n  PASS: test_cache_hit (242ms)\n\u2713 Step 'checkout' succeeded\nnpm notice: package.json updated\nWARNING: jest has known vulnerabilities\nUsing Python 3.12\n\u26a0 DEPRECATION: Feature will be removed in v5.0\nUsing Python 3.11\nCache saved successfully\nDone.\nStep 20/17: Building\nLoading...\nGenerating source maps...\nStep 9/17: Installing dependencies\nTime: 10.292s\nStep 10/20: Building\n\u26a0 DEPRECATION: Feature will be removed in v2.0\nBuilding Docker image...\nUsing Python 3.11\nTime: 110.72s\nnpm notice: created a lockfile\nWARNING: eslint has known vulnerabilities\nStep 12/23: Linting\nTests: 382 passed, 368 total\n\u26a0 DEPRECATION: Feature will be removed in v3.0\nDone.\nLayer 5/8: RUN command\nArtifact uploaded: dist.zip (34MB)\nnpm install: resolved 801 packages\n  PASS: e2e/test_api_health.spec.js\nNODE_ENV=test\n[12:52:02] DEBUG: Memory usage: 1692MB\n[12:52:02] WARN: Deprecated API usage\n[12:52:02] DEBUG: Connection pool: 18 active\nWARNING: express has known vulnerabilities\nnpm install: resolved 1119 packages\n[12:52:02] DEBUG: Connection pool: 1 active\nWaiting...\npip: Downloading express-1.15.tar.gz\nPulling image: node:3.11\nTLS handshake completed\n[12:52:02] WARN: Deprecated API usage\nPlatform: linux-x64\npip: Collecting prettier\nArtifact downloaded: 14MB\n[12:52:02] DEBUG: Loading configuration\nVerifying...\nBundling runtime.css\nTests: 171 passed, 266 total\nCache invalidated: node_modules\nnpm notice: package.json updated\nChecking out main branch\nOptimizing 57 modules...\n[12:52:02] INFO: Connecting to database\nOK\nLayer 6/13: COPY command\nWaiting...\nCache miss for key-2405\n[12:52:02] WARN: Deprecated API usage\nOK\n[12:52:02] INFO: Processing request\nFetching submodules...\nCompiling src/index.js...\nPlatform: linux-x64\nGET /api - 201 (62ms)\nCreating production build...\nImage pulled successfully\nEnvironment: test\nnpm notice: package.json updated\nHEAD is now at b680d27\nSwitched to branch 'feature/task-840'\nChecking out develop branch\nCompiling utils/main.py...\npip: Downloading express-4.9.tar.gz\nStep 11/15: Running migrations\nPulling image: python:18\n[12:52:02] WARN: Deprecated API usage\nImage pulled successfully\nCache invalidated: node_modules\nEnvironment: test\n[12:52:02] DEBUG: Loading configuration\nFetching submodules...\nMinifying app.js\nArtifact uploaded: dist.zip (80MB)\nCompleted.\nCache invalidated: node_modules\nOK\n[12:52:02] DEBUG: Loading configuration\nCache hit for key-8551\nLoading...\nCompleted.\nFinished.\nPOST /api - 200 (138ms)\nCache saved successfully\nSnapshots: 41 passed, 48 total\n[12:52:02] DEBUG: Connection pool: 9 active\nBundling main.css\nStep 3/24: Running migrations\nStep 11/22: Testing\nCompiling src/service.java...\nnpm install: resolved 739 packages\nnpm install: added 254 packages\nArtifact downloaded: 28MB\nChecking out develop branch\nLoading...\n\u2713 lint completed\nLayer 9/11: COPY command\n[12:52:02] DEBUG: Memory usage: 1822MB\nUsing Node.js 14.10.8\nFetching submodules...\nWARNING: prettier has known vulnerabilities\nStep 18/21: Linting\nPushing to registry...\nBundling runtime.css\nLoading...\n\u2713 lint completed\nStep 13/22: Installing dependencies\nAlready up to date.\n[12:52:02] DEBUG: Loading configuration\n[12:52:02] INFO: Starting build process\nCompiling components/service.java...\n\u2713 Step 'build' succeeded\nOptimizing 44 modules...\nPOST /data - 201 (356ms)\n\u2713 All checks passed\nCache restored successfully (88MB)\npip: Installing build dependencies...\nLayer 7/12: RUN command\n\u2713 All checks passed\nTime: 97.125s\n\u26a0 DEPRECATION: Feature will be removed in v5.0\nBundling vendor.js\n\u2717 build failed with exit code 36\nMinifying app.js\nPOST /api - 200 (58ms)\nPOST /api - 201 (326ms)\n\u26a0 DEPRECATION: Feature will be removed in v3.0\nStep 11/18: Deploying\n[12:52:02] DEBUG: Memory usage: 1855MB\nWARNING: webpack has known vulnerabilities\n[12:52:02] DEBUG: Connection pool: 16 active\n[12:52:02] INFO: Connecting to database\nReady.\nnpm install: resolved 705 packages\nStep 3/18: Testing\nStep 9/17: Testing\n  PASS: integration/test_api_health.spec.js\nPulling image: node:latest\nWaiting...\npip: Installing build dependencies...\nnpm install: resolved 295 packages\nTest Suites: 20 passed, 9 total\nDone.\nOptimizing 78 modules...\nnpm notice: created a lockfile\nnpm notice: package.json updated\n[12:52:02] DEBUG: Query executed in 23ms\nWARNING: jest has known vulnerabilities\nDone.\n[12:52:02] WARN: Deprecated API usage\nSuccess!\nnpm notice: package.json updated\n[12:52:02] INFO: Request completed\nInstalling express@3.7.1\npip install: Successfully installed eslint-2.3\nCompiling lib/index.js...\n[12:52:02] DEBUG: Initializing service\nUploading artifact 'build' (41 files)\nPulling image: python:3.11\nPOST /upload - 201 (184ms)\nStep 20/18: Testing\nWaiting...\nConnection established\nCache restored successfully (17MB)\n[12:52:02] INFO: Request completed\nWARNING: axios has known vulnerabilities\nTransforming 376 files...\nLayer 6/13: RUN command\nCache invalidated: node_modules\nTest Suites: 39 passed, 48 total\nImage pulled successfully\nDone.\nCache restored successfully (346MB)\nArtifact uploaded: build.tar.gz (11MB)\nDone.\nTime: 115.556s\n  PASS: e2e/test_cache_hit.spec.js\n\u2713 All checks passed\n[12:52:02] INFO: Connecting to database\nFetching from https://github.com/package.json\nArtifact uploaded: build.tar.gz (10MB)\nAlready up to date.\n[12:52:02] INFO: Cache refreshed\nArtifact uploaded: dist.zip (82MB)\nStep 16/21: Deploying\nTLS handshake completed\nChecking out main branch\nLayer 2/9: COPY command\npip: Installing build dependencies...\n=== Step checkout completed ===\n=== Step: setup_node ===\nReady.\nHEAD is now at 753a693\nMinifying vendor.js\nChecking out master branch\nEnvironment: production\npip: Downloading prettier-1.3.tar.gz\n[12:52:02] DEBUG: Memory usage: 618MB\nTests: 486 passed, 420 total\npip: Downloading lodash-3.17.tar.gz\nInstalling axios@2.19.8\nWARNING: lodash has known vulnerabilities\nnpm notice: created a lockfile\npip: Downloading axios-4.15.tar.gz\n[12:52:02] WARN: Deprecated API usage\n[12:52:02] INFO: Processing request\nCache miss for key-7805\nCache restored successfully (500MB)\nFinished.\nPlatform: win32-x64\nAlready up to date.\nTransforming 653 files...\nCache invalidated: node_modules\nWARNING: lodash has known vulnerabilities\nTest Suites: 42 passed, 21 total\nBuilding Docker image...\nTest Suites: 21 passed, 14 total\nChecking out develop branch\nVerifying...\nyarn add: Done in 21.57s\nStep 13/19: Testing\nMinifying vendor.js\npip: Collecting axios\nPushing to registry...\nnpm install: resolved 1750 packages\nMinifying app.js\nUsing Python 3.9\nUploading artifact 'dist' (21 files)\nOptimizing 16 modules...\n\u2713 Task completed in 3984ms\n\u2713 Step 'install' succeeded\n\u26a0 DEPRECATION: Feature will be removed in v3.0\npip: Collecting react\nInstalling prettier@1.0.0\nCoverage: 89% statements, 85% branches\n[12:52:02] INFO: Processing request\nUsing Node.js 16.19.4\nnpm install: resolved 342 packages\nStep 1/20: Linting\n\u2713 All checks passed\nSuccess!\nStep 15/16: Deploying\nSuccess!\nWARNING: jest has known vulnerabilities\npip: Installing build dependencies...\n[12:52:02] INFO: Request completed\nBuilding Docker image...\n  PASS: unit/test_user_create.spec.js\n\u2713 build completed\nUsing Python 3.10\nCache hit for key-3095\n[12:52:02] INFO: Request completed\nTransforming 443 files...\nWARNING: eslint has known vulnerabilities\nImage pulled successfully\nFAILED: test_cache_hit\n\u26a0 DEPRECATION: Feature will be removed in v2.0\n\u26a0 DEPRECATION: Feature will be removed in v4.0\nBuilding Docker image...\n[12:52:02] DEBUG: Connection pool: 13 active\n[12:52:02] DEBUG: Query executed in 3ms\n\u2713 All checks passed\n[12:52:02] INFO: Cache refreshed\n[12:52:02] INFO: Starting build process\nSuccess!\nRan 164 tests in 43s\nNODE_ENV=production\nGET /api - 201 (66ms)\nChecking out main branch\nnpm notice: package.json updated\n\u2713 Step 'test' succeeded\nUsing Python 3.9\n\u26a0 DEPRECATION: Feature will be removed in v5.0\n[12:52:02] INFO: Cache refreshed\nChecking out master branch\n  PASS: e2e/test_api_health.spec.js\nWaiting...\nStep 16/22: Deploying\n[12:52:02] WARN: Deprecated API usage\nLayer 1/12: RUN command\n[12:52:02] INFO: Starting build process\nWARNING: webpack has known vulnerabilities\nCompiling lib/app.ts...\nArtifact downloaded: 10MB\nFinished.\nnpm install: resolved 1547 packages\nPushing to registry...\nBuilding Docker image...\nTime: 45.166s\nProcessing...\nnpm install: added 182 packages\n  PASS: e2e/test_cache_hit.spec.js\nUsing Python 3.11\nCreating production build...\nnpm install: added 347 packages\nMinifying main.js\n[12:52:02] INFO: Connecting to database\nCompiling src/main.py...\n  PASS: unit/test_db_connect.spec.js\nCoverage: 75% statements, 70% branches\n[12:52:02] DEBUG: Initializing service\nCompiling utils/utils.go...\nCompleted.\nCompiling components/service.java...\n\u26a0 DEPRECATION: Feature will be removed in v5.0\nStep 5/19: Building\nMinifying main.js\nPlatform: win32-x64\n\u2713 Step 'checkout' succeeded\n[12:52:02] DEBUG: Initializing service\nCompiling lib/index.js...\nnpm install: resolved 947 packages\nStep 16/18: Building\n\u2713 validate completed\nCoverage: 84% statements, 95% branches\nWARNING: webpack has known vulnerabilities\nWARNING: axios has known vulnerabilities\nPOST /data - 201 (91ms)\n[12:52:02] INFO: Connecting to database\nCache saved successfully\nUsing Node.js 16.3.6\nTest Suites: 47 passed, 6 total\nCache hit for key-5818\n  PASS: integration/test_auth_login.spec.js\nPOST /data - 201 (32ms)\nGET /status - 204 (5ms)\n[12:52:02] WARN: Deprecated API usage\nStep 20/17: Deploying\nCompleted.\nTransforming 710 files...\nCompiling utils/utils.go...\nTime: 18.58s\n[12:52:02] INFO: Cache refreshed\nCreating production build...\nCreating production build...\nStep 6/21: Installing dependencies\nDone.\nPOST /upload - 201 (446ms)\nyarn add: Done in 23.89s\nWARNING: react has known vulnerabilities\nCompiling lib/service.java...\nyarn add: Done in 9.3s\nCompiling utils/service.java...\nStep 16/24: Building\npip: Collecting jest\nWARNING: eslint has known vulnerabilities\nUsing Python 3.12\nOK\nTest Suites: 27 passed, 46 total\nGenerating source maps...\nVerifying...\n[12:52:02] INFO: Processing request\n[12:52:02] WARN: Deprecated API usage\nOptimizing 56 modules...\nFetching from https://pypi.org/package.json\n\u26a0 DEPRECATION: Feature will be removed in v4.0\n\u26a0 DEPRECATION: Feature will be removed in v4.0\nOptimizing 46 modules...\nCompleted.\nArtifact downloaded: 40MB\nSnapshots: 35 passed, 0 total\nReady.\nPlatform: darwin-arm64\npip: Installing build dependencies...\nBundling vendor.css\n[12:52:02] INFO: Request completed\n\u2717 build failed with exit code 65\n[12:52:02] WARN: Deprecated API usage\nChecking out develop branch\nCache miss for key-3952\n[12:52:02] DEBUG: Loading configuration\nStep 15/25: Linting\nUsing Node.js 17.16.1\n[12:52:02] DEBUG: Connection pool: 16 active\nCompiling lib/app.ts...\nUsing Python 3.10\nCache miss for key-8575\nNODE_ENV=development\nyarn add: Done in 12.74s\nFetching submodules...\nPulling image: alpine:18\nStep 7/15: Installing dependencies\nDone.\nAlready up to date.\nPlatform: win32-x64\n[12:52:02] INFO: Request completed\nWARNING: eslint has known vulnerabilities\nStep 17/18: Testing\nnpm notice: package.json updated\n[12:52:02] DEBUG: Loading configuration\nLoading...\nyarn add: Done in 9.17s\n\u2713 Step 'checkout' succeeded\nFinished.\nCache hit for key-1694\nCompiling components/utils.go...\npip: Installing build dependencies...\nReady.\n[12:52:02] WARN: Deprecated API usage\npip install: Successfully installed express-4.13\nFetching submodules...\nFAILED: test_api_health\nInstalling eslint@4.11.5\nStep 2/22: Deploying\nProcessing...\nPOST /api - 201 (170ms)\nLayer 10/13: RUN command\nLayer 3/15: COPY command\nTLS handshake completed\n[12:52:02] DEBUG: Query executed in 95ms\nVerifying...\n[12:52:02] INFO: Cache refreshed\nPulling image: alpine:18\nGenerating source maps...\nFAILED: test_cache_hit\nSnapshots: 32 passed, 16 total\nBundling runtime.css\nTransforming 326 files...\nMinifying app.js\nTLS handshake completed\nPulling image: alpine:18\nTime: 10.461s\nnpm install: added 61 packages\nWaiting...\n[12:52:02] INFO: Processing request\nSnapshots: 2 passed, 47 total\n[12:52:02] DEBUG: Loading configuration\nCoverage: 75% statements, 86% branches\nTime: 45.758s\n[12:52:02] DEBUG: Query executed in 86ms\nWARNING: axios has known vulnerabilities\n  PASS: e2e/test_auth_login.spec.js\nException: TypeError\nException: RuntimeError\n[12:52:02] DEBUG: Connection pool: 5 active\n[12:52:02] DEBUG: Loading configuration\nCoverage: 84% statements, 74% branches\nConnection established\nCache restored successfully (13MB)\nCache restored successfully (373MB)\n[12:52:02] DEBUG: Query executed in 67ms\nLoading...\nMinifying app.js\nArtifact downloaded: 6MB\n[12:52:02] DEBUG: Query executed in 45ms\nnpm notice: package.json updated\nReady.\nEnvironment: staging\nFetching from https://pypi.org/package.json\nWARNING: lodash has known vulnerabilities\nStep 2/17: Installing dependencies\nCompiling lib/index.js...\nArtifact uploaded: build.tar.gz (11MB)\nCache restored successfully (264MB)\nCompleted.\nArtifact downloaded: 31MB\nCompiling utils/handler.rs...\nTLS handshake completed\nArtifact uploaded: build.tar.gz (37MB)\nGenerating source maps...\nFetching from https://registry.npmjs.org/package.json\n  PASS: e2e/test_user_create.spec.js\nConnection established\nBundling vendor.css\nCache miss for key-7842\nCache hit for key-8319\n[12:52:02] INFO: Starting build process\n[12:52:02] ERROR: Connection failed\nInstalling axios@1.6.7\nStep 8/22: Linting\nnpm notice: package.json updated\nSwitched to branch 'hotfix/task-108'\n[12:52:02] WARN: Deprecated API usage\n\u2713 Step 'build' succeeded\nnpm install: resolved 866 packages\nChecking out develop branch\n[12:52:02] DEBUG: Memory usage: 1086MB\nUsing Python 3.10\nSwitched to branch 'feature/task-411'\nWARNING: jest has known vulnerabilities\nSnapshots: 8 passed, 39 total\nPOST /upload - 200 (27ms)\nHEAD is now at 14284f6\nProcessing...\n=== Step setup_node completed ===\n=== Step: lint ===\nCache saved successfully\n[12:52:02] DEBUG: Memory usage: 1339MB\n[12:52:02] DEBUG: Memory usage: 980MB\nFinished.\n\u26a0 DEPRECATION: Feature will be removed in v5.0\nWARNING: prettier has known vulnerabilities\nWARNING: eslint has known vulnerabilities\nnpm notice: created a lockfile\nStep 9/17: Deploying\nWARNING: express has known vulnerabilities\nUploading artifact 'dist' (29 files)\nCompiling components/app.ts...\nStep 6/22: Installing dependencies\nChecking out main branch\n[12:52:02] INFO: Processing request\nnpm notice: created a lockfile\nImage pulled successfully\nBuilding Docker image...\n[12:52:02] INFO: Starting build process\nLoading...\nWARNING: express has known vulnerabilities\nUsing Python 3.12\nTransforming 857 files...\nImage pulled successfully\n[12:52:02] DEBUG: Loading configuration\nProcessing...\nStep 2/25: Running migrations\nnpm notice: package.json updated\nCoverage: 92% statements, 89% branches\nPulling image: node:latest\nReady.\n[12:52:02] WARN: Deprecated API usage\nCompiling lib/handler.rs...\nTest Suites: 7 passed, 29 total\n[12:52:02] WARN: Deprecated API usage\nCache miss for key-1285\nStep 6/25: Linting\nReady.\nUploading artifact 'coverage' (15 files)\n[12:52:02] INFO: Processing request\n[12:52:02] INFO: Processing request\nStep 20/22: Building\n  PASS: integration/test_auth_login.spec.js\nBuilding Docker image...\nUploading artifact 'dist' (13 files)\n\u2713 lint completed\nNODE_ENV=development\npip: Downloading jest-1.7.tar.gz\n[12:52:02] WARN: Deprecated API usage\nFetching from https://googleapis.com/package.json\n  PASS: test_user_create (297ms)\nPOST /upload - 200 (101ms)\nCache restored successfully (270MB)\nArtifact downloaded: 42MB\n[12:52:02] WARN: Deprecated API usage\nPlatform: win32-x64\n[12:52:02] DEBUG: Memory usage: 1753MB\nLoading...\nAlready up to date.\n[12:52:02] INFO: Processing request\nyarn add: Done in 16.95s\nStep 10/15: Linting\nImage pulled successfully\nCompiling src/handler.rs...\nArtifact uploaded: dist.zip (34MB)\nLayer 1/11: COPY command\nInstalling axios@2.12.5\nConnection established\n[12:52:02] INFO: Processing request\nTests: 79 passed, 75 total\npip install: Successfully installed react-4.17\nPulling image: node:latest\n[12:52:02] DEBUG: Memory usage: 1901MB\n\u2713 All checks passed\n[12:52:02] INFO: Processing request\nNODE_ENV=development\nSnapshots: 35 passed, 6 total\nUploading artifact 'coverage' (15 files)\nCoverage: 83% statements, 83% branches\nRan 126 tests in 47s\nCache invalidated: build\nImage pulled successfully\nFetching from https://registry.npmjs.org/package.json\nCoverage: 83% statements, 77% branches\nException: RuntimeError\nPulling image: node:3.11\nCache saved successfully\nFinished.\nWARNING: react has known vulnerabilities\n[12:52:02] DEBUG: Memory usage: 665MB\nCoverage: 98% statements, 90% branches\nCompleted.\nArtifact uploaded: dist.zip (46MB)\npip: Installing build dependencies...\nDone.\nTests: 182 passed, 410 total\n\u2713 Task completed in 1006ms\nSwitched to branch 'hotfix/task-118'\nCoverage: 82% statements, 88% branches\nnpm notice: created a lockfile\nAlready up to date.\nStep 4/21: Deploying\nConnection established\n  PASS: integration/test_db_connect.spec.js\nTLS handshake completed\nOptimizing 62 modules...\nnpm notice: package.json updated\nCache saved successfully\nHEAD is now at ac67693\nCreating production build...\nOK\nLoading...\nStep 15/16: Testing\nStep 1/25: Testing\nMinifying main.js\nCache saved successfully\n  PASS: integration/test_cache_hit.spec.js\nTest Suites: 14 passed, 29 total\n\u26a0 DEPRECATION: Feature will be removed in v3.0\nLoading...\nWARNING: jest has known vulnerabilities\nWARNING: express has known vulnerabilities\n[12:52:02] WARN: Deprecated API usage\nMinifying app.js\nFinished.\n\u2713 Task completed in 2888ms\nArtifact uploaded: dist.zip (26MB)\n\u2717 build failed with exit code 121\nStep 15/20: Building\nStep 1/23: Deploying\n\u2713 Step 'install' succeeded\nFAILED: test_cache_hit\nCache saved successfully\nTransforming 257 files...\nnpm install: resolved 1060 packages\nCache hit for key-2134\n[12:52:02] INFO: Starting build process\nPushing to registry...\n[12:52:02] INFO: Starting build process\nUsing Node.js 18.14.1\nnpm install: resolved 351 packages\nCompiling utils/index.js...\npip: Installing build dependencies...\nChecking out main branch\npip: Collecting eslint\nCompiling src/main.py...\nPlatform: win32-x64\nPlatform: linux-x64\nWARNING: prettier has known vulnerabilities\npip: Collecting prettier\nSuccess!\nStep 16/17: Linting\nGenerating source maps...\nMinifying app.js\n[12:52:02] INFO: Request completed\nStep 17/23: Running migrations\nnpm notice: created a lockfile\n[12:52:02] WARN: Deprecated API usage\nProcessing...\n[12:52:02] WARN: Deprecated API usage\nCompiling src/index.js...\npip: Downloading webpack-4.10.tar.gz\nDone.\nException: TypeError\nCoverage: 98% statements, 80% branches\npip: Downloading prettier-4.1.tar.gz\nCreating production build...\nConnection established\nnpm notice: package.json updated\n[12:52:02] ERROR: Connection failed\n[12:52:02] ERROR: Connection failed\nLoading...\nRan 124 tests in 38s\nLoading...\nFetching submodules...\nFAILED: test_user_create\nAlready up to date.\nCompleted.\nTime: 14.872s\npip: Installing build dependencies...\nFinished.\n\u2713 lint completed\nPlatform: linux-x64\nImage pulled successfully\nUploading artifact 'coverage' (10 files)\nWARNING: express has known vulnerabilities\n[12:52:02] ERROR: Connection failed\nnpm install: resolved 735 packages\nMinifying app.js\nOK\npip install: Successfully installed lodash-1.18\nArtifact uploaded: build.tar.gz (7MB)\n[12:52:02] INFO: Connecting to database\nStep 10/24: Linting\n\u26a0 DEPRECATION: Feature will be removed in v3.0\nImage pulled successfully\nCoverage: 74% statements, 87% branches\nCache invalidated: node_modules\n\u2713 All checks passed\nStep 8/20: Building\nFetching submodules...\n[12:52:02] INFO: Connecting to database\n\u2713 Task completed in 4657ms\npip: Installing build dependencies...\nStep 14/18: Building\nPushing to registry...\n[12:52:02] DEBUG: Memory usage: 1878MB\nyarn add: Done in 10.3s\nCache restored successfully (364MB)\nSnapshots: 3 passed, 8 total\nProcessing...\n[12:52:02] INFO: Request completed\nOptimizing 78 modules...\npip install: Successfully installed express-5.6\nCache hit for key-1907\n\u2713 Step 'install' succeeded\nStep 3/15: Linting\nSuccess!\nPlatform: win32-x64\nPulling image: python:18\nImage pulled successfully\nFAILED: test_api_health\n[12:52:02] DEBUG: Connection pool: 4 active\nCompiling lib/app.ts...\nLayer 9/14: ENV command\nLayer 1/12: ENV command\nnpm install: resolved 1512 packages\nPlatform: linux-x64\nVerifying...\nVerifying...\nCompleted.\nFetching submodules...\nConnection established\nWaiting...\nTest Suites: 39 passed, 37 total\n[12:52:02] DEBUG: Initializing service\nFetching submodules...\nTime: 16.664s\nNODE_ENV=production\nCache saved successfully\nSwitched to branch 'bugfix/task-141'\n\u2713 All checks passed\n[12:52:02] INFO: Processing request\nyarn add: Done in 20.11s\nCoverage: 74% statements, 92% branches\nReady.\n  PASS: test_user_create (176ms)\n[12:52:02] DEBUG: Loading configuration\nPlatform: linux-x64\nImage pulled successfully\nException: TypeError\n[12:52:02] INFO: Connecting to database\nAlready up to date.\nImage pulled successfully\n\u26a0 DEPRECATION: Feature will be removed in v3.0\nBundling styles.js\nCreating production build...\n[12:52:02] INFO: Request completed\nCache saved successfully\npip: Downloading axios-4.5.tar.gz\nProcessing...\n[12:52:02] INFO: Processing request\nArtifact downloaded: 19MB\nnpm notice: package.json updated\nReady.\n[12:52:02] INFO: Processing request\nCache saved successfully\n\u2713 Step 'install' succeeded\n\u26a0 DEPRECATION: Feature will be removed in v4.0\nCompiling components/index.js...\nLayer 2/8: ENV command\nInstalling prettier@4.10.0\nAlready up to date.\n\u2713 package completed\nCompiling components/service.java...\nLayer 9/9: RUN command\nNODE_ENV=development\nStep 18/23: Running migrations\n[12:52:02] INFO: Cache refreshed\nPOST /api - 202 (418ms)\nTLS handshake completed\nFetching from https://googleapis.com/package.json\nNODE_ENV=production\nFetching submodules...\n[12:52:02] INFO: Cache refreshed\nSuccess!\n\u2713 All checks passed\npip install: Successfully installed jest-4.19\n  PASS: test_db_connect (184ms)\nWARNING: express has known vulnerabilities\nGET /health - 204 (78ms)\nnpm install: resolved 864 packages\nFetching from https://amazonaws.com/package.json\n=== Step lint completed ===\n=== Step: deploy_staging ===\nAlready up to date.\nRan 163 tests in 7s\nUsing Node.js 18.4.2\nUsing Python 3.11\nCompleted.\nChecking out main branch\nSuccess!\nGenerating source maps...\nnpm notice: package.json updated\nSnapshots: 8 passed, 6 total\n\u2717 build failed with exit code 19\n[12:52:02] ERROR: Connection failed\nStep 16/24: Linting\nFinished.\n  PASS: test_auth_login (481ms)\nAlready up to date.\nDone.\n[12:52:02] INFO: Processing request\nCompiling src/app.ts...\nCache hit for key-3201\nCompiling src/handler.rs...\n[12:52:02] WARN: Deprecated API usage\nCache miss for key-6556\nNODE_ENV=development\nDone.\nStep 19/19: Deploying\nImage pulled successfully\npip: Collecting axios\nBuilding Docker image...\npip: Downloading prettier-5.17.tar.gz\nWARNING: react has known vulnerabilities\n\u2713 Step 'build' succeeded\n[12:52:02] INFO: Request completed\n[12:52:02] DEBUG: Query executed in 14ms\nTime: 71.364s\nPOST /api - 200 (17ms)\nConnection established\nWARNING: axios has known vulnerabilities\nFetching from https://amazonaws.com/package.json\nCompiling lib/app.ts...\nRan 147 tests in 29s\n[12:52:02] DEBUG: Connection pool: 17 active\n[12:52:02] DEBUG: Loading configuration\nCompleted.\nUsing Python 3.9\npip: Collecting prettier\nOptimizing 64 modules...\nSwitched to branch 'bugfix/task-613'\nInstalling eslint@1.15.1\npip: Installing build dependencies...\nArtifact downloaded: 27MB\n  PASS: test_db_connect (322ms)\nStep 12/24: Linting\nStep 11/21: Installing dependencies\nLoading...\nRan 185 tests in 39s\n[12:52:02] INFO: Connecting to database\nStep 1/20: Testing\n[12:52:02] DEBUG: Query executed in 25ms\npip install: Successfully installed react-2.2\n[12:52:02] DEBUG: Initializing service\nGenerating source maps...\n[12:52:02] DEBUG: Loading configuration\nSuccess!\npip: Collecting react\nException: NullPointerException\nStep 2/19: Deploying\n\u2713 deploy completed\nImage pulled successfully\nRan 68 tests in 49s\nChecking out develop branch\n[12:52:02] INFO: Connecting to database\npip: Installing build dependencies...\nDone.\nStep 1/19: Testing\nTLS handshake completed\n[12:52:02] WARN: Deprecated API usage\n[12:52:02] DEBUG: Memory usage: 448MB\nCache restored successfully (54MB)\n  PASS: unit/test_user_create.spec.js\nnpm install: resolved 1703 packages\nCreating production build...\npip install: Successfully installed lodash-3.11\nSnapshots: 20 passed, 41 total\nMinifying main.js\n[12:52:02] DEBUG: Initializing service\n[12:52:02] DEBUG: Connection pool: 10 active\nAlready up to date.\nPulling image: node:18\n[12:52:02] INFO: Starting build process\n\u2713 Step 'install' succeeded\nnpm install: resolved 1241 packages\nArtifact uploaded: dist.zip (27MB)\nFinished.\nCompiling components/index.js...\npip: Installing build dependencies...\nArtifact uploaded: build.tar.gz (41MB)\nSuccess!\nTLS handshake completed\nSwitched to branch 'bugfix/task-475'\nyarn add: Done in 18.18s\n\u26a0 DEPRECATION: Feature will be removed in v2.0\nTest Suites: 30 passed, 46 total\n[12:52:02] DEBUG: Initializing service\nArtifact downloaded: 47MB\n\u26a0 DEPRECATION: Feature will be removed in v2.0\nUploading artifact 'coverage' (45 files)\nCache invalidated: build\nLayer 10/12: COPY command\nGET /health - 200 (70ms)\nCache miss for key-2805\npip: Installing build dependencies...\nStep 10/22: Deploying\nFAILED: test_user_create\nNODE_ENV=test\n\u2713 build completed\nTime: 36.812s\nConnection established\nProcessing...\nHEAD is now at e796f97\nTests: 441 passed, 95 total\nRan 103 tests in 17s\n\u2713 Task completed in 1176ms\nHEAD is now at ade2d8f\nPOST /api - 201 (351ms)\n[12:52:02] DEBUG: Loading configuration\n[12:52:02] DEBUG: Query executed in 66ms\nStep 10/24: Deploying\nGenerating source maps...\n[12:52:02] DEBUG: Connection pool: 4 active\nCache invalidated: dependencies\npip install: Successfully installed express-4.4\n\u2713 All checks passed\nRan 166 tests in 26s\npip install: Successfully installed express-5.4\nSnapshots: 11 passed, 7 total\nCache saved successfully\nGenerating source maps...\n[12:52:02] WARN: Deprecated API usage\n\u2713 Task completed in 2447ms\nInstalling prettier@4.0.8\nWARNING: axios has known vulnerabilities\nCache restored successfully (223MB)\nArtifact uploaded: build.tar.gz (36MB)\nReady.\nCompleted.\nFinished.\n[12:52:02] INFO: Connecting to database\nyarn add: Done in 30.70s\n  PASS: test_auth_login (200ms)\nSnapshots: 46 passed, 42 total\n\u2713 All checks passed\nArtifact uploaded: build.tar.gz (5MB)\nSwitched to branch 'hotfix/task-328'\nException: RuntimeError\nnpm install: resolved 1744 packages\nHEAD is now at dc816f6\nException: ValueError\n\u2713 build completed\n\u26a0 DEPRECATION: Feature will be removed in v5.0\nPushing to registry...\nSwitched to branch 'bugfix/task-259'\nCompiling components/utils.go...\nArtifact uploaded: dist.zip (2MB)\nStep 17/22: Linting\n  PASS: e2e/test_cache_hit.spec.js\nConnection established\nArtifact downloaded: 7MB\n[12:52:02] INFO: Cache refreshed\n[12:52:02] DEBUG: Memory usage: 769MB\npip: Downloading prettier-4.19.tar.gz\nDone.\nnpm notice: created a lockfile\nArtifact uploaded: build.tar.gz (50MB)\nCache saved successfully\nArtifact downloaded: 11MB\nArtifact uploaded: build.tar.gz (23MB)\nMinifying main.js\nRan 131 tests in 60s\n  PASS: integration/test_api_health.spec.js\nGenerating source maps...\nnpm notice: package.json updated\nCreating production build...\nVerifying...\n[12:52:02] DEBUG: Initializing service\nCache invalidated: node_modules\nStep 13/25: Running migrations\npip: Installing build dependencies...\n[12:52:02] DEBUG: Connection pool: 11 active\nStep 16/15: Deploying\n  PASS: e2e/test_db_connect.spec.js\nReady.\nTransforming 600 files...\n\u26a0 DEPRECATION: Feature will be removed in v5.0\n[12:52:02] INFO: Request completed\nStep 2/15: Linting\nTest Suites: 32 passed, 28 total\nArtifact uploaded: dist.zip (43MB)\nWARNING: webpack has known vulnerabilities\nInstalling jest@1.5.5\nFAILED: test_user_create\nDone.\nRan 196 tests in 48s\nFinished.\nException: ValueError\nWARNING: webpack has known vulnerabilities\nStep 11/19: Running migrations\nUsing Python 3.10\nUsing Python 3.11\nStep 11/23: Linting\nArtifact uploaded: build.tar.gz (30MB)\nCache restored successfully (149MB)\nWARNING: axios has known vulnerabilities\nMinifying main.js\nHEAD is now at 7e0083f\nGET /status - 200 (13ms)\nWARNING: react has known vulnerabilities\nTransforming 779 files...\nPlatform: linux-x64\n\u2713 Step 'setup' succeeded\nSuccess!\n[12:52:02] INFO: Cache refreshed\n[12:52:02] INFO: Processing request\nCompiling utils/handler.rs...\nAlready up to date.\nCache restored successfully (443MB)\n  PASS: test_db_connect (112ms)\nnpm install: added 102 packages\n[12:52:02] INFO: Cache refreshed\nUploading artifact 'build' (34 files)\nCoverage: 91% statements, 76% branches\nStep 9/24: Deploying\n\u2713 Step 'setup' succeeded\nOptimizing 37 modules...\nSnapshots: 3 passed, 32 total\n[12:52:02] DEBUG: Connection pool: 18 active\nSuccess!\n[12:52:02] INFO: Starting build process\nPlatform: win32-x64\nPlatform: win32-x64\npip install: Successfully installed webpack-2.0\npip: Installing build dependencies...\nArtifact uploaded: build.tar.gz (26MB)\nPlatform: darwin-arm64\n[12:52:02] DEBUG: Memory usage: 748MB\nPOST /data - 201 (132ms)\nCache saved successfully\nArtifact uploaded: build.tar.gz (44MB)\n  PASS: integration/test_db_connect.spec.js\nnpm install: resolved 1928 packages\nCompleted.\n\u2713 Step 'install' succeeded\nWARNING: jest has known vulnerabilities\nStep 13/25: Building\nPlatform: win32-x64\nOptimizing 11 modules...\nVerifying...\n\u2713 Task completed in 167ms\nTests: 245 passed, 199 total\nReady.\nEnvironment: staging\nCreating production build...\nPlatform: linux-x64\n\u2713 Task completed in 3245ms\nArtifact downloaded: 7MB\nArtifact uploaded: build.tar.gz (32MB)\nUploading artifact 'coverage' (20 files)\nUsing Node.js 20.18.4\nTransforming 666 files...\nnpm install: added 266 packages\nNODE_ENV=development\nStep 4/25: Deploying\nnpm install: resolved 1114 packages\nPulling image: node:3.11\nCompiling components/index.js...\nStep 15/20: Testing\nBuilding Docker image...\nyarn add: Done in 15.6s\n[12:52:02] DEBUG: Query executed in 68ms\nPulling image: node:3.11\nInstalling axios@2.16.2\nNODE_ENV=production\n[12:52:02] DEBUG: Connection pool: 2 active\n[12:52:02] INFO: Processing request\nTransforming 178 files...\nEnvironment: test\nGET /api - 201 (72ms)\nImage pulled successfully\nHEAD is now at 7eee1a6\nArtifact uploaded: dist.zip (23MB)\nRan 88 tests in 25s\nOK\nSwitched to branch 'hotfix/task-652'\n=== Step deploy_staging completed ===",
    "steps": [
      {
        "name": "e2e_tests",
        "status": "success",
        "started_at": "2025-11-30T12:52:02.406628",
        "finished_at": "2025-11-30T12:52:17.413767",
        "log_lines": [
          "=== Step: e2e_tests ===",
          "\u2713 All checks passed",
          "Cache saved successfully",
          "Compiling src/handler.rs...",
          "pip: Collecting axios",
          "Switched to branch 'hotfix/task-564'",
          "Step 4/15: Installing dependencies",
          "Coverage: 86% statements, 77% branches",
          "npm notice: created a lockfile",
          "Time: 119.149s",
          "Ready.",
          "Generating source maps...",
          "\u2713 package completed",
          "Artifact uploaded: build.tar.gz (19MB)",
          "Generating source maps...",
          "[12:52:02] DEBUG: Connection pool: 6 active",
          "yarn add: Done in 18.36s",
          "[12:52:02] DEBUG: Memory usage: 1379MB",
          "Minifying app.js",
          "yarn add: Done in 4.88s",
          "\u2717 build failed with exit code 3",
          "[12:52:02] WARN: Deprecated API usage",
          "Connection established",
          "Verifying...",
          "Step 5/16: Installing dependencies",
          "[12:52:02] DEBUG: Connection pool: 9 active",
          "pip: Installing build dependencies...",
          "  PASS: test_auth_login (500ms)",
          "Optimizing 25 modules...",
          "[12:52:02] DEBUG: Query executed in 68ms",
          "npm notice: package.json updated",
          "TLS handshake completed",
          "Cache restored successfully (451MB)",
          "\u2713 Step 'build' succeeded",
          "Optimizing 13 modules...",
          "Step 16/22: Running migrations",
          "[12:52:02] ERROR: Connection failed",
          "npm install: resolved 1273 packages",
          "TLS handshake completed",
          "GET /api - 201 (34ms)",
          "Cache hit for key-5016",
          "Step 15/16: Installing dependencies",
          "WARNING: jest has known vulnerabilities",
          "[12:52:02] WARN: Deprecated API usage",
          "\u2713 Step 'checkout' succeeded",
          "Generating source maps...",
          "npm install: resolved 1619 packages",
          "Cache hit for key-5111",
          "Generating source maps...",
          "pip: Installing build dependencies...",
          "Cache miss for key-7787",
          "OK",
          "Snapshots: 9 passed, 44 total",
          "TLS handshake completed",
          "OK",
          "GET /api - 204 (1ms)",
          "Checking out master branch",
          "Optimizing 24 modules...",
          "[12:52:02] WARN: Deprecated API usage",
          "Test Suites: 13 passed, 29 total",
          "Pulling image: node:3.11",
          "Step 19/19: Building",
          "Cache miss for key-1124",
          "Switched to branch 'bugfix/task-380'",
          "[12:52:02] DEBUG: Loading configuration",
          "Step 3/25: Testing",
          "[12:52:02] DEBUG: Connection pool: 11 active",
          "Step 1/15: Linting",
          "WARNING: prettier has known vulnerabilities",
          "FAILED: test_cache_hit",
          "Pushing to registry...",
          "\u2713 validate completed",
          "Fetching from https://pypi.org/package.json",
          "\u2713 All checks passed",
          "Exception: NullPointerException",
          "\u2713 Task completed in 2926ms",
          "npm notice: package.json updated",
          "Step 12/19: Testing",
          "Verifying...",
          "WARNING: express has known vulnerabilities",
          "npm notice: package.json updated",
          "GET /status - 201 (5ms)",
          "[12:52:02] INFO: Starting build process",
          "[12:52:02] INFO: Request completed",
          "[12:52:02] INFO: Processing request",
          "Using Node.js 18.6.10",
          "\u2713 Task completed in 2781ms",
          "\u26a0 DEPRECATION: Feature will be removed in v3.0",
          "Done.",
          "[12:52:02] WARN: Deprecated API usage",
          "Compiling src/service.java...",
          "Pulling image: alpine:3.11",
          "[12:52:02] INFO: Cache refreshed",
          "Step 6/21: Building",
          "pip: Downloading prettier-5.5.tar.gz",
          "\u26a0 DEPRECATION: Feature will be removed in v2.0",
          "WARNING: lodash has known vulnerabilities",
          "Minifying app.js",
          "Building Docker image...",
          "  PASS: unit/test_db_connect.spec.js",
          "WARNING: express has known vulnerabilities",
          "FAILED: test_user_create",
          "GET /api - 200 (65ms)",
          "Test Suites: 33 passed, 47 total",
          "NODE_ENV=development",
          "Environment: production",
          "Test Suites: 8 passed, 44 total",
          "Transforming 690 files...",
          "Using Python 3.11",
          "Layer 4/9: ENV command",
          "Ready.",
          "Cache saved successfully",
          "HEAD is now at 029b993",
          "FAILED: test_cache_hit",
          "Image pulled successfully",
          "[12:52:02] INFO: Request completed",
          "Installing express@4.15.8",
          "\u26a0 DEPRECATION: Feature will be removed in v5.0",
          "[12:52:02] INFO: Connecting to database",
          "yarn add: Done in 22.58s",
          "Using Node.js 15.13.9",
          "Test Suites: 17 passed, 14 total",
          "Checking out develop branch",
          "[12:52:02] INFO: Processing request",
          "Verifying...",
          "[12:52:02] WARN: Deprecated API usage",
          "npm notice: package.json updated",
          "Fetching from https://githubusercontent.com/package.json",
          "Done.",
          "Exception: TypeError",
          "Uploading artifact 'dist' (22 files)",
          "WARNING: axios has known vulnerabilities",
          "[12:52:02] INFO: Cache refreshed",
          "Image pulled successfully",
          "Loading...",
          "Using Node.js 20.12.1",
          "Step 8/22: Deploying",
          "Switched to branch 'hotfix/task-805'",
          "Switched to branch 'bugfix/task-211'",
          "WARNING: prettier has known vulnerabilities",
          "GET /status - 200 (78ms)",
          "Installing jest@3.5.10",
          "Layer 8/15: ENV command",
          "WARNING: webpack has known vulnerabilities",
          "Cache hit for key-4676",
          "npm notice: created a lockfile",
          "Cache miss for key-4301",
          "Ready.",
          "Platform: linux-x64",
          "Step 18/24: Building",
          "yarn add: Done in 23.85s",
          "[12:52:02] ERROR: Connection failed",
          "[12:52:02] INFO: Cache refreshed",
          "\u2713 Task completed in 827ms",
          "Exception: TypeError",
          "Exception: NullPointerException",
          "\u2713 Step 'install' succeeded",
          "Step 18/17: Linting",
          "Exception: ValueError",
          "Time: 45.25s",
          "GET /health - 201 (22ms)",
          "Generating source maps...",
          "[12:52:02] INFO: Connecting to database",
          "Layer 7/10: ENV command",
          "[12:52:02] INFO: Processing request",
          "Cache saved successfully",
          "Fetching from https://googleapis.com/package.json",
          "Compiling lib/service.java...",
          "Cache restored successfully (279MB)",
          "Step 8/21: Deploying",
          "\u26a0 DEPRECATION: Feature will be removed in v3.0",
          "Ready.",
          "Environment: production",
          "Creating production build...",
          "Step 8/23: Deploying",
          "Step 15/20: Building",
          "NODE_ENV=production",
          "Uploading artifact 'build' (12 files)",
          "pip: Installing build dependencies...",
          "Artifact uploaded: dist.zip (69MB)",
          "Fetching submodules...",
          "Layer 3/13: ENV command",
          "Completed.",
          "Fetching submodules...",
          "  PASS: test_api_health (113ms)",
          "Cache restored successfully (442MB)",
          "Compiling components/index.js...",
          "Fetching from https://github.com/package.json",
          "[12:52:02] DEBUG: Memory usage: 1608MB",
          "\u2713 All checks passed",
          "Using Node.js 18.1.4",
          "Installing express@1.4.3",
          "Fetching submodules...",
          "WARNING: webpack has known vulnerabilities",
          "Processing...",
          "Optimizing 27 modules...",
          "yarn add: Done in 24.50s",
          "npm notice: created a lockfile",
          "Compiling src/handler.rs...",
          "Platform: linux-x64",
          "Artifact uploaded: dist.zip (84MB)",
          "Cache invalidated: dependencies",
          "Artifact uploaded: dist.zip (81MB)",
          "Bundling styles.css",
          "Completed.",
          "FAILED: test_api_health",
          "NODE_ENV=test",
          "Processing...",
          "HEAD is now at 4902af5",
          "\u2713 validate completed",
          "Ran 21 tests in 52s",
          "Already up to date.",
          "\u26a0 DEPRECATION: Feature will be removed in v5.0",
          "Test Suites: 9 passed, 32 total",
          "OK",
          "Finished.",
          "[12:52:02] INFO: Processing request",
          "Environment: development",
          "[12:52:02] DEBUG: Query executed in 92ms",
          "  PASS: test_db_connect (249ms)",
          "Success!",
          "Done.",
          "Artifact uploaded: build.tar.gz (43MB)",
          "[12:52:02] WARN: Deprecated API usage",
          "\u26a0 DEPRECATION: Feature will be removed in v5.0",
          "Pulling image: python:latest",
          "  PASS: test_api_health (96ms)",
          "Verifying...",
          "Fetching from https://pypi.org/package.json",
          "Time: 74.187s",
          "Cache saved successfully",
          "TLS handshake completed",
          "Tests: 190 passed, 447 total",
          "npm install: resolved 1621 packages",
          "Cache saved successfully",
          "[12:52:02] INFO: Processing request",
          "NODE_ENV=test",
          "Time: 58.85s",
          "Processing...",
          "Cache restored successfully (326MB)",
          "Cache hit for key-4507",
          "pip: Installing build dependencies...",
          "\u26a0 DEPRECATION: Feature will be removed in v3.0",
          "Step 15/21: Running migrations",
          "Compiling utils/service.java...",
          "Uploading artifact 'coverage' (26 files)",
          "[12:52:02] DEBUG: Connection pool: 18 active",
          "Already up to date.",
          "npm notice: package.json updated",
          "Artifact uploaded: dist.zip (85MB)",
          "\u2717 build failed with exit code 25",
          "Step 4/23: Linting",
          "Already up to date.",
          "Success!",
          "Step 17/24: Building",
          "HEAD is now at 02bb64c",
          "[12:52:02] INFO: Request completed",
          "Layer 3/10: RUN command",
          "  PASS: test_auth_login (456ms)",
          "[12:52:02] DEBUG: Connection pool: 16 active",
          "Fetching submodules...",
          "pip: Installing build dependencies...",
          "\u26a0 DEPRECATION: Feature will be removed in v3.0",
          "npm install: added 273 packages",
          "  PASS: unit/test_auth_login.spec.js",
          "Minifying app.js",
          "Compiling components/handler.rs...",
          "\u26a0 DEPRECATION: Feature will be removed in v4.0",
          "pip: Downloading prettier-1.3.tar.gz",
          "Using Node.js 16.16.0",
          "Cache saved successfully",
          "[12:52:02] INFO: Processing request",
          "Creating production build...",
          "Bundling styles.js",
          "Creating production build...",
          "Platform: darwin-arm64",
          "Cache restored successfully (415MB)",
          "Step 6/25: Linting",
          "[12:52:02] DEBUG: Initializing service",
          "Optimizing 21 modules...",
          "Fetching from https://docker.io/package.json",
          "[12:52:02] DEBUG: Loading configuration",
          "Pushing to registry...",
          "pip: Downloading eslint-2.7.tar.gz",
          "Platform: win32-x64",
          "Snapshots: 13 passed, 21 total",
          "POST /upload - 201 (104ms)",
          "Coverage: 81% statements, 86% branches",
          "Using Python 3.9",
          "Installing webpack@3.18.3",
          "Using Node.js 20.10.3",
          "pip: Installing build dependencies...",
          "Exception: NullPointerException",
          "Building Docker image...",
          "=== Step e2e_tests completed ==="
        ]
      },
      {
        "name": "restore_cache",
        "status": "success",
        "started_at": "2025-11-30T12:52:17.413767",
        "finished_at": "2025-11-30T12:52:26.418051",
        "log_lines": [
          "=== Step: restore_cache ===",
          "Ran 109 tests in 38s",
          "Environment: staging",
          "HEAD is now at ab3a3d0",
          "Done.",
          "Waiting...",
          "Compiling components/index.js...",
          "[12:52:02] DEBUG: Initializing service",
          "  PASS: test_cache_hit (4ms)",
          "Cache invalidated: node_modules",
          "Step 12/21: Building",
          "FAILED: test_cache_hit",
          "Loading...",
          "Exception: NullPointerException",
          "Cache hit for key-7185",
          "pip: Downloading axios-2.2.tar.gz",
          "Layer 5/13: ENV command",
          "Checking out develop branch",
          "Building Docker image...",
          "WARNING: webpack has known vulnerabilities",
          "Compiling lib/app.ts...",
          "Platform: darwin-arm64",
          "Building Docker image...",
          "HEAD is now at e008c2c",
          "Step 19/24: Linting",
          "Coverage: 87% statements, 94% branches",
          "[12:52:02] INFO: Cache refreshed",
          "Artifact uploaded: dist.zip (15MB)",
          "[12:52:02] INFO: Cache refreshed",
          "NODE_ENV=development",
          "Coverage: 70% statements, 88% branches",
          "Completed.",
          "Cache invalidated: build",
          "Fetching submodules...",
          "Layer 10/12: ENV command",
          "Done.",
          "Creating production build...",
          "POST /data - 201 (94ms)",
          "Compiling components/handler.rs...",
          "Ready.",
          "Time: 14.608s",
          "Cache miss for key-1835",
          "npm install: added 216 packages",
          "Coverage: 95% statements, 76% branches",
          "Finished.",
          "Cache invalidated: node_modules",
          "Verifying...",
          "Layer 7/12: COPY command",
          "Snapshots: 39 passed, 46 total",
          "\u26a0 DEPRECATION: Feature will be removed in v5.0",
          "pip: Downloading axios-3.7.tar.gz",
          "Loading...",
          "[12:52:02] DEBUG: Memory usage: 1421MB",
          "OK",
          "Artifact downloaded: 35MB",
          "Compiling lib/utils.go...",
          "[12:52:02] INFO: Processing request",
          "Test Suites: 5 passed, 50 total",
          "  PASS: unit/test_cache_hit.spec.js",
          "[12:52:02] INFO: Connecting to database",
          "[12:52:02] INFO: Connecting to database",
          "Minifying app.js",
          "Switched to branch 'feature/task-136'",
          "Step 16/17: Installing dependencies",
          "Switched to branch 'bugfix/task-614'",
          "Compiling src/index.js...",
          "Optimizing 33 modules...",
          "GET /health - 200 (26ms)",
          "Compiling src/handler.rs...",
          "Cache restored successfully (491MB)",
          "NODE_ENV=test",
          "Waiting...",
          "Finished.",
          "Step 1/20: Linting",
          "Cache hit for key-4464",
          "Bundling vendor.css",
          "GET /health - 200 (69ms)",
          "Compiling src/app.ts...",
          "[12:52:02] DEBUG: Initializing service",
          "Step 11/15: Building",
          "WARNING: express has known vulnerabilities",
          "Cache miss for key-2090",
          "Connection established",
          "[12:52:02] INFO: Processing request",
          "NODE_ENV=production",
          "HEAD is now at 930f6ec",
          "Bundling runtime.css",
          "[12:52:02] INFO: Cache refreshed",
          "Done.",
          "Completed.",
          "pip: Downloading axios-2.12.tar.gz",
          "[12:52:02] INFO: Cache refreshed",
          "Processing...",
          "[12:52:02] ERROR: Connection failed",
          "Compiling utils/handler.rs...",
          "Completed.",
          "Installing jest@2.1.8",
          "[12:52:02] INFO: Processing request",
          "pip: Installing build dependencies...",
          "\u2713 validate completed",
          "Artifact uploaded: dist.zip (73MB)",
          "FAILED: test_db_connect",
          "Ready.",
          "Time: 27.536s",
          "\u26a0 DEPRECATION: Feature will be removed in v5.0",
          "\u2717 build failed with exit code 102",
          "Image pulled successfully",
          "[12:52:02] WARN: Deprecated API usage",
          "  PASS: unit/test_cache_hit.spec.js",
          "pip: Installing build dependencies...",
          "[12:52:02] DEBUG: Memory usage: 187MB",
          "Generating source maps...",
          "Using Node.js 16.18.0",
          "Ready.",
          "pip: Collecting jest",
          "Cache saved successfully",
          "Step 10/17: Linting",
          "Building Docker image...",
          "\u2713 Step 'test' succeeded",
          "pip: Collecting express",
          "Waiting...",
          "WARNING: axios has known vulnerabilities",
          "pip install: Successfully installed eslint-3.1",
          "Processing...",
          "Success!",
          "Generating source maps...",
          "\u2713 All checks passed",
          "Done.",
          "Already up to date.",
          "Generating source maps...",
          "[12:52:02] INFO: Request completed",
          "[12:52:02] INFO: Connecting to database",
          "OK",
          "Transforming 365 files...",
          "Coverage: 84% statements, 94% branches",
          "Exception: TypeError",
          "[12:52:02] DEBUG: Memory usage: 1717MB",
          "\u26a0 DEPRECATION: Feature will be removed in v5.0",
          "Test Suites: 42 passed, 24 total",
          "Using Node.js 20.0.0",
          "GET /status - 201 (17ms)",
          "[12:52:02] INFO: Request completed",
          "\u26a0 DEPRECATION: Feature will be removed in v2.0",
          "Connection established",
          "Cache miss for key-6699",
          "\u2717 build failed with exit code 118",
          "Step 18/15: Running migrations",
          "Success!",
          "NODE_ENV=development",
          "Success!",
          "TLS handshake completed",
          "Ready.",
          "Time: 18.542s",
          "Checking out master branch",
          "[12:52:02] DEBUG: Query executed in 54ms",
          "Switched to branch 'bugfix/task-593'",
          "[12:52:02] INFO: Request completed",
          "pip install: Successfully installed jest-1.10",
          "Compiling lib/handler.rs...",
          "[12:52:02] INFO: Request completed",
          "Step 13/18: Testing",
          "Uploading artifact 'dist' (37 files)",
          "Switched to branch 'feature/task-409'",
          "POST /upload - 202 (34ms)",
          "Checking out main branch",
          "  PASS: e2e/test_db_connect.spec.js",
          "Building Docker image...",
          "Fetching submodules...",
          "[12:52:02] DEBUG: Query executed in 88ms",
          "Cache hit for key-8915",
          "Snapshots: 23 passed, 15 total",
          "Checking out develop branch",
          "[12:52:02] INFO: Cache refreshed",
          "Time: 81.622s",
          "pip: Downloading lodash-2.15.tar.gz",
          "Minifying main.js",
          "Verifying...",
          "GET /health - 204 (53ms)",
          "\u2713 Step 'install' succeeded",
          "\u2713 deploy completed",
          "Compiling lib/main.py...",
          "OK",
          "OK",
          "yarn add: Done in 21.58s",
          "\u26a0 DEPRECATION: Feature will be removed in v2.0",
          "Environment: test",
          "Cache hit for key-4525",
          "Fetching submodules...",
          "Cache invalidated: dependencies",
          "Compiling lib/handler.rs...",
          "[12:52:02] INFO: Cache refreshed",
          "Pulling image: alpine:3.11",
          "[12:52:02] INFO: Request completed",
          "NODE_ENV=development",
          "Fetching submodules...",
          "Using Node.js 15.12.10",
          "Time: 17.984s",
          "npm notice: package.json updated",
          "[12:52:02] WARN: Deprecated API usage",
          "  PASS: unit/test_auth_login.spec.js",
          "Transforming 263 files...",
          "Time: 77.754s",
          "Step 9/17: Running migrations",
          "Optimizing 100 modules...",
          "npm install: resolved 998 packages",
          "[12:52:02] DEBUG: Query executed in 84ms",
          "\u2713 All checks passed",
          "Exception: RuntimeError",
          "Using Node.js 14.10.7",
          "Fetching submodules...",
          "Fetching from https://gcr.io/package.json",
          "Cache hit for key-9701",
          "Fetching from https://amazonaws.com/package.json",
          "[12:52:02] DEBUG: Memory usage: 771MB",
          "Installing eslint@5.14.6",
          "Time: 63.641s",
          "[12:52:02] INFO: Cache refreshed",
          "Switched to branch 'hotfix/task-160'",
          "Artifact uploaded: build.tar.gz (17MB)",
          "Cache invalidated: node_modules",
          "Creating production build...",
          "pip: Downloading lodash-4.8.tar.gz",
          "Bundling styles.js",
          "Environment: staging",
          "Verifying...",
          "Compiling lib/index.js...",
          "WARNING: eslint has known vulnerabilities",
          "Artifact downloaded: 7MB",
          "Connection established",
          "Test Suites: 40 passed, 5 total",
          "NODE_ENV=test",
          "TLS handshake completed",
          "Creating production build...",
          "OK",
          "Tests: 118 passed, 456 total",
          "Processing...",
          "Compiling lib/app.ts...",
          "Cache hit for key-5632",
          "Verifying...",
          "  PASS: test_api_health (448ms)",
          "[12:52:02] DEBUG: Connection pool: 11 active",
          "Step 19/24: Testing",
          "Artifact downloaded: 39MB",
          "\u2713 Task completed in 231ms",
          "Step 14/15: Running migrations",
          "Cache hit for key-2383",
          "pip: Installing build dependencies...",
          "Processing...",
          "[12:52:02] INFO: Request completed",
          "Cache invalidated: build",
          "Cache invalidated: dependencies",
          "  PASS: e2e/test_user_create.spec.js",
          "Cache hit for key-5124",
          "Test Suites: 39 passed, 16 total",
          "POST /api - 200 (486ms)",
          "Image pulled successfully",
          "Tests: 321 passed, 251 total",
          "Switched to branch 'hotfix/task-103'",
          "npm install: added 159 packages",
          "Environment: staging",
          "WARNING: react has known vulnerabilities",
          "Pushing to registry...",
          "HEAD is now at bd3fb31",
          "Waiting...",
          "Completed.",
          "[12:52:02] WARN: Deprecated API usage",
          "\u2717 build failed with exit code 23",
          "pip install: Successfully installed webpack-4.16",
          "WARNING: express has known vulnerabilities",
          "  PASS: test_cache_hit (120ms)",
          "Success!",
          "pip: Installing build dependencies...",
          "Exception: RuntimeError",
          "npm notice: package.json updated",
          "Image pulled successfully",
          "[12:52:02] INFO: Processing request",
          "[12:52:02] DEBUG: Memory usage: 1456MB",
          "Tests: 210 passed, 415 total",
          "\u26a0 DEPRECATION: Feature will be removed in v4.0",
          "\u2713 All checks passed",
          "Ready.",
          "[12:52:02] WARN: Deprecated API usage",
          "Platform: darwin-arm64",
          "[12:52:02] WARN: Deprecated API usage",
          "Step 2/17: Deploying",
          "Pulling image: python:latest",
          "TLS handshake completed",
          "Installing webpack@2.20.10",
          "Pushing to registry...",
          "  PASS: integration/test_cache_hit.spec.js",
          "\u26a0 DEPRECATION: Feature will be removed in v3.0",
          "Time: 35.51s",
          "Using Node.js 16.2.7",
          "\u26a0 DEPRECATION: Feature will be removed in v2.0",
          "=== Step restore_cache completed ==="
        ]
      },
      {
        "name": "upload_artifacts",
        "status": "success",
        "started_at": "2025-11-30T12:52:26.418051",
        "finished_at": "2025-11-30T12:52:41.425190",
        "log_lines": [
          "=== Step: upload_artifacts ===",
          "Done.",
          "Connection established",
          "Exception: RuntimeError",
          "Layer 8/15: RUN command",
          "Using Node.js 18.11.9",
          "pip install: Successfully installed lodash-4.18",
          "Cache hit for key-9628",
          "Already up to date.",
          "Compiling lib/handler.rs...",
          "Image pulled successfully",
          "pip: Collecting express",
          "Connection established",
          "Switched to branch 'feature/task-657'",
          "Platform: win32-x64",
          "Finished.",
          "[12:52:02] WARN: Deprecated API usage",
          "Cache miss for key-6301",
          "\u2713 Step 'setup' succeeded",
          "Step 14/17: Deploying",
          "Step 11/19: Deploying",
          "Pushing to registry...",
          "WARNING: express has known vulnerabilities",
          "Platform: win32-x64",
          "Uploading artifact 'build' (48 files)",
          "\u26a0 DEPRECATION: Feature will be removed in v5.0",
          "Cache hit for key-9552",
          "Uploading artifact 'coverage' (50 files)",
          "Minifying main.js",
          "[12:52:02] INFO: Connecting to database",
          "Using Node.js 14.8.6",
          "[12:52:02] INFO: Cache refreshed",
          "Platform: linux-x64",
          "[12:52:02] INFO: Connecting to database",
          "Connection established",
          "Using Python 3.10",
          "\u2713 Step 'setup' succeeded",
          "Ran 123 tests in 32s",
          "Step 4/17: Testing",
          "Completed.",
          "\u2713 All checks passed",
          "Platform: linux-x64",
          "Fetching from https://docker.io/package.json",
          "pip: Collecting prettier",
          "yarn add: Done in 2.97s",
          "Cache saved successfully",
          "WARNING: lodash has known vulnerabilities",
          "Snapshots: 6 passed, 2 total",
          "HEAD is now at 62e7410",
          "  PASS: integration/test_user_create.spec.js",
          "Environment: development",
          "OK",
          "npm install: added 218 packages",
          "Done.",
          "Compiling src/utils.go...",
          "Tests: 186 passed, 315 total",
          "GET /health - 201 (57ms)",
          "[12:52:02] INFO: Cache refreshed",
          "Step 16/25: Deploying",
          "WARNING: react has known vulnerabilities",
          "\u26a0 DEPRECATION: Feature will be removed in v3.0",
          "Step 14/19: Linting",
          "Connection established",
          "Creating production build...",
          "Pushing to registry...",
          "Compiling components/main.py...",
          "Completed.",
          "Artifact uploaded: build.tar.gz (5MB)",
          "NODE_ENV=production",
          "FAILED: test_api_health",
          "Bundling vendor.css",
          "Step 5/17: Running migrations",
          "  PASS: unit/test_auth_login.spec.js",
          "Success!",
          "[12:52:02] WARN: Deprecated API usage",
          "WARNING: jest has known vulnerabilities",
          "Using Python 3.10",
          "Waiting...",
          "GET /health - 201 (58ms)",
          "[12:52:02] INFO: Cache refreshed",
          "\u26a0 DEPRECATION: Feature will be removed in v4.0",
          "[12:52:02] INFO: Starting build process",
          "Compiling src/index.js...",
          "Using Python 3.12",
          "Pulling image: python:latest",
          "WARNING: eslint has known vulnerabilities",
          "POST /api - 200 (463ms)",
          "Building Docker image...",
          "POST /api - 201 (201ms)",
          "\u2713 All checks passed",
          "GET /api - 200 (84ms)",
          "Compiling components/app.ts...",
          "\u2713 Step 'install' succeeded",
          "Time: 44.476s",
          "Success!",
          "Waiting...",
          "Step 5/15: Linting",
          "GET /api - 201 (59ms)",
          "Compiling lib/app.ts...",
          "Completed.",
          "WARNING: eslint has known vulnerabilities",
          "  PASS: test_cache_hit (309ms)",
          "Artifact uploaded: build.tar.gz (7MB)",
          "Step 11/16: Installing dependencies",
          "  PASS: test_user_create (258ms)",
          "  PASS: e2e/test_api_health.spec.js",
          "Step 14/25: Building",
          "\u2713 All checks passed",
          "Fetching from https://githubusercontent.com/package.json",
          "Artifact uploaded: build.tar.gz (43MB)",
          "Ready.",
          "Coverage: 71% statements, 83% branches",
          "Compiling components/service.java...",
          "Cache hit for key-6219",
          "\u2713 deploy completed",
          "Processing...",
          "Step 19/22: Building",
          "[12:52:02] DEBUG: Query executed in 1ms",
          "Cache invalidated: node_modules",
          "yarn add: Done in 8.3s",
          "Step 16/15: Deploying",
          "pip: Installing build dependencies...",
          "Snapshots: 5 passed, 46 total",
          "Cache hit for key-3034",
          "[12:52:02] INFO: Cache refreshed",
          "Step 16/24: Linting",
          "Verifying...",
          "Coverage: 74% statements, 78% branches",
          "Switched to branch 'hotfix/task-404'",
          "GET /status - 200 (25ms)",
          "Compiling lib/service.java...",
          "Ready.",
          "\u2717 build failed with exit code 88",
          "OK",
          "pip install: Successfully installed express-3.17",
          "[12:52:02] DEBUG: Loading configuration",
          "Step 12/21: Running migrations",
          "Cache restored successfully (438MB)",
          "Uploading artifact 'build' (37 files)",
          "pip install: Successfully installed lodash-4.8",
          "[12:52:02] DEBUG: Query executed in 83ms",
          "Step 14/20: Testing",
          "Image pulled successfully",
          "Cache saved successfully",
          "Fetching submodules...",
          "Cache miss for key-2208",
          "\u2713 package completed",
          "Finished.",
          "Cache invalidated: dependencies",
          "Waiting...",
          "[12:52:02] WARN: Deprecated API usage",
          "npm install: resolved 1216 packages",
          "Uploading artifact 'dist' (48 files)",
          "Fetching submodules...",
          "Processing...",
          "Ready.",
          "pip install: Successfully installed axios-2.1",
          "GET /status - 201 (80ms)",
          "\u2713 lint completed",
          "pip: Installing build dependencies...",
          "pip: Downloading lodash-4.19.tar.gz",
          "[12:52:02] DEBUG: Initializing service",
          "Time: 82.941s",
          "Step 6/18: Building",
          "[12:52:02] INFO: Request completed",
          "Pulling image: alpine:latest",
          "Loading...",
          "Loading...",
          "Compiling components/service.java...",
          "Verifying...",
          "WARNING: jest has known vulnerabilities",
          "Pushing to registry...",
          "\u26a0 DEPRECATION: Feature will be removed in v4.0",
          "Compiling utils/index.js...",
          "Image pulled successfully",
          "Generating source maps...",
          "Checking out main branch",
          "yarn add: Done in 2.7s",
          "pip install: Successfully installed react-3.4",
          "Test Suites: 32 passed, 39 total",
          "Cache restored successfully (184MB)",
          "Pulling image: node:18",
          "Transforming 228 files...",
          "Already up to date.",
          "Cache restored successfully (452MB)",
          "Switched to branch 'hotfix/task-511'",
          "Ran 32 tests in 7s",
          "Ran 46 tests in 39s",
          "[12:52:02] DEBUG: Connection pool: 20 active",
          "NODE_ENV=production",
          "Uploading artifact 'coverage' (3 files)",
          "Loading...",
          "Snapshots: 0 passed, 13 total",
          "GET /api - 201 (95ms)",
          "\u2713 build completed",
          "[12:52:02] INFO: Cache refreshed",
          "OK",
          "npm install: resolved 575 packages",
          "Cache restored successfully (167MB)",
          "npm install: added 437 packages",
          "Step 20/17: Linting",
          "[12:52:02] ERROR: Connection failed",
          "Artifact uploaded: dist.zip (64MB)",
          "Cache invalidated: build",
          "Fetching submodules...",
          "Step 15/22: Building",
          "Layer 10/8: ENV command",
          "Already up to date.",
          "HEAD is now at 8f08afd",
          "Platform: darwin-arm64",
          "Cache invalidated: node_modules",
          "Already up to date.",
          "NODE_ENV=test",
          "Step 10/15: Running migrations",
          "Exception: ValueError",
          "NODE_ENV=production",
          "OK",
          "[12:52:02] WARN: Deprecated API usage",
          "Creating production build...",
          "POST /upload - 200 (121ms)",
          "Fetching submodules...",
          "Compiling lib/utils.go...",
          "POST /data - 202 (240ms)",
          "POST /api - 201 (486ms)",
          "\u2713 build completed",
          "Switched to branch 'hotfix/task-166'",
          "Step 15/22: Building",
          "\u26a0 DEPRECATION: Feature will be removed in v4.0",
          "[12:52:02] INFO: Cache refreshed",
          "Compiling src/service.java...",
          "Minifying main.js",
          "Generating source maps...",
          "GET /api - 204 (81ms)",
          "Bundling vendor.css",
          "Step 19/23: Linting",
          "Generating source maps...",
          "\u2713 Task completed in 2204ms",
          "TLS handshake completed",
          "[12:52:02] INFO: Connecting to database",
          "[12:52:02] INFO: Cache refreshed",
          "npm notice: package.json updated",
          "Bundling runtime.js",
          "Compiling components/app.ts...",
          "\u2713 All checks passed",
          "Step 5/18: Installing dependencies",
          "Compiling src/app.ts...",
          "Cache hit for key-5426",
          "TLS handshake completed",
          "\u26a0 DEPRECATION: Feature will be removed in v2.0",
          "Artifact downloaded: 34MB",
          "Layer 4/14: COPY command",
          "pip install: Successfully installed axios-3.17",
          "[12:52:02] DEBUG: Loading configuration",
          "\u26a0 DEPRECATION: Feature will be removed in v2.0",
          "POST /api - 201 (419ms)",
          "NODE_ENV=development",
          "npm notice: package.json updated",
          "Exception: TypeError",
          "npm install: added 142 packages",
          "Artifact downloaded: 11MB",
          "Ran 94 tests in 8s",
          "Cache saved successfully",
          "[12:52:02] DEBUG: Loading configuration",
          "Ready.",
          "pip: Downloading express-4.9.tar.gz",
          "Coverage: 77% statements, 81% branches",
          "Installing prettier@1.12.2",
          "Checking out develop branch",
          "Installing react@1.20.7",
          "GET /api - 204 (85ms)",
          "Checking out develop branch",
          "\u26a0 DEPRECATION: Feature will be removed in v4.0",
          "Step 10/23: Running migrations",
          "pip: Collecting eslint",
          "  PASS: test_auth_login (279ms)",
          "Cache invalidated: dependencies",
          "[12:52:02] INFO: Starting build process",
          "Coverage: 89% statements, 95% branches",
          "Environment: development",
          "Layer 7/10: ENV command",
          "npm notice: package.json updated",
          "Checking out main branch",
          "Optimizing 24 modules...",
          "npm install: resolved 374 packages",
          "  PASS: integration/test_user_create.spec.js",
          "Already up to date.",
          "Bundling styles.js",
          "\u26a0 DEPRECATION: Feature will be removed in v2.0",
          "WARNING: lodash has known vulnerabilities",
          "Minifying main.js",
          "Coverage: 100% statements, 69% branches",
          "Processing...",
          "[12:52:02] WARN: Deprecated API usage",
          "[12:52:02] DEBUG: Query executed in 77ms",
          "=== Step upload_artifacts completed ==="
        ]
      },
      {
        "name": "setup_environment",
        "status": "success",
        "started_at": "2025-11-30T12:52:41.425190",
        "finished_at": "2025-11-30T12:52:56.432329",
        "log_lines": [
          "=== Step: setup_environment ===",
          "Loading...",
          "pip: Downloading express-3.0.tar.gz",
          "npm notice: created a lockfile",
          "WARNING: jest has known vulnerabilities",
          "NODE_ENV=production",
          "Creating production build...",
          "POST /upload - 201 (101ms)",
          "npm notice: created a lockfile",
          "pip install: Successfully installed eslint-5.15",
          "WARNING: axios has known vulnerabilities",
          "npm install: added 27 packages",
          "Pulling image: alpine:latest",
          "Using Node.js 18.2.8",
          "Done.",
          "yarn add: Done in 3.90s",
          "Ready.",
          "[12:52:02] INFO: Connecting to database",
          "Ready.",
          "npm install: added 150 packages",
          "Bundling runtime.js",
          "Artifact uploaded: dist.zip (27MB)",
          "Bundling vendor.js",
          "[12:52:02] INFO: Starting build process",
          "Time: 55.816s",
          "Compiling lib/main.py...",
          "npm notice: package.json updated",
          "POST /api - 200 (401ms)",
          "Compiling components/index.js...",
          "Coverage: 96% statements, 60% branches",
          "Coverage: 79% statements, 79% branches",
          "[12:52:02] DEBUG: Query executed in 8ms",
          "Compiling lib/app.ts...",
          "Switched to branch 'bugfix/task-451'",
          "[12:52:02] DEBUG: Loading configuration",
          "yarn add: Done in 12.83s",
          "Compiling src/handler.rs...",
          "npm install: resolved 870 packages",
          "Already up to date.",
          "  PASS: unit/test_cache_hit.spec.js",
          "Success!",
          "Pushing to registry...",
          "Finished.",
          "npm notice: package.json updated",
          "Exception: TypeError",
          "npm notice: created a lockfile",
          "HEAD is now at 035b7ef",
          "npm install: resolved 835 packages",
          "Transforming 690 files...",
          "pip install: Successfully installed jest-2.9",
          "Waiting...",
          "Verifying...",
          "\u2713 Step 'install' succeeded",
          "Verifying...",
          "Optimizing 77 modules...",
          "Processing...",
          "\u2713 validate completed",
          "Compiling src/app.ts...",
          "Pulling image: python:3.11",
          "Cache saved successfully",
          "Cache miss for key-7523",
          "Cache miss for key-6274",
          "Minifying main.js",
          "Using Python 3.10",
          "GET /health - 200 (83ms)",
          "Test Suites: 44 passed, 9 total",
          "\u26a0 DEPRECATION: Feature will be removed in v4.0",
          "Image pulled successfully",
          "Uploading artifact 'build' (49 files)",
          "\u2713 validate completed",
          "[12:52:02] DEBUG: Initializing service",
          "Using Python 3.12",
          "Compiling lib/handler.rs...",
          "[12:52:02] DEBUG: Query executed in 57ms",
          "Image pulled successfully",
          "  PASS: test_api_health (214ms)",
          "[12:52:02] ERROR: Connection failed",
          "  PASS: test_auth_login (83ms)",
          "Creating production build...",
          "Waiting...",
          "Cache saved successfully",
          "Snapshots: 24 passed, 42 total",
          "Artifact downloaded: 7MB",
          "Ready.",
          "Building Docker image...",
          "Coverage: 72% statements, 75% branches",
          "TLS handshake completed",
          "Step 13/24: Testing",
          "[12:52:02] INFO: Cache refreshed",
          "Finished.",
          "Pushing to registry...",
          "HEAD is now at fdd2510",
          "Step 14/18: Installing dependencies",
          "Ready.",
          "[12:52:02] DEBUG: Initializing service",
          "Cache miss for key-1004",
          "npm notice: created a lockfile",
          "Coverage: 92% statements, 71% branches",
          "Artifact downloaded: 1MB",
          "[12:52:02] ERROR: Connection failed",
          "Artifact downloaded: 28MB",
          "Step 12/16: Deploying",
          "NODE_ENV=test",
          "Bundling vendor.js",
          "\u2713 Step 'install' succeeded",
          "Layer 3/9: COPY command",
          "Done.",
          "Using Python 3.9",
          "OK",
          "Verifying...",
          "Done.",
          "pip: Downloading jest-5.11.tar.gz",
          "pip install: Successfully installed jest-2.10",
          "[12:52:02] DEBUG: Connection pool: 12 active",
          "Checking out main branch",
          "npm notice: created a lockfile",
          "Step 11/21: Installing dependencies",
          "  PASS: e2e/test_cache_hit.spec.js",
          "Step 2/25: Running migrations",
          "Test Suites: 31 passed, 37 total",
          "pip: Downloading jest-3.0.tar.gz",
          "npm notice: package.json updated",
          "Step 16/15: Testing",
          "Image pulled successfully",
          "[12:52:02] WARN: Deprecated API usage",
          "Artifact downloaded: 49MB",
          "GET /api - 200 (69ms)",
          "Processing...",
          "Cache restored successfully (415MB)",
          "Finished.",
          "Done.",
          "yarn add: Done in 26.83s",
          "pip: Downloading express-4.14.tar.gz",
          "Completed.",
          "Pushing to registry...",
          "Connection established",
          "Processing...",
          "Creating production build...",
          "[12:52:02] INFO: Cache refreshed",
          "Using Node.js 19.5.10",
          "WARNING: prettier has known vulnerabilities",
          "pip: Collecting react",
          "Step 7/22: Linting",
          "\u2713 All checks passed",
          "POST /api - 201 (177ms)",
          "FAILED: test_db_connect",
          "Transforming 392 files...",
          "[12:52:02] DEBUG: Loading configuration",
          "Artifact uploaded: build.tar.gz (16MB)",
          "Verifying...",
          "Switched to branch 'hotfix/task-768'",
          "npm notice: created a lockfile",
          "Environment: test",
          "pip install: Successfully installed react-4.0",
          "Connection established",
          "Completed.",
          "WARNING: eslint has known vulnerabilities",
          "Coverage: 96% statements, 65% branches",
          "Using Python 3.12",
          "Exception: RuntimeError",
          "WARNING: lodash has known vulnerabilities",
          "Pushing to registry...",
          "Cache saved successfully",
          "Uploading artifact 'dist' (19 files)",
          "\u26a0 DEPRECATION: Feature will be removed in v4.0",
          "Minifying vendor.js",
          "\u2717 build failed with exit code 68",
          "Exception: NullPointerException",
          "Artifact uploaded: dist.zip (70MB)",
          "Waiting...",
          "\u2717 build failed with exit code 75",
          "pip: Downloading eslint-5.8.tar.gz",
          "Step 20/17: Testing",
          "POST /upload - 201 (129ms)",
          "Artifact uploaded: build.tar.gz (3MB)",
          "Artifact uploaded: build.tar.gz (22MB)",
          "pip: Downloading eslint-3.0.tar.gz",
          "Finished.",
          "[12:52:02] DEBUG: Memory usage: 638MB",
          "Image pulled successfully",
          "Already up to date.",
          "Environment: production",
          "Minifying vendor.js",
          "Creating production build...",
          "Processing...",
          "Snapshots: 27 passed, 0 total",
          "Using Python 3.9",
          "Cache miss for key-7566",
          "HEAD is now at da6800d",
          "Step 13/21: Deploying",
          "GET /health - 204 (35ms)",
          "\u2713 Step 'test' succeeded",
          "npm install: added 89 packages",
          "Image pulled successfully",
          "[12:52:02] INFO: Connecting to database",
          "Using Python 3.9",
          "Step 12/19: Linting",
          "Compiling src/handler.rs...",
          "[12:52:02] WARN: Deprecated API usage",
          "[12:52:02] INFO: Request completed",
          "Processing...",
          "Layer 5/12: RUN command",
          "Using Python 3.9",
          "TLS handshake completed",
          "Platform: darwin-arm64",
          "Step 1/17: Running migrations",
          "[12:52:02] WARN: Deprecated API usage",
          "Ran 92 tests in 55s",
          "Waiting...",
          "[12:52:02] DEBUG: Loading configuration",
          "Pushing to registry...",
          "\u2713 Task completed in 773ms",
          "Optimizing 74 modules...",
          "Artifact uploaded: build.tar.gz (47MB)",
          "WARNING: express has known vulnerabilities",
          "Creating production build...",
          "Processing...",
          "Platform: linux-x64",
          "[12:52:02] INFO: Starting build process",
          "Cache hit for key-1868",
          "NODE_ENV=development",
          "  PASS: test_auth_login (249ms)",
          "npm install: resolved 1789 packages",
          "Transforming 403 files...",
          "Tests: 409 passed, 318 total",
          "GET /api - 200 (59ms)",
          "Ready.",
          "POST /api - 201 (89ms)",
          "Layer 2/12: ENV command",
          "Generating source maps...",
          "Switched to branch 'bugfix/task-244'",
          "Done.",
          "[12:52:02] INFO: Processing request",
          "[12:52:02] WARN: Deprecated API usage",
          "pip: Installing build dependencies...",
          "\u2713 package completed",
          "Cache hit for key-2297",
          "Artifact uploaded: dist.zip (46MB)",
          "Tests: 179 passed, 416 total",
          "Coverage: 79% statements, 97% branches",
          "[12:52:02] DEBUG: Query executed in 64ms",
          "Fetching submodules...",
          "Bundling styles.js",
          "[12:52:02] WARN: Deprecated API usage",
          "Loading...",
          "Cache restored successfully (225MB)",
          "Uploading artifact 'dist' (2 files)",
          "Step 13/19: Installing dependencies",
          "npm notice: package.json updated",
          "pip: Downloading axios-2.15.tar.gz",
          "pip: Collecting eslint",
          "[12:52:02] INFO: Cache refreshed",
          "\u2713 validate completed",
          "[12:52:02] WARN: Deprecated API usage",
          "Success!",
          "WARNING: lodash has known vulnerabilities",
          "Optimizing 84 modules...",
          "Using Python 3.11",
          "pip install: Successfully installed prettier-5.2",
          "Verifying...",
          "Already up to date.",
          "Transforming 601 files...",
          "Processing...",
          "WARNING: eslint has known vulnerabilities",
          "Optimizing 92 modules...",
          "Snapshots: 32 passed, 5 total",
          "Compiling utils/app.ts...",
          "Compiling components/app.ts...",
          "Connection established",
          "OK",
          "npm install: resolved 247 packages",
          "NODE_ENV=development",
          "Compiling lib/handler.rs...",
          "\u26a0 DEPRECATION: Feature will be removed in v5.0",
          "Generating source maps...",
          "[12:52:02] INFO: Request completed",
          "Cache saved successfully",
          "Test Suites: 27 passed, 18 total",
          "Cache invalidated: node_modules",
          "Fetching submodules...",
          "Bundling vendor.js",
          "Cache restored successfully (39MB)",
          "Step 7/20: Building",
          "Fetching submodules...",
          "Done.",
          "[12:52:02] DEBUG: Connection pool: 20 active",
          "Finished.",
          "Platform: linux-x64",
          "Ran 106 tests in 32s",
          "\u26a0 DEPRECATION: Feature will be removed in v3.0",
          "Processing...",
          "Image pulled successfully",
          "Minifying vendor.js",
          "Pushing to registry...",
          "=== Step setup_environment completed ==="
        ]
      },
      {
        "name": "build",
        "status": "success",
        "started_at": "2025-11-30T12:52:56.432329",
        "finished_at": "2025-11-30T12:53:41.453747",
        "log_lines": [
          "=== Step: build ===",
          "Step 16/17: Running migrations",
          "Finished.",
          "Success!",
          "npm install: resolved 1636 packages",
          "Cache invalidated: build",
          "  PASS: unit/test_cache_hit.spec.js",
          "Artifact uploaded: dist.zip (4MB)",
          "npm install: added 469 packages",
          "Platform: darwin-arm64",
          "yarn add: Done in 19.88s",
          "Layer 8/15: ENV command",
          "Transforming 134 files...",
          "  PASS: test_db_connect (276ms)",
          "pip: Installing build dependencies...",
          "Compiling src/app.ts...",
          "Minifying main.js",
          "yarn add: Done in 3.19s",
          "Compiling utils/index.js...",
          "Cache restored successfully (335MB)",
          "Using Node.js 14.17.3",
          "Connection established",
          "HEAD is now at 088a089",
          "[12:52:02] DEBUG: Initializing service",
          "Fetching submodules...",
          "Connection established",
          "  PASS: test_user_create (394ms)",
          "Step 1/23: Testing",
          "Fetching submodules...",
          "\u26a0 DEPRECATION: Feature will be removed in v5.0",
          "Compiling components/utils.go...",
          "Layer 2/13: ENV command",
          "Building Docker image...",
          "Cache saved successfully",
          "Step 8/16: Installing dependencies",
          "Completed.",
          "[12:52:02] INFO: Cache refreshed",
          "Artifact uploaded: build.tar.gz (28MB)",
          "Compiling src/index.js...",
          "POST /upload - 201 (107ms)",
          "Done.",
          "Building Docker image...",
          "npm install: added 437 packages",
          "Cache invalidated: node_modules",
          "Compiling utils/app.ts...",
          "Minifying app.js",
          "Verifying...",
          "[12:52:02] WARN: Deprecated API usage",
          "\u2713 All checks passed",
          "\u2717 build failed with exit code 2",
          "Cache hit for key-5568",
          "Processing...",
          "POST /data - 202 (77ms)",
          "Step 16/17: Installing dependencies",
          "\u2713 lint completed",
          "Step 20/21: Building",
          "\u26a0 DEPRECATION: Feature will be removed in v3.0",
          "Coverage: 92% statements, 60% branches",
          "Cache restored successfully (115MB)",
          "Time: 118.424s",
          "Step 17/25: Testing",
          "npm notice: created a lockfile",
          "Compiling utils/app.ts...",
          "Step 10/16: Installing dependencies",
          "pip: Collecting prettier",
          "Processing...",
          "\u2713 Step 'checkout' succeeded",
          "WARNING: react has known vulnerabilities",
          "Building Docker image...",
          "pip: Collecting eslint",
          "[12:52:02] DEBUG: Initializing service",
          "Cache invalidated: build",
          "TLS handshake completed",
          "Ran 187 tests in 35s",
          "Cache hit for key-6771",
          "[12:52:02] DEBUG: Memory usage: 1599MB",
          "Environment: staging",
          "Fetching from https://githubusercontent.com/package.json",
          "Layer 3/9: RUN command",
          "OK",
          "Fetching submodules...",
          "WARNING: express has known vulnerabilities",
          "Ready.",
          "Ran 190 tests in 55s",
          "Ran 183 tests in 55s",
          "[12:52:02] INFO: Processing request",
          "TLS handshake completed",
          "Pulling image: node:latest",
          "[12:52:02] DEBUG: Memory usage: 1230MB",
          "[12:52:02] INFO: Cache refreshed",
          "Ran 48 tests in 10s",
          "[12:52:02] INFO: Request completed",
          "Cache saved successfully",
          "Step 8/22: Installing dependencies",
          "Cache restored successfully (411MB)",
          "Fetching submodules...",
          "[12:52:02] DEBUG: Loading configuration",
          "Cache saved successfully",
          "Waiting...",
          "Step 14/24: Testing",
          "Processing...",
          "TLS handshake completed",
          "Ready.",
          "Done.",
          "Done.",
          "Pulling image: node:latest",
          "Creating production build...",
          "[12:52:02] INFO: Processing request",
          "Waiting...",
          "Test Suites: 36 passed, 46 total",
          "Step 5/23: Running migrations",
          "POST /upload - 200 (463ms)",
          "[12:52:02] INFO: Connecting to database",
          "Coverage: 87% statements, 99% branches",
          "HEAD is now at 8767823",
          "[12:52:02] DEBUG: Memory usage: 1049MB",
          "Creating production build...",
          "Uploading artifact 'dist' (23 files)",
          "Transforming 681 files...",
          "Cache miss for key-4457",
          "Using Node.js 15.19.2",
          "Pulling image: node:3.11",
          "pip: Collecting prettier",
          "Step 11/17: Deploying",
          "GET /health - 204 (36ms)",
          "NODE_ENV=development",
          "Coverage: 88% statements, 79% branches",
          "[12:52:02] INFO: Starting build process",
          "Finished.",
          "[12:52:02] INFO: Request completed",
          "[12:52:02] DEBUG: Initializing service",
          "[12:52:02] DEBUG: Loading configuration",
          "pip install: Successfully installed react-2.13",
          "[12:52:02] DEBUG: Query executed in 68ms",
          "Done.",
          "GET /api - 201 (97ms)",
          "\u2713 All checks passed",
          "Time: 58.9s",
          "[12:52:02] DEBUG: Initializing service",
          "[12:52:02] DEBUG: Connection pool: 6 active",
          "Bundling vendor.css",
          "pip install: Successfully installed express-3.3",
          "Generating source maps...",
          "Artifact uploaded: build.tar.gz (47MB)",
          "Switched to branch 'bugfix/task-540'",
          "\u26a0 DEPRECATION: Feature will be removed in v2.0",
          "Artifact uploaded: dist.zip (100MB)",
          "Step 1/23: Building",
          "[12:52:02] DEBUG: Query executed in 2ms",
          "  PASS: test_user_create (489ms)",
          "\u2713 test completed",
          "[12:52:02] DEBUG: Connection pool: 17 active",
          "Optimizing 59 modules...",
          "NODE_ENV=test",
          "WARNING: prettier has known vulnerabilities",
          "OK",
          "pip install: Successfully installed eslint-3.18",
          "Ready.",
          "Step 11/24: Testing",
          "Snapshots: 11 passed, 8 total",
          "Step 19/24: Deploying",
          "pip: Collecting webpack",
          "Ready.",
          "Using Node.js 16.18.6",
          "Compiling utils/utils.go...",
          "Loading...",
          "[12:52:02] DEBUG: Initializing service",
          "Optimizing 81 modules...",
          "POST /data - 201 (45ms)",
          "Completed.",
          "Step 5/23: Testing",
          "  PASS: test_cache_hit (171ms)",
          "Fetching submodules...",
          "Switched to branch 'bugfix/task-570'",
          "Done.",
          "Bundling vendor.js",
          "Creating production build...",
          "yarn add: Done in 13.63s",
          "Using Node.js 16.1.9",
          "Pushing to registry...",
          "[12:52:02] DEBUG: Memory usage: 1392MB",
          "npm notice: created a lockfile",
          "Creating production build...",
          "[12:52:02] DEBUG: Memory usage: 741MB",
          "GET /health - 204 (98ms)",
          "WARNING: axios has known vulnerabilities",
          "Fetching from https://registry.npmjs.org/package.json",
          "Step 15/20: Testing",
          "[12:52:02] ERROR: Connection failed",
          "\u2713 package completed",
          "[12:52:02] WARN: Deprecated API usage",
          "Switched to branch 'hotfix/task-309'",
          "Loading...",
          "Loading...",
          "npm notice: created a lockfile",
          "Ran 179 tests in 10s",
          "Already up to date.",
          "Finished.",
          "Creating production build...",
          "Compiling components/utils.go...",
          "\u2713 All checks passed",
          "Completed.",
          "Ran 186 tests in 11s",
          "Step 18/24: Installing dependencies",
          "Step 15/24: Building",
          "HEAD is now at dd1fd57",
          "Cache invalidated: dependencies",
          "Verifying...",
          "Image pulled successfully",
          "Cache hit for key-4512",
          "Waiting...",
          "Cache saved successfully",
          "WARNING: lodash has known vulnerabilities",
          "Compiling utils/index.js...",
          "Compiling components/app.ts...",
          "Switched to branch 'bugfix/task-235'",
          "Ran 83 tests in 31s",
          "  PASS: test_user_create (202ms)",
          "HEAD is now at b2ce93a",
          "\u2713 All checks passed",
          "Cache saved successfully",
          "Compiling lib/index.js...",
          "Coverage: 93% statements, 64% branches",
          "FAILED: test_user_create",
          "FAILED: test_api_health",
          "[12:52:02] INFO: Cache refreshed",
          "Compiling components/app.ts...",
          "Using Node.js 15.15.6",
          "Waiting...",
          "Layer 2/10: COPY command",
          "Snapshots: 14 passed, 5 total",
          "Done.",
          "Switched to branch 'hotfix/task-371'",
          "Cache miss for key-8085",
          "Snapshots: 43 passed, 28 total",
          "[12:52:02] INFO: Starting build process",
          "Step 16/21: Deploying",
          "Tests: 115 passed, 105 total",
          "[12:52:02] DEBUG: Connection pool: 9 active",
          "[12:52:02] INFO: Starting build process",
          "Uploading artifact 'build' (26 files)",
          "[12:52:02] DEBUG: Query executed in 70ms",
          "Step 17/22: Testing",
          "Artifact downloaded: 48MB",
          "Artifact uploaded: dist.zip (69MB)",
          "Coverage: 76% statements, 63% branches",
          "Verifying...",
          "Test Suites: 30 passed, 30 total",
          "Exception: ValueError",
          "[12:52:02] DEBUG: Memory usage: 1434MB",
          "  PASS: integration/test_user_create.spec.js",
          "Checking out develop branch",
          "\u2717 build failed with exit code 91",
          "Ready.",
          "Artifact downloaded: 33MB",
          "Cache hit for key-5929",
          "Cache invalidated: dependencies",
          "Time: 4.544s",
          "Step 7/23: Testing",
          "[12:52:02] INFO: Request completed",
          "npm install: added 214 packages",
          "Uploading artifact 'coverage' (22 files)",
          "[12:52:02] DEBUG: Query executed in 66ms",
          "Minifying app.js",
          "Step 16/22: Deploying",
          "Compiling lib/service.java...",
          "[12:52:02] INFO: Starting build process",
          "[12:52:02] INFO: Starting build process",
          "[12:52:02] ERROR: Connection failed",
          "Snapshots: 17 passed, 2 total",
          "Cache saved successfully",
          "Cache restored successfully (275MB)",
          "Switched to branch 'hotfix/task-687'",
          "GET /api - 204 (9ms)",
          "Compiling src/index.js...",
          "Loading...",
          "npm notice: created a lockfile",
          "Cache hit for key-7909",
          "Building Docker image...",
          "[12:52:02] DEBUG: Connection pool: 14 active",
          "Step 10/20: Testing",
          "Step 12/23: Deploying",
          "[12:52:02] INFO: Connecting to database",
          "npm install: resolved 534 packages",
          "[12:52:02] DEBUG: Memory usage: 1334MB",
          "Cache miss for key-4091",
          "Cache invalidated: node_modules",
          "Uploading artifact 'dist' (27 files)",
          "[12:52:02] WARN: Deprecated API usage",
          "Cache hit for key-5232",
          "Compiling components/main.py...",
          "Compiling components/service.java...",
          "Pushing to registry...",
          "Cache restored successfully (368MB)",
          "=== Step build completed ==="
        ]
      },
      {
        "name": "deploy_production",
        "status": "success",
        "started_at": "2025-11-30T12:53:41.453747",
        "finished_at": "2025-11-30T12:53:47.456603",
        "log_lines": [
          "=== Step: deploy_production ===",
          "Cache restored successfully (248MB)",
          "Waiting...",
          "\u2717 build failed with exit code 54",
          "npm notice: package.json updated",
          "pip: Downloading prettier-3.7.tar.gz",
          "Snapshots: 5 passed, 14 total",
          "HEAD is now at c68a99b",
          "[12:52:02] INFO: Connecting to database",
          "Completed.",
          "\u2713 Step 'build' succeeded",
          "Already up to date.",
          "[12:52:02] INFO: Request completed",
          "WARNING: lodash has known vulnerabilities",
          "Verifying...",
          "TLS handshake completed",
          "[12:52:02] INFO: Request completed",
          "Time: 93.34s",
          "\u2713 Step 'setup' succeeded",
          "Cache hit for key-7997",
          "GET /status - 201 (25ms)",
          "pip install: Successfully installed jest-1.19",
          "Environment: staging",
          "Compiling utils/handler.rs...",
          "\u2713 Step 'install' succeeded",
          "pip: Installing build dependencies...",
          "  PASS: test_auth_login (203ms)",
          "\u2713 Task completed in 3554ms",
          "Exception: RuntimeError",
          "Compiling components/service.java...",
          "npm notice: package.json updated",
          "Cache invalidated: build",
          "npm install: resolved 594 packages",
          "[12:52:02] WARN: Deprecated API usage",
          "pip install: Successfully installed react-1.15",
          "Step 8/16: Linting",
          "Cache hit for key-1138",
          "\u2717 build failed with exit code 83",
          "Using Python 3.9",
          "Environment: development",
          "Success!",
          "\u26a0 DEPRECATION: Feature will be removed in v5.0",
          "Cache invalidated: dependencies",
          "Processing...",
          "[12:52:02] DEBUG: Loading configuration",
          "\u26a0 DEPRECATION: Feature will be removed in v3.0",
          "pip: Collecting webpack",
          "Done.",
          "Using Python 3.10",
          "Creating production build...",
          "Step 10/16: Installing dependencies",
          "\u2713 lint completed",
          "Already up to date.",
          "pip install: Successfully installed webpack-2.19",
          "Layer 7/9: RUN command",
          "Artifact uploaded: dist.zip (88MB)",
          "Time: 31.866s",
          "Finished.",
          "Artifact uploaded: dist.zip (73MB)",
          "Layer 2/9: COPY command",
          "[12:52:02] ERROR: Connection failed",
          "Time: 38.854s",
          "Building Docker image...",
          "Verifying...",
          "Done.",
          "Artifact downloaded: 2MB",
          "Cache hit for key-5635",
          "[12:52:02] DEBUG: Memory usage: 1715MB",
          "npm install: added 444 packages",
          "[12:52:02] INFO: Processing request",
          "Fetching submodules...",
          "[12:52:02] DEBUG: Initializing service",
          "Finished.",
          "Done.",
          "[12:52:02] DEBUG: Loading configuration",
          "  PASS: test_api_health (50ms)",
          "Transforming 697 files...",
          "Step 3/21: Testing",
          "WARNING: jest has known vulnerabilities",
          "Transforming 179 files...",
          "OK",
          "Pulling image: python:3.11",
          "Processing...",
          "Transforming 788 files...",
          "Step 1/25: Deploying",
          "WARNING: axios has known vulnerabilities",
          "WARNING: express has known vulnerabilities",
          "FAILED: test_auth_login",
          "pip: Collecting axios",
          "Artifact uploaded: dist.zip (2MB)",
          "npm install: added 408 packages",
          "[12:52:02] DEBUG: Memory usage: 1576MB",
          "Time: 8.765s",
          "FAILED: test_cache_hit",
          "[12:52:02] DEBUG: Initializing service",
          "Waiting...",
          "Tests: 234 passed, 472 total",
          "Bundling styles.js",
          "Connection established",
          "Step 7/19: Installing dependencies",
          "Using Node.js 19.14.7",
          "Step 5/16: Linting",
          "Connection established",
          "Pulling image: alpine:latest",
          "[12:52:02] DEBUG: Initializing service",
          "\u2713 All checks passed",
          "Uploading artifact 'build' (43 files)",
          "TLS handshake completed",
          "Layer 2/11: COPY command",
          "Step 17/18: Installing dependencies",
          "npm install: resolved 172 packages",
          "Exception: ValueError",
          "Step 1/15: Running migrations",
          "Environment: production",
          "Pulling image: node:18",
          "Step 2/24: Building",
          "[12:52:02] WARN: Deprecated API usage",
          "WARNING: eslint has known vulnerabilities",
          "[12:52:02] DEBUG: Memory usage: 946MB",
          "Installing prettier@4.13.3",
          "Step 8/15: Linting",
          "[12:52:02] WARN: Deprecated API usage",
          "Already up to date.",
          "[12:52:02] ERROR: Connection failed",
          "Processing...",
          "HEAD is now at ab14b48",
          "Done.",
          "[12:52:02] DEBUG: Initializing service",
          "NODE_ENV=production",
          "  PASS: test_user_create (475ms)",
          "Cache hit for key-5183",
          "Using Python 3.10",
          "\u2713 Step 'install' succeeded",
          "Step 11/18: Deploying",
          "Compiling src/utils.go...",
          "Artifact uploaded: dist.zip (67MB)",
          "\u2713 Step 'build' succeeded",
          "yarn add: Done in 8.28s",
          "WARNING: react has known vulnerabilities",
          "Compiling components/utils.go...",
          "\u26a0 DEPRECATION: Feature will be removed in v5.0",
          "NODE_ENV=production",
          "WARNING: express has known vulnerabilities",
          "Using Node.js 16.20.9",
          "Step 12/20: Running migrations",
          "Loading...",
          "npm install: resolved 688 packages",
          "\u26a0 DEPRECATION: Feature will be removed in v4.0",
          "Optimizing 83 modules...",
          "[12:52:02] INFO: Connecting to database",
          "[12:52:02] ERROR: Connection failed",
          "Step 2/20: Installing dependencies",
          "GET /status - 200 (94ms)",
          "Time: 46.505s",
          "[12:52:02] DEBUG: Connection pool: 9 active",
          "Installing jest@1.20.7",
          "Layer 10/14: RUN command",
          "Fetching submodules...",
          "Already up to date.",
          "Installing jest@1.5.10",
          "Compiling src/handler.rs...",
          "Ready.",
          "TLS handshake completed",
          "\u2713 All checks passed",
          "Pulling image: alpine:18",
          "Step 14/21: Installing dependencies",
          "Tests: 425 passed, 406 total",
          "\u2713 package completed",
          "Installing prettier@3.8.7",
          "[12:52:02] INFO: Starting build process",
          "GET /api - 200 (34ms)",
          "pip install: Successfully installed lodash-4.4",
          "Cache saved successfully",
          "Processing...",
          "[12:52:02] DEBUG: Memory usage: 1853MB",
          "Using Python 3.9",
          "pip: Downloading webpack-4.19.tar.gz",
          "Completed.",
          "pip: Downloading express-5.17.tar.gz",
          "Step 8/15: Building",
          "Artifact downloaded: 50MB",
          "Compiling lib/service.java...",
          "Finished.",
          "Fetching submodules...",
          "Cache restored successfully (18MB)",
          "Artifact uploaded: build.tar.gz (23MB)",
          "Tests: 223 passed, 296 total",
          "Compiling components/app.ts...",
          "[12:52:02] INFO: Starting build process",
          "FAILED: test_cache_hit",
          "[12:52:02] INFO: Request completed",
          "Using Node.js 18.14.9",
          "Loading...",
          "\u2713 test completed",
          "\u26a0 DEPRECATION: Feature will be removed in v2.0",
          "Creating production build...",
          "OK",
          "Optimizing 84 modules...",
          "Using Python 3.11",
          "Test Suites: 14 passed, 22 total",
          "pip: Downloading react-2.17.tar.gz",
          "\u2713 All checks passed",
          "Completed.",
          "Pushing to registry...",
          "\u2713 Task completed in 3549ms",
          "HEAD is now at db8d3b4",
          "TLS handshake completed",
          "Cache saved successfully",
          "Already up to date.",
          "Pushing to registry...",
          "Step 3/25: Running migrations",
          "  PASS: e2e/test_cache_hit.spec.js",
          "Done.",
          "\u2713 Step 'build' succeeded",
          "Minifying app.js",
          "Uploading artifact 'coverage' (14 files)",
          "\u2717 build failed with exit code 7",
          "Minifying main.js",
          "[12:52:02] DEBUG: Connection pool: 18 active",
          "Done.",
          "Step 1/19: Linting",
          "OK",
          "pip: Installing build dependencies...",
          "Loading...",
          "\u2713 test completed",
          "[12:52:02] INFO: Connecting to database",
          "Coverage: 82% statements, 79% branches",
          "\u2717 build failed with exit code 57",
          "[12:52:02] DEBUG: Memory usage: 134MB",
          "\u2713 Step 'build' succeeded",
          "  PASS: unit/test_db_connect.spec.js",
          "Cache invalidated: dependencies",
          "Step 3/24: Linting",
          "\u2713 Step 'setup' succeeded",
          "Success!",
          "FAILED: test_auth_login",
          "pip: Installing build dependencies...",
          "\u2713 test completed",
          "Layer 9/12: ENV command",
          "\u26a0 DEPRECATION: Feature will be removed in v3.0",
          "Installing prettier@1.8.7",
          "pip install: Successfully installed jest-3.2",
          "[12:52:02] WARN: Deprecated API usage",
          "Uploading artifact 'build' (21 files)",
          "Platform: win32-x64",
          "[12:52:02] WARN: Deprecated API usage",
          "[12:52:02] INFO: Request completed",
          "Verifying...",
          "NODE_ENV=production",
          "Generating source maps...",
          "Using Python 3.9",
          "[12:52:02] WARN: Deprecated API usage",
          "Compiling src/main.py...",
          "Switched to branch 'hotfix/task-656'",
          "npm notice: created a lockfile",
          "Bundling styles.js",
          "Success!",
          "npm notice: package.json updated",
          "Waiting...",
          "Bundling main.js",
          "pip: Collecting eslint",
          "npm install: resolved 1905 packages",
          "Step 6/22: Running migrations",
          "pip: Collecting react",
          "\u2713 All checks passed",
          "WARNING: prettier has known vulnerabilities",
          "Cache restored successfully (445MB)",
          "Test Suites: 40 passed, 13 total",
          "Building Docker image...",
          "Connection established",
          "Creating production build...",
          "[12:52:02] ERROR: Connection failed",
          "Ran 56 tests in 42s",
          "[12:52:02] DEBUG: Initializing service",
          "\u2713 All checks passed",
          "Bundling vendor.css",
          "WARNING: webpack has known vulnerabilities",
          "Already up to date.",
          "Checking out master branch",
          "Cache miss for key-1517",
          "[12:52:02] INFO: Connecting to database",
          "Image pulled successfully",
          "Switched to branch 'hotfix/task-508'",
          "pip: Installing build dependencies...",
          "[12:52:02] INFO: Connecting to database",
          "Image pulled successfully",
          "[12:52:02] DEBUG: Loading configuration",
          "Compiling src/app.ts...",
          "Finished.",
          "Artifact uploaded: build.tar.gz (40MB)",
          "npm install: added 173 packages",
          "npm install: resolved 154 packages",
          "Step 1/17: Testing",
          "Loading...",
          "=== Step deploy_production completed ==="
        ]
      },
      {
        "name": "save_cache",
        "status": "success",
        "started_at": "2025-11-30T12:53:47.456603",
        "finished_at": "2025-11-30T12:53:56.460887",
        "log_lines": [
          "=== Step: save_cache ===",
          "Success!",
          "Done.",
          "Cache invalidated: node_modules",
          "Environment: test",
          "Compiling components/handler.rs...",
          "WARNING: express has known vulnerabilities",
          "Artifact uploaded: build.tar.gz (28MB)",
          "Cache invalidated: build",
          "Connection established",
          "Transforming 930 files...",
          "pip: Installing build dependencies...",
          "Step 6/19: Testing",
          "pip install: Successfully installed eslint-2.8",
          "WARNING: jest has known vulnerabilities",
          "  PASS: test_db_connect (121ms)",
          "Artifact uploaded: build.tar.gz (44MB)",
          "FAILED: test_api_health",
          "Pulling image: alpine:3.11",
          "Ran 32 tests in 30s",
          "pip: Collecting axios",
          "POST /data - 200 (373ms)",
          "Optimizing 16 modules...",
          "  PASS: unit/test_user_create.spec.js",
          "\u26a0 DEPRECATION: Feature will be removed in v4.0",
          "Cache saved successfully",
          "Using Python 3.12",
          "\u2717 build failed with exit code 112",
          "Connection established",
          "Generating source maps...",
          "Cache hit for key-8592",
          "WARNING: axios has known vulnerabilities",
          "pip: Installing build dependencies...",
          "Step 7/19: Installing dependencies",
          "Finished.",
          "Verifying...",
          "\u26a0 DEPRECATION: Feature will be removed in v2.0",
          "Environment: test",
          "Fetching from https://githubusercontent.com/package.json",
          "Compiling src/service.java...",
          "WARNING: axios has known vulnerabilities",
          "Step 18/19: Running migrations",
          "Step 12/18: Testing",
          "Pulling image: alpine:18",
          "Building Docker image...",
          "[12:52:02] DEBUG: Loading configuration",
          "Tests: 61 passed, 358 total",
          "Optimizing 86 modules...",
          "npm notice: created a lockfile",
          "pip: Collecting eslint",
          "Cache miss for key-7745",
          "Ran 195 tests in 4s",
          "OK",
          "pip: Collecting lodash",
          "\u26a0 DEPRECATION: Feature will be removed in v3.0",
          "pip install: Successfully installed webpack-1.12",
          "NODE_ENV=test",
          "Cache miss for key-2660",
          "Cache invalidated: dependencies",
          "Artifact downloaded: 19MB",
          "Using Python 3.10",
          "[12:52:02] ERROR: Connection failed",
          "Using Python 3.10",
          "Done.",
          "Compiling lib/handler.rs...",
          "Compiling src/app.ts...",
          "Pushing to registry...",
          "Compiling src/utils.go...",
          "  PASS: test_cache_hit (38ms)",
          "Image pulled successfully",
          "Pushing to registry...",
          "pip install: Successfully installed webpack-4.1",
          "Connection established",
          "Compiling utils/main.py...",
          "Connection established",
          "[12:52:02] WARN: Deprecated API usage",
          "Loading...",
          "Compiling components/utils.go...",
          "Waiting...",
          "Ran 157 tests in 14s",
          "Pushing to registry...",
          "WARNING: express has known vulnerabilities",
          "Fetching from https://github.com/package.json",
          "\u2713 Task completed in 781ms",
          "Connection established",
          "WARNING: jest has known vulnerabilities",
          "Test Suites: 36 passed, 47 total",
          "Creating production build...",
          "\u2713 Task completed in 1842ms",
          "Optimizing 30 modules...",
          "WARNING: prettier has known vulnerabilities",
          "WARNING: express has known vulnerabilities",
          "[12:52:02] INFO: Connecting to database",
          "POST /data - 202 (263ms)",
          "Uploading artifact 'dist' (46 files)",
          "Cache saved successfully",
          "Installing express@3.6.4",
          "Artifact uploaded: dist.zip (48MB)",
          "[12:52:02] INFO: Processing request",
          "[12:52:02] INFO: Starting build process",
          "Cache restored successfully (437MB)",
          "yarn add: Done in 13.28s",
          "Minifying main.js",
          "\u2713 All checks passed",
          "[12:52:02] DEBUG: Initializing service",
          "\u2713 All checks passed",
          "Step 13/22: Building",
          "yarn add: Done in 16.81s",
          "Processing...",
          "WARNING: react has known vulnerabilities",
          "Completed.",
          "[12:52:02] INFO: Starting build process",
          "\u2713 Task completed in 1660ms",
          "Cache miss for key-9871",
          "Step 7/22: Linting",
          "Cache hit for key-2597",
          "npm install: added 337 packages",
          "Tests: 411 passed, 302 total",
          "Step 4/22: Installing dependencies",
          "FAILED: test_auth_login",
          "Bundling styles.js",
          "Environment: development",
          "npm install: added 20 packages",
          "Bundling styles.js",
          "Pulling image: node:3.11",
          "Step 19/24: Testing",
          "  PASS: unit/test_api_health.spec.js",
          "Artifact uploaded: build.tar.gz (49MB)",
          "Step 1/22: Running migrations",
          "Compiling lib/main.py...",
          "Waiting...",
          "WARNING: eslint has known vulnerabilities",
          "\u2713 Step 'checkout' succeeded",
          "[12:52:02] DEBUG: Memory usage: 294MB",
          "NODE_ENV=production",
          "OK",
          "Platform: darwin-arm64",
          "Step 12/19: Building",
          "  PASS: test_auth_login (415ms)",
          "Already up to date.",
          "Completed.",
          "Artifact downloaded: 45MB",
          "[12:52:02] DEBUG: Loading configuration",
          "Step 13/16: Linting",
          "Pulling image: node:3.11",
          "Done.",
          "\u2713 Step 'setup' succeeded",
          "pip: Downloading webpack-3.5.tar.gz",
          "Processing...",
          "WARNING: jest has known vulnerabilities",
          "Test Suites: 43 passed, 38 total",
          "Pushing to registry...",
          "[12:52:02] DEBUG: Loading configuration",
          "Cache miss for key-7680",
          "Step 4/22: Installing dependencies",
          "Compiling components/app.ts...",
          "Image pulled successfully",
          "TLS handshake completed",
          "Test Suites: 17 passed, 35 total",
          "Finished.",
          "Using Node.js 17.20.5",
          "Fetching submodules...",
          "WARNING: axios has known vulnerabilities",
          "Cache hit for key-4010",
          "\u2717 build failed with exit code 102",
          "Step 16/24: Installing dependencies",
          "HEAD is now at 0dc119a",
          "Done.",
          "pip: Downloading react-4.2.tar.gz",
          "Fetching submodules...",
          "pip: Downloading webpack-1.11.tar.gz",
          "\u26a0 DEPRECATION: Feature will be removed in v2.0",
          "Waiting...",
          "GET /api - 201 (34ms)",
          "  PASS: test_db_connect (300ms)",
          "Artifact uploaded: build.tar.gz (38MB)",
          "Step 17/23: Installing dependencies",
          "Artifact downloaded: 48MB",
          "Fetching submodules...",
          "Time: 47.473s",
          "pip: Downloading express-3.15.tar.gz",
          "Compiling utils/app.ts...",
          "  PASS: test_api_health (292ms)",
          "pip: Installing build dependencies...",
          "Snapshots: 2 passed, 10 total",
          "Cache hit for key-4552",
          "[12:52:02] INFO: Request completed",
          "Ready.",
          "TLS handshake completed",
          "  PASS: e2e/test_api_health.spec.js",
          "Switched to branch 'feature/task-506'",
          "[12:52:02] DEBUG: Loading configuration",
          "npm install: added 358 packages",
          "Checking out develop branch",
          "Fetching from https://docker.io/package.json",
          "Minifying app.js",
          "Layer 10/8: COPY command",
          "Compiling src/main.py...",
          "Pushing to registry...",
          "Building Docker image...",
          "Layer 4/11: COPY command",
          "Done.",
          "Step 13/23: Installing dependencies",
          "Already up to date.",
          "Compiling src/utils.go...",
          "Step 10/18: Deploying",
          "Cache miss for key-9988",
          "WARNING: webpack has known vulnerabilities",
          "Fetching submodules...",
          "Step 2/16: Deploying",
          "Success!",
          "\u2713 Task completed in 323ms",
          "[12:52:02] WARN: Deprecated API usage",
          "npm install: resolved 835 packages",
          "Artifact uploaded: build.tar.gz (18MB)",
          "Ready.",
          "[12:52:02] DEBUG: Connection pool: 5 active",
          "[12:52:02] DEBUG: Loading configuration",
          "Artifact downloaded: 41MB",
          "Creating production build...",
          "Ran 160 tests in 35s",
          "Artifact downloaded: 13MB",
          "pip: Downloading jest-5.6.tar.gz",
          "Step 2/16: Running migrations",
          "Cache restored successfully (114MB)",
          "[12:52:02] INFO: Processing request",
          "Step 13/25: Testing",
          "Generating source maps...",
          "\u2713 Step 'checkout' succeeded",
          "Step 9/17: Deploying",
          "\u2713 All checks passed",
          "npm install: resolved 1746 packages",
          "Done.",
          "Installing axios@1.13.3",
          "[12:52:02] DEBUG: Query executed in 74ms",
          "Cache hit for key-4738",
          "\u2713 All checks passed",
          "Pulling image: node:18",
          "WARNING: jest has known vulnerabilities",
          "pip: Downloading express-1.17.tar.gz",
          "GET /api - 201 (18ms)",
          "Coverage: 84% statements, 76% branches",
          "\u2713 Step 'install' succeeded",
          "Cache restored successfully (171MB)",
          "Fetching from https://pypi.org/package.json",
          "\u2713 Task completed in 4160ms",
          "Uploading artifact 'dist' (2 files)",
          "WARNING: jest has known vulnerabilities",
          "Pulling image: python:18",
          "Optimizing 77 modules...",
          "Generating source maps...",
          "\u2717 build failed with exit code 71",
          "Compiling lib/utils.go...",
          "\u2713 Step 'install' succeeded",
          "Waiting...",
          "pip: Installing build dependencies...",
          "\u26a0 DEPRECATION: Feature will be removed in v4.0",
          "NODE_ENV=test",
          "Environment: production",
          "POST /api - 202 (387ms)",
          "Pushing to registry...",
          "yarn add: Done in 9.7s",
          "Exception: NullPointerException",
          "[12:52:02] DEBUG: Memory usage: 1703MB",
          "[12:52:02] INFO: Request completed",
          "Time: 67.0s",
          "Step 20/18: Testing",
          "Step 12/16: Testing",
          "Layer 4/14: RUN command",
          "[12:52:02] DEBUG: Query executed in 43ms",
          "Environment: production",
          "Environment: development",
          "Cache saved successfully",
          "FAILED: test_auth_login",
          "[12:52:02] INFO: Starting build process",
          "\u26a0 DEPRECATION: Feature will be removed in v5.0",
          "npm notice: package.json updated",
          "Cache restored successfully (45MB)",
          "Step 9/18: Installing dependencies",
          "Minifying main.js",
          "npm install: added 468 packages",
          "NODE_ENV=test",
          "Step 16/17: Linting",
          "Generating source maps...",
          "\u2717 build failed with exit code 38",
          "Compiling lib/index.js...",
          "[12:52:02] DEBUG: Memory usage: 1572MB",
          "WARNING: express has known vulnerabilities",
          "Step 6/20: Installing dependencies",
          "Cache miss for key-3954",
          "[12:52:02] INFO: Connecting to database",
          "Success!",
          "Using Python 3.12",
          "Cache restored successfully (340MB)",
          "=== Step save_cache completed ==="
        ]
      },
      {
        "name": "checkout",
        "status": "success",
        "started_at": "2025-11-30T12:53:56.460887",
        "finished_at": "2025-11-30T12:54:02.463743",
        "log_lines": [
          "=== Step: checkout ===",
          "Layer 6/9: COPY command",
          "[12:52:02] DEBUG: Query executed in 60ms",
          "npm install: resolved 619 packages",
          "\u26a0 DEPRECATION: Feature will be removed in v3.0",
          "Transforming 889 files...",
          "[12:52:02] INFO: Processing request",
          "Cache miss for key-6514",
          "TLS handshake completed",
          "Using Node.js 17.0.2",
          "[12:52:02] INFO: Connecting to database",
          "Finished.",
          "npm notice: package.json updated",
          "\u2717 build failed with exit code 117",
          "Done.",
          "Waiting...",
          "Cache miss for key-1376",
          "WARNING: eslint has known vulnerabilities",
          "Minifying app.js",
          "HEAD is now at 00475f9",
          "Success!",
          "Bundling vendor.js",
          "\u26a0 DEPRECATION: Feature will be removed in v5.0",
          "npm install: added 168 packages",
          "[12:52:02] ERROR: Connection failed",
          "[12:52:02] DEBUG: Memory usage: 1950MB",
          "WARNING: eslint has known vulnerabilities",
          "[12:52:02] INFO: Starting build process",
          "Environment: production",
          "Snapshots: 36 passed, 20 total",
          "[12:52:02] ERROR: Connection failed",
          "[12:52:02] INFO: Processing request",
          "Cache restored successfully (199MB)",
          "[12:52:02] WARN: Deprecated API usage",
          "Coverage: 75% statements, 77% branches",
          "Pushing to registry...",
          "Compiling utils/app.ts...",
          "Using Node.js 20.3.4",
          "[12:52:02] ERROR: Connection failed",
          "\u2713 validate completed",
          "Success!",
          "Coverage: 83% statements, 63% branches",
          "[12:52:02] WARN: Deprecated API usage",
          "[12:52:02] INFO: Cache refreshed",
          "Fetching from https://gcr.io/package.json",
          "[12:52:02] ERROR: Connection failed",
          "npm notice: package.json updated",
          "OK",
          "Cache invalidated: build",
          "  PASS: test_cache_hit (433ms)",
          "Pulling image: node:18",
          "pip install: Successfully installed eslint-4.8",
          "[12:52:02] DEBUG: Initializing service",
          "[12:52:02] INFO: Starting build process",
          "Tests: 147 passed, 292 total",
          "[12:52:02] INFO: Processing request",
          "Connection established",
          "  PASS: test_api_health (277ms)",
          "Step 6/20: Testing",
          "Waiting...",
          "\u2713 All checks passed",
          "\u2717 build failed with exit code 59",
          "Coverage: 75% statements, 91% branches",
          "Cache restored successfully (255MB)",
          "Installing jest@3.16.1",
          "Bundling runtime.css",
          "[12:52:02] DEBUG: Loading configuration",
          "Checking out main branch",
          "npm install: resolved 360 packages",
          "Layer 5/13: ENV command",
          "Artifact uploaded: dist.zip (62MB)",
          "Completed.",
          "Pushing to registry...",
          "Ran 189 tests in 31s",
          "Fetching submodules...",
          "npm install: resolved 463 packages",
          "Cache miss for key-1290",
          "Cache miss for key-8805",
          "npm notice: created a lockfile",
          "Installing prettier@5.17.6",
          "Tests: 211 passed, 259 total",
          "  PASS: unit/test_user_create.spec.js",
          "Completed.",
          "npm notice: package.json updated",
          "\u2713 Task completed in 834ms",
          "Compiling utils/index.js...",
          "TLS handshake completed",
          "Step 20/23: Building",
          "\u26a0 DEPRECATION: Feature will be removed in v4.0",
          "Finished.",
          "[12:52:02] INFO: Cache refreshed",
          "Step 4/18: Running migrations",
          "Test Suites: 24 passed, 12 total",
          "Fetching from https://registry.npmjs.org/package.json",
          "Verifying...",
          "Compiling utils/index.js...",
          "  PASS: test_cache_hit (242ms)",
          "\u2713 Step 'checkout' succeeded",
          "npm notice: package.json updated",
          "WARNING: jest has known vulnerabilities",
          "Using Python 3.12",
          "\u26a0 DEPRECATION: Feature will be removed in v5.0",
          "Using Python 3.11",
          "Cache saved successfully",
          "Done.",
          "Step 20/17: Building",
          "Loading...",
          "Generating source maps...",
          "Step 9/17: Installing dependencies",
          "Time: 10.292s",
          "Step 10/20: Building",
          "\u26a0 DEPRECATION: Feature will be removed in v2.0",
          "Building Docker image...",
          "Using Python 3.11",
          "Time: 110.72s",
          "npm notice: created a lockfile",
          "WARNING: eslint has known vulnerabilities",
          "Step 12/23: Linting",
          "Tests: 382 passed, 368 total",
          "\u26a0 DEPRECATION: Feature will be removed in v3.0",
          "Done.",
          "Layer 5/8: RUN command",
          "Artifact uploaded: dist.zip (34MB)",
          "npm install: resolved 801 packages",
          "  PASS: e2e/test_api_health.spec.js",
          "NODE_ENV=test",
          "[12:52:02] DEBUG: Memory usage: 1692MB",
          "[12:52:02] WARN: Deprecated API usage",
          "[12:52:02] DEBUG: Connection pool: 18 active",
          "WARNING: express has known vulnerabilities",
          "npm install: resolved 1119 packages",
          "[12:52:02] DEBUG: Connection pool: 1 active",
          "Waiting...",
          "pip: Downloading express-1.15.tar.gz",
          "Pulling image: node:3.11",
          "TLS handshake completed",
          "[12:52:02] WARN: Deprecated API usage",
          "Platform: linux-x64",
          "pip: Collecting prettier",
          "Artifact downloaded: 14MB",
          "[12:52:02] DEBUG: Loading configuration",
          "Verifying...",
          "Bundling runtime.css",
          "Tests: 171 passed, 266 total",
          "Cache invalidated: node_modules",
          "npm notice: package.json updated",
          "Checking out main branch",
          "Optimizing 57 modules...",
          "[12:52:02] INFO: Connecting to database",
          "OK",
          "Layer 6/13: COPY command",
          "Waiting...",
          "Cache miss for key-2405",
          "[12:52:02] WARN: Deprecated API usage",
          "OK",
          "[12:52:02] INFO: Processing request",
          "Fetching submodules...",
          "Compiling src/index.js...",
          "Platform: linux-x64",
          "GET /api - 201 (62ms)",
          "Creating production build...",
          "Image pulled successfully",
          "Environment: test",
          "npm notice: package.json updated",
          "HEAD is now at b680d27",
          "Switched to branch 'feature/task-840'",
          "Checking out develop branch",
          "Compiling utils/main.py...",
          "pip: Downloading express-4.9.tar.gz",
          "Step 11/15: Running migrations",
          "Pulling image: python:18",
          "[12:52:02] WARN: Deprecated API usage",
          "Image pulled successfully",
          "Cache invalidated: node_modules",
          "Environment: test",
          "[12:52:02] DEBUG: Loading configuration",
          "Fetching submodules...",
          "Minifying app.js",
          "Artifact uploaded: dist.zip (80MB)",
          "Completed.",
          "Cache invalidated: node_modules",
          "OK",
          "[12:52:02] DEBUG: Loading configuration",
          "Cache hit for key-8551",
          "Loading...",
          "Completed.",
          "Finished.",
          "POST /api - 200 (138ms)",
          "Cache saved successfully",
          "Snapshots: 41 passed, 48 total",
          "[12:52:02] DEBUG: Connection pool: 9 active",
          "Bundling main.css",
          "Step 3/24: Running migrations",
          "Step 11/22: Testing",
          "Compiling src/service.java...",
          "npm install: resolved 739 packages",
          "npm install: added 254 packages",
          "Artifact downloaded: 28MB",
          "Checking out develop branch",
          "Loading...",
          "\u2713 lint completed",
          "Layer 9/11: COPY command",
          "[12:52:02] DEBUG: Memory usage: 1822MB",
          "Using Node.js 14.10.8",
          "Fetching submodules...",
          "WARNING: prettier has known vulnerabilities",
          "Step 18/21: Linting",
          "Pushing to registry...",
          "Bundling runtime.css",
          "Loading...",
          "\u2713 lint completed",
          "Step 13/22: Installing dependencies",
          "Already up to date.",
          "[12:52:02] DEBUG: Loading configuration",
          "[12:52:02] INFO: Starting build process",
          "Compiling components/service.java...",
          "\u2713 Step 'build' succeeded",
          "Optimizing 44 modules...",
          "POST /data - 201 (356ms)",
          "\u2713 All checks passed",
          "Cache restored successfully (88MB)",
          "pip: Installing build dependencies...",
          "Layer 7/12: RUN command",
          "\u2713 All checks passed",
          "Time: 97.125s",
          "\u26a0 DEPRECATION: Feature will be removed in v5.0",
          "Bundling vendor.js",
          "\u2717 build failed with exit code 36",
          "Minifying app.js",
          "POST /api - 200 (58ms)",
          "POST /api - 201 (326ms)",
          "\u26a0 DEPRECATION: Feature will be removed in v3.0",
          "Step 11/18: Deploying",
          "[12:52:02] DEBUG: Memory usage: 1855MB",
          "WARNING: webpack has known vulnerabilities",
          "[12:52:02] DEBUG: Connection pool: 16 active",
          "[12:52:02] INFO: Connecting to database",
          "Ready.",
          "npm install: resolved 705 packages",
          "Step 3/18: Testing",
          "Step 9/17: Testing",
          "  PASS: integration/test_api_health.spec.js",
          "Pulling image: node:latest",
          "Waiting...",
          "pip: Installing build dependencies...",
          "npm install: resolved 295 packages",
          "Test Suites: 20 passed, 9 total",
          "Done.",
          "Optimizing 78 modules...",
          "npm notice: created a lockfile",
          "npm notice: package.json updated",
          "[12:52:02] DEBUG: Query executed in 23ms",
          "WARNING: jest has known vulnerabilities",
          "Done.",
          "[12:52:02] WARN: Deprecated API usage",
          "Success!",
          "npm notice: package.json updated",
          "[12:52:02] INFO: Request completed",
          "Installing express@3.7.1",
          "pip install: Successfully installed eslint-2.3",
          "Compiling lib/index.js...",
          "[12:52:02] DEBUG: Initializing service",
          "Uploading artifact 'build' (41 files)",
          "Pulling image: python:3.11",
          "POST /upload - 201 (184ms)",
          "Step 20/18: Testing",
          "Waiting...",
          "Connection established",
          "Cache restored successfully (17MB)",
          "[12:52:02] INFO: Request completed",
          "WARNING: axios has known vulnerabilities",
          "Transforming 376 files...",
          "Layer 6/13: RUN command",
          "Cache invalidated: node_modules",
          "Test Suites: 39 passed, 48 total",
          "Image pulled successfully",
          "Done.",
          "Cache restored successfully (346MB)",
          "Artifact uploaded: build.tar.gz (11MB)",
          "Done.",
          "Time: 115.556s",
          "  PASS: e2e/test_cache_hit.spec.js",
          "\u2713 All checks passed",
          "[12:52:02] INFO: Connecting to database",
          "Fetching from https://github.com/package.json",
          "Artifact uploaded: build.tar.gz (10MB)",
          "Already up to date.",
          "[12:52:02] INFO: Cache refreshed",
          "Artifact uploaded: dist.zip (82MB)",
          "Step 16/21: Deploying",
          "TLS handshake completed",
          "Checking out main branch",
          "Layer 2/9: COPY command",
          "pip: Installing build dependencies...",
          "=== Step checkout completed ==="
        ]
      },
      {
        "name": "setup_node",
        "status": "success",
        "started_at": "2025-11-30T12:54:02.463743",
        "finished_at": "2025-11-30T12:54:17.470882",
        "log_lines": [
          "=== Step: setup_node ===",
          "Ready.",
          "HEAD is now at 753a693",
          "Minifying vendor.js",
          "Checking out master branch",
          "Environment: production",
          "pip: Downloading prettier-1.3.tar.gz",
          "[12:52:02] DEBUG: Memory usage: 618MB",
          "Tests: 486 passed, 420 total",
          "pip: Downloading lodash-3.17.tar.gz",
          "Installing axios@2.19.8",
          "WARNING: lodash has known vulnerabilities",
          "npm notice: created a lockfile",
          "pip: Downloading axios-4.15.tar.gz",
          "[12:52:02] WARN: Deprecated API usage",
          "[12:52:02] INFO: Processing request",
          "Cache miss for key-7805",
          "Cache restored successfully (500MB)",
          "Finished.",
          "Platform: win32-x64",
          "Already up to date.",
          "Transforming 653 files...",
          "Cache invalidated: node_modules",
          "WARNING: lodash has known vulnerabilities",
          "Test Suites: 42 passed, 21 total",
          "Building Docker image...",
          "Test Suites: 21 passed, 14 total",
          "Checking out develop branch",
          "Verifying...",
          "yarn add: Done in 21.57s",
          "Step 13/19: Testing",
          "Minifying vendor.js",
          "pip: Collecting axios",
          "Pushing to registry...",
          "npm install: resolved 1750 packages",
          "Minifying app.js",
          "Using Python 3.9",
          "Uploading artifact 'dist' (21 files)",
          "Optimizing 16 modules...",
          "\u2713 Task completed in 3984ms",
          "\u2713 Step 'install' succeeded",
          "\u26a0 DEPRECATION: Feature will be removed in v3.0",
          "pip: Collecting react",
          "Installing prettier@1.0.0",
          "Coverage: 89% statements, 85% branches",
          "[12:52:02] INFO: Processing request",
          "Using Node.js 16.19.4",
          "npm install: resolved 342 packages",
          "Step 1/20: Linting",
          "\u2713 All checks passed",
          "Success!",
          "Step 15/16: Deploying",
          "Success!",
          "WARNING: jest has known vulnerabilities",
          "pip: Installing build dependencies...",
          "[12:52:02] INFO: Request completed",
          "Building Docker image...",
          "  PASS: unit/test_user_create.spec.js",
          "\u2713 build completed",
          "Using Python 3.10",
          "Cache hit for key-3095",
          "[12:52:02] INFO: Request completed",
          "Transforming 443 files...",
          "WARNING: eslint has known vulnerabilities",
          "Image pulled successfully",
          "FAILED: test_cache_hit",
          "\u26a0 DEPRECATION: Feature will be removed in v2.0",
          "\u26a0 DEPRECATION: Feature will be removed in v4.0",
          "Building Docker image...",
          "[12:52:02] DEBUG: Connection pool: 13 active",
          "[12:52:02] DEBUG: Query executed in 3ms",
          "\u2713 All checks passed",
          "[12:52:02] INFO: Cache refreshed",
          "[12:52:02] INFO: Starting build process",
          "Success!",
          "Ran 164 tests in 43s",
          "NODE_ENV=production",
          "GET /api - 201 (66ms)",
          "Checking out main branch",
          "npm notice: package.json updated",
          "\u2713 Step 'test' succeeded",
          "Using Python 3.9",
          "\u26a0 DEPRECATION: Feature will be removed in v5.0",
          "[12:52:02] INFO: Cache refreshed",
          "Checking out master branch",
          "  PASS: e2e/test_api_health.spec.js",
          "Waiting...",
          "Step 16/22: Deploying",
          "[12:52:02] WARN: Deprecated API usage",
          "Layer 1/12: RUN command",
          "[12:52:02] INFO: Starting build process",
          "WARNING: webpack has known vulnerabilities",
          "Compiling lib/app.ts...",
          "Artifact downloaded: 10MB",
          "Finished.",
          "npm install: resolved 1547 packages",
          "Pushing to registry...",
          "Building Docker image...",
          "Time: 45.166s",
          "Processing...",
          "npm install: added 182 packages",
          "  PASS: e2e/test_cache_hit.spec.js",
          "Using Python 3.11",
          "Creating production build...",
          "npm install: added 347 packages",
          "Minifying main.js",
          "[12:52:02] INFO: Connecting to database",
          "Compiling src/main.py...",
          "  PASS: unit/test_db_connect.spec.js",
          "Coverage: 75% statements, 70% branches",
          "[12:52:02] DEBUG: Initializing service",
          "Compiling utils/utils.go...",
          "Completed.",
          "Compiling components/service.java...",
          "\u26a0 DEPRECATION: Feature will be removed in v5.0",
          "Step 5/19: Building",
          "Minifying main.js",
          "Platform: win32-x64",
          "\u2713 Step 'checkout' succeeded",
          "[12:52:02] DEBUG: Initializing service",
          "Compiling lib/index.js...",
          "npm install: resolved 947 packages",
          "Step 16/18: Building",
          "\u2713 validate completed",
          "Coverage: 84% statements, 95% branches",
          "WARNING: webpack has known vulnerabilities",
          "WARNING: axios has known vulnerabilities",
          "POST /data - 201 (91ms)",
          "[12:52:02] INFO: Connecting to database",
          "Cache saved successfully",
          "Using Node.js 16.3.6",
          "Test Suites: 47 passed, 6 total",
          "Cache hit for key-5818",
          "  PASS: integration/test_auth_login.spec.js",
          "POST /data - 201 (32ms)",
          "GET /status - 204 (5ms)",
          "[12:52:02] WARN: Deprecated API usage",
          "Step 20/17: Deploying",
          "Completed.",
          "Transforming 710 files...",
          "Compiling utils/utils.go...",
          "Time: 18.58s",
          "[12:52:02] INFO: Cache refreshed",
          "Creating production build...",
          "Creating production build...",
          "Step 6/21: Installing dependencies",
          "Done.",
          "POST /upload - 201 (446ms)",
          "yarn add: Done in 23.89s",
          "WARNING: react has known vulnerabilities",
          "Compiling lib/service.java...",
          "yarn add: Done in 9.3s",
          "Compiling utils/service.java...",
          "Step 16/24: Building",
          "pip: Collecting jest",
          "WARNING: eslint has known vulnerabilities",
          "Using Python 3.12",
          "OK",
          "Test Suites: 27 passed, 46 total",
          "Generating source maps...",
          "Verifying...",
          "[12:52:02] INFO: Processing request",
          "[12:52:02] WARN: Deprecated API usage",
          "Optimizing 56 modules...",
          "Fetching from https://pypi.org/package.json",
          "\u26a0 DEPRECATION: Feature will be removed in v4.0",
          "\u26a0 DEPRECATION: Feature will be removed in v4.0",
          "Optimizing 46 modules...",
          "Completed.",
          "Artifact downloaded: 40MB",
          "Snapshots: 35 passed, 0 total",
          "Ready.",
          "Platform: darwin-arm64",
          "pip: Installing build dependencies...",
          "Bundling vendor.css",
          "[12:52:02] INFO: Request completed",
          "\u2717 build failed with exit code 65",
          "[12:52:02] WARN: Deprecated API usage",
          "Checking out develop branch",
          "Cache miss for key-3952",
          "[12:52:02] DEBUG: Loading configuration",
          "Step 15/25: Linting",
          "Using Node.js 17.16.1",
          "[12:52:02] DEBUG: Connection pool: 16 active",
          "Compiling lib/app.ts...",
          "Using Python 3.10",
          "Cache miss for key-8575",
          "NODE_ENV=development",
          "yarn add: Done in 12.74s",
          "Fetching submodules...",
          "Pulling image: alpine:18",
          "Step 7/15: Installing dependencies",
          "Done.",
          "Already up to date.",
          "Platform: win32-x64",
          "[12:52:02] INFO: Request completed",
          "WARNING: eslint has known vulnerabilities",
          "Step 17/18: Testing",
          "npm notice: package.json updated",
          "[12:52:02] DEBUG: Loading configuration",
          "Loading...",
          "yarn add: Done in 9.17s",
          "\u2713 Step 'checkout' succeeded",
          "Finished.",
          "Cache hit for key-1694",
          "Compiling components/utils.go...",
          "pip: Installing build dependencies...",
          "Ready.",
          "[12:52:02] WARN: Deprecated API usage",
          "pip install: Successfully installed express-4.13",
          "Fetching submodules...",
          "FAILED: test_api_health",
          "Installing eslint@4.11.5",
          "Step 2/22: Deploying",
          "Processing...",
          "POST /api - 201 (170ms)",
          "Layer 10/13: RUN command",
          "Layer 3/15: COPY command",
          "TLS handshake completed",
          "[12:52:02] DEBUG: Query executed in 95ms",
          "Verifying...",
          "[12:52:02] INFO: Cache refreshed",
          "Pulling image: alpine:18",
          "Generating source maps...",
          "FAILED: test_cache_hit",
          "Snapshots: 32 passed, 16 total",
          "Bundling runtime.css",
          "Transforming 326 files...",
          "Minifying app.js",
          "TLS handshake completed",
          "Pulling image: alpine:18",
          "Time: 10.461s",
          "npm install: added 61 packages",
          "Waiting...",
          "[12:52:02] INFO: Processing request",
          "Snapshots: 2 passed, 47 total",
          "[12:52:02] DEBUG: Loading configuration",
          "Coverage: 75% statements, 86% branches",
          "Time: 45.758s",
          "[12:52:02] DEBUG: Query executed in 86ms",
          "WARNING: axios has known vulnerabilities",
          "  PASS: e2e/test_auth_login.spec.js",
          "Exception: TypeError",
          "Exception: RuntimeError",
          "[12:52:02] DEBUG: Connection pool: 5 active",
          "[12:52:02] DEBUG: Loading configuration",
          "Coverage: 84% statements, 74% branches",
          "Connection established",
          "Cache restored successfully (13MB)",
          "Cache restored successfully (373MB)",
          "[12:52:02] DEBUG: Query executed in 67ms",
          "Loading...",
          "Minifying app.js",
          "Artifact downloaded: 6MB",
          "[12:52:02] DEBUG: Query executed in 45ms",
          "npm notice: package.json updated",
          "Ready.",
          "Environment: staging",
          "Fetching from https://pypi.org/package.json",
          "WARNING: lodash has known vulnerabilities",
          "Step 2/17: Installing dependencies",
          "Compiling lib/index.js...",
          "Artifact uploaded: build.tar.gz (11MB)",
          "Cache restored successfully (264MB)",
          "Completed.",
          "Artifact downloaded: 31MB",
          "Compiling utils/handler.rs...",
          "TLS handshake completed",
          "Artifact uploaded: build.tar.gz (37MB)",
          "Generating source maps...",
          "Fetching from https://registry.npmjs.org/package.json",
          "  PASS: e2e/test_user_create.spec.js",
          "Connection established",
          "Bundling vendor.css",
          "Cache miss for key-7842",
          "Cache hit for key-8319",
          "[12:52:02] INFO: Starting build process",
          "[12:52:02] ERROR: Connection failed",
          "Installing axios@1.6.7",
          "Step 8/22: Linting",
          "npm notice: package.json updated",
          "Switched to branch 'hotfix/task-108'",
          "[12:52:02] WARN: Deprecated API usage",
          "\u2713 Step 'build' succeeded",
          "npm install: resolved 866 packages",
          "Checking out develop branch",
          "[12:52:02] DEBUG: Memory usage: 1086MB",
          "Using Python 3.10",
          "Switched to branch 'feature/task-411'",
          "WARNING: jest has known vulnerabilities",
          "Snapshots: 8 passed, 39 total",
          "POST /upload - 200 (27ms)",
          "HEAD is now at 14284f6",
          "Processing...",
          "=== Step setup_node completed ==="
        ]
      },
      {
        "name": "lint",
        "status": "success",
        "started_at": "2025-11-30T12:54:17.470882",
        "finished_at": "2025-11-30T12:54:32.478021",
        "log_lines": [
          "=== Step: lint ===",
          "Cache saved successfully",
          "[12:52:02] DEBUG: Memory usage: 1339MB",
          "[12:52:02] DEBUG: Memory usage: 980MB",
          "Finished.",
          "\u26a0 DEPRECATION: Feature will be removed in v5.0",
          "WARNING: prettier has known vulnerabilities",
          "WARNING: eslint has known vulnerabilities",
          "npm notice: created a lockfile",
          "Step 9/17: Deploying",
          "WARNING: express has known vulnerabilities",
          "Uploading artifact 'dist' (29 files)",
          "Compiling components/app.ts...",
          "Step 6/22: Installing dependencies",
          "Checking out main branch",
          "[12:52:02] INFO: Processing request",
          "npm notice: created a lockfile",
          "Image pulled successfully",
          "Building Docker image...",
          "[12:52:02] INFO: Starting build process",
          "Loading...",
          "WARNING: express has known vulnerabilities",
          "Using Python 3.12",
          "Transforming 857 files...",
          "Image pulled successfully",
          "[12:52:02] DEBUG: Loading configuration",
          "Processing...",
          "Step 2/25: Running migrations",
          "npm notice: package.json updated",
          "Coverage: 92% statements, 89% branches",
          "Pulling image: node:latest",
          "Ready.",
          "[12:52:02] WARN: Deprecated API usage",
          "Compiling lib/handler.rs...",
          "Test Suites: 7 passed, 29 total",
          "[12:52:02] WARN: Deprecated API usage",
          "Cache miss for key-1285",
          "Step 6/25: Linting",
          "Ready.",
          "Uploading artifact 'coverage' (15 files)",
          "[12:52:02] INFO: Processing request",
          "[12:52:02] INFO: Processing request",
          "Step 20/22: Building",
          "  PASS: integration/test_auth_login.spec.js",
          "Building Docker image...",
          "Uploading artifact 'dist' (13 files)",
          "\u2713 lint completed",
          "NODE_ENV=development",
          "pip: Downloading jest-1.7.tar.gz",
          "[12:52:02] WARN: Deprecated API usage",
          "Fetching from https://googleapis.com/package.json",
          "  PASS: test_user_create (297ms)",
          "POST /upload - 200 (101ms)",
          "Cache restored successfully (270MB)",
          "Artifact downloaded: 42MB",
          "[12:52:02] WARN: Deprecated API usage",
          "Platform: win32-x64",
          "[12:52:02] DEBUG: Memory usage: 1753MB",
          "Loading...",
          "Already up to date.",
          "[12:52:02] INFO: Processing request",
          "yarn add: Done in 16.95s",
          "Step 10/15: Linting",
          "Image pulled successfully",
          "Compiling src/handler.rs...",
          "Artifact uploaded: dist.zip (34MB)",
          "Layer 1/11: COPY command",
          "Installing axios@2.12.5",
          "Connection established",
          "[12:52:02] INFO: Processing request",
          "Tests: 79 passed, 75 total",
          "pip install: Successfully installed react-4.17",
          "Pulling image: node:latest",
          "[12:52:02] DEBUG: Memory usage: 1901MB",
          "\u2713 All checks passed",
          "[12:52:02] INFO: Processing request",
          "NODE_ENV=development",
          "Snapshots: 35 passed, 6 total",
          "Uploading artifact 'coverage' (15 files)",
          "Coverage: 83% statements, 83% branches",
          "Ran 126 tests in 47s",
          "Cache invalidated: build",
          "Image pulled successfully",
          "Fetching from https://registry.npmjs.org/package.json",
          "Coverage: 83% statements, 77% branches",
          "Exception: RuntimeError",
          "Pulling image: node:3.11",
          "Cache saved successfully",
          "Finished.",
          "WARNING: react has known vulnerabilities",
          "[12:52:02] DEBUG: Memory usage: 665MB",
          "Coverage: 98% statements, 90% branches",
          "Completed.",
          "Artifact uploaded: dist.zip (46MB)",
          "pip: Installing build dependencies...",
          "Done.",
          "Tests: 182 passed, 410 total",
          "\u2713 Task completed in 1006ms",
          "Switched to branch 'hotfix/task-118'",
          "Coverage: 82% statements, 88% branches",
          "npm notice: created a lockfile",
          "Already up to date.",
          "Step 4/21: Deploying",
          "Connection established",
          "  PASS: integration/test_db_connect.spec.js",
          "TLS handshake completed",
          "Optimizing 62 modules...",
          "npm notice: package.json updated",
          "Cache saved successfully",
          "HEAD is now at ac67693",
          "Creating production build...",
          "OK",
          "Loading...",
          "Step 15/16: Testing",
          "Step 1/25: Testing",
          "Minifying main.js",
          "Cache saved successfully",
          "  PASS: integration/test_cache_hit.spec.js",
          "Test Suites: 14 passed, 29 total",
          "\u26a0 DEPRECATION: Feature will be removed in v3.0",
          "Loading...",
          "WARNING: jest has known vulnerabilities",
          "WARNING: express has known vulnerabilities",
          "[12:52:02] WARN: Deprecated API usage",
          "Minifying app.js",
          "Finished.",
          "\u2713 Task completed in 2888ms",
          "Artifact uploaded: dist.zip (26MB)",
          "\u2717 build failed with exit code 121",
          "Step 15/20: Building",
          "Step 1/23: Deploying",
          "\u2713 Step 'install' succeeded",
          "FAILED: test_cache_hit",
          "Cache saved successfully",
          "Transforming 257 files...",
          "npm install: resolved 1060 packages",
          "Cache hit for key-2134",
          "[12:52:02] INFO: Starting build process",
          "Pushing to registry...",
          "[12:52:02] INFO: Starting build process",
          "Using Node.js 18.14.1",
          "npm install: resolved 351 packages",
          "Compiling utils/index.js...",
          "pip: Installing build dependencies...",
          "Checking out main branch",
          "pip: Collecting eslint",
          "Compiling src/main.py...",
          "Platform: win32-x64",
          "Platform: linux-x64",
          "WARNING: prettier has known vulnerabilities",
          "pip: Collecting prettier",
          "Success!",
          "Step 16/17: Linting",
          "Generating source maps...",
          "Minifying app.js",
          "[12:52:02] INFO: Request completed",
          "Step 17/23: Running migrations",
          "npm notice: created a lockfile",
          "[12:52:02] WARN: Deprecated API usage",
          "Processing...",
          "[12:52:02] WARN: Deprecated API usage",
          "Compiling src/index.js...",
          "pip: Downloading webpack-4.10.tar.gz",
          "Done.",
          "Exception: TypeError",
          "Coverage: 98% statements, 80% branches",
          "pip: Downloading prettier-4.1.tar.gz",
          "Creating production build...",
          "Connection established",
          "npm notice: package.json updated",
          "[12:52:02] ERROR: Connection failed",
          "[12:52:02] ERROR: Connection failed",
          "Loading...",
          "Ran 124 tests in 38s",
          "Loading...",
          "Fetching submodules...",
          "FAILED: test_user_create",
          "Already up to date.",
          "Completed.",
          "Time: 14.872s",
          "pip: Installing build dependencies...",
          "Finished.",
          "\u2713 lint completed",
          "Platform: linux-x64",
          "Image pulled successfully",
          "Uploading artifact 'coverage' (10 files)",
          "WARNING: express has known vulnerabilities",
          "[12:52:02] ERROR: Connection failed",
          "npm install: resolved 735 packages",
          "Minifying app.js",
          "OK",
          "pip install: Successfully installed lodash-1.18",
          "Artifact uploaded: build.tar.gz (7MB)",
          "[12:52:02] INFO: Connecting to database",
          "Step 10/24: Linting",
          "\u26a0 DEPRECATION: Feature will be removed in v3.0",
          "Image pulled successfully",
          "Coverage: 74% statements, 87% branches",
          "Cache invalidated: node_modules",
          "\u2713 All checks passed",
          "Step 8/20: Building",
          "Fetching submodules...",
          "[12:52:02] INFO: Connecting to database",
          "\u2713 Task completed in 4657ms",
          "pip: Installing build dependencies...",
          "Step 14/18: Building",
          "Pushing to registry...",
          "[12:52:02] DEBUG: Memory usage: 1878MB",
          "yarn add: Done in 10.3s",
          "Cache restored successfully (364MB)",
          "Snapshots: 3 passed, 8 total",
          "Processing...",
          "[12:52:02] INFO: Request completed",
          "Optimizing 78 modules...",
          "pip install: Successfully installed express-5.6",
          "Cache hit for key-1907",
          "\u2713 Step 'install' succeeded",
          "Step 3/15: Linting",
          "Success!",
          "Platform: win32-x64",
          "Pulling image: python:18",
          "Image pulled successfully",
          "FAILED: test_api_health",
          "[12:52:02] DEBUG: Connection pool: 4 active",
          "Compiling lib/app.ts...",
          "Layer 9/14: ENV command",
          "Layer 1/12: ENV command",
          "npm install: resolved 1512 packages",
          "Platform: linux-x64",
          "Verifying...",
          "Verifying...",
          "Completed.",
          "Fetching submodules...",
          "Connection established",
          "Waiting...",
          "Test Suites: 39 passed, 37 total",
          "[12:52:02] DEBUG: Initializing service",
          "Fetching submodules...",
          "Time: 16.664s",
          "NODE_ENV=production",
          "Cache saved successfully",
          "Switched to branch 'bugfix/task-141'",
          "\u2713 All checks passed",
          "[12:52:02] INFO: Processing request",
          "yarn add: Done in 20.11s",
          "Coverage: 74% statements, 92% branches",
          "Ready.",
          "  PASS: test_user_create (176ms)",
          "[12:52:02] DEBUG: Loading configuration",
          "Platform: linux-x64",
          "Image pulled successfully",
          "Exception: TypeError",
          "[12:52:02] INFO: Connecting to database",
          "Already up to date.",
          "Image pulled successfully",
          "\u26a0 DEPRECATION: Feature will be removed in v3.0",
          "Bundling styles.js",
          "Creating production build...",
          "[12:52:02] INFO: Request completed",
          "Cache saved successfully",
          "pip: Downloading axios-4.5.tar.gz",
          "Processing...",
          "[12:52:02] INFO: Processing request",
          "Artifact downloaded: 19MB",
          "npm notice: package.json updated",
          "Ready.",
          "[12:52:02] INFO: Processing request",
          "Cache saved successfully",
          "\u2713 Step 'install' succeeded",
          "\u26a0 DEPRECATION: Feature will be removed in v4.0",
          "Compiling components/index.js...",
          "Layer 2/8: ENV command",
          "Installing prettier@4.10.0",
          "Already up to date.",
          "\u2713 package completed",
          "Compiling components/service.java...",
          "Layer 9/9: RUN command",
          "NODE_ENV=development",
          "Step 18/23: Running migrations",
          "[12:52:02] INFO: Cache refreshed",
          "POST /api - 202 (418ms)",
          "TLS handshake completed",
          "Fetching from https://googleapis.com/package.json",
          "NODE_ENV=production",
          "Fetching submodules...",
          "[12:52:02] INFO: Cache refreshed",
          "Success!",
          "\u2713 All checks passed",
          "pip install: Successfully installed jest-4.19",
          "  PASS: test_db_connect (184ms)",
          "WARNING: express has known vulnerabilities",
          "GET /health - 204 (78ms)",
          "npm install: resolved 864 packages",
          "Fetching from https://amazonaws.com/package.json",
          "=== Step lint completed ==="
        ]
      },
      {
        "name": "deploy_staging",
        "status": "success",
        "started_at": "2025-11-30T12:54:32.478021",
        "finished_at": "2025-11-30T12:54:47.485160",
        "log_lines": [
          "=== Step: deploy_staging ===",
          "Already up to date.",
          "Ran 163 tests in 7s",
          "Using Node.js 18.4.2",
          "Using Python 3.11",
          "Completed.",
          "Checking out main branch",
          "Success!",
          "Generating source maps...",
          "npm notice: package.json updated",
          "Snapshots: 8 passed, 6 total",
          "\u2717 build failed with exit code 19",
          "[12:52:02] ERROR: Connection failed",
          "Step 16/24: Linting",
          "Finished.",
          "  PASS: test_auth_login (481ms)",
          "Already up to date.",
          "Done.",
          "[12:52:02] INFO: Processing request",
          "Compiling src/app.ts...",
          "Cache hit for key-3201",
          "Compiling src/handler.rs...",
          "[12:52:02] WARN: Deprecated API usage",
          "Cache miss for key-6556",
          "NODE_ENV=development",
          "Done.",
          "Step 19/19: Deploying",
          "Image pulled successfully",
          "pip: Collecting axios",
          "Building Docker image...",
          "pip: Downloading prettier-5.17.tar.gz",
          "WARNING: react has known vulnerabilities",
          "\u2713 Step 'build' succeeded",
          "[12:52:02] INFO: Request completed",
          "[12:52:02] DEBUG: Query executed in 14ms",
          "Time: 71.364s",
          "POST /api - 200 (17ms)",
          "Connection established",
          "WARNING: axios has known vulnerabilities",
          "Fetching from https://amazonaws.com/package.json",
          "Compiling lib/app.ts...",
          "Ran 147 tests in 29s",
          "[12:52:02] DEBUG: Connection pool: 17 active",
          "[12:52:02] DEBUG: Loading configuration",
          "Completed.",
          "Using Python 3.9",
          "pip: Collecting prettier",
          "Optimizing 64 modules...",
          "Switched to branch 'bugfix/task-613'",
          "Installing eslint@1.15.1",
          "pip: Installing build dependencies...",
          "Artifact downloaded: 27MB",
          "  PASS: test_db_connect (322ms)",
          "Step 12/24: Linting",
          "Step 11/21: Installing dependencies",
          "Loading...",
          "Ran 185 tests in 39s",
          "[12:52:02] INFO: Connecting to database",
          "Step 1/20: Testing",
          "[12:52:02] DEBUG: Query executed in 25ms",
          "pip install: Successfully installed react-2.2",
          "[12:52:02] DEBUG: Initializing service",
          "Generating source maps...",
          "[12:52:02] DEBUG: Loading configuration",
          "Success!",
          "pip: Collecting react",
          "Exception: NullPointerException",
          "Step 2/19: Deploying",
          "\u2713 deploy completed",
          "Image pulled successfully",
          "Ran 68 tests in 49s",
          "Checking out develop branch",
          "[12:52:02] INFO: Connecting to database",
          "pip: Installing build dependencies...",
          "Done.",
          "Step 1/19: Testing",
          "TLS handshake completed",
          "[12:52:02] WARN: Deprecated API usage",
          "[12:52:02] DEBUG: Memory usage: 448MB",
          "Cache restored successfully (54MB)",
          "  PASS: unit/test_user_create.spec.js",
          "npm install: resolved 1703 packages",
          "Creating production build...",
          "pip install: Successfully installed lodash-3.11",
          "Snapshots: 20 passed, 41 total",
          "Minifying main.js",
          "[12:52:02] DEBUG: Initializing service",
          "[12:52:02] DEBUG: Connection pool: 10 active",
          "Already up to date.",
          "Pulling image: node:18",
          "[12:52:02] INFO: Starting build process",
          "\u2713 Step 'install' succeeded",
          "npm install: resolved 1241 packages",
          "Artifact uploaded: dist.zip (27MB)",
          "Finished.",
          "Compiling components/index.js...",
          "pip: Installing build dependencies...",
          "Artifact uploaded: build.tar.gz (41MB)",
          "Success!",
          "TLS handshake completed",
          "Switched to branch 'bugfix/task-475'",
          "yarn add: Done in 18.18s",
          "\u26a0 DEPRECATION: Feature will be removed in v2.0",
          "Test Suites: 30 passed, 46 total",
          "[12:52:02] DEBUG: Initializing service",
          "Artifact downloaded: 47MB",
          "\u26a0 DEPRECATION: Feature will be removed in v2.0",
          "Uploading artifact 'coverage' (45 files)",
          "Cache invalidated: build",
          "Layer 10/12: COPY command",
          "GET /health - 200 (70ms)",
          "Cache miss for key-2805",
          "pip: Installing build dependencies...",
          "Step 10/22: Deploying",
          "FAILED: test_user_create",
          "NODE_ENV=test",
          "\u2713 build completed",
          "Time: 36.812s",
          "Connection established",
          "Processing...",
          "HEAD is now at e796f97",
          "Tests: 441 passed, 95 total",
          "Ran 103 tests in 17s",
          "\u2713 Task completed in 1176ms",
          "HEAD is now at ade2d8f",
          "POST /api - 201 (351ms)",
          "[12:52:02] DEBUG: Loading configuration",
          "[12:52:02] DEBUG: Query executed in 66ms",
          "Step 10/24: Deploying",
          "Generating source maps...",
          "[12:52:02] DEBUG: Connection pool: 4 active",
          "Cache invalidated: dependencies",
          "pip install: Successfully installed express-4.4",
          "\u2713 All checks passed",
          "Ran 166 tests in 26s",
          "pip install: Successfully installed express-5.4",
          "Snapshots: 11 passed, 7 total",
          "Cache saved successfully",
          "Generating source maps...",
          "[12:52:02] WARN: Deprecated API usage",
          "\u2713 Task completed in 2447ms",
          "Installing prettier@4.0.8",
          "WARNING: axios has known vulnerabilities",
          "Cache restored successfully (223MB)",
          "Artifact uploaded: build.tar.gz (36MB)",
          "Ready.",
          "Completed.",
          "Finished.",
          "[12:52:02] INFO: Connecting to database",
          "yarn add: Done in 30.70s",
          "  PASS: test_auth_login (200ms)",
          "Snapshots: 46 passed, 42 total",
          "\u2713 All checks passed",
          "Artifact uploaded: build.tar.gz (5MB)",
          "Switched to branch 'hotfix/task-328'",
          "Exception: RuntimeError",
          "npm install: resolved 1744 packages",
          "HEAD is now at dc816f6",
          "Exception: ValueError",
          "\u2713 build completed",
          "\u26a0 DEPRECATION: Feature will be removed in v5.0",
          "Pushing to registry...",
          "Switched to branch 'bugfix/task-259'",
          "Compiling components/utils.go...",
          "Artifact uploaded: dist.zip (2MB)",
          "Step 17/22: Linting",
          "  PASS: e2e/test_cache_hit.spec.js",
          "Connection established",
          "Artifact downloaded: 7MB",
          "[12:52:02] INFO: Cache refreshed",
          "[12:52:02] DEBUG: Memory usage: 769MB",
          "pip: Downloading prettier-4.19.tar.gz",
          "Done.",
          "npm notice: created a lockfile",
          "Artifact uploaded: build.tar.gz (50MB)",
          "Cache saved successfully",
          "Artifact downloaded: 11MB",
          "Artifact uploaded: build.tar.gz (23MB)",
          "Minifying main.js",
          "Ran 131 tests in 60s",
          "  PASS: integration/test_api_health.spec.js",
          "Generating source maps...",
          "npm notice: package.json updated",
          "Creating production build...",
          "Verifying...",
          "[12:52:02] DEBUG: Initializing service",
          "Cache invalidated: node_modules",
          "Step 13/25: Running migrations",
          "pip: Installing build dependencies...",
          "[12:52:02] DEBUG: Connection pool: 11 active",
          "Step 16/15: Deploying",
          "  PASS: e2e/test_db_connect.spec.js",
          "Ready.",
          "Transforming 600 files...",
          "\u26a0 DEPRECATION: Feature will be removed in v5.0",
          "[12:52:02] INFO: Request completed",
          "Step 2/15: Linting",
          "Test Suites: 32 passed, 28 total",
          "Artifact uploaded: dist.zip (43MB)",
          "WARNING: webpack has known vulnerabilities",
          "Installing jest@1.5.5",
          "FAILED: test_user_create",
          "Done.",
          "Ran 196 tests in 48s",
          "Finished.",
          "Exception: ValueError",
          "WARNING: webpack has known vulnerabilities",
          "Step 11/19: Running migrations",
          "Using Python 3.10",
          "Using Python 3.11",
          "Step 11/23: Linting",
          "Artifact uploaded: build.tar.gz (30MB)",
          "Cache restored successfully (149MB)",
          "WARNING: axios has known vulnerabilities",
          "Minifying main.js",
          "HEAD is now at 7e0083f",
          "GET /status - 200 (13ms)",
          "WARNING: react has known vulnerabilities",
          "Transforming 779 files...",
          "Platform: linux-x64",
          "\u2713 Step 'setup' succeeded",
          "Success!",
          "[12:52:02] INFO: Cache refreshed",
          "[12:52:02] INFO: Processing request",
          "Compiling utils/handler.rs...",
          "Already up to date.",
          "Cache restored successfully (443MB)",
          "  PASS: test_db_connect (112ms)",
          "npm install: added 102 packages",
          "[12:52:02] INFO: Cache refreshed",
          "Uploading artifact 'build' (34 files)",
          "Coverage: 91% statements, 76% branches",
          "Step 9/24: Deploying",
          "\u2713 Step 'setup' succeeded",
          "Optimizing 37 modules...",
          "Snapshots: 3 passed, 32 total",
          "[12:52:02] DEBUG: Connection pool: 18 active",
          "Success!",
          "[12:52:02] INFO: Starting build process",
          "Platform: win32-x64",
          "Platform: win32-x64",
          "pip install: Successfully installed webpack-2.0",
          "pip: Installing build dependencies...",
          "Artifact uploaded: build.tar.gz (26MB)",
          "Platform: darwin-arm64",
          "[12:52:02] DEBUG: Memory usage: 748MB",
          "POST /data - 201 (132ms)",
          "Cache saved successfully",
          "Artifact uploaded: build.tar.gz (44MB)",
          "  PASS: integration/test_db_connect.spec.js",
          "npm install: resolved 1928 packages",
          "Completed.",
          "\u2713 Step 'install' succeeded",
          "WARNING: jest has known vulnerabilities",
          "Step 13/25: Building",
          "Platform: win32-x64",
          "Optimizing 11 modules...",
          "Verifying...",
          "\u2713 Task completed in 167ms",
          "Tests: 245 passed, 199 total",
          "Ready.",
          "Environment: staging",
          "Creating production build...",
          "Platform: linux-x64",
          "\u2713 Task completed in 3245ms",
          "Artifact downloaded: 7MB",
          "Artifact uploaded: build.tar.gz (32MB)",
          "Uploading artifact 'coverage' (20 files)",
          "Using Node.js 20.18.4",
          "Transforming 666 files...",
          "npm install: added 266 packages",
          "NODE_ENV=development",
          "Step 4/25: Deploying",
          "npm install: resolved 1114 packages",
          "Pulling image: node:3.11",
          "Compiling components/index.js...",
          "Step 15/20: Testing",
          "Building Docker image...",
          "yarn add: Done in 15.6s",
          "[12:52:02] DEBUG: Query executed in 68ms",
          "Pulling image: node:3.11",
          "Installing axios@2.16.2",
          "NODE_ENV=production",
          "[12:52:02] DEBUG: Connection pool: 2 active",
          "[12:52:02] INFO: Processing request",
          "Transforming 178 files...",
          "Environment: test",
          "GET /api - 201 (72ms)",
          "Image pulled successfully",
          "HEAD is now at 7eee1a6",
          "Artifact uploaded: dist.zip (23MB)",
          "Ran 88 tests in 25s",
          "OK",
          "Switched to branch 'hotfix/task-652'",
          "=== Step deploy_staging completed ==="
        ]
      }
    ],
    "label": "normal"
  }
}