{
  "action": "completed",
  "workflow_run": {
    "id": 47,
    "name": "CI Pipeline",
    "head_branch": "develop",
    "head_sha": "0967e24f7c681e5805146791db2403107691a850",
    "status": "completed",
    "conclusion": "success",
    "run_started_at": "2025-12-02T12:50:27.329475Z",
    "updated_at": "2025-12-02T12:52:45.206289Z"
  },
  "repository": {
    "full_name": "acme-corp/api-service",
    "name": "api-service"
  },
  "sender": {
    "login": "eve"
  },
  "_safeops_extended": {
    "raw_logs": "=== Step: e2e_tests ===\n[12:50:27] DEBUG: Query executed in 60ms\nWaiting...\nRan 148 tests in 28s\nGET /health - 204 (8ms)\nWARNING: lodash has known vulnerabilities\nTime: 77.225s\nCompleted.\n[12:50:27] DEBUG: Loading configuration\nUsing Python 3.10\n[12:50:27] WARN: Deprecated API usage\nProcessing...\nTransforming 370 files...\nFAILED: test_cache_hit\nUsing Python 3.12\nGenerating source maps...\nFetching from https://pypi.org/package.json\nnpm install: added 387 packages\nCompiling components/main.py...\nPulling image: alpine:18\nMinifying vendor.js\nFetching submodules...\n\u26a0 DEPRECATION: Feature will be removed in v4.0\n  PASS: unit/test_cache_hit.spec.js\nImage pulled successfully\nBundling main.css\nnpm install: resolved 1971 packages\nEnvironment: production\n  PASS: test_auth_login (116ms)\npip: Installing build dependencies...\nLayer 5/12: RUN command\n\u2713 lint completed\nnpm notice: package.json updated\nVerifying...\nUsing Python 3.10\nnpm notice: created a lockfile\nConnection established\nHEAD is now at b7b078e\nConnection established\nPushing to registry...\nGenerating source maps...\n[12:50:27] ERROR: Connection failed\nCache miss for key-4439\nCompiling lib/main.py...\n[12:50:27] DEBUG: Connection pool: 5 active\nEnvironment: staging\nAlready up to date.\nInstalling webpack@2.11.0\nPulling image: node:latest\nArtifact uploaded: dist.zip (41MB)\npip install: Successfully installed eslint-4.6\nTest Suites: 21 passed, 35 total\nSnapshots: 15 passed, 0 total\nUploading artifact 'dist' (15 files)\npip: Collecting webpack\nUploading artifact 'coverage' (1 files)\n[12:50:27] INFO: Starting build process\nSnapshots: 43 passed, 36 total\npip: Collecting jest\nnpm notice: package.json updated\nStep 1/21: Linting\nCoverage: 99% statements, 85% branches\n\u26a0 DEPRECATION: Feature will be removed in v3.0\nStep 11/25: Installing dependencies\nLayer 2/10: ENV command\nSnapshots: 7 passed, 40 total\nDone.\nCompiling lib/index.js...\nnpm notice: created a lockfile\nProcessing...\nRan 57 tests in 21s\nOK\n[12:50:27] WARN: Deprecated API usage\nWARNING: jest has known vulnerabilities\nTLS handshake completed\nCreating production build...\nPOST /upload - 202 (83ms)\nyarn add: Done in 18.64s\n[12:50:27] INFO: Processing request\nCompiling lib/handler.rs...\n\u2713 All checks passed\nNODE_ENV=production\nPushing to registry...\nPOST /upload - 200 (227ms)\n[12:50:27] DEBUG: Connection pool: 8 active\nCompiling src/handler.rs...\nStep 17/25: Installing dependencies\npip: Collecting webpack\nCache restored successfully (239MB)\npip: Collecting axios\n[12:50:27] INFO: Starting build process\nFetching submodules...\nConnection established\nProcessing...\nBundling main.css\nDone.\nOptimizing 62 modules...\n[12:50:27] DEBUG: Initializing service\nStep 8/21: Running migrations\nConnection established\nArtifact downloaded: 32MB\nWaiting...\nBuilding Docker image...\nCache hit for key-9065\n[12:50:27] DEBUG: Loading configuration\npip install: Successfully installed jest-5.20\nCache hit for key-3765\nFinished.\nReady.\nCompiling components/index.js...\nSuccess!\n[12:50:27] INFO: Processing request\n\u2717 build failed with exit code 103\nProcessing...\n[12:50:27] DEBUG: Memory usage: 1289MB\nWARNING: prettier has known vulnerabilities\nProcessing...\nMinifying vendor.js\nLoading...\n[12:50:27] DEBUG: Memory usage: 380MB\nPlatform: darwin-arm64\nConnection established\nCompleted.\n[12:50:27] INFO: Cache refreshed\nRan 18 tests in 48s\nUploading artifact 'dist' (50 files)\nChecking out main branch\nCoverage: 88% statements, 93% branches\n[12:50:27] DEBUG: Loading configuration\nHEAD is now at 94e63b1\nStep 20/15: Running migrations\n[12:50:27] ERROR: Connection failed\nArtifact uploaded: build.tar.gz (6MB)\nTime: 68.206s\n\u2713 Step 'setup' succeeded\n\u2713 package completed\n[12:50:27] DEBUG: Loading configuration\n[12:50:27] WARN: Deprecated API usage\npip install: Successfully installed lodash-3.3\n[12:50:27] DEBUG: Loading configuration\n=== Step e2e_tests completed ===\n=== Step: setup_node ===\nFAILED: test_db_connect\nTime: 82.968s\nCache restored successfully (48MB)\nImage pulled successfully\nStep 4/18: Installing dependencies\nStep 3/15: Building\nArtifact downloaded: 7MB\npip: Downloading prettier-1.10.tar.gz\n[12:50:27] DEBUG: Initializing service\n\u2717 build failed with exit code 75\nSwitched to branch 'hotfix/task-511'\n\u2713 All checks passed\npip: Collecting jest\nMinifying main.js\n[12:50:27] INFO: Processing request\n[12:50:27] INFO: Request completed\nWaiting...\nFinished.\npip: Downloading lodash-4.0.tar.gz\n\u2713 Task completed in 3499ms\nStep 5/18: Running migrations\nSnapshots: 8 passed, 42 total\npip install: Successfully installed webpack-5.3\nGET /health - 204 (98ms)\n[12:50:27] INFO: Cache refreshed\n\u2713 Step 'install' succeeded\nLoading...\nSnapshots: 47 passed, 3 total\nFetching from https://pypi.org/package.json\nRan 148 tests in 16s\nArtifact downloaded: 23MB\nNODE_ENV=test\nArtifact uploaded: build.tar.gz (1MB)\nCache miss for key-2951\nArtifact uploaded: build.tar.gz (32MB)\nnpm notice: package.json updated\nSuccess!\nGET /status - 200 (95ms)\nLayer 5/15: RUN command\nHEAD is now at 361b2be\nLayer 4/10: RUN command\n\u2713 test completed\nnpm notice: created a lockfile\nOptimizing 81 modules...\nAlready up to date.\nBundling vendor.js\nnpm install: added 124 packages\n[12:50:27] DEBUG: Loading configuration\nPOST /upload - 201 (425ms)\nCompiling components/service.java...\nGenerating source maps...\nLoading...\nPOST /upload - 202 (201ms)\nTLS handshake completed\nSuccess!\nBundling vendor.css\nRan 162 tests in 40s\n  PASS: test_auth_login (313ms)\nCache saved successfully\n\u2717 build failed with exit code 51\n[12:50:27] INFO: Cache refreshed\nDone.\nSnapshots: 43 passed, 14 total\nPlatform: darwin-arm64\nRan 25 tests in 50s\nCache invalidated: dependencies\n[12:50:27] DEBUG: Query executed in 10ms\nUploading artifact 'build' (11 files)\n[12:50:27] WARN: Deprecated API usage\nCompiling utils/service.java...\n[12:50:27] WARN: Deprecated API usage\nNODE_ENV=test\nSnapshots: 27 passed, 31 total\nOK\npip: Installing build dependencies...\nCache saved successfully\nyarn add: Done in 8.90s\nTests: 67 passed, 231 total\nSuccess!\nNODE_ENV=production\nDone.\nStep 13/25: Installing dependencies\n[12:50:27] INFO: Cache refreshed\nWARNING: webpack has known vulnerabilities\nStep 10/16: Linting\n[12:50:27] DEBUG: Query executed in 2ms\nStep 14/16: Building\n\u2713 deploy completed\nCompiling utils/main.py...\nUploading artifact 'build' (21 files)\nStep 12/19: Testing\nGET /status - 201 (19ms)\n[12:50:27] INFO: Cache refreshed\nUsing Python 3.9\nVerifying...\nInstalling axios@2.8.2\npip install: Successfully installed lodash-5.15\nnpm notice: created a lockfile\nCache saved successfully\nWARNING: react has known vulnerabilities\nProcessing...\nArtifact uploaded: dist.zip (68MB)\nSnapshots: 25 passed, 7 total\nHEAD is now at a3639b9\nStep 18/24: Building\npip: Installing build dependencies...\nSwitched to branch 'feature/task-302'\n  PASS: test_db_connect (442ms)\nImage pulled successfully\nCache saved successfully\nLoading...\nStep 18/24: Deploying\n  PASS: test_cache_hit (94ms)\n\u2713 Task completed in 4093ms\nAlready up to date.\nStep 3/25: Running migrations\n[12:50:27] DEBUG: Initializing service\nyarn add: Done in 15.7s\n\u2713 Step 'install' succeeded\nCoverage: 79% statements, 84% branches\nMinifying main.js\nUsing Node.js 15.8.1\nCache hit for key-7452\nArtifact uploaded: dist.zip (97MB)\n\u2713 Task completed in 1148ms\nInstalling express@3.16.4\nFinished.\nOptimizing 44 modules...\n\u2713 Step 'checkout' succeeded\nStep 8/22: Linting\nCache restored successfully (136MB)\nAlready up to date.\nFinished.\npip: Collecting jest\nCache miss for key-6062\n\u2717 build failed with exit code 121\nSnapshots: 42 passed, 22 total\nAlready up to date.\nHEAD is now at 7f1bbd4\n=== Step setup_node completed ===\n=== Step: restore_cache ===\n[12:50:27] INFO: Connecting to database\nDone.\nLayer 6/14: ENV command\nyarn add: Done in 19.9s\nInstalling webpack@4.6.9\n[12:50:27] DEBUG: Initializing service\nUsing Node.js 15.19.1\npip install: Successfully installed webpack-3.7\n[12:50:27] DEBUG: Connection pool: 7 active\nCompiling utils/handler.rs...\nCache saved successfully\nSuccess!\nSwitched to branch 'bugfix/task-507'\nWARNING: jest has known vulnerabilities\n  PASS: unit/test_db_connect.spec.js\nPulling image: alpine:3.11\n  PASS: e2e/test_db_connect.spec.js\n[12:50:27] WARN: Deprecated API usage\nArtifact uploaded: build.tar.gz (43MB)\nStep 20/18: Linting\n\u2713 Task completed in 746ms\nUploading artifact 'coverage' (1 files)\n[12:50:27] WARN: Deprecated API usage\n[12:50:27] WARN: Deprecated API usage\nRan 184 tests in 40s\nPlatform: linux-x64\nnpm notice: created a lockfile\nWaiting...\nUsing Python 3.10\nCache saved successfully\nCompiling src/handler.rs...\n\u26a0 DEPRECATION: Feature will be removed in v3.0\nChecking out develop branch\nCompiling lib/index.js...\nCompiling lib/service.java...\nPOST /data - 202 (112ms)\n\u26a0 DEPRECATION: Feature will be removed in v2.0\nTest Suites: 29 passed, 6 total\nLayer 5/14: RUN command\nTLS handshake completed\n\u26a0 DEPRECATION: Feature will be removed in v2.0\n\u2717 build failed with exit code 126\nNODE_ENV=test\nFetching submodules...\nSwitched to branch 'bugfix/task-127'\n[12:50:27] DEBUG: Memory usage: 1975MB\n[12:50:27] DEBUG: Initializing service\nTransforming 211 files...\nStep 5/15: Building\nCreating production build...\nReady.\nStep 3/21: Linting\nDone.\nPOST /upload - 200 (427ms)\nStep 18/24: Deploying\n  PASS: test_cache_hit (484ms)\nSnapshots: 46 passed, 33 total\n[12:50:27] INFO: Connecting to database\nStep 10/25: Running migrations\nRan 162 tests in 25s\npip install: Successfully installed express-3.4\nUsing Node.js 20.4.9\n\u2713 build completed\nTest Suites: 25 passed, 32 total\nOptimizing 78 modules...\nTransforming 472 files...\nProcessing...\nCompiling components/handler.rs...\n[12:50:27] DEBUG: Loading configuration\nGenerating source maps...\nCompiling utils/utils.go...\nMinifying vendor.js\nCache restored successfully (124MB)\nChecking out develop branch\npip: Installing build dependencies...\nCache miss for key-5755\n[12:50:27] DEBUG: Connection pool: 17 active\nPulling image: alpine:latest\n\u2713 Step 'install' succeeded\nPOST /data - 201 (185ms)\nCompiling utils/index.js...\n[12:50:27] DEBUG: Loading configuration\nNODE_ENV=development\nBundling styles.css\n\u26a0 DEPRECATION: Feature will be removed in v2.0\nPushing to registry...\nDone.\nCache restored successfully (304MB)\nMinifying vendor.js\nStep 13/21: Building\n[12:50:27] INFO: Connecting to database\n[12:50:27] INFO: Starting build process\nTest Suites: 44 passed, 32 total\nStep 4/22: Building\n\u2713 All checks passed\nSuccess!\nCreating production build...\n[12:50:27] DEBUG: Query executed in 69ms\n\u2713 Step 'setup' succeeded\nVerifying...\nConnection established\nSuccess!\npip: Downloading react-3.7.tar.gz\nStep 2/24: Installing dependencies\nPlatform: darwin-arm64\npip install: Successfully installed eslint-5.8\nFetching from https://googleapis.com/package.json\nyarn add: Done in 29.70s\nProcessing...\nProcessing...\nFetching from https://googleapis.com/package.json\n\u26a0 DEPRECATION: Feature will be removed in v4.0\nRan 90 tests in 39s\nCompiling components/handler.rs...\nInstalling webpack@1.11.1\nCompiling src/app.ts...\n[12:50:27] WARN: Deprecated API usage\nStep 16/24: Testing\nnpm notice: created a lockfile\nCreating production build...\nFinished.\nCreating production build...\nInstalling jest@4.6.1\nDone.\nTLS handshake completed\n\u2717 build failed with exit code 4\n[12:50:27] DEBUG: Memory usage: 1938MB\nSnapshots: 5 passed, 34 total\npip: Collecting jest\nGenerating source maps...\n  PASS: integration/test_user_create.spec.js\nLoading...\nCache miss for key-3647\nReady.\nStep 9/22: Deploying\n  PASS: test_api_health (73ms)\n\u2713 Step 'install' succeeded\n[12:50:27] INFO: Cache refreshed\nCompiling utils/service.java...\n=== Step restore_cache completed ===\n=== Step: unit_tests ===\n[12:50:27] INFO: Starting build process\nStep 20/15: Testing\nCache hit for key-8742\nStep 15/20: Running migrations\n\u2717 build failed with exit code 16\nConnection established\nnpm install: resolved 1300 packages\nnpm install: resolved 676 packages\nOK\n\u2713 validate completed\nRan 56 tests in 6s\npip install: Successfully installed react-2.16\n  PASS: test_api_health (427ms)\n[12:50:27] WARN: Deprecated API usage\nUsing Node.js 18.4.6\nDone.\nCache restored successfully (416MB)\n\u2713 Task completed in 3613ms\nCompiling components/handler.rs...\nCache miss for key-3802\nHEAD is now at c2bec3c\nGenerating source maps...\nImage pulled successfully\nyarn add: Done in 21.5s\nFetching submodules...\nnpm install: resolved 1569 packages\nCompiling lib/service.java...\n\u26a0 DEPRECATION: Feature will be removed in v4.0\nCache hit for key-3711\nCache invalidated: build\nStep 1/21: Deploying\nStep 1/20: Testing\n[12:50:27] WARN: Deprecated API usage\nRan 84 tests in 39s\nTests: 391 passed, 121 total\nCoverage: 97% statements, 100% branches\n[12:50:27] INFO: Connecting to database\nCache miss for key-6186\nSuccess!\n[12:50:27] DEBUG: Initializing service\nNODE_ENV=development\n[12:50:27] INFO: Cache refreshed\nWARNING: eslint has known vulnerabilities\n[12:50:27] DEBUG: Connection pool: 7 active\n[12:50:27] DEBUG: Connection pool: 5 active\nyarn add: Done in 23.33s\nPushing to registry...\nSnapshots: 0 passed, 17 total\nWARNING: react has known vulnerabilities\nPlatform: linux-x64\nCreating production build...\nCache restored successfully (431MB)\n[12:50:27] WARN: Deprecated API usage\nCache invalidated: node_modules\nBundling runtime.js\nHEAD is now at 5dcc9bf\nCache miss for key-9744\n[12:50:27] DEBUG: Query executed in 93ms\nPushing to registry...\n[12:50:27] DEBUG: Query executed in 68ms\nImage pulled successfully\n\u26a0 DEPRECATION: Feature will be removed in v2.0\n\u2713 Task completed in 2012ms\nStep 16/17: Testing\nDone.\nFAILED: test_auth_login\nStep 8/20: Linting\nFetching submodules...\n[12:50:27] INFO: Starting build process\nImage pulled successfully\nArtifact downloaded: 26MB\nArtifact uploaded: build.tar.gz (5MB)\nVerifying...\nCompiling src/handler.rs...\nProcessing...\nCompiling lib/index.js...\nnpm notice: created a lockfile\nnpm install: resolved 1278 packages\nTime: 90.216s\nCache restored successfully (347MB)\nCompleted.\npip install: Successfully installed react-2.7\n\u2717 build failed with exit code 59\nHEAD is now at b949ca6\nStep 3/20: Linting\nAlready up to date.\nChecking out master branch\nWARNING: jest has known vulnerabilities\nException: ValueError\nnpm notice: package.json updated\nnpm install: added 73 packages\nStep 3/20: Installing dependencies\npip: Installing build dependencies...\nPushing to registry...\nPushing to registry...\nnpm notice: created a lockfile\nRan 18 tests in 17s\nConnection established\nCompiling utils/index.js...\nCompiling utils/service.java...\nMinifying main.js\nCache miss for key-9904\nFAILED: test_cache_hit\nCompiling components/utils.go...\nCreating production build...\nCompiling lib/main.py...\n  PASS: test_db_connect (111ms)\nConnection established\nAlready up to date.\nBundling styles.css\nVerifying...\n[12:50:27] INFO: Cache refreshed\nCompiling utils/index.js...\nInstalling webpack@4.4.4\nStep 3/19: Deploying\nArtifact downloaded: 24MB\n[12:50:27] INFO: Connecting to database\n\u2713 build completed\nGenerating source maps...\n\u2713 Task completed in 3489ms\nStep 10/24: Deploying\nFAILED: test_cache_hit\nPushing to registry...\npip: Installing build dependencies...\n[12:50:27] INFO: Starting build process\nCache saved successfully\nPushing to registry...\nArtifact uploaded: build.tar.gz (1MB)\nWARNING: eslint has known vulnerabilities\n\u2713 Step 'test' succeeded\nSwitched to branch 'bugfix/task-116'\n[12:50:27] INFO: Starting build process\nChecking out master branch\nBuilding Docker image...\nUsing Python 3.11\nStep 13/18: Running migrations\nnpm install: resolved 1681 packages\nCache saved successfully\npip: Collecting react\n=== Step unit_tests completed ===\n=== Step: deploy_staging ===\nOptimizing 23 modules...\nChecking out develop branch\nPulling image: python:latest\n  PASS: e2e/test_user_create.spec.js\nFinished.\nCoverage: 87% statements, 90% branches\nAlready up to date.\nSuccess!\nLoading...\n[12:50:27] WARN: Deprecated API usage\nEnvironment: test\n[12:50:27] INFO: Starting build process\n[12:50:27] INFO: Processing request\nCache hit for key-2065\nArtifact uploaded: build.tar.gz (27MB)\n[12:50:27] DEBUG: Initializing service\nStep 6/16: Running migrations\npip install: Successfully installed prettier-3.0\n\u2713 Task completed in 774ms\nCache miss for key-4684\nSwitched to branch 'hotfix/task-680'\nPlatform: darwin-arm64\nSnapshots: 33 passed, 43 total\nWaiting...\n\u26a0 DEPRECATION: Feature will be removed in v4.0\n\u2713 Task completed in 4831ms\nCompiling src/handler.rs...\nGET /health - 200 (26ms)\nCompiling src/service.java...\nSuccess!\nCoverage: 95% statements, 76% branches\nCompiling components/index.js...\n\u2713 All checks passed\n[12:50:27] ERROR: Connection failed\nFinished.\n[12:50:27] ERROR: Connection failed\nFAILED: test_cache_hit\nCache restored successfully (124MB)\nProcessing...\npip: Downloading eslint-1.20.tar.gz\nLoading...\n\u2713 All checks passed\nStep 9/20: Testing\nPushing to registry...\n[12:50:27] INFO: Connecting to database\nArtifact uploaded: build.tar.gz (46MB)\nGET /health - 204 (73ms)\nnpm notice: created a lockfile\nSwitched to branch 'hotfix/task-322'\nDone.\nPushing to registry...\nBuilding Docker image...\n\u2717 build failed with exit code 90\nCache miss for key-6174\nyarn add: Done in 8.81s\n\u2717 build failed with exit code 24\nWaiting...\nArtifact downloaded: 17MB\nyarn add: Done in 23.76s\nStep 18/19: Installing dependencies\nTLS handshake completed\n[12:50:27] DEBUG: Query executed in 90ms\nSuccess!\nWARNING: react has known vulnerabilities\n[12:50:27] DEBUG: Initializing service\nPushing to registry...\n\u2717 build failed with exit code 64\nPOST /upload - 202 (324ms)\nFetching submodules...\nUsing Node.js 17.0.10\n\u26a0 DEPRECATION: Feature will be removed in v5.0\nAlready up to date.\npip: Collecting eslint\nEnvironment: staging\nStep 12/21: Building\nLoading...\n\u2713 Step 'build' succeeded\nCache miss for key-8049\nUsing Node.js 19.8.7\n  PASS: integration/test_db_connect.spec.js\nLoading...\nCompiling lib/handler.rs...\nDone.\n[12:50:27] INFO: Cache refreshed\nMinifying app.js\nUploading artifact 'coverage' (37 files)\nGET /status - 200 (88ms)\nUsing Python 3.9\nAlready up to date.\nCache miss for key-2604\nTLS handshake completed\n\u2713 Step 'test' succeeded\nBuilding Docker image...\nConnection established\nCreating production build...\nStep 15/19: Deploying\nPulling image: node:3.11\n\u26a0 DEPRECATION: Feature will be removed in v3.0\nnpm notice: created a lockfile\nLayer 3/10: COPY command\npip install: Successfully installed axios-3.15\n[12:50:27] DEBUG: Memory usage: 1552MB\n[12:50:27] INFO: Processing request\nAlready up to date.\nCompleted.\nPulling image: alpine:latest\nChecking out develop branch\nCompiling src/utils.go...\n  PASS: test_cache_hit (263ms)\nCache saved successfully\nChecking out master branch\n[12:50:27] INFO: Connecting to database\nStep 2/15: Running migrations\n[12:50:27] INFO: Request completed\nGET /health - 201 (53ms)\nCompiling components/handler.rs...\nConnection established\nOK\nStep 12/20: Linting\nEnvironment: development\n[12:50:27] INFO: Processing request\nCache miss for key-8792\n[12:50:27] DEBUG: Initializing service\n[12:50:27] INFO: Starting build process\nArtifact uploaded: build.tar.gz (22MB)\n\u26a0 DEPRECATION: Feature will be removed in v5.0\nCreating production build...\nBuilding Docker image...\nCache hit for key-2619\nStep 18/23: Testing\nStep 12/17: Running migrations\nStep 5/24: Building\nTest Suites: 26 passed, 26 total\nArtifact uploaded: dist.zip (74MB)\n[12:50:27] DEBUG: Memory usage: 732MB\nPOST /upload - 201 (29ms)\nCache invalidated: node_modules\nCompiling lib/index.js...\n[12:50:27] DEBUG: Query executed in 25ms\n=== Step deploy_staging completed ===\n=== Step: upload_artifacts ===\nConnection established\nConnection established\n[12:50:27] INFO: Request completed\npip: Downloading react-1.15.tar.gz\nArtifact downloaded: 40MB\nSwitched to branch 'hotfix/task-437'\nWARNING: prettier has known vulnerabilities\n  PASS: test_db_connect (233ms)\nCache miss for key-1237\nStep 18/25: Installing dependencies\npip: Installing build dependencies...\nnpm install: resolved 151 packages\n[12:50:27] ERROR: Connection failed\nnpm install: resolved 1310 packages\n\u26a0 DEPRECATION: Feature will be removed in v2.0\nAlready up to date.\n[12:50:27] DEBUG: Connection pool: 14 active\nFinished.\n\u26a0 DEPRECATION: Feature will be removed in v4.0\nPushing to registry...\n[12:50:27] WARN: Deprecated API usage\nGenerating source maps...\nnpm notice: created a lockfile\nGET /status - 204 (13ms)\npip: Collecting webpack\nCoverage: 76% statements, 61% branches\nUploading artifact 'build' (49 files)\nWARNING: prettier has known vulnerabilities\n[12:50:27] WARN: Deprecated API usage\n[12:50:27] INFO: Starting build process\n[12:50:27] INFO: Processing request\nGET /api - 200 (53ms)\nCompiling src/service.java...\nSnapshots: 39 passed, 45 total\nAlready up to date.\nArtifact uploaded: build.tar.gz (14MB)\npip: Collecting axios\nWARNING: eslint has known vulnerabilities\nyarn add: Done in 27.55s\n\u2713 test completed\nWARNING: express has known vulnerabilities\nnpm install: added 199 packages\nPulling image: python:latest\nGET /status - 204 (70ms)\nException: RuntimeError\n  PASS: integration/test_api_health.spec.js\nLoading...\nGET /api - 204 (37ms)\nProcessing...\nSnapshots: 0 passed, 26 total\nGenerating source maps...\nUsing Node.js 19.15.7\nBundling runtime.css\nFAILED: test_cache_hit\nTransforming 851 files...\nCompiling utils/index.js...\nyarn add: Done in 16.48s\nSnapshots: 30 passed, 34 total\nSwitched to branch 'feature/task-115'\nCompiling lib/app.ts...\nCache invalidated: node_modules\nCache saved successfully\nInstalling axios@5.7.6\nCompleted.\nCompiling utils/app.ts...\n  PASS: test_api_health (183ms)\nArtifact uploaded: dist.zip (55MB)\nInstalling express@3.5.1\nReady.\n[12:50:27] DEBUG: Query executed in 11ms\nStep 20/24: Testing\n\u26a0 DEPRECATION: Feature will be removed in v3.0\nNODE_ENV=development\nAlready up to date.\nAlready up to date.\n[12:50:27] INFO: Connecting to database\nNODE_ENV=test\nUsing Python 3.9\nEnvironment: staging\n\u26a0 DEPRECATION: Feature will be removed in v5.0\nStep 18/15: Linting\nTLS handshake completed\nHEAD is now at d6b90bf\nCache hit for key-9321\n[12:50:27] DEBUG: Memory usage: 1387MB\nConnection established\nTests: 482 passed, 154 total\nFinished.\nCompiling src/index.js...\n  PASS: e2e/test_user_create.spec.js\nTransforming 808 files...\nCompiling lib/utils.go...\nOK\n[12:50:27] INFO: Processing request\nGET /status - 201 (47ms)\n[12:50:27] INFO: Processing request\nCompiling lib/main.py...\nStep 20/22: Running migrations\nCache invalidated: node_modules\nStep 17/18: Testing\n  PASS: unit/test_cache_hit.spec.js\n[12:50:27] WARN: Deprecated API usage\nCache hit for key-8647\n[12:50:27] DEBUG: Memory usage: 286MB\nFAILED: test_user_create\nnpm install: resolved 1197 packages\n\u2713 All checks passed\n[12:50:27] DEBUG: Loading configuration\nChecking out develop branch\nImage pulled successfully\nCache restored successfully (343MB)\nCreating production build...\nCompiling utils/app.ts...\nPushing to registry...\n[12:50:27] DEBUG: Initializing service\nCache saved successfully\n\u26a0 DEPRECATION: Feature will be removed in v2.0\n[12:50:27] WARN: Deprecated API usage\nStep 19/16: Testing\n[12:50:27] WARN: Deprecated API usage\nUsing Python 3.9\nCoverage: 87% statements, 98% branches\n\u2713 Step 'checkout' succeeded\nUsing Node.js 14.2.5\nStep 8/20: Linting\n\u26a0 DEPRECATION: Feature will be removed in v5.0\nnpm install: added 19 packages\n[12:50:27] DEBUG: Connection pool: 14 active\nProcessing...\nUsing Python 3.11\n\u2713 Task completed in 2683ms\nPushing to registry...\nHEAD is now at e74d014\nStep 15/22: Linting\n[12:50:27] DEBUG: Memory usage: 433MB\nCoverage: 94% statements, 71% branches\nStep 5/19: Running migrations\nWARNING: express has known vulnerabilities\nDone.\n=== Step upload_artifacts completed ===\n=== Step: install_dependencies ===\nReady.\nPOST /upload - 201 (189ms)\nPOST /upload - 201 (67ms)\nPulling image: python:3.11\nStep 11/22: Linting\nArtifact uploaded: build.tar.gz (41MB)\nOK\nStep 20/25: Installing dependencies\nTLS handshake completed\nLayer 7/13: RUN command\nPushing to registry...\nNODE_ENV=production\nChecking out master branch\nMinifying main.js\nImage pulled successfully\nWaiting...\nNODE_ENV=development\nCache miss for key-3330\nOptimizing 80 modules...\n[12:50:27] INFO: Processing request\nnpm install: added 481 packages\nCache hit for key-1014\nException: ValueError\nCompiling utils/utils.go...\nnpm install: added 11 packages\nAlready up to date.\nTest Suites: 39 passed, 5 total\nCompiling lib/service.java...\nDone.\n[12:50:27] INFO: Starting build process\n[12:50:27] INFO: Connecting to database\nTransforming 758 files...\nMinifying main.js\nyarn add: Done in 1.55s\nCache saved successfully\n\u2713 test completed\nLayer 1/12: RUN command\n[12:50:27] ERROR: Connection failed\nBuilding Docker image...\n[12:50:27] DEBUG: Loading configuration\nyarn add: Done in 24.3s\n[12:50:27] DEBUG: Connection pool: 16 active\nTests: 256 passed, 244 total\nChecking out develop branch\nTest Suites: 31 passed, 30 total\nMinifying vendor.js\nCompiling utils/app.ts...\nStep 13/16: Linting\n  PASS: unit/test_user_create.spec.js\nCache hit for key-5726\n\u26a0 DEPRECATION: Feature will be removed in v5.0\nProcessing...\nFetching submodules...\n[12:50:27] INFO: Request completed\n[12:50:27] DEBUG: Initializing service\nCompleted.\nyarn add: Done in 17.94s\nChecking out develop branch\nException: RuntimeError\n  PASS: test_db_connect (195ms)\nProcessing...\nWARNING: eslint has known vulnerabilities\nyarn add: Done in 8.48s\n  PASS: integration/test_cache_hit.spec.js\nCache saved successfully\n[12:50:27] WARN: Deprecated API usage\n\u2717 build failed with exit code 115\nEnvironment: staging\nCompiling lib/utils.go...\nInstalling eslint@2.15.0\nFetching submodules...\nTLS handshake completed\nTests: 370 passed, 96 total\nCache restored successfully (484MB)\n[12:50:27] ERROR: Connection failed\nUsing Python 3.9\nConnection established\nTests: 299 passed, 348 total\nWaiting...\n  PASS: integration/test_api_health.spec.js\n  PASS: test_db_connect (482ms)\n\u2713 Step 'checkout' succeeded\nPOST /upload - 201 (167ms)\nOptimizing 70 modules...\nnpm install: resolved 112 packages\nCache invalidated: build\npip: Collecting eslint\n[12:50:27] DEBUG: Initializing service\nEnvironment: production\nMinifying main.js\npip install: Successfully installed react-1.12\nArtifact uploaded: build.tar.gz (34MB)\nCompiling src/utils.go...\nCache hit for key-7436\nInstalling axios@1.18.5\nUsing Node.js 20.20.3\nCompiling src/app.ts...\nGenerating source maps...\nTransforming 455 files...\nSnapshots: 21 passed, 24 total\npip: Installing build dependencies...\nWaiting...\nPlatform: darwin-arm64\nFetching from https://amazonaws.com/package.json\nUploading artifact 'coverage' (1 files)\nStep 13/17: Testing\nCreating production build...\nCache hit for key-7457\n[12:50:27] INFO: Connecting to database\nWaiting...\nCache restored successfully (373MB)\nPOST /data - 202 (381ms)\nStep 16/22: Linting\nAlready up to date.\nFinished.\nFetching submodules...\npip: Collecting express\nLoading...\nProcessing...\nFAILED: test_cache_hit\nCache miss for key-1799\nArtifact downloaded: 42MB\nnpm install: added 115 packages\nFAILED: test_cache_hit\nSwitched to branch 'bugfix/task-514'\nFetching submodules...\nCompiling src/main.py...\n\u2713 All checks passed\nnpm install: added 299 packages\nTLS handshake completed\n[12:50:27] INFO: Cache refreshed\nReady.\nnpm install: added 482 packages\nArtifact downloaded: 34MB\nPOST /upload - 201 (351ms)\npip: Installing build dependencies...\nEnvironment: production\nUploading artifact 'build' (32 files)\nnpm notice: package.json updated\n=== Step install_dependencies completed ===\n=== Step: type_check ===\nChecking out develop branch\n\u26a0 DEPRECATION: Feature will be removed in v2.0\nPulling image: python:latest\nUploading artifact 'build' (50 files)\nTime: 114.50s\nGenerating source maps...\nTransforming 509 files...\nBuilding Docker image...\nInstalling lodash@2.7.10\nLayer 2/10: RUN command\nnpm install: resolved 1645 packages\nBundling main.css\nBuilding Docker image...\nWARNING: react has known vulnerabilities\nRan 13 tests in 50s\nStep 19/15: Building\n\u2717 build failed with exit code 67\nSwitched to branch 'bugfix/task-901'\nnpm install: added 492 packages\nFetching from https://googleapis.com/package.json\nCompiling lib/service.java...\nNODE_ENV=test\nDone.\n[12:50:27] WARN: Deprecated API usage\n[12:50:27] WARN: Deprecated API usage\n[12:50:27] WARN: Deprecated API usage\nCache hit for key-7699\npip: Collecting prettier\n[12:50:27] INFO: Starting build process\nnpm notice: package.json updated\nPulling image: python:18\nImage pulled successfully\nStep 1/25: Linting\nTransforming 621 files...\nImage pulled successfully\nTransforming 835 files...\nCompleted.\nWARNING: express has known vulnerabilities\nImage pulled successfully\nnpm notice: package.json updated\n[12:50:27] WARN: Deprecated API usage\nReady.\nRan 194 tests in 56s\nSnapshots: 33 passed, 10 total\n\u2713 build completed\nCreating production build...\nEnvironment: production\n[12:50:27] INFO: Starting build process\nCache restored successfully (69MB)\n\u2713 Task completed in 806ms\n[12:50:27] INFO: Connecting to database\nArtifact downloaded: 25MB\nMinifying vendor.js\nBundling main.css\nTest Suites: 12 passed, 14 total\nCoverage: 89% statements, 65% branches\nInstalling jest@1.6.6\nSwitched to branch 'bugfix/task-541'\nOptimizing 82 modules...\npip install: Successfully installed axios-5.13\nLayer 8/9: COPY command\n[12:50:27] WARN: Deprecated API usage\nInstalling react@3.13.2\nPOST /api - 201 (436ms)\nEnvironment: test\nGenerating source maps...\nTLS handshake completed\n[12:50:27] DEBUG: Memory usage: 1222MB\n[12:50:27] INFO: Cache refreshed\nCache miss for key-8329\nSuccess!\nFetching from https://gcr.io/package.json\nCache miss for key-6403\nNODE_ENV=test\nReady.\nFetching submodules...\nLayer 10/15: COPY command\nStep 10/23: Building\nHEAD is now at 6868a93\nPushing to registry...\n[12:50:27] INFO: Starting build process\npip install: Successfully installed axios-1.3\n\u2713 Step 'checkout' succeeded\nWaiting...\nGenerating source maps...\nOptimizing 63 modules...\nEnvironment: test\nnpm notice: created a lockfile\nCache miss for key-1236\n  PASS: test_api_health (20ms)\nStep 6/21: Building\nStep 6/16: Linting\nSuccess!\nCache miss for key-4351\n[12:50:27] WARN: Deprecated API usage\nTime: 115.893s\n\u2713 Step 'checkout' succeeded\nInstalling express@1.7.4\nStep 12/24: Running migrations\nCreating production build...\nArtifact downloaded: 5MB\n[12:50:27] DEBUG: Connection pool: 18 active\nEnvironment: production\nCompiling src/index.js...\n[12:50:27] WARN: Deprecated API usage\nNODE_ENV=development\n[12:50:27] INFO: Request completed\n\u2713 Task completed in 2856ms\nCoverage: 83% statements, 92% branches\nFetching from https://docker.io/package.json\nTest Suites: 6 passed, 32 total\nGenerating source maps...\nPlatform: win32-x64\nUsing Python 3.11\nUsing Node.js 18.9.0\npip: Installing build dependencies...\n\u2713 Step 'install' succeeded\nStep 14/23: Running migrations\nFetching from https://gcr.io/package.json\nTransforming 166 files...\nOptimizing 58 modules...\nGET /api - 201 (59ms)\nCompleted.\npip install: Successfully installed webpack-1.18\nPushing to registry...\nWARNING: react has known vulnerabilities\nException: NullPointerException\nFinished.\nnpm install: resolved 1793 packages\nStep 13/23: Building\nCache miss for key-2071\nStep 12/22: Testing\nVerifying...\nCache miss for key-9946\nTransforming 790 files...\n\u26a0 DEPRECATION: Feature will be removed in v5.0\nWARNING: prettier has known vulnerabilities\nNODE_ENV=development\nCreating production build...\n=== Step type_check completed ===\n=== Step: lint ===\nPlatform: darwin-arm64\nStep 11/17: Running migrations\nCompiling lib/handler.rs...\nBuilding Docker image...\n\u2713 All checks passed\nAlready up to date.\nCache restored successfully (36MB)\nUsing Python 3.9\nCompiling src/utils.go...\nnpm notice: created a lockfile\nnpm notice: package.json updated\n[12:50:27] INFO: Request completed\nInstalling lodash@2.0.9\npip install: Successfully installed prettier-5.0\nCache hit for key-6264\npip: Collecting prettier\n[12:50:27] INFO: Starting build process\n[12:50:27] INFO: Processing request\n[12:50:27] INFO: Processing request\nWARNING: webpack has known vulnerabilities\nPushing to registry...\nImage pulled successfully\nArtifact uploaded: dist.zip (50MB)\nNODE_ENV=test\nOptimizing 96 modules...\nBuilding Docker image...\nCache saved successfully\nPOST /upload - 200 (181ms)\nStep 19/20: Installing dependencies\npip: Installing build dependencies...\nPulling image: node:18\nUsing Node.js 14.2.3\nSwitched to branch 'bugfix/task-708'\n[12:50:27] INFO: Request completed\nArtifact uploaded: build.tar.gz (42MB)\nStep 3/18: Building\nPlatform: win32-x64\nNODE_ENV=production\nCreating production build...\n[12:50:27] INFO: Request completed\nInstalling axios@2.9.2\n[12:50:27] INFO: Processing request\nnpm install: resolved 346 packages\nTransforming 681 files...\nFinished.\nStep 15/23: Building\nArtifact uploaded: dist.zip (26MB)\n[12:50:27] ERROR: Connection failed\n[12:50:27] DEBUG: Memory usage: 1990MB\nBuilding Docker image...\nWARNING: eslint has known vulnerabilities\nyarn add: Done in 4.73s\npip: Downloading express-5.8.tar.gz\nFetching submodules...\npip: Collecting lodash\nGenerating source maps...\n\u2713 validate completed\n[12:50:27] DEBUG: Initializing service\nSnapshots: 13 passed, 34 total\nNODE_ENV=test\nNODE_ENV=production\n\u2713 Step 'test' succeeded\n[12:50:27] DEBUG: Loading configuration\nProcessing...\nRan 98 tests in 40s\nUploading artifact 'build' (1 files)\nGET /api - 204 (53ms)\n\u26a0 DEPRECATION: Feature will be removed in v3.0\nStep 2/19: Testing\n[12:50:27] INFO: Request completed\npip: Downloading jest-4.13.tar.gz\nWARNING: lodash has known vulnerabilities\nWARNING: express has known vulnerabilities\nPulling image: python:18\nFinished.\n  PASS: integration/test_api_health.spec.js\n\u26a0 DEPRECATION: Feature will be removed in v2.0\nTLS handshake completed\nOK\n\u2713 Step 'checkout' succeeded\nPulling image: alpine:latest\nnpm notice: created a lockfile\nTime: 90.816s\n[12:50:27] INFO: Processing request\n\u2713 Task completed in 484ms\nCache miss for key-2071\nStep 20/25: Deploying\nArtifact uploaded: dist.zip (6MB)\npip install: Successfully installed webpack-4.16\nCompiling utils/service.java...\nMinifying app.js\nPlatform: linux-x64\nCompleted.\nArtifact downloaded: 11MB\n\u2713 validate completed\n\u26a0 DEPRECATION: Feature will be removed in v2.0\nTest Suites: 5 passed, 45 total\nFetching from https://gcr.io/package.json\n[12:50:27] DEBUG: Loading configuration\nCompleted.\nArtifact uploaded: build.tar.gz (30MB)\n[12:50:27] DEBUG: Loading configuration\nPOST /upload - 201 (324ms)\nVerifying...\nCompleted.\nnpm notice: created a lockfile\nUsing Node.js 18.11.10\nLoading...\nnpm install: added 150 packages\n[12:50:27] DEBUG: Connection pool: 3 active\n\u26a0 DEPRECATION: Feature will be removed in v4.0\nTime: 120.217s\n[12:50:27] DEBUG: Memory usage: 474MB\nStep 6/16: Building\n[12:50:27] DEBUG: Memory usage: 293MB\nStep 10/20: Building\nCoverage: 93% statements, 71% branches\n[12:50:27] WARN: Deprecated API usage\nnpm install: added 354 packages\nSuccess!\nCache invalidated: node_modules\nImage pulled successfully\n\u2713 Step 'build' succeeded\nImage pulled successfully\nImage pulled successfully\n[12:50:27] DEBUG: Loading configuration\n\u2713 All checks passed\nStep 11/21: Testing\nEnvironment: staging\n\u2713 Step 'build' succeeded\n[12:50:27] INFO: Cache refreshed\nArtifact downloaded: 36MB\n[12:50:27] WARN: Deprecated API usage\nStep 11/16: Linting\nConnection established\nAlready up to date.\nCoverage: 93% statements, 88% branches\nWaiting...\nyarn add: Done in 16.64s\n=== Step lint completed ===\n=== Step: setup_environment ===\n\u2713 Task completed in 3000ms\nFAILED: test_api_health\n\u2713 All checks passed\nOptimizing 69 modules...\nnpm notice: created a lockfile\nCache miss for key-1956\nWARNING: lodash has known vulnerabilities\nUploading artifact 'dist' (11 files)\n\u2713 All checks passed\nSwitched to branch 'feature/task-887'\nCache restored successfully (46MB)\nLayer 7/13: RUN command\nStep 13/18: Installing dependencies\nAlready up to date.\nPlatform: darwin-arm64\nDone.\n[12:50:27] DEBUG: Initializing service\nStep 12/16: Testing\nProcessing...\nNODE_ENV=development\nStep 16/15: Installing dependencies\nCompleted.\nPOST /data - 202 (14ms)\nLayer 2/12: COPY command\nCompiling src/main.py...\nStep 2/19: Running migrations\n[12:50:27] WARN: Deprecated API usage\n\u2713 build completed\n\u2713 Step 'build' succeeded\nFinished.\nWARNING: react has known vulnerabilities\nEnvironment: production\n[12:50:27] DEBUG: Query executed in 8ms\n[12:50:27] WARN: Deprecated API usage\nCompleted.\nUploading artifact 'coverage' (42 files)\nChecking out master branch\nBundling main.css\nSwitched to branch 'hotfix/task-826'\nChecking out main branch\n  PASS: test_auth_login (301ms)\nConnection established\nTests: 141 passed, 413 total\nnpm notice: package.json updated\nAlready up to date.\nOptimizing 82 modules...\nCompleted.\nCompleted.\n\u26a0 DEPRECATION: Feature will be removed in v5.0\nStep 10/21: Deploying\nNODE_ENV=production\nWaiting...\n[12:50:27] DEBUG: Memory usage: 1076MB\nPushing to registry...\nnpm notice: created a lockfile\nCache invalidated: dependencies\nSuccess!\nCompiling lib/main.py...\nMinifying app.js\nEnvironment: development\n[12:50:27] DEBUG: Initializing service\nSnapshots: 0 passed, 4 total\nNODE_ENV=test\n\u2713 deploy completed\nStep 1/23: Deploying\n[12:50:27] DEBUG: Memory usage: 1144MB\n\u26a0 DEPRECATION: Feature will be removed in v3.0\nCompiling components/main.py...\n[12:50:27] INFO: Request completed\n\u2713 test completed\n[12:50:27] INFO: Processing request\nPOST /data - 202 (404ms)\n\u2713 Step 'install' succeeded\nCache invalidated: build\nDone.\nWaiting...\nReady.\nyarn add: Done in 21.46s\nTest Suites: 45 passed, 18 total\nFetching from https://pypi.org/package.json\n[12:50:27] INFO: Processing request\nCoverage: 88% statements, 61% branches\nOptimizing 99 modules...\nBundling runtime.css\n[12:50:27] INFO: Cache refreshed\nStep 13/18: Testing\nyarn add: Done in 3.48s\n[12:50:27] INFO: Connecting to database\nStep 17/20: Running migrations\nCache saved successfully\n[12:50:27] WARN: Deprecated API usage\nPulling image: node:latest\n\u2713 All checks passed\n[12:50:27] INFO: Connecting to database\nTransforming 218 files...\nNODE_ENV=test\nPlatform: linux-x64\nBuilding Docker image...\nWARNING: eslint has known vulnerabilities\nBundling runtime.css\nPushing to registry...\n[12:50:27] DEBUG: Memory usage: 1319MB\nnpm notice: package.json updated\nVerifying...\n[12:50:27] INFO: Processing request\nSuccess!\nHEAD is now at 2877624\nChecking out main branch\nTime: 52.357s\npip install: Successfully installed react-1.13\n[12:50:27] DEBUG: Initializing service\nWARNING: lodash has known vulnerabilities\nOK\nDone.\nFetching from https://npmjs.org/package.json\nArtifact uploaded: build.tar.gz (49MB)\nOK\nSuccess!\npip: Downloading prettier-4.4.tar.gz\nCompiling components/main.py...\nCompiling lib/app.ts...\n[12:50:27] WARN: Deprecated API usage\nRan 56 tests in 24s\nTest Suites: 45 passed, 44 total\npip: Installing build dependencies...\nPulling image: node:latest\n\u2713 Step 'install' succeeded\nOptimizing 12 modules...\nStep 4/23: Linting\nCompiling utils/utils.go...\nVerifying...\nStep 9/16: Deploying\nBuilding Docker image...\npip install: Successfully installed axios-1.3\nLayer 9/15: ENV command\nPulling image: node:3.11\n  PASS: test_auth_login (292ms)\n[12:50:27] DEBUG: Connection pool: 9 active\nStep 19/16: Linting\n=== Step setup_environment completed ===\n=== Step: integration_tests ===\nStep 2/25: Testing\nFetching submodules...\nReady.\nInstalling jest@3.12.5\n  PASS: unit/test_user_create.spec.js\nCompiling utils/main.py...\nCoverage: 93% statements, 70% branches\nFetching from https://registry.npmjs.org/package.json\npip: Downloading eslint-5.2.tar.gz\nTransforming 300 files...\nPushing to registry...\nDone.\nyarn add: Done in 7.89s\nCompiling components/index.js...\nWARNING: express has known vulnerabilities\nAlready up to date.\nOptimizing 81 modules...\nLayer 10/15: RUN command\nMinifying app.js\n[12:50:27] DEBUG: Initializing service\nReady.\nnpm notice: created a lockfile\nRan 188 tests in 43s\npip: Collecting eslint\nTests: 343 passed, 105 total\n[12:50:27] DEBUG: Loading configuration\npip: Downloading react-4.14.tar.gz\nOK\nFinished.\n[12:50:27] INFO: Starting build process\nCache restored successfully (204MB)\nnpm install: resolved 486 packages\nWARNING: lodash has known vulnerabilities\nPushing to registry...\nOK\nTransforming 986 files...\n[12:50:27] INFO: Connecting to database\n[12:50:27] DEBUG: Connection pool: 16 active\nStep 6/23: Running migrations\nOptimizing 61 modules...\n[12:50:27] WARN: Deprecated API usage\npip: Collecting lodash\n[12:50:27] DEBUG: Memory usage: 193MB\nArtifact uploaded: dist.zip (67MB)\nCompiling lib/index.js...\nDone.\nPulling image: node:3.11\nnpm notice: package.json updated\nNODE_ENV=production\nChecking out master branch\nCompleted.\nStep 11/20: Building\nLoading...\n[12:50:27] INFO: Request completed\nFetching submodules...\nStep 14/22: Linting\n  PASS: unit/test_user_create.spec.js\nTest Suites: 26 passed, 12 total\nTest Suites: 34 passed, 36 total\nInstalling lodash@2.7.2\nTest Suites: 18 passed, 39 total\n[12:50:27] DEBUG: Loading configuration\nTests: 448 passed, 141 total\nCreating production build...\nnpm install: resolved 1168 packages\nStep 20/24: Testing\n[12:50:27] WARN: Deprecated API usage\n[12:50:27] DEBUG: Initializing service\nMinifying main.js\nDone.\nStep 13/16: Deploying\nCache hit for key-9352\nPulling image: node:3.11\n\u26a0 DEPRECATION: Feature will be removed in v3.0\npip: Downloading jest-1.14.tar.gz\nCache saved successfully\nCompiling utils/index.js...\nInstalling express@3.16.8\n\u26a0 DEPRECATION: Feature will be removed in v2.0\nCache hit for key-5444\n[12:50:27] DEBUG: Loading configuration\n[12:50:27] DEBUG: Connection pool: 12 active\nAlready up to date.\nnpm install: resolved 1969 packages\nArtifact uploaded: dist.zip (47MB)\n  PASS: unit/test_user_create.spec.js\nPlatform: win32-x64\n[12:50:27] DEBUG: Query executed in 60ms\nReady.\n[12:50:27] INFO: Processing request\n[12:50:27] ERROR: Connection failed\n\u26a0 DEPRECATION: Feature will be removed in v2.0\nStep 13/20: Building\nFetching submodules...\n\u2717 build failed with exit code 111\n\u2713 All checks passed\nUsing Python 3.10\nFAILED: test_api_health\n[12:50:27] DEBUG: Loading configuration\nStep 16/23: Installing dependencies\n\u26a0 DEPRECATION: Feature will be removed in v2.0\nArtifact downloaded: 50MB\nArtifact downloaded: 15MB\nnpm notice: package.json updated\nStep 4/17: Testing\nTLS handshake completed\nStep 6/22: Deploying\nWARNING: eslint has known vulnerabilities\nUsing Python 3.10\nPlatform: linux-x64\nyarn add: Done in 17.30s\nWARNING: jest has known vulnerabilities\nVerifying...\nTLS handshake completed\n\u26a0 DEPRECATION: Feature will be removed in v3.0\n[12:50:27] INFO: Cache refreshed\n[12:50:27] DEBUG: Query executed in 8ms\npip install: Successfully installed express-2.18\nStep 15/18: Building\nFinished.\nnpm notice: package.json updated\nMinifying app.js\nImage pulled successfully\nArtifact uploaded: build.tar.gz (9MB)\nHEAD is now at f9ea317\nTransforming 788 files...\nCache hit for key-9197\nVerifying...\n\u26a0 DEPRECATION: Feature will be removed in v2.0\n[12:50:27] DEBUG: Query executed in 59ms\n[12:50:27] INFO: Connecting to database\nProcessing...\nProcessing...\n[12:50:27] ERROR: Connection failed\nStep 10/15: Testing\n[12:50:27] DEBUG: Query executed in 4ms\nCompiling src/utils.go...\nStep 12/20: Installing dependencies\nCoverage: 96% statements, 85% branches\n=== Step integration_tests completed ===\n=== Step: save_cache ===\nMinifying vendor.js\nTests: 468 passed, 467 total\nChecking out develop branch\nFinished.\nCache invalidated: node_modules\nCompiling components/utils.go...\npip: Installing build dependencies...\nTest Suites: 31 passed, 22 total\nFetching submodules...\n[12:50:27] INFO: Request completed\nSuccess!\nException: RuntimeError\npip: Downloading prettier-2.20.tar.gz\n[12:50:27] INFO: Cache refreshed\n[12:50:27] DEBUG: Loading configuration\nCache saved successfully\npip: Collecting prettier\nBuilding Docker image...\nCoverage: 92% statements, 68% branches\nException: TypeError\nTLS handshake completed\nCache miss for key-1947\nOptimizing 12 modules...\nnpm notice: created a lockfile\nFetching from https://amazonaws.com/package.json\n\u2713 Step 'checkout' succeeded\npip: Collecting react\nGenerating source maps...\nStep 18/23: Deploying\nCache hit for key-7727\nWARNING: prettier has known vulnerabilities\n[12:50:27] INFO: Request completed\nGET /api - 201 (97ms)\nnpm install: resolved 1767 packages\npip: Collecting express\nLayer 1/10: ENV command\n[12:50:27] INFO: Connecting to database\nAlready up to date.\npip: Collecting jest\nGET /health - 204 (20ms)\nStep 10/22: Linting\nArtifact uploaded: build.tar.gz (12MB)\nCompiling src/index.js...\n[12:50:27] INFO: Request completed\nArtifact downloaded: 50MB\nHEAD is now at 2e2335d\nOptimizing 89 modules...\nPulling image: python:3.11\nFetching from https://npmjs.org/package.json\n\u2717 build failed with exit code 75\n[12:50:27] WARN: Deprecated API usage\nFetching from https://amazonaws.com/package.json\nChecking out main branch\n\u2717 build failed with exit code 110\nPulling image: python:3.11\n[12:50:27] WARN: Deprecated API usage\nCompiling lib/main.py...\n\u2713 All checks passed\n[12:50:27] DEBUG: Memory usage: 264MB\nPlatform: win32-x64\nCompiling utils/main.py...\n\u2713 test completed\n[12:50:27] WARN: Deprecated API usage\nLayer 3/14: ENV command\nFinished.\npip: Downloading webpack-5.17.tar.gz\nAlready up to date.\n[12:50:27] INFO: Cache refreshed\nStep 5/25: Running migrations\nStep 1/24: Installing dependencies\nStep 17/16: Running migrations\nPOST /api - 201 (13ms)\n[12:50:27] DEBUG: Initializing service\nGenerating source maps...\n[12:50:27] DEBUG: Query executed in 77ms\nArtifact uploaded: dist.zip (40MB)\nTime: 97.730s\nWaiting...\nCreating production build...\nCompleted.\nGenerating source maps...\nConnection established\nCoverage: 86% statements, 93% branches\nWARNING: express has known vulnerabilities\nSnapshots: 5 passed, 46 total\n[12:50:27] INFO: Request completed\nReady.\nTest Suites: 5 passed, 39 total\nCache miss for key-7429\nWARNING: eslint has known vulnerabilities\n[12:50:27] INFO: Cache refreshed\nTransforming 557 files...\npip: Collecting eslint\nFetching from https://registry.npmjs.org/package.json\n\u2717 build failed with exit code 19\n[12:50:27] DEBUG: Connection pool: 13 active\n[12:50:27] WARN: Deprecated API usage\npip install: Successfully installed jest-2.5\npip: Collecting lodash\nArtifact uploaded: build.tar.gz (32MB)\n  PASS: unit/test_db_connect.spec.js\nHEAD is now at 0744adf\nDone.\nArtifact downloaded: 38MB\nFinished.\n[12:50:27] DEBUG: Query executed in 50ms\nnpm install: added 158 packages\nFinished.\nSwitched to branch 'bugfix/task-928'\nArtifact downloaded: 33MB\nOptimizing 75 modules...\nStep 15/17: Testing\nPOST /api - 202 (177ms)\nnpm install: resolved 328 packages\nRan 89 tests in 28s\n[12:50:27] DEBUG: Connection pool: 9 active\nTests: 185 passed, 81 total\n[12:50:27] INFO: Cache refreshed\n\u26a0 DEPRECATION: Feature will be removed in v2.0\n[12:50:27] DEBUG: Initializing service\nStep 9/24: Running migrations\nReady.\nOK\n\u2713 All checks passed\nVerifying...\nTime: 18.117s\nPlatform: win32-x64\n[12:50:27] INFO: Request completed\nGenerating source maps...\nnpm notice: created a lockfile\nPulling image: python:18\n\u2713 build completed\nTest Suites: 17 passed, 7 total\n[12:50:27] WARN: Deprecated API usage\n[12:50:27] INFO: Request completed\n[12:50:27] INFO: Processing request\nPOST /data - 200 (132ms)\nnpm notice: package.json updated\nTest Suites: 35 passed, 35 total\n=== Step save_cache completed ===",
    "steps": [
      {
        "name": "e2e_tests",
        "status": "success",
        "started_at": "2025-12-02T12:50:27.329475",
        "finished_at": "2025-12-02T12:50:35.840389",
        "log_lines": [
          "=== Step: e2e_tests ===",
          "[12:50:27] DEBUG: Query executed in 60ms",
          "Waiting...",
          "Ran 148 tests in 28s",
          "GET /health - 204 (8ms)",
          "WARNING: lodash has known vulnerabilities",
          "Time: 77.225s",
          "Completed.",
          "[12:50:27] DEBUG: Loading configuration",
          "Using Python 3.10",
          "[12:50:27] WARN: Deprecated API usage",
          "Processing...",
          "Transforming 370 files...",
          "FAILED: test_cache_hit",
          "Using Python 3.12",
          "Generating source maps...",
          "Fetching from https://pypi.org/package.json",
          "npm install: added 387 packages",
          "Compiling components/main.py...",
          "Pulling image: alpine:18",
          "Minifying vendor.js",
          "Fetching submodules...",
          "\u26a0 DEPRECATION: Feature will be removed in v4.0",
          "  PASS: unit/test_cache_hit.spec.js",
          "Image pulled successfully",
          "Bundling main.css",
          "npm install: resolved 1971 packages",
          "Environment: production",
          "  PASS: test_auth_login (116ms)",
          "pip: Installing build dependencies...",
          "Layer 5/12: RUN command",
          "\u2713 lint completed",
          "npm notice: package.json updated",
          "Verifying...",
          "Using Python 3.10",
          "npm notice: created a lockfile",
          "Connection established",
          "HEAD is now at b7b078e",
          "Connection established",
          "Pushing to registry...",
          "Generating source maps...",
          "[12:50:27] ERROR: Connection failed",
          "Cache miss for key-4439",
          "Compiling lib/main.py...",
          "[12:50:27] DEBUG: Connection pool: 5 active",
          "Environment: staging",
          "Already up to date.",
          "Installing webpack@2.11.0",
          "Pulling image: node:latest",
          "Artifact uploaded: dist.zip (41MB)",
          "pip install: Successfully installed eslint-4.6",
          "Test Suites: 21 passed, 35 total",
          "Snapshots: 15 passed, 0 total",
          "Uploading artifact 'dist' (15 files)",
          "pip: Collecting webpack",
          "Uploading artifact 'coverage' (1 files)",
          "[12:50:27] INFO: Starting build process",
          "Snapshots: 43 passed, 36 total",
          "pip: Collecting jest",
          "npm notice: package.json updated",
          "Step 1/21: Linting",
          "Coverage: 99% statements, 85% branches",
          "\u26a0 DEPRECATION: Feature will be removed in v3.0",
          "Step 11/25: Installing dependencies",
          "Layer 2/10: ENV command",
          "Snapshots: 7 passed, 40 total",
          "Done.",
          "Compiling lib/index.js...",
          "npm notice: created a lockfile",
          "Processing...",
          "Ran 57 tests in 21s",
          "OK",
          "[12:50:27] WARN: Deprecated API usage",
          "WARNING: jest has known vulnerabilities",
          "TLS handshake completed",
          "Creating production build...",
          "POST /upload - 202 (83ms)",
          "yarn add: Done in 18.64s",
          "[12:50:27] INFO: Processing request",
          "Compiling lib/handler.rs...",
          "\u2713 All checks passed",
          "NODE_ENV=production",
          "Pushing to registry...",
          "POST /upload - 200 (227ms)",
          "[12:50:27] DEBUG: Connection pool: 8 active",
          "Compiling src/handler.rs...",
          "Step 17/25: Installing dependencies",
          "pip: Collecting webpack",
          "Cache restored successfully (239MB)",
          "pip: Collecting axios",
          "[12:50:27] INFO: Starting build process",
          "Fetching submodules...",
          "Connection established",
          "Processing...",
          "Bundling main.css",
          "Done.",
          "Optimizing 62 modules...",
          "[12:50:27] DEBUG: Initializing service",
          "Step 8/21: Running migrations",
          "Connection established",
          "Artifact downloaded: 32MB",
          "Waiting...",
          "Building Docker image...",
          "Cache hit for key-9065",
          "[12:50:27] DEBUG: Loading configuration",
          "pip install: Successfully installed jest-5.20",
          "Cache hit for key-3765",
          "Finished.",
          "Ready.",
          "Compiling components/index.js...",
          "Success!",
          "[12:50:27] INFO: Processing request",
          "\u2717 build failed with exit code 103",
          "Processing...",
          "[12:50:27] DEBUG: Memory usage: 1289MB",
          "WARNING: prettier has known vulnerabilities",
          "Processing...",
          "Minifying vendor.js",
          "Loading...",
          "[12:50:27] DEBUG: Memory usage: 380MB",
          "Platform: darwin-arm64",
          "Connection established",
          "Completed.",
          "[12:50:27] INFO: Cache refreshed",
          "Ran 18 tests in 48s",
          "Uploading artifact 'dist' (50 files)",
          "Checking out main branch",
          "Coverage: 88% statements, 93% branches",
          "[12:50:27] DEBUG: Loading configuration",
          "HEAD is now at 94e63b1",
          "Step 20/15: Running migrations",
          "[12:50:27] ERROR: Connection failed",
          "Artifact uploaded: build.tar.gz (6MB)",
          "Time: 68.206s",
          "\u2713 Step 'setup' succeeded",
          "\u2713 package completed",
          "[12:50:27] DEBUG: Loading configuration",
          "[12:50:27] WARN: Deprecated API usage",
          "pip install: Successfully installed lodash-3.3",
          "[12:50:27] DEBUG: Loading configuration",
          "=== Step e2e_tests completed ==="
        ]
      },
      {
        "name": "setup_node",
        "status": "success",
        "started_at": "2025-12-02T12:50:35.840389",
        "finished_at": "2025-12-02T12:50:44.351303",
        "log_lines": [
          "=== Step: setup_node ===",
          "FAILED: test_db_connect",
          "Time: 82.968s",
          "Cache restored successfully (48MB)",
          "Image pulled successfully",
          "Step 4/18: Installing dependencies",
          "Step 3/15: Building",
          "Artifact downloaded: 7MB",
          "pip: Downloading prettier-1.10.tar.gz",
          "[12:50:27] DEBUG: Initializing service",
          "\u2717 build failed with exit code 75",
          "Switched to branch 'hotfix/task-511'",
          "\u2713 All checks passed",
          "pip: Collecting jest",
          "Minifying main.js",
          "[12:50:27] INFO: Processing request",
          "[12:50:27] INFO: Request completed",
          "Waiting...",
          "Finished.",
          "pip: Downloading lodash-4.0.tar.gz",
          "\u2713 Task completed in 3499ms",
          "Step 5/18: Running migrations",
          "Snapshots: 8 passed, 42 total",
          "pip install: Successfully installed webpack-5.3",
          "GET /health - 204 (98ms)",
          "[12:50:27] INFO: Cache refreshed",
          "\u2713 Step 'install' succeeded",
          "Loading...",
          "Snapshots: 47 passed, 3 total",
          "Fetching from https://pypi.org/package.json",
          "Ran 148 tests in 16s",
          "Artifact downloaded: 23MB",
          "NODE_ENV=test",
          "Artifact uploaded: build.tar.gz (1MB)",
          "Cache miss for key-2951",
          "Artifact uploaded: build.tar.gz (32MB)",
          "npm notice: package.json updated",
          "Success!",
          "GET /status - 200 (95ms)",
          "Layer 5/15: RUN command",
          "HEAD is now at 361b2be",
          "Layer 4/10: RUN command",
          "\u2713 test completed",
          "npm notice: created a lockfile",
          "Optimizing 81 modules...",
          "Already up to date.",
          "Bundling vendor.js",
          "npm install: added 124 packages",
          "[12:50:27] DEBUG: Loading configuration",
          "POST /upload - 201 (425ms)",
          "Compiling components/service.java...",
          "Generating source maps...",
          "Loading...",
          "POST /upload - 202 (201ms)",
          "TLS handshake completed",
          "Success!",
          "Bundling vendor.css",
          "Ran 162 tests in 40s",
          "  PASS: test_auth_login (313ms)",
          "Cache saved successfully",
          "\u2717 build failed with exit code 51",
          "[12:50:27] INFO: Cache refreshed",
          "Done.",
          "Snapshots: 43 passed, 14 total",
          "Platform: darwin-arm64",
          "Ran 25 tests in 50s",
          "Cache invalidated: dependencies",
          "[12:50:27] DEBUG: Query executed in 10ms",
          "Uploading artifact 'build' (11 files)",
          "[12:50:27] WARN: Deprecated API usage",
          "Compiling utils/service.java...",
          "[12:50:27] WARN: Deprecated API usage",
          "NODE_ENV=test",
          "Snapshots: 27 passed, 31 total",
          "OK",
          "pip: Installing build dependencies...",
          "Cache saved successfully",
          "yarn add: Done in 8.90s",
          "Tests: 67 passed, 231 total",
          "Success!",
          "NODE_ENV=production",
          "Done.",
          "Step 13/25: Installing dependencies",
          "[12:50:27] INFO: Cache refreshed",
          "WARNING: webpack has known vulnerabilities",
          "Step 10/16: Linting",
          "[12:50:27] DEBUG: Query executed in 2ms",
          "Step 14/16: Building",
          "\u2713 deploy completed",
          "Compiling utils/main.py...",
          "Uploading artifact 'build' (21 files)",
          "Step 12/19: Testing",
          "GET /status - 201 (19ms)",
          "[12:50:27] INFO: Cache refreshed",
          "Using Python 3.9",
          "Verifying...",
          "Installing axios@2.8.2",
          "pip install: Successfully installed lodash-5.15",
          "npm notice: created a lockfile",
          "Cache saved successfully",
          "WARNING: react has known vulnerabilities",
          "Processing...",
          "Artifact uploaded: dist.zip (68MB)",
          "Snapshots: 25 passed, 7 total",
          "HEAD is now at a3639b9",
          "Step 18/24: Building",
          "pip: Installing build dependencies...",
          "Switched to branch 'feature/task-302'",
          "  PASS: test_db_connect (442ms)",
          "Image pulled successfully",
          "Cache saved successfully",
          "Loading...",
          "Step 18/24: Deploying",
          "  PASS: test_cache_hit (94ms)",
          "\u2713 Task completed in 4093ms",
          "Already up to date.",
          "Step 3/25: Running migrations",
          "[12:50:27] DEBUG: Initializing service",
          "yarn add: Done in 15.7s",
          "\u2713 Step 'install' succeeded",
          "Coverage: 79% statements, 84% branches",
          "Minifying main.js",
          "Using Node.js 15.8.1",
          "Cache hit for key-7452",
          "Artifact uploaded: dist.zip (97MB)",
          "\u2713 Task completed in 1148ms",
          "Installing express@3.16.4",
          "Finished.",
          "Optimizing 44 modules...",
          "\u2713 Step 'checkout' succeeded",
          "Step 8/22: Linting",
          "Cache restored successfully (136MB)",
          "Already up to date.",
          "Finished.",
          "pip: Collecting jest",
          "Cache miss for key-6062",
          "\u2717 build failed with exit code 121",
          "Snapshots: 42 passed, 22 total",
          "Already up to date.",
          "HEAD is now at 7f1bbd4",
          "=== Step setup_node completed ==="
        ]
      },
      {
        "name": "restore_cache",
        "status": "success",
        "started_at": "2025-12-02T12:50:44.351303",
        "finished_at": "2025-12-02T12:50:49.457852",
        "log_lines": [
          "=== Step: restore_cache ===",
          "[12:50:27] INFO: Connecting to database",
          "Done.",
          "Layer 6/14: ENV command",
          "yarn add: Done in 19.9s",
          "Installing webpack@4.6.9",
          "[12:50:27] DEBUG: Initializing service",
          "Using Node.js 15.19.1",
          "pip install: Successfully installed webpack-3.7",
          "[12:50:27] DEBUG: Connection pool: 7 active",
          "Compiling utils/handler.rs...",
          "Cache saved successfully",
          "Success!",
          "Switched to branch 'bugfix/task-507'",
          "WARNING: jest has known vulnerabilities",
          "  PASS: unit/test_db_connect.spec.js",
          "Pulling image: alpine:3.11",
          "  PASS: e2e/test_db_connect.spec.js",
          "[12:50:27] WARN: Deprecated API usage",
          "Artifact uploaded: build.tar.gz (43MB)",
          "Step 20/18: Linting",
          "\u2713 Task completed in 746ms",
          "Uploading artifact 'coverage' (1 files)",
          "[12:50:27] WARN: Deprecated API usage",
          "[12:50:27] WARN: Deprecated API usage",
          "Ran 184 tests in 40s",
          "Platform: linux-x64",
          "npm notice: created a lockfile",
          "Waiting...",
          "Using Python 3.10",
          "Cache saved successfully",
          "Compiling src/handler.rs...",
          "\u26a0 DEPRECATION: Feature will be removed in v3.0",
          "Checking out develop branch",
          "Compiling lib/index.js...",
          "Compiling lib/service.java...",
          "POST /data - 202 (112ms)",
          "\u26a0 DEPRECATION: Feature will be removed in v2.0",
          "Test Suites: 29 passed, 6 total",
          "Layer 5/14: RUN command",
          "TLS handshake completed",
          "\u26a0 DEPRECATION: Feature will be removed in v2.0",
          "\u2717 build failed with exit code 126",
          "NODE_ENV=test",
          "Fetching submodules...",
          "Switched to branch 'bugfix/task-127'",
          "[12:50:27] DEBUG: Memory usage: 1975MB",
          "[12:50:27] DEBUG: Initializing service",
          "Transforming 211 files...",
          "Step 5/15: Building",
          "Creating production build...",
          "Ready.",
          "Step 3/21: Linting",
          "Done.",
          "POST /upload - 200 (427ms)",
          "Step 18/24: Deploying",
          "  PASS: test_cache_hit (484ms)",
          "Snapshots: 46 passed, 33 total",
          "[12:50:27] INFO: Connecting to database",
          "Step 10/25: Running migrations",
          "Ran 162 tests in 25s",
          "pip install: Successfully installed express-3.4",
          "Using Node.js 20.4.9",
          "\u2713 build completed",
          "Test Suites: 25 passed, 32 total",
          "Optimizing 78 modules...",
          "Transforming 472 files...",
          "Processing...",
          "Compiling components/handler.rs...",
          "[12:50:27] DEBUG: Loading configuration",
          "Generating source maps...",
          "Compiling utils/utils.go...",
          "Minifying vendor.js",
          "Cache restored successfully (124MB)",
          "Checking out develop branch",
          "pip: Installing build dependencies...",
          "Cache miss for key-5755",
          "[12:50:27] DEBUG: Connection pool: 17 active",
          "Pulling image: alpine:latest",
          "\u2713 Step 'install' succeeded",
          "POST /data - 201 (185ms)",
          "Compiling utils/index.js...",
          "[12:50:27] DEBUG: Loading configuration",
          "NODE_ENV=development",
          "Bundling styles.css",
          "\u26a0 DEPRECATION: Feature will be removed in v2.0",
          "Pushing to registry...",
          "Done.",
          "Cache restored successfully (304MB)",
          "Minifying vendor.js",
          "Step 13/21: Building",
          "[12:50:27] INFO: Connecting to database",
          "[12:50:27] INFO: Starting build process",
          "Test Suites: 44 passed, 32 total",
          "Step 4/22: Building",
          "\u2713 All checks passed",
          "Success!",
          "Creating production build...",
          "[12:50:27] DEBUG: Query executed in 69ms",
          "\u2713 Step 'setup' succeeded",
          "Verifying...",
          "Connection established",
          "Success!",
          "pip: Downloading react-3.7.tar.gz",
          "Step 2/24: Installing dependencies",
          "Platform: darwin-arm64",
          "pip install: Successfully installed eslint-5.8",
          "Fetching from https://googleapis.com/package.json",
          "yarn add: Done in 29.70s",
          "Processing...",
          "Processing...",
          "Fetching from https://googleapis.com/package.json",
          "\u26a0 DEPRECATION: Feature will be removed in v4.0",
          "Ran 90 tests in 39s",
          "Compiling components/handler.rs...",
          "Installing webpack@1.11.1",
          "Compiling src/app.ts...",
          "[12:50:27] WARN: Deprecated API usage",
          "Step 16/24: Testing",
          "npm notice: created a lockfile",
          "Creating production build...",
          "Finished.",
          "Creating production build...",
          "Installing jest@4.6.1",
          "Done.",
          "TLS handshake completed",
          "\u2717 build failed with exit code 4",
          "[12:50:27] DEBUG: Memory usage: 1938MB",
          "Snapshots: 5 passed, 34 total",
          "pip: Collecting jest",
          "Generating source maps...",
          "  PASS: integration/test_user_create.spec.js",
          "Loading...",
          "Cache miss for key-3647",
          "Ready.",
          "Step 9/22: Deploying",
          "  PASS: test_api_health (73ms)",
          "\u2713 Step 'install' succeeded",
          "[12:50:27] INFO: Cache refreshed",
          "Compiling utils/service.java...",
          "=== Step restore_cache completed ==="
        ]
      },
      {
        "name": "unit_tests",
        "status": "success",
        "started_at": "2025-12-02T12:50:49.457852",
        "finished_at": "2025-12-02T12:51:14.990595",
        "log_lines": [
          "=== Step: unit_tests ===",
          "[12:50:27] INFO: Starting build process",
          "Step 20/15: Testing",
          "Cache hit for key-8742",
          "Step 15/20: Running migrations",
          "\u2717 build failed with exit code 16",
          "Connection established",
          "npm install: resolved 1300 packages",
          "npm install: resolved 676 packages",
          "OK",
          "\u2713 validate completed",
          "Ran 56 tests in 6s",
          "pip install: Successfully installed react-2.16",
          "  PASS: test_api_health (427ms)",
          "[12:50:27] WARN: Deprecated API usage",
          "Using Node.js 18.4.6",
          "Done.",
          "Cache restored successfully (416MB)",
          "\u2713 Task completed in 3613ms",
          "Compiling components/handler.rs...",
          "Cache miss for key-3802",
          "HEAD is now at c2bec3c",
          "Generating source maps...",
          "Image pulled successfully",
          "yarn add: Done in 21.5s",
          "Fetching submodules...",
          "npm install: resolved 1569 packages",
          "Compiling lib/service.java...",
          "\u26a0 DEPRECATION: Feature will be removed in v4.0",
          "Cache hit for key-3711",
          "Cache invalidated: build",
          "Step 1/21: Deploying",
          "Step 1/20: Testing",
          "[12:50:27] WARN: Deprecated API usage",
          "Ran 84 tests in 39s",
          "Tests: 391 passed, 121 total",
          "Coverage: 97% statements, 100% branches",
          "[12:50:27] INFO: Connecting to database",
          "Cache miss for key-6186",
          "Success!",
          "[12:50:27] DEBUG: Initializing service",
          "NODE_ENV=development",
          "[12:50:27] INFO: Cache refreshed",
          "WARNING: eslint has known vulnerabilities",
          "[12:50:27] DEBUG: Connection pool: 7 active",
          "[12:50:27] DEBUG: Connection pool: 5 active",
          "yarn add: Done in 23.33s",
          "Pushing to registry...",
          "Snapshots: 0 passed, 17 total",
          "WARNING: react has known vulnerabilities",
          "Platform: linux-x64",
          "Creating production build...",
          "Cache restored successfully (431MB)",
          "[12:50:27] WARN: Deprecated API usage",
          "Cache invalidated: node_modules",
          "Bundling runtime.js",
          "HEAD is now at 5dcc9bf",
          "Cache miss for key-9744",
          "[12:50:27] DEBUG: Query executed in 93ms",
          "Pushing to registry...",
          "[12:50:27] DEBUG: Query executed in 68ms",
          "Image pulled successfully",
          "\u26a0 DEPRECATION: Feature will be removed in v2.0",
          "\u2713 Task completed in 2012ms",
          "Step 16/17: Testing",
          "Done.",
          "FAILED: test_auth_login",
          "Step 8/20: Linting",
          "Fetching submodules...",
          "[12:50:27] INFO: Starting build process",
          "Image pulled successfully",
          "Artifact downloaded: 26MB",
          "Artifact uploaded: build.tar.gz (5MB)",
          "Verifying...",
          "Compiling src/handler.rs...",
          "Processing...",
          "Compiling lib/index.js...",
          "npm notice: created a lockfile",
          "npm install: resolved 1278 packages",
          "Time: 90.216s",
          "Cache restored successfully (347MB)",
          "Completed.",
          "pip install: Successfully installed react-2.7",
          "\u2717 build failed with exit code 59",
          "HEAD is now at b949ca6",
          "Step 3/20: Linting",
          "Already up to date.",
          "Checking out master branch",
          "WARNING: jest has known vulnerabilities",
          "Exception: ValueError",
          "npm notice: package.json updated",
          "npm install: added 73 packages",
          "Step 3/20: Installing dependencies",
          "pip: Installing build dependencies...",
          "Pushing to registry...",
          "Pushing to registry...",
          "npm notice: created a lockfile",
          "Ran 18 tests in 17s",
          "Connection established",
          "Compiling utils/index.js...",
          "Compiling utils/service.java...",
          "Minifying main.js",
          "Cache miss for key-9904",
          "FAILED: test_cache_hit",
          "Compiling components/utils.go...",
          "Creating production build...",
          "Compiling lib/main.py...",
          "  PASS: test_db_connect (111ms)",
          "Connection established",
          "Already up to date.",
          "Bundling styles.css",
          "Verifying...",
          "[12:50:27] INFO: Cache refreshed",
          "Compiling utils/index.js...",
          "Installing webpack@4.4.4",
          "Step 3/19: Deploying",
          "Artifact downloaded: 24MB",
          "[12:50:27] INFO: Connecting to database",
          "\u2713 build completed",
          "Generating source maps...",
          "\u2713 Task completed in 3489ms",
          "Step 10/24: Deploying",
          "FAILED: test_cache_hit",
          "Pushing to registry...",
          "pip: Installing build dependencies...",
          "[12:50:27] INFO: Starting build process",
          "Cache saved successfully",
          "Pushing to registry...",
          "Artifact uploaded: build.tar.gz (1MB)",
          "WARNING: eslint has known vulnerabilities",
          "\u2713 Step 'test' succeeded",
          "Switched to branch 'bugfix/task-116'",
          "[12:50:27] INFO: Starting build process",
          "Checking out master branch",
          "Building Docker image...",
          "Using Python 3.11",
          "Step 13/18: Running migrations",
          "npm install: resolved 1681 packages",
          "Cache saved successfully",
          "pip: Collecting react",
          "=== Step unit_tests completed ==="
        ]
      },
      {
        "name": "deploy_staging",
        "status": "success",
        "started_at": "2025-12-02T12:51:14.990595",
        "finished_at": "2025-12-02T12:51:23.501509",
        "log_lines": [
          "=== Step: deploy_staging ===",
          "Optimizing 23 modules...",
          "Checking out develop branch",
          "Pulling image: python:latest",
          "  PASS: e2e/test_user_create.spec.js",
          "Finished.",
          "Coverage: 87% statements, 90% branches",
          "Already up to date.",
          "Success!",
          "Loading...",
          "[12:50:27] WARN: Deprecated API usage",
          "Environment: test",
          "[12:50:27] INFO: Starting build process",
          "[12:50:27] INFO: Processing request",
          "Cache hit for key-2065",
          "Artifact uploaded: build.tar.gz (27MB)",
          "[12:50:27] DEBUG: Initializing service",
          "Step 6/16: Running migrations",
          "pip install: Successfully installed prettier-3.0",
          "\u2713 Task completed in 774ms",
          "Cache miss for key-4684",
          "Switched to branch 'hotfix/task-680'",
          "Platform: darwin-arm64",
          "Snapshots: 33 passed, 43 total",
          "Waiting...",
          "\u26a0 DEPRECATION: Feature will be removed in v4.0",
          "\u2713 Task completed in 4831ms",
          "Compiling src/handler.rs...",
          "GET /health - 200 (26ms)",
          "Compiling src/service.java...",
          "Success!",
          "Coverage: 95% statements, 76% branches",
          "Compiling components/index.js...",
          "\u2713 All checks passed",
          "[12:50:27] ERROR: Connection failed",
          "Finished.",
          "[12:50:27] ERROR: Connection failed",
          "FAILED: test_cache_hit",
          "Cache restored successfully (124MB)",
          "Processing...",
          "pip: Downloading eslint-1.20.tar.gz",
          "Loading...",
          "\u2713 All checks passed",
          "Step 9/20: Testing",
          "Pushing to registry...",
          "[12:50:27] INFO: Connecting to database",
          "Artifact uploaded: build.tar.gz (46MB)",
          "GET /health - 204 (73ms)",
          "npm notice: created a lockfile",
          "Switched to branch 'hotfix/task-322'",
          "Done.",
          "Pushing to registry...",
          "Building Docker image...",
          "\u2717 build failed with exit code 90",
          "Cache miss for key-6174",
          "yarn add: Done in 8.81s",
          "\u2717 build failed with exit code 24",
          "Waiting...",
          "Artifact downloaded: 17MB",
          "yarn add: Done in 23.76s",
          "Step 18/19: Installing dependencies",
          "TLS handshake completed",
          "[12:50:27] DEBUG: Query executed in 90ms",
          "Success!",
          "WARNING: react has known vulnerabilities",
          "[12:50:27] DEBUG: Initializing service",
          "Pushing to registry...",
          "\u2717 build failed with exit code 64",
          "POST /upload - 202 (324ms)",
          "Fetching submodules...",
          "Using Node.js 17.0.10",
          "\u26a0 DEPRECATION: Feature will be removed in v5.0",
          "Already up to date.",
          "pip: Collecting eslint",
          "Environment: staging",
          "Step 12/21: Building",
          "Loading...",
          "\u2713 Step 'build' succeeded",
          "Cache miss for key-8049",
          "Using Node.js 19.8.7",
          "  PASS: integration/test_db_connect.spec.js",
          "Loading...",
          "Compiling lib/handler.rs...",
          "Done.",
          "[12:50:27] INFO: Cache refreshed",
          "Minifying app.js",
          "Uploading artifact 'coverage' (37 files)",
          "GET /status - 200 (88ms)",
          "Using Python 3.9",
          "Already up to date.",
          "Cache miss for key-2604",
          "TLS handshake completed",
          "\u2713 Step 'test' succeeded",
          "Building Docker image...",
          "Connection established",
          "Creating production build...",
          "Step 15/19: Deploying",
          "Pulling image: node:3.11",
          "\u26a0 DEPRECATION: Feature will be removed in v3.0",
          "npm notice: created a lockfile",
          "Layer 3/10: COPY command",
          "pip install: Successfully installed axios-3.15",
          "[12:50:27] DEBUG: Memory usage: 1552MB",
          "[12:50:27] INFO: Processing request",
          "Already up to date.",
          "Completed.",
          "Pulling image: alpine:latest",
          "Checking out develop branch",
          "Compiling src/utils.go...",
          "  PASS: test_cache_hit (263ms)",
          "Cache saved successfully",
          "Checking out master branch",
          "[12:50:27] INFO: Connecting to database",
          "Step 2/15: Running migrations",
          "[12:50:27] INFO: Request completed",
          "GET /health - 201 (53ms)",
          "Compiling components/handler.rs...",
          "Connection established",
          "OK",
          "Step 12/20: Linting",
          "Environment: development",
          "[12:50:27] INFO: Processing request",
          "Cache miss for key-8792",
          "[12:50:27] DEBUG: Initializing service",
          "[12:50:27] INFO: Starting build process",
          "Artifact uploaded: build.tar.gz (22MB)",
          "\u26a0 DEPRECATION: Feature will be removed in v5.0",
          "Creating production build...",
          "Building Docker image...",
          "Cache hit for key-2619",
          "Step 18/23: Testing",
          "Step 12/17: Running migrations",
          "Step 5/24: Building",
          "Test Suites: 26 passed, 26 total",
          "Artifact uploaded: dist.zip (74MB)",
          "[12:50:27] DEBUG: Memory usage: 732MB",
          "POST /upload - 201 (29ms)",
          "Cache invalidated: node_modules",
          "Compiling lib/index.js...",
          "[12:50:27] DEBUG: Query executed in 25ms",
          "=== Step deploy_staging completed ==="
        ]
      },
      {
        "name": "upload_artifacts",
        "status": "success",
        "started_at": "2025-12-02T12:51:23.501509",
        "finished_at": "2025-12-02T12:51:32.012423",
        "log_lines": [
          "=== Step: upload_artifacts ===",
          "Connection established",
          "Connection established",
          "[12:50:27] INFO: Request completed",
          "pip: Downloading react-1.15.tar.gz",
          "Artifact downloaded: 40MB",
          "Switched to branch 'hotfix/task-437'",
          "WARNING: prettier has known vulnerabilities",
          "  PASS: test_db_connect (233ms)",
          "Cache miss for key-1237",
          "Step 18/25: Installing dependencies",
          "pip: Installing build dependencies...",
          "npm install: resolved 151 packages",
          "[12:50:27] ERROR: Connection failed",
          "npm install: resolved 1310 packages",
          "\u26a0 DEPRECATION: Feature will be removed in v2.0",
          "Already up to date.",
          "[12:50:27] DEBUG: Connection pool: 14 active",
          "Finished.",
          "\u26a0 DEPRECATION: Feature will be removed in v4.0",
          "Pushing to registry...",
          "[12:50:27] WARN: Deprecated API usage",
          "Generating source maps...",
          "npm notice: created a lockfile",
          "GET /status - 204 (13ms)",
          "pip: Collecting webpack",
          "Coverage: 76% statements, 61% branches",
          "Uploading artifact 'build' (49 files)",
          "WARNING: prettier has known vulnerabilities",
          "[12:50:27] WARN: Deprecated API usage",
          "[12:50:27] INFO: Starting build process",
          "[12:50:27] INFO: Processing request",
          "GET /api - 200 (53ms)",
          "Compiling src/service.java...",
          "Snapshots: 39 passed, 45 total",
          "Already up to date.",
          "Artifact uploaded: build.tar.gz (14MB)",
          "pip: Collecting axios",
          "WARNING: eslint has known vulnerabilities",
          "yarn add: Done in 27.55s",
          "\u2713 test completed",
          "WARNING: express has known vulnerabilities",
          "npm install: added 199 packages",
          "Pulling image: python:latest",
          "GET /status - 204 (70ms)",
          "Exception: RuntimeError",
          "  PASS: integration/test_api_health.spec.js",
          "Loading...",
          "GET /api - 204 (37ms)",
          "Processing...",
          "Snapshots: 0 passed, 26 total",
          "Generating source maps...",
          "Using Node.js 19.15.7",
          "Bundling runtime.css",
          "FAILED: test_cache_hit",
          "Transforming 851 files...",
          "Compiling utils/index.js...",
          "yarn add: Done in 16.48s",
          "Snapshots: 30 passed, 34 total",
          "Switched to branch 'feature/task-115'",
          "Compiling lib/app.ts...",
          "Cache invalidated: node_modules",
          "Cache saved successfully",
          "Installing axios@5.7.6",
          "Completed.",
          "Compiling utils/app.ts...",
          "  PASS: test_api_health (183ms)",
          "Artifact uploaded: dist.zip (55MB)",
          "Installing express@3.5.1",
          "Ready.",
          "[12:50:27] DEBUG: Query executed in 11ms",
          "Step 20/24: Testing",
          "\u26a0 DEPRECATION: Feature will be removed in v3.0",
          "NODE_ENV=development",
          "Already up to date.",
          "Already up to date.",
          "[12:50:27] INFO: Connecting to database",
          "NODE_ENV=test",
          "Using Python 3.9",
          "Environment: staging",
          "\u26a0 DEPRECATION: Feature will be removed in v5.0",
          "Step 18/15: Linting",
          "TLS handshake completed",
          "HEAD is now at d6b90bf",
          "Cache hit for key-9321",
          "[12:50:27] DEBUG: Memory usage: 1387MB",
          "Connection established",
          "Tests: 482 passed, 154 total",
          "Finished.",
          "Compiling src/index.js...",
          "  PASS: e2e/test_user_create.spec.js",
          "Transforming 808 files...",
          "Compiling lib/utils.go...",
          "OK",
          "[12:50:27] INFO: Processing request",
          "GET /status - 201 (47ms)",
          "[12:50:27] INFO: Processing request",
          "Compiling lib/main.py...",
          "Step 20/22: Running migrations",
          "Cache invalidated: node_modules",
          "Step 17/18: Testing",
          "  PASS: unit/test_cache_hit.spec.js",
          "[12:50:27] WARN: Deprecated API usage",
          "Cache hit for key-8647",
          "[12:50:27] DEBUG: Memory usage: 286MB",
          "FAILED: test_user_create",
          "npm install: resolved 1197 packages",
          "\u2713 All checks passed",
          "[12:50:27] DEBUG: Loading configuration",
          "Checking out develop branch",
          "Image pulled successfully",
          "Cache restored successfully (343MB)",
          "Creating production build...",
          "Compiling utils/app.ts...",
          "Pushing to registry...",
          "[12:50:27] DEBUG: Initializing service",
          "Cache saved successfully",
          "\u26a0 DEPRECATION: Feature will be removed in v2.0",
          "[12:50:27] WARN: Deprecated API usage",
          "Step 19/16: Testing",
          "[12:50:27] WARN: Deprecated API usage",
          "Using Python 3.9",
          "Coverage: 87% statements, 98% branches",
          "\u2713 Step 'checkout' succeeded",
          "Using Node.js 14.2.5",
          "Step 8/20: Linting",
          "\u26a0 DEPRECATION: Feature will be removed in v5.0",
          "npm install: added 19 packages",
          "[12:50:27] DEBUG: Connection pool: 14 active",
          "Processing...",
          "Using Python 3.11",
          "\u2713 Task completed in 2683ms",
          "Pushing to registry...",
          "HEAD is now at e74d014",
          "Step 15/22: Linting",
          "[12:50:27] DEBUG: Memory usage: 433MB",
          "Coverage: 94% statements, 71% branches",
          "Step 5/19: Running migrations",
          "WARNING: express has known vulnerabilities",
          "Done.",
          "=== Step upload_artifacts completed ==="
        ]
      },
      {
        "name": "install_dependencies",
        "status": "success",
        "started_at": "2025-12-02T12:51:32.012423",
        "finished_at": "2025-12-02T12:51:57.545166",
        "log_lines": [
          "=== Step: install_dependencies ===",
          "Ready.",
          "POST /upload - 201 (189ms)",
          "POST /upload - 201 (67ms)",
          "Pulling image: python:3.11",
          "Step 11/22: Linting",
          "Artifact uploaded: build.tar.gz (41MB)",
          "OK",
          "Step 20/25: Installing dependencies",
          "TLS handshake completed",
          "Layer 7/13: RUN command",
          "Pushing to registry...",
          "NODE_ENV=production",
          "Checking out master branch",
          "Minifying main.js",
          "Image pulled successfully",
          "Waiting...",
          "NODE_ENV=development",
          "Cache miss for key-3330",
          "Optimizing 80 modules...",
          "[12:50:27] INFO: Processing request",
          "npm install: added 481 packages",
          "Cache hit for key-1014",
          "Exception: ValueError",
          "Compiling utils/utils.go...",
          "npm install: added 11 packages",
          "Already up to date.",
          "Test Suites: 39 passed, 5 total",
          "Compiling lib/service.java...",
          "Done.",
          "[12:50:27] INFO: Starting build process",
          "[12:50:27] INFO: Connecting to database",
          "Transforming 758 files...",
          "Minifying main.js",
          "yarn add: Done in 1.55s",
          "Cache saved successfully",
          "\u2713 test completed",
          "Layer 1/12: RUN command",
          "[12:50:27] ERROR: Connection failed",
          "Building Docker image...",
          "[12:50:27] DEBUG: Loading configuration",
          "yarn add: Done in 24.3s",
          "[12:50:27] DEBUG: Connection pool: 16 active",
          "Tests: 256 passed, 244 total",
          "Checking out develop branch",
          "Test Suites: 31 passed, 30 total",
          "Minifying vendor.js",
          "Compiling utils/app.ts...",
          "Step 13/16: Linting",
          "  PASS: unit/test_user_create.spec.js",
          "Cache hit for key-5726",
          "\u26a0 DEPRECATION: Feature will be removed in v5.0",
          "Processing...",
          "Fetching submodules...",
          "[12:50:27] INFO: Request completed",
          "[12:50:27] DEBUG: Initializing service",
          "Completed.",
          "yarn add: Done in 17.94s",
          "Checking out develop branch",
          "Exception: RuntimeError",
          "  PASS: test_db_connect (195ms)",
          "Processing...",
          "WARNING: eslint has known vulnerabilities",
          "yarn add: Done in 8.48s",
          "  PASS: integration/test_cache_hit.spec.js",
          "Cache saved successfully",
          "[12:50:27] WARN: Deprecated API usage",
          "\u2717 build failed with exit code 115",
          "Environment: staging",
          "Compiling lib/utils.go...",
          "Installing eslint@2.15.0",
          "Fetching submodules...",
          "TLS handshake completed",
          "Tests: 370 passed, 96 total",
          "Cache restored successfully (484MB)",
          "[12:50:27] ERROR: Connection failed",
          "Using Python 3.9",
          "Connection established",
          "Tests: 299 passed, 348 total",
          "Waiting...",
          "  PASS: integration/test_api_health.spec.js",
          "  PASS: test_db_connect (482ms)",
          "\u2713 Step 'checkout' succeeded",
          "POST /upload - 201 (167ms)",
          "Optimizing 70 modules...",
          "npm install: resolved 112 packages",
          "Cache invalidated: build",
          "pip: Collecting eslint",
          "[12:50:27] DEBUG: Initializing service",
          "Environment: production",
          "Minifying main.js",
          "pip install: Successfully installed react-1.12",
          "Artifact uploaded: build.tar.gz (34MB)",
          "Compiling src/utils.go...",
          "Cache hit for key-7436",
          "Installing axios@1.18.5",
          "Using Node.js 20.20.3",
          "Compiling src/app.ts...",
          "Generating source maps...",
          "Transforming 455 files...",
          "Snapshots: 21 passed, 24 total",
          "pip: Installing build dependencies...",
          "Waiting...",
          "Platform: darwin-arm64",
          "Fetching from https://amazonaws.com/package.json",
          "Uploading artifact 'coverage' (1 files)",
          "Step 13/17: Testing",
          "Creating production build...",
          "Cache hit for key-7457",
          "[12:50:27] INFO: Connecting to database",
          "Waiting...",
          "Cache restored successfully (373MB)",
          "POST /data - 202 (381ms)",
          "Step 16/22: Linting",
          "Already up to date.",
          "Finished.",
          "Fetching submodules...",
          "pip: Collecting express",
          "Loading...",
          "Processing...",
          "FAILED: test_cache_hit",
          "Cache miss for key-1799",
          "Artifact downloaded: 42MB",
          "npm install: added 115 packages",
          "FAILED: test_cache_hit",
          "Switched to branch 'bugfix/task-514'",
          "Fetching submodules...",
          "Compiling src/main.py...",
          "\u2713 All checks passed",
          "npm install: added 299 packages",
          "TLS handshake completed",
          "[12:50:27] INFO: Cache refreshed",
          "Ready.",
          "npm install: added 482 packages",
          "Artifact downloaded: 34MB",
          "POST /upload - 201 (351ms)",
          "pip: Installing build dependencies...",
          "Environment: production",
          "Uploading artifact 'build' (32 files)",
          "npm notice: package.json updated",
          "=== Step install_dependencies completed ==="
        ]
      },
      {
        "name": "type_check",
        "status": "success",
        "started_at": "2025-12-02T12:51:57.545166",
        "finished_at": "2025-12-02T12:52:06.056080",
        "log_lines": [
          "=== Step: type_check ===",
          "Checking out develop branch",
          "\u26a0 DEPRECATION: Feature will be removed in v2.0",
          "Pulling image: python:latest",
          "Uploading artifact 'build' (50 files)",
          "Time: 114.50s",
          "Generating source maps...",
          "Transforming 509 files...",
          "Building Docker image...",
          "Installing lodash@2.7.10",
          "Layer 2/10: RUN command",
          "npm install: resolved 1645 packages",
          "Bundling main.css",
          "Building Docker image...",
          "WARNING: react has known vulnerabilities",
          "Ran 13 tests in 50s",
          "Step 19/15: Building",
          "\u2717 build failed with exit code 67",
          "Switched to branch 'bugfix/task-901'",
          "npm install: added 492 packages",
          "Fetching from https://googleapis.com/package.json",
          "Compiling lib/service.java...",
          "NODE_ENV=test",
          "Done.",
          "[12:50:27] WARN: Deprecated API usage",
          "[12:50:27] WARN: Deprecated API usage",
          "[12:50:27] WARN: Deprecated API usage",
          "Cache hit for key-7699",
          "pip: Collecting prettier",
          "[12:50:27] INFO: Starting build process",
          "npm notice: package.json updated",
          "Pulling image: python:18",
          "Image pulled successfully",
          "Step 1/25: Linting",
          "Transforming 621 files...",
          "Image pulled successfully",
          "Transforming 835 files...",
          "Completed.",
          "WARNING: express has known vulnerabilities",
          "Image pulled successfully",
          "npm notice: package.json updated",
          "[12:50:27] WARN: Deprecated API usage",
          "Ready.",
          "Ran 194 tests in 56s",
          "Snapshots: 33 passed, 10 total",
          "\u2713 build completed",
          "Creating production build...",
          "Environment: production",
          "[12:50:27] INFO: Starting build process",
          "Cache restored successfully (69MB)",
          "\u2713 Task completed in 806ms",
          "[12:50:27] INFO: Connecting to database",
          "Artifact downloaded: 25MB",
          "Minifying vendor.js",
          "Bundling main.css",
          "Test Suites: 12 passed, 14 total",
          "Coverage: 89% statements, 65% branches",
          "Installing jest@1.6.6",
          "Switched to branch 'bugfix/task-541'",
          "Optimizing 82 modules...",
          "pip install: Successfully installed axios-5.13",
          "Layer 8/9: COPY command",
          "[12:50:27] WARN: Deprecated API usage",
          "Installing react@3.13.2",
          "POST /api - 201 (436ms)",
          "Environment: test",
          "Generating source maps...",
          "TLS handshake completed",
          "[12:50:27] DEBUG: Memory usage: 1222MB",
          "[12:50:27] INFO: Cache refreshed",
          "Cache miss for key-8329",
          "Success!",
          "Fetching from https://gcr.io/package.json",
          "Cache miss for key-6403",
          "NODE_ENV=test",
          "Ready.",
          "Fetching submodules...",
          "Layer 10/15: COPY command",
          "Step 10/23: Building",
          "HEAD is now at 6868a93",
          "Pushing to registry...",
          "[12:50:27] INFO: Starting build process",
          "pip install: Successfully installed axios-1.3",
          "\u2713 Step 'checkout' succeeded",
          "Waiting...",
          "Generating source maps...",
          "Optimizing 63 modules...",
          "Environment: test",
          "npm notice: created a lockfile",
          "Cache miss for key-1236",
          "  PASS: test_api_health (20ms)",
          "Step 6/21: Building",
          "Step 6/16: Linting",
          "Success!",
          "Cache miss for key-4351",
          "[12:50:27] WARN: Deprecated API usage",
          "Time: 115.893s",
          "\u2713 Step 'checkout' succeeded",
          "Installing express@1.7.4",
          "Step 12/24: Running migrations",
          "Creating production build...",
          "Artifact downloaded: 5MB",
          "[12:50:27] DEBUG: Connection pool: 18 active",
          "Environment: production",
          "Compiling src/index.js...",
          "[12:50:27] WARN: Deprecated API usage",
          "NODE_ENV=development",
          "[12:50:27] INFO: Request completed",
          "\u2713 Task completed in 2856ms",
          "Coverage: 83% statements, 92% branches",
          "Fetching from https://docker.io/package.json",
          "Test Suites: 6 passed, 32 total",
          "Generating source maps...",
          "Platform: win32-x64",
          "Using Python 3.11",
          "Using Node.js 18.9.0",
          "pip: Installing build dependencies...",
          "\u2713 Step 'install' succeeded",
          "Step 14/23: Running migrations",
          "Fetching from https://gcr.io/package.json",
          "Transforming 166 files...",
          "Optimizing 58 modules...",
          "GET /api - 201 (59ms)",
          "Completed.",
          "pip install: Successfully installed webpack-1.18",
          "Pushing to registry...",
          "WARNING: react has known vulnerabilities",
          "Exception: NullPointerException",
          "Finished.",
          "npm install: resolved 1793 packages",
          "Step 13/23: Building",
          "Cache miss for key-2071",
          "Step 12/22: Testing",
          "Verifying...",
          "Cache miss for key-9946",
          "Transforming 790 files...",
          "\u26a0 DEPRECATION: Feature will be removed in v5.0",
          "WARNING: prettier has known vulnerabilities",
          "NODE_ENV=development",
          "Creating production build...",
          "=== Step type_check completed ==="
        ]
      },
      {
        "name": "lint",
        "status": "success",
        "started_at": "2025-12-02T12:52:06.056080",
        "finished_at": "2025-12-02T12:52:14.566994",
        "log_lines": [
          "=== Step: lint ===",
          "Platform: darwin-arm64",
          "Step 11/17: Running migrations",
          "Compiling lib/handler.rs...",
          "Building Docker image...",
          "\u2713 All checks passed",
          "Already up to date.",
          "Cache restored successfully (36MB)",
          "Using Python 3.9",
          "Compiling src/utils.go...",
          "npm notice: created a lockfile",
          "npm notice: package.json updated",
          "[12:50:27] INFO: Request completed",
          "Installing lodash@2.0.9",
          "pip install: Successfully installed prettier-5.0",
          "Cache hit for key-6264",
          "pip: Collecting prettier",
          "[12:50:27] INFO: Starting build process",
          "[12:50:27] INFO: Processing request",
          "[12:50:27] INFO: Processing request",
          "WARNING: webpack has known vulnerabilities",
          "Pushing to registry...",
          "Image pulled successfully",
          "Artifact uploaded: dist.zip (50MB)",
          "NODE_ENV=test",
          "Optimizing 96 modules...",
          "Building Docker image...",
          "Cache saved successfully",
          "POST /upload - 200 (181ms)",
          "Step 19/20: Installing dependencies",
          "pip: Installing build dependencies...",
          "Pulling image: node:18",
          "Using Node.js 14.2.3",
          "Switched to branch 'bugfix/task-708'",
          "[12:50:27] INFO: Request completed",
          "Artifact uploaded: build.tar.gz (42MB)",
          "Step 3/18: Building",
          "Platform: win32-x64",
          "NODE_ENV=production",
          "Creating production build...",
          "[12:50:27] INFO: Request completed",
          "Installing axios@2.9.2",
          "[12:50:27] INFO: Processing request",
          "npm install: resolved 346 packages",
          "Transforming 681 files...",
          "Finished.",
          "Step 15/23: Building",
          "Artifact uploaded: dist.zip (26MB)",
          "[12:50:27] ERROR: Connection failed",
          "[12:50:27] DEBUG: Memory usage: 1990MB",
          "Building Docker image...",
          "WARNING: eslint has known vulnerabilities",
          "yarn add: Done in 4.73s",
          "pip: Downloading express-5.8.tar.gz",
          "Fetching submodules...",
          "pip: Collecting lodash",
          "Generating source maps...",
          "\u2713 validate completed",
          "[12:50:27] DEBUG: Initializing service",
          "Snapshots: 13 passed, 34 total",
          "NODE_ENV=test",
          "NODE_ENV=production",
          "\u2713 Step 'test' succeeded",
          "[12:50:27] DEBUG: Loading configuration",
          "Processing...",
          "Ran 98 tests in 40s",
          "Uploading artifact 'build' (1 files)",
          "GET /api - 204 (53ms)",
          "\u26a0 DEPRECATION: Feature will be removed in v3.0",
          "Step 2/19: Testing",
          "[12:50:27] INFO: Request completed",
          "pip: Downloading jest-4.13.tar.gz",
          "WARNING: lodash has known vulnerabilities",
          "WARNING: express has known vulnerabilities",
          "Pulling image: python:18",
          "Finished.",
          "  PASS: integration/test_api_health.spec.js",
          "\u26a0 DEPRECATION: Feature will be removed in v2.0",
          "TLS handshake completed",
          "OK",
          "\u2713 Step 'checkout' succeeded",
          "Pulling image: alpine:latest",
          "npm notice: created a lockfile",
          "Time: 90.816s",
          "[12:50:27] INFO: Processing request",
          "\u2713 Task completed in 484ms",
          "Cache miss for key-2071",
          "Step 20/25: Deploying",
          "Artifact uploaded: dist.zip (6MB)",
          "pip install: Successfully installed webpack-4.16",
          "Compiling utils/service.java...",
          "Minifying app.js",
          "Platform: linux-x64",
          "Completed.",
          "Artifact downloaded: 11MB",
          "\u2713 validate completed",
          "\u26a0 DEPRECATION: Feature will be removed in v2.0",
          "Test Suites: 5 passed, 45 total",
          "Fetching from https://gcr.io/package.json",
          "[12:50:27] DEBUG: Loading configuration",
          "Completed.",
          "Artifact uploaded: build.tar.gz (30MB)",
          "[12:50:27] DEBUG: Loading configuration",
          "POST /upload - 201 (324ms)",
          "Verifying...",
          "Completed.",
          "npm notice: created a lockfile",
          "Using Node.js 18.11.10",
          "Loading...",
          "npm install: added 150 packages",
          "[12:50:27] DEBUG: Connection pool: 3 active",
          "\u26a0 DEPRECATION: Feature will be removed in v4.0",
          "Time: 120.217s",
          "[12:50:27] DEBUG: Memory usage: 474MB",
          "Step 6/16: Building",
          "[12:50:27] DEBUG: Memory usage: 293MB",
          "Step 10/20: Building",
          "Coverage: 93% statements, 71% branches",
          "[12:50:27] WARN: Deprecated API usage",
          "npm install: added 354 packages",
          "Success!",
          "Cache invalidated: node_modules",
          "Image pulled successfully",
          "\u2713 Step 'build' succeeded",
          "Image pulled successfully",
          "Image pulled successfully",
          "[12:50:27] DEBUG: Loading configuration",
          "\u2713 All checks passed",
          "Step 11/21: Testing",
          "Environment: staging",
          "\u2713 Step 'build' succeeded",
          "[12:50:27] INFO: Cache refreshed",
          "Artifact downloaded: 36MB",
          "[12:50:27] WARN: Deprecated API usage",
          "Step 11/16: Linting",
          "Connection established",
          "Already up to date.",
          "Coverage: 93% statements, 88% branches",
          "Waiting...",
          "yarn add: Done in 16.64s",
          "=== Step lint completed ==="
        ]
      },
      {
        "name": "setup_environment",
        "status": "success",
        "started_at": "2025-12-02T12:52:14.566994",
        "finished_at": "2025-12-02T12:52:23.077908",
        "log_lines": [
          "=== Step: setup_environment ===",
          "\u2713 Task completed in 3000ms",
          "FAILED: test_api_health",
          "\u2713 All checks passed",
          "Optimizing 69 modules...",
          "npm notice: created a lockfile",
          "Cache miss for key-1956",
          "WARNING: lodash has known vulnerabilities",
          "Uploading artifact 'dist' (11 files)",
          "\u2713 All checks passed",
          "Switched to branch 'feature/task-887'",
          "Cache restored successfully (46MB)",
          "Layer 7/13: RUN command",
          "Step 13/18: Installing dependencies",
          "Already up to date.",
          "Platform: darwin-arm64",
          "Done.",
          "[12:50:27] DEBUG: Initializing service",
          "Step 12/16: Testing",
          "Processing...",
          "NODE_ENV=development",
          "Step 16/15: Installing dependencies",
          "Completed.",
          "POST /data - 202 (14ms)",
          "Layer 2/12: COPY command",
          "Compiling src/main.py...",
          "Step 2/19: Running migrations",
          "[12:50:27] WARN: Deprecated API usage",
          "\u2713 build completed",
          "\u2713 Step 'build' succeeded",
          "Finished.",
          "WARNING: react has known vulnerabilities",
          "Environment: production",
          "[12:50:27] DEBUG: Query executed in 8ms",
          "[12:50:27] WARN: Deprecated API usage",
          "Completed.",
          "Uploading artifact 'coverage' (42 files)",
          "Checking out master branch",
          "Bundling main.css",
          "Switched to branch 'hotfix/task-826'",
          "Checking out main branch",
          "  PASS: test_auth_login (301ms)",
          "Connection established",
          "Tests: 141 passed, 413 total",
          "npm notice: package.json updated",
          "Already up to date.",
          "Optimizing 82 modules...",
          "Completed.",
          "Completed.",
          "\u26a0 DEPRECATION: Feature will be removed in v5.0",
          "Step 10/21: Deploying",
          "NODE_ENV=production",
          "Waiting...",
          "[12:50:27] DEBUG: Memory usage: 1076MB",
          "Pushing to registry...",
          "npm notice: created a lockfile",
          "Cache invalidated: dependencies",
          "Success!",
          "Compiling lib/main.py...",
          "Minifying app.js",
          "Environment: development",
          "[12:50:27] DEBUG: Initializing service",
          "Snapshots: 0 passed, 4 total",
          "NODE_ENV=test",
          "\u2713 deploy completed",
          "Step 1/23: Deploying",
          "[12:50:27] DEBUG: Memory usage: 1144MB",
          "\u26a0 DEPRECATION: Feature will be removed in v3.0",
          "Compiling components/main.py...",
          "[12:50:27] INFO: Request completed",
          "\u2713 test completed",
          "[12:50:27] INFO: Processing request",
          "POST /data - 202 (404ms)",
          "\u2713 Step 'install' succeeded",
          "Cache invalidated: build",
          "Done.",
          "Waiting...",
          "Ready.",
          "yarn add: Done in 21.46s",
          "Test Suites: 45 passed, 18 total",
          "Fetching from https://pypi.org/package.json",
          "[12:50:27] INFO: Processing request",
          "Coverage: 88% statements, 61% branches",
          "Optimizing 99 modules...",
          "Bundling runtime.css",
          "[12:50:27] INFO: Cache refreshed",
          "Step 13/18: Testing",
          "yarn add: Done in 3.48s",
          "[12:50:27] INFO: Connecting to database",
          "Step 17/20: Running migrations",
          "Cache saved successfully",
          "[12:50:27] WARN: Deprecated API usage",
          "Pulling image: node:latest",
          "\u2713 All checks passed",
          "[12:50:27] INFO: Connecting to database",
          "Transforming 218 files...",
          "NODE_ENV=test",
          "Platform: linux-x64",
          "Building Docker image...",
          "WARNING: eslint has known vulnerabilities",
          "Bundling runtime.css",
          "Pushing to registry...",
          "[12:50:27] DEBUG: Memory usage: 1319MB",
          "npm notice: package.json updated",
          "Verifying...",
          "[12:50:27] INFO: Processing request",
          "Success!",
          "HEAD is now at 2877624",
          "Checking out main branch",
          "Time: 52.357s",
          "pip install: Successfully installed react-1.13",
          "[12:50:27] DEBUG: Initializing service",
          "WARNING: lodash has known vulnerabilities",
          "OK",
          "Done.",
          "Fetching from https://npmjs.org/package.json",
          "Artifact uploaded: build.tar.gz (49MB)",
          "OK",
          "Success!",
          "pip: Downloading prettier-4.4.tar.gz",
          "Compiling components/main.py...",
          "Compiling lib/app.ts...",
          "[12:50:27] WARN: Deprecated API usage",
          "Ran 56 tests in 24s",
          "Test Suites: 45 passed, 44 total",
          "pip: Installing build dependencies...",
          "Pulling image: node:latest",
          "\u2713 Step 'install' succeeded",
          "Optimizing 12 modules...",
          "Step 4/23: Linting",
          "Compiling utils/utils.go...",
          "Verifying...",
          "Step 9/16: Deploying",
          "Building Docker image...",
          "pip install: Successfully installed axios-1.3",
          "Layer 9/15: ENV command",
          "Pulling image: node:3.11",
          "  PASS: test_auth_login (292ms)",
          "[12:50:27] DEBUG: Connection pool: 9 active",
          "Step 19/16: Linting",
          "=== Step setup_environment completed ==="
        ]
      },
      {
        "name": "integration_tests",
        "status": "success",
        "started_at": "2025-12-02T12:52:23.077908",
        "finished_at": "2025-12-02T12:52:40.099737",
        "log_lines": [
          "=== Step: integration_tests ===",
          "Step 2/25: Testing",
          "Fetching submodules...",
          "Ready.",
          "Installing jest@3.12.5",
          "  PASS: unit/test_user_create.spec.js",
          "Compiling utils/main.py...",
          "Coverage: 93% statements, 70% branches",
          "Fetching from https://registry.npmjs.org/package.json",
          "pip: Downloading eslint-5.2.tar.gz",
          "Transforming 300 files...",
          "Pushing to registry...",
          "Done.",
          "yarn add: Done in 7.89s",
          "Compiling components/index.js...",
          "WARNING: express has known vulnerabilities",
          "Already up to date.",
          "Optimizing 81 modules...",
          "Layer 10/15: RUN command",
          "Minifying app.js",
          "[12:50:27] DEBUG: Initializing service",
          "Ready.",
          "npm notice: created a lockfile",
          "Ran 188 tests in 43s",
          "pip: Collecting eslint",
          "Tests: 343 passed, 105 total",
          "[12:50:27] DEBUG: Loading configuration",
          "pip: Downloading react-4.14.tar.gz",
          "OK",
          "Finished.",
          "[12:50:27] INFO: Starting build process",
          "Cache restored successfully (204MB)",
          "npm install: resolved 486 packages",
          "WARNING: lodash has known vulnerabilities",
          "Pushing to registry...",
          "OK",
          "Transforming 986 files...",
          "[12:50:27] INFO: Connecting to database",
          "[12:50:27] DEBUG: Connection pool: 16 active",
          "Step 6/23: Running migrations",
          "Optimizing 61 modules...",
          "[12:50:27] WARN: Deprecated API usage",
          "pip: Collecting lodash",
          "[12:50:27] DEBUG: Memory usage: 193MB",
          "Artifact uploaded: dist.zip (67MB)",
          "Compiling lib/index.js...",
          "Done.",
          "Pulling image: node:3.11",
          "npm notice: package.json updated",
          "NODE_ENV=production",
          "Checking out master branch",
          "Completed.",
          "Step 11/20: Building",
          "Loading...",
          "[12:50:27] INFO: Request completed",
          "Fetching submodules...",
          "Step 14/22: Linting",
          "  PASS: unit/test_user_create.spec.js",
          "Test Suites: 26 passed, 12 total",
          "Test Suites: 34 passed, 36 total",
          "Installing lodash@2.7.2",
          "Test Suites: 18 passed, 39 total",
          "[12:50:27] DEBUG: Loading configuration",
          "Tests: 448 passed, 141 total",
          "Creating production build...",
          "npm install: resolved 1168 packages",
          "Step 20/24: Testing",
          "[12:50:27] WARN: Deprecated API usage",
          "[12:50:27] DEBUG: Initializing service",
          "Minifying main.js",
          "Done.",
          "Step 13/16: Deploying",
          "Cache hit for key-9352",
          "Pulling image: node:3.11",
          "\u26a0 DEPRECATION: Feature will be removed in v3.0",
          "pip: Downloading jest-1.14.tar.gz",
          "Cache saved successfully",
          "Compiling utils/index.js...",
          "Installing express@3.16.8",
          "\u26a0 DEPRECATION: Feature will be removed in v2.0",
          "Cache hit for key-5444",
          "[12:50:27] DEBUG: Loading configuration",
          "[12:50:27] DEBUG: Connection pool: 12 active",
          "Already up to date.",
          "npm install: resolved 1969 packages",
          "Artifact uploaded: dist.zip (47MB)",
          "  PASS: unit/test_user_create.spec.js",
          "Platform: win32-x64",
          "[12:50:27] DEBUG: Query executed in 60ms",
          "Ready.",
          "[12:50:27] INFO: Processing request",
          "[12:50:27] ERROR: Connection failed",
          "\u26a0 DEPRECATION: Feature will be removed in v2.0",
          "Step 13/20: Building",
          "Fetching submodules...",
          "\u2717 build failed with exit code 111",
          "\u2713 All checks passed",
          "Using Python 3.10",
          "FAILED: test_api_health",
          "[12:50:27] DEBUG: Loading configuration",
          "Step 16/23: Installing dependencies",
          "\u26a0 DEPRECATION: Feature will be removed in v2.0",
          "Artifact downloaded: 50MB",
          "Artifact downloaded: 15MB",
          "npm notice: package.json updated",
          "Step 4/17: Testing",
          "TLS handshake completed",
          "Step 6/22: Deploying",
          "WARNING: eslint has known vulnerabilities",
          "Using Python 3.10",
          "Platform: linux-x64",
          "yarn add: Done in 17.30s",
          "WARNING: jest has known vulnerabilities",
          "Verifying...",
          "TLS handshake completed",
          "\u26a0 DEPRECATION: Feature will be removed in v3.0",
          "[12:50:27] INFO: Cache refreshed",
          "[12:50:27] DEBUG: Query executed in 8ms",
          "pip install: Successfully installed express-2.18",
          "Step 15/18: Building",
          "Finished.",
          "npm notice: package.json updated",
          "Minifying app.js",
          "Image pulled successfully",
          "Artifact uploaded: build.tar.gz (9MB)",
          "HEAD is now at f9ea317",
          "Transforming 788 files...",
          "Cache hit for key-9197",
          "Verifying...",
          "\u26a0 DEPRECATION: Feature will be removed in v2.0",
          "[12:50:27] DEBUG: Query executed in 59ms",
          "[12:50:27] INFO: Connecting to database",
          "Processing...",
          "Processing...",
          "[12:50:27] ERROR: Connection failed",
          "Step 10/15: Testing",
          "[12:50:27] DEBUG: Query executed in 4ms",
          "Compiling src/utils.go...",
          "Step 12/20: Installing dependencies",
          "Coverage: 96% statements, 85% branches",
          "=== Step integration_tests completed ==="
        ]
      },
      {
        "name": "save_cache",
        "status": "success",
        "started_at": "2025-12-02T12:52:40.099737",
        "finished_at": "2025-12-02T12:52:45.206286",
        "log_lines": [
          "=== Step: save_cache ===",
          "Minifying vendor.js",
          "Tests: 468 passed, 467 total",
          "Checking out develop branch",
          "Finished.",
          "Cache invalidated: node_modules",
          "Compiling components/utils.go...",
          "pip: Installing build dependencies...",
          "Test Suites: 31 passed, 22 total",
          "Fetching submodules...",
          "[12:50:27] INFO: Request completed",
          "Success!",
          "Exception: RuntimeError",
          "pip: Downloading prettier-2.20.tar.gz",
          "[12:50:27] INFO: Cache refreshed",
          "[12:50:27] DEBUG: Loading configuration",
          "Cache saved successfully",
          "pip: Collecting prettier",
          "Building Docker image...",
          "Coverage: 92% statements, 68% branches",
          "Exception: TypeError",
          "TLS handshake completed",
          "Cache miss for key-1947",
          "Optimizing 12 modules...",
          "npm notice: created a lockfile",
          "Fetching from https://amazonaws.com/package.json",
          "\u2713 Step 'checkout' succeeded",
          "pip: Collecting react",
          "Generating source maps...",
          "Step 18/23: Deploying",
          "Cache hit for key-7727",
          "WARNING: prettier has known vulnerabilities",
          "[12:50:27] INFO: Request completed",
          "GET /api - 201 (97ms)",
          "npm install: resolved 1767 packages",
          "pip: Collecting express",
          "Layer 1/10: ENV command",
          "[12:50:27] INFO: Connecting to database",
          "Already up to date.",
          "pip: Collecting jest",
          "GET /health - 204 (20ms)",
          "Step 10/22: Linting",
          "Artifact uploaded: build.tar.gz (12MB)",
          "Compiling src/index.js...",
          "[12:50:27] INFO: Request completed",
          "Artifact downloaded: 50MB",
          "HEAD is now at 2e2335d",
          "Optimizing 89 modules...",
          "Pulling image: python:3.11",
          "Fetching from https://npmjs.org/package.json",
          "\u2717 build failed with exit code 75",
          "[12:50:27] WARN: Deprecated API usage",
          "Fetching from https://amazonaws.com/package.json",
          "Checking out main branch",
          "\u2717 build failed with exit code 110",
          "Pulling image: python:3.11",
          "[12:50:27] WARN: Deprecated API usage",
          "Compiling lib/main.py...",
          "\u2713 All checks passed",
          "[12:50:27] DEBUG: Memory usage: 264MB",
          "Platform: win32-x64",
          "Compiling utils/main.py...",
          "\u2713 test completed",
          "[12:50:27] WARN: Deprecated API usage",
          "Layer 3/14: ENV command",
          "Finished.",
          "pip: Downloading webpack-5.17.tar.gz",
          "Already up to date.",
          "[12:50:27] INFO: Cache refreshed",
          "Step 5/25: Running migrations",
          "Step 1/24: Installing dependencies",
          "Step 17/16: Running migrations",
          "POST /api - 201 (13ms)",
          "[12:50:27] DEBUG: Initializing service",
          "Generating source maps...",
          "[12:50:27] DEBUG: Query executed in 77ms",
          "Artifact uploaded: dist.zip (40MB)",
          "Time: 97.730s",
          "Waiting...",
          "Creating production build...",
          "Completed.",
          "Generating source maps...",
          "Connection established",
          "Coverage: 86% statements, 93% branches",
          "WARNING: express has known vulnerabilities",
          "Snapshots: 5 passed, 46 total",
          "[12:50:27] INFO: Request completed",
          "Ready.",
          "Test Suites: 5 passed, 39 total",
          "Cache miss for key-7429",
          "WARNING: eslint has known vulnerabilities",
          "[12:50:27] INFO: Cache refreshed",
          "Transforming 557 files...",
          "pip: Collecting eslint",
          "Fetching from https://registry.npmjs.org/package.json",
          "\u2717 build failed with exit code 19",
          "[12:50:27] DEBUG: Connection pool: 13 active",
          "[12:50:27] WARN: Deprecated API usage",
          "pip install: Successfully installed jest-2.5",
          "pip: Collecting lodash",
          "Artifact uploaded: build.tar.gz (32MB)",
          "  PASS: unit/test_db_connect.spec.js",
          "HEAD is now at 0744adf",
          "Done.",
          "Artifact downloaded: 38MB",
          "Finished.",
          "[12:50:27] DEBUG: Query executed in 50ms",
          "npm install: added 158 packages",
          "Finished.",
          "Switched to branch 'bugfix/task-928'",
          "Artifact downloaded: 33MB",
          "Optimizing 75 modules...",
          "Step 15/17: Testing",
          "POST /api - 202 (177ms)",
          "npm install: resolved 328 packages",
          "Ran 89 tests in 28s",
          "[12:50:27] DEBUG: Connection pool: 9 active",
          "Tests: 185 passed, 81 total",
          "[12:50:27] INFO: Cache refreshed",
          "\u26a0 DEPRECATION: Feature will be removed in v2.0",
          "[12:50:27] DEBUG: Initializing service",
          "Step 9/24: Running migrations",
          "Ready.",
          "OK",
          "\u2713 All checks passed",
          "Verifying...",
          "Time: 18.117s",
          "Platform: win32-x64",
          "[12:50:27] INFO: Request completed",
          "Generating source maps...",
          "npm notice: created a lockfile",
          "Pulling image: python:18",
          "\u2713 build completed",
          "Test Suites: 17 passed, 7 total",
          "[12:50:27] WARN: Deprecated API usage",
          "[12:50:27] INFO: Request completed",
          "[12:50:27] INFO: Processing request",
          "POST /data - 200 (132ms)",
          "npm notice: package.json updated",
          "Test Suites: 35 passed, 35 total",
          "=== Step save_cache completed ==="
        ]
      }
    ],
    "label": "normal"
  }
}