{
  "action": "completed",
  "workflow_run": {
    "id": 786,
    "name": "CI Pipeline",
    "head_branch": "main",
    "head_sha": "5123692607517359a33016e56324508a8e207cc0",
    "status": "completed",
    "conclusion": "success",
    "run_started_at": "2025-12-06T12:52:12.584912Z",
    "updated_at": "2025-12-06T12:56:00.240793Z"
  },
  "repository": {
    "full_name": "acme-corp/web-app",
    "name": "web-app"
  },
  "sender": {
    "login": "bob"
  },
  "_safeops_extended": {
    "raw_logs": "=== Step: deploy_staging ===\nStep 12/21: Testing\nPushing to registry...\nCompiling utils/utils.go...\n[12:52:12] WARN: Deprecated API usage\nWARNING: react has known vulnerabilities\nTransforming 732 files...\nCompiling utils/utils.go...\nGenerating source maps...\nPulling image: node:3.11\nReady.\nCache invalidated: node_modules\npip: Collecting lodash\nSwitched to branch 'hotfix/task-964'\nTests: 472 passed, 244 total\n[12:52:12] WARN: Deprecated API usage\nConnection established\nPOST /api - 202 (150ms)\n\u2713 deploy completed\nProcessing...\nStep 17/18: Installing dependencies\nStep 20/24: Testing\nDone.\nSnapshots: 40 passed, 28 total\n[12:52:12] INFO: Processing request\n[12:52:12] INFO: Processing request\nStep 3/21: Running migrations\nBuilding Docker image...\nSnapshots: 26 passed, 14 total\nGET /api - 201 (3ms)\n[12:52:12] DEBUG: Memory usage: 1996MB\nUsing Node.js 14.4.5\nGET /status - 204 (33ms)\nProcessing...\nFetching submodules...\nConnection established\n[12:52:12] INFO: Starting build process\n[12:52:12] INFO: Processing request\nOK\nCompiling lib/service.java...\nRan 79 tests in 39s\nCache miss for key-9798\npip: Collecting axios\nCache saved successfully\nCreating production build...\nCreating production build...\nTests: 159 passed, 457 total\nUsing Python 3.10\npip install: Successfully installed axios-1.13\n\u2717 build failed with exit code 37\n\u2713 deploy completed\nCache invalidated: build\nStep 12/15: Building\nPushing to registry...\n[12:52:12] INFO: Request completed\nnpm install: resolved 666 packages\nFetching submodules...\nHEAD is now at efa9b7a\nReady.\nPushing to registry...\nCompiling utils/index.js...\nProcessing...\nnpm install: resolved 665 packages\nCache saved successfully\nNODE_ENV=test\nArtifact uploaded: dist.zip (57MB)\nStep 17/16: Linting\nNODE_ENV=test\nVerifying...\nWARNING: axios has known vulnerabilities\nCreating production build...\nCreating production build...\nCompleted.\nGET /status - 204 (23ms)\n[12:52:12] INFO: Cache refreshed\nTLS handshake completed\nPushing to registry...\nTime: 84.435s\nTransforming 266 files...\nChecking out main branch\nCoverage: 93% statements, 89% branches\nSuccess!\nPOST /data - 200 (180ms)\nAlready up to date.\n\u2713 test completed\n\u26a0 DEPRECATION: Feature will be removed in v3.0\nWaiting...\n  PASS: e2e/test_user_create.spec.js\n\u26a0 DEPRECATION: Feature will be removed in v2.0\nBundling main.js\nCache miss for key-5546\nEnvironment: production\nSnapshots: 15 passed, 20 total\npip: Installing build dependencies...\nTime: 62.953s\n=== Step deploy_staging completed ===\n=== Step: install_dependencies ===\nHEAD is now at 80a1757\n[12:52:12] INFO: Cache refreshed\nPlatform: linux-x64\nDone.\nReady.\nAlready up to date.\n[12:52:12] DEBUG: Memory usage: 423MB\nGenerating source maps...\nVerifying...\n[12:52:12] INFO: Starting build process\nPushing to registry...\nBundling runtime.js\nWARNING: react has known vulnerabilities\nnpm notice: created a lockfile\nStep 5/16: Deploying\nCoverage: 92% statements, 79% branches\nStep 9/22: Running migrations\nSnapshots: 29 passed, 5 total\nException: ValueError\nTransforming 817 files...\nStep 12/25: Testing\nFetching from https://registry.npmjs.org/package.json\nCoverage: 70% statements, 76% branches\nException: ValueError\nWARNING: webpack has known vulnerabilities\nGenerating source maps...\n[12:52:12] INFO: Starting build process\n[12:52:12] INFO: Connecting to database\nCache miss for key-7616\nSnapshots: 13 passed, 16 total\npip: Downloading express-3.8.tar.gz\nWaiting...\nUploading artifact 'coverage' (49 files)\n[12:52:12] INFO: Processing request\n\u26a0 DEPRECATION: Feature will be removed in v3.0\nReady.\nOK\n\u2713 Task completed in 4027ms\nBundling main.css\n[12:52:12] DEBUG: Initializing service\nLayer 9/8: ENV command\nReady.\nOK\nTests: 421 passed, 116 total\nVerifying...\n[12:52:12] DEBUG: Query executed in 96ms\nPOST /api - 200 (369ms)\nLayer 3/13: RUN command\nCreating production build...\nyarn add: Done in 20.8s\nTests: 266 passed, 117 total\nPulling image: node:3.11\nVerifying...\nCache restored successfully (354MB)\nTime: 39.7s\n\u2713 Step 'test' succeeded\nCache restored successfully (346MB)\nCache miss for key-4372\nyarn add: Done in 9.95s\n[12:52:12] WARN: Deprecated API usage\nCompiling components/app.ts...\nArtifact uploaded: dist.zip (17MB)\nCompiling utils/app.ts...\nnpm install: added 173 packages\n[12:52:12] WARN: Deprecated API usage\n[12:52:12] INFO: Processing request\n[12:52:12] DEBUG: Initializing service\nSwitched to branch 'bugfix/task-816'\nImage pulled successfully\nnpm install: added 130 packages\nChecking out main branch\nReady.\nWaiting...\nImage pulled successfully\nArtifact downloaded: 27MB\n[12:52:12] INFO: Request completed\nTLS handshake completed\nSuccess!\npip install: Successfully installed webpack-4.9\nGET /health - 201 (3ms)\n[12:52:12] DEBUG: Query executed in 19ms\n\u26a0 DEPRECATION: Feature will be removed in v3.0\npip install: Successfully installed react-5.16\n[12:52:12] DEBUG: Loading configuration\nNODE_ENV=production\n[12:52:12] INFO: Processing request\n[12:52:12] INFO: Request completed\nUploading artifact 'dist' (19 files)\nFAILED: test_api_health\nInstalling axios@4.18.6\nArtifact uploaded: build.tar.gz (50MB)\nWARNING: express has known vulnerabilities\nTransforming 510 files...\nCompiling utils/handler.rs...\n=== Step install_dependencies completed ===\n=== Step: type_check ===\nPlatform: win32-x64\nCache miss for key-7380\nArtifact uploaded: build.tar.gz (43MB)\nCreating production build...\nAlready up to date.\nyarn add: Done in 24.8s\nOK\nInstalling express@3.16.9\nnpm notice: package.json updated\nnpm notice: created a lockfile\nPushing to registry...\n[12:52:12] INFO: Request completed\n[12:52:12] INFO: Cache refreshed\n[12:52:12] WARN: Deprecated API usage\n[12:52:12] INFO: Connecting to database\n  PASS: test_db_connect (263ms)\nCompleted.\nCompiling components/service.java...\nCache saved successfully\npip: Installing build dependencies...\n[12:52:12] DEBUG: Connection pool: 20 active\nRan 63 tests in 56s\nnpm install: added 494 packages\nConnection established\nyarn add: Done in 30.79s\nStep 16/21: Deploying\nnpm install: resolved 1692 packages\nUsing Python 3.10\nCompiling utils/app.ts...\nTransforming 340 files...\nCompiling src/index.js...\nLoading...\nStep 5/24: Building\nEnvironment: production\n  PASS: unit/test_auth_login.spec.js\nMinifying main.js\npip: Installing build dependencies...\nEnvironment: staging\nStep 17/18: Linting\n\u26a0 DEPRECATION: Feature will be removed in v2.0\n  PASS: test_user_create (345ms)\nCreating production build...\nNODE_ENV=production\nBuilding Docker image...\n[12:52:12] INFO: Processing request\nnpm install: resolved 1353 packages\nCompiling lib/handler.rs...\nHEAD is now at 62b541b\nWARNING: prettier has known vulnerabilities\nSwitched to branch 'feature/task-415'\nCoverage: 99% statements, 68% branches\n\u2713 build completed\nArtifact uploaded: dist.zip (45MB)\nCompiling utils/main.py...\nHEAD is now at e7db8b3\nReady.\nStep 14/16: Deploying\nProcessing...\n[12:52:12] DEBUG: Initializing service\nCompiling lib/handler.rs...\nArtifact uploaded: build.tar.gz (40MB)\npip: Installing build dependencies...\nSuccess!\nCache saved successfully\nCache hit for key-2883\nArtifact uploaded: build.tar.gz (36MB)\nStep 2/23: Installing dependencies\nNODE_ENV=development\nFAILED: test_api_health\nStep 2/20: Testing\nPOST /api - 202 (393ms)\nPulling image: python:18\n[12:52:12] INFO: Starting build process\nOptimizing 49 modules...\nPOST /data - 202 (211ms)\nUsing Node.js 15.15.6\nNODE_ENV=production\nCompiling components/service.java...\n\u2713 test completed\nUploading artifact 'dist' (16 files)\nArtifact uploaded: dist.zip (64MB)\nArtifact uploaded: dist.zip (23MB)\nStep 6/21: Running migrations\nVerifying...\nBundling styles.css\nChecking out master branch\nFinished.\nAlready up to date.\n[12:52:12] INFO: Request completed\nMinifying app.js\nUploading artifact 'build' (44 files)\n[12:52:12] ERROR: Connection failed\n\u2713 Step 'test' succeeded\n\u2713 Step 'install' succeeded\n=== Step type_check completed ===\n=== Step: setup_environment ===\nFetching submodules...\n\u26a0 DEPRECATION: Feature will be removed in v3.0\n[12:52:12] INFO: Cache refreshed\nWaiting...\nHEAD is now at 632eb25\nFetching submodules...\nUsing Python 3.10\nArtifact uploaded: dist.zip (89MB)\nCache restored successfully (280MB)\nWaiting...\nCache miss for key-1053\nAlready up to date.\n[12:52:12] INFO: Starting build process\nRan 91 tests in 25s\nCache saved successfully\n[12:52:12] INFO: Cache refreshed\nGenerating source maps...\nSnapshots: 14 passed, 17 total\nMinifying vendor.js\nChecking out main branch\nCache invalidated: dependencies\nProcessing...\nOptimizing 83 modules...\nnpm install: resolved 1870 packages\nDone.\nUsing Node.js 14.1.4\n\u2713 package completed\nReady.\nCache hit for key-2613\nPushing to registry...\nArtifact uploaded: build.tar.gz (16MB)\npip install: Successfully installed eslint-1.16\nCompleted.\n[12:52:12] WARN: Deprecated API usage\n[12:52:12] ERROR: Connection failed\nConnection established\n[12:52:12] DEBUG: Memory usage: 817MB\nProcessing...\nStep 19/22: Building\n[12:52:12] INFO: Connecting to database\nTest Suites: 48 passed, 18 total\n[12:52:12] DEBUG: Connection pool: 11 active\n\u26a0 DEPRECATION: Feature will be removed in v2.0\nStep 15/18: Installing dependencies\n[12:52:12] INFO: Processing request\nEnvironment: staging\nEnvironment: staging\nFinished.\nDone.\nRan 186 tests in 27s\nPlatform: linux-x64\npip install: Successfully installed eslint-5.14\nGenerating source maps...\n[12:52:12] INFO: Starting build process\nStep 13/15: Linting\nLoading...\nTLS handshake completed\n\u2713 lint completed\nDone.\nCache miss for key-7103\nnpm install: added 268 packages\npip: Downloading lodash-4.12.tar.gz\nStep 2/18: Installing dependencies\nnpm notice: created a lockfile\nEnvironment: development\n[12:52:12] DEBUG: Connection pool: 13 active\nAlready up to date.\nBundling runtime.css\nReady.\nnpm notice: created a lockfile\nWARNING: eslint has known vulnerabilities\nCache restored successfully (36MB)\nPulling image: python:3.11\nWARNING: jest has known vulnerabilities\nEnvironment: production\nCompiling components/service.java...\nGET /api - 200 (12ms)\nLayer 1/11: COPY command\nFetching submodules...\n[12:52:12] DEBUG: Query executed in 29ms\nnpm install: added 260 packages\nStep 14/20: Running migrations\nGET /api - 204 (87ms)\n[12:52:12] INFO: Starting build process\nWARNING: webpack has known vulnerabilities\nCompleted.\nTLS handshake completed\n\u26a0 DEPRECATION: Feature will be removed in v4.0\n\u2713 All checks passed\nStep 17/16: Testing\n[12:52:12] DEBUG: Memory usage: 1197MB\nReady.\nInstalling prettier@3.18.7\nDone.\n=== Step setup_environment completed ===\n=== Step: setup_node ===\nPushing to registry...\n[12:52:12] DEBUG: Connection pool: 19 active\nCache invalidated: build\nArtifact uploaded: build.tar.gz (13MB)\nnpm notice: created a lockfile\n[12:52:12] INFO: Connecting to database\nCache miss for key-2138\n[12:52:12] DEBUG: Connection pool: 2 active\nNODE_ENV=development\n[12:52:12] DEBUG: Memory usage: 707MB\nRan 190 tests in 32s\nMinifying main.js\nStep 6/19: Building\nyarn add: Done in 11.50s\npip: Collecting axios\nStep 17/22: Running migrations\nCache hit for key-6257\nUploading artifact 'build' (21 files)\n[12:52:12] INFO: Connecting to database\n  PASS: unit/test_db_connect.spec.js\nStep 4/22: Building\n[12:52:12] INFO: Cache refreshed\nCache invalidated: dependencies\n[12:52:12] DEBUG: Query executed in 63ms\nCompiling utils/app.ts...\nReady.\nCoverage: 100% statements, 80% branches\nProcessing...\nTime: 8.105s\n\u26a0 DEPRECATION: Feature will be removed in v2.0\nTest Suites: 49 passed, 32 total\nAlready up to date.\n[12:52:12] INFO: Request completed\nLoading...\nCompiling src/service.java...\nConnection established\n\u26a0 DEPRECATION: Feature will be removed in v2.0\nnpm install: added 186 packages\nCompiling components/app.ts...\nAlready up to date.\nPOST /upload - 202 (71ms)\n[12:52:12] INFO: Connecting to database\nImage pulled successfully\nProcessing...\n[12:52:12] DEBUG: Loading configuration\nAlready up to date.\nnpm notice: package.json updated\nWARNING: react has known vulnerabilities\npip install: Successfully installed webpack-2.3\n[12:52:12] DEBUG: Loading configuration\n[12:52:12] DEBUG: Loading configuration\nReady.\nTests: 338 passed, 241 total\nnpm notice: created a lockfile\nHEAD is now at 0fd7b2e\n[12:52:12] INFO: Cache refreshed\nStep 2/21: Testing\nMinifying main.js\nFetching submodules...\nStep 1/20: Testing\n[12:52:12] DEBUG: Initializing service\nMinifying main.js\n[12:52:12] WARN: Deprecated API usage\nStep 3/17: Building\npip install: Successfully installed react-1.5\nCache saved successfully\nArtifact downloaded: 49MB\nNODE_ENV=production\npip: Installing build dependencies...\nUploading artifact 'build' (6 files)\npip: Installing build dependencies...\n[12:52:12] INFO: Processing request\nProcessing...\n\u2713 Task completed in 250ms\nUsing Node.js 16.4.1\nStep 16/25: Installing dependencies\nSnapshots: 19 passed, 19 total\nStep 4/23: Linting\n[12:52:12] DEBUG: Loading configuration\n[12:52:12] INFO: Connecting to database\nCompiling utils/utils.go...\n[12:52:12] INFO: Processing request\nCompiling lib/service.java...\nCompiling components/main.py...\nGenerating source maps...\nPlatform: linux-x64\n[12:52:12] DEBUG: Loading configuration\nStep 18/20: Building\nCache invalidated: build\n  PASS: test_auth_login (446ms)\nOptimizing 72 modules...\nInstalling eslint@1.0.4\nnpm install: resolved 1599 packages\nCache invalidated: node_modules\n=== Step setup_node completed ===\n=== Step: lint ===\nOptimizing 49 modules...\nStep 3/16: Building\nPulling image: python:3.11\nBuilding Docker image...\nWARNING: eslint has known vulnerabilities\n[12:52:12] DEBUG: Initializing service\n\u2713 All checks passed\nCache hit for key-4027\n[12:52:12] DEBUG: Initializing service\nTransforming 438 files...\nSwitched to branch 'feature/task-262'\nGenerating source maps...\nRan 157 tests in 40s\nOptimizing 56 modules...\nEnvironment: test\nCache miss for key-3219\n\u2713 Task completed in 1549ms\npip install: Successfully installed react-1.8\nCache saved successfully\n\u2713 Task completed in 2753ms\nCompiling src/app.ts...\nCache miss for key-6185\nCompiling src/utils.go...\nException: RuntimeError\nyarn add: Done in 12.4s\nWaiting...\nEnvironment: production\n\u2713 All checks passed\nnpm notice: package.json updated\nBuilding Docker image...\nFetching submodules...\n\u2713 test completed\nConnection established\nProcessing...\nnpm install: added 439 packages\nyarn add: Done in 28.38s\n[12:52:12] DEBUG: Initializing service\nImage pulled successfully\nCompiling utils/index.js...\nOK\nCache invalidated: dependencies\nMinifying main.js\nImage pulled successfully\nTime: 76.108s\nTLS handshake completed\nSuccess!\nVerifying...\n\u2717 build failed with exit code 112\n[12:52:12] INFO: Starting build process\nTransforming 935 files...\nArtifact uploaded: build.tar.gz (38MB)\nArtifact downloaded: 48MB\nWARNING: webpack has known vulnerabilities\nAlready up to date.\nTLS handshake completed\npip install: Successfully installed webpack-4.13\nCompiling src/utils.go...\n[12:52:12] DEBUG: Query executed in 7ms\nSwitched to branch 'hotfix/task-893'\n[12:52:12] DEBUG: Memory usage: 914MB\nArtifact uploaded: build.tar.gz (14MB)\nStep 12/25: Linting\nTest Suites: 18 passed, 46 total\nCompiling lib/app.ts...\nnpm install: resolved 1683 packages\nStep 3/20: Testing\n[12:52:12] WARN: Deprecated API usage\nNODE_ENV=test\n[12:52:12] DEBUG: Loading configuration\nStep 12/24: Running migrations\nNODE_ENV=test\n\u2713 All checks passed\nWaiting...\nEnvironment: test\nTransforming 165 files...\nPOST /data - 201 (266ms)\n\u2717 build failed with exit code 2\nVerifying...\nChecking out develop branch\nGET /health - 201 (85ms)\n  PASS: test_api_health (217ms)\nStep 17/21: Testing\nFetching submodules...\n[12:52:12] DEBUG: Memory usage: 1692MB\nChecking out master branch\nMinifying main.js\nProcessing...\n[12:52:12] DEBUG: Query executed in 6ms\nCoverage: 84% statements, 63% branches\nException: NullPointerException\nCache invalidated: build\nGET /status - 204 (34ms)\nCache saved successfully\nSwitched to branch 'feature/task-191'\n=== Step lint completed ===\n=== Step: upload_artifacts ===\n[12:52:12] INFO: Connecting to database\nFinished.\n  PASS: test_user_create (297ms)\n\u26a0 DEPRECATION: Feature will be removed in v3.0\n\u2713 All checks passed\nSuccess!\n[12:52:12] WARN: Deprecated API usage\nRan 200 tests in 49s\n[12:52:12] WARN: Deprecated API usage\nDone.\n[12:52:12] DEBUG: Loading configuration\nGenerating source maps...\nInstalling axios@2.3.6\nImage pulled successfully\npip: Collecting prettier\nPulling image: alpine:latest\nStep 2/15: Installing dependencies\n[12:52:12] INFO: Connecting to database\nGenerating source maps...\nTLS handshake completed\npip: Installing build dependencies...\n[12:52:12] DEBUG: Initializing service\n[12:52:12] WARN: Deprecated API usage\nHEAD is now at b4eb93e\nOptimizing 53 modules...\nArtifact uploaded: build.tar.gz (5MB)\nCompleted.\nStep 5/22: Running migrations\nUsing Node.js 17.9.1\n\u2713 Step 'install' succeeded\nStep 20/18: Installing dependencies\nInstalling express@2.19.7\nLoading...\nTests: 158 passed, 160 total\nVerifying...\n[12:52:12] DEBUG: Query executed in 79ms\nTLS handshake completed\nCreating production build...\nStep 17/17: Testing\nStep 19/15: Installing dependencies\nHEAD is now at 8aee53c\nOptimizing 35 modules...\n[12:52:12] WARN: Deprecated API usage\nBuilding Docker image...\nnpm install: added 470 packages\n[12:52:12] INFO: Connecting to database\nStep 10/24: Installing dependencies\npip install: Successfully installed jest-5.1\nEnvironment: development\n[12:52:12] DEBUG: Loading configuration\nInstalling jest@2.19.1\npip: Installing build dependencies...\nStep 20/15: Testing\npip: Downloading express-4.15.tar.gz\nnpm notice: package.json updated\nStep 15/23: Deploying\n[12:52:12] WARN: Deprecated API usage\npip: Downloading react-3.15.tar.gz\n[12:52:12] DEBUG: Connection pool: 13 active\nSwitched to branch 'hotfix/task-406'\nEnvironment: test\nOptimizing 60 modules...\nnpm notice: package.json updated\nUploading artifact 'dist' (11 files)\nArtifact uploaded: build.tar.gz (30MB)\n  PASS: test_api_health (476ms)\nnpm notice: package.json updated\nOK\nGenerating source maps...\npip: Installing build dependencies...\nnpm install: added 261 packages\nArtifact uploaded: dist.zip (46MB)\nPOST /api - 200 (172ms)\n\u2713 validate completed\nException: RuntimeError\nGenerating source maps...\nTime: 16.938s\nWARNING: webpack has known vulnerabilities\nCache hit for key-6631\nTLS handshake completed\nCache restored successfully (466MB)\nFinished.\nStep 6/20: Running migrations\nUsing Node.js 15.20.4\nFetching submodules...\nChecking out develop branch\npip: Downloading jest-2.5.tar.gz\nTime: 56.23s\nLoading...\nReady.\n\u2713 Step 'checkout' succeeded\n\u26a0 DEPRECATION: Feature will be removed in v3.0\nReady.\nSwitched to branch 'feature/task-870'\n=== Step upload_artifacts completed ===\n=== Step: checkout ===\nUsing Python 3.9\nRan 33 tests in 3s\nGenerating source maps...\nCompiling lib/utils.go...\nCache hit for key-8441\nAlready up to date.\n  PASS: unit/test_cache_hit.spec.js\nException: NullPointerException\nTLS handshake completed\n[12:52:12] INFO: Starting build process\nnpm install: added 366 packages\nBundling styles.css\nCompiling src/main.py...\nWARNING: react has known vulnerabilities\nRan 98 tests in 60s\nPulling image: node:18\n[12:52:12] WARN: Deprecated API usage\nNODE_ENV=production\nWaiting...\nLayer 4/11: RUN command\nCompiling lib/main.py...\nCompiling src/app.ts...\n\u2713 All checks passed\nCompleted.\nStep 1/16: Testing\nnpm notice: created a lockfile\nFetching from https://pypi.org/package.json\nChecking out develop branch\nCompleted.\nFAILED: test_auth_login\nTLS handshake completed\nPulling image: python:3.11\nWARNING: eslint has known vulnerabilities\nAlready up to date.\npip: Installing build dependencies...\n\u26a0 DEPRECATION: Feature will be removed in v5.0\nGenerating source maps...\nCreating production build...\nSuccess!\nSwitched to branch 'hotfix/task-224'\nWARNING: axios has known vulnerabilities\nUsing Node.js 17.9.1\nStep 1/15: Building\npip install: Successfully installed jest-1.19\nUsing Node.js 15.17.8\nWARNING: express has known vulnerabilities\nCompleted.\n[12:52:12] INFO: Request completed\n[12:52:12] INFO: Request completed\nArtifact uploaded: dist.zip (90MB)\nCompiling lib/main.py...\n[12:52:12] DEBUG: Initializing service\nConnection established\n[12:52:12] DEBUG: Memory usage: 1886MB\nnpm notice: package.json updated\n[12:52:12] DEBUG: Initializing service\nPushing to registry...\nTests: 169 passed, 398 total\n\u26a0 DEPRECATION: Feature will be removed in v3.0\n[12:52:12] INFO: Request completed\nCompiling lib/app.ts...\nNODE_ENV=production\nGenerating source maps...\nInstalling react@1.5.1\nCreating production build...\n[12:52:12] WARN: Deprecated API usage\nFetching submodules...\nStep 8/18: Installing dependencies\nOptimizing 27 modules...\n[12:52:12] DEBUG: Connection pool: 16 active\n\u2713 Step 'test' succeeded\nBuilding Docker image...\nPOST /data - 202 (290ms)\nnpm install: added 91 packages\nnpm notice: package.json updated\nStep 2/20: Testing\nStep 17/19: Running migrations\n[12:52:12] DEBUG: Initializing service\n[12:52:12] WARN: Deprecated API usage\nnpm notice: created a lockfile\n  PASS: integration/test_auth_login.spec.js\nUploading artifact 'coverage' (5 files)\nCache miss for key-1636\nTest Suites: 32 passed, 8 total\n\u2717 build failed with exit code 101\nOK\n[12:52:12] WARN: Deprecated API usage\npip: Installing build dependencies...\nStep 5/15: Testing\n\u2717 build failed with exit code 83\n\u2713 All checks passed\n[12:52:12] INFO: Cache refreshed\nUploading artifact 'dist' (16 files)\nAlready up to date.\n=== Step checkout completed ===\n=== Step: restore_cache ===\nStep 13/20: Linting\nSnapshots: 7 passed, 42 total\nGET /health - 200 (55ms)\nFAILED: test_cache_hit\nTLS handshake completed\nUploading artifact 'dist' (32 files)\nUploading artifact 'build' (15 files)\npip: Collecting axios\nArtifact uploaded: dist.zip (79MB)\n[12:52:12] DEBUG: Query executed in 68ms\n[12:52:12] WARN: Deprecated API usage\nBuilding Docker image...\nChecking out master branch\nPlatform: linux-x64\nBundling main.js\nCompiling lib/app.ts...\n[12:52:12] INFO: Starting build process\n\u26a0 DEPRECATION: Feature will be removed in v2.0\nInstalling axios@5.9.1\nnpm notice: package.json updated\n[12:52:12] INFO: Cache refreshed\nCache miss for key-6866\n\u26a0 DEPRECATION: Feature will be removed in v2.0\n[12:52:12] DEBUG: Query executed in 21ms\n\u2713 Step 'checkout' succeeded\nStep 5/19: Building\nStep 6/20: Running migrations\nSnapshots: 33 passed, 36 total\n[12:52:12] DEBUG: Initializing service\nLoading...\n[12:52:12] DEBUG: Initializing service\n[12:52:12] INFO: Cache refreshed\nRan 35 tests in 52s\n\u2713 All checks passed\nCompleted.\nBundling main.js\nWaiting...\nnpm install: resolved 1797 packages\nDone.\nSuccess!\nCoverage: 70% statements, 92% branches\nTests: 76 passed, 197 total\nPulling image: alpine:latest\nWARNING: prettier has known vulnerabilities\nTime: 64.735s\n[12:52:12] INFO: Connecting to database\nCompiling lib/main.py...\nTime: 96.868s\nArtifact uploaded: build.tar.gz (32MB)\nOptimizing 82 modules...\n\u2713 Task completed in 3696ms\nSuccess!\n[12:52:12] WARN: Deprecated API usage\n\u2713 Task completed in 1727ms\nArtifact uploaded: build.tar.gz (40MB)\nFetching submodules...\nUsing Python 3.12\nCreating production build...\nnpm install: added 265 packages\nBundling vendor.js\nUsing Node.js 20.0.7\nWaiting...\nBuilding Docker image...\nWaiting...\nStep 7/21: Deploying\npip: Downloading eslint-2.6.tar.gz\nStep 11/21: Running migrations\npip: Collecting webpack\nCompleted.\nStep 13/16: Running migrations\nPulling image: alpine:latest\nyarn add: Done in 16.78s\nnpm notice: created a lockfile\nCreating production build...\nLayer 4/11: RUN command\nBundling vendor.css\npip: Collecting eslint\nFetching submodules...\nStep 9/15: Deploying\nCache hit for key-6150\nBuilding Docker image...\nStep 6/16: Linting\n\u26a0 DEPRECATION: Feature will be removed in v2.0\n\u26a0 DEPRECATION: Feature will be removed in v5.0\nException: RuntimeError\nFAILED: test_auth_login\nStep 13/24: Building\nCache restored successfully (346MB)\n\u2717 build failed with exit code 100\n\u26a0 DEPRECATION: Feature will be removed in v2.0\nyarn add: Done in 14.88s\nSwitched to branch 'bugfix/task-451'\nFetching from https://github.com/package.json\nnpm notice: package.json updated\n=== Step restore_cache completed ===\n=== Step: e2e_tests ===\nConnection established\n\u26a0 DEPRECATION: Feature will be removed in v5.0\nOK\npip: Downloading webpack-5.8.tar.gz\nCache restored successfully (172MB)\nVerifying...\n[12:52:12] DEBUG: Initializing service\nException: TypeError\nTest Suites: 36 passed, 36 total\nRan 177 tests in 30s\nWaiting...\npip install: Successfully installed webpack-4.4\nStep 20/18: Testing\nFetching submodules...\nFetching from https://registry.npmjs.org/package.json\nFetching from https://githubusercontent.com/package.json\nBuilding Docker image...\n\u26a0 DEPRECATION: Feature will be removed in v2.0\nAlready up to date.\nTLS handshake completed\nnpm notice: package.json updated\nCompiling src/utils.go...\nnpm install: added 370 packages\nInstalling express@4.13.1\nPushing to registry...\nnpm install: added 211 packages\n[12:52:12] ERROR: Connection failed\nWARNING: eslint has known vulnerabilities\nTime: 8.615s\nStep 12/16: Testing\nCache hit for key-9603\nLoading...\nSnapshots: 1 passed, 15 total\n\u26a0 DEPRECATION: Feature will be removed in v2.0\n  PASS: unit/test_db_connect.spec.js\nFinished.\n\u2713 Step 'test' succeeded\nnpm install: added 348 packages\nFinished.\nPlatform: darwin-arm64\nPulling image: alpine:18\n[12:52:12] INFO: Connecting to database\nFetching from https://registry.npmjs.org/package.json\n[12:52:12] INFO: Processing request\nArtifact downloaded: 41MB\nnpm notice: created a lockfile\nFAILED: test_db_connect\n[12:52:12] WARN: Deprecated API usage\nnpm notice: package.json updated\nCache invalidated: dependencies\nUsing Node.js 16.12.7\npip: Installing build dependencies...\nPOST /upload - 200 (153ms)\nWARNING: express has known vulnerabilities\n[12:52:12] WARN: Deprecated API usage\n[12:52:12] WARN: Deprecated API usage\nnpm install: resolved 469 packages\nnpm install: resolved 1419 packages\nException: RuntimeError\nMinifying main.js\n[12:52:12] DEBUG: Memory usage: 310MB\nFetching submodules...\n[12:52:12] WARN: Deprecated API usage\nLayer 1/11: COPY command\nEnvironment: test\nnpm install: resolved 1964 packages\n[12:52:12] DEBUG: Memory usage: 1294MB\nRan 127 tests in 23s\nCache invalidated: build\nFinished.\nCompiling utils/main.py...\n\u26a0 DEPRECATION: Feature will be removed in v4.0\nCompiling utils/utils.go...\nStep 15/19: Deploying\nFetching from https://registry.npmjs.org/package.json\nFinished.\n\u26a0 DEPRECATION: Feature will be removed in v4.0\npip: Downloading lodash-1.12.tar.gz\n[12:52:12] INFO: Request completed\nImage pulled successfully\nTLS handshake completed\n[12:52:12] DEBUG: Connection pool: 3 active\npip install: Successfully installed lodash-4.13\nTransforming 656 files...\nImage pulled successfully\npip: Downloading eslint-3.12.tar.gz\n[12:52:12] INFO: Request completed\nLoading...\nWaiting...\nHEAD is now at d6782d9\nOK\nArtifact downloaded: 13MB\nEnvironment: development\nStep 2/15: Linting\n=== Step e2e_tests completed ===",
    "steps": [
      {
        "name": "deploy_staging",
        "status": "success",
        "started_at": "2025-12-06T12:52:12.584912",
        "finished_at": "2025-12-06T12:52:33.280901",
        "log_lines": [
          "=== Step: deploy_staging ===",
          "Step 12/21: Testing",
          "Pushing to registry...",
          "Compiling utils/utils.go...",
          "[12:52:12] WARN: Deprecated API usage",
          "WARNING: react has known vulnerabilities",
          "Transforming 732 files...",
          "Compiling utils/utils.go...",
          "Generating source maps...",
          "Pulling image: node:3.11",
          "Ready.",
          "Cache invalidated: node_modules",
          "pip: Collecting lodash",
          "Switched to branch 'hotfix/task-964'",
          "Tests: 472 passed, 244 total",
          "[12:52:12] WARN: Deprecated API usage",
          "Connection established",
          "POST /api - 202 (150ms)",
          "\u2713 deploy completed",
          "Processing...",
          "Step 17/18: Installing dependencies",
          "Step 20/24: Testing",
          "Done.",
          "Snapshots: 40 passed, 28 total",
          "[12:52:12] INFO: Processing request",
          "[12:52:12] INFO: Processing request",
          "Step 3/21: Running migrations",
          "Building Docker image...",
          "Snapshots: 26 passed, 14 total",
          "GET /api - 201 (3ms)",
          "[12:52:12] DEBUG: Memory usage: 1996MB",
          "Using Node.js 14.4.5",
          "GET /status - 204 (33ms)",
          "Processing...",
          "Fetching submodules...",
          "Connection established",
          "[12:52:12] INFO: Starting build process",
          "[12:52:12] INFO: Processing request",
          "OK",
          "Compiling lib/service.java...",
          "Ran 79 tests in 39s",
          "Cache miss for key-9798",
          "pip: Collecting axios",
          "Cache saved successfully",
          "Creating production build...",
          "Creating production build...",
          "Tests: 159 passed, 457 total",
          "Using Python 3.10",
          "pip install: Successfully installed axios-1.13",
          "\u2717 build failed with exit code 37",
          "\u2713 deploy completed",
          "Cache invalidated: build",
          "Step 12/15: Building",
          "Pushing to registry...",
          "[12:52:12] INFO: Request completed",
          "npm install: resolved 666 packages",
          "Fetching submodules...",
          "HEAD is now at efa9b7a",
          "Ready.",
          "Pushing to registry...",
          "Compiling utils/index.js...",
          "Processing...",
          "npm install: resolved 665 packages",
          "Cache saved successfully",
          "NODE_ENV=test",
          "Artifact uploaded: dist.zip (57MB)",
          "Step 17/16: Linting",
          "NODE_ENV=test",
          "Verifying...",
          "WARNING: axios has known vulnerabilities",
          "Creating production build...",
          "Creating production build...",
          "Completed.",
          "GET /status - 204 (23ms)",
          "[12:52:12] INFO: Cache refreshed",
          "TLS handshake completed",
          "Pushing to registry...",
          "Time: 84.435s",
          "Transforming 266 files...",
          "Checking out main branch",
          "Coverage: 93% statements, 89% branches",
          "Success!",
          "POST /data - 200 (180ms)",
          "Already up to date.",
          "\u2713 test completed",
          "\u26a0 DEPRECATION: Feature will be removed in v3.0",
          "Waiting...",
          "  PASS: e2e/test_user_create.spec.js",
          "\u26a0 DEPRECATION: Feature will be removed in v2.0",
          "Bundling main.js",
          "Cache miss for key-5546",
          "Environment: production",
          "Snapshots: 15 passed, 20 total",
          "pip: Installing build dependencies...",
          "Time: 62.953s",
          "=== Step deploy_staging completed ==="
        ]
      },
      {
        "name": "install_dependencies",
        "status": "success",
        "started_at": "2025-12-06T12:52:33.280901",
        "finished_at": "2025-12-06T12:53:35.368868",
        "log_lines": [
          "=== Step: install_dependencies ===",
          "HEAD is now at 80a1757",
          "[12:52:12] INFO: Cache refreshed",
          "Platform: linux-x64",
          "Done.",
          "Ready.",
          "Already up to date.",
          "[12:52:12] DEBUG: Memory usage: 423MB",
          "Generating source maps...",
          "Verifying...",
          "[12:52:12] INFO: Starting build process",
          "Pushing to registry...",
          "Bundling runtime.js",
          "WARNING: react has known vulnerabilities",
          "npm notice: created a lockfile",
          "Step 5/16: Deploying",
          "Coverage: 92% statements, 79% branches",
          "Step 9/22: Running migrations",
          "Snapshots: 29 passed, 5 total",
          "Exception: ValueError",
          "Transforming 817 files...",
          "Step 12/25: Testing",
          "Fetching from https://registry.npmjs.org/package.json",
          "Coverage: 70% statements, 76% branches",
          "Exception: ValueError",
          "WARNING: webpack has known vulnerabilities",
          "Generating source maps...",
          "[12:52:12] INFO: Starting build process",
          "[12:52:12] INFO: Connecting to database",
          "Cache miss for key-7616",
          "Snapshots: 13 passed, 16 total",
          "pip: Downloading express-3.8.tar.gz",
          "Waiting...",
          "Uploading artifact 'coverage' (49 files)",
          "[12:52:12] INFO: Processing request",
          "\u26a0 DEPRECATION: Feature will be removed in v3.0",
          "Ready.",
          "OK",
          "\u2713 Task completed in 4027ms",
          "Bundling main.css",
          "[12:52:12] DEBUG: Initializing service",
          "Layer 9/8: ENV command",
          "Ready.",
          "OK",
          "Tests: 421 passed, 116 total",
          "Verifying...",
          "[12:52:12] DEBUG: Query executed in 96ms",
          "POST /api - 200 (369ms)",
          "Layer 3/13: RUN command",
          "Creating production build...",
          "yarn add: Done in 20.8s",
          "Tests: 266 passed, 117 total",
          "Pulling image: node:3.11",
          "Verifying...",
          "Cache restored successfully (354MB)",
          "Time: 39.7s",
          "\u2713 Step 'test' succeeded",
          "Cache restored successfully (346MB)",
          "Cache miss for key-4372",
          "yarn add: Done in 9.95s",
          "[12:52:12] WARN: Deprecated API usage",
          "Compiling components/app.ts...",
          "Artifact uploaded: dist.zip (17MB)",
          "Compiling utils/app.ts...",
          "npm install: added 173 packages",
          "[12:52:12] WARN: Deprecated API usage",
          "[12:52:12] INFO: Processing request",
          "[12:52:12] DEBUG: Initializing service",
          "Switched to branch 'bugfix/task-816'",
          "Image pulled successfully",
          "npm install: added 130 packages",
          "Checking out main branch",
          "Ready.",
          "Waiting...",
          "Image pulled successfully",
          "Artifact downloaded: 27MB",
          "[12:52:12] INFO: Request completed",
          "TLS handshake completed",
          "Success!",
          "pip install: Successfully installed webpack-4.9",
          "GET /health - 201 (3ms)",
          "[12:52:12] DEBUG: Query executed in 19ms",
          "\u26a0 DEPRECATION: Feature will be removed in v3.0",
          "pip install: Successfully installed react-5.16",
          "[12:52:12] DEBUG: Loading configuration",
          "NODE_ENV=production",
          "[12:52:12] INFO: Processing request",
          "[12:52:12] INFO: Request completed",
          "Uploading artifact 'dist' (19 files)",
          "FAILED: test_api_health",
          "Installing axios@4.18.6",
          "Artifact uploaded: build.tar.gz (50MB)",
          "WARNING: express has known vulnerabilities",
          "Transforming 510 files...",
          "Compiling utils/handler.rs...",
          "=== Step install_dependencies completed ==="
        ]
      },
      {
        "name": "type_check",
        "status": "success",
        "started_at": "2025-12-06T12:53:35.368868",
        "finished_at": "2025-12-06T12:53:56.064857",
        "log_lines": [
          "=== Step: type_check ===",
          "Platform: win32-x64",
          "Cache miss for key-7380",
          "Artifact uploaded: build.tar.gz (43MB)",
          "Creating production build...",
          "Already up to date.",
          "yarn add: Done in 24.8s",
          "OK",
          "Installing express@3.16.9",
          "npm notice: package.json updated",
          "npm notice: created a lockfile",
          "Pushing to registry...",
          "[12:52:12] INFO: Request completed",
          "[12:52:12] INFO: Cache refreshed",
          "[12:52:12] WARN: Deprecated API usage",
          "[12:52:12] INFO: Connecting to database",
          "  PASS: test_db_connect (263ms)",
          "Completed.",
          "Compiling components/service.java...",
          "Cache saved successfully",
          "pip: Installing build dependencies...",
          "[12:52:12] DEBUG: Connection pool: 20 active",
          "Ran 63 tests in 56s",
          "npm install: added 494 packages",
          "Connection established",
          "yarn add: Done in 30.79s",
          "Step 16/21: Deploying",
          "npm install: resolved 1692 packages",
          "Using Python 3.10",
          "Compiling utils/app.ts...",
          "Transforming 340 files...",
          "Compiling src/index.js...",
          "Loading...",
          "Step 5/24: Building",
          "Environment: production",
          "  PASS: unit/test_auth_login.spec.js",
          "Minifying main.js",
          "pip: Installing build dependencies...",
          "Environment: staging",
          "Step 17/18: Linting",
          "\u26a0 DEPRECATION: Feature will be removed in v2.0",
          "  PASS: test_user_create (345ms)",
          "Creating production build...",
          "NODE_ENV=production",
          "Building Docker image...",
          "[12:52:12] INFO: Processing request",
          "npm install: resolved 1353 packages",
          "Compiling lib/handler.rs...",
          "HEAD is now at 62b541b",
          "WARNING: prettier has known vulnerabilities",
          "Switched to branch 'feature/task-415'",
          "Coverage: 99% statements, 68% branches",
          "\u2713 build completed",
          "Artifact uploaded: dist.zip (45MB)",
          "Compiling utils/main.py...",
          "HEAD is now at e7db8b3",
          "Ready.",
          "Step 14/16: Deploying",
          "Processing...",
          "[12:52:12] DEBUG: Initializing service",
          "Compiling lib/handler.rs...",
          "Artifact uploaded: build.tar.gz (40MB)",
          "pip: Installing build dependencies...",
          "Success!",
          "Cache saved successfully",
          "Cache hit for key-2883",
          "Artifact uploaded: build.tar.gz (36MB)",
          "Step 2/23: Installing dependencies",
          "NODE_ENV=development",
          "FAILED: test_api_health",
          "Step 2/20: Testing",
          "POST /api - 202 (393ms)",
          "Pulling image: python:18",
          "[12:52:12] INFO: Starting build process",
          "Optimizing 49 modules...",
          "POST /data - 202 (211ms)",
          "Using Node.js 15.15.6",
          "NODE_ENV=production",
          "Compiling components/service.java...",
          "\u2713 test completed",
          "Uploading artifact 'dist' (16 files)",
          "Artifact uploaded: dist.zip (64MB)",
          "Artifact uploaded: dist.zip (23MB)",
          "Step 6/21: Running migrations",
          "Verifying...",
          "Bundling styles.css",
          "Checking out master branch",
          "Finished.",
          "Already up to date.",
          "[12:52:12] INFO: Request completed",
          "Minifying app.js",
          "Uploading artifact 'build' (44 files)",
          "[12:52:12] ERROR: Connection failed",
          "\u2713 Step 'test' succeeded",
          "\u2713 Step 'install' succeeded",
          "=== Step type_check completed ==="
        ]
      },
      {
        "name": "setup_environment",
        "status": "success",
        "started_at": "2025-12-06T12:53:56.064857",
        "finished_at": "2025-12-06T12:54:16.760846",
        "log_lines": [
          "=== Step: setup_environment ===",
          "Fetching submodules...",
          "\u26a0 DEPRECATION: Feature will be removed in v3.0",
          "[12:52:12] INFO: Cache refreshed",
          "Waiting...",
          "HEAD is now at 632eb25",
          "Fetching submodules...",
          "Using Python 3.10",
          "Artifact uploaded: dist.zip (89MB)",
          "Cache restored successfully (280MB)",
          "Waiting...",
          "Cache miss for key-1053",
          "Already up to date.",
          "[12:52:12] INFO: Starting build process",
          "Ran 91 tests in 25s",
          "Cache saved successfully",
          "[12:52:12] INFO: Cache refreshed",
          "Generating source maps...",
          "Snapshots: 14 passed, 17 total",
          "Minifying vendor.js",
          "Checking out main branch",
          "Cache invalidated: dependencies",
          "Processing...",
          "Optimizing 83 modules...",
          "npm install: resolved 1870 packages",
          "Done.",
          "Using Node.js 14.1.4",
          "\u2713 package completed",
          "Ready.",
          "Cache hit for key-2613",
          "Pushing to registry...",
          "Artifact uploaded: build.tar.gz (16MB)",
          "pip install: Successfully installed eslint-1.16",
          "Completed.",
          "[12:52:12] WARN: Deprecated API usage",
          "[12:52:12] ERROR: Connection failed",
          "Connection established",
          "[12:52:12] DEBUG: Memory usage: 817MB",
          "Processing...",
          "Step 19/22: Building",
          "[12:52:12] INFO: Connecting to database",
          "Test Suites: 48 passed, 18 total",
          "[12:52:12] DEBUG: Connection pool: 11 active",
          "\u26a0 DEPRECATION: Feature will be removed in v2.0",
          "Step 15/18: Installing dependencies",
          "[12:52:12] INFO: Processing request",
          "Environment: staging",
          "Environment: staging",
          "Finished.",
          "Done.",
          "Ran 186 tests in 27s",
          "Platform: linux-x64",
          "pip install: Successfully installed eslint-5.14",
          "Generating source maps...",
          "[12:52:12] INFO: Starting build process",
          "Step 13/15: Linting",
          "Loading...",
          "TLS handshake completed",
          "\u2713 lint completed",
          "Done.",
          "Cache miss for key-7103",
          "npm install: added 268 packages",
          "pip: Downloading lodash-4.12.tar.gz",
          "Step 2/18: Installing dependencies",
          "npm notice: created a lockfile",
          "Environment: development",
          "[12:52:12] DEBUG: Connection pool: 13 active",
          "Already up to date.",
          "Bundling runtime.css",
          "Ready.",
          "npm notice: created a lockfile",
          "WARNING: eslint has known vulnerabilities",
          "Cache restored successfully (36MB)",
          "Pulling image: python:3.11",
          "WARNING: jest has known vulnerabilities",
          "Environment: production",
          "Compiling components/service.java...",
          "GET /api - 200 (12ms)",
          "Layer 1/11: COPY command",
          "Fetching submodules...",
          "[12:52:12] DEBUG: Query executed in 29ms",
          "npm install: added 260 packages",
          "Step 14/20: Running migrations",
          "GET /api - 204 (87ms)",
          "[12:52:12] INFO: Starting build process",
          "WARNING: webpack has known vulnerabilities",
          "Completed.",
          "TLS handshake completed",
          "\u26a0 DEPRECATION: Feature will be removed in v4.0",
          "\u2713 All checks passed",
          "Step 17/16: Testing",
          "[12:52:12] DEBUG: Memory usage: 1197MB",
          "Ready.",
          "Installing prettier@3.18.7",
          "Done.",
          "=== Step setup_environment completed ==="
        ]
      },
      {
        "name": "setup_node",
        "status": "success",
        "started_at": "2025-12-06T12:54:16.760846",
        "finished_at": "2025-12-06T12:54:37.456835",
        "log_lines": [
          "=== Step: setup_node ===",
          "Pushing to registry...",
          "[12:52:12] DEBUG: Connection pool: 19 active",
          "Cache invalidated: build",
          "Artifact uploaded: build.tar.gz (13MB)",
          "npm notice: created a lockfile",
          "[12:52:12] INFO: Connecting to database",
          "Cache miss for key-2138",
          "[12:52:12] DEBUG: Connection pool: 2 active",
          "NODE_ENV=development",
          "[12:52:12] DEBUG: Memory usage: 707MB",
          "Ran 190 tests in 32s",
          "Minifying main.js",
          "Step 6/19: Building",
          "yarn add: Done in 11.50s",
          "pip: Collecting axios",
          "Step 17/22: Running migrations",
          "Cache hit for key-6257",
          "Uploading artifact 'build' (21 files)",
          "[12:52:12] INFO: Connecting to database",
          "  PASS: unit/test_db_connect.spec.js",
          "Step 4/22: Building",
          "[12:52:12] INFO: Cache refreshed",
          "Cache invalidated: dependencies",
          "[12:52:12] DEBUG: Query executed in 63ms",
          "Compiling utils/app.ts...",
          "Ready.",
          "Coverage: 100% statements, 80% branches",
          "Processing...",
          "Time: 8.105s",
          "\u26a0 DEPRECATION: Feature will be removed in v2.0",
          "Test Suites: 49 passed, 32 total",
          "Already up to date.",
          "[12:52:12] INFO: Request completed",
          "Loading...",
          "Compiling src/service.java...",
          "Connection established",
          "\u26a0 DEPRECATION: Feature will be removed in v2.0",
          "npm install: added 186 packages",
          "Compiling components/app.ts...",
          "Already up to date.",
          "POST /upload - 202 (71ms)",
          "[12:52:12] INFO: Connecting to database",
          "Image pulled successfully",
          "Processing...",
          "[12:52:12] DEBUG: Loading configuration",
          "Already up to date.",
          "npm notice: package.json updated",
          "WARNING: react has known vulnerabilities",
          "pip install: Successfully installed webpack-2.3",
          "[12:52:12] DEBUG: Loading configuration",
          "[12:52:12] DEBUG: Loading configuration",
          "Ready.",
          "Tests: 338 passed, 241 total",
          "npm notice: created a lockfile",
          "HEAD is now at 0fd7b2e",
          "[12:52:12] INFO: Cache refreshed",
          "Step 2/21: Testing",
          "Minifying main.js",
          "Fetching submodules...",
          "Step 1/20: Testing",
          "[12:52:12] DEBUG: Initializing service",
          "Minifying main.js",
          "[12:52:12] WARN: Deprecated API usage",
          "Step 3/17: Building",
          "pip install: Successfully installed react-1.5",
          "Cache saved successfully",
          "Artifact downloaded: 49MB",
          "NODE_ENV=production",
          "pip: Installing build dependencies...",
          "Uploading artifact 'build' (6 files)",
          "pip: Installing build dependencies...",
          "[12:52:12] INFO: Processing request",
          "Processing...",
          "\u2713 Task completed in 250ms",
          "Using Node.js 16.4.1",
          "Step 16/25: Installing dependencies",
          "Snapshots: 19 passed, 19 total",
          "Step 4/23: Linting",
          "[12:52:12] DEBUG: Loading configuration",
          "[12:52:12] INFO: Connecting to database",
          "Compiling utils/utils.go...",
          "[12:52:12] INFO: Processing request",
          "Compiling lib/service.java...",
          "Compiling components/main.py...",
          "Generating source maps...",
          "Platform: linux-x64",
          "[12:52:12] DEBUG: Loading configuration",
          "Step 18/20: Building",
          "Cache invalidated: build",
          "  PASS: test_auth_login (446ms)",
          "Optimizing 72 modules...",
          "Installing eslint@1.0.4",
          "npm install: resolved 1599 packages",
          "Cache invalidated: node_modules",
          "=== Step setup_node completed ==="
        ]
      },
      {
        "name": "lint",
        "status": "success",
        "started_at": "2025-12-06T12:54:37.456835",
        "finished_at": "2025-12-06T12:54:58.152824",
        "log_lines": [
          "=== Step: lint ===",
          "Optimizing 49 modules...",
          "Step 3/16: Building",
          "Pulling image: python:3.11",
          "Building Docker image...",
          "WARNING: eslint has known vulnerabilities",
          "[12:52:12] DEBUG: Initializing service",
          "\u2713 All checks passed",
          "Cache hit for key-4027",
          "[12:52:12] DEBUG: Initializing service",
          "Transforming 438 files...",
          "Switched to branch 'feature/task-262'",
          "Generating source maps...",
          "Ran 157 tests in 40s",
          "Optimizing 56 modules...",
          "Environment: test",
          "Cache miss for key-3219",
          "\u2713 Task completed in 1549ms",
          "pip install: Successfully installed react-1.8",
          "Cache saved successfully",
          "\u2713 Task completed in 2753ms",
          "Compiling src/app.ts...",
          "Cache miss for key-6185",
          "Compiling src/utils.go...",
          "Exception: RuntimeError",
          "yarn add: Done in 12.4s",
          "Waiting...",
          "Environment: production",
          "\u2713 All checks passed",
          "npm notice: package.json updated",
          "Building Docker image...",
          "Fetching submodules...",
          "\u2713 test completed",
          "Connection established",
          "Processing...",
          "npm install: added 439 packages",
          "yarn add: Done in 28.38s",
          "[12:52:12] DEBUG: Initializing service",
          "Image pulled successfully",
          "Compiling utils/index.js...",
          "OK",
          "Cache invalidated: dependencies",
          "Minifying main.js",
          "Image pulled successfully",
          "Time: 76.108s",
          "TLS handshake completed",
          "Success!",
          "Verifying...",
          "\u2717 build failed with exit code 112",
          "[12:52:12] INFO: Starting build process",
          "Transforming 935 files...",
          "Artifact uploaded: build.tar.gz (38MB)",
          "Artifact downloaded: 48MB",
          "WARNING: webpack has known vulnerabilities",
          "Already up to date.",
          "TLS handshake completed",
          "pip install: Successfully installed webpack-4.13",
          "Compiling src/utils.go...",
          "[12:52:12] DEBUG: Query executed in 7ms",
          "Switched to branch 'hotfix/task-893'",
          "[12:52:12] DEBUG: Memory usage: 914MB",
          "Artifact uploaded: build.tar.gz (14MB)",
          "Step 12/25: Linting",
          "Test Suites: 18 passed, 46 total",
          "Compiling lib/app.ts...",
          "npm install: resolved 1683 packages",
          "Step 3/20: Testing",
          "[12:52:12] WARN: Deprecated API usage",
          "NODE_ENV=test",
          "[12:52:12] DEBUG: Loading configuration",
          "Step 12/24: Running migrations",
          "NODE_ENV=test",
          "\u2713 All checks passed",
          "Waiting...",
          "Environment: test",
          "Transforming 165 files...",
          "POST /data - 201 (266ms)",
          "\u2717 build failed with exit code 2",
          "Verifying...",
          "Checking out develop branch",
          "GET /health - 201 (85ms)",
          "  PASS: test_api_health (217ms)",
          "Step 17/21: Testing",
          "Fetching submodules...",
          "[12:52:12] DEBUG: Memory usage: 1692MB",
          "Checking out master branch",
          "Minifying main.js",
          "Processing...",
          "[12:52:12] DEBUG: Query executed in 6ms",
          "Coverage: 84% statements, 63% branches",
          "Exception: NullPointerException",
          "Cache invalidated: build",
          "GET /status - 204 (34ms)",
          "Cache saved successfully",
          "Switched to branch 'feature/task-191'",
          "=== Step lint completed ==="
        ]
      },
      {
        "name": "upload_artifacts",
        "status": "success",
        "started_at": "2025-12-06T12:54:58.152824",
        "finished_at": "2025-12-06T12:55:18.848813",
        "log_lines": [
          "=== Step: upload_artifacts ===",
          "[12:52:12] INFO: Connecting to database",
          "Finished.",
          "  PASS: test_user_create (297ms)",
          "\u26a0 DEPRECATION: Feature will be removed in v3.0",
          "\u2713 All checks passed",
          "Success!",
          "[12:52:12] WARN: Deprecated API usage",
          "Ran 200 tests in 49s",
          "[12:52:12] WARN: Deprecated API usage",
          "Done.",
          "[12:52:12] DEBUG: Loading configuration",
          "Generating source maps...",
          "Installing axios@2.3.6",
          "Image pulled successfully",
          "pip: Collecting prettier",
          "Pulling image: alpine:latest",
          "Step 2/15: Installing dependencies",
          "[12:52:12] INFO: Connecting to database",
          "Generating source maps...",
          "TLS handshake completed",
          "pip: Installing build dependencies...",
          "[12:52:12] DEBUG: Initializing service",
          "[12:52:12] WARN: Deprecated API usage",
          "HEAD is now at b4eb93e",
          "Optimizing 53 modules...",
          "Artifact uploaded: build.tar.gz (5MB)",
          "Completed.",
          "Step 5/22: Running migrations",
          "Using Node.js 17.9.1",
          "\u2713 Step 'install' succeeded",
          "Step 20/18: Installing dependencies",
          "Installing express@2.19.7",
          "Loading...",
          "Tests: 158 passed, 160 total",
          "Verifying...",
          "[12:52:12] DEBUG: Query executed in 79ms",
          "TLS handshake completed",
          "Creating production build...",
          "Step 17/17: Testing",
          "Step 19/15: Installing dependencies",
          "HEAD is now at 8aee53c",
          "Optimizing 35 modules...",
          "[12:52:12] WARN: Deprecated API usage",
          "Building Docker image...",
          "npm install: added 470 packages",
          "[12:52:12] INFO: Connecting to database",
          "Step 10/24: Installing dependencies",
          "pip install: Successfully installed jest-5.1",
          "Environment: development",
          "[12:52:12] DEBUG: Loading configuration",
          "Installing jest@2.19.1",
          "pip: Installing build dependencies...",
          "Step 20/15: Testing",
          "pip: Downloading express-4.15.tar.gz",
          "npm notice: package.json updated",
          "Step 15/23: Deploying",
          "[12:52:12] WARN: Deprecated API usage",
          "pip: Downloading react-3.15.tar.gz",
          "[12:52:12] DEBUG: Connection pool: 13 active",
          "Switched to branch 'hotfix/task-406'",
          "Environment: test",
          "Optimizing 60 modules...",
          "npm notice: package.json updated",
          "Uploading artifact 'dist' (11 files)",
          "Artifact uploaded: build.tar.gz (30MB)",
          "  PASS: test_api_health (476ms)",
          "npm notice: package.json updated",
          "OK",
          "Generating source maps...",
          "pip: Installing build dependencies...",
          "npm install: added 261 packages",
          "Artifact uploaded: dist.zip (46MB)",
          "POST /api - 200 (172ms)",
          "\u2713 validate completed",
          "Exception: RuntimeError",
          "Generating source maps...",
          "Time: 16.938s",
          "WARNING: webpack has known vulnerabilities",
          "Cache hit for key-6631",
          "TLS handshake completed",
          "Cache restored successfully (466MB)",
          "Finished.",
          "Step 6/20: Running migrations",
          "Using Node.js 15.20.4",
          "Fetching submodules...",
          "Checking out develop branch",
          "pip: Downloading jest-2.5.tar.gz",
          "Time: 56.23s",
          "Loading...",
          "Ready.",
          "\u2713 Step 'checkout' succeeded",
          "\u26a0 DEPRECATION: Feature will be removed in v3.0",
          "Ready.",
          "Switched to branch 'feature/task-870'",
          "=== Step upload_artifacts completed ==="
        ]
      },
      {
        "name": "checkout",
        "status": "success",
        "started_at": "2025-12-06T12:55:18.848813",
        "finished_at": "2025-12-06T12:55:27.127209",
        "log_lines": [
          "=== Step: checkout ===",
          "Using Python 3.9",
          "Ran 33 tests in 3s",
          "Generating source maps...",
          "Compiling lib/utils.go...",
          "Cache hit for key-8441",
          "Already up to date.",
          "  PASS: unit/test_cache_hit.spec.js",
          "Exception: NullPointerException",
          "TLS handshake completed",
          "[12:52:12] INFO: Starting build process",
          "npm install: added 366 packages",
          "Bundling styles.css",
          "Compiling src/main.py...",
          "WARNING: react has known vulnerabilities",
          "Ran 98 tests in 60s",
          "Pulling image: node:18",
          "[12:52:12] WARN: Deprecated API usage",
          "NODE_ENV=production",
          "Waiting...",
          "Layer 4/11: RUN command",
          "Compiling lib/main.py...",
          "Compiling src/app.ts...",
          "\u2713 All checks passed",
          "Completed.",
          "Step 1/16: Testing",
          "npm notice: created a lockfile",
          "Fetching from https://pypi.org/package.json",
          "Checking out develop branch",
          "Completed.",
          "FAILED: test_auth_login",
          "TLS handshake completed",
          "Pulling image: python:3.11",
          "WARNING: eslint has known vulnerabilities",
          "Already up to date.",
          "pip: Installing build dependencies...",
          "\u26a0 DEPRECATION: Feature will be removed in v5.0",
          "Generating source maps...",
          "Creating production build...",
          "Success!",
          "Switched to branch 'hotfix/task-224'",
          "WARNING: axios has known vulnerabilities",
          "Using Node.js 17.9.1",
          "Step 1/15: Building",
          "pip install: Successfully installed jest-1.19",
          "Using Node.js 15.17.8",
          "WARNING: express has known vulnerabilities",
          "Completed.",
          "[12:52:12] INFO: Request completed",
          "[12:52:12] INFO: Request completed",
          "Artifact uploaded: dist.zip (90MB)",
          "Compiling lib/main.py...",
          "[12:52:12] DEBUG: Initializing service",
          "Connection established",
          "[12:52:12] DEBUG: Memory usage: 1886MB",
          "npm notice: package.json updated",
          "[12:52:12] DEBUG: Initializing service",
          "Pushing to registry...",
          "Tests: 169 passed, 398 total",
          "\u26a0 DEPRECATION: Feature will be removed in v3.0",
          "[12:52:12] INFO: Request completed",
          "Compiling lib/app.ts...",
          "NODE_ENV=production",
          "Generating source maps...",
          "Installing react@1.5.1",
          "Creating production build...",
          "[12:52:12] WARN: Deprecated API usage",
          "Fetching submodules...",
          "Step 8/18: Installing dependencies",
          "Optimizing 27 modules...",
          "[12:52:12] DEBUG: Connection pool: 16 active",
          "\u2713 Step 'test' succeeded",
          "Building Docker image...",
          "POST /data - 202 (290ms)",
          "npm install: added 91 packages",
          "npm notice: package.json updated",
          "Step 2/20: Testing",
          "Step 17/19: Running migrations",
          "[12:52:12] DEBUG: Initializing service",
          "[12:52:12] WARN: Deprecated API usage",
          "npm notice: created a lockfile",
          "  PASS: integration/test_auth_login.spec.js",
          "Uploading artifact 'coverage' (5 files)",
          "Cache miss for key-1636",
          "Test Suites: 32 passed, 8 total",
          "\u2717 build failed with exit code 101",
          "OK",
          "[12:52:12] WARN: Deprecated API usage",
          "pip: Installing build dependencies...",
          "Step 5/15: Testing",
          "\u2717 build failed with exit code 83",
          "\u2713 All checks passed",
          "[12:52:12] INFO: Cache refreshed",
          "Uploading artifact 'dist' (16 files)",
          "Already up to date.",
          "=== Step checkout completed ==="
        ]
      },
      {
        "name": "restore_cache",
        "status": "success",
        "started_at": "2025-12-06T12:55:27.127209",
        "finished_at": "2025-12-06T12:55:39.544802",
        "log_lines": [
          "=== Step: restore_cache ===",
          "Step 13/20: Linting",
          "Snapshots: 7 passed, 42 total",
          "GET /health - 200 (55ms)",
          "FAILED: test_cache_hit",
          "TLS handshake completed",
          "Uploading artifact 'dist' (32 files)",
          "Uploading artifact 'build' (15 files)",
          "pip: Collecting axios",
          "Artifact uploaded: dist.zip (79MB)",
          "[12:52:12] DEBUG: Query executed in 68ms",
          "[12:52:12] WARN: Deprecated API usage",
          "Building Docker image...",
          "Checking out master branch",
          "Platform: linux-x64",
          "Bundling main.js",
          "Compiling lib/app.ts...",
          "[12:52:12] INFO: Starting build process",
          "\u26a0 DEPRECATION: Feature will be removed in v2.0",
          "Installing axios@5.9.1",
          "npm notice: package.json updated",
          "[12:52:12] INFO: Cache refreshed",
          "Cache miss for key-6866",
          "\u26a0 DEPRECATION: Feature will be removed in v2.0",
          "[12:52:12] DEBUG: Query executed in 21ms",
          "\u2713 Step 'checkout' succeeded",
          "Step 5/19: Building",
          "Step 6/20: Running migrations",
          "Snapshots: 33 passed, 36 total",
          "[12:52:12] DEBUG: Initializing service",
          "Loading...",
          "[12:52:12] DEBUG: Initializing service",
          "[12:52:12] INFO: Cache refreshed",
          "Ran 35 tests in 52s",
          "\u2713 All checks passed",
          "Completed.",
          "Bundling main.js",
          "Waiting...",
          "npm install: resolved 1797 packages",
          "Done.",
          "Success!",
          "Coverage: 70% statements, 92% branches",
          "Tests: 76 passed, 197 total",
          "Pulling image: alpine:latest",
          "WARNING: prettier has known vulnerabilities",
          "Time: 64.735s",
          "[12:52:12] INFO: Connecting to database",
          "Compiling lib/main.py...",
          "Time: 96.868s",
          "Artifact uploaded: build.tar.gz (32MB)",
          "Optimizing 82 modules...",
          "\u2713 Task completed in 3696ms",
          "Success!",
          "[12:52:12] WARN: Deprecated API usage",
          "\u2713 Task completed in 1727ms",
          "Artifact uploaded: build.tar.gz (40MB)",
          "Fetching submodules...",
          "Using Python 3.12",
          "Creating production build...",
          "npm install: added 265 packages",
          "Bundling vendor.js",
          "Using Node.js 20.0.7",
          "Waiting...",
          "Building Docker image...",
          "Waiting...",
          "Step 7/21: Deploying",
          "pip: Downloading eslint-2.6.tar.gz",
          "Step 11/21: Running migrations",
          "pip: Collecting webpack",
          "Completed.",
          "Step 13/16: Running migrations",
          "Pulling image: alpine:latest",
          "yarn add: Done in 16.78s",
          "npm notice: created a lockfile",
          "Creating production build...",
          "Layer 4/11: RUN command",
          "Bundling vendor.css",
          "pip: Collecting eslint",
          "Fetching submodules...",
          "Step 9/15: Deploying",
          "Cache hit for key-6150",
          "Building Docker image...",
          "Step 6/16: Linting",
          "\u26a0 DEPRECATION: Feature will be removed in v2.0",
          "\u26a0 DEPRECATION: Feature will be removed in v5.0",
          "Exception: RuntimeError",
          "FAILED: test_auth_login",
          "Step 13/24: Building",
          "Cache restored successfully (346MB)",
          "\u2717 build failed with exit code 100",
          "\u26a0 DEPRECATION: Feature will be removed in v2.0",
          "yarn add: Done in 14.88s",
          "Switched to branch 'bugfix/task-451'",
          "Fetching from https://github.com/package.json",
          "npm notice: package.json updated",
          "=== Step restore_cache completed ==="
        ]
      },
      {
        "name": "e2e_tests",
        "status": "success",
        "started_at": "2025-12-06T12:55:39.544802",
        "finished_at": "2025-12-06T12:56:00.240791",
        "log_lines": [
          "=== Step: e2e_tests ===",
          "Connection established",
          "\u26a0 DEPRECATION: Feature will be removed in v5.0",
          "OK",
          "pip: Downloading webpack-5.8.tar.gz",
          "Cache restored successfully (172MB)",
          "Verifying...",
          "[12:52:12] DEBUG: Initializing service",
          "Exception: TypeError",
          "Test Suites: 36 passed, 36 total",
          "Ran 177 tests in 30s",
          "Waiting...",
          "pip install: Successfully installed webpack-4.4",
          "Step 20/18: Testing",
          "Fetching submodules...",
          "Fetching from https://registry.npmjs.org/package.json",
          "Fetching from https://githubusercontent.com/package.json",
          "Building Docker image...",
          "\u26a0 DEPRECATION: Feature will be removed in v2.0",
          "Already up to date.",
          "TLS handshake completed",
          "npm notice: package.json updated",
          "Compiling src/utils.go...",
          "npm install: added 370 packages",
          "Installing express@4.13.1",
          "Pushing to registry...",
          "npm install: added 211 packages",
          "[12:52:12] ERROR: Connection failed",
          "WARNING: eslint has known vulnerabilities",
          "Time: 8.615s",
          "Step 12/16: Testing",
          "Cache hit for key-9603",
          "Loading...",
          "Snapshots: 1 passed, 15 total",
          "\u26a0 DEPRECATION: Feature will be removed in v2.0",
          "  PASS: unit/test_db_connect.spec.js",
          "Finished.",
          "\u2713 Step 'test' succeeded",
          "npm install: added 348 packages",
          "Finished.",
          "Platform: darwin-arm64",
          "Pulling image: alpine:18",
          "[12:52:12] INFO: Connecting to database",
          "Fetching from https://registry.npmjs.org/package.json",
          "[12:52:12] INFO: Processing request",
          "Artifact downloaded: 41MB",
          "npm notice: created a lockfile",
          "FAILED: test_db_connect",
          "[12:52:12] WARN: Deprecated API usage",
          "npm notice: package.json updated",
          "Cache invalidated: dependencies",
          "Using Node.js 16.12.7",
          "pip: Installing build dependencies...",
          "POST /upload - 200 (153ms)",
          "WARNING: express has known vulnerabilities",
          "[12:52:12] WARN: Deprecated API usage",
          "[12:52:12] WARN: Deprecated API usage",
          "npm install: resolved 469 packages",
          "npm install: resolved 1419 packages",
          "Exception: RuntimeError",
          "Minifying main.js",
          "[12:52:12] DEBUG: Memory usage: 310MB",
          "Fetching submodules...",
          "[12:52:12] WARN: Deprecated API usage",
          "Layer 1/11: COPY command",
          "Environment: test",
          "npm install: resolved 1964 packages",
          "[12:52:12] DEBUG: Memory usage: 1294MB",
          "Ran 127 tests in 23s",
          "Cache invalidated: build",
          "Finished.",
          "Compiling utils/main.py...",
          "\u26a0 DEPRECATION: Feature will be removed in v4.0",
          "Compiling utils/utils.go...",
          "Step 15/19: Deploying",
          "Fetching from https://registry.npmjs.org/package.json",
          "Finished.",
          "\u26a0 DEPRECATION: Feature will be removed in v4.0",
          "pip: Downloading lodash-1.12.tar.gz",
          "[12:52:12] INFO: Request completed",
          "Image pulled successfully",
          "TLS handshake completed",
          "[12:52:12] DEBUG: Connection pool: 3 active",
          "pip install: Successfully installed lodash-4.13",
          "Transforming 656 files...",
          "Image pulled successfully",
          "pip: Downloading eslint-3.12.tar.gz",
          "[12:52:12] INFO: Request completed",
          "Loading...",
          "Waiting...",
          "HEAD is now at d6782d9",
          "OK",
          "Artifact downloaded: 13MB",
          "Environment: development",
          "Step 2/15: Linting",
          "=== Step e2e_tests completed ==="
        ]
      }
    ],
    "label": "normal"
  }
}