{
  "action": "completed",
  "workflow_run": {
    "id": 242,
    "name": "CI Pipeline",
    "head_branch": "develop",
    "head_sha": "019d56415923965b2f9e581f841f059b92352b47",
    "status": "completed",
    "conclusion": "success",
    "run_started_at": "2025-12-04T23:44:25.836484Z",
    "updated_at": "2025-12-04T23:46:01.739789Z"
  },
  "repository": {
    "full_name": "startup-io/mobile-backend",
    "name": "mobile-backend"
  },
  "sender": {
    "login": "eve"
  },
  "_safeops_extended": {
    "raw_logs": "=== Step: checkout ===\n[23:44:25] INFO: Processing request\nInstalling webpack@3.2.0\nException: NullPointerException\nStep 5/10: Building\nCompiling src/service.java...\n\u2713 build completed\nCache hit for key-8014\n[23:44:25] INFO: Processing request\n\u2713 lint completed\nCache hit for key-5244\n\u2713 test completed\n  PASS: test_auth_login (298ms)\n  PASS: test_user_create (234ms)\n  PASS: test_user_create (100ms)\n  PASS: test_cache_hit (386ms)\nInstalling axios@4.6.0\nCompiling src/handler.rs...\nStep 10/10: Building\nArtifact uploaded: build.tar.gz (3MB)\nInstalling prettier@4.17.0\nFAILED: test_api_health\nInstalling webpack@2.7.0\n[23:44:25] INFO: Processing request\n[23:44:25] WARN: Deprecated API usage\nInstalling express@1.3.0\n  PASS: test_api_health (496ms)\nStep 3/10: Building\nCompiling src/utils.go...\nStep 6/10: Building\nStep 6/10: Building\nStep 6/10: Building\nStep 2/10: Building\nWARNING: prettier has known vulnerabilities\nArtifact uploaded: build.tar.gz (29MB)\n  PASS: test_db_connect (66ms)\nStep 6/10: Building\nCompiling src/service.java...\nStep 5/10: Building\n\u2713 test completed\nStep 9/10: Building\nArtifact uploaded: build.tar.gz (31MB)\n  PASS: test_user_create (67ms)\nInstalling jest@3.15.0\nCompiling src/main.py...\nWARNING: eslint has known vulnerabilities\n\u2713 lint completed\n\u2717 build failed with exit code 21\n\u2713 test completed\nCache hit for key-1005\n\u26a0 DEPRECATION: Feature will be removed in v2.0\n  PASS: test_api_health (461ms)\nArtifact uploaded: build.tar.gz (41MB)\nCompiling src/handler.rs...\nCache hit for key-8086\n[23:44:25] ERROR: Connection failed\nFAILED: test_auth_login\nArtifact uploaded: build.tar.gz (30MB)\n  PASS: test_cache_hit (1ms)\nStep 8/10: Building\nCache hit for key-5447\nStep 2/10: Building\nCache hit for key-9753\nInstalling jest@3.19.0\nInstalling express@3.18.0\n[23:44:25] INFO: Processing request\nStep 7/10: Building\nArtifact uploaded: build.tar.gz (50MB)\nArtifact uploaded: build.tar.gz (31MB)\nCompiling src/index.js...\n\u2713 lint completed\n[23:44:25] INFO: Processing request\nInstalling webpack@3.8.0\n[23:44:25] INFO: Processing request\nStep 9/10: Building\n\u2713 lint completed\nInstalling webpack@4.11.0\n[23:44:25] WARN: Deprecated API usage\nWARNING: react has known vulnerabilities\nCache hit for key-2366\n\u2713 test completed\nStep 10/10: Building\n=== Step checkout completed ===\n=== Step: setup_environment ===\n\u2713 build completed\nArtifact uploaded: build.tar.gz (40MB)\nArtifact uploaded: build.tar.gz (22MB)\nStep 9/10: Building\n[23:44:25] INFO: Processing request\nStep 2/10: Building\n  PASS: test_user_create (186ms)\n\u2713 build completed\nStep 4/10: Building\nArtifact uploaded: build.tar.gz (2MB)\nInstalling react@5.11.0\n  PASS: test_auth_login (100ms)\nCache hit for key-8322\n[23:44:25] INFO: Processing request\nCompiling src/main.py...\nStep 2/10: Building\nInstalling express@4.19.0\n  PASS: test_db_connect (439ms)\nCompiling src/handler.rs...\nArtifact uploaded: build.tar.gz (47MB)\nStep 3/10: Building\n  PASS: test_auth_login (435ms)\nCache hit for key-9201\nCompiling src/index.js...\n[23:44:25] INFO: Processing request\nException: TypeError\n[23:44:25] INFO: Processing request\nCache hit for key-7102\n  PASS: test_auth_login (115ms)\n\u2717 build failed with exit code 13\nStep 8/10: Building\n\u2713 build completed\nCache hit for key-8523\nCompiling src/utils.go...\n  PASS: test_cache_hit (144ms)\nStep 6/10: Building\n\u2713 test completed\nCompiling src/index.js...\n[23:44:25] INFO: Processing request\nStep 6/10: Building\nCache hit for key-3051\nInstalling axios@2.12.0\n[23:44:25] INFO: Processing request\nStep 3/10: Building\n[23:44:25] INFO: Processing request\nStep 1/10: Building\n\u2713 build completed\n  PASS: test_db_connect (384ms)\n\u2713 test completed\nCache hit for key-4915\n\u2713 lint completed\nInstalling express@1.16.0\nCompiling src/main.py...\nFAILED: test_auth_login\nWARNING: axios has known vulnerabilities\n\u2713 lint completed\nInstalling webpack@4.4.0\n  PASS: test_cache_hit (238ms)\n  PASS: test_db_connect (377ms)\nStep 10/10: Building\nCompiling src/main.py...\n\u2713 build completed\n[23:44:25] INFO: Processing request\n[23:44:25] INFO: Processing request\n[23:44:25] INFO: Processing request\nInstalling express@4.14.0\nCache hit for key-4457\nCache hit for key-6023\nInstalling axios@1.16.0\nInstalling react@2.11.0\nCompiling src/main.py...\n  PASS: test_auth_login (378ms)\n  PASS: test_api_health (70ms)\nStep 4/10: Building\nInstalling jest@5.20.0\nCache hit for key-5471\nStep 10/10: Building\nInstalling webpack@4.3.0\nStep 4/10: Building\n[23:44:25] WARN: Deprecated API usage\n\u26a0 DEPRECATION: Feature will be removed in v3.0\n=== Step setup_environment completed ===\n=== Step: install_dependencies ===\nCompiling src/service.java...\n\u2713 build completed\nArtifact uploaded: build.tar.gz (32MB)\n[23:44:25] INFO: Processing request\nCompiling src/main.py...\nCache hit for key-4140\nArtifact uploaded: build.tar.gz (47MB)\n[23:44:25] INFO: Processing request\n[23:44:25] INFO: Processing request\nArtifact uploaded: build.tar.gz (41MB)\nArtifact uploaded: build.tar.gz (12MB)\nStep 9/10: Building\n  PASS: test_auth_login (273ms)\nCache hit for key-1375\nArtifact uploaded: build.tar.gz (18MB)\nStep 5/10: Building\nInstalling webpack@2.13.0\nArtifact uploaded: build.tar.gz (31MB)\n  PASS: test_api_health (394ms)\nStep 1/10: Building\n\u2713 build completed\nCompiling src/app.ts...\nInstalling prettier@1.13.0\n\u2713 test completed\nStep 7/10: Building\nStep 1/10: Building\n\u2713 test completed\nInstalling express@3.3.0\n\u2713 build completed\nStep 2/10: Building\n\u2713 build completed\nCompiling src/app.ts...\nWARNING: lodash has known vulnerabilities\nArtifact uploaded: build.tar.gz (41MB)\n[23:44:25] INFO: Processing request\n\u2713 build completed\n\u2713 build completed\nCache hit for key-4383\nArtifact uploaded: build.tar.gz (25MB)\nCompiling src/service.java...\nArtifact uploaded: build.tar.gz (9MB)\n[23:44:25] INFO: Processing request\n\u26a0 DEPRECATION: Feature will be removed in v3.0\nCache hit for key-5905\nCompiling src/handler.rs...\nArtifact uploaded: build.tar.gz (33MB)\n\u2713 test completed\n\u2713 test completed\nArtifact uploaded: build.tar.gz (26MB)\nInstalling react@1.14.0\n\u2713 build completed\nStep 5/10: Building\nStep 8/10: Building\n[23:44:25] INFO: Processing request\n[23:44:25] INFO: Processing request\nCompiling src/handler.rs...\n  PASS: test_db_connect (227ms)\nFAILED: test_user_create\nInstalling prettier@1.10.0\nInstalling prettier@3.20.0\n[23:44:25] INFO: Processing request\n  PASS: test_user_create (45ms)\nStep 4/10: Building\n\u2713 lint completed\nWARNING: react has known vulnerabilities\n[23:44:25] INFO: Processing request\n\u2713 lint completed\n\u2713 test completed\nCompiling src/main.py...\nInstalling prettier@1.5.0\nWARNING: axios has known vulnerabilities\n  PASS: test_cache_hit (38ms)\nCompiling src/service.java...\nStep 10/10: Building\nCache hit for key-8891\nCompiling src/main.py...\nWARNING: express has known vulnerabilities\nFAILED: test_db_connect\n[23:44:25] INFO: Processing request\nCache hit for key-4276\n\u26a0 DEPRECATION: Feature will be removed in v4.0\n=== Step install_dependencies completed ===\n=== Step: run_tests ===\nCompiling src/app.ts...\nCache hit for key-3540\n\u2713 test completed\nInstalling jest@2.8.0\nStep 1/10: Building\nArtifact uploaded: build.tar.gz (32MB)\nCache hit for key-8208\n\u2713 build completed\nCache hit for key-6634\nArtifact uploaded: build.tar.gz (45MB)\nArtifact uploaded: build.tar.gz (30MB)\nCompiling src/utils.go...\nInstalling axios@3.9.0\n[23:44:25] INFO: Processing request\n  PASS: test_auth_login (162ms)\nArtifact uploaded: build.tar.gz (11MB)\nCache hit for key-5228\nCache hit for key-6682\n  PASS: test_user_create (222ms)\nInstalling eslint@3.16.0\n\u2713 build completed\nStep 6/10: Building\nInstalling react@4.6.0\n[23:44:25] INFO: Processing request\n[23:44:25] INFO: Processing request\n\u2713 test completed\nStep 2/10: Building\nWARNING: eslint has known vulnerabilities\nCache hit for key-7291\n[23:44:25] ERROR: Connection failed\nInstalling webpack@3.8.0\nArtifact uploaded: build.tar.gz (4MB)\n  PASS: test_api_health (299ms)\n[23:44:25] INFO: Processing request\n\u2713 test completed\nInstalling webpack@3.10.0\n\u2713 test completed\n[23:44:25] INFO: Processing request\nFAILED: test_user_create\nArtifact uploaded: build.tar.gz (18MB)\nArtifact uploaded: build.tar.gz (36MB)\nInstalling react@4.8.0\nCache hit for key-2354\nCompiling src/app.ts...\n\u2713 build completed\n[23:44:25] INFO: Processing request\nCache hit for key-8777\n\u2713 test completed\n[23:44:25] INFO: Processing request\n[23:44:25] WARN: Deprecated API usage\n\u2713 test completed\n[23:44:25] INFO: Processing request\nStep 5/10: Building\nArtifact uploaded: build.tar.gz (37MB)\n  PASS: test_user_create (384ms)\n[23:44:25] INFO: Processing request\nArtifact uploaded: build.tar.gz (19MB)\n  PASS: test_auth_login (366ms)\nWARNING: lodash has known vulnerabilities\nCompiling src/utils.go...\nInstalling lodash@4.5.0\n\u2713 test completed\nCompiling src/main.py...\nArtifact uploaded: build.tar.gz (15MB)\n\u2713 test completed\nCache hit for key-6845\nStep 1/10: Building\n[23:44:25] WARN: Deprecated API usage\n[23:44:25] INFO: Processing request\nInstalling react@1.9.0\nCache hit for key-6097\nStep 6/10: Building\n  PASS: test_cache_hit (474ms)\n  PASS: test_db_connect (256ms)\nStep 5/10: Building\nCache hit for key-9283\nArtifact uploaded: build.tar.gz (16MB)\nWARNING: axios has known vulnerabilities\n  PASS: test_cache_hit (472ms)\nInstalling prettier@5.2.0\n  PASS: test_user_create (141ms)\n=== Step run_tests completed ===\n=== Step: build_artifact ===\n[23:44:25] INFO: Processing request\nArtifact uploaded: build.tar.gz (9MB)\n[23:44:25] WARN: Deprecated API usage\n\u2713 lint completed\n\u26a0 DEPRECATION: Feature will be removed in v2.0\n\u2713 lint completed\nCache hit for key-5437\nArtifact uploaded: build.tar.gz (46MB)\n\u2713 lint completed\nInstalling axios@1.18.0\n\u2713 test completed\n\u2717 build failed with exit code 97\n[23:44:25] INFO: Processing request\n\u2713 test completed\n  PASS: test_db_connect (454ms)\n  PASS: test_db_connect (199ms)\n[23:44:25] INFO: Processing request\nCompiling src/index.js...\n\u2713 lint completed\n\u2713 lint completed\nStep 9/10: Building\nStep 7/10: Building\nInstalling react@2.19.0\n  PASS: test_cache_hit (157ms)\n[23:44:25] INFO: Processing request\nInstalling express@4.5.0\n[23:44:25] INFO: Processing request\nCache hit for key-2229\nArtifact uploaded: build.tar.gz (46MB)\nStep 4/10: Building\n[23:44:25] INFO: Processing request\nCompiling src/handler.rs...\n\u2717 build failed with exit code 91\nArtifact uploaded: build.tar.gz (17MB)\nCompiling src/index.js...\nCompiling src/utils.go...\nArtifact uploaded: build.tar.gz (26MB)\nWARNING: webpack has known vulnerabilities\nInstalling jest@2.13.0\n\u2713 lint completed\nCache hit for key-5422\nArtifact uploaded: build.tar.gz (4MB)\nCompiling src/index.js...\nInstalling react@4.19.0\n[23:44:25] INFO: Processing request\n[23:44:25] INFO: Processing request\nArtifact uploaded: build.tar.gz (17MB)\nStep 2/10: Building\nStep 10/10: Building\nCache hit for key-3292\n  PASS: test_api_health (25ms)\nCompiling src/index.js...\n\u2713 test completed\nCache hit for key-4445\nStep 9/10: Building\nCache hit for key-7758\nInstalling axios@3.15.0\n\u2713 test completed\nCache hit for key-5489\nStep 9/10: Building\n[23:44:25] INFO: Processing request\n\u2713 build completed\n  PASS: test_auth_login (212ms)\n[23:44:25] INFO: Processing request\nCompiling src/index.js...\n\u2713 build completed\nArtifact uploaded: build.tar.gz (28MB)\nException: ValueError\n[23:44:25] INFO: Processing request\nCompiling src/service.java...\n  PASS: test_auth_login (125ms)\nInstalling react@3.12.0\n[23:44:25] WARN: Deprecated API usage\n  PASS: test_db_connect (308ms)\nStep 9/10: Building\n\u2713 test completed\nStep 8/10: Building\nStep 9/10: Building\nInstalling webpack@1.18.0\n\u2713 lint completed\n[23:44:25] INFO: Processing request\n=== Step build_artifact completed ===\n=== Step: deploy ===\nCache hit for key-9230\n  PASS: test_user_create (463ms)\n[23:44:25] INFO: Processing request\nArtifact uploaded: build.tar.gz (34MB)\nException: RuntimeError\nArtifact uploaded: build.tar.gz (10MB)\nCache hit for key-9175\nCache hit for key-3492\nArtifact uploaded: build.tar.gz (17MB)\nCompiling src/index.js...\nCompiling src/app.ts...\nStep 4/10: Building\nInstalling prettier@1.3.0\nWARNING: jest has known vulnerabilities\nArtifact uploaded: build.tar.gz (39MB)\nStep 5/10: Building\nInstalling jest@4.6.0\n  PASS: test_db_connect (210ms)\nStep 2/10: Building\nInstalling webpack@2.3.0\nInstalling webpack@4.14.0\nCache hit for key-1561\n  PASS: test_auth_login (101ms)\nException: NullPointerException\nInstalling webpack@5.8.0\nStep 8/10: Building\nCompiling src/index.js...\nInstalling eslint@3.0.0\n[23:44:25] WARN: Deprecated API usage\nCache hit for key-1834\n  PASS: test_db_connect (38ms)\n\u2713 build completed\nStep 9/10: Building\nArtifact uploaded: build.tar.gz (37MB)\n\u2713 build completed\n  PASS: test_db_connect (57ms)\n  PASS: test_cache_hit (157ms)\nInstalling prettier@5.2.0\nWARNING: express has known vulnerabilities\n\u2713 test completed\n\u26a0 DEPRECATION: Feature will be removed in v3.0\nCache hit for key-4933\nCache hit for key-8642\nInstalling eslint@4.10.0\nCompiling src/main.py...\nArtifact uploaded: build.tar.gz (17MB)\n[23:44:25] WARN: Deprecated API usage\nArtifact uploaded: build.tar.gz (24MB)\nCompiling src/utils.go...\nInstalling react@1.11.0\nCompiling src/handler.rs...\nCompiling src/service.java...\nInstalling express@2.5.0\nCompiling src/app.ts...\nCompiling src/app.ts...\nFAILED: test_user_create\nInstalling express@4.11.0\n[23:44:25] INFO: Processing request\n\u26a0 DEPRECATION: Feature will be removed in v4.0\n\u2713 test completed\n  PASS: test_db_connect (272ms)\nCache hit for key-6984\nStep 10/10: Building\n  PASS: test_auth_login (252ms)\nInstalling axios@1.12.0\nCompiling src/service.java...\nArtifact uploaded: build.tar.gz (28MB)\nCache hit for key-5961\nInstalling react@5.18.0\n[23:44:25] INFO: Processing request\n[23:44:25] INFO: Processing request\nStep 6/10: Building\nInstalling react@2.0.0\n\u2713 lint completed\n  PASS: test_api_health (473ms)\nStep 8/10: Building\n\u26a0 DEPRECATION: Feature will be removed in v3.0\n  PASS: test_user_create (230ms)\nWARNING: lodash has known vulnerabilities\nStep 10/10: Building\nStep 3/10: Building\n=== Step deploy completed ===",
    "steps": [
      {
        "name": "checkout",
        "status": "success",
        "started_at": "2025-12-04T23:44:25.836484",
        "finished_at": "2025-12-04T23:44:30.631649",
        "log_lines": [
          "=== Step: checkout ===",
          "[23:44:25] INFO: Processing request",
          "Installing webpack@3.2.0",
          "Exception: NullPointerException",
          "Step 5/10: Building",
          "Compiling src/service.java...",
          "\u2713 build completed",
          "Cache hit for key-8014",
          "[23:44:25] INFO: Processing request",
          "\u2713 lint completed",
          "Cache hit for key-5244",
          "\u2713 test completed",
          "  PASS: test_auth_login (298ms)",
          "  PASS: test_user_create (234ms)",
          "  PASS: test_user_create (100ms)",
          "  PASS: test_cache_hit (386ms)",
          "Installing axios@4.6.0",
          "Compiling src/handler.rs...",
          "Step 10/10: Building",
          "Artifact uploaded: build.tar.gz (3MB)",
          "Installing prettier@4.17.0",
          "FAILED: test_api_health",
          "Installing webpack@2.7.0",
          "[23:44:25] INFO: Processing request",
          "[23:44:25] WARN: Deprecated API usage",
          "Installing express@1.3.0",
          "  PASS: test_api_health (496ms)",
          "Step 3/10: Building",
          "Compiling src/utils.go...",
          "Step 6/10: Building",
          "Step 6/10: Building",
          "Step 6/10: Building",
          "Step 2/10: Building",
          "WARNING: prettier has known vulnerabilities",
          "Artifact uploaded: build.tar.gz (29MB)",
          "  PASS: test_db_connect (66ms)",
          "Step 6/10: Building",
          "Compiling src/service.java...",
          "Step 5/10: Building",
          "\u2713 test completed",
          "Step 9/10: Building",
          "Artifact uploaded: build.tar.gz (31MB)",
          "  PASS: test_user_create (67ms)",
          "Installing jest@3.15.0",
          "Compiling src/main.py...",
          "WARNING: eslint has known vulnerabilities",
          "\u2713 lint completed",
          "\u2717 build failed with exit code 21",
          "\u2713 test completed",
          "Cache hit for key-1005",
          "\u26a0 DEPRECATION: Feature will be removed in v2.0",
          "  PASS: test_api_health (461ms)",
          "Artifact uploaded: build.tar.gz (41MB)",
          "Compiling src/handler.rs...",
          "Cache hit for key-8086",
          "[23:44:25] ERROR: Connection failed",
          "FAILED: test_auth_login",
          "Artifact uploaded: build.tar.gz (30MB)",
          "  PASS: test_cache_hit (1ms)",
          "Step 8/10: Building",
          "Cache hit for key-5447",
          "Step 2/10: Building",
          "Cache hit for key-9753",
          "Installing jest@3.19.0",
          "Installing express@3.18.0",
          "[23:44:25] INFO: Processing request",
          "Step 7/10: Building",
          "Artifact uploaded: build.tar.gz (50MB)",
          "Artifact uploaded: build.tar.gz (31MB)",
          "Compiling src/index.js...",
          "\u2713 lint completed",
          "[23:44:25] INFO: Processing request",
          "Installing webpack@3.8.0",
          "[23:44:25] INFO: Processing request",
          "Step 9/10: Building",
          "\u2713 lint completed",
          "Installing webpack@4.11.0",
          "[23:44:25] WARN: Deprecated API usage",
          "WARNING: react has known vulnerabilities",
          "Cache hit for key-2366",
          "\u2713 test completed",
          "Step 10/10: Building",
          "=== Step checkout completed ==="
        ]
      },
      {
        "name": "setup_environment",
        "status": "success",
        "started_at": "2025-12-04T23:44:30.631649",
        "finished_at": "2025-12-04T23:44:40.221980",
        "log_lines": [
          "=== Step: setup_environment ===",
          "\u2713 build completed",
          "Artifact uploaded: build.tar.gz (40MB)",
          "Artifact uploaded: build.tar.gz (22MB)",
          "Step 9/10: Building",
          "[23:44:25] INFO: Processing request",
          "Step 2/10: Building",
          "  PASS: test_user_create (186ms)",
          "\u2713 build completed",
          "Step 4/10: Building",
          "Artifact uploaded: build.tar.gz (2MB)",
          "Installing react@5.11.0",
          "  PASS: test_auth_login (100ms)",
          "Cache hit for key-8322",
          "[23:44:25] INFO: Processing request",
          "Compiling src/main.py...",
          "Step 2/10: Building",
          "Installing express@4.19.0",
          "  PASS: test_db_connect (439ms)",
          "Compiling src/handler.rs...",
          "Artifact uploaded: build.tar.gz (47MB)",
          "Step 3/10: Building",
          "  PASS: test_auth_login (435ms)",
          "Cache hit for key-9201",
          "Compiling src/index.js...",
          "[23:44:25] INFO: Processing request",
          "Exception: TypeError",
          "[23:44:25] INFO: Processing request",
          "Cache hit for key-7102",
          "  PASS: test_auth_login (115ms)",
          "\u2717 build failed with exit code 13",
          "Step 8/10: Building",
          "\u2713 build completed",
          "Cache hit for key-8523",
          "Compiling src/utils.go...",
          "  PASS: test_cache_hit (144ms)",
          "Step 6/10: Building",
          "\u2713 test completed",
          "Compiling src/index.js...",
          "[23:44:25] INFO: Processing request",
          "Step 6/10: Building",
          "Cache hit for key-3051",
          "Installing axios@2.12.0",
          "[23:44:25] INFO: Processing request",
          "Step 3/10: Building",
          "[23:44:25] INFO: Processing request",
          "Step 1/10: Building",
          "\u2713 build completed",
          "  PASS: test_db_connect (384ms)",
          "\u2713 test completed",
          "Cache hit for key-4915",
          "\u2713 lint completed",
          "Installing express@1.16.0",
          "Compiling src/main.py...",
          "FAILED: test_auth_login",
          "WARNING: axios has known vulnerabilities",
          "\u2713 lint completed",
          "Installing webpack@4.4.0",
          "  PASS: test_cache_hit (238ms)",
          "  PASS: test_db_connect (377ms)",
          "Step 10/10: Building",
          "Compiling src/main.py...",
          "\u2713 build completed",
          "[23:44:25] INFO: Processing request",
          "[23:44:25] INFO: Processing request",
          "[23:44:25] INFO: Processing request",
          "Installing express@4.14.0",
          "Cache hit for key-4457",
          "Cache hit for key-6023",
          "Installing axios@1.16.0",
          "Installing react@2.11.0",
          "Compiling src/main.py...",
          "  PASS: test_auth_login (378ms)",
          "  PASS: test_api_health (70ms)",
          "Step 4/10: Building",
          "Installing jest@5.20.0",
          "Cache hit for key-5471",
          "Step 10/10: Building",
          "Installing webpack@4.3.0",
          "Step 4/10: Building",
          "[23:44:25] WARN: Deprecated API usage",
          "\u26a0 DEPRECATION: Feature will be removed in v3.0",
          "=== Step setup_environment completed ==="
        ]
      },
      {
        "name": "install_dependencies",
        "status": "success",
        "started_at": "2025-12-04T23:44:40.221980",
        "finished_at": "2025-12-04T23:44:59.402641",
        "log_lines": [
          "=== Step: install_dependencies ===",
          "Compiling src/service.java...",
          "\u2713 build completed",
          "Artifact uploaded: build.tar.gz (32MB)",
          "[23:44:25] INFO: Processing request",
          "Compiling src/main.py...",
          "Cache hit for key-4140",
          "Artifact uploaded: build.tar.gz (47MB)",
          "[23:44:25] INFO: Processing request",
          "[23:44:25] INFO: Processing request",
          "Artifact uploaded: build.tar.gz (41MB)",
          "Artifact uploaded: build.tar.gz (12MB)",
          "Step 9/10: Building",
          "  PASS: test_auth_login (273ms)",
          "Cache hit for key-1375",
          "Artifact uploaded: build.tar.gz (18MB)",
          "Step 5/10: Building",
          "Installing webpack@2.13.0",
          "Artifact uploaded: build.tar.gz (31MB)",
          "  PASS: test_api_health (394ms)",
          "Step 1/10: Building",
          "\u2713 build completed",
          "Compiling src/app.ts...",
          "Installing prettier@1.13.0",
          "\u2713 test completed",
          "Step 7/10: Building",
          "Step 1/10: Building",
          "\u2713 test completed",
          "Installing express@3.3.0",
          "\u2713 build completed",
          "Step 2/10: Building",
          "\u2713 build completed",
          "Compiling src/app.ts...",
          "WARNING: lodash has known vulnerabilities",
          "Artifact uploaded: build.tar.gz (41MB)",
          "[23:44:25] INFO: Processing request",
          "\u2713 build completed",
          "\u2713 build completed",
          "Cache hit for key-4383",
          "Artifact uploaded: build.tar.gz (25MB)",
          "Compiling src/service.java...",
          "Artifact uploaded: build.tar.gz (9MB)",
          "[23:44:25] INFO: Processing request",
          "\u26a0 DEPRECATION: Feature will be removed in v3.0",
          "Cache hit for key-5905",
          "Compiling src/handler.rs...",
          "Artifact uploaded: build.tar.gz (33MB)",
          "\u2713 test completed",
          "\u2713 test completed",
          "Artifact uploaded: build.tar.gz (26MB)",
          "Installing react@1.14.0",
          "\u2713 build completed",
          "Step 5/10: Building",
          "Step 8/10: Building",
          "[23:44:25] INFO: Processing request",
          "[23:44:25] INFO: Processing request",
          "Compiling src/handler.rs...",
          "  PASS: test_db_connect (227ms)",
          "FAILED: test_user_create",
          "Installing prettier@1.10.0",
          "Installing prettier@3.20.0",
          "[23:44:25] INFO: Processing request",
          "  PASS: test_user_create (45ms)",
          "Step 4/10: Building",
          "\u2713 lint completed",
          "WARNING: react has known vulnerabilities",
          "[23:44:25] INFO: Processing request",
          "\u2713 lint completed",
          "\u2713 test completed",
          "Compiling src/main.py...",
          "Installing prettier@1.5.0",
          "WARNING: axios has known vulnerabilities",
          "  PASS: test_cache_hit (38ms)",
          "Compiling src/service.java...",
          "Step 10/10: Building",
          "Cache hit for key-8891",
          "Compiling src/main.py...",
          "WARNING: express has known vulnerabilities",
          "FAILED: test_db_connect",
          "[23:44:25] INFO: Processing request",
          "Cache hit for key-4276",
          "\u26a0 DEPRECATION: Feature will be removed in v4.0",
          "=== Step install_dependencies completed ==="
        ]
      },
      {
        "name": "run_tests",
        "status": "success",
        "started_at": "2025-12-04T23:44:59.402641",
        "finished_at": "2025-12-04T23:45:32.968798",
        "log_lines": [
          "=== Step: run_tests ===",
          "Compiling src/app.ts...",
          "Cache hit for key-3540",
          "\u2713 test completed",
          "Installing jest@2.8.0",
          "Step 1/10: Building",
          "Artifact uploaded: build.tar.gz (32MB)",
          "Cache hit for key-8208",
          "\u2713 build completed",
          "Cache hit for key-6634",
          "Artifact uploaded: build.tar.gz (45MB)",
          "Artifact uploaded: build.tar.gz (30MB)",
          "Compiling src/utils.go...",
          "Installing axios@3.9.0",
          "[23:44:25] INFO: Processing request",
          "  PASS: test_auth_login (162ms)",
          "Artifact uploaded: build.tar.gz (11MB)",
          "Cache hit for key-5228",
          "Cache hit for key-6682",
          "  PASS: test_user_create (222ms)",
          "Installing eslint@3.16.0",
          "\u2713 build completed",
          "Step 6/10: Building",
          "Installing react@4.6.0",
          "[23:44:25] INFO: Processing request",
          "[23:44:25] INFO: Processing request",
          "\u2713 test completed",
          "Step 2/10: Building",
          "WARNING: eslint has known vulnerabilities",
          "Cache hit for key-7291",
          "[23:44:25] ERROR: Connection failed",
          "Installing webpack@3.8.0",
          "Artifact uploaded: build.tar.gz (4MB)",
          "  PASS: test_api_health (299ms)",
          "[23:44:25] INFO: Processing request",
          "\u2713 test completed",
          "Installing webpack@3.10.0",
          "\u2713 test completed",
          "[23:44:25] INFO: Processing request",
          "FAILED: test_user_create",
          "Artifact uploaded: build.tar.gz (18MB)",
          "Artifact uploaded: build.tar.gz (36MB)",
          "Installing react@4.8.0",
          "Cache hit for key-2354",
          "Compiling src/app.ts...",
          "\u2713 build completed",
          "[23:44:25] INFO: Processing request",
          "Cache hit for key-8777",
          "\u2713 test completed",
          "[23:44:25] INFO: Processing request",
          "[23:44:25] WARN: Deprecated API usage",
          "\u2713 test completed",
          "[23:44:25] INFO: Processing request",
          "Step 5/10: Building",
          "Artifact uploaded: build.tar.gz (37MB)",
          "  PASS: test_user_create (384ms)",
          "[23:44:25] INFO: Processing request",
          "Artifact uploaded: build.tar.gz (19MB)",
          "  PASS: test_auth_login (366ms)",
          "WARNING: lodash has known vulnerabilities",
          "Compiling src/utils.go...",
          "Installing lodash@4.5.0",
          "\u2713 test completed",
          "Compiling src/main.py...",
          "Artifact uploaded: build.tar.gz (15MB)",
          "\u2713 test completed",
          "Cache hit for key-6845",
          "Step 1/10: Building",
          "[23:44:25] WARN: Deprecated API usage",
          "[23:44:25] INFO: Processing request",
          "Installing react@1.9.0",
          "Cache hit for key-6097",
          "Step 6/10: Building",
          "  PASS: test_cache_hit (474ms)",
          "  PASS: test_db_connect (256ms)",
          "Step 5/10: Building",
          "Cache hit for key-9283",
          "Artifact uploaded: build.tar.gz (16MB)",
          "WARNING: axios has known vulnerabilities",
          "  PASS: test_cache_hit (472ms)",
          "Installing prettier@5.2.0",
          "  PASS: test_user_create (141ms)",
          "=== Step run_tests completed ==="
        ]
      },
      {
        "name": "build_artifact",
        "status": "success",
        "started_at": "2025-12-04T23:45:32.968798",
        "finished_at": "2025-12-04T23:45:52.149459",
        "log_lines": [
          "=== Step: build_artifact ===",
          "[23:44:25] INFO: Processing request",
          "Artifact uploaded: build.tar.gz (9MB)",
          "[23:44:25] WARN: Deprecated API usage",
          "\u2713 lint completed",
          "\u26a0 DEPRECATION: Feature will be removed in v2.0",
          "\u2713 lint completed",
          "Cache hit for key-5437",
          "Artifact uploaded: build.tar.gz (46MB)",
          "\u2713 lint completed",
          "Installing axios@1.18.0",
          "\u2713 test completed",
          "\u2717 build failed with exit code 97",
          "[23:44:25] INFO: Processing request",
          "\u2713 test completed",
          "  PASS: test_db_connect (454ms)",
          "  PASS: test_db_connect (199ms)",
          "[23:44:25] INFO: Processing request",
          "Compiling src/index.js...",
          "\u2713 lint completed",
          "\u2713 lint completed",
          "Step 9/10: Building",
          "Step 7/10: Building",
          "Installing react@2.19.0",
          "  PASS: test_cache_hit (157ms)",
          "[23:44:25] INFO: Processing request",
          "Installing express@4.5.0",
          "[23:44:25] INFO: Processing request",
          "Cache hit for key-2229",
          "Artifact uploaded: build.tar.gz (46MB)",
          "Step 4/10: Building",
          "[23:44:25] INFO: Processing request",
          "Compiling src/handler.rs...",
          "\u2717 build failed with exit code 91",
          "Artifact uploaded: build.tar.gz (17MB)",
          "Compiling src/index.js...",
          "Compiling src/utils.go...",
          "Artifact uploaded: build.tar.gz (26MB)",
          "WARNING: webpack has known vulnerabilities",
          "Installing jest@2.13.0",
          "\u2713 lint completed",
          "Cache hit for key-5422",
          "Artifact uploaded: build.tar.gz (4MB)",
          "Compiling src/index.js...",
          "Installing react@4.19.0",
          "[23:44:25] INFO: Processing request",
          "[23:44:25] INFO: Processing request",
          "Artifact uploaded: build.tar.gz (17MB)",
          "Step 2/10: Building",
          "Step 10/10: Building",
          "Cache hit for key-3292",
          "  PASS: test_api_health (25ms)",
          "Compiling src/index.js...",
          "\u2713 test completed",
          "Cache hit for key-4445",
          "Step 9/10: Building",
          "Cache hit for key-7758",
          "Installing axios@3.15.0",
          "\u2713 test completed",
          "Cache hit for key-5489",
          "Step 9/10: Building",
          "[23:44:25] INFO: Processing request",
          "\u2713 build completed",
          "  PASS: test_auth_login (212ms)",
          "[23:44:25] INFO: Processing request",
          "Compiling src/index.js...",
          "\u2713 build completed",
          "Artifact uploaded: build.tar.gz (28MB)",
          "Exception: ValueError",
          "[23:44:25] INFO: Processing request",
          "Compiling src/service.java...",
          "  PASS: test_auth_login (125ms)",
          "Installing react@3.12.0",
          "[23:44:25] WARN: Deprecated API usage",
          "  PASS: test_db_connect (308ms)",
          "Step 9/10: Building",
          "\u2713 test completed",
          "Step 8/10: Building",
          "Step 9/10: Building",
          "Installing webpack@1.18.0",
          "\u2713 lint completed",
          "[23:44:25] INFO: Processing request",
          "=== Step build_artifact completed ==="
        ]
      },
      {
        "name": "deploy",
        "status": "success",
        "started_at": "2025-12-04T23:45:52.149459",
        "finished_at": "2025-12-04T23:46:01.739790",
        "log_lines": [
          "=== Step: deploy ===",
          "Cache hit for key-9230",
          "  PASS: test_user_create (463ms)",
          "[23:44:25] INFO: Processing request",
          "Artifact uploaded: build.tar.gz (34MB)",
          "Exception: RuntimeError",
          "Artifact uploaded: build.tar.gz (10MB)",
          "Cache hit for key-9175",
          "Cache hit for key-3492",
          "Artifact uploaded: build.tar.gz (17MB)",
          "Compiling src/index.js...",
          "Compiling src/app.ts...",
          "Step 4/10: Building",
          "Installing prettier@1.3.0",
          "WARNING: jest has known vulnerabilities",
          "Artifact uploaded: build.tar.gz (39MB)",
          "Step 5/10: Building",
          "Installing jest@4.6.0",
          "  PASS: test_db_connect (210ms)",
          "Step 2/10: Building",
          "Installing webpack@2.3.0",
          "Installing webpack@4.14.0",
          "Cache hit for key-1561",
          "  PASS: test_auth_login (101ms)",
          "Exception: NullPointerException",
          "Installing webpack@5.8.0",
          "Step 8/10: Building",
          "Compiling src/index.js...",
          "Installing eslint@3.0.0",
          "[23:44:25] WARN: Deprecated API usage",
          "Cache hit for key-1834",
          "  PASS: test_db_connect (38ms)",
          "\u2713 build completed",
          "Step 9/10: Building",
          "Artifact uploaded: build.tar.gz (37MB)",
          "\u2713 build completed",
          "  PASS: test_db_connect (57ms)",
          "  PASS: test_cache_hit (157ms)",
          "Installing prettier@5.2.0",
          "WARNING: express has known vulnerabilities",
          "\u2713 test completed",
          "\u26a0 DEPRECATION: Feature will be removed in v3.0",
          "Cache hit for key-4933",
          "Cache hit for key-8642",
          "Installing eslint@4.10.0",
          "Compiling src/main.py...",
          "Artifact uploaded: build.tar.gz (17MB)",
          "[23:44:25] WARN: Deprecated API usage",
          "Artifact uploaded: build.tar.gz (24MB)",
          "Compiling src/utils.go...",
          "Installing react@1.11.0",
          "Compiling src/handler.rs...",
          "Compiling src/service.java...",
          "Installing express@2.5.0",
          "Compiling src/app.ts...",
          "Compiling src/app.ts...",
          "FAILED: test_user_create",
          "Installing express@4.11.0",
          "[23:44:25] INFO: Processing request",
          "\u26a0 DEPRECATION: Feature will be removed in v4.0",
          "\u2713 test completed",
          "  PASS: test_db_connect (272ms)",
          "Cache hit for key-6984",
          "Step 10/10: Building",
          "  PASS: test_auth_login (252ms)",
          "Installing axios@1.12.0",
          "Compiling src/service.java...",
          "Artifact uploaded: build.tar.gz (28MB)",
          "Cache hit for key-5961",
          "Installing react@5.18.0",
          "[23:44:25] INFO: Processing request",
          "[23:44:25] INFO: Processing request",
          "Step 6/10: Building",
          "Installing react@2.0.0",
          "\u2713 lint completed",
          "  PASS: test_api_health (473ms)",
          "Step 8/10: Building",
          "\u26a0 DEPRECATION: Feature will be removed in v3.0",
          "  PASS: test_user_create (230ms)",
          "WARNING: lodash has known vulnerabilities",
          "Step 10/10: Building",
          "Step 3/10: Building",
          "=== Step deploy completed ==="
        ]
      }
    ],
    "label": "normal"
  }
}