{
  "action": "completed",
  "workflow_run": {
    "id": 474,
    "name": "CI Pipeline",
    "head_branch": "feature/feat-858",
    "head_sha": "2494ea8ce5a3b7547e954c371b0ce2b209901a68",
    "status": "completed",
    "conclusion": "success",
    "run_started_at": "2025-11-17T23:44:26.951321Z",
    "updated_at": "2025-11-17T23:46:04.068443Z"
  },
  "repository": {
    "full_name": "acme-corp/data-pipeline",
    "name": "data-pipeline"
  },
  "sender": {
    "login": "grace"
  },
  "_safeops_extended": {
    "raw_logs": "=== Step: checkout ===\n\u2713 lint completed\nCache hit for key-1006\n[23:44:26] INFO: Processing request\nStep 9/10: Building\n[23:44:26] INFO: Processing request\nArtifact uploaded: build.tar.gz (40MB)\nStep 10/10: Building\nCache hit for key-9469\nCache hit for key-7050\n  PASS: test_cache_hit (349ms)\n[23:44:26] INFO: Processing request\nWARNING: prettier has known vulnerabilities\nCache hit for key-1188\nInstalling lodash@1.17.0\nCompiling src/index.js...\nStep 1/10: Building\nCompiling src/handler.rs...\n  PASS: test_user_create (419ms)\nArtifact uploaded: build.tar.gz (39MB)\n\u26a0 DEPRECATION: Feature will be removed in v5.0\n\u26a0 DEPRECATION: Feature will be removed in v5.0\nCache hit for key-9746\n  PASS: test_db_connect (328ms)\n[23:44:26] INFO: Processing request\nCompiling src/app.ts...\n[23:44:26] INFO: Processing request\n  PASS: test_auth_login (247ms)\n\u2713 test completed\n[23:44:26] INFO: Processing request\n  PASS: test_db_connect (423ms)\n  PASS: test_api_health (470ms)\n\u2713 lint completed\nArtifact uploaded: build.tar.gz (10MB)\nInstalling jest@1.1.0\nArtifact uploaded: build.tar.gz (1MB)\nInstalling prettier@1.8.0\nArtifact uploaded: build.tar.gz (48MB)\nArtifact uploaded: build.tar.gz (2MB)\n\u2713 build completed\nArtifact uploaded: build.tar.gz (11MB)\nCompiling src/main.py...\nInstalling react@1.1.0\nInstalling lodash@5.9.0\nInstalling express@5.12.0\n\u2713 lint completed\nStep 6/10: Building\nCompiling src/handler.rs...\nInstalling webpack@2.12.0\n[23:44:26] INFO: Processing request\nArtifact uploaded: build.tar.gz (27MB)\n  PASS: test_user_create (64ms)\nArtifact uploaded: build.tar.gz (8MB)\nCompiling src/service.java...\nInstalling axios@1.9.0\nInstalling lodash@5.1.0\n\u2713 build completed\nInstalling lodash@5.6.0\n  PASS: test_cache_hit (145ms)\n\u2713 lint completed\n[23:44:26] INFO: Processing request\nArtifact uploaded: build.tar.gz (39MB)\n\u2713 test completed\nCompiling src/main.py...\nCache hit for key-7893\n  PASS: test_user_create (232ms)\nCache hit for key-4219\n=== Step checkout completed ===\n=== Step: setup_environment ===\n  PASS: test_auth_login (208ms)\nCache hit for key-8642\n[23:44:26] INFO: Processing request\nCache hit for key-3851\n[23:44:26] INFO: Processing request\nArtifact uploaded: build.tar.gz (29MB)\nCompiling src/app.ts...\nCompiling src/index.js...\n\u2713 test completed\nStep 5/10: Building\n\u2713 test completed\n\u2713 lint completed\n\u2713 lint completed\nCompiling src/main.py...\n\u2713 lint completed\nInstalling webpack@1.5.0\nInstalling webpack@4.2.0\nInstalling eslint@4.4.0\nException: RuntimeError\nWARNING: jest has known vulnerabilities\nStep 8/10: Building\n\u26a0 DEPRECATION: Feature will be removed in v2.0\n  PASS: test_cache_hit (378ms)\n  PASS: test_auth_login (204ms)\nInstalling react@2.5.0\n[23:44:26] WARN: Deprecated API usage\n\u2713 lint completed\nStep 8/10: Building\n  PASS: test_db_connect (246ms)\n\u2713 test completed\n\u2713 build completed\nCompiling src/utils.go...\n[23:44:26] WARN: Deprecated API usage\nCache hit for key-8392\nArtifact uploaded: build.tar.gz (45MB)\n[23:44:26] WARN: Deprecated API usage\nCache hit for key-1918\nCompiling src/main.py...\n[23:44:26] INFO: Processing request\nCache hit for key-9141\n[23:44:26] INFO: Processing request\nArtifact uploaded: build.tar.gz (28MB)\n  PASS: test_cache_hit (71ms)\nArtifact uploaded: build.tar.gz (19MB)\nArtifact uploaded: build.tar.gz (49MB)\n  PASS: test_api_health (297ms)\n\u2713 build completed\n[23:44:26] INFO: Processing request\nStep 5/10: Building\n[23:44:26] INFO: Processing request\nInstalling express@5.18.0\nWARNING: prettier has known vulnerabilities\nArtifact uploaded: build.tar.gz (9MB)\nInstalling prettier@5.1.0\n  PASS: test_api_health (472ms)\n\u26a0 DEPRECATION: Feature will be removed in v4.0\nStep 9/10: Building\nCache hit for key-1702\n\u26a0 DEPRECATION: Feature will be removed in v2.0\n[23:44:26] INFO: Processing request\nStep 3/10: Building\nArtifact uploaded: build.tar.gz (36MB)\nStep 8/10: Building\n  PASS: test_db_connect (345ms)\n[23:44:26] INFO: Processing request\n  PASS: test_cache_hit (304ms)\n=== Step setup_environment completed ===\n=== Step: install_dependencies ===\n[23:44:26] WARN: Deprecated API usage\nCompiling src/index.js...\nArtifact uploaded: build.tar.gz (39MB)\nCompiling src/main.py...\nCompiling src/index.js...\nArtifact uploaded: build.tar.gz (49MB)\nCache hit for key-6642\nCache hit for key-9776\nStep 9/10: Building\nStep 2/10: Building\nInstalling prettier@4.20.0\nStep 1/10: Building\n[23:44:26] INFO: Processing request\nArtifact uploaded: build.tar.gz (45MB)\n[23:44:26] WARN: Deprecated API usage\n  PASS: test_cache_hit (357ms)\n[23:44:26] INFO: Processing request\n[23:44:26] INFO: Processing request\nCache hit for key-1071\n[23:44:26] INFO: Processing request\n\u26a0 DEPRECATION: Feature will be removed in v3.0\n\u2713 test completed\nCompiling src/service.java...\nInstalling jest@1.11.0\nCompiling src/main.py...\nCache hit for key-9038\nCache hit for key-1680\nArtifact uploaded: build.tar.gz (29MB)\nArtifact uploaded: build.tar.gz (17MB)\nStep 4/10: Building\n\u2713 build completed\nInstalling prettier@1.12.0\nCache hit for key-7402\n\u2713 test completed\nCompiling src/app.ts...\nException: NullPointerException\n[23:44:26] INFO: Processing request\nException: NullPointerException\n[23:44:26] INFO: Processing request\n[23:44:26] WARN: Deprecated API usage\nStep 8/10: Building\nCompiling src/index.js...\nInstalling axios@4.5.0\nCache hit for key-8842\nStep 8/10: Building\nStep 4/10: Building\nArtifact uploaded: build.tar.gz (30MB)\nCache hit for key-3502\nCompiling src/handler.rs...\n  PASS: test_db_connect (275ms)\n\u2713 lint completed\nCompiling src/index.js...\n[23:44:26] INFO: Processing request\nArtifact uploaded: build.tar.gz (38MB)\n[23:44:26] INFO: Processing request\nException: RuntimeError\nStep 10/10: Building\nCompiling src/utils.go...\nCache hit for key-1762\n[23:44:26] INFO: Processing request\n  PASS: test_cache_hit (444ms)\n  PASS: test_cache_hit (418ms)\nCompiling src/index.js...\n\u26a0 DEPRECATION: Feature will be removed in v3.0\n[23:44:26] INFO: Processing request\nArtifact uploaded: build.tar.gz (5MB)\n=== Step install_dependencies completed ===\n=== Step: run_tests ===\n\u2713 build completed\nArtifact uploaded: build.tar.gz (40MB)\n[23:44:26] INFO: Processing request\nCache hit for key-9582\n\u2713 build completed\nArtifact uploaded: build.tar.gz (49MB)\n  PASS: test_cache_hit (169ms)\n[23:44:26] WARN: Deprecated API usage\n  PASS: test_api_health (193ms)\nFAILED: test_auth_login\n[23:44:26] INFO: Processing request\nArtifact uploaded: build.tar.gz (27MB)\nInstalling eslint@1.5.0\n\u2713 test completed\nArtifact uploaded: build.tar.gz (21MB)\nCompiling src/service.java...\nInstalling lodash@4.5.0\nCompiling src/service.java...\nArtifact uploaded: build.tar.gz (27MB)\n\u2713 lint completed\nCompiling src/utils.go...\n\u2713 build completed\nStep 5/10: Building\nCache hit for key-9865\nStep 2/10: Building\nCompiling src/utils.go...\nCache hit for key-4537\nStep 1/10: Building\nCompiling src/service.java...\n\u2713 build completed\n\u2713 lint completed\nCompiling src/index.js...\n  PASS: test_cache_hit (63ms)\nCompiling src/index.js...\n[23:44:26] INFO: Processing request\n\u2713 test completed\n[23:44:26] ERROR: Connection failed\n\u26a0 DEPRECATION: Feature will be removed in v2.0\nStep 10/10: Building\nInstalling jest@3.15.0\n  PASS: test_db_connect (361ms)\nCompiling src/index.js...\nStep 3/10: Building\nArtifact uploaded: build.tar.gz (45MB)\n[23:44:26] INFO: Processing request\n[23:44:26] INFO: Processing request\nCache hit for key-3814\n  PASS: test_auth_login (39ms)\n  PASS: test_db_connect (164ms)\nWARNING: prettier has known vulnerabilities\n\u2713 lint completed\nCache hit for key-4453\nWARNING: jest has known vulnerabilities\n  PASS: test_db_connect (229ms)\n  PASS: test_auth_login (21ms)\nWARNING: webpack has known vulnerabilities\nInstalling jest@2.18.0\nCompiling src/app.ts...\n  PASS: test_api_health (493ms)\nArtifact uploaded: build.tar.gz (39MB)\nArtifact uploaded: build.tar.gz (13MB)\n  PASS: test_auth_login (476ms)\n[23:44:26] INFO: Processing request\nArtifact uploaded: build.tar.gz (46MB)\n  PASS: test_api_health (333ms)\n\u2713 test completed\n=== Step run_tests completed ===\n=== Step: build_artifact ===\nArtifact uploaded: build.tar.gz (27MB)\nInstalling webpack@3.19.0\n[23:44:26] INFO: Processing request\nCompiling src/app.ts...\nInstalling eslint@5.16.0\nStep 6/10: Building\n[23:44:26] INFO: Processing request\nInstalling webpack@4.13.0\n\u2713 build completed\n[23:44:26] WARN: Deprecated API usage\n[23:44:26] INFO: Processing request\nStep 10/10: Building\n  PASS: test_user_create (118ms)\nStep 9/10: Building\nArtifact uploaded: build.tar.gz (1MB)\n[23:44:26] INFO: Processing request\n[23:44:26] WARN: Deprecated API usage\n  PASS: test_db_connect (168ms)\nCache hit for key-3372\nArtifact uploaded: build.tar.gz (45MB)\nCompiling src/app.ts...\nStep 8/10: Building\nInstalling webpack@2.0.0\n\u2717 build failed with exit code 72\n[23:44:26] ERROR: Connection failed\n\u2717 build failed with exit code 110\nStep 7/10: Building\n[23:44:26] INFO: Processing request\n[23:44:26] INFO: Processing request\n\u2713 test completed\nStep 6/10: Building\n  PASS: test_api_health (406ms)\nStep 5/10: Building\nStep 3/10: Building\nCache hit for key-6601\n\u2717 build failed with exit code 9\nStep 10/10: Building\n\u2713 build completed\n\u2713 lint completed\nCache hit for key-7576\n[23:44:26] INFO: Processing request\n[23:44:26] INFO: Processing request\nInstalling jest@4.8.0\n\u2713 lint completed\nStep 3/10: Building\n\u2713 build completed\nInstalling prettier@5.16.0\n[23:44:26] INFO: Processing request\nArtifact uploaded: build.tar.gz (13MB)\n\u26a0 DEPRECATION: Feature will be removed in v5.0\n[23:44:26] INFO: Processing request\nInstalling axios@3.10.0\nInstalling eslint@4.8.0\nStep 3/10: Building\nStep 8/10: Building\nCache hit for key-2959\nArtifact uploaded: build.tar.gz (28MB)\n\u2713 lint completed\nStep 10/10: Building\nArtifact uploaded: build.tar.gz (36MB)\nInstalling webpack@3.20.0\n\u2713 lint completed\n\u2717 build failed with exit code 80\nCompiling src/utils.go...\n  PASS: test_auth_login (144ms)\nStep 6/10: Building\n=== Step build_artifact completed ===\n=== Step: deploy ===\nCompiling src/handler.rs...\n  PASS: test_api_health (381ms)\n\u2713 test completed\n[23:44:26] INFO: Processing request\n[23:44:26] INFO: Processing request\n  PASS: test_auth_login (309ms)\n\u2713 lint completed\nArtifact uploaded: build.tar.gz (43MB)\nStep 6/10: Building\nCompiling src/main.py...\n\u2713 build completed\nArtifact uploaded: build.tar.gz (41MB)\n\u2713 build completed\n\u2713 lint completed\n[23:44:26] INFO: Processing request\nCache hit for key-3068\n  PASS: test_user_create (404ms)\n\u26a0 DEPRECATION: Feature will be removed in v3.0\nStep 9/10: Building\n  PASS: test_auth_login (305ms)\nInstalling jest@4.18.0\nCompiling src/utils.go...\nInstalling jest@1.18.0\nCache hit for key-3559\nArtifact uploaded: build.tar.gz (24MB)\n\u2713 lint completed\nCache hit for key-5628\n[23:44:26] INFO: Processing request\nStep 3/10: Building\nInstalling jest@3.8.0\nCache hit for key-4388\nCache hit for key-9497\nStep 9/10: Building\n  PASS: test_db_connect (156ms)\nCache hit for key-4152\nCompiling src/service.java...\n  PASS: test_auth_login (234ms)\n\u2713 lint completed\nCompiling src/index.js...\nInstalling jest@1.2.0\nArtifact uploaded: build.tar.gz (23MB)\n\u2713 build completed\nCache hit for key-9649\nCache hit for key-9688\n\u26a0 DEPRECATION: Feature will be removed in v2.0\nStep 1/10: Building\nArtifact uploaded: build.tar.gz (31MB)\n  PASS: test_auth_login (391ms)\nCompiling src/app.ts...\nStep 5/10: Building\n\u26a0 DEPRECATION: Feature will be removed in v4.0\n\u2713 test completed\n\u26a0 DEPRECATION: Feature will be removed in v3.0\nArtifact uploaded: build.tar.gz (14MB)\nStep 4/10: Building\nCache hit for key-1542\n  PASS: test_db_connect (136ms)\n\u2713 build completed\nArtifact uploaded: build.tar.gz (46MB)\nArtifact uploaded: build.tar.gz (6MB)\nCompiling src/main.py...\nFAILED: test_cache_hit\n\u2717 build failed with exit code 41\n  PASS: test_auth_login (50ms)\n[23:44:26] INFO: Processing request\nArtifact uploaded: build.tar.gz (46MB)\n=== Step deploy completed ===",
    "steps": [
      {
        "name": "checkout",
        "status": "success",
        "started_at": "2025-11-17T23:44:26.951321",
        "finished_at": "2025-11-17T23:44:31.807177",
        "log_lines": [
          "=== Step: checkout ===",
          "\u2713 lint completed",
          "Cache hit for key-1006",
          "[23:44:26] INFO: Processing request",
          "Step 9/10: Building",
          "[23:44:26] INFO: Processing request",
          "Artifact uploaded: build.tar.gz (40MB)",
          "Step 10/10: Building",
          "Cache hit for key-9469",
          "Cache hit for key-7050",
          "  PASS: test_cache_hit (349ms)",
          "[23:44:26] INFO: Processing request",
          "WARNING: prettier has known vulnerabilities",
          "Cache hit for key-1188",
          "Installing lodash@1.17.0",
          "Compiling src/index.js...",
          "Step 1/10: Building",
          "Compiling src/handler.rs...",
          "  PASS: test_user_create (419ms)",
          "Artifact uploaded: build.tar.gz (39MB)",
          "\u26a0 DEPRECATION: Feature will be removed in v5.0",
          "\u26a0 DEPRECATION: Feature will be removed in v5.0",
          "Cache hit for key-9746",
          "  PASS: test_db_connect (328ms)",
          "[23:44:26] INFO: Processing request",
          "Compiling src/app.ts...",
          "[23:44:26] INFO: Processing request",
          "  PASS: test_auth_login (247ms)",
          "\u2713 test completed",
          "[23:44:26] INFO: Processing request",
          "  PASS: test_db_connect (423ms)",
          "  PASS: test_api_health (470ms)",
          "\u2713 lint completed",
          "Artifact uploaded: build.tar.gz (10MB)",
          "Installing jest@1.1.0",
          "Artifact uploaded: build.tar.gz (1MB)",
          "Installing prettier@1.8.0",
          "Artifact uploaded: build.tar.gz (48MB)",
          "Artifact uploaded: build.tar.gz (2MB)",
          "\u2713 build completed",
          "Artifact uploaded: build.tar.gz (11MB)",
          "Compiling src/main.py...",
          "Installing react@1.1.0",
          "Installing lodash@5.9.0",
          "Installing express@5.12.0",
          "\u2713 lint completed",
          "Step 6/10: Building",
          "Compiling src/handler.rs...",
          "Installing webpack@2.12.0",
          "[23:44:26] INFO: Processing request",
          "Artifact uploaded: build.tar.gz (27MB)",
          "  PASS: test_user_create (64ms)",
          "Artifact uploaded: build.tar.gz (8MB)",
          "Compiling src/service.java...",
          "Installing axios@1.9.0",
          "Installing lodash@5.1.0",
          "\u2713 build completed",
          "Installing lodash@5.6.0",
          "  PASS: test_cache_hit (145ms)",
          "\u2713 lint completed",
          "[23:44:26] INFO: Processing request",
          "Artifact uploaded: build.tar.gz (39MB)",
          "\u2713 test completed",
          "Compiling src/main.py...",
          "Cache hit for key-7893",
          "  PASS: test_user_create (232ms)",
          "Cache hit for key-4219",
          "=== Step checkout completed ==="
        ]
      },
      {
        "name": "setup_environment",
        "status": "success",
        "started_at": "2025-11-17T23:44:31.807177",
        "finished_at": "2025-11-17T23:44:41.518889",
        "log_lines": [
          "=== Step: setup_environment ===",
          "  PASS: test_auth_login (208ms)",
          "Cache hit for key-8642",
          "[23:44:26] INFO: Processing request",
          "Cache hit for key-3851",
          "[23:44:26] INFO: Processing request",
          "Artifact uploaded: build.tar.gz (29MB)",
          "Compiling src/app.ts...",
          "Compiling src/index.js...",
          "\u2713 test completed",
          "Step 5/10: Building",
          "\u2713 test completed",
          "\u2713 lint completed",
          "\u2713 lint completed",
          "Compiling src/main.py...",
          "\u2713 lint completed",
          "Installing webpack@1.5.0",
          "Installing webpack@4.2.0",
          "Installing eslint@4.4.0",
          "Exception: RuntimeError",
          "WARNING: jest has known vulnerabilities",
          "Step 8/10: Building",
          "\u26a0 DEPRECATION: Feature will be removed in v2.0",
          "  PASS: test_cache_hit (378ms)",
          "  PASS: test_auth_login (204ms)",
          "Installing react@2.5.0",
          "[23:44:26] WARN: Deprecated API usage",
          "\u2713 lint completed",
          "Step 8/10: Building",
          "  PASS: test_db_connect (246ms)",
          "\u2713 test completed",
          "\u2713 build completed",
          "Compiling src/utils.go...",
          "[23:44:26] WARN: Deprecated API usage",
          "Cache hit for key-8392",
          "Artifact uploaded: build.tar.gz (45MB)",
          "[23:44:26] WARN: Deprecated API usage",
          "Cache hit for key-1918",
          "Compiling src/main.py...",
          "[23:44:26] INFO: Processing request",
          "Cache hit for key-9141",
          "[23:44:26] INFO: Processing request",
          "Artifact uploaded: build.tar.gz (28MB)",
          "  PASS: test_cache_hit (71ms)",
          "Artifact uploaded: build.tar.gz (19MB)",
          "Artifact uploaded: build.tar.gz (49MB)",
          "  PASS: test_api_health (297ms)",
          "\u2713 build completed",
          "[23:44:26] INFO: Processing request",
          "Step 5/10: Building",
          "[23:44:26] INFO: Processing request",
          "Installing express@5.18.0",
          "WARNING: prettier has known vulnerabilities",
          "Artifact uploaded: build.tar.gz (9MB)",
          "Installing prettier@5.1.0",
          "  PASS: test_api_health (472ms)",
          "\u26a0 DEPRECATION: Feature will be removed in v4.0",
          "Step 9/10: Building",
          "Cache hit for key-1702",
          "\u26a0 DEPRECATION: Feature will be removed in v2.0",
          "[23:44:26] INFO: Processing request",
          "Step 3/10: Building",
          "Artifact uploaded: build.tar.gz (36MB)",
          "Step 8/10: Building",
          "  PASS: test_db_connect (345ms)",
          "[23:44:26] INFO: Processing request",
          "  PASS: test_cache_hit (304ms)",
          "=== Step setup_environment completed ==="
        ]
      },
      {
        "name": "install_dependencies",
        "status": "success",
        "started_at": "2025-11-17T23:44:41.518889",
        "finished_at": "2025-11-17T23:45:00.942313",
        "log_lines": [
          "=== Step: install_dependencies ===",
          "[23:44:26] WARN: Deprecated API usage",
          "Compiling src/index.js...",
          "Artifact uploaded: build.tar.gz (39MB)",
          "Compiling src/main.py...",
          "Compiling src/index.js...",
          "Artifact uploaded: build.tar.gz (49MB)",
          "Cache hit for key-6642",
          "Cache hit for key-9776",
          "Step 9/10: Building",
          "Step 2/10: Building",
          "Installing prettier@4.20.0",
          "Step 1/10: Building",
          "[23:44:26] INFO: Processing request",
          "Artifact uploaded: build.tar.gz (45MB)",
          "[23:44:26] WARN: Deprecated API usage",
          "  PASS: test_cache_hit (357ms)",
          "[23:44:26] INFO: Processing request",
          "[23:44:26] INFO: Processing request",
          "Cache hit for key-1071",
          "[23:44:26] INFO: Processing request",
          "\u26a0 DEPRECATION: Feature will be removed in v3.0",
          "\u2713 test completed",
          "Compiling src/service.java...",
          "Installing jest@1.11.0",
          "Compiling src/main.py...",
          "Cache hit for key-9038",
          "Cache hit for key-1680",
          "Artifact uploaded: build.tar.gz (29MB)",
          "Artifact uploaded: build.tar.gz (17MB)",
          "Step 4/10: Building",
          "\u2713 build completed",
          "Installing prettier@1.12.0",
          "Cache hit for key-7402",
          "\u2713 test completed",
          "Compiling src/app.ts...",
          "Exception: NullPointerException",
          "[23:44:26] INFO: Processing request",
          "Exception: NullPointerException",
          "[23:44:26] INFO: Processing request",
          "[23:44:26] WARN: Deprecated API usage",
          "Step 8/10: Building",
          "Compiling src/index.js...",
          "Installing axios@4.5.0",
          "Cache hit for key-8842",
          "Step 8/10: Building",
          "Step 4/10: Building",
          "Artifact uploaded: build.tar.gz (30MB)",
          "Cache hit for key-3502",
          "Compiling src/handler.rs...",
          "  PASS: test_db_connect (275ms)",
          "\u2713 lint completed",
          "Compiling src/index.js...",
          "[23:44:26] INFO: Processing request",
          "Artifact uploaded: build.tar.gz (38MB)",
          "[23:44:26] INFO: Processing request",
          "Exception: RuntimeError",
          "Step 10/10: Building",
          "Compiling src/utils.go...",
          "Cache hit for key-1762",
          "[23:44:26] INFO: Processing request",
          "  PASS: test_cache_hit (444ms)",
          "  PASS: test_cache_hit (418ms)",
          "Compiling src/index.js...",
          "\u26a0 DEPRECATION: Feature will be removed in v3.0",
          "[23:44:26] INFO: Processing request",
          "Artifact uploaded: build.tar.gz (5MB)",
          "=== Step install_dependencies completed ==="
        ]
      },
      {
        "name": "run_tests",
        "status": "success",
        "started_at": "2025-11-17T23:45:00.942313",
        "finished_at": "2025-11-17T23:45:34.933306",
        "log_lines": [
          "=== Step: run_tests ===",
          "\u2713 build completed",
          "Artifact uploaded: build.tar.gz (40MB)",
          "[23:44:26] INFO: Processing request",
          "Cache hit for key-9582",
          "\u2713 build completed",
          "Artifact uploaded: build.tar.gz (49MB)",
          "  PASS: test_cache_hit (169ms)",
          "[23:44:26] WARN: Deprecated API usage",
          "  PASS: test_api_health (193ms)",
          "FAILED: test_auth_login",
          "[23:44:26] INFO: Processing request",
          "Artifact uploaded: build.tar.gz (27MB)",
          "Installing eslint@1.5.0",
          "\u2713 test completed",
          "Artifact uploaded: build.tar.gz (21MB)",
          "Compiling src/service.java...",
          "Installing lodash@4.5.0",
          "Compiling src/service.java...",
          "Artifact uploaded: build.tar.gz (27MB)",
          "\u2713 lint completed",
          "Compiling src/utils.go...",
          "\u2713 build completed",
          "Step 5/10: Building",
          "Cache hit for key-9865",
          "Step 2/10: Building",
          "Compiling src/utils.go...",
          "Cache hit for key-4537",
          "Step 1/10: Building",
          "Compiling src/service.java...",
          "\u2713 build completed",
          "\u2713 lint completed",
          "Compiling src/index.js...",
          "  PASS: test_cache_hit (63ms)",
          "Compiling src/index.js...",
          "[23:44:26] INFO: Processing request",
          "\u2713 test completed",
          "[23:44:26] ERROR: Connection failed",
          "\u26a0 DEPRECATION: Feature will be removed in v2.0",
          "Step 10/10: Building",
          "Installing jest@3.15.0",
          "  PASS: test_db_connect (361ms)",
          "Compiling src/index.js...",
          "Step 3/10: Building",
          "Artifact uploaded: build.tar.gz (45MB)",
          "[23:44:26] INFO: Processing request",
          "[23:44:26] INFO: Processing request",
          "Cache hit for key-3814",
          "  PASS: test_auth_login (39ms)",
          "  PASS: test_db_connect (164ms)",
          "WARNING: prettier has known vulnerabilities",
          "\u2713 lint completed",
          "Cache hit for key-4453",
          "WARNING: jest has known vulnerabilities",
          "  PASS: test_db_connect (229ms)",
          "  PASS: test_auth_login (21ms)",
          "WARNING: webpack has known vulnerabilities",
          "Installing jest@2.18.0",
          "Compiling src/app.ts...",
          "  PASS: test_api_health (493ms)",
          "Artifact uploaded: build.tar.gz (39MB)",
          "Artifact uploaded: build.tar.gz (13MB)",
          "  PASS: test_auth_login (476ms)",
          "[23:44:26] INFO: Processing request",
          "Artifact uploaded: build.tar.gz (46MB)",
          "  PASS: test_api_health (333ms)",
          "\u2713 test completed",
          "=== Step run_tests completed ==="
        ]
      },
      {
        "name": "build_artifact",
        "status": "success",
        "started_at": "2025-11-17T23:45:34.933306",
        "finished_at": "2025-11-17T23:45:54.356730",
        "log_lines": [
          "=== Step: build_artifact ===",
          "Artifact uploaded: build.tar.gz (27MB)",
          "Installing webpack@3.19.0",
          "[23:44:26] INFO: Processing request",
          "Compiling src/app.ts...",
          "Installing eslint@5.16.0",
          "Step 6/10: Building",
          "[23:44:26] INFO: Processing request",
          "Installing webpack@4.13.0",
          "\u2713 build completed",
          "[23:44:26] WARN: Deprecated API usage",
          "[23:44:26] INFO: Processing request",
          "Step 10/10: Building",
          "  PASS: test_user_create (118ms)",
          "Step 9/10: Building",
          "Artifact uploaded: build.tar.gz (1MB)",
          "[23:44:26] INFO: Processing request",
          "[23:44:26] WARN: Deprecated API usage",
          "  PASS: test_db_connect (168ms)",
          "Cache hit for key-3372",
          "Artifact uploaded: build.tar.gz (45MB)",
          "Compiling src/app.ts...",
          "Step 8/10: Building",
          "Installing webpack@2.0.0",
          "\u2717 build failed with exit code 72",
          "[23:44:26] ERROR: Connection failed",
          "\u2717 build failed with exit code 110",
          "Step 7/10: Building",
          "[23:44:26] INFO: Processing request",
          "[23:44:26] INFO: Processing request",
          "\u2713 test completed",
          "Step 6/10: Building",
          "  PASS: test_api_health (406ms)",
          "Step 5/10: Building",
          "Step 3/10: Building",
          "Cache hit for key-6601",
          "\u2717 build failed with exit code 9",
          "Step 10/10: Building",
          "\u2713 build completed",
          "\u2713 lint completed",
          "Cache hit for key-7576",
          "[23:44:26] INFO: Processing request",
          "[23:44:26] INFO: Processing request",
          "Installing jest@4.8.0",
          "\u2713 lint completed",
          "Step 3/10: Building",
          "\u2713 build completed",
          "Installing prettier@5.16.0",
          "[23:44:26] INFO: Processing request",
          "Artifact uploaded: build.tar.gz (13MB)",
          "\u26a0 DEPRECATION: Feature will be removed in v5.0",
          "[23:44:26] INFO: Processing request",
          "Installing axios@3.10.0",
          "Installing eslint@4.8.0",
          "Step 3/10: Building",
          "Step 8/10: Building",
          "Cache hit for key-2959",
          "Artifact uploaded: build.tar.gz (28MB)",
          "\u2713 lint completed",
          "Step 10/10: Building",
          "Artifact uploaded: build.tar.gz (36MB)",
          "Installing webpack@3.20.0",
          "\u2713 lint completed",
          "\u2717 build failed with exit code 80",
          "Compiling src/utils.go...",
          "  PASS: test_auth_login (144ms)",
          "Step 6/10: Building",
          "=== Step build_artifact completed ==="
        ]
      },
      {
        "name": "deploy",
        "status": "success",
        "started_at": "2025-11-17T23:45:54.356730",
        "finished_at": "2025-11-17T23:46:04.068442",
        "log_lines": [
          "=== Step: deploy ===",
          "Compiling src/handler.rs...",
          "  PASS: test_api_health (381ms)",
          "\u2713 test completed",
          "[23:44:26] INFO: Processing request",
          "[23:44:26] INFO: Processing request",
          "  PASS: test_auth_login (309ms)",
          "\u2713 lint completed",
          "Artifact uploaded: build.tar.gz (43MB)",
          "Step 6/10: Building",
          "Compiling src/main.py...",
          "\u2713 build completed",
          "Artifact uploaded: build.tar.gz (41MB)",
          "\u2713 build completed",
          "\u2713 lint completed",
          "[23:44:26] INFO: Processing request",
          "Cache hit for key-3068",
          "  PASS: test_user_create (404ms)",
          "\u26a0 DEPRECATION: Feature will be removed in v3.0",
          "Step 9/10: Building",
          "  PASS: test_auth_login (305ms)",
          "Installing jest@4.18.0",
          "Compiling src/utils.go...",
          "Installing jest@1.18.0",
          "Cache hit for key-3559",
          "Artifact uploaded: build.tar.gz (24MB)",
          "\u2713 lint completed",
          "Cache hit for key-5628",
          "[23:44:26] INFO: Processing request",
          "Step 3/10: Building",
          "Installing jest@3.8.0",
          "Cache hit for key-4388",
          "Cache hit for key-9497",
          "Step 9/10: Building",
          "  PASS: test_db_connect (156ms)",
          "Cache hit for key-4152",
          "Compiling src/service.java...",
          "  PASS: test_auth_login (234ms)",
          "\u2713 lint completed",
          "Compiling src/index.js...",
          "Installing jest@1.2.0",
          "Artifact uploaded: build.tar.gz (23MB)",
          "\u2713 build completed",
          "Cache hit for key-9649",
          "Cache hit for key-9688",
          "\u26a0 DEPRECATION: Feature will be removed in v2.0",
          "Step 1/10: Building",
          "Artifact uploaded: build.tar.gz (31MB)",
          "  PASS: test_auth_login (391ms)",
          "Compiling src/app.ts...",
          "Step 5/10: Building",
          "\u26a0 DEPRECATION: Feature will be removed in v4.0",
          "\u2713 test completed",
          "\u26a0 DEPRECATION: Feature will be removed in v3.0",
          "Artifact uploaded: build.tar.gz (14MB)",
          "Step 4/10: Building",
          "Cache hit for key-1542",
          "  PASS: test_db_connect (136ms)",
          "\u2713 build completed",
          "Artifact uploaded: build.tar.gz (46MB)",
          "Artifact uploaded: build.tar.gz (6MB)",
          "Compiling src/main.py...",
          "FAILED: test_cache_hit",
          "\u2717 build failed with exit code 41",
          "  PASS: test_auth_login (50ms)",
          "[23:44:26] INFO: Processing request",
          "Artifact uploaded: build.tar.gz (46MB)",
          "=== Step deploy completed ==="
        ]
      }
    ],
    "label": "normal"
  }
}