{
  "action": "completed",
  "workflow_run": {
    "id": 876,
    "name": "CI Pipeline",
    "head_branch": "main",
    "head_sha": "4946bd18a90e46dc6a70d4075ba1cb7dacc4c3e6",
    "status": "completed",
    "conclusion": "failure",
    "run_started_at": "2025-11-30T12:52:26.032919Z",
    "updated_at": "2025-11-30T12:52:56.032919Z"
  },
  "repository": {
    "full_name": "startup-io/auth-service",
    "name": "auth-service"
  },
  "sender": {
    "login": "charlie"
  },
  "_safeops_extended": {
    "raw_logs": "=== Step: lint ===\n[12:52:26] WARN: Deprecated API usage\nRan 103 tests in 32s\n[12:52:26] INFO: Cache refreshed\nTime: 75.200s\nStep 3/25: Testing\nUploading artifact 'build' (19 files)\nHEAD is now at cdbbc36\nNODE_ENV=test\nTLS handshake completed\nPOST /data - 200 (139ms)\nFetching submodules...\nCache hit for key-9208\nSuccess!\nNODE_ENV=development\nWARNING: jest has known vulnerabilities\nnpm install: resolved 612 packages\nCompiling lib/utils.go...\n  PASS: test_cache_hit (25ms)\nHEAD is now at b8b1656\nUploading artifact 'dist' (21 files)\nCache miss for key-1950\nHEAD is now at 6ce367f\nTLS handshake completed\nReady.\nCache hit for key-4715\nPOST /data - 202 (434ms)\n[12:52:26] INFO: Processing request\nConnection established\nPulling image: python:3.11\n\u26a0 DEPRECATION: Feature will be removed in v2.0\nCache miss for key-5616\nStep 7/21: Linting\nUsing Python 3.11\nVerifying...\n\u2717 build failed with exit code 47\n\u2713 package completed\nCompiling src/utils.go...\n[12:52:26] DEBUG: Query executed in 44ms\n[12:52:26] WARN: Deprecated API usage\nLayer 6/9: RUN command\nLoading...\n\u2713 Task completed in 4220ms\nWARNING: prettier has known vulnerabilities\nPOST /upload - 202 (117ms)\nCompleted.\nImage pulled successfully\nMinifying main.js\nBuilding Docker image...\nStep 8/15: Linting\npip: Collecting react\n[12:52:26] INFO: Processing request\nPushing to registry...\n[12:52:26] WARN: Deprecated API usage\nPushing to registry...\nArtifact uploaded: dist.zip (17MB)\nSuccess!\nBuilding Docker image...\n[12:52:26] INFO: Cache refreshed\n[12:52:26] INFO: Processing request\n\u26a0 DEPRECATION: Feature will be removed in v3.0\nGenerating source maps...\n[12:52:26] DEBUG: Connection pool: 12 active\nnpm notice: package.json updated\nInstalling prettier@1.14.3\nUploading artifact 'dist' (45 files)\nVerifying...\nnpm install: resolved 1163 packages\nEnvironment: test\n\u26a0 DEPRECATION: Feature will be removed in v3.0\nWARNING: prettier has known vulnerabilities\nUsing Python 3.9\npip install: Successfully installed axios-4.12\nStep 9/21: Building\nArtifact downloaded: 11MB\nStep 5/15: Testing\npip: Downloading jest-1.12.tar.gz\nFAILED: test_cache_hit\n[12:52:26] DEBUG: Initializing service\nTests: 336 passed, 313 total\npip install: Successfully installed react-1.17\npip: Downloading axios-1.14.tar.gz\nStep 8/23: Linting\nUsing Node.js 17.5.6\nCoverage: 81% statements, 60% branches\nnpm install: resolved 1079 packages\nStep 6/16: Building\nCompiling src/main.py...\nMinifying main.js\nCompiling utils/service.java...\nCache invalidated: build\n[12:52:26] INFO: Processing request\nCompiling components/app.ts...\nPOST /api - 201 (235ms)\n  PASS: test_db_connect (101ms)\nMinifying main.js\nEnvironment: staging\nConnection established\n[12:52:26] DEBUG: Connection pool: 10 active\nLoading...\nArtifact uploaded: dist.zip (68MB)\n\u2713 deploy completed\nFinished.\nUsing Python 3.9\nPulling image: node:3.11\n[12:52:26] WARN: Deprecated API usage\nGenerating source maps...\nArtifact uploaded: dist.zip (27MB)\nCache restored successfully (249MB)\n[12:52:26] INFO: Connecting to database\nFetching from https://docker.io/package.json\nCache miss for key-7160\nUsing Node.js 19.2.0\n[12:52:26] INFO: Request completed\nGenerating source maps...\nPOST /data - 202 (141ms)\nPOST /api - 200 (331ms)\nCache hit for key-3812\nCache miss for key-1452\n[12:52:26] INFO: Connecting to database\nnpm install: added 496 packages\nProcessing...\nOptimizing 46 modules...\nHEAD is now at 0dd6024\nException: ValueError\nStep 9/20: Installing dependencies\nyarn add: Done in 17.17s\n\u2713 test completed\nCache saved successfully\nStep 1/22: Linting\nLoading...\nHEAD is now at 5093675\nAlready up to date.\nnpm notice: package.json updated\n\u26a0 DEPRECATION: Feature will be removed in v3.0\nInstalling prettier@1.2.8\nCoverage: 94% statements, 75% branches\n[12:52:26] INFO: Request completed\nGET /health - 201 (47ms)\nUsing Python 3.10\nUsing Python 3.12\nPOST /data - 200 (281ms)\nStep 10/21: Building\nWARNING: express has known vulnerabilities\nArtifact uploaded: build.tar.gz (33MB)\nUsing Node.js 17.17.8\nBundling styles.js\npip install: Successfully installed webpack-5.6\n[12:52:26] INFO: Connecting to database\nStep 5/23: Linting\n\u2717 build failed with exit code 84\nArtifact uploaded: build.tar.gz (34MB)\n[12:52:26] DEBUG: Initializing service\nPushing to registry...\nCache saved successfully\n  PASS: test_user_create (5ms)\nGET /health - 201 (43ms)\n[12:52:26] INFO: Starting build process\n\u26a0 DEPRECATION: Feature will be removed in v2.0\npip: Downloading eslint-1.7.tar.gz\nTLS handshake completed\nSnapshots: 14 passed, 47 total\nCreating production build...\nPlatform: darwin-arm64\n  PASS: test_user_create (153ms)\n\u2717 build failed with exit code 20\nStep 17/24: Deploying\n\u26a0 DEPRECATION: Feature will be removed in v5.0\nCompleted.\n[12:52:26] WARN: Deprecated API usage\nUsing Python 3.12\nCreating production build...\n[12:52:26] DEBUG: Connection pool: 10 active\nMinifying vendor.js\nTests: 210 passed, 158 total\nWARNING: eslint has known vulnerabilities\nBundling main.css\n[12:52:26] INFO: Starting build process\nOptimizing 58 modules...\nTest Suites: 6 passed, 20 total\nSwitched to branch 'feature/task-415'\nOptimizing 34 modules...\n\u2713 Task completed in 3727ms\nOptimizing 72 modules...\nNODE_ENV=production\n[12:52:26] DEBUG: Memory usage: 163MB\nStep 19/19: Testing\nCompleted.\nLayer 5/11: ENV command\nCompiling lib/index.js...\nSuccess!\n[12:52:26] DEBUG: Loading configuration\npip: Downloading axios-2.2.tar.gz\nEnvironment: production\nCache invalidated: dependencies\nCreating production build...\nPOST /data - 202 (202ms)\n\u2713 validate completed\nCache hit for key-1872\nNODE_ENV=production\nStep 5/15: Running migrations\n[12:52:26] DEBUG: Initializing service\nCompiling lib/app.ts...\nCompiling src/app.ts...\n[12:52:26] WARN: Deprecated API usage\nPlatform: linux-x64\nStep 11/25: Running migrations\nReady.\nCompiling lib/utils.go...\nTransforming 135 files...\nWARNING: webpack has known vulnerabilities\nStep 19/20: Installing dependencies\npip: Collecting react\nTests: 117 passed, 239 total\nRan 181 tests in 39s\n[12:52:26] INFO: Starting build process\nPulling image: alpine:3.11\nPulling image: node:latest\nnpm notice: package.json updated\n\u2717 build failed with exit code 45\nStep 13/16: Linting\n[12:52:26] DEBUG: Initializing service\nFetching from https://registry.npmjs.org/package.json\nnpm install: added 239 packages\n[12:52:26] INFO: Starting build process\nCompiling src/main.py...\nAlready up to date.\nnpm notice: package.json updated\nStep 11/15: Building\nWARNING: webpack has known vulnerabilities\nFetching from https://googleapis.com/package.json\nArtifact uploaded: build.tar.gz (18MB)\nEnvironment: test\nSnapshots: 18 passed, 7 total\nNODE_ENV=test\nMinifying app.js\nWARNING: jest has known vulnerabilities\nArtifact downloaded: 37MB\nFinished.\nGET /status - 200 (23ms)\n[12:52:26] WARN: Deprecated API usage\nNODE_ENV=development\nLayer 6/12: RUN command\nSuccess!\nSuccess!\n[12:52:26] INFO: Request completed\nStep 7/21: Deploying\n\u2713 lint completed\nReady.\nProcessing...\n=== Step lint completed ===\n=== Step: setup_node ===\nCache hit for key-3757\nException: TypeError\n\u26a0 DEPRECATION: Feature will be removed in v5.0\n[12:52:26] WARN: Deprecated API usage\n[12:52:26] DEBUG: Connection pool: 17 active\n\u2717 build failed with exit code 16\nCreating production build...\nCompiling lib/utils.go...\nCompiling utils/utils.go...\nCache invalidated: dependencies\nFetching submodules...\nFAILED: test_api_health\nAlready up to date.\nGenerating source maps...\nPOST /upload - 202 (203ms)\nTests: 432 passed, 345 total\nnpm notice: package.json updated\n\u2713 All checks passed\nCompiling lib/index.js...\nStep 8/24: Linting\nWARNING: axios has known vulnerabilities\n[12:52:26] DEBUG: Loading configuration\nnpm notice: created a lockfile\nnpm notice: package.json updated\nMinifying app.js\nImage pulled successfully\nCache saved successfully\nUsing Python 3.9\nStep 4/18: Linting\nCompiling lib/main.py...\nUsing Python 3.9\n[12:52:26] INFO: Cache refreshed\n\u26a0 DEPRECATION: Feature will be removed in v4.0\nCache saved successfully\n[12:52:26] DEBUG: Loading configuration\nStep 19/19: Building\n[12:52:26] DEBUG: Loading configuration\nTLS handshake completed\nTest Suites: 32 passed, 30 total\nCache invalidated: node_modules\nBuilding Docker image...\n\u2713 deploy completed\nStep 4/18: Installing dependencies\nTime: 51.850s\nGenerating source maps...\n\u2713 Step 'setup' succeeded\nCompiling utils/index.js...\nBuilding Docker image...\nNODE_ENV=development\n  PASS: test_user_create (178ms)\nArtifact uploaded: dist.zip (84MB)\n[12:52:26] INFO: Cache refreshed\nInstalling express@5.3.2\nStep 6/23: Deploying\nnpm install: added 14 packages\nCache saved successfully\nSnapshots: 48 passed, 11 total\nVerifying...\nPlatform: linux-x64\n\u2713 All checks passed\nUsing Python 3.10\n\u2713 Task completed in 1845ms\nWARNING: webpack has known vulnerabilities\nInstalling webpack@2.16.5\nPulling image: alpine:3.11\nyarn add: Done in 7.36s\nTime: 66.0s\nUploading artifact 'coverage' (23 files)\nPushing to registry...\nNODE_ENV=development\n[12:52:26] INFO: Processing request\nCache miss for key-1777\n[12:52:26] INFO: Request completed\nArtifact downloaded: 27MB\nSuccess!\nUploading artifact 'dist' (7 files)\npip: Downloading eslint-4.14.tar.gz\nPOST /api - 202 (305ms)\nCache invalidated: node_modules\nGET /api - 201 (7ms)\nStep 4/21: Building\nArtifact downloaded: 21MB\npip: Downloading react-5.1.tar.gz\nGET /health - 200 (83ms)\nConnection established\npip install: Successfully installed jest-5.13\n\u2713 Task completed in 252ms\n[12:52:26] DEBUG: Connection pool: 1 active\nEnvironment: development\nStep 4/21: Running migrations\nCache restored successfully (153MB)\nOptimizing 82 modules...\n[12:52:26] DEBUG: Initializing service\nAlready up to date.\n  PASS: test_auth_login (490ms)\nGET /status - 200 (59ms)\nCache miss for key-2030\nVerifying...\npip: Installing build dependencies...\nPulling image: node:3.11\nSuccess!\nTLS handshake completed\nTransforming 956 files...\nFetching from https://gcr.io/package.json\nCompiling components/service.java...\nFAILED: test_cache_hit\n\u2713 All checks passed\nWaiting...\nTime: 116.564s\nTime: 22.407s\n\u2713 Task completed in 267ms\nSnapshots: 34 passed, 19 total\nnpm notice: package.json updated\n[12:52:26] INFO: Connecting to database\nCache restored successfully (232MB)\nHEAD is now at a3ecb8a\nPushing to registry...\nMinifying app.js\n\u2713 All checks passed\n\u2713 Task completed in 4430ms\n\u26a0 DEPRECATION: Feature will be removed in v4.0\npip install: Successfully installed express-2.6\n[12:52:26] DEBUG: Loading configuration\npip install: Successfully installed jest-3.1\npip: Downloading jest-3.4.tar.gz\nArtifact uploaded: build.tar.gz (39MB)\nRan 36 tests in 23s\nWaiting...\n[12:52:26] INFO: Connecting to database\n[12:52:26] DEBUG: Connection pool: 19 active\nWARNING: jest has known vulnerabilities\nWARNING: axios has known vulnerabilities\nHEAD is now at dd3c906\nUsing Node.js 20.11.6\nCache hit for key-1217\n  PASS: test_auth_login (153ms)\nWARNING: react has known vulnerabilities\nCompiling components/index.js...\nTransforming 235 files...\n[12:52:26] INFO: Request completed\nMinifying vendor.js\npip install: Successfully installed express-4.20\nStep 6/17: Building\nPulling image: alpine:3.11\nFetching submodules...\nEnvironment: staging\nCompleted.\nCoverage: 73% statements, 73% branches\nFinished.\nCreating production build...\nStep 2/15: Deploying\nTime: 27.7s\nMinifying main.js\nUploading artifact 'coverage' (46 files)\nStep 13/21: Testing\n[12:52:26] WARN: Deprecated API usage\n\u2713 All checks passed\nCompiling components/utils.go...\nEnvironment: staging\n[12:52:26] INFO: Cache refreshed\nSwitched to branch 'hotfix/task-779'\n[12:52:26] INFO: Connecting to database\nGenerating source maps...\npip: Collecting lodash\nMinifying app.js\nnpm install: resolved 105 packages\nVerifying...\n  PASS: test_db_connect (445ms)\nHEAD is now at 381f616\nFAILED: test_db_connect\nGET /api - 204 (96ms)\nGenerating source maps...\n[12:52:26] INFO: Request completed\nStep 10/16: Building\nBuilding Docker image...\nCompiling components/index.js...\nFinished.\nHEAD is now at afa2298\nChecking out develop branch\n\u26a0 DEPRECATION: Feature will be removed in v5.0\nArtifact uploaded: build.tar.gz (16MB)\nAlready up to date.\nOptimizing 21 modules...\n[12:52:26] WARN: Deprecated API usage\n[12:52:26] INFO: Processing request\nWARNING: webpack has known vulnerabilities\nHEAD is now at 07021ea\nArtifact downloaded: 18MB\nLoading...\nTLS handshake completed\nArtifact uploaded: build.tar.gz (14MB)\nCache miss for key-8810\nReady.\n[12:52:26] INFO: Processing request\nReady.\n[12:52:26] DEBUG: Loading configuration\nEnvironment: production\nFAILED: test_cache_hit\nFetching submodules...\nStep 12/16: Testing\nnpm notice: created a lockfile\npip: Installing build dependencies...\nCache miss for key-4886\nCompiling src/service.java...\nCache invalidated: node_modules\npip install: Successfully installed eslint-3.19\nStep 4/24: Installing dependencies\nTLS handshake completed\nnpm notice: package.json updated\nCache miss for key-2421\nInstalling axios@2.20.0\nFinished.\nPOST /upload - 201 (62ms)\nChecking out develop branch\nCache hit for key-6144\nEnvironment: staging\n[12:52:26] INFO: Cache refreshed\nCache saved successfully\n[12:52:26] DEBUG: Query executed in 8ms\n[12:52:26] DEBUG: Loading configuration\nStep 16/24: Linting\n  PASS: test_user_create (99ms)\nCache restored successfully (415MB)\nImage pulled successfully\nMinifying vendor.js\nReady.\nAlready up to date.\n[12:52:26] DEBUG: Initializing service\nPOST /upload - 200 (396ms)\nPushing to registry...\nUsing Node.js 20.1.10\nArtifact uploaded: build.tar.gz (30MB)\nStep 8/23: Deploying\nTLS handshake completed\nCompiling src/handler.rs...\n\u2717 build failed with exit code 83\nCache miss for key-6104\nCache saved successfully\n  PASS: test_auth_login (83ms)\nTransforming 747 files...\n\u26a0 DEPRECATION: Feature will be removed in v3.0\nProcessing...\nnpm install: resolved 1792 packages\nnpm notice: created a lockfile\nUsing Python 3.12\n[12:52:26] INFO: Cache refreshed\nPlatform: linux-x64\nPushing to registry...\nTransforming 855 files...\n=== Step setup_node completed ===\n=== Step: integration_tests ===\n\u2713 build completed\n[12:52:26] WARN: Deprecated API usage\nConnection established\nChecking out develop branch\nCompiling utils/handler.rs...\nOK\nAlready up to date.\nCache hit for key-5097\nHEAD is now at 3997124\nTime: 13.942s\n[12:52:26] DEBUG: Loading configuration\nStep 7/16: Testing\nProcessing...\nUploading artifact 'coverage' (17 files)\nUploading artifact 'coverage' (10 files)\nFinished.\nTests: 55 passed, 58 total\nCreating production build...\n  PASS: test_db_connect (276ms)\n[12:52:26] INFO: Connecting to database\n\u26a0 DEPRECATION: Feature will be removed in v5.0\nWaiting...\n[12:52:26] INFO: Connecting to database\nUsing Python 3.10\nSuccess!\n[12:52:26] INFO: Request completed\n[12:52:26] INFO: Request completed\nFinished.\n\u26a0 DEPRECATION: Feature will be removed in v5.0\nTime: 34.445s\n\u2713 All checks passed\nGET /status - 204 (55ms)\nCache restored successfully (178MB)\nArtifact uploaded: build.tar.gz (44MB)\npip: Collecting axios\nCompleted.\n[12:52:26] DEBUG: Loading configuration\nFetching from https://amazonaws.com/package.json\n\u26a0 DEPRECATION: Feature will be removed in v2.0\nNODE_ENV=development\nnpm install: added 238 packages\nInstalling react@5.11.9\nTest Suites: 26 passed, 33 total\nLayer 1/11: ENV command\nCompiling components/app.ts...\nBuilding Docker image...\nCreating production build...\n\u2713 Task completed in 119ms\n\u2713 package completed\nnpm install: resolved 1746 packages\nStep 4/15: Installing dependencies\nCache restored successfully (368MB)\nStep 9/23: Running migrations\nWARNING: axios has known vulnerabilities\nPulling image: alpine:3.11\nCompiling components/main.py...\nException: NullPointerException\nStep 13/21: Building\nLayer 7/9: RUN command\nBuilding Docker image...\nRan 178 tests in 44s\n[12:52:26] INFO: Cache refreshed\nCache saved successfully\n[12:52:26] INFO: Request completed\nWARNING: express has known vulnerabilities\nWaiting...\nTransforming 535 files...\nImage pulled successfully\nFetching submodules...\nOptimizing 82 modules...\nCompleted.\nPulling image: node:3.11\nProcessing...\nNODE_ENV=production\nArtifact uploaded: dist.zip (17MB)\n[12:52:26] INFO: Connecting to database\nCache invalidated: dependencies\nStep 18/18: Deploying\nReady.\nCompleted.\n\u2713 All checks passed\nCache invalidated: node_modules\n[12:52:26] DEBUG: Loading configuration\n[12:52:26] INFO: Cache refreshed\nLayer 2/15: RUN command\nLoading...\nEnvironment: staging\n[12:52:26] INFO: Cache refreshed\nTests: 122 passed, 214 total\nGET /api - 200 (30ms)\nArtifact downloaded: 35MB\npip: Installing build dependencies...\nBuilding Docker image...\n[12:52:26] WARN: Deprecated API usage\n\u2713 lint completed\nEnvironment: staging\nOK\nFinished.\nRan 194 tests in 56s\nnpm notice: package.json updated\nOptimizing 28 modules...\nInstalling webpack@2.15.6\nProcessing...\nDone.\nPOST /api - 200 (481ms)\n[12:52:26] WARN: Deprecated API usage\nCoverage: 100% statements, 96% branches\npip: Downloading webpack-1.12.tar.gz\nConnection established\nCache invalidated: dependencies\nnpm notice: created a lockfile\nWARNING: lodash has known vulnerabilities\nWARNING: axios has known vulnerabilities\n  PASS: test_db_connect (87ms)\nCache miss for key-6628\nCompiling utils/app.ts...\n\u2717 build failed with exit code 60\nFetching from https://npmjs.org/package.json\nTLS handshake completed\nCoverage: 94% statements, 81% branches\nStep 12/23: Installing dependencies\n[12:52:26] INFO: Request completed\nException: ValueError\nCache saved successfully\nGenerating source maps...\n\u2713 package completed\nInstalling react@2.17.0\nyarn add: Done in 1.56s\nPOST /upload - 201 (294ms)\n[12:52:26] INFO: Processing request\n[12:52:26] INFO: Starting build process\nGET /health - 204 (52ms)\nGET /status - 201 (51ms)\nMinifying vendor.js\nnpm install: resolved 1054 packages\nWaiting...\nStep 2/25: Running migrations\nBundling runtime.css\nTransforming 513 files...\nGenerating source maps...\n  PASS: e2e/test_cache_hit.spec.js\nCache miss for key-8391\nUsing Python 3.10\nFetching from https://amazonaws.com/package.json\n[12:52:26] WARN: Deprecated API usage\npip: Installing build dependencies...\n\u2713 Task completed in 212ms\nLayer 2/15: RUN command\nImage pulled successfully\nTime: 9.604s\nCompleted.\nPulling image: node:latest\nCache restored successfully (162MB)\nSnapshots: 19 passed, 31 total\n[12:52:26] DEBUG: Initializing service\nOptimizing 90 modules...\npip: Downloading webpack-5.20.tar.gz\nStep 1/23: Deploying\nTransforming 272 files...\nConnection established\n\u2713 Step 'checkout' succeeded\n\u2713 Task completed in 3446ms\n[12:52:26] ERROR: Connection failed\nnpm notice: created a lockfile\nStep 3/15: Building\n[12:52:26] DEBUG: Loading configuration\nImage pulled successfully\nSwitched to branch 'hotfix/task-896'\n\u2713 Task completed in 500ms\npip: Collecting express\nCache hit for key-4705\nEnvironment: production\nConnection established\nArtifact uploaded: build.tar.gz (48MB)\nException: ValueError\nTime: 120.581s\nPOST /upload - 200 (91ms)\nPlatform: darwin-arm64\nRan 159 tests in 17s\n[12:52:26] DEBUG: Initializing service\n[12:52:26] DEBUG: Loading configuration\nnpm notice: created a lockfile\nGenerating source maps...\nCreating production build...\nCompiling components/app.ts...\nFetching submodules...\nPOST /data - 202 (44ms)\nyarn add: Done in 12.45s\nBuilding Docker image...\npip: Downloading axios-4.15.tar.gz\nArtifact uploaded: build.tar.gz (30MB)\nAlready up to date.\nCache miss for key-7011\n  PASS: test_auth_login (130ms)\nPOST /api - 201 (493ms)\nnpm notice: package.json updated\n[12:52:26] DEBUG: Memory usage: 1150MB\nWaiting...\nImage pulled successfully\nTest Suites: 9 passed, 6 total\nSuccess!\nBuilding Docker image...\nTLS handshake completed\nCoverage: 89% statements, 78% branches\nCache invalidated: build\nCompiling utils/index.js...\nSnapshots: 37 passed, 45 total\nStep 4/15: Linting\nTransforming 707 files...\nStep 14/24: Installing dependencies\nCache restored successfully (315MB)\nPlatform: win32-x64\nLoading...\nBuilding Docker image...\nPOST /api - 200 (19ms)\nWARNING: axios has known vulnerabilities\n\u26a0 DEPRECATION: Feature will be removed in v5.0\npip: Downloading prettier-4.14.tar.gz\nGenerating source maps...\nyarn add: Done in 12.70s\nStep 11/20: Running migrations\n[12:52:26] DEBUG: Memory usage: 1817MB\nStep 14/15: Testing\nPOST /api - 202 (304ms)\nSwitched to branch 'feature/task-390'\nTests: 272 passed, 343 total\n\u2717 build failed with exit code 44\nCache restored successfully (66MB)\n[12:52:26] INFO: Connecting to database\nEnvironment: staging\nWARNING: express has known vulnerabilities\nCompiling src/handler.rs...\nTLS handshake completed\n[12:52:26] DEBUG: Connection pool: 20 active\nFinished.\npip: Collecting react\nTransforming 654 files...\nBundling vendor.js\n[12:52:26] DEBUG: Connection pool: 15 active\nUsing Python 3.10\nMinifying vendor.js\nLayer 8/9: COPY command\n[12:52:26] WARN: Deprecated API usage\n[12:52:26] INFO: Starting build process\nStep 17/25: Building\n[12:52:26] INFO: Processing request\nCoverage: 75% statements, 85% branches\nStep 4/22: Building\nProcessing...\n=== Step integration_tests completed ===\n=== Step: deploy_production ===\nCreating production build...\n\u26a0 DEPRECATION: Feature will be removed in v4.0\nWaiting...\nInstalling prettier@3.20.8\nPlatform: darwin-arm64\nTime: 92.2s\nVerifying...\nSnapshots: 13 passed, 27 total\nChecking out develop branch\nWARNING: express has known vulnerabilities\nCompleted.\n\u2717 build failed with exit code 122\nCache restored successfully (287MB)\nUsing Python 3.11\n[12:52:26] INFO: Processing request\nGET /health - 201 (6ms)\nArtifact uploaded: dist.zip (70MB)\n[12:52:26] INFO: Processing request\nConnection established\nPushing to registry...\nStep 19/21: Installing dependencies\n[12:52:26] DEBUG: Initializing service\nLayer 7/14: COPY command\n[12:52:26] DEBUG: Initializing service\n\u2713 Step 'checkout' succeeded\nCache invalidated: build\nUsing Python 3.12\nStep 15/19: Testing\nPOST /data - 202 (301ms)\nDone.\nNODE_ENV=production\nOptimizing 81 modules...\nSnapshots: 33 passed, 20 total\nGET /health - 204 (16ms)\nCompiling components/index.js...\nOptimizing 10 modules...\nStep 7/18: Building\nCache miss for key-7398\nCompiling utils/handler.rs...\nnpm install: added 348 packages\nArtifact downloaded: 9MB\nStep 17/17: Building\nStep 18/22: Testing\nMinifying main.js\nWARNING: axios has known vulnerabilities\nPulling image: alpine:18\nArtifact uploaded: build.tar.gz (24MB)\nStep 6/24: Running migrations\nSwitched to branch 'feature/task-455'\n[12:52:26] WARN: Deprecated API usage\nTests: 182 passed, 284 total\nUsing Python 3.12\nGenerating source maps...\nStep 7/20: Installing dependencies\nStep 10/24: Deploying\nCache miss for key-4541\npip install: Successfully installed express-2.15\nHEAD is now at 5717f49\n  PASS: test_cache_hit (43ms)\n\u2717 build failed with exit code 51\nArtifact uploaded: dist.zip (2MB)\nStep 19/20: Deploying\nImage pulled successfully\nException: TypeError\nUsing Python 3.10\n[12:52:26] WARN: Deprecated API usage\n[12:52:26] INFO: Cache refreshed\n[12:52:26] ERROR: Connection failed\nChecking out develop branch\nOptimizing 55 modules...\nTime: 47.273s\nStep 6/21: Testing\nnpm notice: package.json updated\nWARNING: express has known vulnerabilities\nDone.\nTest Suites: 12 passed, 26 total\n\u26a0 DEPRECATION: Feature will be removed in v2.0\nProcessing...\nFetching submodules...\n  PASS: integration/test_auth_login.spec.js\nTime: 91.168s\n  PASS: integration/test_auth_login.spec.js\n\u2713 Task completed in 675ms\nyarn add: Done in 4.57s\nUsing Node.js 15.6.9\nHEAD is now at 9d6a3c2\nyarn add: Done in 23.9s\nVerifying...\nCoverage: 79% statements, 63% branches\nUsing Python 3.11\n[12:52:26] DEBUG: Initializing service\nCompiling utils/handler.rs...\n\u2713 lint completed\nEnvironment: test\nCache hit for key-7277\n[12:52:26] DEBUG: Memory usage: 1202MB\nnpm notice: created a lockfile\nConnection established\nDone.\nGET /status - 204 (25ms)\nTests: 279 passed, 320 total\nPOST /data - 202 (155ms)\nPOST /upload - 202 (450ms)\n[12:52:26] WARN: Deprecated API usage\nCache invalidated: dependencies\nReady.\n[12:52:26] WARN: Deprecated API usage\nCache restored successfully (140MB)\n  PASS: test_user_create (351ms)\nLayer 5/12: COPY command\nUsing Python 3.10\nBundling main.js\nyarn add: Done in 22.47s\nCompiling utils/handler.rs...\nBundling styles.js\nBundling vendor.js\nStep 8/24: Linting\n\u2713 deploy completed\nArtifact uploaded: build.tar.gz (32MB)\nSwitched to branch 'bugfix/task-641'\nMinifying main.js\n\u2713 Task completed in 4487ms\n[12:52:26] INFO: Processing request\nCoverage: 77% statements, 84% branches\n\u2713 All checks passed\n[12:52:26] DEBUG: Loading configuration\nTransforming 433 files...\n\u2713 Task completed in 3002ms\n[12:52:26] INFO: Request completed\nAlready up to date.\nNODE_ENV=production\nStep 9/20: Testing\n[12:52:26] INFO: Request completed\nPulling image: alpine:latest\nCache restored successfully (54MB)\npip: Installing build dependencies...\n\u26a0 DEPRECATION: Feature will be removed in v2.0\nAlready up to date.\n[12:52:26] DEBUG: Loading configuration\nCoverage: 91% statements, 74% branches\nSwitched to branch 'feature/task-277'\nArtifact downloaded: 10MB\n[12:52:26] DEBUG: Connection pool: 19 active\nAlready up to date.\nLayer 5/13: COPY command\nUsing Python 3.12\nHEAD is now at faa82e3\n  PASS: test_api_health (380ms)\nProcessing...\nStep 16/17: Building\nCompiling components/handler.rs...\nCompiling components/index.js...\nInstalling axios@1.12.6\nImage pulled successfully\nCache miss for key-3829\nNODE_ENV=test\n[12:52:26] DEBUG: Connection pool: 3 active\nFetching from https://github.com/package.json\nOK\npip install: Successfully installed webpack-4.19\nTest Suites: 10 passed, 28 total\npip: Collecting axios\nLayer 7/10: COPY command\nTLS handshake completed\nLayer 3/13: COPY command\nLoading...\nVerifying...\nnpm install: added 361 packages\nProcessing...\npip: Installing build dependencies...\nPushing to registry...\n\u2717 build failed with exit code 29\nLoading...\n[12:52:26] INFO: Connecting to database\n[12:52:26] ERROR: Connection failed\nTests: 95 passed, 217 total\npip: Collecting prettier\nVerifying...\nCache saved successfully\nOptimizing 30 modules...\nImage pulled successfully\n[12:52:26] DEBUG: Query executed in 40ms\nLayer 10/14: RUN command\nTime: 76.277s\n\u26a0 DEPRECATION: Feature will be removed in v3.0\nException: TypeError\nAlready up to date.\nMinifying main.js\nCreating production build...\n\u2713 Task completed in 1758ms\nTest Suites: 27 passed, 10 total\n  PASS: test_db_connect (115ms)\nTests: 245 passed, 467 total\n[12:52:26] DEBUG: Connection pool: 5 active\nCache miss for key-4479\n[12:52:26] INFO: Starting build process\nImage pulled successfully\nStep 9/22: Installing dependencies\nWaiting...\nCache hit for key-3016\nPushing to registry...\nArtifact uploaded: build.tar.gz (23MB)\nUploading artifact 'build' (11 files)\n  PASS: integration/test_db_connect.spec.js\nRan 171 tests in 45s\nCreating production build...\n[12:52:26] WARN: Deprecated API usage\nCompleted.\n\u26a0 DEPRECATION: Feature will be removed in v4.0\npip: Collecting webpack\nStep 15/25: Testing\n[12:52:26] DEBUG: Loading configuration\nWaiting...\nPushing to registry...\nCache miss for key-1806\nHEAD is now at 2fb09fd\nLoading...\nCoverage: 99% statements, 99% branches\nnpm install: added 497 packages\nFinished.\n[12:52:26] DEBUG: Connection pool: 3 active\n[12:52:26] INFO: Connecting to database\n\u26a0 DEPRECATION: Feature will be removed in v4.0\nCreating production build...\nChecking out master branch\n[12:52:26] ERROR: Connection failed\nInstalling eslint@3.2.2\nSnapshots: 4 passed, 41 total\nFetching from https://pypi.org/package.json\nOK\nSwitched to branch 'hotfix/task-836'\n[12:52:26] DEBUG: Connection pool: 13 active\nTime: 30.115s\nPOST /data - 202 (25ms)\nMinifying main.js\nChecking out main branch\nTest Suites: 42 passed, 12 total\nTests: 127 passed, 78 total\n\u26a0 DEPRECATION: Feature will be removed in v4.0\nUsing Python 3.12\nyarn add: Done in 25.36s\nFetching from https://gcr.io/package.json\nCompiling lib/service.java...\n\u2713 All checks passed\nLayer 4/11: ENV command\nHEAD is now at 43da4b3\nUsing Python 3.11\nOptimizing 64 modules...\n\u2713 package completed\n=== Step deploy_production completed ===\n=== Step: install_dependencies ===\nFAILED: test_cache_hit\n[12:52:26] DEBUG: Memory usage: 1735MB\nWARNING: lodash has known vulnerabilities\nyarn add: Done in 22.46s\nCompiling src/app.ts...\n\u26a0 DEPRECATION: Feature will be removed in v5.0\nFetching submodules...\nCache invalidated: node_modules\nStep 20/24: Testing\n[12:52:26] INFO: Connecting to database\nLoading...\nStep 19/17: Deploying\n  PASS: integration/test_db_connect.spec.js\n\u26a0 DEPRECATION: Feature will be removed in v2.0\nArtifact uploaded: dist.zip (60MB)\nCompiling utils/index.js...\npip: Collecting eslint\n[12:52:26] INFO: Processing request\nFetching from https://npmjs.org/package.json\nMinifying vendor.js\nPlatform: darwin-arm64\n[12:52:26] ERROR: Connection failed\n[12:52:26] WARN: Deprecated API usage\nyarn add: Done in 17.23s\nBundling vendor.css\npip: Installing build dependencies...\n\u2713 All checks passed\nCache hit for key-2457\n  PASS: e2e/test_api_health.spec.js\nSuccess!\nCompleted.\nTests: 158 passed, 140 total\nStep 7/15: Testing\nSuccess!\nTLS handshake completed\nFinished.\nUploading artifact 'dist' (23 files)\nTests: 160 passed, 190 total\n[12:52:26] DEBUG: Query executed in 52ms\n[12:52:26] ERROR: Connection failed\n\u26a0 DEPRECATION: Feature will be removed in v2.0\npip: Installing build dependencies...\nTest Suites: 35 passed, 10 total\n[12:52:26] WARN: Deprecated API usage\nSnapshots: 0 passed, 26 total\nLayer 10/8: COPY command\n\u2717 build failed with exit code 53\nEnvironment: production\nCompiling lib/service.java...\n[12:52:26] INFO: Starting build process\nFAILED: test_cache_hit\nStep 5/21: Testing\nBuilding Docker image...\nBuilding Docker image...\nFetching from https://googleapis.com/package.json\nArtifact uploaded: dist.zip (97MB)\n[12:52:26] INFO: Starting build process\npip: Downloading react-5.1.tar.gz\nNODE_ENV=production\n[12:52:26] INFO: Starting build process\npip: Collecting eslint\nCompiling components/main.py...\npip install: Successfully installed axios-4.19\n[12:52:26] WARN: Deprecated API usage\nStep 14/15: Installing dependencies\nUsing Python 3.11\nImage pulled successfully\n[12:52:26] INFO: Connecting to database\npip: Downloading jest-3.15.tar.gz\nStep 13/23: Running migrations\nGenerating source maps...\nCoverage: 82% statements, 85% branches\nCache hit for key-6080\nStep 20/20: Installing dependencies\nCreating production build...\nGenerating source maps...\nChecking out master branch\nSwitched to branch 'hotfix/task-150'\nPlatform: linux-x64\nCache saved successfully\nSuccess!\n[12:52:26] DEBUG: Loading configuration\nNODE_ENV=test\nCompiling components/app.ts...\n[12:52:26] ERROR: Connection failed\nStep 16/20: Testing\n[12:52:26] DEBUG: Connection pool: 10 active\nLoading...\nCache saved successfully\n\u2713 test completed\nChecking out main branch\nOptimizing 50 modules...\nFinished.\nCache miss for key-9039\nUsing Python 3.12\n[12:52:26] DEBUG: Connection pool: 12 active\nLayer 1/9: RUN command\nGET /status - 200 (91ms)\nStep 3/16: Linting\n\u2713 Task completed in 2620ms\nCache restored successfully (97MB)\nLoading...\nException: NullPointerException\nOptimizing 100 modules...\nDone.\nCompleted.\n  PASS: test_db_connect (383ms)\nnpm notice: created a lockfile\nCompiling components/index.js...\n[12:52:26] DEBUG: Memory usage: 1423MB\n[12:52:26] DEBUG: Initializing service\nVerifying...\nReady.\nArtifact downloaded: 1MB\nRan 106 tests in 19s\nPlatform: win32-x64\n\u2713 All checks passed\nTime: 78.741s\n\u26a0 DEPRECATION: Feature will be removed in v4.0\nnpm install: resolved 1704 packages\nUploading artifact 'dist' (48 files)\n\u26a0 DEPRECATION: Feature will be removed in v2.0\nStep 7/23: Installing dependencies\nGET /health - 201 (94ms)\nArtifact uploaded: build.tar.gz (1MB)\nFetching from https://npmjs.org/package.json\nBuilding Docker image...\nArtifact uploaded: build.tar.gz (35MB)\nFAILED: test_user_create\n[12:52:26] INFO: Connecting to database\nImage pulled successfully\nPlatform: linux-x64\nDone.\nFinished.\nSuccess!\nCompiling components/utils.go...\nCoverage: 97% statements, 97% branches\nStep 7/24: Linting\n[12:52:26] DEBUG: Connection pool: 11 active\nnpm notice: created a lockfile\n\u2713 test completed\nCache miss for key-2451\n[12:52:26] INFO: Cache refreshed\nVerifying...\n[12:52:26] DEBUG: Memory usage: 673MB\nHEAD is now at 41857ca\n[12:52:26] ERROR: Connection failed\n[12:52:26] DEBUG: Query executed in 38ms\nArtifact uploaded: dist.zip (47MB)\nyarn add: Done in 22.60s\nCompiling src/handler.rs...\nWaiting...\nOptimizing 43 modules...\nCompiling components/service.java...\nFAILED: test_user_create\n[12:52:26] INFO: Connecting to database\nnpm notice: created a lockfile\nFetching submodules...\nArtifact uploaded: dist.zip (90MB)\nReady.\nOK\n[12:52:26] INFO: Request completed\nTLS handshake completed\nArtifact downloaded: 15MB\n[12:52:26] DEBUG: Initializing service\npip: Collecting react\nReady.\nWARNING: axios has known vulnerabilities\n[12:52:26] INFO: Cache refreshed\nCoverage: 95% statements, 91% branches\npip: Collecting axios\nBundling runtime.css\nCoverage: 95% statements, 87% branches\nHEAD is now at ab920ab\nStep 7/19: Deploying\nSnapshots: 25 passed, 37 total\n[12:52:26] INFO: Cache refreshed\nCache miss for key-9102\nCache hit for key-8270\nCompiling components/main.py...\nUsing Python 3.12\nSnapshots: 13 passed, 17 total\nCompiling src/index.js...\nOK\nRan 146 tests in 49s\nEnvironment: development\nStep 4/15: Running migrations\nCache miss for key-8723\nTest Suites: 11 passed, 13 total\nConnection established\nFinished.\nStep 11/16: Installing dependencies\nStep 16/23: Deploying\nPOST /api - 201 (392ms)\nTest Suites: 12 passed, 40 total\nCache saved successfully\nUsing Node.js 19.13.8\nRan 23 tests in 30s\nOK\nUsing Python 3.11\nGenerating source maps...\nnpm notice: package.json updated\nStep 12/19: Building\nArtifact uploaded: dist.zip (22MB)\nImage pulled successfully\nFetching submodules...\n  PASS: test_db_connect (11ms)\nCoverage: 78% statements, 77% branches\nConnection established\nStep 14/15: Installing dependencies\nTests: 66 passed, 346 total\nCompleted.\nnpm notice: package.json updated\nBundling vendor.js\nnpm install: resolved 1803 packages\n[12:52:26] INFO: Connecting to database\n[12:52:26] DEBUG: Memory usage: 756MB\nCache invalidated: node_modules\nCompiling components/service.java...\nnpm notice: created a lockfile\nBuilding Docker image...\nArtifact uploaded: dist.zip (40MB)\nCache hit for key-4874\n  PASS: unit/test_user_create.spec.js\nWARNING: prettier has known vulnerabilities\nGenerating source maps...\nTests: 297 passed, 58 total\nnpm notice: created a lockfile\nCompiling src/utils.go...\nUsing Node.js 14.4.9\n\u2713 Step 'install' succeeded\nVerifying...\nCache hit for key-1518\n[12:52:26] INFO: Request completed\n[12:52:26] INFO: Starting build process\nnpm notice: created a lockfile\n[12:52:26] INFO: Request completed\n\u2713 All checks passed\nCache invalidated: node_modules\nPlatform: linux-x64\nSwitched to branch 'bugfix/task-452'\nUploading artifact 'coverage' (34 files)\nCompiling components/index.js...\nHEAD is now at 8f5cc56\nnpm notice: package.json updated\nCreating production build...\nSwitched to branch 'hotfix/task-930'\npip: Installing build dependencies...\nnpm install: added 360 packages\n=== Step install_dependencies completed ===\n=== Step: e2e_tests ===\nCoverage: 91% statements, 79% branches\nException: NullPointerException\nGET /api - 200 (22ms)\nDone.\nCompiling src/app.ts...\nCache hit for key-2378\nOK\nFetching submodules...\nNODE_ENV=development\nCompiling components/handler.rs...\nSuccess!\nGenerating source maps...\n[12:52:26] INFO: Request completed\n  PASS: unit/test_db_connect.spec.js\nOptimizing 66 modules...\nCache invalidated: node_modules\nStep 6/20: Deploying\npip install: Successfully installed jest-2.20\nStep 17/22: Building\nMinifying main.js\nFAILED: test_user_create\n[12:52:26] WARN: Deprecated API usage\nnpm notice: created a lockfile\nConnection established\nReady.\nStep 12/22: Testing\nEnvironment: production\nLoading...\npip: Installing build dependencies...\n[12:52:26] INFO: Request completed\nnpm install: added 307 packages\nFinished.\n[12:52:26] INFO: Cache refreshed\nStep 5/21: Installing dependencies\nCoverage: 92% statements, 77% branches\nPlatform: win32-x64\nDone.\nTests: 192 passed, 460 total\nLayer 1/13: RUN command\nInstalling prettier@4.3.5\nChecking out master branch\nCache hit for key-7304\npip: Downloading axios-4.18.tar.gz\nTLS handshake completed\npip: Downloading eslint-1.7.tar.gz\nTransforming 471 files...\nException: RuntimeError\n[12:52:26] WARN: Deprecated API usage\npip: Installing build dependencies...\nnpm install: resolved 1439 packages\n[12:52:26] WARN: Deprecated API usage\nOptimizing 92 modules...\nWaiting...\n[12:52:26] ERROR: Connection failed\nVerifying...\n[12:52:26] WARN: Deprecated API usage\nnpm install: resolved 1627 packages\nnpm install: resolved 1278 packages\nFinished.\nArtifact downloaded: 8MB\nConnection established\nCompleted.\nTest Suites: 24 passed, 17 total\nStep 17/24: Running migrations\nFinished.\n[12:52:26] WARN: Deprecated API usage\nWARNING: jest has known vulnerabilities\nPulling image: node:3.11\nStep 9/15: Testing\nnpm install: resolved 1990 packages\n[12:52:26] ERROR: Connection failed\nCache restored successfully (448MB)\n  PASS: integration/test_auth_login.spec.js\nStep 10/21: Deploying\n  PASS: e2e/test_cache_hit.spec.js\nGenerating source maps...\nBuilding Docker image...\nConnection established\nSnapshots: 14 passed, 24 total\npip: Installing build dependencies...\nReady.\n[12:52:26] INFO: Request completed\nFetching from https://googleapis.com/package.json\nWARNING: react has known vulnerabilities\nnpm install: added 342 packages\nBundling runtime.css\nFAILED: test_db_connect\n[12:52:26] INFO: Request completed\n\u2713 deploy completed\nCoverage: 80% statements, 69% branches\nDone.\npip: Installing build dependencies...\nCompiling utils/index.js...\nAlready up to date.\nArtifact downloaded: 34MB\n\u2713 All checks passed\n[12:52:26] DEBUG: Initializing service\n\u2713 All checks passed\nLoading...\n[12:52:26] DEBUG: Query executed in 73ms\nWaiting...\nBundling main.js\nArtifact downloaded: 3MB\nStep 20/24: Deploying\nGenerating source maps...\nMinifying app.js\nGET /health - 204 (11ms)\nFetching from https://registry.npmjs.org/package.json\nCache invalidated: node_modules\nPlatform: darwin-arm64\nUploading artifact 'build' (13 files)\nAlready up to date.\nPlatform: linux-x64\nDone.\nMinifying main.js\nReady.\nStep 9/22: Running migrations\nTests: 161 passed, 108 total\n[12:52:26] INFO: Starting build process\nUsing Python 3.12\nFAILED: test_auth_login\nUploading artifact 'coverage' (16 files)\n[12:52:26] INFO: Starting build process\nTransforming 950 files...\nWaiting...\nProcessing...\nCompiling utils/service.java...\nCache invalidated: node_modules\n[12:52:26] INFO: Cache refreshed\nConnection established\nPOST /data - 201 (300ms)\n\u2713 All checks passed\nBundling vendor.js\nWARNING: express has known vulnerabilities\nSwitched to branch 'bugfix/task-877'\nBuilding Docker image...\nHEAD is now at fed5d1c\nException: TypeError\n\u2713 test completed\nStep 6/18: Installing dependencies\nSwitched to branch 'bugfix/task-298'\nTests: 370 passed, 52 total\n\u2713 Task completed in 2036ms\nStep 9/17: Building\nLayer 10/10: COPY command\nStep 2/22: Building\n[12:52:26] INFO: Starting build process\nPOST /upload - 200 (461ms)\nCache restored successfully (154MB)\nRan 135 tests in 4s\nBundling runtime.js\nCache restored successfully (99MB)\nArtifact downloaded: 24MB\npip: Downloading axios-2.0.tar.gz\nProcessing...\n[12:52:26] INFO: Request completed\nStep 19/23: Deploying\nCache miss for key-7644\nDone.\nCache hit for key-7061\n\u26a0 DEPRECATION: Feature will be removed in v5.0\n[12:52:26] DEBUG: Connection pool: 5 active\nPlatform: win32-x64\npip: Collecting react\n[12:52:26] INFO: Connecting to database\nArtifact downloaded: 15MB\nBuilding Docker image...\n[12:52:26] ERROR: Connection failed\nCompiling lib/index.js...\nBundling vendor.css\n[12:52:26] DEBUG: Loading configuration\nImage pulled successfully\nSuccess!\nStep 17/25: Building\nArtifact uploaded: dist.zip (12MB)\npip install: Successfully installed prettier-4.16\nBundling styles.css\nCompiling components/index.js...\n\u26a0 DEPRECATION: Feature will be removed in v3.0\n\u2713 Step 'build' succeeded\nStep 1/18: Installing dependencies\n\u2717 build failed with exit code 45\nGET /api - 201 (53ms)\npip: Collecting prettier\nStep 6/23: Testing\n\u26a0 DEPRECATION: Feature will be removed in v5.0\npip: Collecting prettier\nNODE_ENV=development\n[12:52:26] DEBUG: Initializing service\nStep 2/23: Building\n\u2713 test completed\npip: Collecting webpack\n[12:52:26] DEBUG: Initializing service\n[12:52:26] INFO: Processing request\nSuccess!\nFetching submodules...\nBuilding Docker image...\n[12:52:26] INFO: Request completed\nCache saved successfully\npip: Downloading eslint-2.2.tar.gz\nRan 138 tests in 37s\nArtifact uploaded: build.tar.gz (16MB)\nUploading artifact 'dist' (4 files)\nnpm install: resolved 562 packages\nBundling main.css\nPulling image: python:3.11\nException: RuntimeError\n[12:52:26] INFO: Request completed\nWARNING: lodash has known vulnerabilities\n[12:52:26] ERROR: Connection failed\nnpm notice: created a lockfile\nnpm notice: created a lockfile\nTests: 74 passed, 372 total\n[12:52:26] DEBUG: Loading configuration\n\u2713 package completed\nWaiting...\nGET /status - 201 (82ms)\n\u26a0 DEPRECATION: Feature will be removed in v5.0\n[12:52:26] DEBUG: Initializing service\n\u2717 build failed with exit code 30\n[12:52:26] ERROR: Connection failed\nEnvironment: test\nFetching submodules...\n[12:52:26] WARN: Deprecated API usage\n[12:52:26] INFO: Connecting to database\nStep 11/25: Testing\nInstalling axios@5.18.5\nStep 5/25: Building\nUsing Python 3.9\nStep 7/20: Linting\nOK\nCache invalidated: node_modules\n[12:52:26] WARN: Deprecated API usage\nPulling image: python:3.11\n[12:52:26] DEBUG: Query executed in 24ms\nException: ValueError\nSnapshots: 3 passed, 19 total\nUsing Node.js 20.13.8\nWARNING: webpack has known vulnerabilities\nStep 11/24: Running migrations\nArtifact downloaded: 28MB\nFetching from https://gcr.io/package.json\nCache miss for key-8880\nTests: 457 passed, 233 total\npip install: Successfully installed axios-3.14\nBuilding Docker image...\nImage pulled successfully\n  PASS: test_api_health (413ms)\nReady.\n=== Step e2e_tests completed ===\n=== Step: upload_artifacts ===\nTransforming 696 files...\npip install: Successfully installed webpack-2.20\nTests: 157 passed, 364 total\n[12:52:26] INFO: Request completed\nArtifact downloaded: 34MB\n[12:52:26] DEBUG: Memory usage: 1113MB\npip: Collecting jest\n[12:52:26] ERROR: Connection failed\n[12:52:26] DEBUG: Query executed in 71ms\nFAILED: test_user_create\nPlatform: darwin-arm64\n\u26a0 DEPRECATION: Feature will be removed in v4.0\nArtifact downloaded: 21MB\nFAILED: test_user_create\nCache invalidated: dependencies\nEnvironment: test\nBuilding Docker image...\nImage pulled successfully\nWARNING: axios has known vulnerabilities\nNODE_ENV=development\n[12:52:26] INFO: Cache refreshed\nnpm install: resolved 1189 packages\n\u2713 Step 'install' succeeded\n[12:52:26] WARN: Deprecated API usage\nCompiling lib/handler.rs...\n\u26a0 DEPRECATION: Feature will be removed in v2.0\nChecking out develop branch\nChecking out master branch\nStep 5/17: Deploying\nnpm install: resolved 681 packages\nCompleted.\n\u26a0 DEPRECATION: Feature will be removed in v3.0\nTime: 93.182s\nArtifact uploaded: dist.zip (42MB)\nTest Suites: 18 passed, 42 total\n\u26a0 DEPRECATION: Feature will be removed in v5.0\nHEAD is now at 29d5b3c\nFetching from https://githubusercontent.com/package.json\n\u2713 Step 'checkout' succeeded\nArtifact uploaded: build.tar.gz (49MB)\nGET /status - 200 (18ms)\n[12:52:26] DEBUG: Connection pool: 7 active\nOK\nSwitched to branch 'bugfix/task-265'\nCompleted.\nnpm notice: package.json updated\nEnvironment: development\nRan 101 tests in 12s\npip install: Successfully installed prettier-1.15\nCompiling components/app.ts...\nSwitched to branch 'hotfix/task-566'\nCache restored successfully (491MB)\nTests: 473 passed, 309 total\nBundling styles.css\nCompiling utils/main.py...\nCoverage: 92% statements, 65% branches\nConnection established\nException: RuntimeError\nBundling runtime.js\nCoverage: 93% statements, 76% branches\nSwitched to branch 'hotfix/task-716'\n  PASS: test_db_connect (61ms)\nDone.\nMinifying main.js\n[12:52:26] ERROR: Connection failed\nRan 161 tests in 45s\nCache restored successfully (204MB)\n[12:52:26] DEBUG: Loading configuration\nInstalling axios@5.12.6\n[12:52:26] INFO: Starting build process\nyarn add: Done in 18.62s\nTests: 163 passed, 234 total\n[12:52:26] INFO: Cache refreshed\nStep 20/24: Linting\n[12:52:26] DEBUG: Loading configuration\nImage pulled successfully\nnpm notice: created a lockfile\nStep 4/21: Building\nCache saved successfully\nnpm notice: created a lockfile\npip: Installing build dependencies...\nRan 16 tests in 30s\nPushing to registry...\nnpm install: resolved 787 packages\nCompiling utils/app.ts...\nStep 7/19: Testing\nCompiling components/app.ts...\nStep 9/18: Building\nArtifact uploaded: build.tar.gz (46MB)\nGenerating source maps...\nChecking out main branch\nWaiting...\n\u2713 Task completed in 2812ms\nUsing Node.js 15.17.8\nnpm notice: package.json updated\nCache hit for key-7688\n  PASS: test_auth_login (476ms)\n[12:52:26] WARN: Deprecated API usage\n[12:52:26] INFO: Cache refreshed\n\u2713 All checks passed\nStep 20/18: Linting\n[12:52:26] DEBUG: Query executed in 6ms\nSuccess!\nCompiling components/service.java...\nStep 3/22: Testing\nPushing to registry...\nCoverage: 71% statements, 84% branches\nCache saved successfully\nCoverage: 99% statements, 74% branches\nWARNING: eslint has known vulnerabilities\nTest Suites: 6 passed, 27 total\nPOST /upload - 202 (273ms)\nBuilding Docker image...\nStep 9/20: Installing dependencies\npip: Downloading webpack-4.11.tar.gz\nStep 3/16: Linting\nTime: 68.942s\nArtifact uploaded: build.tar.gz (28MB)\nSnapshots: 19 passed, 14 total\nTransforming 509 files...\nLoading...\nCreating production build...\n[12:52:26] DEBUG: Connection pool: 14 active\nBundling vendor.js\nCache invalidated: node_modules\nFinished.\n[12:52:26] DEBUG: Initializing service\n[12:52:26] INFO: Connecting to database\nCache hit for key-9482\nCompiling src/app.ts...\nVerifying...\nPulling image: alpine:3.11\nProcessing...\npip install: Successfully installed prettier-3.20\nCache saved successfully\nTest Suites: 42 passed, 41 total\nSuccess!\nPushing to registry...\nCompiling components/handler.rs...\nOptimizing 20 modules...\nnpm notice: created a lockfile\nPOST /api - 200 (255ms)\nOK\nNODE_ENV=production\nStep 3/15: Testing\nFetching submodules...\n[12:52:26] DEBUG: Memory usage: 1241MB\nTime: 23.245s\n[12:52:26] DEBUG: Memory usage: 465MB\nStep 7/18: Deploying\n\u2717 build failed with exit code 66\nCreating production build...\nStep 19/15: Building\nReady.\nPushing to registry...\npip: Downloading jest-2.8.tar.gz\n\u2713 All checks passed\n\u2713 lint completed\nUsing Python 3.11\npip: Installing build dependencies...\n  PASS: test_user_create (443ms)\nSuccess!\nWARNING: react has known vulnerabilities\n[12:52:26] INFO: Starting build process\nOK\nFinished.\nException: TypeError\n[12:52:26] DEBUG: Connection pool: 3 active\nEnvironment: development\n[12:52:26] INFO: Connecting to database\nInstalling eslint@4.4.6\n\u26a0 DEPRECATION: Feature will be removed in v3.0\nFetching submodules...\npip install: Successfully installed lodash-4.2\nTransforming 414 files...\nCache invalidated: node_modules\nChecking out main branch\npip: Installing build dependencies...\nSnapshots: 29 passed, 10 total\nCompiling components/app.ts...\n[12:52:26] DEBUG: Initializing service\n[12:52:26] DEBUG: Loading configuration\nArtifact uploaded: dist.zip (90MB)\nEnvironment: test\nChecking out main branch\nRan 71 tests in 38s\nOK\n\u26a0 DEPRECATION: Feature will be removed in v2.0\nTime: 102.720s\nArtifact uploaded: dist.zip (46MB)\nTLS handshake completed\nAlready up to date.\nCompiling lib/main.py...\nHEAD is now at 274703b\n\u26a0 DEPRECATION: Feature will be removed in v5.0\n[12:52:26] INFO: Request completed\nArtifact uploaded: dist.zip (59MB)\nGET /status - 200 (39ms)\nSuccess!\nStep 20/24: Deploying\nInstalling jest@5.16.0\nPlatform: linux-x64\nStep 13/22: Installing dependencies\n\u26a0 DEPRECATION: Feature will be removed in v4.0\nOptimizing 45 modules...\nStep 14/15: Building\nConnection established\nSuccess!\nNODE_ENV=production\n[12:52:26] DEBUG: Memory usage: 789MB\nFinished.\nArtifact downloaded: 36MB\nPOST /data - 201 (472ms)\nLoading...\n[12:52:26] INFO: Cache refreshed\nArtifact downloaded: 7MB\nOK\nGenerating source maps...\nChecking out develop branch\npip: Installing build dependencies...\n\u2717 build failed with exit code 42\nVerifying...\nnpm install: added 21 packages\n[12:52:26] INFO: Request completed\nnpm notice: package.json updated\n[12:52:26] WARN: Deprecated API usage\n[12:52:26] DEBUG: Connection pool: 11 active\nCache restored successfully (198MB)\nTLS handshake completed\nFetching from https://githubusercontent.com/package.json\nnpm notice: created a lockfile\nFetching submodules...\nLoading...\nBundling main.js\nPOST /data - 202 (92ms)\n\u2713 build completed\npip: Installing build dependencies...\nCompiling components/app.ts...\n[12:52:26] INFO: Request completed\nTests: 398 passed, 89 total\nnpm notice: package.json updated\nPushing to registry...\nnpm install: resolved 709 packages\nWARNING: jest has known vulnerabilities\n[12:52:26] DEBUG: Memory usage: 1567MB\nGenerating source maps...\nPushing to registry...\nArtifact uploaded: build.tar.gz (43MB)\n[12:52:26] DEBUG: Memory usage: 1623MB\n=== Step upload_artifacts completed ===\n=== Step: checkout ===\nFetching submodules...\n[12:52:26] ERROR: Connection failed\nStep 17/22: Running migrations\nWARNING: express has known vulnerabilities\nHEAD is now at 83b9031\nOK\n  PASS: test_cache_hit (217ms)\nFetching submodules...\nCompiling lib/index.js...\nTests: 441 passed, 372 total\n\u2713 test completed\nTest Suites: 47 passed, 37 total\nUsing Python 3.9\nGenerating source maps...\n[12:52:26] WARN: Deprecated API usage\nReady.\nRan 49 tests in 16s\n[12:52:26] WARN: Deprecated API usage\n[12:52:26] WARN: Deprecated API usage\nAlready up to date.\n\u2717 build failed with exit code 66\nProcessing...\nProcessing...\nStep 2/15: Linting\nStep 6/20: Running migrations\nNODE_ENV=production\n\u26a0 DEPRECATION: Feature will be removed in v2.0\nAlready up to date.\nTLS handshake completed\n[12:52:26] DEBUG: Connection pool: 17 active\npip: Collecting webpack\n[12:52:26] WARN: Deprecated API usage\nWARNING: react has known vulnerabilities\nWaiting...\npip: Installing build dependencies...\nMinifying app.js\nEnvironment: test\nCache restored successfully (479MB)\nUploading artifact 'coverage' (17 files)\nnpm install: resolved 1803 packages\nCache hit for key-3363\nPushing to registry...\nSwitched to branch 'feature/task-179'\nImage pulled successfully\n[12:52:26] INFO: Processing request\nGenerating source maps...\nStep 8/16: Running migrations\nTest Suites: 26 passed, 19 total\nVerifying...\nTime: 100.877s\nFetching from https://googleapis.com/package.json\nPlatform: linux-x64\n[12:52:26] DEBUG: Loading configuration\nHEAD is now at 69068c1\nArtifact uploaded: dist.zip (96MB)\n[12:52:26] INFO: Cache refreshed\nMinifying main.js\nnpm install: added 259 packages\n[12:52:26] DEBUG: Initializing service\nStep 15/16: Linting\nnpm notice: created a lockfile\nTests: 369 passed, 320 total\nDone.\nnpm install: added 211 packages\nEnvironment: staging\n\u2717 build failed with exit code 113\nException: TypeError\nWARNING: prettier has known vulnerabilities\nTests: 56 passed, 463 total\nTime: 112.390s\nCache restored successfully (133MB)\n[12:52:26] INFO: Request completed\nnpm install: added 156 packages\nTransforming 225 files...\nMinifying app.js\nnpm notice: created a lockfile\nPOST /data - 201 (392ms)\nCreating production build...\n[12:52:26] DEBUG: Loading configuration\n[12:52:26] DEBUG: Loading configuration\nProcessing...\nyarn add: Done in 28.61s\n[12:52:26] INFO: Starting build process\npip: Downloading react-2.19.tar.gz\nCache saved successfully\nCompiling utils/utils.go...\nCache restored successfully (160MB)\nConnection established\nNODE_ENV=development\nCompleted.\npip: Downloading axios-3.12.tar.gz\nLayer 9/15: RUN command\nCompiling utils/index.js...\nCompiling src/app.ts...\nCache restored successfully (296MB)\nBundling runtime.css\nTime: 104.35s\nHEAD is now at 4038d26\nFetching submodules...\nFAILED: test_user_create\nPOST /upload - 201 (422ms)\nOptimizing 56 modules...\nyarn add: Done in 19.73s\nImage pulled successfully\n[12:52:26] INFO: Starting build process\nMinifying vendor.js\nConnection established\nBundling styles.css\nBuilding Docker image...\nTransforming 777 files...\n[12:52:26] INFO: Starting build process\nCache invalidated: dependencies\nFetching submodules...\nWARNING: lodash has known vulnerabilities\nSnapshots: 50 passed, 8 total\n\u2713 Step 'setup' succeeded\n\u26a0 DEPRECATION: Feature will be removed in v4.0\n\u2713 Step 'test' succeeded\n\u2713 Step 'checkout' succeeded\nCreating production build...\nGenerating source maps...\nStep 20/23: Linting\nyarn add: Done in 10.96s\nSwitched to branch 'feature/task-521'\nPushing to registry...\n[12:52:26] WARN: Deprecated API usage\nBuilding Docker image...\nTLS handshake completed\nyarn add: Done in 14.68s\n[12:52:26] DEBUG: Initializing service\nArtifact uploaded: dist.zip (92MB)\nOptimizing 33 modules...\nSwitched to branch 'hotfix/task-307'\nStep 4/19: Linting\nInstalling jest@2.19.8\nWARNING: express has known vulnerabilities\nBuilding Docker image...\nCache saved successfully\nTest Suites: 8 passed, 22 total\nBundling styles.js\n\u2713 Task completed in 1070ms\nStep 18/20: Building\nSnapshots: 44 passed, 10 total\nPulling image: node:3.11\n\u26a0 DEPRECATION: Feature will be removed in v3.0\nnpm notice: created a lockfile\n[12:52:26] DEBUG: Connection pool: 19 active\nnpm notice: created a lockfile\nOptimizing 84 modules...\n  PASS: test_db_connect (375ms)\n\u2713 Step 'setup' succeeded\nSwitched to branch 'bugfix/task-434'\nCache invalidated: node_modules\nFetching from https://amazonaws.com/package.json\npip: Downloading express-4.10.tar.gz\n[12:52:26] INFO: Cache refreshed\nPlatform: darwin-arm64\nStep 10/16: Building\nOK\nCache restored successfully (422MB)\nPulling image: alpine:18\nCoverage: 74% statements, 85% branches\n[12:52:26] WARN: Deprecated API usage\n[12:52:26] DEBUG: Loading configuration\nArtifact downloaded: 24MB\nBundling vendor.js\n[12:52:26] INFO: Request completed\nPushing to registry...\nFinished.\n[12:52:26] ERROR: Connection failed\nUploading artifact 'dist' (5 files)\n[12:52:26] DEBUG: Connection pool: 15 active\nCoverage: 98% statements, 69% branches\nStep 4/19: Building\nVerifying...\nnpm install: added 439 packages\nRan 33 tests in 59s\nSuccess!\n[12:52:26] DEBUG: Query executed in 51ms\n[12:52:26] DEBUG: Query executed in 72ms\n[12:52:26] ERROR: Connection failed\nOK\nArtifact downloaded: 29MB\nInstalling express@3.14.4\nStep 3/25: Building\nCompiling lib/utils.go...\npip: Collecting eslint\n[12:52:26] INFO: Cache refreshed\n\u2713 All checks passed\nTLS handshake completed\npip install: Successfully installed eslint-4.4\nFetching from https://amazonaws.com/package.json\nConnection established\nChecking out master branch\nyarn add: Done in 18.79s\nWARNING: eslint has known vulnerabilities\n\u26a0 DEPRECATION: Feature will be removed in v4.0\npip: Downloading axios-1.18.tar.gz\nTest Suites: 7 passed, 38 total\nLayer 5/12: RUN command\npip: Downloading prettier-4.4.tar.gz\nArtifact uploaded: build.tar.gz (35MB)\nArtifact uploaded: build.tar.gz (35MB)\nHEAD is now at e9d8a33\nBundling main.css\nCache invalidated: dependencies\n[12:52:26] INFO: Connecting to database\nStep 12/21: Installing dependencies\n\u2713 validate completed\nArtifact uploaded: dist.zip (14MB)\nWARNING: jest has known vulnerabilities\nFetching submodules...\nWARNING: jest has known vulnerabilities\n[12:52:26] WARN: Deprecated API usage\nnpm install: resolved 1446 packages\nHEAD is now at ce5fe33\nFinished.\nAlready up to date.\nTLS handshake completed\nBundling vendor.js\n[12:52:26] INFO: Cache refreshed\npip: Collecting webpack\nCompiling src/handler.rs...\n\u2713 All checks passed\npip: Downloading eslint-5.3.tar.gz\nInstalling eslint@1.19.9\nBundling main.js\nVerifying...\n[12:52:26] DEBUG: Connection pool: 11 active\nException: NullPointerException\n  PASS: test_auth_login (76ms)\n\u2713 package completed\nBundling vendor.css\nPOST /api - 200 (167ms)\nLayer 4/15: RUN command\nnpm install: added 231 packages\n[12:52:26] WARN: Deprecated API usage\n  PASS: test_user_create (121ms)\nTLS handshake completed\n[12:52:26] INFO: Request completed\nTests: 287 passed, 275 total\nSuccess!\nCreating production build...\n  PASS: test_db_connect (226ms)\nSwitched to branch 'bugfix/task-520'\nCreating production build...\nBuilding Docker image...\nReady.\nCompleted.\n=== Step checkout completed ===\n=== Step: restore_cache ===\nCreating production build...\npip: Installing build dependencies...\nStep 16/17: Installing dependencies\nStep 6/24: Installing dependencies\n[12:52:26] ERROR: Connection failed\nStep 10/17: Deploying\nChecking out develop branch\n[12:52:26] INFO: Request completed\n[12:52:26] DEBUG: Loading configuration\nUsing Python 3.9\nTransforming 259 files...\nSnapshots: 32 passed, 17 total\n[12:52:26] DEBUG: Initializing service\nnpm install: resolved 666 packages\nWARNING: jest has known vulnerabilities\nGenerating source maps...\nArtifact downloaded: 5MB\nReady.\nTLS handshake completed\nVerifying...\nyarn add: Done in 24.4s\n[12:52:26] WARN: Deprecated API usage\nUsing Python 3.9\nArtifact uploaded: build.tar.gz (38MB)\nReady.\nCompleted.\nHEAD is now at 0c7b602\nTransforming 542 files...\nCreating production build...\nInstalling express@3.13.7\n\u2713 Step 'setup' succeeded\n[12:52:26] DEBUG: Memory usage: 1296MB\nnpm notice: package.json updated\nCache invalidated: build\nUsing Python 3.9\nCreating production build...\nBuilding Docker image...\nGET /api - 204 (15ms)\nArtifact uploaded: dist.zip (24MB)\nDone.\nStep 20/23: Building\nGET /status - 200 (17ms)\npip: Installing build dependencies...\n[12:52:26] INFO: Request completed\nChecking out main branch\nGenerating source maps...\n[12:52:26] WARN: Deprecated API usage\nStep 1/15: Testing\nCreating production build...\n[12:52:26] DEBUG: Query executed in 7ms\n\u2713 lint completed\nLoading...\nCreating production build...\n[12:52:26] DEBUG: Initializing service\nInstalling jest@1.17.4\nUploading artifact 'build' (40 files)\nOptimizing 10 modules...\nArtifact downloaded: 20MB\nTLS handshake completed\nCache miss for key-8724\nTLS handshake completed\nnpm install: added 379 packages\npip: Collecting prettier\n[12:52:26] INFO: Request completed\nStep 9/22: Testing\nNODE_ENV=production\nCache hit for key-3778\nPlatform: win32-x64\nCompleted.\nPulling image: python:18\nPushing to registry...\nImage pulled successfully\nRan 66 tests in 17s\nPlatform: darwin-arm64\n[12:52:26] WARN: Deprecated API usage\nnpm notice: created a lockfile\nProcessing...\nAlready up to date.\n  PASS: unit/test_user_create.spec.js\nCreating production build...\nTest Suites: 49 passed, 17 total\nTransforming 419 files...\nWARNING: lodash has known vulnerabilities\nArtifact uploaded: build.tar.gz (28MB)\nLoading...\nTLS handshake completed\nAlready up to date.\nPulling image: alpine:3.11\nUsing Python 3.9\nnpm install: resolved 821 packages\nPlatform: win32-x64\nSwitched to branch 'hotfix/task-710'\nCompleted.\nArtifact downloaded: 31MB\n[12:52:26] DEBUG: Initializing service\nWARNING: react has known vulnerabilities\nReady.\n\u2713 Step 'checkout' succeeded\n\u2713 All checks passed\nCache hit for key-1210\nLayer 3/15: COPY command\nLayer 1/13: RUN command\n[12:52:26] INFO: Request completed\nCompleted.\nSnapshots: 23 passed, 23 total\nUsing Python 3.11\nTime: 8.758s\nMinifying vendor.js\nNODE_ENV=test\nReady.\n\u2713 Task completed in 816ms\n\u2713 All checks passed\nCoverage: 71% statements, 99% branches\nHEAD is now at 12921bf\nGenerating source maps...\nStep 3/16: Installing dependencies\nStep 13/17: Testing\nArtifact uploaded: build.tar.gz (17MB)\nAlready up to date.\nPOST /data - 201 (210ms)\nMinifying vendor.js\nBuilding Docker image...\n[12:52:26] DEBUG: Connection pool: 2 active\nStep 2/16: Building\n\u26a0 DEPRECATION: Feature will be removed in v4.0\n\u2713 validate completed\nLayer 6/13: COPY command\nFetching from https://amazonaws.com/package.json\nnpm notice: package.json updated\nMinifying main.js\n\u2713 All checks passed\nRan 118 tests in 58s\nTests: 462 passed, 51 total\nCompiling utils/service.java...\nHEAD is now at 1934363\nCompiling src/service.java...\nCache saved successfully\npip: Downloading react-3.2.tar.gz\nBuilding Docker image...\nCache miss for key-7901\nArtifact downloaded: 10MB\n[12:52:26] INFO: Connecting to database\nStep 19/16: Installing dependencies\nnpm install: resolved 1467 packages\npip: Downloading lodash-5.19.tar.gz\nLoading...\nnpm install: added 177 packages\npip install: Successfully installed react-2.5\n[12:52:26] INFO: Connecting to database\npip: Downloading axios-5.10.tar.gz\nGET /health - 200 (15ms)\nFetching from https://githubusercontent.com/package.json\nChecking out master branch\nStep 4/21: Deploying\nChecking out master branch\nnpm install: added 187 packages\nChecking out main branch\n[12:52:26] INFO: Request completed\nFetching submodules...\nImage pulled successfully\nUsing Node.js 20.18.2\nGenerating source maps...\nRan 78 tests in 21s\n[12:52:26] DEBUG: Initializing service\nArtifact uploaded: dist.zip (80MB)\nnpm install: added 76 packages\nWaiting...\n  PASS: test_db_connect (102ms)\nTime: 116.120s\nLayer 8/15: COPY command\nCompiling components/app.ts...\nnpm install: added 217 packages\nEnvironment: development\nyarn add: Done in 1.39s\nCache saved successfully\n[12:52:26] INFO: Processing request\nStep 14/15: Running migrations\n[12:52:26] DEBUG: Loading configuration\nSnapshots: 9 passed, 9 total\nCompiling utils/app.ts...\nCache saved successfully\nWARNING: prettier has known vulnerabilities\nCache hit for key-9104\nOK\nEnvironment: production\n\u26a0 DEPRECATION: Feature will be removed in v4.0\n[12:52:26] INFO: Request completed\nyarn add: Done in 2.36s\n\u26a0 DEPRECATION: Feature will be removed in v3.0\nWARNING: express has known vulnerabilities\nCreating production build...\nPulling image: alpine:3.11\nnpm notice: package.json updated\n[12:52:26] INFO: Cache refreshed\nSwitched to branch 'bugfix/task-485'\n[12:52:26] DEBUG: Initializing service\nEnvironment: staging\nNODE_ENV=production\nHEAD is now at e83543e\nStep 5/23: Building\nCache hit for key-9963\npip: Downloading jest-1.14.tar.gz\n\u2713 All checks passed\nChecking out develop branch\nCreating production build...\n[12:52:26] WARN: Deprecated API usage\nLayer 5/8: RUN command\nPOST /upload - 201 (196ms)\nFetching submodules...\nGET /status - 200 (8ms)\nTest Suites: 27 passed, 40 total\n\u2717 build failed with exit code 7\n[12:52:26] INFO: Connecting to database\n[12:52:26] ERROR: Connection failed\nSnapshots: 32 passed, 15 total\nSnapshots: 24 passed, 23 total\nArtifact downloaded: 33MB\nReady.\nWaiting...\nCache restored successfully (101MB)\nStep 10/20: Building\n\u26a0 DEPRECATION: Feature will be removed in v5.0\nTime: 51.158s\nRan 78 tests in 27s\nPlatform: linux-x64\n[12:52:26] INFO: Connecting to database\nSwitched to branch 'hotfix/task-548'\n[12:52:26] INFO: Cache refreshed\n[12:52:26] ERROR: Connection failed\nStep 3/21: Deploying\n\u2713 All checks passed\nTLS handshake completed\nArtifact downloaded: 33MB\n[12:52:26] DEBUG: Initializing service\nUsing Node.js 19.20.1\nArtifact downloaded: 41MB\nnpm install: resolved 394 packages\n\u2713 All checks passed\n\u2713 Step 'test' succeeded\nTime: 101.519s\nPlatform: linux-x64\nDone.\nnpm install: resolved 1594 packages\n\u2713 Step 'checkout' succeeded\nReady.\nCache saved successfully\nVerifying...\nnpm install: added 110 packages\n[12:52:26] DEBUG: Query executed in 11ms\n=== Step restore_cache completed ===\n=== Step: build ===\nUsing Node.js 14.19.10\nUsing Python 3.12\nEnvironment: test\nWARNING: express has known vulnerabilities\nCompiling utils/index.js...\nCompiling src/utils.go...\n  PASS: unit/test_cache_hit.spec.js\n  PASS: unit/test_db_connect.spec.js\nCompiling utils/main.py...\nCache invalidated: build\nnpm notice: package.json updated\nnpm notice: created a lockfile\n[12:52:26] WARN: Deprecated API usage\nnpm notice: created a lockfile\nOptimizing 53 modules...\n\u2713 package completed\n\u2713 Task completed in 873ms\nReady.\nInstalling eslint@1.5.2\n\u2717 build failed with exit code 113\nArtifact uploaded: build.tar.gz (44MB)\nLoading...\n[12:52:26] DEBUG: Query executed in 53ms\nStep 19/15: Installing dependencies\nTime: 93.818s\nTime: 29.257s\npip install: Successfully installed prettier-1.15\nTime: 72.771s\nTLS handshake completed\n\u2713 Step 'setup' succeeded\nCoverage: 72% statements, 71% branches\n[12:52:26] WARN: Deprecated API usage\npip: Collecting prettier\nTLS handshake completed\nOK\nOK\nyarn add: Done in 17.55s\nStep 2/24: Building\npip install: Successfully installed webpack-1.1\nGET /status - 204 (87ms)\nnpm install: resolved 263 packages\n  PASS: e2e/test_user_create.spec.js\nCompleted.\nStep 1/24: Building\nOptimizing 36 modules...\nFetching submodules...\nPOST /api - 202 (205ms)\n[12:52:26] DEBUG: Query executed in 49ms\n[12:52:26] INFO: Cache refreshed\n\u2713 All checks passed\nCache hit for key-5836\nLoading...\nDone.\n[12:52:26] DEBUG: Loading configuration\n[12:52:26] WARN: Deprecated API usage\nGET /api - 201 (20ms)\nStep 14/18: Installing dependencies\npip: Installing build dependencies...\n\u2713 build completed\n[12:52:26] INFO: Request completed\nCreating production build...\nTest Suites: 50 passed, 23 total\nTransforming 276 files...\nCreating production build...\nTests: 372 passed, 163 total\nGenerating source maps...\npip: Collecting eslint\nStep 13/15: Linting\nCache hit for key-8033\n[12:52:26] WARN: Deprecated API usage\n[12:52:26] INFO: Cache refreshed\nUploading artifact 'build' (40 files)\nTest Suites: 34 passed, 31 total\n[12:52:26] INFO: Starting build process\nDone.\nGET /health - 201 (50ms)\nArtifact uploaded: build.tar.gz (16MB)\n[12:52:26] INFO: Processing request\nBuilding Docker image...\n\u26a0 DEPRECATION: Feature will be removed in v4.0\nCreating production build...\nRan 50 tests in 51s\nStep 12/17: Building\nArtifact downloaded: 45MB\n[12:52:26] ERROR: Connection failed\nInstalling axios@3.13.8\n[12:52:26] DEBUG: Loading configuration\nCompiling lib/main.py...\nFAILED: test_auth_login\n[12:52:26] INFO: Processing request\nGenerating source maps...\n[12:52:26] INFO: Processing request\nFetching from https://amazonaws.com/package.json\nStep 4/25: Linting\nCompiling src/utils.go...\nArtifact uploaded: build.tar.gz (4MB)\nGenerating source maps...\nBuilding Docker image...\nReady.\nnpm install: resolved 200 packages\nStep 12/16: Installing dependencies\nOptimizing 28 modules...\npip: Collecting webpack\nCompiling src/handler.rs...\nException: ValueError\nGenerating source maps...\n[12:52:26] DEBUG: Query executed in 80ms\nTest Suites: 25 passed, 33 total\n[12:52:26] DEBUG: Loading configuration\n[12:52:26] INFO: Cache refreshed\n  PASS: unit/test_cache_hit.spec.js\nnpm install: resolved 1442 packages\nCache hit for key-9449\nProcessing...\nUploading artifact 'coverage' (21 files)\nGenerating source maps...\n[12:52:26] INFO: Connecting to database\nWARNING: eslint has known vulnerabilities\nStep 2/22: Testing\nCache saved successfully\npip install: Successfully installed axios-3.10\nnpm install: resolved 785 packages\n[12:52:26] INFO: Processing request\npip: Installing build dependencies...\nProcessing...\nUsing Node.js 16.17.5\nException: TypeError\nDone.\nOK\nTest Suites: 9 passed, 45 total\n[12:52:26] INFO: Cache refreshed\nCache restored successfully (363MB)\nConnection established\n\u26a0 DEPRECATION: Feature will be removed in v5.0\nBundling styles.css\nFetching from https://registry.npmjs.org/package.json\nGenerating source maps...\nUploading artifact 'build' (23 files)\n[12:52:26] INFO: Connecting to database\nOptimizing 42 modules...\npip install: Successfully installed jest-5.0\nStep 8/17: Running migrations\nPushing to registry...\nCache saved successfully\nCache hit for key-6015\nAlready up to date.\nVerifying...\nPushing to registry...\nTLS handshake completed\nCreating production build...\nCache restored successfully (455MB)\nArtifact uploaded: build.tar.gz (35MB)\nAlready up to date.\nNODE_ENV=development\nCompiling src/service.java...\nFAILED: test_auth_login\nEnvironment: production\n\u2713 Step 'install' succeeded\nChecking out master branch\nWaiting...\nUsing Python 3.9\n[12:52:26] INFO: Starting build process\nPlatform: linux-x64\nEnvironment: staging\nException: ValueError\nStep 10/15: Running migrations\nnpm install: resolved 921 packages\nnpm notice: created a lockfile\nCompiling components/index.js...\nTest Suites: 35 passed, 26 total\n\u2713 All checks passed\nLayer 1/12: COPY command\nSuccess!\nCache saved successfully\nWARNING: react has known vulnerabilities\n[12:52:26] DEBUG: Query executed in 52ms\nCache miss for key-6522\nFinished.\n\u2713 All checks passed\nStep 10/24: Running migrations\nCompiling lib/utils.go...\nUsing Python 3.11\nHEAD is now at 475e466\nFinished.\n\u2717 build failed with exit code 17\nStep 16/18: Installing dependencies\n[12:52:26] INFO: Processing request\nRan 101 tests in 17s\nCache miss for key-8214\nArtifact downloaded: 12MB\nRan 163 tests in 42s\n[12:52:26] INFO: Starting build process\nGenerating source maps...\n[12:52:26] WARN: Deprecated API usage\n\u2713 Task completed in 3160ms\n[12:52:26] DEBUG: Memory usage: 1342MB\n[12:52:26] INFO: Connecting to database\nWARNING: prettier has known vulnerabilities\n[12:52:26] WARN: Deprecated API usage\n\u2717 build failed with exit code 105\nVerifying...\nSwitched to branch 'bugfix/task-567'\nTests: 497 passed, 259 total\nnpm notice: package.json updated\nTLS handshake completed\nBuilding Docker image...\nTransforming 953 files...\n[12:52:26] INFO: Processing request\nInstalling webpack@2.2.0\nCompleted.\nFinished.\nArtifact downloaded: 36MB\nUploading artifact 'dist' (45 files)\nTime: 118.515s\nArtifact uploaded: build.tar.gz (40MB)\n[12:52:26] WARN: Deprecated API usage\nMinifying main.js\nEnvironment: test\nNODE_ENV=production\nArtifact uploaded: dist.zip (95MB)\nVerifying...\nVerifying...\nCache restored successfully (436MB)\nStep 11/25: Linting\n[12:52:26] DEBUG: Memory usage: 1327MB\nnpm notice: package.json updated\nProcessing...\nProcessing...\n[12:52:26] DEBUG: Initializing service\nLayer 6/13: RUN command\n  PASS: test_api_health (406ms)\n[12:52:26] WARN: Deprecated API usage\nHEAD is now at 457946d\n[12:52:26] DEBUG: Initializing service\npip: Downloading express-3.18.tar.gz\nArtifact uploaded: dist.zip (95MB)\nArtifact uploaded: build.tar.gz (11MB)\nLoading...\nCreating production build...\nRan 117 tests in 48s\nInstalling jest@5.8.5\n\u2713 Task completed in 4076ms\n[12:52:26] DEBUG: Connection pool: 19 active\n[12:52:26] INFO: Starting build process\nCache hit for key-4347\n\u2713 All checks passed\nRan 186 tests in 57s\nAlready up to date.\nReady.\n=== Step build completed ===",
    "steps": [
      {
        "name": "lint",
        "status": "success",
        "started_at": "2025-11-30T12:52:26.032919",
        "finished_at": "2025-11-30T12:52:28.271725",
        "log_lines": [
          "=== Step: lint ===",
          "[12:52:26] WARN: Deprecated API usage",
          "Ran 103 tests in 32s",
          "[12:52:26] INFO: Cache refreshed",
          "Time: 75.200s",
          "Step 3/25: Testing",
          "Uploading artifact 'build' (19 files)",
          "HEAD is now at cdbbc36",
          "NODE_ENV=test",
          "TLS handshake completed",
          "POST /data - 200 (139ms)",
          "Fetching submodules...",
          "Cache hit for key-9208",
          "Success!",
          "NODE_ENV=development",
          "WARNING: jest has known vulnerabilities",
          "npm install: resolved 612 packages",
          "Compiling lib/utils.go...",
          "  PASS: test_cache_hit (25ms)",
          "HEAD is now at b8b1656",
          "Uploading artifact 'dist' (21 files)",
          "Cache miss for key-1950",
          "HEAD is now at 6ce367f",
          "TLS handshake completed",
          "Ready.",
          "Cache hit for key-4715",
          "POST /data - 202 (434ms)",
          "[12:52:26] INFO: Processing request",
          "Connection established",
          "Pulling image: python:3.11",
          "\u26a0 DEPRECATION: Feature will be removed in v2.0",
          "Cache miss for key-5616",
          "Step 7/21: Linting",
          "Using Python 3.11",
          "Verifying...",
          "\u2717 build failed with exit code 47",
          "\u2713 package completed",
          "Compiling src/utils.go...",
          "[12:52:26] DEBUG: Query executed in 44ms",
          "[12:52:26] WARN: Deprecated API usage",
          "Layer 6/9: RUN command",
          "Loading...",
          "\u2713 Task completed in 4220ms",
          "WARNING: prettier has known vulnerabilities",
          "POST /upload - 202 (117ms)",
          "Completed.",
          "Image pulled successfully",
          "Minifying main.js",
          "Building Docker image...",
          "Step 8/15: Linting",
          "pip: Collecting react",
          "[12:52:26] INFO: Processing request",
          "Pushing to registry...",
          "[12:52:26] WARN: Deprecated API usage",
          "Pushing to registry...",
          "Artifact uploaded: dist.zip (17MB)",
          "Success!",
          "Building Docker image...",
          "[12:52:26] INFO: Cache refreshed",
          "[12:52:26] INFO: Processing request",
          "\u26a0 DEPRECATION: Feature will be removed in v3.0",
          "Generating source maps...",
          "[12:52:26] DEBUG: Connection pool: 12 active",
          "npm notice: package.json updated",
          "Installing prettier@1.14.3",
          "Uploading artifact 'dist' (45 files)",
          "Verifying...",
          "npm install: resolved 1163 packages",
          "Environment: test",
          "\u26a0 DEPRECATION: Feature will be removed in v3.0",
          "WARNING: prettier has known vulnerabilities",
          "Using Python 3.9",
          "pip install: Successfully installed axios-4.12",
          "Step 9/21: Building",
          "Artifact downloaded: 11MB",
          "Step 5/15: Testing",
          "pip: Downloading jest-1.12.tar.gz",
          "FAILED: test_cache_hit",
          "[12:52:26] DEBUG: Initializing service",
          "Tests: 336 passed, 313 total",
          "pip install: Successfully installed react-1.17",
          "pip: Downloading axios-1.14.tar.gz",
          "Step 8/23: Linting",
          "Using Node.js 17.5.6",
          "Coverage: 81% statements, 60% branches",
          "npm install: resolved 1079 packages",
          "Step 6/16: Building",
          "Compiling src/main.py...",
          "Minifying main.js",
          "Compiling utils/service.java...",
          "Cache invalidated: build",
          "[12:52:26] INFO: Processing request",
          "Compiling components/app.ts...",
          "POST /api - 201 (235ms)",
          "  PASS: test_db_connect (101ms)",
          "Minifying main.js",
          "Environment: staging",
          "Connection established",
          "[12:52:26] DEBUG: Connection pool: 10 active",
          "Loading...",
          "Artifact uploaded: dist.zip (68MB)",
          "\u2713 deploy completed",
          "Finished.",
          "Using Python 3.9",
          "Pulling image: node:3.11",
          "[12:52:26] WARN: Deprecated API usage",
          "Generating source maps...",
          "Artifact uploaded: dist.zip (27MB)",
          "Cache restored successfully (249MB)",
          "[12:52:26] INFO: Connecting to database",
          "Fetching from https://docker.io/package.json",
          "Cache miss for key-7160",
          "Using Node.js 19.2.0",
          "[12:52:26] INFO: Request completed",
          "Generating source maps...",
          "POST /data - 202 (141ms)",
          "POST /api - 200 (331ms)",
          "Cache hit for key-3812",
          "Cache miss for key-1452",
          "[12:52:26] INFO: Connecting to database",
          "npm install: added 496 packages",
          "Processing...",
          "Optimizing 46 modules...",
          "HEAD is now at 0dd6024",
          "Exception: ValueError",
          "Step 9/20: Installing dependencies",
          "yarn add: Done in 17.17s",
          "\u2713 test completed",
          "Cache saved successfully",
          "Step 1/22: Linting",
          "Loading...",
          "HEAD is now at 5093675",
          "Already up to date.",
          "npm notice: package.json updated",
          "\u26a0 DEPRECATION: Feature will be removed in v3.0",
          "Installing prettier@1.2.8",
          "Coverage: 94% statements, 75% branches",
          "[12:52:26] INFO: Request completed",
          "GET /health - 201 (47ms)",
          "Using Python 3.10",
          "Using Python 3.12",
          "POST /data - 200 (281ms)",
          "Step 10/21: Building",
          "WARNING: express has known vulnerabilities",
          "Artifact uploaded: build.tar.gz (33MB)",
          "Using Node.js 17.17.8",
          "Bundling styles.js",
          "pip install: Successfully installed webpack-5.6",
          "[12:52:26] INFO: Connecting to database",
          "Step 5/23: Linting",
          "\u2717 build failed with exit code 84",
          "Artifact uploaded: build.tar.gz (34MB)",
          "[12:52:26] DEBUG: Initializing service",
          "Pushing to registry...",
          "Cache saved successfully",
          "  PASS: test_user_create (5ms)",
          "GET /health - 201 (43ms)",
          "[12:52:26] INFO: Starting build process",
          "\u26a0 DEPRECATION: Feature will be removed in v2.0",
          "pip: Downloading eslint-1.7.tar.gz",
          "TLS handshake completed",
          "Snapshots: 14 passed, 47 total",
          "Creating production build...",
          "Platform: darwin-arm64",
          "  PASS: test_user_create (153ms)",
          "\u2717 build failed with exit code 20",
          "Step 17/24: Deploying",
          "\u26a0 DEPRECATION: Feature will be removed in v5.0",
          "Completed.",
          "[12:52:26] WARN: Deprecated API usage",
          "Using Python 3.12",
          "Creating production build...",
          "[12:52:26] DEBUG: Connection pool: 10 active",
          "Minifying vendor.js",
          "Tests: 210 passed, 158 total",
          "WARNING: eslint has known vulnerabilities",
          "Bundling main.css",
          "[12:52:26] INFO: Starting build process",
          "Optimizing 58 modules...",
          "Test Suites: 6 passed, 20 total",
          "Switched to branch 'feature/task-415'",
          "Optimizing 34 modules...",
          "\u2713 Task completed in 3727ms",
          "Optimizing 72 modules...",
          "NODE_ENV=production",
          "[12:52:26] DEBUG: Memory usage: 163MB",
          "Step 19/19: Testing",
          "Completed.",
          "Layer 5/11: ENV command",
          "Compiling lib/index.js...",
          "Success!",
          "[12:52:26] DEBUG: Loading configuration",
          "pip: Downloading axios-2.2.tar.gz",
          "Environment: production",
          "Cache invalidated: dependencies",
          "Creating production build...",
          "POST /data - 202 (202ms)",
          "\u2713 validate completed",
          "Cache hit for key-1872",
          "NODE_ENV=production",
          "Step 5/15: Running migrations",
          "[12:52:26] DEBUG: Initializing service",
          "Compiling lib/app.ts...",
          "Compiling src/app.ts...",
          "[12:52:26] WARN: Deprecated API usage",
          "Platform: linux-x64",
          "Step 11/25: Running migrations",
          "Ready.",
          "Compiling lib/utils.go...",
          "Transforming 135 files...",
          "WARNING: webpack has known vulnerabilities",
          "Step 19/20: Installing dependencies",
          "pip: Collecting react",
          "Tests: 117 passed, 239 total",
          "Ran 181 tests in 39s",
          "[12:52:26] INFO: Starting build process",
          "Pulling image: alpine:3.11",
          "Pulling image: node:latest",
          "npm notice: package.json updated",
          "\u2717 build failed with exit code 45",
          "Step 13/16: Linting",
          "[12:52:26] DEBUG: Initializing service",
          "Fetching from https://registry.npmjs.org/package.json",
          "npm install: added 239 packages",
          "[12:52:26] INFO: Starting build process",
          "Compiling src/main.py...",
          "Already up to date.",
          "npm notice: package.json updated",
          "Step 11/15: Building",
          "WARNING: webpack has known vulnerabilities",
          "Fetching from https://googleapis.com/package.json",
          "Artifact uploaded: build.tar.gz (18MB)",
          "Environment: test",
          "Snapshots: 18 passed, 7 total",
          "NODE_ENV=test",
          "Minifying app.js",
          "WARNING: jest has known vulnerabilities",
          "Artifact downloaded: 37MB",
          "Finished.",
          "GET /status - 200 (23ms)",
          "[12:52:26] WARN: Deprecated API usage",
          "NODE_ENV=development",
          "Layer 6/12: RUN command",
          "Success!",
          "Success!",
          "[12:52:26] INFO: Request completed",
          "Step 7/21: Deploying",
          "\u2713 lint completed",
          "Ready.",
          "Processing...",
          "=== Step lint completed ==="
        ]
      },
      {
        "name": "setup_node",
        "status": "success",
        "started_at": "2025-11-30T12:52:28.271725",
        "finished_at": "2025-11-30T12:52:30.510531",
        "log_lines": [
          "=== Step: setup_node ===",
          "Cache hit for key-3757",
          "Exception: TypeError",
          "\u26a0 DEPRECATION: Feature will be removed in v5.0",
          "[12:52:26] WARN: Deprecated API usage",
          "[12:52:26] DEBUG: Connection pool: 17 active",
          "\u2717 build failed with exit code 16",
          "Creating production build...",
          "Compiling lib/utils.go...",
          "Compiling utils/utils.go...",
          "Cache invalidated: dependencies",
          "Fetching submodules...",
          "FAILED: test_api_health",
          "Already up to date.",
          "Generating source maps...",
          "POST /upload - 202 (203ms)",
          "Tests: 432 passed, 345 total",
          "npm notice: package.json updated",
          "\u2713 All checks passed",
          "Compiling lib/index.js...",
          "Step 8/24: Linting",
          "WARNING: axios has known vulnerabilities",
          "[12:52:26] DEBUG: Loading configuration",
          "npm notice: created a lockfile",
          "npm notice: package.json updated",
          "Minifying app.js",
          "Image pulled successfully",
          "Cache saved successfully",
          "Using Python 3.9",
          "Step 4/18: Linting",
          "Compiling lib/main.py...",
          "Using Python 3.9",
          "[12:52:26] INFO: Cache refreshed",
          "\u26a0 DEPRECATION: Feature will be removed in v4.0",
          "Cache saved successfully",
          "[12:52:26] DEBUG: Loading configuration",
          "Step 19/19: Building",
          "[12:52:26] DEBUG: Loading configuration",
          "TLS handshake completed",
          "Test Suites: 32 passed, 30 total",
          "Cache invalidated: node_modules",
          "Building Docker image...",
          "\u2713 deploy completed",
          "Step 4/18: Installing dependencies",
          "Time: 51.850s",
          "Generating source maps...",
          "\u2713 Step 'setup' succeeded",
          "Compiling utils/index.js...",
          "Building Docker image...",
          "NODE_ENV=development",
          "  PASS: test_user_create (178ms)",
          "Artifact uploaded: dist.zip (84MB)",
          "[12:52:26] INFO: Cache refreshed",
          "Installing express@5.3.2",
          "Step 6/23: Deploying",
          "npm install: added 14 packages",
          "Cache saved successfully",
          "Snapshots: 48 passed, 11 total",
          "Verifying...",
          "Platform: linux-x64",
          "\u2713 All checks passed",
          "Using Python 3.10",
          "\u2713 Task completed in 1845ms",
          "WARNING: webpack has known vulnerabilities",
          "Installing webpack@2.16.5",
          "Pulling image: alpine:3.11",
          "yarn add: Done in 7.36s",
          "Time: 66.0s",
          "Uploading artifact 'coverage' (23 files)",
          "Pushing to registry...",
          "NODE_ENV=development",
          "[12:52:26] INFO: Processing request",
          "Cache miss for key-1777",
          "[12:52:26] INFO: Request completed",
          "Artifact downloaded: 27MB",
          "Success!",
          "Uploading artifact 'dist' (7 files)",
          "pip: Downloading eslint-4.14.tar.gz",
          "POST /api - 202 (305ms)",
          "Cache invalidated: node_modules",
          "GET /api - 201 (7ms)",
          "Step 4/21: Building",
          "Artifact downloaded: 21MB",
          "pip: Downloading react-5.1.tar.gz",
          "GET /health - 200 (83ms)",
          "Connection established",
          "pip install: Successfully installed jest-5.13",
          "\u2713 Task completed in 252ms",
          "[12:52:26] DEBUG: Connection pool: 1 active",
          "Environment: development",
          "Step 4/21: Running migrations",
          "Cache restored successfully (153MB)",
          "Optimizing 82 modules...",
          "[12:52:26] DEBUG: Initializing service",
          "Already up to date.",
          "  PASS: test_auth_login (490ms)",
          "GET /status - 200 (59ms)",
          "Cache miss for key-2030",
          "Verifying...",
          "pip: Installing build dependencies...",
          "Pulling image: node:3.11",
          "Success!",
          "TLS handshake completed",
          "Transforming 956 files...",
          "Fetching from https://gcr.io/package.json",
          "Compiling components/service.java...",
          "FAILED: test_cache_hit",
          "\u2713 All checks passed",
          "Waiting...",
          "Time: 116.564s",
          "Time: 22.407s",
          "\u2713 Task completed in 267ms",
          "Snapshots: 34 passed, 19 total",
          "npm notice: package.json updated",
          "[12:52:26] INFO: Connecting to database",
          "Cache restored successfully (232MB)",
          "HEAD is now at a3ecb8a",
          "Pushing to registry...",
          "Minifying app.js",
          "\u2713 All checks passed",
          "\u2713 Task completed in 4430ms",
          "\u26a0 DEPRECATION: Feature will be removed in v4.0",
          "pip install: Successfully installed express-2.6",
          "[12:52:26] DEBUG: Loading configuration",
          "pip install: Successfully installed jest-3.1",
          "pip: Downloading jest-3.4.tar.gz",
          "Artifact uploaded: build.tar.gz (39MB)",
          "Ran 36 tests in 23s",
          "Waiting...",
          "[12:52:26] INFO: Connecting to database",
          "[12:52:26] DEBUG: Connection pool: 19 active",
          "WARNING: jest has known vulnerabilities",
          "WARNING: axios has known vulnerabilities",
          "HEAD is now at dd3c906",
          "Using Node.js 20.11.6",
          "Cache hit for key-1217",
          "  PASS: test_auth_login (153ms)",
          "WARNING: react has known vulnerabilities",
          "Compiling components/index.js...",
          "Transforming 235 files...",
          "[12:52:26] INFO: Request completed",
          "Minifying vendor.js",
          "pip install: Successfully installed express-4.20",
          "Step 6/17: Building",
          "Pulling image: alpine:3.11",
          "Fetching submodules...",
          "Environment: staging",
          "Completed.",
          "Coverage: 73% statements, 73% branches",
          "Finished.",
          "Creating production build...",
          "Step 2/15: Deploying",
          "Time: 27.7s",
          "Minifying main.js",
          "Uploading artifact 'coverage' (46 files)",
          "Step 13/21: Testing",
          "[12:52:26] WARN: Deprecated API usage",
          "\u2713 All checks passed",
          "Compiling components/utils.go...",
          "Environment: staging",
          "[12:52:26] INFO: Cache refreshed",
          "Switched to branch 'hotfix/task-779'",
          "[12:52:26] INFO: Connecting to database",
          "Generating source maps...",
          "pip: Collecting lodash",
          "Minifying app.js",
          "npm install: resolved 105 packages",
          "Verifying...",
          "  PASS: test_db_connect (445ms)",
          "HEAD is now at 381f616",
          "FAILED: test_db_connect",
          "GET /api - 204 (96ms)",
          "Generating source maps...",
          "[12:52:26] INFO: Request completed",
          "Step 10/16: Building",
          "Building Docker image...",
          "Compiling components/index.js...",
          "Finished.",
          "HEAD is now at afa2298",
          "Checking out develop branch",
          "\u26a0 DEPRECATION: Feature will be removed in v5.0",
          "Artifact uploaded: build.tar.gz (16MB)",
          "Already up to date.",
          "Optimizing 21 modules...",
          "[12:52:26] WARN: Deprecated API usage",
          "[12:52:26] INFO: Processing request",
          "WARNING: webpack has known vulnerabilities",
          "HEAD is now at 07021ea",
          "Artifact downloaded: 18MB",
          "Loading...",
          "TLS handshake completed",
          "Artifact uploaded: build.tar.gz (14MB)",
          "Cache miss for key-8810",
          "Ready.",
          "[12:52:26] INFO: Processing request",
          "Ready.",
          "[12:52:26] DEBUG: Loading configuration",
          "Environment: production",
          "FAILED: test_cache_hit",
          "Fetching submodules...",
          "Step 12/16: Testing",
          "npm notice: created a lockfile",
          "pip: Installing build dependencies...",
          "Cache miss for key-4886",
          "Compiling src/service.java...",
          "Cache invalidated: node_modules",
          "pip install: Successfully installed eslint-3.19",
          "Step 4/24: Installing dependencies",
          "TLS handshake completed",
          "npm notice: package.json updated",
          "Cache miss for key-2421",
          "Installing axios@2.20.0",
          "Finished.",
          "POST /upload - 201 (62ms)",
          "Checking out develop branch",
          "Cache hit for key-6144",
          "Environment: staging",
          "[12:52:26] INFO: Cache refreshed",
          "Cache saved successfully",
          "[12:52:26] DEBUG: Query executed in 8ms",
          "[12:52:26] DEBUG: Loading configuration",
          "Step 16/24: Linting",
          "  PASS: test_user_create (99ms)",
          "Cache restored successfully (415MB)",
          "Image pulled successfully",
          "Minifying vendor.js",
          "Ready.",
          "Already up to date.",
          "[12:52:26] DEBUG: Initializing service",
          "POST /upload - 200 (396ms)",
          "Pushing to registry...",
          "Using Node.js 20.1.10",
          "Artifact uploaded: build.tar.gz (30MB)",
          "Step 8/23: Deploying",
          "TLS handshake completed",
          "Compiling src/handler.rs...",
          "\u2717 build failed with exit code 83",
          "Cache miss for key-6104",
          "Cache saved successfully",
          "  PASS: test_auth_login (83ms)",
          "Transforming 747 files...",
          "\u26a0 DEPRECATION: Feature will be removed in v3.0",
          "Processing...",
          "npm install: resolved 1792 packages",
          "npm notice: created a lockfile",
          "Using Python 3.12",
          "[12:52:26] INFO: Cache refreshed",
          "Platform: linux-x64",
          "Pushing to registry...",
          "Transforming 855 files...",
          "=== Step setup_node completed ==="
        ]
      },
      {
        "name": "integration_tests",
        "status": "success",
        "started_at": "2025-11-30T12:52:30.510531",
        "finished_at": "2025-11-30T12:52:34.988143",
        "log_lines": [
          "=== Step: integration_tests ===",
          "\u2713 build completed",
          "[12:52:26] WARN: Deprecated API usage",
          "Connection established",
          "Checking out develop branch",
          "Compiling utils/handler.rs...",
          "OK",
          "Already up to date.",
          "Cache hit for key-5097",
          "HEAD is now at 3997124",
          "Time: 13.942s",
          "[12:52:26] DEBUG: Loading configuration",
          "Step 7/16: Testing",
          "Processing...",
          "Uploading artifact 'coverage' (17 files)",
          "Uploading artifact 'coverage' (10 files)",
          "Finished.",
          "Tests: 55 passed, 58 total",
          "Creating production build...",
          "  PASS: test_db_connect (276ms)",
          "[12:52:26] INFO: Connecting to database",
          "\u26a0 DEPRECATION: Feature will be removed in v5.0",
          "Waiting...",
          "[12:52:26] INFO: Connecting to database",
          "Using Python 3.10",
          "Success!",
          "[12:52:26] INFO: Request completed",
          "[12:52:26] INFO: Request completed",
          "Finished.",
          "\u26a0 DEPRECATION: Feature will be removed in v5.0",
          "Time: 34.445s",
          "\u2713 All checks passed",
          "GET /status - 204 (55ms)",
          "Cache restored successfully (178MB)",
          "Artifact uploaded: build.tar.gz (44MB)",
          "pip: Collecting axios",
          "Completed.",
          "[12:52:26] DEBUG: Loading configuration",
          "Fetching from https://amazonaws.com/package.json",
          "\u26a0 DEPRECATION: Feature will be removed in v2.0",
          "NODE_ENV=development",
          "npm install: added 238 packages",
          "Installing react@5.11.9",
          "Test Suites: 26 passed, 33 total",
          "Layer 1/11: ENV command",
          "Compiling components/app.ts...",
          "Building Docker image...",
          "Creating production build...",
          "\u2713 Task completed in 119ms",
          "\u2713 package completed",
          "npm install: resolved 1746 packages",
          "Step 4/15: Installing dependencies",
          "Cache restored successfully (368MB)",
          "Step 9/23: Running migrations",
          "WARNING: axios has known vulnerabilities",
          "Pulling image: alpine:3.11",
          "Compiling components/main.py...",
          "Exception: NullPointerException",
          "Step 13/21: Building",
          "Layer 7/9: RUN command",
          "Building Docker image...",
          "Ran 178 tests in 44s",
          "[12:52:26] INFO: Cache refreshed",
          "Cache saved successfully",
          "[12:52:26] INFO: Request completed",
          "WARNING: express has known vulnerabilities",
          "Waiting...",
          "Transforming 535 files...",
          "Image pulled successfully",
          "Fetching submodules...",
          "Optimizing 82 modules...",
          "Completed.",
          "Pulling image: node:3.11",
          "Processing...",
          "NODE_ENV=production",
          "Artifact uploaded: dist.zip (17MB)",
          "[12:52:26] INFO: Connecting to database",
          "Cache invalidated: dependencies",
          "Step 18/18: Deploying",
          "Ready.",
          "Completed.",
          "\u2713 All checks passed",
          "Cache invalidated: node_modules",
          "[12:52:26] DEBUG: Loading configuration",
          "[12:52:26] INFO: Cache refreshed",
          "Layer 2/15: RUN command",
          "Loading...",
          "Environment: staging",
          "[12:52:26] INFO: Cache refreshed",
          "Tests: 122 passed, 214 total",
          "GET /api - 200 (30ms)",
          "Artifact downloaded: 35MB",
          "pip: Installing build dependencies...",
          "Building Docker image...",
          "[12:52:26] WARN: Deprecated API usage",
          "\u2713 lint completed",
          "Environment: staging",
          "OK",
          "Finished.",
          "Ran 194 tests in 56s",
          "npm notice: package.json updated",
          "Optimizing 28 modules...",
          "Installing webpack@2.15.6",
          "Processing...",
          "Done.",
          "POST /api - 200 (481ms)",
          "[12:52:26] WARN: Deprecated API usage",
          "Coverage: 100% statements, 96% branches",
          "pip: Downloading webpack-1.12.tar.gz",
          "Connection established",
          "Cache invalidated: dependencies",
          "npm notice: created a lockfile",
          "WARNING: lodash has known vulnerabilities",
          "WARNING: axios has known vulnerabilities",
          "  PASS: test_db_connect (87ms)",
          "Cache miss for key-6628",
          "Compiling utils/app.ts...",
          "\u2717 build failed with exit code 60",
          "Fetching from https://npmjs.org/package.json",
          "TLS handshake completed",
          "Coverage: 94% statements, 81% branches",
          "Step 12/23: Installing dependencies",
          "[12:52:26] INFO: Request completed",
          "Exception: ValueError",
          "Cache saved successfully",
          "Generating source maps...",
          "\u2713 package completed",
          "Installing react@2.17.0",
          "yarn add: Done in 1.56s",
          "POST /upload - 201 (294ms)",
          "[12:52:26] INFO: Processing request",
          "[12:52:26] INFO: Starting build process",
          "GET /health - 204 (52ms)",
          "GET /status - 201 (51ms)",
          "Minifying vendor.js",
          "npm install: resolved 1054 packages",
          "Waiting...",
          "Step 2/25: Running migrations",
          "Bundling runtime.css",
          "Transforming 513 files...",
          "Generating source maps...",
          "  PASS: e2e/test_cache_hit.spec.js",
          "Cache miss for key-8391",
          "Using Python 3.10",
          "Fetching from https://amazonaws.com/package.json",
          "[12:52:26] WARN: Deprecated API usage",
          "pip: Installing build dependencies...",
          "\u2713 Task completed in 212ms",
          "Layer 2/15: RUN command",
          "Image pulled successfully",
          "Time: 9.604s",
          "Completed.",
          "Pulling image: node:latest",
          "Cache restored successfully (162MB)",
          "Snapshots: 19 passed, 31 total",
          "[12:52:26] DEBUG: Initializing service",
          "Optimizing 90 modules...",
          "pip: Downloading webpack-5.20.tar.gz",
          "Step 1/23: Deploying",
          "Transforming 272 files...",
          "Connection established",
          "\u2713 Step 'checkout' succeeded",
          "\u2713 Task completed in 3446ms",
          "[12:52:26] ERROR: Connection failed",
          "npm notice: created a lockfile",
          "Step 3/15: Building",
          "[12:52:26] DEBUG: Loading configuration",
          "Image pulled successfully",
          "Switched to branch 'hotfix/task-896'",
          "\u2713 Task completed in 500ms",
          "pip: Collecting express",
          "Cache hit for key-4705",
          "Environment: production",
          "Connection established",
          "Artifact uploaded: build.tar.gz (48MB)",
          "Exception: ValueError",
          "Time: 120.581s",
          "POST /upload - 200 (91ms)",
          "Platform: darwin-arm64",
          "Ran 159 tests in 17s",
          "[12:52:26] DEBUG: Initializing service",
          "[12:52:26] DEBUG: Loading configuration",
          "npm notice: created a lockfile",
          "Generating source maps...",
          "Creating production build...",
          "Compiling components/app.ts...",
          "Fetching submodules...",
          "POST /data - 202 (44ms)",
          "yarn add: Done in 12.45s",
          "Building Docker image...",
          "pip: Downloading axios-4.15.tar.gz",
          "Artifact uploaded: build.tar.gz (30MB)",
          "Already up to date.",
          "Cache miss for key-7011",
          "  PASS: test_auth_login (130ms)",
          "POST /api - 201 (493ms)",
          "npm notice: package.json updated",
          "[12:52:26] DEBUG: Memory usage: 1150MB",
          "Waiting...",
          "Image pulled successfully",
          "Test Suites: 9 passed, 6 total",
          "Success!",
          "Building Docker image...",
          "TLS handshake completed",
          "Coverage: 89% statements, 78% branches",
          "Cache invalidated: build",
          "Compiling utils/index.js...",
          "Snapshots: 37 passed, 45 total",
          "Step 4/15: Linting",
          "Transforming 707 files...",
          "Step 14/24: Installing dependencies",
          "Cache restored successfully (315MB)",
          "Platform: win32-x64",
          "Loading...",
          "Building Docker image...",
          "POST /api - 200 (19ms)",
          "WARNING: axios has known vulnerabilities",
          "\u26a0 DEPRECATION: Feature will be removed in v5.0",
          "pip: Downloading prettier-4.14.tar.gz",
          "Generating source maps...",
          "yarn add: Done in 12.70s",
          "Step 11/20: Running migrations",
          "[12:52:26] DEBUG: Memory usage: 1817MB",
          "Step 14/15: Testing",
          "POST /api - 202 (304ms)",
          "Switched to branch 'feature/task-390'",
          "Tests: 272 passed, 343 total",
          "\u2717 build failed with exit code 44",
          "Cache restored successfully (66MB)",
          "[12:52:26] INFO: Connecting to database",
          "Environment: staging",
          "WARNING: express has known vulnerabilities",
          "Compiling src/handler.rs...",
          "TLS handshake completed",
          "[12:52:26] DEBUG: Connection pool: 20 active",
          "Finished.",
          "pip: Collecting react",
          "Transforming 654 files...",
          "Bundling vendor.js",
          "[12:52:26] DEBUG: Connection pool: 15 active",
          "Using Python 3.10",
          "Minifying vendor.js",
          "Layer 8/9: COPY command",
          "[12:52:26] WARN: Deprecated API usage",
          "[12:52:26] INFO: Starting build process",
          "Step 17/25: Building",
          "[12:52:26] INFO: Processing request",
          "Coverage: 75% statements, 85% branches",
          "Step 4/22: Building",
          "Processing...",
          "=== Step integration_tests completed ==="
        ]
      },
      {
        "name": "deploy_production",
        "status": "success",
        "started_at": "2025-11-30T12:52:34.988143",
        "finished_at": "2025-11-30T12:52:35.883665",
        "log_lines": [
          "=== Step: deploy_production ===",
          "Creating production build...",
          "\u26a0 DEPRECATION: Feature will be removed in v4.0",
          "Waiting...",
          "Installing prettier@3.20.8",
          "Platform: darwin-arm64",
          "Time: 92.2s",
          "Verifying...",
          "Snapshots: 13 passed, 27 total",
          "Checking out develop branch",
          "WARNING: express has known vulnerabilities",
          "Completed.",
          "\u2717 build failed with exit code 122",
          "Cache restored successfully (287MB)",
          "Using Python 3.11",
          "[12:52:26] INFO: Processing request",
          "GET /health - 201 (6ms)",
          "Artifact uploaded: dist.zip (70MB)",
          "[12:52:26] INFO: Processing request",
          "Connection established",
          "Pushing to registry...",
          "Step 19/21: Installing dependencies",
          "[12:52:26] DEBUG: Initializing service",
          "Layer 7/14: COPY command",
          "[12:52:26] DEBUG: Initializing service",
          "\u2713 Step 'checkout' succeeded",
          "Cache invalidated: build",
          "Using Python 3.12",
          "Step 15/19: Testing",
          "POST /data - 202 (301ms)",
          "Done.",
          "NODE_ENV=production",
          "Optimizing 81 modules...",
          "Snapshots: 33 passed, 20 total",
          "GET /health - 204 (16ms)",
          "Compiling components/index.js...",
          "Optimizing 10 modules...",
          "Step 7/18: Building",
          "Cache miss for key-7398",
          "Compiling utils/handler.rs...",
          "npm install: added 348 packages",
          "Artifact downloaded: 9MB",
          "Step 17/17: Building",
          "Step 18/22: Testing",
          "Minifying main.js",
          "WARNING: axios has known vulnerabilities",
          "Pulling image: alpine:18",
          "Artifact uploaded: build.tar.gz (24MB)",
          "Step 6/24: Running migrations",
          "Switched to branch 'feature/task-455'",
          "[12:52:26] WARN: Deprecated API usage",
          "Tests: 182 passed, 284 total",
          "Using Python 3.12",
          "Generating source maps...",
          "Step 7/20: Installing dependencies",
          "Step 10/24: Deploying",
          "Cache miss for key-4541",
          "pip install: Successfully installed express-2.15",
          "HEAD is now at 5717f49",
          "  PASS: test_cache_hit (43ms)",
          "\u2717 build failed with exit code 51",
          "Artifact uploaded: dist.zip (2MB)",
          "Step 19/20: Deploying",
          "Image pulled successfully",
          "Exception: TypeError",
          "Using Python 3.10",
          "[12:52:26] WARN: Deprecated API usage",
          "[12:52:26] INFO: Cache refreshed",
          "[12:52:26] ERROR: Connection failed",
          "Checking out develop branch",
          "Optimizing 55 modules...",
          "Time: 47.273s",
          "Step 6/21: Testing",
          "npm notice: package.json updated",
          "WARNING: express has known vulnerabilities",
          "Done.",
          "Test Suites: 12 passed, 26 total",
          "\u26a0 DEPRECATION: Feature will be removed in v2.0",
          "Processing...",
          "Fetching submodules...",
          "  PASS: integration/test_auth_login.spec.js",
          "Time: 91.168s",
          "  PASS: integration/test_auth_login.spec.js",
          "\u2713 Task completed in 675ms",
          "yarn add: Done in 4.57s",
          "Using Node.js 15.6.9",
          "HEAD is now at 9d6a3c2",
          "yarn add: Done in 23.9s",
          "Verifying...",
          "Coverage: 79% statements, 63% branches",
          "Using Python 3.11",
          "[12:52:26] DEBUG: Initializing service",
          "Compiling utils/handler.rs...",
          "\u2713 lint completed",
          "Environment: test",
          "Cache hit for key-7277",
          "[12:52:26] DEBUG: Memory usage: 1202MB",
          "npm notice: created a lockfile",
          "Connection established",
          "Done.",
          "GET /status - 204 (25ms)",
          "Tests: 279 passed, 320 total",
          "POST /data - 202 (155ms)",
          "POST /upload - 202 (450ms)",
          "[12:52:26] WARN: Deprecated API usage",
          "Cache invalidated: dependencies",
          "Ready.",
          "[12:52:26] WARN: Deprecated API usage",
          "Cache restored successfully (140MB)",
          "  PASS: test_user_create (351ms)",
          "Layer 5/12: COPY command",
          "Using Python 3.10",
          "Bundling main.js",
          "yarn add: Done in 22.47s",
          "Compiling utils/handler.rs...",
          "Bundling styles.js",
          "Bundling vendor.js",
          "Step 8/24: Linting",
          "\u2713 deploy completed",
          "Artifact uploaded: build.tar.gz (32MB)",
          "Switched to branch 'bugfix/task-641'",
          "Minifying main.js",
          "\u2713 Task completed in 4487ms",
          "[12:52:26] INFO: Processing request",
          "Coverage: 77% statements, 84% branches",
          "\u2713 All checks passed",
          "[12:52:26] DEBUG: Loading configuration",
          "Transforming 433 files...",
          "\u2713 Task completed in 3002ms",
          "[12:52:26] INFO: Request completed",
          "Already up to date.",
          "NODE_ENV=production",
          "Step 9/20: Testing",
          "[12:52:26] INFO: Request completed",
          "Pulling image: alpine:latest",
          "Cache restored successfully (54MB)",
          "pip: Installing build dependencies...",
          "\u26a0 DEPRECATION: Feature will be removed in v2.0",
          "Already up to date.",
          "[12:52:26] DEBUG: Loading configuration",
          "Coverage: 91% statements, 74% branches",
          "Switched to branch 'feature/task-277'",
          "Artifact downloaded: 10MB",
          "[12:52:26] DEBUG: Connection pool: 19 active",
          "Already up to date.",
          "Layer 5/13: COPY command",
          "Using Python 3.12",
          "HEAD is now at faa82e3",
          "  PASS: test_api_health (380ms)",
          "Processing...",
          "Step 16/17: Building",
          "Compiling components/handler.rs...",
          "Compiling components/index.js...",
          "Installing axios@1.12.6",
          "Image pulled successfully",
          "Cache miss for key-3829",
          "NODE_ENV=test",
          "[12:52:26] DEBUG: Connection pool: 3 active",
          "Fetching from https://github.com/package.json",
          "OK",
          "pip install: Successfully installed webpack-4.19",
          "Test Suites: 10 passed, 28 total",
          "pip: Collecting axios",
          "Layer 7/10: COPY command",
          "TLS handshake completed",
          "Layer 3/13: COPY command",
          "Loading...",
          "Verifying...",
          "npm install: added 361 packages",
          "Processing...",
          "pip: Installing build dependencies...",
          "Pushing to registry...",
          "\u2717 build failed with exit code 29",
          "Loading...",
          "[12:52:26] INFO: Connecting to database",
          "[12:52:26] ERROR: Connection failed",
          "Tests: 95 passed, 217 total",
          "pip: Collecting prettier",
          "Verifying...",
          "Cache saved successfully",
          "Optimizing 30 modules...",
          "Image pulled successfully",
          "[12:52:26] DEBUG: Query executed in 40ms",
          "Layer 10/14: RUN command",
          "Time: 76.277s",
          "\u26a0 DEPRECATION: Feature will be removed in v3.0",
          "Exception: TypeError",
          "Already up to date.",
          "Minifying main.js",
          "Creating production build...",
          "\u2713 Task completed in 1758ms",
          "Test Suites: 27 passed, 10 total",
          "  PASS: test_db_connect (115ms)",
          "Tests: 245 passed, 467 total",
          "[12:52:26] DEBUG: Connection pool: 5 active",
          "Cache miss for key-4479",
          "[12:52:26] INFO: Starting build process",
          "Image pulled successfully",
          "Step 9/22: Installing dependencies",
          "Waiting...",
          "Cache hit for key-3016",
          "Pushing to registry...",
          "Artifact uploaded: build.tar.gz (23MB)",
          "Uploading artifact 'build' (11 files)",
          "  PASS: integration/test_db_connect.spec.js",
          "Ran 171 tests in 45s",
          "Creating production build...",
          "[12:52:26] WARN: Deprecated API usage",
          "Completed.",
          "\u26a0 DEPRECATION: Feature will be removed in v4.0",
          "pip: Collecting webpack",
          "Step 15/25: Testing",
          "[12:52:26] DEBUG: Loading configuration",
          "Waiting...",
          "Pushing to registry...",
          "Cache miss for key-1806",
          "HEAD is now at 2fb09fd",
          "Loading...",
          "Coverage: 99% statements, 99% branches",
          "npm install: added 497 packages",
          "Finished.",
          "[12:52:26] DEBUG: Connection pool: 3 active",
          "[12:52:26] INFO: Connecting to database",
          "\u26a0 DEPRECATION: Feature will be removed in v4.0",
          "Creating production build...",
          "Checking out master branch",
          "[12:52:26] ERROR: Connection failed",
          "Installing eslint@3.2.2",
          "Snapshots: 4 passed, 41 total",
          "Fetching from https://pypi.org/package.json",
          "OK",
          "Switched to branch 'hotfix/task-836'",
          "[12:52:26] DEBUG: Connection pool: 13 active",
          "Time: 30.115s",
          "POST /data - 202 (25ms)",
          "Minifying main.js",
          "Checking out main branch",
          "Test Suites: 42 passed, 12 total",
          "Tests: 127 passed, 78 total",
          "\u26a0 DEPRECATION: Feature will be removed in v4.0",
          "Using Python 3.12",
          "yarn add: Done in 25.36s",
          "Fetching from https://gcr.io/package.json",
          "Compiling lib/service.java...",
          "\u2713 All checks passed",
          "Layer 4/11: ENV command",
          "HEAD is now at 43da4b3",
          "Using Python 3.11",
          "Optimizing 64 modules...",
          "\u2713 package completed",
          "=== Step deploy_production completed ==="
        ]
      },
      {
        "name": "install_dependencies",
        "status": "success",
        "started_at": "2025-11-30T12:52:35.883665",
        "finished_at": "2025-11-30T12:52:42.600083",
        "log_lines": [
          "=== Step: install_dependencies ===",
          "FAILED: test_cache_hit",
          "[12:52:26] DEBUG: Memory usage: 1735MB",
          "WARNING: lodash has known vulnerabilities",
          "yarn add: Done in 22.46s",
          "Compiling src/app.ts...",
          "\u26a0 DEPRECATION: Feature will be removed in v5.0",
          "Fetching submodules...",
          "Cache invalidated: node_modules",
          "Step 20/24: Testing",
          "[12:52:26] INFO: Connecting to database",
          "Loading...",
          "Step 19/17: Deploying",
          "  PASS: integration/test_db_connect.spec.js",
          "\u26a0 DEPRECATION: Feature will be removed in v2.0",
          "Artifact uploaded: dist.zip (60MB)",
          "Compiling utils/index.js...",
          "pip: Collecting eslint",
          "[12:52:26] INFO: Processing request",
          "Fetching from https://npmjs.org/package.json",
          "Minifying vendor.js",
          "Platform: darwin-arm64",
          "[12:52:26] ERROR: Connection failed",
          "[12:52:26] WARN: Deprecated API usage",
          "yarn add: Done in 17.23s",
          "Bundling vendor.css",
          "pip: Installing build dependencies...",
          "\u2713 All checks passed",
          "Cache hit for key-2457",
          "  PASS: e2e/test_api_health.spec.js",
          "Success!",
          "Completed.",
          "Tests: 158 passed, 140 total",
          "Step 7/15: Testing",
          "Success!",
          "TLS handshake completed",
          "Finished.",
          "Uploading artifact 'dist' (23 files)",
          "Tests: 160 passed, 190 total",
          "[12:52:26] DEBUG: Query executed in 52ms",
          "[12:52:26] ERROR: Connection failed",
          "\u26a0 DEPRECATION: Feature will be removed in v2.0",
          "pip: Installing build dependencies...",
          "Test Suites: 35 passed, 10 total",
          "[12:52:26] WARN: Deprecated API usage",
          "Snapshots: 0 passed, 26 total",
          "Layer 10/8: COPY command",
          "\u2717 build failed with exit code 53",
          "Environment: production",
          "Compiling lib/service.java...",
          "[12:52:26] INFO: Starting build process",
          "FAILED: test_cache_hit",
          "Step 5/21: Testing",
          "Building Docker image...",
          "Building Docker image...",
          "Fetching from https://googleapis.com/package.json",
          "Artifact uploaded: dist.zip (97MB)",
          "[12:52:26] INFO: Starting build process",
          "pip: Downloading react-5.1.tar.gz",
          "NODE_ENV=production",
          "[12:52:26] INFO: Starting build process",
          "pip: Collecting eslint",
          "Compiling components/main.py...",
          "pip install: Successfully installed axios-4.19",
          "[12:52:26] WARN: Deprecated API usage",
          "Step 14/15: Installing dependencies",
          "Using Python 3.11",
          "Image pulled successfully",
          "[12:52:26] INFO: Connecting to database",
          "pip: Downloading jest-3.15.tar.gz",
          "Step 13/23: Running migrations",
          "Generating source maps...",
          "Coverage: 82% statements, 85% branches",
          "Cache hit for key-6080",
          "Step 20/20: Installing dependencies",
          "Creating production build...",
          "Generating source maps...",
          "Checking out master branch",
          "Switched to branch 'hotfix/task-150'",
          "Platform: linux-x64",
          "Cache saved successfully",
          "Success!",
          "[12:52:26] DEBUG: Loading configuration",
          "NODE_ENV=test",
          "Compiling components/app.ts...",
          "[12:52:26] ERROR: Connection failed",
          "Step 16/20: Testing",
          "[12:52:26] DEBUG: Connection pool: 10 active",
          "Loading...",
          "Cache saved successfully",
          "\u2713 test completed",
          "Checking out main branch",
          "Optimizing 50 modules...",
          "Finished.",
          "Cache miss for key-9039",
          "Using Python 3.12",
          "[12:52:26] DEBUG: Connection pool: 12 active",
          "Layer 1/9: RUN command",
          "GET /status - 200 (91ms)",
          "Step 3/16: Linting",
          "\u2713 Task completed in 2620ms",
          "Cache restored successfully (97MB)",
          "Loading...",
          "Exception: NullPointerException",
          "Optimizing 100 modules...",
          "Done.",
          "Completed.",
          "  PASS: test_db_connect (383ms)",
          "npm notice: created a lockfile",
          "Compiling components/index.js...",
          "[12:52:26] DEBUG: Memory usage: 1423MB",
          "[12:52:26] DEBUG: Initializing service",
          "Verifying...",
          "Ready.",
          "Artifact downloaded: 1MB",
          "Ran 106 tests in 19s",
          "Platform: win32-x64",
          "\u2713 All checks passed",
          "Time: 78.741s",
          "\u26a0 DEPRECATION: Feature will be removed in v4.0",
          "npm install: resolved 1704 packages",
          "Uploading artifact 'dist' (48 files)",
          "\u26a0 DEPRECATION: Feature will be removed in v2.0",
          "Step 7/23: Installing dependencies",
          "GET /health - 201 (94ms)",
          "Artifact uploaded: build.tar.gz (1MB)",
          "Fetching from https://npmjs.org/package.json",
          "Building Docker image...",
          "Artifact uploaded: build.tar.gz (35MB)",
          "FAILED: test_user_create",
          "[12:52:26] INFO: Connecting to database",
          "Image pulled successfully",
          "Platform: linux-x64",
          "Done.",
          "Finished.",
          "Success!",
          "Compiling components/utils.go...",
          "Coverage: 97% statements, 97% branches",
          "Step 7/24: Linting",
          "[12:52:26] DEBUG: Connection pool: 11 active",
          "npm notice: created a lockfile",
          "\u2713 test completed",
          "Cache miss for key-2451",
          "[12:52:26] INFO: Cache refreshed",
          "Verifying...",
          "[12:52:26] DEBUG: Memory usage: 673MB",
          "HEAD is now at 41857ca",
          "[12:52:26] ERROR: Connection failed",
          "[12:52:26] DEBUG: Query executed in 38ms",
          "Artifact uploaded: dist.zip (47MB)",
          "yarn add: Done in 22.60s",
          "Compiling src/handler.rs...",
          "Waiting...",
          "Optimizing 43 modules...",
          "Compiling components/service.java...",
          "FAILED: test_user_create",
          "[12:52:26] INFO: Connecting to database",
          "npm notice: created a lockfile",
          "Fetching submodules...",
          "Artifact uploaded: dist.zip (90MB)",
          "Ready.",
          "OK",
          "[12:52:26] INFO: Request completed",
          "TLS handshake completed",
          "Artifact downloaded: 15MB",
          "[12:52:26] DEBUG: Initializing service",
          "pip: Collecting react",
          "Ready.",
          "WARNING: axios has known vulnerabilities",
          "[12:52:26] INFO: Cache refreshed",
          "Coverage: 95% statements, 91% branches",
          "pip: Collecting axios",
          "Bundling runtime.css",
          "Coverage: 95% statements, 87% branches",
          "HEAD is now at ab920ab",
          "Step 7/19: Deploying",
          "Snapshots: 25 passed, 37 total",
          "[12:52:26] INFO: Cache refreshed",
          "Cache miss for key-9102",
          "Cache hit for key-8270",
          "Compiling components/main.py...",
          "Using Python 3.12",
          "Snapshots: 13 passed, 17 total",
          "Compiling src/index.js...",
          "OK",
          "Ran 146 tests in 49s",
          "Environment: development",
          "Step 4/15: Running migrations",
          "Cache miss for key-8723",
          "Test Suites: 11 passed, 13 total",
          "Connection established",
          "Finished.",
          "Step 11/16: Installing dependencies",
          "Step 16/23: Deploying",
          "POST /api - 201 (392ms)",
          "Test Suites: 12 passed, 40 total",
          "Cache saved successfully",
          "Using Node.js 19.13.8",
          "Ran 23 tests in 30s",
          "OK",
          "Using Python 3.11",
          "Generating source maps...",
          "npm notice: package.json updated",
          "Step 12/19: Building",
          "Artifact uploaded: dist.zip (22MB)",
          "Image pulled successfully",
          "Fetching submodules...",
          "  PASS: test_db_connect (11ms)",
          "Coverage: 78% statements, 77% branches",
          "Connection established",
          "Step 14/15: Installing dependencies",
          "Tests: 66 passed, 346 total",
          "Completed.",
          "npm notice: package.json updated",
          "Bundling vendor.js",
          "npm install: resolved 1803 packages",
          "[12:52:26] INFO: Connecting to database",
          "[12:52:26] DEBUG: Memory usage: 756MB",
          "Cache invalidated: node_modules",
          "Compiling components/service.java...",
          "npm notice: created a lockfile",
          "Building Docker image...",
          "Artifact uploaded: dist.zip (40MB)",
          "Cache hit for key-4874",
          "  PASS: unit/test_user_create.spec.js",
          "WARNING: prettier has known vulnerabilities",
          "Generating source maps...",
          "Tests: 297 passed, 58 total",
          "npm notice: created a lockfile",
          "Compiling src/utils.go...",
          "Using Node.js 14.4.9",
          "\u2713 Step 'install' succeeded",
          "Verifying...",
          "Cache hit for key-1518",
          "[12:52:26] INFO: Request completed",
          "[12:52:26] INFO: Starting build process",
          "npm notice: created a lockfile",
          "[12:52:26] INFO: Request completed",
          "\u2713 All checks passed",
          "Cache invalidated: node_modules",
          "Platform: linux-x64",
          "Switched to branch 'bugfix/task-452'",
          "Uploading artifact 'coverage' (34 files)",
          "Compiling components/index.js...",
          "HEAD is now at 8f5cc56",
          "npm notice: package.json updated",
          "Creating production build...",
          "Switched to branch 'hotfix/task-930'",
          "pip: Installing build dependencies...",
          "npm install: added 360 packages",
          "=== Step install_dependencies completed ==="
        ]
      },
      {
        "name": "e2e_tests",
        "status": "success",
        "started_at": "2025-11-30T12:52:42.600083",
        "finished_at": "2025-11-30T12:52:44.838889",
        "log_lines": [
          "=== Step: e2e_tests ===",
          "Coverage: 91% statements, 79% branches",
          "Exception: NullPointerException",
          "GET /api - 200 (22ms)",
          "Done.",
          "Compiling src/app.ts...",
          "Cache hit for key-2378",
          "OK",
          "Fetching submodules...",
          "NODE_ENV=development",
          "Compiling components/handler.rs...",
          "Success!",
          "Generating source maps...",
          "[12:52:26] INFO: Request completed",
          "  PASS: unit/test_db_connect.spec.js",
          "Optimizing 66 modules...",
          "Cache invalidated: node_modules",
          "Step 6/20: Deploying",
          "pip install: Successfully installed jest-2.20",
          "Step 17/22: Building",
          "Minifying main.js",
          "FAILED: test_user_create",
          "[12:52:26] WARN: Deprecated API usage",
          "npm notice: created a lockfile",
          "Connection established",
          "Ready.",
          "Step 12/22: Testing",
          "Environment: production",
          "Loading...",
          "pip: Installing build dependencies...",
          "[12:52:26] INFO: Request completed",
          "npm install: added 307 packages",
          "Finished.",
          "[12:52:26] INFO: Cache refreshed",
          "Step 5/21: Installing dependencies",
          "Coverage: 92% statements, 77% branches",
          "Platform: win32-x64",
          "Done.",
          "Tests: 192 passed, 460 total",
          "Layer 1/13: RUN command",
          "Installing prettier@4.3.5",
          "Checking out master branch",
          "Cache hit for key-7304",
          "pip: Downloading axios-4.18.tar.gz",
          "TLS handshake completed",
          "pip: Downloading eslint-1.7.tar.gz",
          "Transforming 471 files...",
          "Exception: RuntimeError",
          "[12:52:26] WARN: Deprecated API usage",
          "pip: Installing build dependencies...",
          "npm install: resolved 1439 packages",
          "[12:52:26] WARN: Deprecated API usage",
          "Optimizing 92 modules...",
          "Waiting...",
          "[12:52:26] ERROR: Connection failed",
          "Verifying...",
          "[12:52:26] WARN: Deprecated API usage",
          "npm install: resolved 1627 packages",
          "npm install: resolved 1278 packages",
          "Finished.",
          "Artifact downloaded: 8MB",
          "Connection established",
          "Completed.",
          "Test Suites: 24 passed, 17 total",
          "Step 17/24: Running migrations",
          "Finished.",
          "[12:52:26] WARN: Deprecated API usage",
          "WARNING: jest has known vulnerabilities",
          "Pulling image: node:3.11",
          "Step 9/15: Testing",
          "npm install: resolved 1990 packages",
          "[12:52:26] ERROR: Connection failed",
          "Cache restored successfully (448MB)",
          "  PASS: integration/test_auth_login.spec.js",
          "Step 10/21: Deploying",
          "  PASS: e2e/test_cache_hit.spec.js",
          "Generating source maps...",
          "Building Docker image...",
          "Connection established",
          "Snapshots: 14 passed, 24 total",
          "pip: Installing build dependencies...",
          "Ready.",
          "[12:52:26] INFO: Request completed",
          "Fetching from https://googleapis.com/package.json",
          "WARNING: react has known vulnerabilities",
          "npm install: added 342 packages",
          "Bundling runtime.css",
          "FAILED: test_db_connect",
          "[12:52:26] INFO: Request completed",
          "\u2713 deploy completed",
          "Coverage: 80% statements, 69% branches",
          "Done.",
          "pip: Installing build dependencies...",
          "Compiling utils/index.js...",
          "Already up to date.",
          "Artifact downloaded: 34MB",
          "\u2713 All checks passed",
          "[12:52:26] DEBUG: Initializing service",
          "\u2713 All checks passed",
          "Loading...",
          "[12:52:26] DEBUG: Query executed in 73ms",
          "Waiting...",
          "Bundling main.js",
          "Artifact downloaded: 3MB",
          "Step 20/24: Deploying",
          "Generating source maps...",
          "Minifying app.js",
          "GET /health - 204 (11ms)",
          "Fetching from https://registry.npmjs.org/package.json",
          "Cache invalidated: node_modules",
          "Platform: darwin-arm64",
          "Uploading artifact 'build' (13 files)",
          "Already up to date.",
          "Platform: linux-x64",
          "Done.",
          "Minifying main.js",
          "Ready.",
          "Step 9/22: Running migrations",
          "Tests: 161 passed, 108 total",
          "[12:52:26] INFO: Starting build process",
          "Using Python 3.12",
          "FAILED: test_auth_login",
          "Uploading artifact 'coverage' (16 files)",
          "[12:52:26] INFO: Starting build process",
          "Transforming 950 files...",
          "Waiting...",
          "Processing...",
          "Compiling utils/service.java...",
          "Cache invalidated: node_modules",
          "[12:52:26] INFO: Cache refreshed",
          "Connection established",
          "POST /data - 201 (300ms)",
          "\u2713 All checks passed",
          "Bundling vendor.js",
          "WARNING: express has known vulnerabilities",
          "Switched to branch 'bugfix/task-877'",
          "Building Docker image...",
          "HEAD is now at fed5d1c",
          "Exception: TypeError",
          "\u2713 test completed",
          "Step 6/18: Installing dependencies",
          "Switched to branch 'bugfix/task-298'",
          "Tests: 370 passed, 52 total",
          "\u2713 Task completed in 2036ms",
          "Step 9/17: Building",
          "Layer 10/10: COPY command",
          "Step 2/22: Building",
          "[12:52:26] INFO: Starting build process",
          "POST /upload - 200 (461ms)",
          "Cache restored successfully (154MB)",
          "Ran 135 tests in 4s",
          "Bundling runtime.js",
          "Cache restored successfully (99MB)",
          "Artifact downloaded: 24MB",
          "pip: Downloading axios-2.0.tar.gz",
          "Processing...",
          "[12:52:26] INFO: Request completed",
          "Step 19/23: Deploying",
          "Cache miss for key-7644",
          "Done.",
          "Cache hit for key-7061",
          "\u26a0 DEPRECATION: Feature will be removed in v5.0",
          "[12:52:26] DEBUG: Connection pool: 5 active",
          "Platform: win32-x64",
          "pip: Collecting react",
          "[12:52:26] INFO: Connecting to database",
          "Artifact downloaded: 15MB",
          "Building Docker image...",
          "[12:52:26] ERROR: Connection failed",
          "Compiling lib/index.js...",
          "Bundling vendor.css",
          "[12:52:26] DEBUG: Loading configuration",
          "Image pulled successfully",
          "Success!",
          "Step 17/25: Building",
          "Artifact uploaded: dist.zip (12MB)",
          "pip install: Successfully installed prettier-4.16",
          "Bundling styles.css",
          "Compiling components/index.js...",
          "\u26a0 DEPRECATION: Feature will be removed in v3.0",
          "\u2713 Step 'build' succeeded",
          "Step 1/18: Installing dependencies",
          "\u2717 build failed with exit code 45",
          "GET /api - 201 (53ms)",
          "pip: Collecting prettier",
          "Step 6/23: Testing",
          "\u26a0 DEPRECATION: Feature will be removed in v5.0",
          "pip: Collecting prettier",
          "NODE_ENV=development",
          "[12:52:26] DEBUG: Initializing service",
          "Step 2/23: Building",
          "\u2713 test completed",
          "pip: Collecting webpack",
          "[12:52:26] DEBUG: Initializing service",
          "[12:52:26] INFO: Processing request",
          "Success!",
          "Fetching submodules...",
          "Building Docker image...",
          "[12:52:26] INFO: Request completed",
          "Cache saved successfully",
          "pip: Downloading eslint-2.2.tar.gz",
          "Ran 138 tests in 37s",
          "Artifact uploaded: build.tar.gz (16MB)",
          "Uploading artifact 'dist' (4 files)",
          "npm install: resolved 562 packages",
          "Bundling main.css",
          "Pulling image: python:3.11",
          "Exception: RuntimeError",
          "[12:52:26] INFO: Request completed",
          "WARNING: lodash has known vulnerabilities",
          "[12:52:26] ERROR: Connection failed",
          "npm notice: created a lockfile",
          "npm notice: created a lockfile",
          "Tests: 74 passed, 372 total",
          "[12:52:26] DEBUG: Loading configuration",
          "\u2713 package completed",
          "Waiting...",
          "GET /status - 201 (82ms)",
          "\u26a0 DEPRECATION: Feature will be removed in v5.0",
          "[12:52:26] DEBUG: Initializing service",
          "\u2717 build failed with exit code 30",
          "[12:52:26] ERROR: Connection failed",
          "Environment: test",
          "Fetching submodules...",
          "[12:52:26] WARN: Deprecated API usage",
          "[12:52:26] INFO: Connecting to database",
          "Step 11/25: Testing",
          "Installing axios@5.18.5",
          "Step 5/25: Building",
          "Using Python 3.9",
          "Step 7/20: Linting",
          "OK",
          "Cache invalidated: node_modules",
          "[12:52:26] WARN: Deprecated API usage",
          "Pulling image: python:3.11",
          "[12:52:26] DEBUG: Query executed in 24ms",
          "Exception: ValueError",
          "Snapshots: 3 passed, 19 total",
          "Using Node.js 20.13.8",
          "WARNING: webpack has known vulnerabilities",
          "Step 11/24: Running migrations",
          "Artifact downloaded: 28MB",
          "Fetching from https://gcr.io/package.json",
          "Cache miss for key-8880",
          "Tests: 457 passed, 233 total",
          "pip install: Successfully installed axios-3.14",
          "Building Docker image...",
          "Image pulled successfully",
          "  PASS: test_api_health (413ms)",
          "Ready.",
          "=== Step e2e_tests completed ==="
        ]
      },
      {
        "name": "upload_artifacts",
        "status": "success",
        "started_at": "2025-11-30T12:52:44.838889",
        "finished_at": "2025-11-30T12:52:47.077695",
        "log_lines": [
          "=== Step: upload_artifacts ===",
          "Transforming 696 files...",
          "pip install: Successfully installed webpack-2.20",
          "Tests: 157 passed, 364 total",
          "[12:52:26] INFO: Request completed",
          "Artifact downloaded: 34MB",
          "[12:52:26] DEBUG: Memory usage: 1113MB",
          "pip: Collecting jest",
          "[12:52:26] ERROR: Connection failed",
          "[12:52:26] DEBUG: Query executed in 71ms",
          "FAILED: test_user_create",
          "Platform: darwin-arm64",
          "\u26a0 DEPRECATION: Feature will be removed in v4.0",
          "Artifact downloaded: 21MB",
          "FAILED: test_user_create",
          "Cache invalidated: dependencies",
          "Environment: test",
          "Building Docker image...",
          "Image pulled successfully",
          "WARNING: axios has known vulnerabilities",
          "NODE_ENV=development",
          "[12:52:26] INFO: Cache refreshed",
          "npm install: resolved 1189 packages",
          "\u2713 Step 'install' succeeded",
          "[12:52:26] WARN: Deprecated API usage",
          "Compiling lib/handler.rs...",
          "\u26a0 DEPRECATION: Feature will be removed in v2.0",
          "Checking out develop branch",
          "Checking out master branch",
          "Step 5/17: Deploying",
          "npm install: resolved 681 packages",
          "Completed.",
          "\u26a0 DEPRECATION: Feature will be removed in v3.0",
          "Time: 93.182s",
          "Artifact uploaded: dist.zip (42MB)",
          "Test Suites: 18 passed, 42 total",
          "\u26a0 DEPRECATION: Feature will be removed in v5.0",
          "HEAD is now at 29d5b3c",
          "Fetching from https://githubusercontent.com/package.json",
          "\u2713 Step 'checkout' succeeded",
          "Artifact uploaded: build.tar.gz (49MB)",
          "GET /status - 200 (18ms)",
          "[12:52:26] DEBUG: Connection pool: 7 active",
          "OK",
          "Switched to branch 'bugfix/task-265'",
          "Completed.",
          "npm notice: package.json updated",
          "Environment: development",
          "Ran 101 tests in 12s",
          "pip install: Successfully installed prettier-1.15",
          "Compiling components/app.ts...",
          "Switched to branch 'hotfix/task-566'",
          "Cache restored successfully (491MB)",
          "Tests: 473 passed, 309 total",
          "Bundling styles.css",
          "Compiling utils/main.py...",
          "Coverage: 92% statements, 65% branches",
          "Connection established",
          "Exception: RuntimeError",
          "Bundling runtime.js",
          "Coverage: 93% statements, 76% branches",
          "Switched to branch 'hotfix/task-716'",
          "  PASS: test_db_connect (61ms)",
          "Done.",
          "Minifying main.js",
          "[12:52:26] ERROR: Connection failed",
          "Ran 161 tests in 45s",
          "Cache restored successfully (204MB)",
          "[12:52:26] DEBUG: Loading configuration",
          "Installing axios@5.12.6",
          "[12:52:26] INFO: Starting build process",
          "yarn add: Done in 18.62s",
          "Tests: 163 passed, 234 total",
          "[12:52:26] INFO: Cache refreshed",
          "Step 20/24: Linting",
          "[12:52:26] DEBUG: Loading configuration",
          "Image pulled successfully",
          "npm notice: created a lockfile",
          "Step 4/21: Building",
          "Cache saved successfully",
          "npm notice: created a lockfile",
          "pip: Installing build dependencies...",
          "Ran 16 tests in 30s",
          "Pushing to registry...",
          "npm install: resolved 787 packages",
          "Compiling utils/app.ts...",
          "Step 7/19: Testing",
          "Compiling components/app.ts...",
          "Step 9/18: Building",
          "Artifact uploaded: build.tar.gz (46MB)",
          "Generating source maps...",
          "Checking out main branch",
          "Waiting...",
          "\u2713 Task completed in 2812ms",
          "Using Node.js 15.17.8",
          "npm notice: package.json updated",
          "Cache hit for key-7688",
          "  PASS: test_auth_login (476ms)",
          "[12:52:26] WARN: Deprecated API usage",
          "[12:52:26] INFO: Cache refreshed",
          "\u2713 All checks passed",
          "Step 20/18: Linting",
          "[12:52:26] DEBUG: Query executed in 6ms",
          "Success!",
          "Compiling components/service.java...",
          "Step 3/22: Testing",
          "Pushing to registry...",
          "Coverage: 71% statements, 84% branches",
          "Cache saved successfully",
          "Coverage: 99% statements, 74% branches",
          "WARNING: eslint has known vulnerabilities",
          "Test Suites: 6 passed, 27 total",
          "POST /upload - 202 (273ms)",
          "Building Docker image...",
          "Step 9/20: Installing dependencies",
          "pip: Downloading webpack-4.11.tar.gz",
          "Step 3/16: Linting",
          "Time: 68.942s",
          "Artifact uploaded: build.tar.gz (28MB)",
          "Snapshots: 19 passed, 14 total",
          "Transforming 509 files...",
          "Loading...",
          "Creating production build...",
          "[12:52:26] DEBUG: Connection pool: 14 active",
          "Bundling vendor.js",
          "Cache invalidated: node_modules",
          "Finished.",
          "[12:52:26] DEBUG: Initializing service",
          "[12:52:26] INFO: Connecting to database",
          "Cache hit for key-9482",
          "Compiling src/app.ts...",
          "Verifying...",
          "Pulling image: alpine:3.11",
          "Processing...",
          "pip install: Successfully installed prettier-3.20",
          "Cache saved successfully",
          "Test Suites: 42 passed, 41 total",
          "Success!",
          "Pushing to registry...",
          "Compiling components/handler.rs...",
          "Optimizing 20 modules...",
          "npm notice: created a lockfile",
          "POST /api - 200 (255ms)",
          "OK",
          "NODE_ENV=production",
          "Step 3/15: Testing",
          "Fetching submodules...",
          "[12:52:26] DEBUG: Memory usage: 1241MB",
          "Time: 23.245s",
          "[12:52:26] DEBUG: Memory usage: 465MB",
          "Step 7/18: Deploying",
          "\u2717 build failed with exit code 66",
          "Creating production build...",
          "Step 19/15: Building",
          "Ready.",
          "Pushing to registry...",
          "pip: Downloading jest-2.8.tar.gz",
          "\u2713 All checks passed",
          "\u2713 lint completed",
          "Using Python 3.11",
          "pip: Installing build dependencies...",
          "  PASS: test_user_create (443ms)",
          "Success!",
          "WARNING: react has known vulnerabilities",
          "[12:52:26] INFO: Starting build process",
          "OK",
          "Finished.",
          "Exception: TypeError",
          "[12:52:26] DEBUG: Connection pool: 3 active",
          "Environment: development",
          "[12:52:26] INFO: Connecting to database",
          "Installing eslint@4.4.6",
          "\u26a0 DEPRECATION: Feature will be removed in v3.0",
          "Fetching submodules...",
          "pip install: Successfully installed lodash-4.2",
          "Transforming 414 files...",
          "Cache invalidated: node_modules",
          "Checking out main branch",
          "pip: Installing build dependencies...",
          "Snapshots: 29 passed, 10 total",
          "Compiling components/app.ts...",
          "[12:52:26] DEBUG: Initializing service",
          "[12:52:26] DEBUG: Loading configuration",
          "Artifact uploaded: dist.zip (90MB)",
          "Environment: test",
          "Checking out main branch",
          "Ran 71 tests in 38s",
          "OK",
          "\u26a0 DEPRECATION: Feature will be removed in v2.0",
          "Time: 102.720s",
          "Artifact uploaded: dist.zip (46MB)",
          "TLS handshake completed",
          "Already up to date.",
          "Compiling lib/main.py...",
          "HEAD is now at 274703b",
          "\u26a0 DEPRECATION: Feature will be removed in v5.0",
          "[12:52:26] INFO: Request completed",
          "Artifact uploaded: dist.zip (59MB)",
          "GET /status - 200 (39ms)",
          "Success!",
          "Step 20/24: Deploying",
          "Installing jest@5.16.0",
          "Platform: linux-x64",
          "Step 13/22: Installing dependencies",
          "\u26a0 DEPRECATION: Feature will be removed in v4.0",
          "Optimizing 45 modules...",
          "Step 14/15: Building",
          "Connection established",
          "Success!",
          "NODE_ENV=production",
          "[12:52:26] DEBUG: Memory usage: 789MB",
          "Finished.",
          "Artifact downloaded: 36MB",
          "POST /data - 201 (472ms)",
          "Loading...",
          "[12:52:26] INFO: Cache refreshed",
          "Artifact downloaded: 7MB",
          "OK",
          "Generating source maps...",
          "Checking out develop branch",
          "pip: Installing build dependencies...",
          "\u2717 build failed with exit code 42",
          "Verifying...",
          "npm install: added 21 packages",
          "[12:52:26] INFO: Request completed",
          "npm notice: package.json updated",
          "[12:52:26] WARN: Deprecated API usage",
          "[12:52:26] DEBUG: Connection pool: 11 active",
          "Cache restored successfully (198MB)",
          "TLS handshake completed",
          "Fetching from https://githubusercontent.com/package.json",
          "npm notice: created a lockfile",
          "Fetching submodules...",
          "Loading...",
          "Bundling main.js",
          "POST /data - 202 (92ms)",
          "\u2713 build completed",
          "pip: Installing build dependencies...",
          "Compiling components/app.ts...",
          "[12:52:26] INFO: Request completed",
          "Tests: 398 passed, 89 total",
          "npm notice: package.json updated",
          "Pushing to registry...",
          "npm install: resolved 709 packages",
          "WARNING: jest has known vulnerabilities",
          "[12:52:26] DEBUG: Memory usage: 1567MB",
          "Generating source maps...",
          "Pushing to registry...",
          "Artifact uploaded: build.tar.gz (43MB)",
          "[12:52:26] DEBUG: Memory usage: 1623MB",
          "=== Step upload_artifacts completed ==="
        ]
      },
      {
        "name": "checkout",
        "status": "success",
        "started_at": "2025-11-30T12:52:47.077695",
        "finished_at": "2025-11-30T12:52:47.973217",
        "log_lines": [
          "=== Step: checkout ===",
          "Fetching submodules...",
          "[12:52:26] ERROR: Connection failed",
          "Step 17/22: Running migrations",
          "WARNING: express has known vulnerabilities",
          "HEAD is now at 83b9031",
          "OK",
          "  PASS: test_cache_hit (217ms)",
          "Fetching submodules...",
          "Compiling lib/index.js...",
          "Tests: 441 passed, 372 total",
          "\u2713 test completed",
          "Test Suites: 47 passed, 37 total",
          "Using Python 3.9",
          "Generating source maps...",
          "[12:52:26] WARN: Deprecated API usage",
          "Ready.",
          "Ran 49 tests in 16s",
          "[12:52:26] WARN: Deprecated API usage",
          "[12:52:26] WARN: Deprecated API usage",
          "Already up to date.",
          "\u2717 build failed with exit code 66",
          "Processing...",
          "Processing...",
          "Step 2/15: Linting",
          "Step 6/20: Running migrations",
          "NODE_ENV=production",
          "\u26a0 DEPRECATION: Feature will be removed in v2.0",
          "Already up to date.",
          "TLS handshake completed",
          "[12:52:26] DEBUG: Connection pool: 17 active",
          "pip: Collecting webpack",
          "[12:52:26] WARN: Deprecated API usage",
          "WARNING: react has known vulnerabilities",
          "Waiting...",
          "pip: Installing build dependencies...",
          "Minifying app.js",
          "Environment: test",
          "Cache restored successfully (479MB)",
          "Uploading artifact 'coverage' (17 files)",
          "npm install: resolved 1803 packages",
          "Cache hit for key-3363",
          "Pushing to registry...",
          "Switched to branch 'feature/task-179'",
          "Image pulled successfully",
          "[12:52:26] INFO: Processing request",
          "Generating source maps...",
          "Step 8/16: Running migrations",
          "Test Suites: 26 passed, 19 total",
          "Verifying...",
          "Time: 100.877s",
          "Fetching from https://googleapis.com/package.json",
          "Platform: linux-x64",
          "[12:52:26] DEBUG: Loading configuration",
          "HEAD is now at 69068c1",
          "Artifact uploaded: dist.zip (96MB)",
          "[12:52:26] INFO: Cache refreshed",
          "Minifying main.js",
          "npm install: added 259 packages",
          "[12:52:26] DEBUG: Initializing service",
          "Step 15/16: Linting",
          "npm notice: created a lockfile",
          "Tests: 369 passed, 320 total",
          "Done.",
          "npm install: added 211 packages",
          "Environment: staging",
          "\u2717 build failed with exit code 113",
          "Exception: TypeError",
          "WARNING: prettier has known vulnerabilities",
          "Tests: 56 passed, 463 total",
          "Time: 112.390s",
          "Cache restored successfully (133MB)",
          "[12:52:26] INFO: Request completed",
          "npm install: added 156 packages",
          "Transforming 225 files...",
          "Minifying app.js",
          "npm notice: created a lockfile",
          "POST /data - 201 (392ms)",
          "Creating production build...",
          "[12:52:26] DEBUG: Loading configuration",
          "[12:52:26] DEBUG: Loading configuration",
          "Processing...",
          "yarn add: Done in 28.61s",
          "[12:52:26] INFO: Starting build process",
          "pip: Downloading react-2.19.tar.gz",
          "Cache saved successfully",
          "Compiling utils/utils.go...",
          "Cache restored successfully (160MB)",
          "Connection established",
          "NODE_ENV=development",
          "Completed.",
          "pip: Downloading axios-3.12.tar.gz",
          "Layer 9/15: RUN command",
          "Compiling utils/index.js...",
          "Compiling src/app.ts...",
          "Cache restored successfully (296MB)",
          "Bundling runtime.css",
          "Time: 104.35s",
          "HEAD is now at 4038d26",
          "Fetching submodules...",
          "FAILED: test_user_create",
          "POST /upload - 201 (422ms)",
          "Optimizing 56 modules...",
          "yarn add: Done in 19.73s",
          "Image pulled successfully",
          "[12:52:26] INFO: Starting build process",
          "Minifying vendor.js",
          "Connection established",
          "Bundling styles.css",
          "Building Docker image...",
          "Transforming 777 files...",
          "[12:52:26] INFO: Starting build process",
          "Cache invalidated: dependencies",
          "Fetching submodules...",
          "WARNING: lodash has known vulnerabilities",
          "Snapshots: 50 passed, 8 total",
          "\u2713 Step 'setup' succeeded",
          "\u26a0 DEPRECATION: Feature will be removed in v4.0",
          "\u2713 Step 'test' succeeded",
          "\u2713 Step 'checkout' succeeded",
          "Creating production build...",
          "Generating source maps...",
          "Step 20/23: Linting",
          "yarn add: Done in 10.96s",
          "Switched to branch 'feature/task-521'",
          "Pushing to registry...",
          "[12:52:26] WARN: Deprecated API usage",
          "Building Docker image...",
          "TLS handshake completed",
          "yarn add: Done in 14.68s",
          "[12:52:26] DEBUG: Initializing service",
          "Artifact uploaded: dist.zip (92MB)",
          "Optimizing 33 modules...",
          "Switched to branch 'hotfix/task-307'",
          "Step 4/19: Linting",
          "Installing jest@2.19.8",
          "WARNING: express has known vulnerabilities",
          "Building Docker image...",
          "Cache saved successfully",
          "Test Suites: 8 passed, 22 total",
          "Bundling styles.js",
          "\u2713 Task completed in 1070ms",
          "Step 18/20: Building",
          "Snapshots: 44 passed, 10 total",
          "Pulling image: node:3.11",
          "\u26a0 DEPRECATION: Feature will be removed in v3.0",
          "npm notice: created a lockfile",
          "[12:52:26] DEBUG: Connection pool: 19 active",
          "npm notice: created a lockfile",
          "Optimizing 84 modules...",
          "  PASS: test_db_connect (375ms)",
          "\u2713 Step 'setup' succeeded",
          "Switched to branch 'bugfix/task-434'",
          "Cache invalidated: node_modules",
          "Fetching from https://amazonaws.com/package.json",
          "pip: Downloading express-4.10.tar.gz",
          "[12:52:26] INFO: Cache refreshed",
          "Platform: darwin-arm64",
          "Step 10/16: Building",
          "OK",
          "Cache restored successfully (422MB)",
          "Pulling image: alpine:18",
          "Coverage: 74% statements, 85% branches",
          "[12:52:26] WARN: Deprecated API usage",
          "[12:52:26] DEBUG: Loading configuration",
          "Artifact downloaded: 24MB",
          "Bundling vendor.js",
          "[12:52:26] INFO: Request completed",
          "Pushing to registry...",
          "Finished.",
          "[12:52:26] ERROR: Connection failed",
          "Uploading artifact 'dist' (5 files)",
          "[12:52:26] DEBUG: Connection pool: 15 active",
          "Coverage: 98% statements, 69% branches",
          "Step 4/19: Building",
          "Verifying...",
          "npm install: added 439 packages",
          "Ran 33 tests in 59s",
          "Success!",
          "[12:52:26] DEBUG: Query executed in 51ms",
          "[12:52:26] DEBUG: Query executed in 72ms",
          "[12:52:26] ERROR: Connection failed",
          "OK",
          "Artifact downloaded: 29MB",
          "Installing express@3.14.4",
          "Step 3/25: Building",
          "Compiling lib/utils.go...",
          "pip: Collecting eslint",
          "[12:52:26] INFO: Cache refreshed",
          "\u2713 All checks passed",
          "TLS handshake completed",
          "pip install: Successfully installed eslint-4.4",
          "Fetching from https://amazonaws.com/package.json",
          "Connection established",
          "Checking out master branch",
          "yarn add: Done in 18.79s",
          "WARNING: eslint has known vulnerabilities",
          "\u26a0 DEPRECATION: Feature will be removed in v4.0",
          "pip: Downloading axios-1.18.tar.gz",
          "Test Suites: 7 passed, 38 total",
          "Layer 5/12: RUN command",
          "pip: Downloading prettier-4.4.tar.gz",
          "Artifact uploaded: build.tar.gz (35MB)",
          "Artifact uploaded: build.tar.gz (35MB)",
          "HEAD is now at e9d8a33",
          "Bundling main.css",
          "Cache invalidated: dependencies",
          "[12:52:26] INFO: Connecting to database",
          "Step 12/21: Installing dependencies",
          "\u2713 validate completed",
          "Artifact uploaded: dist.zip (14MB)",
          "WARNING: jest has known vulnerabilities",
          "Fetching submodules...",
          "WARNING: jest has known vulnerabilities",
          "[12:52:26] WARN: Deprecated API usage",
          "npm install: resolved 1446 packages",
          "HEAD is now at ce5fe33",
          "Finished.",
          "Already up to date.",
          "TLS handshake completed",
          "Bundling vendor.js",
          "[12:52:26] INFO: Cache refreshed",
          "pip: Collecting webpack",
          "Compiling src/handler.rs...",
          "\u2713 All checks passed",
          "pip: Downloading eslint-5.3.tar.gz",
          "Installing eslint@1.19.9",
          "Bundling main.js",
          "Verifying...",
          "[12:52:26] DEBUG: Connection pool: 11 active",
          "Exception: NullPointerException",
          "  PASS: test_auth_login (76ms)",
          "\u2713 package completed",
          "Bundling vendor.css",
          "POST /api - 200 (167ms)",
          "Layer 4/15: RUN command",
          "npm install: added 231 packages",
          "[12:52:26] WARN: Deprecated API usage",
          "  PASS: test_user_create (121ms)",
          "TLS handshake completed",
          "[12:52:26] INFO: Request completed",
          "Tests: 287 passed, 275 total",
          "Success!",
          "Creating production build...",
          "  PASS: test_db_connect (226ms)",
          "Switched to branch 'bugfix/task-520'",
          "Creating production build...",
          "Building Docker image...",
          "Ready.",
          "Completed.",
          "=== Step checkout completed ==="
        ]
      },
      {
        "name": "restore_cache",
        "status": "success",
        "started_at": "2025-11-30T12:52:47.973217",
        "finished_at": "2025-11-30T12:52:49.316501",
        "log_lines": [
          "=== Step: restore_cache ===",
          "Creating production build...",
          "pip: Installing build dependencies...",
          "Step 16/17: Installing dependencies",
          "Step 6/24: Installing dependencies",
          "[12:52:26] ERROR: Connection failed",
          "Step 10/17: Deploying",
          "Checking out develop branch",
          "[12:52:26] INFO: Request completed",
          "[12:52:26] DEBUG: Loading configuration",
          "Using Python 3.9",
          "Transforming 259 files...",
          "Snapshots: 32 passed, 17 total",
          "[12:52:26] DEBUG: Initializing service",
          "npm install: resolved 666 packages",
          "WARNING: jest has known vulnerabilities",
          "Generating source maps...",
          "Artifact downloaded: 5MB",
          "Ready.",
          "TLS handshake completed",
          "Verifying...",
          "yarn add: Done in 24.4s",
          "[12:52:26] WARN: Deprecated API usage",
          "Using Python 3.9",
          "Artifact uploaded: build.tar.gz (38MB)",
          "Ready.",
          "Completed.",
          "HEAD is now at 0c7b602",
          "Transforming 542 files...",
          "Creating production build...",
          "Installing express@3.13.7",
          "\u2713 Step 'setup' succeeded",
          "[12:52:26] DEBUG: Memory usage: 1296MB",
          "npm notice: package.json updated",
          "Cache invalidated: build",
          "Using Python 3.9",
          "Creating production build...",
          "Building Docker image...",
          "GET /api - 204 (15ms)",
          "Artifact uploaded: dist.zip (24MB)",
          "Done.",
          "Step 20/23: Building",
          "GET /status - 200 (17ms)",
          "pip: Installing build dependencies...",
          "[12:52:26] INFO: Request completed",
          "Checking out main branch",
          "Generating source maps...",
          "[12:52:26] WARN: Deprecated API usage",
          "Step 1/15: Testing",
          "Creating production build...",
          "[12:52:26] DEBUG: Query executed in 7ms",
          "\u2713 lint completed",
          "Loading...",
          "Creating production build...",
          "[12:52:26] DEBUG: Initializing service",
          "Installing jest@1.17.4",
          "Uploading artifact 'build' (40 files)",
          "Optimizing 10 modules...",
          "Artifact downloaded: 20MB",
          "TLS handshake completed",
          "Cache miss for key-8724",
          "TLS handshake completed",
          "npm install: added 379 packages",
          "pip: Collecting prettier",
          "[12:52:26] INFO: Request completed",
          "Step 9/22: Testing",
          "NODE_ENV=production",
          "Cache hit for key-3778",
          "Platform: win32-x64",
          "Completed.",
          "Pulling image: python:18",
          "Pushing to registry...",
          "Image pulled successfully",
          "Ran 66 tests in 17s",
          "Platform: darwin-arm64",
          "[12:52:26] WARN: Deprecated API usage",
          "npm notice: created a lockfile",
          "Processing...",
          "Already up to date.",
          "  PASS: unit/test_user_create.spec.js",
          "Creating production build...",
          "Test Suites: 49 passed, 17 total",
          "Transforming 419 files...",
          "WARNING: lodash has known vulnerabilities",
          "Artifact uploaded: build.tar.gz (28MB)",
          "Loading...",
          "TLS handshake completed",
          "Already up to date.",
          "Pulling image: alpine:3.11",
          "Using Python 3.9",
          "npm install: resolved 821 packages",
          "Platform: win32-x64",
          "Switched to branch 'hotfix/task-710'",
          "Completed.",
          "Artifact downloaded: 31MB",
          "[12:52:26] DEBUG: Initializing service",
          "WARNING: react has known vulnerabilities",
          "Ready.",
          "\u2713 Step 'checkout' succeeded",
          "\u2713 All checks passed",
          "Cache hit for key-1210",
          "Layer 3/15: COPY command",
          "Layer 1/13: RUN command",
          "[12:52:26] INFO: Request completed",
          "Completed.",
          "Snapshots: 23 passed, 23 total",
          "Using Python 3.11",
          "Time: 8.758s",
          "Minifying vendor.js",
          "NODE_ENV=test",
          "Ready.",
          "\u2713 Task completed in 816ms",
          "\u2713 All checks passed",
          "Coverage: 71% statements, 99% branches",
          "HEAD is now at 12921bf",
          "Generating source maps...",
          "Step 3/16: Installing dependencies",
          "Step 13/17: Testing",
          "Artifact uploaded: build.tar.gz (17MB)",
          "Already up to date.",
          "POST /data - 201 (210ms)",
          "Minifying vendor.js",
          "Building Docker image...",
          "[12:52:26] DEBUG: Connection pool: 2 active",
          "Step 2/16: Building",
          "\u26a0 DEPRECATION: Feature will be removed in v4.0",
          "\u2713 validate completed",
          "Layer 6/13: COPY command",
          "Fetching from https://amazonaws.com/package.json",
          "npm notice: package.json updated",
          "Minifying main.js",
          "\u2713 All checks passed",
          "Ran 118 tests in 58s",
          "Tests: 462 passed, 51 total",
          "Compiling utils/service.java...",
          "HEAD is now at 1934363",
          "Compiling src/service.java...",
          "Cache saved successfully",
          "pip: Downloading react-3.2.tar.gz",
          "Building Docker image...",
          "Cache miss for key-7901",
          "Artifact downloaded: 10MB",
          "[12:52:26] INFO: Connecting to database",
          "Step 19/16: Installing dependencies",
          "npm install: resolved 1467 packages",
          "pip: Downloading lodash-5.19.tar.gz",
          "Loading...",
          "npm install: added 177 packages",
          "pip install: Successfully installed react-2.5",
          "[12:52:26] INFO: Connecting to database",
          "pip: Downloading axios-5.10.tar.gz",
          "GET /health - 200 (15ms)",
          "Fetching from https://githubusercontent.com/package.json",
          "Checking out master branch",
          "Step 4/21: Deploying",
          "Checking out master branch",
          "npm install: added 187 packages",
          "Checking out main branch",
          "[12:52:26] INFO: Request completed",
          "Fetching submodules...",
          "Image pulled successfully",
          "Using Node.js 20.18.2",
          "Generating source maps...",
          "Ran 78 tests in 21s",
          "[12:52:26] DEBUG: Initializing service",
          "Artifact uploaded: dist.zip (80MB)",
          "npm install: added 76 packages",
          "Waiting...",
          "  PASS: test_db_connect (102ms)",
          "Time: 116.120s",
          "Layer 8/15: COPY command",
          "Compiling components/app.ts...",
          "npm install: added 217 packages",
          "Environment: development",
          "yarn add: Done in 1.39s",
          "Cache saved successfully",
          "[12:52:26] INFO: Processing request",
          "Step 14/15: Running migrations",
          "[12:52:26] DEBUG: Loading configuration",
          "Snapshots: 9 passed, 9 total",
          "Compiling utils/app.ts...",
          "Cache saved successfully",
          "WARNING: prettier has known vulnerabilities",
          "Cache hit for key-9104",
          "OK",
          "Environment: production",
          "\u26a0 DEPRECATION: Feature will be removed in v4.0",
          "[12:52:26] INFO: Request completed",
          "yarn add: Done in 2.36s",
          "\u26a0 DEPRECATION: Feature will be removed in v3.0",
          "WARNING: express has known vulnerabilities",
          "Creating production build...",
          "Pulling image: alpine:3.11",
          "npm notice: package.json updated",
          "[12:52:26] INFO: Cache refreshed",
          "Switched to branch 'bugfix/task-485'",
          "[12:52:26] DEBUG: Initializing service",
          "Environment: staging",
          "NODE_ENV=production",
          "HEAD is now at e83543e",
          "Step 5/23: Building",
          "Cache hit for key-9963",
          "pip: Downloading jest-1.14.tar.gz",
          "\u2713 All checks passed",
          "Checking out develop branch",
          "Creating production build...",
          "[12:52:26] WARN: Deprecated API usage",
          "Layer 5/8: RUN command",
          "POST /upload - 201 (196ms)",
          "Fetching submodules...",
          "GET /status - 200 (8ms)",
          "Test Suites: 27 passed, 40 total",
          "\u2717 build failed with exit code 7",
          "[12:52:26] INFO: Connecting to database",
          "[12:52:26] ERROR: Connection failed",
          "Snapshots: 32 passed, 15 total",
          "Snapshots: 24 passed, 23 total",
          "Artifact downloaded: 33MB",
          "Ready.",
          "Waiting...",
          "Cache restored successfully (101MB)",
          "Step 10/20: Building",
          "\u26a0 DEPRECATION: Feature will be removed in v5.0",
          "Time: 51.158s",
          "Ran 78 tests in 27s",
          "Platform: linux-x64",
          "[12:52:26] INFO: Connecting to database",
          "Switched to branch 'hotfix/task-548'",
          "[12:52:26] INFO: Cache refreshed",
          "[12:52:26] ERROR: Connection failed",
          "Step 3/21: Deploying",
          "\u2713 All checks passed",
          "TLS handshake completed",
          "Artifact downloaded: 33MB",
          "[12:52:26] DEBUG: Initializing service",
          "Using Node.js 19.20.1",
          "Artifact downloaded: 41MB",
          "npm install: resolved 394 packages",
          "\u2713 All checks passed",
          "\u2713 Step 'test' succeeded",
          "Time: 101.519s",
          "Platform: linux-x64",
          "Done.",
          "npm install: resolved 1594 packages",
          "\u2713 Step 'checkout' succeeded",
          "Ready.",
          "Cache saved successfully",
          "Verifying...",
          "npm install: added 110 packages",
          "[12:52:26] DEBUG: Query executed in 11ms",
          "=== Step restore_cache completed ==="
        ]
      },
      {
        "name": "build",
        "status": "success",
        "started_at": "2025-11-30T12:52:49.316501",
        "finished_at": "2025-11-30T12:52:56.032919",
        "log_lines": [
          "=== Step: build ===",
          "Using Node.js 14.19.10",
          "Using Python 3.12",
          "Environment: test",
          "WARNING: express has known vulnerabilities",
          "Compiling utils/index.js...",
          "Compiling src/utils.go...",
          "  PASS: unit/test_cache_hit.spec.js",
          "  PASS: unit/test_db_connect.spec.js",
          "Compiling utils/main.py...",
          "Cache invalidated: build",
          "npm notice: package.json updated",
          "npm notice: created a lockfile",
          "[12:52:26] WARN: Deprecated API usage",
          "npm notice: created a lockfile",
          "Optimizing 53 modules...",
          "\u2713 package completed",
          "\u2713 Task completed in 873ms",
          "Ready.",
          "Installing eslint@1.5.2",
          "\u2717 build failed with exit code 113",
          "Artifact uploaded: build.tar.gz (44MB)",
          "Loading...",
          "[12:52:26] DEBUG: Query executed in 53ms",
          "Step 19/15: Installing dependencies",
          "Time: 93.818s",
          "Time: 29.257s",
          "pip install: Successfully installed prettier-1.15",
          "Time: 72.771s",
          "TLS handshake completed",
          "\u2713 Step 'setup' succeeded",
          "Coverage: 72% statements, 71% branches",
          "[12:52:26] WARN: Deprecated API usage",
          "pip: Collecting prettier",
          "TLS handshake completed",
          "OK",
          "OK",
          "yarn add: Done in 17.55s",
          "Step 2/24: Building",
          "pip install: Successfully installed webpack-1.1",
          "GET /status - 204 (87ms)",
          "npm install: resolved 263 packages",
          "  PASS: e2e/test_user_create.spec.js",
          "Completed.",
          "Step 1/24: Building",
          "Optimizing 36 modules...",
          "Fetching submodules...",
          "POST /api - 202 (205ms)",
          "[12:52:26] DEBUG: Query executed in 49ms",
          "[12:52:26] INFO: Cache refreshed",
          "\u2713 All checks passed",
          "Cache hit for key-5836",
          "Loading...",
          "Done.",
          "[12:52:26] DEBUG: Loading configuration",
          "[12:52:26] WARN: Deprecated API usage",
          "GET /api - 201 (20ms)",
          "Step 14/18: Installing dependencies",
          "pip: Installing build dependencies...",
          "\u2713 build completed",
          "[12:52:26] INFO: Request completed",
          "Creating production build...",
          "Test Suites: 50 passed, 23 total",
          "Transforming 276 files...",
          "Creating production build...",
          "Tests: 372 passed, 163 total",
          "Generating source maps...",
          "pip: Collecting eslint",
          "Step 13/15: Linting",
          "Cache hit for key-8033",
          "[12:52:26] WARN: Deprecated API usage",
          "[12:52:26] INFO: Cache refreshed",
          "Uploading artifact 'build' (40 files)",
          "Test Suites: 34 passed, 31 total",
          "[12:52:26] INFO: Starting build process",
          "Done.",
          "GET /health - 201 (50ms)",
          "Artifact uploaded: build.tar.gz (16MB)",
          "[12:52:26] INFO: Processing request",
          "Building Docker image...",
          "\u26a0 DEPRECATION: Feature will be removed in v4.0",
          "Creating production build...",
          "Ran 50 tests in 51s",
          "Step 12/17: Building",
          "Artifact downloaded: 45MB",
          "[12:52:26] ERROR: Connection failed",
          "Installing axios@3.13.8",
          "[12:52:26] DEBUG: Loading configuration",
          "Compiling lib/main.py...",
          "FAILED: test_auth_login",
          "[12:52:26] INFO: Processing request",
          "Generating source maps...",
          "[12:52:26] INFO: Processing request",
          "Fetching from https://amazonaws.com/package.json",
          "Step 4/25: Linting",
          "Compiling src/utils.go...",
          "Artifact uploaded: build.tar.gz (4MB)",
          "Generating source maps...",
          "Building Docker image...",
          "Ready.",
          "npm install: resolved 200 packages",
          "Step 12/16: Installing dependencies",
          "Optimizing 28 modules...",
          "pip: Collecting webpack",
          "Compiling src/handler.rs...",
          "Exception: ValueError",
          "Generating source maps...",
          "[12:52:26] DEBUG: Query executed in 80ms",
          "Test Suites: 25 passed, 33 total",
          "[12:52:26] DEBUG: Loading configuration",
          "[12:52:26] INFO: Cache refreshed",
          "  PASS: unit/test_cache_hit.spec.js",
          "npm install: resolved 1442 packages",
          "Cache hit for key-9449",
          "Processing...",
          "Uploading artifact 'coverage' (21 files)",
          "Generating source maps...",
          "[12:52:26] INFO: Connecting to database",
          "WARNING: eslint has known vulnerabilities",
          "Step 2/22: Testing",
          "Cache saved successfully",
          "pip install: Successfully installed axios-3.10",
          "npm install: resolved 785 packages",
          "[12:52:26] INFO: Processing request",
          "pip: Installing build dependencies...",
          "Processing...",
          "Using Node.js 16.17.5",
          "Exception: TypeError",
          "Done.",
          "OK",
          "Test Suites: 9 passed, 45 total",
          "[12:52:26] INFO: Cache refreshed",
          "Cache restored successfully (363MB)",
          "Connection established",
          "\u26a0 DEPRECATION: Feature will be removed in v5.0",
          "Bundling styles.css",
          "Fetching from https://registry.npmjs.org/package.json",
          "Generating source maps...",
          "Uploading artifact 'build' (23 files)",
          "[12:52:26] INFO: Connecting to database",
          "Optimizing 42 modules...",
          "pip install: Successfully installed jest-5.0",
          "Step 8/17: Running migrations",
          "Pushing to registry...",
          "Cache saved successfully",
          "Cache hit for key-6015",
          "Already up to date.",
          "Verifying...",
          "Pushing to registry...",
          "TLS handshake completed",
          "Creating production build...",
          "Cache restored successfully (455MB)",
          "Artifact uploaded: build.tar.gz (35MB)",
          "Already up to date.",
          "NODE_ENV=development",
          "Compiling src/service.java...",
          "FAILED: test_auth_login",
          "Environment: production",
          "\u2713 Step 'install' succeeded",
          "Checking out master branch",
          "Waiting...",
          "Using Python 3.9",
          "[12:52:26] INFO: Starting build process",
          "Platform: linux-x64",
          "Environment: staging",
          "Exception: ValueError",
          "Step 10/15: Running migrations",
          "npm install: resolved 921 packages",
          "npm notice: created a lockfile",
          "Compiling components/index.js...",
          "Test Suites: 35 passed, 26 total",
          "\u2713 All checks passed",
          "Layer 1/12: COPY command",
          "Success!",
          "Cache saved successfully",
          "WARNING: react has known vulnerabilities",
          "[12:52:26] DEBUG: Query executed in 52ms",
          "Cache miss for key-6522",
          "Finished.",
          "\u2713 All checks passed",
          "Step 10/24: Running migrations",
          "Compiling lib/utils.go...",
          "Using Python 3.11",
          "HEAD is now at 475e466",
          "Finished.",
          "\u2717 build failed with exit code 17",
          "Step 16/18: Installing dependencies",
          "[12:52:26] INFO: Processing request",
          "Ran 101 tests in 17s",
          "Cache miss for key-8214",
          "Artifact downloaded: 12MB",
          "Ran 163 tests in 42s",
          "[12:52:26] INFO: Starting build process",
          "Generating source maps...",
          "[12:52:26] WARN: Deprecated API usage",
          "\u2713 Task completed in 3160ms",
          "[12:52:26] DEBUG: Memory usage: 1342MB",
          "[12:52:26] INFO: Connecting to database",
          "WARNING: prettier has known vulnerabilities",
          "[12:52:26] WARN: Deprecated API usage",
          "\u2717 build failed with exit code 105",
          "Verifying...",
          "Switched to branch 'bugfix/task-567'",
          "Tests: 497 passed, 259 total",
          "npm notice: package.json updated",
          "TLS handshake completed",
          "Building Docker image...",
          "Transforming 953 files...",
          "[12:52:26] INFO: Processing request",
          "Installing webpack@2.2.0",
          "Completed.",
          "Finished.",
          "Artifact downloaded: 36MB",
          "Uploading artifact 'dist' (45 files)",
          "Time: 118.515s",
          "Artifact uploaded: build.tar.gz (40MB)",
          "[12:52:26] WARN: Deprecated API usage",
          "Minifying main.js",
          "Environment: test",
          "NODE_ENV=production",
          "Artifact uploaded: dist.zip (95MB)",
          "Verifying...",
          "Verifying...",
          "Cache restored successfully (436MB)",
          "Step 11/25: Linting",
          "[12:52:26] DEBUG: Memory usage: 1327MB",
          "npm notice: package.json updated",
          "Processing...",
          "Processing...",
          "[12:52:26] DEBUG: Initializing service",
          "Layer 6/13: RUN command",
          "  PASS: test_api_health (406ms)",
          "[12:52:26] WARN: Deprecated API usage",
          "HEAD is now at 457946d",
          "[12:52:26] DEBUG: Initializing service",
          "pip: Downloading express-3.18.tar.gz",
          "Artifact uploaded: dist.zip (95MB)",
          "Artifact uploaded: build.tar.gz (11MB)",
          "Loading...",
          "Creating production build...",
          "Ran 117 tests in 48s",
          "Installing jest@5.8.5",
          "\u2713 Task completed in 4076ms",
          "[12:52:26] DEBUG: Connection pool: 19 active",
          "[12:52:26] INFO: Starting build process",
          "Cache hit for key-4347",
          "\u2713 All checks passed",
          "Ran 186 tests in 57s",
          "Already up to date.",
          "Ready.",
          "=== Step build completed ==="
        ]
      }
    ],
    "label": "normal"
  }
}