{
  "action": "completed",
  "workflow_run": {
    "id": 840,
    "name": "CI Pipeline",
    "head_branch": "develop",
    "head_sha": "c7c0a70ade75c7581c8f7094f8ed599b30794480",
    "status": "completed",
    "conclusion": "success",
    "run_started_at": "2025-12-05T12:52:20.472211Z",
    "updated_at": "2025-12-05T12:56:20.370865Z"
  },
  "repository": {
    "full_name": "startup-io/mobile-backend",
    "name": "mobile-backend"
  },
  "sender": {
    "login": "charlie"
  },
  "_safeops_extended": {
    "raw_logs": "=== Step: deploy_staging ===\nInstalling express@5.2.5\n[12:52:20] DEBUG: Connection pool: 15 active\nReady.\nnpm notice: created a lockfile\npip: Collecting lodash\nEnvironment: test\nCompiling lib/utils.go...\nEnvironment: production\nOptimizing 65 modules...\nUsing Python 3.9\nStep 9/23: Testing\nCompiling utils/app.ts...\nyarn add: Done in 20.2s\nPushing to registry...\nPulling image: alpine:18\nTLS handshake completed\nLoading...\nWARNING: prettier has known vulnerabilities\nStep 15/23: Linting\nGenerating source maps...\n[12:52:20] DEBUG: Loading configuration\nStep 13/18: Building\nPlatform: darwin-arm64\nHEAD is now at 6a20352\nCache miss for key-5172\n\u2717 build failed with exit code 12\nGET /api - 204 (61ms)\n[12:52:20] DEBUG: Loading configuration\nPOST /api - 201 (35ms)\n[12:52:20] WARN: Deprecated API usage\npip: Collecting jest\nSwitched to branch 'bugfix/task-108'\nUploading artifact 'build' (50 files)\nException: TypeError\nInstalling prettier@5.4.9\n[12:52:20] INFO: Connecting to database\n[12:52:20] WARN: Deprecated API usage\n[12:52:20] INFO: Processing request\nImage pulled successfully\nnpm notice: created a lockfile\nSwitched to branch 'feature/task-487'\n[12:52:20] DEBUG: Connection pool: 13 active\n[12:52:20] WARN: Deprecated API usage\n[12:52:20] WARN: Deprecated API usage\nProcessing...\nSwitched to branch 'hotfix/task-975'\nCompiling components/service.java...\nUsing Python 3.10\nBundling main.css\nStep 20/22: Linting\nTests: 290 passed, 195 total\nyarn add: Done in 28.39s\nCompiling utils/main.py...\nPulling image: alpine:18\nCache saved successfully\nCoverage: 72% statements, 76% branches\nGET /status - 201 (60ms)\nFinished.\nTests: 150 passed, 475 total\nnpm notice: package.json updated\nnpm notice: package.json updated\nnpm notice: package.json updated\nUploading artifact 'coverage' (4 files)\nnpm install: resolved 693 packages\nWARNING: webpack has known vulnerabilities\nPulling image: alpine:18\nStep 15/17: Installing dependencies\nDone.\n\u2713 deploy completed\nPlatform: darwin-arm64\nGenerating source maps...\nLayer 10/9: RUN command\nCache restored successfully (137MB)\nTime: 4.209s\nUsing Python 3.11\nReady.\nUsing Node.js 18.8.9\nStep 16/15: Testing\n[12:52:20] INFO: Starting build process\nImage pulled successfully\nFAILED: test_cache_hit\n[12:52:20] WARN: Deprecated API usage\nTransforming 488 files...\nTests: 278 passed, 439 total\nTests: 183 passed, 175 total\nCreating production build...\nOptimizing 12 modules...\nStep 16/23: Installing dependencies\nTests: 304 passed, 368 total\n\u2717 build failed with exit code 119\nOptimizing 48 modules...\nCache restored successfully (441MB)\nCache invalidated: dependencies\nWARNING: eslint has known vulnerabilities\nnpm notice: package.json updated\nArtifact uploaded: dist.zip (92MB)\nnpm notice: package.json updated\n[12:52:20] INFO: Processing request\nTest Suites: 42 passed, 49 total\nnpm install: added 264 packages\nFetching from https://registry.npmjs.org/package.json\nArtifact uploaded: build.tar.gz (36MB)\nAlready up to date.\n\u26a0 DEPRECATION: Feature will be removed in v2.0\nSwitched to branch 'bugfix/task-620'\n=== Step deploy_staging completed ===\n=== Step: setup_environment ===\nSwitched to branch 'hotfix/task-900'\nStep 12/21: Deploying\nException: TypeError\n[12:52:20] ERROR: Connection failed\nArtifact uploaded: dist.zip (50MB)\nCompleted.\n[12:52:20] INFO: Starting build process\nLayer 8/13: RUN command\nnpm notice: created a lockfile\nCompiling lib/index.js...\nCompiling lib/app.ts...\nCreating production build...\n\u26a0 DEPRECATION: Feature will be removed in v4.0\nNODE_ENV=development\n\u2713 Task completed in 2099ms\nnpm notice: created a lockfile\n[12:52:20] INFO: Cache refreshed\n\u26a0 DEPRECATION: Feature will be removed in v3.0\nChecking out master branch\nWaiting...\nMinifying vendor.js\nCompiling src/index.js...\nTime: 61.67s\nCache restored successfully (323MB)\n[12:52:20] WARN: Deprecated API usage\nVerifying...\nReady.\nInstalling jest@1.0.0\nStep 4/22: Running migrations\nImage pulled successfully\nPlatform: win32-x64\nnpm notice: package.json updated\nAlready up to date.\nException: ValueError\nPulling image: node:18\nCreating production build...\npip install: Successfully installed prettier-3.5\nStep 9/25: Running migrations\nStep 10/16: Testing\n[12:52:20] INFO: Cache refreshed\nRan 167 tests in 43s\nEnvironment: production\nnpm notice: created a lockfile\nAlready up to date.\nHEAD is now at acb80d5\n\u26a0 DEPRECATION: Feature will be removed in v3.0\nStep 9/24: Building\n\u2717 build failed with exit code 27\nStep 16/16: Running migrations\nTLS handshake completed\n[12:52:20] INFO: Processing request\nPulling image: alpine:3.11\nPlatform: darwin-arm64\nMinifying app.js\nnpm notice: package.json updated\nException: TypeError\nPlatform: win32-x64\nStep 2/21: Deploying\nCompiling components/main.py...\nCache restored successfully (428MB)\nMinifying app.js\nBundling vendor.js\nUploading artifact 'build' (45 files)\nRan 200 tests in 44s\nHEAD is now at 51f20a4\n\u2713 Task completed in 3231ms\nDone.\n[12:52:20] DEBUG: Query executed in 48ms\nCompiling lib/main.py...\nPushing to registry...\n\u2717 build failed with exit code 62\nCompiling utils/app.ts...\nCompleted.\nPOST /data - 200 (251ms)\nnpm notice: created a lockfile\n\u2713 Step 'test' succeeded\nCompiling src/index.js...\nCompleted.\nPOST /api - 200 (355ms)\npip: Installing build dependencies...\nHEAD is now at db07f41\n[12:52:20] DEBUG: Loading configuration\nMinifying main.js\nnpm notice: package.json updated\nSwitched to branch 'bugfix/task-147'\n[12:52:20] INFO: Request completed\nSnapshots: 21 passed, 16 total\nTest Suites: 40 passed, 41 total\n\u26a0 DEPRECATION: Feature will be removed in v2.0\nAlready up to date.\nUploading artifact 'build' (24 files)\nWaiting...\nEnvironment: development\nFetching submodules...\n[12:52:20] DEBUG: Query executed in 59ms\nCreating production build...\nCreating production build...\n[12:52:20] WARN: Deprecated API usage\n[12:52:20] INFO: Request completed\n[12:52:20] DEBUG: Query executed in 82ms\nEnvironment: development\nStep 11/16: Installing dependencies\nTLS handshake completed\nyarn add: Done in 29.49s\nEnvironment: production\n=== Step setup_environment completed ===\n=== Step: upload_artifacts ===\n\u2713 All checks passed\nEnvironment: test\nCoverage: 79% statements, 74% branches\n\u2717 build failed with exit code 9\npip: Downloading axios-4.18.tar.gz\nTransforming 351 files...\nStep 15/18: Deploying\nProcessing...\n[12:52:20] DEBUG: Memory usage: 1489MB\nAlready up to date.\nCompiling utils/utils.go...\nStep 10/16: Installing dependencies\nOptimizing 97 modules...\nPulling image: alpine:18\n[12:52:20] DEBUG: Loading configuration\n[12:52:20] INFO: Starting build process\nCache invalidated: dependencies\nCompiling lib/utils.go...\nPushing to registry...\nStep 13/23: Building\nPOST /api - 200 (20ms)\n[12:52:20] WARN: Deprecated API usage\nBundling vendor.js\n\u2713 Task completed in 4966ms\nCoverage: 98% statements, 80% branches\n[12:52:20] DEBUG: Initializing service\nCompiling src/handler.rs...\nPlatform: darwin-arm64\nCompiling lib/app.ts...\nLayer 3/10: ENV command\n\u2713 test completed\nTime: 66.850s\nMinifying vendor.js\nnpm notice: package.json updated\nnpm notice: created a lockfile\n[12:52:20] INFO: Request completed\nStep 5/16: Building\n[12:52:20] DEBUG: Memory usage: 1466MB\nStep 3/15: Installing dependencies\npip: Installing build dependencies...\npip install: Successfully installed prettier-4.5\nCompleted.\nVerifying...\n[12:52:20] WARN: Deprecated API usage\n[12:52:20] INFO: Cache refreshed\nArtifact uploaded: dist.zip (51MB)\nStep 14/17: Running migrations\nStep 6/23: Running migrations\nTransforming 901 files...\nCompleted.\nCache miss for key-3390\nTests: 374 passed, 89 total\nnpm install: added 476 packages\n[12:52:20] INFO: Starting build process\n[12:52:20] DEBUG: Query executed in 59ms\nInstalling jest@4.11.1\nBundling runtime.js\nCreating production build...\npip: Installing build dependencies...\nFetching from https://npmjs.org/package.json\nOptimizing 33 modules...\nCompleted.\nTransforming 702 files...\npip install: Successfully installed express-2.0\nTests: 140 passed, 358 total\nAlready up to date.\npip: Downloading lodash-3.15.tar.gz\npip: Installing build dependencies...\nMinifying main.js\n[12:52:20] INFO: Connecting to database\nArtifact uploaded: build.tar.gz (7MB)\nHEAD is now at 7326065\nAlready up to date.\nStep 18/21: Linting\nCoverage: 81% statements, 92% branches\nRan 67 tests in 7s\n[12:52:20] DEBUG: Query executed in 50ms\nWARNING: webpack has known vulnerabilities\nnpm notice: package.json updated\nCache saved successfully\nCreating production build...\n\u26a0 DEPRECATION: Feature will be removed in v2.0\nFinished.\nCoverage: 88% statements, 71% branches\nReady.\nPlatform: linux-x64\nFAILED: test_api_health\nHEAD is now at c5f6e18\nCache invalidated: node_modules\nRan 191 tests in 33s\nUsing Python 3.11\nArtifact uploaded: dist.zip (54MB)\nGenerating source maps...\nnpm notice: package.json updated\npip install: Successfully installed express-5.6\nUsing Node.js 15.7.4\nWaiting...\nTransforming 950 files...\nUploading artifact 'build' (41 files)\nFetching from https://amazonaws.com/package.json\nUsing Node.js 19.15.9\nCache restored successfully (90MB)\nWARNING: eslint has known vulnerabilities\nPushing to registry...\nPOST /data - 202 (302ms)\n=== Step upload_artifacts completed ===\n=== Step: restore_cache ===\nnpm notice: created a lockfile\nStep 16/19: Installing dependencies\nStep 15/25: Linting\nCache hit for key-3160\nLayer 10/13: COPY command\nGenerating source maps...\n[12:52:20] DEBUG: Query executed in 77ms\n\u2713 All checks passed\nChecking out master branch\nLoading...\nMinifying app.js\nLayer 7/12: RUN command\nCompiling utils/main.py...\nnpm install: added 335 packages\nnpm install: resolved 1869 packages\nSuccess!\nSuccess!\nUsing Python 3.10\nWaiting...\n\u2713 deploy completed\nNODE_ENV=development\nUsing Node.js 17.10.8\nUploading artifact 'build' (28 files)\n  PASS: integration/test_user_create.spec.js\nCache restored successfully (263MB)\nOptimizing 81 modules...\nFetching from https://githubusercontent.com/package.json\nLoading...\nEnvironment: staging\nHEAD is now at 55b7faa\nWaiting...\n\u26a0 DEPRECATION: Feature will be removed in v3.0\nEnvironment: development\npip: Collecting prettier\nSwitched to branch 'bugfix/task-659'\nTime: 65.190s\nCache saved successfully\nStep 20/15: Linting\n\u2713 test completed\n[12:52:20] INFO: Processing request\nCache restored successfully (443MB)\nFinished.\nGenerating source maps...\n[12:52:20] WARN: Deprecated API usage\n\u2717 build failed with exit code 68\nStep 10/21: Building\nFinished.\n[12:52:20] DEBUG: Query executed in 59ms\nStep 5/18: Deploying\nPlatform: win32-x64\nyarn add: Done in 11.47s\nCache invalidated: node_modules\nTime: 6.313s\npip: Installing build dependencies...\npip: Downloading eslint-4.14.tar.gz\nPOST /data - 202 (317ms)\nTransforming 272 files...\nPulling image: python:latest\nStep 8/21: Deploying\nPushing to registry...\npip: Installing build dependencies...\nnpm notice: package.json updated\n  PASS: e2e/test_cache_hit.spec.js\nCompiling lib/utils.go...\n[12:52:20] INFO: Processing request\nCache restored successfully (124MB)\nnpm install: added 171 packages\nnpm install: resolved 1912 packages\nCompleted.\nTLS handshake completed\nnpm notice: created a lockfile\n[12:52:20] ERROR: Connection failed\n[12:52:20] DEBUG: Connection pool: 15 active\nCache miss for key-9255\n[12:52:20] INFO: Processing request\nRan 146 tests in 3s\nArtifact uploaded: build.tar.gz (18MB)\nOptimizing 29 modules...\nTests: 226 passed, 322 total\n[12:52:20] DEBUG: Initializing service\n\u26a0 DEPRECATION: Feature will be removed in v5.0\n\u26a0 DEPRECATION: Feature will be removed in v5.0\nMinifying vendor.js\nTLS handshake completed\nCache miss for key-9840\n\u2713 package completed\nMinifying app.js\nCompiling components/index.js...\nArtifact uploaded: build.tar.gz (7MB)\nConnection established\nDone.\nCompiling utils/utils.go...\npip install: Successfully installed jest-4.12\nTests: 344 passed, 482 total\nAlready up to date.\nnpm notice: created a lockfile\nFetching submodules...\n[12:52:20] INFO: Request completed\n\u26a0 DEPRECATION: Feature will be removed in v2.0\nCompiling lib/app.ts...\nCache invalidated: build\nnpm notice: created a lockfile\n  PASS: integration/test_cache_hit.spec.js\nUsing Node.js 15.11.1\nWARNING: eslint has known vulnerabilities\n=== Step restore_cache completed ===\n=== Step: unit_tests ===\nCompiling src/service.java...\n[12:52:20] DEBUG: Initializing service\n\u26a0 DEPRECATION: Feature will be removed in v5.0\nStep 10/21: Installing dependencies\n[12:52:20] DEBUG: Loading configuration\nVerifying...\nTLS handshake completed\nFinished.\nInstalling webpack@5.20.10\npip: Collecting axios\nDone.\nBuilding Docker image...\nStep 2/16: Installing dependencies\nnpm notice: created a lockfile\nStep 20/25: Installing dependencies\nnpm install: added 132 packages\n[12:52:20] DEBUG: Memory usage: 186MB\nBuilding Docker image...\n[12:52:20] DEBUG: Memory usage: 1307MB\nBundling styles.js\nTime: 13.281s\nyarn add: Done in 16.13s\nImage pulled successfully\nNODE_ENV=production\n[12:52:20] WARN: Deprecated API usage\nProcessing...\nyarn add: Done in 28.3s\n\u2713 All checks passed\nCompleted.\nWARNING: react has known vulnerabilities\nProcessing...\nGenerating source maps...\nVerifying...\n  PASS: unit/test_db_connect.spec.js\nHEAD is now at a1de5c4\nCompiling src/utils.go...\nLayer 6/12: RUN command\nBundling styles.css\nFinished.\nStep 17/20: Installing dependencies\nUsing Python 3.11\nNODE_ENV=test\nDone.\nFetching submodules...\nWARNING: express has known vulnerabilities\nUsing Python 3.12\nCoverage: 94% statements, 75% branches\nCache saved successfully\nAlready up to date.\nBuilding Docker image...\npip: Collecting react\n[12:52:20] INFO: Processing request\nGET /api - 201 (66ms)\nWARNING: eslint has known vulnerabilities\nChecking out master branch\nTime: 114.541s\n[12:52:20] DEBUG: Loading configuration\nGenerating source maps...\n  PASS: integration/test_user_create.spec.js\nTLS handshake completed\nStep 15/25: Linting\nGET /status - 204 (24ms)\n\u2713 lint completed\nDone.\nCompiling lib/handler.rs...\n[12:52:20] INFO: Processing request\nPlatform: darwin-arm64\nUsing Node.js 14.0.6\n  PASS: unit/test_auth_login.spec.js\n  PASS: unit/test_api_health.spec.js\npip: Downloading react-3.16.tar.gz\nStep 1/17: Testing\nCompleted.\nFetching submodules...\nTLS handshake completed\nStep 1/21: Installing dependencies\nUploading artifact 'coverage' (47 files)\nCompiling src/main.py...\n[12:52:20] INFO: Cache refreshed\nUsing Python 3.9\nDone.\n  PASS: test_db_connect (499ms)\nnpm install: added 364 packages\npip: Collecting webpack\nCache hit for key-9764\nUploading artifact 'build' (7 files)\npip install: Successfully installed axios-1.13\n[12:52:20] DEBUG: Connection pool: 5 active\nVerifying...\nChecking out main branch\nyarn add: Done in 2.95s\nReady.\nDone.\nPushing to registry...\nnpm notice: package.json updated\nnpm install: resolved 1874 packages\nSuccess!\nCompiling lib/app.ts...\nReady.\n\u26a0 DEPRECATION: Feature will be removed in v4.0\n[12:52:20] WARN: Deprecated API usage\nCompiling utils/index.js...\nFetching submodules...\nCoverage: 76% statements, 93% branches\nEnvironment: production\n=== Step unit_tests completed ===\n=== Step: install_dependencies ===\nFetching submodules...\nVerifying...\n[12:52:20] INFO: Processing request\n\u2713 validate completed\nCache invalidated: dependencies\nCompiling components/index.js...\nStep 17/24: Building\npip: Downloading react-3.14.tar.gz\nCompiling lib/service.java...\nCoverage: 74% statements, 91% branches\nEnvironment: staging\nTest Suites: 8 passed, 29 total\nTime: 12.849s\nCache hit for key-5456\nyarn add: Done in 17.20s\nBuilding Docker image...\n[12:52:20] DEBUG: Connection pool: 5 active\nOptimizing 63 modules...\nStep 1/18: Deploying\n\u26a0 DEPRECATION: Feature will be removed in v2.0\nStep 4/23: Running migrations\nCache hit for key-3936\npip: Downloading react-5.12.tar.gz\nReady.\nyarn add: Done in 1.55s\nFAILED: test_api_health\nTLS handshake completed\nCompiling lib/index.js...\nCompiling lib/utils.go...\nCompiling components/service.java...\nTime: 61.54s\nCache hit for key-3292\n\u2713 Step 'test' succeeded\nOK\nPushing to registry...\nStep 1/24: Testing\nLayer 3/12: RUN command\n\u26a0 DEPRECATION: Feature will be removed in v2.0\nGenerating source maps...\n\u26a0 DEPRECATION: Feature will be removed in v2.0\nCreating production build...\nCompiling lib/index.js...\nTransforming 704 files...\nnpm install: resolved 1233 packages\n[12:52:20] DEBUG: Memory usage: 371MB\n\u2713 validate completed\nBuilding Docker image...\nBuilding Docker image...\nCache miss for key-2390\n\u2713 All checks passed\nCompleted.\nCache invalidated: build\nUsing Node.js 17.1.7\nyarn add: Done in 26.34s\nOK\nBuilding Docker image...\nEnvironment: production\nyarn add: Done in 22.10s\nWaiting...\nTests: 446 passed, 298 total\n[12:52:20] DEBUG: Loading configuration\nPushing to registry...\n[12:52:20] INFO: Connecting to database\nLoading...\nCompiling utils/handler.rs...\nLoading...\nCache hit for key-9180\npip install: Successfully installed lodash-3.6\nImage pulled successfully\nTests: 304 passed, 183 total\nCompiling src/service.java...\nTests: 495 passed, 185 total\n[12:52:20] DEBUG: Initializing service\n  PASS: integration/test_cache_hit.spec.js\n[12:52:20] DEBUG: Initializing service\nStep 1/24: Testing\nnpm notice: package.json updated\nSuccess!\nConnection established\n\u2713 All checks passed\nStep 18/19: Building\nMinifying app.js\nFetching submodules...\nMinifying vendor.js\n[12:52:20] ERROR: Connection failed\nPushing to registry...\nTLS handshake completed\nImage pulled successfully\n[12:52:20] DEBUG: Loading configuration\nWaiting...\n\u2713 All checks passed\nCache restored successfully (495MB)\n\u2713 Task completed in 4722ms\n\u2713 Step 'test' succeeded\nLoading...\npip install: Successfully installed react-2.0\nCoverage: 92% statements, 64% branches\nHEAD is now at 9528c1d\nStep 14/22: Building\nBundling vendor.js\nException: TypeError\nnpm notice: created a lockfile\n[12:52:20] WARN: Deprecated API usage\nArtifact uploaded: build.tar.gz (5MB)\nnpm notice: package.json updated\n=== Step install_dependencies completed ===\n=== Step: save_cache ===\nPOST /api - 201 (365ms)\nPushing to registry...\nWARNING: react has known vulnerabilities\n[12:52:20] DEBUG: Memory usage: 1904MB\nLoading...\n\u26a0 DEPRECATION: Feature will be removed in v3.0\n[12:52:20] DEBUG: Connection pool: 5 active\nCompiling utils/handler.rs...\nnpm install: added 481 packages\nEnvironment: test\npip: Installing build dependencies...\nyarn add: Done in 7.71s\nBuilding Docker image...\nCache hit for key-4629\nPlatform: darwin-arm64\nArtifact uploaded: dist.zip (89MB)\nCoverage: 83% statements, 99% branches\nCompiling components/main.py...\nOK\nCompiling src/service.java...\nRan 98 tests in 13s\nStep 7/25: Testing\nnpm notice: package.json updated\nArtifact uploaded: build.tar.gz (9MB)\n\u26a0 DEPRECATION: Feature will be removed in v4.0\nRan 42 tests in 8s\nPushing to registry...\nBundling styles.css\nConnection established\npip: Collecting eslint\n\u2713 Step 'build' succeeded\nFAILED: test_user_create\nCreating production build...\n\u2713 Step 'build' succeeded\nCache hit for key-2283\npip: Installing build dependencies...\nPulling image: python:latest\nChecking out main branch\nTransforming 864 files...\nBuilding Docker image...\n\u2713 Step 'build' succeeded\n[12:52:20] DEBUG: Query executed in 63ms\nReady.\nUsing Node.js 17.16.4\n[12:52:20] INFO: Cache refreshed\n[12:52:20] DEBUG: Loading configuration\nCache saved successfully\nStep 10/17: Installing dependencies\npip: Collecting lodash\n[12:52:20] ERROR: Connection failed\nWaiting...\nFetching submodules...\nFetching submodules...\nPulling image: python:18\nArtifact downloaded: 12MB\nEnvironment: staging\nProcessing...\nOptimizing 97 modules...\nArtifact uploaded: dist.zip (97MB)\nSuccess!\n\u2713 Task completed in 1838ms\nMinifying main.js\nMinifying app.js\nRan 160 tests in 31s\n\u26a0 DEPRECATION: Feature will be removed in v5.0\nFetching from https://amazonaws.com/package.json\nConnection established\nStep 14/23: Building\nArtifact uploaded: dist.zip (59MB)\nSnapshots: 6 passed, 14 total\nnpm notice: package.json updated\npip install: Successfully installed react-3.16\nReady.\nSnapshots: 2 passed, 15 total\n[12:52:20] INFO: Processing request\nReady.\n[12:52:20] DEBUG: Loading configuration\n\u2713 Step 'install' succeeded\nProcessing...\nWARNING: react has known vulnerabilities\nReady.\nEnvironment: development\nVerifying...\nOK\nPOST /data - 201 (51ms)\nException: RuntimeError\nGenerating source maps...\n\u2713 test completed\nnpm notice: created a lockfile\nUploading artifact 'dist' (42 files)\nCompiling lib/service.java...\nStep 10/21: Linting\nStep 16/15: Installing dependencies\nException: RuntimeError\nTransforming 694 files...\nStep 10/24: Deploying\nCompiling src/service.java...\nLayer 10/12: COPY command\nWaiting...\nVerifying...\nConnection established\nCache saved successfully\n[12:52:20] INFO: Connecting to database\nFetching submodules...\nArtifact downloaded: 9MB\n=== Step save_cache completed ===\n=== Step: lint ===\n\u2713 Step 'test' succeeded\n  PASS: unit/test_db_connect.spec.js\nStep 18/21: Running migrations\nStep 11/16: Deploying\n\u26a0 DEPRECATION: Feature will be removed in v3.0\nCache saved successfully\nOptimizing 27 modules...\n\u2713 package completed\nStep 17/18: Running migrations\n[12:52:20] ERROR: Connection failed\n[12:52:20] INFO: Request completed\nCache hit for key-4955\nConnection established\n\u2717 build failed with exit code 62\npip install: Successfully installed lodash-1.14\nLoading...\nSwitched to branch 'feature/task-433'\n  PASS: integration/test_cache_hit.spec.js\n[12:52:20] DEBUG: Connection pool: 8 active\n\u2713 All checks passed\n[12:52:20] WARN: Deprecated API usage\n\u2713 Task completed in 3162ms\nGenerating source maps...\nPushing to registry...\nStep 12/18: Building\nWARNING: jest has known vulnerabilities\nStep 12/25: Deploying\nReady.\npip: Downloading jest-1.7.tar.gz\nWARNING: express has known vulnerabilities\nSuccess!\nTime: 74.504s\npip: Installing build dependencies...\npip: Downloading express-3.11.tar.gz\nnpm install: resolved 1056 packages\n[12:52:20] DEBUG: Memory usage: 899MB\n[12:52:20] INFO: Processing request\n[12:52:20] DEBUG: Loading configuration\nCache miss for key-2665\nChecking out develop branch\nCache saved successfully\nUsing Node.js 16.12.8\n\u26a0 DEPRECATION: Feature will be removed in v2.0\nCompiling components/service.java...\nLayer 1/14: ENV command\nOptimizing 22 modules...\nProcessing...\nUploading artifact 'dist' (11 files)\n[12:52:20] DEBUG: Loading configuration\nFetching submodules...\n\u2713 test completed\nInstalling webpack@4.15.9\n\u2717 build failed with exit code 9\npip: Installing build dependencies...\nStep 10/15: Running migrations\nWaiting...\n\u2713 All checks passed\nTLS handshake completed\nStep 20/20: Running migrations\nMinifying app.js\n[12:52:20] WARN: Deprecated API usage\npip: Installing build dependencies...\nUploading artifact 'build' (22 files)\nnpm install: resolved 1432 packages\nStep 12/15: Deploying\nProcessing...\nUsing Python 3.12\nOK\nTests: 328 passed, 273 total\n\u2713 All checks passed\nSuccess!\nPulling image: alpine:18\nSnapshots: 5 passed, 9 total\n\u2713 Step 'test' succeeded\nPulling image: alpine:3.11\n\u26a0 DEPRECATION: Feature will be removed in v3.0\n\u26a0 DEPRECATION: Feature will be removed in v2.0\nWaiting...\nReady.\n\u26a0 DEPRECATION: Feature will be removed in v4.0\nArtifact uploaded: dist.zip (83MB)\nCache restored successfully (191MB)\n[12:52:20] DEBUG: Connection pool: 7 active\nChecking out master branch\n[12:52:20] DEBUG: Query executed in 25ms\nEnvironment: development\n[12:52:20] WARN: Deprecated API usage\nLoading...\nPulling image: python:18\nCompiling utils/index.js...\nTime: 47.951s\nCache miss for key-6764\nHEAD is now at e7b54b6\nStep 10/18: Building\nBundling main.css\nStep 20/21: Running migrations\n[12:52:20] WARN: Deprecated API usage\nUploading artifact 'coverage' (2 files)\n[12:52:20] DEBUG: Connection pool: 4 active\nTransforming 598 files...\n\u26a0 DEPRECATION: Feature will be removed in v4.0\nAlready up to date.\nStep 9/24: Testing\n[12:52:20] INFO: Processing request\nWARNING: webpack has known vulnerabilities\n=== Step lint completed ===\n=== Step: type_check ===\nUploading artifact 'build' (50 files)\n[12:52:20] INFO: Starting build process\nCache invalidated: node_modules\nTest Suites: 7 passed, 42 total\nTime: 110.100s\nException: NullPointerException\nPulling image: python:3.11\nTime: 42.690s\nArtifact downloaded: 26MB\nDone.\npip: Installing build dependencies...\n\u2717 build failed with exit code 121\nAlready up to date.\nNODE_ENV=production\nSwitched to branch 'bugfix/task-883'\nyarn add: Done in 18.82s\nnpm notice: package.json updated\nFetching from https://pypi.org/package.json\nStep 14/20: Building\nMinifying main.js\n[12:52:20] INFO: Processing request\nFetching submodules...\nFinished.\nBundling main.js\n[12:52:20] INFO: Cache refreshed\nCoverage: 92% statements, 87% branches\nnpm notice: package.json updated\npip: Installing build dependencies...\n  PASS: e2e/test_api_health.spec.js\nSnapshots: 10 passed, 43 total\nCache restored successfully (316MB)\nConnection established\n[12:52:20] INFO: Processing request\n[12:52:20] INFO: Starting build process\nProcessing...\n\u2713 lint completed\nWARNING: prettier has known vulnerabilities\nTLS handshake completed\nWARNING: prettier has known vulnerabilities\nStep 6/19: Deploying\nFinished.\nWARNING: webpack has known vulnerabilities\nCache saved successfully\nCreating production build...\nCoverage: 98% statements, 66% branches\nCache invalidated: build\nEnvironment: staging\nRan 172 tests in 51s\nStep 20/25: Building\nStep 4/23: Running migrations\nStep 8/24: Running migrations\nFetching submodules...\n\u2713 Task completed in 3419ms\n[12:52:20] INFO: Connecting to database\n[12:52:20] INFO: Connecting to database\nCompiling lib/main.py...\n\u26a0 DEPRECATION: Feature will be removed in v4.0\nStep 16/17: Testing\nException: NullPointerException\n[12:52:20] INFO: Connecting to database\nAlready up to date.\nLoading...\nGET /health - 200 (18ms)\nnpm install: added 130 packages\nTests: 279 passed, 454 total\nLayer 1/14: COPY command\npip: Collecting webpack\nCompiling utils/app.ts...\nPushing to registry...\nUsing Node.js 16.13.8\nStep 10/25: Running migrations\nException: ValueError\npip: Installing build dependencies...\nGenerating source maps...\n[12:52:20] DEBUG: Query executed in 81ms\nNODE_ENV=production\nyarn add: Done in 9.24s\n[12:52:20] DEBUG: Memory usage: 1827MB\nUsing Python 3.9\nArtifact uploaded: build.tar.gz (15MB)\n[12:52:20] INFO: Starting build process\n[12:52:20] DEBUG: Memory usage: 1270MB\nUsing Node.js 17.10.8\nFetching from https://docker.io/package.json\n  PASS: test_auth_login (229ms)\nFAILED: test_user_create\nCompiling components/main.py...\n[12:52:20] INFO: Starting build process\nStep 11/16: Building\nUsing Python 3.12\n[12:52:20] WARN: Deprecated API usage\n[12:52:20] INFO: Connecting to database\nUploading artifact 'coverage' (12 files)\nHEAD is now at e115eea\n[12:52:20] WARN: Deprecated API usage\nUploading artifact 'dist' (20 files)\nCache restored successfully (389MB)\nArtifact uploaded: build.tar.gz (26MB)\nGET /status - 200 (55ms)\n\u2713 All checks passed\n[12:52:20] INFO: Connecting to database\nImage pulled successfully\nCompleted.\nCache restored successfully (481MB)\nSuccess!\n=== Step type_check completed ===\n=== Step: checkout ===\nnpm install: added 352 packages\nFinished.\nVerifying...\nStep 19/16: Building\nEnvironment: test\nFetching from https://githubusercontent.com/package.json\nPushing to registry...\nHEAD is now at eb61199\nCache restored successfully (417MB)\nLoading...\nArtifact uploaded: build.tar.gz (34MB)\nFetching submodules...\nPushing to registry...\n[12:52:20] INFO: Connecting to database\npip: Collecting prettier\nCache miss for key-2864\nSnapshots: 25 passed, 0 total\nVerifying...\nDone.\nUsing Node.js 18.10.7\nPushing to registry...\nEnvironment: staging\nnpm install: resolved 142 packages\nnpm notice: package.json updated\nNODE_ENV=test\nWARNING: eslint has known vulnerabilities\nBuilding Docker image...\nGET /api - 201 (52ms)\n  PASS: unit/test_db_connect.spec.js\nWARNING: prettier has known vulnerabilities\nFetching from https://github.com/package.json\n\u26a0 DEPRECATION: Feature will be removed in v5.0\n\u2713 lint completed\n\u26a0 DEPRECATION: Feature will be removed in v2.0\nAlready up to date.\nCache invalidated: node_modules\nCache saved successfully\nSuccess!\n[12:52:20] DEBUG: Memory usage: 1972MB\nChecking out main branch\n[12:52:20] INFO: Cache refreshed\nStep 19/23: Installing dependencies\nWaiting...\nWARNING: express has known vulnerabilities\nTest Suites: 40 passed, 34 total\nCoverage: 75% statements, 99% branches\nLayer 5/10: COPY command\nStep 20/25: Running migrations\nChecking out develop branch\nGET /health - 200 (82ms)\nStep 3/23: Deploying\n[12:52:20] WARN: Deprecated API usage\n\u2713 Step 'setup' succeeded\nStep 16/23: Running migrations\nCache invalidated: node_modules\n[12:52:20] DEBUG: Query executed in 59ms\nAlready up to date.\nPlatform: linux-x64\n[12:52:20] DEBUG: Memory usage: 880MB\nArtifact uploaded: build.tar.gz (45MB)\nCompiling utils/utils.go...\nCompiling src/utils.go...\n[12:52:20] INFO: Cache refreshed\nWaiting...\nPulling image: node:3.11\nUsing Python 3.12\nPulling image: python:latest\n[12:52:20] INFO: Processing request\n[12:52:20] DEBUG: Query executed in 85ms\npip: Installing build dependencies...\n[12:52:20] DEBUG: Loading configuration\nFinished.\nArtifact downloaded: 21MB\n  PASS: test_auth_login (156ms)\n[12:52:20] INFO: Cache refreshed\nnpm notice: package.json updated\nUploading artifact 'dist' (29 files)\nRan 147 tests in 54s\nnpm notice: package.json updated\nArtifact downloaded: 3MB\nCache invalidated: dependencies\nBundling main.js\nCompiling utils/utils.go...\nImage pulled successfully\nStep 18/16: Running migrations\nUsing Python 3.9\nBuilding Docker image...\nCoverage: 98% statements, 89% branches\nWARNING: lodash has known vulnerabilities\nCompiling src/app.ts...\nSuccess!\n[12:52:20] DEBUG: Initializing service\n[12:52:20] DEBUG: Initializing service\n[12:52:20] DEBUG: Loading configuration\n[12:52:20] DEBUG: Query executed in 88ms\n[12:52:20] ERROR: Connection failed\nCreating production build...\nWaiting...\nWARNING: lodash has known vulnerabilities\nTLS handshake completed\nStep 2/19: Testing\nHEAD is now at c7716c3\nAlready up to date.\n[12:52:20] ERROR: Connection failed\nSnapshots: 30 passed, 24 total\n=== Step checkout completed ===\n=== Step: e2e_tests ===\nStep 8/16: Running migrations\n[12:52:20] DEBUG: Initializing service\nTransforming 373 files...\n\u26a0 DEPRECATION: Feature will be removed in v4.0\nMinifying vendor.js\n[12:52:20] INFO: Request completed\nCompleted.\nnpm notice: package.json updated\n[12:52:20] DEBUG: Loading configuration\nStep 18/25: Installing dependencies\nOptimizing 42 modules...\n[12:52:20] INFO: Connecting to database\nLayer 7/11: ENV command\n\u26a0 DEPRECATION: Feature will be removed in v2.0\nUsing Node.js 18.18.5\n[12:52:20] INFO: Processing request\nArtifact downloaded: 45MB\nStep 15/16: Installing dependencies\nBuilding Docker image...\n\u26a0 DEPRECATION: Feature will be removed in v2.0\n[12:52:20] DEBUG: Connection pool: 2 active\nFinished.\nOK\nStep 7/24: Linting\nBuilding Docker image...\nLoading...\n[12:52:20] INFO: Starting build process\nLoading...\n[12:52:20] INFO: Cache refreshed\nVerifying...\nWARNING: jest has known vulnerabilities\n\u26a0 DEPRECATION: Feature will be removed in v4.0\nRan 42 tests in 2s\nCompiling utils/handler.rs...\nVerifying...\npip: Installing build dependencies...\n  PASS: test_user_create (376ms)\nUploading artifact 'coverage' (44 files)\n[12:52:20] DEBUG: Memory usage: 1973MB\npip: Collecting eslint\nCache hit for key-8305\n[12:52:20] DEBUG: Connection pool: 9 active\nnpm install: resolved 1167 packages\nException: NullPointerException\nnpm notice: package.json updated\nCompleted.\nCache invalidated: dependencies\nnpm install: added 329 packages\nSuccess!\n\u2713 deploy completed\nException: TypeError\nReady.\nUploading artifact 'build' (16 files)\nCompiling src/app.ts...\nFinished.\nFetching from https://npmjs.org/package.json\nUploading artifact 'dist' (39 files)\n[12:52:20] INFO: Connecting to database\n[12:52:20] DEBUG: Connection pool: 3 active\nStep 14/20: Linting\npip install: Successfully installed react-2.18\nCreating production build...\n[12:52:20] INFO: Request completed\nFinished.\nFetching submodules...\nPushing to registry...\nTransforming 781 files...\nyarn add: Done in 21.57s\n\u26a0 DEPRECATION: Feature will be removed in v5.0\n[12:52:20] DEBUG: Memory usage: 1545MB\n\u26a0 DEPRECATION: Feature will be removed in v2.0\nOK\nOptimizing 44 modules...\nReady.\nCompiling lib/handler.rs...\nProcessing...\nException: ValueError\nCache invalidated: build\nUploading artifact 'coverage' (19 files)\nCompleted.\n\u2713 All checks passed\nLayer 8/15: ENV command\n[12:52:20] INFO: Request completed\nChecking out master branch\nTime: 112.759s\nArtifact uploaded: build.tar.gz (48MB)\nPulling image: alpine:latest\nTransforming 404 files...\nPulling image: node:18\nBundling runtime.js\nCompiling components/service.java...\nWARNING: react has known vulnerabilities\n[12:52:20] INFO: Request completed\nOK\npip: Downloading eslint-1.3.tar.gz\nOK\nTests: 153 passed, 300 total\npip install: Successfully installed lodash-3.15\n[12:52:20] DEBUG: Loading configuration\n\u26a0 DEPRECATION: Feature will be removed in v4.0\nTransforming 284 files...\n\u26a0 DEPRECATION: Feature will be removed in v5.0\nStep 4/19: Installing dependencies\npip install: Successfully installed react-5.8\nRan 133 tests in 42s\n=== Step e2e_tests completed ===\n=== Step: integration_tests ===\n[12:52:20] WARN: Deprecated API usage\nCompleted.\nPulling image: node:18\n[12:52:20] INFO: Starting build process\nInstalling eslint@2.0.5\nWaiting...\nnpm install: added 400 packages\n[12:52:20] DEBUG: Loading configuration\nCompiling lib/index.js...\nTest Suites: 30 passed, 26 total\nRan 184 tests in 24s\nStep 5/24: Linting\nProcessing...\nBuilding Docker image...\n[12:52:20] DEBUG: Connection pool: 20 active\nUsing Python 3.10\nCompiling components/handler.rs...\npip: Downloading axios-1.19.tar.gz\nCache saved successfully\nGET /api - 201 (36ms)\nChecking out develop branch\nUsing Python 3.12\nOptimizing 89 modules...\n[12:52:20] DEBUG: Loading configuration\nPlatform: linux-x64\nStep 6/24: Deploying\nGenerating source maps...\nException: TypeError\n[12:52:20] INFO: Request completed\n[12:52:20] WARN: Deprecated API usage\nGET /status - 201 (47ms)\nProcessing...\n\u2717 build failed with exit code 118\n[12:52:20] DEBUG: Query executed in 61ms\n[12:52:20] INFO: Starting build process\n\u2713 Step 'test' succeeded\n\u2713 All checks passed\n[12:52:20] INFO: Request completed\nCache miss for key-4843\nStep 12/24: Testing\nCompiling src/app.ts...\nCache hit for key-5817\nyarn add: Done in 19.79s\nException: TypeError\nLayer 9/13: ENV command\nStep 15/17: Building\n[12:52:20] DEBUG: Initializing service\n[12:52:20] INFO: Cache refreshed\nTests: 307 passed, 422 total\nCache restored successfully (155MB)\n\u2713 All checks passed\nLoading...\nMinifying main.js\n[12:52:20] INFO: Processing request\nUploading artifact 'build' (32 files)\nLoading...\nUsing Python 3.10\nStep 14/16: Building\nGenerating source maps...\n\u26a0 DEPRECATION: Feature will be removed in v3.0\n[12:52:20] INFO: Processing request\nOK\nCache saved successfully\npip: Downloading eslint-3.16.tar.gz\n\u2713 Task completed in 2404ms\n\u2713 All checks passed\nCache hit for key-5859\nMinifying vendor.js\nTest Suites: 43 passed, 47 total\n\u26a0 DEPRECATION: Feature will be removed in v4.0\nCompleted.\n[12:52:20] DEBUG: Query executed in 95ms\n\u2713 build completed\n\u2713 deploy completed\npip: Collecting prettier\nCompleted.\nCache hit for key-6545\nUploading artifact 'dist' (4 files)\nBundling runtime.js\n[12:52:20] INFO: Connecting to database\nBundling main.js\n[12:52:20] WARN: Deprecated API usage\nGenerating source maps...\n[12:52:20] INFO: Cache refreshed\nFetching submodules...\nOptimizing 33 modules...\nOptimizing 87 modules...\nHEAD is now at 73ae544\nInstalling prettier@2.12.8\n\u26a0 DEPRECATION: Feature will be removed in v2.0\nDone.\nCache invalidated: build\nReady.\nVerifying...\nyarn add: Done in 7.47s\n[12:52:20] INFO: Request completed\nCompiling lib/utils.go...\nChecking out master branch\nGenerating source maps...\nnpm notice: package.json updated\nCoverage: 95% statements, 65% branches\nWaiting...\nReady.\nProcessing...\nVerifying...\n=== Step integration_tests completed ===\n=== Step: build ===\nBundling main.css\npip: Collecting express\n[12:52:20] DEBUG: Connection pool: 1 active\n[12:52:20] INFO: Cache refreshed\nSwitched to branch 'bugfix/task-593'\nOK\nWARNING: webpack has known vulnerabilities\nDone.\nTLS handshake completed\nLoading...\nnpm install: resolved 1490 packages\nStep 8/19: Deploying\nStep 18/18: Running migrations\nPOST /upload - 201 (49ms)\n  PASS: test_user_create (116ms)\nProcessing...\nArtifact uploaded: dist.zip (99MB)\nVerifying...\n[12:52:20] INFO: Starting build process\nPOST /upload - 202 (17ms)\n[12:52:20] INFO: Request completed\nStep 18/16: Testing\nCompleted.\n  PASS: test_api_health (297ms)\n[12:52:20] INFO: Connecting to database\nLoading...\nCompiling lib/main.py...\n[12:52:20] DEBUG: Query executed in 69ms\nnpm notice: package.json updated\n[12:52:20] DEBUG: Query executed in 97ms\nMinifying app.js\nNODE_ENV=development\nCompleted.\n  PASS: test_cache_hit (303ms)\n\u26a0 DEPRECATION: Feature will be removed in v5.0\nUploading artifact 'dist' (40 files)\nOK\nArtifact downloaded: 17MB\nnpm install: added 238 packages\nMinifying vendor.js\n[12:52:20] INFO: Cache refreshed\nCache miss for key-6138\nImage pulled successfully\nBundling styles.css\n[12:52:20] DEBUG: Loading configuration\nCache invalidated: node_modules\nnpm install: resolved 1204 packages\n[12:52:20] DEBUG: Initializing service\nnpm install: added 87 packages\n[12:52:20] INFO: Starting build process\nImage pulled successfully\n[12:52:20] WARN: Deprecated API usage\nConnection established\nOptimizing 51 modules...\nProcessing...\nSwitched to branch 'feature/task-847'\nPulling image: node:3.11\nLoading...\n\u2713 validate completed\nDone.\nCompiling src/utils.go...\nTest Suites: 50 passed, 18 total\n[12:52:20] INFO: Connecting to database\n  PASS: test_db_connect (118ms)\n\u26a0 DEPRECATION: Feature will be removed in v3.0\nCoverage: 80% statements, 77% branches\nArtifact downloaded: 5MB\nAlready up to date.\nCoverage: 94% statements, 79% branches\nHEAD is now at 2507251\nCache miss for key-4702\nUsing Python 3.9\nTLS handshake completed\nCache miss for key-3904\nFetching submodules...\nyarn add: Done in 22.35s\nEnvironment: development\n[12:52:20] DEBUG: Memory usage: 1782MB\nFetching from https://registry.npmjs.org/package.json\nCache hit for key-5508\n[12:52:20] INFO: Cache refreshed\nMinifying main.js\n\u26a0 DEPRECATION: Feature will be removed in v4.0\nStep 1/23: Installing dependencies\nHEAD is now at f96e63f\nAlready up to date.\n[12:52:20] INFO: Connecting to database\nStep 19/21: Testing\nBundling main.js\n[12:52:20] ERROR: Connection failed\nConnection established\nInstalling jest@4.6.6\n[12:52:20] DEBUG: Loading configuration\n[12:52:20] INFO: Starting build process\nCache miss for key-1808\n\u2713 Task completed in 3374ms\nWaiting...\nInstalling react@4.11.8\n[12:52:20] WARN: Deprecated API usage\nFinished.\nCache miss for key-4993\nWaiting...\nUploading artifact 'build' (35 files)\n\u2713 All checks passed\n[12:52:20] DEBUG: Initializing service\n=== Step build completed ===\n=== Step: deploy_production ===\nChecking out develop branch\n[12:52:20] WARN: Deprecated API usage\nCoverage: 75% statements, 98% branches\n[12:52:20] DEBUG: Loading configuration\n\u2713 test completed\nCache hit for key-7450\nCache restored successfully (442MB)\n\u26a0 DEPRECATION: Feature will be removed in v4.0\nPOST /api - 200 (497ms)\n[12:52:20] INFO: Cache refreshed\npip: Downloading express-2.2.tar.gz\nWARNING: webpack has known vulnerabilities\npip install: Successfully installed webpack-3.7\nArtifact uploaded: dist.zip (78MB)\nSuccess!\nWARNING: axios has known vulnerabilities\nStep 14/19: Testing\nHEAD is now at dd6a680\npip install: Successfully installed eslint-5.18\nMinifying app.js\nnpm notice: package.json updated\nStep 9/22: Deploying\nFetching submodules...\nTime: 106.151s\n\u2717 build failed with exit code 27\nTransforming 848 files...\nTime: 18.262s\nTests: 196 passed, 83 total\nProcessing...\nStep 15/22: Installing dependencies\nStep 4/19: Installing dependencies\nnpm install: resolved 995 packages\nEnvironment: production\nUploading artifact 'build' (36 files)\npip: Collecting prettier\nStep 5/24: Running migrations\npip: Collecting express\nGET /status - 204 (69ms)\nCache invalidated: build\nCache hit for key-6900\nStep 11/23: Linting\n\u2713 test completed\n[12:52:20] DEBUG: Memory usage: 191MB\nnpm install: added 396 packages\nFetching from https://pypi.org/package.json\nStep 7/22: Building\nSwitched to branch 'hotfix/task-816'\n[12:52:20] DEBUG: Query executed in 38ms\nStep 11/20: Building\nPushing to registry...\nOptimizing 61 modules...\nnpm notice: created a lockfile\nLayer 5/10: ENV command\nLoading...\nAlready up to date.\nnpm notice: package.json updated\nLayer 9/15: RUN command\nConnection established\nnpm install: resolved 1370 packages\nTest Suites: 15 passed, 36 total\nTime: 15.832s\nStep 15/16: Running migrations\nProcessing...\nChecking out master branch\nStep 12/18: Testing\nConnection established\nAlready up to date.\nWaiting...\nStep 5/19: Installing dependencies\n[12:52:20] INFO: Processing request\nTLS handshake completed\nCreating production build...\n[12:52:20] INFO: Processing request\nCompiling lib/handler.rs...\n\u2713 All checks passed\nPlatform: darwin-arm64\nFinished.\nCompiling utils/handler.rs...\nUsing Node.js 16.8.7\nCompiling lib/handler.rs...\nWARNING: eslint has known vulnerabilities\nTransforming 741 files...\nStep 11/23: Running migrations\nUsing Node.js 18.5.5\nnpm notice: package.json updated\n\u26a0 DEPRECATION: Feature will be removed in v5.0\n\u2713 All checks passed\nFetching submodules...\nPushing to registry...\nStep 15/15: Running migrations\npip: Installing build dependencies...\nVerifying...\n  PASS: test_auth_login (278ms)\n\u2713 package completed\nStep 1/16: Linting\nWARNING: express has known vulnerabilities\nSnapshots: 5 passed, 44 total\nWARNING: lodash has known vulnerabilities\nStep 10/24: Testing\nCache hit for key-3844\nNODE_ENV=development\nLayer 5/10: RUN command\nCache saved successfully\nPulling image: alpine:3.11\nStep 4/16: Deploying\n=== Step deploy_production completed ===\n=== Step: setup_node ===\n[12:52:20] INFO: Request completed\nEnvironment: test\nImage pulled successfully\n[12:52:20] DEBUG: Connection pool: 20 active\nConnection established\nTests: 126 passed, 351 total\nReady.\n\u2713 Step 'test' succeeded\nnpm notice: created a lockfile\nChecking out master branch\n[12:52:20] WARN: Deprecated API usage\nMinifying vendor.js\nStep 16/24: Installing dependencies\nArtifact uploaded: dist.zip (59MB)\n  PASS: integration/test_cache_hit.spec.js\nTime: 91.901s\nCache hit for key-9044\nArtifact downloaded: 45MB\nAlready up to date.\nFetching submodules...\nStep 18/24: Installing dependencies\nCache saved successfully\nStep 17/20: Running migrations\n[12:52:20] DEBUG: Initializing service\n\u2713 validate completed\nMinifying app.js\nEnvironment: development\nStep 18/21: Installing dependencies\nRan 36 tests in 32s\nMinifying vendor.js\nException: RuntimeError\nStep 18/18: Testing\nRan 71 tests in 46s\n[12:52:20] DEBUG: Loading configuration\npip: Collecting jest\n[12:52:20] DEBUG: Query executed in 81ms\nPlatform: darwin-arm64\nPOST /upload - 202 (395ms)\npip: Collecting lodash\nTest Suites: 48 passed, 8 total\nnpm install: added 441 packages\nException: TypeError\nStep 7/17: Deploying\nArtifact uploaded: build.tar.gz (40MB)\nCreating production build...\nPushing to registry...\nTime: 90.289s\nVerifying...\n[12:52:20] WARN: Deprecated API usage\nCoverage: 84% statements, 100% branches\nVerifying...\n[12:52:20] INFO: Processing request\nReady.\nStep 8/19: Linting\nStep 4/17: Building\n[12:52:20] INFO: Request completed\nOptimizing 74 modules...\nProcessing...\nVerifying...\n[12:52:20] DEBUG: Loading configuration\nProcessing...\n  PASS: test_auth_login (166ms)\n\u26a0 DEPRECATION: Feature will be removed in v5.0\n[12:52:20] INFO: Processing request\nTLS handshake completed\n\u2713 All checks passed\n\u2713 Step 'build' succeeded\nCompiling utils/index.js...\npip: Installing build dependencies...\nWARNING: express has known vulnerabilities\n\u2713 Task completed in 3341ms\nArtifact uploaded: dist.zip (6MB)\n  PASS: integration/test_auth_login.spec.js\nException: NullPointerException\n\u2713 Step 'test' succeeded\nWARNING: axios has known vulnerabilities\n[12:52:20] WARN: Deprecated API usage\nTest Suites: 13 passed, 17 total\n[12:52:20] DEBUG: Connection pool: 14 active\n\u2717 build failed with exit code 39\nOK\nReady.\nCompleted.\nFinished.\nUsing Node.js 16.7.2\nyarn add: Done in 30.42s\nConnection established\nCache miss for key-2983\nArtifact uploaded: dist.zip (64MB)\nTest Suites: 32 passed, 20 total\nCache saved successfully\nBundling vendor.css\n[12:52:20] INFO: Connecting to database\nLoading...\nGenerating source maps...\nUploading artifact 'coverage' (42 files)\n\u2713 Task completed in 3812ms\nUsing Python 3.9\nPulling image: node:latest\nPushing to registry...\nTLS handshake completed\n[12:52:20] INFO: Starting build process\nPulling image: alpine:18\nLoading...\nCompiling components/utils.go...\n=== Step setup_node completed ===",
    "steps": [
      {
        "name": "deploy_staging",
        "status": "success",
        "started_at": "2025-12-05T12:52:20.472211",
        "finished_at": "2025-12-05T12:52:32.467144",
        "log_lines": [
          "=== Step: deploy_staging ===",
          "Installing express@5.2.5",
          "[12:52:20] DEBUG: Connection pool: 15 active",
          "Ready.",
          "npm notice: created a lockfile",
          "pip: Collecting lodash",
          "Environment: test",
          "Compiling lib/utils.go...",
          "Environment: production",
          "Optimizing 65 modules...",
          "Using Python 3.9",
          "Step 9/23: Testing",
          "Compiling utils/app.ts...",
          "yarn add: Done in 20.2s",
          "Pushing to registry...",
          "Pulling image: alpine:18",
          "TLS handshake completed",
          "Loading...",
          "WARNING: prettier has known vulnerabilities",
          "Step 15/23: Linting",
          "Generating source maps...",
          "[12:52:20] DEBUG: Loading configuration",
          "Step 13/18: Building",
          "Platform: darwin-arm64",
          "HEAD is now at 6a20352",
          "Cache miss for key-5172",
          "\u2717 build failed with exit code 12",
          "GET /api - 204 (61ms)",
          "[12:52:20] DEBUG: Loading configuration",
          "POST /api - 201 (35ms)",
          "[12:52:20] WARN: Deprecated API usage",
          "pip: Collecting jest",
          "Switched to branch 'bugfix/task-108'",
          "Uploading artifact 'build' (50 files)",
          "Exception: TypeError",
          "Installing prettier@5.4.9",
          "[12:52:20] INFO: Connecting to database",
          "[12:52:20] WARN: Deprecated API usage",
          "[12:52:20] INFO: Processing request",
          "Image pulled successfully",
          "npm notice: created a lockfile",
          "Switched to branch 'feature/task-487'",
          "[12:52:20] DEBUG: Connection pool: 13 active",
          "[12:52:20] WARN: Deprecated API usage",
          "[12:52:20] WARN: Deprecated API usage",
          "Processing...",
          "Switched to branch 'hotfix/task-975'",
          "Compiling components/service.java...",
          "Using Python 3.10",
          "Bundling main.css",
          "Step 20/22: Linting",
          "Tests: 290 passed, 195 total",
          "yarn add: Done in 28.39s",
          "Compiling utils/main.py...",
          "Pulling image: alpine:18",
          "Cache saved successfully",
          "Coverage: 72% statements, 76% branches",
          "GET /status - 201 (60ms)",
          "Finished.",
          "Tests: 150 passed, 475 total",
          "npm notice: package.json updated",
          "npm notice: package.json updated",
          "npm notice: package.json updated",
          "Uploading artifact 'coverage' (4 files)",
          "npm install: resolved 693 packages",
          "WARNING: webpack has known vulnerabilities",
          "Pulling image: alpine:18",
          "Step 15/17: Installing dependencies",
          "Done.",
          "\u2713 deploy completed",
          "Platform: darwin-arm64",
          "Generating source maps...",
          "Layer 10/9: RUN command",
          "Cache restored successfully (137MB)",
          "Time: 4.209s",
          "Using Python 3.11",
          "Ready.",
          "Using Node.js 18.8.9",
          "Step 16/15: Testing",
          "[12:52:20] INFO: Starting build process",
          "Image pulled successfully",
          "FAILED: test_cache_hit",
          "[12:52:20] WARN: Deprecated API usage",
          "Transforming 488 files...",
          "Tests: 278 passed, 439 total",
          "Tests: 183 passed, 175 total",
          "Creating production build...",
          "Optimizing 12 modules...",
          "Step 16/23: Installing dependencies",
          "Tests: 304 passed, 368 total",
          "\u2717 build failed with exit code 119",
          "Optimizing 48 modules...",
          "Cache restored successfully (441MB)",
          "Cache invalidated: dependencies",
          "WARNING: eslint has known vulnerabilities",
          "npm notice: package.json updated",
          "Artifact uploaded: dist.zip (92MB)",
          "npm notice: package.json updated",
          "[12:52:20] INFO: Processing request",
          "Test Suites: 42 passed, 49 total",
          "npm install: added 264 packages",
          "Fetching from https://registry.npmjs.org/package.json",
          "Artifact uploaded: build.tar.gz (36MB)",
          "Already up to date.",
          "\u26a0 DEPRECATION: Feature will be removed in v2.0",
          "Switched to branch 'bugfix/task-620'",
          "=== Step deploy_staging completed ==="
        ]
      },
      {
        "name": "setup_environment",
        "status": "success",
        "started_at": "2025-12-05T12:52:32.467144",
        "finished_at": "2025-12-05T12:52:44.462077",
        "log_lines": [
          "=== Step: setup_environment ===",
          "Switched to branch 'hotfix/task-900'",
          "Step 12/21: Deploying",
          "Exception: TypeError",
          "[12:52:20] ERROR: Connection failed",
          "Artifact uploaded: dist.zip (50MB)",
          "Completed.",
          "[12:52:20] INFO: Starting build process",
          "Layer 8/13: RUN command",
          "npm notice: created a lockfile",
          "Compiling lib/index.js...",
          "Compiling lib/app.ts...",
          "Creating production build...",
          "\u26a0 DEPRECATION: Feature will be removed in v4.0",
          "NODE_ENV=development",
          "\u2713 Task completed in 2099ms",
          "npm notice: created a lockfile",
          "[12:52:20] INFO: Cache refreshed",
          "\u26a0 DEPRECATION: Feature will be removed in v3.0",
          "Checking out master branch",
          "Waiting...",
          "Minifying vendor.js",
          "Compiling src/index.js...",
          "Time: 61.67s",
          "Cache restored successfully (323MB)",
          "[12:52:20] WARN: Deprecated API usage",
          "Verifying...",
          "Ready.",
          "Installing jest@1.0.0",
          "Step 4/22: Running migrations",
          "Image pulled successfully",
          "Platform: win32-x64",
          "npm notice: package.json updated",
          "Already up to date.",
          "Exception: ValueError",
          "Pulling image: node:18",
          "Creating production build...",
          "pip install: Successfully installed prettier-3.5",
          "Step 9/25: Running migrations",
          "Step 10/16: Testing",
          "[12:52:20] INFO: Cache refreshed",
          "Ran 167 tests in 43s",
          "Environment: production",
          "npm notice: created a lockfile",
          "Already up to date.",
          "HEAD is now at acb80d5",
          "\u26a0 DEPRECATION: Feature will be removed in v3.0",
          "Step 9/24: Building",
          "\u2717 build failed with exit code 27",
          "Step 16/16: Running migrations",
          "TLS handshake completed",
          "[12:52:20] INFO: Processing request",
          "Pulling image: alpine:3.11",
          "Platform: darwin-arm64",
          "Minifying app.js",
          "npm notice: package.json updated",
          "Exception: TypeError",
          "Platform: win32-x64",
          "Step 2/21: Deploying",
          "Compiling components/main.py...",
          "Cache restored successfully (428MB)",
          "Minifying app.js",
          "Bundling vendor.js",
          "Uploading artifact 'build' (45 files)",
          "Ran 200 tests in 44s",
          "HEAD is now at 51f20a4",
          "\u2713 Task completed in 3231ms",
          "Done.",
          "[12:52:20] DEBUG: Query executed in 48ms",
          "Compiling lib/main.py...",
          "Pushing to registry...",
          "\u2717 build failed with exit code 62",
          "Compiling utils/app.ts...",
          "Completed.",
          "POST /data - 200 (251ms)",
          "npm notice: created a lockfile",
          "\u2713 Step 'test' succeeded",
          "Compiling src/index.js...",
          "Completed.",
          "POST /api - 200 (355ms)",
          "pip: Installing build dependencies...",
          "HEAD is now at db07f41",
          "[12:52:20] DEBUG: Loading configuration",
          "Minifying main.js",
          "npm notice: package.json updated",
          "Switched to branch 'bugfix/task-147'",
          "[12:52:20] INFO: Request completed",
          "Snapshots: 21 passed, 16 total",
          "Test Suites: 40 passed, 41 total",
          "\u26a0 DEPRECATION: Feature will be removed in v2.0",
          "Already up to date.",
          "Uploading artifact 'build' (24 files)",
          "Waiting...",
          "Environment: development",
          "Fetching submodules...",
          "[12:52:20] DEBUG: Query executed in 59ms",
          "Creating production build...",
          "Creating production build...",
          "[12:52:20] WARN: Deprecated API usage",
          "[12:52:20] INFO: Request completed",
          "[12:52:20] DEBUG: Query executed in 82ms",
          "Environment: development",
          "Step 11/16: Installing dependencies",
          "TLS handshake completed",
          "yarn add: Done in 29.49s",
          "Environment: production",
          "=== Step setup_environment completed ==="
        ]
      },
      {
        "name": "upload_artifacts",
        "status": "success",
        "started_at": "2025-12-05T12:52:44.462077",
        "finished_at": "2025-12-05T12:52:56.457010",
        "log_lines": [
          "=== Step: upload_artifacts ===",
          "\u2713 All checks passed",
          "Environment: test",
          "Coverage: 79% statements, 74% branches",
          "\u2717 build failed with exit code 9",
          "pip: Downloading axios-4.18.tar.gz",
          "Transforming 351 files...",
          "Step 15/18: Deploying",
          "Processing...",
          "[12:52:20] DEBUG: Memory usage: 1489MB",
          "Already up to date.",
          "Compiling utils/utils.go...",
          "Step 10/16: Installing dependencies",
          "Optimizing 97 modules...",
          "Pulling image: alpine:18",
          "[12:52:20] DEBUG: Loading configuration",
          "[12:52:20] INFO: Starting build process",
          "Cache invalidated: dependencies",
          "Compiling lib/utils.go...",
          "Pushing to registry...",
          "Step 13/23: Building",
          "POST /api - 200 (20ms)",
          "[12:52:20] WARN: Deprecated API usage",
          "Bundling vendor.js",
          "\u2713 Task completed in 4966ms",
          "Coverage: 98% statements, 80% branches",
          "[12:52:20] DEBUG: Initializing service",
          "Compiling src/handler.rs...",
          "Platform: darwin-arm64",
          "Compiling lib/app.ts...",
          "Layer 3/10: ENV command",
          "\u2713 test completed",
          "Time: 66.850s",
          "Minifying vendor.js",
          "npm notice: package.json updated",
          "npm notice: created a lockfile",
          "[12:52:20] INFO: Request completed",
          "Step 5/16: Building",
          "[12:52:20] DEBUG: Memory usage: 1466MB",
          "Step 3/15: Installing dependencies",
          "pip: Installing build dependencies...",
          "pip install: Successfully installed prettier-4.5",
          "Completed.",
          "Verifying...",
          "[12:52:20] WARN: Deprecated API usage",
          "[12:52:20] INFO: Cache refreshed",
          "Artifact uploaded: dist.zip (51MB)",
          "Step 14/17: Running migrations",
          "Step 6/23: Running migrations",
          "Transforming 901 files...",
          "Completed.",
          "Cache miss for key-3390",
          "Tests: 374 passed, 89 total",
          "npm install: added 476 packages",
          "[12:52:20] INFO: Starting build process",
          "[12:52:20] DEBUG: Query executed in 59ms",
          "Installing jest@4.11.1",
          "Bundling runtime.js",
          "Creating production build...",
          "pip: Installing build dependencies...",
          "Fetching from https://npmjs.org/package.json",
          "Optimizing 33 modules...",
          "Completed.",
          "Transforming 702 files...",
          "pip install: Successfully installed express-2.0",
          "Tests: 140 passed, 358 total",
          "Already up to date.",
          "pip: Downloading lodash-3.15.tar.gz",
          "pip: Installing build dependencies...",
          "Minifying main.js",
          "[12:52:20] INFO: Connecting to database",
          "Artifact uploaded: build.tar.gz (7MB)",
          "HEAD is now at 7326065",
          "Already up to date.",
          "Step 18/21: Linting",
          "Coverage: 81% statements, 92% branches",
          "Ran 67 tests in 7s",
          "[12:52:20] DEBUG: Query executed in 50ms",
          "WARNING: webpack has known vulnerabilities",
          "npm notice: package.json updated",
          "Cache saved successfully",
          "Creating production build...",
          "\u26a0 DEPRECATION: Feature will be removed in v2.0",
          "Finished.",
          "Coverage: 88% statements, 71% branches",
          "Ready.",
          "Platform: linux-x64",
          "FAILED: test_api_health",
          "HEAD is now at c5f6e18",
          "Cache invalidated: node_modules",
          "Ran 191 tests in 33s",
          "Using Python 3.11",
          "Artifact uploaded: dist.zip (54MB)",
          "Generating source maps...",
          "npm notice: package.json updated",
          "pip install: Successfully installed express-5.6",
          "Using Node.js 15.7.4",
          "Waiting...",
          "Transforming 950 files...",
          "Uploading artifact 'build' (41 files)",
          "Fetching from https://amazonaws.com/package.json",
          "Using Node.js 19.15.9",
          "Cache restored successfully (90MB)",
          "WARNING: eslint has known vulnerabilities",
          "Pushing to registry...",
          "POST /data - 202 (302ms)",
          "=== Step upload_artifacts completed ==="
        ]
      },
      {
        "name": "restore_cache",
        "status": "success",
        "started_at": "2025-12-05T12:52:56.457010",
        "finished_at": "2025-12-05T12:53:03.653970",
        "log_lines": [
          "=== Step: restore_cache ===",
          "npm notice: created a lockfile",
          "Step 16/19: Installing dependencies",
          "Step 15/25: Linting",
          "Cache hit for key-3160",
          "Layer 10/13: COPY command",
          "Generating source maps...",
          "[12:52:20] DEBUG: Query executed in 77ms",
          "\u2713 All checks passed",
          "Checking out master branch",
          "Loading...",
          "Minifying app.js",
          "Layer 7/12: RUN command",
          "Compiling utils/main.py...",
          "npm install: added 335 packages",
          "npm install: resolved 1869 packages",
          "Success!",
          "Success!",
          "Using Python 3.10",
          "Waiting...",
          "\u2713 deploy completed",
          "NODE_ENV=development",
          "Using Node.js 17.10.8",
          "Uploading artifact 'build' (28 files)",
          "  PASS: integration/test_user_create.spec.js",
          "Cache restored successfully (263MB)",
          "Optimizing 81 modules...",
          "Fetching from https://githubusercontent.com/package.json",
          "Loading...",
          "Environment: staging",
          "HEAD is now at 55b7faa",
          "Waiting...",
          "\u26a0 DEPRECATION: Feature will be removed in v3.0",
          "Environment: development",
          "pip: Collecting prettier",
          "Switched to branch 'bugfix/task-659'",
          "Time: 65.190s",
          "Cache saved successfully",
          "Step 20/15: Linting",
          "\u2713 test completed",
          "[12:52:20] INFO: Processing request",
          "Cache restored successfully (443MB)",
          "Finished.",
          "Generating source maps...",
          "[12:52:20] WARN: Deprecated API usage",
          "\u2717 build failed with exit code 68",
          "Step 10/21: Building",
          "Finished.",
          "[12:52:20] DEBUG: Query executed in 59ms",
          "Step 5/18: Deploying",
          "Platform: win32-x64",
          "yarn add: Done in 11.47s",
          "Cache invalidated: node_modules",
          "Time: 6.313s",
          "pip: Installing build dependencies...",
          "pip: Downloading eslint-4.14.tar.gz",
          "POST /data - 202 (317ms)",
          "Transforming 272 files...",
          "Pulling image: python:latest",
          "Step 8/21: Deploying",
          "Pushing to registry...",
          "pip: Installing build dependencies...",
          "npm notice: package.json updated",
          "  PASS: e2e/test_cache_hit.spec.js",
          "Compiling lib/utils.go...",
          "[12:52:20] INFO: Processing request",
          "Cache restored successfully (124MB)",
          "npm install: added 171 packages",
          "npm install: resolved 1912 packages",
          "Completed.",
          "TLS handshake completed",
          "npm notice: created a lockfile",
          "[12:52:20] ERROR: Connection failed",
          "[12:52:20] DEBUG: Connection pool: 15 active",
          "Cache miss for key-9255",
          "[12:52:20] INFO: Processing request",
          "Ran 146 tests in 3s",
          "Artifact uploaded: build.tar.gz (18MB)",
          "Optimizing 29 modules...",
          "Tests: 226 passed, 322 total",
          "[12:52:20] DEBUG: Initializing service",
          "\u26a0 DEPRECATION: Feature will be removed in v5.0",
          "\u26a0 DEPRECATION: Feature will be removed in v5.0",
          "Minifying vendor.js",
          "TLS handshake completed",
          "Cache miss for key-9840",
          "\u2713 package completed",
          "Minifying app.js",
          "Compiling components/index.js...",
          "Artifact uploaded: build.tar.gz (7MB)",
          "Connection established",
          "Done.",
          "Compiling utils/utils.go...",
          "pip install: Successfully installed jest-4.12",
          "Tests: 344 passed, 482 total",
          "Already up to date.",
          "npm notice: created a lockfile",
          "Fetching submodules...",
          "[12:52:20] INFO: Request completed",
          "\u26a0 DEPRECATION: Feature will be removed in v2.0",
          "Compiling lib/app.ts...",
          "Cache invalidated: build",
          "npm notice: created a lockfile",
          "  PASS: integration/test_cache_hit.spec.js",
          "Using Node.js 15.11.1",
          "WARNING: eslint has known vulnerabilities",
          "=== Step restore_cache completed ==="
        ]
      },
      {
        "name": "unit_tests",
        "status": "success",
        "started_at": "2025-12-05T12:53:03.653970",
        "finished_at": "2025-12-05T12:53:39.638768",
        "log_lines": [
          "=== Step: unit_tests ===",
          "Compiling src/service.java...",
          "[12:52:20] DEBUG: Initializing service",
          "\u26a0 DEPRECATION: Feature will be removed in v5.0",
          "Step 10/21: Installing dependencies",
          "[12:52:20] DEBUG: Loading configuration",
          "Verifying...",
          "TLS handshake completed",
          "Finished.",
          "Installing webpack@5.20.10",
          "pip: Collecting axios",
          "Done.",
          "Building Docker image...",
          "Step 2/16: Installing dependencies",
          "npm notice: created a lockfile",
          "Step 20/25: Installing dependencies",
          "npm install: added 132 packages",
          "[12:52:20] DEBUG: Memory usage: 186MB",
          "Building Docker image...",
          "[12:52:20] DEBUG: Memory usage: 1307MB",
          "Bundling styles.js",
          "Time: 13.281s",
          "yarn add: Done in 16.13s",
          "Image pulled successfully",
          "NODE_ENV=production",
          "[12:52:20] WARN: Deprecated API usage",
          "Processing...",
          "yarn add: Done in 28.3s",
          "\u2713 All checks passed",
          "Completed.",
          "WARNING: react has known vulnerabilities",
          "Processing...",
          "Generating source maps...",
          "Verifying...",
          "  PASS: unit/test_db_connect.spec.js",
          "HEAD is now at a1de5c4",
          "Compiling src/utils.go...",
          "Layer 6/12: RUN command",
          "Bundling styles.css",
          "Finished.",
          "Step 17/20: Installing dependencies",
          "Using Python 3.11",
          "NODE_ENV=test",
          "Done.",
          "Fetching submodules...",
          "WARNING: express has known vulnerabilities",
          "Using Python 3.12",
          "Coverage: 94% statements, 75% branches",
          "Cache saved successfully",
          "Already up to date.",
          "Building Docker image...",
          "pip: Collecting react",
          "[12:52:20] INFO: Processing request",
          "GET /api - 201 (66ms)",
          "WARNING: eslint has known vulnerabilities",
          "Checking out master branch",
          "Time: 114.541s",
          "[12:52:20] DEBUG: Loading configuration",
          "Generating source maps...",
          "  PASS: integration/test_user_create.spec.js",
          "TLS handshake completed",
          "Step 15/25: Linting",
          "GET /status - 204 (24ms)",
          "\u2713 lint completed",
          "Done.",
          "Compiling lib/handler.rs...",
          "[12:52:20] INFO: Processing request",
          "Platform: darwin-arm64",
          "Using Node.js 14.0.6",
          "  PASS: unit/test_auth_login.spec.js",
          "  PASS: unit/test_api_health.spec.js",
          "pip: Downloading react-3.16.tar.gz",
          "Step 1/17: Testing",
          "Completed.",
          "Fetching submodules...",
          "TLS handshake completed",
          "Step 1/21: Installing dependencies",
          "Uploading artifact 'coverage' (47 files)",
          "Compiling src/main.py...",
          "[12:52:20] INFO: Cache refreshed",
          "Using Python 3.9",
          "Done.",
          "  PASS: test_db_connect (499ms)",
          "npm install: added 364 packages",
          "pip: Collecting webpack",
          "Cache hit for key-9764",
          "Uploading artifact 'build' (7 files)",
          "pip install: Successfully installed axios-1.13",
          "[12:52:20] DEBUG: Connection pool: 5 active",
          "Verifying...",
          "Checking out main branch",
          "yarn add: Done in 2.95s",
          "Ready.",
          "Done.",
          "Pushing to registry...",
          "npm notice: package.json updated",
          "npm install: resolved 1874 packages",
          "Success!",
          "Compiling lib/app.ts...",
          "Ready.",
          "\u26a0 DEPRECATION: Feature will be removed in v4.0",
          "[12:52:20] WARN: Deprecated API usage",
          "Compiling utils/index.js...",
          "Fetching submodules...",
          "Coverage: 76% statements, 93% branches",
          "Environment: production",
          "=== Step unit_tests completed ==="
        ]
      },
      {
        "name": "install_dependencies",
        "status": "success",
        "started_at": "2025-12-05T12:53:39.638768",
        "finished_at": "2025-12-05T12:54:15.623566",
        "log_lines": [
          "=== Step: install_dependencies ===",
          "Fetching submodules...",
          "Verifying...",
          "[12:52:20] INFO: Processing request",
          "\u2713 validate completed",
          "Cache invalidated: dependencies",
          "Compiling components/index.js...",
          "Step 17/24: Building",
          "pip: Downloading react-3.14.tar.gz",
          "Compiling lib/service.java...",
          "Coverage: 74% statements, 91% branches",
          "Environment: staging",
          "Test Suites: 8 passed, 29 total",
          "Time: 12.849s",
          "Cache hit for key-5456",
          "yarn add: Done in 17.20s",
          "Building Docker image...",
          "[12:52:20] DEBUG: Connection pool: 5 active",
          "Optimizing 63 modules...",
          "Step 1/18: Deploying",
          "\u26a0 DEPRECATION: Feature will be removed in v2.0",
          "Step 4/23: Running migrations",
          "Cache hit for key-3936",
          "pip: Downloading react-5.12.tar.gz",
          "Ready.",
          "yarn add: Done in 1.55s",
          "FAILED: test_api_health",
          "TLS handshake completed",
          "Compiling lib/index.js...",
          "Compiling lib/utils.go...",
          "Compiling components/service.java...",
          "Time: 61.54s",
          "Cache hit for key-3292",
          "\u2713 Step 'test' succeeded",
          "OK",
          "Pushing to registry...",
          "Step 1/24: Testing",
          "Layer 3/12: RUN command",
          "\u26a0 DEPRECATION: Feature will be removed in v2.0",
          "Generating source maps...",
          "\u26a0 DEPRECATION: Feature will be removed in v2.0",
          "Creating production build...",
          "Compiling lib/index.js...",
          "Transforming 704 files...",
          "npm install: resolved 1233 packages",
          "[12:52:20] DEBUG: Memory usage: 371MB",
          "\u2713 validate completed",
          "Building Docker image...",
          "Building Docker image...",
          "Cache miss for key-2390",
          "\u2713 All checks passed",
          "Completed.",
          "Cache invalidated: build",
          "Using Node.js 17.1.7",
          "yarn add: Done in 26.34s",
          "OK",
          "Building Docker image...",
          "Environment: production",
          "yarn add: Done in 22.10s",
          "Waiting...",
          "Tests: 446 passed, 298 total",
          "[12:52:20] DEBUG: Loading configuration",
          "Pushing to registry...",
          "[12:52:20] INFO: Connecting to database",
          "Loading...",
          "Compiling utils/handler.rs...",
          "Loading...",
          "Cache hit for key-9180",
          "pip install: Successfully installed lodash-3.6",
          "Image pulled successfully",
          "Tests: 304 passed, 183 total",
          "Compiling src/service.java...",
          "Tests: 495 passed, 185 total",
          "[12:52:20] DEBUG: Initializing service",
          "  PASS: integration/test_cache_hit.spec.js",
          "[12:52:20] DEBUG: Initializing service",
          "Step 1/24: Testing",
          "npm notice: package.json updated",
          "Success!",
          "Connection established",
          "\u2713 All checks passed",
          "Step 18/19: Building",
          "Minifying app.js",
          "Fetching submodules...",
          "Minifying vendor.js",
          "[12:52:20] ERROR: Connection failed",
          "Pushing to registry...",
          "TLS handshake completed",
          "Image pulled successfully",
          "[12:52:20] DEBUG: Loading configuration",
          "Waiting...",
          "\u2713 All checks passed",
          "Cache restored successfully (495MB)",
          "\u2713 Task completed in 4722ms",
          "\u2713 Step 'test' succeeded",
          "Loading...",
          "pip install: Successfully installed react-2.0",
          "Coverage: 92% statements, 64% branches",
          "HEAD is now at 9528c1d",
          "Step 14/22: Building",
          "Bundling vendor.js",
          "Exception: TypeError",
          "npm notice: created a lockfile",
          "[12:52:20] WARN: Deprecated API usage",
          "Artifact uploaded: build.tar.gz (5MB)",
          "npm notice: package.json updated",
          "=== Step install_dependencies completed ==="
        ]
      },
      {
        "name": "save_cache",
        "status": "success",
        "started_at": "2025-12-05T12:54:15.623566",
        "finished_at": "2025-12-05T12:54:22.820526",
        "log_lines": [
          "=== Step: save_cache ===",
          "POST /api - 201 (365ms)",
          "Pushing to registry...",
          "WARNING: react has known vulnerabilities",
          "[12:52:20] DEBUG: Memory usage: 1904MB",
          "Loading...",
          "\u26a0 DEPRECATION: Feature will be removed in v3.0",
          "[12:52:20] DEBUG: Connection pool: 5 active",
          "Compiling utils/handler.rs...",
          "npm install: added 481 packages",
          "Environment: test",
          "pip: Installing build dependencies...",
          "yarn add: Done in 7.71s",
          "Building Docker image...",
          "Cache hit for key-4629",
          "Platform: darwin-arm64",
          "Artifact uploaded: dist.zip (89MB)",
          "Coverage: 83% statements, 99% branches",
          "Compiling components/main.py...",
          "OK",
          "Compiling src/service.java...",
          "Ran 98 tests in 13s",
          "Step 7/25: Testing",
          "npm notice: package.json updated",
          "Artifact uploaded: build.tar.gz (9MB)",
          "\u26a0 DEPRECATION: Feature will be removed in v4.0",
          "Ran 42 tests in 8s",
          "Pushing to registry...",
          "Bundling styles.css",
          "Connection established",
          "pip: Collecting eslint",
          "\u2713 Step 'build' succeeded",
          "FAILED: test_user_create",
          "Creating production build...",
          "\u2713 Step 'build' succeeded",
          "Cache hit for key-2283",
          "pip: Installing build dependencies...",
          "Pulling image: python:latest",
          "Checking out main branch",
          "Transforming 864 files...",
          "Building Docker image...",
          "\u2713 Step 'build' succeeded",
          "[12:52:20] DEBUG: Query executed in 63ms",
          "Ready.",
          "Using Node.js 17.16.4",
          "[12:52:20] INFO: Cache refreshed",
          "[12:52:20] DEBUG: Loading configuration",
          "Cache saved successfully",
          "Step 10/17: Installing dependencies",
          "pip: Collecting lodash",
          "[12:52:20] ERROR: Connection failed",
          "Waiting...",
          "Fetching submodules...",
          "Fetching submodules...",
          "Pulling image: python:18",
          "Artifact downloaded: 12MB",
          "Environment: staging",
          "Processing...",
          "Optimizing 97 modules...",
          "Artifact uploaded: dist.zip (97MB)",
          "Success!",
          "\u2713 Task completed in 1838ms",
          "Minifying main.js",
          "Minifying app.js",
          "Ran 160 tests in 31s",
          "\u26a0 DEPRECATION: Feature will be removed in v5.0",
          "Fetching from https://amazonaws.com/package.json",
          "Connection established",
          "Step 14/23: Building",
          "Artifact uploaded: dist.zip (59MB)",
          "Snapshots: 6 passed, 14 total",
          "npm notice: package.json updated",
          "pip install: Successfully installed react-3.16",
          "Ready.",
          "Snapshots: 2 passed, 15 total",
          "[12:52:20] INFO: Processing request",
          "Ready.",
          "[12:52:20] DEBUG: Loading configuration",
          "\u2713 Step 'install' succeeded",
          "Processing...",
          "WARNING: react has known vulnerabilities",
          "Ready.",
          "Environment: development",
          "Verifying...",
          "OK",
          "POST /data - 201 (51ms)",
          "Exception: RuntimeError",
          "Generating source maps...",
          "\u2713 test completed",
          "npm notice: created a lockfile",
          "Uploading artifact 'dist' (42 files)",
          "Compiling lib/service.java...",
          "Step 10/21: Linting",
          "Step 16/15: Installing dependencies",
          "Exception: RuntimeError",
          "Transforming 694 files...",
          "Step 10/24: Deploying",
          "Compiling src/service.java...",
          "Layer 10/12: COPY command",
          "Waiting...",
          "Verifying...",
          "Connection established",
          "Cache saved successfully",
          "[12:52:20] INFO: Connecting to database",
          "Fetching submodules...",
          "Artifact downloaded: 9MB",
          "=== Step save_cache completed ==="
        ]
      },
      {
        "name": "lint",
        "status": "success",
        "started_at": "2025-12-05T12:54:22.820526",
        "finished_at": "2025-12-05T12:54:34.815459",
        "log_lines": [
          "=== Step: lint ===",
          "\u2713 Step 'test' succeeded",
          "  PASS: unit/test_db_connect.spec.js",
          "Step 18/21: Running migrations",
          "Step 11/16: Deploying",
          "\u26a0 DEPRECATION: Feature will be removed in v3.0",
          "Cache saved successfully",
          "Optimizing 27 modules...",
          "\u2713 package completed",
          "Step 17/18: Running migrations",
          "[12:52:20] ERROR: Connection failed",
          "[12:52:20] INFO: Request completed",
          "Cache hit for key-4955",
          "Connection established",
          "\u2717 build failed with exit code 62",
          "pip install: Successfully installed lodash-1.14",
          "Loading...",
          "Switched to branch 'feature/task-433'",
          "  PASS: integration/test_cache_hit.spec.js",
          "[12:52:20] DEBUG: Connection pool: 8 active",
          "\u2713 All checks passed",
          "[12:52:20] WARN: Deprecated API usage",
          "\u2713 Task completed in 3162ms",
          "Generating source maps...",
          "Pushing to registry...",
          "Step 12/18: Building",
          "WARNING: jest has known vulnerabilities",
          "Step 12/25: Deploying",
          "Ready.",
          "pip: Downloading jest-1.7.tar.gz",
          "WARNING: express has known vulnerabilities",
          "Success!",
          "Time: 74.504s",
          "pip: Installing build dependencies...",
          "pip: Downloading express-3.11.tar.gz",
          "npm install: resolved 1056 packages",
          "[12:52:20] DEBUG: Memory usage: 899MB",
          "[12:52:20] INFO: Processing request",
          "[12:52:20] DEBUG: Loading configuration",
          "Cache miss for key-2665",
          "Checking out develop branch",
          "Cache saved successfully",
          "Using Node.js 16.12.8",
          "\u26a0 DEPRECATION: Feature will be removed in v2.0",
          "Compiling components/service.java...",
          "Layer 1/14: ENV command",
          "Optimizing 22 modules...",
          "Processing...",
          "Uploading artifact 'dist' (11 files)",
          "[12:52:20] DEBUG: Loading configuration",
          "Fetching submodules...",
          "\u2713 test completed",
          "Installing webpack@4.15.9",
          "\u2717 build failed with exit code 9",
          "pip: Installing build dependencies...",
          "Step 10/15: Running migrations",
          "Waiting...",
          "\u2713 All checks passed",
          "TLS handshake completed",
          "Step 20/20: Running migrations",
          "Minifying app.js",
          "[12:52:20] WARN: Deprecated API usage",
          "pip: Installing build dependencies...",
          "Uploading artifact 'build' (22 files)",
          "npm install: resolved 1432 packages",
          "Step 12/15: Deploying",
          "Processing...",
          "Using Python 3.12",
          "OK",
          "Tests: 328 passed, 273 total",
          "\u2713 All checks passed",
          "Success!",
          "Pulling image: alpine:18",
          "Snapshots: 5 passed, 9 total",
          "\u2713 Step 'test' succeeded",
          "Pulling image: alpine:3.11",
          "\u26a0 DEPRECATION: Feature will be removed in v3.0",
          "\u26a0 DEPRECATION: Feature will be removed in v2.0",
          "Waiting...",
          "Ready.",
          "\u26a0 DEPRECATION: Feature will be removed in v4.0",
          "Artifact uploaded: dist.zip (83MB)",
          "Cache restored successfully (191MB)",
          "[12:52:20] DEBUG: Connection pool: 7 active",
          "Checking out master branch",
          "[12:52:20] DEBUG: Query executed in 25ms",
          "Environment: development",
          "[12:52:20] WARN: Deprecated API usage",
          "Loading...",
          "Pulling image: python:18",
          "Compiling utils/index.js...",
          "Time: 47.951s",
          "Cache miss for key-6764",
          "HEAD is now at e7b54b6",
          "Step 10/18: Building",
          "Bundling main.css",
          "Step 20/21: Running migrations",
          "[12:52:20] WARN: Deprecated API usage",
          "Uploading artifact 'coverage' (2 files)",
          "[12:52:20] DEBUG: Connection pool: 4 active",
          "Transforming 598 files...",
          "\u26a0 DEPRECATION: Feature will be removed in v4.0",
          "Already up to date.",
          "Step 9/24: Testing",
          "[12:52:20] INFO: Processing request",
          "WARNING: webpack has known vulnerabilities",
          "=== Step lint completed ==="
        ]
      },
      {
        "name": "type_check",
        "status": "success",
        "started_at": "2025-12-05T12:54:34.815459",
        "finished_at": "2025-12-05T12:54:46.810392",
        "log_lines": [
          "=== Step: type_check ===",
          "Uploading artifact 'build' (50 files)",
          "[12:52:20] INFO: Starting build process",
          "Cache invalidated: node_modules",
          "Test Suites: 7 passed, 42 total",
          "Time: 110.100s",
          "Exception: NullPointerException",
          "Pulling image: python:3.11",
          "Time: 42.690s",
          "Artifact downloaded: 26MB",
          "Done.",
          "pip: Installing build dependencies...",
          "\u2717 build failed with exit code 121",
          "Already up to date.",
          "NODE_ENV=production",
          "Switched to branch 'bugfix/task-883'",
          "yarn add: Done in 18.82s",
          "npm notice: package.json updated",
          "Fetching from https://pypi.org/package.json",
          "Step 14/20: Building",
          "Minifying main.js",
          "[12:52:20] INFO: Processing request",
          "Fetching submodules...",
          "Finished.",
          "Bundling main.js",
          "[12:52:20] INFO: Cache refreshed",
          "Coverage: 92% statements, 87% branches",
          "npm notice: package.json updated",
          "pip: Installing build dependencies...",
          "  PASS: e2e/test_api_health.spec.js",
          "Snapshots: 10 passed, 43 total",
          "Cache restored successfully (316MB)",
          "Connection established",
          "[12:52:20] INFO: Processing request",
          "[12:52:20] INFO: Starting build process",
          "Processing...",
          "\u2713 lint completed",
          "WARNING: prettier has known vulnerabilities",
          "TLS handshake completed",
          "WARNING: prettier has known vulnerabilities",
          "Step 6/19: Deploying",
          "Finished.",
          "WARNING: webpack has known vulnerabilities",
          "Cache saved successfully",
          "Creating production build...",
          "Coverage: 98% statements, 66% branches",
          "Cache invalidated: build",
          "Environment: staging",
          "Ran 172 tests in 51s",
          "Step 20/25: Building",
          "Step 4/23: Running migrations",
          "Step 8/24: Running migrations",
          "Fetching submodules...",
          "\u2713 Task completed in 3419ms",
          "[12:52:20] INFO: Connecting to database",
          "[12:52:20] INFO: Connecting to database",
          "Compiling lib/main.py...",
          "\u26a0 DEPRECATION: Feature will be removed in v4.0",
          "Step 16/17: Testing",
          "Exception: NullPointerException",
          "[12:52:20] INFO: Connecting to database",
          "Already up to date.",
          "Loading...",
          "GET /health - 200 (18ms)",
          "npm install: added 130 packages",
          "Tests: 279 passed, 454 total",
          "Layer 1/14: COPY command",
          "pip: Collecting webpack",
          "Compiling utils/app.ts...",
          "Pushing to registry...",
          "Using Node.js 16.13.8",
          "Step 10/25: Running migrations",
          "Exception: ValueError",
          "pip: Installing build dependencies...",
          "Generating source maps...",
          "[12:52:20] DEBUG: Query executed in 81ms",
          "NODE_ENV=production",
          "yarn add: Done in 9.24s",
          "[12:52:20] DEBUG: Memory usage: 1827MB",
          "Using Python 3.9",
          "Artifact uploaded: build.tar.gz (15MB)",
          "[12:52:20] INFO: Starting build process",
          "[12:52:20] DEBUG: Memory usage: 1270MB",
          "Using Node.js 17.10.8",
          "Fetching from https://docker.io/package.json",
          "  PASS: test_auth_login (229ms)",
          "FAILED: test_user_create",
          "Compiling components/main.py...",
          "[12:52:20] INFO: Starting build process",
          "Step 11/16: Building",
          "Using Python 3.12",
          "[12:52:20] WARN: Deprecated API usage",
          "[12:52:20] INFO: Connecting to database",
          "Uploading artifact 'coverage' (12 files)",
          "HEAD is now at e115eea",
          "[12:52:20] WARN: Deprecated API usage",
          "Uploading artifact 'dist' (20 files)",
          "Cache restored successfully (389MB)",
          "Artifact uploaded: build.tar.gz (26MB)",
          "GET /status - 200 (55ms)",
          "\u2713 All checks passed",
          "[12:52:20] INFO: Connecting to database",
          "Image pulled successfully",
          "Completed.",
          "Cache restored successfully (481MB)",
          "Success!",
          "=== Step type_check completed ==="
        ]
      },
      {
        "name": "checkout",
        "status": "success",
        "started_at": "2025-12-05T12:54:46.810392",
        "finished_at": "2025-12-05T12:54:51.608365",
        "log_lines": [
          "=== Step: checkout ===",
          "npm install: added 352 packages",
          "Finished.",
          "Verifying...",
          "Step 19/16: Building",
          "Environment: test",
          "Fetching from https://githubusercontent.com/package.json",
          "Pushing to registry...",
          "HEAD is now at eb61199",
          "Cache restored successfully (417MB)",
          "Loading...",
          "Artifact uploaded: build.tar.gz (34MB)",
          "Fetching submodules...",
          "Pushing to registry...",
          "[12:52:20] INFO: Connecting to database",
          "pip: Collecting prettier",
          "Cache miss for key-2864",
          "Snapshots: 25 passed, 0 total",
          "Verifying...",
          "Done.",
          "Using Node.js 18.10.7",
          "Pushing to registry...",
          "Environment: staging",
          "npm install: resolved 142 packages",
          "npm notice: package.json updated",
          "NODE_ENV=test",
          "WARNING: eslint has known vulnerabilities",
          "Building Docker image...",
          "GET /api - 201 (52ms)",
          "  PASS: unit/test_db_connect.spec.js",
          "WARNING: prettier has known vulnerabilities",
          "Fetching from https://github.com/package.json",
          "\u26a0 DEPRECATION: Feature will be removed in v5.0",
          "\u2713 lint completed",
          "\u26a0 DEPRECATION: Feature will be removed in v2.0",
          "Already up to date.",
          "Cache invalidated: node_modules",
          "Cache saved successfully",
          "Success!",
          "[12:52:20] DEBUG: Memory usage: 1972MB",
          "Checking out main branch",
          "[12:52:20] INFO: Cache refreshed",
          "Step 19/23: Installing dependencies",
          "Waiting...",
          "WARNING: express has known vulnerabilities",
          "Test Suites: 40 passed, 34 total",
          "Coverage: 75% statements, 99% branches",
          "Layer 5/10: COPY command",
          "Step 20/25: Running migrations",
          "Checking out develop branch",
          "GET /health - 200 (82ms)",
          "Step 3/23: Deploying",
          "[12:52:20] WARN: Deprecated API usage",
          "\u2713 Step 'setup' succeeded",
          "Step 16/23: Running migrations",
          "Cache invalidated: node_modules",
          "[12:52:20] DEBUG: Query executed in 59ms",
          "Already up to date.",
          "Platform: linux-x64",
          "[12:52:20] DEBUG: Memory usage: 880MB",
          "Artifact uploaded: build.tar.gz (45MB)",
          "Compiling utils/utils.go...",
          "Compiling src/utils.go...",
          "[12:52:20] INFO: Cache refreshed",
          "Waiting...",
          "Pulling image: node:3.11",
          "Using Python 3.12",
          "Pulling image: python:latest",
          "[12:52:20] INFO: Processing request",
          "[12:52:20] DEBUG: Query executed in 85ms",
          "pip: Installing build dependencies...",
          "[12:52:20] DEBUG: Loading configuration",
          "Finished.",
          "Artifact downloaded: 21MB",
          "  PASS: test_auth_login (156ms)",
          "[12:52:20] INFO: Cache refreshed",
          "npm notice: package.json updated",
          "Uploading artifact 'dist' (29 files)",
          "Ran 147 tests in 54s",
          "npm notice: package.json updated",
          "Artifact downloaded: 3MB",
          "Cache invalidated: dependencies",
          "Bundling main.js",
          "Compiling utils/utils.go...",
          "Image pulled successfully",
          "Step 18/16: Running migrations",
          "Using Python 3.9",
          "Building Docker image...",
          "Coverage: 98% statements, 89% branches",
          "WARNING: lodash has known vulnerabilities",
          "Compiling src/app.ts...",
          "Success!",
          "[12:52:20] DEBUG: Initializing service",
          "[12:52:20] DEBUG: Initializing service",
          "[12:52:20] DEBUG: Loading configuration",
          "[12:52:20] DEBUG: Query executed in 88ms",
          "[12:52:20] ERROR: Connection failed",
          "Creating production build...",
          "Waiting...",
          "WARNING: lodash has known vulnerabilities",
          "TLS handshake completed",
          "Step 2/19: Testing",
          "HEAD is now at c7716c3",
          "Already up to date.",
          "[12:52:20] ERROR: Connection failed",
          "Snapshots: 30 passed, 24 total",
          "=== Step checkout completed ==="
        ]
      },
      {
        "name": "e2e_tests",
        "status": "success",
        "started_at": "2025-12-05T12:54:51.608365",
        "finished_at": "2025-12-05T12:55:03.603298",
        "log_lines": [
          "=== Step: e2e_tests ===",
          "Step 8/16: Running migrations",
          "[12:52:20] DEBUG: Initializing service",
          "Transforming 373 files...",
          "\u26a0 DEPRECATION: Feature will be removed in v4.0",
          "Minifying vendor.js",
          "[12:52:20] INFO: Request completed",
          "Completed.",
          "npm notice: package.json updated",
          "[12:52:20] DEBUG: Loading configuration",
          "Step 18/25: Installing dependencies",
          "Optimizing 42 modules...",
          "[12:52:20] INFO: Connecting to database",
          "Layer 7/11: ENV command",
          "\u26a0 DEPRECATION: Feature will be removed in v2.0",
          "Using Node.js 18.18.5",
          "[12:52:20] INFO: Processing request",
          "Artifact downloaded: 45MB",
          "Step 15/16: Installing dependencies",
          "Building Docker image...",
          "\u26a0 DEPRECATION: Feature will be removed in v2.0",
          "[12:52:20] DEBUG: Connection pool: 2 active",
          "Finished.",
          "OK",
          "Step 7/24: Linting",
          "Building Docker image...",
          "Loading...",
          "[12:52:20] INFO: Starting build process",
          "Loading...",
          "[12:52:20] INFO: Cache refreshed",
          "Verifying...",
          "WARNING: jest has known vulnerabilities",
          "\u26a0 DEPRECATION: Feature will be removed in v4.0",
          "Ran 42 tests in 2s",
          "Compiling utils/handler.rs...",
          "Verifying...",
          "pip: Installing build dependencies...",
          "  PASS: test_user_create (376ms)",
          "Uploading artifact 'coverage' (44 files)",
          "[12:52:20] DEBUG: Memory usage: 1973MB",
          "pip: Collecting eslint",
          "Cache hit for key-8305",
          "[12:52:20] DEBUG: Connection pool: 9 active",
          "npm install: resolved 1167 packages",
          "Exception: NullPointerException",
          "npm notice: package.json updated",
          "Completed.",
          "Cache invalidated: dependencies",
          "npm install: added 329 packages",
          "Success!",
          "\u2713 deploy completed",
          "Exception: TypeError",
          "Ready.",
          "Uploading artifact 'build' (16 files)",
          "Compiling src/app.ts...",
          "Finished.",
          "Fetching from https://npmjs.org/package.json",
          "Uploading artifact 'dist' (39 files)",
          "[12:52:20] INFO: Connecting to database",
          "[12:52:20] DEBUG: Connection pool: 3 active",
          "Step 14/20: Linting",
          "pip install: Successfully installed react-2.18",
          "Creating production build...",
          "[12:52:20] INFO: Request completed",
          "Finished.",
          "Fetching submodules...",
          "Pushing to registry...",
          "Transforming 781 files...",
          "yarn add: Done in 21.57s",
          "\u26a0 DEPRECATION: Feature will be removed in v5.0",
          "[12:52:20] DEBUG: Memory usage: 1545MB",
          "\u26a0 DEPRECATION: Feature will be removed in v2.0",
          "OK",
          "Optimizing 44 modules...",
          "Ready.",
          "Compiling lib/handler.rs...",
          "Processing...",
          "Exception: ValueError",
          "Cache invalidated: build",
          "Uploading artifact 'coverage' (19 files)",
          "Completed.",
          "\u2713 All checks passed",
          "Layer 8/15: ENV command",
          "[12:52:20] INFO: Request completed",
          "Checking out master branch",
          "Time: 112.759s",
          "Artifact uploaded: build.tar.gz (48MB)",
          "Pulling image: alpine:latest",
          "Transforming 404 files...",
          "Pulling image: node:18",
          "Bundling runtime.js",
          "Compiling components/service.java...",
          "WARNING: react has known vulnerabilities",
          "[12:52:20] INFO: Request completed",
          "OK",
          "pip: Downloading eslint-1.3.tar.gz",
          "OK",
          "Tests: 153 passed, 300 total",
          "pip install: Successfully installed lodash-3.15",
          "[12:52:20] DEBUG: Loading configuration",
          "\u26a0 DEPRECATION: Feature will be removed in v4.0",
          "Transforming 284 files...",
          "\u26a0 DEPRECATION: Feature will be removed in v5.0",
          "Step 4/19: Installing dependencies",
          "pip install: Successfully installed react-5.8",
          "Ran 133 tests in 42s",
          "=== Step e2e_tests completed ==="
        ]
      },
      {
        "name": "integration_tests",
        "status": "success",
        "started_at": "2025-12-05T12:55:03.603298",
        "finished_at": "2025-12-05T12:55:27.593163",
        "log_lines": [
          "=== Step: integration_tests ===",
          "[12:52:20] WARN: Deprecated API usage",
          "Completed.",
          "Pulling image: node:18",
          "[12:52:20] INFO: Starting build process",
          "Installing eslint@2.0.5",
          "Waiting...",
          "npm install: added 400 packages",
          "[12:52:20] DEBUG: Loading configuration",
          "Compiling lib/index.js...",
          "Test Suites: 30 passed, 26 total",
          "Ran 184 tests in 24s",
          "Step 5/24: Linting",
          "Processing...",
          "Building Docker image...",
          "[12:52:20] DEBUG: Connection pool: 20 active",
          "Using Python 3.10",
          "Compiling components/handler.rs...",
          "pip: Downloading axios-1.19.tar.gz",
          "Cache saved successfully",
          "GET /api - 201 (36ms)",
          "Checking out develop branch",
          "Using Python 3.12",
          "Optimizing 89 modules...",
          "[12:52:20] DEBUG: Loading configuration",
          "Platform: linux-x64",
          "Step 6/24: Deploying",
          "Generating source maps...",
          "Exception: TypeError",
          "[12:52:20] INFO: Request completed",
          "[12:52:20] WARN: Deprecated API usage",
          "GET /status - 201 (47ms)",
          "Processing...",
          "\u2717 build failed with exit code 118",
          "[12:52:20] DEBUG: Query executed in 61ms",
          "[12:52:20] INFO: Starting build process",
          "\u2713 Step 'test' succeeded",
          "\u2713 All checks passed",
          "[12:52:20] INFO: Request completed",
          "Cache miss for key-4843",
          "Step 12/24: Testing",
          "Compiling src/app.ts...",
          "Cache hit for key-5817",
          "yarn add: Done in 19.79s",
          "Exception: TypeError",
          "Layer 9/13: ENV command",
          "Step 15/17: Building",
          "[12:52:20] DEBUG: Initializing service",
          "[12:52:20] INFO: Cache refreshed",
          "Tests: 307 passed, 422 total",
          "Cache restored successfully (155MB)",
          "\u2713 All checks passed",
          "Loading...",
          "Minifying main.js",
          "[12:52:20] INFO: Processing request",
          "Uploading artifact 'build' (32 files)",
          "Loading...",
          "Using Python 3.10",
          "Step 14/16: Building",
          "Generating source maps...",
          "\u26a0 DEPRECATION: Feature will be removed in v3.0",
          "[12:52:20] INFO: Processing request",
          "OK",
          "Cache saved successfully",
          "pip: Downloading eslint-3.16.tar.gz",
          "\u2713 Task completed in 2404ms",
          "\u2713 All checks passed",
          "Cache hit for key-5859",
          "Minifying vendor.js",
          "Test Suites: 43 passed, 47 total",
          "\u26a0 DEPRECATION: Feature will be removed in v4.0",
          "Completed.",
          "[12:52:20] DEBUG: Query executed in 95ms",
          "\u2713 build completed",
          "\u2713 deploy completed",
          "pip: Collecting prettier",
          "Completed.",
          "Cache hit for key-6545",
          "Uploading artifact 'dist' (4 files)",
          "Bundling runtime.js",
          "[12:52:20] INFO: Connecting to database",
          "Bundling main.js",
          "[12:52:20] WARN: Deprecated API usage",
          "Generating source maps...",
          "[12:52:20] INFO: Cache refreshed",
          "Fetching submodules...",
          "Optimizing 33 modules...",
          "Optimizing 87 modules...",
          "HEAD is now at 73ae544",
          "Installing prettier@2.12.8",
          "\u26a0 DEPRECATION: Feature will be removed in v2.0",
          "Done.",
          "Cache invalidated: build",
          "Ready.",
          "Verifying...",
          "yarn add: Done in 7.47s",
          "[12:52:20] INFO: Request completed",
          "Compiling lib/utils.go...",
          "Checking out master branch",
          "Generating source maps...",
          "npm notice: package.json updated",
          "Coverage: 95% statements, 65% branches",
          "Waiting...",
          "Ready.",
          "Processing...",
          "Verifying...",
          "=== Step integration_tests completed ==="
        ]
      },
      {
        "name": "build",
        "status": "success",
        "started_at": "2025-12-05T12:55:27.593163",
        "finished_at": "2025-12-05T12:56:03.577961",
        "log_lines": [
          "=== Step: build ===",
          "Bundling main.css",
          "pip: Collecting express",
          "[12:52:20] DEBUG: Connection pool: 1 active",
          "[12:52:20] INFO: Cache refreshed",
          "Switched to branch 'bugfix/task-593'",
          "OK",
          "WARNING: webpack has known vulnerabilities",
          "Done.",
          "TLS handshake completed",
          "Loading...",
          "npm install: resolved 1490 packages",
          "Step 8/19: Deploying",
          "Step 18/18: Running migrations",
          "POST /upload - 201 (49ms)",
          "  PASS: test_user_create (116ms)",
          "Processing...",
          "Artifact uploaded: dist.zip (99MB)",
          "Verifying...",
          "[12:52:20] INFO: Starting build process",
          "POST /upload - 202 (17ms)",
          "[12:52:20] INFO: Request completed",
          "Step 18/16: Testing",
          "Completed.",
          "  PASS: test_api_health (297ms)",
          "[12:52:20] INFO: Connecting to database",
          "Loading...",
          "Compiling lib/main.py...",
          "[12:52:20] DEBUG: Query executed in 69ms",
          "npm notice: package.json updated",
          "[12:52:20] DEBUG: Query executed in 97ms",
          "Minifying app.js",
          "NODE_ENV=development",
          "Completed.",
          "  PASS: test_cache_hit (303ms)",
          "\u26a0 DEPRECATION: Feature will be removed in v5.0",
          "Uploading artifact 'dist' (40 files)",
          "OK",
          "Artifact downloaded: 17MB",
          "npm install: added 238 packages",
          "Minifying vendor.js",
          "[12:52:20] INFO: Cache refreshed",
          "Cache miss for key-6138",
          "Image pulled successfully",
          "Bundling styles.css",
          "[12:52:20] DEBUG: Loading configuration",
          "Cache invalidated: node_modules",
          "npm install: resolved 1204 packages",
          "[12:52:20] DEBUG: Initializing service",
          "npm install: added 87 packages",
          "[12:52:20] INFO: Starting build process",
          "Image pulled successfully",
          "[12:52:20] WARN: Deprecated API usage",
          "Connection established",
          "Optimizing 51 modules...",
          "Processing...",
          "Switched to branch 'feature/task-847'",
          "Pulling image: node:3.11",
          "Loading...",
          "\u2713 validate completed",
          "Done.",
          "Compiling src/utils.go...",
          "Test Suites: 50 passed, 18 total",
          "[12:52:20] INFO: Connecting to database",
          "  PASS: test_db_connect (118ms)",
          "\u26a0 DEPRECATION: Feature will be removed in v3.0",
          "Coverage: 80% statements, 77% branches",
          "Artifact downloaded: 5MB",
          "Already up to date.",
          "Coverage: 94% statements, 79% branches",
          "HEAD is now at 2507251",
          "Cache miss for key-4702",
          "Using Python 3.9",
          "TLS handshake completed",
          "Cache miss for key-3904",
          "Fetching submodules...",
          "yarn add: Done in 22.35s",
          "Environment: development",
          "[12:52:20] DEBUG: Memory usage: 1782MB",
          "Fetching from https://registry.npmjs.org/package.json",
          "Cache hit for key-5508",
          "[12:52:20] INFO: Cache refreshed",
          "Minifying main.js",
          "\u26a0 DEPRECATION: Feature will be removed in v4.0",
          "Step 1/23: Installing dependencies",
          "HEAD is now at f96e63f",
          "Already up to date.",
          "[12:52:20] INFO: Connecting to database",
          "Step 19/21: Testing",
          "Bundling main.js",
          "[12:52:20] ERROR: Connection failed",
          "Connection established",
          "Installing jest@4.6.6",
          "[12:52:20] DEBUG: Loading configuration",
          "[12:52:20] INFO: Starting build process",
          "Cache miss for key-1808",
          "\u2713 Task completed in 3374ms",
          "Waiting...",
          "Installing react@4.11.8",
          "[12:52:20] WARN: Deprecated API usage",
          "Finished.",
          "Cache miss for key-4993",
          "Waiting...",
          "Uploading artifact 'build' (35 files)",
          "\u2713 All checks passed",
          "[12:52:20] DEBUG: Initializing service",
          "=== Step build completed ==="
        ]
      },
      {
        "name": "deploy_production",
        "status": "success",
        "started_at": "2025-12-05T12:56:03.577961",
        "finished_at": "2025-12-05T12:56:08.375934",
        "log_lines": [
          "=== Step: deploy_production ===",
          "Checking out develop branch",
          "[12:52:20] WARN: Deprecated API usage",
          "Coverage: 75% statements, 98% branches",
          "[12:52:20] DEBUG: Loading configuration",
          "\u2713 test completed",
          "Cache hit for key-7450",
          "Cache restored successfully (442MB)",
          "\u26a0 DEPRECATION: Feature will be removed in v4.0",
          "POST /api - 200 (497ms)",
          "[12:52:20] INFO: Cache refreshed",
          "pip: Downloading express-2.2.tar.gz",
          "WARNING: webpack has known vulnerabilities",
          "pip install: Successfully installed webpack-3.7",
          "Artifact uploaded: dist.zip (78MB)",
          "Success!",
          "WARNING: axios has known vulnerabilities",
          "Step 14/19: Testing",
          "HEAD is now at dd6a680",
          "pip install: Successfully installed eslint-5.18",
          "Minifying app.js",
          "npm notice: package.json updated",
          "Step 9/22: Deploying",
          "Fetching submodules...",
          "Time: 106.151s",
          "\u2717 build failed with exit code 27",
          "Transforming 848 files...",
          "Time: 18.262s",
          "Tests: 196 passed, 83 total",
          "Processing...",
          "Step 15/22: Installing dependencies",
          "Step 4/19: Installing dependencies",
          "npm install: resolved 995 packages",
          "Environment: production",
          "Uploading artifact 'build' (36 files)",
          "pip: Collecting prettier",
          "Step 5/24: Running migrations",
          "pip: Collecting express",
          "GET /status - 204 (69ms)",
          "Cache invalidated: build",
          "Cache hit for key-6900",
          "Step 11/23: Linting",
          "\u2713 test completed",
          "[12:52:20] DEBUG: Memory usage: 191MB",
          "npm install: added 396 packages",
          "Fetching from https://pypi.org/package.json",
          "Step 7/22: Building",
          "Switched to branch 'hotfix/task-816'",
          "[12:52:20] DEBUG: Query executed in 38ms",
          "Step 11/20: Building",
          "Pushing to registry...",
          "Optimizing 61 modules...",
          "npm notice: created a lockfile",
          "Layer 5/10: ENV command",
          "Loading...",
          "Already up to date.",
          "npm notice: package.json updated",
          "Layer 9/15: RUN command",
          "Connection established",
          "npm install: resolved 1370 packages",
          "Test Suites: 15 passed, 36 total",
          "Time: 15.832s",
          "Step 15/16: Running migrations",
          "Processing...",
          "Checking out master branch",
          "Step 12/18: Testing",
          "Connection established",
          "Already up to date.",
          "Waiting...",
          "Step 5/19: Installing dependencies",
          "[12:52:20] INFO: Processing request",
          "TLS handshake completed",
          "Creating production build...",
          "[12:52:20] INFO: Processing request",
          "Compiling lib/handler.rs...",
          "\u2713 All checks passed",
          "Platform: darwin-arm64",
          "Finished.",
          "Compiling utils/handler.rs...",
          "Using Node.js 16.8.7",
          "Compiling lib/handler.rs...",
          "WARNING: eslint has known vulnerabilities",
          "Transforming 741 files...",
          "Step 11/23: Running migrations",
          "Using Node.js 18.5.5",
          "npm notice: package.json updated",
          "\u26a0 DEPRECATION: Feature will be removed in v5.0",
          "\u2713 All checks passed",
          "Fetching submodules...",
          "Pushing to registry...",
          "Step 15/15: Running migrations",
          "pip: Installing build dependencies...",
          "Verifying...",
          "  PASS: test_auth_login (278ms)",
          "\u2713 package completed",
          "Step 1/16: Linting",
          "WARNING: express has known vulnerabilities",
          "Snapshots: 5 passed, 44 total",
          "WARNING: lodash has known vulnerabilities",
          "Step 10/24: Testing",
          "Cache hit for key-3844",
          "NODE_ENV=development",
          "Layer 5/10: RUN command",
          "Cache saved successfully",
          "Pulling image: alpine:3.11",
          "Step 4/16: Deploying",
          "=== Step deploy_production completed ==="
        ]
      },
      {
        "name": "setup_node",
        "status": "success",
        "started_at": "2025-12-05T12:56:08.375934",
        "finished_at": "2025-12-05T12:56:20.370867",
        "log_lines": [
          "=== Step: setup_node ===",
          "[12:52:20] INFO: Request completed",
          "Environment: test",
          "Image pulled successfully",
          "[12:52:20] DEBUG: Connection pool: 20 active",
          "Connection established",
          "Tests: 126 passed, 351 total",
          "Ready.",
          "\u2713 Step 'test' succeeded",
          "npm notice: created a lockfile",
          "Checking out master branch",
          "[12:52:20] WARN: Deprecated API usage",
          "Minifying vendor.js",
          "Step 16/24: Installing dependencies",
          "Artifact uploaded: dist.zip (59MB)",
          "  PASS: integration/test_cache_hit.spec.js",
          "Time: 91.901s",
          "Cache hit for key-9044",
          "Artifact downloaded: 45MB",
          "Already up to date.",
          "Fetching submodules...",
          "Step 18/24: Installing dependencies",
          "Cache saved successfully",
          "Step 17/20: Running migrations",
          "[12:52:20] DEBUG: Initializing service",
          "\u2713 validate completed",
          "Minifying app.js",
          "Environment: development",
          "Step 18/21: Installing dependencies",
          "Ran 36 tests in 32s",
          "Minifying vendor.js",
          "Exception: RuntimeError",
          "Step 18/18: Testing",
          "Ran 71 tests in 46s",
          "[12:52:20] DEBUG: Loading configuration",
          "pip: Collecting jest",
          "[12:52:20] DEBUG: Query executed in 81ms",
          "Platform: darwin-arm64",
          "POST /upload - 202 (395ms)",
          "pip: Collecting lodash",
          "Test Suites: 48 passed, 8 total",
          "npm install: added 441 packages",
          "Exception: TypeError",
          "Step 7/17: Deploying",
          "Artifact uploaded: build.tar.gz (40MB)",
          "Creating production build...",
          "Pushing to registry...",
          "Time: 90.289s",
          "Verifying...",
          "[12:52:20] WARN: Deprecated API usage",
          "Coverage: 84% statements, 100% branches",
          "Verifying...",
          "[12:52:20] INFO: Processing request",
          "Ready.",
          "Step 8/19: Linting",
          "Step 4/17: Building",
          "[12:52:20] INFO: Request completed",
          "Optimizing 74 modules...",
          "Processing...",
          "Verifying...",
          "[12:52:20] DEBUG: Loading configuration",
          "Processing...",
          "  PASS: test_auth_login (166ms)",
          "\u26a0 DEPRECATION: Feature will be removed in v5.0",
          "[12:52:20] INFO: Processing request",
          "TLS handshake completed",
          "\u2713 All checks passed",
          "\u2713 Step 'build' succeeded",
          "Compiling utils/index.js...",
          "pip: Installing build dependencies...",
          "WARNING: express has known vulnerabilities",
          "\u2713 Task completed in 3341ms",
          "Artifact uploaded: dist.zip (6MB)",
          "  PASS: integration/test_auth_login.spec.js",
          "Exception: NullPointerException",
          "\u2713 Step 'test' succeeded",
          "WARNING: axios has known vulnerabilities",
          "[12:52:20] WARN: Deprecated API usage",
          "Test Suites: 13 passed, 17 total",
          "[12:52:20] DEBUG: Connection pool: 14 active",
          "\u2717 build failed with exit code 39",
          "OK",
          "Ready.",
          "Completed.",
          "Finished.",
          "Using Node.js 16.7.2",
          "yarn add: Done in 30.42s",
          "Connection established",
          "Cache miss for key-2983",
          "Artifact uploaded: dist.zip (64MB)",
          "Test Suites: 32 passed, 20 total",
          "Cache saved successfully",
          "Bundling vendor.css",
          "[12:52:20] INFO: Connecting to database",
          "Loading...",
          "Generating source maps...",
          "Uploading artifact 'coverage' (42 files)",
          "\u2713 Task completed in 3812ms",
          "Using Python 3.9",
          "Pulling image: node:latest",
          "Pushing to registry...",
          "TLS handshake completed",
          "[12:52:20] INFO: Starting build process",
          "Pulling image: alpine:18",
          "Loading...",
          "Compiling components/utils.go...",
          "=== Step setup_node completed ==="
        ]
      }
    ],
    "label": "normal"
  }
}