{
  "action": "completed",
  "workflow_run": {
    "id": 312,
    "name": "CI Pipeline",
    "head_branch": "develop",
    "head_sha": "7eab9a15752778753d6dc3f104def6a0cc656611",
    "status": "completed",
    "conclusion": "success",
    "run_started_at": "2025-11-23T12:51:02.370186Z",
    "updated_at": "2025-11-23T12:55:55.291656Z"
  },
  "repository": {
    "full_name": "acme-corp/web-app",
    "name": "web-app"
  },
  "sender": {
    "login": "bob"
  },
  "_safeops_extended": {
    "raw_logs": "=== Step: install_dependencies ===\n[12:51:02] WARN: Deprecated API usage\n[12:51:02] INFO: Connecting to database\nRan 115 tests in 53s\nLayer 8/11: RUN command\nCache restored successfully (33MB)\n[12:51:02] DEBUG: Query executed in 85ms\nStep 20/17: Linting\nCache miss for key-3662\nCompleted.\nStep 1/20: Building\n\u2713 All checks passed\nSwitched to branch 'hotfix/task-178'\nLoading...\nSuccess!\nStep 14/18: Running migrations\nAlready up to date.\nPlatform: darwin-arm64\nyarn add: Done in 10.94s\nSnapshots: 21 passed, 38 total\n\u2713 All checks passed\nBundling styles.js\n[12:51:02] WARN: Deprecated API usage\n  PASS: integration/test_cache_hit.spec.js\nUsing Python 3.11\nSuccess!\npip: Installing build dependencies...\nCoverage: 80% statements, 68% branches\nProcessing...\nPlatform: win32-x64\n[12:51:02] DEBUG: Query executed in 1ms\nArtifact uploaded: dist.zip (30MB)\nSuccess!\n\u2713 Step 'build' succeeded\nOptimizing 99 modules...\nnpm notice: package.json updated\nSnapshots: 32 passed, 15 total\nCoverage: 78% statements, 75% branches\nArtifact uploaded: build.tar.gz (9MB)\npip: Collecting react\nLoading...\nLoading...\n\u2713 Task completed in 3410ms\nCreating production build...\nWaiting...\nPlatform: linux-x64\nImage pulled successfully\nOptimizing 71 modules...\nStep 6/23: Running migrations\n\u26a0 DEPRECATION: Feature will be removed in v4.0\n[12:51:02] WARN: Deprecated API usage\nGET /status - 200 (23ms)\n[12:51:02] ERROR: Connection failed\n[12:51:02] DEBUG: Initializing service\n[12:51:02] INFO: Starting build process\nTests: 74 passed, 53 total\nDone.\nWARNING: prettier has known vulnerabilities\nCache invalidated: build\nLayer 5/12: RUN command\nSnapshots: 32 passed, 41 total\nEnvironment: development\nArtifact uploaded: dist.zip (7MB)\nVerifying...\nCache saved successfully\n\u2713 Step 'test' succeeded\n[12:51:02] INFO: Cache refreshed\nSuccess!\nPlatform: darwin-arm64\nOptimizing 26 modules...\nConnection established\nPlatform: linux-x64\nyarn add: Done in 9.87s\nStep 8/22: Linting\nnpm notice: package.json updated\nStep 20/16: Linting\nWARNING: webpack has known vulnerabilities\n\u2713 Task completed in 1196ms\nBuilding Docker image...\nVerifying...\nGenerating source maps...\nWARNING: prettier has known vulnerabilities\nCoverage: 80% statements, 85% branches\nCoverage: 90% statements, 100% branches\nCache saved successfully\nPushing to registry...\nConnection established\npip install: Successfully installed express-3.9\n[12:51:02] DEBUG: Query executed in 41ms\nPushing to registry...\nCreating production build...\nyarn add: Done in 1.17s\nUsing Node.js 14.15.4\nTransforming 413 files...\n[12:51:02] INFO: Request completed\nUploading artifact 'coverage' (48 files)\nChecking out master branch\nTime: 101.657s\nRan 61 tests in 7s\npip: Downloading express-2.19.tar.gz\npip: Downloading jest-4.4.tar.gz\n[12:51:02] INFO: Request completed\npip install: Successfully installed react-2.2\n[12:51:02] WARN: Deprecated API usage\nArtifact uploaded: dist.zip (60MB)\nWARNING: jest has known vulnerabilities\nCache invalidated: node_modules\nEnvironment: test\nAlready up to date.\nCache miss for key-8939\nConnection established\nCache saved successfully\nTime: 90.464s\nCoverage: 98% statements, 61% branches\nWARNING: lodash has known vulnerabilities\nStep 19/18: Running migrations\n[12:51:02] DEBUG: Connection pool: 15 active\nGenerating source maps...\nConnection established\nStep 4/15: Testing\n[12:51:02] INFO: Cache refreshed\nTests: 158 passed, 484 total\nnpm install: added 348 packages\nMinifying main.js\nEnvironment: staging\nFetching from https://npmjs.org/package.json\nFetching from https://docker.io/package.json\nTime: 77.574s\n[12:51:02] INFO: Request completed\nWaiting...\nChecking out master branch\nCompleted.\nCompiling utils/app.ts...\nPulling image: python:latest\nMinifying main.js\nSwitched to branch 'bugfix/task-997'\nFetching submodules...\nFinished.\nStep 1/16: Linting\n[12:51:02] INFO: Cache refreshed\nCache miss for key-3142\nStep 9/19: Deploying\nGenerating source maps...\nRan 146 tests in 23s\nInstalling react@2.9.7\nTime: 46.861s\nyarn add: Done in 26.64s\nRan 169 tests in 8s\nnpm notice: created a lockfile\nnpm install: added 420 packages\nArtifact downloaded: 40MB\npip: Installing build dependencies...\n[12:51:02] INFO: Connecting to database\nnpm notice: created a lockfile\nSwitched to branch 'hotfix/task-850'\n[12:51:02] INFO: Cache refreshed\nStep 10/21: Deploying\nFAILED: test_db_connect\nFetching from https://gcr.io/package.json\nStep 1/21: Linting\nUsing Node.js 20.10.8\nAlready up to date.\nyarn add: Done in 16.7s\nWARNING: lodash has known vulnerabilities\nCompiling utils/handler.rs...\nyarn add: Done in 9.0s\nSnapshots: 45 passed, 0 total\nFAILED: test_api_health\nSwitched to branch 'hotfix/task-818'\nVerifying...\nCompiling components/service.java...\nCreating production build...\nFinished.\nyarn add: Done in 25.74s\nPlatform: win32-x64\n[12:51:02] INFO: Starting build process\nInstalling eslint@3.2.0\nCache saved successfully\nWaiting...\nFAILED: test_auth_login\nGET /health - 204 (99ms)\nPulling image: node:18\nnpm install: added 371 packages\nOptimizing 30 modules...\nLayer 2/13: COPY command\nCache miss for key-2236\nOptimizing 26 modules...\nFetching submodules...\nStep 16/18: Deploying\nLayer 1/14: COPY command\nTests: 307 passed, 83 total\nStep 7/19: Deploying\nFetching submodules...\nTLS handshake completed\nCache hit for key-5985\npip: Collecting webpack\nCache invalidated: node_modules\n\u26a0 DEPRECATION: Feature will be removed in v4.0\nFinished.\nnpm notice: package.json updated\n[12:51:02] INFO: Request completed\n=== Step install_dependencies completed ===\n=== Step: integration_tests ===\nGenerating source maps...\nTests: 235 passed, 313 total\npip: Downloading lodash-2.7.tar.gz\nLayer 8/14: ENV command\nCoverage: 94% statements, 99% branches\nStep 13/23: Deploying\nFetching from https://pypi.org/package.json\nMinifying app.js\n\u2713 Task completed in 2342ms\nCoverage: 87% statements, 84% branches\nLoading...\nCache restored successfully (289MB)\n\u26a0 DEPRECATION: Feature will be removed in v5.0\nCache hit for key-6843\nArtifact uploaded: dist.zip (37MB)\nInstalling lodash@5.14.6\nReady.\nTransforming 691 files...\n[12:51:02] WARN: Deprecated API usage\nCoverage: 95% statements, 69% branches\nFetching from https://registry.npmjs.org/package.json\nnpm install: added 13 packages\nRan 91 tests in 59s\nTime: 96.49s\npip: Downloading axios-1.16.tar.gz\npip: Collecting express\nFAILED: test_db_connect\npip: Collecting react\n  PASS: e2e/test_user_create.spec.js\nnpm install: added 118 packages\nyarn add: Done in 28.27s\nPushing to registry...\nConnection established\nCompiling utils/service.java...\nCache hit for key-7888\nWARNING: axios has known vulnerabilities\nReady.\n[12:51:02] DEBUG: Initializing service\nCoverage: 100% statements, 96% branches\nVerifying...\nCache restored successfully (432MB)\n[12:51:02] WARN: Deprecated API usage\nTLS handshake completed\n[12:51:02] DEBUG: Connection pool: 4 active\nCompiling lib/service.java...\n[12:51:02] DEBUG: Initializing service\npip install: Successfully installed jest-1.7\nPlatform: darwin-arm64\nCompiling lib/app.ts...\n[12:51:02] INFO: Starting build process\nCreating production build...\nUploading artifact 'dist' (20 files)\nFinished.\nCache invalidated: build\nPushing to registry...\nChecking out main branch\nnpm notice: created a lockfile\nCompiling components/index.js...\nTLS handshake completed\nSwitched to branch 'feature/task-424'\n[12:51:02] ERROR: Connection failed\nCache invalidated: dependencies\nSnapshots: 38 passed, 7 total\nOptimizing 79 modules...\n[12:51:02] INFO: Request completed\nSwitched to branch 'hotfix/task-793'\n[12:51:02] WARN: Deprecated API usage\nPlatform: linux-x64\nChecking out main branch\n[12:51:02] WARN: Deprecated API usage\nyarn add: Done in 13.93s\nCoverage: 88% statements, 73% branches\nEnvironment: staging\nWARNING: webpack has known vulnerabilities\nFetching from https://pypi.org/package.json\nArtifact uploaded: dist.zip (91MB)\n[12:51:02] WARN: Deprecated API usage\nGET /health - 200 (76ms)\nCache restored successfully (306MB)\nDone.\n\u26a0 DEPRECATION: Feature will be removed in v4.0\nInstalling react@1.2.10\nBundling vendor.css\nUsing Python 3.9\nArtifact uploaded: dist.zip (59MB)\nFinished.\nChecking out master branch\nBuilding Docker image...\nWaiting...\nNODE_ENV=production\nInstalling jest@2.7.10\nCompiling utils/service.java...\n[12:51:02] ERROR: Connection failed\nnpm notice: created a lockfile\n[12:51:02] WARN: Deprecated API usage\n\u2713 test completed\nVerifying...\nUploading artifact 'build' (31 files)\nAlready up to date.\n  PASS: test_auth_login (268ms)\nStep 8/25: Installing dependencies\nNODE_ENV=development\nFinished.\nArtifact uploaded: build.tar.gz (4MB)\nFetching from https://gcr.io/package.json\nVerifying...\nUsing Node.js 17.0.10\n[12:51:02] INFO: Connecting to database\nEnvironment: staging\nOptimizing 83 modules...\n\u2713 Task completed in 1364ms\nFetching submodules...\nCompiling src/main.py...\nFinished.\nCompleted.\nEnvironment: production\nArtifact uploaded: dist.zip (69MB)\n[12:51:02] DEBUG: Query executed in 54ms\nFetching submodules...\nPOST /upload - 201 (61ms)\nUsing Node.js 17.9.9\nTest Suites: 15 passed, 47 total\nOK\nStep 13/18: Deploying\nTransforming 651 files...\n[12:51:02] WARN: Deprecated API usage\nStep 3/25: Installing dependencies\nFinished.\n[12:51:02] INFO: Request completed\nCreating production build...\nStep 18/19: Testing\nImage pulled successfully\nnpm notice: created a lockfile\n\u2713 Step 'setup' succeeded\nArtifact downloaded: 16MB\nnpm notice: created a lockfile\nFAILED: test_user_create\nTest Suites: 45 passed, 10 total\nCompleted.\nTLS handshake completed\npip: Downloading express-5.20.tar.gz\nArtifact uploaded: build.tar.gz (9MB)\nTest Suites: 22 passed, 39 total\n  PASS: test_db_connect (127ms)\n  PASS: integration/test_user_create.spec.js\nCompiling src/handler.rs...\nArtifact uploaded: dist.zip (24MB)\n[12:51:02] INFO: Processing request\nConnection established\nWARNING: webpack has known vulnerabilities\nFinished.\nReady.\npip: Collecting webpack\nBundling styles.css\nWARNING: webpack has known vulnerabilities\nSuccess!\n[12:51:02] DEBUG: Initializing service\nAlready up to date.\nDone.\npip: Downloading react-4.8.tar.gz\n[12:51:02] INFO: Processing request\nTests: 106 passed, 294 total\nUploading artifact 'build' (24 files)\nTest Suites: 23 passed, 7 total\nStep 16/19: Running migrations\npip: Downloading jest-2.0.tar.gz\nProcessing...\nTLS handshake completed\nOK\n[12:51:02] WARN: Deprecated API usage\nOptimizing 49 modules...\nStep 19/23: Installing dependencies\nArtifact uploaded: build.tar.gz (45MB)\n[12:51:02] ERROR: Connection failed\n\u2713 Task completed in 3840ms\nPlatform: linux-x64\n  PASS: unit/test_db_connect.spec.js\nStep 19/20: Building\nPulling image: node:18\nPOST /api - 200 (178ms)\n[12:51:02] INFO: Cache refreshed\nArtifact uploaded: dist.zip (81MB)\n  PASS: e2e/test_cache_hit.spec.js\n[12:51:02] INFO: Cache refreshed\nArtifact downloaded: 21MB\n[12:51:02] DEBUG: Connection pool: 3 active\n\u2713 Step 'build' succeeded\n\u2713 validate completed\nHEAD is now at e4053cd\nWaiting...\npip: Downloading eslint-5.18.tar.gz\nProcessing...\nStep 5/24: Linting\nProcessing...\nTest Suites: 9 passed, 14 total\n[12:51:02] INFO: Cache refreshed\nnpm install: added 303 packages\nFetching from https://amazonaws.com/package.json\n[12:51:02] INFO: Processing request\nFetching from https://amazonaws.com/package.json\n=== Step integration_tests completed ===\n=== Step: upload_artifacts ===\nTest Suites: 30 passed, 43 total\nGET /api - 200 (73ms)\n[12:51:02] ERROR: Connection failed\nnpm notice: package.json updated\npip: Installing build dependencies...\nStep 18/21: Testing\nTransforming 329 files...\nnpm install: resolved 1967 packages\nReady.\nnpm notice: created a lockfile\npip: Downloading express-3.5.tar.gz\nUsing Python 3.11\npip install: Successfully installed prettier-2.13\n[12:51:02] INFO: Starting build process\nTransforming 259 files...\nDone.\nStep 17/15: Deploying\nInstalling jest@2.17.6\nImage pulled successfully\n[12:51:02] DEBUG: Loading configuration\n[12:51:02] DEBUG: Memory usage: 696MB\nStep 7/17: Deploying\nUsing Node.js 19.13.10\n[12:51:02] INFO: Connecting to database\nStep 4/22: Linting\nStep 13/19: Testing\n[12:51:02] INFO: Connecting to database\nStep 5/18: Installing dependencies\nDone.\npip: Collecting eslint\nArtifact downloaded: 41MB\nnpm install: resolved 137 packages\nBuilding Docker image...\n[12:51:02] WARN: Deprecated API usage\nPulling image: alpine:18\nSuccess!\nMinifying vendor.js\n[12:51:02] INFO: Connecting to database\nStep 11/15: Running migrations\nLayer 3/9: ENV command\nTests: 175 passed, 339 total\nWaiting...\n\u2713 All checks passed\nTests: 108 passed, 375 total\nChecking out main branch\nPlatform: linux-x64\nWARNING: jest has known vulnerabilities\nyarn add: Done in 4.10s\nCompiling utils/handler.rs...\nAlready up to date.\n[12:51:02] WARN: Deprecated API usage\n[12:51:02] WARN: Deprecated API usage\nTransforming 359 files...\nLayer 2/12: RUN command\nStep 18/18: Running migrations\nnpm notice: created a lockfile\nWaiting...\n[12:51:02] DEBUG: Connection pool: 13 active\nPlatform: darwin-arm64\nPOST /api - 200 (344ms)\nTime: 21.723s\nConnection established\nRan 176 tests in 24s\nUsing Python 3.10\nPlatform: win32-x64\nStep 7/25: Testing\nPOST /api - 202 (453ms)\nStep 4/25: Deploying\nPOST /data - 200 (362ms)\nCreating production build...\nCompiling src/main.py...\nFinished.\nUsing Python 3.11\n  PASS: test_user_create (404ms)\nArtifact downloaded: 4MB\nyarn add: Done in 27.73s\n[12:51:02] INFO: Processing request\n[12:51:02] DEBUG: Initializing service\nInstalling eslint@2.8.3\n[12:51:02] INFO: Starting build process\nArtifact downloaded: 14MB\nHEAD is now at 9a73e05\nArtifact uploaded: dist.zip (72MB)\nVerifying...\nStep 3/23: Building\nChecking out develop branch\nArtifact uploaded: dist.zip (30MB)\nMinifying app.js\nWaiting...\n[12:51:02] INFO: Cache refreshed\n\u26a0 DEPRECATION: Feature will be removed in v3.0\nArtifact uploaded: build.tar.gz (31MB)\nCompiling utils/handler.rs...\n[12:51:02] DEBUG: Connection pool: 15 active\nOptimizing 90 modules...\nBundling styles.js\nnpm install: added 310 packages\nVerifying...\nUsing Node.js 14.14.10\nSnapshots: 11 passed, 13 total\nRan 196 tests in 36s\nEnvironment: test\nNODE_ENV=development\nCreating production build...\nArtifact downloaded: 22MB\nCache miss for key-6455\n[12:51:02] INFO: Connecting to database\nLayer 9/15: ENV command\nLayer 10/11: COPY command\nArtifact uploaded: build.tar.gz (39MB)\nAlready up to date.\npip: Installing build dependencies...\nException: NullPointerException\nPlatform: darwin-arm64\nFetching from https://github.com/package.json\nException: ValueError\n[12:51:02] INFO: Request completed\n[12:51:02] DEBUG: Connection pool: 16 active\nBundling vendor.css\nStep 3/15: Linting\n[12:51:02] INFO: Request completed\nBuilding Docker image...\nTransforming 490 files...\nUsing Node.js 14.3.4\n[12:51:02] INFO: Starting build process\nTest Suites: 39 passed, 11 total\nDone.\nnpm notice: package.json updated\n[12:51:02] INFO: Processing request\n[12:51:02] DEBUG: Memory usage: 1446MB\nAlready up to date.\n\u2713 test completed\n[12:51:02] INFO: Connecting to database\nPlatform: win32-x64\nLoading...\nNODE_ENV=development\n  PASS: integration/test_cache_hit.spec.js\nWaiting...\nOK\n\u2713 Task completed in 1803ms\n\u26a0 DEPRECATION: Feature will be removed in v4.0\nTests: 130 passed, 467 total\nnpm notice: package.json updated\nCompiling components/main.py...\n[12:51:02] INFO: Connecting to database\n[12:51:02] INFO: Processing request\nSwitched to branch 'hotfix/task-979'\n[12:51:02] WARN: Deprecated API usage\nCompiling utils/handler.rs...\nCache miss for key-8897\nCompiling lib/main.py...\nUsing Python 3.12\nCache hit for key-8241\n\u2713 package completed\nProcessing...\nCache restored successfully (392MB)\nVerifying...\n\u26a0 DEPRECATION: Feature will be removed in v5.0\n[12:51:02] DEBUG: Query executed in 48ms\nnpm install: added 32 packages\nGenerating source maps...\nGET /status - 200 (44ms)\nCoverage: 78% statements, 85% branches\nLoading...\nProcessing...\n[12:51:02] WARN: Deprecated API usage\nPlatform: win32-x64\nBuilding Docker image...\n\u2713 Step 'install' succeeded\nWARNING: axios has known vulnerabilities\nProcessing...\n\u2713 Task completed in 1131ms\nDone.\nCache saved successfully\nArtifact uploaded: build.tar.gz (29MB)\nCompiling src/main.py...\nDone.\nStep 19/19: Installing dependencies\n[12:51:02] INFO: Starting build process\nVerifying...\n[12:51:02] INFO: Cache refreshed\nOK\n  PASS: unit/test_api_health.spec.js\nGET /api - 204 (30ms)\n[12:51:02] WARN: Deprecated API usage\nOptimizing 48 modules...\nReady.\nWaiting...\nWARNING: jest has known vulnerabilities\nWARNING: prettier has known vulnerabilities\nCache restored successfully (296MB)\n  PASS: unit/test_user_create.spec.js\nCache saved successfully\nCompiling lib/service.java...\n\u26a0 DEPRECATION: Feature will be removed in v3.0\nCache miss for key-8942\n[12:51:02] INFO: Request completed\nPulling image: alpine:latest\n[12:51:02] DEBUG: Memory usage: 1808MB\n[12:51:02] DEBUG: Loading configuration\n=== Step upload_artifacts completed ===\n=== Step: restore_cache ===\npip: Downloading webpack-4.16.tar.gz\nCompiling components/utils.go...\nCompiling components/handler.rs...\n\u26a0 DEPRECATION: Feature will be removed in v2.0\nUploading artifact 'build' (24 files)\nCache miss for key-3333\n[12:51:02] DEBUG: Query executed in 35ms\nTime: 43.912s\n[12:51:02] INFO: Starting build process\npip: Downloading jest-1.8.tar.gz\nLayer 2/12: ENV command\n[12:51:02] INFO: Connecting to database\nFetching submodules...\nTransforming 222 files...\nPushing to registry...\nProcessing...\nChecking out develop branch\nUploading artifact 'dist' (32 files)\nHEAD is now at 04aa884\nCompiling lib/service.java...\npip install: Successfully installed express-5.17\nnpm install: added 439 packages\nPulling image: alpine:latest\n[12:51:02] DEBUG: Query executed in 97ms\n[12:51:02] INFO: Starting build process\nWaiting...\nCreating production build...\nDone.\n[12:51:02] WARN: Deprecated API usage\n\u2713 Task completed in 4578ms\nStep 10/16: Running migrations\nWARNING: express has known vulnerabilities\nLayer 5/9: ENV command\n\u2713 Task completed in 1818ms\nCompleted.\nCompiling lib/main.py...\nArtifact uploaded: dist.zip (88MB)\nPulling image: node:18\n[12:51:02] INFO: Starting build process\nGenerating source maps...\nSnapshots: 13 passed, 41 total\nCompiling components/index.js...\n[12:51:02] INFO: Cache refreshed\nCache restored successfully (231MB)\nUsing Python 3.12\nCompiling components/main.py...\nArtifact uploaded: dist.zip (23MB)\nFetching from https://gcr.io/package.json\nTransforming 293 files...\nStep 3/25: Testing\n\u2713 Step 'install' succeeded\n\u2713 Task completed in 538ms\nTLS handshake completed\nSuccess!\nCompiling components/handler.rs...\n[12:51:02] INFO: Starting build process\nTests: 204 passed, 68 total\nReady.\nSuccess!\n\u26a0 DEPRECATION: Feature will be removed in v3.0\nSuccess!\nStep 14/21: Building\nCache miss for key-7375\nTLS handshake completed\nTransforming 911 files...\n[12:51:02] INFO: Cache refreshed\nReady.\nUploading artifact 'dist' (42 files)\nGenerating source maps...\n  PASS: unit/test_auth_login.spec.js\nPulling image: python:3.11\nArtifact uploaded: build.tar.gz (21MB)\n[12:51:02] WARN: Deprecated API usage\n\u26a0 DEPRECATION: Feature will be removed in v2.0\n[12:51:02] ERROR: Connection failed\nnpm install: added 469 packages\nUsing Python 3.10\nLayer 10/14: ENV command\nImage pulled successfully\n[12:51:02] DEBUG: Connection pool: 12 active\nCompiling src/index.js...\npip: Installing build dependencies...\nyarn add: Done in 27.60s\nCoverage: 97% statements, 74% branches\nSwitched to branch 'hotfix/task-962'\n[12:51:02] DEBUG: Initializing service\n[12:51:02] DEBUG: Initializing service\n[12:51:02] INFO: Connecting to database\nBundling main.css\nCompiling components/service.java...\nCache hit for key-1885\nPushing to registry...\nOptimizing 82 modules...\n[12:51:02] INFO: Starting build process\nFetching from https://npmjs.org/package.json\nyarn add: Done in 18.19s\nCompleted.\n[12:51:02] WARN: Deprecated API usage\nRan 97 tests in 27s\n[12:51:02] DEBUG: Initializing service\nUsing Node.js 14.20.2\nTLS handshake completed\nVerifying...\nTest Suites: 6 passed, 33 total\nTime: 95.760s\n[12:51:02] INFO: Cache refreshed\nCache restored successfully (451MB)\nAlready up to date.\npip install: Successfully installed lodash-1.3\nCompiling utils/service.java...\n\u2713 All checks passed\nConnection established\nArtifact uploaded: build.tar.gz (14MB)\n[12:51:02] WARN: Deprecated API usage\nCreating production build...\nPushing to registry...\n\u2713 All checks passed\nOK\n[12:51:02] DEBUG: Loading configuration\n[12:51:02] WARN: Deprecated API usage\nCache invalidated: dependencies\nOptimizing 73 modules...\n[12:51:02] DEBUG: Connection pool: 9 active\n[12:51:02] DEBUG: Initializing service\n[12:51:02] DEBUG: Loading configuration\n\u26a0 DEPRECATION: Feature will be removed in v5.0\nDone.\nException: NullPointerException\n\u2713 Step 'setup' succeeded\n[12:51:02] INFO: Cache refreshed\n\u2717 build failed with exit code 60\nGenerating source maps...\nEnvironment: production\n\u2713 All checks passed\nStep 6/23: Building\nSwitched to branch 'bugfix/task-744'\nCompleted.\nLayer 2/13: ENV command\nLayer 9/8: ENV command\nTests: 372 passed, 473 total\n[12:51:02] WARN: Deprecated API usage\nCompiling components/utils.go...\nFetching submodules...\nCompleted.\nCache invalidated: dependencies\nLoading...\nUploading artifact 'coverage' (38 files)\nWARNING: react has known vulnerabilities\n[12:51:02] ERROR: Connection failed\nCache saved successfully\nLoading...\n[12:51:02] WARN: Deprecated API usage\n\u2713 lint completed\nCompiling lib/main.py...\nStep 10/23: Linting\n[12:51:02] ERROR: Connection failed\n[12:51:02] INFO: Connecting to database\nUsing Node.js 19.7.0\n\u26a0 DEPRECATION: Feature will be removed in v4.0\nWARNING: prettier has known vulnerabilities\n\u2713 Task completed in 1753ms\nCache hit for key-2453\n\u2713 Step 'install' succeeded\nUsing Node.js 19.2.8\nVerifying...\nPlatform: win32-x64\nInstalling eslint@5.16.1\nCompiling lib/handler.rs...\npip: Collecting eslint\n\u2713 package completed\nGET /health - 200 (42ms)\nWARNING: lodash has known vulnerabilities\n\u2713 package completed\nCoverage: 81% statements, 99% branches\nBundling styles.css\nWARNING: lodash has known vulnerabilities\nStep 13/22: Deploying\npip: Collecting axios\nCompiling src/service.java...\nCache hit for key-6396\nPulling image: node:18\nImage pulled successfully\nUsing Node.js 16.17.4\nException: ValueError\nConnection established\nUsing Node.js 16.10.10\nSnapshots: 12 passed, 45 total\nStep 20/15: Installing dependencies\nEnvironment: production\nWaiting...\n[12:51:02] WARN: Deprecated API usage\n[12:51:02] WARN: Deprecated API usage\nLayer 8/8: COPY command\nCache restored successfully (384MB)\nWARNING: jest has known vulnerabilities\nException: TypeError\n\u26a0 DEPRECATION: Feature will be removed in v4.0\nFinished.\nCache saved successfully\npip: Collecting react\n=== Step restore_cache completed ===\n=== Step: lint ===\nWARNING: jest has known vulnerabilities\n\u26a0 DEPRECATION: Feature will be removed in v4.0\nWARNING: prettier has known vulnerabilities\nCache saved successfully\nException: TypeError\nUsing Node.js 19.0.9\nStep 19/22: Testing\n[12:51:02] DEBUG: Memory usage: 326MB\nFinished.\nUploading artifact 'build' (25 files)\nMinifying vendor.js\nyarn add: Done in 21.87s\nLayer 7/8: ENV command\n\u2713 Task completed in 377ms\nArtifact downloaded: 22MB\nStep 14/15: Deploying\nMinifying vendor.js\nCache restored successfully (421MB)\n\u26a0 DEPRECATION: Feature will be removed in v2.0\nPlatform: linux-x64\nFetching submodules...\n[12:51:02] INFO: Request completed\nCache miss for key-4814\n[12:51:02] WARN: Deprecated API usage\n\u2713 Task completed in 4085ms\n\u26a0 DEPRECATION: Feature will be removed in v2.0\npip: Collecting jest\n[12:51:02] INFO: Cache refreshed\nCompleted.\nCache invalidated: node_modules\nCache invalidated: node_modules\nPlatform: linux-x64\nReady.\n[12:51:02] DEBUG: Initializing service\nArtifact uploaded: dist.zip (51MB)\nCompiling src/handler.rs...\n[12:51:02] DEBUG: Query executed in 74ms\nCache miss for key-4482\n[12:51:02] DEBUG: Connection pool: 20 active\nCompiling src/handler.rs...\n[12:51:02] WARN: Deprecated API usage\nArtifact uploaded: build.tar.gz (49MB)\nyarn add: Done in 15.78s\n[12:51:02] WARN: Deprecated API usage\nnpm install: added 159 packages\n  PASS: integration/test_auth_login.spec.js\nTest Suites: 31 passed, 46 total\nWARNING: express has known vulnerabilities\n\u26a0 DEPRECATION: Feature will be removed in v5.0\nCompleted.\nBuilding Docker image...\nCoverage: 81% statements, 100% branches\n\u2717 build failed with exit code 35\n[12:51:02] INFO: Cache refreshed\nAlready up to date.\nLayer 3/11: ENV command\nOptimizing 13 modules...\nPlatform: linux-x64\nCache restored successfully (290MB)\nStep 19/25: Testing\nInstalling react@4.6.8\nTest Suites: 28 passed, 30 total\nStep 8/16: Building\nMinifying app.js\nCache miss for key-1088\n[12:51:02] INFO: Request completed\nStep 5/17: Deploying\nFinished.\nVerifying...\nSnapshots: 23 passed, 0 total\n\u26a0 DEPRECATION: Feature will be removed in v4.0\nCompiling utils/app.ts...\n[12:51:02] DEBUG: Query executed in 55ms\n[12:51:02] DEBUG: Memory usage: 1504MB\n[12:51:02] INFO: Starting build process\nReady.\nConnection established\nFinished.\n[12:51:02] INFO: Cache refreshed\nWARNING: react has known vulnerabilities\n[12:51:02] INFO: Processing request\nPushing to registry...\nAlready up to date.\nDone.\n  PASS: e2e/test_auth_login.spec.js\n  PASS: unit/test_api_health.spec.js\nNODE_ENV=test\nCompleted.\nEnvironment: test\nNODE_ENV=test\nSwitched to branch 'bugfix/task-139'\n[12:51:02] INFO: Processing request\nImage pulled successfully\nCache saved successfully\nStep 14/16: Testing\nStep 2/18: Testing\n\u2713 All checks passed\n[12:51:02] INFO: Connecting to database\nCompiling components/app.ts...\nEnvironment: test\nFAILED: test_cache_hit\nCache miss for key-5418\n\u2713 All checks passed\n[12:51:02] INFO: Connecting to database\nSwitched to branch 'feature/task-561'\nStep 1/15: Running migrations\nUsing Node.js 15.20.10\n\u2713 deploy completed\nTime: 81.908s\n[12:51:02] DEBUG: Initializing service\nUsing Python 3.10\n  PASS: e2e/test_user_create.spec.js\nCompleted.\nCompiling lib/utils.go...\npip: Installing build dependencies...\nTLS handshake completed\nArtifact downloaded: 37MB\nLoading...\n\u26a0 DEPRECATION: Feature will be removed in v2.0\nnpm notice: package.json updated\nFetching submodules...\nStep 20/23: Running migrations\nCache hit for key-4932\nTest Suites: 26 passed, 41 total\nProcessing...\nTests: 104 passed, 146 total\nLoading...\nTests: 54 passed, 377 total\nBuilding Docker image...\nPlatform: win32-x64\nWARNING: express has known vulnerabilities\nCompiling components/index.js...\nHEAD is now at b7820ce\nProcessing...\nCompleted.\nImage pulled successfully\nArtifact downloaded: 12MB\nLoading...\nCache saved successfully\nStep 11/22: Linting\n\u2713 Task completed in 3734ms\nProcessing...\nnpm install: resolved 187 packages\nFAILED: test_user_create\nCreating production build...\nAlready up to date.\nUsing Python 3.11\nInstalling lodash@2.8.10\nStep 18/22: Deploying\nStep 17/20: Linting\n[12:51:02] ERROR: Connection failed\nCreating production build...\nnpm install: resolved 714 packages\n\u2713 Task completed in 3653ms\nOK\nArtifact uploaded: dist.zip (51MB)\nPulling image: node:3.11\nBundling runtime.css\n[12:51:02] INFO: Starting build process\nStep 10/19: Running migrations\nFetching submodules...\nTransforming 233 files...\nCompiling components/handler.rs...\nSwitched to branch 'bugfix/task-363'\npip: Downloading react-5.15.tar.gz\nTransforming 994 files...\nnpm install: added 83 packages\nCache miss for key-1247\nException: RuntimeError\nMinifying vendor.js\n\u26a0 DEPRECATION: Feature will be removed in v4.0\nTest Suites: 40 passed, 40 total\nSuccess!\nTime: 4.214s\nCreating production build...\nStep 16/15: Linting\nCache saved successfully\nArtifact downloaded: 30MB\n\u2713 Step 'install' succeeded\nInstalling jest@5.3.3\npip install: Successfully installed webpack-5.2\nWARNING: express has known vulnerabilities\nBundling vendor.js\nWARNING: axios has known vulnerabilities\nCompiling lib/index.js...\nStep 7/25: Building\nArtifact uploaded: dist.zip (26MB)\nUsing Python 3.10\nStep 9/19: Running migrations\nWARNING: prettier has known vulnerabilities\n[12:51:02] DEBUG: Connection pool: 11 active\n\u26a0 DEPRECATION: Feature will be removed in v2.0\n  PASS: test_db_connect (481ms)\n[12:51:02] WARN: Deprecated API usage\nSuccess!\nTime: 74.881s\nStep 13/24: Building\nArtifact downloaded: 43MB\nEnvironment: staging\n[12:51:02] INFO: Connecting to database\n=== Step lint completed ===\n=== Step: unit_tests ===\nCreating production build...\nPOST /upload - 200 (211ms)\nCompiling components/app.ts...\nTransforming 265 files...\n[12:51:02] INFO: Connecting to database\n[12:51:02] WARN: Deprecated API usage\nArtifact downloaded: 25MB\npip: Collecting jest\n\u2713 lint completed\nProcessing...\nBundling main.js\nStep 9/20: Running migrations\npip: Collecting lodash\nWARNING: webpack has known vulnerabilities\n[12:51:02] INFO: Connecting to database\nTests: 305 passed, 168 total\nPulling image: python:latest\nCompleted.\nGET /health - 201 (3ms)\nImage pulled successfully\nCreating production build...\nTransforming 557 files...\nFinished.\nWARNING: webpack has known vulnerabilities\nStep 2/20: Running migrations\npip: Installing build dependencies...\nyarn add: Done in 6.33s\nUploading artifact 'build' (12 files)\nUsing Python 3.12\n\u26a0 DEPRECATION: Feature will be removed in v5.0\nStep 10/21: Building\nVerifying...\n[12:51:02] DEBUG: Query executed in 10ms\n[12:51:02] DEBUG: Initializing service\n[12:51:02] DEBUG: Memory usage: 754MB\npip install: Successfully installed eslint-4.5\nOK\nStep 3/15: Installing dependencies\nCompiling components/main.py...\nCache invalidated: build\n\u2713 Step 'checkout' succeeded\nTransforming 627 files...\nBuilding Docker image...\nVerifying...\n  PASS: unit/test_db_connect.spec.js\nOK\nOptimizing 80 modules...\nGenerating source maps...\nCompiling src/utils.go...\n\u26a0 DEPRECATION: Feature will be removed in v2.0\n[12:51:02] WARN: Deprecated API usage\nReady.\n[12:51:02] INFO: Connecting to database\nCache miss for key-7323\nVerifying...\nLoading...\nCompleted.\npip install: Successfully installed webpack-2.4\nBundling runtime.css\npip install: Successfully installed webpack-5.3\nArtifact downloaded: 48MB\n[12:51:02] DEBUG: Query executed in 14ms\npip install: Successfully installed express-2.20\nnpm install: added 434 packages\n[12:51:02] DEBUG: Connection pool: 19 active\nStep 10/24: Testing\nSnapshots: 3 passed, 15 total\nVerifying...\n\u2717 build failed with exit code 36\n[12:51:02] WARN: Deprecated API usage\nTests: 494 passed, 483 total\nProcessing...\n\u2713 validate completed\npip: Installing build dependencies...\nFinished.\nnpm notice: package.json updated\nLayer 6/9: RUN command\nVerifying...\nRan 128 tests in 46s\nVerifying...\nWARNING: lodash has known vulnerabilities\nWARNING: jest has known vulnerabilities\n[12:51:02] ERROR: Connection failed\n[12:51:02] INFO: Request completed\nCache invalidated: node_modules\nTests: 499 passed, 298 total\n[12:51:02] INFO: Starting build process\nGET /health - 204 (98ms)\n[12:51:02] DEBUG: Initializing service\nnpm notice: created a lockfile\nArtifact downloaded: 41MB\nUsing Python 3.11\nSnapshots: 46 passed, 4 total\nnpm install: resolved 202 packages\nCompiling src/handler.rs...\nSwitched to branch 'hotfix/task-486'\n[12:51:02] INFO: Request completed\nTest Suites: 25 passed, 33 total\nBundling runtime.css\nnpm install: resolved 804 packages\nBuilding Docker image...\nFetching from https://gcr.io/package.json\nArtifact uploaded: build.tar.gz (33MB)\n\u2713 test completed\n\u2713 Step 'install' succeeded\n[12:51:02] INFO: Starting build process\npip: Installing build dependencies...\nHEAD is now at aadbd58\nnpm install: resolved 766 packages\nCache invalidated: build\nOptimizing 36 modules...\n[12:51:02] DEBUG: Initializing service\nHEAD is now at bc78d81\nCompiling lib/app.ts...\nStep 16/23: Running migrations\nChecking out develop branch\nHEAD is now at a5c417d\nUsing Python 3.9\n\u2713 Step 'setup' succeeded\nWaiting...\nCompiling src/service.java...\nFetching submodules...\nyarn add: Done in 26.79s\nCoverage: 88% statements, 97% branches\n[12:51:02] DEBUG: Query executed in 34ms\nLoading...\nStep 3/22: Running migrations\nWARNING: jest has known vulnerabilities\nEnvironment: test\nRan 20 tests in 14s\nDone.\n[12:51:02] WARN: Deprecated API usage\nPulling image: alpine:3.11\nCache restored successfully (349MB)\n[12:51:02] INFO: Request completed\n  PASS: unit/test_cache_hit.spec.js\nStep 3/15: Building\n\u2713 package completed\nArtifact uploaded: build.tar.gz (48MB)\nChecking out master branch\n[12:51:02] DEBUG: Query executed in 89ms\nRan 95 tests in 13s\n\u2717 build failed with exit code 39\nGenerating source maps...\nnpm notice: package.json updated\nnpm install: added 418 packages\n\u26a0 DEPRECATION: Feature will be removed in v2.0\nFinished.\n\u26a0 DEPRECATION: Feature will be removed in v2.0\nOptimizing 20 modules...\nChecking out master branch\n\u2713 All checks passed\nFetching submodules...\nLoading...\nUsing Python 3.11\nCompiling src/main.py...\n[12:51:02] INFO: Starting build process\nImage pulled successfully\n[12:51:02] INFO: Starting build process\nTest Suites: 9 passed, 50 total\nMinifying app.js\nStep 19/24: Installing dependencies\n  PASS: test_user_create (281ms)\nSuccess!\nFAILED: test_user_create\nSuccess!\nMinifying vendor.js\nLayer 10/9: ENV command\nCoverage: 75% statements, 95% branches\nCache miss for key-4342\nConnection established\nnpm install: added 463 packages\nFetching from https://googleapis.com/package.json\nnpm install: resolved 725 packages\nCompiling lib/app.ts...\nTLS handshake completed\n\u2713 All checks passed\nBuilding Docker image...\nyarn add: Done in 16.93s\n[12:51:02] WARN: Deprecated API usage\nCompiling src/app.ts...\nStep 2/17: Building\nUsing Python 3.10\nPulling image: alpine:latest\nCache miss for key-2699\n[12:51:02] INFO: Processing request\n[12:51:02] INFO: Request completed\n\u2713 Task completed in 4537ms\nnpm install: resolved 885 packages\nFetching from https://npmjs.org/package.json\nnpm install: added 482 packages\nBuilding Docker image...\nCache miss for key-1840\nFetching submodules...\nCache saved successfully\nStep 9/25: Deploying\nSuccess!\nArtifact uploaded: build.tar.gz (50MB)\nCache hit for key-5031\nCompiling components/handler.rs...\n=== Step unit_tests completed ===\n=== Step: setup_environment ===\nTLS handshake completed\n\u26a0 DEPRECATION: Feature will be removed in v2.0\nGET /api - 200 (87ms)\n  PASS: test_auth_login (170ms)\nFinished.\nImage pulled successfully\nEnvironment: test\nException: TypeError\nFinished.\nCompiling src/handler.rs...\nStep 20/17: Installing dependencies\nCache invalidated: node_modules\nyarn add: Done in 8.12s\nTests: 369 passed, 435 total\nInstalling jest@2.0.10\nUploading artifact 'dist' (32 files)\nChecking out main branch\nLoading...\nCache hit for key-1710\nWARNING: react has known vulnerabilities\nException: TypeError\nBuilding Docker image...\nBuilding Docker image...\n[12:51:02] DEBUG: Loading configuration\nBuilding Docker image...\nCompiling src/app.ts...\nRan 78 tests in 47s\nCompiling utils/service.java...\n\u2713 Step 'build' succeeded\nFetching from https://npmjs.org/package.json\nDone.\n[12:51:02] INFO: Cache refreshed\npip: Collecting express\nStep 13/15: Running migrations\nBuilding Docker image...\nRan 48 tests in 14s\nTime: 57.656s\n  PASS: unit/test_api_health.spec.js\nCompleted.\nPOST /api - 201 (373ms)\nNODE_ENV=development\nRan 11 tests in 20s\nSnapshots: 35 passed, 28 total\n[12:51:02] INFO: Starting build process\nProcessing...\n\u26a0 DEPRECATION: Feature will be removed in v5.0\n\u2713 Task completed in 574ms\nUsing Python 3.12\n[12:51:02] INFO: Request completed\nSwitched to branch 'hotfix/task-636'\nUsing Python 3.10\nStep 12/16: Installing dependencies\nStep 14/23: Building\nFinished.\nUsing Node.js 20.6.4\npip: Downloading webpack-2.6.tar.gz\nUsing Node.js 20.9.8\nLoading...\nFetching submodules...\nStep 11/25: Building\nArtifact uploaded: dist.zip (93MB)\n[12:51:02] INFO: Cache refreshed\n[12:51:02] WARN: Deprecated API usage\nCoverage: 97% statements, 90% branches\nRan 133 tests in 57s\nCache miss for key-4275\n\u2713 validate completed\nWARNING: prettier has known vulnerabilities\nCompiling components/handler.rs...\n\u2713 build completed\n\u2713 Step 'test' succeeded\n[12:51:02] WARN: Deprecated API usage\nUploading artifact 'build' (17 files)\nException: RuntimeError\n[12:51:02] WARN: Deprecated API usage\nSuccess!\nFinished.\nnpm notice: created a lockfile\nCreating production build...\n[12:51:02] INFO: Connecting to database\n  PASS: integration/test_auth_login.spec.js\nStep 11/17: Building\nBundling runtime.js\nGET /api - 204 (82ms)\nArtifact downloaded: 18MB\nEnvironment: development\nCompiling lib/service.java...\nCompiling components/index.js...\nConnection established\nFinished.\nChecking out main branch\nAlready up to date.\nTransforming 708 files...\nPlatform: linux-x64\npip: Installing build dependencies...\npip install: Successfully installed eslint-5.2\nBuilding Docker image...\n[12:51:02] INFO: Starting build process\n[12:51:02] DEBUG: Initializing service\n[12:51:02] INFO: Starting build process\n[12:51:02] DEBUG: Query executed in 80ms\nStep 6/22: Linting\n[12:51:02] INFO: Processing request\nStep 17/23: Installing dependencies\nOK\nSuccess!\nCompiling src/utils.go...\nCompiling src/handler.rs...\nCache restored successfully (258MB)\nCompleted.\nnpm install: added 236 packages\nWaiting...\nnpm notice: package.json updated\nInstalling express@1.18.3\nTransforming 147 files...\n\u2713 build completed\nCache miss for key-7672\nWARNING: express has known vulnerabilities\nTest Suites: 36 passed, 20 total\nChecking out master branch\nPlatform: darwin-arm64\nCreating production build...\nTransforming 463 files...\n\u26a0 DEPRECATION: Feature will be removed in v4.0\n[12:51:02] DEBUG: Initializing service\nHEAD is now at 4ec888d\npip: Collecting express\nnpm install: added 416 packages\nTLS handshake completed\nHEAD is now at 103f7e7\n[12:51:02] INFO: Connecting to database\nFetching from https://gcr.io/package.json\nPushing to registry...\n[12:51:02] INFO: Starting build process\n\u2713 Step 'build' succeeded\n[12:51:02] INFO: Connecting to database\nFetching submodules...\nWARNING: jest has known vulnerabilities\npip: Installing build dependencies...\nImage pulled successfully\nMinifying vendor.js\nUsing Node.js 15.20.1\n\u2713 All checks passed\nCache hit for key-2237\nnpm install: added 347 packages\n\u2717 build failed with exit code 99\nPushing to registry...\nCompleted.\n[12:51:02] INFO: Processing request\n\u2713 All checks passed\nAlready up to date.\nyarn add: Done in 19.69s\nWARNING: react has known vulnerabilities\n\u2713 Task completed in 3597ms\nBundling runtime.css\npip install: Successfully installed eslint-5.6\n[12:51:02] ERROR: Connection failed\nCompiling src/utils.go...\nStep 3/21: Linting\n  PASS: unit/test_user_create.spec.js\nInstalling prettier@2.20.4\nTime: 9.778s\nPOST /data - 202 (314ms)\nCache hit for key-1631\nTransforming 390 files...\nArtifact downloaded: 36MB\nGenerating source maps...\nSuccess!\nNODE_ENV=development\nProcessing...\nRan 195 tests in 24s\nChecking out develop branch\n\u26a0 DEPRECATION: Feature will be removed in v2.0\n[12:51:02] INFO: Cache refreshed\nCompiling src/utils.go...\nUploading artifact 'dist' (2 files)\npip: Downloading express-5.0.tar.gz\nnpm install: added 351 packages\n[12:51:02] DEBUG: Query executed in 65ms\nCoverage: 79% statements, 65% branches\nReady.\nCompiling utils/main.py...\nPOST /api - 200 (54ms)\nVerifying...\nGenerating source maps...\npip: Collecting prettier\nTLS handshake completed\nOptimizing 16 modules...\nCompiling components/service.java...\nnpm install: added 212 packages\nDone.\n[12:51:02] DEBUG: Initializing service\nArtifact downloaded: 26MB\npip install: Successfully installed jest-5.1\nTest Suites: 23 passed, 9 total\n[12:51:02] INFO: Processing request\n[12:51:02] DEBUG: Query executed in 8ms\nInstalling react@5.1.3\nProcessing...\n[12:51:02] DEBUG: Loading configuration\n=== Step setup_environment completed ===\n=== Step: type_check ===\n[12:51:02] WARN: Deprecated API usage\n  PASS: test_db_connect (44ms)\nyarn add: Done in 21.99s\nSwitched to branch 'hotfix/task-964'\nCache saved successfully\nUsing Node.js 14.5.1\nEnvironment: production\nCoverage: 82% statements, 81% branches\npip: Installing build dependencies...\n[12:51:02] DEBUG: Connection pool: 10 active\nStep 7/21: Deploying\n\u26a0 DEPRECATION: Feature will be removed in v5.0\n[12:51:02] WARN: Deprecated API usage\n\u26a0 DEPRECATION: Feature will be removed in v3.0\nNODE_ENV=development\nSwitched to branch 'hotfix/task-605'\npip: Collecting webpack\nSwitched to branch 'bugfix/task-710'\n[12:51:02] INFO: Connecting to database\nLayer 4/11: ENV command\n  PASS: e2e/test_auth_login.spec.js\nCompiling lib/handler.rs...\nCache restored successfully (458MB)\nLoading...\nArtifact uploaded: build.tar.gz (44MB)\n\u2713 All checks passed\n[12:51:02] ERROR: Connection failed\n\u2713 package completed\nWARNING: react has known vulnerabilities\n\u26a0 DEPRECATION: Feature will be removed in v3.0\n\u2713 Task completed in 3425ms\npip: Collecting axios\nGET /api - 201 (100ms)\n[12:51:02] INFO: Starting build process\nStep 3/18: Building\nCompiling lib/main.py...\n[12:51:02] WARN: Deprecated API usage\nSuccess!\n[12:51:02] DEBUG: Connection pool: 13 active\nyarn add: Done in 3.30s\nOptimizing 43 modules...\n  PASS: test_auth_login (440ms)\n[12:51:02] WARN: Deprecated API usage\n[12:51:02] DEBUG: Connection pool: 9 active\nStep 7/24: Linting\n[12:51:02] INFO: Request completed\n[12:51:02] INFO: Request completed\nNODE_ENV=development\n\u26a0 DEPRECATION: Feature will be removed in v5.0\nWaiting...\nGET /status - 204 (90ms)\n[12:51:02] WARN: Deprecated API usage\nStep 13/17: Linting\nImage pulled successfully\nWARNING: webpack has known vulnerabilities\nArtifact uploaded: dist.zip (49MB)\nUsing Python 3.11\nPlatform: darwin-arm64\nRan 173 tests in 56s\nPushing to registry...\n\u2713 Task completed in 4687ms\nStep 20/19: Linting\nEnvironment: test\nArtifact uploaded: dist.zip (96MB)\nDone.\nStep 10/25: Testing\nnpm notice: created a lockfile\nCompiling utils/main.py...\nnpm install: resolved 171 packages\nChecking out main branch\nCompiling components/service.java...\nSuccess!\nCache invalidated: dependencies\nCache restored successfully (313MB)\n[12:51:02] DEBUG: Loading configuration\n\u26a0 DEPRECATION: Feature will be removed in v5.0\nStep 19/20: Building\nTransforming 249 files...\n\u2713 Task completed in 1974ms\nMinifying vendor.js\n[12:51:02] INFO: Cache refreshed\nStep 15/15: Linting\nRan 57 tests in 39s\nImage pulled successfully\n[12:51:02] INFO: Starting build process\nInstalling prettier@1.18.1\nStep 3/19: Testing\nMinifying vendor.js\n[12:51:02] DEBUG: Loading configuration\nnpm install: resolved 1866 packages\nyarn add: Done in 3.97s\nNODE_ENV=test\n[12:51:02] DEBUG: Memory usage: 1815MB\nUsing Node.js 15.13.2\nWaiting...\n\u2713 All checks passed\nStep 7/15: Installing dependencies\n[12:51:02] INFO: Request completed\nImage pulled successfully\nyarn add: Done in 8.67s\nWARNING: react has known vulnerabilities\n\u26a0 DEPRECATION: Feature will be removed in v2.0\nCoverage: 94% statements, 68% branches\nSuccess!\nStep 18/15: Testing\nProcessing...\nnpm install: added 331 packages\nTransforming 406 files...\n\u26a0 DEPRECATION: Feature will be removed in v2.0\nStep 13/23: Building\nCompiling lib/handler.rs...\n[12:51:02] DEBUG: Connection pool: 5 active\n[12:51:02] WARN: Deprecated API usage\nOK\nFetching from https://googleapis.com/package.json\nnpm notice: created a lockfile\nnpm notice: package.json updated\nDone.\nArtifact uploaded: build.tar.gz (25MB)\nCache restored successfully (34MB)\nnpm install: added 11 packages\nWARNING: axios has known vulnerabilities\n[12:51:02] ERROR: Connection failed\nGenerating source maps...\nPOST /upload - 201 (201ms)\npip: Installing build dependencies...\nFinished.\n[12:51:02] WARN: Deprecated API usage\nPushing to registry...\nBuilding Docker image...\nStep 19/15: Building\n[12:51:02] INFO: Cache refreshed\nCache saved successfully\nnpm notice: package.json updated\nReady.\nWARNING: lodash has known vulnerabilities\n\u2713 All checks passed\n\u2713 Task completed in 3944ms\nCompleted.\nBuilding Docker image...\n[12:51:02] DEBUG: Memory usage: 425MB\nUsing Node.js 20.7.3\nTLS handshake completed\nDone.\nUsing Node.js 14.0.6\nImage pulled successfully\nFetching submodules...\n[12:51:02] INFO: Cache refreshed\nWARNING: axios has known vulnerabilities\nSnapshots: 17 passed, 20 total\nStep 11/16: Deploying\nStep 15/16: Building\nInstalling react@4.12.9\nArtifact uploaded: dist.zip (22MB)\nImage pulled successfully\nnpm install: resolved 134 packages\nChecking out develop branch\nnpm install: resolved 811 packages\nPOST /api - 201 (353ms)\nCompiling lib/handler.rs...\nFetching from https://googleapis.com/package.json\n\u26a0 DEPRECATION: Feature will be removed in v2.0\npip: Collecting lodash\nTests: 381 passed, 84 total\nAlready up to date.\n[12:51:02] DEBUG: Connection pool: 7 active\n[12:51:02] DEBUG: Loading configuration\nFetching from https://gcr.io/package.json\n\u2713 Step 'install' succeeded\nUsing Node.js 16.16.9\nOK\nSuccess!\npip: Installing build dependencies...\nCreating production build...\nSwitched to branch 'hotfix/task-471'\nImage pulled successfully\nConnection established\nBundling styles.css\n[12:51:02] INFO: Starting build process\n[12:51:02] WARN: Deprecated API usage\nyarn add: Done in 6.39s\nException: ValueError\nUsing Node.js 19.6.6\nCache restored successfully (12MB)\nLoading...\nVerifying...\nCache saved successfully\n[12:51:02] DEBUG: Initializing service\n\u26a0 DEPRECATION: Feature will be removed in v4.0\nArtifact uploaded: dist.zip (35MB)\nStep 9/16: Building\n[12:51:02] DEBUG: Connection pool: 3 active\nPulling image: python:latest\nStep 15/25: Linting\nyarn add: Done in 14.30s\nSnapshots: 2 passed, 31 total\nTests: 205 passed, 492 total\nVerifying...\nLoading...\nInstalling webpack@4.14.7\n=== Step type_check completed ===\n=== Step: deploy_production ===\nStep 19/25: Running migrations\nReady.\n[12:51:02] INFO: Connecting to database\n[12:51:02] DEBUG: Memory usage: 1317MB\n\u2713 Task completed in 1482ms\nBundling main.js\nyarn add: Done in 23.92s\nHEAD is now at 7dfb390\nLoading...\nnpm notice: created a lockfile\npip install: Successfully installed lodash-1.6\n[12:51:02] INFO: Connecting to database\n  PASS: unit/test_cache_hit.spec.js\nSuccess!\n\u26a0 DEPRECATION: Feature will be removed in v4.0\nnpm install: resolved 882 packages\nTest Suites: 20 passed, 40 total\nSnapshots: 27 passed, 11 total\nArtifact uploaded: build.tar.gz (43MB)\n\u26a0 DEPRECATION: Feature will be removed in v3.0\n\u26a0 DEPRECATION: Feature will be removed in v3.0\nCache miss for key-3421\nLoading...\nStep 16/20: Testing\n[12:51:02] INFO: Starting build process\nCoverage: 95% statements, 73% branches\nChecking out main branch\nDone.\nStep 16/20: Running migrations\nUploading artifact 'dist' (5 files)\nEnvironment: test\n  PASS: test_cache_hit (259ms)\nCache invalidated: build\nCompiling components/app.ts...\nOptimizing 80 modules...\nPulling image: node:18\nStep 2/23: Installing dependencies\nLayer 6/13: ENV command\n[12:51:02] WARN: Deprecated API usage\nUsing Python 3.11\nStep 18/19: Running migrations\n[12:51:02] DEBUG: Connection pool: 20 active\n[12:51:02] INFO: Request completed\nCache hit for key-3440\npip: Collecting axios\nLayer 2/14: ENV command\nCreating production build...\n[12:51:02] INFO: Processing request\nGenerating source maps...\nChecking out develop branch\nInstalling jest@4.5.5\nStep 2/16: Running migrations\nSwitched to branch 'feature/task-295'\nTests: 325 passed, 454 total\n[12:51:02] INFO: Cache refreshed\nyarn add: Done in 13.18s\nStep 11/23: Installing dependencies\n[12:51:02] DEBUG: Initializing service\nCompleted.\nnpm notice: created a lockfile\nPOST /data - 201 (166ms)\nFetching submodules...\nFetching submodules...\n\u2717 build failed with exit code 81\nUsing Node.js 16.6.5\nCache saved successfully\nStep 1/24: Testing\nBuilding Docker image...\npip: Downloading webpack-5.1.tar.gz\n[12:51:02] WARN: Deprecated API usage\nPushing to registry...\nVerifying...\nSwitched to branch 'hotfix/task-974'\nPOST /upload - 202 (37ms)\nSnapshots: 38 passed, 49 total\nInstalling axios@5.18.4\nStep 12/19: Deploying\nTLS handshake completed\nyarn add: Done in 21.31s\nImage pulled successfully\nWARNING: react has known vulnerabilities\nCreating production build...\n  PASS: unit/test_user_create.spec.js\n[12:51:02] DEBUG: Memory usage: 1580MB\nnpm install: added 168 packages\nUsing Python 3.12\nStep 15/24: Running migrations\n\u26a0 DEPRECATION: Feature will be removed in v3.0\n[12:51:02] WARN: Deprecated API usage\nStep 4/17: Deploying\n\u26a0 DEPRECATION: Feature will be removed in v4.0\nSuccess!\n\u26a0 DEPRECATION: Feature will be removed in v5.0\nFinished.\nUploading artifact 'coverage' (45 files)\n\u2717 build failed with exit code 65\nBundling vendor.js\nVerifying...\nInstalling prettier@3.5.8\nCompiling components/app.ts...\nnpm notice: package.json updated\n[12:51:02] WARN: Deprecated API usage\nCache invalidated: node_modules\nBuilding Docker image...\nCache restored successfully (468MB)\npip install: Successfully installed eslint-4.8\n\u26a0 DEPRECATION: Feature will be removed in v4.0\nCreating production build...\nPOST /api - 202 (323ms)\nStep 12/20: Linting\n[12:51:02] INFO: Connecting to database\nVerifying...\npip: Installing build dependencies...\nUsing Node.js 15.16.10\nCache restored successfully (476MB)\nProcessing...\nCache invalidated: node_modules\nTransforming 216 files...\nInstalling eslint@3.9.5\nStep 7/23: Deploying\n[12:51:02] INFO: Starting build process\npip: Installing build dependencies...\nCompiling lib/service.java...\nSuccess!\nVerifying...\nCompiling utils/app.ts...\n\u2713 Task completed in 4614ms\nTime: 45.357s\nAlready up to date.\n[12:51:02] DEBUG: Connection pool: 11 active\nCompiling utils/service.java...\nPulling image: python:latest\n[12:51:02] DEBUG: Connection pool: 5 active\n[12:51:02] WARN: Deprecated API usage\n\u2713 Step 'install' succeeded\nTransforming 162 files...\nNODE_ENV=development\nBuilding Docker image...\n[12:51:02] WARN: Deprecated API usage\nFetching from https://registry.npmjs.org/package.json\n  PASS: test_cache_hit (145ms)\nImage pulled successfully\nUsing Node.js 19.16.6\nCreating production build...\npip install: Successfully installed express-3.9\nInstalling lodash@2.13.2\nHEAD is now at f1c65d4\nCompiling utils/index.js...\nFinished.\nTransforming 127 files...\n[12:51:02] DEBUG: Memory usage: 1731MB\n[12:51:02] WARN: Deprecated API usage\n[12:51:02] ERROR: Connection failed\nMinifying vendor.js\nInstalling axios@1.18.0\nFetching submodules...\nWaiting...\n[12:51:02] INFO: Cache refreshed\nReady.\nCache invalidated: dependencies\nyarn add: Done in 12.60s\nCompleted.\npip: Collecting prettier\nTransforming 626 files...\nCache miss for key-5999\nStep 7/16: Deploying\n\u26a0 DEPRECATION: Feature will be removed in v2.0\nStep 17/18: Building\n[12:51:02] DEBUG: Connection pool: 7 active\nCompiling components/handler.rs...\nUsing Node.js 20.18.3\nSwitched to branch 'feature/task-975'\npip install: Successfully installed eslint-4.14\npip: Downloading jest-2.4.tar.gz\nTest Suites: 25 passed, 16 total\nCompiling src/index.js...\nReady.\nTLS handshake completed\nWARNING: react has known vulnerabilities\nCache restored successfully (222MB)\n[12:51:02] ERROR: Connection failed\nyarn add: Done in 15.65s\nCompleted.\nPushing to registry...\n[12:51:02] INFO: Processing request\nTime: 71.80s\nGET /status - 201 (76ms)\nOK\nTransforming 382 files...\n\u2717 build failed with exit code 41\n[12:51:02] INFO: Request completed\nHEAD is now at fecd966\nFAILED: test_api_health\n  PASS: e2e/test_cache_hit.spec.js\nStep 7/20: Installing dependencies\nException: ValueError\n[12:51:02] DEBUG: Initializing service\n\u26a0 DEPRECATION: Feature will be removed in v4.0\nReady.\nPulling image: python:18\n=== Step deploy_production completed ===\n=== Step: e2e_tests ===\n[12:51:02] WARN: Deprecated API usage\nPulling image: python:latest\n[12:51:02] DEBUG: Loading configuration\nLoading...\n\u2717 build failed with exit code 60\n[12:51:02] DEBUG: Query executed in 83ms\nProcessing...\nWARNING: axios has known vulnerabilities\nSnapshots: 17 passed, 8 total\nSuccess!\nWARNING: axios has known vulnerabilities\nCompiling src/utils.go...\n[12:51:02] INFO: Cache refreshed\nArtifact downloaded: 40MB\n[12:51:02] ERROR: Connection failed\nPlatform: win32-x64\nnpm notice: package.json updated\nFetching from https://docker.io/package.json\nWaiting...\nConnection established\nWARNING: react has known vulnerabilities\nStep 20/23: Installing dependencies\nSuccess!\nFAILED: test_auth_login\n\u2713 Task completed in 4735ms\nCompleted.\nUsing Python 3.11\nGET /api - 201 (43ms)\nTLS handshake completed\n[12:51:02] ERROR: Connection failed\nLoading...\nGenerating source maps...\nCompiling lib/utils.go...\n\u26a0 DEPRECATION: Feature will be removed in v2.0\nCreating production build...\npip: Collecting jest\nWaiting...\nStep 9/18: Testing\nCompiling src/index.js...\n[12:51:02] DEBUG: Connection pool: 7 active\n\u2713 test completed\npip: Installing build dependencies...\nUploading artifact 'coverage' (47 files)\n[12:51:02] INFO: Starting build process\nEnvironment: development\nFAILED: test_cache_hit\nPushing to registry...\nTLS handshake completed\nDone.\nCompiling utils/handler.rs...\nnpm install: added 119 packages\nnpm notice: created a lockfile\nConnection established\nHEAD is now at 01c0726\n  PASS: test_user_create (110ms)\n[12:51:02] INFO: Starting build process\nWARNING: eslint has known vulnerabilities\nStep 3/22: Linting\nStep 1/21: Building\npip: Collecting eslint\nDone.\nEnvironment: test\nTests: 459 passed, 491 total\nProcessing...\nUsing Python 3.11\n[12:51:02] WARN: Deprecated API usage\n[12:51:02] DEBUG: Query executed in 55ms\n\u26a0 DEPRECATION: Feature will be removed in v2.0\nImage pulled successfully\nnpm install: added 280 packages\n[12:51:02] INFO: Starting build process\nCreating production build...\nOK\npip: Collecting react\n\u26a0 DEPRECATION: Feature will be removed in v2.0\nEnvironment: test\nStep 13/17: Installing dependencies\npip install: Successfully installed lodash-3.19\nFetching submodules...\nnpm install: added 271 packages\n[12:51:02] ERROR: Connection failed\nDone.\nOptimizing 100 modules...\nnpm notice: created a lockfile\nPOST /api - 202 (104ms)\nPushing to registry...\nAlready up to date.\n\u26a0 DEPRECATION: Feature will be removed in v5.0\nCompiling components/utils.go...\nFinished.\nArtifact uploaded: dist.zip (44MB)\nHEAD is now at 3715d39\n\u2713 Step 'install' succeeded\nPOST /api - 200 (125ms)\n[12:51:02] DEBUG: Query executed in 18ms\nCache restored successfully (38MB)\nOptimizing 57 modules...\nVerifying...\nOK\nyarn add: Done in 23.92s\nWARNING: axios has known vulnerabilities\nTime: 62.927s\nSuccess!\nNODE_ENV=test\n[12:51:02] INFO: Connecting to database\nUploading artifact 'dist' (6 files)\nArtifact downloaded: 37MB\nConnection established\nChecking out master branch\nSnapshots: 16 passed, 41 total\nnpm notice: package.json updated\nCompiling src/main.py...\nCoverage: 81% statements, 97% branches\nGenerating source maps...\n[12:51:02] INFO: Processing request\n[12:51:02] DEBUG: Loading configuration\n\u2713 Task completed in 2731ms\nConnection established\n[12:51:02] WARN: Deprecated API usage\nSnapshots: 21 passed, 28 total\nPOST /data - 200 (110ms)\nAlready up to date.\nImage pulled successfully\nWaiting...\nLayer 1/11: RUN command\nSnapshots: 17 passed, 41 total\nException: TypeError\n[12:51:02] INFO: Cache refreshed\nArtifact uploaded: dist.zip (100MB)\nBuilding Docker image...\nHEAD is now at 890a479\nPushing to registry...\nArtifact downloaded: 21MB\nCache miss for key-4054\nWARNING: eslint has known vulnerabilities\nnpm notice: created a lockfile\nEnvironment: staging\nPulling image: python:latest\nCache hit for key-1267\n\u2713 package completed\n\u2713 validate completed\nFetching submodules...\nPulling image: python:latest\nInstalling eslint@3.15.0\nArtifact uploaded: build.tar.gz (38MB)\nnpm notice: package.json updated\nWARNING: react has known vulnerabilities\nTransforming 580 files...\nnpm install: added 62 packages\nArtifact downloaded: 15MB\nnpm notice: package.json updated\n[12:51:02] DEBUG: Initializing service\nSwitched to branch 'hotfix/task-141'\n[12:51:02] WARN: Deprecated API usage\nStep 15/22: Testing\nBundling runtime.js\nStep 17/21: Linting\nFAILED: test_auth_login\nPlatform: linux-x64\nInstalling eslint@1.6.3\n[12:51:02] DEBUG: Query executed in 97ms\nPushing to registry...\nConnection established\nnpm notice: package.json updated\nReady.\nHEAD is now at 11de7de\nnpm notice: created a lockfile\nCompleted.\n[12:51:02] DEBUG: Initializing service\nRan 46 tests in 26s\n[12:51:02] INFO: Processing request\nLoading...\nPushing to registry...\nSwitched to branch 'hotfix/task-178'\nDone.\nChecking out main branch\nProcessing...\nEnvironment: development\nImage pulled successfully\nGenerating source maps...\nLayer 3/11: COPY command\nUsing Node.js 18.1.4\nPushing to registry...\nTest Suites: 44 passed, 37 total\n[12:51:02] DEBUG: Loading configuration\nStep 4/16: Building\nMinifying app.js\nArtifact uploaded: dist.zip (81MB)\nnpm install: resolved 1594 packages\nCompiling lib/app.ts...\nDone.\nCache miss for key-5179\nnpm notice: created a lockfile\n\u2713 Task completed in 1725ms\n[12:51:02] DEBUG: Loading configuration\nChecking out develop branch\npip: Downloading lodash-4.11.tar.gz\n\u2713 Step 'build' succeeded\nReady.\nnpm install: resolved 1085 packages\n=== Step e2e_tests completed ===\n=== Step: build ===\nWARNING: express has known vulnerabilities\nCache hit for key-6363\nStep 13/15: Linting\nCache restored successfully (276MB)\nDone.\nPushing to registry...\nFetching from https://docker.io/package.json\nFAILED: test_db_connect\nPushing to registry...\nImage pulled successfully\n[12:51:02] WARN: Deprecated API usage\nnpm install: added 307 packages\nMinifying app.js\nUploading artifact 'build' (48 files)\n[12:51:02] DEBUG: Initializing service\nPulling image: node:latest\nUsing Python 3.11\nSuccess!\n\u2713 All checks passed\n[12:51:02] INFO: Request completed\nReady.\nWARNING: jest has known vulnerabilities\n\u26a0 DEPRECATION: Feature will be removed in v2.0\nBundling vendor.js\nnpm notice: created a lockfile\n[12:51:02] INFO: Request completed\n\u2713 lint completed\nCache restored successfully (394MB)\nEnvironment: development\n[12:51:02] INFO: Starting build process\nStep 9/19: Installing dependencies\n[12:51:02] DEBUG: Memory usage: 1482MB\n\u2713 Step 'install' succeeded\nWARNING: axios has known vulnerabilities\nWaiting...\n[12:51:02] INFO: Starting build process\nArtifact uploaded: build.tar.gz (7MB)\nPulling image: python:3.11\nTransforming 653 files...\nSwitched to branch 'hotfix/task-523'\nStep 9/16: Running migrations\npip: Collecting react\n  PASS: test_user_create (435ms)\nException: RuntimeError\n[12:51:02] INFO: Request completed\nStep 10/15: Running migrations\n[12:51:02] INFO: Connecting to database\n  PASS: unit/test_cache_hit.spec.js\n[12:51:02] DEBUG: Initializing service\nTransforming 873 files...\nCache hit for key-9561\nEnvironment: production\nUploading artifact 'coverage' (37 files)\nBundling styles.css\n[12:51:02] DEBUG: Connection pool: 9 active\nUploading artifact 'coverage' (35 files)\nCache saved successfully\nStep 7/15: Deploying\nCache miss for key-8036\nnpm install: added 66 packages\nVerifying...\nPlatform: linux-x64\n[12:51:02] WARN: Deprecated API usage\n\u26a0 DEPRECATION: Feature will be removed in v3.0\nGenerating source maps...\n[12:51:02] DEBUG: Connection pool: 16 active\nPOST /upload - 201 (87ms)\nCompiling components/main.py...\n[12:51:02] DEBUG: Loading configuration\nnpm install: added 94 packages\nException: RuntimeError\nTest Suites: 44 passed, 8 total\nNODE_ENV=production\n  PASS: test_user_create (291ms)\nCache saved successfully\npip install: Successfully installed lodash-5.14\nUploading artifact 'dist' (37 files)\n\u2713 All checks passed\nCache restored successfully (440MB)\nSwitched to branch 'bugfix/task-637'\nCache restored successfully (289MB)\nLayer 4/12: ENV command\nGET /status - 201 (31ms)\nnpm notice: created a lockfile\n  PASS: e2e/test_api_health.spec.js\nOK\n[12:51:02] DEBUG: Memory usage: 1513MB\nAlready up to date.\nStep 16/23: Running migrations\nCompleted.\nPOST /upload - 200 (388ms)\n[12:51:02] INFO: Request completed\n[12:51:02] INFO: Cache refreshed\nChecking out master branch\nyarn add: Done in 1.25s\nCompiling lib/app.ts...\nLoading...\n[12:51:02] WARN: Deprecated API usage\nFetching submodules...\nAlready up to date.\nReady.\nTransforming 158 files...\nRan 150 tests in 44s\nStep 14/21: Linting\nLoading...\n[12:51:02] WARN: Deprecated API usage\nnpm install: resolved 1581 packages\nCache miss for key-5153\nTest Suites: 19 passed, 31 total\nnpm install: added 389 packages\n[12:51:02] DEBUG: Query executed in 55ms\nHEAD is now at 75db6c4\nTime: 40.806s\nnpm notice: created a lockfile\n[12:51:02] DEBUG: Initializing service\nEnvironment: development\nFetching submodules...\npip: Installing build dependencies...\nReady.\nFAILED: test_api_health\n[12:51:02] DEBUG: Memory usage: 345MB\n[12:51:02] WARN: Deprecated API usage\nLayer 7/12: RUN command\nyarn add: Done in 1.21s\n[12:51:02] INFO: Starting build process\nTest Suites: 41 passed, 28 total\nCoverage: 93% statements, 62% branches\npip: Downloading axios-5.2.tar.gz\nOptimizing 84 modules...\n  PASS: e2e/test_db_connect.spec.js\nConnection established\n[12:51:02] DEBUG: Connection pool: 12 active\n[12:51:02] INFO: Processing request\nCompiling src/utils.go...\nFAILED: test_cache_hit\n\u26a0 DEPRECATION: Feature will be removed in v4.0\n\u2713 lint completed\nWARNING: lodash has known vulnerabilities\nFetching from https://amazonaws.com/package.json\nChecking out main branch\n\u2713 lint completed\nBuilding Docker image...\nAlready up to date.\nWARNING: prettier has known vulnerabilities\n[12:51:02] INFO: Processing request\nStep 1/16: Running migrations\nHEAD is now at e24ff4a\nPushing to registry...\nnpm notice: created a lockfile\n[12:51:02] DEBUG: Memory usage: 1455MB\nCache hit for key-4961\nOptimizing 27 modules...\nCompleted.\nMinifying vendor.js\nCompiling src/index.js...\nEnvironment: staging\nnpm install: added 73 packages\nnpm install: added 353 packages\nCache miss for key-9773\nStep 8/20: Deploying\nStep 4/17: Testing\n[12:51:02] DEBUG: Loading configuration\n\u2713 Step 'setup' succeeded\nEnvironment: test\nCoverage: 83% statements, 66% branches\nGET /status - 200 (94ms)\nCache hit for key-7152\nAlready up to date.\nCompiling components/handler.rs...\nFetching from https://docker.io/package.json\nBundling styles.js\n[12:51:02] INFO: Request completed\nUsing Python 3.10\n[12:51:02] WARN: Deprecated API usage\n[12:51:02] INFO: Processing request\nPlatform: win32-x64\npip: Collecting axios\n\u2717 build failed with exit code 40\nCompiling components/service.java...\n  PASS: test_auth_login (241ms)\nCompiling components/service.java...\nCache miss for key-5256\n[12:51:02] WARN: Deprecated API usage\n  PASS: e2e/test_cache_hit.spec.js\nyarn add: Done in 21.72s\n\u2713 Step 'build' succeeded\n[12:51:02] INFO: Starting build process\nLoading...\nGET /health - 201 (94ms)\nBuilding Docker image...\nSwitched to branch 'feature/task-421'\nWARNING: react has known vulnerabilities\npip install: Successfully installed lodash-4.15\nCompleted.\nWaiting...\n[12:51:02] DEBUG: Query executed in 37ms\n\u2713 Step 'test' succeeded\n[12:51:02] INFO: Cache refreshed\nyarn add: Done in 9.32s\nChecking out master branch\n=== Step build completed ===\n=== Step: checkout ===\nCache hit for key-1798\npip install: Successfully installed lodash-3.16\nStep 5/17: Installing dependencies\npip: Downloading webpack-3.9.tar.gz\n[12:51:02] WARN: Deprecated API usage\nSuccess!\nAlready up to date.\npip: Installing build dependencies...\n[12:51:02] DEBUG: Query executed in 11ms\nSuccess!\nDone.\nnpm notice: package.json updated\n[12:51:02] INFO: Connecting to database\nProcessing...\n[12:51:02] DEBUG: Query executed in 92ms\nProcessing...\nNODE_ENV=production\n  PASS: test_api_health (373ms)\nSwitched to branch 'feature/task-644'\nStep 12/20: Linting\n\u2713 Step 'checkout' succeeded\nnpm notice: package.json updated\nCompiling src/utils.go...\nTransforming 648 files...\nnpm install: resolved 1129 packages\npip: Downloading jest-2.10.tar.gz\nTransforming 754 files...\nCompiling src/main.py...\nGET /api - 200 (45ms)\nOptimizing 56 modules...\n\u2713 All checks passed\n[12:51:02] INFO: Processing request\nTests: 85 passed, 440 total\nRan 69 tests in 38s\n[12:51:02] INFO: Starting build process\n[12:51:02] INFO: Processing request\n\u2713 All checks passed\n[12:51:02] INFO: Starting build process\n\u2717 build failed with exit code 84\nFinished.\nFetching submodules...\n\u2713 lint completed\nCache miss for key-1368\nSnapshots: 47 passed, 8 total\n\u26a0 DEPRECATION: Feature will be removed in v5.0\nOK\n\u26a0 DEPRECATION: Feature will be removed in v2.0\nCoverage: 87% statements, 94% branches\nCache hit for key-7227\n[12:51:02] DEBUG: Memory usage: 1690MB\nCompiling utils/handler.rs...\nUploading artifact 'coverage' (15 files)\nSnapshots: 28 passed, 12 total\npip install: Successfully installed prettier-4.7\nSuccess!\nArtifact downloaded: 41MB\nLoading...\nImage pulled successfully\nLoading...\nBundling runtime.js\nGenerating source maps...\nReady.\nStep 1/15: Building\nArtifact uploaded: build.tar.gz (32MB)\nOK\nStep 12/22: Testing\nFinished.\nStep 9/24: Linting\n[12:51:02] DEBUG: Initializing service\nStep 18/17: Running migrations\n[12:51:02] INFO: Processing request\nUsing Python 3.11\nChecking out main branch\n  PASS: unit/test_cache_hit.spec.js\n\u26a0 DEPRECATION: Feature will be removed in v4.0\nStep 20/15: Testing\n\u2713 Task completed in 2389ms\n\u2713 test completed\nWARNING: prettier has known vulnerabilities\nImage pulled successfully\nSwitched to branch 'hotfix/task-772'\nInstalling axios@5.10.3\nCache restored successfully (66MB)\nOptimizing 10 modules...\n[12:51:02] INFO: Request completed\nGenerating source maps...\npip: Downloading jest-3.13.tar.gz\n[12:51:02] INFO: Processing request\nBuilding Docker image...\n[12:51:02] WARN: Deprecated API usage\nSuccess!\nDone.\nTest Suites: 17 passed, 39 total\nTests: 55 passed, 176 total\nPlatform: darwin-arm64\nStep 12/25: Deploying\npip: Collecting jest\npip: Installing build dependencies...\nSuccess!\nCache restored successfully (50MB)\nBundling styles.css\nException: RuntimeError\nTransforming 752 files...\n\u2713 Step 'setup' succeeded\n\u26a0 DEPRECATION: Feature will be removed in v5.0\nStep 6/19: Deploying\npip: Collecting prettier\nSwitched to branch 'feature/task-155'\nCompiling components/main.py...\n  PASS: test_user_create (50ms)\nWARNING: jest has known vulnerabilities\nCache invalidated: dependencies\n[12:51:02] INFO: Processing request\n[12:51:02] DEBUG: Connection pool: 12 active\n\u26a0 DEPRECATION: Feature will be removed in v5.0\nWARNING: axios has known vulnerabilities\nCompiling utils/app.ts...\nTransforming 533 files...\n[12:51:02] DEBUG: Memory usage: 906MB\nArtifact uploaded: dist.zip (41MB)\nProcessing...\nFetching from https://registry.npmjs.org/package.json\n\u26a0 DEPRECATION: Feature will be removed in v4.0\nEnvironment: staging\n[12:51:02] INFO: Cache refreshed\nCreating production build...\nRan 195 tests in 22s\nRan 152 tests in 2s\nHEAD is now at c05d16e\npip: Downloading webpack-1.13.tar.gz\n[12:51:02] ERROR: Connection failed\nOK\nUploading artifact 'coverage' (50 files)\nFAILED: test_cache_hit\nArtifact uploaded: dist.zip (90MB)\n[12:51:02] INFO: Connecting to database\nFetching from https://gcr.io/package.json\n\u2713 Task completed in 1289ms\nStep 3/17: Running migrations\npip install: Successfully installed jest-3.20\nCompiling utils/index.js...\nCache invalidated: node_modules\nnpm install: added 33 packages\nAlready up to date.\nHEAD is now at 2109a43\nnpm notice: created a lockfile\nCache miss for key-4524\nRan 145 tests in 2s\nTime: 108.185s\nArtifact uploaded: dist.zip (1MB)\nnpm install: resolved 1481 packages\nFetching from https://github.com/package.json\nPulling image: python:latest\nCompiling src/utils.go...\nFAILED: test_db_connect\nnpm notice: package.json updated\nStep 11/24: Testing\nFetching from https://pypi.org/package.json\nSwitched to branch 'hotfix/task-720'\nSnapshots: 4 passed, 34 total\n[12:51:02] ERROR: Connection failed\n\u2713 build completed\nLoading...\nStep 1/16: Deploying\nCache invalidated: build\nCoverage: 79% statements, 89% branches\nnpm install: added 463 packages\nStep 10/24: Building\nCreating production build...\nInstalling express@1.7.8\n[12:51:02] DEBUG: Connection pool: 6 active\nCompiling lib/index.js...\nSuccess!\nTests: 457 passed, 162 total\nHEAD is now at 5d6ac20\nUsing Python 3.10\nFAILED: test_api_health\n[12:51:02] INFO: Processing request\nyarn add: Done in 18.5s\nOptimizing 66 modules...\nBuilding Docker image...\nProcessing...\n  PASS: test_user_create (17ms)\nTests: 446 passed, 244 total\n\u2713 deploy completed\nStep 14/21: Installing dependencies\nPushing to registry...\nTLS handshake completed\nStep 18/22: Testing\nCoverage: 79% statements, 72% branches\nRan 139 tests in 45s\nOK\nAlready up to date.\nLoading...\nCompiling src/utils.go...\nMinifying main.js\nStep 10/21: Linting\nMinifying app.js\n[12:51:02] INFO: Request completed\nArtifact uploaded: dist.zip (80MB)\n=== Step checkout completed ===\n=== Step: setup_node ===\nCompiling components/index.js...\nnpm install: added 26 packages\nStep 6/16: Testing\nPOST /upload - 202 (355ms)\nHEAD is now at f46bbc7\nStep 16/21: Testing\n\u2713 test completed\nVerifying...\nImage pulled successfully\nProcessing...\n  PASS: test_user_create (216ms)\nTests: 427 passed, 194 total\nFinished.\nOK\npip: Installing build dependencies...\nWaiting...\nnpm install: resolved 1772 packages\nTime: 92.67s\nCache saved successfully\nTime: 70.391s\n\u2713 Step 'install' succeeded\nWARNING: prettier has known vulnerabilities\n[12:51:02] INFO: Cache refreshed\nTransforming 751 files...\nTLS handshake completed\n[12:51:02] INFO: Request completed\nArtifact uploaded: build.tar.gz (14MB)\n[12:51:02] DEBUG: Loading configuration\n[12:51:02] DEBUG: Memory usage: 538MB\nWARNING: axios has known vulnerabilities\n[12:51:02] INFO: Processing request\nTime: 81.81s\nFinished.\nSnapshots: 23 passed, 17 total\nLoading...\nCreating production build...\nStep 5/20: Building\n\u26a0 DEPRECATION: Feature will be removed in v3.0\nImage pulled successfully\nWaiting...\nArtifact uploaded: build.tar.gz (21MB)\nPulling image: python:latest\nFinished.\nTLS handshake completed\nCache saved successfully\npip install: Successfully installed axios-4.20\npip: Downloading lodash-3.7.tar.gz\nImage pulled successfully\nPOST /upload - 202 (255ms)\nPOST /data - 201 (483ms)\nInstalling webpack@4.14.7\n[12:51:02] DEBUG: Memory usage: 1906MB\nDone.\n  PASS: unit/test_user_create.spec.js\nCompiling src/handler.rs...\nException: ValueError\nDone.\nException: ValueError\nLoading...\nnpm install: resolved 470 packages\nOK\n  PASS: test_auth_login (367ms)\nFinished.\nCache hit for key-6814\nStep 19/20: Building\nCache hit for key-9250\nnpm install: resolved 1733 packages\nnpm install: added 492 packages\n[12:51:02] WARN: Deprecated API usage\nUsing Python 3.12\nUsing Python 3.12\nStep 18/16: Testing\nReady.\nWARNING: eslint has known vulnerabilities\n[12:51:02] WARN: Deprecated API usage\nCache hit for key-9096\nGET /api - 204 (95ms)\nFetching submodules...\nCache saved successfully\nCache miss for key-6890\n[12:51:02] DEBUG: Initializing service\n[12:51:02] DEBUG: Memory usage: 1156MB\n[12:51:02] INFO: Processing request\nWARNING: axios has known vulnerabilities\n\u26a0 DEPRECATION: Feature will be removed in v2.0\nException: TypeError\nCompiling lib/service.java...\npip: Collecting jest\nReady.\nGET /status - 200 (44ms)\nStep 1/25: Linting\npip install: Successfully installed express-2.12\nCache miss for key-7874\nCompiling components/handler.rs...\nyarn add: Done in 11.17s\nStep 6/16: Running migrations\n\u26a0 DEPRECATION: Feature will be removed in v5.0\nTransforming 637 files...\nAlready up to date.\n[12:51:02] INFO: Starting build process\npip: Collecting webpack\n[12:51:02] DEBUG: Query executed in 12ms\nCache restored successfully (75MB)\nyarn add: Done in 6.24s\nArtifact uploaded: build.tar.gz (20MB)\nBundling main.js\n[12:51:02] INFO: Cache refreshed\nStep 1/15: Linting\nReady.\n\u2713 Task completed in 4306ms\n[12:51:02] ERROR: Connection failed\nCache miss for key-2237\nStep 20/16: Running migrations\nyarn add: Done in 3.54s\nGET /health - 204 (51ms)\nStep 9/16: Linting\n[12:51:02] INFO: Processing request\nImage pulled successfully\nCache restored successfully (64MB)\nStep 3/20: Linting\nTLS handshake completed\nSuccess!\nMinifying app.js\n[12:51:02] ERROR: Connection failed\nFAILED: test_api_health\nProcessing...\n  PASS: integration/test_auth_login.spec.js\nWARNING: jest has known vulnerabilities\nMinifying main.js\nCompiling components/service.java...\nnpm install: added 327 packages\n[12:51:02] DEBUG: Connection pool: 19 active\nCompiling src/main.py...\n\u26a0 DEPRECATION: Feature will be removed in v3.0\npip: Downloading axios-3.8.tar.gz\nGET /status - 201 (82ms)\n\u2713 Task completed in 4547ms\nCreating production build...\nCache invalidated: build\n\u2713 All checks passed\nDone.\nStep 19/20: Testing\nTLS handshake completed\nHEAD is now at 1552248\nUsing Node.js 19.8.3\nCompiling lib/service.java...\nnpm notice: created a lockfile\nSnapshots: 46 passed, 31 total\nBundling main.js\npip: Installing build dependencies...\nWaiting...\nCache restored successfully (119MB)\nNODE_ENV=development\n[12:51:02] INFO: Starting build process\n  PASS: integration/test_auth_login.spec.js\nFAILED: test_cache_hit\nCompiling utils/main.py...\nCache invalidated: build\n[12:51:02] WARN: Deprecated API usage\nRan 190 tests in 15s\nOptimizing 27 modules...\nFinished.\nStep 14/18: Building\n[12:51:02] DEBUG: Memory usage: 1207MB\nChecking out main branch\n[12:51:02] DEBUG: Query executed in 85ms\nTransforming 156 files...\n  PASS: unit/test_cache_hit.spec.js\nOptimizing 30 modules...\n\u2713 All checks passed\nMinifying app.js\nHEAD is now at 6d9bf37\nNODE_ENV=test\nTime: 63.23s\nBundling main.js\nHEAD is now at 82d3d38\nnpm notice: package.json updated\nCompleted.\n[12:51:02] INFO: Cache refreshed\nCache invalidated: build\nGenerating source maps...\nArtifact uploaded: dist.zip (73MB)\nFetching submodules...\nProcessing...\nSnapshots: 49 passed, 45 total\nyarn add: Done in 13.3s\nArtifact downloaded: 47MB\n\u26a0 DEPRECATION: Feature will be removed in v3.0\nGET /health - 204 (53ms)\nCompiling utils/app.ts...\n\u2717 build failed with exit code 58\nHEAD is now at af99051\nRan 104 tests in 22s\nCache hit for key-3927\nStep 3/21: Building\n[12:51:02] INFO: Connecting to database\nCache saved successfully\nStep 11/17: Installing dependencies\nCompleted.\nPOST /api - 201 (91ms)\n=== Step setup_node completed ===\n=== Step: save_cache ===\nHEAD is now at fc314ad\n[12:51:02] INFO: Connecting to database\nnpm notice: created a lockfile\nNODE_ENV=test\nSwitched to branch 'bugfix/task-435'\nWARNING: axios has known vulnerabilities\nBundling vendor.js\nLayer 6/13: COPY command\n[12:51:02] DEBUG: Loading configuration\nFetching submodules...\nFetching from https://npmjs.org/package.json\nWARNING: express has known vulnerabilities\n[12:51:02] INFO: Request completed\nGenerating source maps...\nArtifact uploaded: dist.zip (27MB)\n[12:51:02] WARN: Deprecated API usage\nAlready up to date.\nStep 12/16: Installing dependencies\nFinished.\nFetching from https://pypi.org/package.json\nCache invalidated: build\n[12:51:02] WARN: Deprecated API usage\nArtifact uploaded: build.tar.gz (13MB)\nStep 18/19: Installing dependencies\nWARNING: prettier has known vulnerabilities\nGET /api - 201 (52ms)\nCache invalidated: node_modules\nWARNING: prettier has known vulnerabilities\npip install: Successfully installed prettier-5.2\nProcessing...\n\u2713 All checks passed\nReady.\nTransforming 640 files...\nCache invalidated: build\nArtifact uploaded: dist.zip (99MB)\nChecking out master branch\n[12:51:02] INFO: Connecting to database\n[12:51:02] DEBUG: Initializing service\nMinifying main.js\n[12:51:02] INFO: Cache refreshed\nBuilding Docker image...\nCache restored successfully (311MB)\n[12:51:02] ERROR: Connection failed\nTransforming 416 files...\nUsing Python 3.11\nCoverage: 82% statements, 91% branches\nCoverage: 100% statements, 95% branches\nRan 157 tests in 42s\n\u2713 All checks passed\n[12:51:02] DEBUG: Initializing service\nCache miss for key-5370\nAlready up to date.\npip: Collecting eslint\nProcessing...\nOK\nnpm notice: created a lockfile\n[12:51:02] WARN: Deprecated API usage\n  PASS: e2e/test_cache_hit.spec.js\nCreating production build...\n[12:51:02] INFO: Starting build process\nSuccess!\nBundling vendor.js\nnpm notice: package.json updated\nPlatform: linux-x64\n\u26a0 DEPRECATION: Feature will be removed in v4.0\nCompiling src/utils.go...\nStep 16/17: Deploying\nCompiling components/utils.go...\nCoverage: 86% statements, 84% branches\nSnapshots: 8 passed, 41 total\nCache invalidated: node_modules\nUsing Python 3.10\nReady.\n\u26a0 DEPRECATION: Feature will be removed in v2.0\n[12:51:02] WARN: Deprecated API usage\nLoading...\nProcessing...\nCompleted.\nCompleted.\n[12:51:02] INFO: Connecting to database\n[12:51:02] DEBUG: Connection pool: 18 active\nFetching submodules...\nStep 16/20: Linting\nTransforming 303 files...\nTests: 485 passed, 56 total\npip install: Successfully installed express-2.4\nReady.\nFAILED: test_user_create\nEnvironment: test\nnpm notice: created a lockfile\npip install: Successfully installed express-4.1\n\u26a0 DEPRECATION: Feature will be removed in v4.0\n[12:51:02] INFO: Cache refreshed\nWARNING: react has known vulnerabilities\n\u26a0 DEPRECATION: Feature will be removed in v5.0\nStep 1/25: Deploying\nCache miss for key-3061\nLoading...\nSuccess!\nArtifact uploaded: build.tar.gz (48MB)\nCache invalidated: node_modules\n\u2713 lint completed\nFetching from https://pypi.org/package.json\nWARNING: express has known vulnerabilities\nCompiling components/utils.go...\nOptimizing 23 modules...\nSuccess!\nConnection established\nTLS handshake completed\nRan 54 tests in 1s\nGenerating source maps...\nCompiling lib/handler.rs...\n  PASS: test_db_connect (448ms)\n  PASS: integration/test_api_health.spec.js\n[12:51:02] DEBUG: Loading configuration\nBundling main.css\nFAILED: test_db_connect\npip: Downloading webpack-5.12.tar.gz\nnpm install: resolved 997 packages\nStep 20/17: Running migrations\n[12:51:02] WARN: Deprecated API usage\nFetching submodules...\nWARNING: lodash has known vulnerabilities\nStep 2/24: Testing\nNODE_ENV=development\nVerifying...\nArtifact uploaded: build.tar.gz (15MB)\nLayer 9/11: COPY command\nCache saved successfully\nnpm install: resolved 282 packages\nStep 5/16: Running migrations\nGET /api - 204 (73ms)\nArtifact uploaded: build.tar.gz (44MB)\nDone.\nStep 11/16: Running migrations\n\u26a0 DEPRECATION: Feature will be removed in v3.0\nGET /health - 204 (53ms)\nyarn add: Done in 4.89s\n[12:51:02] INFO: Cache refreshed\nEnvironment: production\npip: Downloading jest-1.8.tar.gz\n[12:51:02] WARN: Deprecated API usage\n\u2713 All checks passed\nCompiling components/index.js...\nUsing Python 3.12\nUploading artifact 'build' (10 files)\npip: Installing build dependencies...\n[12:51:02] INFO: Request completed\npip install: Successfully installed axios-4.7\nUsing Node.js 14.1.2\nPushing to registry...\nWARNING: prettier has known vulnerabilities\n\u2713 All checks passed\nUploading artifact 'coverage' (35 files)\nOptimizing 76 modules...\n[12:51:02] DEBUG: Connection pool: 6 active\nDone.\nStep 2/17: Running migrations\nNODE_ENV=test\nnpm install: added 107 packages\nStep 7/15: Testing\n[12:51:02] ERROR: Connection failed\nCreating production build...\npip: Installing build dependencies...\n[12:51:02] INFO: Connecting to database\nGET /api - 201 (62ms)\nUploading artifact 'coverage' (3 files)\nCache miss for key-6591\nPulling image: python:18\nVerifying...\nLoading...\nGenerating source maps...\n[12:51:02] DEBUG: Query executed in 13ms\nPulling image: alpine:latest\n[12:51:02] WARN: Deprecated API usage\nStep 16/18: Deploying\nOK\nCache hit for key-8252\nCreating production build...\nTime: 99.7s\n[12:51:02] INFO: Processing request\nCreating production build...\nStep 9/19: Linting\nMinifying vendor.js\n[12:51:02] WARN: Deprecated API usage\nSwitched to branch 'hotfix/task-257'\nArtifact uploaded: dist.zip (74MB)\nProcessing...\nGET /status - 201 (64ms)\n[12:51:02] DEBUG: Initializing service\nSwitched to branch 'feature/task-717'\nFinished.\n[12:51:02] INFO: Starting build process\nPOST /api - 201 (333ms)\nArtifact uploaded: build.tar.gz (21MB)\nConnection established\nNODE_ENV=test\nCache saved successfully\n[12:51:02] DEBUG: Loading configuration\nArtifact uploaded: dist.zip (70MB)\n=== Step save_cache completed ===\n=== Step: deploy_staging ===\nWARNING: axios has known vulnerabilities\nSwitched to branch 'hotfix/task-258'\nTime: 7.230s\nArtifact downloaded: 11MB\nFetching submodules...\nStep 20/24: Installing dependencies\nNODE_ENV=test\nCompleted.\n[12:51:02] DEBUG: Loading configuration\nyarn add: Done in 25.41s\nCache hit for key-3015\nBuilding Docker image...\nChecking out main branch\nCache invalidated: dependencies\nyarn add: Done in 21.47s\n[12:51:02] WARN: Deprecated API usage\nFetching submodules...\npip install: Successfully installed axios-1.12\n[12:51:02] ERROR: Connection failed\nGenerating source maps...\nPOST /data - 202 (73ms)\nPOST /data - 202 (150ms)\n\u2713 All checks passed\nPlatform: win32-x64\nOptimizing 90 modules...\nOptimizing 41 modules...\n[12:51:02] DEBUG: Memory usage: 1110MB\nStep 14/24: Installing dependencies\n\u2713 Step 'build' succeeded\nMinifying vendor.js\nUsing Python 3.10\nWaiting...\nTransforming 109 files...\n[12:51:02] INFO: Request completed\nStep 15/24: Building\nAlready up to date.\nEnvironment: development\nStep 2/19: Running migrations\nRan 81 tests in 18s\nTest Suites: 24 passed, 26 total\nPushing to registry...\nCache saved successfully\nCache miss for key-7754\nUploading artifact 'build' (12 files)\n[12:51:02] ERROR: Connection failed\npip: Installing build dependencies...\nCompleted.\nCache invalidated: node_modules\nSuccess!\n[12:51:02] INFO: Starting build process\nAlready up to date.\nSnapshots: 32 passed, 25 total\nGenerating source maps...\nFinished.\n\u2713 All checks passed\nTLS handshake completed\nnpm install: added 320 packages\nCompiling utils/handler.rs...\nUploading artifact 'dist' (50 files)\nChecking out master branch\nnpm notice: package.json updated\nFetching from https://github.com/package.json\n\u26a0 DEPRECATION: Feature will be removed in v5.0\nCompiling utils/main.py...\nOK\nAlready up to date.\nyarn add: Done in 18.91s\nCache saved successfully\n\u2713 Step 'build' succeeded\nArtifact uploaded: build.tar.gz (31MB)\nTest Suites: 44 passed, 47 total\nArtifact uploaded: dist.zip (47MB)\nConnection established\nBundling styles.js\nArtifact downloaded: 28MB\nGET /health - 200 (82ms)\nCoverage: 89% statements, 80% branches\nTransforming 697 files...\nStep 7/23: Deploying\n[12:51:02] DEBUG: Query executed in 2ms\nTests: 74 passed, 457 total\nChecking out main branch\nStep 5/16: Testing\npip: Collecting jest\nPulling image: python:18\nConnection established\nnpm install: added 46 packages\nStep 7/22: Running migrations\nnpm install: resolved 1171 packages\n\u26a0 DEPRECATION: Feature will be removed in v3.0\nOK\nInstalling axios@4.4.10\nStep 15/23: Deploying\nGET /api - 201 (72ms)\nConnection established\nPushing to registry...\nStep 13/19: Linting\nStep 3/25: Deploying\nSwitched to branch 'feature/task-696'\nDone.\nRan 13 tests in 41s\nFetching submodules...\nConnection established\nSnapshots: 8 passed, 41 total\nArtifact uploaded: build.tar.gz (25MB)\nHEAD is now at f9fff49\nPushing to registry...\nWARNING: webpack has known vulnerabilities\nSwitched to branch 'bugfix/task-143'\nnpm notice: package.json updated\n\u26a0 DEPRECATION: Feature will be removed in v5.0\nCache invalidated: node_modules\n\u2713 Step 'test' succeeded\nInstalling jest@4.9.1\nEnvironment: test\nLayer 8/9: COPY command\nInstalling jest@3.20.7\n\u2717 build failed with exit code 86\nCompiling lib/app.ts...\nWARNING: webpack has known vulnerabilities\n  PASS: e2e/test_user_create.spec.js\nStep 2/15: Installing dependencies\nBuilding Docker image...\nProcessing...\nCache hit for key-2590\nCreating production build...\nStep 5/23: Linting\n\u2713 All checks passed\n[12:51:02] INFO: Cache refreshed\nArtifact downloaded: 31MB\nVerifying...\nReady.\nTests: 227 passed, 294 total\nSwitched to branch 'hotfix/task-808'\n\u2713 Task completed in 4688ms\nCompiling src/app.ts...\nPulling image: node:3.11\nFetching submodules...\nStep 15/15: Deploying\nCache hit for key-9574\nFinished.\nStep 16/21: Building\nStep 5/16: Installing dependencies\nUploading artifact 'build' (38 files)\n[12:51:02] INFO: Cache refreshed\n\u2713 build completed\nGenerating source maps...\nSwitched to branch 'bugfix/task-665'\nMinifying vendor.js\nCompiling utils/service.java...\n[12:51:02] DEBUG: Initializing service\n[12:51:02] INFO: Connecting to database\n[12:51:02] DEBUG: Initializing service\nArtifact downloaded: 49MB\n[12:51:02] INFO: Starting build process\nSnapshots: 48 passed, 1 total\n[12:51:02] DEBUG: Initializing service\nChecking out master branch\nInstalling express@3.19.10\n[12:51:02] WARN: Deprecated API usage\nOK\nSuccess!\nCompleted.\nGenerating source maps...\npip: Downloading react-2.6.tar.gz\nGET /health - 204 (43ms)\nSuccess!\n[12:51:02] INFO: Connecting to database\nPlatform: win32-x64\nRan 82 tests in 17s\nPlatform: darwin-arm64\nWARNING: eslint has known vulnerabilities\nTransforming 220 files...\nCoverage: 74% statements, 81% branches\nImage pulled successfully\n[12:51:02] DEBUG: Connection pool: 18 active\nUsing Python 3.12\npip: Downloading prettier-3.18.tar.gz\nGET /status - 200 (41ms)\n[12:51:02] DEBUG: Loading configuration\nCache hit for key-2930\n\u2713 Task completed in 1143ms\nCache restored successfully (13MB)\n[12:51:02] DEBUG: Query executed in 58ms\n[12:51:02] DEBUG: Memory usage: 1738MB\nInstalling express@1.1.4\nCoverage: 100% statements, 81% branches\nException: ValueError\n[12:51:02] DEBUG: Connection pool: 20 active\nUploading artifact 'dist' (43 files)\nStep 13/21: Testing\nCompiling utils/app.ts...\nPushing to registry...\nOK\n[12:51:02] DEBUG: Query executed in 29ms\n[12:51:02] INFO: Request completed\nOptimizing 63 modules...\npip: Collecting express\n\u2713 Step 'build' succeeded\nCoverage: 91% statements, 85% branches\n=== Step deploy_staging completed ===",
    "steps": [
      {
        "name": "install_dependencies",
        "status": "success",
        "started_at": "2025-11-23T12:51:02.370186",
        "finished_at": "2025-11-23T12:51:46.308406",
        "log_lines": [
          "=== Step: install_dependencies ===",
          "[12:51:02] WARN: Deprecated API usage",
          "[12:51:02] INFO: Connecting to database",
          "Ran 115 tests in 53s",
          "Layer 8/11: RUN command",
          "Cache restored successfully (33MB)",
          "[12:51:02] DEBUG: Query executed in 85ms",
          "Step 20/17: Linting",
          "Cache miss for key-3662",
          "Completed.",
          "Step 1/20: Building",
          "\u2713 All checks passed",
          "Switched to branch 'hotfix/task-178'",
          "Loading...",
          "Success!",
          "Step 14/18: Running migrations",
          "Already up to date.",
          "Platform: darwin-arm64",
          "yarn add: Done in 10.94s",
          "Snapshots: 21 passed, 38 total",
          "\u2713 All checks passed",
          "Bundling styles.js",
          "[12:51:02] WARN: Deprecated API usage",
          "  PASS: integration/test_cache_hit.spec.js",
          "Using Python 3.11",
          "Success!",
          "pip: Installing build dependencies...",
          "Coverage: 80% statements, 68% branches",
          "Processing...",
          "Platform: win32-x64",
          "[12:51:02] DEBUG: Query executed in 1ms",
          "Artifact uploaded: dist.zip (30MB)",
          "Success!",
          "\u2713 Step 'build' succeeded",
          "Optimizing 99 modules...",
          "npm notice: package.json updated",
          "Snapshots: 32 passed, 15 total",
          "Coverage: 78% statements, 75% branches",
          "Artifact uploaded: build.tar.gz (9MB)",
          "pip: Collecting react",
          "Loading...",
          "Loading...",
          "\u2713 Task completed in 3410ms",
          "Creating production build...",
          "Waiting...",
          "Platform: linux-x64",
          "Image pulled successfully",
          "Optimizing 71 modules...",
          "Step 6/23: Running migrations",
          "\u26a0 DEPRECATION: Feature will be removed in v4.0",
          "[12:51:02] WARN: Deprecated API usage",
          "GET /status - 200 (23ms)",
          "[12:51:02] ERROR: Connection failed",
          "[12:51:02] DEBUG: Initializing service",
          "[12:51:02] INFO: Starting build process",
          "Tests: 74 passed, 53 total",
          "Done.",
          "WARNING: prettier has known vulnerabilities",
          "Cache invalidated: build",
          "Layer 5/12: RUN command",
          "Snapshots: 32 passed, 41 total",
          "Environment: development",
          "Artifact uploaded: dist.zip (7MB)",
          "Verifying...",
          "Cache saved successfully",
          "\u2713 Step 'test' succeeded",
          "[12:51:02] INFO: Cache refreshed",
          "Success!",
          "Platform: darwin-arm64",
          "Optimizing 26 modules...",
          "Connection established",
          "Platform: linux-x64",
          "yarn add: Done in 9.87s",
          "Step 8/22: Linting",
          "npm notice: package.json updated",
          "Step 20/16: Linting",
          "WARNING: webpack has known vulnerabilities",
          "\u2713 Task completed in 1196ms",
          "Building Docker image...",
          "Verifying...",
          "Generating source maps...",
          "WARNING: prettier has known vulnerabilities",
          "Coverage: 80% statements, 85% branches",
          "Coverage: 90% statements, 100% branches",
          "Cache saved successfully",
          "Pushing to registry...",
          "Connection established",
          "pip install: Successfully installed express-3.9",
          "[12:51:02] DEBUG: Query executed in 41ms",
          "Pushing to registry...",
          "Creating production build...",
          "yarn add: Done in 1.17s",
          "Using Node.js 14.15.4",
          "Transforming 413 files...",
          "[12:51:02] INFO: Request completed",
          "Uploading artifact 'coverage' (48 files)",
          "Checking out master branch",
          "Time: 101.657s",
          "Ran 61 tests in 7s",
          "pip: Downloading express-2.19.tar.gz",
          "pip: Downloading jest-4.4.tar.gz",
          "[12:51:02] INFO: Request completed",
          "pip install: Successfully installed react-2.2",
          "[12:51:02] WARN: Deprecated API usage",
          "Artifact uploaded: dist.zip (60MB)",
          "WARNING: jest has known vulnerabilities",
          "Cache invalidated: node_modules",
          "Environment: test",
          "Already up to date.",
          "Cache miss for key-8939",
          "Connection established",
          "Cache saved successfully",
          "Time: 90.464s",
          "Coverage: 98% statements, 61% branches",
          "WARNING: lodash has known vulnerabilities",
          "Step 19/18: Running migrations",
          "[12:51:02] DEBUG: Connection pool: 15 active",
          "Generating source maps...",
          "Connection established",
          "Step 4/15: Testing",
          "[12:51:02] INFO: Cache refreshed",
          "Tests: 158 passed, 484 total",
          "npm install: added 348 packages",
          "Minifying main.js",
          "Environment: staging",
          "Fetching from https://npmjs.org/package.json",
          "Fetching from https://docker.io/package.json",
          "Time: 77.574s",
          "[12:51:02] INFO: Request completed",
          "Waiting...",
          "Checking out master branch",
          "Completed.",
          "Compiling utils/app.ts...",
          "Pulling image: python:latest",
          "Minifying main.js",
          "Switched to branch 'bugfix/task-997'",
          "Fetching submodules...",
          "Finished.",
          "Step 1/16: Linting",
          "[12:51:02] INFO: Cache refreshed",
          "Cache miss for key-3142",
          "Step 9/19: Deploying",
          "Generating source maps...",
          "Ran 146 tests in 23s",
          "Installing react@2.9.7",
          "Time: 46.861s",
          "yarn add: Done in 26.64s",
          "Ran 169 tests in 8s",
          "npm notice: created a lockfile",
          "npm install: added 420 packages",
          "Artifact downloaded: 40MB",
          "pip: Installing build dependencies...",
          "[12:51:02] INFO: Connecting to database",
          "npm notice: created a lockfile",
          "Switched to branch 'hotfix/task-850'",
          "[12:51:02] INFO: Cache refreshed",
          "Step 10/21: Deploying",
          "FAILED: test_db_connect",
          "Fetching from https://gcr.io/package.json",
          "Step 1/21: Linting",
          "Using Node.js 20.10.8",
          "Already up to date.",
          "yarn add: Done in 16.7s",
          "WARNING: lodash has known vulnerabilities",
          "Compiling utils/handler.rs...",
          "yarn add: Done in 9.0s",
          "Snapshots: 45 passed, 0 total",
          "FAILED: test_api_health",
          "Switched to branch 'hotfix/task-818'",
          "Verifying...",
          "Compiling components/service.java...",
          "Creating production build...",
          "Finished.",
          "yarn add: Done in 25.74s",
          "Platform: win32-x64",
          "[12:51:02] INFO: Starting build process",
          "Installing eslint@3.2.0",
          "Cache saved successfully",
          "Waiting...",
          "FAILED: test_auth_login",
          "GET /health - 204 (99ms)",
          "Pulling image: node:18",
          "npm install: added 371 packages",
          "Optimizing 30 modules...",
          "Layer 2/13: COPY command",
          "Cache miss for key-2236",
          "Optimizing 26 modules...",
          "Fetching submodules...",
          "Step 16/18: Deploying",
          "Layer 1/14: COPY command",
          "Tests: 307 passed, 83 total",
          "Step 7/19: Deploying",
          "Fetching submodules...",
          "TLS handshake completed",
          "Cache hit for key-5985",
          "pip: Collecting webpack",
          "Cache invalidated: node_modules",
          "\u26a0 DEPRECATION: Feature will be removed in v4.0",
          "Finished.",
          "npm notice: package.json updated",
          "[12:51:02] INFO: Request completed",
          "=== Step install_dependencies completed ==="
        ]
      },
      {
        "name": "integration_tests",
        "status": "success",
        "started_at": "2025-11-23T12:51:46.308406",
        "finished_at": "2025-11-23T12:52:15.600553",
        "log_lines": [
          "=== Step: integration_tests ===",
          "Generating source maps...",
          "Tests: 235 passed, 313 total",
          "pip: Downloading lodash-2.7.tar.gz",
          "Layer 8/14: ENV command",
          "Coverage: 94% statements, 99% branches",
          "Step 13/23: Deploying",
          "Fetching from https://pypi.org/package.json",
          "Minifying app.js",
          "\u2713 Task completed in 2342ms",
          "Coverage: 87% statements, 84% branches",
          "Loading...",
          "Cache restored successfully (289MB)",
          "\u26a0 DEPRECATION: Feature will be removed in v5.0",
          "Cache hit for key-6843",
          "Artifact uploaded: dist.zip (37MB)",
          "Installing lodash@5.14.6",
          "Ready.",
          "Transforming 691 files...",
          "[12:51:02] WARN: Deprecated API usage",
          "Coverage: 95% statements, 69% branches",
          "Fetching from https://registry.npmjs.org/package.json",
          "npm install: added 13 packages",
          "Ran 91 tests in 59s",
          "Time: 96.49s",
          "pip: Downloading axios-1.16.tar.gz",
          "pip: Collecting express",
          "FAILED: test_db_connect",
          "pip: Collecting react",
          "  PASS: e2e/test_user_create.spec.js",
          "npm install: added 118 packages",
          "yarn add: Done in 28.27s",
          "Pushing to registry...",
          "Connection established",
          "Compiling utils/service.java...",
          "Cache hit for key-7888",
          "WARNING: axios has known vulnerabilities",
          "Ready.",
          "[12:51:02] DEBUG: Initializing service",
          "Coverage: 100% statements, 96% branches",
          "Verifying...",
          "Cache restored successfully (432MB)",
          "[12:51:02] WARN: Deprecated API usage",
          "TLS handshake completed",
          "[12:51:02] DEBUG: Connection pool: 4 active",
          "Compiling lib/service.java...",
          "[12:51:02] DEBUG: Initializing service",
          "pip install: Successfully installed jest-1.7",
          "Platform: darwin-arm64",
          "Compiling lib/app.ts...",
          "[12:51:02] INFO: Starting build process",
          "Creating production build...",
          "Uploading artifact 'dist' (20 files)",
          "Finished.",
          "Cache invalidated: build",
          "Pushing to registry...",
          "Checking out main branch",
          "npm notice: created a lockfile",
          "Compiling components/index.js...",
          "TLS handshake completed",
          "Switched to branch 'feature/task-424'",
          "[12:51:02] ERROR: Connection failed",
          "Cache invalidated: dependencies",
          "Snapshots: 38 passed, 7 total",
          "Optimizing 79 modules...",
          "[12:51:02] INFO: Request completed",
          "Switched to branch 'hotfix/task-793'",
          "[12:51:02] WARN: Deprecated API usage",
          "Platform: linux-x64",
          "Checking out main branch",
          "[12:51:02] WARN: Deprecated API usage",
          "yarn add: Done in 13.93s",
          "Coverage: 88% statements, 73% branches",
          "Environment: staging",
          "WARNING: webpack has known vulnerabilities",
          "Fetching from https://pypi.org/package.json",
          "Artifact uploaded: dist.zip (91MB)",
          "[12:51:02] WARN: Deprecated API usage",
          "GET /health - 200 (76ms)",
          "Cache restored successfully (306MB)",
          "Done.",
          "\u26a0 DEPRECATION: Feature will be removed in v4.0",
          "Installing react@1.2.10",
          "Bundling vendor.css",
          "Using Python 3.9",
          "Artifact uploaded: dist.zip (59MB)",
          "Finished.",
          "Checking out master branch",
          "Building Docker image...",
          "Waiting...",
          "NODE_ENV=production",
          "Installing jest@2.7.10",
          "Compiling utils/service.java...",
          "[12:51:02] ERROR: Connection failed",
          "npm notice: created a lockfile",
          "[12:51:02] WARN: Deprecated API usage",
          "\u2713 test completed",
          "Verifying...",
          "Uploading artifact 'build' (31 files)",
          "Already up to date.",
          "  PASS: test_auth_login (268ms)",
          "Step 8/25: Installing dependencies",
          "NODE_ENV=development",
          "Finished.",
          "Artifact uploaded: build.tar.gz (4MB)",
          "Fetching from https://gcr.io/package.json",
          "Verifying...",
          "Using Node.js 17.0.10",
          "[12:51:02] INFO: Connecting to database",
          "Environment: staging",
          "Optimizing 83 modules...",
          "\u2713 Task completed in 1364ms",
          "Fetching submodules...",
          "Compiling src/main.py...",
          "Finished.",
          "Completed.",
          "Environment: production",
          "Artifact uploaded: dist.zip (69MB)",
          "[12:51:02] DEBUG: Query executed in 54ms",
          "Fetching submodules...",
          "POST /upload - 201 (61ms)",
          "Using Node.js 17.9.9",
          "Test Suites: 15 passed, 47 total",
          "OK",
          "Step 13/18: Deploying",
          "Transforming 651 files...",
          "[12:51:02] WARN: Deprecated API usage",
          "Step 3/25: Installing dependencies",
          "Finished.",
          "[12:51:02] INFO: Request completed",
          "Creating production build...",
          "Step 18/19: Testing",
          "Image pulled successfully",
          "npm notice: created a lockfile",
          "\u2713 Step 'setup' succeeded",
          "Artifact downloaded: 16MB",
          "npm notice: created a lockfile",
          "FAILED: test_user_create",
          "Test Suites: 45 passed, 10 total",
          "Completed.",
          "TLS handshake completed",
          "pip: Downloading express-5.20.tar.gz",
          "Artifact uploaded: build.tar.gz (9MB)",
          "Test Suites: 22 passed, 39 total",
          "  PASS: test_db_connect (127ms)",
          "  PASS: integration/test_user_create.spec.js",
          "Compiling src/handler.rs...",
          "Artifact uploaded: dist.zip (24MB)",
          "[12:51:02] INFO: Processing request",
          "Connection established",
          "WARNING: webpack has known vulnerabilities",
          "Finished.",
          "Ready.",
          "pip: Collecting webpack",
          "Bundling styles.css",
          "WARNING: webpack has known vulnerabilities",
          "Success!",
          "[12:51:02] DEBUG: Initializing service",
          "Already up to date.",
          "Done.",
          "pip: Downloading react-4.8.tar.gz",
          "[12:51:02] INFO: Processing request",
          "Tests: 106 passed, 294 total",
          "Uploading artifact 'build' (24 files)",
          "Test Suites: 23 passed, 7 total",
          "Step 16/19: Running migrations",
          "pip: Downloading jest-2.0.tar.gz",
          "Processing...",
          "TLS handshake completed",
          "OK",
          "[12:51:02] WARN: Deprecated API usage",
          "Optimizing 49 modules...",
          "Step 19/23: Installing dependencies",
          "Artifact uploaded: build.tar.gz (45MB)",
          "[12:51:02] ERROR: Connection failed",
          "\u2713 Task completed in 3840ms",
          "Platform: linux-x64",
          "  PASS: unit/test_db_connect.spec.js",
          "Step 19/20: Building",
          "Pulling image: node:18",
          "POST /api - 200 (178ms)",
          "[12:51:02] INFO: Cache refreshed",
          "Artifact uploaded: dist.zip (81MB)",
          "  PASS: e2e/test_cache_hit.spec.js",
          "[12:51:02] INFO: Cache refreshed",
          "Artifact downloaded: 21MB",
          "[12:51:02] DEBUG: Connection pool: 3 active",
          "\u2713 Step 'build' succeeded",
          "\u2713 validate completed",
          "HEAD is now at e4053cd",
          "Waiting...",
          "pip: Downloading eslint-5.18.tar.gz",
          "Processing...",
          "Step 5/24: Linting",
          "Processing...",
          "Test Suites: 9 passed, 14 total",
          "[12:51:02] INFO: Cache refreshed",
          "npm install: added 303 packages",
          "Fetching from https://amazonaws.com/package.json",
          "[12:51:02] INFO: Processing request",
          "Fetching from https://amazonaws.com/package.json",
          "=== Step integration_tests completed ==="
        ]
      },
      {
        "name": "upload_artifacts",
        "status": "success",
        "started_at": "2025-11-23T12:52:15.600553",
        "finished_at": "2025-11-23T12:52:30.246626",
        "log_lines": [
          "=== Step: upload_artifacts ===",
          "Test Suites: 30 passed, 43 total",
          "GET /api - 200 (73ms)",
          "[12:51:02] ERROR: Connection failed",
          "npm notice: package.json updated",
          "pip: Installing build dependencies...",
          "Step 18/21: Testing",
          "Transforming 329 files...",
          "npm install: resolved 1967 packages",
          "Ready.",
          "npm notice: created a lockfile",
          "pip: Downloading express-3.5.tar.gz",
          "Using Python 3.11",
          "pip install: Successfully installed prettier-2.13",
          "[12:51:02] INFO: Starting build process",
          "Transforming 259 files...",
          "Done.",
          "Step 17/15: Deploying",
          "Installing jest@2.17.6",
          "Image pulled successfully",
          "[12:51:02] DEBUG: Loading configuration",
          "[12:51:02] DEBUG: Memory usage: 696MB",
          "Step 7/17: Deploying",
          "Using Node.js 19.13.10",
          "[12:51:02] INFO: Connecting to database",
          "Step 4/22: Linting",
          "Step 13/19: Testing",
          "[12:51:02] INFO: Connecting to database",
          "Step 5/18: Installing dependencies",
          "Done.",
          "pip: Collecting eslint",
          "Artifact downloaded: 41MB",
          "npm install: resolved 137 packages",
          "Building Docker image...",
          "[12:51:02] WARN: Deprecated API usage",
          "Pulling image: alpine:18",
          "Success!",
          "Minifying vendor.js",
          "[12:51:02] INFO: Connecting to database",
          "Step 11/15: Running migrations",
          "Layer 3/9: ENV command",
          "Tests: 175 passed, 339 total",
          "Waiting...",
          "\u2713 All checks passed",
          "Tests: 108 passed, 375 total",
          "Checking out main branch",
          "Platform: linux-x64",
          "WARNING: jest has known vulnerabilities",
          "yarn add: Done in 4.10s",
          "Compiling utils/handler.rs...",
          "Already up to date.",
          "[12:51:02] WARN: Deprecated API usage",
          "[12:51:02] WARN: Deprecated API usage",
          "Transforming 359 files...",
          "Layer 2/12: RUN command",
          "Step 18/18: Running migrations",
          "npm notice: created a lockfile",
          "Waiting...",
          "[12:51:02] DEBUG: Connection pool: 13 active",
          "Platform: darwin-arm64",
          "POST /api - 200 (344ms)",
          "Time: 21.723s",
          "Connection established",
          "Ran 176 tests in 24s",
          "Using Python 3.10",
          "Platform: win32-x64",
          "Step 7/25: Testing",
          "POST /api - 202 (453ms)",
          "Step 4/25: Deploying",
          "POST /data - 200 (362ms)",
          "Creating production build...",
          "Compiling src/main.py...",
          "Finished.",
          "Using Python 3.11",
          "  PASS: test_user_create (404ms)",
          "Artifact downloaded: 4MB",
          "yarn add: Done in 27.73s",
          "[12:51:02] INFO: Processing request",
          "[12:51:02] DEBUG: Initializing service",
          "Installing eslint@2.8.3",
          "[12:51:02] INFO: Starting build process",
          "Artifact downloaded: 14MB",
          "HEAD is now at 9a73e05",
          "Artifact uploaded: dist.zip (72MB)",
          "Verifying...",
          "Step 3/23: Building",
          "Checking out develop branch",
          "Artifact uploaded: dist.zip (30MB)",
          "Minifying app.js",
          "Waiting...",
          "[12:51:02] INFO: Cache refreshed",
          "\u26a0 DEPRECATION: Feature will be removed in v3.0",
          "Artifact uploaded: build.tar.gz (31MB)",
          "Compiling utils/handler.rs...",
          "[12:51:02] DEBUG: Connection pool: 15 active",
          "Optimizing 90 modules...",
          "Bundling styles.js",
          "npm install: added 310 packages",
          "Verifying...",
          "Using Node.js 14.14.10",
          "Snapshots: 11 passed, 13 total",
          "Ran 196 tests in 36s",
          "Environment: test",
          "NODE_ENV=development",
          "Creating production build...",
          "Artifact downloaded: 22MB",
          "Cache miss for key-6455",
          "[12:51:02] INFO: Connecting to database",
          "Layer 9/15: ENV command",
          "Layer 10/11: COPY command",
          "Artifact uploaded: build.tar.gz (39MB)",
          "Already up to date.",
          "pip: Installing build dependencies...",
          "Exception: NullPointerException",
          "Platform: darwin-arm64",
          "Fetching from https://github.com/package.json",
          "Exception: ValueError",
          "[12:51:02] INFO: Request completed",
          "[12:51:02] DEBUG: Connection pool: 16 active",
          "Bundling vendor.css",
          "Step 3/15: Linting",
          "[12:51:02] INFO: Request completed",
          "Building Docker image...",
          "Transforming 490 files...",
          "Using Node.js 14.3.4",
          "[12:51:02] INFO: Starting build process",
          "Test Suites: 39 passed, 11 total",
          "Done.",
          "npm notice: package.json updated",
          "[12:51:02] INFO: Processing request",
          "[12:51:02] DEBUG: Memory usage: 1446MB",
          "Already up to date.",
          "\u2713 test completed",
          "[12:51:02] INFO: Connecting to database",
          "Platform: win32-x64",
          "Loading...",
          "NODE_ENV=development",
          "  PASS: integration/test_cache_hit.spec.js",
          "Waiting...",
          "OK",
          "\u2713 Task completed in 1803ms",
          "\u26a0 DEPRECATION: Feature will be removed in v4.0",
          "Tests: 130 passed, 467 total",
          "npm notice: package.json updated",
          "Compiling components/main.py...",
          "[12:51:02] INFO: Connecting to database",
          "[12:51:02] INFO: Processing request",
          "Switched to branch 'hotfix/task-979'",
          "[12:51:02] WARN: Deprecated API usage",
          "Compiling utils/handler.rs...",
          "Cache miss for key-8897",
          "Compiling lib/main.py...",
          "Using Python 3.12",
          "Cache hit for key-8241",
          "\u2713 package completed",
          "Processing...",
          "Cache restored successfully (392MB)",
          "Verifying...",
          "\u26a0 DEPRECATION: Feature will be removed in v5.0",
          "[12:51:02] DEBUG: Query executed in 48ms",
          "npm install: added 32 packages",
          "Generating source maps...",
          "GET /status - 200 (44ms)",
          "Coverage: 78% statements, 85% branches",
          "Loading...",
          "Processing...",
          "[12:51:02] WARN: Deprecated API usage",
          "Platform: win32-x64",
          "Building Docker image...",
          "\u2713 Step 'install' succeeded",
          "WARNING: axios has known vulnerabilities",
          "Processing...",
          "\u2713 Task completed in 1131ms",
          "Done.",
          "Cache saved successfully",
          "Artifact uploaded: build.tar.gz (29MB)",
          "Compiling src/main.py...",
          "Done.",
          "Step 19/19: Installing dependencies",
          "[12:51:02] INFO: Starting build process",
          "Verifying...",
          "[12:51:02] INFO: Cache refreshed",
          "OK",
          "  PASS: unit/test_api_health.spec.js",
          "GET /api - 204 (30ms)",
          "[12:51:02] WARN: Deprecated API usage",
          "Optimizing 48 modules...",
          "Ready.",
          "Waiting...",
          "WARNING: jest has known vulnerabilities",
          "WARNING: prettier has known vulnerabilities",
          "Cache restored successfully (296MB)",
          "  PASS: unit/test_user_create.spec.js",
          "Cache saved successfully",
          "Compiling lib/service.java...",
          "\u26a0 DEPRECATION: Feature will be removed in v3.0",
          "Cache miss for key-8942",
          "[12:51:02] INFO: Request completed",
          "Pulling image: alpine:latest",
          "[12:51:02] DEBUG: Memory usage: 1808MB",
          "[12:51:02] DEBUG: Loading configuration",
          "=== Step upload_artifacts completed ==="
        ]
      },
      {
        "name": "restore_cache",
        "status": "success",
        "started_at": "2025-11-23T12:52:30.246626",
        "finished_at": "2025-11-23T12:52:39.034270",
        "log_lines": [
          "=== Step: restore_cache ===",
          "pip: Downloading webpack-4.16.tar.gz",
          "Compiling components/utils.go...",
          "Compiling components/handler.rs...",
          "\u26a0 DEPRECATION: Feature will be removed in v2.0",
          "Uploading artifact 'build' (24 files)",
          "Cache miss for key-3333",
          "[12:51:02] DEBUG: Query executed in 35ms",
          "Time: 43.912s",
          "[12:51:02] INFO: Starting build process",
          "pip: Downloading jest-1.8.tar.gz",
          "Layer 2/12: ENV command",
          "[12:51:02] INFO: Connecting to database",
          "Fetching submodules...",
          "Transforming 222 files...",
          "Pushing to registry...",
          "Processing...",
          "Checking out develop branch",
          "Uploading artifact 'dist' (32 files)",
          "HEAD is now at 04aa884",
          "Compiling lib/service.java...",
          "pip install: Successfully installed express-5.17",
          "npm install: added 439 packages",
          "Pulling image: alpine:latest",
          "[12:51:02] DEBUG: Query executed in 97ms",
          "[12:51:02] INFO: Starting build process",
          "Waiting...",
          "Creating production build...",
          "Done.",
          "[12:51:02] WARN: Deprecated API usage",
          "\u2713 Task completed in 4578ms",
          "Step 10/16: Running migrations",
          "WARNING: express has known vulnerabilities",
          "Layer 5/9: ENV command",
          "\u2713 Task completed in 1818ms",
          "Completed.",
          "Compiling lib/main.py...",
          "Artifact uploaded: dist.zip (88MB)",
          "Pulling image: node:18",
          "[12:51:02] INFO: Starting build process",
          "Generating source maps...",
          "Snapshots: 13 passed, 41 total",
          "Compiling components/index.js...",
          "[12:51:02] INFO: Cache refreshed",
          "Cache restored successfully (231MB)",
          "Using Python 3.12",
          "Compiling components/main.py...",
          "Artifact uploaded: dist.zip (23MB)",
          "Fetching from https://gcr.io/package.json",
          "Transforming 293 files...",
          "Step 3/25: Testing",
          "\u2713 Step 'install' succeeded",
          "\u2713 Task completed in 538ms",
          "TLS handshake completed",
          "Success!",
          "Compiling components/handler.rs...",
          "[12:51:02] INFO: Starting build process",
          "Tests: 204 passed, 68 total",
          "Ready.",
          "Success!",
          "\u26a0 DEPRECATION: Feature will be removed in v3.0",
          "Success!",
          "Step 14/21: Building",
          "Cache miss for key-7375",
          "TLS handshake completed",
          "Transforming 911 files...",
          "[12:51:02] INFO: Cache refreshed",
          "Ready.",
          "Uploading artifact 'dist' (42 files)",
          "Generating source maps...",
          "  PASS: unit/test_auth_login.spec.js",
          "Pulling image: python:3.11",
          "Artifact uploaded: build.tar.gz (21MB)",
          "[12:51:02] WARN: Deprecated API usage",
          "\u26a0 DEPRECATION: Feature will be removed in v2.0",
          "[12:51:02] ERROR: Connection failed",
          "npm install: added 469 packages",
          "Using Python 3.10",
          "Layer 10/14: ENV command",
          "Image pulled successfully",
          "[12:51:02] DEBUG: Connection pool: 12 active",
          "Compiling src/index.js...",
          "pip: Installing build dependencies...",
          "yarn add: Done in 27.60s",
          "Coverage: 97% statements, 74% branches",
          "Switched to branch 'hotfix/task-962'",
          "[12:51:02] DEBUG: Initializing service",
          "[12:51:02] DEBUG: Initializing service",
          "[12:51:02] INFO: Connecting to database",
          "Bundling main.css",
          "Compiling components/service.java...",
          "Cache hit for key-1885",
          "Pushing to registry...",
          "Optimizing 82 modules...",
          "[12:51:02] INFO: Starting build process",
          "Fetching from https://npmjs.org/package.json",
          "yarn add: Done in 18.19s",
          "Completed.",
          "[12:51:02] WARN: Deprecated API usage",
          "Ran 97 tests in 27s",
          "[12:51:02] DEBUG: Initializing service",
          "Using Node.js 14.20.2",
          "TLS handshake completed",
          "Verifying...",
          "Test Suites: 6 passed, 33 total",
          "Time: 95.760s",
          "[12:51:02] INFO: Cache refreshed",
          "Cache restored successfully (451MB)",
          "Already up to date.",
          "pip install: Successfully installed lodash-1.3",
          "Compiling utils/service.java...",
          "\u2713 All checks passed",
          "Connection established",
          "Artifact uploaded: build.tar.gz (14MB)",
          "[12:51:02] WARN: Deprecated API usage",
          "Creating production build...",
          "Pushing to registry...",
          "\u2713 All checks passed",
          "OK",
          "[12:51:02] DEBUG: Loading configuration",
          "[12:51:02] WARN: Deprecated API usage",
          "Cache invalidated: dependencies",
          "Optimizing 73 modules...",
          "[12:51:02] DEBUG: Connection pool: 9 active",
          "[12:51:02] DEBUG: Initializing service",
          "[12:51:02] DEBUG: Loading configuration",
          "\u26a0 DEPRECATION: Feature will be removed in v5.0",
          "Done.",
          "Exception: NullPointerException",
          "\u2713 Step 'setup' succeeded",
          "[12:51:02] INFO: Cache refreshed",
          "\u2717 build failed with exit code 60",
          "Generating source maps...",
          "Environment: production",
          "\u2713 All checks passed",
          "Step 6/23: Building",
          "Switched to branch 'bugfix/task-744'",
          "Completed.",
          "Layer 2/13: ENV command",
          "Layer 9/8: ENV command",
          "Tests: 372 passed, 473 total",
          "[12:51:02] WARN: Deprecated API usage",
          "Compiling components/utils.go...",
          "Fetching submodules...",
          "Completed.",
          "Cache invalidated: dependencies",
          "Loading...",
          "Uploading artifact 'coverage' (38 files)",
          "WARNING: react has known vulnerabilities",
          "[12:51:02] ERROR: Connection failed",
          "Cache saved successfully",
          "Loading...",
          "[12:51:02] WARN: Deprecated API usage",
          "\u2713 lint completed",
          "Compiling lib/main.py...",
          "Step 10/23: Linting",
          "[12:51:02] ERROR: Connection failed",
          "[12:51:02] INFO: Connecting to database",
          "Using Node.js 19.7.0",
          "\u26a0 DEPRECATION: Feature will be removed in v4.0",
          "WARNING: prettier has known vulnerabilities",
          "\u2713 Task completed in 1753ms",
          "Cache hit for key-2453",
          "\u2713 Step 'install' succeeded",
          "Using Node.js 19.2.8",
          "Verifying...",
          "Platform: win32-x64",
          "Installing eslint@5.16.1",
          "Compiling lib/handler.rs...",
          "pip: Collecting eslint",
          "\u2713 package completed",
          "GET /health - 200 (42ms)",
          "WARNING: lodash has known vulnerabilities",
          "\u2713 package completed",
          "Coverage: 81% statements, 99% branches",
          "Bundling styles.css",
          "WARNING: lodash has known vulnerabilities",
          "Step 13/22: Deploying",
          "pip: Collecting axios",
          "Compiling src/service.java...",
          "Cache hit for key-6396",
          "Pulling image: node:18",
          "Image pulled successfully",
          "Using Node.js 16.17.4",
          "Exception: ValueError",
          "Connection established",
          "Using Node.js 16.10.10",
          "Snapshots: 12 passed, 45 total",
          "Step 20/15: Installing dependencies",
          "Environment: production",
          "Waiting...",
          "[12:51:02] WARN: Deprecated API usage",
          "[12:51:02] WARN: Deprecated API usage",
          "Layer 8/8: COPY command",
          "Cache restored successfully (384MB)",
          "WARNING: jest has known vulnerabilities",
          "Exception: TypeError",
          "\u26a0 DEPRECATION: Feature will be removed in v4.0",
          "Finished.",
          "Cache saved successfully",
          "pip: Collecting react",
          "=== Step restore_cache completed ==="
        ]
      },
      {
        "name": "lint",
        "status": "success",
        "started_at": "2025-11-23T12:52:39.034270",
        "finished_at": "2025-11-23T12:52:53.680343",
        "log_lines": [
          "=== Step: lint ===",
          "WARNING: jest has known vulnerabilities",
          "\u26a0 DEPRECATION: Feature will be removed in v4.0",
          "WARNING: prettier has known vulnerabilities",
          "Cache saved successfully",
          "Exception: TypeError",
          "Using Node.js 19.0.9",
          "Step 19/22: Testing",
          "[12:51:02] DEBUG: Memory usage: 326MB",
          "Finished.",
          "Uploading artifact 'build' (25 files)",
          "Minifying vendor.js",
          "yarn add: Done in 21.87s",
          "Layer 7/8: ENV command",
          "\u2713 Task completed in 377ms",
          "Artifact downloaded: 22MB",
          "Step 14/15: Deploying",
          "Minifying vendor.js",
          "Cache restored successfully (421MB)",
          "\u26a0 DEPRECATION: Feature will be removed in v2.0",
          "Platform: linux-x64",
          "Fetching submodules...",
          "[12:51:02] INFO: Request completed",
          "Cache miss for key-4814",
          "[12:51:02] WARN: Deprecated API usage",
          "\u2713 Task completed in 4085ms",
          "\u26a0 DEPRECATION: Feature will be removed in v2.0",
          "pip: Collecting jest",
          "[12:51:02] INFO: Cache refreshed",
          "Completed.",
          "Cache invalidated: node_modules",
          "Cache invalidated: node_modules",
          "Platform: linux-x64",
          "Ready.",
          "[12:51:02] DEBUG: Initializing service",
          "Artifact uploaded: dist.zip (51MB)",
          "Compiling src/handler.rs...",
          "[12:51:02] DEBUG: Query executed in 74ms",
          "Cache miss for key-4482",
          "[12:51:02] DEBUG: Connection pool: 20 active",
          "Compiling src/handler.rs...",
          "[12:51:02] WARN: Deprecated API usage",
          "Artifact uploaded: build.tar.gz (49MB)",
          "yarn add: Done in 15.78s",
          "[12:51:02] WARN: Deprecated API usage",
          "npm install: added 159 packages",
          "  PASS: integration/test_auth_login.spec.js",
          "Test Suites: 31 passed, 46 total",
          "WARNING: express has known vulnerabilities",
          "\u26a0 DEPRECATION: Feature will be removed in v5.0",
          "Completed.",
          "Building Docker image...",
          "Coverage: 81% statements, 100% branches",
          "\u2717 build failed with exit code 35",
          "[12:51:02] INFO: Cache refreshed",
          "Already up to date.",
          "Layer 3/11: ENV command",
          "Optimizing 13 modules...",
          "Platform: linux-x64",
          "Cache restored successfully (290MB)",
          "Step 19/25: Testing",
          "Installing react@4.6.8",
          "Test Suites: 28 passed, 30 total",
          "Step 8/16: Building",
          "Minifying app.js",
          "Cache miss for key-1088",
          "[12:51:02] INFO: Request completed",
          "Step 5/17: Deploying",
          "Finished.",
          "Verifying...",
          "Snapshots: 23 passed, 0 total",
          "\u26a0 DEPRECATION: Feature will be removed in v4.0",
          "Compiling utils/app.ts...",
          "[12:51:02] DEBUG: Query executed in 55ms",
          "[12:51:02] DEBUG: Memory usage: 1504MB",
          "[12:51:02] INFO: Starting build process",
          "Ready.",
          "Connection established",
          "Finished.",
          "[12:51:02] INFO: Cache refreshed",
          "WARNING: react has known vulnerabilities",
          "[12:51:02] INFO: Processing request",
          "Pushing to registry...",
          "Already up to date.",
          "Done.",
          "  PASS: e2e/test_auth_login.spec.js",
          "  PASS: unit/test_api_health.spec.js",
          "NODE_ENV=test",
          "Completed.",
          "Environment: test",
          "NODE_ENV=test",
          "Switched to branch 'bugfix/task-139'",
          "[12:51:02] INFO: Processing request",
          "Image pulled successfully",
          "Cache saved successfully",
          "Step 14/16: Testing",
          "Step 2/18: Testing",
          "\u2713 All checks passed",
          "[12:51:02] INFO: Connecting to database",
          "Compiling components/app.ts...",
          "Environment: test",
          "FAILED: test_cache_hit",
          "Cache miss for key-5418",
          "\u2713 All checks passed",
          "[12:51:02] INFO: Connecting to database",
          "Switched to branch 'feature/task-561'",
          "Step 1/15: Running migrations",
          "Using Node.js 15.20.10",
          "\u2713 deploy completed",
          "Time: 81.908s",
          "[12:51:02] DEBUG: Initializing service",
          "Using Python 3.10",
          "  PASS: e2e/test_user_create.spec.js",
          "Completed.",
          "Compiling lib/utils.go...",
          "pip: Installing build dependencies...",
          "TLS handshake completed",
          "Artifact downloaded: 37MB",
          "Loading...",
          "\u26a0 DEPRECATION: Feature will be removed in v2.0",
          "npm notice: package.json updated",
          "Fetching submodules...",
          "Step 20/23: Running migrations",
          "Cache hit for key-4932",
          "Test Suites: 26 passed, 41 total",
          "Processing...",
          "Tests: 104 passed, 146 total",
          "Loading...",
          "Tests: 54 passed, 377 total",
          "Building Docker image...",
          "Platform: win32-x64",
          "WARNING: express has known vulnerabilities",
          "Compiling components/index.js...",
          "HEAD is now at b7820ce",
          "Processing...",
          "Completed.",
          "Image pulled successfully",
          "Artifact downloaded: 12MB",
          "Loading...",
          "Cache saved successfully",
          "Step 11/22: Linting",
          "\u2713 Task completed in 3734ms",
          "Processing...",
          "npm install: resolved 187 packages",
          "FAILED: test_user_create",
          "Creating production build...",
          "Already up to date.",
          "Using Python 3.11",
          "Installing lodash@2.8.10",
          "Step 18/22: Deploying",
          "Step 17/20: Linting",
          "[12:51:02] ERROR: Connection failed",
          "Creating production build...",
          "npm install: resolved 714 packages",
          "\u2713 Task completed in 3653ms",
          "OK",
          "Artifact uploaded: dist.zip (51MB)",
          "Pulling image: node:3.11",
          "Bundling runtime.css",
          "[12:51:02] INFO: Starting build process",
          "Step 10/19: Running migrations",
          "Fetching submodules...",
          "Transforming 233 files...",
          "Compiling components/handler.rs...",
          "Switched to branch 'bugfix/task-363'",
          "pip: Downloading react-5.15.tar.gz",
          "Transforming 994 files...",
          "npm install: added 83 packages",
          "Cache miss for key-1247",
          "Exception: RuntimeError",
          "Minifying vendor.js",
          "\u26a0 DEPRECATION: Feature will be removed in v4.0",
          "Test Suites: 40 passed, 40 total",
          "Success!",
          "Time: 4.214s",
          "Creating production build...",
          "Step 16/15: Linting",
          "Cache saved successfully",
          "Artifact downloaded: 30MB",
          "\u2713 Step 'install' succeeded",
          "Installing jest@5.3.3",
          "pip install: Successfully installed webpack-5.2",
          "WARNING: express has known vulnerabilities",
          "Bundling vendor.js",
          "WARNING: axios has known vulnerabilities",
          "Compiling lib/index.js...",
          "Step 7/25: Building",
          "Artifact uploaded: dist.zip (26MB)",
          "Using Python 3.10",
          "Step 9/19: Running migrations",
          "WARNING: prettier has known vulnerabilities",
          "[12:51:02] DEBUG: Connection pool: 11 active",
          "\u26a0 DEPRECATION: Feature will be removed in v2.0",
          "  PASS: test_db_connect (481ms)",
          "[12:51:02] WARN: Deprecated API usage",
          "Success!",
          "Time: 74.881s",
          "Step 13/24: Building",
          "Artifact downloaded: 43MB",
          "Environment: staging",
          "[12:51:02] INFO: Connecting to database",
          "=== Step lint completed ==="
        ]
      },
      {
        "name": "unit_tests",
        "status": "success",
        "started_at": "2025-11-23T12:52:53.680343",
        "finished_at": "2025-11-23T12:53:37.618563",
        "log_lines": [
          "=== Step: unit_tests ===",
          "Creating production build...",
          "POST /upload - 200 (211ms)",
          "Compiling components/app.ts...",
          "Transforming 265 files...",
          "[12:51:02] INFO: Connecting to database",
          "[12:51:02] WARN: Deprecated API usage",
          "Artifact downloaded: 25MB",
          "pip: Collecting jest",
          "\u2713 lint completed",
          "Processing...",
          "Bundling main.js",
          "Step 9/20: Running migrations",
          "pip: Collecting lodash",
          "WARNING: webpack has known vulnerabilities",
          "[12:51:02] INFO: Connecting to database",
          "Tests: 305 passed, 168 total",
          "Pulling image: python:latest",
          "Completed.",
          "GET /health - 201 (3ms)",
          "Image pulled successfully",
          "Creating production build...",
          "Transforming 557 files...",
          "Finished.",
          "WARNING: webpack has known vulnerabilities",
          "Step 2/20: Running migrations",
          "pip: Installing build dependencies...",
          "yarn add: Done in 6.33s",
          "Uploading artifact 'build' (12 files)",
          "Using Python 3.12",
          "\u26a0 DEPRECATION: Feature will be removed in v5.0",
          "Step 10/21: Building",
          "Verifying...",
          "[12:51:02] DEBUG: Query executed in 10ms",
          "[12:51:02] DEBUG: Initializing service",
          "[12:51:02] DEBUG: Memory usage: 754MB",
          "pip install: Successfully installed eslint-4.5",
          "OK",
          "Step 3/15: Installing dependencies",
          "Compiling components/main.py...",
          "Cache invalidated: build",
          "\u2713 Step 'checkout' succeeded",
          "Transforming 627 files...",
          "Building Docker image...",
          "Verifying...",
          "  PASS: unit/test_db_connect.spec.js",
          "OK",
          "Optimizing 80 modules...",
          "Generating source maps...",
          "Compiling src/utils.go...",
          "\u26a0 DEPRECATION: Feature will be removed in v2.0",
          "[12:51:02] WARN: Deprecated API usage",
          "Ready.",
          "[12:51:02] INFO: Connecting to database",
          "Cache miss for key-7323",
          "Verifying...",
          "Loading...",
          "Completed.",
          "pip install: Successfully installed webpack-2.4",
          "Bundling runtime.css",
          "pip install: Successfully installed webpack-5.3",
          "Artifact downloaded: 48MB",
          "[12:51:02] DEBUG: Query executed in 14ms",
          "pip install: Successfully installed express-2.20",
          "npm install: added 434 packages",
          "[12:51:02] DEBUG: Connection pool: 19 active",
          "Step 10/24: Testing",
          "Snapshots: 3 passed, 15 total",
          "Verifying...",
          "\u2717 build failed with exit code 36",
          "[12:51:02] WARN: Deprecated API usage",
          "Tests: 494 passed, 483 total",
          "Processing...",
          "\u2713 validate completed",
          "pip: Installing build dependencies...",
          "Finished.",
          "npm notice: package.json updated",
          "Layer 6/9: RUN command",
          "Verifying...",
          "Ran 128 tests in 46s",
          "Verifying...",
          "WARNING: lodash has known vulnerabilities",
          "WARNING: jest has known vulnerabilities",
          "[12:51:02] ERROR: Connection failed",
          "[12:51:02] INFO: Request completed",
          "Cache invalidated: node_modules",
          "Tests: 499 passed, 298 total",
          "[12:51:02] INFO: Starting build process",
          "GET /health - 204 (98ms)",
          "[12:51:02] DEBUG: Initializing service",
          "npm notice: created a lockfile",
          "Artifact downloaded: 41MB",
          "Using Python 3.11",
          "Snapshots: 46 passed, 4 total",
          "npm install: resolved 202 packages",
          "Compiling src/handler.rs...",
          "Switched to branch 'hotfix/task-486'",
          "[12:51:02] INFO: Request completed",
          "Test Suites: 25 passed, 33 total",
          "Bundling runtime.css",
          "npm install: resolved 804 packages",
          "Building Docker image...",
          "Fetching from https://gcr.io/package.json",
          "Artifact uploaded: build.tar.gz (33MB)",
          "\u2713 test completed",
          "\u2713 Step 'install' succeeded",
          "[12:51:02] INFO: Starting build process",
          "pip: Installing build dependencies...",
          "HEAD is now at aadbd58",
          "npm install: resolved 766 packages",
          "Cache invalidated: build",
          "Optimizing 36 modules...",
          "[12:51:02] DEBUG: Initializing service",
          "HEAD is now at bc78d81",
          "Compiling lib/app.ts...",
          "Step 16/23: Running migrations",
          "Checking out develop branch",
          "HEAD is now at a5c417d",
          "Using Python 3.9",
          "\u2713 Step 'setup' succeeded",
          "Waiting...",
          "Compiling src/service.java...",
          "Fetching submodules...",
          "yarn add: Done in 26.79s",
          "Coverage: 88% statements, 97% branches",
          "[12:51:02] DEBUG: Query executed in 34ms",
          "Loading...",
          "Step 3/22: Running migrations",
          "WARNING: jest has known vulnerabilities",
          "Environment: test",
          "Ran 20 tests in 14s",
          "Done.",
          "[12:51:02] WARN: Deprecated API usage",
          "Pulling image: alpine:3.11",
          "Cache restored successfully (349MB)",
          "[12:51:02] INFO: Request completed",
          "  PASS: unit/test_cache_hit.spec.js",
          "Step 3/15: Building",
          "\u2713 package completed",
          "Artifact uploaded: build.tar.gz (48MB)",
          "Checking out master branch",
          "[12:51:02] DEBUG: Query executed in 89ms",
          "Ran 95 tests in 13s",
          "\u2717 build failed with exit code 39",
          "Generating source maps...",
          "npm notice: package.json updated",
          "npm install: added 418 packages",
          "\u26a0 DEPRECATION: Feature will be removed in v2.0",
          "Finished.",
          "\u26a0 DEPRECATION: Feature will be removed in v2.0",
          "Optimizing 20 modules...",
          "Checking out master branch",
          "\u2713 All checks passed",
          "Fetching submodules...",
          "Loading...",
          "Using Python 3.11",
          "Compiling src/main.py...",
          "[12:51:02] INFO: Starting build process",
          "Image pulled successfully",
          "[12:51:02] INFO: Starting build process",
          "Test Suites: 9 passed, 50 total",
          "Minifying app.js",
          "Step 19/24: Installing dependencies",
          "  PASS: test_user_create (281ms)",
          "Success!",
          "FAILED: test_user_create",
          "Success!",
          "Minifying vendor.js",
          "Layer 10/9: ENV command",
          "Coverage: 75% statements, 95% branches",
          "Cache miss for key-4342",
          "Connection established",
          "npm install: added 463 packages",
          "Fetching from https://googleapis.com/package.json",
          "npm install: resolved 725 packages",
          "Compiling lib/app.ts...",
          "TLS handshake completed",
          "\u2713 All checks passed",
          "Building Docker image...",
          "yarn add: Done in 16.93s",
          "[12:51:02] WARN: Deprecated API usage",
          "Compiling src/app.ts...",
          "Step 2/17: Building",
          "Using Python 3.10",
          "Pulling image: alpine:latest",
          "Cache miss for key-2699",
          "[12:51:02] INFO: Processing request",
          "[12:51:02] INFO: Request completed",
          "\u2713 Task completed in 4537ms",
          "npm install: resolved 885 packages",
          "Fetching from https://npmjs.org/package.json",
          "npm install: added 482 packages",
          "Building Docker image...",
          "Cache miss for key-1840",
          "Fetching submodules...",
          "Cache saved successfully",
          "Step 9/25: Deploying",
          "Success!",
          "Artifact uploaded: build.tar.gz (50MB)",
          "Cache hit for key-5031",
          "Compiling components/handler.rs...",
          "=== Step unit_tests completed ==="
        ]
      },
      {
        "name": "setup_environment",
        "status": "success",
        "started_at": "2025-11-23T12:53:37.618563",
        "finished_at": "2025-11-23T12:53:52.264636",
        "log_lines": [
          "=== Step: setup_environment ===",
          "TLS handshake completed",
          "\u26a0 DEPRECATION: Feature will be removed in v2.0",
          "GET /api - 200 (87ms)",
          "  PASS: test_auth_login (170ms)",
          "Finished.",
          "Image pulled successfully",
          "Environment: test",
          "Exception: TypeError",
          "Finished.",
          "Compiling src/handler.rs...",
          "Step 20/17: Installing dependencies",
          "Cache invalidated: node_modules",
          "yarn add: Done in 8.12s",
          "Tests: 369 passed, 435 total",
          "Installing jest@2.0.10",
          "Uploading artifact 'dist' (32 files)",
          "Checking out main branch",
          "Loading...",
          "Cache hit for key-1710",
          "WARNING: react has known vulnerabilities",
          "Exception: TypeError",
          "Building Docker image...",
          "Building Docker image...",
          "[12:51:02] DEBUG: Loading configuration",
          "Building Docker image...",
          "Compiling src/app.ts...",
          "Ran 78 tests in 47s",
          "Compiling utils/service.java...",
          "\u2713 Step 'build' succeeded",
          "Fetching from https://npmjs.org/package.json",
          "Done.",
          "[12:51:02] INFO: Cache refreshed",
          "pip: Collecting express",
          "Step 13/15: Running migrations",
          "Building Docker image...",
          "Ran 48 tests in 14s",
          "Time: 57.656s",
          "  PASS: unit/test_api_health.spec.js",
          "Completed.",
          "POST /api - 201 (373ms)",
          "NODE_ENV=development",
          "Ran 11 tests in 20s",
          "Snapshots: 35 passed, 28 total",
          "[12:51:02] INFO: Starting build process",
          "Processing...",
          "\u26a0 DEPRECATION: Feature will be removed in v5.0",
          "\u2713 Task completed in 574ms",
          "Using Python 3.12",
          "[12:51:02] INFO: Request completed",
          "Switched to branch 'hotfix/task-636'",
          "Using Python 3.10",
          "Step 12/16: Installing dependencies",
          "Step 14/23: Building",
          "Finished.",
          "Using Node.js 20.6.4",
          "pip: Downloading webpack-2.6.tar.gz",
          "Using Node.js 20.9.8",
          "Loading...",
          "Fetching submodules...",
          "Step 11/25: Building",
          "Artifact uploaded: dist.zip (93MB)",
          "[12:51:02] INFO: Cache refreshed",
          "[12:51:02] WARN: Deprecated API usage",
          "Coverage: 97% statements, 90% branches",
          "Ran 133 tests in 57s",
          "Cache miss for key-4275",
          "\u2713 validate completed",
          "WARNING: prettier has known vulnerabilities",
          "Compiling components/handler.rs...",
          "\u2713 build completed",
          "\u2713 Step 'test' succeeded",
          "[12:51:02] WARN: Deprecated API usage",
          "Uploading artifact 'build' (17 files)",
          "Exception: RuntimeError",
          "[12:51:02] WARN: Deprecated API usage",
          "Success!",
          "Finished.",
          "npm notice: created a lockfile",
          "Creating production build...",
          "[12:51:02] INFO: Connecting to database",
          "  PASS: integration/test_auth_login.spec.js",
          "Step 11/17: Building",
          "Bundling runtime.js",
          "GET /api - 204 (82ms)",
          "Artifact downloaded: 18MB",
          "Environment: development",
          "Compiling lib/service.java...",
          "Compiling components/index.js...",
          "Connection established",
          "Finished.",
          "Checking out main branch",
          "Already up to date.",
          "Transforming 708 files...",
          "Platform: linux-x64",
          "pip: Installing build dependencies...",
          "pip install: Successfully installed eslint-5.2",
          "Building Docker image...",
          "[12:51:02] INFO: Starting build process",
          "[12:51:02] DEBUG: Initializing service",
          "[12:51:02] INFO: Starting build process",
          "[12:51:02] DEBUG: Query executed in 80ms",
          "Step 6/22: Linting",
          "[12:51:02] INFO: Processing request",
          "Step 17/23: Installing dependencies",
          "OK",
          "Success!",
          "Compiling src/utils.go...",
          "Compiling src/handler.rs...",
          "Cache restored successfully (258MB)",
          "Completed.",
          "npm install: added 236 packages",
          "Waiting...",
          "npm notice: package.json updated",
          "Installing express@1.18.3",
          "Transforming 147 files...",
          "\u2713 build completed",
          "Cache miss for key-7672",
          "WARNING: express has known vulnerabilities",
          "Test Suites: 36 passed, 20 total",
          "Checking out master branch",
          "Platform: darwin-arm64",
          "Creating production build...",
          "Transforming 463 files...",
          "\u26a0 DEPRECATION: Feature will be removed in v4.0",
          "[12:51:02] DEBUG: Initializing service",
          "HEAD is now at 4ec888d",
          "pip: Collecting express",
          "npm install: added 416 packages",
          "TLS handshake completed",
          "HEAD is now at 103f7e7",
          "[12:51:02] INFO: Connecting to database",
          "Fetching from https://gcr.io/package.json",
          "Pushing to registry...",
          "[12:51:02] INFO: Starting build process",
          "\u2713 Step 'build' succeeded",
          "[12:51:02] INFO: Connecting to database",
          "Fetching submodules...",
          "WARNING: jest has known vulnerabilities",
          "pip: Installing build dependencies...",
          "Image pulled successfully",
          "Minifying vendor.js",
          "Using Node.js 15.20.1",
          "\u2713 All checks passed",
          "Cache hit for key-2237",
          "npm install: added 347 packages",
          "\u2717 build failed with exit code 99",
          "Pushing to registry...",
          "Completed.",
          "[12:51:02] INFO: Processing request",
          "\u2713 All checks passed",
          "Already up to date.",
          "yarn add: Done in 19.69s",
          "WARNING: react has known vulnerabilities",
          "\u2713 Task completed in 3597ms",
          "Bundling runtime.css",
          "pip install: Successfully installed eslint-5.6",
          "[12:51:02] ERROR: Connection failed",
          "Compiling src/utils.go...",
          "Step 3/21: Linting",
          "  PASS: unit/test_user_create.spec.js",
          "Installing prettier@2.20.4",
          "Time: 9.778s",
          "POST /data - 202 (314ms)",
          "Cache hit for key-1631",
          "Transforming 390 files...",
          "Artifact downloaded: 36MB",
          "Generating source maps...",
          "Success!",
          "NODE_ENV=development",
          "Processing...",
          "Ran 195 tests in 24s",
          "Checking out develop branch",
          "\u26a0 DEPRECATION: Feature will be removed in v2.0",
          "[12:51:02] INFO: Cache refreshed",
          "Compiling src/utils.go...",
          "Uploading artifact 'dist' (2 files)",
          "pip: Downloading express-5.0.tar.gz",
          "npm install: added 351 packages",
          "[12:51:02] DEBUG: Query executed in 65ms",
          "Coverage: 79% statements, 65% branches",
          "Ready.",
          "Compiling utils/main.py...",
          "POST /api - 200 (54ms)",
          "Verifying...",
          "Generating source maps...",
          "pip: Collecting prettier",
          "TLS handshake completed",
          "Optimizing 16 modules...",
          "Compiling components/service.java...",
          "npm install: added 212 packages",
          "Done.",
          "[12:51:02] DEBUG: Initializing service",
          "Artifact downloaded: 26MB",
          "pip install: Successfully installed jest-5.1",
          "Test Suites: 23 passed, 9 total",
          "[12:51:02] INFO: Processing request",
          "[12:51:02] DEBUG: Query executed in 8ms",
          "Installing react@5.1.3",
          "Processing...",
          "[12:51:02] DEBUG: Loading configuration",
          "=== Step setup_environment completed ==="
        ]
      },
      {
        "name": "type_check",
        "status": "success",
        "started_at": "2025-11-23T12:53:52.264636",
        "finished_at": "2025-11-23T12:54:06.910709",
        "log_lines": [
          "=== Step: type_check ===",
          "[12:51:02] WARN: Deprecated API usage",
          "  PASS: test_db_connect (44ms)",
          "yarn add: Done in 21.99s",
          "Switched to branch 'hotfix/task-964'",
          "Cache saved successfully",
          "Using Node.js 14.5.1",
          "Environment: production",
          "Coverage: 82% statements, 81% branches",
          "pip: Installing build dependencies...",
          "[12:51:02] DEBUG: Connection pool: 10 active",
          "Step 7/21: Deploying",
          "\u26a0 DEPRECATION: Feature will be removed in v5.0",
          "[12:51:02] WARN: Deprecated API usage",
          "\u26a0 DEPRECATION: Feature will be removed in v3.0",
          "NODE_ENV=development",
          "Switched to branch 'hotfix/task-605'",
          "pip: Collecting webpack",
          "Switched to branch 'bugfix/task-710'",
          "[12:51:02] INFO: Connecting to database",
          "Layer 4/11: ENV command",
          "  PASS: e2e/test_auth_login.spec.js",
          "Compiling lib/handler.rs...",
          "Cache restored successfully (458MB)",
          "Loading...",
          "Artifact uploaded: build.tar.gz (44MB)",
          "\u2713 All checks passed",
          "[12:51:02] ERROR: Connection failed",
          "\u2713 package completed",
          "WARNING: react has known vulnerabilities",
          "\u26a0 DEPRECATION: Feature will be removed in v3.0",
          "\u2713 Task completed in 3425ms",
          "pip: Collecting axios",
          "GET /api - 201 (100ms)",
          "[12:51:02] INFO: Starting build process",
          "Step 3/18: Building",
          "Compiling lib/main.py...",
          "[12:51:02] WARN: Deprecated API usage",
          "Success!",
          "[12:51:02] DEBUG: Connection pool: 13 active",
          "yarn add: Done in 3.30s",
          "Optimizing 43 modules...",
          "  PASS: test_auth_login (440ms)",
          "[12:51:02] WARN: Deprecated API usage",
          "[12:51:02] DEBUG: Connection pool: 9 active",
          "Step 7/24: Linting",
          "[12:51:02] INFO: Request completed",
          "[12:51:02] INFO: Request completed",
          "NODE_ENV=development",
          "\u26a0 DEPRECATION: Feature will be removed in v5.0",
          "Waiting...",
          "GET /status - 204 (90ms)",
          "[12:51:02] WARN: Deprecated API usage",
          "Step 13/17: Linting",
          "Image pulled successfully",
          "WARNING: webpack has known vulnerabilities",
          "Artifact uploaded: dist.zip (49MB)",
          "Using Python 3.11",
          "Platform: darwin-arm64",
          "Ran 173 tests in 56s",
          "Pushing to registry...",
          "\u2713 Task completed in 4687ms",
          "Step 20/19: Linting",
          "Environment: test",
          "Artifact uploaded: dist.zip (96MB)",
          "Done.",
          "Step 10/25: Testing",
          "npm notice: created a lockfile",
          "Compiling utils/main.py...",
          "npm install: resolved 171 packages",
          "Checking out main branch",
          "Compiling components/service.java...",
          "Success!",
          "Cache invalidated: dependencies",
          "Cache restored successfully (313MB)",
          "[12:51:02] DEBUG: Loading configuration",
          "\u26a0 DEPRECATION: Feature will be removed in v5.0",
          "Step 19/20: Building",
          "Transforming 249 files...",
          "\u2713 Task completed in 1974ms",
          "Minifying vendor.js",
          "[12:51:02] INFO: Cache refreshed",
          "Step 15/15: Linting",
          "Ran 57 tests in 39s",
          "Image pulled successfully",
          "[12:51:02] INFO: Starting build process",
          "Installing prettier@1.18.1",
          "Step 3/19: Testing",
          "Minifying vendor.js",
          "[12:51:02] DEBUG: Loading configuration",
          "npm install: resolved 1866 packages",
          "yarn add: Done in 3.97s",
          "NODE_ENV=test",
          "[12:51:02] DEBUG: Memory usage: 1815MB",
          "Using Node.js 15.13.2",
          "Waiting...",
          "\u2713 All checks passed",
          "Step 7/15: Installing dependencies",
          "[12:51:02] INFO: Request completed",
          "Image pulled successfully",
          "yarn add: Done in 8.67s",
          "WARNING: react has known vulnerabilities",
          "\u26a0 DEPRECATION: Feature will be removed in v2.0",
          "Coverage: 94% statements, 68% branches",
          "Success!",
          "Step 18/15: Testing",
          "Processing...",
          "npm install: added 331 packages",
          "Transforming 406 files...",
          "\u26a0 DEPRECATION: Feature will be removed in v2.0",
          "Step 13/23: Building",
          "Compiling lib/handler.rs...",
          "[12:51:02] DEBUG: Connection pool: 5 active",
          "[12:51:02] WARN: Deprecated API usage",
          "OK",
          "Fetching from https://googleapis.com/package.json",
          "npm notice: created a lockfile",
          "npm notice: package.json updated",
          "Done.",
          "Artifact uploaded: build.tar.gz (25MB)",
          "Cache restored successfully (34MB)",
          "npm install: added 11 packages",
          "WARNING: axios has known vulnerabilities",
          "[12:51:02] ERROR: Connection failed",
          "Generating source maps...",
          "POST /upload - 201 (201ms)",
          "pip: Installing build dependencies...",
          "Finished.",
          "[12:51:02] WARN: Deprecated API usage",
          "Pushing to registry...",
          "Building Docker image...",
          "Step 19/15: Building",
          "[12:51:02] INFO: Cache refreshed",
          "Cache saved successfully",
          "npm notice: package.json updated",
          "Ready.",
          "WARNING: lodash has known vulnerabilities",
          "\u2713 All checks passed",
          "\u2713 Task completed in 3944ms",
          "Completed.",
          "Building Docker image...",
          "[12:51:02] DEBUG: Memory usage: 425MB",
          "Using Node.js 20.7.3",
          "TLS handshake completed",
          "Done.",
          "Using Node.js 14.0.6",
          "Image pulled successfully",
          "Fetching submodules...",
          "[12:51:02] INFO: Cache refreshed",
          "WARNING: axios has known vulnerabilities",
          "Snapshots: 17 passed, 20 total",
          "Step 11/16: Deploying",
          "Step 15/16: Building",
          "Installing react@4.12.9",
          "Artifact uploaded: dist.zip (22MB)",
          "Image pulled successfully",
          "npm install: resolved 134 packages",
          "Checking out develop branch",
          "npm install: resolved 811 packages",
          "POST /api - 201 (353ms)",
          "Compiling lib/handler.rs...",
          "Fetching from https://googleapis.com/package.json",
          "\u26a0 DEPRECATION: Feature will be removed in v2.0",
          "pip: Collecting lodash",
          "Tests: 381 passed, 84 total",
          "Already up to date.",
          "[12:51:02] DEBUG: Connection pool: 7 active",
          "[12:51:02] DEBUG: Loading configuration",
          "Fetching from https://gcr.io/package.json",
          "\u2713 Step 'install' succeeded",
          "Using Node.js 16.16.9",
          "OK",
          "Success!",
          "pip: Installing build dependencies...",
          "Creating production build...",
          "Switched to branch 'hotfix/task-471'",
          "Image pulled successfully",
          "Connection established",
          "Bundling styles.css",
          "[12:51:02] INFO: Starting build process",
          "[12:51:02] WARN: Deprecated API usage",
          "yarn add: Done in 6.39s",
          "Exception: ValueError",
          "Using Node.js 19.6.6",
          "Cache restored successfully (12MB)",
          "Loading...",
          "Verifying...",
          "Cache saved successfully",
          "[12:51:02] DEBUG: Initializing service",
          "\u26a0 DEPRECATION: Feature will be removed in v4.0",
          "Artifact uploaded: dist.zip (35MB)",
          "Step 9/16: Building",
          "[12:51:02] DEBUG: Connection pool: 3 active",
          "Pulling image: python:latest",
          "Step 15/25: Linting",
          "yarn add: Done in 14.30s",
          "Snapshots: 2 passed, 31 total",
          "Tests: 205 passed, 492 total",
          "Verifying...",
          "Loading...",
          "Installing webpack@4.14.7",
          "=== Step type_check completed ==="
        ]
      },
      {
        "name": "deploy_production",
        "status": "success",
        "started_at": "2025-11-23T12:54:06.910709",
        "finished_at": "2025-11-23T12:54:12.769138",
        "log_lines": [
          "=== Step: deploy_production ===",
          "Step 19/25: Running migrations",
          "Ready.",
          "[12:51:02] INFO: Connecting to database",
          "[12:51:02] DEBUG: Memory usage: 1317MB",
          "\u2713 Task completed in 1482ms",
          "Bundling main.js",
          "yarn add: Done in 23.92s",
          "HEAD is now at 7dfb390",
          "Loading...",
          "npm notice: created a lockfile",
          "pip install: Successfully installed lodash-1.6",
          "[12:51:02] INFO: Connecting to database",
          "  PASS: unit/test_cache_hit.spec.js",
          "Success!",
          "\u26a0 DEPRECATION: Feature will be removed in v4.0",
          "npm install: resolved 882 packages",
          "Test Suites: 20 passed, 40 total",
          "Snapshots: 27 passed, 11 total",
          "Artifact uploaded: build.tar.gz (43MB)",
          "\u26a0 DEPRECATION: Feature will be removed in v3.0",
          "\u26a0 DEPRECATION: Feature will be removed in v3.0",
          "Cache miss for key-3421",
          "Loading...",
          "Step 16/20: Testing",
          "[12:51:02] INFO: Starting build process",
          "Coverage: 95% statements, 73% branches",
          "Checking out main branch",
          "Done.",
          "Step 16/20: Running migrations",
          "Uploading artifact 'dist' (5 files)",
          "Environment: test",
          "  PASS: test_cache_hit (259ms)",
          "Cache invalidated: build",
          "Compiling components/app.ts...",
          "Optimizing 80 modules...",
          "Pulling image: node:18",
          "Step 2/23: Installing dependencies",
          "Layer 6/13: ENV command",
          "[12:51:02] WARN: Deprecated API usage",
          "Using Python 3.11",
          "Step 18/19: Running migrations",
          "[12:51:02] DEBUG: Connection pool: 20 active",
          "[12:51:02] INFO: Request completed",
          "Cache hit for key-3440",
          "pip: Collecting axios",
          "Layer 2/14: ENV command",
          "Creating production build...",
          "[12:51:02] INFO: Processing request",
          "Generating source maps...",
          "Checking out develop branch",
          "Installing jest@4.5.5",
          "Step 2/16: Running migrations",
          "Switched to branch 'feature/task-295'",
          "Tests: 325 passed, 454 total",
          "[12:51:02] INFO: Cache refreshed",
          "yarn add: Done in 13.18s",
          "Step 11/23: Installing dependencies",
          "[12:51:02] DEBUG: Initializing service",
          "Completed.",
          "npm notice: created a lockfile",
          "POST /data - 201 (166ms)",
          "Fetching submodules...",
          "Fetching submodules...",
          "\u2717 build failed with exit code 81",
          "Using Node.js 16.6.5",
          "Cache saved successfully",
          "Step 1/24: Testing",
          "Building Docker image...",
          "pip: Downloading webpack-5.1.tar.gz",
          "[12:51:02] WARN: Deprecated API usage",
          "Pushing to registry...",
          "Verifying...",
          "Switched to branch 'hotfix/task-974'",
          "POST /upload - 202 (37ms)",
          "Snapshots: 38 passed, 49 total",
          "Installing axios@5.18.4",
          "Step 12/19: Deploying",
          "TLS handshake completed",
          "yarn add: Done in 21.31s",
          "Image pulled successfully",
          "WARNING: react has known vulnerabilities",
          "Creating production build...",
          "  PASS: unit/test_user_create.spec.js",
          "[12:51:02] DEBUG: Memory usage: 1580MB",
          "npm install: added 168 packages",
          "Using Python 3.12",
          "Step 15/24: Running migrations",
          "\u26a0 DEPRECATION: Feature will be removed in v3.0",
          "[12:51:02] WARN: Deprecated API usage",
          "Step 4/17: Deploying",
          "\u26a0 DEPRECATION: Feature will be removed in v4.0",
          "Success!",
          "\u26a0 DEPRECATION: Feature will be removed in v5.0",
          "Finished.",
          "Uploading artifact 'coverage' (45 files)",
          "\u2717 build failed with exit code 65",
          "Bundling vendor.js",
          "Verifying...",
          "Installing prettier@3.5.8",
          "Compiling components/app.ts...",
          "npm notice: package.json updated",
          "[12:51:02] WARN: Deprecated API usage",
          "Cache invalidated: node_modules",
          "Building Docker image...",
          "Cache restored successfully (468MB)",
          "pip install: Successfully installed eslint-4.8",
          "\u26a0 DEPRECATION: Feature will be removed in v4.0",
          "Creating production build...",
          "POST /api - 202 (323ms)",
          "Step 12/20: Linting",
          "[12:51:02] INFO: Connecting to database",
          "Verifying...",
          "pip: Installing build dependencies...",
          "Using Node.js 15.16.10",
          "Cache restored successfully (476MB)",
          "Processing...",
          "Cache invalidated: node_modules",
          "Transforming 216 files...",
          "Installing eslint@3.9.5",
          "Step 7/23: Deploying",
          "[12:51:02] INFO: Starting build process",
          "pip: Installing build dependencies...",
          "Compiling lib/service.java...",
          "Success!",
          "Verifying...",
          "Compiling utils/app.ts...",
          "\u2713 Task completed in 4614ms",
          "Time: 45.357s",
          "Already up to date.",
          "[12:51:02] DEBUG: Connection pool: 11 active",
          "Compiling utils/service.java...",
          "Pulling image: python:latest",
          "[12:51:02] DEBUG: Connection pool: 5 active",
          "[12:51:02] WARN: Deprecated API usage",
          "\u2713 Step 'install' succeeded",
          "Transforming 162 files...",
          "NODE_ENV=development",
          "Building Docker image...",
          "[12:51:02] WARN: Deprecated API usage",
          "Fetching from https://registry.npmjs.org/package.json",
          "  PASS: test_cache_hit (145ms)",
          "Image pulled successfully",
          "Using Node.js 19.16.6",
          "Creating production build...",
          "pip install: Successfully installed express-3.9",
          "Installing lodash@2.13.2",
          "HEAD is now at f1c65d4",
          "Compiling utils/index.js...",
          "Finished.",
          "Transforming 127 files...",
          "[12:51:02] DEBUG: Memory usage: 1731MB",
          "[12:51:02] WARN: Deprecated API usage",
          "[12:51:02] ERROR: Connection failed",
          "Minifying vendor.js",
          "Installing axios@1.18.0",
          "Fetching submodules...",
          "Waiting...",
          "[12:51:02] INFO: Cache refreshed",
          "Ready.",
          "Cache invalidated: dependencies",
          "yarn add: Done in 12.60s",
          "Completed.",
          "pip: Collecting prettier",
          "Transforming 626 files...",
          "Cache miss for key-5999",
          "Step 7/16: Deploying",
          "\u26a0 DEPRECATION: Feature will be removed in v2.0",
          "Step 17/18: Building",
          "[12:51:02] DEBUG: Connection pool: 7 active",
          "Compiling components/handler.rs...",
          "Using Node.js 20.18.3",
          "Switched to branch 'feature/task-975'",
          "pip install: Successfully installed eslint-4.14",
          "pip: Downloading jest-2.4.tar.gz",
          "Test Suites: 25 passed, 16 total",
          "Compiling src/index.js...",
          "Ready.",
          "TLS handshake completed",
          "WARNING: react has known vulnerabilities",
          "Cache restored successfully (222MB)",
          "[12:51:02] ERROR: Connection failed",
          "yarn add: Done in 15.65s",
          "Completed.",
          "Pushing to registry...",
          "[12:51:02] INFO: Processing request",
          "Time: 71.80s",
          "GET /status - 201 (76ms)",
          "OK",
          "Transforming 382 files...",
          "\u2717 build failed with exit code 41",
          "[12:51:02] INFO: Request completed",
          "HEAD is now at fecd966",
          "FAILED: test_api_health",
          "  PASS: e2e/test_cache_hit.spec.js",
          "Step 7/20: Installing dependencies",
          "Exception: ValueError",
          "[12:51:02] DEBUG: Initializing service",
          "\u26a0 DEPRECATION: Feature will be removed in v4.0",
          "Ready.",
          "Pulling image: python:18",
          "=== Step deploy_production completed ==="
        ]
      },
      {
        "name": "e2e_tests",
        "status": "success",
        "started_at": "2025-11-23T12:54:12.769138",
        "finished_at": "2025-11-23T12:54:27.415211",
        "log_lines": [
          "=== Step: e2e_tests ===",
          "[12:51:02] WARN: Deprecated API usage",
          "Pulling image: python:latest",
          "[12:51:02] DEBUG: Loading configuration",
          "Loading...",
          "\u2717 build failed with exit code 60",
          "[12:51:02] DEBUG: Query executed in 83ms",
          "Processing...",
          "WARNING: axios has known vulnerabilities",
          "Snapshots: 17 passed, 8 total",
          "Success!",
          "WARNING: axios has known vulnerabilities",
          "Compiling src/utils.go...",
          "[12:51:02] INFO: Cache refreshed",
          "Artifact downloaded: 40MB",
          "[12:51:02] ERROR: Connection failed",
          "Platform: win32-x64",
          "npm notice: package.json updated",
          "Fetching from https://docker.io/package.json",
          "Waiting...",
          "Connection established",
          "WARNING: react has known vulnerabilities",
          "Step 20/23: Installing dependencies",
          "Success!",
          "FAILED: test_auth_login",
          "\u2713 Task completed in 4735ms",
          "Completed.",
          "Using Python 3.11",
          "GET /api - 201 (43ms)",
          "TLS handshake completed",
          "[12:51:02] ERROR: Connection failed",
          "Loading...",
          "Generating source maps...",
          "Compiling lib/utils.go...",
          "\u26a0 DEPRECATION: Feature will be removed in v2.0",
          "Creating production build...",
          "pip: Collecting jest",
          "Waiting...",
          "Step 9/18: Testing",
          "Compiling src/index.js...",
          "[12:51:02] DEBUG: Connection pool: 7 active",
          "\u2713 test completed",
          "pip: Installing build dependencies...",
          "Uploading artifact 'coverage' (47 files)",
          "[12:51:02] INFO: Starting build process",
          "Environment: development",
          "FAILED: test_cache_hit",
          "Pushing to registry...",
          "TLS handshake completed",
          "Done.",
          "Compiling utils/handler.rs...",
          "npm install: added 119 packages",
          "npm notice: created a lockfile",
          "Connection established",
          "HEAD is now at 01c0726",
          "  PASS: test_user_create (110ms)",
          "[12:51:02] INFO: Starting build process",
          "WARNING: eslint has known vulnerabilities",
          "Step 3/22: Linting",
          "Step 1/21: Building",
          "pip: Collecting eslint",
          "Done.",
          "Environment: test",
          "Tests: 459 passed, 491 total",
          "Processing...",
          "Using Python 3.11",
          "[12:51:02] WARN: Deprecated API usage",
          "[12:51:02] DEBUG: Query executed in 55ms",
          "\u26a0 DEPRECATION: Feature will be removed in v2.0",
          "Image pulled successfully",
          "npm install: added 280 packages",
          "[12:51:02] INFO: Starting build process",
          "Creating production build...",
          "OK",
          "pip: Collecting react",
          "\u26a0 DEPRECATION: Feature will be removed in v2.0",
          "Environment: test",
          "Step 13/17: Installing dependencies",
          "pip install: Successfully installed lodash-3.19",
          "Fetching submodules...",
          "npm install: added 271 packages",
          "[12:51:02] ERROR: Connection failed",
          "Done.",
          "Optimizing 100 modules...",
          "npm notice: created a lockfile",
          "POST /api - 202 (104ms)",
          "Pushing to registry...",
          "Already up to date.",
          "\u26a0 DEPRECATION: Feature will be removed in v5.0",
          "Compiling components/utils.go...",
          "Finished.",
          "Artifact uploaded: dist.zip (44MB)",
          "HEAD is now at 3715d39",
          "\u2713 Step 'install' succeeded",
          "POST /api - 200 (125ms)",
          "[12:51:02] DEBUG: Query executed in 18ms",
          "Cache restored successfully (38MB)",
          "Optimizing 57 modules...",
          "Verifying...",
          "OK",
          "yarn add: Done in 23.92s",
          "WARNING: axios has known vulnerabilities",
          "Time: 62.927s",
          "Success!",
          "NODE_ENV=test",
          "[12:51:02] INFO: Connecting to database",
          "Uploading artifact 'dist' (6 files)",
          "Artifact downloaded: 37MB",
          "Connection established",
          "Checking out master branch",
          "Snapshots: 16 passed, 41 total",
          "npm notice: package.json updated",
          "Compiling src/main.py...",
          "Coverage: 81% statements, 97% branches",
          "Generating source maps...",
          "[12:51:02] INFO: Processing request",
          "[12:51:02] DEBUG: Loading configuration",
          "\u2713 Task completed in 2731ms",
          "Connection established",
          "[12:51:02] WARN: Deprecated API usage",
          "Snapshots: 21 passed, 28 total",
          "POST /data - 200 (110ms)",
          "Already up to date.",
          "Image pulled successfully",
          "Waiting...",
          "Layer 1/11: RUN command",
          "Snapshots: 17 passed, 41 total",
          "Exception: TypeError",
          "[12:51:02] INFO: Cache refreshed",
          "Artifact uploaded: dist.zip (100MB)",
          "Building Docker image...",
          "HEAD is now at 890a479",
          "Pushing to registry...",
          "Artifact downloaded: 21MB",
          "Cache miss for key-4054",
          "WARNING: eslint has known vulnerabilities",
          "npm notice: created a lockfile",
          "Environment: staging",
          "Pulling image: python:latest",
          "Cache hit for key-1267",
          "\u2713 package completed",
          "\u2713 validate completed",
          "Fetching submodules...",
          "Pulling image: python:latest",
          "Installing eslint@3.15.0",
          "Artifact uploaded: build.tar.gz (38MB)",
          "npm notice: package.json updated",
          "WARNING: react has known vulnerabilities",
          "Transforming 580 files...",
          "npm install: added 62 packages",
          "Artifact downloaded: 15MB",
          "npm notice: package.json updated",
          "[12:51:02] DEBUG: Initializing service",
          "Switched to branch 'hotfix/task-141'",
          "[12:51:02] WARN: Deprecated API usage",
          "Step 15/22: Testing",
          "Bundling runtime.js",
          "Step 17/21: Linting",
          "FAILED: test_auth_login",
          "Platform: linux-x64",
          "Installing eslint@1.6.3",
          "[12:51:02] DEBUG: Query executed in 97ms",
          "Pushing to registry...",
          "Connection established",
          "npm notice: package.json updated",
          "Ready.",
          "HEAD is now at 11de7de",
          "npm notice: created a lockfile",
          "Completed.",
          "[12:51:02] DEBUG: Initializing service",
          "Ran 46 tests in 26s",
          "[12:51:02] INFO: Processing request",
          "Loading...",
          "Pushing to registry...",
          "Switched to branch 'hotfix/task-178'",
          "Done.",
          "Checking out main branch",
          "Processing...",
          "Environment: development",
          "Image pulled successfully",
          "Generating source maps...",
          "Layer 3/11: COPY command",
          "Using Node.js 18.1.4",
          "Pushing to registry...",
          "Test Suites: 44 passed, 37 total",
          "[12:51:02] DEBUG: Loading configuration",
          "Step 4/16: Building",
          "Minifying app.js",
          "Artifact uploaded: dist.zip (81MB)",
          "npm install: resolved 1594 packages",
          "Compiling lib/app.ts...",
          "Done.",
          "Cache miss for key-5179",
          "npm notice: created a lockfile",
          "\u2713 Task completed in 1725ms",
          "[12:51:02] DEBUG: Loading configuration",
          "Checking out develop branch",
          "pip: Downloading lodash-4.11.tar.gz",
          "\u2713 Step 'build' succeeded",
          "Ready.",
          "npm install: resolved 1085 packages",
          "=== Step e2e_tests completed ==="
        ]
      },
      {
        "name": "build",
        "status": "success",
        "started_at": "2025-11-23T12:54:27.415211",
        "finished_at": "2025-11-23T12:55:11.353431",
        "log_lines": [
          "=== Step: build ===",
          "WARNING: express has known vulnerabilities",
          "Cache hit for key-6363",
          "Step 13/15: Linting",
          "Cache restored successfully (276MB)",
          "Done.",
          "Pushing to registry...",
          "Fetching from https://docker.io/package.json",
          "FAILED: test_db_connect",
          "Pushing to registry...",
          "Image pulled successfully",
          "[12:51:02] WARN: Deprecated API usage",
          "npm install: added 307 packages",
          "Minifying app.js",
          "Uploading artifact 'build' (48 files)",
          "[12:51:02] DEBUG: Initializing service",
          "Pulling image: node:latest",
          "Using Python 3.11",
          "Success!",
          "\u2713 All checks passed",
          "[12:51:02] INFO: Request completed",
          "Ready.",
          "WARNING: jest has known vulnerabilities",
          "\u26a0 DEPRECATION: Feature will be removed in v2.0",
          "Bundling vendor.js",
          "npm notice: created a lockfile",
          "[12:51:02] INFO: Request completed",
          "\u2713 lint completed",
          "Cache restored successfully (394MB)",
          "Environment: development",
          "[12:51:02] INFO: Starting build process",
          "Step 9/19: Installing dependencies",
          "[12:51:02] DEBUG: Memory usage: 1482MB",
          "\u2713 Step 'install' succeeded",
          "WARNING: axios has known vulnerabilities",
          "Waiting...",
          "[12:51:02] INFO: Starting build process",
          "Artifact uploaded: build.tar.gz (7MB)",
          "Pulling image: python:3.11",
          "Transforming 653 files...",
          "Switched to branch 'hotfix/task-523'",
          "Step 9/16: Running migrations",
          "pip: Collecting react",
          "  PASS: test_user_create (435ms)",
          "Exception: RuntimeError",
          "[12:51:02] INFO: Request completed",
          "Step 10/15: Running migrations",
          "[12:51:02] INFO: Connecting to database",
          "  PASS: unit/test_cache_hit.spec.js",
          "[12:51:02] DEBUG: Initializing service",
          "Transforming 873 files...",
          "Cache hit for key-9561",
          "Environment: production",
          "Uploading artifact 'coverage' (37 files)",
          "Bundling styles.css",
          "[12:51:02] DEBUG: Connection pool: 9 active",
          "Uploading artifact 'coverage' (35 files)",
          "Cache saved successfully",
          "Step 7/15: Deploying",
          "Cache miss for key-8036",
          "npm install: added 66 packages",
          "Verifying...",
          "Platform: linux-x64",
          "[12:51:02] WARN: Deprecated API usage",
          "\u26a0 DEPRECATION: Feature will be removed in v3.0",
          "Generating source maps...",
          "[12:51:02] DEBUG: Connection pool: 16 active",
          "POST /upload - 201 (87ms)",
          "Compiling components/main.py...",
          "[12:51:02] DEBUG: Loading configuration",
          "npm install: added 94 packages",
          "Exception: RuntimeError",
          "Test Suites: 44 passed, 8 total",
          "NODE_ENV=production",
          "  PASS: test_user_create (291ms)",
          "Cache saved successfully",
          "pip install: Successfully installed lodash-5.14",
          "Uploading artifact 'dist' (37 files)",
          "\u2713 All checks passed",
          "Cache restored successfully (440MB)",
          "Switched to branch 'bugfix/task-637'",
          "Cache restored successfully (289MB)",
          "Layer 4/12: ENV command",
          "GET /status - 201 (31ms)",
          "npm notice: created a lockfile",
          "  PASS: e2e/test_api_health.spec.js",
          "OK",
          "[12:51:02] DEBUG: Memory usage: 1513MB",
          "Already up to date.",
          "Step 16/23: Running migrations",
          "Completed.",
          "POST /upload - 200 (388ms)",
          "[12:51:02] INFO: Request completed",
          "[12:51:02] INFO: Cache refreshed",
          "Checking out master branch",
          "yarn add: Done in 1.25s",
          "Compiling lib/app.ts...",
          "Loading...",
          "[12:51:02] WARN: Deprecated API usage",
          "Fetching submodules...",
          "Already up to date.",
          "Ready.",
          "Transforming 158 files...",
          "Ran 150 tests in 44s",
          "Step 14/21: Linting",
          "Loading...",
          "[12:51:02] WARN: Deprecated API usage",
          "npm install: resolved 1581 packages",
          "Cache miss for key-5153",
          "Test Suites: 19 passed, 31 total",
          "npm install: added 389 packages",
          "[12:51:02] DEBUG: Query executed in 55ms",
          "HEAD is now at 75db6c4",
          "Time: 40.806s",
          "npm notice: created a lockfile",
          "[12:51:02] DEBUG: Initializing service",
          "Environment: development",
          "Fetching submodules...",
          "pip: Installing build dependencies...",
          "Ready.",
          "FAILED: test_api_health",
          "[12:51:02] DEBUG: Memory usage: 345MB",
          "[12:51:02] WARN: Deprecated API usage",
          "Layer 7/12: RUN command",
          "yarn add: Done in 1.21s",
          "[12:51:02] INFO: Starting build process",
          "Test Suites: 41 passed, 28 total",
          "Coverage: 93% statements, 62% branches",
          "pip: Downloading axios-5.2.tar.gz",
          "Optimizing 84 modules...",
          "  PASS: e2e/test_db_connect.spec.js",
          "Connection established",
          "[12:51:02] DEBUG: Connection pool: 12 active",
          "[12:51:02] INFO: Processing request",
          "Compiling src/utils.go...",
          "FAILED: test_cache_hit",
          "\u26a0 DEPRECATION: Feature will be removed in v4.0",
          "\u2713 lint completed",
          "WARNING: lodash has known vulnerabilities",
          "Fetching from https://amazonaws.com/package.json",
          "Checking out main branch",
          "\u2713 lint completed",
          "Building Docker image...",
          "Already up to date.",
          "WARNING: prettier has known vulnerabilities",
          "[12:51:02] INFO: Processing request",
          "Step 1/16: Running migrations",
          "HEAD is now at e24ff4a",
          "Pushing to registry...",
          "npm notice: created a lockfile",
          "[12:51:02] DEBUG: Memory usage: 1455MB",
          "Cache hit for key-4961",
          "Optimizing 27 modules...",
          "Completed.",
          "Minifying vendor.js",
          "Compiling src/index.js...",
          "Environment: staging",
          "npm install: added 73 packages",
          "npm install: added 353 packages",
          "Cache miss for key-9773",
          "Step 8/20: Deploying",
          "Step 4/17: Testing",
          "[12:51:02] DEBUG: Loading configuration",
          "\u2713 Step 'setup' succeeded",
          "Environment: test",
          "Coverage: 83% statements, 66% branches",
          "GET /status - 200 (94ms)",
          "Cache hit for key-7152",
          "Already up to date.",
          "Compiling components/handler.rs...",
          "Fetching from https://docker.io/package.json",
          "Bundling styles.js",
          "[12:51:02] INFO: Request completed",
          "Using Python 3.10",
          "[12:51:02] WARN: Deprecated API usage",
          "[12:51:02] INFO: Processing request",
          "Platform: win32-x64",
          "pip: Collecting axios",
          "\u2717 build failed with exit code 40",
          "Compiling components/service.java...",
          "  PASS: test_auth_login (241ms)",
          "Compiling components/service.java...",
          "Cache miss for key-5256",
          "[12:51:02] WARN: Deprecated API usage",
          "  PASS: e2e/test_cache_hit.spec.js",
          "yarn add: Done in 21.72s",
          "\u2713 Step 'build' succeeded",
          "[12:51:02] INFO: Starting build process",
          "Loading...",
          "GET /health - 201 (94ms)",
          "Building Docker image...",
          "Switched to branch 'feature/task-421'",
          "WARNING: react has known vulnerabilities",
          "pip install: Successfully installed lodash-4.15",
          "Completed.",
          "Waiting...",
          "[12:51:02] DEBUG: Query executed in 37ms",
          "\u2713 Step 'test' succeeded",
          "[12:51:02] INFO: Cache refreshed",
          "yarn add: Done in 9.32s",
          "Checking out master branch",
          "=== Step build completed ==="
        ]
      },
      {
        "name": "checkout",
        "status": "success",
        "started_at": "2025-11-23T12:55:11.353431",
        "finished_at": "2025-11-23T12:55:17.211860",
        "log_lines": [
          "=== Step: checkout ===",
          "Cache hit for key-1798",
          "pip install: Successfully installed lodash-3.16",
          "Step 5/17: Installing dependencies",
          "pip: Downloading webpack-3.9.tar.gz",
          "[12:51:02] WARN: Deprecated API usage",
          "Success!",
          "Already up to date.",
          "pip: Installing build dependencies...",
          "[12:51:02] DEBUG: Query executed in 11ms",
          "Success!",
          "Done.",
          "npm notice: package.json updated",
          "[12:51:02] INFO: Connecting to database",
          "Processing...",
          "[12:51:02] DEBUG: Query executed in 92ms",
          "Processing...",
          "NODE_ENV=production",
          "  PASS: test_api_health (373ms)",
          "Switched to branch 'feature/task-644'",
          "Step 12/20: Linting",
          "\u2713 Step 'checkout' succeeded",
          "npm notice: package.json updated",
          "Compiling src/utils.go...",
          "Transforming 648 files...",
          "npm install: resolved 1129 packages",
          "pip: Downloading jest-2.10.tar.gz",
          "Transforming 754 files...",
          "Compiling src/main.py...",
          "GET /api - 200 (45ms)",
          "Optimizing 56 modules...",
          "\u2713 All checks passed",
          "[12:51:02] INFO: Processing request",
          "Tests: 85 passed, 440 total",
          "Ran 69 tests in 38s",
          "[12:51:02] INFO: Starting build process",
          "[12:51:02] INFO: Processing request",
          "\u2713 All checks passed",
          "[12:51:02] INFO: Starting build process",
          "\u2717 build failed with exit code 84",
          "Finished.",
          "Fetching submodules...",
          "\u2713 lint completed",
          "Cache miss for key-1368",
          "Snapshots: 47 passed, 8 total",
          "\u26a0 DEPRECATION: Feature will be removed in v5.0",
          "OK",
          "\u26a0 DEPRECATION: Feature will be removed in v2.0",
          "Coverage: 87% statements, 94% branches",
          "Cache hit for key-7227",
          "[12:51:02] DEBUG: Memory usage: 1690MB",
          "Compiling utils/handler.rs...",
          "Uploading artifact 'coverage' (15 files)",
          "Snapshots: 28 passed, 12 total",
          "pip install: Successfully installed prettier-4.7",
          "Success!",
          "Artifact downloaded: 41MB",
          "Loading...",
          "Image pulled successfully",
          "Loading...",
          "Bundling runtime.js",
          "Generating source maps...",
          "Ready.",
          "Step 1/15: Building",
          "Artifact uploaded: build.tar.gz (32MB)",
          "OK",
          "Step 12/22: Testing",
          "Finished.",
          "Step 9/24: Linting",
          "[12:51:02] DEBUG: Initializing service",
          "Step 18/17: Running migrations",
          "[12:51:02] INFO: Processing request",
          "Using Python 3.11",
          "Checking out main branch",
          "  PASS: unit/test_cache_hit.spec.js",
          "\u26a0 DEPRECATION: Feature will be removed in v4.0",
          "Step 20/15: Testing",
          "\u2713 Task completed in 2389ms",
          "\u2713 test completed",
          "WARNING: prettier has known vulnerabilities",
          "Image pulled successfully",
          "Switched to branch 'hotfix/task-772'",
          "Installing axios@5.10.3",
          "Cache restored successfully (66MB)",
          "Optimizing 10 modules...",
          "[12:51:02] INFO: Request completed",
          "Generating source maps...",
          "pip: Downloading jest-3.13.tar.gz",
          "[12:51:02] INFO: Processing request",
          "Building Docker image...",
          "[12:51:02] WARN: Deprecated API usage",
          "Success!",
          "Done.",
          "Test Suites: 17 passed, 39 total",
          "Tests: 55 passed, 176 total",
          "Platform: darwin-arm64",
          "Step 12/25: Deploying",
          "pip: Collecting jest",
          "pip: Installing build dependencies...",
          "Success!",
          "Cache restored successfully (50MB)",
          "Bundling styles.css",
          "Exception: RuntimeError",
          "Transforming 752 files...",
          "\u2713 Step 'setup' succeeded",
          "\u26a0 DEPRECATION: Feature will be removed in v5.0",
          "Step 6/19: Deploying",
          "pip: Collecting prettier",
          "Switched to branch 'feature/task-155'",
          "Compiling components/main.py...",
          "  PASS: test_user_create (50ms)",
          "WARNING: jest has known vulnerabilities",
          "Cache invalidated: dependencies",
          "[12:51:02] INFO: Processing request",
          "[12:51:02] DEBUG: Connection pool: 12 active",
          "\u26a0 DEPRECATION: Feature will be removed in v5.0",
          "WARNING: axios has known vulnerabilities",
          "Compiling utils/app.ts...",
          "Transforming 533 files...",
          "[12:51:02] DEBUG: Memory usage: 906MB",
          "Artifact uploaded: dist.zip (41MB)",
          "Processing...",
          "Fetching from https://registry.npmjs.org/package.json",
          "\u26a0 DEPRECATION: Feature will be removed in v4.0",
          "Environment: staging",
          "[12:51:02] INFO: Cache refreshed",
          "Creating production build...",
          "Ran 195 tests in 22s",
          "Ran 152 tests in 2s",
          "HEAD is now at c05d16e",
          "pip: Downloading webpack-1.13.tar.gz",
          "[12:51:02] ERROR: Connection failed",
          "OK",
          "Uploading artifact 'coverage' (50 files)",
          "FAILED: test_cache_hit",
          "Artifact uploaded: dist.zip (90MB)",
          "[12:51:02] INFO: Connecting to database",
          "Fetching from https://gcr.io/package.json",
          "\u2713 Task completed in 1289ms",
          "Step 3/17: Running migrations",
          "pip install: Successfully installed jest-3.20",
          "Compiling utils/index.js...",
          "Cache invalidated: node_modules",
          "npm install: added 33 packages",
          "Already up to date.",
          "HEAD is now at 2109a43",
          "npm notice: created a lockfile",
          "Cache miss for key-4524",
          "Ran 145 tests in 2s",
          "Time: 108.185s",
          "Artifact uploaded: dist.zip (1MB)",
          "npm install: resolved 1481 packages",
          "Fetching from https://github.com/package.json",
          "Pulling image: python:latest",
          "Compiling src/utils.go...",
          "FAILED: test_db_connect",
          "npm notice: package.json updated",
          "Step 11/24: Testing",
          "Fetching from https://pypi.org/package.json",
          "Switched to branch 'hotfix/task-720'",
          "Snapshots: 4 passed, 34 total",
          "[12:51:02] ERROR: Connection failed",
          "\u2713 build completed",
          "Loading...",
          "Step 1/16: Deploying",
          "Cache invalidated: build",
          "Coverage: 79% statements, 89% branches",
          "npm install: added 463 packages",
          "Step 10/24: Building",
          "Creating production build...",
          "Installing express@1.7.8",
          "[12:51:02] DEBUG: Connection pool: 6 active",
          "Compiling lib/index.js...",
          "Success!",
          "Tests: 457 passed, 162 total",
          "HEAD is now at 5d6ac20",
          "Using Python 3.10",
          "FAILED: test_api_health",
          "[12:51:02] INFO: Processing request",
          "yarn add: Done in 18.5s",
          "Optimizing 66 modules...",
          "Building Docker image...",
          "Processing...",
          "  PASS: test_user_create (17ms)",
          "Tests: 446 passed, 244 total",
          "\u2713 deploy completed",
          "Step 14/21: Installing dependencies",
          "Pushing to registry...",
          "TLS handshake completed",
          "Step 18/22: Testing",
          "Coverage: 79% statements, 72% branches",
          "Ran 139 tests in 45s",
          "OK",
          "Already up to date.",
          "Loading...",
          "Compiling src/utils.go...",
          "Minifying main.js",
          "Step 10/21: Linting",
          "Minifying app.js",
          "[12:51:02] INFO: Request completed",
          "Artifact uploaded: dist.zip (80MB)",
          "=== Step checkout completed ==="
        ]
      },
      {
        "name": "setup_node",
        "status": "success",
        "started_at": "2025-11-23T12:55:17.211860",
        "finished_at": "2025-11-23T12:55:31.857933",
        "log_lines": [
          "=== Step: setup_node ===",
          "Compiling components/index.js...",
          "npm install: added 26 packages",
          "Step 6/16: Testing",
          "POST /upload - 202 (355ms)",
          "HEAD is now at f46bbc7",
          "Step 16/21: Testing",
          "\u2713 test completed",
          "Verifying...",
          "Image pulled successfully",
          "Processing...",
          "  PASS: test_user_create (216ms)",
          "Tests: 427 passed, 194 total",
          "Finished.",
          "OK",
          "pip: Installing build dependencies...",
          "Waiting...",
          "npm install: resolved 1772 packages",
          "Time: 92.67s",
          "Cache saved successfully",
          "Time: 70.391s",
          "\u2713 Step 'install' succeeded",
          "WARNING: prettier has known vulnerabilities",
          "[12:51:02] INFO: Cache refreshed",
          "Transforming 751 files...",
          "TLS handshake completed",
          "[12:51:02] INFO: Request completed",
          "Artifact uploaded: build.tar.gz (14MB)",
          "[12:51:02] DEBUG: Loading configuration",
          "[12:51:02] DEBUG: Memory usage: 538MB",
          "WARNING: axios has known vulnerabilities",
          "[12:51:02] INFO: Processing request",
          "Time: 81.81s",
          "Finished.",
          "Snapshots: 23 passed, 17 total",
          "Loading...",
          "Creating production build...",
          "Step 5/20: Building",
          "\u26a0 DEPRECATION: Feature will be removed in v3.0",
          "Image pulled successfully",
          "Waiting...",
          "Artifact uploaded: build.tar.gz (21MB)",
          "Pulling image: python:latest",
          "Finished.",
          "TLS handshake completed",
          "Cache saved successfully",
          "pip install: Successfully installed axios-4.20",
          "pip: Downloading lodash-3.7.tar.gz",
          "Image pulled successfully",
          "POST /upload - 202 (255ms)",
          "POST /data - 201 (483ms)",
          "Installing webpack@4.14.7",
          "[12:51:02] DEBUG: Memory usage: 1906MB",
          "Done.",
          "  PASS: unit/test_user_create.spec.js",
          "Compiling src/handler.rs...",
          "Exception: ValueError",
          "Done.",
          "Exception: ValueError",
          "Loading...",
          "npm install: resolved 470 packages",
          "OK",
          "  PASS: test_auth_login (367ms)",
          "Finished.",
          "Cache hit for key-6814",
          "Step 19/20: Building",
          "Cache hit for key-9250",
          "npm install: resolved 1733 packages",
          "npm install: added 492 packages",
          "[12:51:02] WARN: Deprecated API usage",
          "Using Python 3.12",
          "Using Python 3.12",
          "Step 18/16: Testing",
          "Ready.",
          "WARNING: eslint has known vulnerabilities",
          "[12:51:02] WARN: Deprecated API usage",
          "Cache hit for key-9096",
          "GET /api - 204 (95ms)",
          "Fetching submodules...",
          "Cache saved successfully",
          "Cache miss for key-6890",
          "[12:51:02] DEBUG: Initializing service",
          "[12:51:02] DEBUG: Memory usage: 1156MB",
          "[12:51:02] INFO: Processing request",
          "WARNING: axios has known vulnerabilities",
          "\u26a0 DEPRECATION: Feature will be removed in v2.0",
          "Exception: TypeError",
          "Compiling lib/service.java...",
          "pip: Collecting jest",
          "Ready.",
          "GET /status - 200 (44ms)",
          "Step 1/25: Linting",
          "pip install: Successfully installed express-2.12",
          "Cache miss for key-7874",
          "Compiling components/handler.rs...",
          "yarn add: Done in 11.17s",
          "Step 6/16: Running migrations",
          "\u26a0 DEPRECATION: Feature will be removed in v5.0",
          "Transforming 637 files...",
          "Already up to date.",
          "[12:51:02] INFO: Starting build process",
          "pip: Collecting webpack",
          "[12:51:02] DEBUG: Query executed in 12ms",
          "Cache restored successfully (75MB)",
          "yarn add: Done in 6.24s",
          "Artifact uploaded: build.tar.gz (20MB)",
          "Bundling main.js",
          "[12:51:02] INFO: Cache refreshed",
          "Step 1/15: Linting",
          "Ready.",
          "\u2713 Task completed in 4306ms",
          "[12:51:02] ERROR: Connection failed",
          "Cache miss for key-2237",
          "Step 20/16: Running migrations",
          "yarn add: Done in 3.54s",
          "GET /health - 204 (51ms)",
          "Step 9/16: Linting",
          "[12:51:02] INFO: Processing request",
          "Image pulled successfully",
          "Cache restored successfully (64MB)",
          "Step 3/20: Linting",
          "TLS handshake completed",
          "Success!",
          "Minifying app.js",
          "[12:51:02] ERROR: Connection failed",
          "FAILED: test_api_health",
          "Processing...",
          "  PASS: integration/test_auth_login.spec.js",
          "WARNING: jest has known vulnerabilities",
          "Minifying main.js",
          "Compiling components/service.java...",
          "npm install: added 327 packages",
          "[12:51:02] DEBUG: Connection pool: 19 active",
          "Compiling src/main.py...",
          "\u26a0 DEPRECATION: Feature will be removed in v3.0",
          "pip: Downloading axios-3.8.tar.gz",
          "GET /status - 201 (82ms)",
          "\u2713 Task completed in 4547ms",
          "Creating production build...",
          "Cache invalidated: build",
          "\u2713 All checks passed",
          "Done.",
          "Step 19/20: Testing",
          "TLS handshake completed",
          "HEAD is now at 1552248",
          "Using Node.js 19.8.3",
          "Compiling lib/service.java...",
          "npm notice: created a lockfile",
          "Snapshots: 46 passed, 31 total",
          "Bundling main.js",
          "pip: Installing build dependencies...",
          "Waiting...",
          "Cache restored successfully (119MB)",
          "NODE_ENV=development",
          "[12:51:02] INFO: Starting build process",
          "  PASS: integration/test_auth_login.spec.js",
          "FAILED: test_cache_hit",
          "Compiling utils/main.py...",
          "Cache invalidated: build",
          "[12:51:02] WARN: Deprecated API usage",
          "Ran 190 tests in 15s",
          "Optimizing 27 modules...",
          "Finished.",
          "Step 14/18: Building",
          "[12:51:02] DEBUG: Memory usage: 1207MB",
          "Checking out main branch",
          "[12:51:02] DEBUG: Query executed in 85ms",
          "Transforming 156 files...",
          "  PASS: unit/test_cache_hit.spec.js",
          "Optimizing 30 modules...",
          "\u2713 All checks passed",
          "Minifying app.js",
          "HEAD is now at 6d9bf37",
          "NODE_ENV=test",
          "Time: 63.23s",
          "Bundling main.js",
          "HEAD is now at 82d3d38",
          "npm notice: package.json updated",
          "Completed.",
          "[12:51:02] INFO: Cache refreshed",
          "Cache invalidated: build",
          "Generating source maps...",
          "Artifact uploaded: dist.zip (73MB)",
          "Fetching submodules...",
          "Processing...",
          "Snapshots: 49 passed, 45 total",
          "yarn add: Done in 13.3s",
          "Artifact downloaded: 47MB",
          "\u26a0 DEPRECATION: Feature will be removed in v3.0",
          "GET /health - 204 (53ms)",
          "Compiling utils/app.ts...",
          "\u2717 build failed with exit code 58",
          "HEAD is now at af99051",
          "Ran 104 tests in 22s",
          "Cache hit for key-3927",
          "Step 3/21: Building",
          "[12:51:02] INFO: Connecting to database",
          "Cache saved successfully",
          "Step 11/17: Installing dependencies",
          "Completed.",
          "POST /api - 201 (91ms)",
          "=== Step setup_node completed ==="
        ]
      },
      {
        "name": "save_cache",
        "status": "success",
        "started_at": "2025-11-23T12:55:31.857933",
        "finished_at": "2025-11-23T12:55:40.645577",
        "log_lines": [
          "=== Step: save_cache ===",
          "HEAD is now at fc314ad",
          "[12:51:02] INFO: Connecting to database",
          "npm notice: created a lockfile",
          "NODE_ENV=test",
          "Switched to branch 'bugfix/task-435'",
          "WARNING: axios has known vulnerabilities",
          "Bundling vendor.js",
          "Layer 6/13: COPY command",
          "[12:51:02] DEBUG: Loading configuration",
          "Fetching submodules...",
          "Fetching from https://npmjs.org/package.json",
          "WARNING: express has known vulnerabilities",
          "[12:51:02] INFO: Request completed",
          "Generating source maps...",
          "Artifact uploaded: dist.zip (27MB)",
          "[12:51:02] WARN: Deprecated API usage",
          "Already up to date.",
          "Step 12/16: Installing dependencies",
          "Finished.",
          "Fetching from https://pypi.org/package.json",
          "Cache invalidated: build",
          "[12:51:02] WARN: Deprecated API usage",
          "Artifact uploaded: build.tar.gz (13MB)",
          "Step 18/19: Installing dependencies",
          "WARNING: prettier has known vulnerabilities",
          "GET /api - 201 (52ms)",
          "Cache invalidated: node_modules",
          "WARNING: prettier has known vulnerabilities",
          "pip install: Successfully installed prettier-5.2",
          "Processing...",
          "\u2713 All checks passed",
          "Ready.",
          "Transforming 640 files...",
          "Cache invalidated: build",
          "Artifact uploaded: dist.zip (99MB)",
          "Checking out master branch",
          "[12:51:02] INFO: Connecting to database",
          "[12:51:02] DEBUG: Initializing service",
          "Minifying main.js",
          "[12:51:02] INFO: Cache refreshed",
          "Building Docker image...",
          "Cache restored successfully (311MB)",
          "[12:51:02] ERROR: Connection failed",
          "Transforming 416 files...",
          "Using Python 3.11",
          "Coverage: 82% statements, 91% branches",
          "Coverage: 100% statements, 95% branches",
          "Ran 157 tests in 42s",
          "\u2713 All checks passed",
          "[12:51:02] DEBUG: Initializing service",
          "Cache miss for key-5370",
          "Already up to date.",
          "pip: Collecting eslint",
          "Processing...",
          "OK",
          "npm notice: created a lockfile",
          "[12:51:02] WARN: Deprecated API usage",
          "  PASS: e2e/test_cache_hit.spec.js",
          "Creating production build...",
          "[12:51:02] INFO: Starting build process",
          "Success!",
          "Bundling vendor.js",
          "npm notice: package.json updated",
          "Platform: linux-x64",
          "\u26a0 DEPRECATION: Feature will be removed in v4.0",
          "Compiling src/utils.go...",
          "Step 16/17: Deploying",
          "Compiling components/utils.go...",
          "Coverage: 86% statements, 84% branches",
          "Snapshots: 8 passed, 41 total",
          "Cache invalidated: node_modules",
          "Using Python 3.10",
          "Ready.",
          "\u26a0 DEPRECATION: Feature will be removed in v2.0",
          "[12:51:02] WARN: Deprecated API usage",
          "Loading...",
          "Processing...",
          "Completed.",
          "Completed.",
          "[12:51:02] INFO: Connecting to database",
          "[12:51:02] DEBUG: Connection pool: 18 active",
          "Fetching submodules...",
          "Step 16/20: Linting",
          "Transforming 303 files...",
          "Tests: 485 passed, 56 total",
          "pip install: Successfully installed express-2.4",
          "Ready.",
          "FAILED: test_user_create",
          "Environment: test",
          "npm notice: created a lockfile",
          "pip install: Successfully installed express-4.1",
          "\u26a0 DEPRECATION: Feature will be removed in v4.0",
          "[12:51:02] INFO: Cache refreshed",
          "WARNING: react has known vulnerabilities",
          "\u26a0 DEPRECATION: Feature will be removed in v5.0",
          "Step 1/25: Deploying",
          "Cache miss for key-3061",
          "Loading...",
          "Success!",
          "Artifact uploaded: build.tar.gz (48MB)",
          "Cache invalidated: node_modules",
          "\u2713 lint completed",
          "Fetching from https://pypi.org/package.json",
          "WARNING: express has known vulnerabilities",
          "Compiling components/utils.go...",
          "Optimizing 23 modules...",
          "Success!",
          "Connection established",
          "TLS handshake completed",
          "Ran 54 tests in 1s",
          "Generating source maps...",
          "Compiling lib/handler.rs...",
          "  PASS: test_db_connect (448ms)",
          "  PASS: integration/test_api_health.spec.js",
          "[12:51:02] DEBUG: Loading configuration",
          "Bundling main.css",
          "FAILED: test_db_connect",
          "pip: Downloading webpack-5.12.tar.gz",
          "npm install: resolved 997 packages",
          "Step 20/17: Running migrations",
          "[12:51:02] WARN: Deprecated API usage",
          "Fetching submodules...",
          "WARNING: lodash has known vulnerabilities",
          "Step 2/24: Testing",
          "NODE_ENV=development",
          "Verifying...",
          "Artifact uploaded: build.tar.gz (15MB)",
          "Layer 9/11: COPY command",
          "Cache saved successfully",
          "npm install: resolved 282 packages",
          "Step 5/16: Running migrations",
          "GET /api - 204 (73ms)",
          "Artifact uploaded: build.tar.gz (44MB)",
          "Done.",
          "Step 11/16: Running migrations",
          "\u26a0 DEPRECATION: Feature will be removed in v3.0",
          "GET /health - 204 (53ms)",
          "yarn add: Done in 4.89s",
          "[12:51:02] INFO: Cache refreshed",
          "Environment: production",
          "pip: Downloading jest-1.8.tar.gz",
          "[12:51:02] WARN: Deprecated API usage",
          "\u2713 All checks passed",
          "Compiling components/index.js...",
          "Using Python 3.12",
          "Uploading artifact 'build' (10 files)",
          "pip: Installing build dependencies...",
          "[12:51:02] INFO: Request completed",
          "pip install: Successfully installed axios-4.7",
          "Using Node.js 14.1.2",
          "Pushing to registry...",
          "WARNING: prettier has known vulnerabilities",
          "\u2713 All checks passed",
          "Uploading artifact 'coverage' (35 files)",
          "Optimizing 76 modules...",
          "[12:51:02] DEBUG: Connection pool: 6 active",
          "Done.",
          "Step 2/17: Running migrations",
          "NODE_ENV=test",
          "npm install: added 107 packages",
          "Step 7/15: Testing",
          "[12:51:02] ERROR: Connection failed",
          "Creating production build...",
          "pip: Installing build dependencies...",
          "[12:51:02] INFO: Connecting to database",
          "GET /api - 201 (62ms)",
          "Uploading artifact 'coverage' (3 files)",
          "Cache miss for key-6591",
          "Pulling image: python:18",
          "Verifying...",
          "Loading...",
          "Generating source maps...",
          "[12:51:02] DEBUG: Query executed in 13ms",
          "Pulling image: alpine:latest",
          "[12:51:02] WARN: Deprecated API usage",
          "Step 16/18: Deploying",
          "OK",
          "Cache hit for key-8252",
          "Creating production build...",
          "Time: 99.7s",
          "[12:51:02] INFO: Processing request",
          "Creating production build...",
          "Step 9/19: Linting",
          "Minifying vendor.js",
          "[12:51:02] WARN: Deprecated API usage",
          "Switched to branch 'hotfix/task-257'",
          "Artifact uploaded: dist.zip (74MB)",
          "Processing...",
          "GET /status - 201 (64ms)",
          "[12:51:02] DEBUG: Initializing service",
          "Switched to branch 'feature/task-717'",
          "Finished.",
          "[12:51:02] INFO: Starting build process",
          "POST /api - 201 (333ms)",
          "Artifact uploaded: build.tar.gz (21MB)",
          "Connection established",
          "NODE_ENV=test",
          "Cache saved successfully",
          "[12:51:02] DEBUG: Loading configuration",
          "Artifact uploaded: dist.zip (70MB)",
          "=== Step save_cache completed ==="
        ]
      },
      {
        "name": "deploy_staging",
        "status": "success",
        "started_at": "2025-11-23T12:55:40.645577",
        "finished_at": "2025-11-23T12:55:55.291650",
        "log_lines": [
          "=== Step: deploy_staging ===",
          "WARNING: axios has known vulnerabilities",
          "Switched to branch 'hotfix/task-258'",
          "Time: 7.230s",
          "Artifact downloaded: 11MB",
          "Fetching submodules...",
          "Step 20/24: Installing dependencies",
          "NODE_ENV=test",
          "Completed.",
          "[12:51:02] DEBUG: Loading configuration",
          "yarn add: Done in 25.41s",
          "Cache hit for key-3015",
          "Building Docker image...",
          "Checking out main branch",
          "Cache invalidated: dependencies",
          "yarn add: Done in 21.47s",
          "[12:51:02] WARN: Deprecated API usage",
          "Fetching submodules...",
          "pip install: Successfully installed axios-1.12",
          "[12:51:02] ERROR: Connection failed",
          "Generating source maps...",
          "POST /data - 202 (73ms)",
          "POST /data - 202 (150ms)",
          "\u2713 All checks passed",
          "Platform: win32-x64",
          "Optimizing 90 modules...",
          "Optimizing 41 modules...",
          "[12:51:02] DEBUG: Memory usage: 1110MB",
          "Step 14/24: Installing dependencies",
          "\u2713 Step 'build' succeeded",
          "Minifying vendor.js",
          "Using Python 3.10",
          "Waiting...",
          "Transforming 109 files...",
          "[12:51:02] INFO: Request completed",
          "Step 15/24: Building",
          "Already up to date.",
          "Environment: development",
          "Step 2/19: Running migrations",
          "Ran 81 tests in 18s",
          "Test Suites: 24 passed, 26 total",
          "Pushing to registry...",
          "Cache saved successfully",
          "Cache miss for key-7754",
          "Uploading artifact 'build' (12 files)",
          "[12:51:02] ERROR: Connection failed",
          "pip: Installing build dependencies...",
          "Completed.",
          "Cache invalidated: node_modules",
          "Success!",
          "[12:51:02] INFO: Starting build process",
          "Already up to date.",
          "Snapshots: 32 passed, 25 total",
          "Generating source maps...",
          "Finished.",
          "\u2713 All checks passed",
          "TLS handshake completed",
          "npm install: added 320 packages",
          "Compiling utils/handler.rs...",
          "Uploading artifact 'dist' (50 files)",
          "Checking out master branch",
          "npm notice: package.json updated",
          "Fetching from https://github.com/package.json",
          "\u26a0 DEPRECATION: Feature will be removed in v5.0",
          "Compiling utils/main.py...",
          "OK",
          "Already up to date.",
          "yarn add: Done in 18.91s",
          "Cache saved successfully",
          "\u2713 Step 'build' succeeded",
          "Artifact uploaded: build.tar.gz (31MB)",
          "Test Suites: 44 passed, 47 total",
          "Artifact uploaded: dist.zip (47MB)",
          "Connection established",
          "Bundling styles.js",
          "Artifact downloaded: 28MB",
          "GET /health - 200 (82ms)",
          "Coverage: 89% statements, 80% branches",
          "Transforming 697 files...",
          "Step 7/23: Deploying",
          "[12:51:02] DEBUG: Query executed in 2ms",
          "Tests: 74 passed, 457 total",
          "Checking out main branch",
          "Step 5/16: Testing",
          "pip: Collecting jest",
          "Pulling image: python:18",
          "Connection established",
          "npm install: added 46 packages",
          "Step 7/22: Running migrations",
          "npm install: resolved 1171 packages",
          "\u26a0 DEPRECATION: Feature will be removed in v3.0",
          "OK",
          "Installing axios@4.4.10",
          "Step 15/23: Deploying",
          "GET /api - 201 (72ms)",
          "Connection established",
          "Pushing to registry...",
          "Step 13/19: Linting",
          "Step 3/25: Deploying",
          "Switched to branch 'feature/task-696'",
          "Done.",
          "Ran 13 tests in 41s",
          "Fetching submodules...",
          "Connection established",
          "Snapshots: 8 passed, 41 total",
          "Artifact uploaded: build.tar.gz (25MB)",
          "HEAD is now at f9fff49",
          "Pushing to registry...",
          "WARNING: webpack has known vulnerabilities",
          "Switched to branch 'bugfix/task-143'",
          "npm notice: package.json updated",
          "\u26a0 DEPRECATION: Feature will be removed in v5.0",
          "Cache invalidated: node_modules",
          "\u2713 Step 'test' succeeded",
          "Installing jest@4.9.1",
          "Environment: test",
          "Layer 8/9: COPY command",
          "Installing jest@3.20.7",
          "\u2717 build failed with exit code 86",
          "Compiling lib/app.ts...",
          "WARNING: webpack has known vulnerabilities",
          "  PASS: e2e/test_user_create.spec.js",
          "Step 2/15: Installing dependencies",
          "Building Docker image...",
          "Processing...",
          "Cache hit for key-2590",
          "Creating production build...",
          "Step 5/23: Linting",
          "\u2713 All checks passed",
          "[12:51:02] INFO: Cache refreshed",
          "Artifact downloaded: 31MB",
          "Verifying...",
          "Ready.",
          "Tests: 227 passed, 294 total",
          "Switched to branch 'hotfix/task-808'",
          "\u2713 Task completed in 4688ms",
          "Compiling src/app.ts...",
          "Pulling image: node:3.11",
          "Fetching submodules...",
          "Step 15/15: Deploying",
          "Cache hit for key-9574",
          "Finished.",
          "Step 16/21: Building",
          "Step 5/16: Installing dependencies",
          "Uploading artifact 'build' (38 files)",
          "[12:51:02] INFO: Cache refreshed",
          "\u2713 build completed",
          "Generating source maps...",
          "Switched to branch 'bugfix/task-665'",
          "Minifying vendor.js",
          "Compiling utils/service.java...",
          "[12:51:02] DEBUG: Initializing service",
          "[12:51:02] INFO: Connecting to database",
          "[12:51:02] DEBUG: Initializing service",
          "Artifact downloaded: 49MB",
          "[12:51:02] INFO: Starting build process",
          "Snapshots: 48 passed, 1 total",
          "[12:51:02] DEBUG: Initializing service",
          "Checking out master branch",
          "Installing express@3.19.10",
          "[12:51:02] WARN: Deprecated API usage",
          "OK",
          "Success!",
          "Completed.",
          "Generating source maps...",
          "pip: Downloading react-2.6.tar.gz",
          "GET /health - 204 (43ms)",
          "Success!",
          "[12:51:02] INFO: Connecting to database",
          "Platform: win32-x64",
          "Ran 82 tests in 17s",
          "Platform: darwin-arm64",
          "WARNING: eslint has known vulnerabilities",
          "Transforming 220 files...",
          "Coverage: 74% statements, 81% branches",
          "Image pulled successfully",
          "[12:51:02] DEBUG: Connection pool: 18 active",
          "Using Python 3.12",
          "pip: Downloading prettier-3.18.tar.gz",
          "GET /status - 200 (41ms)",
          "[12:51:02] DEBUG: Loading configuration",
          "Cache hit for key-2930",
          "\u2713 Task completed in 1143ms",
          "Cache restored successfully (13MB)",
          "[12:51:02] DEBUG: Query executed in 58ms",
          "[12:51:02] DEBUG: Memory usage: 1738MB",
          "Installing express@1.1.4",
          "Coverage: 100% statements, 81% branches",
          "Exception: ValueError",
          "[12:51:02] DEBUG: Connection pool: 20 active",
          "Uploading artifact 'dist' (43 files)",
          "Step 13/21: Testing",
          "Compiling utils/app.ts...",
          "Pushing to registry...",
          "OK",
          "[12:51:02] DEBUG: Query executed in 29ms",
          "[12:51:02] INFO: Request completed",
          "Optimizing 63 modules...",
          "pip: Collecting express",
          "\u2713 Step 'build' succeeded",
          "Coverage: 91% statements, 85% branches",
          "=== Step deploy_staging completed ==="
        ]
      }
    ],
    "label": "normal"
  }
}