{
  "action": "completed",
  "workflow_run": {
    "id": 344,
    "name": "CI Pipeline",
    "head_branch": "main",
    "head_sha": "fad7894dc103fea1336bc427f1ef30f3f1d5fde8",
    "status": "completed",
    "conclusion": "success",
    "run_started_at": "2025-12-10T11:38:47.474166Z",
    "updated_at": "2025-12-10T11:40:43.869285Z"
  },
  "repository": {
    "full_name": "startup-io/auth-service",
    "name": "auth-service"
  },
  "sender": {
    "login": "charlie"
  },
  "_safeops_extended": {
    "raw_logs": "=== Step: checkout ===\n  PASS: test_user_create (16ms)\nInstalling jest@1.18.0\nStep 2/10: Building\n[11:38:47] INFO: Processing request\nCache hit for key-3734\n  PASS: test_user_create (112ms)\nCache hit for key-3968\n  PASS: test_cache_hit (149ms)\nInstalling jest@1.10.0\n[11:38:47] INFO: Processing request\nInstalling webpack@4.8.0\n[11:38:47] WARN: Deprecated API usage\nCompiling src/main.py...\n  PASS: test_api_health (179ms)\nCompiling src/utils.go...\n  PASS: test_api_health (387ms)\nCache hit for key-8951\n  PASS: test_cache_hit (239ms)\n\u2713 lint completed\nStep 3/10: Building\nCache hit for key-7508\nCache hit for key-6328\n[11:38:47] ERROR: Connection failed\nArtifact uploaded: build.tar.gz (25MB)\n  PASS: test_db_connect (285ms)\n\u2717 build failed with exit code 111\nInstalling axios@2.1.0\nStep 5/10: Building\nCache hit for key-3858\nArtifact uploaded: build.tar.gz (45MB)\nArtifact uploaded: build.tar.gz (12MB)\n[11:38:47] INFO: Processing request\n[11:38:47] WARN: Deprecated API usage\nCache hit for key-4259\nArtifact uploaded: build.tar.gz (49MB)\n[11:38:47] INFO: Processing request\n[11:38:47] WARN: Deprecated API usage\nInstalling eslint@2.14.0\nArtifact uploaded: build.tar.gz (46MB)\nCache hit for key-5065\n  PASS: test_auth_login (319ms)\n[11:38:47] INFO: Processing request\n[11:38:47] ERROR: Connection failed\n[11:38:47] WARN: Deprecated API usage\nWARNING: axios has known vulnerabilities\n[11:38:47] INFO: Processing request\nArtifact uploaded: build.tar.gz (39MB)\n[11:38:47] INFO: Processing request\nCompiling src/main.py...\n  PASS: test_api_health (364ms)\nStep 10/10: Building\n\u2713 build completed\nCompiling src/handler.rs...\nStep 1/10: Building\n\u2713 lint completed\nCompiling src/utils.go...\n\u2713 lint completed\n  PASS: test_api_health (386ms)\nCompiling src/main.py...\nCache hit for key-5077\nCompiling src/index.js...\n\u2713 test completed\n\u2713 test completed\nInstalling react@5.11.0\nCompiling src/handler.rs...\n\u2713 test completed\nCompiling src/main.py...\nCache hit for key-9481\nStep 2/10: Building\n[11:38:47] WARN: Deprecated API usage\n\u2713 test completed\n[11:38:47] INFO: Processing request\n=== Step checkout completed ===\n=== Step: setup_environment ===\n  PASS: test_cache_hit (318ms)\nStep 8/10: Building\n  PASS: test_cache_hit (416ms)\n  PASS: test_cache_hit (106ms)\nStep 7/10: Building\n\u2713 test completed\n\u2717 build failed with exit code 83\nCompiling src/service.java...\nCompiling src/handler.rs...\n\u2713 build completed\nCompiling src/main.py...\nWARNING: lodash has known vulnerabilities\nInstalling express@5.5.0\nCompiling src/index.js...\nCache hit for key-7365\nCompiling src/service.java...\nArtifact uploaded: build.tar.gz (24MB)\nWARNING: prettier has known vulnerabilities\nInstalling react@2.10.0\nArtifact uploaded: build.tar.gz (31MB)\nCompiling src/main.py...\n\u26a0 DEPRECATION: Feature will be removed in v4.0\n\u2713 build completed\n\u2713 build completed\nCompiling src/handler.rs...\nArtifact uploaded: build.tar.gz (23MB)\nStep 7/10: Building\n  PASS: test_auth_login (289ms)\nInstalling webpack@5.14.0\nCache hit for key-5045\nCache hit for key-4287\n\u2713 lint completed\n  PASS: test_user_create (481ms)\nStep 6/10: Building\n  PASS: test_db_connect (28ms)\n\u2713 lint completed\nArtifact uploaded: build.tar.gz (17MB)\n\u26a0 DEPRECATION: Feature will be removed in v5.0\n[11:38:47] INFO: Processing request\nInstalling react@2.20.0\nStep 10/10: Building\nInstalling jest@4.16.0\n[11:38:47] INFO: Processing request\n\u2713 build completed\nCache hit for key-5669\n[11:38:47] WARN: Deprecated API usage\nFAILED: test_user_create\nInstalling lodash@4.20.0\nArtifact uploaded: build.tar.gz (12MB)\n  PASS: test_auth_login (498ms)\n[11:38:47] INFO: Processing request\nArtifact uploaded: build.tar.gz (4MB)\nCache hit for key-8975\nCache hit for key-9737\nInstalling axios@5.10.0\n  PASS: test_auth_login (283ms)\nArtifact uploaded: build.tar.gz (47MB)\n\u2713 lint completed\nInstalling react@3.17.0\nInstalling express@2.1.0\nInstalling eslint@5.17.0\nInstalling prettier@4.19.0\nArtifact uploaded: build.tar.gz (38MB)\n  PASS: test_auth_login (481ms)\nInstalling express@4.19.0\n[11:38:47] ERROR: Connection failed\n  PASS: test_db_connect (418ms)\n[11:38:47] INFO: Processing request\nArtifact uploaded: build.tar.gz (5MB)\nCompiling src/app.ts...\n  PASS: test_db_connect (309ms)\n\u2713 build completed\n=== Step setup_environment completed ===\n=== Step: install_dependencies ===\n  PASS: test_cache_hit (362ms)\nCompiling src/utils.go...\nInstalling axios@5.14.0\nArtifact uploaded: build.tar.gz (2MB)\nStep 9/10: Building\n[11:38:47] INFO: Processing request\nCompiling src/index.js...\nStep 4/10: Building\nStep 7/10: Building\nCompiling src/app.ts...\n[11:38:47] WARN: Deprecated API usage\n[11:38:47] INFO: Processing request\nCache hit for key-2918\n  PASS: test_db_connect (316ms)\n  PASS: test_db_connect (232ms)\n[11:38:47] INFO: Processing request\nArtifact uploaded: build.tar.gz (8MB)\nCache hit for key-3672\nStep 7/10: Building\nCache hit for key-7919\n\u2713 test completed\nCache hit for key-1249\nCompiling src/service.java...\nArtifact uploaded: build.tar.gz (7MB)\n\u2713 build completed\n[11:38:47] ERROR: Connection failed\nStep 9/10: Building\nStep 10/10: Building\n[11:38:47] INFO: Processing request\nCache hit for key-3553\nCompiling src/service.java...\nCompiling src/utils.go...\nArtifact uploaded: build.tar.gz (34MB)\nCompiling src/handler.rs...\n  PASS: test_api_health (196ms)\n[11:38:47] INFO: Processing request\nCache hit for key-5148\nArtifact uploaded: build.tar.gz (15MB)\n\u2713 lint completed\n[11:38:47] INFO: Processing request\nInstalling express@4.13.0\nCompiling src/handler.rs...\nWARNING: express has known vulnerabilities\n[11:38:47] INFO: Processing request\nCache hit for key-3209\nStep 4/10: Building\nArtifact uploaded: build.tar.gz (5MB)\n\u2713 lint completed\nInstalling prettier@4.12.0\nCache hit for key-8542\n[11:38:47] INFO: Processing request\n[11:38:47] WARN: Deprecated API usage\n\u26a0 DEPRECATION: Feature will be removed in v5.0\nInstalling react@4.0.0\n  PASS: test_auth_login (374ms)\n  PASS: test_cache_hit (287ms)\n[11:38:47] INFO: Processing request\nStep 10/10: Building\n\u2713 build completed\n  PASS: test_cache_hit (18ms)\nCompiling src/main.py...\nCompiling src/utils.go...\nArtifact uploaded: build.tar.gz (8MB)\nArtifact uploaded: build.tar.gz (6MB)\nCompiling src/index.js...\n  PASS: test_cache_hit (208ms)\nInstalling prettier@1.14.0\n  PASS: test_api_health (14ms)\nCache hit for key-9643\nCompiling src/service.java...\nStep 3/10: Building\n\u26a0 DEPRECATION: Feature will be removed in v3.0\n=== Step install_dependencies completed ===\n=== Step: run_tests ===\nArtifact uploaded: build.tar.gz (13MB)\nCompiling src/service.java...\n  PASS: test_auth_login (120ms)\n\u2713 build completed\nStep 10/10: Building\nCompiling src/service.java...\n[11:38:47] INFO: Processing request\nStep 2/10: Building\nArtifact uploaded: build.tar.gz (17MB)\n\u2713 test completed\n[11:38:47] INFO: Processing request\nArtifact uploaded: build.tar.gz (38MB)\n  PASS: test_auth_login (361ms)\nArtifact uploaded: build.tar.gz (48MB)\nInstalling eslint@2.2.0\n[11:38:47] INFO: Processing request\n\u2713 lint completed\nArtifact uploaded: build.tar.gz (25MB)\nStep 6/10: Building\n\u2713 build completed\nFAILED: test_user_create\nCache hit for key-1051\nInstalling jest@2.0.0\n\u2713 build completed\nInstalling webpack@1.20.0\n  PASS: test_cache_hit (234ms)\n[11:38:47] INFO: Processing request\nStep 2/10: Building\nCompiling src/service.java...\n  PASS: test_api_health (298ms)\nStep 5/10: Building\n\u2717 build failed with exit code 57\n\u26a0 DEPRECATION: Feature will be removed in v4.0\nCompiling src/handler.rs...\nCache hit for key-7985\n[11:38:47] INFO: Processing request\nInstalling react@2.13.0\n[11:38:47] INFO: Processing request\nStep 7/10: Building\nCompiling src/main.py...\nArtifact uploaded: build.tar.gz (18MB)\n\u2713 build completed\nArtifact uploaded: build.tar.gz (33MB)\nStep 10/10: Building\nArtifact uploaded: build.tar.gz (20MB)\nInstalling lodash@4.13.0\n  PASS: test_api_health (398ms)\n\u2713 lint completed\n[11:38:47] INFO: Processing request\n\u2713 test completed\n\u2713 lint completed\nCache hit for key-2612\nInstalling prettier@3.17.0\nFAILED: test_api_health\n  PASS: test_db_connect (237ms)\nInstalling express@5.14.0\n  PASS: test_auth_login (337ms)\nArtifact uploaded: build.tar.gz (27MB)\nInstalling prettier@5.14.0\nCache hit for key-8057\nStep 2/10: Building\nCompiling src/main.py...\nArtifact uploaded: build.tar.gz (8MB)\nCache hit for key-2560\n[11:38:47] INFO: Processing request\nInstalling prettier@1.3.0\n  PASS: test_cache_hit (265ms)\n\u2713 build completed\nStep 7/10: Building\nCache hit for key-2288\nInstalling lodash@2.5.0\n  PASS: test_db_connect (207ms)\n=== Step run_tests completed ===\n=== Step: build_artifact ===\n\u26a0 DEPRECATION: Feature will be removed in v5.0\nCache hit for key-3526\nException: TypeError\nCompiling src/service.java...\n\u2713 test completed\nCache hit for key-3754\nArtifact uploaded: build.tar.gz (47MB)\nCompiling src/main.py...\nCache hit for key-6109\nInstalling jest@4.3.0\nInstalling express@5.4.0\nStep 10/10: Building\n  PASS: test_api_health (67ms)\nArtifact uploaded: build.tar.gz (25MB)\n  PASS: test_api_health (7ms)\nCache hit for key-7063\nInstalling lodash@5.18.0\nCompiling src/main.py...\nArtifact uploaded: build.tar.gz (35MB)\nCache hit for key-1005\nArtifact uploaded: build.tar.gz (32MB)\n[11:38:47] INFO: Processing request\n  PASS: test_db_connect (164ms)\nCompiling src/utils.go...\n[11:38:47] WARN: Deprecated API usage\nCompiling src/utils.go...\nFAILED: test_user_create\n\u2713 build completed\n  PASS: test_db_connect (288ms)\nStep 4/10: Building\nInstalling axios@5.20.0\nCompiling src/main.py...\n  PASS: test_auth_login (150ms)\n\u2713 test completed\nCache hit for key-4290\n  PASS: test_cache_hit (477ms)\nCompiling src/utils.go...\n[11:38:47] WARN: Deprecated API usage\n  PASS: test_auth_login (278ms)\nCompiling src/index.js...\n[11:38:47] INFO: Processing request\nCache hit for key-9979\n[11:38:47] WARN: Deprecated API usage\n  PASS: test_db_connect (237ms)\nCache hit for key-1495\nStep 5/10: Building\nCompiling src/app.ts...\nCache hit for key-9746\n\u2713 lint completed\nArtifact uploaded: build.tar.gz (40MB)\nStep 8/10: Building\n\u2713 lint completed\nCache hit for key-6427\nCache hit for key-9878\n\u2713 lint completed\nCompiling src/utils.go...\nWARNING: lodash has known vulnerabilities\n\u2713 test completed\n\u2713 lint completed\n\u2713 lint completed\nCache hit for key-8218\n\u2713 lint completed\nCache hit for key-6285\n[11:38:47] WARN: Deprecated API usage\n[11:38:47] INFO: Processing request\n\u2713 test completed\n\u26a0 DEPRECATION: Feature will be removed in v3.0\nInstalling axios@4.20.0\nArtifact uploaded: build.tar.gz (22MB)\n\u2713 lint completed\nCompiling src/handler.rs...\n[11:38:47] WARN: Deprecated API usage\n=== Step build_artifact completed ===\n=== Step: deploy ===\nInstalling lodash@4.4.0\n\u2713 build completed\n  PASS: test_auth_login (11ms)\nStep 9/10: Building\n[11:38:47] INFO: Processing request\nCompiling src/main.py...\n[11:38:47] INFO: Processing request\nInstalling jest@1.8.0\n  PASS: test_auth_login (154ms)\n\u26a0 DEPRECATION: Feature will be removed in v5.0\nArtifact uploaded: build.tar.gz (32MB)\n\u2717 build failed with exit code 84\nCompiling src/main.py...\n\u2713 lint completed\nStep 4/10: Building\n  PASS: test_api_health (200ms)\n  PASS: test_db_connect (253ms)\n  PASS: test_cache_hit (62ms)\nStep 6/10: Building\nCache hit for key-4094\nInstalling eslint@5.7.0\nCache hit for key-4785\n\u2713 lint completed\nStep 8/10: Building\nStep 3/10: Building\nCache hit for key-6800\nCompiling src/service.java...\nCache hit for key-3089\n\u2713 build completed\n\u2713 build completed\nStep 7/10: Building\n  PASS: test_db_connect (27ms)\nCache hit for key-2751\nCompiling src/index.js...\nCache hit for key-2053\nCompiling src/handler.rs...\n[11:38:47] INFO: Processing request\nCache hit for key-7843\nCache hit for key-9481\n\u2713 lint completed\nStep 4/10: Building\nCompiling src/index.js...\nInstalling axios@1.17.0\n\u2713 build completed\nCache hit for key-9819\nStep 3/10: Building\nCache hit for key-7309\nStep 6/10: Building\nWARNING: axios has known vulnerabilities\n  PASS: test_db_connect (58ms)\nStep 1/10: Building\nArtifact uploaded: build.tar.gz (5MB)\nCache hit for key-4284\n\u26a0 DEPRECATION: Feature will be removed in v5.0\n[11:38:47] INFO: Processing request\n  PASS: test_api_health (195ms)\nCompiling src/service.java...\n\u2713 test completed\nCache hit for key-6149\n  PASS: test_db_connect (414ms)\nCache hit for key-7469\n\u2713 build completed\nCache hit for key-9112\nCache hit for key-2469\nStep 3/10: Building\nCache hit for key-3920\nCompiling src/main.py...\nWARNING: express has known vulnerabilities\nCache hit for key-1457\nInstalling prettier@3.12.0\n  PASS: test_user_create (422ms)\nArtifact uploaded: build.tar.gz (40MB)\n=== Step deploy completed ===",
    "steps": [
      {
        "name": "checkout",
        "status": "success",
        "started_at": "2025-12-10T11:38:47.474166",
        "finished_at": "2025-12-10T11:38:53.293922",
        "log_lines": [
          "=== Step: checkout ===",
          "  PASS: test_user_create (16ms)",
          "Installing jest@1.18.0",
          "Step 2/10: Building",
          "[11:38:47] INFO: Processing request",
          "Cache hit for key-3734",
          "  PASS: test_user_create (112ms)",
          "Cache hit for key-3968",
          "  PASS: test_cache_hit (149ms)",
          "Installing jest@1.10.0",
          "[11:38:47] INFO: Processing request",
          "Installing webpack@4.8.0",
          "[11:38:47] WARN: Deprecated API usage",
          "Compiling src/main.py...",
          "  PASS: test_api_health (179ms)",
          "Compiling src/utils.go...",
          "  PASS: test_api_health (387ms)",
          "Cache hit for key-8951",
          "  PASS: test_cache_hit (239ms)",
          "\u2713 lint completed",
          "Step 3/10: Building",
          "Cache hit for key-7508",
          "Cache hit for key-6328",
          "[11:38:47] ERROR: Connection failed",
          "Artifact uploaded: build.tar.gz (25MB)",
          "  PASS: test_db_connect (285ms)",
          "\u2717 build failed with exit code 111",
          "Installing axios@2.1.0",
          "Step 5/10: Building",
          "Cache hit for key-3858",
          "Artifact uploaded: build.tar.gz (45MB)",
          "Artifact uploaded: build.tar.gz (12MB)",
          "[11:38:47] INFO: Processing request",
          "[11:38:47] WARN: Deprecated API usage",
          "Cache hit for key-4259",
          "Artifact uploaded: build.tar.gz (49MB)",
          "[11:38:47] INFO: Processing request",
          "[11:38:47] WARN: Deprecated API usage",
          "Installing eslint@2.14.0",
          "Artifact uploaded: build.tar.gz (46MB)",
          "Cache hit for key-5065",
          "  PASS: test_auth_login (319ms)",
          "[11:38:47] INFO: Processing request",
          "[11:38:47] ERROR: Connection failed",
          "[11:38:47] WARN: Deprecated API usage",
          "WARNING: axios has known vulnerabilities",
          "[11:38:47] INFO: Processing request",
          "Artifact uploaded: build.tar.gz (39MB)",
          "[11:38:47] INFO: Processing request",
          "Compiling src/main.py...",
          "  PASS: test_api_health (364ms)",
          "Step 10/10: Building",
          "\u2713 build completed",
          "Compiling src/handler.rs...",
          "Step 1/10: Building",
          "\u2713 lint completed",
          "Compiling src/utils.go...",
          "\u2713 lint completed",
          "  PASS: test_api_health (386ms)",
          "Compiling src/main.py...",
          "Cache hit for key-5077",
          "Compiling src/index.js...",
          "\u2713 test completed",
          "\u2713 test completed",
          "Installing react@5.11.0",
          "Compiling src/handler.rs...",
          "\u2713 test completed",
          "Compiling src/main.py...",
          "Cache hit for key-9481",
          "Step 2/10: Building",
          "[11:38:47] WARN: Deprecated API usage",
          "\u2713 test completed",
          "[11:38:47] INFO: Processing request",
          "=== Step checkout completed ==="
        ]
      },
      {
        "name": "setup_environment",
        "status": "success",
        "started_at": "2025-12-10T11:38:53.293922",
        "finished_at": "2025-12-10T11:39:04.933434",
        "log_lines": [
          "=== Step: setup_environment ===",
          "  PASS: test_cache_hit (318ms)",
          "Step 8/10: Building",
          "  PASS: test_cache_hit (416ms)",
          "  PASS: test_cache_hit (106ms)",
          "Step 7/10: Building",
          "\u2713 test completed",
          "\u2717 build failed with exit code 83",
          "Compiling src/service.java...",
          "Compiling src/handler.rs...",
          "\u2713 build completed",
          "Compiling src/main.py...",
          "WARNING: lodash has known vulnerabilities",
          "Installing express@5.5.0",
          "Compiling src/index.js...",
          "Cache hit for key-7365",
          "Compiling src/service.java...",
          "Artifact uploaded: build.tar.gz (24MB)",
          "WARNING: prettier has known vulnerabilities",
          "Installing react@2.10.0",
          "Artifact uploaded: build.tar.gz (31MB)",
          "Compiling src/main.py...",
          "\u26a0 DEPRECATION: Feature will be removed in v4.0",
          "\u2713 build completed",
          "\u2713 build completed",
          "Compiling src/handler.rs...",
          "Artifact uploaded: build.tar.gz (23MB)",
          "Step 7/10: Building",
          "  PASS: test_auth_login (289ms)",
          "Installing webpack@5.14.0",
          "Cache hit for key-5045",
          "Cache hit for key-4287",
          "\u2713 lint completed",
          "  PASS: test_user_create (481ms)",
          "Step 6/10: Building",
          "  PASS: test_db_connect (28ms)",
          "\u2713 lint completed",
          "Artifact uploaded: build.tar.gz (17MB)",
          "\u26a0 DEPRECATION: Feature will be removed in v5.0",
          "[11:38:47] INFO: Processing request",
          "Installing react@2.20.0",
          "Step 10/10: Building",
          "Installing jest@4.16.0",
          "[11:38:47] INFO: Processing request",
          "\u2713 build completed",
          "Cache hit for key-5669",
          "[11:38:47] WARN: Deprecated API usage",
          "FAILED: test_user_create",
          "Installing lodash@4.20.0",
          "Artifact uploaded: build.tar.gz (12MB)",
          "  PASS: test_auth_login (498ms)",
          "[11:38:47] INFO: Processing request",
          "Artifact uploaded: build.tar.gz (4MB)",
          "Cache hit for key-8975",
          "Cache hit for key-9737",
          "Installing axios@5.10.0",
          "  PASS: test_auth_login (283ms)",
          "Artifact uploaded: build.tar.gz (47MB)",
          "\u2713 lint completed",
          "Installing react@3.17.0",
          "Installing express@2.1.0",
          "Installing eslint@5.17.0",
          "Installing prettier@4.19.0",
          "Artifact uploaded: build.tar.gz (38MB)",
          "  PASS: test_auth_login (481ms)",
          "Installing express@4.19.0",
          "[11:38:47] ERROR: Connection failed",
          "  PASS: test_db_connect (418ms)",
          "[11:38:47] INFO: Processing request",
          "Artifact uploaded: build.tar.gz (5MB)",
          "Compiling src/app.ts...",
          "  PASS: test_db_connect (309ms)",
          "\u2713 build completed",
          "=== Step setup_environment completed ==="
        ]
      },
      {
        "name": "install_dependencies",
        "status": "success",
        "started_at": "2025-12-10T11:39:04.933434",
        "finished_at": "2025-12-10T11:39:28.212458",
        "log_lines": [
          "=== Step: install_dependencies ===",
          "  PASS: test_cache_hit (362ms)",
          "Compiling src/utils.go...",
          "Installing axios@5.14.0",
          "Artifact uploaded: build.tar.gz (2MB)",
          "Step 9/10: Building",
          "[11:38:47] INFO: Processing request",
          "Compiling src/index.js...",
          "Step 4/10: Building",
          "Step 7/10: Building",
          "Compiling src/app.ts...",
          "[11:38:47] WARN: Deprecated API usage",
          "[11:38:47] INFO: Processing request",
          "Cache hit for key-2918",
          "  PASS: test_db_connect (316ms)",
          "  PASS: test_db_connect (232ms)",
          "[11:38:47] INFO: Processing request",
          "Artifact uploaded: build.tar.gz (8MB)",
          "Cache hit for key-3672",
          "Step 7/10: Building",
          "Cache hit for key-7919",
          "\u2713 test completed",
          "Cache hit for key-1249",
          "Compiling src/service.java...",
          "Artifact uploaded: build.tar.gz (7MB)",
          "\u2713 build completed",
          "[11:38:47] ERROR: Connection failed",
          "Step 9/10: Building",
          "Step 10/10: Building",
          "[11:38:47] INFO: Processing request",
          "Cache hit for key-3553",
          "Compiling src/service.java...",
          "Compiling src/utils.go...",
          "Artifact uploaded: build.tar.gz (34MB)",
          "Compiling src/handler.rs...",
          "  PASS: test_api_health (196ms)",
          "[11:38:47] INFO: Processing request",
          "Cache hit for key-5148",
          "Artifact uploaded: build.tar.gz (15MB)",
          "\u2713 lint completed",
          "[11:38:47] INFO: Processing request",
          "Installing express@4.13.0",
          "Compiling src/handler.rs...",
          "WARNING: express has known vulnerabilities",
          "[11:38:47] INFO: Processing request",
          "Cache hit for key-3209",
          "Step 4/10: Building",
          "Artifact uploaded: build.tar.gz (5MB)",
          "\u2713 lint completed",
          "Installing prettier@4.12.0",
          "Cache hit for key-8542",
          "[11:38:47] INFO: Processing request",
          "[11:38:47] WARN: Deprecated API usage",
          "\u26a0 DEPRECATION: Feature will be removed in v5.0",
          "Installing react@4.0.0",
          "  PASS: test_auth_login (374ms)",
          "  PASS: test_cache_hit (287ms)",
          "[11:38:47] INFO: Processing request",
          "Step 10/10: Building",
          "\u2713 build completed",
          "  PASS: test_cache_hit (18ms)",
          "Compiling src/main.py...",
          "Compiling src/utils.go...",
          "Artifact uploaded: build.tar.gz (8MB)",
          "Artifact uploaded: build.tar.gz (6MB)",
          "Compiling src/index.js...",
          "  PASS: test_cache_hit (208ms)",
          "Installing prettier@1.14.0",
          "  PASS: test_api_health (14ms)",
          "Cache hit for key-9643",
          "Compiling src/service.java...",
          "Step 3/10: Building",
          "\u26a0 DEPRECATION: Feature will be removed in v3.0",
          "=== Step install_dependencies completed ==="
        ]
      },
      {
        "name": "run_tests",
        "status": "success",
        "started_at": "2025-12-10T11:39:28.212458",
        "finished_at": "2025-12-10T11:40:08.950750",
        "log_lines": [
          "=== Step: run_tests ===",
          "Artifact uploaded: build.tar.gz (13MB)",
          "Compiling src/service.java...",
          "  PASS: test_auth_login (120ms)",
          "\u2713 build completed",
          "Step 10/10: Building",
          "Compiling src/service.java...",
          "[11:38:47] INFO: Processing request",
          "Step 2/10: Building",
          "Artifact uploaded: build.tar.gz (17MB)",
          "\u2713 test completed",
          "[11:38:47] INFO: Processing request",
          "Artifact uploaded: build.tar.gz (38MB)",
          "  PASS: test_auth_login (361ms)",
          "Artifact uploaded: build.tar.gz (48MB)",
          "Installing eslint@2.2.0",
          "[11:38:47] INFO: Processing request",
          "\u2713 lint completed",
          "Artifact uploaded: build.tar.gz (25MB)",
          "Step 6/10: Building",
          "\u2713 build completed",
          "FAILED: test_user_create",
          "Cache hit for key-1051",
          "Installing jest@2.0.0",
          "\u2713 build completed",
          "Installing webpack@1.20.0",
          "  PASS: test_cache_hit (234ms)",
          "[11:38:47] INFO: Processing request",
          "Step 2/10: Building",
          "Compiling src/service.java...",
          "  PASS: test_api_health (298ms)",
          "Step 5/10: Building",
          "\u2717 build failed with exit code 57",
          "\u26a0 DEPRECATION: Feature will be removed in v4.0",
          "Compiling src/handler.rs...",
          "Cache hit for key-7985",
          "[11:38:47] INFO: Processing request",
          "Installing react@2.13.0",
          "[11:38:47] INFO: Processing request",
          "Step 7/10: Building",
          "Compiling src/main.py...",
          "Artifact uploaded: build.tar.gz (18MB)",
          "\u2713 build completed",
          "Artifact uploaded: build.tar.gz (33MB)",
          "Step 10/10: Building",
          "Artifact uploaded: build.tar.gz (20MB)",
          "Installing lodash@4.13.0",
          "  PASS: test_api_health (398ms)",
          "\u2713 lint completed",
          "[11:38:47] INFO: Processing request",
          "\u2713 test completed",
          "\u2713 lint completed",
          "Cache hit for key-2612",
          "Installing prettier@3.17.0",
          "FAILED: test_api_health",
          "  PASS: test_db_connect (237ms)",
          "Installing express@5.14.0",
          "  PASS: test_auth_login (337ms)",
          "Artifact uploaded: build.tar.gz (27MB)",
          "Installing prettier@5.14.0",
          "Cache hit for key-8057",
          "Step 2/10: Building",
          "Compiling src/main.py...",
          "Artifact uploaded: build.tar.gz (8MB)",
          "Cache hit for key-2560",
          "[11:38:47] INFO: Processing request",
          "Installing prettier@1.3.0",
          "  PASS: test_cache_hit (265ms)",
          "\u2713 build completed",
          "Step 7/10: Building",
          "Cache hit for key-2288",
          "Installing lodash@2.5.0",
          "  PASS: test_db_connect (207ms)",
          "=== Step run_tests completed ==="
        ]
      },
      {
        "name": "build_artifact",
        "status": "success",
        "started_at": "2025-12-10T11:40:08.950750",
        "finished_at": "2025-12-10T11:40:32.229774",
        "log_lines": [
          "=== Step: build_artifact ===",
          "\u26a0 DEPRECATION: Feature will be removed in v5.0",
          "Cache hit for key-3526",
          "Exception: TypeError",
          "Compiling src/service.java...",
          "\u2713 test completed",
          "Cache hit for key-3754",
          "Artifact uploaded: build.tar.gz (47MB)",
          "Compiling src/main.py...",
          "Cache hit for key-6109",
          "Installing jest@4.3.0",
          "Installing express@5.4.0",
          "Step 10/10: Building",
          "  PASS: test_api_health (67ms)",
          "Artifact uploaded: build.tar.gz (25MB)",
          "  PASS: test_api_health (7ms)",
          "Cache hit for key-7063",
          "Installing lodash@5.18.0",
          "Compiling src/main.py...",
          "Artifact uploaded: build.tar.gz (35MB)",
          "Cache hit for key-1005",
          "Artifact uploaded: build.tar.gz (32MB)",
          "[11:38:47] INFO: Processing request",
          "  PASS: test_db_connect (164ms)",
          "Compiling src/utils.go...",
          "[11:38:47] WARN: Deprecated API usage",
          "Compiling src/utils.go...",
          "FAILED: test_user_create",
          "\u2713 build completed",
          "  PASS: test_db_connect (288ms)",
          "Step 4/10: Building",
          "Installing axios@5.20.0",
          "Compiling src/main.py...",
          "  PASS: test_auth_login (150ms)",
          "\u2713 test completed",
          "Cache hit for key-4290",
          "  PASS: test_cache_hit (477ms)",
          "Compiling src/utils.go...",
          "[11:38:47] WARN: Deprecated API usage",
          "  PASS: test_auth_login (278ms)",
          "Compiling src/index.js...",
          "[11:38:47] INFO: Processing request",
          "Cache hit for key-9979",
          "[11:38:47] WARN: Deprecated API usage",
          "  PASS: test_db_connect (237ms)",
          "Cache hit for key-1495",
          "Step 5/10: Building",
          "Compiling src/app.ts...",
          "Cache hit for key-9746",
          "\u2713 lint completed",
          "Artifact uploaded: build.tar.gz (40MB)",
          "Step 8/10: Building",
          "\u2713 lint completed",
          "Cache hit for key-6427",
          "Cache hit for key-9878",
          "\u2713 lint completed",
          "Compiling src/utils.go...",
          "WARNING: lodash has known vulnerabilities",
          "\u2713 test completed",
          "\u2713 lint completed",
          "\u2713 lint completed",
          "Cache hit for key-8218",
          "\u2713 lint completed",
          "Cache hit for key-6285",
          "[11:38:47] WARN: Deprecated API usage",
          "[11:38:47] INFO: Processing request",
          "\u2713 test completed",
          "\u26a0 DEPRECATION: Feature will be removed in v3.0",
          "Installing axios@4.20.0",
          "Artifact uploaded: build.tar.gz (22MB)",
          "\u2713 lint completed",
          "Compiling src/handler.rs...",
          "[11:38:47] WARN: Deprecated API usage",
          "=== Step build_artifact completed ==="
        ]
      },
      {
        "name": "deploy",
        "status": "success",
        "started_at": "2025-12-10T11:40:32.229774",
        "finished_at": "2025-12-10T11:40:43.869286",
        "log_lines": [
          "=== Step: deploy ===",
          "Installing lodash@4.4.0",
          "\u2713 build completed",
          "  PASS: test_auth_login (11ms)",
          "Step 9/10: Building",
          "[11:38:47] INFO: Processing request",
          "Compiling src/main.py...",
          "[11:38:47] INFO: Processing request",
          "Installing jest@1.8.0",
          "  PASS: test_auth_login (154ms)",
          "\u26a0 DEPRECATION: Feature will be removed in v5.0",
          "Artifact uploaded: build.tar.gz (32MB)",
          "\u2717 build failed with exit code 84",
          "Compiling src/main.py...",
          "\u2713 lint completed",
          "Step 4/10: Building",
          "  PASS: test_api_health (200ms)",
          "  PASS: test_db_connect (253ms)",
          "  PASS: test_cache_hit (62ms)",
          "Step 6/10: Building",
          "Cache hit for key-4094",
          "Installing eslint@5.7.0",
          "Cache hit for key-4785",
          "\u2713 lint completed",
          "Step 8/10: Building",
          "Step 3/10: Building",
          "Cache hit for key-6800",
          "Compiling src/service.java...",
          "Cache hit for key-3089",
          "\u2713 build completed",
          "\u2713 build completed",
          "Step 7/10: Building",
          "  PASS: test_db_connect (27ms)",
          "Cache hit for key-2751",
          "Compiling src/index.js...",
          "Cache hit for key-2053",
          "Compiling src/handler.rs...",
          "[11:38:47] INFO: Processing request",
          "Cache hit for key-7843",
          "Cache hit for key-9481",
          "\u2713 lint completed",
          "Step 4/10: Building",
          "Compiling src/index.js...",
          "Installing axios@1.17.0",
          "\u2713 build completed",
          "Cache hit for key-9819",
          "Step 3/10: Building",
          "Cache hit for key-7309",
          "Step 6/10: Building",
          "WARNING: axios has known vulnerabilities",
          "  PASS: test_db_connect (58ms)",
          "Step 1/10: Building",
          "Artifact uploaded: build.tar.gz (5MB)",
          "Cache hit for key-4284",
          "\u26a0 DEPRECATION: Feature will be removed in v5.0",
          "[11:38:47] INFO: Processing request",
          "  PASS: test_api_health (195ms)",
          "Compiling src/service.java...",
          "\u2713 test completed",
          "Cache hit for key-6149",
          "  PASS: test_db_connect (414ms)",
          "Cache hit for key-7469",
          "\u2713 build completed",
          "Cache hit for key-9112",
          "Cache hit for key-2469",
          "Step 3/10: Building",
          "Cache hit for key-3920",
          "Compiling src/main.py...",
          "WARNING: express has known vulnerabilities",
          "Cache hit for key-1457",
          "Installing prettier@3.12.0",
          "  PASS: test_user_create (422ms)",
          "Artifact uploaded: build.tar.gz (40MB)",
          "=== Step deploy completed ==="
        ]
      }
    ],
    "label": "normal"
  }
}